0.9477 +- -1.00 (1)
0.9678 +- -1.00 (1)
0.9236 +- -1.00 (1)
0.9340 +- -1.00 (1)
0.9514 +- -1.00 (1)
0.9561 +- -1.00 (1)
0.9631 +- -1.00 (1)
0.9802 +- -1.00 (1)
0.9383 +- -1.00 (1)
0.9518 +- -1.00 (1)
0.9381 +- -1.00 (1)
0.9493 +- -1.00 (1)
0.9792 +- -1.00 (1)
0.9571 +- -1.00 (1)
0.9659 +- -1.00 (1)
0.9563 +- -1.00 (1)
0.9797 +- -1.00 (1)
0.9116 +- -1.00 (1)
0.9550 +- -1.00 (1)
0.9574 +- -1.00 (1)
0.9627 +- -1.00 (1)
0.9609 +- -1.00 (1)
0.9606 +- -1.00 (1)
0.9570 +- -1.00 (1)
0.9649 +- -1.00 (1)
0.9737 +- -1.00 (1)
0.9665 +- -1.00 (1)
0.9623 +- -1.00 (1)
0.9688 +- -1.00 (1)
0.9759 +- -1.00 (1)
0.9640 +- -1.00 (1)
0.9560 +- -1.00 (1)
0.9703 +- -1.00 (1)
0.9586 +- -1.00 (1)
0.9725 +- -1.00 (1)
0.9669 +- -1.00 (1)
0.9772 +- -1.00 (1)
0.9480 +- -1.00 (1)
0.9613 +- -1.00 (1)
0.9607 +- -1.00 (1)
0.9599 +- -1.00 (1)
0.9717 +- -1.00 (1)
0.9607 +- -1.00 (1)
0.9661 +- -1.00 (1)
0.9670 +- -1.00 (1)
0.9651 +- -1.00 (1)
0.9651 +- -1.00 (1)
0.9550 +- -1.00 (1)
0.9658 +- -1.00 (1)
0.9630 +- -1.00 (1)
0.9592 +- -1.00 (1)
0.9568 +- -1.00 (1)
0.9753 +- -1.00 (1)
0.9673 +- -1.00 (1)
0.9674 +- -1.00 (1)
0.9657 +- -1.00 (1)
0.9502 +- -1.00 (1)
0.9520 +- -1.00 (1)
0.9720 +- -1.00 (1)
0.9703 +- -1.00 (1)
0.9613 +- -1.00 (1)
0.9700 +- -1.00 (1)
0.9646 +- -1.00 (1)
0.9710 +- -1.00 (1)
0.9655 +- -1.00 (1)
0.9654 +- -1.00 (1)
0.9684 +- -1.00 (1)
0.9567 +- -1.00 (1)
0.9653 +- -1.00 (1)
0.9638 +- -1.00 (1)
0.9593 +- -1.00 (1)
0.9644 +- -1.00 (1)
0.9731 +- -1.00 (1)
0.9673 +- -1.00 (1)
0.9697 +- -1.00 (1)
0.9630 +- -1.00 (1)
0.9575 +- -1.00 (1)
0.9504 +- -1.00 (1)
0.9713 +- -1.00 (1)
0.9673 +- -1.00 (1)
0.9592 +- -1.00 (1)
0.9613 +- -1.00 (1)
0.9578 +- -1.00 (1)
0.9660 +- -1.00 (1)
0.9627 +- -1.00 (1)
0.9672 +- -1.00 (1)
0.9647 +- -1.00 (1)
0.9596 +- -1.00 (1)
0.9653 +- -1.00 (1)
0.9627 +- -1.00 (1)
0.9661 +- -1.00 (1)
0.9610 +- -1.00 (1)
0.9705 +- -1.00 (1)
0.9631 +- -1.00 (1)
0.9603 +- -1.00 (1)
0.9673 +- -1.00 (1)
0.9651 +- -1.00 (1)
0.9497 +- -1.00 (1)
0.9702 +- -1.00 (1)
0.9642 +- -1.00 (1)
0.9709 +- -1.00 (1)
0.9677 +- -1.00 (1)
0.9629 +- -1.00 (1)
0.9720 +- -1.00 (1)
0.9641 +- -1.00 (1)
0.9654 +- -1.00 (1)
0.9570 +- -1.00 (1)
0.9537 +- -1.00 (1)
0.9599 +- -1.00 (1)
0.9618 +- -1.00 (1)
0.9640 +- -1.00 (1)
0.9678 +- -1.00 (1)
0.9711 +- -1.00 (1)
0.9735 +- -1.00 (1)
0.9649 +- -1.00 (1)
0.9614 +- -1.00 (1)
0.9621 +- -1.00 (1)
0.9576 +- -1.00 (1)
0.9636 +- -1.00 (1)
0.9680 +- -1.00 (1)
0.9606 +- -1.00 (1)
0.9566 +- -1.00 (1)
0.9605 +- -1.00 (1)
0.9686 +- -1.00 (1)
0.9578 +- -1.00 (1)
0.9665 +- -1.00 (1)
0.9593 +- -1.00 (1)
0.9625 +- -1.00 (1)
0.9630 +- -1.00 (1)
0.9646 +- -1.00 (1)
0.9638 +- -1.00 (1)
0.9653 +- -1.00 (1)
0.9627 +- -1.00 (1)
0.9670 +- -1.00 (1)
0.9615 +- -1.00 (1)
0.9593 +- -1.00 (1)
0.9607 +- -1.00 (1)
0.9605 +- -1.00 (1)
0.9634 +- -1.00 (1)
0.9612 +- -1.00 (1)
0.9548 +- -1.00 (1)
0.9626 +- -1.00 (1)
0.9489 +- -1.00 (1)
0.9547 +- -1.00 (1)
0.9571 +- -1.00 (1)
0.9564 +- -1.00 (1)
0.9511 +- -1.00 (1)
0.9528 +- -1.00 (1)
0.9521 +- -1.00 (1)
0.9570 +- -1.00 (1)
0.9554 +- -1.00 (1)
0.9588 +- -1.00 (1)
0.9530 +- -1.00 (1)
0.9562 +- -1.00 (1)
0.9545 +- -1.00 (1)
0.9568 +- -1.00 (1)
0.9487 +- -1.00 (1)
0.9621 +- -1.00 (1)
0.9541 +- -1.00 (1)
0.9558 +- -1.00 (1)
0.9568 +- -1.00 (1)
0.9599 +- -1.00 (1)
0.9570 +- -1.00 (1)
0.9540 +- -1.00 (1)
0.9547 +- -1.00 (1)
0.9566 +- -1.00 (1)
0.9559 +- -1.00 (1)
0.9570 +- -1.00 (1)
0.9453 +- -1.00 (1)
0.9565 +- -1.00 (1)
0.9585 +- -1.00 (1)
0.9483 +- -1.00 (1)
0.9555 +- -1.00 (1)
0.9547 +- -1.00 (1)
0.9519 +- -1.00 (1)
0.9543 +- -1.00 (1)
0.9575 +- -1.00 (1)
0.9545 +- -1.00 (1)
0.9586 +- -1.00 (1)
0.9576 +- -1.00 (1)
0.9603 +- -1.00 (1)
0.9493 +- -1.00 (1)
0.9519 +- -1.00 (1)
0.9491 +- -1.00 (1)
0.9572 +- -1.00 (1)
0.9493 +- -1.00 (1)
0.9543 +- -1.00 (1)
0.9577 +- -1.00 (1)
0.9524 +- -1.00 (1)
0.9513 +- -1.00 (1)
0.9473 +- -1.00 (1)
0.9543 +- -1.00 (1)
0.9553 +- -1.00 (1)
0.9544 +- -1.00 (1)
0.9541 +- -1.00 (1)
0.9513 +- -1.00 (1)
0.9488 +- -1.00 (1)
0.9492 +- -1.00 (1)
0.9529 +- -1.00 (1)
0.9517 +- -1.00 (1)
0.9566 +- -1.00 (1)
0.9533 +- -1.00 (1)
0.9473 +- -1.00 (1)
0.9520 +- -1.00 (1)
0.9541 +- -1.00 (1)
0.9549 +- -1.00 (1)
0.9511 +- -1.00 (1)
0.9522 +- -1.00 (1)
0.9542 +- -1.00 (1)
0.9545 +- -1.00 (1)
0.9557 +- -1.00 (1)
0.9549 +- -1.00 (1)
0.9470 +- -1.00 (1)
0.9485 +- -1.00 (1)
0.9496 +- -1.00 (1)
0.9576 +- -1.00 (1)
0.9589 +- -1.00 (1)
0.9527 +- -1.00 (1)
0.9496 +- -1.00 (1)
0.9498 +- -1.00 (1)
0.9533 +- -1.00 (1)
0.9513 +- -1.00 (1)
0.9442 +- -1.00 (1)
0.9519 +- -1.00 (1)
0.9491 +- -1.00 (1)
0.9469 +- -1.00 (1)
0.9492 +- -1.00 (1)
0.9496 +- -1.00 (1)
0.9502 +- -1.00 (1)
0.9477 +- -1.00 (1)
0.9518 +- -1.00 (1)
0.9467 +- -1.00 (1)
0.9553 +- -1.00 (1)
0.9512 +- -1.00 (1)
0.9495 +- -1.00 (1)
0.9510 +- -1.00 (1)
0.9540 +- -1.00 (1)
0.9516 +- -1.00 (1)
0.9498 +- -1.00 (1)
0.9515 +- -1.00 (1)
0.9512 +- -1.00 (1)
0.9501 +- -1.00 (1)
0.9507 +- -1.00 (1)
0.9510 +- -1.00 (1)
0.9545 +- -1.00 (1)
0.9484 +- -1.00 (1)
0.9474 +- -1.00 (1)
0.9447 +- -1.00 (1)
0.9489 +- -1.00 (1)
0.9512 +- -1.00 (1)
0.9522 +- -1.00 (1)
0.9499 +- -1.00 (1)
0.9549 +- -1.00 (1)
0.9494 +- -1.00 (1)
0.9487 +- -1.00 (1)
0.9537 +- -1.00 (1)
0.9490 +- -1.00 (1)
0.9507 +- -1.00 (1)
0.9477 +- -1.00 (1)
0.9498 +- -1.00 (1)
0.9508 +- -1.00 (1)
0.9466 +- -1.00 (1)
0.9507 +- -1.00 (1)
0.9512 +- -1.00 (1)
0.9548 +- -1.00 (1)
0.9411 +- -1.00 (1)
0.9539 +- -1.00 (1)
0.9447 +- -1.00 (1)
0.9496 +- -1.00 (1)
0.9511 +- -1.00 (1)
0.9468 +- -1.00 (1)
0.9459 +- -1.00 (1)
0.9577 +- -1.00 (1)
0.9478 +- -1.00 (1)
0.9471 +- -1.00 (1)
0.9484 +- -1.00 (1)
0.9517 +- -1.00 (1)
0.9511 +- -1.00 (1)
0.9455 +- -1.00 (1)
0.9486 +- -1.00 (1)
0.9479 +- -1.00 (1)
0.9555 +- -1.00 (1)
0.9502 +- -1.00 (1)
0.9549 +- -1.00 (1)
0.9518 +- -1.00 (1)
0.9494 +- -1.00 (1)
0.9520 +- -1.00 (1)
0.9454 +- -1.00 (1)
0.9548 +- -1.00 (1)
0.9488 +- -1.00 (1)
0.9540 +- -1.00 (1)
0.9452 +- -1.00 (1)
0.9487 +- -1.00 (1)
0.9478 +- -1.00 (1)
0.9482 +- -1.00 (1)
0.9417 +- -1.00 (1)
0.9509 +- -1.00 (1)
0.9447 +- -1.00 (1)
0.9500 +- -1.00 (1)
0.9464 +- -1.00 (1)
