


0.321101 17









6.57717 35
10.9579 29
9.21322 27


























3.28675 17


3.02194 14











11.2535 27

1.77182 35





















0.300661 18

1.6608 14
0.372819 18
















9.94924 42






9.82847 46














0.076961 32
0.0608 35
1.74904 28




4.00409 52





























1.79943 11







































1.44611 12




6.86924 11






















































10.2742 17






















6.61443 9

1.62863 7

































