../../problems/clp/benchs/BRwp-0.5-0.5/BR5.txt -i 1 --min_fr=1.0 0.830400 0.659900
../../problems/clp/benchs/BRwp-0.5-0.5/BR6.txt -i 1 --min_fr=1.0 0.709800 0.587200
../../problems/clp/benchs/BRwp-0.5-0.5/BR6.txt -i 11 --min_fr=1.0 0.738500 0.608300
../../problems/clp/benchs/BRwp-0.5-0.5/BR6.txt -i 13 --min_fr=1.0 0.809000 0.644300
../../problems/clp/benchs/BRwp-0.5-0.5/BR7.txt -i 1 --min_fr=1.0 0.805000 0.596800
../../problems/clp/benchs/BRwp-0.5-0.5/BR7.txt -i 4 --min_fr=1.0 0.777900 0.637400
../../problems/clp/benchs/BRwp-0.5-0.5/BR7.txt -i 5 --min_fr=1.0 0.883000 0.717800
../../problems/clp/benchs/BRwp-0.5-0.5/BR7.txt -i 6 --min_fr=1.0 0.746200 0.608400
../../problems/clp/benchs/BRwp-0.5-0.5/BR7.txt -i 8 --min_fr=1.0 0.801300 0.665900
../../problems/clp/benchs/BRwp-0.5-0.5/BR7.txt -i 11 --min_fr=1.0 0.822400 0.607400
../../problems/clp/benchs/BRwp-0.5-0.5/BR7.txt -i 16 --min_fr=1.0 0.771100 0.624600
../../problems/clp/benchs/BRwp-0.5-0.5/BR8.txt -i 0 --min_fr=0.98 0.764600 0.546200
../../problems/clp/benchs/BRwp-0.5-0.5/BR8.txt -i 1 --min_fr=0.98 0.777800 0.634200
../../problems/clp/benchs/BRwp-0.5-0.5/BR8.txt -i 2 --min_fr=0.98 0.777500 0.574600
../../problems/clp/benchs/BRwp-0.5-0.5/BR8.txt -i 3 --min_fr=0.98 0.736500 0.581900
../../problems/clp/benchs/BRwp-0.5-0.5/BR8.txt -i 4 --min_fr=0.98 0.795100 0.530700
../../problems/clp/benchs/BRwp-0.5-0.5/BR8.txt -i 5 --min_fr=0.98 0.688800 0.511700
../../problems/clp/benchs/BRwp-0.5-0.5/BR8.txt -i 6 --min_fr=0.98 0.687300 0.550500
../../problems/clp/benchs/BRwp-0.5-0.5/BR8.txt -i 7 --min_fr=0.98 0.682500 0.552000
../../problems/clp/benchs/BRwp-0.5-0.5/BR8.txt -i 8 --min_fr=0.98 0.736100 0.465000
../../problems/clp/benchs/BRwp-0.5-0.5/BR8.txt -i 9 --min_fr=0.98 0.808600 0.589100
../../problems/clp/benchs/BRwp-0.5-0.5/BR8.txt -i 10 --min_fr=0.98 0.720900 0.507800
../../problems/clp/benchs/BRwp-0.5-0.5/BR8.txt -i 11 --min_fr=0.98 0.729900 0.607300
../../problems/clp/benchs/BRwp-0.5-0.5/BR8.txt -i 12 --min_fr=0.98 0.811200 0.492800
../../problems/clp/benchs/BRwp-0.5-0.5/BR8.txt -i 13 --min_fr=0.98 0.746000 0.503700
../../problems/clp/benchs/BRwp-0.5-0.5/BR8.txt -i 14 --min_fr=0.98 0.772200 0.605800
../../problems/clp/benchs/BRwp-0.5-0.5/BR8.txt -i 15 --min_fr=0.98 0.728400 0.475600
../../problems/clp/benchs/BRwp-0.5-0.5/BR8.txt -i 16 --min_fr=0.98 0.755700 0.565100
../../problems/clp/benchs/BRwp-0.5-0.5/BR8.txt -i 18 --min_fr=0.98 0.769500 0.554100
../../problems/clp/benchs/BRwp-0.5-0.5/BR8.txt -i 19 --min_fr=0.98 0.724900 0.493000
../../problems/clp/benchs/BRwp-0.5-0.5/BR9.txt -i 0 --min_fr=0.98 0.781700 0.539900
../../problems/clp/benchs/BRwp-0.5-0.5/BR9.txt -i 1 --min_fr=0.98 0.734500 0.520900
../../problems/clp/benchs/BRwp-0.5-0.5/BR9.txt -i 2 --min_fr=0.98 0.759800 0.618800
../../problems/clp/benchs/BRwp-0.5-0.5/BR9.txt -i 3 --min_fr=0.98 0.756300 0.514900
../../problems/clp/benchs/BRwp-0.5-0.5/BR9.txt -i 4 --min_fr=0.98 0.707400 0.499800
../../problems/clp/benchs/BRwp-0.5-0.5/BR9.txt -i 5 --min_fr=0.98 0.744700 0.496700
../../problems/clp/benchs/BRwp-0.5-0.5/BR9.txt -i 6 --min_fr=0.98 0.765800 0.586200
../../problems/clp/benchs/BRwp-0.5-0.5/BR9.txt -i 7 --min_fr=0.98 0.654000 0.507100
../../problems/clp/benchs/BRwp-0.5-0.5/BR9.txt -i 8 --min_fr=0.98 0.758900 0.525200
../../problems/clp/benchs/BRwp-0.5-0.5/BR9.txt -i 10 --min_fr=0.98 0.761600 0.506900
../../problems/clp/benchs/BRwp-0.5-0.5/BR9.txt -i 11 --min_fr=0.98 0.763100 0.540200
../../problems/clp/benchs/BRwp-0.5-0.5/BR9.txt -i 12 --min_fr=0.98 0.730900 0.509600
../../problems/clp/benchs/BRwp-0.5-0.5/BR9.txt -i 13 --min_fr=0.98 0.746500 0.496100
../../problems/clp/benchs/BRwp-0.5-0.5/BR9.txt -i 14 --min_fr=0.98 0.701300 0.483000
../../problems/clp/benchs/BRwp-0.5-0.5/BR9.txt -i 15 --min_fr=0.98 0.686800 0.491000
../../problems/clp/benchs/BRwp-0.5-0.5/BR9.txt -i 16 --min_fr=0.98 0.724000 0.540400
../../problems/clp/benchs/BRwp-0.5-0.5/BR9.txt -i 17 --min_fr=0.98 0.711100 0.526400
../../problems/clp/benchs/BRwp-0.5-0.5/BR9.txt -i 18 --min_fr=0.98 0.790300 0.561400
../../problems/clp/benchs/BRwp-0.5-0.5/BR9.txt -i 19 --min_fr=0.98 0.741900 0.498400
../../problems/clp/benchs/BRwp-0.5-0.5/BR10.txt -i 0 --min_fr=0.98 0.780900 0.488700
../../problems/clp/benchs/BRwp-0.5-0.5/BR10.txt -i 1 --min_fr=0.98 0.691500 0.487400
../../problems/clp/benchs/BRwp-0.5-0.5/BR10.txt -i 2 --min_fr=0.98 0.671000 0.502300
../../problems/clp/benchs/BRwp-0.5-0.5/BR10.txt -i 3 --min_fr=0.98 0.764400 0.528100
../../problems/clp/benchs/BRwp-0.5-0.5/BR10.txt -i 4 --min_fr=0.98 0.746900 0.591300
../../problems/clp/benchs/BRwp-0.5-0.5/BR10.txt -i 5 --min_fr=0.98 0.684400 0.499900
../../problems/clp/benchs/BRwp-0.5-0.5/BR10.txt -i 6 --min_fr=0.98 0.736100 0.479400
../../problems/clp/benchs/BRwp-0.5-0.5/BR10.txt -i 7 --min_fr=0.98 0.728200 0.485300
../../problems/clp/benchs/BRwp-0.5-0.5/BR10.txt -i 8 --min_fr=0.98 0.736200 0.517500
../../problems/clp/benchs/BRwp-0.5-0.5/BR10.txt -i 9 --min_fr=0.98 0.690000 0.504500
../../problems/clp/benchs/BRwp-0.5-0.5/BR10.txt -i 10 --min_fr=0.98 0.739000 0.459300
../../problems/clp/benchs/BRwp-0.5-0.5/BR10.txt -i 11 --min_fr=0.98 0.683600 0.491500
../../problems/clp/benchs/BRwp-0.5-0.5/BR10.txt -i 12 --min_fr=0.98 0.721900 0.464500
../../problems/clp/benchs/BRwp-0.5-0.5/BR10.txt -i 13 --min_fr=0.98 0.762600 0.531200
../../problems/clp/benchs/BRwp-0.5-0.5/BR10.txt -i 14 --min_fr=0.98 0.676800 0.542500
../../problems/clp/benchs/BRwp-0.5-0.5/BR10.txt -i 15 --min_fr=0.98 0.742600 0.483000
../../problems/clp/benchs/BRwp-0.5-0.5/BR10.txt -i 16 --min_fr=0.98 0.694400 0.487000
../../problems/clp/benchs/BRwp-0.5-0.5/BR10.txt -i 17 --min_fr=0.98 0.778500 0.515300
../../problems/clp/benchs/BRwp-0.5-0.5/BR10.txt -i 18 --min_fr=0.98 0.719400 0.549700
../../problems/clp/benchs/BRwp-0.5-0.5/BR10.txt -i 19 --min_fr=0.98 0.779700 0.530900
../../problems/clp/benchs/BRwp-0.5-0.5/BR11.txt -i 0 --min_fr=0.98 0.712300 0.543000
../../problems/clp/benchs/BRwp-0.5-0.5/BR11.txt -i 1 --min_fr=0.98 0.753300 0.539700
../../problems/clp/benchs/BRwp-0.5-0.5/BR11.txt -i 2 --min_fr=0.98 0.681100 0.493800
../../problems/clp/benchs/BRwp-0.5-0.5/BR11.txt -i 3 --min_fr=0.98 0.755500 0.518300
../../problems/clp/benchs/BRwp-0.5-0.5/BR11.txt -i 4 --min_fr=0.98 0.728200 0.431100
../../problems/clp/benchs/BRwp-0.5-0.5/BR11.txt -i 5 --min_fr=0.98 0.680600 0.549700
../../problems/clp/benchs/BRwp-0.5-0.5/BR11.txt -i 6 --min_fr=0.98 0.735600 0.529300
../../problems/clp/benchs/BRwp-0.5-0.5/BR11.txt -i 7 --min_fr=0.98 0.684900 0.553700
../../problems/clp/benchs/BRwp-0.5-0.5/BR11.txt -i 8 --min_fr=0.98 0.748100 0.519100
../../problems/clp/benchs/BRwp-0.5-0.5/BR11.txt -i 9 --min_fr=0.98 0.688000 0.450100
../../problems/clp/benchs/BRwp-0.5-0.5/BR11.txt -i 10 --min_fr=0.98 0.747800 0.501900
../../problems/clp/benchs/BRwp-0.5-0.5/BR11.txt -i 11 --min_fr=0.98 0.762300 0.575500
../../problems/clp/benchs/BRwp-0.5-0.5/BR11.txt -i 12 --min_fr=0.98 0.709000 0.497700
../../problems/clp/benchs/BRwp-0.5-0.5/BR11.txt -i 13 --min_fr=0.98 0.728600 0.482300
../../problems/clp/benchs/BRwp-0.5-0.5/BR11.txt -i 14 --min_fr=0.98 0.727800 0.527000
../../problems/clp/benchs/BRwp-0.5-0.5/BR11.txt -i 15 --min_fr=0.98 0.739300 0.480500
../../problems/clp/benchs/BRwp-0.5-0.5/BR11.txt -i 16 --min_fr=0.98 0.724600 0.550100
../../problems/clp/benchs/BRwp-0.5-0.5/BR11.txt -i 17 --min_fr=0.98 0.738100 0.528600
../../problems/clp/benchs/BRwp-0.5-0.5/BR11.txt -i 18 --min_fr=0.98 0.756700 0.560900
../../problems/clp/benchs/BRwp-0.5-0.5/BR11.txt -i 19 --min_fr=0.98 0.725900 0.536500
../../problems/clp/benchs/BRwp-0.5-0.5/BR12.txt -i 0 --min_fr=0.98 0.779000 0.475000
../../problems/clp/benchs/BRwp-0.5-0.5/BR12.txt -i 1 --min_fr=0.98 0.730400 0.483400
../../problems/clp/benchs/BRwp-0.5-0.5/BR12.txt -i 2 --min_fr=0.98 0.778500 0.573800
../../problems/clp/benchs/BRwp-0.5-0.5/BR12.txt -i 3 --min_fr=0.98 0.755000 0.482200
../../problems/clp/benchs/BRwp-0.5-0.5/BR12.txt -i 4 --min_fr=0.98 0.738100 0.486000
../../problems/clp/benchs/BRwp-0.5-0.5/BR12.txt -i 5 --min_fr=0.98 0.698600 0.479900
../../problems/clp/benchs/BRwp-0.5-0.5/BR12.txt -i 6 --min_fr=0.98 0.777100 0.536500
../../problems/clp/benchs/BRwp-0.5-0.5/BR12.txt -i 7 --min_fr=0.98 0.750700 0.513800
../../problems/clp/benchs/BRwp-0.5-0.5/BR12.txt -i 8 --min_fr=0.98 0.710700 0.511400
../../problems/clp/benchs/BRwp-0.5-0.5/BR12.txt -i 9 --min_fr=0.98 0.782800 0.454800
../../problems/clp/benchs/BRwp-0.5-0.5/BR12.txt -i 10 --min_fr=0.98 0.760700 0.472000
../../problems/clp/benchs/BRwp-0.5-0.5/BR12.txt -i 11 --min_fr=0.98 0.783000 0.523900
../../problems/clp/benchs/BRwp-0.5-0.5/BR12.txt -i 12 --min_fr=0.98 0.740600 0.459700
../../problems/clp/benchs/BRwp-0.5-0.5/BR12.txt -i 13 --min_fr=0.98 0.753800 0.520700
../../problems/clp/benchs/BRwp-0.5-0.5/BR12.txt -i 14 --min_fr=0.98 0.692400 0.522100
../../problems/clp/benchs/BRwp-0.5-0.5/BR12.txt -i 15 --min_fr=0.98 0.738600 0.490900
../../problems/clp/benchs/BRwp-0.5-0.5/BR12.txt -i 16 --min_fr=0.98 0.756900 0.514300
../../problems/clp/benchs/BRwp-0.5-0.5/BR12.txt -i 17 --min_fr=0.98 0.776300 0.491700
../../problems/clp/benchs/BRwp-0.5-0.5/BR12.txt -i 18 --min_fr=0.98 0.745200 0.535100
../../problems/clp/benchs/BRwp-0.5-0.5/BR12.txt -i 19 --min_fr=0.98 0.728000 0.485000
../../problems/clp/benchs/BRwp-0.5-0.5/BR13.txt -i 0 --min_fr=0.98 0.688800 0.469300
../../problems/clp/benchs/BRwp-0.5-0.5/BR13.txt -i 1 --min_fr=0.98 0.788400 0.490600
../../problems/clp/benchs/BRwp-0.5-0.5/BR13.txt -i 2 --min_fr=0.98 0.713300 0.532300
../../problems/clp/benchs/BRwp-0.5-0.5/BR13.txt -i 3 --min_fr=0.98 0.748700 0.538600
../../problems/clp/benchs/BRwp-0.5-0.5/BR13.txt -i 4 --min_fr=0.98 0.700400 0.437300
../../problems/clp/benchs/BRwp-0.5-0.5/BR13.txt -i 5 --min_fr=0.98 0.733400 0.484300
../../problems/clp/benchs/BRwp-0.5-0.5/BR13.txt -i 6 --min_fr=0.98 0.728800 0.500200
../../problems/clp/benchs/BRwp-0.5-0.5/BR13.txt -i 7 --min_fr=0.98 0.710000 0.454400
../../problems/clp/benchs/BRwp-0.5-0.5/BR13.txt -i 8 --min_fr=0.98 0.710200 0.481800
../../problems/clp/benchs/BRwp-0.5-0.5/BR13.txt -i 9 --min_fr=0.98 0.737700 0.476100
../../problems/clp/benchs/BRwp-0.5-0.5/BR13.txt -i 10 --min_fr=0.98 0.733100 0.471200
../../problems/clp/benchs/BRwp-0.5-0.5/BR13.txt -i 11 --min_fr=0.98 0.768500 0.506600
../../problems/clp/benchs/BRwp-0.5-0.5/BR13.txt -i 12 --min_fr=0.98 0.742800 0.422100
../../problems/clp/benchs/BRwp-0.5-0.5/BR13.txt -i 13 --min_fr=0.98 0.761400 0.501700
../../problems/clp/benchs/BRwp-0.5-0.5/BR13.txt -i 14 --min_fr=0.98 0.737900 0.459500
../../problems/clp/benchs/BRwp-0.5-0.5/BR13.txt -i 15 --min_fr=0.98 0.695400 0.468500
../../problems/clp/benchs/BRwp-0.5-0.5/BR13.txt -i 16 --min_fr=0.98 0.784100 0.478800
../../problems/clp/benchs/BRwp-0.5-0.5/BR13.txt -i 17 --min_fr=0.98 0.724400 0.496700
../../problems/clp/benchs/BRwp-0.5-0.5/BR13.txt -i 18 --min_fr=0.98 0.746000 0.530500
../../problems/clp/benchs/BRwp-0.5-0.5/BR13.txt -i 19 --min_fr=0.98 0.716600 0.476300
../../problems/clp/benchs/BRwp-0.5-0.5/BR14.txt -i 0 --min_fr=0.98 0.732300 0.482000
../../problems/clp/benchs/BRwp-0.5-0.5/BR14.txt -i 1 --min_fr=0.98 0.733500 0.482800
../../problems/clp/benchs/BRwp-0.5-0.5/BR14.txt -i 2 --min_fr=0.98 0.737200 0.501000
../../problems/clp/benchs/BRwp-0.5-0.5/BR14.txt -i 3 --min_fr=0.98 0.737000 0.511800
../../problems/clp/benchs/BRwp-0.5-0.5/BR14.txt -i 4 --min_fr=0.98 0.721700 0.465300
../../problems/clp/benchs/BRwp-0.5-0.5/BR14.txt -i 5 --min_fr=0.98 0.720100 0.485600
../../problems/clp/benchs/BRwp-0.5-0.5/BR14.txt -i 6 --min_fr=0.98 0.715700 0.489300
../../problems/clp/benchs/BRwp-0.5-0.5/BR14.txt -i 7 --min_fr=0.98 0.709000 0.478200
../../problems/clp/benchs/BRwp-0.5-0.5/BR14.txt -i 8 --min_fr=0.98 0.715100 0.500800
../../problems/clp/benchs/BRwp-0.5-0.5/BR14.txt -i 9 --min_fr=0.98 0.740900 0.483200
../../problems/clp/benchs/BRwp-0.5-0.5/BR14.txt -i 10 --min_fr=0.98 0.763800 0.418700
../../problems/clp/benchs/BRwp-0.5-0.5/BR14.txt -i 11 --min_fr=0.98 0.717500 0.506000
../../problems/clp/benchs/BRwp-0.5-0.5/BR14.txt -i 12 --min_fr=0.98 0.812400 0.505500
../../problems/clp/benchs/BRwp-0.5-0.5/BR14.txt -i 13 --min_fr=0.98 0.740500 0.434300
../../problems/clp/benchs/BRwp-0.5-0.5/BR14.txt -i 14 --min_fr=0.98 0.781000 0.528300
../../problems/clp/benchs/BRwp-0.5-0.5/BR14.txt -i 15 --min_fr=0.98 0.735300 0.461600
../../problems/clp/benchs/BRwp-0.5-0.5/BR14.txt -i 16 --min_fr=0.98 0.692100 0.482400
../../problems/clp/benchs/BRwp-0.5-0.5/BR14.txt -i 17 --min_fr=0.98 0.746400 0.507100
../../problems/clp/benchs/BRwp-0.5-0.5/BR14.txt -i 18 --min_fr=0.98 0.735500 0.430100
../../problems/clp/benchs/BRwp-0.5-0.5/BR14.txt -i 19 --min_fr=0.98 0.710200 0.476100
../../problems/clp/benchs/BRwp-0.5-0.5/BR15.txt -i 0 --min_fr=0.98 0.750400 0.472000
../../problems/clp/benchs/BRwp-0.5-0.5/BR15.txt -i 1 --min_fr=0.98 0.739300 0.496200
../../problems/clp/benchs/BRwp-0.5-0.5/BR15.txt -i 2 --min_fr=0.98 0.768100 0.483800
../../problems/clp/benchs/BRwp-0.5-0.5/BR15.txt -i 3 --min_fr=0.98 0.757900 0.509700
../../problems/clp/benchs/BRwp-0.5-0.5/BR15.txt -i 4 --min_fr=0.98 0.699400 0.448100
../../problems/clp/benchs/BRwp-0.5-0.5/BR15.txt -i 5 --min_fr=0.98 0.715700 0.455900
../../problems/clp/benchs/BRwp-0.5-0.5/BR15.txt -i 6 --min_fr=0.98 0.731400 0.517300
../../problems/clp/benchs/BRwp-0.5-0.5/BR15.txt -i 7 --min_fr=0.98 0.679700 0.484000
../../problems/clp/benchs/BRwp-0.5-0.5/BR15.txt -i 8 --min_fr=0.98 0.691500 0.510000
../../problems/clp/benchs/BRwp-0.5-0.5/BR15.txt -i 9 --min_fr=0.98 0.750600 0.457500
../../problems/clp/benchs/BRwp-0.5-0.5/BR15.txt -i 10 --min_fr=0.98 0.725000 0.481900
../../problems/clp/benchs/BRwp-0.5-0.5/BR15.txt -i 11 --min_fr=0.98 0.737200 0.496600
../../problems/clp/benchs/BRwp-0.5-0.5/BR15.txt -i 12 --min_fr=0.98 0.711200 0.462800
../../problems/clp/benchs/BRwp-0.5-0.5/BR15.txt -i 13 --min_fr=0.98 0.760300 0.467100
../../problems/clp/benchs/BRwp-0.5-0.5/BR15.txt -i 14 --min_fr=0.98 0.718600 0.484800
../../problems/clp/benchs/BRwp-0.5-0.5/BR15.txt -i 15 --min_fr=0.98 0.713200 0.551000
../../problems/clp/benchs/BRwp-0.5-0.5/BR15.txt -i 16 --min_fr=0.98 0.747000 0.497200
../../problems/clp/benchs/BRwp-0.5-0.5/BR15.txt -i 17 --min_fr=0.98 0.723600 0.489800
../../problems/clp/benchs/BRwp-0.5-0.5/BR15.txt -i 18 --min_fr=0.98 0.740300 0.472000
../../problems/clp/benchs/BRwp-0.5-0.5/BR15.txt -i 19 --min_fr=0.98 0.736800 0.439900
../../problems/clp/benchs/BRwp-1.0-0.5/BR6.txt -i 1 --min_fr=1.0 0.814600 0.668700
../../problems/clp/benchs/BRwp-1.0-0.5/BR6.txt -i 11 --min_fr=1.0 0.802300 0.659700
../../problems/clp/benchs/BRwp-1.0-0.5/BR6.txt -i 12 --min_fr=1.0 0.714500 0.580800
../../problems/clp/benchs/BRwp-1.0-0.5/BR7.txt -i 0 --min_fr=1.0 0.760800 0.586000
../../problems/clp/benchs/BRwp-1.0-0.5/BR7.txt -i 2 --min_fr=1.0 0.781100 0.616600
../../problems/clp/benchs/BRwp-1.0-0.5/BR7.txt -i 3 --min_fr=1.0 0.812200 0.673300
../../problems/clp/benchs/BRwp-1.0-0.5/BR7.txt -i 8 --min_fr=1.0 0.793700 0.642200
../../problems/clp/benchs/BRwp-1.0-0.5/BR7.txt -i 12 --min_fr=1.0 0.735100 0.547900
../../problems/clp/benchs/BRwp-1.0-0.5/BR7.txt -i 13 --min_fr=1.0 0.803000 0.653300
../../problems/clp/benchs/BRwp-1.0-0.5/BR7.txt -i 14 --min_fr=1.0 0.736200 0.599700
../../problems/clp/benchs/BRwp-1.0-0.5/BR7.txt -i 15 --min_fr=1.0 0.702000 0.569200
../../problems/clp/benchs/BRwp-1.0-0.5/BR7.txt -i 17 --min_fr=1.0 0.808200 0.653500
../../problems/clp/benchs/BRwp-1.0-0.5/BR8.txt -i 1 --min_fr=0.98 0.727500 0.578600
../../problems/clp/benchs/BRwp-1.0-0.5/BR8.txt -i 2 --min_fr=0.98 0.651600 0.506600
../../problems/clp/benchs/BRwp-1.0-0.5/BR8.txt -i 3 --min_fr=0.98 0.849400 0.640600
../../problems/clp/benchs/BRwp-1.0-0.5/BR8.txt -i 4 --min_fr=0.98 0.663000 0.528300
../../problems/clp/benchs/BRwp-1.0-0.5/BR8.txt -i 5 --min_fr=0.98 0.664300 0.549400
../../problems/clp/benchs/BRwp-1.0-0.5/BR8.txt -i 6 --min_fr=0.98 0.773200 0.532400
../../problems/clp/benchs/BRwp-1.0-0.5/BR8.txt -i 7 --min_fr=0.98 0.735300 0.529900
../../problems/clp/benchs/BRwp-1.0-0.5/BR8.txt -i 8 --min_fr=0.98 0.747700 0.535200
../../problems/clp/benchs/BRwp-1.0-0.5/BR8.txt -i 9 --min_fr=0.98 0.752900 0.591900
../../problems/clp/benchs/BRwp-1.0-0.5/BR8.txt -i 10 --min_fr=0.98 0.782700 0.571600
../../problems/clp/benchs/BRwp-1.0-0.5/BR8.txt -i 11 --min_fr=0.98 0.746800 0.553500
../../problems/clp/benchs/BRwp-1.0-0.5/BR8.txt -i 12 --min_fr=0.98 0.701800 0.485000
../../problems/clp/benchs/BRwp-1.0-0.5/BR8.txt -i 13 --min_fr=0.98 0.792000 0.577500
../../problems/clp/benchs/BRwp-1.0-0.5/BR8.txt -i 14 --min_fr=0.98 0.763500 0.571300
../../problems/clp/benchs/BRwp-1.0-0.5/BR8.txt -i 15 --min_fr=0.98 0.736300 0.578300
../../problems/clp/benchs/BRwp-1.0-0.5/BR8.txt -i 16 --min_fr=0.98 0.767900 0.601500
../../problems/clp/benchs/BRwp-1.0-0.5/BR8.txt -i 17 --min_fr=0.98 0.731700 0.540600
../../problems/clp/benchs/BRwp-1.0-0.5/BR8.txt -i 18 --min_fr=0.98 0.786600 0.484200
../../problems/clp/benchs/BRwp-1.0-0.5/BR8.txt -i 19 --min_fr=0.98 0.769700 0.501000
../../problems/clp/benchs/BRwp-1.0-0.5/BR9.txt -i 0 --min_fr=0.98 0.720300 0.556000
../../problems/clp/benchs/BRwp-1.0-0.5/BR9.txt -i 1 --min_fr=0.98 0.695500 0.495400
../../problems/clp/benchs/BRwp-1.0-0.5/BR9.txt -i 2 --min_fr=0.98 0.690800 0.534700
../../problems/clp/benchs/BRwp-1.0-0.5/BR9.txt -i 3 --min_fr=0.98 0.698000 0.515500
../../problems/clp/benchs/BRwp-1.0-0.5/BR9.txt -i 4 --min_fr=0.98 0.753700 0.507100
../../problems/clp/benchs/BRwp-1.0-0.5/BR9.txt -i 5 --min_fr=0.98 0.730000 0.543700
../../problems/clp/benchs/BRwp-1.0-0.5/BR9.txt -i 6 --min_fr=0.98 0.747900 0.485000
../../problems/clp/benchs/BRwp-1.0-0.5/BR9.txt -i 7 --min_fr=0.98 0.701700 0.499400
../../problems/clp/benchs/BRwp-1.0-0.5/BR9.txt -i 8 --min_fr=0.98 0.734000 0.514400
../../problems/clp/benchs/BRwp-1.0-0.5/BR9.txt -i 9 --min_fr=0.98 0.757900 0.573600
../../problems/clp/benchs/BRwp-1.0-0.5/BR9.txt -i 10 --min_fr=0.98 0.776400 0.568800
../../problems/clp/benchs/BRwp-1.0-0.5/BR9.txt -i 11 --min_fr=0.98 0.796900 0.531400
../../problems/clp/benchs/BRwp-1.0-0.5/BR9.txt -i 12 --min_fr=0.98 0.741300 0.478200
../../problems/clp/benchs/BRwp-1.0-0.5/BR9.txt -i 13 --min_fr=0.98 0.811500 0.531800
../../problems/clp/benchs/BRwp-1.0-0.5/BR9.txt -i 15 --min_fr=0.98 0.755100 0.586900
../../problems/clp/benchs/BRwp-1.0-0.5/BR9.txt -i 16 --min_fr=0.98 0.703000 0.529600
../../problems/clp/benchs/BRwp-1.0-0.5/BR9.txt -i 17 --min_fr=0.98 0.732900 0.494300
../../problems/clp/benchs/BRwp-1.0-0.5/BR9.txt -i 18 --min_fr=0.98 0.779200 0.472500
../../problems/clp/benchs/BRwp-1.0-0.5/BR9.txt -i 19 --min_fr=0.98 0.718300 0.535300
../../problems/clp/benchs/BRwp-1.0-0.5/BR10.txt -i 0 --min_fr=0.98 0.775600 0.546400
../../problems/clp/benchs/BRwp-1.0-0.5/BR10.txt -i 1 --min_fr=0.98 0.714600 0.504500
../../problems/clp/benchs/BRwp-1.0-0.5/BR10.txt -i 2 --min_fr=0.98 0.639500 0.468800
../../problems/clp/benchs/BRwp-1.0-0.5/BR10.txt -i 3 --min_fr=0.98 0.800600 0.569600
../../problems/clp/benchs/BRwp-1.0-0.5/BR10.txt -i 4 --min_fr=0.98 0.697200 0.513000
../../problems/clp/benchs/BRwp-1.0-0.5/BR10.txt -i 5 --min_fr=0.98 0.725300 0.509200
../../problems/clp/benchs/BRwp-1.0-0.5/BR10.txt -i 6 --min_fr=0.98 0.740300 0.441900
../../problems/clp/benchs/BRwp-1.0-0.5/BR10.txt -i 7 --min_fr=0.98 0.676000 0.442200
../../problems/clp/benchs/BRwp-1.0-0.5/BR10.txt -i 8 --min_fr=0.98 0.769700 0.539900
../../problems/clp/benchs/BRwp-1.0-0.5/BR10.txt -i 9 --min_fr=0.98 0.741700 0.589600
../../problems/clp/benchs/BRwp-1.0-0.5/BR10.txt -i 10 --min_fr=0.98 0.751000 0.455800
../../problems/clp/benchs/BRwp-1.0-0.5/BR10.txt -i 11 --min_fr=0.98 0.785000 0.567500
../../problems/clp/benchs/BRwp-1.0-0.5/BR10.txt -i 12 --min_fr=0.98 0.675700 0.513300
../../problems/clp/benchs/BRwp-1.0-0.5/BR10.txt -i 13 --min_fr=0.98 0.698300 0.503400
../../problems/clp/benchs/BRwp-1.0-0.5/BR10.txt -i 14 --min_fr=0.98 0.719200 0.526300
../../problems/clp/benchs/BRwp-1.0-0.5/BR10.txt -i 15 --min_fr=0.98 0.693000 0.472300
../../problems/clp/benchs/BRwp-1.0-0.5/BR10.txt -i 16 --min_fr=0.98 0.776200 0.530900
../../problems/clp/benchs/BRwp-1.0-0.5/BR10.txt -i 17 --min_fr=0.98 0.769000 0.573200
../../problems/clp/benchs/BRwp-1.0-0.5/BR10.txt -i 18 --min_fr=0.98 0.812000 0.632700
../../problems/clp/benchs/BRwp-1.0-0.5/BR10.txt -i 19 --min_fr=0.98 0.707800 0.460000
../../problems/clp/benchs/BRwp-1.0-0.5/BR11.txt -i 0 --min_fr=0.98 0.737200 0.497700
../../problems/clp/benchs/BRwp-1.0-0.5/BR11.txt -i 1 --min_fr=0.98 0.715700 0.456400
../../problems/clp/benchs/BRwp-1.0-0.5/BR11.txt -i 2 --min_fr=0.98 0.696800 0.489500
../../problems/clp/benchs/BRwp-1.0-0.5/BR11.txt -i 3 --min_fr=0.98 0.773300 0.483200
../../problems/clp/benchs/BRwp-1.0-0.5/BR11.txt -i 4 --min_fr=0.98 0.699100 0.510100
../../problems/clp/benchs/BRwp-1.0-0.5/BR11.txt -i 5 --min_fr=0.98 0.685600 0.536900
../../problems/clp/benchs/BRwp-1.0-0.5/BR11.txt -i 7 --min_fr=0.98 0.699400 0.547200
../../problems/clp/benchs/BRwp-1.0-0.5/BR11.txt -i 8 --min_fr=0.98 0.756500 0.545900
../../problems/clp/benchs/BRwp-1.0-0.5/BR11.txt -i 9 --min_fr=0.98 0.778500 0.494900
../../problems/clp/benchs/BRwp-1.0-0.5/BR11.txt -i 10 --min_fr=0.98 0.746600 0.490400
../../problems/clp/benchs/BRwp-1.0-0.5/BR11.txt -i 11 --min_fr=0.98 0.719400 0.529900
../../problems/clp/benchs/BRwp-1.0-0.5/BR11.txt -i 12 --min_fr=0.98 0.723000 0.527100
../../problems/clp/benchs/BRwp-1.0-0.5/BR11.txt -i 13 --min_fr=0.98 0.762000 0.537400
../../problems/clp/benchs/BRwp-1.0-0.5/BR11.txt -i 14 --min_fr=0.98 0.744600 0.533300
../../problems/clp/benchs/BRwp-1.0-0.5/BR11.txt -i 15 --min_fr=0.98 0.739400 0.540100
../../problems/clp/benchs/BRwp-1.0-0.5/BR11.txt -i 16 --min_fr=0.98 0.732700 0.493400
../../problems/clp/benchs/BRwp-1.0-0.5/BR11.txt -i 17 --min_fr=0.98 0.755600 0.556500
../../problems/clp/benchs/BRwp-1.0-0.5/BR11.txt -i 18 --min_fr=0.98 0.728300 0.478200
../../problems/clp/benchs/BRwp-1.0-0.5/BR11.txt -i 19 --min_fr=0.98 0.714600 0.501100
../../problems/clp/benchs/BRwp-1.0-0.5/BR12.txt -i 0 --min_fr=0.98 0.760700 0.501300
../../problems/clp/benchs/BRwp-1.0-0.5/BR12.txt -i 1 --min_fr=0.98 0.716200 0.471200
../../problems/clp/benchs/BRwp-1.0-0.5/BR12.txt -i 2 --min_fr=0.98 0.722400 0.529700
../../problems/clp/benchs/BRwp-1.0-0.5/BR12.txt -i 3 --min_fr=0.98 0.769600 0.598100
../../problems/clp/benchs/BRwp-1.0-0.5/BR12.txt -i 4 --min_fr=0.98 0.710000 0.507500
../../problems/clp/benchs/BRwp-1.0-0.5/BR12.txt -i 5 --min_fr=0.98 0.730800 0.485700
../../problems/clp/benchs/BRwp-1.0-0.5/BR12.txt -i 6 --min_fr=0.98 0.758600 0.511800
../../problems/clp/benchs/BRwp-1.0-0.5/BR12.txt -i 7 --min_fr=0.98 0.715000 0.490100
../../problems/clp/benchs/BRwp-1.0-0.5/BR12.txt -i 8 --min_fr=0.98 0.725600 0.522300
../../problems/clp/benchs/BRwp-1.0-0.5/BR12.txt -i 9 --min_fr=0.98 0.728200 0.460400
../../problems/clp/benchs/BRwp-1.0-0.5/BR12.txt -i 10 --min_fr=0.98 0.761000 0.494500
../../problems/clp/benchs/BRwp-1.0-0.5/BR12.txt -i 11 --min_fr=0.98 0.702100 0.529300
../../problems/clp/benchs/BRwp-1.0-0.5/BR12.txt -i 12 --min_fr=0.98 0.722400 0.495000
../../problems/clp/benchs/BRwp-1.0-0.5/BR12.txt -i 13 --min_fr=0.98 0.764100 0.534400
../../problems/clp/benchs/BRwp-1.0-0.5/BR12.txt -i 14 --min_fr=0.98 0.738800 0.503400
../../problems/clp/benchs/BRwp-1.0-0.5/BR12.txt -i 15 --min_fr=0.98 0.716200 0.469800
../../problems/clp/benchs/BRwp-1.0-0.5/BR12.txt -i 16 --min_fr=0.98 0.766300 0.479500
../../problems/clp/benchs/BRwp-1.0-0.5/BR12.txt -i 17 --min_fr=0.98 0.782700 0.463600
../../problems/clp/benchs/BRwp-1.0-0.5/BR12.txt -i 18 --min_fr=0.98 0.760100 0.589100
../../problems/clp/benchs/BRwp-1.0-0.5/BR12.txt -i 19 --min_fr=0.98 0.723200 0.473400
../../problems/clp/benchs/BRwp-1.0-0.5/BR13.txt -i 0 --min_fr=0.98 0.745000 0.471200
../../problems/clp/benchs/BRwp-1.0-0.5/BR13.txt -i 1 --min_fr=0.98 0.701600 0.452400
../../problems/clp/benchs/BRwp-1.0-0.5/BR13.txt -i 2 --min_fr=0.98 0.671700 0.495900
../../problems/clp/benchs/BRwp-1.0-0.5/BR13.txt -i 3 --min_fr=0.98 0.676200 0.484000
../../problems/clp/benchs/BRwp-1.0-0.5/BR13.txt -i 4 --min_fr=0.98 0.750400 0.474900
../../problems/clp/benchs/BRwp-1.0-0.5/BR13.txt -i 5 --min_fr=0.98 0.732700 0.456100
../../problems/clp/benchs/BRwp-1.0-0.5/BR13.txt -i 6 --min_fr=0.98 0.747200 0.548000
../../problems/clp/benchs/BRwp-1.0-0.5/BR13.txt -i 7 --min_fr=0.98 0.721100 0.458400
../../problems/clp/benchs/BRwp-1.0-0.5/BR13.txt -i 8 --min_fr=0.98 0.714800 0.474000
../../problems/clp/benchs/BRwp-1.0-0.5/BR13.txt -i 9 --min_fr=0.98 0.766800 0.481100
../../problems/clp/benchs/BRwp-1.0-0.5/BR13.txt -i 10 --min_fr=0.98 0.784700 0.501700
../../problems/clp/benchs/BRwp-1.0-0.5/BR13.txt -i 11 --min_fr=0.98 0.738300 0.477800
../../problems/clp/benchs/BRwp-1.0-0.5/BR13.txt -i 12 --min_fr=0.98 0.765100 0.537600
../../problems/clp/benchs/BRwp-1.0-0.5/BR13.txt -i 13 --min_fr=0.98 0.783200 0.463600
../../problems/clp/benchs/BRwp-1.0-0.5/BR13.txt -i 14 --min_fr=0.98 0.744800 0.479100
../../problems/clp/benchs/BRwp-1.0-0.5/BR13.txt -i 15 --min_fr=0.98 0.696000 0.494700
../../problems/clp/benchs/BRwp-1.0-0.5/BR13.txt -i 16 --min_fr=0.98 0.742200 0.464500
../../problems/clp/benchs/BRwp-1.0-0.5/BR13.txt -i 17 --min_fr=0.98 0.763200 0.502400
../../problems/clp/benchs/BRwp-1.0-0.5/BR13.txt -i 18 --min_fr=0.98 0.734400 0.500700
../../problems/clp/benchs/BRwp-1.0-0.5/BR13.txt -i 19 --min_fr=0.98 0.695500 0.501200
../../problems/clp/benchs/BRwp-1.0-0.5/BR14.txt -i 0 --min_fr=0.98 0.759100 0.436400
../../problems/clp/benchs/BRwp-1.0-0.5/BR14.txt -i 1 --min_fr=0.98 0.709200 0.462800
../../problems/clp/benchs/BRwp-1.0-0.5/BR14.txt -i 2 --min_fr=0.98 0.707200 0.488600
../../problems/clp/benchs/BRwp-1.0-0.5/BR14.txt -i 3 --min_fr=0.98 0.735100 0.464900
../../problems/clp/benchs/BRwp-1.0-0.5/BR14.txt -i 4 --min_fr=0.98 0.732500 0.437500
../../problems/clp/benchs/BRwp-1.0-0.5/BR14.txt -i 5 --min_fr=0.98 0.705600 0.495800
../../problems/clp/benchs/BRwp-1.0-0.5/BR14.txt -i 6 --min_fr=0.98 0.740200 0.497200
../../problems/clp/benchs/BRwp-1.0-0.5/BR14.txt -i 7 --min_fr=0.98 0.700700 0.431300
../../problems/clp/benchs/BRwp-1.0-0.5/BR14.txt -i 8 --min_fr=0.98 0.732500 0.518600
../../problems/clp/benchs/BRwp-1.0-0.5/BR14.txt -i 9 --min_fr=0.98 0.726500 0.455400
../../problems/clp/benchs/BRwp-1.0-0.5/BR14.txt -i 10 --min_fr=0.98 0.736200 0.479800
../../problems/clp/benchs/BRwp-1.0-0.5/BR14.txt -i 11 --min_fr=0.98 0.768500 0.494800
../../problems/clp/benchs/BRwp-1.0-0.5/BR14.txt -i 12 --min_fr=0.98 0.760800 0.461900
../../problems/clp/benchs/BRwp-1.0-0.5/BR14.txt -i 13 --min_fr=0.98 0.755000 0.468900
../../problems/clp/benchs/BRwp-1.0-0.5/BR14.txt -i 14 --min_fr=0.98 0.682600 0.499000
../../problems/clp/benchs/BRwp-1.0-0.5/BR14.txt -i 15 --min_fr=0.98 0.731800 0.467800
../../problems/clp/benchs/BRwp-1.0-0.5/BR14.txt -i 16 --min_fr=0.98 0.707600 0.458700
../../problems/clp/benchs/BRwp-1.0-0.5/BR14.txt -i 17 --min_fr=0.98 0.727800 0.474100
../../problems/clp/benchs/BRwp-1.0-0.5/BR14.txt -i 18 --min_fr=0.98 0.779000 0.428500
../../problems/clp/benchs/BRwp-1.0-0.5/BR14.txt -i 19 --min_fr=0.98 0.727000 0.458200
../../problems/clp/benchs/BRwp-1.0-0.5/BR15.txt -i 0 --min_fr=0.98 0.780500 0.478900
../../problems/clp/benchs/BRwp-1.0-0.5/BR15.txt -i 1 --min_fr=0.98 0.706500 0.467700
../../problems/clp/benchs/BRwp-1.0-0.5/BR15.txt -i 2 --min_fr=0.98 0.729300 0.479400
../../problems/clp/benchs/BRwp-1.0-0.5/BR15.txt -i 3 --min_fr=0.98 0.727600 0.464600
../../problems/clp/benchs/BRwp-1.0-0.5/BR15.txt -i 4 --min_fr=0.98 0.722000 0.440400
../../problems/clp/benchs/BRwp-1.0-0.5/BR15.txt -i 5 --min_fr=0.98 0.711800 0.473400
../../problems/clp/benchs/BRwp-1.0-0.5/BR15.txt -i 6 --min_fr=0.98 0.703000 0.490500
../../problems/clp/benchs/BRwp-1.0-0.5/BR15.txt -i 7 --min_fr=0.98 0.667600 0.501100
../../problems/clp/benchs/BRwp-1.0-0.5/BR15.txt -i 8 --min_fr=0.98 0.735900 0.514900
../../problems/clp/benchs/BRwp-1.0-0.5/BR15.txt -i 9 --min_fr=0.98 0.711000 0.499200
../../problems/clp/benchs/BRwp-1.0-0.5/BR15.txt -i 10 --min_fr=0.98 0.741600 0.484100
../../problems/clp/benchs/BRwp-1.0-0.5/BR15.txt -i 11 --min_fr=0.98 0.759600 0.490000
../../problems/clp/benchs/BRwp-1.0-0.5/BR15.txt -i 12 --min_fr=0.98 0.723600 0.487000
../../problems/clp/benchs/BRwp-1.0-0.5/BR15.txt -i 13 --min_fr=0.98 0.729900 0.479500
../../problems/clp/benchs/BRwp-1.0-0.5/BR15.txt -i 14 --min_fr=0.98 0.741700 0.468500
../../problems/clp/benchs/BRwp-1.0-0.5/BR15.txt -i 15 --min_fr=0.98 0.745200 0.483400
../../problems/clp/benchs/BRwp-1.0-0.5/BR15.txt -i 16 --min_fr=0.98 0.735800 0.480100
../../problems/clp/benchs/BRwp-1.0-0.5/BR15.txt -i 17 --min_fr=0.98 0.707600 0.430900
../../problems/clp/benchs/BRwp-1.0-0.5/BR15.txt -i 18 --min_fr=0.98 0.672000 0.457200
../../problems/clp/benchs/BRwp-1.0-0.5/BR15.txt -i 19 --min_fr=0.98 0.732900 0.443100
../../problems/clp/benchs/BRwp-1.4-0.5/BR3.txt -i 12 --min_fr=1.0 0.428600 0.347600
../../problems/clp/benchs/BRwp-1.4-0.5/BR4.txt -i 19 --min_fr=1.0 0.491900 0.406500
../../problems/clp/benchs/BRwp-1.4-0.5/BR5.txt -i 4 --min_fr=1.0 0.850000 0.646900
../../problems/clp/benchs/BRwp-1.4-0.5/BR6.txt -i 6 --min_fr=1.0 0.692000 0.565100
../../problems/clp/benchs/BRwp-1.4-0.5/BR6.txt -i 8 --min_fr=1.0 0.507200 0.389800
../../problems/clp/benchs/BRwp-1.4-0.5/BR6.txt -i 10 --min_fr=1.0 0.607800 0.487600
../../problems/clp/benchs/BRwp-1.4-0.5/BR6.txt -i 11 --min_fr=1.0 0.672600 0.529700
../../problems/clp/benchs/BRwp-1.4-0.5/BR6.txt -i 13 --min_fr=1.0 0.524700 0.428300
../../problems/clp/benchs/BRwp-1.4-0.5/BR7.txt -i 1 --min_fr=1.0 0.599000 0.494600
../../problems/clp/benchs/BRwp-1.4-0.5/BR7.txt -i 4 --min_fr=1.0 0.669500 0.556500
../../problems/clp/benchs/BRwp-1.4-0.5/BR7.txt -i 10 --min_fr=1.0 0.550800 0.425300
../../problems/clp/benchs/BRwp-1.4-0.5/BR7.txt -i 13 --min_fr=1.0 0.661400 0.548800
../../problems/clp/benchs/BRwp-1.4-0.5/BR8.txt -i 0 --min_fr=0.98 0.772000 0.522100
../../problems/clp/benchs/BRwp-1.4-0.5/BR8.txt -i 1 --min_fr=0.98 0.571000 0.343500
../../problems/clp/benchs/BRwp-1.4-0.5/BR8.txt -i 2 --min_fr=0.98 0.646000 0.461800
../../problems/clp/benchs/BRwp-1.4-0.5/BR8.txt -i 3 --min_fr=0.98 0.558000 0.278300
../../problems/clp/benchs/BRwp-1.4-0.5/BR8.txt -i 4 --min_fr=0.98 0.651700 0.519100
../../problems/clp/benchs/BRwp-1.4-0.5/BR8.txt -i 5 --min_fr=0.98 0.665800 0.490500
../../problems/clp/benchs/BRwp-1.4-0.5/BR8.txt -i 6 --min_fr=0.98 0.535800 0.322100
../../problems/clp/benchs/BRwp-1.4-0.5/BR8.txt -i 7 --min_fr=0.98 0.525900 0.396400
../../problems/clp/benchs/BRwp-1.4-0.5/BR8.txt -i 8 --min_fr=0.98 0.495500 0.323500
../../problems/clp/benchs/BRwp-1.4-0.5/BR8.txt -i 9 --min_fr=0.98 0.629000 0.445200
../../problems/clp/benchs/BRwp-1.4-0.5/BR8.txt -i 10 --min_fr=0.98 0.678800 0.468800
../../problems/clp/benchs/BRwp-1.4-0.5/BR8.txt -i 11 --min_fr=0.98 0.706500 0.583600
../../problems/clp/benchs/BRwp-1.4-0.5/BR8.txt -i 12 --min_fr=0.98 0.562600 0.319700
../../problems/clp/benchs/BRwp-1.4-0.5/BR8.txt -i 13 --min_fr=0.98 0.484900 0.375900
../../problems/clp/benchs/BRwp-1.4-0.5/BR8.txt -i 14 --min_fr=0.98 0.694600 0.505400
../../problems/clp/benchs/BRwp-1.4-0.5/BR8.txt -i 15 --min_fr=0.98 0.475600 0.251500
../../problems/clp/benchs/BRwp-1.4-0.5/BR8.txt -i 16 --min_fr=0.98 0.714300 0.422500
../../problems/clp/benchs/BRwp-1.4-0.5/BR8.txt -i 17 --min_fr=0.98 0.554100 0.383100
../../problems/clp/benchs/BRwp-1.4-0.5/BR8.txt -i 19 --min_fr=0.98 0.657000 0.501300
../../problems/clp/benchs/BRwp-1.4-0.5/BR9.txt -i 0 --min_fr=0.98 0.676900 0.444000
../../problems/clp/benchs/BRwp-1.4-0.5/BR9.txt -i 1 --min_fr=0.98 0.706100 0.509400
../../problems/clp/benchs/BRwp-1.4-0.5/BR9.txt -i 2 --min_fr=0.98 0.664100 0.542600
../../problems/clp/benchs/BRwp-1.4-0.5/BR9.txt -i 3 --min_fr=0.98 0.505000 0.341900
../../problems/clp/benchs/BRwp-1.4-0.5/BR9.txt -i 4 --min_fr=0.98 0.750600 0.571200
../../problems/clp/benchs/BRwp-1.4-0.5/BR9.txt -i 5 --min_fr=0.98 0.564400 0.373600
../../problems/clp/benchs/BRwp-1.4-0.5/BR9.txt -i 6 --min_fr=0.98 0.508500 0.337700
../../problems/clp/benchs/BRwp-1.4-0.5/BR9.txt -i 7 --min_fr=0.98 0.563000 0.416200
../../problems/clp/benchs/BRwp-1.4-0.5/BR9.txt -i 8 --min_fr=0.98 0.602800 0.416200
../../problems/clp/benchs/BRwp-1.4-0.5/BR9.txt -i 9 --min_fr=0.98 0.609900 0.490600
../../problems/clp/benchs/BRwp-1.4-0.5/BR9.txt -i 10 --min_fr=0.98 0.639800 0.520300
../../problems/clp/benchs/BRwp-1.4-0.5/BR9.txt -i 11 --min_fr=0.98 0.723200 0.557300
../../problems/clp/benchs/BRwp-1.4-0.5/BR9.txt -i 12 --min_fr=0.98 0.696200 0.489400
../../problems/clp/benchs/BRwp-1.4-0.5/BR9.txt -i 13 --min_fr=0.98 0.690200 0.530500
../../problems/clp/benchs/BRwp-1.4-0.5/BR9.txt -i 14 --min_fr=0.98 0.596500 0.402000
../../problems/clp/benchs/BRwp-1.4-0.5/BR9.txt -i 16 --min_fr=0.98 0.594900 0.379400
../../problems/clp/benchs/BRwp-1.4-0.5/BR9.txt -i 17 --min_fr=0.98 0.657800 0.489600
../../problems/clp/benchs/BRwp-1.4-0.5/BR9.txt -i 18 --min_fr=0.98 0.711400 0.514300
../../problems/clp/benchs/BRwp-1.4-0.5/BR9.txt -i 19 --min_fr=0.98 0.538600 0.282300
../../problems/clp/benchs/BRwp-1.4-0.5/BR10.txt -i 0 --min_fr=0.98 0.555200 0.458400
../../problems/clp/benchs/BRwp-1.4-0.5/BR10.txt -i 1 --min_fr=0.98 0.555200 0.411400
../../problems/clp/benchs/BRwp-1.4-0.5/BR10.txt -i 2 --min_fr=0.98 0.595800 0.417300
../../problems/clp/benchs/BRwp-1.4-0.5/BR10.txt -i 3 --min_fr=0.98 0.697600 0.524700
../../problems/clp/benchs/BRwp-1.4-0.5/BR10.txt -i 4 --min_fr=0.98 0.705200 0.485800
../../problems/clp/benchs/BRwp-1.4-0.5/BR10.txt -i 5 --min_fr=0.98 0.619000 0.426800
../../problems/clp/benchs/BRwp-1.4-0.5/BR10.txt -i 6 --min_fr=0.98 0.565200 0.322000
../../problems/clp/benchs/BRwp-1.4-0.5/BR10.txt -i 7 --min_fr=0.98 0.625400 0.336600
../../problems/clp/benchs/BRwp-1.4-0.5/BR10.txt -i 8 --min_fr=0.98 0.679100 0.497000
../../problems/clp/benchs/BRwp-1.4-0.5/BR10.txt -i 9 --min_fr=0.98 0.604600 0.346700
../../problems/clp/benchs/BRwp-1.4-0.5/BR10.txt -i 10 --min_fr=0.98 0.742100 0.475600
../../problems/clp/benchs/BRwp-1.4-0.5/BR10.txt -i 11 --min_fr=0.98 0.593900 0.458000
../../problems/clp/benchs/BRwp-1.4-0.5/BR10.txt -i 12 --min_fr=0.98 0.693400 0.427300
../../problems/clp/benchs/BRwp-1.4-0.5/BR10.txt -i 13 --min_fr=0.98 0.749800 0.443600
../../problems/clp/benchs/BRwp-1.4-0.5/BR10.txt -i 14 --min_fr=0.98 0.703400 0.482500
../../problems/clp/benchs/BRwp-1.4-0.5/BR10.txt -i 15 --min_fr=0.98 0.645100 0.369800
../../problems/clp/benchs/BRwp-1.4-0.5/BR10.txt -i 16 --min_fr=0.98 0.641900 0.455400
../../problems/clp/benchs/BRwp-1.4-0.5/BR10.txt -i 17 --min_fr=0.98 0.636000 0.491500
../../problems/clp/benchs/BRwp-1.4-0.5/BR10.txt -i 18 --min_fr=0.98 0.725900 0.545900
../../problems/clp/benchs/BRwp-1.4-0.5/BR10.txt -i 19 --min_fr=0.98 0.602800 0.454400
../../problems/clp/benchs/BRwp-1.4-0.5/BR11.txt -i 0 --min_fr=0.98 0.679700 0.404400
../../problems/clp/benchs/BRwp-1.4-0.5/BR11.txt -i 1 --min_fr=0.98 0.711200 0.474800
../../problems/clp/benchs/BRwp-1.4-0.5/BR11.txt -i 2 --min_fr=0.98 0.601200 0.424400
../../problems/clp/benchs/BRwp-1.4-0.5/BR11.txt -i 3 --min_fr=0.98 0.486200 0.321900
../../problems/clp/benchs/BRwp-1.4-0.5/BR11.txt -i 4 --min_fr=0.98 0.617600 0.403200
../../problems/clp/benchs/BRwp-1.4-0.5/BR11.txt -i 5 --min_fr=0.98 0.593700 0.436300
../../problems/clp/benchs/BRwp-1.4-0.5/BR11.txt -i 6 --min_fr=0.98 0.669400 0.519100
../../problems/clp/benchs/BRwp-1.4-0.5/BR11.txt -i 7 --min_fr=0.98 0.665700 0.518200
../../problems/clp/benchs/BRwp-1.4-0.5/BR11.txt -i 8 --min_fr=0.98 0.640200 0.514700
../../problems/clp/benchs/BRwp-1.4-0.5/BR11.txt -i 9 --min_fr=0.98 0.655000 0.488100
../../problems/clp/benchs/BRwp-1.4-0.5/BR11.txt -i 10 --min_fr=0.98 0.625000 0.464600
../../problems/clp/benchs/BRwp-1.4-0.5/BR11.txt -i 11 --min_fr=0.98 0.604800 0.484900
../../problems/clp/benchs/BRwp-1.4-0.5/BR11.txt -i 12 --min_fr=0.98 0.591600 0.350600
../../problems/clp/benchs/BRwp-1.4-0.5/BR11.txt -i 13 --min_fr=0.98 0.717500 0.364800
../../problems/clp/benchs/BRwp-1.4-0.5/BR11.txt -i 14 --min_fr=0.98 0.500400 0.323300
../../problems/clp/benchs/BRwp-1.4-0.5/BR11.txt -i 15 --min_fr=0.98 0.677700 0.470400
../../problems/clp/benchs/BRwp-1.4-0.5/BR11.txt -i 16 --min_fr=0.98 0.598500 0.451200
../../problems/clp/benchs/BRwp-1.4-0.5/BR11.txt -i 17 --min_fr=0.98 0.563600 0.357000
../../problems/clp/benchs/BRwp-1.4-0.5/BR11.txt -i 18 --min_fr=0.98 0.630000 0.393600
../../problems/clp/benchs/BRwp-1.4-0.5/BR11.txt -i 19 --min_fr=0.98 0.694300 0.467300
../../problems/clp/benchs/BRwp-1.4-0.5/BR12.txt -i 0 --min_fr=0.98 0.733000 0.493600
../../problems/clp/benchs/BRwp-1.4-0.5/BR12.txt -i 1 --min_fr=0.98 0.636100 0.481900
../../problems/clp/benchs/BRwp-1.4-0.5/BR12.txt -i 2 --min_fr=0.98 0.572800 0.285700
../../problems/clp/benchs/BRwp-1.4-0.5/BR12.txt -i 3 --min_fr=0.98 0.582400 0.421000
../../problems/clp/benchs/BRwp-1.4-0.5/BR12.txt -i 4 --min_fr=0.98 0.563800 0.346100
../../problems/clp/benchs/BRwp-1.4-0.5/BR12.txt -i 5 --min_fr=0.98 0.561100 0.337200
../../problems/clp/benchs/BRwp-1.4-0.5/BR12.txt -i 6 --min_fr=0.98 0.547100 0.262000
../../problems/clp/benchs/BRwp-1.4-0.5/BR12.txt -i 7 --min_fr=0.98 0.721800 0.541200
../../problems/clp/benchs/BRwp-1.4-0.5/BR12.txt -i 8 --min_fr=0.98 0.619500 0.471300
../../problems/clp/benchs/BRwp-1.4-0.5/BR12.txt -i 9 --min_fr=0.98 0.611900 0.316400
../../problems/clp/benchs/BRwp-1.4-0.5/BR12.txt -i 10 --min_fr=0.98 0.604200 0.276000
../../problems/clp/benchs/BRwp-1.4-0.5/BR12.txt -i 11 --min_fr=0.98 0.727300 0.565800
../../problems/clp/benchs/BRwp-1.4-0.5/BR12.txt -i 12 --min_fr=0.98 0.635800 0.353000
../../problems/clp/benchs/BRwp-1.4-0.5/BR12.txt -i 13 --min_fr=0.98 0.554400 0.388100
../../problems/clp/benchs/BRwp-1.4-0.5/BR12.txt -i 14 --min_fr=0.98 0.603400 0.489200
../../problems/clp/benchs/BRwp-1.4-0.5/BR12.txt -i 15 --min_fr=0.98 0.788200 0.489800
../../problems/clp/benchs/BRwp-1.4-0.5/BR12.txt -i 16 --min_fr=0.98 0.627700 0.394600
../../problems/clp/benchs/BRwp-1.4-0.5/BR12.txt -i 17 --min_fr=0.98 0.614100 0.389100
../../problems/clp/benchs/BRwp-1.4-0.5/BR12.txt -i 18 --min_fr=0.98 0.532800 0.361600
../../problems/clp/benchs/BRwp-1.4-0.5/BR12.txt -i 19 --min_fr=0.98 0.545500 0.333400
../../problems/clp/benchs/BRwp-1.4-0.5/BR13.txt -i 0 --min_fr=0.98 0.658900 0.407000
../../problems/clp/benchs/BRwp-1.4-0.5/BR13.txt -i 1 --min_fr=0.98 0.611700 0.364400
../../problems/clp/benchs/BRwp-1.4-0.5/BR13.txt -i 2 --min_fr=0.98 0.558800 0.333300
../../problems/clp/benchs/BRwp-1.4-0.5/BR13.txt -i 3 --min_fr=0.98 0.497700 0.272900
../../problems/clp/benchs/BRwp-1.4-0.5/BR13.txt -i 4 --min_fr=0.98 0.651700 0.403900
../../problems/clp/benchs/BRwp-1.4-0.5/BR13.txt -i 5 --min_fr=0.98 0.566000 0.374700
../../problems/clp/benchs/BRwp-1.4-0.5/BR13.txt -i 6 --min_fr=0.98 0.665200 0.472100
../../problems/clp/benchs/BRwp-1.4-0.5/BR13.txt -i 7 --min_fr=0.98 0.546000 0.342700
../../problems/clp/benchs/BRwp-1.4-0.5/BR13.txt -i 8 --min_fr=0.98 0.570900 0.413700
../../problems/clp/benchs/BRwp-1.4-0.5/BR13.txt -i 9 --min_fr=0.98 0.568800 0.379300
../../problems/clp/benchs/BRwp-1.4-0.5/BR13.txt -i 10 --min_fr=0.98 0.540600 0.366100
../../problems/clp/benchs/BRwp-1.4-0.5/BR13.txt -i 11 --min_fr=0.98 0.607200 0.405000
../../problems/clp/benchs/BRwp-1.4-0.5/BR13.txt -i 12 --min_fr=0.98 0.676000 0.249700
../../problems/clp/benchs/BRwp-1.4-0.5/BR13.txt -i 13 --min_fr=0.98 0.625300 0.299200
../../problems/clp/benchs/BRwp-1.4-0.5/BR13.txt -i 14 --min_fr=0.98 0.584600 0.413600
../../problems/clp/benchs/BRwp-1.4-0.5/BR13.txt -i 15 --min_fr=0.98 0.671400 0.488700
../../problems/clp/benchs/BRwp-1.4-0.5/BR13.txt -i 16 --min_fr=0.98 0.611600 0.413900
../../problems/clp/benchs/BRwp-1.4-0.5/BR13.txt -i 17 --min_fr=0.98 0.657300 0.472900
../../problems/clp/benchs/BRwp-1.4-0.5/BR13.txt -i 18 --min_fr=0.98 0.682900 0.415900
../../problems/clp/benchs/BRwp-1.4-0.5/BR13.txt -i 19 --min_fr=0.98 0.582900 0.434200
../../problems/clp/benchs/BRwp-1.4-0.5/BR14.txt -i 0 --min_fr=0.98 0.663100 0.394500
../../problems/clp/benchs/BRwp-1.4-0.5/BR14.txt -i 1 --min_fr=0.98 0.642800 0.461900
../../problems/clp/benchs/BRwp-1.4-0.5/BR14.txt -i 2 --min_fr=0.98 0.520300 0.320500
../../problems/clp/benchs/BRwp-1.4-0.5/BR14.txt -i 3 --min_fr=0.98 0.643400 0.490800
../../problems/clp/benchs/BRwp-1.4-0.5/BR14.txt -i 4 --min_fr=0.98 0.482500 0.190200
../../problems/clp/benchs/BRwp-1.4-0.5/BR14.txt -i 5 --min_fr=0.98 0.722500 0.507300
../../problems/clp/benchs/BRwp-1.4-0.5/BR14.txt -i 6 --min_fr=0.98 0.584700 0.380900
../../problems/clp/benchs/BRwp-1.4-0.5/BR14.txt -i 7 --min_fr=0.98 0.573400 0.401600
../../problems/clp/benchs/BRwp-1.4-0.5/BR14.txt -i 8 --min_fr=0.98 0.675900 0.488300
../../problems/clp/benchs/BRwp-1.4-0.5/BR14.txt -i 9 --min_fr=0.98 0.603200 0.237700
../../problems/clp/benchs/BRwp-1.4-0.5/BR14.txt -i 10 --min_fr=0.98 0.588700 0.357600
../../problems/clp/benchs/BRwp-1.4-0.5/BR14.txt -i 11 --min_fr=0.98 0.573300 0.322900
../../problems/clp/benchs/BRwp-1.4-0.5/BR14.txt -i 12 --min_fr=0.98 0.720400 0.474600
../../problems/clp/benchs/BRwp-1.4-0.5/BR14.txt -i 13 --min_fr=0.98 0.606100 0.425500
../../problems/clp/benchs/BRwp-1.4-0.5/BR14.txt -i 14 --min_fr=0.98 0.739900 0.413000
../../problems/clp/benchs/BRwp-1.4-0.5/BR14.txt -i 15 --min_fr=0.98 0.617900 0.405200
../../problems/clp/benchs/BRwp-1.4-0.5/BR14.txt -i 16 --min_fr=0.98 0.520100 0.225000
../../problems/clp/benchs/BRwp-1.4-0.5/BR14.txt -i 17 --min_fr=0.98 0.672000 0.438400
../../problems/clp/benchs/BRwp-1.4-0.5/BR14.txt -i 18 --min_fr=0.98 0.679700 0.435500
../../problems/clp/benchs/BRwp-1.4-0.5/BR14.txt -i 19 --min_fr=0.98 0.621200 0.318400
../../problems/clp/benchs/BRwp-1.4-0.5/BR15.txt -i 0 --min_fr=0.98 0.679400 0.454500
../../problems/clp/benchs/BRwp-1.4-0.5/BR15.txt -i 1 --min_fr=0.98 0.630600 0.456100
../../problems/clp/benchs/BRwp-1.4-0.5/BR15.txt -i 2 --min_fr=0.98 0.620000 0.399700
../../problems/clp/benchs/BRwp-1.4-0.5/BR15.txt -i 3 --min_fr=0.98 0.722800 0.457600
../../problems/clp/benchs/BRwp-1.4-0.5/BR15.txt -i 4 --min_fr=0.98 0.622100 0.343400
../../problems/clp/benchs/BRwp-1.4-0.5/BR15.txt -i 5 --min_fr=0.98 0.650200 0.487900
../../problems/clp/benchs/BRwp-1.4-0.5/BR15.txt -i 6 --min_fr=0.98 0.590600 0.299500
../../problems/clp/benchs/BRwp-1.4-0.5/BR15.txt -i 7 --min_fr=0.98 0.517900 0.342000
../../problems/clp/benchs/BRwp-1.4-0.5/BR15.txt -i 8 --min_fr=0.98 0.622900 0.445700
../../problems/clp/benchs/BRwp-1.4-0.5/BR15.txt -i 9 --min_fr=0.98 0.609900 0.332100
../../problems/clp/benchs/BRwp-1.4-0.5/BR15.txt -i 10 --min_fr=0.98 0.645000 0.439300
../../problems/clp/benchs/BRwp-1.4-0.5/BR15.txt -i 11 --min_fr=0.98 0.574400 0.278000
../../problems/clp/benchs/BRwp-1.4-0.5/BR15.txt -i 12 --min_fr=0.98 0.569600 0.312600
../../problems/clp/benchs/BRwp-1.4-0.5/BR15.txt -i 13 --min_fr=0.98 0.723700 0.462100
../../problems/clp/benchs/BRwp-1.4-0.5/BR15.txt -i 14 --min_fr=0.98 0.679400 0.482500
../../problems/clp/benchs/BRwp-1.4-0.5/BR15.txt -i 15 --min_fr=0.98 0.660300 0.482800
../../problems/clp/benchs/BRwp-1.4-0.5/BR15.txt -i 16 --min_fr=0.98 0.586000 0.249500
../../problems/clp/benchs/BRwp-1.4-0.5/BR15.txt -i 17 --min_fr=0.98 0.617500 0.299700
../../problems/clp/benchs/BRwp-1.4-0.5/BR15.txt -i 18 --min_fr=0.98 0.631200 0.354700
../../problems/clp/benchs/BRwp-1.4-0.5/BR15.txt -i 19 --min_fr=0.98 0.605400 0.308500
