0.088855 16
0.032921 15
0.103875 15
2.83446 13
0.081191 13
0.069122 13
0.166577 16
0.125256 18
0.060111 12
0.28682 12
0.256661 26
0.183841 32
2.63174 30
5.48475 28
0.161531 29
0.40101 27
1.93131 25
0.411599 30
2.09644 26
0.190937 31
0.865227 36
0.464697 42
0.799809 36
1.13404 40
1.01177 40
2.25925 43
0.802692 38
2.2854 43
0.235235 42
3.23456 38
1.27266 51
4.02116 51
1.38074 58
3.44057 54
6.18667 59
7.41089 54
2.03035 59
1.04142 57
4.37853 53
0.890416 60
0.319095 15
0.063837 16
0.1077 17
0.157466 12
0.147556 14
0.108584 14
0.117795 16
0.169582 16
0.196812 13
0.486196 12
0.455381 26
0.132464 29
0.186991 29
1.01192 28
0.181567 30
0.664912 29
9.69783 24
1.41434 26
0.720757 27
0.174888 31
3.23635 37
9.73087 40
0.52747 37
0.512477 36
4.20106 42
0.819049 45
0.447738 41
1.84026 40
1.72607 42
3.24675 40
0.324696 52
3.12228 53
1.76242 58
1.55933 55
5.71789 56
6.49355 52
1.84927 56
0.371711 58
8.877 51
1.0695 52
0.054955 16
0.236557 15
0.149161 13
2.85219 13
0.207753 14
0.09326 13
0.152053 17
0.058573 16
7.23522 11
0.267195 13
1.92077 26
0.653664 28
0.297861 31
0.490438 27
0.632158 30
8.11764 27
0.498233 25
0.201639 26
1.62881 28
0.053622 31
1.55145 40
0.282483 42
0.667842 35
1.34541 39
0.531262 42
0.551155 44
0.634356 40
0.267484 44
0.98642 46
0.20468 40
0.258931 56
2.52588 18
0.950063 61
1.37547 53
0.859059 56
0.853109 54
4.58967 56
1.388 53
1.46067 55
6.06702 53
0.080328 25
0.078196 28
0.001737 34
0.000921 32
0.000922 35
0.080351 28
0.000926 28
0.001699 30
0.001953 27
0.001194 9
0.227384 52
0.127027 55
0.01373 62
0.00286 56
0.002928 62
0.001969 66
0.003067 58
0.002889 61
0.001927 58
0.2157 60
0.003155 90
0.003125 97
0.172342 78
0.217362 75
0.204161 87
0.463285 86
0.008313 84
0.202483 93
0.011325 92
0.004088 88
0.268225 114
2.30938 109
0.315224 130
0.283287 119
0.333388 122
0.250073 118
0.292332 116
0.315752 112
0.005629 124
0.005677 129
0.100386 11
0.082098 9
0.049465 7
0.00094 7
0.073238 7
0.202986 9
0.056802 11
0.069058 11
0.149834 7
0.247003 6
0.625614 14
0.002717 18
0.068691 19
2.23285 16
0.136905 18
0.331776 11
1.4077 12
0.510783 15
1.83763 15
0.118571 17
0.976777 17
0.762462 21
0.810711 21
0.818109 23
0.582802 22
0.337257 26
0.451696 22
0.92367 18
8.53703 25
0.115767 20
4.50857 29
0.396762 30
0.101666 31
0.409035 28
0.536684 28
0.816265 25
2.92516 29
7.14876 34
2.05681 26
1.32684 26
0.060044 12
0.198361 10
0.084974 13
0.132545 10
0.034302 9
0.105246 11
0.131376 10
0.427173 10
0.082013 9
0.103587 9
0.305053 18
0.129235 23
0.146082 25
0.123198 24
0.374048 20
0.50176 31
0.130087 23
0.49247 23
0.144773 24
0.576327 23
1.26354 32
0.58433 33
0.111567 36
2.26968 29
0.35627 40
0.47733 30
0.266508 36
0.223406 33
0.90553 34
0.386217 38
4.1195 39
1.34215 38
1.09061 52
4.84364 40
1.64055 42
1.06504 43
8.83332 43
1.20336 51
1.67283 38
2.06027 48
0.054903 10
1.21118 6
0.046911 7
0.100156 6
0.001216 8
0.007675 8
0.082657 9
0.126535 6
0.075352 6
0.073049 10
1.70596 12
1.39203 13
0.435476 12
0.764347 14
5.28681 12
4.20067 12
0.800291 17
0.048322 11
0.381612 15
1.11795 13
0.853487 17
0.404692 18
4.12613 16
2.07083 16
1.0229 22
1.28036 16
0.904354 18
4.88848 17
5.06194 18
1.53613 15
0.946269 26
0.530963 26
0.682304 28
2.06852 31
0.554021 23
6.46689 25
5.95613 29
2.55663 25
2.03375 24
0.570838 3
0.000943 10
0.21034 7
0.066972 11
0.268762 9
0.095714 8
0.19822 7
0.115865 13
0.162329 11
0.011372 10
0.10203 9
0.176365 18
2.523 18
0.405463 19
0.143121 19
0.354233 15
0.070028 21
0.161276 18
0.786961 19
0.228131 19
0.134907 28
2.2314 28
9.56475 25
4.3905 27
4.21865 23
3.03211 22
0.195837 25
2.77089 27
0.618024 26
1.25681 24
4.29636 27
2.28479 33
1.90958 32
0.984592 33
8.43111 31
1.60312 31
2.22923 33
1.18389 35
9.16623 29
7.95929 29
8.58872 31