0.0889 +- -1.00 (1)
0.0329 +- -1.00 (1)
0.1039 +- -1.00 (1)
2.8345 +- -1.00 (1)
0.0812 +- -1.00 (1)
0.0691 +- -1.00 (1)
0.1666 +- -1.00 (1)
0.1253 +- -1.00 (1)
0.0601 +- -1.00 (1)
0.2868 +- -1.00 (1)
0.2567 +- -1.00 (1)
0.1838 +- -1.00 (1)
2.6317 +- -1.00 (1)
5.4847 +- -1.00 (1)
0.1615 +- -1.00 (1)
0.4010 +- -1.00 (1)
1.9313 +- -1.00 (1)
0.4116 +- -1.00 (1)
2.0964 +- -1.00 (1)
0.1909 +- -1.00 (1)
0.8652 +- -1.00 (1)
0.4647 +- -1.00 (1)
0.7998 +- -1.00 (1)
1.1340 +- -1.00 (1)
1.0118 +- -1.00 (1)
2.2592 +- -1.00 (1)
0.8027 +- -1.00 (1)
2.2854 +- -1.00 (1)
0.2352 +- -1.00 (1)
3.2346 +- -1.00 (1)
1.2727 +- -1.00 (1)
4.0212 +- -1.00 (1)
1.3807 +- -1.00 (1)
3.4406 +- -1.00 (1)
6.1867 +- -1.00 (1)
7.4109 +- -1.00 (1)
2.0303 +- -1.00 (1)
1.0414 +- -1.00 (1)
4.3785 +- -1.00 (1)
0.8904 +- -1.00 (1)
0.3191 +- -1.00 (1)
0.0638 +- -1.00 (1)
0.1077 +- -1.00 (1)
0.1575 +- -1.00 (1)
0.1476 +- -1.00 (1)
0.1086 +- -1.00 (1)
0.1178 +- -1.00 (1)
0.1696 +- -1.00 (1)
0.1968 +- -1.00 (1)
0.4862 +- -1.00 (1)
0.4554 +- -1.00 (1)
0.1325 +- -1.00 (1)
0.1870 +- -1.00 (1)
1.0119 +- -1.00 (1)
0.1816 +- -1.00 (1)
0.6649 +- -1.00 (1)
9.6978 +- -1.00 (1)
1.4143 +- -1.00 (1)
0.7208 +- -1.00 (1)
0.1749 +- -1.00 (1)
3.2364 +- -1.00 (1)
9.7309 +- -1.00 (1)
0.5275 +- -1.00 (1)
0.5125 +- -1.00 (1)
4.2011 +- -1.00 (1)
0.8190 +- -1.00 (1)
0.4477 +- -1.00 (1)
1.8403 +- -1.00 (1)
1.7261 +- -1.00 (1)
3.2468 +- -1.00 (1)
0.3247 +- -1.00 (1)
3.1223 +- -1.00 (1)
1.7624 +- -1.00 (1)
1.5593 +- -1.00 (1)
5.7179 +- -1.00 (1)
6.4935 +- -1.00 (1)
1.8493 +- -1.00 (1)
0.3717 +- -1.00 (1)
8.8770 +- -1.00 (1)
1.0695 +- -1.00 (1)
0.0550 +- -1.00 (1)
0.2366 +- -1.00 (1)
0.1492 +- -1.00 (1)
2.8522 +- -1.00 (1)
0.2078 +- -1.00 (1)
0.0933 +- -1.00 (1)
0.1521 +- -1.00 (1)
0.0586 +- -1.00 (1)
7.2352 +- -1.00 (1)
0.2672 +- -1.00 (1)
1.9208 +- -1.00 (1)
0.6537 +- -1.00 (1)
0.2979 +- -1.00 (1)
0.4904 +- -1.00 (1)
0.6322 +- -1.00 (1)
8.1176 +- -1.00 (1)
0.4982 +- -1.00 (1)
0.2016 +- -1.00 (1)
1.6288 +- -1.00 (1)
0.0536 +- -1.00 (1)
1.5515 +- -1.00 (1)
0.2825 +- -1.00 (1)
0.6678 +- -1.00 (1)
1.3454 +- -1.00 (1)
0.5313 +- -1.00 (1)
0.5512 +- -1.00 (1)
0.6344 +- -1.00 (1)
0.2675 +- -1.00 (1)
0.9864 +- -1.00 (1)
0.2047 +- -1.00 (1)
0.2589 +- -1.00 (1)
2.5259 +- -1.00 (1)
0.9501 +- -1.00 (1)
1.3755 +- -1.00 (1)
0.8591 +- -1.00 (1)
0.8531 +- -1.00 (1)
4.5897 +- -1.00 (1)
1.3880 +- -1.00 (1)
1.4607 +- -1.00 (1)
6.0670 +- -1.00 (1)
0.0803 +- -1.00 (1)
0.0782 +- -1.00 (1)
0.0017 +- -1.00 (1)
0.0009 +- -1.00 (1)
0.0009 +- -1.00 (1)
0.0804 +- -1.00 (1)
0.0009 +- -1.00 (1)
0.0017 +- -1.00 (1)
0.0020 +- -1.00 (1)
0.0012 +- -1.00 (1)
0.2274 +- -1.00 (1)
0.1270 +- -1.00 (1)
0.0137 +- -1.00 (1)
0.0029 +- -1.00 (1)
0.0029 +- -1.00 (1)
0.0020 +- -1.00 (1)
0.0031 +- -1.00 (1)
0.0029 +- -1.00 (1)
0.0019 +- -1.00 (1)
0.2157 +- -1.00 (1)
0.0032 +- -1.00 (1)
0.0031 +- -1.00 (1)
0.1723 +- -1.00 (1)
0.2174 +- -1.00 (1)
0.2042 +- -1.00 (1)
0.4633 +- -1.00 (1)
0.0083 +- -1.00 (1)
0.2025 +- -1.00 (1)
0.0113 +- -1.00 (1)
0.0041 +- -1.00 (1)
0.2682 +- -1.00 (1)
2.3094 +- -1.00 (1)
0.3152 +- -1.00 (1)
0.2833 +- -1.00 (1)
0.3334 +- -1.00 (1)
0.2501 +- -1.00 (1)
0.2923 +- -1.00 (1)
0.3158 +- -1.00 (1)
0.0056 +- -1.00 (1)
0.0057 +- -1.00 (1)
0.1004 +- -1.00 (1)
0.0821 +- -1.00 (1)
0.0495 +- -1.00 (1)
0.0009 +- -1.00 (1)
0.0732 +- -1.00 (1)
0.2030 +- -1.00 (1)
0.0568 +- -1.00 (1)
0.0691 +- -1.00 (1)
0.1498 +- -1.00 (1)
0.2470 +- -1.00 (1)
0.6256 +- -1.00 (1)
0.0027 +- -1.00 (1)
0.0687 +- -1.00 (1)
2.2329 +- -1.00 (1)
0.1369 +- -1.00 (1)
0.3318 +- -1.00 (1)
1.4077 +- -1.00 (1)
0.5108 +- -1.00 (1)
1.8376 +- -1.00 (1)
0.1186 +- -1.00 (1)
0.9768 +- -1.00 (1)
0.7625 +- -1.00 (1)
0.8107 +- -1.00 (1)
0.8181 +- -1.00 (1)
0.5828 +- -1.00 (1)
0.3373 +- -1.00 (1)
0.4517 +- -1.00 (1)
0.9237 +- -1.00 (1)
8.5370 +- -1.00 (1)
0.1158 +- -1.00 (1)
4.5086 +- -1.00 (1)
0.3968 +- -1.00 (1)
0.1017 +- -1.00 (1)
0.4090 +- -1.00 (1)
0.5367 +- -1.00 (1)
0.8163 +- -1.00 (1)
2.9252 +- -1.00 (1)
7.1488 +- -1.00 (1)
2.0568 +- -1.00 (1)
1.3268 +- -1.00 (1)
0.0600 +- -1.00 (1)
0.1984 +- -1.00 (1)
0.0850 +- -1.00 (1)
0.1325 +- -1.00 (1)
0.0343 +- -1.00 (1)
0.1052 +- -1.00 (1)
0.1314 +- -1.00 (1)
0.4272 +- -1.00 (1)
0.0820 +- -1.00 (1)
0.1036 +- -1.00 (1)
0.3051 +- -1.00 (1)
0.1292 +- -1.00 (1)
0.1461 +- -1.00 (1)
0.1232 +- -1.00 (1)
0.3740 +- -1.00 (1)
0.5018 +- -1.00 (1)
0.1301 +- -1.00 (1)
0.4925 +- -1.00 (1)
0.1448 +- -1.00 (1)
0.5763 +- -1.00 (1)
1.2635 +- -1.00 (1)
0.5843 +- -1.00 (1)
0.1116 +- -1.00 (1)
2.2697 +- -1.00 (1)
0.3563 +- -1.00 (1)
0.4773 +- -1.00 (1)
0.2665 +- -1.00 (1)
0.2234 +- -1.00 (1)
0.9055 +- -1.00 (1)
0.3862 +- -1.00 (1)
4.1195 +- -1.00 (1)
1.3421 +- -1.00 (1)
1.0906 +- -1.00 (1)
4.8436 +- -1.00 (1)
1.6406 +- -1.00 (1)
1.0650 +- -1.00 (1)
8.8333 +- -1.00 (1)
1.2034 +- -1.00 (1)
1.6728 +- -1.00 (1)
2.0603 +- -1.00 (1)
0.0549 +- -1.00 (1)
1.2112 +- -1.00 (1)
0.0469 +- -1.00 (1)
0.1002 +- -1.00 (1)
0.0012 +- -1.00 (1)
0.0077 +- -1.00 (1)
0.0827 +- -1.00 (1)
0.1265 +- -1.00 (1)
0.0754 +- -1.00 (1)
0.0730 +- -1.00 (1)
1.7060 +- -1.00 (1)
1.3920 +- -1.00 (1)
0.4355 +- -1.00 (1)
0.7643 +- -1.00 (1)
5.2868 +- -1.00 (1)
4.2007 +- -1.00 (1)
0.8003 +- -1.00 (1)
0.0483 +- -1.00 (1)
0.3816 +- -1.00 (1)
1.1179 +- -1.00 (1)
0.8535 +- -1.00 (1)
0.4047 +- -1.00 (1)
4.1261 +- -1.00 (1)
2.0708 +- -1.00 (1)
1.0229 +- -1.00 (1)
1.2804 +- -1.00 (1)
0.9044 +- -1.00 (1)
4.8885 +- -1.00 (1)
5.0619 +- -1.00 (1)
1.5361 +- -1.00 (1)
0.9463 +- -1.00 (1)
0.5310 +- -1.00 (1)
0.6823 +- -1.00 (1)
2.0685 +- -1.00 (1)
0.5540 +- -1.00 (1)
6.4669 +- -1.00 (1)
5.9561 +- -1.00 (1)
2.5566 +- -1.00 (1)
2.0338 +- -1.00 (1)
0.5708 +- -1.00 (1)
0.0009 +- -1.00 (1)
0.2103 +- -1.00 (1)
0.0670 +- -1.00 (1)
0.2688 +- -1.00 (1)
0.0957 +- -1.00 (1)
0.1982 +- -1.00 (1)
0.1159 +- -1.00 (1)
0.1623 +- -1.00 (1)
0.0114 +- -1.00 (1)
0.1020 +- -1.00 (1)
0.1764 +- -1.00 (1)
2.5230 +- -1.00 (1)
0.4055 +- -1.00 (1)
0.1431 +- -1.00 (1)
0.3542 +- -1.00 (1)
0.0700 +- -1.00 (1)
0.1613 +- -1.00 (1)
0.7870 +- -1.00 (1)
0.2281 +- -1.00 (1)
0.1349 +- -1.00 (1)
2.2314 +- -1.00 (1)
9.5647 +- -1.00 (1)
4.3905 +- -1.00 (1)
4.2186 +- -1.00 (1)
3.0321 +- -1.00 (1)
0.1958 +- -1.00 (1)
2.7709 +- -1.00 (1)
0.6180 +- -1.00 (1)
1.2568 +- -1.00 (1)
4.2964 +- -1.00 (1)
2.2848 +- -1.00 (1)
1.9096 +- -1.00 (1)
0.9846 +- -1.00 (1)
8.4311 +- -1.00 (1)
1.6031 +- -1.00 (1)
2.2292 +- -1.00 (1)
1.1839 +- -1.00 (1)
9.1662 +- -1.00 (1)
7.9593 +- -1.00 (1)
8.5887 +- -1.00 (1)
