12 448
11 450
11 459
9 455
9 532
9 482
12 414
13 316
9 489
8 541
19 645
23 551
23 446
22 548
21 519
20 693
19 583
22 657
20 542
23 533
27 717
32 656
28 689
29 701
29 526
32 615
28 646
31 656
32 495
28 618
38 693
38 590
43 655
40 630
43 665
41 805
44 711
42 608
40 620
44 637
12 427
12 408
12 453
9 526
11 480
11 392
12 435
12 319
9 466
8 422
19 597
20 551
21 458
20 488
22 589
22 434
18 571
19 615
20 515
23 498
28 750
30 616
28 666
27 745
31 552
32 600
29 691
29 671
31 661
31 645
39 717
40 607
42 614
41 577
41 697
39 742
40 640
43 606
39 578
40 616
12 433
10 428
9 510
10 509
11 439
9 412
12 374
12 367
8 537
9 560
19 620
21 548
23 594
20 492
22 528
20 583
19 593
20 574
20 483
22 538
28 653
32 676
25 652
28 701
29 627
32 599
29 640
32 630
34 587
29 618
41 656
44 565
44 654
40 625
42 610
40 776
41 610
39 611
40 606
40 641
20 225
22 228
27 213
25 256
28 214
22 167
22 227
24 149
21 205
21 284
41 512
44 527
49 355
44 503
49 515
52 433
46 438
48 392
46 433
48 444
72 763
77 684
62 657
60 724
69 486
68 564
67 670
73 625
73 484
70 660
91 757
87 685
104 732
94 803
97 755
93 800
92 829
88 758
99 689
103 908
8 745
7 784
5 887
5 601
5 833
6 601
8 680
8 599
5 893
4 860
11 951
13 868
14 908
12 793
14 935
8 984
9 920
12 990
12 927
12 936
12 967
16 956
16 946
17 952
16 986
20 840
16 957
14 989
20 997
15 794
23 964
22 834
25 933
21 934
20 965
20 933
22 992
25 951
20 985
20 990
8 774
8 745
9 402
8 749
7 712
8 539
7 673
8 444
6 691
7 660
14 326
16 322
18 322
19 405
15 248
23 211
16 223
17 285
17 260
16 326
25 446
26 448
27 526
22 447
31 327
23 309
28 291
24 400
26 313
29 339
31 412
30 419
40 494
31 456
32 402
33 440
32 409
36 458
29 502
36 532
8 774
4 968
5 971
4 967
6 988
5 936
7 943
4 952
4 977
8 876
9 973
10 985
9 980
10 973
9 965
9 995
13 987
8 993
12 988
9 989
12 994
13 984
12 998
12 984
16 953
12 987
13 986
13 994
14 991
12 974
20 973
19 987
20 977
23 972
16 979
19 971
21 962
18 984
17 967
20 994
8 788
5 881
8 721
6 672
6 784
5 861
10 577
8 659
7 744
7 857
14 876
14 895
14 829
15 891
11 969
16 850
13 893
15 903
15 920
22 732
21 887
20 945
20 883
17 894
16 929
19 944
20 932
20 857
18 942
20 876
25 889
24 937
24 945
24 882
24 877
25 935
26 888
22 967
22 947
24 905