15 0.297304
14 0.294157
14 0.25652301
11 0.35235
12 0.43693599
12 0.47999501
16 0.25235799
17 0.37608799
12 0.265784
11 0.70206201
24 1.828257
29 1.316765
29 1.278738
27 1.044911
27 0.95628899
25 1.585435
24 1.094612
28 1.2055809
25 1.299533
29 1.368428
34 3.80638
40 2.7150109
35 6.2827549
36 8.0818167
38 2.4698901
41 3.4894159
36 14.227558
39 10.568034
40 8.0940857
35 3.3124771
48 19.906412
49 26.99176
55 69.968803
51 14.008164
54 29.187208
53 82.750565
56 9.0158644
53 23.650597
50 24.209595
56 18.46324
15 0.30174801
15 0.297465
15 0.233688
12 0.52877599
14 0.38795501
14 0.37794799
15 0.20805401
16 0.31929901
12 0.26780999
11 0.48501301
24 1.745172
26 2.7221739
27 0.83369499
25 1.292541
28 1.525726
27 2.1598599
23 1.116075
24 1.273389
25 1.013602
28 1.5978971
35 2.0976019
39 6.3037739
35 10.209348
34 6.5925379
39 1.215717
41 2.32634
37 11.72286
36 4.3459091
40 6.3092208
39 2.5220749
49 19.371441
50 5.5619822
54 63.696472
52 10.667696
52 26.290831

51 8.3656254
55 13.010393
49 11.508152
51 15.85086
15 0.40083301
13 0.411522
12 0.23120201
12 0.43901899
14 0.39170399
12 0.45008501
16 0.200948
16 0.340527
11 0.330966
13 0.73811501
24 2.9533229
27 1.867758
29 0.83566499
26 0.91153401
28 1.090705
26 3.1040211
23 1.009604
25 1.918714
56 1.169655
29 3.894697
35 3.8806911
40 2.4695921
32 17.744078
36 4.0483541
37 2.419101
41 2.7011759
37 11.924382
40 4.1666021
43 2.655813
36 2.8710041
52 8.410574
53 6.8889999
55 28.594862
50 16.615318
54 29.329832
50 26.986816
53 10.472051
50 72.692513
85 8.0488243
50 7.6443772
25 0.212815
28 0.193675
34 0.136565
32 0.244377
35 0.24989501
28 0.249009
28 0.143856
30 0.248107
27 0.16456901
27 0.3538
52 1.50256
55 1.072237
62 0.384792
56 0.787467
62 0.65318602
66 0.92154998
58 0.64016199
61 0.62426102
58 0.583965
60 1.011465
90 1.282941
97 1.584044
78 4.6918879
75 2.289619
87 0.58673799
86 1.268325
84 5.0154271
92 2.4848759
91 1.776253
88 1.9019639
114 4.2084141
109 5.3803978
131 7.8877649
118 2.1889341
122 4.7426062
117 14.169499
116 4.3013659
111 8.4025879
124 3.2065001
129 2.5013909
11 1.301414
9 1.162165
7 2.215781
7 2.409539
7 2.5857899
8 2.005903
11 0.86395401
11 1.334797
7 1.885276
6 2.792146
14 4.755372
17 4.623332
18 4.5760589
15 2.661242
18 4.700604
11 6.6192279
12 4.5418658
15 4.7403049
15 3.1388061
16 4.4645181
17 7.832006
20 7.5985441
20 23.858742
22 12.151434
20 6.3169322
25 5.2287269
20 8.7551632
18 13.089465
24 18.226608
19 6.618216
29 17.002949
28 10.469789
31 63.967018
27 11.341545
26 26.383579
25 21.628019
36 8.9486322
32 20.290064
26 12.962819
24 19.276852
12 0.46813399
10 0.67167699
12 0.37142301
10 0.66767699
9 0.548365
11 0.30290699
9 0.53188699
10 0.29463699
8 0.604572
9 0.67212403
18 24.182068
20 3.508754
22 4.881485
22 2.9527309
19 8.0546761
29 3.8183041
21 15.593674
22 27.199924
22 5.94103
22 34.092274
31 34.660595
32 35.683235
33 36.592323
27 33.510891
39 33.277107
28 28.093693
35 30.823624
32 32.979362
33 29.779646
36 34.736233
39 31.468168
36 32.7813
51 33.049618
39 31.000385
41 32.485512
42 30.917892
41 34.02721
46 32.31192
36 35.519417
45 34.725513
10 1.095909
6 1.6768579
7 1.192759
6 1.760729
8 2.068078
7 1.342996
9 1.116649
6 1.438998
6 1.35623
10 0.77935398
11 2.6525071
13 3.050014
12 2.4341991
13 2.0705459
12 2.167742
12 3.4087729
17 2.3830769
10 2.963964
15 1.974164
12 1.833473
16 4.542408
17 6.3036208
16 8.6914749
16 3.721823
20 4.4987488
16 6.3269591
17 4.6674552
16 5.4072461
17 4.2797532
14 5.3008919
25 8.0559273
23 14.596543
26 17.668386
29 9.9315233
21 11.206773
24 12.724425
27 15.117162
23 18.078533
22 16.648129
25 33.810928
10 0.96651798
7 1.192795
11 0.823241
9 0.97166198
8 1.236917
7 1.733273
13 0.46024799
11 0.88450599
9 0.91626501
9 1.15286
18 2.80568
18 1.7760921
18 1.628086
19 2.6600721
14 3.1465969
20 2.1985421
17 2.4039021
19 2.302325
19 2.492125
28 1.778296
27 2.2373309
24 4.7321281
25 2.388922
22 4.0727301
21 5.60783
24 3.834156
25 4.3093162
25 5.294951
22 4.5079508
26 3.827538
30 11.501041
30 12.006914
32 6.8402109
30 12.839038
30 6.2170448
31 20.243685
33 8.5499649
28 10.162897

30 11.00241