7.0000 +- -1.00 (1)
7.0000 +- -1.00 (1)
7.0000 +- -1.00 (1)
5.0000 +- -1.00 (1)
6.0000 +- -1.00 (1)
6.0000 +- -1.00 (1)
8.0000 +- -1.00 (1)
8.0000 +- -1.00 (1)
6.0000 +- -1.00 (1)
6.0000 +- -1.00 (1)
12.0000 +- -1.00 (1)
15.0000 +- -1.00 (1)
14.0000 +- -1.00 (1)
13.0000 +- -1.00 (1)
13.0000 +- -1.00 (1)
12.0000 +- -1.00 (1)
12.0000 +- -1.00 (1)
14.0000 +- -1.00 (1)
12.0000 +- -1.00 (1)
14.0000 +- -1.00 (1)
17.0000 +- -1.00 (1)
21.0000 +- -1.00 (1)
17.0000 +- -1.00 (1)
18.0000 +- -1.00 (1)
18.0000 +- -1.00 (1)
20.0000 +- -1.00 (1)
18.0000 +- -1.00 (1)
19.0000 +- -1.00 (1)
21.0000 +- -1.00 (1)
18.0000 +- -1.00 (1)
24.0000 +- -1.00 (1)
24.0000 +- -1.00 (1)
28.0000 +- -1.00 (1)
25.0000 +- -1.00 (1)
27.0000 +- -1.00 (1)
27.0000 +- -1.00 (1)
27.0000 +- -1.00 (1)
26.0000 +- -1.00 (1)
25.0000 +- -1.00 (1)
28.0000 +- -1.00 (1)
7.0000 +- -1.00 (1)
7.0000 +- -1.00 (1)
7.0000 +- -1.00 (1)
6.0000 +- -1.00 (1)
7.0000 +- -1.00 (1)
7.0000 +- -1.00 (1)
7.0000 +- -1.00 (1)
8.0000 +- -1.00 (1)
6.0000 +- -1.00 (1)
5.0000 +- -1.00 (1)
12.0000 +- -1.00 (1)
14.0000 +- -1.00 (1)
13.0000 +- -1.00 (1)
12.0000 +- -1.00 (1)
14.0000 +- -1.00 (1)
13.0000 +- -1.00 (1)
11.0000 +- -1.00 (1)
12.0000 +- -1.00 (1)
12.0000 +- -1.00 (1)
15.0000 +- -1.00 (1)
18.0000 +- -1.00 (1)
19.0000 +- -1.00 (1)
17.0000 +- -1.00 (1)
17.0000 +- -1.00 (1)
20.0000 +- -1.00 (1)
20.0000 +- -1.00 (1)
18.0000 +- -1.00 (1)
19.0000 +- -1.00 (1)
20.0000 +- -1.00 (1)
19.0000 +- -1.00 (1)
24.0000 +- -1.00 (1)
26.0000 +- -1.00 (1)
26.0000 +- -1.00 (1)
26.0000 +- -1.00 (1)
27.0000 +- -1.00 (1)
24.0000 +- -1.00 (1)
25.0000 +- -1.00 (1)
26.0000 +- -1.00 (1)
24.0000 +- -1.00 (1)
25.0000 +- -1.00 (1)
7.0000 +- -1.00 (1)
7.0000 +- -1.00 (1)
6.0000 +- -1.00 (1)
7.0000 +- -1.00 (1)
8.0000 +- -1.00 (1)
6.0000 +- -1.00 (1)
8.0000 +- -1.00 (1)
8.0000 +- -1.00 (1)
6.0000 +- -1.00 (1)
6.0000 +- -1.00 (1)
12.0000 +- -1.00 (1)
13.0000 +- -1.00 (1)
14.0000 +- -1.00 (1)
13.0000 +- -1.00 (1)
15.0000 +- -1.00 (1)
13.0000 +- -1.00 (1)
12.0000 +- -1.00 (1)
13.0000 +- -1.00 (1)
13.0000 +- -1.00 (1)
14.0000 +- -1.00 (1)
17.0000 +- -1.00 (1)
20.0000 +- -1.00 (1)
16.0000 +- -1.00 (1)
19.0000 +- -1.00 (1)
19.0000 +- -1.00 (1)
20.0000 +- -1.00 (1)
19.0000 +- -1.00 (1)
21.0000 +- -1.00 (1)
21.0000 +- -1.00 (1)
18.0000 +- -1.00 (1)
26.0000 +- -1.00 (1)
27.0000 +- -1.00 (1)
27.0000 +- -1.00 (1)
25.0000 +- -1.00 (1)
26.0000 +- -1.00 (1)
25.0000 +- -1.00 (1)
26.0000 +- -1.00 (1)
25.0000 +- -1.00 (1)
26.0000 +- -1.00 (1)
25.0000 +- -1.00 (1)
12.0000 +- -1.00 (1)
14.0000 +- -1.00 (1)
17.0000 +- -1.00 (1)
16.0000 +- -1.00 (1)
17.0000 +- -1.00 (1)
14.0000 +- -1.00 (1)
14.0000 +- -1.00 (1)
15.0000 +- -1.00 (1)
13.0000 +- -1.00 (1)
13.0000 +- -1.00 (1)
26.0000 +- -1.00 (1)
27.0000 +- -1.00 (1)
31.0000 +- -1.00 (1)
28.0000 +- -1.00 (1)
31.0000 +- -1.00 (1)
33.0000 +- -1.00 (1)
29.0000 +- -1.00 (1)
30.0000 +- -1.00 (1)
29.0000 +- -1.00 (1)
30.0000 +- -1.00 (1)
45.0000 +- -1.00 (1)
48.0000 +- -1.00 (1)
39.0000 +- -1.00 (1)
37.0000 +- -1.00 (1)
43.0000 +- -1.00 (1)
43.0000 +- -1.00 (1)
42.0000 +- -1.00 (1)
46.0000 +- -1.00 (1)
45.0000 +- -1.00 (1)
44.0000 +- -1.00 (1)
57.0000 +- -1.00 (1)
54.0000 +- -1.00 (1)
65.0000 +- -1.00 (1)
58.0000 +- -1.00 (1)
61.0000 +- -1.00 (1)
58.0000 +- -1.00 (1)
58.0000 +- -1.00 (1)
55.0000 +- -1.00 (1)
62.0000 +- -1.00 (1)
64.0000 +- -1.00 (1)
5.0000 +- -1.00 (1)
4.0000 +- -1.00 (1)
3.0000 +- -1.00 (1)
3.0000 +- -1.00 (1)
3.0000 +- -1.00 (1)
4.0000 +- -1.00 (1)
5.0000 +- -1.00 (1)
5.0000 +- -1.00 (1)
3.0000 +- -1.00 (1)
3.0000 +- -1.00 (1)
8.0000 +- -1.00 (1)
8.0000 +- -1.00 (1)
9.0000 +- -1.00 (1)
7.0000 +- -1.00 (1)
9.0000 +- -1.00 (1)
5.0000 +- -1.00 (1)
6.0000 +- -1.00 (1)
7.0000 +- -1.00 (1)
7.0000 +- -1.00 (1)
8.0000 +- -1.00 (1)
8.0000 +- -1.00 (1)
10.0000 +- -1.00 (1)
11.0000 +- -1.00 (1)
11.0000 +- -1.00 (1)
11.0000 +- -1.00 (1)
12.0000 +- -1.00 (1)
10.0000 +- -1.00 (1)
8.0000 +- -1.00 (1)
13.0000 +- -1.00 (1)
9.0000 +- -1.00 (1)
14.0000 +- -1.00 (1)
15.0000 +- -1.00 (1)
15.0000 +- -1.00 (1)
13.0000 +- -1.00 (1)
13.0000 +- -1.00 (1)
12.0000 +- -1.00 (1)
14.0000 +- -1.00 (1)
16.0000 +- -1.00 (1)
13.0000 +- -1.00 (1)
13.0000 +- -1.00 (1)
6.0000 +- -1.00 (1)
5.0000 +- -1.00 (1)
6.0000 +- -1.00 (1)
5.0000 +- -1.00 (1)
4.0000 +- -1.00 (1)
5.0000 +- -1.00 (1)
4.0000 +- -1.00 (1)
5.0000 +- -1.00 (1)
4.0000 +- -1.00 (1)
4.0000 +- -1.00 (1)
10.0000 +- -1.00 (1)
10.0000 +- -1.00 (1)
11.0000 +- -1.00 (1)
12.0000 +- -1.00 (1)
10.0000 +- -1.00 (1)
13.0000 +- -1.00 (1)
10.0000 +- -1.00 (1)
11.0000 +- -1.00 (1)
12.0000 +- -1.00 (1)
11.0000 +- -1.00 (1)
15.0000 +- -1.00 (1)
17.0000 +- -1.00 (1)
16.0000 +- -1.00 (1)
14.0000 +- -1.00 (1)
20.0000 +- -1.00 (1)
14.0000 +- -1.00 (1)
17.0000 +- -1.00 (1)
16.0000 +- -1.00 (1)
17.0000 +- -1.00 (1)
18.0000 +- -1.00 (1)
20.0000 +- -1.00 (1)
18.0000 +- -1.00 (1)
26.0000 +- -1.00 (1)
20.0000 +- -1.00 (1)
20.0000 +- -1.00 (1)
21.0000 +- -1.00 (1)
21.0000 +- -1.00 (1)
22.0000 +- -1.00 (1)
18.0000 +- -1.00 (1)
23.0000 +- -1.00 (1)
5.0000 +- -1.00 (1)
3.0000 +- -1.00 (1)
4.0000 +- -1.00 (1)
3.0000 +- -1.00 (1)
4.0000 +- -1.00 (1)
3.0000 +- -1.00 (1)
4.0000 +- -1.00 (1)
3.0000 +- -1.00 (1)
3.0000 +- -1.00 (1)
5.0000 +- -1.00 (1)
6.0000 +- -1.00 (1)
6.0000 +- -1.00 (1)
6.0000 +- -1.00 (1)
6.0000 +- -1.00 (1)
6.0000 +- -1.00 (1)
6.0000 +- -1.00 (1)
8.0000 +- -1.00 (1)
5.0000 +- -1.00 (1)
7.0000 +- -1.00 (1)
7.0000 +- -1.00 (1)
8.0000 +- -1.00 (1)
8.0000 +- -1.00 (1)
8.0000 +- -1.00 (1)
8.0000 +- -1.00 (1)
10.0000 +- -1.00 (1)
8.0000 +- -1.00 (1)
9.0000 +- -1.00 (1)
9.0000 +- -1.00 (1)
9.0000 +- -1.00 (1)
8.0000 +- -1.00 (1)
12.0000 +- -1.00 (1)
12.0000 +- -1.00 (1)
13.0000 +- -1.00 (1)
14.0000 +- -1.00 (1)
11.0000 +- -1.00 (1)
11.0000 +- -1.00 (1)
14.0000 +- -1.00 (1)
11.0000 +- -1.00 (1)
12.0000 +- -1.00 (1)
12.0000 +- -1.00 (1)
5.0000 +- -1.00 (1)
3.0000 +- -1.00 (1)
5.0000 +- -1.00 (1)
4.0000 +- -1.00 (1)
4.0000 +- -1.00 (1)
3.0000 +- -1.00 (1)
6.0000 +- -1.00 (1)
5.0000 +- -1.00 (1)
4.0000 +- -1.00 (1)
4.0000 +- -1.00 (1)
9.0000 +- -1.00 (1)
9.0000 +- -1.00 (1)
9.0000 +- -1.00 (1)
9.0000 +- -1.00 (1)
8.0000 +- -1.00 (1)
10.0000 +- -1.00 (1)
8.0000 +- -1.00 (1)
10.0000 +- -1.00 (1)
9.0000 +- -1.00 (1)
14.0000 +- -1.00 (1)
14.0000 +- -1.00 (1)
12.0000 +- -1.00 (1)
13.0000 +- -1.00 (1)
12.0000 +- -1.00 (1)
11.0000 +- -1.00 (1)
12.0000 +- -1.00 (1)
13.0000 +- -1.00 (1)
13.0000 +- -1.00 (1)
11.0000 +- -1.00 (1)
13.0000 +- -1.00 (1)
16.0000 +- -1.00 (1)
16.0000 +- -1.00 (1)
16.0000 +- -1.00 (1)
16.0000 +- -1.00 (1)
15.0000 +- -1.00 (1)
16.0000 +- -1.00 (1)
16.0000 +- -1.00 (1)
15.0000 +- -1.00 (1)
14.0000 +- -1.00 (1)
15.0000 +- -1.00 (1)
