15.0000 +- -1.00 (1)
14.0000 +- -1.00 (1)
14.0000 +- -1.00 (1)
11.0000 +- -1.00 (1)
12.0000 +- -1.00 (1)
12.0000 +- -1.00 (1)
16.0000 +- -1.00 (1)
17.0000 +- -1.00 (1)
12.0000 +- -1.00 (1)
11.0000 +- -1.00 (1)
24.0000 +- -1.00 (1)
29.0000 +- -1.00 (1)
29.0000 +- -1.00 (1)
27.0000 +- -1.00 (1)
27.0000 +- -1.00 (1)
25.0000 +- -1.00 (1)
24.0000 +- -1.00 (1)
28.0000 +- -1.00 (1)
25.0000 +- -1.00 (1)
29.0000 +- -1.00 (1)
34.0000 +- -1.00 (1)
40.0000 +- -1.00 (1)
35.0000 +- -1.00 (1)
36.0000 +- -1.00 (1)
38.0000 +- -1.00 (1)
41.0000 +- -1.00 (1)
36.0000 +- -1.00 (1)
39.0000 +- -1.00 (1)
40.0000 +- -1.00 (1)
35.0000 +- -1.00 (1)
48.0000 +- -1.00 (1)
49.0000 +- -1.00 (1)
55.0000 +- -1.00 (1)
51.0000 +- -1.00 (1)
54.0000 +- -1.00 (1)
53.0000 +- -1.00 (1)
56.0000 +- -1.00 (1)
53.0000 +- -1.00 (1)
50.0000 +- -1.00 (1)
56.0000 +- -1.00 (1)
15.0000 +- -1.00 (1)
15.0000 +- -1.00 (1)
15.0000 +- -1.00 (1)
12.0000 +- -1.00 (1)
14.0000 +- -1.00 (1)
14.0000 +- -1.00 (1)
15.0000 +- -1.00 (1)
16.0000 +- -1.00 (1)
12.0000 +- -1.00 (1)
11.0000 +- -1.00 (1)
24.0000 +- -1.00 (1)
26.0000 +- -1.00 (1)
27.0000 +- -1.00 (1)
25.0000 +- -1.00 (1)
28.0000 +- -1.00 (1)
27.0000 +- -1.00 (1)
23.0000 +- -1.00 (1)
24.0000 +- -1.00 (1)
25.0000 +- -1.00 (1)
28.0000 +- -1.00 (1)
35.0000 +- -1.00 (1)
39.0000 +- -1.00 (1)
35.0000 +- -1.00 (1)
34.0000 +- -1.00 (1)
39.0000 +- -1.00 (1)
41.0000 +- -1.00 (1)
37.0000 +- -1.00 (1)
36.0000 +- -1.00 (1)
40.0000 +- -1.00 (1)
39.0000 +- -1.00 (1)
49.0000 +- -1.00 (1)
50.0000 +- -1.00 (1)
54.0000 +- -1.00 (1)
52.0000 +- -1.00 (1)
52.0000 +- -1.00 (1)
nan +- -1.00 (0)
51.0000 +- -1.00 (1)
55.0000 +- -1.00 (1)
49.0000 +- -1.00 (1)
51.0000 +- -1.00 (1)
15.0000 +- -1.00 (1)
13.0000 +- -1.00 (1)
12.0000 +- -1.00 (1)
12.0000 +- -1.00 (1)
14.0000 +- -1.00 (1)
12.0000 +- -1.00 (1)
16.0000 +- -1.00 (1)
16.0000 +- -1.00 (1)
11.0000 +- -1.00 (1)
13.0000 +- -1.00 (1)
24.0000 +- -1.00 (1)
27.0000 +- -1.00 (1)
29.0000 +- -1.00 (1)
26.0000 +- -1.00 (1)
28.0000 +- -1.00 (1)
26.0000 +- -1.00 (1)
23.0000 +- -1.00 (1)
25.0000 +- -1.00 (1)
56.0000 +- -1.00 (1)
29.0000 +- -1.00 (1)
35.0000 +- -1.00 (1)
40.0000 +- -1.00 (1)
32.0000 +- -1.00 (1)
36.0000 +- -1.00 (1)
37.0000 +- -1.00 (1)
41.0000 +- -1.00 (1)
37.0000 +- -1.00 (1)
40.0000 +- -1.00 (1)
43.0000 +- -1.00 (1)
36.0000 +- -1.00 (1)
52.0000 +- -1.00 (1)
53.0000 +- -1.00 (1)
55.0000 +- -1.00 (1)
50.0000 +- -1.00 (1)
54.0000 +- -1.00 (1)
50.0000 +- -1.00 (1)
53.0000 +- -1.00 (1)
50.0000 +- -1.00 (1)
85.0000 +- -1.00 (1)
50.0000 +- -1.00 (1)
25.0000 +- -1.00 (1)
28.0000 +- -1.00 (1)
34.0000 +- -1.00 (1)
32.0000 +- -1.00 (1)
35.0000 +- -1.00 (1)
28.0000 +- -1.00 (1)
28.0000 +- -1.00 (1)
30.0000 +- -1.00 (1)
27.0000 +- -1.00 (1)
27.0000 +- -1.00 (1)
52.0000 +- -1.00 (1)
55.0000 +- -1.00 (1)
62.0000 +- -1.00 (1)
56.0000 +- -1.00 (1)
62.0000 +- -1.00 (1)
66.0000 +- -1.00 (1)
58.0000 +- -1.00 (1)
61.0000 +- -1.00 (1)
58.0000 +- -1.00 (1)
60.0000 +- -1.00 (1)
90.0000 +- -1.00 (1)
97.0000 +- -1.00 (1)
78.0000 +- -1.00 (1)
75.0000 +- -1.00 (1)
87.0000 +- -1.00 (1)
86.0000 +- -1.00 (1)
84.0000 +- -1.00 (1)
92.0000 +- -1.00 (1)
91.0000 +- -1.00 (1)
88.0000 +- -1.00 (1)
114.0000 +- -1.00 (1)
109.0000 +- -1.00 (1)
131.0000 +- -1.00 (1)
118.0000 +- -1.00 (1)
122.0000 +- -1.00 (1)
117.0000 +- -1.00 (1)
116.0000 +- -1.00 (1)
111.0000 +- -1.00 (1)
124.0000 +- -1.00 (1)
129.0000 +- -1.00 (1)
11.0000 +- -1.00 (1)
9.0000 +- -1.00 (1)
7.0000 +- -1.00 (1)
7.0000 +- -1.00 (1)
7.0000 +- -1.00 (1)
8.0000 +- -1.00 (1)
11.0000 +- -1.00 (1)
11.0000 +- -1.00 (1)
7.0000 +- -1.00 (1)
6.0000 +- -1.00 (1)
14.0000 +- -1.00 (1)
17.0000 +- -1.00 (1)
18.0000 +- -1.00 (1)
15.0000 +- -1.00 (1)
18.0000 +- -1.00 (1)
11.0000 +- -1.00 (1)
12.0000 +- -1.00 (1)
15.0000 +- -1.00 (1)
15.0000 +- -1.00 (1)
16.0000 +- -1.00 (1)
17.0000 +- -1.00 (1)
20.0000 +- -1.00 (1)
20.0000 +- -1.00 (1)
22.0000 +- -1.00 (1)
20.0000 +- -1.00 (1)
25.0000 +- -1.00 (1)
20.0000 +- -1.00 (1)
18.0000 +- -1.00 (1)
24.0000 +- -1.00 (1)
19.0000 +- -1.00 (1)
29.0000 +- -1.00 (1)
28.0000 +- -1.00 (1)
31.0000 +- -1.00 (1)
27.0000 +- -1.00 (1)
26.0000 +- -1.00 (1)
25.0000 +- -1.00 (1)
36.0000 +- -1.00 (1)
32.0000 +- -1.00 (1)
26.0000 +- -1.00 (1)
24.0000 +- -1.00 (1)
12.0000 +- -1.00 (1)
10.0000 +- -1.00 (1)
12.0000 +- -1.00 (1)
10.0000 +- -1.00 (1)
9.0000 +- -1.00 (1)
11.0000 +- -1.00 (1)
9.0000 +- -1.00 (1)
10.0000 +- -1.00 (1)
8.0000 +- -1.00 (1)
9.0000 +- -1.00 (1)
18.0000 +- -1.00 (1)
20.0000 +- -1.00 (1)
22.0000 +- -1.00 (1)
22.0000 +- -1.00 (1)
19.0000 +- -1.00 (1)
29.0000 +- -1.00 (1)
21.0000 +- -1.00 (1)
22.0000 +- -1.00 (1)
22.0000 +- -1.00 (1)
22.0000 +- -1.00 (1)
31.0000 +- -1.00 (1)
32.0000 +- -1.00 (1)
33.0000 +- -1.00 (1)
27.0000 +- -1.00 (1)
39.0000 +- -1.00 (1)
28.0000 +- -1.00 (1)
35.0000 +- -1.00 (1)
32.0000 +- -1.00 (1)
33.0000 +- -1.00 (1)
36.0000 +- -1.00 (1)
39.0000 +- -1.00 (1)
36.0000 +- -1.00 (1)
51.0000 +- -1.00 (1)
39.0000 +- -1.00 (1)
41.0000 +- -1.00 (1)
42.0000 +- -1.00 (1)
41.0000 +- -1.00 (1)
46.0000 +- -1.00 (1)
36.0000 +- -1.00 (1)
45.0000 +- -1.00 (1)
10.0000 +- -1.00 (1)
6.0000 +- -1.00 (1)
7.0000 +- -1.00 (1)
6.0000 +- -1.00 (1)
8.0000 +- -1.00 (1)
7.0000 +- -1.00 (1)
9.0000 +- -1.00 (1)
6.0000 +- -1.00 (1)
6.0000 +- -1.00 (1)
10.0000 +- -1.00 (1)
11.0000 +- -1.00 (1)
13.0000 +- -1.00 (1)
12.0000 +- -1.00 (1)
13.0000 +- -1.00 (1)
12.0000 +- -1.00 (1)
12.0000 +- -1.00 (1)
17.0000 +- -1.00 (1)
10.0000 +- -1.00 (1)
15.0000 +- -1.00 (1)
12.0000 +- -1.00 (1)
16.0000 +- -1.00 (1)
17.0000 +- -1.00 (1)
16.0000 +- -1.00 (1)
16.0000 +- -1.00 (1)
20.0000 +- -1.00 (1)
16.0000 +- -1.00 (1)
17.0000 +- -1.00 (1)
16.0000 +- -1.00 (1)
17.0000 +- -1.00 (1)
14.0000 +- -1.00 (1)
25.0000 +- -1.00 (1)
23.0000 +- -1.00 (1)
26.0000 +- -1.00 (1)
29.0000 +- -1.00 (1)
21.0000 +- -1.00 (1)
24.0000 +- -1.00 (1)
27.0000 +- -1.00 (1)
23.0000 +- -1.00 (1)
22.0000 +- -1.00 (1)
25.0000 +- -1.00 (1)
10.0000 +- -1.00 (1)
7.0000 +- -1.00 (1)
11.0000 +- -1.00 (1)
9.0000 +- -1.00 (1)
8.0000 +- -1.00 (1)
7.0000 +- -1.00 (1)
13.0000 +- -1.00 (1)
11.0000 +- -1.00 (1)
9.0000 +- -1.00 (1)
9.0000 +- -1.00 (1)
18.0000 +- -1.00 (1)
18.0000 +- -1.00 (1)
18.0000 +- -1.00 (1)
19.0000 +- -1.00 (1)
14.0000 +- -1.00 (1)
20.0000 +- -1.00 (1)
17.0000 +- -1.00 (1)
19.0000 +- -1.00 (1)
19.0000 +- -1.00 (1)
28.0000 +- -1.00 (1)
27.0000 +- -1.00 (1)
24.0000 +- -1.00 (1)
25.0000 +- -1.00 (1)
22.0000 +- -1.00 (1)
21.0000 +- -1.00 (1)
24.0000 +- -1.00 (1)
25.0000 +- -1.00 (1)
25.0000 +- -1.00 (1)
22.0000 +- -1.00 (1)
26.0000 +- -1.00 (1)
30.0000 +- -1.00 (1)
30.0000 +- -1.00 (1)
32.0000 +- -1.00 (1)
30.0000 +- -1.00 (1)
30.0000 +- -1.00 (1)
31.0000 +- -1.00 (1)
33.0000 +- -1.00 (1)
28.0000 +- -1.00 (1)
nan +- -1.00 (0)
30.0000 +- -1.00 (1)
