7.0000 
7.0000 
7.0000 
5.0000 
6.0000 
6.0000 
8.0000 
8.0000 
6.0000 
6.0000 
12.0000 
15.0000 
14.0000 
13.0000 
13.0000 
12.0000 
12.0000 
14.0000 
12.0000 
14.0000 
17.0000 
21.0000 
17.0000 
18.0000 
18.0000 
20.0000 
18.0000 
19.0000 
21.0000 
18.0000 
24.0000 
24.0000 
28.0000 
25.0000 
27.0000 
27.0000 
27.0000 
26.0000 
25.0000 
28.0000 
7.0000 
7.0000 
7.0000 
6.0000 
7.0000 
7.0000 
7.0000 
8.0000 
6.0000 
5.0000 
12.0000 
14.0000 
13.0000 
12.0000 
14.0000 
13.0000 
11.0000 
12.0000 
12.0000 
15.0000 
18.0000 
19.0000 
17.0000 
17.0000 
20.0000 
20.0000 
18.0000 
19.0000 
20.0000 
19.0000 
24.0000 
26.0000 
26.0000 
26.0000 
27.0000 
24.0000 
25.0000 
26.0000 
24.0000 
25.0000 
7.0000 
7.0000 
6.0000 
7.0000 
8.0000 
6.0000 
8.0000 
8.0000 
6.0000 
6.0000 
12.0000 
13.0000 
14.0000 
13.0000 
15.0000 
13.0000 
12.0000 
13.0000 
13.0000 
14.0000 
17.0000 
20.0000 
16.0000 
19.0000 
19.0000 
20.0000 
19.0000 
21.0000 
21.0000 
18.0000 
26.0000 
27.0000 
27.0000 
25.0000 
26.0000 
25.0000 
26.0000 
25.0000 
26.0000 
25.0000 
12.0000 
14.0000 
17.0000 
16.0000 
17.0000 
14.0000 
14.0000 
15.0000 
13.0000 
13.0000 
26.0000 
27.0000 
31.0000 
28.0000 
31.0000 
33.0000 
29.0000 
30.0000 
29.0000 
30.0000 
45.0000 
48.0000 
39.0000 
37.0000 
43.0000 
43.0000 
42.0000 
46.0000 
45.0000 
44.0000 
57.0000 
54.0000 
65.0000 
58.0000 
61.0000 
58.0000 
58.0000 
55.0000 
62.0000 
64.0000 
5.0000 
4.0000 
3.0000 
3.0000 
3.0000 
4.0000 
5.0000 
5.0000 
3.0000 
3.0000 
8.0000 
8.0000 
9.0000 
7.0000 
9.0000 
5.0000 
6.0000 
7.0000 
7.0000 
8.0000 
8.0000 
10.0000 
11.0000 
11.0000 
11.0000 
12.0000 
10.0000 
8.0000 
13.0000 
9.0000 
14.0000 
15.0000 
15.0000 
13.0000 
13.0000 
12.0000 
14.0000 
16.0000 
13.0000 
13.0000 
6.0000 
5.0000 
6.0000 
5.0000 
4.0000 
5.0000 
4.0000 
5.0000 
4.0000 
4.0000 
10.0000 
10.0000 
11.0000 
12.0000 
10.0000 
13.0000 
10.0000 
11.0000 
12.0000 
11.0000 
15.0000 
17.0000 
16.0000 
14.0000 
20.0000 
14.0000 
17.0000 
16.0000 
17.0000 
18.0000 
20.0000 
18.0000 
26.0000 
20.0000 
20.0000 
21.0000 
21.0000 
22.0000 
18.0000 
23.0000 
5.0000 
3.0000 
4.0000 
3.0000 
4.0000 
3.0000 
4.0000 
3.0000 
3.0000 
5.0000 
6.0000 
6.0000 
6.0000 
6.0000 
6.0000 
6.0000 
8.0000 
5.0000 
7.0000 
7.0000 
8.0000 
8.0000 
8.0000 
8.0000 
10.0000 
8.0000 
9.0000 
9.0000 
9.0000 
8.0000 
12.0000 
12.0000 
13.0000 
14.0000 
11.0000 
11.0000 
14.0000 
11.0000 
12.0000 
12.0000 
5.0000 
3.0000 
5.0000 
4.0000 
4.0000 
3.0000 
6.0000 
5.0000 
4.0000 
4.0000 
9.0000 
9.0000 
9.0000 
9.0000 
8.0000 
10.0000 
8.0000 
10.0000 
9.0000 
14.0000 
14.0000 
12.0000 
13.0000 
12.0000 
11.0000 
12.0000 
13.0000 
13.0000 
11.0000 
13.0000 
16.0000 
16.0000 
16.0000 
16.0000 
15.0000 
16.0000 
16.0000 
15.0000 
14.0000 
15.0000 
