../../problems/mclp/benchs/class1/50.txt -i 0 7.000000 3.000000
../../problems/mclp/benchs/class1/50.txt -i 1 7.000000 2.000000
../../problems/mclp/benchs/class1/50.txt -i 2 7.000000 2.000000
../../problems/mclp/benchs/class1/50.txt -i 3 5.000000 2.000000
../../problems/mclp/benchs/class1/50.txt -i 4 6.000000 2.000000
../../problems/mclp/benchs/class1/50.txt -i 5 6.000000 2.000000
../../problems/mclp/benchs/class1/50.txt -i 6 8.000000 3.000000
../../problems/mclp/benchs/class1/50.txt -i 7 8.000000 3.000000
../../problems/mclp/benchs/class1/50.txt -i 8 6.000000 2.000000
../../problems/mclp/benchs/class1/50.txt -i 9 6.000000 2.000000
../../problems/mclp/benchs/class1/100.txt -i 0 12.000000 4.000000
../../problems/mclp/benchs/class1/100.txt -i 1 15.000000 5.000000
../../problems/mclp/benchs/class1/100.txt -i 2 14.000000 5.000000
../../problems/mclp/benchs/class1/100.txt -i 3 13.000000 6.000000
../../problems/mclp/benchs/class1/100.txt -i 4 13.000000 5.000000
../../problems/mclp/benchs/class1/100.txt -i 5 12.000000 5.000000
../../problems/mclp/benchs/class1/100.txt -i 6 12.000000 5.000000
../../problems/mclp/benchs/class1/100.txt -i 7 14.000000 5.000000
../../problems/mclp/benchs/class1/100.txt -i 8 12.000000 5.000000
../../problems/mclp/benchs/class1/100.txt -i 9 14.000000 5.000000
../../problems/mclp/benchs/class1/150.txt -i 0 17.000000 7.000000
../../problems/mclp/benchs/class1/150.txt -i 1 21.000000 8.000000
../../problems/mclp/benchs/class1/150.txt -i 2 17.000000 7.000000
../../problems/mclp/benchs/class1/150.txt -i 3 18.000000 7.000000
../../problems/mclp/benchs/class1/150.txt -i 4 18.000000 8.000000
../../problems/mclp/benchs/class1/150.txt -i 5 20.000000 9.000000
../../problems/mclp/benchs/class1/150.txt -i 6 18.000000 8.000000
../../problems/mclp/benchs/class1/150.txt -i 7 19.000000 7.000000
../../problems/mclp/benchs/class1/150.txt -i 8 21.000000 8.000000
../../problems/mclp/benchs/class1/150.txt -i 9 18.000000 8.000000
../../problems/mclp/benchs/class1/200.txt -i 0 24.000000 9.000000
../../problems/mclp/benchs/class1/200.txt -i 1 24.000000 9.000000
../../problems/mclp/benchs/class1/200.txt -i 2 28.000000 11.000000
../../problems/mclp/benchs/class1/200.txt -i 3 25.000000 11.000000
../../problems/mclp/benchs/class1/200.txt -i 4 27.000000 12.000000
../../problems/mclp/benchs/class1/200.txt -i 5 27.000000 11.000000
../../problems/mclp/benchs/class1/200.txt -i 6 27.000000 11.000000
../../problems/mclp/benchs/class1/200.txt -i 7 26.000000 10.000000
../../problems/mclp/benchs/class1/200.txt -i 8 25.000000 10.000000
../../problems/mclp/benchs/class1/200.txt -i 9 28.000000 11.000000
../../problems/mclp/benchs/class2/50.txt -i 0 7.000000 3.000000
../../problems/mclp/benchs/class2/50.txt -i 1 7.000000 3.000000
../../problems/mclp/benchs/class2/50.txt -i 2 7.000000 3.000000
../../problems/mclp/benchs/class2/50.txt -i 3 6.000000 2.000000
../../problems/mclp/benchs/class2/50.txt -i 4 7.000000 3.000000
../../problems/mclp/benchs/class2/50.txt -i 5 7.000000 2.000000
../../problems/mclp/benchs/class2/50.txt -i 6 7.000000 3.000000
../../problems/mclp/benchs/class2/50.txt -i 7 8.000000 3.000000
../../problems/mclp/benchs/class2/50.txt -i 8 6.000000 2.000000
../../problems/mclp/benchs/class2/50.txt -i 9 5.000000 2.000000
../../problems/mclp/benchs/class2/100.txt -i 0 12.000000 4.000000
../../problems/mclp/benchs/class2/100.txt -i 1 14.000000 5.000000
../../problems/mclp/benchs/class2/100.txt -i 2 13.000000 5.000000
../../problems/mclp/benchs/class2/100.txt -i 3 12.000000 5.000000
../../problems/mclp/benchs/class2/100.txt -i 4 14.000000 6.000000
../../problems/mclp/benchs/class2/100.txt -i 5 13.000000 5.000000
../../problems/mclp/benchs/class2/100.txt -i 6 11.000000 4.000000
../../problems/mclp/benchs/class2/100.txt -i 7 12.000000 5.000000
../../problems/mclp/benchs/class2/100.txt -i 8 12.000000 6.000000
../../problems/mclp/benchs/class2/100.txt -i 9 15.000000 5.000000
../../problems/mclp/benchs/class2/150.txt -i 0 18.000000 8.000000
../../problems/mclp/benchs/class2/150.txt -i 1 19.000000 7.000000
../../problems/mclp/benchs/class2/150.txt -i 2 17.000000 8.000000
../../problems/mclp/benchs/class2/150.txt -i 3 17.000000 6.000000
../../problems/mclp/benchs/class2/150.txt -i 4 20.000000 7.000000
../../problems/mclp/benchs/class2/150.txt -i 5 20.000000 8.000000
../../problems/mclp/benchs/class2/150.txt -i 6 18.000000 8.000000
../../problems/mclp/benchs/class2/150.txt -i 7 19.000000 7.000000
../../problems/mclp/benchs/class2/150.txt -i 8 20.000000 8.000000
../../problems/mclp/benchs/class2/150.txt -i 9 19.000000 7.000000
../../problems/mclp/benchs/class2/200.txt -i 0 24.000000 9.000000
../../problems/mclp/benchs/class2/200.txt -i 1 26.000000 10.000000
../../problems/mclp/benchs/class2/200.txt -i 2 26.000000 10.000000
../../problems/mclp/benchs/class2/200.txt -i 3 26.000000 10.000000
../../problems/mclp/benchs/class2/200.txt -i 4 27.000000 10.000000
../../problems/mclp/benchs/class2/200.txt -i 5 24.000000 9.000000
../../problems/mclp/benchs/class2/200.txt -i 6 25.000000 10.000000
../../problems/mclp/benchs/class2/200.txt -i 7 26.000000 10.000000
../../problems/mclp/benchs/class2/200.txt -i 8 24.000000 9.000000
../../problems/mclp/benchs/class2/200.txt -i 9 25.000000 10.000000
../../problems/mclp/benchs/class3/50.txt -i 0 7.000000 3.000000
../../problems/mclp/benchs/class3/50.txt -i 1 7.000000 2.000000
../../problems/mclp/benchs/class3/50.txt -i 2 6.000000 2.000000
../../problems/mclp/benchs/class3/50.txt -i 3 7.000000 2.000000
../../problems/mclp/benchs/class3/50.txt -i 4 8.000000 2.000000
../../problems/mclp/benchs/class3/50.txt -i 5 6.000000 2.000000
../../problems/mclp/benchs/class3/50.txt -i 6 8.000000 4.000000
../../problems/mclp/benchs/class3/50.txt -i 7 8.000000 3.000000
../../problems/mclp/benchs/class3/50.txt -i 8 6.000000 2.000000
../../problems/mclp/benchs/class3/50.txt -i 9 6.000000 2.000000
../../problems/mclp/benchs/class3/100.txt -i 0 12.000000 5.000000
../../problems/mclp/benchs/class3/100.txt -i 1 13.000000 5.000000
../../problems/mclp/benchs/class3/100.txt -i 2 14.000000 5.000000
../../problems/mclp/benchs/class3/100.txt -i 3 13.000000 5.000000
../../problems/mclp/benchs/class3/100.txt -i 4 15.000000 6.000000
../../problems/mclp/benchs/class3/100.txt -i 5 13.000000 5.000000
../../problems/mclp/benchs/class3/100.txt -i 6 12.000000 4.000000
../../problems/mclp/benchs/class3/100.txt -i 7 13.000000 5.000000
../../problems/mclp/benchs/class3/100.txt -i 8 13.000000 5.000000
../../problems/mclp/benchs/class3/100.txt -i 9 14.000000 5.000000
../../problems/mclp/benchs/class3/150.txt -i 0 17.000000 8.000000
../../problems/mclp/benchs/class3/150.txt -i 1 20.000000 8.000000
../../problems/mclp/benchs/class3/150.txt -i 2 16.000000 6.000000
../../problems/mclp/benchs/class3/150.txt -i 3 19.000000 8.000000
../../problems/mclp/benchs/class3/150.txt -i 4 19.000000 7.000000
../../problems/mclp/benchs/class3/150.txt -i 5 20.000000 8.000000
../../problems/mclp/benchs/class3/150.txt -i 6 19.000000 7.000000
../../problems/mclp/benchs/class3/150.txt -i 7 21.000000 8.000000
../../problems/mclp/benchs/class3/150.txt -i 8 21.000000 8.000000
../../problems/mclp/benchs/class3/150.txt -i 9 18.000000 7.000000
../../problems/mclp/benchs/class3/200.txt -i 0 26.000000 10.000000
../../problems/mclp/benchs/class3/200.txt -i 1 27.000000 11.000000
../../problems/mclp/benchs/class3/200.txt -i 2 27.000000 12.000000
../../problems/mclp/benchs/class3/200.txt -i 3 25.000000 10.000000
../../problems/mclp/benchs/class3/200.txt -i 4 26.000000 10.000000
../../problems/mclp/benchs/class3/200.txt -i 5 25.000000 10.000000
../../problems/mclp/benchs/class3/200.txt -i 6 26.000000 10.000000
../../problems/mclp/benchs/class3/200.txt -i 7 25.000000 9.000000
../../problems/mclp/benchs/class3/200.txt -i 8 26.000000 10.000000
../../problems/mclp/benchs/class3/200.txt -i 9 25.000000 10.000000
../../problems/mclp/benchs/class4/50.txt -i 0 12.000000 5.000000
../../problems/mclp/benchs/class4/50.txt -i 1 14.000000 5.000000
../../problems/mclp/benchs/class4/50.txt -i 2 17.000000 6.000000
../../problems/mclp/benchs/class4/50.txt -i 3 16.000000 6.000000
../../problems/mclp/benchs/class4/50.txt -i 4 17.000000 7.000000
../../problems/mclp/benchs/class4/50.txt -i 5 14.000000 5.000000
../../problems/mclp/benchs/class4/50.txt -i 6 14.000000 5.000000
../../problems/mclp/benchs/class4/50.txt -i 7 15.000000 6.000000
../../problems/mclp/benchs/class4/50.txt -i 8 13.000000 5.000000
../../problems/mclp/benchs/class4/50.txt -i 9 13.000000 5.000000
../../problems/mclp/benchs/class4/100.txt -i 0 26.000000 10.000000
../../problems/mclp/benchs/class4/100.txt -i 1 27.000000 11.000000
../../problems/mclp/benchs/class4/100.txt -i 2 31.000000 12.000000
../../problems/mclp/benchs/class4/100.txt -i 3 28.000000 11.000000
../../problems/mclp/benchs/class4/100.txt -i 4 31.000000 12.000000
../../problems/mclp/benchs/class4/100.txt -i 5 33.000000 13.000000
../../problems/mclp/benchs/class4/100.txt -i 6 29.000000 11.000000
../../problems/mclp/benchs/class4/100.txt -i 7 30.000000 12.000000
../../problems/mclp/benchs/class4/100.txt -i 8 29.000000 11.000000
../../problems/mclp/benchs/class4/100.txt -i 9 30.000000 12.000000
../../problems/mclp/benchs/class4/150.txt -i 0 45.000000 18.000000
../../problems/mclp/benchs/class4/150.txt -i 1 48.000000 19.000000
../../problems/mclp/benchs/class4/150.txt -i 2 39.000000 15.000000
../../problems/mclp/benchs/class4/150.txt -i 3 37.000000 15.000000
../../problems/mclp/benchs/class4/150.txt -i 4 43.000000 17.000000
../../problems/mclp/benchs/class4/150.txt -i 5 43.000000 17.000000
../../problems/mclp/benchs/class4/150.txt -i 6 42.000000 16.000000
../../problems/mclp/benchs/class4/150.txt -i 7 46.000000 18.000000
../../problems/mclp/benchs/class4/150.txt -i 8 45.000000 18.000000
../../problems/mclp/benchs/class4/150.txt -i 9 44.000000 17.000000
../../problems/mclp/benchs/class4/200.txt -i 0 57.000000 22.000000
../../problems/mclp/benchs/class4/200.txt -i 1 54.000000 21.000000
../../problems/mclp/benchs/class4/200.txt -i 2 65.000000 26.000000
../../problems/mclp/benchs/class4/200.txt -i 3 58.000000 23.000000
../../problems/mclp/benchs/class4/200.txt -i 4 61.000000 24.000000
../../problems/mclp/benchs/class4/200.txt -i 5 58.000000 23.000000
../../problems/mclp/benchs/class4/200.txt -i 6 58.000000 23.000000
../../problems/mclp/benchs/class4/200.txt -i 7 55.000000 22.000000
../../problems/mclp/benchs/class4/200.txt -i 8 62.000000 24.000000
../../problems/mclp/benchs/class4/200.txt -i 9 64.000000 25.000000
../../problems/mclp/benchs/class5/50.txt -i 0 5.000000 2.000000
../../problems/mclp/benchs/class5/50.txt -i 1 4.000000 1.000000
../../problems/mclp/benchs/class5/50.txt -i 2 3.000000 1.000000
../../problems/mclp/benchs/class5/50.txt -i 3 3.000000 1.000000
../../problems/mclp/benchs/class5/50.txt -i 4 3.000000 1.000000
../../problems/mclp/benchs/class5/50.txt -i 5 4.000000 1.000000
../../problems/mclp/benchs/class5/50.txt -i 6 5.000000 2.000000
../../problems/mclp/benchs/class5/50.txt -i 7 5.000000 2.000000
../../problems/mclp/benchs/class5/50.txt -i 8 3.000000 1.000000
../../problems/mclp/benchs/class5/50.txt -i 9 3.000000 1.000000
../../problems/mclp/benchs/class5/100.txt -i 0 8.000000 2.000000
../../problems/mclp/benchs/class5/100.txt -i 1 8.000000 3.000000
../../problems/mclp/benchs/class5/100.txt -i 2 9.000000 3.000000
../../problems/mclp/benchs/class5/100.txt -i 3 7.000000 3.000000
../../problems/mclp/benchs/class5/100.txt -i 4 9.000000 3.000000
../../problems/mclp/benchs/class5/100.txt -i 5 5.000000 2.000000
../../problems/mclp/benchs/class5/100.txt -i 6 6.000000 2.000000
../../problems/mclp/benchs/class5/100.txt -i 7 7.000000 3.000000
../../problems/mclp/benchs/class5/100.txt -i 8 7.000000 3.000000
../../problems/mclp/benchs/class5/100.txt -i 9 8.000000 3.000000
../../problems/mclp/benchs/class5/150.txt -i 0 8.000000 3.000000
../../problems/mclp/benchs/class5/150.txt -i 1 10.000000 4.000000
../../problems/mclp/benchs/class5/150.txt -i 2 11.000000 5.000000
../../problems/mclp/benchs/class5/150.txt -i 3 11.000000 4.000000
../../problems/mclp/benchs/class5/150.txt -i 4 11.000000 4.000000
../../problems/mclp/benchs/class5/150.txt -i 5 12.000000 5.000000
../../problems/mclp/benchs/class5/150.txt -i 6 10.000000 4.000000
../../problems/mclp/benchs/class5/150.txt -i 7 8.000000 3.000000
../../problems/mclp/benchs/class5/150.txt -i 8 13.000000 5.000000
../../problems/mclp/benchs/class5/150.txt -i 9 9.000000 3.000000
../../problems/mclp/benchs/class5/200.txt -i 0 14.000000 5.000000
../../problems/mclp/benchs/class5/200.txt -i 1 15.000000 5.000000
../../problems/mclp/benchs/class5/200.txt -i 2 15.000000 6.000000
../../problems/mclp/benchs/class5/200.txt -i 3 13.000000 6.000000
../../problems/mclp/benchs/class5/200.txt -i 4 13.000000 5.000000
../../problems/mclp/benchs/class5/200.txt -i 5 12.000000 5.000000
../../problems/mclp/benchs/class5/200.txt -i 6 14.000000 5.000000
../../problems/mclp/benchs/class5/200.txt -i 7 16.000000 6.000000
../../problems/mclp/benchs/class5/200.txt -i 8 13.000000 5.000000
../../problems/mclp/benchs/class5/200.txt -i 9 13.000000 4.000000
../../problems/mclp/benchs/class6/50.txt -i 0 6.000000 2.000000
../../problems/mclp/benchs/class6/50.txt -i 1 5.000000 3.000000
../../problems/mclp/benchs/class6/50.txt -i 2 6.000000 2.000000
../../problems/mclp/benchs/class6/50.txt -i 3 5.000000 1.000000
../../problems/mclp/benchs/class6/50.txt -i 4 4.000000 1.000000
../../problems/mclp/benchs/class6/50.txt -i 5 5.000000 2.000000
../../problems/mclp/benchs/class6/50.txt -i 6 4.000000 1.000000
../../problems/mclp/benchs/class6/50.txt -i 7 5.000000 2.000000
../../problems/mclp/benchs/class6/50.txt -i 8 4.000000 1.000000
../../problems/mclp/benchs/class6/50.txt -i 9 4.000000 1.000000
../../problems/mclp/benchs/class6/100.txt -i 0 10.000000 3.000000
../../problems/mclp/benchs/class6/100.txt -i 1 10.000000 4.000000
../../problems/mclp/benchs/class6/100.txt -i 2 11.000000 4.000000
../../problems/mclp/benchs/class6/100.txt -i 3 12.000000 6.000000
../../problems/mclp/benchs/class6/100.txt -i 4 10.000000 3.000000
../../problems/mclp/benchs/class6/100.txt -i 5 13.000000 5.000000
../../problems/mclp/benchs/class6/100.txt -i 6 10.000000 4.000000
../../problems/mclp/benchs/class6/100.txt -i 7 11.000000 5.000000
../../problems/mclp/benchs/class6/100.txt -i 8 12.000000 4.000000
../../problems/mclp/benchs/class6/100.txt -i 9 11.000000 4.000000
../../problems/mclp/benchs/class6/150.txt -i 0 15.000000 6.000000
../../problems/mclp/benchs/class6/150.txt -i 1 17.000000 6.000000
../../problems/mclp/benchs/class6/150.txt -i 2 16.000000 6.000000
../../problems/mclp/benchs/class6/150.txt -i 3 14.000000 5.000000
../../problems/mclp/benchs/class6/150.txt -i 4 20.000000 7.000000
../../problems/mclp/benchs/class6/150.txt -i 5 14.000000 5.000000
../../problems/mclp/benchs/class6/150.txt -i 6 17.000000 7.000000
../../problems/mclp/benchs/class6/150.txt -i 7 16.000000 6.000000
../../problems/mclp/benchs/class6/150.txt -i 8 17.000000 7.000000
../../problems/mclp/benchs/class6/150.txt -i 9 18.000000 7.000000
../../problems/mclp/benchs/class6/200.txt -i 0 20.000000 7.000000
../../problems/mclp/benchs/class6/200.txt -i 1 18.000000 7.000000
../../problems/mclp/benchs/class6/200.txt -i 2 26.000000 11.000000
../../problems/mclp/benchs/class6/200.txt -i 3 20.000000 8.000000
../../problems/mclp/benchs/class6/200.txt -i 4 20.000000 8.000000
../../problems/mclp/benchs/class6/200.txt -i 5 21.000000 9.000000
../../problems/mclp/benchs/class6/200.txt -i 6 21.000000 8.000000
../../problems/mclp/benchs/class6/200.txt -i 7 22.000000 9.000000
../../problems/mclp/benchs/class6/200.txt -i 8 18.000000 8.000000
../../problems/mclp/benchs/class6/200.txt -i 9 23.000000 9.000000
../../problems/mclp/benchs/class7/50.txt -i 0 5.000000 2.000000
../../problems/mclp/benchs/class7/50.txt -i 1 3.000000 1.000000
../../problems/mclp/benchs/class7/50.txt -i 2 4.000000 1.000000
../../problems/mclp/benchs/class7/50.txt -i 3 3.000000 2.000000
../../problems/mclp/benchs/class7/50.txt -i 4 4.000000 1.000000
../../problems/mclp/benchs/class7/50.txt -i 5 3.000000 1.000000
../../problems/mclp/benchs/class7/50.txt -i 6 4.000000 1.000000
../../problems/mclp/benchs/class7/50.txt -i 7 3.000000 1.000000
../../problems/mclp/benchs/class7/50.txt -i 8 3.000000 2.000000
../../problems/mclp/benchs/class7/50.txt -i 9 5.000000 2.000000
../../problems/mclp/benchs/class7/100.txt -i 0 6.000000 3.000000
../../problems/mclp/benchs/class7/100.txt -i 1 6.000000 3.000000
../../problems/mclp/benchs/class7/100.txt -i 2 6.000000 2.000000
../../problems/mclp/benchs/class7/100.txt -i 3 6.000000 2.000000
../../problems/mclp/benchs/class7/100.txt -i 4 6.000000 3.000000
../../problems/mclp/benchs/class7/100.txt -i 5 6.000000 2.000000
../../problems/mclp/benchs/class7/100.txt -i 6 8.000000 3.000000
../../problems/mclp/benchs/class7/100.txt -i 7 5.000000 2.000000
../../problems/mclp/benchs/class7/100.txt -i 8 7.000000 3.000000
../../problems/mclp/benchs/class7/100.txt -i 9 7.000000 2.000000
../../problems/mclp/benchs/class7/150.txt -i 0 8.000000 3.000000
../../problems/mclp/benchs/class7/150.txt -i 1 8.000000 3.000000
../../problems/mclp/benchs/class7/150.txt -i 2 8.000000 4.000000
../../problems/mclp/benchs/class7/150.txt -i 3 8.000000 3.000000
../../problems/mclp/benchs/class7/150.txt -i 4 10.000000 4.000000
../../problems/mclp/benchs/class7/150.txt -i 5 8.000000 4.000000
../../problems/mclp/benchs/class7/150.txt -i 6 9.000000 3.000000
../../problems/mclp/benchs/class7/150.txt -i 7 9.000000 3.000000
../../problems/mclp/benchs/class7/150.txt -i 8 9.000000 3.000000
../../problems/mclp/benchs/class7/150.txt -i 9 8.000000 3.000000
../../problems/mclp/benchs/class7/200.txt -i 0 12.000000 5.000000
../../problems/mclp/benchs/class7/200.txt -i 1 12.000000 5.000000
../../problems/mclp/benchs/class7/200.txt -i 2 13.000000 6.000000
../../problems/mclp/benchs/class7/200.txt -i 3 14.000000 5.000000
../../problems/mclp/benchs/class7/200.txt -i 4 11.000000 4.000000
../../problems/mclp/benchs/class7/200.txt -i 5 11.000000 5.000000
../../problems/mclp/benchs/class7/200.txt -i 6 14.000000 5.000000
../../problems/mclp/benchs/class7/200.txt -i 7 11.000000 5.000000
../../problems/mclp/benchs/class7/200.txt -i 8 12.000000 4.000000
../../problems/mclp/benchs/class7/200.txt -i 9 12.000000 5.000000
../../problems/mclp/benchs/class8/50.txt -i 0 5.000000 2.000000
../../problems/mclp/benchs/class8/50.txt -i 1 3.000000 1.000000
../../problems/mclp/benchs/class8/50.txt -i 2 5.000000 2.000000
../../problems/mclp/benchs/class8/50.txt -i 3 4.000000 1.000000
../../problems/mclp/benchs/class8/50.txt -i 4 4.000000 1.000000
../../problems/mclp/benchs/class8/50.txt -i 5 3.000000 1.000000
../../problems/mclp/benchs/class8/50.txt -i 6 6.000000 2.000000
../../problems/mclp/benchs/class8/50.txt -i 7 5.000000 2.000000
../../problems/mclp/benchs/class8/50.txt -i 8 4.000000 1.000000
../../problems/mclp/benchs/class8/50.txt -i 9 4.000000 1.000000
../../problems/mclp/benchs/class8/100.txt -i 0 9.000000 3.000000
../../problems/mclp/benchs/class8/100.txt -i 1 9.000000 3.000000
../../problems/mclp/benchs/class8/100.txt -i 2 9.000000 3.000000
../../problems/mclp/benchs/class8/100.txt -i 3 9.000000 3.000000
../../problems/mclp/benchs/class8/100.txt -i 4 8.000000 2.000000
../../problems/mclp/benchs/class8/100.txt -i 5 10.000000 4.000000
../../problems/mclp/benchs/class8/100.txt -i 6 8.000000 3.000000
../../problems/mclp/benchs/class8/100.txt -i 7 10.000000 3.000000
../../problems/mclp/benchs/class8/100.txt -i 8 9.000000 3.000000
../../problems/mclp/benchs/class8/100.txt -i 9 14.000000 5.000000
../../problems/mclp/benchs/class8/150.txt -i 0 14.000000 5.000000
../../problems/mclp/benchs/class8/150.txt -i 1 12.000000 6.000000
../../problems/mclp/benchs/class8/150.txt -i 2 13.000000 6.000000
../../problems/mclp/benchs/class8/150.txt -i 3 12.000000 4.000000
../../problems/mclp/benchs/class8/150.txt -i 4 11.000000 5.000000
../../problems/mclp/benchs/class8/150.txt -i 5 12.000000 4.000000
../../problems/mclp/benchs/class8/150.txt -i 6 13.000000 5.000000
../../problems/mclp/benchs/class8/150.txt -i 7 13.000000 5.000000
../../problems/mclp/benchs/class8/150.txt -i 8 11.000000 4.000000
../../problems/mclp/benchs/class8/150.txt -i 9 13.000000 6.000000
../../problems/mclp/benchs/class8/200.txt -i 0 16.000000 6.000000
../../problems/mclp/benchs/class8/200.txt -i 1 16.000000 6.000000
../../problems/mclp/benchs/class8/200.txt -i 2 16.000000 6.000000
../../problems/mclp/benchs/class8/200.txt -i 3 16.000000 7.000000
../../problems/mclp/benchs/class8/200.txt -i 4 15.000000 7.000000
../../problems/mclp/benchs/class8/200.txt -i 5 16.000000 6.000000
../../problems/mclp/benchs/class8/200.txt -i 6 16.000000 7.000000
../../problems/mclp/benchs/class8/200.txt -i 7 15.000000 6.000000
../../problems/mclp/benchs/class8/200.txt -i 8 14.000000 6.000000
../../problems/mclp/benchs/class8/200.txt -i 9 15.000000 7.000000
