













0.0802 0.0761

0.1136 0.1111






0.1462 0.1404



0.2035 0.2025


0.0879 0.0863










0.1589 0.1589




0.2173 0.2143





0.0884 0.0881













0.199 0.1975


0.0828 0.0818
0.1775 0.1711



0.1778 0.1765
0.0424 0.0419







0.0811 0.0741



0.1625 0.16


0.2376 0.234
0.1759 0.1667











0.0984 0.2743


0.1284 0.0347





0.0446 0.086
0.1187 0.3358


0.0554 0.0861
0.1593 0.3009

0.1759 0.299









0.0738 0.0914


0.0718 0.0457
0.0923 0.1925




0.063 0.0931














0.2419 0.3811





0.0706 0.0837

0.0937 0.2216





0.1177 0.1078



0.1691 0.0607

0.1004 0.0583

















0.1258 0.1801

0.0758 0.0037





0.0751 0.025








0.1209 0.2192
0.1253 0.0772



0.121 0.0966
0.0813 0.0936










0.0921 0.1005
0.0698 0.0606



0.0867 0.1248







0.0829 0.185
0.1283 0.1936








0.0899 0.0761



0.1242 0.1356
0.1298 0.0369


0.1088 0.1519

0.1165 0.2087


0.0686 0.0773



0.0634 0.0304


0.1554 0.3393












0.0859 0.0659









0.1386 0.1205





0.0619 0.0481

0.0764 0.0285
0.0829 0.1128






0.1105 0.1416





0.066 0.0607



0.1558 0.2121


0.1409 0.1897
0.0908 0.1827


0.102 0.145


0.0824 0.1269



0.0587 0.0341
0.1081 0.0973



0.0813 0.1759











0.066 0.1329

0.0531 0.0405

0.118 0.2637




0.1192 0.1471
0.1074 0.1627




0.115 0.1203




0.1121 0.1465












0.117 0.125


0.0769 0.0984







0.1449 0.1329



0.0792 0.0789

0.0563 0.0872






0.09 0.0229




0.0859 0.0975



0.0561 0.0249




0.0609 0.1474










0.0722 0.1324







0.0691 0.0467
0.1042 0.0667

0.1524 0.177









0.0769 0.0656








0.1023 0.0858

0.0749 0.1142










0.1429 0.0661





0.1014 0.1007




0.0511 0.0121

0.1256 0.0844










0.0725 0.0465






0.0721 0.213














0.0569 0.0253








0.0879 0.1638



0.055 0.1736




0.1213 0.0565







0.1031 0.1356






0.0953 0.0697





0.0641 0.0812
0.1035 0.1258




0.0674 0.1652


0.0803 0.0591







0.0925 0.2028







0.0811 0.1137

0.0751 0.0338






0.0841 0.0946



0.0946 0.1159
0.0572 0.0732





0.0676 0.0536





0.0631 0.0931


0.0602 0.0451




0.114 0.208








0.0527 0.0695



0.0813 0.1061







0.0556 0.0484








0.0952 0.1996

0.0876 0.0875



0.0938 0.0475

0.1127 0.0208

0.0905 0.0363

0.0793 0.1558
0.0637 0.0821

0.0966 0.0964

0.0818 0.0632
0.0672 0.1545




0.0721 0.1384



0.0673 0.0804


0.0575 0.0521
0.0951 0.0746






0.0625 0.1504




0.0968 0.0848

0.1135 0.1225









0.0737 0.0708


0.0746 0.0605


0.0938 0.1284



0.071 0.0621

0.1017 0.0986
0.0737 0.0591


0.0837 0.1387





0.0896 0.0861

0.0931 0.0708


0.0651 0.026






0.088 0.1498


0.0918 0.0578

0.0768 0.0552

0.0762 0.057

0.0751 0.1468








0.0737 0.1606











0.0736 0.133
0.0553 0.2437


0.0789 0.1259

0.0763 0.0747

0.088 0.0926





0.0804 0.0667

0.0754 0.0955

0.0554 0.0703




0.1099 0.1489




0.0858 0.1488



0.0885 0.0139




0.0846 0.0363
0.0784 0.0928
0.0943 0.0633
0.0717 0.1372
0.0732 0.0682

0.0657 0.0397
0.0924 0.1511





0.0793 0.0509




0.0732 0.1452






0.0771 0.1216
0.0549 0.1172


0.0714 0.0632




0.0739 0.0865
0.0767 0.0672

0.0794 0.0963







0.0746 0.134





0.0752 0.1233







0.1109 0.1029
0.0919 0.0376
0.0752 0.0566




0.1007 0.145

0.0971 0.0656





0.086 0.1035







0.0829 0.0516

0.0683 0.0763


0.0723 0.0515

0.0734 0.0576












0.0724 0.0694


0.1064 0.058




0.0661 0.1511










0.0838 0.121
0.0793 0.1098



0.0562 0.0871




0.0747 0.1057














0.0731 0.1593
0.0715 0.0639
0.0802 0.1193

0.0919 0.0836
0.0816 0.0486









0.0851 0.1068


0.0836 0.128





0.096 0.1021
0.0988 0.0507

0.085 0.0835




0.0809 0.0828




0.0588 0.0621

0.0743 0.1058








0.0711 0.0892







0.0726 0.1208




0.0859 0.0851
0.0722 0.0921
0.0715 0.0746
0.0645 0.0622
















0.098 0.128

0.0855 0.1255

0.0653 0.055

0.0874 0.157


0.0824 0.1232
0.063 0.096



0.0776 0.0879











0.0802 0.1271









0.0827 0.051




0.0694 0.0734
0.0734 0.073



0.066 0.0661


























0.0853 0.1042
0.0656 0.0664

0.0816 0.0937





0.0918 0.0903
0.0847 0.0848




0.0781 0.1241

0.101 0.1544

0.0755 0.0538









0.0772 0.0573
0.0838 0.0901

0.0767 0.118

0.0819 0.0562

0.0872 0.1322


0.0856 0.1653

0.1007 0.0763
0.1041 0.1199

0.1036 0.0616





0.0777 0.0774


0.0877 0.0756

0.0689 0.0715













0.0724 0.0954











0.0849 0.1562






0.0699 0.0639



0.0744 0.0851






0.0725 0.0936







0.0799 0.1208

0.0697 0.0609

















0.0795 0.0678









0.0976 0.1416

0.0759 0.0612
0.0706 0.0856

0.0839 0.0953

0.078 0.1101
0.082 0.0892


0.0791 0.0603

0.0881 0.1058


0.0776 0.079

0.0715 0.0838
0.0981 0.0958












0.0718 0.1045




0.0932 0.107





















0.0827 0.0725









0.0697 0.0748
0.0884 0.1422
0.0948 0.0735


0.0741 0.0792


0.0709 0.0914



0.0864 0.0724










0.0874 0.0986





0.0743 0.0681



0.0959 0.1161

0.0873 0.0744

0.0953 0.087

0.0793 0.0984












0.0996 0.0971

0.0766 0.0728


0.0927 0.0999






0.0886 0.1169









0.0879 0.0809





0.0889 0.1025






0.0965 0.093
0.0782 0.074
0.0792 0.0783















0.0793 0.0503






0.0914 0.0503



0.0791 0.0464





0.0837 0.0923












0.0808 0.109
0.0811 0.096

0.0867 0.0607


0.095 0.1027
0.0837 0.0802
0.0866 0.0976


0.0776 0.0733








0.0896 0.1195
0.0939 0.0944
0.0933 0.0821




0.0883 0.1032





0.0866 0.0966









0.0838 0.0808

0.1003 0.1048

0.0783 0.1048

0.0681 0.0612








0.0925 0.1309
0.0814 0.0906
0.0805 0.0672









0.0736 0.1161


0.0831 0.0573




0.1072 0.0755


0.0707 0.0479



0.0788 0.1047



0.0761 0.082


0.075 0.057



0.089 0.0841
0.0948 0.1192
0.0843 0.1144




0.0875 0.1012





0.0723 0.0864



0.078 0.0806


0.0953 0.0857










0.0751 0.087


0.0847 0.09
0.0835 0.0666
0.0897 0.1011












0.0876 0.1183


0.0894 0.0808



0.0736 0.1261


