../../problems/clp/benchs/BRrw/BRrw0.txt -i 16 --min_fr=1.0 0.113600 0.138200
../../problems/clp/benchs/BRrw/BRrw0.txt -i 27 --min_fr=1.0 0.108600 0.146600
../../problems/clp/benchs/BRrw/BRrw0.txt -i 46 --min_fr=1.0 0.163900 0.199500
../../problems/clp/benchs/BRrw/BRrw1.txt -i 6 --min_fr=1.0 0.053300 0.072500
../../problems/clp/benchs/BRrw/BRrw1.txt -i 29 --min_fr=1.0 0.059600 0.122300
../../problems/clp/benchs/BRrw/BRrw1.txt -i 38 --min_fr=1.0 0.038200 0.077000
../../problems/clp/benchs/BRrw/BRrw2.txt -i 52 --min_fr=1.0 0.091700 0.133400
../../problems/clp/benchs/BRrw/BRrw2.txt -i 99 --min_fr=1.0 0.106700 0.207600
../../problems/clp/benchs/BRrw/BRrw3.txt -i 0 --min_fr=1.0 0.093300 0.150600
../../problems/clp/benchs/BRrw/BRrw3.txt -i 36 --min_fr=1.0 0.094000 0.118400
../../problems/clp/benchs/BRrw/BRrw3.txt -i 52 --min_fr=1.0 0.092600 0.136300
../../problems/clp/benchs/BRrw/BRrw3.txt -i 58 --min_fr=1.0 0.058300 0.083000
../../problems/clp/benchs/BRrw/BRrw4.txt -i 5 --min_fr=1.0 0.093100 0.116300
../../problems/clp/benchs/BRrw/BRrw4.txt -i 19 --min_fr=1.0 0.073700 0.089800
../../problems/clp/benchs/BRrw/BRrw5.txt -i 85 --min_fr=1.0 0.063500 0.086800
../../problems/clp/benchs/BRrw/BRrw6.txt -i 38 --min_fr=1.0 0.074700 0.116200
../../problems/clp/benchs/BRrw/BRrw7.txt -i 15 --min_fr=1.0 0.091600 0.112600
../../problems/clp/benchs/BRrw/BRrw7.txt -i 36 --min_fr=1.0 0.090500 0.110600
../../problems/clp/benchs/BRrw/BRrw7.txt -i 41 --min_fr=1.0 0.080500 0.099500
../../problems/clp/benchs/BRrw/BRrw7.txt -i 45 --min_fr=1.0 0.076900 0.093100
../../problems/clp/benchs/BRrw/BRrw7.txt -i 67 --min_fr=1.0 0.082100 0.110200
../../problems/clp/benchs/BRrw/BRrw7.txt -i 74 --min_fr=1.0 0.084700 0.104300
../../problems/clp/benchs/BRrw/BRrw8.txt -i 21 --min_fr=0.98 0.070900 0.103300
../../problems/clp/benchs/BRrw/BRrw8.txt -i 40 --min_fr=0.98 0.062100 0.091700
../../problems/clp/benchs/BRrw/BRrw9.txt -i 54 --min_fr=0.98 0.092300 0.111700
../../problems/clp/benchs/BRrw/BRrw9.txt -i 74 --min_fr=0.98 0.060800 0.082200
../../problems/clp/benchs/BRrw/BRrw9.txt -i 88 --min_fr=0.98 0.069000 0.083100
../../problems/clp/benchs/BRrw/BRrw11.txt -i 3 --min_fr=0.98 0.077800 0.099900
../../problems/clp/benchs/BRrw/BRrw11.txt -i 22 --min_fr=0.98 0.065400 0.080100
../../problems/clp/benchs/BRrw/BRrw11.txt -i 39 --min_fr=0.98 0.094500 0.118700
../../problems/clp/benchs/BRrw/BRrw11.txt -i 42 --min_fr=0.98 0.084500 0.132300
../../problems/clp/benchs/BRrw/BRrw11.txt -i 45 --min_fr=0.98 0.085200 0.123700
../../problems/clp/benchs/BRrw/BRrw11.txt -i 47 --min_fr=0.98 0.079200 0.098400
../../problems/clp/benchs/BRrw/BRrw13.txt -i 48 --min_fr=0.98 0.073300 0.088900
../../problems/clp/benchs/BRrw/BRrw13.txt -i 66 --min_fr=0.98 0.099500 0.121500
../../problems/clp/benchs/BRrw/BRrw14.txt -i 44 --min_fr=0.98 0.087500 0.109800
../../problems/clp/benchs/BRrw/BRrw15.txt -i 47 --min_fr=0.98 0.078000 0.102400
