





























0.0879 0.0863










0.1589 0.1589




0.1639 0.1607



















0.1682 0.1667



0.1775 0.1711












0.0933 0.0864






0.0575 0.0532












0.0979 0.3036


0.0854 0.0065
































































0.2309 0.0835



















0.086 0.0826







0.093 0.2134


























0.0959 0.1349



0.0969 0.1244








0.1087 0.111












0.1073 0.1162



0.1402 0.2059











0.2131 0.272






















0.0875 0.0493















0.0947 0.0677









0.1831 0.1796


















0.0976 0.1976













0.0806 0.0921

0.0871 0.1918




























0.0708 0.0408










0.1339 0.0848





0.1498 0.099




















0.0648 0.1278



















0.1379 0.1153

0.1001 0.0827































0.1554 0.1822












0.1001 0.1367










0.1209 0.0275






















































0.0892 0.071











0.0572 0.1711


0.1254 0.1866

















0.0839 0.1021










0.1097 0.0874

































0.0946 0.1511







0.0717 0.0559








0.1277 0.2834

0.1152 0.1514





0.0943 0.0804



0.1268 0.2423




0.0696 0.1647









0.087 0.1142



0.0769 0.1016











0.1314 0.1768



























































































0.0922 0.1065















0.0778 0.1472




0.0871 0.0688
0.0718 0.0518




0.101 0.089
0.0743 0.0842











































0.103 0.0978
















0.1055 0.0245


















0.1071 0.1649

















0.11 0.0977

























0.0899 0.1113














0.0862 0.1651
0.0828 0.1775



0.0853 0.1027

































0.0867 0.0249
























0.0822 0.0709
















0.0952 0.1052



































0.1284 0.0875




0.0981 0.0949
0.0888 0.1226

































0.0907 0.098











0.087 0.1105























0.1014 0.1152

0.0878 0.0849


0.0797 0.1324





0.092 0.1067





































0.0877 0.0854
























































0.0855 0.0767


0.0884 0.1174

0.0766 0.0947


0.1025 0.0907


0.085 0.1014

















































0.089 0.1316




0.0742 0.0965





























0.0943 0.1047

0.0847 0.0979














0.1071 0.1192











0.114 0.1352







































































0.0898 0.123





0.0897 0.0797

























0.0906 0.0921









0.0925 0.077





























0.1039 0.103


















0.0961 0.1227





0.0982 0.1341




0.08 0.0551





0.0948 0.0931






0.0889 0.1078































0.0821 0.0937






