nan +- -1.00 (0)
nan +- -1.00 (0)
nan +- -1.00 (0)
nan +- -1.00 (0)
0.0761 +- -1.00 (1)
0.1789 +- -1.00 (1)
nan +- -1.00 (0)
nan +- -1.00 (0)
0.1690 +- -1.00 (1)
nan +- -1.00 (0)
nan +- -1.00 (0)
nan +- -1.00 (0)
0.0761 +- -1.00 (1)
nan +- -1.00 (0)
0.0802 +- -1.00 (1)
nan +- -1.00 (0)
0.1136 +- -1.00 (1)
nan +- -1.00 (0)
nan +- -1.00 (0)
nan +- -1.00 (0)
0.1268 +- -1.00 (1)
nan +- -1.00 (0)
0.3447 +- -1.00 (1)
0.1462 +- -1.00 (1)
nan +- -1.00 (0)
nan +- -1.00 (0)
nan +- -1.00 (0)
0.2035 +- -1.00 (1)
nan +- -1.00 (0)
nan +- -1.00 (0)
0.0879 +- -1.00 (1)
nan +- -1.00 (0)
nan +- -1.00 (0)
nan +- -1.00 (0)
nan +- -1.00 (0)
0.0922 +- -1.00 (1)
0.1631 +- -1.00 (1)
nan +- -1.00 (0)
nan +- -1.00 (0)
nan +- -1.00 (0)
nan +- -1.00 (0)
0.1589 +- -1.00 (1)
nan +- -1.00 (0)
nan +- -1.00 (0)
nan +- -1.00 (0)
nan +- -1.00 (0)
0.1995 +- -1.00 (1)
nan +- -1.00 (0)
nan +- -1.00 (0)
nan +- -1.00 (0)
nan +- -1.00 (0)
nan +- -1.00 (0)
0.0884 +- -1.00 (1)
nan +- -1.00 (0)
nan +- -1.00 (0)
nan +- -1.00 (0)
nan +- -1.00 (0)
nan +- -1.00 (0)
0.0696 +- -1.00 (1)
nan +- -1.00 (0)
nan +- -1.00 (0)
nan +- -1.00 (0)
nan +- -1.00 (0)
nan +- -1.00 (0)
nan +- -1.00 (0)
nan +- -1.00 (0)
0.1990 +- -1.00 (1)
nan +- -1.00 (0)
nan +- -1.00 (0)
0.0828 +- -1.00 (1)
0.1775 +- -1.00 (1)
0.2580 +- -1.00 (1)
0.0790 +- -1.00 (1)
nan +- -1.00 (0)
0.1778 +- -1.00 (1)
0.0424 +- -1.00 (1)
nan +- -1.00 (0)
nan +- -1.00 (0)
nan +- -1.00 (0)
nan +- -1.00 (0)
0.1314 +- -1.00 (1)
nan +- -1.00 (0)
nan +- -1.00 (0)
0.0811 +- -1.00 (1)
nan +- -1.00 (0)
nan +- -1.00 (0)
nan +- -1.00 (0)
0.1625 +- -1.00 (1)
nan +- -1.00 (0)
0.0866 +- -1.00 (1)
0.2376 +- -1.00 (1)
0.1759 +- -1.00 (1)
0.1264 +- -1.00 (1)
nan +- -1.00 (0)
nan +- -1.00 (0)
nan +- -1.00 (0)
nan +- -1.00 (0)
nan +- -1.00 (0)
nan +- -1.00 (0)
nan +- -1.00 (0)
nan +- -1.00 (0)
nan +- -1.00 (0)
nan +- -1.00 (0)
0.0984 +- -1.00 (1)
nan +- -1.00 (0)
nan +- -1.00 (0)
0.1284 +- -1.00 (1)
0.0705 +- -1.00 (1)
0.2762 +- -1.00 (1)
nan +- -1.00 (0)
nan +- -1.00 (0)
0.1147 +- -1.00 (1)
0.0446 +- -1.00 (1)
0.1187 +- -1.00 (1)
nan +- -1.00 (0)
nan +- -1.00 (0)
0.0554 +- -1.00 (1)
0.1593 +- -1.00 (1)
nan +- -1.00 (0)
0.1061 +- -1.00 (1)
nan +- -1.00 (0)
nan +- -1.00 (0)
nan +- -1.00 (0)
nan +- -1.00 (0)
nan +- -1.00 (0)
nan +- -1.00 (0)
nan +- -1.00 (0)
0.0928 +- -1.00 (1)
0.0755 +- -1.00 (1)
0.0738 +- -1.00 (1)
nan +- -1.00 (0)
nan +- -1.00 (0)
0.0718 +- -1.00 (1)
0.0923 +- -1.00 (1)
nan +- -1.00 (0)
0.1545 +- -1.00 (1)
nan +- -1.00 (0)
0.1646 +- -1.00 (1)
0.0670 +- -1.00 (1)
nan +- -1.00 (0)
nan +- -1.00 (0)
0.0812 +- -1.00 (1)
nan +- -1.00 (0)
nan +- -1.00 (0)
0.0618 +- -1.00 (1)
nan +- -1.00 (0)
nan +- -1.00 (0)
nan +- -1.00 (0)
nan +- -1.00 (0)
nan +- -1.00 (0)
nan +- -1.00 (0)
nan +- -1.00 (0)
0.2493 +- -1.00 (1)
0.2058 +- -1.00 (1)
nan +- -1.00 (0)
nan +- -1.00 (0)
nan +- -1.00 (0)
nan +- -1.00 (0)
nan +- -1.00 (0)
0.0706 +- -1.00 (1)
nan +- -1.00 (0)
0.0937 +- -1.00 (1)
nan +- -1.00 (0)
nan +- -1.00 (0)
nan +- -1.00 (0)
nan +- -1.00 (0)
nan +- -1.00 (0)
0.1075 +- -1.00 (1)
nan +- -1.00 (0)
nan +- -1.00 (0)
nan +- -1.00 (0)
0.2103 +- -1.00 (1)
nan +- -1.00 (0)
0.1004 +- -1.00 (1)
0.1524 +- -1.00 (1)
nan +- -1.00 (0)
nan +- -1.00 (0)
nan +- -1.00 (0)
nan +- -1.00 (0)
nan +- -1.00 (0)
0.1172 +- -1.00 (1)
nan +- -1.00 (0)
nan +- -1.00 (0)
nan +- -1.00 (0)
nan +- -1.00 (0)
nan +- -1.00 (0)
nan +- -1.00 (0)
nan +- -1.00 (0)
0.1179 +- -1.00 (1)
nan +- -1.00 (0)
nan +- -1.00 (0)
0.1258 +- -1.00 (1)
nan +- -1.00 (0)
0.0758 +- -1.00 (1)
nan +- -1.00 (0)
0.0784 +- -1.00 (1)
nan +- -1.00 (0)
nan +- -1.00 (0)
0.1067 +- -1.00 (1)
0.0819 +- -1.00 (1)
nan +- -1.00 (0)
nan +- -1.00 (0)
nan +- -1.00 (0)
nan +- -1.00 (0)
0.0563 +- -1.00 (1)
0.0784 +- -1.00 (1)
0.0790 +- -1.00 (1)
nan +- -1.00 (0)
0.1616 +- -1.00 (1)
0.0647 +- -1.00 (1)
nan +- -1.00 (0)
nan +- -1.00 (0)
0.0559 +- -1.00 (1)
0.1210 +- -1.00 (1)
0.0728 +- -1.00 (1)
nan +- -1.00 (0)
nan +- -1.00 (0)
nan +- -1.00 (0)
nan +- -1.00 (0)
0.0766 +- -1.00 (1)
nan +- -1.00 (0)
nan +- -1.00 (0)
0.1220 +- -1.00 (1)
nan +- -1.00 (0)
nan +- -1.00 (0)
0.0988 +- -1.00 (1)
0.0698 +- -1.00 (1)
nan +- -1.00 (0)
nan +- -1.00 (0)
0.0414 +- -1.00 (1)
0.0702 +- -1.00 (1)
0.0908 +- -1.00 (1)
nan +- -1.00 (0)
nan +- -1.00 (0)
nan +- -1.00 (0)
nan +- -1.00 (0)
nan +- -1.00 (0)
0.1125 +- -1.00 (1)
0.0619 +- -1.00 (1)
0.1283 +- -1.00 (1)
0.0909 +- -1.00 (1)
nan +- -1.00 (0)
0.1426 +- -1.00 (1)
nan +- -1.00 (0)
nan +- -1.00 (0)
nan +- -1.00 (0)
0.0574 +- -1.00 (1)
0.0877 +- -1.00 (1)
0.0702 +- -1.00 (1)
nan +- -1.00 (0)
nan +- -1.00 (0)
nan +- -1.00 (0)
0.1345 +- -1.00 (1)
0.1298 +- -1.00 (1)
nan +- -1.00 (0)
nan +- -1.00 (0)
0.1088 +- -1.00 (1)
nan +- -1.00 (0)
0.1165 +- -1.00 (1)
nan +- -1.00 (0)
nan +- -1.00 (0)
0.0617 +- -1.00 (1)
nan +- -1.00 (0)
nan +- -1.00 (0)
0.0748 +- -1.00 (1)
0.0634 +- -1.00 (1)
nan +- -1.00 (0)
nan +- -1.00 (0)
0.1554 +- -1.00 (1)
nan +- -1.00 (0)
nan +- -1.00 (0)
nan +- -1.00 (0)
nan +- -1.00 (0)
nan +- -1.00 (0)
0.1413 +- -1.00 (1)
0.0511 +- -1.00 (1)
nan +- -1.00 (0)
nan +- -1.00 (0)
0.1071 +- -1.00 (1)
nan +- -1.00 (0)
nan +- -1.00 (0)
0.1470 +- -1.00 (1)
nan +- -1.00 (0)
nan +- -1.00 (0)
nan +- -1.00 (0)
nan +- -1.00 (0)
nan +- -1.00 (0)
0.1043 +- -1.00 (1)
nan +- -1.00 (0)
nan +- -1.00 (0)
nan +- -1.00 (0)
0.0985 +- -1.00 (1)
nan +- -1.00 (0)
0.0467 +- -1.00 (1)
nan +- -1.00 (0)
0.0794 +- -1.00 (1)
nan +- -1.00 (0)
0.0619 +- -1.00 (1)
0.0960 +- -1.00 (1)
0.0827 +- -1.00 (1)
0.0829 +- -1.00 (1)
nan +- -1.00 (0)
nan +- -1.00 (0)
nan +- -1.00 (0)
nan +- -1.00 (0)
nan +- -1.00 (0)
nan +- -1.00 (0)
0.1060 +- -1.00 (1)
nan +- -1.00 (0)
nan +- -1.00 (0)
0.0866 +- -1.00 (1)
0.0693 +- -1.00 (1)
0.0400 +- -1.00 (1)
0.0660 +- -1.00 (1)
nan +- -1.00 (0)
0.0784 +- -1.00 (1)
nan +- -1.00 (0)
0.1544 +- -1.00 (1)
nan +- -1.00 (0)
nan +- -1.00 (0)
0.1409 +- -1.00 (1)
0.0908 +- -1.00 (1)
0.1180 +- -1.00 (1)
nan +- -1.00 (0)
0.0973 +- -1.00 (1)
0.1541 +- -1.00 (1)
0.0823 +- -1.00 (1)
0.0824 +- -1.00 (1)
0.0884 +- -1.00 (1)
nan +- -1.00 (0)
0.0682 +- -1.00 (1)
0.0538 +- -1.00 (1)
0.0968 +- -1.00 (1)
nan +- -1.00 (0)
nan +- -1.00 (0)
nan +- -1.00 (0)
0.0863 +- -1.00 (1)
nan +- -1.00 (0)
0.0485 +- -1.00 (1)
nan +- -1.00 (0)
nan +- -1.00 (0)
nan +- -1.00 (0)
nan +- -1.00 (0)
nan +- -1.00 (0)
0.0832 +- -1.00 (1)
nan +- -1.00 (0)
0.0883 +- -1.00 (1)
0.0728 +- -1.00 (1)
0.0525 +- -1.00 (1)
0.0965 +- -1.00 (1)
0.0531 +- -1.00 (1)
nan +- -1.00 (0)
0.1180 +- -1.00 (1)
0.1180 +- -1.00 (1)
nan +- -1.00 (0)
nan +- -1.00 (0)
nan +- -1.00 (0)
0.1068 +- -1.00 (1)
0.1074 +- -1.00 (1)
nan +- -1.00 (0)
nan +- -1.00 (0)
nan +- -1.00 (0)
nan +- -1.00 (0)
0.1055 +- -1.00 (1)
nan +- -1.00 (0)
0.0720 +- -1.00 (1)
nan +- -1.00 (0)
nan +- -1.00 (0)
0.1158 +- -1.00 (1)
0.1440 +- -1.00 (1)
nan +- -1.00 (0)
nan +- -1.00 (0)
nan +- -1.00 (0)
0.1437 +- -1.00 (1)
nan +- -1.00 (0)
0.0528 +- -1.00 (1)
nan +- -1.00 (0)
0.0852 +- -1.00 (1)
0.0808 +- -1.00 (1)
nan +- -1.00 (0)
nan +- -1.00 (0)
0.1295 +- -1.00 (1)
nan +- -1.00 (0)
nan +- -1.00 (0)
0.0793 +- -1.00 (1)
nan +- -1.00 (0)
nan +- -1.00 (0)
nan +- -1.00 (0)
0.1403 +- -1.00 (1)
nan +- -1.00 (0)
nan +- -1.00 (0)
nan +- -1.00 (0)
0.1449 +- -1.00 (1)
nan +- -1.00 (0)
nan +- -1.00 (0)
nan +- -1.00 (0)
0.0768 +- -1.00 (1)
nan +- -1.00 (0)
0.0563 +- -1.00 (1)
nan +- -1.00 (0)
nan +- -1.00 (0)
nan +- -1.00 (0)
0.0685 +- -1.00 (1)
nan +- -1.00 (0)
nan +- -1.00 (0)
0.0917 +- -1.00 (1)
nan +- -1.00 (0)
nan +- -1.00 (0)
nan +- -1.00 (0)
nan +- -1.00 (0)
0.0660 +- -1.00 (1)
nan +- -1.00 (0)
nan +- -1.00 (0)
nan +- -1.00 (0)
0.0515 +- -1.00 (1)
0.0688 +- -1.00 (1)
0.1342 +- -1.00 (1)
nan +- -1.00 (0)
nan +- -1.00 (0)
0.0774 +- -1.00 (1)
0.0807 +- -1.00 (1)
0.0588 +- -1.00 (1)
0.1202 +- -1.00 (1)
nan +- -1.00 (0)
0.1340 +- -1.00 (1)
nan +- -1.00 (0)
nan +- -1.00 (0)
0.0731 +- -1.00 (1)
0.0685 +- -1.00 (1)
0.0906 +- -1.00 (1)
0.0830 +- -1.00 (1)
nan +- -1.00 (0)
nan +- -1.00 (0)
0.0699 +- -1.00 (1)
nan +- -1.00 (0)
nan +- -1.00 (0)
nan +- -1.00 (0)
nan +- -1.00 (0)
0.0699 +- -1.00 (1)
0.0830 +- -1.00 (1)
0.0890 +- -1.00 (1)
0.1524 +- -1.00 (1)
nan +- -1.00 (0)
0.0931 +- -1.00 (1)
nan +- -1.00 (0)
nan +- -1.00 (0)
nan +- -1.00 (0)
nan +- -1.00 (0)
nan +- -1.00 (0)
nan +- -1.00 (0)
0.0542 +- -1.00 (1)
0.0815 +- -1.00 (1)
nan +- -1.00 (0)
nan +- -1.00 (0)
0.1339 +- -1.00 (1)
nan +- -1.00 (0)
nan +- -1.00 (0)
nan +- -1.00 (0)
nan +- -1.00 (0)
nan +- -1.00 (0)
0.1023 +- -1.00 (1)
0.1092 +- -1.00 (1)
0.0749 +- -1.00 (1)
nan +- -1.00 (0)
nan +- -1.00 (0)
nan +- -1.00 (0)
nan +- -1.00 (0)
nan +- -1.00 (0)
0.0729 +- -1.00 (1)
nan +- -1.00 (0)
nan +- -1.00 (0)
0.0969 +- -1.00 (1)
nan +- -1.00 (0)
0.1354 +- -1.00 (1)
nan +- -1.00 (0)
nan +- -1.00 (0)
nan +- -1.00 (0)
nan +- -1.00 (0)
nan +- -1.00 (0)
0.1072 +- -1.00 (1)
nan +- -1.00 (0)
nan +- -1.00 (0)
nan +- -1.00 (0)
nan +- -1.00 (0)
0.0867 +- -1.00 (1)
nan +- -1.00 (0)
0.1349 +- -1.00 (1)
nan +- -1.00 (0)
0.1021 +- -1.00 (1)
nan +- -1.00 (0)
nan +- -1.00 (0)
nan +- -1.00 (0)
nan +- -1.00 (0)
nan +- -1.00 (0)
nan +- -1.00 (0)
nan +- -1.00 (0)
nan +- -1.00 (0)
0.0564 +- -1.00 (1)
nan +- -1.00 (0)
0.0844 +- -1.00 (1)
0.1316 +- -1.00 (1)
nan +- -1.00 (0)
0.0885 +- -1.00 (1)
nan +- -1.00 (0)
0.0665 +- -1.00 (1)
nan +- -1.00 (0)
nan +- -1.00 (0)
nan +- -1.00 (0)
0.0677 +- -1.00 (1)
nan +- -1.00 (0)
nan +- -1.00 (0)
0.1089 +- -1.00 (1)
nan +- -1.00 (0)
nan +- -1.00 (0)
nan +- -1.00 (0)
nan +- -1.00 (0)
0.1146 +- -1.00 (1)
nan +- -1.00 (0)
0.0622 +- -1.00 (1)
0.0594 +- -1.00 (1)
0.1001 +- -1.00 (1)
nan +- -1.00 (0)
nan +- -1.00 (0)
nan +- -1.00 (0)
0.0827 +- -1.00 (1)
0.0607 +- -1.00 (1)
0.0760 +- -1.00 (1)
nan +- -1.00 (0)
0.0728 +- -1.00 (1)
nan +- -1.00 (0)
nan +- -1.00 (0)
nan +- -1.00 (0)
0.0552 +- -1.00 (1)
nan +- -1.00 (0)
nan +- -1.00 (0)
nan +- -1.00 (0)
nan +- -1.00 (0)
0.0971 +- -1.00 (1)
0.0594 +- -1.00 (1)
nan +- -1.00 (0)
nan +- -1.00 (0)
nan +- -1.00 (0)
nan +- -1.00 (0)
0.0808 +- -1.00 (1)
nan +- -1.00 (0)
0.0963 +- -1.00 (1)
0.0872 +- -1.00 (1)
nan +- -1.00 (0)
nan +- -1.00 (0)
nan +- -1.00 (0)
nan +- -1.00 (0)
nan +- -1.00 (0)
0.0744 +- -1.00 (1)
0.0794 +- -1.00 (1)
nan +- -1.00 (0)
nan +- -1.00 (0)
0.0743 +- -1.00 (1)
nan +- -1.00 (0)
0.0641 +- -1.00 (1)
0.0833 +- -1.00 (1)
nan +- -1.00 (0)
0.0907 +- -1.00 (1)
nan +- -1.00 (0)
0.0809 +- -1.00 (1)
0.0674 +- -1.00 (1)
nan +- -1.00 (0)
0.0989 +- -1.00 (1)
0.0623 +- -1.00 (1)
nan +- -1.00 (0)
0.0940 +- -1.00 (1)
0.0741 +- -1.00 (1)
0.0786 +- -1.00 (1)
0.0895 +- -1.00 (1)
nan +- -1.00 (0)
nan +- -1.00 (0)
0.0911 +- -1.00 (1)
nan +- -1.00 (0)
nan +- -1.00 (0)
nan +- -1.00 (0)
nan +- -1.00 (0)
nan +- -1.00 (0)
nan +- -1.00 (0)
nan +- -1.00 (0)
0.0817 +- -1.00 (1)
0.0437 +- -1.00 (1)
0.0793 +- -1.00 (1)
nan +- -1.00 (0)
0.0899 +- -1.00 (1)
nan +- -1.00 (0)
nan +- -1.00 (0)
nan +- -1.00 (0)
nan +- -1.00 (0)
0.0841 +- -1.00 (1)
nan +- -1.00 (0)
nan +- -1.00 (0)
nan +- -1.00 (0)
0.0946 +- -1.00 (1)
0.0888 +- -1.00 (1)
0.0547 +- -1.00 (1)
0.1043 +- -1.00 (1)
0.0661 +- -1.00 (1)
nan +- -1.00 (0)
0.0669 +- -1.00 (1)
0.0929 +- -1.00 (1)
nan +- -1.00 (0)
0.0549 +- -1.00 (1)
nan +- -1.00 (0)
nan +- -1.00 (0)
nan +- -1.00 (0)
0.0770 +- -1.00 (1)
nan +- -1.00 (0)
nan +- -1.00 (0)
0.0577 +- -1.00 (1)
nan +- -1.00 (0)
0.0968 +- -1.00 (1)
nan +- -1.00 (0)
nan +- -1.00 (0)
0.0953 +- -1.00 (1)
nan +- -1.00 (0)
0.0728 +- -1.00 (1)
nan +- -1.00 (0)
nan +- -1.00 (0)
nan +- -1.00 (0)
nan +- -1.00 (0)
nan +- -1.00 (0)
nan +- -1.00 (0)
0.0484 +- -1.00 (1)
nan +- -1.00 (0)
nan +- -1.00 (0)
0.0619 +- -1.00 (1)
0.0879 +- -1.00 (1)
nan +- -1.00 (0)
nan +- -1.00 (0)
nan +- -1.00 (0)
0.0878 +- -1.00 (1)
nan +- -1.00 (0)
nan +- -1.00 (0)
nan +- -1.00 (0)
0.0571 +- -1.00 (1)
nan +- -1.00 (0)
0.0731 +- -1.00 (1)
nan +- -1.00 (0)
nan +- -1.00 (0)
0.0810 +- -1.00 (1)
nan +- -1.00 (0)
nan +- -1.00 (0)
nan +- -1.00 (0)
0.0880 +- -1.00 (1)
nan +- -1.00 (0)
0.0725 +- -1.00 (1)
nan +- -1.00 (0)
nan +- -1.00 (0)
nan +- -1.00 (0)
0.0792 +- -1.00 (1)
0.0767 +- -1.00 (1)
0.1127 +- -1.00 (1)
nan +- -1.00 (0)
0.0988 +- -1.00 (1)
0.0639 +- -1.00 (1)
0.1043 +- -1.00 (1)
0.0589 +- -1.00 (1)
0.0650 +- -1.00 (1)
0.0964 +- -1.00 (1)
nan +- -1.00 (0)
0.0669 +- -1.00 (1)
0.0542 +- -1.00 (1)
0.0639 +- -1.00 (1)
nan +- -1.00 (0)
nan +- -1.00 (0)
0.1251 +- -1.00 (1)
0.0701 +- -1.00 (1)
nan +- -1.00 (0)
nan +- -1.00 (0)
0.1297 +- -1.00 (1)
0.0683 +- -1.00 (1)
nan +- -1.00 (0)
nan +- -1.00 (0)
0.0591 +- -1.00 (1)
0.0562 +- -1.00 (1)
nan +- -1.00 (0)
nan +- -1.00 (0)
nan +- -1.00 (0)
nan +- -1.00 (0)
nan +- -1.00 (0)
nan +- -1.00 (0)
0.0663 +- -1.00 (1)
nan +- -1.00 (0)
nan +- -1.00 (0)
nan +- -1.00 (0)
0.1295 +- -1.00 (1)
0.0834 +- -1.00 (1)
0.0639 +- -1.00 (1)
0.0887 +- -1.00 (1)
nan +- -1.00 (0)
0.0846 +- -1.00 (1)
nan +- -1.00 (0)
nan +- -1.00 (0)
nan +- -1.00 (0)
nan +- -1.00 (0)
0.0910 +- -1.00 (1)
0.0792 +- -1.00 (1)
0.0740 +- -1.00 (1)
0.0741 +- -1.00 (1)
0.0586 +- -1.00 (1)
nan +- -1.00 (0)
0.0696 +- -1.00 (1)
nan +- -1.00 (0)
nan +- -1.00 (0)
0.0689 +- -1.00 (1)
nan +- -1.00 (0)
nan +- -1.00 (0)
nan +- -1.00 (0)
0.0780 +- -1.00 (1)
nan +- -1.00 (0)
0.0786 +- -1.00 (1)
0.0931 +- -1.00 (1)
nan +- -1.00 (0)
nan +- -1.00 (0)
0.0830 +- -1.00 (1)
nan +- -1.00 (0)
nan +- -1.00 (0)
nan +- -1.00 (0)
nan +- -1.00 (0)
0.0825 +- -1.00 (1)
0.0823 +- -1.00 (1)
nan +- -1.00 (0)
0.1048 +- -1.00 (1)
nan +- -1.00 (0)
0.0821 +- -1.00 (1)
0.0615 +- -1.00 (1)
nan +- -1.00 (0)
nan +- -1.00 (0)
nan +- -1.00 (0)
0.0737 +- -1.00 (1)
nan +- -1.00 (0)
nan +- -1.00 (0)
0.0667 +- -1.00 (1)
nan +- -1.00 (0)
0.0671 +- -1.00 (1)
0.0783 +- -1.00 (1)
0.0619 +- -1.00 (1)
0.0967 +- -1.00 (1)
0.0831 +- -1.00 (1)
0.0711 +- -1.00 (1)
nan +- -1.00 (0)
0.0997 +- -1.00 (1)
nan +- -1.00 (0)
nan +- -1.00 (0)
nan +- -1.00 (0)
nan +- -1.00 (0)
nan +- -1.00 (0)
nan +- -1.00 (0)
nan +- -1.00 (0)
nan +- -1.00 (0)
0.0708 +- -1.00 (1)
nan +- -1.00 (0)
nan +- -1.00 (0)
nan +- -1.00 (0)
nan +- -1.00 (0)
nan +- -1.00 (0)
nan +- -1.00 (0)
nan +- -1.00 (0)
0.1138 +- -1.00 (1)
nan +- -1.00 (0)
nan +- -1.00 (0)
nan +- -1.00 (0)
0.0677 +- -1.00 (1)
0.0835 +- -1.00 (1)
nan +- -1.00 (0)
nan +- -1.00 (0)
0.0721 +- -1.00 (1)
nan +- -1.00 (0)
0.0689 +- -1.00 (1)
0.1192 +- -1.00 (1)
0.0944 +- -1.00 (1)
nan +- -1.00 (0)
0.0618 +- -1.00 (1)
nan +- -1.00 (0)
nan +- -1.00 (0)
nan +- -1.00 (0)
0.0947 +- -1.00 (1)
nan +- -1.00 (0)
0.0953 +- -1.00 (1)
nan +- -1.00 (0)
0.0554 +- -1.00 (1)
nan +- -1.00 (0)
nan +- -1.00 (0)
nan +- -1.00 (0)
nan +- -1.00 (0)
0.0923 +- -1.00 (1)
nan +- -1.00 (0)
0.0544 +- -1.00 (1)
nan +- -1.00 (0)
nan +- -1.00 (0)
0.0828 +- -1.00 (1)
0.0669 +- -1.00 (1)
0.0953 +- -1.00 (1)
nan +- -1.00 (0)
0.0791 +- -1.00 (1)
nan +- -1.00 (0)
nan +- -1.00 (0)
nan +- -1.00 (0)
nan +- -1.00 (0)
0.0791 +- -1.00 (1)
0.0689 +- -1.00 (1)
0.0818 +- -1.00 (1)
0.0712 +- -1.00 (1)
0.0665 +- -1.00 (1)
0.0730 +- -1.00 (1)
0.0676 +- -1.00 (1)
0.0728 +- -1.00 (1)
nan +- -1.00 (0)
0.0514 +- -1.00 (1)
nan +- -1.00 (0)
nan +- -1.00 (0)
nan +- -1.00 (0)
0.0743 +- -1.00 (1)
0.0651 +- -1.00 (1)
nan +- -1.00 (0)
nan +- -1.00 (0)
nan +- -1.00 (0)
0.0733 +- -1.00 (1)
nan +- -1.00 (0)
nan +- -1.00 (0)
nan +- -1.00 (0)
0.0737 +- -1.00 (1)
nan +- -1.00 (0)
nan +- -1.00 (0)
0.0728 +- -1.00 (1)
0.0726 +- -1.00 (1)
0.0794 +- -1.00 (1)
nan +- -1.00 (0)
0.0776 +- -1.00 (1)
nan +- -1.00 (0)
0.0838 +- -1.00 (1)
0.0730 +- -1.00 (1)
nan +- -1.00 (0)
0.0908 +- -1.00 (1)
0.0834 +- -1.00 (1)
nan +- -1.00 (0)
0.0928 +- -1.00 (1)
0.0739 +- -1.00 (1)
0.0766 +- -1.00 (1)
nan +- -1.00 (0)
nan +- -1.00 (0)
0.0798 +- -1.00 (1)
nan +- -1.00 (0)
0.0737 +- -1.00 (1)
0.0621 +- -1.00 (1)
nan +- -1.00 (0)
nan +- -1.00 (0)
nan +- -1.00 (0)
nan +- -1.00 (0)
nan +- -1.00 (0)
0.0870 +- -1.00 (1)
nan +- -1.00 (0)
nan +- -1.00 (0)
nan +- -1.00 (0)
0.0808 +- -1.00 (1)
nan +- -1.00 (0)
nan +- -1.00 (0)
nan +- -1.00 (0)
0.1039 +- -1.00 (1)
0.0786 +- -1.00 (1)
0.0751 +- -1.00 (1)
0.0754 +- -1.00 (1)
0.0641 +- -1.00 (1)
nan +- -1.00 (0)
nan +- -1.00 (0)
0.0967 +- -1.00 (1)
nan +- -1.00 (0)
0.0951 +- -1.00 (1)
nan +- -1.00 (0)
nan +- -1.00 (0)
nan +- -1.00 (0)
nan +- -1.00 (0)
nan +- -1.00 (0)
0.0815 +- -1.00 (1)
nan +- -1.00 (0)
nan +- -1.00 (0)
nan +- -1.00 (0)
nan +- -1.00 (0)
nan +- -1.00 (0)
0.0838 +- -1.00 (1)
nan +- -1.00 (0)
0.0717 +- -1.00 (1)
nan +- -1.00 (0)
0.0720 +- -1.00 (1)
0.0666 +- -1.00 (1)
nan +- -1.00 (0)
0.0648 +- -1.00 (1)
nan +- -1.00 (0)
0.0718 +- -1.00 (1)
nan +- -1.00 (0)
nan +- -1.00 (0)
nan +- -1.00 (0)
nan +- -1.00 (0)
nan +- -1.00 (0)
nan +- -1.00 (0)
nan +- -1.00 (0)
0.0828 +- -1.00 (1)
nan +- -1.00 (0)
nan +- -1.00 (0)
nan +- -1.00 (0)
nan +- -1.00 (0)
0.0877 +- -1.00 (1)
nan +- -1.00 (0)
nan +- -1.00 (0)
0.0830 +- -1.00 (1)
nan +- -1.00 (0)
nan +- -1.00 (0)
0.0991 +- -1.00 (1)
nan +- -1.00 (0)
0.0691 +- -1.00 (1)
nan +- -1.00 (0)
0.0760 +- -1.00 (1)
0.0701 +- -1.00 (1)
nan +- -1.00 (0)
0.0999 +- -1.00 (1)
nan +- -1.00 (0)
nan +- -1.00 (0)
nan +- -1.00 (0)
nan +- -1.00 (0)
nan +- -1.00 (0)
0.0741 +- -1.00 (1)
0.0600 +- -1.00 (1)
nan +- -1.00 (0)
nan +- -1.00 (0)
nan +- -1.00 (0)
0.0621 +- -1.00 (1)
0.0760 +- -1.00 (1)
nan +- -1.00 (0)
0.0831 +- -1.00 (1)
nan +- -1.00 (0)
0.0782 +- -1.00 (1)
nan +- -1.00 (0)
nan +- -1.00 (0)
nan +- -1.00 (0)
0.0984 +- -1.00 (1)
0.0789 +- -1.00 (1)
0.0660 +- -1.00 (1)
nan +- -1.00 (0)
0.0795 +- -1.00 (1)
nan +- -1.00 (0)
0.0791 +- -1.00 (1)
nan +- -1.00 (0)
nan +- -1.00 (0)
nan +- -1.00 (0)
0.0868 +- -1.00 (1)
0.0750 +- -1.00 (1)
0.0682 +- -1.00 (1)
0.0791 +- -1.00 (1)
nan +- -1.00 (0)
0.0782 +- -1.00 (1)
0.0802 +- -1.00 (1)
nan +- -1.00 (0)
nan +- -1.00 (0)
nan +- -1.00 (0)
nan +- -1.00 (0)
0.0973 +- -1.00 (1)
nan +- -1.00 (0)
0.0842 +- -1.00 (1)
0.0883 +- -1.00 (1)
nan +- -1.00 (0)
0.0851 +- -1.00 (1)
0.0813 +- -1.00 (1)
nan +- -1.00 (0)
0.0982 +- -1.00 (1)
nan +- -1.00 (0)
nan +- -1.00 (0)
nan +- -1.00 (0)
0.0935 +- -1.00 (1)
0.0717 +- -1.00 (1)
0.1017 +- -1.00 (1)
0.0792 +- -1.00 (1)
nan +- -1.00 (0)
0.0841 +- -1.00 (1)
nan +- -1.00 (0)
nan +- -1.00 (0)
nan +- -1.00 (0)
nan +- -1.00 (0)
0.0796 +- -1.00 (1)
nan +- -1.00 (0)
nan +- -1.00 (0)
nan +- -1.00 (0)
nan +- -1.00 (0)
0.0622 +- -1.00 (1)
nan +- -1.00 (0)
0.0872 +- -1.00 (1)
0.0836 +- -1.00 (1)
nan +- -1.00 (0)
0.0741 +- -1.00 (1)
0.0678 +- -1.00 (1)
nan +- -1.00 (0)
nan +- -1.00 (0)
nan +- -1.00 (0)
nan +- -1.00 (0)
0.0817 +- -1.00 (1)
nan +- -1.00 (0)
nan +- -1.00 (0)
nan +- -1.00 (0)
nan +- -1.00 (0)
nan +- -1.00 (0)
nan +- -1.00 (0)
nan +- -1.00 (0)
0.0846 +- -1.00 (1)
nan +- -1.00 (0)
nan +- -1.00 (0)
0.1006 +- -1.00 (1)
nan +- -1.00 (0)
0.1018 +- -1.00 (1)
0.0784 +- -1.00 (1)
0.0835 +- -1.00 (1)
0.0806 +- -1.00 (1)
nan +- -1.00 (0)
nan +- -1.00 (0)
nan +- -1.00 (0)
nan +- -1.00 (0)
nan +- -1.00 (0)
nan +- -1.00 (0)
0.0768 +- -1.00 (1)
nan +- -1.00 (0)
nan +- -1.00 (0)
nan +- -1.00 (0)
nan +- -1.00 (0)
nan +- -1.00 (0)
0.0852 +- -1.00 (1)
0.0973 +- -1.00 (1)
nan +- -1.00 (0)
nan +- -1.00 (0)
0.0729 +- -1.00 (1)
0.0819 +- -1.00 (1)
0.0694 +- -1.00 (1)
nan +- -1.00 (0)
0.0703 +- -1.00 (1)
nan +- -1.00 (0)
0.0741 +- -1.00 (1)
nan +- -1.00 (0)
nan +- -1.00 (0)
0.1034 +- -1.00 (1)
0.0747 +- -1.00 (1)
nan +- -1.00 (0)
nan +- -1.00 (0)
nan +- -1.00 (0)
0.0732 +- -1.00 (1)
0.0753 +- -1.00 (1)
nan +- -1.00 (0)
nan +- -1.00 (0)
nan +- -1.00 (0)
nan +- -1.00 (0)
nan +- -1.00 (0)
nan +- -1.00 (0)
nan +- -1.00 (0)
nan +- -1.00 (0)
nan +- -1.00 (0)
nan +- -1.00 (0)
0.0866 +- -1.00 (1)
0.0740 +- -1.00 (1)
nan +- -1.00 (0)
nan +- -1.00 (0)
nan +- -1.00 (0)
nan +- -1.00 (0)
nan +- -1.00 (0)
nan +- -1.00 (0)
0.0705 +- -1.00 (1)
nan +- -1.00 (0)
0.0754 +- -1.00 (1)
nan +- -1.00 (0)
nan +- -1.00 (0)
nan +- -1.00 (0)
0.0891 +- -1.00 (1)
0.0809 +- -1.00 (1)
0.0724 +- -1.00 (1)
0.0925 +- -1.00 (1)
nan +- -1.00 (0)
0.0742 +- -1.00 (1)
0.0793 +- -1.00 (1)
nan +- -1.00 (0)
nan +- -1.00 (0)
0.0700 +- -1.00 (1)
nan +- -1.00 (0)
0.0703 +- -1.00 (1)
0.0852 +- -1.00 (1)
0.0678 +- -1.00 (1)
nan +- -1.00 (0)
0.0711 +- -1.00 (1)
0.0776 +- -1.00 (1)
nan +- -1.00 (0)
nan +- -1.00 (0)
nan +- -1.00 (0)
nan +- -1.00 (0)
0.0675 +- -1.00 (1)
nan +- -1.00 (0)
nan +- -1.00 (0)
nan +- -1.00 (0)
nan +- -1.00 (0)
nan +- -1.00 (0)
nan +- -1.00 (0)
0.0774 +- -1.00 (1)
nan +- -1.00 (0)
nan +- -1.00 (0)
nan +- -1.00 (0)
0.0734 +- -1.00 (1)
0.0698 +- -1.00 (1)
0.0822 +- -1.00 (1)
0.0712 +- -1.00 (1)
0.0701 +- -1.00 (1)
0.0765 +- -1.00 (1)
nan +- -1.00 (0)
nan +- -1.00 (0)
nan +- -1.00 (0)
nan +- -1.00 (0)
0.0713 +- -1.00 (1)
0.0794 +- -1.00 (1)
nan +- -1.00 (0)
nan +- -1.00 (0)
nan +- -1.00 (0)
0.0704 +- -1.00 (1)
0.0703 +- -1.00 (1)
0.0916 +- -1.00 (1)
0.0850 +- -1.00 (1)
nan +- -1.00 (0)
0.0770 +- -1.00 (1)
nan +- -1.00 (0)
nan +- -1.00 (0)
nan +- -1.00 (0)
nan +- -1.00 (0)
0.0728 +- -1.00 (1)
0.0770 +- -1.00 (1)
0.0854 +- -1.00 (1)
nan +- -1.00 (0)
nan +- -1.00 (0)
0.0803 +- -1.00 (1)
0.0733 +- -1.00 (1)
0.0710 +- -1.00 (1)
0.0719 +- -1.00 (1)
nan +- -1.00 (0)
0.0819 +- -1.00 (1)
0.0899 +- -1.00 (1)
0.1024 +- -1.00 (1)
nan +- -1.00 (0)
nan +- -1.00 (0)
0.0742 +- -1.00 (1)
nan +- -1.00 (0)
0.0935 +- -1.00 (1)
0.0885 +- -1.00 (1)
nan +- -1.00 (0)
0.1077 +- -1.00 (1)
nan +- -1.00 (0)
nan +- -1.00 (0)
0.0679 +- -1.00 (1)
nan +- -1.00 (0)
nan +- -1.00 (0)
0.0844 +- -1.00 (1)
nan +- -1.00 (0)
nan +- -1.00 (0)
0.0816 +- -1.00 (1)
nan +- -1.00 (0)
0.0780 +- -1.00 (1)
nan +- -1.00 (0)
0.0852 +- -1.00 (1)
nan +- -1.00 (0)
nan +- -1.00 (0)
nan +- -1.00 (0)
nan +- -1.00 (0)
nan +- -1.00 (0)
0.0887 +- -1.00 (1)
nan +- -1.00 (0)
0.0714 +- -1.00 (1)
nan +- -1.00 (0)
nan +- -1.00 (0)
nan +- -1.00 (0)
0.0722 +- -1.00 (1)
0.0803 +- -1.00 (1)
nan +- -1.00 (0)
nan +- -1.00 (0)
0.0846 +- -1.00 (1)
nan +- -1.00 (0)
0.0661 +- -1.00 (1)
nan +- -1.00 (0)
nan +- -1.00 (0)
nan +- -1.00 (0)
0.0812 +- -1.00 (1)
nan +- -1.00 (0)
0.0952 +- -1.00 (1)
nan +- -1.00 (0)
nan +- -1.00 (0)
nan +- -1.00 (0)
0.0729 +- -1.00 (1)
nan +- -1.00 (0)
nan +- -1.00 (0)
0.0700 +- -1.00 (1)
nan +- -1.00 (0)
nan +- -1.00 (0)
nan +- -1.00 (0)
0.0656 +- -1.00 (1)
nan +- -1.00 (0)
0.0701 +- -1.00 (1)
nan +- -1.00 (0)
nan +- -1.00 (0)
nan +- -1.00 (0)
nan +- -1.00 (0)
0.0867 +- -1.00 (1)
nan +- -1.00 (0)
nan +- -1.00 (0)
0.0803 +- -1.00 (1)
nan +- -1.00 (0)
0.0831 +- -1.00 (1)
0.1053 +- -1.00 (1)
nan +- -1.00 (0)
0.0799 +- -1.00 (1)
nan +- -1.00 (0)
0.0728 +- -1.00 (1)
nan +- -1.00 (0)
nan +- -1.00 (0)
nan +- -1.00 (0)
nan +- -1.00 (0)
nan +- -1.00 (0)
nan +- -1.00 (0)
0.0855 +- -1.00 (1)
nan +- -1.00 (0)
0.0816 +- -1.00 (1)
nan +- -1.00 (0)
nan +- -1.00 (0)
nan +- -1.00 (0)
nan +- -1.00 (0)
nan +- -1.00 (0)
0.0703 +- -1.00 (1)
nan +- -1.00 (0)
nan +- -1.00 (0)
0.0876 +- -1.00 (1)
nan +- -1.00 (0)
nan +- -1.00 (0)
nan +- -1.00 (0)
0.0830 +- -1.00 (1)
nan +- -1.00 (0)
nan +- -1.00 (0)
0.0930 +- -1.00 (1)
nan +- -1.00 (0)
nan +- -1.00 (0)
0.0719 +- -1.00 (1)
nan +- -1.00 (0)
0.0874 +- -1.00 (1)
0.0634 +- -1.00 (1)
nan +- -1.00 (0)
0.0742 +- -1.00 (1)
nan +- -1.00 (0)
0.0819 +- -1.00 (1)
0.0966 +- -1.00 (1)
nan +- -1.00 (0)
nan +- -1.00 (0)
0.0742 +- -1.00 (1)
nan +- -1.00 (0)
0.0731 +- -1.00 (1)
nan +- -1.00 (0)
nan +- -1.00 (0)
0.0734 +- -1.00 (1)
nan +- -1.00 (0)
0.0790 +- -1.00 (1)
0.0848 +- -1.00 (1)
0.0847 +- -1.00 (1)
nan +- -1.00 (0)
nan +- -1.00 (0)
nan +- -1.00 (0)
nan +- -1.00 (0)
nan +- -1.00 (0)
nan +- -1.00 (0)
nan +- -1.00 (0)
nan +- -1.00 (0)
nan +- -1.00 (0)
nan +- -1.00 (0)
nan +- -1.00 (0)
0.0724 +- -1.00 (1)
nan +- -1.00 (0)
nan +- -1.00 (0)
nan +- -1.00 (0)
0.0950 +- -1.00 (1)
0.1061 +- -1.00 (1)
nan +- -1.00 (0)
nan +- -1.00 (0)
nan +- -1.00 (0)
nan +- -1.00 (0)
0.0739 +- -1.00 (1)
nan +- -1.00 (0)
0.0796 +- -1.00 (1)
nan +- -1.00 (0)
nan +- -1.00 (0)
0.0784 +- -1.00 (1)
nan +- -1.00 (0)
nan +- -1.00 (0)
nan +- -1.00 (0)
0.0828 +- -1.00 (1)
nan +- -1.00 (0)
nan +- -1.00 (0)
nan +- -1.00 (0)
nan +- -1.00 (0)
nan +- -1.00 (0)
nan +- -1.00 (0)
nan +- -1.00 (0)
0.0770 +- -1.00 (1)
nan +- -1.00 (0)
nan +- -1.00 (0)
0.0714 +- -1.00 (1)
nan +- -1.00 (0)
nan +- -1.00 (0)
nan +- -1.00 (0)
nan +- -1.00 (0)
nan +- -1.00 (0)
nan +- -1.00 (0)
0.0806 +- -1.00 (1)
0.0726 +- -1.00 (1)
0.0892 +- -1.00 (1)
nan +- -1.00 (0)
nan +- -1.00 (0)
0.0739 +- -1.00 (1)
nan +- -1.00 (0)
0.0710 +- -1.00 (1)
0.0835 +- -1.00 (1)
nan +- -1.00 (0)
nan +- -1.00 (0)
0.0834 +- -1.00 (1)
0.0742 +- -1.00 (1)
nan +- -1.00 (0)
0.0798 +- -1.00 (1)
nan +- -1.00 (0)
nan +- -1.00 (0)
0.0824 +- -1.00 (1)
nan +- -1.00 (0)
nan +- -1.00 (0)
nan +- -1.00 (0)
0.0861 +- -1.00 (1)
nan +- -1.00 (0)
0.0954 +- -1.00 (1)
nan +- -1.00 (0)
nan +- -1.00 (0)
nan +- -1.00 (0)
nan +- -1.00 (0)
nan +- -1.00 (0)
0.0806 +- -1.00 (1)
0.0940 +- -1.00 (1)
nan +- -1.00 (0)
nan +- -1.00 (0)
0.0913 +- -1.00 (1)
nan +- -1.00 (0)
0.0717 +- -1.00 (1)
nan +- -1.00 (0)
0.0722 +- -1.00 (1)
nan +- -1.00 (0)
0.0833 +- -1.00 (1)
nan +- -1.00 (0)
nan +- -1.00 (0)
nan +- -1.00 (0)
nan +- -1.00 (0)
nan +- -1.00 (0)
nan +- -1.00 (0)
nan +- -1.00 (0)
nan +- -1.00 (0)
nan +- -1.00 (0)
nan +- -1.00 (0)
0.0898 +- -1.00 (1)
nan +- -1.00 (0)
0.1008 +- -1.00 (1)
nan +- -1.00 (0)
0.0677 +- -1.00 (1)
0.0862 +- -1.00 (1)
nan +- -1.00 (0)
0.1030 +- -1.00 (1)
nan +- -1.00 (0)
nan +- -1.00 (0)
nan +- -1.00 (0)
nan +- -1.00 (0)
nan +- -1.00 (0)
nan +- -1.00 (0)
0.0886 +- -1.00 (1)
nan +- -1.00 (0)
nan +- -1.00 (0)
nan +- -1.00 (0)
nan +- -1.00 (0)
nan +- -1.00 (0)
nan +- -1.00 (0)
nan +- -1.00 (0)
nan +- -1.00 (0)
nan +- -1.00 (0)
0.0890 +- -1.00 (1)
nan +- -1.00 (0)
nan +- -1.00 (0)
0.0695 +- -1.00 (1)
nan +- -1.00 (0)
nan +- -1.00 (0)
0.0975 +- -1.00 (1)
nan +- -1.00 (0)
nan +- -1.00 (0)
nan +- -1.00 (0)
0.0714 +- -1.00 (1)
nan +- -1.00 (0)
nan +- -1.00 (0)
0.0732 +- -1.00 (1)
0.0903 +- -1.00 (1)
0.0892 +- -1.00 (1)
nan +- -1.00 (0)
nan +- -1.00 (0)
nan +- -1.00 (0)
nan +- -1.00 (0)
0.0760 +- -1.00 (1)
0.0829 +- -1.00 (1)
nan +- -1.00 (0)
0.0809 +- -1.00 (1)
nan +- -1.00 (0)
nan +- -1.00 (0)
nan +- -1.00 (0)
0.0761 +- -1.00 (1)
nan +- -1.00 (0)
nan +- -1.00 (0)
nan +- -1.00 (0)
0.0767 +- -1.00 (1)
nan +- -1.00 (0)
nan +- -1.00 (0)
nan +- -1.00 (0)
nan +- -1.00 (0)
nan +- -1.00 (0)
nan +- -1.00 (0)
0.0974 +- -1.00 (1)
nan +- -1.00 (0)
0.0651 +- -1.00 (1)
0.0804 +- -1.00 (1)
0.0848 +- -1.00 (1)
nan +- -1.00 (0)
nan +- -1.00 (0)
nan +- -1.00 (0)
0.0761 +- -1.00 (1)
nan +- -1.00 (0)
0.0854 +- -1.00 (1)
nan +- -1.00 (0)
0.0879 +- -1.00 (1)
nan +- -1.00 (0)
nan +- -1.00 (0)
nan +- -1.00 (0)
0.0959 +- -1.00 (1)
nan +- -1.00 (0)
nan +- -1.00 (0)
nan +- -1.00 (0)
nan +- -1.00 (0)
nan +- -1.00 (0)
nan +- -1.00 (0)
0.0767 +- -1.00 (1)
0.0811 +- -1.00 (1)
nan +- -1.00 (0)
0.0813 +- -1.00 (1)
nan +- -1.00 (0)
nan +- -1.00 (0)
0.0966 +- -1.00 (1)
0.0861 +- -1.00 (1)
0.0934 +- -1.00 (1)
nan +- -1.00 (0)
nan +- -1.00 (0)
0.0849 +- -1.00 (1)
0.0792 +- -1.00 (1)
0.0710 +- -1.00 (1)
nan +- -1.00 (0)
nan +- -1.00 (0)
0.0762 +- -1.00 (1)
nan +- -1.00 (0)
nan +- -1.00 (0)
nan +- -1.00 (0)
0.1025 +- -1.00 (1)
0.0884 +- -1.00 (1)
0.0844 +- -1.00 (1)
nan +- -1.00 (0)
nan +- -1.00 (0)
0.1018 +- -1.00 (1)
nan +- -1.00 (0)
0.0745 +- -1.00 (1)
nan +- -1.00 (0)
nan +- -1.00 (0)
0.0775 +- -1.00 (1)
nan +- -1.00 (0)
nan +- -1.00 (0)
0.0810 +- -1.00 (1)
nan +- -1.00 (0)
0.0804 +- -1.00 (1)
nan +- -1.00 (0)
nan +- -1.00 (0)
nan +- -1.00 (0)
nan +- -1.00 (0)
nan +- -1.00 (0)
0.0587 +- -1.00 (1)
nan +- -1.00 (0)
0.0885 +- -1.00 (1)
0.0819 +- -1.00 (1)
0.0938 +- -1.00 (1)
0.1073 +- -1.00 (1)
0.0823 +- -1.00 (1)
nan +- -1.00 (0)
0.0744 +- -1.00 (1)
0.0842 +- -1.00 (1)
nan +- -1.00 (0)
nan +- -1.00 (0)
0.0765 +- -1.00 (1)
nan +- -1.00 (0)
0.0883 +- -1.00 (1)
nan +- -1.00 (0)
nan +- -1.00 (0)
0.0833 +- -1.00 (1)
0.0780 +- -1.00 (1)
0.0898 +- -1.00 (1)
nan +- -1.00 (0)
nan +- -1.00 (0)
nan +- -1.00 (0)
0.0755 +- -1.00 (1)
0.0900 +- -1.00 (1)
nan +- -1.00 (0)
0.0976 +- -1.00 (1)
nan +- -1.00 (0)
nan +- -1.00 (0)
0.0759 +- -1.00 (1)
nan +- -1.00 (0)
nan +- -1.00 (0)
0.0911 +- -1.00 (1)
nan +- -1.00 (0)
0.0914 +- -1.00 (1)
nan +- -1.00 (0)
0.0825 +- -1.00 (1)
0.1020 +- -1.00 (1)
nan +- -1.00 (0)
nan +- -1.00 (0)
0.0780 +- -1.00 (1)
nan +- -1.00 (0)
0.1034 +- -1.00 (1)
nan +- -1.00 (0)
0.0812 +- -1.00 (1)
nan +- -1.00 (0)
nan +- -1.00 (0)
nan +- -1.00 (0)
0.0722 +- -1.00 (1)
nan +- -1.00 (0)
nan +- -1.00 (0)
0.0741 +- -1.00 (1)
nan +- -1.00 (0)
0.0906 +- -1.00 (1)
nan +- -1.00 (0)
0.0839 +- -1.00 (1)
0.0897 +- -1.00 (1)
0.0897 +- -1.00 (1)
nan +- -1.00 (0)
nan +- -1.00 (0)
nan +- -1.00 (0)
nan +- -1.00 (0)
0.1008 +- -1.00 (1)
0.0823 +- -1.00 (1)
nan +- -1.00 (0)
nan +- -1.00 (0)
nan +- -1.00 (0)
nan +- -1.00 (0)
0.0769 +- -1.00 (1)
nan +- -1.00 (0)
nan +- -1.00 (0)
0.0823 +- -1.00 (1)
0.0701 +- -1.00 (1)
nan +- -1.00 (0)
nan +- -1.00 (0)
0.0908 +- -1.00 (1)
nan +- -1.00 (0)
nan +- -1.00 (0)
nan +- -1.00 (0)
nan +- -1.00 (0)
0.0877 +- -1.00 (1)
0.0939 +- -1.00 (1)
nan +- -1.00 (0)
nan +- -1.00 (0)
nan +- -1.00 (0)
nan +- -1.00 (0)
0.0790 +- -1.00 (1)
nan +- -1.00 (0)
nan +- -1.00 (0)
0.0913 +- -1.00 (1)
0.0811 +- -1.00 (1)
0.0849 +- -1.00 (1)
nan +- -1.00 (0)
0.0750 +- -1.00 (1)
nan +- -1.00 (0)
nan +- -1.00 (0)
nan +- -1.00 (0)
nan +- -1.00 (0)
nan +- -1.00 (0)
nan +- -1.00 (0)
0.0749 +- -1.00 (1)
0.0731 +- -1.00 (1)
nan +- -1.00 (0)
nan +- -1.00 (0)
0.0767 +- -1.00 (1)
nan +- -1.00 (0)
0.0763 +- -1.00 (1)
0.1004 +- -1.00 (1)
nan +- -1.00 (0)
nan +- -1.00 (0)
nan +- -1.00 (0)
0.0772 +- -1.00 (1)
0.0808 +- -1.00 (1)
nan +- -1.00 (0)
nan +- -1.00 (0)
