-1.0000 
-1.0000 
-1.0000 
-1.0000 
-1.0000 
-1.0000 
-1.0000 
-1.0000 
-1.0000 
-1.0000 
-1.0000 
-1.0000 
-1.0000 
-1.0000 
-1.0000 
-1.0000 
-1.0000 
-1.0000 
-1.0000 
-1.0000 
-1.0000 
-1.0000 
-1.0000 
-1.0000 
-1.0000 
-1.0000 
-1.0000 
-1.0000 
-1.0000 
-1.0000 
0.0879 
-1.0000 
-1.0000 
-1.0000 
-1.0000 
-1.0000 
-1.0000 
-1.0000 
-1.0000 
-1.0000 
-1.0000 
0.1589 
-1.0000 
-1.0000 
-1.0000 
-1.0000 
0.1639 
-1.0000 
-1.0000 
-1.0000 
-1.0000 
-1.0000 
-1.0000 
-1.0000 
-1.0000 
-1.0000 
-1.0000 
-1.0000 
-1.0000 
-1.0000 
-1.0000 
-1.0000 
-1.0000 
-1.0000 
-1.0000 
-1.0000 
0.1682 
-1.0000 
-1.0000 
-1.0000 
0.1775 
-1.0000 
-1.0000 
-1.0000 
-1.0000 
-1.0000 
-1.0000 
-1.0000 
-1.0000 
-1.0000 
-1.0000 
-1.0000 
-1.0000 
0.0933 
-1.0000 
-1.0000 
-1.0000 
-1.0000 
-1.0000 
-1.0000 
0.0575 
-1.0000 
-1.0000 
-1.0000 
-1.0000 
-1.0000 
-1.0000 
-1.0000 
-1.0000 
-1.0000 
-1.0000 
-1.0000 
-1.0000 
0.0979 
-1.0000 
-1.0000 
0.0854 
-1.0000 
-1.0000 
-1.0000 
-1.0000 
-1.0000 
-1.0000 
-1.0000 
-1.0000 
-1.0000 
-1.0000 
-1.0000 
-1.0000 
-1.0000 
-1.0000 
-1.0000 
-1.0000 
-1.0000 
-1.0000 
-1.0000 
-1.0000 
-1.0000 
-1.0000 
-1.0000 
-1.0000 
-1.0000 
-1.0000 
-1.0000 
-1.0000 
-1.0000 
-1.0000 
-1.0000 
-1.0000 
-1.0000 
-1.0000 
-1.0000 
-1.0000 
-1.0000 
-1.0000 
-1.0000 
-1.0000 
-1.0000 
-1.0000 
-1.0000 
-1.0000 
-1.0000 
-1.0000 
-1.0000 
-1.0000 
-1.0000 
-1.0000 
-1.0000 
-1.0000 
-1.0000 
-1.0000 
-1.0000 
-1.0000 
-1.0000 
-1.0000 
-1.0000 
-1.0000 
-1.0000 
-1.0000 
-1.0000 
-1.0000 
0.2309 
-1.0000 
-1.0000 
-1.0000 
-1.0000 
-1.0000 
-1.0000 
-1.0000 
-1.0000 
-1.0000 
-1.0000 
-1.0000 
-1.0000 
-1.0000 
-1.0000 
-1.0000 
-1.0000 
-1.0000 
-1.0000 
-1.0000 
0.0860 
-1.0000 
-1.0000 
-1.0000 
-1.0000 
-1.0000 
-1.0000 
-1.0000 
0.0930 
-1.0000 
-1.0000 
-1.0000 
-1.0000 
-1.0000 
-1.0000 
-1.0000 
-1.0000 
-1.0000 
-1.0000 
-1.0000 
-1.0000 
-1.0000 
-1.0000 
-1.0000 
-1.0000 
-1.0000 
-1.0000 
-1.0000 
-1.0000 
-1.0000 
-1.0000 
-1.0000 
-1.0000 
-1.0000 
-1.0000 
0.0959 
-1.0000 
-1.0000 
-1.0000 
0.0969 
-1.0000 
-1.0000 
-1.0000 
-1.0000 
-1.0000 
-1.0000 
-1.0000 
-1.0000 
0.1087 
-1.0000 
-1.0000 
-1.0000 
-1.0000 
-1.0000 
-1.0000 
-1.0000 
-1.0000 
-1.0000 
-1.0000 
-1.0000 
-1.0000 
0.1073 
-1.0000 
-1.0000 
-1.0000 
0.1402 
-1.0000 
-1.0000 
-1.0000 
-1.0000 
-1.0000 
-1.0000 
-1.0000 
-1.0000 
-1.0000 
-1.0000 
-1.0000 
0.2131 
-1.0000 
-1.0000 
-1.0000 
-1.0000 
-1.0000 
-1.0000 
-1.0000 
-1.0000 
-1.0000 
-1.0000 
-1.0000 
-1.0000 
-1.0000 
-1.0000 
-1.0000 
-1.0000 
-1.0000 
-1.0000 
-1.0000 
-1.0000 
-1.0000 
-1.0000 
0.0875 
-1.0000 
-1.0000 
-1.0000 
-1.0000 
-1.0000 
-1.0000 
-1.0000 
-1.0000 
-1.0000 
-1.0000 
-1.0000 
-1.0000 
-1.0000 
-1.0000 
-1.0000 
0.0947 
-1.0000 
-1.0000 
-1.0000 
-1.0000 
-1.0000 
-1.0000 
-1.0000 
-1.0000 
-1.0000 
0.1831 
-1.0000 
-1.0000 
-1.0000 
-1.0000 
-1.0000 
-1.0000 
-1.0000 
-1.0000 
-1.0000 
-1.0000 
-1.0000 
-1.0000 
-1.0000 
-1.0000 
-1.0000 
-1.0000 
-1.0000 
-1.0000 
0.0976 
-1.0000 
-1.0000 
-1.0000 
-1.0000 
-1.0000 
-1.0000 
-1.0000 
-1.0000 
-1.0000 
-1.0000 
-1.0000 
-1.0000 
-1.0000 
0.0806 
-1.0000 
0.0871 
-1.0000 
-1.0000 
-1.0000 
-1.0000 
-1.0000 
-1.0000 
-1.0000 
-1.0000 
-1.0000 
-1.0000 
-1.0000 
-1.0000 
-1.0000 
-1.0000 
-1.0000 
-1.0000 
-1.0000 
-1.0000 
-1.0000 
-1.0000 
-1.0000 
-1.0000 
-1.0000 
-1.0000 
-1.0000 
-1.0000 
-1.0000 
-1.0000 
0.0708 
-1.0000 
-1.0000 
-1.0000 
-1.0000 
-1.0000 
-1.0000 
-1.0000 
-1.0000 
-1.0000 
-1.0000 
0.1339 
-1.0000 
-1.0000 
-1.0000 
-1.0000 
-1.0000 
0.1498 
-1.0000 
-1.0000 
-1.0000 
-1.0000 
-1.0000 
-1.0000 
-1.0000 
-1.0000 
-1.0000 
-1.0000 
-1.0000 
-1.0000 
-1.0000 
-1.0000 
-1.0000 
-1.0000 
-1.0000 
-1.0000 
-1.0000 
-1.0000 
0.0648 
-1.0000 
-1.0000 
-1.0000 
-1.0000 
-1.0000 
-1.0000 
-1.0000 
-1.0000 
-1.0000 
-1.0000 
-1.0000 
-1.0000 
-1.0000 
-1.0000 
-1.0000 
-1.0000 
-1.0000 
-1.0000 
-1.0000 
0.1379 
-1.0000 
0.1001 
-1.0000 
-1.0000 
-1.0000 
-1.0000 
-1.0000 
-1.0000 
-1.0000 
-1.0000 
-1.0000 
-1.0000 
-1.0000 
-1.0000 
-1.0000 
-1.0000 
-1.0000 
-1.0000 
-1.0000 
-1.0000 
-1.0000 
-1.0000 
-1.0000 
-1.0000 
-1.0000 
-1.0000 
-1.0000 
-1.0000 
-1.0000 
-1.0000 
-1.0000 
-1.0000 
-1.0000 
0.1554 
-1.0000 
-1.0000 
-1.0000 
-1.0000 
-1.0000 
-1.0000 
-1.0000 
-1.0000 
-1.0000 
-1.0000 
-1.0000 
-1.0000 
0.1001 
-1.0000 
-1.0000 
-1.0000 
-1.0000 
-1.0000 
-1.0000 
-1.0000 
-1.0000 
-1.0000 
-1.0000 
0.1209 
-1.0000 
-1.0000 
-1.0000 
-1.0000 
-1.0000 
-1.0000 
-1.0000 
-1.0000 
-1.0000 
-1.0000 
-1.0000 
-1.0000 
-1.0000 
-1.0000 
-1.0000 
-1.0000 
-1.0000 
-1.0000 
-1.0000 
-1.0000 
-1.0000 
-1.0000 
-1.0000 
-1.0000 
-1.0000 
-1.0000 
-1.0000 
-1.0000 
-1.0000 
-1.0000 
-1.0000 
-1.0000 
-1.0000 
-1.0000 
-1.0000 
-1.0000 
-1.0000 
-1.0000 
-1.0000 
-1.0000 
-1.0000 
-1.0000 
-1.0000 
-1.0000 
-1.0000 
-1.0000 
-1.0000 
-1.0000 
-1.0000 
-1.0000 
-1.0000 
-1.0000 
-1.0000 
-1.0000 
0.0892 
-1.0000 
-1.0000 
-1.0000 
-1.0000 
-1.0000 
-1.0000 
-1.0000 
-1.0000 
-1.0000 
-1.0000 
-1.0000 
0.0572 
-1.0000 
-1.0000 
0.1254 
-1.0000 
-1.0000 
-1.0000 
-1.0000 
-1.0000 
-1.0000 
-1.0000 
-1.0000 
-1.0000 
-1.0000 
-1.0000 
-1.0000 
-1.0000 
-1.0000 
-1.0000 
-1.0000 
-1.0000 
0.0839 
-1.0000 
-1.0000 
-1.0000 
-1.0000 
-1.0000 
-1.0000 
-1.0000 
-1.0000 
-1.0000 
-1.0000 
0.1097 
-1.0000 
-1.0000 
-1.0000 
-1.0000 
-1.0000 
-1.0000 
-1.0000 
-1.0000 
-1.0000 
-1.0000 
-1.0000 
-1.0000 
-1.0000 
-1.0000 
-1.0000 
-1.0000 
-1.0000 
-1.0000 
-1.0000 
-1.0000 
-1.0000 
-1.0000 
-1.0000 
-1.0000 
-1.0000 
-1.0000 
-1.0000 
-1.0000 
-1.0000 
-1.0000 
-1.0000 
-1.0000 
-1.0000 
0.0946 
-1.0000 
-1.0000 
-1.0000 
-1.0000 
-1.0000 
-1.0000 
-1.0000 
0.0717 
-1.0000 
-1.0000 
-1.0000 
-1.0000 
-1.0000 
-1.0000 
-1.0000 
-1.0000 
0.1277 
-1.0000 
0.1152 
-1.0000 
-1.0000 
-1.0000 
-1.0000 
-1.0000 
0.0943 
-1.0000 
-1.0000 
-1.0000 
0.1268 
-1.0000 
-1.0000 
-1.0000 
-1.0000 
0.0696 
-1.0000 
-1.0000 
-1.0000 
-1.0000 
-1.0000 
-1.0000 
-1.0000 
-1.0000 
-1.0000 
0.0870 
-1.0000 
-1.0000 
-1.0000 
0.0769 
-1.0000 
-1.0000 
-1.0000 
-1.0000 
-1.0000 
-1.0000 
-1.0000 
-1.0000 
-1.0000 
-1.0000 
-1.0000 
0.1314 
-1.0000 
-1.0000 
-1.0000 
-1.0000 
-1.0000 
-1.0000 
-1.0000 
-1.0000 
-1.0000 
-1.0000 
-1.0000 
-1.0000 
-1.0000 
-1.0000 
-1.0000 
-1.0000 
-1.0000 
-1.0000 
-1.0000 
-1.0000 
-1.0000 
-1.0000 
-1.0000 
-1.0000 
-1.0000 
-1.0000 
-1.0000 
-1.0000 
-1.0000 
-1.0000 
-1.0000 
-1.0000 
-1.0000 
-1.0000 
-1.0000 
-1.0000 
-1.0000 
-1.0000 
-1.0000 
-1.0000 
-1.0000 
-1.0000 
-1.0000 
-1.0000 
-1.0000 
-1.0000 
-1.0000 
-1.0000 
-1.0000 
-1.0000 
-1.0000 
-1.0000 
-1.0000 
-1.0000 
-1.0000 
-1.0000 
-1.0000 
-1.0000 
-1.0000 
-1.0000 
-1.0000 
-1.0000 
-1.0000 
-1.0000 
-1.0000 
-1.0000 
-1.0000 
-1.0000 
-1.0000 
-1.0000 
-1.0000 
-1.0000 
-1.0000 
-1.0000 
-1.0000 
-1.0000 
-1.0000 
-1.0000 
-1.0000 
-1.0000 
-1.0000 
-1.0000 
-1.0000 
-1.0000 
-1.0000 
-1.0000 
-1.0000 
-1.0000 
-1.0000 
-1.0000 
-1.0000 
0.0922 
-1.0000 
-1.0000 
-1.0000 
-1.0000 
-1.0000 
-1.0000 
-1.0000 
-1.0000 
-1.0000 
-1.0000 
-1.0000 
-1.0000 
-1.0000 
-1.0000 
-1.0000 
0.0778 
-1.0000 
-1.0000 
-1.0000 
-1.0000 
0.0871 
0.0718 
-1.0000 
-1.0000 
-1.0000 
-1.0000 
0.1010 
0.0743 
-1.0000 
-1.0000 
-1.0000 
-1.0000 
-1.0000 
-1.0000 
-1.0000 
-1.0000 
-1.0000 
-1.0000 
-1.0000 
-1.0000 
-1.0000 
-1.0000 
-1.0000 
-1.0000 
-1.0000 
-1.0000 
-1.0000 
-1.0000 
-1.0000 
-1.0000 
-1.0000 
-1.0000 
-1.0000 
-1.0000 
-1.0000 
-1.0000 
-1.0000 
-1.0000 
-1.0000 
-1.0000 
-1.0000 
-1.0000 
-1.0000 
-1.0000 
-1.0000 
-1.0000 
-1.0000 
-1.0000 
-1.0000 
-1.0000 
-1.0000 
0.1030 
-1.0000 
-1.0000 
-1.0000 
-1.0000 
-1.0000 
-1.0000 
-1.0000 
-1.0000 
-1.0000 
-1.0000 
-1.0000 
-1.0000 
-1.0000 
-1.0000 
-1.0000 
-1.0000 
0.1055 
-1.0000 
-1.0000 
-1.0000 
-1.0000 
-1.0000 
-1.0000 
-1.0000 
-1.0000 
-1.0000 
-1.0000 
-1.0000 
-1.0000 
-1.0000 
-1.0000 
-1.0000 
-1.0000 
-1.0000 
-1.0000 
0.1071 
-1.0000 
-1.0000 
-1.0000 
-1.0000 
-1.0000 
-1.0000 
-1.0000 
-1.0000 
-1.0000 
-1.0000 
-1.0000 
-1.0000 
-1.0000 
-1.0000 
-1.0000 
-1.0000 
-1.0000 
0.1100 
-1.0000 
-1.0000 
-1.0000 
-1.0000 
-1.0000 
-1.0000 
-1.0000 
-1.0000 
-1.0000 
-1.0000 
-1.0000 
-1.0000 
-1.0000 
-1.0000 
-1.0000 
-1.0000 
-1.0000 
-1.0000 
-1.0000 
-1.0000 
-1.0000 
-1.0000 
-1.0000 
-1.0000 
-1.0000 
0.0899 
-1.0000 
-1.0000 
-1.0000 
-1.0000 
-1.0000 
-1.0000 
-1.0000 
-1.0000 
-1.0000 
-1.0000 
-1.0000 
-1.0000 
-1.0000 
-1.0000 
0.0862 
0.0828 
-1.0000 
-1.0000 
-1.0000 
0.0853 
-1.0000 
-1.0000 
-1.0000 
-1.0000 
-1.0000 
-1.0000 
-1.0000 
-1.0000 
-1.0000 
-1.0000 
-1.0000 
-1.0000 
-1.0000 
-1.0000 
-1.0000 
-1.0000 
-1.0000 
-1.0000 
-1.0000 
-1.0000 
-1.0000 
-1.0000 
-1.0000 
-1.0000 
-1.0000 
-1.0000 
-1.0000 
-1.0000 
-1.0000 
-1.0000 
-1.0000 
-1.0000 
-1.0000 
0.0867 
-1.0000 
-1.0000 
-1.0000 
-1.0000 
-1.0000 
-1.0000 
-1.0000 
-1.0000 
-1.0000 
-1.0000 
-1.0000 
-1.0000 
-1.0000 
-1.0000 
-1.0000 
-1.0000 
-1.0000 
-1.0000 
-1.0000 
-1.0000 
-1.0000 
-1.0000 
-1.0000 
-1.0000 
0.0822 
-1.0000 
-1.0000 
-1.0000 
-1.0000 
-1.0000 
-1.0000 
-1.0000 
-1.0000 
-1.0000 
-1.0000 
-1.0000 
-1.0000 
-1.0000 
-1.0000 
-1.0000 
-1.0000 
0.0952 
-1.0000 
-1.0000 
-1.0000 
-1.0000 
-1.0000 
-1.0000 
-1.0000 
-1.0000 
-1.0000 
-1.0000 
-1.0000 
-1.0000 
-1.0000 
-1.0000 
-1.0000 
-1.0000 
-1.0000 
-1.0000 
-1.0000 
-1.0000 
-1.0000 
-1.0000 
-1.0000 
-1.0000 
-1.0000 
-1.0000 
-1.0000 
-1.0000 
-1.0000 
-1.0000 
-1.0000 
-1.0000 
-1.0000 
-1.0000 
-1.0000 
0.1284 
-1.0000 
-1.0000 
-1.0000 
-1.0000 
0.0981 
0.0888 
-1.0000 
-1.0000 
-1.0000 
-1.0000 
-1.0000 
-1.0000 
-1.0000 
-1.0000 
-1.0000 
-1.0000 
-1.0000 
-1.0000 
-1.0000 
-1.0000 
-1.0000 
-1.0000 
-1.0000 
-1.0000 
-1.0000 
-1.0000 
-1.0000 
-1.0000 
-1.0000 
-1.0000 
-1.0000 
-1.0000 
-1.0000 
-1.0000 
-1.0000 
-1.0000 
-1.0000 
-1.0000 
-1.0000 
0.0907 
-1.0000 
-1.0000 
-1.0000 
-1.0000 
-1.0000 
-1.0000 
-1.0000 
-1.0000 
-1.0000 
-1.0000 
-1.0000 
0.0870 
-1.0000 
-1.0000 
-1.0000 
-1.0000 
-1.0000 
-1.0000 
-1.0000 
-1.0000 
-1.0000 
-1.0000 
-1.0000 
-1.0000 
-1.0000 
-1.0000 
-1.0000 
-1.0000 
-1.0000 
-1.0000 
-1.0000 
-1.0000 
-1.0000 
-1.0000 
-1.0000 
0.1014 
-1.0000 
0.0878 
-1.0000 
-1.0000 
0.0797 
-1.0000 
-1.0000 
-1.0000 
-1.0000 
-1.0000 
0.0920 
-1.0000 
-1.0000 
-1.0000 
-1.0000 
-1.0000 
-1.0000 
-1.0000 
-1.0000 
-1.0000 
-1.0000 
-1.0000 
-1.0000 
-1.0000 
-1.0000 
-1.0000 
-1.0000 
-1.0000 
-1.0000 
-1.0000 
-1.0000 
-1.0000 
-1.0000 
-1.0000 
-1.0000 
-1.0000 
-1.0000 
-1.0000 
-1.0000 
-1.0000 
-1.0000 
-1.0000 
-1.0000 
-1.0000 
-1.0000 
-1.0000 
-1.0000 
-1.0000 
0.0877 
-1.0000 
-1.0000 
-1.0000 
-1.0000 
-1.0000 
-1.0000 
-1.0000 
-1.0000 
-1.0000 
-1.0000 
-1.0000 
-1.0000 
-1.0000 
-1.0000 
-1.0000 
-1.0000 
-1.0000 
-1.0000 
-1.0000 
-1.0000 
-1.0000 
-1.0000 
-1.0000 
-1.0000 
-1.0000 
-1.0000 
-1.0000 
-1.0000 
-1.0000 
-1.0000 
-1.0000 
-1.0000 
-1.0000 
-1.0000 
-1.0000 
-1.0000 
-1.0000 
-1.0000 
-1.0000 
-1.0000 
-1.0000 
-1.0000 
-1.0000 
-1.0000 
-1.0000 
-1.0000 
-1.0000 
-1.0000 
-1.0000 
-1.0000 
-1.0000 
-1.0000 
-1.0000 
-1.0000 
-1.0000 
-1.0000 
0.0855 
-1.0000 
-1.0000 
0.0884 
-1.0000 
0.0766 
-1.0000 
-1.0000 
0.1025 
-1.0000 
-1.0000 
0.0850 
-1.0000 
-1.0000 
-1.0000 
-1.0000 
-1.0000 
-1.0000 
-1.0000 
-1.0000 
-1.0000 
-1.0000 
-1.0000 
-1.0000 
-1.0000 
-1.0000 
-1.0000 
-1.0000 
-1.0000 
-1.0000 
-1.0000 
-1.0000 
-1.0000 
-1.0000 
-1.0000 
-1.0000 
-1.0000 
-1.0000 
-1.0000 
-1.0000 
-1.0000 
-1.0000 
-1.0000 
-1.0000 
-1.0000 
-1.0000 
-1.0000 
-1.0000 
-1.0000 
-1.0000 
-1.0000 
-1.0000 
-1.0000 
-1.0000 
-1.0000 
-1.0000 
-1.0000 
-1.0000 
-1.0000 
-1.0000 
-1.0000 
0.0890 
-1.0000 
-1.0000 
-1.0000 
-1.0000 
0.0742 
-1.0000 
-1.0000 
-1.0000 
-1.0000 
-1.0000 
-1.0000 
-1.0000 
-1.0000 
-1.0000 
-1.0000 
-1.0000 
-1.0000 
-1.0000 
-1.0000 
-1.0000 
-1.0000 
-1.0000 
-1.0000 
-1.0000 
-1.0000 
-1.0000 
-1.0000 
-1.0000 
-1.0000 
-1.0000 
-1.0000 
-1.0000 
-1.0000 
-1.0000 
0.0943 
-1.0000 
0.0847 
-1.0000 
-1.0000 
-1.0000 
-1.0000 
-1.0000 
-1.0000 
-1.0000 
-1.0000 
-1.0000 
-1.0000 
-1.0000 
-1.0000 
-1.0000 
-1.0000 
0.1071 
-1.0000 
-1.0000 
-1.0000 
-1.0000 
-1.0000 
-1.0000 
-1.0000 
-1.0000 
-1.0000 
-1.0000 
-1.0000 
0.1140 
-1.0000 
-1.0000 
-1.0000 
-1.0000 
-1.0000 
-1.0000 
-1.0000 
-1.0000 
-1.0000 
-1.0000 
-1.0000 
-1.0000 
-1.0000 
-1.0000 
-1.0000 
-1.0000 
-1.0000 
-1.0000 
-1.0000 
-1.0000 
-1.0000 
-1.0000 
-1.0000 
-1.0000 
-1.0000 
-1.0000 
-1.0000 
-1.0000 
-1.0000 
-1.0000 
-1.0000 
-1.0000 
-1.0000 
-1.0000 
-1.0000 
-1.0000 
-1.0000 
-1.0000 
-1.0000 
-1.0000 
-1.0000 
-1.0000 
-1.0000 
-1.0000 
-1.0000 
-1.0000 
-1.0000 
-1.0000 
-1.0000 
-1.0000 
-1.0000 
-1.0000 
-1.0000 
-1.0000 
-1.0000 
-1.0000 
-1.0000 
-1.0000 
-1.0000 
-1.0000 
-1.0000 
-1.0000 
-1.0000 
-1.0000 
-1.0000 
-1.0000 
-1.0000 
-1.0000 
-1.0000 
-1.0000 
-1.0000 
0.0898 
-1.0000 
-1.0000 
-1.0000 
-1.0000 
-1.0000 
0.0897 
-1.0000 
-1.0000 
-1.0000 
-1.0000 
-1.0000 
-1.0000 
-1.0000 
-1.0000 
-1.0000 
-1.0000 
-1.0000 
-1.0000 
-1.0000 
-1.0000 
-1.0000 
-1.0000 
-1.0000 
-1.0000 
-1.0000 
-1.0000 
-1.0000 
-1.0000 
-1.0000 
-1.0000 
-1.0000 
0.0906 
-1.0000 
-1.0000 
-1.0000 
-1.0000 
-1.0000 
-1.0000 
-1.0000 
-1.0000 
-1.0000 
0.0925 
-1.0000 
-1.0000 
-1.0000 
-1.0000 
-1.0000 
-1.0000 
-1.0000 
-1.0000 
-1.0000 
-1.0000 
-1.0000 
-1.0000 
-1.0000 
-1.0000 
-1.0000 
-1.0000 
-1.0000 
-1.0000 
-1.0000 
-1.0000 
-1.0000 
-1.0000 
-1.0000 
-1.0000 
-1.0000 
-1.0000 
-1.0000 
-1.0000 
-1.0000 
0.1039 
-1.0000 
-1.0000 
-1.0000 
-1.0000 
-1.0000 
-1.0000 
-1.0000 
-1.0000 
-1.0000 
-1.0000 
-1.0000 
-1.0000 
-1.0000 
-1.0000 
-1.0000 
-1.0000 
-1.0000 
-1.0000 
0.0961 
-1.0000 
-1.0000 
-1.0000 
-1.0000 
-1.0000 
0.0982 
-1.0000 
-1.0000 
-1.0000 
-1.0000 
0.0800 
-1.0000 
-1.0000 
-1.0000 
-1.0000 
-1.0000 
0.0948 
-1.0000 
-1.0000 
-1.0000 
-1.0000 
-1.0000 
-1.0000 
0.0889 
-1.0000 
-1.0000 
-1.0000 
-1.0000 
-1.0000 
-1.0000 
-1.0000 
-1.0000 
-1.0000 
-1.0000 
-1.0000 
-1.0000 
-1.0000 
-1.0000 
-1.0000 
-1.0000 
-1.0000 
-1.0000 
-1.0000 
-1.0000 
-1.0000 
-1.0000 
-1.0000 
-1.0000 
-1.0000 
-1.0000 
-1.0000 
-1.0000 
-1.0000 
-1.0000 
-1.0000 
0.0821 
-1.0000 
-1.0000 
-1.0000 
-1.0000 
-1.0000 
-1.0000 
-1.0000 
