../../problems/clp/benchs/BRwp-1.0-0.3/BR1.txt -i 0 --min_fr=1.0 0.631000 0.778400
../../problems/clp/benchs/BRwp-1.0-0.3/BR1.txt -i 10 --min_fr=1.0 0.605700 0.730800
../../problems/clp/benchs/BRwp-1.0-0.3/BR1.txt -i 14 --min_fr=1.0 0.639000 0.865500
../../problems/clp/benchs/BRwp-1.0-0.3/BR1.txt -i 18 --min_fr=1.0 0.408000 0.538800
../../problems/clp/benchs/BRwp-1.0-0.3/BR1.txt -i 19 --min_fr=1.0 0.586500 0.718800
../../problems/clp/benchs/BRwp-1.0-0.3/BR2.txt -i 4 --min_fr=1.0 0.665200 0.890700
../../problems/clp/benchs/BRwp-1.0-0.3/BR2.txt -i 5 --min_fr=1.0 0.612600 0.836800
../../problems/clp/benchs/BRwp-1.0-0.3/BR2.txt -i 8 --min_fr=1.0 0.592600 0.824400
../../problems/clp/benchs/BRwp-1.0-0.3/BR2.txt -i 11 --min_fr=1.0 0.561800 0.747800
../../problems/clp/benchs/BRwp-1.0-0.3/BR2.txt -i 15 --min_fr=1.0 0.613400 0.765900
../../problems/clp/benchs/BRwp-1.0-0.3/BR2.txt -i 16 --min_fr=1.0 0.766500 0.923400
../../problems/clp/benchs/BRwp-1.0-0.3/BR3.txt -i 2 --min_fr=1.0 0.613800 0.753800
../../problems/clp/benchs/BRwp-1.0-0.3/BR3.txt -i 4 --min_fr=1.0 0.637400 0.843800
../../problems/clp/benchs/BRwp-1.0-0.3/BR3.txt -i 5 --min_fr=1.0 0.562100 0.722800
../../problems/clp/benchs/BRwp-1.0-0.3/BR3.txt -i 9 --min_fr=1.0 0.630100 0.762600
../../problems/clp/benchs/BRwp-1.0-0.3/BR4.txt -i 19 --min_fr=1.0 0.659400 0.866500
../../problems/clp/benchs/BRwp-1.0-0.3/BR5.txt -i 1 --min_fr=1.0 0.640700 0.870500
../../problems/clp/benchs/BRwp-1.0-0.3/BR5.txt -i 8 --min_fr=1.0 0.608200 0.747600
../../problems/clp/benchs/BRwp-1.0-0.3/BR5.txt -i 9 --min_fr=1.0 0.647400 0.799900
../../problems/clp/benchs/BRwp-1.0-0.3/BR5.txt -i 10 --min_fr=1.0 0.633500 0.768600
../../problems/clp/benchs/BRwp-1.0-0.3/BR5.txt -i 11 --min_fr=1.0 0.579700 0.748100
../../problems/clp/benchs/BRwp-1.0-0.3/BR6.txt -i 4 --min_fr=1.0 0.583500 0.719500
../../problems/clp/benchs/BRwp-1.0-0.3/BR6.txt -i 9 --min_fr=1.0 0.567100 0.757800
../../problems/clp/benchs/BRwp-1.0-0.3/BR6.txt -i 11 --min_fr=1.0 0.582600 0.725500
../../problems/clp/benchs/BRwp-1.0-0.3/BR6.txt -i 19 --min_fr=1.0 0.599300 0.739000
../../problems/clp/benchs/BRwp-1.0-0.3/BR7.txt -i 12 --min_fr=1.0 0.559500 0.672900
../../problems/clp/benchs/BRwp-1.0-0.3/BR13.txt -i 8 --min_fr=0.98 0.459200 0.556700
../../problems/clp/benchs/BRwp-1.0-0.5/BR1.txt -i 5 --min_fr=1.0 0.653100 0.833600
../../problems/clp/benchs/BRwp-1.0-0.5/BR1.txt -i 7 --min_fr=1.0 0.625200 0.844600
../../problems/clp/benchs/BRwp-1.0-0.5/BR1.txt -i 11 --min_fr=1.0 0.624900 0.770100
../../problems/clp/benchs/BRwp-1.0-0.5/BR1.txt -i 16 --min_fr=1.0 0.515600 0.687600
../../problems/clp/benchs/BRwp-1.0-0.5/BR1.txt -i 17 --min_fr=1.0 0.636600 0.889600
../../problems/clp/benchs/BRwp-1.0-0.5/BR2.txt -i 7 --min_fr=1.0 0.718900 0.888300
../../problems/clp/benchs/BRwp-1.0-0.5/BR2.txt -i 12 --min_fr=1.0 0.688100 0.847500
../../problems/clp/benchs/BRwp-1.0-0.5/BR2.txt -i 14 --min_fr=1.0 0.444500 0.611300
../../problems/clp/benchs/BRwp-1.0-0.5/BR2.txt -i 15 --min_fr=1.0 0.610300 0.794100
../../problems/clp/benchs/BRwp-1.0-0.5/BR3.txt -i 0 --min_fr=1.0 0.666200 0.869700
../../problems/clp/benchs/BRwp-1.0-0.5/BR3.txt -i 9 --min_fr=1.0 0.644500 0.777300
../../problems/clp/benchs/BRwp-1.0-0.5/BR3.txt -i 11 --min_fr=1.0 0.602900 0.758700
../../problems/clp/benchs/BRwp-1.0-0.5/BR3.txt -i 18 --min_fr=1.0 0.690300 0.843500
../../problems/clp/benchs/BRwp-1.0-0.5/BR4.txt -i 4 --min_fr=1.0 0.672200 0.811500
../../problems/clp/benchs/BRwp-1.0-0.5/BR4.txt -i 6 --min_fr=1.0 0.617300 0.745300
../../problems/clp/benchs/BRwp-1.0-0.5/BR4.txt -i 8 --min_fr=1.0 0.585100 0.846000
../../problems/clp/benchs/BRwp-1.0-0.5/BR4.txt -i 11 --min_fr=1.0 0.604600 0.829900
../../problems/clp/benchs/BRwp-1.0-0.5/BR4.txt -i 19 --min_fr=1.0 0.671700 0.840900
../../problems/clp/benchs/BRwp-1.0-0.5/BR5.txt -i 1 --min_fr=1.0 0.636500 0.771300
../../problems/clp/benchs/BRwp-1.0-0.5/BR5.txt -i 4 --min_fr=1.0 0.662800 0.797200
../../problems/clp/benchs/BRwp-1.0-0.5/BR5.txt -i 5 --min_fr=1.0 0.586200 0.771200
../../problems/clp/benchs/BRwp-1.0-0.5/BR5.txt -i 7 --min_fr=1.0 0.631800 0.829200
../../problems/clp/benchs/BRwp-1.0-0.5/BR5.txt -i 10 --min_fr=1.0 0.603100 0.726900
../../problems/clp/benchs/BRwp-1.0-0.5/BR5.txt -i 13 --min_fr=1.0 0.672200 0.825700
../../problems/clp/benchs/BRwp-1.0-0.5/BR5.txt -i 14 --min_fr=1.0 0.579000 0.698800
../../problems/clp/benchs/BRwp-1.0-0.5/BR5.txt -i 16 --min_fr=1.0 0.711000 0.890500
../../problems/clp/benchs/BRwp-1.0-0.5/BR6.txt -i 2 --min_fr=1.0 0.568900 0.708500
../../problems/clp/benchs/BRwp-1.0-0.5/BR6.txt -i 13 --min_fr=1.0 0.604200 0.771100
../../problems/clp/benchs/BRwp-1.0-0.5/BR6.txt -i 15 --min_fr=1.0 0.617500 0.741500
../../problems/clp/benchs/BRwp-1.0-0.5/BR7.txt -i 7 --min_fr=1.0 0.603200 0.725000
../../problems/clp/benchs/BRwp-1.0-0.5/BR8.txt -i 3 --min_fr=0.98 0.500900 0.639300
../../problems/clp/benchs/BRwp-1.0-0.5/BR9.txt -i 15 --min_fr=0.98 0.475600 0.583100
../../problems/clp/benchs/BRwp-1.0-0.8/BR1.txt -i 0 --min_fr=1.0 0.626900 0.883100
../../problems/clp/benchs/BRwp-1.0-0.8/BR1.txt -i 2 --min_fr=1.0 0.548100 0.670000
../../problems/clp/benchs/BRwp-1.0-0.8/BR1.txt -i 16 --min_fr=1.0 0.532100 0.669600
../../problems/clp/benchs/BRwp-1.0-0.8/BR1.txt -i 17 --min_fr=1.0 0.627000 0.847300
../../problems/clp/benchs/BRwp-1.0-0.8/BR2.txt -i 9 --min_fr=1.0 0.365300 0.563200
../../problems/clp/benchs/BRwp-1.0-0.8/BR2.txt -i 10 --min_fr=1.0 0.602400 0.837800
../../problems/clp/benchs/BRwp-1.0-0.8/BR3.txt -i 6 --min_fr=1.0 0.671500 0.841800
../../problems/clp/benchs/BRwp-1.0-0.8/BR3.txt -i 13 --min_fr=1.0 0.647100 0.890900
../../problems/clp/benchs/BRwp-1.0-0.8/BR3.txt -i 14 --min_fr=1.0 0.599200 0.792700
../../problems/clp/benchs/BRwp-1.0-0.8/BR3.txt -i 17 --min_fr=1.0 0.625600 0.813500
../../problems/clp/benchs/BRwp-1.0-0.8/BR4.txt -i 10 --min_fr=1.0 0.619300 0.757900
../../problems/clp/benchs/BRwp-1.0-0.8/BR5.txt -i 1 --min_fr=1.0 0.555900 0.703100
../../problems/clp/benchs/BRwp-1.0-0.8/BR5.txt -i 3 --min_fr=1.0 0.614000 0.826000
../../problems/clp/benchs/BRwp-1.0-0.8/BR5.txt -i 5 --min_fr=1.0 0.503500 0.809000
../../problems/clp/benchs/BRwp-1.0-0.8/BR5.txt -i 6 --min_fr=1.0 0.619000 0.813300
../../problems/clp/benchs/BRwp-1.0-0.8/BR5.txt -i 12 --min_fr=1.0 0.559600 0.674200
../../problems/clp/benchs/BRwp-1.0-0.8/BR5.txt -i 15 --min_fr=1.0 0.598700 0.775200
../../problems/clp/benchs/BRwp-1.0-0.8/BR5.txt -i 17 --min_fr=1.0 0.652300 0.796400
../../problems/clp/benchs/BRwp-1.0-0.8/BR5.txt -i 18 --min_fr=1.0 0.572100 0.692600
../../problems/clp/benchs/BRwp-1.0-0.8/BR7.txt -i 12 --min_fr=1.0 0.568100 0.688400
../../problems/clp/benchs/BRwp-1.0-0.8/BR8.txt -i 3 --min_fr=0.98 0.485500 0.599000
../../problems/clp/benchs/BRwp-1.0-0.8/BR11.txt -i 9 --min_fr=0.98 0.455200 0.550600
../../problems/clp/benchs/BRwp-1.0-0.8/BR12.txt -i 10 --min_fr=0.98 0.470800 0.569700
