0.7784 +- -1.00 (1)
0.7455 +- -1.00 (1)
0.5163 +- -1.00 (1)
0.6966 +- -1.00 (1)
0.5883 +- -1.00 (1)
0.5535 +- -1.00 (1)
0.7203 +- -1.00 (1)
0.5266 +- -1.00 (1)
0.5845 +- -1.00 (1)
0.4896 +- -1.00 (1)
0.7308 +- -1.00 (1)
0.5901 +- -1.00 (1)
0.7250 +- -1.00 (1)
0.4032 +- -1.00 (1)
0.8655 +- -1.00 (1)
0.7687 +- -1.00 (1)
0.5487 +- -1.00 (1)
0.4856 +- -1.00 (1)
0.5388 +- -1.00 (1)
0.7188 +- -1.00 (1)
0.7211 +- -1.00 (1)
0.6340 +- -1.00 (1)
0.6559 +- -1.00 (1)
0.5197 +- -1.00 (1)
0.8907 +- -1.00 (1)
0.8368 +- -1.00 (1)
0.8047 +- -1.00 (1)
0.8015 +- -1.00 (1)
0.8244 +- -1.00 (1)
0.6345 +- -1.00 (1)
0.6832 +- -1.00 (1)
0.7478 +- -1.00 (1)
0.5368 +- -1.00 (1)
0.6410 +- -1.00 (1)
0.5815 +- -1.00 (1)
0.7659 +- -1.00 (1)
0.9234 +- -1.00 (1)
0.6755 +- -1.00 (1)
0.6928 +- -1.00 (1)
0.6374 +- -1.00 (1)
0.6948 +- -1.00 (1)
0.7291 +- -1.00 (1)
0.7538 +- -1.00 (1)
0.6704 +- -1.00 (1)
0.8438 +- -1.00 (1)
0.7228 +- -1.00 (1)
0.6516 +- -1.00 (1)
0.6742 +- -1.00 (1)
0.6786 +- -1.00 (1)
0.7626 +- -1.00 (1)
0.7254 +- -1.00 (1)
0.6420 +- -1.00 (1)
0.6917 +- -1.00 (1)
0.6502 +- -1.00 (1)
0.6013 +- -1.00 (1)
0.5715 +- -1.00 (1)
0.7912 +- -1.00 (1)
0.7365 +- -1.00 (1)
0.7832 +- -1.00 (1)
0.7158 +- -1.00 (1)
0.7805 +- -1.00 (1)
0.6800 +- -1.00 (1)
0.7218 +- -1.00 (1)
0.6815 +- -1.00 (1)
0.6547 +- -1.00 (1)
0.7086 +- -1.00 (1)
0.7165 +- -1.00 (1)
0.7194 +- -1.00 (1)
0.7203 +- -1.00 (1)
0.5937 +- -1.00 (1)
0.6759 +- -1.00 (1)
0.6161 +- -1.00 (1)
0.7548 +- -1.00 (1)
0.6320 +- -1.00 (1)
0.7100 +- -1.00 (1)
0.6177 +- -1.00 (1)
0.7855 +- -1.00 (1)
0.6758 +- -1.00 (1)
0.6733 +- -1.00 (1)
0.8665 +- -1.00 (1)
0.6753 +- -1.00 (1)
0.8705 +- -1.00 (1)
0.6581 +- -1.00 (1)
0.6753 +- -1.00 (1)
0.7173 +- -1.00 (1)
0.6303 +- -1.00 (1)
0.6542 +- -1.00 (1)
0.5705 +- -1.00 (1)
0.7476 +- -1.00 (1)
0.7999 +- -1.00 (1)
0.7686 +- -1.00 (1)
0.7481 +- -1.00 (1)
0.6903 +- -1.00 (1)
0.6951 +- -1.00 (1)
0.6871 +- -1.00 (1)
0.6699 +- -1.00 (1)
0.8112 +- -1.00 (1)
0.7276 +- -1.00 (1)
0.7308 +- -1.00 (1)
0.7152 +- -1.00 (1)
0.6926 +- -1.00 (1)
0.6549 +- -1.00 (1)
0.6548 +- -1.00 (1)
0.7299 +- -1.00 (1)
0.7195 +- -1.00 (1)
0.6598 +- -1.00 (1)
0.7411 +- -1.00 (1)
0.7880 +- -1.00 (1)
0.5913 +- -1.00 (1)
0.7578 +- -1.00 (1)
0.6944 +- -1.00 (1)
0.7255 +- -1.00 (1)
0.6371 +- -1.00 (1)
0.7254 +- -1.00 (1)
0.6943 +- -1.00 (1)
0.7070 +- -1.00 (1)
0.7340 +- -1.00 (1)
0.6219 +- -1.00 (1)
0.6910 +- -1.00 (1)
0.7390 +- -1.00 (1)
0.6774 +- -1.00 (1)
0.6892 +- -1.00 (1)
0.6484 +- -1.00 (1)
0.7331 +- -1.00 (1)
0.6743 +- -1.00 (1)
0.6522 +- -1.00 (1)
0.6676 +- -1.00 (1)
0.6922 +- -1.00 (1)
0.5950 +- -1.00 (1)
0.6295 +- -1.00 (1)
0.5722 +- -1.00 (1)
0.6128 +- -1.00 (1)
0.6729 +- -1.00 (1)
0.6507 +- -1.00 (1)
0.6514 +- -1.00 (1)
0.6267 +- -1.00 (1)
0.6792 +- -1.00 (1)
0.7185 +- -1.00 (1)
0.6849 +- -1.00 (1)
0.6209 +- -1.00 (1)
0.6220 +- -1.00 (1)
0.5333 +- -1.00 (1)
0.4929 +- -1.00 (1)
0.4907 +- -1.00 (1)
0.5180 +- -1.00 (1)
0.5491 +- -1.00 (1)
0.5768 +- -1.00 (1)
0.5756 +- -1.00 (1)
0.5043 +- -1.00 (1)
0.5970 +- -1.00 (1)
0.5687 +- -1.00 (1)
0.5789 +- -1.00 (1)
0.4722 +- -1.00 (1)
0.5752 +- -1.00 (1)
0.5721 +- -1.00 (1)
0.4648 +- -1.00 (1)
0.5743 +- -1.00 (1)
0.5764 +- -1.00 (1)
0.5351 +- -1.00 (1)
0.5145 +- -1.00 (1)
0.5170 +- -1.00 (1)
0.5214 +- -1.00 (1)
0.5117 +- -1.00 (1)
0.6000 +- -1.00 (1)
0.5457 +- -1.00 (1)
0.4989 +- -1.00 (1)
0.4674 +- -1.00 (1)
0.5730 +- -1.00 (1)
0.5307 +- -1.00 (1)
0.5645 +- -1.00 (1)
0.5050 +- -1.00 (1)
0.5019 +- -1.00 (1)
0.5463 +- -1.00 (1)
0.5245 +- -1.00 (1)
0.5993 +- -1.00 (1)
0.5516 +- -1.00 (1)
0.5245 +- -1.00 (1)
0.5150 +- -1.00 (1)
0.5281 +- -1.00 (1)
0.5064 +- -1.00 (1)
0.5181 +- -1.00 (1)
0.4442 +- -1.00 (1)
0.5304 +- -1.00 (1)
0.5399 +- -1.00 (1)
0.5201 +- -1.00 (1)
0.5145 +- -1.00 (1)
0.4717 +- -1.00 (1)
0.4989 +- -1.00 (1)
0.5146 +- -1.00 (1)
0.5189 +- -1.00 (1)
0.5295 +- -1.00 (1)
0.5378 +- -1.00 (1)
0.4786 +- -1.00 (1)
0.5009 +- -1.00 (1)
0.5603 +- -1.00 (1)
0.5377 +- -1.00 (1)
0.5473 +- -1.00 (1)
0.4886 +- -1.00 (1)
0.5582 +- -1.00 (1)
0.4966 +- -1.00 (1)
0.4430 +- -1.00 (1)
0.5171 +- -1.00 (1)
0.5215 +- -1.00 (1)
0.5129 +- -1.00 (1)
0.4794 +- -1.00 (1)
0.5465 +- -1.00 (1)
0.5073 +- -1.00 (1)
0.5537 +- -1.00 (1)
0.5689 +- -1.00 (1)
0.4807 +- -1.00 (1)
0.5111 +- -1.00 (1)
0.4841 +- -1.00 (1)
0.5563 +- -1.00 (1)
0.4911 +- -1.00 (1)
0.5550 +- -1.00 (1)
0.4869 +- -1.00 (1)
0.5028 +- -1.00 (1)
0.5566 +- -1.00 (1)
0.5127 +- -1.00 (1)
0.5140 +- -1.00 (1)
0.4663 +- -1.00 (1)
0.5024 +- -1.00 (1)
0.4825 +- -1.00 (1)
0.4824 +- -1.00 (1)
0.4706 +- -1.00 (1)
0.4550 +- -1.00 (1)
0.5485 +- -1.00 (1)
0.5050 +- -1.00 (1)
0.4970 +- -1.00 (1)
0.4757 +- -1.00 (1)
0.4534 +- -1.00 (1)
0.4930 +- -1.00 (1)
0.5058 +- -1.00 (1)
0.4943 +- -1.00 (1)
0.5178 +- -1.00 (1)
0.5049 +- -1.00 (1)
0.5144 +- -1.00 (1)
0.5148 +- -1.00 (1)
0.5464 +- -1.00 (1)
0.4745 +- -1.00 (1)
0.5369 +- -1.00 (1)
0.4629 +- -1.00 (1)
0.5157 +- -1.00 (1)
0.4821 +- -1.00 (1)
0.4981 +- -1.00 (1)
0.4936 +- -1.00 (1)
0.5064 +- -1.00 (1)
0.4759 +- -1.00 (1)
0.5567 +- -1.00 (1)
0.4696 +- -1.00 (1)
0.4796 +- -1.00 (1)
0.5123 +- -1.00 (1)
0.4664 +- -1.00 (1)
0.5087 +- -1.00 (1)
0.4632 +- -1.00 (1)
0.4680 +- -1.00 (1)
0.4928 +- -1.00 (1)
0.5253 +- -1.00 (1)
0.5144 +- -1.00 (1)
0.5258 +- -1.00 (1)
0.5295 +- -1.00 (1)
0.4457 +- -1.00 (1)
0.4652 +- -1.00 (1)
0.4867 +- -1.00 (1)
0.4843 +- -1.00 (1)
0.4662 +- -1.00 (1)
0.4922 +- -1.00 (1)
0.4708 +- -1.00 (1)
0.5232 +- -1.00 (1)
0.4494 +- -1.00 (1)
0.4461 +- -1.00 (1)
0.4935 +- -1.00 (1)
0.4059 +- -1.00 (1)
0.4523 +- -1.00 (1)
0.4583 +- -1.00 (1)
0.4724 +- -1.00 (1)
0.5053 +- -1.00 (1)
0.5318 +- -1.00 (1)
0.4403 +- -1.00 (1)
0.4718 +- -1.00 (1)
0.4971 +- -1.00 (1)
0.5029 +- -1.00 (1)
0.4608 +- -1.00 (1)
0.4761 +- -1.00 (1)
0.4439 +- -1.00 (1)
0.4857 +- -1.00 (1)
0.4844 +- -1.00 (1)
0.4805 +- -1.00 (1)
0.4817 +- -1.00 (1)
0.4941 +- -1.00 (1)
0.4498 +- -1.00 (1)
0.5099 +- -1.00 (1)
0.4985 +- -1.00 (1)
0.4760 +- -1.00 (1)
0.4512 +- -1.00 (1)
0.4898 +- -1.00 (1)
0.5095 +- -1.00 (1)
0.4733 +- -1.00 (1)
0.4836 +- -1.00 (1)
0.4581 +- -1.00 (1)
0.6826 +- -1.00 (1)
0.8842 +- -1.00 (1)
0.2874 +- -1.00 (1)
0.7022 +- -1.00 (1)
0.6482 +- -1.00 (1)
0.8336 +- -1.00 (1)
0.5894 +- -1.00 (1)
0.8446 +- -1.00 (1)
0.5216 +- -1.00 (1)
0.6143 +- -1.00 (1)
0.5971 +- -1.00 (1)
0.7701 +- -1.00 (1)
0.6253 +- -1.00 (1)
0.8197 +- -1.00 (1)
0.3678 +- -1.00 (1)
0.7157 +- -1.00 (1)
0.6876 +- -1.00 (1)
0.8896 +- -1.00 (1)
0.5117 +- -1.00 (1)
0.6122 +- -1.00 (1)
0.6357 +- -1.00 (1)
0.6159 +- -1.00 (1)
0.7240 +- -1.00 (1)
0.7200 +- -1.00 (1)
0.7752 +- -1.00 (1)
0.5474 +- -1.00 (1)
0.7801 +- -1.00 (1)
0.8883 +- -1.00 (1)
0.6927 +- -1.00 (1)
0.6430 +- -1.00 (1)
0.6368 +- -1.00 (1)
0.5659 +- -1.00 (1)
0.8475 +- -1.00 (1)
0.6856 +- -1.00 (1)
0.6113 +- -1.00 (1)
0.7941 +- -1.00 (1)
0.4594 +- -1.00 (1)
0.6375 +- -1.00 (1)
0.8080 +- -1.00 (1)
0.6796 +- -1.00 (1)
0.8697 +- -1.00 (1)
0.6848 +- -1.00 (1)
0.7314 +- -1.00 (1)
0.7423 +- -1.00 (1)
0.6532 +- -1.00 (1)
0.6682 +- -1.00 (1)
0.7266 +- -1.00 (1)
0.8053 +- -1.00 (1)
0.6659 +- -1.00 (1)
0.7773 +- -1.00 (1)
0.6677 +- -1.00 (1)
0.7587 +- -1.00 (1)
0.7488 +- -1.00 (1)
0.7589 +- -1.00 (1)
0.5573 +- -1.00 (1)
0.6538 +- -1.00 (1)
0.4767 +- -1.00 (1)
0.6554 +- -1.00 (1)
0.8435 +- -1.00 (1)
0.7509 +- -1.00 (1)
0.6898 +- -1.00 (1)
0.7884 +- -1.00 (1)
0.6908 +- -1.00 (1)
0.6508 +- -1.00 (1)
0.8115 +- -1.00 (1)
0.6563 +- -1.00 (1)
0.7453 +- -1.00 (1)
0.7582 +- -1.00 (1)
0.8460 +- -1.00 (1)
0.7315 +- -1.00 (1)
0.6832 +- -1.00 (1)
0.8299 +- -1.00 (1)
0.7931 +- -1.00 (1)
0.7099 +- -1.00 (1)
0.7179 +- -1.00 (1)
0.6340 +- -1.00 (1)
0.7719 +- -1.00 (1)
0.6562 +- -1.00 (1)
0.7513 +- -1.00 (1)
0.8409 +- -1.00 (1)
0.6887 +- -1.00 (1)
0.7713 +- -1.00 (1)
0.6804 +- -1.00 (1)
0.7334 +- -1.00 (1)
0.7972 +- -1.00 (1)
0.7712 +- -1.00 (1)
0.6548 +- -1.00 (1)
0.8292 +- -1.00 (1)
0.6214 +- -1.00 (1)
0.6977 +- -1.00 (1)
0.7269 +- -1.00 (1)
0.6482 +- -1.00 (1)
0.7331 +- -1.00 (1)
0.8257 +- -1.00 (1)
0.6988 +- -1.00 (1)
0.6697 +- -1.00 (1)
0.8905 +- -1.00 (1)
0.7586 +- -1.00 (1)
0.5537 +- -1.00 (1)
0.7772 +- -1.00 (1)
0.6991 +- -1.00 (1)
0.6687 +- -1.00 (1)
0.7085 +- -1.00 (1)
0.7462 +- -1.00 (1)
0.6662 +- -1.00 (1)
0.6502 +- -1.00 (1)
0.7213 +- -1.00 (1)
0.7420 +- -1.00 (1)
0.5628 +- -1.00 (1)
0.6968 +- -1.00 (1)
0.6980 +- -1.00 (1)
0.6597 +- -1.00 (1)
0.5808 +- -1.00 (1)
0.7711 +- -1.00 (1)
0.6710 +- -1.00 (1)
0.7415 +- -1.00 (1)
0.8185 +- -1.00 (1)
0.7260 +- -1.00 (1)
0.6789 +- -1.00 (1)
0.6374 +- -1.00 (1)
0.5860 +- -1.00 (1)
0.6981 +- -1.00 (1)
0.6166 +- -1.00 (1)
0.6733 +- -1.00 (1)
0.6991 +- -1.00 (1)
0.6418 +- -1.00 (1)
0.6311 +- -1.00 (1)
0.7250 +- -1.00 (1)
0.6422 +- -1.00 (1)
0.6514 +- -1.00 (1)
0.6523 +- -1.00 (1)
0.5974 +- -1.00 (1)
0.5479 +- -1.00 (1)
0.6533 +- -1.00 (1)
0.6000 +- -1.00 (1)
0.5690 +- -1.00 (1)
0.6474 +- -1.00 (1)
0.6535 +- -1.00 (1)
0.6353 +- -1.00 (1)
0.5836 +- -1.00 (1)
0.5962 +- -1.00 (1)
0.5785 +- -1.00 (1)
0.5066 +- -1.00 (1)
0.6393 +- -1.00 (1)
0.5283 +- -1.00 (1)
0.5494 +- -1.00 (1)
0.5324 +- -1.00 (1)
0.5285 +- -1.00 (1)
0.5317 +- -1.00 (1)
0.5919 +- -1.00 (1)
0.5716 +- -1.00 (1)
0.5534 +- -1.00 (1)
0.4849 +- -1.00 (1)
0.5775 +- -1.00 (1)
0.5521 +- -1.00 (1)
0.5783 +- -1.00 (1)
0.6015 +- -1.00 (1)
0.5406 +- -1.00 (1)
0.4825 +- -1.00 (1)
0.5010 +- -1.00 (1)
0.5560 +- -1.00 (1)
0.4954 +- -1.00 (1)
0.5347 +- -1.00 (1)
0.5154 +- -1.00 (1)
0.5062 +- -1.00 (1)
0.5394 +- -1.00 (1)
0.4850 +- -1.00 (1)
0.4994 +- -1.00 (1)
0.5144 +- -1.00 (1)
0.5736 +- -1.00 (1)
0.5688 +- -1.00 (1)
0.5314 +- -1.00 (1)
0.4782 +- -1.00 (1)
0.5318 +- -1.00 (1)
0.5745 +- -1.00 (1)
0.5831 +- -1.00 (1)
0.5180 +- -1.00 (1)
0.4942 +- -1.00 (1)
0.4725 +- -1.00 (1)
0.5353 +- -1.00 (1)
0.5464 +- -1.00 (1)
0.5045 +- -1.00 (1)
0.4688 +- -1.00 (1)
0.5696 +- -1.00 (1)
0.5124 +- -1.00 (1)
0.5092 +- -1.00 (1)
0.4419 +- -1.00 (1)
0.4422 +- -1.00 (1)
0.5399 +- -1.00 (1)
0.5884 +- -1.00 (1)
0.4558 +- -1.00 (1)
0.5675 +- -1.00 (1)
0.5140 +- -1.00 (1)
0.5034 +- -1.00 (1)
0.5263 +- -1.00 (1)
0.4723 +- -1.00 (1)
0.5309 +- -1.00 (1)
0.5732 +- -1.00 (1)
0.6323 +- -1.00 (1)
0.4600 +- -1.00 (1)
0.4972 +- -1.00 (1)
0.4563 +- -1.00 (1)
0.4895 +- -1.00 (1)
0.4832 +- -1.00 (1)
0.5101 +- -1.00 (1)
0.5369 +- -1.00 (1)
0.5811 +- -1.00 (1)
0.5472 +- -1.00 (1)
0.5459 +- -1.00 (1)
0.4949 +- -1.00 (1)
0.4896 +- -1.00 (1)
0.5299 +- -1.00 (1)
0.5125 +- -1.00 (1)
0.5374 +- -1.00 (1)
0.5333 +- -1.00 (1)
0.5401 +- -1.00 (1)
0.4934 +- -1.00 (1)
0.5565 +- -1.00 (1)
0.4782 +- -1.00 (1)
0.5011 +- -1.00 (1)
0.5013 +- -1.00 (1)
0.4712 +- -1.00 (1)
0.5292 +- -1.00 (1)
0.5608 +- -1.00 (1)
0.5107 +- -1.00 (1)
0.4857 +- -1.00 (1)
0.5118 +- -1.00 (1)
0.4901 +- -1.00 (1)
0.5223 +- -1.00 (1)
0.4615 +- -1.00 (1)
0.4943 +- -1.00 (1)
0.5293 +- -1.00 (1)
0.4558 +- -1.00 (1)
0.5344 +- -1.00 (1)
0.5034 +- -1.00 (1)
0.4698 +- -1.00 (1)
0.4629 +- -1.00 (1)
0.4630 +- -1.00 (1)
0.5891 +- -1.00 (1)
0.4734 +- -1.00 (1)
0.4712 +- -1.00 (1)
0.4524 +- -1.00 (1)
0.4959 +- -1.00 (1)
0.4840 +- -1.00 (1)
0.4749 +- -1.00 (1)
0.4561 +- -1.00 (1)
0.5480 +- -1.00 (1)
0.4584 +- -1.00 (1)
0.4740 +- -1.00 (1)
0.4811 +- -1.00 (1)
0.5017 +- -1.00 (1)
0.4778 +- -1.00 (1)
0.5375 +- -1.00 (1)
0.4636 +- -1.00 (1)
0.4791 +- -1.00 (1)
0.4947 +- -1.00 (1)
0.4563 +- -1.00 (1)
0.5024 +- -1.00 (1)
0.5007 +- -1.00 (1)
0.5012 +- -1.00 (1)
0.4364 +- -1.00 (1)
0.4628 +- -1.00 (1)
0.4886 +- -1.00 (1)
0.4649 +- -1.00 (1)
0.4376 +- -1.00 (1)
0.4958 +- -1.00 (1)
0.4972 +- -1.00 (1)
0.4309 +- -1.00 (1)
0.5186 +- -1.00 (1)
0.4554 +- -1.00 (1)
0.4798 +- -1.00 (1)
0.4948 +- -1.00 (1)
0.4619 +- -1.00 (1)
0.4689 +- -1.00 (1)
0.4982 +- -1.00 (1)
0.4678 +- -1.00 (1)
0.4561 +- -1.00 (1)
0.4741 +- -1.00 (1)
0.4285 +- -1.00 (1)
0.4582 +- -1.00 (1)
0.4785 +- -1.00 (1)
0.4677 +- -1.00 (1)
0.4793 +- -1.00 (1)
0.4646 +- -1.00 (1)
0.4404 +- -1.00 (1)
0.4734 +- -1.00 (1)
0.4681 +- -1.00 (1)
0.5003 +- -1.00 (1)
0.5147 +- -1.00 (1)
0.4992 +- -1.00 (1)
0.4835 +- -1.00 (1)
0.4900 +- -1.00 (1)
0.4870 +- -1.00 (1)
0.4767 +- -1.00 (1)
0.4684 +- -1.00 (1)
0.4832 +- -1.00 (1)
0.4800 +- -1.00 (1)
0.4176 +- -1.00 (1)
0.4571 +- -1.00 (1)
0.4431 +- -1.00 (1)
0.8831 +- -1.00 (1)
0.1451 +- -1.00 (1)
0.6700 +- -1.00 (1)
0.7405 +- -1.00 (1)
0.4441 +- -1.00 (1)
0.7453 +- -1.00 (1)
0.7185 +- -1.00 (1)
0.5350 +- -1.00 (1)
0.2656 +- -1.00 (1)
0.6687 +- -1.00 (1)
0.5241 +- -1.00 (1)
0.6430 +- -1.00 (1)
0.6143 +- -1.00 (1)
0.5859 +- -1.00 (1)
0.4117 +- -1.00 (1)
0.6410 +- -1.00 (1)
0.6696 +- -1.00 (1)
0.8473 +- -1.00 (1)
0.4496 +- -1.00 (1)
0.4124 +- -1.00 (1)
0.6550 +- -1.00 (1)
0.7413 +- -1.00 (1)
0.6553 +- -1.00 (1)
0.7303 +- -1.00 (1)
0.7627 +- -1.00 (1)
0.5245 +- -1.00 (1)
0.4893 +- -1.00 (1)
0.8172 +- -1.00 (1)
0.5971 +- -1.00 (1)
0.5632 +- -1.00 (1)
0.8378 +- -1.00 (1)
0.6186 +- -1.00 (1)
0.7482 +- -1.00 (1)
0.7546 +- -1.00 (1)
0.5939 +- -1.00 (1)
0.4257 +- -1.00 (1)
0.6906 +- -1.00 (1)
0.7009 +- -1.00 (1)
0.7582 +- -1.00 (1)
0.7465 +- -1.00 (1)
0.7395 +- -1.00 (1)
0.5041 +- -1.00 (1)
0.6097 +- -1.00 (1)
0.7898 +- -1.00 (1)
0.7071 +- -1.00 (1)
0.6115 +- -1.00 (1)
0.8418 +- -1.00 (1)
0.6462 +- -1.00 (1)
0.7327 +- -1.00 (1)
0.6763 +- -1.00 (1)
0.7203 +- -1.00 (1)
0.5971 +- -1.00 (1)
0.6679 +- -1.00 (1)
0.8909 +- -1.00 (1)
0.7927 +- -1.00 (1)
0.7519 +- -1.00 (1)
0.8354 +- -1.00 (1)
0.8135 +- -1.00 (1)
0.7199 +- -1.00 (1)
0.7610 +- -1.00 (1)
0.6886 +- -1.00 (1)
0.7200 +- -1.00 (1)
0.5451 +- -1.00 (1)
0.6580 +- -1.00 (1)
0.6023 +- -1.00 (1)
0.6344 +- -1.00 (1)
0.5924 +- -1.00 (1)
0.7477 +- -1.00 (1)
0.6912 +- -1.00 (1)
0.7750 +- -1.00 (1)
0.7579 +- -1.00 (1)
0.6081 +- -1.00 (1)
0.8190 +- -1.00 (1)
0.5409 +- -1.00 (1)
0.6289 +- -1.00 (1)
0.6923 +- -1.00 (1)
0.6566 +- -1.00 (1)
0.7162 +- -1.00 (1)
0.7160 +- -1.00 (1)
0.7638 +- -1.00 (1)
0.6778 +- -1.00 (1)
0.7031 +- -1.00 (1)
0.6530 +- -1.00 (1)
0.8260 +- -1.00 (1)
0.6965 +- -1.00 (1)
0.8090 +- -1.00 (1)
0.8133 +- -1.00 (1)
0.6172 +- -1.00 (1)
0.6596 +- -1.00 (1)
0.6828 +- -1.00 (1)
0.7624 +- -1.00 (1)
0.6071 +- -1.00 (1)
0.6742 +- -1.00 (1)
0.7815 +- -1.00 (1)
0.6450 +- -1.00 (1)
0.7752 +- -1.00 (1)
0.7814 +- -1.00 (1)
0.7964 +- -1.00 (1)
0.6926 +- -1.00 (1)
0.6428 +- -1.00 (1)
0.7883 +- -1.00 (1)
0.7181 +- -1.00 (1)
0.7065 +- -1.00 (1)
0.6677 +- -1.00 (1)
0.6878 +- -1.00 (1)
0.6380 +- -1.00 (1)
0.6295 +- -1.00 (1)
0.6603 +- -1.00 (1)
0.6235 +- -1.00 (1)
0.6603 +- -1.00 (1)
0.5969 +- -1.00 (1)
0.6716 +- -1.00 (1)
0.6513 +- -1.00 (1)
0.7746 +- -1.00 (1)
0.6649 +- -1.00 (1)
0.7394 +- -1.00 (1)
0.6893 +- -1.00 (1)
0.7546 +- -1.00 (1)
0.6699 +- -1.00 (1)
0.6981 +- -1.00 (1)
0.6295 +- -1.00 (1)
0.6386 +- -1.00 (1)
0.5175 +- -1.00 (1)
0.6108 +- -1.00 (1)
0.6363 +- -1.00 (1)
0.6153 +- -1.00 (1)
0.6151 +- -1.00 (1)
0.6200 +- -1.00 (1)
0.5996 +- -1.00 (1)
0.6469 +- -1.00 (1)
0.6637 +- -1.00 (1)
0.5983 +- -1.00 (1)
0.6884 +- -1.00 (1)
0.6228 +- -1.00 (1)
0.5725 +- -1.00 (1)
0.5967 +- -1.00 (1)
0.7137 +- -1.00 (1)
0.6526 +- -1.00 (1)
0.6363 +- -1.00 (1)
0.6422 +- -1.00 (1)
0.5743 +- -1.00 (1)
0.5388 +- -1.00 (1)
0.4856 +- -1.00 (1)
0.5990 +- -1.00 (1)
0.5571 +- -1.00 (1)
0.5309 +- -1.00 (1)
0.5015 +- -1.00 (1)
0.5215 +- -1.00 (1)
0.4854 +- -1.00 (1)
0.3910 +- -1.00 (1)
0.5890 +- -1.00 (1)
0.5471 +- -1.00 (1)
0.5164 +- -1.00 (1)
0.5539 +- -1.00 (1)
0.4666 +- -1.00 (1)
0.5235 +- -1.00 (1)
0.6449 +- -1.00 (1)
0.6255 +- -1.00 (1)
0.6019 +- -1.00 (1)
0.5049 +- -1.00 (1)
0.5458 +- -1.00 (1)
0.5567 +- -1.00 (1)
0.5591 +- -1.00 (1)
0.5707 +- -1.00 (1)
0.5170 +- -1.00 (1)
0.4988 +- -1.00 (1)
0.5464 +- -1.00 (1)
0.4972 +- -1.00 (1)
0.4987 +- -1.00 (1)
0.5979 +- -1.00 (1)
0.4339 +- -1.00 (1)
0.5262 +- -1.00 (1)
0.5612 +- -1.00 (1)
0.4261 +- -1.00 (1)
0.5379 +- -1.00 (1)
0.5720 +- -1.00 (1)
0.5216 +- -1.00 (1)
0.5576 +- -1.00 (1)
0.5149 +- -1.00 (1)
0.5219 +- -1.00 (1)
0.5237 +- -1.00 (1)
0.5027 +- -1.00 (1)
0.5382 +- -1.00 (1)
0.5139 +- -1.00 (1)
0.5619 +- -1.00 (1)
0.5169 +- -1.00 (1)
0.5340 +- -1.00 (1)
0.4774 +- -1.00 (1)
0.4652 +- -1.00 (1)
0.5294 +- -1.00 (1)
0.5019 +- -1.00 (1)
0.5155 +- -1.00 (1)
0.5065 +- -1.00 (1)
0.5177 +- -1.00 (1)
0.5306 +- -1.00 (1)
0.4768 +- -1.00 (1)
0.5596 +- -1.00 (1)
0.4880 +- -1.00 (1)
0.5328 +- -1.00 (1)
0.5002 +- -1.00 (1)
0.4905 +- -1.00 (1)
0.4871 +- -1.00 (1)
0.5360 +- -1.00 (1)
0.5088 +- -1.00 (1)
0.4923 +- -1.00 (1)
0.5088 +- -1.00 (1)
0.5409 +- -1.00 (1)
0.5421 +- -1.00 (1)
0.5179 +- -1.00 (1)
0.5506 +- -1.00 (1)
0.4921 +- -1.00 (1)
0.4931 +- -1.00 (1)
0.4966 +- -1.00 (1)
0.5093 +- -1.00 (1)
0.5382 +- -1.00 (1)
0.4884 +- -1.00 (1)
0.5275 +- -1.00 (1)
0.4593 +- -1.00 (1)
0.5464 +- -1.00 (1)
0.4776 +- -1.00 (1)
0.4791 +- -1.00 (1)
0.5446 +- -1.00 (1)
0.4947 +- -1.00 (1)
0.5163 +- -1.00 (1)
0.4187 +- -1.00 (1)
0.4810 +- -1.00 (1)
0.5391 +- -1.00 (1)
0.4920 +- -1.00 (1)
0.5213 +- -1.00 (1)
0.4635 +- -1.00 (1)
0.5697 +- -1.00 (1)
0.4854 +- -1.00 (1)
0.5038 +- -1.00 (1)
0.5268 +- -1.00 (1)
0.5001 +- -1.00 (1)
0.4935 +- -1.00 (1)
0.5615 +- -1.00 (1)
0.5038 +- -1.00 (1)
0.5822 +- -1.00 (1)
0.4824 +- -1.00 (1)
0.4704 +- -1.00 (1)
0.4690 +- -1.00 (1)
0.5036 +- -1.00 (1)
0.4975 +- -1.00 (1)
0.5357 +- -1.00 (1)
0.4921 +- -1.00 (1)
0.5388 +- -1.00 (1)
0.4973 +- -1.00 (1)
0.5207 +- -1.00 (1)
0.4410 +- -1.00 (1)
0.4780 +- -1.00 (1)
0.5511 +- -1.00 (1)
0.4653 +- -1.00 (1)
0.4948 +- -1.00 (1)
0.4751 +- -1.00 (1)
0.4790 +- -1.00 (1)
0.4820 +- -1.00 (1)
0.4967 +- -1.00 (1)
0.5216 +- -1.00 (1)
0.4376 +- -1.00 (1)
0.5062 +- -1.00 (1)
0.4711 +- -1.00 (1)
0.5013 +- -1.00 (1)
0.4759 +- -1.00 (1)
0.4504 +- -1.00 (1)
0.5225 +- -1.00 (1)
0.5061 +- -1.00 (1)
0.4975 +- -1.00 (1)
0.4805 +- -1.00 (1)
0.4370 +- -1.00 (1)
0.4172 +- -1.00 (1)
0.4709 +- -1.00 (1)
0.4871 +- -1.00 (1)
0.4471 +- -1.00 (1)
0.4941 +- -1.00 (1)
0.5081 +- -1.00 (1)
0.5225 +- -1.00 (1)
0.4835 +- -1.00 (1)
0.4232 +- -1.00 (1)
0.4645 +- -1.00 (1)
0.5080 +- -1.00 (1)
0.4754 +- -1.00 (1)
0.4852 +- -1.00 (1)
0.4824 +- -1.00 (1)
0.4728 +- -1.00 (1)
0.4117 +- -1.00 (1)
0.4856 +- -1.00 (1)
0.4945 +- -1.00 (1)
0.5016 +- -1.00 (1)
0.4138 +- -1.00 (1)
0.4964 +- -1.00 (1)
0.4738 +- -1.00 (1)
0.4868 +- -1.00 (1)
0.4217 +- -1.00 (1)
0.4395 +- -1.00 (1)
0.4844 +- -1.00 (1)
0.5301 +- -1.00 (1)
0.4858 +- -1.00 (1)
0.4891 +- -1.00 (1)
0.4571 +- -1.00 (1)
