0.9627 0.6563 0.631 8 0.9277 0.6071
0.982 0.7754 0.7594 11 0.9575 0.5181
0.9592 0.5709 0.5476 3 0.9566 0.5512
0.9728 0.769 0.7481 2 0.9685 0.7614
0.9667 0.5809 0.5616 1 0.9667 0.5809
0.9705 0.6701 0.6498 8 0.9554 0.5578
0.9828 0.7421 0.7282 10 0.9691 0.627
0.842 0.5972 0.5028 1 0.842 0.5972
0.9347 0.5347 0.4998 2 0.9337 0.5297
0.9618 0.7192 0.6909 7 0.9505 0.6
0.9317 0.652 0.6057 13 0.8816 0.4167
0.9622 0.649 0.6242 9 0.9511 0.5913
0.9859 0.7482 0.737 7 0.9646 0.544
0.9107 0.7689 0.7002 1 0.9107 0.7689
0.9767 0.6555 0.639 8 0.9599 0.5084
0.9778 0.6572 0.6415 9 0.9503 0.5346
0.9866 0.6878 0.677 6 0.9603 0.615
0.9604 0.6098 0.5834 6 0.8737 0.4817
0.6315 0.6462 0.408 2 0.6228 0.6423
0.9655 0.608 0.5865 6 0.9402 0.5568
0.9726 0.7346 0.7134 9 0.9348 0.5247
0.9778 0.7105 0.6936 9 0.929 0.6053
0.9162 0.6235 0.5712 8 0.9123 0.5994
0.9042 0.6418 0.5617 38 0.7763 0.3333
0.978 0.6838 0.6652 23 0.9319 0.4701
0.9774 0.6268 0.6126 2 0.9692 0.6232
0.986 0.762 0.7508 9 0.9613 0.7199
0.9834 0.8279 0.8137 6 0.9751 0.5943
0.9788 0.6059 0.5926 4 0.9393 0.5763
0.9746 0.7902 0.7699 4 0.9622 0.7241
0.9662 0.6277 0.6057 8 0.9486 0.4894
0.9767 0.5756 0.5618 6 0.9654 0.5
0.9748 0.6579 0.6409 13 0.9621 0.5263
0.8993 0.6684 0.6009 8 0.8939 0.5105
0.9781 0.5551 0.5407 11 0.8134 0.4449
0.9823 0.6258 0.6134 11 0.9584 0.4785
0.9858 0.7813 0.7665 15 0.9442 0.5714
0.9716 0.648 0.628 8 0.9508 0.5459
0.9794 0.7273 0.7112 15 0.9356 0.6224
0.9847 0.675 0.6551 25 0.8849 0.4125
0.9795 0.6915 0.6722 13 0.9097 0.484
0.9846 0.7043 0.6919 12 0.9556 0.5696
0.9829 0.6259 0.6138 6 0.958 0.535
0.971 0.6324 0.6069 10 0.8428 0.4459
0.977 0.6549 0.6374 14 0.925 0.4867
0.9828 0.5734 0.5621 13 0.9364 0.479
0.9871 0.6632 0.653 21 0.9372 0.5451
0.9847 0.7163 0.7046 7 0.9546 0.524
0.9809 0.6278 0.6143 9 0.957 0.5414
0.9829 0.6417 0.6301 6 0.9683 0.4639
0.9807 0.6218 0.6089 7 0.9524 0.5378
0.9811 0.6359 0.6228 6 0.949 0.5485
0.9832 0.7136 0.7012 10 0.9546 0.6357
0.9583 0.6971 0.6664 18 0.9138 0.5481
0.9812 0.6165 0.603 10 0.9437 0.4466
0.9762 0.6758 0.6574 18 0.9374 0.418
0.968 0.7093 0.6849 9 0.8295 0.6453
0.9788 0.6412 0.6254 11 0.9436 0.4941
0.9899 0.696 0.6877 10 0.9453 0.6193
0.9814 0.7074 0.6897 19 0.9132 0.4333
0.9789 0.6792 0.6633 8 0.9464 0.5047
0.9829 0.6667 0.6538 13 0.952 0.4553
0.9807 0.6593 0.644 9 0.9454 0.537
0.9845 0.6331 0.622 10 0.9467 0.5207
0.9837 0.6808 0.669 12 0.9724 0.5346
0.9789 0.6061 0.5925 7 0.9569 0.5265
0.9863 0.6522 0.6417 10 0.908 0.5109
0.979 0.6729 0.6587 4 0.9722 0.6355
0.9799 0.6174 0.6042 10 0.9598 0.4966
0.9843 0.6842 0.6701 13 0.9237 0.3647
0.9763 0.6071 0.5915 7 0.9495 0.5437
0.9792 0.6272 0.6123 12 0.9356 0.4474
0.9873 0.6775 0.6665 13 0.9442 0.4911
0.9793 0.6714 0.6557 10 0.9425 0.5381
0.9838 0.635 0.6225 16 0.9425 0.39
0.9842 0.6123 0.6006 14 0.9575 0.4384
0.9842 0.7253 0.7104 17 0.9092 0.5549
0.9717 0.6533 0.633 9 0.9252 0.4467
0.9898 0.692 0.6809 16 0.9543 0.4167
0.9822 0.6727 0.6594 10 0.9321 0.5576
0.9848 0.6888 0.6716 17 0.8819 0.5051
0.9844 0.6522 0.6407 15 0.9584 0.4312
0.9805 0.5789 0.566 14 0.9416 0.485
0.9835 0.6514 0.6384 17 0.9469 0.4789
0.981 0.6899 0.6749 18 0.9457 0.5078
0.9801 0.5679 0.5561 11 0.9542 0.4893
0.9827 0.6136 0.6021 11 0.9456 0.5303
0.9725 0.5918 0.5705 20 0.8535 0.4286
0.9825 0.6222 0.6082 17 0.9359 0.4741
0.9819 0.6617 0.6474 15 0.9398 0.5414
0.9818 0.6493 0.6335 12 0.9365 0.4722
0.9809 0.5917 0.5797 11 0.9589 0.5138
0.9896 0.6432 0.6332 21 0.9408 0.407
0.9883 0.7073 0.6943 18 0.9435 0.4675
0.9751 0.649 0.6315 12 0.9302 0.5096
0.9832 0.6017 0.5881 15 0.92 0.428
0.9813 0.7176 0.7017 14 0.9194 0.5556
0.977 0.6839 0.6675 7 0.9312 0.6149
0.9892 0.6197 0.6104 20 0.961 0.4437
0.9861 0.6159 0.6062 8 0.9286 0.5399
0.9856 0.6318 0.6212 12 0.9254 0.4419
0.9838 0.6242 0.6126 12 0.9548 0.5034
0.9807 0.5833 0.5685 19 0.9137 0.413
0.982 0.6285 0.6164 12 0.9576 0.4792
0.9863 0.5931 0.5835 14 0.9531 0.4828
0.9785 0.6051 0.5918 5 0.9738 0.4783
0.9863 0.6423 0.6307 13 0.9266 0.4512
0.9758 0.6923 0.6737 8 0.9365 0.5721
0.9807 0.625 0.61 15 0.9269 0.4839
0.9853 0.5764 0.5671 10 0.9514 0.4167
0.981 0.6412 0.6286 6 0.9704 0.584
0.9832 0.5943 0.5826 11 0.9442 0.4385
0.9911 0.6133 0.6064 12 0.9647 0.5099
0.9882 0.6399 0.6304 14 0.9437 0.4615
0.9877 0.6263 0.6142 15 0.9408 0.4211
0.9828 0.627 0.6146 16 0.9218 0.4426
0.9827 0.6942 0.6794 12 0.9451 0.5207
0.9689 0.6591 0.6366 9 0.8896 0.5739
0.9852 0.625 0.6126 23 0.9533 0.3788
0.9844 0.6107 0.5993 13 0.9587 0.4321
0.9753 0.6455 0.6275 10 0.9243 0.4591
0.9713 0.6473 0.6285 5 0.9655 0.5891
0.9797 0.5675 0.5554 10 0.9563 0.5238
0.9859 0.6307 0.6201 11 0.9497 0.4739
0.9853 0.5873 0.5767 13 0.9552 0.4286
0.9837 0.5769 0.5665 15 0.9484 0.4583
0.9814 0.5917 0.5792 12 0.9542 0.4312
0.9803 0.605 0.5924 10 0.9302 0.5588
0.9861 0.5736 0.5635 15 0.9472 0.4225
0.9827 0.6111 0.5978 12 0.9568 0.4444
0.9799 0.6014 0.5879 16 0.9521 0.465
0.9861 0.589 0.5802 9 0.9665 0.4726
0.9828 0.5698 0.5595 10 0.9675 0.436
0.982 0.5924 0.58 12 0.9309 0.4706
0.9872 0.5726 0.5635 16 0.9526 0.406
0.9799 0.5678 0.5547 11 0.9431 0.3644
0.9827 0.604 0.5921 13 0.9391 0.512
0.9796 0.6505 0.6357 9 0.9406 0.4612
0.9866 0.6074 0.5982 10 0.9603 0.5259
0.9841 0.5731 0.5627 13 0.9493 0.3962
0.9734 0.5739 0.5568 11 0.9424 0.4296
0.9757 0.5301 0.5168 11 0.9563 0.4361
0.9729 0.4854 0.4715 13 0.9417 0.4197
0.9749 0.5034 0.4898 8 0.941 0.4075
0.9799 0.5199 0.5083 16 0.9436 0.3808
0.9751 0.5313 0.5175 11 0.965 0.4281
0.9755 0.5318 0.5175 13 0.9333 0.4409
0.9719 0.5296 0.5144 8 0.9489 0.4519
0.9676 0.4609 0.4455 9 0.9406 0.4087
0.9807 0.5199 0.5093 10 0.9533 0.4503
0.9723 0.5426 0.5267 8 0.9529 0.4535
0.9715 0.5333 0.5169 8 0.9445 0.4296
0.9794 0.4632 0.4526 11 0.9488 0.3712
0.9725 0.5159 0.501 9 0.9473 0.4563
0.9808 0.5 0.49 8 0.9684 0.4381
0.9722 0.5205 0.5052 12 0.9392 0.4385
0.9778 0.567 0.5531 11 0.9396 0.4554
0.9774 0.5673 0.5529 10 0.9481 0.4231
0.9788 0.5308 0.5183 13 0.9514 0.4231
0.9785 0.4894 0.4771 11 0.9429 0.3838
0.978 0.5103 0.498 9 0.9268 0.4384
0.9752 0.516 0.502 9 0.9402 0.432
0.9732 0.52 0.5055 7 0.9437 0.468
0.9693 0.5299 0.513 11 0.9239 0.4478
0.9722 0.5176 0.5029 6 0.9575 0.4754
0.9786 0.5035 0.4921 10 0.9393 0.4371
0.9757 0.5078 0.4946 12 0.9558 0.407
0.9725 0.5088 0.4947 4 0.967 0.4823
0.9727 0.5096 0.4949 11 0.9474 0.4519
0.9745 0.5175 0.5029 16 0.9461 0.4035
0.9762 0.4833 0.4711 9 0.9584 0.3833
0.9726 0.5088 0.494 10 0.9436 0.4386
0.9731 0.487 0.4733 10 0.9477 0.3799
0.9762 0.496 0.484 6 0.9698 0.452
0.9722 0.5167 0.5016 8 0.9452 0.4208
0.9739 0.496 0.4819 13 0.9434 0.396
0.9758 0.5122 0.4993 8 0.9534 0.4634
0.9762 0.5217 0.5078 13 0.9474 0.3913
0.9791 0.5197 0.5075 19 0.9469 0.4094
0.9763 0.4615 0.4497 11 0.9527 0.3808
0.9781 0.511 0.4987 15 0.9478 0.4265
0.977 0.4878 0.4751 11 0.9341 0.4228
0.9735 0.489 0.4754 10 0.9494 0.4338
0.9766 0.5082 0.4957 9 0.959 0.3893
0.9775 0.5075 0.4947 8 0.9358 0.4398
0.9732 0.4906 0.4763 13 0.9343 0.4119
0.9746 0.5 0.4863 12 0.9549 0.3425
0.9791 0.4715 0.4612 6 0.9371 0.4228
0.9692 0.4813 0.4657 8 0.9383 0.4159
0.9743 0.4762 0.4632 13 0.9468 0.3929
0.9747 0.5121 0.4973 13 0.9477 0.375
0.979 0.5297 0.5173 8 0.9297 0.4788
0.9777 0.4715 0.4604 7 0.9494 0.4304
0.973 0.4958 0.4815 9 0.9486 0.4237
0.9747 0.5089 0.4956 10 0.9438 0.4241
0.9787 0.4961 0.4838 16 0.9507 0.3566
0.9751 0.5153 0.5017 13 0.9528 0.4351
0.9776 0.4913 0.4794 7 0.9498 0.4348
0.9798 0.5339 0.5211 14 0.9444 0.4153
0.976 0.48 0.4677 11 0.9434 0.372
0.9731 0.4688 0.4556 8 0.9533 0.4023
0.9729 0.4786 0.4645 13 0.9366 0.3929
0.9757 0.4959 0.4827 8 0.9442 0.4174
0.973 0.5117 0.4968 10 0.958 0.3828
0.9726 0.4776 0.4641 7 0.9591 0.4179
0.9758 0.4873 0.4752 7 0.9548 0.4331
0.9779 0.5 0.4878 13 0.9377 0.4095
0.9762 0.5123 0.4998 10 0.9629 0.459
0.9733 0.5049 0.4905 10 0.9435 0.4223
0.9764 0.4658 0.4535 10 0.9471 0.3846
0.9738 0.5127 0.4982 8 0.9462 0.4407
0.9726 0.4797 0.4662 8 0.9426 0.4228
0.9737 0.4829 0.4699 7 0.957 0.4486
0.9675 0.4746 0.4587 9 0.9445 0.4364
0.973 0.4922 0.4779 12 0.9486 0.418
0.973 0.4872 0.4734 8 0.9498 0.3889
0.9772 0.5301 0.5163 12 0.9374 0.4286
0.9754 0.5136 0.4999 9 0.9577 0.4227
0.974 0.5081 0.4932 7 0.9465 0.4065
0.9769 0.4746 0.4631 6 0.9585 0.4312
0.9729 0.4963 0.4824 10 0.9625 0.4191
0.9761 0.4844 0.472 11 0.9471 0.3984
0.9716 0.4879 0.4732 15 0.9538 0.379
0.9754 0.4959 0.4832 8 0.9587 0.4146
0.9737 0.485 0.4716 5 0.9565 0.4398
0.967 0.4583 0.4429 9 0.9476 0.4199
0.9705 0.5125 0.4966 9 0.9417 0.4417
0.9708 0.4829 0.4678 11 0.9287 0.3932
0.9726 0.5 0.4851 8 0.9338 0.4213
0.9713 0.4309 0.4182 6 0.9524 0.3902
0.9782 0.4625 0.4511 12 0.9468 0.3833
0.9725 0.4837 0.4698 9 0.9376 0.4187
0.9733 0.4821 0.4681 15 0.9507 0.3821
0.9746 0.4866 0.4731 11 0.949 0.4018
0.974 0.4786 0.4653 10 0.9459 0.4145
0.9745 0.5041 0.4903 9 0.9556 0.4057
0.9744 0.4927 0.4795 8 0.956 0.4416
0.9752 0.4669 0.4546 13 0.9452 0.3926
0.9751 0.5299 0.5148 16 0.9379 0.3974
0.9746 0.465 0.4526 9 0.938 0.4021
0.9738 0.4881 0.4752 5 0.9631 0.4563
0.9774 0.4519 0.441 10 0.949 0.3926
0.9686 0.4847 0.4688 7 0.9433 0.4389
0.9722 0.4833 0.4692 7 0.9601 0.4
0.9728 0.4815 0.4679 10 0.9575 0.4296
0.97 0.4665 0.4522 6 0.9565 0.4299
0.9738 0.5119 0.4974 11 0.9469 0.4325
0.9696 0.4643 0.4497 10 0.9489 0.4048
0.9704 0.4739 0.4592 12 0.9513 0.3696
0.9807 0.448 0.4387 9 0.947 0.388
0.9791 0.475 0.4646 6 0.9443 0.4458
0.9766 0.5042 0.4909 14 0.9474 0.3992
0.9754 0.45 0.4388 4 0.9592 0.4286
0.9728 0.4567 0.444 6 0.9605 0.3858
0.9759 0.4474 0.4362 9 0.9508 0.4135
0.9703 0.4797 0.4632 12 0.9124 0.3699
0.9737 0.4922 0.4786 8 0.9618 0.4186
0.9702 0.4781 0.4633 7 0.9531 0.4211
0.9782 0.5 0.4877 12 0.9507 0.3718
0.9729 0.4643 0.4511 12 0.9574 0.3786
0.9654 0.5169 0.4982 11 0.949 0.4237
0.9653 0.4643 0.4476 11 0.9413 0.4071
0.9709 0.4476 0.4342 6 0.9559 0.3992
0.9712 0.4793 0.4644 13 0.942 0.3926
0.9727 0.4667 0.4531 12 0.9411 0.3519
0.9687 0.463 0.4481 9 0.9467 0.429
0.972 0.5 0.4858 7 0.9583 0.4713
0.9715 0.4766 0.4622 8 0.9468 0.4258
0.9659 0.487 0.4698 11 0.9502 0.387
0.9761 0.4457 0.4346 8 0.9571 0.3915
0.9674 0.4531 0.4379 5 0.9481 0.4063
0.9763 0.4786 0.467 6 0.9506 0.4573
0.9763 0.463 0.4511 6 0.9534 0.3815
0.9739 0.45 0.4378 11 0.9514 0.4
0.9714 0.4545 0.441 7 0.9447 0.4091
0.9732 0.5163 0.5009 7 0.9454 0.435
0.9725 0.4844 0.4704 9 0.9459 0.4258
0.9737 0.4828 0.4684 11 0.9414 0.3879
0.9745 0.4351 0.4235 6 0.9538 0.3931
0.9709 0.4621 0.4477 7 0.9479 0.3977
0.9752 0.4496 0.4377 11 0.9367 0.3655
0.9656 0.4599 0.4435 13 0.9383 0.4124
0.9744 0.4528 0.4408 9 0.9548 0.3701
0.9728 0.4597 0.4469 8 0.9583 0.3992
0.9705 0.4318 0.4187 8 0.9512 0.3712
0.9704 0.4437 0.4302 10 0.9567 0.3907
0.9695 0.4457 0.4318 10 0.9534 0.3798
0.9665 0.4752 0.4586 6 0.9391 0.4298
0.9683 0.4956 0.4792 9 0.9408 0.4204
0.9752 0.458 0.4464 8 0.9645 0.4008
0.9708 0.4567 0.4425 7 0.9354 0.4134
0.9703 0.4871 0.4719 10 0.9503 0.4181
0.9643 0.4926 0.475 3 0.9622 0.4853
0.9765 0.459 0.4471 9 0.9564 0.3689
0.9729 0.4409 0.4284 9 0.9455 0.4016
0.9709 0.4837 0.4689 10 0.9518 0.3902
0.9675 0.4845 0.4682 7 0.9535 0.4225
0.9721 0.4496 0.4366 9 0.9483 0.3697
0.9748 0.448 0.4358 11 0.9435 0.372
0.9745 0.4394 0.4277 5 0.9422 0.4015
0.9627 0.6563 0.6309 9 0.9277 0.6071
0.9829 0.779 0.7645 7 0.9616 0.6775
0.7535 0.4528 0.3411 5 0.7451 0.437
0.9728 0.769 0.7481 2 0.9685 0.7614
0.9666 0.5809 0.5615 1 0.9666 0.5809
0.9701 0.6735 0.6531 7 0.9595 0.6088
0.9335 0.7302 0.6814 6 0.931 0.4563
0.9882 0.6333 0.6252 11 0.9476 0.4611
0.9559 0.5495 0.5248 4 0.945 0.495
0.957 0.6577 0.6173 28 0.7213 0.4692
0.9526 0.6471 0.6132 12 0.8434 0.4902
0.9633 0.649 0.6249 6 0.9511 0.6106
0.9856 0.7482 0.7352 13 0.9533 0.5669
0.9787 0.7803 0.7622 8 0.9629 0.6136
0.7931 0.5084 0.3968 23 0.6439 0.2647
0.9778 0.6447 0.6293 13 0.9359 0.5346
0.8075 0.6385 0.5156 1 0.8075 0.6385
0.9604 0.6646 0.6366 4 0.9434 0.4817
0.8022 0.6923 0.5554 1 0.8022 0.6923
0.9687 0.6023 0.5808 9 0.9331 0.3409
0.9393 0.6049 0.5513 45 0.7019 0.2963
0.9799 0.7105 0.6956 4 0.9591 0.6623
0.972 0.6446 0.6263 8 0.9596 0.5211
0.9892 0.7413 0.7325 7 0.9651 0.6965
0.967 0.6923 0.6693 5 0.9642 0.6197
0.9862 0.6338 0.6248 6 0.9738 0.5951
0.9849 0.7711 0.7589 6 0.9582 0.738
0.9257 0.7787 0.7189 17 0.8691 0.6762
0.9743 0.6017 0.584 9 0.9251 0.5042
0.8496 0.7098 0.6028 8 0.8294 0.6897
0.9703 0.6277 0.6072 14 0.9486 0.4734
0.968 0.5581 0.5396 6 0.9511 0.4884
0.9841 0.6996 0.6881 7 0.9764 0.5943
0.9732 0.6842 0.665 5 0.9368 0.6368
0.8826 0.5118 0.4445 27 0.741 0.3976
0.9823 0.6227 0.6103 7 0.9581 0.4785
0.9237 0.6563 0.5961 22 0.7256 0.4643
0.9716 0.648 0.6278 9 0.9466 0.5459
0.9798 0.7273 0.7118 12 0.9356 0.6329
0.9812 0.6792 0.6607 13 0.9191 0.3917
0.9718 0.6862 0.6662 6 0.951 0.6064
0.9735 0.7217 0.7012 12 0.9161 0.587
0.9745 0.6294 0.6126 14 0.9503 0.4336
0.989 0.7027 0.6928 21 0.9454 0.5541
0.9765 0.6681 0.6517 7 0.9724 0.4867
0.9798 0.5979 0.5858 2 0.9791 0.5874
0.9817 0.6667 0.6528 13 0.8755 0.5938
0.9846 0.7212 0.7093 9 0.9561 0.5913
0.9606 0.6053 0.5785 11 0.9046 0.5188
0.9838 0.6556 0.6445 8 0.951 0.55
0.9817 0.6092 0.5967 11 0.9507 0.5378
0.9788 0.6165 0.6029 8 0.9389 0.4515
0.9841 0.6884 0.675 13 0.9498 0.5176
0.9812 0.7067 0.6923 12 0.9522 0.5817
0.9824 0.5874 0.5766 6 0.9511 0.4757
0.9867 0.6133 0.601 10 0.9494 0.3438
0.9696 0.6628 0.6424 6 0.9606 0.6279
0.9793 0.6412 0.6259 7 0.9436 0.5471
0.9899 0.6989 0.6903 11 0.936 0.6222
0.9819 0.6815 0.6656 21 0.9084 0.3889
0.9841 0.6604 0.6458 14 0.9221 0.4623
0.9857 0.6829 0.6699 20 0.9391 0.4959
0.9819 0.637 0.6228 17 0.9463 0.4222
0.9863 0.6331 0.6235 13 0.9361 0.5562
0.9808 0.6885 0.6722 24 0.9469 0.4462
0.9804 0.6023 0.5897 9 0.9571 0.5152
0.9767 0.6341 0.6173 18 0.8994 0.4964
0.9773 0.6682 0.6517 11 0.958 0.5234
0.9812 0.5973 0.5851 8 0.9683 0.4832
0.9841 0.7068 0.6939 7 0.9572 0.6015
0.9779 0.6071 0.5917 15 0.9461 0.4365
0.9787 0.6184 0.6046 10 0.9671 0.4386
0.9905 0.6982 0.6877 23 0.9449 0.4734
0.9796 0.6857 0.6687 16 0.9306 0.4476
0.984 0.635 0.6221 12 0.9336 0.495
0.9872 0.6196 0.6095 12 0.9431 0.4022
0.9749 0.7143 0.694 13 0.9148 0.5769
0.9292 0.6333 0.584 12 0.8432 0.52
0.9898 0.6884 0.6765 25 0.9441 0.4167
0.9805 0.6871 0.6717 13 0.9344 0.3777
0.9828 0.6939 0.6805 12 0.9562 0.551
0.9824 0.6486 0.6365 10 0.9579 0.5942
0.9831 0.5865 0.5751 14 0.9543 0.4662
0.9871 0.6338 0.6235 16 0.9144 0.4683
0.9847 0.6783 0.6628 15 0.9293 0.4884
0.9849 0.5964 0.5862 14 0.9494 0.4786
0.9843 0.6212 0.6099 13 0.9408 0.5152
0.9776 0.648 0.6318 14 0.9193 0.5306
0.9791 0.6148 0.6004 7 0.955 0.4481
0.9844 0.6241 0.6129 11 0.9464 0.5301
0.9794 0.6181 0.6031 15 0.9163 0.4861
0.9759 0.5734 0.5591 5 0.9543 0.5229
0.9873 0.6457 0.6348 14 0.9409 0.4196
0.9883 0.6829 0.6722 16 0.9601 0.4675
0.9891 0.5865 0.579 8 0.9694 0.3942
0.9819 0.6059 0.5944 7 0.9643 0.5212
0.9819 0.7269 0.711 11 0.9536 0.537
0.9765 0.6782 0.6615 7 0.947 0.6092
0.9888 0.6338 0.6237 17 0.9487 0.419
0.982 0.6739 0.6611 13 0.9613 0.6014
0.9796 0.6783 0.6635 13 0.9543 0.5969
0.9888 0.6242 0.6142 15 0.9441 0.4799
0.9805 0.5833 0.5689 17 0.9332 0.4312
0.9858 0.6736 0.6622 12 0.9615 0.5382
0.9884 0.5931 0.5842 13 0.9531 0.4552
0.9832 0.5978 0.5861 7 0.9569 0.4891
0.9806 0.6382 0.6244 9 0.9578 0.4837
0.9786 0.6394 0.622 13 0.9022 0.4183
0.9795 0.621 0.6057 10 0.9504 0.4395
0.9776 0.6597 0.6438 9 0.956 0.5451
0.9828 0.626 0.6138 15 0.9553 0.4771
0.9821 0.5779 0.5664 8 0.9558 0.4959
0.9853 0.6133 0.6029 13 0.965 0.4877
0.9733 0.6224 0.6042 17 0.9157 0.5175
0.9877 0.6158 0.6042 14 0.9228 0.4211
0.9814 0.6311 0.6175 16 0.9492 0.4918
0.9836 0.6983 0.6835 17 0.9461 0.4669
0.9729 0.6534 0.6349 7 0.9258 0.5852
0.9854 0.6174 0.6055 11 0.9371 0.5
0.9844 0.6214 0.6092 13 0.9507 0.4286
0.9862 0.65 0.638 15 0.9334 0.4864
0.9841 0.6163 0.6052 13 0.966 0.4147
0.9812 0.5754 0.5641 9 0.9687 0.4841
0.9853 0.6111 0.6011 16 0.9609 0.4575
0.9812 0.623 0.6097 11 0.9494 0.4841
0.9817 0.5737 0.5623 12 0.9598 0.4904
0.9821 0.6147 0.6012 9 0.9398 0.4862
0.9799 0.6176 0.6032 10 0.955 0.4916
0.9846 0.5659 0.5558 9 0.956 0.4729
0.9837 0.6 0.5894 11 0.9458 0.5296
0.984 0.6049 0.5924 18 0.9508 0.3811
0.9861 0.6096 0.6007 10 0.9584 0.5377
0.9778 0.5756 0.5624 11 0.9613 0.532
0.9819 0.5756 0.564 13 0.9489 0.437
0.9875 0.5641 0.5549 15 0.9503 0.3889
0.9801 0.5678 0.5543 18 0.9431 0.4195
0.9821 0.62 0.6066 13 0.948 0.46
0.9791 0.6262 0.6115 11 0.9478 0.5146
0.9826 0.6259 0.6121 14 0.9368 0.4148
0.9852 0.5538 0.5445 6 0.9537 0.4885
0.9797 0.5423 0.5299 16 0.9581 0.3873
0.9774 0.515 0.5024 15 0.9569 0.4248
0.9713 0.4854 0.4712 4 0.9489 0.4672
0.9773 0.5137 0.5009 8 0.9573 0.4144
0.9755 0.5497 0.5344 9 0.9503 0.4371
0.9772 0.5063 0.4943 10 0.9624 0.4531
0.9744 0.5273 0.5126 9 0.9373 0.4636
0.9629 0.5444 0.524 5 0.951 0.5185
0.9673 0.4913 0.4742 10 0.931 0.4261
0.9781 0.5695 0.5557 13 0.9496 0.4338
0.9787 0.5388 0.5251 11 0.9271 0.407
0.9737 0.5259 0.5114 11 0.9538 0.4481
0.9774 0.4816 0.4696 11 0.9588 0.3834
0.9759 0.5198 0.5064 11 0.9374 0.4524
0.9741 0.531 0.5166 6 0.9399 0.4823
0.9679 0.5205 0.5035 6 0.9543 0.4754
0.9622 0.6161 0.5922 8 0.9367 0.5491
0.9773 0.5481 0.5345 12 0.9402 0.3894
0.9703 0.5615 0.5447 2 0.9472 0.5577
0.9683 0.4965 0.48 11 0.9472 0.4296
0.9465 0.5308 0.5024 2 0.9422 0.524
0.9738 0.5 0.4865 8 0.9589 0.44
0.9757 0.516 0.5024 13 0.9494 0.424
0.9788 0.5224 0.5109 6 0.9508 0.5
0.9734 0.4965 0.4827 11 0.9547 0.4261
0.9792 0.4965 0.4855 11 0.9577 0.4231
0.9766 0.5039 0.4913 11 0.9364 0.407
0.9774 0.5177 0.5059 5 0.9685 0.5
0.9708 0.524 0.5076 8 0.9376 0.4663
0.9728 0.5439 0.5284 10 0.9475 0.4123
0.9755 0.5042 0.4911 7 0.9475 0.4333
0.9746 0.5132 0.4995 10 0.9579 0.4167
0.9695 0.4838 0.4688 5 0.9605 0.4545
0.978 0.476 0.465 8 0.9512 0.428
0.9701 0.55 0.5325 11 0.9395 0.4333
0.9761 0.488 0.4756 11 0.9477 0.428
0.9744 0.5244 0.5098 6 0.9437 0.4675
0.9758 0.5043 0.4912 11 0.9486 0.3826
0.9816 0.4961 0.4859 11 0.9432 0.3976
0.9735 0.4769 0.4637 6 0.9609 0.4115
0.9738 0.511 0.4968 8 0.9578 0.3971
0.9787 0.4797 0.4682 13 0.9449 0.3902
0.9608 0.5037 0.4839 5 0.9475 0.489
0.9776 0.5246 0.512 10 0.9634 0.4221
0.9756 0.515 0.5016 9 0.9522 0.3722
0.975 0.4748 0.4621 12 0.9391 0.3994
0.9776 0.5118 0.4987 10 0.9462 0.4055
0.9786 0.4756 0.4646 8 0.9543 0.4187
0.9751 0.4766 0.4645 5 0.9456 0.4439
0.963 0.5159 0.4965 6 0.9484 0.4762
0.9755 0.4677 0.4553 11 0.9509 0.3508
0.9752 0.5169 0.503 8 0.9464 0.4576
0.9742 0.4557 0.4436 2 0.9536 0.4367
0.9735 0.4915 0.4775 12 0.9503 0.411
0.9789 0.5089 0.497 12 0.941 0.4464
0.9765 0.5039 0.4908 12 0.9423 0.3837
0.9733 0.5 0.4864 5 0.9588 0.4733
0.9763 0.5 0.4874 5 0.9485 0.4261
0.9802 0.5508 0.5377 9 0.9472 0.4534
0.9774 0.476 0.4645 13 0.9588 0.376
0.9741 0.5117 0.4973 8 0.9601 0.3828
0.9695 0.4786 0.463 13 0.9383 0.3929
0.9638 0.5124 0.4938 5 0.9578 0.4752
0.9713 0.4844 0.47 6 0.943 0.4023
0.9762 0.4851 0.4716 15 0.9484 0.3694
0.977 0.4873 0.4755 12 0.9277 0.4045
0.9758 0.5517 0.5361 11 0.9437 0.4052
0.9703 0.5123 0.4968 7 0.9584 0.4713
0.9705 0.5097 0.4939 10 0.9586 0.3981
0.9757 0.4786 0.4665 6 0.9621 0.4231
0.9697 0.5212 0.5052 5 0.96 0.4492
0.9786 0.4837 0.4725 9 0.9507 0.378
0.9733 0.4726 0.4593 8 0.9482 0.3938
0.9753 0.4873 0.4747 6 0.9483 0.4534
0.9748 0.5 0.4867 10 0.9574 0.4297
0.9765 0.4915 0.4787 14 0.9512 0.3974
0.9674 0.5113 0.4936 11 0.9326 0.4474
0.9812 0.5136 0.5022 13 0.9515 0.3682
0.9767 0.5203 0.5059 18 0.9467 0.3618
0.9709 0.4928 0.4775 10 0.9475 0.4167
0.9749 0.4926 0.479 7 0.9451 0.4301
0.9745 0.4922 0.4789 10 0.9393 0.4375
0.9726 0.4758 0.4621 10 0.9514 0.4032
0.9734 0.5041 0.4898 8 0.9298 0.435
0.972 0.485 0.4711 6 0.9516 0.4549
0.9725 0.484 0.4696 14 0.9506 0.3942
0.9705 0.5208 0.5051 9 0.9492 0.4625
0.9702 0.5 0.4841 8 0.9436 0.4444
0.9673 0.5093 0.4919 11 0.9581 0.3935
0.9771 0.439 0.4283 11 0.9579 0.3618
0.9766 0.4708 0.4585 12 0.9423 0.3917
0.9809 0.5 0.4893 13 0.9539 0.4228
0.9721 0.4786 0.4645 10 0.9476 0.4036
0.9693 0.5 0.4836 8 0.9299 0.442
0.9717 0.5 0.485 8 0.9449 0.4402
0.9733 0.4959 0.4819 6 0.9512 0.4344
0.9713 0.4964 0.4809 8 0.9491 0.4015
0.9735 0.4628 0.4498 11 0.9458 0.3926
0.971 0.5256 0.5091 11 0.9395 0.4316
0.98 0.472 0.4616 7 0.9555 0.4126
0.9743 0.4802 0.4668 8 0.9393 0.4246
0.9758 0.463 0.4507 10 0.942 0.3852
0.9754 0.4656 0.4534 12 0.9445 0.4046
0.9685 0.475 0.4596 11 0.9513 0.4083
0.9704 0.4667 0.4525 10 0.9426 0.3926
0.9717 0.4604 0.4469 9 0.9491 0.4207
0.9734 0.5198 0.5046 6 0.9406 0.4524
0.9709 0.4762 0.4614 12 0.9453 0.4087
0.9702 0.4652 0.4508 8 0.9329 0.413
0.9747 0.456 0.4437 7 0.9507 0.404
0.9808 0.475 0.4653 9 0.9616 0.4
0.9767 0.4916 0.4793 5 0.958 0.4286
0.9785 0.475 0.4641 7 0.96 0.3893
0.9745 0.4685 0.4558 10 0.9491 0.4055
0.9764 0.4586 0.4472 8 0.9513 0.3722
0.9609 0.4837 0.4646 9 0.9421 0.4472
0.9739 0.4767 0.4638 7 0.9404 0.4031
0.9727 0.4868 0.4725 9 0.9355 0.3991
0.9756 0.4829 0.47 15 0.9471 0.3846
0.9703 0.4643 0.45 5 0.9537 0.3893
0.97 0.5 0.4843 7 0.9504 0.4364
0.9674 0.475 0.4587 10 0.9364 0.4179
0.9662 0.4758 0.4592 7 0.9473 0.4395
0.9725 0.4587 0.4459 6 0.9405 0.3967
0.9741 0.4704 0.4576 7 0.9606 0.4074
0.9699 0.466 0.4519 3 0.9348 0.4599
0.9715 0.4836 0.4693 7 0.9421 0.4385
0.9692 0.457 0.4422 8 0.9429 0.3984
0.9707 0.5 0.4841 10 0.9378 0.4087
0.9668 0.469 0.4534 2 0.9631 0.4612
0.9697 0.4531 0.4393 5 0.9573 0.4336
0.9729 0.4744 0.4611 10 0.9547 0.4145
0.9732 0.4519 0.4392 14 0.9551 0.3815
0.9736 0.4615 0.4485 11 0.9447 0.3923
0.9759 0.4587 0.4469 6 0.9389 0.4008
0.97 0.4634 0.4491 9 0.9545 0.4106
0.9549 0.4844 0.4623 6 0.9441 0.4375
0.9716 0.4784 0.4642 6 0.9543 0.4052
0.9735 0.4351 0.4229 11 0.9498 0.3588
0.9742 0.4394 0.4278 8 0.959 0.3977
0.9803 0.4832 0.4716 11 0.9363 0.3782
0.9621 0.4599 0.4421 8 0.9498 0.4088
0.9717 0.4528 0.4394 12 0.9488 0.3858
0.9727 0.4637 0.4506 11 0.9524 0.3992
0.9735 0.4432 0.4305 10 0.948 0.3826
0.9685 0.457 0.4423 7 0.9587 0.4073
0.9704 0.469 0.4544 10 0.9497 0.4109
0.9615 0.4669 0.4486 8 0.9204 0.4339
0.9741 0.5044 0.4907 11 0.9449 0.4292
0.9764 0.4427 0.4317 11 0.9467 0.3855
0.9735 0.4528 0.4398 13 0.9402 0.3661
0.9682 0.5 0.4832 9 0.9407 0.4483
0.9719 0.4669 0.4532 10 0.9507 0.4044
0.9718 0.4385 0.4255 9 0.9511 0.3648
0.9692 0.4331 0.4196 6 0.9523 0.4055
0.9708 0.4675 0.453 13 0.9361 0.3984
0.9731 0.4961 0.482 8 0.9576 0.4109
0.954 0.4496 0.4286 5 0.9423 0.4034
0.975 0.46 0.4473 12 0.9482 0.352
0.9715 0.4583 0.4446 9 0.9428 0.4129
0.9627 0.6518 0.6269 6 0.9334 0.6071
0.6359 0.7065 0.4491 5 0.6286 0.6703
0.9601 0.5709 0.5481 3 0.9566 0.5551
0.9728 0.769 0.748 3 0.9589 0.7614
0.956 0.5037 0.4815 4 0.9533 0.4926
0.9696 0.6735 0.6527 7 0.9595 0.568
0.934 0.7302 0.682 2 0.931 0.7262
0.9882 0.6333 0.625 12 0.9304 0.4611
0.7666 0.4554 0.3491 1 0.7666 0.4554
0.9672 0.7192 0.6941 7 0.9407 0.6
0.9459 0.598 0.5588 22 0.8097 0.3627
0.9633 0.6538 0.6297 4 0.9574 0.6106
0.9761 0.7535 0.7355 2 0.9752 0.7482
0.9272 0.7689 0.7117 16 0.9107 0.5492
0.8264 0.6134 0.5069 2 0.824 0.6092
0.9735 0.6635 0.6456 5 0.9635 0.434
0.978 0.5493 0.5321 25 0.6746 0.4554
0.9434 0.6646 0.627 1 0.9434 0.6646
0.648 0.65 0.4212 2 0.6378 0.6462
0.8248 0.5057 0.4052 39 0.6928 0.2898
0.9723 0.7346 0.7134 6 0.9348 0.6667
0.9778 0.7105 0.6934 9 0.929 0.6053
0.9724 0.6476 0.6297 4 0.9642 0.6295
0.9892 0.7413 0.7325 7 0.9651 0.6965
0.964 0.7094 0.6839 1 0.964 0.7094
0.9847 0.6373 0.6275 3 0.9794 0.6303
0.9299 0.7349 0.6824 12 0.8785 0.7018
0.9832 0.8115 0.7967 7 0.9463 0.5574
0.9833 0.5932 0.581 12 0.9397 0.4364
0.6563 0.5575 0.3653 15 0.6217 0.477
0.9703 0.6223 0.6024 12 0.937 0.4734
0.9776 0.5349 0.5223 5 0.9153 0.5116
0.9787 0.6952 0.6799 9 0.9674 0.6075
0.9655 0.6842 0.6598 8 0.9516 0.5632
0.9781 0.5551 0.5417 12 0.925 0.4646
0.8438 0.4877 0.4054 41 0.7511 0.3528
0.9717 0.7723 0.7498 7 0.9556 0.683
0.9716 0.648 0.6278 8 0.9466 0.5459
0.9794 0.7273 0.7112 11 0.9356 0.6399
0.9804 0.6917 0.6726 19 0.9076 0.3625
0.9785 0.6436 0.6275 10 0.9166 0.484
0.8874 0.6739 0.5973 13 0.8653 0.5913
0.9678 0.6224 0.6022 5 0.9618 0.514
0.989 0.7216 0.7122 14 0.9752 0.5541
0.9752 0.6681 0.6513 7 0.9724 0.4956
0.9823 0.5594 0.5478 14 0.9402 0.4161
0.988 0.6806 0.6715 7 0.9593 0.6181
0.9803 0.7212 0.7067 6 0.9561 0.6587
0.981 0.6278 0.6143 9 0.957 0.5226
0.9843 0.6389 0.6275 11 0.9669 0.5083
0.9806 0.6218 0.6088 12 0.9466 0.5252
0.9824 0.6068 0.5956 4 0.9362 0.5583
0.9863 0.6533 0.6416 20 0.9165 0.4548
0.9765 0.6635 0.6471 12 0.9365 0.5529
0.9843 0.6117 0.5992 16 0.9343 0.3981
0.9775 0.6836 0.666 10 0.941 0.582
0.9779 0.7326 0.7134 14 0.9413 0.4942
0.9788 0.6412 0.6256 15 0.9436 0.4941
0.9795 0.7131 0.6969 7 0.9503 0.5852
0.9814 0.7074 0.6896 18 0.9132 0.3963
0.9821 0.6745 0.6582 16 0.9238 0.4009
0.9833 0.687 0.6745 7 0.9439 0.5976
0.905 0.5481 0.4943 9 0.7575 0.5185
0.9827 0.6124 0.6006 19 0.9422 0.4408
0.9843 0.6615 0.6503 13 0.9622 0.5692
0.9825 0.5682 0.5578 6 0.9527 0.5379
0.9842 0.6522 0.6392 18 0.908 0.3732
0.9783 0.6729 0.6572 15 0.9393 0.5514
0.9779 0.6779 0.6612 9 0.9519 0.5201
0.9824 0.688 0.6731 9 0.941 0.5639
0.9836 0.631 0.6193 9 0.9341 0.5397
0.9799 0.6228 0.6093 8 0.9594 0.5263
0.9605 0.713 0.6848 4 0.9554 0.7012
0.9633 0.6048 0.5807 10 0.8354 0.5429
0.9856 0.615 0.6036 13 0.9376 0.395
0.9849 0.6268 0.6152 11 0.9497 0.442
0.9684 0.7473 0.7235 4 0.944 0.7253
0.9754 0.6533 0.6359 10 0.9252 0.54
0.9843 0.6449 0.6325 11 0.9575 0.4094
0.9812 0.7122 0.6961 11 0.9486 0.3993
0.9842 0.6633 0.649 14 0.9437 0.4388
0.9395 0.5942 0.5559 14 0.8833 0.5
0.9831 0.5865 0.5748 13 0.9449 0.4662
0.9879 0.6232 0.614 18 0.9533 0.4261
0.917 0.6705 0.6145 5 0.9086 0.6047
0.9814 0.5143 0.5035 11 0.9142 0.4179
0.9787 0.6326 0.619 4 0.9687 0.6098
0.9677 0.6429 0.6208 9 0.9375 0.5561
0.9818 0.6111 0.5966 8 0.9288 0.437
0.9845 0.6316 0.62 12 0.9437 0.5263
0.9852 0.6493 0.637 11 0.9365 0.5417
0.9785 0.578 0.5641 10 0.8858 0.4862
0.9883 0.5678 0.5596 19 0.9425 0.4196
0.9788 0.7236 0.7068 10 0.9425 0.6504
0.9874 0.6394 0.6284 11 0.9504 0.3846
0.986 0.6102 0.5987 13 0.9486 0.4025
0.9819 0.7037 0.6876 17 0.9227 0.4722
0.9792 0.6667 0.6523 6 0.9484 0.6092
0.9868 0.581 0.5721 12 0.9622 0.4683
0.9844 0.5942 0.5835 10 0.9453 0.5254
0.9867 0.6783 0.6674 14 0.9486 0.4884
0.9823 0.6711 0.6561 17 0.9541 0.4631
0.9802 0.6087 0.5953 12 0.9433 0.4891
0.9894 0.6493 0.6409 14 0.972 0.4965
0.9899 0.5931 0.5853 16 0.9531 0.4276
0.9846 0.558 0.5484 13 0.9459 0.4529
0.9825 0.6016 0.5907 10 0.9702 0.4837
0.9842 0.6779 0.6655 12 0.9356 0.5673
0.9801 0.5927 0.5799 10 0.9551 0.496
0.9748 0.6285 0.6124 7 0.9637 0.5694
0.9831 0.5763 0.5648 12 0.9427 0.4618
0.9829 0.6025 0.5899 13 0.941 0.4344
0.988 0.5961 0.5882 10 0.9726 0.4187
0.9672 0.6713 0.6493 2 0.9671 0.6678
0.9806 0.6105 0.5971 10 0.9442 0.5211
0.9816 0.6393 0.6263 14 0.9463 0.5123
0.9827 0.6157 0.6039 12 0.9576 0.4421
0.9769 0.6648 0.6469 11 0.911 0.5625
0.9839 0.572 0.5614 10 0.9417 0.4356
0.9849 0.6321 0.6209 9 0.9391 0.5321
0.9809 0.6636 0.6498 14 0.9505 0.4909
0.9867 0.5969 0.5875 11 0.9411 0.4961
0.9783 0.5119 0.5003 8 0.9212 0.4524
0.9855 0.5948 0.5851 14 0.9598 0.4837
0.9807 0.6111 0.598 16 0.9567 0.4802
0.9782 0.5705 0.5574 11 0.963 0.4647
0.9823 0.5963 0.5837 9 0.9493 0.4633
0.9717 0.584 0.5664 14 0.9261 0.458
0.9692 0.5426 0.5243 8 0.9089 0.4845
0.9846 0.563 0.5531 13 0.9614 0.4333
0.983 0.6364 0.6241 12 0.9545 0.521
0.9814 0.6301 0.6171 14 0.9492 0.5308
0.9844 0.5785 0.5681 14 0.9541 0.4157
0.9842 0.5714 0.5611 15 0.9445 0.4202
0.9807 0.5684 0.5562 16 0.9163 0.4487
0.9806 0.5805 0.5675 14 0.9501 0.4576
0.9821 0.644 0.6295 14 0.9524 0.42
0.9732 0.6214 0.6024 15 0.9229 0.4126
0.9831 0.6185 0.6073 8 0.9604 0.5519
0.9817 0.5692 0.5578 16 0.9473 0.4615
0.9718 0.6021 0.5836 10 0.9404 0.419
0.9789 0.5188 0.5064 12 0.9504 0.3684
0.9658 0.4708 0.4541 12 0.9375 0.4124
0.9721 0.5 0.4855 12 0.9522 0.3973
0.9782 0.543 0.5299 9 0.9448 0.4404
0.9812 0.5094 0.4992 9 0.935 0.4656
0.9745 0.5318 0.5171 13 0.9577 0.4273
0.9756 0.537 0.5227 18 0.9522 0.4222
0.9678 0.4826 0.4663 8 0.9465 0.4
0.8591 0.4669 0.4009 4 0.8502 0.4404
0.978 0.5194 0.5068 12 0.938 0.438
0.9792 0.5333 0.521 13 0.9508 0.4593
0.9699 0.4908 0.4754 12 0.9519 0.4202
0.9766 0.5198 0.5067 11 0.9469 0.4643
0.9646 0.4779 0.4602 10 0.9226 0.3761
0.9729 0.4877 0.4737 12 0.9265 0.4262
0.9746 0.5714 0.556 11 0.9485 0.4821
0.9774 0.5721 0.5571 10 0.9382 0.4087
0.9731 0.5462 0.5305 8 0.9439 0.4462
0.9709 0.4718 0.4581 2 0.9706 0.4683
0.9818 0.5171 0.5066 7 0.9553 0.4692
0.9759 0.52 0.5066 9 0.9441 0.424
0.9775 0.5 0.4882 10 0.958 0.42
0.975 0.5224 0.5088 11 0.9417 0.4552
0.9805 0.5106 0.4998 7 0.9546 0.3979
0.9745 0.5245 0.5104 10 0.9538 0.4615
0.9633 0.5116 0.4927 10 0.954 0.4535
0.9684 0.5044 0.4877 11 0.927 0.4381
0.9698 0.5096 0.4935 9 0.9456 0.4471
0.9726 0.5351 0.5195 13 0.9467 0.4693
0.8792 0.4333 0.3799 4 0.8467 0.3958
0.9735 0.5044 0.4907 8 0.9566 0.4605
0.9703 0.5032 0.4875 10 0.9417 0.4286
0.9462 0.456 0.4311 3 0.913 0.44
0.9613 0.5375 0.5166 3 0.9589 0.4708
0.9686 0.516 0.4991 9 0.9538 0.444
0.9747 0.5122 0.4983 11 0.9558 0.4268
0.9784 0.487 0.4754 16 0.9595 0.387
0.957 0.5276 0.5043 6 0.9329 0.4882
0.9708 0.4654 0.4513 10 0.9363 0.4192
0.9738 0.5147 0.5002 13 0.9471 0.4081
0.9722 0.4919 0.4774 10 0.9429 0.4228
0.9575 0.5037 0.4823 3 0.9532 0.4963
0.9712 0.5287 0.5122 8 0.9454 0.4467
0.9778 0.5 0.4875 17 0.9547 0.3647
0.9654 0.4843 0.4675 4 0.9583 0.4717
0.959 0.5118 0.4908 3 0.9579 0.5039
0.9772 0.4756 0.464 11 0.9428 0.4106
0.9705 0.4813 0.4664 9 0.9507 0.4112
0.9698 0.4841 0.469 7 0.9403 0.4405
0.976 0.4879 0.475 12 0.958 0.3871
0.9711 0.5551 0.5377 9 0.9386 0.4661
0.9681 0.4778 0.4621 8 0.9493 0.4272
0.9658 0.5297 0.5113 6 0.941 0.4915
0.9682 0.5 0.4839 6 0.9477 0.4777
0.9768 0.4922 0.4793 15 0.9439 0.3566
0.9755 0.4885 0.4762 8 0.9578 0.4313
0.9731 0.4783 0.465 9 0.9488 0.4217
0.9774 0.5169 0.5043 9 0.948 0.4322
0.9755 0.48 0.4672 10 0.9502 0.388
0.9681 0.4844 0.4685 8 0.947 0.4336
0.9534 0.4893 0.4665 2 0.9512 0.4857
0.9757 0.4959 0.4833 6 0.9557 0.4587
0.9633 0.4766 0.4586 5 0.9439 0.4219
0.9714 0.4851 0.4701 11 0.9507 0.3358
0.9686 0.5159 0.4992 9 0.945 0.4713
0.9781 0.5043 0.492 12 0.953 0.3879
0.9697 0.5082 0.4923 9 0.9443 0.4508
0.9721 0.5 0.4854 7 0.9495 0.4029
0.9782 0.4658 0.4552 8 0.962 0.3974
0.9721 0.4915 0.4771 10 0.9496 0.4195
0.9707 0.4919 0.4773 6 0.9579 0.4634
0.9684 0.4452 0.4305 9 0.9353 0.4007
0.9772 0.4703 0.4589 10 0.9548 0.411
0.9788 0.4961 0.4841 12 0.9513 0.418
0.9669 0.4915 0.475 6 0.9575 0.4444
0.9737 0.5075 0.4935 4 0.9545 0.4624
0.9801 0.4773 0.4666 11 0.9341 0.4045
0.9752 0.5041 0.4908 9 0.9252 0.435
0.9536 0.4783 0.456 6 0.941 0.4565
0.9659 0.4816 0.4651 3 0.9622 0.4669
0.9669 0.5117 0.4941 9 0.9486 0.457
0.9731 0.4718 0.4586 7 0.9475 0.4315
0.9748 0.4959 0.4824 10 0.9545 0.4187
0.9689 0.4812 0.4651 9 0.9444 0.391
0.9733 0.4872 0.4733 9 0.9477 0.4263
0.9715 0.5083 0.4927 10 0.9353 0.4333
0.9726 0.4744 0.4612 4 0.9541 0.4402
0.9704 0.5046 0.4886 10 0.928 0.4167
0.975 0.4431 0.4311 11 0.9359 0.3618
0.9762 0.4833 0.4708 12 0.9473 0.4167
0.9741 0.4919 0.4783 9 0.9464 0.4309
0.9687 0.475 0.4597 7 0.9405 0.4393
0.9747 0.5268 0.5115 9 0.9455 0.4152
0.9727 0.5085 0.4931 9 0.9427 0.4231
0.9763 0.5041 0.4909 8 0.9514 0.4303
0.9711 0.5146 0.4995 7 0.9591 0.4781
0.9705 0.4793 0.4647 8 0.9546 0.438
0.9644 0.5427 0.5225 10 0.9114 0.4872
0.9764 0.4615 0.4503 6 0.956 0.4196
0.9682 0.4762 0.4601 14 0.9424 0.369
0.9668 0.4741 0.4579 9 0.9272 0.3926
0.9758 0.4656 0.4539 6 0.9434 0.4351
0.9733 0.4917 0.4778 8 0.9543 0.3833
0.9775 0.4704 0.4588 15 0.9506 0.3852
0.9692 0.4848 0.4688 7 0.9311 0.4207
0.9743 0.5159 0.5013 10 0.9422 0.4325
0.9665 0.4683 0.4524 7 0.9431 0.4246
0.974 0.4739 0.4605 11 0.9434 0.387
0.9786 0.448 0.4377 13 0.9414 0.384
0.9775 0.4833 0.4713 10 0.9618 0.3667
0.9747 0.5042 0.4909 8 0.953 0.458
0.9671 0.4607 0.4454 5 0.9508 0.4393
0.9717 0.4921 0.4763 13 0.945 0.3819
0.9758 0.4699 0.4583 5 0.9509 0.4436
0.9663 0.4878 0.4701 8 0.9421 0.4146
0.9619 0.4922 0.473 6 0.937 0.4496
0.9718 0.5 0.4853 12 0.9536 0.3991
0.9645 0.5 0.4821 5 0.9493 0.4701
0.9687 0.4643 0.4497 7 0.9625 0.4321
0.9718 0.5297 0.5139 4 0.9449 0.4915
0.9712 0.4714 0.4571 7 0.9432 0.4286
0.9569 0.4637 0.4436 6 0.9491 0.4435
0.9714 0.4752 0.4608 7 0.9441 0.3967
0.9502 0.4407 0.4188 2 0.9499 0.437
0.9613 0.4784 0.4597 9 0.9514 0.4352
0.9732 0.4959 0.4817 11 0.9466 0.4139
0.9638 0.4648 0.4475 6 0.9465 0.4141
0.9684 0.4957 0.4786 11 0.9284 0.4174
0.9687 0.4496 0.4349 10 0.9441 0.3837
0.9521 0.457 0.435 4 0.9391 0.4414
0.9565 0.4658 0.4454 4 0.9419 0.4487
0.9724 0.4889 0.475 4 0.9401 0.463
0.9635 0.4577 0.4409 2 0.9483 0.45
0.9682 0.4752 0.4598 6 0.9572 0.438
0.9695 0.4837 0.4679 13 0.9421 0.4024
0.9613 0.5195 0.4991 3 0.9494 0.4883
0.96 0.4957 0.4755 4 0.9506 0.4267
0.9713 0.4504 0.4366 11 0.9352 0.374
0.9728 0.447 0.4343 8 0.9493 0.4091
0.9762 0.4874 0.4743 8 0.9501 0.3992
0.9658 0.4562 0.4405 11 0.9566 0.4161
0.9704 0.4843 0.4699 3 0.9586 0.4764
0.9688 0.4839 0.4687 7 0.9558 0.4556
0.9543 0.4583 0.4373 2 0.9531 0.428
0.9596 0.457 0.4384 3 0.9545 0.4238
0.9675 0.4535 0.4384 9 0.9523 0.3915
0.953 0.4587 0.4371 4 0.944 0.4298
0.9703 0.5 0.4842 7 0.9364 0.4469
0.9578 0.4656 0.4459 2 0.9571 0.458
0.9651 0.4803 0.4634 8 0.9565 0.4213
0.9657 0.5043 0.4864 7 0.9282 0.4526
0.9742 0.4706 0.4576 10 0.9453 0.4081
0.9731 0.459 0.4456 10 0.9438 0.3648
0.9659 0.4567 0.4407 7 0.9504 0.4134
0.9682 0.4715 0.4555 8 0.9348 0.3943
0.9709 0.4845 0.4696 8 0.9473 0.3682
0.9686 0.4622 0.4472 6 0.9541 0.4118
0.9661 0.468 0.4518 5 0.9505 0.404
0.9734 0.4394 0.4273 5 0.9485 0.4129