0.9627 1 0.9626 9 0.9274 0.9791
0.982 0.7763 0.7611 9 0.9575 0.6675
0.9592 0.9259 0.8881 3 0.9566 0.9183
0.9728 0.8712 0.8475 2 0.9685 0.8709
0.9667 1 0.9663 12 0.9326 0.853
0.9705 1 0.9704 8 0.947 0.9636
0.9828 0.8115 0.7967 8 0.9691 0.7227
0.842 1 0.842 7 0.836 0.9994
0.9366 1 0.9366 2 0.9347 0.9964
0.9618 0.8651 0.8319 8 0.9522 0.8415
0.9315 1 0.9315 5 0.9258 0.9974
0.9633 0.8976 0.8644 7 0.951 0.8631
0.9859 0.9786 0.9639 11 0.9736 0.7987
0.9107 1 0.9107 5 0.8951 0.9981
0.975 0.9173 0.8943 6 0.9702 0.881
0.9778 0.7903 0.7727 2 0.9708 0.7893
0.9866 0.5944 0.5863 3 0.9749 0.5847
0.9604 1 0.9588 5 0.9144 0.8472
0.6315 1 0.6315 3 0.6104 0.9975
0.962 1 0.9598 10 0.9397 0.6664
0.9715 0.9527 0.9253 10 0.9636 0.8422
0.9778 0.959 0.9371 8 0.967 0.8282
0.9162 1 0.9162 1 0.9162 1
0.9042 1 0.9042 5 0.8979 0.9994
0.978 1 0.9777 15 0.966 0.9303
0.9774 1 0.9774 6 0.9545 0.9905
0.986 0.8952 0.8822 13 0.9633 0.8425
0.9826 0.9999 0.9824 9 0.9662 0.9659
0.9793 1 0.9791 8 0.9289 0.9805
0.9735 1 0.9735 6 0.9652 0.9981
0.9662 1 0.9656 16 0.9304 0.9037
0.9774 1 0.977 9 0.9634 0.9223
0.9748 1 0.9748 12 0.963 0.9849
0.8993 1 0.8993 2 0.8983 0.9999
0.9781 1 0.9781 4 0.9486 0.8991
0.9823 0.916 0.8994 7 0.9705 0.8362
0.9858 0.9999 0.9821 24 0.9419 0.7074
0.9716 0.9855 0.9573 4 0.9665 0.8898
0.9803 1 0.9799 3 0.9766 0.844
0.9847 1 0.984 14 0.9446 0.9594
0.9795 0.8233 0.8059 14 0.9353 0.7849
0.984 0.9548 0.9381 24 0.9528 0.8729
0.9829 1 0.9824 14 0.9513 0.8997
0.9748 1 0.9748 5 0.9713 0.9989
0.977 1 0.9769 8 0.9711 0.966
0.9828 1 0.9822 13 0.9653 0.8147
0.9872 1 0.9857 15 0.9371 0.8503
0.9863 0.9999 0.9862 8 0.9734 0.9944
0.9808 0.9979 0.9779 8 0.9529 0.7265
0.982 1 0.982 6 0.9777 0.9709
0.9817 1 0.9815 11 0.9534 0.9378
0.9811 1 0.981 6 0.9674 0.9806
0.9832 1 0.983 19 0.9696 0.9093
0.9583 1 0.9583 3 0.9567 0.9995
0.9817 1 0.9816 11 0.9664 0.9691
0.9761 1 0.9761 8 0.9715 0.9885
0.968 1 0.968 6 0.9597 0.9977
0.9788 0.8884 0.8687 14 0.9303 0.8282
0.9899 0.8582 0.849 7 0.937 0.8303
0.9814 1 0.981 15 0.9605 0.707
0.9789 1 0.9789 7 0.9755 0.994
0.9828 1 0.9827 10 0.972 0.9612
0.9807 1 0.9806 8 0.9542 0.9789
0.9847 1 0.9844 12 0.9721 0.889
0.9842 0.9945 0.9773 16 0.9606 0.8685
0.9789 1 0.9783 17 0.9252 0.8621
0.9863 1 0.9856 12 0.935 0.8377
0.979 1 0.9789 7 0.9651 0.981
0.9799 0.9404 0.9196 19 0.9528 0.7017
0.9843 0.9997 0.981 16 0.9713 0.5017
0.9763 1 0.9763 10 0.97 0.9778
0.979 1 0.9785 15 0.9505 0.9032
0.9873 1 0.9873 4 0.9782 0.9965
0.9811 1 0.9802 17 0.9309 0.915
0.9838 1 0.9838 10 0.9713 0.9839
0.9842 1 0.9837 24 0.9585 0.9122
0.9842 0.9997 0.9792 33 0.9039 0.7438
0.9717 1 0.9717 6 0.9656 0.9951
0.9898 0.9999 0.9865 21 0.955 0.6291
0.9822 0.965 0.9469 12 0.9687 0.8152
0.9848 1 0.9848 7 0.9731 0.9888
0.9845 1 0.9844 14 0.9709 0.9635
0.9805 1 0.9803 11 0.9528 0.9479
0.9835 1 0.9835 5 0.9606 0.9725
0.9814 1 0.9813 7 0.9746 0.8695
0.9799 1 0.9799 4 0.9653 0.9819
0.9836 1 0.9836 3 0.9788 0.9991
0.9725 1 0.9725 4 0.97 0.9987
0.9825 1 0.9822 9 0.9514 0.97
0.9824 1 0.9821 12 0.9648 0.9157
0.9818 1 0.9818 5 0.9679 0.9976
0.9809 0.9998 0.9782 25 0.9381 0.8254
0.9896 1 0.9891 9 0.9542 0.9478
0.9883 1 0.9879 12 0.9566 0.9623
0.9751 1 0.9751 6 0.9721 0.9976
0.9832 1 0.983 9 0.9753 0.9564
0.9813 1 0.9811 19 0.9314 0.9188
0.9785 1 0.9777 10 0.9561 0.8681
0.9892 0.9834 0.9714 16 0.9654 0.8127
0.9861 1 0.9861 6 0.974 0.9945
0.9856 1 0.9855 8 0.979 0.9772
0.9844 1 0.9843 12 0.9735 0.8629
0.9808 1 0.9808 3 0.9783 0.9972
0.982 1 0.982 7 0.9805 0.9892
0.9863 0.9999 0.9857 11 0.969 0.9204
0.9785 1 0.9785 4 0.9723 0.9947
0.9863 1 0.9862 15 0.9569 0.9674
0.9758 1 0.9757 11 0.9656 0.968
0.9808 1 0.9807 19 0.9718 0.971
0.9859 0.9999 0.9847 15 0.9242 0.8811
0.981 1 0.981 6 0.9779 0.9962
0.9835 1 0.9832 9 0.9473 0.9149
0.9911 1 0.9911 7 0.9809 0.9857
0.9882 0.9999 0.987 13 0.9547 0.8443
0.9877 1 0.9875 11 0.9606 0.92
0.9828 1 0.9823 19 0.9646 0.8781
0.9835 0.9012 0.8861 8 0.9741 0.8687
0.9689 1 0.9689 2 0.9652 0.9964
0.9852 1 0.9847 21 0.9695 0.9001
0.9834 1 0.9834 11 0.9621 0.9916
0.9749 1 0.9749 7 0.962 0.9908
0.9719 1 0.9719 5 0.9664 0.9962
0.9796 1 0.9796 4 0.9772 0.9965
0.9859 1 0.9857 18 0.9393 0.9559
0.9853 1 0.9849 17 0.9416 0.927
0.9837 1 0.9832 15 0.9361 0.8862
0.9814 1 0.9814 9 0.9729 0.9771
0.9803 1 0.9803 8 0.9728 0.9952
0.9861 1 0.986 5 0.9672 0.9925
0.9827 1 0.9827 5 0.8326 0.9889
0.9799 1 0.9798 8 0.9711 0.9176
0.9861 1 0.9859 20 0.9672 0.9135
0.9856 1 0.9856 7 0.9785 0.9925
0.9777 1 0.9777 6 0.9716 0.991
0.9872 0.9995 0.9862 12 0.9495 0.9396
0.9799 0.9385 0.9192 10 0.9698 0.807
0.9829 1 0.9828 13 0.9539 0.9583
0.9796 1 0.9796 5 0.9654 0.9991
0.9866 1 0.9863 16 0.9659 0.9471
0.9832 0.9814 0.9625 17 0.9567 0.8277
0.9761 1 0.9761 3 0.9748 0.9967
0.979 0.8851 0.8664 7 0.9627 0.8761
0.9729 1 0.9729 8 0.9497 0.9945
0.9749 0.9999 0.9745 6 0.9582 0.9642
0.9809 0.946 0.9273 15 0.9538 0.8893
0.9751 1 0.975 10 0.9575 0.9768
0.9755 0.9654 0.9412 15 0.962 0.8297
0.9716 1 0.9716 7 0.9683 0.9947
0.9704 0.9959 0.9659 15 0.9526 0.9287
0.9807 0.9786 0.959 22 0.9514 0.8842
0.9723 1 0.9722 10 0.9681 0.9605
0.9699 0.9365 0.9082 6 0.9619 0.8735
0.9794 1 0.9791 9 0.9526 0.9332
0.9725 1 0.9725 9 0.9618 0.9575
0.981 0.9784 0.9587 20 0.9661 0.8319
0.9722 1 0.9722 10 0.9645 0.9879
0.9778 0.9999 0.9776 4 0.9657 0.9916
0.9774 1 0.9773 8 0.9709 0.974
0.9788 0.9655 0.9433 18 0.9488 0.847
0.9785 1 0.9785 6 0.9701 0.9943
0.9784 0.9721 0.9506 11 0.962 0.8544
0.9758 1 0.9756 12 0.9518 0.9386
0.9732 1 0.9731 6 0.9527 0.9576
0.9668 1 0.9668 3 0.9653 0.9857
0.9751 1 0.9751 3 0.9523 0.9998
0.9786 1 0.9785 7 0.9669 0.979
0.9758 0.9282 0.9054 10 0.9608 0.8756
0.9737 1 0.9737 4 0.9712 0.999
0.9727 0.9676 0.9407 12 0.9444 0.94
0.9745 0.9543 0.9294 13 0.9576 0.8774
0.9762 0.9494 0.926 14 0.9478 0.8378
0.9736 1 0.9734 18 0.9505 0.9257
0.9729 0.9589 0.9325 17 0.9561 0.8811
0.9762 1 0.9761 9 0.9592 0.9738
0.9768 0.9999 0.9753 22 0.9074 0.8691
0.9739 1 0.9739 14 0.9681 0.9861
0.9758 1 0.9758 5 0.9696 0.9956
0.9762 1 0.9761 13 0.9373 0.9608
0.979 1 0.9788 14 0.9648 0.9451
0.9763 1 0.9762 7 0.9737 0.8829
0.9781 0.9578 0.9363 16 0.9589 0.8997
0.9793 0.9795 0.959 5 0.9585 0.9618
0.9735 0.9905 0.9639 15 0.9583 0.9268
0.9766 0.9214 0.8992 15 0.9594 0.8419
0.9775 1 0.9775 3 0.9715 0.9998
0.9732 1 0.9731 13 0.954 0.9732
0.9746 1 0.9746 7 0.9653 0.9778
0.9791 0.9999 0.9786 15 0.9474 0.9352
0.9692 1 0.9692 7 0.9644 0.9877
0.9741 0.9976 0.9717 6 0.9489 0.9879
0.9747 1 0.9747 6 0.9652 0.9962
0.9805 1 0.9804 17 0.9665 0.9636
0.9744 0.9904 0.9648 8 0.9617 0.9351
0.973 0.9263 0.9012 11 0.9666 0.8961
0.9747 1 0.9746 14 0.961 0.9113
0.9787 0.953 0.9317 19 0.9596 0.8595
0.9751 0.9683 0.944 9 0.9673 0.8895
0.9776 0.8856 0.8652 10 0.9452 0.8313
0.9797 1 0.9793 18 0.9541 0.9193
0.976 0.9994 0.9753 5 0.9656 0.9812
0.9731 1 0.9731 6 0.9674 0.9966
0.9729 1 0.9729 5 0.9663 0.9886
0.9757 0.9169 0.8946 6 0.969 0.8226
0.973 0.9932 0.9659 11 0.955 0.9319
0.9726 0.9572 0.9307 13 0.9578 0.8891
0.9758 0.9442 0.9213 5 0.9735 0.9366
0.9777 0.986 0.9633 15 0.9609 0.8293
0.9762 0.983 0.9594 7 0.9674 0.9331
0.9712 1 0.9712 7 0.9586 0.9973
0.9762 1 0.9761 15 0.9693 0.9604
0.9738 0.9993 0.9728 14 0.949 0.949
0.972 1 0.972 8 0.9627 0.9895
0.9737 1 0.9737 10 0.9589 0.9903
0.9684 1 0.9684 5 0.9655 0.9991
0.973 0.9584 0.9323 9 0.96 0.927
0.9729 0.9997 0.9723 12 0.9444 0.9754
0.9772 0.9381 0.9159 12 0.9602 0.8307
0.9754 1 0.9754 12 0.9683 0.9906
0.974 1 0.974 5 0.9596 0.9984
0.9769 1 0.9769 7 0.9672 0.9958
0.9725 1 0.9725 13 0.9593 0.9893
0.9752 0.9846 0.9599 6 0.9613 0.9516
0.9716 0.9886 0.9601 8 0.9534 0.9603
0.9738 1 0.9735 9 0.9535 0.9487
0.9739 0.9653 0.9393 17 0.9515 0.8837
0.97 1 0.97 5 0.9667 0.9963
0.9704 0.9952 0.9651 14 0.9474 0.9256
0.9708 0.9954 0.9658 10 0.9568 0.9003
0.9726 1 0.9725 11 0.9643 0.965
0.9733 1 0.9732 10 0.966 0.9531
0.9782 0.9998 0.9775 10 0.9618 0.9468
0.9724 0.9708 0.9436 9 0.9583 0.8947
0.9733 0.9997 0.9729 11 0.9591 0.9845
0.9746 0.9964 0.9704 10 0.9624 0.9199
0.974 0.9829 0.9565 9 0.9573 0.8908
0.9745 0.9801 0.9548 5 0.9635 0.952
0.9744 0.9919 0.9661 13 0.964 0.9081
0.9752 0.9779 0.9531 18 0.9644 0.8802
0.9751 1 0.9746 18 0.9438 0.9153
0.9746 0.98 0.9547 14 0.9641 0.9254
0.9738 1 0.9736 10 0.9623 0.9728
0.9774 0.9136 0.8927 7 0.9648 0.8865
0.9686 0.9999 0.9676 15 0.9529 0.9063
0.9722 0.9841 0.9563 15 0.9637 0.8836
0.9728 0.997 0.9697 11 0.9445 0.9653
0.97 0.9343 0.9059 9 0.9515 0.8792
0.9737 1 0.9737 7 0.9593 0.9782
0.9685 0.9917 0.9603 11 0.9577 0.9572
0.9702 0.9797 0.9498 16 0.9585 0.8625
0.9807 0.9997 0.9795 12 0.957 0.9345
0.9776 0.972 0.9496 11 0.9599 0.843
0.9766 1 0.9765 9 0.9329 0.9653
0.9754 0.9999 0.9751 8 0.9636 0.9703
0.9728 0.9998 0.9725 8 0.9625 0.9844
0.9737 1 0.9735 14 0.9484 0.9636
0.9708 1 0.9708 8 0.9671 0.979
0.9737 0.9801 0.954 10 0.9577 0.902
0.9704 0.9461 0.9177 14 0.9555 0.8817
0.9782 0.9999 0.978 8 0.9642 0.8947
0.9729 0.9329 0.9073 9 0.9542 0.902
0.9654 1 0.9654 3 0.9626 0.9998
0.9643 0.9792 0.944 6 0.9458 0.9325
0.9732 1 0.9732 5 0.934 0.9975
0.9712 1 0.9712 6 0.9575 0.9958
0.9744 0.9999 0.9742 9 0.9707 0.9696
0.9687 0.9236 0.8939 11 0.9446 0.8666
0.9723 1 0.9722 14 0.964 0.9705
0.9715 0.9794 0.9508 10 0.9493 0.9112
0.9659 0.999 0.9647 15 0.9454 0.9636
0.9761 0.9137 0.8915 14 0.9519 0.8581
0.9663 0.9998 0.9661 2 0.9656 0.9995
0.9763 1 0.9763 4 0.9474 0.9993
0.9781 0.9587 0.9376 11 0.9701 0.928
0.9739 0.9061 0.882 14 0.9535 0.8261
0.9745 1 0.9744 14 0.9563 0.9837
0.9732 1 0.9729 16 0.9292 0.9328
0.9717 1 0.9717 6 0.9636 0.9927
0.9737 1 0.9737 5 0.9726 0.9976
0.9745 0.9999 0.9738 11 0.9441 0.9379
0.9709 0.9992 0.9694 12 0.949 0.9329
0.9752 1 0.9752 6 0.9718 0.9978
0.9656 0.9391 0.9064 11 0.9493 0.8854
0.9744 0.844 0.8223 6 0.9622 0.8193
0.9722 0.9992 0.9709 18 0.939 0.9174
0.9705 0.98 0.9509 8 0.9606 0.9238
0.9704 1 0.9703 14 0.9551 0.9652
0.9669 1 0.9669 6 0.9642 0.9969
0.9696 0.9332 0.9043 16 0.9424 0.8676
0.9711 0.9617 0.9336 13 0.9408 0.924
0.9752 1 0.9752 7 0.9695 0.9967
0.9708 1 0.9708 3 0.9672 0.9997
0.9703 1 0.9703 9 0.9554 0.9939
0.9643 1 0.9643 6 0.9626 0.9945
0.9758 1 0.9758 3 0.9733 0.9992
0.9729 0.9582 0.9322 4 0.9669 0.9465
0.9709 0.9993 0.9699 10 0.9478 0.9654
0.9665 1 0.9665 2 0.9642 0.9998
0.9721 1 0.9718 17 0.9537 0.9416
0.9748 0.9981 0.9727 9 0.9585 0.934
0.9745 1 0.9745 5 0.9697 0.9939
0.9627 0.8645 0.83 13 0.9268 0.6882
0.9829 1 0.9811 22 0.9374 0.8325
0.7535 1 0.7535 6 0.7292 0.9995
0.9728 0.9617 0.9355 2 0.9685 0.9614
0.9666 0.7971 0.7705 1 0.9666 0.7971
0.9701 1 0.97 10 0.9239 0.9837
0.9335 1 0.9335 2 0.9323 0.9999
0.9882 1 0.9881 11 0.9678 0.9697
0.9559 0.7191 0.6861 11 0.9188 0.6463
0.957 1 0.9569 7 0.9394 0.9518
0.955 0.8307 0.7919 12 0.9181 0.6878
0.9633 1 0.963 12 0.9422 0.9222
0.985 0.7112 0.6981 15 0.9533 0.5196
0.9761 0.942 0.919 4 0.941 0.8997
0.7931 1 0.7931 2 0.7553 0.9999
0.9778 0.9998 0.9771 10 0.9408 0.921
0.8075 1 0.8075 2 0.8052 0.9999
0.9604 0.5825 0.5579 4 0.9434 0.4128
0.8022 1 0.8022 8 0.7802 0.9955
0.9687 0.7075 0.6747 19 0.9224 0.0609
0.9415 1 0.9415 3 0.9273 0.9998
0.9799 1 0.9759 16 0.9527 0.5245
0.9729 0.8626 0.8358 15 0.9461 0.4209
0.9892 1 0.9884 19 0.9037 0.9083
0.967 1 0.967 6 0.952 0.9907
0.9862 0.7747 0.7633 11 0.9646 0.671
0.9849 1 0.9846 8 0.9684 0.8088
0.9257 1 0.9257 4 0.9224 0.9983
0.9743 1 0.9743 7 0.9497 0.9729
0.8496 1 0.8496 5 0.8448 0.9969
0.9703 0.7307 0.7078 15 0.939 0.6742
0.968 1 0.968 7 0.9523 0.987
0.9841 1 0.98 21 0.9365 0.5807
0.9732 0.9999 0.9696 20 0.9039 0.4478
0.8826 1 0.8826 5 0.8712 0.9989
0.9823 0.964 0.9451 10 0.9574 0.7748
0.9237 1 0.9237 4 0.9214 0.9995
0.9716 1 0.9698 14 0.9081 0.7787
0.9803 1 0.98 16 0.954 0.9237
0.9812 0.908 0.8806 18 0.9372 0.289
0.9718 1 0.9718 5 0.966 0.9921
0.9735 1 0.9729 12 0.9464 0.8245
0.9758 1 0.9758 5 0.9702 0.9878
0.989 0.7505 0.741 15 0.9626 0.6433
0.9765 1 0.9757 13 0.9456 0.809
0.9798 1 0.9793 7 0.9742 0.761
0.9817 1 0.9817 4 0.9762 0.9967
0.9846 0.8684 0.853 18 0.9336 0.7445
0.9606 1 0.9606 6 0.9538 0.9963
0.9845 1 0.9842 11 0.9643 0.9388
0.9818 1 0.9817 10 0.9663 0.9771
0.9788 1 0.9785 10 0.9309 0.8688
0.9853 1 0.9852 18 0.9716 0.963
0.9812 1 0.9806 9 0.9644 0.8646
0.9822 1 0.9815 17 0.9715 0.7917
0.9867 0.9997 0.9816 21 0.9117 0.6693
0.9696 1 0.9695 8 0.9601 0.9747
0.9793 0.9939 0.9677 16 0.9081 0.7249
0.9899 0.9066 0.8974 12 0.9835 0.8836
0.9819 1 0.9817 13 0.9635 0.9355
0.9841 0.9689 0.9506 12 0.9412 0.8046
0.9831 1 0.983 13 0.968 0.9434
0.9819 1 0.9819 8 0.9735 0.9825
0.9863 1 0.986 15 0.9749 0.9359
0.9799 1 0.9791 12 0.916 0.9041
0.9804 1 0.9803 7 0.9671 0.9787
0.9767 1 0.9767 4 0.9695 0.9956
0.9773 1 0.9773 3 0.9668 0.9846
0.9812 0.8957 0.8717 12 0.9159 0.5017
0.9841 1 0.9815 13 0.9045 0.675
0.9779 1 0.9778 11 0.9437 0.9539
0.9787 0.7615 0.7442 11 0.949 0.6909
0.9905 1 0.9905 5 0.981 0.996
0.9796 1 0.9787 17 0.964 0.7455
0.984 1 0.9839 8 0.974 0.8801
0.9872 1 0.9869 15 0.9735 0.9631
0.9734 1 0.9733 8 0.9611 0.9712
0.9309 1 0.9309 4 0.922 0.9982
0.9898 1 0.987 24 0.9564 0.7146
0.9805 1 0.98 12 0.9645 0.8937
0.9828 1 0.9827 9 0.967 0.9862
0.9824 1 0.9824 6 0.9756 0.9887
0.9831 0.9879 0.9689 19 0.9681 0.7085
0.9889 1 0.9857 21 0.9511 0.6841
0.9847 1 0.9844 14 0.9695 0.9256
0.9849 1 0.9848 5 0.9811 0.8795
0.9843 1 0.9842 8 0.9778 0.9761
0.9776 1 0.9775 10 0.9617 0.9648
0.9791 1 0.9782 23 0.9349 0.7639
0.9844 0.9532 0.9356 13 0.9628 0.7807
0.9794 1 0.9793 11 0.9679 0.925
0.9759 1 0.9758 6 0.9663 0.9791
0.9873 0.9996 0.9853 13 0.9586 0.7237
0.9878 1 0.9861 25 0.9375 0.8241
0.9891 1 0.9864 23 0.951 0.6513
0.9819 1 0.9817 12 0.9649 0.9396
0.9819 1 0.9812 13 0.9628 0.7497
0.9765 1 0.9752 18 0.8449 0.7
0.9888 0.9999 0.9842 19 0.9435 0.6947
0.982 1 0.9817 16 0.9689 0.9396
0.9796 1 0.9795 11 0.9649 0.9699
0.9888 1 0.9879 18 0.9609 0.8778
0.9796 1 0.9796 3 0.9752 0.9998
0.9832 1 0.9832 3 0.9821 0.9738
0.9884 1 0.9878 16 0.9438 0.815
0.9832 1 0.9832 4 0.9765 0.9967
0.9806 1 0.9805 17 0.9732 0.9714
0.9787 1 0.9784 13 0.9595 0.9451
0.9795 1 0.9793 13 0.9611 0.8954
0.9775 1 0.9775 6 0.9706 0.91
0.9828 0.7784 0.7642 13 0.9077 0.7098
0.9821 1 0.9816 10 0.9534 0.9315
0.9853 1 0.9853 7 0.9795 0.9874
0.9733 1 0.9733 5 0.9711 0.9983
0.9877 1 0.9873 15 0.9798 0.8258
0.9815 1 0.9809 17 0.9606 0.8989
0.9837 1 0.9836 7 0.9712 0.9621
0.9729 1 0.9724 18 0.9529 0.78
0.9852 0.9999 0.9848 12 0.9215 0.9714
0.9844 1 0.9842 12 0.9438 0.6983
0.9862 1 0.9862 9 0.9819 0.9906
0.9835 0.8574 0.8413 18 0.9535 0.6319
0.9827 1 0.9821 14 0.945 0.9291
0.9868 1 0.9858 17 0.9679 0.8405
0.9817 1 0.9816 11 0.9766 0.8724
0.9817 1 0.9817 5 0.976 0.9978
0.9821 1 0.9821 9 0.9768 0.9964
0.9797 1 0.9795 11 0.962 0.949
0.9846 0.9239 0.9083 22 0.961 0.805
0.9837 1 0.9835 12 0.9558 0.9505
0.984 1 0.9833 15 0.9499 0.8617
0.9861 1 0.986 10 0.9749 0.8937
0.9778 1 0.9777 12 0.9698 0.9768
0.9819 1 0.9815 10 0.9573 0.9184
0.9875 1 0.9874 15 0.9586 0.9799
0.9804 1 0.9803 16 0.9662 0.9528
0.9821 1 0.982 7 0.9686 0.9121
0.9791 1 0.9788 11 0.9596 0.8892
0.9834 1 0.982 16 0.9319 0.8551
0.9852 1 0.9851 7 0.9696 0.966
0.9797 1 0.9797 3 0.9784 0.9998
0.9774 0.7769 0.7592 6 0.942 0.7533
0.9713 1 0.9713 6 0.9546 0.9894
0.9782 0.9981 0.9754 22 0.9636 0.8436
0.9755 1 0.9755 3 0.9735 0.9996
0.9772 1 0.9763 19 0.9558 0.833
0.9744 1 0.9742 11 0.9595 0.9213
0.9659 1 0.9659 5 0.9602 0.9714
0.9673 1 0.9668 13 0.939 0.8755
0.9761 1 0.9761 3 0.9702 0.9997
0.9783 1 0.978 19 0.9365 0.9612
0.9752 0.9539 0.929 15 0.958 0.7185
0.9774 1 0.9772 10 0.9573 0.9642
0.9759 0.9987 0.9738 10 0.9505 0.8801
0.9741 1 0.974 16 0.9663 0.9831
0.9683 1 0.9683 3 0.9678 0.999
0.9622 1 0.9622 6 0.9569 0.9923
0.9773 1 0.9773 10 0.9741 0.9675
0.9706 1 0.9706 4 0.9672 0.9961
0.9683 1 0.9683 7 0.9581 0.9947
0.9467 1 0.9467 6 0.9437 0.9994
0.9738 1 0.9738 9 0.97 0.9733
0.9757 1 0.9753 11 0.9524 0.9536
0.9781 1 0.9781 7 0.9722 0.9937
0.9752 1 0.9751 16 0.9675 0.8866
0.9792 0.9448 0.923 16 0.9577 0.7544
0.9774 0.9992 0.9763 13 0.9598 0.9173
0.9774 1 0.9773 7 0.9633 0.9901
0.9708 1 0.9706 6 0.9573 0.9284
0.9725 0.8876 0.8625 17 0.956 0.7638
0.9795 1 0.9795 4 0.9777 0.9991
0.9746 0.9959 0.9697 16 0.961 0.8603
0.9695 1 0.9695 3 0.966 0.9997
0.978 1 0.978 8 0.9691 0.9567
0.9709 0.9881 0.9584 25 0.9489 0.8609
0.9761 0.9894 0.9652 13 0.9615 0.8966
0.9744 1 0.9735 17 0.948 0.9072
0.9751 0.9879 0.9626 7 0.9594 0.9069
0.9815 0.9997 0.9803 17 0.9364 0.8507
0.9742 1 0.9742 3 0.973 0.9709
0.9738 1 0.9738 6 0.8945 0.9898
0.9787 1 0.9785 18 0.9639 0.9394
0.9608 1 0.9608 6 0.9573 0.9911
0.9794 1 0.9785 18 0.9231 0.8426
0.9764 1 0.9764 8 0.9604 0.9596
0.975 0.8832 0.86 20 0.9604 0.7724
0.9779 1 0.9777 12 0.9515 0.9337
0.9786 0.999 0.9763 27 0.9629 0.7907
0.9751 0.9998 0.9735 23 0.9246 0.8806
0.9609 1 0.9607 10 0.95 0.9512
0.9765 1 0.9764 11 0.9676 0.9736
0.9752 1 0.9752 8 0.9725 0.997
0.9742 1 0.974 11 0.9492 0.953
0.9735 1 0.9734 7 0.942 0.991
0.9789 0.9999 0.9785 7 0.9596 0.9459
0.9765 0.9714 0.9479 15 0.9602 0.8961
0.9733 1 0.9733 8 0.959 0.9835
0.9763 1 0.9763 9 0.9677 0.9925
0.9802 0.9406 0.9194 17 0.9472 0.7756
0.9774 1 0.9774 11 0.9716 0.9833
0.9724 1 0.9722 11 0.9246 0.9565
0.97 1 0.97 6 0.9631 0.9945
0.9618 1 0.9618 9 0.9405 0.9865
0.9713 0.9805 0.9515 10 0.9476 0.8355
0.9762 1 0.9762 6 0.9722 0.9894
0.9771 0.8671 0.847 6 0.9627 0.8356
0.9758 1 0.9757 10 0.9679 0.9767
0.9703 1 0.9702 10 0.9637 0.9822
0.9705 1 0.9704 15 0.9569 0.9515
0.9755 1 0.9754 9 0.9647 0.9737
0.9697 1 0.9697 4 0.9603 0.9914
0.9786 1 0.978 21 0.9302 0.9319
0.9733 0.9617 0.936 4 0.9722 0.954
0.9753 1 0.9752 10 0.9648 0.9677
0.9748 0.8449 0.8227 23 0.9507 0.7244
0.9765 1 0.9765 7 0.9409 0.9432
0.9674 1 0.9674 6 0.9665 0.996
0.9802 1 0.9802 13 0.9449 0.986
0.9766 0.9739 0.9508 13 0.9514 0.9336
0.971 1 0.971 15 0.9622 0.9927
0.9749 1 0.9747 11 0.9473 0.937
0.9745 0.9438 0.9194 17 0.9659 0.8495
0.9726 1 0.9725 11 0.9575 0.978
0.9737 1 0.9736 11 0.9492 0.974
0.972 1 0.9719 7 0.9653 0.9669
0.9725 1 0.9724 10 0.9287 0.9763
0.9705 1 0.9702 13 0.9444 0.9483
0.9678 1 0.9675 10 0.9552 0.9177
0.9673 1 0.9671 10 0.958 0.9556
0.975 0.9101 0.8867 10 0.9599 0.765
0.9766 0.9999 0.9756 21 0.9502 0.8649
0.9809 1 0.9809 5 0.978 0.9944
0.9721 0.9986 0.9702 13 0.9609 0.8818
0.9693 1 0.9693 10 0.9606 0.9824
0.9717 1 0.9713 13 0.961 0.9134
0.9733 0.9392 0.9134 11 0.9599 0.7645
0.9767 1 0.9766 7 0.9676 0.9712
0.9727 1 0.9727 8 0.9692 0.9886
0.971 1 0.9709 12 0.9569 0.9561
0.98 1 0.98 6 0.9613 0.9857
0.9743 0.9998 0.9737 13 0.9286 0.9673
0.9773 1 0.9772 13 0.9055 0.9757
0.9754 0.8472 0.8255 11 0.948 0.7696
0.9685 1 0.9685 8 0.9611 0.9846
0.9715 0.9573 0.9292 12 0.9581 0.8612
0.9717 1 0.9717 7 0.9346 0.9924
0.9732 1 0.9731 15 0.9492 0.9735
0.9709 0.9999 0.97 14 0.9571 0.9147
0.9702 1 0.9702 7 0.9668 0.9903
0.9737 1 0.9737 4 0.9704 0.994
0.9795 0.9999 0.9791 14 0.9413 0.9668
0.9767 0.9992 0.9755 14 0.9546 0.8966
0.9785 0.9999 0.9782 14 0.9574 0.9116
0.9745 0.9395 0.915 15 0.9584 0.8409
0.9764 1 0.9764 7 0.9644 0.9859
0.9609 1 0.9609 7 0.9578 0.9759
0.9739 1 0.9739 4 0.972 0.9971
0.9727 1 0.9719 13 0.9231 0.9056
0.9756 1 0.9755 15 0.921 0.9672
0.9703 1 0.9703 8 0.9614 0.9858
0.9703 1 0.9703 9 0.969 0.9878
0.9679 1 0.9675 11 0.927 0.9369
0.9624 1 0.9624 4 0.956 0.9974
0.9725 0.9999 0.9723 11 0.9577 0.956
0.9741 0.8819 0.8586 9 0.9657 0.8055
0.9699 0.9592 0.9289 16 0.946 0.8229
0.9715 1 0.9715 6 0.954 0.9932
0.9692 0.8949 0.8672 6 0.9532 0.8489
0.9707 1 0.9707 6 0.9469 0.9971
0.9668 1 0.9668 5 0.9528 0.9951
0.9697 1 0.9695 7 0.9468 0.962
0.9735 1 0.9734 14 0.9612 0.9639
0.9736 0.8434 0.8208 12 0.9555 0.7911
0.9751 1 0.975 11 0.9489 0.9646
0.9756 0.9999 0.9754 10 0.9661 0.9756
0.9692 1 0.9692 8 0.9669 0.9901
0.9549 1 0.9549 3 0.9457 0.9889
0.9716 0.9995 0.9703 19 0.946 0.8867
0.9739 1 0.9737 15 0.9469 0.9763
0.9742 1 0.9742 6 0.9666 0.9411
0.9803 0.8603 0.8415 11 0.9363 0.7902
0.9621 0.9347 0.8987 14 0.948 0.8355
0.9717 0.9807 0.9525 12 0.9524 0.9412
0.9727 1 0.9726 13 0.9565 0.9713
0.9733 1 0.9732 6 0.9599 0.9871
0.9685 0.8901 0.8613 7 0.9476 0.8192
0.9704 1 0.9704 8 0.9664 0.9894
0.9645 1 0.9645 9 0.9538 0.9827
0.9732 0.9923 0.9654 13 0.9606 0.9451
0.9764 1 0.9762 14 0.956 0.9726
0.9728 0.9278 0.9023 13 0.9456 0.876
0.9682 1 0.9681 8 0.9632 0.9683
0.9719 0.9902 0.9619 8 0.9591 0.9402
0.9718 1 0.9718 9 0.9604 0.9845
0.9694 1 0.9693 17 0.9295 0.9533
0.9708 0.9999 0.9695 10 0.8702 0.9012
0.9731 1 0.9728 6 0.9563 0.9528
0.954 1 0.954 5 0.9356 0.9929
0.975 0.9779 0.9517 19 0.9518 0.8505
0.9715 0.8824 0.8567 10 0.9636 0.767
0.9627 0.9445 0.9067 14 0.9213 0.6447
0.6359 1 0.6359 9 0.5819 0.9986
0.9593 1 0.9589 6 0.8402 0.7959
0.9716 0.4825 0.4688 2 0.9692 0.4816
0.9557 1 0.9556 7 0.931 0.943
0.9696 1 0.9696 4 0.9655 0.9995
0.934 1 0.934 3 0.8813 0.9997
0.9882 0.8514 0.8391 17 0.9508 0.7436
0.7666 1 0.7666 6 0.6868 0.9961
0.9645 0.654 0.629 12 0.9299 0.5288
0.9459 1 0.9458 5 0.9335 0.983
0.9627 1 0.9625 8 0.9101 0.8038
0.9763 1 0.9763 5 0.9675 0.9911
0.9272 1 0.9272 2 0.9172 0.9999
0.8264 1 0.8264 3 0.8234 0.9984
0.9735 1 0.9711 14 0.8978 0.4483
0.978 1 0.978 7 0.9526 0.9981
0.9434 1 0.9432 6 0.7538 0.9509
0.648 0.9999 0.6479 5 0.642 0.9963
0.8248 1 0.8248 2 0.8223 0.9997
0.9723 1 0.972 15 0.9139 0.8794
0.9778 0.8403 0.8208 20 0.9633 0.7142
0.9724 1 0.9723 9 0.9495 0.92
0.9892 1 0.9865 21 0.9604 0.8272
0.964 1 0.964 7 0.9551 0.9567
0.9866 1 0.9865 7 0.9631 0.9685
0.9299 1 0.9299 6 0.9144 0.9911
0.9832 1 0.9831 12 0.969 0.9639
0.9833 1 0.9828 11 0.9186 0.9071
0.6563 1 0.6563 5 0.6536 0.9988
0.9703 0.7619 0.7376 20 0.9136 0.5645
0.9774 1 0.9774 5 0.9579 0.9852
0.9788 1 0.978 16 0.9656 0.7098
0.9659 1 0.9659 7 0.955 0.9855
0.9781 1 0.9781 7 0.9672 0.9877
0.8438 1 0.8438 5 0.8312 0.9985
0.9721 1 0.9721 3 0.962 0.9996
0.9716 0.8561 0.8309 14 0.9485 0.769
0.98 1 0.9799 8 0.9348 0.9763
0.9812 0.9672 0.9475 14 0.9547 0.8649
0.9785 0.9422 0.9199 7 0.9544 0.6881
0.8874 1 0.8874 2 0.8866 0.9999
0.9678 1 0.9677 8 0.9609 0.9242
0.989 1 0.9889 13 0.98 0.9759
0.9763 1 0.9763 6 0.9711 0.9808
0.9823 1 0.9823 8 0.9769 0.9587
0.988 0.9269 0.915 11 0.9489 0.8101
0.9804 1 0.9803 7 0.9744 0.9306
0.9808 0.9987 0.978 8 0.9263 0.7627
0.9843 1 0.9822 20 0.9222 0.7496
0.9826 1 0.9825 8 0.9602 0.9451
0.9824 1 0.9823 5 0.9614 0.98
0.9863 1 0.9862 8 0.977 0.9074
0.9765 1 0.9764 9 0.9616 0.9413
0.979 1 0.9789 9 0.9565 0.9734
0.9775 1 0.9774 5 0.9653 0.9714
0.9779 1 0.9763 12 0.9419 0.741
0.9788 0.9009 0.8781 21 0.9478 0.6242
0.9795 1 0.9795 6 0.9703 0.9623
0.9814 1 0.9811 6 0.9768 0.8712
0.9824 1 0.9824 6 0.9762 0.9961
0.9833 1 0.9827 20 0.9069 0.8002
0.905 1 0.905 2 0.9011 0.9999
0.9836 1 0.9836 9 0.9749 0.9854
0.9833 1 0.9824 22 0.9569 0.75
0.9825 1 0.9824 13 0.9621 0.9641
0.9842 1 0.9835 15 0.9651 0.8237
0.9789 1 0.9787 12 0.9733 0.8901
0.9805 1 0.98 16 0.9662 0.868
0.9824 1 0.9817 18 0.9612 0.7669
0.9836 1 0.9831 20 0.9564 0.9235
0.9799 1 0.9794 18 0.9676 0.8886
0.9599 1 0.9599 4 0.9581 0.9957
0.9633 1 0.9633 5 0.9596 0.9986
0.9856 1 0.9821 21 0.9642 0.4269
0.9849 1 0.9847 9 0.9501 0.9511
0.9684 1 0.9684 4 0.9597 0.9963
0.9754 0.9998 0.9707 18 0.9332 0.5976
0.9843 1 0.9843 8 0.975 0.9554
0.9808 1 0.9794 18 0.8721 0.8386
0.9851 0.8688 0.8543 17 0.9465 0.7566
0.9416 1 0.9416 5 0.9316 0.9994
0.9831 1 0.9827 20 0.9622 0.872
0.9879 1 0.9878 12 0.9736 0.9591
0.917 1 0.917 4 0.909 0.9994
0.9814 1 0.9814 11 0.9727 0.9756
0.9787 1 0.9786 15 0.9669 0.9501
0.9677 1 0.9677 8 0.9611 0.9909
0.9818 1 0.9817 9 0.9582 0.9408
0.9842 1 0.9818 19 0.9087 0.6753
0.9852 0.9998 0.9849 8 0.9176 0.9778
0.9785 1 0.978 16 0.9443 0.9032
0.9883 1 0.9878 18 0.9766 0.8921
0.9788 1 0.9787 11 0.9667 0.9689
0.9883 1 0.9883 6 0.9781 0.9906
0.9863 1 0.9863 7 0.976 0.9256
0.9819 1 0.9803 15 0.917 0.7273
0.9767 1 0.9729 20 0.8967 0.7923
0.9868 0.9999 0.9838 22 0.9541 0.5599
0.9844 1 0.9843 12 0.9613 0.9491
0.9867 1 0.9866 17 0.9705 0.9802
0.9823 1 0.9818 18 0.9603 0.8682
0.9802 1 0.9801 8 0.9746 0.9535
0.9884 1 0.9881 16 0.9444 0.892
0.9899 0.9999 0.9891 11 0.9249 0.7982
0.9844 1 0.9837 11 0.9389 0.7441
0.9831 1 0.983 6 0.9735 0.8981
0.9842 0.9984 0.9815 16 0.9045 0.8385
0.9801 1 0.98 11 0.9737 0.9769
0.9749 1 0.9749 10 0.9674 0.9909
0.9838 1 0.9837 6 0.9705 0.9852
0.9831 1 0.9827 12 0.9642 0.8376
0.988 1 0.9878 19 0.9787 0.9184
0.9639 1 0.9639 6 0.9572 0.9949
0.9806 1 0.9806 5 0.9765 0.9925
0.9809 1 0.9806 12 0.9679 0.693
0.9827 1 0.9819 21 0.9553 0.8289
0.9768 1 0.9768 11 0.9489 0.9707
0.9843 1 0.984 19 0.9533 0.8678
0.9855 1 0.9847 9 0.9606 0.6867
0.9826 1 0.9823 10 0.9781 0.8481
0.9862 0.7696 0.7582 18 0.9663 0.4895
0.9783 1 0.9782 7 0.9642 0.9328
0.9851 1 0.985 13 0.9749 0.9612
0.9807 1 0.9806 18 0.9708 0.9717
0.9788 1 0.9787 12 0.9732 0.8855
0.9826 1 0.9824 8 0.9577 0.8394
0.9717 1 0.9717 3 0.97 0.9978
0.9692 1 0.9692 6 0.9663 0.9976
0.9846 1 0.984 24 0.9368 0.8546
0.9794 1 0.9788 17 0.9529 0.8537
0.9814 1 0.9814 7 0.9782 0.9856
0.9867 1 0.9867 8 0.9796 0.9832
0.9842 1 0.9828 16 0.9748 0.606
0.9809 1 0.9809 7 0.9697 0.9806
0.9806 1 0.9754 26 0.8872 0.545
0.9812 1 0.9811 6 0.9764 0.8836
0.9724 1 0.9723 15 0.963 0.9525
0.9826 1 0.9805 18 0.9458 0.6895
0.9833 1 0.9833 7 0.9778 0.9656
0.972 1 0.972 3 0.9708 0.9308
0.9789 1 0.9789 5 0.9771 0.9943
0.9658 1 0.9658 12 0.9555 0.9621
0.9721 0.9999 0.972 6 0.9549 0.998
0.9782 1 0.9779 13 0.9705 0.8446
0.9812 1 0.9807 16 0.9547 0.8587
0.9745 0.9647 0.9392 20 0.9577 0.8628
0.9756 1 0.9756 7 0.9678 0.9877
0.9691 0.7825 0.7574 11 0.9578 0.5068
0.8493 1 0.8493 4 0.8438 0.9995
0.9792 1 0.9787 15 0.9644 0.8579
0.9786 1 0.9783 23 0.9358 0.9183
0.9699 1 0.9699 7 0.9618 0.9686
0.9766 1 0.9763 14 0.9612 0.9214
0.9646 1 0.9646 4 0.9579 0.998
0.9729 1 0.9729 2 0.9721 0.9999
0.9746 1 0.9745 9 0.9525 0.9279
0.9794 1 0.9794 6 0.9775 0.975
0.9731 1 0.9731 5 0.9694 0.9969
0.9709 1 0.9709 10 0.963 0.9917
0.9818 0.9997 0.9808 12 0.9565 0.9529
0.9759 1 0.9755 12 0.9648 0.909
0.9775 0.858 0.8375 10 0.9584 0.7517
0.9755 1 0.9754 6 0.9645 0.9258
0.9805 0.9998 0.98 8 0.9637 0.9596
0.9745 1 0.9741 14 0.9568 0.8882
0.9651 1 0.9651 3 0.9639 0.9987
0.9698 1 0.9698 1 0.9698 1
0.9698 1 0.9698 4 0.9682 0.9917
0.9726 1 0.9725 19 0.95 0.9204
0.8831 1 0.8831 3 0.8644 0.9994
0.9735 1 0.9735 7 0.9665 0.9942
0.9703 1 0.9697 17 0.9483 0.9195
0.9206 1 0.9206 3 0.917 0.9996
0.9673 1 0.9673 6 0.9635 0.9921
0.9686 1 0.9686 9 0.9601 0.9818
0.9747 1 0.9747 9 0.9612 0.9919
0.9769 1 0.9768 15 0.9685 0.9509
0.9571 1 0.957 10 0.9451 0.976
0.9708 1 0.9708 7 0.9494 0.9842
0.9738 1 0.9736 14 0.9614 0.8999
0.9748 1 0.9748 5 0.9482 0.9996
0.9561 1 0.9561 6 0.9449 0.9967
0.9712 1 0.9712 3 0.9695 0.9457
0.9768 0.9999 0.976 15 0.9521 0.8036
0.9643 1 0.9643 6 0.9593 0.9837
0.9626 1 0.9625 11 0.9462 0.9754
0.977 0.9997 0.9756 12 0.9344 0.7962
0.9705 1 0.9702 14 0.9518 0.8906
0.9695 1 0.9695 7 0.9646 0.9962
0.976 1 0.976 5 0.965 0.9921
0.9711 1 0.9711 9 0.9645 0.9598
0.9681 1 0.9681 9 0.9564 0.9876
0.9639 1 0.9639 12 0.9551 0.9883
0.9682 1 0.9682 7 0.9582 0.9839
0.9768 1 0.9764 17 0.9527 0.9246
0.9755 0.9803 0.956 14 0.9564 0.9161
0.9731 1 0.9731 10 0.9651 0.9892
0.9774 1 0.9774 11 0.9636 0.9813
0.9755 1 0.9752 11 0.9501 0.898
0.9664 1 0.9664 4 0.9525 0.9995
0.9534 1 0.9534 2 0.9523 0.9992
0.9757 1 0.9757 8 0.9644 0.9807
0.9633 1 0.9633 10 0.9562 0.9846
0.9714 1 0.9713 12 0.9614 0.9671
0.9689 1 0.9689 6 0.9557 0.9963
0.9781 1 0.978 9 0.9391 0.9436
0.9697 1 0.9697 9 0.9653 0.979
0.9721 1 0.9721 4 0.9684 0.9979
0.9782 1 0.9781 10 0.956 0.9676
0.9721 1 0.9721 12 0.955 0.9863
0.9704 1 0.9704 9 0.9655 0.9792
0.9684 1 0.9684 10 0.964 0.9837
0.9756 0.9999 0.9752 8 0.954 0.9462
0.9788 1 0.9788 7 0.9689 0.9846
0.9669 1 0.9669 4 0.9646 0.9949
0.9737 1 0.9736 11 0.9632 0.9766
0.979 1 0.9784 12 0.9439 0.9288
0.9752 0.9994 0.9733 20 0.9592 0.749
0.9536 1 0.9536 5 0.9499 0.9959
0.9649 1 0.9649 3 0.9628 0.9981
0.9679 1 0.9679 5 0.9651 0.9862
0.9731 1 0.9728 18 0.9628 0.935
0.9748 0.9991 0.9729 10 0.9216 0.9302
0.9708 1 0.9708 6 0.9604 0.9962
0.9725 1 0.9724 9 0.9626 0.9544
0.9715 1 0.9714 11 0.9537 0.9812
0.9718 1 0.9718 7 0.9586 0.9908
0.9729 1 0.9728 12 0.9566 0.9543
0.975 1 0.9749 8 0.9583 0.9569
0.9766 1 0.9764 17 0.9553 0.9422
0.9741 0.8719 0.8485 15 0.9548 0.758
0.9687 1 0.9687 4 0.9644 0.9902
0.9747 1 0.9746 12 0.9557 0.94
0.9737 1 0.9731 12 0.9239 0.9465
0.9763 1 0.9759 9 0.9469 0.9208
0.9711 1 0.9711 7 0.966 0.9943
0.9706 1 0.9706 6 0.9581 0.9803
0.9629 1 0.9629 11 0.9377 0.9947
0.9764 0.9177 0.8959 7 0.9703 0.8681
0.9687 1 0.9687 5 0.9658 0.9986
0.9668 1 0.9668 8 0.9571 0.9942
0.9758 1 0.9756 12 0.9348 0.9335
0.9733 0.9999 0.972 13 0.9274 0.8851
0.9775 1 0.9774 8 0.9723 0.967
0.9692 1 0.9691 8 0.9581 0.9646
0.9743 1 0.974 11 0.9564 0.9476
0.965 1 0.9649 9 0.9429 0.9778
0.974 0.9995 0.9728 8 0.9408 0.9143
0.9786 0.9999 0.9779 20 0.9458 0.9094
0.9775 1 0.9773 15 0.9378 0.9522
0.9747 1 0.9747 8 0.9727 0.9871
0.9671 1 0.9671 3 0.9654 0.9983
0.9717 0.9999 0.9713 14 0.9539 0.9347
0.9758 1 0.9758 6 0.9554 0.9915
0.9663 1 0.9663 8 0.9549 0.9953
0.9612 1 0.9612 10 0.9463 0.9935
0.9718 1 0.9718 5 0.9685 0.9951
0.9645 1 0.9644 13 0.9476 0.9811
0.9687 1 0.9687 6 0.9634 0.9938
0.9718 1 0.9716 9 0.9615 0.9612
0.9712 1 0.9711 8 0.9665 0.9786
0.9555 1 0.9555 1 0.9555 1
0.9714 1 0.9714 6 0.9651 0.9957
0.9502 1 0.9502 5 0.9443 0.9994
0.9613 1 0.9613 6 0.9471 0.9934
0.9732 0.9998 0.9719 20 0.9488 0.841
0.9638 1 0.9638 9 0.914 0.9958
0.969 1 0.969 5 0.9608 0.9978
0.9685 1 0.9685 8 0.9632 0.9461
0.9549 1 0.9549 7 0.9467 0.9686
0.9539 1 0.9539 4 0.9498 0.9995
0.9724 1 0.9724 10 0.9604 0.9934
0.9635 1 0.9634 10 0.9477 0.9764
0.9682 1 0.9681 8 0.9602 0.9799
0.9695 1 0.9693 17 0.9584 0.8995
0.9613 1 0.9613 4 0.9536 0.9991
0.9622 1 0.9622 10 0.9551 0.9887
0.9718 1 0.9718 9 0.9651 0.9905
0.9745 1 0.9745 7 0.9668 0.9964
0.9762 1 0.976 7 0.971 0.9464
0.9658 1 0.9658 6 0.9474 0.9967
0.9704 1 0.9704 12 0.953 0.9749
0.9712 1 0.9711 11 0.9634 0.9579
0.9531 1 0.9531 2 0.9463 0.9999
0.9596 1 0.9596 5 0.9515 0.9992
0.9653 1 0.9653 9 0.9627 0.9506
0.9492 1 0.9492 1 0.9492 1
0.9705 1 0.9705 7 0.967 0.9784
0.9578 1 0.9578 6 0.954 0.9815
0.9651 1 0.9651 11 0.9479 0.9866
0.9657 1 0.9657 3 0.9615 0.9977
0.9741 1 0.974 7 0.9626 0.9803
0.971 1 0.971 6 0.963 0.9838
0.9659 1 0.9659 8 0.9601 0.9933
0.9682 1 0.9682 13 0.9586 0.9856
0.9687 1 0.9686 11 0.9524 0.9631
0.9686 1 0.9686 2 0.9651 0.9996
0.9661 1 0.9661 9 0.9384 0.9908
0.9725 1 0.9722 14 0.9525 0.9568