0.945
0.976
0.9399
0.9304
0.9488
0.9617
0.9618
0.9849
0.9444
0.9553
0.9349
0.9534
0.9763
0.9692
0.9727
0.9652
0.9797
0.9139
0.9565
0.9548
0.9627
0.9599
0.9638
0.9573
0.9635
0.9704
0.9685
0.9627
0.9627
0.974
0.964
0.962
0.9717
0.9629
0.9768
0.9682
0.9786
0.9543
0.9612
0.9625
0.9669
0.9693
0.9562
0.9728
0.9677
0.9655
0.9675
0.9589
0.9644
0.9637
0.9665
0.9559
0.9797
0.9673
0.966
0.9674
0.9533
0.9551
0.9777
0.9672
0.9627
0.9686
0.9662
0.9714
0.9679
0.9635
0.9705
0.9639
0.9655
0.9645
0.9556
0.9616
0.9739
0.9658
0.9666
0.967
0.9622
0.9468
0.9752
0.968
0.9609
0.9686
0.9638
0.9689
0.967
0.9663
0.9659
0.9552
0.9647
0.9648
0.9657
0.9606
0.9728
0.9647
0.9629
0.9641
0.9649
0.958
0.9712
0.968
0.9641
0.9679
0.9642
0.9744
0.9651
0.9604
0.9633
0.9659
0.9602
0.968
0.9685
0.9624
0.9664
0.9737
0.9594
0.9611
0.9647
0.9547
0.9616
0.9663
0.9591
0.9634
0.9608
0.9639
0.9619
0.9669
0.9662
0.9627
0.9629
0.9616
0.9625
0.9618
0.9605
0.9647
0.9638
0.9606
0.9574
0.9569
0.9603
0.9606
0.955
0.9572
0.9416
0.9575
0.9589
0.9572
0.9498
0.952
0.9508
0.9569
0.9541
0.9592
0.9537
0.9535
0.9555
0.9604
0.9596
0.9592
0.9557
0.956
0.9459
0.9579
0.962
0.9556
0.9565
0.9565
0.9569
0.9537
0.9467
0.9547
0.9564
0.9528
0.9559
0.9534
0.9489
0.9563
0.9566
0.9601
0.9573
0.9567
0.9554
0.954
0.9527
0.9575
0.9576
0.9413
0.9557
0.954
0.9478
0.9552
0.9556
0.9571
0.9509
0.9555
0.9538
0.9551
0.9525
0.95
0.9508
0.949
0.9507
0.9523
0.9403
0.9554
0.954
0.9498
0.9546
0.9548
0.9437
0.9475
0.9524
0.9532
0.9455
0.9525
0.948
0.9546
0.955
0.9479
0.9506
0.9495
0.9477
0.951
0.9524
0.953
0.9511
0.9468
0.9481
0.9501
0.9513
0.9539
0.9521
0.9506
0.9575
0.9547
0.9547
0.9496
0.9483
0.9486
0.9487
0.9535
0.9465
0.9554
0.949
0.9505
0.9545
0.9357
0.9477
0.9474
0.9494
0.9511
0.948
0.9506
0.9478
0.9482
0.9533
0.9482
0.9524
0.941
0.9533
0.9472
0.952
0.9439
0.9463
0.9488
0.9472
0.9477
0.9522
0.9492
0.9508
0.9513
0.9464
0.9472
0.956
0.9488
0.9481
0.9458
0.9608
0.9387
0.9491
0.9532
0.9503
0.9515
0.9455
0.9484
0.9473
0.9502
0.9504
0.9432
0.9517
0.9515
0.9448
0.9467
0.9542
0.9458
0.9463
0.9437
0.9503
0.9451
0.9529
0.9482