0.9450 +- -1.00 (1)
0.9751 +- -1.00 (1)
0.9345 +- -1.00 (1)
0.9376 +- -1.00 (1)
0.9488 +- -1.00 (1)
0.9613 +- -1.00 (1)
0.9631 +- -1.00 (1)
0.9828 +- -1.00 (1)
0.9330 +- -1.00 (1)
0.9553 +- -1.00 (1)
0.9349 +- -1.00 (1)
0.9534 +- -1.00 (1)
0.9767 +- -1.00 (1)
0.9692 +- -1.00 (1)
0.9727 +- -1.00 (1)
0.9653 +- -1.00 (1)
0.9797 +- -1.00 (1)
0.9139 +- -1.00 (1)
0.9566 +- -1.00 (1)
0.9548 +- -1.00 (1)
0.9647 +- -1.00 (1)
0.9633 +- -1.00 (1)
0.9595 +- -1.00 (1)
0.9555 +- -1.00 (1)
0.9628 +- -1.00 (1)
0.9704 +- -1.00 (1)
0.9695 +- -1.00 (1)
0.9642 +- -1.00 (1)
0.9627 +- -1.00 (1)
0.9726 +- -1.00 (1)
0.9640 +- -1.00 (1)
0.9567 +- -1.00 (1)
0.9732 +- -1.00 (1)
0.9632 +- -1.00 (1)
0.9714 +- -1.00 (1)
0.9639 +- -1.00 (1)
0.9767 +- -1.00 (1)
0.9473 +- -1.00 (1)
0.9603 +- -1.00 (1)
0.9614 +- -1.00 (1)
0.9597 +- -1.00 (1)
0.9751 +- -1.00 (1)
0.9645 +- -1.00 (1)
0.9689 +- -1.00 (1)
0.9677 +- -1.00 (1)
0.9643 +- -1.00 (1)
0.9652 +- -1.00 (1)
0.9580 +- -1.00 (1)
0.9629 +- -1.00 (1)
0.9690 +- -1.00 (1)
0.9619 +- -1.00 (1)
0.9553 +- -1.00 (1)
0.9753 +- -1.00 (1)
0.9653 +- -1.00 (1)
0.9657 +- -1.00 (1)
0.9630 +- -1.00 (1)
0.9529 +- -1.00 (1)
0.9526 +- -1.00 (1)
0.9702 +- -1.00 (1)
0.9644 +- -1.00 (1)
0.9618 +- -1.00 (1)
0.9685 +- -1.00 (1)
0.9673 +- -1.00 (1)
0.9703 +- -1.00 (1)
0.9678 +- -1.00 (1)
0.9613 +- -1.00 (1)
0.9658 +- -1.00 (1)
0.9628 +- -1.00 (1)
0.9667 +- -1.00 (1)
0.9616 +- -1.00 (1)
0.9581 +- -1.00 (1)
0.9615 +- -1.00 (1)
0.9717 +- -1.00 (1)
0.9658 +- -1.00 (1)
0.9677 +- -1.00 (1)
0.9619 +- -1.00 (1)
0.9582 +- -1.00 (1)
0.9482 +- -1.00 (1)
0.9715 +- -1.00 (1)
0.9678 +- -1.00 (1)
0.9653 +- -1.00 (1)
0.9671 +- -1.00 (1)
0.9583 +- -1.00 (1)
0.9695 +- -1.00 (1)
0.9667 +- -1.00 (1)
0.9663 +- -1.00 (1)
0.9650 +- -1.00 (1)
0.9614 +- -1.00 (1)
0.9598 +- -1.00 (1)
0.9629 +- -1.00 (1)
0.9607 +- -1.00 (1)
0.9586 +- -1.00 (1)
0.9686 +- -1.00 (1)
0.9672 +- -1.00 (1)
0.9646 +- -1.00 (1)
0.9612 +- -1.00 (1)
0.9621 +- -1.00 (1)
0.9585 +- -1.00 (1)
0.9685 +- -1.00 (1)
0.9684 +- -1.00 (1)
0.9637 +- -1.00 (1)
0.9712 +- -1.00 (1)
0.9596 +- -1.00 (1)
0.9754 +- -1.00 (1)
0.9657 +- -1.00 (1)
0.9608 +- -1.00 (1)
0.9636 +- -1.00 (1)
0.9648 +- -1.00 (1)
0.9631 +- -1.00 (1)
0.9629 +- -1.00 (1)
0.9658 +- -1.00 (1)
0.9642 +- -1.00 (1)
0.9657 +- -1.00 (1)
0.9713 +- -1.00 (1)
0.9644 +- -1.00 (1)
0.9585 +- -1.00 (1)
0.9678 +- -1.00 (1)
0.9526 +- -1.00 (1)
0.9644 +- -1.00 (1)
0.9649 +- -1.00 (1)
0.9623 +- -1.00 (1)
0.9602 +- -1.00 (1)
0.9595 +- -1.00 (1)
0.9620 +- -1.00 (1)
0.9612 +- -1.00 (1)
0.9629 +- -1.00 (1)
0.9597 +- -1.00 (1)
0.9569 +- -1.00 (1)
0.9625 +- -1.00 (1)
0.9643 +- -1.00 (1)
0.9610 +- -1.00 (1)
0.9638 +- -1.00 (1)
0.9597 +- -1.00 (1)
0.9673 +- -1.00 (1)
0.9646 +- -1.00 (1)
0.9579 +- -1.00 (1)
0.9667 +- -1.00 (1)
0.9543 +- -1.00 (1)
0.9587 +- -1.00 (1)
0.9642 +- -1.00 (1)
0.9541 +- -1.00 (1)
0.9521 +- -1.00 (1)
0.9430 +- -1.00 (1)
0.9600 +- -1.00 (1)
0.9532 +- -1.00 (1)
0.9546 +- -1.00 (1)
0.9538 +- -1.00 (1)
0.9499 +- -1.00 (1)
0.9499 +- -1.00 (1)
0.9580 +- -1.00 (1)
0.9574 +- -1.00 (1)
0.9585 +- -1.00 (1)
0.9558 +- -1.00 (1)
0.9522 +- -1.00 (1)
0.9537 +- -1.00 (1)
0.9541 +- -1.00 (1)
0.9571 +- -1.00 (1)
0.9584 +- -1.00 (1)
0.9584 +- -1.00 (1)
0.9553 +- -1.00 (1)
0.9517 +- -1.00 (1)
0.9580 +- -1.00 (1)
0.9543 +- -1.00 (1)
0.9512 +- -1.00 (1)
0.9551 +- -1.00 (1)
0.9544 +- -1.00 (1)
0.9534 +- -1.00 (1)
0.9487 +- -1.00 (1)
0.9454 +- -1.00 (1)
0.9572 +- -1.00 (1)
0.9555 +- -1.00 (1)
0.9529 +- -1.00 (1)
0.9503 +- -1.00 (1)
0.9536 +- -1.00 (1)
0.9500 +- -1.00 (1)
0.9585 +- -1.00 (1)
0.9539 +- -1.00 (1)
0.9611 +- -1.00 (1)
0.9493 +- -1.00 (1)
0.9551 +- -1.00 (1)
0.9476 +- -1.00 (1)
0.9510 +- -1.00 (1)
0.9525 +- -1.00 (1)
0.9545 +- -1.00 (1)
0.9539 +- -1.00 (1)
0.9426 +- -1.00 (1)
0.9535 +- -1.00 (1)
0.9503 +- -1.00 (1)
0.9515 +- -1.00 (1)
0.9485 +- -1.00 (1)
0.9520 +- -1.00 (1)
0.9585 +- -1.00 (1)
0.9507 +- -1.00 (1)
0.9470 +- -1.00 (1)
0.9537 +- -1.00 (1)
0.9563 +- -1.00 (1)
0.9543 +- -1.00 (1)
0.9501 +- -1.00 (1)
0.9449 +- -1.00 (1)
0.9523 +- -1.00 (1)
0.9511 +- -1.00 (1)
0.9522 +- -1.00 (1)
0.9412 +- -1.00 (1)
0.9569 +- -1.00 (1)
0.9481 +- -1.00 (1)
0.9480 +- -1.00 (1)
0.9480 +- -1.00 (1)
0.9547 +- -1.00 (1)
0.9488 +- -1.00 (1)
0.9491 +- -1.00 (1)
0.9497 +- -1.00 (1)
0.9540 +- -1.00 (1)
0.9469 +- -1.00 (1)
0.9527 +- -1.00 (1)
0.9524 +- -1.00 (1)
0.9499 +- -1.00 (1)
0.9520 +- -1.00 (1)
0.9433 +- -1.00 (1)
0.9458 +- -1.00 (1)
0.9463 +- -1.00 (1)
0.9453 +- -1.00 (1)
0.9512 +- -1.00 (1)
0.9496 +- -1.00 (1)
0.9515 +- -1.00 (1)
0.9452 +- -1.00 (1)
0.9462 +- -1.00 (1)
0.9453 +- -1.00 (1)
0.9470 +- -1.00 (1)
0.9520 +- -1.00 (1)
0.9526 +- -1.00 (1)
0.9483 +- -1.00 (1)
0.9433 +- -1.00 (1)
0.9573 +- -1.00 (1)
0.9495 +- -1.00 (1)
0.9510 +- -1.00 (1)
0.9460 +- -1.00 (1)
0.9607 +- -1.00 (1)
0.9527 +- -1.00 (1)
0.9462 +- -1.00 (1)
0.9483 +- -1.00 (1)
0.9417 +- -1.00 (1)
0.9512 +- -1.00 (1)
0.9492 +- -1.00 (1)
0.9511 +- -1.00 (1)
0.9495 +- -1.00 (1)
0.9357 +- -1.00 (1)
0.9497 +- -1.00 (1)
0.9461 +- -1.00 (1)
0.9479 +- -1.00 (1)
0.9513 +- -1.00 (1)
0.9535 +- -1.00 (1)
0.9465 +- -1.00 (1)
0.9534 +- -1.00 (1)
0.9524 +- -1.00 (1)
0.9549 +- -1.00 (1)
0.9504 +- -1.00 (1)
0.9455 +- -1.00 (1)
0.9479 +- -1.00 (1)
0.9506 +- -1.00 (1)
0.9436 +- -1.00 (1)
0.9491 +- -1.00 (1)
0.9475 +- -1.00 (1)
0.9417 +- -1.00 (1)
0.9492 +- -1.00 (1)
0.9462 +- -1.00 (1)
0.9523 +- -1.00 (1)
0.9522 +- -1.00 (1)
0.9488 +- -1.00 (1)
0.9514 +- -1.00 (1)
0.9461 +- -1.00 (1)
0.9426 +- -1.00 (1)
0.9473 +- -1.00 (1)
0.9508 +- -1.00 (1)
0.9396 +- -1.00 (1)
0.9480 +- -1.00 (1)
0.9439 +- -1.00 (1)
0.9582 +- -1.00 (1)
0.9424 +- -1.00 (1)
0.9382 +- -1.00 (1)
0.9508 +- -1.00 (1)
0.9500 +- -1.00 (1)
0.9478 +- -1.00 (1)
0.9445 +- -1.00 (1)
0.9459 +- -1.00 (1)
0.9526 +- -1.00 (1)
0.9446 +- -1.00 (1)
0.9505 +- -1.00 (1)
0.9438 +- -1.00 (1)
0.9485 +- -1.00 (1)
0.9538 +- -1.00 (1)
0.9489 +- -1.00 (1)
0.9474 +- -1.00 (1)
0.9485 +- -1.00 (1)
0.9491 +- -1.00 (1)
0.9496 +- -1.00 (1)
0.9473 +- -1.00 (1)
0.9531 +- -1.00 (1)
0.9440 +- -1.00 (1)
0.9475 +- -1.00 (1)
0.9476 +- -1.00 (1)
