nan +- -1.00 (0)
nan +- -1.00 (0)
3.3910 +- -1.00 (1)
0.7587 +- -1.00 (1)
nan +- -1.00 (0)
nan +- -1.00 (0)
nan +- -1.00 (0)
nan +- -1.00 (0)
1.0485 +- -1.00 (1)
nan +- -1.00 (0)
2.1286 +- -1.00 (1)
5.2626 +- -1.00 (1)
7.1094 +- -1.00 (1)
3.5868 +- -1.00 (1)
1.9218 +- -1.00 (1)
2.5836 +- -1.00 (1)
1.6714 +- -1.00 (1)
nan +- -1.00 (0)
nan +- -1.00 (0)
5.4369 +- -1.00 (1)
6.3905 +- -1.00 (1)
nan +- -1.00 (0)
nan +- -1.00 (0)
nan +- -1.00 (0)
5.6031 +- -1.00 (1)
nan +- -1.00 (0)
4.4461 +- -1.00 (1)
3.9624 +- -1.00 (1)
nan +- -1.00 (0)
nan +- -1.00 (0)
nan +- -1.00 (0)
nan +- -1.00 (0)
nan +- -1.00 (0)
2.1009 +- -1.00 (1)
nan +- -1.00 (0)
nan +- -1.00 (0)
5.1005 +- -1.00 (1)
5.9347 +- -1.00 (1)
nan +- -1.00 (0)
10.1022 +- -1.00 (1)
nan +- -1.00 (0)
nan +- -1.00 (0)
3.2368 +- -1.00 (1)
1.7587 +- -1.00 (1)
nan +- -1.00 (0)
0.3952 +- -1.00 (1)
nan +- -1.00 (0)
nan +- -1.00 (0)
nan +- -1.00 (0)
4.8664 +- -1.00 (1)
nan +- -1.00 (0)
nan +- -1.00 (0)
nan +- -1.00 (0)
nan +- -1.00 (0)
5.6296 +- -1.00 (1)
nan +- -1.00 (0)
nan +- -1.00 (0)
8.3864 +- -1.00 (1)
9.6777 +- -1.00 (1)
4.4920 +- -1.00 (1)
9.1720 +- -1.00 (1)
nan +- -1.00 (0)
nan +- -1.00 (0)
nan +- -1.00 (0)
nan +- -1.00 (0)
nan +- -1.00 (0)
5.3096 +- -1.00 (1)
nan +- -1.00 (0)
11.5445 +- -1.00 (1)
0.0000 +- -1.00 (1)
nan +- -1.00 (0)
nan +- -1.00 (0)
nan +- -1.00 (0)
nan +- -1.00 (0)
nan +- -1.00 (0)
nan +- -1.00 (0)
nan +- -1.00 (0)
nan +- -1.00 (0)
1.8820 +- -1.00 (1)
nan +- -1.00 (0)
nan +- -1.00 (0)
0.2015 +- -1.00 (1)
nan +- -1.00 (0)
2.5330 +- -1.00 (1)
2.2448 +- -1.00 (1)
nan +- -1.00 (0)
nan +- -1.00 (0)
nan +- -1.00 (0)
nan +- -1.00 (0)
nan +- -1.00 (0)
nan +- -1.00 (0)
5.8830 +- -1.00 (1)
nan +- -1.00 (0)
nan +- -1.00 (0)
nan +- -1.00 (0)
4.6270 +- -1.00 (1)
4.9239 +- -1.00 (1)
nan +- -1.00 (0)
nan +- -1.00 (0)
nan +- -1.00 (0)
1.8440 +- -1.00 (1)
5.3536 +- -1.00 (1)
nan +- -1.00 (0)
9.5559 +- -1.00 (1)
4.4421 +- -1.00 (1)
2.4771 +- -1.00 (1)
11.2296 +- -1.00 (1)
nan +- -1.00 (0)
1.3644 +- -1.00 (1)
nan +- -1.00 (0)
9.6477 +- -1.00 (1)
nan +- -1.00 (0)
nan +- -1.00 (0)
nan +- -1.00 (0)
nan +- -1.00 (0)
nan +- -1.00 (0)
5.3063 +- -1.00 (1)
nan +- -1.00 (0)
nan +- -1.00 (0)
8.2389 +- -1.00 (1)
nan +- -1.00 (0)
nan +- -1.00 (0)
0.0095 +- -1.00 (1)
0.0095 +- -1.00 (1)
0.0092 +- -1.00 (1)
2.4320 +- -1.00 (1)
0.0114 +- -1.00 (1)
nan +- -1.00 (0)
nan +- -1.00 (0)
0.0938 +- -1.00 (1)
3.3999 +- -1.00 (1)
4.8148 +- -1.00 (1)
nan +- -1.00 (0)
nan +- -1.00 (0)
nan +- -1.00 (0)
nan +- -1.00 (0)
nan +- -1.00 (0)
nan +- -1.00 (0)
nan +- -1.00 (0)
nan +- -1.00 (0)
nan +- -1.00 (0)
nan +- -1.00 (0)
nan +- -1.00 (0)
nan +- -1.00 (0)
nan +- -1.00 (0)
nan +- -1.00 (0)
nan +- -1.00 (0)
6.9952 +- -1.00 (1)
nan +- -1.00 (0)
nan +- -1.00 (0)
nan +- -1.00 (0)
nan +- -1.00 (0)
nan +- -1.00 (0)
9.6109 +- -1.00 (1)
nan +- -1.00 (0)
nan +- -1.00 (0)
nan +- -1.00 (0)
nan +- -1.00 (0)
nan +- -1.00 (0)
0.0447 +- -1.00 (1)
1.3132 +- -1.00 (1)
nan +- -1.00 (0)
nan +- -1.00 (0)
nan +- -1.00 (0)
nan +- -1.00 (0)
0.3040 +- -1.00 (1)
nan +- -1.00 (0)
1.7939 +- -1.00 (1)
nan +- -1.00 (0)
0.4157 +- -1.00 (1)
nan +- -1.00 (0)
8.8559 +- -1.00 (1)
nan +- -1.00 (0)
8.1108 +- -1.00 (1)
nan +- -1.00 (0)
nan +- -1.00 (0)
6.7177 +- -1.00 (1)
nan +- -1.00 (0)
nan +- -1.00 (0)
3.5377 +- -1.00 (1)
10.1191 +- -1.00 (1)
nan +- -1.00 (0)
nan +- -1.00 (0)
nan +- -1.00 (0)
nan +- -1.00 (0)
nan +- -1.00 (0)
nan +- -1.00 (0)
nan +- -1.00 (0)
8.3758 +- -1.00 (1)
nan +- -1.00 (0)
nan +- -1.00 (0)
3.4070 +- -1.00 (1)
nan +- -1.00 (0)
nan +- -1.00 (0)
nan +- -1.00 (0)
nan +- -1.00 (0)
nan +- -1.00 (0)
nan +- -1.00 (0)
nan +- -1.00 (0)
3.1171 +- -1.00 (1)
2.2986 +- -1.00 (1)
nan +- -1.00 (0)
nan +- -1.00 (0)
nan +- -1.00 (0)
nan +- -1.00 (0)
0.6622 +- -1.00 (1)
nan +- -1.00 (0)
nan +- -1.00 (0)
nan +- -1.00 (0)
nan +- -1.00 (0)
6.5476 +- -1.00 (1)
nan +- -1.00 (0)
1.2857 +- -1.00 (1)
nan +- -1.00 (0)
2.1941 +- -1.00 (1)
nan +- -1.00 (0)
nan +- -1.00 (0)
nan +- -1.00 (0)
nan +- -1.00 (0)
nan +- -1.00 (0)
nan +- -1.00 (0)
nan +- -1.00 (0)
nan +- -1.00 (0)
nan +- -1.00 (0)
nan +- -1.00 (0)
nan +- -1.00 (0)
5.1482 +- -1.00 (1)
nan +- -1.00 (0)
0.3329 +- -1.00 (1)
nan +- -1.00 (0)
nan +- -1.00 (0)
nan +- -1.00 (0)
nan +- -1.00 (0)
nan +- -1.00 (0)
nan +- -1.00 (0)
nan +- -1.00 (0)
nan +- -1.00 (0)
nan +- -1.00 (0)
nan +- -1.00 (0)
nan +- -1.00 (0)
nan +- -1.00 (0)
nan +- -1.00 (0)
nan +- -1.00 (0)
nan +- -1.00 (0)
nan +- -1.00 (0)
0.8598 +- -1.00 (1)
nan +- -1.00 (0)
nan +- -1.00 (0)
nan +- -1.00 (0)
nan +- -1.00 (0)
nan +- -1.00 (0)
nan +- -1.00 (0)
nan +- -1.00 (0)
nan +- -1.00 (0)
5.0623 +- -1.00 (1)
5.3398 +- -1.00 (1)
nan +- -1.00 (0)
1.6335 +- -1.00 (1)
nan +- -1.00 (0)
1.5101 +- -1.00 (1)
10.8616 +- -1.00 (1)
nan +- -1.00 (0)
nan +- -1.00 (0)
nan +- -1.00 (0)
2.2312 +- -1.00 (1)
nan +- -1.00 (0)
nan +- -1.00 (0)
nan +- -1.00 (0)
8.4946 +- -1.00 (1)
5.1930 +- -1.00 (1)
nan +- -1.00 (0)
nan +- -1.00 (0)
nan +- -1.00 (0)
nan +- -1.00 (0)
nan +- -1.00 (0)
nan +- -1.00 (0)
nan +- -1.00 (0)
nan +- -1.00 (0)
2.3166 +- -1.00 (1)
nan +- -1.00 (0)
nan +- -1.00 (0)
nan +- -1.00 (0)
nan +- -1.00 (0)
0.2489 +- -1.00 (1)
nan +- -1.00 (0)
0.5571 +- -1.00 (1)
nan +- -1.00 (0)
nan +- -1.00 (0)
nan +- -1.00 (0)
nan +- -1.00 (0)
0.5873 +- -1.00 (1)
nan +- -1.00 (0)
0.6655 +- -1.00 (1)
nan +- -1.00 (0)
7.5208 +- -1.00 (1)
nan +- -1.00 (0)
nan +- -1.00 (0)
nan +- -1.00 (0)
nan +- -1.00 (0)
0.7402 +- -1.00 (1)
nan +- -1.00 (0)
10.3874 +- -1.00 (1)
nan +- -1.00 (0)
1.3292 +- -1.00 (1)
4.3524 +- -1.00 (1)
nan +- -1.00 (0)
nan +- -1.00 (0)
nan +- -1.00 (0)
nan +- -1.00 (0)
nan +- -1.00 (0)
6.3494 +- -1.00 (1)
nan +- -1.00 (0)
nan +- -1.00 (0)
5.1825 +- -1.00 (1)
nan +- -1.00 (0)
1.9812 +- -1.00 (1)
nan +- -1.00 (0)
nan +- -1.00 (0)
nan +- -1.00 (0)
nan +- -1.00 (0)
