-1.0000 
-1.0000 
3.3910 
0.7587 
-1.0000 
-1.0000 
-1.0000 
-1.0000 
1.0485 
-1.0000 
2.1286 
5.2626 
7.1094 
3.5868 
1.9218 
2.5836 
1.6714 
-1.0000 
-1.0000 
5.4369 
6.3905 
-1.0000 
-1.0000 
-1.0000 
5.6031 
-1.0000 
4.4461 
3.9624 
-1.0000 
-1.0000 
-1.0000 
-1.0000 
-1.0000 
2.1009 
-1.5000 
-1.0000 
5.1005 
5.9347 
-1.0000 
10.1022 
-1.0000 
-1.0000 
3.2368 
1.7587 
-1.0000 
0.3952 
-1.0000 
-1.0000 
-1.0000 
4.8664 
-1.0000 
-1.0000 
-1.0000 
-1.0000 
5.6296 
-1.0000 
-1.0000 
8.3864 
9.6777 
4.4920 
9.1720 
-1.0000 
-1.0000 
-1.0000 
-1.0000 
-1.0000 
5.3096 
-1.0000 
11.5445 
0.0000 
-1.0000 
-1.0000 
-1.0000 
-1.0000 
-1.5000 
-1.0000 
-1.0000 
-1.0000 
1.8820 
-1.0000 
-1.0000 
0.2015 
-1.0000 
2.5330 
2.2448 
-1.0000 
-1.0000 
-1.0000 
-1.0000 
-1.0000 
-1.0000 
5.8830 
-1.0000 
-1.0000 
-1.0000 
4.6270 
4.9239 
-1.0000 
-1.0000 
-1.5000 
1.8440 
5.3536 
-1.0000 
9.5559 
4.4421 
2.4771 
11.2296 
-1.0000 
1.3644 
-1.0000 
9.6477 
-1.0000 
-1.0000 
-1.0000 
-1.0000 
-1.0000 
5.3063 
-1.0000 
-1.0000 
8.2389 
-1.0000 
-1.0000 
0.0095 
0.0095 
0.0092 
2.4320 
0.0114 
-1.0000 
-1.0000 
0.0938 
3.3999 
4.8148 
-1.0000 
-1.0000 
-1.0000 
-1.0000 
-1.0000 
-1.0000 
-1.0000 
-1.0000 
-1.0000 
-1.0000 
-1.0000 
-1.0000 
-1.0000 
-1.0000 
-1.0000 
6.9952 
-1.0000 
-1.0000 
-1.0000 
-1.0000 
-1.0000 
9.6109 
-1.0000 
-1.0000 
-1.0000 
-1.0000 
-1.0000 
0.0447 
1.3132 
-1.0000 
-1.0000 
-1.0000 
-1.0000 
0.3040 
-1.0000 
1.7939 
-1.0000 
0.4157 
-1.0000 
8.8559 
-1.0000 
8.1108 
-1.0000 
-1.0000 
6.7177 
-1.0000 
-1.0000 
3.5377 
10.1191 
-1.0000 
-1.5000 
-1.5000 
-1.0000 
-1.0000 
-1.0000 
-1.0000 
8.3758 
-1.0000 
-1.0000 
3.4070 
-1.0000 
-1.0000 
-1.0000 
-1.0000 
-1.0000 
-1.0000 
-1.5000 
3.1171 
2.2986 
-1.0000 
-1.0000 
-1.0000 
-1.0000 
0.6622 
-1.0000 
-1.0000 
-1.0000 
-1.0000 
6.5476 
-1.0000 
1.2857 
-1.0000 
2.1941 
-1.0000 
-1.0000 
-1.0000 
-1.0000 
-1.0000 
-1.0000 
-1.0000 
-1.0000 
-1.0000 
-1.0000 
-1.0000 
5.1482 
-1.5000 
0.3329 
-1.0000 
-1.0000 
-1.0000 
-1.0000 
-1.5000 
-1.0000 
-1.0000 
-1.5000 
-1.0000 
-1.5000 
-1.0000 
-1.0000 
-1.0000 
-1.0000 
-1.0000 
-1.0000 
0.8598 
-1.0000 
-1.0000 
-1.0000 
-1.0000 
-1.0000 
-1.0000 
-1.0000 
-1.0000 
5.0623 
5.3398 
-1.0000 
1.6335 
-1.5000 
1.5101 
10.8616 
-1.0000 
-1.0000 
-1.0000 
2.2312 
-1.0000 
-1.0000 
-1.0000 
8.4946 
5.1930 
-1.0000 
-1.0000 
-1.5000 
-1.0000 
-1.0000 
-1.0000 
-1.0000 
-1.0000 
2.3166 
-1.0000 
-1.0000 
-1.0000 
-1.0000 
0.2489 
-1.0000 
0.5571 
-1.0000 
-1.0000 
-1.0000 
-1.0000 
0.5873 
-1.0000 
0.6655 
-1.0000 
7.5208 
-1.0000 
-1.0000 
-1.0000 
-1.0000 
0.7402 
-1.0000 
10.3874 
-1.0000 
1.3292 
4.3524 
-1.0000 
-1.0000 
-1.0000 
-1.0000 
-1.0000 
6.3494 
-1.0000 
-1.5000 
5.1825 
-1.0000 
1.9812 
-1.0000 
-1.0000 
-1.0000 
-1.5000 
