0.6695 +- -1.00 (1)
0.6683 +- -1.00 (1)
0.5886 +- -1.00 (1)
0.6270 +- -1.00 (1)
0.7041 +- -1.00 (1)
0.6298 +- -1.00 (1)
0.6348 +- -1.00 (1)
0.6177 +- -1.00 (1)
0.6760 +- -1.00 (1)
0.6553 +- -1.00 (1)
0.6232 +- -1.00 (1)
0.6411 +- -1.00 (1)
0.5699 +- -1.00 (1)
0.6225 +- -1.00 (1)
0.6362 +- -1.00 (1)
0.7027 +- -1.00 (1)
0.6083 +- -1.00 (1)
0.6766 +- -1.00 (1)
0.7027 +- -1.00 (1)
0.6125 +- -1.00 (1)
0.7049 +- -1.00 (1)
0.6153 +- -1.00 (1)
0.7083 +- -1.00 (1)
0.6556 +- -1.00 (1)
0.6793 +- -1.00 (1)
0.5935 +- -1.00 (1)
0.6475 +- -1.00 (1)
0.5904 +- -1.00 (1)
0.6566 +- -1.00 (1)
0.6864 +- -1.00 (1)
0.6975 +- -1.00 (1)
0.6416 +- -1.00 (1)
0.6347 +- -1.00 (1)
0.6582 +- -1.00 (1)
0.6393 +- -1.00 (1)
0.6270 +- -1.00 (1)
0.6020 +- -1.00 (1)
0.6524 +- -1.00 (1)
0.6418 +- -1.00 (1)
0.6374 +- -1.00 (1)
0.6820 +- -1.00 (1)
0.7106 +- -1.00 (1)
0.6183 +- -1.00 (1)
0.6683 +- -1.00 (1)
0.6885 +- -1.00 (1)
0.6661 +- -1.00 (1)
0.7166 +- -1.00 (1)
0.6410 +- -1.00 (1)
0.5907 +- -1.00 (1)
0.6513 +- -1.00 (1)
0.6417 +- -1.00 (1)
0.6757 +- -1.00 (1)
0.6438 +- -1.00 (1)
0.5852 +- -1.00 (1)
0.6513 +- -1.00 (1)
0.6658 +- -1.00 (1)
0.6808 +- -1.00 (1)
0.6105 +- -1.00 (1)
0.6476 +- -1.00 (1)
0.6518 +- -1.00 (1)
0.6519 +- -1.00 (1)
0.5813 +- -1.00 (1)
0.6180 +- -1.00 (1)
0.6455 +- -1.00 (1)
0.6865 +- -1.00 (1)
0.6631 +- -1.00 (1)
0.6372 +- -1.00 (1)
0.6826 +- -1.00 (1)
0.6599 +- -1.00 (1)
0.6394 +- -1.00 (1)
0.5988 +- -1.00 (1)
0.5929 +- -1.00 (1)
0.6292 +- -1.00 (1)
0.6197 +- -1.00 (1)
0.6828 +- -1.00 (1)
0.6663 +- -1.00 (1)
0.5783 +- -1.00 (1)
0.7705 +- -1.00 (1)
0.6779 +- -1.00 (1)
0.6343 +- -1.00 (1)
0.7338 +- -1.00 (1)
0.6634 +- -1.00 (1)
0.6720 +- -1.00 (1)
0.6250 +- -1.00 (1)
0.6414 +- -1.00 (1)
0.6384 +- -1.00 (1)
0.6402 +- -1.00 (1)
0.6308 +- -1.00 (1)
0.6935 +- -1.00 (1)
0.7293 +- -1.00 (1)
0.6069 +- -1.00 (1)
0.6426 +- -1.00 (1)
0.6026 +- -1.00 (1)
0.6786 +- -1.00 (1)
0.6395 +- -1.00 (1)
0.6908 +- -1.00 (1)
0.6442 +- -1.00 (1)
0.6618 +- -1.00 (1)
0.6287 +- -1.00 (1)
0.6181 +- -1.00 (1)
0.9440 +- -1.00 (1)
0.9472 +- -1.00 (1)
0.9457 +- -1.00 (1)
0.9487 +- -1.00 (1)
0.9548 +- -1.00 (1)
0.9270 +- -1.00 (1)
0.9571 +- -1.00 (1)
0.9437 +- -1.00 (1)
0.9454 +- -1.00 (1)
0.9384 +- -1.00 (1)
0.9456 +- -1.00 (1)
0.9501 +- -1.00 (1)
0.9346 +- -1.00 (1)
0.9472 +- -1.00 (1)
0.9532 +- -1.00 (1)
0.9466 +- -1.00 (1)
0.9549 +- -1.00 (1)
0.9499 +- -1.00 (1)
0.9466 +- -1.00 (1)
0.9539 +- -1.00 (1)
0.9502 +- -1.00 (1)
0.9433 +- -1.00 (1)
0.9480 +- -1.00 (1)
0.9505 +- -1.00 (1)
0.9431 +- -1.00 (1)
0.9544 +- -1.00 (1)
0.9532 +- -1.00 (1)
0.9486 +- -1.00 (1)
0.9302 +- -1.00 (1)
0.9559 +- -1.00 (1)
0.9186 +- -1.00 (1)
0.9386 +- -1.00 (1)
0.9346 +- -1.00 (1)
0.9440 +- -1.00 (1)
0.9441 +- -1.00 (1)
0.9390 +- -1.00 (1)
0.9330 +- -1.00 (1)
0.9417 +- -1.00 (1)
0.9514 +- -1.00 (1)
0.9505 +- -1.00 (1)
0.9468 +- -1.00 (1)
0.9474 +- -1.00 (1)
0.9507 +- -1.00 (1)
0.9489 +- -1.00 (1)
0.9350 +- -1.00 (1)
0.9380 +- -1.00 (1)
0.9593 +- -1.00 (1)
0.9443 +- -1.00 (1)
0.9348 +- -1.00 (1)
0.9569 +- -1.00 (1)
0.9479 +- -1.00 (1)
0.9462 +- -1.00 (1)
0.9338 +- -1.00 (1)
0.9433 +- -1.00 (1)
0.9378 +- -1.00 (1)
0.9524 +- -1.00 (1)
0.9474 +- -1.00 (1)
0.9484 +- -1.00 (1)
0.9403 +- -1.00 (1)
0.9578 +- -1.00 (1)
0.9380 +- -1.00 (1)
0.9465 +- -1.00 (1)
0.9492 +- -1.00 (1)
0.9501 +- -1.00 (1)
0.9350 +- -1.00 (1)
0.9346 +- -1.00 (1)
0.9360 +- -1.00 (1)
0.9551 +- -1.00 (1)
0.9390 +- -1.00 (1)
0.9524 +- -1.00 (1)
0.9501 +- -1.00 (1)
0.9561 +- -1.00 (1)
0.9578 +- -1.00 (1)
0.9518 +- -1.00 (1)
0.9568 +- -1.00 (1)
0.9467 +- -1.00 (1)
0.9410 +- -1.00 (1)
0.9504 +- -1.00 (1)
0.9395 +- -1.00 (1)
0.9486 +- -1.00 (1)
0.9509 +- -1.00 (1)
0.9426 +- -1.00 (1)
0.9440 +- -1.00 (1)
0.9371 +- -1.00 (1)
0.9502 +- -1.00 (1)
0.9500 +- -1.00 (1)
0.9505 +- -1.00 (1)
0.9461 +- -1.00 (1)
0.9476 +- -1.00 (1)
0.9400 +- -1.00 (1)
0.9401 +- -1.00 (1)
0.9424 +- -1.00 (1)
0.9444 +- -1.00 (1)
0.9364 +- -1.00 (1)
0.9557 +- -1.00 (1)
0.9526 +- -1.00 (1)
0.9457 +- -1.00 (1)
0.9451 +- -1.00 (1)
0.9524 +- -1.00 (1)
0.9434 +- -1.00 (1)
0.8602 +- -1.00 (1)
0.7619 +- -1.00 (1)
0.7341 +- -1.00 (1)
0.8182 +- -1.00 (1)
0.7558 +- -1.00 (1)
0.7744 +- -1.00 (1)
0.7883 +- -1.00 (1)
0.8229 +- -1.00 (1)
0.8992 +- -1.00 (1)
0.7815 +- -1.00 (1)
0.7305 +- -1.00 (1)
0.8526 +- -1.00 (1)
0.8156 +- -1.00 (1)
0.8173 +- -1.00 (1)
0.8033 +- -1.00 (1)
0.8625 +- -1.00 (1)
0.7341 +- -1.00 (1)
0.7592 +- -1.00 (1)
0.8625 +- -1.00 (1)
0.8039 +- -1.00 (1)
0.8341 +- -1.00 (1)
0.8475 +- -1.00 (1)
0.7866 +- -1.00 (1)
0.7984 +- -1.00 (1)
0.8814 +- -1.00 (1)
0.7791 +- -1.00 (1)
0.8234 +- -1.00 (1)
0.8732 +- -1.00 (1)
0.7665 +- -1.00 (1)
0.7866 +- -1.00 (1)
0.8830 +- -1.00 (1)
0.8128 +- -1.00 (1)
0.7684 +- -1.00 (1)
0.8577 +- -1.00 (1)
0.8099 +- -1.00 (1)
0.7648 +- -1.00 (1)
0.7983 +- -1.00 (1)
0.8367 +- -1.00 (1)
0.8567 +- -1.00 (1)
0.7993 +- -1.00 (1)
0.8135 +- -1.00 (1)
0.7742 +- -1.00 (1)
0.8116 +- -1.00 (1)
0.8049 +- -1.00 (1)
0.8223 +- -1.00 (1)
0.7922 +- -1.00 (1)
0.8363 +- -1.00 (1)
0.7863 +- -1.00 (1)
0.8462 +- -1.00 (1)
0.7965 +- -1.00 (1)
0.7958 +- -1.00 (1)
0.8172 +- -1.00 (1)
0.7619 +- -1.00 (1)
0.7599 +- -1.00 (1)
0.8332 +- -1.00 (1)
0.8546 +- -1.00 (1)
0.8629 +- -1.00 (1)
0.9112 +- -1.00 (1)
0.7778 +- -1.00 (1)
0.8231 +- -1.00 (1)
0.7932 +- -1.00 (1)
0.8203 +- -1.00 (1)
0.8266 +- -1.00 (1)
0.7944 +- -1.00 (1)
0.7897 +- -1.00 (1)
0.8222 +- -1.00 (1)
0.7605 +- -1.00 (1)
0.7998 +- -1.00 (1)
0.8564 +- -1.00 (1)
0.8557 +- -1.00 (1)
0.7791 +- -1.00 (1)
0.8017 +- -1.00 (1)
0.8226 +- -1.00 (1)
0.8110 +- -1.00 (1)
0.8197 +- -1.00 (1)
0.7987 +- -1.00 (1)
0.7309 +- -1.00 (1)
0.7772 +- -1.00 (1)
0.8443 +- -1.00 (1)
0.7970 +- -1.00 (1)
0.7805 +- -1.00 (1)
0.8205 +- -1.00 (1)
0.8127 +- -1.00 (1)
0.8241 +- -1.00 (1)
0.8804 +- -1.00 (1)
0.7942 +- -1.00 (1)
0.8336 +- -1.00 (1)
0.8030 +- -1.00 (1)
0.7920 +- -1.00 (1)
0.7796 +- -1.00 (1)
0.7447 +- -1.00 (1)
0.8068 +- -1.00 (1)
0.8098 +- -1.00 (1)
0.7279 +- -1.00 (1)
0.7988 +- -1.00 (1)
0.8387 +- -1.00 (1)
0.7155 +- -1.00 (1)
0.8268 +- -1.00 (1)
0.8170 +- -1.00 (1)
0.7773 +- -1.00 (1)
0.6272 +- -1.00 (1)
0.6424 +- -1.00 (1)
0.6444 +- -1.00 (1)
0.7238 +- -1.00 (1)
0.6168 +- -1.00 (1)
0.7079 +- -1.00 (1)
0.6852 +- -1.00 (1)
0.6988 +- -1.00 (1)
0.6786 +- -1.00 (1)
0.6967 +- -1.00 (1)
0.7661 +- -1.00 (1)
0.6714 +- -1.00 (1)
0.7206 +- -1.00 (1)
0.7180 +- -1.00 (1)
0.6710 +- -1.00 (1)
0.6490 +- -1.00 (1)
0.6903 +- -1.00 (1)
0.7433 +- -1.00 (1)
0.6490 +- -1.00 (1)
0.6693 +- -1.00 (1)
0.6838 +- -1.00 (1)
0.7447 +- -1.00 (1)
0.7128 +- -1.00 (1)
0.6591 +- -1.00 (1)
0.7311 +- -1.00 (1)
0.6608 +- -1.00 (1)
0.7411 +- -1.00 (1)
0.7945 +- -1.00 (1)
0.6832 +- -1.00 (1)
0.6323 +- -1.00 (1)
0.7376 +- -1.00 (1)
0.7327 +- -1.00 (1)
0.6150 +- -1.00 (1)
0.7180 +- -1.00 (1)
0.6060 +- -1.00 (1)
0.6599 +- -1.00 (1)
0.6749 +- -1.00 (1)
0.6594 +- -1.00 (1)
0.6964 +- -1.00 (1)
0.6700 +- -1.00 (1)
0.7043 +- -1.00 (1)
0.6546 +- -1.00 (1)
0.6674 +- -1.00 (1)
0.6333 +- -1.00 (1)
0.6979 +- -1.00 (1)
0.6544 +- -1.00 (1)
0.6646 +- -1.00 (1)
0.7852 +- -1.00 (1)
0.6760 +- -1.00 (1)
0.7157 +- -1.00 (1)
0.7129 +- -1.00 (1)
0.6494 +- -1.00 (1)
0.7220 +- -1.00 (1)
0.6323 +- -1.00 (1)
0.6192 +- -1.00 (1)
0.5931 +- -1.00 (1)
0.7346 +- -1.00 (1)
0.7076 +- -1.00 (1)
0.7433 +- -1.00 (1)
0.7180 +- -1.00 (1)
0.6403 +- -1.00 (1)
0.6232 +- -1.00 (1)
0.6678 +- -1.00 (1)
0.7128 +- -1.00 (1)
0.6541 +- -1.00 (1)
0.6950 +- -1.00 (1)
0.5602 +- -1.00 (1)
0.7064 +- -1.00 (1)
0.7096 +- -1.00 (1)
0.6985 +- -1.00 (1)
0.7173 +- -1.00 (1)
0.6715 +- -1.00 (1)
0.6728 +- -1.00 (1)
0.6347 +- -1.00 (1)
0.7086 +- -1.00 (1)
0.6432 +- -1.00 (1)
0.6932 +- -1.00 (1)
0.6576 +- -1.00 (1)
0.7221 +- -1.00 (1)
0.7292 +- -1.00 (1)
0.6891 +- -1.00 (1)
0.6509 +- -1.00 (1)
0.6792 +- -1.00 (1)
0.7147 +- -1.00 (1)
0.6779 +- -1.00 (1)
0.6510 +- -1.00 (1)
0.7221 +- -1.00 (1)
0.6798 +- -1.00 (1)
0.6579 +- -1.00 (1)
0.6551 +- -1.00 (1)
0.6231 +- -1.00 (1)
0.6856 +- -1.00 (1)
0.6607 +- -1.00 (1)
0.6659 +- -1.00 (1)
0.6583 +- -1.00 (1)
0.7509 +- -1.00 (1)
0.6540 +- -1.00 (1)
0.6871 +- -1.00 (1)
0.7205 +- -1.00 (1)
0.6284 +- -1.00 (1)
0.9226 +- -1.00 (1)
0.9447 +- -1.00 (1)
0.9306 +- -1.00 (1)
0.9237 +- -1.00 (1)
0.9367 +- -1.00 (1)
0.9210 +- -1.00 (1)
0.9142 +- -1.00 (1)
0.9128 +- -1.00 (1)
0.9175 +- -1.00 (1)
0.9312 +- -1.00 (1)
0.9213 +- -1.00 (1)
0.9265 +- -1.00 (1)
0.9393 +- -1.00 (1)
0.9481 +- -1.00 (1)
0.9162 +- -1.00 (1)
0.9363 +- -1.00 (1)
0.9146 +- -1.00 (1)
0.9360 +- -1.00 (1)
0.9363 +- -1.00 (1)
0.9309 +- -1.00 (1)
0.9175 +- -1.00 (1)
0.9198 +- -1.00 (1)
0.9118 +- -1.00 (1)
0.9411 +- -1.00 (1)
0.9344 +- -1.00 (1)
0.9286 +- -1.00 (1)
0.9312 +- -1.00 (1)
0.9459 +- -1.00 (1)
0.9221 +- -1.00 (1)
0.9340 +- -1.00 (1)
0.9358 +- -1.00 (1)
0.9226 +- -1.00 (1)
0.9010 +- -1.00 (1)
0.9482 +- -1.00 (1)
0.9213 +- -1.00 (1)
0.9355 +- -1.00 (1)
0.9293 +- -1.00 (1)
0.9388 +- -1.00 (1)
0.9396 +- -1.00 (1)
0.9378 +- -1.00 (1)
0.9144 +- -1.00 (1)
0.9222 +- -1.00 (1)
0.9164 +- -1.00 (1)
0.9329 +- -1.00 (1)
0.9357 +- -1.00 (1)
0.8936 +- -1.00 (1)
0.9277 +- -1.00 (1)
0.9179 +- -1.00 (1)
0.9112 +- -1.00 (1)
0.9140 +- -1.00 (1)
0.9430 +- -1.00 (1)
0.9309 +- -1.00 (1)
0.9299 +- -1.00 (1)
0.9299 +- -1.00 (1)
0.9186 +- -1.00 (1)
0.9159 +- -1.00 (1)
0.9315 +- -1.00 (1)
0.9341 +- -1.00 (1)
0.9156 +- -1.00 (1)
0.9299 +- -1.00 (1)
0.9315 +- -1.00 (1)
0.9414 +- -1.00 (1)
0.9315 +- -1.00 (1)
0.9231 +- -1.00 (1)
0.9309 +- -1.00 (1)
0.9336 +- -1.00 (1)
0.9155 +- -1.00 (1)
0.9031 +- -1.00 (1)
0.9011 +- -1.00 (1)
0.9354 +- -1.00 (1)
0.9342 +- -1.00 (1)
0.9366 +- -1.00 (1)
0.9230 +- -1.00 (1)
0.9040 +- -1.00 (1)
0.9358 +- -1.00 (1)
0.9337 +- -1.00 (1)
0.9104 +- -1.00 (1)
0.9308 +- -1.00 (1)
0.9157 +- -1.00 (1)
0.9309 +- -1.00 (1)
0.9321 +- -1.00 (1)
0.9190 +- -1.00 (1)
0.9359 +- -1.00 (1)
0.9353 +- -1.00 (1)
0.9292 +- -1.00 (1)
0.9255 +- -1.00 (1)
0.9266 +- -1.00 (1)
0.9320 +- -1.00 (1)
0.9068 +- -1.00 (1)
0.9283 +- -1.00 (1)
0.9342 +- -1.00 (1)
0.9284 +- -1.00 (1)
0.9369 +- -1.00 (1)
0.9216 +- -1.00 (1)
0.9174 +- -1.00 (1)
0.9494 +- -1.00 (1)
0.9295 +- -1.00 (1)
0.9317 +- -1.00 (1)
0.9431 +- -1.00 (1)
0.9198 +- -1.00 (1)
0.8547 +- -1.00 (1)
0.9189 +- -1.00 (1)
0.9321 +- -1.00 (1)
0.9339 +- -1.00 (1)
0.9359 +- -1.00 (1)
0.9432 +- -1.00 (1)
0.9301 +- -1.00 (1)
0.9253 +- -1.00 (1)
0.9367 +- -1.00 (1)
0.9288 +- -1.00 (1)
0.9386 +- -1.00 (1)
0.9323 +- -1.00 (1)
0.9210 +- -1.00 (1)
0.9241 +- -1.00 (1)
0.9200 +- -1.00 (1)
0.9327 +- -1.00 (1)
0.9344 +- -1.00 (1)
0.9285 +- -1.00 (1)
0.9327 +- -1.00 (1)
0.9193 +- -1.00 (1)
0.9320 +- -1.00 (1)
0.9327 +- -1.00 (1)
0.9126 +- -1.00 (1)
0.9263 +- -1.00 (1)
0.9315 +- -1.00 (1)
0.9275 +- -1.00 (1)
0.9388 +- -1.00 (1)
0.9376 +- -1.00 (1)
0.9361 +- -1.00 (1)
0.9354 +- -1.00 (1)
0.9247 +- -1.00 (1)
0.9357 +- -1.00 (1)
0.9346 +- -1.00 (1)
0.9286 +- -1.00 (1)
0.9404 +- -1.00 (1)
0.9306 +- -1.00 (1)
0.9410 +- -1.00 (1)
0.9172 +- -1.00 (1)
0.9385 +- -1.00 (1)
0.9271 +- -1.00 (1)
0.9303 +- -1.00 (1)
0.9264 +- -1.00 (1)
0.9119 +- -1.00 (1)
0.9297 +- -1.00 (1)
0.9396 +- -1.00 (1)
0.9364 +- -1.00 (1)
0.9374 +- -1.00 (1)
0.9403 +- -1.00 (1)
0.9041 +- -1.00 (1)
0.9211 +- -1.00 (1)
0.9378 +- -1.00 (1)
0.9180 +- -1.00 (1)
0.9419 +- -1.00 (1)
0.9342 +- -1.00 (1)
0.9283 +- -1.00 (1)
0.9430 +- -1.00 (1)
0.9386 +- -1.00 (1)
0.9498 +- -1.00 (1)
0.9219 +- -1.00 (1)
0.9312 +- -1.00 (1)
0.9402 +- -1.00 (1)
0.9315 +- -1.00 (1)
0.9240 +- -1.00 (1)
0.9450 +- -1.00 (1)
0.9139 +- -1.00 (1)
0.9130 +- -1.00 (1)
0.9429 +- -1.00 (1)
0.9372 +- -1.00 (1)
0.9280 +- -1.00 (1)
0.9164 +- -1.00 (1)
0.9389 +- -1.00 (1)
0.9437 +- -1.00 (1)
0.9238 +- -1.00 (1)
0.8989 +- -1.00 (1)
0.9281 +- -1.00 (1)
0.9255 +- -1.00 (1)
0.9271 +- -1.00 (1)
0.9409 +- -1.00 (1)
0.9278 +- -1.00 (1)
0.9088 +- -1.00 (1)
0.9277 +- -1.00 (1)
0.9254 +- -1.00 (1)
0.9315 +- -1.00 (1)
0.9386 +- -1.00 (1)
0.9321 +- -1.00 (1)
0.9266 +- -1.00 (1)
0.9372 +- -1.00 (1)
0.9341 +- -1.00 (1)
0.9323 +- -1.00 (1)
0.9329 +- -1.00 (1)
0.9379 +- -1.00 (1)
0.9289 +- -1.00 (1)
0.9379 +- -1.00 (1)
0.9433 +- -1.00 (1)
0.9392 +- -1.00 (1)
0.9314 +- -1.00 (1)
0.9375 +- -1.00 (1)
0.9297 +- -1.00 (1)
0.9343 +- -1.00 (1)
0.9390 +- -1.00 (1)
0.7607 +- -1.00 (1)
0.7603 +- -1.00 (1)
0.7418 +- -1.00 (1)
0.7187 +- -1.00 (1)
0.7574 +- -1.00 (1)
0.7176 +- -1.00 (1)
0.7560 +- -1.00 (1)
0.7367 +- -1.00 (1)
0.7761 +- -1.00 (1)
0.7432 +- -1.00 (1)
0.6861 +- -1.00 (1)
0.6927 +- -1.00 (1)
0.7198 +- -1.00 (1)
0.7697 +- -1.00 (1)
0.7356 +- -1.00 (1)
0.7329 +- -1.00 (1)
0.7570 +- -1.00 (1)
0.7352 +- -1.00 (1)
0.7329 +- -1.00 (1)
0.7296 +- -1.00 (1)
0.7140 +- -1.00 (1)
0.7704 +- -1.00 (1)
0.7925 +- -1.00 (1)
0.7149 +- -1.00 (1)
0.7681 +- -1.00 (1)
0.6963 +- -1.00 (1)
0.6813 +- -1.00 (1)
0.8000 +- -1.00 (1)
0.7285 +- -1.00 (1)
0.7575 +- -1.00 (1)
0.7937 +- -1.00 (1)
0.6861 +- -1.00 (1)
0.7868 +- -1.00 (1)
0.7251 +- -1.00 (1)
0.6927 +- -1.00 (1)
0.7151 +- -1.00 (1)
0.7677 +- -1.00 (1)
0.7110 +- -1.00 (1)
0.7602 +- -1.00 (1)
0.7134 +- -1.00 (1)
0.7462 +- -1.00 (1)
0.7117 +- -1.00 (1)
0.7308 +- -1.00 (1)
0.7522 +- -1.00 (1)
0.8148 +- -1.00 (1)
0.7138 +- -1.00 (1)
0.7336 +- -1.00 (1)
0.6916 +- -1.00 (1)
0.7252 +- -1.00 (1)
0.7469 +- -1.00 (1)
0.7266 +- -1.00 (1)
0.7836 +- -1.00 (1)
0.7360 +- -1.00 (1)
0.7083 +- -1.00 (1)
0.7280 +- -1.00 (1)
0.7280 +- -1.00 (1)
0.7430 +- -1.00 (1)
0.6967 +- -1.00 (1)
0.7412 +- -1.00 (1)
0.6397 +- -1.00 (1)
0.7308 +- -1.00 (1)
0.6716 +- -1.00 (1)
0.7371 +- -1.00 (1)
0.6818 +- -1.00 (1)
0.6861 +- -1.00 (1)
0.7176 +- -1.00 (1)
0.7349 +- -1.00 (1)
0.7488 +- -1.00 (1)
0.6862 +- -1.00 (1)
0.7466 +- -1.00 (1)
0.7650 +- -1.00 (1)
0.6748 +- -1.00 (1)
0.6565 +- -1.00 (1)
0.6983 +- -1.00 (1)
0.7137 +- -1.00 (1)
0.6620 +- -1.00 (1)
0.7277 +- -1.00 (1)
0.7675 +- -1.00 (1)
0.7182 +- -1.00 (1)
0.7585 +- -1.00 (1)
0.8162 +- -1.00 (1)
0.7282 +- -1.00 (1)
0.7157 +- -1.00 (1)
0.7645 +- -1.00 (1)
0.7520 +- -1.00 (1)
0.7480 +- -1.00 (1)
0.6869 +- -1.00 (1)
0.7537 +- -1.00 (1)
0.6828 +- -1.00 (1)
0.7377 +- -1.00 (1)
0.7823 +- -1.00 (1)
0.6801 +- -1.00 (1)
0.7327 +- -1.00 (1)
0.6913 +- -1.00 (1)
0.7225 +- -1.00 (1)
0.7014 +- -1.00 (1)
0.7691 +- -1.00 (1)
0.6484 +- -1.00 (1)
0.8041 +- -1.00 (1)
0.6939 +- -1.00 (1)
0.8055 +- -1.00 (1)
0.9327 +- -1.00 (1)
0.7839 +- -1.00 (1)
0.7952 +- -1.00 (1)
0.8164 +- -1.00 (1)
0.7643 +- -1.00 (1)
0.8268 +- -1.00 (1)
0.7998 +- -1.00 (1)
0.8374 +- -1.00 (1)
0.7209 +- -1.00 (1)
0.8685 +- -1.00 (1)
0.8305 +- -1.00 (1)
0.7905 +- -1.00 (1)
0.7958 +- -1.00 (1)
0.7673 +- -1.00 (1)
0.9593 +- -1.00 (1)
0.7382 +- -1.00 (1)
0.9251 +- -1.00 (1)
0.9593 +- -1.00 (1)
0.9090 +- -1.00 (1)
0.8546 +- -1.00 (1)
0.8424 +- -1.00 (1)
0.9549 +- -1.00 (1)
0.7855 +- -1.00 (1)
0.7758 +- -1.00 (1)
0.6789 +- -1.00 (1)
0.7078 +- -1.00 (1)
0.7534 +- -1.00 (1)
0.7407 +- -1.00 (1)
0.9295 +- -1.00 (1)
0.8213 +- -1.00 (1)
0.9480 +- -1.00 (1)
0.9279 +- -1.00 (1)
0.8275 +- -1.00 (1)
0.7671 +- -1.00 (1)
0.8779 +- -1.00 (1)
0.7656 +- -1.00 (1)
0.9071 +- -1.00 (1)
0.7894 +- -1.00 (1)
0.8224 +- -1.00 (1)
0.9092 +- -1.00 (1)
0.8143 +- -1.00 (1)
0.8012 +- -1.00 (1)
0.9409 +- -1.00 (1)
0.9511 +- -1.00 (1)
0.9047 +- -1.00 (1)
0.8135 +- -1.00 (1)
0.7588 +- -1.00 (1)
0.8151 +- -1.00 (1)
0.8773 +- -1.00 (1)
0.8445 +- -1.00 (1)
0.8156 +- -1.00 (1)
0.8396 +- -1.00 (1)
0.7437 +- -1.00 (1)
0.8251 +- -1.00 (1)
0.8040 +- -1.00 (1)
0.9265 +- -1.00 (1)
0.9162 +- -1.00 (1)
0.7694 +- -1.00 (1)
0.8822 +- -1.00 (1)
0.8950 +- -1.00 (1)
0.9560 +- -1.00 (1)
0.7819 +- -1.00 (1)
0.7655 +- -1.00 (1)
0.8006 +- -1.00 (1)
0.9269 +- -1.00 (1)
0.8113 +- -1.00 (1)
0.8202 +- -1.00 (1)
0.7807 +- -1.00 (1)
0.7663 +- -1.00 (1)
0.7377 +- -1.00 (1)
0.7905 +- -1.00 (1)
0.8451 +- -1.00 (1)
0.7828 +- -1.00 (1)
0.9224 +- -1.00 (1)
0.9212 +- -1.00 (1)
0.8185 +- -1.00 (1)
0.7909 +- -1.00 (1)
0.7834 +- -1.00 (1)
0.7967 +- -1.00 (1)
0.8903 +- -1.00 (1)
0.8099 +- -1.00 (1)
0.7990 +- -1.00 (1)
0.8843 +- -1.00 (1)
0.7307 +- -1.00 (1)
0.9441 +- -1.00 (1)
0.9479 +- -1.00 (1)
0.8989 +- -1.00 (1)
0.8757 +- -1.00 (1)
0.9182 +- -1.00 (1)
0.9168 +- -1.00 (1)
0.7843 +- -1.00 (1)
0.9197 +- -1.00 (1)
0.9411 +- -1.00 (1)
0.8713 +- -1.00 (1)
0.9283 +- -1.00 (1)
0.7129 +- -1.00 (1)
0.9348 +- -1.00 (1)
0.8341 +- -1.00 (1)
0.9122 +- -1.00 (1)
0.8059 +- -1.00 (1)
0.7989 +- -1.00 (1)
0.8331 +- -1.00 (1)
0.8381 +- -1.00 (1)
0.7304 +- -1.00 (1)
0.8429 +- -1.00 (1)
0.8280 +- -1.00 (1)
0.7544 +- -1.00 (1)
0.8341 +- -1.00 (1)
0.8635 +- -1.00 (1)
0.7792 +- -1.00 (1)
0.8062 +- -1.00 (1)
0.8240 +- -1.00 (1)
0.8221 +- -1.00 (1)
0.8182 +- -1.00 (1)
0.8041 +- -1.00 (1)
0.8801 +- -1.00 (1)
0.7757 +- -1.00 (1)
0.9147 +- -1.00 (1)
0.8631 +- -1.00 (1)
0.9398 +- -1.00 (1)
0.8878 +- -1.00 (1)
0.8604 +- -1.00 (1)
0.8723 +- -1.00 (1)
0.8235 +- -1.00 (1)
0.8803 +- -1.00 (1)
0.8041 +- -1.00 (1)
0.7571 +- -1.00 (1)
0.8007 +- -1.00 (1)
0.8571 +- -1.00 (1)
0.8214 +- -1.00 (1)
0.8764 +- -1.00 (1)
0.9029 +- -1.00 (1)
0.7782 +- -1.00 (1)
0.9252 +- -1.00 (1)
0.8564 +- -1.00 (1)
0.8258 +- -1.00 (1)
0.7516 +- -1.00 (1)
0.8833 +- -1.00 (1)
0.8000 +- -1.00 (1)
0.8648 +- -1.00 (1)
0.8622 +- -1.00 (1)
0.8094 +- -1.00 (1)
0.8316 +- -1.00 (1)
0.7474 +- -1.00 (1)
0.8028 +- -1.00 (1)
0.9560 +- -1.00 (1)
0.8081 +- -1.00 (1)
0.7148 +- -1.00 (1)
0.9414 +- -1.00 (1)
0.6969 +- -1.00 (1)
0.8801 +- -1.00 (1)
0.7999 +- -1.00 (1)
0.7769 +- -1.00 (1)
0.8383 +- -1.00 (1)
0.8433 +- -1.00 (1)
0.8137 +- -1.00 (1)
0.9429 +- -1.00 (1)
0.9269 +- -1.00 (1)
0.7609 +- -1.00 (1)
0.8566 +- -1.00 (1)
0.8311 +- -1.00 (1)
0.8126 +- -1.00 (1)
0.8154 +- -1.00 (1)
0.9550 +- -1.00 (1)
0.8521 +- -1.00 (1)
0.7812 +- -1.00 (1)
0.8018 +- -1.00 (1)
0.7970 +- -1.00 (1)
0.8617 +- -1.00 (1)
0.7918 +- -1.00 (1)
0.8478 +- -1.00 (1)
0.8487 +- -1.00 (1)
0.6957 +- -1.00 (1)
0.9358 +- -1.00 (1)
0.8653 +- -1.00 (1)
0.8198 +- -1.00 (1)
0.9025 +- -1.00 (1)
0.8297 +- -1.00 (1)
0.7540 +- -1.00 (1)
0.9470 +- -1.00 (1)
0.8957 +- -1.00 (1)
0.9419 +- -1.00 (1)
0.8250 +- -1.00 (1)
0.8078 +- -1.00 (1)
0.8802 +- -1.00 (1)
0.7658 +- -1.00 (1)
0.6557 +- -1.00 (1)
0.8328 +- -1.00 (1)
0.7276 +- -1.00 (1)
0.8093 +- -1.00 (1)
0.6953 +- -1.00 (1)
0.8884 +- -1.00 (1)
0.8452 +- -1.00 (1)
0.7916 +- -1.00 (1)
0.9347 +- -1.00 (1)
0.8990 +- -1.00 (1)
0.9437 +- -1.00 (1)
0.8144 +- -1.00 (1)
0.7836 +- -1.00 (1)
0.9483 +- -1.00 (1)
0.8966 +- -1.00 (1)
0.8843 +- -1.00 (1)
0.9302 +- -1.00 (1)
0.9263 +- -1.00 (1)
0.9348 +- -1.00 (1)
0.8699 +- -1.00 (1)
0.8806 +- -1.00 (1)
0.8758 +- -1.00 (1)
0.9307 +- -1.00 (1)
0.8482 +- -1.00 (1)
0.8011 +- -1.00 (1)
0.9119 +- -1.00 (1)
0.8412 +- -1.00 (1)
0.9027 +- -1.00 (1)
0.9330 +- -1.00 (1)
0.9330 +- -1.00 (1)
0.8935 +- -1.00 (1)
0.7652 +- -1.00 (1)
0.8666 +- -1.00 (1)
0.8757 +- -1.00 (1)
0.8800 +- -1.00 (1)
0.8040 +- -1.00 (1)
0.9221 +- -1.00 (1)
0.9186 +- -1.00 (1)
0.8863 +- -1.00 (1)
0.9409 +- -1.00 (1)
0.9142 +- -1.00 (1)
0.8671 +- -1.00 (1)
0.9225 +- -1.00 (1)
0.9508 +- -1.00 (1)
0.8618 +- -1.00 (1)
0.8969 +- -1.00 (1)
0.9052 +- -1.00 (1)
0.7834 +- -1.00 (1)
0.9028 +- -1.00 (1)
0.9224 +- -1.00 (1)
0.9349 +- -1.00 (1)
0.8769 +- -1.00 (1)
0.9236 +- -1.00 (1)
0.7669 +- -1.00 (1)
0.9366 +- -1.00 (1)
0.9401 +- -1.00 (1)
0.8009 +- -1.00 (1)
0.9437 +- -1.00 (1)
0.9420 +- -1.00 (1)
0.9475 +- -1.00 (1)
0.9470 +- -1.00 (1)
0.8792 +- -1.00 (1)
0.8979 +- -1.00 (1)
0.9354 +- -1.00 (1)
0.8214 +- -1.00 (1)
0.8243 +- -1.00 (1)
0.9429 +- -1.00 (1)
0.9379 +- -1.00 (1)
0.9476 +- -1.00 (1)
0.8518 +- -1.00 (1)
0.9015 +- -1.00 (1)
0.9490 +- -1.00 (1)
0.8156 +- -1.00 (1)
0.9196 +- -1.00 (1)
0.9295 +- -1.00 (1)
0.8784 +- -1.00 (1)
0.9278 +- -1.00 (1)
0.9347 +- -1.00 (1)
0.9472 +- -1.00 (1)
0.8808 +- -1.00 (1)
0.9263 +- -1.00 (1)
0.9266 +- -1.00 (1)
0.9256 +- -1.00 (1)
0.9083 +- -1.00 (1)
0.9301 +- -1.00 (1)
0.9348 +- -1.00 (1)
0.8504 +- -1.00 (1)
0.8941 +- -1.00 (1)
0.7971 +- -1.00 (1)
0.9286 +- -1.00 (1)
0.9362 +- -1.00 (1)
0.9313 +- -1.00 (1)
0.8638 +- -1.00 (1)
0.9085 +- -1.00 (1)
0.8906 +- -1.00 (1)
0.8320 +- -1.00 (1)
0.8552 +- -1.00 (1)
0.9250 +- -1.00 (1)
0.8705 +- -1.00 (1)
0.8024 +- -1.00 (1)
0.9211 +- -1.00 (1)
0.9330 +- -1.00 (1)
0.8443 +- -1.00 (1)
0.9363 +- -1.00 (1)
0.9167 +- -1.00 (1)
0.8872 +- -1.00 (1)
0.8394 +- -1.00 (1)
0.9281 +- -1.00 (1)
0.9160 +- -1.00 (1)
0.9458 +- -1.00 (1)
0.9080 +- -1.00 (1)
0.8379 +- -1.00 (1)
0.8680 +- -1.00 (1)
0.9490 +- -1.00 (1)
0.9349 +- -1.00 (1)
0.9523 +- -1.00 (1)
0.9379 +- -1.00 (1)
0.9322 +- -1.00 (1)
0.9480 +- -1.00 (1)
0.9408 +- -1.00 (1)
0.9378 +- -1.00 (1)
0.9329 +- -1.00 (1)
0.9412 +- -1.00 (1)
0.9400 +- -1.00 (1)
0.9292 +- -1.00 (1)
0.9577 +- -1.00 (1)
0.9373 +- -1.00 (1)
0.9291 +- -1.00 (1)
0.9446 +- -1.00 (1)
0.9468 +- -1.00 (1)
0.9473 +- -1.00 (1)
0.9446 +- -1.00 (1)
0.9414 +- -1.00 (1)
0.9235 +- -1.00 (1)
0.9548 +- -1.00 (1)
0.9551 +- -1.00 (1)
0.9416 +- -1.00 (1)
0.9418 +- -1.00 (1)
0.9402 +- -1.00 (1)
0.9389 +- -1.00 (1)
0.9361 +- -1.00 (1)
0.9414 +- -1.00 (1)
0.9337 +- -1.00 (1)
0.9503 +- -1.00 (1)
0.9385 +- -1.00 (1)
0.9435 +- -1.00 (1)
0.9378 +- -1.00 (1)
0.9308 +- -1.00 (1)
0.9460 +- -1.00 (1)
0.9577 +- -1.00 (1)
0.9467 +- -1.00 (1)
0.9429 +- -1.00 (1)
0.9476 +- -1.00 (1)
0.9412 +- -1.00 (1)
0.9289 +- -1.00 (1)
0.9587 +- -1.00 (1)
0.9397 +- -1.00 (1)
0.9358 +- -1.00 (1)
0.9400 +- -1.00 (1)
0.9357 +- -1.00 (1)
0.9280 +- -1.00 (1)
0.9369 +- -1.00 (1)
0.9395 +- -1.00 (1)
0.9283 +- -1.00 (1)
0.9326 +- -1.00 (1)
0.9335 +- -1.00 (1)
0.9470 +- -1.00 (1)
0.9377 +- -1.00 (1)
0.9430 +- -1.00 (1)
0.9527 +- -1.00 (1)
0.9241 +- -1.00 (1)
0.9171 +- -1.00 (1)
0.9117 +- -1.00 (1)
0.9328 +- -1.00 (1)
0.9277 +- -1.00 (1)
0.9259 +- -1.00 (1)
0.8917 +- -1.00 (1)
0.9335 +- -1.00 (1)
0.9527 +- -1.00 (1)
0.9468 +- -1.00 (1)
0.9390 +- -1.00 (1)
0.9419 +- -1.00 (1)
0.9265 +- -1.00 (1)
0.9324 +- -1.00 (1)
0.9329 +- -1.00 (1)
0.9358 +- -1.00 (1)
0.9471 +- -1.00 (1)
0.9327 +- -1.00 (1)
0.9414 +- -1.00 (1)
0.9429 +- -1.00 (1)
0.9428 +- -1.00 (1)
0.9498 +- -1.00 (1)
0.9371 +- -1.00 (1)
0.9438 +- -1.00 (1)
0.9449 +- -1.00 (1)
0.9388 +- -1.00 (1)
0.9334 +- -1.00 (1)
0.9452 +- -1.00 (1)
0.9575 +- -1.00 (1)
0.8691 +- -1.00 (1)
0.9435 +- -1.00 (1)
0.9321 +- -1.00 (1)
0.9396 +- -1.00 (1)
0.9553 +- -1.00 (1)
0.9323 +- -1.00 (1)
0.9429 +- -1.00 (1)
0.9282 +- -1.00 (1)
0.9405 +- -1.00 (1)
0.9171 +- -1.00 (1)
0.9373 +- -1.00 (1)
0.9285 +- -1.00 (1)
0.9490 +- -1.00 (1)
0.9304 +- -1.00 (1)
