0.6695 0.3008 0.2012 2
0.6683 0.3233 0.2149 6
0.5865 0.2761 0.1601 5
0.6252 0.3281 0.2046 6
0.7041 0.2786 0.1961 3
0.6298 0.259 0.1627 5
0.633 0.3 0.1893 4
0.6177 0.3053 0.1874 9
0.676 0.2958 0.1994 6
0.6567 0.2847 0.1863 6
0.6221 0.3053 0.1897 5
0.6241 0.3243 0.2024 2
0.5691 0.2808 0.1591 7
0.6225 0.2857 0.1775 4
0.6362 0.3047 0.1935 3
0.7027 0.3333 0.2336 5
0.6076 0.2868 0.174 3
0.6766 0.3197 0.2157 3
0.7027 0.3333 0.2336 5
0.6125 0.3 0.1829 5
0.7049 0.3507 0.2471 4
0.6153 0.2826 0.1733 5
0.7083 0.3101 0.2193 3
0.6556 0.3309 0.2169 1
0.6793 0.2815 0.1897 6
0.5935 0.2756 0.1619 10
0.6475 0.3125 0.2023 2
0.5904 0.3203 0.1865 10
0.6644 0.3237 0.2132 5
0.6864 0.3543 0.2432 2
0.7002 0.3603 0.2518 4
0.6341 0.2683 0.1672 10
0.6366 0.2899 0.1839 3
0.6325 0.2866 0.1807 7
0.6393 0.3379 0.2156 6
0.6274 0.2977 0.186 5
0.5956 0.2985 0.1769 7
0.6542 0.3182 0.2076 6
0.6433 0.2937 0.1889 1
0.6381 0.3106 0.1982 2
0.681 0.3284 0.2234 4
0.7009 0.3284 0.2302 1
0.6183 0.3015 0.1862 3
0.6653 0.291 0.1925 7
0.6885 0.3033 0.2076 5
0.6661 0.2984 0.1987 2
0.7154 0.3333 0.2383 3
0.6252 0.3228 0.2009 6
0.59 0.3065 0.1808 3
0.6513 0.3083 0.2008 3
0.6389 0.3007 0.1917 3
0.6812 0.3358 0.2276 5
0.6503 0.2886 0.1876 2
0.5861 0.2391 0.1399 6
0.6641 0.3431 0.2277 3
0.6597 0.3262 0.2147 3
0.6804 0.3507 0.2386 3
0.6105 0.2789 0.1701 4
0.6573 0.3106 0.2018 7
0.6543 0.3237 0.2112 5
0.6519 0.3228 0.2104 2
0.5813 0.2786 0.1614 5
0.6162 0.2671 0.1642 4
0.6452 0.2835 0.1826 4
0.6731 0.3014 0.2027 4
0.6631 0.3008 0.198 8
0.6372 0.3358 0.214 2
0.6826 0.3468 0.2363 4
0.6658 0.3308 0.2193 6
0.6426 0.2903 0.1861 6
0.5988 0.2826 0.1692 1
0.5978 0.2803 0.1632 6
0.6288 0.3203 0.2014 3
0.6197 0.3094 0.1911 5
0.6832 0.2963 0.2023 2
0.6663 0.3023 0.1993 7
0.5805 0.2797 0.1619 5
0.7546 0.3603 0.2716 6
0.6779 0.3053 0.2057 6
0.6343 0.2887 0.1822 5
0.7375 0.3358 0.2476 3
0.6634 0.377 0.2483 8
0.652 0.3438 0.2235 6
0.6249 0.3359 0.2099 2
0.6417 0.2759 0.1767 6
0.6435 0.3333 0.2143 3
0.6423 0.2847 0.1825 2
0.6308 0.3158 0.1991 4
0.6935 0.3548 0.2458 5
0.7333 0.3438 0.2521 1
0.6024 0.2782 0.1671 8
0.6426 0.3542 0.2276 4
0.6035 0.2977 0.1794 5
0.6786 0.2887 0.1959 2
0.6401 0.3143 0.2012 2
0.6908 0.3488 0.2399 5
0.6431 0.2657 0.1686 9
0.6425 0.3284 0.211 2
0.6277 0.3259 0.2042 6
0.6181 0.2676 0.1645 6
0.9441 0.5354 0.5046 5
0.9475 0.5565 0.5265 7
0.9516 0.547 0.5195 6
0.9487 0.5726 0.5423 7
0.9549 0.5736 0.5471 7
0.924 0.5463 0.5044 5
0.9575 0.5738 0.5492 4
0.9437 0.5546 0.5224 5
0.9451 0.562 0.5307 5
0.9446 0.5455 0.5147 4
0.9457 0.5714 0.5398 6
0.9501 0.5468 0.5189 4
0.9346 0.5547 0.5181 7
0.9448 0.5339 0.5038 5
0.9532 0.5862 0.5571 10
0.9466 0.5556 0.5255 6
0.9552 0.5692 0.5427 7
0.9499 0.5515 0.5232 7
0.9466 0.5556 0.5255 6
0.9558 0.5726 0.5469 4
0.9502 0.5333 0.506 7
0.9428 0.5447 0.5134 4
0.948 0.5593 0.5297 5
0.9506 0.5317 0.505 4
0.9461 0.5727 0.5402 9
0.9557 0.5878 0.5609 9
0.9532 0.5789 0.5511 8
0.9486 0.5537 0.5248 4
0.9302 0.5826 0.5418 4
0.9559 0.5692 0.5437 6
0.9202 0.5763 0.5301 4
0.9388 0.5636 0.5291 2
0.9337 0.5565 0.5184 4
0.944 0.5635 0.5317 5
0.9441 0.5492 0.5174 5
0.9401 0.5645 0.5305 3
0.933 0.5484 0.5108 5
0.9417 0.5625 0.529 5
0.9469 0.561 0.531 3
0.9504 0.5859 0.5565 4
0.9469 0.5806 0.5492 4
0.9481 0.5455 0.5166 3
0.9439 0.531 0.5007 6
0.9489 0.5649 0.5358 4
0.935 0.5189 0.4845 6
0.9381 0.5714 0.5358 4
0.9593 0.5591 0.5363 3
0.9443 0.568 0.536 5
0.9348 0.5565 0.5198 4
0.9536 0.561 0.5343 7
0.948 0.5678 0.5372 9
0.9463 0.5739 0.5423 5
0.9338 0.5431 0.5071 2
0.9444 0.5703 0.5378 3
0.9401 0.5714 0.5369 3
0.9524 0.5546 0.5268 8
0.9468 0.5678 0.5363 7
0.9484 0.5625 0.5323 9
0.9403 0.5641 0.5301 3
0.9513 0.5583 0.5283 12
0.9381 0.5691 0.5332 4
0.9465 0.562 0.5304 7
0.9492 0.5691 0.5401 3
0.9507 0.5887 0.5592 5
0.935 0.575 0.5374 5
0.9344 0.5321 0.497 4
0.9417 0.5545 0.5221 3
0.9653 0.5735 0.5531 5
0.9406 0.5565 0.5224 10
0.9524 0.5492 0.5217 6
0.9395 0.5859 0.5493 6
0.9561 0.568 0.5428 5
0.9564 0.5635 0.5386 6
0.9547 0.575 0.5476 8
0.9573 0.5798 0.5542 7
0.9467 0.5877 0.5561 4
0.9461 0.5591 0.5277 9
0.9488 0.5313 0.5034 5
0.9397 0.5691 0.5348 2
0.9495 0.5469 0.5184 6
0.9512 0.5641 0.5358 7
0.9415 0.5868 0.5513 6
0.944 0.5591 0.5275 2
0.9401 0.5364 0.5035 2
0.9502 0.5455 0.518 5
0.9506 0.5812 0.5521 4
0.9505 0.5426 0.5151 7
0.9433 0.5669 0.5343 6
0.9478 0.5806 0.55 8
0.9391 0.5827 0.5461 7
0.9386 0.5424 0.5086 5
0.9462 0.562 0.5316 5
0.9445 0.5798 0.5471 6
0.9357 0.5574 0.5208 6
0.9558 0.5785 0.5518 9
0.9522 0.5725 0.5445 6
0.946 0.5785 0.5454 9
0.9455 0.5785 0.5469 3
0.9524 0.5748 0.5466 5
0.9434 0.5385 0.5072 5
0.8602 0.3714 0.3188 5
0.7619 0.3399 0.2583 3
0.7341 0.3427 0.2511 2
0.8182 0.3882 0.3173 4
0.7558 0.3517 0.2649 5
0.7744 0.3556 0.2749 4
0.7877 0.3643 0.2869 3
0.8277 0.3846 0.3183 2
0.8992 0.4314 0.3876 4
0.7797 0.3421 0.2665 3
0.7283 0.3125 0.2274 3
0.8526 0.3806 0.3243 2
0.8156 0.4 0.3259 2
0.8173 0.3714 0.3033 5
0.8033 0.351 0.2813 3
0.8604 0.3929 0.338 3
0.7397 0.327 0.2417 2
0.7687 0.3636 0.2794 3
0.8604 0.3929 0.338 3
0.8039 0.3137 0.2516 4
0.8341 0.3873 0.3229 3
0.8475 0.3857 0.3268 2
0.7866 0.3759 0.2955 4
0.7984 0.3446 0.275 4
0.8818 0.4051 0.3558 6
0.7806 0.3553 0.277 2
0.8358 0.3893 0.3249 3
0.8732 0.4138 0.3613 4
0.7665 0.3226 0.2466 3
0.7866 0.3038 0.2389 2
0.8844 0.4412 0.3898 2
0.8174 0.373 0.3044 2
0.7685 0.32 0.2456 5
0.8577 0.3841 0.3291 4
0.8064 0.32 0.2579 4
0.7648 0.3289 0.2514 3
0.7983 0.3487 0.2777 5
0.8413 0.3425 0.288 2
0.8567 0.4211 0.3607 2
0.7993 0.3439 0.2748 4
0.8135 0.3585 0.2913 4
0.7765 0.3333 0.2588 1
0.8097 0.3691 0.2984 3
0.8022 0.3793 0.3043 1
0.8167 0.3711 0.3031 1
0.7922 0.3291 0.2606 3
0.8363 0.4015 0.3357 2
0.7887 0.3355 0.2645 2
0.8533 0.3614 0.3084 1
0.7965 0.3377 0.2673 4
0.7963 0.3624 0.2886 2
0.8172 0.3642 0.2974 4
0.7619 0.3472 0.2645 3
0.7599 0.3377 0.2563 4
0.8333 0.3667 0.3048 5
0.8546 0.3933 0.3354 4
0.8626 0.4013 0.3451 5
0.913 0.4194 0.3829 2
0.7913 0.3333 0.263 5
0.8231 0.35 0.287 4
0.7932 0.3467 0.275 1
0.8203 0.3709 0.3042 1
0.8234 0.383 0.3154 2
0.7944 0.4118 0.3257 6
0.816 0.3537 0.2884 3
0.8204 0.3826 0.3139 2
0.7528 0.3333 0.2503 3
0.7998 0.3287 0.2617 5
0.8562 0.4043 0.3461 2
0.8506 0.4122 0.3505 3
0.7791 0.3586 0.279 4
0.8131 0.3933 0.3194 4
0.8226 0.3836 0.3155 1
0.8167 0.3576 0.292 3
0.8197 0.3514 0.288 2
0.7987 0.3354 0.2679 2
0.7341 0.3041 0.223 4
0.7683 0.3444 0.2645 3
0.8443 0.4097 0.3459 2
0.7879 0.3786 0.2979 5
0.7805 0.3469 0.2707 5
0.8205 0.3497 0.2866 3
0.8127 0.3931 0.319 5
0.8241 0.3677 0.3027 4
0.8811 0.4196 0.369 3
0.7942 0.3595 0.2849 5
0.8336 0.4094 0.3413 1
0.803 0.3841 0.3084 3
0.792 0.3784 0.2995 3
0.7612 0.3585 0.2727 4
0.7428 0.3378 0.2508 3
0.7963 0.3481 0.2765 5
0.8098 0.3691 0.2986 3
0.7279 0.3401 0.2468 5
0.7962 0.3767 0.2993 7
0.8349 0.4 0.3339 2
0.7249 0.3312 0.2401 1
0.8289 0.4155 0.3442 4
0.817 0.3654 0.2973 7
0.7773 0.3399 0.2637 5
0.6272 0.2925 0.1828 4
0.6458 0.2917 0.1869 4
0.6422 0.34 0.2162 7
0.7273 0.3396 0.2463 3
0.6168 0.3163 0.1947 4
0.695 0.303 0.2104 3
0.6762 0.3028 0.2044 4
0.6988 0.3438 0.2401 2
0.6807 0.3061 0.2072 3
0.7125 0.3505 0.2482 3
0.7661 0.3535 0.2708 1
0.6714 0.3061 0.2053 3
0.7206 0.2941 0.2119 1
0.718 0.3301 0.2369 2
0.671 0.3462 0.2307 5
0.653 0.3301 0.2127 6
0.6903 0.337 0.232 3
0.7433 0.32 0.2361 5
0.653 0.3301 0.2127 6
0.6693 0.3143 0.2098 4
0.6838 0.3091 0.2099 5
0.7447 0.3204 0.2385 3
0.7128 0.3204 0.228 3
0.6697 0.3077 0.2054 3
0.7295 0.3434 0.2484 5
0.6608 0.3173 0.2089 4
0.7455 0.3301 0.2459 3
0.7748 0.3438 0.2652 4
0.6739 0.3564 0.2398 3
0.6321 0.3238 0.2047 2
0.7321 0.31 0.2269 2
0.7327 0.32 0.234 4
0.6248 0.2679 0.1649 5
0.7183 0.35 0.2504 6
0.606 0.3048 0.1828 6
0.6642 0.2981 0.1963 4
0.6777 0.3148 0.2125 4
0.6594 0.2963 0.1951 5
0.6746 0.31 0.2085 4
0.6571 0.2727 0.1763 5
0.7043 0.3084 0.2171 3
0.6528 0.2946 0.1909 4
0.6674 0.3235 0.2151 5
0.6333 0.32 0.2022 4
0.6991 0.3163 0.2209 2
0.6544 0.3131 0.2045 3
0.6646 0.3 0.1991 4
0.7852 0.3173 0.249 2
0.676 0.3265 0.2206 2
0.7157 0.3131 0.2241 3
0.7129 0.3267 0.2307 5
0.6494 0.3366 0.2183 5
0.722 0.3511 0.2525 4
0.6358 0.3113 0.1975 4
0.6041 0.2857 0.1726 2
0.5931 0.2909 0.172 4
0.7346 0.301 0.22 3
0.7068 0.3173 0.223 5
0.7442 0.3137 0.2322 3
0.718 0.2871 0.2061 2
0.667 0.3182 0.2108 4
0.6232 0.3048 0.1891 3
0.6678 0.3298 0.2179 7
0.7128 0.3204 0.2277 4
0.6428 0.3271 0.2092 4
0.695 0.2952 0.2045 2
0.5602 0.2604 0.1458 2
0.7064 0.33 0.2327 3
0.7096 0.3232 0.229 2
0.6994 0.3 0.2098 2
0.7173 0.3267 0.2326 5
0.6887 0.2941 0.2025 3
0.6725 0.2991 0.2002 2
0.6376 0.3069 0.1953 3
0.7025 0.3028 0.211 5
0.636 0.32 0.2016 6
0.6849 0.2936 0.2009 3
0.6576 0.2981 0.1945 5
0.7221 0.3404 0.244 7
0.7327 0.3778 0.2768 2
0.6891 0.3303 0.2266 5
0.6509 0.3056 0.1966 4
0.6792 0.299 0.2028 4
0.7147 0.35 0.2486 6
0.6779 0.3077 0.2076 4
0.651 0.297 0.1931 2
0.7221 0.3196 0.2294 4
0.6798 0.301 0.2044 3
0.6579 0.303 0.1968 9
0.6551 0.3163 0.2055 5
0.649 0.2981 0.193 3
0.6856 0.3107 0.2113 5
0.6754 0.2963 0.1984 4
0.6659 0.3153 0.2099 2
0.6589 0.3173 0.2081 4
0.7294 0.3269 0.2365 3
0.655 0.301 0.1963 4
0.6871 0.3462 0.2378 2
0.7205 0.3368 0.2424 4
0.6284 0.31 0.1946 3
0.9185 0.5238 0.4791 7
0.9447 0.5376 0.5042 8
0.9306 0.534 0.4965 7
0.9232 0.51 0.4703 3
0.9338 0.5109 0.475 6
0.921 0.5263 0.4821 7
0.9142 0.5 0.4539 7
0.9185 0.5313 0.4868 5
0.9193 0.5098 0.4679 8
0.9305 0.5361 0.4957 10
0.9219 0.5591 0.5144 5
0.9265 0.5426 0.5001 5
0.9394 0.5263 0.4913 9
0.9481 0.5055 0.4776 8
0.9162 0.4898 0.4468 9
0.9306 0.5104 0.4725 8
0.9146 0.5275 0.481 9
0.936 0.5354 0.5 8
0.9306 0.5104 0.4725 8
0.9314 0.52 0.4818 8
0.9175 0.4944 0.4516 7
0.9137 0.5238 0.4776 5
0.9167 0.5213 0.4731 9
0.9412 0.5474 0.5134 8
0.9344 0.5631 0.5239 9
0.9286 0.5385 0.4984 7
0.9312 0.5431 0.504 9
0.9459 0.534 0.5013 10
0.9221 0.5208 0.478 6
0.9335 0.5196 0.4825 7
0.9358 0.5185 0.4829 6
0.9193 0.5275 0.4806 7
0.8989 0.5055 0.4536 4
0.9482 0.5096 0.4811 10
0.9213 0.5208 0.4759 10
0.9356 0.5217 0.4847 9
0.9276 0.5437 0.5035 5
0.936 0.4894 0.4568 6
0.9359 0.5269 0.4913 7
0.9377 0.5354 0.5019 2
0.9132 0.5149 0.468 6
0.9221 0.5408 0.4956 6
0.9164 0.4787 0.4367 4
0.9335 0.5253 0.4896 6
0.9365 0.5455 0.5088 9
0.895 0.4891 0.4364 7
0.9291 0.5196 0.4809 7
0.9179 0.5057 0.4614 9
0.9112 0.5306 0.4818 7
0.9114 0.4949 0.4495 7
0.9458 0.5253 0.4935 9
0.9309 0.5474 0.5077 5
0.9299 0.5155 0.4772 8
0.9283 0.5248 0.486 5
0.9176 0.5229 0.4794 5
0.9159 0.5472 0.5011 3
0.9315 0.5222 0.4855 6
0.9345 0.5446 0.5066 7
0.9112 0.5426 0.494 4
0.9298 0.5545 0.5153 4
0.9315 0.51 0.473 7
0.9414 0.5545 0.521 6
0.9315 0.5055 0.4691 6
0.9231 0.5392 0.4951 5
0.9309 0.5243 0.4863 7
0.9336 0.5158 0.4801 8
0.9135 0.4894 0.4467 4
0.9031 0.5213 0.4691 7
0.9011 0.5532 0.4965 5
0.9354 0.5248 0.4896 8
0.9329 0.5354 0.4985 6
0.9366 0.5545 0.5175 6
0.9217 0.5155 0.4733 4
0.904 0.5368 0.4807 9
0.9359 0.5417 0.5044 7
0.9337 0.5158 0.4788 9
0.9091 0.5189 0.4714 5
0.9294 0.5054 0.4692 4
0.9152 0.5213 0.4757 7
0.9331 0.5052 0.469 7
0.9322 0.5057 0.4691 8
0.9178 0.5275 0.4803 7
0.9359 0.5543 0.516 11
0.9349 0.5417 0.5024 10
0.9302 0.53 0.4901 8
0.9255 0.5176 0.4737 11
0.9273 0.5098 0.4718 6
0.934 0.5437 0.5057 9
0.9068 0.5204 0.47 7
0.931 0.5321 0.4941 7
0.9366 0.5408 0.505 8
0.9332 0.54 0.5018 9
0.937 0.5155 0.4811 7
0.9217 0.5521 0.5086 4
0.9161 0.4681 0.4279 5
0.945 0.5204 0.4892 8
0.9312 0.5248 0.4884 4
0.9317 0.5521 0.5132 5
0.9432 0.5 0.4686 6
0.9198 0.5158 0.4727 4
0.921 0.5385 0.4928 9
0.9189 0.5376 0.4932 4
0.9321 0.5465 0.5056 7
0.9345 0.5217 0.4863 7
0.936 0.5412 0.5041 8
0.9432 0.5667 0.5319 8
0.9253 0.5106 0.4683 10
0.9255 0.5455 0.4996 8
0.9373 0.5056 0.4714 7
0.9279 0.5319 0.49 11
0.9386 0.5506 0.5129 6
0.9324 0.506 0.4679 4
0.921 0.5281 0.485 7
0.9241 0.5281 0.4843 9
0.9201 0.5402 0.4913 10
0.9327 0.5217 0.4808 10
0.9386 0.5368 0.5016 6
0.9303 0.5165 0.4785 6
0.9327 0.5217 0.4808 10
0.9193 0.5543 0.5057 5
0.9324 0.5055 0.4706 8
0.9328 0.5204 0.4826 5
0.9126 0.5055 0.4577 9
0.9263 0.5056 0.4654 7
0.9274 0.5354 0.4923 8
0.9275 0.5579 0.5163 7
0.9377 0.5056 0.4703 10
0.9376 0.4896 0.4573 7
0.9361 0.5326 0.4959 5
0.9354 0.5106 0.4727 10
0.9247 0.5169 0.4747 6
0.9323 0.5161 0.4775 8
0.9347 0.5114 0.475 7
0.9286 0.5114 0.4727 7
0.9421 0.4889 0.4595 5
0.9307 0.5455 0.5064 7
0.941 0.5506 0.5148 9
0.9172 0.5281 0.4835 4
0.9296 0.5119 0.4732 7
0.9271 0.5287 0.4853 8
0.9303 0.5326 0.4921 10
0.9264 0.5155 0.4758 6
0.9123 0.5376 0.4866 6
0.9276 0.5455 0.5025 11
0.9396 0.5109 0.4768 8
0.9379 0.5222 0.4859 12
0.9359 0.5114 0.4755 10
0.9403 0.4891 0.4586 5
0.9078 0.5106 0.4621 6
0.9211 0.5412 0.4944 8
0.9378 0.4828 0.4502 8
0.918 0.5426 0.4942 9
0.9463 0.5309 0.4985 8
0.9336 0.5275 0.489 7
0.927 0.5269 0.4851 10
0.9432 0.5057 0.4745 9
0.9386 0.5294 0.4932 7
0.9537 0.5 0.4749 7
0.9219 0.5341 0.4915 4
0.9299 0.5422 0.502 7
0.943 0.5 0.4695 6
0.9321 0.5495 0.5087 10
0.924 0.5495 0.5072 6
0.9454 0.5165 0.4856 9
0.9139 0.5341 0.4875 5
0.9139 0.5287 0.4828 4
0.9429 0.4881 0.4591 5
0.9372 0.5521 0.513 12
0.928 0.5222 0.4817 6
0.9174 0.5258 0.4795 8
0.9389 0.5263 0.4928 5
0.9415 0.5227 0.4891 7
0.9222 0.5056 0.4631 7
0.8991 0.5281 0.473 5
0.9311 0.5476 0.5074 6
0.9301 0.5309 0.4901 5
0.9271 0.5368 0.4953 5
0.941 0.5114 0.4798 5
0.9289 0.5412 0.4971 8
0.9067 0.5161 0.4664 7
0.9272 0.5176 0.4756 9
0.9254 0.4949 0.457 4
0.9315 0.5376 0.4982 9
0.9369 0.5114 0.4755 9
0.9322 0.5055 0.4665 8
0.9309 0.5062 0.4695 6
0.9372 0.5161 0.4831 5
0.9341 0.5402 0.4991 9
0.9323 0.506 0.4692 7
0.9329 0.5213 0.4851 7
0.9379 0.5109 0.4754 8
0.929 0.5341 0.4914 10
0.9379 0.5 0.4674 5
0.9435 0.5222 0.4901 5
0.9398 0.5376 0.4997 10
0.9305 0.5114 0.4727 10
0.9375 0.5104 0.4742 11
0.9298 0.5294 0.4889 5
0.9343 0.5319 0.4906 12
0.9401 0.5114 0.4777 8
0.7607 0.3913 0.297 6
0.7603 0.3966 0.3013 3
0.7418 0.3909 0.2888 4
0.7187 0.3651 0.2616 6
0.7551 0.3814 0.2861 2
0.7176 0.3782 0.2712 3
0.7585 0.3622 0.2721 5
0.7367 0.3415 0.2471 8
0.7765 0.3529 0.274 2
0.7432 0.3769 0.2797 2
0.6861 0.36 0.2464 5
0.6927 0.3306 0.2281 6
0.7198 0.3805 0.2731 4
0.7868 0.4375 0.3439 3
0.7356 0.3884 0.282 7
0.7329 0.3652 0.2671 5
0.757 0.3644 0.2741 7
0.7374 0.4211 0.3096 5
0.7329 0.3652 0.2671 5
0.7269 0.3821 0.275 7
0.7172 0.3644 0.2591 5
0.7695 0.4034 0.3095 4
0.7908 0.392 0.3097 3
0.7149 0.3554 0.2532 6
0.7688 0.3832 0.293 7
0.6591 0.3361 0.2193 5
0.6813 0.3604 0.2441 5
0.8 0.4 0.3194 4
0.7407 0.3893 0.2865 6
0.7575 0.3821 0.2893 2
0.7937 0.3697 0.2927 4
0.6861 0.3095 0.2112 4
0.7868 0.4234 0.333 3
0.7251 0.3817 0.2765 5
0.6927 0.3445 0.2374 4
0.707 0.3689 0.2607 3
0.7677 0.379 0.2902 3
0.711 0.3697 0.262 5
0.7602 0.3727 0.2828 2
0.7134 0.3468 0.2468 4
0.7462 0.4 0.2977 3
0.7117 0.3805 0.2702 3
0.7308 0.3818 0.2785 2
0.7364 0.3333 0.2449 4
0.7859 0.4063 0.3178 6
0.7138 0.3281 0.2337 2
0.7336 0.3636 0.2665 4
0.6916 0.3719 0.2557 5
0.7252 0.3793 0.2745 3
0.7469 0.4234 0.3162 2
0.7266 0.3772 0.272 5
0.7996 0.4237 0.3387 2
0.736 0.3445 0.2533 5
0.7083 0.3459 0.244 5
0.728 0.3548 0.2571 9
0.7262 0.377 0.2731 3
0.743 0.3415 0.2537 2
0.704 0.3361 0.2365 2
0.7412 0.3636 0.2695 2
0.6397 0.322 0.2054 3
0.7308 0.377 0.274 4
0.6716 0.3509 0.2342 6
0.7338 0.3692 0.2708 3
0.6818 0.3362 0.2274 7
0.6855 0.3571 0.2443 4
0.7446 0.3929 0.2915 5
0.7349 0.384 0.2805 7
0.7545 0.4261 0.3195 6
0.6862 0.3305 0.2243 4
0.7466 0.3866 0.2884 3
0.766 0.3879 0.2959 5
0.6746 0.3231 0.2165 5
0.6565 0.3462 0.2234 8
0.6983 0.3303 0.2306 3
0.7137 0.4132 0.2944 4
0.662 0.3628 0.2379 7
0.7277 0.376 0.271 7
0.7675 0.4 0.3062 6
0.7182 0.371 0.2663 3
0.7585 0.4017 0.3047 1
0.8162 0.386 0.3149 3
0.714 0.3719 0.2654 3
0.7157 0.3879 0.2773 3
0.7645 0.3906 0.2962 5
0.7522 0.3966 0.2955 9
0.748 0.3826 0.2862 2
0.6896 0.3362 0.2312 3
0.7537 0.4248 0.3198 4
0.6828 0.3228 0.2201 4
0.7529 0.3607 0.2711 4
0.7817 0.3929 0.3062 4
0.6801 0.3415 0.2321 2
0.7199 0.359 0.2568 6
0.7077 0.3684 0.2589 4
0.7225 0.4 0.2841 9
0.7004 0.3471 0.2414 6
0.7916 0.377 0.296 5
0.6494 0.3276 0.2113 6
0.8307 0.4286 0.3557 3
0.676 0.375 0.2533 3
0.9559 0.4295 0.4103 4
0.9433 0.4876 0.4588 7
0.9456 0.5285 0.4997 2
0.939 0.4758 0.4459 4
0.9426 0.4857 0.4576 5
0.9447 0.4806 0.4531 4
0.9509 0.4885 0.464 5
0.9436 0.4926 0.4645 4
0.9511 0.4928 0.468 7
0.9345 0.4748 0.4436 4
0.9455 0.5086 0.4794 7
0.944 0.4574 0.431 7
0.9434 0.4962 0.4674 5
0.9423 0.4722 0.4448 5
0.9413 0.4567 0.4299 1
0.962 0.5238 0.5038 4
0.9324 0.4692 0.4373 5
0.9373 0.5357 0.5015 5
0.962 0.5238 0.5038 4
0.9384 0.513 0.4798 7
0.9551 0.5038 0.4806 5
0.949 0.4752 0.4495 7
0.9584 0.5242 0.5019 5
0.93 0.4926 0.4578 5
0.9638 0.4452 0.4284 9
0.9243 0.4514 0.4172 1
0.93 0.4538 0.422 3
0.9304 0.5 0.4644 4
0.9302 0.4514 0.419 4
0.9312 0.521 0.485 3
0.9278 0.48 0.4451 3
0.9487 0.5214 0.4934 6
0.9355 0.5556 0.5198 1
0.9423 0.5042 0.475 2
0.9337 0.4627 0.4316 5
0.9365 0.5333 0.499 5
0.9445 0.493 0.4651 5
0.9102 0.5221 0.4752 3
0.9569 0.4925 0.4709 6
0.9436 0.4609 0.4347 3
0.9506 0.5075 0.4819 6
0.9534 0.4855 0.462 11
0.944 0.472 0.4451 5
0.951 0.5079 0.4829 5
0.9519 0.5345 0.5077 5
0.9455 0.5081 0.4793 6
0.9542 0.4882 0.4651 7
0.9511 0.449 0.427 3
0.9611 0.4672 0.4487 5
0.9596 0.496 0.4757 4
0.9371 0.5077 0.4747 6
0.9478 0.4748 0.4497 4
0.9382 0.4958 0.4649 3
0.9396 0.4638 0.4334 7
0.9595 0.5038 0.4831 3
0.9453 0.4889 0.4621 5
0.953 0.488 0.4647 2
0.9554 0.5667 0.541 6
0.9515 0.5074 0.4818 6
0.9434 0.4622 0.436 2
0.9526 0.5 0.475 8
0.9641 0.5 0.4811 11
0.9289 0.4758 0.4414 5
0.9324 0.5164 0.4807 7
0.9483 0.5 0.4739 4
0.9316 0.5221 0.4861 5
0.9325 0.4769 0.4447 2
0.9424 0.4672 0.4401 4
0.964 0.5039 0.4853 6
0.9426 0.4559 0.4291 7
0.9563 0.4559 0.4348 7
0.9405 0.4809 0.4518 5
0.962 0.5042 0.4843 5
0.9412 0.5111 0.4804 6
0.9318 0.5175 0.4812 6
0.9336 0.5175 0.4816 7
0.9515 0.4714 0.4479 5
0.9463 0.4656 0.4401 5
0.9324 0.4844 0.4514 2
0.932 0.4844 0.4507 6
0.9595 0.4891 0.4688 8
0.9469 0.5039 0.4769 3
0.9396 0.4688 0.4403 2
0.9357 0.5246 0.4908 3
0.9263 0.4889 0.4522 4
0.95 0.541 0.5131 6
0.9653 0.5391 0.5196 5
0.9543 0.5203 0.4963 4
0.9409 0.4762 0.4479 4
0.9235 0.5093 0.4699 4
0.9252 0.5203 0.4808 2
0.9401 0.4769 0.4479 5
0.9481 0.5495 0.5208 3
0.9499 0.5528 0.5241 7
0.9704 0.5 0.4849 7
0.9293 0.55 0.5109 3
0.9167 0.4846 0.444 3
0.9428 0.5462 0.514 4
0.9531 0.4962 0.4723 5
0.9173 0.5372 0.4927 5
0.9455 0.4422 0.418 2
0.9349 0.4437 0.4146 4
0.9398 0.4452 0.4183 3
0.9342 0.4414 0.4116 4
0.9299 0.4257 0.3946 5
0.9533 0.4306 0.4103 4
0.9484 0.4653 0.4412 5
0.937 0.4067 0.3809 4
0.9505 0.4662 0.4427 4
0.9319 0.4626 0.4308 5
0.9305 0.4539 0.4205 10
0.9309 0.4636 0.4303 9
0.9482 0.4483 0.425 3
0.9262 0.3957 0.3662 4
0.9504 0.4317 0.4097 5
0.9451 0.4648 0.4369 4
0.9336 0.507 0.473 6
0.935 0.4348 0.4062 4
0.9382 0.4851 0.4536 6
0.9468 0.4648 0.4392 5
0.9458 0.4891 0.462 7
0.9413 0.482 0.4528 4
0.9473 0.4898 0.4631 6
0.941 0.4476 0.4212 2
0.9379 0.4672 0.4377 7
0.9537 0.4759 0.4532 4
0.9482 0.4257 0.4031 4
0.9428 0.4315 0.4053 5
0.942 0.4384 0.4127 4
0.9409 0.4855 0.4566 4
0.9487 0.4397 0.4167 5
0.9553 0.4714 0.4498 5
0.9368 0.4694 0.4375 7
0.9382 0.4113 0.3848 8
0.936 0.5147 0.4814 4
0.9475 0.4643 0.4385 7
0.94 0.4338 0.4054 8
0.9327 0.4113 0.3826 6
0.9348 0.4789 0.4469 4
0.941 0.443 0.4158 6
0.9425 0.4627 0.4345 6
0.9407 0.493 0.4636 3
0.9384 0.4384 0.4112 5
0.9431 0.457 0.4307 6
0.9192 0.4094 0.3759 6
0.9365 0.438 0.4095 5
0.9562 0.5414 0.5175 4
0.9402 0.443 0.4152 7
0.9389 0.3856 0.3614 5
0.9453 0.5403 0.5099 5
0.9435 0.3904 0.3676 7
0.9349 0.4789 0.4463 5
0.9402 0.4375 0.4102 8
0.9417 0.4527 0.4253 9
0.9482 0.442 0.4186 4
0.9411 0.4662 0.438 6
0.9354 0.4452 0.4161 7
0.947 0.5 0.472 9
0.9373 0.5379 0.5032 5
0.9394 0.4275 0.4007 7
0.9479 0.4345 0.4118 4
0.9422 0.4474 0.4206 8
0.9553 0.4577 0.4357 6
0.938 0.4211 0.3942 6
0.9553 0.507 0.4836 6
0.9582 0.4503 0.4298 8
0.9292 0.4122 0.3826 3
0.9379 0.4172 0.3905 7
0.919 0.4429 0.4062 5
0.951 0.4733 0.4501 1
0.9423 0.4762 0.4485 5
0.9489 0.4662 0.4402 11
0.9418 0.4184 0.3935 6
0.9381 0.415 0.3885 7
0.9359 0.5424 0.5069 4
0.9413 0.4928 0.4626 7
0.9313 0.4521 0.4207 5
0.9293 0.4643 0.4306 6
0.9451 0.4559 0.4301 6
0.9361 0.4545 0.4245 3
0.9539 0.4853 0.462 7
0.9334 0.4412 0.4105 6
0.9424 0.5037 0.4741 5
0.9497 0.4667 0.4427 6
0.9334 0.4577 0.4258 8
0.9345 0.446 0.4163 2
0.9379 0.4694 0.4398 5
0.9234 0.3904 0.3592 5
0.941 0.4928 0.4626 8
0.95 0.4183 0.3969 5
0.938 0.4225 0.3952 4
0.9462 0.3875 0.3667 1
0.9335 0.4789 0.4465 4
0.9343 0.5 0.4654 8
0.9354 0.4422 0.4128 5
0.93 0.5263 0.4888 7
0.9389 0.4697 0.4408 3
0.9509 0.4795 0.4558 4
0.9434 0.461 0.4346 2
0.942 0.4267 0.4019 2
0.9468 0.5648 0.5337 6
0.9471 0.5702 0.54 2
0.9495 0.5044 0.4776 6
0.9324 0.55 0.5107 5
0.9266 0.5729 0.5294 3
0.9396 0.5545 0.521 1
0.9399 0.5636 0.5294 2
0.9337 0.5446 0.5076 4
0.9561 0.5268 0.5028 6
0.9311 0.5474 0.509 5
0.9434 0.5385 0.507 4
0.9436 0.5167 0.4875 3
0.9076 0.5556 0.5041 3
0.9425 0.5278 0.4957 6
0.9379 0.5189 0.4847 10
0.9331 0.5556 0.518 3
0.9331 0.5556 0.518 3
0.9458 0.5392 0.51 2
0.9295 0.5207 0.4839 3
0.9445 0.5304 0.5005 4
0.9444 0.5138 0.4849 3
0.9385 0.4954 0.4645 5
0.9446 0.5043 0.4755 5
0.9258 0.5699 0.5269 4
0.935 0.5243 0.4897 3
0.9455 0.5263 0.4965 8
0.9422 0.5408 0.5086 5
0.9264 0.54 0.4988 6
0.9339 0.5455 0.509 6
0.9228 0.551 0.5082 3
0.9508 0.5189 0.4917 8
0.943 0.5431 0.5116 6
0.935 0.5398 0.5038 8
0.9517 0.5089 0.483 7
0.9405 0.5044 0.4741 3
0.9289 0.5234 0.486 2
0.9254 0.549 0.5073 4
0.9374 0.5327 0.4983 5
0.9484 0.566 0.5358 6
0.9556 0.5417 0.5157 8
0.9283 0.5 0.4642 1
0.9393 0.5728 0.5372 5
0.9364 0.5545 0.5187 4
0.9523 0.5128 0.4879 5
0.9439 0.5596 0.5271 3
0.9422 0.5728 0.5392 6
0.9502 0.5446 0.5171 2
0.9483 0.55 0.5201 4
0.9344 0.5091 0.4756 2
0.931 0.4762 0.443 3
0.9413 0.5385 0.5049 9
0.9236 0.5094 0.4687 7
0.9461 0.4775 0.4508 5
0.9429 0.5789 0.5457 3
0.9387 0.5368 0.5024 5
0.948 0.5849 0.5527 8
0.9298 0.4766 0.4429 4
0.9258 0.53 0.4907 1
0.9509 0.5766 0.5475 7
0.9377 0.5189 0.4857 6
0.9206 0.567 0.5212 3
0.9299 0.5048 0.4674 6
0.9423 0.5096 0.4802 2
0.9329 0.5596 0.5219 4
0.9355 0.5474 0.5117 5
0.9474 0.5534 0.5237 4
0.939 0.5556 0.5214 3
0.9267 0.5521 0.5099 5
0.9297 0.5842 0.5428 4
0.9482 0.5317 0.5039 4
0.9352 0.534 0.4987 3
0.9312 0.5313 0.492 6
0.943 0.5833 0.549 5
0.9434 0.5175 0.4874 7
0.944 0.5566 0.5228 5
0.9468 0.5315 0.5016 5
0.9286 0.495 0.4576 7
0.9398 0.56 0.5244 4
0.9527 0.5556 0.5293 2
0.9231 0.5138 0.4738 3
0.9453 0.5229 0.4932 5
0.956 0.5575 0.5319 6
0.9206 0.5 0.4593 5
0.9374 0.5833 0.5468 2
0.9305 0.5728 0.5304 7
0.9297 0.551 0.5117 3
0.9268 0.5189 0.4793 7
0.9417 0.58 0.545 7
0.9349 0.5727 0.5344 6
0.9469 0.5085 0.4795 7
0.9325 0.5514 0.5119 9
0.9175 0.5743 0.5263 5
0.9184 0.5481 0.5023 7
0.9509 0.5641 0.5364 3
0.9484 0.5636 0.5343 3
0.9342 0.5686 0.5294 6
0.9415 0.5603 0.5259 9
0.9432 0.5636 0.5308 6
0.9464 0.5391 0.5102 1
0.9417 0.5217 0.491 6
0.949 0.5319 0.5035 5
0.935 0.5376 0.5024 2
0.9532 0.5158 0.4913 3
0.9384 0.5319 0.4987 5
0.9261 0.5204 0.4805 5
0.948 0.5052 0.4787 4
0.9408 0.5313 0.4998 2
0.9391 0.5275 0.4935 7
0.9558 0.5376 0.5129 5
0.9412 0.5152 0.4835 7
0.9401 0.5213 0.4895 5
0.9293 0.5102 0.4738 2
0.9577 0.5102 0.4883 4
0.9376 0.5161 0.4821 7
0.927 0.5684 0.525 9
0.9495 0.5204 0.4918 8
0.9468 0.5106 0.4825 4
0.9473 0.5354 0.5047 4
0.9495 0.5204 0.4918 8
0.9415 0.5319 0.5 5
0.9238 0.5258 0.4845 8
0.955 0.5464 0.52 6
0.9552 0.4944 0.4692 8
0.9417 0.5217 0.4888 7
0.9439 0.5446 0.5129 4
0.9402 0.5155 0.4839 5
0.9389 0.5392 0.506 3
0.9363 0.5106 0.4761 7
0.9417 0.5269 0.4938 8
0.9337 0.5306 0.4921 11
0.9504 0.495 0.4689 7
0.938 0.5208 0.4877 6
0.9435 0.5253 0.494 6
0.9379 0.5 0.4669 8
0.9404 0.5258 0.4939 2
0.946 0.5253 0.496 6
0.9577 0.4944 0.4713 7
0.9467 0.5 0.4701 9
0.943 0.5263 0.4928 6
0.9486 0.5146 0.4875 5
0.9412 0.5052 0.4755 3
0.9247 0.5051 0.4661 4
0.9562 0.5102 0.4864 8
0.9415 0.5109 0.4791 6
0.9485 0.4889 0.4626 5
0.9399 0.5281 0.4925 12
0.9357 0.5306 0.4958 4
0.9334 0.5111 0.4758 5
0.9369 0.5109 0.4785 3
0.9397 0.5729 0.5371 7
0.9333 0.5306 0.4945 6
0.9326 0.5 0.4645 6
0.9335 0.5269 0.4888 6
0.9466 0.5426 0.5115 5
0.9338 0.5319 0.4947 7
0.9457 0.5326 0.5003 7
0.9527 0.5319 0.5058 4
0.9242 0.5169 0.4721 10
0.9223 0.5532 0.5088 5
0.9331 0.5238 0.4863 6
0.9476 0.4945 0.4659 8
0.9278 0.505 0.4672 7
0.9264 0.5217 0.483 3
0.9416 0.5109 0.4802 3
0.9334 0.5104 0.4748 8
0.9521 0.5052 0.4797 6
0.9449 0.5361 0.5055 5
0.9384 0.5258 0.4924 4
0.9419 0.5294 0.4977 5
0.9258 0.5417 0.4999 4
0.9324 0.4948 0.4598 6
0.9296 0.5761 0.5319 8
0.936 0.5376 0.5009 5
0.9471 0.52 0.4909 7
0.9327 0.5165 0.4816 2
0.9416 0.5313 0.4992 5
0.9429 0.5474 0.5144 4
0.9407 0.5152 0.4846 4
0.9498 0.5053 0.4774 11
0.9375 0.5055 0.4731 5
0.9438 0.5055 0.476 7
0.945 0.5155 0.4864 3
0.9392 0.5474 0.512 8
0.9344 0.505 0.4714 4
0.9452 0.5567 0.525 5
0.9573 0.5306 0.5078 4
0.9345 0.4536 0.4222 5
0.944 0.5253 0.4915 11
0.933 0.55 0.5128 5
0.9409 0.5426 0.508 8
0.9564 0.5109 0.486 9
0.9324 0.5313 0.4923 7
0.9444 0.5347 0.5032 6
0.9282 0.5 0.4633 4
0.9411 0.5053 0.4728 13
0.9171 0.54 0.4943 6
0.9373 0.5361 0.5001 6
0.9286 0.5109 0.473 4
0.949 0.5161 0.4892 5
0.9304 0.5055 0.4695 4