0.6639 0.301 0.03324 23 0.6007 0.1954
0.6585 0.3263 0.01468 10 0.6394 0.2448
0.6008 0.2987 0.01592 9 0.4819 0.2441
0.5973 0.3016 0.0202 17 0.4661 0.2117
0.6502 0.309 0.02497 14 0.6083 0.2219
0.614 0.257 0.01298 12 0.4928 0.22
0.6045 0.3111 0.01245 18 0.4895 0.2564
0.5921 0.2762 0.01602 13 0.5129 0.2223
0.6432 0.3283 0.008758 14 0.4739 0.2828
0.6491 0.3603 0.0285 14 0.5538 0.2436
0.5984 0.3172 0.01864 19 0.4834 0.2204
0.5912 0.2706 0.01297 14 0.4798 0.1731
0.5346 0.2664 0.01278 17 0.4952 0.1944
0.6039 0.3343 0.008423 11 0.5785 0.2602
0.614 0.2934 0.02807 21 0.4264 0.1693
0.6646 0.3489 0.01742 19 0.5675 0.2695
0.5632 0.2767 0.005633 9 0.5118 0.2471
0.6634 0.2946 0.03388 12 0.5532 0.159
0.6646 0.3489 0.01742 19 0.5675 0.2695
0.591 0.3161 0.0187 21 0.4627 0.2181
0.6677 0.308 0.009933 12 0.6132 0.2657
0.62 0.3418 0.01389 21 0.4912 0.2623
0.6955 0.3426 0.016 12 0.6693 0.2975
0.6058 0.3055 0.0171 19 0.5427 0.2038
0.6393 0.3144 0.02276 11 0.4963 0.2493
0.5944 0.2771 0.02413 17 0.5746 0.1831
0.6423 0.3545 0.006243 6 0.6233 0.3355
0.5703 0.3389 0.008675 10 0.4829 0.2779
0.6389 0.3555 0.009821 8 0.6304 0.3195
0.672 0.3676 0.01984 15 0.5902 0.3001
0.6301 0.3256 0.01302 18 0.5897 0.2332
0.5915 0.3506 0.0248 17 0.5176 0.2052
0.6253 0.3183 0.01202 10 0.4699 0.2635
0.6166 0.2688 0.01496 12 0.4688 0.2051
0.6041 0.3502 0.007243 20 0.4705 0.2878
0.5852 0.2955 0.01142 10 0.5507 0.2437
0.5781 0.3319 0.01451 6 0.5619 0.2958
0.6166 0.3525 0.02536 16 0.5487 0.2318
0.6272 0.32 0.01227 12 0.5995 0.2937
0.6031 0.3236 0.02047 21 0.5466 0.2178
0.6556 0.3274 0.01391 6 0.638 0.2899
0.6927 0.3395 0.01789 18 0.4882 0.2726
0.5974 0.2734 0.008995 11 0.3909 0.2364
0.6502 0.3275 0.01898 15 0.5627 0.2594
0.662 0.3431 0.01404 13 0.5401 0.2748
0.6556 0.306 0.008856 9 0.4777 0.2595
0.6632 0.3061 0.01693 12 0.5811 0.2326
0.6446 0.2952 0.02793 13 0.4533 0.2133
0.5616 0.3345 0.008947 18 0.4104 0.2556
0.6158 0.3096 0.01321 12 0.512 0.2619
0.6513 0.2918 0.009862 8 0.5187 0.275
0.616 0.3149 0.01626 10 0.4469 0.2402
0.6168 0.3355 0.004795 2 0.6117 0.3237
0.5667 0.3019 0.007792 11 0.4262 0.2354
0.6254 0.3466 0.005116 19 0.5658 0.3032
0.6556 0.3034 0.02192 13 0.4121 0.2273
0.61 0.314 0.01198 10 0.477 0.2381
0.5716 0.2755 0.01467 12 0.4567 0.1689
0.6293 0.3582 0.01699 10 0.6039 0.252
0.6067 0.4111 0.01261 15 0.4866 0.3074
0.6343 0.3875 0.01337 11 0.5789 0.3091
0.6029 0.3371 0.02113 9 0.4345 0.2508
0.6152 0.2657 0.01476 19 0.4532 0.209
0.6528 0.327 0.007162 7 0.6446 0.2566
0.606 0.3256 0.01836 19 0.5142 0.22
0.6419 0.3086 0.01017 7 0.5695 0.2721
0.6128 0.3525 0.01036 7 0.6018 0.3179
0.6606 0.3868 0.0175 10 0.5115 0.3218
0.6271 0.3493 0.01547 13 0.4734 0.2541
0.6061 0.3017 0.01114 7 0.5491 0.2601
0.5733 0.2867 0.01106 14 0.4589 0.2343
0.5916 0.2902 0.03008 24 0.473 0.1572
0.5798 0.3092 0.007366 10 0.5045 0.2586
0.5932 0.2861 0.0102 14 0.5389 0.2243
0.6493 0.309 0.01624 12 0.6208 0.2413
0.6656 0.3484 0.01682 12 0.5747 0.2915
0.5899 0.3306 0.01124 21 0.5321 0.2134
0.7191 0.3147 0.03093 9 0.6551 0.2153
0.6489 0.3564 0.02919 15 0.5665 0.231
0.6183 0.336 0.01188 12 0.4405 0.286
0.7048 0.3451 0.02265 15 0.6253 0.2662
0.6205 0.3517 0.016 9 0.5293 0.2834
0.6408 0.3122 0.0152 18 0.5517 0.2542
0.5734 0.3249 0.01168 11 0.4753 0.2509
0.6351 0.3309 0.01524 11 0.6015 0.2774
0.6095 0.3583 0.01183 14 0.5462 0.3033
0.6708 0.3678 0.01107 15 0.6069 0.3154
0.6149 0.3213 0.01009 11 0.4987 0.2314
0.6346 0.3837 0.009456 12 0.6022 0.3302
0.6799 0.3384 0.02414 10 0.5409 0.2417
0.5793 0.2994 0.01693 18 0.5408 0.2077
0.5769 0.3387 0.005584 15 0.4966 0.2689
0.6161 0.347 0.01077 11 0.5958 0.3129
0.6709 0.2902 0.02141 9 0.5599 0.249
0.5651 0.2961 0.01731 14 0.4545 0.1988
0.6568 0.3154 0.02624 17 0.5612 0.2384
0.6305 0.3045 0.01707 12 0.4251 0.2013
0.6356 0.3353 0.0165 12 0.6162 0.2598
0.5985 0.2992 0.01411 14 0.4458 0.251
0.6155 0.2716 0.02559 18 0.3998 0.1892
0.9385 0.6257 0.009523 22 0.8948 0.5322
0.9584 0.6155 0.004865 13 0.892 0.5498
0.9281 0.56 0.003453 11 0.8779 0.4982
0.9433 0.6342 0.004726 8 0.9186 0.5724
0.9559 0.6339 0.004051 14 0.9137 0.5659
0.9135 0.6347 0.008717 13 0.8942 0.4731
0.951 0.645 0.007487 12 0.9054 0.565
0.943 0.5915 0.001182 7 0.9369 0.5715
0.9488 0.6219 0.004112 17 0.9145 0.5301
0.9555 0.6001 0.001904 8 0.8871 0.5662
0.9491 0.6291 0.004942 7 0.9447 0.5607
0.9503 0.565 0.009642 16 0.8848 0.4529
0.9496 0.6441 0.00581 10 0.9289 0.5871
0.9551 0.5687 0.01059 13 0.9018 0.4667
0.9427 0.6079 0.002002 17 0.9169 0.5648
0.9195 0.5886 0.008446 18 0.8845 0.4184
0.9535 0.6333 0.01335 16 0.8868 0.5108
0.9584 0.5634 0.007024 20 0.9247 0.4914
0.9195 0.5886 0.006882 19 0.8845 0.4184
0.9547 0.6181 0.01136 12 0.9118 0.499
0.947 0.593 0.008004 11 0.8875 0.4737
0.9527 0.587 0.002388 10 0.9364 0.5526
0.9488 0.6578 0.00153 6 0.917 0.6399
0.9369 0.627 0.006675 12 0.9243 0.5626
0.9496 0.6303 0.005484 15 0.8932 0.5555
0.9453 0.6665 0.003388 9 0.9404 0.6013
0.9579 0.6047 0.003939 12 0.9241 0.5394
0.9453 0.6106 0.001858 6 0.938 0.5409
0.9323 0.6028 0.002426 13 0.9042 0.5562
0.936 0.6179 0.008564 21 0.9056 0.4837
0.917 0.6035 0.008643 11 0.8935 0.4705
0.9421 0.622 0.004168 18 0.8568 0.5136
0.9419 0.5932 0.005219 11 0.8929 0.5514
0.9542 0.6046 0.005141 13 0.9214 0.546
0.9519 0.6144 0.005546 12 0.9352 0.534
0.943 0.6032 0.006654 22 0.904 0.4863
0.9455 0.5175 0.003032 10 0.8818 0.4843
0.9483 0.6096 0.009282 12 0.9013 0.5014
0.9514 0.6513 0.004476 9 0.9407 0.6084
0.9561 0.644 0.006403 18 0.9227 0.5257
0.963 0.619 0.007119 10 0.8972 0.5009
0.9527 0.5913 0.008855 23 0.8819 0.4358
0.9517 0.5752 0.005647 12 0.8949 0.5124
0.9329 0.6205 0.002243 7 0.9276 0.5982
0.944 0.5896 0.005351 11 0.9193 0.5367
0.9491 0.644 0.009299 18 0.9151 0.5392
0.9521 0.6375 0.008278 18 0.9189 0.5209
0.9483 0.6418 0.003593 7 0.9149 0.6034
0.927 0.5848 0.00305 12 0.896 0.5271
0.9463 0.6248 0.01145 14 0.9101 0.5024
0.9474 0.605 0.008183 28 0.9078 0.4652
0.9487 0.5757 0.004123 17 0.9179 0.5356
0.9516 0.6123 0.01068 19 0.9124 0.5166
0.9459 0.583 0.009329 15 0.8732 0.4746
0.9253 0.5969 0.004617 15 0.9059 0.5135
0.9494 0.5961 0.004064 7 0.9224 0.5483
0.9492 0.6024 0.00996 13 0.8891 0.497
0.9527 0.6307 0.002686 9 0.9445 0.6006
0.9328 0.6379 0.007113 11 0.9002 0.5139
0.9485 0.5849 0.009524 15 0.8926 0.468
0.9463 0.6235 0.005342 11 0.926 0.5682
0.9412 0.619 0.0103 14 0.9204 0.4965
0.9527 0.6257 0.008245 14 0.9358 0.533
0.9434 0.6062 0.003246 8 0.92 0.5612
0.927 0.5968 0.007193 5 0.921 0.5256
0.9346 0.5844 0.006306 11 0.9049 0.5351
0.9402 0.6355 0.00512 9 0.9217 0.5685
0.9627 0.662 0.005048 14 0.9364 0.5851
0.9451 0.6273 0.002599 12 0.8912 0.5704
0.9519 0.6035 0.005535 14 0.9229 0.5167
0.9456 0.6426 0.004868 9 0.9121 0.5807
0.9579 0.6003 0.005895 15 0.9192 0.5437
0.9522 0.6221 0.008541 21 0.8888 0.5183
0.9534 0.6033 0.008591 17 0.9147 0.4821
0.9475 0.5849 0.008573 15 0.9183 0.4588
0.9386 0.5852 0.005885 13 0.8827 0.5224
0.9519 0.6012 0.00664 10 0.9305 0.5407
0.9599 0.5928 0.01249 19 0.8965 0.4888
0.9495 0.6379 0.004583 11 0.9194 0.5941
0.9577 0.6131 0.01078 20 0.8948 0.4977
0.9466 0.6166 0.003587 10 0.9291 0.5313
0.9405 0.6092 0.002634 6 0.9204 0.5774
0.9584 0.6083 0.00647 25 0.9189 0.5212
0.9276 0.5817 0.003565 15 0.8711 0.4687
0.9572 0.5988 0.007763 20 0.8789 0.496
0.9563 0.6009 0.006074 10 0.9413 0.5351
0.9489 0.6038 0.01081 22 0.9008 0.4681
0.9495 0.6012 0.005567 11 0.9228 0.528
0.9493 0.6488 0.01302 22 0.9057 0.4915
0.9436 0.6063 0.0005004 6 0.9255 0.6018
0.9484 0.6528 0.01295 10 0.904 0.5127
0.954 0.5708 0.005548 14 0.8961 0.506
0.9534 0.6332 0.004862 12 0.9368 0.5736
0.9342 0.6379 0.001882 11 0.8934 0.5603
0.951 0.6344 0.01067 17 0.9161 0.5218
0.9474 0.5873 0.00863 16 0.8996 0.4846
0.9491 0.611 0.006059 16 0.9131 0.5344
0.9488 0.5924 0.003617 13 0.9292 0.5396
0.9598 0.6103 0.01297 18 0.9003 0.4545
0.9463 0.5625 0.02271 15 0.8932 0.4042
0.8346 0.3953 0.01235 12 0.8043 0.3702
0.7684 0.3578 0.01913 21 0.7075 0.2892
0.7107 0.3986 0.01007 11 0.6739 0.3298
0.8046 0.3839 0.006076 14 0.7014 0.3303
0.7407 0.3478 0.01042 13 0.6945 0.3155
0.724 0.3566 0.009786 9 0.6513 0.3211
0.773 0.3884 0.005054 3 0.7721 0.3602
0.8176 0.3891 0.009163 4 0.805 0.3777
0.84 0.4365 0.005187 3 0.8223 0.4301
0.7389 0.3469 0.01242 8 0.6091 0.3012
0.6792 0.3191 0.0186 11 0.5687 0.2512
0.864 0.4081 0.008072 5 0.8561 0.39
0.8072 0.3816 0.01811 16 0.7024 0.3148
0.7879 0.4117 0.01367 12 0.7261 0.353
0.7593 0.3603 0.01534 9 0.5825 0.2822
0.808 0.3796 0.0282 14 0.7675 0.2835
0.6884 0.3507 0.005265 13 0.6206 0.3215
0.7368 0.3567 0.009761 11 0.6843 0.3199
0.808 0.3796 0.0282 14 0.7675 0.2835
0.8162 0.3935 0.0279 18 0.7 0.2618
0.8181 0.4265 0.009004 6 0.7973 0.3981
0.7978 0.4362 0.01194 6 0.7728 0.3927
0.7588 0.3999 0.01103 5 0.7431 0.3509
0.7566 0.3626 0.01773 26 0.6674 0.2921
0.891 0.4116 0.01443 9 0.8774 0.3866
0.7716 0.3664 0.01092 14 0.6295 0.3241
0.8369 0.4125 0.004265 4 0.7713 0.4001
0.8266 0.4189 0.01816 14 0.7601 0.3537
0.7523 0.3719 0.005634 6 0.7394 0.3623
0.774 0.3377 0.01156 8 0.6966 0.301
0.8611 0.4702 0.004408 4 0.8124 0.4572
0.7906 0.3577 0.008656 12 0.7365 0.3356
0.7324 0.3498 0.006179 4 0.7276 0.3353
0.8387 0.4153 0.01568 18 0.78 0.3414
0.7785 0.347 0.009229 9 0.7208 0.3234
0.775 0.3648 0.01102 10 0.7362 0.3316
0.7565 0.3991 0.01841 11 0.641 0.3134
0.8225 0.3551 0.02042 15 0.779 0.3052
0.8192 0.4261 0.008397 8 0.8049 0.3656
0.8058 0.408 0.003492 5 0.797 0.3981
0.7814 0.3838 0.01534 10 0.7278 0.3473
0.7441 0.3307 0.0185 16 0.5829 0.259
0.8005 0.3857 0.02192 29 0.7374 0.2896
0.7652 0.3878 0.01059 7 0.7565 0.358
0.783 0.3936 0.007007 11 0.7197 0.3538
0.8053 0.3413 0.009408 3 0.7846 0.3339
0.8074 0.3914 0.01224 11 0.7217 0.3508
0.7522 0.3158 0.009955 4 0.7438 0.2994
0.8127 0.394 0.004182 2 0.7644 0.3873
0.7646 0.3793 0.01067 8 0.7456 0.3423
0.7953 0.3723 0.02322 22 0.5344 0.2632
0.8105 0.4218 0.005336 8 0.7915 0.41
0.7453 0.3758 0.0153 9 0.7275 0.322
0.7614 0.3392 0.01044 10 0.7258 0.3187
0.7976 0.396 0.01393 17 0.7019 0.3411
0.8352 0.4365 0.01 8 0.7927 0.399
0.8257 0.4287 0.005722 2 0.8018 0.412
0.8982 0.4149 0.008519 7 0.8904 0.3936
0.7654 0.377 0.01818 18 0.6847 0.3063
0.8545 0.369 0.01596 8 0.6115 0.3146
0.7723 0.3886 0.01516 10 0.7172 0.3369
0.7792 0.3539 0.004462 6 0.6684 0.3263
0.7969 0.3313 0.01323 12 0.6704 0.2977
0.8475 0.4091 0.01143 9 0.742 0.3737
0.7635 0.3621 0.02651 15 0.7038 0.2533
0.8214 0.3806 0.008436 9 0.7729 0.359
0.7112 0.3416 0.0124 12 0.6223 0.2812
0.7529 0.3546 0.01574 14 0.6548 0.2972
0.7804 0.3621 0.007776 14 0.6865 0.3251
0.8274 0.3974 0.01621 23 0.8018 0.3236
0.7654 0.341 0.01127 10 0.6068 0.3013
0.7732 0.3753 0.007782 4 0.7569 0.3608
0.781 0.3592 0.01038 18 0.7244 0.299
0.8031 0.3795 0.004482 8 0.7778 0.2999
0.8006 0.3547 0.01121 7 0.7551 0.3337
0.7408 0.348 0.01701 15 0.7031 0.2989
0.7732 0.3452 0.01505 19 0.6259 0.2939
0.7585 0.3647 0.01317 23 0.6863 0.3072
0.8336 0.4116 0.01415 13 0.7745 0.3619
0.7647 0.3831 0.005818 9 0.6596 0.3555
0.807 0.3683 0.0202 17 0.7267 0.3151
0.8094 0.3649 0.01937 18 0.7828 0.2998
0.7798 0.3739 0.02319 13 0.6702 0.2972
0.8006 0.4104 0.03015 12 0.7664 0.2985
0.8609 0.4364 0.01512 13 0.798 0.3852
0.7254 0.3395 0.007861 3 0.7147 0.324
0.831 0.374 0.01324 14 0.6367 0.3216
0.7718 0.3979 0.01269 12 0.7051 0.3508
0.7802 0.3678 0.009374 7 0.675 0.3345
0.7444 0.4083 0.01159 14 0.6817 0.3584
0.7563 0.3682 0.01202 10 0.7394 0.3301
0.7602 0.3845 0.01022 18 0.5946 0.3099
0.8033 0.4047 0.006445 10 0.7864 0.3831
0.7155 0.3579 0.004814 6 0.6997 0.3446
0.704 0.3894 0.01596 20 0.6858 0.2663
0.8228 0.4406 0.01866 16 0.7537 0.3493
0.7442 0.3926 0.008896 15 0.7051 0.336
0.8107 0.3894 0.01722 11 0.7265 0.3309
0.7827 0.4118 0.005139 6 0.7692 0.3854
0.7829 0.3988 0.009938 6 0.7723 0.3719
0.6272 0.2964 0.00418 6 0.5922 0.2374
0.6424 0.3095 0.01057 13 0.5179 0.2289
0.6422 0.3198 0.01445 20 0.5376 0.2334
0.7238 0.386 0.01176 8 0.692 0.3368
0.6168 0.3202 0.004672 7 0.5112 0.2831
0.6939 0.3466 0.0126 12 0.582 0.262
0.6852 0.3465 0.009418 14 0.623 0.2757
0.6988 0.4139 0.007833 9 0.6552 0.3672
0.6801 0.3282 0.009216 10 0.6246 0.2635
0.7121 0.3934 0.006108 7 0.6238 0.3571
0.7661 0.376 0.01143 13 0.6093 0.331
0.6714 0.3538 0.006553 10 0.6099 0.3099
0.7186 0.3445 0.02376 16 0.5338 0.2456
0.7107 0.3757 0.00996 8 0.5534 0.2793
0.6654 0.3785 0.01241 13 0.567 0.3145
0.653 0.382 0.01798 12 0.5701 0.2268
0.6905 0.3534 0.01527 15 0.5393 0.2675
0.7422 0.3392 0.0102 7 0.7262 0.305
0.653 0.382 0.01374 12 0.5701 0.2268
0.6693 0.3678 0.0103 11 0.6163 0.3009
0.6838 0.3048 0.01116 12 0.5608 0.2566
0.7466 0.3775 0.006917 9 0.7164 0.3291
0.7148 0.3584 0.01234 7 0.6524 0.2634
0.6697 0.3257 0.004864 14 0.565 0.2523
0.7343 0.3928 0.01026 10 0.6065 0.3181
0.6608 0.3416 0.01013 17 0.634 0.2621
0.7455 0.38 0.01147 5 0.6061 0.3104
0.7739 0.3518 0.01939 18 0.6805 0.2415
0.6739 0.3774 0.01618 14 0.5977 0.2565
0.6323 0.3127 0.009694 8 0.5608 0.2612
0.7321 0.3326 0.016 14 0.6086 0.2711
0.7327 0.3345 0.01686 16 0.6719 0.274
0.6056 0.2966 0.00743 10 0.4784 0.2538
0.7183 0.3791 0.01561 16 0.6471 0.2957
0.606 0.3478 0.01398 12 0.5737 0.2339
0.6599 0.3342 0.007181 15 0.5762 0.2829
0.6708 0.368 0.014 5 0.6423 0.2966
0.6594 0.3126 0.01323 7 0.6231 0.2439
0.6956 0.3438 0.01587 14 0.4983 0.2358
0.6571 0.2879 0.008217 6 0.5735 0.2586
0.7043 0.351 0.0118 8 0.6951 0.2783
0.6607 0.305 0.02366 11 0.5388 0.2384
0.6674 0.3914 0.007189 10 0.6054 0.3109
0.6333 0.3304 0.01117 12 0.5536 0.268
0.6929 0.3703 0.0153 6 0.5721 0.273
0.6544 0.3388 0.01028 6 0.6457 0.2716
0.6646 0.355 0.003537 5 0.6533 0.3165
0.7852 0.3908 0.007577 5 0.7376 0.3587
0.676 0.345 0.01105 11 0.5611 0.2932
0.7157 0.3435 0.008781 7 0.6276 0.3063
0.7129 0.3473 0.008199 8 0.6072 0.2978
0.6494 0.3448 0.006916 8 0.6296 0.3045
0.722 0.396 0.003545 14 0.6316 0.3395
0.6228 0.3345 0.004624 9 0.5235 0.2831
0.6041 0.3103 0.002875 8 0.5797 0.2801
0.5883 0.2949 0.002933 12 0.5177 0.2266
0.7346 0.3368 0.01901 10 0.6702 0.2723
0.7068 0.3292 0.009294 8 0.6251 0.2821
0.7442 0.3269 0.01196 14 0.5643 0.2703
0.718 0.362 0.0111 11 0.4934 0.3028
0.6403 0.3806 0.01655 8 0.5912 0.2914
0.6232 0.3567 0.003532 8 0.583 0.3312
0.6678 0.357 0.01814 15 0.5966 0.2588
0.7128 0.3215 0.004955 7 0.6718 0.2865
0.6478 0.3726 0.01239 12 0.5139 0.2376
0.695 0.3461 0.005943 4 0.6551 0.3242
0.5602 0.2922 0.002439 11 0.4341 0.2646
0.7064 0.4014 0.002455 16 0.6311 0.3426
0.7096 0.3632 0.007351 14 0.5626 0.3077
0.6994 0.3286 0.005393 10 0.6135 0.2945
0.7173 0.3127 0.01571 11 0.5338 0.26
0.6887 0.3489 0.01856 17 0.6004 0.248
0.6821 0.3062 0.01046 12 0.6306 0.2597
0.6426 0.328 0.006917 9 0.6155 0.2522
0.7025 0.3376 0.009875 15 0.5193 0.2721
0.6432 0.3438 0.01054 19 0.5823 0.2566
0.6932 0.3356 0.009965 8 0.6642 0.2521
0.6576 0.3519 0.009125 11 0.5561 0.302
0.7221 0.3712 0.02558 12 0.6639 0.2664
0.7327 0.4364 0.01013 12 0.6752 0.3931
0.6891 0.3995 0.007089 9 0.6678 0.32
0.6509 0.3244 0.01076 7 0.5181 0.2649
0.6792 0.3517 0.01331 11 0.5555 0.274
0.7147 0.3519 0.01678 17 0.6195 0.2436
0.6779 0.352 0.009015 14 0.5843 0.2897
0.651 0.3081 0.004564 12 0.5646 0.2716
0.7221 0.3704 0.009763 14 0.6185 0.2915
0.6798 0.3424 0.00601 3 0.6745 0.3237
0.6579 0.3379 0.02044 15 0.4956 0.232
0.6551 0.3507 0.01194 10 0.5468 0.2742
0.6416 0.3223 0.007276 11 0.5841 0.2867
0.6856 0.3375 0.01087 14 0.6313 0.2862
0.6607 0.3414 0.01149 14 0.5496 0.2691
0.6659 0.351 0.007145 14 0.5798 0.3055
0.6589 0.3537 0.007346 8 0.6201 0.3207
0.7311 0.3853 0.02583 14 0.5948 0.2492
0.654 0.3181 0.01182 13 0.5918 0.2743
0.6871 0.369 0.00336 7 0.6394 0.3524
0.7205 0.3708 0.00916 10 0.6638 0.287
0.6284 0.3505 0.009494 15 0.6102 0.2703
0.9185 0.5229 0.007214 14 0.8306 0.3889
0.9455 0.545 0.01035 8 0.9032 0.3903
0.9306 0.5641 0.01029 13 0.8638 0.4412
0.9232 0.5857 0.009424 14 0.8323 0.4679
0.9338 0.5271 0.01954 13 0.8878 0.4344
0.921 0.5224 0.01841 20 0.7888 0.3838
0.9142 0.5221 0.01779 20 0.7781 0.3814
0.9128 0.5771 0.00692 20 0.8728 0.3932
0.9175 0.597 0.01077 12 0.8991 0.4665
0.9342 0.5615 0.008725 13 0.8777 0.4087
0.9219 0.5884 0.00423 12 0.895 0.5171
0.9265 0.5684 0.007312 11 0.8693 0.4788
0.9394 0.5684 0.01316 18 0.8431 0.4297
0.9481 0.5458 0.0245 14 0.874 0.314
0.9162 0.5554 0.01861 16 0.8155 0.3778
0.9308 0.6207 0.0302 26 0.851 0.4028
0.9146 0.5813 0.01002 22 0.8633 0.4571
0.936 0.5889 0.01032 16 0.8746 0.4699
0.9308 0.6207 0.0302 26 0.851 0.4028
0.9311 0.5817 0.007722 13 0.869 0.4479
0.9175 0.5589 0.006788 10 0.8551 0.475
0.9223 0.5758 0.007045 9 0.8494 0.5155
0.9118 0.5265 0.01337 16 0.835 0.4014
0.9412 0.5597 0.004083 12 0.8645 0.505
0.9344 0.5606 0.01052 17 0.8468 0.444
0.9286 0.6053 0.01926 21 0.8678 0.4259
0.9289 0.5696 0.006745 9 0.8705 0.529
0.9459 0.5695 0.01535 22 0.8435 0.3856
0.9221 0.5768 0.003539 18 0.8188 0.5248
0.9335 0.5334 0.01586 15 0.8308 0.4129
0.9358 0.5206 0.01009 29 0.8573 0.4154
0.9227 0.578 0.006619 18 0.8398 0.4274
0.8989 0.5046 0.005707 13 0.8391 0.4087
0.9482 0.5124 0.01081 17 0.8933 0.4326
0.9213 0.5716 0.007777 14 0.8759 0.4926
0.9356 0.5757 0.006663 13 0.8802 0.4662
0.9276 0.5459 0.005133 9 0.8611 0.4974
0.936 0.5228 0.01069 14 0.8878 0.4317
0.9396 0.5684 0.0121 17 0.8634 0.46
0.936 0.5944 0.003911 8 0.8917 0.5385
0.9144 0.5324 0.01251 20 0.8273 0.4029
0.9221 0.5471 0.01015 16 0.8051 0.4472
0.9164 0.5193 0.01495 11 0.8186 0.3961
0.9335 0.534 0.0122 13 0.8948 0.4455
0.9363 0.5925 0.01185 30 0.8558 0.4552
0.895 0.5158 0.01273 10 0.8442 0.4069
0.9291 0.578 0.01134 16 0.8811 0.4359
0.9179 0.5506 0.01409 18 0.8259 0.4107
0.9112 0.6151 0.008208 27 0.8499 0.4305
0.9112 0.5355 0.01579 10 0.7659 0.4056
0.9429 0.5628 0.02117 14 0.8892 0.3932
0.9309 0.5351 0.004093 10 0.8312 0.5013
0.9295 0.549 0.01498 24 0.881 0.4139
0.9272 0.5925 0.009017 11 0.8493 0.5242
0.9265 0.5625 0.006925 12 0.8795 0.5062
0.9159 0.5933 0.004109 8 0.8884 0.5326
0.9315 0.538 0.01055 18 0.8295 0.3979
0.9345 0.5873 0.009416 25 0.849 0.4634
0.9112 0.5734 0.01114 9 0.8751 0.4719
0.9289 0.6088 0.01472 14 0.8538 0.4891
0.9315 0.5538 0.008015 11 0.8385 0.4709
0.9414 0.6014 0.006662 12 0.8728 0.5191
0.9315 0.5859 0.01499 12 0.8387 0.4453
0.9231 0.597 0.0125 15 0.8733 0.4502
0.9309 0.6005 0.01458 8 0.8739 0.4554
0.9336 0.5537 0.009972 13 0.8185 0.4711
0.9135 0.546 0.01351 15 0.8791 0.3997
0.9031 0.5675 0.008057 11 0.8517 0.4807
0.9011 0.5821 0.003352 12 0.8487 0.4886
0.9385 0.5461 0.006289 15 0.8835 0.4604
0.9329 0.5807 0.007755 14 0.855 0.5001
0.9366 0.5521 0.004665 18 0.8461 0.4674
0.9217 0.5689 0.01772 6 0.856 0.4436
0.904 0.5797 0.03096 22 0.8071 0.3641
0.9359 0.5751 0.006336 21 0.8597 0.4255
0.9337 0.513 0.02049 16 0.8461 0.3889
0.9091 0.5583 0.0133 13 0.8564 0.4211
0.9294 0.5542 0.009908 9 0.8418 0.4937
0.9152 0.5605 0.01227 5 0.8963 0.4512
0.9331 0.5412 0.01005 15 0.8439 0.4166
0.9322 0.5797 0.008659 17 0.8438 0.443
0.9178 0.562 0.01188 11 0.8162 0.4759
0.9359 0.6064 0.008845 17 0.8442 0.4901
0.9353 0.5982 0.01543 21 0.8279 0.396
0.9292 0.5459 0.01163 10 0.8228 0.4351
0.9255 0.5392 0.01378 16 0.8109 0.3823
0.9266 0.5712 0.008495 13 0.8483 0.4818
0.934 0.6123 0.0125 13 0.8601 0.4653
0.9068 0.5504 0.0104 21 0.8438 0.4401
0.931 0.5484 0.005315 8 0.8164 0.5038
0.9366 0.6001 0.02102 21 0.8939 0.3995
0.9332 0.5913 0.01981 16 0.8527 0.426
0.937 0.5915 0.007857 17 0.8457 0.4623
0.9217 0.5965 0.007812 13 0.8234 0.531
0.9161 0.504 0.01201 13 0.8589 0.4113
0.9457 0.582 0.007307 13 0.8639 0.472
0.9312 0.5698 0.01261 13 0.8642 0.465
0.9317 0.5653 0.009292 15 0.8603 0.4524
0.9432 0.5531 0.008456 10 0.8437 0.4724
0.9198 0.5563 0.007577 17 0.8036 0.4988
0.921 0.5765 0.007543 21 0.8605 0.4335
0.9189 0.6006 0.003726 13 0.8697 0.5249
0.9321 0.5834 0.01372 20 0.8215 0.4526
0.9345 0.5701 0.006936 14 0.8554 0.4516
0.936 0.5435 0.008217 9 0.8817 0.4393
0.9432 0.5983 0.01471 16 0.8378 0.4391
0.9301 0.5457 0.012 19 0.8079 0.3953
0.9255 0.5486 0.00761 13 0.8266 0.4245
0.9373 0.5342 0.00711 11 0.8936 0.4842
0.9279 0.5865 0.01742 22 0.832 0.3958
0.9386 0.555 0.01136 18 0.8258 0.3982
0.9324 0.5019 0.005973 13 0.8216 0.4327
0.921 0.6092 0.009268 21 0.8512 0.4681
0.9256 0.5702 0.006813 16 0.8466 0.4587
0.9201 0.5819 0.0118 21 0.8064 0.3962
0.9327 0.5265 0.009947 16 0.8075 0.4555
0.9344 0.593 0.004397 6 0.9224 0.5678
0.9285 0.5463 0.007645 16 0.8816 0.4641
0.9327 0.5265 0.009947 16 0.8075 0.4555
0.9193 0.5789 0.006728 16 0.8483 0.4897
0.9324 0.5212 0.008641 15 0.8586 0.3996
0.9328 0.5454 0.008607 9 0.8152 0.4448
0.9126 0.5862 0.0178 21 0.8096 0.3718
0.9205 0.52 0.01007 16 0.8313 0.4291
0.9274 0.5821 0.01134 14 0.8209 0.4466
0.9275 0.5927 0.007153 15 0.8375 0.4814
0.9377 0.5896 0.01236 16 0.842 0.4149
0.9376 0.5195 0.01227 17 0.8111 0.4145
0.9359 0.5701 0.007123 14 0.8723 0.4809
0.9354 0.5285 0.008662 15 0.85 0.4498
0.9247 0.5349 0.008117 16 0.8026 0.4601
0.9323 0.5961 0.01552 27 0.8286 0.3476
0.9347 0.5262 0.005571 15 0.8002 0.4272
0.9286 0.551 0.00718 11 0.8259 0.4702
0.9445 0.5499 0.007243 16 0.9004 0.4715
0.9307 0.5733 0.01091 21 0.8534 0.448
0.941 0.567 0.0062 22 0.8443 0.4413
0.9172 0.5524 0.005021 11 0.8328 0.4847
0.9296 0.5821 0.01173 14 0.772 0.437
0.9274 0.5646 0.01811 21 0.8321 0.3622
0.9303 0.603 0.007351 21 0.8446 0.4384
0.9266 0.5871 0.01075 15 0.8784 0.4616
0.9123 0.6002 0.01842 29 0.8211 0.3662
0.9298 0.5898 0.01207 24 0.8268 0.3886
0.9396 0.5523 0.01828 14 0.8642 0.4097
0.9379 0.557 0.02084 25 0.8324 0.3692
0.9359 0.5379 0.008959 13 0.8875 0.39
0.9403 0.5187 0.009327 18 0.8855 0.4345
0.9097 0.556 0.005441 15 0.8434 0.4834
0.9211 0.576 0.006419 18 0.7979 0.45
0.9378 0.5296 0.0155 15 0.8868 0.3934
0.918 0.5796 0.02376 20 0.8051 0.3772
0.9463 0.5941 0.01049 16 0.8662 0.4129
0.9342 0.5533 0.01122 21 0.8543 0.4258
0.927 0.529 0.009576 19 0.8543 0.4503
0.9432 0.5684 0.01434 21 0.8436 0.4314
0.9386 0.5869 0.01858 18 0.8234 0.3898
0.9537 0.5457 0.009139 18 0.9022 0.4365
0.9219 0.5675 0.002606 18 0.8294 0.5145
0.9312 0.5827 0.00557 14 0.8723 0.4827
0.943 0.5611 0.0154 12 0.913 0.3954
0.9348 0.5809 0.01466 23 0.8418 0.406
0.924 0.5938 0.01207 10 0.8703 0.4717
0.9454 0.581 0.0225 30 0.8372 0.3473
0.9139 0.5532 0.005399 10 0.896 0.4686
0.9139 0.571 0.006963 13 0.8334 0.4632
0.9429 0.5022 0.01022 8 0.898 0.4356
0.9375 0.5664 0.005441 13 0.853 0.4552
0.928 0.5297 0.005473 14 0.8427 0.4467
0.9164 0.5787 0.01172 17 0.8183 0.4057
0.9389 0.5711 0.015 20 0.8604 0.4263
0.9415 0.5192 0.00879 15 0.8783 0.4344
0.9228 0.5532 0.008367 20 0.8508 0.4215
0.8991 0.527 0.01009 14 0.8312 0.4263
0.9301 0.582 0.007319 15 0.8708 0.5129
0.9301 0.5994 0.01405 16 0.8689 0.4169
0.9271 0.5665 0.008472 10 0.8502 0.4811
0.941 0.568 0.003761 10 0.8593 0.5069
0.9289 0.5656 0.01332 16 0.7872 0.3893
0.9088 0.4947 0.009299 18 0.8312 0.3821
0.9269 0.548 0.009268 9 0.8174 0.4087
0.9254 0.5332 0.01164 13 0.8701 0.4205
0.9315 0.5665 0.006945 10 0.8468 0.5173
0.9401 0.5352 0.01142 25 0.8366 0.3822
0.9322 0.5056 0.01275 14 0.8452 0.4274
0.9309 0.5296 0.01133 19 0.8562 0.4106
0.9372 0.5829 0.01241 20 0.8217 0.4053
0.9341 0.5518 0.01422 18 0.8624 0.3975
0.9323 0.5776 0.007115 12 0.8746 0.484
0.9329 0.5504 0.01159 23 0.8555 0.4175
0.9371 0.5408 0.01633 20 0.8128 0.4014
0.929 0.557 0.006367 13 0.8237 0.4828
0.9379 0.5554 0.006932 16 0.8265 0.455
0.9435 0.5555 0.007996 19 0.8661 0.4512
0.9396 0.5939 0.02047 22 0.8038 0.3586
0.9314 0.5682 0.01365 22 0.8374 0.4158
0.9375 0.5501 0.01365 18 0.8689 0.3931
0.9298 0.5439 0.004852 7 0.8904 0.4831
0.9343 0.5277 0.01062 12 0.842 0.3866
0.9401 0.5456 0.009384 12 0.8265 0.4676
0.7607 0.3815 0.009284 11 0.6871 0.3183
0.7603 0.4671 0.007498 10 0.7129 0.4003
0.7418 0.3845 0.01057 13 0.7053 0.3136
0.7187 0.3941 0.005287 12 0.6803 0.326
0.757 0.3771 0.008207 16 0.6364 0.3206
0.7168 0.425 0.015 13 0.6544 0.3626
0.7585 0.3802 0.01378 13 0.6312 0.3276
0.7367 0.3413 0.0147 14 0.5831 0.281
0.7782 0.3803 0.00757 8 0.7458 0.3462
0.7432 0.4013 0.002377 2 0.733 0.3973
0.6903 0.3798 0.007638 14 0.5818 0.32
0.6927 0.3637 0.02299 22 0.5398 0.2533
0.7206 0.3894 0.004811 10 0.6822 0.3607
0.7856 0.4773 0.0103 8 0.7695 0.4144
0.7356 0.3912 0.006699 10 0.6135 0.3312
0.7329 0.3944 0.005655 12 0.6137 0.341
0.7627 0.4142 0.01197 14 0.6546 0.3181
0.7374 0.5025 0.0202 14 0.6932 0.3227
0.7329 0.3944 0.005655 12 0.6137 0.341
0.7269 0.3977 0.01536 13 0.655 0.299
0.714 0.3793 0.01227 15 0.6256 0.283
0.7695 0.4244 0.02133 8 0.756 0.3365
0.7736 0.3885 0.005244 5 0.7095 0.3415
0.7149 0.3944 0.01143 9 0.6743 0.3313
0.7672 0.3848 0.01638 13 0.6441 0.3172
0.654 0.3259 0.004381 7 0.5937 0.2969
0.6813 0.3827 0.005097 11 0.6517 0.3484
0.8 0.4688 0.008455 11 0.7508 0.4108
0.7407 0.4176 0.007463 13 0.6843 0.3612
0.7575 0.4512 0.009311 7 0.7387 0.4138
0.7937 0.3556 0.01589 17 0.6161 0.278
0.6861 0.3322 0.01712 13 0.5762 0.2447
0.7868 0.4383 0.01545 5 0.7162 0.3884
0.7251 0.3772 0.01069 9 0.5832 0.3274
0.6992 0.3846 0.0125 10 0.6872 0.3239
0.7003 0.3588 0.004733 6 0.6257 0.2985
0.7677 0.4142 0.01551 15 0.6701 0.3632
0.711 0.356 0.002523 8 0.6362 0.3327
0.7441 0.413 0.009624 8 0.741 0.3266
0.7134 0.3576 0.01121 11 0.6347 0.3131
0.7462 0.4236 0.005554 19 0.6838 0.3811
0.7117 0.4476 0.002311 6 0.691 0.4026
0.7283 0.4309 0.003577 3 0.7241 0.4025
0.7522 0.3386 0.009456 6 0.6821 0.3078
0.7859 0.4355 0.01086 19 0.7117 0.3505
0.7138 0.3573 0.0077 3 0.5586 0.3281
0.7336 0.3812 0.0106 10 0.7206 0.3274
0.7355 0.4249 0.003769 4 0.7263 0.4152
0.7252 0.3894 0.01389 6 0.7104 0.2502
0.7469 0.4543 0.006191 10 0.6859 0.4296
0.7266 0.4237 0.005181 8 0.6752 0.3744
0.7956 0.4329 0.008523 6 0.6858 0.4011
0.736 0.3519 0.02301 18 0.6716 0.2506
0.705 0.3702 0.01406 21 0.5977 0.2593
0.728 0.3727 0.02004 12 0.6936 0.26
0.7109 0.3978 0.002975 11 0.6527 0.268
0.743 0.359 0.01208 4 0.7225 0.3079
0.6916 0.3804 0.005394 5 0.6032 0.3309
0.7412 0.3844 0.008864 12 0.7109 0.3536
0.6397 0.341 0.003065 7 0.4844 0.3199
0.7308 0.3613 0.009176 9 0.6372 0.3073
0.6716 0.3785 0.02295 12 0.6384 0.2649
0.7338 0.3817 0.0106 8 0.6999 0.3479
0.6818 0.3412 0.0126 16 0.6243 0.2394
0.6868 0.3692 0.01118 15 0.6311 0.2974
0.7176 0.4142 0.005014 12 0.6243 0.3698
0.7349 0.4135 0.01207 18 0.6572 0.3111
0.7515 0.4326 0.002372 6 0.7389 0.3995
0.6862 0.3423 0.01009 17 0.5732 0.2729
0.7395 0.3804 0.01416 12 0.7226 0.3125
0.766 0.438 0.004419 10 0.6893 0.3873
0.6746 0.3308 0.008079 12 0.4814 0.2942
0.6565 0.338 0.005298 15 0.5565 0.2728
0.6983 0.3565 0.002883 11 0.5654 0.3235
0.7137 0.4564 0.002894 5 0.6995 0.4192
0.6628 0.3991 0.01292 18 0.5393 0.3003
0.7277 0.378 0.01404 16 0.5726 0.3147
0.7675 0.4027 0.003972 7 0.748 0.3724
0.7182 0.4243 0.00768 14 0.6896 0.3876
0.7532 0.4422 0.002914 10 0.6812 0.3817
0.8162 0.4142 0.01514 10 0.8031 0.3638
0.714 0.3723 0.007511 19 0.54 0.3186
0.7157 0.4382 0.005776 6 0.6927 0.4034
0.7645 0.3696 0.005389 8 0.6311 0.3455
0.7551 0.3989 0.01126 18 0.6549 0.3421
0.748 0.3949 0.008403 7 0.729 0.3609
0.6869 0.3781 0.00338 9 0.6817 0.3421
0.7537 0.4571 0.003953 11 0.7072 0.4226
0.6828 0.3535 0.01159 13 0.6594 0.3048
0.7405 0.3797 0.00755 9 0.6618 0.3153
0.7823 0.436 0.01322 7 0.72 0.3911
0.6709 0.3223 0.004989 7 0.5418 0.2995
0.7327 0.3953 0.01112 9 0.6655 0.3423
0.6913 0.4005 0.007825 6 0.66 0.3306
0.7225 0.4192 0.01433 9 0.6366 0.2977
0.7014 0.4429 0.00899 20 0.6361 0.2916
0.7916 0.4076 0.04015 18 0.7247 0.2679
0.6484 0.3699 0.002794 14 0.5443 0.3053
0.8033 0.4753 0.01208 8 0.7745 0.4301
0.6953 0.4215 0.0001904 13 0.5951 0.3767
0.9565 0.4811 0.001914 11 0.8928 0.4126
0.9433 0.543 0.002983 27 0.893 0.4592
0.9456 0.5682 0.002496 6 0.9183 0.5408
0.939 0.504 0.003714 12 0.8967 0.4315
0.9419 0.5288 0.005695 6 0.9219 0.4304
0.9447 0.5084 0.005428 16 0.8998 0.4498
0.9505 0.5258 0.002377 12 0.9308 0.4591
0.9427 0.5323 0.004142 5 0.9365 0.449
0.9511 0.5247 0.00302 19 0.9198 0.4347
0.9345 0.5188 0.001944 6 0.9317 0.5043
0.9455 0.5717 0.007033 17 0.9138 0.4497
0.944 0.498 0.002823 16 0.9098 0.4094
0.9434 0.5131 0.001811 16 0.903 0.4596
0.9423 0.5226 0.004477 11 0.917 0.4404
0.9413 0.4874 0.001353 5 0.9273 0.4666
0.962 0.5895 0.001566 6 0.9484 0.5779
0.9303 0.4728 0.002662 9 0.8814 0.4151
0.9373 0.5629 0.00708 16 0.8855 0.4591
0.962 0.5895 0.001566 6 0.9484 0.5779
0.9384 0.5336 0.002109 4 0.9374 0.5142
0.9551 0.5162 0.006937 11 0.9103 0.4265
0.9435 0.539 0.004972 15 0.8947 0.4481
0.9584 0.5528 0.00425 20 0.9358 0.4868
0.93 0.5066 0.003275 15 0.8982 0.4276
0.9638 0.485 0.007886 15 0.9232 0.3846
0.9243 0.4707 0.001871 8 0.9017 0.4157
0.93 0.5062 0.004647 11 0.9044 0.4531
0.93 0.4717 0.001323 12 0.8883 0.4382
0.9301 0.4388 0.001331 13 0.9067 0.3605
0.9312 0.5519 0.001157 5 0.9019 0.5091
0.9278 0.4925 0.005446 12 0.908 0.4268
0.9487 0.5214 0.009785 15 0.9122 0.4122
0.9355 0.5945 0.0008807 4 0.8458 0.5787
0.9423 0.5451 0.002506 6 0.9243 0.5111
0.9334 0.4853 0.001453 12 0.8893 0.4539
0.9365 0.5909 0.003596 11 0.887 0.5086
0.9445 0.5007 0.001731 15 0.9031 0.439
0.9102 0.5544 0.003387 3 0.9099 0.5149
0.9569 0.5041 0.003768 14 0.9221 0.4377
0.9471 0.4914 0.003143 10 0.9287 0.4249
0.9506 0.5706 0.006155 16 0.9257 0.4793
0.9534 0.4938 0.007072 23 0.9325 0.3486
0.944 0.4812 0.00546 15 0.9057 0.3797
0.951 0.5506 0.004543 11 0.9042 0.4923
0.9527 0.5776 0.003283 8 0.8867 0.5313
0.9455 0.5078 0.002214 3 0.9442 0.4984
0.9542 0.525 0.004353 12 0.9178 0.4581
0.9511 0.4667 0.002893 4 0.9441 0.4383
0.9611 0.4618 0.004354 8 0.9506 0.4118
0.9591 0.5404 0.005564 15 0.9385 0.4433
0.9371 0.5258 0.003592 13 0.9017 0.4257
0.9478 0.4844 0.001798 12 0.9123 0.4221
0.9382 0.5101 0.001949 15 0.9133 0.4494
0.9396 0.4726 0.001687 13 0.9205 0.4017
0.9595 0.5414 0.003916 12 0.9089 0.481
0.9449 0.5111 0.004027 10 0.929 0.4105
0.953 0.5192 0.0006374 6 0.9302 0.4955
0.9586 0.617 0.004396 13 0.9302 0.5592
0.9515 0.518 0.005558 22 0.9038 0.4358
0.9434 0.4966 0.003453 5 0.9417 0.4588
0.9469 0.5331 0.006115 8 0.9367 0.4726
0.9641 0.4993 0.004398 22 0.917 0.4203
0.9275 0.5177 0.005079 10 0.8993 0.433
0.9324 0.5513 0.002902 17 0.8957 0.4504
0.9483 0.5084 0.002359 13 0.923 0.4785
0.9316 0.5478 0.0007116 17 0.8813 0.4322
0.9325 0.4687 0.003559 12 0.9191 0.3957
0.9441 0.5112 0.004604 14 0.9063 0.4305
0.9639 0.5749 0.003421 12 0.9204 0.499
0.9319 0.4652 0.0003007 16 0.8832 0.3969
0.9563 0.5056 0.004778 26 0.8978 0.3911
0.9405 0.4976 0.003184 9 0.8809 0.4521
0.962 0.5384 0.00297 14 0.937 0.4735
0.9415 0.5537 0.004275 10 0.9131 0.4668
0.9274 0.5407 0.003729 8 0.8926 0.4962
0.9336 0.5153 0.008894 22 0.8562 0.3788
0.9519 0.4805 0.003204 9 0.9216 0.4094
0.9464 0.5004 0.003343 16 0.9166 0.4411
0.9324 0.5654 0.003155 8 0.8895 0.5209
0.932 0.5286 0.00257 11 0.876 0.464
0.9588 0.4911 0.003482 15 0.9454 0.4266
0.9469 0.5382 0.002384 7 0.9378 0.49
0.9396 0.4968 0.00211 14 0.9302 0.4674
0.9357 0.5682 0.003894 6 0.9277 0.5149
0.9266 0.5152 0.0006165 16 0.896 0.4205
0.95 0.5402 0.004448 12 0.9192 0.461
0.9653 0.5622 0.002308 8 0.9368 0.5237
0.9543 0.6043 0.007523 16 0.8988 0.503
0.9439 0.5171 0.001712 7 0.9286 0.4676
0.9222 0.5494 0.005868 8 0.8884 0.4435
0.9252 0.5386 0.00538 11 0.9168 0.4521
0.9401 0.4888 0.0007731 13 0.8959 0.4321
0.9454 0.5757 0.002796 9 0.9382 0.544
0.9484 0.5484 0.003353 13 0.9154 0.4776
0.9704 0.5104 0.004693 13 0.958 0.4548
0.9293 0.5899 0.004074 18 0.9035 0.5309
0.9167 0.5552 0.004249 7 0.9081 0.4781
0.9428 0.5857 0.003156 8 0.9078 0.5242
0.9531 0.5243 0.001728 13 0.9254 0.4596
0.9175 0.5377 0.002711 7 0.8843 0.4972
0.9455 0.496 0.001537 3 0.9422 0.4887
0.9349 0.4815 0.006453 19 0.9081 0.3981
0.9398 0.474 0.007156 14 0.9093 0.3906
0.9331 0.46 0.002762 6 0.8692 0.4202
0.9293 0.4292 0.003861 14 0.8905 0.3661
0.9533 0.4408 0.006798 11 0.9106 0.3614
0.9482 0.4829 0.002667 10 0.9335 0.4403
0.9323 0.442 0.003432 5 0.885 0.356
0.9505 0.5386 0.006742 15 0.9235 0.4493
0.9291 0.4959 0.00508 9 0.8983 0.3982
0.9305 0.47 0.006167 11 0.887 0.3624
0.9309 0.4512 0.007918 15 0.906 0.3157
0.9482 0.4901 0.003373 5 0.9424 0.4646
0.9262 0.3771 0.002516 10 0.8893 0.331
0.9504 0.4602 0.005248 7 0.9352 0.4078
0.9451 0.4682 0.006725 10 0.8795 0.3825
0.9392 0.4898 0.003709 11 0.898 0.4468
0.935 0.4346 0.008166 13 0.9108 0.3179
0.9382 0.4957 0.004929 9 0.9032 0.4241
0.9468 0.4924 0.008957 10 0.9386 0.3832
0.9465 0.4872 0.003361 16 0.9186 0.4183
0.9416 0.5134 0.005439 9 0.9188 0.4306
0.9473 0.4922 0.005344 12 0.9081 0.4128
0.941 0.5202 0.004237 14 0.9374 0.4395
0.9379 0.4917 0.008368 11 0.8843 0.3772
0.9532 0.5233 0.006883 10 0.9076 0.4541
0.9482 0.446 0.00363 8 0.9217 0.3973
0.9428 0.4483 0.004318 9 0.9169 0.3707
0.942 0.4578 0.004859 7 0.9355 0.3893
0.9409 0.5266 0.004233 13 0.908 0.4642
0.9487 0.4643 0.007907 13 0.9183 0.3509
0.9553 0.502 0.003655 9 0.9182 0.4647
0.9368 0.4649 0.009122 14 0.8994 0.353
0.9382 0.438 0.005526 18 0.8757 0.3522
0.936 0.5402 0.002515 7 0.9196 0.4769
0.9475 0.5192 0.00745 28 0.8974 0.3901
0.94 0.4984 0.005426 10 0.9028 0.4078
0.9327 0.44 0.001721 9 0.9076 0.3739
0.9348 0.4948 0.00591 16 0.8874 0.4025
0.941 0.4779 0.006175 15 0.9288 0.3675
0.9425 0.4962 0.005876 12 0.9191 0.4337
0.9387 0.5381 0.0007438 5 0.9176 0.5097
0.9384 0.4358 0.005132 11 0.9252 0.3112
0.9431 0.5159 0.002275 15 0.9034 0.4643
0.9192 0.44 0.003783 10 0.89 0.3615
0.9362 0.4689 0.003453 11 0.8799 0.3476
0.9562 0.5561 0.003957 11 0.908 0.4985
0.9402 0.4649 0.003965 14 0.8978 0.395
0.9389 0.4177 0.007136 11 0.9083 0.3363
0.9422 0.5733 0.002137 11 0.8827 0.5247
0.9435 0.4068 0.00559 26 0.9116 0.3131
0.9349 0.5051 0.005954 12 0.9181 0.4047
0.9386 0.4449 0.01197 16 0.9034 0.3256
0.9417 0.4836 0.004645 16 0.8965 0.4011
0.9482 0.4391 0.002753 6 0.9279 0.4162
0.9411 0.4979 0.007164 9 0.9012 0.4344
0.9354 0.4603 0.002765 17 0.9249 0.3778
0.947 0.5022 0.006005 17 0.9407 0.4238
0.9373 0.565 0.006584 19 0.9019 0.4455
0.9394 0.4172 0.004787 19 0.8806 0.3443
0.9479 0.4785 0.002665 10 0.9134 0.4161
0.9422 0.4962 0.007204 18 0.9214 0.382
0.9553 0.4581 0.008486 15 0.905 0.3622
0.938 0.464 0.005986 15 0.8834 0.3783
0.9553 0.5493 0.005689 15 0.9165 0.4786
0.9582 0.4709 0.008845 15 0.9127 0.3445
0.9292 0.4434 0.001998 6 0.8919 0.4159
0.9379 0.4447 0.003391 10 0.916 0.4012
0.919 0.5086 0.001016 9 0.8749 0.4409
0.951 0.5052 0.002238 5 0.944 0.4894
0.9423 0.4763 0.006751 14 0.9214 0.4088
0.9489 0.4785 0.01057 20 0.8817 0.3514
0.9418 0.4459 0.005139 14 0.9208 0.3788
0.9381 0.4401 0.003296 4 0.9338 0.4061
0.9359 0.5983 0.006078 8 0.9199 0.5132
0.9413 0.5056 0.008453 18 0.898 0.4211
0.9313 0.4249 0.005591 14 0.9169 0.3665
0.9326 0.4976 0.002066 11 0.8932 0.4461
0.9451 0.4993 0.009537 11 0.914 0.3789
0.9361 0.5082 0.004774 6 0.8966 0.4432
0.9539 0.5354 0.006387 14 0.9191 0.4083
0.9334 0.4574 0.003988 8 0.8945 0.3626
0.944 0.5304 0.005981 16 0.9164 0.4755
0.9497 0.4752 0.004571 9 0.9189 0.4173
0.9334 0.4711 0.005001 12 0.8842 0.3757
0.9345 0.445 0.004846 12 0.895 0.3862
0.9396 0.4571 0.004346 10 0.9136 0.4208
0.9234 0.3811 0.001884 9 0.9172 0.3417
0.9413 0.502 0.01074 15 0.9072 0.3451
0.95 0.4295 0.007199 10 0.937 0.346
0.938 0.4474 0.006038 11 0.894 0.3481
0.9462 0.4369 0.003461 6 0.9432 0.4111
0.9335 0.5056 0.003943 9 0.9036 0.4696
0.9343 0.479 0.003395 9 0.904 0.4235
0.9354 0.445 0.002427 19 0.9041 0.4043
0.9322 0.5649 0.009383 12 0.9189 0.414
0.9389 0.5341 0.004532 11 0.9015 0.4814
0.9492 0.5193 0.001672 10 0.9329 0.5073
0.9434 0.4878 0.004154 12 0.9038 0.4239
0.9483 0.4598 0.006099 13 0.9227 0.3862
0.9485 0.6127 0.003887 14 0.9038 0.5257
0.9471 0.5737 0.002563 10 0.9051 0.5415
0.9461 0.546 0.008 16 0.9052 0.409
0.9324 0.594 0.01016 13 0.9171 0.4972
0.9266 0.6094 0.005519 12 0.8129 0.5441
0.9383 0.6175 0.003995 11 0.912 0.5626
0.9406 0.5758 0.004351 18 0.8704 0.4973
0.9339 0.5367 0.006435 13 0.8941 0.4402
0.9561 0.5541 0.01204 19 0.9023 0.4474
0.9311 0.5393 0.004327 14 0.833 0.4705
0.9434 0.5651 0.004439 18 0.9082 0.4856
0.9377 0.5611 0.004454 5 0.9295 0.5318
0.9118 0.6211 0.002212 5 0.8987 0.5933
0.9425 0.5021 0.007128 15 0.8989 0.4319
0.9379 0.5957 0.007433 20 0.8894 0.4115
0.9331 0.6047 0.01285 13 0.8793 0.4601
0.9331 0.6047 0.01277 15 0.8793 0.4601
0.9451 0.6054 0.008307 8 0.9066 0.5235
0.9295 0.564 0.0008943 9 0.8975 0.4979
0.9445 0.5699 0.005576 12 0.8879 0.503
0.9444 0.5317 0.004908 16 0.8218 0.4563
0.9443 0.5355 0.009232 19 0.9221 0.4463
0.9466 0.5427 0.001721 6 0.9424 0.5314
0.924 0.6191 0.004201 9 0.9041 0.5675
0.935 0.562 0.006888 16 0.8688 0.4963
0.9455 0.5848 0.0162 14 0.8979 0.4243
0.9422 0.5779 0.009589 11 0.8955 0.4623
0.9263 0.5977 0.005708 20 0.8502 0.4968
0.9339 0.6227 0.004164 10 0.9253 0.5799
0.9228 0.6609 0.006405 12 0.8984 0.5119
0.9508 0.5369 0.003527 11 0.9158 0.4618
0.9433 0.5693 0.004954 15 0.9158 0.5
0.935 0.5811 0.008069 13 0.9248 0.4682
0.9517 0.5799 0.01137 18 0.8689 0.468
0.9405 0.5146 0.005462 11 0.9177 0.4624
0.9289 0.5759 0.002251 4 0.9239 0.5328
0.9254 0.6004 0.003695 10 0.8688 0.5398
0.9349 0.5568 0.00695 12 0.8181 0.4626
0.9466 0.5596 0.005522 16 0.9088 0.481
0.9556 0.5245 0.00941 19 0.9249 0.4043
0.9283 0.5349 0.005827 5 0.9037 0.48
0.9393 0.5727 0.006697 14 0.9061 0.5173
0.9416 0.5783 0.001779 10 0.9255 0.5508
0.9542 0.5843 0.003218 10 0.9453 0.5458
0.9439 0.5945 0.006757 17 0.8794 0.5201
0.9422 0.601 0.01235 22 0.8263 0.4545
0.9498 0.552 0.004957 13 0.8999 0.4929
0.9492 0.5781 0.005675 9 0.9175 0.5307
0.9344 0.5663 0.004053 9 0.9129 0.4959
0.931 0.5193 0.003954 10 0.9133 0.4735
0.9413 0.5701 0.005127 16 0.8604 0.4634
0.9236 0.5337 0.01696 14 0.8549 0.4044
0.9461 0.4972 0.005655 16 0.8874 0.4165
0.9455 0.6348 0.006565 12 0.9015 0.5663
0.9358 0.6179 0.009673 11 0.8556 0.4886
0.948 0.6165 0.008297 12 0.8879 0.5248
0.9298 0.4893 0.007633 12 0.9109 0.3718
0.9258 0.5698 0.00136 5 0.9121 0.5664
0.9509 0.6139 0.008417 19 0.9296 0.4585
0.9377 0.5071 0.007215 10 0.9114 0.4164
0.9206 0.6472 0.006799 15 0.8909 0.513
0.9299 0.5406 0.005548 13 0.8664 0.4537
0.9423 0.5546 0.01081 9 0.9114 0.4802
0.9329 0.6013 0.004172 6 0.9002 0.515
0.9355 0.6034 0.002824 11 0.8912 0.5365
0.9474 0.5733 0.003825 13 0.9155 0.528
0.939 0.6023 0.01014 22 0.8861 0.4812
0.9267 0.5524 0.006754 16 0.8606 0.4617
0.9297 0.5832 0.001784 10 0.8975 0.5294
0.9482 0.5675 0.002396 11 0.9315 0.5231
0.9352 0.5643 0.002658 13 0.91 0.5223
0.9312 0.5473 0.003385 6 0.8599 0.5019
0.943 0.5775 0.002818 20 0.8833 0.4789
0.9434 0.5456 0.006594 16 0.8863 0.4745
0.944 0.6275 0.005182 19 0.8694 0.4658
0.9468 0.5753 0.003582 14 0.8627 0.5058
0.9286 0.5244 0.01153 25 0.8132 0.3821
0.9398 0.5755 0.007578 13 0.8802 0.475
0.9527 0.5762 0.002448 6 0.8711 0.5458
0.9231 0.5478 0.005792 13 0.8892 0.4897
0.9453 0.5831 0.006032 9 0.9331 0.5321
0.9546 0.6024 0.005816 29 0.906 0.4776
0.9206 0.5309 0.005745 12 0.8371 0.431
0.9374 0.605 0.006393 14 0.8978 0.5119
0.9305 0.5915 0.003813 18 0.8631 0.4984
0.9297 0.5634 0.0038 10 0.9051 0.5062
0.9272 0.5691 0.00644 23 0.8781 0.4107
0.9346 0.5648 0.002823 11 0.9223 0.5156
0.9349 0.5669 0.005884 16 0.8681 0.4547
0.9469 0.5224 0.003123 23 0.862 0.4309
0.9325 0.5832 0.004798 22 0.8698 0.5043
0.9175 0.6083 0.003225 13 0.8588 0.5479
0.9237 0.6187 0.007856 14 0.8646 0.5077
0.9501 0.6371 0.005902 5 0.9418 0.6143
0.9453 0.5699 0.002642 12 0.8822 0.4907
0.9342 0.5867 0.01389 21 0.8369 0.4023
0.9479 0.5719 0.009393 20 0.864 0.4456
0.9432 0.5948 0.002718 9 0.896 0.5613
0.9485 0.5781 0.002688 14 0.9211 0.5293
0.9417 0.5388 0.007505 9 0.9241 0.449
0.949 0.597 0.01115 20 0.8342 0.4537
0.935 0.6053 0.009452 13 0.9159 0.48
0.952 0.6024 0.009123 8 0.9343 0.5431
0.9384 0.557 0.007319 11 0.9081 0.4607
0.9261 0.5586 0.006267 12 0.8278 0.4533
0.948 0.5668 0.01146 8 0.932 0.4973
0.9408 0.5595 0.002077 5 0.8268 0.5417
0.9423 0.55 0.01324 20 0.8323 0.3972
0.9558 0.5855 0.0059 18 0.9228 0.5289
0.9412 0.5325 0.007193 13 0.8992 0.4286
0.9401 0.5659 0.007281 11 0.8881 0.4811
0.9292 0.5833 0.003337 12 0.8258 0.5253
0.9577 0.5283 0.009802 11 0.9064 0.4419
0.9376 0.5653 0.01234 11 0.9044 0.4235
0.9291 0.6422 0.007469 15 0.8412 0.4809
0.9495 0.5819 0.01176 19 0.8483 0.4613
0.9468 0.5602 0.004449 13 0.8595 0.4683
0.9473 0.5721 0.005619 16 0.8834 0.4847
0.9495 0.5819 0.01176 19 0.8483 0.4613
0.9396 0.5972 0.01404 8 0.886 0.4583
0.9253 0.5527 0.005872 6 0.9137 0.4451
0.955 0.5839 0.005472 12 0.9064 0.494
0.9552 0.5281 0.01099 25 0.83 0.3649
0.9417 0.5657 0.01316 19 0.7946 0.4324
0.9435 0.5759 0.005446 8 0.9317 0.5245
0.9399 0.5586 0.008507 12 0.9117 0.4491
0.9389 0.5773 0.00724 12 0.9061 0.4812
0.9365 0.5473 0.006596 11 0.8711 0.4157
0.9417 0.5785 0.01283 18 0.8594 0.4067
0.9337 0.5278 0.007411 16 0.8892 0.4045
0.9504 0.557 0.01061 29 0.858 0.3788
0.9388 0.5141 0.01124 24 0.8327 0.4085
0.943 0.5757 0.01031 13 0.8469 0.4779
0.9379 0.5278 0.0087 14 0.8958 0.4403
0.9404 0.5686 0.002549 12 0.8202 0.5286
0.946 0.5632 0.01216 15 0.8716 0.4454
0.9577 0.523 0.008758 18 0.8659 0.4291
0.9467 0.5766 0.01852 21 0.846 0.337
0.943 0.5547 0.01267 24 0.8315 0.4235
0.9486 0.5605 0.003388 7 0.9005 0.5097
0.9412 0.5355 0.0091 12 0.9297 0.4613
0.9241 0.5584 0.006221 15 0.8375 0.4707
0.9591 0.5303 0.00966 19 0.9417 0.3918
0.9399 0.5549 0.03022 10 0.8862 0.3211
0.9485 0.5304 0.008255 18 0.8391 0.425
0.9399 0.5761 0.01402 16 0.8593 0.365
0.9357 0.5686 0.004081 12 0.9046 0.4937
0.9284 0.5887 0.003947 12 0.8354 0.5077
0.9369 0.5928 0.01119 12 0.8674 0.4888
0.9397 0.5955 0.01074 17 0.9223 0.4716
0.9283 0.5724 0.008117 22 0.887 0.4798
0.9334 0.5705 0.009889 18 0.8313 0.4712
0.9335 0.5848 0.009052 19 0.8131 0.4739
0.9466 0.6038 0.003072 4 0.8866 0.5754
0.9379 0.5558 0.007623 13 0.8927 0.4528
0.9457 0.5457 0.004535 20 0.8636 0.4271
0.9527 0.559 0.01163 19 0.8921 0.4332
0.9242 0.5589 0.005826 16 0.8469 0.4136
0.9238 0.6005 0.005427 11 0.8857 0.5226
0.9331 0.5383 0.005773 20 0.8769 0.4537
0.9476 0.5316 0.006942 16 0.83 0.4252
0.9278 0.5265 0.004904 16 0.8405 0.4164
0.9264 0.5867 0.008686 12 0.9091 0.4945
0.9416 0.5587 0.001734 7 0.8891 0.5265
0.9338 0.5894 0.009362 24 0.8805 0.4198
0.9521 0.5568 0.01577 15 0.9336 0.4092
0.9449 0.5634 0.01048 23 0.914 0.3721
0.9391 0.555 0.007889 19 0.8456 0.4819
0.9419 0.5703 0.005237 17 0.8962 0.4969
0.9265 0.5918 0.003152 10 0.9054 0.5533
0.9324 0.5162 0.004781 11 0.7738 0.4215
0.9282 0.5926 0.007392 20 0.8768 0.4465
0.936 0.5563 0.003091 13 0.8643 0.5153
0.9471 0.5628 0.01293 19 0.8738 0.4232
0.9327 0.5716 0.01014 11 0.9198 0.4884
0.9416 0.587 0.006226 10 0.863 0.4913
0.9429 0.5744 0.006947 11 0.8304 0.488
0.9407 0.5751 0.008068 13 0.8943 0.4517
0.9498 0.5361 0.01195 14 0.8526 0.4004
0.9368 0.5454 0.006333 14 0.8456 0.4759
0.9438 0.5797 0.01361 20 0.8465 0.4231
0.945 0.55 0.006822 19 0.8486 0.4643
0.9392 0.5916 0.01782 23 0.8742 0.4062
0.9344 0.5554 0.007453 13 0.8986 0.4744
0.9452 0.5872 0.013 16 0.9199 0.4874
0.9573 0.557 0.006722 14 0.9431 0.4858
0.9326 0.5003 0.0102 7 0.7925 0.3753
0.944 0.5405 0.009279 30 0.8625 0.3723
0.933 0.6093 0.005098 26 0.8499 0.5324
0.9409 0.553 0.008893 26 0.8616 0.4382
0.9564 0.573 0.004896 14 0.8924 0.4999
0.9324 0.5156 0.007774 18 0.8249 0.4086
0.9444 0.5587 0.004918 21 0.8632 0.4663
0.9282 0.5704 0.0107 13 0.832 0.4274
0.9411 0.5248 0.01672 20 0.8764 0.3556
0.911 0.5916 0.002875 16 0.8842 0.5215
0.9373 0.6173 0.003475 15 0.8727 0.5134
0.9286 0.5906 0.01324 16 0.8265 0.4232
0.949 0.5606 0.01103 13 0.9158 0.4541
0.9304 0.5264 0.004935 6 0.8677 0.4744