0.2012 +- -1.00 (1)
0.2149 +- -1.00 (1)
0.1601 +- -1.00 (1)
0.2046 +- -1.00 (1)
0.1961 +- -1.00 (1)
0.1627 +- -1.00 (1)
0.1893 +- -1.00 (1)
0.1874 +- -1.00 (1)
0.1994 +- -1.00 (1)
0.1863 +- -1.00 (1)
0.1897 +- -1.00 (1)
0.2024 +- -1.00 (1)
0.1591 +- -1.00 (1)
0.1775 +- -1.00 (1)
0.1935 +- -1.00 (1)
0.2336 +- -1.00 (1)
0.1740 +- -1.00 (1)
0.2157 +- -1.00 (1)
0.2336 +- -1.00 (1)
0.1829 +- -1.00 (1)
0.2471 +- -1.00 (1)
0.1733 +- -1.00 (1)
0.2193 +- -1.00 (1)
0.2169 +- -1.00 (1)
0.1897 +- -1.00 (1)
0.1619 +- -1.00 (1)
0.2023 +- -1.00 (1)
0.1865 +- -1.00 (1)
0.2132 +- -1.00 (1)
0.2432 +- -1.00 (1)
0.2518 +- -1.00 (1)
0.1672 +- -1.00 (1)
0.1839 +- -1.00 (1)
0.1807 +- -1.00 (1)
0.2156 +- -1.00 (1)
0.1860 +- -1.00 (1)
0.1769 +- -1.00 (1)
0.2076 +- -1.00 (1)
0.1889 +- -1.00 (1)
0.1982 +- -1.00 (1)
0.2234 +- -1.00 (1)
0.2302 +- -1.00 (1)
0.1862 +- -1.00 (1)
0.1925 +- -1.00 (1)
0.2076 +- -1.00 (1)
0.1987 +- -1.00 (1)
0.2383 +- -1.00 (1)
0.2009 +- -1.00 (1)
0.1808 +- -1.00 (1)
0.2008 +- -1.00 (1)
0.1917 +- -1.00 (1)
0.2276 +- -1.00 (1)
0.1876 +- -1.00 (1)
0.1399 +- -1.00 (1)
0.2277 +- -1.00 (1)
0.2147 +- -1.00 (1)
0.2386 +- -1.00 (1)
0.1701 +- -1.00 (1)
0.2018 +- -1.00 (1)
0.2112 +- -1.00 (1)
0.2104 +- -1.00 (1)
0.1614 +- -1.00 (1)
0.1642 +- -1.00 (1)
0.1826 +- -1.00 (1)
0.2027 +- -1.00 (1)
0.1980 +- -1.00 (1)
0.2140 +- -1.00 (1)
0.2363 +- -1.00 (1)
0.2193 +- -1.00 (1)
0.1861 +- -1.00 (1)
0.1692 +- -1.00 (1)
0.1632 +- -1.00 (1)
0.2014 +- -1.00 (1)
0.1911 +- -1.00 (1)
0.2023 +- -1.00 (1)
0.1993 +- -1.00 (1)
0.1619 +- -1.00 (1)
0.2716 +- -1.00 (1)
0.2057 +- -1.00 (1)
0.1822 +- -1.00 (1)
0.2476 +- -1.00 (1)
0.2483 +- -1.00 (1)
0.2235 +- -1.00 (1)
0.2099 +- -1.00 (1)
0.1767 +- -1.00 (1)
0.2143 +- -1.00 (1)
0.1825 +- -1.00 (1)
0.1991 +- -1.00 (1)
0.2458 +- -1.00 (1)
0.2521 +- -1.00 (1)
0.1671 +- -1.00 (1)
0.2276 +- -1.00 (1)
0.1794 +- -1.00 (1)
0.1959 +- -1.00 (1)
0.2012 +- -1.00 (1)
0.2399 +- -1.00 (1)
0.1686 +- -1.00 (1)
0.2110 +- -1.00 (1)
0.2042 +- -1.00 (1)
0.1645 +- -1.00 (1)
0.5046 +- -1.00 (1)
0.5265 +- -1.00 (1)
0.5195 +- -1.00 (1)
0.5423 +- -1.00 (1)
0.5471 +- -1.00 (1)
0.5044 +- -1.00 (1)
0.5492 +- -1.00 (1)
0.5224 +- -1.00 (1)
0.5307 +- -1.00 (1)
0.5147 +- -1.00 (1)
0.5398 +- -1.00 (1)
0.5189 +- -1.00 (1)
0.5181 +- -1.00 (1)
0.5038 +- -1.00 (1)
0.5571 +- -1.00 (1)
0.5255 +- -1.00 (1)
0.5427 +- -1.00 (1)
0.5232 +- -1.00 (1)
0.5255 +- -1.00 (1)
0.5469 +- -1.00 (1)
0.5060 +- -1.00 (1)
0.5134 +- -1.00 (1)
0.5297 +- -1.00 (1)
0.5050 +- -1.00 (1)
0.5402 +- -1.00 (1)
0.5609 +- -1.00 (1)
0.5511 +- -1.00 (1)
0.5248 +- -1.00 (1)
0.5418 +- -1.00 (1)
0.5437 +- -1.00 (1)
0.5301 +- -1.00 (1)
0.5291 +- -1.00 (1)
0.5184 +- -1.00 (1)
0.5317 +- -1.00 (1)
0.5174 +- -1.00 (1)
0.5305 +- -1.00 (1)
0.5108 +- -1.00 (1)
0.5290 +- -1.00 (1)
0.5310 +- -1.00 (1)
0.5565 +- -1.00 (1)
0.5492 +- -1.00 (1)
0.5166 +- -1.00 (1)
0.5007 +- -1.00 (1)
0.5358 +- -1.00 (1)
0.4845 +- -1.00 (1)
0.5358 +- -1.00 (1)
0.5363 +- -1.00 (1)
0.5360 +- -1.00 (1)
0.5198 +- -1.00 (1)
0.5343 +- -1.00 (1)
0.5372 +- -1.00 (1)
0.5423 +- -1.00 (1)
0.5071 +- -1.00 (1)
0.5378 +- -1.00 (1)
0.5369 +- -1.00 (1)
0.5268 +- -1.00 (1)
0.5363 +- -1.00 (1)
0.5323 +- -1.00 (1)
0.5301 +- -1.00 (1)
0.5283 +- -1.00 (1)
0.5332 +- -1.00 (1)
0.5304 +- -1.00 (1)
0.5401 +- -1.00 (1)
0.5592 +- -1.00 (1)
0.5374 +- -1.00 (1)
0.4970 +- -1.00 (1)
0.5221 +- -1.00 (1)
0.5531 +- -1.00 (1)
0.5224 +- -1.00 (1)
0.5217 +- -1.00 (1)
0.5493 +- -1.00 (1)
0.5428 +- -1.00 (1)
0.5386 +- -1.00 (1)
0.5476 +- -1.00 (1)
0.5542 +- -1.00 (1)
0.5561 +- -1.00 (1)
0.5277 +- -1.00 (1)
0.5034 +- -1.00 (1)
0.5348 +- -1.00 (1)
0.5184 +- -1.00 (1)
0.5358 +- -1.00 (1)
0.5513 +- -1.00 (1)
0.5275 +- -1.00 (1)
0.5035 +- -1.00 (1)
0.5180 +- -1.00 (1)
0.5521 +- -1.00 (1)
0.5151 +- -1.00 (1)
0.5343 +- -1.00 (1)
0.5500 +- -1.00 (1)
0.5461 +- -1.00 (1)
0.5086 +- -1.00 (1)
0.5316 +- -1.00 (1)
0.5471 +- -1.00 (1)
0.5208 +- -1.00 (1)
0.5518 +- -1.00 (1)
0.5445 +- -1.00 (1)
0.5454 +- -1.00 (1)
0.5469 +- -1.00 (1)
0.5466 +- -1.00 (1)
0.5072 +- -1.00 (1)
0.3188 +- -1.00 (1)
0.2583 +- -1.00 (1)
0.2511 +- -1.00 (1)
0.3173 +- -1.00 (1)
0.2649 +- -1.00 (1)
0.2749 +- -1.00 (1)
0.2869 +- -1.00 (1)
0.3183 +- -1.00 (1)
0.3876 +- -1.00 (1)
0.2665 +- -1.00 (1)
0.2274 +- -1.00 (1)
0.3243 +- -1.00 (1)
0.3259 +- -1.00 (1)
0.3033 +- -1.00 (1)
0.2813 +- -1.00 (1)
0.3380 +- -1.00 (1)
0.2417 +- -1.00 (1)
0.2794 +- -1.00 (1)
0.3380 +- -1.00 (1)
0.2516 +- -1.00 (1)
0.3229 +- -1.00 (1)
0.3268 +- -1.00 (1)
0.2955 +- -1.00 (1)
0.2750 +- -1.00 (1)
0.3558 +- -1.00 (1)
0.2770 +- -1.00 (1)
0.3249 +- -1.00 (1)
0.3613 +- -1.00 (1)
0.2466 +- -1.00 (1)
0.2389 +- -1.00 (1)
0.3898 +- -1.00 (1)
0.3044 +- -1.00 (1)
0.2456 +- -1.00 (1)
0.3291 +- -1.00 (1)
0.2579 +- -1.00 (1)
0.2514 +- -1.00 (1)
0.2777 +- -1.00 (1)
0.2880 +- -1.00 (1)
0.3607 +- -1.00 (1)
0.2748 +- -1.00 (1)
0.2913 +- -1.00 (1)
0.2588 +- -1.00 (1)
0.2984 +- -1.00 (1)
0.3043 +- -1.00 (1)
0.3031 +- -1.00 (1)
0.2606 +- -1.00 (1)
0.3357 +- -1.00 (1)
0.2645 +- -1.00 (1)
0.3084 +- -1.00 (1)
0.2673 +- -1.00 (1)
0.2886 +- -1.00 (1)
0.2974 +- -1.00 (1)
0.2645 +- -1.00 (1)
0.2563 +- -1.00 (1)
0.3048 +- -1.00 (1)
0.3354 +- -1.00 (1)
0.3451 +- -1.00 (1)
0.3829 +- -1.00 (1)
0.2630 +- -1.00 (1)
0.2870 +- -1.00 (1)
0.2750 +- -1.00 (1)
0.3042 +- -1.00 (1)
0.3154 +- -1.00 (1)
0.3257 +- -1.00 (1)
0.2884 +- -1.00 (1)
0.3139 +- -1.00 (1)
0.2503 +- -1.00 (1)
0.2617 +- -1.00 (1)
0.3461 +- -1.00 (1)
0.3505 +- -1.00 (1)
0.2790 +- -1.00 (1)
0.3194 +- -1.00 (1)
0.3155 +- -1.00 (1)
0.2920 +- -1.00 (1)
0.2880 +- -1.00 (1)
0.2679 +- -1.00 (1)
0.2230 +- -1.00 (1)
0.2645 +- -1.00 (1)
0.3459 +- -1.00 (1)
0.2979 +- -1.00 (1)
0.2707 +- -1.00 (1)
0.2866 +- -1.00 (1)
0.3190 +- -1.00 (1)
0.3027 +- -1.00 (1)
0.3690 +- -1.00 (1)
0.2849 +- -1.00 (1)
0.3413 +- -1.00 (1)
0.3084 +- -1.00 (1)
0.2995 +- -1.00 (1)
0.2727 +- -1.00 (1)
0.2508 +- -1.00 (1)
0.2765 +- -1.00 (1)
0.2986 +- -1.00 (1)
0.2468 +- -1.00 (1)
0.2993 +- -1.00 (1)
0.3339 +- -1.00 (1)
0.2401 +- -1.00 (1)
0.3442 +- -1.00 (1)
0.2973 +- -1.00 (1)
0.2637 +- -1.00 (1)
0.1828 +- -1.00 (1)
0.1869 +- -1.00 (1)
0.2162 +- -1.00 (1)
0.2463 +- -1.00 (1)
0.1947 +- -1.00 (1)
0.2104 +- -1.00 (1)
0.2044 +- -1.00 (1)
0.2401 +- -1.00 (1)
0.2072 +- -1.00 (1)
0.2482 +- -1.00 (1)
0.2708 +- -1.00 (1)
0.2053 +- -1.00 (1)
0.2119 +- -1.00 (1)
0.2369 +- -1.00 (1)
0.2307 +- -1.00 (1)
0.2127 +- -1.00 (1)
0.2320 +- -1.00 (1)
0.2361 +- -1.00 (1)
0.2127 +- -1.00 (1)
0.2098 +- -1.00 (1)
0.2099 +- -1.00 (1)
0.2385 +- -1.00 (1)
0.2280 +- -1.00 (1)
0.2054 +- -1.00 (1)
0.2484 +- -1.00 (1)
0.2089 +- -1.00 (1)
0.2459 +- -1.00 (1)
0.2652 +- -1.00 (1)
0.2398 +- -1.00 (1)
0.2047 +- -1.00 (1)
0.2269 +- -1.00 (1)
0.2340 +- -1.00 (1)
0.1649 +- -1.00 (1)
0.2504 +- -1.00 (1)
0.1828 +- -1.00 (1)
0.1963 +- -1.00 (1)
0.2125 +- -1.00 (1)
0.1951 +- -1.00 (1)
0.2085 +- -1.00 (1)
0.1763 +- -1.00 (1)
0.2171 +- -1.00 (1)
0.1909 +- -1.00 (1)
0.2151 +- -1.00 (1)
0.2022 +- -1.00 (1)
0.2209 +- -1.00 (1)
0.2045 +- -1.00 (1)
0.1991 +- -1.00 (1)
0.2490 +- -1.00 (1)
0.2206 +- -1.00 (1)
0.2241 +- -1.00 (1)
0.2307 +- -1.00 (1)
0.2183 +- -1.00 (1)
0.2525 +- -1.00 (1)
0.1975 +- -1.00 (1)
0.1726 +- -1.00 (1)
0.1720 +- -1.00 (1)
0.2200 +- -1.00 (1)
0.2230 +- -1.00 (1)
0.2322 +- -1.00 (1)
0.2061 +- -1.00 (1)
0.2108 +- -1.00 (1)
0.1891 +- -1.00 (1)
0.2179 +- -1.00 (1)
0.2277 +- -1.00 (1)
0.2092 +- -1.00 (1)
0.2045 +- -1.00 (1)
0.1458 +- -1.00 (1)
0.2327 +- -1.00 (1)
0.2290 +- -1.00 (1)
0.2098 +- -1.00 (1)
0.2326 +- -1.00 (1)
0.2025 +- -1.00 (1)
0.2002 +- -1.00 (1)
0.1953 +- -1.00 (1)
0.2110 +- -1.00 (1)
0.2016 +- -1.00 (1)
0.2009 +- -1.00 (1)
0.1945 +- -1.00 (1)
0.2440 +- -1.00 (1)
0.2768 +- -1.00 (1)
0.2266 +- -1.00 (1)
0.1966 +- -1.00 (1)
0.2028 +- -1.00 (1)
0.2486 +- -1.00 (1)
0.2076 +- -1.00 (1)
0.1931 +- -1.00 (1)
0.2294 +- -1.00 (1)
0.2044 +- -1.00 (1)
0.1968 +- -1.00 (1)
0.2055 +- -1.00 (1)
0.1930 +- -1.00 (1)
0.2113 +- -1.00 (1)
0.1984 +- -1.00 (1)
0.2099 +- -1.00 (1)
0.2081 +- -1.00 (1)
0.2365 +- -1.00 (1)
0.1963 +- -1.00 (1)
0.2378 +- -1.00 (1)
0.2424 +- -1.00 (1)
0.1946 +- -1.00 (1)
0.4791 +- -1.00 (1)
0.5042 +- -1.00 (1)
0.4965 +- -1.00 (1)
0.4703 +- -1.00 (1)
0.4750 +- -1.00 (1)
0.4821 +- -1.00 (1)
0.4539 +- -1.00 (1)
0.4868 +- -1.00 (1)
0.4679 +- -1.00 (1)
0.4957 +- -1.00 (1)
0.5144 +- -1.00 (1)
0.5001 +- -1.00 (1)
0.4913 +- -1.00 (1)
0.4776 +- -1.00 (1)
0.4468 +- -1.00 (1)
0.4725 +- -1.00 (1)
0.4810 +- -1.00 (1)
0.5000 +- -1.00 (1)
0.4725 +- -1.00 (1)
0.4818 +- -1.00 (1)
0.4516 +- -1.00 (1)
0.4776 +- -1.00 (1)
0.4731 +- -1.00 (1)
0.5134 +- -1.00 (1)
0.5239 +- -1.00 (1)
0.4984 +- -1.00 (1)
0.5040 +- -1.00 (1)
0.5013 +- -1.00 (1)
0.4780 +- -1.00 (1)
0.4825 +- -1.00 (1)
0.4829 +- -1.00 (1)
0.4806 +- -1.00 (1)
0.4536 +- -1.00 (1)
0.4811 +- -1.00 (1)
0.4759 +- -1.00 (1)
0.4847 +- -1.00 (1)
0.5035 +- -1.00 (1)
0.4568 +- -1.00 (1)
0.4913 +- -1.00 (1)
0.5019 +- -1.00 (1)
0.4680 +- -1.00 (1)
0.4956 +- -1.00 (1)
0.4367 +- -1.00 (1)
0.4896 +- -1.00 (1)
0.5088 +- -1.00 (1)
0.4364 +- -1.00 (1)
0.4809 +- -1.00 (1)
0.4614 +- -1.00 (1)
0.4818 +- -1.00 (1)
0.4495 +- -1.00 (1)
0.4935 +- -1.00 (1)
0.5077 +- -1.00 (1)
0.4772 +- -1.00 (1)
0.4860 +- -1.00 (1)
0.4794 +- -1.00 (1)
0.5011 +- -1.00 (1)
0.4855 +- -1.00 (1)
0.5066 +- -1.00 (1)
0.4940 +- -1.00 (1)
0.5153 +- -1.00 (1)
0.4730 +- -1.00 (1)
0.5210 +- -1.00 (1)
0.4691 +- -1.00 (1)
0.4951 +- -1.00 (1)
0.4863 +- -1.00 (1)
0.4801 +- -1.00 (1)
0.4467 +- -1.00 (1)
0.4691 +- -1.00 (1)
0.4965 +- -1.00 (1)
0.4896 +- -1.00 (1)
0.4985 +- -1.00 (1)
0.5175 +- -1.00 (1)
0.4733 +- -1.00 (1)
0.4807 +- -1.00 (1)
0.5044 +- -1.00 (1)
0.4788 +- -1.00 (1)
0.4714 +- -1.00 (1)
0.4692 +- -1.00 (1)
0.4757 +- -1.00 (1)
0.4690 +- -1.00 (1)
0.4691 +- -1.00 (1)
0.4803 +- -1.00 (1)
0.5160 +- -1.00 (1)
0.5024 +- -1.00 (1)
0.4901 +- -1.00 (1)
0.4737 +- -1.00 (1)
0.4718 +- -1.00 (1)
0.5057 +- -1.00 (1)
0.4700 +- -1.00 (1)
0.4941 +- -1.00 (1)
0.5050 +- -1.00 (1)
0.5018 +- -1.00 (1)
0.4811 +- -1.00 (1)
0.5086 +- -1.00 (1)
0.4279 +- -1.00 (1)
0.4892 +- -1.00 (1)
0.4884 +- -1.00 (1)
0.5132 +- -1.00 (1)
0.4686 +- -1.00 (1)
0.4727 +- -1.00 (1)
0.4928 +- -1.00 (1)
0.4932 +- -1.00 (1)
0.5056 +- -1.00 (1)
0.4863 +- -1.00 (1)
0.5041 +- -1.00 (1)
0.5319 +- -1.00 (1)
0.4683 +- -1.00 (1)
0.4996 +- -1.00 (1)
0.4714 +- -1.00 (1)
0.4900 +- -1.00 (1)
0.5129 +- -1.00 (1)
0.4679 +- -1.00 (1)
0.4850 +- -1.00 (1)
0.4843 +- -1.00 (1)
0.4913 +- -1.00 (1)
0.4808 +- -1.00 (1)
0.5016 +- -1.00 (1)
0.4785 +- -1.00 (1)
0.4808 +- -1.00 (1)
0.5057 +- -1.00 (1)
0.4706 +- -1.00 (1)
0.4826 +- -1.00 (1)
0.4577 +- -1.00 (1)
0.4654 +- -1.00 (1)
0.4923 +- -1.00 (1)
0.5163 +- -1.00 (1)
0.4703 +- -1.00 (1)
0.4573 +- -1.00 (1)
0.4959 +- -1.00 (1)
0.4727 +- -1.00 (1)
0.4747 +- -1.00 (1)
0.4775 +- -1.00 (1)
0.4750 +- -1.00 (1)
0.4727 +- -1.00 (1)
0.4595 +- -1.00 (1)
0.5064 +- -1.00 (1)
0.5148 +- -1.00 (1)
0.4835 +- -1.00 (1)
0.4732 +- -1.00 (1)
0.4853 +- -1.00 (1)
0.4921 +- -1.00 (1)
0.4758 +- -1.00 (1)
0.4866 +- -1.00 (1)
0.5025 +- -1.00 (1)
0.4768 +- -1.00 (1)
0.4859 +- -1.00 (1)
0.4755 +- -1.00 (1)
0.4586 +- -1.00 (1)
0.4621 +- -1.00 (1)
0.4944 +- -1.00 (1)
0.4502 +- -1.00 (1)
0.4942 +- -1.00 (1)
0.4985 +- -1.00 (1)
0.4890 +- -1.00 (1)
0.4851 +- -1.00 (1)
0.4745 +- -1.00 (1)
0.4932 +- -1.00 (1)
0.4749 +- -1.00 (1)
0.4915 +- -1.00 (1)
0.5020 +- -1.00 (1)
0.4695 +- -1.00 (1)
0.5087 +- -1.00 (1)
0.5072 +- -1.00 (1)
0.4856 +- -1.00 (1)
0.4875 +- -1.00 (1)
0.4828 +- -1.00 (1)
0.4591 +- -1.00 (1)
0.5130 +- -1.00 (1)
0.4817 +- -1.00 (1)
0.4795 +- -1.00 (1)
0.4928 +- -1.00 (1)
0.4891 +- -1.00 (1)
0.4631 +- -1.00 (1)
0.4730 +- -1.00 (1)
0.5074 +- -1.00 (1)
0.4901 +- -1.00 (1)
0.4953 +- -1.00 (1)
0.4798 +- -1.00 (1)
0.4971 +- -1.00 (1)
0.4664 +- -1.00 (1)
0.4756 +- -1.00 (1)
0.4570 +- -1.00 (1)
0.4982 +- -1.00 (1)
0.4755 +- -1.00 (1)
0.4665 +- -1.00 (1)
0.4695 +- -1.00 (1)
0.4831 +- -1.00 (1)
0.4991 +- -1.00 (1)
0.4692 +- -1.00 (1)
0.4851 +- -1.00 (1)
0.4754 +- -1.00 (1)
0.4914 +- -1.00 (1)
0.4674 +- -1.00 (1)
0.4901 +- -1.00 (1)
0.4997 +- -1.00 (1)
0.4727 +- -1.00 (1)
0.4742 +- -1.00 (1)
0.4889 +- -1.00 (1)
0.4906 +- -1.00 (1)
0.4777 +- -1.00 (1)
0.2970 +- -1.00 (1)
0.3013 +- -1.00 (1)
0.2888 +- -1.00 (1)
0.2616 +- -1.00 (1)
0.2861 +- -1.00 (1)
0.2712 +- -1.00 (1)
0.2721 +- -1.00 (1)
0.2471 +- -1.00 (1)
0.2740 +- -1.00 (1)
0.2797 +- -1.00 (1)
0.2464 +- -1.00 (1)
0.2281 +- -1.00 (1)
0.2731 +- -1.00 (1)
0.3439 +- -1.00 (1)
0.2820 +- -1.00 (1)
0.2671 +- -1.00 (1)
0.2741 +- -1.00 (1)
0.3096 +- -1.00 (1)
0.2671 +- -1.00 (1)
0.2750 +- -1.00 (1)
0.2591 +- -1.00 (1)
0.3095 +- -1.00 (1)
0.3097 +- -1.00 (1)
0.2532 +- -1.00 (1)
0.2930 +- -1.00 (1)
0.2193 +- -1.00 (1)
0.2441 +- -1.00 (1)
0.3194 +- -1.00 (1)
0.2865 +- -1.00 (1)
0.2893 +- -1.00 (1)
0.2927 +- -1.00 (1)
0.2112 +- -1.00 (1)
0.3330 +- -1.00 (1)
0.2765 +- -1.00 (1)
0.2374 +- -1.00 (1)
0.2607 +- -1.00 (1)
0.2902 +- -1.00 (1)
0.2620 +- -1.00 (1)
0.2828 +- -1.00 (1)
0.2468 +- -1.00 (1)
0.2977 +- -1.00 (1)
0.2702 +- -1.00 (1)
0.2785 +- -1.00 (1)
0.2449 +- -1.00 (1)
0.3178 +- -1.00 (1)
0.2337 +- -1.00 (1)
0.2665 +- -1.00 (1)
0.2557 +- -1.00 (1)
0.2745 +- -1.00 (1)
0.3162 +- -1.00 (1)
0.2720 +- -1.00 (1)
0.3387 +- -1.00 (1)
0.2533 +- -1.00 (1)
0.2440 +- -1.00 (1)
0.2571 +- -1.00 (1)
0.2731 +- -1.00 (1)
0.2537 +- -1.00 (1)
0.2365 +- -1.00 (1)
0.2695 +- -1.00 (1)
0.2054 +- -1.00 (1)
0.2740 +- -1.00 (1)
0.2342 +- -1.00 (1)
0.2708 +- -1.00 (1)
0.2274 +- -1.00 (1)
0.2443 +- -1.00 (1)
0.2915 +- -1.00 (1)
0.2805 +- -1.00 (1)
0.3195 +- -1.00 (1)
0.2243 +- -1.00 (1)
0.2884 +- -1.00 (1)
0.2959 +- -1.00 (1)
0.2165 +- -1.00 (1)
0.2234 +- -1.00 (1)
0.2306 +- -1.00 (1)
0.2944 +- -1.00 (1)
0.2379 +- -1.00 (1)
0.2710 +- -1.00 (1)
0.3062 +- -1.00 (1)
0.2663 +- -1.00 (1)
0.3047 +- -1.00 (1)
0.3149 +- -1.00 (1)
0.2654 +- -1.00 (1)
0.2773 +- -1.00 (1)
0.2962 +- -1.00 (1)
0.2955 +- -1.00 (1)
0.2862 +- -1.00 (1)
0.2312 +- -1.00 (1)
0.3198 +- -1.00 (1)
0.2201 +- -1.00 (1)
0.2711 +- -1.00 (1)
0.3062 +- -1.00 (1)
0.2321 +- -1.00 (1)
0.2568 +- -1.00 (1)
0.2589 +- -1.00 (1)
0.2841 +- -1.00 (1)
0.2414 +- -1.00 (1)
0.2960 +- -1.00 (1)
0.2113 +- -1.00 (1)
0.3557 +- -1.00 (1)
0.2533 +- -1.00 (1)
0.4103 +- -1.00 (1)
0.4588 +- -1.00 (1)
0.4997 +- -1.00 (1)
0.4459 +- -1.00 (1)
0.4576 +- -1.00 (1)
0.4531 +- -1.00 (1)
0.4640 +- -1.00 (1)
0.4645 +- -1.00 (1)
0.4680 +- -1.00 (1)
0.4436 +- -1.00 (1)
0.4794 +- -1.00 (1)
0.4310 +- -1.00 (1)
0.4674 +- -1.00 (1)
0.4448 +- -1.00 (1)
0.4299 +- -1.00 (1)
0.5038 +- -1.00 (1)
0.4373 +- -1.00 (1)
0.5015 +- -1.00 (1)
0.5038 +- -1.00 (1)
0.4798 +- -1.00 (1)
0.4806 +- -1.00 (1)
0.4495 +- -1.00 (1)
0.5019 +- -1.00 (1)
0.4578 +- -1.00 (1)
0.4284 +- -1.00 (1)
0.4172 +- -1.00 (1)
0.4220 +- -1.00 (1)
0.4644 +- -1.00 (1)
0.4190 +- -1.00 (1)
0.4850 +- -1.00 (1)
0.4451 +- -1.00 (1)
0.4934 +- -1.00 (1)
0.5198 +- -1.00 (1)
0.4750 +- -1.00 (1)
0.4316 +- -1.00 (1)
0.4990 +- -1.00 (1)
0.4651 +- -1.00 (1)
0.4752 +- -1.00 (1)
0.4709 +- -1.00 (1)
0.4347 +- -1.00 (1)
0.4819 +- -1.00 (1)
0.4620 +- -1.00 (1)
0.4451 +- -1.00 (1)
0.4829 +- -1.00 (1)
0.5077 +- -1.00 (1)
0.4793 +- -1.00 (1)
0.4651 +- -1.00 (1)
0.4270 +- -1.00 (1)
0.4487 +- -1.00 (1)
0.4757 +- -1.00 (1)
0.4747 +- -1.00 (1)
0.4497 +- -1.00 (1)
0.4649 +- -1.00 (1)
0.4334 +- -1.00 (1)
0.4831 +- -1.00 (1)
0.4621 +- -1.00 (1)
0.4647 +- -1.00 (1)
0.5410 +- -1.00 (1)
0.4818 +- -1.00 (1)
0.4360 +- -1.00 (1)
0.4750 +- -1.00 (1)
0.4811 +- -1.00 (1)
0.4414 +- -1.00 (1)
0.4807 +- -1.00 (1)
0.4739 +- -1.00 (1)
0.4861 +- -1.00 (1)
0.4447 +- -1.00 (1)
0.4401 +- -1.00 (1)
0.4853 +- -1.00 (1)
0.4291 +- -1.00 (1)
0.4348 +- -1.00 (1)
0.4518 +- -1.00 (1)
0.4843 +- -1.00 (1)
0.4804 +- -1.00 (1)
0.4812 +- -1.00 (1)
0.4816 +- -1.00 (1)
0.4479 +- -1.00 (1)
0.4401 +- -1.00 (1)
0.4514 +- -1.00 (1)
0.4507 +- -1.00 (1)
0.4688 +- -1.00 (1)
0.4769 +- -1.00 (1)
0.4403 +- -1.00 (1)
0.4908 +- -1.00 (1)
0.4522 +- -1.00 (1)
0.5131 +- -1.00 (1)
0.5196 +- -1.00 (1)
0.4963 +- -1.00 (1)
0.4479 +- -1.00 (1)
0.4699 +- -1.00 (1)
0.4808 +- -1.00 (1)
0.4479 +- -1.00 (1)
0.5208 +- -1.00 (1)
0.5241 +- -1.00 (1)
0.4849 +- -1.00 (1)
0.5109 +- -1.00 (1)
0.4440 +- -1.00 (1)
0.5140 +- -1.00 (1)
0.4723 +- -1.00 (1)
0.4927 +- -1.00 (1)
0.4180 +- -1.00 (1)
0.4146 +- -1.00 (1)
0.4183 +- -1.00 (1)
0.4116 +- -1.00 (1)
0.3946 +- -1.00 (1)
0.4103 +- -1.00 (1)
0.4412 +- -1.00 (1)
0.3809 +- -1.00 (1)
0.4427 +- -1.00 (1)
0.4308 +- -1.00 (1)
0.4205 +- -1.00 (1)
0.4303 +- -1.00 (1)
0.4250 +- -1.00 (1)
0.3662 +- -1.00 (1)
0.4097 +- -1.00 (1)
0.4369 +- -1.00 (1)
0.4730 +- -1.00 (1)
0.4062 +- -1.00 (1)
0.4536 +- -1.00 (1)
0.4392 +- -1.00 (1)
0.4620 +- -1.00 (1)
0.4528 +- -1.00 (1)
0.4631 +- -1.00 (1)
0.4212 +- -1.00 (1)
0.4377 +- -1.00 (1)
0.4532 +- -1.00 (1)
0.4031 +- -1.00 (1)
0.4053 +- -1.00 (1)
0.4127 +- -1.00 (1)
0.4566 +- -1.00 (1)
0.4167 +- -1.00 (1)
0.4498 +- -1.00 (1)
0.4375 +- -1.00 (1)
0.3848 +- -1.00 (1)
0.4814 +- -1.00 (1)
0.4385 +- -1.00 (1)
0.4054 +- -1.00 (1)
0.3826 +- -1.00 (1)
0.4469 +- -1.00 (1)
0.4158 +- -1.00 (1)
0.4345 +- -1.00 (1)
0.4636 +- -1.00 (1)
0.4112 +- -1.00 (1)
0.4307 +- -1.00 (1)
0.3759 +- -1.00 (1)
0.4095 +- -1.00 (1)
0.5175 +- -1.00 (1)
0.4152 +- -1.00 (1)
0.3614 +- -1.00 (1)
0.5099 +- -1.00 (1)
0.3676 +- -1.00 (1)
0.4463 +- -1.00 (1)
0.4102 +- -1.00 (1)
0.4253 +- -1.00 (1)
0.4186 +- -1.00 (1)
0.4380 +- -1.00 (1)
0.4161 +- -1.00 (1)
0.4720 +- -1.00 (1)
0.5032 +- -1.00 (1)
0.4007 +- -1.00 (1)
0.4118 +- -1.00 (1)
0.4206 +- -1.00 (1)
0.4357 +- -1.00 (1)
0.3942 +- -1.00 (1)
0.4836 +- -1.00 (1)
0.4298 +- -1.00 (1)
0.3826 +- -1.00 (1)
0.3905 +- -1.00 (1)
0.4062 +- -1.00 (1)
0.4501 +- -1.00 (1)
0.4485 +- -1.00 (1)
0.4402 +- -1.00 (1)
0.3935 +- -1.00 (1)
0.3885 +- -1.00 (1)
0.5069 +- -1.00 (1)
0.4626 +- -1.00 (1)
0.4207 +- -1.00 (1)
0.4306 +- -1.00 (1)
0.4301 +- -1.00 (1)
0.4245 +- -1.00 (1)
0.4620 +- -1.00 (1)
0.4105 +- -1.00 (1)
0.4741 +- -1.00 (1)
0.4427 +- -1.00 (1)
0.4258 +- -1.00 (1)
0.4163 +- -1.00 (1)
0.4398 +- -1.00 (1)
0.3592 +- -1.00 (1)
0.4626 +- -1.00 (1)
0.3969 +- -1.00 (1)
0.3952 +- -1.00 (1)
0.3667 +- -1.00 (1)
0.4465 +- -1.00 (1)
0.4654 +- -1.00 (1)
0.4128 +- -1.00 (1)
0.4888 +- -1.00 (1)
0.4408 +- -1.00 (1)
0.4558 +- -1.00 (1)
0.4346 +- -1.00 (1)
0.4019 +- -1.00 (1)
0.5337 +- -1.00 (1)
0.5400 +- -1.00 (1)
0.4776 +- -1.00 (1)
0.5107 +- -1.00 (1)
0.5294 +- -1.00 (1)
0.5210 +- -1.00 (1)
0.5294 +- -1.00 (1)
0.5076 +- -1.00 (1)
0.5028 +- -1.00 (1)
0.5090 +- -1.00 (1)
0.5070 +- -1.00 (1)
0.4875 +- -1.00 (1)
0.5041 +- -1.00 (1)
0.4957 +- -1.00 (1)
0.4847 +- -1.00 (1)
0.5180 +- -1.00 (1)
0.5180 +- -1.00 (1)
0.5100 +- -1.00 (1)
0.4839 +- -1.00 (1)
0.5005 +- -1.00 (1)
0.4849 +- -1.00 (1)
0.4645 +- -1.00 (1)
0.4755 +- -1.00 (1)
0.5269 +- -1.00 (1)
0.4897 +- -1.00 (1)
0.4965 +- -1.00 (1)
0.5086 +- -1.00 (1)
0.4988 +- -1.00 (1)
0.5090 +- -1.00 (1)
0.5082 +- -1.00 (1)
0.4917 +- -1.00 (1)
0.5116 +- -1.00 (1)
0.5038 +- -1.00 (1)
0.4830 +- -1.00 (1)
0.4741 +- -1.00 (1)
0.4860 +- -1.00 (1)
0.5073 +- -1.00 (1)
0.4983 +- -1.00 (1)
0.5358 +- -1.00 (1)
0.5157 +- -1.00 (1)
0.4642 +- -1.00 (1)
0.5372 +- -1.00 (1)
0.5187 +- -1.00 (1)
0.4879 +- -1.00 (1)
0.5271 +- -1.00 (1)
0.5392 +- -1.00 (1)
0.5171 +- -1.00 (1)
0.5201 +- -1.00 (1)
0.4756 +- -1.00 (1)
0.4430 +- -1.00 (1)
0.5049 +- -1.00 (1)
0.4687 +- -1.00 (1)
0.4508 +- -1.00 (1)
0.5457 +- -1.00 (1)
0.5024 +- -1.00 (1)
0.5527 +- -1.00 (1)
0.4429 +- -1.00 (1)
0.4907 +- -1.00 (1)
0.5475 +- -1.00 (1)
0.4857 +- -1.00 (1)
0.5212 +- -1.00 (1)
0.4674 +- -1.00 (1)
0.4802 +- -1.00 (1)
0.5219 +- -1.00 (1)
0.5117 +- -1.00 (1)
0.5237 +- -1.00 (1)
0.5214 +- -1.00 (1)
0.5099 +- -1.00 (1)
0.5428 +- -1.00 (1)
0.5039 +- -1.00 (1)
0.4987 +- -1.00 (1)
0.4920 +- -1.00 (1)
0.5490 +- -1.00 (1)
0.4874 +- -1.00 (1)
0.5228 +- -1.00 (1)
0.5016 +- -1.00 (1)
0.4576 +- -1.00 (1)
0.5244 +- -1.00 (1)
0.5293 +- -1.00 (1)
0.4738 +- -1.00 (1)
0.4932 +- -1.00 (1)
0.5319 +- -1.00 (1)
0.4593 +- -1.00 (1)
0.5468 +- -1.00 (1)
0.5304 +- -1.00 (1)
0.5117 +- -1.00 (1)
0.4793 +- -1.00 (1)
0.5450 +- -1.00 (1)
0.5344 +- -1.00 (1)
0.4795 +- -1.00 (1)
0.5119 +- -1.00 (1)
0.5263 +- -1.00 (1)
0.5023 +- -1.00 (1)
0.5364 +- -1.00 (1)
0.5343 +- -1.00 (1)
0.5294 +- -1.00 (1)
0.5259 +- -1.00 (1)
0.5308 +- -1.00 (1)
0.5102 +- -1.00 (1)
0.4910 +- -1.00 (1)
0.5035 +- -1.00 (1)
0.5024 +- -1.00 (1)
0.4913 +- -1.00 (1)
0.4987 +- -1.00 (1)
0.4805 +- -1.00 (1)
0.4787 +- -1.00 (1)
0.4998 +- -1.00 (1)
0.4935 +- -1.00 (1)
0.5129 +- -1.00 (1)
0.4835 +- -1.00 (1)
0.4895 +- -1.00 (1)
0.4738 +- -1.00 (1)
0.4883 +- -1.00 (1)
0.4821 +- -1.00 (1)
0.5250 +- -1.00 (1)
0.4918 +- -1.00 (1)
0.4825 +- -1.00 (1)
0.5047 +- -1.00 (1)
0.4918 +- -1.00 (1)
0.5000 +- -1.00 (1)
0.4845 +- -1.00 (1)
0.5200 +- -1.00 (1)
0.4692 +- -1.00 (1)
0.4888 +- -1.00 (1)
0.5129 +- -1.00 (1)
0.4839 +- -1.00 (1)
0.5060 +- -1.00 (1)
0.4761 +- -1.00 (1)
0.4938 +- -1.00 (1)
0.4921 +- -1.00 (1)
0.4689 +- -1.00 (1)
0.4877 +- -1.00 (1)
0.4940 +- -1.00 (1)
0.4669 +- -1.00 (1)
0.4939 +- -1.00 (1)
0.4960 +- -1.00 (1)
0.4713 +- -1.00 (1)
0.4701 +- -1.00 (1)
0.4928 +- -1.00 (1)
0.4875 +- -1.00 (1)
0.4755 +- -1.00 (1)
0.4661 +- -1.00 (1)
0.4864 +- -1.00 (1)
0.4791 +- -1.00 (1)
0.4626 +- -1.00 (1)
0.4925 +- -1.00 (1)
0.4958 +- -1.00 (1)
0.4758 +- -1.00 (1)
0.4785 +- -1.00 (1)
0.5371 +- -1.00 (1)
0.4945 +- -1.00 (1)
0.4645 +- -1.00 (1)
0.4888 +- -1.00 (1)
0.5115 +- -1.00 (1)
0.4947 +- -1.00 (1)
0.5003 +- -1.00 (1)
0.5058 +- -1.00 (1)
0.4721 +- -1.00 (1)
0.5088 +- -1.00 (1)
0.4863 +- -1.00 (1)
0.4659 +- -1.00 (1)
0.4672 +- -1.00 (1)
0.4830 +- -1.00 (1)
0.4802 +- -1.00 (1)
0.4748 +- -1.00 (1)
0.4797 +- -1.00 (1)
0.5055 +- -1.00 (1)
0.4924 +- -1.00 (1)
0.4977 +- -1.00 (1)
0.4999 +- -1.00 (1)
0.4598 +- -1.00 (1)
0.5319 +- -1.00 (1)
0.5009 +- -1.00 (1)
0.4909 +- -1.00 (1)
0.4816 +- -1.00 (1)
0.4992 +- -1.00 (1)
0.5144 +- -1.00 (1)
0.4846 +- -1.00 (1)
0.4774 +- -1.00 (1)
0.4731 +- -1.00 (1)
0.4760 +- -1.00 (1)
0.4864 +- -1.00 (1)
0.5120 +- -1.00 (1)
0.4714 +- -1.00 (1)
0.5250 +- -1.00 (1)
0.5078 +- -1.00 (1)
0.4222 +- -1.00 (1)
0.4915 +- -1.00 (1)
0.5128 +- -1.00 (1)
0.5080 +- -1.00 (1)
0.4860 +- -1.00 (1)
0.4923 +- -1.00 (1)
0.5032 +- -1.00 (1)
0.4633 +- -1.00 (1)
0.4728 +- -1.00 (1)
0.4943 +- -1.00 (1)
0.5001 +- -1.00 (1)
0.4730 +- -1.00 (1)
0.4892 +- -1.00 (1)
0.4695 +- -1.00 (1)
