0.6695 
0.6683 
0.5886 
0.6270 
0.7041 
0.6298 
0.6348 
0.6177 
0.6760 
0.6553 
0.6232 
0.6411 
0.5699 
0.6225 
0.6362 
0.7027 
0.6083 
0.6766 
0.7027 
0.6125 
0.7049 
0.6153 
0.7083 
0.6556 
0.6793 
0.5935 
0.6475 
0.5904 
0.6566 
0.6864 
0.6975 
0.6416 
0.6347 
0.6582 
0.6393 
0.6270 
0.6020 
0.6524 
0.6418 
0.6374 
0.6820 
0.7106 
0.6183 
0.6683 
0.6885 
0.6661 
0.7166 
0.6410 
0.5907 
0.6513 
0.6417 
0.6757 
0.6438 
0.5852 
0.6513 
0.6658 
0.6808 
0.6105 
0.6476 
0.6518 
0.6519 
0.5813 
0.6180 
0.6455 
0.6865 
0.6631 
0.6372 
0.6826 
0.6599 
0.6394 
0.5988 
0.5929 
0.6292 
0.6197 
0.6828 
0.6663 
0.5783 
0.7705 
0.6779 
0.6343 
0.7338 
0.6634 
0.6720 
0.6250 
0.6414 
0.6384 
0.6402 
0.6308 
0.6935 
0.7293 
0.6069 
0.6426 
0.6026 
0.6786 
0.6395 
0.6908 
0.6442 
0.6618 
0.6287 
0.6181 
0.9440 
0.9472 
0.9457 
0.9487 
0.9548 
0.9270 
0.9571 
0.9437 
0.9454 
0.9384 
0.9456 
0.9501 
0.9346 
0.9472 
0.9532 
0.9466 
0.9549 
0.9499 
0.9466 
0.9539 
0.9502 
0.9433 
0.9480 
0.9505 
0.9431 
0.9544 
0.9532 
0.9486 
0.9302 
0.9559 
0.9186 
0.9386 
0.9346 
0.9440 
0.9441 
0.9390 
0.9330 
0.9417 
0.9514 
0.9505 
0.9468 
0.9474 
0.9507 
0.9489 
0.9350 
0.9380 
0.9593 
0.9443 
0.9348 
0.9569 
0.9479 
0.9462 
0.9338 
0.9433 
0.9378 
0.9524 
0.9474 
0.9484 
0.9403 
0.9578 
0.9380 
0.9465 
0.9492 
0.9501 
0.9350 
0.9346 
0.9360 
0.9551 
0.9390 
0.9524 
0.9501 
0.9561 
0.9578 
0.9518 
0.9568 
0.9467 
0.9410 
0.9504 
0.9395 
0.9486 
0.9509 
0.9426 
0.9440 
0.9371 
0.9502 
0.9500 
0.9505 
0.9461 
0.9476 
0.9400 
0.9401 
0.9424 
0.9444 
0.9364 
0.9557 
0.9526 
0.9457 
0.9451 
0.9524 
0.9434 
0.8602 
0.7619 
0.7341 
0.8182 
0.7558 
0.7744 
0.7883 
0.8229 
0.8992 
0.7815 
0.7305 
0.8526 
0.8156 
0.8173 
0.8033 
0.8625 
0.7341 
0.7592 
0.8625 
0.8039 
0.8341 
0.8475 
0.7866 
0.7984 
0.8814 
0.7791 
0.8234 
0.8732 
0.7665 
0.7866 
0.8830 
0.8128 
0.7684 
0.8577 
0.8099 
0.7648 
0.7983 
0.8367 
0.8567 
0.7993 
0.8135 
0.7742 
0.8116 
0.8049 
0.8223 
0.7922 
0.8363 
0.7863 
0.8462 
0.7965 
0.7958 
0.8172 
0.7619 
0.7599 
0.8332 
0.8546 
0.8629 
0.9112 
0.7778 
0.8231 
0.7932 
0.8203 
0.8266 
0.7944 
0.7897 
0.8222 
0.7605 
0.7998 
0.8564 
0.8557 
0.7791 
0.8017 
0.8226 
0.8110 
0.8197 
0.7987 
0.7309 
0.7772 
0.8443 
0.7970 
0.7805 
0.8205 
0.8127 
0.8241 
0.8804 
0.7942 
0.8336 
0.8030 
0.7920 
0.7796 
0.7447 
0.8068 
0.8098 
0.7279 
0.7988 
0.8387 
0.7155 
0.8268 
0.8170 
0.7773 
0.6272 
0.6424 
0.6444 
0.7238 
0.6168 
0.7079 
0.6852 
0.6988 
0.6786 
0.6967 
0.7661 
0.6714 
0.7206 
0.7180 
0.6710 
0.6490 
0.6903 
0.7433 
0.6490 
0.6693 
0.6838 
0.7447 
0.7128 
0.6591 
0.7311 
0.6608 
0.7411 
0.7945 
0.6832 
0.6323 
0.7376 
0.7327 
0.6150 
0.7180 
0.6060 
0.6599 
0.6749 
0.6594 
0.6964 
0.6700 
0.7043 
0.6546 
0.6674 
0.6333 
0.6979 
0.6544 
0.6646 
0.7852 
0.6760 
0.7157 
0.7129 
0.6494 
0.7220 
0.6323 
0.6192 
0.5931 
0.7346 
0.7076 
0.7433 
0.7180 
0.6403 
0.6232 
0.6678 
0.7128 
0.6541 
0.6950 
0.5602 
0.7064 
0.7096 
0.6985 
0.7173 
0.6715 
0.6728 
0.6347 
0.7086 
0.6432 
0.6932 
0.6576 
0.7221 
0.7292 
0.6891 
0.6509 
0.6792 
0.7147 
0.6779 
0.6510 
0.7221 
0.6798 
0.6579 
0.6551 
0.6231 
0.6856 
0.6607 
0.6659 
0.6583 
0.7509 
0.6540 
0.6871 
0.7205 
0.6284 
0.9226 
0.9447 
0.9306 
0.9237 
0.9367 
0.9210 
0.9142 
0.9128 
0.9175 
0.9312 
0.9213 
0.9265 
0.9393 
0.9481 
0.9162 
0.9363 
0.9146 
0.9360 
0.9363 
0.9309 
0.9175 
0.9198 
0.9118 
0.9411 
0.9344 
0.9286 
0.9312 
0.9459 
0.9221 
0.9340 
0.9358 
0.9226 
0.9010 
0.9482 
0.9213 
0.9355 
0.9293 
0.9388 
0.9396 
0.9378 
0.9144 
0.9222 
0.9164 
0.9329 
0.9357 
0.8936 
0.9277 
0.9179 
0.9112 
0.9140 
0.9430 
0.9309 
0.9299 
0.9299 
0.9186 
0.9159 
0.9315 
0.9341 
0.9156 
0.9299 
0.9315 
0.9414 
0.9315 
0.9231 
0.9309 
0.9336 
0.9155 
0.9031 
0.9011 
0.9354 
0.9342 
0.9366 
0.9230 
0.9040 
0.9358 
0.9337 
0.9104 
0.9308 
0.9157 
0.9309 
0.9321 
0.9190 
0.9359 
0.9353 
0.9292 
0.9255 
0.9266 
0.9320 
0.9068 
0.9283 
0.9342 
0.9284 
0.9369 
0.9216 
0.9174 
0.9494 
0.9295 
0.9317 
0.9431 
0.9198 
0.8547 
0.9189 
0.9321 
0.9339 
0.9359 
0.9432 
0.9301 
0.9253 
0.9367 
0.9288 
0.9386 
0.9323 
0.9210 
0.9241 
0.9200 
0.9327 
0.9344 
0.9285 
0.9327 
0.9193 
0.9320 
0.9327 
0.9126 
0.9263 
0.9315 
0.9275 
0.9388 
0.9376 
0.9361 
0.9354 
0.9247 
0.9357 
0.9346 
0.9286 
0.9404 
0.9306 
0.9410 
0.9172 
0.9385 
0.9271 
0.9303 
0.9264 
0.9119 
0.9297 
0.9396 
0.9364 
0.9374 
0.9403 
0.9041 
0.9211 
0.9378 
0.9180 
0.9419 
0.9342 
0.9283 
0.9430 
0.9386 
0.9498 
0.9219 
0.9312 
0.9402 
0.9315 
0.9240 
0.9450 
0.9139 
0.9130 
0.9429 
0.9372 
0.9280 
0.9164 
0.9389 
0.9437 
0.9238 
0.8989 
0.9281 
0.9255 
0.9271 
0.9409 
0.9278 
0.9088 
0.9277 
0.9254 
0.9315 
0.9386 
0.9321 
0.9266 
0.9372 
0.9341 
0.9323 
0.9329 
0.9379 
0.9289 
0.9379 
0.9433 
0.9392 
0.9314 
0.9375 
0.9297 
0.9343 
0.9390 
0.7607 
0.7603 
0.7418 
0.7187 
0.7574 
0.7176 
0.7560 
0.7367 
0.7761 
0.7432 
0.6861 
0.6927 
0.7198 
0.7697 
0.7356 
0.7329 
0.7570 
0.7352 
0.7329 
0.7296 
0.7140 
0.7704 
0.7925 
0.7149 
0.7681 
0.6963 
0.6813 
0.8000 
0.7285 
0.7575 
0.7937 
0.6861 
0.7868 
0.7251 
0.6927 
0.7151 
0.7677 
0.7110 
0.7602 
0.7134 
0.7462 
0.7117 
0.7308 
0.7522 
0.8148 
0.7138 
0.7336 
0.6916 
0.7252 
0.7469 
0.7266 
0.7836 
0.7360 
0.7083 
0.7280 
0.7280 
0.7430 
0.6967 
0.7412 
0.6397 
0.7308 
0.6716 
0.7371 
0.6818 
0.6861 
0.7176 
0.7349 
0.7488 
0.6862 
0.7466 
0.7650 
0.6748 
0.6565 
0.6983 
0.7137 
0.6620 
0.7277 
0.7675 
0.7182 
0.7585 
0.8162 
0.7282 
0.7157 
0.7645 
0.7520 
0.7480 
0.6869 
0.7537 
0.6828 
0.7377 
0.7823 
0.6801 
0.7327 
0.6913 
0.7225 
0.7014 
0.7691 
0.6484 
0.8041 
0.6939 
0.8055 
0.9327 
0.7839 
0.7952 
0.8164 
0.7643 
0.8268 
0.7998 
0.8374 
0.7209 
0.8685 
0.8305 
0.7905 
0.7958 
0.7673 
0.9593 
0.7382 
0.9251 
0.9593 
0.9090 
0.8546 
0.8424 
0.9549 
0.7855 
0.7758 
0.6789 
0.7078 
0.7534 
0.7407 
0.9295 
0.8213 
0.9480 
0.9279 
0.8275 
0.7671 
0.8779 
0.7656 
0.9071 
0.7894 
0.8224 
0.9092 
0.8143 
0.8012 
0.9409 
0.9511 
0.9047 
0.8135 
0.7588 
0.8151 
0.8773 
0.8445 
0.8156 
0.8396 
0.7437 
0.8251 
0.8040 
0.9265 
0.9162 
0.7694 
0.8822 
0.8950 
0.9560 
0.7819 
0.7655 
0.8006 
0.9269 
0.8113 
0.8202 
0.7807 
0.7663 
0.7377 
0.7905 
0.8451 
0.7828 
0.9224 
0.9212 
0.8185 
0.7909 
0.7834 
0.7967 
0.8903 
0.8099 
0.7990 
0.8843 
0.7307 
0.9441 
0.9479 
0.8989 
0.8757 
0.9182 
0.9168 
0.7843 
0.9197 
0.9411 
0.8713 
0.9283 
0.7129 
0.9348 
0.8341 
0.9122 
0.8059 
0.7989 
0.8331 
0.8381 
0.7304 
0.8429 
0.8280 
0.7544 
0.8341 
0.8635 
0.7792 
0.8062 
0.8240 
0.8221 
0.8182 
0.8041 
0.8801 
0.7757 
0.9147 
0.8631 
0.9398 
0.8878 
0.8604 
0.8723 
0.8235 
0.8803 
0.8041 
0.7571 
0.8007 
0.8571 
0.8214 
0.8764 
0.9029 
0.7782 
0.9252 
0.8564 
0.8258 
0.7516 
0.8833 
0.8000 
0.8648 
0.8622 
0.8094 
0.8316 
0.7474 
0.8028 
0.9560 
0.8081 
0.7148 
0.9414 
0.6969 
0.8801 
0.7999 
0.7769 
0.8383 
0.8433 
0.8137 
0.9429 
0.9269 
0.7609 
0.8566 
0.8311 
0.8126 
0.8154 
0.9550 
0.8521 
0.7812 
0.8018 
0.7970 
0.8617 
0.7918 
0.8478 
0.8487 
0.6957 
0.9358 
0.8653 
0.8198 
0.9025 
0.8297 
0.7540 
0.9470 
0.8957 
0.9419 
0.8250 
0.8078 
0.8802 
0.7658 
0.6557 
0.8328 
0.7276 
0.8093 
0.6953 
0.8884 
0.8452 
0.7916 
0.9347 
0.8990 
0.9437 
0.8144 
0.7836 
0.9483 
0.8966 
0.8843 
0.9302 
0.9263 
0.9348 
0.8699 
0.8806 
0.8758 
0.9307 
0.8482 
0.8011 
0.9119 
0.8412 
0.9027 
0.9330 
0.9330 
0.8935 
0.7652 
0.8666 
0.8757 
0.8800 
0.8040 
0.9221 
0.9186 
0.8863 
0.9409 
0.9142 
0.8671 
0.9225 
0.9508 
0.8618 
0.8969 
0.9052 
0.7834 
0.9028 
0.9224 
0.9349 
0.8769 
0.9236 
0.7669 
0.9366 
0.9401 
0.8009 
0.9437 
0.9420 
0.9475 
0.9470 
0.8792 
0.8979 
0.9354 
0.8214 
0.8243 
0.9429 
0.9379 
0.9476 
0.8518 
0.9015 
0.9490 
0.8156 
0.9196 
0.9295 
0.8784 
0.9278 
0.9347 
0.9472 
0.8808 
0.9263 
0.9266 
0.9256 
0.9083 
0.9301 
0.9348 
0.8504 
0.8941 
0.7971 
0.9286 
0.9362 
0.9313 
0.8638 
0.9085 
0.8906 
0.8320 
0.8552 
0.9250 
0.8705 
0.8024 
0.9211 
0.9330 
0.8443 
0.9363 
0.9167 
0.8872 
0.8394 
0.9281 
0.9160 
0.9458 
0.9080 
0.8379 
0.8680 
0.9490 
0.9349 
0.9523 
0.9379 
0.9322 
0.9480 
0.9408 
0.9378 
0.9329 
0.9412 
0.9400 
0.9292 
0.9577 
0.9373 
0.9291 
0.9446 
0.9468 
0.9473 
0.9446 
0.9414 
0.9235 
0.9548 
0.9551 
0.9416 
0.9418 
0.9402 
0.9389 
0.9361 
0.9414 
0.9337 
0.9503 
0.9385 
0.9435 
0.9378 
0.9308 
0.9460 
0.9577 
0.9467 
0.9429 
0.9476 
0.9412 
0.9289 
0.9587 
0.9397 
0.9358 
0.9400 
0.9357 
0.9280 
0.9369 
0.9395 
0.9283 
0.9326 
0.9335 
0.9470 
0.9377 
0.9430 
0.9527 
0.9241 
0.9171 
0.9117 
0.9328 
0.9277 
0.9259 
0.8917 
0.9335 
0.9527 
0.9468 
0.9390 
0.9419 
0.9265 
0.9324 
0.9329 
0.9358 
0.9471 
0.9327 
0.9414 
0.9429 
0.9428 
0.9498 
0.9371 
0.9438 
0.9449 
0.9388 
0.9334 
0.9452 
0.9575 
0.8691 
0.9435 
0.9321 
0.9396 
0.9553 
0.9323 
0.9429 
0.9282 
0.9405 
0.9171 
0.9373 
0.9285 
0.9490 
0.9304 
