0.1871 +- -1.00 (1)
0.2265 +- -1.00 (1)
0.1893 +- -1.00 (1)
0.1914 +- -1.00 (1)
0.2022 +- -1.00 (1)
0.1591 +- -1.00 (1)
0.1928 +- -1.00 (1)
0.1894 +- -1.00 (1)
0.2235 +- -1.00 (1)
0.2020 +- -1.00 (1)
0.1974 +- -1.00 (1)
0.2058 +- -1.00 (1)
0.1792 +- -1.00 (1)
0.2177 +- -1.00 (1)
0.2039 +- -1.00 (1)
0.2519 +- -1.00 (1)
0.1761 +- -1.00 (1)
0.2291 +- -1.00 (1)
0.2519 +- -1.00 (1)
0.1890 +- -1.00 (1)
0.2574 +- -1.00 (1)
0.1921 +- -1.00 (1)
0.2620 +- -1.00 (1)
0.2115 +- -1.00 (1)
0.2266 +- -1.00 (1)
0.1742 +- -1.00 (1)
0.2408 +- -1.00 (1)
0.1828 +- -1.00 (1)
0.2264 +- -1.00 (1)
0.2826 +- -1.00 (1)
0.2643 +- -1.00 (1)
0.1664 +- -1.00 (1)
0.1886 +- -1.00 (1)
0.2046 +- -1.00 (1)
0.2182 +- -1.00 (1)
0.1937 +- -1.00 (1)
0.1874 +- -1.00 (1)
0.2278 +- -1.00 (1)
0.1847 +- -1.00 (1)
0.2095 +- -1.00 (1)
0.2401 +- -1.00 (1)
0.2508 +- -1.00 (1)
0.1903 +- -1.00 (1)
0.2078 +- -1.00 (1)
0.2354 +- -1.00 (1)
0.2153 +- -1.00 (1)
0.2178 +- -1.00 (1)
0.2011 +- -1.00 (1)
0.1907 +- -1.00 (1)
0.1910 +- -1.00 (1)
0.1923 +- -1.00 (1)
0.2120 +- -1.00 (1)
0.2233 +- -1.00 (1)
0.1625 +- -1.00 (1)
0.2209 +- -1.00 (1)
0.2025 +- -1.00 (1)
0.2268 +- -1.00 (1)
0.1780 +- -1.00 (1)
0.2107 +- -1.00 (1)
0.2300 +- -1.00 (1)
0.2345 +- -1.00 (1)
0.1684 +- -1.00 (1)
0.1634 +- -1.00 (1)
0.2193 +- -1.00 (1)
0.2052 +- -1.00 (1)
0.2049 +- -1.00 (1)
0.2264 +- -1.00 (1)
0.2702 +- -1.00 (1)
0.2209 +- -1.00 (1)
0.1955 +- -1.00 (1)
0.1761 +- -1.00 (1)
0.1619 +- -1.00 (1)
0.2034 +- -1.00 (1)
0.1892 +- -1.00 (1)
0.2119 +- -1.00 (1)
0.2124 +- -1.00 (1)
0.1820 +- -1.00 (1)
0.2643 +- -1.00 (1)
0.2387 +- -1.00 (1)
0.1826 +- -1.00 (1)
0.2850 +- -1.00 (1)
0.2583 +- -1.00 (1)
0.2150 +- -1.00 (1)
0.2439 +- -1.00 (1)
0.2067 +- -1.00 (1)
0.2236 +- -1.00 (1)
0.2188 +- -1.00 (1)
0.2300 +- -1.00 (1)
0.2623 +- -1.00 (1)
0.2586 +- -1.00 (1)
0.1894 +- -1.00 (1)
0.2308 +- -1.00 (1)
0.2017 +- -1.00 (1)
0.1921 +- -1.00 (1)
0.2120 +- -1.00 (1)
0.2367 +- -1.00 (1)
0.1778 +- -1.00 (1)
0.2242 +- -1.00 (1)
0.2116 +- -1.00 (1)
0.1595 +- -1.00 (1)
0.5197 +- -1.00 (1)
0.5543 +- -1.00 (1)
0.5535 +- -1.00 (1)
0.5813 +- -1.00 (1)
0.5750 +- -1.00 (1)
0.5250 +- -1.00 (1)
0.5917 +- -1.00 (1)
0.4960 +- -1.00 (1)
0.5594 +- -1.00 (1)
0.5438 +- -1.00 (1)
0.5630 +- -1.00 (1)
0.5764 +- -1.00 (1)
0.5315 +- -1.00 (1)
0.5675 +- -1.00 (1)
0.5655 +- -1.00 (1)
0.5593 +- -1.00 (1)
0.5981 +- -1.00 (1)
0.5309 +- -1.00 (1)
0.5593 +- -1.00 (1)
0.5989 +- -1.00 (1)
0.5648 +- -1.00 (1)
0.5485 +- -1.00 (1)
0.5893 +- -1.00 (1)
0.5665 +- -1.00 (1)
0.5770 +- -1.00 (1)
0.5912 +- -1.00 (1)
0.5717 +- -1.00 (1)
0.5859 +- -1.00 (1)
0.5595 +- -1.00 (1)
0.5686 +- -1.00 (1)
0.5591 +- -1.00 (1)
0.5789 +- -1.00 (1)
0.5391 +- -1.00 (1)
0.5452 +- -1.00 (1)
0.5349 +- -1.00 (1)
0.5738 +- -1.00 (1)
0.5265 +- -1.00 (1)
0.5528 +- -1.00 (1)
0.5839 +- -1.00 (1)
0.6032 +- -1.00 (1)
0.5715 +- -1.00 (1)
0.5287 +- -1.00 (1)
0.5442 +- -1.00 (1)
0.5696 +- -1.00 (1)
0.4913 +- -1.00 (1)
0.5690 +- -1.00 (1)
0.5905 +- -1.00 (1)
0.5316 +- -1.00 (1)
0.5554 +- -1.00 (1)
0.5445 +- -1.00 (1)
0.6103 +- -1.00 (1)
0.5607 +- -1.00 (1)
0.5510 +- -1.00 (1)
0.5697 +- -1.00 (1)
0.5632 +- -1.00 (1)
0.5694 +- -1.00 (1)
0.5622 +- -1.00 (1)
0.6072 +- -1.00 (1)
0.5477 +- -1.00 (1)
0.5559 +- -1.00 (1)
0.5638 +- -1.00 (1)
0.5425 +- -1.00 (1)
0.5872 +- -1.00 (1)
0.5870 +- -1.00 (1)
0.5755 +- -1.00 (1)
0.5742 +- -1.00 (1)
0.5461 +- -1.00 (1)
0.5753 +- -1.00 (1)
0.5811 +- -1.00 (1)
0.5619 +- -1.00 (1)
0.5906 +- -1.00 (1)
0.5552 +- -1.00 (1)
0.5665 +- -1.00 (1)
0.5616 +- -1.00 (1)
0.5677 +- -1.00 (1)
0.5705 +- -1.00 (1)
0.5559 +- -1.00 (1)
0.5311 +- -1.00 (1)
0.5734 +- -1.00 (1)
0.5527 +- -1.00 (1)
0.5599 +- -1.00 (1)
0.5830 +- -1.00 (1)
0.5310 +- -1.00 (1)
0.5577 +- -1.00 (1)
0.5339 +- -1.00 (1)
0.5796 +- -1.00 (1)
0.5525 +- -1.00 (1)
0.5697 +- -1.00 (1)
0.5860 +- -1.00 (1)
0.5787 +- -1.00 (1)
0.6067 +- -1.00 (1)
0.5443 +- -1.00 (1)
0.5949 +- -1.00 (1)
0.5639 +- -1.00 (1)
0.5885 +- -1.00 (1)
0.5477 +- -1.00 (1)
0.5597 +- -1.00 (1)
0.5515 +- -1.00 (1)
0.5903 +- -1.00 (1)
0.5387 +- -1.00 (1)
0.3285 +- -1.00 (1)
0.2616 +- -1.00 (1)
0.2681 +- -1.00 (1)
0.3432 +- -1.00 (1)
0.2693 +- -1.00 (1)
0.3100 +- -1.00 (1)
0.3208 +- -1.00 (1)
0.3337 +- -1.00 (1)
0.4138 +- -1.00 (1)
0.3024 +- -1.00 (1)
0.2512 +- -1.00 (1)
0.3644 +- -1.00 (1)
0.3379 +- -1.00 (1)
0.3198 +- -1.00 (1)
0.2793 +- -1.00 (1)
0.3320 +- -1.00 (1)
0.2730 +- -1.00 (1)
0.2713 +- -1.00 (1)
0.3320 +- -1.00 (1)
0.3006 +- -1.00 (1)
0.3424 +- -1.00 (1)
0.3481 +- -1.00 (1)
0.3351 +- -1.00 (1)
0.2816 +- -1.00 (1)
0.3882 +- -1.00 (1)
0.2889 +- -1.00 (1)
0.3300 +- -1.00 (1)
0.3807 +- -1.00 (1)
0.2759 +- -1.00 (1)
0.3024 +- -1.00 (1)
0.3846 +- -1.00 (1)
0.2882 +- -1.00 (1)
0.2740 +- -1.00 (1)
0.3326 +- -1.00 (1)
0.3062 +- -1.00 (1)
0.2728 +- -1.00 (1)
0.2899 +- -1.00 (1)
0.2887 +- -1.00 (1)
0.3886 +- -1.00 (1)
0.2874 +- -1.00 (1)
0.3208 +- -1.00 (1)
0.2943 +- -1.00 (1)
0.3196 +- -1.00 (1)
0.3128 +- -1.00 (1)
0.3443 +- -1.00 (1)
0.2843 +- -1.00 (1)
0.3486 +- -1.00 (1)
0.2731 +- -1.00 (1)
0.3427 +- -1.00 (1)
0.2935 +- -1.00 (1)
0.2813 +- -1.00 (1)
0.3202 +- -1.00 (1)
0.2692 +- -1.00 (1)
0.2861 +- -1.00 (1)
0.3195 +- -1.00 (1)
0.3713 +- -1.00 (1)
0.3819 +- -1.00 (1)
0.4135 +- -1.00 (1)
0.2815 +- -1.00 (1)
0.2953 +- -1.00 (1)
0.3040 +- -1.00 (1)
0.2930 +- -1.00 (1)
0.3315 +- -1.00 (1)
0.3311 +- -1.00 (1)
0.2858 +- -1.00 (1)
0.3532 +- -1.00 (1)
0.2580 +- -1.00 (1)
0.2690 +- -1.00 (1)
0.3531 +- -1.00 (1)
0.3669 +- -1.00 (1)
0.2895 +- -1.00 (1)
0.3506 +- -1.00 (1)
0.3074 +- -1.00 (1)
0.2922 +- -1.00 (1)
0.2893 +- -1.00 (1)
0.2724 +- -1.00 (1)
0.2510 +- -1.00 (1)
0.2745 +- -1.00 (1)
0.3546 +- -1.00 (1)
0.3051 +- -1.00 (1)
0.2810 +- -1.00 (1)
0.3066 +- -1.00 (1)
0.3357 +- -1.00 (1)
0.3402 +- -1.00 (1)
0.3789 +- -1.00 (1)
0.2782 +- -1.00 (1)
0.3227 +- -1.00 (1)
0.3104 +- -1.00 (1)
0.2812 +- -1.00 (1)
0.2980 +- -1.00 (1)
0.2764 +- -1.00 (1)
0.2876 +- -1.00 (1)
0.3286 +- -1.00 (1)
0.2461 +- -1.00 (1)
0.3448 +- -1.00 (1)
0.3615 +- -1.00 (1)
0.2706 +- -1.00 (1)
0.3499 +- -1.00 (1)
0.3207 +- -1.00 (1)
0.2776 +- -1.00 (1)
0.1853 +- -1.00 (1)
0.1947 +- -1.00 (1)
0.2022 +- -1.00 (1)
0.2789 +- -1.00 (1)
0.1966 +- -1.00 (1)
0.2376 +- -1.00 (1)
0.2304 +- -1.00 (1)
0.2885 +- -1.00 (1)
0.2220 +- -1.00 (1)
0.2796 +- -1.00 (1)
0.2822 +- -1.00 (1)
0.2370 +- -1.00 (1)
0.2359 +- -1.00 (1)
0.2588 +- -1.00 (1)
0.2503 +- -1.00 (1)
0.2451 +- -1.00 (1)
0.2414 +- -1.00 (1)
0.2617 +- -1.00 (1)
0.2451 +- -1.00 (1)
0.2442 +- -1.00 (1)
0.2068 +- -1.00 (1)
0.2815 +- -1.00 (1)
0.2551 +- -1.00 (1)
0.2162 +- -1.00 (1)
0.2830 +- -1.00 (1)
0.2217 +- -1.00 (1)
0.2795 +- -1.00 (1)
0.2755 +- -1.00 (1)
0.2485 +- -1.00 (1)
0.1963 +- -1.00 (1)
0.2381 +- -1.00 (1)
0.2438 +- -1.00 (1)
0.1780 +- -1.00 (1)
0.2708 +- -1.00 (1)
0.2085 +- -1.00 (1)
0.2186 +- -1.00 (1)
0.2463 +- -1.00 (1)
0.2054 +- -1.00 (1)
0.2309 +- -1.00 (1)
0.1883 +- -1.00 (1)
0.2469 +- -1.00 (1)
0.1945 +- -1.00 (1)
0.2574 +- -1.00 (1)
0.2081 +- -1.00 (1)
0.2420 +- -1.00 (1)
0.2216 +- -1.00 (1)
0.2357 +- -1.00 (1)
0.3063 +- -1.00 (1)
0.2305 +- -1.00 (1)
0.2453 +- -1.00 (1)
0.2459 +- -1.00 (1)
0.2236 +- -1.00 (1)
0.2767 +- -1.00 (1)
0.2049 +- -1.00 (1)
0.1871 +- -1.00 (1)
0.1711 +- -1.00 (1)
0.2460 +- -1.00 (1)
0.2306 +- -1.00 (1)
0.2398 +- -1.00 (1)
0.2571 +- -1.00 (1)
0.2246 +- -1.00 (1)
0.2219 +- -1.00 (1)
0.2356 +- -1.00 (1)
0.2283 +- -1.00 (1)
0.2366 +- -1.00 (1)
0.2402 +- -1.00 (1)
0.1628 +- -1.00 (1)
0.2815 +- -1.00 (1)
0.2556 +- -1.00 (1)
0.2289 +- -1.00 (1)
0.2207 +- -1.00 (1)
0.2361 +- -1.00 (1)
0.2078 +- -1.00 (1)
0.2078 +- -1.00 (1)
0.2410 +- -1.00 (1)
0.2183 +- -1.00 (1)
0.2165 +- -1.00 (1)
0.2216 +- -1.00 (1)
0.2650 +- -1.00 (1)
0.3185 +- -1.00 (1)
0.2743 +- -1.00 (1)
0.2062 +- -1.00 (1)
0.2356 +- -1.00 (1)
0.2488 +- -1.00 (1)
0.2370 +- -1.00 (1)
0.1989 +- -1.00 (1)
0.2636 +- -1.00 (1)
0.2327 +- -1.00 (1)
0.2196 +- -1.00 (1)
0.2237 +- -1.00 (1)
0.2059 +- -1.00 (1)
0.2301 +- -1.00 (1)
0.2246 +- -1.00 (1)
0.2312 +- -1.00 (1)
0.2326 +- -1.00 (1)
0.2677 +- -1.00 (1)
0.2074 +- -1.00 (1)
0.2532 +- -1.00 (1)
0.2653 +- -1.00 (1)
0.2194 +- -1.00 (1)
0.4775 +- -1.00 (1)
0.5125 +- -1.00 (1)
0.5234 +- -1.00 (1)
0.5372 +- -1.00 (1)
0.4889 +- -1.00 (1)
0.4760 +- -1.00 (1)
0.4738 +- -1.00 (1)
0.5248 +- -1.00 (1)
0.5462 +- -1.00 (1)
0.5224 +- -1.00 (1)
0.5409 +- -1.00 (1)
0.5257 +- -1.00 (1)
0.5283 +- -1.00 (1)
0.5136 +- -1.00 (1)
0.5058 +- -1.00 (1)
0.5697 +- -1.00 (1)
0.5297 +- -1.00 (1)
0.5495 +- -1.00 (1)
0.5697 +- -1.00 (1)
0.5398 +- -1.00 (1)
0.5106 +- -1.00 (1)
0.5287 +- -1.00 (1)
0.4771 +- -1.00 (1)
0.5257 +- -1.00 (1)
0.5212 +- -1.00 (1)
0.5586 +- -1.00 (1)
0.5285 +- -1.00 (1)
0.5335 +- -1.00 (1)
0.5303 +- -1.00 (1)
0.4950 +- -1.00 (1)
0.4845 +- -1.00 (1)
0.5272 +- -1.00 (1)
0.4517 +- -1.00 (1)
0.4844 +- -1.00 (1)
0.5255 +- -1.00 (1)
0.5363 +- -1.00 (1)
0.5042 +- -1.00 (1)
0.4878 +- -1.00 (1)
0.5315 +- -1.00 (1)
0.5553 +- -1.00 (1)
0.4836 +- -1.00 (1)
0.5019 +- -1.00 (1)
0.4739 +- -1.00 (1)
0.4975 +- -1.00 (1)
0.5513 +- -1.00 (1)
0.4596 +- -1.00 (1)
0.5348 +- -1.00 (1)
0.5033 +- -1.00 (1)
0.5570 +- -1.00 (1)
0.4847 +- -1.00 (1)
0.5264 +- -1.00 (1)
0.4972 +- -1.00 (1)
0.5068 +- -1.00 (1)
0.5473 +- -1.00 (1)
0.5208 +- -1.00 (1)
0.5391 +- -1.00 (1)
0.4982 +- -1.00 (1)
0.5454 +- -1.00 (1)
0.5218 +- -1.00 (1)
0.5638 +- -1.00 (1)
0.5134 +- -1.00 (1)
0.5648 +- -1.00 (1)
0.5419 +- -1.00 (1)
0.5487 +- -1.00 (1)
0.5551 +- -1.00 (1)
0.5144 +- -1.00 (1)
0.4972 +- -1.00 (1)
0.5095 +- -1.00 (1)
0.5210 +- -1.00 (1)
0.5114 +- -1.00 (1)
0.5408 +- -1.00 (1)
0.5153 +- -1.00 (1)
0.5235 +- -1.00 (1)
0.5192 +- -1.00 (1)
0.5324 +- -1.00 (1)
0.4763 +- -1.00 (1)
0.5054 +- -1.00 (1)
0.5079 +- -1.00 (1)
0.5122 +- -1.00 (1)
0.5003 +- -1.00 (1)
0.5377 +- -1.00 (1)
0.5148 +- -1.00 (1)
0.5641 +- -1.00 (1)
0.5533 +- -1.00 (1)
0.5064 +- -1.00 (1)
0.4940 +- -1.00 (1)
0.5268 +- -1.00 (1)
0.5673 +- -1.00 (1)
0.4977 +- -1.00 (1)
0.5082 +- -1.00 (1)
0.5592 +- -1.00 (1)
0.5490 +- -1.00 (1)
0.5486 +- -1.00 (1)
0.5484 +- -1.00 (1)
0.4601 +- -1.00 (1)
0.5480 +- -1.00 (1)
0.5289 +- -1.00 (1)
0.5240 +- -1.00 (1)
0.5177 +- -1.00 (1)
0.5109 +- -1.00 (1)
0.5260 +- -1.00 (1)
0.5506 +- -1.00 (1)
0.5385 +- -1.00 (1)
0.5290 +- -1.00 (1)
0.5082 +- -1.00 (1)
0.5607 +- -1.00 (1)
0.5045 +- -1.00 (1)
0.5040 +- -1.00 (1)
0.4978 +- -1.00 (1)
0.5382 +- -1.00 (1)
0.5177 +- -1.00 (1)
0.4640 +- -1.00 (1)
0.5566 +- -1.00 (1)
0.5237 +- -1.00 (1)
0.5299 +- -1.00 (1)
0.4867 +- -1.00 (1)
0.5540 +- -1.00 (1)
0.5048 +- -1.00 (1)
0.4891 +- -1.00 (1)
0.5294 +- -1.00 (1)
0.4757 +- -1.00 (1)
0.5054 +- -1.00 (1)
0.5265 +- -1.00 (1)
0.4778 +- -1.00 (1)
0.5345 +- -1.00 (1)
0.5471 +- -1.00 (1)
0.5454 +- -1.00 (1)
0.4849 +- -1.00 (1)
0.5311 +- -1.00 (1)
0.4917 +- -1.00 (1)
0.4926 +- -1.00 (1)
0.5491 +- -1.00 (1)
0.4885 +- -1.00 (1)
0.5098 +- -1.00 (1)
0.5183 +- -1.00 (1)
0.5317 +- -1.00 (1)
0.5282 +- -1.00 (1)
0.5047 +- -1.00 (1)
0.5356 +- -1.00 (1)
0.5178 +- -1.00 (1)
0.5549 +- -1.00 (1)
0.5409 +- -1.00 (1)
0.5407 +- -1.00 (1)
0.5422 +- -1.00 (1)
0.5151 +- -1.00 (1)
0.5162 +- -1.00 (1)
0.5017 +- -1.00 (1)
0.4857 +- -1.00 (1)
0.5045 +- -1.00 (1)
0.5239 +- -1.00 (1)
0.4933 +- -1.00 (1)
0.5265 +- -1.00 (1)
0.5560 +- -1.00 (1)
0.5141 +- -1.00 (1)
0.4875 +- -1.00 (1)
0.5327 +- -1.00 (1)
0.5468 +- -1.00 (1)
0.5179 +- -1.00 (1)
0.5209 +- -1.00 (1)
0.5402 +- -1.00 (1)
0.5271 +- -1.00 (1)
0.5370 +- -1.00 (1)
0.5468 +- -1.00 (1)
0.5389 +- -1.00 (1)
0.5049 +- -1.00 (1)
0.5204 +- -1.00 (1)
0.4730 +- -1.00 (1)
0.5279 +- -1.00 (1)
0.4902 +- -1.00 (1)
0.5241 +- -1.00 (1)
0.5333 +- -1.00 (1)
0.4874 +- -1.00 (1)
0.5051 +- -1.00 (1)
0.4719 +- -1.00 (1)
0.5404 +- -1.00 (1)
0.5544 +- -1.00 (1)
0.5232 +- -1.00 (1)
0.5327 +- -1.00 (1)
0.5199 +- -1.00 (1)
0.4468 +- -1.00 (1)
0.5021 +- -1.00 (1)
0.4916 +- -1.00 (1)
0.5262 +- -1.00 (1)
0.4975 +- -1.00 (1)
0.4685 +- -1.00 (1)
0.4893 +- -1.00 (1)
0.5405 +- -1.00 (1)
0.5110 +- -1.00 (1)
0.5304 +- -1.00 (1)
0.5106 +- -1.00 (1)
0.5024 +- -1.00 (1)
0.5157 +- -1.00 (1)
0.5159 +- -1.00 (1)
0.5207 +- -1.00 (1)
0.5499 +- -1.00 (1)
0.5212 +- -1.00 (1)
0.5118 +- -1.00 (1)
0.5043 +- -1.00 (1)
0.4876 +- -1.00 (1)
0.5118 +- -1.00 (1)
0.2888 +- -1.00 (1)
0.3542 +- -1.00 (1)
0.2839 +- -1.00 (1)
0.2823 +- -1.00 (1)
0.2818 +- -1.00 (1)
0.3031 +- -1.00 (1)
0.2870 +- -1.00 (1)
0.2523 +- -1.00 (1)
0.2693 +- -1.00 (1)
0.2982 +- -1.00 (1)
0.2607 +- -1.00 (1)
0.2405 +- -1.00 (1)
0.2802 +- -1.00 (1)
0.3745 +- -1.00 (1)
0.2838 +- -1.00 (1)
0.2875 +- -1.00 (1)
0.3125 +- -1.00 (1)
0.3682 +- -1.00 (1)
0.2875 +- -1.00 (1)
0.2867 +- -1.00 (1)
0.2669 +- -1.00 (1)
0.3054 +- -1.00 (1)
0.2861 +- -1.00 (1)
0.2776 +- -1.00 (1)
0.2940 +- -1.00 (1)
0.2128 +- -1.00 (1)
0.2602 +- -1.00 (1)
0.3737 +- -1.00 (1)
0.2906 +- -1.00 (1)
0.3414 +- -1.00 (1)
0.2782 +- -1.00 (1)
0.2146 +- -1.00 (1)
0.3428 +- -1.00 (1)
0.2730 +- -1.00 (1)
0.2684 +- -1.00 (1)
0.2427 +- -1.00 (1)
0.3169 +- -1.00 (1)
0.2526 +- -1.00 (1)
0.3130 +- -1.00 (1)
0.2541 +- -1.00 (1)
0.3150 +- -1.00 (1)
0.3182 +- -1.00 (1)
0.3138 +- -1.00 (1)
0.2449 +- -1.00 (1)
0.3393 +- -1.00 (1)
0.2533 +- -1.00 (1)
0.2794 +- -1.00 (1)
0.3124 +- -1.00 (1)
0.2816 +- -1.00 (1)
0.3320 +- -1.00 (1)
0.3062 +- -1.00 (1)
0.3441 +- -1.00 (1)
0.2541 +- -1.00 (1)
0.2580 +- -1.00 (1)
0.2679 +- -1.00 (1)
0.2794 +- -1.00 (1)
0.2665 +- -1.00 (1)
0.2530 +- -1.00 (1)
0.2846 +- -1.00 (1)
0.2143 +- -1.00 (1)
0.2597 +- -1.00 (1)
0.2534 +- -1.00 (1)
0.2797 +- -1.00 (1)
0.2306 +- -1.00 (1)
0.2498 +- -1.00 (1)
0.2965 +- -1.00 (1)
0.3032 +- -1.00 (1)
0.3218 +- -1.00 (1)
0.2301 +- -1.00 (1)
0.2697 +- -1.00 (1)
0.3301 +- -1.00 (1)
0.2220 +- -1.00 (1)
0.2180 +- -1.00 (1)
0.2472 +- -1.00 (1)
0.3255 +- -1.00 (1)
0.2602 +- -1.00 (1)
0.2720 +- -1.00 (1)
0.3061 +- -1.00 (1)
0.3001 +- -1.00 (1)
0.3306 +- -1.00 (1)
0.3064 +- -1.00 (1)
0.2622 +- -1.00 (1)
0.3132 +- -1.00 (1)
0.2821 +- -1.00 (1)
0.2989 +- -1.00 (1)
0.2952 +- -1.00 (1)
0.2597 +- -1.00 (1)
0.3440 +- -1.00 (1)
0.2409 +- -1.00 (1)
0.2779 +- -1.00 (1)
0.3405 +- -1.00 (1)
0.2178 +- -1.00 (1)
0.2841 +- -1.00 (1)
0.2752 +- -1.00 (1)
0.2716 +- -1.00 (1)
0.3077 +- -1.00 (1)
0.3178 +- -1.00 (1)
0.2332 +- -1.00 (1)
0.3814 +- -1.00 (1)
0.2796 +- -1.00 (1)
0.4574 +- -1.00 (1)
0.5101 +- -1.00 (1)
0.5371 +- -1.00 (1)
0.4722 +- -1.00 (1)
0.4977 +- -1.00 (1)
0.4792 +- -1.00 (1)
0.4993 +- -1.00 (1)
0.5014 +- -1.00 (1)
0.4976 +- -1.00 (1)
0.4848 +- -1.00 (1)
0.5046 +- -1.00 (1)
0.4693 +- -1.00 (1)
0.4831 +- -1.00 (1)
0.4920 +- -1.00 (1)
0.4588 +- -1.00 (1)
0.5670 +- -1.00 (1)
0.4393 +- -1.00 (1)
0.5265 +- -1.00 (1)
0.5670 +- -1.00 (1)
0.5007 +- -1.00 (1)
0.4922 +- -1.00 (1)
0.5065 +- -1.00 (1)
0.5293 +- -1.00 (1)
0.4703 +- -1.00 (1)
0.4665 +- -1.00 (1)
0.4346 +- -1.00 (1)
0.4703 +- -1.00 (1)
0.4385 +- -1.00 (1)
0.3997 +- -1.00 (1)
0.5092 +- -1.00 (1)
0.4563 +- -1.00 (1)
0.4919 +- -1.00 (1)
0.5459 +- -1.00 (1)
0.5134 +- -1.00 (1)
0.4520 +- -1.00 (1)
0.5317 +- -1.00 (1)
0.4717 +- -1.00 (1)
0.5046 +- -1.00 (1)
0.4821 +- -1.00 (1)
0.4651 +- -1.00 (1)
0.5416 +- -1.00 (1)
0.4695 +- -1.00 (1)
0.4533 +- -1.00 (1)
0.5229 +- -1.00 (1)
0.5492 +- -1.00 (1)
0.4801 +- -1.00 (1)
0.5003 +- -1.00 (1)
0.4438 +- -1.00 (1)
0.4437 +- -1.00 (1)
0.5175 +- -1.00 (1)
0.4827 +- -1.00 (1)
0.4582 +- -1.00 (1)
0.4782 +- -1.00 (1)
0.4432 +- -1.00 (1)
0.5187 +- -1.00 (1)
0.4726 +- -1.00 (1)
0.4944 +- -1.00 (1)
0.5903 +- -1.00 (1)
0.4904 +- -1.00 (1)
0.4685 +- -1.00 (1)
0.4996 +- -1.00 (1)
0.4806 +- -1.00 (1)
0.4795 +- -1.00 (1)
0.5125 +- -1.00 (1)
0.4754 +- -1.00 (1)
0.5082 +- -1.00 (1)
0.4356 +- -1.00 (1)
0.4807 +- -1.00 (1)
0.5527 +- -1.00 (1)
0.4326 +- -1.00 (1)
0.4807 +- -1.00 (1)
0.4678 +- -1.00 (1)
0.5168 +- -1.00 (1)
0.5207 +- -1.00 (1)
0.5007 +- -1.00 (1)
0.4779 +- -1.00 (1)
0.4570 +- -1.00 (1)
0.4714 +- -1.00 (1)
0.5263 +- -1.00 (1)
0.4915 +- -1.00 (1)
0.4706 +- -1.00 (1)
0.5094 +- -1.00 (1)
0.4636 +- -1.00 (1)
0.5314 +- -1.00 (1)
0.4769 +- -1.00 (1)
0.5128 +- -1.00 (1)
0.5425 +- -1.00 (1)
0.5751 +- -1.00 (1)
0.4878 +- -1.00 (1)
0.4993 +- -1.00 (1)
0.4832 +- -1.00 (1)
0.4588 +- -1.00 (1)
0.5442 +- -1.00 (1)
0.5193 +- -1.00 (1)
0.4951 +- -1.00 (1)
0.5476 +- -1.00 (1)
0.5084 +- -1.00 (1)
0.5511 +- -1.00 (1)
0.4991 +- -1.00 (1)
0.4930 +- -1.00 (1)
0.4690 +- -1.00 (1)
0.4494 +- -1.00 (1)
0.4452 +- -1.00 (1)
0.4286 +- -1.00 (1)
0.3961 +- -1.00 (1)
0.4189 +- -1.00 (1)
0.4397 +- -1.00 (1)
0.4092 +- -1.00 (1)
0.5060 +- -1.00 (1)
0.4601 +- -1.00 (1)
0.4365 +- -1.00 (1)
0.4183 +- -1.00 (1)
0.4646 +- -1.00 (1)
0.3489 +- -1.00 (1)
0.4368 +- -1.00 (1)
0.4409 +- -1.00 (1)
0.4596 +- -1.00 (1)
0.4056 +- -1.00 (1)
0.4644 +- -1.00 (1)
0.4659 +- -1.00 (1)
0.4604 +- -1.00 (1)
0.4822 +- -1.00 (1)
0.4647 +- -1.00 (1)
0.4466 +- -1.00 (1)
0.4596 +- -1.00 (1)
0.4968 +- -1.00 (1)
0.4060 +- -1.00 (1)
0.4043 +- -1.00 (1)
0.4310 +- -1.00 (1)
0.4948 +- -1.00 (1)
0.4257 +- -1.00 (1)
0.4790 +- -1.00 (1)
0.4335 +- -1.00 (1)
0.4093 +- -1.00 (1)
0.5050 +- -1.00 (1)
0.4893 +- -1.00 (1)
0.4679 +- -1.00 (1)
0.4096 +- -1.00 (1)
0.4620 +- -1.00 (1)
0.4493 +- -1.00 (1)
0.4672 +- -1.00 (1)
0.5212 +- -1.00 (1)
0.4088 +- -1.00 (1)
0.4859 +- -1.00 (1)
0.4009 +- -1.00 (1)
0.4357 +- -1.00 (1)
0.5311 +- -1.00 (1)
0.4356 +- -1.00 (1)
0.3908 +- -1.00 (1)
0.5388 +- -1.00 (1)
0.3828 +- -1.00 (1)
0.4709 +- -1.00 (1)
0.4140 +- -1.00 (1)
0.4428 +- -1.00 (1)
0.4163 +- -1.00 (1)
0.4678 +- -1.00 (1)
0.4301 +- -1.00 (1)
0.4753 +- -1.00 (1)
0.5282 +- -1.00 (1)
0.3899 +- -1.00 (1)
0.4523 +- -1.00 (1)
0.4661 +- -1.00 (1)
0.4360 +- -1.00 (1)
0.4331 +- -1.00 (1)
0.5235 +- -1.00 (1)
0.4475 +- -1.00 (1)
0.4031 +- -1.00 (1)
0.4162 +- -1.00 (1)
0.4661 +- -1.00 (1)
0.4709 +- -1.00 (1)
0.4482 +- -1.00 (1)
0.4522 +- -1.00 (1)
0.4193 +- -1.00 (1)
0.4128 +- -1.00 (1)
0.5591 +- -1.00 (1)
0.4743 +- -1.00 (1)
0.3934 +- -1.00 (1)
0.4583 +- -1.00 (1)
0.4702 +- -1.00 (1)
0.4741 +- -1.00 (1)
0.5081 +- -1.00 (1)
0.4245 +- -1.00 (1)
0.4875 +- -1.00 (1)
0.4508 +- -1.00 (1)
0.4113 +- -1.00 (1)
0.4157 +- -1.00 (1)
0.4290 +- -1.00 (1)
0.3438 +- -1.00 (1)
0.4709 +- -1.00 (1)
0.4074 +- -1.00 (1)
0.3992 +- -1.00 (1)
0.4134 +- -1.00 (1)
0.4717 +- -1.00 (1)
0.4465 +- -1.00 (1)
0.4160 +- -1.00 (1)
0.5164 +- -1.00 (1)
0.5010 +- -1.00 (1)
0.4928 +- -1.00 (1)
0.4590 +- -1.00 (1)
0.4356 +- -1.00 (1)
0.5792 +- -1.00 (1)
0.5430 +- -1.00 (1)
0.5152 +- -1.00 (1)
0.5534 +- -1.00 (1)
0.5621 +- -1.00 (1)
0.5792 +- -1.00 (1)
0.5403 +- -1.00 (1)
0.4991 +- -1.00 (1)
0.5280 +- -1.00 (1)
0.5008 +- -1.00 (1)
0.5315 +- -1.00 (1)
0.5245 +- -1.00 (1)
0.5661 +- -1.00 (1)
0.4726 +- -1.00 (1)
0.5539 +- -1.00 (1)
0.5620 +- -1.00 (1)
0.5620 +- -1.00 (1)
0.5713 +- -1.00 (1)
0.5235 +- -1.00 (1)
0.5372 +- -1.00 (1)
0.5009 +- -1.00 (1)
0.5052 +- -1.00 (1)
0.5137 +- -1.00 (1)
0.5715 +- -1.00 (1)
0.5247 +- -1.00 (1)
0.5506 +- -1.00 (1)
0.5426 +- -1.00 (1)
0.5498 +- -1.00 (1)
0.5814 +- -1.00 (1)
0.6088 +- -1.00 (1)
0.5089 +- -1.00 (1)
0.5283 +- -1.00 (1)
0.5430 +- -1.00 (1)
0.5486 +- -1.00 (1)
0.4837 +- -1.00 (1)
0.5349 +- -1.00 (1)
0.5536 +- -1.00 (1)
0.5183 +- -1.00 (1)
0.5288 +- -1.00 (1)
0.4999 +- -1.00 (1)
0.4958 +- -1.00 (1)
0.5374 +- -1.00 (1)
0.5444 +- -1.00 (1)
0.5574 +- -1.00 (1)
0.5601 +- -1.00 (1)
0.5624 +- -1.00 (1)
0.5228 +- -1.00 (1)
0.5481 +- -1.00 (1)
0.5155 +- -1.00 (1)
0.4829 +- -1.00 (1)
0.5337 +- -1.00 (1)
0.4917 +- -1.00 (1)
0.4677 +- -1.00 (1)
0.5963 +- -1.00 (1)
0.5753 +- -1.00 (1)
0.5826 +- -1.00 (1)
0.4538 +- -1.00 (1)
0.5275 +- -1.00 (1)
0.5826 +- -1.00 (1)
0.4750 +- -1.00 (1)
0.5941 +- -1.00 (1)
0.4999 +- -1.00 (1)
0.5220 +- -1.00 (1)
0.5631 +- -1.00 (1)
0.5633 +- -1.00 (1)
0.5428 +- -1.00 (1)
0.5643 +- -1.00 (1)
0.5096 +- -1.00 (1)
0.5416 +- -1.00 (1)
0.5361 +- -1.00 (1)
0.5274 +- -1.00 (1)
0.5077 +- -1.00 (1)
0.5438 +- -1.00 (1)
0.5138 +- -1.00 (1)
0.5868 +- -1.00 (1)
0.5420 +- -1.00 (1)
0.4827 +- -1.00 (1)
0.5384 +- -1.00 (1)
0.5486 +- -1.00 (1)
0.5045 +- -1.00 (1)
0.5509 +- -1.00 (1)
0.5732 +- -1.00 (1)
0.4866 +- -1.00 (1)
0.5663 +- -1.00 (1)
0.5491 +- -1.00 (1)
0.5231 +- -1.00 (1)
0.5244 +- -1.00 (1)
0.5275 +- -1.00 (1)
0.5278 +- -1.00 (1)
0.4924 +- -1.00 (1)
0.5425 +- -1.00 (1)
0.5573 +- -1.00 (1)
0.5695 +- -1.00 (1)
0.5972 +- -1.00 (1)
0.5374 +- -1.00 (1)
0.5455 +- -1.00 (1)
0.5401 +- -1.00 (1)
0.5606 +- -1.00 (1)
0.5476 +- -1.00 (1)
0.5007 +- -1.00 (1)
0.5615 +- -1.00 (1)
0.5655 +- -1.00 (1)
0.5665 +- -1.00 (1)
0.5206 +- -1.00 (1)
0.4946 +- -1.00 (1)
0.5369 +- -1.00 (1)
0.5259 +- -1.00 (1)
0.5140 +- -1.00 (1)
0.5589 +- -1.00 (1)
0.4989 +- -1.00 (1)
0.5299 +- -1.00 (1)
0.5403 +- -1.00 (1)
0.5054 +- -1.00 (1)
0.5287 +- -1.00 (1)
0.5929 +- -1.00 (1)
0.5485 +- -1.00 (1)
0.5293 +- -1.00 (1)
0.5394 +- -1.00 (1)
0.5485 +- -1.00 (1)
0.5596 +- -1.00 (1)
0.4877 +- -1.00 (1)
0.5558 +- -1.00 (1)
0.4989 +- -1.00 (1)
0.5265 +- -1.00 (1)
0.5432 +- -1.00 (1)
0.5242 +- -1.00 (1)
0.5410 +- -1.00 (1)
0.5111 +- -1.00 (1)
0.5396 +- -1.00 (1)
0.4905 +- -1.00 (1)
0.5229 +- -1.00 (1)
0.4810 +- -1.00 (1)
0.5409 +- -1.00 (1)
0.4936 +- -1.00 (1)
0.5328 +- -1.00 (1)
0.5293 +- -1.00 (1)
0.4972 +- -1.00 (1)
0.5384 +- -1.00 (1)
0.5183 +- -1.00 (1)
0.5309 +- -1.00 (1)
0.5035 +- -1.00 (1)
0.5139 +- -1.00 (1)
0.5073 +- -1.00 (1)
0.5203 +- -1.00 (1)
0.4978 +- -1.00 (1)
0.5366 +- -1.00 (1)
0.5306 +- -1.00 (1)
0.5423 +- -1.00 (1)
0.5531 +- -1.00 (1)
0.5584 +- -1.00 (1)
0.5303 +- -1.00 (1)
0.5308 +- -1.00 (1)
0.5409 +- -1.00 (1)
0.5708 +- -1.00 (1)
0.5175 +- -1.00 (1)
0.5129 +- -1.00 (1)
0.5309 +- -1.00 (1)
0.5123 +- -1.00 (1)
0.5535 +- -1.00 (1)
0.5004 +- -1.00 (1)
0.4997 +- -1.00 (1)
0.4846 +- -1.00 (1)
0.5429 +- -1.00 (1)
0.5254 +- -1.00 (1)
0.5461 +- -1.00 (1)
0.5289 +- -1.00 (1)
0.5307 +- -1.00 (1)
0.5197 +- -1.00 (1)
0.5364 +- -1.00 (1)
0.5479 +- -1.00 (1)
0.4782 +- -1.00 (1)
0.5469 +- -1.00 (1)
0.5223 +- -1.00 (1)
0.5307 +- -1.00 (1)
0.5327 +- -1.00 (1)
0.5510 +- -1.00 (1)
0.5397 +- -1.00 (1)
0.5398 +- -1.00 (1)
0.5064 +- -1.00 (1)
0.5092 +- -1.00 (1)
0.5407 +- -1.00 (1)
0.4980 +- -1.00 (1)
0.5531 +- -1.00 (1)
0.5174 +- -1.00 (1)
0.5537 +- -1.00 (1)
0.5134 +- -1.00 (1)
0.4664 +- -1.00 (1)
0.5040 +- -1.00 (1)
0.5669 +- -1.00 (1)
0.5181 +- -1.00 (1)
0.5446 +- -1.00 (1)
0.4777 +- -1.00 (1)
0.5257 +- -1.00 (1)
0.5272 +- -1.00 (1)
0.4909 +- -1.00 (1)
0.5377 +- -1.00 (1)
0.5752 +- -1.00 (1)
0.5447 +- -1.00 (1)
0.5309 +- -1.00 (1)
0.4893 +- -1.00 (1)
