../../problems/clp/benchs/NMFTA/NMFTA_3.txt -i 0 --min_fr=1.0 0.187100 0.293400
../../problems/clp/benchs/NMFTA/NMFTA_3.txt -i 1 --min_fr=1.0 0.226500 0.334800
../../problems/clp/benchs/NMFTA/NMFTA_3.txt -i 2 --min_fr=1.0 0.189300 0.271500
../../problems/clp/benchs/NMFTA/NMFTA_3.txt -i 3 --min_fr=1.0 0.191400 0.266300
../../problems/clp/benchs/NMFTA/NMFTA_3.txt -i 4 --min_fr=1.0 0.202200 0.296200
../../problems/clp/benchs/NMFTA/NMFTA_3.txt -i 5 --min_fr=1.0 0.159100 0.230300
../../problems/clp/benchs/NMFTA/NMFTA_3.txt -i 6 --min_fr=1.0 0.192800 0.259900
../../problems/clp/benchs/NMFTA/NMFTA_3.txt -i 7 --min_fr=1.0 0.189400 0.253200
../../problems/clp/benchs/NMFTA/NMFTA_3.txt -i 8 --min_fr=1.0 0.223500 0.268300
../../problems/clp/benchs/NMFTA/NMFTA_3.txt -i 9 --min_fr=1.0 0.202000 0.269900
../../problems/clp/benchs/NMFTA/NMFTA_3.txt -i 11 --min_fr=1.0 0.205800 0.273200
../../problems/clp/benchs/NMFTA/NMFTA_3.txt -i 12 --min_fr=1.0 0.179200 0.225100
../../problems/clp/benchs/NMFTA/NMFTA_3.txt -i 13 --min_fr=1.0 0.217700 0.276900
../../problems/clp/benchs/NMFTA/NMFTA_3.txt -i 16 --min_fr=1.0 0.176100 0.274100
../../problems/clp/benchs/NMFTA/NMFTA_3.txt -i 17 --min_fr=1.0 0.229100 0.298300
../../problems/clp/benchs/NMFTA/NMFTA_3.txt -i 19 --min_fr=1.0 0.189000 0.279300
../../problems/clp/benchs/NMFTA/NMFTA_3.txt -i 20 --min_fr=1.0 0.257400 0.314300
../../problems/clp/benchs/NMFTA/NMFTA_3.txt -i 21 --min_fr=1.0 0.192100 0.294900
../../problems/clp/benchs/NMFTA/NMFTA_3.txt -i 23 --min_fr=1.0 0.211500 0.279700
../../problems/clp/benchs/NMFTA/NMFTA_3.txt -i 25 --min_fr=1.0 0.174200 0.237700
../../problems/clp/benchs/NMFTA/NMFTA_3.txt -i 26 --min_fr=1.0 0.240800 0.301200
../../problems/clp/benchs/NMFTA/NMFTA_3.txt -i 27 --min_fr=1.0 0.182800 0.231400
../../problems/clp/benchs/NMFTA/NMFTA_3.txt -i 28 --min_fr=1.0 0.226400 0.286000
../../problems/clp/benchs/NMFTA/NMFTA_3.txt -i 30 --min_fr=1.0 0.264300 0.334400
../../problems/clp/benchs/NMFTA/NMFTA_3.txt -i 31 --min_fr=1.0 0.166400 0.238100
../../problems/clp/benchs/NMFTA/NMFTA_3.txt -i 32 --min_fr=1.0 0.188600 0.258500
../../problems/clp/benchs/NMFTA/NMFTA_3.txt -i 33 --min_fr=1.0 0.204600 0.256600
../../problems/clp/benchs/NMFTA/NMFTA_3.txt -i 34 --min_fr=1.0 0.218200 0.284900
../../problems/clp/benchs/NMFTA/NMFTA_3.txt -i 35 --min_fr=1.0 0.193700 0.253100
../../problems/clp/benchs/NMFTA/NMFTA_3.txt -i 36 --min_fr=1.0 0.187400 0.270000
../../problems/clp/benchs/NMFTA/NMFTA_3.txt -i 37 --min_fr=1.0 0.227800 0.299500
../../problems/clp/benchs/NMFTA/NMFTA_3.txt -i 38 --min_fr=1.0 0.184700 0.267500
../../problems/clp/benchs/NMFTA/NMFTA_3.txt -i 39 --min_fr=1.0 0.209500 0.273300
../../problems/clp/benchs/NMFTA/NMFTA_3.txt -i 41 --min_fr=1.0 0.250800 0.303600
../../problems/clp/benchs/NMFTA/NMFTA_3.txt -i 43 --min_fr=1.0 0.207800 0.289500
../../problems/clp/benchs/NMFTA/NMFTA_3.txt -i 44 --min_fr=1.0 0.235400 0.289400
../../problems/clp/benchs/NMFTA/NMFTA_3.txt -i 45 --min_fr=1.0 0.215300 0.296500
../../problems/clp/benchs/NMFTA/NMFTA_3.txt -i 46 --min_fr=1.0 0.217800 0.296500
../../problems/clp/benchs/NMFTA/NMFTA_3.txt -i 47 --min_fr=1.0 0.201100 0.260800
../../problems/clp/benchs/NMFTA/NMFTA_3.txt -i 48 --min_fr=1.0 0.190700 0.258700
../../problems/clp/benchs/NMFTA/NMFTA_3.txt -i 50 --min_fr=1.0 0.192300 0.254400
../../problems/clp/benchs/NMFTA/NMFTA_3.txt -i 52 --min_fr=1.0 0.223300 0.292600
../../problems/clp/benchs/NMFTA/NMFTA_3.txt -i 53 --min_fr=1.0 0.162500 0.228900
../../problems/clp/benchs/NMFTA/NMFTA_3.txt -i 55 --min_fr=1.0 0.202500 0.276300
../../problems/clp/benchs/NMFTA/NMFTA_3.txt -i 57 --min_fr=1.0 0.178000 0.227800
../../problems/clp/benchs/NMFTA/NMFTA_3.txt -i 58 --min_fr=1.0 0.210700 0.291500
../../problems/clp/benchs/NMFTA/NMFTA_3.txt -i 59 --min_fr=1.0 0.230000 0.309600
../../problems/clp/benchs/NMFTA/NMFTA_3.txt -i 61 --min_fr=1.0 0.168400 0.280100
../../problems/clp/benchs/NMFTA/NMFTA_3.txt -i 62 --min_fr=1.0 0.163400 0.248100
../../problems/clp/benchs/NMFTA/NMFTA_3.txt -i 63 --min_fr=1.0 0.219300 0.264100
../../problems/clp/benchs/NMFTA/NMFTA_3.txt -i 64 --min_fr=1.0 0.205200 0.270600
../../problems/clp/benchs/NMFTA/NMFTA_3.txt -i 65 --min_fr=1.0 0.204900 0.258400
../../problems/clp/benchs/NMFTA/NMFTA_3.txt -i 67 --min_fr=1.0 0.270200 0.328200
../../problems/clp/benchs/NMFTA/NMFTA_3.txt -i 68 --min_fr=1.0 0.220900 0.279900
../../problems/clp/benchs/NMFTA/NMFTA_3.txt -i 69 --min_fr=1.0 0.195500 0.256400
../../problems/clp/benchs/NMFTA/NMFTA_3.txt -i 70 --min_fr=1.0 0.176100 0.251400
../../problems/clp/benchs/NMFTA/NMFTA_3.txt -i 71 --min_fr=1.0 0.161900 0.228900
../../problems/clp/benchs/NMFTA/NMFTA_3.txt -i 73 --min_fr=1.0 0.189200 0.241000
../../problems/clp/benchs/NMFTA/NMFTA_3.txt -i 74 --min_fr=1.0 0.211900 0.269200
../../problems/clp/benchs/NMFTA/NMFTA_3.txt -i 75 --min_fr=1.0 0.212400 0.255400
../../problems/clp/benchs/NMFTA/NMFTA_3.txt -i 76 --min_fr=1.0 0.182000 0.270100
../../problems/clp/benchs/NMFTA/NMFTA_3.txt -i 78 --min_fr=1.0 0.238700 0.313100
../../problems/clp/benchs/NMFTA/NMFTA_3.txt -i 79 --min_fr=1.0 0.182600 0.256400
../../problems/clp/benchs/NMFTA/NMFTA_3.txt -i 82 --min_fr=1.0 0.215000 0.277900
../../problems/clp/benchs/NMFTA/NMFTA_3.txt -i 83 --min_fr=1.0 0.243900 0.294300
../../problems/clp/benchs/NMFTA/NMFTA_3.txt -i 84 --min_fr=1.0 0.206700 0.272500
../../problems/clp/benchs/NMFTA/NMFTA_3.txt -i 85 --min_fr=1.0 0.223600 0.269000
../../problems/clp/benchs/NMFTA/NMFTA_3.txt -i 86 --min_fr=1.0 0.218800 0.316700
../../problems/clp/benchs/NMFTA/NMFTA_3.txt -i 87 --min_fr=1.0 0.230000 0.296800
../../problems/clp/benchs/NMFTA/NMFTA_3.txt -i 90 --min_fr=1.0 0.189400 0.239200
../../problems/clp/benchs/NMFTA/NMFTA_3.txt -i 91 --min_fr=1.0 0.230800 0.299700
../../problems/clp/benchs/NMFTA/NMFTA_3.txt -i 92 --min_fr=1.0 0.201700 0.250400
../../problems/clp/benchs/NMFTA/NMFTA_3.txt -i 93 --min_fr=1.0 0.192100 0.263100
../../problems/clp/benchs/NMFTA/NMFTA_3.txt -i 96 --min_fr=1.0 0.177800 0.226200
../../problems/clp/benchs/NMFTA/NMFTA_3.txt -i 99 --min_fr=1.0 0.159500 0.229100
../../problems/clp/benchs/NMFTA/NMFTA_4.txt -i 0 --min_fr=1.0 0.519700 0.662200
../../problems/clp/benchs/NMFTA/NMFTA_4.txt -i 7 --min_fr=1.0 0.496000 0.634600
../../problems/clp/benchs/NMFTA/NMFTA_4.txt -i 9 --min_fr=1.0 0.543800 0.652900
../../problems/clp/benchs/NMFTA/NMFTA_4.txt -i 10 --min_fr=1.0 0.563000 0.688400
../../problems/clp/benchs/NMFTA/NMFTA_4.txt -i 12 --min_fr=1.0 0.531500 0.705300
../../problems/clp/benchs/NMFTA/NMFTA_4.txt -i 17 --min_fr=1.0 0.530900 0.655100
../../problems/clp/benchs/NMFTA/NMFTA_4.txt -i 21 --min_fr=1.0 0.548500 0.661800
../../problems/clp/benchs/NMFTA/NMFTA_4.txt -i 23 --min_fr=1.0 0.566500 0.720100
../../problems/clp/benchs/NMFTA/NMFTA_4.txt -i 25 --min_fr=1.0 0.591200 0.710200
../../problems/clp/benchs/NMFTA/NMFTA_4.txt -i 30 --min_fr=1.0 0.559100 0.679800
../../problems/clp/benchs/NMFTA/NMFTA_4.txt -i 31 --min_fr=1.0 0.578900 0.697100
../../problems/clp/benchs/NMFTA/NMFTA_4.txt -i 32 --min_fr=1.0 0.539100 0.681000
../../problems/clp/benchs/NMFTA/NMFTA_4.txt -i 34 --min_fr=1.0 0.534900 0.665600
../../problems/clp/benchs/NMFTA/NMFTA_4.txt -i 36 --min_fr=1.0 0.526500 0.671300
../../problems/clp/benchs/NMFTA/NMFTA_4.txt -i 40 --min_fr=1.0 0.571500 0.699400
../../problems/clp/benchs/NMFTA/NMFTA_4.txt -i 41 --min_fr=1.0 0.528700 0.666900
../../problems/clp/benchs/NMFTA/NMFTA_4.txt -i 42 --min_fr=1.0 0.544200 0.655700
../../problems/clp/benchs/NMFTA/NMFTA_4.txt -i 44 --min_fr=1.0 0.491300 0.644800
../../problems/clp/benchs/NMFTA/NMFTA_4.txt -i 47 --min_fr=1.0 0.531600 0.681300
../../problems/clp/benchs/NMFTA/NMFTA_4.txt -i 48 --min_fr=1.0 0.555400 0.673400
../../problems/clp/benchs/NMFTA/NMFTA_4.txt -i 49 --min_fr=1.0 0.544500 0.690100
../../problems/clp/benchs/NMFTA/NMFTA_4.txt -i 56 --min_fr=1.0 0.562200 0.703700
../../problems/clp/benchs/NMFTA/NMFTA_4.txt -i 61 --min_fr=1.0 0.542500 0.673700
../../problems/clp/benchs/NMFTA/NMFTA_4.txt -i 62 --min_fr=1.0 0.587200 0.713200
../../problems/clp/benchs/NMFTA/NMFTA_4.txt -i 71 --min_fr=1.0 0.555200 0.679600
../../problems/clp/benchs/NMFTA/NMFTA_4.txt -i 73 --min_fr=1.0 0.561600 0.676200
../../problems/clp/benchs/NMFTA/NMFTA_4.txt -i 76 --min_fr=1.0 0.555900 0.695500
../../problems/clp/benchs/NMFTA/NMFTA_4.txt -i 77 --min_fr=1.0 0.531100 0.649500
../../problems/clp/benchs/NMFTA/NMFTA_4.txt -i 79 --min_fr=1.0 0.552700 0.665400
../../problems/clp/benchs/NMFTA/NMFTA_4.txt -i 82 --min_fr=1.0 0.531000 0.657800
../../problems/clp/benchs/NMFTA/NMFTA_4.txt -i 83 --min_fr=1.0 0.557700 0.671800
../../problems/clp/benchs/NMFTA/NMFTA_4.txt -i 84 --min_fr=1.0 0.533900 0.676500
../../problems/clp/benchs/NMFTA/NMFTA_4.txt -i 86 --min_fr=1.0 0.552500 0.674300
../../problems/clp/benchs/NMFTA/NMFTA_4.txt -i 92 --min_fr=1.0 0.594900 0.737600
../../problems/clp/benchs/NMFTA/NMFTA_4.txt -i 93 --min_fr=1.0 0.563900 0.729800
../../problems/clp/benchs/NMFTA/NMFTA_7.txt -i 1 --min_fr=1.0 0.261600 0.341900
../../problems/clp/benchs/NMFTA/NMFTA_7.txt -i 2 --min_fr=1.0 0.268100 0.334200
../../problems/clp/benchs/NMFTA/NMFTA_7.txt -i 3 --min_fr=1.0 0.343200 0.415700
../../problems/clp/benchs/NMFTA/NMFTA_7.txt -i 13 --min_fr=1.0 0.319800 0.391700
../../problems/clp/benchs/NMFTA/NMFTA_7.txt -i 14 --min_fr=1.0 0.279300 0.370600
../../problems/clp/benchs/NMFTA/NMFTA_7.txt -i 16 --min_fr=1.0 0.273000 0.363700
../../problems/clp/benchs/NMFTA/NMFTA_7.txt -i 19 --min_fr=1.0 0.300600 0.373700
../../problems/clp/benchs/NMFTA/NMFTA_7.txt -i 20 --min_fr=1.0 0.342400 0.411800
../../problems/clp/benchs/NMFTA/NMFTA_7.txt -i 25 --min_fr=1.0 0.288900 0.375600
../../problems/clp/benchs/NMFTA/NMFTA_7.txt -i 28 --min_fr=1.0 0.275900 0.341300
../../problems/clp/benchs/NMFTA/NMFTA_7.txt -i 31 --min_fr=1.0 0.288200 0.360400
../../problems/clp/benchs/NMFTA/NMFTA_7.txt -i 36 --min_fr=1.0 0.289900 0.373600
../../problems/clp/benchs/NMFTA/NMFTA_7.txt -i 42 --min_fr=1.0 0.319600 0.413700
../../problems/clp/benchs/NMFTA/NMFTA_7.txt -i 48 --min_fr=1.0 0.342700 0.414500
../../problems/clp/benchs/NMFTA/NMFTA_7.txt -i 49 --min_fr=1.0 0.293500 0.352600
../../problems/clp/benchs/NMFTA/NMFTA_7.txt -i 50 --min_fr=1.0 0.281300 0.382400
../../problems/clp/benchs/NMFTA/NMFTA_7.txt -i 51 --min_fr=1.0 0.320200 0.415000
../../problems/clp/benchs/NMFTA/NMFTA_7.txt -i 52 --min_fr=1.0 0.269200 0.343000
../../problems/clp/benchs/NMFTA/NMFTA_7.txt -i 53 --min_fr=1.0 0.286100 0.377200
../../problems/clp/benchs/NMFTA/NMFTA_7.txt -i 55 --min_fr=1.0 0.371300 0.453900
../../problems/clp/benchs/NMFTA/NMFTA_7.txt -i 59 --min_fr=1.0 0.295300 0.374600
../../problems/clp/benchs/NMFTA/NMFTA_7.txt -i 60 --min_fr=1.0 0.304000 0.378100
../../problems/clp/benchs/NMFTA/NMFTA_7.txt -i 61 --min_fr=1.0 0.293000 0.372000
../../problems/clp/benchs/NMFTA/NMFTA_7.txt -i 63 --min_fr=1.0 0.331100 0.411700
../../problems/clp/benchs/NMFTA/NMFTA_7.txt -i 67 --min_fr=1.0 0.269000 0.329500
../../problems/clp/benchs/NMFTA/NMFTA_7.txt -i 75 --min_fr=1.0 0.272400 0.329500
../../problems/clp/benchs/NMFTA/NMFTA_7.txt -i 79 --min_fr=1.0 0.305100 0.397500
../../problems/clp/benchs/NMFTA/NMFTA_7.txt -i 91 --min_fr=1.0 0.287600 0.369400
../../problems/clp/benchs/NMFTA/NMFTA_7.txt -i 93 --min_fr=1.0 0.246100 0.310700
../../problems/clp/benchs/NMFTA/NMFTA_7.txt -i 96 --min_fr=1.0 0.270600 0.403300
../../problems/clp/benchs/NMFTA/NMFTA_7.txt -i 99 --min_fr=1.0 0.277600 0.367700
../../problems/clp/benchs/NMFTA/NMFTA_8.txt -i 0 --min_fr=0.98 0.185300 0.224700
../../problems/clp/benchs/NMFTA/NMFTA_8.txt -i 2 --min_fr=0.98 0.202200 0.244000
../../problems/clp/benchs/NMFTA/NMFTA_8.txt -i 4 --min_fr=0.98 0.196600 0.252900
../../problems/clp/benchs/NMFTA/NMFTA_8.txt -i 6 --min_fr=0.98 0.230400 0.295600
../../problems/clp/benchs/NMFTA/NMFTA_8.txt -i 8 --min_fr=0.98 0.222000 0.285900
../../problems/clp/benchs/NMFTA/NMFTA_8.txt -i 12 --min_fr=0.98 0.235900 0.287800
../../problems/clp/benchs/NMFTA/NMFTA_8.txt -i 20 --min_fr=0.98 0.206800 0.255400
../../problems/clp/benchs/NMFTA/NMFTA_8.txt -i 21 --min_fr=0.98 0.281500 0.346000
../../problems/clp/benchs/NMFTA/NMFTA_8.txt -i 23 --min_fr=0.98 0.216200 0.278500
../../problems/clp/benchs/NMFTA/NMFTA_8.txt -i 25 --min_fr=0.98 0.221700 0.291300
../../problems/clp/benchs/NMFTA/NMFTA_8.txt -i 29 --min_fr=0.98 0.196300 0.236000
../../problems/clp/benchs/NMFTA/NMFTA_8.txt -i 35 --min_fr=0.98 0.218600 0.297800
../../problems/clp/benchs/NMFTA/NMFTA_8.txt -i 38 --min_fr=0.98 0.230900 0.287600
../../problems/clp/benchs/NMFTA/NMFTA_8.txt -i 40 --min_fr=0.98 0.246900 0.317300
../../problems/clp/benchs/NMFTA/NMFTA_8.txt -i 48 --min_fr=0.98 0.230500 0.278300
../../problems/clp/benchs/NMFTA/NMFTA_8.txt -i 49 --min_fr=0.98 0.245300 0.306400
../../problems/clp/benchs/NMFTA/NMFTA_8.txt -i 52 --min_fr=0.98 0.276700 0.333700
../../problems/clp/benchs/NMFTA/NMFTA_8.txt -i 55 --min_fr=0.98 0.171100 0.225100
../../problems/clp/benchs/NMFTA/NMFTA_8.txt -i 61 --min_fr=0.98 0.221900 0.280100
../../problems/clp/benchs/NMFTA/NMFTA_8.txt -i 63 --min_fr=0.98 0.228300 0.297900
../../problems/clp/benchs/NMFTA/NMFTA_8.txt -i 66 --min_fr=0.98 0.162800 0.200000
../../problems/clp/benchs/NMFTA/NMFTA_8.txt -i 67 --min_fr=0.98 0.281500 0.343300
../../problems/clp/benchs/NMFTA/NMFTA_8.txt -i 68 --min_fr=0.98 0.255600 0.315600
../../problems/clp/benchs/NMFTA/NMFTA_8.txt -i 69 --min_fr=0.98 0.228900 0.281300
../../problems/clp/benchs/NMFTA/NMFTA_8.txt -i 70 --min_fr=0.98 0.220700 0.271900
../../problems/clp/benchs/NMFTA/NMFTA_8.txt -i 72 --min_fr=0.98 0.207800 0.264500
../../problems/clp/benchs/NMFTA/NMFTA_8.txt -i 73 --min_fr=0.98 0.207800 0.254300
../../problems/clp/benchs/NMFTA/NMFTA_8.txt -i 76 --min_fr=0.98 0.216500 0.262000
../../problems/clp/benchs/NMFTA/NMFTA_8.txt -i 78 --min_fr=0.98 0.265000 0.325700
../../problems/clp/benchs/NMFTA/NMFTA_8.txt -i 90 --min_fr=0.98 0.205900 0.273500
../../problems/clp/benchs/NMFTA/NMFTA_8.txt -i 94 --min_fr=0.98 0.232600 0.281100
../../problems/clp/benchs/NMFTA/NMFTA_8.txt -i 96 --min_fr=0.98 0.207400 0.249500
../../problems/clp/benchs/NMFTA/NMFTA_8.txt -i 99 --min_fr=0.98 0.219400 0.269400
../../problems/clp/benchs/NMFTA/NMFTA_9.txt -i 0 --min_fr=0.98 0.477500 0.576200
../../problems/clp/benchs/NMFTA/NMFTA_9.txt -i 1 --min_fr=0.98 0.512500 0.618800
../../problems/clp/benchs/NMFTA/NMFTA_9.txt -i 5 --min_fr=0.98 0.476000 0.575400
../../problems/clp/benchs/NMFTA/NMFTA_9.txt -i 19 --min_fr=0.98 0.539800 0.652800
../../problems/clp/benchs/NMFTA/NMFTA_9.txt -i 37 --min_fr=0.98 0.487800 0.587100
../../problems/clp/benchs/NMFTA/NMFTA_9.txt -i 47 --min_fr=0.98 0.503300 0.636400
../../problems/clp/benchs/NMFTA/NMFTA_9.txt -i 49 --min_fr=0.98 0.484700 0.606300
../../problems/clp/benchs/NMFTA/NMFTA_9.txt -i 71 --min_fr=0.98 0.515300 0.634800
../../problems/clp/benchs/NMFTA/NMFTA_9.txt -i 83 --min_fr=0.98 0.553300 0.671100
../../problems/clp/benchs/NMFTA/NMFTA_9.txt -i 85 --min_fr=0.98 0.494000 0.634200
../../problems/clp/benchs/NMFTA/NMFTA_9.txt -i 94 --min_fr=0.98 0.460100 0.553300
../../problems/clp/benchs/NMFTA/NMFTA_9.txt -i 98 --min_fr=0.98 0.517700 0.630100
../../problems/clp/benchs/NMFTA/NMFTA_10.txt -i 6 --min_fr=0.98 0.504500 0.621800
../../problems/clp/benchs/NMFTA/NMFTA_10.txt -i 18 --min_fr=0.98 0.486700 0.612500
../../problems/clp/benchs/NMFTA/NMFTA_10.txt -i 18 --min_fr=0.98 0.489100 0.613000
../../problems/clp/benchs/NMFTA/NMFTA_10.txt -i 30 --min_fr=0.98 0.492600 0.599100
../../problems/clp/benchs/NMFTA/NMFTA_10.txt -i 32 --min_fr=0.98 0.488500 0.593700
../../problems/clp/benchs/NMFTA/NMFTA_10.txt -i 41 --min_fr=0.98 0.540900 0.668400
../../problems/clp/benchs/NMFTA/NMFTA_10.txt -i 46 --min_fr=0.98 0.501700 0.623300
../../problems/clp/benchs/NMFTA/NMFTA_10.txt -i 53 --min_fr=0.98 0.514100 0.624300
../../problems/clp/benchs/NMFTA/NMFTA_10.txt -i 54 --min_fr=0.98 0.487500 0.604500
../../problems/clp/benchs/NMFTA/NMFTA_10.txt -i 55 --min_fr=0.98 0.532700 0.648300
../../problems/clp/benchs/NMFTA/NMFTA_10.txt -i 60 --min_fr=0.98 0.527100 0.647400
../../problems/clp/benchs/NMFTA/NMFTA_10.txt -i 66 --min_fr=0.98 0.473000 0.591000
../../problems/clp/benchs/NMFTA/NMFTA_10.txt -i 67 --min_fr=0.98 0.527900 0.633800
../../problems/clp/benchs/NMFTA/NMFTA_10.txt -i 68 --min_fr=0.98 0.490200 0.596700
../../problems/clp/benchs/NMFTA/NMFTA_10.txt -i 70 --min_fr=0.98 0.533300 0.640700
../../problems/clp/benchs/NMFTA/NMFTA_10.txt -i 72 --min_fr=0.98 0.505100 0.623900
../../problems/clp/benchs/NMFTA/NMFTA_10.txt -i 78 --min_fr=0.98 0.519900 0.633700
../../problems/clp/benchs/NMFTA/NMFTA_10.txt -i 83 --min_fr=0.98 0.497500 0.615300
../../problems/clp/benchs/NMFTA/NMFTA_10.txt -i 84 --min_fr=0.98 0.468500 0.563400
../../problems/clp/benchs/NMFTA/NMFTA_10.txt -i 85 --min_fr=0.98 0.489300 0.614700
../../problems/clp/benchs/NMFTA/NMFTA_10.txt -i 87 --min_fr=0.98 0.511000 0.650700
../../problems/clp/benchs/NMFTA/NMFTA_10.txt -i 88 --min_fr=0.98 0.530400 0.649700
../../problems/clp/benchs/NMFTA/NMFTA_10.txt -i 95 --min_fr=0.98 0.521200 0.629400
../../problems/clp/benchs/NMFTA/NMFTA_10.txt -i 98 --min_fr=0.98 0.487600 0.591200
../../problems/clp/benchs/NMFTA/NMFTA_10.txt -i 99 --min_fr=0.98 0.511800 0.625100
../../problems/clp/benchs/NMFTA/NMFTA_11.txt -i 3 --min_fr=0.98 0.282300 0.343600
../../problems/clp/benchs/NMFTA/NMFTA_11.txt -i 6 --min_fr=0.98 0.287000 0.355600
../../problems/clp/benchs/NMFTA/NMFTA_11.txt -i 8 --min_fr=0.98 0.269300 0.327300
../../problems/clp/benchs/NMFTA/NMFTA_11.txt -i 10 --min_fr=0.98 0.260700 0.334600
../../problems/clp/benchs/NMFTA/NMFTA_11.txt -i 11 --min_fr=0.98 0.240500 0.301100
../../problems/clp/benchs/NMFTA/NMFTA_11.txt -i 12 --min_fr=0.98 0.280200 0.355000
../../problems/clp/benchs/NMFTA/NMFTA_11.txt -i 14 --min_fr=0.98 0.283800 0.342700
../../problems/clp/benchs/NMFTA/NMFTA_11.txt -i 21 --min_fr=0.98 0.305400 0.380500
../../problems/clp/benchs/NMFTA/NMFTA_11.txt -i 23 --min_fr=0.98 0.277600 0.342800
../../problems/clp/benchs/NMFTA/NMFTA_11.txt -i 24 --min_fr=0.98 0.294000 0.398900
../../problems/clp/benchs/NMFTA/NMFTA_11.txt -i 25 --min_fr=0.98 0.212800 0.316700
../../problems/clp/benchs/NMFTA/NMFTA_11.txt -i 30 --min_fr=0.98 0.278200 0.339000
../../problems/clp/benchs/NMFTA/NMFTA_11.txt -i 31 --min_fr=0.98 0.214600 0.275800
../../problems/clp/benchs/NMFTA/NMFTA_11.txt -i 34 --min_fr=0.98 0.268400 0.323700
../../problems/clp/benchs/NMFTA/NMFTA_11.txt -i 35 --min_fr=0.98 0.242700 0.331200
../../problems/clp/benchs/NMFTA/NMFTA_11.txt -i 37 --min_fr=0.98 0.252600 0.336500
../../problems/clp/benchs/NMFTA/NMFTA_11.txt -i 38 --min_fr=0.98 0.313000 0.397200
../../problems/clp/benchs/NMFTA/NMFTA_11.txt -i 48 --min_fr=0.98 0.281600 0.340800
../../problems/clp/benchs/NMFTA/NMFTA_11.txt -i 52 --min_fr=0.98 0.254100 0.321300
../../problems/clp/benchs/NMFTA/NMFTA_11.txt -i 53 --min_fr=0.98 0.258000 0.356000
../../problems/clp/benchs/NMFTA/NMFTA_11.txt -i 54 --min_fr=0.98 0.267900 0.343300
../../problems/clp/benchs/NMFTA/NMFTA_11.txt -i 55 --min_fr=0.98 0.279400 0.350200
../../problems/clp/benchs/NMFTA/NMFTA_11.txt -i 56 --min_fr=0.98 0.266500 0.329100
../../problems/clp/benchs/NMFTA/NMFTA_11.txt -i 58 --min_fr=0.98 0.284600 0.352800
../../problems/clp/benchs/NMFTA/NMFTA_11.txt -i 60 --min_fr=0.98 0.259700 0.342500
../../problems/clp/benchs/NMFTA/NMFTA_11.txt -i 62 --min_fr=0.98 0.279700 0.338700
../../problems/clp/benchs/NMFTA/NMFTA_11.txt -i 67 --min_fr=0.98 0.321800 0.428700
../../problems/clp/benchs/NMFTA/NMFTA_11.txt -i 69 --min_fr=0.98 0.269700 0.372000
../../problems/clp/benchs/NMFTA/NMFTA_11.txt -i 71 --min_fr=0.98 0.222000 0.312100
../../problems/clp/benchs/NMFTA/NMFTA_11.txt -i 72 --min_fr=0.98 0.218000 0.278800
../../problems/clp/benchs/NMFTA/NMFTA_11.txt -i 75 --min_fr=0.98 0.260200 0.344600
../../problems/clp/benchs/NMFTA/NMFTA_11.txt -i 81 --min_fr=0.98 0.262200 0.323400
../../problems/clp/benchs/NMFTA/NMFTA_11.txt -i 82 --min_fr=0.98 0.313200 0.379300
../../problems/clp/benchs/NMFTA/NMFTA_11.txt -i 89 --min_fr=0.98 0.277900 0.340200
../../problems/clp/benchs/NMFTA/NMFTA_11.txt -i 91 --min_fr=0.98 0.217800 0.308800
../../problems/clp/benchs/NMFTA/NMFTA_11.txt -i 92 --min_fr=0.98 0.284100 0.389700
../../problems/clp/benchs/NMFTA/NMFTA_11.txt -i 97 --min_fr=0.98 0.233200 0.294600
../../problems/clp/benchs/NMFTA/NMFTA_11.txt -i 99 --min_fr=0.98 0.279600 0.336400
../../problems/clp/benchs/NMFTA/NMFTA_14.txt -i 0 --min_fr=0.98 0.457400 0.635200
../../problems/clp/benchs/NMFTA/NMFTA_14.txt -i 1 --min_fr=0.98 0.510100 0.656100
../../problems/clp/benchs/NMFTA/NMFTA_14.txt -i 2 --min_fr=0.98 0.537100 0.652600
../../problems/clp/benchs/NMFTA/NMFTA_14.txt -i 3 --min_fr=0.98 0.472200 0.623000
../../problems/clp/benchs/NMFTA/NMFTA_14.txt -i 4 --min_fr=0.98 0.497700 0.638100
../../problems/clp/benchs/NMFTA/NMFTA_14.txt -i 5 --min_fr=0.98 0.479200 0.624900
../../problems/clp/benchs/NMFTA/NMFTA_14.txt -i 6 --min_fr=0.98 0.499300 0.664900
../../problems/clp/benchs/NMFTA/NMFTA_14.txt -i 7 --min_fr=0.98 0.501400 0.667000
../../problems/clp/benchs/NMFTA/NMFTA_14.txt -i 8 --min_fr=0.98 0.497600 0.691300
../../problems/clp/benchs/NMFTA/NMFTA_14.txt -i 9 --min_fr=0.98 0.484800 0.631200
../../problems/clp/benchs/NMFTA/NMFTA_14.txt -i 10 --min_fr=0.98 0.504600 0.666000
../../problems/clp/benchs/NMFTA/NMFTA_14.txt -i 11 --min_fr=0.98 0.469300 0.682000
../../problems/clp/benchs/NMFTA/NMFTA_14.txt -i 12 --min_fr=0.98 0.483100 0.630900
../../problems/clp/benchs/NMFTA/NMFTA_14.txt -i 13 --min_fr=0.98 0.492000 0.591000
../../problems/clp/benchs/NMFTA/NMFTA_14.txt -i 14 --min_fr=0.98 0.458800 0.627200
../../problems/clp/benchs/NMFTA/NMFTA_14.txt -i 18 --min_fr=0.98 0.567000 0.687400
../../problems/clp/benchs/NMFTA/NMFTA_14.txt -i 16 --min_fr=0.98 0.439300 0.637600
../../problems/clp/benchs/NMFTA/NMFTA_14.txt -i 17 --min_fr=0.98 0.526500 0.684600
../../problems/clp/benchs/NMFTA/NMFTA_14.txt -i 18 --min_fr=0.98 0.567000 0.687400
../../problems/clp/benchs/NMFTA/NMFTA_14.txt -i 19 --min_fr=0.98 0.500700 0.636000
../../problems/clp/benchs/NMFTA/NMFTA_14.txt -i 20 --min_fr=0.98 0.492200 0.673000
../../problems/clp/benchs/NMFTA/NMFTA_14.txt -i 21 --min_fr=0.98 0.506500 0.674300
../../problems/clp/benchs/NMFTA/NMFTA_14.txt -i 22 --min_fr=0.98 0.529300 0.693300
../../problems/clp/benchs/NMFTA/NMFTA_14.txt -i 23 --min_fr=0.98 0.470300 0.638200
../../problems/clp/benchs/NMFTA/NMFTA_14.txt -i 24 --min_fr=0.98 0.466500 0.620800
../../problems/clp/benchs/NMFTA/NMFTA_14.txt -i 25 --min_fr=0.98 0.434600 0.626400
../../problems/clp/benchs/NMFTA/NMFTA_14.txt -i 26 --min_fr=0.98 0.470300 0.633900
../../problems/clp/benchs/NMFTA/NMFTA_14.txt -i 27 --min_fr=0.98 0.438500 0.643800
../../problems/clp/benchs/NMFTA/NMFTA_14.txt -i 28 --min_fr=0.98 0.399700 0.591900
../../problems/clp/benchs/NMFTA/NMFTA_14.txt -i 29 --min_fr=0.98 0.509200 0.675300
../../problems/clp/benchs/NMFTA/NMFTA_14.txt -i 30 --min_fr=0.98 0.456300 0.618600
../../problems/clp/benchs/NMFTA/NMFTA_14.txt -i 31 --min_fr=0.98 0.491900 0.665500
../../problems/clp/benchs/NMFTA/NMFTA_14.txt -i 32 --min_fr=0.98 0.545900 0.701500
../../problems/clp/benchs/NMFTA/NMFTA_14.txt -i 33 --min_fr=0.98 0.513400 0.624400
../../problems/clp/benchs/NMFTA/NMFTA_14.txt -i 34 --min_fr=0.98 0.452000 0.605200
../../problems/clp/benchs/NMFTA/NMFTA_14.txt -i 35 --min_fr=0.98 0.531700 0.688200
../../problems/clp/benchs/NMFTA/NMFTA_14.txt -i 36 --min_fr=0.98 0.471700 0.617200
../../problems/clp/benchs/NMFTA/NMFTA_14.txt -i 37 --min_fr=0.98 0.504600 0.636600
../../problems/clp/benchs/NMFTA/NMFTA_14.txt -i 38 --min_fr=0.98 0.482100 0.626900
../../problems/clp/benchs/NMFTA/NMFTA_14.txt -i 39 --min_fr=0.98 0.465100 0.648300
../../problems/clp/benchs/NMFTA/NMFTA_14.txt -i 40 --min_fr=0.98 0.541600 0.676000
../../problems/clp/benchs/NMFTA/NMFTA_14.txt -i 41 --min_fr=0.98 0.469500 0.627900
../../problems/clp/benchs/NMFTA/NMFTA_14.txt -i 42 --min_fr=0.98 0.453300 0.619200
../../problems/clp/benchs/NMFTA/NMFTA_14.txt -i 43 --min_fr=0.98 0.522900 0.669100
../../problems/clp/benchs/NMFTA/NMFTA_14.txt -i 44 --min_fr=0.98 0.549200 0.723800
../../problems/clp/benchs/NMFTA/NMFTA_14.txt -i 45 --min_fr=0.98 0.480100 0.625700
../../problems/clp/benchs/NMFTA/NMFTA_14.txt -i 46 --min_fr=0.98 0.500300 0.661400
../../problems/clp/benchs/NMFTA/NMFTA_14.txt -i 47 --min_fr=0.98 0.443800 0.594100
../../problems/clp/benchs/NMFTA/NMFTA_14.txt -i 48 --min_fr=0.98 0.443700 0.625800
../../problems/clp/benchs/NMFTA/NMFTA_14.txt -i 49 --min_fr=0.98 0.517500 0.706900
../../problems/clp/benchs/NMFTA/NMFTA_14.txt -i 50 --min_fr=0.98 0.482700 0.656100
../../problems/clp/benchs/NMFTA/NMFTA_14.txt -i 51 --min_fr=0.98 0.458200 0.645300
../../problems/clp/benchs/NMFTA/NMFTA_14.txt -i 52 --min_fr=0.98 0.478200 0.608400
../../problems/clp/benchs/NMFTA/NMFTA_14.txt -i 53 --min_fr=0.98 0.443200 0.635500
../../problems/clp/benchs/NMFTA/NMFTA_14.txt -i 54 --min_fr=0.98 0.518700 0.662200
../../problems/clp/benchs/NMFTA/NMFTA_14.txt -i 55 --min_fr=0.98 0.472600 0.655100
../../problems/clp/benchs/NMFTA/NMFTA_14.txt -i 56 --min_fr=0.98 0.494400 0.651500
../../problems/clp/benchs/NMFTA/NMFTA_14.txt -i 58 --min_fr=0.98 0.490400 0.633000
../../problems/clp/benchs/NMFTA/NMFTA_14.txt -i 59 --min_fr=0.98 0.468500 0.669600
../../problems/clp/benchs/NMFTA/NMFTA_14.txt -i 60 --min_fr=0.98 0.499600 0.672700
../../problems/clp/benchs/NMFTA/NMFTA_14.txt -i 61 --min_fr=0.98 0.480600 0.680100
../../problems/clp/benchs/NMFTA/NMFTA_14.txt -i 62 --min_fr=0.98 0.479500 0.582400
../../problems/clp/benchs/NMFTA/NMFTA_14.txt -i 63 --min_fr=0.98 0.512500 0.681300
../../problems/clp/benchs/NMFTA/NMFTA_14.txt -i 64 --min_fr=0.98 0.475400 0.625500
../../problems/clp/benchs/NMFTA/NMFTA_14.txt -i 65 --min_fr=0.98 0.508200 0.711100
../../problems/clp/benchs/NMFTA/NMFTA_14.txt -i 66 --min_fr=0.98 0.435600 0.645800
../../problems/clp/benchs/NMFTA/NMFTA_14.txt -i 67 --min_fr=0.98 0.480700 0.607400
../../problems/clp/benchs/NMFTA/NMFTA_14.txt -i 69 --min_fr=0.98 0.432600 0.597600
../../problems/clp/benchs/NMFTA/NMFTA_14.txt -i 70 --min_fr=0.98 0.480700 0.631800
../../problems/clp/benchs/NMFTA/NMFTA_14.txt -i 71 --min_fr=0.98 0.467800 0.656400
../../problems/clp/benchs/NMFTA/NMFTA_14.txt -i 72 --min_fr=0.98 0.516800 0.653600
../../problems/clp/benchs/NMFTA/NMFTA_14.txt -i 73 --min_fr=0.98 0.520700 0.655500
../../problems/clp/benchs/NMFTA/NMFTA_14.txt -i 74 --min_fr=0.98 0.500700 0.650400
../../problems/clp/benchs/NMFTA/NMFTA_14.txt -i 75 --min_fr=0.98 0.477900 0.683600
../../problems/clp/benchs/NMFTA/NMFTA_14.txt -i 76 --min_fr=0.98 0.457000 0.622900
../../problems/clp/benchs/NMFTA/NMFTA_14.txt -i 77 --min_fr=0.98 0.471400 0.604500
../../problems/clp/benchs/NMFTA/NMFTA_14.txt -i 79 --min_fr=0.98 0.491500 0.635700
../../problems/clp/benchs/NMFTA/NMFTA_14.txt -i 80 --min_fr=0.98 0.470600 0.656600
../../problems/clp/benchs/NMFTA/NMFTA_14.txt -i 81 --min_fr=0.98 0.509400 0.648400
../../problems/clp/benchs/NMFTA/NMFTA_14.txt -i 82 --min_fr=0.98 0.463600 0.619800
../../problems/clp/benchs/NMFTA/NMFTA_14.txt -i 83 --min_fr=0.98 0.531400 0.702300
../../problems/clp/benchs/NMFTA/NMFTA_14.txt -i 84 --min_fr=0.98 0.476900 0.651700
../../problems/clp/benchs/NMFTA/NMFTA_14.txt -i 85 --min_fr=0.98 0.512800 0.657500
../../problems/clp/benchs/NMFTA/NMFTA_14.txt -i 86 --min_fr=0.98 0.542500 0.731600
../../problems/clp/benchs/NMFTA/NMFTA_14.txt -i 87 --min_fr=0.98 0.575100 0.691500
../../problems/clp/benchs/NMFTA/NMFTA_14.txt -i 88 --min_fr=0.98 0.487800 0.644800
../../problems/clp/benchs/NMFTA/NMFTA_14.txt -i 89 --min_fr=0.98 0.499300 0.645800
../../problems/clp/benchs/NMFTA/NMFTA_14.txt -i 90 --min_fr=0.98 0.483200 0.694700
../../problems/clp/benchs/NMFTA/NMFTA_14.txt -i 91 --min_fr=0.98 0.458800 0.649200
../../problems/clp/benchs/NMFTA/NMFTA_14.txt -i 93 --min_fr=0.98 0.519300 0.687400
../../problems/clp/benchs/NMFTA/NMFTA_14.txt -i 94 --min_fr=0.98 0.495100 0.676200
../../problems/clp/benchs/NMFTA/NMFTA_14.txt -i 95 --min_fr=0.98 0.547600 0.660200
../../problems/clp/benchs/NMFTA/NMFTA_14.txt -i 96 --min_fr=0.98 0.508400 0.626000
../../problems/clp/benchs/NMFTA/NMFTA_14.txt -i 97 --min_fr=0.98 0.551100 0.714700
../../problems/clp/benchs/NMFTA/NMFTA_14.txt -i 98 --min_fr=0.98 0.499100 0.618100
../../problems/clp/benchs/NMFTA/NMFTA_14.txt -i 99 --min_fr=0.98 0.493000 0.679600
../../problems/clp/benchs/NMFTA/NMFTA_15.txt -i 0 --min_fr=0.98 0.469000 0.597700
../../problems/clp/benchs/NMFTA/NMFTA_15.txt -i 1 --min_fr=0.98 0.449400 0.575700
../../problems/clp/benchs/NMFTA/NMFTA_15.txt -i 2 --min_fr=0.98 0.445200 0.634100
../../problems/clp/benchs/NMFTA/NMFTA_15.txt -i 3 --min_fr=0.98 0.428600 0.624700
../../problems/clp/benchs/NMFTA/NMFTA_15.txt -i 4 --min_fr=0.98 0.396100 0.602100
../../problems/clp/benchs/NMFTA/NMFTA_15.txt -i 5 --min_fr=0.98 0.418900 0.622700
../../problems/clp/benchs/NMFTA/NMFTA_15.txt -i 6 --min_fr=0.98 0.439700 0.592100
../../problems/clp/benchs/NMFTA/NMFTA_15.txt -i 7 --min_fr=0.98 0.409200 0.659400
../../problems/clp/benchs/NMFTA/NMFTA_15.txt -i 8 --min_fr=0.98 0.506000 0.620900
../../problems/clp/benchs/NMFTA/NMFTA_15.txt -i 9 --min_fr=0.98 0.460100 0.597700
../../problems/clp/benchs/NMFTA/NMFTA_15.txt -i 10 --min_fr=0.98 0.436500 0.649200
../../problems/clp/benchs/NMFTA/NMFTA_15.txt -i 11 --min_fr=0.98 0.418300 0.580800
../../problems/clp/benchs/NMFTA/NMFTA_15.txt -i 12 --min_fr=0.98 0.464600 0.571100
../../problems/clp/benchs/NMFTA/NMFTA_15.txt -i 13 --min_fr=0.98 0.348900 0.613100
../../problems/clp/benchs/NMFTA/NMFTA_15.txt -i 14 --min_fr=0.98 0.436800 0.633900
../../problems/clp/benchs/NMFTA/NMFTA_15.txt -i 15 --min_fr=0.98 0.440900 0.584500
../../problems/clp/benchs/NMFTA/NMFTA_15.txt -i 16 --min_fr=0.98 0.459600 0.599300
../../problems/clp/benchs/NMFTA/NMFTA_15.txt -i 17 --min_fr=0.98 0.405600 0.572400
../../problems/clp/benchs/NMFTA/NMFTA_15.txt -i 18 --min_fr=0.98 0.464400 0.614500
../../problems/clp/benchs/NMFTA/NMFTA_15.txt -i 19 --min_fr=0.98 0.465900 0.619200
../../problems/clp/benchs/NMFTA/NMFTA_15.txt -i 20 --min_fr=0.98 0.460400 0.583600
../../problems/clp/benchs/NMFTA/NMFTA_15.txt -i 21 --min_fr=0.98 0.482200 0.626600
../../problems/clp/benchs/NMFTA/NMFTA_15.txt -i 22 --min_fr=0.98 0.464700 0.597000
../../problems/clp/benchs/NMFTA/NMFTA_15.txt -i 23 --min_fr=0.98 0.446600 0.617100
../../problems/clp/benchs/NMFTA/NMFTA_15.txt -i 24 --min_fr=0.98 0.459600 0.609000
../../problems/clp/benchs/NMFTA/NMFTA_15.txt -i 25 --min_fr=0.98 0.496800 0.637200
../../problems/clp/benchs/NMFTA/NMFTA_15.txt -i 26 --min_fr=0.98 0.406000 0.574800
../../problems/clp/benchs/NMFTA/NMFTA_15.txt -i 27 --min_fr=0.98 0.404300 0.603500
../../problems/clp/benchs/NMFTA/NMFTA_15.txt -i 28 --min_fr=0.98 0.431000 0.626300
../../problems/clp/benchs/NMFTA/NMFTA_15.txt -i 29 --min_fr=0.98 0.494800 0.603700
../../problems/clp/benchs/NMFTA/NMFTA_15.txt -i 30 --min_fr=0.98 0.425700 0.639200
../../problems/clp/benchs/NMFTA/NMFTA_15.txt -i 31 --min_fr=0.98 0.479000 0.627000
../../problems/clp/benchs/NMFTA/NMFTA_15.txt -i 32 --min_fr=0.98 0.433500 0.605800
../../problems/clp/benchs/NMFTA/NMFTA_15.txt -i 33 --min_fr=0.98 0.409300 0.602400
../../problems/clp/benchs/NMFTA/NMFTA_15.txt -i 34 --min_fr=0.98 0.505000 0.625400
../../problems/clp/benchs/NMFTA/NMFTA_15.txt -i 35 --min_fr=0.98 0.489300 0.593600
../../problems/clp/benchs/NMFTA/NMFTA_15.txt -i 36 --min_fr=0.98 0.467900 0.627900
../../problems/clp/benchs/NMFTA/NMFTA_15.txt -i 37 --min_fr=0.98 0.409600 0.589800
../../problems/clp/benchs/NMFTA/NMFTA_15.txt -i 38 --min_fr=0.98 0.462000 0.640300
../../problems/clp/benchs/NMFTA/NMFTA_15.txt -i 39 --min_fr=0.98 0.449300 0.556700
../../problems/clp/benchs/NMFTA/NMFTA_15.txt -i 40 --min_fr=0.98 0.467200 0.633900
../../problems/clp/benchs/NMFTA/NMFTA_15.txt -i 41 --min_fr=0.98 0.521200 0.639900
../../problems/clp/benchs/NMFTA/NMFTA_15.txt -i 42 --min_fr=0.98 0.408800 0.595600
../../problems/clp/benchs/NMFTA/NMFTA_15.txt -i 43 --min_fr=0.98 0.485900 0.597400
../../problems/clp/benchs/NMFTA/NMFTA_15.txt -i 44 --min_fr=0.98 0.400900 0.609100
../../problems/clp/benchs/NMFTA/NMFTA_15.txt -i 45 --min_fr=0.98 0.435700 0.596900
../../problems/clp/benchs/NMFTA/NMFTA_15.txt -i 47 --min_fr=0.98 0.435600 0.649700
../../problems/clp/benchs/NMFTA/NMFTA_15.txt -i 48 --min_fr=0.98 0.390800 0.594200
../../problems/clp/benchs/NMFTA/NMFTA_15.txt -i 49 --min_fr=0.98 0.538800 0.649200
../../problems/clp/benchs/NMFTA/NMFTA_15.txt -i 50 --min_fr=0.98 0.382800 0.527400
../../problems/clp/benchs/NMFTA/NMFTA_15.txt -i 51 --min_fr=0.98 0.470900 0.613800
../../problems/clp/benchs/NMFTA/NMFTA_15.txt -i 52 --min_fr=0.98 0.414000 0.617600
../../problems/clp/benchs/NMFTA/NMFTA_15.txt -i 53 --min_fr=0.98 0.442800 0.622600
../../problems/clp/benchs/NMFTA/NMFTA_15.txt -i 54 --min_fr=0.98 0.416300 0.641600
../../problems/clp/benchs/NMFTA/NMFTA_15.txt -i 55 --min_fr=0.98 0.467800 0.625600
../../problems/clp/benchs/NMFTA/NMFTA_15.txt -i 56 --min_fr=0.98 0.430100 0.600300
../../problems/clp/benchs/NMFTA/NMFTA_15.txt -i 57 --min_fr=0.98 0.475300 0.632100
../../problems/clp/benchs/NMFTA/NMFTA_15.txt -i 59 --min_fr=0.98 0.389900 0.565600
../../problems/clp/benchs/NMFTA/NMFTA_15.txt -i 60 --min_fr=0.98 0.452300 0.603800
../../problems/clp/benchs/NMFTA/NMFTA_15.txt -i 61 --min_fr=0.98 0.466100 0.630900
../../problems/clp/benchs/NMFTA/NMFTA_15.txt -i 62 --min_fr=0.98 0.436000 0.607900
../../problems/clp/benchs/NMFTA/NMFTA_15.txt -i 63 --min_fr=0.98 0.433100 0.587900
../../problems/clp/benchs/NMFTA/NMFTA_15.txt -i 64 --min_fr=0.98 0.523500 0.658100
../../problems/clp/benchs/NMFTA/NMFTA_15.txt -i 65 --min_fr=0.98 0.447500 0.576200
../../problems/clp/benchs/NMFTA/NMFTA_15.txt -i 66 --min_fr=0.98 0.403100 0.594700
../../problems/clp/benchs/NMFTA/NMFTA_15.txt -i 67 --min_fr=0.98 0.416200 0.577600
../../problems/clp/benchs/NMFTA/NMFTA_15.txt -i 68 --min_fr=0.98 0.466100 0.620100
../../problems/clp/benchs/NMFTA/NMFTA_15.txt -i 69 --min_fr=0.98 0.470900 0.624700
../../problems/clp/benchs/NMFTA/NMFTA_15.txt -i 70 --min_fr=0.98 0.448200 0.588200
../../problems/clp/benchs/NMFTA/NMFTA_15.txt -i 71 --min_fr=0.98 0.452200 0.581700
../../problems/clp/benchs/NMFTA/NMFTA_15.txt -i 72 --min_fr=0.98 0.419300 0.590300
../../problems/clp/benchs/NMFTA/NMFTA_15.txt -i 73 --min_fr=0.98 0.412800 0.562900
../../problems/clp/benchs/NMFTA/NMFTA_15.txt -i 75 --min_fr=0.98 0.474300 0.630700
../../problems/clp/benchs/NMFTA/NMFTA_15.txt -i 76 --min_fr=0.98 0.393400 0.607900
../../problems/clp/benchs/NMFTA/NMFTA_15.txt -i 77 --min_fr=0.98 0.458300 0.635700
../../problems/clp/benchs/NMFTA/NMFTA_15.txt -i 78 --min_fr=0.98 0.470200 0.628000
../../problems/clp/benchs/NMFTA/NMFTA_15.txt -i 79 --min_fr=0.98 0.474100 0.581200
../../problems/clp/benchs/NMFTA/NMFTA_15.txt -i 81 --min_fr=0.98 0.424500 0.603400
../../problems/clp/benchs/NMFTA/NMFTA_15.txt -i 82 --min_fr=0.98 0.487500 0.641300
../../problems/clp/benchs/NMFTA/NMFTA_15.txt -i 83 --min_fr=0.98 0.450800 0.579500
../../problems/clp/benchs/NMFTA/NMFTA_15.txt -i 84 --min_fr=0.98 0.411300 0.632800
../../problems/clp/benchs/NMFTA/NMFTA_15.txt -i 85 --min_fr=0.98 0.415700 0.647100
../../problems/clp/benchs/NMFTA/NMFTA_15.txt -i 86 --min_fr=0.98 0.429000 0.588400
../../problems/clp/benchs/NMFTA/NMFTA_15.txt -i 87 --min_fr=0.98 0.343800 0.631800
../../problems/clp/benchs/NMFTA/NMFTA_15.txt -i 88 --min_fr=0.98 0.470900 0.622200
../../problems/clp/benchs/NMFTA/NMFTA_15.txt -i 89 --min_fr=0.98 0.407400 0.557300
../../problems/clp/benchs/NMFTA/NMFTA_15.txt -i 90 --min_fr=0.98 0.399200 0.592700
../../problems/clp/benchs/NMFTA/NMFTA_15.txt -i 91 --min_fr=0.98 0.413400 0.588800
../../problems/clp/benchs/NMFTA/NMFTA_15.txt -i 92 --min_fr=0.98 0.471700 0.631200
../../problems/clp/benchs/NMFTA/NMFTA_15.txt -i 93 --min_fr=0.98 0.446500 0.632300
../../problems/clp/benchs/NMFTA/NMFTA_15.txt -i 94 --min_fr=0.98 0.416000 0.544300
../../problems/clp/benchs/NMFTA/NMFTA_15.txt -i 95 --min_fr=0.98 0.516400 0.708100
../../problems/clp/benchs/NMFTA/NMFTA_15.txt -i 96 --min_fr=0.98 0.501000 0.664000
../../problems/clp/benchs/NMFTA/NMFTA_15.txt -i 97 --min_fr=0.98 0.492800 0.665900
../../problems/clp/benchs/NMFTA/NMFTA_15.txt -i 98 --min_fr=0.98 0.459000 0.590100
../../problems/clp/benchs/NMFTA/NMFTA_15.txt -i 99 --min_fr=0.98 0.435600 0.574700
../../problems/clp/benchs/NMFTA/NMFTA_16.txt -i 2 --min_fr=0.98 0.515200 0.624600
../../problems/clp/benchs/NMFTA/NMFTA_16.txt -i 13 --min_fr=0.98 0.472600 0.584600
../../problems/clp/benchs/NMFTA/NMFTA_16.txt -i 37 --min_fr=0.98 0.518300 0.625900
../../problems/clp/benchs/NMFTA/NMFTA_16.txt -i 61 --min_fr=0.98 0.499900 0.604300
../../problems/clp/benchs/NMFTA/NMFTA_16.txt -i 67 --min_fr=0.98 0.509600 0.615100
../../problems/clp/benchs/NMFTA/NMFTA_16.txt -i 90 --min_fr=0.98 0.542500 0.658600
../../problems/clp/benchs/NMFTA/NMFTA_18.txt -i 9 --min_fr=0.98 0.498900 0.600800
../../problems/clp/benchs/NMFTA/NMFTA_18.txt -i 16 --min_fr=0.98 0.529300 0.639900
../../problems/clp/benchs/NMFTA/NMFTA_18.txt -i 19 --min_fr=0.98 0.559600 0.671800
../../problems/clp/benchs/NMFTA/NMFTA_18.txt -i 20 --min_fr=0.98 0.487700 0.597700
../../problems/clp/benchs/NMFTA/NMFTA_18.txt -i 31 --min_fr=0.98 0.481000 0.595000
../../problems/clp/benchs/NMFTA/NMFTA_18.txt -i 34 --min_fr=0.98 0.532800 0.639700
../../problems/clp/benchs/NMFTA/NMFTA_18.txt -i 37 --min_fr=0.98 0.538400 0.654500
../../problems/clp/benchs/NMFTA/NMFTA_18.txt -i 42 --min_fr=0.98 0.507300 0.616400
../../problems/clp/benchs/NMFTA/NMFTA_18.txt -i 43 --min_fr=0.98 0.520300 0.632300
../../problems/clp/benchs/NMFTA/NMFTA_18.txt -i 59 --min_fr=0.98 0.500400 0.605100
../../problems/clp/benchs/NMFTA/NMFTA_18.txt -i 61 --min_fr=0.98 0.484600 0.608100
../../problems/clp/benchs/NMFTA/NMFTA_18.txt -i 68 --min_fr=0.98 0.536400 0.643800
../../problems/clp/benchs/NMFTA/NMFTA_18.txt -i 70 --min_fr=0.98 0.478200 0.577400
../../problems/clp/benchs/NMFTA/NMFTA_18.txt -i 78 --min_fr=0.98 0.506400 0.617700
../../problems/clp/benchs/NMFTA/NMFTA_18.txt -i 81 --min_fr=0.98 0.498000 0.608100
../../problems/clp/benchs/NMFTA/NMFTA_18.txt -i 86 --min_fr=0.98 0.466400 0.560300
../../problems/clp/benchs/NMFTA/NMFTA_18.txt -i 91 --min_fr=0.98 0.477700 0.588700
../../problems/clp/benchs/NMFTA/NMFTA_18.txt -i 94 --min_fr=0.98 0.490900 0.590700
