0.9477 
0.9760 
0.9288 
0.9280 
0.9519 
0.9613 
0.9660 
0.9828 
0.9330 
0.9553 
0.9336 
0.9534 
0.9777 
0.9692 
0.9674 
0.9686 
0.9797 
0.9139 
0.9551 
0.9548 
0.9622 
0.9624 
0.9603 
0.9537 
0.9652 
0.9704 
0.9682 
0.9649 
0.9627 
0.9717 
0.9640 
0.9620 
0.9732 
0.9654 
0.9768 
0.9641 
0.9773 
0.9523 
0.9603 
0.9611 
0.9622 
0.9737 
0.9575 
0.9684 
0.9670 
0.9651 
0.9670 
0.9589 
0.9647 
0.9633 
0.9643 
0.9563 
0.9726 
0.9673 
0.9696 
0.9606 
0.9584 
0.9554 
0.9708 
0.9646 
0.9658 
0.9751 
0.9650 
0.9705 
0.9674 
0.9635 
0.9655 
0.9612 
0.9638 
0.9622 
0.9546 
0.9617 
0.9725 
0.9677 
0.9701 
0.9605 
0.9615 
0.9520 
0.9706 
0.9668 
0.9674 
0.9649 
0.9631 
0.9686 
0.9635 
0.9670 
0.9609 
0.9561 
0.9596 
0.9629 
0.9623 
0.9602 
0.9705 
0.9698 
0.9649 
0.9622 
0.9641 
0.9613 
0.9661 
0.9725 
0.9626 
0.9697 
0.9610 
0.9747 
0.9663 
0.9622 
0.9611 
0.9613 
0.9631 
0.9607 
0.9681 
0.9600 
0.9676 
0.9693 
0.9648 
0.9602 
0.9647 
0.9534 
0.9631 
0.9654 
0.9626 
0.9616 
0.9615 
0.9678 
0.9589 
0.9619 
0.9599 
0.9644 
0.9555 
0.9603 
0.9677 
0.9632 
0.9633 
0.9679 
0.9618 
0.9586 
0.9603 
0.9590 
0.9619 
0.9618 
0.9543 
0.9606 
0.9468 
0.9612 
0.9543 
0.9524 
0.9501 
0.9520 
0.9462 
0.9622 
0.9558 
0.9590 
0.9565 
0.9536 
0.9546 
0.9567 
0.9589 
0.9625 
0.9593 
0.9530 
0.9519 
0.9542 
0.9535 
0.9597 
0.9523 
0.9525 
0.9577 
0.9424 
0.9422 
0.9554 
0.9558 
0.9526 
0.9557 
0.9527 
0.9480 
0.9561 
0.9558 
0.9557 
0.9424 
0.9530 
0.9472 
0.9503 
0.9510 
0.9558 
0.9550 
0.9430 
0.9540 
0.9521 
0.9456 
0.9494 
0.9508 
0.9523 
0.9518 
0.9505 
0.9538 
0.9552 
0.9528 
0.9455 
0.9506 
0.9518 
0.9526 
0.9493 
0.9468 
0.9474 
0.9515 
0.9502 
0.9491 
0.9585 
0.9461 
0.9452 
0.9513 
0.9543 
0.9429 
0.9509 
0.9435 
0.9504 
0.9517 
0.9451 
0.9517 
0.9507 
0.9497 
0.9510 
0.9486 
0.9521 
0.9466 
0.9430 
0.9475 
0.9443 
0.9558 
0.9498 
0.9427 
0.9484 
0.9566 
0.9573 
0.9489 
0.9473 
0.9513 
0.9533 
0.9496 
0.9510 
0.9462 
0.9482 
0.9517 
0.9453 
0.9540 
0.9406 
0.9434 
0.9395 
0.9473 
0.9489 
0.9522 
0.9483 
0.9505 
0.9559 
0.9464 
0.9478 
0.9526 
0.9456 
0.9476 
0.9417 
0.9522 
0.9421 
0.9449 
0.9425 
0.9474 
0.9404 
0.9482 
0.9447 
0.9511 
0.9483 
0.9493 
0.9480 
0.9496 
0.9505 
0.9453 
0.9448 
0.9523 
0.9433 
0.9420 
0.9514 
0.9495 
0.9490 
0.9456 
0.9480 
0.9468 
0.9498 
0.9512 
0.9373 
0.9518 
0.9476 
0.9464 
0.9480 
0.9494 
0.9466 
0.9472 
0.9463 
0.9524 
0.9470 
0.9510 
0.9507 
