0.9477 
0.9761 
0.9399 
0.9298 
0.9513 
0.9587 
0.9639 
0.9828 
0.9370 
0.9553 
0.9326 
0.9534 
0.9751 
0.9666 
0.9750 
0.9693 
0.9797 
0.9139 
0.9590 
0.9492 
0.9622 
0.9616 
0.9637 
0.9599 
0.9635 
0.9743 
0.9702 
0.9642 
0.9627 
0.9726 
0.9640 
0.9567 
0.9732 
0.9601 
0.9768 
0.9657 
0.9781 
0.9594 
0.9630 
0.9617 
0.9604 
0.9747 
0.9574 
0.9714 
0.9697 
0.9742 
0.9661 
0.9618 
0.9646 
0.9658 
0.9661 
0.9560 
0.9761 
0.9658 
0.9658 
0.9676 
0.9510 
0.9523 
0.9768 
0.9680 
0.9627 
0.9685 
0.9650 
0.9679 
0.9657 
0.9660 
0.9689 
0.9627 
0.9672 
0.9670 
0.9591 
0.9619 
0.9733 
0.9692 
0.9655 
0.9595 
0.9611 
0.9471 
0.9731 
0.9667 
0.9637 
0.9643 
0.9576 
0.9672 
0.9674 
0.9637 
0.9646 
0.9577 
0.9693 
0.9672 
0.9690 
0.9591 
0.9707 
0.9645 
0.9624 
0.9684 
0.9632 
0.9580 
0.9652 
0.9659 
0.9610 
0.9658 
0.9656 
0.9730 
0.9626 
0.9710 
0.9616 
0.9660 
0.9627 
0.9645 
0.9669 
0.9613 
0.9711 
0.9719 
0.9686 
0.9671 
0.9670 
0.9552 
0.9638 
0.9658 
0.9668 
0.9686 
0.9627 
0.9685 
0.9595 
0.9679 
0.9597 
0.9619 
0.9578 
0.9622 
0.9642 
0.9582 
0.9623 
0.9645 
0.9622 
0.9624 
0.9582 
0.9620 
0.9633 
0.9629 
0.9548 
0.9597 
0.9453 
0.9567 
0.9552 
0.9569 
0.9502 
0.9527 
0.9473 
0.9575 
0.9621 
0.9580 
0.9609 
0.9581 
0.9547 
0.9647 
0.9589 
0.9605 
0.9555 
0.9575 
0.9606 
0.9630 
0.9570 
0.9571 
0.9550 
0.9565 
0.9601 
0.9537 
0.9491 
0.9584 
0.9576 
0.9538 
0.9559 
0.9533 
0.9509 
0.9565 
0.9555 
0.9604 
0.9486 
0.9577 
0.9551 
0.9512 
0.9516 
0.9565 
0.9588 
0.9338 
0.9574 
0.9500 
0.9477 
0.9506 
0.9545 
0.9571 
0.9513 
0.9546 
0.9556 
0.9546 
0.9486 
0.9504 
0.9523 
0.9549 
0.9464 
0.9494 
0.9381 
0.9549 
0.9538 
0.9512 
0.9554 
0.9560 
0.9526 
0.9541 
0.9491 
0.9574 
0.9519 
0.9544 
0.9511 
0.9553 
0.9565 
0.9499 
0.9555 
0.9559 
0.9453 
0.9481 
0.9481 
0.9547 
0.9495 
0.9315 
0.9493 
0.9486 
0.9516 
0.9496 
0.9524 
0.9469 
0.9587 
0.9566 
0.9490 
0.9521 
0.9518 
0.9501 
0.9464 
0.9515 
0.9521 
0.9484 
0.9540 
0.9493 
0.9496 
0.0000 
0.9545 
0.9332 
0.9461 
0.9568 
0.9543 
0.9500 
0.9495 
0.9518 
0.9557 
0.9542 
0.9438 
0.9477 
0.9508 
0.9484 
0.9505 
0.9470 
0.9479 
0.9468 
0.9490 
0.9445 
0.9493 
0.9430 
0.9521 
0.9540 
0.9428 
0.9515 
0.9572 
0.9471 
0.9456 
0.9483 
0.9505 
0.9382 
0.9466 
0.9480 
0.9509 
0.9508 
0.9471 
0.9547 
0.9487 
0.9394 
0.9493 
0.9399 
0.9535 
0.9496 
0.9397 
0.9465 
0.9528 
0.9488 
0.9522 
0.9495 
0.9534 
0.9478 
0.9474 
0.9504 
