0.9177 187484
0.9567 88580
0.8927 263139
0.9298 70564
0.9479 238254
0.9545 155473
0.9531 216607
0.9668 83123
0.9065 418604
0.932 163449
0.8959 244789
0.93 70312
0.9668 66596
0.9235 155693
0.9437 189033
0.9389 128307
0.9463 99502
0.8407 13997
0.9473 96831
0.9338 32375
0.9507 315235
0.9444 93950
0.9274 94440
0.933 73491
0.9528 126201
0.9551 105077
0.9447 62761
0.9471 106474
0.9496 170664
0.951 65419
0.9232 193749
0.9408 185351
0.9587 46992
0.94 141587
0.9549 150946
0.9346 116853
0.9614 112713
0.9331 137945
0.9367 72648
0.9511 111932
0.9373 143213
0.9477 87190
0.9452 75092
0.9584 48063
0.9535 107802
0.9456 67116
0.9549 73655
0.9308 98677
0.9519 82820
0.9421 55999
0.9477 95279
0.9448 90534
0.9622 36406
0.9508 106134
0.9506 119949
0.9515 92612
0.9318 160081
0.909 144948
0.953 44770
0.9498 65884
0.945 95753
0.9505 60487
0.9435 76816
0.9573 42037
0.9467 62845
0.9429 65255
0.9467 69380
0.9486 103441
0.9502 55472
0.9607 51133
0.9385 92676
0.9486 80912
0.9597 32693
0.9369 92580
0.9547 113094
0.9518 63654
0.9273 131016
0.9261 131930
0.956 49487
0.951 57556
0.9399 77168
0.9533 49987
0.944 65633
0.9365 56291
0.9525 49594
0.9464 51174
0.9471 82504
0.9476 85550
0.9599 51352
0.9566 58636
0.9433 45210
0.9409 79839
0.9599 23133
0.9534 54806
0.9545 67562
0.9496 57297
0.9401 68699
0.9393 80448
0.9545 46620
0.9524 45520
0.9479 42231
0.9477 28753
0.9478 44832
0.9554 33936
0.9504 43152
0.9462 37824
0.9439 53175
0.947 59491
0.944 45188
0.945 47165
0.9545 49715
0.9475 49150
0.955 19792
0.9583 32913
0.9525 84380
0.9432 58673
0.9404 58780
0.9224 81682
0.9525 32047
0.9426 46551
0.9471 45323
0.9465 26504
0.9471 40856
0.9509 26647
0.9377 27577
0.9433 23022
0.9432 38955
0.9373 42144
0.9425 32660
0.9455 28876
0.9474 30080
0.9467 20810
0.947 20524
0.9534 43862
0.9515 44856
0.9409 37205
0.9484 23291
0.9345 37914
0.9439 29685
0.9406 29697
0.9413 8566
0.9448 11789
0.933 11309
0.9223 7974
0.9479 11094
0.9418 9335
0.9432 16298
0.9402 12347
0.9319 16046
0.9512 9264
0.9392 8976
0.9495 13201
0.944 6183
0.9448 15382
0.9421 16029
0.9264 14491
0.936 16502
0.9349 18075
0.9411 8922
0.9372 12653
0.9376 7322
0.9466 12125
0.9332 12299
0.9417 9293
0.9453 10244
0.9378 10462
0.9477 10064
0.9362 12605
0.9352 7642
0.9474 14625
0.94 13886
0.9338 11285
0.9376 8768
0.9391 7286
0.9307 8738
0.9342 11448
0.943 12183
0.9347 12061
0.9307 15414
0.935 11261
0.9374 6819
0.936 10108
0.9453 10529
0.9384 13455
0.9443 5512
0.9317 7789
0.9469 9721
0.9404 8134
0.9326 9200
0.9369 9163
0.9414 8788
0.9397 9567
0.9351 6014
0.9325 14451
0.9347 12424
0.9289 6533
0.9391 7997
0.9372 10351
0.9433 12860
0.9426 10882
0.938 9484
0.9351 7832
0.9314 10100
0.9416 8424
0.9441 7078
0.9385 5767
0.9403 11291
0.9344 11454
0.9357 14458
0.9345 10996
0.9361 9386
0.928 13182
0.934 6927
0.9311 9737
0.9419 6802
0.937 9973
0.9385 8045
0.9308 15078
0.9182 7473
0.9267 7312
0.9295 7082
0.934 8398
0.9283 9437
0.9338 9345
0.9363 7005
0.9296 5354
0.9347 20132
0.9294 8622
0.9366 9875
0.9298 7663
0.9345 11794
0.938 8441
0.9325 6390
0.9309 13006
0.9279 8327
0.9321 12197
0.9297 5675
0.935 8404
0.9294 9591
0.9339 5767
0.9326 8498
0.9294 6754
0.9317 8204
0.9277 10755
0.9331 6345
0.9303 4667
0.934 7519
0.9304 6475
0.9284 6525
0.9445 6795
0.9342 9851
0.9376 6386
0.9321 6163
0.9346 12301
0.9346 6755
0.9246 11205
0.9365 7724
0.923 13571
0.9373 9771
0.9356 7127
0.9195 8798
0.9229 5833
0.9293 8030
0.9352 10350
0.9281 8219
0.9302 3964
0.9324 10719
0.927 7195
0.9269 12230
0.9375 7148
0.931 4402
0.9275 8598
0.9362 8842
0.9288 7929
0.9318 8666
0.927 10907
0.9367 5850
0.9262 10196
0.9245 5908
0.9363 11018
0.9344 8091
0.9363 9043
0.9271 9247
0.9319 8619
0.9291 8478
0.9302 4940
0.9354 7499
0.9232 9751
0.9376 9045
0.9385 7949
0.9277 4609
0.9287 10984
0.9302 5596
0.9336 9972
0.9356 7829
0.9324 12267
0.9373 7064
0.9273 7829
0.9354 7802
0.9232 8777