0.9231 +- -1.00 (1)
0.9585 +- -1.00 (1)
0.8927 +- -1.00 (1)
0.9280 +- -1.00 (1)
0.9479 +- -1.00 (1)
0.9545 +- -1.00 (1)
0.9545 +- -1.00 (1)
0.9668 +- -1.00 (1)
0.9004 +- -1.00 (1)
0.9320 +- -1.00 (1)
0.8994 +- -1.00 (1)
0.9300 +- -1.00 (1)
0.9693 +- -1.00 (1)
0.9235 +- -1.00 (1)
0.9442 +- -1.00 (1)
0.9410 +- -1.00 (1)
0.9446 +- -1.00 (1)
0.8407 +- -1.00 (1)
0.9473 +- -1.00 (1)
0.9338 +- -1.00 (1)
0.9522 +- -1.00 (1)
0.9505 +- -1.00 (1)
0.9362 +- -1.00 (1)
0.9395 +- -1.00 (1)
0.9450 +- -1.00 (1)
0.9546 +- -1.00 (1)
0.9448 +- -1.00 (1)
0.9469 +- -1.00 (1)
0.9576 +- -1.00 (1)
0.9566 +- -1.00 (1)
0.9230 +- -1.00 (1)
0.9427 +- -1.00 (1)
0.9594 +- -1.00 (1)
0.9419 +- -1.00 (1)
0.9536 +- -1.00 (1)
0.9348 +- -1.00 (1)
0.9682 +- -1.00 (1)
0.9430 +- -1.00 (1)
0.9389 +- -1.00 (1)
0.9553 +- -1.00 (1)
0.9437 +- -1.00 (1)
0.9497 +- -1.00 (1)
0.9472 +- -1.00 (1)
0.9542 +- -1.00 (1)
0.9544 +- -1.00 (1)
0.9575 +- -1.00 (1)
0.9522 +- -1.00 (1)
0.9359 +- -1.00 (1)
0.9523 +- -1.00 (1)
0.9449 +- -1.00 (1)
0.9507 +- -1.00 (1)
0.9451 +- -1.00 (1)
0.9670 +- -1.00 (1)
0.9484 +- -1.00 (1)
0.9512 +- -1.00 (1)
0.9551 +- -1.00 (1)
0.9364 +- -1.00 (1)
0.9165 +- -1.00 (1)
0.9585 +- -1.00 (1)
0.9506 +- -1.00 (1)
0.9524 +- -1.00 (1)
0.9546 +- -1.00 (1)
0.9452 +- -1.00 (1)
0.9571 +- -1.00 (1)
0.9479 +- -1.00 (1)
0.9431 +- -1.00 (1)
0.9551 +- -1.00 (1)
0.9438 +- -1.00 (1)
0.9563 +- -1.00 (1)
0.9526 +- -1.00 (1)
0.9448 +- -1.00 (1)
0.9499 +- -1.00 (1)
0.9586 +- -1.00 (1)
0.9513 +- -1.00 (1)
0.9621 +- -1.00 (1)
0.9531 +- -1.00 (1)
0.9309 +- -1.00 (1)
0.9294 +- -1.00 (1)
0.9562 +- -1.00 (1)
0.9590 +- -1.00 (1)
0.9460 +- -1.00 (1)
0.9543 +- -1.00 (1)
0.9496 +- -1.00 (1)
0.9399 +- -1.00 (1)
0.9541 +- -1.00 (1)
0.9496 +- -1.00 (1)
0.9451 +- -1.00 (1)
0.9453 +- -1.00 (1)
0.9529 +- -1.00 (1)
0.9549 +- -1.00 (1)
0.9405 +- -1.00 (1)
0.9424 +- -1.00 (1)
0.9624 +- -1.00 (1)
0.9483 +- -1.00 (1)
0.9499 +- -1.00 (1)
0.9510 +- -1.00 (1)
0.9444 +- -1.00 (1)
0.9365 +- -1.00 (1)
0.9547 +- -1.00 (1)
0.9520 +- -1.00 (1)
0.9442 +- -1.00 (1)
0.9494 +- -1.00 (1)
0.9462 +- -1.00 (1)
0.9551 +- -1.00 (1)
0.9566 +- -1.00 (1)
0.9478 +- -1.00 (1)
0.9459 +- -1.00 (1)
0.9468 +- -1.00 (1)
0.9494 +- -1.00 (1)
0.9508 +- -1.00 (1)
0.9546 +- -1.00 (1)
0.9547 +- -1.00 (1)
0.9511 +- -1.00 (1)
0.9517 +- -1.00 (1)
0.9517 +- -1.00 (1)
0.9492 +- -1.00 (1)
0.9425 +- -1.00 (1)
0.9219 +- -1.00 (1)
0.9530 +- -1.00 (1)
0.9426 +- -1.00 (1)
0.9445 +- -1.00 (1)
0.9536 +- -1.00 (1)
0.9412 +- -1.00 (1)
0.9574 +- -1.00 (1)
0.9320 +- -1.00 (1)
0.9528 +- -1.00 (1)
0.9417 +- -1.00 (1)
0.9379 +- -1.00 (1)
0.9416 +- -1.00 (1)
0.9408 +- -1.00 (1)
0.9443 +- -1.00 (1)
0.9543 +- -1.00 (1)
0.9550 +- -1.00 (1)
0.9565 +- -1.00 (1)
0.9454 +- -1.00 (1)
0.9492 +- -1.00 (1)
0.9484 +- -1.00 (1)
0.9422 +- -1.00 (1)
0.9449 +- -1.00 (1)
0.9470 +- -1.00 (1)
0.9442 +- -1.00 (1)
0.9482 +- -1.00 (1)
0.9443 +- -1.00 (1)
0.9268 +- -1.00 (1)
0.9482 +- -1.00 (1)
0.9417 +- -1.00 (1)
0.9401 +- -1.00 (1)
0.9472 +- -1.00 (1)
0.9362 +- -1.00 (1)
0.9431 +- -1.00 (1)
0.9307 +- -1.00 (1)
0.9459 +- -1.00 (1)
0.9436 +- -1.00 (1)
0.9458 +- -1.00 (1)
0.9454 +- -1.00 (1)
0.9339 +- -1.00 (1)
0.9389 +- -1.00 (1)
0.9383 +- -1.00 (1)
0.9453 +- -1.00 (1)
0.9386 +- -1.00 (1)
0.9382 +- -1.00 (1)
0.9485 +- -1.00 (1)
0.9397 +- -1.00 (1)
0.9447 +- -1.00 (1)
0.9503 +- -1.00 (1)
0.9382 +- -1.00 (1)
0.9402 +- -1.00 (1)
0.9316 +- -1.00 (1)
0.9342 +- -1.00 (1)
0.9427 +- -1.00 (1)
0.9426 +- -1.00 (1)
0.9424 +- -1.00 (1)
0.9406 +- -1.00 (1)
0.9429 +- -1.00 (1)
0.9374 +- -1.00 (1)
0.9378 +- -1.00 (1)
0.9395 +- -1.00 (1)
0.9347 +- -1.00 (1)
0.9352 +- -1.00 (1)
0.9433 +- -1.00 (1)
0.9415 +- -1.00 (1)
0.9376 +- -1.00 (1)
0.9410 +- -1.00 (1)
0.9396 +- -1.00 (1)
0.9388 +- -1.00 (1)
0.9357 +- -1.00 (1)
0.9454 +- -1.00 (1)
0.9409 +- -1.00 (1)
0.9365 +- -1.00 (1)
0.9369 +- -1.00 (1)
0.9432 +- -1.00 (1)
0.9455 +- -1.00 (1)
0.9390 +- -1.00 (1)
0.9384 +- -1.00 (1)
0.9417 +- -1.00 (1)
0.9284 +- -1.00 (1)
0.9393 +- -1.00 (1)
0.9425 +- -1.00 (1)
0.9434 +- -1.00 (1)
0.9470 +- -1.00 (1)
0.9390 +- -1.00 (1)
0.9362 +- -1.00 (1)
0.9349 +- -1.00 (1)
0.9401 +- -1.00 (1)
0.9384 +- -1.00 (1)
0.9404 +- -1.00 (1)
0.9428 +- -1.00 (1)
0.9368 +- -1.00 (1)
0.9381 +- -1.00 (1)
0.9344 +- -1.00 (1)
0.9373 +- -1.00 (1)
0.9413 +- -1.00 (1)
0.9301 +- -1.00 (1)
0.9344 +- -1.00 (1)
0.9392 +- -1.00 (1)
0.9322 +- -1.00 (1)
0.9385 +- -1.00 (1)
0.9380 +- -1.00 (1)
0.9391 +- -1.00 (1)
0.9267 +- -1.00 (1)
0.9369 +- -1.00 (1)
0.9374 +- -1.00 (1)
0.9327 +- -1.00 (1)
0.9349 +- -1.00 (1)
0.9368 +- -1.00 (1)
0.9330 +- -1.00 (1)
0.9378 +- -1.00 (1)
0.9327 +- -1.00 (1)
0.9367 +- -1.00 (1)
0.9330 +- -1.00 (1)
0.9349 +- -1.00 (1)
0.9333 +- -1.00 (1)
0.9357 +- -1.00 (1)
0.9344 +- -1.00 (1)
0.9376 +- -1.00 (1)
0.9305 +- -1.00 (1)
0.9340 +- -1.00 (1)
0.9372 +- -1.00 (1)
0.9323 +- -1.00 (1)
0.9397 +- -1.00 (1)
0.9325 +- -1.00 (1)
0.9280 +- -1.00 (1)
0.9320 +- -1.00 (1)
0.9287 +- -1.00 (1)
0.9400 +- -1.00 (1)
0.9342 +- -1.00 (1)
0.9330 +- -1.00 (1)
0.9337 +- -1.00 (1)
0.9277 +- -1.00 (1)
0.9446 +- -1.00 (1)
0.9377 +- -1.00 (1)
0.9373 +- -1.00 (1)
0.9326 +- -1.00 (1)
0.9373 +- -1.00 (1)
0.9364 +- -1.00 (1)
0.9329 +- -1.00 (1)
0.9338 +- -1.00 (1)
0.9392 +- -1.00 (1)
0.9343 +- -1.00 (1)
0.9333 +- -1.00 (1)
0.9303 +- -1.00 (1)
0.9240 +- -1.00 (1)
0.9308 +- -1.00 (1)
0.9350 +- -1.00 (1)
0.9237 +- -1.00 (1)
0.9310 +- -1.00 (1)
0.9381 +- -1.00 (1)
0.9285 +- -1.00 (1)
0.9373 +- -1.00 (1)
0.9406 +- -1.00 (1)
0.9261 +- -1.00 (1)
0.9351 +- -1.00 (1)
0.9362 +- -1.00 (1)
0.9312 +- -1.00 (1)
0.9297 +- -1.00 (1)
0.9294 +- -1.00 (1)
0.9360 +- -1.00 (1)
0.9303 +- -1.00 (1)
0.9317 +- -1.00 (1)
0.9352 +- -1.00 (1)
0.9324 +- -1.00 (1)
0.9361 +- -1.00 (1)
0.9332 +- -1.00 (1)
0.9343 +- -1.00 (1)
0.9309 +- -1.00 (1)
0.9300 +- -1.00 (1)
0.9365 +- -1.00 (1)
0.9279 +- -1.00 (1)
0.9311 +- -1.00 (1)
0.9389 +- -1.00 (1)
0.9291 +- -1.00 (1)
0.9277 +- -1.00 (1)
0.9419 +- -1.00 (1)
0.9352 +- -1.00 (1)
0.9278 +- -1.00 (1)
0.9315 +- -1.00 (1)
0.9393 +- -1.00 (1)
0.9305 +- -1.00 (1)
0.9365 +- -1.00 (1)
0.9240 +- -1.00 (1)
