0.9146 176934
0.9568 85951
0.8927 230809
0.9186 61269
0.9479 237353
0.9545 131593
0.9545 226506
0.9668 83321
0.9065 311347
0.9329 218538
0.8994 262321
0.9322 70187
0.9659 70022
0.9208 164497
0.9448 179375
0.9361 120060
0.9463 102457
0.8407 3951
0.9496 140205
0.9338 39891
0.9481 284673
0.9494 130318
0.9138 110748
0.9459 68148
0.9432 154036
0.9517 101056
0.9398 100301
0.945 116439
0.9584 198818
0.954 90245
0.9236 196772
0.932 127851
0.958 42622
0.9393 204906
0.9467 141572
0.9231 90987
0.9665 150194
0.9296 144767
0.9521 92169
0.9535 114189
0.9453 145602
0.9477 89502
0.9399 58379
0.9521 58633
0.9558 105351
0.9459 73689
0.9428 92572
0.9275 92731
0.9541 73225
0.9457 51948
0.954 121111
0.9373 103007
0.9621 32453
0.9476 105925
0.9541 96194
0.9573 92415
0.9384 168566
0.9026 123531
0.9506 45256
0.9527 92286
0.9399 148336
0.9557 61904
0.9565 65475
0.9542 38605
0.9557 61897
0.9372 78668
0.9424 93438
0.9271 116145
0.9512 57021
0.951 50396
0.946 75725
0.9478 121669
0.9638 41170
0.9528 83460
0.966 104898
0.9534 47631
0.9038 114723
0.9245 138846
0.95 56848
0.9557 49361
0.9476 125110
0.9554 46005
0.9463 60994
0.9466 43745
0.9516 55901
0.9495 54060
0.9502 59359
0.9206 99075
0.9521 51930
0.951 50163
0.9471 53873
0.9456 111374
0.9546 23857
0.9667 68231
0.9468 67704
0.9434 74477
0.9447 77409
0.935 70936
0.9606 55674
0.9561 60363
0.9327 66760
0.9519 36648
0.9406 53229
0.9602 39848
0.9504 39771
0.95 39977
0.9491 75914
0.9423 57703
0.9475 64002
0.9589 38191
0.947 45352
0.9544 57516
0.9576 18292
0.9523 35743
0.9557 64345
0.9555 45590
0.9546 48963
0.9312 83136
0.9549 36105
0.9536 32410
0.9412 45017
0.9494 38963
0.9468 37533
0.948 26198
0.9457 22485
0.9496 29482
0.9504 34298
0.9411 25621
0.9467 29372
0.9465 37919
0.9482 32669
0.9513 21775
0.9559 20615
0.9571 46619
0.9483 42947
0.9422 53982
0.9539 35300
0.9338 71961
0.9472 31781
0.9552 35370
0.9462 10588
0.9392 11065
0.9441 12998
0.9458 9239
0.952 9093
0.9489 11128
0.9448 17778
0.9484 9764
0.9415 12356
0.9464 10334
0.9412 11007
0.9544 11513
0.9451 6736
0.9429 15960
0.9471 15454
0.9402 14731
0.9457 15590
0.9293 13614
0.9524 15014
0.9471 11031
0.9439 6636
0.9439 11353
0.9441 13194
0.9416 9311
0.9531 10520
0.9403 10234
0.9462 9595
0.941 13908
0.9334 6121
0.9402 13923
0.9412 13070
0.936 15626
0.9408 5881
0.9474 10365
0.9344 7481
0.9463 9813
0.9414 13107
0.9464 14554
0.9375 12741
0.9419 7373
0.9471 6991
0.9454 11589
0.9457 8597
0.9447 10970
0.9505 5987
0.9386 7717
0.9501 9968
0.95 8679
0.9444 10569
0.9494 7609
0.9417 8419
0.9474 11186
0.9402 5897
0.9436 8512
0.9452 11844
0.943 6359
0.9428 10384
0.9349 11543
0.9477 7842
0.9423 10759
0.9451 10234
0.953 7742
0.9377 10970
0.9442 9892
0.9472 7584
0.9413 8004
0.9469 9110
0.9466 8551
0.9425 18114
0.9432 9639
0.946 7391
0.9395 9538
0.9393 7660
0.9447 10414
0.9411 7964
0.9468 8782
0.9429 8554
0.9412 17485
0.9437 6477
0.9435 7216
0.9421 5874
0.9404 8517
0.9343 9883
0.9426 6649
0.9429 8283
0.9384 4860
0.9398 11671
0.9341 8656
0.9396 10002
0.9418 8507
0.939 9700
0.9353 9623
0.9359 6847
0.939 9488
0.9394 8277
0.9359 9439
0.945 4997
0.9386 7814
0.9397 11228
0.9375 5247
0.9366 8183
0.9362 7584
0.9377 9295
0.9385 7837
0.9377 7451
0.933 3622
0.9436 7314
0.9339 6521
0.9358 5667
0.9518 8906
0.9408 8723
0.9431 5510
0.9415 7351
0.9348 6691
0.9414 6736
0.9417 6760
0.9395 6756
0.9417 15926
0.9391 7209
0.9332 6098
0.9346 7285
0.9273 7011
0.9369 8395
0.9357 12699
0.9371 5486
0.9309 4096
0.9381 8817
0.9399 6703
0.9351 12550
0.9413 6346
0.9388 4666
0.9255 8948
0.942 8955
0.9378 7060
0.9331 8942
0.9333 10309
0.9504 6354
0.9329 11130
0.93 6512
0.9403 10633
0.9429 12010
0.9356 8310
0.9384 10215
0.9408 6902
0.9343 8459
0.9403 4115
0.9363 7795
0.9381 5238
0.9458 10404
0.9456 5389
0.9356 4031
0.9285 13488
0.9355 5987
0.9316 8725
0.9399 6886
0.9367 12322
0.9399 5665
0.9413 6365
0.9384 8050
0.9322 6658