0.9146 
0.9568 
0.8927 
0.9186 
0.9479 
0.9545 
0.9545 
0.9668 
0.9065 
0.9329 
0.8994 
0.9322 
0.9659 
0.9208 
0.9448 
0.9361 
0.9463 
0.8407 
0.9496 
0.9338 
0.9481 
0.9494 
0.9138 
0.9459 
0.9432 
0.9517 
0.9398 
0.9450 
0.9584 
0.9540 
0.9236 
0.9320 
0.9580 
0.9393 
0.9467 
0.9231 
0.9665 
0.9296 
0.9521 
0.9535 
0.9453 
0.9477 
0.9399 
0.9521 
0.9558 
0.9459 
0.9428 
0.9275 
0.9541 
0.9457 
0.9540 
0.9373 
0.9621 
0.9476 
0.9541 
0.9573 
0.9384 
0.9026 
0.9506 
0.9527 
0.9399 
0.9557 
0.9565 
0.9542 
0.9557 
0.9372 
0.9424 
0.9271 
0.9512 
0.9510 
0.9460 
0.9478 
0.9638 
0.9528 
0.9660 
0.9534 
0.9038 
0.9245 
0.9500 
0.9557 
0.9476 
0.9554 
0.9463 
0.9466 
0.9516 
0.9495 
0.9502 
0.9206 
0.9521 
0.9510 
0.9471 
0.9456 
0.9546 
0.9667 
0.9468 
0.9434 
0.9447 
0.9350 
0.9606 
0.9561 
0.9327 
0.9519 
0.9406 
0.9602 
0.9504 
0.9500 
0.9491 
0.9423 
0.9475 
0.9589 
0.9470 
0.9544 
0.9576 
0.9523 
0.9557 
0.9555 
0.9546 
0.9312 
0.9549 
0.9536 
0.9412 
0.9494 
0.9468 
0.9480 
0.9457 
0.9496 
0.9504 
0.9411 
0.9467 
0.9465 
0.9482 
0.9513 
0.9559 
0.9571 
0.9483 
0.9422 
0.9539 
0.9338 
0.9472 
0.9552 
0.9462 
0.9392 
0.9441 
0.9458 
0.9520 
0.9489 
0.9448 
0.9484 
0.9415 
0.9464 
0.9412 
0.9544 
0.9451 
0.9429 
0.9471 
0.9402 
0.9457 
0.9293 
0.9524 
0.9471 
0.9439 
0.9439 
0.9441 
0.9416 
0.9531 
0.9403 
0.9462 
0.9410 
0.9334 
0.9402 
0.9412 
0.9360 
0.9408 
0.9474 
0.9344 
0.9463 
0.9414 
0.9464 
0.9375 
0.9419 
0.9471 
0.9454 
0.9457 
0.9447 
0.9505 
0.9386 
0.9501 
0.9500 
0.9444 
0.9494 
0.9417 
0.9474 
0.9402 
0.9436 
0.9452 
0.9430 
0.9428 
0.9349 
0.9477 
0.9423 
0.9451 
0.9530 
0.9377 
0.9442 
0.9472 
0.9413 
0.9469 
0.9466 
0.9425 
0.9432 
0.9460 
0.9395 
0.9393 
0.9447 
0.9411 
0.9468 
0.9429 
0.9412 
0.9437 
0.9435 
0.9421 
0.9404 
0.9343 
0.9426 
0.9429 
0.9384 
0.9398 
0.9341 
0.9396 
0.9418 
0.9390 
0.9353 
0.9359 
0.9390 
0.9394 
0.9359 
0.9450 
0.9386 
0.9397 
0.9375 
0.9366 
0.9362 
0.9377 
0.9385 
0.9377 
0.9330 
0.9436 
0.9339 
0.9358 
0.9518 
0.9408 
0.9431 
0.9415 
0.9348 
0.9414 
0.9417 
0.9395 
0.9417 
0.9391 
0.9332 
0.9346 
0.9273 
0.9369 
0.9357 
0.9371 
0.9309 
0.9381 
0.9399 
0.9351 
0.9413 
0.9388 
0.9255 
0.9420 
0.9378 
0.9331 
0.9333 
0.9504 
0.9329 
0.9300 
0.9403 
0.9429 
0.9356 
0.9384 
0.9408 
0.9343 
0.9403 
0.9363 
0.9381 
0.9458 
0.9456 
0.9356 
0.9285 
0.9355 
0.9316 
0.9399 
0.9367 
0.9399 
0.9413 
0.9384 
0.9322 
