0.9231 
0.9587 
0.8927 
0.9262 
0.9512 
0.9545 
0.9531 
0.9699 
0.9045 
0.9311 
0.8864 
0.9300 
0.9652 
0.9235 
0.9437 
0.9389 
0.9446 
0.8407 
0.9473 
0.9338 
0.9507 
0.9531 
0.9346 
0.9524 
0.9528 
0.9597 
0.9530 
0.9450 
0.9576 
0.9609 
0.9207 
0.9349 
0.9590 
0.9419 
0.9547 
0.9373 
0.9627 
0.9422 
0.9401 
0.9560 
0.9376 
0.9477 
0.9488 
0.9579 
0.9566 
0.9590 
0.9615 
0.9427 
0.9595 
0.9483 
0.9521 
0.9506 
0.9670 
0.9560 
0.9527 
0.9578 
0.9438 
0.9070 
0.9609 
0.9593 
0.9530 
0.9551 
0.9424 
0.9602 
0.9537 
0.9461 
0.9558 
0.9504 
0.9569 
0.9634 
0.9426 
0.9495 
0.9632 
0.9431 
0.9672 
0.9550 
0.9135 
0.9227 
0.9635 
0.9566 
0.9519 
0.9632 
0.9480 
0.9568 
0.9533 
0.9522 
0.9529 
0.9484 
0.9628 
0.9579 
0.9512 
0.9499 
0.9663 
0.9618 
0.9625 
0.9575 
0.9507 
0.9382 
0.9598 
0.9561 
0.9522 
0.9562 
0.9445 
0.9551 
0.9563 
0.9538 
0.9493 
0.9474 
0.9473 
0.9554 
0.9574 
0.9494 
0.9560 
0.9590 
0.9559 
0.9446 
0.9484 
0.9332 
0.9563 
0.9575 
0.9510 
0.9576 
0.9500 
0.9465 
0.9436 
0.9554 
0.9509 
0.9390 
0.9491 
0.9536 
0.9487 
0.9532 
0.9522 
0.9628 
0.9595 
0.9478 
0.9484 
0.9447 
0.9532 
0.9562 
0.9444 
0.9474 
0.9493 
0.9438 
0.9467 
0.9451 
0.9444 
0.9480 
0.9401 
0.9421 
0.9369 
0.9570 
0.9436 
0.9504 
0.9451 
0.9315 
0.9449 
0.9440 
0.9480 
0.9403 
0.9438 
0.9481 
0.9450 
0.9462 
0.9456 
0.9429 
0.9470 
0.9376 
0.9340 
0.9464 
0.9480 
0.9413 
0.9473 
0.9500 
0.9420 
0.9459 
0.9475 
0.9347 
0.9381 
0.9463 
0.9475 
0.9397 
0.9454 
0.9409 
0.9403 
0.9382 
0.9464 
0.9467 
0.9421 
0.9451 
0.9407 
0.9391 
0.9377 
0.9426 
0.9397 
0.9361 
0.9425 
0.9386 
0.9407 
0.9407 
0.9445 
0.9446 
0.9359 
0.9481 
0.9424 
0.9414 
0.9415 
0.9475 
0.9330 
0.9428 
0.9421 
0.9368 
0.9370 
0.9341 
0.9416 
0.9324 
0.9470 
0.9409 
0.9365 
0.9369 
0.9403 
0.9355 
0.9395 
0.9430 
0.9501 
0.9428 
0.9391 
0.9323 
0.9334 
0.9332 
0.9344 
0.9386 
0.9379 
0.9384 
0.9444 
0.9358 
0.9405 
0.9416 
0.9340 
0.9381 
0.9350 
0.9356 
0.9399 
0.9243 
0.9385 
0.9334 
0.9344 
0.9365 
0.9328 
0.9451 
0.9394 
0.9418 
0.9375 
0.9353 
0.9332 
0.9321 
0.9378 
0.9421 
0.9377 
0.9385 
0.9382 
0.9273 
0.9323 
0.9358 
0.9324 
0.9325 
0.9407 
0.9421 
0.9327 
0.9413 
0.9315 
0.9329 
0.9439 
0.9354 
0.9352 
0.9328 
0.9456 
0.9278 
0.9318 
0.9428 
0.9368 
0.9343 
0.9319 
0.9350 
0.9336 
0.9304 
0.9381 
0.9323 
0.9423 
0.9377 
0.9349 
0.9285 
0.9378 
0.9360 
0.9340 
0.9386 
0.9407 
0.9367 
0.9389 
0.9309 
