0.9174 180872
0.9582 96850
0.8865 264098
0.928 64106
0.9479 237272
0.9545 155380
0.9536 197211
0.9668 90466
0.9065 380404
0.932 170268
0.8959 240871
0.93 84158
0.9659 44567
0.9235 160058
0.9442 199196
0.9389 117460
0.9463 95288
0.8407 13997
0.9473 106858
0.9338 31446
0.9504 319280
0.9444 95462
0.9264 101258
0.9333 64076
0.9528 133169
0.9559 102064
0.9466 80221
0.9471 112716
0.9505 173997
0.9574 67223
0.923 186028
0.9392 123488
0.9606 51735
0.9419 208385
0.9556 136802
0.9373 107795
0.9665 122065
0.9296 129940
0.9389 72764
0.9468 111078
0.9392 139085
0.9509 86120
0.9379 71413
0.9405 47934
0.9481 108860
0.9508 78009
0.9587 64244
0.9406 108028
0.9523 81018
0.9517 63177
0.9421 103065
0.9349 105375
0.9622 33629
0.956 110075
0.9518 124754
0.9493 88371
0.935 170442
0.904 127797
0.953 46949
0.949 68759
0.9478 92276
0.9597 55980
0.9447 79230
0.9527 39877
0.9555 65237
0.9416 65134
0.944 72670
0.9464 102244
0.9505 51480
0.9457 61059
0.937 87619
0.9398 88522
0.9588 32181
0.9505 88494
0.964 111423
0.9479 68609
0.9214 118970
0.9371 138200
0.953 47609
0.942 53125
0.9399 85091
0.9507 39559
0.9521 66602
0.9408 51772
0.9456 56978
0.9453 47327
0.9491 81690
0.9379 95590
0.9572 50297
0.9539 58137
0.946 48196
0.9458 85863
0.9572 25658
0.9478 58503
0.9493 76049
0.9472 64294
0.9422 67405
0.934 83877
0.9602 42443
0.9521 44759
0.9442 38090
0.9446 30071
0.9434 41004
0.9501 40260
0.9504 37712
0.9484 36054
0.9472 57241
0.9486 62394
0.9458 38293
0.9449 40773
0.9511 52662
0.9495 44131
0.951 19772
0.9606 33181
0.9487 89706
0.9479 58365
0.9414 60079
0.9239 83308
0.9532 33781
0.9526 36152
0.9444 44645
0.9461 26408
0.9407 41424
0.9482 28060
0.9435 29395
0.942 19994
0.9393 36466
0.9313 40015
0.9456 30492
0.9405 27948
0.9406 29733
0.9458 15894
0.9519 22405
0.951 41360
0.9412 40034
0.9436 40978
0.9484 24072
0.9398 36832
0.945 28370
0.9491 29288
0.944 8839
0.9423 11827
0.9385 11520
0.9266 9165
0.9452 10292
0.9433 8986
0.9383 14310
0.9377 10481
0.9334 18213
0.9397 10168
0.9369 10237
0.9496 11194
0.9448 7074
0.9417 13609
0.9426 17770
0.9264 14965
0.9435 12568
0.9349 16977
0.9362 9728
0.9372 9888
0.9366 6322
0.9405 12063
0.9439 14534
0.9428 7384
0.9401 10556
0.9389 10793
0.9459 10411
0.9307 13494
0.9329 7142
0.9427 13159
0.94 12748
0.937 11152
0.937 8691
0.9425 7037
0.9329 7784
0.9428 11746
0.9389 11449
0.9347 13245
0.9334 16032
0.9333 11249
0.9421 7871
0.9394 9515
0.9411 10088
0.9351 13157
0.9367 5784
0.9322 7887
0.9365 10981
0.9348 9990
0.9356 9414
0.937 8108
0.938 9406
0.9403 10524
0.9378 6159
0.9338 12757
0.9363 10600
0.9254 7203
0.9402 8542
0.9336 8352
0.9394 11293
0.9362 10352
0.9353 9155
0.9338 9421
0.9373 10247
0.9401 8536
0.9423 6337
0.938 5592
0.9312 11309
0.9325 10195
0.9341 14799
0.9307 10337
0.9361 7798
0.9376 11736
0.9246 7432
0.9329 9391
0.9391 7399
0.9246 9691
0.9424 7454
0.9371 15073
0.9276 7410
0.9267 8042
0.9309 6389
0.9358 8667
0.9307 10465
0.9372 8648
0.933 7249
0.9301 5309
0.9344 11789
0.9275 8850
0.9301 10765
0.9331 6906
0.9321 10178
0.9359 8644
0.9337 7479
0.93 11687
0.927 6874
0.9294 11610
0.9344 5803
0.9347 10105
0.9281 10942
0.9297 5424
0.9304 8665
0.9385 6561
0.9336 9498
0.9273 10333
0.9337 6534
0.933 4716
0.9298 7946
0.9304 5243
0.9253 7417
0.9388 7613
0.9332 9305
0.9377 6349
0.9324 5399
0.9318 7082
0.9304 6256
0.9219 8718
0.9382 9550
0.9197 14434
0.9345 9948
0.9358 5779
0.9195 8351
0.924 5627
0.9312 8840
0.9329 9700
0.9288 7232
0.9308 3921
0.9327 9442
0.9245 8124
0.9303 10125
0.9358 6089
0.9324 4574
0.9277 9416
0.9362 8269
0.9283 7696
0.9269 8097
0.9275 10710
0.9375 5361
0.9272 10518
0.9241 5892
0.9305 11461
0.9291 9611
0.935 8894
0.9271 9735
0.9323 9816
0.9295 8197
0.9236 4708
0.931 8030
0.9277 8829
0.9375 10171
0.9366 8431
0.9309 5666
0.9211 9803
0.9301 5268
0.9309 10311
0.9313 7184
0.9314 10423
0.9373 6397
0.9321 7353
0.9338 8980
0.9211 8523