0.9174 
0.9566 
0.8927 
0.9184 
0.9512 
0.9545 
0.9516 
0.9676 
0.9065 
0.9320 
0.8994 
0.9327 
0.9659 
0.9235 
0.9465 
0.9389 
0.9463 
0.8475 
0.9473 
0.9338 
0.9491 
0.9531 
0.9130 
0.9524 
0.9493 
0.9533 
0.9408 
0.9418 
0.9360 
0.9536 
0.9223 
0.9375 
0.9582 
0.9340 
0.9452 
0.9207 
0.9641 
0.9331 
0.9510 
0.9554 
0.9406 
0.9586 
0.9423 
0.9505 
0.9480 
0.9474 
0.9526 
0.9334 
0.9520 
0.9388 
0.9513 
0.9384 
0.9628 
0.9467 
0.9498 
0.9573 
0.9339 
0.9026 
0.9570 
0.9526 
0.9536 
0.9527 
0.9493 
0.9514 
0.9500 
0.9372 
0.9408 
0.9309 
0.9507 
0.9441 
0.9473 
0.9462 
0.9592 
0.9511 
0.9571 
0.9456 
0.9190 
0.9312 
0.9510 
0.9596 
0.9437 
0.9546 
0.9487 
0.9509 
0.9458 
0.9527 
0.9513 
0.9165 
0.9509 
0.9501 
0.9470 
0.9464 
0.9599 
0.9589 
0.9577 
0.9502 
0.9405 
0.9322 
0.9623 
0.9466 
0.9416 
0.9536 
0.9421 
0.9473 
0.9538 
0.9497 
0.9511 
0.9522 
0.9514 
0.9585 
0.9449 
0.9574 
0.9603 
0.9488 
0.9524 
0.9553 
0.9452 
0.9312 
0.9485 
0.9568 
0.9318 
0.9499 
0.9472 
0.9539 
0.9431 
0.9550 
0.9587 
0.9423 
0.9495 
0.9468 
0.9419 
0.9521 
0.9566 
0.9478 
0.9514 
0.9438 
0.9486 
0.9396 
0.9384 
0.9575 
0.9448 
0.9442 
0.9413 
0.9392 
0.9499 
0.9518 
0.9480 
0.9446 
0.9492 
0.9487 
0.9416 
0.9484 
0.9503 
0.9451 
0.9496 
0.9375 
0.9464 
0.9393 
0.9469 
0.9457 
0.9477 
0.9568 
0.9497 
0.9453 
0.9419 
0.9429 
0.9483 
0.9329 
0.9314 
0.9396 
0.9449 
0.9325 
0.9385 
0.9513 
0.9412 
0.9407 
0.9422 
0.9472 
0.9367 
0.9443 
0.9508 
0.9448 
0.9391 
0.9444 
0.9507 
0.9383 
0.9457 
0.9412 
0.9370 
0.9426 
0.9480 
0.9419 
0.9432 
0.9417 
0.9517 
0.9409 
0.9439 
0.9441 
0.9464 
0.9400 
0.9443 
0.9477 
0.9397 
0.9529 
0.9452 
0.9446 
0.9419 
0.9435 
0.9370 
0.9386 
0.9442 
0.9439 
0.9424 
0.9385 
0.9465 
0.9475 
0.9463 
0.9358 
0.9414 
0.9438 
0.9365 
0.9393 
0.9422 
0.9368 
0.9456 
0.9349 
0.9375 
0.9401 
0.9334 
0.9398 
0.9377 
0.9369 
0.9395 
0.9422 
0.9437 
0.9373 
0.9465 
0.9420 
0.9408 
0.9412 
0.9341 
0.9374 
0.9404 
0.9391 
0.9384 
0.9415 
0.9421 
0.9346 
0.9236 
0.9434 
0.9382 
0.9462 
0.9439 
0.9340 
0.9432 
0.9416 
0.9366 
0.9392 
0.9473 
0.9384 
0.9414 
0.9368 
0.9346 
0.9405 
0.9379 
0.9325 
0.9406 
0.9415 
0.9377 
0.9414 
0.9368 
0.9329 
0.9399 
0.9420 
0.9383 
0.9376 
0.9482 
0.9391 
0.9299 
0.9378 
0.9445 
0.9344 
0.9358 
0.9326 
0.9344 
0.9411 
0.9311 
0.9356 
0.9412 
0.9437 
0.9376 
0.9284 
0.9330 
0.9321 
0.9375 
0.9340 
0.9397 
0.9423 
0.9363 
0.9432 
