0.9174 +- -1.00 (1)
0.9566 +- -1.00 (1)
0.8927 +- -1.00 (1)
0.9184 +- -1.00 (1)
0.9512 +- -1.00 (1)
0.9545 +- -1.00 (1)
0.9516 +- -1.00 (1)
0.9676 +- -1.00 (1)
0.9065 +- -1.00 (1)
0.9320 +- -1.00 (1)
0.8994 +- -1.00 (1)
0.9327 +- -1.00 (1)
0.9659 +- -1.00 (1)
0.9235 +- -1.00 (1)
0.9465 +- -1.00 (1)
0.9389 +- -1.00 (1)
0.9463 +- -1.00 (1)
0.8475 +- -1.00 (1)
0.9473 +- -1.00 (1)
0.9338 +- -1.00 (1)
0.9491 +- -1.00 (1)
0.9531 +- -1.00 (1)
0.9130 +- -1.00 (1)
0.9524 +- -1.00 (1)
0.9493 +- -1.00 (1)
0.9533 +- -1.00 (1)
0.9408 +- -1.00 (1)
0.9418 +- -1.00 (1)
0.9360 +- -1.00 (1)
0.9536 +- -1.00 (1)
0.9223 +- -1.00 (1)
0.9375 +- -1.00 (1)
0.9582 +- -1.00 (1)
0.9340 +- -1.00 (1)
0.9452 +- -1.00 (1)
0.9207 +- -1.00 (1)
0.9641 +- -1.00 (1)
0.9331 +- -1.00 (1)
0.9510 +- -1.00 (1)
0.9554 +- -1.00 (1)
0.9406 +- -1.00 (1)
0.9586 +- -1.00 (1)
0.9423 +- -1.00 (1)
0.9505 +- -1.00 (1)
0.9480 +- -1.00 (1)
0.9474 +- -1.00 (1)
0.9526 +- -1.00 (1)
0.9334 +- -1.00 (1)
0.9520 +- -1.00 (1)
0.9388 +- -1.00 (1)
0.9513 +- -1.00 (1)
0.9384 +- -1.00 (1)
0.9628 +- -1.00 (1)
0.9467 +- -1.00 (1)
0.9498 +- -1.00 (1)
0.9573 +- -1.00 (1)
0.9339 +- -1.00 (1)
0.9026 +- -1.00 (1)
0.9570 +- -1.00 (1)
0.9526 +- -1.00 (1)
0.9536 +- -1.00 (1)
0.9527 +- -1.00 (1)
0.9493 +- -1.00 (1)
0.9514 +- -1.00 (1)
0.9500 +- -1.00 (1)
0.9372 +- -1.00 (1)
0.9408 +- -1.00 (1)
0.9309 +- -1.00 (1)
0.9507 +- -1.00 (1)
0.9441 +- -1.00 (1)
0.9473 +- -1.00 (1)
0.9462 +- -1.00 (1)
0.9592 +- -1.00 (1)
0.9511 +- -1.00 (1)
0.9571 +- -1.00 (1)
0.9456 +- -1.00 (1)
0.9190 +- -1.00 (1)
0.9312 +- -1.00 (1)
0.9510 +- -1.00 (1)
0.9596 +- -1.00 (1)
0.9437 +- -1.00 (1)
0.9546 +- -1.00 (1)
0.9487 +- -1.00 (1)
0.9509 +- -1.00 (1)
0.9458 +- -1.00 (1)
0.9527 +- -1.00 (1)
0.9513 +- -1.00 (1)
0.9165 +- -1.00 (1)
0.9509 +- -1.00 (1)
0.9501 +- -1.00 (1)
0.9470 +- -1.00 (1)
0.9464 +- -1.00 (1)
0.9599 +- -1.00 (1)
0.9589 +- -1.00 (1)
0.9577 +- -1.00 (1)
0.9502 +- -1.00 (1)
0.9405 +- -1.00 (1)
0.9322 +- -1.00 (1)
0.9623 +- -1.00 (1)
0.9466 +- -1.00 (1)
0.9416 +- -1.00 (1)
0.9536 +- -1.00 (1)
0.9421 +- -1.00 (1)
0.9473 +- -1.00 (1)
0.9538 +- -1.00 (1)
0.9497 +- -1.00 (1)
0.9511 +- -1.00 (1)
0.9522 +- -1.00 (1)
0.9514 +- -1.00 (1)
0.9585 +- -1.00 (1)
0.9449 +- -1.00 (1)
0.9574 +- -1.00 (1)
0.9603 +- -1.00 (1)
0.9488 +- -1.00 (1)
0.9524 +- -1.00 (1)
0.9553 +- -1.00 (1)
0.9452 +- -1.00 (1)
0.9312 +- -1.00 (1)
0.9485 +- -1.00 (1)
0.9568 +- -1.00 (1)
0.9318 +- -1.00 (1)
0.9499 +- -1.00 (1)
0.9472 +- -1.00 (1)
0.9539 +- -1.00 (1)
0.9431 +- -1.00 (1)
0.9550 +- -1.00 (1)
0.9587 +- -1.00 (1)
0.9423 +- -1.00 (1)
0.9495 +- -1.00 (1)
0.9468 +- -1.00 (1)
0.9419 +- -1.00 (1)
0.9521 +- -1.00 (1)
0.9566 +- -1.00 (1)
0.9478 +- -1.00 (1)
0.9514 +- -1.00 (1)
0.9438 +- -1.00 (1)
0.9486 +- -1.00 (1)
0.9396 +- -1.00 (1)
0.9384 +- -1.00 (1)
0.9575 +- -1.00 (1)
0.9448 +- -1.00 (1)
0.9442 +- -1.00 (1)
0.9413 +- -1.00 (1)
0.9392 +- -1.00 (1)
0.9499 +- -1.00 (1)
0.9518 +- -1.00 (1)
0.9480 +- -1.00 (1)
0.9446 +- -1.00 (1)
0.9492 +- -1.00 (1)
0.9487 +- -1.00 (1)
0.9416 +- -1.00 (1)
0.9484 +- -1.00 (1)
0.9503 +- -1.00 (1)
0.9451 +- -1.00 (1)
0.9496 +- -1.00 (1)
0.9375 +- -1.00 (1)
0.9464 +- -1.00 (1)
0.9393 +- -1.00 (1)
0.9469 +- -1.00 (1)
0.9457 +- -1.00 (1)
0.9477 +- -1.00 (1)
0.9568 +- -1.00 (1)
0.9497 +- -1.00 (1)
0.9453 +- -1.00 (1)
0.9419 +- -1.00 (1)
0.9429 +- -1.00 (1)
0.9483 +- -1.00 (1)
0.9329 +- -1.00 (1)
0.9314 +- -1.00 (1)
0.9396 +- -1.00 (1)
0.9449 +- -1.00 (1)
0.9325 +- -1.00 (1)
0.9385 +- -1.00 (1)
0.9513 +- -1.00 (1)
0.9412 +- -1.00 (1)
0.9407 +- -1.00 (1)
0.9422 +- -1.00 (1)
0.9472 +- -1.00 (1)
0.9367 +- -1.00 (1)
0.9443 +- -1.00 (1)
0.9508 +- -1.00 (1)
0.9448 +- -1.00 (1)
0.9391 +- -1.00 (1)
0.9444 +- -1.00 (1)
0.9507 +- -1.00 (1)
0.9383 +- -1.00 (1)
0.9457 +- -1.00 (1)
0.9412 +- -1.00 (1)
0.9370 +- -1.00 (1)
0.9426 +- -1.00 (1)
0.9480 +- -1.00 (1)
0.9419 +- -1.00 (1)
0.9432 +- -1.00 (1)
0.9417 +- -1.00 (1)
0.9517 +- -1.00 (1)
0.9409 +- -1.00 (1)
0.9439 +- -1.00 (1)
0.9441 +- -1.00 (1)
0.9464 +- -1.00 (1)
0.9400 +- -1.00 (1)
0.9443 +- -1.00 (1)
0.9477 +- -1.00 (1)
0.9397 +- -1.00 (1)
0.9529 +- -1.00 (1)
0.9452 +- -1.00 (1)
0.9446 +- -1.00 (1)
0.9419 +- -1.00 (1)
0.9435 +- -1.00 (1)
0.9370 +- -1.00 (1)
0.9386 +- -1.00 (1)
0.9442 +- -1.00 (1)
0.9439 +- -1.00 (1)
0.9424 +- -1.00 (1)
0.9385 +- -1.00 (1)
0.9465 +- -1.00 (1)
0.9475 +- -1.00 (1)
0.9463 +- -1.00 (1)
0.9358 +- -1.00 (1)
0.9414 +- -1.00 (1)
0.9438 +- -1.00 (1)
0.9365 +- -1.00 (1)
0.9393 +- -1.00 (1)
0.9422 +- -1.00 (1)
0.9368 +- -1.00 (1)
0.9456 +- -1.00 (1)
0.9349 +- -1.00 (1)
0.9375 +- -1.00 (1)
0.9401 +- -1.00 (1)
0.9334 +- -1.00 (1)
0.9398 +- -1.00 (1)
0.9377 +- -1.00 (1)
0.9369 +- -1.00 (1)
0.9395 +- -1.00 (1)
0.9422 +- -1.00 (1)
0.9437 +- -1.00 (1)
0.9373 +- -1.00 (1)
0.9465 +- -1.00 (1)
0.9420 +- -1.00 (1)
0.9408 +- -1.00 (1)
0.9412 +- -1.00 (1)
0.9341 +- -1.00 (1)
0.9374 +- -1.00 (1)
0.9404 +- -1.00 (1)
0.9391 +- -1.00 (1)
0.9384 +- -1.00 (1)
0.9415 +- -1.00 (1)
0.9421 +- -1.00 (1)
0.9346 +- -1.00 (1)
0.9236 +- -1.00 (1)
0.9434 +- -1.00 (1)
0.9382 +- -1.00 (1)
0.9462 +- -1.00 (1)
0.9439 +- -1.00 (1)
0.9340 +- -1.00 (1)
0.9432 +- -1.00 (1)
0.9416 +- -1.00 (1)
0.9366 +- -1.00 (1)
0.9392 +- -1.00 (1)
0.9473 +- -1.00 (1)
0.9384 +- -1.00 (1)
0.9414 +- -1.00 (1)
0.9368 +- -1.00 (1)
0.9346 +- -1.00 (1)
0.9405 +- -1.00 (1)
0.9379 +- -1.00 (1)
0.9325 +- -1.00 (1)
0.9406 +- -1.00 (1)
0.9415 +- -1.00 (1)
0.9377 +- -1.00 (1)
0.9414 +- -1.00 (1)
0.9368 +- -1.00 (1)
0.9329 +- -1.00 (1)
0.9399 +- -1.00 (1)
0.9420 +- -1.00 (1)
0.9383 +- -1.00 (1)
0.9376 +- -1.00 (1)
0.9482 +- -1.00 (1)
0.9391 +- -1.00 (1)
0.9299 +- -1.00 (1)
0.9378 +- -1.00 (1)
0.9445 +- -1.00 (1)
0.9344 +- -1.00 (1)
0.9358 +- -1.00 (1)
0.9326 +- -1.00 (1)
0.9344 +- -1.00 (1)
0.9411 +- -1.00 (1)
0.9311 +- -1.00 (1)
0.9356 +- -1.00 (1)
0.9412 +- -1.00 (1)
0.9437 +- -1.00 (1)
0.9376 +- -1.00 (1)
0.9284 +- -1.00 (1)
0.9330 +- -1.00 (1)
0.9321 +- -1.00 (1)
0.9375 +- -1.00 (1)
0.9340 +- -1.00 (1)
0.9397 +- -1.00 (1)
0.9423 +- -1.00 (1)
0.9363 +- -1.00 (1)
0.9432 +- -1.00 (1)
