0.9174 +- -1.00 (1)
0.9582 +- -1.00 (1)
0.8865 +- -1.00 (1)
0.9280 +- -1.00 (1)
0.9479 +- -1.00 (1)
0.9545 +- -1.00 (1)
0.9536 +- -1.00 (1)
0.9668 +- -1.00 (1)
0.9065 +- -1.00 (1)
0.9320 +- -1.00 (1)
0.8959 +- -1.00 (1)
0.9300 +- -1.00 (1)
0.9659 +- -1.00 (1)
0.9235 +- -1.00 (1)
0.9442 +- -1.00 (1)
0.9389 +- -1.00 (1)
0.9463 +- -1.00 (1)
0.8407 +- -1.00 (1)
0.9473 +- -1.00 (1)
0.9338 +- -1.00 (1)
0.9504 +- -1.00 (1)
0.9444 +- -1.00 (1)
0.9264 +- -1.00 (1)
0.9333 +- -1.00 (1)
0.9528 +- -1.00 (1)
0.9559 +- -1.00 (1)
0.9466 +- -1.00 (1)
0.9471 +- -1.00 (1)
0.9505 +- -1.00 (1)
0.9574 +- -1.00 (1)
0.9230 +- -1.00 (1)
0.9392 +- -1.00 (1)
0.9606 +- -1.00 (1)
0.9419 +- -1.00 (1)
0.9556 +- -1.00 (1)
0.9373 +- -1.00 (1)
0.9665 +- -1.00 (1)
0.9296 +- -1.00 (1)
0.9389 +- -1.00 (1)
0.9468 +- -1.00 (1)
0.9392 +- -1.00 (1)
0.9509 +- -1.00 (1)
0.9379 +- -1.00 (1)
0.9405 +- -1.00 (1)
0.9481 +- -1.00 (1)
0.9508 +- -1.00 (1)
0.9587 +- -1.00 (1)
0.9406 +- -1.00 (1)
0.9523 +- -1.00 (1)
0.9517 +- -1.00 (1)
0.9421 +- -1.00 (1)
0.9349 +- -1.00 (1)
0.9622 +- -1.00 (1)
0.9560 +- -1.00 (1)
0.9518 +- -1.00 (1)
0.9493 +- -1.00 (1)
0.9350 +- -1.00 (1)
0.9040 +- -1.00 (1)
0.9530 +- -1.00 (1)
0.9490 +- -1.00 (1)
0.9478 +- -1.00 (1)
0.9597 +- -1.00 (1)
0.9447 +- -1.00 (1)
0.9527 +- -1.00 (1)
0.9555 +- -1.00 (1)
0.9416 +- -1.00 (1)
0.9440 +- -1.00 (1)
0.9464 +- -1.00 (1)
0.9505 +- -1.00 (1)
0.9457 +- -1.00 (1)
0.9370 +- -1.00 (1)
0.9398 +- -1.00 (1)
0.9588 +- -1.00 (1)
0.9505 +- -1.00 (1)
0.9640 +- -1.00 (1)
0.9479 +- -1.00 (1)
0.9214 +- -1.00 (1)
0.9371 +- -1.00 (1)
0.9530 +- -1.00 (1)
0.9420 +- -1.00 (1)
0.9399 +- -1.00 (1)
0.9507 +- -1.00 (1)
0.9521 +- -1.00 (1)
0.9408 +- -1.00 (1)
0.9456 +- -1.00 (1)
0.9453 +- -1.00 (1)
0.9491 +- -1.00 (1)
0.9379 +- -1.00 (1)
0.9572 +- -1.00 (1)
0.9539 +- -1.00 (1)
0.9460 +- -1.00 (1)
0.9458 +- -1.00 (1)
0.9572 +- -1.00 (1)
0.9478 +- -1.00 (1)
0.9493 +- -1.00 (1)
0.9472 +- -1.00 (1)
0.9422 +- -1.00 (1)
0.9340 +- -1.00 (1)
0.9602 +- -1.00 (1)
0.9521 +- -1.00 (1)
0.9442 +- -1.00 (1)
0.9446 +- -1.00 (1)
0.9434 +- -1.00 (1)
0.9501 +- -1.00 (1)
0.9504 +- -1.00 (1)
0.9484 +- -1.00 (1)
0.9472 +- -1.00 (1)
0.9486 +- -1.00 (1)
0.9458 +- -1.00 (1)
0.9449 +- -1.00 (1)
0.9511 +- -1.00 (1)
0.9495 +- -1.00 (1)
0.9510 +- -1.00 (1)
0.9606 +- -1.00 (1)
0.9487 +- -1.00 (1)
0.9479 +- -1.00 (1)
0.9414 +- -1.00 (1)
0.9239 +- -1.00 (1)
0.9532 +- -1.00 (1)
0.9526 +- -1.00 (1)
0.9444 +- -1.00 (1)
0.9461 +- -1.00 (1)
0.9407 +- -1.00 (1)
0.9482 +- -1.00 (1)
0.9435 +- -1.00 (1)
0.9420 +- -1.00 (1)
0.9393 +- -1.00 (1)
0.9313 +- -1.00 (1)
0.9456 +- -1.00 (1)
0.9405 +- -1.00 (1)
0.9406 +- -1.00 (1)
0.9458 +- -1.00 (1)
0.9519 +- -1.00 (1)
0.9510 +- -1.00 (1)
0.9412 +- -1.00 (1)
0.9436 +- -1.00 (1)
0.9484 +- -1.00 (1)
0.9398 +- -1.00 (1)
0.9450 +- -1.00 (1)
0.9491 +- -1.00 (1)
0.9440 +- -1.00 (1)
0.9423 +- -1.00 (1)
0.9385 +- -1.00 (1)
0.9266 +- -1.00 (1)
0.9452 +- -1.00 (1)
0.9433 +- -1.00 (1)
0.9383 +- -1.00 (1)
0.9377 +- -1.00 (1)
0.9334 +- -1.00 (1)
0.9397 +- -1.00 (1)
0.9369 +- -1.00 (1)
0.9496 +- -1.00 (1)
0.9448 +- -1.00 (1)
0.9417 +- -1.00 (1)
0.9426 +- -1.00 (1)
0.9264 +- -1.00 (1)
0.9435 +- -1.00 (1)
0.9349 +- -1.00 (1)
0.9362 +- -1.00 (1)
0.9372 +- -1.00 (1)
0.9366 +- -1.00 (1)
0.9405 +- -1.00 (1)
0.9439 +- -1.00 (1)
0.9428 +- -1.00 (1)
0.9401 +- -1.00 (1)
0.9389 +- -1.00 (1)
0.9459 +- -1.00 (1)
0.9307 +- -1.00 (1)
0.9329 +- -1.00 (1)
0.9427 +- -1.00 (1)
0.9400 +- -1.00 (1)
0.9370 +- -1.00 (1)
0.9370 +- -1.00 (1)
0.9425 +- -1.00 (1)
0.9329 +- -1.00 (1)
0.9428 +- -1.00 (1)
0.9389 +- -1.00 (1)
0.9347 +- -1.00 (1)
0.9334 +- -1.00 (1)
0.9333 +- -1.00 (1)
0.9421 +- -1.00 (1)
0.9394 +- -1.00 (1)
0.9411 +- -1.00 (1)
0.9351 +- -1.00 (1)
0.9367 +- -1.00 (1)
0.9322 +- -1.00 (1)
0.9365 +- -1.00 (1)
0.9348 +- -1.00 (1)
0.9356 +- -1.00 (1)
0.9370 +- -1.00 (1)
0.9380 +- -1.00 (1)
0.9403 +- -1.00 (1)
0.9378 +- -1.00 (1)
0.9338 +- -1.00 (1)
0.9363 +- -1.00 (1)
0.9254 +- -1.00 (1)
0.9402 +- -1.00 (1)
0.9336 +- -1.00 (1)
0.9394 +- -1.00 (1)
0.9362 +- -1.00 (1)
0.9353 +- -1.00 (1)
0.9338 +- -1.00 (1)
0.9373 +- -1.00 (1)
0.9401 +- -1.00 (1)
0.9423 +- -1.00 (1)
0.9380 +- -1.00 (1)
0.9312 +- -1.00 (1)
0.9325 +- -1.00 (1)
0.9341 +- -1.00 (1)
0.9307 +- -1.00 (1)
0.9361 +- -1.00 (1)
0.9376 +- -1.00 (1)
0.9246 +- -1.00 (1)
0.9329 +- -1.00 (1)
0.9391 +- -1.00 (1)
0.9246 +- -1.00 (1)
0.9424 +- -1.00 (1)
0.9371 +- -1.00 (1)
0.9276 +- -1.00 (1)
0.9267 +- -1.00 (1)
0.9309 +- -1.00 (1)
0.9358 +- -1.00 (1)
0.9307 +- -1.00 (1)
0.9372 +- -1.00 (1)
0.9330 +- -1.00 (1)
0.9301 +- -1.00 (1)
0.9344 +- -1.00 (1)
0.9275 +- -1.00 (1)
0.9301 +- -1.00 (1)
0.9331 +- -1.00 (1)
0.9321 +- -1.00 (1)
0.9359 +- -1.00 (1)
0.9337 +- -1.00 (1)
0.9300 +- -1.00 (1)
0.9270 +- -1.00 (1)
0.9294 +- -1.00 (1)
0.9344 +- -1.00 (1)
0.9347 +- -1.00 (1)
0.9281 +- -1.00 (1)
0.9297 +- -1.00 (1)
0.9304 +- -1.00 (1)
0.9385 +- -1.00 (1)
0.9336 +- -1.00 (1)
0.9273 +- -1.00 (1)
0.9337 +- -1.00 (1)
0.9330 +- -1.00 (1)
0.9298 +- -1.00 (1)
0.9304 +- -1.00 (1)
0.9253 +- -1.00 (1)
0.9388 +- -1.00 (1)
0.9332 +- -1.00 (1)
0.9377 +- -1.00 (1)
0.9324 +- -1.00 (1)
0.9318 +- -1.00 (1)
0.9304 +- -1.00 (1)
0.9219 +- -1.00 (1)
0.9382 +- -1.00 (1)
0.9197 +- -1.00 (1)
0.9345 +- -1.00 (1)
0.9358 +- -1.00 (1)
0.9195 +- -1.00 (1)
0.9240 +- -1.00 (1)
0.9312 +- -1.00 (1)
0.9329 +- -1.00 (1)
0.9288 +- -1.00 (1)
0.9308 +- -1.00 (1)
0.9327 +- -1.00 (1)
0.9245 +- -1.00 (1)
0.9303 +- -1.00 (1)
0.9358 +- -1.00 (1)
0.9324 +- -1.00 (1)
0.9277 +- -1.00 (1)
0.9362 +- -1.00 (1)
0.9283 +- -1.00 (1)
0.9269 +- -1.00 (1)
0.9275 +- -1.00 (1)
0.9375 +- -1.00 (1)
0.9272 +- -1.00 (1)
0.9241 +- -1.00 (1)
0.9305 +- -1.00 (1)
0.9291 +- -1.00 (1)
0.9350 +- -1.00 (1)
0.9271 +- -1.00 (1)
0.9323 +- -1.00 (1)
0.9295 +- -1.00 (1)
0.9236 +- -1.00 (1)
0.9310 +- -1.00 (1)
0.9277 +- -1.00 (1)
0.9375 +- -1.00 (1)
0.9366 +- -1.00 (1)
0.9309 +- -1.00 (1)
0.9211 +- -1.00 (1)
0.9301 +- -1.00 (1)
0.9309 +- -1.00 (1)
0.9313 +- -1.00 (1)
0.9314 +- -1.00 (1)
0.9373 +- -1.00 (1)
0.9321 +- -1.00 (1)
0.9338 +- -1.00 (1)
0.9211 +- -1.00 (1)
