../../problems/mclp/benchs/class1/50.txt -i 3 0.233213 0.182321
../../problems/mclp/benchs/class1/100.txt -i 2 2.458720 0.630476
../../problems/mclp/benchs/class1/100.txt -i 3 5.117880 3.734090
../../problems/mclp/benchs/class1/100.txt -i 4 3.702070 0.310171
../../problems/mclp/benchs/class1/150.txt -i 7 10.445000 2.040580
../../problems/mclp/benchs/class1/200.txt -i 7 8.057560 1.046400
../../problems/mclp/benchs/class2/50.txt -i 2 0.750374 0.367021
../../problems/mclp/benchs/class2/50.txt -i 3 2.054260 0.132479
../../problems/mclp/benchs/class2/50.txt -i 5 1.927190 0.163186
../../problems/mclp/benchs/class2/100.txt -i 4 2.022740 0.766843
../../problems/mclp/benchs/class2/100.txt -i 9 2.270110 1.338710
../../problems/mclp/benchs/class2/150.txt -i 6 1.648940 0.635418
../../problems/mclp/benchs/class2/150.txt -i 9 1.905660 0.944326
../../problems/mclp/benchs/class3/50.txt -i 1 0.092678 0.057246
../../problems/mclp/benchs/class3/50.txt -i 4 1.413670 0.399752
../../problems/mclp/benchs/class3/100.txt -i 5 4.103930 0.130115
../../problems/mclp/benchs/class3/150.txt -i 0 4.179810 2.217800
../../problems/mclp/benchs/class3/150.txt -i 5 6.127980 1.904630
../../problems/mclp/benchs/class3/150.txt -i 6 6.697910 5.147990
../../problems/mclp/benchs/class3/200.txt -i 0 7.980930 4.739290
../../problems/mclp/benchs/class3/200.txt -i 6 9.746540 0.786828
../../problems/mclp/benchs/class4/50.txt -i 3 0.008209 0.003195
../../problems/mclp/benchs/class4/50.txt -i 4 0.007007 0.002033
../../problems/mclp/benchs/class4/50.txt -i 9 0.026837 0.010534
../../problems/mclp/benchs/class4/100.txt -i 0 1.563890 0.127576
../../problems/mclp/benchs/class5/50.txt -i 0 0.590881 0.074992
../../problems/mclp/benchs/class5/100.txt -i 1 0.032565 0.010547
../../problems/mclp/benchs/class5/150.txt -i 0 5.543500 0.239982
../../problems/mclp/benchs/class5/150.txt -i 8 0.906982 0.493716
../../problems/mclp/benchs/class5/200.txt -i 9 2.979270 0.229376
../../problems/mclp/benchs/class6/50.txt -i 5 0.411927 0.068282
../../problems/mclp/benchs/class6/100.txt -i 0 1.080220 0.697076
../../problems/mclp/benchs/class6/100.txt -i 4 9.050620 0.149668
../../problems/mclp/benchs/class7/50.txt -i 5 0.084220 0.014982
../../problems/mclp/benchs/class7/150.txt -i 8 4.792440 2.257630
../../problems/mclp/benchs/class8/50.txt -i 3 2.305920 0.028594
../../problems/mclp/benchs/class8/50.txt -i 5 0.766225 0.196430
../../problems/mclp/benchs/class8/100.txt -i 0 2.664480 0.243888
../../problems/mclp/benchs/class8/100.txt -i 2 1.248510 0.246647
../../problems/mclp/benchs/class8/100.txt -i 4 4.562650 0.858604
../../problems/mclp/benchs/class8/150.txt -i 4 5.120010 0.759184
../../problems/mclp/benchs/class8/200.txt -i 3 9.621380 2.246050
../../problems/mclp/benchs/class8/200.txt -i 5 1.266380 0.629994
