
0.9763 0.913 0.8914 1
0.7896 0.7476 0.5903 1
0.5929 0.9957 0.5904 1


0.8532 0.8699 0.7422 1

0.9233 0.6426 0.5933 1

0.7655 0.7314 0.5599 1
0.9358 0.3424 0.3204 1
0.983 0.976 0.9594 1
0.7095 0.9967 0.7072 1
0.9198 0.6124 0.5633 1
0.836 0.0551 0.04606 1
0.9274 0.507 0.4702 1


0.9502 0.8735 0.83 1
0.9627 0.7705 0.74 12



0.964 1 0.9639 7

0.9801 1 0.98 5
0.9882 0.9196 0.9026 21



0.944 1 0.944 3

0.8935 1 0.8935 9
0.9752 0.966 0.9416 13

0.9799 1 0.9798 12
0.952 1 0.9519 7
0.9816 0.8495 0.8339 1
0.9647 0.9991 0.9635 9

0.9785 0.572 0.5595 11
0.9749 0.9084 0.8812 30
0.9874 1 0.9873 12
0.9772 1 0.9771 11
0.9837 1 0.9837 6



0.9841 1 0.9841 4
0.9678 1 0.9661 26
0.9715 1 0.9711 10

0.968 1 0.968 5
0.9789 0.7683 0.751 20
0.9803 1 0.98 11
0.9848 1 0.9848 5
0.9669 1 0.9669 4
0.9774 1 0.9763 13
0.9762 1 0.976 10
0.9794 0.9999 0.9778 25
0.9857 1 0.9855 9
0.9814 1 0.9813 10


0.9837 0.7033 0.6913 10
0.9866 0.6895 0.6784 19

0.9804 1 0.9803 6
0.9829 0.7489 0.7358 20

0.9785 1 0.9779 17


0.9818 1 0.9817 9



0.9843 1 0.9843 7

0.9807 1 0.9806 9
0.9816 0.9387 0.9209 22

0.9845 1 0.9843 13
0.9779 0.8555 0.8361 11


0.9761 0.9069 0.8842 15
0.9813 0.807 0.7916 8


0.979 0.8618 0.8434 21



0.9842 1 0.9838 9
0.9801 1 0.9793 15

0.9896 1 0.9896 6
0.9806 0.8434 0.8269 7
0.9836 1 0.9836 4
0.9838 1 0.9826 19

0.9849 1 0.9849 4
0.9796 1 0.9794 8
0.9844 1 0.9843 12
0.9817 1 0.9816 10

0.9788 1 0.9787 10

0.9844 1 0.9831 18
0.9814 0.9963 0.9776 18


0.9891 1 0.9874 32

0.9826 1 0.9823 7


0.9861 1 0.9857 9


0.982 1 0.9812 10
0.9873 1 0.9873 12
0.9806 0.8622 0.8451 25
0.9849 0.8777 0.8634 17
0.9863 1 0.9852 13


0.9856 0.9606 0.9451 28
0.9815 1 0.9815 6
0.9812 1 0.9792 22


0.9863 1 0.9863 6





0.9834 1 0.9831 15
0.9829 0.8884 0.872 10

0.9836 1 0.9832 20


0.9827 1 0.9813 39
0.982 0.894 0.8763 32





0.9813 0.9535 0.9352 27



0.9779 1 0.9774 22

0.9809 1 0.9807 7
0.9803 1 0.9796 9


0.9707 1 0.9699 21
0.9747 0.9729 0.9478 20
0.9724 1 0.9724 4

0.9762 1 0.9759 14
0.9666 0.9909 0.9565 20
0.9789 1 0.9783 10

0.9776 1 0.9755 21

0.9722 1 0.971 22

0.9794 0.9727 0.9509 34
0.9776 0.9787 0.9552 25


0.9763 0.9841 0.9589 19
0.9744 0.9999 0.9704 23

0.9713 1 0.9685 20
0.9746 0.9814 0.9561 10




0.9666 1 0.9646 26


0.9743 1 0.9742 19




0.9754 0.8635 0.841 19

0.976 0.9295 0.9066 24
0.9732 0.9971 0.969 29
0.9733 1 0.9728 12
0.9706 0.9672 0.9383 25
0.9681 0.9584 0.9271 23


0.9679 0.9999 0.9665 30


0.9698 1 0.9687 17
0.9696 0.9986 0.9661 22
0.9764 1 0.9762 7

0.9733 0.9323 0.9036 25

0.9745 0.8573 0.833 22


0.9766 1 0.9764 15



0.9704 1 0.9686 18




0.9733 1 0.9726 21
0.9765 1 0.9764 19
0.9716 1 0.97 25
0.9738 1 0.9724 9



0.9694 0.9279 0.898 36
0.977 1 0.9759 13
0.9703 1 0.97 12
0.9722 1 0.9707 17

0.9724 1 0.9715 17

0.9717 0.9644 0.9343 29

0.9696 0.9073 0.878 19
0.9739 0.9651 0.9385 21

0.9693 0.9782 0.9458 22






0.9723 1 0.9722 7

0.9718 1 0.9708 22
0.9717 1 0.9714 12
0.9745 1 0.9741 18
0.9723 0.923 0.8965 23
0.9706 1 0.9705 7
0.9745 1 0.9744 10
0.9711 1 0.9711 4


0.9665 1 0.9665 6
0.9665 1 0.9657 13
0.9651 1 0.9636 16


0.9702 1 0.9684 17
0.9711 1 0.9697 16


0.9734 1 0.9731 16

0.9757 1 0.9735 20
0.969 1 0.9685 17


0.9778 1 0.977 24
0.9708 1 0.97 24


0.9728 1 0.9717 23
0.9721 1 0.9713 11

0.9664 1 0.9645 13
0.9682 1 0.9682 6
0.9658 1 0.9631 17
0.966 0.9759 0.9396 22

0.9672 1 0.9654 20
0.9678 1 0.9673 12
0.9712 1 0.9694 16
0.971 1 0.9709 7
0.9731 0.9078 0.8789 17




0.9715 0.9555 0.9268 25

0.9636 1 0.9635 16

0.9708 1 0.9697 13
0.9616 1 0.9615 9


0.9632 1 0.962 13


0.9675 0.9889 0.9544 25
0.9639 1 0.9625 18
0.9681 1 0.9672 15
0.9741 1 0.974 9

0.9701 0.9948 0.9626 15
0.9691 1 0.9689 13
0.9732 1 0.9719 16

0.9674 1 0.9672 11