-1.0000 
0.9763 
0.7896 
0.5929 
-1.0000 
-1.0000 
0.8532 
-1.0000 
0.9233 
-1.0000 
0.7655 
0.9358 
0.9830 
0.7095 
0.9198 
0.8360 
0.9274 
-1.5000 
-1.0000 
0.9502 
0.9627 
-1.0000 
-1.0000 
-1.0000 
0.9640 
-1.0000 
0.9801 
0.9882 
-1.0000 
-1.0000 
-1.0000 
0.9440 
-1.5000 
0.8935 
0.9752 
-1.0000 
0.9799 
0.9520 
0.9816 
0.9647 
-1.0000 
0.9785 
0.9749 
0.9874 
0.9772 
0.9837 
-1.0000 
-1.0000 
-1.0000 
0.9841 
0.9678 
0.9715 
-1.0000 
0.9680 
0.9789 
0.9803 
0.9848 
0.9669 
0.9774 
0.9762 
0.9794 
0.9857 
0.9814 
-1.0000 
-1.0000 
0.9837 
0.9866 
-1.0000 
0.9804 
0.9829 
-1.0000 
0.9785 
-1.0000 
-1.0000 
0.9818 
-1.0000 
-1.0000 
-1.0000 
0.9843 
-1.0000 
0.9807 
0.9816 
-1.0000 
0.9845 
0.9779 
-1.0000 
-1.0000 
0.9761 
0.9813 
-1.0000 
-1.5000 
0.9790 
-1.0000 
-1.0000 
-1.0000 
0.9842 
0.9801 
-1.0000 
0.9896 
0.9806 
0.9836 
0.9838 
-1.0000 
0.9849 
0.9796 
0.9844 
0.9817 
-1.0000 
0.9788 
-1.0000 
0.9844 
0.9814 
-1.0000 
-1.0000 
0.9891 
-1.0000 
0.9826 
-1.0000 
-1.0000 
0.9861 
-1.0000 
-1.0000 
0.9820 
0.9873 
0.9806 
0.9849 
0.9863 
-1.0000 
-1.0000 
0.9856 
0.9815 
0.9812 
-1.0000 
-1.0000 
0.9863 
-1.0000 
-1.0000 
-1.0000 
-1.0000 
-1.0000 
0.9834 
0.9829 
-1.0000 
0.9836 
-1.0000 
-1.0000 
0.9827 
0.9820 
-1.0000 
-1.0000 
-1.0000 
-1.0000 
-1.0000 
0.9813 
-1.0000 
-1.0000 
-1.0000 
0.9779 
-1.0000 
0.9809 
0.9803 
-1.0000 
-1.0000 
0.9707 
0.9747 
0.9724 
-1.0000 
0.9762 
0.9666 
0.9789 
-1.0000 
0.9776 
-1.0000 
0.9722 
-1.5000 
0.9794 
0.9776 
-1.0000 
-1.0000 
0.9763 
0.9744 
-1.0000 
0.9713 
0.9746 
-1.0000 
-1.0000 
-1.0000 
-1.0000 
0.9666 
-1.0000 
-1.0000 
0.9743 
-1.5000 
-1.0000 
-1.0000 
-1.5000 
0.9754 
-1.0000 
0.9760 
0.9732 
0.9733 
0.9706 
0.9681 
-1.0000 
-1.0000 
0.9679 
-1.0000 
-1.0000 
0.9698 
0.9696 
0.9764 
-1.0000 
0.9733 
-1.0000 
0.9745 
-1.0000 
-1.0000 
0.9766 
-1.0000 
-1.0000 
-1.0000 
0.9704 
-1.0000 
-1.0000 
-1.0000 
-1.0000 
0.9733 
0.9765 
0.9716 
0.9738 
-1.0000 
-1.0000 
-1.0000 
0.9694 
0.9770 
0.9703 
0.9722 
-1.0000 
0.9724 
-1.0000 
0.9717 
-1.0000 
0.9696 
0.9739 
-1.0000 
0.9693 
-1.0000 
-1.0000 
-1.0000 
-1.0000 
-1.0000 
-1.0000 
0.9723 
-1.0000 
0.9718 
0.9717 
0.9745 
0.9723 
0.9706 
0.9745 
0.9711 
-1.0000 
-1.0000 
0.9665 
0.9665 
0.9651 
-1.0000 
-1.0000 
0.9702 
0.9711 
-1.0000 
-1.0000 
0.9734 
-1.0000 
0.9757 
0.9690 
-1.0000 
-1.0000 
0.9778 
0.9708 
-1.0000 
-1.0000 
0.9728 
0.9721 
-1.0000 
0.9664 
0.9682 
0.9658 
0.9660 
-1.0000 
0.9672 
0.9678 
0.9712 
0.9710 
0.9731 
-1.0000 
-1.0000 
-1.0000 
-1.0000 
0.9715 
-1.0000 
0.9636 
-1.0000 
0.9708 
0.9616 
-1.0000 
-1.0000 
0.9632 
-1.0000 
-1.0000 
0.9675 
0.9639 
0.9681 
0.9741 
-1.0000 
0.9701 
0.9691 
0.9732 
-1.0000 
0.9674 
