0.9411 1001 4.319769
0.9619 1001 9.719378
0.9063 1001 2.676222
0.9249 1001 13.648491
0.9514 1001 4.435816
0.9561 1001 6.088495
0.9567 1001 5.282182
0.9729 1001 8.156835
0.9326 1001 2.309182
0.9494 1001 4.379249
0.9255 1001 3.76755
0.9419 1001 3.066182
0.9732 1001 15.765387
0.9504 1001 5.124385
0.9701 1001 4.939243
0.9563 1001 7.817406
0.9755 1001 6.932578
0.9116 1001 2.522658
0.952 1001 7.062453
0.9338 1001 2.607907
0.9535 1001 4.385675
0.9539 1001 10.103138
0.9459 1001 9.902168
0.9499 1001 16.301311
0.9572 1001 5.876377
0.9681 1001 8.692441
0.9692 1001 12.211159
0.9543 1001 12.037126
0.9579 1001 7.245832
0.9611 1001 14.436112
0.9505 1001 3.825245
0.9476 1001 4.641592
0.967 1001 23.778708
0.961 1001 5.781157
0.9562 1001 8.759185
0.9496 1001 11.335019
0.9689 1001 8.087906
0.9379 1001 6.323518
0.9566 1001 13.406578
0.9582 1001 8.729554
0.9632 1001 6.522296
0.9629 1001 16.321559
0.9474 1001 13.489474
0.9637 1001 26.486253
0.9603 1001 9.03004
0.9557 1001 16.538828
0.9664 1001 16.185792
0.953 1001 15.29694
0.9623 1001 13.893093
0.963 1001 19.401082
0.9638 1001 10.751668
0.9497 1001 13.295776
0.9644 1001 33.926318
0.9673 1001 9.132078
0.9633 1001 12.228941
0.9578 1001 18.0455
0.9337 1001 7.007291
0.9305 1001 8.181904
0.9648 1001 22.173139
0.9594 1001 15.161398
0.9526 1001 10.59839
0.9603 1001 19.720298
0.9572 1001 18.156936
0.9648 1001 26.471317
0.963 1001 19.540479
0.9469 1001 18.224001
0.9631 1001 20.30184
0.9527 1001 14.980404
0.9606 1001 22.031745
0.9613 1001 28.435383
0.9485 1001 12.56443
0.9614 1001 14.036478
0.9707 1001 30.029469
0.962 1001 16.806278
0.966 1001 13.413444
0.9569 1001 23.07754
0.9443 1001 10.55117
0.9376 1001 8.444358
0.9588 1001 26.221346
0.9687 1001 21.302387
0.9541 1001 11.351711
0.958 1001 23.499163
0.9548 1001 19.388422
0.9615 1001 29.03776
0.9582 1001 24.289279
0.9587 1001 24.238149
0.9688 1001 18.167681
0.9404 1001 16.214854
0.9615 1001 19.886677
0.9634 1001 29.962376
0.9518 1001 27.21554
0.9573 1001 13.964044
0.9672 1001 46.454804
0.9631 1001 23.840962
0.9609 1001 18.878785
0.9585 1001 22.955592
0.9581 1001 16.284225
0.9502 1001 13.357552
0.9624 1001 28.919512
0.9599 1001 20.883878
0.9546 1001 30.778126
0.9627 1001 40.452591
0.9632 1001 24.888818
0.961 1001 35.212529
0.9608 1001 28.456375
0.9521 1001 31.858013
0.9545 1001 26.606084
0.9559 1001 21.06314
0.9501 1001 23.764286
0.9585 1001 32.493483
0.9628 1001 23.197486
0.9584 1001 26.867212
0.9632 1001 52.72261
0.9682 1001 36.639091
0.9612 1001 15.061388
0.9625 1001 31.12655
0.9588 1001 28.337924
0.9391 1001 10.691813
0.9568 1001 31.675703
0.9637 1001 31.047589
0.9532 1001 25.09153
0.9549 1001 38.48924
0.951 1001 30.533459
0.9623 1001 41.584019
0.9565 1001 38.019086
0.9616 1001 36.68127
0.9568 1001 29.579091
0.9464 1001 32.665857
0.9537 1001 39.935753
0.9568 1001 34.003766
0.9569 1001 37.674469
0.9566 1001 45.473097
0.9598 1001 54.644317
0.9604 1001 28.070297
0.9607 1001 30.809334
0.9542 1001 29.869158
0.9556 1001 36.446722
0.9561 1001 25.603557
0.9512 1001 32.18167
0.9524 1001 34.291845
0.9506 1001 120.98709
0.9486 1001 99.794342
0.9507 1001 99.387317
0.9481 1001 122.73603
0.9586 1001 110.37326
0.9527 1001 102.46753
0.9507 1001 74.170278
0.9495 1001 88.571996
0.9497 1001 84.989431
0.9538 1001 109.25436
0.948 1001 98.664846
0.9565 1001 99.819928
0.9518 1001 201.53708
0.9529 1001 61.358375
0.9579 1001 87.473961
0.9509 1001 72.739272
0.9466 1001 68.097238
0.9563 1001 54.414281
0.9505 1001 91.072457
0.9484 1001 83.161769
0.9475 1001 151.70868
0.9539 1001 79.749775
0.9481 1001 77.76515
0.951 1001 129.17954
0.9558 1001 125.70442
0.9525 1001 94.734858
0.9481 1001 100.88302
0.9442 1001 80.416191
0.9492 1001 190.28258
0.9499 1001 69.696093
0.9511 1001 71.453306
0.946 1001 103.81467
0.953 1001 151.99565
0.9498 1001 122.16124
0.9436 1001 143.44448
0.9545 1001 100.61178
0.9481 1001 91.255753
0.9497 1001 87.838953
0.9548 1001 92.081691
0.9497 1001 94.590642
0.9484 1001 147.09604
0.9496 1001 120.95746
0.9497 1001 111.33265
0.9461 1001 123.96157
0.9503 1001 150.82708
0.9441 1001 150.74158
0.9487 1001 115.53233
0.95 1001 115.06289
0.9458 1001 81.921892
0.9508 1001 115.48251
0.9494 1001 110.59503
0.9492 1001 91.657113
0.9508 1001 190.05387
0.9484 1001 89.777093
0.9468 1001 72.024888
0.9487 1001 140.17711
0.9468 1001 121.97302
0.9462 1001 116.96833
0.9501 1001 96.384732
0.9499 1001 96.905861
0.9484 1001 100.36844
0.9492 1001 132.91846
0.9451 1001 96.671374
0.9523 1001 128.26668
0.9501 1001 186.76083
0.9481 1001 161.91273
0.9456 1001 71.387129
0.9523 1001 94.082574
0.9398 1001 73.093027
0.9396 1001 92.94976
0.948 1001 102.03193
0.948 1001 89.895625
0.9443 1001 137.43133
0.9472 1001 121.96306
0.9473 1001 100.2051
0.9515 1001 76.293302
0.953 1001 145.08047
0.9504 1001 47.534065
0.9481 1001 130.75806
0.9438 1001 132.02093
0.9487 1001 149.75292
0.946 1001 143.2057
0.9491 1001 115.43618
0.9464 1001 96.252068
0.9475 1001 202.19676
0.9489 1001 239.15109
0.9402 1001 72.337905
0.9465 1001 98.741016
0.9469 1001 127.0295
0.9487 1001 128.45673
0.9476 1001 93.733983
0.9482 1001 128.0902
0.9527 1001 130.12093
0.9403 1001 90.625625
0.9479 1001 97.314755
0.9455 1001 96.150514
0.9514 1001 221.10614
0.9483 1001 121.50464
0.941 1001 92.625795
0.9473 1001 168.12299
0.9469 1001 120.73799
0.9447 1001 129.43393
0.9429 1001 98.405143
0.9483 1001 106.3738
0.9508 1001 137.87417
0.9388 1001 204.60157
0.9392 1001 113.15836
0.9422 1001 152.17313
0.9457 1001 105.26233
0.9441 1001 125.88805
0.946 1001 108.78152
0.951 1001 108.92285
0.9485 1001 180.67501
0.9491 1001 145.85668
0.9507 1001 147.90859
0.9422 1001 97.643991
0.9457 1001 111.39856
0.9464 1001 94.135907
0.9487 1001 108.40573
0.9441 1001 134.2911
0.9416 1001 122.61042
0.9402 1001 169.41475
0.9435 1001 101.6414
0.9509 1001 75.129709
0.9444 1001 122.17408
0.948 1001 254.46569
0.9462 1001 94.542388
0.9463 1001 121.37957
0.9485 1001 84.911606
0.9475 1001 135.84764
0.9408 1001 192.47883
0.9381 1001 74.73725
0.9471 1001 108.92269
0.94 1001 148.9544
0.9422 1001 111.9144
0.9379 1001 93.646097
0.9438 1001 188.30384
0.9387 1001 101.90265
0.9399 1001 156.50977
0.9449 1001 99.908136
0.9438 1001 81.079353
0.943 1001 111.82726
0.9444 1001 108.90038
0.9495 1001 92.56464
0.9405 1001 103.61378
0.9411 1001 240.63882
0.9438 1001 93.660216
0.9399 1001 130.6875
0.9503 1001 103.73052
0.9484 1001 155.593
0.9467 1001 175.0911
0.937 1001 98.125508
0.9456 1001 171.00837
0.9412 1001 99.756737
0.9459 1001 132.96063
0.945 1001 83.245208
0.9508 1001 151.02757
0.9522 1001 113.00906
0.9413 1001 100.18942
0.9481 1001 110.63245