0.9453 +- -1.00 (1)
0.9758 +- -1.00 (1)
0.9288 +- -1.00 (1)
0.9267 +- -1.00 (1)
0.9513 +- -1.00 (1)
0.9545 +- -1.00 (1)
0.9589 +- -1.00 (1)
0.9757 +- -1.00 (1)
0.9330 +- -1.00 (1)
0.9553 +- -1.00 (1)
0.9337 +- -1.00 (1)
0.9534 +- -1.00 (1)
0.9715 +- -1.00 (1)
0.9666 +- -1.00 (1)
0.9674 +- -1.00 (1)
0.9630 +- -1.00 (1)
0.9797 +- -1.00 (1)
0.9139 +- -1.00 (1)
0.9559 +- -1.00 (1)
0.9400 +- -1.00 (1)
0.9647 +- -1.00 (1)
0.9650 +- -1.00 (1)
0.9609 +- -1.00 (1)
0.9553 +- -1.00 (1)
0.9649 +- -1.00 (1)
0.9704 +- -1.00 (1)
0.9705 +- -1.00 (1)
0.9623 +- -1.00 (1)
0.9603 +- -1.00 (1)
0.9726 +- -1.00 (1)
0.9640 +- -1.00 (1)
0.9620 +- -1.00 (1)
0.9646 +- -1.00 (1)
0.9666 +- -1.00 (1)
0.9768 +- -1.00 (1)
0.9590 +- -1.00 (1)
0.9773 +- -1.00 (1)
0.9594 +- -1.00 (1)
0.9584 +- -1.00 (1)
0.9607 +- -1.00 (1)
0.9634 +- -1.00 (1)
0.9714 +- -1.00 (1)
0.9590 +- -1.00 (1)
0.9732 +- -1.00 (1)
0.9690 +- -1.00 (1)
0.9649 +- -1.00 (1)
0.9652 +- -1.00 (1)
0.9624 +- -1.00 (1)
0.9592 +- -1.00 (1)
0.9606 +- -1.00 (1)
0.9589 +- -1.00 (1)
0.9562 +- -1.00 (1)
0.9710 +- -1.00 (1)
0.9653 +- -1.00 (1)
0.9657 +- -1.00 (1)
0.9611 +- -1.00 (1)
0.9487 +- -1.00 (1)
0.9512 +- -1.00 (1)
0.9673 +- -1.00 (1)
0.9650 +- -1.00 (1)
0.9631 +- -1.00 (1)
0.9651 +- -1.00 (1)
0.9595 +- -1.00 (1)
0.9706 +- -1.00 (1)
0.9675 +- -1.00 (1)
0.9599 +- -1.00 (1)
0.9688 +- -1.00 (1)
0.9622 +- -1.00 (1)
0.9655 +- -1.00 (1)
0.9638 +- -1.00 (1)
0.9565 +- -1.00 (1)
0.9581 +- -1.00 (1)
0.9713 +- -1.00 (1)
0.9643 +- -1.00 (1)
0.9686 +- -1.00 (1)
0.9621 +- -1.00 (1)
0.9576 +- -1.00 (1)
0.9488 +- -1.00 (1)
0.9720 +- -1.00 (1)
0.9657 +- -1.00 (1)
0.9597 +- -1.00 (1)
0.9678 +- -1.00 (1)
0.9566 +- -1.00 (1)
0.9678 +- -1.00 (1)
0.9645 +- -1.00 (1)
0.9628 +- -1.00 (1)
0.9621 +- -1.00 (1)
0.9589 +- -1.00 (1)
0.9621 +- -1.00 (1)
0.9654 +- -1.00 (1)
0.9647 +- -1.00 (1)
0.9578 +- -1.00 (1)
0.9672 +- -1.00 (1)
0.9657 +- -1.00 (1)
0.9609 +- -1.00 (1)
0.9632 +- -1.00 (1)
0.9663 +- -1.00 (1)
0.9554 +- -1.00 (1)
0.9691 +- -1.00 (1)
0.9673 +- -1.00 (1)
0.9653 +- -1.00 (1)
0.9675 +- -1.00 (1)
0.9612 +- -1.00 (1)
0.9687 +- -1.00 (1)
0.9663 +- -1.00 (1)
0.9598 +- -1.00 (1)
0.9576 +- -1.00 (1)
0.9649 +- -1.00 (1)
0.9601 +- -1.00 (1)
0.9596 +- -1.00 (1)
0.9650 +- -1.00 (1)
0.9594 +- -1.00 (1)
0.9668 +- -1.00 (1)
0.9696 +- -1.00 (1)
0.9637 +- -1.00 (1)
0.9594 +- -1.00 (1)
0.9657 +- -1.00 (1)
0.9576 +- -1.00 (1)
0.9664 +- -1.00 (1)
0.9632 +- -1.00 (1)
0.9620 +- -1.00 (1)
0.9555 +- -1.00 (1)
0.9588 +- -1.00 (1)
0.9644 +- -1.00 (1)
0.9587 +- -1.00 (1)
0.9614 +- -1.00 (1)
0.9590 +- -1.00 (1)
0.9572 +- -1.00 (1)
0.9553 +- -1.00 (1)
0.9565 +- -1.00 (1)
0.9556 +- -1.00 (1)
0.9572 +- -1.00 (1)
0.9561 +- -1.00 (1)
0.9664 +- -1.00 (1)
0.9591 +- -1.00 (1)
0.9618 +- -1.00 (1)
0.9575 +- -1.00 (1)
0.9576 +- -1.00 (1)
0.9591 +- -1.00 (1)
0.9622 +- -1.00 (1)
0.9519 +- -1.00 (1)
0.9621 +- -1.00 (1)
0.9417 +- -1.00 (1)
0.9497 +- -1.00 (1)
0.9550 +- -1.00 (1)
0.9542 +- -1.00 (1)
0.9522 +- -1.00 (1)
0.9514 +- -1.00 (1)
0.9490 +- -1.00 (1)
0.9560 +- -1.00 (1)
0.9560 +- -1.00 (1)
0.9597 +- -1.00 (1)
0.9495 +- -1.00 (1)
0.9494 +- -1.00 (1)
0.9509 +- -1.00 (1)
0.9601 +- -1.00 (1)
0.9575 +- -1.00 (1)
0.9605 +- -1.00 (1)
0.9549 +- -1.00 (1)
0.9583 +- -1.00 (1)
0.9526 +- -1.00 (1)
0.9544 +- -1.00 (1)
0.9533 +- -1.00 (1)
0.9509 +- -1.00 (1)
0.9532 +- -1.00 (1)
0.9552 +- -1.00 (1)
0.9541 +- -1.00 (1)
0.9460 +- -1.00 (1)
0.9474 +- -1.00 (1)
0.9459 +- -1.00 (1)
0.9556 +- -1.00 (1)
0.9452 +- -1.00 (1)
0.9537 +- -1.00 (1)
0.9548 +- -1.00 (1)
0.9420 +- -1.00 (1)
0.9537 +- -1.00 (1)
0.9513 +- -1.00 (1)
0.9534 +- -1.00 (1)
0.9475 +- -1.00 (1)
0.9525 +- -1.00 (1)
0.9538 +- -1.00 (1)
0.9534 +- -1.00 (1)
0.9505 +- -1.00 (1)
0.9550 +- -1.00 (1)
0.9533 +- -1.00 (1)
0.9490 +- -1.00 (1)
0.9540 +- -1.00 (1)
0.9483 +- -1.00 (1)
0.9450 +- -1.00 (1)
0.9492 +- -1.00 (1)
0.9516 +- -1.00 (1)
0.9529 +- -1.00 (1)
0.9448 +- -1.00 (1)
0.9517 +- -1.00 (1)
0.9476 +- -1.00 (1)
0.9450 +- -1.00 (1)
0.9563 +- -1.00 (1)
0.9478 +- -1.00 (1)
0.9480 +- -1.00 (1)
0.9473 +- -1.00 (1)
0.9508 +- -1.00 (1)
0.9501 +- -1.00 (1)
0.9473 +- -1.00 (1)
0.9504 +- -1.00 (1)
0.9435 +- -1.00 (1)
0.9542 +- -1.00 (1)
0.9540 +- -1.00 (1)
0.9531 +- -1.00 (1)
0.9429 +- -1.00 (1)
0.9465 +- -1.00 (1)
0.9547 +- -1.00 (1)
0.9509 +- -1.00 (1)
0.9445 +- -1.00 (1)
0.9528 +- -1.00 (1)
0.9491 +- -1.00 (1)
0.9477 +- -1.00 (1)
0.9485 +- -1.00 (1)
0.9482 +- -1.00 (1)
0.9522 +- -1.00 (1)
0.9471 +- -1.00 (1)
0.9445 +- -1.00 (1)
0.9493 +- -1.00 (1)
0.9431 +- -1.00 (1)
0.9506 +- -1.00 (1)
0.9504 +- -1.00 (1)
0.9507 +- -1.00 (1)
0.9498 +- -1.00 (1)
0.9478 +- -1.00 (1)
0.9542 +- -1.00 (1)
0.9555 +- -1.00 (1)
0.9521 +- -1.00 (1)
0.9483 +- -1.00 (1)
0.9517 +- -1.00 (1)
0.9514 +- -1.00 (1)
0.9500 +- -1.00 (1)
0.9479 +- -1.00 (1)
0.9493 +- -1.00 (1)
0.9485 +- -1.00 (1)
0.9451 +- -1.00 (1)
0.9501 +- -1.00 (1)
0.9459 +- -1.00 (1)
0.9494 +- -1.00 (1)
0.9485 +- -1.00 (1)
0.9438 +- -1.00 (1)
0.9543 +- -1.00 (1)
0.9357 +- -1.00 (1)
0.9511 +- -1.00 (1)
0.9397 +- -1.00 (1)
0.9429 +- -1.00 (1)
0.9470 +- -1.00 (1)
0.9462 +- -1.00 (1)
0.9473 +- -1.00 (1)
0.9487 +- -1.00 (1)
0.9510 +- -1.00 (1)
0.9497 +- -1.00 (1)
0.9473 +- -1.00 (1)
0.9462 +- -1.00 (1)
0.9433 +- -1.00 (1)
0.9531 +- -1.00 (1)
0.9442 +- -1.00 (1)
0.9459 +- -1.00 (1)
0.9383 +- -1.00 (1)
0.9407 +- -1.00 (1)
0.9524 +- -1.00 (1)
0.9428 +- -1.00 (1)
0.9388 +- -1.00 (1)
0.9444 +- -1.00 (1)
0.9453 +- -1.00 (1)
0.9491 +- -1.00 (1)
0.9506 +- -1.00 (1)
0.9484 +- -1.00 (1)
0.9442 +- -1.00 (1)
0.9514 +- -1.00 (1)
0.9476 +- -1.00 (1)
0.9449 +- -1.00 (1)
0.9402 +- -1.00 (1)
0.9456 +- -1.00 (1)
0.9437 +- -1.00 (1)
0.9384 +- -1.00 (1)
0.9492 +- -1.00 (1)
0.9499 +- -1.00 (1)
0.9477 +- -1.00 (1)
0.9437 +- -1.00 (1)
0.9484 +- -1.00 (1)
0.9489 +- -1.00 (1)
0.9426 +- -1.00 (1)
0.9499 +- -1.00 (1)
0.9411 +- -1.00 (1)
0.9515 +- -1.00 (1)
0.9517 +- -1.00 (1)
0.9431 +- -1.00 (1)
0.9452 +- -1.00 (1)
0.9452 +- -1.00 (1)
0.9456 +- -1.00 (1)
0.9445 +- -1.00 (1)
0.9467 +- -1.00 (1)
0.9518 +- -1.00 (1)
0.9414 +- -1.00 (1)
0.9505 +- -1.00 (1)
0.9447 +- -1.00 (1)
