0.9453 
0.9758 
0.9288 
0.9267 
0.9513 
0.9545 
0.9589 
0.9757 
0.9330 
0.9553 
0.9337 
0.9534 
0.9715 
0.9666 
0.9674 
0.9630 
0.9797 
0.9139 
0.9559 
0.9400 
0.9647 
0.9650 
0.9609 
0.9553 
0.9649 
0.9704 
0.9705 
0.9623 
0.9603 
0.9726 
0.9640 
0.9620 
0.9646 
0.9666 
0.9768 
0.9590 
0.9773 
0.9594 
0.9584 
0.9607 
0.9634 
0.9714 
0.9590 
0.9732 
0.9690 
0.9649 
0.9652 
0.9624 
0.9592 
0.9606 
0.9589 
0.9562 
0.9710 
0.9653 
0.9657 
0.9611 
0.9487 
0.9512 
0.9673 
0.9650 
0.9631 
0.9651 
0.9595 
0.9706 
0.9675 
0.9599 
0.9688 
0.9622 
0.9655 
0.9638 
0.9565 
0.9581 
0.9713 
0.9643 
0.9686 
0.9621 
0.9576 
0.9488 
0.9720 
0.9657 
0.9597 
0.9678 
0.9566 
0.9678 
0.9645 
0.9628 
0.9621 
0.9589 
0.9621 
0.9654 
0.9647 
0.9578 
0.9672 
0.9657 
0.9609 
0.9632 
0.9663 
0.9554 
0.9691 
0.9673 
0.9653 
0.9675 
0.9612 
0.9687 
0.9663 
0.9598 
0.9576 
0.9649 
0.9601 
0.9596 
0.9650 
0.9594 
0.9668 
0.9696 
0.9637 
0.9594 
0.9657 
0.9576 
0.9664 
0.9632 
0.9620 
0.9555 
0.9588 
0.9644 
0.9587 
0.9614 
0.9590 
0.9572 
0.9553 
0.9565 
0.9556 
0.9572 
0.9561 
0.9664 
0.9591 
0.9618 
0.9575 
0.9576 
0.9591 
0.9622 
0.9519 
0.9621 
0.9417 
0.9497 
0.9550 
0.9542 
0.9522 
0.9514 
0.9490 
0.9560 
0.9560 
0.9597 
0.9495 
0.9494 
0.9509 
0.9601 
0.9575 
0.9605 
0.9549 
0.9583 
0.9526 
0.9544 
0.9533 
0.9509 
0.9532 
0.9552 
0.9541 
0.9460 
0.9474 
0.9459 
0.9556 
0.9452 
0.9537 
0.9548 
0.9420 
0.9537 
0.9513 
0.9534 
0.9475 
0.9525 
0.9538 
0.9534 
0.9505 
0.9550 
0.9533 
0.9490 
0.9540 
0.9483 
0.9450 
0.9492 
0.9516 
0.9529 
0.9448 
0.9517 
0.9476 
0.9450 
0.9563 
0.9478 
0.9480 
0.9473 
0.9508 
0.9501 
0.9473 
0.9504 
0.9435 
0.9542 
0.9540 
0.9531 
0.9429 
0.9465 
0.9547 
0.9509 
0.9445 
0.9528 
0.9491 
0.9477 
0.9485 
0.9482 
0.9522 
0.9471 
0.9445 
0.9493 
0.9431 
0.9506 
0.9504 
0.9507 
0.9498 
0.9478 
0.9542 
0.9555 
0.9521 
0.9483 
0.9517 
0.9514 
0.9500 
0.9479 
0.9493 
0.9485 
0.9451 
0.9501 
0.9459 
0.9494 
0.9485 
0.9438 
0.9543 
0.9357 
0.9511 
0.9397 
0.9429 
0.9470 
0.9462 
0.9473 
0.9487 
0.9510 
0.9497 
0.9473 
0.9462 
0.9433 
0.9531 
0.9442 
0.9459 
0.9383 
0.9407 
0.9524 
0.9428 
0.9388 
0.9444 
0.9453 
0.9491 
0.9506 
0.9484 
0.9442 
0.9514 
0.9476 
0.9449 
0.9402 
0.9456 
0.9437 
0.9384 
0.9492 
0.9499 
0.9477 
0.9437 
0.9484 
0.9489 
0.9426 
0.9499 
0.9411 
0.9515 
0.9517 
0.9431 
0.9452 
0.9452 
0.9456 
0.9445 
0.9467 
0.9518 
0.9414 
0.9505 
0.9447 
