0.1887 
0.4661 
0.3136 
0.1772 
0.4278 
0.3391 
0.3657 
0.2179 
0.4309 
0.3021 
0.2953 
0.4408 
0.4808 
0.2520 
0.4249 
0.3499 
0.4275 
0.4490 
0.4626 
0.4517 
0.5587 
0.7218 
0.6577 
0.6326 
0.4729 
0.4140 
0.6679 
0.6699 
0.6426 
0.6698 
0.6084 
0.5423 
0.7667 
0.8462 
0.5284 
0.8851 
0.8289 
0.7109 
0.5406 
0.8174 
0.6754 
0.7438 
0.6551 
0.5656 
0.7246 
0.7418 
0.8154 
0.8692 
0.6677 
0.5797 
0.6557 
0.7683 
0.6556 
0.7084 
0.6067 
0.5826 
0.7292 
0.8153 
0.7871 
0.6415 
0.7628 
0.8392 
0.6098 
0.7085 
0.6261 
0.5156 
0.7486 
0.7826 
0.6044 
0.6874 
0.6898 
0.7093 
0.6260 
0.6309 
0.6534 
0.6318 
0.6518 
0.7012 
0.6664 
0.6865 
-1.5000 
0.7992 
0.6190 
0.5814 
0.8497 
0.6582 
0.6779 
0.5610 
0.5596 
0.7118 
0.6794 
0.6792 
0.7423 
0.7720 
0.7078 
0.6990 
0.6768 
0.6137 
0.6719 
0.7841 
0.7312 
0.7410 
0.6561 
0.6883 
0.6881 
0.6380 
0.6496 
0.7562 
0.6255 
0.5887 
0.6854 
0.6419 
0.5960 
0.6384 
0.6329 
0.6845 
0.6627 
0.6958 
0.6997 
0.7318 
0.7075 
0.7189 
0.5961 
0.7163 
0.6048 
0.6085 
0.6157 
0.6634 
0.5948 
0.4330 
0.7183 
0.6579 
0.6514 
0.5948 
0.7295 
0.6689 
0.7756 
0.5492 
0.5998 
0.6126 
0.6417 
0.8160 
0.6551 
0.6599 
0.6363 
0.7034 
0.7566 
0.6901 
0.7074 
0.5764 
0.7054 
0.5692 
0.6039 
0.6083 
0.5382 
0.6546 
0.5514 
0.5896 
0.5946 
0.6437 
0.5771 
0.5873 
0.5834 
0.5956 
0.6375 
0.5451 
0.5052 
0.6140 
0.6211 
0.6332 
0.5624 
0.5810 
0.6392 
0.4783 
0.6184 
0.5542 
0.6288 
0.6322 
0.5883 
0.4929 
0.6546 
0.5360 
0.5203 
0.5629 
0.6706 
0.4773 
0.5533 
0.5968 
0.5909 
0.5184 
0.6108 
0.6147 
0.6884 
0.5457 
0.4914 
0.5341 
0.5685 
0.5460 
0.5047 
0.5141 
0.6068 
0.5598 
0.5849 
0.5604 
0.6065 
0.4631 
0.6173 
0.5277 
0.6494 
0.5452 
0.5297 
0.5797 
0.4932 
0.5299 
0.5629 
0.5150 
0.5199 
0.4744 
0.6247 
0.4652 
0.5973 
0.5193 
0.4871 
0.4399 
0.5553 
0.5438 
0.5901 
0.5794 
0.6219 
0.5379 
0.5415 
0.6001 
0.5919 
0.6262 
0.5540 
0.5634 
0.4768 
0.4538 
0.6197 
0.6134 
0.5168 
0.5406 
0.5235 
0.5519 
0.4475 
0.5131 
0.6215 
0.5464 
0.5500 
0.4541 
0.4976 
0.6609 
0.5146 
0.5157 
0.5306 
0.5577 
0.5403 
0.5448 
0.6452 
0.5422 
0.5848 
0.5809 
0.5601 
0.5822 
0.5713 
0.5303 
0.6188 
0.5891 
0.5108 
0.4611 
0.4487 
0.5593 
0.5785 
0.6070 
0.5035 
0.5039 
0.6066 
0.5469 
0.5433 
0.5606 
0.5709 
0.5037 
0.5036 
0.5549 
0.5442 
0.5348 
0.6030 
0.5058 
0.5258 
0.5143 
0.4860 
0.5334 
0.5102 
0.5618 
0.5052 
0.5442 
0.5700 
0.5448 
0.5387 
0.5138 
0.5482 
0.5179 
0.5232 
0.5657 
0.5524 
0.5712 
0.5128 
0.4793 
0.5537 
0.5501 
0.4865 
0.5088 
0.5097 
0.5076 
0.5714 
0.5558 
0.5737 
0.5362 
0.5468 
0.4878 
