../../problems/clp/benchs/BRwp-0.8-0.5/BR7.txt -i 6 --min_fr=1.0 0.756600 0.614500
../../problems/clp/benchs/BRwp-0.8-0.5/BR7.txt -i 19 --min_fr=1.0 0.643700 0.501400
../../problems/clp/benchs/BRwp-0.8-0.5/BR8.txt -i 4 --min_fr=0.98 0.637500 0.505400
../../problems/clp/benchs/BRwp-0.8-0.5/BR8.txt -i 8 --min_fr=0.98 0.621100 0.370600
../../problems/clp/benchs/BRwp-0.8-0.5/BR8.txt -i 9 --min_fr=0.98 0.633200 0.508800
../../problems/clp/benchs/BRwp-0.8-0.5/BR8.txt -i 12 --min_fr=0.98 0.639200 0.438700
../../problems/clp/benchs/BRwp-0.8-0.5/BR9.txt -i 4 --min_fr=0.98 0.670600 0.508200
../../problems/clp/benchs/BRwp-0.8-0.5/BR9.txt -i 7 --min_fr=0.98 0.596800 0.468900
../../problems/clp/benchs/BRwp-0.8-0.5/BR9.txt -i 10 --min_fr=0.98 0.610800 0.501600
../../problems/clp/benchs/BRwp-0.8-0.5/BR9.txt -i 12 --min_fr=0.98 0.688400 0.447500
../../problems/clp/benchs/BRwp-0.8-0.5/BR9.txt -i 13 --min_fr=0.98 0.545700 0.427400
../../problems/clp/benchs/BRwp-0.8-0.5/BR9.txt -i 17 --min_fr=0.98 0.546000 0.439800
../../problems/clp/benchs/BRwp-0.8-0.5/BR10.txt -i 0 --min_fr=0.98 0.606800 0.490500
../../problems/clp/benchs/BRwp-0.8-0.5/BR10.txt -i 4 --min_fr=0.98 0.606500 0.465000
../../problems/clp/benchs/BRwp-0.8-0.5/BR10.txt -i 6 --min_fr=0.98 0.617300 0.456900
../../problems/clp/benchs/BRwp-0.8-0.5/BR10.txt -i 8 --min_fr=0.98 0.649400 0.460400
../../problems/clp/benchs/BRwp-0.8-0.5/BR11.txt -i 1 --min_fr=0.98 0.519300 0.414900
../../problems/clp/benchs/BRwp-0.8-0.5/BR11.txt -i 4 --min_fr=0.98 0.555300 0.419000
../../problems/clp/benchs/BRwp-0.8-0.5/BR11.txt -i 6 --min_fr=0.98 0.590100 0.453000
../../problems/clp/benchs/BRwp-0.8-0.5/BR11.txt -i 8 --min_fr=0.98 0.621900 0.496200
../../problems/clp/benchs/BRwp-0.8-0.5/BR11.txt -i 10 --min_fr=0.98 0.541500 0.437800
../../problems/clp/benchs/BRwp-0.8-0.5/BR11.txt -i 11 --min_fr=0.98 0.600100 0.456800
../../problems/clp/benchs/BRwp-0.8-0.5/BR11.txt -i 12 --min_fr=0.98 0.591900 0.428200
../../problems/clp/benchs/BRwp-0.8-0.5/BR11.txt -i 13 --min_fr=0.98 0.626200 0.461100
../../problems/clp/benchs/BRwp-0.8-0.5/BR11.txt -i 15 --min_fr=0.98 0.563400 0.466300
../../problems/clp/benchs/BRwp-0.8-0.5/BR11.txt -i 18 --min_fr=0.98 0.619700 0.486400
../../problems/clp/benchs/BRwp-0.8-0.5/BR11.txt -i 19 --min_fr=0.98 0.613400 0.507600
../../problems/clp/benchs/BRwp-0.8-0.5/BR12.txt -i 6 --min_fr=0.98 0.621500 0.478900
../../problems/clp/benchs/BRwp-0.8-0.5/BR12.txt -i 10 --min_fr=0.98 0.497600 0.409300
../../problems/clp/benchs/BRwp-0.8-0.5/BR12.txt -i 11 --min_fr=0.98 0.660900 0.538900
../../problems/clp/benchs/BRwp-0.8-0.5/BR12.txt -i 12 --min_fr=0.98 0.514600 0.424600
../../problems/clp/benchs/BRwp-0.8-0.5/BR12.txt -i 14 --min_fr=0.98 0.530600 0.433400
../../problems/clp/benchs/BRwp-0.8-0.5/BR12.txt -i 18 --min_fr=0.98 0.645200 0.519600
../../problems/clp/benchs/BRwp-0.8-0.5/BR13.txt -i 0 --min_fr=0.98 0.584800 0.440200
../../problems/clp/benchs/BRwp-0.8-0.5/BR13.txt -i 1 --min_fr=0.98 0.580900 0.465300
../../problems/clp/benchs/BRwp-0.8-0.5/BR13.txt -i 2 --min_fr=0.98 0.560100 0.403600
../../problems/clp/benchs/BRwp-0.8-0.5/BR13.txt -i 3 --min_fr=0.98 0.582200 0.440900
../../problems/clp/benchs/BRwp-0.8-0.5/BR13.txt -i 6 --min_fr=0.98 0.618800 0.512400
../../problems/clp/benchs/BRwp-0.8-0.5/BR13.txt -i 7 --min_fr=0.98 0.589100 0.455800
../../problems/clp/benchs/BRwp-0.8-0.5/BR13.txt -i 11 --min_fr=0.98 0.559300 0.460100
../../problems/clp/benchs/BRwp-0.8-0.5/BR13.txt -i 12 --min_fr=0.98 0.578500 0.395700
../../problems/clp/benchs/BRwp-0.8-0.5/BR13.txt -i 13 --min_fr=0.98 0.607000 0.434200
../../problems/clp/benchs/BRwp-0.8-0.5/BR13.txt -i 14 --min_fr=0.98 0.503500 0.409700
../../problems/clp/benchs/BRwp-0.8-0.5/BR13.txt -i 16 --min_fr=0.98 0.606600 0.462500
../../problems/clp/benchs/BRwp-0.8-0.5/BR13.txt -i 17 --min_fr=0.98 0.546900 0.444100
../../problems/clp/benchs/BRwp-0.8-0.5/BR14.txt -i 4 --min_fr=0.98 0.544200 0.451200
../../problems/clp/benchs/BRwp-0.8-0.5/BR14.txt -i 6 --min_fr=0.98 0.603000 0.426900
../../problems/clp/benchs/BRwp-0.8-0.5/BR14.txt -i 9 --min_fr=0.98 0.514300 0.417300
../../problems/clp/benchs/BRwp-0.8-0.5/BR14.txt -i 10 --min_fr=0.98 0.486000 0.379500
../../problems/clp/benchs/BRwp-0.8-0.5/BR14.txt -i 11 --min_fr=0.98 0.533400 0.418600
../../problems/clp/benchs/BRwp-0.8-0.5/BR14.txt -i 12 --min_fr=0.98 0.510200 0.406100
../../problems/clp/benchs/BRwp-0.8-0.5/BR14.txt -i 13 --min_fr=0.98 0.561800 0.436100
../../problems/clp/benchs/BRwp-0.8-0.5/BR14.txt -i 14 --min_fr=0.98 0.505200 0.419000
../../problems/clp/benchs/BRwp-0.8-0.5/BR14.txt -i 15 --min_fr=0.98 0.544200 0.444100
../../problems/clp/benchs/BRwp-0.8-0.5/BR14.txt -i 17 --min_fr=0.98 0.544800 0.426100
../../problems/clp/benchs/BRwp-0.8-0.5/BR14.txt -i 18 --min_fr=0.98 0.538700 0.398600
../../problems/clp/benchs/BRwp-0.8-0.5/BR14.txt -i 19 --min_fr=0.98 0.513800 0.416200
../../problems/clp/benchs/BRwp-0.8-0.5/BR15.txt -i 0 --min_fr=0.98 0.548200 0.402900
../../problems/clp/benchs/BRwp-0.8-0.5/BR15.txt -i 3 --min_fr=0.98 0.565700 0.466200
../../problems/clp/benchs/BRwp-0.8-0.5/BR15.txt -i 4 --min_fr=0.98 0.552400 0.405400
../../problems/clp/benchs/BRwp-0.8-0.5/BR15.txt -i 5 --min_fr=0.98 0.571200 0.443200
../../problems/clp/benchs/BRwp-0.8-0.5/BR15.txt -i 6 --min_fr=0.98 0.512800 0.404800
../../problems/clp/benchs/BRwp-0.8-0.5/BR15.txt -i 9 --min_fr=0.98 0.550100 0.444900
../../problems/clp/benchs/BRwp-0.8-0.5/BR15.txt -i 12 --min_fr=0.98 0.509700 0.408200
../../problems/clp/benchs/BRwp-0.8-0.5/BR15.txt -i 13 --min_fr=0.98 0.507600 0.401900
../../problems/clp/benchs/BRwp-0.8-0.5/BR15.txt -i 14 --min_fr=0.98 0.571400 0.400100
../../problems/clp/benchs/BRwp-0.8-0.5/BR15.txt -i 15 --min_fr=0.98 0.555800 0.440100
../../problems/clp/benchs/BRwp-0.8-0.5/BR15.txt -i 16 --min_fr=0.98 0.573700 0.437800
../../problems/clp/benchs/BRwp-0.8-0.5/BR15.txt -i 17 --min_fr=0.98 0.536200 0.408400
