0.1887 +- -1.00 (1)
0.4661 +- -1.00 (1)
0.3136 +- -1.00 (1)
0.1772 +- -1.00 (1)
0.4278 +- -1.00 (1)
0.3391 +- -1.00 (1)
0.3657 +- -1.00 (1)
0.2179 +- -1.00 (1)
0.4309 +- -1.00 (1)
0.3021 +- -1.00 (1)
0.2953 +- -1.00 (1)
0.4408 +- -1.00 (1)
0.4808 +- -1.00 (1)
0.2520 +- -1.00 (1)
0.4249 +- -1.00 (1)
0.3499 +- -1.00 (1)
0.4275 +- -1.00 (1)
0.4490 +- -1.00 (1)
0.4626 +- -1.00 (1)
0.4517 +- -1.00 (1)
0.5594 +- -1.00 (1)
0.7237 +- -1.00 (1)
0.6652 +- -1.00 (1)
0.6330 +- -1.00 (1)
0.4750 +- -1.00 (1)
0.4140 +- -1.00 (1)
0.6694 +- -1.00 (1)
0.6798 +- -1.00 (1)
0.6409 +- -1.00 (1)
0.6751 +- -1.00 (1)
0.6092 +- -1.00 (1)
0.5423 +- -1.00 (1)
0.7711 +- -1.00 (1)
0.8462 +- -1.00 (1)
0.5285 +- -1.00 (1)
0.8848 +- -1.00 (1)
0.8288 +- -1.00 (1)
0.7109 +- -1.00 (1)
0.5406 +- -1.00 (1)
0.8169 +- -1.00 (1)
0.6948 +- -1.00 (1)
0.7604 +- -1.00 (1)
0.6857 +- -1.00 (1)
0.5667 +- -1.00 (1)
0.7279 +- -1.00 (1)
0.7457 +- -1.00 (1)
0.8220 +- -1.00 (1)
0.8698 +- -1.00 (1)
0.6758 +- -1.00 (1)
0.5822 +- -1.00 (1)
0.7216 +- -1.00 (1)
0.7631 +- -1.00 (1)
0.6562 +- -1.00 (1)
0.7006 +- -1.00 (1)
0.6357 +- -1.00 (1)
0.6446 +- -1.00 (1)
0.7292 +- -1.00 (1)
0.8096 +- -1.00 (1)
0.7954 +- -1.00 (1)
0.6423 +- -1.00 (1)
0.7604 +- -1.00 (1)
0.8438 +- -1.00 (1)
0.6618 +- -1.00 (1)
0.7503 +- -1.00 (1)
0.6293 +- -1.00 (1)
0.5893 +- -1.00 (1)
0.7916 +- -1.00 (1)
0.7768 +- -1.00 (1)
0.6100 +- -1.00 (1)
0.6875 +- -1.00 (1)
0.6914 +- -1.00 (1)
0.7045 +- -1.00 (1)
0.6104 +- -1.00 (1)
0.6399 +- -1.00 (1)
0.7279 +- -1.00 (1)
0.6264 +- -1.00 (1)
0.6601 +- -1.00 (1)
0.7039 +- -1.00 (1)
0.6676 +- -1.00 (1)
0.6984 +- -1.00 (1)
nan +- -1.00 (0)
0.7696 +- -1.00 (1)
0.6711 +- -1.00 (1)
0.6677 +- -1.00 (1)
0.8661 +- -1.00 (1)
0.6534 +- -1.00 (1)
0.7136 +- -1.00 (1)
0.5796 +- -1.00 (1)
0.5995 +- -1.00 (1)
0.7164 +- -1.00 (1)
0.6448 +- -1.00 (1)
0.6668 +- -1.00 (1)
0.7615 +- -1.00 (1)
0.7751 +- -1.00 (1)
0.6884 +- -1.00 (1)
0.6989 +- -1.00 (1)
0.6834 +- -1.00 (1)
0.6216 +- -1.00 (1)
0.6802 +- -1.00 (1)
0.7854 +- -1.00 (1)
0.7274 +- -1.00 (1)
0.7772 +- -1.00 (1)
0.6569 +- -1.00 (1)
0.6916 +- -1.00 (1)
0.6760 +- -1.00 (1)
0.6415 +- -1.00 (1)
0.6864 +- -1.00 (1)
0.7708 +- -1.00 (1)
0.6331 +- -1.00 (1)
0.6728 +- -1.00 (1)
0.7294 +- -1.00 (1)
0.6565 +- -1.00 (1)
0.6114 +- -1.00 (1)
0.6598 +- -1.00 (1)
0.6062 +- -1.00 (1)
0.7013 +- -1.00 (1)
0.6867 +- -1.00 (1)
0.7073 +- -1.00 (1)
0.6431 +- -1.00 (1)
0.7425 +- -1.00 (1)
0.7123 +- -1.00 (1)
0.7141 +- -1.00 (1)
0.5986 +- -1.00 (1)
0.7821 +- -1.00 (1)
0.6101 +- -1.00 (1)
0.6290 +- -1.00 (1)
0.6181 +- -1.00 (1)
0.7270 +- -1.00 (1)
0.5711 +- -1.00 (1)
0.4883 +- -1.00 (1)
0.7362 +- -1.00 (1)
0.6915 +- -1.00 (1)
0.6336 +- -1.00 (1)
0.6444 +- -1.00 (1)
0.6999 +- -1.00 (1)
0.6711 +- -1.00 (1)
0.7888 +- -1.00 (1)
0.5821 +- -1.00 (1)
0.5583 +- -1.00 (1)
0.6182 +- -1.00 (1)
0.6519 +- -1.00 (1)
0.8126 +- -1.00 (1)
0.6481 +- -1.00 (1)
0.6820 +- -1.00 (1)
0.6619 +- -1.00 (1)
0.6859 +- -1.00 (1)
0.7427 +- -1.00 (1)
0.6969 +- -1.00 (1)
0.6979 +- -1.00 (1)
0.5778 +- -1.00 (1)
0.6955 +- -1.00 (1)
0.5921 +- -1.00 (1)
0.6257 +- -1.00 (1)
0.6116 +- -1.00 (1)
0.5847 +- -1.00 (1)
0.6446 +- -1.00 (1)
0.5529 +- -1.00 (1)
0.6091 +- -1.00 (1)
0.6376 +- -1.00 (1)
0.6307 +- -1.00 (1)
0.5298 +- -1.00 (1)
0.5125 +- -1.00 (1)
0.5701 +- -1.00 (1)
0.5561 +- -1.00 (1)
0.5590 +- -1.00 (1)
0.5374 +- -1.00 (1)
0.5235 +- -1.00 (1)
0.6005 +- -1.00 (1)
0.6029 +- -1.00 (1)
0.5919 +- -1.00 (1)
0.5697 +- -1.00 (1)
0.5883 +- -1.00 (1)
0.6170 +- -1.00 (1)
0.4776 +- -1.00 (1)
0.6123 +- -1.00 (1)
0.5430 +- -1.00 (1)
0.6115 +- -1.00 (1)
0.6203 +- -1.00 (1)
0.5462 +- -1.00 (1)
0.5256 +- -1.00 (1)
0.6193 +- -1.00 (1)
0.4808 +- -1.00 (1)
0.5220 +- -1.00 (1)
0.5566 +- -1.00 (1)
0.6748 +- -1.00 (1)
0.4683 +- -1.00 (1)
0.5497 +- -1.00 (1)
0.5434 +- -1.00 (1)
0.5671 +- -1.00 (1)
0.4952 +- -1.00 (1)
0.5898 +- -1.00 (1)
0.6110 +- -1.00 (1)
0.6877 +- -1.00 (1)
0.5174 +- -1.00 (1)
0.4664 +- -1.00 (1)
0.5055 +- -1.00 (1)
0.5792 +- -1.00 (1)
0.5139 +- -1.00 (1)
0.4892 +- -1.00 (1)
0.5221 +- -1.00 (1)
0.5626 +- -1.00 (1)
0.5272 +- -1.00 (1)
0.6025 +- -1.00 (1)
0.5787 +- -1.00 (1)
0.5816 +- -1.00 (1)
0.4277 +- -1.00 (1)
0.5939 +- -1.00 (1)
0.4942 +- -1.00 (1)
0.6078 +- -1.00 (1)
0.5473 +- -1.00 (1)
0.5125 +- -1.00 (1)
0.5933 +- -1.00 (1)
0.4798 +- -1.00 (1)
0.5255 +- -1.00 (1)
0.5531 +- -1.00 (1)
0.4576 +- -1.00 (1)
0.5204 +- -1.00 (1)
0.4577 +- -1.00 (1)
0.6020 +- -1.00 (1)
0.4477 +- -1.00 (1)
0.5808 +- -1.00 (1)
0.5126 +- -1.00 (1)
0.4901 +- -1.00 (1)
0.4540 +- -1.00 (1)
0.5284 +- -1.00 (1)
0.5356 +- -1.00 (1)
0.5643 +- -1.00 (1)
0.5472 +- -1.00 (1)
0.6070 +- -1.00 (1)
0.5334 +- -1.00 (1)
0.4962 +- -1.00 (1)
0.5846 +- -1.00 (1)
0.5163 +- -1.00 (1)
0.5959 +- -1.00 (1)
0.5503 +- -1.00 (1)
0.5520 +- -1.00 (1)
0.4863 +- -1.00 (1)
0.4831 +- -1.00 (1)
0.5477 +- -1.00 (1)
0.6007 +- -1.00 (1)
0.5158 +- -1.00 (1)
0.5318 +- -1.00 (1)
0.5077 +- -1.00 (1)
0.5145 +- -1.00 (1)
0.4315 +- -1.00 (1)
0.5003 +- -1.00 (1)
0.5844 +- -1.00 (1)
0.5324 +- -1.00 (1)
0.5160 +- -1.00 (1)
0.4477 +- -1.00 (1)
0.4947 +- -1.00 (1)
0.6051 +- -1.00 (1)
0.4902 +- -1.00 (1)
0.4998 +- -1.00 (1)
0.5176 +- -1.00 (1)
0.5402 +- -1.00 (1)
0.4729 +- -1.00 (1)
0.5177 +- -1.00 (1)
0.6205 +- -1.00 (1)
0.5271 +- -1.00 (1)
0.5499 +- -1.00 (1)
0.5878 +- -1.00 (1)
0.5293 +- -1.00 (1)
0.5604 +- -1.00 (1)
0.5368 +- -1.00 (1)
0.5176 +- -1.00 (1)
0.5885 +- -1.00 (1)
0.5752 +- -1.00 (1)
0.5073 +- -1.00 (1)
0.4586 +- -1.00 (1)
0.5085 +- -1.00 (1)
0.5338 +- -1.00 (1)
0.5143 +- -1.00 (1)
0.5784 +- -1.00 (1)
0.4914 +- -1.00 (1)
0.4822 +- -1.00 (1)
0.5710 +- -1.00 (1)
0.5147 +- -1.00 (1)
0.5147 +- -1.00 (1)
0.5658 +- -1.00 (1)
0.5357 +- -1.00 (1)
0.4970 +- -1.00 (1)
0.4866 +- -1.00 (1)
0.5290 +- -1.00 (1)
0.5537 +- -1.00 (1)
0.5242 +- -1.00 (1)
0.5701 +- -1.00 (1)
0.4829 +- -1.00 (1)
0.4945 +- -1.00 (1)
0.5063 +- -1.00 (1)
0.4476 +- -1.00 (1)
0.5186 +- -1.00 (1)
0.5018 +- -1.00 (1)
0.5335 +- -1.00 (1)
0.4995 +- -1.00 (1)
0.4958 +- -1.00 (1)
0.5413 +- -1.00 (1)
0.4999 +- -1.00 (1)
0.5147 +- -1.00 (1)
0.4797 +- -1.00 (1)
0.4788 +- -1.00 (1)
0.5049 +- -1.00 (1)
0.4954 +- -1.00 (1)
0.5213 +- -1.00 (1)
0.5344 +- -1.00 (1)
0.5441 +- -1.00 (1)
0.4929 +- -1.00 (1)
0.4856 +- -1.00 (1)
0.5337 +- -1.00 (1)
0.5181 +- -1.00 (1)
0.4704 +- -1.00 (1)
0.5039 +- -1.00 (1)
0.4959 +- -1.00 (1)
0.4664 +- -1.00 (1)
0.5344 +- -1.00 (1)
0.5412 +- -1.00 (1)
0.5312 +- -1.00 (1)
0.5034 +- -1.00 (1)
0.5185 +- -1.00 (1)
0.4275 +- -1.00 (1)
