0.1887 
0.4661 
0.3136 
0.1772 
0.4278 
0.3391 
0.3657 
0.2179 
0.4309 
0.3021 
0.2953 
0.4408 
0.4808 
0.2520 
0.4249 
0.3499 
0.4275 
0.4490 
0.4626 
0.4517 
0.5564 
0.7261 
0.6655 
0.6311 
0.4730 
0.4140 
0.6705 
0.7008 
0.6522 
0.6736 
0.6025 
0.5423 
0.7695 
0.8462 
0.5328 
0.8848 
0.8256 
0.7109 
0.5406 
0.8199 
0.6953 
0.7706 
0.6862 
0.5736 
0.7220 
0.7507 
0.8277 
0.8705 
0.6676 
0.5829 
0.7437 
0.7737 
0.6795 
0.7182 
0.6704 
0.9312 
0.7309 
0.8127 
0.7941 
0.6454 
0.7836 
0.8704 
0.6270 
0.7396 
0.6451 
0.6156 
0.7965 
0.7691 
0.5926 
0.6885 
0.6925 
0.6773 
0.8124 
0.6353 
0.7522 
0.7370 
0.6815 
0.6848 
0.7064 
0.6797 
-1.0000 
0.7737 
0.6489 
0.7423 
0.8031 
0.6179 
0.6957 
0.6343 
0.5961 
0.7202 
0.6562 
0.6606 
0.7906 
0.7388 
0.6884 
0.6324 
0.6856 
0.6209 
0.6936 
0.7445 
0.6963 
0.7090 
0.7067 
0.7008 
0.7310 
0.6526 
0.6991 
0.7575 
0.7100 
0.6804 
0.6608 
0.6520 
0.6160 
0.6961 
0.6249 
0.7228 
0.7899 
0.7210 
0.6420 
0.7666 
0.6751 
0.6466 
0.6729 
0.7387 
0.5961 
0.6564 
0.6236 
0.7555 
0.5339 
0.6343 
0.7082 
0.6599 
0.6513 
0.6784 
0.6869 
0.6094 
0.7794 
0.7282 
0.5760 
0.6619 
0.6214 
0.7128 
0.6100 
0.7100 
0.6005 
0.6341 
0.6145 
0.6381 
0.5930 
0.5919 
0.6947 
0.5798 
0.5904 
0.6064 
0.6371 
0.6922 
0.6403 
0.6787 
0.6314 
0.5014 
0.5162 
0.5399 
0.4980 
0.5186 
0.5054 
0.5383 
0.5370 
0.5521 
0.3706 
0.5088 
0.5019 
0.5337 
0.4387 
0.5264 
0.6095 
0.4780 
0.5562 
0.5333 
0.5540 
0.4376 
0.5666 
0.4799 
0.5040 
0.5193 
0.5082 
0.4936 
0.4675 
0.4689 
0.5243 
0.5389 
0.5016 
0.5213 
0.4475 
0.4274 
0.4488 
0.4985 
0.5673 
0.4398 
0.5047 
0.4470 
0.4905 
0.4942 
0.4934 
0.5114 
0.4650 
0.4325 
0.4569 
0.4513 
0.4604 
0.5221 
0.4436 
0.5193 
0.4398 
0.4905 
0.5223 
0.4646 
0.5027 
0.4537 
0.5285 
0.4611 
0.5020 
0.4149 
0.4968 
0.4322 
0.4190 
0.4860 
0.4530 
0.5085 
0.4962 
0.4547 
0.4378 
0.4568 
0.4282 
0.4611 
0.4680 
0.4663 
0.4653 
0.4480 
0.4864 
0.5076 
0.4550 
0.4649 
0.4801 
0.4764 
0.3880 
0.4440 
0.4789 
0.4832 
0.4816 
0.4077 
0.4093 
0.5389 
0.4246 
0.4608 
0.4334 
0.5016 
0.4913 
0.4762 
0.5196 
0.4652 
0.4402 
0.4653 
0.4036 
0.4409 
0.4772 
0.4721 
0.5124 
0.4558 
0.4409 
0.4366 
0.4303 
0.4601 
0.3957 
0.4342 
0.4097 
0.4580 
0.4625 
0.4441 
0.4590 
0.4672 
0.5170 
0.4415 
0.4752 
0.4954 
0.4512 
0.4537 
0.4269 
0.4296 
0.4851 
0.4173 
0.3795 
0.4186 
0.4061 
0.4361 
0.4190 
0.4441 
0.4805 
0.4261 
0.3986 
0.4162 
0.4029 
0.4421 
0.4385 
0.4662 
0.4054 
0.4432 
0.4048 
0.4480 
0.4868 
0.4449 
0.4282 
0.4393 
0.4082 
0.4019 
0.4001 
0.4401 
0.4378 
0.4084 
0.4605 
0.4235 
