../../problems/clp/benchs/BRwp-0.8-0.5/BR7.txt -i 6 --min_fr=1.0 0.742700 0.614500
../../problems/clp/benchs/BRwp-0.8-0.5/BR7.txt -i 19 --min_fr=1.0 0.630700 0.501400
../../problems/clp/benchs/BRwp-0.8-0.5/BR8.txt -i 8 --min_fr=0.98 0.602900 0.370600
../../problems/clp/benchs/BRwp-0.8-0.5/BR8.txt -i 12 --min_fr=0.98 0.617000 0.438700
../../problems/clp/benchs/BRwp-0.8-0.5/BR8.txt -i 19 --min_fr=0.98 0.525600 0.437600
../../problems/clp/benchs/BRwp-0.8-0.5/BR9.txt -i 4 --min_fr=0.98 0.674800 0.508200
../../problems/clp/benchs/BRwp-0.8-0.5/BR9.txt -i 12 --min_fr=0.98 0.687700 0.447500
../../problems/clp/benchs/BRwp-0.8-0.5/BR9.txt -i 13 --min_fr=0.98 0.517400 0.427400
../../problems/clp/benchs/BRwp-0.8-0.5/BR10.txt -i 2 --min_fr=0.98 0.602500 0.493400
../../problems/clp/benchs/BRwp-0.8-0.5/BR10.txt -i 4 --min_fr=0.98 0.581600 0.465000
../../problems/clp/benchs/BRwp-0.8-0.5/BR10.txt -i 6 --min_fr=0.98 0.593900 0.456900
../../problems/clp/benchs/BRwp-0.8-0.5/BR10.txt -i 8 --min_fr=0.98 0.607800 0.460400
../../problems/clp/benchs/BRwp-0.8-0.5/BR11.txt -i 1 --min_fr=0.98 0.512600 0.414900
../../problems/clp/benchs/BRwp-0.8-0.5/BR11.txt -i 4 --min_fr=0.98 0.528400 0.419000
../../problems/clp/benchs/BRwp-0.8-0.5/BR11.txt -i 6 --min_fr=0.98 0.564300 0.453000
../../problems/clp/benchs/BRwp-0.8-0.5/BR11.txt -i 8 --min_fr=0.98 0.607000 0.496200
../../problems/clp/benchs/BRwp-0.8-0.5/BR11.txt -i 11 --min_fr=0.98 0.584600 0.456800
../../problems/clp/benchs/BRwp-0.8-0.5/BR11.txt -i 12 --min_fr=0.98 0.516300 0.428200
../../problems/clp/benchs/BRwp-0.8-0.5/BR11.txt -i 13 --min_fr=0.98 0.595900 0.461100
../../problems/clp/benchs/BRwp-0.8-0.5/BR12.txt -i 6 --min_fr=0.98 0.584400 0.478900
../../problems/clp/benchs/BRwp-0.8-0.5/BR12.txt -i 10 --min_fr=0.98 0.494700 0.409300
../../problems/clp/benchs/BRwp-0.8-0.5/BR13.txt -i 0 --min_fr=0.98 0.549900 0.440200
../../problems/clp/benchs/BRwp-0.8-0.5/BR13.txt -i 1 --min_fr=0.98 0.587800 0.465300
../../problems/clp/benchs/BRwp-0.8-0.5/BR13.txt -i 2 --min_fr=0.98 0.529300 0.403600
../../problems/clp/benchs/BRwp-0.8-0.5/BR13.txt -i 3 --min_fr=0.98 0.560400 0.440900
../../problems/clp/benchs/BRwp-0.8-0.5/BR13.txt -i 7 --min_fr=0.98 0.575200 0.455800
../../problems/clp/benchs/BRwp-0.8-0.5/BR13.txt -i 12 --min_fr=0.98 0.514300 0.395700
../../problems/clp/benchs/BRwp-0.8-0.5/BR13.txt -i 13 --min_fr=0.98 0.578400 0.434200
../../problems/clp/benchs/BRwp-0.8-0.5/BR13.txt -i 16 --min_fr=0.98 0.571000 0.462500
../../problems/clp/benchs/BRwp-0.8-0.5/BR13.txt -i 19 --min_fr=0.98 0.565800 0.467200
../../problems/clp/benchs/BRwp-0.8-0.5/BR14.txt -i 4 --min_fr=0.98 0.553700 0.451200
../../problems/clp/benchs/BRwp-0.8-0.5/BR14.txt -i 6 --min_fr=0.98 0.570100 0.426900
../../problems/clp/benchs/BRwp-0.8-0.5/BR14.txt -i 9 --min_fr=0.98 0.506300 0.417300
../../problems/clp/benchs/BRwp-0.8-0.5/BR14.txt -i 11 --min_fr=0.98 0.518600 0.418600
../../problems/clp/benchs/BRwp-0.8-0.5/BR14.txt -i 12 --min_fr=0.98 0.501800 0.406100
../../problems/clp/benchs/BRwp-0.8-0.5/BR14.txt -i 13 --min_fr=0.98 0.533500 0.436100
../../problems/clp/benchs/BRwp-0.8-0.5/BR14.txt -i 18 --min_fr=0.98 0.514700 0.398600
../../problems/clp/benchs/BRwp-0.8-0.5/BR15.txt -i 4 --min_fr=0.98 0.534400 0.405400
../../problems/clp/benchs/BRwp-0.8-0.5/BR15.txt -i 5 --min_fr=0.98 0.544100 0.443200
../../problems/clp/benchs/BRwp-0.8-0.5/BR15.txt -i 6 --min_fr=0.98 0.492900 0.404800
../../problems/clp/benchs/BRwp-0.8-0.5/BR15.txt -i 12 --min_fr=0.98 0.495900 0.408200
../../problems/clp/benchs/BRwp-0.8-0.5/BR15.txt -i 14 --min_fr=0.98 0.534400 0.400100
../../problems/clp/benchs/BRwp-0.8-0.5/BR15.txt -i 15 --min_fr=0.98 0.541200 0.440100
../../problems/clp/benchs/BRwp-0.8-0.5/BR15.txt -i 16 --min_fr=0.98 0.531200 0.437800
../../problems/clp/benchs/BRwp-0.8-0.5/BR15.txt -i 17 --min_fr=0.98 0.503400 0.408400
