0.6355 
0.7646 
0.5470 
0.7457 
0.5554 
0.6536 
0.7286 
0.6334 
0.5308 
0.6960 
0.6240 
0.6245 
0.7403 
0.7623 
0.6420 
0.6482 
0.6816 
0.6366 
0.7218 
0.5861 
0.7193 
0.7037 
0.6330 
0.7425 
0.6890 
0.6278 
0.7696 
0.8132 
0.5994 
0.7831 
0.6132 
0.5727 
0.6826 
0.6625 
0.6160 
0.6132 
0.7770 
0.6390 
0.7238 
0.6944 
0.6903 
0.7076 
0.6317 
0.7103 
0.6683 
0.6052 
0.7021 
0.7137 
0.6240 
0.6496 
0.6266 
0.6252 
0.7018 
0.6968 
0.6278 
0.6862 
0.7204 
0.6865 
0.7363 
0.7131 
0.7156 
0.7125 
0.6507 
0.6606 
0.7148 
0.6155 
0.6739 
0.6778 
0.6655 
0.7544 
0.6392 
0.6635 
0.7078 
0.6875 
0.6483 
0.6753 
0.7302 
0.6614 
0.7182 
0.7082 
0.7096 
0.7420 
0.6095 
0.7119 
0.7268 
0.6147 
0.6281 
0.6708 
0.6549 
0.7086 
0.6777 
0.6420 
0.7092 
0.7285 
0.6777 
0.6717 
0.7263 
0.6993 
0.7067 
0.7057 
0.7027 
0.7392 
0.6275 
0.6997 
0.6890 
0.6264 
0.6801 
0.7123 
0.6879 
0.6915 
0.6838 
0.6606 
0.7020 
0.7356 
0.6619 
0.6970 
0.7019 
0.7071 
0.7264 
0.7027 
0.6775 
0.6863 
0.6261 
0.7130 
0.6924 
0.6401 
0.6642 
0.6819 
0.6758 
0.6823 
0.6827 
0.6908 
0.6716 
0.6861 
0.6279 
0.6569 
0.6724 
0.7375 
0.6972 
0.6661 
0.7111 
0.6255 
0.6054 
0.6435 
0.6759 
0.5799 
0.6189 
0.6340 
0.5658 
0.6700 
0.6809 
0.6315 
0.6536 
0.6161 
0.6034 
0.6728 
0.6813 
0.6828 
0.7140 
0.5591 
0.6671 
0.6246 
0.5958 
0.6348 
0.6514 
0.6021 
0.6620 
0.6144 
0.6125 
0.6558 
0.6733 
0.6509 
0.6190 
0.6749 
0.6310 
0.5662 
0.6227 
0.6459 
0.6903 
0.6300 
0.6594 
0.6521 
0.5931 
0.6534 
0.6581 
0.5646 
0.6183 
0.5872 
0.6272 
0.6611 
0.6487 
0.6324 
0.6305 
0.6339 
0.6155 
0.6441 
0.6301 
0.6721 
0.6586 
0.5878 
0.6619 
0.6022 
0.6068 
0.6526 
0.6484 
0.6267 
0.6239 
0.6136 
0.6336 
0.6799 
0.6553 
0.5882 
0.6250 
0.5797 
0.6330 
0.6088 
0.6375 
0.6490 
0.6639 
0.6015 
0.6698 
0.6266 
0.6347 
0.6522 
0.6246 
0.6065 
0.6435 
0.6050 
0.6162 
0.6311 
0.6672 
0.6661 
0.6500 
0.6160 
0.6260 
0.6330 
0.6460 
0.6292 
0.6383 
0.6084 
0.6411 
0.6376 
0.5931 
0.6421 
0.6123 
0.5941 
0.6517 
0.6148 
0.6147 
0.6128 
0.6566 
0.6260 
0.6585 
0.6082 
0.6423 
0.6244 
0.6474 
0.6187 
0.6604 
0.6003 
0.6607 
0.6064 
0.6126 
0.6109 
0.6194 
0.5914 
0.6231 
0.5719 
0.6203 
0.6470 
0.6480 
0.6289 
0.6642 
0.6170 
0.6478 
0.6236 
0.6139 
0.6472 
0.6143 
0.5984 
0.6703 
0.6071 
0.5776 
0.6398 
0.6179 
0.6267 
0.6216 
0.5633 
0.6363 
0.6453 
0.6268 
0.6154 
0.6228 
0.6114 
0.6362 
0.6047 
0.6398 
0.6617 
0.6065 
0.5901 
0.6368 
0.7643 
0.3411 
0.7467 
0.5616 
0.6533 
0.6812 
0.6336 
0.5295 
0.6171 
0.6235 
0.6294 
0.7407 
0.7625 
0.3963 
0.6325 
0.5156 
0.6366 
0.5554 
0.5861 
0.5594 
0.6956 
0.6290 
0.7412 
0.6841 
0.6262 
0.7657 
0.7189 
0.5874 
0.6028 
0.6132 
0.5392 
0.6862 
0.6653 
0.4446 
0.6150 
0.6014 
0.6388 
0.7239 
0.6859 
0.6874 
0.7033 
0.6195 
0.7144 
0.6685 
0.5946 
0.6536 
0.7089 
0.5907 
0.6536 
0.6222 
0.6273 
0.6781 
0.6969 
0.6128 
0.6439 
0.6429 
0.6910 
0.7400 
0.7150 
0.7115 
0.7185 
0.6375 
0.6392 
0.7015 
0.6116 
0.6177 
0.6659 
0.6330 
0.7572 
0.6342 
0.6669 
0.7071 
0.6869 
0.6482 
0.6735 
0.6973 
0.5955 
0.7266 
0.7073 
0.7115 
0.7147 
0.6102 
0.7092 
0.7156 
0.6094 
0.6273 
0.6470 
0.6542 
0.7117 
0.6644 
0.6167 
0.6972 
0.7036 
0.6389 
0.6650 
0.7254 
0.6822 
0.6878 
0.7018 
0.7067 
0.7254 
0.5873 
0.7017 
0.6760 
0.6261 
0.6764 
0.6783 
0.6564 
0.6837 
0.6845 
0.6659 
0.6756 
0.7227 
0.6529 
0.6914 
0.6999 
0.6967 
0.7297 
0.6959 
0.6865 
0.6865 
0.6279 
0.7157 
0.6953 
0.6313 
0.6634 
0.6775 
0.6783 
0.6738 
0.6882 
0.6435 
0.6188 
0.6306 
0.6293 
0.6673 
0.6674 
0.7349 
0.6963 
0.6463 
0.6967 
0.6118 
0.5993 
0.6487 
0.6704 
0.6247 
0.6112 
0.6253 
0.5760 
0.6582 
0.6845 
0.6546 
0.6452 
0.6098 
0.6342 
0.6689 
0.6731 
0.6997 
0.7131 
0.5832 
0.6948 
0.6307 
0.6046 
0.6237 
0.6647 
0.5961 
0.6516 
0.6043 
0.6281 
0.6278 
0.6818 
0.6268 
0.6155 
0.6752 
0.6420 
0.6254 
0.6334 
0.6402 
0.6907 
0.6017 
0.6642 
0.6600 
0.5782 
0.6390 
0.6637 
0.5963 
0.6331 
0.5719 
0.6324 
0.6648 
0.6565 
0.6527 
0.6001 
0.6376 
0.6175 
0.6366 
0.6043 
0.6756 
0.6439 
0.6362 
0.6340 
0.5878 
0.5963 
0.6802 
0.6456 
0.6009 
0.6218 
0.6079 
0.6366 
0.6505 
0.6682 
0.5844 
0.6372 
0.5791 
0.6325 
0.6283 
0.6449 
0.6461 
0.6347 
0.5818 
0.6786 
0.6172 
0.6283 
0.6500 
0.6134 
0.5933 
0.6418 
0.6277 
0.6365 
0.6347 
0.6619 
0.6359 
0.6544 
0.5953 
0.6265 
0.6168 
0.6475 
0.6411 
0.6452 
0.6101 
0.6342 
0.6256 
0.6004 
0.6272 
0.6063 
0.5951 
0.6304 
0.6059 
0.5977 
0.6544 
0.6649 
0.6445 
0.6647 
0.6355 
0.6601 
0.6150 
0.6727 
0.6429 
0.6508 
0.5913 
0.6609 
0.6145 
0.6131 
0.6340 
0.5791 
0.5764 
0.6283 
0.6016 
0.6091 
0.6357 
0.6540 
0.6320 
0.6446 
0.6342 
0.6334 
0.6124 
0.6321 
0.6547 
0.6151 
0.6133 
0.6253 
0.6008 
0.6278 
0.6373 
0.6304 
0.5851 
0.6400 
0.5913 
0.6217 
0.6266 
0.5951 
0.5993 
0.6489 
0.6215 
0.6422 
0.6131 
0.6267 
0.6695 
0.6039 
0.5860 
0.2594 
0.7663 
0.4642 
0.7467 
0.3905 
0.6504 
0.3890 
0.6173 
0.3095 
0.6963 
0.3931 
0.3671 
0.7204 
0.5716 
0.3980 
0.5901 
0.3995 
0.6366 
0.4391 
0.4811 
0.6560 
0.3348 
0.6342 
0.3646 
0.6839 
0.2470 
0.7453 
0.4809 
0.6012 
0.7348 
0.5347 
0.3531 
0.5090 
0.6636 
0.5965 
0.5332 
0.5927 
0.5987 
0.4738 
0.5865 
0.5560 
0.6242 
0.5205 
0.4293 
0.3394 
0.3160 
0.5933 
0.6762 
0.4007 
0.6455 
0.5104 
0.6252 
0.5247 
0.6757 
0.3175 
0.6640 
0.6643 
0.6350 
0.7231 
0.4033 
0.5823 
0.6834 
0.5675 
0.3557 
0.6620 
0.5966 
0.6169 
0.6318 
0.5505 
0.6839 
0.6091 
0.4903 
0.6726 
0.4148 
0.4238 
0.6331 
0.4831 
0.4850 
0.5331 
0.4758 
0.4831 
0.7130 
0.6053 
0.4180 
0.6001 
0.5660 
0.3927 
0.6214 
0.6542 
0.6272 
0.6173 
0.5151 
0.5113 
0.6333 
0.6220 
0.6355 
0.5369 
0.4207 
0.6637 
0.5822 
0.6807 
0.6643 
0.6249 
0.4473 
0.4780 
0.4994 
0.5833 
0.6840 
0.4206 
0.5277 
0.5615 
0.5152 
0.6674 
0.5628 
0.5845 
0.5224 
0.6016 
0.5091 
0.6640 
0.6906 
0.6910 
0.5829 
0.6351 
0.6539 
0.5670 
0.5162 
0.5900 
0.6549 
0.5861 
0.6740 
0.5245 
0.5697 
0.5689 
0.5882 
0.4951 
0.6064 
0.5261 
0.6097 
0.5958 
0.6229 
0.6413 
0.5280 
0.5357 
0.5852 
0.6470 
0.5742 
0.5017 
0.5608 
0.4513 
0.5945 
0.5229 
0.6382 
0.4586 
0.4197 
0.6033 
0.5041 
0.6598 
0.4937 
0.5989 
0.5584 
0.6074 
0.6094 
0.5794 
0.4673 
0.6236 
0.5220 
0.4754 
0.5240 
0.5312 
0.5638 
0.6270 
0.5719 
0.5864 
0.5996 
0.5793 
0.5618 
0.6200 
0.6540 
0.6494 
0.5154 
0.6038 
0.4973 
0.5622 
0.6234 
0.6465 
0.5325 
0.4893 
0.6019 
0.6001 
0.5943 
0.5763 
0.5220 
0.5965 
0.5889 
0.6001 
0.5764 
0.6134 
0.5984 
0.6189 
0.6087 
0.6006 
0.5562 
0.5553 
0.5263 
0.4922 
0.5925 
0.5964 
0.5430 
0.5705 
0.5432 
0.6366 
0.5661 
0.5995 
0.6049 
0.5438 
0.5922 
0.5586 
0.5912 
0.5988 
0.5794 
0.6170 
0.6055 
0.5669 
0.5964 
0.5536 
0.4837 
0.5122 
0.6177 
0.6117 
0.6211 
0.5484 
0.6319 
0.6138 
0.5060 
0.6136 
0.6239 
0.5602 
0.5915 
0.5041 
0.5580 
0.6158 
0.5688 
0.5289 
0.5844 
0.6086 
0.5064 
0.6375 
0.5519 
0.5824 
0.6224 
0.5757 
0.5616 
0.6034 
0.6145 
0.6162 
0.6008 
0.5831 
0.6339 
0.6174 
0.5376 
0.6203 
0.5908 
0.5464 
0.6341 
0.4587 
0.5607 
0.6004 
0.5594 
0.6132 
0.6041 
0.5756 
0.5754 
0.6344 
0.5800 
0.6166 
0.6013 
0.5696 
0.6189 
0.6117 
0.5968 
0.6216 
0.5914 
0.5811 
0.6195 
0.5592 
0.5907 
0.5795 
0.5036 
0.6092 
0.5766 
0.5996 
0.5093 
0.5691 
0.5943 
0.6026 
0.5968 
0.5911 
0.6364 
0.5939 
0.5878 
