0.6912 +- -1.00 (1)
0.5316 +- -1.00 (1)
0.5259 +- -1.00 (1)
0.5865 +- -1.00 (1)
0.5770 +- -1.00 (1)
0.5927 +- -1.00 (1)
0.4487 +- -1.00 (1)
0.6445 +- -1.00 (1)
0.6156 +- -1.00 (1)
0.8218 +- -1.00 (1)
0.6360 +- -1.00 (1)
0.6980 +- -1.00 (1)
0.9311 +- -1.00 (1)
0.2618 +- -1.00 (1)
0.6161 +- -1.00 (1)
0.3252 +- -1.00 (1)
0.5895 +- -1.00 (1)
0.3969 +- -1.00 (1)
0.2685 +- -1.00 (1)
0.4866 +- -1.00 (1)
0.6252 +- -1.00 (1)
0.6302 +- -1.00 (1)
0.7070 +- -1.00 (1)
0.8937 +- -1.00 (1)
0.6510 +- -1.00 (1)
0.5582 +- -1.00 (1)
0.7372 +- -1.00 (1)
0.6844 +- -1.00 (1)
0.7492 +- -1.00 (1)
0.4499 +- -1.00 (1)
0.5715 +- -1.00 (1)
0.6422 +- -1.00 (1)
0.3829 +- -1.00 (1)
0.5818 +- -1.00 (1)
0.5823 +- -1.00 (1)
0.8169 +- -1.00 (1)
0.3429 +- -1.00 (1)
0.7608 +- -1.00 (1)
0.7220 +- -1.00 (1)
0.6913 +- -1.00 (1)
0.7445 +- -1.00 (1)
0.4760 +- -1.00 (1)
0.7010 +- -1.00 (1)
0.6601 +- -1.00 (1)
0.6163 +- -1.00 (1)
0.5342 +- -1.00 (1)
0.5314 +- -1.00 (1)
0.7031 +- -1.00 (1)
0.6610 +- -1.00 (1)
0.7661 +- -1.00 (1)
0.6985 +- -1.00 (1)
0.7102 +- -1.00 (1)
0.7578 +- -1.00 (1)
0.7400 +- -1.00 (1)
0.6377 +- -1.00 (1)
0.5027 +- -1.00 (1)
0.6701 +- -1.00 (1)
0.6173 +- -1.00 (1)
0.6614 +- -1.00 (1)
0.6093 +- -1.00 (1)
0.6489 +- -1.00 (1)
0.5820 +- -1.00 (1)
0.6798 +- -1.00 (1)
0.6853 +- -1.00 (1)
0.5383 +- -1.00 (1)
0.6865 +- -1.00 (1)
0.7679 +- -1.00 (1)
0.7140 +- -1.00 (1)
0.5932 +- -1.00 (1)
0.4755 +- -1.00 (1)
0.5590 +- -1.00 (1)
0.7353 +- -1.00 (1)
0.9224 +- -1.00 (1)
0.5669 +- -1.00 (1)
0.9040 +- -1.00 (1)
0.5673 +- -1.00 (1)
0.7174 +- -1.00 (1)
0.5351 +- -1.00 (1)
0.7724 +- -1.00 (1)
0.6432 +- -1.00 (1)
0.5126 +- -1.00 (1)
0.6088 +- -1.00 (1)
0.5818 +- -1.00 (1)
0.6702 +- -1.00 (1)
0.4693 +- -1.00 (1)
0.5867 +- -1.00 (1)
0.6972 +- -1.00 (1)
0.5767 +- -1.00 (1)
0.6316 +- -1.00 (1)
0.5327 +- -1.00 (1)
0.5872 +- -1.00 (1)
0.5291 +- -1.00 (1)
0.6853 +- -1.00 (1)
0.6930 +- -1.00 (1)
0.6454 +- -1.00 (1)
0.6314 +- -1.00 (1)
0.6789 +- -1.00 (1)
0.6586 +- -1.00 (1)
0.7590 +- -1.00 (1)
0.6517 +- -1.00 (1)
0.6911 +- -1.00 (1)
0.7558 +- -1.00 (1)
0.6197 +- -1.00 (1)
0.6185 +- -1.00 (1)
0.6818 +- -1.00 (1)
0.6202 +- -1.00 (1)
0.7170 +- -1.00 (1)
0.6048 +- -1.00 (1)
0.6871 +- -1.00 (1)
0.5826 +- -1.00 (1)
0.6010 +- -1.00 (1)
0.6782 +- -1.00 (1)
0.5946 +- -1.00 (1)
0.5737 +- -1.00 (1)
0.5208 +- -1.00 (1)
0.6257 +- -1.00 (1)
0.6756 +- -1.00 (1)
0.6192 +- -1.00 (1)
0.5673 +- -1.00 (1)
0.6186 +- -1.00 (1)
0.5912 +- -1.00 (1)
0.6276 +- -1.00 (1)
0.7284 +- -1.00 (1)
0.6408 +- -1.00 (1)
0.6195 +- -1.00 (1)
0.6305 +- -1.00 (1)
0.7036 +- -1.00 (1)
0.5913 +- -1.00 (1)
0.6613 +- -1.00 (1)
0.7867 +- -1.00 (1)
0.6925 +- -1.00 (1)
0.6167 +- -1.00 (1)
0.6458 +- -1.00 (1)
0.5881 +- -1.00 (1)
0.6876 +- -1.00 (1)
0.6382 +- -1.00 (1)
0.6947 +- -1.00 (1)
0.6116 +- -1.00 (1)
0.5153 +- -1.00 (1)
0.6124 +- -1.00 (1)
0.6208 +- -1.00 (1)
0.6575 +- -1.00 (1)
0.6576 +- -1.00 (1)
0.6649 +- -1.00 (1)
0.6192 +- -1.00 (1)
0.5499 +- -1.00 (1)
0.6159 +- -1.00 (1)
0.6387 +- -1.00 (1)
0.5552 +- -1.00 (1)
0.6899 +- -1.00 (1)
0.5160 +- -1.00 (1)
0.6005 +- -1.00 (1)
0.5948 +- -1.00 (1)
0.5593 +- -1.00 (1)
0.7061 +- -1.00 (1)
0.6505 +- -1.00 (1)
0.5707 +- -1.00 (1)
0.5768 +- -1.00 (1)
0.6184 +- -1.00 (1)
0.5850 +- -1.00 (1)
0.5843 +- -1.00 (1)
0.6723 +- -1.00 (1)
0.6634 +- -1.00 (1)
0.6187 +- -1.00 (1)
0.5849 +- -1.00 (1)
0.7021 +- -1.00 (1)
0.5205 +- -1.00 (1)
0.6560 +- -1.00 (1)
0.5723 +- -1.00 (1)
0.6682 +- -1.00 (1)
0.5777 +- -1.00 (1)
0.7108 +- -1.00 (1)
0.6633 +- -1.00 (1)
0.6431 +- -1.00 (1)
0.6060 +- -1.00 (1)
0.5884 +- -1.00 (1)
0.5577 +- -1.00 (1)
0.7058 +- -1.00 (1)
0.6366 +- -1.00 (1)
0.6123 +- -1.00 (1)
0.6391 +- -1.00 (1)
0.6538 +- -1.00 (1)
0.6607 +- -1.00 (1)
0.5525 +- -1.00 (1)
0.5765 +- -1.00 (1)
0.7003 +- -1.00 (1)
0.6095 +- -1.00 (1)
0.5479 +- -1.00 (1)
0.6014 +- -1.00 (1)
0.5712 +- -1.00 (1)
0.6197 +- -1.00 (1)
0.5848 +- -1.00 (1)
0.6117 +- -1.00 (1)
0.6194 +- -1.00 (1)
0.6442 +- -1.00 (1)
0.5920 +- -1.00 (1)
0.6401 +- -1.00 (1)
0.6647 +- -1.00 (1)
0.6589 +- -1.00 (1)
0.6371 +- -1.00 (1)
0.6426 +- -1.00 (1)
0.6396 +- -1.00 (1)
0.6783 +- -1.00 (1)
0.5630 +- -1.00 (1)
0.7010 +- -1.00 (1)
0.7191 +- -1.00 (1)
0.7178 +- -1.00 (1)
0.5680 +- -1.00 (1)
0.5918 +- -1.00 (1)
0.6531 +- -1.00 (1)
0.7031 +- -1.00 (1)
0.6072 +- -1.00 (1)
0.5699 +- -1.00 (1)
0.6342 +- -1.00 (1)
0.6939 +- -1.00 (1)
0.6070 +- -1.00 (1)
0.6272 +- -1.00 (1)
0.6512 +- -1.00 (1)
0.6174 +- -1.00 (1)
0.6322 +- -1.00 (1)
0.5702 +- -1.00 (1)
0.6570 +- -1.00 (1)
0.6490 +- -1.00 (1)
0.5876 +- -1.00 (1)
0.6787 +- -1.00 (1)
0.6348 +- -1.00 (1)
0.6730 +- -1.00 (1)
0.6349 +- -1.00 (1)
0.6454 +- -1.00 (1)
0.6021 +- -1.00 (1)
0.6165 +- -1.00 (1)
0.6022 +- -1.00 (1)
0.5676 +- -1.00 (1)
0.5734 +- -1.00 (1)
0.5547 +- -1.00 (1)
0.5817 +- -1.00 (1)
0.7304 +- -1.00 (1)
0.6060 +- -1.00 (1)
0.6183 +- -1.00 (1)
0.6228 +- -1.00 (1)
0.6062 +- -1.00 (1)
0.6197 +- -1.00 (1)
0.6085 +- -1.00 (1)
0.5956 +- -1.00 (1)
0.6339 +- -1.00 (1)
0.6279 +- -1.00 (1)
0.6254 +- -1.00 (1)
0.6489 +- -1.00 (1)
0.6620 +- -1.00 (1)
0.6369 +- -1.00 (1)
0.6474 +- -1.00 (1)
0.5988 +- -1.00 (1)
0.6866 +- -1.00 (1)
0.5555 +- -1.00 (1)
0.6273 +- -1.00 (1)
0.6526 +- -1.00 (1)
0.6148 +- -1.00 (1)
0.6861 +- -1.00 (1)
0.5811 +- -1.00 (1)
0.5582 +- -1.00 (1)
0.6509 +- -1.00 (1)
0.5548 +- -1.00 (1)
0.6004 +- -1.00 (1)
0.6528 +- -1.00 (1)
0.5711 +- -1.00 (1)
0.7105 +- -1.00 (1)
0.6955 +- -1.00 (1)
0.5530 +- -1.00 (1)
0.6303 +- -1.00 (1)
0.6242 +- -1.00 (1)
0.6224 +- -1.00 (1)
0.6193 +- -1.00 (1)
0.5892 +- -1.00 (1)
0.6747 +- -1.00 (1)
0.6527 +- -1.00 (1)
0.6150 +- -1.00 (1)
0.6348 +- -1.00 (1)
0.6503 +- -1.00 (1)
0.5975 +- -1.00 (1)
0.6132 +- -1.00 (1)
0.6077 +- -1.00 (1)
0.6257 +- -1.00 (1)
0.5744 +- -1.00 (1)
0.6031 +- -1.00 (1)
0.6120 +- -1.00 (1)
0.6709 +- -1.00 (1)
0.6114 +- -1.00 (1)
0.5534 +- -1.00 (1)
0.6232 +- -1.00 (1)
0.6176 +- -1.00 (1)
0.6507 +- -1.00 (1)
0.6281 +- -1.00 (1)
0.6260 +- -1.00 (1)
0.5996 +- -1.00 (1)
0.5798 +- -1.00 (1)
0.5974 +- -1.00 (1)
0.5911 +- -1.00 (1)
0.6404 +- -1.00 (1)
0.5560 +- -1.00 (1)
0.6169 +- -1.00 (1)
0.8400 +- -1.00 (1)
0.9803 +- -1.00 (1)
0.7535 +- -1.00 (1)
0.9361 +- -1.00 (1)
0.7705 +- -1.00 (1)
0.9651 +- -1.00 (1)
0.9335 +- -1.00 (1)
0.9881 +- -1.00 (1)
0.6846 +- -1.00 (1)
0.9571 +- -1.00 (1)
0.7939 +- -1.00 (1)
0.9627 +- -1.00 (1)
0.7028 +- -1.00 (1)
0.9262 +- -1.00 (1)
0.7931 +- -1.00 (1)
0.9772 +- -1.00 (1)
0.8075 +- -1.00 (1)
0.5579 +- -1.00 (1)
0.8022 +- -1.00 (1)
0.7122 +- -1.00 (1)
0.9394 +- -1.00 (1)
0.9777 +- -1.00 (1)
0.9117 +- -1.00 (1)
0.9888 +- -1.00 (1)
0.9660 +- -1.00 (1)
0.7684 +- -1.00 (1)
0.9845 +- -1.00 (1)
0.9257 +- -1.00 (1)
0.9739 +- -1.00 (1)
0.8496 +- -1.00 (1)
0.7189 +- -1.00 (1)
0.9667 +- -1.00 (1)
0.9799 +- -1.00 (1)
0.9658 +- -1.00 (1)
0.8826 +- -1.00 (1)
0.9514 +- -1.00 (1)
0.9237 +- -1.00 (1)
0.9695 +- -1.00 (1)
0.9796 +- -1.00 (1)
0.9621 +- -1.00 (1)
0.9679 +- -1.00 (1)
0.9787 +- -1.00 (1)
0.9724 +- -1.00 (1)
0.7719 +- -1.00 (1)
0.9751 +- -1.00 (1)
0.9779 +- -1.00 (1)
0.9807 +- -1.00 (1)
0.9127 +- -1.00 (1)
0.9603 +- -1.00 (1)
0.9785 +- -1.00 (1)
0.9802 +- -1.00 (1)
0.9783 +- -1.00 (1)
0.9841 +- -1.00 (1)
0.9803 +- -1.00 (1)
0.9816 +- -1.00 (1)
0.9835 +- -1.00 (1)
0.9663 +- -1.00 (1)
0.9684 +- -1.00 (1)
0.9105 +- -1.00 (1)
0.9817 +- -1.00 (1)
0.9817 +- -1.00 (1)
0.9826 +- -1.00 (1)
0.9798 +- -1.00 (1)
0.9835 +- -1.00 (1)
0.9789 +- -1.00 (1)
0.9785 +- -1.00 (1)
0.9711 +- -1.00 (1)
0.9773 +- -1.00 (1)
0.9772 +- -1.00 (1)
0.9789 +- -1.00 (1)
0.9791 +- -1.00 (1)
0.8015 +- -1.00 (1)
0.9905 +- -1.00 (1)
0.9720 +- -1.00 (1)
0.9837 +- -1.00 (1)
0.9759 +- -1.00 (1)
0.9739 +- -1.00 (1)
0.9282 +- -1.00 (1)
0.9877 +- -1.00 (1)
0.9808 +- -1.00 (1)
0.9749 +- -1.00 (1)
0.9806 +- -1.00 (1)
0.9775 +- -1.00 (1)
0.9847 +- -1.00 (1)
0.9826 +- -1.00 (1)
0.9829 +- -1.00 (1)
0.9787 +- -1.00 (1)
0.9807 +- -1.00 (1)
0.9819 +- -1.00 (1)
0.9806 +- -1.00 (1)
0.9822 +- -1.00 (1)
0.9743 +- -1.00 (1)
0.9842 +- -1.00 (1)
0.9864 +- -1.00 (1)
0.9882 +- -1.00 (1)
0.9805 +- -1.00 (1)
0.9821 +- -1.00 (1)
0.9756 +- -1.00 (1)
0.9850 +- -1.00 (1)
0.9776 +- -1.00 (1)
0.9776 +- -1.00 (1)
0.9864 +- -1.00 (1)
0.9789 +- -1.00 (1)
0.9851 +- -1.00 (1)
0.9873 +- -1.00 (1)
0.9821 +- -1.00 (1)
0.9763 +- -1.00 (1)
0.9805 +- -1.00 (1)
0.9789 +- -1.00 (1)
0.9773 +- -1.00 (1)
0.8327 +- -1.00 (1)
0.9839 +- -1.00 (1)
0.9853 +- -1.00 (1)
0.9732 +- -1.00 (1)
0.9865 +- -1.00 (1)
0.9792 +- -1.00 (1)
0.9812 +- -1.00 (1)
0.9733 +- -1.00 (1)
0.9854 +- -1.00 (1)
0.9837 +- -1.00 (1)
0.9846 +- -1.00 (1)
0.9831 +- -1.00 (1)
0.9778 +- -1.00 (1)
0.9852 +- -1.00 (1)
0.9800 +- -1.00 (1)
0.9749 +- -1.00 (1)
0.9809 +- -1.00 (1)
0.9810 +- -1.00 (1)
0.9822 +- -1.00 (1)
0.9786 +- -1.00 (1)
0.9786 +- -1.00 (1)
0.9839 +- -1.00 (1)
0.9751 +- -1.00 (1)
0.9835 +- -1.00 (1)
0.9862 +- -1.00 (1)
0.9764 +- -1.00 (1)
0.9783 +- -1.00 (1)
0.9763 +- -1.00 (1)
0.9816 +- -1.00 (1)
0.9817 +- -1.00 (1)
0.9797 +- -1.00 (1)
0.9720 +- -1.00 (1)
0.9704 +- -1.00 (1)
0.9712 +- -1.00 (1)
0.9766 +- -1.00 (1)
0.9724 +- -1.00 (1)
0.9730 +- -1.00 (1)
0.9597 +- -1.00 (1)
0.9632 +- -1.00 (1)
0.9755 +- -1.00 (1)
0.9720 +- -1.00 (1)
0.9747 +- -1.00 (1)
0.9741 +- -1.00 (1)
0.9710 +- -1.00 (1)
0.9720 +- -1.00 (1)
0.9645 +- -1.00 (1)
0.9554 +- -1.00 (1)
0.9739 +- -1.00 (1)
0.9565 +- -1.00 (1)
0.9623 +- -1.00 (1)
0.8339 +- -1.00 (1)
0.9733 +- -1.00 (1)
0.9705 +- -1.00 (1)
0.9740 +- -1.00 (1)
0.9742 +- -1.00 (1)
0.9772 +- -1.00 (1)
0.9760 +- -1.00 (1)
0.9692 +- -1.00 (1)
0.9691 +- -1.00 (1)
0.9700 +- -1.00 (1)
0.9745 +- -1.00 (1)
0.9693 +- -1.00 (1)
0.9611 +- -1.00 (1)
0.9733 +- -1.00 (1)
0.9681 +- -1.00 (1)
0.9712 +- -1.00 (1)
0.9727 +- -1.00 (1)
0.9748 +- -1.00 (1)
0.9796 +- -1.00 (1)
0.9674 +- -1.00 (1)
0.9731 +- -1.00 (1)
0.9732 +- -1.00 (1)
0.9525 +- -1.00 (1)
0.9750 +- -1.00 (1)
0.9739 +- -1.00 (1)
0.9714 +- -1.00 (1)
0.9768 +- -1.00 (1)
0.9736 +- -1.00 (1)
0.9721 +- -1.00 (1)
0.9473 +- -1.00 (1)
0.9702 +- -1.00 (1)
0.9741 +- -1.00 (1)
0.9650 +- -1.00 (1)
0.9668 +- -1.00 (1)
0.9774 +- -1.00 (1)
0.9740 +- -1.00 (1)
0.9739 +- -1.00 (1)
0.9676 +- -1.00 (1)
0.9726 +- -1.00 (1)
0.9747 +- -1.00 (1)
0.9737 +- -1.00 (1)
0.9693 +- -1.00 (1)
0.9492 +- -1.00 (1)
0.9708 +- -1.00 (1)
0.9617 +- -1.00 (1)
0.9676 +- -1.00 (1)
0.9745 +- -1.00 (1)
0.9650 +- -1.00 (1)
0.9657 +- -1.00 (1)
0.9759 +- -1.00 (1)
0.9616 +- -1.00 (1)
0.9688 +- -1.00 (1)
0.9694 +- -1.00 (1)
0.9671 +- -1.00 (1)
0.9695 +- -1.00 (1)
0.9755 +- -1.00 (1)
0.9629 +- -1.00 (1)
0.9777 +- -1.00 (1)
0.9714 +- -1.00 (1)
0.9685 +- -1.00 (1)
0.9674 +- -1.00 (1)
0.9678 +- -1.00 (1)
0.9692 +- -1.00 (1)
0.9739 +- -1.00 (1)
0.9653 +- -1.00 (1)
0.9666 +- -1.00 (1)
0.9655 +- -1.00 (1)
0.9693 +- -1.00 (1)
0.9548 +- -1.00 (1)
0.9710 +- -1.00 (1)
0.9716 +- -1.00 (1)
0.9742 +- -1.00 (1)
0.9675 +- -1.00 (1)
0.9695 +- -1.00 (1)
0.9713 +- -1.00 (1)
0.9728 +- -1.00 (1)
0.9701 +- -1.00 (1)
0.9704 +- -1.00 (1)
0.9690 +- -1.00 (1)
0.9644 +- -1.00 (1)
0.9686 +- -1.00 (1)
0.9680 +- -1.00 (1)
0.9697 +- -1.00 (1)
0.9684 +- -1.00 (1)
0.9624 +- -1.00 (1)
0.9717 +- -1.00 (1)
0.9700 +- -1.00 (1)
0.9682 +- -1.00 (1)
0.9711 +- -1.00 (1)
0.9721 +- -1.00 (1)
0.9714 +- -1.00 (1)
0.9754 +- -1.00 (1)
0.9772 +- -1.00 (1)
0.9689 +- -1.00 (1)
0.9715 +- -1.00 (1)
0.9604 +- -1.00 (1)
0.9661 +- -1.00 (1)
0.9710 +- -1.00 (1)
0.9758 +- -1.00 (1)
0.9687 +- -1.00 (1)
0.9681 +- -1.00 (1)
0.9640 +- -1.00 (1)
0.9562 +- -1.00 (1)
0.9700 +- -1.00 (1)
0.9660 +- -1.00 (1)
0.9653 +- -1.00 (1)
0.9684 +- -1.00 (1)
0.9713 +- -1.00 (1)
0.9695 +- -1.00 (1)
0.9527 +- -1.00 (1)
0.9633 +- -1.00 (1)
0.9655 +- -1.00 (1)
0.9704 +- -1.00 (1)
0.9663 +- -1.00 (1)
0.9703 +- -1.00 (1)
0.9696 +- -1.00 (1)
0.9516 +- -1.00 (1)
0.9693 +- -1.00 (1)
0.9715 +- -1.00 (1)
0.9705 +- -1.00 (1)
0.9776 +- -1.00 (1)
0.9624 +- -1.00 (1)
0.9697 +- -1.00 (1)
0.9722 +- -1.00 (1)
0.9663 +- -1.00 (1)
0.9703 +- -1.00 (1)
0.9642 +- -1.00 (1)
0.9608 +- -1.00 (1)
0.9683 +- -1.00 (1)
0.9691 +- -1.00 (1)
0.9680 +- -1.00 (1)
0.9619 +- -1.00 (1)
0.9673 +- -1.00 (1)
0.9697 +- -1.00 (1)
0.9692 +- -1.00 (1)
0.9660 +- -1.00 (1)
0.9680 +- -1.00 (1)
0.9417 +- -1.00 (1)
0.9735 +- -1.00 (1)
0.9667 +- -1.00 (1)
0.7667 +- -1.00 (1)
0.9740 +- -1.00 (1)
0.9433 +- -1.00 (1)
0.9381 +- -1.00 (1)
0.9484 +- -1.00 (1)
0.9697 +- -1.00 (1)
0.6863 +- -1.00 (1)
0.9606 +- -1.00 (1)
0.6950 +- -1.00 (1)
0.6788 +- -1.00 (1)
0.7300 +- -1.00 (1)
0.7288 +- -1.00 (1)
0.9830 +- -1.00 (1)
0.7904 +- -1.00 (1)
0.7600 +- -1.00 (1)
0.9383 +- -1.00 (1)
0.7015 +- -1.00 (1)
0.9414 +- -1.00 (1)
0.6677 +- -1.00 (1)
0.9675 +- -1.00 (1)
0.9599 +- -1.00 (1)
0.5727 +- -1.00 (1)
0.9721 +- -1.00 (1)
0.6345 +- -1.00 (1)
0.9566 +- -1.00 (1)
0.5613 +- -1.00 (1)
0.9831 +- -1.00 (1)
0.7101 +- -1.00 (1)
0.9743 +- -1.00 (1)
0.9796 +- -1.00 (1)
0.9617 +- -1.00 (1)
0.8134 +- -1.00 (1)
0.8530 +- -1.00 (1)
0.9661 +- -1.00 (1)
0.9693 +- -1.00 (1)
0.9666 +- -1.00 (1)
0.9705 +- -1.00 (1)
0.9635 +- -1.00 (1)
0.7490 +- -1.00 (1)
0.9484 +- -1.00 (1)
0.9784 +- -1.00 (1)
0.9334 +- -1.00 (1)
0.9657 +- -1.00 (1)
0.8698 +- -1.00 (1)
0.6999 +- -1.00 (1)
0.6845 +- -1.00 (1)
0.9760 +- -1.00 (1)
0.9730 +- -1.00 (1)
0.8253 +- -1.00 (1)
0.9819 +- -1.00 (1)
0.8753 +- -1.00 (1)
0.9754 +- -1.00 (1)
0.8735 +- -1.00 (1)
0.9793 +- -1.00 (1)
0.7406 +- -1.00 (1)
0.9786 +- -1.00 (1)
0.9619 +- -1.00 (1)
0.9548 +- -1.00 (1)
0.9887 +- -1.00 (1)
0.7278 +- -1.00 (1)
0.9605 +- -1.00 (1)
0.9825 +- -1.00 (1)
0.9685 +- -1.00 (1)
0.7490 +- -1.00 (1)
0.9783 +- -1.00 (1)
0.9780 +- -1.00 (1)
0.9368 +- -1.00 (1)
0.9424 +- -1.00 (1)
0.9355 +- -1.00 (1)
0.9823 +- -1.00 (1)
0.9793 +- -1.00 (1)
0.7987 +- -1.00 (1)
0.9895 +- -1.00 (1)
0.7981 +- -1.00 (1)
0.7664 +- -1.00 (1)
0.9820 +- -1.00 (1)
0.9158 +- -1.00 (1)
0.8669 +- -1.00 (1)
0.7931 +- -1.00 (1)
0.7782 +- -1.00 (1)
0.7834 +- -1.00 (1)
0.9823 +- -1.00 (1)
0.9756 +- -1.00 (1)
0.7140 +- -1.00 (1)
0.9758 +- -1.00 (1)
0.9748 +- -1.00 (1)
0.7581 +- -1.00 (1)
0.9714 +- -1.00 (1)
0.9752 +- -1.00 (1)
0.9818 +- -1.00 (1)
0.9778 +- -1.00 (1)
0.9304 +- -1.00 (1)
0.8215 +- -1.00 (1)
0.9799 +- -1.00 (1)
0.9825 +- -1.00 (1)
0.9843 +- -1.00 (1)
0.8606 +- -1.00 (1)
0.8018 +- -1.00 (1)
0.9819 +- -1.00 (1)
0.9644 +- -1.00 (1)
0.9842 +- -1.00 (1)
0.9689 +- -1.00 (1)
0.9741 +- -1.00 (1)
0.7969 +- -1.00 (1)
0.8289 +- -1.00 (1)
0.9128 +- -1.00 (1)
0.8919 +- -1.00 (1)
0.9750 +- -1.00 (1)
0.7605 +- -1.00 (1)
0.8852 +- -1.00 (1)
0.9292 +- -1.00 (1)
0.8621 +- -1.00 (1)
0.9793 +- -1.00 (1)
0.9137 +- -1.00 (1)
0.9839 +- -1.00 (1)
0.8124 +- -1.00 (1)
0.9322 +- -1.00 (1)
0.7781 +- -1.00 (1)
0.9725 +- -1.00 (1)
0.9824 +- -1.00 (1)
0.9809 +- -1.00 (1)
0.9656 +- -1.00 (1)
0.9788 +- -1.00 (1)
0.9836 +- -1.00 (1)
0.9643 +- -1.00 (1)
0.9405 +- -1.00 (1)
0.9751 +- -1.00 (1)
0.9705 +- -1.00 (1)
0.9753 +- -1.00 (1)
0.9795 +- -1.00 (1)
0.8591 +- -1.00 (1)
0.9746 +- -1.00 (1)
0.9706 +- -1.00 (1)
0.9738 +- -1.00 (1)
0.8688 +- -1.00 (1)
0.9222 +- -1.00 (1)
0.8915 +- -1.00 (1)
0.9308 +- -1.00 (1)
0.9616 +- -1.00 (1)
0.9806 +- -1.00 (1)
0.9478 +- -1.00 (1)
0.8069 +- -1.00 (1)
0.9410 +- -1.00 (1)
0.7034 +- -1.00 (1)
0.9389 +- -1.00 (1)
0.9156 +- -1.00 (1)
0.8051 +- -1.00 (1)
0.8193 +- -1.00 (1)
0.7640 +- -1.00 (1)
0.9293 +- -1.00 (1)
0.8266 +- -1.00 (1)
0.9707 +- -1.00 (1)
0.8140 +- -1.00 (1)
0.8006 +- -1.00 (1)
0.9734 +- -1.00 (1)
0.6744 +- -1.00 (1)
0.9055 +- -1.00 (1)
0.8718 +- -1.00 (1)
0.9149 +- -1.00 (1)
0.9598 +- -1.00 (1)
0.9734 +- -1.00 (1)
0.9632 +- -1.00 (1)
0.9510 +- -1.00 (1)
0.7511 +- -1.00 (1)
0.9761 +- -1.00 (1)
0.8101 +- -1.00 (1)
0.8260 +- -1.00 (1)
0.9474 +- -1.00 (1)
0.9204 +- -1.00 (1)
0.9628 +- -1.00 (1)
0.9593 +- -1.00 (1)
0.9461 +- -1.00 (1)
0.9546 +- -1.00 (1)
0.8925 +- -1.00 (1)
0.9218 +- -1.00 (1)
0.9593 +- -1.00 (1)
0.7908 +- -1.00 (1)
0.8630 +- -1.00 (1)
0.9192 +- -1.00 (1)
0.7958 +- -1.00 (1)
0.9274 +- -1.00 (1)
0.9125 +- -1.00 (1)
0.9300 +- -1.00 (1)
0.9723 +- -1.00 (1)
0.9713 +- -1.00 (1)
0.9509 +- -1.00 (1)
0.8321 +- -1.00 (1)
0.8312 +- -1.00 (1)
0.9665 +- -1.00 (1)
0.8798 +- -1.00 (1)
0.9485 +- -1.00 (1)
0.9066 +- -1.00 (1)
0.9024 +- -1.00 (1)
0.8820 +- -1.00 (1)
0.9621 +- -1.00 (1)
0.9161 +- -1.00 (1)
0.9643 +- -1.00 (1)
0.9372 +- -1.00 (1)
0.9648 +- -1.00 (1)
0.9101 +- -1.00 (1)
0.9238 +- -1.00 (1)
0.9465 +- -1.00 (1)
0.8662 +- -1.00 (1)
0.7881 +- -1.00 (1)
0.8613 +- -1.00 (1)
0.9556 +- -1.00 (1)
0.9343 +- -1.00 (1)
0.9551 +- -1.00 (1)
0.9506 +- -1.00 (1)
0.9503 +- -1.00 (1)
0.9555 +- -1.00 (1)
0.9277 +- -1.00 (1)
0.8510 +- -1.00 (1)
0.7986 +- -1.00 (1)
0.8107 +- -1.00 (1)
0.9583 +- -1.00 (1)
0.9556 +- -1.00 (1)
0.8694 +- -1.00 (1)
0.9051 +- -1.00 (1)
0.9679 +- -1.00 (1)
0.9698 +- -1.00 (1)
0.9343 +- -1.00 (1)
0.8089 +- -1.00 (1)
0.8396 +- -1.00 (1)
0.8656 +- -1.00 (1)
0.7857 +- -1.00 (1)
0.7226 +- -1.00 (1)
0.9509 +- -1.00 (1)
0.8779 +- -1.00 (1)
0.8481 +- -1.00 (1)
0.8036 +- -1.00 (1)
0.9497 +- -1.00 (1)
0.8916 +- -1.00 (1)
0.9264 +- -1.00 (1)
0.9623 +- -1.00 (1)
0.9656 +- -1.00 (1)
0.9067 +- -1.00 (1)
0.8898 +- -1.00 (1)
0.8404 +- -1.00 (1)
0.8729 +- -1.00 (1)
0.9361 +- -1.00 (1)
0.9006 +- -1.00 (1)
0.8386 +- -1.00 (1)
0.7644 +- -1.00 (1)
0.8563 +- -1.00 (1)
0.8702 +- -1.00 (1)
0.9293 +- -1.00 (1)
0.8153 +- -1.00 (1)
0.8816 +- -1.00 (1)
0.8565 +- -1.00 (1)
0.8741 +- -1.00 (1)
0.9044 +- -1.00 (1)
0.7168 +- -1.00 (1)
0.8629 +- -1.00 (1)
0.8716 +- -1.00 (1)
0.9444 +- -1.00 (1)
0.9429 +- -1.00 (1)
0.9169 +- -1.00 (1)
0.9371 +- -1.00 (1)
0.8773 +- -1.00 (1)
0.8465 +- -1.00 (1)
0.9144 +- -1.00 (1)
0.7966 +- -1.00 (1)
0.9636 +- -1.00 (1)
0.7291 +- -1.00 (1)
0.9672 +- -1.00 (1)
0.9043 +- -1.00 (1)
0.9199 +- -1.00 (1)
0.9216 +- -1.00 (1)
0.7320 +- -1.00 (1)
0.9112 +- -1.00 (1)
0.8531 +- -1.00 (1)
0.9703 +- -1.00 (1)
0.9177 +- -1.00 (1)
0.8959 +- -1.00 (1)
0.8952 +- -1.00 (1)
0.7162 +- -1.00 (1)
0.9320 +- -1.00 (1)
0.9582 +- -1.00 (1)
0.8459 +- -1.00 (1)
0.8741 +- -1.00 (1)
0.8245 +- -1.00 (1)
0.9435 +- -1.00 (1)
0.9532 +- -1.00 (1)
0.8442 +- -1.00 (1)
0.9648 +- -1.00 (1)
0.8344 +- -1.00 (1)
0.8645 +- -1.00 (1)
0.9465 +- -1.00 (1)
0.8071 +- -1.00 (1)
0.8405 +- -1.00 (1)
0.7086 +- -1.00 (1)
0.8175 +- -1.00 (1)
0.9600 +- -1.00 (1)
0.9556 +- -1.00 (1)
0.8660 +- -1.00 (1)
0.8237 +- -1.00 (1)
0.8971 +- -1.00 (1)
0.9134 +- -1.00 (1)
0.8870 +- -1.00 (1)
