../../problems/clp/benchs/BRwp-0.5-0.5/BR1.txt -i 1 --min_fr=1.0 0.531600 0.747500
../../problems/clp/benchs/BRwp-0.5-0.5/BR1.txt -i 6 --min_fr=1.0 0.448700 0.931400
../../problems/clp/benchs/BRwp-0.5-0.5/BR1.txt -i 11 --min_fr=1.0 0.698000 0.864900
../../problems/clp/benchs/BRwp-0.5-0.5/BR1.txt -i 13 --min_fr=1.0 0.261800 0.718700
../../problems/clp/benchs/BRwp-0.5-0.5/BR1.txt -i 15 --min_fr=1.0 0.325200 0.668300
../../problems/clp/benchs/BRwp-0.5-0.5/BR1.txt -i 16 --min_fr=1.0 0.589500 0.891000
../../problems/clp/benchs/BRwp-0.5-0.5/BR1.txt -i 17 --min_fr=1.0 0.396900 0.551200
../../problems/clp/benchs/BRwp-0.5-0.5/BR1.txt -i 18 --min_fr=1.0 0.268500 0.615500
../../problems/clp/benchs/BRwp-0.5-0.5/BR2.txt -i 0 --min_fr=1.0 0.625200 0.911800
../../problems/clp/benchs/BRwp-0.5-0.5/BR2.txt -i 1 --min_fr=1.0 0.630200 0.867500
../../problems/clp/benchs/BRwp-0.5-0.5/BR2.txt -i 6 --min_fr=1.0 0.737200 0.922500
../../problems/clp/benchs/BRwp-0.5-0.5/BR2.txt -i 7 --min_fr=1.0 0.684400 0.917900
../../problems/clp/benchs/BRwp-0.5-0.5/BR2.txt -i 9 --min_fr=1.0 0.449900 0.742900
../../problems/clp/benchs/BRwp-0.5-0.5/BR2.txt -i 12 --min_fr=1.0 0.382900 0.723100
../../problems/clp/benchs/BRwp-0.5-0.5/BR2.txt -i 13 --min_fr=1.0 0.581800 0.773300
../../problems/clp/benchs/BRwp-0.5-0.5/BR2.txt -i 14 --min_fr=1.0 0.582300 0.774800
../../problems/clp/benchs/BRwp-0.5-0.5/BR2.txt -i 16 --min_fr=1.0 0.342900 0.941600
../../problems/clp/benchs/BRwp-0.5-0.5/BR3.txt -i 1 --min_fr=1.0 0.476000 0.684500
../../problems/clp/benchs/BRwp-0.5-0.5/BR3.txt -i 4 --min_fr=1.0 0.616300 0.786600
../../problems/clp/benchs/BRwp-0.5-0.5/BR3.txt -i 5 --min_fr=1.0 0.534200 0.748200
../../problems/clp/benchs/BRwp-0.5-0.5/BR3.txt -i 6 --min_fr=1.0 0.531400 0.742500
../../problems/clp/benchs/BRwp-0.5-0.5/BR3.txt -i 15 --min_fr=1.0 0.502700 0.843300
../../problems/clp/benchs/BRwp-0.5-0.5/BR3.txt -i 17 --min_fr=1.0 0.617300 0.760400
../../problems/clp/benchs/BRwp-0.5-0.5/BR4.txt -i 1 --min_fr=1.0 0.582000 0.839300
../../problems/clp/benchs/BRwp-0.5-0.5/BR4.txt -i 9 --min_fr=1.0 0.475500 0.802900
../../problems/clp/benchs/BRwp-0.5-0.5/BR4.txt -i 10 --min_fr=1.0 0.559000 0.741300
../../problems/clp/benchs/BRwp-0.5-0.5/BR4.txt -i 13 --min_fr=1.0 0.566900 0.817000
../../problems/clp/benchs/BRwp-0.5-0.5/BR4.txt -i 17 --min_fr=1.0 0.535100 0.755700
../../problems/clp/benchs/BRwp-0.5-0.5/BR5.txt -i 0 --min_fr=1.0 0.512600 0.743000
../../problems/clp/benchs/BRwp-0.5-0.5/BR5.txt -i 2 --min_fr=1.0 0.581800 0.810700
../../problems/clp/benchs/BRwp-0.5-0.5/BR5.txt -i 3 --min_fr=1.0 0.670200 0.842700
../../problems/clp/benchs/BRwp-0.5-0.5/BR5.txt -i 4 --min_fr=1.0 0.469300 0.759900
../../problems/clp/benchs/BRwp-0.5-0.5/BR5.txt -i 9 --min_fr=1.0 0.532700 0.708000
../../problems/clp/benchs/BRwp-0.5-0.5/BR5.txt -i 10 --min_fr=1.0 0.587200 0.762700
../../problems/clp/benchs/BRwp-0.5-0.5/BR5.txt -i 11 --min_fr=1.0 0.529100 0.660400
../../problems/clp/benchs/BRwp-0.5-0.5/BR6.txt -i 3 --min_fr=1.0 0.618500 0.759100
../../problems/clp/benchs/BRwp-0.5-0.5/BR6.txt -i 7 --min_fr=1.0 0.604800 0.782700
../../problems/clp/benchs/BRwp-0.5-0.5/BR6.txt -i 14 --min_fr=1.0 0.520800 0.628600
../../problems/clp/benchs/BRwp-0.5-0.5/BR6.txt -i 15 --min_fr=1.0 0.625700 0.753200
../../problems/clp/benchs/BRwp-0.5-0.5/BR6.txt -i 17 --min_fr=1.0 0.619200 0.784100
../../problems/clp/benchs/BRwp-0.5-0.5/BR6.txt -i 18 --min_fr=1.0 0.567300 0.714200
../../problems/clp/benchs/BRwp-0.5-0.5/BR7.txt -i 3 --min_fr=1.0 0.640800 0.771300
../../problems/clp/benchs/BRwp-0.5-0.5/BR7.txt -i 18 --min_fr=1.0 0.515300 0.687600
../../problems/clp/benchs/BRwp-1.0-0.5/BR1.txt -i 17 --min_fr=1.0 0.557900 0.889600
