0.5516 
0.7475 
0.5775 
0.6245 
0.5915 
0.5750 
0.9322 
0.7092 
0.5228 
0.6799 
0.6737 
0.8636 
0.7656 
0.7197 
0.7270 
0.6717 
0.8927 
0.5512 
0.6181 
0.5255 
0.9196 
0.8789 
0.7628 
0.9566 
0.7207 
0.6125 
0.9264 
0.9244 
0.7349 
0.7458 
0.6149 
0.7309 
0.7273 
0.7777 
0.8191 
0.5726 
0.9510 
0.7581 
0.7473 
0.7658 
0.6462 
0.6908 
0.6781 
0.7685 
0.8077 
0.7886 
0.7556 
0.7785 
0.7707 
0.7748 
0.7860 
0.7749 
0.7948 
0.7521 
0.6440 
0.9429 
0.8113 
0.7696 
0.6990 
0.7038 
0.7048 
0.8856 
0.7277 
0.7337 
0.6810 
0.7640 
0.7771 
0.8499 
0.7168 
0.8098 
0.7569 
0.6105 
0.6694 
0.8284 
0.6532 
0.7153 
0.7380 
0.7668 
0.7555 
0.7472 
0.8913 
0.8368 
0.8396 
0.9177 
0.8612 
0.6297 
0.6921 
0.6968 
0.8377 
0.7493 
0.7805 
0.7056 
0.7770 
0.8602 
0.6409 
0.7130 
0.7867 
0.7801 
0.7746 
0.7226 
0.7119 
0.7204 
0.7532 
0.8190 
0.7728 
0.7019 
0.8628 
0.8287 
0.6979 
0.7623 
0.7849 
0.7480 
0.7864 
0.8179 
0.7308 
0.8616 
0.7409 
0.8951 
0.7817 
0.7634 
0.7214 
0.8178 
0.7679 
0.8192 
0.7820 
0.8877 
0.7481 
0.7278 
0.8072 
0.7350 
0.7418 
0.8251 
0.8458 
0.7420 
0.7819 
0.7080 
0.7811 
0.7113 
0.7729 
0.7062 
0.7665 
0.7806 
0.7830 
0.7558 
0.7991 
0.7118 
0.6905 
0.6824 
0.7451 
0.8149 
0.7344 
0.7327 
0.8192 
0.7470 
0.7801 
0.7334 
0.7561 
0.7337 
0.7793 
0.7387 
0.7865 
0.7440 
0.7642 
0.7637 
0.7165 
0.7474 
0.7837 
0.6690 
0.7653 
0.6787 
0.7772 
0.7639 
0.7430 
0.7546 
0.7039 
0.7118 
0.7451 
0.7232 
0.7931 
0.7467 
0.7818 
0.7142 
0.6732 
0.7578 
0.7555 
0.6909 
0.7400 
0.7429 
0.7516 
0.7001 
0.7521 
0.7027 
0.7317 
0.7620 
0.6833 
0.7462 
0.7213 
0.7771 
0.7223 
0.7800 
0.7205 
0.7567 
0.6858 
0.7664 
0.7408 
0.6979 
0.7412 
0.6943 
0.7506 
0.7121 
0.7488 
0.7712 
0.7190 
0.7457 
0.7316 
0.7495 
0.7365 
0.7457 
0.7584 
0.7271 
0.7854 
0.7363 
0.7798 
0.7643 
0.7489 
0.7004 
0.7862 
0.7503 
0.7217 
0.7953 
0.7684 
0.7964 
0.7510 
0.7715 
0.7064 
0.7349 
0.7646 
0.7816 
0.7547 
0.7321 
0.6910 
0.7945 
0.7255 
0.7664 
0.7127 
0.7363 
0.7348 
0.7148 
0.7200 
0.7524 
0.7418 
0.7694 
0.7635 
0.7659 
0.7546 
0.6966 
0.7926 
0.7414 
0.7575 
0.7215 
0.7394 
0.7446 
0.7487 
0.7413 
0.7340 
0.7281 
0.7206 
0.7051 
0.7231 
0.7555 
0.7714 
0.7163 
0.8207 
0.7550 
0.7898 
0.7391 
0.7033 
0.7564 
0.7357 
0.7125 
0.7571 
0.7553 
0.7742 
0.7610 
0.7017 
0.7290 
0.7394 
0.6769 
0.7073 
0.7575 
0.7367 
0.7363 
0.7175 
0.7775 
0.7163 
0.7217 
0.7647 
0.7246 
0.7457 
0.7344 
0.6879 
0.8815 
0.2874 
0.7022 
0.6567 
0.8311 
0.5892 
0.8617 
0.5259 
0.6134 
0.6134 
0.7696 
0.6321 
0.8187 
0.3678 
0.7149 
0.6876 
0.8896 
0.5117 
0.6201 
0.6484 
0.6145 
0.7312 
0.7254 
0.7800 
0.5713 
0.7918 
0.8885 
0.7453 
0.6430 
0.6560 
0.5727 
0.8474 
0.6849 
0.6118 
0.8805 
0.4597 
0.6482 
0.8171 
0.7741 
0.8967 
0.7161 
0.7711 
0.7902 
0.6664 
0.7346 
0.7372 
0.8328 
0.6883 
0.7920 
0.6768 
0.7663 
0.7596 
0.7724 
0.5669 
0.6844 
0.4930 
0.6906 
0.8510 
0.7645 
0.7274 
0.8026 
0.7020 
0.6918 
0.8898 
0.6715 
0.7628 
0.7778 
0.8932 
0.7428 
0.7613 
0.8490 
0.8473 
0.7261 
0.7910 
0.6639 
0.7765 
0.6742 
0.8209 
0.8787 
0.7391 
0.8943 
0.7036 
0.7569 
0.8732 
0.8333 
0.7458 
0.8921 
0.6817 
0.7721 
0.7751 
0.7535 
0.8148 
0.9166 
0.7649 
0.7350 
0.9119 
0.7642 
0.5937 
0.8098 
0.7237 
0.8188 
0.7430 
0.8056 
0.7938 
0.7137 
0.7852 
0.7864 
0.6156 
0.7356 
0.7938 
0.8110 
0.7189 
0.8806 
0.7174 
0.8517 
0.8769 
0.8355 
0.8062 
0.7264 
0.7668 
0.7767 
0.7824 
0.8171 
0.7780 
0.7522 
0.7118 
0.8242 
0.7988 
0.7072 
0.7508 
0.7013 
0.7381 
0.8092 
0.7493 
0.7044 
0.7599 
0.8194 
0.7654 
0.7009 
0.6914 
0.7386 
0.6630 
0.8640 
0.6668 
0.6719 
0.7713 
0.7416 
0.7519 
0.7677 
0.7870 
0.7656 
0.7070 
0.8034 
0.7611 
0.7445 
0.7817 
0.7370 
0.7964 
0.7869 
0.7485 
0.7104 
0.7002 
0.7040 
0.7633 
0.7202 
0.7536 
0.7247 
0.7385 
0.7624 
0.7770 
0.7929 
0.7451 
0.8193 
0.6851 
0.7543 
0.7135 
0.7472 
0.7930 
0.7208 
0.7868 
0.7192 
0.6430 
0.8103 
0.7108 
0.7283 
0.7344 
0.6934 
0.7753 
0.7583 
0.7642 
0.7944 
0.6819 
0.7110 
0.7258 
0.7090 
0.7778 
0.7784 
0.8283 
0.7392 
0.7524 
0.7284 
0.7056 
0.7853 
0.7122 
0.6931 
0.6887 
0.7031 
0.7638 
0.7821 
0.7541 
0.7140 
0.7259 
0.7769 
0.7534 
0.7472 
0.7467 
0.7667 
0.7406 
0.7159 
0.7664 
0.7342 
0.7333 
0.7778 
0.7127 
0.7437 
0.7687 
0.7241 
0.7307 
0.7441 
0.7712 
0.7200 
0.7277 
0.7762 
0.7435 
0.7275 
0.7819 
0.8049 
0.7668 
0.7418 
0.7565 
0.7129 
0.6859 
0.6944 
0.7621 
0.7490 
0.7625 
0.7208 
0.7202 
0.7807 
0.7878 
0.7493 
0.7694 
0.7929 
0.7580 
0.7055 
0.7528 
0.7772 
0.7460 
0.6996 
0.7628 
0.7169 
0.7189 
0.7447 
0.7425 
0.7036 
0.7444 
0.7159 
0.7390 
0.7477 
0.7376 
0.7815 
0.7585 
0.7708 
0.6924 
0.7343 
0.7154 
0.7417 
0.7882 
0.7221 
0.7875 
0.7130 
0.7368 
0.7270 
0.7388 
0.7080 
0.7106 
0.6656 
0.7390 
0.7169 
0.7427 
0.7648 
0.7370 
0.7412 
0.7511 
0.7587 
0.7464 
0.7185 
0.6764 
0.7299 
0.3513 
0.5876 
0.5752 
0.8853 
0.3605 
0.8713 
0.4401 
0.6338 
0.4652 
0.5209 
0.4821 
0.4363 
0.8114 
0.5310 
0.4079 
0.7933 
0.3022 
0.8580 
0.4088 
0.7230 
0.7054 
0.2343 
0.6857 
0.3690 
0.6256 
0.3870 
0.7541 
0.5587 
0.6270 
0.6570 
0.5746 
0.3260 
0.5775 
0.7755 
0.6728 
0.5593 
0.7618 
0.6245 
0.4932 
0.5994 
0.7067 
0.6586 
0.6099 
0.6319 
0.3979 
0.4378 
0.5528 
0.8491 
0.3328 
0.6273 
0.5412 
0.6815 
0.4388 
0.7992 
0.3060 
0.6465 
0.6427 
0.6874 
0.8839 
0.4449 
0.5322 
0.7368 
0.7149 
0.3273 
0.7566 
0.7209 
0.6959 
0.7244 
0.6712 
0.6798 
0.8625 
0.6444 
0.8165 
0.5343 
0.5667 
0.8258 
0.5888 
0.5586 
0.6287 
0.5299 
0.5307 
0.7443 
0.8261 
0.4297 
0.8594 
0.6190 
0.4489 
0.7478 
0.7924 
0.6719 
0.7005 
0.5456 
0.5108 
0.6488 
0.7141 
0.6169 
0.5711 
0.4135 
0.6854 
0.6079 
0.7255 
0.7177 
0.7353 
0.5329 
0.5106 
0.5466 
0.7049 
0.8046 
0.5095 
0.5439 
0.6128 
0.6700 
0.6715 
0.5283 
0.6937 
0.5598 
0.6569 
0.5576 
0.8122 
0.7563 
0.8070 
0.6043 
0.7886 
0.7423 
0.6789 
0.5266 
0.7247 
0.7252 
0.7206 
0.7121 
0.5665 
0.5941 
0.6724 
0.6831 
0.5794 
0.6451 
0.5808 
0.6772 
0.6030 
0.6857 
0.7804 
0.5793 
0.6549 
0.6466 
0.6537 
0.6672 
0.5513 
0.5488 
0.4960 
0.6248 
0.6966 
0.7237 
0.5985 
0.4821 
0.7022 
0.5300 
0.7569 
0.5519 
0.5971 
0.6704 
0.6801 
0.7247 
0.6675 
0.5758 
0.7691 
0.5878 
0.5300 
0.6059 
0.6262 
0.6164 
0.6520 
0.7248 
0.7083 
0.6694 
0.6152 
0.6784 
0.6892 
0.6816 
0.7093 
0.5478 
0.5812 
0.6103 
0.6090 
0.7073 
0.7221 
0.6398 
0.5840 
0.6614 
0.6957 
0.6485 
0.7495 
0.6155 
0.7173 
0.7702 
0.7193 
0.6513 
0.6764 
0.6340 
0.7304 
0.6288 
0.6751 
0.7148 
0.6311 
0.5357 
0.6274 
0.6052 
0.6751 
0.6688 
0.6595 
0.6742 
0.6509 
0.6168 
0.6237 
0.7264 
0.5441 
0.7140 
0.6343 
0.5987 
0.6589 
0.7016 
0.7598 
0.6541 
0.6344 
0.6490 
0.6053 
0.5819 
0.5776 
0.7304 
0.6203 
0.6654 
0.6622 
0.7305 
0.6541 
0.5721 
0.6361 
0.7973 
0.6467 
0.6481 
0.5556 
0.5633 
0.6906 
0.6436 
0.5875 
0.5278 
0.6746 
0.5899 
0.6755 
0.5602 
0.6117 
0.6157 
0.5281 
0.6286 
0.7114 
0.6769 
0.6195 
0.6828 
0.6382 
0.6644 
0.6975 
0.5821 
0.6564 
0.6622 
0.5686 
0.6522 
0.5056 
0.7306 
0.6179 
0.6126 
0.7046 
0.6324 
0.6099 
0.6086 
0.7255 
0.6477 
0.7614 
0.6425 
0.5588 
0.6776 
0.6930 
0.6395 
0.6963 
0.6441 
0.6314 
0.7336 
0.6533 
0.6662 
0.6321 
0.5300 
0.6523 
0.6435 
0.6972 
0.6070 
0.6274 
0.7356 
0.6878 
0.6671 
0.6479 
0.6520 
0.6668 
0.6357 
