0.9627 0.7184 0.6912 10
0.9813 0.5428 0.5316 26
0.9583 0.5489 0.5259 6
0.9708 0.6058 0.5865 16
0.9667 0.5974 0.577 19
0.9719 0.6105 0.5927 8
0.9815 0.4572 0.4487 10
0.9882 0.6525 0.6445 10
0.9506 0.6477 0.6156 3
0.9609 0.8563 0.8218 7
0.9489 0.6704 0.636 7
0.9622 0.7265 0.698 15
0.987 0.9446 0.9311 16
0.9787 0.2678 0.2618 19
0.978 0.6301 0.6161 11
0.9778 0.3353 0.3252 31
0.9849 0.5989 0.5895 13
0.9604 0.4133 0.3969 1
0.9793 0.2742 0.2685 1
0.9655 0.5055 0.4866 16
0.9716 0.6441 0.6252 16
0.9758 0.6462 0.6302 18
0.9731 0.727 0.707 14
0.9874 0.9057 0.8937 15
0.9774 0.6684 0.651 11
0.9855 0.5664 0.5582 3
0.9795 0.7532 0.7372 14
0.9818 0.6997 0.6844 23
0.9807 0.7649 0.7492 15
0.9851 0.4572 0.4499 18
0.9685 0.5916 0.5715 17
0.9725 0.6607 0.6422 13
0.9842 0.3892 0.3829 10
0.9694 0.6011 0.5818 25
0.9812 0.5937 0.5823 8
0.9806 0.8333 0.8169 10
0.9865 0.3479 0.3429 27
0.9716 0.784 0.7608 6
0.9801 0.7373 0.722 15
0.9812 0.7056 0.6913 15
0.979 0.7618 0.7445 27
0.984 0.4837 0.476 6
0.9893 0.7133 0.701 29
0.9861 0.6711 0.6601 12
0.9753 0.632 0.6163 14
0.9845 0.5438 0.5342 27
0.9836 0.5408 0.5314 21
0.9835 0.7161 0.7031 20
0.9786 0.6756 0.661 12
0.9824 0.7804 0.7661 23
0.9827 0.7119 0.6985 17
0.9809 0.7242 0.7102 7
0.987 0.7679 0.7578 20
0.9807 0.7556 0.74 26
0.9831 0.6493 0.6377 21
0.9862 0.5109 0.5027 12
0.9779 0.6855 0.6701 14
0.9734 0.6342 0.6173 7
0.9853 0.6722 0.6614 14
0.9821 0.6211 0.6093 17
0.9817 0.6617 0.6489 17
0.9822 0.5931 0.582 12
0.9781 0.6951 0.6798 12
0.9841 0.6972 0.6853 11
0.9777 0.5507 0.5383 10
0.9793 0.7014 0.6865 18
0.9832 0.7819 0.7679 26
0.9813 0.7284 0.714 15
0.9846 0.6039 0.5932 21
0.9821 0.4847 0.4755 18
0.9836 0.5702 0.559 34
0.9838 0.7484 0.7353 28
0.9822 0.9397 0.9224 41
0.9762 0.581 0.5669 8
0.9856 0.9177 0.904 20
0.9842 0.5772 0.5673 19
0.982 0.731 0.7174 14
0.976 0.5484 0.5351 16
0.9896 0.7813 0.7724 29
0.9811 0.6569 0.6432 22
0.9851 0.5236 0.5126 30
0.9854 0.6182 0.6088 15
0.98 0.5939 0.5818 12
0.9867 0.6797 0.6702 17
0.9836 0.478 0.4693 16
0.9833 0.5972 0.5867 17
0.9827 0.711 0.6972 21
0.9764 0.5916 0.5767 22
0.9791 0.6462 0.6316 14
0.9827 0.5423 0.5327 16
0.9797 0.6013 0.5872 26
0.9808 0.5405 0.5291 21
0.9854 0.6959 0.6853 20
0.9878 0.7028 0.693 30
0.9889 0.6534 0.6454 17
0.9855 0.6414 0.6314 20
0.9823 0.6923 0.6789 33
0.972 0.6779 0.6586 17
0.988 0.7691 0.759 29
0.9861 0.6616 0.6517 21
0.9856 0.7018 0.6911 28
0.988 0.7656 0.7558 23
0.9808 0.6323 0.6197 17
0.987 0.6274 0.6185 14
0.9878 0.6917 0.6818 29
0.9849 0.6306 0.6202 27
0.9863 0.7274 0.717 33
0.9808 0.617 0.6048 27
0.9777 0.7033 0.6871 15
0.9817 0.5949 0.5826 38
0.9841 0.6115 0.601 21
0.9807 0.6924 0.6782 28
0.9871 0.6029 0.5946 17
0.9845 0.583 0.5737 16
0.9852 0.5306 0.5208 22
0.9807 0.6387 0.6257 24
0.9806 0.6894 0.6756 15
0.9749 0.6355 0.6192 16
0.9841 0.5773 0.5673 26
0.9844 0.6289 0.6186 36
0.9845 0.6011 0.5912 25
0.9808 0.6401 0.6276 18
0.9762 0.7469 0.7284 12
0.9838 0.652 0.6408 23
0.979 0.6335 0.6195 20
0.9809 0.6433 0.6305 17
0.9801 0.7188 0.7036 28
0.9804 0.6041 0.5913 21
0.9835 0.673 0.6613 34
0.9854 0.7997 0.7867 26
0.9801 0.7067 0.6925 21
0.9834 0.628 0.6167 13
0.9837 0.6571 0.6458 26
0.9804 0.6003 0.5881 18
0.9827 0.7005 0.6876 20
0.9807 0.652 0.6382 15
0.9839 0.7081 0.6947 21
0.9766 0.6276 0.6116 38
0.9814 0.5257 0.5153 21
0.9795 0.6259 0.6124 13
0.9808 0.6344 0.6208 27
0.9752 0.6746 0.6575 12
0.9756 0.6748 0.6576 16
0.9738 0.6834 0.6649 21
0.9751 0.6352 0.6192 23
0.9751 0.5656 0.5499 17
0.9739 0.6343 0.6159 20
0.9772 0.6544 0.6387 17
0.9643 0.5761 0.5552 21
0.9778 0.7074 0.6899 28
0.98 0.5286 0.516 31
0.9743 0.6168 0.6005 11
0.9767 0.6098 0.5948 23
0.9721 0.5758 0.5593 20
0.9825 0.72 0.7061 31
0.9749 0.6682 0.6505 24
0.9729 0.5869 0.5707 16
0.9774 0.5907 0.5768 18
0.9738 0.6358 0.6184 14
0.9791 0.5984 0.585 22
0.9749 0.6002 0.5843 28
0.972 0.6926 0.6723 20
0.9764 0.6808 0.6634 29
0.9706 0.6377 0.6187 10
0.9724 0.602 0.5849 15
0.9693 0.7262 0.7021 22
0.9776 0.5327 0.5205 17
0.9749 0.6732 0.656 21
0.9677 0.5919 0.5723 18
0.9727 0.6875 0.6682 27
0.9735 0.5943 0.5777 26
0.9714 0.7322 0.7108 27
0.9673 0.6865 0.6633 16
0.9704 0.6633 0.6431 19
0.9726 0.6238 0.606 13
0.9729 0.6061 0.5884 22
0.9732 0.5739 0.5577 18
0.9729 0.7259 0.7058 15
0.9783 0.6525 0.6366 21
0.9745 0.6294 0.6123 24
0.97 0.6599 0.6391 24
0.9742 0.6717 0.6538 17
0.9702 0.6818 0.6607 26
0.9736 0.5679 0.5525 16
0.9751 0.5921 0.5765 23
0.9707 0.7227 0.7003 24
0.9724 0.6273 0.6095 21
0.9749 0.5629 0.5479 19
0.9734 0.6194 0.6014 28
0.9702 0.5898 0.5712 13
0.9736 0.638 0.6197 24
0.976 0.6022 0.5848 35
0.9733 0.6302 0.6117 28
0.9721 0.6374 0.6194 16
0.9733 0.6635 0.6442 18
0.9743 0.6078 0.592 17
0.9739 0.6576 0.6401 17
0.9754 0.6818 0.6647 26
0.9782 0.6751 0.6589 23
0.9737 0.656 0.6371 26
0.974 0.6605 0.6426 20
0.9693 0.6604 0.6396 17
0.972 0.6993 0.6783 27
0.9727 0.5793 0.563 19
0.9718 0.7223 0.701 23
0.9668 0.7459 0.7191 16
0.9753 0.7369 0.7178 16
0.9703 0.5858 0.568 16
0.9736 0.6091 0.5918 11
0.9768 0.6691 0.6531 12
0.9775 0.7209 0.7031 32
0.9695 0.6276 0.6072 21
0.9663 0.591 0.5699 20
0.9715 0.6542 0.6342 25
0.9755 0.7133 0.6939 23
0.9711 0.6261 0.607 20
0.9709 0.6465 0.6272 29
0.9735 0.6696 0.6512 19
0.976 0.6332 0.6174 28
0.9715 0.6521 0.6322 17
0.9725 0.5874 0.5702 29
0.9717 0.6766 0.657 23
0.9708 0.6701 0.649 28
0.9732 0.6046 0.5876 23
0.975 0.6976 0.6787 26
0.9665 0.6584 0.6348 27
0.9667 0.6964 0.673 12
0.9744 0.6532 0.6349 21
0.9699 0.6663 0.6454 28
0.9739 0.6198 0.6021 21
0.9715 0.6347 0.6165 19
0.9764 0.6177 0.6022 20
0.97 0.5861 0.5676 24
0.9721 0.5911 0.5734 25
0.9694 0.5732 0.5547 18
0.9685 0.6021 0.5817 19
0.9741 0.7515 0.7304 16
0.9717 0.625 0.606 23
0.9668 0.6404 0.6183 29
0.9724 0.6413 0.6228 18
0.9711 0.6254 0.6062 18
0.9679 0.6413 0.6197 16
0.9674 0.6296 0.6085 14
0.9687 0.6153 0.5956 19
0.974 0.6527 0.6339 29
0.9675 0.65 0.6279 21
0.9731 0.6439 0.6254 16
0.9678 0.6714 0.6489 14
0.9711 0.6825 0.662 19
0.9757 0.6542 0.6369 12
0.9764 0.6639 0.6474 15
0.9746 0.6162 0.5988 37
0.9779 0.7034 0.6866 19
0.9741 0.5722 0.5555 14
0.9732 0.6464 0.6273 18
0.9709 0.6737 0.6526 21
0.9697 0.6348 0.6148 18
0.9695 0.7085 0.6861 24
0.9779 0.5958 0.5811 31
0.9698 0.5757 0.5582 11
0.9717 0.6709 0.6509 22
0.9643 0.5764 0.5548 20
0.9709 0.6195 0.6004 25
0.9742 0.6718 0.6528 28
0.97 0.5903 0.5711 12
0.9693 0.7351 0.7105 16
0.9699 0.7184 0.6955 17
0.9646 0.5756 0.553 21
0.9669 0.653 0.6303 18
0.9704 0.6437 0.6242 12
0.9692 0.6432 0.6224 13
0.9689 0.64 0.6193 23
0.9701 0.6079 0.5892 8
0.9717 0.6959 0.6747 21
0.9711 0.6733 0.6527 19
0.969 0.635 0.615 22
0.9749 0.6534 0.6348 26
0.9688 0.6719 0.6503 18
0.9733 0.615 0.5975 24
0.9766 0.6294 0.6132 18
0.9758 0.6237 0.6077 14
0.9634 0.6504 0.6257 15
0.9691 0.5944 0.5744 22
0.9664 0.6247 0.6031 18
0.9665 0.6352 0.612 15
0.9695 0.6929 0.6709 13
0.9665 0.634 0.6114 15
0.9572 0.5783 0.5534 10
0.9699 0.6434 0.6232 24
0.9753 0.6345 0.6176 18
0.9686 0.6726 0.6507 21
0.9662 0.6512 0.6281 12
0.9731 0.6454 0.626 17
0.9713 0.6188 0.5996 20
0.9674 0.6004 0.5798 15
0.9659 0.6199 0.5974 23
0.969 0.6113 0.5911 20
0.9674 0.6627 0.6404 9
0.9699 0.5742 0.556 20
0.9656 0.6399 0.6169 17
0.9627 0.8742 0.84 9
0.9813 1 0.9803 23
0.7535 1 0.7535 6
0.9712 0.9639 0.9361 2
0.9666 0.7971 0.7705 1
0.9651 1 0.9651 9
0.9335 1 0.9335 2
0.9882 1 0.9881 12
0.9481 0.7228 0.6846 18
0.9572 1 0.9571 6
0.9509 0.8353 0.7939 6
0.9628 1 0.9627 6
0.9857 0.7133 0.7028 8
0.9775 0.9481 0.9262 9
0.7931 1 0.7931 2
0.9778 1 0.9772 7
0.8075 1 0.8075 2
0.9604 0.5825 0.5579 4
0.8022 1 0.8022 8
0.9687 0.7471 0.7122 16
0.9394 1 0.9394 4
0.9779 1 0.9777 12
0.9709 0.9408 0.9117 16
0.9892 1 0.9888 14
0.966 1 0.966 7
0.9841 0.7813 0.7684 14
0.9847 1 0.9845 7
0.9257 1 0.9257 4
0.9739 1 0.9739 4
0.8496 1 0.8496 5
0.9677 0.7435 0.7189 11
0.9667 1 0.9667 4
0.9833 1 0.9799 27
0.967 1 0.9658 20
0.8826 1 0.8826 5
0.9765 0.9746 0.9514 4
0.9237 1 0.9237 5
0.9701 1 0.9695 8
0.9798 1 0.9796 8
0.9789 0.9902 0.9621 23
0.9679 1 0.9679 5
0.9791 1 0.9787 17
0.9724 1 0.9724 4
0.9871 0.7825 0.7719 17
0.9755 1 0.9751 10
0.9779 1 0.9779 5
0.9807 1 0.9807 6
0.9831 0.9309 0.9127 24
0.9603 1 0.9603 2
0.9785 1 0.9785 8
0.9803 1 0.9802 9
0.9783 1 0.9783 6
0.9841 1 0.9841 12
0.9807 1 0.9803 17
0.9816 1 0.9816 7
0.9862 1 0.9835 20
0.9663 1 0.9663 5
0.969 1 0.9684 14
0.9863 0.9233 0.9105 11
0.9819 1 0.9817 12
0.9835 0.9995 0.9817 16
0.9827 1 0.9826 11
0.9798 1 0.9798 6
0.9836 1 0.9835 8
0.9789 1 0.9789 4
0.9785 1 0.9785 5
0.9711 1 0.9711 9
0.9773 1 0.9773 6
0.9777 1 0.9772 16
0.9805 1 0.9789 15
0.9791 1 0.9791 10
0.9787 0.8199 0.8015 19
0.9905 1 0.9905 4
0.9721 1 0.972 12
0.9837 1 0.9837 8
0.9759 1 0.9759 3
0.9739 1 0.9739 10
0.9282 1 0.9282 4
0.9896 1 0.9877 27
0.9812 1 0.9808 14
0.975 1 0.9749 10
0.9806 1 0.9806 5
0.9775 1 0.9775 10
0.9867 1 0.9847 20
0.9826 1 0.9826 7
0.9829 1 0.9829 4
0.9787 1 0.9787 9
0.9808 1 0.9807 10
0.9822 1 0.9819 8
0.9809 1 0.9806 17
0.9822 1 0.9822 7
0.9744 1 0.9743 7
0.9844 1 0.9842 9
0.9874 1 0.9864 11
0.9891 1 0.9882 24
0.9807 1 0.9805 7
0.9823 1 0.9821 17
0.976 1 0.9756 13
0.9862 1 0.985 17
0.9776 1 0.9776 4
0.9777 1 0.9776 11
0.987 1 0.9864 16
0.9789 1 0.9789 2
0.9852 1 0.9851 6
0.9877 1 0.9873 9
0.9822 1 0.9821 8
0.9763 1 0.9763 7
0.9805 1 0.9805 3
0.979 1 0.9789 9
0.9773 1 0.9773 5
0.9826 0.8486 0.8327 24
0.984 1 0.9839 5
0.9853 1 0.9853 8
0.9732 1 0.9732 3
0.9866 1 0.9865 11
0.9792 1 0.9792 7
0.9812 1 0.9812 3
0.9733 1 0.9733 6
0.9856 1 0.9854 15
0.9837 1 0.9837 8
0.9846 1 0.9846 8
0.9837 1 0.9831 24
0.9778 1 0.9778 12
0.9853 1 0.9852 11
0.9801 1 0.98 13
0.9749 1 0.9749 6
0.9809 1 0.9809 3
0.981 1 0.981 6
0.9836 1 0.9822 20
0.9786 1 0.9786 5
0.9787 1 0.9786 13
0.9839 1 0.9839 7
0.9751 1 0.9751 7
0.9837 1 0.9835 8
0.9862 1 0.9862 4
0.9764 1 0.9764 6
0.9784 1 0.9783 9
0.9763 1 0.9763 8
0.9816 1 0.9816 8
0.9817 1 0.9817 5
0.9797 1 0.9797 3
0.9734 1 0.972 12
0.9704 1 0.9704 9
0.9713 1 0.9712 8
0.9766 1 0.9766 2
0.9725 1 0.9724 14
0.973 1 0.973 7
0.9597 1 0.9597 3
0.9632 1 0.9632 4
0.9755 1 0.9755 5
0.972 1 0.972 9
0.9754 1 0.9747 20
0.9741 1 0.9741 7
0.9711 1 0.971 8
0.9721 1 0.972 4
0.9645 1 0.9645 9
0.9554 1 0.9554 3
0.9739 1 0.9739 8
0.9565 1 0.9565 3
0.9623 1 0.9623 4
0.8339 1 0.8339 3
0.9733 1 0.9733 5
0.9706 1 0.9705 9
0.9741 1 0.974 11
0.9742 1 0.9742 6
0.9773 1 0.9772 6
0.9761 1 0.976 10
0.9692 1 0.9692 5
0.9691 1 0.9691 4
0.9703 1 0.97 29
0.9746 1 0.9745 15
0.9693 1 0.9693 8
0.9611 1 0.9611 3
0.9733 1 0.9733 2
0.9682 1 0.9681 9
0.9713 1 0.9712 13
0.9731 1 0.9727 14
0.9749 1 0.9748 10
0.9797 1 0.9796 9
0.9674 1 0.9674 7
0.9731 1 0.9731 6
0.9732 1 0.9732 8
0.9525 1 0.9525 4
0.9751 1 0.975 16
0.9739 1 0.9739 2
0.9719 1 0.9714 21
0.977 1 0.9768 12
0.9736 1 0.9736 7
0.9727 1 0.9721 15
0.9473 1 0.9473 7
0.9702 1 0.9702 8
0.9741 1 0.9741 6
0.965 1 0.965 6
0.9668 1 0.9668 7
0.9775 1 0.9774 10
0.974 1 0.974 7
0.9739 1 0.9739 9
0.9676 1 0.9676 8
0.9738 1 0.9726 18
0.9747 1 0.9747 8
0.9737 1 0.9737 10
0.9693 1 0.9693 7
0.9492 1 0.9492 6
0.9713 1 0.9708 21
0.9617 1 0.9617 7
0.9685 1 0.9676 10
0.9745 1 0.9745 5
0.965 1 0.965 3
0.9657 1 0.9657 7
0.9759 1 0.9759 2
0.9616 1 0.9616 7
0.9688 1 0.9688 9
0.97 1 0.9694 15
0.9671 1 0.9671 4
0.9705 1 0.9695 18
0.9756 1 0.9755 9
0.9629 1 0.9629 4
0.9777 1 0.9777 6
0.9715 1 0.9714 8
0.9685 1 0.9685 6
0.9674 1 0.9674 6
0.9679 1 0.9678 13
0.9692 1 0.9692 8
0.9739 1 0.9739 6
0.9654 1 0.9653 12
0.9666 1 0.9666 3
0.9656 1 0.9655 8
0.9695 1 0.9693 10
0.9548 1 0.9548 4
0.972 1 0.971 12
0.9718 1 0.9716 13
0.9745 1 0.9742 13
0.9675 1 0.9675 8
0.9695 1 0.9695 5
0.9715 1 0.9713 10
0.9729 1 0.9728 8
0.9701 1 0.9701 2
0.9704 1 0.9704 4
0.969 1 0.969 9
0.9644 1 0.9644 9
0.9687 1 0.9686 11
0.9682 1 0.968 12
0.9713 1 0.9697 8
0.9684 1 0.9684 5
0.9626 1 0.9624 6
0.9717 1 0.9717 9
0.97 1 0.97 3
0.9682 1 0.9682 8
0.9711 1 0.9711 6
0.9722 1 0.9721 8
0.9714 1 0.9714 7
0.9759 1 0.9754 14
0.9776 1 0.9772 13
0.9689 1 0.9689 8
0.9716 1 0.9715 3
0.9604 1 0.9604 12
0.9661 1 0.9661 7
0.9714 1 0.971 13
0.9759 1 0.9758 5
0.9687 1 0.9687 3
0.9681 1 0.9681 3
0.964 1 0.964 10
0.9562 1 0.9562 3
0.9702 1 0.97 14
0.9662 1 0.966 12
0.9654 1 0.9653 10
0.9684 1 0.9684 9
0.9727 1 0.9713 16
0.9696 1 0.9695 9
0.9527 1 0.9527 3
0.9633 1 0.9633 2
0.9655 1 0.9655 10
0.9706 1 0.9704 3
0.9663 1 0.9663 5
0.9704 1 0.9703 5
0.9696 1 0.9696 10
0.9516 1 0.9516 7
0.97 1 0.9693 17
0.9715 1 0.9715 5
0.9705 1 0.9705 4
0.9787 1 0.9776 11
0.9629 1 0.9624 8
0.9698 1 0.9697 8
0.9722 1 0.9722 11
0.9663 1 0.9663 9
0.9703 1 0.9703 7
0.9642 1 0.9642 4
0.9608 1 0.9608 4
0.9691 1 0.9683 18
0.9692 1 0.9691 11
0.9682 1 0.968 8
0.9619 1 0.9619 8
0.9677 1 0.9673 8
0.9697 1 0.9697 12
0.9692 1 0.9692 8
0.966 1 0.966 6
0.968 1 0.968 5
0.9417 1 0.9417 5
0.975 1 0.9735 19
0.9672 1 0.9667 11
0.7667 1 0.7667 5
0.9819 0.9933 0.974 28
0.9434 1 0.9433 8
0.9709 0.9662 0.9381 2
0.9485 1 0.9484 6
0.9708 0.9998 0.9697 7
0.6863 1 0.6863 2
0.9606 1 0.9606 4
0.695 1 0.695 6
0.9636 0.7049 0.6788 9
0.73 1 0.73 3
0.7288 1 0.7288 4
0.9832 1 0.983 15
0.7904 1 0.7904 3
0.76 1 0.76 5
0.9383 1 0.9383 4
0.7015 1 0.7015 1
0.9604 0.984 0.9414 5
0.6677 1 0.6677 5
0.9687 0.9999 0.9675 15
0.9599 1 0.9599 4
0.5727 1 0.5727 3
0.9721 1 0.9721 3
0.6345 1 0.6345 1
0.9566 1 0.9566 5
0.5613 1 0.5613 2
0.9832 1 0.9831 10
0.7101 1 0.7101 3
0.9744 1 0.9743 5
0.9797 1 0.9796 11
0.9617 1 0.9617 7
0.8134 1 0.8134 4
0.853 1 0.853 2
0.9661 1 0.9661 7
0.9693 1 0.9693 8
0.9666 1 0.9666 7
0.9705 1 0.9705 7
0.9639 1 0.9635 6
0.749 1 0.749 3
0.9484 1 0.9484 3
0.9785 1 0.9784 13
0.9334 1 0.9334 5
0.9662 1 0.9657 24
0.8698 1 0.8698 4
0.6999 1 0.6999 3
0.6845 1 0.6845 4
0.976 1 0.976 2
0.973 1 0.973 7
0.8253 1 0.8253 5
0.9829 1 0.9819 29
0.8753 1 0.8753 3
0.9754 1 0.9754 7
0.8735 1 0.8735 4
0.9793 1 0.9793 5
0.7406 1 0.7406 3
0.9788 1 0.9786 6
0.9619 1 0.9619 9
0.9548 1 0.9548 7
0.9896 1 0.9887 24
0.7278 1 0.7278 4
0.9605 1 0.9605 7
0.9828 1 0.9825 11
0.9685 1 0.9685 5
0.749 1 0.749 3
0.9783 1 0.9783 9
0.9781 1 0.978 15
0.9368 1 0.9368 3
0.9424 1 0.9424 5
0.9355 1 0.9355 4
0.9824 1 0.9823 4
0.9793 1 0.9793 8
0.7987 1 0.7987 3
0.9905 1 0.9895 26
0.7981 1 0.7981 4
0.7664 1 0.7664 5
0.9827 1 0.982 15
0.9158 1 0.9158 5
0.8669 1 0.8669 3
0.7931 1 0.7931 2
0.7782 1 0.7782 3
0.7834 1 0.7834 5
0.9824 1 0.9823 6
0.9757 1 0.9756 11
0.714 1 0.714 4
0.9758 1 0.9758 7
0.9748 1 0.9748 11
0.7581 1 0.7581 2
0.9714 1 0.9714 7
0.9752 1 0.9752 23
0.9818 1 0.9818 3
0.9778 1 0.9778 8
0.9304 1 0.9304 2
0.8215 1 0.8215 3
0.9799 1 0.9799 6
0.9827 1 0.9825 8
0.9844 1 0.9843 8
0.8606 1 0.8606 5
0.8018 1 0.8018 3
0.9819 1 0.9819 4
0.9644 1 0.9644 8
0.9842 1 0.9842 6
0.9689 1 0.9689 3
0.9741 1 0.9741 6
0.7969 1 0.7969 3
0.8289 1 0.8289 6
0.9128 1 0.9128 4
0.8919 1 0.8919 4
0.975 1 0.975 6
0.7605 1 0.7605 6
0.8852 1 0.8852 4
0.9292 1 0.9292 1
0.8621 1 0.8621 4
0.9793 1 0.9793 2
0.9137 1 0.9137 3
0.9839 1 0.9839 7
0.8124 1 0.8124 5
0.9322 1 0.9322 3
0.7781 1 0.7781 4
0.9725 1 0.9725 5
0.9824 1 0.9824 4
0.981 1 0.9809 16
0.9656 1 0.9656 2
0.9789 1 0.9788 9
0.9836 1 0.9836 11
0.9643 1 0.9643 3
0.9405 1 0.9405 7
0.9751 1 0.9751 8
0.9708 1 0.9705 9
0.9753 1 0.9753 10
0.9799 1 0.9795 15
0.8591 1 0.8591 5
0.9746 1 0.9746 3
0.9706 1 0.9706 2
0.9738 1 0.9738 5
0.8688 1 0.8688 5
0.9222 1 0.9222 5
0.8915 1 0.8915 4
0.9308 1 0.9308 3
0.9616 1 0.9616 4
0.9806 1 0.9806 7
0.9478 1 0.9478 2
0.8069 1 0.8069 2
0.941 1 0.941 3
0.7034 1 0.7034 3
0.9389 1 0.9389 3
0.9156 1 0.9156 4
0.8051 1 0.8051 3
0.8193 1 0.8193 2
0.764 1 0.764 2
0.9293 1 0.9293 3
0.8266 1 0.8266 3
0.9707 1 0.9707 3
0.814 1 0.814 2
0.8006 1 0.8006 4
0.9734 1 0.9734 3
0.6744 1 0.6744 2
0.9055 1 0.9055 4
0.8718 1 0.8718 4
0.9149 1 0.9149 4
0.9598 1 0.9598 2
0.9734 1 0.9734 8
0.9632 1 0.9632 5
0.951 1 0.951 5
0.7511 1 0.7511 2
0.9761 1 0.9761 2
0.8101 1 0.8101 3
0.826 1 0.826 1
0.9474 1 0.9474 6
0.9204 1 0.9204 3
0.9628 1 0.9628 5
0.9593 1 0.9593 3
0.9461 1 0.9461 3
0.9546 1 0.9546 5
0.8925 1 0.8925 2
0.9218 1 0.9218 3
0.9593 1 0.9593 5
0.7908 1 0.7908 4
0.863 1 0.863 3
0.9192 1 0.9192 4
0.7958 1 0.7958 2
0.9274 1 0.9274 3
0.9125 1 0.9125 3
0.93 1 0.93 5
0.9723 1 0.9723 7
0.9713 1 0.9713 7
0.9509 1 0.9509 4
0.8321 1 0.8321 3
0.8312 1 0.8312 3
0.9666 1 0.9665 12
0.8798 1 0.8798 4
0.9485 1 0.9485 4
0.9066 1 0.9066 2
0.9024 1 0.9024 3
0.882 1 0.882 3
0.9621 1 0.9621 5
0.9161 1 0.9161 4
0.9643 1 0.9643 9
0.9372 1 0.9372 4
0.9648 1 0.9648 7
0.9101 1 0.9101 2
0.9238 1 0.9238 2
0.9465 1 0.9465 2
0.8662 1 0.8662 3
0.7881 1 0.7881 2
0.8613 1 0.8613 5
0.9556 1 0.9556 3
0.9343 1 0.9343 2
0.9551 1 0.9551 6
0.9506 1 0.9506 4
0.9503 1 0.9503 4
0.9555 1 0.9555 3
0.9277 1 0.9277 3
0.851 1 0.851 2
0.7986 1 0.7986 1
0.8107 1 0.8107 3
0.9583 1 0.9583 4
0.9556 1 0.9556 6
0.8694 1 0.8694 3
0.9051 1 0.9051 3
0.9679 1 0.9679 3
0.9699 1 0.9698 7
0.9343 1 0.9343 5
0.8089 1 0.8089 1
0.8396 1 0.8396 3
0.8656 1 0.8656 3
0.7857 1 0.7857 4
0.7226 1 0.7226 4
0.9509 1 0.9509 2
0.8779 1 0.8779 3
0.8481 1 0.8481 3
0.8036 1 0.8036 5
0.9497 1 0.9497 3
0.8916 1 0.8916 2
0.9264 1 0.9264 4
0.9623 1 0.9623 8
0.9656 1 0.9656 3
0.9067 1 0.9067 2
0.8898 1 0.8898 4
0.8404 1 0.8404 1
0.8729 1 0.8729 2
0.9361 1 0.9361 3
0.9006 1 0.9006 4
0.8386 1 0.8386 2
0.7644 1 0.7644 3
0.8563 1 0.8563 2
0.8702 1 0.8702 3
0.9293 1 0.9293 4
0.8153 1 0.8153 1
0.8816 1 0.8816 2
0.8565 1 0.8565 1
0.8741 1 0.8741 1
0.9044 1 0.9044 3
0.7168 1 0.7168 3
0.8629 1 0.8629 2
0.8716 1 0.8716 2
0.9444 1 0.9444 3
0.9429 1 0.9429 4
0.9169 1 0.9169 3
0.9371 1 0.9371 4
0.8773 1 0.8773 2
0.8465 1 0.8465 2
0.9144 1 0.9144 1
0.7966 1 0.7966 4
0.9636 1 0.9636 6
0.7291 1 0.7291 5
0.9672 1 0.9672 12
0.9043 1 0.9043 3
0.9199 1 0.9199 3
0.9216 1 0.9216 4
0.732 1 0.732 4
0.9112 1 0.9112 4
0.8531 1 0.8531 5
0.9703 1 0.9703 10
0.9177 1 0.9177 1
0.8959 1 0.8959 2
0.8952 1 0.8952 3
0.7162 1 0.7162 1
0.932 1 0.932 3
0.9582 1 0.9582 5
0.8459 1 0.8459 2
0.8741 1 0.8741 3
0.8245 1 0.8245 3
0.9435 1 0.9435 3
0.9532 1 0.9532 8
0.8442 1 0.8442 3
0.9648 1 0.9648 10
0.8344 1 0.8344 3
0.8645 1 0.8645 4
0.9465 1 0.9465 2
0.8071 1 0.8071 4
0.8405 1 0.8405 2
0.7086 1 0.7086 2
0.8175 1 0.8175 2
0.96 1 0.96 7
0.9556 1 0.9556 3
0.866 1 0.866 2
0.8237 1 0.8237 2
0.8971 1 0.8971 2
0.9134 1 0.9134 1
0.887 1 0.887 3