0.9447
0.9768
0.9351
0.9303
0.9513
0.9622
0.966
0.9849
0.9444
0.9553
0.9467
0.9493
0.9743
0.9692
0.9674
0.9664
0.9797
0.9139
0.9574
0.9548
0.9644
0.9598
0.959
0.9599
0.9633
0.9704
0.9685
0.9652
0.9627
0.974
0.964
0.9595
0.9712
0.963
0.9722
0.9676
0.9779
0.9521
0.9603
0.9625
0.9632
0.9735
0.9586
0.9714
0.9667
0.9675
0.9672
0.9602
0.961
0.963
0.9617
0.9553
0.9784
0.9653
0.9653
0.9613
0.9533
0.9523
0.9757
0.9644
0.9618
0.9694
0.9654
0.9689
0.9676
0.963
0.968
0.9599
0.9627
0.9627
0.9586
0.9606
0.9717
0.9674
0.9678
0.9636
0.9577
0.9499
0.9743
0.9691
0.9674
0.9621
0.9602
0.9666
0.9652
0.9658
0.9674
0.9561
0.9671
0.9647
0.9623
0.9605
0.9686
0.9665
0.9649
0.9655
0.9602
0.9559
0.9666
0.9702
0.9663
0.968
0.962
0.9755
0.9649
0.9618
0.963
0.9574
0.955
0.9625
0.9678
0.9589
0.9684
0.9713
0.9635
0.9632
0.966
0.9516
0.9639
0.9673
0.9634
0.9637
0.963
0.9629
0.962
0.972
0.9571
0.9628
0.9561
0.9628
0.9617
0.9555
0.9561
0.9686
0.9647
0.9657
0.9574
0.9617
0.9614
0.9602
0.9585
0.956
0.9497
0.956
0.959
0.9584
0.9578
0.9546
0.9539
0.9574
0.9581
0.9543
0.9533
0.9586
0.9539
0.9545
0.9586
0.9603
0.9559
0.9575
0.9512
0.9544
0.9521
0.9603
0.9608
0.952
0.9596
0.9525
0.9508
0.9582
0.9578
0.9508
0.9524
0.9461
0.9491
0.9566
0.9678
0.9604
0.9564
0.9613
0.9528
0.9518
0.9529
0.9576
0.9566
0.9434
0.953
0.9534
0.9464
0.9486
0.9529
0.9558
0.9561
0.9553
0.9538
0.9547
0.9531
0.9558
0.9523
0.9535
0.9514
0.9512
0.9429
0.9542
0.9522
0.9506
0.9568
0.9565
0.9488
0.9487
0.9527
0.9538
0.9472
0.9516
0.9614
0.9557
0.9557
0.9492
0.9516
0.9541
0.9447
0.951
0.9482
0.9511
0.9495
0.9449
0.9508
0.9496
0.9549
0.9521
0.9538
0.9523
0.9565
0.9581
0.9483
0.9456
0.9508
0.9515
0.9484
0.9498
0.9496
0.9495
0.954
0.9465
0.9522
0.9357
0.9503
0.9473
0.9461
0.9527
0.9506
0.9479
0.948
0.95
0.9482
0.9502
0.9466
0.9486
0.9549
0.9524
0.9502
0.9449
0.9438
0.9501
0.9415
0.9484
0.9484
0.9436
0.9496
0.954
0.941
0.9508
0.9519
0.947
0.9463
0.95
0.9511
0.9406
0.9451
0.9521
0.9515
0.9521
0.9442
0.9544
0.9542
0.9472
0.9536
0.9363
0.9509
0.9477
0.9503
0.9456
0.9496
0.9462
0.9519
0.9484
0.9547
0.948
0.9504
0.9494