0.9447 +- -1.00 (1)
0.9768 +- -1.00 (1)
0.9351 +- -1.00 (1)
0.9303 +- -1.00 (1)
0.9513 +- -1.00 (1)
0.9622 +- -1.00 (1)
0.9660 +- -1.00 (1)
0.9849 +- -1.00 (1)
0.9444 +- -1.00 (1)
0.9553 +- -1.00 (1)
0.9467 +- -1.00 (1)
0.9493 +- -1.00 (1)
0.9743 +- -1.00 (1)
0.9692 +- -1.00 (1)
0.9674 +- -1.00 (1)
0.9664 +- -1.00 (1)
0.9797 +- -1.00 (1)
0.9139 +- -1.00 (1)
0.9574 +- -1.00 (1)
0.9548 +- -1.00 (1)
0.9644 +- -1.00 (1)
0.9598 +- -1.00 (1)
0.9590 +- -1.00 (1)
0.9599 +- -1.00 (1)
0.9633 +- -1.00 (1)
0.9704 +- -1.00 (1)
0.9685 +- -1.00 (1)
0.9652 +- -1.00 (1)
0.9627 +- -1.00 (1)
0.9740 +- -1.00 (1)
0.9640 +- -1.00 (1)
0.9595 +- -1.00 (1)
0.9712 +- -1.00 (1)
0.9630 +- -1.00 (1)
0.9722 +- -1.00 (1)
0.9676 +- -1.00 (1)
0.9779 +- -1.00 (1)
0.9521 +- -1.00 (1)
0.9603 +- -1.00 (1)
0.9625 +- -1.00 (1)
0.9632 +- -1.00 (1)
0.9735 +- -1.00 (1)
0.9586 +- -1.00 (1)
0.9714 +- -1.00 (1)
0.9667 +- -1.00 (1)
0.9675 +- -1.00 (1)
0.9672 +- -1.00 (1)
0.9602 +- -1.00 (1)
0.9610 +- -1.00 (1)
0.9630 +- -1.00 (1)
0.9617 +- -1.00 (1)
0.9553 +- -1.00 (1)
0.9784 +- -1.00 (1)
0.9653 +- -1.00 (1)
0.9653 +- -1.00 (1)
0.9613 +- -1.00 (1)
0.9533 +- -1.00 (1)
0.9523 +- -1.00 (1)
0.9757 +- -1.00 (1)
0.9644 +- -1.00 (1)
0.9618 +- -1.00 (1)
0.9694 +- -1.00 (1)
0.9654 +- -1.00 (1)
0.9689 +- -1.00 (1)
0.9676 +- -1.00 (1)
0.9630 +- -1.00 (1)
0.9680 +- -1.00 (1)
0.9599 +- -1.00 (1)
0.9627 +- -1.00 (1)
0.9627 +- -1.00 (1)
0.9586 +- -1.00 (1)
0.9606 +- -1.00 (1)
0.9717 +- -1.00 (1)
0.9674 +- -1.00 (1)
0.9678 +- -1.00 (1)
0.9636 +- -1.00 (1)
0.9577 +- -1.00 (1)
0.9499 +- -1.00 (1)
0.9743 +- -1.00 (1)
0.9691 +- -1.00 (1)
0.9674 +- -1.00 (1)
0.9621 +- -1.00 (1)
0.9602 +- -1.00 (1)
0.9666 +- -1.00 (1)
0.9652 +- -1.00 (1)
0.9658 +- -1.00 (1)
0.9674 +- -1.00 (1)
0.9561 +- -1.00 (1)
0.9671 +- -1.00 (1)
0.9647 +- -1.00 (1)
0.9623 +- -1.00 (1)
0.9605 +- -1.00 (1)
0.9686 +- -1.00 (1)
0.9665 +- -1.00 (1)
0.9649 +- -1.00 (1)
0.9655 +- -1.00 (1)
0.9602 +- -1.00 (1)
0.9559 +- -1.00 (1)
0.9666 +- -1.00 (1)
0.9702 +- -1.00 (1)
0.9663 +- -1.00 (1)
0.9680 +- -1.00 (1)
0.9620 +- -1.00 (1)
0.9755 +- -1.00 (1)
0.9649 +- -1.00 (1)
0.9618 +- -1.00 (1)
0.9630 +- -1.00 (1)
0.9574 +- -1.00 (1)
0.9550 +- -1.00 (1)
0.9625 +- -1.00 (1)
0.9678 +- -1.00 (1)
0.9589 +- -1.00 (1)
0.9684 +- -1.00 (1)
0.9713 +- -1.00 (1)
0.9635 +- -1.00 (1)
0.9632 +- -1.00 (1)
0.9660 +- -1.00 (1)
0.9516 +- -1.00 (1)
0.9639 +- -1.00 (1)
0.9673 +- -1.00 (1)
0.9634 +- -1.00 (1)
0.9637 +- -1.00 (1)
0.9630 +- -1.00 (1)
0.9629 +- -1.00 (1)
0.9620 +- -1.00 (1)
0.9720 +- -1.00 (1)
0.9571 +- -1.00 (1)
0.9628 +- -1.00 (1)
0.9561 +- -1.00 (1)
0.9628 +- -1.00 (1)
0.9617 +- -1.00 (1)
0.9555 +- -1.00 (1)
0.9561 +- -1.00 (1)
0.9686 +- -1.00 (1)
0.9647 +- -1.00 (1)
0.9657 +- -1.00 (1)
0.9574 +- -1.00 (1)
0.9617 +- -1.00 (1)
0.9614 +- -1.00 (1)
0.9602 +- -1.00 (1)
0.9585 +- -1.00 (1)
0.9560 +- -1.00 (1)
0.9497 +- -1.00 (1)
0.9560 +- -1.00 (1)
0.9590 +- -1.00 (1)
0.9584 +- -1.00 (1)
0.9578 +- -1.00 (1)
0.9546 +- -1.00 (1)
0.9539 +- -1.00 (1)
0.9574 +- -1.00 (1)
0.9581 +- -1.00 (1)
0.9543 +- -1.00 (1)
0.9533 +- -1.00 (1)
0.9586 +- -1.00 (1)
0.9539 +- -1.00 (1)
0.9545 +- -1.00 (1)
0.9586 +- -1.00 (1)
0.9603 +- -1.00 (1)
0.9559 +- -1.00 (1)
0.9575 +- -1.00 (1)
0.9512 +- -1.00 (1)
0.9544 +- -1.00 (1)
0.9521 +- -1.00 (1)
0.9603 +- -1.00 (1)
0.9608 +- -1.00 (1)
0.9520 +- -1.00 (1)
0.9596 +- -1.00 (1)
0.9525 +- -1.00 (1)
0.9508 +- -1.00 (1)
0.9582 +- -1.00 (1)
0.9578 +- -1.00 (1)
0.9508 +- -1.00 (1)
0.9524 +- -1.00 (1)
0.9461 +- -1.00 (1)
0.9491 +- -1.00 (1)
0.9566 +- -1.00 (1)
0.9678 +- -1.00 (1)
0.9604 +- -1.00 (1)
0.9564 +- -1.00 (1)
0.9613 +- -1.00 (1)
0.9528 +- -1.00 (1)
0.9518 +- -1.00 (1)
0.9529 +- -1.00 (1)
0.9576 +- -1.00 (1)
0.9566 +- -1.00 (1)
0.9434 +- -1.00 (1)
0.9530 +- -1.00 (1)
0.9534 +- -1.00 (1)
0.9464 +- -1.00 (1)
0.9486 +- -1.00 (1)
0.9529 +- -1.00 (1)
0.9558 +- -1.00 (1)
0.9561 +- -1.00 (1)
0.9553 +- -1.00 (1)
0.9538 +- -1.00 (1)
0.9547 +- -1.00 (1)
0.9531 +- -1.00 (1)
0.9558 +- -1.00 (1)
0.9523 +- -1.00 (1)
0.9535 +- -1.00 (1)
0.9514 +- -1.00 (1)
0.9512 +- -1.00 (1)
0.9429 +- -1.00 (1)
0.9542 +- -1.00 (1)
0.9522 +- -1.00 (1)
0.9506 +- -1.00 (1)
0.9568 +- -1.00 (1)
0.9565 +- -1.00 (1)
0.9488 +- -1.00 (1)
0.9487 +- -1.00 (1)
0.9527 +- -1.00 (1)
0.9538 +- -1.00 (1)
0.9472 +- -1.00 (1)
0.9516 +- -1.00 (1)
0.9614 +- -1.00 (1)
0.9557 +- -1.00 (1)
0.9557 +- -1.00 (1)
0.9492 +- -1.00 (1)
0.9516 +- -1.00 (1)
0.9541 +- -1.00 (1)
0.9447 +- -1.00 (1)
0.9510 +- -1.00 (1)
0.9482 +- -1.00 (1)
0.9511 +- -1.00 (1)
0.9495 +- -1.00 (1)
0.9449 +- -1.00 (1)
0.9508 +- -1.00 (1)
0.9496 +- -1.00 (1)
0.9549 +- -1.00 (1)
0.9521 +- -1.00 (1)
0.9538 +- -1.00 (1)
0.9523 +- -1.00 (1)
0.9565 +- -1.00 (1)
0.9581 +- -1.00 (1)
0.9483 +- -1.00 (1)
0.9456 +- -1.00 (1)
0.9508 +- -1.00 (1)
0.9515 +- -1.00 (1)
0.9484 +- -1.00 (1)
0.9498 +- -1.00 (1)
0.9496 +- -1.00 (1)
0.9495 +- -1.00 (1)
0.9540 +- -1.00 (1)
0.9465 +- -1.00 (1)
0.9522 +- -1.00 (1)
0.9357 +- -1.00 (1)
0.9503 +- -1.00 (1)
0.9473 +- -1.00 (1)
0.9461 +- -1.00 (1)
0.9527 +- -1.00 (1)
0.9506 +- -1.00 (1)
0.9479 +- -1.00 (1)
0.9480 +- -1.00 (1)
0.9500 +- -1.00 (1)
0.9482 +- -1.00 (1)
0.9502 +- -1.00 (1)
0.9466 +- -1.00 (1)
0.9486 +- -1.00 (1)
0.9549 +- -1.00 (1)
0.9524 +- -1.00 (1)
0.9502 +- -1.00 (1)
0.9449 +- -1.00 (1)
0.9438 +- -1.00 (1)
0.9501 +- -1.00 (1)
0.9415 +- -1.00 (1)
0.9484 +- -1.00 (1)
0.9484 +- -1.00 (1)
0.9436 +- -1.00 (1)
0.9496 +- -1.00 (1)
0.9540 +- -1.00 (1)
0.9410 +- -1.00 (1)
0.9508 +- -1.00 (1)
0.9519 +- -1.00 (1)
0.9470 +- -1.00 (1)
0.9463 +- -1.00 (1)
0.9500 +- -1.00 (1)
0.9511 +- -1.00 (1)
0.9406 +- -1.00 (1)
0.9451 +- -1.00 (1)
0.9521 +- -1.00 (1)
0.9515 +- -1.00 (1)
0.9521 +- -1.00 (1)
0.9442 +- -1.00 (1)
0.9544 +- -1.00 (1)
0.9542 +- -1.00 (1)
0.9472 +- -1.00 (1)
0.9536 +- -1.00 (1)
0.9363 +- -1.00 (1)
0.9509 +- -1.00 (1)
0.9477 +- -1.00 (1)
0.9503 +- -1.00 (1)
0.9456 +- -1.00 (1)
0.9496 +- -1.00 (1)
0.9462 +- -1.00 (1)
0.9519 +- -1.00 (1)
0.9484 +- -1.00 (1)
0.9547 +- -1.00 (1)
0.9480 +- -1.00 (1)
0.9504 +- -1.00 (1)
0.9494 +- -1.00 (1)
