0.9447
0.976
0.9332
0.9322
0.9513
0.9613
0.9633
0.9807
0.937
0.9553
0.9431
0.9493
0.976
0.9692
0.9727
0.965
0.9797
0.9139
0.9585
0.9605
0.9643
0.962
0.9631
0.9599
0.9614
0.9704
0.9657
0.9636
0.9617
0.9753
0.964
0.9556
0.9738
0.9676
0.9768
0.9638
0.9772
0.9543
0.9608
0.9625
0.9622
0.9701
0.9605
0.9723
0.9666
0.9649
0.9698
0.9599
0.9659
0.9608
0.9604
0.9597
0.9762
0.9653
0.966
0.9611
0.9533
0.953
0.9769
0.9692
0.9624
0.9715
0.9632
0.9715
0.9647
0.9655
0.9675
0.9636
0.9656
0.9731
0.9593
0.9621
0.9743
0.9648
0.9736
0.9629
0.9577
0.9546
0.9753
0.9662
0.9619
0.9719
0.9597
0.9665
0.9676
0.9641
0.9664
0.9557
0.9673
0.963
0.9697
0.9601
0.972
0.9672
0.9666
0.9651
0.9651
0.958
0.9722
0.9669
0.9656
0.971
0.9621
0.9754
0.9659
0.9591
0.96
0.9653
0.963
0.9614
0.9686
0.9681
0.9691
0.9707
0.9663
0.9608
0.9645
0.9515
0.9623
0.9671
0.9649
0.9627
0.9603
0.9681
0.9599
0.9665
0.9605
0.9605
0.9603
0.9619
0.9623
0.9551
0.9529
0.967
0.9579
0.9632
0.9605
0.961
0.9618
0.9631
0.9529
0.9594
0.9533
0.9553
0.9533
0.9581
0.9489
0.9501
0.9517
0.9587
0.9584
0.9603
0.9518
0.9541
0.9558
0.9566
0.9549
0.958
0.9531
0.9556
0.9523
0.9597
0.9552
0.9589
0.9577
0.9554
0.9537
0.9565
0.9446
0.9549
0.9554
0.9548
0.9498
0.953
0.9494
0.9562
0.9553
0.9561
0.9498
0.952
0.9542
0.9553
0.952
0.9533
0.9504
0.9338
0.9505
0.9501
0.9486
0.9481
0.9454
0.9565
0.9356
0.9529
0.9575
0.9522
0.957
0.9533
0.954
0.9532
0.9477
0.9542
0.9448
0.9527
0.9433
0.9363
0.9551
0.9549
0.9446
0.9483
0.95
0.9564
0.9373
0.9505
0.9503
0.9568
0.9494
0.9499
0.9507
0.953
0.9448
0.9486
0.9459
0.9458
0.9516
0
0.9491
0.9477
0.9507
0.9519
0.9488
0.943
0.9534
0.9522
0.9514
0.9477
0.9546
0.9501
0.9451
0.9499
0.9481
0.9498
0.9518
0.9474
0.949
0
0.9519
0.9472
0.9459
0.9496
0.9509
0.9452
0.9542
0.949
0.9441
0.9468
0.9477
0.9421
0.9489
0.9523
0.9483
0.9468
0.9465
0.9519
0.9399
0.9308
0.9501
0.9463
0.9447
0.9465
0.9426
0.95
0.9537
0.9427
0.9504
0.9472
0.9556
0.946
0.9493
0.9492
0.9501
0.9472
0.9475
0.9496
0.9522
0.9345
0.9485
0.9401
0.9504
0.9459
0.9373
0.9477
0.9555
0.9469
0.9457
0.9473
0.9515
0.9429
0.9489
0.9501