0.9474
0.9601
0.9288
0.934
0.9523
0.9684
0.9294
0.9797
0.9444
0.9571
0.9466
0.9534
0.9823
0.9666
0.9748
0.967
0.9814
0.9139
0.9559
0.9487
0.9644
0.9616
0.9628
0.9589
0.967
0.9742
0.9713
0.9456
0.967
0.9725
0.9637
0.9647
0.9709
0.9646
0.9768
0.97
0.9731
0.958
0.9652
0.9606
0.9674
0.9728
0.9467
0.9716
0.9679
0.9657
0.9696
0.9601
0.9655
0.9666
0.9689
0.9581
0.9785
0.9673
0.9637
0.9688
0.9395
0.9526
0.9736
0.9683
0.9652
0.9711
0.9647
0.9721
0.9683
0.9683
0.9659
0.967
0.9656
0.9411
0.9572
0.9638
0.9723
0.9684
0.9716
0.9645
0.9603
0.9351
0.9698
0.97
0.9614
0.9639
0.9576
0.9688
0.9678
0.9673
0.9675
0.9531
0.9672
0.9648
0.9642
0.962
0.9662
0.969
0.9645
0.9627
0.9632
0.9585
0.9701
0.9658
0.9659
0.9687
0.9634
0.9709
0.9636
0.9622
0.9666
0.954
0.96
0.9638
0.9685
0.964
0.9659
0.9728
0.9682
0.966
0.9646
0.9496
0.9699
0.9628
0.962
0.9616
0.9645
0.9598
0.9615
0.9695
0.957
0.9582
0.9568
0.9634
0.9601
0.9654
0.9672
0.9692
0.9661
0.962
0.9565
0.9655
0.9663
0.9571
0.948
0.9598
0.9585
0.9463
0.957
0.9586
0.9155
0.9568
0.9526
0.9553
0.9551
0.9599
0.9584
0.9532
0.9541
0.9599
0.9562
0.9591
0.9535
0.9529
0.9539
0.9601
0.9554
0.952
0.9548
0.9501
0.9561
0.9483
0.9396
0.9525
0.9581
0.9507
0.9507
0.9537
0.9586
0.9546
0.9553
0.9546
0.9518
0.9595
0.9553
0.9539
0.9567
0.9208
0.9566
0.9507
0.9524
0.9512
0.9467
0.9476
0.9559
0.9517
0.9524
0.9576
0.9539
0.9431
0.9569
0.9437
0.9232
0.934
0.9522
0.9539
0.9472
0.919
0.956
0.9482
0.9545
0.9558
0.9563
0.9503
0.9499
0.9535
0.9525
0.952
0.95
0.9513
0.9546
0.9332
0.915
0.9531
0.958
0.9474
0.9565
0.9075
0.9531
0.9455
0.9445
0.9503
0.9146
0.9395
0.946
0.9486
0.9558
0.9513
0.9515
0.913
0.9545
0.9499
0.9569
0.9529
0.9496
0.9488
0.9495
0.9546
0.9543
0.9501
0.9415
0.9467
0.9473
0.9502
0.9513
0.953
0.9524
0.9464
0.9548
0.9155
0.9166
0.9234
0.9241
0.9485
0.9193
0.9414
0.9442
0.9261
0.9474
0.9488
0.9501
0.9445
0.9574
0.953
0.909
0.9204
0.9496
0.9473
0.9503
0.9162
0.9483
0.9125
0.9457
0.9508
0.9461
0.9446
0.905
0.9524
0.9487
0.9458
0.9219
0.9137
0.9453
0.9469
0.9468
0.9461
0.9504
0.9482
0.9491
0.9097
0.9527
0.9443
0.9525
0.9101