0.9477 +- -1.00 (1)
0.9644 +- -1.00 (1)
0.9288 +- -1.00 (1)
0.9340 +- -1.00 (1)
0.9514 +- -1.00 (1)
0.9622 +- -1.00 (1)
0.9296 +- -1.00 (1)
0.9776 +- -1.00 (1)
0.9486 +- -1.00 (1)
0.9518 +- -1.00 (1)
0.9442 +- -1.00 (1)
0.9534 +- -1.00 (1)
0.9798 +- -1.00 (1)
0.9692 +- -1.00 (1)
0.9748 +- -1.00 (1)
0.9664 +- -1.00 (1)
0.9806 +- -1.00 (1)
0.9116 +- -1.00 (1)
0.9566 +- -1.00 (1)
0.9466 +- -1.00 (1)
0.9655 +- -1.00 (1)
0.9621 +- -1.00 (1)
0.9610 +- -1.00 (1)
0.9552 +- -1.00 (1)
0.9688 +- -1.00 (1)
0.9737 +- -1.00 (1)
0.9730 +- -1.00 (1)
0.9530 +- -1.00 (1)
0.9636 +- -1.00 (1)
0.9726 +- -1.00 (1)
0.9636 +- -1.00 (1)
0.9625 +- -1.00 (1)
0.9688 +- -1.00 (1)
0.9680 +- -1.00 (1)
0.9768 +- -1.00 (1)
0.9654 +- -1.00 (1)
0.9772 +- -1.00 (1)
0.9543 +- -1.00 (1)
0.9605 +- -1.00 (1)
0.9582 +- -1.00 (1)
0.9674 +- -1.00 (1)
0.9753 +- -1.00 (1)
0.9539 +- -1.00 (1)
0.9698 +- -1.00 (1)
0.9690 +- -1.00 (1)
0.9694 +- -1.00 (1)
0.9718 +- -1.00 (1)
0.9620 +- -1.00 (1)
0.9609 +- -1.00 (1)
0.9621 +- -1.00 (1)
0.9656 +- -1.00 (1)
0.9595 +- -1.00 (1)
0.9777 +- -1.00 (1)
0.9673 +- -1.00 (1)
0.9645 +- -1.00 (1)
0.9665 +- -1.00 (1)
0.9429 +- -1.00 (1)
0.9494 +- -1.00 (1)
0.9699 +- -1.00 (1)
0.9669 +- -1.00 (1)
0.9595 +- -1.00 (1)
0.9640 +- -1.00 (1)
0.9651 +- -1.00 (1)
0.9689 +- -1.00 (1)
0.9685 +- -1.00 (1)
0.9639 +- -1.00 (1)
0.9632 +- -1.00 (1)
0.9634 +- -1.00 (1)
0.9664 +- -1.00 (1)
0.9385 +- -1.00 (1)
0.9573 +- -1.00 (1)
0.9660 +- -1.00 (1)
0.9751 +- -1.00 (1)
0.9677 +- -1.00 (1)
0.9696 +- -1.00 (1)
0.9661 +- -1.00 (1)
0.9535 +- -1.00 (1)
0.9224 +- -1.00 (1)
0.9682 +- -1.00 (1)
0.9646 +- -1.00 (1)
0.9620 +- -1.00 (1)
0.9649 +- -1.00 (1)
0.9571 +- -1.00 (1)
0.9633 +- -1.00 (1)
0.9727 +- -1.00 (1)
0.9645 +- -1.00 (1)
0.9679 +- -1.00 (1)
0.9560 +- -1.00 (1)
0.9648 +- -1.00 (1)
0.9638 +- -1.00 (1)
0.9632 +- -1.00 (1)
0.9643 +- -1.00 (1)
0.9672 +- -1.00 (1)
0.9677 +- -1.00 (1)
0.9633 +- -1.00 (1)
0.9607 +- -1.00 (1)
0.9679 +- -1.00 (1)
0.9546 +- -1.00 (1)
0.9636 +- -1.00 (1)
0.9630 +- -1.00 (1)
0.9655 +- -1.00 (1)
0.9651 +- -1.00 (1)
0.9560 +- -1.00 (1)
0.9709 +- -1.00 (1)
0.9619 +- -1.00 (1)
0.9612 +- -1.00 (1)
0.9625 +- -1.00 (1)
0.9522 +- -1.00 (1)
0.9595 +- -1.00 (1)
0.9610 +- -1.00 (1)
0.9633 +- -1.00 (1)
0.9599 +- -1.00 (1)
0.9667 +- -1.00 (1)
0.9746 +- -1.00 (1)
0.9707 +- -1.00 (1)
0.9637 +- -1.00 (1)
0.9654 +- -1.00 (1)
0.9587 +- -1.00 (1)
0.9648 +- -1.00 (1)
0.9647 +- -1.00 (1)
0.9644 +- -1.00 (1)
0.9588 +- -1.00 (1)
0.9529 +- -1.00 (1)
0.9591 +- -1.00 (1)
0.9650 +- -1.00 (1)
0.9659 +- -1.00 (1)
0.9590 +- -1.00 (1)
0.9583 +- -1.00 (1)
0.9537 +- -1.00 (1)
0.9644 +- -1.00 (1)
0.9582 +- -1.00 (1)
0.9685 +- -1.00 (1)
0.9624 +- -1.00 (1)
0.9681 +- -1.00 (1)
0.9586 +- -1.00 (1)
0.9621 +- -1.00 (1)
0.9600 +- -1.00 (1)
0.9612 +- -1.00 (1)
0.9631 +- -1.00 (1)
0.9565 +- -1.00 (1)
0.9550 +- -1.00 (1)
0.9579 +- -1.00 (1)
0.9470 +- -1.00 (1)
0.9385 +- -1.00 (1)
0.9552 +- -1.00 (1)
0.9508 +- -1.00 (1)
0.9198 +- -1.00 (1)
0.9530 +- -1.00 (1)
0.9467 +- -1.00 (1)
0.9526 +- -1.00 (1)
0.9544 +- -1.00 (1)
0.9647 +- -1.00 (1)
0.9487 +- -1.00 (1)
0.9499 +- -1.00 (1)
0.9562 +- -1.00 (1)
0.9525 +- -1.00 (1)
0.9563 +- -1.00 (1)
0.9581 +- -1.00 (1)
0.9547 +- -1.00 (1)
0.9529 +- -1.00 (1)
0.9594 +- -1.00 (1)
0.9564 +- -1.00 (1)
0.9552 +- -1.00 (1)
0.9459 +- -1.00 (1)
0.9540 +- -1.00 (1)
0.9534 +- -1.00 (1)
0.9572 +- -1.00 (1)
0.9483 +- -1.00 (1)
0.9434 +- -1.00 (1)
0.9545 +- -1.00 (1)
0.9591 +- -1.00 (1)
0.9523 +- -1.00 (1)
0.9508 +- -1.00 (1)
0.9558 +- -1.00 (1)
0.9422 +- -1.00 (1)
0.9545 +- -1.00 (1)
0.9513 +- -1.00 (1)
0.9528 +- -1.00 (1)
0.9511 +- -1.00 (1)
0.9551 +- -1.00 (1)
0.9543 +- -1.00 (1)
0.9533 +- -1.00 (1)
0.9538 +- -1.00 (1)
0.9151 +- -1.00 (1)
0.9587 +- -1.00 (1)
0.9478 +- -1.00 (1)
0.9484 +- -1.00 (1)
0.9523 +- -1.00 (1)
0.9447 +- -1.00 (1)
0.9447 +- -1.00 (1)
0.9518 +- -1.00 (1)
0.9480 +- -1.00 (1)
0.9477 +- -1.00 (1)
0.9518 +- -1.00 (1)
0.9556 +- -1.00 (1)
0.9509 +- -1.00 (1)
0.9514 +- -1.00 (1)
0.9539 +- -1.00 (1)
0.9183 +- -1.00 (1)
0.9496 +- -1.00 (1)
0.9557 +- -1.00 (1)
0.9505 +- -1.00 (1)
0.9457 +- -1.00 (1)
0.9480 +- -1.00 (1)
0.9561 +- -1.00 (1)
0.9517 +- -1.00 (1)
0.9528 +- -1.00 (1)
0.9528 +- -1.00 (1)
0.9481 +- -1.00 (1)
0.9503 +- -1.00 (1)
0.9469 +- -1.00 (1)
0.9522 +- -1.00 (1)
0.9417 +- -1.00 (1)
0.9519 +- -1.00 (1)
0.9535 +- -1.00 (1)
0.9573 +- -1.00 (1)
0.9518 +- -1.00 (1)
0.9261 +- -1.00 (1)
0.9213 +- -1.00 (1)
0.9475 +- -1.00 (1)
0.9440 +- -1.00 (1)
0.9418 +- -1.00 (1)
0.9458 +- -1.00 (1)
0.9090 +- -1.00 (1)
0.9533 +- -1.00 (1)
0.9394 +- -1.00 (1)
0.9489 +- -1.00 (1)
0.9435 +- -1.00 (1)
0.9146 +- -1.00 (1)
0.9473 +- -1.00 (1)
0.9497 +- -1.00 (1)
0.9482 +- -1.00 (1)
0.9549 +- -1.00 (1)
0.9541 +- -1.00 (1)
0.9519 +- -1.00 (1)
0.9150 +- -1.00 (1)
0.9459 +- -1.00 (1)
0.9521 +- -1.00 (1)
0.9476 +- -1.00 (1)
0.9436 +- -1.00 (1)
0.9470 +- -1.00 (1)
0.9548 +- -1.00 (1)
0.9473 +- -1.00 (1)
0.9536 +- -1.00 (1)
0.9505 +- -1.00 (1)
0.9437 +- -1.00 (1)
0.9426 +- -1.00 (1)
0.9407 +- -1.00 (1)
0.9473 +- -1.00 (1)
0.9459 +- -1.00 (1)
0.9489 +- -1.00 (1)
0.9465 +- -1.00 (1)
0.9396 +- -1.00 (1)
0.9411 +- -1.00 (1)
0.9493 +- -1.00 (1)
0.9192 +- -1.00 (1)
0.9116 +- -1.00 (1)
0.9189 +- -1.00 (1)
0.9274 +- -1.00 (1)
0.9451 +- -1.00 (1)
0.9208 +- -1.00 (1)
0.9437 +- -1.00 (1)
0.9432 +- -1.00 (1)
0.9458 +- -1.00 (1)
0.9491 +- -1.00 (1)
0.9437 +- -1.00 (1)
0.9415 +- -1.00 (1)
0.9468 +- -1.00 (1)
0.9477 +- -1.00 (1)
0.9457 +- -1.00 (1)
0.9097 +- -1.00 (1)
0.9148 +- -1.00 (1)
0.9544 +- -1.00 (1)
0.9413 +- -1.00 (1)
0.9453 +- -1.00 (1)
0.9148 +- -1.00 (1)
0.9519 +- -1.00 (1)
0.9121 +- -1.00 (1)
0.9438 +- -1.00 (1)
0.9472 +- -1.00 (1)
0.9458 +- -1.00 (1)
0.9412 +- -1.00 (1)
0.9061 +- -1.00 (1)
0.9503 +- -1.00 (1)
0.9431 +- -1.00 (1)
0.9451 +- -1.00 (1)
0.9442 +- -1.00 (1)
0.9110 +- -1.00 (1)
0.9492 +- -1.00 (1)
0.9540 +- -1.00 (1)
0.9387 +- -1.00 (1)
0.9467 +- -1.00 (1)
0.9453 +- -1.00 (1)
0.9478 +- -1.00 (1)
0.9533 +- -1.00 (1)
0.9077 +- -1.00 (1)
0.9506 +- -1.00 (1)
0.9496 +- -1.00 (1)
0.9505 +- -1.00 (1)
0.9107 +- -1.00 (1)
