0.9477
0.9586
0.9288
0.9394
0.9521
0.9618
0.9232
0.9807
0.9415
0.9553
0.9432
0.9534
0.9782
0.9694
0.9721
0.9706
0.9797
0.9139
0.9567
0.9477
0.9655
0.9616
0.9671
0.9567
0.9656
0.9759
0.9718
0.9537
0.9636
0.9718
0.9637
0.9608
0.9678
0.9687
0.9768
0.9672
0.9736
0.9486
0.9624
0.9595
0.9674
0.9684
0.9566
0.9721
0.9674
0.9687
0.9737
0.9619
0.9612
0.9627
0.9646
0.9572
0.9789
0.9683
0.9669
0.9698
0.9296
0.9497
0.9736
0.9667
0.9641
0.9626
0.9647
0.9705
0.9663
0.9634
0.9646
0.9664
0.9666
0.9394
0.9624
0.9647
0.9703
0.9662
0.9706
0.9624
0.9603
0.924
0.9703
0.9645
0.9641
0.9684
0.953
0.9726
0.9616
0.9643
0.9664
0.9505
0.9677
0.9679
0.9588
0.9596
0.9666
0.9704
0.9691
0.9663
0.9672
0.9578
0.9641
0.9676
0.9662
0.9663
0.9659
0.9618
0.9613
0.9587
0.9659
0.9587
0.9583
0.9633
0.9644
0.9632
0.9647
0.9726
0.9672
0.9655
0.9665
0.9538
0.9666
0.9664
0.9623
0.9624
0.9557
0.9594
0.9616
0.9654
0.9518
0.9544
0.9554
0.9605
0.9593
0.9641
0.9638
0.9647
0.9641
0.9613
0.9604
0.9569
0.9634
0.9571
0.9564
0.9627
0.9496
0.9463
0.9612
0.9482
0.9188
0.9551
0.9511
0.9572
0.9591
0.9582
0.9545
0.9561
0.9519
0.9532
0.9481
0.9604
0.9512
0.9519
0.9522
0.9576
0.9549
0.9526
0.9543
0.9454
0.958
0.9502
0.9404
0.9508
0.959
0.9444
0.9537
0.9606
0.9461
0.9547
0.95
0.9507
0.9578
0.9542
0.9558
0.9498
0.9481
0.9153
0.9543
0.9494
0.9481
0.9488
0.9498
0.9538
0.9543
0.9563
0.9474
0.9526
0.9531
0.9502
0.9536
0.947
0.9174
0.9496
0.9506
0.9527
0.9435
0.9488
0.9522
0.9504
0.9537
0.9503
0.9494
0.9521
0.9473
0.9547
0.946
0.9516
0.9439
0.9564
0.9534
0.9257
0.915
0.9532
0.9441
0.9446
0.9467
0.9075
0.9526
0.9363
0.9452
0.9464
0.9146
0.9451
0.9436
0.9459
0.9546
0.952
0.9477
0.9165
0.9471
0.9523
0.9458
0.9457
0.9461
0.9453
0.9488
0.9521
0.9552
0.946
0.945
0.9431
0.941
0.9524
0.9488
0.9492
0.949
0.9462
0.9524
0.9098
0.9161
0.929
0.9265
0.9487
0.9159
0.9443
0.9439
0.942
0.947
0.949
0.947
0.9506
0.9496
0.9519
0.909
0.9122
0.9525
0.942
0.9514
0.9129
0.9497
0.9144
0.9404
0.9516
0.9461
0.9373
0.9097
0.9477
0.9449
0.9496
0.9477
0.9091
0.9509
0.9451
0.9484
0.947
0.9502
0.9439
0.9454
0.906
0.9511
0.9515
0.9449
0.9192