0.9492 
0.9611 
0.9301 
0.9322 
0.9522 
0.9654 
0.9265 
0.9818 
0.9458 
0.9553 
0.9385 
0.9534 
0.9823 
0.9679 
0.9721 
0.9718 
0.9803 
0.9139 
0.9585 
0.9574 
0.9627 
0.9653 
0.9654 
0.9604 
0.9656 
0.9731 
0.9732 
0.9511 
0.9688 
0.9716 
0.9636 
0.9602 
0.9714 
0.9644 
0.9737 
0.9676 
0.9745 
0.9523 
0.9628 
0.9597 
0.9690 
0.9716 
0.9458 
0.9708 
0.9688 
0.9701 
0.9723 
0.9559 
0.9643 
0.9683 
0.9660 
0.9571 
0.9757 
0.9669 
0.9676 
0.9691 
0.9344 
0.9520 
0.9722 
0.9692 
0.9663 
0.9688 
0.9652 
0.9726 
0.9655 
0.9676 
0.9652 
0.9640 
0.9692 
0.9407 
0.9577 
0.9610 
0.9737 
0.9527 
0.9693 
0.9665 
0.9603 
0.9306 
0.9762 
0.9699 
0.9622 
0.9695 
0.9554 
0.9721 
0.9647 
0.9649 
0.9674 
0.9590 
0.9654 
0.9633 
0.9600 
0.9629 
0.9680 
0.9735 
0.9650 
0.9626 
0.9685 
0.9613 
0.9658 
0.9661 
0.9700 
0.9662 
0.9616 
0.9721 
0.9684 
0.9639 
0.9632 
0.9559 
0.9586 
0.9623 
0.9679 
0.9605 
0.9644 
0.9724 
0.9706 
0.9676 
0.9645 
0.9511 
0.9663 
0.9657 
0.9609 
0.9651 
0.9575 
0.9595 
0.9612 
0.9682 
0.9588 
0.9554 
0.9648 
0.9644 
0.9589 
0.9671 
0.9637 
0.9647 
0.9619 
0.9584 
0.9613 
0.9629 
0.9609 
0.9564 
0.9533 
0.9625 
0.9555 
0.9376 
0.9593 
0.9547 
0.9153 
0.9575 
0.9483 
0.9525 
0.9534 
0.9605 
0.9512 
0.9527 
0.9559 
0.9557 
0.9552 
0.9594 
0.9560 
0.9516 
0.9538 
0.9590 
0.9538 
0.9562 
0.9571 
0.9516 
0.9539 
0.9506 
0.9381 
0.9539 
0.9642 
0.9535 
0.9493 
0.9562 
0.9550 
0.9548 
0.9580 
0.9560 
0.9564 
0.9564 
0.9560 
0.9533 
0.9515 
0.9169 
0.9603 
0.9518 
0.9508 
0.9540 
0.9507 
0.9494 
0.9571 
0.9494 
0.9567 
0.9560 
0.9545 
0.9443 
0.9552 
0.9486 
0.9213 
0.9417 
0.9490 
0.9553 
0.9533 
0.9153 
0.9506 
0.9505 
0.9514 
0.9555 
0.9517 
0.9508 
0.9473 
0.9477 
0.9528 
0.9492 
0.9498 
0.9510 
0.9496 
0.9302 
0.9142 
0.9530 
0.9536 
0.9445 
0.9461 
0.9086 
0.9533 
0.9442 
0.9464 
0.9505 
0.9146 
0.9438 
0.9464 
0.9462 
0.9533 
0.9537 
0.9527 
0.9151 
0.9512 
0.9489 
0.9527 
0.9506 
0.9503 
0.9490 
0.9537 
0.9546 
0.9473 
0.9401 
0.9408 
0.9452 
0.9367 
0.9491 
0.9551 
0.9488 
0.9533 
0.9419 
0.9497 
0.9151 
0.9121 
0.9223 
0.9262 
0.9489 
0.9173 
0.9432 
0.9443 
0.9246 
0.9429 
0.9437 
0.9503 
0.9434 
0.9465 
0.9519 
0.9155 
0.9191 
0.9487 
0.9499 
0.9515 
0.9165 
0.9479 
0.9128 
0.9469 
0.9509 
0.9483 
0.9392 
0.9101 
0.9526 
0.9454 
0.9431 
0.9216 
0.9063 
0.9502 
0.9432 
0.9437 
0.9466 
0.9474 
0.9463 
0.9495 
0.9095 
0.9478 
0.9470 
0.9519 
0.9182 
