0.9477 
0.9595 
0.9264 
0.9340 
0.9522 
0.9618 
0.9424 
0.9807 
0.9486 
0.9553 
0.9432 
0.9534 
0.9812 
0.9675 
0.9748 
0.9664 
0.9789 
0.9139 
0.9566 
0.9594 
0.9640 
0.9598 
0.9634 
0.9573 
0.9670 
0.9738 
0.9701 
0.9507 
0.9673 
0.9740 
0.9639 
0.9619 
0.9682 
0.9645 
0.9768 
0.9697 
0.9733 
0.9543 
0.9624 
0.9625 
0.9674 
0.9745 
0.9525 
0.9701 
0.9685 
0.9671 
0.9737 
0.9621 
0.9602 
0.9679 
0.9652 
0.9568 
0.9743 
0.9663 
0.9676 
0.9641 
0.9414 
0.9530 
0.9710 
0.9641 
0.9633 
0.9700 
0.9664 
0.9687 
0.9672 
0.9656 
0.9631 
0.9645 
0.9662 
0.9395 
0.9636 
0.9640 
0.9721 
0.9688 
0.9706 
0.9684 
0.9612 
0.9310 
0.9706 
0.9667 
0.9597 
0.9672 
0.9557 
0.9726 
0.9672 
0.9625 
0.9667 
0.9549 
0.9659 
0.9639 
0.9592 
0.9604 
0.9684 
0.9681 
0.9655 
0.9598 
0.9653 
0.9520 
0.9716 
0.9654 
0.9650 
0.9705 
0.9632 
0.9639 
0.9668 
0.9632 
0.9683 
0.9595 
0.9669 
0.9589 
0.9690 
0.9637 
0.9639 
0.9715 
0.9667 
0.9677 
0.9658 
0.9545 
0.9653 
0.9659 
0.9600 
0.9685 
0.9591 
0.9636 
0.9545 
0.9648 
0.9577 
0.9607 
0.9563 
0.9595 
0.9590 
0.9657 
0.9663 
0.9638 
0.9643 
0.9559 
0.9562 
0.9571 
0.9598 
0.9588 
0.9531 
0.9541 
0.9461 
0.9502 
0.9572 
0.9500 
0.9209 
0.9573 
0.9500 
0.9590 
0.9587 
0.9598 
0.9594 
0.9535 
0.9549 
0.9574 
0.9542 
0.9592 
0.9617 
0.9536 
0.9547 
0.9568 
0.9514 
0.9570 
0.9552 
0.9483 
0.9590 
0.9485 
0.9420 
0.9543 
0.9550 
0.9463 
0.9435 
0.9539 
0.9527 
0.9543 
0.9584 
0.9554 
0.9541 
0.9551 
0.9583 
0.9534 
0.9499 
0.9151 
0.9582 
0.9533 
0.9520 
0.9574 
0.9462 
0.9501 
0.9535 
0.9519 
0.9511 
0.9553 
0.9530 
0.9502 
0.9568 
0.9515 
0.9192 
0.9454 
0.9539 
0.9514 
0.9435 
0.9286 
0.9565 
0.9488 
0.9544 
0.9521 
0.9470 
0.9466 
0.9509 
0.9497 
0.9556 
0.9521 
0.9469 
0.9564 
0.9581 
0.9330 
0.9246 
0.9490 
0.9475 
0.9523 
0.9471 
0.9108 
0.9507 
0.9485 
0.9528 
0.9494 
0.9152 
0.9466 
0.9472 
0.9502 
0.9559 
0.9544 
0.9504 
0.9112 
0.9501 
0.9486 
0.9484 
0.9525 
0.9474 
0.9410 
0.9469 
0.9529 
0.9513 
0.9452 
0.9411 
0.9403 
0.9493 
0.9491 
0.9458 
0.9537 
0.9526 
0.9455 
0.9493 
0.9134 
0.9177 
0.9209 
0.9310 
0.9444 
0.9198 
0.9404 
0.9439 
0.9200 
0.9462 
0.9439 
0.9483 
0.9478 
0.9537 
0.9533 
0.9111 
0.9246 
0.9515 
0.9436 
0.9499 
0.9175 
0.9498 
0.9135 
0.9438 
0.9534 
0.9478 
0.9454 
0.9069 
0.9434 
0.9474 
0.9471 
0.9449 
0.9082 
0.9509 
0.9501 
0.9422 
0.9439 
0.9464 
0.9499 
0.9506 
0.9174 
0.9556 
0.9480 
0.9475 
0.9131 
