0.9492 +- -1.00 (1)
0.9611 +- -1.00 (1)
0.9301 +- -1.00 (1)
0.9322 +- -1.00 (1)
0.9522 +- -1.00 (1)
0.9654 +- -1.00 (1)
0.9265 +- -1.00 (1)
0.9818 +- -1.00 (1)
0.9458 +- -1.00 (1)
0.9553 +- -1.00 (1)
0.9385 +- -1.00 (1)
0.9534 +- -1.00 (1)
0.9823 +- -1.00 (1)
0.9679 +- -1.00 (1)
0.9721 +- -1.00 (1)
0.9718 +- -1.00 (1)
0.9803 +- -1.00 (1)
0.9139 +- -1.00 (1)
0.9585 +- -1.00 (1)
0.9574 +- -1.00 (1)
0.9627 +- -1.00 (1)
0.9653 +- -1.00 (1)
0.9654 +- -1.00 (1)
0.9604 +- -1.00 (1)
0.9656 +- -1.00 (1)
0.9731 +- -1.00 (1)
0.9732 +- -1.00 (1)
0.9511 +- -1.00 (1)
0.9688 +- -1.00 (1)
0.9716 +- -1.00 (1)
0.9636 +- -1.00 (1)
0.9602 +- -1.00 (1)
0.9714 +- -1.00 (1)
0.9644 +- -1.00 (1)
0.9737 +- -1.00 (1)
0.9676 +- -1.00 (1)
0.9745 +- -1.00 (1)
0.9523 +- -1.00 (1)
0.9628 +- -1.00 (1)
0.9597 +- -1.00 (1)
0.9690 +- -1.00 (1)
0.9716 +- -1.00 (1)
0.9458 +- -1.00 (1)
0.9708 +- -1.00 (1)
0.9688 +- -1.00 (1)
0.9701 +- -1.00 (1)
0.9723 +- -1.00 (1)
0.9559 +- -1.00 (1)
0.9643 +- -1.00 (1)
0.9683 +- -1.00 (1)
0.9660 +- -1.00 (1)
0.9571 +- -1.00 (1)
0.9757 +- -1.00 (1)
0.9669 +- -1.00 (1)
0.9676 +- -1.00 (1)
0.9691 +- -1.00 (1)
0.9344 +- -1.00 (1)
0.9520 +- -1.00 (1)
0.9722 +- -1.00 (1)
0.9692 +- -1.00 (1)
0.9663 +- -1.00 (1)
0.9688 +- -1.00 (1)
0.9652 +- -1.00 (1)
0.9726 +- -1.00 (1)
0.9655 +- -1.00 (1)
0.9676 +- -1.00 (1)
0.9652 +- -1.00 (1)
0.9640 +- -1.00 (1)
0.9692 +- -1.00 (1)
0.9407 +- -1.00 (1)
0.9577 +- -1.00 (1)
0.9610 +- -1.00 (1)
0.9737 +- -1.00 (1)
0.9527 +- -1.00 (1)
0.9693 +- -1.00 (1)
0.9665 +- -1.00 (1)
0.9603 +- -1.00 (1)
0.9306 +- -1.00 (1)
0.9762 +- -1.00 (1)
0.9699 +- -1.00 (1)
0.9622 +- -1.00 (1)
0.9695 +- -1.00 (1)
0.9554 +- -1.00 (1)
0.9721 +- -1.00 (1)
0.9647 +- -1.00 (1)
0.9649 +- -1.00 (1)
0.9674 +- -1.00 (1)
0.9590 +- -1.00 (1)
0.9654 +- -1.00 (1)
0.9633 +- -1.00 (1)
0.9600 +- -1.00 (1)
0.9629 +- -1.00 (1)
0.9680 +- -1.00 (1)
0.9735 +- -1.00 (1)
0.9650 +- -1.00 (1)
0.9626 +- -1.00 (1)
0.9685 +- -1.00 (1)
0.9613 +- -1.00 (1)
0.9658 +- -1.00 (1)
0.9661 +- -1.00 (1)
0.9700 +- -1.00 (1)
0.9662 +- -1.00 (1)
0.9616 +- -1.00 (1)
0.9721 +- -1.00 (1)
0.9684 +- -1.00 (1)
0.9639 +- -1.00 (1)
0.9632 +- -1.00 (1)
0.9559 +- -1.00 (1)
0.9586 +- -1.00 (1)
0.9623 +- -1.00 (1)
0.9679 +- -1.00 (1)
0.9605 +- -1.00 (1)
0.9644 +- -1.00 (1)
0.9724 +- -1.00 (1)
0.9706 +- -1.00 (1)
0.9676 +- -1.00 (1)
0.9645 +- -1.00 (1)
0.9511 +- -1.00 (1)
0.9663 +- -1.00 (1)
0.9657 +- -1.00 (1)
0.9609 +- -1.00 (1)
0.9651 +- -1.00 (1)
0.9575 +- -1.00 (1)
0.9595 +- -1.00 (1)
0.9612 +- -1.00 (1)
0.9682 +- -1.00 (1)
0.9588 +- -1.00 (1)
0.9554 +- -1.00 (1)
0.9648 +- -1.00 (1)
0.9644 +- -1.00 (1)
0.9589 +- -1.00 (1)
0.9671 +- -1.00 (1)
0.9637 +- -1.00 (1)
0.9647 +- -1.00 (1)
0.9619 +- -1.00 (1)
0.9584 +- -1.00 (1)
0.9613 +- -1.00 (1)
0.9629 +- -1.00 (1)
0.9609 +- -1.00 (1)
0.9564 +- -1.00 (1)
0.9533 +- -1.00 (1)
0.9625 +- -1.00 (1)
0.9555 +- -1.00 (1)
0.9376 +- -1.00 (1)
0.9593 +- -1.00 (1)
0.9547 +- -1.00 (1)
0.9153 +- -1.00 (1)
0.9575 +- -1.00 (1)
0.9483 +- -1.00 (1)
0.9525 +- -1.00 (1)
0.9534 +- -1.00 (1)
0.9605 +- -1.00 (1)
0.9512 +- -1.00 (1)
0.9527 +- -1.00 (1)
0.9559 +- -1.00 (1)
0.9557 +- -1.00 (1)
0.9552 +- -1.00 (1)
0.9594 +- -1.00 (1)
0.9560 +- -1.00 (1)
0.9516 +- -1.00 (1)
0.9538 +- -1.00 (1)
0.9590 +- -1.00 (1)
0.9538 +- -1.00 (1)
0.9562 +- -1.00 (1)
0.9571 +- -1.00 (1)
0.9516 +- -1.00 (1)
0.9539 +- -1.00 (1)
0.9506 +- -1.00 (1)
0.9381 +- -1.00 (1)
0.9539 +- -1.00 (1)
0.9642 +- -1.00 (1)
0.9535 +- -1.00 (1)
0.9493 +- -1.00 (1)
0.9562 +- -1.00 (1)
0.9550 +- -1.00 (1)
0.9548 +- -1.00 (1)
0.9580 +- -1.00 (1)
0.9560 +- -1.00 (1)
0.9564 +- -1.00 (1)
0.9564 +- -1.00 (1)
0.9560 +- -1.00 (1)
0.9533 +- -1.00 (1)
0.9515 +- -1.00 (1)
0.9169 +- -1.00 (1)
0.9603 +- -1.00 (1)
0.9518 +- -1.00 (1)
0.9508 +- -1.00 (1)
0.9540 +- -1.00 (1)
0.9507 +- -1.00 (1)
0.9494 +- -1.00 (1)
0.9571 +- -1.00 (1)
0.9494 +- -1.00 (1)
0.9567 +- -1.00 (1)
0.9560 +- -1.00 (1)
0.9545 +- -1.00 (1)
0.9443 +- -1.00 (1)
0.9552 +- -1.00 (1)
0.9486 +- -1.00 (1)
0.9213 +- -1.00 (1)
0.9417 +- -1.00 (1)
0.9490 +- -1.00 (1)
0.9553 +- -1.00 (1)
0.9533 +- -1.00 (1)
0.9153 +- -1.00 (1)
0.9506 +- -1.00 (1)
0.9505 +- -1.00 (1)
0.9514 +- -1.00 (1)
0.9555 +- -1.00 (1)
0.9517 +- -1.00 (1)
0.9508 +- -1.00 (1)
0.9473 +- -1.00 (1)
0.9477 +- -1.00 (1)
0.9528 +- -1.00 (1)
0.9492 +- -1.00 (1)
0.9498 +- -1.00 (1)
0.9510 +- -1.00 (1)
0.9496 +- -1.00 (1)
0.9302 +- -1.00 (1)
0.9142 +- -1.00 (1)
0.9530 +- -1.00 (1)
0.9536 +- -1.00 (1)
0.9445 +- -1.00 (1)
0.9461 +- -1.00 (1)
0.9086 +- -1.00 (1)
0.9533 +- -1.00 (1)
0.9442 +- -1.00 (1)
0.9464 +- -1.00 (1)
0.9505 +- -1.00 (1)
0.9146 +- -1.00 (1)
0.9438 +- -1.00 (1)
0.9464 +- -1.00 (1)
0.9462 +- -1.00 (1)
0.9533 +- -1.00 (1)
0.9537 +- -1.00 (1)
0.9527 +- -1.00 (1)
0.9151 +- -1.00 (1)
0.9512 +- -1.00 (1)
0.9489 +- -1.00 (1)
0.9527 +- -1.00 (1)
0.9506 +- -1.00 (1)
0.9503 +- -1.00 (1)
0.9490 +- -1.00 (1)
0.9537 +- -1.00 (1)
0.9546 +- -1.00 (1)
0.9473 +- -1.00 (1)
0.9401 +- -1.00 (1)
0.9408 +- -1.00 (1)
0.9452 +- -1.00 (1)
0.9367 +- -1.00 (1)
0.9491 +- -1.00 (1)
0.9551 +- -1.00 (1)
0.9488 +- -1.00 (1)
0.9533 +- -1.00 (1)
0.9419 +- -1.00 (1)
0.9497 +- -1.00 (1)
0.9151 +- -1.00 (1)
0.9121 +- -1.00 (1)
0.9223 +- -1.00 (1)
0.9262 +- -1.00 (1)
0.9489 +- -1.00 (1)
0.9173 +- -1.00 (1)
0.9432 +- -1.00 (1)
0.9443 +- -1.00 (1)
0.9246 +- -1.00 (1)
0.9429 +- -1.00 (1)
0.9437 +- -1.00 (1)
0.9503 +- -1.00 (1)
0.9434 +- -1.00 (1)
0.9465 +- -1.00 (1)
0.9519 +- -1.00 (1)
0.9155 +- -1.00 (1)
0.9191 +- -1.00 (1)
0.9487 +- -1.00 (1)
0.9499 +- -1.00 (1)
0.9515 +- -1.00 (1)
0.9165 +- -1.00 (1)
0.9479 +- -1.00 (1)
0.9128 +- -1.00 (1)
0.9469 +- -1.00 (1)
0.9509 +- -1.00 (1)
0.9483 +- -1.00 (1)
0.9392 +- -1.00 (1)
0.9101 +- -1.00 (1)
0.9526 +- -1.00 (1)
0.9454 +- -1.00 (1)
0.9431 +- -1.00 (1)
0.9216 +- -1.00 (1)
0.9063 +- -1.00 (1)
0.9502 +- -1.00 (1)
0.9432 +- -1.00 (1)
0.9437 +- -1.00 (1)
0.9466 +- -1.00 (1)
0.9474 +- -1.00 (1)
0.9463 +- -1.00 (1)
0.9495 +- -1.00 (1)
0.9095 +- -1.00 (1)
0.9478 +- -1.00 (1)
0.9470 +- -1.00 (1)
0.9519 +- -1.00 (1)
0.9182 +- -1.00 (1)
