0.9596 1 0.9596 9
0.9771 0.7808 0.7626 7
0.9566 0.9259 0.8857 1
0.9667 0.8673 0.8384 3
0.9623 1 0.9616 22
0.9685 1 0.9684 8
0.9766 0.8065 0.787 8
0.842 1 0.842 7
0.9326 1 0.9326 3
0.9609 0.8673 0.8333 4
0.9279 1 0.9279 3
0.9607 0.8976 0.8621 8
0.9831 0.9902 0.9727 14
0.9107 1 0.9107 5
0.9767 0.9207 0.8991 8
0.9778 0.7899 0.7724 2
0.9865 0.5963 0.5881 9
0.9604 1 0.9589 8
0.6315 1 0.6315 3
0.9679 1 0.9678 3
0.9723 0.9699 0.9427 11
0.9762 0.9685 0.9454 3
0.9162 1 0.9162 1
0.9018 1 0.9018 2
0.9749 1 0.9747 14
0.9746 1 0.9746 9
0.9788 0.9092 0.8896 14
0.9828 1 0.9828 4
0.9764 1 0.9764 5
0.9664 1 0.9664 3
0.9663 1 0.9663 6
0.9716 1 0.9715 6
0.9652 1 0.9652 4
0.8993 1 0.8993 2
0.979 1 0.979 6
0.9715 0.9088 0.8827 16
0.9854 1 0.9843 16
0.9724 0.9908 0.9635 1
0.9765 1 0.9761 7
0.9792 1 0.9788 11
0.9807 0.8549 0.8377 20
0.9826 1 0.9816 11
0.9812 1 0.9805 13
0.9717 1 0.9717 4
0.9753 1 0.9753 6
0.98 1 0.98 8
0.9823 1 0.9821 13
0.9847 1 0.9847 8
0.9773 1 0.9772 12
0.9763 1 0.9763 6
0.9795 1 0.9793 13
0.9768 1 0.9767 7
0.9788 1 0.9786 10
0.9578 1 0.9578 3
0.9793 1 0.9793 6
0.9778 1 0.9778 6
0.9643 1 0.9643 4
0.9734 0.9014 0.877 6
0.9866 0.91 0.8972 7
0.9811 1 0.9809 10
0.9837 1 0.9837 10
0.9801 1 0.9801 4
0.9794 1 0.9794 3
0.9864 1 0.9863 15
0.9809 1 0.9808 12
0.977 1 0.9767 10
0.9827 1 0.9826 9
0.9783 1 0.9782 5
0.9789 1 0.9781 24
0.9802 1 0.9802 6
0.9763 1 0.9763 9
0.9796 1 0.9792 15
0.9866 1 0.9866 8
0.9844 1 0.9843 9
0.9775 1 0.9775 10
0.9832 1 0.983 10
0.9744 1 0.9741 6
0.9701 1 0.9701 7
0.9808 1 0.98 10
0.98 0.9773 0.9577 11
0.9835 1 0.9835 5
0.982 1 0.982 5
0.975 1 0.975 6
0.9811 1 0.9811 15
0.9789 1 0.9789 8
0.9759 1 0.9759 8
0.982 1 0.982 4
0.9727 1 0.9727 7
0.9758 1 0.9757 7
0.9789 1 0.9789 2
0.9816 1 0.9816 10
0.9799 1 0.9795 15
0.9896 1 0.9894 13
0.9813 1 0.9812 11
0.975 1 0.975 5
0.9848 1 0.9848 6
0.9758 1 0.9758 9
0.9732 1 0.9732 7
0.986 1 0.9852 19
0.9808 1 0.9807 7
0.9836 1 0.9836 5
0.9769 1 0.9769 2
0.9794 1 0.9794 2
0.9817 1 0.9817 3
0.9901 1 0.99 16
0.973 1 0.973 7
0.9839 1 0.9838 9
0.9688 1 0.9688 8
0.9651 1 0.9651 6
0.9824 1 0.9816 15
0.9743 1 0.9743 2
0.9804 1 0.9804 5
0.9858 1 0.9858 8
0.9842 1 0.9842 10
0.9867 1 0.9867 6
0.9821 1 0.9819 13
0.9793 0.9294 0.91 10
0.97 1 0.97 1
0.9795 1 0.9795 4
0.9817 1 0.9816 5
0.9807 1 0.9806 11
0.9662 1 0.9662 5
0.982 1 0.982 7
0.9796 1 0.9796 4
0.9798 1 0.9798 5
0.9841 1 0.9841 12
0.9772 1 0.9772 5
0.9734 1 0.9734 7
0.9779 1 0.9779 10
0.9819 1 0.9819 9
0.9752 1 0.9751 15
0.9804 1 0.9804 8
0.98 1 0.98 4
0.9741 1 0.9741 5
0.9813 1 0.9812 12
0.9816 1 0.981 13
0.9787 1 0.9787 6
0.9736 1 0.9736 6
0.9753 1 0.9753 10
0.9809 1 0.9809 7
0.9697 1 0.9697 7
0.9697 1 0.9695 21
0.9584 1 0.9584 2
0.9661 1 0.9661 8
0.9728 0.9999 0.9727 5
0.9654 1 0.9654 6
0.9708 1 0.9708 3
0.9537 1 0.9537 2
0.9695 1 0.9695 6
0.9722 1 0.9722 9
0.9722 1 0.9722 3
0.9735 1 0.9735 5
0.9742 1 0.9742 8
0.9695 1 0.9695 3
0.9814 1 0.9813 18
0.9725 1 0.9725 6
0.9732 1 0.9732 7
0.9735 1 0.9735 12
0.981 1 0.9809 12
0.9654 1 0.9654 3
0.9773 1 0.9773 6
0.9743 1 0.9743 7
0.9551 1 0.9551 5
0.9594 1 0.9594 2
0.9611 1 0.9611 4
0.9627 1 0.9627 4
0.972 1 0.9717 14
0.9588 1 0.9588 5
0.9632 1 0.9631 8
0.9702 1 0.9702 4
0.9737 1 0.9737 9
0.9681 1 0.9681 3
0.9673 1 0.9673 10
0.9648 1 0.9648 6
0.9656 1 0.9656 11
0.9688 1 0.9688 2
0.9654 1 0.9654 7
0.9723 1 0.9723 5
0.9681 1 0.9681 14
0.9675 1 0.9675 5
0.9726 1 0.9726 4
0.9718 1 0.9717 11
0.9686 1 0.9686 5
0.9763 1 0.976 17
0.965 1 0.965 2
0.9599 1 0.9599 6
0.9744 1 0.9744 11
0.9721 1 0.9721 3
0.9546 1 0.9546 3
0.9714 1 0.9714 6
0.9687 1 0.9687 9
0.973 1 0.973 5
0.969 1 0.969 3
0.9679 1 0.9676 11
0.9626 1 0.9626 7
0.9709 1 0.9707 21
0.9732 1 0.9732 6
0.9701 1 0.9699 17
0.9645 1 0.9645 3
0.9748 1 0.9748 5
0.9659 1 0.9659 4
0.9631 1 0.9631 6
0.968 1 0.9679 8
0.9668 1 0.9668 7
0.969 1 0.9689 9
0.9675 1 0.9675 5
0.9755 1 0.9754 10
0.9728 1 0.9728 3
0.9593 1 0.9593 4
0.9715 1 0.9715 5
0.9695 1 0.9695 5
0.9611 1 0.9611 1
0.951 1 0.951 6
0.948 1 0.948 3
0.9727 1 0.9727 8
0.9694 1 0.9694 8
0.9701 1 0.97 9
0.9635 1 0.9635 4
0.9604 1 0.9604 4
0.9702 1 0.9702 3
0.956 1 0.956 3
0.9671 1 0.9671 6
0.9755 1 0.9755 3
0.9684 1 0.9684 9
0.973 1 0.9728 15
0.9552 1 0.9552 3
0.967 1 0.967 5
0.9671 1 0.9671 6
0.9586 1 0.9585 7
0.9679 1 0.9679 3
0.9716 1 0.9716 10
0.9677 1 0.9676 8
0.9628 1 0.9628 4
0.9705 1 0.9705 13
0.9678 1 0.9678 4
0.9692 1 0.9692 3
0.9719 1 0.9719 5
0.9709 1 0.9708 9
0.9617 1 0.9617 6
0.9709 1 0.9709 6
0.9691 1 0.9691 4
0.9704 1 0.9704 7
0.9603 1 0.9603 5
0.965 1 0.965 5
0.9687 1 0.9687 5
0.9582 1 0.9582 7
0.9478 1 0.9478 6
0.9644 1 0.9644 6
0.966 1 0.966 4
0.9672 1 0.9672 7
0.9734 1 0.9734 7
0.9655 1 0.9655 7
0.9704 1 0.9704 3
0.9673 1 0.9673 6
0.9616 1 0.9616 3
0.9664 1 0.9664 11
0.966 1 0.9659 10
0.975 1 0.9747 13
0.9681 1 0.9681 5
0.9647 1 0.9647 3
0.9384 1 0.9384 3
0.9632 1 0.9632 2
0.9633 1 0.9633 4
0.9504 1 0.9504 3
0.9667 1 0.9667 7
0.9635 1 0.9635 2
0.9586 1 0.9586 3
0.9635 1 0.9635 13
0.961 1 0.961 4
0.9672 1 0.9672 7
0.9623 1 0.9623 9
0.9567 1 0.9567 4
0.9714 1 0.9714 5
0.9654 1 0.9654 6
0.9564 1 0.9564 3
0.9604 1 0.9604 5
0.9222 1 0.9222 2
0.964 1 0.964 5
0.9658 1 0.9658 3
0.964 1 0.964 5
0.9601 1 0.9601 4
0.9604 1 0.9604 5
0.9656 1 0.9655 8
0.9627 1 0.9627 7
0.9637 1 0.9637 8
0.9333 1 0.9333 2
0.9245 1 0.9245 3
0.9688 1 0.9688 9
0.9669 1 0.9669 9
0.9613 1 0.9613 10
0.9531 1 0.9531 4
0.9623 1 0.9623 7
0.9448 1 0.9448 4
0.9644 1 0.9644 6
0.9684 1 0.9684 11
0.9693 1 0.9693 4
0.9289 1 0.9289 2
0.9645 1 0.9645 4
0.9673 1 0.9673 2
0.9604 1 0.9604 7
0.9577 0.8755 0.8365 4
0.9792 1 0.9784 22
0.7535 1 0.7535 6
0.9667 0.9574 0.9255 3
0.9667 0.7971 0.7706 2
0.9702 1 0.9701 7
0.9335 1 0.9335 2
0.9882 1 0.988 13
0.9477 0.7191 0.6809 12
0.9579 1 0.9578 7
0.9473 0.8316 0.787 8
0.9621 1 0.962 6
0.9771 0.7133 0.6969 3
0.9747 0.9493 0.9248 6
0.7931 1 0.7931 2
0.9778 1 0.9771 15
0.8075 1 0.8075 2
0.9604 0.5825 0.5582 5
0.8022 1 0.8022 8
0.9615 0.7481 0.715 7
0.9403 1 0.9403 5
0.97 1 0.9697 17
0.9652 0.944 0.9099 7
0.9776 1 0.9771 33
0.9734 1 0.9734 4
0.9836 0.7783 0.765 11
0.9785 1 0.9769 20
0.9257 1 0.9257 6
0.9736 1 0.9736 8
0.8496 1 0.8496 5
0.9703 0.7439 0.7206 17
0.9611 1 0.9611 12
0.9747 1 0.9735 15
0.959 1 0.9589 10
0.8826 1 0.8826 5
0.9792 0.9748 0.9525 7
0.9054 1 0.9054 4
0.9741 1 0.9733 10
0.9738 1 0.9738 7
0.9689 0.9953 0.9631 15
0.9707 1 0.9707 5
0.9652 1 0.9652 3
0.9706 1 0.9704 10
0.9826 0.7828 0.768 22
0.9733 1 0.9725 14
0.9762 1 0.9759 11
0.9774 1 0.9774 2
0.9843 0.9182 0.9013 31
0.956 1 0.956 4
0.9813 1 0.9811 11
0.9803 1 0.9802 14
0.9702 1 0.9702 9
0.9771 1 0.977 5
0.9774 1 0.9773 8
0.979 1 0.9788 12
0.9774 1 0.9763 17
0.9628 1 0.9628 4
0.9697 1 0.9689 11
0.9854 0.9273 0.9134 14
0.985 1 0.9846 15
0.9816 0.9977 0.9783 23
0.9787 1 0.9787 2
0.9782 1 0.9782 4
0.9783 1 0.9783 3
0.979 1 0.9784 8
0.9744 1 0.9744 7
0.9675 1 0.9675 4
0.9744 1 0.9744 7
0.9765 1 0.9757 24
0.9831 1 0.9818 14
0.9757 1 0.9756 8
0.9766 0.8204 0.8006 14
0.9867 1 0.9867 2
0.9777 1 0.9777 6
0.9762 1 0.9762 5
0.9778 1 0.9778 5
0.9578 1 0.9578 4
0.9144 1 0.9144 7
0.984 1 0.9837 15
0.9777 1 0.9775 11
0.9776 1 0.9776 4
0.9796 1 0.9796 5
0.977 1 0.9764 18
0.9801 1 0.9801 2
0.9768 1 0.9768 5
0.9806 1 0.9805 14
0.9812 1 0.9812 10
0.9766 1 0.9766 6
0.9776 1 0.9774 25
0.9824 1 0.9816 24
0.9778 1 0.9776 11
0.9736 1 0.9735 6
0.9858 1 0.9857 13
0.9812 1 0.9812 14
0.9901 1 0.9885 24
0.9746 1 0.9746 8
0.9778 1 0.9778 5
0.9719 1 0.9719 8
0.9858 1 0.9852 13
0.968 1 0.968 11
0.9724 1 0.9724 7
0.9822 1 0.9821 6
0.9799 1 0.9799 5
0.9813 1 0.9813 4
0.9795 1 0.9792 8
0.97 1 0.97 8
0.9811 1 0.981 10
0.9765 1 0.9765 5
0.974 1 0.9739 14
0.9696 1 0.9696 8
0.9805 0.8466 0.8295 19
0.9797 1 0.9797 8
0.9741 1 0.9741 5
0.9211 1 0.9211 4
0.9869 1 0.9868 9
0.9808 1 0.9805 15
0.9731 1 0.9731 9
0.9691 1 0.9691 12
0.9833 1 0.9826 19
0.9815 1 0.9815 7
0.9779 1 0.9779 3
0.9796 1 0.9796 8
0.9796 1 0.9795 13
0.9819 1 0.9819 7
0.9773 1 0.9773 7
0.9739 1 0.9739 6
0.9801 1 0.9801 7
0.9769 1 0.9769 5
0.9764 1 0.9759 18
0.983 1 0.983 2
0.9758 1 0.9758 8
0.9784 1 0.9784 5
0.9718 1 0.9718 2
0.9808 1 0.9807 15
0.9768 1 0.9767 10
0.9793 1 0.9793 2
0.9785 1 0.9785 6
0.9754 1 0.9753 12
0.9739 1 0.9738 10
0.9742 1 0.9742 4
0.9731 1 0.9731 2
0.9706 1 0.9705 11
0.9604 1 0.9604 11
0.9644 1 0.9644 10
0.9723 1 0.9723 7
0.9541 1 0.9541 3
0.9606 1 0.9606 4
0.8657 1 0.8657 2
0.9521 1 0.9521 7
0.9669 1 0.9669 4
0.936 1 0.936 2
0.9721 1 0.9721 5
0.9512 1 0.9512 2
0.9667 1 0.9666 10
0.8726 1 0.8726 4
0.8814 1 0.8814 2
0.8033 1 0.8033 2
0.9705 1 0.9705 5
0.8521 1 0.8521 3
0.9036 1 0.9036 3
0.7799 1 0.7799 3
0.965 1 0.965 7
0.9541 1 0.9541 1
0.9666 1 0.9666 5
0.9704 1 0.9704 5
0.9677 1 0.9677 9
0.9589 1 0.9589 4
0.9601 1 0.9601 3
0.95 1 0.95 7
0.9726 1 0.9726 4
0.9726 1 0.9726 7
0.9646 1 0.9646 10
0.9299 1 0.9299 1
0.9654 1 0.9654 4
0.9572 1 0.9572 5
0.9698 1 0.9697 10
0.9679 1 0.9679 8
0.9711 1 0.9711 7
0.9707 1 0.9707 8
0.9614 1 0.9614 5
0.9658 1 0.9658 6
0.9656 1 0.9656 8
0.8661 1 0.8661 2
0.9582 1 0.9582 11
0.9672 1 0.9672 4
0.964 1 0.964 5
0.9663 1 0.9663 5
0.9662 1 0.9662 3
0.9657 1 0.9657 4
0.8925 1 0.8925 2
0.9719 1 0.9719 5
0.9675 1 0.9675 3
0.9582 1 0.9582 5
0.9595 1 0.9595 4
0.9615 1 0.9614 12
0.9697 1 0.9697 11
0.9691 1 0.9691 8
0.9629 1 0.9629 8
0.9704 1 0.9704 6
0.9654 1 0.9654 2
0.9627 1 0.9627 6
0.9226 1 0.9226 3
0.8497 1 0.8497 3
0.9681 1 0.9681 4
0.9452 1 0.9452 2
0.9663 1 0.9663 4
0.9646 1 0.9646 6
0.8746 1 0.8746 2
0.9601 1 0.9601 4
0.9653 1 0.9653 9
0.8543 1 0.8543 3
0.9605 1 0.9605 5
0.9654 1 0.9654 11
0.9037 1 0.9037 2
0.962 1 0.962 2
0.9595 1 0.9595 6
0.8835 1 0.8835 2
0.963 1 0.963 3
0.9711 1 0.9711 4
0.9322 1 0.9322 2
0.9646 1 0.9646 8
0.9668 1 0.9668 9
0.9499 1 0.9499 3
0.9392 1 0.9392 2
0.8986 1 0.8986 3
0.91 1 0.91 2
0.9331 1 0.9331 4
0.9177 1 0.9177 3
0.887 1 0.887 3
0.9711 1 0.971 15
0.9689 1 0.9689 4
0.9671 1 0.967 3
0.9612 1 0.9612 6
0.9584 1 0.9584 6
0.9605 1 0.9605 6
0.9628 1 0.9628 11
0.9142 1 0.9142 2
0.9524 1 0.9524 5
0.9168 1 0.9168 3
0.9532 1 0.9532 1
0.9646 1 0.9646 6
0.9556 1 0.9556 3
0.9653 1 0.9652 10
0.9025 1 0.9025 2
0.9648 1 0.9648 8
0.9439 1 0.9439 3
0.9304 1 0.9304 2
0.8949 1 0.8949 5
0.866 1 0.866 4
0.9444 1 0.9444 1
0.9583 1 0.9582 5
0.9661 1 0.9661 3
0.9697 1 0.9697 8
0.9579 1 0.9579 5
0.96 1 0.96 3
0.935 1 0.935 2
0.9153 1 0.9153 2
0.9661 1 0.9661 8
0.947 1 0.947 2
0.9446 1 0.9446 1
0.9519 1 0.9519 3
0.8944 1 0.8944 2
0.8353 1 0.8353 1
0.9555 1 0.9555 6
0.9686 1 0.9685 7
0.9263 1 0.9263 2
0.9367 1 0.9367 1
0.9607 1 0.9607 8
0.9258 1 0.9258 4
0.8183 1 0.8183 2
0.9229 1 0.9229 2
0.9569 1 0.9569 4
0.9624 1 0.9624 8
0.9164 1 0.9164 2
0.9586 1 0.9586 5
0.9554 1 0.9554 3
0.8449 1 0.8449 2
0.9577 1 0.9577 5
0.9538 1 0.9538 3
0.945 1 0.945 3
0.9683 1 0.9682 14
0.9561 1 0.9561 3
0.9506 1 0.9506 4
0.9533 1 0.9533 3
0.9371 1 0.9371 3
0.8901 1 0.8901 2
0.8466 1 0.8466 1
0.8383 1 0.8383 2
0.9597 1 0.9597 7
0.954 1 0.954 4
0.9599 1 0.9599 3
0.9069 1 0.9069 1
0.9536 1 0.9536 4
0.9255 1 0.9255 1
0.9414 1 0.9414 4
0.9519 1 0.9519 3
0.8688 1 0.8688 3
0.8038 1 0.8038 2
0.9626 1 0.9626 10
0.9635 1 0.9635 5
0.9601 0.9487 0.9094 15
0.6359 1 0.6359 9
0.9513 1 0.9495 12
0.9669 0.4825 0.4665 2
0.9517 1 0.9517 8
0.9662 1 0.9661 12
0.934 1 0.934 3
0.9861 0.8579 0.8443 33
0.7666 1 0.7666 6
0.9596 0.6634 0.636 8
0.941 1 0.941 4
0.9605 1 0.9604 6
0.9648 1 0.9647 12
0.9278 1 0.9278 3
0.8264 1 0.8264 3
0.9674 1 0.9671 8
0.9739 1 0.9739 9
0.9434 1 0.9432 6
0.648 0.9999 0.6479 5
0.8248 1 0.8248 2
0.973 1 0.9727 9
0.974 0.8464 0.8244 4
0.9669 1 0.9669 8
0.9775 1 0.976 18
0.9606 1 0.9599 10
0.9832 1 0.9832 6
0.9251 1 0.9251 5
0.9815 1 0.9815 8
0.964 1 0.964 4
0.6563 1 0.6563 5
0.9669 0.7868 0.7603 10
0.9683 1 0.9681 10
0.9737 1 0.9737 8
0.9634 1 0.9633 6
0.9773 1 0.977 13
0.8438 1 0.8438 5
0.9669 1 0.9669 5
0.9689 0.8615 0.8341 10
0.9706 1 0.9703 9
0.9847 0.9852 0.9683 16
0.9776 0.9567 0.9336 14
0.8874 1 0.8874 2
0.9634 1 0.9631 10
0.9828 1 0.9828 3
0.9749 1 0.9749 6
0.9775 1 0.9775 6
0.9818 0.9999 0.9806 26
0.9714 1 0.9713 10
0.9786 1 0.9785 8
0.9754 1 0.9752 9
0.973 1 0.973 8
0.9753 1 0.9753 4
0.983 1 0.9829 7
0.9762 1 0.9762 7
0.9746 1 0.9746 7
0.9584 1 0.9583 9
0.9747 1 0.9746 6
0.972 0.9225 0.896 14
0.9769 1 0.9769 4
0.9819 1 0.9818 9
0.9809 1 0.9809 3
0.9827 1 0.9826 5
0.905 1 0.905 2
0.954 1 0.954 3
0.9824 1 0.9823 12
0.9753 1 0.9753 11
0.9773 1 0.9773 9
0.9772 1 0.9771 9
0.9646 1 0.9646 5
0.9731 1 0.9731 4
0.9816 1 0.9813 14
0.9704 1 0.9703 12
0.9409 1 0.9409 3
0.9485 1 0.9485 6
0.9809 1 0.9804 11
0.9793 1 0.9792 10
0.9521 1 0.952 8
0.9669 1 0.9666 12
0.981 1 0.9809 10
0.9795 1 0.9793 5
0.9819 0.9057 0.8884 22
0.8589 1 0.8589 2
0.975 1 0.975 5
0.9842 1 0.984 11
0.9032 1 0.9032 1
0.9775 1 0.9775 6
0.9694 1 0.9694 7
0.9723 1 0.9723 4
0.972 1 0.9718 18
0.9747 1 0.9744 17
0.9766 1 0.9764 9
0.9742 1 0.974 9
0.9821 1 0.9821 7
0.9676 1 0.9676 6
0.9811 1 0.981 8
0.9772 1 0.9772 4
0.9747 1 0.9745 7
0.9727 1 0.9725 9
0.9687 1 0.9687 5
0.9804 1 0.9804 5
0.9766 1 0.9766 7
0.9665 1 0.9665 3
0.9737 1 0.9737 9
0.9765 1 0.9765 6
0.9853 1 0.9851 14
0.9694 1 0.9694 6
0.9742 1 0.9742 10
0.974 1 0.9739 10
0.9701 1 0.9694 7
0.9621 1 0.962 6
0.9677 1 0.9677 2
0.9738 1 0.9738 6
0.9862 1 0.9862 9
0.9119 1 0.9119 2
0.9748 1 0.9747 9
0.9664 1 0.9663 9
0.979 1 0.979 9
0.9644 1 0.9641 11
0.9725 1 0.9725 9
0.9657 1 0.9657 7
0.9617 1 0.9617 6
0.9794 1 0.9793 20
0.9664 1 0.9664 10
0.9659 1 0.9659 4
0.9616 1 0.9615 7
0.929 1 0.929 3
0.979 1 0.979 8
0.9572 1 0.9572 6
0.953 1 0.953 1
0.9715 1 0.9715 5
0.965 1 0.965 4
0.9638 1 0.9638 2
0.9748 1 0.9748 5
0.9786 1 0.9786 6
0.9738 1 0.9738 3
0.9738 1 0.9736 13
0.9737 1 0.9737 4
0.9603 1 0.9603 6
0.9776 1 0.9776 5
0.9498 1 0.9498 5
0.8949 1 0.8949 2
0.9231 1 0.9231 2
0.8522 1 0.8522 3
0.9643 1 0.9643 5
0.8317 1 0.8317 2
0.7693 1 0.7693 2
0.9518 1 0.9518 5
0.8996 1 0.8996 5
0.9625 1 0.9625 8
0.7288 1 0.7288 3
0.9418 1 0.9418 2
0.9583 1 0.9583 9
0.8092 1 0.8092 2
0.8699 1 0.8699 3
0.8985 1 0.8985 4
0.9093 1 0.9093 2
0.966 1 0.966 9
0.9766 1 0.9764 17
0.9651 1 0.9651 8
0.9254 1 0.9254 4
0.9711 1 0.9711 6
0.9548 1 0.9548 2
0.9643 1 0.9643 7
0.9172 1 0.9172 2
0.9586 1 0.9586 2
0.7858 1 0.7858 2
0.7658 1 0.7658 2
0.9122 1 0.9122 2
0.9483 1 0.9483 5
0.8791 1 0.8791 2
0.8059 1 0.8059 2
0.9569 1 0.9569 3
0.955 1 0.955 5
0.7323 1 0.7323 3
0.8706 1 0.8706 1
0.893 1 0.893 2
0.9589 1 0.9589 5
0.9624 1 0.9624 9
0.8245 1 0.8245 2
0.8983 1 0.8983 1
0.929 1 0.929 2
0.9467 1 0.9467 4
0.7717 1 0.7717 3
0.8982 1 0.8982 1
0.9614 1 0.9614 5
0.806 1 0.806 2
0.7862 1 0.7862 2
0.9499 1 0.9499 3
0.9503 1 0.9503 3
0.8497 1 0.8497 2
0.9211 1 0.9211 2
0.8552 1 0.8552 1
0.7751 1 0.7751 2
0.7318 1 0.7318 2
0.8016 1 0.8016 2
0.9589 1 0.9589 9
0.9484 1 0.9484 7
0.8914 1 0.8914 3
0.9249 1 0.9249 2
0.9554 1 0.9554 5
0.8073 1 0.8073 2
0.78 1 0.78 2
0.8511 1 0.8511 2
0.8499 1 0.8499 5
0.9468 1 0.9468 6
0.805 1 0.805 3
0.964 1 0.964 8
0.8974 1 0.8974 3
0.9524 1 0.9524 2
0.8156 1 0.8156 1
0.9498 1 0.9498 1
0.7188 1 0.7188 2
0.8262 1 0.8262 2
0.9643 1 0.9643 11
0.9029 1 0.9029 2
0.8176 1 0.8176 2
0.9275 1 0.9275 3
0.9638 1 0.9638 5
0.964 1 0.9638 14
0.7731 1 0.7731 3
0.796 1 0.796 1
0.8264 1 0.8264 2
0.9016 1 0.9016 3
0.9258 1 0.9258 1
0.9049 1 0.9049 2
0.7579 1 0.7579 2
0.9046 1 0.9046 3
0.8164 1 0.8164 1
0.9468 1 0.9468 2
0.924 1 0.924 3
0.8887 1 0.8887 3
0.9622 1 0.9622 7
0.8146 1 0.8146 1
0.9653 1 0.9652 4
0.874 1 0.874 2
0.8807 1 0.8807 1
0.7723 1 0.7723 1
0.8934 1 0.8934 2
0.7134 1 0.7134 3
0.9623 1 0.9623 5
0.932 1 0.932 4
0.8198 1 0.8198 3
0.9312 1 0.9312 2
0.909 1 0.909 3
0.8569 1 0.8569 2
0.8223 1 0.8223 3
0.822 1 0.822 1
0.8282 1 0.8282 3
0.9176 1 0.9176 1
0.9389 1 0.9389 2
0.857 1 0.857 2
0.8457 1 0.8457 2
0.8146 1 0.8146 1
0.9241 1 0.9241 2
0.7109 1 0.7109 3
0.7831 1 0.7831 3
0.7882 1 0.7882 1
0.8563 1 0.8563 2
0.6796 1 0.6796 4
0.7984 1 0.7984 1
0.8276 1 0.8276 2
0.8966 1 0.8966 1
0.7734 1 0.7734 1
0.8979 1 0.8979 3
0.7806 1 0.7806 3
0.6727 1 0.6727 2
0.8383 1 0.8383 2
0.7957 1 0.7957 4
0.851 1 0.851 2
0.8203 1 0.8203 1
0.7224 1 0.7224 2
0.7169 1 0.7169 2
0.8232 1 0.8232 1
0.8084 1 0.8084 3
0.8116 1 0.8116 1
0.8835 1 0.8835 3
0.8004 1 0.8004 2
0.8271 1 0.8271 1
0.9082 1 0.9082 4
0.8542 1 0.8542 2
0.8444 1 0.8444 1
0.8215 1 0.8215 3
0.8062 1 0.8062 2
0.8389 1 0.8389 2
0.7035 1 0.7035 2
0.6829 1 0.6829 1
0.8498 1 0.8498 1
0.805 1 0.805 1
0.8169 1 0.8169 2
0.7786 1 0.7786 1
0.8116 1 0.8116 3
0.8691 1 0.8691 3
0.8853 1 0.8853 3
0.9398 1 0.9398 3
0.8326 1 0.8326 3
0.8665 1 0.8665 3
0.9244 1 0.9244 1
0.7852 1 0.7852 2
0.8181 1 0.8181 2
0.9234 1 0.9234 3\n
