0.9596 +- -1.00 (1)
0.7626 +- -1.00 (1)
0.8857 +- -1.00 (1)
0.8384 +- -1.00 (1)
0.9616 +- -1.00 (1)
0.9684 +- -1.00 (1)
0.7870 +- -1.00 (1)
0.8420 +- -1.00 (1)
0.9326 +- -1.00 (1)
0.8333 +- -1.00 (1)
0.9279 +- -1.00 (1)
0.8621 +- -1.00 (1)
0.9727 +- -1.00 (1)
0.9107 +- -1.00 (1)
0.8991 +- -1.00 (1)
0.7724 +- -1.00 (1)
0.5881 +- -1.00 (1)
0.9589 +- -1.00 (1)
0.6315 +- -1.00 (1)
0.9678 +- -1.00 (1)
0.9427 +- -1.00 (1)
0.9454 +- -1.00 (1)
0.9162 +- -1.00 (1)
0.9018 +- -1.00 (1)
0.9747 +- -1.00 (1)
0.9746 +- -1.00 (1)
0.8896 +- -1.00 (1)
0.9828 +- -1.00 (1)
0.9764 +- -1.00 (1)
0.9664 +- -1.00 (1)
0.9663 +- -1.00 (1)
0.9715 +- -1.00 (1)
0.9652 +- -1.00 (1)
0.8993 +- -1.00 (1)
0.9790 +- -1.00 (1)
0.8827 +- -1.00 (1)
0.9830 +- -1.00 (1)
0.9635 +- -1.00 (1)
0.9761 +- -1.00 (1)
0.9788 +- -1.00 (1)
0.8377 +- -1.00 (1)
0.9816 +- -1.00 (1)
0.9805 +- -1.00 (1)
0.9717 +- -1.00 (1)
0.9753 +- -1.00 (1)
0.9800 +- -1.00 (1)
0.9821 +- -1.00 (1)
0.9847 +- -1.00 (1)
0.9772 +- -1.00 (1)
0.9763 +- -1.00 (1)
0.9793 +- -1.00 (1)
0.9767 +- -1.00 (1)
0.9786 +- -1.00 (1)
0.9578 +- -1.00 (1)
0.9793 +- -1.00 (1)
0.9778 +- -1.00 (1)
0.9643 +- -1.00 (1)
0.8770 +- -1.00 (1)
0.8972 +- -1.00 (1)
0.9809 +- -1.00 (1)
0.9837 +- -1.00 (1)
0.9801 +- -1.00 (1)
0.9794 +- -1.00 (1)
0.9863 +- -1.00 (1)
0.9808 +- -1.00 (1)
0.9767 +- -1.00 (1)
0.9826 +- -1.00 (1)
0.9782 +- -1.00 (1)
0.9781 +- -1.00 (1)
0.9802 +- -1.00 (1)
0.9763 +- -1.00 (1)
0.9792 +- -1.00 (1)
0.9866 +- -1.00 (1)
0.9843 +- -1.00 (1)
0.9775 +- -1.00 (1)
0.9830 +- -1.00 (1)
0.9741 +- -1.00 (1)
0.9701 +- -1.00 (1)
0.9800 +- -1.00 (1)
0.9577 +- -1.00 (1)
0.9835 +- -1.00 (1)
0.9820 +- -1.00 (1)
0.9750 +- -1.00 (1)
0.9811 +- -1.00 (1)
0.9789 +- -1.00 (1)
0.9759 +- -1.00 (1)
0.9820 +- -1.00 (1)
0.9727 +- -1.00 (1)
0.9757 +- -1.00 (1)
0.9789 +- -1.00 (1)
0.9816 +- -1.00 (1)
0.9795 +- -1.00 (1)
0.9894 +- -1.00 (1)
0.9812 +- -1.00 (1)
0.9750 +- -1.00 (1)
0.9848 +- -1.00 (1)
0.9758 +- -1.00 (1)
0.9732 +- -1.00 (1)
0.9852 +- -1.00 (1)
0.9807 +- -1.00 (1)
0.9836 +- -1.00 (1)
0.9769 +- -1.00 (1)
0.9794 +- -1.00 (1)
0.9811 +- -1.00 (1)
0.9900 +- -1.00 (1)
0.9730 +- -1.00 (1)
0.9838 +- -1.00 (1)
0.9664 +- -1.00 (1)
0.9651 +- -1.00 (1)
0.9823 +- -1.00 (1)
0.9743 +- -1.00 (1)
0.9804 +- -1.00 (1)
0.9858 +- -1.00 (1)
0.9842 +- -1.00 (1)
0.9867 +- -1.00 (1)
0.9819 +- -1.00 (1)
0.9100 +- -1.00 (1)
0.9700 +- -1.00 (1)
0.9795 +- -1.00 (1)
0.9816 +- -1.00 (1)
0.9806 +- -1.00 (1)
0.9676 +- -1.00 (1)
0.9820 +- -1.00 (1)
0.9796 +- -1.00 (1)
0.9798 +- -1.00 (1)
0.9841 +- -1.00 (1)
0.9772 +- -1.00 (1)
0.9734 +- -1.00 (1)
0.9779 +- -1.00 (1)
0.9819 +- -1.00 (1)
0.9752 +- -1.00 (1)
0.9804 +- -1.00 (1)
0.9800 +- -1.00 (1)
0.9741 +- -1.00 (1)
0.9813 +- -1.00 (1)
0.9810 +- -1.00 (1)
0.9787 +- -1.00 (1)
0.9736 +- -1.00 (1)
0.9751 +- -1.00 (1)
0.9809 +- -1.00 (1)
0.9697 +- -1.00 (1)
0.9695 +- -1.00 (1)
0.9584 +- -1.00 (1)
0.9661 +- -1.00 (1)
0.9727 +- -1.00 (1)
0.9654 +- -1.00 (1)
0.9708 +- -1.00 (1)
0.9537 +- -1.00 (1)
0.9695 +- -1.00 (1)
0.9722 +- -1.00 (1)
0.9722 +- -1.00 (1)
0.9735 +- -1.00 (1)
0.9742 +- -1.00 (1)
0.9695 +- -1.00 (1)
0.9813 +- -1.00 (1)
0.9725 +- -1.00 (1)
0.9732 +- -1.00 (1)
0.9735 +- -1.00 (1)
0.9809 +- -1.00 (1)
0.9654 +- -1.00 (1)
0.9773 +- -1.00 (1)
0.9743 +- -1.00 (1)
0.9551 +- -1.00 (1)
0.9594 +- -1.00 (1)
0.9611 +- -1.00 (1)
0.9651 +- -1.00 (1)
0.9717 +- -1.00 (1)
0.9588 +- -1.00 (1)
0.9632 +- -1.00 (1)
0.9702 +- -1.00 (1)
0.9737 +- -1.00 (1)
0.9681 +- -1.00 (1)
0.9673 +- -1.00 (1)
0.9648 +- -1.00 (1)
0.9656 +- -1.00 (1)
0.9688 +- -1.00 (1)
0.9654 +- -1.00 (1)
0.9723 +- -1.00 (1)
0.9681 +- -1.00 (1)
0.9675 +- -1.00 (1)
0.9720 +- -1.00 (1)
0.9717 +- -1.00 (1)
0.9686 +- -1.00 (1)
0.9760 +- -1.00 (1)
0.9650 +- -1.00 (1)
0.9599 +- -1.00 (1)
0.9744 +- -1.00 (1)
0.9721 +- -1.00 (1)
0.9546 +- -1.00 (1)
0.9714 +- -1.00 (1)
0.9687 +- -1.00 (1)
0.9730 +- -1.00 (1)
0.9690 +- -1.00 (1)
0.9676 +- -1.00 (1)
0.9626 +- -1.00 (1)
0.9707 +- -1.00 (1)
0.9732 +- -1.00 (1)
0.9699 +- -1.00 (1)
0.9645 +- -1.00 (1)
0.9748 +- -1.00 (1)
0.9659 +- -1.00 (1)
0.9631 +- -1.00 (1)
0.9684 +- -1.00 (1)
0.9668 +- -1.00 (1)
0.9689 +- -1.00 (1)
0.9675 +- -1.00 (1)
0.9754 +- -1.00 (1)
0.9728 +- -1.00 (1)
0.9605 +- -1.00 (1)
0.9715 +- -1.00 (1)
0.9695 +- -1.00 (1)
0.9611 +- -1.00 (1)
0.9510 +- -1.00 (1)
0.9480 +- -1.00 (1)
0.9727 +- -1.00 (1)
0.9694 +- -1.00 (1)
0.9700 +- -1.00 (1)
0.9635 +- -1.00 (1)
0.9604 +- -1.00 (1)
0.9702 +- -1.00 (1)
0.9542 +- -1.00 (1)
0.9671 +- -1.00 (1)
0.9755 +- -1.00 (1)
0.9672 +- -1.00 (1)
0.9728 +- -1.00 (1)
0.9552 +- -1.00 (1)
0.9661 +- -1.00 (1)
0.9653 +- -1.00 (1)
0.9585 +- -1.00 (1)
0.9679 +- -1.00 (1)
0.9716 +- -1.00 (1)
0.9676 +- -1.00 (1)
0.9625 +- -1.00 (1)
0.9705 +- -1.00 (1)
0.9678 +- -1.00 (1)
0.9692 +- -1.00 (1)
0.9719 +- -1.00 (1)
0.9708 +- -1.00 (1)
0.9617 +- -1.00 (1)
0.9709 +- -1.00 (1)
0.9691 +- -1.00 (1)
0.9704 +- -1.00 (1)
0.9603 +- -1.00 (1)
0.9662 +- -1.00 (1)
0.9687 +- -1.00 (1)
0.9582 +- -1.00 (1)
0.9478 +- -1.00 (1)
0.9644 +- -1.00 (1)
0.9660 +- -1.00 (1)
0.9672 +- -1.00 (1)
0.9734 +- -1.00 (1)
0.9655 +- -1.00 (1)
0.9704 +- -1.00 (1)
0.9673 +- -1.00 (1)
0.9616 +- -1.00 (1)
0.9664 +- -1.00 (1)
0.9659 +- -1.00 (1)
0.9754 +- -1.00 (1)
0.9681 +- -1.00 (1)
0.9647 +- -1.00 (1)
0.9384 +- -1.00 (1)
0.9632 +- -1.00 (1)
0.9633 +- -1.00 (1)
0.9521 +- -1.00 (1)
0.9667 +- -1.00 (1)
0.9635 +- -1.00 (1)
0.9586 +- -1.00 (1)
0.9635 +- -1.00 (1)
0.9610 +- -1.00 (1)
0.9672 +- -1.00 (1)
0.9623 +- -1.00 (1)
0.9567 +- -1.00 (1)
0.9714 +- -1.00 (1)
0.9654 +- -1.00 (1)
0.9564 +- -1.00 (1)
0.9604 +- -1.00 (1)
0.9222 +- -1.00 (1)
0.9640 +- -1.00 (1)
0.9658 +- -1.00 (1)
0.9640 +- -1.00 (1)
0.9601 +- -1.00 (1)
0.9604 +- -1.00 (1)
0.9656 +- -1.00 (1)
0.9627 +- -1.00 (1)
0.9637 +- -1.00 (1)
0.9333 +- -1.00 (1)
0.9245 +- -1.00 (1)
0.9688 +- -1.00 (1)
0.9669 +- -1.00 (1)
0.9613 +- -1.00 (1)
0.9531 +- -1.00 (1)
0.9623 +- -1.00 (1)
0.9448 +- -1.00 (1)
0.9644 +- -1.00 (1)
0.9684 +- -1.00 (1)
0.9693 +- -1.00 (1)
0.9289 +- -1.00 (1)
0.9645 +- -1.00 (1)
0.9673 +- -1.00 (1)
0.9604 +- -1.00 (1)
0.8365 +- -1.00 (1)
0.9784 +- -1.00 (1)
0.7535 +- -1.00 (1)
0.9255 +- -1.00 (1)
0.7706 +- -1.00 (1)
0.9701 +- -1.00 (1)
0.9335 +- -1.00 (1)
0.9880 +- -1.00 (1)
0.6809 +- -1.00 (1)
0.9578 +- -1.00 (1)
0.7870 +- -1.00 (1)
0.9620 +- -1.00 (1)
0.6969 +- -1.00 (1)
0.9248 +- -1.00 (1)
0.7931 +- -1.00 (1)
0.9771 +- -1.00 (1)
0.8075 +- -1.00 (1)
0.5582 +- -1.00 (1)
0.8022 +- -1.00 (1)
0.7150 +- -1.00 (1)
0.9403 +- -1.00 (1)
0.9697 +- -1.00 (1)
0.9103 +- -1.00 (1)
0.9771 +- -1.00 (1)
0.9734 +- -1.00 (1)
0.7650 +- -1.00 (1)
0.9769 +- -1.00 (1)
0.9257 +- -1.00 (1)
0.9736 +- -1.00 (1)
0.8496 +- -1.00 (1)
0.7206 +- -1.00 (1)
0.9611 +- -1.00 (1)
0.9735 +- -1.00 (1)
0.9589 +- -1.00 (1)
0.8826 +- -1.00 (1)
0.9525 +- -1.00 (1)
0.9054 +- -1.00 (1)
0.9733 +- -1.00 (1)
0.9738 +- -1.00 (1)
0.9631 +- -1.00 (1)
0.9707 +- -1.00 (1)
0.9652 +- -1.00 (1)
0.9704 +- -1.00 (1)
0.7680 +- -1.00 (1)
0.9725 +- -1.00 (1)
0.9759 +- -1.00 (1)
0.9774 +- -1.00 (1)
0.9013 +- -1.00 (1)
0.9560 +- -1.00 (1)
0.9811 +- -1.00 (1)
0.9802 +- -1.00 (1)
0.9702 +- -1.00 (1)
0.9770 +- -1.00 (1)
0.9773 +- -1.00 (1)
0.9788 +- -1.00 (1)
0.9763 +- -1.00 (1)
0.9628 +- -1.00 (1)
0.9689 +- -1.00 (1)
0.9134 +- -1.00 (1)
0.9846 +- -1.00 (1)
0.9783 +- -1.00 (1)
0.9787 +- -1.00 (1)
0.9782 +- -1.00 (1)
0.9783 +- -1.00 (1)
0.9784 +- -1.00 (1)
0.9744 +- -1.00 (1)
0.9675 +- -1.00 (1)
0.9744 +- -1.00 (1)
0.9757 +- -1.00 (1)
0.9818 +- -1.00 (1)
0.9756 +- -1.00 (1)
0.8006 +- -1.00 (1)
0.9867 +- -1.00 (1)
0.9777 +- -1.00 (1)
0.9762 +- -1.00 (1)
0.9778 +- -1.00 (1)
0.9578 +- -1.00 (1)
0.9144 +- -1.00 (1)
0.9837 +- -1.00 (1)
0.9775 +- -1.00 (1)
0.9776 +- -1.00 (1)
0.9796 +- -1.00 (1)
0.9764 +- -1.00 (1)
0.9801 +- -1.00 (1)
0.9768 +- -1.00 (1)
0.9805 +- -1.00 (1)
0.9812 +- -1.00 (1)
0.9766 +- -1.00 (1)
0.9774 +- -1.00 (1)
0.9816 +- -1.00 (1)
0.9776 +- -1.00 (1)
0.9735 +- -1.00 (1)
0.9857 +- -1.00 (1)
0.9812 +- -1.00 (1)
0.9885 +- -1.00 (1)
0.9746 +- -1.00 (1)
0.9778 +- -1.00 (1)
0.9719 +- -1.00 (1)
0.9852 +- -1.00 (1)
0.9680 +- -1.00 (1)
0.9724 +- -1.00 (1)
0.9821 +- -1.00 (1)
0.9799 +- -1.00 (1)
0.9813 +- -1.00 (1)
0.9792 +- -1.00 (1)
0.9700 +- -1.00 (1)
0.9810 +- -1.00 (1)
0.9765 +- -1.00 (1)
0.9739 +- -1.00 (1)
0.9696 +- -1.00 (1)
0.8295 +- -1.00 (1)
0.9797 +- -1.00 (1)
0.9733 +- -1.00 (1)
0.9211 +- -1.00 (1)
0.9868 +- -1.00 (1)
0.9805 +- -1.00 (1)
0.9731 +- -1.00 (1)
0.9691 +- -1.00 (1)
0.9826 +- -1.00 (1)
0.9815 +- -1.00 (1)
0.9779 +- -1.00 (1)
0.9796 +- -1.00 (1)
0.9795 +- -1.00 (1)
0.9819 +- -1.00 (1)
0.9773 +- -1.00 (1)
0.9739 +- -1.00 (1)
0.9801 +- -1.00 (1)
0.9769 +- -1.00 (1)
0.9759 +- -1.00 (1)
0.9830 +- -1.00 (1)
0.9758 +- -1.00 (1)
0.9784 +- -1.00 (1)
0.9718 +- -1.00 (1)
0.9807 +- -1.00 (1)
0.9767 +- -1.00 (1)
0.9793 +- -1.00 (1)
0.9785 +- -1.00 (1)
0.9753 +- -1.00 (1)
0.9755 +- -1.00 (1)
0.9742 +- -1.00 (1)
0.9731 +- -1.00 (1)
0.9705 +- -1.00 (1)
0.9583 +- -1.00 (1)
0.9644 +- -1.00 (1)
0.9723 +- -1.00 (1)
0.9541 +- -1.00 (1)
0.9606 +- -1.00 (1)
0.8657 +- -1.00 (1)
0.9521 +- -1.00 (1)
0.9669 +- -1.00 (1)
0.9360 +- -1.00 (1)
0.9721 +- -1.00 (1)
0.9512 +- -1.00 (1)
0.9666 +- -1.00 (1)
0.8726 +- -1.00 (1)
0.8814 +- -1.00 (1)
0.8033 +- -1.00 (1)
0.9705 +- -1.00 (1)
0.8544 +- -1.00 (1)
0.9036 +- -1.00 (1)
0.7799 +- -1.00 (1)
0.9650 +- -1.00 (1)
0.9541 +- -1.00 (1)
0.9666 +- -1.00 (1)
0.9704 +- -1.00 (1)
0.9677 +- -1.00 (1)
0.9596 +- -1.00 (1)
0.9601 +- -1.00 (1)
0.9500 +- -1.00 (1)
0.9726 +- -1.00 (1)
0.9726 +- -1.00 (1)
0.9664 +- -1.00 (1)
0.9299 +- -1.00 (1)
0.9654 +- -1.00 (1)
0.9572 +- -1.00 (1)
0.9697 +- -1.00 (1)
0.9679 +- -1.00 (1)
0.9706 +- -1.00 (1)
0.9707 +- -1.00 (1)
0.9614 +- -1.00 (1)
0.9658 +- -1.00 (1)
0.9656 +- -1.00 (1)
0.8661 +- -1.00 (1)
0.9582 +- -1.00 (1)
0.9672 +- -1.00 (1)
0.9640 +- -1.00 (1)
0.9663 +- -1.00 (1)
0.9662 +- -1.00 (1)
0.9657 +- -1.00 (1)
0.8925 +- -1.00 (1)
0.9719 +- -1.00 (1)
0.9675 +- -1.00 (1)
0.9609 +- -1.00 (1)
0.9595 +- -1.00 (1)
0.9614 +- -1.00 (1)
0.9697 +- -1.00 (1)
0.9691 +- -1.00 (1)
0.9629 +- -1.00 (1)
0.9704 +- -1.00 (1)
0.9654 +- -1.00 (1)
0.9626 +- -1.00 (1)
0.9226 +- -1.00 (1)
0.8497 +- -1.00 (1)
0.9681 +- -1.00 (1)
0.9452 +- -1.00 (1)
0.9663 +- -1.00 (1)
0.9646 +- -1.00 (1)
0.8746 +- -1.00 (1)
0.9601 +- -1.00 (1)
0.9643 +- -1.00 (1)
0.8543 +- -1.00 (1)
0.9605 +- -1.00 (1)
0.9654 +- -1.00 (1)
0.9037 +- -1.00 (1)
0.9620 +- -1.00 (1)
0.9595 +- -1.00 (1)
0.8835 +- -1.00 (1)
0.9630 +- -1.00 (1)
0.9711 +- -1.00 (1)
0.9322 +- -1.00 (1)
0.9571 +- -1.00 (1)
0.9668 +- -1.00 (1)
0.9499 +- -1.00 (1)
0.9392 +- -1.00 (1)
0.8986 +- -1.00 (1)
0.9100 +- -1.00 (1)
0.9331 +- -1.00 (1)
0.9177 +- -1.00 (1)
0.8870 +- -1.00 (1)
0.9710 +- -1.00 (1)
0.9689 +- -1.00 (1)
0.9670 +- -1.00 (1)
0.9612 +- -1.00 (1)
0.9584 +- -1.00 (1)
0.9611 +- -1.00 (1)
0.9628 +- -1.00 (1)
0.9295 +- -1.00 (1)
0.9524 +- -1.00 (1)
0.9168 +- -1.00 (1)
0.9532 +- -1.00 (1)
0.9646 +- -1.00 (1)
0.9556 +- -1.00 (1)
0.9652 +- -1.00 (1)
0.9025 +- -1.00 (1)
0.9648 +- -1.00 (1)
0.9439 +- -1.00 (1)
0.9398 +- -1.00 (1)
0.8949 +- -1.00 (1)
0.8551 +- -1.00 (1)
0.9444 +- -1.00 (1)
0.9582 +- -1.00 (1)
0.9661 +- -1.00 (1)
0.9697 +- -1.00 (1)
0.9579 +- -1.00 (1)
0.9600 +- -1.00 (1)
0.9350 +- -1.00 (1)
0.9153 +- -1.00 (1)
0.9661 +- -1.00 (1)
0.9470 +- -1.00 (1)
0.9208 +- -1.00 (1)
0.9538 +- -1.00 (1)
0.8944 +- -1.00 (1)
0.8353 +- -1.00 (1)
0.9555 +- -1.00 (1)
0.9685 +- -1.00 (1)
0.9204 +- -1.00 (1)
0.9367 +- -1.00 (1)
0.9607 +- -1.00 (1)
0.9258 +- -1.00 (1)
0.8183 +- -1.00 (1)
0.9229 +- -1.00 (1)
0.9569 +- -1.00 (1)
0.9624 +- -1.00 (1)
0.9164 +- -1.00 (1)
0.9586 +- -1.00 (1)
0.9630 +- -1.00 (1)
0.8449 +- -1.00 (1)
0.9548 +- -1.00 (1)
0.9538 +- -1.00 (1)
0.9450 +- -1.00 (1)
0.9682 +- -1.00 (1)
0.9548 +- -1.00 (1)
0.9506 +- -1.00 (1)
0.9533 +- -1.00 (1)
0.9371 +- -1.00 (1)
0.8977 +- -1.00 (1)
0.8466 +- -1.00 (1)
0.8383 +- -1.00 (1)
0.9597 +- -1.00 (1)
0.9540 +- -1.00 (1)
0.9599 +- -1.00 (1)
0.9069 +- -1.00 (1)
0.9536 +- -1.00 (1)
0.9255 +- -1.00 (1)
0.9414 +- -1.00 (1)
0.9519 +- -1.00 (1)
0.8688 +- -1.00 (1)
0.8038 +- -1.00 (1)
0.9626 +- -1.00 (1)
0.9635 +- -1.00 (1)
0.9094 +- -1.00 (1)
0.6359 +- -1.00 (1)
0.9495 +- -1.00 (1)
0.4665 +- -1.00 (1)
0.9517 +- -1.00 (1)
0.9661 +- -1.00 (1)
0.9340 +- -1.00 (1)
0.8443 +- -1.00 (1)
0.7666 +- -1.00 (1)
0.6360 +- -1.00 (1)
0.9433 +- -1.00 (1)
0.9604 +- -1.00 (1)
0.9647 +- -1.00 (1)
0.9278 +- -1.00 (1)
0.8264 +- -1.00 (1)
0.9671 +- -1.00 (1)
0.9739 +- -1.00 (1)
0.9432 +- -1.00 (1)
0.6479 +- -1.00 (1)
0.8248 +- -1.00 (1)
0.9727 +- -1.00 (1)
0.8244 +- -1.00 (1)
0.9669 +- -1.00 (1)
0.9760 +- -1.00 (1)
0.9599 +- -1.00 (1)
0.9832 +- -1.00 (1)
0.9251 +- -1.00 (1)
0.9815 +- -1.00 (1)
0.9640 +- -1.00 (1)
0.6563 +- -1.00 (1)
0.7603 +- -1.00 (1)
0.9681 +- -1.00 (1)
0.9737 +- -1.00 (1)
0.9633 +- -1.00 (1)
0.9770 +- -1.00 (1)
0.8438 +- -1.00 (1)
0.9669 +- -1.00 (1)
0.8341 +- -1.00 (1)
0.9703 +- -1.00 (1)
0.9683 +- -1.00 (1)
0.9336 +- -1.00 (1)
0.8874 +- -1.00 (1)
0.9631 +- -1.00 (1)
0.9843 +- -1.00 (1)
0.9749 +- -1.00 (1)
0.9775 +- -1.00 (1)
0.9806 +- -1.00 (1)
0.9713 +- -1.00 (1)
0.9785 +- -1.00 (1)
0.9752 +- -1.00 (1)
0.9730 +- -1.00 (1)
0.9753 +- -1.00 (1)
0.9829 +- -1.00 (1)
0.9762 +- -1.00 (1)
0.9746 +- -1.00 (1)
0.9583 +- -1.00 (1)
0.9746 +- -1.00 (1)
0.8960 +- -1.00 (1)
0.9769 +- -1.00 (1)
0.9818 +- -1.00 (1)
0.9809 +- -1.00 (1)
0.9826 +- -1.00 (1)
0.9050 +- -1.00 (1)
0.9540 +- -1.00 (1)
0.9823 +- -1.00 (1)
0.9753 +- -1.00 (1)
0.9773 +- -1.00 (1)
0.9771 +- -1.00 (1)
0.9646 +- -1.00 (1)
0.9731 +- -1.00 (1)
0.9813 +- -1.00 (1)
0.9703 +- -1.00 (1)
0.9409 +- -1.00 (1)
0.9485 +- -1.00 (1)
0.9804 +- -1.00 (1)
0.9792 +- -1.00 (1)
0.9520 +- -1.00 (1)
0.9666 +- -1.00 (1)
0.9798 +- -1.00 (1)
0.9793 +- -1.00 (1)
0.8884 +- -1.00 (1)
0.8589 +- -1.00 (1)
0.9750 +- -1.00 (1)
0.9840 +- -1.00 (1)
0.9050 +- -1.00 (1)
0.9775 +- -1.00 (1)
0.9694 +- -1.00 (1)
0.9723 +- -1.00 (1)
0.9718 +- -1.00 (1)
0.9744 +- -1.00 (1)
0.9764 +- -1.00 (1)
0.9740 +- -1.00 (1)
0.9821 +- -1.00 (1)
0.9676 +- -1.00 (1)
0.9810 +- -1.00 (1)
0.9775 +- -1.00 (1)
0.9709 +- -1.00 (1)
0.9725 +- -1.00 (1)
0.9687 +- -1.00 (1)
0.9804 +- -1.00 (1)
0.9766 +- -1.00 (1)
0.9665 +- -1.00 (1)
0.9737 +- -1.00 (1)
0.9765 +- -1.00 (1)
0.9851 +- -1.00 (1)
0.9694 +- -1.00 (1)
0.9742 +- -1.00 (1)
0.9739 +- -1.00 (1)
0.9694 +- -1.00 (1)
0.9620 +- -1.00 (1)
0.9677 +- -1.00 (1)
0.9738 +- -1.00 (1)
0.9862 +- -1.00 (1)
0.9119 +- -1.00 (1)
0.9747 +- -1.00 (1)
0.9663 +- -1.00 (1)
0.9790 +- -1.00 (1)
0.9641 +- -1.00 (1)
0.9725 +- -1.00 (1)
0.9657 +- -1.00 (1)
0.9617 +- -1.00 (1)
0.9793 +- -1.00 (1)
0.9664 +- -1.00 (1)
0.9659 +- -1.00 (1)
0.9615 +- -1.00 (1)
0.9290 +- -1.00 (1)
0.9790 +- -1.00 (1)
0.9572 +- -1.00 (1)
0.9530 +- -1.00 (1)
0.9715 +- -1.00 (1)
0.9650 +- -1.00 (1)
0.9639 +- -1.00 (1)
0.9748 +- -1.00 (1)
0.9786 +- -1.00 (1)
0.9738 +- -1.00 (1)
0.9735 +- -1.00 (1)
0.9737 +- -1.00 (1)
0.9601 +- -1.00 (1)
0.9776 +- -1.00 (1)
0.9498 +- -1.00 (1)
0.8949 +- -1.00 (1)
0.9231 +- -1.00 (1)
0.8522 +- -1.00 (1)
0.9643 +- -1.00 (1)
0.8317 +- -1.00 (1)
0.7693 +- -1.00 (1)
0.9598 +- -1.00 (1)
0.8996 +- -1.00 (1)
0.9625 +- -1.00 (1)
0.7288 +- -1.00 (1)
0.9418 +- -1.00 (1)
0.9583 +- -1.00 (1)
0.8092 +- -1.00 (1)
0.8699 +- -1.00 (1)
0.9075 +- -1.00 (1)
0.9093 +- -1.00 (1)
0.9660 +- -1.00 (1)
0.9764 +- -1.00 (1)
0.9651 +- -1.00 (1)
0.9254 +- -1.00 (1)
0.9711 +- -1.00 (1)
0.9548 +- -1.00 (1)
0.9643 +- -1.00 (1)
0.9282 +- -1.00 (1)
0.9594 +- -1.00 (1)
0.7858 +- -1.00 (1)
0.7658 +- -1.00 (1)
0.9122 +- -1.00 (1)
0.9483 +- -1.00 (1)
0.8791 +- -1.00 (1)
0.8059 +- -1.00 (1)
0.9569 +- -1.00 (1)
0.9550 +- -1.00 (1)
0.7323 +- -1.00 (1)
0.8706 +- -1.00 (1)
0.8930 +- -1.00 (1)
0.9589 +- -1.00 (1)
0.9624 +- -1.00 (1)
0.8245 +- -1.00 (1)
0.8983 +- -1.00 (1)
0.9290 +- -1.00 (1)
0.9467 +- -1.00 (1)
0.7717 +- -1.00 (1)
0.8982 +- -1.00 (1)
0.9614 +- -1.00 (1)
0.8060 +- -1.00 (1)
0.7862 +- -1.00 (1)
0.9499 +- -1.00 (1)
0.9503 +- -1.00 (1)
0.8627 +- -1.00 (1)
0.9211 +- -1.00 (1)
0.8552 +- -1.00 (1)
0.7751 +- -1.00 (1)
0.7318 +- -1.00 (1)
0.8016 +- -1.00 (1)
0.9589 +- -1.00 (1)
0.9484 +- -1.00 (1)
0.8914 +- -1.00 (1)
0.9249 +- -1.00 (1)
0.9554 +- -1.00 (1)
0.8073 +- -1.00 (1)
0.7800 +- -1.00 (1)
0.8511 +- -1.00 (1)
0.8499 +- -1.00 (1)
0.9468 +- -1.00 (1)
0.8050 +- -1.00 (1)
0.9640 +- -1.00 (1)
0.8974 +- -1.00 (1)
0.9524 +- -1.00 (1)
0.8156 +- -1.00 (1)
0.9498 +- -1.00 (1)
0.7084 +- -1.00 (1)
0.8262 +- -1.00 (1)
0.9643 +- -1.00 (1)
0.9029 +- -1.00 (1)
0.8176 +- -1.00 (1)
0.9275 +- -1.00 (1)
0.9647 +- -1.00 (1)
0.9638 +- -1.00 (1)
0.7731 +- -1.00 (1)
0.7960 +- -1.00 (1)
0.8264 +- -1.00 (1)
0.9016 +- -1.00 (1)
0.9258 +- -1.00 (1)
0.9049 +- -1.00 (1)
0.7686 +- -1.00 (1)
0.9046 +- -1.00 (1)
0.8164 +- -1.00 (1)
0.9468 +- -1.00 (1)
0.9240 +- -1.00 (1)
0.8887 +- -1.00 (1)
0.9622 +- -1.00 (1)
0.8146 +- -1.00 (1)
0.9652 +- -1.00 (1)
0.8828 +- -1.00 (1)
0.8807 +- -1.00 (1)
0.7723 +- -1.00 (1)
0.8934 +- -1.00 (1)
0.7464 +- -1.00 (1)
0.9623 +- -1.00 (1)
0.9320 +- -1.00 (1)
0.8198 +- -1.00 (1)
0.9312 +- -1.00 (1)
0.9090 +- -1.00 (1)
0.8569 +- -1.00 (1)
0.8223 +- -1.00 (1)
0.8220 +- -1.00 (1)
0.8282 +- -1.00 (1)
0.9176 +- -1.00 (1)
0.9389 +- -1.00 (1)
0.8570 +- -1.00 (1)
0.8457 +- -1.00 (1)
0.8146 +- -1.00 (1)
0.9241 +- -1.00 (1)
0.7109 +- -1.00 (1)
0.7831 +- -1.00 (1)
0.7882 +- -1.00 (1)
0.8563 +- -1.00 (1)
0.6796 +- -1.00 (1)
0.7984 +- -1.00 (1)
0.8276 +- -1.00 (1)
0.8966 +- -1.00 (1)
0.7734 +- -1.00 (1)
0.8979 +- -1.00 (1)
0.7806 +- -1.00 (1)
0.6727 +- -1.00 (1)
0.8383 +- -1.00 (1)
0.7957 +- -1.00 (1)
0.8510 +- -1.00 (1)
0.8298 +- -1.00 (1)
0.7224 +- -1.00 (1)
0.7169 +- -1.00 (1)
0.8232 +- -1.00 (1)
0.8084 +- -1.00 (1)
0.8116 +- -1.00 (1)
0.8835 +- -1.00 (1)
0.8004 +- -1.00 (1)
0.8271 +- -1.00 (1)
0.9082 +- -1.00 (1)
0.8542 +- -1.00 (1)
0.8444 +- -1.00 (1)
0.8215 +- -1.00 (1)
0.8062 +- -1.00 (1)
0.8389 +- -1.00 (1)
0.7035 +- -1.00 (1)
0.6829 +- -1.00 (1)
0.8498 +- -1.00 (1)
0.8050 +- -1.00 (1)
0.8169 +- -1.00 (1)
0.7786 +- -1.00 (1)
0.8116 +- -1.00 (1)
0.8691 +- -1.00 (1)
0.8853 +- -1.00 (1)
0.9398 +- -1.00 (1)
0.8326 +- -1.00 (1)
0.8665 +- -1.00 (1)
0.9244 +- -1.00 (1)
0.7852 +- -1.00 (1)
0.8378 +- -1.00 (1)
0.9234 +- -1.00 (1)
