0.7834 +- -1.00 (1)
0.7329 +- -1.00 (1)
0.5103 +- -1.00 (1)
0.6881 +- -1.00 (1)
0.5883 +- -1.00 (1)
0.5562 +- -1.00 (1)
0.7152 +- -1.00 (1)
0.5266 +- -1.00 (1)
0.6023 +- -1.00 (1)
0.4913 +- -1.00 (1)
0.7547 +- -1.00 (1)
0.5893 +- -1.00 (1)
0.7290 +- -1.00 (1)
0.4032 +- -1.00 (1)
0.8645 +- -1.00 (1)
0.7812 +- -1.00 (1)
0.5498 +- -1.00 (1)
0.4873 +- -1.00 (1)
0.5382 +- -1.00 (1)
0.7096 +- -1.00 (1)
0.7278 +- -1.00 (1)
0.6371 +- -1.00 (1)
0.6565 +- -1.00 (1)
0.5077 +- -1.00 (1)
0.8905 +- -1.00 (1)
0.8291 +- -1.00 (1)
0.8211 +- -1.00 (1)
0.7976 +- -1.00 (1)
0.8212 +- -1.00 (1)
0.6316 +- -1.00 (1)
0.6886 +- -1.00 (1)
0.7531 +- -1.00 (1)
0.5583 +- -1.00 (1)
0.6405 +- -1.00 (1)
0.5853 +- -1.00 (1)
0.7858 +- -1.00 (1)
0.9324 +- -1.00 (1)
0.6808 +- -1.00 (1)
0.6971 +- -1.00 (1)
0.6324 +- -1.00 (1)
0.6971 +- -1.00 (1)
0.7933 +- -1.00 (1)
0.7835 +- -1.00 (1)
0.7382 +- -1.00 (1)
0.8598 +- -1.00 (1)
0.7386 +- -1.00 (1)
0.7256 +- -1.00 (1)
0.6741 +- -1.00 (1)
0.7085 +- -1.00 (1)
0.7734 +- -1.00 (1)
0.7353 +- -1.00 (1)
0.6568 +- -1.00 (1)
0.6919 +- -1.00 (1)
0.6601 +- -1.00 (1)
0.6340 +- -1.00 (1)
0.5802 +- -1.00 (1)
0.7851 +- -1.00 (1)
0.8189 +- -1.00 (1)
0.8341 +- -1.00 (1)
0.7250 +- -1.00 (1)
0.8145 +- -1.00 (1)
0.6893 +- -1.00 (1)
0.7347 +- -1.00 (1)
0.7795 +- -1.00 (1)
0.6545 +- -1.00 (1)
0.7978 +- -1.00 (1)
0.7451 +- -1.00 (1)
0.7816 +- -1.00 (1)
0.8259 +- -1.00 (1)
0.6878 +- -1.00 (1)
0.7155 +- -1.00 (1)
0.6899 +- -1.00 (1)
0.7666 +- -1.00 (1)
0.6445 +- -1.00 (1)
0.7450 +- -1.00 (1)
0.6987 +- -1.00 (1)
0.7977 +- -1.00 (1)
0.7744 +- -1.00 (1)
0.6949 +- -1.00 (1)
0.8690 +- -1.00 (1)
0.7856 +- -1.00 (1)
0.8923 +- -1.00 (1)
0.7253 +- -1.00 (1)
0.7418 +- -1.00 (1)
0.7407 +- -1.00 (1)
0.7250 +- -1.00 (1)
0.6994 +- -1.00 (1)
0.6020 +- -1.00 (1)
0.8053 +- -1.00 (1)
0.8458 +- -1.00 (1)
0.7778 +- -1.00 (1)
0.7828 +- -1.00 (1)
0.7907 +- -1.00 (1)
0.7583 +- -1.00 (1)
0.7275 +- -1.00 (1)
0.7124 +- -1.00 (1)
0.8658 +- -1.00 (1)
0.7606 +- -1.00 (1)
0.7633 +- -1.00 (1)
0.8121 +- -1.00 (1)
0.7078 +- -1.00 (1)
0.8276 +- -1.00 (1)
0.8123 +- -1.00 (1)
0.7993 +- -1.00 (1)
0.7953 +- -1.00 (1)
0.7506 +- -1.00 (1)
0.8831 +- -1.00 (1)
0.7879 +- -1.00 (1)
0.6791 +- -1.00 (1)
0.8109 +- -1.00 (1)
0.7650 +- -1.00 (1)
0.8673 +- -1.00 (1)
0.7889 +- -1.00 (1)
0.7550 +- -1.00 (1)
0.7666 +- -1.00 (1)
0.7620 +- -1.00 (1)
0.7923 +- -1.00 (1)
0.7086 +- -1.00 (1)
0.8122 +- -1.00 (1)
0.7915 +- -1.00 (1)
0.8125 +- -1.00 (1)
0.7317 +- -1.00 (1)
0.8032 +- -1.00 (1)
0.8491 +- -1.00 (1)
0.7652 +- -1.00 (1)
0.7968 +- -1.00 (1)
0.7833 +- -1.00 (1)
0.7745 +- -1.00 (1)
0.7543 +- -1.00 (1)
0.7421 +- -1.00 (1)
0.7673 +- -1.00 (1)
0.7107 +- -1.00 (1)
0.7751 +- -1.00 (1)
0.7853 +- -1.00 (1)
0.7900 +- -1.00 (1)
0.8672 +- -1.00 (1)
0.8174 +- -1.00 (1)
0.8029 +- -1.00 (1)
0.8031 +- -1.00 (1)
0.7625 +- -1.00 (1)
0.7758 +- -1.00 (1)
0.6857 +- -1.00 (1)
0.7588 +- -1.00 (1)
0.7370 +- -1.00 (1)
0.7845 +- -1.00 (1)
0.7070 +- -1.00 (1)
0.6824 +- -1.00 (1)
0.7389 +- -1.00 (1)
0.7844 +- -1.00 (1)
0.8151 +- -1.00 (1)
0.7818 +- -1.00 (1)
0.7510 +- -1.00 (1)
0.7802 +- -1.00 (1)
0.6975 +- -1.00 (1)
0.6789 +- -1.00 (1)
0.7168 +- -1.00 (1)
0.7756 +- -1.00 (1)
0.7847 +- -1.00 (1)
0.7003 +- -1.00 (1)
0.7007 +- -1.00 (1)
0.6850 +- -1.00 (1)
0.7481 +- -1.00 (1)
0.7196 +- -1.00 (1)
0.7678 +- -1.00 (1)
0.7234 +- -1.00 (1)
0.7355 +- -1.00 (1)
0.7937 +- -1.00 (1)
0.7690 +- -1.00 (1)
0.7015 +- -1.00 (1)
0.8631 +- -1.00 (1)
0.6991 +- -1.00 (1)
0.7509 +- -1.00 (1)
0.7056 +- -1.00 (1)
0.7437 +- -1.00 (1)
0.7069 +- -1.00 (1)
0.7443 +- -1.00 (1)
0.6842 +- -1.00 (1)
0.7310 +- -1.00 (1)
0.7056 +- -1.00 (1)
0.6782 +- -1.00 (1)
0.7434 +- -1.00 (1)
0.7818 +- -1.00 (1)
0.7509 +- -1.00 (1)
0.7398 +- -1.00 (1)
0.7631 +- -1.00 (1)
0.7766 +- -1.00 (1)
0.7645 +- -1.00 (1)
0.7480 +- -1.00 (1)
0.6603 +- -1.00 (1)
0.7185 +- -1.00 (1)
0.7693 +- -1.00 (1)
0.7598 +- -1.00 (1)
0.6770 +- -1.00 (1)
0.7498 +- -1.00 (1)
0.7737 +- -1.00 (1)
0.7002 +- -1.00 (1)
0.7130 +- -1.00 (1)
0.6846 +- -1.00 (1)
0.7645 +- -1.00 (1)
0.7819 +- -1.00 (1)
0.7704 +- -1.00 (1)
0.7337 +- -1.00 (1)
0.7456 +- -1.00 (1)
0.6992 +- -1.00 (1)
0.7544 +- -1.00 (1)
0.6841 +- -1.00 (1)
0.7555 +- -1.00 (1)
0.7242 +- -1.00 (1)
0.7336 +- -1.00 (1)
0.7280 +- -1.00 (1)
0.7236 +- -1.00 (1)
0.7424 +- -1.00 (1)
0.7268 +- -1.00 (1)
0.7166 +- -1.00 (1)
0.7478 +- -1.00 (1)
0.7385 +- -1.00 (1)
0.7029 +- -1.00 (1)
0.7680 +- -1.00 (1)
0.7472 +- -1.00 (1)
0.6920 +- -1.00 (1)
0.7105 +- -1.00 (1)
0.7893 +- -1.00 (1)
0.7537 +- -1.00 (1)
0.7569 +- -1.00 (1)
0.6948 +- -1.00 (1)
0.7124 +- -1.00 (1)
0.7029 +- -1.00 (1)
0.7486 +- -1.00 (1)
0.7078 +- -1.00 (1)
0.7378 +- -1.00 (1)
0.7407 +- -1.00 (1)
0.7857 +- -1.00 (1)
0.7391 +- -1.00 (1)
0.7306 +- -1.00 (1)
0.7285 +- -1.00 (1)
0.6943 +- -1.00 (1)
0.7707 +- -1.00 (1)
0.7818 +- -1.00 (1)
0.7693 +- -1.00 (1)
0.6940 +- -1.00 (1)
0.7571 +- -1.00 (1)
0.7210 +- -1.00 (1)
0.7176 +- -1.00 (1)
0.7157 +- -1.00 (1)
0.7288 +- -1.00 (1)
0.7266 +- -1.00 (1)
0.6982 +- -1.00 (1)
0.6970 +- -1.00 (1)
0.7282 +- -1.00 (1)
0.7290 +- -1.00 (1)
0.7143 +- -1.00 (1)
0.7188 +- -1.00 (1)
0.6997 +- -1.00 (1)
0.7550 +- -1.00 (1)
0.7114 +- -1.00 (1)
0.7595 +- -1.00 (1)
0.7327 +- -1.00 (1)
0.7352 +- -1.00 (1)
0.6986 +- -1.00 (1)
0.7284 +- -1.00 (1)
0.7669 +- -1.00 (1)
0.6749 +- -1.00 (1)
0.7364 +- -1.00 (1)
0.7290 +- -1.00 (1)
0.6995 +- -1.00 (1)
0.7437 +- -1.00 (1)
0.7257 +- -1.00 (1)
0.7536 +- -1.00 (1)
0.7141 +- -1.00 (1)
0.7621 +- -1.00 (1)
0.7415 +- -1.00 (1)
0.6761 +- -1.00 (1)
0.7190 +- -1.00 (1)
0.6930 +- -1.00 (1)
0.7100 +- -1.00 (1)
0.7358 +- -1.00 (1)
0.6959 +- -1.00 (1)
0.7522 +- -1.00 (1)
0.7290 +- -1.00 (1)
0.7263 +- -1.00 (1)
0.7149 +- -1.00 (1)
0.7307 +- -1.00 (1)
0.7112 +- -1.00 (1)
0.7368 +- -1.00 (1)
0.6985 +- -1.00 (1)
0.7288 +- -1.00 (1)
0.7383 +- -1.00 (1)
0.6774 +- -1.00 (1)
0.7385 +- -1.00 (1)
0.7431 +- -1.00 (1)
0.7099 +- -1.00 (1)
0.7016 +- -1.00 (1)
0.7466 +- -1.00 (1)
0.6923 +- -1.00 (1)
0.7597 +- -1.00 (1)
0.7282 +- -1.00 (1)
0.7247 +- -1.00 (1)
0.7367 +- -1.00 (1)
0.7288 +- -1.00 (1)
0.7290 +- -1.00 (1)
0.6866 +- -1.00 (1)
0.8686 +- -1.00 (1)
0.2874 +- -1.00 (1)
0.6885 +- -1.00 (1)
0.6557 +- -1.00 (1)
0.8314 +- -1.00 (1)
0.5894 +- -1.00 (1)
0.8614 +- -1.00 (1)
0.5255 +- -1.00 (1)
0.6151 +- -1.00 (1)
0.6050 +- -1.00 (1)
0.7664 +- -1.00 (1)
0.6330 +- -1.00 (1)
0.8081 +- -1.00 (1)
0.3678 +- -1.00 (1)
0.7141 +- -1.00 (1)
0.6876 +- -1.00 (1)
0.8899 +- -1.00 (1)
0.5117 +- -1.00 (1)
0.6243 +- -1.00 (1)
0.6482 +- -1.00 (1)
0.6091 +- -1.00 (1)
0.7320 +- -1.00 (1)
0.7160 +- -1.00 (1)
0.7803 +- -1.00 (1)
0.5697 +- -1.00 (1)
0.7913 +- -1.00 (1)
0.8865 +- -1.00 (1)
0.7400 +- -1.00 (1)
0.6430 +- -1.00 (1)
0.6498 +- -1.00 (1)
0.5721 +- -1.00 (1)
0.8444 +- -1.00 (1)
0.6865 +- -1.00 (1)
0.6117 +- -1.00 (1)
0.8727 +- -1.00 (1)
0.4506 +- -1.00 (1)
0.6518 +- -1.00 (1)
0.8101 +- -1.00 (1)
0.7734 +- -1.00 (1)
0.8909 +- -1.00 (1)
0.7052 +- -1.00 (1)
0.7719 +- -1.00 (1)
0.7885 +- -1.00 (1)
0.6646 +- -1.00 (1)
0.7322 +- -1.00 (1)
0.7330 +- -1.00 (1)
0.8265 +- -1.00 (1)
0.6988 +- -1.00 (1)
0.7979 +- -1.00 (1)
0.6760 +- -1.00 (1)
0.7623 +- -1.00 (1)
0.7595 +- -1.00 (1)
0.7727 +- -1.00 (1)
0.5676 +- -1.00 (1)
0.6775 +- -1.00 (1)
0.4914 +- -1.00 (1)
0.6908 +- -1.00 (1)
0.8489 +- -1.00 (1)
0.7658 +- -1.00 (1)
0.7263 +- -1.00 (1)
0.8045 +- -1.00 (1)
0.7061 +- -1.00 (1)
0.6914 +- -1.00 (1)
0.8863 +- -1.00 (1)
0.6722 +- -1.00 (1)
0.7566 +- -1.00 (1)
0.7730 +- -1.00 (1)
0.8828 +- -1.00 (1)
0.7423 +- -1.00 (1)
0.7587 +- -1.00 (1)
0.8451 +- -1.00 (1)
0.8375 +- -1.00 (1)
0.7246 +- -1.00 (1)
0.7929 +- -1.00 (1)
0.6586 +- -1.00 (1)
0.7622 +- -1.00 (1)
0.6697 +- -1.00 (1)
0.8185 +- -1.00 (1)
0.8748 +- -1.00 (1)
0.7411 +- -1.00 (1)
0.8737 +- -1.00 (1)
0.7040 +- -1.00 (1)
0.7612 +- -1.00 (1)
0.8694 +- -1.00 (1)
0.8282 +- -1.00 (1)
0.7449 +- -1.00 (1)
0.8682 +- -1.00 (1)
0.6810 +- -1.00 (1)
0.7760 +- -1.00 (1)
0.7725 +- -1.00 (1)
0.7478 +- -1.00 (1)
0.8142 +- -1.00 (1)
0.9129 +- -1.00 (1)
0.7599 +- -1.00 (1)
0.7344 +- -1.00 (1)
0.9156 +- -1.00 (1)
0.7663 +- -1.00 (1)
0.5983 +- -1.00 (1)
0.8050 +- -1.00 (1)
0.7220 +- -1.00 (1)
0.8169 +- -1.00 (1)
0.7390 +- -1.00 (1)
0.7960 +- -1.00 (1)
0.7828 +- -1.00 (1)
0.7112 +- -1.00 (1)
0.7772 +- -1.00 (1)
0.7832 +- -1.00 (1)
0.6165 +- -1.00 (1)
0.7354 +- -1.00 (1)
0.7948 +- -1.00 (1)
0.8100 +- -1.00 (1)
0.7095 +- -1.00 (1)
0.8788 +- -1.00 (1)
0.7104 +- -1.00 (1)
0.8567 +- -1.00 (1)
0.8709 +- -1.00 (1)
0.8273 +- -1.00 (1)
0.8040 +- -1.00 (1)
0.7235 +- -1.00 (1)
0.7648 +- -1.00 (1)
0.7819 +- -1.00 (1)
0.7819 +- -1.00 (1)
0.8148 +- -1.00 (1)
0.7747 +- -1.00 (1)
0.7476 +- -1.00 (1)
0.7076 +- -1.00 (1)
0.7996 +- -1.00 (1)
0.7952 +- -1.00 (1)
0.7126 +- -1.00 (1)
0.7435 +- -1.00 (1)
0.7062 +- -1.00 (1)
0.7184 +- -1.00 (1)
0.8102 +- -1.00 (1)
0.7403 +- -1.00 (1)
0.7035 +- -1.00 (1)
0.7513 +- -1.00 (1)
0.8201 +- -1.00 (1)
0.7573 +- -1.00 (1)
0.6982 +- -1.00 (1)
0.6835 +- -1.00 (1)
0.7310 +- -1.00 (1)
0.6450 +- -1.00 (1)
0.8569 +- -1.00 (1)
0.6631 +- -1.00 (1)
0.6664 +- -1.00 (1)
0.7648 +- -1.00 (1)
0.7345 +- -1.00 (1)
0.7461 +- -1.00 (1)
0.7650 +- -1.00 (1)
0.7828 +- -1.00 (1)
0.7512 +- -1.00 (1)
0.7025 +- -1.00 (1)
0.7930 +- -1.00 (1)
0.7630 +- -1.00 (1)
0.7379 +- -1.00 (1)
0.7804 +- -1.00 (1)
0.7189 +- -1.00 (1)
0.7901 +- -1.00 (1)
0.7589 +- -1.00 (1)
0.7201 +- -1.00 (1)
0.6875 +- -1.00 (1)
0.6942 +- -1.00 (1)
0.6855 +- -1.00 (1)
0.7674 +- -1.00 (1)
0.7231 +- -1.00 (1)
0.7449 +- -1.00 (1)
0.7018 +- -1.00 (1)
0.7176 +- -1.00 (1)
0.7613 +- -1.00 (1)
0.7817 +- -1.00 (1)
0.8017 +- -1.00 (1)
0.7485 +- -1.00 (1)
0.8261 +- -1.00 (1)
0.6922 +- -1.00 (1)
0.7575 +- -1.00 (1)
0.6987 +- -1.00 (1)
0.7422 +- -1.00 (1)
0.7656 +- -1.00 (1)
0.7250 +- -1.00 (1)
0.7749 +- -1.00 (1)
0.7102 +- -1.00 (1)
0.6309 +- -1.00 (1)
0.8027 +- -1.00 (1)
0.6965 +- -1.00 (1)
0.7282 +- -1.00 (1)
0.7371 +- -1.00 (1)
0.6554 +- -1.00 (1)
0.7748 +- -1.00 (1)
0.7435 +- -1.00 (1)
0.7553 +- -1.00 (1)
0.7694 +- -1.00 (1)
0.6656 +- -1.00 (1)
0.6977 +- -1.00 (1)
0.7146 +- -1.00 (1)
0.6971 +- -1.00 (1)
0.7768 +- -1.00 (1)
0.7812 +- -1.00 (1)
0.8131 +- -1.00 (1)
0.7069 +- -1.00 (1)
0.7380 +- -1.00 (1)
0.6994 +- -1.00 (1)
0.6877 +- -1.00 (1)
0.7693 +- -1.00 (1)
0.6951 +- -1.00 (1)
0.6968 +- -1.00 (1)
0.6806 +- -1.00 (1)
0.6828 +- -1.00 (1)
0.7474 +- -1.00 (1)
0.7733 +- -1.00 (1)
0.7351 +- -1.00 (1)
0.7168 +- -1.00 (1)
0.7191 +- -1.00 (1)
0.7645 +- -1.00 (1)
0.7530 +- -1.00 (1)
0.7246 +- -1.00 (1)
0.7118 +- -1.00 (1)
0.7492 +- -1.00 (1)
0.7368 +- -1.00 (1)
0.7051 +- -1.00 (1)
0.7548 +- -1.00 (1)
0.7211 +- -1.00 (1)
0.7266 +- -1.00 (1)
0.7679 +- -1.00 (1)
0.7021 +- -1.00 (1)
0.7213 +- -1.00 (1)
0.7585 +- -1.00 (1)
0.7147 +- -1.00 (1)
0.7329 +- -1.00 (1)
0.7181 +- -1.00 (1)
0.7623 +- -1.00 (1)
0.7084 +- -1.00 (1)
0.7128 +- -1.00 (1)
0.7459 +- -1.00 (1)
0.7418 +- -1.00 (1)
0.7169 +- -1.00 (1)
0.7664 +- -1.00 (1)
0.7930 +- -1.00 (1)
0.7491 +- -1.00 (1)
0.7005 +- -1.00 (1)
0.7536 +- -1.00 (1)
0.6707 +- -1.00 (1)
0.6720 +- -1.00 (1)
0.7051 +- -1.00 (1)
0.7565 +- -1.00 (1)
0.7347 +- -1.00 (1)
0.7345 +- -1.00 (1)
0.7120 +- -1.00 (1)
0.6973 +- -1.00 (1)
0.7651 +- -1.00 (1)
0.7692 +- -1.00 (1)
0.7342 +- -1.00 (1)
0.7474 +- -1.00 (1)
0.7754 +- -1.00 (1)
0.7400 +- -1.00 (1)
0.6957 +- -1.00 (1)
0.7419 +- -1.00 (1)
0.7592 +- -1.00 (1)
0.7232 +- -1.00 (1)
0.6951 +- -1.00 (1)
0.7642 +- -1.00 (1)
0.6986 +- -1.00 (1)
0.6950 +- -1.00 (1)
0.7236 +- -1.00 (1)
0.7176 +- -1.00 (1)
0.6935 +- -1.00 (1)
0.7384 +- -1.00 (1)
0.6986 +- -1.00 (1)
0.7357 +- -1.00 (1)
0.7431 +- -1.00 (1)
0.7259 +- -1.00 (1)
0.7606 +- -1.00 (1)
0.7541 +- -1.00 (1)
0.7555 +- -1.00 (1)
0.6743 +- -1.00 (1)
0.7138 +- -1.00 (1)
0.7084 +- -1.00 (1)
0.7352 +- -1.00 (1)
0.7784 +- -1.00 (1)
0.7208 +- -1.00 (1)
0.7838 +- -1.00 (1)
0.7114 +- -1.00 (1)
0.7273 +- -1.00 (1)
0.7249 +- -1.00 (1)
0.7307 +- -1.00 (1)
0.7104 +- -1.00 (1)
0.6920 +- -1.00 (1)
0.6621 +- -1.00 (1)
0.7283 +- -1.00 (1)
0.6933 +- -1.00 (1)
0.7385 +- -1.00 (1)
0.7631 +- -1.00 (1)
0.7131 +- -1.00 (1)
0.7169 +- -1.00 (1)
0.7408 +- -1.00 (1)
0.7354 +- -1.00 (1)
0.7209 +- -1.00 (1)
0.7061 +- -1.00 (1)
0.6596 +- -1.00 (1)
0.7393 +- -1.00 (1)
0.8783 +- -1.00 (1)
0.1451 +- -1.00 (1)
0.6636 +- -1.00 (1)
0.7293 +- -1.00 (1)
0.4447 +- -1.00 (1)
0.7487 +- -1.00 (1)
0.7185 +- -1.00 (1)
0.5391 +- -1.00 (1)
0.2656 +- -1.00 (1)
0.6717 +- -1.00 (1)
0.5498 +- -1.00 (1)
0.6371 +- -1.00 (1)
0.6134 +- -1.00 (1)
0.5859 +- -1.00 (1)
0.4117 +- -1.00 (1)
0.6395 +- -1.00 (1)
0.6666 +- -1.00 (1)
0.8473 +- -1.00 (1)
0.4496 +- -1.00 (1)
0.4124 +- -1.00 (1)
0.6576 +- -1.00 (1)
0.7429 +- -1.00 (1)
0.6635 +- -1.00 (1)
0.7257 +- -1.00 (1)
0.7570 +- -1.00 (1)
0.5480 +- -1.00 (1)
0.4878 +- -1.00 (1)
0.8247 +- -1.00 (1)
0.6117 +- -1.00 (1)
0.5641 +- -1.00 (1)
0.8334 +- -1.00 (1)
0.6166 +- -1.00 (1)
0.7429 +- -1.00 (1)
0.7555 +- -1.00 (1)
0.6085 +- -1.00 (1)
0.4259 +- -1.00 (1)
0.6869 +- -1.00 (1)
0.7022 +- -1.00 (1)
0.7691 +- -1.00 (1)
0.7757 +- -1.00 (1)
0.7520 +- -1.00 (1)
0.5038 +- -1.00 (1)
0.6262 +- -1.00 (1)
0.7939 +- -1.00 (1)
0.7142 +- -1.00 (1)
0.6153 +- -1.00 (1)
0.8688 +- -1.00 (1)
0.6462 +- -1.00 (1)
0.7553 +- -1.00 (1)
0.7100 +- -1.00 (1)
0.7225 +- -1.00 (1)
0.6090 +- -1.00 (1)
0.6912 +- -1.00 (1)
0.8984 +- -1.00 (1)
0.7859 +- -1.00 (1)
0.7719 +- -1.00 (1)
0.8383 +- -1.00 (1)
0.9197 +- -1.00 (1)
0.7484 +- -1.00 (1)
0.7705 +- -1.00 (1)
0.7385 +- -1.00 (1)
0.8107 +- -1.00 (1)
0.6039 +- -1.00 (1)
0.7057 +- -1.00 (1)
0.6319 +- -1.00 (1)
0.6631 +- -1.00 (1)
0.6167 +- -1.00 (1)
0.7925 +- -1.00 (1)
0.7047 +- -1.00 (1)
0.7859 +- -1.00 (1)
0.7862 +- -1.00 (1)
0.6878 +- -1.00 (1)
0.8157 +- -1.00 (1)
0.5706 +- -1.00 (1)
0.6683 +- -1.00 (1)
0.7450 +- -1.00 (1)
0.6554 +- -1.00 (1)
0.7540 +- -1.00 (1)
0.7315 +- -1.00 (1)
0.7891 +- -1.00 (1)
0.7297 +- -1.00 (1)
0.7274 +- -1.00 (1)
0.7055 +- -1.00 (1)
0.7903 +- -1.00 (1)
0.7672 +- -1.00 (1)
0.8479 +- -1.00 (1)
0.8185 +- -1.00 (1)
0.6936 +- -1.00 (1)
0.7140 +- -1.00 (1)
0.7115 +- -1.00 (1)
0.8025 +- -1.00 (1)
0.6448 +- -1.00 (1)
0.7114 +- -1.00 (1)
0.8289 +- -1.00 (1)
0.6807 +- -1.00 (1)
0.7999 +- -1.00 (1)
0.8352 +- -1.00 (1)
0.8013 +- -1.00 (1)
0.7605 +- -1.00 (1)
0.7348 +- -1.00 (1)
0.8674 +- -1.00 (1)
0.8583 +- -1.00 (1)
0.8002 +- -1.00 (1)
0.6976 +- -1.00 (1)
0.8461 +- -1.00 (1)
0.7807 +- -1.00 (1)
0.6687 +- -1.00 (1)
0.7299 +- -1.00 (1)
0.6767 +- -1.00 (1)
0.7197 +- -1.00 (1)
0.6494 +- -1.00 (1)
0.8447 +- -1.00 (1)
0.8136 +- -1.00 (1)
0.7951 +- -1.00 (1)
0.7311 +- -1.00 (1)
0.7674 +- -1.00 (1)
0.7381 +- -1.00 (1)
0.7982 +- -1.00 (1)
0.7565 +- -1.00 (1)
0.7413 +- -1.00 (1)
0.6811 +- -1.00 (1)
0.8387 +- -1.00 (1)
0.5971 +- -1.00 (1)
0.7415 +- -1.00 (1)
0.7837 +- -1.00 (1)
0.6925 +- -1.00 (1)
0.6642 +- -1.00 (1)
0.7489 +- -1.00 (1)
0.7383 +- -1.00 (1)
0.7754 +- -1.00 (1)
0.7763 +- -1.00 (1)
0.7268 +- -1.00 (1)
0.7806 +- -1.00 (1)
0.8430 +- -1.00 (1)
0.6825 +- -1.00 (1)
0.7736 +- -1.00 (1)
0.7760 +- -1.00 (1)
0.7067 +- -1.00 (1)
0.7679 +- -1.00 (1)
0.7115 +- -1.00 (1)
0.7087 +- -1.00 (1)
0.7478 +- -1.00 (1)
0.6373 +- -1.00 (1)
0.7856 +- -1.00 (1)
0.7831 +- -1.00 (1)
0.6830 +- -1.00 (1)
0.6860 +- -1.00 (1)
0.6946 +- -1.00 (1)
0.7116 +- -1.00 (1)
0.5332 +- -1.00 (1)
0.7233 +- -1.00 (1)
0.7799 +- -1.00 (1)
0.6672 +- -1.00 (1)
0.7713 +- -1.00 (1)
0.6518 +- -1.00 (1)
0.7820 +- -1.00 (1)
0.7316 +- -1.00 (1)
0.7324 +- -1.00 (1)
0.8121 +- -1.00 (1)
0.6774 +- -1.00 (1)
0.7133 +- -1.00 (1)
0.7443 +- -1.00 (1)
0.6855 +- -1.00 (1)
0.7424 +- -1.00 (1)
0.7304 +- -1.00 (1)
0.6829 +- -1.00 (1)
0.6710 +- -1.00 (1)
0.6042 +- -1.00 (1)
0.6772 +- -1.00 (1)
0.7149 +- -1.00 (1)
0.6349 +- -1.00 (1)
0.7628 +- -1.00 (1)
0.7652 +- -1.00 (1)
0.6620 +- -1.00 (1)
0.7488 +- -1.00 (1)
0.7345 +- -1.00 (1)
0.7683 +- -1.00 (1)
0.7385 +- -1.00 (1)
0.7891 +- -1.00 (1)
0.7373 +- -1.00 (1)
0.7286 +- -1.00 (1)
0.6861 +- -1.00 (1)
0.7125 +- -1.00 (1)
0.7439 +- -1.00 (1)
0.7437 +- -1.00 (1)
0.6998 +- -1.00 (1)
0.6647 +- -1.00 (1)
0.6957 +- -1.00 (1)
0.7031 +- -1.00 (1)
0.7487 +- -1.00 (1)
0.7792 +- -1.00 (1)
0.7796 +- -1.00 (1)
0.7060 +- -1.00 (1)
0.7254 +- -1.00 (1)
0.6261 +- -1.00 (1)
0.6352 +- -1.00 (1)
0.7595 +- -1.00 (1)
0.7650 +- -1.00 (1)
0.7498 +- -1.00 (1)
0.7218 +- -1.00 (1)
0.6594 +- -1.00 (1)
0.6633 +- -1.00 (1)
0.6969 +- -1.00 (1)
0.7155 +- -1.00 (1)
0.7030 +- -1.00 (1)
0.6733 +- -1.00 (1)
0.7439 +- -1.00 (1)
0.6908 +- -1.00 (1)
0.7844 +- -1.00 (1)
0.7792 +- -1.00 (1)
0.7076 +- -1.00 (1)
0.7273 +- -1.00 (1)
0.6511 +- -1.00 (1)
0.7025 +- -1.00 (1)
0.6982 +- -1.00 (1)
0.7037 +- -1.00 (1)
0.7510 +- -1.00 (1)
0.7476 +- -1.00 (1)
0.7399 +- -1.00 (1)
0.7691 +- -1.00 (1)
0.7422 +- -1.00 (1)
0.7124 +- -1.00 (1)
0.6891 +- -1.00 (1)
0.7857 +- -1.00 (1)
0.6858 +- -1.00 (1)
0.7205 +- -1.00 (1)
0.7084 +- -1.00 (1)
0.6927 +- -1.00 (1)
0.6962 +- -1.00 (1)
0.7054 +- -1.00 (1)
0.7507 +- -1.00 (1)
0.7236 +- -1.00 (1)
0.7139 +- -1.00 (1)
0.7403 +- -1.00 (1)
0.7619 +- -1.00 (1)
0.7118 +- -1.00 (1)
0.7580 +- -1.00 (1)
0.7577 +- -1.00 (1)
0.7382 +- -1.00 (1)
0.7309 +- -1.00 (1)
0.7102 +- -1.00 (1)
0.7628 +- -1.00 (1)
0.7120 +- -1.00 (1)
0.7235 +- -1.00 (1)
0.7342 +- -1.00 (1)
0.7148 +- -1.00 (1)
0.7024 +- -1.00 (1)
0.7413 +- -1.00 (1)
0.7274 +- -1.00 (1)
0.7481 +- -1.00 (1)
0.7527 +- -1.00 (1)
0.7824 +- -1.00 (1)
0.7435 +- -1.00 (1)
0.7424 +- -1.00 (1)
0.7185 +- -1.00 (1)
0.6904 +- -1.00 (1)
0.7332 +- -1.00 (1)
0.7575 +- -1.00 (1)
0.7451 +- -1.00 (1)
0.6911 +- -1.00 (1)
0.6995 +- -1.00 (1)
0.6793 +- -1.00 (1)
0.7159 +- -1.00 (1)
0.7114 +- -1.00 (1)
0.7173 +- -1.00 (1)
0.6996 +- -1.00 (1)
0.7393 +- -1.00 (1)
0.7198 +- -1.00 (1)
0.7358 +- -1.00 (1)
0.7155 +- -1.00 (1)
0.7065 +- -1.00 (1)
0.7172 +- -1.00 (1)
0.7220 +- -1.00 (1)
0.6862 +- -1.00 (1)
0.7424 +- -1.00 (1)
0.7723 +- -1.00 (1)
0.7259 +- -1.00 (1)
0.7113 +- -1.00 (1)
0.7161 +- -1.00 (1)
0.6764 +- -1.00 (1)
0.7549 +- -1.00 (1)
0.7010 +- -1.00 (1)
0.7336 +- -1.00 (1)
0.7060 +- -1.00 (1)
0.7054 +- -1.00 (1)
0.6768 +- -1.00 (1)
0.7400 +- -1.00 (1)
0.6417 +- -1.00 (1)
0.7406 +- -1.00 (1)
0.6943 +- -1.00 (1)
0.6970 +- -1.00 (1)
0.7026 +- -1.00 (1)
0.7070 +- -1.00 (1)
0.7521 +- -1.00 (1)
0.7483 +- -1.00 (1)
0.7320 +- -1.00 (1)
0.7290 +- -1.00 (1)
0.7166 +- -1.00 (1)
0.6709 +- -1.00 (1)
0.7126 +- -1.00 (1)
