0.9627 +- -1.00 (1)
0.9813 +- -1.00 (1)
0.9535 +- -1.00 (1)
0.9667 +- -1.00 (1)
0.9623 +- -1.00 (1)
0.9707 +- -1.00 (1)
0.9786 +- -1.00 (1)
0.9882 +- -1.00 (1)
0.9502 +- -1.00 (1)
0.9624 +- -1.00 (1)
0.9465 +- -1.00 (1)
0.9642 +- -1.00 (1)
0.9820 +- -1.00 (1)
0.9728 +- -1.00 (1)
0.9740 +- -1.00 (1)
0.9778 +- -1.00 (1)
0.9849 +- -1.00 (1)
0.9604 +- -1.00 (1)
0.9793 +- -1.00 (1)
0.9663 +- -1.00 (1)
0.9723 +- -1.00 (1)
0.9777 +- -1.00 (1)
0.9716 +- -1.00 (1)
0.9840 +- -1.00 (1)
0.9831 +- -1.00 (1)
0.9869 +- -1.00 (1)
0.9821 +- -1.00 (1)
0.9815 +- -1.00 (1)
0.9802 +- -1.00 (1)
0.9844 +- -1.00 (1)
0.9741 +- -1.00 (1)
0.9747 +- -1.00 (1)
0.9777 +- -1.00 (1)
0.9686 +- -1.00 (1)
0.9806 +- -1.00 (1)
0.9815 +- -1.00 (1)
0.9864 +- -1.00 (1)
0.9696 +- -1.00 (1)
0.9762 +- -1.00 (1)
0.9830 +- -1.00 (1)
0.9821 +- -1.00 (1)
0.9841 +- -1.00 (1)
0.9811 +- -1.00 (1)
0.9882 +- -1.00 (1)
0.9752 +- -1.00 (1)
0.9842 +- -1.00 (1)
0.9831 +- -1.00 (1)
0.9825 +- -1.00 (1)
0.9796 +- -1.00 (1)
0.9833 +- -1.00 (1)
0.9787 +- -1.00 (1)
0.9791 +- -1.00 (1)
0.9823 +- -1.00 (1)
0.9803 +- -1.00 (1)
0.9844 +- -1.00 (1)
0.9809 +- -1.00 (1)
0.9776 +- -1.00 (1)
0.9705 +- -1.00 (1)
0.9857 +- -1.00 (1)
0.9812 +- -1.00 (1)
0.9842 +- -1.00 (1)
0.9852 +- -1.00 (1)
0.9810 +- -1.00 (1)
0.9845 +- -1.00 (1)
0.9787 +- -1.00 (1)
0.9785 +- -1.00 (1)
0.9834 +- -1.00 (1)
0.9775 +- -1.00 (1)
0.9802 +- -1.00 (1)
0.9814 +- -1.00 (1)
0.9815 +- -1.00 (1)
0.9856 +- -1.00 (1)
0.9892 +- -1.00 (1)
0.9764 +- -1.00 (1)
0.9858 +- -1.00 (1)
0.9844 +- -1.00 (1)
0.9821 +- -1.00 (1)
0.9725 +- -1.00 (1)
0.9848 +- -1.00 (1)
0.9812 +- -1.00 (1)
0.9848 +- -1.00 (1)
0.9847 +- -1.00 (1)
0.9816 +- -1.00 (1)
0.9833 +- -1.00 (1)
0.9821 +- -1.00 (1)
0.9840 +- -1.00 (1)
0.9839 +- -1.00 (1)
0.9789 +- -1.00 (1)
0.9780 +- -1.00 (1)
0.9825 +- -1.00 (1)
0.9820 +- -1.00 (1)
0.9784 +- -1.00 (1)
0.9898 +- -1.00 (1)
0.9852 +- -1.00 (1)
0.9891 +- -1.00 (1)
0.9836 +- -1.00 (1)
0.9823 +- -1.00 (1)
0.9736 +- -1.00 (1)
0.9858 +- -1.00 (1)
0.9825 +- -1.00 (1)
0.9845 +- -1.00 (1)
0.9878 +- -1.00 (1)
0.9793 +- -1.00 (1)
0.9861 +- -1.00 (1)
0.9861 +- -1.00 (1)
0.9821 +- -1.00 (1)
0.9825 +- -1.00 (1)
0.9799 +- -1.00 (1)
0.9758 +- -1.00 (1)
0.9843 +- -1.00 (1)
0.9828 +- -1.00 (1)
0.9814 +- -1.00 (1)
0.9921 +- -1.00 (1)
0.9849 +- -1.00 (1)
0.9888 +- -1.00 (1)
0.9839 +- -1.00 (1)
0.9819 +- -1.00 (1)
0.9747 +- -1.00 (1)
0.9782 +- -1.00 (1)
0.9835 +- -1.00 (1)
0.9856 +- -1.00 (1)
0.9808 +- -1.00 (1)
0.9804 +- -1.00 (1)
0.9867 +- -1.00 (1)
0.9842 +- -1.00 (1)
0.9788 +- -1.00 (1)
0.9810 +- -1.00 (1)
0.9843 +- -1.00 (1)
0.9769 +- -1.00 (1)
0.9842 +- -1.00 (1)
0.9823 +- -1.00 (1)
0.9823 +- -1.00 (1)
0.9842 +- -1.00 (1)
0.9827 +- -1.00 (1)
0.9853 +- -1.00 (1)
0.9801 +- -1.00 (1)
0.9808 +- -1.00 (1)
0.9783 +- -1.00 (1)
0.9811 +- -1.00 (1)
0.9804 +- -1.00 (1)
0.9816 +- -1.00 (1)
0.9751 +- -1.00 (1)
0.9706 +- -1.00 (1)
0.9774 +- -1.00 (1)
0.9749 +- -1.00 (1)
0.9743 +- -1.00 (1)
0.9729 +- -1.00 (1)
0.9738 +- -1.00 (1)
0.9653 +- -1.00 (1)
0.9760 +- -1.00 (1)
0.9800 +- -1.00 (1)
0.9726 +- -1.00 (1)
0.9760 +- -1.00 (1)
0.9717 +- -1.00 (1)
0.9791 +- -1.00 (1)
0.9747 +- -1.00 (1)
0.9758 +- -1.00 (1)
0.9736 +- -1.00 (1)
0.9810 +- -1.00 (1)
0.9751 +- -1.00 (1)
0.9772 +- -1.00 (1)
0.9708 +- -1.00 (1)
0.9735 +- -1.00 (1)
0.9747 +- -1.00 (1)
0.9780 +- -1.00 (1)
0.9710 +- -1.00 (1)
0.9766 +- -1.00 (1)
0.9782 +- -1.00 (1)
0.9710 +- -1.00 (1)
0.9735 +- -1.00 (1)
0.9743 +- -1.00 (1)
0.9695 +- -1.00 (1)
0.9716 +- -1.00 (1)
0.9801 +- -1.00 (1)
0.9653 +- -1.00 (1)
0.9738 +- -1.00 (1)
0.9705 +- -1.00 (1)
0.9788 +- -1.00 (1)
0.9748 +- -1.00 (1)
0.9735 +- -1.00 (1)
0.9748 +- -1.00 (1)
0.9714 +- -1.00 (1)
0.9691 +- -1.00 (1)
0.9748 +- -1.00 (1)
0.9782 +- -1.00 (1)
0.9696 +- -1.00 (1)
0.9730 +- -1.00 (1)
0.9779 +- -1.00 (1)
0.9696 +- -1.00 (1)
0.9691 +- -1.00 (1)
0.9772 +- -1.00 (1)
0.9711 +- -1.00 (1)
0.9700 +- -1.00 (1)
0.9710 +- -1.00 (1)
0.9777 +- -1.00 (1)
0.9753 +- -1.00 (1)
0.9724 +- -1.00 (1)
0.9783 +- -1.00 (1)
0.9733 +- -1.00 (1)
0.9751 +- -1.00 (1)
0.9745 +- -1.00 (1)
0.9688 +- -1.00 (1)
0.9717 +- -1.00 (1)
0.9725 +- -1.00 (1)
0.9763 +- -1.00 (1)
0.9734 +- -1.00 (1)
0.9722 +- -1.00 (1)
0.9740 +- -1.00 (1)
0.9689 +- -1.00 (1)
0.9794 +- -1.00 (1)
0.9746 +- -1.00 (1)
0.9721 +- -1.00 (1)
0.9735 +- -1.00 (1)
0.9705 +- -1.00 (1)
0.9724 +- -1.00 (1)
0.9695 +- -1.00 (1)
0.9741 +- -1.00 (1)
0.9761 +- -1.00 (1)
0.9757 +- -1.00 (1)
0.9705 +- -1.00 (1)
0.9710 +- -1.00 (1)
0.9765 +- -1.00 (1)
0.9738 +- -1.00 (1)
0.9749 +- -1.00 (1)
0.9709 +- -1.00 (1)
0.9721 +- -1.00 (1)
0.9707 +- -1.00 (1)
0.9699 +- -1.00 (1)
0.9720 +- -1.00 (1)
0.9709 +- -1.00 (1)
0.9716 +- -1.00 (1)
0.9706 +- -1.00 (1)
0.9686 +- -1.00 (1)
0.9704 +- -1.00 (1)
0.9729 +- -1.00 (1)
0.9728 +- -1.00 (1)
0.9745 +- -1.00 (1)
0.9677 +- -1.00 (1)
0.9705 +- -1.00 (1)
0.9766 +- -1.00 (1)
0.9732 +- -1.00 (1)
0.9721 +- -1.00 (1)
0.9732 +- -1.00 (1)
0.9738 +- -1.00 (1)
0.9676 +- -1.00 (1)
0.9693 +- -1.00 (1)
0.9709 +- -1.00 (1)
0.9702 +- -1.00 (1)
0.9646 +- -1.00 (1)
0.9737 +- -1.00 (1)
0.9749 +- -1.00 (1)
0.9749 +- -1.00 (1)
0.9746 +- -1.00 (1)
0.9687 +- -1.00 (1)
0.9734 +- -1.00 (1)
0.9735 +- -1.00 (1)
0.9706 +- -1.00 (1)
0.9718 +- -1.00 (1)
0.9763 +- -1.00 (1)
0.9662 +- -1.00 (1)
0.9734 +- -1.00 (1)
0.9662 +- -1.00 (1)
0.9700 +- -1.00 (1)
0.9727 +- -1.00 (1)
0.9713 +- -1.00 (1)
0.9718 +- -1.00 (1)
0.9726 +- -1.00 (1)
0.9707 +- -1.00 (1)
0.9668 +- -1.00 (1)
0.9735 +- -1.00 (1)
0.9712 +- -1.00 (1)
0.9688 +- -1.00 (1)
0.9746 +- -1.00 (1)
0.9734 +- -1.00 (1)
0.9684 +- -1.00 (1)
0.9674 +- -1.00 (1)
0.9731 +- -1.00 (1)
0.9696 +- -1.00 (1)
0.9733 +- -1.00 (1)
0.9715 +- -1.00 (1)
0.9709 +- -1.00 (1)
0.9705 +- -1.00 (1)
0.9717 +- -1.00 (1)
0.9683 +- -1.00 (1)
0.9675 +- -1.00 (1)
0.9695 +- -1.00 (1)
0.9674 +- -1.00 (1)
0.9661 +- -1.00 (1)
0.9690 +- -1.00 (1)
0.9741 +- -1.00 (1)
0.9675 +- -1.00 (1)
0.9703 +- -1.00 (1)
0.9661 +- -1.00 (1)
0.9743 +- -1.00 (1)
0.9669 +- -1.00 (1)
0.9679 +- -1.00 (1)
0.9709 +- -1.00 (1)
0.9713 +- -1.00 (1)
0.9746 +- -1.00 (1)
0.9706 +- -1.00 (1)
0.9627 +- -1.00 (1)
0.9813 +- -1.00 (1)
0.9535 +- -1.00 (1)
0.9667 +- -1.00 (1)
0.9623 +- -1.00 (1)
0.9707 +- -1.00 (1)
0.9786 +- -1.00 (1)
0.9882 +- -1.00 (1)
0.9492 +- -1.00 (1)
0.9624 +- -1.00 (1)
0.9473 +- -1.00 (1)
0.9642 +- -1.00 (1)
0.9856 +- -1.00 (1)
0.9738 +- -1.00 (1)
0.9761 +- -1.00 (1)
0.9778 +- -1.00 (1)
0.9849 +- -1.00 (1)
0.9604 +- -1.00 (1)
0.9793 +- -1.00 (1)
0.9663 +- -1.00 (1)
0.9731 +- -1.00 (1)
0.9777 +- -1.00 (1)
0.9716 +- -1.00 (1)
0.9840 +- -1.00 (1)
0.9831 +- -1.00 (1)
0.9836 +- -1.00 (1)
0.9834 +- -1.00 (1)
0.9803 +- -1.00 (1)
0.9802 +- -1.00 (1)
0.9844 +- -1.00 (1)
0.9741 +- -1.00 (1)
0.9747 +- -1.00 (1)
0.9777 +- -1.00 (1)
0.9686 +- -1.00 (1)
0.9786 +- -1.00 (1)
0.9829 +- -1.00 (1)
0.9861 +- -1.00 (1)
0.9696 +- -1.00 (1)
0.9764 +- -1.00 (1)
0.9830 +- -1.00 (1)
0.9821 +- -1.00 (1)
0.9841 +- -1.00 (1)
0.9811 +- -1.00 (1)
0.9897 +- -1.00 (1)
0.9752 +- -1.00 (1)
0.9821 +- -1.00 (1)
0.9831 +- -1.00 (1)
0.9821 +- -1.00 (1)
0.9802 +- -1.00 (1)
0.9833 +- -1.00 (1)
0.9751 +- -1.00 (1)
0.9788 +- -1.00 (1)
0.9820 +- -1.00 (1)
0.9803 +- -1.00 (1)
0.9844 +- -1.00 (1)
0.9809 +- -1.00 (1)
0.9776 +- -1.00 (1)
0.9705 +- -1.00 (1)
0.9860 +- -1.00 (1)
0.9812 +- -1.00 (1)
0.9842 +- -1.00 (1)
0.9829 +- -1.00 (1)
0.9810 +- -1.00 (1)
0.9837 +- -1.00 (1)
0.9792 +- -1.00 (1)
0.9785 +- -1.00 (1)
0.9842 +- -1.00 (1)
0.9788 +- -1.00 (1)
0.9804 +- -1.00 (1)
0.9819 +- -1.00 (1)
0.9815 +- -1.00 (1)
0.9856 +- -1.00 (1)
0.9892 +- -1.00 (1)
0.9764 +- -1.00 (1)
0.9833 +- -1.00 (1)
0.9844 +- -1.00 (1)
0.9808 +- -1.00 (1)
0.9725 +- -1.00 (1)
0.9848 +- -1.00 (1)
0.9816 +- -1.00 (1)
0.9840 +- -1.00 (1)
0.9849 +- -1.00 (1)
0.9798 +- -1.00 (1)
0.9833 +- -1.00 (1)
0.9820 +- -1.00 (1)
0.9840 +- -1.00 (1)
0.9828 +- -1.00 (1)
0.9804 +- -1.00 (1)
0.9788 +- -1.00 (1)
0.9821 +- -1.00 (1)
0.9820 +- -1.00 (1)
0.9784 +- -1.00 (1)
0.9898 +- -1.00 (1)
0.9852 +- -1.00 (1)
0.9891 +- -1.00 (1)
0.9836 +- -1.00 (1)
0.9823 +- -1.00 (1)
0.9736 +- -1.00 (1)
0.9877 +- -1.00 (1)
0.9825 +- -1.00 (1)
0.9845 +- -1.00 (1)
0.9876 +- -1.00 (1)
0.9793 +- -1.00 (1)
0.9869 +- -1.00 (1)
0.9861 +- -1.00 (1)
0.9811 +- -1.00 (1)
0.9825 +- -1.00 (1)
0.9804 +- -1.00 (1)
0.9755 +- -1.00 (1)
0.9838 +- -1.00 (1)
0.9828 +- -1.00 (1)
0.9812 +- -1.00 (1)
0.9921 +- -1.00 (1)
0.9849 +- -1.00 (1)
0.9888 +- -1.00 (1)
0.9839 +- -1.00 (1)
0.9804 +- -1.00 (1)
0.9741 +- -1.00 (1)
0.9782 +- -1.00 (1)
0.9835 +- -1.00 (1)
0.9862 +- -1.00 (1)
0.9846 +- -1.00 (1)
0.9809 +- -1.00 (1)
0.9861 +- -1.00 (1)
0.9846 +- -1.00 (1)
0.9790 +- -1.00 (1)
0.9810 +- -1.00 (1)
0.9843 +- -1.00 (1)
0.9798 +- -1.00 (1)
0.9840 +- -1.00 (1)
0.9823 +- -1.00 (1)
0.9823 +- -1.00 (1)
0.9842 +- -1.00 (1)
0.9827 +- -1.00 (1)
0.9853 +- -1.00 (1)
0.9809 +- -1.00 (1)
0.9808 +- -1.00 (1)
0.9783 +- -1.00 (1)
0.9831 +- -1.00 (1)
0.9807 +- -1.00 (1)
0.9819 +- -1.00 (1)
0.9751 +- -1.00 (1)
0.9694 +- -1.00 (1)
0.9774 +- -1.00 (1)
0.9749 +- -1.00 (1)
0.9734 +- -1.00 (1)
0.9729 +- -1.00 (1)
0.9738 +- -1.00 (1)
0.9653 +- -1.00 (1)
0.9760 +- -1.00 (1)
0.9809 +- -1.00 (1)
0.9726 +- -1.00 (1)
0.9739 +- -1.00 (1)
0.9717 +- -1.00 (1)
0.9790 +- -1.00 (1)
0.9755 +- -1.00 (1)
0.9761 +- -1.00 (1)
0.9736 +- -1.00 (1)
0.9806 +- -1.00 (1)
0.9751 +- -1.00 (1)
0.9772 +- -1.00 (1)
0.9708 +- -1.00 (1)
0.9735 +- -1.00 (1)
0.9750 +- -1.00 (1)
0.9780 +- -1.00 (1)
0.9713 +- -1.00 (1)
0.9766 +- -1.00 (1)
0.9782 +- -1.00 (1)
0.9710 +- -1.00 (1)
0.9735 +- -1.00 (1)
0.9740 +- -1.00 (1)
0.9695 +- -1.00 (1)
0.9718 +- -1.00 (1)
0.9801 +- -1.00 (1)
0.9644 +- -1.00 (1)
0.9738 +- -1.00 (1)
0.9705 +- -1.00 (1)
0.9788 +- -1.00 (1)
0.9748 +- -1.00 (1)
0.9735 +- -1.00 (1)
0.9736 +- -1.00 (1)
0.9722 +- -1.00 (1)
0.9691 +- -1.00 (1)
0.9748 +- -1.00 (1)
0.9782 +- -1.00 (1)
0.9696 +- -1.00 (1)
0.9730 +- -1.00 (1)
0.9783 +- -1.00 (1)
0.9701 +- -1.00 (1)
0.9691 +- -1.00 (1)
0.9772 +- -1.00 (1)
0.9713 +- -1.00 (1)
0.9722 +- -1.00 (1)
0.9706 +- -1.00 (1)
0.9761 +- -1.00 (1)
0.9753 +- -1.00 (1)
0.9724 +- -1.00 (1)
0.9783 +- -1.00 (1)
0.9733 +- -1.00 (1)
0.9751 +- -1.00 (1)
0.9745 +- -1.00 (1)
0.9688 +- -1.00 (1)
0.9717 +- -1.00 (1)
0.9725 +- -1.00 (1)
0.9754 +- -1.00 (1)
0.9734 +- -1.00 (1)
0.9722 +- -1.00 (1)
0.9740 +- -1.00 (1)
0.9690 +- -1.00 (1)
0.9794 +- -1.00 (1)
0.9736 +- -1.00 (1)
0.9705 +- -1.00 (1)
0.9735 +- -1.00 (1)
0.9707 +- -1.00 (1)
0.9724 +- -1.00 (1)
0.9695 +- -1.00 (1)
0.9741 +- -1.00 (1)
0.9759 +- -1.00 (1)
0.9757 +- -1.00 (1)
0.9705 +- -1.00 (1)
0.9710 +- -1.00 (1)
0.9765 +- -1.00 (1)
0.9738 +- -1.00 (1)
0.9749 +- -1.00 (1)
0.9709 +- -1.00 (1)
0.9717 +- -1.00 (1)
0.9707 +- -1.00 (1)
0.9699 +- -1.00 (1)
0.9720 +- -1.00 (1)
0.9709 +- -1.00 (1)
0.9716 +- -1.00 (1)
0.9706 +- -1.00 (1)
0.9686 +- -1.00 (1)
0.9744 +- -1.00 (1)
0.9722 +- -1.00 (1)
0.9728 +- -1.00 (1)
0.9731 +- -1.00 (1)
0.9677 +- -1.00 (1)
0.9694 +- -1.00 (1)
0.9766 +- -1.00 (1)
0.9733 +- -1.00 (1)
0.9721 +- -1.00 (1)
0.9732 +- -1.00 (1)
0.9738 +- -1.00 (1)
0.9676 +- -1.00 (1)
0.9690 +- -1.00 (1)
0.9709 +- -1.00 (1)
0.9716 +- -1.00 (1)
0.9671 +- -1.00 (1)
0.9737 +- -1.00 (1)
0.9749 +- -1.00 (1)
0.9749 +- -1.00 (1)
0.9746 +- -1.00 (1)
0.9687 +- -1.00 (1)
0.9733 +- -1.00 (1)
0.9735 +- -1.00 (1)
0.9706 +- -1.00 (1)
0.9718 +- -1.00 (1)
0.9753 +- -1.00 (1)
0.9665 +- -1.00 (1)
0.9734 +- -1.00 (1)
0.9662 +- -1.00 (1)
0.9700 +- -1.00 (1)
0.9729 +- -1.00 (1)
0.9713 +- -1.00 (1)
0.9718 +- -1.00 (1)
0.9719 +- -1.00 (1)
0.9707 +- -1.00 (1)
0.9668 +- -1.00 (1)
0.9735 +- -1.00 (1)
0.9712 +- -1.00 (1)
0.9688 +- -1.00 (1)
0.9746 +- -1.00 (1)
0.9734 +- -1.00 (1)
0.9689 +- -1.00 (1)
0.9674 +- -1.00 (1)
0.9696 +- -1.00 (1)
0.9681 +- -1.00 (1)
0.9733 +- -1.00 (1)
0.9712 +- -1.00 (1)
0.9712 +- -1.00 (1)
0.9690 +- -1.00 (1)
0.9717 +- -1.00 (1)
0.9694 +- -1.00 (1)
0.9675 +- -1.00 (1)
0.9695 +- -1.00 (1)
0.9674 +- -1.00 (1)
0.9661 +- -1.00 (1)
0.9694 +- -1.00 (1)
0.9741 +- -1.00 (1)
0.9675 +- -1.00 (1)
0.9703 +- -1.00 (1)
0.9672 +- -1.00 (1)
0.9747 +- -1.00 (1)
0.9665 +- -1.00 (1)
0.9679 +- -1.00 (1)
0.9709 +- -1.00 (1)
0.9713 +- -1.00 (1)
0.9746 +- -1.00 (1)
0.9706 +- -1.00 (1)
0.9627 +- -1.00 (1)
0.9813 +- -1.00 (1)
0.9558 +- -1.00 (1)
0.9667 +- -1.00 (1)
0.9623 +- -1.00 (1)
0.9707 +- -1.00 (1)
0.9786 +- -1.00 (1)
0.9882 +- -1.00 (1)
0.9492 +- -1.00 (1)
0.9624 +- -1.00 (1)
0.9473 +- -1.00 (1)
0.9642 +- -1.00 (1)
0.9856 +- -1.00 (1)
0.9727 +- -1.00 (1)
0.9761 +- -1.00 (1)
0.9778 +- -1.00 (1)
0.9849 +- -1.00 (1)
0.9520 +- -1.00 (1)
0.9793 +- -1.00 (1)
0.9663 +- -1.00 (1)
0.9734 +- -1.00 (1)
0.9777 +- -1.00 (1)
0.9716 +- -1.00 (1)
0.9806 +- -1.00 (1)
0.9831 +- -1.00 (1)
0.9836 +- -1.00 (1)
0.9843 +- -1.00 (1)
0.9803 +- -1.00 (1)
0.9802 +- -1.00 (1)
0.9833 +- -1.00 (1)
0.9741 +- -1.00 (1)
0.9747 +- -1.00 (1)
0.9777 +- -1.00 (1)
0.9686 +- -1.00 (1)
0.9806 +- -1.00 (1)
0.9815 +- -1.00 (1)
0.9864 +- -1.00 (1)
0.9696 +- -1.00 (1)
0.9762 +- -1.00 (1)
0.9830 +- -1.00 (1)
0.9813 +- -1.00 (1)
0.9856 +- -1.00 (1)
0.9811 +- -1.00 (1)
0.9882 +- -1.00 (1)
0.9755 +- -1.00 (1)
0.9821 +- -1.00 (1)
0.9831 +- -1.00 (1)
0.9821 +- -1.00 (1)
0.9796 +- -1.00 (1)
0.9833 +- -1.00 (1)
0.9787 +- -1.00 (1)
0.9791 +- -1.00 (1)
0.9852 +- -1.00 (1)
0.9803 +- -1.00 (1)
0.9844 +- -1.00 (1)
0.9809 +- -1.00 (1)
0.9776 +- -1.00 (1)
0.9705 +- -1.00 (1)
0.9860 +- -1.00 (1)
0.9812 +- -1.00 (1)
0.9843 +- -1.00 (1)
0.9829 +- -1.00 (1)
0.9810 +- -1.00 (1)
0.9845 +- -1.00 (1)
0.9787 +- -1.00 (1)
0.9799 +- -1.00 (1)
0.9842 +- -1.00 (1)
0.9775 +- -1.00 (1)
0.9802 +- -1.00 (1)
0.9814 +- -1.00 (1)
0.9815 +- -1.00 (1)
0.9856 +- -1.00 (1)
0.9892 +- -1.00 (1)
0.9769 +- -1.00 (1)
0.9834 +- -1.00 (1)
0.9844 +- -1.00 (1)
0.9821 +- -1.00 (1)
0.9732 +- -1.00 (1)
0.9862 +- -1.00 (1)
0.9806 +- -1.00 (1)
0.9840 +- -1.00 (1)
0.9847 +- -1.00 (1)
0.9816 +- -1.00 (1)
0.9839 +- -1.00 (1)
0.9820 +- -1.00 (1)
0.9840 +- -1.00 (1)
0.9828 +- -1.00 (1)
0.9789 +- -1.00 (1)
0.9793 +- -1.00 (1)
0.9821 +- -1.00 (1)
0.9820 +- -1.00 (1)
0.9784 +- -1.00 (1)
0.9914 +- -1.00 (1)
0.9852 +- -1.00 (1)
0.9891 +- -1.00 (1)
0.9836 +- -1.00 (1)
0.9823 +- -1.00 (1)
0.9736 +- -1.00 (1)
0.9861 +- -1.00 (1)
0.9825 +- -1.00 (1)
0.9846 +- -1.00 (1)
0.9876 +- -1.00 (1)
0.9800 +- -1.00 (1)
0.9869 +- -1.00 (1)
0.9861 +- -1.00 (1)
0.9811 +- -1.00 (1)
0.9825 +- -1.00 (1)
0.9799 +- -1.00 (1)
0.9758 +- -1.00 (1)
0.9843 +- -1.00 (1)
0.9828 +- -1.00 (1)
0.9814 +- -1.00 (1)
0.9921 +- -1.00 (1)
0.9849 +- -1.00 (1)
0.9888 +- -1.00 (1)
0.9839 +- -1.00 (1)
0.9804 +- -1.00 (1)
0.9745 +- -1.00 (1)
0.9782 +- -1.00 (1)
0.9835 +- -1.00 (1)
0.9862 +- -1.00 (1)
0.9806 +- -1.00 (1)
0.9818 +- -1.00 (1)
0.9861 +- -1.00 (1)
0.9847 +- -1.00 (1)
0.9788 +- -1.00 (1)
0.9811 +- -1.00 (1)
0.9843 +- -1.00 (1)
0.9811 +- -1.00 (1)
0.9843 +- -1.00 (1)
0.9812 +- -1.00 (1)
0.9823 +- -1.00 (1)
0.9842 +- -1.00 (1)
0.9827 +- -1.00 (1)
0.9853 +- -1.00 (1)
0.9800 +- -1.00 (1)
0.9808 +- -1.00 (1)
0.9783 +- -1.00 (1)
0.9815 +- -1.00 (1)
0.9807 +- -1.00 (1)
0.9814 +- -1.00 (1)
0.9751 +- -1.00 (1)
0.9694 +- -1.00 (1)
0.9774 +- -1.00 (1)
0.9755 +- -1.00 (1)
0.9734 +- -1.00 (1)
0.9729 +- -1.00 (1)
0.9724 +- -1.00 (1)
0.9653 +- -1.00 (1)
0.9760 +- -1.00 (1)
0.9797 +- -1.00 (1)
0.9726 +- -1.00 (1)
0.9739 +- -1.00 (1)
0.9717 +- -1.00 (1)
0.9761 +- -1.00 (1)
0.9750 +- -1.00 (1)
0.9761 +- -1.00 (1)
0.9736 +- -1.00 (1)
0.9810 +- -1.00 (1)
0.9751 +- -1.00 (1)
0.9772 +- -1.00 (1)
0.9708 +- -1.00 (1)
0.9735 +- -1.00 (1)
0.9741 +- -1.00 (1)
0.9780 +- -1.00 (1)
0.9669 +- -1.00 (1)
0.9766 +- -1.00 (1)
0.9782 +- -1.00 (1)
0.9709 +- -1.00 (1)
0.9735 +- -1.00 (1)
0.9743 +- -1.00 (1)
0.9695 +- -1.00 (1)
0.9718 +- -1.00 (1)
0.9801 +- -1.00 (1)
0.9641 +- -1.00 (1)
0.9738 +- -1.00 (1)
0.9705 +- -1.00 (1)
0.9788 +- -1.00 (1)
0.9748 +- -1.00 (1)
0.9735 +- -1.00 (1)
0.9736 +- -1.00 (1)
0.9714 +- -1.00 (1)
0.9691 +- -1.00 (1)
0.9748 +- -1.00 (1)
0.9782 +- -1.00 (1)
0.9696 +- -1.00 (1)
0.9730 +- -1.00 (1)
0.9779 +- -1.00 (1)
0.9696 +- -1.00 (1)
0.9691 +- -1.00 (1)
0.9772 +- -1.00 (1)
0.9711 +- -1.00 (1)
0.9698 +- -1.00 (1)
0.9725 +- -1.00 (1)
0.9777 +- -1.00 (1)
0.9753 +- -1.00 (1)
0.9724 +- -1.00 (1)
0.9783 +- -1.00 (1)
0.9733 +- -1.00 (1)
0.9751 +- -1.00 (1)
0.9745 +- -1.00 (1)
0.9688 +- -1.00 (1)
0.9717 +- -1.00 (1)
0.9725 +- -1.00 (1)
0.9763 +- -1.00 (1)
0.9763 +- -1.00 (1)
0.9755 +- -1.00 (1)
0.9740 +- -1.00 (1)
0.9713 +- -1.00 (1)
0.9761 +- -1.00 (1)
0.9744 +- -1.00 (1)
0.9721 +- -1.00 (1)
0.9724 +- -1.00 (1)
0.9705 +- -1.00 (1)
0.9724 +- -1.00 (1)
0.9701 +- -1.00 (1)
0.9750 +- -1.00 (1)
0.9759 +- -1.00 (1)
0.9757 +- -1.00 (1)
0.9705 +- -1.00 (1)
0.9710 +- -1.00 (1)
0.9765 +- -1.00 (1)
0.9738 +- -1.00 (1)
0.9749 +- -1.00 (1)
0.9709 +- -1.00 (1)
0.9721 +- -1.00 (1)
0.9707 +- -1.00 (1)
0.9678 +- -1.00 (1)
0.9720 +- -1.00 (1)
0.9709 +- -1.00 (1)
0.9716 +- -1.00 (1)
0.9706 +- -1.00 (1)
0.9686 +- -1.00 (1)
0.9716 +- -1.00 (1)
0.9722 +- -1.00 (1)
0.9728 +- -1.00 (1)
0.9734 +- -1.00 (1)
0.9677 +- -1.00 (1)
0.9740 +- -1.00 (1)
0.9766 +- -1.00 (1)
0.9733 +- -1.00 (1)
0.9721 +- -1.00 (1)
0.9732 +- -1.00 (1)
0.9748 +- -1.00 (1)
0.9676 +- -1.00 (1)
0.9693 +- -1.00 (1)
0.9682 +- -1.00 (1)
0.9716 +- -1.00 (1)
0.9671 +- -1.00 (1)
0.9737 +- -1.00 (1)
0.9749 +- -1.00 (1)
0.9749 +- -1.00 (1)
0.9746 +- -1.00 (1)
0.9686 +- -1.00 (1)
0.9734 +- -1.00 (1)
0.9735 +- -1.00 (1)
0.9706 +- -1.00 (1)
0.9718 +- -1.00 (1)
0.9763 +- -1.00 (1)
0.9665 +- -1.00 (1)
0.9732 +- -1.00 (1)
0.9662 +- -1.00 (1)
0.9700 +- -1.00 (1)
0.9729 +- -1.00 (1)
0.9713 +- -1.00 (1)
0.9718 +- -1.00 (1)
0.9707 +- -1.00 (1)
0.9707 +- -1.00 (1)
0.9668 +- -1.00 (1)
0.9735 +- -1.00 (1)
0.9703 +- -1.00 (1)
0.9688 +- -1.00 (1)
0.9746 +- -1.00 (1)
0.9734 +- -1.00 (1)
0.9684 +- -1.00 (1)
0.9674 +- -1.00 (1)
0.9729 +- -1.00 (1)
0.9681 +- -1.00 (1)
0.9733 +- -1.00 (1)
0.9715 +- -1.00 (1)
0.9709 +- -1.00 (1)
0.9705 +- -1.00 (1)
0.9717 +- -1.00 (1)
0.9696 +- -1.00 (1)
0.9675 +- -1.00 (1)
0.9695 +- -1.00 (1)
0.9676 +- -1.00 (1)
0.9661 +- -1.00 (1)
0.9696 +- -1.00 (1)
0.9741 +- -1.00 (1)
0.9675 +- -1.00 (1)
0.9703 +- -1.00 (1)
0.9672 +- -1.00 (1)
0.9747 +- -1.00 (1)
0.9669 +- -1.00 (1)
0.9679 +- -1.00 (1)
0.9709 +- -1.00 (1)
0.9720 +- -1.00 (1)
0.9746 +- -1.00 (1)
0.9706 +- -1.00 (1)
0.9627 +- -1.00 (1)
0.9813 +- -1.00 (1)
0.9553 +- -1.00 (1)
0.9667 +- -1.00 (1)
0.9623 +- -1.00 (1)
0.9707 +- -1.00 (1)
0.9786 +- -1.00 (1)
0.9882 +- -1.00 (1)
0.9492 +- -1.00 (1)
0.9624 +- -1.00 (1)
0.9465 +- -1.00 (1)
0.9642 +- -1.00 (1)
0.9806 +- -1.00 (1)
0.9773 +- -1.00 (1)
0.9761 +- -1.00 (1)
0.9778 +- -1.00 (1)
0.9790 +- -1.00 (1)
0.9604 +- -1.00 (1)
0.9793 +- -1.00 (1)
0.9656 +- -1.00 (1)
0.9733 +- -1.00 (1)
0.9777 +- -1.00 (1)
0.9716 +- -1.00 (1)
0.9847 +- -1.00 (1)
0.9716 +- -1.00 (1)
0.9836 +- -1.00 (1)
0.9821 +- -1.00 (1)
0.9815 +- -1.00 (1)
0.9802 +- -1.00 (1)
0.9844 +- -1.00 (1)
0.9741 +- -1.00 (1)
0.9747 +- -1.00 (1)
0.9777 +- -1.00 (1)
0.9686 +- -1.00 (1)
0.9789 +- -1.00 (1)
0.9815 +- -1.00 (1)
0.9864 +- -1.00 (1)
0.9690 +- -1.00 (1)
0.9742 +- -1.00 (1)
0.9830 +- -1.00 (1)
0.9821 +- -1.00 (1)
0.9858 +- -1.00 (1)
0.9811 +- -1.00 (1)
0.9882 +- -1.00 (1)
0.9755 +- -1.00 (1)
0.9822 +- -1.00 (1)
0.9831 +- -1.00 (1)
0.9825 +- -1.00 (1)
0.9796 +- -1.00 (1)
0.9833 +- -1.00 (1)
0.9747 +- -1.00 (1)
0.9791 +- -1.00 (1)
0.9853 +- -1.00 (1)
0.9803 +- -1.00 (1)
0.9844 +- -1.00 (1)
0.9809 +- -1.00 (1)
0.9776 +- -1.00 (1)
0.9705 +- -1.00 (1)
0.9860 +- -1.00 (1)
0.9812 +- -1.00 (1)
0.9846 +- -1.00 (1)
0.9852 +- -1.00 (1)
0.9810 +- -1.00 (1)
0.9845 +- -1.00 (1)
0.9792 +- -1.00 (1)
0.9785 +- -1.00 (1)
0.9842 +- -1.00 (1)
0.9788 +- -1.00 (1)
0.9802 +- -1.00 (1)
0.9814 +- -1.00 (1)
0.9815 +- -1.00 (1)
0.9856 +- -1.00 (1)
0.9892 +- -1.00 (1)
0.9764 +- -1.00 (1)
0.9858 +- -1.00 (1)
0.9844 +- -1.00 (1)
0.9808 +- -1.00 (1)
0.9724 +- -1.00 (1)
0.9836 +- -1.00 (1)
0.9816 +- -1.00 (1)
0.9841 +- -1.00 (1)
0.9849 +- -1.00 (1)
0.9801 +- -1.00 (1)
0.9840 +- -1.00 (1)
0.9821 +- -1.00 (1)
0.9806 +- -1.00 (1)
0.9828 +- -1.00 (1)
0.9804 +- -1.00 (1)
0.9788 +- -1.00 (1)
0.9817 +- -1.00 (1)
0.9820 +- -1.00 (1)
0.9784 +- -1.00 (1)
0.9914 +- -1.00 (1)
0.9852 +- -1.00 (1)
0.9891 +- -1.00 (1)
0.9836 +- -1.00 (1)
0.9823 +- -1.00 (1)
0.9736 +- -1.00 (1)
0.9881 +- -1.00 (1)
0.9825 +- -1.00 (1)
0.9846 +- -1.00 (1)
0.9878 +- -1.00 (1)
0.9793 +- -1.00 (1)
0.9869 +- -1.00 (1)
0.9861 +- -1.00 (1)
0.9811 +- -1.00 (1)
0.9805 +- -1.00 (1)
0.9799 +- -1.00 (1)
0.9757 +- -1.00 (1)
0.9838 +- -1.00 (1)
0.9828 +- -1.00 (1)
0.9834 +- -1.00 (1)
0.9876 +- -1.00 (1)
0.9849 +- -1.00 (1)
0.9888 +- -1.00 (1)
0.9839 +- -1.00 (1)
0.9819 +- -1.00 (1)
0.9733 +- -1.00 (1)
0.9782 +- -1.00 (1)
0.9835 +- -1.00 (1)
0.9862 +- -1.00 (1)
0.9818 +- -1.00 (1)
0.9818 +- -1.00 (1)
0.9861 +- -1.00 (1)
0.9846 +- -1.00 (1)
0.9790 +- -1.00 (1)
0.9810 +- -1.00 (1)
0.9843 +- -1.00 (1)
0.9811 +- -1.00 (1)
0.9843 +- -1.00 (1)
0.9812 +- -1.00 (1)
0.9823 +- -1.00 (1)
0.9842 +- -1.00 (1)
0.9827 +- -1.00 (1)
0.9853 +- -1.00 (1)
0.9809 +- -1.00 (1)
0.9808 +- -1.00 (1)
0.9783 +- -1.00 (1)
0.9815 +- -1.00 (1)
0.9804 +- -1.00 (1)
0.9814 +- -1.00 (1)
0.9751 +- -1.00 (1)
0.9694 +- -1.00 (1)
0.9774 +- -1.00 (1)
0.9747 +- -1.00 (1)
0.9734 +- -1.00 (1)
0.9729 +- -1.00 (1)
0.9724 +- -1.00 (1)
0.9653 +- -1.00 (1)
0.9760 +- -1.00 (1)
0.9799 +- -1.00 (1)
0.9726 +- -1.00 (1)
0.9739 +- -1.00 (1)
0.9724 +- -1.00 (1)
0.9775 +- -1.00 (1)
0.9750 +- -1.00 (1)
0.9725 +- -1.00 (1)
0.9736 +- -1.00 (1)
0.9802 +- -1.00 (1)
0.9743 +- -1.00 (1)
0.9772 +- -1.00 (1)
0.9708 +- -1.00 (1)
0.9735 +- -1.00 (1)
0.9712 +- -1.00 (1)
0.9780 +- -1.00 (1)
0.9669 +- -1.00 (1)
0.9766 +- -1.00 (1)
0.9726 +- -1.00 (1)
0.9710 +- -1.00 (1)
0.9741 +- -1.00 (1)
0.9740 +- -1.00 (1)
0.9695 +- -1.00 (1)
0.9716 +- -1.00 (1)
0.9801 +- -1.00 (1)
0.9641 +- -1.00 (1)
0.9738 +- -1.00 (1)
0.9705 +- -1.00 (1)
0.9782 +- -1.00 (1)
0.9748 +- -1.00 (1)
0.9735 +- -1.00 (1)
0.9748 +- -1.00 (1)
0.9734 +- -1.00 (1)
0.9691 +- -1.00 (1)
0.9748 +- -1.00 (1)
0.9782 +- -1.00 (1)
0.9707 +- -1.00 (1)
0.9730 +- -1.00 (1)
0.9783 +- -1.00 (1)
0.9696 +- -1.00 (1)
0.9691 +- -1.00 (1)
0.9772 +- -1.00 (1)
0.9725 +- -1.00 (1)
0.9698 +- -1.00 (1)
0.9710 +- -1.00 (1)
0.9761 +- -1.00 (1)
0.9753 +- -1.00 (1)
0.9718 +- -1.00 (1)
0.9783 +- -1.00 (1)
0.9743 +- -1.00 (1)
0.9751 +- -1.00 (1)
0.9745 +- -1.00 (1)
0.9688 +- -1.00 (1)
0.9717 +- -1.00 (1)
0.9725 +- -1.00 (1)
0.9736 +- -1.00 (1)
0.9767 +- -1.00 (1)
0.9734 +- -1.00 (1)
0.9740 +- -1.00 (1)
0.9690 +- -1.00 (1)
0.9794 +- -1.00 (1)
0.9746 +- -1.00 (1)
0.9721 +- -1.00 (1)
0.9735 +- -1.00 (1)
0.9705 +- -1.00 (1)
0.9724 +- -1.00 (1)
0.9701 +- -1.00 (1)
0.9741 +- -1.00 (1)
0.9761 +- -1.00 (1)
0.9756 +- -1.00 (1)
0.9705 +- -1.00 (1)
0.9710 +- -1.00 (1)
0.9765 +- -1.00 (1)
0.9738 +- -1.00 (1)
0.9749 +- -1.00 (1)
0.9747 +- -1.00 (1)
0.9721 +- -1.00 (1)
0.9707 +- -1.00 (1)
0.9699 +- -1.00 (1)
0.9720 +- -1.00 (1)
0.9709 +- -1.00 (1)
0.9750 +- -1.00 (1)
0.9704 +- -1.00 (1)
0.9686 +- -1.00 (1)
0.9716 +- -1.00 (1)
0.9722 +- -1.00 (1)
0.9703 +- -1.00 (1)
0.9745 +- -1.00 (1)
0.9677 +- -1.00 (1)
0.9730 +- -1.00 (1)
0.9766 +- -1.00 (1)
0.9733 +- -1.00 (1)
0.9721 +- -1.00 (1)
0.9733 +- -1.00 (1)
0.9751 +- -1.00 (1)
0.9676 +- -1.00 (1)
0.9690 +- -1.00 (1)
0.9682 +- -1.00 (1)
0.9700 +- -1.00 (1)
0.9671 +- -1.00 (1)
0.9737 +- -1.00 (1)
0.9749 +- -1.00 (1)
0.9749 +- -1.00 (1)
0.9746 +- -1.00 (1)
0.9687 +- -1.00 (1)
0.9734 +- -1.00 (1)
0.9735 +- -1.00 (1)
0.9706 +- -1.00 (1)
0.9718 +- -1.00 (1)
0.9763 +- -1.00 (1)
0.9669 +- -1.00 (1)
0.9734 +- -1.00 (1)
0.9662 +- -1.00 (1)
0.9700 +- -1.00 (1)
0.9729 +- -1.00 (1)
0.9713 +- -1.00 (1)
0.9718 +- -1.00 (1)
0.9726 +- -1.00 (1)
0.9707 +- -1.00 (1)
0.9668 +- -1.00 (1)
0.9735 +- -1.00 (1)
0.9712 +- -1.00 (1)
0.9688 +- -1.00 (1)
0.9746 +- -1.00 (1)
0.9734 +- -1.00 (1)
0.9684 +- -1.00 (1)
0.9674 +- -1.00 (1)
0.9731 +- -1.00 (1)
0.9681 +- -1.00 (1)
0.9733 +- -1.00 (1)
0.9712 +- -1.00 (1)
0.9712 +- -1.00 (1)
0.9684 +- -1.00 (1)
0.9717 +- -1.00 (1)
0.9694 +- -1.00 (1)
0.9675 +- -1.00 (1)
0.9695 +- -1.00 (1)
0.9674 +- -1.00 (1)
0.9661 +- -1.00 (1)
0.9696 +- -1.00 (1)
0.9741 +- -1.00 (1)
0.9675 +- -1.00 (1)
0.9703 +- -1.00 (1)
0.9672 +- -1.00 (1)
0.9743 +- -1.00 (1)
0.9669 +- -1.00 (1)
0.9679 +- -1.00 (1)
0.9709 +- -1.00 (1)
0.9720 +- -1.00 (1)
0.9746 +- -1.00 (1)
0.9706 +- -1.00 (1)
0.9627 +- -1.00 (1)
0.9693 +- -1.00 (1)
0.9535 +- -1.00 (1)
0.9667 +- -1.00 (1)
0.9611 +- -1.00 (1)
0.8077 +- -1.00 (1)
0.9751 +- -1.00 (1)
0.9882 +- -1.00 (1)
0.9502 +- -1.00 (1)
0.9634 +- -1.00 (1)
0.9440 +- -1.00 (1)
0.9440 +- -1.00 (1)
0.9856 +- -1.00 (1)
0.8935 +- -1.00 (1)
0.9740 +- -1.00 (1)
0.9778 +- -1.00 (1)
0.9766 +- -1.00 (1)
0.9520 +- -1.00 (1)
0.9793 +- -1.00 (1)
0.9663 +- -1.00 (1)
0.9731 +- -1.00 (1)
0.9777 +- -1.00 (1)
0.9716 +- -1.00 (1)
0.9821 +- -1.00 (1)
0.9754 +- -1.00 (1)
0.9819 +- -1.00 (1)
0.9821 +- -1.00 (1)
0.9815 +- -1.00 (1)
0.9701 +- -1.00 (1)
0.9824 +- -1.00 (1)
0.9741 +- -1.00 (1)
0.9719 +- -1.00 (1)
0.9791 +- -1.00 (1)
0.9731 +- -1.00 (1)
0.9786 +- -1.00 (1)
0.9829 +- -1.00 (1)
0.9823 +- -1.00 (1)
0.9637 +- -1.00 (1)
0.9762 +- -1.00 (1)
0.9762 +- -1.00 (1)
0.9821 +- -1.00 (1)
0.9859 +- -1.00 (1)
0.9811 +- -1.00 (1)
0.9882 +- -1.00 (1)
0.9755 +- -1.00 (1)
0.9842 +- -1.00 (1)
0.9831 +- -1.00 (1)
0.9825 +- -1.00 (1)
0.9809 +- -1.00 (1)
0.9833 +- -1.00 (1)
0.9747 +- -1.00 (1)
0.9791 +- -1.00 (1)
0.9853 +- -1.00 (1)
0.9803 +- -1.00 (1)
0.9844 +- -1.00 (1)
0.9809 +- -1.00 (1)
0.9776 +- -1.00 (1)
0.9705 +- -1.00 (1)
0.9821 +- -1.00 (1)
0.9812 +- -1.00 (1)
0.9837 +- -1.00 (1)
0.9852 +- -1.00 (1)
0.9810 +- -1.00 (1)
0.9845 +- -1.00 (1)
0.9792 +- -1.00 (1)
0.9789 +- -1.00 (1)
0.9842 +- -1.00 (1)
0.9775 +- -1.00 (1)
0.9802 +- -1.00 (1)
0.9875 +- -1.00 (1)
0.9772 +- -1.00 (1)
0.9856 +- -1.00 (1)
0.9904 +- -1.00 (1)
0.9764 +- -1.00 (1)
0.9858 +- -1.00 (1)
0.9844 +- -1.00 (1)
0.9821 +- -1.00 (1)
0.9733 +- -1.00 (1)
0.9847 +- -1.00 (1)
0.9812 +- -1.00 (1)
0.9838 +- -1.00 (1)
0.9849 +- -1.00 (1)
0.9801 +- -1.00 (1)
0.9840 +- -1.00 (1)
0.9821 +- -1.00 (1)
0.9847 +- -1.00 (1)
0.9834 +- -1.00 (1)
0.9789 +- -1.00 (1)
0.9783 +- -1.00 (1)
0.9826 +- -1.00 (1)
0.9820 +- -1.00 (1)
0.9784 +- -1.00 (1)
0.9899 +- -1.00 (1)
0.9852 +- -1.00 (1)
0.9891 +- -1.00 (1)
0.9836 +- -1.00 (1)
0.9823 +- -1.00 (1)
0.9736 +- -1.00 (1)
0.9855 +- -1.00 (1)
0.9812 +- -1.00 (1)
0.9846 +- -1.00 (1)
0.9878 +- -1.00 (1)
0.9793 +- -1.00 (1)
0.9856 +- -1.00 (1)
0.9861 +- -1.00 (1)
0.9811 +- -1.00 (1)
0.9825 +- -1.00 (1)
0.9765 +- -1.00 (1)
0.9774 +- -1.00 (1)
0.9851 +- -1.00 (1)
0.9828 +- -1.00 (1)
0.9812 +- -1.00 (1)
0.9921 +- -1.00 (1)
0.9849 +- -1.00 (1)
0.9868 +- -1.00 (1)
0.9839 +- -1.00 (1)
0.9806 +- -1.00 (1)
0.9747 +- -1.00 (1)
0.9782 +- -1.00 (1)
0.9835 +- -1.00 (1)
0.9862 +- -1.00 (1)
0.9836 +- -1.00 (1)
0.9804 +- -1.00 (1)
0.9861 +- -1.00 (1)
0.9846 +- -1.00 (1)
0.9788 +- -1.00 (1)
0.9812 +- -1.00 (1)
0.9843 +- -1.00 (1)
0.9802 +- -1.00 (1)
0.9842 +- -1.00 (1)
0.9823 +- -1.00 (1)
0.9843 +- -1.00 (1)
0.9841 +- -1.00 (1)
0.9827 +- -1.00 (1)
0.9853 +- -1.00 (1)
0.9800 +- -1.00 (1)
0.9808 +- -1.00 (1)
0.9783 +- -1.00 (1)
0.9802 +- -1.00 (1)
0.9804 +- -1.00 (1)
0.9815 +- -1.00 (1)
0.9751 +- -1.00 (1)
0.9713 +- -1.00 (1)
0.9774 +- -1.00 (1)
0.9749 +- -1.00 (1)
0.9748 +- -1.00 (1)
0.9729 +- -1.00 (1)
0.9729 +- -1.00 (1)
0.9653 +- -1.00 (1)
0.9760 +- -1.00 (1)
0.9800 +- -1.00 (1)
0.9726 +- -1.00 (1)
0.9776 +- -1.00 (1)
0.9717 +- -1.00 (1)
0.9761 +- -1.00 (1)
0.9755 +- -1.00 (1)
0.9725 +- -1.00 (1)
0.9736 +- -1.00 (1)
0.9810 +- -1.00 (1)
0.9743 +- -1.00 (1)
0.9772 +- -1.00 (1)
0.9708 +- -1.00 (1)
0.9735 +- -1.00 (1)
0.9712 +- -1.00 (1)
0.9780 +- -1.00 (1)
0.9691 +- -1.00 (1)
0.9766 +- -1.00 (1)
0.9726 +- -1.00 (1)
0.9710 +- -1.00 (1)
0.9735 +- -1.00 (1)
0.9740 +- -1.00 (1)
0.9695 +- -1.00 (1)
0.9718 +- -1.00 (1)
0.9801 +- -1.00 (1)
0.9653 +- -1.00 (1)
0.9742 +- -1.00 (1)
0.9705 +- -1.00 (1)
0.9788 +- -1.00 (1)
0.9748 +- -1.00 (1)
0.9735 +- -1.00 (1)
0.9748 +- -1.00 (1)
0.9734 +- -1.00 (1)
0.9691 +- -1.00 (1)
0.9748 +- -1.00 (1)
0.9782 +- -1.00 (1)
0.9696 +- -1.00 (1)
0.9730 +- -1.00 (1)
0.9783 +- -1.00 (1)
0.9720 +- -1.00 (1)
0.9682 +- -1.00 (1)
0.9772 +- -1.00 (1)
0.9713 +- -1.00 (1)
0.9706 +- -1.00 (1)
0.9706 +- -1.00 (1)
0.9761 +- -1.00 (1)
0.9762 +- -1.00 (1)
0.9724 +- -1.00 (1)
0.9783 +- -1.00 (1)
0.9733 +- -1.00 (1)
0.9751 +- -1.00 (1)
0.9745 +- -1.00 (1)
0.9688 +- -1.00 (1)
0.9717 +- -1.00 (1)
0.9725 +- -1.00 (1)
0.9760 +- -1.00 (1)
0.9767 +- -1.00 (1)
0.9755 +- -1.00 (1)
0.9740 +- -1.00 (1)
0.9690 +- -1.00 (1)
0.9761 +- -1.00 (1)
0.9736 +- -1.00 (1)
0.9721 +- -1.00 (1)
0.9723 +- -1.00 (1)
0.9707 +- -1.00 (1)
0.9724 +- -1.00 (1)
0.9701 +- -1.00 (1)
0.9741 +- -1.00 (1)
0.9761 +- -1.00 (1)
0.9757 +- -1.00 (1)
0.9705 +- -1.00 (1)
0.9710 +- -1.00 (1)
0.9637 +- -1.00 (1)
0.9738 +- -1.00 (1)
0.9749 +- -1.00 (1)
0.9709 +- -1.00 (1)
0.9717 +- -1.00 (1)
0.9707 +- -1.00 (1)
0.9699 +- -1.00 (1)
0.9720 +- -1.00 (1)
0.9709 +- -1.00 (1)
0.9716 +- -1.00 (1)
0.9674 +- -1.00 (1)
0.9686 +- -1.00 (1)
0.9744 +- -1.00 (1)
0.9722 +- -1.00 (1)
0.9728 +- -1.00 (1)
0.9745 +- -1.00 (1)
0.9677 +- -1.00 (1)
0.9694 +- -1.00 (1)
0.9766 +- -1.00 (1)
0.9713 +- -1.00 (1)
0.9721 +- -1.00 (1)
0.9733 +- -1.00 (1)
0.9748 +- -1.00 (1)
0.9676 +- -1.00 (1)
0.9696 +- -1.00 (1)
0.9709 +- -1.00 (1)
0.9716 +- -1.00 (1)
0.9646 +- -1.00 (1)
0.9737 +- -1.00 (1)
0.9749 +- -1.00 (1)
0.9749 +- -1.00 (1)
0.9746 +- -1.00 (1)
0.9687 +- -1.00 (1)
0.9734 +- -1.00 (1)
0.9735 +- -1.00 (1)
0.9706 +- -1.00 (1)
0.9718 +- -1.00 (1)
0.9753 +- -1.00 (1)
0.9669 +- -1.00 (1)
0.9729 +- -1.00 (1)
0.9654 +- -1.00 (1)
0.9700 +- -1.00 (1)
0.9729 +- -1.00 (1)
0.9713 +- -1.00 (1)
0.9718 +- -1.00 (1)
0.9707 +- -1.00 (1)
0.9707 +- -1.00 (1)
0.9668 +- -1.00 (1)
0.9735 +- -1.00 (1)
0.9712 +- -1.00 (1)
0.9688 +- -1.00 (1)
0.9746 +- -1.00 (1)
0.9734 +- -1.00 (1)
0.9684 +- -1.00 (1)
0.9674 +- -1.00 (1)
0.9686 +- -1.00 (1)
0.9696 +- -1.00 (1)
0.9733 +- -1.00 (1)
0.9715 +- -1.00 (1)
0.9712 +- -1.00 (1)
0.9705 +- -1.00 (1)
0.9717 +- -1.00 (1)
0.9694 +- -1.00 (1)
0.9675 +- -1.00 (1)
0.9695 +- -1.00 (1)
0.9676 +- -1.00 (1)
0.9661 +- -1.00 (1)
0.9696 +- -1.00 (1)
0.9742 +- -1.00 (1)
0.9675 +- -1.00 (1)
0.9703 +- -1.00 (1)
0.9661 +- -1.00 (1)
0.9747 +- -1.00 (1)
0.9662 +- -1.00 (1)
0.9679 +- -1.00 (1)
0.9709 +- -1.00 (1)
0.9713 +- -1.00 (1)
0.9746 +- -1.00 (1)
0.9706 +- -1.00 (1)
0.9627 +- -1.00 (1)
0.9813 +- -1.00 (1)
0.9481 +- -1.00 (1)
0.8887 +- -1.00 (1)
0.9568 +- -1.00 (1)
0.9707 +- -1.00 (1)
0.9786 +- -1.00 (1)
0.9882 +- -1.00 (1)
0.9492 +- -1.00 (1)
0.9575 +- -1.00 (1)
0.9343 +- -1.00 (1)
0.9612 +- -1.00 (1)
0.7343 +- -1.00 (1)
0.9773 +- -1.00 (1)
0.9740 +- -1.00 (1)
0.7723 +- -1.00 (1)
0.9849 +- -1.00 (1)
0.5926 +- -1.00 (1)
0.9793 +- -1.00 (1)
0.9656 +- -1.00 (1)
0.9715 +- -1.00 (1)
0.9777 +- -1.00 (1)
0.9611 +- -1.00 (1)
0.9804 +- -1.00 (1)
0.9780 +- -1.00 (1)
0.9869 +- -1.00 (1)
0.9821 +- -1.00 (1)
0.9803 +- -1.00 (1)
0.9802 +- -1.00 (1)
0.9844 +- -1.00 (1)
0.9741 +- -1.00 (1)
0.9747 +- -1.00 (1)
0.9791 +- -1.00 (1)
0.9709 +- -1.00 (1)
0.9794 +- -1.00 (1)
0.9815 +- -1.00 (1)
0.9864 +- -1.00 (1)
0.9704 +- -1.00 (1)
0.9762 +- -1.00 (1)
0.9697 +- -1.00 (1)
0.9821 +- -1.00 (1)
0.9856 +- -1.00 (1)
0.9797 +- -1.00 (1)
0.9819 +- -1.00 (1)
0.9752 +- -1.00 (1)
0.9810 +- -1.00 (1)
0.9813 +- -1.00 (1)
0.9792 +- -1.00 (1)
0.9788 +- -1.00 (1)
0.9816 +- -1.00 (1)
0.9768 +- -1.00 (1)
0.9716 +- -1.00 (1)
0.9852 +- -1.00 (1)
0.9774 +- -1.00 (1)
0.9844 +- -1.00 (1)
0.9714 +- -1.00 (1)
0.9776 +- -1.00 (1)
0.9705 +- -1.00 (1)
0.9860 +- -1.00 (1)
0.9810 +- -1.00 (1)
0.9842 +- -1.00 (1)
0.9726 +- -1.00 (1)
0.9810 +- -1.00 (1)
0.9845 +- -1.00 (1)
0.9792 +- -1.00 (1)
0.9787 +- -1.00 (1)
0.9842 +- -1.00 (1)
0.9803 +- -1.00 (1)
0.9802 +- -1.00 (1)
0.9819 +- -1.00 (1)
0.9815 +- -1.00 (1)
0.9757 +- -1.00 (1)
0.9904 +- -1.00 (1)
0.9764 +- -1.00 (1)
0.9769 +- -1.00 (1)
0.9746 +- -1.00 (1)
0.9808 +- -1.00 (1)
0.9728 +- -1.00 (1)
0.9566 +- -1.00 (1)
0.9779 +- -1.00 (1)
0.9840 +- -1.00 (1)
0.9808 +- -1.00 (1)
0.9801 +- -1.00 (1)
0.9862 +- -1.00 (1)
0.9765 +- -1.00 (1)
0.9840 +- -1.00 (1)
0.9823 +- -1.00 (1)
0.9789 +- -1.00 (1)
0.9788 +- -1.00 (1)
0.9826 +- -1.00 (1)
0.9820 +- -1.00 (1)
0.9772 +- -1.00 (1)
0.9842 +- -1.00 (1)
0.9679 +- -1.00 (1)
0.9802 +- -1.00 (1)
0.9823 +- -1.00 (1)
0.9770 +- -1.00 (1)
0.9736 +- -1.00 (1)
0.9854 +- -1.00 (1)
0.9806 +- -1.00 (1)
0.9845 +- -1.00 (1)
0.9836 +- -1.00 (1)
0.9793 +- -1.00 (1)
0.9858 +- -1.00 (1)
0.9861 +- -1.00 (1)
0.9821 +- -1.00 (1)
0.9825 +- -1.00 (1)
0.9815 +- -1.00 (1)
0.9800 +- -1.00 (1)
0.9851 +- -1.00 (1)
0.9828 +- -1.00 (1)
0.9812 +- -1.00 (1)
0.9886 +- -1.00 (1)
0.9812 +- -1.00 (1)
0.9888 +- -1.00 (1)
0.9839 +- -1.00 (1)
0.9806 +- -1.00 (1)
0.9695 +- -1.00 (1)
0.9782 +- -1.00 (1)
0.9835 +- -1.00 (1)
0.9879 +- -1.00 (1)
0.9846 +- -1.00 (1)
0.9818 +- -1.00 (1)
0.9867 +- -1.00 (1)
0.9784 +- -1.00 (1)
0.9832 +- -1.00 (1)
0.9808 +- -1.00 (1)
0.9843 +- -1.00 (1)
0.9811 +- -1.00 (1)
0.9840 +- -1.00 (1)
0.9821 +- -1.00 (1)
0.9823 +- -1.00 (1)
0.9842 +- -1.00 (1)
0.9822 +- -1.00 (1)
0.9853 +- -1.00 (1)
0.9809 +- -1.00 (1)
0.9775 +- -1.00 (1)
0.9783 +- -1.00 (1)
0.9802 +- -1.00 (1)
0.9807 +- -1.00 (1)
0.9762 +- -1.00 (1)
0.9751 +- -1.00 (1)
0.9694 +- -1.00 (1)
0.9774 +- -1.00 (1)
0.9663 +- -1.00 (1)
0.9734 +- -1.00 (1)
0.9699 +- -1.00 (1)
0.9737 +- -1.00 (1)
0.9653 +- -1.00 (1)
0.9760 +- -1.00 (1)
0.9800 +- -1.00 (1)
0.9720 +- -1.00 (1)
0.9765 +- -1.00 (1)
0.9671 +- -1.00 (1)
0.9757 +- -1.00 (1)
0.9696 +- -1.00 (1)
0.9761 +- -1.00 (1)
0.9736 +- -1.00 (1)
0.9806 +- -1.00 (1)
0.9751 +- -1.00 (1)
0.9772 +- -1.00 (1)
0.9708 +- -1.00 (1)
0.9733 +- -1.00 (1)
0.9712 +- -1.00 (1)
0.9759 +- -1.00 (1)
0.9675 +- -1.00 (1)
0.9732 +- -1.00 (1)
0.9782 +- -1.00 (1)
0.9710 +- -1.00 (1)
0.9735 +- -1.00 (1)
0.9740 +- -1.00 (1)
0.9665 +- -1.00 (1)
0.9718 +- -1.00 (1)
0.9801 +- -1.00 (1)
0.9644 +- -1.00 (1)
0.9738 +- -1.00 (1)
0.9705 +- -1.00 (1)
0.9638 +- -1.00 (1)
0.9748 +- -1.00 (1)
0.9735 +- -1.00 (1)
0.9716 +- -1.00 (1)
0.9722 +- -1.00 (1)
0.9691 +- -1.00 (1)
0.9748 +- -1.00 (1)
0.9782 +- -1.00 (1)
0.9696 +- -1.00 (1)
0.9728 +- -1.00 (1)
0.9591 +- -1.00 (1)
0.9664 +- -1.00 (1)
0.9681 +- -1.00 (1)
0.9754 +- -1.00 (1)
0.9701 +- -1.00 (1)
0.9721 +- -1.00 (1)
0.9711 +- -1.00 (1)
0.9697 +- -1.00 (1)
0.9753 +- -1.00 (1)
0.9718 +- -1.00 (1)
0.9783 +- -1.00 (1)
0.9733 +- -1.00 (1)
0.9689 +- -1.00 (1)
0.9745 +- -1.00 (1)
0.9637 +- -1.00 (1)
0.9669 +- -1.00 (1)
0.9727 +- -1.00 (1)
0.9763 +- -1.00 (1)
0.9763 +- -1.00 (1)
0.9755 +- -1.00 (1)
0.9740 +- -1.00 (1)
0.9690 +- -1.00 (1)
0.9544 +- -1.00 (1)
0.9746 +- -1.00 (1)
0.9705 +- -1.00 (1)
0.9674 +- -1.00 (1)
0.9705 +- -1.00 (1)
0.9702 +- -1.00 (1)
0.9698 +- -1.00 (1)
0.9741 +- -1.00 (1)
0.9691 +- -1.00 (1)
0.9757 +- -1.00 (1)
0.9705 +- -1.00 (1)
0.9710 +- -1.00 (1)
0.9765 +- -1.00 (1)
0.9687 +- -1.00 (1)
0.9714 +- -1.00 (1)
0.9709 +- -1.00 (1)
0.9656 +- -1.00 (1)
0.9707 +- -1.00 (1)
0.9699 +- -1.00 (1)
0.9720 +- -1.00 (1)
0.9709 +- -1.00 (1)
0.9722 +- -1.00 (1)
0.9706 +- -1.00 (1)
0.9686 +- -1.00 (1)
0.9684 +- -1.00 (1)
0.9607 +- -1.00 (1)
0.9728 +- -1.00 (1)
0.9731 +- -1.00 (1)
0.9689 +- -1.00 (1)
0.9694 +- -1.00 (1)
0.9739 +- -1.00 (1)
0.9733 +- -1.00 (1)
0.9721 +- -1.00 (1)
0.9733 +- -1.00 (1)
0.9736 +- -1.00 (1)
0.9676 +- -1.00 (1)
0.9722 +- -1.00 (1)
0.9709 +- -1.00 (1)
0.9716 +- -1.00 (1)
0.9673 +- -1.00 (1)
0.9737 +- -1.00 (1)
0.9749 +- -1.00 (1)
0.9754 +- -1.00 (1)
0.9746 +- -1.00 (1)
0.9683 +- -1.00 (1)
0.9656 +- -1.00 (1)
0.9735 +- -1.00 (1)
0.9706 +- -1.00 (1)
0.9718 +- -1.00 (1)
0.9763 +- -1.00 (1)
0.9603 +- -1.00 (1)
0.9734 +- -1.00 (1)
0.9662 +- -1.00 (1)
0.9700 +- -1.00 (1)
0.9727 +- -1.00 (1)
0.9713 +- -1.00 (1)
0.9682 +- -1.00 (1)
0.9713 +- -1.00 (1)
0.9703 +- -1.00 (1)
0.9668 +- -1.00 (1)
0.9735 +- -1.00 (1)
0.9712 +- -1.00 (1)
0.9688 +- -1.00 (1)
0.9746 +- -1.00 (1)
0.9734 +- -1.00 (1)
0.9684 +- -1.00 (1)
0.9640 +- -1.00 (1)
0.9737 +- -1.00 (1)
0.9659 +- -1.00 (1)
0.9685 +- -1.00 (1)
0.9712 +- -1.00 (1)
0.9712 +- -1.00 (1)
0.9705 +- -1.00 (1)
0.9696 +- -1.00 (1)
0.9683 +- -1.00 (1)
0.9675 +- -1.00 (1)
0.9695 +- -1.00 (1)
0.9674 +- -1.00 (1)
0.9661 +- -1.00 (1)
0.9690 +- -1.00 (1)
0.9741 +- -1.00 (1)
0.9675 +- -1.00 (1)
0.9703 +- -1.00 (1)
0.9671 +- -1.00 (1)
0.9747 +- -1.00 (1)
0.9669 +- -1.00 (1)
0.9679 +- -1.00 (1)
0.9704 +- -1.00 (1)
0.9714 +- -1.00 (1)
0.9746 +- -1.00 (1)
0.9706 +- -1.00 (1)
0.9565 +- -1.00 (1)
0.9813 +- -1.00 (1)
0.8580 +- -1.00 (1)
0.6948 +- -1.00 (1)
0.9556 +- -1.00 (1)
0.6892 +- -1.00 (1)
0.7677 +- -1.00 (1)
0.9796 +- -1.00 (1)
0.7810 +- -1.00 (1)
0.9622 +- -1.00 (1)
0.7205 +- -1.00 (1)
0.6876 +- -1.00 (1)
0.8874 +- -1.00 (1)
0.7479 +- -1.00 (1)
0.6470 +- -1.00 (1)
0.7176 +- -1.00 (1)
0.6680 +- -1.00 (1)
0.9520 +- -1.00 (1)
0.7903 +- -1.00 (1)
0.6513 +- -1.00 (1)
0.9731 +- -1.00 (1)
0.7130 +- -1.00 (1)
0.9716 +- -1.00 (1)
0.9578 +- -1.00 (1)
0.9134 +- -1.00 (1)
0.9838 +- -1.00 (1)
0.9356 +- -1.00 (1)
0.7073 +- -1.00 (1)
0.8029 +- -1.00 (1)
0.7114 +- -1.00 (1)
0.9704 +- -1.00 (1)
0.8337 +- -1.00 (1)
0.8279 +- -1.00 (1)
0.7850 +- -1.00 (1)
0.8845 +- -1.00 (1)
0.7089 +- -1.00 (1)
0.9328 +- -1.00 (1)
0.8984 +- -1.00 (1)
0.7378 +- -1.00 (1)
0.8433 +- -1.00 (1)
0.7533 +- -1.00 (1)
0.9655 +- -1.00 (1)
0.9748 +- -1.00 (1)
0.7788 +- -1.00 (1)
0.9662 +- -1.00 (1)
0.8825 +- -1.00 (1)
0.9878 +- -1.00 (1)
0.8755 +- -1.00 (1)
0.9493 +- -1.00 (1)
0.9833 +- -1.00 (1)
0.8083 +- -1.00 (1)
0.8433 +- -1.00 (1)
0.9233 +- -1.00 (1)
0.9767 +- -1.00 (1)
0.9576 +- -1.00 (1)
0.8893 +- -1.00 (1)
0.8441 +- -1.00 (1)
0.8728 +- -1.00 (1)
0.9678 +- -1.00 (1)
0.9812 +- -1.00 (1)
0.8948 +- -1.00 (1)
0.9031 +- -1.00 (1)
0.8803 +- -1.00 (1)
0.8678 +- -1.00 (1)
0.9740 +- -1.00 (1)
0.8600 +- -1.00 (1)
0.8705 +- -1.00 (1)
0.9270 +- -1.00 (1)
0.9786 +- -1.00 (1)
0.9844 +- -1.00 (1)
0.9468 +- -1.00 (1)
0.9751 +- -1.00 (1)
0.9462 +- -1.00 (1)
0.9239 +- -1.00 (1)
0.9167 +- -1.00 (1)
0.9776 +- -1.00 (1)
0.7839 +- -1.00 (1)
0.6762 +- -1.00 (1)
0.9749 +- -1.00 (1)
0.8911 +- -1.00 (1)
0.7957 +- -1.00 (1)
0.8003 +- -1.00 (1)
0.8760 +- -1.00 (1)
0.9461 +- -1.00 (1)
0.8492 +- -1.00 (1)
0.9709 +- -1.00 (1)
0.8104 +- -1.00 (1)
0.7918 +- -1.00 (1)
0.8656 +- -1.00 (1)
0.7636 +- -1.00 (1)
0.7647 +- -1.00 (1)
0.8093 +- -1.00 (1)
0.8684 +- -1.00 (1)
0.8284 +- -1.00 (1)
0.9698 +- -1.00 (1)
0.7650 +- -1.00 (1)
0.7007 +- -1.00 (1)
0.7363 +- -1.00 (1)
0.7731 +- -1.00 (1)
0.8330 +- -1.00 (1)
0.9346 +- -1.00 (1)
0.9709 +- -1.00 (1)
0.8530 +- -1.00 (1)
0.9576 +- -1.00 (1)
0.9016 +- -1.00 (1)
0.9819 +- -1.00 (1)
0.7859 +- -1.00 (1)
0.9592 +- -1.00 (1)
0.9761 +- -1.00 (1)
0.8324 +- -1.00 (1)
0.8556 +- -1.00 (1)
0.8088 +- -1.00 (1)
0.9221 +- -1.00 (1)
0.7907 +- -1.00 (1)
0.9825 +- -1.00 (1)
0.9788 +- -1.00 (1)
0.8640 +- -1.00 (1)
0.8380 +- -1.00 (1)
0.8980 +- -1.00 (1)
0.9314 +- -1.00 (1)
0.9764 +- -1.00 (1)
0.7881 +- -1.00 (1)
0.9209 +- -1.00 (1)
0.6813 +- -1.00 (1)
0.8146 +- -1.00 (1)
0.9519 +- -1.00 (1)
0.9237 +- -1.00 (1)
0.8718 +- -1.00 (1)
0.8472 +- -1.00 (1)
0.9634 +- -1.00 (1)
0.8694 +- -1.00 (1)
0.8549 +- -1.00 (1)
0.9798 +- -1.00 (1)
0.9761 +- -1.00 (1)
0.9361 +- -1.00 (1)
0.9471 +- -1.00 (1)
0.9205 +- -1.00 (1)
0.9299 +- -1.00 (1)
0.8506 +- -1.00 (1)
0.9669 +- -1.00 (1)
0.7415 +- -1.00 (1)
0.9450 +- -1.00 (1)
0.9144 +- -1.00 (1)
0.8935 +- -1.00 (1)
0.8343 +- -1.00 (1)
0.8698 +- -1.00 (1)
0.7761 +- -1.00 (1)
0.9182 +- -1.00 (1)
0.7959 +- -1.00 (1)
0.8085 +- -1.00 (1)
0.9469 +- -1.00 (1)
0.8554 +- -1.00 (1)
0.7918 +- -1.00 (1)
0.9044 +- -1.00 (1)
0.9634 +- -1.00 (1)
0.7408 +- -1.00 (1)
0.7148 +- -1.00 (1)
0.8078 +- -1.00 (1)
0.9705 +- -1.00 (1)
0.7926 +- -1.00 (1)
0.8118 +- -1.00 (1)
0.8748 +- -1.00 (1)
0.9440 +- -1.00 (1)
0.8705 +- -1.00 (1)
0.7814 +- -1.00 (1)
0.8830 +- -1.00 (1)
0.8526 +- -1.00 (1)
0.9713 +- -1.00 (1)
0.7877 +- -1.00 (1)
0.9508 +- -1.00 (1)
0.9091 +- -1.00 (1)
0.7558 +- -1.00 (1)
0.8200 +- -1.00 (1)
0.8881 +- -1.00 (1)
0.8468 +- -1.00 (1)
0.8886 +- -1.00 (1)
0.9200 +- -1.00 (1)
0.8331 +- -1.00 (1)
0.8653 +- -1.00 (1)
0.8708 +- -1.00 (1)
0.9435 +- -1.00 (1)
0.8576 +- -1.00 (1)
0.8490 +- -1.00 (1)
0.8502 +- -1.00 (1)
0.8158 +- -1.00 (1)
0.7989 +- -1.00 (1)
0.9411 +- -1.00 (1)
0.9045 +- -1.00 (1)
0.8744 +- -1.00 (1)
0.8278 +- -1.00 (1)
0.9174 +- -1.00 (1)
0.8911 +- -1.00 (1)
0.8554 +- -1.00 (1)
0.9074 +- -1.00 (1)
0.8642 +- -1.00 (1)
0.8247 +- -1.00 (1)
0.7576 +- -1.00 (1)
0.8860 +- -1.00 (1)
0.8896 +- -1.00 (1)
0.7890 +- -1.00 (1)
0.8616 +- -1.00 (1)
0.8030 +- -1.00 (1)
0.8034 +- -1.00 (1)
0.9398 +- -1.00 (1)
0.9335 +- -1.00 (1)
0.9223 +- -1.00 (1)
0.8455 +- -1.00 (1)
0.7092 +- -1.00 (1)
0.8029 +- -1.00 (1)
0.8344 +- -1.00 (1)
0.8357 +- -1.00 (1)
0.7904 +- -1.00 (1)
0.8723 +- -1.00 (1)
0.8745 +- -1.00 (1)
0.7751 +- -1.00 (1)
0.9315 +- -1.00 (1)
0.7793 +- -1.00 (1)
0.7617 +- -1.00 (1)
0.8690 +- -1.00 (1)
0.7276 +- -1.00 (1)
0.8574 +- -1.00 (1)
0.8867 +- -1.00 (1)
0.7645 +- -1.00 (1)
0.9198 +- -1.00 (1)
0.9251 +- -1.00 (1)
0.7761 +- -1.00 (1)
0.9142 +- -1.00 (1)
0.8296 +- -1.00 (1)
0.7376 +- -1.00 (1)
0.8313 +- -1.00 (1)
0.7256 +- -1.00 (1)
0.8178 +- -1.00 (1)
0.7897 +- -1.00 (1)
0.8225 +- -1.00 (1)
0.8466 +- -1.00 (1)
0.9082 +- -1.00 (1)
0.8697 +- -1.00 (1)
0.8613 +- -1.00 (1)
0.8465 +- -1.00 (1)
0.7661 +- -1.00 (1)
0.8093 +- -1.00 (1)
0.8104 +- -1.00 (1)
0.8199 +- -1.00 (1)
0.7774 +- -1.00 (1)
0.8226 +- -1.00 (1)
0.8281 +- -1.00 (1)
0.8142 +- -1.00 (1)
0.7881 +- -1.00 (1)
0.8286 +- -1.00 (1)
0.8059 +- -1.00 (1)
0.8273 +- -1.00 (1)
0.9043 +- -1.00 (1)
0.7908 +- -1.00 (1)
0.8624 +- -1.00 (1)
0.8328 +- -1.00 (1)
0.8554 +- -1.00 (1)
0.8693 +- -1.00 (1)
0.8286 +- -1.00 (1)
0.8478 +- -1.00 (1)
0.7341 +- -1.00 (1)
0.8448 +- -1.00 (1)
0.8092 +- -1.00 (1)
0.8825 +- -1.00 (1)
0.7273 +- -1.00 (1)
0.9377 +- -1.00 (1)
0.7350 +- -1.00 (1)
0.8316 +- -1.00 (1)
0.8447 +- -1.00 (1)
0.8019 +- -1.00 (1)
0.8526 +- -1.00 (1)
0.7960 +- -1.00 (1)
0.8284 +- -1.00 (1)
0.7495 +- -1.00 (1)
0.7991 +- -1.00 (1)
0.7765 +- -1.00 (1)
0.7753 +- -1.00 (1)
0.8085 +- -1.00 (1)
0.7633 +- -1.00 (1)
0.7626 +- -1.00 (1)
0.7798 +- -1.00 (1)
0.7586 +- -1.00 (1)
0.8412 +- -1.00 (1)
0.7667 +- -1.00 (1)
0.8771 +- -1.00 (1)
0.7571 +- -1.00 (1)
0.7892 +- -1.00 (1)
0.7932 +- -1.00 (1)
0.8263 +- -1.00 (1)
0.8222 +- -1.00 (1)
0.8409 +- -1.00 (1)
0.8555 +- -1.00 (1)
0.7486 +- -1.00 (1)
0.7862 +- -1.00 (1)
0.7626 +- -1.00 (1)
0.8054 +- -1.00 (1)
0.9149 +- -1.00 (1)
0.8171 +- -1.00 (1)
0.9236 +- -1.00 (1)
0.7779 +- -1.00 (1)
0.8088 +- -1.00 (1)
0.7667 +- -1.00 (1)
0.9813 +- -1.00 (1)
0.9434 +- -1.00 (1)
0.9667 +- -1.00 (1)
0.9485 +- -1.00 (1)
0.9716 +- -1.00 (1)
0.6863 +- -1.00 (1)
0.9623 +- -1.00 (1)
0.6950 +- -1.00 (1)
0.9634 +- -1.00 (1)
0.7300 +- -1.00 (1)
0.7288 +- -1.00 (1)
0.9822 +- -1.00 (1)
0.7904 +- -1.00 (1)
0.7600 +- -1.00 (1)
0.9355 +- -1.00 (1)
0.7015 +- -1.00 (1)
0.9604 +- -1.00 (1)
0.6677 +- -1.00 (1)
0.9698 +- -1.00 (1)
0.9603 +- -1.00 (1)
0.5727 +- -1.00 (1)
0.9714 +- -1.00 (1)
0.6345 +- -1.00 (1)
0.9640 +- -1.00 (1)
0.5613 +- -1.00 (1)
0.9805 +- -1.00 (1)
0.7101 +- -1.00 (1)
0.9739 +- -1.00 (1)
0.9844 +- -1.00 (1)
0.9655 +- -1.00 (1)
0.8134 +- -1.00 (1)
0.8530 +- -1.00 (1)
0.9686 +- -1.00 (1)
0.9704 +- -1.00 (1)
0.9551 +- -1.00 (1)
0.9721 +- -1.00 (1)
0.9696 +- -1.00 (1)
0.7490 +- -1.00 (1)
0.9484 +- -1.00 (1)
0.9807 +- -1.00 (1)
0.9334 +- -1.00 (1)
0.9605 +- -1.00 (1)
0.8721 +- -1.00 (1)
0.6999 +- -1.00 (1)
0.6848 +- -1.00 (1)
0.9758 +- -1.00 (1)
0.9740 +- -1.00 (1)
0.8253 +- -1.00 (1)
0.9833 +- -1.00 (1)
0.8754 +- -1.00 (1)
0.9820 +- -1.00 (1)
0.8733 +- -1.00 (1)
0.9743 +- -1.00 (1)
0.7406 +- -1.00 (1)
0.9800 +- -1.00 (1)
0.9667 +- -1.00 (1)
0.9595 +- -1.00 (1)
0.9853 +- -1.00 (1)
0.7278 +- -1.00 (1)
0.9639 +- -1.00 (1)
0.9850 +- -1.00 (1)
0.9606 +- -1.00 (1)
0.7485 +- -1.00 (1)
0.9779 +- -1.00 (1)
0.9759 +- -1.00 (1)
0.9493 +- -1.00 (1)
0.9494 +- -1.00 (1)
0.9455 +- -1.00 (1)
0.9821 +- -1.00 (1)
0.9782 +- -1.00 (1)
0.7987 +- -1.00 (1)
0.9904 +- -1.00 (1)
0.7981 +- -1.00 (1)
0.7664 +- -1.00 (1)
0.9844 +- -1.00 (1)
0.9194 +- -1.00 (1)
0.8669 +- -1.00 (1)
0.7938 +- -1.00 (1)
0.7804 +- -1.00 (1)
0.7834 +- -1.00 (1)
0.9847 +- -1.00 (1)
0.9761 +- -1.00 (1)
0.7095 +- -1.00 (1)
0.9762 +- -1.00 (1)
0.9698 +- -1.00 (1)
0.7593 +- -1.00 (1)
0.9728 +- -1.00 (1)
0.9767 +- -1.00 (1)
0.9818 +- -1.00 (1)
0.9773 +- -1.00 (1)
0.9305 +- -1.00 (1)
0.8166 +- -1.00 (1)
0.9778 +- -1.00 (1)
0.9775 +- -1.00 (1)
0.9822 +- -1.00 (1)
0.8606 +- -1.00 (1)
0.8023 +- -1.00 (1)
0.9814 +- -1.00 (1)
0.9630 +- -1.00 (1)
0.9828 +- -1.00 (1)
0.9732 +- -1.00 (1)
0.9791 +- -1.00 (1)
0.8056 +- -1.00 (1)
0.7906 +- -1.00 (1)
0.9117 +- -1.00 (1)
0.8902 +- -1.00 (1)
0.9585 +- -1.00 (1)
0.7603 +- -1.00 (1)
0.8913 +- -1.00 (1)
0.9275 +- -1.00 (1)
0.8602 +- -1.00 (1)
0.9727 +- -1.00 (1)
0.9215 +- -1.00 (1)
0.9838 +- -1.00 (1)
0.7984 +- -1.00 (1)
0.9209 +- -1.00 (1)
0.7818 +- -1.00 (1)
0.9667 +- -1.00 (1)
0.9806 +- -1.00 (1)
0.9782 +- -1.00 (1)
0.9652 +- -1.00 (1)
0.9826 +- -1.00 (1)
0.9854 +- -1.00 (1)
0.9635 +- -1.00 (1)
0.9376 +- -1.00 (1)
0.9800 +- -1.00 (1)
0.9740 +- -1.00 (1)
0.9741 +- -1.00 (1)
0.9766 +- -1.00 (1)
0.8646 +- -1.00 (1)
0.9725 +- -1.00 (1)
0.9704 +- -1.00 (1)
0.9685 +- -1.00 (1)
0.8730 +- -1.00 (1)
0.9368 +- -1.00 (1)
0.8809 +- -1.00 (1)
0.9404 +- -1.00 (1)
0.9705 +- -1.00 (1)
0.9793 +- -1.00 (1)
0.9488 +- -1.00 (1)
0.7850 +- -1.00 (1)
0.9402 +- -1.00 (1)
0.7029 +- -1.00 (1)
0.9284 +- -1.00 (1)
0.9422 +- -1.00 (1)
0.8364 +- -1.00 (1)
0.8396 +- -1.00 (1)
0.7476 +- -1.00 (1)
0.9417 +- -1.00 (1)
0.8021 +- -1.00 (1)
0.9652 +- -1.00 (1)
0.8476 +- -1.00 (1)
0.8254 +- -1.00 (1)
0.9752 +- -1.00 (1)
0.6730 +- -1.00 (1)
0.8667 +- -1.00 (1)
0.8587 +- -1.00 (1)
0.8909 +- -1.00 (1)
0.9575 +- -1.00 (1)
0.9726 +- -1.00 (1)
0.9577 +- -1.00 (1)
0.9524 +- -1.00 (1)
0.7810 +- -1.00 (1)
0.9729 +- -1.00 (1)
0.8076 +- -1.00 (1)
0.8478 +- -1.00 (1)
0.9420 +- -1.00 (1)
0.9035 +- -1.00 (1)
0.9650 +- -1.00 (1)
0.9592 +- -1.00 (1)
0.9564 +- -1.00 (1)
0.9573 +- -1.00 (1)
0.9021 +- -1.00 (1)
0.8617 +- -1.00 (1)
0.9685 +- -1.00 (1)
0.7791 +- -1.00 (1)
0.9034 +- -1.00 (1)
0.9592 +- -1.00 (1)
0.8073 +- -1.00 (1)
0.9397 +- -1.00 (1)
0.9230 +- -1.00 (1)
0.9242 +- -1.00 (1)
0.9694 +- -1.00 (1)
0.9653 +- -1.00 (1)
0.9372 +- -1.00 (1)
0.8368 +- -1.00 (1)
0.8543 +- -1.00 (1)
0.9656 +- -1.00 (1)
0.8694 +- -1.00 (1)
0.9510 +- -1.00 (1)
0.9525 +- -1.00 (1)
0.9348 +- -1.00 (1)
0.9018 +- -1.00 (1)
0.9579 +- -1.00 (1)
0.9108 +- -1.00 (1)
0.9520 +- -1.00 (1)
0.9024 +- -1.00 (1)
0.9581 +- -1.00 (1)
0.8936 +- -1.00 (1)
0.9333 +- -1.00 (1)
0.9629 +- -1.00 (1)
0.8802 +- -1.00 (1)
0.8057 +- -1.00 (1)
0.9192 +- -1.00 (1)
0.8992 +- -1.00 (1)
0.9664 +- -1.00 (1)
0.9550 +- -1.00 (1)
0.9549 +- -1.00 (1)
0.9484 +- -1.00 (1)
0.9321 +- -1.00 (1)
0.9141 +- -1.00 (1)
0.8263 +- -1.00 (1)
0.8121 +- -1.00 (1)
0.7880 +- -1.00 (1)
0.9520 +- -1.00 (1)
0.9553 +- -1.00 (1)
0.9120 +- -1.00 (1)
0.9114 +- -1.00 (1)
0.9699 +- -1.00 (1)
0.9524 +- -1.00 (1)
0.9601 +- -1.00 (1)
0.8056 +- -1.00 (1)
0.8371 +- -1.00 (1)
0.8847 +- -1.00 (1)
0.7580 +- -1.00 (1)
0.7587 +- -1.00 (1)
0.9173 +- -1.00 (1)
0.8571 +- -1.00 (1)
0.8483 +- -1.00 (1)
0.7868 +- -1.00 (1)
0.9548 +- -1.00 (1)
0.9050 +- -1.00 (1)
0.9222 +- -1.00 (1)
0.9499 +- -1.00 (1)
0.9568 +- -1.00 (1)
0.9315 +- -1.00 (1)
0.9086 +- -1.00 (1)
0.8457 +- -1.00 (1)
0.8581 +- -1.00 (1)
0.8918 +- -1.00 (1)
0.8981 +- -1.00 (1)
0.8177 +- -1.00 (1)
0.8117 +- -1.00 (1)
0.8234 +- -1.00 (1)
0.8584 +- -1.00 (1)
0.9513 +- -1.00 (1)
0.8425 +- -1.00 (1)
0.8631 +- -1.00 (1)
0.8719 +- -1.00 (1)
0.8824 +- -1.00 (1)
0.9351 +- -1.00 (1)
0.7198 +- -1.00 (1)
0.8760 +- -1.00 (1)
0.8608 +- -1.00 (1)
0.9388 +- -1.00 (1)
0.8218 +- -1.00 (1)
0.9032 +- -1.00 (1)
0.8898 +- -1.00 (1)
0.8719 +- -1.00 (1)
0.7828 +- -1.00 (1)
0.8442 +- -1.00 (1)
0.8072 +- -1.00 (1)
0.9558 +- -1.00 (1)
0.7388 +- -1.00 (1)
0.9669 +- -1.00 (1)
0.8870 +- -1.00 (1)
0.9443 +- -1.00 (1)
0.9113 +- -1.00 (1)
0.8000 +- -1.00 (1)
0.8909 +- -1.00 (1)
0.8535 +- -1.00 (1)
0.9717 +- -1.00 (1)
0.9559 +- -1.00 (1)
0.8944 +- -1.00 (1)
0.9381 +- -1.00 (1)
0.7211 +- -1.00 (1)
0.9480 +- -1.00 (1)
0.9573 +- -1.00 (1)
0.8525 +- -1.00 (1)
0.8491 +- -1.00 (1)
0.8676 +- -1.00 (1)
0.9365 +- -1.00 (1)
0.9579 +- -1.00 (1)
0.8579 +- -1.00 (1)
0.9449 +- -1.00 (1)
0.8516 +- -1.00 (1)
0.8539 +- -1.00 (1)
0.9521 +- -1.00 (1)
0.7882 +- -1.00 (1)
0.8901 +- -1.00 (1)
0.7473 +- -1.00 (1)
0.8323 +- -1.00 (1)
0.9545 +- -1.00 (1)
0.9516 +- -1.00 (1)
0.9042 +- -1.00 (1)
0.8464 +- -1.00 (1)
0.8427 +- -1.00 (1)
0.8933 +- -1.00 (1)
0.8435 +- -1.00 (1)
0.9101 +- -1.00 (1)
0.7361 +- -1.00 (1)
0.5076 +- -1.00 (1)
0.9535 +- -1.00 (1)
0.9591 +- -1.00 (1)
0.9723 +- -1.00 (1)
0.8144 +- -1.00 (1)
0.9694 +- -1.00 (1)
0.8687 +- -1.00 (1)
0.8218 +- -1.00 (1)
0.9465 +- -1.00 (1)
0.9605 +- -1.00 (1)
0.9820 +- -1.00 (1)
0.5260 +- -1.00 (1)
0.6337 +- -1.00 (1)
0.9724 +- -1.00 (1)
0.9797 +- -1.00 (1)
0.9604 +- -1.00 (1)
0.9793 +- -1.00 (1)
0.9656 +- -1.00 (1)
0.9474 +- -1.00 (1)
0.9653 +- -1.00 (1)
0.9713 +- -1.00 (1)
0.7585 +- -1.00 (1)
0.9648 +- -1.00 (1)
0.9836 +- -1.00 (1)
0.7898 +- -1.00 (1)
0.9742 +- -1.00 (1)
0.9583 +- -1.00 (1)
0.9844 +- -1.00 (1)
0.9047 +- -1.00 (1)
0.9718 +- -1.00 (1)
0.9658 +- -1.00 (1)
0.9627 +- -1.00 (1)
0.5317 +- -1.00 (1)
0.9759 +- -1.00 (1)
0.5573 +- -1.00 (1)
0.7194 +- -1.00 (1)
0.9573 +- -1.00 (1)
0.9673 +- -1.00 (1)
0.9696 +- -1.00 (1)
0.9786 +- -1.00 (1)
0.8404 +- -1.00 (1)
0.8056 +- -1.00 (1)
0.7647 +- -1.00 (1)
0.9836 +- -1.00 (1)
0.7167 +- -1.00 (1)
0.8762 +- -1.00 (1)
0.6635 +- -1.00 (1)
0.9807 +- -1.00 (1)
0.9764 +- -1.00 (1)
0.9812 +- -1.00 (1)
0.9868 +- -1.00 (1)
0.9755 +- -1.00 (1)
0.9597 +- -1.00 (1)
0.9811 +- -1.00 (1)
0.9602 +- -1.00 (1)
0.9115 +- -1.00 (1)
0.8463 +- -1.00 (1)
0.9809 +- -1.00 (1)
0.9842 +- -1.00 (1)
0.9816 +- -1.00 (1)
0.9678 +- -1.00 (1)
0.7212 +- -1.00 (1)
0.9780 +- -1.00 (1)
0.9722 +- -1.00 (1)
0.9858 +- -1.00 (1)
0.9769 +- -1.00 (1)
0.9729 +- -1.00 (1)
0.9795 +- -1.00 (1)
0.8667 +- -1.00 (1)
0.9690 +- -1.00 (1)
0.9814 +- -1.00 (1)
0.7912 +- -1.00 (1)
0.9292 +- -1.00 (1)
0.9844 +- -1.00 (1)
0.9237 +- -1.00 (1)
0.7719 +- -1.00 (1)
0.9859 +- -1.00 (1)
0.9767 +- -1.00 (1)
0.9796 +- -1.00 (1)
0.7910 +- -1.00 (1)
0.8362 +- -1.00 (1)
0.8997 +- -1.00 (1)
0.9820 +- -1.00 (1)
0.7638 +- -1.00 (1)
0.9022 +- -1.00 (1)
0.9750 +- -1.00 (1)
0.8204 +- -1.00 (1)
0.9694 +- -1.00 (1)
0.9759 +- -1.00 (1)
0.9765 +- -1.00 (1)
0.9819 +- -1.00 (1)
0.9821 +- -1.00 (1)
0.9892 +- -1.00 (1)
0.9787 +- -1.00 (1)
0.9292 +- -1.00 (1)
0.6747 +- -1.00 (1)
0.9881 +- -1.00 (1)
0.9724 +- -1.00 (1)
0.9738 +- -1.00 (1)
0.9044 +- -1.00 (1)
0.9791 +- -1.00 (1)
0.7828 +- -1.00 (1)
0.9839 +- -1.00 (1)
0.9632 +- -1.00 (1)
0.7965 +- -1.00 (1)
0.9709 +- -1.00 (1)
0.9433 +- -1.00 (1)
0.8819 +- -1.00 (1)
0.7784 +- -1.00 (1)
0.8524 +- -1.00 (1)
0.8923 +- -1.00 (1)
0.9799 +- -1.00 (1)
0.9809 +- -1.00 (1)
0.7969 +- -1.00 (1)
0.9452 +- -1.00 (1)
0.9687 +- -1.00 (1)
0.9693 +- -1.00 (1)
0.9139 +- -1.00 (1)
0.9311 +- -1.00 (1)
0.9768 +- -1.00 (1)
0.9401 +- -1.00 (1)
0.9743 +- -1.00 (1)
0.9187 +- -1.00 (1)
0.9809 +- -1.00 (1)
0.9125 +- -1.00 (1)
0.9209 +- -1.00 (1)
0.9800 +- -1.00 (1)
0.8991 +- -1.00 (1)
0.9765 +- -1.00 (1)
0.9816 +- -1.00 (1)
0.9728 +- -1.00 (1)
0.9404 +- -1.00 (1)
0.7550 +- -1.00 (1)
0.9770 +- -1.00 (1)
0.9760 +- -1.00 (1)
0.9753 +- -1.00 (1)
0.8956 +- -1.00 (1)
0.9757 +- -1.00 (1)
0.7326 +- -1.00 (1)
0.9358 +- -1.00 (1)
0.9158 +- -1.00 (1)
0.7963 +- -1.00 (1)
0.8549 +- -1.00 (1)
0.8911 +- -1.00 (1)
0.9657 +- -1.00 (1)
0.9128 +- -1.00 (1)
0.8306 +- -1.00 (1)
0.9604 +- -1.00 (1)
0.9500 +- -1.00 (1)
0.9527 +- -1.00 (1)
0.7262 +- -1.00 (1)
0.8360 +- -1.00 (1)
0.9423 +- -1.00 (1)
0.9595 +- -1.00 (1)
0.9702 +- -1.00 (1)
0.8938 +- -1.00 (1)
0.9655 +- -1.00 (1)
0.9410 +- -1.00 (1)
0.9731 +- -1.00 (1)
0.6175 +- -1.00 (1)
0.9519 +- -1.00 (1)
0.9503 +- -1.00 (1)
0.9676 +- -1.00 (1)
0.9467 +- -1.00 (1)
0.8720 +- -1.00 (1)
0.9422 +- -1.00 (1)
0.7385 +- -1.00 (1)
0.8762 +- -1.00 (1)
0.9556 +- -1.00 (1)
0.8964 +- -1.00 (1)
0.9085 +- -1.00 (1)
0.9605 +- -1.00 (1)
0.8820 +- -1.00 (1)
0.9568 +- -1.00 (1)
0.9676 +- -1.00 (1)
0.9533 +- -1.00 (1)
0.9046 +- -1.00 (1)
0.9593 +- -1.00 (1)
0.8756 +- -1.00 (1)
0.6951 +- -1.00 (1)
0.9003 +- -1.00 (1)
0.7604 +- -1.00 (1)
0.9648 +- -1.00 (1)
0.8905 +- -1.00 (1)
0.9649 +- -1.00 (1)
0.8681 +- -1.00 (1)
0.9598 +- -1.00 (1)
0.9031 +- -1.00 (1)
0.9564 +- -1.00 (1)
0.9082 +- -1.00 (1)
0.9510 +- -1.00 (1)
0.7661 +- -1.00 (1)
0.8311 +- -1.00 (1)
0.9438 +- -1.00 (1)
0.7556 +- -1.00 (1)
0.9671 +- -1.00 (1)
0.8865 +- -1.00 (1)
0.8742 +- -1.00 (1)
0.7948 +- -1.00 (1)
0.8371 +- -1.00 (1)
0.9353 +- -1.00 (1)
0.9035 +- -1.00 (1)
0.7448 +- -1.00 (1)
0.9348 +- -1.00 (1)
0.9603 +- -1.00 (1)
0.9595 +- -1.00 (1)
0.9643 +- -1.00 (1)
0.8385 +- -1.00 (1)
0.8456 +- -1.00 (1)
0.8844 +- -1.00 (1)
0.9067 +- -1.00 (1)
0.9361 +- -1.00 (1)
0.8807 +- -1.00 (1)
0.9462 +- -1.00 (1)
0.8382 +- -1.00 (1)
0.9572 +- -1.00 (1)
0.8176 +- -1.00 (1)
0.9325 +- -1.00 (1)
0.9536 +- -1.00 (1)
0.7086 +- -1.00 (1)
0.6486 +- -1.00 (1)
0.8224 +- -1.00 (1)
0.9403 +- -1.00 (1)
0.9623 +- -1.00 (1)
0.8635 +- -1.00 (1)
0.9056 +- -1.00 (1)
0.9495 +- -1.00 (1)
0.8896 +- -1.00 (1)
0.8963 +- -1.00 (1)
0.8361 +- -1.00 (1)
0.9050 +- -1.00 (1)
0.8504 +- -1.00 (1)
0.8562 +- -1.00 (1)
0.9565 +- -1.00 (1)
0.9513 +- -1.00 (1)
0.9689 +- -1.00 (1)
0.6944 +- -1.00 (1)
0.8261 +- -1.00 (1)
0.8391 +- -1.00 (1)
0.8289 +- -1.00 (1)
0.8825 +- -1.00 (1)
0.9548 +- -1.00 (1)
0.8045 +- -1.00 (1)
0.9656 +- -1.00 (1)
0.8384 +- -1.00 (1)
0.7301 +- -1.00 (1)
0.8555 +- -1.00 (1)
0.9232 +- -1.00 (1)
0.8010 +- -1.00 (1)
0.8730 +- -1.00 (1)
0.7827 +- -1.00 (1)
0.9312 +- -1.00 (1)
0.8157 +- -1.00 (1)
0.7747 +- -1.00 (1)
0.9362 +- -1.00 (1)
0.8044 +- -1.00 (1)
0.8998 +- -1.00 (1)
0.8334 +- -1.00 (1)
0.7895 +- -1.00 (1)
0.9642 +- -1.00 (1)
0.9513 +- -1.00 (1)
0.9268 +- -1.00 (1)
0.8284 +- -1.00 (1)
0.8448 +- -1.00 (1)
0.7432 +- -1.00 (1)
0.9520 +- -1.00 (1)
0.9465 +- -1.00 (1)
0.7255 +- -1.00 (1)
0.7883 +- -1.00 (1)
0.7844 +- -1.00 (1)
0.8446 +- -1.00 (1)
0.8107 +- -1.00 (1)
0.7389 +- -1.00 (1)
0.7639 +- -1.00 (1)
0.7769 +- -1.00 (1)
0.8739 +- -1.00 (1)
0.8553 +- -1.00 (1)
0.8876 +- -1.00 (1)
0.8831 +- -1.00 (1)
0.8950 +- -1.00 (1)
0.8609 +- -1.00 (1)
0.8129 +- -1.00 (1)
0.9501 +- -1.00 (1)
0.9582 +- -1.00 (1)
0.7745 +- -1.00 (1)
0.7432 +- -1.00 (1)
0.7980 +- -1.00 (1)
0.9006 +- -1.00 (1)
0.9626 +- -1.00 (1)
0.7731 +- -1.00 (1)
0.8741 +- -1.00 (1)
0.9477 +- -1.00 (1)
0.8266 +- -1.00 (1)
0.9335 +- -1.00 (1)
0.8213 +- -1.00 (1)
0.7792 +- -1.00 (1)
0.9393 +- -1.00 (1)
0.9525 +- -1.00 (1)
