0.0844 0.083 0.1595612 1
0.0383 0.0378 0.07372736 1
0.2114 0.2067 0.37382072 1
0.1801 0.1734 0.32162316 1
0.0771 0.0751 0.14556099 1
0.1799 0.1749 0.32268929 1
0.1478 0.1439 0.26972228 1
0.0781 0.0754 0.14676376 1
0.0777 0.0677 0.13928411 1
0.2242 0.2232 0.39680496 1
0.2355 0.2296 0.4104933 1
0.0652 0.059 0.1194764 1
0.0273 0.0259 0.05154513 1
0.0325 0.0313 0.06184555 1
0.0812 0.0771 0.15119678 1
0.165 0.1639 0.3011844 1
0.0777 0.0751 0.14611653 1
0.0543 0.0524 0.10296038 1
0.0398 0.0384 0.07574888 1
0.0508 0.0502 0.09754984 1
0.1278 0.123 0.2343304 1
0.0897 0.0824 0.16387982 1
0.3457 0.3447 0.57092661 1
0.1472 0.1414 0.26707352 1
0.0494 0.0482 0.09431552 1
0.1108 0.1093 0.20720866 1
0.1373 0.1351 0.25312217 1
0.0844 0.0833 0.15983618 1
0.1211 0.121 0.226688 1
0.0811 0.0804 0.15414006 1
0.0889 0.0873 0.16761423 1
0.0508 0.0436 0.09127852 1
0.0171 0.0171 0.03294079 1
0.0357 0.0352 0.06871326 1
0.0524 0.052 0.1007786 1
0.0684 0.0674 0.13032464 1
0.049 0.0431 0.0890792 1
0.2212 0.2141 0.38737538 1
0.0916 0.0906 0.17308224 1
0.057 0.0551 0.1080704 1
0.0551 0.041 0.092936 1
0.1506 0.1505 0.2777348 1
0.1342 0.126 0.24255 1
0.1379 0.1348 0.25338278 1
0.0514 0.051 0.09888 1
0.0462 0.0429 0.08620612 1
0.076 0.0724 0.142045 1
0.1155 0.1121 0.21387905 1
0.0603 0.0598 0.11561316 1
0.0158 0.0138 0.02841056 1
0.061 0.0568 0.113452 1
0.1037 0.101 0.19343 1
0.0325 0.0321 0.06262035 1
0.2137 0.2123 0.38005649 1
0.2662 0.2642 0.45959936 1
0.067 0.0638 0.1256552 1
0.0771 0.0754 0.14583816 1
0.0778 0.0668 0.13854656 1
0.0283 0.0252 0.05183934 1
0.0376 0.0336 0.06900684 1
0.1497 0.1439 0.27135077 1
0.063 0.0598 0.1181544 1
0.109 0.0998 0.1971296 1
0.1008 0.0994 0.18937968 1
0.0885 0.0867 0.16670125 1
0.0767 0.076 0.1460225 1
0.0829 0.0812 0.15653162 1
0.0218 0.02 0.0404048 1
0.0719 0.069 0.1350788 1
0.0772 0.0761 0.14657738 1
0.1785 0.1721 0.31922975 1
0.1354 0.126 0.2436 1
0.08 0.0742 0.1474172 1
0.1441 0.1416 0.26458014 1
0.1788 0.1775 0.3239183 1
0.0369 0.0365 0.07112555 1
0.0829 0.0779 0.15350189 1
0.0741 0.071 0.138983 1
0.0429 0.0387 0.07902037 1
0.0512 0.0506 0.09831008 1
0.0479 0.0376 0.08278346 1
0.0976 0.0949 0.18242926 1
0.0551 0.0465 0.09813845 1
0.0821 0.0751 0.15019049 1
0.0324 0.0322 0.06262032 1
0.0686 0.0678 0.13088432 1
0.056 0.0538 0.105896 1
0.0837 0.081 0.157084 1
0.3597 0.3524 0.58505282 1
0.0617 0.0583 0.11552189 1
0.0585 0.0542 0.108641 1
0.1275 0.1177 0.22943745 1
0.0679 0.0672 0.12967122 1
0.097 0.0896 0.1770944 1
0.1348 0.1312 0.24757924 1
0.0232 0.0219 0.04363602 1
0.0661 0.0626 0.12368984 1
0.0439 0.038 0.0793127 1
0.0233 0.0216 0.04344062 1
0.0936 0.0908 0.17508452 1
0.0569 0.0425 0.09608171 3
0.025 0.0164 0.0400304 1
0.0673 0.0625 0.12472255 1
0.067 0.0656 0.1273364 1
0.0488 0.04 0.08593598 3
0.0377 0.0344 0.06987422 1
0.0379 0.0344 0.07006754 1
0.0239 0.0194 0.0418817 2
0.0561 0.0511 0.10343989 2
0.0457 0.0395 0.08247905 1
0.0649 0.0547 0.11517226 6
0.0539 0.0528 0.1029623 2
0.0254 0.0241 0.04793636 1
0.0344 0.021 0.053732 1
0.0287 0.0235 0.05057675 1
0.0346 0.0323 0.06484871 2
0.0213 0.0158 0.03579996 2
0.0871 0.0702 0.15034188 1
0.046 0.0451 0.0881155 1
0.0436 0.0412 0.08208748 1
0.0573 0.06 0.11300364 3
0.0411 0.0351 0.07383259 1
0.0427 0.0366 0.07681567 2
0.0552 0.0462 0.09795307 3
0.0449 0.0404 0.08257034 1
0.0535 0.0461 0.09623596 4
0.066 0.0591 0.1203237 2
0.0413 0.0313 0.07037891 1
0.0341 0.029 0.0611732 1
0.0189 0.0172 0.03481002 1
0.0413 0.0404 0.07911253 3
0.0241 0.0233 0.04588523 4
0.0227 0.0166 0.03796148 1
0.0445 0.035 0.077021 1
0.0529 0.0414 0.09120892 2
0.0288 0.0183 0.04561906 1
0.048 0.0388 0.0840234 1
0.0781 0.0756 0.14694912 2
0.034 0.0301 0.0621397 1
0.0324 0.0268 0.05738988 1
0.0513 0.0496 0.09745542 1
0.037 0.0381 0.0727644 1
0.039 0.0304 0.0672828 1
0.1005 0.0943 0.18451669 2
0.0372 0.0343 0.06929486 2
0.0597 0.0471 0.10309441 2
0.0345 0.0259 0.05857059 3
0.0289 0.0269 0.05407739 1
0.0507 0.0414 0.08909212 1
0.0209 0.016 0.0356015 1
0.0266 0.0228 0.04784192 1
0.0452 0.0431 0.08543918 1
0.082 0.0834 0.1577256 1
0.0391 0.0374 0.07411316 1
0.0661 0.0596 0.12090262 2
0.0257 0.0226 0.04676818 2
0.0446 0.0329 0.07512164 6
0.0532 0.0533 0.10277632 3
0.0273 0.025 0.0506688 1
0.0424 0.0424 0.08208932 2
0.0382 0.023 0.059382 2
0.0412 0.0362 0.07498496 1
0.0501 0.0459 0.09279541 1
0.0301 0.0316 0.05981066 4
0.0163 0.0131 0.02821487 1
0.0266 0.0212 0.04628288 1
0.0326 0.0295 0.0601994 1
0.0305 0.0295 0.05815925 1
0.0627 0.0507 0.10933537 4
0.0697 0.0528 0.11794134 1
0.0479 0.0418 0.08679098 2
0.0532 0.0485 0.0982205 1
0.0667 0.0642 0.12574822 3
0.0502 0.0379 0.08528732 2
0.0472 0.045 0.0891672 1
0.0264 0.0204 0.04530724 1
0.0269 0.0239 0.04920689 1
0.0415 0.04 0.0789205 1
0.0423 0.0403 0.07997691 1
0.0337 0.0311 0.06281573 1
0.0622 0.0544 0.1123321 2
0.0336 0.0295 0.0611709 1
0.0323 0.0231 0.05370827 1
0.0595 0.059 0.114107 1
0.0184 0.0166 0.03372879 3
0.0352 0.0265 0.0598279 1
0.0592 0.0539 0.10902122 1
0.0472 0.0459 0.09002562 1
0.0922 0.0924 0.17526572 2
0.0624 0.0532 0.11140632 3
0.0238 0.0213 0.04363925 5
0.0501 0.0464 0.09327086 1
0.0377 0.0367 0.07209149 2
0.0279 0.0164 0.04288574 1
0.0418 0.0306 0.07019232 1
0.0352 0.0331 0.06620218 1
0.0432 0.0348 0.07557843 4
0.0304 0.0282 0.05680032 1
0.0424 0.0419 0.08160674 1
0.0171 0.0145 0.03038265 1
0.0398 0.0283 0.06604076 1
0.042 0.0389 0.07834661 4
0.044 0.0371 0.078548 2
0.046 0.0354 0.07885218 3
0.0356 0.0303 0.06388622 1
0.0314 0.0274 0.05699744 1
0.0297 0.0142 0.04252116 1
0.0366 0.0333 0.06775012 1
0.0374 0.0338 0.06900608 1
0.025 0.014 0.03769042 5
0.0373 0.0341 0.06919977 2
0.0408 0.0352 0.07363884 1
0.0329 0.0276 0.05865338 6
0.0394 0.035 0.07209512 3
0.0242 0.0209 0.04363832 1
0.0376 0.0283 0.06390281 4
0.0287 0.0212 0.0483417 2
0.0537 0.0481 0.09831837 2
0.0374 0.0309 0.06621164 1
0.0382 0.035 0.0709352 1
0.0497 0.04 0.0868007 1
0.0437 0.0238 0.06552644 1
0.0754 0.0591 0.12917736 1
0.0527 0.0395 0.08920955 1
0.0383 0.0314 0.06757202 2
0.0331 0.0258 0.05710411 2
0.0461 0.0414 0.08467828 2
0.0393 0.036 0.07297427 3
0.0242 0.0203 0.04305264 3
0.0225 0.0178 0.0389388 1
0.035 0.0338 0.0666848 1
0.0315 0.0272 0.0569009 1
0.0355 0.016 0.04998274 2
0.0356 0.0286 0.06224732 2
0.0373 0.0295 0.06477175 2
0.0351 0.0342 0.06717921 3
0.0446 0.0336 0.07577864 1
0.0409 0.0354 0.07393367 4
0.0269 0.0246 0.04989972 4
0.0491 0.0379 0.08422511 1
0.0456 0.0258 0.06929392 1
0.0299 0.027 0.0551486 1
0.0485 0.04 0.08565501 3
0.0581 0.0513 0.10552787 1
0.0348 0.0228 0.05586316 1
0.043 0.0358 0.0763408 2
0.0315 0.03 0.05961704 2
0.0288 0.0213 0.04853573 2
0.0305 0.0203 0.04923163 3
0.0234 0.0197 0.04168441 3
0.0278 0.0197 0.04600091 2
0.0405 0.0364 0.07451766 2
0.0643 0.0589 0.11854618 3
0.0386 0.0335 0.0698831 4
0.0428 0.0391 0.0793079 2
0.0227 0.0239 0.04510355 2
0.0277 0.0204 0.04658202 1
0.0354 0.0253 0.05886408 1
0.0287 0.0245 0.05154905 1
0.0389 0.0331 0.06979196 5
0.0495 0.0431 0.08955815 1
0.0335 0.0327 0.06416975 1
0.0449 0.0319 0.07444349 1
0.0481 0.0369 0.08231734 7
0.0253 0.0125 0.03652091 3
0.0225 0.0081 0.02944735 1
0.0307 0.0271 0.05602483 1
0.0431 0.0295 0.07040015 1
0.0655 0.0609 0.12153865 2
0.0495 0.043 0.089463 1
0.0341 0.0281 0.06030299 1
0.0464 0.0469 0.09022866 4
0.0494 0.0445 0.0907946 1
0.0396 0.039 0.0761332 1
0.0482 0.0382 0.08364416 1
0.0249 0.0179 0.04139609 1
0.0288 0.0219 0.04911898 1
0.0326 0.0299 0.06058817 4
0.022 0.0197 0.04030874 2
0.043 0.0387 0.07911867 2
0.0511 0.0403 0.08843107 1
0.0422 0.0362 0.07594976 1
0.0361 0.03 0.06408294 2
0.0621 0.0591 0.11666493 3
0.0247 0.0208 0.04403074 1
0.0293 0.0257 0.05330299 4
0.04 0.0296 0.0674846 1
0.0372 0.0314 0.06649952 1
0.0669 0.0622 0.12408112 3
0.0468 0.0406 0.08458772 2
0.0417 0.0399 0.07901694 4
0.0451 0.0356 0.07817414 1
0.0408 0.0385 0.0768075 1
0.0278 0.0268 0.0529092 2
0.0386 0.0341 0.07045714 5
0.021 0.0213 0.04089448 2
0.0289 0.0263 0.05349413 1
0.0316 0.0245 0.05438142 2
0.0261 0.0247 0.04920513 1
0.0348 0.0277 0.06059859 2
0.0371 0.0327 0.06766613 2
0.0326 0.0285 0.059231 1
0.0443 0.0414 0.08295121 3
0.0313 0.0273 0.0568044 3
0.0358 0.0336 0.06726552 1
0.0319 0.027 0.0570966 1
0.0292 0.0233 0.05087198 3
0.0367 0.0207 0.05569909 3
0.04 0.0355 0.07315832 4
0.0391 0.0272 0.06430178 1
0.0372 0.0288 0.063995 2
0.0438 0.0396 0.08074792 1
0.0295 0.0243 0.05214286 5
0.0332 0.0294 0.06068552 1
0.0313 0.028 0.0574819 1
0.0347 0.0265 0.05935037 3
0.055 0.046 0.09757 1
0.0454 0.036 0.0788537 4
0.032 0.0269 0.05709786 2
0.0352 0.0302 0.06340145 2
0.038 0.0331 0.06892674 5
0.0307 0.0261 0.05505744 3
0.0396 0.0269 0.06450026 1
0.0399 0.0368 0.07430903 2
0.0418 0.0305 0.07013 2
0.0351 0.0283 0.06147017 2
0.0348 0.0313 0.06407586 1
0.0346 0.0286 0.06127452 2
0.0282 0.0213 0.04794794 3
0.0308 0.0265 0.0555401 1
0.0351 0.0286 0.06175884 1
0.0282 0.0207 0.04736416 1
0.0325 0.0302 0.0607811 3
0.039 0.0299 0.06680335 2
0.0376 0.0317 0.06717638 1
0.0358 0.0311 0.06485925 3
0.0322 0.0284 0.05874512 1
0.053 0.0442 0.09397111 3
0.0223 0.0147 0.03570883 3
0.0393 0.0279 0.06516973 1
0.0449 0.031 0.073584 3
0.0316 0.0201 0.05011554 1
0.0434 0.0293 0.07050008 1
0.0463 0.043 0.08639836 3
0.0429 0.0307 0.07135557 1
0.0344 0.031 0.063398 1
0.04 0.0307 0.06855468 2
0.0367 0.0214 0.05637172 1
0.027 0.021 0.04648 1
0.0348 0.0348 0.06745981 2
0.0259 0.0205 0.04491509 2
0.0355 0.0303 0.06378915 1
0.0417 0.0344 0.07374444 3
0.0383 0.0309 0.06708512 3
0.0363 0.0333 0.06746023 2
0.0236 0.0131 0.03542654 1
0.0367 0.0304 0.06505384 3
0.0374 0.0328 0.06804248 1
0.0256 0.0231 0.04715636 2
0.0363 0.0315 0.06572934 3
0.0287 0.0237 0.05077384 8
0.0294 0.0293 0.05689628 1
0.0362 0.0216 0.05607696 2
0.0433 0.0396 0.0802677 2
0.0309 0.0211 0.05039922 3
0.0387 0.0298 0.06641564 4
0.0276 0.0241 0.05008644 2
0.0353 0.0202 0.05384144 1
0.0425 0.0363 0.07633547 2
0.04 0.0344 0.07209743 2
0.0352 0.0345 0.0675543 1
0.0322 0.0237 0.05419236 2
0.0411 0.0348 0.07354462 1
0.0416 0.0352 0.07441505 4
0.0307 0.0193 0.04845764 2
0.0328 0.0188 0.05003396 1
0.0235 0.0219 0.04392975 1
0.0439 0.0375 0.07884768 4
0.0237 0.0237 0.04588543 2
0.0419 0.0324 0.07201574 1
0.0396 0.0339 0.07124317 3
0.0402 0.0291 0.06719848 1
0.0338 0.0305 0.06233306 3
0.0543 0.0516 0.10220379 5
0.0267 0.0274 0.05242164 2
0.0332 0.0248 0.05623364 1
0.0321 0.022 0.0524469 1
0.0336 0.0284 0.06010701 2
0.0459 0.0383 0.08152523 1
0.042 0.0383 0.07777084 2
0.0239 0.0159 0.03845936 2
0.0406 0.0233 0.06201692 1
0.0487 0.0412 0.08698263 2
0.0311 0.0261 0.05545424 2
0.0299 0.0282 0.05631428 2
0.025 0.0218 0.0453008 1
0.0354 0.0313 0.06465768 1
0.0311 0.0284 0.05767838 3
0.0308 0.0147 0.04409174 1
0.0371 0.0324 0.06737904 3
0.0377 0.0126 0.04887428 1
0.0366 0.0252 0.05993936 3
0.0382 0.0333 0.06929844 1
0.0321 0.0308 0.06097342 2
0.0369 0.0275 0.06244865 1
0.038 0.0287 0.06467711 2
0.0309 0.027 0.05612323 3
0.0375 0.0361 0.071319 2
0.0329 0.0248 0.05594171 3
0.0348 0.024 0.0570226 1
0.0448 0.0326 0.07502234 3
0.0421 0.0403 0.07978481 2
0.0294 0.0233 0.05106702 3
0.0324 0.0251 0.05574438 2
0.0328 0.0239 0.05497178 1
0.0349 0.0329 0.06571886 2
0.0399 0.0259 0.06384609 2
0.048 0.0282 0.07392242 3
0.0341 0.0225 0.05488835 1
0.0343 0.0254 0.05788837 3
0.0374 0.0289 0.06428444 1
0.0365 0.0333 0.06765387 4
0.042 0.0154 0.0558096 1
0.0506 0.041 0.08862216 2
0.0426 0.037 0.07710284 2
0.0298 0.0259 0.05398288 1
0.0369 0.024 0.0590743 1
0.0312 0.0271 0.05651186 2
0.0381 0.0279 0.06400201 1
0.0315 0.0265 0.05622693 5
0.0427 0.041 0.08103348 3
0.0357 0.0277 0.06147399 2
0.0314 0.0304 0.05990624 1
0.0377 0.034 0.06949094 2
0.041 0.0355 0.07412 1
0.0333 0.0295 0.06087945 1
0.0291 0.0159 0.04358131 1
0.0415 0.0357 0.07480209 2
0.0297 0.0272 0.05514932 2
0.0394 0.036 0.07305936 2
0.0423 0.043 0.0825656 2
0.0369 0.032 0.06678884 4
0.044 0.0405 0.08180453 4
0.043 0.0366 0.0771048 1
0.0356 0.0372 0.07054748 1
0.038 0.0332 0.06900864 2
0.038 0.0333 0.06911114 2
0.034 0.0225 0.05479266 3
0.0394 0.0252 0.06267072 1
0.0301 0.0239 0.05233365 2
0.0295 0.0243 0.05213605 2
0.0428 0.0364 0.07672127 2
0.0376 0.029 0.0645752 1
0.0385 0.0324 0.0687225 1
0.0419 0.0362 0.0756675 4
0.0254 0.0136 0.03769266 2
0.0389 0.0277 0.06458807 1
0.0342 0.031 0.06320686 2
0.0252 0.0248 0.04842562 4
0.0414 0.0371 0.07605273 4
0.0308 0.025 0.0540848 1
0.0317 0.0281 0.05796803 1
0.0334 0.03 0.06146208 2
0.0406 0.0314 0.06980306 2
0.0233 0.022 0.04383561 5
0.0352 0.0363 0.06929608 3
0.0349 0.0276 0.06059916 2
0.0393 0.031 0.0681517 2
0.0335 0.0302 0.06175191 2
0.0437 0.037 0.0781628 1
0.0339 0.0308 0.06271958 1
0.0395 0.0345 0.07171792 5
0.0403 0.0338 0.07181218 3
0.0553 0.0402 0.09237144 1
0.0334 0.0321 0.0634941 3
0.0391 0.0289 0.06594748 3
0.027 0.0169 0.04248668 2
0.0348 0.0278 0.06069614 3
0.0252 0.0189 0.04266682 1
0.0428 0.0325 0.0729833 1
0.0432 0.0369 0.07758502 1
0.0366 0.019 0.0539594 2
0.038 0.0338 0.06958646 2
0.0445 0.0325 0.07462975 1
0.0317 0.0264 0.05632062 2
0.0335 0.0257 0.05739963 2
0.0285 0.0099 0.03715525 1
0.0367 0.0332 0.0677506 2
0.0443 0.036 0.0777845 1
0.0396 0.0274 0.06498096 1
0.0305 0.0249 0.05369503 2
0.044 0.0283 0.07012638 2
0.0462 0.0304 0.07427774 4
0.0269 0.0246 0.04988876 1
0.0378 0.0277 0.0635178 2
0.0294 0.0205 0.0483462 1
0.0474 0.0386 0.08325536 1
0.0329 0.0244 0.05555567 3
0.0265 0.0173 0.04238435 1
0.0324 0.0206 0.05138519 2
0.035 0.0217 0.05499696 2
0.0387 0.0208 0.05775354 1
0.0393 0.0363 0.07324801 1
0.036 0.0333 0.0671695 1
0.0357 0.0265 0.06031515 1
0.0355 0.0276 0.0611823 1
0.0322 0.0275 0.0578732 1
0.05 0.0387 0.0858538 3
0.0296 0.0257 0.05359358 1
0.0379 0.0334 0.06910451 2
0.029 0.0276 0.0548552 1
0.0367 0.0307 0.06534257 3
0.0342 0.0237 0.05614656 2
0.0343 0.0212 0.0538304 2
0.036 0.0159 0.0503785 1
0.0402 0.0299 0.06796839 3
0.0308 0.0248 0.05389124 2
0.0481 0.0413 0.08650249 3
0.0386 0.0302 0.06670518 3
0.0328 0.0212 0.05235764 1
0.0433 0.0364 0.07720258 1
0.0356 0.0338 0.06726719 5
0.0357 0.0197 0.05375111 1
0.0476 0.0394 0.08421656 2
0.0431 0.0332 0.0739475 3
0.0358 0.0327 0.06639768 2
0.0411 0.0305 0.06941705 1
0.0361 0.0335 0.06746045 3
0.0417 0.0186 0.05858401 2
0.0334 0.0217 0.05343254 3
0.0361 0.0292 0.06331116 2
0.0361 0.0311 0.06514998 3
0.0368 0.0336 0.06824023 4
0.0445 0.037 0.07893448 2
0.0461 0.0379 0.08133773 2
0.0387 0.0345 0.07093705 1
0.0342 0.0211 0.05363268 1
0.0357 0.0245 0.05838481 2
0.0277 0.023 0.0491126 1
0.0402 0.0379 0.07565352 1
0.0355 0.0293 0.06282365 1
0.0364 0.0295 0.0638911 1
0.0425 0.0246 0.06512236 2
0.0378 0.0338 0.06939352 2
0.0367 0.0295 0.06418573 3
0.0399 0.0294 0.06719524 1
0.0382 0.034 0.06997338 2
0.0411 0.031 0.06989727 2
0.0453 0.0325 0.07540455 1
0.0365 0.0326 0.0669782 1
0.0301 0.0268 0.05514934 2
0.0379 0.0312 0.06698562 1
0.0327 0.022 0.0530343 1
0.0391 0.0377 0.07440593 2
0.0388 0.034 0.07055425 2
0.0252 0.0229 0.04657018 2
0.0373 0.0292 0.06447658 2
0.0398 0.0219 0.0598904 2
0.0302 0.0226 0.05116961 2
0.04 0.0329 0.0706559 1
0.0357 0.0192 0.05326846 1
0.0341 0.0163 0.04889439 3
0.0366 0.0304 0.06495463 3
0.048 0.0303 0.0759229 1
0.0277 0.0249 0.05096187 1
0.0377 0.0239 0.05975957 1
0.0377 0.0319 0.06746747 6
0.0402 0.0253 0.06354744 1
0.0358 0.0319 0.06562468 1
0.0428 0.0353 0.07567544 3
0.0341 0.0325 0.0645596 2
0.0333 0.028 0.0594394 3
0.0381 0.0286 0.064681 5
0.0475 0.042 0.08659356 2
0.0378 0.0218 0.05783793 4
0.0396 0.0339 0.07123167 3
0.0342 0.0314 0.06359319 4
0.0358 0.0279 0.06176658 3
0.0291 0.0283 0.05563317 2
0.0424 0.0337 0.07374634 2
0.0388 0.0357 0.07218951 2
0.0419 0.0332 0.07278853 3
0.0395 0.0339 0.07113515 3
0.0401 0.0298 0.06777689 2
0.0315 0.0294 0.05903451 3
0.0384 0.0236 0.06015514 3
0.0336 0.0278 0.05952941 3
0.0368 0.0309 0.06562958 1
0.0403 0.0365 0.07440828 3
0.0433 0.0428 0.08334612 4
0.0356 0.0293 0.06292136 2
0.0324 0.0133 0.04431513 2
0.0423 0.0277 0.06789729 1
0.0384 0.0251 0.06159866 1
0.0347 0.0313 0.06397889 1
0.0311 0.0268 0.05612386 2
0.0444 0.0331 0.07510755 3
0.0367 0.0304 0.06505056 2
0.034 0.0179 0.0503423 1
0.0315 0.0276 0.0572887 1
0.0393 0.032 0.0691127 1
0.0374 0.0332 0.06842792 1
0.0348 0.0302 0.06301304 1
0.0303 0.0274 0.05592738 2
0.0387 0.02 0.05698423 3
0.0424 0.0364 0.07633444 1
0.0429 0.0316 0.07221786 1
0.0384 0.0189 0.05563054 1
0.046 0.0394 0.08267575 3
0.0394 0.0284 0.06574944 2
0.0425 0.0409 0.08074813 4
0.0402 0.0323 0.07027304 1
0.0368 0.0243 0.0592679 3
0.0269 0.023 0.04833257 4
0.0397 0.034 0.0714229 1
0.0382 0.0286 0.06477389 3
0.0369 0.031 0.06582624 3
0.0449 0.0396 0.08180602 2
0.0333 0.0288 0.06020254 3
0.0284 0.0205 0.0473657 1
0.0416 0.0227 0.06242128 2
0.0367 0.0292 0.06389438 4
0.0438 0.0215 0.06342344 5
0.0494 0.0406 0.08708336 1
0.0435 0.0375 0.07845208 4
0.0377 0.0335 0.06900732 2
0.038 0.0323 0.06814238 3
0.0331 0.0257 0.05700713 1
0.0355 0.033 0.06639748 3
0.0326 0.03 0.06068384 2
0.0399 0.0382 0.07565542 3
0.0383 0.033 0.06911021 3
0.0307 0.0239 0.05291987 1
0.04 0.0206 0.05883752 2
0.0333 0.0254 0.05691196 2
0.0435 0.0385 0.07940797 2
0.0371 0.0286 0.06370454 2
0.0386 0.0322 0.0686304 2
0.0266 0.0208 0.04589321 2
0.0416 0.0339 0.07316426 1
0.0409 0.0383 0.07671932 2
0.0463 0.0401 0.08362877 1
0.035 0.0342 0.06707148 2
0.0397 0.0334 0.07084612 1
0.0314 0.0227 0.05244222 4
0.0439 0.0367 0.07807339 2
0.0417 0.0366 0.07585766 2
0.0409 0.0352 0.07373893 2
0.036 0.0173 0.0517295 1
0.0375 0.0375 0.07267006 2
0.0335 0.028 0.05962395 2
0.0376 0.0321 0.06756744 3
0.0334 0.0241 0.05575201 3
0.0361 0.0326 0.06659312 4
0.0428 0.0354 0.07576248 2
0.0352 0.0297 0.06291846 1
0.0345 0.034 0.0663945 1
0.0368 0.0319 0.06659681 3
0.0307 0.0189 0.04806853 2
0.0471 0.0418 0.0860226 4
0.0413 0.0353 0.07422535 4
0.0413 0.0353 0.07422346 2
0.0352 0.0312 0.06436969 3
0.0492 0.0348 0.08137105 2
0.0318 0.0287 0.05864688 2
0.0431 0.0338 0.07452059 2
0.037 0.0314 0.06630573 3
0.0403 0.023 0.0614354 1
0.0368 0.026 0.06090626 2
0.0396 0.0339 0.07123097 2
0.0355 0.0305 0.06398309 4
0.0399 0.0295 0.06729135 1
0.0419 0.0326 0.07220758 2
0.0414 0.0258 0.06519808 1
0.0324 0.0285 0.05904218 4
0.041 0.0383 0.07681166 4
0.0398 0.0358 0.07325824 2
0.0309 0.0272 0.05631662 1
0.0325 0.0275 0.05816525 1
0.04 0.0312 0.06902233 2
0.0403 0.0326 0.07066019 2
0.0429 0.028 0.0687687 1
0.0397 0.0284 0.06604271 3
0.0382 0.035 0.0709352 1
0.0293 0.0188 0.04659681 2
0.0344 0.0318 0.06417128 1
0.0266 0.0181 0.04326224 1
0.0379 0.0355 0.07113885 4
0.0416 0.0265 0.06606772 3
0.0455 0.039 0.08181792 3
0.0325 0.0316 0.0621361 1
0.0377 0.035 0.07045316 2
0.0433 0.0319 0.07290015 2
0.0339 0.0244 0.05653019 2
0.037 0.0353 0.0700652 1
0.0323 0.0317 0.06203924 3
0.0456 0.0323 0.07551002 2
0.0344 0.0291 0.06156174 2
0.0371 0.0305 0.06553521 2
0.0351 0.0281 0.0612768 3
0.0451 0.0211 0.06431359 1
0.0386 0.0238 0.06054272 1
0.0364 0.0333 0.06755668 2
0.0368 0.0356 0.07016301 3
0.0448 0.0367 0.07893968 4
0.0347 0.0288 0.06156314 1
0.0384 0.0323 0.06852938 1
0.0415 0.0382 0.07719443 4
0.0452 0.0367 0.07932293 2
0.0464 0.0399 0.08353426 3
0.0442 0.0374 0.07902752 1
0.0412 0.0344 0.07326432 2
0.0369 0.025 0.06003871 3
0.0348 0.0303 0.06310966 1
0.038 0.0376 0.07324842 3
0.0374 0.0333 0.06852607 3
0.0446 0.0308 0.07310087 2
0.0373 0.0326 0.06775292 1
0.042 0.0261 0.0660709 1
0.0435 0.0394 0.080268 1
0.0384 0.0264 0.06285004 1
0.041 0.0387 0.07719452 2
0.0433 0.0354 0.07624542 2
0.0403 0.0364 0.07431758 2
0.0511 0.0411 0.08919175 3
0.0459 0.0441 0.08706773 3
0.032 0.0238 0.05409415 2
0.0414 0.0302 0.06942703 5
0.0413 0.0335 0.07249098 3
0.0382 0.0337 0.0696837 2
0.0374 0.0325 0.06776114 4
0.0293 0.0228 0.05048318 2
0.0395 0.0346 0.0718066 3
0.0466 0.0334 0.07752256 1
0.0457 0.042 0.0848676 2
0.0365 0.0231 0.05781569 2
0.0409 0.0296 0.06835886 1
0.0351 0.0306 0.06369343 4
0.0312 0.0241 0.05360238 1
0.0462 0.0397 0.08315088 2
0.0412 0.0255 0.06471608 3
0.0451 0.0324 0.07511526 1
0.0393 0.0228 0.06026506 1
0.04 0.0274 0.06537048 2
0.0391 0.0278 0.06488333 3
0.0458 0.0332 0.07655744 1
0.0359 0.0282 0.06215072 1
0.0447 0.0308 0.07319774 1
0.0418 0.0336 0.07307222 3
0.0409 0.0329 0.07153257 6
0.0352 0.0331 0.06620218 1
0.0386 0.0346 0.07093664 1
0.0333 0.0296 0.06097622 1
0.0451 0.0281 0.07100591 5
0.0459 0.0387 0.08191056 2
0.0418 0.0316 0.07115167 2
0.0447 0.0377 0.07979677 2
0.0384 0.0231 0.05967346 1
0.0421 0.0322 0.0720187 3
0.0414 0.0416 0.0803601 2
0.0414 0.0195 0.0591526 1
0.0391 0.0307 0.06766843 1
0.0416 0.0284 0.06788875 4
0.0463 0.0364 0.08009887 3
0.0325 0.0288 0.05942487 2
0.0388 0.0303 0.06699312 2
0.0337 0.0333 0.06494603 2
0.0431 0.0393 0.0797887 3
0.0451 0.0428 0.08505884 3
0.0461 0.0376 0.08105859 4
0.0418 0.0375 0.0768108 1
0.0398 0.0299 0.06757868 1
0.0369 0.0314 0.06620864 1
0.0507 0.0403 0.08804886 3
0.0406 0.0378 0.07594467 3
0.0409 0.0376 0.07603966 1
0.037 0.0286 0.0636064 1
0.0407 0.0255 0.06422735 1
0.0411 0.0362 0.07488912 2
0.0388 0.0349 0.07142385 4
0.0428 0.0342 0.07461224 1
0.0407 0.0297 0.06826101 2
0.0411 0.0327 0.07152883 1
0.0365 0.027 0.06157884 3
0.0391 0.0192 0.05660658 1
0.0413 0.0222 0.06164564 1
0.0387 0.0325 0.06901397 2
0.0399 0.0223 0.06037245 3
0.0476 0.0424 0.08708283 3
0.0388 0.0361 0.072574 2
0.0457 0.0337 0.07693831 1
0.0361 0.0334 0.06736316 2
0.0434 0.038 0.0788312 1
0.035 0.027 0.06012711 4
0.0461 0.0363 0.07981938 6
0.038 0.0305 0.06640853 2
0.0414 0.0268 0.06616274 2
0.0396 0.0355 0.07278118 2
0.0361 0.0289 0.06302084 2
0.041 0.0376 0.07613704 2
0.0474 0.0474 0.09164704 1
0.0447 0.0351 0.07731272 4
0.0435 0.0388 0.07969438 3
0.05 0.041 0.08804156 3
0.0436 0.0396 0.08055648 3
0.0485 0.0478 0.093077 1
0.045 0.0376 0.07998999 2
0.0496 0.0406 0.08727646 3
0.0535 0.0475 0.09756195 2
0.0438 0.0354 0.07672768 1
0.0426 0.0409 0.08084016 1
0.0458 0.0382 0.08133344 1
0.0454 0.0382 0.08094838 2
0.0514 0.0453 0.09346844 3
0.0429 0.0385 0.07882992 4
0.0436 0.0419 0.08275774 2
0.0495 0.0368 0.08356468 4
0.0415 0.0374 0.0764258 1
0.0455 0.04 0.08276921 4
0.0472 0.0496 0.09356076 6
0.0476 0.0333 0.07839482 1
0.0513 0.048 0.09594538 3
0.0434 0.0352 0.07614992 1
0.0531 0.033 0.0834343 2
0.0452 0.0398 0.08228504 1
0.0508 0.0481 0.09555737 4
0.0419 0.0343 0.07383803 1
0.0421 0.0389 0.07844243 2
0.0572 0.0554 0.10854796 8
0.0384 0.0321 0.06833713 2
0.0507 0.0456 0.09308437 3
0.0517 0.0476 0.0959377 3
0.0455 0.0404 0.0831475 4
0.045 0.0344 0.0769308 2
0.047 0.0394 0.0836336 1
0.04 0.0363 0.0739233 1
0.0449 0.0395 0.08172676 4
0.0523 0.0412 0.09043854 2
0.0417 0.0437 0.08266215 2
0.0505 0.0454 0.09270302 3
0.0454 0.0348 0.07770579 4
0.0387 0.0278 0.06449051 6
0.0461 0.0401 0.08344431 4
0.0385 0.0319 0.06824175 2
0.0463 0.0408 0.08429706 1
0.0491 0.0369 0.08327321 1
0.0433 0.0396 0.08026753 3
0.0508 0.0399 0.08776439 2
0.0474 0.0424 0.08688706 4
0.0494 0.0435 0.08984813 2
0.0437 0.0395 0.08055674 3
0.0481 0.0418 0.08698308 5
0.0471 0.044 0.08811972 5
0.0525 0.0444 0.09367911 4
0.0485 0.0416 0.08717314 3
0.0499 0.0488 0.09536258 1
0.048 0.0417 0.08678748 2
0.0405 0.0282 0.06662669 3
0.0446 0.032 0.07425155 2
0.0541 0.0493 0.09983655 2
0.0435 0.0334 0.07452312 2
0.0553 0.0443 0.09625393 7
0.0488 0.0374 0.08346395 3
0.0429 0.0374 0.07777813 4
0.0451 0.0365 0.07903464 3
0.051 0.0245 0.073325 1
0.0493 0.0413 0.08765354 2
0.0472 0.038 0.08249108 4
0.0439 0.034 0.07548507 2
0.0564 0.051 0.10363146 2
0.0435 0.0363 0.07730055 3
0.0525 0.04 0.08949439 3
0.0361 0.033 0.06697804 3
0.0439 0.0437 0.08476817 1
0.0461 0.0385 0.08191691 3
0.0499 0.028 0.07558 2
0.0443 0.0359 0.07768905 2
0.0514 0.0466 0.09470176 1
0.0448 0.044 0.0859166 1
0.0484 0.0421 0.0875536 4
0.0532 0.0476 0.09736835 2
0.0539 0.0464 0.09689834 1
0.0478 0.0445 0.0892642 1
0.0439 0.0367 0.07807153 2
0.0433 0.0374 0.07816118 2
0.0483 0.0402 0.08565374 5
0.0408 0.0367 0.07508222 2
0.0464 0.0428 0.08630228 1
0.0499 0.0476 0.09422224 3
0.0467 0.0383 0.08229819 2
0.0432 0.0358 0.07653144 1
0.0443 0.0327 0.07462739 1
0.0454 0.0299 0.07301684 1
0.0434 0.0295 0.0706916 1
0.0508 0.0436 0.09127984 2
0.0436 0.0397 0.0806515 2
0.0466 0.039 0.08286866 2
0.0443 0.0427 0.08419976 3
0.0408 0.0361 0.07450302 1
0.0493 0.0396 0.08603706 2
0.0533 0.0453 0.09528347 2
0.0412 0.0338 0.07268144 1
0.0439 0.0392 0.08046122 1
0.0455 0.0432 0.0858221 1
0.0478 0.0426 0.0874532 2
0.0495 0.041 0.08756052 2
0.0486 0.0409 0.08660545 5
0.0532 0.0418 0.09187038 2
0.0575 0.0314 0.0861824 1
0.0445 0.038 0.0798905 1
0.0454 0.0319 0.07492804 1
0.0523 0.036 0.08550882 3
0.048 0.0409 0.08602869 2
0.0467 0.0352 0.07934368 5
0.0549 0.041 0.09274756 4
0.048 0.0397 0.08488193 3
0.0473 0.0436 0.08792762 1
0.048 0.0433 0.08832548 6
0.043 0.0286 0.0694408 1
0.0475 0.0453 0.08974412 4
0.0417 0.0347 0.0740306 5
0.046 0.0304 0.07407822 3
0.0513 0.0442 0.09232704 1
0.0451 0.042 0.0842919 1
0.048 0.0408 0.0859294 1
0.0476 0.0456 0.09012294 4
0.0432 0.0365 0.0772019 1
0.0472 0.0354 0.08002375 6
0.0455 0.0398 0.0825734 1
0.0461 0.0357 0.07923503 1
0.0502 0.0434 0.09051392 1
0.0505 0.041 0.08852 1
0.0485 0.0447 0.09012743 4
0.049 0.0428 0.08879638 3
0.05 0.0439 0.0907979 1
0.0458 0.0227 0.06652784 1
0.0456 0.0233 0.06690686 4
0.0554 0.0382 0.09057632 1
0.057 0.0475 0.10089861 3
0.0458 0.0398 0.08286211 2
0.0471 0.04 0.08430592 3
0.0502 0.0416 0.08880814 4
0.0525 0.0367 0.08636179 2
0.0477 0.0403 0.08516469 1
0.0474 0.0461 0.09040736 1
0.0502 0.0492 0.09602925 3
0.0524 0.0418 0.09110374 3
0.0553 0.0448 0.09672248 3
0.043 0.031 0.07174106 3
0.0535 0.0499 0.09983275 1
0.0439 0.0435 0.0845823 4
0.0553 0.0542 0.10561142 2
0.0492 0.0453 0.09136801 4
0.0504 0.0431 0.09042344 3
0.054 0.0374 0.08847182 2
0.0476 0.0292 0.07448616 3
0.0499 0.0443 0.09108529 4
0.0471 0.0433 0.08744997 1
0.046 0.0302 0.07388828 5
0.0463 0.0416 0.08506082 1
0.046 0.0394 0.08267384 3
0.0511 0.0435 0.09147115 2
0.0473 0.0329 0.0777269 2
0.0498 0.0367 0.08376056 2
0.0441 0.0415 0.08285611 5
0.0445 0.033 0.07510808 2
0.0513 0.0484 0.09631782 4
0.0472 0.0403 0.08468896 2
0.0491 0.0457 0.09165092 2
0.0522 0.0457 0.09461143 2
0.048 0.0389 0.08412161 3
0.0597 0.0486 0.10450588 1
0.0497 0.0386 0.08546999 3
0.0582 0.0488 0.10326758 4
0.0496 0.0377 0.08451638 1
0.0479 0.0423 0.08726351 3
0.0439 0.0336 0.07510386 3
0.0468 0.0421 0.08601876 2
0.0489 0.0424 0.08831694 1
0.0461 0.0371 0.08057194 2
0.0526 0.035 0.08484575 2
0.0546 0.0515 0.10239468 3
0.0496 0.0386 0.08537264 1
0.0511 0.0438 0.09175572 1
0.0467 0.0415 0.08534915 1
0.05 0.0426 0.089576 2
0.0434 0.0399 0.08065064 1
0.0529 0.0409 0.0907293 2
0.0459 0.0361 0.07942401 1
0.0456 0.0407 0.0835316 4
0.0461 0.042 0.08525308 5
0.0486 0.0444 0.08993797 4
0.0478 0.0417 0.08659579 2
0.0469 0.0432 0.08716308 3
0.0484 0.0441 0.08945706 1
0.0503 0.0443 0.09146583 2
0.0477 0.0441 0.08878729 2
0.042 0.0349 0.0745101 1
0.0457 0.0378 0.08085696 2
0.0504 0.0439 0.09118074 1
0.0489 0.0382 0.08431855 3
0.0507 0.039 0.08681191 3
0.0499 0.0451 0.09184351 1
0.0502 0.0435 0.09062001 3
0.0527 0.0487 0.09793391 1
0.0528 0.0438 0.09338346 2
0.0504 0.0502 0.0971698 3
0.0489 0.0387 0.08479417 1
0.049 0.0441 0.09003288 3
0.05 0.0407 0.0877552 2
0.0495 0.0388 0.0854667 1
0.0504 0.0419 0.08927954 1
0.0503 0.0462 0.09328462 5
0.0473 0.0431 0.08745086 2
0.0489 0.0351 0.08136669 2
0.0501 0.0425 0.08956252 3
0.0522 0.0448 0.09375744 1
0.0502 0.0444 0.0914687 5
0.0423 0.0289 0.06904795 2
0.0469 0.0383 0.08248797 2
0.0562 0.0442 0.09701536 1
0.0573 0.0527 0.10609569 5
0.052 0.0527 0.10106365 5
0.0546 0.0424 0.09378136 2
0.0459 0.0403 0.08343561 3
0.0397 0.0301 0.06767383 1
0.0487 0.0359 0.08193527 1
0.0501 0.0389 0.08613983 2
0.0543 0.0472 0.09803791 3
0.0451 0.0384 0.08085066 1
0.0544 0.0512 0.10192237 3
0.0448 0.0435 0.08544144 2
0.0522 0.0517 0.10030456 5
0.0506 0.0384 0.08614496 1
0.0466 0.038 0.0819128 1
0.0443 0.0388 0.08046326 1
0.05 0.039 0.08613968 2
0.0471 0.0437 0.08783392 4
0.0473 0.0479 0.09202853 1
0.0532 0.0526 0.10212212 7
0.0468 0.0388 0.08287254 2
0.0445 0.0409 0.08266536 4
0.0504 0.0474 0.0945128 2
0.047 0.0447 0.08869513 2
0.0456 0.0395 0.0823829 1
0.0521 0.0448 0.09366207 3
0.0487 0.0445 0.09012533 2
0.0513 0.0415 0.08976511 4
0.0547 0.0423 0.09378219 1
0.0531 0.0408 0.09083383 2
0.0449 0.0388 0.0810436 5
0.051 0.0388 0.08691247 5
0.0432 0.0395 0.08008006 4
0.0473 0.0402 0.08468504 1
0.0521 0.0485 0.09717275 1
0.0501 0.0456 0.09251014 1
0.0504 0.0453 0.09251158 1
0.045 0.0413 0.08352681 2
0.049 0.0444 0.09031892 2
0.0499 0.0428 0.08965598 1
0.0503 0.0457 0.09279703 3
0.0522 0.042 0.09110089 2
0.0512 0.0345 0.0830183 1
0.0517 0.0405 0.08919735 1
0.0485 0.0453 0.09069671 2
0.049 0.0326 0.07908369 3
0.0511 0.0487 0.09641023 1
0.0519 0.0486 0.09707756 2
0.048 0.0445 0.0894555 1
0.049 0.0417 0.08774654 2
0.0446 0.0376 0.07960424 1
0.0493 0.0427 0.08898589 1
0.0479 0.0387 0.08383517 2
0.0518 0.0449 0.09347384 3
0.0516 0.0446 0.09299391 2
0.0467 0.0436 0.08736083 5
0.0463 0.0377 0.08133749 1
0.0456 0.0428 0.08554058 6
0.0461 0.0381 0.08152679 1
0.045 0.0385 0.08085 1
0.0557 0.0478 0.09994208 4
0.0493 0.0424 0.08870038 1
0.0495 0.0493 0.09545745 1
0.0493 0.043 0.08927151 2
0.0462 0.0406 0.08401022 2
0.0527 0.0485 0.09775669 5
0.0513 0.048 0.0959359 1
0.0482 0.0388 0.08421636 3
0.0522 0.0417 0.09081616 1
0.0464 0.0318 0.07580168 1
0.0525 0.043 0.09233812 2
0.0438 0.038 0.07922642 4
0.0429 0.0347 0.07519091 2
0.0509 0.0391 0.0870989 2
0.056 0.0487 0.10107845 2
0.0501 0.042 0.0890869 1
0.0514 0.0431 0.09137826 2
0.0555 0.0523 0.10400455 3
0.0464 0.0418 0.08534768 1
0.0556 0.0568 0.10836175 4
0.051 0.0473 0.0949886 3
0.0494 0.0461 0.09231742 2
0.0579 0.0499 0.10402123 2
0.0469 0.0372 0.08143842 1
0.0475 0.0411 0.08573541 2
0.0556 0.0472 0.09928056 4
0.0492 0.0473 0.09326894 2
0.0462 0.039 0.08248402 2
0.058 0.0559 0.10977198 4
0.0494 0.0434 0.08974784 1
0.0499 0.0399 0.08689785 2
0.0504 0.0465 0.09365578 4
0.0595 0.0426 0.09866712 3
0.0478 0.0351 0.0803055 5
0.0509 0.0414 0.08928404 1
0.049 0.0421 0.0881272 1
0.0475 0.0422 0.08678465 2
0.0518 0.0413 0.09005324 2
0.0465 0.0392 0.0829619 1
0.0511 0.0497 0.0973603 2
0.0518 0.0475 0.09593868 4
0.0526 0.0462 0.09547665 7
0.0471 0.0398 0.08411132 1
0.055 0.0368 0.08886685 2
0.0508 0.0457 0.09327394 1
0.0469 0.0363 0.08058107 3
0.045 0.0414 0.08362435 2
0.0545 0.044 0.09519999 3
0.0538 0.0468 0.09718204 2
0.0527 0.0442 0.0936857 6
0.0462 0.0421 0.08544412 3
0.0546 0.0463 0.09747312 2
0.0557 0.043 0.09540281 2
0.0474 0.035 0.0798224 1
0.0464 0.0334 0.07732904 1
0.052 0.0442 0.0929968 1
0.0542 0.0541 0.10447514 2
0.051 0.033 0.08140004 2
0.0504 0.0404 0.08785424 2
0.0487 0.0465 0.09202965 1
0.0491 0.0445 0.09050765 1
0.0511 0.0414 0.08947674 3
0.0518 0.0503 0.09859556 1
0.0498 0.0408 0.0876601 2
0.057 0.0492 0.10250134 2
0.0577 0.0374 0.09203612 1
0.057 0.0494 0.10269037 3
0.0578 0.0498 0.10382886 2
0.0528 0.0399 0.08968678 4
0.0564 0.041 0.09418481 2
0.0557 0.0517 0.10362671 1
0.0498 0.0439 0.09060648 1
0.0467 0.0355 0.07962335 1
0.0553 0.0469 0.09871999 7
0.0491 0.0406 0.08679524 1
0.0515 0.0461 0.09432245 1
0.054 0.0438 0.0945316 1
0.0479 0.0423 0.08726303 1
0.0548 0.0454 0.09681516 3
0.0517 0.0505 0.09869971 3
0.0502 0.0513 0.09803206 4
0.0524 0.0474 0.09641742 3
0.0555 0.0489 0.10079065 3
0.0545 0.0489 0.09983845 2
0.0449 0.0437 0.08572547 1
0.0463 0.0337 0.07751869 1
0.0495 0.0466 0.0928884 1
0.054 0.0432 0.09396448 4
0.0509 0.0468 0.09442503 5
0.0512 0.045 0.0929913 2
0.0469 0.0438 0.08773612 2
0.0515 0.0463 0.09451235 1
0.0502 0.042 0.08918475 2
0.055 0.0466 0.09813818 2
0.0462 0.0428 0.08611064 1
0.0487 0.0422 0.08793714 4
0.053 0.047 0.09661118 3
0.0505 0.0445 0.09184777 2
0.0461 0.0333 0.07694533 3
0.0566 0.0528 0.10551992 1
0.0533 0.0501 0.09983828 5
0.0506 0.0414 0.08899663 4
0.0519 0.0476 0.09612836 2
0.052 0.0441 0.0929019 1
0.0393 0.0367 0.07363269 1
0.0567 0.0426 0.09598712 3
0.0489 0.0301 0.07660623 2
0.047 0.0426 0.0866864 1
0.0537 0.0446 0.09500945 7
0.0487 0.033 0.07917372 2
0.0514 0.032 0.0808376 1
0.051 0.043 0.0909 1
0.0534 0.0402 0.09054748 2
0.0499 0.037 0.0841396 1
0.0514 0.0456 0.09375216 1
0.0433 0.0423 0.08285301 1
0.052 0.0459 0.09461381 4
0.0627 0.0527 0.11121566 4
0.0495 0.044 0.0904145 1
0.059 0.0525 0.10751351 3
0.0568 0.0436 0.09702292 1
0.0599 0.047 0.10319225 2
0.054 0.0465 0.09708883 3
0.049 0.0414 0.08746224 2
0.0513 0.047 0.09498668 2
0.0551 0.05 0.1014491 1
0.0508 0.0356 0.08367708 2
0.0521 0.0458 0.09461104 2
0.0499 0.0503 0.09679091 4
0.0542 0.0489 0.09955186 3
0.0472 0.0434 0.08764169 3
0.053 0.0367 0.0868436 1
0.0498 0.0495 0.09593334 2
0.0532 0.0362 0.08656266 2
0.0521 0.0432 0.09214944 4
0.0508 0.0464 0.09394104 3
0.046 0.0422 0.08535066 3
0.0531 0.0426 0.09253264 1
0.0532 0.044 0.09395556 2
0.0506 0.0374 0.0851948 2
0.0529 0.0464 0.09594374 1
0.057 0.0461 0.0995744 1
0.0441 0.0427 0.08400273 1
0.0519 0.0431 0.09185782 3
0.0536 0.0486 0.09870339 2
0.0539 0.0449 0.0954785 2
0.0494 0.043 0.0893672 1
0.0537 0.0437 0.09415275 3
0.0523 0.0482 0.09707888 2
0.0458 0.0361 0.07932794 2
0.0517 0.043 0.0915706 1
0.0462 0.0409 0.08429924 3
0.0551 0.0451 0.09681482 3
0.0507 0.0303 0.07854379 1
0.0558 0.0393 0.09200165 3
0.0511 0.0413 0.08938192 2
0.0445 0.0382 0.0800818 1
0.0507 0.0454 0.09289608 4
0.0614 0.0544 0.11157566 2
0.0506 0.0396 0.08728589 2
0.05 0.0465 0.0932705 1
0.0568 0.0537 0.10656313 6
0.0523 0.0385 0.08787698 3
0.0489 0.0475 0.09317496 2
0.0521 0.047 0.0957494 1
0.0558 0.0523 0.10428946 3
0.0498 0.0412 0.08803824 1
0.0494 0.0383 0.08489468 1
0.0535 0.0493 0.09926425 1
0.0557 0.0554 0.10712432 1
0.0558 0.0492 0.10136153 3
0.0491 0.0432 0.08927069 2
0.0547 0.0484 0.09955472 2
0.0533 0.0487 0.09850529 1
0.0486 0.0442 0.08974368 1
0.0556 0.0421 0.09445736 3
0.0538 0.0455 0.09595066 3
0.0502 0.0417 0.08890084 3
0.0516 0.0458 0.09413312 1
0.052 0.0505 0.09897842 3
0.0487 0.0426 0.08831602 4
0.0522 0.0468 0.09565504 1
0.0513 0.0442 0.09232752 2
0.0518 0.0364 0.08540168 1
0.0507 0.0324 0.08053942 1
0.0511 0.0454 0.09328187 4
0.0563 0.0515 0.10400744 2
0.0517 0.0478 0.09612742 2
0.0543 0.0503 0.10097231 1
0.058 0.0476 0.1019457 2
0.0508 0.0485 0.09593471 2
0.0491 0.0401 0.08631929 1
0.0496 0.0445 0.0909877 3
0.0545 0.0405 0.09188675 1
0.0547 0.0474 0.09860858 3
0.0511 0.0462 0.09403548 1
0.0533 0.0521 0.10172791 2
0.0587 0.0521 0.10685444 4
0.0549 0.0516 0.10277266 1
0.0512 0.0336 0.08216348 1
0.056 0.0493 0.1016435 1
0.058 0.045 0.09949367 3
0.0496 0.0466 0.09298572 5
0.0528 0.047 0.09641837 4
0.0498 0.0478 0.09431806 4
0.0547 0.0362 0.08800976 1
0.0486 0.0443 0.08983952 2
0.0474 0.0414 0.08592553 2
0.0525 0.0491 0.09812325 4
0.0448 0.0413 0.08333708 3
0.0566 0.05 0.1028781 4
0.05 0.0435 0.0904175 1
0.0521 0.0387 0.08788104 6
0.0492 0.045 0.09107936 2
0.0541 0.0513 0.10172907 1
0.0478 0.0424 0.08726248 1
0.0478 0.0425 0.08735987 2
0.0498 0.0439 0.0906066 2
0.0504 0.0491 0.09612386 1
0.0596 0.0517 0.10732898 1
0.0533 0.0457 0.09566443 6
0.0584 0.0512 0.10571866 2
0.0521 0.0518 0.10031078 4
0.0503 0.0453 0.09241825 2
0.0545 0.0492 0.1001216 2
0.0592 0.0554 0.11043392 1
0.0562 0.0535 0.10580208 2
0.0591 0.0591 0.11382439 1
0.0538 0.0451 0.09558283 6
0.056 0.0494 0.1017406 3
0.0518 0.0398 0.08863092 3
0.0497 0.0462 0.09269876 1
0.0502 0.0448 0.09184504 1
0.0509 0.0455 0.09317954 2
0.0498 0.0494 0.0958382 2
0.0581 0.0498 0.10411607 2
0.0562 0.0472 0.09985457 4
0.0479 0.047 0.0917426 1
0.0503 0.0472 0.09422234 1
0.0522 0.0437 0.09271376 1
0.0563 0.0508 0.10334891 3
0.0581 0.0438 0.09845728 2
0.047 0.0415 0.08563721 2
0.0542 0.049 0.0996464 1
0.0545 0.0468 0.09784971 2
0.0499 0.0352 0.08242846 4
0.051 0.0307 0.07921526 3
0.0544 0.0443 0.09538876 3
0.0595 0.0587 0.11382739 3
0.0485 0.0422 0.08774593 4
0.0555 0.0529 0.10457265 2
0.05 0.0474 0.09412644 2
0.0492 0.0426 0.08879488 1
0.0499 0.0469 0.09355549 1
0.0517 0.0446 0.09308948 1
0.0522 0.0417 0.09081618 2
0.0487 0.0399 0.08574447 1
0.0577 0.0499 0.10382739 2
0.0515 0.0435 0.09185565 3
0.0568 0.0456 0.09891132 1
0.0555 0.0497 0.10154585 1
0.0554 0.0451 0.09710361 2
0.0541 0.0436 0.09443822 2
0.0449 0.0387 0.08094497 1
0.0556 0.0385 0.0910525 1
0.0503 0.0423 0.08956481 2
0.0529 0.0493 0.09869377 3
0.0505 0.0413 0.08880515 1
0.0505 0.0447 0.09204369 2
0.0538 0.0456 0.09604512 1
0.0528 0.0474 0.09680115 3
0.0562 0.046 0.09871609 3
0.0555 0.0508 0.1025869 3
0.0547 0.0534 0.10428612 1
0.0526 0.0523 0.10125768 5
0.0506 0.0468 0.09412832 1
0.0569 0.0457 0.09910133 2
0.0478 0.0429 0.0877393 3
0.0558 0.0547 0.10655724 1
0.0546 0.0482 0.09927019 2
0.0521 0.0444 0.093284 4
0.0551 0.0549 0.10609417 5
0.054 0.0497 0.10011918 3
0.0507 0.0467 0.09412879 3
0.0531 0.0465 0.0962369 6
0.053 0.0414 0.0913028 3
0.0593 0.0529 0.1081745 2
0.0562 0.0515 0.1039167 5
0.0565 0.0421 0.09531895 1
0.0532 0.0429 0.09291472 5
0.052 0.0403 0.08929572 2
0.0504 0.0478 0.09488976 2
0.0524 0.0446 0.0937596 3
0.06 0.041 0.09764168 4
0.0535 0.0476 0.0976535 1
0.055 0.0489 0.10031396 2
0.047 0.0453 0.08926232 2
0.0545 0.0513 0.10210895 1
0.0568 0.0496 0.10268812 1
0.056 0.0489 0.10127022 4
0.0642 0.0559 0.11563032 1
0.0578 0.0323 0.08732264 2
0.0527 0.0489 0.09812414 4
0.0541 0.0505 0.10097155 1
0.0544 0.0462 0.09718659 3
0.0534 0.0454 0.09547538 3
0.0602 0.058 0.11382616 2
0.0529 0.0435 0.09319425 1
0.0558 0.0475 0.09975254 3
0.0553 0.0461 0.09795107 1
0.057 0.0498 0.1030672 1
0.0559 0.039 0.09181772 3
0.0514 0.044 0.09223462 3
0.054 0.0498 0.10021449 3
0.0535 0.0457 0.09585343 2
0.0561 0.0516 0.103912 2
0.0494 0.0484 0.09450608 2
0.0545 0.0313 0.08317973 2
0.0563 0.0527 0.10514543 3
0.0636 0.0604 0.11928318 2
0.055 0.046 0.09757275 3
0.0595 0.0483 0.1040334 4
0.0616 0.0545 0.111863 2
0.0532 0.0486 0.09832466 2
0.0518 0.0482 0.09660224 1
0.0607 0.0502 0.10696361 2
0.0531 0.043 0.0929118 1
0.0547 0.0521 0.10305859 2
0.0531 0.0431 0.09302144 3
0.0513 0.0444 0.09251718 2
0.0575 0.0505 0.10420325 1
0.0595 0.0511 0.10667005 2
0.0533 0.0452 0.09518913 4
0.0564 0.0488 0.10155272 2
0.0533 0.0376 0.08798984 3
0.0591 0.0524 0.1075138 3
0.0515 0.0455 0.09375307 3
0.0585 0.0419 0.09704903 2
0.0595 0.0416 0.0977249 1
0.0544 0.0441 0.09519864 2
0.052 0.0494 0.0979316 1
0.0595 0.0456 0.10149432 2
0.0504 0.0468 0.09394144 2
0.0515 0.0491 0.09717205 3
0.051 0.0218 0.07076 1
0.0547 0.0485 0.09964925 1
0.0498 0.0369 0.08394808 1
0.0545 0.0513 0.10211442 3
0.0549 0.0486 0.09993436 1
0.0478 0.0438 0.08859735 4
0.0528 0.041 0.09072804 2
0.0546 0.0489 0.09993945 2
0.0533 0.0404 0.0906395 2
0.0574 0.0493 0.10298057 4
0.0505 0.0492 0.0963141 1
0.0487 0.0447 0.09031557 3
0.0487 0.0495 0.09488655 1
0.0542 0.0451 0.09595418 2
0.0593 0.0541 0.10930523 2
0.0609 0.0581 0.11457985 2
0.0524 0.038 0.08750012 3
0.0523 0.038 0.08740256 5
0.0522 0.0404 0.0895828 2
0.0512 0.0408 0.08900424 3
0.0592 0.053 0.10817368 2
0.0549 0.0528 0.10391382 5
0.0583 0.0526 0.10694356 2
0.0562 0.049 0.1015504 1
0.054 0.0475 0.0980355 1
0.0507 0.0494 0.09669469 2
0.0562 0.0505 0.1029698 3
0.0569 0.0507 0.10382567 3
0.053 0.0512 0.10059476 3
0.0535 0.0508 0.1006856 2
0.0519 0.0465 0.09509527 2
0.0558 0.0439 0.09635043 3
0.0539 0.0513 0.10153913 1
0.051 0.0438 0.09166108 2
0.0525 0.048 0.0970795 1
0.0626 0.0478 0.10651712 1
0.0492 0.0463 0.0923186 4
0.0572 0.0497 0.10317074 3
0.0564 0.0501 0.10277994 2
0.0575 0.053 0.1065644 2
0.0565 0.053 0.10562213 4
0.0513 0.0436 0.09175724 2
0.0563 0.0493 0.10192901 1
0.0557 0.0547 0.1064627 3
0.0517 0.0458 0.09422966 2
0.0517 0.0375 0.08634972 3
0.0504 0.0453 0.09251158 1
0.0572 0.0456 0.0992936 2
0.0484 0.0448 0.09012696 4
0.0565 0.0472 0.10014164 3
0.0559 0.0406 0.09332596 1
0.0575 0.0515 0.10515159 4
0.0548 0.047 0.0983252 1
0.0533 0.055 0.1044758 1
0.0556 0.047 0.0990898 2
0.0605 0.0473 0.10404515 1
0.0673 0.0532 0.11603914 1
0.0578 0.0449 0.09920649 2
0.0536 0.0499 0.09992786 1
0.0563 0.0537 0.1060859 2
0.0562 0.047 0.0996608 1
0.0485 0.0445 0.08993815 2
0.0549 0.046 0.0974745 1
0.0593 0.0559 0.11100233 3
0.0566 0.0501 0.10297102 2
0.0583 0.0487 0.10326679 1
0.0589 0.0531 0.10798341 1
0.0522 0.0461 0.09499146 3
0.048 0.0467 0.09155218 2
0.0446 0.0428 0.08457757 2
0.0527 0.0506 0.09973892 4
0.0555 0.0474 0.0993712 1
0.053 0.0451 0.0948068 1
0.0567 0.0514 0.10429718 3
0.0538 0.0431 0.09367712 1
0.0567 0.0503 0.10325508 4
0.0573 0.054 0.1073167 2
0.0528 0.047 0.09641752 2
0.0551 0.0534 0.10466935 3
0.0514 0.0471 0.09517706 3
0.0573 0.0452 0.09901586 2
0.0531 0.0481 0.09774639 3
0.0561 0.0564 0.10845342 3
0.0543 0.0479 0.09870023 1
0.0555 0.0468 0.0988039 1
0.0503 0.0398 0.08718716 1
0.0528 0.0475 0.09689312 3
0.0577 0.0468 0.10090323 2
0.0566 0.0496 0.10249811 4
0.0576 0.049 0.10288467 3
0.0544 0.0509 0.10163794 3
0.0604 0.0546 0.11081616 1
0.0486 0.0411 0.08679133 2
0.054 0.0465 0.0970885 1
0.0569 0.0503 0.10344589 3
0.0534 0.0491 0.09898286 2
0.061 0.0518 0.10875304 2
0.054 0.0434 0.09415351 4
0.0522 0.0428 0.09185984 1
0.05 0.0433 0.0902273 1
0.0492 0.0414 0.08765282 2
0.0591 0.0513 0.10647757 1
0.0551 0.0481 0.09965189 1
0.0621 0.0539 0.11176811 2
0.0494 0.0412 0.08765432 1
0.0494 0.0392 0.08575202 2
0.057 0.0489 0.10221872 2
0.0528 0.047 0.09641732 2
0.0543 0.0488 0.09956104 4
0.0583 0.0517 0.10609489 1
0.0582 0.0559 0.10996244 3
0.0553 0.0435 0.09549246 3
0.052 0.0413 0.0902447 1
0.0567 0.0555 0.10816435 1
0.0587 0.0445 0.09969105 2
0.0571 0.0548 0.10788182 1
0.0531 0.0477 0.09736693 1
0.0562 0.0388 0.09191668 5
0.0586 0.0474 0.10232766 2
0.0537 0.0504 0.10049677 2
0.0542 0.0474 0.0981316 2
0.0569 0.0501 0.10325903 2
0.0617 0.0549 0.11232859 2
0.0533 0.043 0.09311165 2
0.0601 0.0487 0.10498093 1
0.0604 0.0488 0.10536088 2
0.0665 0.0576 0.11939417 5
0.0531 0.0451 0.09490239 1
0.0573 0.0403 0.09438741 1
0.0576 0.0493 0.10316622 1
0.057 0.0466 0.10004808 2
0.0512 0.0517 0.09935486 1
0.0513 0.0386 0.087011 3
0.0536 0.048 0.09812829 2
0.0567 0.0481 0.10117733 2
0.0581 0.0434 0.09807896 1
0.057 0.042 0.0957043 2
0.0545 0.0511 0.10191991 2
0.0556 0.0523 0.10409926 3
0.0576 0.048 0.10194061 3
0.0568 0.0522 0.10514513 2
0.0497 0.0426 0.08927408 1
0.0575 0.0434 0.0975044 1
0.0577 0.0518 0.10561964 1
0.0594 0.0446 0.10045751 2
0.0551 0.0489 0.10040881 2
0.051 0.0459 0.09365536 2
0.0562 0.0505 0.1029676 1
0.0466 0.0386 0.08248627 3
0.0575 0.0464 0.10033598 2
0.0565 0.0433 0.09645248 2
0.0576 0.0424 0.09665796 2
0.0586 0.0532 0.10779338 3
0.0532 0.0452 0.09509276 1
0.0536 0.046 0.096233 1
0.0597 0.0405 0.09688159 2
0.0643 0.0551 0.11497575 2
0.0594 0.0452 0.10102375 4
0.0584 0.0483 0.1029854 3
0.0543 0.0492 0.09993101 2
0.0549 0.0514 0.10258414 2
0.0494 0.0297 0.076711 2
0.0569 0.0553 0.10816463 1
0.0513 0.0458 0.09384922 4
0.056 0.0442 0.096824 1
0.0537 0.0417 0.09225519 2
0.0619 0.0492 0.10716978 5
0.0542 0.0493 0.09993251 4
0.0551 0.0429 0.09473373 2
0.0517 0.0458 0.09422995 4
0.0597 0.0539 0.10949639 2
0.0508 0.0384 0.08633748 1
0.0534 0.0485 0.098411 1
0.0538 0.0456 0.09604512 1
0.0561 0.0546 0.10674664 1
0.0539 0.0448 0.09538298 1