../../problems/clp/benchs/BRrw-d/BRrw-d1.txt -i 19 --min_fr=1.0 0.043600 0.053300
../../problems/clp/benchs/BRrw-d/BRrw-d1.txt -i 28 --min_fr=1.0 0.034100 0.044100
../../problems/clp/benchs/BRrw-d/BRrw-d1.txt -i 29 --min_fr=1.0 0.018900 0.024300
../../problems/clp/benchs/BRrw-d/BRrw-d2.txt -i 78 --min_fr=1.0 0.022000 0.027300
../../problems/clp/benchs/BRrw-d/BRrw-d2.txt -i 85 --min_fr=1.0 0.029300 0.035800
../../problems/clp/benchs/BRrw-d/BRrw-d2.txt -i 87 --min_fr=1.0 0.037200 0.046900
../../problems/clp/benchs/BRrw-d/BRrw-d2.txt -i 96 --min_fr=1.0 0.028900 0.035600
../../problems/clp/benchs/BRrw-d/BRrw-d3.txt -i 42 --min_fr=1.0 0.043400 0.053800
../../problems/clp/benchs/BRrw-d/BRrw-d3.txt -i 45 --min_fr=1.0 0.034400 0.042600
../../problems/clp/benchs/BRrw-d/BRrw-d3.txt -i 58 --min_fr=1.0 0.025600 0.031500
../../problems/clp/benchs/BRrw-d/BRrw-d3.txt -i 88 --min_fr=1.0 0.045900 0.056200
../../problems/clp/benchs/BRrw-d/BRrw-d4.txt -i 16 --min_fr=1.0 0.039900 0.048700
../../problems/clp/benchs/BRrw-d/BRrw-d4.txt -i 58 --min_fr=1.0 0.025200 0.031100
../../problems/clp/benchs/BRrw-d/BRrw-d4.txt -i 76 --min_fr=1.0 0.027000 0.033500
../../problems/clp/benchs/BRrw-d/BRrw-d5.txt -i 10 --min_fr=1.0 0.029000 0.038900
../../problems/clp/benchs/BRrw-d/BRrw-d6.txt -i 13 --min_fr=1.0 0.026900 0.033000
../../problems/clp/benchs/BRrw-d/BRrw-d6.txt -i 27 --min_fr=1.0 0.033100 0.040200
../../problems/clp/benchs/BRrw-d/BRrw-d7.txt -i 31 --min_fr=1.0 0.029300 0.036500
../../problems/clp/benchs/BRrw-d/BRrw-d7.txt -i 46 --min_fr=1.0 0.035900 0.044100
../../problems/clp/benchs/BRrw-d/BRrw-d9.txt -i 21 --min_fr=0.98 0.046000 0.056300
../../problems/clp/benchs/BRrw-d/BRrw-d10.txt -i 25 --min_fr=0.98 0.039700 0.047800
../../problems/clp/benchs/BRrw-d/BRrw-d12.txt -i 33 --min_fr=0.98 0.050700 0.062100
../../problems/clp/benchs/BRrw-d/BRrw-d13.txt -i 76 --min_fr=0.98 0.047000 0.057500
../../problems/clp/benchs/BRrw-d/BRrw-d14.txt -i 93 --min_fr=0.98 0.044600 0.056300
