0.2960 +- -1.00 (1)
0.3095 +- -1.00 (1)
0.2496 +- -1.00 (1)
0.2945 +- -1.00 (1)
0.3159 +- -1.00 (1)
0.2448 +- -1.00 (1)
0.2477 +- -1.00 (1)
0.2607 +- -1.00 (1)
0.2811 +- -1.00 (1)
0.2683 +- -1.00 (1)
0.2584 +- -1.00 (1)
0.2784 +- -1.00 (1)
0.2407 +- -1.00 (1)
0.2647 +- -1.00 (1)
0.2576 +- -1.00 (1)
0.3180 +- -1.00 (1)
0.2655 +- -1.00 (1)
0.2988 +- -1.00 (1)
0.3180 +- -1.00 (1)
0.2625 +- -1.00 (1)
0.3091 +- -1.00 (1)
0.2929 +- -1.00 (1)
0.2811 +- -1.00 (1)
0.2740 +- -1.00 (1)
0.2833 +- -1.00 (1)
0.2562 +- -1.00 (1)
0.3101 +- -1.00 (1)
0.2422 +- -1.00 (1)
0.2802 +- -1.00 (1)
0.2924 +- -1.00 (1)
0.3204 +- -1.00 (1)
0.2909 +- -1.00 (1)
0.2730 +- -1.00 (1)
0.2874 +- -1.00 (1)
0.2691 +- -1.00 (1)
0.2735 +- -1.00 (1)
0.2538 +- -1.00 (1)
0.2891 +- -1.00 (1)
0.2916 +- -1.00 (1)
0.2873 +- -1.00 (1)
0.2736 +- -1.00 (1)
0.2876 +- -1.00 (1)
0.2674 +- -1.00 (1)
0.2743 +- -1.00 (1)
0.3183 +- -1.00 (1)
0.2677 +- -1.00 (1)
0.2837 +- -1.00 (1)
0.2772 +- -1.00 (1)
0.2543 +- -1.00 (1)
0.2692 +- -1.00 (1)
0.2802 +- -1.00 (1)
0.2908 +- -1.00 (1)
0.2613 +- -1.00 (1)
0.2316 +- -1.00 (1)
0.2964 +- -1.00 (1)
0.2744 +- -1.00 (1)
0.2889 +- -1.00 (1)
0.2556 +- -1.00 (1)
0.2754 +- -1.00 (1)
0.3006 +- -1.00 (1)
0.2741 +- -1.00 (1)
0.2708 +- -1.00 (1)
0.2971 +- -1.00 (1)
0.3223 +- -1.00 (1)
0.2824 +- -1.00 (1)
0.2772 +- -1.00 (1)
0.2773 +- -1.00 (1)
0.3087 +- -1.00 (1)
0.2848 +- -1.00 (1)
0.2741 +- -1.00 (1)
0.2398 +- -1.00 (1)
0.2547 +- -1.00 (1)
0.2516 +- -1.00 (1)
0.2745 +- -1.00 (1)
0.2767 +- -1.00 (1)
0.2974 +- -1.00 (1)
0.2626 +- -1.00 (1)
0.3645 +- -1.00 (1)
0.2984 +- -1.00 (1)
0.2540 +- -1.00 (1)
0.3135 +- -1.00 (1)
0.3003 +- -1.00 (1)
0.2945 +- -1.00 (1)
0.2790 +- -1.00 (1)
0.2727 +- -1.00 (1)
0.2802 +- -1.00 (1)
0.3119 +- -1.00 (1)
0.2717 +- -1.00 (1)
0.3307 +- -1.00 (1)
0.2904 +- -1.00 (1)
0.2516 +- -1.00 (1)
0.3017 +- -1.00 (1)
0.2729 +- -1.00 (1)
0.2904 +- -1.00 (1)
0.2471 +- -1.00 (1)
0.2997 +- -1.00 (1)
0.2710 +- -1.00 (1)
0.3101 +- -1.00 (1)
0.2600 +- -1.00 (1)
0.2564 +- -1.00 (1)
0.5876 +- -1.00 (1)
0.5783 +- -1.00 (1)
0.5618 +- -1.00 (1)
0.5986 +- -1.00 (1)
0.6172 +- -1.00 (1)
0.5699 +- -1.00 (1)
0.6149 +- -1.00 (1)
0.5937 +- -1.00 (1)
0.5939 +- -1.00 (1)
0.5887 +- -1.00 (1)
0.6122 +- -1.00 (1)
0.5885 +- -1.00 (1)
0.6040 +- -1.00 (1)
0.5653 +- -1.00 (1)
0.6105 +- -1.00 (1)
0.5784 +- -1.00 (1)
0.6123 +- -1.00 (1)
0.5968 +- -1.00 (1)
0.5784 +- -1.00 (1)
0.6177 +- -1.00 (1)
0.5768 +- -1.00 (1)
0.5954 +- -1.00 (1)
0.5918 +- -1.00 (1)
0.5814 +- -1.00 (1)
0.5927 +- -1.00 (1)
0.6380 +- -1.00 (1)
0.6025 +- -1.00 (1)
0.5859 +- -1.00 (1)
0.6040 +- -1.00 (1)
0.6033 +- -1.00 (1)
0.5976 +- -1.00 (1)
0.5765 +- -1.00 (1)
0.5861 +- -1.00 (1)
0.6187 +- -1.00 (1)
0.5863 +- -1.00 (1)
0.5891 +- -1.00 (1)
0.6021 +- -1.00 (1)
0.5903 +- -1.00 (1)
0.6114 +- -1.00 (1)
0.6042 +- -1.00 (1)
0.6025 +- -1.00 (1)
0.5924 +- -1.00 (1)
0.5630 +- -1.00 (1)
0.5964 +- -1.00 (1)
0.5704 +- -1.00 (1)
0.6067 +- -1.00 (1)
0.6018 +- -1.00 (1)
0.6077 +- -1.00 (1)
0.5914 +- -1.00 (1)
0.6181 +- -1.00 (1)
0.5922 +- -1.00 (1)
0.5894 +- -1.00 (1)
0.5726 +- -1.00 (1)
0.5938 +- -1.00 (1)
0.6022 +- -1.00 (1)
0.6104 +- -1.00 (1)
0.6077 +- -1.00 (1)
0.5981 +- -1.00 (1)
0.5846 +- -1.00 (1)
0.5859 +- -1.00 (1)
0.5977 +- -1.00 (1)
0.6219 +- -1.00 (1)
0.5881 +- -1.00 (1)
0.6126 +- -1.00 (1)
0.5924 +- -1.00 (1)
0.5731 +- -1.00 (1)
0.5779 +- -1.00 (1)
0.6205 +- -1.00 (1)
0.6013 +- -1.00 (1)
0.6053 +- -1.00 (1)
0.6093 +- -1.00 (1)
0.6030 +- -1.00 (1)
0.6072 +- -1.00 (1)
0.6002 +- -1.00 (1)
0.6015 +- -1.00 (1)
0.5876 +- -1.00 (1)
0.5847 +- -1.00 (1)
0.6025 +- -1.00 (1)
0.5914 +- -1.00 (1)
0.5923 +- -1.00 (1)
0.5795 +- -1.00 (1)
0.6042 +- -1.00 (1)
0.5807 +- -1.00 (1)
0.5593 +- -1.00 (1)
0.5970 +- -1.00 (1)
0.5855 +- -1.00 (1)
0.5886 +- -1.00 (1)
0.6168 +- -1.00 (1)
0.5934 +- -1.00 (1)
0.6147 +- -1.00 (1)
0.5640 +- -1.00 (1)
0.6109 +- -1.00 (1)
0.5879 +- -1.00 (1)
0.5867 +- -1.00 (1)
0.6136 +- -1.00 (1)
0.6034 +- -1.00 (1)
0.5970 +- -1.00 (1)
0.6106 +- -1.00 (1)
0.6163 +- -1.00 (1)
0.5951 +- -1.00 (1)
0.3716 +- -1.00 (1)
0.3458 +- -1.00 (1)
0.3411 +- -1.00 (1)
0.3728 +- -1.00 (1)
0.3183 +- -1.00 (1)
0.3381 +- -1.00 (1)
0.3687 +- -1.00 (1)
0.3919 +- -1.00 (1)
0.4086 +- -1.00 (1)
0.3375 +- -1.00 (1)
0.2763 +- -1.00 (1)
0.4000 +- -1.00 (1)
0.3776 +- -1.00 (1)
0.4009 +- -1.00 (1)
0.3541 +- -1.00 (1)
0.3836 +- -1.00 (1)
0.3257 +- -1.00 (1)
0.3332 +- -1.00 (1)
0.3836 +- -1.00 (1)
0.3771 +- -1.00 (1)
0.4007 +- -1.00 (1)
0.3803 +- -1.00 (1)
0.3758 +- -1.00 (1)
0.3199 +- -1.00 (1)
0.4022 +- -1.00 (1)
0.3680 +- -1.00 (1)
0.3857 +- -1.00 (1)
0.4162 +- -1.00 (1)
0.3715 +- -1.00 (1)
0.3423 +- -1.00 (1)
0.4476 +- -1.00 (1)
0.3954 +- -1.00 (1)
0.3133 +- -1.00 (1)
0.3953 +- -1.00 (1)
0.3300 +- -1.00 (1)
0.3454 +- -1.00 (1)
0.3575 +- -1.00 (1)
0.3709 +- -1.00 (1)
0.4224 +- -1.00 (1)
0.3511 +- -1.00 (1)
0.3327 +- -1.00 (1)
0.3362 +- -1.00 (1)
0.3779 +- -1.00 (1)
0.3616 +- -1.00 (1)
0.3752 +- -1.00 (1)
0.3296 +- -1.00 (1)
0.3913 +- -1.00 (1)
0.3422 +- -1.00 (1)
0.3867 +- -1.00 (1)
0.3494 +- -1.00 (1)
0.3453 +- -1.00 (1)
0.3834 +- -1.00 (1)
0.3368 +- -1.00 (1)
0.3334 +- -1.00 (1)
0.3894 +- -1.00 (1)
0.3891 +- -1.00 (1)
0.3914 +- -1.00 (1)
0.4269 +- -1.00 (1)
0.3451 +- -1.00 (1)
0.3874 +- -1.00 (1)
0.3527 +- -1.00 (1)
0.3676 +- -1.00 (1)
0.4106 +- -1.00 (1)
0.4236 +- -1.00 (1)
0.3608 +- -1.00 (1)
0.3614 +- -1.00 (1)
0.3534 +- -1.00 (1)
0.3451 +- -1.00 (1)
0.3767 +- -1.00 (1)
0.4609 +- -1.00 (1)
0.3439 +- -1.00 (1)
0.3727 +- -1.00 (1)
0.3714 +- -1.00 (1)
0.3664 +- -1.00 (1)
0.3507 +- -1.00 (1)
0.3393 +- -1.00 (1)
0.3100 +- -1.00 (1)
0.3454 +- -1.00 (1)
0.4189 +- -1.00 (1)
0.4104 +- -1.00 (1)
0.3379 +- -1.00 (1)
0.3498 +- -1.00 (1)
0.3831 +- -1.00 (1)
0.3802 +- -1.00 (1)
0.4022 +- -1.00 (1)
0.3392 +- -1.00 (1)
0.4033 +- -1.00 (1)
0.3522 +- -1.00 (1)
0.3561 +- -1.00 (1)
0.3519 +- -1.00 (1)
0.3541 +- -1.00 (1)
0.3780 +- -1.00 (1)
0.4028 +- -1.00 (1)
0.3244 +- -1.00 (1)
0.3639 +- -1.00 (1)
0.3896 +- -1.00 (1)
0.3624 +- -1.00 (1)
0.4163 +- -1.00 (1)
0.3491 +- -1.00 (1)
0.3725 +- -1.00 (1)
0.2082 +- -1.00 (1)
0.2052 +- -1.00 (1)
0.2342 +- -1.00 (1)
0.2743 +- -1.00 (1)
0.2224 +- -1.00 (1)
0.2306 +- -1.00 (1)
0.2256 +- -1.00 (1)
0.2609 +- -1.00 (1)
0.2591 +- -1.00 (1)
0.2569 +- -1.00 (1)
0.2868 +- -1.00 (1)
0.2448 +- -1.00 (1)
0.2393 +- -1.00 (1)
0.2464 +- -1.00 (1)
0.2403 +- -1.00 (1)
0.2157 +- -1.00 (1)
0.2572 +- -1.00 (1)
0.2510 +- -1.00 (1)
0.2157 +- -1.00 (1)
0.2547 +- -1.00 (1)
0.2148 +- -1.00 (1)
0.2713 +- -1.00 (1)
0.2443 +- -1.00 (1)
0.2227 +- -1.00 (1)
0.2617 +- -1.00 (1)
0.2614 +- -1.00 (1)
0.2702 +- -1.00 (1)
0.2822 +- -1.00 (1)
0.2738 +- -1.00 (1)
0.2408 +- -1.00 (1)
0.2596 +- -1.00 (1)
0.2584 +- -1.00 (1)
0.1779 +- -1.00 (1)
0.2637 +- -1.00 (1)
0.1945 +- -1.00 (1)
0.2486 +- -1.00 (1)
0.2662 +- -1.00 (1)
0.2442 +- -1.00 (1)
0.2172 +- -1.00 (1)
0.2000 +- -1.00 (1)
0.2568 +- -1.00 (1)
0.2141 +- -1.00 (1)
0.2330 +- -1.00 (1)
0.2337 +- -1.00 (1)
0.2226 +- -1.00 (1)
0.2194 +- -1.00 (1)
0.2265 +- -1.00 (1)
0.2903 +- -1.00 (1)
0.2378 +- -1.00 (1)
0.2591 +- -1.00 (1)
0.2500 +- -1.00 (1)
0.2300 +- -1.00 (1)
0.2679 +- -1.00 (1)
0.2029 +- -1.00 (1)
0.1933 +- -1.00 (1)
0.2060 +- -1.00 (1)
0.2525 +- -1.00 (1)
0.2389 +- -1.00 (1)
0.2554 +- -1.00 (1)
0.2439 +- -1.00 (1)
0.2279 +- -1.00 (1)
0.2130 +- -1.00 (1)
0.2563 +- -1.00 (1)
0.2552 +- -1.00 (1)
0.2275 +- -1.00 (1)
0.2474 +- -1.00 (1)
0.1493 +- -1.00 (1)
0.2538 +- -1.00 (1)
0.2707 +- -1.00 (1)
0.2568 +- -1.00 (1)
0.2343 +- -1.00 (1)
0.2257 +- -1.00 (1)
0.2278 +- -1.00 (1)
0.2146 +- -1.00 (1)
0.2331 +- -1.00 (1)
0.2265 +- -1.00 (1)
0.2220 +- -1.00 (1)
0.2111 +- -1.00 (1)
0.2797 +- -1.00 (1)
0.2910 +- -1.00 (1)
0.2555 +- -1.00 (1)
0.2102 +- -1.00 (1)
0.2356 +- -1.00 (1)
0.2593 +- -1.00 (1)
0.2259 +- -1.00 (1)
0.2087 +- -1.00 (1)
0.2608 +- -1.00 (1)
0.2185 +- -1.00 (1)
0.2303 +- -1.00 (1)
0.2413 +- -1.00 (1)
0.2153 +- -1.00 (1)
0.2446 +- -1.00 (1)
0.2203 +- -1.00 (1)
0.2181 +- -1.00 (1)
0.2151 +- -1.00 (1)
0.2468 +- -1.00 (1)
0.2130 +- -1.00 (1)
0.2632 +- -1.00 (1)
0.2619 +- -1.00 (1)
0.2571 +- -1.00 (1)
0.5154 +- -1.00 (1)
0.5258 +- -1.00 (1)
0.5439 +- -1.00 (1)
0.5046 +- -1.00 (1)
0.5137 +- -1.00 (1)
0.5090 +- -1.00 (1)
0.5156 +- -1.00 (1)
0.5109 +- -1.00 (1)
0.5032 +- -1.00 (1)
0.5255 +- -1.00 (1)
0.5346 +- -1.00 (1)
0.5315 +- -1.00 (1)
0.5384 +- -1.00 (1)
0.5407 +- -1.00 (1)
0.5035 +- -1.00 (1)
0.5202 +- -1.00 (1)
0.5079 +- -1.00 (1)
0.5371 +- -1.00 (1)
0.5202 +- -1.00 (1)
0.5280 +- -1.00 (1)
0.4817 +- -1.00 (1)
0.5179 +- -1.00 (1)
0.4937 +- -1.00 (1)
0.5401 +- -1.00 (1)
0.5478 +- -1.00 (1)
0.5427 +- -1.00 (1)
0.5302 +- -1.00 (1)
0.5318 +- -1.00 (1)
0.5083 +- -1.00 (1)
0.5257 +- -1.00 (1)
0.5331 +- -1.00 (1)
0.5244 +- -1.00 (1)
0.4915 +- -1.00 (1)
0.5259 +- -1.00 (1)
0.5171 +- -1.00 (1)
0.5251 +- -1.00 (1)
0.5166 +- -1.00 (1)
0.5121 +- -1.00 (1)
0.5292 +- -1.00 (1)
0.5279 +- -1.00 (1)
0.5025 +- -1.00 (1)
0.5383 +- -1.00 (1)
0.5015 +- -1.00 (1)
0.5280 +- -1.00 (1)
0.5413 +- -1.00 (1)
0.4596 +- -1.00 (1)
0.5042 +- -1.00 (1)
0.5064 +- -1.00 (1)
0.5145 +- -1.00 (1)
0.5060 +- -1.00 (1)
0.5394 +- -1.00 (1)
0.5159 +- -1.00 (1)
0.5341 +- -1.00 (1)
0.5285 +- -1.00 (1)
0.5405 +- -1.00 (1)
0.5276 +- -1.00 (1)
0.5164 +- -1.00 (1)
0.5432 +- -1.00 (1)
0.5033 +- -1.00 (1)
0.5449 +- -1.00 (1)
0.5246 +- -1.00 (1)
0.5596 +- -1.00 (1)
0.4973 +- -1.00 (1)
0.5503 +- -1.00 (1)
0.5161 +- -1.00 (1)
0.5288 +- -1.00 (1)
0.4633 +- -1.00 (1)
0.5011 +- -1.00 (1)
0.5299 +- -1.00 (1)
0.5283 +- -1.00 (1)
0.5343 +- -1.00 (1)
0.5513 +- -1.00 (1)
0.5091 +- -1.00 (1)
0.5060 +- -1.00 (1)
0.5420 +- -1.00 (1)
0.5194 +- -1.00 (1)
0.4815 +- -1.00 (1)
0.4926 +- -1.00 (1)
0.5168 +- -1.00 (1)
0.5210 +- -1.00 (1)
0.4986 +- -1.00 (1)
0.4911 +- -1.00 (1)
0.5543 +- -1.00 (1)
0.5528 +- -1.00 (1)
0.5148 +- -1.00 (1)
0.5016 +- -1.00 (1)
0.5094 +- -1.00 (1)
0.5610 +- -1.00 (1)
0.5094 +- -1.00 (1)
0.5137 +- -1.00 (1)
0.5575 +- -1.00 (1)
0.5496 +- -1.00 (1)
0.5256 +- -1.00 (1)
0.5180 +- -1.00 (1)
0.4830 +- -1.00 (1)
0.5278 +- -1.00 (1)
0.5326 +- -1.00 (1)
0.5481 +- -1.00 (1)
0.5182 +- -1.00 (1)
0.5068 +- -1.00 (1)
0.5276 +- -1.00 (1)
0.5102 +- -1.00 (1)
0.5265 +- -1.00 (1)
0.5354 +- -1.00 (1)
0.5280 +- -1.00 (1)
0.5519 +- -1.00 (1)
0.5101 +- -1.00 (1)
0.5209 +- -1.00 (1)
0.5176 +- -1.00 (1)
0.5257 +- -1.00 (1)
0.5531 +- -1.00 (1)
0.5137 +- -1.00 (1)
0.5224 +- -1.00 (1)
0.5271 +- -1.00 (1)
0.5107 +- -1.00 (1)
0.5288 +- -1.00 (1)
0.5556 +- -1.00 (1)
0.4987 +- -1.00 (1)
0.5288 +- -1.00 (1)
0.5167 +- -1.00 (1)
0.5210 +- -1.00 (1)
0.5082 +- -1.00 (1)
0.4884 +- -1.00 (1)
0.4979 +- -1.00 (1)
0.5140 +- -1.00 (1)
0.5154 +- -1.00 (1)
0.5111 +- -1.00 (1)
0.5026 +- -1.00 (1)
0.5284 +- -1.00 (1)
0.5016 +- -1.00 (1)
0.5279 +- -1.00 (1)
0.5210 +- -1.00 (1)
0.5164 +- -1.00 (1)
0.5180 +- -1.00 (1)
0.4990 +- -1.00 (1)
0.5264 +- -1.00 (1)
0.5356 +- -1.00 (1)
0.5138 +- -1.00 (1)
0.5189 +- -1.00 (1)
0.5170 +- -1.00 (1)
0.5206 +- -1.00 (1)
0.5200 +- -1.00 (1)
0.5178 +- -1.00 (1)
0.5357 +- -1.00 (1)
0.4948 +- -1.00 (1)
0.5162 +- -1.00 (1)
0.5097 +- -1.00 (1)
0.5172 +- -1.00 (1)
0.4892 +- -1.00 (1)
0.5284 +- -1.00 (1)
0.5012 +- -1.00 (1)
0.5255 +- -1.00 (1)
0.5466 +- -1.00 (1)
0.5293 +- -1.00 (1)
0.5336 +- -1.00 (1)
0.5379 +- -1.00 (1)
0.5242 +- -1.00 (1)
0.5266 +- -1.00 (1)
0.5222 +- -1.00 (1)
0.5227 +- -1.00 (1)
0.5452 +- -1.00 (1)
0.5453 +- -1.00 (1)
0.5273 +- -1.00 (1)
0.5260 +- -1.00 (1)
0.5213 +- -1.00 (1)
0.5085 +- -1.00 (1)
0.5021 +- -1.00 (1)
0.5445 +- -1.00 (1)
0.5240 +- -1.00 (1)
0.5043 +- -1.00 (1)
0.5340 +- -1.00 (1)
0.5228 +- -1.00 (1)
0.5202 +- -1.00 (1)
0.4880 +- -1.00 (1)
0.5390 +- -1.00 (1)
0.4929 +- -1.00 (1)
0.5263 +- -1.00 (1)
0.5102 +- -1.00 (1)
0.5296 +- -1.00 (1)
0.4962 +- -1.00 (1)
0.5081 +- -1.00 (1)
0.4874 +- -1.00 (1)
0.5358 +- -1.00 (1)
0.5094 +- -1.00 (1)
0.5166 +- -1.00 (1)
0.5175 +- -1.00 (1)
0.5202 +- -1.00 (1)
0.5209 +- -1.00 (1)
0.5167 +- -1.00 (1)
0.5035 +- -1.00 (1)
0.5144 +- -1.00 (1)
0.5343 +- -1.00 (1)
0.5104 +- -1.00 (1)
0.5394 +- -1.00 (1)
0.5226 +- -1.00 (1)
0.5058 +- -1.00 (1)
0.4838 +- -1.00 (1)
0.5120 +- -1.00 (1)
0.5224 +- -1.00 (1)
0.5461 +- -1.00 (1)
0.3112 +- -1.00 (1)
0.3239 +- -1.00 (1)
0.3121 +- -1.00 (1)
0.3331 +- -1.00 (1)
0.3174 +- -1.00 (1)
0.2814 +- -1.00 (1)
0.3064 +- -1.00 (1)
0.2772 +- -1.00 (1)
0.3127 +- -1.00 (1)
0.3213 +- -1.00 (1)
0.3067 +- -1.00 (1)
0.2967 +- -1.00 (1)
0.3548 +- -1.00 (1)
0.3784 +- -1.00 (1)
0.3098 +- -1.00 (1)
0.3049 +- -1.00 (1)
0.3324 +- -1.00 (1)
0.3603 +- -1.00 (1)
0.3049 +- -1.00 (1)
0.3091 +- -1.00 (1)
0.2885 +- -1.00 (1)
0.3626 +- -1.00 (1)
0.3414 +- -1.00 (1)
0.2808 +- -1.00 (1)
0.3749 +- -1.00 (1)
0.2701 +- -1.00 (1)
0.2682 +- -1.00 (1)
0.3822 +- -1.00 (1)
0.3089 +- -1.00 (1)
0.3047 +- -1.00 (1)
0.3591 +- -1.00 (1)
0.2954 +- -1.00 (1)
0.3542 +- -1.00 (1)
0.3154 +- -1.00 (1)
0.2758 +- -1.00 (1)
0.3270 +- -1.00 (1)
0.3327 +- -1.00 (1)
0.3370 +- -1.00 (1)
0.3329 +- -1.00 (1)
0.3124 +- -1.00 (1)
0.3229 +- -1.00 (1)
0.3300 +- -1.00 (1)
0.3355 +- -1.00 (1)
0.3162 +- -1.00 (1)
0.3627 +- -1.00 (1)
0.2550 +- -1.00 (1)
0.3147 +- -1.00 (1)
0.3115 +- -1.00 (1)
0.3195 +- -1.00 (1)
0.3353 +- -1.00 (1)
0.2995 +- -1.00 (1)
0.3711 +- -1.00 (1)
0.3187 +- -1.00 (1)
0.3063 +- -1.00 (1)
0.3151 +- -1.00 (1)
0.3159 +- -1.00 (1)
0.2872 +- -1.00 (1)
0.2856 +- -1.00 (1)
0.3278 +- -1.00 (1)
0.2861 +- -1.00 (1)
0.3280 +- -1.00 (1)
0.2730 +- -1.00 (1)
0.3255 +- -1.00 (1)
0.2703 +- -1.00 (1)
0.2986 +- -1.00 (1)
0.3444 +- -1.00 (1)
0.3317 +- -1.00 (1)
0.3713 +- -1.00 (1)
0.2738 +- -1.00 (1)
0.3439 +- -1.00 (1)
0.3137 +- -1.00 (1)
0.2682 +- -1.00 (1)
0.2561 +- -1.00 (1)
0.2930 +- -1.00 (1)
0.3276 +- -1.00 (1)
0.3137 +- -1.00 (1)
0.3577 +- -1.00 (1)
0.3446 +- -1.00 (1)
0.3143 +- -1.00 (1)
0.3178 +- -1.00 (1)
0.3322 +- -1.00 (1)
0.3190 +- -1.00 (1)
0.3316 +- -1.00 (1)
0.3307 +- -1.00 (1)
0.3328 +- -1.00 (1)
0.2985 +- -1.00 (1)
0.2921 +- -1.00 (1)
0.3531 +- -1.00 (1)
0.2596 +- -1.00 (1)
0.3195 +- -1.00 (1)
0.3716 +- -1.00 (1)
0.2909 +- -1.00 (1)
0.3112 +- -1.00 (1)
0.3079 +- -1.00 (1)
0.3128 +- -1.00 (1)
0.2925 +- -1.00 (1)
0.3434 +- -1.00 (1)
0.2775 +- -1.00 (1)
0.3434 +- -1.00 (1)
0.3294 +- -1.00 (1)
0.5196 +- -1.00 (1)
0.5643 +- -1.00 (1)
0.5753 +- -1.00 (1)
0.5153 +- -1.00 (1)
0.5205 +- -1.00 (1)
0.5215 +- -1.00 (1)
0.5647 +- -1.00 (1)
0.5616 +- -1.00 (1)
0.5704 +- -1.00 (1)
0.4917 +- -1.00 (1)
0.5538 +- -1.00 (1)
0.5342 +- -1.00 (1)
0.5367 +- -1.00 (1)
0.5333 +- -1.00 (1)
0.5280 +- -1.00 (1)
0.5922 +- -1.00 (1)
0.5112 +- -1.00 (1)
0.5810 +- -1.00 (1)
0.5922 +- -1.00 (1)
0.5519 +- -1.00 (1)
0.5708 +- -1.00 (1)
0.5159 +- -1.00 (1)
0.5740 +- -1.00 (1)
0.5316 +- -1.00 (1)
0.5085 +- -1.00 (1)
0.4961 +- -1.00 (1)
0.4977 +- -1.00 (1)
0.5230 +- -1.00 (1)
0.4884 +- -1.00 (1)
0.5629 +- -1.00 (1)
0.5399 +- -1.00 (1)
0.5580 +- -1.00 (1)
0.5445 +- -1.00 (1)
0.5409 +- -1.00 (1)
0.5018 +- -1.00 (1)
0.5668 +- -1.00 (1)
0.5307 +- -1.00 (1)
0.5504 +- -1.00 (1)
0.5397 +- -1.00 (1)
0.5030 +- -1.00 (1)
0.5545 +- -1.00 (1)
0.5327 +- -1.00 (1)
0.5270 +- -1.00 (1)
0.5727 +- -1.00 (1)
0.5728 +- -1.00 (1)
0.5612 +- -1.00 (1)
0.5455 +- -1.00 (1)
0.5045 +- -1.00 (1)
0.5654 +- -1.00 (1)
0.5615 +- -1.00 (1)
0.5653 +- -1.00 (1)
0.5350 +- -1.00 (1)
0.5432 +- -1.00 (1)
0.4771 +- -1.00 (1)
0.5788 +- -1.00 (1)
0.5428 +- -1.00 (1)
0.5756 +- -1.00 (1)
0.5979 +- -1.00 (1)
0.5410 +- -1.00 (1)
0.5524 +- -1.00 (1)
0.5398 +- -1.00 (1)
0.5673 +- -1.00 (1)
0.5122 +- -1.00 (1)
0.5730 +- -1.00 (1)
0.5421 +- -1.00 (1)
0.5464 +- -1.00 (1)
0.5135 +- -1.00 (1)
0.5193 +- -1.00 (1)
0.5692 +- -1.00 (1)
0.5098 +- -1.00 (1)
0.4882 +- -1.00 (1)
0.5446 +- -1.00 (1)
0.5372 +- -1.00 (1)
0.5517 +- -1.00 (1)
0.5216 +- -1.00 (1)
0.5480 +- -1.00 (1)
0.5136 +- -1.00 (1)
0.5370 +- -1.00 (1)
0.5055 +- -1.00 (1)
0.5431 +- -1.00 (1)
0.5367 +- -1.00 (1)
0.5354 +- -1.00 (1)
0.5031 +- -1.00 (1)
0.5879 +- -1.00 (1)
0.5071 +- -1.00 (1)
0.5693 +- -1.00 (1)
0.5996 +- -1.00 (1)
0.5696 +- -1.00 (1)
0.5374 +- -1.00 (1)
0.5366 +- -1.00 (1)
0.5855 +- -1.00 (1)
0.5208 +- -1.00 (1)
0.5807 +- -1.00 (1)
0.5875 +- -1.00 (1)
0.5921 +- -1.00 (1)
0.5668 +- -1.00 (1)
0.4908 +- -1.00 (1)
0.5743 +- -1.00 (1)
0.5628 +- -1.00 (1)
0.5537 +- -1.00 (1)
0.5442 +- -1.00 (1)
0.5024 +- -1.00 (1)
0.5193 +- -1.00 (1)
0.5600 +- -1.00 (1)
0.5014 +- -1.00 (1)
0.5271 +- -1.00 (1)
0.5258 +- -1.00 (1)
0.5104 +- -1.00 (1)
0.5451 +- -1.00 (1)
0.5256 +- -1.00 (1)
0.5347 +- -1.00 (1)
0.5152 +- -1.00 (1)
0.5363 +- -1.00 (1)
0.5720 +- -1.00 (1)
0.5699 +- -1.00 (1)
0.5454 +- -1.00 (1)
0.5437 +- -1.00 (1)
0.5245 +- -1.00 (1)
0.5332 +- -1.00 (1)
0.5484 +- -1.00 (1)
0.5062 +- -1.00 (1)
0.5651 +- -1.00 (1)
0.5035 +- -1.00 (1)
0.5430 +- -1.00 (1)
0.5353 +- -1.00 (1)
0.5305 +- -1.00 (1)
0.4924 +- -1.00 (1)
0.4891 +- -1.00 (1)
0.5357 +- -1.00 (1)
0.5647 +- -1.00 (1)
0.5398 +- -1.00 (1)
0.5470 +- -1.00 (1)
0.5431 +- -1.00 (1)
0.5164 +- -1.00 (1)
0.5692 +- -1.00 (1)
0.5461 +- -1.00 (1)
0.5266 +- -1.00 (1)
0.5071 +- -1.00 (1)
0.5350 +- -1.00 (1)
0.4952 +- -1.00 (1)
0.5520 +- -1.00 (1)
0.5176 +- -1.00 (1)
0.5144 +- -1.00 (1)
0.5132 +- -1.00 (1)
0.5347 +- -1.00 (1)
0.5166 +- -1.00 (1)
0.5775 +- -1.00 (1)
0.5314 +- -1.00 (1)
0.5184 +- -1.00 (1)
0.5758 +- -1.00 (1)
0.4969 +- -1.00 (1)
0.5075 +- -1.00 (1)
0.5292 +- -1.00 (1)
0.5286 +- -1.00 (1)
0.5371 +- -1.00 (1)
0.5388 +- -1.00 (1)
0.5092 +- -1.00 (1)
0.5708 +- -1.00 (1)
0.5370 +- -1.00 (1)
0.4815 +- -1.00 (1)
0.5043 +- -1.00 (1)
0.5133 +- -1.00 (1)
0.5150 +- -1.00 (1)
0.5431 +- -1.00 (1)
0.5475 +- -1.00 (1)
0.5095 +- -1.00 (1)
0.5517 +- -1.00 (1)
0.5157 +- -1.00 (1)
0.5232 +- -1.00 (1)
0.5239 +- -1.00 (1)
0.5352 +- -1.00 (1)
0.5224 +- -1.00 (1)
0.5280 +- -1.00 (1)
0.5118 +- -1.00 (1)
0.5649 +- -1.00 (1)
0.5192 +- -1.00 (1)
0.5409 +- -1.00 (1)
0.5519 +- -1.00 (1)
0.5315 +- -1.00 (1)
0.5129 +- -1.00 (1)
0.5695 +- -1.00 (1)
0.5394 +- -1.00 (1)
0.5775 +- -1.00 (1)
0.4840 +- -1.00 (1)
0.5405 +- -1.00 (1)
0.5619 +- -1.00 (1)
0.5287 +- -1.00 (1)
0.4912 +- -1.00 (1)
0.5423 +- -1.00 (1)
0.4709 +- -1.00 (1)
0.5266 +- -1.00 (1)
0.4947 +- -1.00 (1)
0.5445 +- -1.00 (1)
0.5538 +- -1.00 (1)
0.4989 +- -1.00 (1)
0.5865 +- -1.00 (1)
0.5471 +- -1.00 (1)
0.5537 +- -1.00 (1)
0.5418 +- -1.00 (1)
0.4998 +- -1.00 (1)
0.5753 +- -1.00 (1)
0.5491 +- -1.00 (1)
0.5369 +- -1.00 (1)
0.5396 +- -1.00 (1)
0.5525 +- -1.00 (1)
0.5544 +- -1.00 (1)
0.5596 +- -1.00 (1)
0.5402 +- -1.00 (1)
0.5436 +- -1.00 (1)
0.5178 +- -1.00 (1)
0.5311 +- -1.00 (1)
0.5350 +- -1.00 (1)
0.5547 +- -1.00 (1)
0.5414 +- -1.00 (1)
0.5155 +- -1.00 (1)
0.5752 +- -1.00 (1)
0.5752 +- -1.00 (1)
0.5594 +- -1.00 (1)
0.5030 +- -1.00 (1)
0.5323 +- -1.00 (1)
0.5113 +- -1.00 (1)
0.5248 +- -1.00 (1)
0.5094 +- -1.00 (1)
0.5271 +- -1.00 (1)
0.5354 +- -1.00 (1)
0.5425 +- -1.00 (1)
0.5580 +- -1.00 (1)
0.5580 +- -1.00 (1)
0.5200 +- -1.00 (1)
0.5212 +- -1.00 (1)
0.5258 +- -1.00 (1)
0.5459 +- -1.00 (1)
0.5390 +- -1.00 (1)
0.5393 +- -1.00 (1)
0.4911 +- -1.00 (1)
0.5343 +- -1.00 (1)
0.5606 +- -1.00 (1)
0.5327 +- -1.00 (1)
0.5433 +- -1.00 (1)
0.5324 +- -1.00 (1)
0.4974 +- -1.00 (1)
0.5806 +- -1.00 (1)
0.5702 +- -1.00 (1)
0.5328 +- -1.00 (1)
0.5677 +- -1.00 (1)
0.5837 +- -1.00 (1)
0.5569 +- -1.00 (1)
0.5529 +- -1.00 (1)
0.5013 +- -1.00 (1)
0.5106 +- -1.00 (1)
0.5436 +- -1.00 (1)
0.4976 +- -1.00 (1)
0.5034 +- -1.00 (1)
0.5933 +- -1.00 (1)
0.5329 +- -1.00 (1)
0.5795 +- -1.00 (1)
0.4931 +- -1.00 (1)
0.5560 +- -1.00 (1)
0.5613 +- -1.00 (1)
0.5203 +- -1.00 (1)
0.5702 +- -1.00 (1)
0.5053 +- -1.00 (1)
0.5293 +- -1.00 (1)
0.5598 +- -1.00 (1)
0.5484 +- -1.00 (1)
0.5677 +- -1.00 (1)
0.5391 +- -1.00 (1)
0.5213 +- -1.00 (1)
0.5592 +- -1.00 (1)
0.5442 +- -1.00 (1)
0.5461 +- -1.00 (1)
0.5484 +- -1.00 (1)
0.5540 +- -1.00 (1)
0.5503 +- -1.00 (1)
0.5490 +- -1.00 (1)
0.5049 +- -1.00 (1)
0.4872 +- -1.00 (1)
0.5618 +- -1.00 (1)
0.5490 +- -1.00 (1)
0.5095 +- -1.00 (1)
0.5338 +- -1.00 (1)
0.5568 +- -1.00 (1)
0.5006 +- -1.00 (1)
0.5817 +- -1.00 (1)
0.5726 +- -1.00 (1)
0.5358 +- -1.00 (1)
0.5275 +- -1.00 (1)
0.5787 +- -1.00 (1)
0.5456 +- -1.00 (1)
0.5123 +- -1.00 (1)
0.5685 +- -1.00 (1)
0.5614 +- -1.00 (1)
0.5538 +- -1.00 (1)
0.5633 +- -1.00 (1)
0.5797 +- -1.00 (1)
0.5691 +- -1.00 (1)
0.5461 +- -1.00 (1)
0.5541 +- -1.00 (1)
0.5350 +- -1.00 (1)
0.5350 +- -1.00 (1)
0.5241 +- -1.00 (1)
0.5431 +- -1.00 (1)
0.5381 +- -1.00 (1)
0.5235 +- -1.00 (1)
0.5049 +- -1.00 (1)
0.5298 +- -1.00 (1)
0.5176 +- -1.00 (1)
0.5147 +- -1.00 (1)
0.5328 +- -1.00 (1)
0.5482 +- -1.00 (1)
0.5383 +- -1.00 (1)
0.4933 +- -1.00 (1)
0.5460 +- -1.00 (1)
0.5245 +- -1.00 (1)
0.5431 +- -1.00 (1)
0.5416 +- -1.00 (1)
0.5473 +- -1.00 (1)
0.5253 +- -1.00 (1)
0.5416 +- -1.00 (1)
0.5203 +- -1.00 (1)
0.5305 +- -1.00 (1)
0.5383 +- -1.00 (1)
0.5133 +- -1.00 (1)
0.5178 +- -1.00 (1)
0.5528 +- -1.00 (1)
0.4991 +- -1.00 (1)
0.5329 +- -1.00 (1)
0.5129 +- -1.00 (1)
0.5265 +- -1.00 (1)
0.5376 +- -1.00 (1)
0.5046 +- -1.00 (1)
0.5194 +- -1.00 (1)
0.5370 +- -1.00 (1)
0.4959 +- -1.00 (1)
0.5113 +- -1.00 (1)
0.5134 +- -1.00 (1)
0.5209 +- -1.00 (1)
0.5449 +- -1.00 (1)
0.5157 +- -1.00 (1)
0.5348 +- -1.00 (1)
0.5272 +- -1.00 (1)
0.5176 +- -1.00 (1)
0.5150 +- -1.00 (1)
0.5020 +- -1.00 (1)
0.5013 +- -1.00 (1)
0.5283 +- -1.00 (1)
0.5150 +- -1.00 (1)
0.4913 +- -1.00 (1)
0.5091 +- -1.00 (1)
0.5528 +- -1.00 (1)
0.4985 +- -1.00 (1)
0.5184 +- -1.00 (1)
0.5302 +- -1.00 (1)
0.5212 +- -1.00 (1)
0.5072 +- -1.00 (1)
0.5219 +- -1.00 (1)
0.5353 +- -1.00 (1)
0.5204 +- -1.00 (1)
0.5223 +- -1.00 (1)
0.5251 +- -1.00 (1)
0.5172 +- -1.00 (1)
0.5049 +- -1.00 (1)
0.5328 +- -1.00 (1)
0.5313 +- -1.00 (1)
0.5266 +- -1.00 (1)
0.5185 +- -1.00 (1)
0.5292 +- -1.00 (1)
0.5211 +- -1.00 (1)
0.5464 +- -1.00 (1)
0.5202 +- -1.00 (1)
0.4971 +- -1.00 (1)
0.5422 +- -1.00 (1)
0.5259 +- -1.00 (1)
0.5366 +- -1.00 (1)
0.4993 +- -1.00 (1)
0.5168 +- -1.00 (1)
0.5513 +- -1.00 (1)
0.5100 +- -1.00 (1)
0.5246 +- -1.00 (1)
0.5052 +- -1.00 (1)
0.5261 +- -1.00 (1)
0.5019 +- -1.00 (1)
0.5391 +- -1.00 (1)
0.4832 +- -1.00 (1)
0.5226 +- -1.00 (1)
0.5352 +- -1.00 (1)
0.5042 +- -1.00 (1)
0.5397 +- -1.00 (1)
0.5191 +- -1.00 (1)
0.5263 +- -1.00 (1)
0.5089 +- -1.00 (1)
0.5037 +- -1.00 (1)
0.5131 +- -1.00 (1)
0.5118 +- -1.00 (1)
0.5122 +- -1.00 (1)
0.4966 +- -1.00 (1)
0.5310 +- -1.00 (1)
0.5111 +- -1.00 (1)
0.5258 +- -1.00 (1)
0.5171 +- -1.00 (1)
