0.6739 0.4436 0.296 10
0.6554 0.4737 0.3095 9
0.5816 0.4403 0.2496 18
0.6341 0.4688 0.2945 12
0.7003 0.4571 0.3159 6
0.6067 0.4101 0.2448 13
0.6292 0.4 0.2477 12
0.6151 0.4275 0.2607 10
0.6915 0.4085 0.2811 6
0.6691 0.4088 0.2683 15
0.6313 0.4122 0.2584 8
0.6234 0.4527 0.2784 10
0.5849 0.4178 0.2407 15
0.6359 0.4206 0.2647 11
0.6243 0.4219 0.2576 12
0.6861 0.4741 0.318 17
0.6381 0.4191 0.2655 9
0.6579 0.459 0.2988 11
0.6861 0.4741 0.318 17
0.5949 0.4429 0.2625 8
0.6972 0.4478 0.3091 10
0.6287 0.471 0.2929 9
0.6809 0.4186 0.2811 15
0.638 0.4338 0.274 10
0.6602 0.4444 0.2833 15
0.591 0.4409 0.2562 18
0.6445 0.4861 0.3101 12
0.5814 0.4219 0.2422 11
0.6404 0.446 0.2802 14
0.6797 0.4331 0.2924 10
0.6764 0.4779 0.3204 11
0.623 0.4756 0.2909 18
0.6262 0.442 0.273 11
0.6544 0.4459 0.2874 13
0.629 0.4345 0.2691 13
0.6161 0.4504 0.2735 9
0.6033 0.4254 0.2538 11
0.6651 0.4394 0.2891 8
0.628 0.4685 0.2916 13
0.6478 0.447 0.2873 7
0.6602 0.4179 0.2736 12
0.6812 0.4254 0.2876 9
0.6117 0.4412 0.2674 11
0.6345 0.4403 0.2743 13
0.6781 0.4754 0.3183 12
0.6581 0.4113 0.2677 7
0.697 0.4127 0.2837 11
0.6338 0.4409 0.2772 12
0.5594 0.4597 0.2543 8
0.6485 0.4211 0.2692 14
0.6414 0.4406 0.2802 8
0.6413 0.4552 0.2908 7
0.6406 0.4094 0.2613 6
0.5766 0.4058 0.2316 10
0.6596 0.4526 0.2964 10
0.6598 0.4184 0.2744 6
0.6407 0.4552 0.2889 12
0.5993 0.4286 0.2556 6
0.6461 0.4318 0.2754 12
0.6611 0.4604 0.3006 11
0.6509 0.4252 0.2741 11
0.6058 0.4571 0.2708 12
0.6628 0.4521 0.2971 7
0.6766 0.4803 0.3223 8
0.6576 0.4315 0.2824 7
0.6441 0.4361 0.2772 11
0.6417 0.438 0.2773 12
0.6751 0.4597 0.3087 8
0.6589 0.4361 0.2848 9
0.6415 0.4355 0.2741 13
0.5879 0.413 0.2398 11
0.594 0.4394 0.2547 17
0.6222 0.4063 0.2516 8
0.6134 0.4532 0.2745 12
0.6839 0.4074 0.2767 9
0.6571 0.4651 0.2974 17
0.604 0.4406 0.2626 15
0.7507 0.4926 0.3645 13
0.6603 0.458 0.2984 15
0.622 0.4155 0.254 12
0.6925 0.4599 0.3135 13
0.656 0.459 0.3003 5
0.6532 0.4531 0.2945 7
0.6241 0.4531 0.279 11
0.6357 0.4345 0.2727 11
0.6357 0.447 0.2802 13
0.6422 0.4891 0.3119 11
0.6202 0.4436 0.2717 9
0.6754 0.4919 0.3307 8
0.7068 0.4141 0.2904 9
0.5925 0.4286 0.2516 10
0.6504 0.4653 0.3017 6
0.6222 0.4427 0.2729 9
0.6719 0.4437 0.2904 19
0.6133 0.4071 0.2471 8
0.6777 0.4496 0.2997 13
0.6331 0.4406 0.271 16
0.6592 0.4776 0.3101 10
0.5985 0.437 0.26 7
0.6163 0.4225 0.2564 12
0.9356 0.6299 0.5876 9
0.9384 0.6174 0.5783 6
0.9413 0.5983 0.5618 9
0.9349 0.641 0.5986 4
0.9502 0.6512 0.6172 12
0.9213 0.6204 0.5699 7
0.9533 0.6475 0.6149 10
0.9438 0.6303 0.5937 6
0.9357 0.6364 0.5939 9
0.9411 0.6281 0.5887 6
0.9439 0.6508 0.6122 11
0.9423 0.6259 0.5885 7
0.9336 0.6484 0.604 5
0.9285 0.6102 0.5653 10
0.9469 0.6466 0.6105 7
0.9288 0.6239 0.5784 3
0.9406 0.6538 0.6123 14
0.9361 0.6397 0.5968 11
0.9288 0.6239 0.5784 3
0.9555 0.6496 0.6177 12
0.9509 0.6083 0.5768 10
0.9425 0.6341 0.5954 8
0.9322 0.6356 0.5918 5
0.9423 0.619 0.5814 9
0.9346 0.6364 0.5927 5
0.9542 0.6718 0.638 8
0.9447 0.6391 0.6025 11
0.9335 0.6281 0.5859 5
0.9271 0.6522 0.604 6
0.9478 0.6385 0.6033 6
0.9296 0.6441 0.5976 9
0.9339 0.6182 0.5765 5
0.9335 0.629 0.5861 8
0.9425 0.6587 0.6187 8
0.9434 0.623 0.5863 9
0.9381 0.629 0.5891 7
0.9346 0.6452 0.6021 6
0.947 0.625 0.5903 10
0.9423 0.6504 0.6114 8
0.9341 0.6484 0.6042 7
0.9469 0.6371 0.6025 6
0.9365 0.6364 0.5924 9
0.9383 0.6018 0.563 12
0.9443 0.6336 0.5964 7
0.9321 0.6132 0.5704 6
0.9388 0.6471 0.6067 5
0.9461 0.6378 0.6018 9
0.9418 0.648 0.6077 9
0.9419 0.629 0.5914 10
0.9545 0.6504 0.6181 9
0.9452 0.6271 0.5922 5
0.9429 0.6261 0.5894 5
0.9355 0.6121 0.5726 3
0.9401 0.6328 0.5938 9
0.9317 0.6471 0.6022 4
0.9337 0.6555 0.6104 11
0.9453 0.6441 0.6077 7
0.9362 0.6406 0.5981 5
0.9252 0.6325 0.5846 5
0.9413 0.625 0.5859 8
0.932 0.6423 0.5977 5
0.9443 0.6612 0.6219 9
0.9408 0.626 0.5881 6
0.9398 0.6532 0.6126 7
0.9383 0.6333 0.5924 9
0.9351 0.6147 0.5731 8
0.9362 0.6182 0.5779 5
0.9528 0.6544 0.6205 15
0.9341 0.6452 0.6013 11
0.95 0.6393 0.6053 9
0.9433 0.6484 0.6093 7
0.9461 0.64 0.603 10
0.9466 0.6429 0.6072 7
0.9383 0.6417 0.6002 10
0.944 0.6387 0.6015 5
0.9448 0.6228 0.5876 5
0.9432 0.622 0.5847 11
0.9451 0.6406 0.6025 11
0.9337 0.6341 0.5914 5
0.9498 0.625 0.5923 7
0.9438 0.6154 0.5795 7
0.9402 0.6446 0.6042 8
0.9343 0.622 0.5807 5
0.9342 0.6 0.5593 5
0.941 0.6364 0.597 9
0.9398 0.6239 0.5855 4
0.9395 0.6279 0.5886 5
0.9466 0.6535 0.6168 10
0.9452 0.629 0.5934 6
0.9415 0.6535 0.6147 6
0.9257 0.6102 0.564 6
0.9406 0.6529 0.6109 10
0.9483 0.6218 0.5879 9
0.9321 0.6311 0.5867 8
0.9437 0.6529 0.6136 10
0.9446 0.6412 0.6034 10
0.9416 0.6364 0.597 9
0.9367 0.6529 0.6106 7
0.9342 0.6614 0.6163 13
0.9337 0.641 0.5951 10
0.8279 0.45 0.3716 5
0.7695 0.451 0.3458 6
0.7292 0.4685 0.3411 4
0.8015 0.4671 0.3728 6
0.7724 0.4138 0.3183 7
0.7643 0.4444 0.3381 7
0.8003 0.4643 0.3687 8
0.833 0.4755 0.3919 11
0.8578 0.4771 0.4086 7
0.7496 0.4539 0.3375 10
0.7194 0.3875 0.2763 7
0.8526 0.4701 0.4 4
0.8098 0.469 0.3776 5
0.829 0.4857 0.4009 8
0.7814 0.457 0.3541 8
0.8573 0.45 0.3836 7
0.7572 0.434 0.3257 8
0.7788 0.4351 0.3332 9
0.8573 0.45 0.3836 7
0.8042 0.4706 0.3771 5
0.82 0.493 0.4007 9
0.8215 0.4643 0.3803 6
0.7824 0.4823 0.3758 7
0.7461 0.4324 0.3199 8
0.8725 0.462 0.4022 5
0.7608 0.4868 0.368 9
0.8361 0.4631 0.3857 7
0.8411 0.4966 0.4162 5
0.748 0.5032 0.3715 12
0.7696 0.4494 0.3423 9
0.8864 0.5074 0.4476 4
0.7981 0.5 0.3954 9
0.7503 0.42 0.3133 7
0.8363 0.4768 0.3953 6
0.7907 0.42 0.33 10
0.783 0.443 0.3454 5
0.7799 0.4605 0.3575 8
0.8354 0.4452 0.3709 5
0.8571 0.4934 0.4224 5
0.7923 0.4459 0.3511 6
0.7569 0.4403 0.3327 6
0.7734 0.4397 0.3362 6
0.828 0.4631 0.3779 9
0.7975 0.4552 0.3616 7
0.808 0.4654 0.3752 5
0.803 0.4114 0.3296 6
0.819 0.4818 0.3913 6
0.7655 0.4539 0.3422 12
0.8283 0.4699 0.3867 8
0.7944 0.4437 0.3494 10
0.7822 0.443 0.3453 6
0.8086 0.4768 0.3834 7
0.7632 0.4444 0.3368 8
0.7756 0.4305 0.3334 4
0.7927 0.4933 0.3894 7
0.8402 0.4667 0.3891 6
0.823 0.4777 0.3914 6
0.8552 0.5032 0.4269 7
0.7593 0.4575 0.3451 8
0.8382 0.4643 0.3874 5
0.8038 0.44 0.3527 7
0.785 0.4702 0.3676 3
0.825 0.5035 0.4106 9
0.8269 0.5147 0.4236 7
0.8103 0.449 0.3608 10
0.7968 0.4564 0.3614 11
0.7472 0.4792 0.3534 11
0.7871 0.4406 0.3451 8
0.8064 0.4681 0.3767 7
0.8388 0.5496 0.4609 2
0.7745 0.4483 0.3439 9
0.7937 0.4733 0.3727 9
0.8008 0.4658 0.3714 7
0.8098 0.457 0.3664 8
0.7972 0.4459 0.3507 11
0.7756 0.439 0.3393 6
0.7534 0.4122 0.31 6
0.7708 0.4503 0.3454 8
0.8538 0.4931 0.4189 6
0.7995 0.5143 0.4104 3
0.7831 0.4354 0.3379 9
0.7903 0.4476 0.3498 13
0.8087 0.4759 0.3831 7
0.8108 0.471 0.3802 7
0.8525 0.4755 0.4022 8
0.7554 0.451 0.3392 9
0.8463 0.4832 0.4033 9
0.7749 0.457 0.3522 8
0.7876 0.4527 0.3561 4
0.7725 0.4591 0.3519 8
0.747 0.4797 0.3541 11
0.7973 0.4747 0.378 5
0.8066 0.5034 0.4028 11
0.7371 0.4422 0.3244 8
0.7735 0.4726 0.3639 5
0.8148 0.4828 0.3896 10
0.788 0.461 0.3624 5
0.8338 0.5 0.4163 5
0.783 0.4487 0.3491 9
0.7785 0.4837 0.3725 8
0.6355 0.3302 0.2082 6
0.6404 0.3229 0.2052 6
0.6515 0.36 0.2342 3
0.7148 0.3868 0.2743 7
0.6244 0.3571 0.2224 4
0.6715 0.3434 0.2306 2
0.6876 0.3303 0.2256 6
0.6988 0.375 0.2609 4
0.7069 0.3673 0.2591 3
0.7025 0.3711 0.2569 9
0.7689 0.3737 0.2868 3
0.6864 0.3571 0.2448 3
0.7006 0.3431 0.2393 4
0.7054 0.3495 0.2464 3
0.6585 0.3654 0.2403 3
0.6394 0.3398 0.2157 4
0.6971 0.3696 0.2572 4
0.7395 0.34 0.251 2
0.6394 0.3398 0.2157 4
0.6805 0.381 0.2547 9
0.6408 0.3364 0.2148 6
0.7499 0.3689 0.2713 8
0.6829 0.3592 0.2443 3
0.6649 0.3365 0.2227 6
0.7233 0.3636 0.2617 7
0.6807 0.3846 0.2614 3
0.7171 0.3786 0.2702 4
0.7401 0.3854 0.2822 5
0.7154 0.3861 0.2738 5
0.6558 0.3714 0.2408 8
0.7239 0.36 0.2596 5
0.744 0.35 0.2584 6
0.6112 0.2946 0.1779 8
0.6788 0.39 0.2637 6
0.5913 0.3333 0.1945 5
0.6529 0.3846 0.2486 6
0.7044 0.3796 0.2662 5
0.6671 0.3704 0.2442 4
0.6653 0.33 0.2172 6
0.6562 0.3091 0.2 9
0.7081 0.3645 0.2568 5
0.6531 0.3304 0.2141 5
0.6668 0.3529 0.233 7
0.6321 0.37 0.2337 3
0.6851 0.3265 0.2226 3
0.6601 0.3333 0.2194 6
0.6664 0.34 0.2265 3
0.7787 0.375 0.2903 7
0.6712 0.3571 0.2378 5
0.7392 0.3535 0.2591 6
0.6856 0.3663 0.25 5
0.6329 0.3663 0.23 7
0.6994 0.383 0.2679 1
0.6352 0.3208 0.2029 4
0.6192 0.3143 0.1933 4
0.6189 0.3364 0.206 6
0.7258 0.3495 0.2525 3
0.6913 0.3462 0.2389 4
0.7079 0.3627 0.2554 5
0.7085 0.3465 0.2439 5
0.6444 0.3545 0.2279 5
0.6251 0.3429 0.213 7
0.6752 0.383 0.2563 4
0.7149 0.3592 0.2552 3
0.6653 0.3458 0.2275 6
0.7113 0.3524 0.2474 8
0.5327 0.2813 0.1493 5
0.6904 0.37 0.2538 6
0.7458 0.3636 0.2707 4
0.6844 0.38 0.2568 8
0.6989 0.3366 0.2343 4
0.6812 0.3333 0.2257 5
0.6617 0.3458 0.2278 3
0.6404 0.3366 0.2146 5
0.6914 0.3394 0.2331 7
0.6519 0.35 0.2265 5
0.6742 0.3303 0.222 6
0.6564 0.3269 0.2111 7
0.722 0.3936 0.2797 9
0.7285 0.4 0.291 4
0.6801 0.3761 0.2555 3
0.6169 0.3426 0.2102 4
0.7002 0.3402 0.2356 4
0.6854 0.38 0.2593 4
0.6934 0.3269 0.2259 3
0.6229 0.3366 0.2087 4
0.7282 0.3608 0.2608 4
0.6642 0.3301 0.2185 4
0.6614 0.3535 0.2303 7
0.6416 0.3776 0.2413 4
0.6444 0.3365 0.2153 6
0.6818 0.3689 0.2446 8
0.6627 0.3333 0.2203 4
0.6548 0.3333 0.2181 4
0.6403 0.3365 0.2151 5
0.7044 0.3558 0.2468 5
0.654 0.3301 0.213 6
0.7025 0.375 0.2632 3
0.7323 0.3579 0.2619 3
0.7034 0.37 0.2571 6
0.9191 0.5619 0.5154 6
0.9435 0.5591 0.5258 9
0.9349 0.5825 0.5439 6
0.9197 0.55 0.5046 7
0.9301 0.5543 0.5137 6
0.9148 0.5579 0.509 7
0.9181 0.5638 0.5156 8
0.9098 0.5625 0.5109 8
0.9169 0.549 0.5032 3
0.931 0.567 0.5255 10
0.9213 0.5806 0.5346 4
0.9297 0.5745 0.5315 10
0.9332 0.5789 0.5384 8
0.9482 0.5714 0.5407 8
0.9165 0.551 0.5035 6
0.9297 0.5625 0.5202 12
0.9104 0.5604 0.5079 10
0.935 0.5758 0.5371 5
0.9297 0.5625 0.5202 12
0.9287 0.57 0.528 7
0.9153 0.5281 0.4817 9
0.909 0.5714 0.5179 6
0.9126 0.5426 0.4937 6
0.9356 0.5789 0.5401 11
0.9274 0.5922 0.5478 3
0.9343 0.5824 0.5427 6
0.9188 0.5776 0.5302 4
0.9313 0.5728 0.5318 9
0.9226 0.5521 0.5083 3
0.9292 0.5686 0.5257 12
0.9305 0.5741 0.5331 6
0.9193 0.5714 0.5244 6
0.8955 0.5495 0.4915 5
0.948 0.5577 0.5259 8
0.9069 0.5729 0.5171 8
0.9321 0.5652 0.5251 8
0.9341 0.5534 0.5166 3
0.946 0.5426 0.5121 7
0.9318 0.5699 0.5292 9
0.9349 0.5657 0.5279 4
0.9096 0.5545 0.5025 7
0.9284 0.5816 0.5383 6
0.9269 0.5426 0.5015 7
0.9356 0.5657 0.528 8
0.9367 0.5795 0.5413 8
0.8815 0.5217 0.4596 3
0.9205 0.549 0.5042 6
0.9218 0.5517 0.5064 8
0.9006 0.5714 0.5145 2
0.8954 0.5657 0.506 2
0.9419 0.5758 0.5394 10
0.9249 0.5579 0.5159 2
0.9288 0.5773 0.5341 9
0.9239 0.5743 0.5285 6
0.9216 0.5872 0.5405 4
0.9167 0.5755 0.5276 2
0.9325 0.5556 0.5164 8
0.9328 0.5842 0.5432 9
0.9104 0.5532 0.5033 4
0.9332 0.5842 0.5449 3
0.9227 0.57 0.5246 8
0.9282 0.604 0.5596 8
0.9265 0.5385 0.4973 8
0.9238 0.598 0.5503 9
0.9344 0.5534 0.5161 5
0.9329 0.5684 0.5288 10
0.9079 0.5106 0.4633 6
0.9078 0.5532 0.5011 7
0.8913 0.5957 0.5299 5
0.9404 0.5644 0.5283 9
0.929 0.5758 0.5343 6
0.9316 0.5941 0.5513 7
0.9178 0.5567 0.5091 6
0.8916 0.5684 0.506 5
0.9317 0.5833 0.542 8
0.9346 0.5579 0.5194 9
0.8969 0.5377 0.4815 7
0.9203 0.5376 0.4926 7
0.919 0.5638 0.5168 7
0.9229 0.567 0.521 9
0.9251 0.5402 0.4986 6
0.9165 0.5385 0.4911 9
0.93 0.5978 0.5543 9
0.9342 0.5938 0.5528 8
0.9208 0.56 0.5148 5
0.929 0.5412 0.5016 5
0.9301 0.549 0.5094 7
0.9345 0.6019 0.561 7
0.9105 0.5612 0.5094 7
0.9339 0.5505 0.5137 6
0.9436 0.5918 0.5575 6
0.934 0.59 0.5496 8
0.9307 0.567 0.5256 8
0.9053 0.5729 0.518 5
0.9118 0.5319 0.483 9
0.9444 0.5612 0.5278 11
0.9299 0.5743 0.5326 6
0.9261 0.5938 0.5481 7
0.9378 0.5543 0.5182 9
0.909 0.5579 0.5068 3
0.9264 0.5714 0.5276 6
0.9131 0.5591 0.5102 4
0.9282 0.5698 0.5265 12
0.9314 0.5761 0.5354 8
0.9389 0.5647 0.528 11
0.9404 0.5889 0.5519 7
0.9253 0.5532 0.5101 7
0.9197 0.5682 0.5209 6
0.9245 0.5618 0.5176 8
0.9355 0.5638 0.5257 5
0.9334 0.5955 0.5531 8
0.9336 0.5542 0.5137 6
0.9136 0.573 0.5224 7
0.923 0.573 0.5271 9
0.9311 0.5517 0.5107 8
0.9255 0.5761 0.5288 11
0.9288 0.6 0.5556 7
0.9283 0.5385 0.4987 7
0.9255 0.5761 0.5288 11
0.9144 0.5652 0.5167 3
0.9319 0.5604 0.521 6
0.9236 0.551 0.5082 6
0.9086 0.5385 0.4884 6
0.9264 0.5393 0.4979 5
0.9282 0.5556 0.514 8
0.9249 0.5579 0.5154 8
0.9367 0.5506 0.5111 13
0.9308 0.5417 0.5026 4
0.9375 0.5652 0.5284 6
0.929 0.5426 0.5016 7
0.9282 0.573 0.5279 11
0.9361 0.5591 0.521 8
0.9321 0.5568 0.5164 10
0.933 0.5568 0.518 6
0.9392 0.5333 0.499 9
0.932 0.5657 0.5264 5
0.937 0.573 0.5356 6
0.9174 0.5618 0.5138 5
0.9332 0.5595 0.5189 8
0.9254 0.5632 0.517 12
0.9234 0.5652 0.5206 6
0.919 0.567 0.52 5
0.9097 0.5699 0.5178 3
0.9285 0.5795 0.5357 9
0.9335 0.5326 0.4948 8
0.9317 0.5556 0.5162 8
0.9388 0.5455 0.5097 10
0.9368 0.5543 0.5172 8
0.9049 0.5426 0.4892 9
0.9203 0.5765 0.5284 9
0.9332 0.5402 0.5012 7
0.9203 0.5745 0.5255 11
0.9452 0.5802 0.5466 6
0.9313 0.5714 0.5293 10
0.9219 0.5806 0.5336 9
0.9408 0.5747 0.5379 9
0.931 0.5647 0.5242 8
0.9487 0.5581 0.5266 11
0.9225 0.5682 0.5222 8
0.9257 0.5663 0.5227 7
0.9427 0.5795 0.5452 8
0.9404 0.5824 0.5453 7
0.9234 0.5714 0.5273 5
0.9413 0.5604 0.526 7
0.9196 0.5682 0.5213 8
0.924 0.5517 0.5085 6
0.9399 0.5357 0.5021 7
0.938 0.5833 0.5445 9
0.927 0.5667 0.524 7
0.9085 0.5567 0.5043 7
0.941 0.5684 0.534 6
0.9425 0.5568 0.5228 7
0.9297 0.5618 0.5202 8
0.9057 0.5393 0.488 5
0.9257 0.5833 0.539 6
0.9299 0.5309 0.4929 5
0.9289 0.5684 0.5263 6
0.9391 0.5455 0.5102 6
0.923 0.5765 0.5296 9
0.9069 0.5484 0.4962 4
0.9237 0.5529 0.5081 9
0.929 0.5253 0.4874 4
0.9255 0.5806 0.5358 5
0.9377 0.5455 0.5094 6
0.9288 0.5604 0.5166 11
0.9343 0.5556 0.5175 4
0.9326 0.5591 0.5202 5
0.928 0.5632 0.5209 9
0.9357 0.5542 0.5167 5
0.9299 0.5426 0.5035 5
0.9335 0.5543 0.5144 7
0.9264 0.5795 0.5343 8
0.9277 0.5532 0.5104 9
0.9391 0.5778 0.5394 10
0.9385 0.5591 0.5226 9
0.9297 0.5455 0.5058 9
0.9311 0.5208 0.4838 6
0.9305 0.5529 0.512 8
0.9312 0.5638 0.5224 6
0.9467 0.5795 0.5461 7
0.7325 0.4261 0.3112 7
0.7672 0.4224 0.3239 3
0.7326 0.4273 0.3121 5
0.7442 0.4524 0.3331 12
0.7214 0.4407 0.3174 6
0.6867 0.4118 0.2814 5
0.7544 0.4094 0.3064 9
0.731 0.3821 0.2772 9
0.7494 0.4202 0.3127 8
0.7508 0.4308 0.3213 8
0.6895 0.448 0.3067 6
0.6967 0.4274 0.2967 7
0.7889 0.4513 0.3548 6
0.7708 0.4911 0.3784 3
0.7275 0.4298 0.3098 10
0.6917 0.4435 0.3049 10
0.7448 0.4492 0.3324 7
0.7524 0.4825 0.3603 11
0.6917 0.4435 0.3049 10
0.7059 0.439 0.3091 7
0.7409 0.3898 0.2885 4
0.7758 0.4706 0.3626 7
0.7687 0.448 0.3414 8
0.6679 0.4215 0.2808 5
0.7782 0.486 0.3749 6
0.6974 0.3934 0.2701 8
0.6805 0.3964 0.2682 6
0.8041 0.4783 0.3822 8
0.709 0.4504 0.3089 11
0.7085 0.4309 0.3047 4
0.7948 0.4538 0.3591 8
0.6658 0.4444 0.2954 5
0.7737 0.4595 0.3542 3
0.7257 0.4351 0.3154 4
0.686 0.4034 0.2758 7
0.7544 0.4344 0.327 4
0.7559 0.4435 0.3327 7
0.7299 0.4622 0.337 4
0.7668 0.4364 0.3329 6
0.718 0.4355 0.3124 4
0.7416 0.4364 0.3229 6
0.7358 0.4513 0.33 5
0.7395 0.4545 0.3355 6
0.7706 0.4127 0.3162 8
0.7757 0.4688 0.3627 3
0.6578 0.3906 0.255 7
0.7351 0.4298 0.3147 6
0.727 0.4298 0.3115 7
0.7333 0.4397 0.3195 7
0.7345 0.4595 0.3353 6
0.7285 0.4123 0.2995 5
0.7852 0.4746 0.3711 6
0.7571 0.4286 0.3187 10
0.7047 0.4361 0.3063 8
0.7303 0.4355 0.3151 4
0.7309 0.4344 0.3159 7
0.7115 0.4065 0.2872 10
0.684 0.4202 0.2856 8
0.7257 0.4545 0.3278 9
0.7208 0.3983 0.2861 5
0.7559 0.4344 0.328 3
0.6794 0.4035 0.273 7
0.7471 0.4385 0.3255 10
0.699 0.3879 0.2703 6
0.6873 0.4375 0.2986 9
0.7291 0.4732 0.3444 4
0.748 0.448 0.3317 11
0.7983 0.4696 0.3713 9
0.6877 0.3983 0.2738 3
0.7463 0.4622 0.3439 6
0.7599 0.4138 0.3137 5
0.6767 0.4 0.2682 8
0.6419 0.4 0.2561 4
0.7261 0.4037 0.293 2
0.7223 0.4545 0.3276 4
0.6998 0.4513 0.3137 9
0.7614 0.472 0.3577 8
0.7691 0.45 0.3446 8
0.7502 0.4194 0.3143 3
0.7461 0.4274 0.3178 5
0.8126 0.4123 0.3322 4
0.7426 0.4298 0.319 3
0.7447 0.4483 0.3316 6
0.7871 0.4219 0.3307 8
0.749 0.4483 0.3328 8
0.7156 0.4174 0.2985 4
0.6925 0.4224 0.2921 4
0.7706 0.4602 0.3531 6
0.7016 0.3701 0.2596 2
0.7505 0.4262 0.3195 4
0.8017 0.4643 0.3716 5
0.6764 0.4309 0.2909 4
0.7153 0.4359 0.3112 3
0.7204 0.4298 0.3079 5
0.708 0.4455 0.3128 6
0.716 0.4132 0.2925 10
0.7913 0.4344 0.3434 3
0.6712 0.4138 0.2775 3
0.7628 0.4554 0.3434 7
0.7404 0.45 0.3294 7
0.9593 0.5436 0.5196 14
0.9398 0.6033 0.5643 9
0.9351 0.6179 0.5753 7
0.9413 0.5484 0.5153 5
0.9512 0.55 0.5205 8
0.9378 0.5581 0.5215 9
0.9517 0.5954 0.5647 9
0.9463 0.5956 0.5616 12
0.9502 0.6014 0.5704 7
0.9377 0.5252 0.4917 5
0.9455 0.5862 0.5538 2
0.9477 0.5659 0.5342 10
0.9421 0.5714 0.5367 6
0.9397 0.5694 0.5333 9
0.9471 0.5591 0.528 6
0.9596 0.619 0.5922 7
0.9375 0.5462 0.5112 5
0.9328 0.625 0.581 7
0.9596 0.619 0.5922 7
0.9359 0.5913 0.5519 9
0.9423 0.609 0.5708 13
0.9342 0.5532 0.5159 4
0.9529 0.6048 0.574 10
0.9294 0.5735 0.5316 6
0.9571 0.5342 0.5085 10
0.9301 0.5347 0.4961 6
0.9273 0.5385 0.4977 9
0.9397 0.5574 0.523 5
0.9264 0.5278 0.4884 4
0.9322 0.605 0.5629 6
0.9262 0.584 0.5399 7
0.9366 0.5983 0.558 8
0.9257 0.5897 0.5445 5
0.9478 0.5714 0.5409 3
0.9497 0.5299 0.5018 8
0.9501 0.6 0.5668 10
0.9356 0.5704 0.5307 9
0.9179 0.6018 0.5504 5
0.9549 0.5672 0.5397 8
0.9497 0.5313 0.503 7
0.9588 0.5821 0.5545 11
0.945 0.5652 0.5327 7
0.9434 0.56 0.527 6
0.9522 0.6032 0.5727 7
0.9517 0.6034 0.5728 6
0.9449 0.5968 0.5612 9
0.9513 0.5748 0.5455 8
0.9407 0.5374 0.5045 8
0.9628 0.5912 0.5654 10
0.9649 0.584 0.5615 9
0.9456 0.6 0.5653 8
0.9451 0.5683 0.535 8
0.9395 0.5798 0.5432 6
0.9434 0.5072 0.4771 5
0.9542 0.609 0.5788 8
0.9554 0.5704 0.5428 5
0.9621 0.6 0.5756 13
0.9583 0.625 0.5979 8
0.9446 0.5735 0.541 7
0.9539 0.5798 0.5524 5
0.9459 0.5735 0.5398 7
0.9576 0.5938 0.5673 11
0.9231 0.5565 0.5122 5
0.9457 0.6066 0.573 5
0.9562 0.5692 0.5421 8
0.9244 0.5929 0.5464 11
0.9297 0.5538 0.5135 6
0.9403 0.5547 0.5193 11
0.9564 0.5969 0.5692 10
0.9412 0.5441 0.5098 8
0.9496 0.5147 0.4882 10
0.9562 0.5725 0.5446 8
0.9564 0.563 0.5372 8
0.9443 0.5852 0.5517 4
0.9325 0.5614 0.5216 6
0.9203 0.5965 0.548 4
0.9512 0.5429 0.5136 12
0.9544 0.5649 0.537 8
0.9293 0.5469 0.5055 11
0.9299 0.5859 0.5431 10
0.9578 0.562 0.5367 7
0.9456 0.5669 0.5354 6
0.9355 0.5391 0.5031 5
0.9575 0.6148 0.5879 5
0.9407 0.5407 0.5071 6
0.9541 0.5984 0.5693 8
0.961 0.6261 0.5996 10
0.9505 0.6016 0.5696 10
0.9569 0.5635 0.5374 13
0.9098 0.5926 0.5366 7
0.9371 0.626 0.5855 8
0.9421 0.5538 0.5208 6
0.9504 0.6126 0.5807 6
0.9538 0.6179 0.5875 12
0.9641 0.6172 0.5921 10
0.921 0.6167 0.5668 6
0.9149 0.5385 0.4908 6
0.9358 0.6154 0.5743 8
0.9507 0.594 0.5628 9
0.9194 0.6033 0.5537 5
0.9443 0.5782 0.5442 12
0.9389 0.5352 0.5024 2
0.9393 0.5548 0.5193 8
0.9351 0.6 0.56 5
0.9294 0.5405 0.5014 6
0.9539 0.5556 0.5271 9
0.9492 0.5556 0.5258 6
0.9355 0.5467 0.5104 9
0.941 0.5811 0.5451 5
0.9444 0.5578 0.5256 7
0.9431 0.5674 0.5347 6
0.9287 0.5563 0.5152 11
0.9381 0.5724 0.5363 7
0.9351 0.6187 0.572 7
0.9446 0.6043 0.5699 8
0.9452 0.5775 0.5454 4
0.9435 0.5775 0.5437 5
0.9447 0.558 0.5245 13
0.9424 0.5672 0.5332 9
0.9527 0.5775 0.5484 8
0.9512 0.5328 0.5062 8
0.9378 0.6043 0.5651 12
0.9376 0.5374 0.5035 6
0.9495 0.5734 0.543 9
0.9424 0.5693 0.5353 7
0.9512 0.5586 0.5305 7
0.947 0.5203 0.4924 6
0.9417 0.5205 0.4891 6
0.9317 0.5753 0.5357 4
0.9414 0.6014 0.5647 7
0.9431 0.5745 0.5398 5
0.9491 0.5786 0.547 9
0.9319 0.585 0.5431 6
0.9387 0.5532 0.5164 10
0.947 0.6029 0.5692 9
0.9477 0.5786 0.5461 11
0.9431 0.5588 0.5266 4
0.9462 0.539 0.5071 7
0.942 0.5704 0.535 9
0.9485 0.5235 0.4952 8
0.9398 0.5896 0.552 10
0.9435 0.5493 0.5176 7
0.9412 0.5479 0.5144 7
0.947 0.543 0.5132 7
0.9409 0.5705 0.5347 7
0.947 0.5474 0.5166 9
0.9511 0.609 0.5775 11
0.9464 0.5638 0.5314 6
0.926 0.5621 0.5184 8
0.9422 0.6129 0.5758 9
0.9471 0.5274 0.4969 10
0.9395 0.5423 0.5075 11
0.9424 0.5625 0.5292 3
0.9442 0.5608 0.5286 5
0.9415 0.5725 0.5371 8
0.934 0.5789 0.5388 7
0.9328 0.5479 0.5092 11
0.9417 0.6077 0.5708 10
0.9462 0.5682 0.537 6
0.9373 0.5145 0.4815 5
0.9395 0.5379 0.5043 7
0.9553 0.5395 0.5133 10
0.954 0.5423 0.515 13
0.941 0.5789 0.5431 7
0.9506 0.5775 0.5475 10
0.9549 0.5364 0.5095 11
0.9408 0.5878 0.5517 8
0.9417 0.5497 0.5157 11
0.9295 0.5643 0.5232 8
0.9379 0.56 0.5239 7
0.9397 0.5714 0.5352 7
0.9402 0.5564 0.5224 5
0.946 0.5603 0.528 11
0.9419 0.5442 0.5118 6
0.9396 0.6017 0.5649 7
0.9322 0.558 0.5192 6
0.9426 0.5753 0.5409 10
0.9354 0.5929 0.5519 11
0.9414 0.5662 0.5315 8
0.929 0.5524 0.5129 4
0.9496 0.6029 0.5695 13
0.9309 0.5809 0.5394 7
0.9423 0.6148 0.5775 10
0.9441 0.5133 0.484 6
0.9376 0.5775 0.5405 9
0.9474 0.5971 0.5619 11
0.9388 0.5646 0.5287 10
0.9363 0.5274 0.4912 5
0.9492 0.5725 0.5423 9
0.9364 0.5033 0.4709 8
0.9355 0.5634 0.5266 8
0.9438 0.525 0.4947 4
0.9331 0.5845 0.5445 8
0.9372 0.5915 0.5538 6
0.9422 0.5306 0.4989 6
0.9316 0.6316 0.5865 8
0.9392 0.5833 0.5471 7
0.9424 0.589 0.5537 11
0.9451 0.5745 0.5418 7
0.941 0.5333 0.4998 11
0.9419 0.6111 0.5753 4
0.9487 0.5789 0.5491 4
0.9499 0.5664 0.5369 9
0.9334 0.58 0.5396 7
0.9315 0.5938 0.5525 4
0.9382 0.5909 0.5544 2
0.9339 0.6 0.5596 4
0.9414 0.5743 0.5402 2
0.9531 0.5714 0.5436 5
0.9311 0.5579 0.5178 8
0.9428 0.5641 0.5311 5
0.9309 0.575 0.535 4
0.9262 0.6 0.5547 5
0.9437 0.5741 0.5414 3
0.927 0.5566 0.5155 4
0.9345 0.6162 0.5752 4
0.9345 0.6162 0.5752 4
0.9518 0.5882 0.5594 4
0.9364 0.5372 0.503 2
0.9426 0.5652 0.5323 4
0.9455 0.5413 0.5113 4
0.9394 0.5596 0.5248 8
0.949 0.5385 0.5094 13
0.9082 0.5806 0.5271 3
0.9353 0.5728 0.5354 5
0.9377 0.5789 0.5425 6
0.9453 0.5918 0.558 9
0.9304 0.6 0.558 4
0.9378 0.5545 0.52 2
0.9125 0.5714 0.5212 3
0.9453 0.5566 0.5258 5
0.9461 0.5776 0.5459 6
0.9385 0.5752 0.539 7
0.9443 0.5714 0.5393 2
0.9408 0.5221 0.4911 2
0.938 0.5701 0.5343 3
0.9227 0.6078 0.5606 3
0.9207 0.5794 0.5327 4
0.945 0.5755 0.5433 7
0.9546 0.5583 0.5324 10
0.9352 0.5333 0.4974 4
0.9357 0.6214 0.5806 6
0.9382 0.6091 0.5702 9
0.9458 0.5641 0.5328 6
0.9387 0.6055 0.5677 4
0.942 0.6214 0.5837 9
0.9475 0.5893 0.5569 5
0.9383 0.59 0.5529 4
0.9348 0.5364 0.5013 2
0.9259 0.5524 0.5106 4
0.9437 0.5769 0.5436 6
0.9111 0.5472 0.4976 6
0.9484 0.5315 0.5034 6
0.9416 0.6316 0.5933 4
0.9388 0.5684 0.5329 3
0.948 0.6132 0.5795 10
0.9267 0.5327 0.4931 4
0.9275 0.6 0.556 5
0.9441 0.5946 0.5613 2
0.9361 0.5566 0.5203 4
0.9218 0.6186 0.5702 2
0.9336 0.5429 0.5053 5
0.9342 0.5673 0.5293 8
0.9403 0.5963 0.5598 4
0.9315 0.5895 0.5484 6
0.9441 0.6019 0.5677 5
0.9393 0.5741 0.5391 4
0.9107 0.5729 0.5213 4
0.9261 0.604 0.5592 3
0.9527 0.5714 0.5442 4
0.9386 0.5825 0.5461 3
0.9257 0.5938 0.5484 6
0.9352 0.5926 0.554 3
0.9378 0.5877 0.5503 5
0.9422 0.5849 0.549 9
0.9367 0.5405 0.5049 7
0.9144 0.5347 0.4872 6
0.9371 0.6 0.5618 5
0.9421 0.5833 0.549 5
0.9255 0.5505 0.5095 1
0.9386 0.5688 0.5338 4
0.9543 0.5841 0.5568 5
0.9191 0.5463 0.5006 8
0.9386 0.6204 0.5817 6
0.9372 0.6117 0.5726 5
0.9215 0.5816 0.5358 4
0.9343 0.566 0.5275 5
0.9335 0.62 0.5787 2
0.938 0.5818 0.5456 3
0.9465 0.5424 0.5123 9
0.938 0.6075 0.5685 7
0.9321 0.604 0.5614 5
0.93 0.5962 0.5538 9
0.9558 0.5897 0.5633 3
0.9411 0.6182 0.5797 7
0.937 0.6078 0.5691 5
0.9328 0.5862 0.5461 5
0.9383 0.5909 0.5541 6
0.9466 0.5652 0.535 2
0.9472 0.5652 0.535 3
0.9491 0.5532 0.5241 6
0.9356 0.5806 0.5431 2
0.9503 0.5684 0.5381 5
0.948 0.5532 0.5235 5
0.9351 0.5408 0.5049 6
0.937 0.567 0.5298 7
0.9385 0.5521 0.5176 5
0.9394 0.5495 0.5147 8
0.9554 0.5591 0.5328 7
0.9417 0.5859 0.5482 8
0.9399 0.5745 0.5383 6
0.931 0.5306 0.4933 4
0.9579 0.5714 0.546 11
0.9401 0.5591 0.5245 5
0.9224 0.5895 0.5431 5
0.951 0.5714 0.5416 9
0.9372 0.5851 0.5473 9
0.9489 0.5556 0.5253 6
0.951 0.5714 0.5416 9
0.924 0.5638 0.5203 4
0.9376 0.567 0.5305 4
0.9528 0.567 0.5383 8
0.9558 0.5393 0.5133 9
0.936 0.5543 0.5178 7
0.9468 0.5842 0.5528 2
0.9321 0.5361 0.4991 6
0.9382 0.5686 0.5329 5
0.9468 0.5426 0.5129 3
0.944 0.5591 0.5265 5
0.9261 0.5816 0.5376 5
0.9467 0.5347 0.5046 10
0.943 0.5521 0.5194 5
0.9517 0.5657 0.537 7
0.9327 0.5326 0.4959 6
0.9361 0.5464 0.5113 6
0.943 0.5455 0.5134 7
0.951 0.5506 0.5209 11
0.9486 0.5761 0.5449 9
0.9447 0.5474 0.5157 5
0.952 0.5631 0.5348 7
0.9318 0.567 0.5272 6
0.9334 0.5556 0.5176 6
0.9554 0.5408 0.515 10
0.9434 0.5326 0.502 4
0.9427 0.5333 0.5013 6
0.9425 0.5618 0.5283 4
0.9357 0.551 0.515 4
0.9221 0.5333 0.4913 4
0.938 0.5435 0.5091 4
0.9484 0.5833 0.5528 3
0.9222 0.5408 0.4985 4
0.9416 0.5521 0.5184 4
0.9328 0.5699 0.5302 6
0.9443 0.5532 0.5212 5
0.9352 0.5426 0.5072 3
0.9447 0.5543 0.5219 7
0.9516 0.5638 0.5353 6
0.9313 0.5618 0.5204 6
0.9274 0.5638 0.5223 3
0.9396 0.5595 0.5251 4
0.9445 0.5495 0.5172 8
0.928 0.5446 0.5049 3
0.9433 0.5652 0.5328 3
0.9431 0.5652 0.5313 7
0.9376 0.5625 0.5266 2
0.95 0.5464 0.5185 8
0.9512 0.5567 0.5292 4
0.9387 0.5567 0.5211 6
0.9478 0.5784 0.5464 7
0.9254 0.5625 0.5202 5
0.929 0.5361 0.4971 5
0.9253 0.587 0.5422 7
0.9238 0.5699 0.5259 5
0.9439 0.57 0.5366 6
0.9287 0.5385 0.4993 6
0.9382 0.5521 0.5168 8
0.9371 0.5895 0.5513 5
0.9362 0.5455 0.51 5
0.9447 0.5579 0.5246 9
0.9397 0.5385 0.5052 5
0.9414 0.5604 0.5261 7
0.9379 0.5361 0.5019 5
0.9324 0.5789 0.5391 4
0.904 0.5347 0.4832 2
0.9391 0.5567 0.5226 4
0.9549 0.5612 0.5352 5
0.942 0.5361 0.5042 5
0.9418 0.5758 0.5397 12
0.9272 0.56 0.5191 3
0.9354 0.5638 0.5263 7
0.957 0.5326 0.5089 5
0.9315 0.5417 0.5037 6
0.9423 0.5446 0.5131 2
0.926 0.5543 0.5118 8
0.9372 0.5474 0.5122 6
0.9202 0.54 0.4966 3
0.9385 0.567 0.531 5
0.9236 0.5543 0.5111 4
0.942 0.5591 0.5258 5
0.942 0.5495 0.5171 4