0.6607 1 0.6607 3
0.6399 1 0.6399 2
0.5721 1 0.5721 3
0.6082 1 0.6082 3
0.6482 1 0.6482 3
0.6035 1 0.6035 4
0.5828 1 0.5828 3
0.6221 1 0.6221 3
0.6949 1 0.6949 4
0.6377 1 0.6377 2
0.6149 1 0.6149 6
0.5839 1 0.5839 4
0.5317 1 0.5317 2
0.5862 1 0.5862 4
0.6237 1 0.6237 3
0.6766 1 0.6766 3
0.5594 1 0.5594 5
0.6642 1 0.6642 4
0.6766 1 0.6766 3
0.5987 1 0.5987 4
0.6988 1 0.6988 3
0.574 1 0.574 5
0.6705 1 0.6705 3
0.6274 1 0.6274 8
0.6526 1 0.6526 4
0.5872 1 0.5872 3
0.6144 1 0.6144 4
0.5755 1 0.5755 2
0.6456 1 0.6456 3
0.691 1 0.691 3
0.6391 1 0.6391 3
0.6117 1 0.6117 3
0.6138 1 0.6138 3
0.6229 1 0.6229 4
0.6243 1 0.6243 4
0.5784 1 0.5784 6
0.5663 1 0.5663 3
0.6619 1 0.6619 3
0.6334 1 0.6334 3
0.6027 1 0.6027 4
0.6734 1 0.6734 1
0.6799 1 0.6798 4
0.5939 1 0.5939 4
0.653 1 0.653 1
0.6692 1 0.6692 2
0.6001 1 0.6001 3
0.6898 1 0.6898 4
0.614 1 0.614 4
0.5678 1 0.5678 2
0.6347 1 0.6347 6
0.6366 1 0.6366 3
0.6675 1 0.6675 4
0.6253 1 0.6253 3
0.5889 1 0.5889 2
0.6232 1 0.6232 5
0.6199 1 0.6199 7
0.6413 1 0.6413 4
0.6037 1 0.6037 4
0.636 1 0.636 1
0.5961 1 0.5961 4
0.6108 1 0.6108 5
0.5698 1 0.5698 2
0.5958 1 0.5958 2
0.6009 1 0.6009 2
0.6292 1 0.6292 5
0.6499 1 0.6499 4
0.6126 1 0.6126 2
0.6774 1 0.6774 3
0.6413 1 0.6413 1
0.6227 1 0.6227 3
0.5585 1 0.5585 2
0.5743 1 0.5743 2
0.5907 1 0.5907 6
0.5613 1 0.5613 2
0.6852 1 0.6852 3
0.6233 1 0.6233 5
0.567 1 0.567 6
0.7365 1 0.7365 3
0.666 1 0.666 1
0.6258 1 0.6258 4
0.665 1 0.665 4
0.6351 1 0.6351 3
0.6445 1 0.6445 4
0.574 1 0.574 3
0.6152 1 0.6152 4
0.6088 1 0.6088 4
0.5969 1 0.5969 2
0.6197 1 0.6197 6
0.6091 1 0.6091 5
0.7224 1 0.7224 5
0.5763 1 0.5763 5
0.6094 1 0.6094 2
0.5808 1 0.5808 4
0.6502 1 0.6502 4
0.6218 1 0.6218 5
0.6509 1 0.6509 4
0.6239 1 0.6239 3
0.5976 1 0.5976 4
0.6019 1 0.6019 5
0.6042 1 0.6042 3
0.9392 1 0.9392 3
0.948 1 0.948 7
0.9362 1 0.9361 9
0.9405 1 0.9405 8
0.9397 1 0.9397 10
0.9217 1 0.9216 10
0.9419 1 0.9419 9
0.9308 1 0.9308 10
0.9281 1 0.9281 9
0.9351 1 0.9351 6
0.9303 1 0.9303 5
0.9402 1 0.9402 3
0.9278 1 0.9278 6
0.9256 1 0.9256 2
0.9385 1 0.9384 5
0.929 1 0.929 4
0.9525 1 0.9525 4
0.9479 1 0.9479 4
0.929 1 0.929 4
0.9557 1 0.9557 8
0.9436 1 0.9436 9
0.9456 1 0.9456 7
0.9374 1 0.9374 5
0.9425 1 0.9425 3
0.9389 1 0.9378 14
0.9547 1 0.9546 9
0.9427 1 0.9427 5
0.9335 1 0.9335 5
0.933 1 0.9326 8
0.9523 1 0.9523 7
0.903 1 0.903 6
0.9404 1 0.9404 4
0.9301 1 0.9301 7
0.9286 1 0.9286 4
0.9434 1 0.9434 12
0.9355 1 0.9354 9
0.9273 1 0.9273 8
0.9382 1 0.9382 9
0.9352 1 0.9352 11
0.9417 1 0.9417 5
0.942 1 0.942 4
0.9387 1 0.9386 5
0.9465 1 0.9464 7
0.9437 1 0.9437 2
0.9264 1 0.9264 12
0.9434 1 0.9434 9
0.9456 1 0.9455 13
0.9418 1 0.9418 6
0.9129 1 0.9129 7
0.9455 1 0.9455 3
0.9435 1 0.9435 8
0.9415 1 0.9414 10
0.9374 1 0.9374 7
0.9456 1 0.9456 6
0.932 1 0.932 1
0.9314 1 0.9314 6
0.9441 1 0.9441 3
0.9422 1 0.9422 8
0.9142 1 0.9142 6
0.9403 1 0.9403 5
0.9326 1 0.9326 4
0.943 1 0.943 5
0.9335 1 0.9334 9
0.939 1 0.939 6
0.9331 1 0.9331 6
0.9312 1 0.9312 3
0.935 1 0.935 5
0.9509 1 0.9509 6
0.9416 1 0.9416 5
0.9488 1 0.9488 7
0.9248 1 0.9248 5
0.9489 1 0.9488 14
0.9452 1 0.9452 8
0.9445 1 0.9445 5
0.9445 1 0.9445 5
0.9491 1 0.9491 7
0.9353 1 0.9353 7
0.9367 1 0.9367 6
0.9327 1 0.9327 8
0.9543 1 0.9542 11
0.9407 1 0.9407 3
0.928 1 0.9276 15
0.9338 1 0.9338 5
0.9252 1 0.9251 7
0.9465 1 0.9465 9
0.9425 1 0.9425 6
0.9435 1 0.9435 8
0.9384 1 0.9384 5
0.9435 1 0.9435 8
0.9234 1 0.9234 5
0.9383 1 0.9383 6
0.929 1 0.929 3
0.9414 1 0.9414 6
0.9244 1 0.9244 7
0.9568 1 0.9568 5
0.9404 1 0.9404 7
0.9379 1 0.9379 7
0.9315 1 0.9313 10
0.9479 1 0.9479 7
0.9346 1 0.9346 3
0.8169 1 0.8169 4
0.7499 1 0.7499 2
0.6997 1 0.6997 3
0.8041 1 0.8041 2
0.7483 1 0.7483 1
0.7357 1 0.7357 4
0.7727 1 0.7727 4
0.8056 1 0.8056 5
0.8796 1 0.8796 3
0.7195 1 0.7195 2
0.7393 1 0.7393 3
0.837 1 0.837 4
0.8045 1 0.8045 2
0.7942 1 0.7942 3
0.7763 1 0.7763 3
0.8255 1 0.8255 7
0.7211 1 0.7211 2
0.7195 1 0.7195 3
0.8255 1 0.8255 7
0.7901 1 0.7901 4
0.7987 1 0.7987 4
0.7743 1 0.7743 6
0.7266 1 0.7266 2
0.7567 1 0.7567 3
0.8555 1 0.8555 4
0.7332 1 0.7332 5
0.7692 1 0.7692 3
0.8419 1 0.8419 3
0.7082 1 0.7082 4
0.761 1 0.761 3
0.8628 1 0.8628 2
0.7911 1 0.7911 2
0.7714 1 0.7714 3
0.8441 1 0.8441 4
0.7525 1 0.7525 1
0.7582 1 0.7582 5
0.7706 1 0.7706 4
0.8049 1 0.8049 4
0.8262 1 0.8262 4
0.7862 1 0.7862 2
0.7681 1 0.7681 2
0.7196 1 0.7196 5
0.7812 1 0.7812 4
0.7809 1 0.7809 3
0.7913 1 0.7913 8
0.7764 1 0.7764 4
0.8098 1 0.8098 3
0.7613 1 0.7613 2
0.8505 1 0.8505 2
0.7659 1 0.7659 4
0.7561 1 0.7561 3
0.7837 1 0.7837 3
0.7035 1 0.7035 3
0.7177 1 0.7177 4
0.7895 1 0.7895 4
0.8303 1 0.8303 4
0.8444 1 0.8444 5
0.8504 1 0.8504 3
0.7232 1 0.7232 3
0.8009 1 0.8009 4
0.7526 1 0.7526 7
0.7373 1 0.7373 5
0.8305 1 0.8305 4
0.7806 1 0.7806 6
0.7555 1 0.7555 3
0.7849 1 0.7849 4
0.716 1 0.716 8
0.7601 1 0.7601 5
0.7911 1 0.7911 4
0.7987 1 0.7987 4
0.741 1 0.741 3
0.7566 1 0.7566 6
0.7909 1 0.7909 3
0.7915 1 0.7915 5
0.7863 1 0.7863 3
0.7585 1 0.7585 4
0.6916 1 0.6916 6
0.78 1 0.78 5
0.8269 1 0.8269 2
0.777 1 0.777 3
0.7819 1 0.7819 3
0.7904 1 0.7904 3
0.7744 1 0.7744 5
0.7833 1 0.7833 2
0.8638 1 0.8638 5
0.7323 1 0.7323 2
0.8076 1 0.8076 3
0.7592 1 0.7592 3
0.7866 1 0.7866 6
0.7451 1 0.7451 1
0.7388 1 0.7388 4
0.7564 1 0.7564 8
0.7685 1 0.7685 6
0.7274 1 0.7274 3
0.7759 1 0.7759 3
0.8091 1 0.8091 4
0.7438 1 0.7438 3
0.8221 1 0.8221 3
0.7723 1 0.7723 3
0.7734 1 0.7734 2
0.5955 1 0.5955 7
0.6471 1 0.6471 6
0.6162 1 0.6162 5
0.6801 1 0.6801 4
0.6062 1 0.6062 3
0.6454 1 0.6454 2
0.6696 1 0.6696 8
0.7033 1 0.7033 4
0.6737 1 0.6737 5
0.6526 1 0.6526 5
0.7469 1 0.7469 4
0.638 1 0.638 2
0.6829 1 0.6829 3
0.6569 1 0.6569 3
0.6397 1 0.6397 6
0.6485 1 0.6485 6
0.6914 1 0.6914 4
0.7307 1 0.7307 7
0.655 1 0.655 3
0.6804 1 0.6804 7
0.6976 1 0.6976 3
0.7226 1 0.7226 3
0.7031 1 0.7031 2
0.6495 1 0.6495 5
0.709 1 0.709 5
0.6281 1 0.6281 6
0.7031 1 0.7031 3
0.7128 1 0.7128 3
0.668 1 0.668 4
0.6258 1 0.6258 7
0.7115 1 0.7115 5
0.7339 1 0.7339 4
0.6071 1 0.6071 1
0.6622 1 0.6622 2
0.599 1 0.599 2
0.6728 1 0.6728 2
0.6614 1 0.6614 5
0.6484 1 0.6484 6
0.6366 1 0.6366 2
0.6498 1 0.6498 4
0.6901 1 0.6901 5
0.6191 1 0.6191 3
0.669 1 0.669 5
0.6309 1 0.6309 4
0.6632 1 0.6632 2
0.6544 1 0.6544 3
0.6457 1 0.6457 4
0.7424 1 0.7424 4
0.676 1 0.676 5
0.697 1 0.697 5
0.7054 1 0.7054 4
0.6466 1 0.6466 3
0.6995 1 0.6995 2
0.6384 1 0.6384 2
0.6115 1 0.6115 2
0.5737 1 0.5737 4
0.7133 1 0.7133 5
0.6966 1 0.6966 2
0.7153 1 0.7153 4
0.698 1 0.698 2
0.6379 1 0.6379 3
0.6232 1 0.6232 3
0.6558 1 0.6558 3
0.7085 1 0.7085 4
0.6442 1 0.6442 3
0.6923 1 0.6923 3
0.5344 1 0.5344 5
0.6671 1 0.6671 6
0.6932 1 0.6932 3
0.6349 1 0.6349 5
0.69 1 0.69 4
0.6624 1 0.6624 2
0.6645 1 0.6645 4
0.6132 1 0.6132 3
0.7075 1 0.7075 5
0.6014 1 0.6014 4
0.6784 1 0.6784 5
0.638 1 0.638 5
0.6828 1 0.6828 3
0.717 1 0.7169 5
0.6898 1 0.6898 3
0.6169 1 0.6169 5
0.6829 1 0.6829 5
0.7147 1 0.7147 3
0.6658 1 0.6658 2
0.5954 1 0.5954 4
0.7035 1 0.7035 3
0.6768 1 0.6768 5
0.6521 1 0.6521 4
0.6201 1 0.6201 6
0.6124 1 0.6124 4
0.6818 1 0.6818 6
0.6692 1 0.6692 4
0.616 1 0.616 8
0.6466 1 0.6466 7
0.7141 1 0.7141 2
0.654 1 0.654 3
0.6888 1 0.6888 5
0.6687 1 0.6687 3
0.5883 1 0.5883 5
0.9037 1 0.9037 3
0.9437 1 0.9437 5
0.9282 1 0.9281 9
0.9206 1 0.9206 5
0.9275 1 0.9274 10
0.9162 1 0.9162 7
0.9084 1 0.9084 6
0.9073 1 0.9073 7
0.9184 1 0.9184 3
0.9217 1 0.9217 6
0.913 1 0.913 6
0.922 1 0.922 4
0.9362 1 0.9362 6
0.9475 1 0.9475 6
0.9122 1 0.9122 8
0.928 1 0.928 6
0.9087 1 0.9087 6
0.9308 1 0.9308 9
0.928 1 0.928 6
0.9225 1 0.9225 4
0.9182 1 0.9182 6
0.9031 1 0.9031 3
0.9112 1 0.9112 7
0.9309 1 0.9309 4
0.9303 1 0.9303 8
0.9216 1 0.9216 5
0.9169 1 0.9169 5
0.9303 1 0.9303 6
0.9218 1 0.9218 3
0.9311 1 0.9311 5
0.9224 1 0.9224 3
0.921 1 0.921 5
0.897 1 0.897 6
0.948 1 0.948 7
0.8996 1 0.8996 5
0.9341 1 0.9341 5
0.9256 1 0.9256 6
0.9275 1 0.9275 9
0.9442 1 0.9442 3
0.9253 1 0.9253 5
0.9047 1 0.9047 8
0.924 1 0.9237 4
0.9121 1 0.9121 5
0.9313 1 0.9313 6
0.9343 1 0.9343 8
0.8822 1 0.8822 6
0.9212 1 0.9212 9
0.9129 1 0.9129 6
0.9076 1 0.9076 6
0.8908 1 0.8908 5
0.9464 1 0.9464 8
0.9188 1 0.9188 4
0.9262 1 0.9262 5
0.9167 1 0.9167 4
0.9145 1 0.9145 5
0.9085 1 0.9084 9
0.9253 1 0.9253 4
0.9286 1 0.9286 5
0.91 1 0.91 5
0.933 1 0.933 6
0.9173 1 0.9173 4
0.9252 1 0.9252 6
0.9208 1 0.9208 2
0.9222 1 0.9222 3
0.9301 1 0.9301 4
0.9309 1 0.9309 1
0.9026 1 0.9026 8
0.8908 1 0.8908 6
0.8966 1 0.8966 9
0.9354 1 0.9354 4
0.9386 1 0.9386 7
0.9326 1 0.9326 2
0.9176 1 0.9176 5
0.8856 1 0.8856 2
0.9346 1 0.9345 4
0.9195 1 0.9195 3
0.9065 1 0.9064 6
0.9179 1 0.9179 6
0.9111 1 0.9111 9
0.9246 1 0.9246 5
0.9291 1 0.929 7
0.9084 1 0.9084 3
0.9226 1 0.9226 5
0.9315 1 0.9314 7
0.9241 1 0.9241 6
0.9201 1 0.9201 7
0.9199 1 0.9199 1
0.9226 1 0.9226 6
0.9062 1 0.9062 9
0.9284 1 0.9284 5
0.938 1 0.938 2
0.9319 1 0.9319 6
0.9328 1 0.9328 3
0.905 1 0.905 9
0.9192 1 0.9192 4
0.9445 1 0.9445 4
0.9249 1 0.9249 4
0.9173 1 0.9173 1
0.939 1 0.939 5
0.9247 1 0.9247 5
0.9233 1 0.9229 7
0.9112 1 0.9112 6
0.9279 1 0.9279 6
0.9363 1 0.9363 6
0.9449 1 0.9445 14
0.9421 1 0.9421 9
0.9295 1 0.9295 4
0.9269 1 0.9268 9
0.9316 1 0.9314 5
0.9348 1 0.9348 5
0.941 1 0.941 6
0.9309 1 0.9308 7
0.9197 1 0.9196 5
0.9217 1 0.9214 10
0.9231 1 0.9231 4
0.9236 1 0.9236 4
0.9324 1 0.9324 5
0.9221 1 0.9221 5
0.9236 1 0.9236 4
0.9111 1 0.9109 13
0.9348 1 0.9348 6
0.9351 1 0.9351 7
0.91 1 0.91 6
0.9225 1 0.9225 10
0.9317 1 0.9317 5
0.9221 1 0.9221 5
0.9393 1 0.9393 5
0.9349 1 0.9349 5
0.9268 1 0.9268 7
0.9287 1 0.9287 7
0.9332 1 0.9332 7
0.9273 1 0.9273 5
0.9301 1 0.9301 7
0.9271 1 0.9271 3
0.9367 1 0.9367 5
0.9224 1 0.9224 3
0.9353 1 0.9352 9
0.9149 1 0.9149 3
0.9287 1 0.9287 9
0.9249 1 0.9249 6
0.9258 1 0.9258 4
0.9162 1 0.9162 7
0.9079 1 0.9079 5
0.9323 1 0.9323 7
0.937 1 0.937 5
0.9349 1 0.9349 5
0.934 1 0.934 7
0.9382 1 0.9382 8
0.8982 1 0.8982 4
0.9158 1 0.9158 2
0.9291 1 0.9291 7
0.918 1 0.918 3
0.9512 1 0.9512 7
0.9303 1 0.9303 5
0.9229 1 0.9229 2
0.9432 1 0.9431 7
0.933 1 0.933 7
0.9481 1 0.9481 4
0.9074 1 0.9073 6
0.9308 1 0.9308 6
0.9424 1 0.9422 13
0.9422 1 0.9422 4
0.9159 1 0.9159 6
0.9415 1 0.9415 6
0.9127 1 0.9127 7
0.9237 1 0.9237 5
0.9377 1 0.9377 8
0.9398 1 0.9398 3
0.9327 1 0.9326 9
0.9181 1 0.9181 7
0.9396 1 0.9396 7
0.9407 1 0.9403 15
0.9225 1 0.9225 6
0.915 1 0.9149 9
0.9202 1 0.9202 3
0.9304 1 0.9303 11
0.9141 1 0.9141 7
0.9426 1 0.9426 7
0.937 1 0.9369 7
0.9124 1 0.9124 5
0.9248 1 0.9248 6
0.922 1 0.922 5
0.9263 1 0.9263 3
0.9358 1 0.9358 4
0.932 1 0.932 4
0.9265 1 0.9264 5
0.9358 1 0.9358 3
0.9284 1 0.9284 5
0.9316 1 0.9316 1
0.9316 1 0.9316 4
0.9379 1 0.9379 6
0.9318 1 0.9317 8
0.9254 1 0.9254 6
0.942 1 0.942 8
0.9373 1 0.9373 4
0.9239 1 0.9239 9
0.9308 1 0.9308 7
0.9295 1 0.9295 6
0.9294 1 0.9293 4
0.941 1 0.9408 11
0.7291 1 0.7291 3
0.7483 1 0.7483 2
0.7126 1 0.7126 2
0.7262 1 0.7262 4
0.7157 1 0.7157 4
0.6765 1 0.6765 7
0.7584 1 0.7584 4
0.6955 1 0.6955 5
0.726 1 0.726 4
0.7273 1 0.7273 2
0.6667 1 0.6667 4
0.6558 1 0.6558 2
0.7119 1 0.7119 4
0.7094 1 0.7094 5
0.7196 1 0.7196 5
0.6778 1 0.6778 3
0.7373 1 0.7373 5
0.7345 1 0.7345 2
0.6778 1 0.6778 3
0.7081 1 0.7081 4
0.6783 1 0.6783 4
0.7046 1 0.7046 3
0.7654 1 0.7654 2
0.7075 1 0.7075 5
0.7255 1 0.7255 1
0.6186 1 0.6186 2
0.6442 1 0.6442 2
0.7521 1 0.7521 3
0.6959 1 0.6959 4
0.6576 1 0.6576 4
0.7805 1 0.7805 4
0.6342 1 0.6342 5
0.7649 1 0.7649 6
0.7243 1 0.7243 4
0.6393 1 0.6393 3
0.7297 1 0.7297 3
0.7198 1 0.7198 4
0.6938 1 0.6938 4
0.7561 1 0.7561 2
0.6798 1 0.6798 3
0.7368 1 0.7368 3
0.6885 1 0.6885 4
0.7187 1 0.7187 5
0.7026 1 0.7026 4
0.7553 1 0.7553 8
0.6747 1 0.6747 5
0.7337 1 0.7337 2
0.6752 1 0.6752 1
0.7019 1 0.7019 3
0.7082 1 0.7082 3
0.692 1 0.692 8
0.7693 1 0.7693 3
0.7498 1 0.7498 4
0.6806 1 0.6806 4
0.6769 1 0.6769 5
0.7078 1 0.7078 4
0.7261 1 0.7261 4
0.6566 1 0.6566 5
0.6932 1 0.6932 3
0.6744 1 0.6744 5
0.7253 1 0.7253 6
0.6621 1 0.6621 4
0.7371 1 0.7371 7
0.6699 1 0.6699 1
0.6835 1 0.6835 4
0.7409 1 0.7409 6
0.7027 1 0.7027 3
0.7449 1 0.7449 3
0.6772 1 0.6772 4
0.7217 1 0.7217 3
0.7427 1 0.7427 6
0.5962 1 0.5962 2
0.633 1 0.633 4
0.7047 1 0.7047 5
0.7119 1 0.7119 3
0.6294 1 0.6294 2
0.6956 1 0.6956 5
0.732 1 0.732 2
0.7201 1 0.7201 5
0.7716 1 0.7716 2
0.7386 1 0.7386 5
0.6905 1 0.6905 4
0.7091 1 0.7091 4
0.7306 1 0.7306 3
0.7502 1 0.7502 3
0.7182 1 0.7182 3
0.6818 1 0.6818 5
0.7451 1 0.7451 4
0.6771 1 0.6771 3
0.7361 1 0.7361 1
0.8099 1 0.8099 3
0.6483 1 0.6483 3
0.7053 1 0.7053 4
0.6839 1 0.6839 2
0.7161 1 0.7161 3
0.7079 1 0.7079 6
0.7606 1 0.7606 3
0.6411 1 0.6411 4
0.7553 1 0.7553 7
0.6774 1 0.6774 6
0.9636 1 0.9627 14
0.936 1 0.933 16
0.9352 1 0.9307 21
0.9433 1 0.9422 12
0.9603 1 0.9601 6
0.9396 1 0.9395 10
0.9446 1 0.9438 11
0.9482 1 0.9482 1
0.9577 1 0.9575 11
0.9338 0.9525 0.889 9
0.9374 1 0.9374 5
0.9401 0.9911 0.9315 13
0.947 1 0.9463 15
0.9402 1 0.9401 9
0.9433 0.9549 0.9004 9
0.9578 1 0.9571 18
0.9303 0.9905 0.9211 9
0.9259 1 0.9235 19
0.9578 1 0.9571 18
0.9383 1 0.9383 6
0.9471 1 0.947 11
0.9462 1 0.9462 4
0.9565 1 0.9565 11
0.94 1 0.9399 5
0.9631 0.965 0.9284 19
0.9253 1 0.9253 4
0.9132 0.9993 0.9123 9
0.952 1 0.952 5
0.9375 0.9678 0.9068 8
0.9377 1 0.9376 10
0.9439 1 0.9427 11
0.9367 1 0.9362 8
0.9338 1 0.9297 9
0.9448 1 0.9442 12
0.9392 1 0.9391 15
0.9432 1 0.9425 13
0.9387 0.9631 0.9036 11
0.9172 1 0.9155 13
0.959 1 0.9584 15
0.9536 0.969 0.9237 27
0.958 1 0.9579 3
0.9495 1 0.9494 8
0.9552 1 0.955 14
0.9429 1 0.936 16
0.9401 1 0.9401 8
0.9373 1 0.9373 3
0.9545 1 0.9536 16
0.9611 0.9999 0.9601 18
0.9609 1 0.9598 15
0.9483 1 0.9483 3
0.9363 1 0.9362 10
0.9533 1 0.9532 15
0.9418 1 0.9415 21
0.9463 0.9534 0.9012 10
0.9522 1 0.952 20
0.9555 1 0.9554 10
0.9556 1 0.9555 9
0.95 1 0.9498 6
0.9475 1 0.9469 7
0.9409 1 0.9407 18
0.9506 1 0.9494 7
0.9596 1 0.9592 12
0.9152 0.9994 0.9137 10
0.9314 1 0.9314 5
0.9513 1 0.9512 8
0.9253 1 0.9233 12
0.9324 1 0.9321 15
0.9403 1 0.9401 8
0.9582 1 0.9578 14
0.9329 0.9535 0.8893 9
0.9492 0.9788 0.9288 13
0.9564 1 0.9555 31
0.9604 1 0.9602 13
0.9427 1 0.9425 14
0.9249 1 0.924 11
0.9266 1 0.9266 2
0.9542 1 0.9527 12
0.9482 1 0.9479 11
0.9398 1 0.9398 5
0.9334 1 0.9329 24
0.9591 1 0.9586 13
0.9586 1 0.9576 14
0.9529 1 0.9528 8
0.9439 1 0.9439 5
0.9485 0.9924 0.9407 15
0.9352 1 0.9352 5
0.9512 1 0.9498 20
0.9386 1 0.9386 8
0.9426 1 0.9415 18
0.9182 1 0.918 8
0.918 1 0.9169 23
0.9615 1 0.9615 4
0.9394 1 0.9391 14
0.9463 1 0.944 18
0.9643 1 0.9638 18
0.9212 1 0.9209 9
0.9163 1 0.916 8
0.9372 1 0.934 11
0.9468 1 0.9461 15
0.9153 1 0.9122 10
0.9414 1 0.9403 14
0.9302 1 0.9296 12
0.9322 1 0.9318 7
0.9195 1 0.9193 7
0.925 1 0.9248 9
0.9496 1 0.9481 12
0.9482 1 0.946 8
0.9394 1 0.9378 10
0.9391 1 0.9374 9
0.9338 1 0.9338 5
0.9259 1 0.9259 9
0.925 1 0.925 6
0.9395 1 0.9389 11
0.9234 1 0.9204 19
0.9504 1 0.946 17
0.9361 1 0.9343 20
0.9445 1 0.9425 17
0.9328 1 0.9327 16
0.9444 1 0.9439 14
0.9409 1 0.9394 18
0.9494 1 0.9491 9
0.9287 1 0.9281 7
0.9346 1 0.9331 12
0.9437 1 0.9436 7
0.9297 1 0.9286 6
0.9557 1 0.9536 20
0.9454 0.9998 0.942 18
0.9426 1 0.9391 23
0.9373 1 0.9352 10
0.9334 1 0.933 16
0.9361 1 0.9356 10
0.9415 1 0.9414 11
0.9304 1 0.9297 9
0.9371 1 0.934 17
0.9237 1 0.9237 9
0.9365 1 0.9356 11
0.9282 1 0.9276 17
0.9279 1 0.925 15
0.923 1 0.923 4
0.9408 1 0.9393 16
0.9387 1 0.9383 11
0.9426 1 0.9408 13
0.9393 1 0.9392 14
0.9469 1 0.9461 13
0.9233 1 0.9224 10
0.9313 1 0.9284 13
0.9577 1 0.9572 16
0.9294 1 0.9284 8
0.9185 1 0.9173 15
0.9425 1 0.9425 5
0.9514 0.9959 0.9436 18
0.9272 1 0.9267 15
0.9367 1 0.9361 12
0.9309 0.9999 0.9276 19
0.9415 1 0.9406 12
0.9326 1 0.9309 19
0.9424 1 0.9402 7
0.9455 1 0.9453 3
0.934 1 0.9339 12
0.9324 1 0.9307 22
0.9326 1 0.9325 10
0.9367 1 0.9365 14
0.9534 1 0.9509 32
0.938 1 0.935 11
0.9476 1 0.9476 3
0.9509 1 0.9494 18
0.9208 1 0.9197 13
0.9325 1 0.9323 16
0.9386 1 0.9384 4
0.9349 1 0.9345 20
0.9371 1 0.9344 21
0.9382 1 0.9372 19
0.9425 0.9998 0.9408 14
0.937 1 0.9368 7
0.9348 1 0.9347 7
0.932 1 0.9318 9
0.9413 1 0.9396 17
0.9258 1 0.9258 6
0.9385 1 0.9385 7
0.9401 1 0.9396 11
0.9514 1 0.9508 15
0.926 1 0.9246 14
0.9364 1 0.9358 18
0.9328 1 0.9324 12
0.9289 1 0.9279 11
0.9244 1 0.9242 7
0.9308 1 0.93 9
0.9292 0.9998 0.9267 19
0.9529 1 0.9519 12
0.9342 0.9618 0.8963 30
0.9341 1 0.9341 9
0.9255 1 0.9251 6
0.9375 1 0.9363 8
0.9353 1 0.9351 9
0.9356 0.9998 0.9352 8
0.929 1 0.9289 7
0.9381 1 0.938 8
0.9455 1 0.9455 5
0.9508 1 0.9472 15
0.9325 1 0.932 14
0.944 1 0.944 2
0.9344 1 0.9316 19
0.9397 1 0.9394 10
0.9233 1 0.9233 7
0.9244 1 0.9242 10
0.9392 1 0.9369 13
0.9302 1 0.9299 10
0.9298 1 0.9284 16
0.9491 1 0.9476 17
0.9191 1 0.919 8
0.9429 1 0.9423 13
0.9265 1 0.9247 29
0.9057 1 0.9057 7
0.9397 1 0.9366 29
0.9286 1 0.9284 11
0.9329 1 0.9323 9
0.9329 1 0.9323 9
0.9472 1 0.946 9
0.9331 0.9626 0.8953 20
0.9361 1 0.9351 11
0.9265 0.9999 0.9257 13
0.9364 1 0.9357 15
0.936 1 0.9348 16
0.9111 1 0.9103 8
0.926 1 0.9259 4
0.9324 1 0.9323 9
0.9313 1 0.9311 15
0.9184 1 0.9182 6
0.9303 1 0.9294 16
0.9265 1 0.9262 13
0.9522 1 0.9522 2
0.9312 1 0.931 19
0.9345 1 0.9341 11
0.9421 1 0.9412 13
0.936 0.979 0.9101 30
0.9282 1 0.9279 12
0.9324 1 0.9315 11
0.9263 1 0.926 12
0.9414 1 0.9403 25
0.952 1 0.9519 9
0.9324 0.9949 0.925 10
0.9375 1 0.9374 6
0.943 1 0.943 1
0.9494 1 0.9479 17
0.9439 1 0.9435 11
0.932 1 0.9319 9
0.9443 1 0.9443 9
0.9429 1 0.9418 10
0.9152 1 0.9147 8
0.921 1 0.9201 15
0.9399 1 0.9399 4
0.9067 1 0.9062 12
0.9443 1 0.9428 20
0.9418 1 0.9418 7
0.9296 1 0.9296 6
0.9387 1 0.9387 5
0.9281 1 0.9271 15
0.9271 1 0.927 7
0.9499 1 0.9497 5
0.9306 1 0.9275 20
0.9055 1 0.9055 5
0.9214 1 0.9212 9
0.9279 1 0.9273 19
0.9361 1 0.9361 6
0.9299 1 0.9298 2
0.9408 1 0.9407 8
0.9352 1 0.9346 7
0.9219 1 0.9216 11
0.9287 1 0.9284 8
0.9443 1 0.944 9
0.9363 1 0.9363 7
0.9375 1 0.9365 16
0.9353 1 0.9343 13
0.9442 1 0.9437 13
0.9421 1 0.9408 27
0.9241 1 0.9202 15
0.9244 1 0.9244 1
0.9474 1 0.9472 15
0.9435 1 0.9432 10
0.9271 1 0.9259 23
0.931 1 0.9304 16
0.947 1 0.9443 21
0.9108 1 0.91 10
0.9297 1 0.9289 12
0.9375 1 0.9375 4
0.9258 1 0.9252 8
0.915 1 0.9146 12
0.9248 1 0.924 11
0.9296 1 0.9293 19
0.9486 1 0.9479 10
0.9392 1 0.939 10
0.9101 1 0.9101 10
0.9182 1 0.9182 8
0.927 1 0.926 12
0.9383 1 0.9379 15
0.9205 1 0.9203 10
0.941 1 0.941 8
0.9299 1 0.9298 8
0.9416 1 0.9388 20
0.9361 1 0.9351 16
0.9493 1 0.9493 8
0.9275 1 0.9275 7
0.949 1 0.949 7
0.9473 1 0.9473 9
0.9211 1 0.9211 8
0.9133 1 0.9133 5
0.9425 1 0.9424 14
0.9431 1 0.9431 8
0.9434 1 0.9432 11
0.9381 1 0.9381 3
0.9379 1 0.9379 8
0.925 1 0.925 6
0.9595 1 0.9595 12
0.9367 1 0.9367 6
0.9262 1 0.9262 6
0.9494 1 0.9493 12
0.9405 1 0.9405 6
0.949 1 0.949 5
0.9494 1 0.9493 12
0.9303 1 0.9302 5
0.9348 1 0.9348 4
0.951 1 0.951 6
0.9576 1 0.9576 8
0.9394 1 0.9393 4
0.9467 1 0.9467 5
0.9427 1 0.9427 2
0.9381 1 0.9381 5
0.944 1 0.944 5
0.9425 1 0.9425 7
0.9304 1 0.9304 10
0.9526 1 0.9525 10
0.9352 1 0.9352 5
0.943 1 0.943 6
0.9367 1 0.9367 7
0.9467 1 0.9466 11
0.9477 1 0.9477 6
0.9536 1 0.9536 7
0.9457 1 0.9457 4
0.9395 1 0.9395 5
0.9547 1 0.9547 8
0.9262 1 0.9262 6
0.9247 1 0.9247 9
0.9525 1 0.9522 9
0.9367 1 0.9367 4
0.9363 1 0.9363 9
0.9387 1 0.9387 5
0.9328 1 0.9328 7
0.9248 1 0.9248 4
0.9402 1 0.9402 8
0.938 1 0.9379 9
0.9213 1 0.9213 7
0.9326 1 0.9326 8
0.9335 1 0.9335 4
0.9452 1 0.9452 6
0.9327 1 0.9326 6
0.9445 1 0.9445 7
0.9474 1 0.9474 4
0.9257 1 0.9257 6
0.9231 1 0.9228 14
0.9307 1 0.9302 16
0.9464 1 0.946 10
0.9252 1 0.9252 7
0.9372 1 0.9371 10
0.9402 1 0.9402 11
0.9325 1 0.9325 5
0.9489 1 0.9489 7
0.9441 1 0.9441 12
0.9413 1 0.9413 3
0.9353 1 0.9353 8
0.9276 1 0.9276 4
0.9281 1 0.9281 5
0.9355 1 0.9355 5
0.9238 1 0.9236 17
0.938 1 0.9379 8
0.9235 1 0.9235 6
0.9349 1 0.9349 5
0.9414 1 0.9414 6
0.939 1 0.939 2
0.9473 1 0.9473 7
0.9397 1 0.9397 2
0.942 1 0.942 6
0.9357 1 0.9356 11
0.9423 1 0.9423 9
0.92 1 0.9198 9
0.9525 1 0.9525 7
0.9607 1 0.9607 2
0.9337 1 0.9335 10
0.947 1 0.947 4
0.92 1 0.92 10
0.9364 1 0.9364 1
0.9563 1 0.9556 21
0.9307 1 0.9307 5
0.9454 1 0.945 13
0.922 1 0.922 2
0.9387 1 0.9387 1
0.9234 1 0.9234 6
0.9396 1 0.9396 6
0.9343 1 0.9343 8
0.946 1 0.946 6
0.934 1 0.934 2