0.2960 
0.3095 
0.2496 
0.2945 
0.3159 
0.2448 
0.2477 
0.2607 
0.2811 
0.2683 
0.2584 
0.2784 
0.2407 
0.2647 
0.2576 
0.3180 
0.2655 
0.2988 
0.3180 
0.2625 
0.3091 
0.2929 
0.2811 
0.2740 
0.2833 
0.2562 
0.3101 
0.2422 
0.2802 
0.2924 
0.3204 
0.2909 
0.2730 
0.2874 
0.2691 
0.2735 
0.2538 
0.2891 
0.2916 
0.2873 
0.2736 
0.2876 
0.2674 
0.2743 
0.3183 
0.2677 
0.2837 
0.2772 
0.2543 
0.2692 
0.2802 
0.2908 
0.2613 
0.2316 
0.2964 
0.2744 
0.2889 
0.2556 
0.2754 
0.3006 
0.2741 
0.2708 
0.2971 
0.3223 
0.2824 
0.2772 
0.2773 
0.3087 
0.2848 
0.2741 
0.2398 
0.2547 
0.2516 
0.2745 
0.2767 
0.2974 
0.2626 
0.3645 
0.2984 
0.2540 
0.3135 
0.3003 
0.2945 
0.2790 
0.2727 
0.2802 
0.3119 
0.2717 
0.3307 
0.2904 
0.2516 
0.3017 
0.2729 
0.2904 
0.2471 
0.2997 
0.2710 
0.3101 
0.2600 
0.2564 
0.5876 
0.5783 
0.5618 
0.5986 
0.6172 
0.5699 
0.6149 
0.5937 
0.5939 
0.5887 
0.6122 
0.5885 
0.6040 
0.5653 
0.6105 
0.5784 
0.6123 
0.5968 
0.5784 
0.6177 
0.5768 
0.5954 
0.5918 
0.5814 
0.5927 
0.6380 
0.6025 
0.5859 
0.6040 
0.6033 
0.5976 
0.5765 
0.5861 
0.6187 
0.5863 
0.5891 
0.6021 
0.5903 
0.6114 
0.6042 
0.6025 
0.5924 
0.5630 
0.5964 
0.5704 
0.6067 
0.6018 
0.6077 
0.5914 
0.6181 
0.5922 
0.5894 
0.5726 
0.5938 
0.6022 
0.6104 
0.6077 
0.5981 
0.5846 
0.5859 
0.5977 
0.6219 
0.5881 
0.6126 
0.5924 
0.5731 
0.5779 
0.6205 
0.6013 
0.6053 
0.6093 
0.6030 
0.6072 
0.6002 
0.6015 
0.5876 
0.5847 
0.6025 
0.5914 
0.5923 
0.5795 
0.6042 
0.5807 
0.5593 
0.5970 
0.5855 
0.5886 
0.6168 
0.5934 
0.6147 
0.5640 
0.6109 
0.5879 
0.5867 
0.6136 
0.6034 
0.5970 
0.6106 
0.6163 
0.5951 
0.3716 
0.3458 
0.3411 
0.3728 
0.3183 
0.3381 
0.3687 
0.3919 
0.4086 
0.3375 
0.2763 
0.4000 
0.3776 
0.4009 
0.3541 
0.3836 
0.3257 
0.3332 
0.3836 
0.3771 
0.4007 
0.3803 
0.3758 
0.3199 
0.4022 
0.3680 
0.3857 
0.4162 
0.3715 
0.3423 
0.4476 
0.3954 
0.3133 
0.3953 
0.3300 
0.3454 
0.3575 
0.3709 
0.4224 
0.3511 
0.3327 
0.3362 
0.3779 
0.3616 
0.3752 
0.3296 
0.3913 
0.3422 
0.3867 
0.3494 
0.3453 
0.3834 
0.3368 
0.3334 
0.3894 
0.3891 
0.3914 
0.4269 
0.3451 
0.3874 
0.3527 
0.3676 
0.4106 
0.4236 
0.3608 
0.3614 
0.3534 
0.3451 
0.3767 
0.4609 
0.3439 
0.3727 
0.3714 
0.3664 
0.3507 
0.3393 
0.3100 
0.3454 
0.4189 
0.4104 
0.3379 
0.3498 
0.3831 
0.3802 
0.4022 
0.3392 
0.4033 
0.3522 
0.3561 
0.3519 
0.3541 
0.3780 
0.4028 
0.3244 
0.3639 
0.3896 
0.3624 
0.4163 
0.3491 
0.3725 
0.2082 
0.2052 
0.2342 
0.2743 
0.2224 
0.2306 
0.2256 
0.2609 
0.2591 
0.2569 
0.2868 
0.2448 
0.2393 
0.2464 
0.2403 
0.2157 
0.2572 
0.2510 
0.2157 
0.2547 
0.2148 
0.2713 
0.2443 
0.2227 
0.2617 
0.2614 
0.2702 
0.2822 
0.2738 
0.2408 
0.2596 
0.2584 
0.1779 
0.2637 
0.1945 
0.2486 
0.2662 
0.2442 
0.2172 
0.2000 
0.2568 
0.2141 
0.2330 
0.2337 
0.2226 
0.2194 
0.2265 
0.2903 
0.2378 
0.2591 
0.2500 
0.2300 
0.2679 
0.2029 
0.1933 
0.2060 
0.2525 
0.2389 
0.2554 
0.2439 
0.2279 
0.2130 
0.2563 
0.2552 
0.2275 
0.2474 
0.1493 
0.2538 
0.2707 
0.2568 
0.2343 
0.2257 
0.2278 
0.2146 
0.2331 
0.2265 
0.2220 
0.2111 
0.2797 
0.2910 
0.2555 
0.2102 
0.2356 
0.2593 
0.2259 
0.2087 
0.2608 
0.2185 
0.2303 
0.2413 
0.2153 
0.2446 
0.2203 
0.2181 
0.2151 
0.2468 
0.2130 
0.2632 
0.2619 
0.2571 
0.5154 
0.5258 
0.5439 
0.5046 
0.5137 
0.5090 
0.5156 
0.5109 
0.5032 
0.5255 
0.5346 
0.5315 
0.5384 
0.5407 
0.5035 
0.5202 
0.5079 
0.5371 
0.5202 
0.5280 
0.4817 
0.5179 
0.4937 
0.5401 
0.5478 
0.5427 
0.5302 
0.5318 
0.5083 
0.5257 
0.5331 
0.5244 
0.4915 
0.5259 
0.5171 
0.5251 
0.5166 
0.5121 
0.5292 
0.5279 
0.5025 
0.5383 
0.5015 
0.5280 
0.5413 
0.4596 
0.5042 
0.5064 
0.5145 
0.5060 
0.5394 
0.5159 
0.5341 
0.5285 
0.5405 
0.5276 
0.5164 
0.5432 
0.5033 
0.5449 
0.5246 
0.5596 
0.4973 
0.5503 
0.5161 
0.5288 
0.4633 
0.5011 
0.5299 
0.5283 
0.5343 
0.5513 
0.5091 
0.5060 
0.5420 
0.5194 
0.4815 
0.4926 
0.5168 
0.5210 
0.4986 
0.4911 
0.5543 
0.5528 
0.5148 
0.5016 
0.5094 
0.5610 
0.5094 
0.5137 
0.5575 
0.5496 
0.5256 
0.5180 
0.4830 
0.5278 
0.5326 
0.5481 
0.5182 
0.5068 
0.5276 
0.5102 
0.5265 
0.5354 
0.5280 
0.5519 
0.5101 
0.5209 
0.5176 
0.5257 
0.5531 
0.5137 
0.5224 
0.5271 
0.5107 
0.5288 
0.5556 
0.4987 
0.5288 
0.5167 
0.5210 
0.5082 
0.4884 
0.4979 
0.5140 
0.5154 
0.5111 
0.5026 
0.5284 
0.5016 
0.5279 
0.5210 
0.5164 
0.5180 
0.4990 
0.5264 
0.5356 
0.5138 
0.5189 
0.5170 
0.5206 
0.5200 
0.5178 
0.5357 
0.4948 
0.5162 
0.5097 
0.5172 
0.4892 
0.5284 
0.5012 
0.5255 
0.5466 
0.5293 
0.5336 
0.5379 
0.5242 
0.5266 
0.5222 
0.5227 
0.5452 
0.5453 
0.5273 
0.5260 
0.5213 
0.5085 
0.5021 
0.5445 
0.5240 
0.5043 
0.5340 
0.5228 
0.5202 
0.4880 
0.5390 
0.4929 
0.5263 
0.5102 
0.5296 
0.4962 
0.5081 
0.4874 
0.5358 
0.5094 
0.5166 
0.5175 
0.5202 
0.5209 
0.5167 
0.5035 
0.5144 
0.5343 
0.5104 
0.5394 
0.5226 
0.5058 
0.4838 
0.5120 
0.5224 
0.5461 
0.3112 
0.3239 
0.3121 
0.3331 
0.3174 
0.2814 
0.3064 
0.2772 
0.3127 
0.3213 
0.3067 
0.2967 
0.3548 
0.3784 
0.3098 
0.3049 
0.3324 
0.3603 
0.3049 
0.3091 
0.2885 
0.3626 
0.3414 
0.2808 
0.3749 
0.2701 
0.2682 
0.3822 
0.3089 
0.3047 
0.3591 
0.2954 
0.3542 
0.3154 
0.2758 
0.3270 
0.3327 
0.3370 
0.3329 
0.3124 
0.3229 
0.3300 
0.3355 
0.3162 
0.3627 
0.2550 
0.3147 
0.3115 
0.3195 
0.3353 
0.2995 
0.3711 
0.3187 
0.3063 
0.3151 
0.3159 
0.2872 
0.2856 
0.3278 
0.2861 
0.3280 
0.2730 
0.3255 
0.2703 
0.2986 
0.3444 
0.3317 
0.3713 
0.2738 
0.3439 
0.3137 
0.2682 
0.2561 
0.2930 
0.3276 
0.3137 
0.3577 
0.3446 
0.3143 
0.3178 
0.3322 
0.3190 
0.3316 
0.3307 
0.3328 
0.2985 
0.2921 
0.3531 
0.2596 
0.3195 
0.3716 
0.2909 
0.3112 
0.3079 
0.3128 
0.2925 
0.3434 
0.2775 
0.3434 
0.3294 
0.5196 
0.5643 
0.5753 
0.5153 
0.5205 
0.5215 
0.5647 
0.5616 
0.5704 
0.4917 
0.5538 
0.5342 
0.5367 
0.5333 
0.5280 
0.5922 
0.5112 
0.5810 
0.5922 
0.5519 
0.5708 
0.5159 
0.5740 
0.5316 
0.5085 
0.4961 
0.4977 
0.5230 
0.4884 
0.5629 
0.5399 
0.5580 
0.5445 
0.5409 
0.5018 
0.5668 
0.5307 
0.5504 
0.5397 
0.5030 
0.5545 
0.5327 
0.5270 
0.5727 
0.5728 
0.5612 
0.5455 
0.5045 
0.5654 
0.5615 
0.5653 
0.5350 
0.5432 
0.4771 
0.5788 
0.5428 
0.5756 
0.5979 
0.5410 
0.5524 
0.5398 
0.5673 
0.5122 
0.5730 
0.5421 
0.5464 
0.5135 
0.5193 
0.5692 
0.5098 
0.4882 
0.5446 
0.5372 
0.5517 
0.5216 
0.5480 
0.5136 
0.5370 
0.5055 
0.5431 
0.5367 
0.5354 
0.5031 
0.5879 
0.5071 
0.5693 
0.5996 
0.5696 
0.5374 
0.5366 
0.5855 
0.5208 
0.5807 
0.5875 
0.5921 
0.5668 
0.4908 
0.5743 
0.5628 
0.5537 
0.5442 
0.5024 
0.5193 
0.5600 
0.5014 
0.5271 
0.5258 
0.5104 
0.5451 
0.5256 
0.5347 
0.5152 
0.5363 
0.5720 
0.5699 
0.5454 
0.5437 
0.5245 
0.5332 
0.5484 
0.5062 
0.5651 
0.5035 
0.5430 
0.5353 
0.5305 
0.4924 
0.4891 
0.5357 
0.5647 
0.5398 
0.5470 
0.5431 
0.5164 
0.5692 
0.5461 
0.5266 
0.5071 
0.5350 
0.4952 
0.5520 
0.5176 
0.5144 
0.5132 
0.5347 
0.5166 
0.5775 
0.5314 
0.5184 
0.5758 
0.4969 
0.5075 
0.5292 
0.5286 
0.5371 
0.5388 
0.5092 
0.5708 
0.5370 
0.4815 
0.5043 
0.5133 
0.5150 
0.5431 
0.5475 
0.5095 
0.5517 
0.5157 
0.5232 
0.5239 
0.5352 
0.5224 
0.5280 
0.5118 
0.5649 
0.5192 
0.5409 
0.5519 
0.5315 
0.5129 
0.5695 
0.5394 
0.5775 
0.4840 
0.5405 
0.5619 
0.5287 
0.4912 
0.5423 
0.4709 
0.5266 
0.4947 
0.5445 
0.5538 
0.4989 
0.5865 
0.5471 
0.5537 
0.5418 
0.4998 
0.5753 
0.5491 
0.5369 
0.5396 
0.5525 
0.5544 
0.5596 
0.5402 
0.5436 
0.5178 
0.5311 
0.5350 
0.5547 
0.5414 
0.5155 
0.5752 
0.5752 
0.5594 
0.5030 
0.5323 
0.5113 
0.5248 
0.5094 
0.5271 
0.5354 
0.5425 
0.5580 
0.5580 
0.5200 
0.5212 
0.5258 
0.5459 
0.5390 
0.5393 
0.4911 
0.5343 
0.5606 
0.5327 
0.5433 
0.5324 
0.4974 
0.5806 
0.5702 
0.5328 
0.5677 
0.5837 
0.5569 
0.5529 
0.5013 
0.5106 
0.5436 
0.4976 
0.5034 
0.5933 
0.5329 
0.5795 
0.4931 
0.5560 
0.5613 
0.5203 
0.5702 
0.5053 
0.5293 
0.5598 
0.5484 
0.5677 
0.5391 
0.5213 
0.5592 
0.5442 
0.5461 
0.5484 
0.5540 
0.5503 
0.5490 
0.5049 
0.4872 
0.5618 
0.5490 
0.5095 
0.5338 
0.5568 
0.5006 
0.5817 
0.5726 
0.5358 
0.5275 
0.5787 
0.5456 
0.5123 
0.5685 
0.5614 
0.5538 
0.5633 
0.5797 
0.5691 
0.5461 
0.5541 
0.5350 
0.5350 
0.5241 
0.5431 
0.5381 
0.5235 
0.5049 
0.5298 
0.5176 
0.5147 
0.5328 
0.5482 
0.5383 
0.4933 
0.5460 
0.5245 
0.5431 
0.5416 
0.5473 
0.5253 
0.5416 
0.5203 
0.5305 
0.5383 
0.5133 
0.5178 
0.5528 
0.4991 
0.5329 
0.5129 
0.5265 
0.5376 
0.5046 
0.5194 
0.5370 
0.4959 
0.5113 
0.5134 
0.5209 
0.5449 
0.5157 
0.5348 
0.5272 
0.5176 
0.5150 
0.5020 
0.5013 
0.5283 
0.5150 
0.4913 
0.5091 
0.5528 
0.4985 
0.5184 
0.5302 
0.5212 
0.5072 
0.5219 
0.5353 
0.5204 
0.5223 
0.5251 
0.5172 
0.5049 
0.5328 
0.5313 
0.5266 
0.5185 
0.5292 
0.5211 
0.5464 
0.5202 
0.4971 
0.5422 
0.5259 
0.5366 
0.4993 
0.5168 
0.5513 
0.5100 
0.5246 
0.5052 
0.5261 
0.5019 
0.5391 
0.4832 
0.5226 
0.5352 
0.5042 
0.5397 
0.5191 
0.5263 
0.5089 
0.5037 
0.5131 
0.5118 
0.5122 
0.4966 
0.5310 
0.5111 
0.5258 
0.5171 
