0.9474 +- -1.00 (1)
0.9760 +- -1.00 (1)
0.9359 +- -1.00 (1)
0.9340 +- -1.00 (1)
0.9513 +- -1.00 (1)
0.9638 +- -1.00 (1)
0.9625 +- -1.00 (1)
0.9828 +- -1.00 (1)
0.9370 +- -1.00 (1)
0.9553 +- -1.00 (1)
0.9361 +- -1.00 (1)
0.9493 +- -1.00 (1)
0.9751 +- -1.00 (1)
0.9666 +- -1.00 (1)
0.9718 +- -1.00 (1)
0.9630 +- -1.00 (1)
0.9797 +- -1.00 (1)
0.9139 +- -1.00 (1)
0.9550 +- -1.00 (1)
0.9605 +- -1.00 (1)
0.9640 +- -1.00 (1)
0.9586 +- -1.00 (1)
0.9655 +- -1.00 (1)
0.9573 +- -1.00 (1)
0.9654 +- -1.00 (1)
0.9708 +- -1.00 (1)
0.9698 +- -1.00 (1)
0.9642 +- -1.00 (1)
0.9581 +- -1.00 (1)
0.9739 +- -1.00 (1)
0.9640 +- -1.00 (1)
0.9620 +- -1.00 (1)
0.9758 +- -1.00 (1)
0.9620 +- -1.00 (1)
0.9768 +- -1.00 (1)
0.9676 +- -1.00 (1)
0.9779 +- -1.00 (1)
0.9508 +- -1.00 (1)
0.9603 +- -1.00 (1)
0.9631 +- -1.00 (1)
0.9652 +- -1.00 (1)
0.9721 +- -1.00 (1)
0.9596 +- -1.00 (1)
0.9698 +- -1.00 (1)
0.9677 +- -1.00 (1)
0.9691 +- -1.00 (1)
0.9672 +- -1.00 (1)
0.9621 +- -1.00 (1)
0.9661 +- -1.00 (1)
0.9601 +- -1.00 (1)
0.9585 +- -1.00 (1)
0.9580 +- -1.00 (1)
0.9782 +- -1.00 (1)
0.9653 +- -1.00 (1)
0.9672 +- -1.00 (1)
0.9611 +- -1.00 (1)
0.9520 +- -1.00 (1)
0.9510 +- -1.00 (1)
0.9712 +- -1.00 (1)
0.9691 +- -1.00 (1)
0.9631 +- -1.00 (1)
0.9752 +- -1.00 (1)
0.9670 +- -1.00 (1)
0.9701 +- -1.00 (1)
0.9675 +- -1.00 (1)
0.9593 +- -1.00 (1)
0.9711 +- -1.00 (1)
0.9653 +- -1.00 (1)
0.9640 +- -1.00 (1)
0.9645 +- -1.00 (1)
0.9620 +- -1.00 (1)
0.9602 +- -1.00 (1)
0.9748 +- -1.00 (1)
0.9694 +- -1.00 (1)
0.9687 +- -1.00 (1)
0.9646 +- -1.00 (1)
nan +- -1.00 (0)
0.9482 +- -1.00 (1)
0.9680 +- -1.00 (1)
0.9655 +- -1.00 (1)
0.9587 +- -1.00 (1)
nan +- -1.00 (0)
0.9621 +- -1.00 (1)
0.9664 +- -1.00 (1)
0.9682 +- -1.00 (1)
0.9646 +- -1.00 (1)
0.9651 +- -1.00 (1)
0.9559 +- -1.00 (1)
nan +- -1.00 (0)
0.9615 +- -1.00 (1)
0.9597 +- -1.00 (1)
0.9602 +- -1.00 (1)
0.9664 +- -1.00 (1)
0.9665 +- -1.00 (1)
0.9659 +- -1.00 (1)
0.9611 +- -1.00 (1)
0.9634 +- -1.00 (1)
0.9576 +- -1.00 (1)
0.9663 +- -1.00 (1)
0.9645 +- -1.00 (1)
0.9665 +- -1.00 (1)
0.9691 +- -1.00 (1)
0.9634 +- -1.00 (1)
0.9714 +- -1.00 (1)
0.9626 +- -1.00 (1)
0.9599 +- -1.00 (1)
0.9605 +- -1.00 (1)
0.9606 +- -1.00 (1)
0.9607 +- -1.00 (1)
0.9696 +- -1.00 (1)
0.9623 +- -1.00 (1)
0.9594 +- -1.00 (1)
0.9673 +- -1.00 (1)
0.9726 +- -1.00 (1)
0.9700 +- -1.00 (1)
0.9629 +- -1.00 (1)
0.9673 +- -1.00 (1)
0.9559 +- -1.00 (1)
0.9608 +- -1.00 (1)
nan +- -1.00 (0)
0.9613 +- -1.00 (1)
0.9635 +- -1.00 (1)
0.9613 +- -1.00 (1)
0.9724 +- -1.00 (1)
0.9628 +- -1.00 (1)
nan +- -1.00 (0)
0.9627 +- -1.00 (1)
0.9615 +- -1.00 (1)
0.9573 +- -1.00 (1)
0.9626 +- -1.00 (1)
0.9599 +- -1.00 (1)
0.9603 +- -1.00 (1)
0.9613 +- -1.00 (1)
0.9684 +- -1.00 (1)
0.9631 +- -1.00 (1)
0.9623 +- -1.00 (1)
0.9565 +- -1.00 (1)
0.9612 +- -1.00 (1)
0.9603 +- -1.00 (1)
nan +- -1.00 (0)
0.9515 +- -1.00 (1)
0.9509 +- -1.00 (1)
0.9397 +- -1.00 (1)
0.9521 +- -1.00 (1)
0.9483 +- -1.00 (1)
nan +- -1.00 (0)
0.9516 +- -1.00 (1)
0.9548 +- -1.00 (1)
0.9467 +- -1.00 (1)
0.9543 +- -1.00 (1)
0.9547 +- -1.00 (1)
nan +- -1.00 (0)
0.0000 +- -1.00 (1)
0.9558 +- -1.00 (1)
0.9559 +- -1.00 (1)
0.9613 +- -1.00 (1)
0.9521 +- -1.00 (1)
0.9622 +- -1.00 (1)
0.9506 +- -1.00 (1)
0.9545 +- -1.00 (1)
0.9463 +- -1.00 (1)
0.9535 +- -1.00 (1)
0.9516 +- -1.00 (1)
0.9492 +- -1.00 (1)
0.9552 +- -1.00 (1)
0.9540 +- -1.00 (1)
0.9520 +- -1.00 (1)
0.9477 +- -1.00 (1)
0.9465 +- -1.00 (1)
nan +- -1.00 (0)
0.9525 +- -1.00 (1)
0.9507 +- -1.00 (1)
0.9389 +- -1.00 (1)
0.9547 +- -1.00 (1)
0.9501 +- -1.00 (1)
0.9550 +- -1.00 (1)
0.9544 +- -1.00 (1)
0.9569 +- -1.00 (1)
0.9517 +- -1.00 (1)
0.9532 +- -1.00 (1)
0.9486 +- -1.00 (1)
0.9502 +- -1.00 (1)
0.9482 +- -1.00 (1)
0.9577 +- -1.00 (1)
0.9499 +- -1.00 (1)
0.9338 +- -1.00 (1)
0.9598 +- -1.00 (1)
0.9478 +- -1.00 (1)
0.9494 +- -1.00 (1)
0.9527 +- -1.00 (1)
0.9463 +- -1.00 (1)
0.9495 +- -1.00 (1)
0.0000 +- -1.00 (1)
0.9488 +- -1.00 (1)
0.9532 +- -1.00 (1)
0.9505 +- -1.00 (1)
0.9503 +- -1.00 (1)
0.9534 +- -1.00 (1)
0.9522 +- -1.00 (1)
0.9539 +- -1.00 (1)
0.9522 +- -1.00 (1)
0.9549 +- -1.00 (1)
0.9478 +- -1.00 (1)
0.9615 +- -1.00 (1)
0.9345 +- -1.00 (1)
0.9354 +- -1.00 (1)
0.9554 +- -1.00 (1)
0.9593 +- -1.00 (1)
0.9453 +- -1.00 (1)
0.9467 +- -1.00 (1)
0.9518 +- -1.00 (1)
0.9550 +- -1.00 (1)
0.9411 +- -1.00 (1)
0.9511 +- -1.00 (1)
0.9458 +- -1.00 (1)
0.9514 +- -1.00 (1)
nan +- -1.00 (0)
0.9510 +- -1.00 (1)
0.9522 +- -1.00 (1)
0.9566 +- -1.00 (1)
0.9391 +- -1.00 (1)
0.9497 +- -1.00 (1)
0.9455 +- -1.00 (1)
0.9504 +- -1.00 (1)
0.9357 +- -1.00 (1)
0.0000 +- -1.00 (1)
nan +- -1.00 (0)
0.9462 +- -1.00 (1)
0.9481 +- -1.00 (1)
0.9501 +- -1.00 (1)
nan +- -1.00 (0)
0.9436 +- -1.00 (1)
0.9523 +- -1.00 (1)
0.9503 +- -1.00 (1)
0.9533 +- -1.00 (1)
0.9458 +- -1.00 (1)
0.9397 +- -1.00 (1)
0.9461 +- -1.00 (1)
0.9502 +- -1.00 (1)
0.9472 +- -1.00 (1)
0.9493 +- -1.00 (1)
0.9395 +- -1.00 (1)
0.9571 +- -1.00 (1)
0.9499 +- -1.00 (1)
0.9459 +- -1.00 (1)
0.0000 +- -1.00 (1)
0.9441 +- -1.00 (1)
0.9322 +- -1.00 (1)
0.9426 +- -1.00 (1)
0.9520 +- -1.00 (1)
0.9445 +- -1.00 (1)
0.9490 +- -1.00 (1)
0.9411 +- -1.00 (1)
nan +- -1.00 (0)
0.9496 +- -1.00 (1)
0.9525 +- -1.00 (1)
0.9481 +- -1.00 (1)
0.9461 +- -1.00 (1)
0.9504 +- -1.00 (1)
0.9411 +- -1.00 (1)
0.9406 +- -1.00 (1)
0.9354 +- -1.00 (1)
0.9494 +- -1.00 (1)
nan +- -1.00 (0)
0.9301 +- -1.00 (1)
0.0000 +- -1.00 (1)
0.9442 +- -1.00 (1)
0.9441 +- -1.00 (1)
0.9467 +- -1.00 (1)
0.9521 +- -1.00 (1)
0.9305 +- -1.00 (1)
0.9473 +- -1.00 (1)
0.9544 +- -1.00 (1)
0.9420 +- -1.00 (1)
0.9457 +- -1.00 (1)
0.9420 +- -1.00 (1)
0.9380 +- -1.00 (1)
0.9427 +- -1.00 (1)
0.9428 +- -1.00 (1)
0.9499 +- -1.00 (1)
0.9485 +- -1.00 (1)
0.9446 +- -1.00 (1)
0.9431 +- -1.00 (1)
0.9567 +- -1.00 (1)
0.9520 +- -1.00 (1)
0.0000 +- -1.00 (1)
0.9485 +- -1.00 (1)
0.9396 +- -1.00 (1)
0.9508 +- -1.00 (1)
0.9482 +- -1.00 (1)
0.9371 +- -1.00 (1)
0.9488 +- -1.00 (1)
0.9454 +- -1.00 (1)
0.9477 +- -1.00 (1)
0.9354 +- -1.00 (1)
0.9497 +- -1.00 (1)
0.9527 +- -1.00 (1)
0.9460 +- -1.00 (1)
0.9506 +- -1.00 (1)
0.9479 +- -1.00 (1)
