-1.0000 
0.9760 
0.9264 
-1.0000 
-1.0000 
0.9633 
-1.0000 
0.9828 
-1.0000 
0.9518 
0.9384 
0.9534 
0.9761 
0.9666 
0.9701 
-1.0000 
-1.0000 
0.9139 
0.9543 
-1.0000 
-1.0000 
-1.0000 
-1.0000 
0.9555 
0.9670 
-1.0000 
-1.0000 
-1.0000 
0.9627 
-1.0000 
0.9636 
-1.0000 
-1.0000 
0.9685 
0.9768 
0.9654 
-1.0000 
0.9486 
0.9604 
0.9613 
0.9659 
0.9734 
-1.0000 
-1.0000 
0.9667 
0.9689 
0.9661 
0.9636 
-1.0000 
-1.0000 
0.9624 
0.9553 
0.9760 
0.9653 
0.9635 
-1.0000 
-1.0000 
0.9526 
0.9754 
-1.0000 
-1.0000 
0.9670 
-1.0000 
0.9669 
-1.0000 
-1.0000 
0.9683 
-1.0000 
0.9648 
-1.0000 
-1.0000 
-1.0000 
0.9725 
0.9681 
0.9655 
0.9615 
-1.0000 
0.9504 
0.9732 
-1.0000 
-1.0000 
-1.0000 
0.9558 
-1.0000 
-1.0000 
-1.0000 
-1.0000 
0.9540 
-1.0000 
-1.0000 
0.9612 
0.9589 
0.9690 
-1.0000 
0.9598 
0.9622 
0.9643 
-1.0000 
-1.0000 
-1.0000 
-1.0000 
0.9647 
0.9638 
-1.0000 
-1.0000 
-1.0000 
0.9551 
-1.0000 
0.9565 
-1.0000 
0.9672 
-1.0000 
-1.0000 
0.9693 
0.9664 
-1.0000 
0.9687 
-1.0000 
-1.0000 
-1.0000 
0.9576 
-1.0000 
0.9578 
-1.0000 
-1.0000 
-1.0000 
-1.0000 
-1.0000 
-1.0000 
-1.0000 
-1.0000 
-1.0000 
0.9584 
-1.0000 
0.9649 
0.9607 
-1.0000 
0.9544 
-1.0000 
-1.0000 
0.9526 
0.9514 
-1.0000 
-1.0000 
-1.0000 
-1.0000 
0.9578 
0.9570 
0.9507 
-1.0000 
0.9526 
-1.0000 
-1.0000 
0.9556 
-1.0000 
-1.0000 
-1.0000 
0.9587 
-1.0000 
0.9568 
0.9514 
-1.0000 
0.9573 
-1.0000 
0.9557 
0.9536 
-1.0000 
-1.0000 
-1.0000 
-1.0000 
-1.0000 
0.9512 
0.9581 
-1.0000 
-1.0000 
-1.0000 
-1.0000 
0.9555 
0.9466 
0.9467 
-1.0000 
0.9515 
0.9550 
0.9545 
0.9547 
0.9473 
-1.0000 
-1.0000 
0.9461 
-1.0000 
-1.0000 
0.9524 
0.9470 
0.9543 
-1.0000 
-1.0000 
-1.0000 
-1.0000 
0.9477 
-1.0000 
-1.0000 
-1.0000 
-1.0000 
-1.0000 
-1.0000 
-1.0000 
-1.0000 
0.9567 
0.9486 
0.9444 
0.9516 
0.9537 
0.9499 
-1.0000 
-1.0000 
0.9505 
-1.0000 
0.9440 
-1.0000 
0.9479 
0.9438 
-1.0000 
0.9433 
-1.0000 
0.9477 
-1.0000 
-1.0000 
-1.0000 
-1.0000 
-1.0000 
-1.0000 
0.9492 
-1.0000 
-1.0000 
0.9489 
0.9449 
0.9528 
0.9489 
0.9483 
-1.0000 
-1.0000 
-1.0000 
-1.0000 
0.9490 
-1.0000 
-1.0000 
0.9422 
-1.0000 
-1.0000 
-1.0000 
-1.0000 
0.9525 
0.9508 
-1.0000 
-1.0000 
0.9408 
-1.0000 
-1.0000 
-1.0000 
0.9476 
-1.0000 
-1.0000 
-1.0000 
-1.0000 
-1.0000 
0.9441 
0.9483 
0.9421 
0.9553 
-1.0000 
0.9440 
0.9434 
0.9536 
0.9473 
-1.0000 
0.9441 
-1.0000 
0.9390 
-1.0000 
0.9500 
-1.0000 
-1.0000 
0.9446 
0.9490 
-1.0000 
0.9471 
-1.0000 
0.9345 
-1.0000 
0.9481 
-1.0000 
-1.0000 
0.9480 
0.9513 
0.9416 
0.9469 
0.9546 
-1.0000 
0.9503 
-1.0000 
