nan +- -1.00 (0)
0.9760 +- -1.00 (1)
0.9264 +- -1.00 (1)
nan +- -1.00 (0)
nan +- -1.00 (0)
0.9633 +- -1.00 (1)
nan +- -1.00 (0)
0.9828 +- -1.00 (1)
nan +- -1.00 (0)
0.9518 +- -1.00 (1)
0.9384 +- -1.00 (1)
0.9534 +- -1.00 (1)
0.9761 +- -1.00 (1)
0.9666 +- -1.00 (1)
0.9701 +- -1.00 (1)
nan +- -1.00 (0)
nan +- -1.00 (0)
0.9139 +- -1.00 (1)
0.9543 +- -1.00 (1)
nan +- -1.00 (0)
nan +- -1.00 (0)
nan +- -1.00 (0)
nan +- -1.00 (0)
0.9555 +- -1.00 (1)
0.9670 +- -1.00 (1)
nan +- -1.00 (0)
nan +- -1.00 (0)
nan +- -1.00 (0)
0.9627 +- -1.00 (1)
nan +- -1.00 (0)
0.9636 +- -1.00 (1)
nan +- -1.00 (0)
nan +- -1.00 (0)
0.9685 +- -1.00 (1)
0.9768 +- -1.00 (1)
0.9654 +- -1.00 (1)
nan +- -1.00 (0)
0.9486 +- -1.00 (1)
0.9604 +- -1.00 (1)
0.9613 +- -1.00 (1)
0.9659 +- -1.00 (1)
0.9734 +- -1.00 (1)
nan +- -1.00 (0)
nan +- -1.00 (0)
0.9667 +- -1.00 (1)
0.9689 +- -1.00 (1)
0.9661 +- -1.00 (1)
0.9636 +- -1.00 (1)
nan +- -1.00 (0)
nan +- -1.00 (0)
0.9624 +- -1.00 (1)
0.9553 +- -1.00 (1)
0.9760 +- -1.00 (1)
0.9653 +- -1.00 (1)
0.9635 +- -1.00 (1)
nan +- -1.00 (0)
nan +- -1.00 (0)
0.9526 +- -1.00 (1)
0.9754 +- -1.00 (1)
nan +- -1.00 (0)
nan +- -1.00 (0)
0.9670 +- -1.00 (1)
nan +- -1.00 (0)
0.9669 +- -1.00 (1)
nan +- -1.00 (0)
nan +- -1.00 (0)
0.9683 +- -1.00 (1)
nan +- -1.00 (0)
0.9648 +- -1.00 (1)
nan +- -1.00 (0)
nan +- -1.00 (0)
nan +- -1.00 (0)
0.9725 +- -1.00 (1)
0.9681 +- -1.00 (1)
0.9655 +- -1.00 (1)
0.9615 +- -1.00 (1)
nan +- -1.00 (0)
0.9504 +- -1.00 (1)
0.9732 +- -1.00 (1)
nan +- -1.00 (0)
nan +- -1.00 (0)
nan +- -1.00 (0)
0.9558 +- -1.00 (1)
nan +- -1.00 (0)
nan +- -1.00 (0)
nan +- -1.00 (0)
nan +- -1.00 (0)
0.9540 +- -1.00 (1)
nan +- -1.00 (0)
nan +- -1.00 (0)
0.9612 +- -1.00 (1)
0.9589 +- -1.00 (1)
0.9690 +- -1.00 (1)
nan +- -1.00 (0)
0.9598 +- -1.00 (1)
0.9622 +- -1.00 (1)
0.9643 +- -1.00 (1)
nan +- -1.00 (0)
nan +- -1.00 (0)
nan +- -1.00 (0)
nan +- -1.00 (0)
0.9647 +- -1.00 (1)
0.9638 +- -1.00 (1)
nan +- -1.00 (0)
nan +- -1.00 (0)
nan +- -1.00 (0)
0.9551 +- -1.00 (1)
nan +- -1.00 (0)
0.9565 +- -1.00 (1)
nan +- -1.00 (0)
0.9672 +- -1.00 (1)
nan +- -1.00 (0)
nan +- -1.00 (0)
0.9693 +- -1.00 (1)
0.9664 +- -1.00 (1)
nan +- -1.00 (0)
0.9687 +- -1.00 (1)
nan +- -1.00 (0)
nan +- -1.00 (0)
nan +- -1.00 (0)
0.9576 +- -1.00 (1)
nan +- -1.00 (0)
0.9578 +- -1.00 (1)
nan +- -1.00 (0)
nan +- -1.00 (0)
nan +- -1.00 (0)
nan +- -1.00 (0)
nan +- -1.00 (0)
nan +- -1.00 (0)
nan +- -1.00 (0)
nan +- -1.00 (0)
nan +- -1.00 (0)
0.9584 +- -1.00 (1)
nan +- -1.00 (0)
0.9649 +- -1.00 (1)
0.9607 +- -1.00 (1)
nan +- -1.00 (0)
0.9544 +- -1.00 (1)
nan +- -1.00 (0)
nan +- -1.00 (0)
0.9526 +- -1.00 (1)
0.9514 +- -1.00 (1)
nan +- -1.00 (0)
nan +- -1.00 (0)
nan +- -1.00 (0)
nan +- -1.00 (0)
0.9578 +- -1.00 (1)
0.9570 +- -1.00 (1)
0.9507 +- -1.00 (1)
nan +- -1.00 (0)
0.9526 +- -1.00 (1)
nan +- -1.00 (0)
nan +- -1.00 (0)
0.9556 +- -1.00 (1)
nan +- -1.00 (0)
nan +- -1.00 (0)
nan +- -1.00 (0)
0.9587 +- -1.00 (1)
nan +- -1.00 (0)
0.9568 +- -1.00 (1)
0.9514 +- -1.00 (1)
nan +- -1.00 (0)
0.9573 +- -1.00 (1)
nan +- -1.00 (0)
0.9557 +- -1.00 (1)
0.9536 +- -1.00 (1)
nan +- -1.00 (0)
nan +- -1.00 (0)
nan +- -1.00 (0)
nan +- -1.00 (0)
nan +- -1.00 (0)
0.9512 +- -1.00 (1)
0.9581 +- -1.00 (1)
nan +- -1.00 (0)
nan +- -1.00 (0)
nan +- -1.00 (0)
nan +- -1.00 (0)
0.9555 +- -1.00 (1)
0.9466 +- -1.00 (1)
0.9467 +- -1.00 (1)
nan +- -1.00 (0)
0.9515 +- -1.00 (1)
0.9550 +- -1.00 (1)
0.9545 +- -1.00 (1)
0.9547 +- -1.00 (1)
0.9473 +- -1.00 (1)
nan +- -1.00 (0)
nan +- -1.00 (0)
0.9461 +- -1.00 (1)
nan +- -1.00 (0)
nan +- -1.00 (0)
0.9524 +- -1.00 (1)
0.9470 +- -1.00 (1)
0.9543 +- -1.00 (1)
nan +- -1.00 (0)
nan +- -1.00 (0)
nan +- -1.00 (0)
nan +- -1.00 (0)
0.9477 +- -1.00 (1)
nan +- -1.00 (0)
nan +- -1.00 (0)
nan +- -1.00 (0)
nan +- -1.00 (0)
nan +- -1.00 (0)
nan +- -1.00 (0)
nan +- -1.00 (0)
nan +- -1.00 (0)
0.9567 +- -1.00 (1)
0.9486 +- -1.00 (1)
0.9444 +- -1.00 (1)
0.9516 +- -1.00 (1)
0.9537 +- -1.00 (1)
0.9499 +- -1.00 (1)
nan +- -1.00 (0)
nan +- -1.00 (0)
0.9505 +- -1.00 (1)
nan +- -1.00 (0)
0.9440 +- -1.00 (1)
nan +- -1.00 (0)
0.9479 +- -1.00 (1)
0.9438 +- -1.00 (1)
nan +- -1.00 (0)
0.9433 +- -1.00 (1)
nan +- -1.00 (0)
0.9477 +- -1.00 (1)
nan +- -1.00 (0)
nan +- -1.00 (0)
nan +- -1.00 (0)
nan +- -1.00 (0)
nan +- -1.00 (0)
nan +- -1.00 (0)
0.9492 +- -1.00 (1)
nan +- -1.00 (0)
nan +- -1.00 (0)
0.9489 +- -1.00 (1)
0.9449 +- -1.00 (1)
0.9528 +- -1.00 (1)
0.9489 +- -1.00 (1)
0.9483 +- -1.00 (1)
nan +- -1.00 (0)
nan +- -1.00 (0)
nan +- -1.00 (0)
nan +- -1.00 (0)
0.9490 +- -1.00 (1)
nan +- -1.00 (0)
nan +- -1.00 (0)
0.9422 +- -1.00 (1)
nan +- -1.00 (0)
nan +- -1.00 (0)
nan +- -1.00 (0)
nan +- -1.00 (0)
0.9525 +- -1.00 (1)
0.9508 +- -1.00 (1)
nan +- -1.00 (0)
nan +- -1.00 (0)
0.9408 +- -1.00 (1)
nan +- -1.00 (0)
nan +- -1.00 (0)
nan +- -1.00 (0)
0.9476 +- -1.00 (1)
nan +- -1.00 (0)
nan +- -1.00 (0)
nan +- -1.00 (0)
nan +- -1.00 (0)
nan +- -1.00 (0)
0.9441 +- -1.00 (1)
0.9483 +- -1.00 (1)
0.9421 +- -1.00 (1)
0.9553 +- -1.00 (1)
nan +- -1.00 (0)
0.9440 +- -1.00 (1)
0.9434 +- -1.00 (1)
0.9536 +- -1.00 (1)
0.9473 +- -1.00 (1)
nan +- -1.00 (0)
0.9441 +- -1.00 (1)
nan +- -1.00 (0)
0.9390 +- -1.00 (1)
nan +- -1.00 (0)
0.9500 +- -1.00 (1)
nan +- -1.00 (0)
nan +- -1.00 (0)
0.9446 +- -1.00 (1)
0.9490 +- -1.00 (1)
nan +- -1.00 (0)
0.9471 +- -1.00 (1)
nan +- -1.00 (0)
0.9345 +- -1.00 (1)
nan +- -1.00 (0)
0.9481 +- -1.00 (1)
nan +- -1.00 (0)
nan +- -1.00 (0)
0.9480 +- -1.00 (1)
0.9513 +- -1.00 (1)
0.9416 +- -1.00 (1)
0.9469 +- -1.00 (1)
0.9546 +- -1.00 (1)
nan +- -1.00 (0)
0.9503 +- -1.00 (1)
nan +- -1.00 (0)
