

0.9354


0.9643

0.9828

0.9518
0.9326
0.9505
0.9767
0.9675
0.9727


0.9139
0.9576




0.9601




0.967

0.964



0.9768
0.9635

0.9523
0.9628
0.9613
0.959
0.9736


0.9678
0.9684
0.9678
0.9648


0.9656
0.9601
0.9753
0.9653
0.9687


0.9504
0.9725


0.9698

0.9697




0.9656



0.9721

0.9687
0.9634

0.9468




0.9613




0.9552


0.959
0.9606
0.9665

0.9611
0.961
0.9657




0.9696
0.9633



0.9632

0.9618

0.9672


0.9734
0.964

0.9657



0.9625

0.9595









0.9524

0.9617
0.9633

0.9578


0.9535
0.9564




0.9499
0.9521
0.9476

0.9583






0.9602

0.9545
0.9502

0.9534


0.9489





0.9512
0.95




0.9536
0.9539
0.9575

0.9486
0.9586
0.9513
0.9576
0.9412


0.9448


0.9561
0.9373
0.9466




0.9494








0.9557
0.9428
0.9508
0.9525
0.9541
0.9494


0.9502

0.9483


0.9425

0.9459

0.9476






0.9517


0.9494
0.9507
0.9417
0.9492
0.946




0.9536


0.9439




0.9517
0.9501


0.9422



0.9497





0.9311
0.9439

0.9483

0.9461
0.9445
0.9567
0.9456

0.9441

0.9427

0.9476



0.9481

0.9364

0.942

0.9492


0.9543
0.95
0.9424
0.9507
0.9538

0.9503
