0.0844 0.083 0.1595612 1
0.0383 0.0378 0.07372736 1
0.2114 0.2067 0.37382072 1
0.1801 0.1734 0.32162316 1
0.0771 0.0751 0.14556099 1
0.1799 0.1749 0.32268929 1
0.1478 0.1439 0.26972228 1
0.0781 0.0754 0.14676376 1
0.0777 0.0677 0.13928411 1
0.2242 0.2232 0.39680496 1
0.2355 0.2296 0.4104933 1
0.0652 0.059 0.1194764 1
0.0273 0.0259 0.05154513 1
0.0325 0.0313 0.06184555 1
0.0812 0.0771 0.15119678 1
0.165 0.1639 0.3011844 1
0.0777 0.0751 0.14611653 1
0.0543 0.0524 0.10296038 1
0.0398 0.0384 0.07574888 1
0.0508 0.0502 0.09754984 1
0.1278 0.123 0.2343304 1
0.0897 0.0824 0.16387982 1
0.3457 0.3447 0.57092661 1
0.1472 0.1414 0.26707352 1
0.0494 0.0482 0.09431552 1
0.1108 0.1093 0.20720866 1
0.1373 0.1351 0.25312217 1
0.0844 0.0833 0.15983618 1
0.1211 0.121 0.226688 1
0.0811 0.0804 0.15414006 1
0.0889 0.0873 0.16761423 1
0.0508 0.0436 0.09127852 1
0.0171 0.0171 0.03294079 1
0.0357 0.0352 0.06871326 1
0.0524 0.052 0.1007786 1
0.0684 0.0674 0.13032464 1
0.049 0.0431 0.0890792 1
0.2212 0.2141 0.38737538 1
0.0916 0.0906 0.17308224 1
0.057 0.0551 0.1080704 1
0.0551 0.041 0.092936 1
0.1506 0.1505 0.2777348 1
0.1342 0.126 0.24255 1
0.1379 0.1348 0.25338278 1
0.0514 0.051 0.09888 1
0.0462 0.0429 0.08620612 1
0.076 0.0724 0.142045 1
0.1155 0.1121 0.21387905 1
0.0603 0.0598 0.11561316 1
0.0158 0.0138 0.02841056 1
0.061 0.0568 0.113452 1
0.1037 0.101 0.19343 1
0.0325 0.0321 0.06262035 1
0.2137 0.2123 0.38005649 1
0.2662 0.2642 0.45959936 1
0.067 0.0638 0.1256552 1
0.0771 0.0754 0.14583816 1
0.0778 0.0668 0.13854656 1
0.0283 0.0252 0.05183934 1
0.0376 0.0336 0.06900684 1
0.1497 0.1439 0.27135077 1
0.063 0.0598 0.1181544 1
0.109 0.0998 0.1971296 1
0.1008 0.0994 0.18937968 1
0.0885 0.0867 0.16670125 1
0.0767 0.076 0.1460225 1
0.0829 0.0812 0.15653162 1
0.0218 0.02 0.0404048 1
0.0719 0.069 0.1350788 1
0.0772 0.0761 0.14657738 1
0.1785 0.1721 0.31922975 1
0.1354 0.126 0.2436 1
0.08 0.0742 0.1474172 1
0.1441 0.1416 0.26458014 1
0.1788 0.1775 0.3239183 1
0.0369 0.0365 0.07112555 1
0.0829 0.0779 0.15350189 1
0.0741 0.071 0.138983 1
0.0429 0.0387 0.07902037 1
0.0512 0.0506 0.09831008 1
0.0479 0.0376 0.08278346 1
0.0976 0.0949 0.18242926 1
0.0551 0.0465 0.09813845 1
0.0821 0.0751 0.15019049 1
0.0324 0.0322 0.06262032 1
0.0686 0.0678 0.13088432 1
0.056 0.0538 0.105896 1
0.0837 0.081 0.157084 1
0.3597 0.3524 0.58505282 1
0.0617 0.0583 0.11552189 1
0.0585 0.0542 0.108641 1
0.1275 0.1177 0.22943745 1
0.0679 0.0672 0.12967122 1
0.097 0.0896 0.1770944 1
0.1348 0.1312 0.24757924 1
0.0232 0.0219 0.04363602 1
0.0661 0.0626 0.12368984 1
0.0439 0.038 0.0793127 1
0.0233 0.0216 0.04344062 1
0.0936 0.0908 0.17508452 1
0.0536 0.0314 0.08240096 1
0.026 0.0032 0.0284891 3
0.0762 0.0691 0.1392247 5
0.0652 0.0313 0.09360274 2
0.0496 0.0362 0.08311475 8
0.0356 0.0337 0.06725031 5
0.0462 0.0045 0.04993259 3
0.0239 0.0122 0.03485078 2
0.0561 0.031 0.0849903 4
0.0492 0.0167 0.06426631 3
0.0649 0.0359 0.09809092 4
0.0476 0.0251 0.07097722 4
0.0244 0.0066 0.02986896 1
0.0385 0.0125 0.04968752 2
0.0287 0.0238 0.05086844 1
0.0346 0.0256 0.05837344 1
0.0213 0.0041 0.02439356 5
0.0871 0.0278 0.11173772 2
0.0481 0.0059 0.05322586 5
0.058 0.0057 0.06307452 3
0.0569 0.014 0.06964431 3
0.0411 0.0287 0.06773844 3
0.0438 0.0348 0.07619509 3
0.0552 0.011 0.06487517 3
0.0449 0.0386 0.08084936 1
0.0546 0.0286 0.08074537 3
0.068 0.0565 0.11979015 4
0.0413 0.024 0.06364401 7
0.0339 0.0199 0.05223538 4
0.0244 0.0208 0.04373668 1
0.0413 0.034 0.07298356 4
0.0277 0.0241 0.05024952 6
0.0234 0.0144 0.0365056 2
0.0476 0.0195 0.0653775 5
0.0541 0.011 0.06395765 6
0.0304 0.0085 0.03776366 4
0.0435 0.0429 0.08361925 1
0.0781 0.0584 0.13108922 2
0.034 0.0104 0.0430898 1
0.0324 0.0163 0.04721958 1
0.0513 0.0126 0.0625093 3
0.0354 0.0261 0.05977484 8
0.0368 0.017 0.05226619 3
0.0975 0.059 0.14996756 5
0.0376 0.0107 0.04702426 3
0.0597 0.035 0.09171308 2
0.0324 0.0098 0.04099425 3
0.0329 0.0046 0.03655864 6
0.0507 0.0214 0.07017479 4
0.0204 0.0107 0.03004057 3
0.0266 0.0076 0.03307382 2
0.0452 0.023 0.06626241 2
0.082 0.0833 0.15764514 2
0.0473 0.0366 0.08158835 5
0.0605 0.0078 0.0668954 1
0.025 0.0086 0.0324236 6
0.0368 0.0044 0.04045498 5
0.0532 0.0014 0.05371897 3
0.0273 0.0162 0.04210294 4
0.0414 0.0221 0.06170388 2
0.0382 0.0149 0.05162959 4
0.0412 0.0096 0.04953174 4
0.0522 0.0258 0.07585604 2
0.0343 0.0163 0.04924258 9
0.0187 0.0033 0.0209658 2
0.0265 0.0217 0.04667215 1
0.0343 0.0273 0.05972421 1
0.0332 0.0319 0.06310502 1
0.0572 0.0284 0.08314576 5
0.0749 0.0085 0.08208673 3
0.0421 0.0371 0.07671629 1
0.0532 0.0238 0.07486987 3
0.0667 0.0474 0.11013081 5
0.0502 0.0301 0.07790068 2
0.0448 0.0221 0.06508602 5
0.0285 0.0073 0.03465559 3
0.0232 0.0181 0.03992038 1
0.041 0.0255 0.06459035 2
0.0528 0.0094 0.06116093 6
0.0337 0.0127 0.04517312 5
0.0645 0.0496 0.1100139 1
0.0281 0.0214 0.04796651 4
0.0323 0.004 0.0352223 2
0.0595 0.0443 0.10034804 2
0.0199 0.0087 0.02745811 2
0.0355 0.0237 0.05754914 3
0.0616 0.0312 0.09023578 4
0.0472 0.0233 0.06861752 5
0.0905 0.0719 0.1553508 4
0.064 0.0109 0.0735178 2
0.024 0.0047 0.02790661 7
0.05 0.038 0.085187 1
0.0401 0.0144 0.05306099 2
0.0279 0.0013 0.02821909 2
0.0397 0.0143 0.05257853 2
0.0328 0.0339 0.06465378 1
0.0523 0.0105 0.06156202 6
0.0305 0.0312 0.05983118 2
0.0493 0.0271 0.0743211 4
0.0171 0.0065 0.02260641 6
0.0416 0.0152 0.05522348 1
0.0424 0.0234 0.06392356 5
0.0414 0.0245 0.06395511 2
0.0458 0.0174 0.06151257 5
0.034 0.0043 0.03735334 7
0.03 0.0153 0.0438853 1
0.0299 0.0118 0.04049666 7
0.038 0.0084 0.0452642 2
0.0401 0.0245 0.06268639 4
0.0257 0.0041 0.028749 5
0.0373 0.0139 0.04981185 6
0.0408 0.0087 0.04821032 4
0.0297 0.0087 0.03722584 5
0.0434 0.0214 0.06297564 2
0.0285 0.0026 0.03042303 4
0.0376 0.0138 0.05012531 8
0.0287 0.0112 0.03863792 2
0.0537 0.0208 0.07265834 5
0.0412 0.0186 0.05813613 6
0.0404 0.0185 0.05736996 7
0.0561 0.0169 0.07117124 4
0.0427 0.0106 0.05206354 6
0.0818 0.0204 0.0998278 3
0.0588 0.0122 0.06946708 4
0.0368 0.008 0.04375485 8
0.0393 0.0186 0.05622847 2
0.0461 0.0338 0.07742202 2
0.0393 0.0156 0.05352477 5
0.0225 0.0047 0.02612145 2
0.025 0.0096 0.03343077 4
0.0383 0.0086 0.04566111 4
0.0347 0.0083 0.04180797 6
0.0371 0.0045 0.04069129 3
0.0357 0.0062 0.04077994 5
0.0391 0.0013 0.04007085 9
0.0365 0.0266 0.06121273 3
0.0432 0.0238 0.06505465 2
0.0409 0.0074 0.04747409 9
0.029 0.0031 0.03107242 6
0.0437 0.03 0.07158386 3
0.0459 0.0168 0.06106735 3
0.0384 0.0068 0.04407506 7
0.0467 0.0342 0.07843517 4
0.0671 0.0203 0.08544475 12
0.0327 0.0189 0.05005987 2
0.0493 0.008 0.05598891 2
0.0342 0.0254 0.05781776 3
0.0336 0.0014 0.03403934 5
0.0383 0.013 0.0498748 2
0.0261 0.0052 0.03029317 6
0.0278 0.0183 0.04465181 3
0.0422 0.0272 0.06740688 4
0.0603 0.024 0.08204529 3
0.0409 0.0116 0.051112 4
0.0464 0.0117 0.05687943 5
0.0319 0.0162 0.04684826 18
0.0327 0.0012 0.03299273 6
0.0357 0.0164 0.05065349 6
0.0287 0.0062 0.03378507 4
0.0336 0.0193 0.05141651 6
0.0458 0.0167 0.06109933 4
0.0346 0.0177 0.05076726 2
0.0511 0.0256 0.07457437 7
0.0495 0.0239 0.07136036 11
0.0295 0.0061 0.03451764 7
0.0267 0.0064 0.03196122 1
0.0338 0.0158 0.04815599 4
0.0504 0.0278 0.07587608 1
0.0629 0.0159 0.0769055 4
0.051 0.0166 0.0660509 6
0.0359 0.0232 0.0573553 4
0.0464 0.0125 0.05771217 5
0.0495 0.0315 0.07855144 3
0.0425 0.0186 0.05943123 5
0.0526 0.002 0.053576 3
0.0244 0.0079 0.03114064 2
0.0325 0.0034 0.03485308 6
0.0422 0.0102 0.05106705 3
0.0355 0.0061 0.04044711 3
0.0488 0.0066 0.05429797 6
0.0561 0.0117 0.06633668 4
0.0406 0.0112 0.05070759 5
0.0332 0.0142 0.04600196 4
0.0621 0.007 0.06802463 4
0.0259 0.0116 0.0363395 4
0.0322 0.0042 0.0354658 8
0.0438 0.0232 0.06508865 5
0.0507 0.0209 0.06970554 5
0.0822 0.0355 0.1142345 9
0.0462 0.0112 0.05607926 4
0.0407 0.0068 0.04640443 9
0.0451 0.0284 0.0712958 2
0.0434 0.0261 0.06752129 5
0.0276 0.0012 0.02825182 4
0.038 0.0202 0.05669553 12
0.0313 0.0045 0.03472231 7
0.0289 0.0093 0.03707409 4
0.0359 0.0015 0.03655295 6
0.0329 0.0108 0.04238966 2
0.0368 0.0159 0.0512626 10
0.0395 0.0138 0.05200891 8
0.0357 0.0221 0.05610528 4
0.0462 0.014 0.05865284 3
0.0304 0.0068 0.03611783 9
0.0374 0.0172 0.05311517 5
0.0338 0.0159 0.04821128 1
0.0306 0.0041 0.03376612 5
0.043 0.0038 0.0457879 5
0.0397 0.0082 0.04669324 4
0.0375 0.0196 0.05542806 5
0.036 0.0173 0.05173729 3
0.0438 0.0248 0.06676997 7
0.0264 0.0108 0.03597641 5
0.0348 0.0215 0.05467206 6
0.0363 0.0093 0.04436466 4
0.0391 0.0079 0.04579877 4
0.0527 0.0132 0.0643621 2
0.0567 0.0054 0.06118753 7
0.0311 0.0159 0.04556583 6
0.0353 0.0079 0.0420749 10
0.0461 0.0108 0.0555367 3
0.034 0.0012 0.03437912 7
0.0403 0.0142 0.05305218 4
0.044 0.0052 0.0480656 2
0.0418 0.0039 0.0449177 8
0.0378 0.0094 0.04614046 10
0.0367 0.0127 0.0480319 4
0.0411 0.0042 0.04427632 4
0.0363 0.0109 0.04586364 4
0.0329 0.0011 0.0332152 12
0.0366 0.0038 0.03947144 6
0.0382 0.0112 0.04817281 11
0.033 0.0091 0.04107485 7
0.0417 0.008 0.04846254 7
0.0392 0.015 0.0526929 4
0.0389 0.0015 0.03961059 4
0.0325 0.0057 0.03734092 5
0.0567 0.0182 0.07310583 10
0.0258 0.0136 0.03809127 4
0.0393 0.0178 0.05550688 4
0.043 0.0117 0.05332434 5
0.0361 0.0086 0.04343324 1
0.0479 0.0114 0.05798192 5
0.0536 0.0165 0.06854897 11
0.0431 0.009 0.0507632 1
0.041 0.0179 0.05751217 12
0.0425 0.0013 0.0430142 8
0.036 0.0078 0.042562 1
0.033 0.0057 0.03758923 4
0.0375 0.0074 0.04371372 5
0.0259 0.0082 0.03296276 6
0.0397 0.0137 0.05195595 5
0.0386 0.0127 0.04988847 3
0.0344 0.0066 0.03991083 10
0.0422 0.0157 0.05640958 6
0.0299 0.0094 0.03807738 6
0.0382 0.0047 0.04186483 7
0.0377 0.0136 0.05010818 7
0.03 0.0015 0.03059788 6
0.0471 0.0047 0.05070523 3
0.0379 0.0011 0.03818351 4
0.0305 0.0123 0.04172798 10
0.0349 0.0056 0.03948286 6
0.0492 0.0306 0.07738804 6
0.0299 0.0148 0.0433508 4
0.0389 0.0218 0.05892912 6
0.0311 0.0092 0.03913407 6
0.033 0.0113 0.0429704 1
0.0384 0.0031 0.04070091 9
0.0462 0.0078 0.0529138 11
0.0366 0.0027 0.03853437 10
0.037 0.0041 0.0400735 7
0.0495 0.0331 0.08006904 4
0.0436 0.0206 0.06240051 6
0.0297 0.0074 0.03602124 5
0.032 0.0112 0.04197893 5
0.0262 0.0059 0.0310511 5
0.0447 0.0077 0.05143443 7
0.0298 0.0018 0.0306211 5
0.0418 0.0106 0.05124554 8
0.0426 0.0137 0.05487263 6
0.0397 0.0057 0.04421811 1
0.0335 0.0082 0.04068691 7
0.0533 0.0099 0.06209471 6
0.0267 0.0106 0.03630879 7
0.0367 0.0069 0.04246355 8
0.0344 0.0145 0.0474491 1
0.038 0.0215 0.05778067 6
0.0575 0.0173 0.0731022 6
0.0455 0.0052 0.04954713 4
0.0253 0.0117 0.03576374 3
0.0447 0.0031 0.04683238 4
0.0465 0.028 0.07236639 5
0.0292 0.0041 0.03225612 5
0.0323 0.0169 0.04772243 4
0.0293 0.0092 0.03730233 6
0.0357 0.0046 0.03940004 4
0.0308 0.0036 0.03335078 4
0.034 0.0072 0.04004097 2
0.0393 0.0017 0.04052179 12
0.0392 0.0092 0.04709036 2
0.0399 0.011 0.04963228 7
0.0433 0.0037 0.04600985 10
0.0355 0.0184 0.05233694 4
0.0388 0.0258 0.06266832 4
0.043 0.0037 0.04562571 4
0.0376 0.0098 0.04618191 5
0.0418 0.016 0.05629922 5
0.0416 0.0119 0.05211258 5
0.0353 0.0165 0.05027325 3
0.0456 0.0203 0.06407138 5
0.0433 0.0142 0.05594164 1
0.025 0.0178 0.04140859 2
0.0331 0.0081 0.04002187 2
0.0329 0.0068 0.0385543 5
0.0413 0.0066 0.04690327 10
0.0462 0.0069 0.05195284 8
0.049 0.0015 0.04976674 9
0.0311 0.0094 0.03928468 8
0.0386 0.0042 0.04192799 6
0.043 0.0094 0.05124309 5
0.0409 0.0206 0.05983878 8
0.0405 0.0085 0.04774338 3
0.0478 0.0015 0.0485497 7
0.0504 0.0064 0.05568933 11
0.035 0.0244 0.0576044 1
0.0408 0.0055 0.04532513 8
0.0312 0.0134 0.04322612 2
0.0421 0.0012 0.04236988 5
0.034 0.0152 0.04775324 2
0.046 0.0155 0.05991609 3
0.0286 0.0098 0.03719391 5
0.0337 0.0133 0.04593487 10
0.0415 0.0205 0.06025964 4
0.0433 0.0089 0.05093887 4
0.0361 0.0195 0.05402675 9
0.0342 0.0151 0.04789272 6
0.0502 0.0067 0.05567713 2
0.0292 0.0045 0.03270624 7
0.0436 0.0074 0.0498907 6
0.0453 0.0078 0.05199343 7
0.0392 0.0062 0.04425684 9
0.044 0.0072 0.05027421 9
0.0412 0.0176 0.05736122 10
0.0366 0.0138 0.04908323 9
0.0389 0.0146 0.051991 2
0.0422 0.0014 0.04312958 10
0.0371 0.0047 0.04088858 9
0.0394 0.0084 0.04658875 10
0.0333 0.0101 0.04214796 7
0.0297 0.0128 0.04118747 4
0.0354 0.0177 0.05162667 6
0.0365 0.0164 0.05165251 10
0.0386 0.0244 0.06114854 5
0.048 0.006 0.05285548 3
0.0245 0.0026 0.02615721 5
0.0502 0.0034 0.05274888 7
0.042 0.0053 0.04659963 6
0.0357 0.0062 0.04073558 2
0.0454 0.0141 0.05800637 4
0.034 0.0076 0.04048365 6
0.0362 0.0105 0.04540308 5
0.0344 0.0029 0.0364152 8
0.0376 0.008 0.04465159 6
0.023 0.0099 0.03174655 5
0.0341 0.0108 0.04357946 2
0.0431 0.0035 0.04568334 9
0.0454 0.0135 0.0575635 9
0.0416 0.0056 0.04610468 7
0.0388 0.008 0.04575924 8
0.0328 0.0082 0.03988323 5
0.0392 0.0056 0.0436851 3
0.0445 0.0141 0.05705077 4
0.0574 0.0038 0.06049443 6
0.0338 0.0093 0.04225885 10
0.0427 0.0077 0.04923056 9
0.0416 0.0051 0.04555666 4
0.0418 0.002 0.04282497 8
0.0292 0.0043 0.03248912 8
0.0433 0.0021 0.04460789 11
0.0397 0.0077 0.04627239 5
0.0413 0.0121 0.05198034 5
0.036 0.011 0.04575297 7
0.0478 0.0117 0.05824864 7
0.0341 0.0018 0.03512321 3
0.0373 0.0055 0.04173478 7
0.0311 0.0063 0.03627455 3
0.0413 0.0087 0.04878905 5
0.053 0.0058 0.05769213 8
0.0441 0.0087 0.05153486 4
0.0342 0.0208 0.05335532 4
0.0404 0.0069 0.04669795 9
0.0513 0.0032 0.05365004 6
0.035 0.0085 0.04227209 7
0.0385 0.0116 0.04875167 7
0.0339 0.0058 0.03870053 7
0.0519 0.019 0.06909522 3
0.0376 0.0012 0.03793117 4
0.0329 0.0123 0.04390937 8
0.0412 0.0118 0.05159219 4
0.0428 0.0126 0.05398248 4
0.0421 0.0028 0.04389595 6
0.0413 0.0159 0.05560101 2
0.038 0.0213 0.05760992 6
0.0403 0.0028 0.04207469 6
0.0362 0.0086 0.04354926 4
0.0365 0.0145 0.05000862 5
0.0485 0.0284 0.07462313 3
0.0396 0.0141 0.05223349 2
0.0398 0.0211 0.05926072 9
0.0433 0.0093 0.05142692 9
0.0439 0.0088 0.05160118 10
0.0345 0.0061 0.03950914 5
0.0336 0.0064 0.03900027 11
0.0383 0.0014 0.03880507 9
0.0395 0.0117 0.0498086 3
0.035 0.0192 0.05263319 4
0.0462 0.0125 0.05724398 4
0.0406 0.0057 0.04530723 6
0.0368 0.0013 0.03742776 12
0.0419 0.0063 0.04743624 9
0.042 0.0209 0.06117085 6
0.0405 0.0054 0.04486359 8
0.0492 0.0046 0.05282754 15
0.0418 0.009 0.04959314 4
0.0428 0.0136 0.05503693 9
0.0393 0.0116 0.04958552 3
0.0444 0.0075 0.0506179 1
0.0403 0.0086 0.04762196 4
0.0319 0.0085 0.03920516 5
0.0414 0.0144 0.05434842 11
0.0381 0.0016 0.038752 4
0.0438 0.0072 0.04982905 8
0.0454 0.0185 0.06236858 9
0.0481 0.015 0.06148649 7
0.0429 0.0045 0.0464127 5
0.0369 0.0126 0.04816844 8
0.0385 0.0037 0.04114011 3
0.0369 0.0015 0.03756814 8
0.0432 0.0063 0.04857581 9
0.0456 0.0011 0.04612469 19
0.0444 0.0131 0.05609753 7
0.0566 0.01 0.06532842 6
0.0446 0.0232 0.06585476 2
0.034 0.0117 0.04442336 4
0.0434 0.0154 0.05737305 12
0.0396 0.0025 0.04125514 4
0.0425 0.0055 0.04694314 5
0.0434 0.0237 0.06527439 4
0.0355 0.0141 0.04840878 8
0.0296 0.0173 0.04547863 6
0.0413 0.007 0.04732511 11
0.0406 0.0022 0.04199518 7
0.0425 0.0114 0.05261726 6
0.0436 0.01 0.05230034 6
0.0305 0.0019 0.03149947 7
0.0397 0.0031 0.04190339 6
0.0364 0.0075 0.04268916 4
0.0311 0.0071 0.03704589 8
0.0461 0.008 0.05294222 4
0.0379 0.0095 0.04614237 5
0.0419 0.0024 0.043326 5
0.044 0.0034 0.04648071 11
0.0448 0.0064 0.05011356 4
0.0244 0.0015 0.02503426 5
0.0425 0.0064 0.0478098 12
0.0401 0.003 0.04205055 5
0.043 0.0046 0.04662895 5
0.0387 0.01 0.04739657 5
0.0451 0.0039 0.04800288 8
0.0342 0.0017 0.03528423 12
0.0307 0.0081 0.03771477 7
0.041 0.0117 0.05141746 7
0.0506 0.0236 0.07223825 6
0.0425 0.0036 0.04505911 6
0.0363 0.0125 0.04751479 7
0.0346 0.0134 0.04668961 8
0.0407 0.0059 0.04548149 6
0.0329 0.012 0.04362018 8
0.047 0.0076 0.05333539 4
0.0454 0.0167 0.06053406 4
0.0432 0.0013 0.04360463 8
0.0448 0.0111 0.05458203 19
0.0386 0.002 0.03958778 2
0.0342 0.0028 0.03607405 7
0.0398 0.0104 0.04888397 4
0.0364 0.0103 0.04566309 6
0.0455 0.0036 0.04814133 7
0.0429 0.0067 0.04853158 4
0.0475 0.0081 0.05440005 5
0.0386 0.0018 0.03961551 8
0.0378 0.0021 0.03888724 3
0.0486 0.0015 0.04943078 7
0.037 0.0017 0.03800329 8
0.0421 0.0081 0.04903834 10
0.0281 0.0027 0.03012056 13
0.0454 0.0146 0.05841654 4
0.0335 0.0041 0.03654192 4
0.0363 0.0108 0.04578898 10
0.0396 0.0111 0.04954526 11
0.0426 0.0171 0.05828705 10
0.0347 0.002 0.0360788 8
0.0448 0.0185 0.061746 6
0.0399 0.0027 0.04155663 3
0.0412 0.0093 0.0492168 4
0.0449 0.0138 0.0571587 4
0.0414 0.0066 0.04691611 8
0.0445 0.0166 0.05950935 7
0.0462 0.0103 0.05515792 5
0.041 0.0076 0.04737474 4
0.0415 0.0057 0.046225 6
0.044 0.0014 0.04477119 13
0.0367 0.0049 0.04057585 8
0.0364 0.007 0.04234944 5
0.0399 0.0126 0.05110732 2
0.0434 0.0012 0.04369311 4
0.0391 0.0052 0.04347689 8
0.0449 0.0177 0.06136601 7
0.0359 0.0045 0.03953889 8
0.0352 0.014 0.04789059 8
0.05 0.0092 0.05786767 7
0.0336 0.0094 0.04209945 6
0.0434 0.0086 0.05071288 4
0.0566 0.0229 0.07729986 4
0.0456 0.0016 0.04640144 6
0.0448 0.0104 0.05383948 8
0.0361 0.0045 0.03977288 16
0.044 0.0114 0.05401746 7
0.0365 0.0025 0.03862329 16
0.0378 0.0123 0.04880092 5
0.0456 0.0025 0.04736612 5
0.0399 0.0014 0.04040658 8
0.0365 0.0011 0.03683769 10
0.0424 0.0061 0.04734178 6
0.0392 0.0201 0.05761563 5
0.044 0.0135 0.05618149 6
0.0413 0.0043 0.04469351 7
0.0477 0.0038 0.0503747 2
0.0342 0.0061 0.03941018 20
0.0524 0.0148 0.06560498 8
0.0433 0.0097 0.05185244 5
0.0446 0.0029 0.0466593 7
0.0345 0.0091 0.04246174 8
0.0494 0.0102 0.05821702 2
0.0365 0.0028 0.03849405 11
0.042 0.0045 0.04564698 10
0.0414 0.0043 0.04512735 9
0.0447 0.0094 0.05280983 6
0.0436 0.0057 0.0481332 3
0.0461 0.0172 0.06175834 11
0.0405 0.0039 0.04351756 10
0.0462 0.0046 0.04995552 9
0.0398 0.0036 0.04236984 5
0.0495 0.002 0.0505915 8
0.0447 0.0084 0.05185597 8
0.0395 0.0028 0.04155632 10
0.0374 0.0065 0.04303414 13
0.0373 0.0041 0.04047277 9
0.0364 0.0126 0.04760343 4
0.0492 0.0047 0.05302316 10
0.0356 0.0139 0.04866171 6
0.0394 0.003 0.04210838 10
0.0412 0.0117 0.05184521 13
0.0532 0.0148 0.06632306 5
0.038 0.0051 0.04223229 12
0.0444 0.0029 0.04636298 5
0.0418 0.0126 0.0529851 7
0.0399 0.0053 0.04406931 7
0.0447 0.0146 0.05774854 9
0.0493 0.0029 0.05137112 10
0.0374 0.0038 0.04032324 8
0.0429 0.0054 0.04725911 5
0.0526 0.0013 0.05298095 5
0.0478 0.0015 0.04843132 5
0.037 0.0016 0.03773372 9
0.0424 0.0157 0.05660301 8
0.0416 0.0032 0.04410744 10
0.0359 0.0036 0.0387649 8
0.038 0.0062 0.04333781 9
0.0418 0.009 0.04964579 7
0.0423 0.0208 0.06132301 6
0.0428 0.0016 0.04366059 7
0.0476 0.0053 0.05170508 3
0.0421 0.0101 0.05102902 9
0.0391 0.0025 0.04062263 6
0.0406 0.0095 0.04891847 10
0.0285 0.0078 0.03525683 11
0.0393 0.0042 0.04263511 9
0.046 0.0076 0.05234593 3
0.0435 0.0151 0.05714576 6
0.0482 0.0057 0.05288387 10
0.0413 0.0011 0.04167089 4
0.0402 0.0023 0.04149152 2
0.035 0.0025 0.03649208 5
0.0355 0.0157 0.04972104 4
0.0329 0.0139 0.04560264 7
0.0481 0.0033 0.05044074 9
0.0435 0.0046 0.04709491 12
0.0398 0.004 0.0430177 5
0.0424 0.0101 0.05122006 7
0.0436 0.0094 0.05168079 5
0.0451 0.0085 0.0523297 2
0.0455 0.0049 0.04962913 12
0.0391 0.0037 0.04249865 9
0.0476 0.0214 0.06720981 6
0.0435 0.0118 0.0538762 6
0.0438 0.0117 0.05414481 6
0.0484 0.0075 0.05481106 9
0.0465 0.0044 0.04976602 5
0.0451 0.007 0.0509594 5
0.0481 0.0186 0.06496969 9
0.044 0.0044 0.04763778 15
0.0407 0.0137 0.05304547 11
0.0389 0.0104 0.0480212 4
0.039 0.003 0.0416414 6
0.0432 0.0139 0.0559143 16
0.0399 0.0087 0.04776269 11
0.0527 0.0085 0.06013261 6
0.0466 0.0098 0.05509701 5
0.0448 0.0058 0.04965645 7
0.044 0.0061 0.0489299 4
0.0473 0.0121 0.05807083 5
0.0465 0.0025 0.04804869 5
0.0462 0.0041 0.04961639 6
0.0496 0.0014 0.05016251 5
0.046 0.0253 0.06926918 8
0.0372 0.0157 0.05143487 6
0.0433 0.0065 0.04878515 10
0.0461 0.008 0.05292837 5
0.0447 0.0178 0.06082851 6
0.0443 0.0113 0.05427724 9
0.0424 0.0026 0.04407815 4
0.0506 0.0117 0.0608702 8
0.0487 0.0062 0.05394524 13
0.0465 0.0082 0.05371729 7
0.043 0.0109 0.05263372 6
0.055 0.0027 0.05737364 15
0.0445 0.0199 0.06280203 12
0.0414 0.0016 0.04211461 6
0.0564 0.0042 0.05976453 13
0.0408 0.0057 0.04557366 11
0.0557 0.0111 0.06530728 6
0.0473 0.0014 0.04794112 7
0.0393 0.0087 0.04682577 5
0.0413 0.0083 0.04845143 8
0.0445 0.0109 0.0542766 6
0.0411 0.0034 0.04349575 6
0.0485 0.0077 0.05494687 5
0.0502 0.0104 0.05959267 12
0.0436 0.0122 0.05450312 9
0.0427 0.0026 0.04427602 5
0.046 0.0117 0.05638784 11
0.0451 0.0031 0.04740541 7
0.0446 0.0073 0.05090269 6
0.0467 0.0033 0.04924362 10
0.0451 0.0014 0.04582765 7
0.0468 0.01 0.05553615 11
0.0413 0.0078 0.04791618 6
0.0492 0.0067 0.05464839 4
0.0462 0.0119 0.0568322 5
0.0489 0.004 0.05232877 5
0.0439 0.0095 0.05217586 7
0.0486 0.0035 0.05135235 7
0.0481 0.0092 0.05613049 8
0.0387 0.0055 0.04311403 11
0.0452 0.0035 0.04771905 13
0.0413 0.0072 0.04728031 5
0.0473 0.0021 0.04845097 6
0.0509 0.0108 0.06023795 6
0.0439 0.0036 0.04681535 12
0.0395 0.0037 0.04270837 6
0.0482 0.0075 0.05455825 9
0.048 0.0211 0.06720443 6
0.0529 0.0094 0.06112166 12
0.0419 0.0061 0.04725063 8
0.0475 0.0185 0.06437636 11
0.0409 0.007 0.04692036 11
0.0388 0.0052 0.04327057 7
0.0436 0.0034 0.04631116 10
0.0422 0.0081 0.04923933 5
0.0461 0.0105 0.05535704 6
0.0578 0.0014 0.05830492 3
0.0409 0.0043 0.04472083 16
0.0456 0.0114 0.0556132 7
0.0481 0.0019 0.0490918 3
0.0426 0.0119 0.05306359 6
0.0483 0.0077 0.05480393 12
0.0457 0.0105 0.05488121 8
0.0558 0.0014 0.05682743 11
0.0454 0.0104 0.05476777 6
0.0481 0.0107 0.05751823 8
0.0418 0.0123 0.05266231 5
0.0533 0.0029 0.05567029 9
0.0404 0.0022 0.04164652 8
0.046 0.0093 0.05413244 7
0.0433 0.0032 0.04562968 7
0.0483 0.0043 0.05162427 3
0.0417 0.0085 0.04913655 17
0.0463 0.0066 0.05183575 10
0.0448 0.0112 0.05469798 4
0.0497 0.0133 0.06153744 5
0.0522 0.0052 0.05635521 12
0.0565 0.0127 0.06774571 7
0.0503 0.0171 0.06572325 6
0.0443 0.0099 0.05319754 18
0.0544 0.0055 0.0589448 8
0.0539 0.0164 0.06859629 9
0.0505 0.0057 0.0551192 6
0.0536 0.0216 0.07329117 6
0.0462 0.0063 0.05171379 9
0.0512 0.0112 0.06165896 14
0.0487 0.0153 0.06247529 4
0.0492 0.0039 0.05246868 13
0.0563 0.0074 0.06262983 10
0.0399 0.0126 0.05149335 8
0.0462 0.0013 0.04712862 16
0.0467 0.0012 0.04710921 6
0.0462 0.027 0.07104856 4
0.0485 0.0021 0.04999455 20
0.0542 0.0053 0.05907342 14
0.0514 0.0083 0.05845111 5
0.0502 0.0139 0.06281886 12
0.0515 0.0091 0.0592759 8
0.0562 0.0063 0.06126897 8
0.0506 0.0178 0.06690724 12
0.0516 0.0042 0.05499953 12
0.0471 0.0057 0.05186199 13
0.04 0.0081 0.04731334 7
0.0539 0.0054 0.05850432 8
0.0492 0.007 0.05512508 11
0.0536 0.0163 0.06824963 12
0.0583 0.0073 0.06472131 13
0.0516 0.0095 0.05993525 12
0.0463 0.0042 0.0496988 5
0.0517 0.0057 0.05624716 5
0.0419 0.006 0.04718142 11
0.051 0.0015 0.05183966 9
0.0534 0.0098 0.06204881 12
0.0479 0.0074 0.05484565 14
0.0509 0.0105 0.06046661 11
0.0503 0.0038 0.05315291 8
0.0485 0.0119 0.05898846 9
0.0483 0.0042 0.05146106 9
0.0462 0.0132 0.05786044 4
0.0516 0.0077 0.05803187 4
0.0455 0.0014 0.04618582 8
0.0491 0.0023 0.0509649 4
0.0569 0.0124 0.06792195 12
0.0492 0.0048 0.05308485 7
0.0563 0.0088 0.06382751 7
0.0492 0.0017 0.05061468 14
0.0483 0.0117 0.05871283 12
0.0589 0.0038 0.06188889 12
0.0577 0.0098 0.06618764 16
0.0536 0.0013 0.05437886 10
0.0534 0.0101 0.06235749 14
0.0475 0.0021 0.04885471 12
0.0509 0.0124 0.06188687 14
0.0496 0.0188 0.0668651 11
0.0535 0.0065 0.05893871 6
0.0493 0.0147 0.06258652 9
0.0621 0.0035 0.06459055 8
0.0569 0.0041 0.05996102 5
0.052 0.0069 0.05764345 4
0.0493 0.0046 0.05324984 10
0.0493 0.0023 0.05058249 4
0.0566 0.01 0.06527045 5
0.0501 0.0151 0.06374397 11
0.05 0.0152 0.06360761 6
0.0587 0.0095 0.06710453 4
0.0498 0.0085 0.05702661 5
0.0565 0.0098 0.06489923 6
0.0489 0.0029 0.05122542 13
0.0524 0.0115 0.0625549 7
0.0501 0.0092 0.05829709 9
0.0544 0.0075 0.06062327 4
0.0495 0.0213 0.06892918 9
0.0503 0.0021 0.05173412 6
0.0575 0.0122 0.06821766 7
0.0454 0.022 0.06567272 5
0.0588 0.0121 0.06940991 10
0.0476 0.0135 0.05963212 6
0.0494 0.0055 0.05429435 21
0.0464 0.0038 0.04942542 4
0.047 0.0078 0.05382373 11
0.052 0.01 0.06070228 10
0.0439 0.0071 0.05007305 11
0.0491 0.0051 0.05378725 14
0.0506 0.0062 0.05589021 7
0.0484 0.0016 0.04953603 9
0.0545 0.0114 0.06454881 9
0.0494 0.0089 0.05698466 5
0.0495 0.0067 0.055059 5
0.0456 0.0103 0.05460593 6
0.0528 0.002 0.05378248 7
0.053 0.0102 0.06208738 10
0.0565 0.0108 0.0659085 8
0.0494 0.0123 0.06056364 9
0.0489 0.0026 0.05050003 8
0.0537 0.0136 0.06579758 6
0.0525 0.0127 0.06377362 8
0.0494 0.0048 0.05341676 9
0.0498 0.0215 0.06931568 7
0.0502 0.0103 0.05918215 6
0.0467 0.0051 0.05080371 8
0.0515 0.0137 0.06376561 6
0.0457 0.0113 0.05590445 16
0.0589 0.0138 0.07137368 10
0.0627 0.0118 0.07301384 7
0.0495 0.0045 0.05304345 7
0.0455 0.0072 0.05203052 11
0.0506 0.0101 0.05950836 7
0.0541 0.0067 0.06008479 11
0.0496 0.0047 0.05328574 8
0.0565 0.0036 0.0593913 7
0.0571 0.0073 0.06344181 9
0.0515 0.0121 0.06222879 10
0.0527 0.0053 0.05734389 15
0.0458 0.0162 0.06049972 7
0.0557 0.0057 0.0602934 10
0.0534 0.0083 0.06049095 8
0.0542 0.0059 0.05886324 2
0.0524 0.0162 0.06719321 6
0.0463 0.0093 0.05466129 11
0.0561 0.0107 0.06567648 13
0.0526 0.0161 0.06718096 8
0.0454 0.0052 0.05004572 21
0.0566 0.0019 0.05774267 10
0.046 0.0062 0.05133713 10
0.0465 0.014 0.05911428 9
0.0541 0.008 0.06097159 13
0.0515 0.0049 0.05527059 6
0.0537 0.0124 0.06478593 14
0.0485 0.0047 0.05207853 3
0.0524 0.0042 0.05593067 11
0.055 0.0063 0.06014917 5
0.055 0.0058 0.059691 10
0.0551 0.0089 0.0627508 9
0.0586 0.0121 0.06950754 9
0.0527 0.0035 0.05543627 10
0.0486 0.0023 0.05058629 11
0.0511 0.0098 0.05983149 12
0.0535 0.0117 0.06368847 6
0.0545 0.0054 0.0589391 11
0.0539 0.0063 0.0593367 9
0.0532 0.0113 0.06326351 10
0.0528 0.0074 0.0590349 9
0.0535 0.0062 0.05844488 6
0.0518 0.0045 0.05544358 14
0.0542 0.0103 0.06311802 6
0.0481 0.0065 0.05381572 17
0.0612 0.0095 0.06955636 13
0.0498 0.0112 0.05963796 4
0.0581 0.0101 0.06688648 10
0.0556 0.0084 0.06274071 7
0.0573 0.0026 0.0591941 8
0.0547 0.0099 0.06368545 16
0.049 0.0134 0.06116789 11
0.0573 0.0067 0.06281229 8
0.0526 0.0109 0.06206765 5
0.0533 0.0205 0.07184698 4
0.0534 0.0044 0.05682838 6
0.0513 0.006 0.05622932 5
0.0548 0.0091 0.06283517 6
0.0505 0.0047 0.05486264 16
0.0541 0.005 0.0579528 5
0.0572 0.0106 0.06662392 10
0.055 0.0035 0.0576421 9
0.0523 0.0084 0.05954924 5
0.0524 0.0049 0.05647307 10
0.0433 0.0022 0.04450644 2
0.0618 0.0088 0.06936791 10
0.0489 0.0138 0.06115984 6
0.0567 0.0083 0.06400128 13
0.053 0.0075 0.0597397 10
0.0456 0.0042 0.04938906 15
0.0468 0.0053 0.05096661 8
0.0503 0.0014 0.05124469 12
0.0486 0.0038 0.05218054 19
0.0477 0.0061 0.05317159 13
0.0637 0.0018 0.06468676 9
0.0507 0.011 0.06075349 8
0.0532 0.0042 0.05677543 14
0.055 0.0042 0.0585632 14
0.0579 0.0131 0.0696548 9
0.0572 0.0118 0.06753499 13
0.049 0.0093 0.05705749 5
0.0554 0.0198 0.07328436 4
0.0536 0.0069 0.05969353 13
0.045 0.0184 0.06186934 8
0.0527 0.0074 0.05896026 8
0.0495 0.0132 0.06147739 8
0.0535 0.0055 0.05802933 10
0.0518 0.006 0.05688808 14
0.0527 0.0086 0.06002801 10
0.051 0.0028 0.05349813 11
0.0539 0.0277 0.07949653 14
0.0451 0.008 0.0525765 15
0.0473 0.014 0.05996513 17
0.0584 0.0182 0.07529166 13
0.0532 0.011 0.06298088 8
0.0547 0.0095 0.06295929 9
0.0521 0.0145 0.06518804 9
0.0557 0.0061 0.06123295 14
0.0512 0.0109 0.06090894 4
0.0579 0.0058 0.063042 14
0.0514 0.0159 0.06580514 8
0.0473 0.0069 0.05303435 6
0.0595 0.0103 0.0686749 6
0.0503 0.0033 0.05286811 17
0.0475 0.0112 0.05805076 15
0.0523 0.0098 0.0608791 9
0.0511 0.0109 0.0605486 7
0.0509 0.0086 0.05854943 12
0.0607 0.0078 0.06745184 15
0.0546 0.0079 0.06138668 15
0.0525 0.0115 0.06272102 11
0.0525 0.0077 0.05944444 15
0.0535 0.0092 0.06159146 6
0.0538 0.0055 0.05844997 8
0.0616 0.0077 0.06811139 5
0.0556 0.0096 0.0640252 13
0.055 0.0127 0.06625704 10
0.0524 0.0077 0.05919379 17
0.0549 0.0089 0.06262845 11
0.0508 0.0083 0.05792942 5
0.0536 0.0121 0.06451544 14
0.0539 0.0025 0.05586777 9
0.0559 0.0086 0.06362236 17
0.0511 0.0095 0.05944545 15
0.0576 0.0058 0.06307694 15
0.0544 0.0059 0.05940528 13
0.0558 0.0082 0.06313272 11
0.0514 0.005 0.05575952 13
0.0513 0.0092 0.05944084 10
0.0482 0.0033 0.05105302 9
0.0477 0.0107 0.05710407 8
0.0579 0.0079 0.06471601 10
0.0545 0.0074 0.0616158 16
0.0532 0.0066 0.05889898 6
0.0574 0.0049 0.06125788 10
0.0435 0.0155 0.05791281 10
0.0539 0.0096 0.0624148 12
0.0548 0.0151 0.06861539 9
0.0486 0.0053 0.05340755 17
0.0507 0.0061 0.05618241 11
0.0583 0.0085 0.06549203 9
0.0593 0.0117 0.06949187 10
0.0564 0.0079 0.0634245 9
0.0517 0.0056 0.05704278 18
0.0507 0.0079 0.05768553 11
0.051 0.0034 0.05364917 8
0.0549 0.0091 0.06308449 14
0.0556 0.0116 0.06575611 7
0.0539 0.0116 0.0642344 11
0.0564 0.006 0.06151277 15
0.0512 0.0052 0.05540487 8
0.0467 0.0061 0.05205561 11
0.0565 0.0074 0.06274771 12
0.0581 0.0158 0.07215307 7
0.0552 0.0052 0.0594608 9
0.0583 0.0044 0.06166716 5
0.0557 0.0107 0.06514699 8
0.0542 0.0114 0.06426734 10
0.0527 0.0042 0.05594992 5
0.0565 0.0054 0.06091188 9
0.065 0.0056 0.06948626 10
0.0612 0.0139 0.07364282 10
0.055 0.0113 0.06502207 11
0.0554 0.0149 0.0687399 9
0.0506 0.0086 0.05807698 8
0.0565 0.0102 0.06557359 11
0.0533 0.0065 0.05891376 12
0.0642 0.0144 0.07691574 7
0.0529 0.0051 0.05716561 10
0.0531 0.0067 0.05878084 6
0.0526 0.0082 0.06000867 13
0.0515 0.0166 0.06635306 5
0.052 0.0027 0.05417382 12
0.0478 0.0071 0.05392431 10
0.0581 0.0118 0.06851354 8
0.0529 0.0091 0.06086875 6
0.0568 0.0094 0.06521339 9
0.0559 0.0158 0.07019241 16
0.0525 0.0037 0.05558751 9
0.0538 0.0011 0.05500349 14
0.0549 0.0164 0.06982904 7
0.0536 0.0108 0.06315104 10
0.0533 0.0104 0.0625118 8
0.0537 0.0038 0.05684371 10
0.057 0.0025 0.05928335 12
0.0516 0.0041 0.05523672 18
0.0506 0.0109 0.06042243 12
0.0542 0.0038 0.0572605 11
0.0605 0.0048 0.06421766 8
0.051 0.0141 0.06353694 7
0.0577 0.0024 0.05958539 11
0.0588 0.0063 0.06447384 12
0.0525 0.0011 0.05353118 14
0.057 0.0085 0.06486471 15
0.059 0.007 0.06527485 13
0.0512 0.0205 0.07004741 7
0.0571 0.0092 0.06523292 12
0.0504 0.0162 0.0648821 5
0.0553 0.0157 0.0693492 7
0.0579 0.0199 0.07586256 11
0.0496 0.0065 0.05544319 16
0.0604 0.0052 0.06460717 11
0.054 0.0137 0.06714781 18
0.0504 0.0098 0.05954568 22
0.0559 0.0092 0.06375472 9
0.0567 0.0052 0.06090769 17
0.067 0.003 0.06930089 4
0.0575 0.0045 0.06111928 7
0.0561 0.0022 0.05772443 16
0.0539 0.0073 0.06077569 15
0.0557 0.0115 0.06600714 13
0.0546 0.014 0.06713235 10
0.0538 0.0075 0.06065893 16
0.0575 0.0109 0.0677477 17
0.0512 0.0062 0.0567277 8
0.0593 0.0071 0.06558962 16
0.0571 0.0046 0.06090538 16
0.0585 0.0044 0.06202259 7
0.0569 0.0072 0.06338732 12
0.0536 0.0193 0.07096323 5
0.0567 0.0095 0.06519864 13
0.0631 0.0108 0.07256889 8
0.0582 0.0107 0.06773783 15
0.0513 0.0088 0.05911919 12
0.0466 0.0125 0.05798141 7
0.0547 0.0053 0.05947815 12
0.0639 0.0057 0.06880675 18
0.0544 0.0099 0.06296931 9
0.051 0.0075 0.05775797 10
0.0588 0.0111 0.06869323 10
0.0553 0.0085 0.06301464 12
0.0566 0.0041 0.05998662 5
0.0541 0.0106 0.06367789 10
0.058 0.0132 0.07043542 13
0.0503 0.018 0.06672611 5
0.0527 0.0074 0.059258 19
0.0539 0.0118 0.0646249 12
0.0581 0.011 0.06773103 9
0.0531 0.0114 0.06340521 16
0.0605 0.0066 0.06624726 11
0.0591 0.0071 0.06537477 13
0.0626 0.0031 0.06493332 8
0.0542 0.0113 0.06438418 12
0.0611 0.0091 0.06899171 14
0.0576 0.0062 0.0629403 17
0.0585 0.011 0.06827031 16
0.0433 0.0109 0.05336212 11
0.0591 0.0076 0.06567013 12
0.054 0.0092 0.06205495 11
0.056 0.005 0.06017298 8
0.0527 0.0164 0.06739803 7
0.0528 0.0122 0.06368026 9
0.0503 0.0101 0.05934728 10
0.0525 0.0076 0.05954064 13
0.0587 0.0137 0.0711029 11
0.0572 0.0127 0.06838948 5
0.0511 0.0078 0.05801112 13
0.0579 0.0099 0.06668749 11
0.0513 0.0197 0.06939132 10
0.0492 0.0017 0.05104264 20
0.0584 0.0098 0.06767843 22
0.055 0.0116 0.06540942 10
0.0561 0.0041 0.05973815 16
0.0597 0.0142 0.0724437 11
0.0536 0.0138 0.06615949 12
0.0568 0.0061 0.06220873 14
0.0531 0.0113 0.06342544 13
0.0585 0.014 0.07093296 12
0.0592 0.0168 0.07424998 8
0.0553 0.0081 0.06256805 12
0.0607 0.0149 0.07386754 9
0.0509 0.0128 0.06235776 13
0.0503 0.0043 0.0538023 11
0.0574 0.0059 0.06264038 16
0.0578 0.0067 0.06359058 16
0.0567 0.004 0.05990374 17
0.0528 0.015 0.06666681 15
0.0546 0.0082 0.06208374 15
0.0523 0.0099 0.06175201 18
0.0572 0.0065 0.06261378 6
0.0562 0.0074 0.0629422 13
0.0536 0.0148 0.0670904 12
0.0564 0.0062 0.06216809 12
0.0514 0.0046 0.05493106 13
0.0574 0.0084 0.06441345 5
0.0577 0.0111 0.06738867 9
0.0565 0.0114 0.06667132 10
0.0527 0.0064 0.05828177 15
0.0559 0.0079 0.06288864 18
0.05 0.009 0.05836687 15
0.0621 0.005 0.06588339 6
0.0545 0.0134 0.06627332 4
0.0536 0.0086 0.0615039 14
0.0626 0.0103 0.071911 15
0.0542 0.0067 0.05980396 11
0.0579 0.0128 0.06920582 7
0.0627 0.0115 0.07271678 7
0.0546 0.0074 0.06095273 15
0.0554 0.0236 0.07713386 11
0.0595 0.0096 0.06806593 11
0.06 0.0026 0.06198606 16
0.054 0.0177 0.07008127 7
0.0551 0.0113 0.06524977 15
0.0577 0.0127 0.06916907 9
0.0543 0.0182 0.07118312 13
0.057 0.0092 0.06545374 15
0.0546 0.0067 0.06034701 9
0.057 0.0091 0.06508061 9
0.055 0.0072 0.06148247 19
0.0579 0.0071 0.06415893 11
0.0579 0.0141 0.07050052 11
0.0533 0.0149 0.06705639 22
0.0544 0.0081 0.06134522 8
0.0596 0.0039 0.06293397 15
0.0532 0.0081 0.06043108 15
0.0638 0.0144 0.07655312 7
0.0472 0.0053 0.05194953 13
0.0597 0.0064 0.06531755 12
0.0603 0.0115 0.07083726 13
0.0547 0.0146 0.06795723 15
0.0515 0.0107 0.06098723 11
0.0611 0.0079 0.06782869 5
0.0558 0.012 0.06619933 3
0.0472 0.01 0.0561766 12
0.06 0.0062 0.06551454 14
0.0526 0.0117 0.06308945 12
0.0599 0.0107 0.06930889 16
0.0663 0.0062 0.07167828 8
0.0591 0.0151 0.07265878 8
0.0502 0.0061 0.0552502 7
0.062 0.0085 0.06944327 12
0.054 0.0121 0.06518896 15
0.0564 0.0089 0.06442125 9
0.0541 0.0126 0.06576964 16
0.0531 0.0074 0.05970229 17
0.0578 0.0128 0.06936208 17
0.0572 0.0025 0.05931996 20
0.0565 0.0101 0.06582673 7
0.0528 0.0056 0.05803842 15
0.0625 0.0031 0.06486425 5
0.0519 0.0063 0.05726716 11
0.0617 0.0062 0.0670626 15
0.0553 0.0172 0.07099907 8
0.0553 0.009 0.06352557 11
0.0513 0.0095 0.06003281 13
0.0582 0.0094 0.06673577 13
0.0609 0.0175 0.07685253 15
0.0555 0.0143 0.06880376 15
0.0618 0.0083 0.0691516 8
0.058 0.014 0.0709735 14
0.0589 0.0054 0.06320677 5
0.0528 0.0077 0.05964591 10
0.0571 0.0213 0.07638816 6
0.0521 0.0074 0.05873199 12
0.0566 0.0087 0.06469192 26
0.0538 0.0126 0.06499206 10
0.0515 0.0098 0.06011177 9
0.0594 0.0173 0.07498508 10
0.0595 0.0061 0.06477281 13
0.0488 0.0086 0.05641089 12
0.0531 0.0094 0.06135131 11
0.0573 0.0142 0.07018353 10
0.0584 0.0115 0.06875427 24
0.0614 0.0066 0.06686091 5
0.0526 0.0174 0.06828702 15
0.0533 0.0055 0.0581303 17
0.0472 0.0131 0.05906332 14
0.0625 0.0154 0.07614563 6
0.0595 0.0079 0.06628489 10
0.0553 0.0044 0.05954838 12
0.0614 0.0013 0.06289477 15
0.064 0.0132 0.07564094 12
0.0575 0.0145 0.07055943 10
0.0561 0.0108 0.06569606 10
0.0603 0.012 0.07079866 10
0.0649 0.0148 0.07809425 11
0.0538 0.0075 0.0606302 16
0.0562 0.016 0.07048751 9
0.052 0.0107 0.06167511 8
0.0587 0.0079 0.06552859 8
0.0554 0.0114 0.06548595 8
0.0553 0.0138 0.0677915 12
0.0514 0.0138 0.06389697 5
0.0572 0.0036 0.06008891 13
0.0621 0.0096 0.07056908 10
0.0505 0.0092 0.05888094 18
0.0491 0.0162 0.06381827 7
0.0512 0.0132 0.06342548 10
0.0637 0.0129 0.07518124 16
0.0555 0.0154 0.0694692 10
0.062 0.0065 0.06749456 7
0.0634 0.0272 0.0882505 9
0.0551 0.0101 0.06395674 6
0.0607 0.0142 0.07322693 6
0.0592 0.0144 0.07219495 13
0.0639 0.014 0.07633763 10
0.0551 0.0068 0.06114941 16
0.054 0.0122 0.06499252 10
0.0633 0.01 0.07217572 14
0.0611 0.01 0.07042102 11
0.063 0.0143 0.07612173 15
0.0632 0.0159 0.07793076 12
0.0609 0.011 0.07053718 10
0.0521 0.0044 0.05565177 4
0.0604 0.0041 0.06380184 16
0.059 0.0148 0.07258621 14
0.0547 0.0133 0.06697978 19
0.0597 0.0064 0.06520876 12
0.0543 0.0198 0.07283549 12
0.0603 0.0082 0.06776282 17
0.0561 0.0118 0.06659917 8
0.055 0.0063 0.06051922 7
0.0606 0.005 0.06541879 23
0.0603 0.0042 0.06372263 15
0.0599 0.0108 0.06954624 12
0.0634 0.0099 0.07219065 21
0.052 0.013 0.06359703 8
0.0564 0.0073 0.06259684 9
0.0594 0.0078 0.06647319 14
0.0584 0.0072 0.06457909 10
0.0558 0.0028 0.05784269 7
0.0524 0.0165 0.06720989 6
0.0645 0.0123 0.07571025 15
0.0526 0.0046 0.05680591 13
0.0651 0.0086 0.07242588 4
0.0624 0.0082 0.06949403 16
0.0607 0.015 0.07436496 16
0.0607 0.0102 0.06976548 10
0.0584 0.0097 0.06713271 17
0.0491 0.0053 0.05391438 12
0.0548 0.0103 0.06441469 16
0.0573 0.0104 0.06674714 8
0.0636 0.0061 0.06905327 10
0.0553 0.0145 0.06841902 10
0.0599 0.0079 0.06686317 12
0.0574 0.01 0.06651913 21
0.0576 0.0157 0.07161103 8
0.053 0.0097 0.06163993 12
0.0584 0.0101 0.06720606 13
0.0688 0.0144 0.0816837 16
0.0602 0.0057 0.06512547 17
0.0568 0.0079 0.06401497 23
0.0594 0.0158 0.07414597 13
0.0582 0.0112 0.06846371 14
0.0573 0.0038 0.0606105 18
0.063 0.0033 0.06557607 14
0.0543 0.0154 0.06825302 11
0.0597 0.0074 0.06623202 8
0.0556 0.013 0.06762442 15
0.0541 0.0135 0.0662089 14
0.0609 0.0102 0.06987762 13
0.0566 0.0122 0.06825738 16
0.0606 0.0024 0.06256565 10
0.0649 0.007 0.0708447 5
0.0612 0.0032 0.06398547 14
0.0619 0.0088 0.06984763 10
0.0627 0.0095 0.07085156 4
0.0582 0.0119 0.06883343 11
0.0541 0.0125 0.06530953 12
0.059 0.0063 0.06411217 3
0.0672 0.0053 0.07163222 14
0.0595 0.0112 0.0697273 22
0.058 0.0093 0.06616485 8
0.0641 0.0175 0.07990954 15
0.0571 0.0103 0.06605905 11
0.0627 0.0076 0.06947883 15
0.0541 0.0078 0.06095464 18
0.0616 0.0176 0.07732024 7
0.0615 0.0066 0.06762106 12
0.0596 0.0075 0.06626927 11
0.0614 0.0117 0.07203291 15
0.0608 0.0124 0.0719084 5
0.0644 0.0102 0.0735354 16
0.0603 0.0084 0.06807806 15
0.0652 0.0114 0.0754087 17
0.0605 0.0028 0.06245838 11
0.0553 0.0091 0.06390798 16
0.0627 0.0081 0.06997246 17
0.0572 0.0114 0.06765335 17
0.0577 0.0075 0.06450315 13
0.0593 0.023 0.0802403 9
0.0634 0.0061 0.0684148 6
0.0636 0.0093 0.07158603 7
0.0546 0.0129 0.06607527 7
0.0613 0.0124 0.07238961 13
0.057 0.0093 0.06516113 6
0.0558 0.0049 0.06021686 17
0.0503 0.0109 0.06006278 16
0.0611 0.0162 0.07561835 5
0.065 0.0135 0.07703282 11
0.0527 0.0091 0.06107198 18
0.0652 0.0072 0.07134656 11
0.0586 0.0121 0.06975439 19
0.0624 0.011 0.07293274 21
0.0543 0.012 0.06532311 8
0.0637 0.009 0.07151939 17
0.0631 0.0108 0.0726172 7
0.062 0.0135 0.0739338 10
0.063 0.0139 0.07557949 11
0.0588 0.0209 0.07793977 9
0.0584 0.0089 0.06633928 14
0.0624 0.0084 0.06972565 7
0.0558 0.0088 0.06358446 10
0.0609 0.0089 0.06898776 14
0.0552 0.0095 0.06393337 11
0.0669 0.009 0.07444989 5
0.0579 0.0077 0.06471232 9
0.0608 0.0183 0.07734431 15
0.0536 0.0088 0.06132617 10
0.0623 0.0074 0.06882436 13
0.0537 0.006 0.05909342 10
0.0607 0.0107 0.07031583 12
0.0588 0.0067 0.0643536 10
0.061 0.0115 0.07114836 12
0.0628 0.01 0.07195163 16
0.0589 0.0063 0.06470932 14
0.0558 0.0149 0.06991103 14
0.0565 0.0102 0.06616 16
0.0616 0.0093 0.06962663 13
0.0559 0.0133 0.06778328 13
0.0586 0.0164 0.07375125 16
0.056 0.0105 0.06601964 18
0.0599 0.0185 0.07683463 10
0.0541 0.0077 0.06084362 10
0.0613 0.0056 0.06642717 17
0.0595 0.0056 0.06438389 12
0.0619 0.008 0.0690375 15
0.0577 0.0084 0.0652695 20
0.0559 0.0078 0.06293229 19
0.0534 0.0074 0.06025348 14
0.0565 0.0094 0.06506723 14
0.0562 0.0182 0.07302684 19
0.0562 0.0142 0.06940263 8
0.0641 0.0105 0.0736867 15
0.0572 0.0122 0.06816019 13
0.067 0.0075 0.07338721 7
0.0642 0.01 0.07298932 10
0.0547 0.0064 0.06069624 12
0.0637 0.0153 0.07770674 16
0.0577 0.0143 0.0706005 12
0.0612 0.0075 0.06804838 16
0.0617 0.0109 0.07173633 17
0.0581 0.0182 0.07474107 10
0.0575 0.0157 0.07191304 15
0.056 0.0066 0.06195173 8
0.0612 0.0192 0.07845737 6
0.0591 0.0053 0.064086 24
0.064 0.0113 0.07418934 12
0.056 0.012 0.06745652 14
0.0604 0.012 0.07105055 7
0.0568 0.013 0.06863761 8
0.0591 0.011 0.06883326 10
0.0526 0.0114 0.06318433 6
0.0646 0.0045 0.06798317 5
0.0593 0.008 0.06627463 8
0.0655 0.0136 0.07790164 19
0.0624 0.0106 0.07171434 8
0.0612 0.0125 0.07245552 15
0.059 0.013 0.0713288 22
0.0568 0.0135 0.06928544 16
0.0636 0.0122 0.07455879 10
0.0646 0.0107 0.07430712 15
0.0598 0.0052 0.06414062 8
0.0634 0.0102 0.07203076 4
0.0601 0.0104 0.06971785 16
0.063 0.0105 0.07217401 8
0.056 0.0073 0.06233829 12
0.0551 0.0095 0.0639002 11
0.0513 0.0131 0.06299297 2
0.0549 0.0091 0.0635058 11
0.059 0.0097 0.06761818 9
0.0559 0.0104 0.06601265 12
0.0602 0.0105 0.07008028 19
0.0638 0.013 0.07564599 10
0.0736 0.015 0.08660118 4
0.0603 0.0094 0.06893344 14
0.0603 0.0099 0.06925943 10
0.0552 0.0144 0.0685181 16
0.0593 0.0112 0.0691163 4
0.0551 0.0059 0.06063122 26
0.0589 0.0096 0.06756143 11
0.0606 0.0101 0.06985545 14
0.0578 0.0088 0.06537766 6
0.0598 0.0086 0.06748337 11
0.0644 0.0226 0.0849184 10
0.0533 0.0104 0.0631883 12
0.0521 0.0138 0.06462219 9
0.0553 0.0125 0.06655003 12
0.0563 0.0086 0.06423575 15
0.0638 0.0057 0.06871084 10
0.0575 0.0079 0.06487792 18
0.0599 0.0078 0.06661875 16
0.0613 0.0096 0.06949269 5
0.0576 0.0109 0.06782677 18
0.0607 0.012 0.07190493 15
0.0574 0.0126 0.06860834 9
0.0617 0.0144 0.07470526 12
0.0525 0.0133 0.06465506 10
0.065 0.0096 0.07364971 18
0.0612 0.0211 0.08099548 11
0.0605 0.0167 0.07571143 16
0.069 0.0061 0.07443919 13
0.0582 0.0126 0.07002107 8
0.0532 0.0095 0.06164127 9
0.0565 0.0081 0.0639083 19
0.065 0.0109 0.07463851 8
0.0574 0.0116 0.06790701 17
0.0595 0.0088 0.06735894 11
0.0598 0.0123 0.07082699 13
0.062 0.016 0.07638106 12
0.0481 0.0099 0.05737534 15
0.0541 0.0088 0.06218209 9
0.0601 0.0125 0.0713395 7
0.0557 0.0112 0.06603121 13
0.0638 0.0077 0.07068939 14
0.0589 0.0138 0.07115704 10
0.0583 0.0136 0.07045844 11
0.068 0.0174 0.08354637 7
0.0596 0.017 0.0748568 6
0.0637 0.0173 0.07919552 10
0.0632 0.0125 0.07462041 17
0.0634 0.0128 0.07477966 9
0.0591 0.0102 0.06831266 15
0.0605 0.0116 0.07086553 15
0.0641 0.0041 0.0673882 14
0.0573 0.0156 0.07169165 13
0.0568 0.009 0.06476872 8
0.0634 0.0122 0.0742571 12
0.0594 0.0121 0.07035672 12
0.0619 0.0119 0.07246223 14
0.0568 0.0086 0.0644696 10
0.0665 0.0068 0.07245528 13
0.0628 0.0163 0.07767054 12
0.0586 0.012 0.07004199 16
0.059 0.0112 0.06914183 10
0.0603 0.0101 0.06935751 14
0.0558 0.0127 0.06746816 18
0.0553 0.0085 0.06292411 14
0.0623 0.0152 0.0760727 13
0.0674 0.0143 0.08010719 14
0.0637 0.0145 0.07675366 12
0.0567 0.0116 0.06676149 6
0.0667 0.0092 0.07513284 18
0.0639 0.0097 0.07268931 12
0.0662 0.0125 0.0775537 9
0.0591 0.0171 0.07536566 15
0.059 0.0103 0.06853644 6
0.0614 0.0113 0.0716453 11
0.0616 0.0123 0.07234479 6
0.0513 0.0109 0.06222293 19
0.0637 0.0082 0.07077388 13
0.0555 0.0173 0.07117657 12
0.0627 0.0111 0.07276992 15
0.0618 0.0158 0.07611526 12
0.0601 0.0131 0.07198955 12
0.0613 0.0245 0.08385702 11
0.0623 0.0135 0.0745634 13
0.0599 0.01 0.06867154 19
0.0533 0.0118 0.06395164 8
0.0516 0.0094 0.05982772 7
0.0726 0.0195 0.09009107 7
0.0581 0.0121 0.06920044 12
0.0647 0.0153 0.07816194 6
0.0583 0.0155 0.07221493 9
0.0519 0.0164 0.06682451 14
0.0635 0.0148 0.07667644 11
0.0565 0.0147 0.06958691 8
0.0577 0.0062 0.06327231 13
0.064 0.0092 0.07189179 10
0.0573 0.008 0.06458067 22
0.0623 0.0144 0.07594257 10
0.0604 0.0154 0.07404318 9
0.0582 0.0132 0.07058166 14
0.0709 0.01 0.07951773 7
0.0684 0.0116 0.07861464 7
0.0718 0.0084 0.07922212 10
0.059 0.0148 0.07276762 14
0.0626 0.0071 0.06910699 14
0.0645 0.0077 0.07154609 14
0.0583 0.0085 0.06583524 21
0.0614 0.0118 0.07220384 16
0.0592 0.012 0.07019067 16
0.0576 0.0044 0.06138895 12
0.0586 0.0078 0.06582123 17
0.0679 0.0171 0.08305521 8
0.0537 0.0046 0.05789496 15
0.0552 0.0037 0.05872407 18
0.061 0.0099 0.06994795 16
0.0598 0.0135 0.07201286 8
0.0702 0.0077 0.07681443 9
0.0598 0.0117 0.07035947 9
0.0616 0.0118 0.07199579 12
0.0664 0.0151 0.08025235 13
0.063 0.0076 0.06962042 12