0.0844 0.083 0.1595612 1
0.0383 0.0378 0.07372736 1
0.2114 0.2067 0.37382072 1
0.1801 0.1734 0.32162316 1
0.0771 0.0751 0.14556099 1
0.1799 0.1749 0.32268929 1
0.1478 0.1439 0.26972228 1
0.0781 0.0754 0.14676376 1
0.0777 0.0677 0.13928411 1
0.2242 0.2232 0.39680496 1
0.2355 0.2296 0.4104933 1
0.0652 0.059 0.1194764 1
0.0273 0.0259 0.05154513 1
0.0325 0.0313 0.06184555 1
0.0812 0.0771 0.15119678 1
0.165 0.1639 0.3011844 1
0.0777 0.0751 0.14611653 1
0.0543 0.0524 0.10296038 1
0.0398 0.0384 0.07574888 1
0.0508 0.0502 0.09754984 1
0.1278 0.123 0.2343304 1
0.0897 0.0824 0.16387982 1
0.3457 0.3447 0.57092661 1
0.1472 0.1414 0.26707352 1
0.0494 0.0482 0.09431552 1
0.1108 0.1093 0.20720866 1
0.1373 0.1351 0.25312217 1
0.0844 0.0833 0.15983618 1
0.1211 0.121 0.226688 1
0.0811 0.0804 0.15414006 1
0.0889 0.0873 0.16761423 1
0.0508 0.0436 0.09127852 1
0.0171 0.0171 0.03294079 1
0.0357 0.0352 0.06871326 1
0.0524 0.052 0.1007786 1
0.0684 0.0674 0.13032464 1
0.049 0.0431 0.0890792 1
0.2212 0.2141 0.38737538 1
0.0916 0.0906 0.17308224 1
0.057 0.0551 0.1080704 1
0.0551 0.041 0.092936 1
0.1506 0.1505 0.2777348 1
0.1342 0.126 0.24255 1
0.1379 0.1348 0.25338278 1
0.0514 0.051 0.09888 1
0.0462 0.0429 0.08620612 1
0.076 0.0724 0.142045 1
0.1155 0.1121 0.21387905 1
0.0603 0.0598 0.11561316 1
0.0158 0.0138 0.02841056 1
0.061 0.0568 0.113452 1
0.1037 0.101 0.19343 1
0.0325 0.0321 0.06262035 1
0.2137 0.2123 0.38005649 1
0.2662 0.2642 0.45959936 1
0.067 0.0638 0.1256552 1
0.0771 0.0754 0.14583816 1
0.0778 0.0668 0.13854656 1
0.0283 0.0252 0.05183934 1
0.0376 0.0336 0.06900684 1
0.1497 0.1439 0.27135077 1
0.063 0.0598 0.1181544 1
0.109 0.0998 0.1971296 1
0.1008 0.0994 0.18937968 1
0.0885 0.0867 0.16670125 1
0.0767 0.076 0.1460225 1
0.0829 0.0812 0.15653162 1
0.0218 0.02 0.0404048 1
0.0719 0.069 0.1350788 1
0.0772 0.0761 0.14657738 1
0.1785 0.1721 0.31922975 1
0.1354 0.126 0.2436 1
0.08 0.0742 0.1474172 1
0.1441 0.1416 0.26458014 1
0.1788 0.1775 0.3239183 1
0.0369 0.0365 0.07112555 1
0.0829 0.0779 0.15350189 1
0.0741 0.071 0.138983 1
0.0429 0.0387 0.07902037 1
0.0512 0.0506 0.09831008 1
0.0479 0.0376 0.08278346 1
0.0976 0.0949 0.18242926 1
0.0551 0.0465 0.09813845 1
0.0821 0.0751 0.15019049 1
0.0324 0.0322 0.06262032 1
0.0686 0.0678 0.13088432 1
0.056 0.0538 0.105896 1
0.0837 0.081 0.157084 1
0.3597 0.3524 0.58505282 1
0.0617 0.0583 0.11552189 1
0.0585 0.0542 0.108641 1
0.1275 0.1177 0.22943745 1
0.0679 0.0672 0.12967122 1
0.097 0.0896 0.1770944 1
0.1348 0.1312 0.24757924 1
0.0232 0.0219 0.04363602 1
0.0661 0.0626 0.12368984 1
0.0439 0.038 0.0793127 1
0.0233 0.0216 0.04344062 1
0.0936 0.0908 0.17508452 1
0.0573 0.0416 0.09569165 3
0.026 0.0032 0.0284891 3
0.0673 0.0576 0.12016642 3
0.0652 0.0313 0.09361894 2
0.0488 0.0354 0.08155676 4
0.0361 0.0337 0.06772908 5
0.038 0.0045 0.04139327 2
0.0245 0.0142 0.03740222 2
0.0627 0.031 0.0908775 2
0.0492 0.0147 0.06233248 3
0.0649 0.0374 0.0995279 5
0.0476 0.0251 0.07097722 4
0.0244 0.0066 0.02986896 1
0.037 0.0125 0.0482202 2
0.0287 0.0238 0.05086844 1
0.0346 0.0256 0.05837344 1
0.0213 0.0041 0.02439356 5
0.0871 0.0278 0.11173772 2
0.0481 0.0059 0.05296917 4
0.0533 0.0057 0.05788675 3
0.0569 0.014 0.07027642 4
0.0411 0.0287 0.06770668 3
0.0438 0.0348 0.07619089 4
0.0529 0.0092 0.06070298 2
0.0449 0.0386 0.08084936 1
0.0545 0.0286 0.08065018 5
0.068 0.0565 0.11979047 3
0.0378 0.0211 0.05730148 6
0.0339 0.0199 0.05223538 4
0.0235 0.0194 0.04149035 7
0.0413 0.0347 0.07366847 4
0.0277 0.0241 0.05021583 6
0.0235 0.0144 0.03660473 2
0.0498 0.0195 0.06749092 4
0.0557 0.0124 0.06678098 7
0.0288 0.0085 0.03610594 2
0.0435 0.0429 0.08361925 1
0.0781 0.0584 0.13108922 2
0.0354 0.0127 0.04673862 3
0.0324 0.0163 0.04721958 1
0.0471 0.0126 0.05869474 4
0.0362 0.0261 0.06055599 7
0.0389 0.017 0.05430153 3
0.0975 0.059 0.1499974 5
0.0372 0.0107 0.04660146 4
0.0597 0.0344 0.0911528 3
0.0326 0.0102 0.04150991 2
0.0322 0.0046 0.03588205 5
0.0507 0.0214 0.07017479 4
0.0204 0.0107 0.03005651 3
0.0266 0.0076 0.03307382 2
0.0452 0.023 0.06626241 2
0.082 0.0839 0.15820248 2
0.0473 0.0366 0.08169187 4
0.0605 0.0078 0.0668954 1
0.0252 0.0086 0.03262638 5
0.0446 0.0044 0.04791416 6
0.0532 0.0014 0.05370715 4
0.0273 0.0162 0.04210294 4
0.0424 0.0274 0.06782162 4
0.0382 0.0149 0.05162959 4
0.0412 0.0096 0.04953524 3
0.0498 0.0258 0.07348094 4
0.032 0.0163 0.04685064 3
0.0186 0.003 0.02056581 3
0.0268 0.0217 0.04698519 2
0.0339 0.0273 0.05933937 2
0.0329 0.0327 0.06358903 2
0.0607 0.0284 0.08654846 5
0.0739 0.0077 0.08011157 1
0.0479 0.0409 0.08593229 2
0.0562 0.0238 0.07789317 4
0.0637 0.0474 0.1072428 6
0.0467 0.0301 0.07447493 2
0.0537 0.0256 0.07712712 4
0.0285 0.0082 0.03554338 4
0.0269 0.0199 0.04532885 3
0.0426 0.0255 0.06613545 3
0.0492 0.0094 0.05769877 6
0.0337 0.0127 0.04504427 2
0.0622 0.0496 0.10783989 3
0.0382 0.026 0.06227738 2
0.0323 0.004 0.0352223 2
0.0595 0.0443 0.10034804 2
0.0173 0.0087 0.02490934 5
0.0355 0.0237 0.05754914 3
0.0595 0.0312 0.08817117 5
0.0472 0.0233 0.06861752 5
0.0974 0.0719 0.16160387 5
0.064 0.0109 0.0735178 2
0.024 0.0047 0.02790164 9
0.05 0.038 0.085187 1
0.0401 0.0144 0.05306099 2
0.0279 0.0014 0.02832731 2
0.0418 0.0143 0.05455736 1
0.0305 0.0282 0.05691112 2
0.0442 0.0073 0.05022784 1
0.0305 0.0311 0.05972325 2
0.0424 0.0271 0.067536 4
0.0171 0.0065 0.02260465 7
0.04 0.0152 0.05366252 2
0.042 0.0218 0.06201365 5
0.0455 0.0245 0.06795425 1
0.0482 0.0174 0.06386226 7
0.034 0.0043 0.03734031 6
0.0306 0.0176 0.04671064 2
0.0327 0.0096 0.04106238 5
0.038 0.0084 0.0452642 2
0.0322 0.0207 0.0512871 2
0.0277 0.0047 0.03135996 5
0.0373 0.0139 0.04981185 6
0.0408 0.0087 0.0482612 3
0.0291 0.0087 0.03662808 5
0.0387 0.0171 0.05427311 4
0.0309 0.0026 0.03277347 5
0.0376 0.0138 0.0500714 6
0.0301 0.0138 0.04260201 4
0.049 0.0158 0.0634402 6
0.0416 0.0186 0.05851254 5
0.0404 0.0185 0.05732103 6
0.0564 0.0169 0.07145106 3
0.0491 0.0106 0.05833168 5
0.0748 0.0204 0.09337508 5
0.0602 0.0122 0.07092936 7
0.0383 0.008 0.04518515 5
0.0328 0.0152 0.04657014 3
0.0461 0.0337 0.07732696 3
0.0393 0.0111 0.04914263 4
0.0247 0.0058 0.02941216 4
0.0234 0.0078 0.03005307 2
0.0373 0.0086 0.04465775 4
0.0347 0.0083 0.04177454 4
0.0355 0.0036 0.0380361 2
0.0357 0.007 0.04153004 5
0.039 0.0014 0.03954456 10
0.0326 0.0225 0.05342853 3
0.0444 0.0255 0.06788805 4
0.0409 0.0074 0.04736911 6
0.0278 0.0033 0.03023834 7
0.0491 0.0315 0.07824797 3
0.0486 0.0168 0.06376233 4
0.0384 0.0068 0.04409462 8
0.0505 0.0344 0.08227701 5
0.0625 0.0164 0.07743491 8
0.0348 0.0191 0.0522941 2
0.045 0.008 0.05182913 4
0.0345 0.0265 0.05918461 6
0.0288 0.0013 0.02915062 5
0.0316 0.0105 0.0408093 1
0.0246 0.0046 0.0281625 4
0.0278 0.0198 0.0461075 3
0.041 0.0272 0.06630254 4
0.0617 0.024 0.08336927 3
0.0386 0.013 0.05026682 4
0.0464 0.016 0.06095126 8
0.029 0.0162 0.04383771 8
0.0302 0.0012 0.03044339 7
0.0357 0.0164 0.05074079 7
0.0287 0.0062 0.03382555 7
0.0336 0.0193 0.05141886 4
0.0486 0.0167 0.06366089 3
0.0373 0.0207 0.0563242 5
0.05 0.0274 0.07516048 4
0.0435 0.0252 0.0667278 4
0.0283 0.0061 0.03329498 4
0.0267 0.0068 0.03235838 3
0.0308 0.0158 0.04520535 6
0.0462 0.0256 0.0697562 6
0.0584 0.0129 0.06967098 4
0.0508 0.0146 0.0637972 2
0.0353 0.0232 0.05676 3
0.0464 0.0125 0.05768546 4
0.0505 0.0315 0.07952171 5
0.0389 0.0142 0.05162565 3
0.0506 0.002 0.05161421 6
0.0234 0.0067 0.0289859 2
0.0312 0.0034 0.03356891 6
0.0341 0.0085 0.04135175 1
0.0255 0.0054 0.02983198 3
0.0488 0.0066 0.05420139 3
0.0558 0.0143 0.0686378 5
0.0423 0.0112 0.05233971 7
0.0342 0.0109 0.0437845 4
0.0621 0.007 0.06810133 4
0.0255 0.0123 0.03662865 3
0.0293 0.0038 0.03217286 9
0.04 0.0223 0.0604693 1
0.051 0.0187 0.06782304 2
0.0682 0.0312 0.0966269 8
0.0468 0.0112 0.05662106 4
0.0407 0.0073 0.04687581 7
0.0451 0.0284 0.0712958 2
0.0434 0.0261 0.06756898 4
0.0276 0.0012 0.02799972 4
0.038 0.0197 0.05615229 10
0.0229 0.0045 0.0264677 6
0.0289 0.0041 0.03207059 7
0.0359 0.0015 0.03659656 7
0.0297 0.0087 0.03717901 1
0.0348 0.0129 0.04635035 3
0.0399 0.0128 0.05124098 1
0.034 0.0202 0.05258011 3
0.0454 0.0142 0.05804628 5
0.0313 0.0062 0.0363433 2
0.0393 0.0191 0.05676009 6
0.0329 0.0159 0.04732541 2
0.0293 0.0041 0.03247007 4
0.0381 0.0028 0.03990888 4
0.0359 0.0082 0.04295653 8
0.0369 0.0196 0.05485601 4
0.0311 0.0162 0.04584484 2
0.0465 0.0163 0.06114406 3
0.0273 0.0112 0.0372435 7
0.0331 0.0188 0.05034377 3
0.0378 0.0093 0.04586601 4
0.0354 0.0079 0.04219491 3
0.0532 0.0173 0.06873306 6
0.0516 0.0054 0.0560681 6
0.0324 0.015 0.04596229 3
0.0361 0.0073 0.04218624 4
0.0443 0.0096 0.05252762 1
0.0323 0.0012 0.03273698 11
0.0403 0.0142 0.05304905 3
0.0404 0.0052 0.04458 4
0.0418 0.0035 0.04447993 6
0.0327 0.008 0.03958608 5
0.0369 0.0141 0.04967276 7
0.0348 0.0042 0.03801746 4
0.0337 0.0126 0.04498827 10
0.0335 0.0011 0.0337351 5
0.0362 0.0038 0.0390372 8
0.0318 0.0086 0.03920336 4
0.0318 0.0064 0.0372402 6
0.0357 0.0072 0.04168486 1
0.035 0.015 0.04861419 6
0.0378 0.0015 0.03845425 5
0.0332 0.0057 0.03804798 5
0.054 0.0154 0.06770678 3
0.0246 0.0139 0.03719712 2
0.0393 0.0178 0.05550688 4
0.0418 0.0117 0.05214386 5
0.0322 0.0086 0.03961418 3
0.0518 0.0114 0.06172989 4
0.0484 0.0165 0.06331682 7
0.0399 0.011 0.04962612 5
0.0425 0.0179 0.05878585 8
0.0432 0.0013 0.04363004 7
0.0366 0.0078 0.04316612 5
0.0313 0.0057 0.03592569 4
0.0371 0.0074 0.04344612 5
0.028 0.011 0.03781699 7
0.0377 0.0137 0.04997978 3
0.0367 0.0127 0.04801619 3
0.036 0.0087 0.04354739 8
0.0361 0.0141 0.04883358 8
0.0299 0.0094 0.03806902 5
0.0374 0.0044 0.04075317 7
0.0382 0.0168 0.05356165 8
0.0326 0.0015 0.03322285 6
0.0329 0.0042 0.03623084 6
0.0287 0.0011 0.02915441 5
0.0315 0.0095 0.03988136 7
0.0356 0.0078 0.04223763 6
0.0424 0.0279 0.06822751 4
0.0309 0.0122 0.04187748 6
0.0382 0.0173 0.05389364 1
0.0311 0.0092 0.03908211 5
0.037 0.0157 0.05117305 2
0.0415 0.0031 0.0438028 10
0.0498 0.0078 0.05640267 8
0.036 0.0024 0.0376946 7
0.034 0.0041 0.03701345 5
0.0479 0.031 0.07661481 6
0.0421 0.0206 0.06098375 5
0.0307 0.0095 0.03906087 6
0.0336 0.0112 0.04351631 3
0.0292 0.0069 0.03500368 9
0.0421 0.0069 0.04806025 4
0.0265 0.002 0.02758707 4
0.0388 0.0106 0.04821446 5
0.0391 0.0137 0.05145575 3
0.0379 0.0069 0.04369889 8
0.0337 0.0052 0.03778503 3
0.0552 0.0099 0.06395549 11
0.0282 0.0106 0.03788082 10
0.0353 0.0065 0.04062731 3
0.0355 0.0138 0.04786804 5
0.036 0.0185 0.0528879 2
0.0561 0.0169 0.07116625 4
0.0462 0.0051 0.05012864 3
0.0245 0.0111 0.03436625 2
0.0423 0.0024 0.04364218 1
0.047 0.0273 0.07212199 2
0.0303 0.0041 0.03339436 5
0.0305 0.0169 0.0459623 5
0.0286 0.0086 0.03601305 7
0.038 0.0044 0.04134461 5
0.0347 0.0038 0.03749663 7
0.035 0.0076 0.0413756 1
0.039 0.0016 0.04002208 7
0.0374 0.0041 0.04038716 1
0.0371 0.011 0.04678284 5
0.0381 0.0029 0.03992951 1
0.0335 0.0186 0.05058183 10
0.0371 0.0238 0.05909499 3
0.0453 0.0041 0.04831269 8
0.0351 0.0098 0.04368139 5
0.0412 0.0162 0.05589398 4
0.0348 0.0106 0.04412673 5
0.0382 0.016 0.05266656 4
0.0478 0.0203 0.06621476 4
0.0384 0.0175 0.05449177 11
0.025 0.0193 0.0428929 5
0.0355 0.0111 0.04533764 6
0.0324 0.0068 0.03804566 5
0.0374 0.0052 0.04148872 6
0.0462 0.0069 0.05202646 8
0.048 0.0015 0.04880224 9
0.0345 0.0096 0.04285755 5
0.0349 0.0039 0.03782409 6
0.0372 0.0073 0.04334095 3
0.0359 0.0171 0.05149542 4
0.0405 0.0085 0.04774299 4
0.0537 0.0015 0.05428871 11
0.045 0.0064 0.05040401 7
0.0353 0.0224 0.05596664 2
0.0403 0.004 0.04325891 3
0.0312 0.0134 0.04322612 2
0.0377 0.0011 0.03797993 3
0.0315 0.0125 0.04267536 3
0.0417 0.0169 0.057046 8
0.0365 0.0076 0.04296593 8
0.0377 0.0092 0.04564006 5
0.0406 0.0163 0.05536352 5
0.043 0.0096 0.05127584 5
0.034 0.0173 0.04982334 5
0.0349 0.0151 0.04852909 3
0.0415 0.0067 0.04709995 8
0.0285 0.004 0.03151016 10
0.0411 0.0057 0.04580294 6
0.0457 0.0087 0.05309005 3
0.0382 0.0069 0.0439537 7
0.0447 0.0072 0.05093324 9
0.0428 0.0142 0.05558016 3
0.0375 0.0138 0.04995254 7
0.0409 0.0146 0.05398255 5
0.0415 0.0013 0.04214739 6
0.0428 0.0055 0.04724869 5
0.0394 0.0072 0.04551612 15
0.0327 0.0101 0.04155526 6
0.0305 0.0137 0.04289035 8
0.0431 0.0177 0.05921906 9
0.0365 0.018 0.05300552 6
0.0382 0.0225 0.05893648 5
0.0351 0.0065 0.04079239 7
0.022 0.0026 0.02367261 6
0.0502 0.0031 0.05244982 9
0.0425 0.0053 0.04666568 3
0.0335 0.0062 0.03855329 3
0.0454 0.0119 0.05587694 5
0.0333 0.0076 0.03979929 6
0.0385 0.0103 0.0475563 8
0.0367 0.002 0.03778957 5
0.044 0.008 0.05074977 4
0.0206 0.0097 0.02916269 3
0.0352 0.0109 0.04490486 5
0.0383 0.0035 0.04078147 5
0.0395 0.0124 0.05052889 6
0.0321 0.0047 0.035719 5
0.0389 0.0064 0.04421638 4
0.0331 0.0091 0.04109656 9
0.0384 0.0056 0.04284819 6
0.038 0.0141 0.05077633 5
0.0494 0.0033 0.05192931 8
0.0387 0.0093 0.04682162 9
0.0376 0.0039 0.04044818 7
0.032 0.0051 0.03608997 10
0.0386 0.0016 0.0391788 3
0.0254 0.0038 0.02815757 5
0.0407 0.0019 0.04166372 4
0.041 0.0076 0.04751259 9
0.0416 0.0129 0.05305378 8
0.0385 0.0094 0.046604 6
0.0438 0.0081 0.05071334 7
0.0287 0.0015 0.02928068 6
0.0351 0.0048 0.03883224 7
0.0291 0.0045 0.03256353 2
0.037 0.0067 0.04253511 6
0.0476 0.0058 0.05239073 6
0.0462 0.0087 0.05364985 5
0.037 0.0194 0.05474173 5
0.0394 0.0069 0.0452482 3
0.0507 0.0032 0.05293352 5
0.0317 0.009 0.03948525 5
0.0389 0.0104 0.04798873 6
0.0367 0.0049 0.04063616 6
0.0477 0.0165 0.06254672 7
0.0379 0.0012 0.03821048 6
0.0328 0.0117 0.04322146 8
0.0368 0.0118 0.04724796 4
0.0389 0.0112 0.04890248 7
0.0385 0.0025 0.04001051 6
0.0429 0.017 0.0582296 1
0.0378 0.0173 0.05362295 4
0.0407 0.0024 0.04218083 7
0.0377 0.0091 0.04551284 3
0.035 0.0142 0.04779853 4
0.0556 0.0263 0.07953991 3
0.0389 0.014 0.05144107 3
0.0396 0.0187 0.05672449 7
0.0444 0.0093 0.05253568 10
0.0375 0.0088 0.04511931 7
0.0308 0.0041 0.03392927 5
0.037 0.0042 0.0400848 1
0.0379 0.0014 0.03832861 3
0.0431 0.0183 0.05972151 4
0.0359 0.0192 0.05350265 3
0.047 0.0125 0.05805912 6
0.0367 0.0045 0.04041377 6
0.0373 0.0012 0.03763542 7
0.0405 0.0049 0.04457053 9
0.0379 0.0209 0.05722616 14
0.0363 0.0039 0.03927517 9
0.0506 0.0077 0.05725331 8
0.0447 0.0103 0.05379209 6
0.0375 0.0106 0.0467844 4
0.0418 0.0089 0.04947898 8
0.0335 0.0066 0.03917341 8
0.0381 0.0086 0.04548407 4
0.0364 0.0108 0.04594376 6
0.0485 0.013 0.06004216 7
0.0355 0.0016 0.03612459 9
0.0355 0.0061 0.04058855 7
0.0441 0.0205 0.0628696 6
0.0441 0.0134 0.05597311 3
0.0437 0.0045 0.04736132 12
0.0337 0.0106 0.04304726 4
0.037 0.0033 0.03923966 3
0.0306 0.0013 0.03110187 7
0.0472 0.0063 0.05238369 6
0.0438 0.0011 0.04396963 10
0.0456 0.0124 0.05662439 6
0.0483 0.007 0.05423063 4
0.0437 0.0205 0.06250444 6
0.0365 0.0087 0.04397109 4
0.0413 0.0114 0.05131429 5
0.0426 0.0028 0.04441945 8
0.0388 0.0055 0.04339275 11
0.0458 0.0196 0.06358597 4
0.0355 0.0109 0.04508575 2
0.0336 0.0186 0.05064244 6
0.0431 0.0061 0.04826769 10
0.0393 0.0022 0.04082049 7
0.0429 0.0129 0.05446216 9
0.0431 0.0089 0.05082471 7
0.0261 0.0019 0.02706926 6
0.041 0.0024 0.04244918 6
0.0358 0.0082 0.04294234 7
0.0328 0.0077 0.03930993 7
0.0422 0.0078 0.04888435 7
0.035 0.0095 0.04324819 6
0.0367 0.0021 0.0378276 7
0.0419 0.0025 0.04335764 2
0.0449 0.0042 0.04808396 7
0.023 0.0014 0.02350344 9
0.0377 0.0064 0.04294813 6
0.0396 0.0029 0.04144205 3
0.042 0.0046 0.04571246 4
0.04 0.0101 0.04878442 5
0.0446 0.0039 0.04750141 6
0.0352 0.0017 0.03618379 13
0.0386 0.0079 0.04526777 4
0.0422 0.0117 0.05268731 10
0.0481 0.0236 0.06970153 6
0.0425 0.0036 0.04504836 5
0.0396 0.0103 0.04868971 9
0.0305 0.0126 0.04177 4
0.0396 0.0052 0.04369611 6
0.0341 0.0087 0.04161358 9
0.0478 0.0086 0.05521896 10
0.0482 0.0169 0.06352719 6
0.0389 0.0013 0.03929536 5
0.0419 0.0098 0.05045308 5
0.0369 0.0076 0.04338047 7
0.0328 0.0028 0.0346975 4
0.0386 0.0118 0.04909585 7
0.0398 0.0088 0.04738698 4
0.043 0.0038 0.04578103 8
0.0449 0.0067 0.05052465 5
0.0469 0.0081 0.05392356 7
0.04 0.0017 0.04081031 6
0.0365 0.002 0.03753179 5
0.0486 0.0015 0.04934265 8
0.0431 0.0017 0.04389046 4
0.0422 0.0069 0.04800094 7
0.0317 0.0025 0.03340401 6
0.0453 0.0146 0.05832167 4
0.0391 0.0044 0.04241587 5
0.0356 0.0107 0.0449705 2
0.0367 0.0111 0.04654584 5
0.0395 0.0117 0.0498177 4
0.0337 0.002 0.03490707 9
0.0417 0.0185 0.05868202 8
0.0358 0.0023 0.03711296 4
0.0359 0.0069 0.04163079 6
0.0458 0.0159 0.06018394 12
0.043 0.0085 0.05043891 8
0.0457 0.0126 0.05679022 2
0.046 0.009 0.05372715 6
0.0357 0.0059 0.04059574 8
0.0439 0.0048 0.04783065 7
0.044 0.0014 0.0445545 7
0.0352 0.0046 0.0387847 6
0.0347 0.0055 0.03904835 1
0.0387 0.0126 0.04990528 3
0.0411 0.0014 0.04195813 13
0.0373 0.0059 0.0423005 7
0.0417 0.0159 0.05616943 14
0.0407 0.0014 0.04132092 8
0.0353 0.0136 0.04760451 8
0.0462 0.0092 0.05413472 7
0.0337 0.0094 0.04222491 13
0.0456 0.0073 0.05165324 4
0.0516 0.0181 0.0678568 3
0.0477 0.0034 0.05004454 8
0.0366 0.0086 0.04408533 9
0.0384 0.0045 0.04191993 9
0.0442 0.0093 0.05219917 10
0.0412 0.0025 0.04299213 9
0.0328 0.0096 0.04148255 13
0.0389 0.0024 0.04070159 10
0.0422 0.0014 0.04277979 10
0.0357 0.0011 0.03598933 9
0.0366 0.0066 0.04227143 11
0.0372 0.0192 0.05478026 4
0.0431 0.011 0.0528734 4
0.0424 0.0033 0.04482647 7
0.0437 0.0038 0.04646974 8
0.032 0.0044 0.03539665 8
0.0503 0.0143 0.06315032 5
0.0446 0.0097 0.05327849 6
0.0456 0.0026 0.04727314 6
0.0347 0.0118 0.04531207 5
0.0421 0.0084 0.04930777 7
0.0358 0.0028 0.03767263 4
0.0477 0.0038 0.05052308 4
0.0452 0.0043 0.0487389 17
0.0418 0.0087 0.04924627 7
0.0418 0.0054 0.04602048 1
0.0392 0.0141 0.05202722 13
0.0394 0.0032 0.041734 9
0.0454 0.0034 0.04778377 6
0.0355 0.0036 0.03818508 9
0.0375 0.0019 0.03876805 10
0.0429 0.0084 0.05011246 8
0.0388 0.0034 0.04132149 7
0.0398 0.0065 0.04535731 11
0.0368 0.0041 0.03989701 5
0.0316 0.0105 0.0408093 1
0.0471 0.0042 0.05042755 9
0.0349 0.0118 0.04560237 9
0.0431 0.0026 0.04476819 6
0.0424 0.0096 0.05088836 13
0.0496 0.0119 0.06008068 5
0.0289 0.0032 0.03113106 7
0.0479 0.0036 0.05054693 10
0.0391 0.0126 0.05032611 6
0.0482 0.0062 0.05319436 4
0.0428 0.0114 0.05278134 4
0.0403 0.0029 0.04241258 9
0.0354 0.0043 0.03875082 10
0.0427 0.0054 0.04700976 3
0.048 0.0013 0.04860766 8
0.05 0.0015 0.05060088 6
0.0388 0.0016 0.03967447 10
0.0398 0.0157 0.05405127 8
0.0432 0.003 0.04528151 5
0.0355 0.0032 0.03782704 5
0.0335 0.0027 0.03531657 8
0.0386 0.0079 0.0453831 4
0.041 0.0197 0.05903979 6
0.042 0.0015 0.04264127 7
0.0468 0.0047 0.0503968 4
0.0421 0.0093 0.05032736 7
0.0347 0.002 0.03573164 6
0.0369 0.0079 0.04373023 6
0.0301 0.0078 0.0368155 8
0.0377 0.0038 0.04048587 5
0.0422 0.0067 0.04783058 6
0.0481 0.0182 0.06450669 4
0.041 0.0049 0.0448928 6
0.0405 0.0012 0.04111518 8
0.0466 0.0033 0.04905389 8
0.0357 0.0027 0.03743515 8
0.0335 0.0157 0.04786842 8
0.0277 0.0139 0.04057524 15
0.0436 0.0037 0.04636462 7
0.0429 0.0039 0.04575734 7
0.0396 0.004 0.04277957 10
0.0365 0.0094 0.04464925 6
0.0451 0.0094 0.05326384 6
0.0469 0.0085 0.05410897 3
0.0448 0.0049 0.0487735 10
0.0315 0.0033 0.03438083 10
0.049 0.0184 0.06589229 10
0.0422 0.0137 0.05457579 12
0.0554 0.0105 0.06454076 11
0.0366 0.0078 0.04327896 9
0.0512 0.0027 0.05287178 8
0.0394 0.007 0.04519568 2
0.0457 0.0209 0.06479673 7
0.0419 0.0044 0.04554781 10
0.0442 0.0129 0.05562764 6
0.0363 0.0118 0.04676742 5
0.0437 0.003 0.04618498 6
0.0491 0.0117 0.05945425 8
0.0426 0.0068 0.04850446 8
0.04 0.0098 0.04856997 10
0.0427 0.007 0.04866032 9
0.044 0.005 0.04819752 12
0.0414 0.0045 0.04482297 3
0.0469 0.0084 0.05430174 12
0.0442 0.0025 0.04578342 7
0.0497 0.0049 0.0538218 9
0.0494 0.0014 0.04991134 6
0.052 0.0297 0.07926425 6
0.0384 0.0137 0.0507606 17
0.0414 0.0065 0.04680523 5
0.0427 0.007 0.04849486 3
0.0388 0.0182 0.05550577 12
0.0465 0.0096 0.05473102 6
0.033 0.0031 0.03515286 12
0.0489 0.0125 0.05995528 6
0.0477 0.0047 0.05142623 8
0.0449 0.0058 0.04955552 7
0.0385 0.0079 0.0451556 5
0.0438 0.0023 0.04534256 5
0.0407 0.0139 0.05315877 4
0.0376 0.0015 0.03821707 12
0.0518 0.0024 0.05313606 2
0.0414 0.0057 0.04604626 8
0.0511 0.0091 0.05885869 7
0.0393 0.0014 0.04004263 8
0.0386 0.0087 0.04613707 5
0.0457 0.0069 0.05140095 7
0.0486 0.0108 0.05815846 7
0.041 0.003 0.04315262 17
0.0455 0.0059 0.05018195 1
0.0415 0.0064 0.0466813 1
0.0465 0.0115 0.05656793 4
0.0454 0.0026 0.04695406 3
0.0441 0.0102 0.05329221 13
0.0434 0.0038 0.04624271 11
0.0455 0.0062 0.05069246 6
0.042 0.003 0.04416168 12
0.0412 0.0014 0.04166864 7
0.0443 0.0061 0.04936058 8
0.0365 0.0062 0.04171655 12
0.0438 0.0057 0.04836857 7
0.0471 0.0119 0.05784681 4
0.046 0.004 0.04955488 7
0.0417 0.0079 0.04837716 6
0.0457 0.0035 0.04821919 3
0.0497 0.0099 0.05817932 3
0.0292 0.0046 0.0327277 6
0.0436 0.0042 0.04706206 15
0.0409 0.0068 0.04684511 5
0.0469 0.0021 0.0481617 8
0.0465 0.0134 0.05854034 11
0.0447 0.0028 0.04675315 7
0.0415 0.0038 0.04446863 8
0.0453 0.0103 0.05438776 12
0.0433 0.0175 0.05922708 5
0.0519 0.0087 0.05931124 5
0.0433 0.0035 0.04586037 5
0.045 0.0185 0.06199198 11
0.0404 0.0077 0.04695549 7
0.0417 0.0052 0.04598139 12
0.0448 0.0028 0.04671809 9
0.0471 0.007 0.05291021 5
0.0504 0.0121 0.06110772 8
0.0582 0.0014 0.05872899 5
0.0402 0.0038 0.04321801 16
0.0436 0.0087 0.05100782 6
0.0481 0.0019 0.0492141 11
0.0391 0.0091 0.04699363 5
0.0431 0.0074 0.04936097 12
0.0426 0.012 0.05319137 7
0.0493 0.0014 0.05062921 9
0.0433 0.0085 0.05060129 4
0.0475 0.009 0.05513972 3
0.0388 0.0112 0.04867924 9
0.0474 0.0029 0.04966791 7
0.0388 0.0019 0.03978988 4
0.0481 0.0079 0.05486927 11
0.0438 0.0032 0.04611243 10
0.0422 0.0037 0.04487488 5
0.0403 0.0083 0.04760171 11
0.0433 0.0063 0.04853747 8
0.0436 0.0162 0.05821981 6
0.0509 0.0145 0.06375039 4
0.0524 0.0049 0.05630302 11
0.0568 0.0116 0.06687303 8
0.0489 0.0181 0.06533761 9
0.0457 0.0089 0.05335969 14
0.055 0.0068 0.06066008 10
0.0504 0.0095 0.05860319 8
0.0515 0.004 0.05463112 6
0.0555 0.0202 0.07376181 10
0.0431 0.0053 0.04726008 3
0.0461 0.0112 0.05640309 15
0.0497 0.0152 0.06326743 8
0.0492 0.0041 0.05270055 17
0.0519 0.0074 0.0581528 8
0.0432 0.0126 0.05457524 10
0.0515 0.0013 0.05201514 9
0.0505 0.0012 0.05098855 10
0.0439 0.0249 0.0668913 7
0.0506 0.0021 0.05188809 11
0.0515 0.0046 0.05559386 16
0.0558 0.0063 0.06099068 7
0.0511 0.0116 0.06167779 11
0.0478 0.012 0.05837598 7
0.0496 0.0063 0.05472827 6
0.0532 0.0162 0.06764715 5
0.0502 0.0028 0.05211369 8
0.039 0.0057 0.04385932 12
0.0426 0.0066 0.04813561 6
0.0589 0.0054 0.06337431 11
0.0427 0.0066 0.04852266 13
0.0489 0.0155 0.06274809 3
0.0497 0.0065 0.05533037 10
0.0528 0.0125 0.06379317 7
0.0481 0.0042 0.05147577 11
0.0483 0.0068 0.0539233 9
0.0485 0.0071 0.05450761 11
0.0473 0.0016 0.04850783 13
0.0533 0.0067 0.05876172 4
0.0497 0.0038 0.05274042 8
0.0502 0.0108 0.05981721 5
0.0494 0.0034 0.05189666 8
0.0454 0.0114 0.05538741 5
0.0458 0.0071 0.05175758 6
0.0466 0.0136 0.05879567 9
0.0475 0.009 0.05551742 16
0.0453 0.0014 0.04592626 10
0.05 0.0023 0.05176129 13
0.0538 0.0092 0.06169648 12
0.05 0.0034 0.0524659 10
0.0481 0.0081 0.05517493 4
0.0481 0.0015 0.04896982 8
0.0505 0.0135 0.06252754 7
0.0516 0.003 0.0536524 6
0.0516 0.0085 0.05893695 11
0.0491 0.0013 0.05011454 12
0.0493 0.0094 0.05757148 12
0.0459 0.0021 0.04732364 6
0.0491 0.0136 0.06117213 5
0.05 0.0166 0.06510601 15
0.0558 0.0077 0.0623101 6
0.046 0.0147 0.05931997 7
0.0575 0.0047 0.06126704 9
0.0484 0.005 0.05279629 15
0.052 0.0068 0.05765635 8
0.0472 0.0017 0.04816381 8
0.0531 0.0033 0.0553332 8
0.0533 0.0104 0.06238325 5
0.0499 0.0152 0.06359639 7
0.044 0.0141 0.05665446 11
0.0616 0.0088 0.06910281 8
0.0452 0.0072 0.0512534 7
0.0578 0.0103 0.06670242 10
0.0446 0.0023 0.04601892 7
0.0542 0.0109 0.06381101 7
0.0514 0.0073 0.05756322 8
0.0505 0.0067 0.05594182 6
0.0471 0.0227 0.0678438 9
0.0476 0.0027 0.04995133 7
0.05 0.0138 0.06235356 8
0.0486 0.0199 0.06672931 9
0.0526 0.0117 0.06296722 8
0.0485 0.0148 0.06177843 5
0.0494 0.0043 0.05267779 9
0.0453 0.0041 0.04836119 9
0.0458 0.0089 0.05370668 9
0.0473 0.0106 0.05664222 7
0.0426 0.0065 0.04815249 8
0.0458 0.0054 0.05070744 16
0.0494 0.0057 0.05393146 5
0.0491 0.0018 0.05011465 9
0.0548 0.0087 0.06240136 16
0.0432 0.0157 0.05746203 11
0.05 0.0093 0.05806047 6
0.0489 0.0109 0.05841733 9
0.0541 0.0021 0.05529043 10
0.048 0.0109 0.05777566 10
0.0541 0.01 0.062714 8
0.0502 0.0092 0.05851573 15
0.0449 0.0022 0.04638881 9
0.049 0.0105 0.05832949 7
0.048 0.0194 0.06563955 8
0.0471 0.0052 0.05138307 7
0.0506 0.0217 0.07034686 9
0.0464 0.009 0.05421246 10
0.0471 0.0043 0.05040195 7
0.0491 0.0108 0.05857647 10
0.0489 0.0116 0.05921122 10
0.0578 0.0138 0.06995334 7
0.0567 0.0089 0.06433475 6
0.0503 0.0046 0.05393068 9
0.0483 0.0076 0.05479525 13
0.051 0.0034 0.05336323 6
0.0537 0.0067 0.05940259 13
0.0483 0.0059 0.05306028 5
0.0525 0.0036 0.05507368 5
0.0531 0.0057 0.05817077 11
0.0557 0.0108 0.06511134 7
0.0485 0.0054 0.0529081 11
0.0446 0.0134 0.05666519 10
0.0503 0.0058 0.05502528 8
0.0534 0.007 0.05936192 15
0.0573 0.0069 0.06301508 5
0.049 0.0151 0.06262795 9
0.0483 0.0094 0.05675775 7
0.0561 0.0119 0.06670093 9
0.0465 0.0126 0.05774025 8
0.0405 0.0062 0.04596276 8
0.0582 0.0017 0.05905676 10
0.0496 0.0064 0.05516593 10
0.0485 0.0089 0.056306 9
0.048 0.0088 0.05568841 10
0.0538 0.0061 0.05887638 20
0.0532 0.0083 0.06051186 10
0.0513 0.0051 0.05530823 6
0.0552 0.0064 0.06072363 13
0.0508 0.0056 0.05531883 8
0.0512 0.0056 0.05565335 8
0.0578 0.0114 0.06807488 13
0.0575 0.0115 0.06807367 17
0.0519 0.0035 0.05462357 12
0.0535 0.0013 0.05425724 11
0.0431 0.0068 0.04901048 11
0.0548 0.0109 0.06424523 7
0.0545 0.004 0.05766609 10
0.0507 0.0046 0.05448205 9
0.0587 0.0165 0.07338662 6
0.053 0.0057 0.05749417 4
0.0556 0.0072 0.06171527 11
0.0465 0.004 0.04961887 7
0.0475 0.0092 0.05570765 10
0.0489 0.0063 0.05433713 14
0.0564 0.0083 0.06364496 8
0.0498 0.0138 0.06237341 13
0.0542 0.0095 0.06292384 21
0.056 0.0069 0.06167938 5
0.0526 0.0026 0.05457039 12
0.0506 0.0055 0.05510535 7
0.0472 0.0104 0.0563444 6
0.0529 0.0026 0.05465472 12
0.0493 0.011 0.05905179 11
0.0488 0.0261 0.07284618 10
0.0577 0.0065 0.06305311 7
0.0543 0.0037 0.05694493 5
0.0528 0.0129 0.06433869 11
0.0492 0.0053 0.05354273 8
0.0453 0.0065 0.0508856 13
0.0563 0.0154 0.07001093 6
0.0589 0.0035 0.06133278 8
0.0502 0.0084 0.05738564 11
0.0538 0.0061 0.05899692 16
0.0447 0.0018 0.04587691 14
0.0578 0.0092 0.06582347 7
0.051 0.011 0.06058699 5
0.0648 0.0078 0.07139345 13
0.0498 0.0074 0.05650259 9
0.0502 0.006 0.05515023 10
0.0458 0.0073 0.05216323 17
0.0508 0.0016 0.05166869 12
0.0569 0.0038 0.05988037 9
0.0455 0.0061 0.05076893 8
0.0539 0.0018 0.05487708 7
0.052 0.0125 0.0635421 17
0.0535 0.0061 0.05872498 13
0.0484 0.0062 0.05395572 8
0.0525 0.0091 0.06059423 18
0.0513 0.009 0.05912722 9
0.0465 0.0102 0.05567531 15
0.0535 0.0164 0.06822891 13
0.0486 0.0063 0.0537238 6
0.0442 0.0181 0.06082797 7
0.0487 0.0059 0.05360062 11
0.0468 0.0109 0.05639306 13
0.05 0.0045 0.05352338 6
0.0511 0.0066 0.05694463 12
0.0543 0.0109 0.06377278 8
0.0541 0.0031 0.05671922 14
0.0507 0.0259 0.07462527 13
0.0522 0.0098 0.06083849 14
0.0468 0.0111 0.05671125 15
0.0627 0.0138 0.0750407 16
0.0511 0.0103 0.06042619 14
0.0553 0.008 0.06203753 5
0.0569 0.0099 0.06562936 11
0.0531 0.0054 0.05761182 12
0.0512 0.0086 0.05868515 8
0.0566 0.0058 0.0616235 15
0.0487 0.0145 0.06230242 14
0.0522 0.0056 0.05666767 7
0.0574 0.011 0.0670123 8
0.0491 0.0031 0.05165935 12
0.0529 0.0108 0.06250797 3
0.0527 0.0089 0.06060952 14
0.05 0.0134 0.06197099 12
0.0509 0.0163 0.06568209 9
0.0578 0.0099 0.06654107 10
0.0547 0.0078 0.06125981 11
0.0556 0.0097 0.06403587 7
0.0521 0.0066 0.05765282 10
0.0518 0.0066 0.05740149 8
0.0506 0.0052 0.05501732 12
0.0543 0.0037 0.05694282 3
0.0583 0.0082 0.06527181 7
0.056 0.0148 0.06916551 6
0.0529 0.0111 0.06296979 15
0.0573 0.0086 0.06462932 8
0.0484 0.0047 0.05202816 11
0.0492 0.0068 0.05476424 4
0.0572 0.0018 0.05822432 11
0.0531 0.0109 0.06291174 19
0.05 0.0084 0.0572799 7
0.0588 0.0033 0.06169284 11
0.0508 0.0065 0.05638475 13
0.0581 0.0102 0.06714084 14
0.0531 0.0037 0.05594195 7
0.0481 0.0081 0.05499437 9
0.047 0.0055 0.0519434 17
0.05 0.0093 0.05808353 4
0.0538 0.0091 0.06193558 10
0.0544 0.0067 0.06037691 11
0.0562 0.0058 0.06092329 8
0.0524 0.0043 0.05574596 14
0.0435 0.0144 0.05681947 11
0.0553 0.0098 0.06390328 16
0.0534 0.0118 0.06404425 9
0.0486 0.0062 0.05396499 17
0.0552 0.009 0.06313354 10
0.0476 0.005 0.05159336 5
0.0477 0.0099 0.05624704 8
0.0512 0.0086 0.05865234 11
0.0593 0.0045 0.06298164 17
0.051 0.0069 0.05701931 9
0.0592 0.0028 0.06120582 11
0.0524 0.0102 0.06143599 17
0.052 0.0116 0.06241024 11
0.0478 0.0113 0.05804528 14
0.0553 0.0042 0.05856487 11
0.0547 0.0041 0.05789571 10
0.0494 0.0124 0.0604364 14
0.055 0.0066 0.06046951 11
0.0453 0.0165 0.06015939 5
0.0555 0.005 0.0596268 11
0.0511 0.0062 0.05612274 7
0.0595 0.0099 0.06806315 13
0.0511 0.0113 0.0611672 12
0.0552 0.0036 0.05781587 9
0.0479 0.0034 0.0506042 17
0.0567 0.0051 0.06089986 8
0.0531 0.0138 0.06572062 10
0.0488 0.0078 0.05568212 3
0.0578 0.015 0.07115782 6
0.0505 0.0085 0.05788672 13
0.059 0.0108 0.06852644 13
0.0536 0.0045 0.05738096 13
0.0518 0.0095 0.06005626 6
0.0528 0.0041 0.05595711 7
0.0529 0.0056 0.05745406 9
0.0526 0.0078 0.05952083 12
0.0456 0.016 0.0602163 10
0.0494 0.0035 0.05207198 9
0.0458 0.0103 0.05494175 8
0.0601 0.0099 0.06865976 11
0.0472 0.0077 0.05378578 11
0.0514 0.0037 0.05509234 15
0.0537 0.0162 0.06836293 9
0.0485 0.0028 0.05043043 9
0.0536 0.0052 0.0582521 11
0.0517 0.0148 0.06527987 14
0.0494 0.0094 0.05759335 9
0.0508 0.0138 0.06326063 7
0.0496 0.0038 0.0524854 8
0.0604 0.0032 0.06291814 9
0.0504 0.006 0.05525914 10
0.0476 0.0103 0.05658046 8
0.0504 0.0061 0.05553046 5
0.0608 0.0042 0.06399294 9
0.0567 0.0151 0.07017379 6
0.0586 0.0025 0.0605997 15
0.0551 0.0059 0.06043258 13
0.0535 0.0011 0.05430863 15
0.0522 0.0076 0.05938497 12
0.0505 0.0114 0.06063172 6
0.0509 0.0266 0.07538072 9
0.0577 0.0079 0.06441925 13
0.0493 0.0142 0.06200986 10
0.0487 0.0133 0.06064986 10
0.0556 0.0237 0.07721496 6
0.0498 0.0042 0.05328745 10
0.0501 0.0046 0.05381272 13
0.0579 0.0165 0.07269497 9
0.0534 0.0075 0.05991866 7
0.053 0.0071 0.05881942 5
0.054 0.0047 0.05782329 9
0.0649 0.0026 0.0666527 12
0.0557 0.0033 0.05818403 7
0.0534 0.0034 0.05619237 15
0.0538 0.0043 0.05713971 9
0.0533 0.009 0.06092119 5
0.0548 0.0119 0.06544323 11
0.0569 0.0023 0.05822249 6
0.054 0.0103 0.06328405 8
0.0537 0.0058 0.05870458 10
0.0602 0.0063 0.06547078 8
0.0571 0.0047 0.06088066 6
0.0616 0.0041 0.06480879 7
0.0579 0.0069 0.06376982 9
0.053 0.0196 0.07076284 8
0.057 0.0065 0.06237998 8
0.0506 0.011 0.06069457 9
0.0607 0.0099 0.06931042 12
0.0519 0.0075 0.05834208 13
0.0512 0.0115 0.06159233 18
0.0555 0.0086 0.06283357 12
0.0561 0.0067 0.06192475 17
0.0549 0.0078 0.06139124 9
0.047 0.0052 0.05144859 14
0.0574 0.0084 0.0647975 13
0.0553 0.0038 0.05856494 8
0.0616 0.0041 0.06463138 6
0.0577 0.0129 0.06920081 11
0.054 0.0126 0.06529204 11
0.0469 0.0177 0.06303903 6
0.0559 0.0048 0.05949812 5
0.0562 0.0101 0.06515347 11
0.0551 0.0072 0.06109048 8
0.053 0.0078 0.05961488 9
0.0607 0.007 0.06643018 5
0.0573 0.0088 0.06516322 18
0.0603 0.004 0.06322584 6
0.0542 0.0101 0.06304937 6
0.0554 0.0091 0.06344196 7
0.052 0.0058 0.05661942 3
0.0528 0.0065 0.0582936 9
0.0545 0.0109 0.06433561 15
0.0557 0.0048 0.059827 9
0.0458 0.0061 0.05100066 12
0.0552 0.005 0.05924353 10
0.0573 0.0169 0.07240625 3
0.0461 0.0108 0.0555343 6
0.0524 0.0084 0.05954055 11
0.0541 0.0088 0.06157651 7
0.0531 0.0117 0.06375226 11
0.0522 0.0122 0.06309423 4
0.056 0.009 0.06371611 9
0.0569 0.0095 0.06515811 14
0.0528 0.0197 0.07076114 8
0.0492 0.0017 0.05047482 8
0.0589 0.0075 0.06569254 15
0.0562 0.0097 0.06461682 10
0.0546 0.0035 0.0574599 12
0.0562 0.0128 0.0675493 10
0.0536 0.0152 0.06739667 12
0.0529 0.0058 0.0580775 13
0.05 0.0101 0.05897547 8
0.0545 0.0118 0.06502085 13
0.0578 0.013 0.06937549 9
0.0535 0.0061 0.05864784 5
0.0563 0.0134 0.06851215 11
0.0532 0.0139 0.06550563 8
0.0503 0.0034 0.05293709 12
0.0574 0.0043 0.06140037 17
0.0575 0.0071 0.06390832 13
0.0484 0.0028 0.05050449 11
0.0564 0.0164 0.071437 8
0.0555 0.0083 0.06258507 8
0.0523 0.0106 0.06176988 10
0.0598 0.0059 0.06469422 9
0.0596 0.006 0.06462172 3
0.0507 0.0116 0.06097656 6
0.0553 0.0129 0.06691136 12
0.0519 0.0036 0.05447006 7
0.0524 0.0092 0.06029656 7
0.0475 0.0095 0.05594408 6
0.0517 0.0108 0.0614196 12
0.0542 0.0051 0.0583676 14
0.0582 0.0051 0.06217403 8
0.0488 0.0073 0.05553584 13
0.0558 0.0049 0.05965601 7
0.0562 0.0103 0.0651173 5
0.0526 0.0103 0.06163174 11
0.0568 0.0114 0.06709167 12
0.0578 0.0115 0.0678512 9
0.0546 0.0161 0.0689484 4
0.0566 0.0091 0.0643747 8
0.0546 0.007 0.06039945 11
0.0562 0.0236 0.07776488 10
0.0595 0.0129 0.07137959 12
0.0587 0.0019 0.06008765 17
0.0553 0.0178 0.07145717 12
0.0588 0.0077 0.06555014 15
0.0541 0.0107 0.06364584 14
0.0543 0.0124 0.06524144 8
0.057 0.0099 0.06555092 6
0.0519 0.0064 0.05745442 14
0.0526 0.0077 0.05900859 7
0.053 0.0057 0.05781116 8
0.0535 0.007 0.05942013 13
0.0508 0.0114 0.06112877 12
0.0506 0.0103 0.05986293 11
0.0577 0.0087 0.06508839 8
0.0575 0.0044 0.06096667 11
0.0547 0.0076 0.06179331 15
0.061 0.015 0.07457042 13
0.0507 0.007 0.05684253 11
0.056 0.005 0.06019232 12
0.0563 0.0109 0.06581704 12
0.0544 0.0116 0.06453391 7
0.0515 0.009 0.05924206 8
0.0582 0.0071 0.06424014 9
0.0513 0.0116 0.06149555 14
0.0485 0.009 0.05644327 9
0.0588 0.0068 0.06457314 10
0.0524 0.0073 0.05864949 9
0.0596 0.008 0.06644454 10
0.0621 0.0068 0.06776863 7
0.0554 0.0101 0.0641923 6
0.0534 0.0085 0.06088218 9
0.0552 0.0075 0.06167468 19
0.0518 0.0102 0.06086349 13
0.063 0.0082 0.07011921 11
0.0551 0.0104 0.06431126 12
0.0601 0.0064 0.06545625 13
0.0575 0.0109 0.06701911 10
0.0533 0.0032 0.05574603 7
0.0565 0.008 0.06400676 12
0.0563 0.0028 0.0583216 10
0.0534 0.0056 0.05829662 8
0.0568 0.0073 0.06323178 10
0.0554 0.0048 0.05931645 6
0.0555 0.0162 0.07001385 7
0.0592 0.0136 0.07131525 6
0.0565 0.0109 0.0660028 9
0.0582 0.0097 0.06667933 7
0.0611 0.0197 0.07891043 11
0.0558 0.0113 0.06577105 9
0.0565 0.008 0.06366271 19
0.0547 0.0113 0.06508265 15
0.0561 0.0107 0.06553515 9
0.054 0.0068 0.05977004 12
0.057 0.0137 0.06900644 2
0.0558 0.0092 0.06412705 15
0.0556 0.0072 0.06223817 21
0.056 0.0078 0.06276801 18
0.051 0.0089 0.0589794 17
0.0529 0.0172 0.06837456 6
0.0561 0.0062 0.06158815 14
0.0531 0.0061 0.05814559 12
0.0599 0.0118 0.07034588 10
0.0612 0.0124 0.07233815 18
0.0516 0.0111 0.06166892 16
0.052 0.008 0.05888601 6
0.0547 0.0109 0.06445607 14
0.0552 0.0035 0.05790964 12
0.0489 0.0117 0.05946353 10
0.0654 0.0119 0.07583454 8
0.0544 0.0098 0.06321471 12
0.0584 0.0044 0.06220273 10
0.0597 0.0013 0.06086259 15
0.0572 0.01 0.06589922 8
0.0575 0.0116 0.06794759 14
0.0564 0.0124 0.06716926 2
0.0587 0.0139 0.07097203 12
0.0648 0.0128 0.07603956 8
0.0504 0.0062 0.05577079 10
0.0542 0.0092 0.06253239 17
0.0564 0.0113 0.0664717 12
0.0621 0.0088 0.06954412 5
0.0539 0.0099 0.06247671 8
0.0578 0.0121 0.06847959 9
0.0517 0.0102 0.06130323 15
0.0506 0.0026 0.05261821 11
0.0553 0.0088 0.0632915 15
0.0512 0.0068 0.05717008 13
0.0568 0.0159 0.07100699 7
0.0512 0.0114 0.06189094 11
0.0633 0.0162 0.07787229 10
0.056 0.0172 0.07186934 20
0.051 0.0079 0.05822201 10
0.0561 0.0199 0.07403399 7
0.0518 0.0078 0.05884813 14
0.0609 0.0206 0.07960863 14
0.0562 0.0114 0.06634298 4
0.0606 0.009 0.06857119 6
0.0578 0.0072 0.06379816 9
0.0565 0.0155 0.07035785 6
0.0583 0.0097 0.06727599 19
0.0611 0.0097 0.06962869 10
0.0601 0.0075 0.0663965 9
0.0614 0.0131 0.07328361 8
0.0609 0.0098 0.06929697 6
0.0566 0.0047 0.06051712 15
0.0558 0.0048 0.05993905 15
0.055 0.013 0.06659773 8
0.0485 0.0156 0.06261705 9
0.0573 0.0061 0.06233698 13
0.0542 0.0139 0.06715117 12
0.0549 0.0103 0.06380209 7
0.0561 0.0095 0.06453056 13
0.0522 0.0072 0.05857718 9
0.0524 0.0047 0.05766384 24
0.057 0.0034 0.0594791 10
0.0555 0.0084 0.06258311 5
0.0589 0.0084 0.06628907 15
0.0551 0.0134 0.06722819 9
0.0574 0.0065 0.0629812 10
0.0541 0.0112 0.06405128 11
0.0567 0.005 0.06063136 11
0.0501 0.0028 0.05195763 5
0.0555 0.0137 0.06773559 7
0.0572 0.0135 0.0698215 7
0.0455 0.0063 0.05148725 15
0.0599 0.0127 0.07102697 4
0.0617 0.0072 0.0680168 18
0.0612 0.0118 0.07169042 11
0.0615 0.0083 0.0686663 11
0.057 0.0076 0.06353818 11
0.0602 0.008 0.06711439 18
0.0548 0.0057 0.05980629 11
0.0566 0.0103 0.06572357 12
0.0636 0.007 0.06978395 11
0.0566 0.0145 0.06945583 10
0.0599 0.0056 0.06434982 7
0.0533 0.0079 0.06014581 8
0.0578 0.0107 0.06715753 8
0.0517 0.0122 0.06293378 15
0.0566 0.0068 0.06243142 7
0.0617 0.0138 0.07465015 16
0.0554 0.0046 0.05921217 10
0.054 0.0057 0.05919649 16
0.0554 0.0151 0.06928854 14
0.0573 0.0074 0.06398151 10
0.0561 0.0068 0.06201797 13
0.0557 0.0033 0.05853928 15
0.0508 0.0128 0.06242869 11
0.0579 0.0062 0.0634328 19
0.0636 0.0112 0.07351383 13
0.0563 0.0158 0.07045638 11
0.0633 0.0099 0.07187698 12
0.0523 0.0159 0.06707496 11
0.0599 0.0083 0.06713195 11
0.057 0.007 0.06308247 12
0.0582 0.0032 0.06074845 13
0.0521 0.008 0.05963835 14
0.0508 0.0091 0.05891569 11
0.0582 0.0062 0.06364477 14
0.0558 0.0156 0.06991288 11
0.0527 0.0087 0.0603235 11
0.0631 0.0056 0.06785111 14
0.0585 0.0108 0.06816099 12
0.0624 0.008 0.06943998 10
0.0612 0.015 0.07460306 8
0.0609 0.0083 0.06808628 15
0.0556 0.0052 0.0603573 12
0.0522 0.0052 0.05664923 13
0.0614 0.0171 0.07664119 10
0.0548 0.0039 0.05796864 8
0.0568 0.007 0.06295941 10
0.0546 0.0118 0.06531106 11
0.062 0.0122 0.07276411 12
0.0596 0.0066 0.0652775 11
0.0558 0.0086 0.06343666 17
0.063 0.0119 0.07350799 6
0.0579 0.0026 0.0596945 6
0.0535 0.0118 0.06454939 18
0.0554 0.0101 0.0643287 11
0.0572 0.0111 0.06751078 18
0.0559 0.0104 0.06507666 9
0.0593 0.0181 0.07582145 7
0.0577 0.019 0.07504636 16
0.0578 0.0092 0.06566211 4
0.0642 0.0189 0.08109559 8
0.0601 0.012 0.07078358 11
0.0564 0.013 0.06801988 9
0.0547 0.0067 0.06041823 12
0.0526 0.008 0.05963515 13
0.0596 0.0153 0.07314872 9
0.0562 0.0221 0.07667864 10
0.056 0.0095 0.06468912 11
0.0622 0.0059 0.06706241 15
0.0547 0.0089 0.06298881 14
0.0624 0.0124 0.07361891 19
0.0553 0.0107 0.06517142 12
0.0599 0.0083 0.06708758 17
0.0631 0.0139 0.07549534 9
0.0615 0.0116 0.07185125 16
0.0589 0.01 0.06779293 15
0.0545 0.017 0.06985654 8
0.0558 0.0111 0.06597381 10
0.0589 0.0118 0.06949104 14
0.0526 0.0076 0.05937003 11
0.0548 0.0099 0.06397435 16
0.0562 0.0085 0.06403288 22
0.0616 0.011 0.07123702 16
0.0554 0.0117 0.06576964 12
0.0647 0.0188 0.08150859 10
0.0614 0.0075 0.06783939 17
0.0567 0.0089 0.06497492 11
0.0542 0.0052 0.05871538 16
0.06 0.0115 0.07026637 13
0.0556 0.0045 0.05930866 12
0.0548 0.0108 0.06450954 18
0.0502 0.0108 0.06031327 9
0.0652 0.0084 0.07244562 13
0.0485 0.0155 0.06270527 13
0.0547 0.0095 0.06341953 10
0.0619 0.0064 0.0671241 6
0.0538 0.0146 0.06729333 16
0.0574 0.0162 0.07191669 8
0.061 0.0085 0.06848225 16
0.0591 0.0135 0.07113552 14
0.053 0.0059 0.05819909 16
0.0609 0.0071 0.06693258 14
0.0592 0.0061 0.06475449 13
0.0588 0.0098 0.06727045 7
0.0577 0.0074 0.06425944 20
0.0584 0.0069 0.06425338 5
0.0542 0.0106 0.06383558 16
0.055 0.0076 0.06167217 12
0.0609 0.0143 0.0736662 10
0.0556 0.0134 0.06823338 13
0.0612 0.0133 0.07306433 8
0.059 0.0208 0.07788166 14
0.0605 0.0071 0.06642086 8
0.0554 0.0055 0.06038042 13
0.0573 0.0048 0.06120086 6
0.0637 0.014 0.07623569 14
0.0549 0.011 0.06482208 8
0.0605 0.0078 0.06761525 18
0.0569 0.0111 0.06685056 11
0.0588 0.016 0.07318265 13
0.0538 0.0119 0.06470866 12
0.0612 0.0085 0.06839093 6
0.0574 0.0178 0.07347385 9
0.0555 0.0032 0.05791929 12
0.0571 0.0118 0.06764031 10
0.0595 0.0157 0.07373946 11
0.0607 0.0096 0.06911361 10
0.0606 0.0115 0.07104017 18
0.0478 0.0124 0.05898271 14
0.0597 0.0073 0.0662756 14
0.0633 0.0059 0.06814448 7
0.0538 0.0087 0.06182354 14
0.0607 0.0099 0.06974702 18
0.0582 0.0129 0.06981831 10
0.0569 0.0081 0.06375842 10
0.059 0.0122 0.07021117 11
0.0604 0.014 0.07299987 12
0.0617 0.0099 0.0705119 19
0.0644 0.0132 0.07652102 11
0.0608 0.0063 0.06600394 7
0.0575 0.0093 0.06549634 8
0.0617 0.0074 0.06799334 9
0.0577 0.0097 0.0659768 8
0.0538 0.0082 0.06119788 19
0.0583 0.0066 0.06422446 15
0.0579 0.0087 0.06531753 7
0.0585 0.0097 0.06762578 16
0.0633 0.0079 0.06998133 10
0.0559 0.0126 0.06782572 9
0.0547 0.0098 0.06348453 13
0.0667 0.0135 0.07868893 8
0.0701 0.0142 0.08283538 11
0.0569 0.0077 0.06400718 13
0.0588 0.0072 0.06547533 19
0.0551 0.0098 0.06430563 18
0.0542 0.0097 0.06294897 9
0.0551 0.0077 0.06216196 19
0.0566 0.0084 0.06409089 8
0.0616 0.0115 0.07196262 8
0.0565 0.0097 0.06522511 13
0.062 0.0074 0.06855836 13
0.0604 0.0236 0.08211064 15
0.0494 0.0155 0.0636868 20
0.0569 0.0123 0.06772201 5
0.0488 0.0122 0.0595186 6
0.0554 0.005 0.05958709 12
0.0529 0.0062 0.0584848 10
0.0614 0.0061 0.06698634 15
0.0545 0.0069 0.06036884 9
0.0595 0.0066 0.06509072 5
0.0574 0.0131 0.06898787 6
0.0582 0.0178 0.07420626 6
0.0558 0.0129 0.06739294 15
0.0625 0.0154 0.07626875 7
0.0603 0.0094 0.06855213 12
0.0612 0.0078 0.06776277 12
0.0605 0.0278 0.086365 12
0.0579 0.0135 0.06999202 10
0.0585 0.0071 0.064821 12
0.0596 0.0129 0.0710863 3
0.0551 0.0139 0.06752116 11
0.0605 0.0071 0.06688189 16
0.0613 0.0101 0.0702989 7
0.0552 0.0117 0.06543782 8
0.0541 0.0088 0.06217276 14
0.0564 0.008 0.06357912 15
0.0584 0.0119 0.06925602 15
0.0498 0.0061 0.05514953 14
0.0541 0.0127 0.06572885 11
0.0569 0.0076 0.0634561 10
0.0577 0.0118 0.06817694 7
0.0633 0.0089 0.07108641 10
0.0508 0.0083 0.05796899 12
0.06 0.0096 0.06863898 13
0.0638 0.0104 0.0727948 5
0.0576 0.0141 0.0702926 7
0.0585 0.0165 0.07359876 12
0.0627 0.0132 0.07449376 14
0.0595 0.0112 0.06923822 11
0.0626 0.0101 0.0716918 15
0.0529 0.0072 0.0590788 9
0.062 0.0043 0.06543896 9
0.0608 0.0105 0.0697319 1
0.0568 0.0095 0.06517869 10
0.0634 0.0106 0.07280876 13
0.0555 0.0116 0.06594046 11
0.0497 0.0092 0.05805362 16
0.0564 0.006 0.06136817 11
0.0602 0.0054 0.06494799 12
0.0598 0.0146 0.07286249 8
0.0606 0.0219 0.08070704 15
0.0571 0.007 0.06330063 11
0.061 0.0116 0.07119057 7
0.0621 0.0068 0.06772691 6
0.0583 0.0122 0.06941297 20
0.0582 0.0144 0.07153103 16
0.0638 0.014 0.07628867 6
0.0639 0.0091 0.07190887 6
0.0555 0.009 0.06322363 11
0.0588 0.0123 0.06954634 7
0.0594 0.0064 0.06510052 10
0.064 0.0142 0.07665291 9
0.0591 0.0167 0.074949 16
0.0636 0.0124 0.07459101 9
0.0596 0.012 0.07024049 12
0.0581 0.0085 0.06546786 12
0.0513 0.0117 0.0629409 19
0.0557 0.0095 0.06412627 10
0.0538 0.0122 0.06466912 8
0.0632 0.0082 0.07012346 4
0.0551 0.011 0.06497198 12
0.0553 0.0175 0.07109807 7
0.0608 0.0252 0.08376109 9
0.0593 0.0153 0.07327274 17
0.062 0.0081 0.06881525 10
0.0518 0.0151 0.0656014 13
0.0574 0.0053 0.06217829 15
0.0697 0.019 0.08691339 15
0.0541 0.0124 0.0657796 18
0.0599 0.0152 0.07332533 7
0.0577 0.016 0.07199829 8
0.0511 0.0134 0.06304608 11
0.0637 0.0133 0.07551275 9
0.0565 0.0124 0.06771504 10
0.0676 0.0052 0.07181816 11
0.0584 0.0071 0.06430585 6
0.0573 0.0099 0.06648058 21
0.0623 0.014 0.07489502 5
0.0579 0.0153 0.07140818 4
0.0581 0.02 0.07642491 16
0.0641 0.0096 0.07251188 11
0.0674 0.0094 0.07572442 8
0.0559 0.0121 0.067215 13
0.053 0.0107 0.063226 13
0.0626 0.011 0.07269911 16
0.0632 0.0101 0.07230515 16
0.0551 0.006 0.06014229 7
0.0595 0.016 0.07399695 18
0.0642 0.0108 0.07397906 14
0.0556 0.0026 0.05766748 12
0.0573 0.0054 0.06189921 10
0.0702 0.0138 0.0824703 5
0.0539 0.0064 0.05944335 12
0.0578 0.0048 0.06216474 13
0.0509 0.0069 0.05685487 11
0.0563 0.0126 0.06743286 13
0.061 0.0159 0.07526948 7
0.06 0.0133 0.07190678 9
0.0603 0.0111 0.0703435 14
0.0585 0.0208 0.07741597 13
0.0615 0.007 0.06735842 11