0.0844 0.083 0.1595612 1
0.0383 0.0378 0.07372736 1
0.2114 0.2067 0.37382072 1
0.1801 0.1734 0.32162316 1
0.0771 0.0751 0.14556099 1
0.1799 0.1749 0.32268929 1
0.1478 0.1439 0.26972228 1
0.0781 0.0754 0.14676376 1
0.0777 0.0677 0.13928411 1
0.2242 0.2232 0.39680496 1
0.2355 0.2296 0.4104933 1
0.0652 0.059 0.1194764 1
0.0273 0.0259 0.05154513 1
0.0325 0.0313 0.06184555 1
0.0812 0.0771 0.15119678 1
0.165 0.1639 0.3011844 1
0.0777 0.0751 0.14611653 1
0.0543 0.0524 0.10296038 1
0.0398 0.0384 0.07574888 1
0.0508 0.0502 0.09754984 1
0.1278 0.123 0.2343304 1
0.0897 0.0824 0.16387982 1
0.3457 0.3447 0.57092661 1
0.1472 0.1414 0.26707352 1
0.0494 0.0482 0.09431552 1
0.1108 0.1093 0.20720866 1
0.1373 0.1351 0.25312217 1
0.0844 0.0833 0.15983618 1
0.1211 0.121 0.226688 1
0.0811 0.0804 0.15414006 1
0.0889 0.0873 0.16761423 1
0.0508 0.0436 0.09127852 1
0.0171 0.0171 0.03294079 1
0.0357 0.0352 0.06871326 1
0.0524 0.052 0.1007786 1
0.0684 0.0674 0.13032464 1
0.049 0.0431 0.0890792 1
0.2212 0.2141 0.38737538 1
0.0916 0.0906 0.17308224 1
0.057 0.0551 0.1080704 1
0.0551 0.041 0.092936 1
0.1506 0.1505 0.2777348 1
0.1342 0.126 0.24255 1
0.1379 0.1348 0.25338278 1
0.0514 0.051 0.09888 1
0.0462 0.0429 0.08620612 1
0.076 0.0724 0.142045 1
0.1155 0.1121 0.21387905 1
0.0603 0.0598 0.11561316 1
0.0158 0.0138 0.02841056 1
0.061 0.0568 0.113452 1
0.1037 0.101 0.19343 1
0.0325 0.0321 0.06262035 1
0.2137 0.2123 0.38005649 1
0.2662 0.2642 0.45959936 1
0.067 0.0638 0.1256552 1
0.0771 0.0754 0.14583816 1
0.0778 0.0668 0.13854656 1
0.0283 0.0252 0.05183934 1
0.0376 0.0336 0.06900684 1
0.1497 0.1439 0.27135077 1
0.063 0.0598 0.1181544 1
0.109 0.0998 0.1971296 1
0.1008 0.0994 0.18937968 1
0.0885 0.0867 0.16670125 1
0.0767 0.076 0.1460225 1
0.0829 0.0812 0.15653162 1
0.0218 0.02 0.0404048 1
0.0719 0.069 0.1350788 1
0.0772 0.0761 0.14657738 1
0.1785 0.1721 0.31922975 1
0.1354 0.126 0.2436 1
0.08 0.0742 0.1474172 1
0.1441 0.1416 0.26458014 1
0.1788 0.1775 0.3239183 1
0.0369 0.0365 0.07112555 1
0.0829 0.0779 0.15350189 1
0.0741 0.071 0.138983 1
0.0429 0.0387 0.07902037 1
0.0512 0.0506 0.09831008 1
0.0479 0.0376 0.08278346 1
0.0976 0.0949 0.18242926 1
0.0551 0.0465 0.09813845 1
0.0821 0.0751 0.15019049 1
0.0324 0.0322 0.06262032 1
0.0686 0.0678 0.13088432 1
0.056 0.0538 0.105896 1
0.0837 0.081 0.157084 1
0.3597 0.3524 0.58505282 1
0.0617 0.0583 0.11552189 1
0.0585 0.0542 0.108641 1
0.1275 0.1177 0.22943745 1
0.0679 0.0672 0.12967122 1
0.097 0.0896 0.1770944 1
0.1348 0.1312 0.24757924 1
0.0232 0.0219 0.04363602 1
0.0661 0.0626 0.12368984 1
0.0439 0.038 0.0793127 1
0.0233 0.0216 0.04344062 1
0.0936 0.0908 0.17508452 1
0.0573 0.0416 0.09567761 4
0.026 0.0032 0.02847132 4
0.0673 0.0576 0.12016642 3
0.0705 0.0313 0.09870983 2
0.0488 0.0354 0.08155676 4
0.0361 0.0337 0.06774277 4
0.038 0.0045 0.04139327 2
0.0239 0.0153 0.03793808 6
0.0627 0.031 0.0908775 2
0.0457 0.0147 0.05890814 4
0.0649 0.0359 0.09786527 4
0.0476 0.0251 0.07097722 4
0.0275 0.0084 0.0347228 2
0.0351 0.0125 0.04624592 2
0.0289 0.0255 0.05271645 1
0.0346 0.0256 0.05837344 1
0.0213 0.0041 0.02439356 5
0.0871 0.0278 0.11173772 2
0.0481 0.0059 0.05296543 5
0.0462 0.0057 0.05129711 5
0.0573 0.014 0.06992216 3
0.0411 0.0287 0.06773844 3
0.0428 0.0348 0.07525359 4
0.0529 0.0092 0.06070298 2
0.0449 0.0386 0.08084936 1
0.0546 0.0286 0.08074477 4
0.0659 0.0565 0.11781239 6
0.0378 0.0211 0.05730148 6
0.0489 0.0263 0.07303494 5
0.0189 0.0139 0.03158942 11
0.0443 0.0347 0.07654157 2
0.0277 0.0241 0.05022437 6
0.0235 0.0144 0.03660473 2
0.0446 0.0195 0.06282868 6
0.0533 0.0095 0.06135545 1
0.0288 0.0085 0.03610594 2
0.0435 0.0429 0.08361925 1
0.0781 0.0584 0.13108922 2
0.0356 0.0127 0.04690366 3
0.0324 0.0163 0.04721958 1
0.0471 0.0126 0.0586267 5
0.0362 0.0261 0.06055599 7
0.0367 0.017 0.05218072 3
0.1005 0.059 0.15274736 4
0.0372 0.0107 0.04660438 3
0.0597 0.0338 0.09059636 4
0.0345 0.0098 0.0430772 2
0.0329 0.0046 0.03655451 7
0.0507 0.0214 0.07017479 4
0.0204 0.0107 0.02998185 3
0.0266 0.0076 0.03307382 2
0.0452 0.023 0.06626241 2
0.0794 0.0844 0.15626144 1
0.0473 0.0366 0.08151711 4
0.0619 0.0101 0.07045025 2
0.0248 0.0086 0.03222586 6
0.0374 0.0044 0.04104084 6
0.0532 0.0014 0.05370715 4
0.0273 0.0162 0.04210294 4
0.0424 0.0274 0.06782162 4
0.0382 0.0149 0.05162959 4
0.041 0.0096 0.04934648 4
0.0501 0.0258 0.07375727 3
0.0343 0.0163 0.04922193 13
0.0174 0.003 0.01937088 2
0.0265 0.0217 0.04667215 1
0.0339 0.0269 0.05895445 3
0.0329 0.0328 0.06368558 1
0.0585 0.0234 0.0796172 3
0.0697 0.0077 0.07600439 2
0.0479 0.0409 0.08593229 2
0.063 0.0238 0.08454104 5
0.0637 0.0474 0.1072428 6
0.0471 0.0301 0.07497657 4
0.049 0.0256 0.07287182 6
0.0285 0.0082 0.03556201 5
0.0269 0.0199 0.04532885 3
0.0415 0.0255 0.06512989 6
0.0423 0.0095 0.05100298 7
0.0337 0.0127 0.04504427 2
0.0622 0.0496 0.10783989 3
0.0336 0.0232 0.05511007 4
0.0323 0.004 0.0352223 2
0.0595 0.0443 0.10034804 2
0.0184 0.0072 0.02449212 1
0.0355 0.0208 0.05468779 2
0.0595 0.0312 0.08817117 5
0.0472 0.0233 0.06861752 5
0.0978 0.0688 0.15909481 3
0.0582 0.0109 0.06793879 3
0.024 0.0047 0.02778914 9
0.048 0.0438 0.08887025 4
0.0401 0.0211 0.05979941 3
0.0279 0.0013 0.02821909 2
0.0418 0.0143 0.05455736 1
0.0352 0.0345 0.0675598 2
0.0432 0.0073 0.04926299 4
0.0305 0.0312 0.05983118 2
0.0424 0.0271 0.06745945 3
0.0171 0.0065 0.02258952 6
0.0417 0.0213 0.06124399 5
0.0424 0.0234 0.06398105 5
0.0471 0.0268 0.07171062 1
0.0421 0.0162 0.05671528 4
0.0321 0.0043 0.03546853 7
0.03 0.0153 0.0438853 1
0.0299 0.0096 0.03834828 5
0.0353 0.0084 0.04263602 3
0.0411 0.0286 0.06765472 7
0.027 0.0053 0.03126739 8
0.0373 0.0099 0.04588325 2
0.0408 0.0087 0.0482612 3
0.0297 0.0104 0.03887474 5
0.0385 0.0146 0.05169415 4
0.0312 0.0026 0.03303787 6
0.0376 0.0138 0.05010802 5
0.0287 0.0112 0.03863792 2
0.0416 0.0158 0.0559516 4
0.0416 0.0186 0.05851254 5
0.0404 0.0185 0.05732103 6
0.0494 0.0169 0.06455263 3
0.0461 0.0106 0.05537404 4
0.0678 0.019 0.08503308 2
0.0526 0.0085 0.05981909 3
0.0368 0.0091 0.04473002 5
0.033 0.0151 0.04665048 3
0.0461 0.0337 0.07732696 3
0.041 0.0105 0.05014355 4
0.0242 0.0058 0.02893797 6
0.022 0.0078 0.02866944 3
0.0357 0.0086 0.04309184 6
0.0347 0.0083 0.04179843 5
0.0355 0.0036 0.0380361 2
0.0363 0.0062 0.04132984 3
0.0413 0.0013 0.04166168 5
0.0335 0.0232 0.0549785 1
0.0433 0.0255 0.06694307 6
0.0433 0.0058 0.04808415 6
0.0254 0.0026 0.02700674 3
0.0491 0.0284 0.07530675 2
0.0501 0.0168 0.06516303 3
0.0383 0.0058 0.04294464 2
0.0467 0.0344 0.07859632 4
0.0671 0.0183 0.08357929 7
0.0348 0.0195 0.0526747 1
0.0438 0.008 0.05057636 3
0.0341 0.0261 0.05840356 6
0.0288 0.0013 0.0291479 5
0.0305 0.013 0.04231831 7
0.0262 0.004 0.0291244 1
0.027 0.0186 0.04415357 3
0.0354 0.0249 0.0584862 2
0.0566 0.024 0.07845017 4
0.0386 0.0118 0.0491251 4
0.0491 0.016 0.06362532 9
0.0283 0.0132 0.04039962 3
0.029 0.0012 0.02926602 9
0.0357 0.0164 0.05070408 6
0.0287 0.0073 0.03494379 7
0.0389 0.0193 0.05656805 5
0.0495 0.0167 0.06461174 3
0.0348 0.0188 0.05205774 3
0.0408 0.0203 0.05937249 2
0.0495 0.0252 0.07263495 5
0.0267 0.0061 0.0317516 4
0.0225 0.0039 0.02533765 1
0.0307 0.0158 0.04511774 3
0.0429 0.0213 0.06240809 4
0.0642 0.0149 0.07741226 7
0.048 0.0166 0.06305184 5
0.0341 0.0232 0.05557702 2
0.0455 0.0125 0.05684736 6
0.0455 0.0251 0.06852755 1
0.042 0.0142 0.05476505 7
0.0445 0.0021 0.04568164 9
0.0272 0.009 0.03502106 5
0.0288 0.0034 0.03117336 4
0.0368 0.0088 0.04435972 5
0.024 0.0042 0.02713377 3
0.0453 0.0066 0.0508975 4
0.0486 0.0117 0.05906822 5
0.0484 0.0112 0.05828333 10
0.0362 0.0142 0.04902865 8
0.0621 0.007 0.06780719 4
0.0255 0.0123 0.03654901 4
0.0293 0.0038 0.03219732 8
0.0438 0.0232 0.0650565 2
0.0501 0.0209 0.06904208 3
0.0751 0.0269 0.09912311 3
0.0462 0.0112 0.05607269 4
0.0417 0.0073 0.04789048 10
0.0451 0.0284 0.0712958 2
0.0432 0.0261 0.0673917 4
0.0285 0.0012 0.02898936 6
0.038 0.0245 0.06081133 10
0.0279 0.0035 0.03033392 2
0.0289 0.0041 0.03206875 8
0.0308 0.0015 0.03149147 5
0.0275 0.0087 0.03505017 4
0.034 0.0159 0.04843318 3
0.0371 0.0138 0.0497455 9
0.0376 0.0244 0.06027291 8
0.0426 0.0142 0.05537684 7
0.0327 0.0076 0.03910017 4
0.0366 0.0218 0.05670947 5
0.0344 0.0209 0.05368132 5
0.0308 0.0041 0.03413056 8
0.0402 0.0038 0.04301152 5
0.0373 0.0082 0.04433435 6
0.0398 0.0196 0.05767832 1
0.0424 0.0196 0.06026065 5
0.0465 0.0214 0.06615281 8
0.0279 0.0119 0.03850679 1
0.0335 0.0191 0.05110932 5
0.035 0.0093 0.04309903 4
0.0347 0.0079 0.04158994 13
0.0532 0.0173 0.0687037 6
0.0516 0.0054 0.05609309 7
0.0308 0.015 0.04438544 2
0.0382 0.0079 0.04504653 7
0.0486 0.0108 0.05795137 3
0.0337 0.0012 0.03402476 5
0.0396 0.0142 0.05233494 5
0.0366 0.0066 0.04242646 6
0.0418 0.0035 0.04440121 5
0.0376 0.0094 0.04599711 11
0.0375 0.0141 0.05016315 6
0.0267 0.0042 0.03018248 8
0.0266 0.0088 0.03420356 3
0.0336 0.0011 0.03381674 4
0.0318 0.0045 0.03553101 7
0.0286 0.0086 0.03610203 13
0.033 0.0091 0.04110178 10
0.0343 0.0066 0.03978388 10
0.0417 0.015 0.05525227 8
0.0379 0.0015 0.03841947 2
0.0367 0.0057 0.04153032 12
0.0483 0.0154 0.0622989 8
0.0229 0.0121 0.03375851 2
0.0355 0.0134 0.04751906 3
0.0402 0.0093 0.04826002 3
0.034 0.0087 0.04153675 6
0.0465 0.0114 0.05652191 5
0.0526 0.015 0.06599727 6
0.0425 0.011 0.05221219 8
0.0394 0.0221 0.05991964 9
0.0439 0.0014 0.04442954 11
0.0396 0.0086 0.04691104 4
0.032 0.008 0.03895663 4
0.0385 0.0078 0.04510416 4
0.0313 0.0096 0.03987745 7
0.0354 0.0135 0.0474937 4
0.0375 0.0127 0.04878795 2
0.0412 0.0098 0.04969937 5
0.0342 0.0141 0.04702343 9
0.0236 0.0082 0.03064961 3
0.0313 0.0041 0.03447014 5
0.0334 0.0168 0.04891565 4
0.0317 0.0016 0.03236289 9
0.0363 0.0041 0.03938381 3
0.0285 0.0011 0.0286729 3
0.0333 0.0095 0.0415712 6
0.0349 0.0056 0.03947541 8
0.0456 0.0306 0.07390902 4
0.0309 0.0122 0.04186059 7
0.041 0.0218 0.06098919 2
0.0326 0.0092 0.04055367 3
0.0351 0.0146 0.04824587 3
0.0397 0.0027 0.04144933 4
0.0485 0.0068 0.05410695 4
0.036 0.0024 0.03772229 11
0.0345 0.0041 0.03750632 3
0.0495 0.03 0.07714022 4
0.0411 0.0206 0.06000891 8
0.0321 0.0095 0.04044262 9
0.0289 0.011 0.03871722 5
0.0247 0.0059 0.02955513 7
0.0439 0.0069 0.04981576 4
0.0301 0.0019 0.03103768 5
0.0384 0.013 0.05021758 5
0.036 0.0137 0.0483487 8
0.0382 0.008 0.04518 9
0.0374 0.0055 0.04177198 7
0.0558 0.0099 0.06428665 3
0.0267 0.0106 0.03631888 6
0.0379 0.0074 0.04408992 5
0.0348 0.0154 0.04876294 9
0.0374 0.0216 0.05727043 5
0.0545 0.017 0.06967936 4
0.0468 0.0052 0.05090026 5
0.0255 0.0117 0.0359499 5
0.0434 0.0031 0.04546818 3
0.0473 0.0286 0.07365233 2
0.0324 0.0082 0.03946683 5
0.0344 0.0169 0.04976894 1
0.0278 0.0086 0.03522932 6
0.0356 0.0042 0.0387665 2
0.0311 0.0036 0.03364552 4
0.0311 0.0076 0.03752391 3
0.0382 0.0015 0.03900194 9
0.0377 0.0071 0.04360714 4
0.0302 0.0088 0.03780811 4
0.0394 0.0033 0.04167821 5
0.0351 0.0165 0.05010736 4
0.0356 0.0208 0.05471492 1
0.0375 0.0032 0.03962634 3
0.0329 0.0098 0.04182208 7
0.0396 0.0172 0.05526946 5
0.0411 0.0114 0.05110122 4
0.031 0.0146 0.04421751 4
0.0466 0.0181 0.06292024 1
0.0381 0.0175 0.05410417 5
0.0284 0.02 0.04688542 2
0.0336 0.0117 0.04408811 4
0.0317 0.0067 0.03722501 1
0.0384 0.0066 0.04397222 7
0.0477 0.0069 0.05334935 5
0.048 0.0015 0.04879444 10
0.0333 0.0094 0.04145828 5
0.0383 0.0039 0.04115494 4
0.046 0.0104 0.05511788 7
0.0354 0.0188 0.05261191 6
0.0405 0.0085 0.04774299 4
0.0467 0.0015 0.04748755 12
0.0467 0.0064 0.0520498 8
0.0326 0.0201 0.05110796 3
0.0372 0.004 0.04025843 5
0.0303 0.0101 0.0391808 7
0.0377 0.0012 0.03825024 10
0.035 0.0142 0.04780237 4
0.0396 0.0148 0.05299284 6
0.0346 0.0076 0.04102098 4
0.0335 0.0087 0.04106075 8
0.0399 0.0163 0.05479834 6
0.0358 0.0085 0.04326103 6
0.0325 0.014 0.04514605 5
0.0351 0.0139 0.04763929 8
0.0415 0.0065 0.04684685 3
0.0307 0.0035 0.03317713 5
0.0407 0.0069 0.04658109 8
0.0427 0.0078 0.04978203 15
0.0357 0.0057 0.04026433 5
0.0424 0.0072 0.04874127 9
0.0456 0.0145 0.05857019 8
0.0338 0.0138 0.0463737 7
0.039 0.0156 0.05310538 7
0.0422 0.0013 0.04279922 9
0.0343 0.0047 0.03811457 8
0.0394 0.0094 0.04762977 21
0.0336 0.0101 0.04244256 6
0.0299 0.012 0.04058946 2
0.0398 0.0153 0.05363574 4
0.0361 0.0164 0.05101534 3
0.0325 0.0186 0.04957559 5
0.0446 0.0056 0.04908983 7
0.0268 0.0026 0.02843831 4
0.0401 0.0027 0.04188793 3
0.0357 0.0053 0.04011132 5
0.0299 0.0062 0.03509714 5
0.0391 0.0141 0.05177629 6
0.0323 0.0076 0.03882253 3
0.0328 0.0089 0.04059538 9
0.0364 0.002 0.03737201 4
0.0437 0.008 0.05046813 4
0.0208 0.0086 0.02843462 9
0.0307 0.0111 0.04076843 5
0.039 0.0032 0.04116412 5
0.0421 0.0093 0.05019005 5
0.0358 0.0056 0.04044407 6
0.0411 0.008 0.0479446 6
0.0305 0.0091 0.03848044 5
0.0384 0.0056 0.04286152 3
0.0381 0.0115 0.04838862 6
0.0565 0.0038 0.05936001 5
0.0336 0.0065 0.0389717 6
0.0396 0.0039 0.04248617 7
0.0317 0.0044 0.03500402 2
0.0389 0.0017 0.03961304 7
0.0242 0.0033 0.02652772 8
0.0453 0.0018 0.04607626 2
0.0393 0.0076 0.04581146 10
0.0353 0.0103 0.04429261 2
0.0351 0.0094 0.04329003 7
0.0533 0.0117 0.06362062 5
0.0294 0.0015 0.03013508 10
0.0354 0.0048 0.0391114 4
0.0301 0.0072 0.0361659 3
0.0438 0.0077 0.05026634 7
0.0458 0.0064 0.05134598 8
0.0498 0.0087 0.05733577 7
0.037 0.0192 0.05455534 6
0.0399 0.0069 0.04571364 6
0.0471 0.0032 0.04950066 4
0.0318 0.008 0.03861849 3
0.0366 0.0092 0.04452276 4
0.0296 0.0049 0.03363771 6
0.0471 0.0143 0.05978687 1
0.0343 0.0012 0.03458778 6
0.0271 0.0099 0.03583387 7
0.0309 0.0118 0.04153246 8
0.035 0.0126 0.04622009 2
0.0384 0.0023 0.03977695 4
0.0415 0.0164 0.0562763 1
0.0343 0.0205 0.05322518 7
0.0376 0.0024 0.03923644 5
0.0378 0.0101 0.04665409 11
0.0357 0.0145 0.0487621 2
0.0467 0.0227 0.06750013 3
0.0345 0.0116 0.04477258 3
0.0371 0.0198 0.05526092 5
0.0443 0.0093 0.05239738 7
0.0414 0.0077 0.0479052 6
0.0371 0.0041 0.04017359 8
0.0345 0.0053 0.0387601 6
0.0381 0.0013 0.03848024 6
0.0402 0.0132 0.05203581 6
0.0308 0.014 0.04352523 9
0.0473 0.0144 0.06026665 8
0.0376 0.0033 0.03992865 5
0.0353 0.0012 0.03565106 7
0.0393 0.0049 0.04322735 5
0.0337 0.0152 0.0474865 4
0.0403 0.0039 0.04317739 4
0.044 0.0014 0.04444164 5
0.0407 0.0117 0.05101625 3
0.038 0.0153 0.05179098 4
0.0411 0.0089 0.04875618 5
0.0371 0.0066 0.04273006 7
0.0399 0.0086 0.04722406 3
0.035 0.0085 0.04227815 4
0.0418 0.0113 0.05172142 5
0.0342 0.0015 0.03472545 5
0.0389 0.0086 0.04645882 11
0.0448 0.0185 0.06172154 9
0.0482 0.0139 0.06056954 5
0.0392 0.0045 0.04313822 13
0.0366 0.0122 0.04741964 3
0.0354 0.0033 0.03766074 3
0.0318 0.0014 0.03231058 4
0.0434 0.0063 0.04869663 6
0.0392 0.0011 0.0393042 6
0.0364 0.0131 0.04828314 7
0.0508 0.01 0.05955015 7
0.0439 0.0205 0.06259506 4
0.0338 0.0109 0.04340886 3
0.0407 0.0172 0.05658661 9
0.042 0.0031 0.04410014 11
0.0388 0.0043 0.04225934 9
0.0429 0.0196 0.06079769 6
0.0344 0.009 0.04224265 8
0.0308 0.0173 0.04662028 4
0.0403 0.0061 0.04525199 7
0.0393 0.0021 0.04079843 11
0.034 0.0129 0.04558766 6
0.0443 0.0082 0.05129492 7
0.0273 0.0015 0.02784295 2
0.0373 0.0031 0.03972852 8
0.0384 0.0073 0.04446888 2
0.028 0.0077 0.03454815 6
0.0458 0.009 0.05350435 9
0.0381 0.0095 0.04631909 4
0.0336 0.0024 0.035049 7
0.0372 0.0025 0.03872846 4
0.0463 0.0042 0.04943558 7
0.0258 0.0015 0.02641667 5
0.0384 0.0046 0.04187684 2
0.0347 0.0018 0.03554373 6
0.0455 0.0064 0.05075876 5
0.0393 0.0071 0.04533359 8
0.0451 0.0046 0.0487574 8
0.0373 0.0016 0.03794373 5
0.0379 0.0086 0.04535167 14
0.043 0.0117 0.05337518 8
0.0538 0.0236 0.07522085 2
0.038 0.0031 0.04016246 6
0.0396 0.0103 0.0486482 12
0.0315 0.0093 0.03956502 8
0.0393 0.0048 0.04296466 3
0.0299 0.0098 0.03858651 4
0.0437 0.0067 0.04917089 2
0.0353 0.0149 0.04887713 3
0.0391 0.0013 0.03948605 7
0.0429 0.0118 0.05341514 16
0.0396 0.0071 0.04563613 8
0.0314 0.0028 0.03323436 4
0.0401 0.0114 0.05011035 3
0.0384 0.0103 0.04750306 7
0.0382 0.0037 0.04091913 9
0.0449 0.0081 0.05213642 11
0.0475 0.0063 0.05267524 5
0.0341 0.0017 0.03485255 6
0.0386 0.0021 0.03970017 3
0.0452 0.0015 0.04614854 7
0.0359 0.0017 0.03667358 3
0.0412 0.0069 0.04709627 11
0.0322 0.0025 0.03396761 5
0.044 0.0149 0.05731864 4
0.0395 0.0044 0.04280513 4
0.0376 0.0079 0.04426872 3
0.0369 0.0101 0.04574191 6
0.0303 0.009 0.03816742 8
0.0312 0.0017 0.0320378 7
0.0417 0.0195 0.05945254 2
0.0345 0.0023 0.03589453 5
0.0388 0.0049 0.04259222 4
0.0398 0.0117 0.05013188 5
0.0453 0.0103 0.0543433 10
0.0398 0.0167 0.0549878 5
0.0462 0.009 0.05392179 8
0.0357 0.0069 0.04156827 10
0.0413 0.0057 0.04600411 13
0.043 0.0013 0.04336389 4
0.0394 0.0045 0.04279422 5
0.0339 0.0055 0.03827894 3
0.0371 0.0145 0.05030056 8
0.0377 0.0013 0.03823519 6
0.036 0.0052 0.04050217 8
0.0477 0.0232 0.0691209 7
0.0359 0.0013 0.03623598 3
0.0333 0.0111 0.04314899 6
0.0416 0.0133 0.05358326 6
0.0382 0.0076 0.04458482 2
0.0454 0.0061 0.05029515 5
0.0512 0.0225 0.0717222 7
0.0455 0.0034 0.04793701 7
0.042 0.0087 0.04938694 2
0.0354 0.0036 0.03812126 9
0.0406 0.0087 0.04805422 7
0.0431 0.0025 0.04476528 6
0.0328 0.0096 0.04163877 16
0.041 0.0024 0.04283173 11
0.0303 0.0014 0.03082798 7
0.0345 0.0011 0.03461975 4
0.0425 0.0066 0.0480765 5
0.0374 0.0195 0.05528459 6
0.043 0.0135 0.05545504 10
0.0425 0.0033 0.04508874 9
0.0443 0.0059 0.0490719 7
0.033 0.0038 0.03577386 9
0.0453 0.0114 0.055422 4
0.0409 0.0097 0.04970346 12
0.0428 0.0024 0.04420838 3
0.0363 0.0115 0.04665722 5
0.0415 0.0093 0.04954081 9
0.0357 0.0026 0.03745991 13
0.046 0.0038 0.04882225 6
0.0456 0.0038 0.04855496 11
0.0403 0.0074 0.04644866 2
0.0425 0.005 0.04642405 5
0.0389 0.0141 0.05155911 6
0.038 0.003 0.04003968 6
0.0443 0.0053 0.04846968 7
0.0344 0.0036 0.03692815 3
0.0381 0.0019 0.0391903 14
0.0428 0.0082 0.04976804 8
0.0326 0.0034 0.0350797 10
0.0403 0.0065 0.04570631 6
0.0372 0.0041 0.04030585 6
0.0339 0.0138 0.04634233 7
0.0463 0.0042 0.04963956 10
0.0377 0.0119 0.04825946 6
0.044 0.0026 0.04570359 7
0.0427 0.0112 0.05263949 13
0.0525 0.0119 0.06307122 12
0.0289 0.0048 0.03262596 5
0.0383 0.0029 0.04041063 13
0.0403 0.0145 0.05341329 10
0.0414 0.005 0.04528298 4
0.0343 0.0088 0.04188429 6
0.0439 0.0025 0.04551803 10
0.034 0.0038 0.03705487 13
0.0399 0.0054 0.04413196 2
0.0449 0.0013 0.04539383 7
0.0483 0.0015 0.0488757 5
0.0373 0.0016 0.03791224 5
0.0417 0.0149 0.05515327 6
0.044 0.0032 0.04629968 6
0.0359 0.0032 0.03828814 14
0.0376 0.0027 0.03936613 8
0.039 0.009 0.0468488 7
0.0405 0.0197 0.05857149 6
0.0446 0.0015 0.0451103 3
0.0394 0.0047 0.04315484 10
0.0423 0.0093 0.05042416 9
0.0409 0.0025 0.04240622 8
0.0376 0.0093 0.04573421 11
0.0353 0.0097 0.0437438 4
0.0416 0.0038 0.04447405 7
0.0395 0.0067 0.04507771 8
0.0457 0.0196 0.06348656 2
0.0389 0.0041 0.04199918 6
0.0405 0.0011 0.04098932 8
0.0501 0.0033 0.05237722 4
0.0343 0.0023 0.03576777 10
0.0356 0.0151 0.04928816 9
0.0359 0.0096 0.04437423 5
0.0436 0.0033 0.04595418 10
0.041 0.0041 0.04406368 6
0.0397 0.003 0.04182146 8
0.0354 0.0071 0.04136352 7
0.0481 0.0081 0.05491727 3
0.0449 0.0083 0.05188179 4
0.0446 0.0037 0.04724097 4
0.0357 0.0028 0.03796102 12
0.0478 0.0195 0.06555261 3
0.0416 0.0109 0.05116395 5
0.0474 0.0086 0.05488687 11
0.051 0.0066 0.05643788 8
0.0473 0.0027 0.04900597 2
0.0381 0.0048 0.04180327 3
0.0459 0.0191 0.06332276 8
0.0442 0.0044 0.04762215 7
0.0396 0.0139 0.05210448 7
0.0352 0.0118 0.04572794 6
0.0405 0.003 0.04286586 8
0.0444 0.0193 0.06227253 13
0.0449 0.0068 0.05071132 5
0.043 0.0077 0.04971501 11
0.0431 0.005 0.04698094 3
0.044 0.0042 0.04740369 12
0.0423 0.0049 0.04612889 4
0.0461 0.0107 0.05541194 4
0.0427 0.0023 0.04420836 6
0.0424 0.0041 0.04561639 6
0.0532 0.004 0.05621877 12
0.0392 0.0226 0.06005888 10
0.034 0.0136 0.04631179 9
0.0409 0.0045 0.04426035 1
0.042 0.006 0.04685181 4
0.0426 0.0197 0.06067644 14
0.0416 0.012 0.05219236 5
0.0405 0.0026 0.04223428 17
0.0459 0.0117 0.05626116 9
0.0469 0.0047 0.05053061 5
0.0409 0.005 0.0447621 2
0.0416 0.0091 0.04938087 3
0.0461 0.0023 0.04780477 9
0.0418 0.0172 0.05753343 7
0.0355 0.0015 0.03617369 8
0.0558 0.0037 0.05845131 10
0.0397 0.0057 0.04432214 4
0.0498 0.0091 0.05755684 7
0.0446 0.0013 0.04502974 8
0.0427 0.0111 0.05252182 6
0.0383 0.0067 0.0437936 2
0.0512 0.0109 0.06077946 10
0.0433 0.003 0.04532762 6
0.047 0.0076 0.05350079 10
0.0459 0.0079 0.05269722 7
0.0414 0.0102 0.05023952 2
0.0361 0.0026 0.03781685 8
0.0451 0.0126 0.05646353 10
0.0425 0.0031 0.04469715 6
0.0447 0.0049 0.04872506 7
0.048 0.0029 0.04984286 3
0.0455 0.0013 0.04587793 11
0.0448 0.0066 0.05033137 6
0.0405 0.0062 0.04557558 8
0.0448 0.0048 0.04847443 6
0.0489 0.0135 0.06118353 10
0.0492 0.0032 0.05150922 6
0.0385 0.0075 0.04493523 3
0.0464 0.0029 0.04825392 2
0.0486 0.0097 0.05703025 9
0.0302 0.0052 0.03433111 9
0.0451 0.0035 0.04769548 7
0.039 0.0053 0.04331849 8
0.0414 0.0021 0.04265534 5
0.0507 0.0144 0.06357543 14
0.0459 0.0025 0.04754597 6
0.0439 0.0033 0.04614237 2
0.048 0.0075 0.05426303 5
0.045 0.0172 0.06056796 8
0.0481 0.0093 0.0561001 4
0.0403 0.0035 0.04283353 4
0.0397 0.0143 0.05308235 7
0.0437 0.0097 0.05231173 13
0.0448 0.0046 0.04825258 2
0.0409 0.0021 0.04214714 8
0.0433 0.0075 0.04955845 6
0.0457 0.0089 0.05338217 6
0.0525 0.0014 0.05325876 14
0.0428 0.0032 0.04514673 8
0.0364 0.0095 0.04464714 7
0.0436 0.0017 0.04436595 5
0.0411 0.0108 0.05053789 3
0.0449 0.0056 0.04936337 10
0.0409 0.0103 0.04997635 10
0.0405 0.0013 0.04154338 12
0.0457 0.0104 0.05503256 12
0.0553 0.0107 0.06458622 7
0.0352 0.0104 0.04440003 8
0.0495 0.0029 0.05163857 9
0.0414 0.0022 0.0426621 10
0.0439 0.0074 0.05003504 2
0.0471 0.0032 0.04938774 9
0.0476 0.0038 0.05029344 2
0.0439 0.0062 0.04889168 4
0.039 0.0047 0.04275198 10
0.0475 0.0169 0.06273928 8
0.0518 0.0141 0.06438185 7
0.0475 0.0046 0.05115355 11
0.0479 0.0089 0.05546895 5
0.0494 0.0141 0.06195056 6
0.048 0.0132 0.05971565 9
0.049 0.0053 0.05331498 10
0.0488 0.0095 0.0572478 10
0.0535 0.0045 0.05696497 7
0.0541 0.0196 0.07188134 4
0.0477 0.0053 0.05189687 9
0.0513 0.0096 0.05981219 11
0.0476 0.0141 0.06010319 4
0.0492 0.0044 0.05300137 13
0.0461 0.0104 0.05558548 9
0.0429 0.0126 0.05434862 9
0.0475 0.0021 0.04906258 12
0.0501 0.0014 0.0510738 10
0.046 0.0245 0.06845319 4
0.0514 0.0029 0.05368081 10
0.046 0.014 0.05908063 14
0.0553 0.008 0.06212374 12
0.0538 0.0128 0.06526392 5
0.0435 0.0109 0.05319224 8
0.053 0.0071 0.05891857 5
0.0479 0.0218 0.06778092 5
0.0481 0.0023 0.04950438 11
0.0415 0.0073 0.04776888 7
0.0408 0.0074 0.04719912 9
0.0611 0.0094 0.06931538 10
0.0423 0.0066 0.04787534 9
0.0459 0.0147 0.05917438 6
0.0452 0.0084 0.05259743 15
0.0446 0.011 0.05454154 12
0.0515 0.0042 0.05514865 14
0.0499 0.0056 0.05441883 6
0.0364 0.006 0.04143679 9
0.0569 0.0024 0.05838832 10
0.0527 0.0076 0.05919211 5
0.048 0.0035 0.05086392 13
0.0509 0.0105 0.06039889 10
0.0461 0.0038 0.04890587 11
0.0481 0.0122 0.05881764 5
0.0451 0.0029 0.04706909 7
0.0448 0.0128 0.05616946 11
0.047 0.0077 0.05376833 7
0.0423 0.0014 0.04294266 8
0.0474 0.0023 0.04916395 12
0.0559 0.0111 0.06560966 9
0.0491 0.0034 0.05157932 7
0.0518 0.0093 0.0598787 5
0.048 0.0114 0.05842298 17
0.0547 0.0161 0.06926536 10
0.0513 0.005 0.05523555 10
0.0502 0.0218 0.07010537 9
0.0461 0.0158 0.06044557 12
0.0523 0.0222 0.07249091 8
0.0494 0.0027 0.0512384 11
0.0481 0.011 0.0577285 11
0.0514 0.0261 0.07526703 4
0.0562 0.0087 0.06348144 5
0.0501 0.01 0.0586581 1
0.056 0.0035 0.05879256 12
0.0478 0.0039 0.05074564 14
0.0432 0.0068 0.04891761 9
0.0462 0.0063 0.05151528 7
0.0503 0.0023 0.05163433 8
0.0513 0.0096 0.05971198 12
0.0547 0.0151 0.06804779 3
0.0443 0.0156 0.05829096 4
0.0539 0.0095 0.06217596 8
0.0496 0.0088 0.05710631 9
0.057 0.0116 0.06710791 7
0.0435 0.0023 0.04492005 6
0.0478 0.0178 0.06424762 13
0.0484 0.0103 0.0575016 10
0.0504 0.0079 0.0570447 5
0.0464 0.019 0.06360699 4
0.0485 0.0068 0.05451086 3
0.0506 0.0104 0.05975287 7
0.0476 0.0146 0.06074399 12
0.0511 0.0133 0.06292745 8
0.05 0.0112 0.05974046 5
0.0484 0.004 0.05165653 9
0.0485 0.0054 0.05289484 13
0.0442 0.0089 0.05217919 11
0.0457 0.0113 0.05583072 10
0.0423 0.0067 0.04822307 17
0.0525 0.0236 0.07411816 13
0.0522 0.0049 0.05609902 4
0.0502 0.0016 0.05100985 8
0.0488 0.0117 0.05933222 7
0.0442 0.0122 0.05500088 6
0.05 0.0042 0.0532353 8
0.0446 0.0119 0.05509275 8
0.0526 0.0041 0.05559516 6
0.0488 0.0096 0.05728533 7
0.0497 0.0118 0.06020345 11
0.0399 0.0096 0.04872274 14
0.0433 0.0019 0.04459029 11
0.0517 0.0105 0.06092506 8
0.0514 0.0164 0.06605052 3
0.0444 0.0043 0.04774506 9
0.05 0.0209 0.06896838 6
0.0479 0.0088 0.05554946 11
0.0516 0.0045 0.05506377 7
0.0496 0.0178 0.06573331 9
0.0466 0.01 0.05530497 5
0.0566 0.0144 0.0696396 12
0.0561 0.0073 0.06219213 5
0.0503 0.0053 0.05456202 11
0.0536 0.0122 0.0646446 12
0.0583 0.0098 0.06672702 4
0.0528 0.0067 0.0583277 7
0.044 0.0047 0.04801097 11
0.0553 0.01 0.0641152 11
0.0494 0.0172 0.06493485 7
0.0531 0.0084 0.06022913 8
0.0501 0.0172 0.0659805 17
0.0474 0.0164 0.06233671 7
0.0471 0.0063 0.05226636 7
0.0491 0.0063 0.05458308 12
0.0539 0.0074 0.06000653 3
0.0499 0.0142 0.06270758 7
0.0511 0.0072 0.05729716 12
0.0513 0.0125 0.0628606 16
0.0455 0.0146 0.05911492 11
0.0452 0.0079 0.05252057 12
0.0535 0.0016 0.05424101 9
0.0488 0.0224 0.06931655 6
0.0453 0.0095 0.05362751 9
0.0484 0.0135 0.06047581 9
0.0493 0.0073 0.05536244 9
0.0456 0.0112 0.05560771 11
0.048 0.005 0.05216522 13
0.0565 0.0108 0.06612234 13
0.0491 0.0056 0.05361956 7
0.0497 0.0046 0.05332922 7
0.0609 0.0151 0.07428642 8
0.0581 0.0064 0.06330135 3
0.0444 0.0025 0.04611822 3
0.0476 0.0013 0.04866144 17
0.0527 0.0081 0.05981932 7
0.053 0.0095 0.06119596 8
0.0513 0.0065 0.05669782 5
0.0465 0.0084 0.05398359 12
0.0539 0.0156 0.06809163 7
0.0538 0.0084 0.06090526 12
0.054 0.0078 0.06070137 13
0.0493 0.0037 0.0519929 6
0.0485 0.0112 0.05848738 10
0.0469 0.0084 0.0541843 10
0.058 0.0089 0.06578501 9
0.0499 0.0134 0.06186593 5
0.0562 0.0116 0.06646887 13
0.0571 0.0204 0.07560962 10
0.0455 0.0033 0.04821984 5
0.0509 0.006 0.05600233 6
0.0443 0.0159 0.05881173 12
0.051 0.0067 0.05670916 7
0.0474 0.0097 0.05591203 14
0.0517 0.021 0.07072272 8
0.0561 0.0065 0.06196725 15
0.0458 0.0056 0.05050146 13
0.0549 0.0138 0.0671191 4
0.0417 0.0076 0.04813554 7
0.0508 0.007 0.0567604 9
0.0555 0.0153 0.06912741 6
0.0491 0.0035 0.05165223 8
0.0515 0.0098 0.06023088 13
0.0518 0.0046 0.0555938 10
0.0425 0.0027 0.04452561 12
0.054 0.0122 0.06495959 11
0.0521 0.0125 0.06304139 3
0.0595 0.0057 0.06401832 3
0.0552 0.0131 0.06670383 4
0.0453 0.0088 0.05284996 5
0.0457 0.0078 0.0525513 13
0.0473 0.0014 0.04804763 13
0.0489 0.0167 0.0639979 8
0.0455 0.0081 0.05247955 5
0.0547 0.0018 0.05580003 8
0.0556 0.0134 0.06764673 9
0.0511 0.0108 0.06046865 8
0.0541 0.012 0.06493286 13
0.053 0.0154 0.06681808 6
0.0522 0.0097 0.06058266 6
0.0467 0.0107 0.05633551 7
0.0545 0.017 0.06967923 3
0.0518 0.0092 0.0599934 15
0.0454 0.0159 0.05966837 5
0.0522 0.0079 0.05884706 7
0.0492 0.0171 0.06465686 7
0.0499 0.0043 0.05318729 10
0.048 0.0064 0.05370275 12
0.0522 0.0123 0.06305851 9
0.0538 0.0023 0.05546239 10
0.0573 0.0234 0.07847932 5
0.0516 0.0098 0.06040549 8
0.0523 0.0125 0.06344695 7
0.0577 0.0188 0.07458353 3
0.0527 0.0088 0.06049178 14
0.0495 0.0166 0.06436738 3
0.0504 0.0144 0.06324172 7
0.0543 0.0073 0.06069161 17
0.0496 0.0131 0.06135218 9
0.0527 0.0115 0.06342916 16
0.0504 0.0144 0.06343631 14
0.0525 0.007 0.05843454 10
0.0574 0.0103 0.0666137 7
0.045 0.007 0.05104338 13
0.0457 0.0141 0.05865711 10
0.0462 0.0068 0.05213436 5
0.0558 0.0082 0.06272848 4
0.0488 0.0208 0.06790349 9
0.0586 0.0117 0.06881924 8
0.053 0.0063 0.0582262 7
0.0492 0.0094 0.05760543 11
0.0499 0.0078 0.05670263 7
0.0495 0.0123 0.06037054 4
0.0544 0.0076 0.06088455 6
0.0565 0.0082 0.06349364 7
0.0514 0.0069 0.05749018 14
0.0545 0.0152 0.06800556 10
0.0503 0.0103 0.05970812 14
0.0529 0.0078 0.05970826 9
0.0467 0.0054 0.05098766 11
0.0463 0.0084 0.0535553 9
0.0522 0.0043 0.05552763 8
0.0605 0.0098 0.0692049 11
0.047 0.0092 0.05533502 17
0.0554 0.0282 0.08142516 14
0.0491 0.0105 0.05847224 5
0.0503 0.0185 0.06726376 7
0.0538 0.0037 0.05661636 10
0.0507 0.009 0.05859072 9
0.0511 0.0124 0.06228718 14
0.0482 0.0097 0.05678973 10
0.0457 0.0125 0.0571993 13
0.0545 0.0057 0.05951974 15
0.0516 0.0089 0.0594869 18
0.0465 0.006 0.05133106 9
0.0445 0.0179 0.06094856 13
0.0489 0.016 0.06366332 12
0.0543 0.0095 0.06271522 9
0.0494 0.0093 0.057498 6
0.0527 0.0107 0.06226135 10
0.0569 0.0091 0.06477126 11
0.0545 0.0131 0.06602763 8
0.0513 0.0112 0.0612049 8
0.0563 0.0036 0.05925878 13
0.045 0.0174 0.06112568 20
0.0521 0.0032 0.05463522 17
0.0498 0.0092 0.05816035 12
0.055 0.0126 0.06612686 7
0.0538 0.0103 0.06280293 11
0.056 0.0055 0.06070866 8
0.053 0.0051 0.05707763 15
0.0474 0.0063 0.05305092 14
0.0515 0.0085 0.05887272 8
0.0459 0.0177 0.06204951 8
0.0465 0.0048 0.05057024 16
0.0551 0.0094 0.06312537 9
0.0579 0.0098 0.06628021 7
0.0581 0.0138 0.07026353 7
0.0517 0.0035 0.05463175 12
0.0511 0.0028 0.0528473 6
0.0592 0.0043 0.06246308 3
0.056 0.0145 0.06907113 4
0.0544 0.0092 0.06237484 11
0.0521 0.0143 0.06487819 8
0.0432 0.0066 0.04892309 12
0.0539 0.011 0.06373441 9
0.053 0.0125 0.06409194 10
0.058 0.0145 0.07107975 10
0.049 0.0051 0.0533604 13
0.0463 0.0083 0.05350925 11
0.0533 0.0083 0.06088919 14
0.0457 0.0206 0.06459641 10
0.0489 0.0035 0.05207073 12
0.0459 0.0099 0.05466851 7
0.0573 0.0145 0.07016316 6
0.0488 0.0097 0.05782101 13
0.0529 0.009 0.06089374 9
0.0559 0.01 0.0645212 8
0.0474 0.0083 0.05466106 10
0.0577 0.0043 0.06106311 5
0.0511 0.0149 0.06449615 4
0.0475 0.0095 0.05572075 4
0.0534 0.0147 0.06671842 10
0.0553 0.0038 0.05829716 12
0.0607 0.002 0.06198 8
0.0453 0.0154 0.05937306 7
0.0473 0.0091 0.05531609 13
0.0536 0.0064 0.05883229 8
0.0574 0.0046 0.06118614 8
0.0549 0.0188 0.07176993 7
0.0573 0.0034 0.06003322 10
0.0543 0.0125 0.06561125 9
0.0541 0.0111 0.06391605 7
0.0602 0.0189 0.07730793 10
0.0497 0.0118 0.0604788 11
0.0537 0.0312 0.08245183 9
0.0541 0.0084 0.06142219 9
0.0502 0.0173 0.0659242 15
0.047 0.0125 0.05810738 7
0.056 0.0143 0.06875265 14
0.0523 0.0048 0.05621504 5
0.0531 0.0059 0.05811625 9
0.0583 0.015 0.07174443 8
0.054 0.0066 0.05948758 8
0.0485 0.0074 0.05482677 12
0.0561 0.0051 0.06032394 13
0.0583 0.0023 0.05993946 11
0.0515 0.0072 0.05756459 4
0.054 0.0026 0.05582122 8
0.0472 0.008 0.05430678 8
0.0553 0.0076 0.06181361 6
0.0529 0.0155 0.0668312 9
0.0591 0.005 0.0630565 9
0.0518 0.0136 0.06426303 10
0.0561 0.0058 0.0611714 10
0.0528 0.0074 0.05906423 5
0.0559 0.0031 0.0581765 12
0.0586 0.0045 0.06241213 11
0.058 0.0082 0.06523278 17
0.0526 0.0171 0.06788958 3
0.0547 0.0081 0.06173822 12
0.0535 0.0183 0.0706327 16
0.0563 0.0058 0.06089363 5
0.0504 0.0095 0.05886253 12
0.053 0.02 0.07105075 6
0.0546 0.0116 0.0647693 10
0.055 0.0125 0.06603824 11
0.0561 0.0086 0.06348069 13
0.0526 0.0158 0.06677958 11
0.056 0.0109 0.06552113 11
0.053 0.006 0.05847063 10
0.0617 0.0031 0.06377571 4
0.0605 0.0223 0.08073351 9
0.0563 0.0126 0.06794494 16
0.0524 0.0146 0.06549708 11
0.0482 0.0064 0.05379179 11
0.0518 0.0143 0.06471129 7
0.0521 0.0103 0.06148418 13
0.0576 0.0134 0.06963845 13
0.0642 0.0078 0.0706827 7
0.0547 0.0172 0.0702313 7
0.0588 0.0067 0.06461108 8
0.0542 0.0108 0.06350135 4
0.0597 0.0125 0.07062285 7
0.0546 0.0139 0.06691276 3
0.0585 0.0197 0.07629276 13
0.0482 0.0068 0.05377739 6
0.0549 0.0077 0.06172874 17
0.0464 0.0099 0.05520097 10
0.0546 0.0044 0.05820812 12
0.0591 0.0149 0.07230575 9
0.0524 0.009 0.06011706 5
0.0555 0.0079 0.0621807 6
0.0484 0.0054 0.05327669 10
0.0496 0.016 0.06434482 9
0.0551 0.0138 0.06741227 10
0.0514 0.0115 0.06160521 13
0.0573 0.0122 0.06822687 13
0.0518 0.0298 0.07931126 11
0.0504 0.0027 0.05228089 14
0.0561 0.017 0.07149517 10
0.0618 0.01 0.07046259 5
0.0561 0.0027 0.05790147 9
0.0573 0.0133 0.06904476 6
0.0514 0.0154 0.06548894 13
0.0563 0.0046 0.06012158 9
0.0515 0.0131 0.06302734 5
0.0616 0.0138 0.07384646 6
0.0596 0.0179 0.07557591 5
0.0514 0.016 0.06575216 9
0.0546 0.0178 0.07075448 9
0.0526 0.0125 0.06384883 11
0.048 0.0033 0.05025657 5
0.0548 0.0123 0.06602794 17
0.0603 0.0064 0.06594524 19
0.0544 0.0028 0.05657748 13
0.0527 0.0207 0.07190305 14
0.0558 0.0141 0.06834552 6
0.0487 0.0123 0.06016401 9
0.0557 0.006 0.0608763 11
0.0579 0.0127 0.06927777 12
0.0569 0.0173 0.07244397 6
0.0553 0.0146 0.06837411 4
0.0504 0.0031 0.05250565 9
0.0525 0.0081 0.05939285 8
0.0533 0.0111 0.063018 11
0.054 0.0094 0.06210434 9
0.0521 0.0057 0.05688903 6
0.0599 0.007 0.06574095 10
0.0514 0.0061 0.05663706 8
0.0567 0.0039 0.05965793 13
0.0585 0.0152 0.07208946 4
0.0513 0.0109 0.06105541 12
0.056 0.0096 0.06455257 12
0.0554 0.0148 0.06868753 14
0.0564 0.023 0.07735227 5
0.0575 0.0083 0.06444219 8
0.0551 0.0075 0.0614684 11
0.0525 0.0255 0.07607541 13
0.0621 0.0135 0.07414938 14
0.053 0.0065 0.05842502 7
0.0588 0.0178 0.07486954 12
0.0554 0.0084 0.06291732 6
0.0549 0.0146 0.06831876 11
0.0565 0.0186 0.07344899 10
0.057 0.0125 0.06822385 10
0.0528 0.0084 0.06016807 9
0.0622 0.0106 0.07138343 8
0.055 0.0068 0.06125297 13
0.0555 0.0081 0.06240472 8
0.052 0.013 0.06354069 11
0.0533 0.0116 0.06353572 10
0.0564 0.0087 0.06389965 15
0.0545 0.0041 0.05745646 3
0.0513 0.0061 0.05685766 13
0.0571 0.0202 0.07541548 9
0.0501 0.0083 0.05723825 9
0.0585 0.0029 0.06053512 9
0.0519 0.0107 0.06157747 13
0.0562 0.0132 0.06792591 7
0.0516 0.0102 0.06048087 8
0.063 0.0086 0.07048284 8
0.0511 0.0134 0.06289172 2
0.0485 0.0081 0.05562097 17
0.0566 0.0068 0.06226594 7
0.0513 0.0139 0.06366575 5
0.0532 0.0152 0.06692238 4
0.0566 0.0072 0.06321311 12
0.0567 0.0172 0.07214185 7
0.0537 0.0067 0.05939237 14
0.0563 0.0096 0.06466743 15
0.0552 0.0176 0.07112113 7
0.0566 0.0121 0.0676055 7
0.0526 0.0078 0.05913143 8
0.0554 0.009 0.06330478 15
0.0594 0.014 0.07185381 8
0.0575 0.0034 0.06001356 5
0.0565 0.0148 0.07011887 15
0.0518 0.0025 0.0542095 13
0.0577 0.0194 0.07531643 9
0.0527 0.0074 0.0592024 13
0.0579 0.0046 0.0616724 15
0.0553 0.0195 0.07313618 10
0.0585 0.0104 0.0679671 13
0.0563 0.0112 0.06612812 8
0.0621 0.0129 0.07337344 5
0.0581 0.0179 0.07443096 12
0.054 0.0127 0.06522003 12
0.0571 0.0106 0.06648367 14
0.0561 0.0155 0.07021659 8
0.0558 0.0086 0.06337772 14
0.0543 0.0075 0.06048974 5
0.0494 0.0206 0.06838429 15
0.0542 0.0116 0.06442203 8
0.0554 0.0122 0.06629937 9
0.0557 0.0148 0.06889234 5
0.051 0.0087 0.0587006 11
0.0532 0.0167 0.06818995 10
0.053 0.0048 0.05695751 14
0.052 0.0075 0.05858242 14
0.0572 0.0201 0.07533168 5
0.0549 0.0201 0.07327527 10
0.0541 0.0122 0.06499762 10
0.0531 0.0089 0.06072699 6
0.0456 0.0175 0.06157996 5
0.0579 0.0055 0.06228002 10
0.0571 0.0124 0.06813711 12
0.0658 0.0117 0.0762603 11
0.0492 0.0116 0.05978052 13
0.0616 0.0035 0.06433409 10
0.0574 0.0013 0.05851856 9
0.0524 0.0146 0.06577706 12
0.0569 0.0129 0.06853687 14
0.0573 0.0134 0.0692191 8
0.054 0.0109 0.06360643 9
0.0628 0.0161 0.07728488 9
0.052 0.0048 0.05606232 15
0.0529 0.0114 0.06312452 10
0.0506 0.0144 0.06373519 10
0.0587 0.0094 0.06665784 3
0.0521 0.0133 0.06404111 14
0.0552 0.0126 0.06645719 8
0.0502 0.0121 0.06124609 6
0.0526 0.0043 0.05599028 7
0.0621 0.0073 0.06846365 9
0.0519 0.0088 0.05958029 14
0.0547 0.0152 0.06826041 7
0.0559 0.0069 0.06188624 11
0.058 0.0174 0.07371056 6
0.0573 0.018 0.07338948 12
0.0494 0.0103 0.05868384 11
0.0585 0.0258 0.08205315 7
0.0545 0.0084 0.06186237 11
0.0558 0.0222 0.0758812 4
0.0574 0.0208 0.07612966 4
0.0586 0.0261 0.08235482 6
0.0552 0.0062 0.06045944 7
0.0525 0.0173 0.06832353 16
0.0582 0.0116 0.0685338 8
0.0665 0.015 0.07987628 13
0.0572 0.0098 0.06610763 15
0.0635 0.031 0.09193576 10
0.0606 0.0146 0.07360693 8
0.05 0.0046 0.0540358 9
0.0564 0.0036 0.05914517 12
0.054 0.0137 0.06662629 9
0.0524 0.0168 0.06763367 8
0.0562 0.0072 0.06273614 13
0.052 0.018 0.06862379 7
0.0619 0.0094 0.06995474 9
0.0556 0.0095 0.06409376 13
0.0548 0.0099 0.0636002 9
0.0493 0.0043 0.05382846 16
0.0566 0.0076 0.063179 14
0.0545 0.006 0.05955456 5
0.0601 0.0169 0.07520223 7
0.0484 0.0172 0.06417475 15
0.0532 0.0062 0.05833001 6
0.0552 0.0128 0.06655254 6
0.0566 0.0062 0.06187684 11
0.0501 0.0028 0.0522408 11
0.052 0.0111 0.06185206 4
0.0632 0.0228 0.08385904 8
0.0526 0.0112 0.06267599 12
0.0596 0.0199 0.07797634 17
0.0572 0.0124 0.06875989 13
0.0603 0.0085 0.06743574 3
0.0589 0.0064 0.06462323 9
0.0515 0.0056 0.05603334 13
0.0561 0.0093 0.06415595 9
0.053 0.0044 0.05655889 9
0.0647 0.0186 0.08141977 8
0.0584 0.01 0.06730916 8
0.0537 0.0134 0.06569557 12
0.0585 0.0073 0.0646063 7
0.0559 0.0078 0.06252712 7
0.0597 0.0121 0.07035989 6
0.0501 0.0228 0.07096333 7
0.0566 0.0116 0.06700363 8
0.0615 0.0102 0.07065324 14
0.0535 0.0114 0.06365024 10
0.0564 0.0071 0.06248544 10
0.0582 0.0119 0.06877554 13
0.0607 0.0091 0.06840307 5
0.0579 0.0129 0.0693064 16
0.0578 0.0031 0.06036929 9
0.059 0.0162 0.0733706 6
0.0614 0.0128 0.07269108 5
0.0607 0.0265 0.08497879 13
0.0528 0.0187 0.06970411 8
0.061 0.0105 0.07005968 7
0.0538 0.014 0.0665874 9
0.0572 0.0118 0.06787193 10
0.0577 0.0076 0.06437015 12
0.061 0.0039 0.06385346 4
0.0599 0.0118 0.07030436 6
0.0599 0.0164 0.07479 14
0.0574 0.0077 0.0640962 11
0.0531 0.0135 0.06507849 6
0.0489 0.01 0.05794891 18
0.0598 0.0074 0.06623558 6
0.0572 0.0132 0.06903789 6
0.0633 0.0117 0.07384381 11
0.0637 0.0151 0.07734532 11
0.0554 0.0114 0.06545272 8
0.0548 0.0086 0.06269504 15
0.0563 0.005 0.06058836 16
0.057 0.0171 0.07230354 9
0.0584 0.0098 0.0670636 9
0.0502 0.0087 0.05785378 7
0.0562 0.0092 0.06415118 10
0.0618 0.0137 0.07417656 13
0.0589 0.0153 0.07262753 13
0.0536 0.0169 0.06883544 10
0.0613 0.0146 0.07436006 9
0.0583 0.0014 0.05893185 5
0.0525 0.0175 0.06837526 12
0.0589 0.0139 0.07143102 17
0.0559 0.0163 0.07081286 12
0.0595 0.0129 0.07089802 6
0.0552 0.0193 0.07289659 8
0.0548 0.0183 0.07165712 16
0.0579 0.0115 0.06800551 10
0.058 0.0214 0.07762696 9
0.0602 0.0224 0.0804234 4
0.0579 0.0097 0.06626132 8
0.0563 0.004 0.05946316 10
0.0508 0.007 0.05684966 19
0.0634 0.019 0.08030519 8
0.0577 0.0238 0.07935674 11
0.0507 0.0088 0.05870774 13
0.0578 0.0074 0.06395166 6
0.0599 0.009 0.06760501 9
0.0635 0.0147 0.07654599 6
0.0578 0.0201 0.07616528 11
0.0661 0.0135 0.07787715 9
0.0561 0.0154 0.07028153 19
0.062 0.0151 0.07541204 9
0.0537 0.0177 0.06987968 12
0.0582 0.017 0.07364787 8
0.057 0.0057 0.0615834 6
0.0591 0.0079 0.06614344 10
0.0585 0.0071 0.06449274 5
0.0553 0.0101 0.06404329 4
0.0564 0.0131 0.06821879 8
0.0628 0.0081 0.06959273 7
0.0544 0.011 0.06443955 14
0.0587 0.0243 0.08083694 7
0.06 0.0041 0.0629586 6
0.0568 0.0155 0.07064299 10
0.0499 0.0052 0.05459155 10
0.0559 0.0121 0.06664047 8
0.0562 0.0067 0.06178038 9
0.0537 0.0119 0.0640845 6
0.0508 0.0129 0.06224982 7
0.0561 0.0065 0.0615199 5
0.0536 0.0141 0.06649778 9
0.055 0.0102 0.06419216 15
0.064 0.0087 0.07134366 7
0.0572 0.011 0.06711519 10
0.0516 0.0219 0.07176808 12
0.0607 0.0092 0.0687953 10
0.0553 0.016 0.06986931 14
0.053 0.0066 0.0586866 9
0.0637 0.0105 0.07293264 13
0.0616 0.0126 0.07309751 16
0.0511 0.0105 0.06048146 13
0.0568 0.0087 0.06444255 11
0.0606 0.0124 0.07169655 17
0.0501 0.0108 0.05985389 11
0.0527 0.0077 0.05949186 8
0.0536 0.0183 0.07032132 6
0.0579 0.0241 0.07982481 6
0.059 0.017 0.0744315 10
0.0566 0.02 0.0745436 1
0.0575 0.0053 0.0618441 8
0.0582 0.0148 0.07169307 17
0.0564 0.0153 0.07007379 14
0.0643 0.0165 0.07913226 9
0.0636 0.018 0.08000902 11
0.0591 0.0162 0.0738018 8
0.0565 0.0177 0.07248816 5
0.054 0.0148 0.06746899 12
0.0557 0.0186 0.07249603 9
0.0574 0.0108 0.06694661 14
0.0568 0.0219 0.07696798 12
0.0533 0.0135 0.06587346 14
0.0524 0.0189 0.06952575 12
0.0553 0.0174 0.07120734 18
0.0538 0.0108 0.06322373 9
0.0549 0.0158 0.0695384 10
0.05 0.0203 0.06861366 11
0.0522 0.0378 0.08743118 10
0.0637 0.0075 0.07028724 11
0.0482 0.0136 0.06092362 16
0.057 0.0254 0.0802212 12
0.0573 0.0182 0.07391466 12
0.0577 0.0079 0.06466153 11
0.059 0.0197 0.0770381 14
0.0526 0.0195 0.0703856 6
0.0611 0.0169 0.0764006 6
0.0571 0.0315 0.08610995 7
0.0529 0.0111 0.06309168 9
0.0602 0.0126 0.07127258 9
0.0533 0.0089 0.0609629 7
0.0569 0.0069 0.06270422 14
0.0552 0.0123 0.06630561 15
0.0579 0.0116 0.06806876 8
0.0563 0.0134 0.068111 5
0.0581 0.0184 0.07486295 8
0.0614 0.0094 0.06975883 11
0.0625 0.0191 0.07988178 11
0.0606 0.0145 0.07364759 14
0.0614 0.0123 0.07238097 11
0.0663 0.0206 0.08504089 11
0.0574 0.0093 0.0653874 3
0.0633 0.0048 0.06726303 10
0.061 0.0234 0.08253657 12
0.0594 0.0227 0.08001993 9
0.0506 0.014 0.06336441 8
0.0565 0.0126 0.0676219 13
0.0603 0.0099 0.0687967 5
0.0596 0.0125 0.07063738 6
0.06 0.0089 0.06764579 7
0.0679 0.0379 0.10244709 9
0.0497 0.0242 0.07211961 11
0.059 0.0128 0.07026055 9
0.0459 0.0118 0.05636816 13
0.0579 0.0126 0.06969325 20
0.0586 0.0173 0.07444006 6
0.0603 0.0148 0.07350636 9
0.0531 0.0177 0.06895671 2
0.0596 0.0112 0.0694465 7
0.0538 0.0071 0.05994438 8
0.0546 0.022 0.07503792 5
0.0515 0.0145 0.06438208 5
0.061 0.0156 0.07500958 7
0.0537 0.0174 0.06936951 11
0.062 0.0107 0.07126721 9
0.0566 0.0314 0.08572114 8
0.0533 0.0247 0.07617611 17
0.0673 0.0157 0.08119296 7
0.0531 0.0141 0.06610893 16
0.0547 0.0139 0.06720934 13
0.0634 0.0069 0.06913637 8
0.0611 0.0078 0.06789783 8
0.053 0.0112 0.06307162 12
0.0598 0.0118 0.07033181 13
0.0596 0.0133 0.07130545 7
0.0607 0.0248 0.08335476 8
0.058 0.0282 0.08381931 9
0.0532 0.0115 0.0637086 13
0.0623 0.0109 0.07205398 15
0.0575 0.0167 0.07267475 10
0.0652 0.01 0.07411903 11
0.0525 0.0119 0.06294848 10
0.0579 0.0139 0.07041032 13
0.0573 0.0203 0.07592355 11
0.0586 0.0206 0.07723647 9
0.0611 0.0133 0.07298255 10
0.0543 0.017 0.06977531 9
0.0631 0.0117 0.07324144 8
0.0653 0.0064 0.07048012 8
0.0521 0.0092 0.06040866 14
0.0605 0.0045 0.0640919 10
0.0625 0.0192 0.08013012 16
0.0568 0.0084 0.06403089 9
0.0596 0.0096 0.06827568 12
0.0557 0.0138 0.06817717 8
0.0497 0.0126 0.06129746 14
0.0502 0.0099 0.05918601 14
0.062 0.0082 0.06940249 12
0.059 0.0154 0.07258621 4
0.0554 0.0216 0.07517033 10
0.0532 0.0114 0.06362402 7
0.0621 0.0144 0.07490257 7
0.0581 0.0108 0.06734042 1
0.0553 0.0162 0.06994375 10
0.0622 0.0184 0.07888072 5
0.0589 0.0242 0.08088487 8
0.0555 0.0122 0.06656951 12
0.0521 0.0076 0.05842552 6
0.0598 0.0107 0.06903207 5
0.0678 0.0133 0.07956904 7
0.064 0.0275 0.08914126 8
0.0538 0.0196 0.0718274 8
0.0612 0.0223 0.0813087 5
0.0528 0.0116 0.06312854 9
0.0593 0.014 0.07190614 14
0.0513 0.0138 0.06493418 17
0.0584 0.0117 0.0686097 6
0.0561 0.0208 0.07494398 13
0.057 0.0163 0.07205605 9
0.0561 0.0116 0.06631991 12
0.0572 0.0187 0.07423176 11
0.0583 0.0221 0.07837647 10
0.0576 0.0169 0.07270058 4
0.06 0.0105 0.06913781 11
0.0539 0.0195 0.07172263 9
0.0568 0.0066 0.06249774 14
0.0625 0.0171 0.07767955 5
0.0537 0.0131 0.06554778 6
0.0637 0.018 0.07976221 7
0.0576 0.0168 0.0729981 13
0.0522 0.0173 0.06770311 3
0.0619 0.0153 0.07552824 5
0.0468 0.0158 0.06150085 9
0.0569 0.0052 0.06144167 12
0.0599 0.0092 0.06782613 12
0.0573 0.0113 0.06774954 20
0.0613 0.025 0.08422717 14
0.0614 0.0211 0.08040732 11
0.0542 0.023 0.07521727 9
0.0582 0.0073 0.06451899 9
0.0713 0.0123 0.08207579 10
0.0686 0.0158 0.0828693 9
0.061 0.0175 0.07676009 5
0.0615 0.0088 0.06957394 17
0.0557 0.0212 0.07538412 13
0.0569 0.0063 0.06207873 9
0.0568 0.0198 0.07507195 17
0.055 0.0259 0.07879536 10
0.0593 0.0032 0.06166233 12
0.0607 0.0071 0.06686958 9
0.0674 0.0177 0.08306702 10
0.0563 0.0082 0.06355916 15
0.0572 0.0041 0.06066721 15
0.0566 0.0084 0.06363015 7
0.0614 0.0111 0.0711077 6
0.0626 0.0185 0.07936706 18
0.06 0.0275 0.08504543 8
0.0562 0.0087 0.06358361 5
0.0623 0.024 0.08427433 10
0.0566 0.0118 0.06709236 13