0.6138 
0.9652 
0.7896 
0.5929 
0.9239 
0.8211 
0.8532 
0.6592 
0.9233 
0.7768 
0.7655 
0.9358 
0.9799 
0.7095 
0.9198 
0.8360 
0.9233 
0.9467 
0.9612 
0.9502 
0.9627 
0.9693 
0.9535 
0.9667 
0.9611 
0.8077 
0.9751 
0.9882 
0.9502 
0.9634 
0.9440 
0.9440 
0.9856 
0.8935 
0.9740 
0.9778 
0.9766 
0.9520 
0.9793 
0.9663 
0.9731 
0.9777 
0.9733 
0.9840 
0.9754 
0.9819 
0.9821 
0.9815 
0.9701 
0.9824 
0.9741 
0.9719 
0.9791 
0.9731 
0.9786 
0.9829 
0.9823 
0.9637 
0.9764 
0.9762 
0.9821 
0.9859 
0.9811 
0.9882 
0.9755 
0.9842 
0.9831 
0.9825 
0.9809 
0.9833 
0.9747 
0.9791 
0.9853 
0.9803 
0.9844 
0.9809 
0.9776 
0.9705 
0.9821 
0.9812 
0.9837 
0.9852 
0.9810 
0.9845 
0.9792 
0.9789 
0.9842 
0.9775 
0.9802 
0.9875 
0.9775 
0.9856 
0.9904 
0.9764 
0.9858 
0.9844 
0.9821 
0.9733 
0.9847 
0.9812 
0.9838 
0.9849 
0.9801 
0.9840 
0.9821 
0.9840 
0.9834 
0.9789 
0.9783 
0.9826 
0.9820 
0.9784 
0.9899 
0.9852 
0.9891 
0.9836 
0.9823 
0.9736 
0.9855 
0.9812 
0.9846 
0.9878 
0.9793 
0.9856 
0.9861 
0.9811 
0.9825 
0.9765 
0.9758 
0.9851 
0.9828 
0.9812 
0.9921 
0.9849 
0.9868 
0.9839 
0.9806 
0.9747 
0.9782 
0.9835 
0.9862 
0.9836 
0.9804 
0.9861 
0.9846 
0.9790 
0.9812 
0.9843 
0.9802 
0.9842 
0.9823 
0.9843 
0.9841 
0.9827 
0.9853 
0.9800 
0.9808 
0.9783 
0.9802 
0.9804 
0.9809 
0.9751 
0.9702 
0.9774 
0.9749 
0.9734 
0.9729 
0.9729 
0.9653 
0.9760 
0.9800 
0.9726 
0.9745 
0.9717 
0.9761 
0.9755 
0.9725 
0.9736 
0.9810 
0.9743 
0.9772 
0.9708 
0.9735 
0.9712 
0.9780 
0.9713 
0.9766 
0.9726 
0.9710 
0.9735 
0.9740 
0.9695 
0.9718 
0.9801 
0.9667 
0.9742 
0.9725 
0.9788 
0.9748 
0.9735 
0.9748 
0.9714 
0.9691 
0.9748 
0.9782 
0.9696 
0.9730 
0.9783 
0.9696 
0.9691 
0.9772 
0.9713 
0.9706 
0.9710 
0.9761 
0.9762 
0.9724 
0.9783 
0.9733 
0.9751 
0.9745 
0.9688 
0.9717 
0.9725 
0.9760 
0.9767 
0.9755 
0.9740 
0.9690 
0.9761 
0.9736 
0.9721 
0.9723 
0.9707 
0.9724 
0.9701 
0.9741 
0.9761 
0.9757 
0.9705 
0.9710 
0.9643 
0.9738 
0.9749 
0.9727 
0.9717 
0.9707 
0.9699 
0.9720 
0.9709 
0.9716 
0.9674 
0.9686 
0.9744 
0.9722 
0.9728 
0.9745 
0.9677 
0.9694 
0.9766 
0.9717 
0.9721 
0.9733 
0.9748 
0.9676 
0.9696 
0.9709 
0.9716 
0.9646 
0.9739 
0.9749 
0.9749 
0.9746 
0.9687 
0.9734 
0.9735 
0.9706 
0.9718 
0.9753 
0.9669 
0.9729 
0.9662 
0.9700 
0.9729 
0.9713 
0.9718 
0.9707 
0.9707 
0.9668 
0.9735 
0.9712 
0.9688 
0.9746 
0.9734 
0.9684 
0.9674 
0.9724 
0.9696 
0.9733 
0.9715 
0.9712 
0.9705 
0.9717 
0.9696 
0.9675 
0.9695 
0.9676 
0.9661 
0.9696 
0.9742 
0.9675 
0.9703 
0.9672 
0.9747 
0.9662 
0.9679 
0.9709 
0.9713 
0.9746 
0.9706 
