0.0844 0.083 0.1595612 1
0.0375 0.0369 0.07208965 1
0.2114 0.2067 0.37382072 1
0.1801 0.1734 0.32162316 1
0.0771 0.0751 0.14556099 1
0.1799 0.1749 0.32268929 1
0.1478 0.1439 0.26972228 1
0.0863 0.0836 0.16185422 1
0.0777 0.0677 0.13928411 1
0.2242 0.2232 0.39680496 1
0.2355 0.2296 0.4104933 1
0.0652 0.059 0.1194764 1
0.0273 0.0259 0.05154513 1
0.0325 0.0313 0.06184555 1
0.0812 0.0771 0.15119678 1
0.165 0.1639 0.3011844 1
0.0777 0.0751 0.14611653 1
0.0543 0.0524 0.10296038 1
0.0398 0.0384 0.07574888 1
0.0508 0.0502 0.09754984 1
0.1278 0.123 0.2343304 1
0.0897 0.0824 0.16387982 1
0.3457 0.3447 0.57092661 1
0.1472 0.1414 0.26707352 1
0.0494 0.0482 0.09431552 1
0.1108 0.1093 0.20720866 1
0.1373 0.1351 0.25312217 1
0.0844 0.0833 0.15983618 1
0.1211 0.121 0.226688 1
0.0811 0.0804 0.15414006 1
0.0889 0.0873 0.16761423 1
0.0508 0.0436 0.09127852 1
0.0171 0.0171 0.03294079 1
0.0357 0.0352 0.06871326 1
0.0524 0.052 0.1007786 1
0.0684 0.0674 0.13032464 1
0.049 0.0431 0.0890792 1
0.2212 0.2141 0.38737538 1
0.0916 0.0906 0.17308224 1
0.057 0.0551 0.1080704 1
0.0551 0.041 0.092936 1
0.1506 0.1505 0.2777348 1
0.1342 0.126 0.24255 1
0.1379 0.1348 0.25338278 1
0.0514 0.051 0.09888 1
0.0462 0.0429 0.08620612 1
0.076 0.0724 0.142045 1
0.1155 0.1121 0.21387905 1
0.0603 0.0598 0.11561316 1
0.0158 0.0138 0.02841056 1
0.061 0.0568 0.113452 1
0.1037 0.101 0.19343 1
0.0325 0.0321 0.06262035 1
0.2137 0.2123 0.38005649 1
0.2662 0.2642 0.45959936 1
0.067 0.0638 0.1256552 1
0.0771 0.0754 0.14583816 1
0.0778 0.0668 0.13854656 1
0.0283 0.0252 0.05183934 1
0.0376 0.0336 0.06900684 1
0.1497 0.1439 0.27135077 1
0.063 0.0598 0.1181544 1
0.109 0.0998 0.1971296 1
0.1008 0.0994 0.18937968 1
0.0885 0.0867 0.16670125 1
0.0767 0.076 0.1460225 1
0.0829 0.0812 0.15653162 1
0.0218 0.02 0.0404048 1
0.0719 0.069 0.1350788 1
0.0772 0.0761 0.14657738 1
0.1785 0.1721 0.31922975 1
0.1354 0.126 0.2436 1
0.08 0.0742 0.1474172 1
0.1441 0.1416 0.26458014 1
0.1788 0.1775 0.3239183 1
0.0369 0.0365 0.07112555 1
0.0829 0.0779 0.15350189 1
0.0741 0.071 0.138983 1
0.0429 0.0387 0.07902037 1
0.0512 0.0506 0.09831008 1
0.0479 0.0376 0.08278346 1
0.0976 0.0949 0.18242926 1
0.0551 0.0465 0.09813845 1
0.0821 0.0751 0.15019049 1
0.0324 0.0322 0.06262032 1
0.0686 0.0678 0.13088432 1
0.056 0.0538 0.105896 1
0.0837 0.081 0.157084 1
0.3597 0.3524 0.58505282 1
0.0617 0.0583 0.11552189 1
0.0585 0.0542 0.108641 1
0.1275 0.1177 0.22943745 1
0.0679 0.0672 0.12967122 1
0.097 0.0896 0.1770944 1
0.1348 0.1312 0.24757924 1
0.0232 0.0219 0.04363602 1
0.0661 0.0626 0.12368984 1
0.0439 0.038 0.0793127 1
0.0233 0.0216 0.04344062 1
0.0936 0.0908 0.17508452 1
0.0563 0.0425 0.09550871 4
0.026 0.0166 0.0412121 2
0.073 0.0669 0.13416643 3
0.067 0.0654 0.1271496 1
0.0496 0.0443 0.09079586 4
0.0361 0.0325 0.06649435 1
0.0379 0.0344 0.07006754 1
0.0234 0.0194 0.04139092 2
0.0561 0.0515 0.10381745 1
0.0492 0.0441 0.09022258 1
0.0626 0.052 0.1104584 1
0.0534 0.0512 0.10097018 2
0.0244 0.0218 0.04471328 1
0.0344 0.021 0.053732 1
0.0287 0.0235 0.05057675 1
0.0346 0.0323 0.06484871 2
0.0247 0.0172 0.04051739 3
0.0871 0.0702 0.15034188 1
0.0467 0.0465 0.09012185 2
0.0436 0.0412 0.08208748 1
0.0573 0.0524 0.10582059 2
0.0381 0.0351 0.07093489 1
0.0428 0.0366 0.07691192 1
0.0552 0.0462 0.09795307 3
0.0449 0.0404 0.08257034 1
0.0548 0.0458 0.09719009 2
0.066 0.0591 0.1203237 2
0.0413 0.0313 0.07037891 1
0.0341 0.029 0.0611732 1
0.0258 0.0233 0.04754696 1
0.0413 0.0413 0.07997591 1
0.0241 0.0233 0.04588523 4
0.0242 0.0188 0.0415871 2
0.0445 0.035 0.077021 1
0.0523 0.0414 0.09063598 2
0.026 0.0173 0.0418925 1
0.0468 0.0427 0.0865942 3
0.0781 0.0756 0.14694912 2
0.034 0.0301 0.0621397 1
0.0324 0.0268 0.05738988 1
0.0483 0.0488 0.09384386 2
0.037 0.0381 0.0727644 1
0.0383 0.0289 0.06515933 1
0.0991 0.0943 0.18324759 3
0.0372 0.0343 0.06929486 2
0.0597 0.0471 0.10309441 2
0.0345 0.0259 0.05857065 2
0.0345 0.0326 0.06504707 6
0.0507 0.0414 0.08909212 1
0.0209 0.016 0.0356015 1
0.0266 0.0228 0.04784192 1
0.0452 0.0431 0.08543918 1
0.082 0.0834 0.1577256 1
0.0473 0.0489 0.09298223 1
0.0644 0.0569 0.11675594 1
0.0257 0.0226 0.04676818 2
0.0291 0.0264 0.05378626 1
0.0504 0.0494 0.09641984 2
0.0273 0.025 0.0506688 1
0.0424 0.0424 0.08208932 2
0.0382 0.023 0.059382 2
0.0412 0.0362 0.07498496 1
0.0501 0.0459 0.09279541 1
0.0301 0.0316 0.05981066 4
0.0174 0.0142 0.0303836 2
0.0266 0.0212 0.04628288 1
0.0326 0.0295 0.0601994 1
0.0325 0.0312 0.0617487 1
0.0572 0.0479 0.10146422 1
0.0697 0.0528 0.11794134 1
0.0479 0.0418 0.08679608 2
0.0532 0.0485 0.0982205 1
0.0667 0.0642 0.12574822 3
0.0451 0.0358 0.07837522 2
0.0555 0.0525 0.10419325 1
0.0285 0.024 0.0508675 1
0.0269 0.0239 0.04920689 1
0.0415 0.04 0.0789205 1
0.0452 0.0449 0.08715962 1
0.0337 0.0311 0.06281573 1
0.0622 0.0544 0.1123321 2
0.0354 0.0296 0.06301616 1
0.0323 0.0231 0.05370827 1
0.0595 0.059 0.114107 1
0.0184 0.016 0.033139 1
0.0352 0.0265 0.0598279 1
0.0616 0.0581 0.1152649 3
0.0472 0.0459 0.09002562 1
0.0922 0.092 0.17490212 2
0.0624 0.0567 0.11468882 2
0.0238 0.0213 0.04363925 5
0.0501 0.0464 0.09327086 1
0.0401 0.039 0.07661539 3
0.0324 0.0202 0.05099712 1
0.0418 0.0306 0.07019232 1
0.0328 0.0295 0.06039387 2
0.0432 0.0348 0.07557843 4
0.0304 0.0282 0.05680032 1
0.0424 0.0419 0.08160674 1
0.0171 0.0145 0.03038265 1
0.0417 0.0286 0.06817668 1
0.0417 0.0372 0.07642666 1
0.0427 0.0354 0.07566552 1
0.0429 0.0312 0.07183894 2
0.034 0.0285 0.06059266 2
0.0298 0.0273 0.05534256 1
0.0299 0.0146 0.0431084 2
0.0376 0.0345 0.06987506 2
0.0378 0.0348 0.07035771 2
0.025 0.014 0.03769042 5
0.0373 0.0315 0.06669818 3
0.0408 0.0352 0.07363884 1
0.0313 0.0261 0.05564078 4
0.0413 0.0367 0.07556129 1
0.0242 0.0209 0.04363832 1
0.0376 0.0283 0.06390281 4
0.0289 0.0212 0.04853642 1
0.0473 0.0421 0.08649749 2
0.0386 0.0325 0.06891587 2
0.0382 0.035 0.0709352 1
0.0522 0.0425 0.0915752 1
0.0449 0.0219 0.06488249 1
0.0748 0.0591 0.12861618 2
0.0544 0.0395 0.0908441 1
0.0399 0.0354 0.07297831 5
0.0383 0.0293 0.06554672 4
0.0459 0.0406 0.08372196 1
0.0393 0.036 0.07297427 3
0.0242 0.0203 0.04305264 3
0.0225 0.0165 0.03766805 2
0.0362 0.0333 0.06736664 3
0.0335 0.0289 0.06049325 1
0.0355 0.016 0.04998274 2
0.0394 0.0299 0.06719102 2
0.0378 0.0323 0.06795026 2
0.0351 0.0342 0.06717921 3
0.0448 0.0344 0.07673708 1
0.038 0.0327 0.06852878 2
0.0244 0.0254 0.04823054 4
0.0491 0.0379 0.08422511 1
0.0456 0.0258 0.06929392 1
0.0302 0.027 0.05544384 2
0.0504 0.0429 0.09023084 2
0.0581 0.0513 0.10552787 1
0.0348 0.0228 0.05586316 1
0.043 0.034 0.0746164 2
0.0331 0.0304 0.06155626 1
0.029 0.0225 0.04990017 4
0.0305 0.0203 0.04923163 3
0.0244 0.0197 0.04266332 2
0.0291 0.0197 0.04727603 3
0.0428 0.0364 0.07672579 2
0.0636 0.056 0.115157 1
0.0395 0.0335 0.07075655 4
0.0462 0.0379 0.08143268 2
0.0254 0.0255 0.04930235 2
0.0295 0.023 0.05087345 2
0.0354 0.0253 0.05886408 1
0.0287 0.0245 0.05154905 1
0.0393 0.0324 0.06950368 5
0.0488 0.0395 0.0854597 1
0.0345 0.033 0.065428 1
0.0464 0.0313 0.07532438 1
0.0471 0.0369 0.08135752 6
0.0253 0.0131 0.03710633 2
0.0225 0.0081 0.02944735 1
0.0349 0.0302 0.06311072 2
0.0431 0.0295 0.07040015 1
0.0641 0.0608 0.12012662 1
0.0473 0.043 0.08737146 2
0.031 0.0224 0.051758 1
0.0474 0.0472 0.09145655 2
0.0455 0.0415 0.08419775 1
0.0395 0.038 0.0750755 1
0.0506 0.0408 0.08842776 2
0.0218 0.0175 0.0379568 1
0.0288 0.0219 0.04911898 1
0.0346 0.0305 0.06310892 2
0.0273 0.025 0.05066906 2
0.043 0.0387 0.07911867 2
0.0511 0.0403 0.08843107 1
0.0423 0.0364 0.07623802 2
0.0345 0.0247 0.05740605 1
0.0621 0.0586 0.11618889 2
0.0244 0.02 0.0429554 1
0.0295 0.025 0.05281697 4
0.04 0.0296 0.0674846 1
0.0469 0.0414 0.08544564 1
0.0688 0.0622 0.12585064 1
0.0462 0.0416 0.08496703 3
0.0417 0.0399 0.07901694 4
0.0431 0.0356 0.0762481 3
0.0408 0.0385 0.0768075 1
0.0253 0.0266 0.05027792 1
0.0349 0.0293 0.06224063 1
0.0207 0.0205 0.03982047 3
0.0356 0.0302 0.06379201 3
0.0316 0.0282 0.05797433 3
0.0243 0.0224 0.04520363 3
0.0339 0.0273 0.05933487 2
0.0371 0.0342 0.06910787 3
0.0347 0.0328 0.06542849 2
0.0443 0.0414 0.08295156 2
0.0311 0.0255 0.05486257 2
0.0364 0.0355 0.06968171 3
0.0374 0.031 0.06630937 3
0.0292 0.0233 0.05087198 3
0.0427 0.0249 0.06560337 1
0.038 0.037 0.07267156 5
0.0374 0.0256 0.06110566 3
0.0364 0.0288 0.06321668 3
0.0413 0.0386 0.0773851 2
0.0211 0.0162 0.03599476 3
0.0325 0.027 0.05768184 3
0.0311 0.0275 0.05680553 2
0.0365 0.0254 0.06003725 4
0.0532 0.0446 0.09452427 2
0.0454 0.0386 0.08133112 2
0.032 0.0236 0.05390014 2
0.0355 0.0304 0.0638857 1
0.0422 0.0359 0.07567344 3
0.0339 0.0293 0.06127113 2
0.0391 0.0292 0.06622645 3
0.0399 0.0356 0.07315991 3
0.0418 0.0353 0.07471464 2
0.0351 0.0283 0.06147017 2
0.0382 0.0332 0.06920216 1
0.0361 0.0317 0.06572243 1
0.0312 0.024 0.05350546 2
0.0324 0.0298 0.06029721 3
0.0318 0.0249 0.05496388 1
0.0319 0.023 0.05322097 2
0.0316 0.0302 0.05990648 1
0.0354 0.0269 0.06040904 1
0.0348 0.0297 0.06252994 1
0.0356 0.0297 0.06330698 1
0.0366 0.0288 0.06342269 5
0.0529 0.0422 0.09196837 4
0.0213 0.0139 0.03393813 1
0.0367 0.0278 0.06254324 1
0.0414 0.0271 0.06644556 1
0.0354 0.0232 0.05683725 2
0.0494 0.0363 0.08299313 3
0.0481 0.0438 0.08888944 4
0.0382 0.0297 0.0658329 2
0.041 0.0353 0.073928 1
0.0385 0.0322 0.06853032 2
0.0363 0.0207 0.05530459 1
0.0289 0.023 0.05028829 2
0.0348 0.0336 0.06631951 7
0.0301 0.0249 0.05330597 4
0.0382 0.0312 0.06728116 5
0.0375 0.0302 0.0656342 1
0.0379 0.0301 0.06592675 2
0.0401 0.0373 0.07498097 2
0.0236 0.0131 0.03542654 1
0.0316 0.0298 0.05951884 2
0.0384 0.0334 0.06958915 4
0.0305 0.0289 0.05757767 2
0.0363 0.0314 0.06563191 4
0.0313 0.0273 0.05680579 5
0.0294 0.0293 0.05689628 1
0.0325 0.02 0.0509049 2
0.0419 0.0392 0.07853762 1
0.0301 0.0201 0.04864443 2
0.0398 0.0292 0.06690713 4
0.0247 0.0223 0.04549519 1
0.035 0.021 0.05432 1
0.0439 0.0369 0.07826387 5
0.04 0.0347 0.0723857 1
0.0327 0.0326 0.06330035 3
0.0308 0.0231 0.05224338 5
0.0415 0.0353 0.07441085 1
0.037 0.031 0.06592264 3
0.0327 0.0191 0.05022623 1
0.0328 0.0188 0.05003396 1
0.0235 0.0219 0.04392975 1
0.0385 0.0362 0.07238174 3
0.0258 0.0253 0.04949803 3
0.0438 0.0366 0.07787632 1
0.0396 0.0343 0.07163202 2
0.0374 0.0319 0.06717847 4
0.0313 0.0282 0.05767584 1
0.0511 0.0485 0.09623346 4
0.0267 0.0274 0.05242164 2
0.0364 0.0269 0.06138704 4
0.0328 0.0232 0.05429618 3
0.0374 0.0314 0.06669658 5
0.0523 0.0481 0.09698643 3
0.0455 0.0398 0.08257534 3
0.0244 0.0148 0.0378773 2
0.0447 0.0276 0.07013908 3
0.053 0.0427 0.09253376 2
0.03 0.0243 0.05262663 4
0.0284 0.0263 0.0530087 2
0.0264 0.023 0.04784196 5
0.034 0.029 0.06107647 3
0.032 0.0284 0.05855179 2
0.0298 0.0151 0.04349392 1
0.0357 0.0297 0.06341447 2
0.0377 0.0126 0.04887428 1
0.036 0.0247 0.05887092 2
0.0379 0.0323 0.06804503 1
0.0353 0.0332 0.06639764 2
0.0369 0.0275 0.06244865 1
0.0417 0.0353 0.07460776 6
0.0321 0.028 0.0582603 1
0.0387 0.0367 0.07305411 1
0.0364 0.0264 0.06090984 2
0.0348 0.0217 0.05480034 1
0.0455 0.0344 0.07741693 3
0.0415 0.0375 0.07652219 3
0.0289 0.0232 0.05048646 5
0.0322 0.0251 0.05554907 2
0.0328 0.0239 0.05497178 1
0.0398 0.0348 0.07228892 2
0.0463 0.0296 0.07360568 2
0.048 0.0282 0.07392242 3
0.0298 0.0185 0.0467962 2
0.0357 0.0281 0.06186308 2
0.0435 0.0322 0.07337508 2
0.0384 0.0316 0.06785797 4
0.0353 0.0089 0.04292903 1
0.0484 0.0422 0.08764712 1
0.0409 0.0365 0.07498765 3
0.0314 0.0276 0.0571915 3
0.0403 0.0269 0.06518213 1
0.03 0.027 0.05524615 2
0.0363 0.0297 0.06399034 6
0.0343 0.0292 0.06156118 2
0.0427 0.0401 0.08017124 2
0.0337 0.0264 0.05827142 3
0.0332 0.0299 0.06116952 2
0.0386 0.0333 0.06968552 1
0.04 0.0326 0.07036771 2
0.0315 0.0285 0.05816125 1
0.0307 0.0185 0.04768037 3
0.0415 0.038 0.07700221 2
0.0288 0.0274 0.05446632 2
0.0394 0.0344 0.07152432 3
0.0431 0.0406 0.08103284 1
0.0323 0.0287 0.05913743 3
0.0433 0.0392 0.07989317 4
0.0396 0.0339 0.07123006 1
0.0356 0.0372 0.07054748 1
0.0372 0.0313 0.06640314 1
0.0434 0.0333 0.0743324 2
0.034 0.0225 0.05479266 3
0.0454 0.0275 0.07072779 3
0.0272 0.0201 0.0458032 3
0.0272 0.0222 0.04784456 1
0.0405 0.0331 0.07133283 3
0.0387 0.0296 0.06622178 1
0.0362 0.0289 0.06311865 6
0.0408 0.0362 0.07460307 2
0.0253 0.0134 0.03739868 1
0.0406 0.0285 0.06701268 3
0.0394 0.0356 0.07267301 3
0.0244 0.0257 0.04852242 2
0.0425 0.0371 0.07710649 3
0.032 0.0251 0.05535332 3
0.0306 0.0238 0.05272526 3
0.03 0.0301 0.0582561 1
0.0495 0.0415 0.088037 3
0.0227 0.0212 0.04246166 1
0.0352 0.0363 0.06929608 3
0.0399 0.0314 0.06911904 3
0.0339 0.0276 0.05962535 3
0.0394 0.0359 0.07296023 3
0.0408 0.0325 0.07105423 4
0.032 0.0268 0.0570002 1
0.0362 0.031 0.06514855 3
0.0397 0.0325 0.06998542 4
0.0548 0.0423 0.09387806 1
0.0334 0.033 0.06436332 2
0.0359 0.0253 0.05935304 2
0.0313 0.0204 0.05011218 1
0.0356 0.0306 0.06417728 2
0.027 0.022 0.04745793 4
0.0441 0.0323 0.07405097 1
0.0413 0.0359 0.07479353 1
0.0356 0.019 0.05298204 2
0.0305 0.0267 0.0554419 2
0.0403 0.0285 0.06672045 2
0.028 0.0236 0.0499915 2
0.0344 0.0252 0.05779172 1
0.0279 0.0088 0.03549095 2
0.0407 0.0361 0.07440653 1
0.0507 0.0353 0.08330279 3
0.045 0.0282 0.0710032 1
0.0306 0.0258 0.054668 2
0.0415 0.0283 0.06769435 1
0.0462 0.0304 0.07427774 4
0.0269 0.024 0.04930577 3
0.0336 0.0242 0.05604384 2
0.0304 0.0214 0.05020179 4
0.0451 0.036 0.0785565 1
0.0311 0.0236 0.05302174 3
0.0288 0.0204 0.0476636 3
0.0316 0.0203 0.05030942 1
0.0404 0.0274 0.06576354 2
0.036 0.0177 0.05211578 2
0.044 0.0396 0.0809411 2
0.0381 0.0337 0.06958683 1
0.0363 0.0274 0.06176938 3
0.0335 0.0267 0.0583654 2
0.0322 0.0275 0.0578732 1
0.0462 0.0355 0.07914313 2
0.0295 0.0248 0.0526217 1
0.0386 0.035 0.0713219 3
0.0412 0.0357 0.07450614 3
0.0321 0.0251 0.05545049 1
0.032 0.023 0.05332125 4
0.0368 0.0249 0.05984811 4
0.038 0.018 0.05437478 2
0.0279 0.0171 0.0435671 2
0.0308 0.0248 0.05389124 2
0.0458 0.0402 0.0832439 2
0.0359 0.0277 0.06166975 3
0.0328 0.0212 0.05235764 1
0.0392 0.0361 0.07295918 1
0.0393 0.0376 0.07450202 4
0.0365 0.0202 0.05501855 2
0.0401 0.0309 0.06883091 1
0.0418 0.0331 0.07259032 1
0.0402 0.0382 0.07595451 6
0.0411 0.0305 0.06941705 1
0.0365 0.0361 0.07035395 1
0.0374 0.0134 0.04934909 2
0.0318 0.018 0.0482764 1
0.0416 0.0355 0.0746993 1
0.0388 0.032 0.06862862 2
0.0375 0.0351 0.0703565 2
0.0411 0.0352 0.07392858 1
0.0409 0.0329 0.07152912 4
0.0388 0.0353 0.07180346 1
0.0333 0.0204 0.05207374 2
0.035 0.024 0.05721801 2
0.0299 0.0259 0.05408124 2
0.0424 0.0362 0.07614452 3
0.0393 0.0355 0.07247865 1
0.0403 0.0353 0.07325225 2
0.0385 0.024 0.0606375 1
0.0406 0.0384 0.07651951 2
0.035 0.0275 0.060599 1
0.0393 0.0319 0.06901913 2
0.0363 0.0321 0.06630433 3
0.04 0.0295 0.0673885 1
0.0389 0.0275 0.06439565 1
0.0344 0.0303 0.06272269 3
0.0279 0.0245 0.05076882 3
0.0401 0.0346 0.07238642 2
0.0383 0.0285 0.06477465 2
0.0391 0.0354 0.07219398 2
0.0407 0.0355 0.07383077 2
0.0281 0.0257 0.05213127 2
0.0364 0.0292 0.06360412 3
0.0371 0.0204 0.05580002 2
0.0302 0.0228 0.05136634 5
0.0403 0.032 0.0700834 3
0.0361 0.0201 0.05452959 1
0.0368 0.0199 0.05502618 2
0.0397 0.0282 0.06584808 2
0.0478 0.032 0.0773492 1
0.0298 0.0278 0.05582816 1
0.0379 0.0258 0.06178906 2
0.0346 0.0279 0.06059651 2
0.043 0.0295 0.07030803 3
0.0407 0.0351 0.07344623 1
0.0443 0.0388 0.08046326 1
0.0338 0.0319 0.06368814 4
0.0406 0.0321 0.07046844 1
0.0409 0.0308 0.06951221 3
0.044 0.042 0.08324371 3
0.0359 0.0193 0.05356315 2
0.0378 0.0333 0.0689125 4
0.0325 0.0305 0.0610712 2
0.0373 0.0277 0.06303079 1
0.0277 0.0257 0.05174354 4
0.0397 0.0328 0.07026934 1
0.0388 0.037 0.0734392 1
0.0389 0.0316 0.06834773 5
0.0393 0.0359 0.07286333 1
0.0398 0.0298 0.067485 3
0.0321 0.0295 0.05971484 2
0.0401 0.0258 0.06393042 2
0.0368 0.031 0.065726 1
0.0394 0.035 0.07209693 5
0.0422 0.0385 0.07815861 5
0.0433 0.0402 0.08084829 3
0.0332 0.0257 0.05710466 1
0.0355 0.0165 0.05046858 3
0.0454 0.0298 0.07292404 3
0.0366 0.0264 0.06109772 2
0.0355 0.035 0.068332 3
0.0303 0.0255 0.0540827 2
0.0475 0.0349 0.07982726 5
0.0343 0.0283 0.06069475 3
0.0328 0.0154 0.04674208 1
0.0323 0.0294 0.05981418 2
0.04 0.0337 0.0714247 1
0.0365 0.0321 0.06649862 3
0.0385 0.0343 0.07055707 4
0.0306 0.0281 0.05689784 1
0.0343 0.0145 0.04735045 1
0.0425 0.037 0.07700621 2
0.0401 0.0277 0.06576425 5
0.0426 0.0217 0.06244194 2
0.0416 0.036 0.07517909 2
0.0369 0.0284 0.06331985 2
0.0391 0.035 0.07180656 2
0.0403 0.0335 0.07152275 1
0.0337 0.024 0.05594943 3
0.0321 0.0261 0.05643064 5
0.0336 0.0297 0.06136458 2
0.0367 0.0268 0.06158005 3
0.0354 0.0307 0.06407832 1
0.0449 0.0464 0.08832684 7
0.035 0.0298 0.0628208 1
0.0284 0.0205 0.0473657 1
0.0445 0.0234 0.06592579 3
0.0306 0.0228 0.05175513 4
0.0435 0.0204 0.06207791 3
0.0561 0.0458 0.09843278 2
0.0429 0.0378 0.07815811 2
0.0403 0.037 0.07488764 3
0.0335 0.0278 0.059429 1
0.0415 0.0344 0.07354734 2
0.0353 0.0315 0.06475385 1
0.0327 0.0278 0.0586506 2
0.0409 0.0361 0.07460654 5
0.0372 0.0316 0.06669418 4
0.0319 0.0246 0.05477106 2
0.0385 0.0195 0.05630625 1
0.0334 0.0239 0.05555804 1
0.0434 0.0385 0.0793176 3
0.0403 0.0261 0.06441357 1
0.0395 0.0305 0.06786617 2
0.0266 0.0217 0.04677008 1
0.0416 0.0375 0.0766181 1
0.0423 0.0392 0.07892665 3
0.0438 0.0367 0.07797204 1
0.035 0.0324 0.06533464 3
0.04 0.0326 0.0703676 1
0.0396 0.0286 0.06613464 1
0.0399 0.0342 0.07182679 7
0.04 0.0349 0.07257834 3
0.0435 0.0354 0.07644194 5
0.0425 0.0225 0.06311035 2
0.0331 0.0327 0.06378701 3
0.0351 0.0304 0.06349926 2
0.0388 0.0321 0.0687246 2
0.0326 0.0264 0.05720058 3
0.0361 0.0332 0.06717018 2
0.042 0.0354 0.07499064 3
0.0333 0.0283 0.05972066 3
0.0341 0.03 0.06214082 2
0.0343 0.0303 0.06262431 1
0.0316 0.0194 0.04943804 2
0.0426 0.04 0.07998252 3
0.0388 0.0331 0.06968662 1
0.0364 0.0337 0.06794258 2
0.0361 0.0353 0.06920009 4
0.039 0.0253 0.0623766 1
0.0292 0.0238 0.05135704 1
0.0383 0.031 0.06718245 4
0.035 0.0285 0.061565 1
0.0415 0.0244 0.06395417 6
0.0353 0.0227 0.05625569 1
0.04 0.0383 0.075846 2
0.0344 0.0315 0.06388174 2
0.0333 0.0299 0.06126833 2
0.0428 0.0332 0.07365404 1
0.044 0.0242 0.0662024 1
0.0334 0.0303 0.06175487 3
0.0391 0.034 0.0708427 1
0.0338 0.0312 0.06300944 1
0.035 0.03 0.063014 1
0.035 0.0299 0.0629174 1
0.0379 0.0289 0.06477049 1
0.0394 0.0332 0.07036352 1
0.0378 0.0237 0.05967781 3
0.0415 0.0339 0.07307101 3
0.0371 0.0346 0.06948879 2
0.0372 0.0244 0.05975405 5
0.0399 0.0355 0.07305822 2
0.0266 0.0181 0.04326224 1
0.0379 0.0345 0.07017133 2
0.0429 0.03 0.0706849 1
0.0455 0.0407 0.08344023 4
0.0331 0.027 0.05826766 3
0.0329 0.0312 0.06213662 1
0.0487 0.039 0.0848874 1
0.0317 0.02 0.0501167 1
0.0358 0.0331 0.0667867 3
0.0323 0.0302 0.06058649 3
0.0443 0.0324 0.07434222 2
0.0343 0.0296 0.06194762 1
0.0386 0.0317 0.0681488 2
0.0365 0.0277 0.06225589 5
0.039 0.0159 0.05333413 2
0.0416 0.0248 0.06443372 1
0.0363 0.0321 0.06630239 3
0.0371 0.0356 0.07045134 2
0.0411 0.0352 0.07392858 1
0.0349 0.0303 0.06320673 1
0.0414 0.0392 0.07806351 11
0.0443 0.0381 0.07979357 1
0.0409 0.0345 0.07306335 1
0.0444 0.0353 0.07721219 2
0.0415 0.0366 0.07566093 4
0.0371 0.0373 0.07208957 1
0.0356 0.0228 0.05664671 2
0.0349 0.0308 0.06368978 1
0.0402 0.0395 0.07719525 4
0.0391 0.0362 0.07296113 3
0.0434 0.0292 0.07040468 2
0.0397 0.0328 0.07026934 1
0.0461 0.0313 0.07503555 2
0.0403 0.033 0.0710424 1
0.0396 0.0265 0.06411586 2
0.041 0.0375 0.07604057 2
0.0414 0.0339 0.07297084 1
0.0448 0.0408 0.08286276 3
0.047 0.037 0.081344 1
0.0404 0.0363 0.07430983 2
0.0335 0.0275 0.05913875 1
0.0414 0.0302 0.06942703 5
0.0428 0.0349 0.07528612 3
0.0376 0.034 0.06939244 2
0.0383 0.0343 0.07035791 1
0.0365 0.0321 0.06649595 1
0.0404 0.0339 0.07200467 3
0.0454 0.0318 0.07483248 1
0.0366 0.032 0.0664967 2
0.0359 0.0254 0.05944858 2
0.0431 0.0352 0.07586018 1
0.0389 0.0346 0.071228 3
0.0341 0.0257 0.05798243 1
0.0467 0.0426 0.08639888 1
0.0362 0.0242 0.05858336 1
0.0489 0.0336 0.07993936 2
0.0393 0.0228 0.06026506 1
0.0378 0.026 0.06188 1
0.0394 0.0262 0.06364324 2
0.0465 0.0348 0.07876514 2
0.0406 0.0316 0.06998824 1
0.0437 0.0293 0.07079166 2
0.0369 0.0284 0.06331634 1
0.0409 0.0324 0.07105722 3
0.0341 0.0286 0.06078684 2
0.0435 0.0429 0.08362036 4
0.0325 0.0279 0.05855265 1
0.0472 0.0274 0.07238221 3
0.0452 0.0336 0.07635972 2
0.0436 0.0333 0.0745247 3
0.0396 0.0332 0.0705585 3
0.0397 0.0225 0.0603683 2
0.0379 0.0258 0.06178516 2
0.0421 0.0414 0.08083956 1
0.0457 0.0261 0.06967908 2
0.0393 0.0308 0.06795866 1
0.0448 0.0332 0.07559182 3
0.0472 0.0369 0.08144574 4
0.0256 0.0217 0.04579086 2
0.037 0.0263 0.06138924 2
0.0373 0.0363 0.07131861 1
0.0395 0.037 0.074114 1
0.0479 0.0409 0.08592869 1
0.0415 0.033 0.0722045 2
0.0422 0.0384 0.0780734 3
0.0442 0.0393 0.08084871 3
0.0455 0.0375 0.08037575 1
0.0505 0.0401 0.08766587 2
0.0424 0.039 0.07882914 5
0.0414 0.0391 0.07796244 2
0.0376 0.0322 0.06765893 4
0.0393 0.0271 0.06440037 1
0.0403 0.0364 0.0743108 3
0.0405 0.037 0.075078 1
0.0446 0.037 0.07903066 2
0.0487 0.0373 0.08326985 3
0.0406 0.0329 0.07123726 2
0.0354 0.0248 0.05838128 1
0.0391 0.0192 0.05660658 1
0.0423 0.0228 0.06319981 2
0.0415 0.0345 0.07364325 1
0.0386 0.0197 0.05659688 1
0.0487 0.0455 0.09107968 5
0.0454 0.0423 0.08486887 3
0.0447 0.0318 0.07415404 1
0.033 0.0293 0.06040257 4
0.0372 0.0318 0.06688808 2
0.0384 0.0325 0.0687228 3
0.0452 0.0323 0.07511708 3
0.0392 0.0336 0.07055567 2
0.0488 0.0335 0.0797472 2
0.0408 0.037 0.07537248 5
0.0372 0.0283 0.06351174 1
0.0373 0.0306 0.06582552 1
0.0443 0.0428 0.08429016 2
0.0438 0.0323 0.07376057 2
0.0489 0.0439 0.08974509 1
0.0476 0.0366 0.08154104 1
0.0436 0.0385 0.07950273 3
0.0522 0.0489 0.09764827 5
0.0434 0.0382 0.07902341 3
0.0483 0.0399 0.08536003 1
0.0491 0.0472 0.09308429 4
0.0453 0.0351 0.07789475 4
0.0457 0.046 0.08868941 2
0.0406 0.0361 0.07431004 1
0.0423 0.0376 0.07738842 1
0.05 0.0465 0.09327086 2
0.0429 0.0395 0.07978709 2
0.0442 0.0412 0.08267747 3
0.0485 0.0349 0.08079195 2
0.0426 0.0384 0.07844443 3
0.0504 0.0466 0.09375004 3
0.0447 0.0462 0.08792561 2
0.0498 0.0342 0.08137984 1
0.042 0.0444 0.08362062 2
0.0437 0.0351 0.07634393 1
0.0491 0.0293 0.07604057 2
0.0527 0.0479 0.0971755 3
0.0509 0.0436 0.09138263 5
0.037 0.0321 0.06698485 4
0.0425 0.0367 0.07672479 4
0.0571 0.0519 0.10514853 5
0.0407 0.0326 0.07104548 1
0.0465 0.0403 0.08401185 1
0.052 0.0484 0.0969826 1
0.0468 0.044 0.0878306 1
0.0428 0.0322 0.07269584 1
0.05 0.0417 0.0887073 4
0.0406 0.0382 0.07634241 7
0.0482 0.0443 0.0894586 3
0.0503 0.0401 0.08747263 2
0.0468 0.0462 0.08993002 3
0.0452 0.041 0.0834334 3
0.0453 0.0321 0.07502456 3
0.04 0.0267 0.0646977 1
0.0469 0.0398 0.08391908 1
0.0445 0.0389 0.080753 3
0.0473 0.0408 0.08525726 1
0.0501 0.038 0.08528411 2
0.0458 0.0421 0.08505872 1
0.0471 0.0358 0.08029572 1
0.0452 0.0411 0.08353867 7
0.0528 0.0481 0.09746258 3
0.0427 0.0368 0.07700714 1
0.0452 0.0388 0.08133166 3
0.0499 0.0451 0.09185192 5
0.0483 0.0392 0.0846938 2
0.0467 0.0412 0.08506287 2
0.0489 0.0451 0.09088775 2
0.0468 0.0421 0.08602152 4
0.0418 0.0319 0.07144133 3
0.049 0.0336 0.0800352 1
0.0488 0.0484 0.09393982 3
0.0449 0.038 0.08027699 4
0.0516 0.0441 0.09251926 2
0.0487 0.0343 0.08041159 1
0.0451 0.0417 0.08401776 5
0.0422 0.0365 0.0762374 1
0.0475 0.024 0.06943898 3
0.0522 0.0436 0.09262311 5
0.0426 0.0377 0.07777404 2
0.044 0.0355 0.07702066 4
0.0558 0.0544 0.1062769 3
0.0457 0.0368 0.07990088 4
0.0534 0.0377 0.08817703 2
0.0385 0.0325 0.06881875 1
0.0422 0.0399 0.07949732 1
0.0485 0.0405 0.08612796 4
0.0509 0.0281 0.07664797 2
0.0405 0.035 0.07316155 3
0.0407 0.0358 0.07411844 1
0.0473 0.0448 0.08907236 2
0.0465 0.04 0.08372566 2
0.0486 0.0451 0.09060429 3
0.0486 0.0428 0.08841089 2
0.0435 0.0392 0.0800765 1
0.0442 0.0371 0.07874063 2
0.0446 0.0389 0.08085078 3
0.0444 0.0376 0.07941165 2
0.0417 0.0374 0.07662194 2
0.0484 0.0454 0.09069556 2
0.0483 0.0457 0.09088713 2
0.0464 0.035 0.07886449 3
0.0502 0.0396 0.086909 2
0.0406 0.029 0.06749142 2
0.0464 0.0336 0.07752081 2
0.0403 0.0276 0.0658547 2
0.0493 0.0447 0.09088998 3
0.0471 0.0439 0.08802286 2
0.0495 0.0394 0.08603799 3
0.049 0.0429 0.08889002 3
0.0449 0.0413 0.08343418 3
0.0508 0.0396 0.08747887 3
0.054 0.0502 0.100596 5
0.0423 0.0383 0.07806073 3
0.0481 0.0438 0.08888412 1
0.0513 0.0473 0.09527129 2
0.0424 0.0387 0.07853922 1
0.0465 0.0392 0.0829619 1
0.0469 0.0402 0.0843054 3
0.0529 0.0376 0.08760051 2
0.0515 0.0274 0.0765672 3
0.0428 0.0353 0.07566626 1
0.0475 0.0353 0.08020537 2
0.042 0.0272 0.0671258 1
0.0463 0.04 0.08353562 4
0.0482 0.0367 0.08221936 3
0.0512 0.0339 0.08244842 1
0.0453 0.0391 0.08171369 4
0.0445 0.0418 0.08352542 2
0.0429 0.0389 0.07921631 2
0.0445 0.0296 0.07185624 3
0.0442 0.0447 0.08601226 2
0.0476 0.0406 0.08535641 3
0.0549 0.0385 0.09037875 1
0.0513 0.0442 0.09232704 1
0.0451 0.0403 0.08266687 1
0.0492 0.0445 0.0906033 1
0.0481 0.0448 0.08983702 1
0.0405 0.0362 0.0743096 1
0.0498 0.0372 0.08423394 2
0.0435 0.037 0.07797 1
0.0416 0.0355 0.0746993 1
0.0497 0.0469 0.09336919 3
0.0495 0.0385 0.08518125 1
0.0452 0.0399 0.08239367 3
0.0452 0.0376 0.08018228 1
0.0531 0.0466 0.09632636 3
0.0481 0.0269 0.07278011 1
0.0461 0.024 0.0680627 1
0.0557 0.041 0.093512 1
0.0463 0.0377 0.08133749 1
0.0499 0.0432 0.09004131 4
0.0432 0.0401 0.08065011 2
0.044 0.0401 0.08141942 4
0.0488 0.0328 0.07908052 2
0.0478 0.0364 0.08154328 1
0.0459 0.0449 0.08782889 1
0.0531 0.0493 0.09889316 3
0.0506 0.0404 0.08804589 2
0.0498 0.0417 0.08851572 3
0.0416 0.0274 0.06692816 1
0.0511 0.0474 0.095179 2
0.0436 0.0434 0.08419376 1
0.0516 0.0469 0.09517746 1
0.0457 0.0428 0.08563199 4
0.0529 0.0485 0.09794224 3
0.0528 0.0395 0.0893057 1
0.0476 0.0311 0.07629734 1
0.047 0.042 0.08611544 3
0.046 0.0374 0.08076232 2
0.0501 0.032 0.0795791 2
0.0453 0.0382 0.08085204 1
0.0531 0.0434 0.09329096 1
0.0534 0.0455 0.09557232 4
0.0477 0.0347 0.07983779 4
0.0543 0.0415 0.09264135 1
0.0443 0.0499 0.09108263 1
0.0453 0.033 0.0758824 1
0.0468 0.0467 0.09040894 2
0.0519 0.0427 0.09147779 2
0.0414 0.0379 0.07681016 3
0.0526 0.0466 0.09584915 4
0.0423 0.0363 0.07614225 2
0.0538 0.0439 0.09443824 2
0.05 0.0386 0.08575828 3
0.0595 0.0445 0.10045906 3
0.0397 0.0331 0.07055773 1
0.0472 0.041 0.0853535 5
0.0455 0.0352 0.0781787 2
0.0439 0.0393 0.08055693 1
0.0495 0.042 0.08851461 4
0.0465 0.034 0.07799988 3
0.0569 0.0388 0.09258851 3
0.0463 0.0441 0.08744781 2
0.0474 0.0383 0.08297053 3
0.0534 0.0458 0.09585858 3
0.0493 0.0451 0.09127007 2
0.0461 0.0359 0.07943042 2
0.0444 0.0406 0.08228489 3
0.0523 0.0441 0.09319713 4
0.0506 0.0427 0.09023258 2
0.0463 0.0407 0.08420166 2
0.0493 0.0466 0.09269896 2
0.0465 0.0385 0.08229375 1
0.0493 0.0404 0.0868045 4
0.0425 0.0433 0.08304455 1
0.051 0.0447 0.092515 1
0.0468 0.0401 0.08411174 2
0.0545 0.0482 0.09917508 3
0.0485 0.0384 0.08412557 5
0.0434 0.0356 0.07653348 4
0.0542 0.0484 0.09907832 1
0.0486 0.0407 0.08641028 1
0.0531 0.0418 0.09177463 2
0.0514 0.0461 0.09422828 3
0.0545 0.0456 0.0967139 1
0.0439 0.0422 0.0833363 2
0.0537 0.0465 0.09680215 1
0.0521 0.0468 0.09556824 5
0.0489 0.0387 0.08479417 1
0.052 0.0443 0.0930917 1
0.0494 0.0392 0.08575112 1
0.0516 0.0419 0.09043046 1
0.0481 0.0382 0.08354846 3
0.0454 0.0384 0.0811396 2
0.0491 0.0424 0.08850866 1
0.0522 0.0408 0.08996324 3
0.054 0.0462 0.09680535 4
0.0522 0.0463 0.0951822 2
0.051 0.0442 0.09204018 2
0.0447 0.0321 0.07444107 2
0.0528 0.0437 0.09328814 1
0.0494 0.0388 0.08537058 2
0.0467 0.0444 0.08811786 7
0.0517 0.0476 0.09593738 1
0.0517 0.042 0.09062166 2
0.0489 0.0413 0.08727201 3
0.0478 0.0361 0.08125732 1
0.0491 0.0355 0.08194055 1
0.0529 0.0416 0.09139318 2
0.0532 0.0456 0.09547222 2
0.0459 0.041 0.08410696 4
0.0492 0.0481 0.09402978 1
0.0489 0.0446 0.09041171 2
0.0482 0.0444 0.08955164 2
0.0487 0.0406 0.08641856 2
0.0455 0.0394 0.08219126 2
0.0421 0.0358 0.07546972 1
0.05 0.0403 0.0873743 1
0.0496 0.0452 0.09165201 2
0.0486 0.0499 0.09517418 5
0.0523 0.0484 0.09726879 3
0.0453 0.0403 0.0828657 3
0.0438 0.0403 0.08141796 1
0.0461 0.0432 0.08639684 2
0.0491 0.0428 0.08888978 2
0.0489 0.0401 0.08612711 1
0.0471 0.0429 0.08706841 1
0.0524 0.0446 0.09375896 1
0.0462 0.0331 0.07684914 2
0.047 0.033 0.07752945 4
0.0504 0.0393 0.08680798 1
0.0459 0.0401 0.08324442 2
0.0533 0.0409 0.09111423 4
0.0491 0.0453 0.09126994 2
0.0503 0.0435 0.09070635 2
0.0517 0.0481 0.09641863 5
0.041 0.0362 0.0747924 2
0.0501 0.0457 0.09260535 2
0.043 0.04 0.080362 1
0.0523 0.0463 0.09527846 3
0.0565 0.0471 0.10004315 3
0.0456 0.0435 0.0862045 1
0.0501 0.0392 0.08642438 1
0.0496 0.0357 0.08261358 1
0.0511 0.0395 0.08767115 1
0.0474 0.0467 0.09097952 1
0.0482 0.0316 0.07735986 3
0.052 0.0497 0.09821909 4
0.0489 0.0433 0.08917391 2
0.0515 0.0465 0.09470291 2
0.0486 0.0395 0.0852674 1
0.0469 0.04 0.08411629 4
0.0576 0.0498 0.10363792 1
0.0472 0.0423 0.08659221 2
0.0563 0.047 0.09975902 4
0.0483 0.0406 0.08602692 1
0.046 0.0411 0.0842955 1
0.0475 0.0375 0.08230343 3
0.0449 0.043 0.0850562 1
0.046 0.0398 0.08305414 3
0.0435 0.0376 0.07854694 4
0.0562 0.0529 0.10523816 3
0.0486 0.0439 0.08946012 2
0.0554 0.0508 0.10249463 2
0.0526 0.0461 0.09537304 2
0.0477 0.0439 0.08859657 1
0.0547 0.0519 0.10286781 3
0.0495 0.0444 0.0907951 1
0.0468 0.0396 0.08363407 2
0.054 0.0452 0.0958574 1
0.0481 0.0331 0.07869096 3
0.0563 0.0511 0.10362947 1
0.0438 0.0399 0.0810352 2
0.0407 0.0325 0.07094967 2
0.0459 0.0394 0.08257597 3
0.0561 0.0534 0.10561367 3
0.051 0.0441 0.09194753 3
0.0508 0.0486 0.09602952 1
0.052 0.0472 0.09584404 2
0.0468 0.0442 0.08802486 3
0.0568 0.0534 0.10627797 3
0.0473 0.0443 0.08859521 1
0.0487 0.0417 0.08745861 1
0.0565 0.0531 0.10571961 4
0.0465 0.0398 0.08353463 2
0.0499 0.0447 0.0914635 3
0.0479 0.0425 0.08745378 2
0.05 0.0463 0.0930803 1
0.0471 0.0392 0.0835475 3
0.0558 0.0545 0.10636891 3
0.0493 0.0439 0.09012967 3
0.0496 0.0397 0.08641918 1
0.0498 0.0477 0.09423153 7
0.0532 0.0394 0.08959594 3
0.0503 0.0348 0.08243366 1
0.0499 0.0421 0.08899068 3
0.0464 0.041 0.084584 1
0.0502 0.0448 0.09184523 2
0.0492 0.0409 0.08718226 2
0.0506 0.0414 0.0889962 2
0.0545 0.0511 0.10192636 5
0.0486 0.0449 0.09041036 1
0.0455 0.0364 0.0793247 1
0.0498 0.0447 0.09136769 3
0.0548 0.037 0.08886448 2
0.0544 0.0476 0.09851486 2
0.0508 0.0414 0.08918834 3
0.0494 0.0454 0.09165104 1
0.0538 0.051 0.10116 1
0.0521 0.0477 0.09641921 4
0.0466 0.0397 0.08353528 1
0.0473 0.0435 0.08783225 1
0.0491 0.0427 0.08879423 1
0.0578 0.0487 0.10279229 3
0.0521 0.0401 0.08920207 2
0.048 0.0335 0.07897943 4
0.0541 0.0495 0.10002831 4
0.0474 0.044 0.08840747 3
0.0525 0.0347 0.08446445 1
0.0484 0.0397 0.08526809 2
0.0487 0.048 0.09346641 4
0.0509 0.0459 0.09355997 2
0.0472 0.0393 0.08373054 1
0.0485 0.0459 0.09126879 4
0.05 0.0429 0.0898469 1
0.0569 0.047 0.10032977 2
0.0568 0.0375 0.09126421 4
0.0557 0.0454 0.09767273 4
0.051 0.0443 0.09213524 2
0.0542 0.0394 0.09055737 2
0.0581 0.0398 0.09469449 4
0.0469 0.0445 0.08840335 1
0.051 0.044 0.09185 1
0.0487 0.0388 0.08469694 1
0.0512 0.0454 0.09337112 1
0.0488 0.0432 0.08898284 1
0.0489 0.0445 0.09031728 3
0.0512 0.0401 0.08833781 2
0.048 0.0436 0.08860068 3
0.0459 0.0385 0.08171625 1
0.0474 0.0468 0.09107782 3
0.0507 0.0463 0.09374946 2
0.0521 0.0476 0.09631874 1
0.0557 0.0467 0.09890021 1
0.0554 0.0483 0.10012688 1
0.0449 0.0437 0.08572547 1
0.0471 0.0323 0.07695804 3
0.0519 0.0503 0.09869353 5
0.0555 0.0458 0.09786061 2
0.0503 0.0482 0.09517448 2
0.0527 0.0445 0.09395105 1
0.0509 0.0452 0.09289606 3
0.0515 0.0463 0.09451235 1
0.0512 0.0412 0.08938196 1
0.053 0.0429 0.0927212 1
0.0502 0.0461 0.09308108 1
0.0488 0.0416 0.08745932 1
0.0479 0.046 0.0907895 1
0.0511 0.0433 0.09128141 2
0.0469 0.0343 0.07867299 3
0.0562 0.0524 0.10476272 1
0.0546 0.0476 0.09870224 1
0.051 0.0422 0.09014273 2
0.0478 0.0464 0.09107786 4
0.0532 0.0439 0.09386062 1
0.0457 0.0424 0.08524964 3
0.0579 0.0399 0.09458659 1
0.0524 0.0366 0.0861709 2
0.0459 0.0443 0.08726054 4
0.0455 0.0363 0.07923095 2
0.0487 0.0335 0.07964975 1
0.0496 0.0319 0.07899846 2
0.0517 0.0402 0.08891897 3
0.0526 0.0409 0.09044477 3
0.0462 0.0366 0.08019088 1
0.0476 0.0463 0.09079058 4
0.0434 0.0421 0.08275757 2
0.0536 0.0499 0.0999291 3
0.0565 0.0443 0.09739685 1
0.0521 0.0465 0.09527495 1
0.0586 0.0518 0.10647464 2
0.0507 0.0389 0.08671637 1
0.053 0.0412 0.0911096 1
0.0546 0.0446 0.09586304 1
0.0513 0.0442 0.09232803 2
0.0506 0.0447 0.09213248 1
0.0574 0.0554 0.10873184 1
0.05 0.037 0.0842372 2
0.0519 0.0463 0.09489497 3
0.0574 0.055 0.10835512 2
0.0492 0.0468 0.09279244 1
0.0494 0.0458 0.09203476 2
0.0496 0.0337 0.08071078 1
0.0487 0.0453 0.09088873 3
0.0507 0.0351 0.08310703 3
0.0503 0.0427 0.08994419 1
0.0544 0.0463 0.09728194 2
0.0491 0.0447 0.09069803 1
0.0527 0.0428 0.09234067 5
0.0503 0.0394 0.08680971 4
0.0524 0.0406 0.08996559 3
0.047 0.044 0.088022 1
0.0575 0.046 0.09996146 3
0.0461 0.0438 0.08696972 1
0.0574 0.0494 0.10307024 1
0.0559 0.0488 0.10107578 1
0.0488 0.0426 0.0884128 3
0.0508 0.0398 0.08767073 2
0.0566 0.0442 0.09740596 5
0.057 0.0506 0.10382244 2
0.0443 0.0331 0.07501013 2
0.0587 0.0493 0.10421309 1
0.0489 0.0431 0.08898341 1
0.0571 0.0481 0.10155769 1
0.0576 0.0404 0.09476996 1
0.0529 0.0339 0.08409296 4
0.0488 0.0394 0.08536448 1
0.0456 0.0364 0.07942116 1
0.0488 0.0414 0.08726888 1
0.0544 0.0494 0.10021544 1
0.0509 0.0449 0.09261249 4
0.0492 0.045 0.09107985 3
0.0482 0.0466 0.09164768 1
0.0525 0.04 0.08949334 5
0.0507 0.0453 0.09279829 1
0.0521 0.0467 0.09546515 3
0.053 0.0489 0.09841133 3
0.0542 0.0466 0.09737452 3
0.0468 0.0345 0.0787657 1
0.0544 0.0483 0.09917418 1
0.0534 0.0495 0.09935884 2
0.0526 0.0446 0.09395176 2
0.0514 0.0436 0.0918537 3
0.0549 0.0524 0.10353054 2
0.0499 0.0477 0.09431768 3
0.047 0.0438 0.087834 2
0.0558 0.042 0.09455371 2
0.0535 0.0442 0.094432 1
0.0497 0.0424 0.08908382 1
0.0534 0.0472 0.09717912 1
0.0501 0.0469 0.09374633 2
0.0494 0.045 0.0912704 1
0.0493 0.0448 0.09098446 1
0.0475 0.0422 0.08678605 2
0.052 0.0385 0.0875875 1
0.0486 0.0311 0.07726796 2
0.0499 0.0425 0.08937065 1
0.0556 0.0529 0.10466626 1
0.0551 0.051 0.1023951 2
0.0546 0.0479 0.09898616 1
0.0526 0.0421 0.09157924 1
0.0496 0.0479 0.09422126 3
0.051 0.0387 0.086815 1
0.0449 0.043 0.08505765 3
0.0578 0.0443 0.09864188 2
0.0533 0.0466 0.09651516 2
0.05 0.0456 0.09241767 7
0.0553 0.0509 0.10249043 1
0.0566 0.0504 0.10326256 4
0.0521 0.048 0.0966983 1
0.0522 0.0375 0.08683158 5
0.0559 0.0475 0.09984752 2
0.0571 0.0469 0.10042501 1
0.0442 0.0423 0.08371588 2
0.0465 0.0421 0.0857322 4
0.0468 0.0444 0.0882124 2
0.054 0.0356 0.08676622 2
0.0488 0.0432 0.08898284 1
0.0515 0.0475 0.09565175 1
0.0497 0.0491 0.09545877 4
0.047 0.0428 0.0868772 1
0.0592 0.0512 0.10647836 1
0.0517 0.0457 0.09413391 2
0.0452 0.0337 0.07645466 1
0.0521 0.0515 0.10001964 3
0.0573 0.0511 0.10458085 4
0.0531 0.0496 0.09916794 1
0.0493 0.0478 0.09384199 3
0.0483 0.0494 0.09441068 1
0.0476 0.0454 0.08993116 2
0.0567 0.0497 0.10268912 2
0.0527 0.0462 0.09556529 6
0.0551 0.0507 0.10211123 1
0.0516 0.0497 0.09783629 2
0.047 0.0462 0.09012098 2
0.0573 0.053 0.10637624 2
0.0609 0.0579 0.11439169 1
0.0529 0.0528 0.10201158 1
0.0587 0.055 0.1095842 1
0.0574 0.0466 0.10042931 3
0.054 0.0493 0.0997412 2
0.0517 0.0394 0.08815324 2
0.0486 0.0444 0.0899344 2
0.0528 0.0487 0.09802919 2
0.0539 0.0513 0.10154105 2
0.0499 0.0489 0.09545953 3
0.0581 0.0494 0.10374205 3
0.0537 0.0451 0.09547632 5
0.0536 0.0499 0.09992877 2
0.0505 0.0507 0.09774048 2
0.0569 0.0477 0.10099065 3
0.0551 0.0486 0.10012484 1
0.0552 0.0394 0.0915189 2
0.05 0.0455 0.09232006 2
0.052 0.0465 0.09518112 4
0.0433 0.0404 0.08103338 1
0.0533 0.0412 0.09139966 3
0.0501 0.0288 0.07653546 3
0.0537 0.0434 0.09386561 2
0.0543 0.0542 0.10466578 3
0.0488 0.0449 0.09060185 2
0.0583 0.0563 0.11043131 1
0.0535 0.0502 0.100117 1
0.0464 0.0386 0.08229296 1
0.0559 0.0498 0.10202233 5
0.0513 0.0443 0.0924271 5
0.053 0.0395 0.08949832 4
0.0517 0.0442 0.09270976 1
0.0563 0.051 0.10353532 4
0.0544 0.0501 0.10087884 2
0.0543 0.0472 0.09803754 1
0.0502 0.0453 0.09232059 2
0.0524 0.0433 0.09252578 1
0.049 0.0337 0.08013131 2
0.0471 0.042 0.08621071 3
0.0562 0.0374 0.09059072 1
0.0597 0.0519 0.10761232 2
0.0497 0.0462 0.09270335 2
0.0539 0.0468 0.09727718 1
0.0519 0.0481 0.09660293 2
0.0601 0.0458 0.1022526 2
0.049 0.0463 0.09212562 2
0.0584 0.0476 0.10232696 4
0.0511 0.0464 0.09422546 1
0.0526 0.0503 0.09935612 1
0.0584 0.0576 0.11176453 5
0.048 0.0425 0.0875499 2
0.0551 0.0466 0.09823412 2
0.0543 0.0521 0.10267637 1
0.0526 0.0494 0.09850337 2
0.0539 0.0454 0.09595223 5
0.0507 0.0403 0.08804679 1
0.0569 0.057 0.1097696 1
0.0543 0.0529 0.10343883 3
0.054 0.0486 0.09907796 2
0.0484 0.0427 0.08812342 1
0.0539 0.0408 0.09159688 2
0.0553 0.0469 0.09870785 2
0.0541 0.0474 0.09803706 2
0.0537 0.0497 0.09983888 3
0.0515 0.0437 0.09204365 1
0.0528 0.0395 0.0893057 1
0.0474 0.05 0.0941264 1
0.054 0.0491 0.09955721 3
0.0539 0.0382 0.08913228 2
0.0579 0.0528 0.10675258 1
0.0488 0.0433 0.08907869 2
0.0529 0.046 0.0955645 1
0.056 0.0547 0.1067465 1
0.0555 0.0496 0.1014513 1
0.0544 0.0471 0.0980397 2
0.0571 0.0505 0.10382305 1
0.0536 0.0284 0.07955916 2
0.0495 0.0466 0.09288969 3
0.0525 0.0494 0.09840971 4
0.0516 0.0479 0.09612686 1
0.0538 0.0448 0.09528791 3
0.0522 0.0541 0.10258146 2
0.0593 0.0523 0.10760925 2
0.0548 0.0428 0.09435373 3
0.0506 0.0454 0.09279797 3
0.0572 0.051 0.10439064 2
0.0553 0.0375 0.08981805 1
0.0551 0.0456 0.09729323 3
0.051 0.046 0.09375144 4
0.054 0.0462 0.0968044 1
0.0554 0.0478 0.09965408 1
0.0514 0.0498 0.09774048 1
0.0588 0.0362 0.09196568 2
0.055 0.0513 0.10258454 3
0.0529 0.0508 0.10011538 1
0.0465 0.0406 0.08429824 2
0.0545 0.0448 0.09595937 3
0.0575 0.049 0.102788 1
0.057 0.054 0.107032 1
0.0542 0.0495 0.10012024 2
0.0465 0.0399 0.08363013 2
0.0529 0.0431 0.09282271 2
0.0552 0.0505 0.1020171 1
0.0462 0.0356 0.07923608 1
0.0531 0.0449 0.09471681 5
0.0538 0.0444 0.09490875 2
0.0539 0.0473 0.09775073 1
0.0528 0.0453 0.09480526 1
0.0536 0.0499 0.09992786 1
0.0529 0.0365 0.08656313 2
0.0572 0.0512 0.1045818 2
0.0516 0.0435 0.09195041 4
0.0525 0.0374 0.08703014 3
0.0544 0.0409 0.09217897 4
0.0508 0.0411 0.08891277 4
0.0523 0.0479 0.09679403 1
0.059 0.0435 0.099035 1
0.0514 0.0469 0.09498664 1
0.0534 0.048 0.09793736 2
0.0575 0.0267 0.08174808 2
0.0542 0.052 0.1024868 1
0.0505 0.0399 0.08747445 1
0.0522 0.0479 0.09669926 2
0.0567 0.0518 0.1046757 6
0.0459 0.0409 0.08400849 1
0.0526 0.0397 0.08930308 1
0.0591 0.0539 0.10892672 2
0.0508 0.0402 0.08804826 2
0.0596 0.056 0.111377 1
0.0492 0.0504 0.09621892 1
0.0494 0.0464 0.09260381 4
0.0523 0.0491 0.09793282 2
0.0566 0.0449 0.09805916 1
0.0522 0.0499 0.09859632 1
0.0581 0.0574 0.11127956 1
0.0527 0.0392 0.08892551 2
0.0555 0.0419 0.09417249 3
0.0554 0.0454 0.09738489 2
0.0512 0.0431 0.09118658 1
0.053 0.0487 0.09821967 2
0.0611 0.0598 0.11637436 4
0.0514 0.0447 0.09291105 3
0.0492 0.0432 0.08936645 3
0.054 0.045 0.095668 1
0.0503 0.0478 0.09479498 2
0.0515 0.0473 0.09546185 1
0.0561 0.0508 0.10315682 2
0.0516 0.0504 0.09850477 4
0.0536 0.0515 0.1014437 1
0.0529 0.0468 0.09632364 2
0.0586 0.0446 0.09968906 2
0.0516 0.049 0.09717182 5
0.0515 0.0471 0.09527223 2
0.0544 0.0517 0.10239383 3
0.0587 0.0432 0.0984669 3
0.0483 0.0465 0.09165019 4
0.059 0.051 0.10610283 3
0.0544 0.0542 0.10476673 6
0.059 0.0531 0.1080802 2
0.0509 0.047 0.09460795 2
0.0515 0.0436 0.09194918 2
0.0582 0.0484 0.10289121 5
0.0566 0.0522 0.10495384 2
0.0509 0.0472 0.09479506 3
0.0516 0.0373 0.08606325 2
0.0455 0.0439 0.08649124 2
0.0549 0.0469 0.09832599 1
0.0476 0.0454 0.08993096 1
0.0509 0.0428 0.09061418 1
0.0554 0.0391 0.0914304 3
0.0543 0.0469 0.09775551 3
0.0561 0.0465 0.09909839 2
0.0622 0.0616 0.11909464 3
0.0552 0.0465 0.09823573 3
0.0597 0.0478 0.10375284 1
0.0655 0.0529 0.11405245 1
0.0556 0.0438 0.09606312 1
0.059 0.0554 0.1102448 1
0.0563 0.0552 0.10750643 3
0.0572 0.0457 0.09939029 4
0.0459 0.0411 0.08419951 1
0.0564 0.0455 0.0984347 1
0.0581 0.054 0.1080737 1
0.0566 0.0526 0.10534107 2
0.0554 0.0477 0.09956063 2
0.0599 0.0551 0.11081381 2
0.0513 0.0474 0.09536811 3
0.0493 0.0442 0.09041364 2
0.049 0.0463 0.09212601 3
0.0585 0.0566 0.11090582 4
0.0532 0.0469 0.09670474 2
0.0559 0.0496 0.10183276 2
0.0514 0.0464 0.09451186 2
0.0585 0.0463 0.10119721 3
0.0486 0.0449 0.09041036 1
0.0534 0.0497 0.09954812 1
0.051 0.0482 0.09584 1
0.057 0.0508 0.1040112 1
0.0529 0.0482 0.09765087 2
0.0542 0.0457 0.09652446 3
0.0568 0.0511 0.10410442 1
0.0524 0.0481 0.09707938 2
0.053 0.049 0.09850405 2
0.0507 0.0468 0.09422374 1
0.0511 0.0411 0.08919099 1
0.0521 0.0474 0.09613184 3
0.0579 0.0433 0.09779313 1
0.0528 0.0472 0.09661365 3
0.0541 0.0475 0.09813164 3
0.0528 0.0495 0.09878815 2
0.0575 0.0586 0.1118481 2
0.0483 0.0389 0.08440777 2
0.0533 0.0429 0.09301113 4
0.0572 0.0475 0.10108856 3
0.0511 0.0474 0.09517596 3
0.0614 0.0539 0.11110484 1
0.05 0.0403 0.0873743 1
0.057 0.0487 0.1020288 1
0.0537 0.0503 0.10040532 2
0.0543 0.0503 0.10097568 4
0.0582 0.052 0.10628348 4
0.0548 0.0492 0.10040775 3
0.0582 0.0522 0.10647136 1
0.0562 0.0517 0.10410409 4
0.0543 0.0438 0.09482338 7
0.0541 0.0482 0.09880443 2
0.0619 0.0526 0.1103614 3
0.058 0.0497 0.10392716 2
0.0598 0.0555 0.11109652 3
0.0538 0.0502 0.10040408 4
0.049 0.0392 0.0853668 2
0.0529 0.0423 0.09205653 1
0.0609 0.0572 0.11373377 2
0.0551 0.0419 0.09378731 1
0.0563 0.0528 0.10523546 1
0.0477 0.043 0.08773871 2
0.0537 0.0367 0.08751861 1
0.0585 0.0473 0.10213799 2
0.0534 0.0468 0.09680008 1
0.0576 0.055 0.10855159 3
0.0561 0.0479 0.10042065 2
0.057 0.0498 0.1030672 1
0.0488 0.0407 0.08660461 6
0.0515 0.0418 0.0902396 1
0.0635 0.0529 0.11215873 2
0.0544 0.0434 0.09453584 1
0.0494 0.0455 0.0917462 1
0.0515 0.0356 0.08435438 2
0.0543 0.0489 0.09964873 2
0.0571 0.0481 0.10155769 1
0.0529 0.0536 0.10277554 3
0.0565 0.0413 0.09456335 1
0.057 0.0489 0.10221772 2
0.0512 0.0466 0.09451088 1
0.0547 0.0426 0.09406608 1
0.0549 0.0407 0.09246121 4
0.0556 0.0531 0.10485603 2
0.0571 0.0508 0.1041082 5
0.0558 0.0459 0.09824113 4
0.053 0.0488 0.0983144 1
0.0561 0.0501 0.10249459 1
0.0632 0.0472 0.10652636 1
0.0497 0.0472 0.09365042 3
0.0543 0.0406 0.09178932 1
0.0526 0.0463 0.0955662 4
0.0496 0.0437 0.09022726 3
0.0573 0.0518 0.10523996 1
0.0476 0.0398 0.08459234 2
0.0521 0.0434 0.0923357 2
0.0543 0.0427 0.09377739 1
0.0573 0.0416 0.09561656 2
0.0572 0.053 0.1062776 1
0.0567 0.0478 0.10089614 3
0.0531 0.0439 0.09376491 1
0.057 0.0386 0.09249449 2
0.067 0.0582 0.1204248 1
0.0561 0.0446 0.09729775 2
0.0525 0.0411 0.09053555 3
0.0591 0.0539 0.10892792 3
0.0564 0.0545 0.10693918 2
0.0505 0.0309 0.07891995 1
0.0558 0.0526 0.10458215 4
0.0548 0.0481 0.09936631 3
0.0543 0.0443 0.09529211 1
0.0574 0.0497 0.10335412 3
0.063 0.0479 0.1069922 1
0.0504 0.0474 0.09450799 2
0.0518 0.0455 0.0940397 2
0.0518 0.043 0.09166784 2
0.0538 0.0474 0.09775224 2
0.0589 0.0447 0.10006977 1
0.0546 0.0489 0.09993371 2
0.0579 0.0475 0.10175415 1
0.0637 0.059 0.1180642 2
0.0513 0.0431 0.09128238 2