0.9522 +- -1.00 (1)
0.9760 +- -1.00 (1)
0.9399 +- -1.00 (1)
0.9280 +- -1.00 (1)
0.9513 +- -1.00 (1)
0.9628 +- -1.00 (1)
0.9618 +- -1.00 (1)
0.9776 +- -1.00 (1)
0.9383 +- -1.00 (1)
0.9518 +- -1.00 (1)
0.9349 +- -1.00 (1)
0.9493 +- -1.00 (1)
0.9780 +- -1.00 (1)
0.9666 +- -1.00 (1)
0.9701 +- -1.00 (1)
0.9630 +- -1.00 (1)
0.9797 +- -1.00 (1)
0.9139 +- -1.00 (1)
0.9574 +- -1.00 (1)
0.9472 +- -1.00 (1)
0.9644 +- -1.00 (1)
0.9589 +- -1.00 (1)
0.9645 +- -1.00 (1)
0.9601 +- -1.00 (1)
0.9632 +- -1.00 (1)
0.9716 +- -1.00 (1)
0.9666 +- -1.00 (1)
0.9644 +- -1.00 (1)
0.9584 +- -1.00 (1)
0.9717 +- -1.00 (1)
0.9640 +- -1.00 (1)
0.9567 +- -1.00 (1)
0.9748 +- -1.00 (1)
0.9661 +- -1.00 (1)
0.9768 +- -1.00 (1)
0.9669 +- -1.00 (1)
0.9779 +- -1.00 (1)
0.9527 +- -1.00 (1)
0.9603 +- -1.00 (1)
0.9616 +- -1.00 (1)
0.9622 +- -1.00 (1)
0.9728 +- -1.00 (1)
0.9588 +- -1.00 (1)
0.9690 +- -1.00 (1)
0.9687 +- -1.00 (1)
0.9685 +- -1.00 (1)
0.9689 +- -1.00 (1)
0.9639 +- -1.00 (1)
0.9649 +- -1.00 (1)
0.9633 +- -1.00 (1)
0.9613 +- -1.00 (1)
0.9574 +- -1.00 (1)
0.9760 +- -1.00 (1)
0.9683 +- -1.00 (1)
0.9637 +- -1.00 (1)
0.9648 +- -1.00 (1)
0.9528 +- -1.00 (1)
0.9528 +- -1.00 (1)
0.9767 +- -1.00 (1)
0.9689 +- -1.00 (1)
0.9642 +- -1.00 (1)
0.9685 +- -1.00 (1)
0.9632 +- -1.00 (1)
0.9692 +- -1.00 (1)
0.9683 +- -1.00 (1)
0.9642 +- -1.00 (1)
0.9688 +- -1.00 (1)
0.9583 +- -1.00 (1)
0.9662 +- -1.00 (1)
0.9625 +- -1.00 (1)
0.9592 +- -1.00 (1)
0.9631 +- -1.00 (1)
0.9736 +- -1.00 (1)
0.9692 +- -1.00 (1)
0.9697 +- -1.00 (1)
0.9676 +- -1.00 (1)
0.9637 +- -1.00 (1)
0.9507 +- -1.00 (1)
0.9696 +- -1.00 (1)
0.9712 +- -1.00 (1)
0.9584 +- -1.00 (1)
0.9637 +- -1.00 (1)
0.9608 +- -1.00 (1)
0.9643 +- -1.00 (1)
0.9671 +- -1.00 (1)
0.9606 +- -1.00 (1)
0.9655 +- -1.00 (1)
0.9558 +- -1.00 (1)
0.9657 +- -1.00 (1)
0.9642 +- -1.00 (1)
0.9619 +- -1.00 (1)
0.9606 +- -1.00 (1)
0.9722 +- -1.00 (1)
0.9653 +- -1.00 (1)
0.9665 +- -1.00 (1)
0.9635 +- -1.00 (1)
0.9645 +- -1.00 (1)
0.9603 +- -1.00 (1)
0.9670 +- -1.00 (1)
0.9702 +- -1.00 (1)
0.9656 +- -1.00 (1)
0.9720 +- -1.00 (1)
0.9646 +- -1.00 (1)
0.9719 +- -1.00 (1)
0.9641 +- -1.00 (1)
0.9615 +- -1.00 (1)
0.9625 +- -1.00 (1)
0.9634 +- -1.00 (1)
0.9617 +- -1.00 (1)
0.9664 +- -1.00 (1)
0.9656 +- -1.00 (1)
0.9602 +- -1.00 (1)
0.9690 +- -1.00 (1)
0.9693 +- -1.00 (1)
0.9668 +- -1.00 (1)
0.9618 +- -1.00 (1)
0.9643 +- -1.00 (1)
0.9532 +- -1.00 (1)
0.9610 +- -1.00 (1)
0.9656 +- -1.00 (1)
0.9622 +- -1.00 (1)
0.9591 +- -1.00 (1)
0.9597 +- -1.00 (1)
0.9682 +- -1.00 (1)
0.9600 +- -1.00 (1)
0.9639 +- -1.00 (1)
0.9631 +- -1.00 (1)
0.9626 +- -1.00 (1)
0.9572 +- -1.00 (1)
0.9644 +- -1.00 (1)
0.9635 +- -1.00 (1)
0.9588 +- -1.00 (1)
0.9612 +- -1.00 (1)
0.9683 +- -1.00 (1)
0.9641 +- -1.00 (1)
0.9622 +- -1.00 (1)
0.9631 +- -1.00 (1)
0.9557 +- -1.00 (1)
0.9603 +- -1.00 (1)
0.9641 +- -1.00 (1)
0.9549 +- -1.00 (1)
0.9605 +- -1.00 (1)
0.9468 +- -1.00 (1)
0.9555 +- -1.00 (1)
0.9554 +- -1.00 (1)
0.9542 +- -1.00 (1)
0.9486 +- -1.00 (1)
0.9489 +- -1.00 (1)
0.9490 +- -1.00 (1)
0.9550 +- -1.00 (1)
0.9540 +- -1.00 (1)
0.9571 +- -1.00 (1)
0.9559 +- -1.00 (1)
0.9526 +- -1.00 (1)
0.9567 +- -1.00 (1)
0.9599 +- -1.00 (1)
0.9598 +- -1.00 (1)
0.9608 +- -1.00 (1)
0.9540 +- -1.00 (1)
0.9558 +- -1.00 (1)
0.9525 +- -1.00 (1)
0.9595 +- -1.00 (1)
0.9572 +- -1.00 (1)
0.9585 +- -1.00 (1)
0.9562 +- -1.00 (1)
0.9570 +- -1.00 (1)
0.9594 +- -1.00 (1)
0.9482 +- -1.00 (1)
0.9467 +- -1.00 (1)
0.9515 +- -1.00 (1)
0.9605 +- -1.00 (1)
0.9514 +- -1.00 (1)
0.9564 +- -1.00 (1)
0.9517 +- -1.00 (1)
0.9549 +- -1.00 (1)
0.9603 +- -1.00 (1)
0.9562 +- -1.00 (1)
0.9606 +- -1.00 (1)
0.9497 +- -1.00 (1)
0.9526 +- -1.00 (1)
0.9542 +- -1.00 (1)
0.9502 +- -1.00 (1)
0.9497 +- -1.00 (1)
0.9529 +- -1.00 (1)
0.9530 +- -1.00 (1)
0.9462 +- -1.00 (1)
0.9549 +- -1.00 (1)
0.9561 +- -1.00 (1)
0.9531 +- -1.00 (1)
0.9505 +- -1.00 (1)
0.9488 +- -1.00 (1)
0.9541 +- -1.00 (1)
0.9488 +- -1.00 (1)
0.9522 +- -1.00 (1)
0.9521 +- -1.00 (1)
0.9534 +- -1.00 (1)
0.9514 +- -1.00 (1)
0.9491 +- -1.00 (1)
0.9544 +- -1.00 (1)
0.9539 +- -1.00 (1)
0.9511 +- -1.00 (1)
0.9505 +- -1.00 (1)
0.9476 +- -1.00 (1)
0.9551 +- -1.00 (1)
0.9556 +- -1.00 (1)
0.9467 +- -1.00 (1)
0.9524 +- -1.00 (1)
0.9542 +- -1.00 (1)
0.9494 +- -1.00 (1)
0.9486 +- -1.00 (1)
0.9528 +- -1.00 (1)
0.9530 +- -1.00 (1)
0.9463 +- -1.00 (1)
0.9532 +- -1.00 (1)
0.9481 +- -1.00 (1)
0.9512 +- -1.00 (1)
0.9491 +- -1.00 (1)
0.9507 +- -1.00 (1)
0.9534 +- -1.00 (1)
0.9559 +- -1.00 (1)
0.9492 +- -1.00 (1)
0.9529 +- -1.00 (1)
0.9462 +- -1.00 (1)
0.9516 +- -1.00 (1)
0.9526 +- -1.00 (1)
0.9478 +- -1.00 (1)
0.9468 +- -1.00 (1)
0.9488 +- -1.00 (1)
0.9509 +- -1.00 (1)
0.9503 +- -1.00 (1)
0.9559 +- -1.00 (1)
0.9501 +- -1.00 (1)
0.9551 +- -1.00 (1)
0.9517 +- -1.00 (1)
0.9503 +- -1.00 (1)
0.9468 +- -1.00 (1)
0.9506 +- -1.00 (1)
0.9526 +- -1.00 (1)
0.9496 +- -1.00 (1)
0.9483 +- -1.00 (1)
0.9446 +- -1.00 (1)
0.9485 +- -1.00 (1)
0.9501 +- -1.00 (1)
0.9439 +- -1.00 (1)
0.9448 +- -1.00 (1)
0.9357 +- -1.00 (1)
0.9438 +- -1.00 (1)
0.9457 +- -1.00 (1)
0.9444 +- -1.00 (1)
0.9512 +- -1.00 (1)
0.9486 +- -1.00 (1)
0.9468 +- -1.00 (1)
0.9541 +- -1.00 (1)
0.9496 +- -1.00 (1)
0.9561 +- -1.00 (1)
0.9475 +- -1.00 (1)
0.9471 +- -1.00 (1)
0.9504 +- -1.00 (1)
0.9540 +- -1.00 (1)
0.9469 +- -1.00 (1)
0.9475 +- -1.00 (1)
0.9461 +- -1.00 (1)
0.9452 +- -1.00 (1)
0.9517 +- -1.00 (1)
0.9471 +- -1.00 (1)
0.9384 +- -1.00 (1)
0.9456 +- -1.00 (1)
0.9458 +- -1.00 (1)
0.9528 +- -1.00 (1)
0.9506 +- -1.00 (1)
0.9475 +- -1.00 (1)
0.9508 +- -1.00 (1)
0.9543 +- -1.00 (1)
0.9483 +- -1.00 (1)
0.9474 +- -1.00 (1)
0.9460 +- -1.00 (1)
0.9500 +- -1.00 (1)
0.9463 +- -1.00 (1)
0.9466 +- -1.00 (1)
0.9464 +- -1.00 (1)
0.9533 +- -1.00 (1)
0.9538 +- -1.00 (1)
0.9460 +- -1.00 (1)
0.9508 +- -1.00 (1)
0.9466 +- -1.00 (1)
0.9460 +- -1.00 (1)
0.9500 +- -1.00 (1)
0.9313 +- -1.00 (1)
0.9514 +- -1.00 (1)
0.9423 +- -1.00 (1)
0.9444 +- -1.00 (1)
0.9473 +- -1.00 (1)
0.9509 +- -1.00 (1)
0.9499 +- -1.00 (1)
0.9420 +- -1.00 (1)
0.9435 +- -1.00 (1)
0.9512 +- -1.00 (1)
0.9447 +- -1.00 (1)
0.9499 +- -1.00 (1)
0.9448 +- -1.00 (1)
