0.2980 +- -1.00 (1)
2.9147 +- -1.00 (1)
3.6636 +- -1.00 (1)
0.8341 +- -1.00 (1)
3.2851 +- -1.00 (1)
1.7385 +- -1.00 (1)
2.6522 +- -1.00 (1)
3.2110 +- -1.00 (1)
1.0129 +- -1.00 (1)
1.3052 +- -1.00 (1)
2.2460 +- -1.00 (1)
5.7913 +- -1.00 (1)
8.3462 +- -1.00 (1)
4.0718 +- -1.00 (1)
2.2304 +- -1.00 (1)
3.1325 +- -1.00 (1)
2.0375 +- -1.00 (1)
2.2844 +- -1.00 (1)
3.3741 +- -1.00 (1)
5.9614 +- -1.00 (1)
6.5212 +- -1.00 (1)
5.8718 +- -1.00 (1)
7.3053 +- -1.00 (1)
1.5674 +- -1.00 (1)
nan +- -1.00 (0)
10.3564 +- -1.00 (1)
5.3580 +- -1.00 (1)
3.5152 +- -1.00 (1)
9.5636 +- -1.00 (1)
nan +- -1.00 (0)
4.0538 +- -1.00 (1)
4.5800 +- -1.00 (1)
10.7374 +- -1.00 (1)
nan +- -1.00 (0)
15.2130 +- -1.00 (1)
8.3273 +- -1.00 (1)
5.5440 +- -1.00 (1)
9.3307 +- -1.00 (1)
13.3922 +- -1.00 (1)
0.7067 +- -1.00 (1)
10.7707 +- -1.00 (1)
2.5741 +- -1.00 (1)
3.4264 +- -1.00 (1)
2.1408 +- -1.00 (1)
2.4907 +- -1.00 (1)
0.5233 +- -1.00 (1)
1.2236 +- -1.00 (1)
3.3812 +- -1.00 (1)
3.6147 +- -1.00 (1)
4.9632 +- -1.00 (1)
4.8437 +- -1.00 (1)
4.5591 +- -1.00 (1)
5.8373 +- -1.00 (1)
5.1519 +- -1.00 (1)
6.6195 +- -1.00 (1)
6.9404 +- -1.00 (1)
2.5815 +- -1.00 (1)
9.5561 +- -1.00 (1)
11.7007 +- -1.00 (1)
5.2385 +- -1.00 (1)
10.2839 +- -1.00 (1)
9.0838 +- -1.00 (1)
5.4633 +- -1.00 (1)
2.8917 +- -1.00 (1)
10.3998 +- -1.00 (1)
8.2652 +- -1.00 (1)
5.8106 +- -1.00 (1)
8.5979 +- -1.00 (1)
12.4465 +- -1.00 (1)
8.9890 +- -1.00 (1)
12.2869 +- -1.00 (1)
9.6419 +- -1.00 (1)
9.1720 +- -1.00 (1)
7.2804 +- -1.00 (1)
7.5794 +- -1.00 (1)
7.3535 +- -1.00 (1)
nan +- -1.00 (0)
11.5324 +- -1.00 (1)
2.0163 +- -1.00 (1)
9.5676 +- -1.00 (1)
2.4526 +- -1.00 (1)
0.2501 +- -1.00 (1)
nan +- -1.00 (0)
2.8872 +- -1.00 (1)
2.5019 +- -1.00 (1)
2.9557 +- -1.00 (1)
nan +- -1.00 (0)
2.9494 +- -1.00 (1)
0.5742 +- -1.00 (1)
0.9261 +- -1.00 (1)
6.9336 +- -1.00 (1)
6.8634 +- -1.00 (1)
2.4663 +- -1.00 (1)
nan +- -1.00 (0)
nan +- -1.00 (0)
5.4151 +- -1.00 (1)
5.7108 +- -1.00 (1)
2.8671 +- -1.00 (1)
0.8739 +- -1.00 (1)
6.1464 +- -1.00 (1)
1.9644 +- -1.00 (1)
5.3004 +- -1.00 (1)
6.3573 +- -1.00 (1)
0.0000 +- -1.00 (1)
4.5956 +- -1.00 (1)
2.7744 +- -1.00 (1)
13.0680 +- -1.00 (1)
11.1830 +- -1.00 (1)
1.4330 +- -1.00 (1)
3.1205 +- -1.00 (1)
11.5255 +- -1.00 (1)
3.3169 +- -1.00 (1)
12.5105 +- -1.00 (1)
4.9856 +- -1.00 (1)
11.6221 +- -1.00 (1)
10.5166 +- -1.00 (1)
5.4400 +- -1.00 (1)
15.3338 +- -1.00 (1)
13.3223 +- -1.00 (1)
9.0659 +- -1.00 (1)
2.6818 +- -1.00 (1)
2.8299 +- -1.00 (1)
0.0094 +- -1.00 (1)
0.0119 +- -1.00 (1)
0.0128 +- -1.00 (1)
2.8007 +- -1.00 (1)
0.0118 +- -1.00 (1)
nan +- -1.00 (0)
0.0250 +- -1.00 (1)
0.1012 +- -1.00 (1)
3.6194 +- -1.00 (1)
5.5688 +- -1.00 (1)
0.0881 +- -1.00 (1)
nan +- -1.00 (0)
0.0232 +- -1.00 (1)
0.0233 +- -1.00 (1)
0.0207 +- -1.00 (1)
0.0207 +- -1.00 (1)
0.0208 +- -1.00 (1)
nan +- -1.00 (0)
0.0352 +- -1.00 (1)
0.0352 +- -1.00 (1)
7.7699 +- -1.00 (1)
1.6315 +- -1.00 (1)
8.3203 +- -1.00 (1)
5.4425 +- -1.00 (1)
0.0865 +- -1.00 (1)
8.2918 +- -1.00 (1)
nan +- -1.00 (0)
0.0367 +- -1.00 (1)
9.9459 +- -1.00 (1)
8.5131 +- -1.00 (1)
0.0650 +- -1.00 (1)
0.0608 +- -1.00 (1)
0.0479 +- -1.00 (1)
nan +- -1.00 (0)
0.0482 +- -1.00 (1)
1.5336 +- -1.00 (1)
0.0538 +- -1.00 (1)
0.0636 +- -1.00 (1)
1.5056 +- -1.00 (1)
nan +- -1.00 (0)
2.2356 +- -1.00 (1)
0.0113 +- -1.00 (1)
0.9989 +- -1.00 (1)
0.3641 +- -1.00 (1)
2.3850 +- -1.00 (1)
2.7490 +- -1.00 (1)
1.9680 +- -1.00 (1)
0.4913 +- -1.00 (1)
0.8710 +- -1.00 (1)
0.0516 +- -1.00 (1)
1.1256 +- -1.00 (1)
8.8072 +- -1.00 (1)
4.1149 +- -1.00 (1)
5.0249 +- -1.00 (1)
7.1358 +- -1.00 (1)
0.8033 +- -1.00 (1)
2.2423 +- -1.00 (1)
3.6862 +- -1.00 (1)
3.0677 +- -1.00 (1)
nan +- -1.00 (0)
1.9120 +- -1.00 (1)
4.6577 +- -1.00 (1)
1.7896 +- -1.00 (1)
10.4757 +- -1.00 (1)
1.4386 +- -1.00 (1)
1.2898 +- -1.00 (1)
0.1861 +- -1.00 (1)
nan +- -1.00 (0)
0.0236 +- -1.00 (1)
3.6864 +- -1.00 (1)
1.3034 +- -1.00 (1)
3.6223 +- -1.00 (1)
3.8409 +- -1.00 (1)
5.4876 +- -1.00 (1)
1.6279 +- -1.00 (1)
7.8575 +- -1.00 (1)
5.7436 +- -1.00 (1)
0.0229 +- -1.00 (1)
2.7357 +- -1.00 (1)
0.3342 +- -1.00 (1)
0.4121 +- -1.00 (1)
nan +- -1.00 (0)
0.4079 +- -1.00 (1)
0.7936 +- -1.00 (1)
1.8854 +- -1.00 (1)
2.1704 +- -1.00 (1)
2.5378 +- -1.00 (1)
2.0845 +- -1.00 (1)
7.5250 +- -1.00 (1)
0.3606 +- -1.00 (1)
1.2231 +- -1.00 (1)
4.7927 +- -1.00 (1)
2.7451 +- -1.00 (1)
0.9355 +- -1.00 (1)
4.7806 +- -1.00 (1)
2.3916 +- -1.00 (1)
nan +- -1.00 (0)
nan +- -1.00 (0)
5.0752 +- -1.00 (1)
2.5719 +- -1.00 (1)
nan +- -1.00 (0)
nan +- -1.00 (0)
7.3498 +- -1.00 (1)
5.5077 +- -1.00 (1)
5.4379 +- -1.00 (1)
2.2494 +- -1.00 (1)
nan +- -1.00 (0)
5.9130 +- -1.00 (1)
nan +- -1.00 (0)
16.8348 +- -1.00 (1)
nan +- -1.00 (0)
nan +- -1.00 (0)
nan +- -1.00 (0)
nan +- -1.00 (0)
4.6244 +- -1.00 (1)
nan +- -1.00 (0)
8.7975 +- -1.00 (1)
11.6570 +- -1.00 (1)
2.6065 +- -1.00 (1)
nan +- -1.00 (0)
0.9649 +- -1.00 (1)
2.5895 +- -1.00 (1)
nan +- -1.00 (0)
0.8303 +- -1.00 (1)
nan +- -1.00 (0)
2.0916 +- -1.00 (1)
2.7825 +- -1.00 (1)
2.8950 +- -1.00 (1)
4.4825 +- -1.00 (1)
1.1563 +- -1.00 (1)
3.8807 +- -1.00 (1)
1.6300 +- -1.00 (1)
5.3304 +- -1.00 (1)
6.6838 +- -1.00 (1)
0.6089 +- -1.00 (1)
1.9859 +- -1.00 (1)
8.2403 +- -1.00 (1)
1.8708 +- -1.00 (1)
12.3410 +- -1.00 (1)
2.5917 +- -1.00 (1)
6.3770 +- -1.00 (1)
2.7347 +- -1.00 (1)
2.6106 +- -1.00 (1)
0.5324 +- -1.00 (1)
2.4845 +- -1.00 (1)
nan +- -1.00 (0)
2.5927 +- -1.00 (1)
5.3440 +- -1.00 (1)
nan +- -1.00 (0)
nan +- -1.00 (0)
8.0910 +- -1.00 (1)
7.1361 +- -1.00 (1)
3.5667 +- -1.00 (1)
5.6201 +- -1.00 (1)
nan +- -1.00 (0)
1.9986 +- -1.00 (1)
2.3689 +- -1.00 (1)
6.4852 +- -1.00 (1)
0.0151 +- -1.00 (1)
nan +- -1.00 (0)
2.6029 +- -1.00 (1)
0.3086 +- -1.00 (1)
3.2855 +- -1.00 (1)
0.5647 +- -1.00 (1)
3.1551 +- -1.00 (1)
0.2027 +- -1.00 (1)
0.0448 +- -1.00 (1)
1.9030 +- -1.00 (1)
0.5765 +- -1.00 (1)
1.7134 +- -1.00 (1)
0.7352 +- -1.00 (1)
0.5668 +- -1.00 (1)
8.9154 +- -1.00 (1)
3.3421 +- -1.00 (1)
2.4174 +- -1.00 (1)
nan +- -1.00 (0)
2.0643 +- -1.00 (1)
0.8610 +- -1.00 (1)
4.2433 +- -1.00 (1)
12.8984 +- -1.00 (1)
6.0929 +- -1.00 (1)
1.3860 +- -1.00 (1)
5.2388 +- -1.00 (1)
1.7961 +- -1.00 (1)
2.1494 +- -1.00 (1)
1.4806 +- -1.00 (1)
2.6216 +- -1.00 (1)
3.4894 +- -1.00 (1)
7.9204 +- -1.00 (1)
10.3843 +- -1.00 (1)
4.8904 +- -1.00 (1)
6.0854 +- -1.00 (1)
17.9076 +- -1.00 (1)
2.4168 +- -1.00 (1)
11.7656 +- -1.00 (1)
1.0117 +- -1.00 (1)
6.7015 +- -1.00 (1)
5.8594 +- -1.00 (1)
