0.298037 16
2.91469 15
3.66359 15
0.834148 12
3.28507 13
1.73851 13
2.65217 16
3.21103 18
1.01285 12
1.30516 12
2.24605 26
5.79133 32
8.34617 30
4.07175 28
2.23038 29
3.13249 27
2.03751 26
2.28442 29
3.37413 26
5.96139 31
6.52115 36
5.87183 42
7.30531 37
1.56742 40

10.3564 43
5.35801 38
3.51517 44
9.56358 42

4.05377 50
4.58003 51
10.7374 57

15.213 59
8.32727 54
5.54401 59
9.33066 56
13.3922 53
0.706679 66
10.7707 15
2.57409 16
3.42637 17
2.14082 12
2.49069 14
0.523339 14
1.22364 16
3.38118 16
3.61475 13
4.96317 12
4.84368 26
4.55905 29
5.83725 29
5.15186 28
6.6195 30
6.94043 29
2.58151 24
9.55611 26
11.7007 27
5.23846 31
10.2839 37
9.08379 41
5.46328 37
2.89166 36
10.3998 41
8.2652 44
5.81063 40
8.59793 39
12.4465 42
8.98896 40
12.2869 51
9.6419 53
9.17195 57
7.28045 55
7.57944 56
7.35355 52

11.5324 57
2.01629 52
9.56762 53
2.4526 16
0.25012 15

2.88722 14
2.50186 14
2.95566 13

2.9494 16
0.574229 12
0.926119 13
6.93356 26
6.86336 28
2.46631 31


5.41508 27
5.71076 25
2.8671 26
0.873917 28
6.1464 30
1.96443 40
5.30039 42
6.3573 35
8e-06 0
4.59562 42
2.7744 43
13.068 39
11.183 44
1.43299 46
3.12054 40
11.5255 55
3.31686 63
12.5105 59
4.98556 53
11.6221 55
10.5166 54
5.43999 56
15.3338 53
13.3223 54
9.06593 54
2.68175 25
2.82988 28
0.009353 34
0.011899 32
0.012762 35
2.80071 28
0.011759 28

0.024993 27
0.101206 27
3.61943 52
5.56876 55
0.088143 62

0.023216 62
0.023278 66
0.02075 58
0.020746 61
0.020784 58

0.035227 90
0.035175 97
7.76995 78
1.63146 75
8.32029 87
5.44249 86
0.086453 84
8.29181 93

0.036734 88
9.94585 114
8.51308 109
0.064973 131
0.06085 121
0.047924 124

0.048197 117
1.53358 112
0.053756 124
0.063576 129
1.5056 11

2.23563 7
0.01131 7
0.99887 7
0.364051 9
2.38503 11
2.74902 11
1.968 7
0.491307 6
0.870989 14
0.051581 18
1.1256 19
8.80718 16
4.11493 18
5.02493 11
7.13578 12
0.803333 15
2.24228 16
3.68617 17
3.06772 18

1.912 22
4.65768 23
1.78964 22
10.4757 26
1.43857 21
1.28979 18
0.186061 29

0.02363 3
3.68644 30
1.30345 32
3.62228 28
3.84089 28
5.48758 26
1.62793 30
7.85748 34
5.74356 26
0.022878 4
2.7357 12
0.334202 10
0.412096 13

0.407926 9
0.793551 11
1.88543 10
2.17045 10
2.53779 9
2.08449 9
7.52504 18
0.360608 23
1.2231 25
4.79272 24
2.74506 20
0.935508 30
4.78055 23
2.39161 23


5.07524 32
2.57185 33


7.3498 40
5.50767 30
5.43792 36
2.24937 33

5.91303 38

16.8348 37




4.62435 43

8.7975 38
11.657 48
2.60652 10

0.964874 7
2.58953 6

0.830308 8

2.09156 6
2.7825 6
2.895 10
4.4825 12
1.15629 14
3.88066 11
1.62998 14
5.33042 12
6.6838 12
0.608853 17
1.98592 11
8.2403 15
1.87079 13
12.341 16
2.59173 18
6.37697 16
2.73466 16
2.61063 22
0.532443 21
2.48451 18

2.59268 18
5.34396 15


8.09104 29
7.13615 31
3.56674 23
5.62013 27

1.99856 33
2.36893 24
6.48517 26
0.015105 10

2.60286 11
0.308556 9
3.28547 8
0.564741 7
3.15509 13
0.202724 11
0.044807 10
1.90305 9
0.576467 18
1.7134 19
0.735197 19
0.566805 19
8.91538 15
3.34212 21
2.41739 18

2.06435 19
0.860984 28
4.24333 29
12.8984 26
6.09287 28
1.38599 24
5.23878 23
1.79613 25
2.14943 27
1.48063 27
2.62161 24
3.48942 27
7.92037 33
10.3843 31
4.89037 33
6.08538 32
17.9076 31
2.41677 33
11.7656 40
1.01171 39
6.70151 29
5.85942 32