0.9486 +- -1.00 (1)
0.9760 +- -1.00 (1)
0.9399 +- -1.00 (1)
0.9267 +- -1.00 (1)
0.9517 +- -1.00 (1)
0.9618 +- -1.00 (1)
0.9631 +- -1.00 (1)
0.9810 +- -1.00 (1)
0.9444 +- -1.00 (1)
0.9553 +- -1.00 (1)
0.9396 +- -1.00 (1)
0.9534 +- -1.00 (1)
0.9743 +- -1.00 (1)
0.9666 +- -1.00 (1)
0.9674 +- -1.00 (1)
0.9683 +- -1.00 (1)
0.9797 +- -1.00 (1)
0.9139 +- -1.00 (1)
0.9585 +- -1.00 (1)
0.9548 +- -1.00 (1)
0.9643 +- -1.00 (1)
0.9616 +- -1.00 (1)
0.9608 +- -1.00 (1)
0.9598 +- -1.00 (1)
0.9633 +- -1.00 (1)
0.9708 +- -1.00 (1)
0.9705 +- -1.00 (1)
0.9629 +- -1.00 (1)
0.9597 +- -1.00 (1)
0.9740 +- -1.00 (1)
0.9640 +- -1.00 (1)
0.9584 +- -1.00 (1)
0.9693 +- -1.00 (1)
0.9629 +- -1.00 (1)
0.9737 +- -1.00 (1)
0.9658 +- -1.00 (1)
0.9772 +- -1.00 (1)
0.9506 +- -1.00 (1)
0.9594 +- -1.00 (1)
0.9615 +- -1.00 (1)
0.9676 +- -1.00 (1)
0.9736 +- -1.00 (1)
0.9583 +- -1.00 (1)
0.9720 +- -1.00 (1)
0.9677 +- -1.00 (1)
0.9699 +- -1.00 (1)
0.9676 +- -1.00 (1)
0.9623 +- -1.00 (1)
0.9655 +- -1.00 (1)
0.9644 +- -1.00 (1)
0.9611 +- -1.00 (1)
0.9604 +- -1.00 (1)
0.9763 +- -1.00 (1)
0.9671 +- -1.00 (1)
0.9620 +- -1.00 (1)
0.9687 +- -1.00 (1)
0.9550 +- -1.00 (1)
0.9549 +- -1.00 (1)
0.9737 +- -1.00 (1)
0.9688 +- -1.00 (1)
0.9651 +- -1.00 (1)
0.9751 +- -1.00 (1)
0.9646 +- -1.00 (1)
0.9703 +- -1.00 (1)
0.9647 +- -1.00 (1)
0.9651 +- -1.00 (1)
0.9676 +- -1.00 (1)
0.9635 +- -1.00 (1)
0.9616 +- -1.00 (1)
0.9623 +- -1.00 (1)
0.9568 +- -1.00 (1)
0.9611 +- -1.00 (1)
0.9708 +- -1.00 (1)
0.9677 +- -1.00 (1)
0.9700 +- -1.00 (1)
0.9652 +- -1.00 (1)
0.9579 +- -1.00 (1)
0.9514 +- -1.00 (1)
0.9731 +- -1.00 (1)
0.9660 +- -1.00 (1)
0.9641 +- -1.00 (1)
0.9652 +- -1.00 (1)
0.9590 +- -1.00 (1)
0.9630 +- -1.00 (1)
0.9659 +- -1.00 (1)
0.9626 +- -1.00 (1)
0.9655 +- -1.00 (1)
0.9583 +- -1.00 (1)
0.9663 +- -1.00 (1)
0.9639 +- -1.00 (1)
0.9607 +- -1.00 (1)
0.9601 +- -1.00 (1)
0.9702 +- -1.00 (1)
0.9681 +- -1.00 (1)
0.9657 +- -1.00 (1)
0.9630 +- -1.00 (1)
0.9636 +- -1.00 (1)
0.9506 +- -1.00 (1)
0.9667 +- -1.00 (1)
0.9689 +- -1.00 (1)
0.9594 +- -1.00 (1)
0.9674 +- -1.00 (1)
0.9623 +- -1.00 (1)
0.9691 +- -1.00 (1)
0.9668 +- -1.00 (1)
0.9635 +- -1.00 (1)
0.9606 +- -1.00 (1)
0.9649 +- -1.00 (1)
0.9584 +- -1.00 (1)
0.9611 +- -1.00 (1)
0.9705 +- -1.00 (1)
0.9608 +- -1.00 (1)
0.9710 +- -1.00 (1)
0.9711 +- -1.00 (1)
0.9629 +- -1.00 (1)
0.9583 +- -1.00 (1)
0.9652 +- -1.00 (1)
0.9581 +- -1.00 (1)
0.9618 +- -1.00 (1)
0.9686 +- -1.00 (1)
0.9629 +- -1.00 (1)
0.9665 +- -1.00 (1)
0.9612 +- -1.00 (1)
0.9636 +- -1.00 (1)
0.9596 +- -1.00 (1)
0.9591 +- -1.00 (1)
0.9564 +- -1.00 (1)
0.9630 +- -1.00 (1)
0.9607 +- -1.00 (1)
0.9622 +- -1.00 (1)
0.9606 +- -1.00 (1)
0.9642 +- -1.00 (1)
0.9602 +- -1.00 (1)
0.9691 +- -1.00 (1)
0.9626 +- -1.00 (1)
0.9640 +- -1.00 (1)
0.9604 +- -1.00 (1)
0.9578 +- -1.00 (1)
0.9609 +- -1.00 (1)
0.9669 +- -1.00 (1)
0.9502 +- -1.00 (1)
0.9570 +- -1.00 (1)
0.9407 +- -1.00 (1)
0.9482 +- -1.00 (1)
0.9592 +- -1.00 (1)
0.9564 +- -1.00 (1)
0.9481 +- -1.00 (1)
0.9586 +- -1.00 (1)
0.9496 +- -1.00 (1)
0.9584 +- -1.00 (1)
0.9573 +- -1.00 (1)
0.9572 +- -1.00 (1)
0.9590 +- -1.00 (1)
0.9553 +- -1.00 (1)
0.9540 +- -1.00 (1)
0.9606 +- -1.00 (1)
0.9580 +- -1.00 (1)
0.9605 +- -1.00 (1)
0.9558 +- -1.00 (1)
0.9584 +- -1.00 (1)
0.9538 +- -1.00 (1)
0.9589 +- -1.00 (1)
0.9533 +- -1.00 (1)
0.9569 +- -1.00 (1)
0.9609 +- -1.00 (1)
0.9526 +- -1.00 (1)
0.9558 +- -1.00 (1)
0.9533 +- -1.00 (1)
0.9493 +- -1.00 (1)
0.9558 +- -1.00 (1)
0.9580 +- -1.00 (1)
0.9532 +- -1.00 (1)
0.9510 +- -1.00 (1)
0.9551 +- -1.00 (1)
0.9495 +- -1.00 (1)
0.9563 +- -1.00 (1)
0.9543 +- -1.00 (1)
0.9587 +- -1.00 (1)
0.9556 +- -1.00 (1)
0.9529 +- -1.00 (1)
0.9553 +- -1.00 (1)
0.9525 +- -1.00 (1)
0.9576 +- -1.00 (1)
0.9578 +- -1.00 (1)
0.9533 +- -1.00 (1)
0.9421 +- -1.00 (1)
0.9515 +- -1.00 (1)
0.9535 +- -1.00 (1)
0.9518 +- -1.00 (1)
0.9511 +- -1.00 (1)
0.9508 +- -1.00 (1)
0.9531 +- -1.00 (1)
0.9496 +- -1.00 (1)
0.9521 +- -1.00 (1)
0.9548 +- -1.00 (1)
0.9538 +- -1.00 (1)
0.9537 +- -1.00 (1)
0.9505 +- -1.00 (1)
0.9481 +- -1.00 (1)
0.9526 +- -1.00 (1)
0.9464 +- -1.00 (1)
0.9504 +- -1.00 (1)
0.9458 +- -1.00 (1)
0.9591 +- -1.00 (1)
0.9547 +- -1.00 (1)
0.9519 +- -1.00 (1)
0.9491 +- -1.00 (1)
0.9582 +- -1.00 (1)
0.9494 +- -1.00 (1)
0.9489 +- -1.00 (1)
0.9536 +- -1.00 (1)
0.9573 +- -1.00 (1)
0.9442 +- -1.00 (1)
0.9525 +- -1.00 (1)
0.9528 +- -1.00 (1)
0.9495 +- -1.00 (1)
0.9558 +- -1.00 (1)
0.9488 +- -1.00 (1)
0.9539 +- -1.00 (1)
0.9507 +- -1.00 (1)
0.9413 +- -1.00 (1)
0.9514 +- -1.00 (1)
0.9484 +- -1.00 (1)
0.9514 +- -1.00 (1)
0.9476 +- -1.00 (1)
0.9448 +- -1.00 (1)
0.9492 +- -1.00 (1)
0.9507 +- -1.00 (1)
0.9535 +- -1.00 (1)
0.9487 +- -1.00 (1)
0.9527 +- -1.00 (1)
0.9519 +- -1.00 (1)
0.9503 +- -1.00 (1)
0.9588 +- -1.00 (1)
0.9497 +- -1.00 (1)
0.9500 +- -1.00 (1)
0.9553 +- -1.00 (1)
0.9498 +- -1.00 (1)
0.9498 +- -1.00 (1)
0.9488 +- -1.00 (1)
0.9481 +- -1.00 (1)
0.9481 +- -1.00 (1)
0.9501 +- -1.00 (1)
0.9471 +- -1.00 (1)
0.9515 +- -1.00 (1)
0.9357 +- -1.00 (1)
0.9426 +- -1.00 (1)
0.9458 +- -1.00 (1)
0.9475 +- -1.00 (1)
0.9514 +- -1.00 (1)
0.9514 +- -1.00 (1)
0.9491 +- -1.00 (1)
0.9466 +- -1.00 (1)
0.9534 +- -1.00 (1)
0.9553 +- -1.00 (1)
0.9449 +- -1.00 (1)
0.9443 +- -1.00 (1)
0.9498 +- -1.00 (1)
0.9533 +- -1.00 (1)
0.9530 +- -1.00 (1)
0.9506 +- -1.00 (1)
0.9471 +- -1.00 (1)
0.9483 +- -1.00 (1)
0.9497 +- -1.00 (1)
0.9488 +- -1.00 (1)
0.9489 +- -1.00 (1)
0.9463 +- -1.00 (1)
0.9498 +- -1.00 (1)
0.9541 +- -1.00 (1)
0.9494 +- -1.00 (1)
0.9502 +- -1.00 (1)
0.9448 +- -1.00 (1)
0.9569 +- -1.00 (1)
0.9417 +- -1.00 (1)
0.9495 +- -1.00 (1)
0.9412 +- -1.00 (1)
0.9451 +- -1.00 (1)
0.9441 +- -1.00 (1)
0.9453 +- -1.00 (1)
0.9510 +- -1.00 (1)
0.9567 +- -1.00 (1)
0.9493 +- -1.00 (1)
0.9455 +- -1.00 (1)
0.9491 +- -1.00 (1)
0.9507 +- -1.00 (1)
0.9496 +- -1.00 (1)
0.9445 +- -1.00 (1)
0.9396 +- -1.00 (1)
0.9528 +- -1.00 (1)
0.9500 +- -1.00 (1)
0.9473 +- -1.00 (1)
0.9469 +- -1.00 (1)
0.9542 +- -1.00 (1)
0.9491 +- -1.00 (1)
0.9462 +- -1.00 (1)
0.9483 +- -1.00 (1)
0.9544 +- -1.00 (1)
0.9498 +- -1.00 (1)
0.9452 +- -1.00 (1)
0.9499 +- -1.00 (1)
