0.9468 
0.9760 
0.9264 
0.9322 
0.9513 
0.9633 
0.9639 
0.9828 
0.9330 
0.9518 
0.9360 
0.9534 
0.9761 
0.9666 
0.9701 
0.9664 
0.9780 
0.9139 
0.9543 
0.9605 
0.9644 
0.9593 
0.9634 
0.9555 
0.9670 
0.9704 
0.9685 
0.9640 
0.9627 
0.9753 
0.9636 
0.9594 
0.9758 
0.9685 
0.9768 
0.9654 
0.9773 
0.9486 
0.9604 
0.9613 
0.9659 
0.9734 
0.9580 
0.9671 
0.9667 
0.9689 
0.9661 
0.9636 
0.9615 
0.9654 
0.9624 
0.9553 
0.9760 
0.9653 
0.9635 
0.9651 
0.9550 
0.9526 
0.9748 
0.9701 
0.9646 
0.9692 
0.9631 
0.9669 
0.9682 
0.9609 
0.9683 
0.9561 
0.9648 
0.9588 
0.9528 
0.9625 
0.9725 
0.9681 
0.9655 
0.9615 
0.9599 
0.9506 
0.9732 
0.9662 
0.9582 
0.9653 
0.9558 
0.9662 
0.9636 
0.9632 
0.9656 
0.9540 
0.9646 
0.9637 
0.9612 
0.9589 
0.9690 
0.9654 
0.9616 
0.9574 
0.9643 
0.9573 
0.9639 
0.9657 
0.9653 
0.9647 
0.9638 
0.9715 
0.9636 
0.9595 
0.9551 
0.9669 
0.9565 
0.9588 
0.9670 
0.9629 
0.9681 
0.9693 
0.9664 
0.9663 
0.9695 
0.9574 
0.9619 
0.9632 
0.9576 
0.9631 
0.9578 
0.9644 
0.9657 
0.9693 
0.9648 
0.9649 
0.9622 
0.9564 
0.9592 
0.9564 
0.9584 
0.9655 
0.9649 
0.9607 
0.9637 
0.9624 
0.9595 
0.9631 
0.9553 
0.9558 
0.9398 
0.9509 
0.9568 
0.9514 
0.9578 
0.9570 
0.9508 
0.9586 
0.9580 
0.9605 
0.9547 
0.9556 
0.9535 
0.9545 
0.9573 
0.9597 
0.9580 
0.9565 
0.9514 
0.9593 
0.9573 
0.9574 
0.9557 
0.9588 
0.9562 
0.9502 
0.9506 
0.9555 
0.9525 
0.9512 
0.9581 
0.9533 
0.9489 
0.9544 
0.9562 
0.9555 
0.9466 
0.9467 
0.9502 
0.9515 
0.9550 
0.9545 
0.9547 
0.9473 
0.9491 
0.9538 
0.9461 
0.9439 
0.9504 
0.9524 
0.9470 
0.9543 
0.9486 
0.9525 
0.9517 
0.9460 
0.9478 
0.9530 
0.9516 
0.9471 
0.9439 
0.9541 
0.9542 
0.9504 
0.9486 
0.9567 
0.9486 
0.9444 
0.9514 
0.9537 
0.9523 
0.9498 
0.9444 
0.9505 
0.9475 
0.9440 
0.9530 
0.9521 
0.9438 
0.9523 
0.9442 
0.9556 
0.9477 
0.9443 
0.9461 
0.9464 
0.9480 
0.9530 
0.9538 
0.9492 
0.9598 
0.9523 
0.9489 
0.9449 
0.9528 
0.9489 
0.9483 
0.9500 
0.9470 
0.9454 
0.9488 
0.9490 
0.9537 
0.9394 
0.9422 
0.9399 
0.9483 
0.9532 
0.9550 
0.9525 
0.9508 
0.9489 
0.9423 
0.9457 
0.9438 
0.9438 
0.9486 
0.9476 
0.9511 
0.9453 
0.9461 
0.9501 
0.9507 
0.9441 
0.9483 
0.9421 
0.9553 
0.9478 
0.9440 
0.9434 
0.9536 
0.9473 
0.9498 
0.9441 
0.9497 
0.9390 
0.9425 
0.9500 
0.9505 
0.9531 
0.9446 
0.9490 
0.9515 
0.9471 
0.9501 
0.9345 
0.9497 
0.9481 
0.9457 
0.9463 
0.9480 
0.9513 
0.9477 
0.9469 
0.9546 
0.9453 
0.9503 
0.9464 
