0.9486
0.976
0.9399
0.9267
0.9517
0.9618
0.9631
0.981
0.9444
0.9553
0.9396
0.9534
0.9743
0.9666
0.9674
0.9683
0.9797
0.9139
0.9585
0.9548
0.9643
0.9616
0.9608
0.9598
0.9633
0.9708
0.9705
0.9629
0.9597
0.974
0.964
0.9584
0.9693
0.9629
0.9737
0.9658
0.9772
0.9506
0.9594
0.9615
0.9676
0.9736
0.9583
0.972
0.9677
0.9699
0.9676
0.9623
0.9655
0.9644
0.9611
0.9604
0.9763
0.9671
0.962
0.9687
0.955
0.9549
0.9737
0.9688
0.9651
0.9751
0.9646
0.9703
0.9647
0.9651
0.9676
0.9635
0.9616
0.9623
0.9568
0.9611
0.9708
0.9677
0.97
0.9652
0.9579
0.9514
0.9731
0.966
0.9641
0.9652
0.959
0.963
0.9659
0.9626
0.9655
0.9583
0.9663
0.9639
0.9607
0.9601
0.9702
0.9681
0.9657
0.963
0.9636
0.9506
0.9667
0.9689
0.9594
0.9674
0.9623
0.9691
0.9668
0.9635
0.9606
0.9649
0.9584
0.9611
0.9705
0.9608
0.971
0.9711
0.9629
0.9583
0.9652
0.9581
0.9618
0.9686
0.9629
0.9665
0.9612
0.9636
0.9596
0.9591
0.9564
0.963
0.9607
0.9622
0.9606
0.9642
0.9602
0.9691
0.9626
0.964
0.9604
0.9578
0.9609
0.9669
0.9502
0.957
0.9407
0.9482
0.9592
0.9564
0.9481
0.9586
0.9496
0.9584
0.9573
0.9572
0.959
0.9553
0.954
0.9606
0.958
0.9605
0.9558
0.9584
0.9538
0.9589
0.9533
0.9569
0.9609
0.9526
0.9558
0.9533
0.9493
0.9558
0.958
0.9532
0.951
0.9551
0.9495
0.9563
0.9543
0.9587
0.9556
0.9529
0.9553
0.9525
0.9576
0.9578
0.9533
0.9421
0.9515
0.9535
0.9518
0.9511
0.9508
0.9531
0.9496
0.9521
0.9548
0.9538
0.9537
0.9505
0.9481
0.9526
0.9464
0.9504
0.9458
0.9591
0.9547
0.9519
0.9491
0.9582
0.9494
0.9489
0.9536
0.9573
0.9442
0.9525
0.9528
0.9495
0.9558
0.9488
0.9539
0.9507
0.9413
0.9514
0.9484
0.9514
0.9476
0.9448
0.9492
0.9507
0.9535
0.9487
0.9527
0.9519
0.9503
0.9588
0.9497
0.95
0.9553
0.9498
0.9498
0.9488
0.9481
0.9481
0.9501
0.9471
0.9515
0.9357
0.9426
0.9458
0.9475
0.9514
0.9514
0.9491
0.9466
0.9534
0.9553
0.9449
0.9443
0.9498
0.9533
0.953
0.9506
0.9471
0.9483
0.9497
0.9488
0.9489
0.9463
0.9498
0.9541
0.9494
0.9502
0.9448
0.9569
0.9417
0.9495
0.9412
0.9451
0.9441
0.9453
0.951
0.9567
0.9493
0.9455
0.9491
0.9507
0.9496
0.9445
0.9396
0.9528
0.95
0.9473
0.9469
0.9542
0.9491
0.9462
0.9483
0.9544
0.9498
0.9452
0.9499