0.9468
0.976
0.9399
0.9322
0.9513
0.9643
0.9597
0.9828
0.9383
0.9518
0.9326
0.9505
0.9767
0.9675
0.9727
0.963
0.9797
0.9139
0.9576
0.9548
0.963
0.9589
0.9622
0.9601
0.9675
0.9704
0.9714
0.9632
0.967
0.974
0.964
0.962
0.9758
0.9638
0.9768
0.9635
0.9779
0.9523
0.9628
0.9613
0.959
0.9736
0.9588
0.9656
0.9678
0.9684
0.9678
0.9648
0.9605
0.9604
0.9656
0.9601
0.9766
0.9653
0.9687
0.9624
0.9516
0.9544
0.9715
0.9678
0.9627
0.9698
0.9657
0.9697
0.9679
0.9627
0.9668
0.9646
0.9656
0.9715
0.9618
0.9642
0.9733
0.9681
0.9687
0.9634
0.9583
0.9478
0.9729
0.9678
0.961
0.9666
0.9613
0.9687
0.9642
0.9686
0.9685
0.9552
0.9622
0.9635
0.959
0.9606
0.9716
0.9685
0.9626
0.9624
0.9657
0.9576
0.9636
0.9695
0.9663
0.9696
0.9633
0.9726
0.9635
0.9633
0.9632
0.9601
0.9618
0.9637
0.9672
0.9661
0.9678
0.9734
0.964
0.9653
0.9672
0.9548
0.9595
0.965
0.9625
0.959
0.9595
0.9702
0.9595
0.9649
0.9633
0.9597
0.9533
0.9628
0.9652
0.9617
0.9524
0.97
0.9617
0.9633
0.9603
0.9603
0.9637
0.9626
0.9535
0.9589
0.9458
0.9537
0.9604
0.9576
0.9499
0.9521
0.9476
0.956
0.9583
0.9569
0.9618
0.9535
0.952
0.9604
0.9559
0.9602
0.9555
0.9545
0.9501
0.9574
0.9534
0.9566
0.9591
0.9489
0.9562
0.9515
0.9433
0.9506
0.9593
0.9512
0.95
0.9512
0.95
0.9552
0.9599
0.9536
0.9559
0.9575
0.9509
0.9486
0.9586
0.9513
0.9576
0.948
0.9555
0.9538
0.9448
0.9543
0.9487
0.9561
0.9419
0.9531
0.9515
0.9536
0.9574
0.9501
0.9494
0.9529
0.9493
0.9483
0.9491
0.9525
0.9495
0.9499
0.957
0.9557
0.9428
0.9508
0.9553
0.9553
0.9494
0.9527
0.9514
0.9502
0.9566
0.9483
0.9546
0.9514
0.9504
0.9489
0.9459
0.9521
0.9476
0.9349
0.9475
0.9473
0.9545
0.9516
0.9563
0.9517
0.955
0.9514
0.9494
0.9507
0.9507
0.9492
0.946
0.9482
0.9427
0.9476
0.9513
0.9545
0.9542
0.9357
0.9451
0.9458
0.9482
0.9518
0.9522
0.9517
0.952
0.9496
0.9519
0.9422
0.9447
0.9523
0.9514
0.9497
0.9456
0.9434
0.9437
0.952
0.9455
0.9311
0.9471
0.9451
0.9524
0.9512
0.9532
0.9445
0.9567
0.9411
0.9466
0.9441
0.9427
0.9427
0.9434
0.9476
0.9528
0.9556
0.9422
0.9483
0.9498
0.9403
0.9472
0.942
0.9517
0.9492
0.9355
0.9494
0.9543
0.95
0.9424
0.9507
0.9538
0.9502
0.9503
0.9482