0.9353 +- -1.00 (1)
0.9519 +- -1.00 (1)
0.8721 +- -1.00 (1)
0.9109 +- -1.00 (1)
0.9478 +- -1.00 (1)
0.9421 +- -1.00 (1)
0.9502 +- -1.00 (1)
0.9721 +- -1.00 (1)
0.9078 +- -1.00 (1)
0.9445 +- -1.00 (1)
0.9169 +- -1.00 (1)
0.9396 +- -1.00 (1)
0.9677 +- -1.00 (1)
0.9305 +- -1.00 (1)
0.9701 +- -1.00 (1)
0.9414 +- -1.00 (1)
0.9451 +- -1.00 (1)
0.8563 +- -1.00 (1)
0.9473 +- -1.00 (1)
0.9338 +- -1.00 (1)
0.9473 +- -1.00 (1)
0.9539 +- -1.00 (1)
0.9276 +- -1.00 (1)
0.9482 +- -1.00 (1)
0.9480 +- -1.00 (1)
0.9524 +- -1.00 (1)
0.9618 +- -1.00 (1)
0.9534 +- -1.00 (1)
0.9576 +- -1.00 (1)
0.9567 +- -1.00 (1)
0.9292 +- -1.00 (1)
0.9375 +- -1.00 (1)
0.9525 +- -1.00 (1)
0.9383 +- -1.00 (1)
0.9562 +- -1.00 (1)
0.9496 +- -1.00 (1)
0.9665 +- -1.00 (1)
0.9257 +- -1.00 (1)
0.9544 +- -1.00 (1)
0.9535 +- -1.00 (1)
0.9518 +- -1.00 (1)
0.9525 +- -1.00 (1)
0.9439 +- -1.00 (1)
0.9637 +- -1.00 (1)
0.9589 +- -1.00 (1)
0.9542 +- -1.00 (1)
0.9561 +- -1.00 (1)
0.9522 +- -1.00 (1)
0.9597 +- -1.00 (1)
0.9538 +- -1.00 (1)
0.9441 +- -1.00 (1)
0.9497 +- -1.00 (1)
0.9639 +- -1.00 (1)
0.9644 +- -1.00 (1)
0.9537 +- -1.00 (1)
0.9533 +- -1.00 (1)
0.9269 +- -1.00 (1)
0.9248 +- -1.00 (1)
0.9604 +- -1.00 (1)
0.9555 +- -1.00 (1)
0.9518 +- -1.00 (1)
0.9577 +- -1.00 (1)
0.9491 +- -1.00 (1)
0.9597 +- -1.00 (1)
0.9630 +- -1.00 (1)
0.9470 +- -1.00 (1)
0.9618 +- -1.00 (1)
0.9486 +- -1.00 (1)
0.9542 +- -1.00 (1)
0.9588 +- -1.00 (1)
0.9466 +- -1.00 (1)
0.9590 +- -1.00 (1)
0.9695 +- -1.00 (1)
0.9429 +- -1.00 (1)
0.9653 +- -1.00 (1)
0.9481 +- -1.00 (1)
0.9451 +- -1.00 (1)
0.9314 +- -1.00 (1)
0.9588 +- -1.00 (1)
0.9603 +- -1.00 (1)
0.9366 +- -1.00 (1)
0.9611 +- -1.00 (1)
0.9540 +- -1.00 (1)
0.9621 +- -1.00 (1)
0.9528 +- -1.00 (1)
0.9587 +- -1.00 (1)
0.9673 +- -1.00 (1)
0.9339 +- -1.00 (1)
0.9499 +- -1.00 (1)
0.9634 +- -1.00 (1)
0.9521 +- -1.00 (1)
0.9573 +- -1.00 (1)
0.9663 +- -1.00 (1)
0.9625 +- -1.00 (1)
0.9531 +- -1.00 (1)
0.9557 +- -1.00 (1)
0.9476 +- -1.00 (1)
0.9502 +- -1.00 (1)
0.9513 +- -1.00 (1)
0.9520 +- -1.00 (1)
0.9569 +- -1.00 (1)
0.9690 +- -1.00 (1)
0.9520 +- -1.00 (1)
0.9591 +- -1.00 (1)
0.9547 +- -1.00 (1)
0.9521 +- -1.00 (1)
0.9513 +- -1.00 (1)
0.9490 +- -1.00 (1)
0.9493 +- -1.00 (1)
0.9508 +- -1.00 (1)
0.9624 +- -1.00 (1)
0.9570 +- -1.00 (1)
0.9666 +- -1.00 (1)
0.9676 +- -1.00 (1)
0.9606 +- -1.00 (1)
0.9588 +- -1.00 (1)
0.9584 +- -1.00 (1)
0.9357 +- -1.00 (1)
0.9512 +- -1.00 (1)
0.9651 +- -1.00 (1)
0.9532 +- -1.00 (1)
0.9500 +- -1.00 (1)
0.9499 +- -1.00 (1)
0.9597 +- -1.00 (1)
0.9493 +- -1.00 (1)
0.9616 +- -1.00 (1)
0.9498 +- -1.00 (1)
0.9477 +- -1.00 (1)
0.9516 +- -1.00 (1)
0.9547 +- -1.00 (1)
0.9478 +- -1.00 (1)
0.9568 +- -1.00 (1)
0.9578 +- -1.00 (1)
0.9608 +- -1.00 (1)
0.9442 +- -1.00 (1)
0.9498 +- -1.00 (1)
0.9550 +- -1.00 (1)
0.9590 +- -1.00 (1)
0.9504 +- -1.00 (1)
0.9515 +- -1.00 (1)
0.9499 +- -1.00 (1)
0.9563 +- -1.00 (1)
0.9521 +- -1.00 (1)
0.9515 +- -1.00 (1)
0.9523 +- -1.00 (1)
0.9473 +- -1.00 (1)
0.9486 +- -1.00 (1)
0.9474 +- -1.00 (1)
0.9490 +- -1.00 (1)
0.9495 +- -1.00 (1)
0.9480 +- -1.00 (1)
0.9461 +- -1.00 (1)
0.9518 +- -1.00 (1)
0.9485 +- -1.00 (1)
0.9489 +- -1.00 (1)
0.9442 +- -1.00 (1)
0.9437 +- -1.00 (1)
0.9517 +- -1.00 (1)
0.9498 +- -1.00 (1)
0.9450 +- -1.00 (1)
0.9477 +- -1.00 (1)
0.9505 +- -1.00 (1)
0.9473 +- -1.00 (1)
0.9475 +- -1.00 (1)
0.9544 +- -1.00 (1)
0.9514 +- -1.00 (1)
0.9502 +- -1.00 (1)
0.9353 +- -1.00 (1)
0.9459 +- -1.00 (1)
0.9452 +- -1.00 (1)
0.9471 +- -1.00 (1)
0.9393 +- -1.00 (1)
0.9455 +- -1.00 (1)
0.9525 +- -1.00 (1)
0.9437 +- -1.00 (1)
0.9545 +- -1.00 (1)
0.9464 +- -1.00 (1)
0.9490 +- -1.00 (1)
0.9507 +- -1.00 (1)
0.9497 +- -1.00 (1)
0.9524 +- -1.00 (1)
0.9428 +- -1.00 (1)
0.9462 +- -1.00 (1)
0.9494 +- -1.00 (1)
0.9473 +- -1.00 (1)
0.9477 +- -1.00 (1)
0.9437 +- -1.00 (1)
0.9451 +- -1.00 (1)
0.9437 +- -1.00 (1)
0.9521 +- -1.00 (1)
0.9456 +- -1.00 (1)
0.9428 +- -1.00 (1)
0.9555 +- -1.00 (1)
0.9501 +- -1.00 (1)
0.9470 +- -1.00 (1)
0.9500 +- -1.00 (1)
0.9468 +- -1.00 (1)
0.9467 +- -1.00 (1)
0.9433 +- -1.00 (1)
0.9464 +- -1.00 (1)
0.9453 +- -1.00 (1)
0.9493 +- -1.00 (1)
0.9426 +- -1.00 (1)
0.9527 +- -1.00 (1)
0.9506 +- -1.00 (1)
0.9464 +- -1.00 (1)
0.9490 +- -1.00 (1)
0.9414 +- -1.00 (1)
0.9408 +- -1.00 (1)
0.9410 +- -1.00 (1)
0.9473 +- -1.00 (1)
0.9491 +- -1.00 (1)
0.9410 +- -1.00 (1)
0.9507 +- -1.00 (1)
0.9473 +- -1.00 (1)
0.9495 +- -1.00 (1)
0.9491 +- -1.00 (1)
0.9484 +- -1.00 (1)
0.9440 +- -1.00 (1)
0.9472 +- -1.00 (1)
0.9491 +- -1.00 (1)
0.9418 +- -1.00 (1)
0.9508 +- -1.00 (1)
0.9464 +- -1.00 (1)
0.9477 +- -1.00 (1)
0.9412 +- -1.00 (1)
0.9402 +- -1.00 (1)
0.9403 +- -1.00 (1)
0.9463 +- -1.00 (1)
0.9505 +- -1.00 (1)
0.9507 +- -1.00 (1)
0.9426 +- -1.00 (1)
0.9527 +- -1.00 (1)
0.9421 +- -1.00 (1)
0.9506 +- -1.00 (1)
0.9493 +- -1.00 (1)
0.9514 +- -1.00 (1)
0.9493 +- -1.00 (1)
0.9464 +- -1.00 (1)
0.9398 +- -1.00 (1)
0.9483 +- -1.00 (1)
0.9412 +- -1.00 (1)
0.9426 +- -1.00 (1)
0.9482 +- -1.00 (1)
0.9397 +- -1.00 (1)
0.9401 +- -1.00 (1)
0.9383 +- -1.00 (1)
0.9408 +- -1.00 (1)
0.9420 +- -1.00 (1)
0.9465 +- -1.00 (1)
0.9428 +- -1.00 (1)
0.9403 +- -1.00 (1)
0.9471 +- -1.00 (1)
0.9424 +- -1.00 (1)
0.9511 +- -1.00 (1)
0.9418 +- -1.00 (1)
0.9457 +- -1.00 (1)
0.9474 +- -1.00 (1)
0.9473 +- -1.00 (1)
0.9439 +- -1.00 (1)
0.9418 +- -1.00 (1)
0.9411 +- -1.00 (1)
0.9435 +- -1.00 (1)
0.9447 +- -1.00 (1)
0.9453 +- -1.00 (1)
0.9444 +- -1.00 (1)
0.9487 +- -1.00 (1)
0.9407 +- -1.00 (1)
0.9443 +- -1.00 (1)
0.9426 +- -1.00 (1)
0.9462 +- -1.00 (1)
0.9436 +- -1.00 (1)
0.9496 +- -1.00 (1)
0.9411 +- -1.00 (1)
0.9436 +- -1.00 (1)
0.9375 +- -1.00 (1)
0.9439 +- -1.00 (1)
0.9334 +- -1.00 (1)
0.9441 +- -1.00 (1)
0.9442 +- -1.00 (1)
0.9396 +- -1.00 (1)
0.9444 +- -1.00 (1)
0.9473 +- -1.00 (1)
0.9444 +- -1.00 (1)
0.9383 +- -1.00 (1)
0.9391 +- -1.00 (1)
0.9442 +- -1.00 (1)
0.9452 +- -1.00 (1)
0.9503 +- -1.00 (1)
0.9452 +- -1.00 (1)
0.9434 +- -1.00 (1)
0.9402 +- -1.00 (1)
0.9456 +- -1.00 (1)
0.9409 +- -1.00 (1)
0.9437 +- -1.00 (1)
0.9450 +- -1.00 (1)
0.9497 +- -1.00 (1)
0.9459 +- -1.00 (1)
0.9415 +- -1.00 (1)
0.9448 +- -1.00 (1)
