0.2783 +- -1.00 (1)
0.2978 +- -1.00 (1)
0.2436 +- -1.00 (1)
0.2810 +- -1.00 (1)
0.2561 +- -1.00 (1)
0.2308 +- -1.00 (1)
0.2312 +- -1.00 (1)
0.2551 +- -1.00 (1)
0.2378 +- -1.00 (1)
0.2318 +- -1.00 (1)
0.2178 +- -1.00 (1)
0.2453 +- -1.00 (1)
0.2131 +- -1.00 (1)
0.2489 +- -1.00 (1)
0.2207 +- -1.00 (1)
0.2808 +- -1.00 (1)
0.2312 +- -1.00 (1)
0.2853 +- -1.00 (1)
0.2761 +- -1.00 (1)
0.2307 +- -1.00 (1)
0.2992 +- -1.00 (1)
0.2504 +- -1.00 (1)
0.2425 +- -1.00 (1)
0.2381 +- -1.00 (1)
0.2416 +- -1.00 (1)
0.2498 +- -1.00 (1)
0.2833 +- -1.00 (1)
0.2344 +- -1.00 (1)
0.2558 +- -1.00 (1)
0.2766 +- -1.00 (1)
0.3072 +- -1.00 (1)
0.2689 +- -1.00 (1)
0.2606 +- -1.00 (1)
0.2573 +- -1.00 (1)
0.2449 +- -1.00 (1)
0.2218 +- -1.00 (1)
0.2206 +- -1.00 (1)
0.2580 +- -1.00 (1)
0.2711 +- -1.00 (1)
0.2662 +- -1.00 (1)
0.2524 +- -1.00 (1)
0.2497 +- -1.00 (1)
0.2398 +- -1.00 (1)
0.2484 +- -1.00 (1)
0.2948 +- -1.00 (1)
0.2321 +- -1.00 (1)
0.2563 +- -1.00 (1)
0.2482 +- -1.00 (1)
0.2360 +- -1.00 (1)
0.2465 +- -1.00 (1)
0.2418 +- -1.00 (1)
0.2581 +- -1.00 (1)
0.2482 +- -1.00 (1)
0.2267 +- -1.00 (1)
0.2617 +- -1.00 (1)
0.2535 +- -1.00 (1)
0.2611 +- -1.00 (1)
0.2393 +- -1.00 (1)
0.2387 +- -1.00 (1)
0.2507 +- -1.00 (1)
0.2380 +- -1.00 (1)
0.2468 +- -1.00 (1)
0.2623 +- -1.00 (1)
0.2755 +- -1.00 (1)
0.2515 +- -1.00 (1)
0.2503 +- -1.00 (1)
0.2496 +- -1.00 (1)
0.2821 +- -1.00 (1)
0.2710 +- -1.00 (1)
0.2352 +- -1.00 (1)
0.2249 +- -1.00 (1)
0.2339 +- -1.00 (1)
0.2162 +- -1.00 (1)
0.2537 +- -1.00 (1)
0.2511 +- -1.00 (1)
0.2575 +- -1.00 (1)
0.2439 +- -1.00 (1)
0.3085 +- -1.00 (1)
0.2549 +- -1.00 (1)
0.2224 +- -1.00 (1)
0.2881 +- -1.00 (1)
0.2776 +- -1.00 (1)
0.2920 +- -1.00 (1)
0.2619 +- -1.00 (1)
0.2422 +- -1.00 (1)
0.2557 +- -1.00 (1)
0.2844 +- -1.00 (1)
0.2524 +- -1.00 (1)
0.2830 +- -1.00 (1)
0.2735 +- -1.00 (1)
0.2567 +- -1.00 (1)
0.2791 +- -1.00 (1)
0.2413 +- -1.00 (1)
0.2478 +- -1.00 (1)
0.2073 +- -1.00 (1)
0.2562 +- -1.00 (1)
0.2468 +- -1.00 (1)
0.2708 +- -1.00 (1)
0.2404 +- -1.00 (1)
0.2256 +- -1.00 (1)
0.5873 +- -1.00 (1)
0.5806 +- -1.00 (1)
0.5642 +- -1.00 (1)
0.5933 +- -1.00 (1)
0.6006 +- -1.00 (1)
0.5848 +- -1.00 (1)
0.6142 +- -1.00 (1)
0.5865 +- -1.00 (1)
0.5835 +- -1.00 (1)
0.5994 +- -1.00 (1)
0.6063 +- -1.00 (1)
0.6018 +- -1.00 (1)
0.6066 +- -1.00 (1)
0.5689 +- -1.00 (1)
0.5959 +- -1.00 (1)
0.5995 +- -1.00 (1)
0.6205 +- -1.00 (1)
0.5962 +- -1.00 (1)
0.5995 +- -1.00 (1)
0.6211 +- -1.00 (1)
0.5717 +- -1.00 (1)
0.5947 +- -1.00 (1)
0.5945 +- -1.00 (1)
0.5828 +- -1.00 (1)
0.5840 +- -1.00 (1)
0.6324 +- -1.00 (1)
0.6151 +- -1.00 (1)
0.5919 +- -1.00 (1)
0.6137 +- -1.00 (1)
0.6084 +- -1.00 (1)
0.5975 +- -1.00 (1)
0.5703 +- -1.00 (1)
0.5782 +- -1.00 (1)
0.6165 +- -1.00 (1)
0.5773 +- -1.00 (1)
0.5893 +- -1.00 (1)
0.6142 +- -1.00 (1)
0.6041 +- -1.00 (1)
0.5999 +- -1.00 (1)
0.6115 +- -1.00 (1)
0.6048 +- -1.00 (1)
0.5960 +- -1.00 (1)
0.5673 +- -1.00 (1)
0.5979 +- -1.00 (1)
0.5682 +- -1.00 (1)
0.6159 +- -1.00 (1)
0.6079 +- -1.00 (1)
0.6047 +- -1.00 (1)
0.5888 +- -1.00 (1)
0.6245 +- -1.00 (1)
0.6002 +- -1.00 (1)
0.5919 +- -1.00 (1)
0.5555 +- -1.00 (1)
0.6018 +- -1.00 (1)
0.6106 +- -1.00 (1)
0.6202 +- -1.00 (1)
0.5979 +- -1.00 (1)
0.6000 +- -1.00 (1)
0.5968 +- -1.00 (1)
0.5883 +- -1.00 (1)
0.5916 +- -1.00 (1)
0.6203 +- -1.00 (1)
0.5937 +- -1.00 (1)
0.5974 +- -1.00 (1)
0.5745 +- -1.00 (1)
0.5730 +- -1.00 (1)
0.5701 +- -1.00 (1)
0.6216 +- -1.00 (1)
0.6055 +- -1.00 (1)
0.6089 +- -1.00 (1)
0.6046 +- -1.00 (1)
0.5859 +- -1.00 (1)
0.6126 +- -1.00 (1)
0.6084 +- -1.00 (1)
0.5953 +- -1.00 (1)
0.5984 +- -1.00 (1)
0.5931 +- -1.00 (1)
0.5932 +- -1.00 (1)
0.5981 +- -1.00 (1)
0.5961 +- -1.00 (1)
0.5774 +- -1.00 (1)
0.6046 +- -1.00 (1)
0.5835 +- -1.00 (1)
0.5565 +- -1.00 (1)
0.5953 +- -1.00 (1)
0.5913 +- -1.00 (1)
0.5897 +- -1.00 (1)
0.6164 +- -1.00 (1)
0.5894 +- -1.00 (1)
0.6270 +- -1.00 (1)
0.5802 +- -1.00 (1)
0.5980 +- -1.00 (1)
0.5995 +- -1.00 (1)
0.6003 +- -1.00 (1)
0.6067 +- -1.00 (1)
0.5970 +- -1.00 (1)
0.5868 +- -1.00 (1)
0.6188 +- -1.00 (1)
0.6209 +- -1.00 (1)
0.5887 +- -1.00 (1)
0.3275 +- -1.00 (1)
0.3088 +- -1.00 (1)
0.3294 +- -1.00 (1)
0.3248 +- -1.00 (1)
0.2464 +- -1.00 (1)
0.3093 +- -1.00 (1)
0.3261 +- -1.00 (1)
0.3387 +- -1.00 (1)
0.3735 +- -1.00 (1)
0.3123 +- -1.00 (1)
0.2501 +- -1.00 (1)
0.3480 +- -1.00 (1)
0.3561 +- -1.00 (1)
0.3632 +- -1.00 (1)
0.3327 +- -1.00 (1)
0.3480 +- -1.00 (1)
0.2661 +- -1.00 (1)
0.3021 +- -1.00 (1)
0.3480 +- -1.00 (1)
0.3557 +- -1.00 (1)
0.3788 +- -1.00 (1)
0.3531 +- -1.00 (1)
0.3365 +- -1.00 (1)
0.2887 +- -1.00 (1)
0.3584 +- -1.00 (1)
0.3388 +- -1.00 (1)
0.3207 +- -1.00 (1)
0.3658 +- -1.00 (1)
0.3154 +- -1.00 (1)
0.2930 +- -1.00 (1)
0.4067 +- -1.00 (1)
0.3606 +- -1.00 (1)
0.2690 +- -1.00 (1)
0.3727 +- -1.00 (1)
0.2994 +- -1.00 (1)
0.3055 +- -1.00 (1)
0.3310 +- -1.00 (1)
0.3280 +- -1.00 (1)
0.3688 +- -1.00 (1)
0.3152 +- -1.00 (1)
0.3046 +- -1.00 (1)
0.2599 +- -1.00 (1)
0.3484 +- -1.00 (1)
0.3185 +- -1.00 (1)
0.3550 +- -1.00 (1)
0.2711 +- -1.00 (1)
0.3541 +- -1.00 (1)
0.2965 +- -1.00 (1)
0.3488 +- -1.00 (1)
0.3043 +- -1.00 (1)
0.3317 +- -1.00 (1)
0.3573 +- -1.00 (1)
0.3197 +- -1.00 (1)
0.2842 +- -1.00 (1)
0.3472 +- -1.00 (1)
0.3855 +- -1.00 (1)
0.3643 +- -1.00 (1)
0.3910 +- -1.00 (1)
0.2745 +- -1.00 (1)
0.3301 +- -1.00 (1)
0.3154 +- -1.00 (1)
0.3279 +- -1.00 (1)
0.3547 +- -1.00 (1)
0.3695 +- -1.00 (1)
0.2942 +- -1.00 (1)
0.3375 +- -1.00 (1)
0.2918 +- -1.00 (1)
0.3104 +- -1.00 (1)
0.3481 +- -1.00 (1)
0.4419 +- -1.00 (1)
0.2902 +- -1.00 (1)
0.3260 +- -1.00 (1)
0.3612 +- -1.00 (1)
0.3368 +- -1.00 (1)
0.2743 +- -1.00 (1)
0.3092 +- -1.00 (1)
0.2743 +- -1.00 (1)
0.2886 +- -1.00 (1)
0.3839 +- -1.00 (1)
0.3749 +- -1.00 (1)
0.2819 +- -1.00 (1)
0.3266 +- -1.00 (1)
0.3323 +- -1.00 (1)
0.3130 +- -1.00 (1)
0.3424 +- -1.00 (1)
0.2582 +- -1.00 (1)
0.3492 +- -1.00 (1)
0.3342 +- -1.00 (1)
0.3201 +- -1.00 (1)
0.3028 +- -1.00 (1)
0.3311 +- -1.00 (1)
0.3426 +- -1.00 (1)
0.3515 +- -1.00 (1)
0.3032 +- -1.00 (1)
0.3163 +- -1.00 (1)
0.3365 +- -1.00 (1)
0.3200 +- -1.00 (1)
0.3777 +- -1.00 (1)
0.3285 +- -1.00 (1)
0.3383 +- -1.00 (1)
0.1965 +- -1.00 (1)
0.2188 +- -1.00 (1)
0.2333 +- -1.00 (1)
0.2756 +- -1.00 (1)
0.2245 +- -1.00 (1)
0.2245 +- -1.00 (1)
0.2334 +- -1.00 (1)
0.2560 +- -1.00 (1)
0.2486 +- -1.00 (1)
0.2463 +- -1.00 (1)
0.2669 +- -1.00 (1)
0.2198 +- -1.00 (1)
0.2294 +- -1.00 (1)
0.2275 +- -1.00 (1)
0.2314 +- -1.00 (1)
0.2272 +- -1.00 (1)
0.2436 +- -1.00 (1)
0.2479 +- -1.00 (1)
0.2272 +- -1.00 (1)
0.2282 +- -1.00 (1)
0.2068 +- -1.00 (1)
0.2549 +- -1.00 (1)
0.2212 +- -1.00 (1)
0.2222 +- -1.00 (1)
0.2655 +- -1.00 (1)
0.2378 +- -1.00 (1)
0.2748 +- -1.00 (1)
0.2798 +- -1.00 (1)
0.2549 +- -1.00 (1)
0.2185 +- -1.00 (1)
0.2377 +- -1.00 (1)
0.2444 +- -1.00 (1)
0.1624 +- -1.00 (1)
0.2633 +- -1.00 (1)
0.1955 +- -1.00 (1)
0.2252 +- -1.00 (1)
0.2372 +- -1.00 (1)
0.2205 +- -1.00 (1)
0.2298 +- -1.00 (1)
0.1937 +- -1.00 (1)
0.2336 +- -1.00 (1)
0.2034 +- -1.00 (1)
0.2249 +- -1.00 (1)
0.2163 +- -1.00 (1)
0.2228 +- -1.00 (1)
0.2167 +- -1.00 (1)
0.2161 +- -1.00 (1)
0.2683 +- -1.00 (1)
0.2362 +- -1.00 (1)
0.2599 +- -1.00 (1)
0.2510 +- -1.00 (1)
0.2304 +- -1.00 (1)
0.2757 +- -1.00 (1)
0.2080 +- -1.00 (1)
0.1710 +- -1.00 (1)
0.1982 +- -1.00 (1)
0.2295 +- -1.00 (1)
0.2403 +- -1.00 (1)
0.2570 +- -1.00 (1)
0.2208 +- -1.00 (1)
0.2254 +- -1.00 (1)
0.2122 +- -1.00 (1)
0.2467 +- -1.00 (1)
0.2778 +- -1.00 (1)
0.2277 +- -1.00 (1)
0.2021 +- -1.00 (1)
0.1723 +- -1.00 (1)
0.2536 +- -1.00 (1)
0.2761 +- -1.00 (1)
0.2274 +- -1.00 (1)
0.2341 +- -1.00 (1)
0.2093 +- -1.00 (1)
0.2223 +- -1.00 (1)
0.2241 +- -1.00 (1)
0.2176 +- -1.00 (1)
0.2156 +- -1.00 (1)
0.2162 +- -1.00 (1)
0.1984 +- -1.00 (1)
0.2596 +- -1.00 (1)
0.2734 +- -1.00 (1)
0.2383 +- -1.00 (1)
0.2016 +- -1.00 (1)
0.2197 +- -1.00 (1)
0.2626 +- -1.00 (1)
0.2137 +- -1.00 (1)
0.2053 +- -1.00 (1)
0.2475 +- -1.00 (1)
0.2094 +- -1.00 (1)
0.2115 +- -1.00 (1)
0.2180 +- -1.00 (1)
0.2029 +- -1.00 (1)
0.2156 +- -1.00 (1)
0.2025 +- -1.00 (1)
0.2037 +- -1.00 (1)
0.2197 +- -1.00 (1)
0.2176 +- -1.00 (1)
0.2139 +- -1.00 (1)
0.2767 +- -1.00 (1)
0.2487 +- -1.00 (1)
0.2258 +- -1.00 (1)
0.5141 +- -1.00 (1)
0.5252 +- -1.00 (1)
0.5348 +- -1.00 (1)
0.5048 +- -1.00 (1)
0.5014 +- -1.00 (1)
0.5035 +- -1.00 (1)
0.5081 +- -1.00 (1)
0.5121 +- -1.00 (1)
0.5024 +- -1.00 (1)
0.5228 +- -1.00 (1)
0.5356 +- -1.00 (1)
0.5221 +- -1.00 (1)
0.5398 +- -1.00 (1)
0.5517 +- -1.00 (1)
0.4879 +- -1.00 (1)
0.5360 +- -1.00 (1)
0.4971 +- -1.00 (1)
0.5331 +- -1.00 (1)
0.5358 +- -1.00 (1)
0.5381 +- -1.00 (1)
0.4746 +- -1.00 (1)
0.5058 +- -1.00 (1)
0.5050 +- -1.00 (1)
0.5487 +- -1.00 (1)
0.5403 +- -1.00 (1)
0.5315 +- -1.00 (1)
0.5243 +- -1.00 (1)
0.5379 +- -1.00 (1)
0.5161 +- -1.00 (1)
0.5351 +- -1.00 (1)
0.5322 +- -1.00 (1)
0.5149 +- -1.00 (1)
0.4805 +- -1.00 (1)
0.5126 +- -1.00 (1)
0.5169 +- -1.00 (1)
0.5153 +- -1.00 (1)
0.5132 +- -1.00 (1)
0.5016 +- -1.00 (1)
0.5404 +- -1.00 (1)
0.5265 +- -1.00 (1)
0.5011 +- -1.00 (1)
0.5316 +- -1.00 (1)
0.4936 +- -1.00 (1)
0.5240 +- -1.00 (1)
0.5419 +- -1.00 (1)
0.4659 +- -1.00 (1)
0.5155 +- -1.00 (1)
0.4945 +- -1.00 (1)
0.5193 +- -1.00 (1)
0.5016 +- -1.00 (1)
0.5373 +- -1.00 (1)
0.5109 +- -1.00 (1)
0.5420 +- -1.00 (1)
0.5366 +- -1.00 (1)
0.5513 +- -1.00 (1)
0.5183 +- -1.00 (1)
0.5108 +- -1.00 (1)
0.5432 +- -1.00 (1)
0.5110 +- -1.00 (1)
0.5349 +- -1.00 (1)
0.5122 +- -1.00 (1)
0.5545 +- -1.00 (1)
0.5023 +- -1.00 (1)
0.5372 +- -1.00 (1)
0.5104 +- -1.00 (1)
0.5214 +- -1.00 (1)
0.4636 +- -1.00 (1)
0.4980 +- -1.00 (1)
0.5265 +- -1.00 (1)
0.5165 +- -1.00 (1)
0.5438 +- -1.00 (1)
0.5550 +- -1.00 (1)
0.5046 +- -1.00 (1)
0.5018 +- -1.00 (1)
0.5346 +- -1.00 (1)
0.5316 +- -1.00 (1)
0.4954 +- -1.00 (1)
0.4839 +- -1.00 (1)
0.5217 +- -1.00 (1)
0.5088 +- -1.00 (1)
0.4975 +- -1.00 (1)
0.4885 +- -1.00 (1)
0.5545 +- -1.00 (1)
0.5397 +- -1.00 (1)
0.5134 +- -1.00 (1)
0.4950 +- -1.00 (1)
0.5131 +- -1.00 (1)
0.5460 +- -1.00 (1)
0.5183 +- -1.00 (1)
0.5177 +- -1.00 (1)
0.5741 +- -1.00 (1)
0.5475 +- -1.00 (1)
0.5046 +- -1.00 (1)
0.5238 +- -1.00 (1)
0.4597 +- -1.00 (1)
0.5298 +- -1.00 (1)
0.5251 +- -1.00 (1)
0.5497 +- -1.00 (1)
0.5263 +- -1.00 (1)
0.4977 +- -1.00 (1)
0.5363 +- -1.00 (1)
0.5183 +- -1.00 (1)
0.5367 +- -1.00 (1)
0.5414 +- -1.00 (1)
0.5287 +- -1.00 (1)
0.5507 +- -1.00 (1)
0.5036 +- -1.00 (1)
0.5108 +- -1.00 (1)
0.5186 +- -1.00 (1)
0.5336 +- -1.00 (1)
0.5237 +- -1.00 (1)
0.4901 +- -1.00 (1)
0.5144 +- -1.00 (1)
0.5253 +- -1.00 (1)
0.5064 +- -1.00 (1)
0.5379 +- -1.00 (1)
0.5529 +- -1.00 (1)
0.5057 +- -1.00 (1)
0.5381 +- -1.00 (1)
0.5080 +- -1.00 (1)
0.5222 +- -1.00 (1)
0.5261 +- -1.00 (1)
0.5109 +- -1.00 (1)
0.4757 +- -1.00 (1)
0.5215 +- -1.00 (1)
0.5243 +- -1.00 (1)
0.5092 +- -1.00 (1)
0.5049 +- -1.00 (1)
0.5254 +- -1.00 (1)
0.4905 +- -1.00 (1)
0.5161 +- -1.00 (1)
0.5260 +- -1.00 (1)
0.5150 +- -1.00 (1)
0.5210 +- -1.00 (1)
0.5027 +- -1.00 (1)
0.5261 +- -1.00 (1)
0.5334 +- -1.00 (1)
0.5173 +- -1.00 (1)
0.5092 +- -1.00 (1)
0.5173 +- -1.00 (1)
0.5326 +- -1.00 (1)
0.5207 +- -1.00 (1)
0.5172 +- -1.00 (1)
0.5295 +- -1.00 (1)
0.4996 +- -1.00 (1)
0.5237 +- -1.00 (1)
0.5180 +- -1.00 (1)
0.5056 +- -1.00 (1)
0.4868 +- -1.00 (1)
0.5252 +- -1.00 (1)
0.4734 +- -1.00 (1)
0.5144 +- -1.00 (1)
0.5455 +- -1.00 (1)
0.5354 +- -1.00 (1)
0.5363 +- -1.00 (1)
0.5342 +- -1.00 (1)
0.5247 +- -1.00 (1)
0.5249 +- -1.00 (1)
0.5262 +- -1.00 (1)
0.5237 +- -1.00 (1)
0.5422 +- -1.00 (1)
0.5348 +- -1.00 (1)
0.5148 +- -1.00 (1)
0.5267 +- -1.00 (1)
0.5087 +- -1.00 (1)
0.4987 +- -1.00 (1)
0.4931 +- -1.00 (1)
0.5311 +- -1.00 (1)
0.5351 +- -1.00 (1)
0.5089 +- -1.00 (1)
0.5415 +- -1.00 (1)
0.5097 +- -1.00 (1)
0.5041 +- -1.00 (1)
0.4744 +- -1.00 (1)
0.5489 +- -1.00 (1)
0.4989 +- -1.00 (1)
0.5167 +- -1.00 (1)
0.4818 +- -1.00 (1)
0.5287 +- -1.00 (1)
0.4807 +- -1.00 (1)
0.5122 +- -1.00 (1)
0.4764 +- -1.00 (1)
0.5253 +- -1.00 (1)
0.4937 +- -1.00 (1)
0.5058 +- -1.00 (1)
0.5260 +- -1.00 (1)
0.5033 +- -1.00 (1)
0.5276 +- -1.00 (1)
0.4906 +- -1.00 (1)
0.5007 +- -1.00 (1)
0.4895 +- -1.00 (1)
0.5320 +- -1.00 (1)
0.4998 +- -1.00 (1)
0.5399 +- -1.00 (1)
0.5405 +- -1.00 (1)
0.4989 +- -1.00 (1)
0.4770 +- -1.00 (1)
0.5069 +- -1.00 (1)
0.5254 +- -1.00 (1)
0.5398 +- -1.00 (1)
0.3208 +- -1.00 (1)
0.3150 +- -1.00 (1)
0.3267 +- -1.00 (1)
0.3204 +- -1.00 (1)
0.3180 +- -1.00 (1)
0.2703 +- -1.00 (1)
0.3053 +- -1.00 (1)
0.2441 +- -1.00 (1)
0.3086 +- -1.00 (1)
0.3057 +- -1.00 (1)
0.3102 +- -1.00 (1)
0.2734 +- -1.00 (1)
0.3233 +- -1.00 (1)
0.3894 +- -1.00 (1)
0.2990 +- -1.00 (1)
0.3066 +- -1.00 (1)
0.3033 +- -1.00 (1)
0.3696 +- -1.00 (1)
0.3076 +- -1.00 (1)
0.2970 +- -1.00 (1)
0.2793 +- -1.00 (1)
0.3636 +- -1.00 (1)
0.3046 +- -1.00 (1)
0.3032 +- -1.00 (1)
0.3709 +- -1.00 (1)
0.2435 +- -1.00 (1)
0.2616 +- -1.00 (1)
0.3681 +- -1.00 (1)
0.2864 +- -1.00 (1)
0.3044 +- -1.00 (1)
0.3295 +- -1.00 (1)
0.2410 +- -1.00 (1)
0.3486 +- -1.00 (1)
0.2951 +- -1.00 (1)
0.3036 +- -1.00 (1)
0.2982 +- -1.00 (1)
0.3243 +- -1.00 (1)
0.3222 +- -1.00 (1)
0.3362 +- -1.00 (1)
0.2808 +- -1.00 (1)
0.3229 +- -1.00 (1)
0.3065 +- -1.00 (1)
0.3139 +- -1.00 (1)
0.3039 +- -1.00 (1)
0.3485 +- -1.00 (1)
0.2565 +- -1.00 (1)
0.2964 +- -1.00 (1)
0.3096 +- -1.00 (1)
0.2895 +- -1.00 (1)
0.3320 +- -1.00 (1)
0.2804 +- -1.00 (1)
0.3590 +- -1.00 (1)
0.3202 +- -1.00 (1)
0.2934 +- -1.00 (1)
0.2986 +- -1.00 (1)
0.3188 +- -1.00 (1)
0.2921 +- -1.00 (1)
0.2485 +- -1.00 (1)
0.2982 +- -1.00 (1)
0.2482 +- -1.00 (1)
0.3236 +- -1.00 (1)
0.2629 +- -1.00 (1)
0.3161 +- -1.00 (1)
0.2558 +- -1.00 (1)
0.2761 +- -1.00 (1)
0.3353 +- -1.00 (1)
0.3123 +- -1.00 (1)
0.3691 +- -1.00 (1)
0.2538 +- -1.00 (1)
0.3569 +- -1.00 (1)
0.3129 +- -1.00 (1)
0.2310 +- -1.00 (1)
0.2573 +- -1.00 (1)
0.2560 +- -1.00 (1)
0.3308 +- -1.00 (1)
0.3350 +- -1.00 (1)
0.3110 +- -1.00 (1)
0.3392 +- -1.00 (1)
0.3013 +- -1.00 (1)
0.3325 +- -1.00 (1)
0.3047 +- -1.00 (1)
0.2939 +- -1.00 (1)
0.3185 +- -1.00 (1)
0.2986 +- -1.00 (1)
0.3380 +- -1.00 (1)
0.3045 +- -1.00 (1)
0.2646 +- -1.00 (1)
0.3668 +- -1.00 (1)
0.2076 +- -1.00 (1)
0.3152 +- -1.00 (1)
0.3579 +- -1.00 (1)
0.2809 +- -1.00 (1)
0.3252 +- -1.00 (1)
0.2800 +- -1.00 (1)
0.3159 +- -1.00 (1)
0.2735 +- -1.00 (1)
0.3037 +- -1.00 (1)
0.2642 +- -1.00 (1)
0.3547 +- -1.00 (1)
0.3522 +- -1.00 (1)
0.5155 +- -1.00 (1)
0.5494 +- -1.00 (1)
0.5663 +- -1.00 (1)
0.5131 +- -1.00 (1)
0.5207 +- -1.00 (1)
0.5150 +- -1.00 (1)
0.5520 +- -1.00 (1)
0.5466 +- -1.00 (1)
0.5710 +- -1.00 (1)
0.4832 +- -1.00 (1)
0.5402 +- -1.00 (1)
0.5364 +- -1.00 (1)
0.5458 +- -1.00 (1)
0.5254 +- -1.00 (1)
0.5060 +- -1.00 (1)
0.5786 +- -1.00 (1)
0.5107 +- -1.00 (1)
0.5689 +- -1.00 (1)
0.5786 +- -1.00 (1)
0.5372 +- -1.00 (1)
0.5466 +- -1.00 (1)
0.5130 +- -1.00 (1)
0.5688 +- -1.00 (1)
0.5267 +- -1.00 (1)
0.4915 +- -1.00 (1)
0.4676 +- -1.00 (1)
0.4937 +- -1.00 (1)
0.5185 +- -1.00 (1)
0.4927 +- -1.00 (1)
0.5666 +- -1.00 (1)
0.5445 +- -1.00 (1)
0.5562 +- -1.00 (1)
0.5381 +- -1.00 (1)
0.5107 +- -1.00 (1)
0.5204 +- -1.00 (1)
0.5513 +- -1.00 (1)
0.5216 +- -1.00 (1)
0.5369 +- -1.00 (1)
0.5289 +- -1.00 (1)
0.4977 +- -1.00 (1)
0.5438 +- -1.00 (1)
0.5155 +- -1.00 (1)
0.5136 +- -1.00 (1)
0.5294 +- -1.00 (1)
0.5759 +- -1.00 (1)
0.5453 +- -1.00 (1)
0.5260 +- -1.00 (1)
0.4876 +- -1.00 (1)
0.5388 +- -1.00 (1)
0.5595 +- -1.00 (1)
0.5599 +- -1.00 (1)
0.5224 +- -1.00 (1)
0.5500 +- -1.00 (1)
0.5135 +- -1.00 (1)
0.5561 +- -1.00 (1)
0.5150 +- -1.00 (1)
0.5710 +- -1.00 (1)
0.5955 +- -1.00 (1)
0.5144 +- -1.00 (1)
0.5317 +- -1.00 (1)
0.5328 +- -1.00 (1)
0.5682 +- -1.00 (1)
0.5011 +- -1.00 (1)
0.5733 +- -1.00 (1)
0.5422 +- -1.00 (1)
0.5437 +- -1.00 (1)
0.5121 +- -1.00 (1)
0.5056 +- -1.00 (1)
0.5588 +- -1.00 (1)
0.4962 +- -1.00 (1)
0.4933 +- -1.00 (1)
0.5566 +- -1.00 (1)
0.5357 +- -1.00 (1)
0.5320 +- -1.00 (1)
0.5327 +- -1.00 (1)
0.5504 +- -1.00 (1)
0.5082 +- -1.00 (1)
0.5243 +- -1.00 (1)
0.4948 +- -1.00 (1)
0.5409 +- -1.00 (1)
0.5574 +- -1.00 (1)
0.5436 +- -1.00 (1)
0.5077 +- -1.00 (1)
0.5749 +- -1.00 (1)
0.5078 +- -1.00 (1)
0.5649 +- -1.00 (1)
0.6049 +- -1.00 (1)
0.5934 +- -1.00 (1)
0.5290 +- -1.00 (1)
0.5363 +- -1.00 (1)
0.5752 +- -1.00 (1)
0.5031 +- -1.00 (1)
0.5622 +- -1.00 (1)
0.5828 +- -1.00 (1)
0.5862 +- -1.00 (1)
0.5730 +- -1.00 (1)
0.4735 +- -1.00 (1)
0.5711 +- -1.00 (1)
0.5533 +- -1.00 (1)
0.5406 +- -1.00 (1)
0.5220 +- -1.00 (1)
0.5066 +- -1.00 (1)
0.5288 +- -1.00 (1)
0.5465 +- -1.00 (1)
0.5143 +- -1.00 (1)
0.5486 +- -1.00 (1)
0.5247 +- -1.00 (1)
0.5114 +- -1.00 (1)
0.5475 +- -1.00 (1)
0.5376 +- -1.00 (1)
0.5488 +- -1.00 (1)
0.5207 +- -1.00 (1)
0.5178 +- -1.00 (1)
0.5824 +- -1.00 (1)
0.5526 +- -1.00 (1)
0.5493 +- -1.00 (1)
0.5564 +- -1.00 (1)
0.5315 +- -1.00 (1)
0.5432 +- -1.00 (1)
0.5519 +- -1.00 (1)
0.5309 +- -1.00 (1)
0.5685 +- -1.00 (1)
0.5378 +- -1.00 (1)
0.5359 +- -1.00 (1)
0.5459 +- -1.00 (1)
0.5284 +- -1.00 (1)
0.4964 +- -1.00 (1)
0.4961 +- -1.00 (1)
0.5472 +- -1.00 (1)
0.5698 +- -1.00 (1)
0.5313 +- -1.00 (1)
0.5545 +- -1.00 (1)
0.5585 +- -1.00 (1)
0.5175 +- -1.00 (1)
0.5691 +- -1.00 (1)
0.5498 +- -1.00 (1)
0.5389 +- -1.00 (1)
0.5337 +- -1.00 (1)
0.5451 +- -1.00 (1)
0.5036 +- -1.00 (1)
0.5517 +- -1.00 (1)
0.5249 +- -1.00 (1)
0.5119 +- -1.00 (1)
0.5066 +- -1.00 (1)
0.5488 +- -1.00 (1)
0.5235 +- -1.00 (1)
0.5752 +- -1.00 (1)
0.5370 +- -1.00 (1)
0.5334 +- -1.00 (1)
0.5747 +- -1.00 (1)
0.4954 +- -1.00 (1)
0.5256 +- -1.00 (1)
0.5335 +- -1.00 (1)
0.5422 +- -1.00 (1)
0.5350 +- -1.00 (1)
0.5587 +- -1.00 (1)
0.5232 +- -1.00 (1)
0.5719 +- -1.00 (1)
0.5460 +- -1.00 (1)
0.5093 +- -1.00 (1)
0.5064 +- -1.00 (1)
0.5267 +- -1.00 (1)
0.5072 +- -1.00 (1)
0.5398 +- -1.00 (1)
0.5428 +- -1.00 (1)
0.5326 +- -1.00 (1)
0.5582 +- -1.00 (1)
0.5425 +- -1.00 (1)
0.5375 +- -1.00 (1)
0.5462 +- -1.00 (1)
0.5432 +- -1.00 (1)
0.5261 +- -1.00 (1)
0.5051 +- -1.00 (1)
0.5176 +- -1.00 (1)
0.5784 +- -1.00 (1)
0.5376 +- -1.00 (1)
0.5394 +- -1.00 (1)
0.5443 +- -1.00 (1)
0.5370 +- -1.00 (1)
0.5061 +- -1.00 (1)
0.5713 +- -1.00 (1)
0.5432 +- -1.00 (1)
0.5666 +- -1.00 (1)
0.5297 +- -1.00 (1)
0.5498 +- -1.00 (1)
0.5516 +- -1.00 (1)
0.5363 +- -1.00 (1)
0.5015 +- -1.00 (1)
0.5429 +- -1.00 (1)
0.4764 +- -1.00 (1)
0.5416 +- -1.00 (1)
0.4986 +- -1.00 (1)
0.5472 +- -1.00 (1)
0.5673 +- -1.00 (1)
0.4918 +- -1.00 (1)
0.5985 +- -1.00 (1)
0.5389 +- -1.00 (1)
0.5419 +- -1.00 (1)
0.5492 +- -1.00 (1)
0.5053 +- -1.00 (1)
0.5819 +- -1.00 (1)
0.5565 +- -1.00 (1)
0.5267 +- -1.00 (1)
0.5424 +- -1.00 (1)
0.5481 +- -1.00 (1)
0.5574 +- -1.00 (1)
0.5668 +- -1.00 (1)
0.5447 +- -1.00 (1)
0.5310 +- -1.00 (1)
0.5254 +- -1.00 (1)
0.5406 +- -1.00 (1)
0.5237 +- -1.00 (1)
0.5324 +- -1.00 (1)
0.5395 +- -1.00 (1)
0.5257 +- -1.00 (1)
0.5630 +- -1.00 (1)
0.5630 +- -1.00 (1)
0.5498 +- -1.00 (1)
0.5169 +- -1.00 (1)
0.5367 +- -1.00 (1)
0.5044 +- -1.00 (1)
0.5180 +- -1.00 (1)
0.5164 +- -1.00 (1)
0.5300 +- -1.00 (1)
0.5293 +- -1.00 (1)
0.5608 +- -1.00 (1)
0.5443 +- -1.00 (1)
0.5391 +- -1.00 (1)
0.5273 +- -1.00 (1)
0.5379 +- -1.00 (1)
0.5424 +- -1.00 (1)
0.5380 +- -1.00 (1)
0.5289 +- -1.00 (1)
0.5448 +- -1.00 (1)
0.5002 +- -1.00 (1)
0.5389 +- -1.00 (1)
0.5461 +- -1.00 (1)
0.5392 +- -1.00 (1)
0.5506 +- -1.00 (1)
0.5318 +- -1.00 (1)
0.4894 +- -1.00 (1)
0.5691 +- -1.00 (1)
0.5733 +- -1.00 (1)
0.5354 +- -1.00 (1)
0.5700 +- -1.00 (1)
0.5728 +- -1.00 (1)
0.5526 +- -1.00 (1)
0.5438 +- -1.00 (1)
0.5040 +- -1.00 (1)
0.5263 +- -1.00 (1)
0.5472 +- -1.00 (1)
0.5145 +- -1.00 (1)
0.5032 +- -1.00 (1)
0.5921 +- -1.00 (1)
0.5392 +- -1.00 (1)
0.5839 +- -1.00 (1)
0.5044 +- -1.00 (1)
0.5524 +- -1.00 (1)
0.5541 +- -1.00 (1)
0.5152 +- -1.00 (1)
0.5510 +- -1.00 (1)
0.4966 +- -1.00 (1)
0.5210 +- -1.00 (1)
0.5678 +- -1.00 (1)
0.5363 +- -1.00 (1)
0.5583 +- -1.00 (1)
0.5435 +- -1.00 (1)
0.5340 +- -1.00 (1)
0.5726 +- -1.00 (1)
0.5465 +- -1.00 (1)
0.5530 +- -1.00 (1)
0.5434 +- -1.00 (1)
0.5539 +- -1.00 (1)
0.5443 +- -1.00 (1)
0.5458 +- -1.00 (1)
0.5087 +- -1.00 (1)
0.4970 +- -1.00 (1)
0.5594 +- -1.00 (1)
0.5590 +- -1.00 (1)
0.5068 +- -1.00 (1)
0.5406 +- -1.00 (1)
0.5539 +- -1.00 (1)
0.4974 +- -1.00 (1)
0.5708 +- -1.00 (1)
0.5684 +- -1.00 (1)
0.5511 +- -1.00 (1)
0.5392 +- -1.00 (1)
0.5635 +- -1.00 (1)
0.5558 +- -1.00 (1)
0.5224 +- -1.00 (1)
0.5594 +- -1.00 (1)
0.5397 +- -1.00 (1)
0.5605 +- -1.00 (1)
0.5541 +- -1.00 (1)
0.5604 +- -1.00 (1)
0.5764 +- -1.00 (1)
0.5494 +- -1.00 (1)
0.5536 +- -1.00 (1)
0.5330 +- -1.00 (1)
0.5328 +- -1.00 (1)
0.5250 +- -1.00 (1)
0.5448 +- -1.00 (1)
0.5297 +- -1.00 (1)
0.5081 +- -1.00 (1)
0.4916 +- -1.00 (1)
0.5121 +- -1.00 (1)
0.5070 +- -1.00 (1)
0.5359 +- -1.00 (1)
0.5372 +- -1.00 (1)
0.5410 +- -1.00 (1)
0.5229 +- -1.00 (1)
0.4991 +- -1.00 (1)
0.5446 +- -1.00 (1)
0.5083 +- -1.00 (1)
0.5448 +- -1.00 (1)
0.5221 +- -1.00 (1)
0.5406 +- -1.00 (1)
0.5196 +- -1.00 (1)
0.5221 +- -1.00 (1)
0.5253 +- -1.00 (1)
0.5276 +- -1.00 (1)
0.5316 +- -1.00 (1)
0.5115 +- -1.00 (1)
0.5174 +- -1.00 (1)
0.5362 +- -1.00 (1)
0.5114 +- -1.00 (1)
0.5352 +- -1.00 (1)
0.5215 +- -1.00 (1)
0.5224 +- -1.00 (1)
0.5233 +- -1.00 (1)
0.5050 +- -1.00 (1)
0.5258 +- -1.00 (1)
0.5227 +- -1.00 (1)
0.4989 +- -1.00 (1)
0.5264 +- -1.00 (1)
0.5101 +- -1.00 (1)
0.5241 +- -1.00 (1)
0.5418 +- -1.00 (1)
0.5307 +- -1.00 (1)
0.5229 +- -1.00 (1)
0.5107 +- -1.00 (1)
0.4926 +- -1.00 (1)
0.5050 +- -1.00 (1)
0.5228 +- -1.00 (1)
0.5077 +- -1.00 (1)
0.5297 +- -1.00 (1)
0.5163 +- -1.00 (1)
0.5099 +- -1.00 (1)
0.5103 +- -1.00 (1)
0.5564 +- -1.00 (1)
0.5038 +- -1.00 (1)
0.5127 +- -1.00 (1)
0.5125 +- -1.00 (1)
0.5188 +- -1.00 (1)
0.5152 +- -1.00 (1)
0.5195 +- -1.00 (1)
0.5236 +- -1.00 (1)
0.4933 +- -1.00 (1)
0.5177 +- -1.00 (1)
0.5216 +- -1.00 (1)
0.5181 +- -1.00 (1)
0.5202 +- -1.00 (1)
0.5173 +- -1.00 (1)
0.5097 +- -1.00 (1)
0.5499 +- -1.00 (1)
0.5081 +- -1.00 (1)
0.5460 +- -1.00 (1)
0.5183 +- -1.00 (1)
0.5174 +- -1.00 (1)
0.5171 +- -1.00 (1)
0.4841 +- -1.00 (1)
0.5240 +- -1.00 (1)
0.5251 +- -1.00 (1)
0.5185 +- -1.00 (1)
0.4774 +- -1.00 (1)
0.5284 +- -1.00 (1)
0.5288 +- -1.00 (1)
0.5003 +- -1.00 (1)
0.5156 +- -1.00 (1)
0.5058 +- -1.00 (1)
0.5245 +- -1.00 (1)
0.5246 +- -1.00 (1)
0.5360 +- -1.00 (1)
0.4880 +- -1.00 (1)
0.5276 +- -1.00 (1)
0.5407 +- -1.00 (1)
0.5002 +- -1.00 (1)
0.5423 +- -1.00 (1)
0.5222 +- -1.00 (1)
0.5312 +- -1.00 (1)
0.5242 +- -1.00 (1)
0.5116 +- -1.00 (1)
0.5109 +- -1.00 (1)
0.5074 +- -1.00 (1)
0.5189 +- -1.00 (1)
0.5088 +- -1.00 (1)
0.5249 +- -1.00 (1)
0.5169 +- -1.00 (1)
0.5201 +- -1.00 (1)
0.5044 +- -1.00 (1)
