0.3039 
0.3327 
0.2910 
0.2687 
0.3044 
0.2405 
0.2427 
0.2667 
0.2957 
0.2953 
0.2200 
0.2625 
0.2551 
0.3024 
0.2610 
0.2809 
0.2710 
0.3064 
0.2809 
0.2945 
0.2983 
0.3230 
0.2783 
0.2726 
0.2857 
0.2880 
0.3313 
0.2605 
0.3128 
0.3424 
0.3331 
0.2831 
0.2597 
0.2922 
0.3206 
0.2602 
0.2647 
0.2906 
0.2831 
0.2698 
0.2818 
0.3218 
0.2572 
0.2961 
0.3183 
0.3053 
0.2821 
0.2773 
0.2729 
0.2439 
0.2592 
0.2785 
0.3061 
0.2628 
0.2751 
0.2952 
0.2863 
0.2431 
0.2942 
0.3020 
0.2862 
0.2919 
0.2847 
0.3259 
0.2771 
0.2837 
0.2781 
0.3291 
0.2884 
0.2761 
0.2421 
0.2534 
0.2655 
0.2827 
0.2720 
0.2792 
0.2834 
0.3097 
0.3273 
0.2788 
0.3186 
0.3095 
0.2952 
0.3193 
0.2950 
0.2903 
0.3508 
0.3137 
0.2976 
0.3184 
0.2625 
0.3054 
0.2934 
0.2520 
0.2334 
0.2816 
0.2625 
0.2893 
0.2807 
0.2367 
0.6737 
0.6785 
0.6490 
0.6911 
0.6645 
0.6326 
0.6965 
0.6421 
0.6630 
0.6595 
0.6913 
0.7018 
0.7145 
0.6920 
0.6702 
0.6645 
0.6846 
0.6627 
0.6642 
0.7088 
0.6654 
0.6827 
0.7141 
0.7285 
0.7015 
0.7109 
0.6721 
0.6806 
0.6791 
0.6913 
0.6763 
0.7147 
0.6934 
0.6784 
0.6843 
0.6850 
0.6711 
0.6607 
0.6974 
0.6831 
0.7018 
0.6621 
0.6556 
0.6346 
0.6535 
0.6840 
0.6835 
0.6893 
0.6884 
0.7020 
0.6946 
0.6738 
0.6626 
0.6574 
0.6768 
0.6849 
0.6979 
0.6953 
0.6649 
0.6494 
0.6943 
0.6756 
0.7271 
0.6833 
0.6600 
0.6874 
0.6544 
0.7154 
0.6778 
0.6898 
0.7036 
0.6841 
0.7014 
0.6917 
0.6778 
0.6771 
0.6840 
0.6558 
0.6806 
0.6798 
0.6472 
0.6962 
0.6648 
0.6777 
0.6851 
0.6773 
0.6837 
0.6843 
0.6941 
0.6853 
0.7137 
0.6678 
0.7300 
0.7155 
0.6908 
0.6501 
0.6631 
0.6506 
0.6926 
0.6396 
0.3712 
0.3341 
0.3517 
0.4461 
0.2941 
0.3423 
0.3584 
0.3815 
0.4296 
0.3443 
0.3031 
0.4082 
0.3711 
0.4246 
0.3648 
0.3952 
0.3620 
0.2919 
0.3952 
0.4176 
0.4115 
0.4070 
0.3920 
0.3180 
0.4181 
0.3905 
0.3634 
0.3816 
0.3373 
0.3647 
0.4193 
0.3829 
0.3202 
0.3842 
0.3841 
0.3445 
0.3684 
0.3444 
0.4049 
0.3402 
0.3624 
0.3295 
0.4013 
0.3649 
0.3698 
0.3263 
0.3769 
0.3098 
0.4239 
0.3718 
0.3547 
0.3984 
0.3659 
0.3937 
0.3758 
0.4396 
0.4219 
0.4113 
0.3301 
0.4096 
0.3734 
0.3866 
0.3687 
0.4060 
0.3352 
0.4026 
0.3212 
0.3690 
0.3951 
0.4304 
0.3276 
0.3698 
0.3424 
0.3622 
0.3377 
0.3281 
0.3116 
0.3348 
0.4120 
0.3889 
0.3221 
0.3378 
0.3836 
0.3724 
0.4257 
0.3056 
0.3985 
0.3753 
0.3057 
0.3350 
0.3141 
0.3603 
0.4108 
0.3316 
0.3722 
0.4114 
0.3928 
0.4228 
0.3710 
0.3763 
0.2361 
0.2424 
0.2574 
0.3173 
0.2566 
0.2802 
0.3089 
0.3079 
0.2950 
0.3234 
0.2921 
0.3208 
0.3126 
0.3008 
0.3127 
0.3067 
0.3065 
0.3230 
0.3067 
0.2590 
0.2630 
0.3723 
0.3086 
0.2876 
0.3498 
0.2877 
0.3480 
0.3329 
0.2992 
0.2463 
0.2764 
0.2816 
0.2228 
0.3128 
0.2389 
0.3044 
0.2890 
0.2608 
0.2997 
0.2377 
0.3440 
0.2180 
0.3112 
0.2623 
0.2708 
0.2661 
0.2717 
0.3471 
0.3115 
0.2981 
0.2994 
0.2912 
0.3621 
0.2659 
0.2303 
0.2299 
0.3014 
0.2731 
0.2927 
0.3019 
0.2808 
0.2587 
0.2953 
0.3236 
0.2922 
0.2728 
0.2150 
0.3563 
0.3157 
0.3010 
0.2719 
0.2850 
0.2699 
0.2866 
0.2992 
0.2589 
0.2818 
0.2726 
0.3246 
0.3573 
0.3300 
0.2435 
0.2614 
0.2757 
0.2864 
0.2444 
0.3160 
0.2915 
0.2429 
0.2550 
0.2587 
0.2528 
0.2702 
0.2796 
0.2954 
0.2943 
0.2525 
0.3143 
0.3262 
0.2644 
0.5842 
0.6361 
0.5972 
0.6273 
0.6019 
0.5964 
0.5954 
0.6240 
0.6381 
0.6179 
0.6085 
0.6211 
0.6657 
0.6392 
0.6031 
0.6746 
0.5980 
0.6804 
0.6745 
0.6603 
0.6316 
0.6210 
0.5707 
0.5933 
0.5881 
0.6629 
0.6342 
0.6414 
0.5863 
0.5978 
0.6093 
0.6297 
0.5680 
0.5735 
0.6330 
0.6315 
0.6080 
0.5924 
0.6289 
0.6404 
0.5734 
0.6175 
0.5922 
0.5975 
0.6559 
0.5701 
0.6109 
0.6380 
0.6582 
0.6312 
0.6234 
0.5871 
0.6095 
0.6400 
0.6414 
0.6409 
0.5743 
0.6506 
0.5889 
0.6665 
0.6024 
0.6612 
0.6652 
0.6221 
0.6467 
0.6087 
0.6187 
0.6263 
0.6218 
0.6118 
0.6455 
0.6655 
0.6225 
0.6093 
0.6309 
0.5630 
0.5557 
0.6063 
0.6060 
0.5824 
0.6249 
0.5820 
0.6323 
0.6829 
0.5668 
0.6563 
0.6386 
0.6420 
0.6328 
0.6286 
0.6769 
0.6575 
0.6700 
0.6178 
0.5862 
0.6208 
0.6289 
0.6119 
0.6631 
0.6235 
0.6199 
0.6042 
0.5921 
0.6258 
0.5905 
0.6520 
0.6372 
0.5793 
0.6055 
0.6648 
0.6126 
0.5867 
0.6562 
0.6158 
0.6156 
0.6114 
0.6580 
0.6022 
0.6128 
0.6128 
0.5882 
0.5915 
0.6439 
0.5890 
0.6278 
0.6285 
0.6371 
0.6072 
0.6056 
0.6054 
0.6319 
0.6489 
0.5999 
0.6434 
0.5855 
0.6237 
0.6067 
0.6134 
0.6531 
0.5975 
0.6568 
0.6759 
0.6353 
0.6400 
0.6211 
0.6110 
0.6576 
0.5931 
0.5904 
0.6389 
0.6064 
0.6124 
0.6400 
0.6330 
0.6191 
0.6711 
0.6479 
0.6424 
0.6161 
0.6477 
0.6703 
0.6504 
0.5913 
0.6603 
0.6069 
0.6286 
0.5931 
0.6562 
0.6355 
0.6444 
0.6598 
0.6081 
0.6383 
0.5846 
0.6246 
0.6464 
0.6197 
0.6339 
0.6601 
0.5613 
0.6125 
0.5803 
0.5978 
0.6458 
0.5883 
0.6211 
0.6536 
0.6370 
0.6586 
0.5926 
0.6349 
0.6370 
0.6080 
0.6431 
0.6576 
0.6512 
0.5936 
0.5961 
0.6168 
0.6349 
0.3385 
0.3937 
0.3289 
0.3371 
0.3350 
0.3305 
0.3965 
0.2964 
0.3705 
0.3754 
0.3969 
0.3220 
0.3694 
0.3979 
0.3283 
0.3443 
0.3601 
0.4352 
0.3443 
0.3447 
0.3251 
0.3842 
0.3413 
0.3603 
0.4214 
0.3067 
0.3174 
0.4595 
0.3491 
0.3486 
0.3425 
0.3136 
0.4050 
0.3372 
0.3595 
0.3512 
0.3565 
0.3186 
0.4189 
0.3652 
0.3774 
0.3747 
0.3880 
0.3348 
0.4324 
0.3019 
0.3453 
0.3468 
0.3787 
0.3755 
0.3442 
0.4024 
0.3341 
0.3559 
0.3462 
0.3440 
0.3536 
0.3257 
0.3544 
0.2724 
0.3617 
0.2977 
0.3333 
0.2761 
0.3293 
0.3773 
0.3578 
0.4460 
0.3136 
0.3783 
0.3808 
0.2640 
0.2956 
0.3027 
0.3639 
0.3535 
0.3695 
0.3890 
0.3623 
0.3823 
0.2959 
0.3238 
0.3906 
0.3262 
0.3632 
0.3317 
0.2985 
0.3894 
0.2645 
0.3405 
0.4055 
0.3030 
0.4116 
0.3770 
0.3410 
0.3510 
0.3591 
0.3164 
0.4159 
0.3870 
0.6319 
0.6846 
0.6719 
0.6462 
0.6422 
0.6466 
0.6741 
0.6721 
0.7070 
0.6574 
0.6655 
0.6997 
0.6439 
0.6175 
0.6380 
0.6791 
0.6517 
0.6902 
0.6791 
0.6393 
0.6779 
0.6640 
0.6989 
0.6545 
0.6222 
0.6204 
0.6435 
0.6549 
0.6125 
0.6798 
0.6213 
0.6742 
0.6792 
0.6384 
0.6248 
0.7020 
0.6237 
0.6446 
0.6275 
0.6485 
0.6679 
0.6426 
0.6383 
0.6851 
0.7198 
0.6424 
0.6583 
0.6173 
0.6298 
0.7167 
0.6653 
0.6279 
0.6001 
0.6218 
0.6864 
0.6547 
0.6765 
0.6966 
0.6397 
0.6716 
0.6859 
0.6786 
0.5979 
0.6864 
0.6358 
0.7092 
0.6308 
0.6342 
0.6870 
0.6102 
0.6448 
0.6657 
0.6503 
0.6600 
0.6574 
0.7031 
0.6325 
0.6114 
0.6124 
0.6626 
0.6645 
0.6513 
0.6150 
0.6971 
0.6520 
0.6784 
0.7393 
0.7069 
0.6571 
0.6491 
0.7042 
0.6635 
0.6629 
0.6761 
0.7053 
0.6617 
0.6329 
0.7166 
0.6303 
0.6809 
0.6381 
0.5902 
0.6488 
0.6423 
0.6368 
0.6597 
0.5931 
0.6617 
0.6408 
0.6161 
0.6669 
0.5833 
0.5897 
0.6459 
0.6274 
0.6110 
0.6336 
0.5922 
0.6363 
0.6374 
0.6207 
0.6329 
0.6117 
0.6158 
0.6174 
0.6414 
0.6019 
0.6061 
0.6418 
0.6258 
0.6436 
0.6619 
0.6285 
0.6059 
0.6457 
0.6164 
0.6439 
0.5930 
0.6587 
0.5803 
0.6391 
0.6315 
0.6068 
0.6066 
0.6194 
0.6195 
0.6565 
0.6707 
0.6403 
0.6737 
0.5446 
0.6245 
0.6407 
0.6310 
0.6473 
0.6397 
0.6222 
0.6475 
0.6665 
0.5842 
0.6262 
0.6627 
0.6094 
0.6108 
0.6598 
0.5904 
0.6208 
0.5899 
0.6433 
0.6484 
0.6149 
0.6219 
0.6076 
0.5957 
0.6428 
0.6614 
0.6579 
0.6625 
0.6219 
0.6147 
0.6200 
0.6315 
0.6515 
0.5967 
0.6500 
0.6574 
0.6054 
0.6518 
0.6306 
0.5758 
0.6079 
0.5936 
0.6501 
0.6587 
0.5769 
0.7191 
0.6755 
0.6694 
0.6223 
0.5917 
0.6703 
0.6170 
0.6469 
0.6445 
0.6687 
0.6721 
0.6041 
0.5820 
0.6221 
0.5961 
0.6038 
0.6230 
0.5971 
0.6021 
0.6167 
0.6603 
0.6603 
0.6374 
0.6089 
0.6328 
0.6017 
0.6032 
0.6037 
0.6101 
0.6357 
0.6506 
0.6584 
0.6441 
0.6312 
0.7096 
0.5910 
0.6278 
0.6196 
0.6571 
0.5657 
0.6392 
0.6320 
0.6516 
0.6177 
0.6081 
0.5895 
0.6157 
0.6326 
0.6131 
0.6604 
0.6851 
0.6086 
0.6455 
0.5688 
0.5741 
0.6230 
0.6056 
0.5522 
0.6669 
0.6738 
0.6655 
0.5552 
0.6222 
0.6549 
0.5870 
0.6386 
0.6245 
0.6096 
0.6152 
0.6702 
0.6273 
0.6532 
0.6051 
0.5872 
0.6179 
0.6103 
0.6232 
0.6283 
0.6356 
0.6632 
0.6357 
0.5948 
0.6427 
0.6438 
0.5867 
0.6490 
0.6619 
0.5956 
0.6285 
0.6463 
0.6108 
0.6033 
0.6211 
0.6129 
0.5741 
0.6680 
0.6491 
0.6649 
0.6506 
0.6311 
0.6461 
0.6108 
0.6204 
0.6101 
0.6188 
0.6363 
0.6184 
0.6725 
0.6061 
0.6434 
0.6622 
0.5854 
0.6252 
0.6286 
0.6248 
0.5838 
0.6216 
0.6313 
0.6174 
0.6896 
0.6548 
0.6596 
0.6191 
0.6548 
0.6793 
0.6182 
0.6252 
0.5928 
0.6356 
0.6297 
0.5945 
0.6478 
0.6386 
0.6217 
0.5893 
0.6402 
0.6144 
0.6257 
0.5632 
0.6717 
0.6225 
0.6179 
0.6633 
0.6479 
0.6500 
0.5915 
0.6144 
0.6242 
0.6446 
0.5894 
0.6292 
0.5990 
0.5964 
0.6238 
0.6197 
0.5793 
0.6109 
0.6519 
0.6771 
0.6058 
0.5903 
0.6286 
0.6347 
0.6147 
0.6090 
0.6015 
0.6372 
0.6454 
0.6244 
0.6301 
0.6436 
0.6362 
0.6392 
0.6461 
0.6296 
0.5858 
0.6286 
0.6141 
0.6460 
0.5921 
0.6313 
0.6078 
0.6142 
0.6487 
0.5780 
0.6142 
0.6258 
0.6615 
0.6206 
0.6674 
0.6419 
0.5996 
0.6317 
0.6320 
0.6024 
0.6941 
0.6047 
0.6019 
0.6406 
0.6028 
0.6092 
0.6551 
0.6582 
0.6119 
0.6028 
