0.5506 
0.5395 
0.5147 
0.5182 
0.5836 
0.5292 
0.5365 
0.5138 
0.5405 
0.5635 
0.5317 
0.4680 
0.4397 
0.5281 
0.5647 
0.5840 
0.4990 
0.5791 
0.5840 
0.5064 
0.5194 
0.5475 
0.5545 
0.5349 
0.5986 
0.5430 
0.5140 
0.5252 
0.5686 
0.5600 
0.5836 
0.4967 
0.5394 
0.5334 
0.5143 
0.5497 
0.5120 
0.5106 
0.5907 
0.5203 
0.5255 
0.5892 
0.5303 
0.5540 
0.5472 
0.5474 
0.5855 
0.5068 
0.5161 
0.5050 
0.4742 
0.5201 
0.4796 
0.5189 
0.4974 
0.5219 
0.4707 
0.5250 
0.5242 
0.5015 
0.5426 
0.4978 
0.4891 
0.5206 
0.5402 
0.5730 
0.5169 
0.4939 
0.5988 
0.5900 
0.4668 
0.5632 
0.5044 
0.5422 
0.5512 
0.5684 
0.5123 
0.5930 
0.5085 
0.5238 
0.6055 
0.5703 
0.5481 
0.4982 
0.5052 
0.5167 
0.5450 
0.4916 
0.5108 
0.5969 
0.5430 
0.5083 
0.5082 
0.5652 
0.4913 
0.5956 
0.5707 
0.5374 
0.4594 
0.5181 
0.8881 
0.9086 
0.9206 
0.8974 
0.9258 
0.9053 
0.9295 
0.8888 
0.8892 
0.9172 
0.9074 
0.8598 
0.8975 
0.8988 
0.9132 
0.9166 
0.9207 
0.8780 
0.9166 
0.9312 
0.9228 
0.9471 
0.8975 
0.9237 
0.9290 
0.9418 
0.9219 
0.9139 
0.8785 
0.9192 
0.8165 
0.9246 
0.8679 
0.8900 
0.9217 
0.9036 
0.9043 
0.9063 
0.8856 
0.9073 
0.9287 
0.9311 
0.8900 
0.9055 
0.9271 
0.9057 
0.8989 
0.9208 
0.8450 
0.9366 
0.9014 
0.9200 
0.9202 
0.9052 
0.9038 
0.9294 
0.9117 
0.9021 
0.9049 
0.9077 
0.8736 
0.9259 
0.9124 
0.9090 
0.8900 
0.9017 
0.9002 
0.9164 
0.9217 
0.9233 
0.8869 
0.8985 
0.9064 
0.9405 
0.9211 
0.9030 
0.8775 
0.9146 
0.9205 
0.9385 
0.9234 
0.8595 
0.9161 
0.9095 
0.9417 
0.9261 
0.9290 
0.9301 
0.9379 
0.9214 
0.9103 
0.9093 
0.9165 
0.8782 
0.9199 
0.9095 
0.8817 
0.9390 
0.9108 
0.8534 
0.6790 
0.6011 
0.5795 
0.5903 
0.5118 
0.5799 
0.5589 
0.6098 
0.6095 
0.6252 
0.4757 
0.6363 
0.6263 
0.5747 
0.6299 
0.6406 
0.5596 
0.5909 
0.6406 
0.6512 
0.7420 
0.6198 
0.5705 
0.6074 
0.6174 
0.5930 
0.6220 
0.5862 
0.6002 
0.6239 
0.6546 
0.6269 
0.5674 
0.6332 
0.6256 
0.6156 
0.5527 
0.6937 
0.6098 
0.5995 
0.5667 
0.5376 
0.6053 
0.6378 
0.5913 
0.6117 
0.5832 
0.6891 
0.5611 
0.6415 
0.6303 
0.6085 
0.6224 
0.5544 
0.5730 
0.7055 
0.5911 
0.6526 
0.6070 
0.6813 
0.5712 
0.6010 
0.5968 
0.6296 
0.5870 
0.5670 
0.5599 
0.5581 
0.5749 
0.6867 
0.5444 
0.6026 
0.5601 
0.6098 
0.5732 
0.5911 
0.6203 
0.5666 
0.5997 
0.5912 
0.5774 
0.6416 
0.5715 
0.6102 
0.6259 
0.5503 
0.6200 
0.5782 
0.5430 
0.5506 
0.6134 
0.4906 
0.5603 
0.5726 
0.6017 
0.6096 
0.5010 
0.6945 
0.6790 
0.6103 
0.5870 
0.6087 
0.6056 
0.6454 
0.5470 
0.6506 
0.5989 
0.6646 
0.6344 
0.6474 
0.6289 
0.6180 
0.6576 
0.6408 
0.6318 
0.5719 
0.6445 
0.6584 
0.5719 
0.5672 
0.6370 
0.6363 
0.5920 
0.6218 
0.7081 
0.5320 
0.6674 
0.7107 
0.6176 
0.5473 
0.6619 
0.6960 
0.5715 
0.6574 
0.5469 
0.6032 
0.6055 
0.5884 
0.6092 
0.5792 
0.6290 
0.5756 
0.6037 
0.5941 
0.6134 
0.6096 
0.6067 
0.6976 
0.6428 
0.6617 
0.6488 
0.5970 
0.6655 
0.6233 
0.5578 
0.5083 
0.5981 
0.6103 
0.6445 
0.6263 
0.6007 
0.5878 
0.6290 
0.6663 
0.5895 
0.6149 
0.5276 
0.6176 
0.6140 
0.5981 
0.6377 
0.6332 
0.6176 
0.5801 
0.6200 
0.5778 
0.6290 
0.6002 
0.6535 
0.6054 
0.6288 
0.5785 
0.6166 
0.6346 
0.6077 
0.5837 
0.6481 
0.6193 
0.6162 
0.5965 
0.5792 
0.6031 
0.5949 
0.5872 
0.6112 
0.6343 
0.6295 
0.6855 
0.6375 
0.5655 
0.9049 
0.9317 
0.9121 
0.9127 
0.9088 
0.9068 
0.8963 
0.9120 
0.9029 
0.9142 
0.8931 
0.9025 
0.9224 
0.9454 
0.9033 
0.9138 
0.9012 
0.9166 
0.9104 
0.9084 
0.8987 
0.8977 
0.8922 
0.9212 
0.9047 
0.9007 
0.9090 
0.9096 
0.9000 
0.9189 
0.9297 
0.9060 
0.8870 
0.9396 
0.8968 
0.9307 
0.9134 
0.9268 
0.9231 
0.9185 
0.8811 
0.9101 
0.9002 
0.9155 
0.9293 
0.8639 
0.9190 
0.8904 
0.9022 
0.8805 
0.9367 
0.8804 
0.8985 
0.9095 
0.9058 
0.8854 
0.9069 
0.8914 
0.8792 
0.8913 
0.9162 
0.9164 
0.9018 
0.9071 
0.9024 
0.9202 
0.8831 
0.8831 
0.8710 
0.9295 
0.9293 
0.9186 
0.8897 
0.8876 
0.9169 
0.9184 
0.8978 
0.8832 
0.9034 
0.9069 
0.9208 
0.9005 
0.9261 
0.9306 
0.9168 
0.9114 
0.9060 
0.9198 
0.9013 
0.9174 
0.9407 
0.9156 
0.9254 
0.8955 
0.8879 
0.9322 
0.8951 
0.8989 
0.9327 
0.8987 
0.9113 
0.9090 
0.9266 
0.9310 
0.9351 
0.9326 
0.9136 
0.9004 
0.9274 
0.9215 
0.9342 
0.9203 
0.9157 
0.9267 
0.9065 
0.9172 
0.9170 
0.9211 
0.9172 
0.8948 
0.9280 
0.9141 
0.8983 
0.9131 
0.9175 
0.9169 
0.9358 
0.9220 
0.9263 
0.9131 
0.9230 
0.9269 
0.9223 
0.9157 
0.9221 
0.9119 
0.9306 
0.8939 
0.9251 
0.9085 
0.9094 
0.9103 
0.9032 
0.9204 
0.9277 
0.9296 
0.9339 
0.9258 
0.8885 
0.9109 
0.9133 
0.9025 
0.9436 
0.9193 
0.9222 
0.9389 
0.9311 
0.9373 
0.8915 
0.9182 
0.9418 
0.9347 
0.9092 
0.9267 
0.8869 
0.9001 
0.9235 
0.9238 
0.9160 
0.8933 
0.9328 
0.9336 
0.9076 
0.9012 
0.9203 
0.9239 
0.9010 
0.9182 
0.9251 
0.9023 
0.9158 
0.9129 
0.9004 
0.9237 
0.9102 
0.9297 
0.9299 
0.9186 
0.9235 
0.8932 
0.9272 
0.9179 
0.9193 
0.9353 
0.9329 
0.9146 
0.9051 
0.9215 
0.9186 
0.9329 
0.6531 
0.6724 
0.6277 
0.5911 
0.6594 
0.5947 
0.7388 
0.6180 
0.6338 
0.6351 
0.5980 
0.6275 
0.6672 
0.6149 
0.6550 
0.6353 
0.6846 
0.6731 
0.6332 
0.6601 
0.6075 
0.6745 
0.6292 
0.6361 
0.6994 
0.5657 
0.5886 
0.7406 
0.6006 
0.5506 
0.7019 
0.5688 
0.6955 
0.6492 
0.6165 
0.5563 
0.6453 
0.5852 
0.7252 
0.5852 
0.6368 
0.6550 
0.6852 
0.5524 
0.5744 
0.5673 
0.6493 
0.6842 
0.6612 
0.6304 
0.6466 
0.6708 
0.6431 
0.6246 
0.6263 
0.6157 
0.6488 
0.5172 
0.5986 
0.5810 
0.5961 
0.6027 
0.6422 
0.6151 
0.6409 
0.6605 
0.6480 
0.6622 
0.6413 
0.6822 
0.6750 
0.5606 
0.6003 
0.6253 
0.5768 
0.6027 
0.6608 
0.6461 
0.6329 
0.6818 
0.7412 
0.6742 
0.5923 
0.6495 
0.6804 
0.6447 
0.5814 
0.6562 
0.6042 
0.6566 
0.7146 
0.5501 
0.6337 
0.6186 
0.6132 
0.5660 
0.5973 
0.5568 
0.6485 
0.6120 
0.9596 
0.8360 
0.8210 
0.9388 
0.9542 
0.9395 
0.9406 
0.9378 
0.9556 
0.8751 
0.9268 
0.9376 
0.9415 
0.9558 
0.9064 
0.8897 
0.8919 
0.8028 
0.8897 
0.9091 
0.9443 
0.9401 
0.9466 
0.9393 
0.9325 
0.9255 
0.9202 
0.9492 
0.8897 
0.8164 
0.9258 
0.9118 
0.7594 
0.9422 
0.9421 
0.9333 
0.9256 
0.7771 
0.9549 
0.8998 
0.9510 
0.9471 
0.9532 
0.8567 
0.6202 
0.9326 
0.9393 
0.9402 
0.9599 
0.9603 
0.9406 
0.9530 
0.9080 
0.9205 
0.9425 
0.9494 
0.9361 
0.9221 
0.9396 
0.9273 
0.9127 
0.9404 
0.9195 
0.9348 
0.9513 
0.8038 
0.9334 
0.9466 
0.9504 
0.9031 
0.9163 
0.9387 
0.9525 
0.9401 
0.6784 
0.8826 
0.9384 
0.9402 
0.9339 
0.9230 
0.9528 
0.9404 
0.9353 
0.9207 
0.9304 
0.8901 
0.8217 
0.9264 
0.9378 
0.7548 
0.7940 
0.9461 
0.8957 
0.8390 
0.9507 
0.7058 
0.9192 
0.7579 
0.9492 
0.8319 
0.9418 
0.9283 
0.9287 
0.9282 
0.9310 
0.9402 
0.9421 
0.9361 
0.9351 
0.9277 
0.9438 
0.9259 
0.9440 
0.9120 
0.9369 
0.9475 
0.9347 
0.9289 
0.9449 
0.9333 
0.9474 
0.9358 
0.9453 
0.9439 
0.9328 
0.9338 
0.9388 
0.9371 
0.9378 
0.9258 
0.9297 
0.9371 
0.9222 
0.9313 
0.9289 
0.9460 
0.9298 
0.9385 
0.9245 
0.9318 
0.9345 
0.9317 
0.9446 
0.9416 
0.9278 
0.9378 
0.9436 
0.9328 
0.9265 
0.9332 
0.9492 
0.9385 
0.9407 
0.9353 
0.9400 
0.9351 
0.9382 
0.9305 
0.9225 
0.9339 
0.9302 
0.9437 
0.9449 
0.9234 
0.9494 
0.9567 
0.9397 
0.9426 
0.9428 
0.9247 
0.9368 
0.9419 
0.9393 
0.9393 
0.9172 
0.9338 
0.9332 
0.9218 
0.9284 
0.9293 
0.9352 
0.9089 
0.9274 
0.9408 
0.9353 
0.9301 
0.9418 
0.9296 
0.9389 
0.9249 
0.9154 
0.9361 
0.9317 
0.9331 
0.9380 
0.9100 
0.9236 
0.9545 
0.9271 
0.9400 
0.9396 
0.9423 
0.9447 
0.9213 
0.9295 
0.9161 
0.9289 
0.9293 
0.9381 
0.9249 
0.9424 
0.9246 
0.8896 
0.9276 
0.9295 
0.9321 
0.9321 
0.9256 
0.8375 
0.9423 
0.9199 
0.9379 
0.9086 
0.8945 
0.9306 
0.9306 
0.9344 
0.9135 
0.9236 
0.9185 
0.9431 
0.9363 
0.9377 
0.9317 
0.8749 
0.9210 
0.9282 
0.9212 
0.9316 
0.9546 
0.9002 
0.9237 
0.9458 
0.9453 
0.9254 
0.9380 
0.9413 
0.9165 
0.9287 
0.9195 
0.9296 
0.9244 
0.9309 
0.9361 
0.9300 
0.9389 
0.9335 
0.9195 
0.9448 
0.9347 
0.8942 
0.9198 
0.9315 
0.9385 
0.9296 
0.9420 
0.9285 
0.9035 
0.9271 
0.9452 
0.9344 
0.9283 
0.9316 
0.9284 
0.9268 
0.9337 
0.9152 
0.9398 
0.9415 
0.9222 
0.9451 
0.9339 
0.9071 
0.9344 
0.9261 
0.9162 
0.9185 
0.9112 
0.9380 
0.9455 
0.9397 
0.9064 
0.9126 
0.9437 
0.9388 
0.9300 
0.9373 
0.9329 
0.9374 
0.9398 
0.9395 
0.9186 
0.9497 
0.9313 
0.9178 
0.8807 
0.9299 
0.9413 
0.9430 
0.9221 
0.9111 
0.9120 
0.9461 
0.9311 
0.9243 
0.9440 
0.9442 
0.9410 
0.9446 
0.9171 
0.9270 
0.9443 
0.9513 
0.9302 
0.9225 
0.9323 
0.9254 
0.9325 
0.9364 
0.9097 
0.9455 
0.9246 
0.9344 
0.9152 
0.9297 
0.9318 
0.9427 
0.9422 
0.9225 
0.9463 
0.9179 
0.9102 
0.9438 
0.9299 
0.9297 
0.9429 
0.9194 
0.9300 
0.9231 
0.9338 
0.9179 
0.9425 
0.9337 
0.9321 
0.9198 
0.9410 
0.9425 
0.9154 
0.9107 
0.9264 
0.9435 
0.9280 
0.9319 
0.9399 
0.9409 
0.9567 
0.9421 
0.9354 
0.9208 
0.9083 
0.9165 
0.9180 
0.9146 
0.9402 
0.9261 
0.9301 
0.9382 
0.9203 
0.9393 
0.9359 
0.9279 
0.9452 
0.9269 
0.9310 
0.9346 
0.9475 
0.9348 
0.9448 
0.9097 
0.9306 
0.9519 
0.9242 
0.9233 
0.9144 
0.9251 
0.9154 
0.9308 
0.9243 
0.9467 
0.9328 
