0.2783 
0.2978 
0.2436 
0.2810 
0.2561 
0.2308 
0.2312 
0.2551 
0.2378 
0.2318 
0.2178 
0.2453 
0.2131 
0.2489 
0.2207 
0.2808 
0.2312 
0.2853 
0.2761 
0.2307 
0.2992 
0.2504 
0.2425 
0.2381 
0.2416 
0.2498 
0.2833 
0.2344 
0.2558 
0.2766 
0.3072 
0.2689 
0.2606 
0.2573 
0.2449 
0.2218 
0.2206 
0.2580 
0.2711 
0.2662 
0.2524 
0.2497 
0.2398 
0.2484 
0.2948 
0.2321 
0.2563 
0.2482 
0.2360 
0.2465 
0.2418 
0.2581 
0.2482 
0.2267 
0.2617 
0.2535 
0.2611 
0.2393 
0.2387 
0.2507 
0.2380 
0.2468 
0.2623 
0.2755 
0.2515 
0.2503 
0.2496 
0.2821 
0.2710 
0.2352 
0.2249 
0.2339 
0.2162 
0.2537 
0.2511 
0.2575 
0.2439 
0.3085 
0.2549 
0.2224 
0.2881 
0.2776 
0.2920 
0.2619 
0.2422 
0.2557 
0.2844 
0.2524 
0.2830 
0.2735 
0.2567 
0.2791 
0.2413 
0.2478 
0.2073 
0.2562 
0.2468 
0.2708 
0.2404 
0.2256 
0.5873 
0.5806 
0.5642 
0.5933 
0.6006 
0.5848 
0.6142 
0.5865 
0.5835 
0.5994 
0.6063 
0.6018 
0.6066 
0.5689 
0.5959 
0.5995 
0.6205 
0.5962 
0.5995 
0.6211 
0.5717 
0.5947 
0.5945 
0.5828 
0.5840 
0.6324 
0.6151 
0.5919 
0.6137 
0.6084 
0.5975 
0.5703 
0.5782 
0.6165 
0.5773 
0.5893 
0.6142 
0.6041 
0.5999 
0.6115 
0.6048 
0.5960 
0.5673 
0.5979 
0.5682 
0.6159 
0.6079 
0.6047 
0.5888 
0.6245 
0.6002 
0.5919 
0.5555 
0.6018 
0.6106 
0.6202 
0.5979 
0.6000 
0.5968 
0.5883 
0.5916 
0.6203 
0.5937 
0.5974 
0.5745 
0.5730 
0.5701 
0.6216 
0.6055 
0.6089 
0.6046 
0.5859 
0.6126 
0.6084 
0.5953 
0.5984 
0.5931 
0.5932 
0.5981 
0.5961 
0.5774 
0.6046 
0.5835 
0.5565 
0.5953 
0.5913 
0.5897 
0.6164 
0.5894 
0.6270 
0.5802 
0.5980 
0.5995 
0.6003 
0.6067 
0.5970 
0.5868 
0.6188 
0.6209 
0.5887 
0.3275 
0.3088 
0.3294 
0.3248 
0.2464 
0.3093 
0.3261 
0.3387 
0.3735 
0.3123 
0.2501 
0.3480 
0.3561 
0.3632 
0.3327 
0.3480 
0.2661 
0.3021 
0.3480 
0.3557 
0.3788 
0.3531 
0.3365 
0.2887 
0.3584 
0.3388 
0.3207 
0.3658 
0.3154 
0.2930 
0.4067 
0.3606 
0.2690 
0.3727 
0.2994 
0.3055 
0.3310 
0.3280 
0.3688 
0.3152 
0.3046 
0.2599 
0.3484 
0.3185 
0.3550 
0.2711 
0.3541 
0.2965 
0.3488 
0.3043 
0.3317 
0.3573 
0.3197 
0.2842 
0.3472 
0.3855 
0.3643 
0.3910 
0.2745 
0.3301 
0.3154 
0.3279 
0.3547 
0.3695 
0.2942 
0.3375 
0.2918 
0.3104 
0.3481 
0.4419 
0.2902 
0.3260 
0.3612 
0.3368 
0.2743 
0.3092 
0.2743 
0.2886 
0.3839 
0.3749 
0.2819 
0.3266 
0.3323 
0.3130 
0.3424 
0.2582 
0.3492 
0.3342 
0.3201 
0.3028 
0.3311 
0.3426 
0.3515 
0.3032 
0.3163 
0.3365 
0.3200 
0.3777 
0.3285 
0.3383 
0.1965 
0.2188 
0.2333 
0.2756 
0.2245 
0.2245 
0.2334 
0.2560 
0.2486 
0.2463 
0.2669 
0.2198 
0.2294 
0.2275 
0.2314 
0.2272 
0.2436 
0.2479 
0.2272 
0.2282 
0.2068 
0.2549 
0.2212 
0.2222 
0.2655 
0.2378 
0.2748 
0.2798 
0.2549 
0.2185 
0.2377 
0.2444 
0.1624 
0.2633 
0.1955 
0.2252 
0.2372 
0.2205 
0.2298 
0.1937 
0.2336 
0.2034 
0.2249 
0.2163 
0.2228 
0.2167 
0.2161 
0.2683 
0.2362 
0.2599 
0.2510 
0.2304 
0.2757 
0.2080 
0.1710 
0.1982 
0.2295 
0.2403 
0.2570 
0.2208 
0.2254 
0.2122 
0.2467 
0.2778 
0.2277 
0.2021 
0.1723 
0.2536 
0.2761 
0.2274 
0.2341 
0.2093 
0.2223 
0.2241 
0.2176 
0.2156 
0.2162 
0.1984 
0.2596 
0.2734 
0.2383 
0.2016 
0.2197 
0.2626 
0.2137 
0.2053 
0.2475 
0.2094 
0.2115 
0.2180 
0.2029 
0.2156 
0.2025 
0.2037 
0.2197 
0.2176 
0.2139 
0.2767 
0.2487 
0.2258 
0.5141 
0.5252 
0.5348 
0.5048 
0.5014 
0.5035 
0.5081 
0.5121 
0.5024 
0.5228 
0.5356 
0.5221 
0.5398 
0.5517 
0.4879 
0.5360 
0.4971 
0.5331 
0.5358 
0.5381 
0.4746 
0.5058 
0.5050 
0.5487 
0.5403 
0.5315 
0.5243 
0.5379 
0.5161 
0.5351 
0.5322 
0.5149 
0.4805 
0.5126 
0.5169 
0.5153 
0.5132 
0.5016 
0.5404 
0.5265 
0.5011 
0.5316 
0.4936 
0.5240 
0.5419 
0.4659 
0.5155 
0.4945 
0.5193 
0.5016 
0.5373 
0.5109 
0.5420 
0.5366 
0.5513 
0.5183 
0.5108 
0.5432 
0.5110 
0.5349 
0.5122 
0.5545 
0.5023 
0.5372 
0.5104 
0.5214 
0.4636 
0.4980 
0.5265 
0.5165 
0.5438 
0.5550 
0.5046 
0.5018 
0.5346 
0.5316 
0.4954 
0.4839 
0.5217 
0.5088 
0.4975 
0.4885 
0.5545 
0.5397 
0.5134 
0.4950 
0.5131 
0.5460 
0.5183 
0.5177 
0.5741 
0.5475 
0.5046 
0.5238 
0.4597 
0.5298 
0.5251 
0.5497 
0.5263 
0.4977 
0.5363 
0.5183 
0.5367 
0.5414 
0.5287 
0.5507 
0.5036 
0.5108 
0.5186 
0.5336 
0.5237 
0.4901 
0.5144 
0.5253 
0.5064 
0.5379 
0.5529 
0.5057 
0.5381 
0.5080 
0.5222 
0.5261 
0.5109 
0.4757 
0.5215 
0.5243 
0.5092 
0.5049 
0.5254 
0.4905 
0.5161 
0.5260 
0.5150 
0.5210 
0.5027 
0.5261 
0.5334 
0.5173 
0.5092 
0.5173 
0.5326 
0.5207 
0.5172 
0.5295 
0.4996 
0.5237 
0.5180 
0.5056 
0.4868 
0.5252 
0.4734 
0.5144 
0.5455 
0.5354 
0.5363 
0.5342 
0.5247 
0.5249 
0.5262 
0.5237 
0.5422 
0.5348 
0.5148 
0.5267 
0.5087 
0.4987 
0.4931 
0.5311 
0.5351 
0.5089 
0.5415 
0.5097 
0.5041 
0.4744 
0.5489 
0.4989 
0.5167 
0.4818 
0.5287 
0.4807 
0.5122 
0.4764 
0.5253 
0.4937 
0.5058 
0.5260 
0.5033 
0.5276 
0.4906 
0.5007 
0.4895 
0.5320 
0.4998 
0.5399 
0.5405 
0.4989 
0.4770 
0.5069 
0.5254 
0.5398 
0.3208 
0.3150 
0.3267 
0.3204 
0.3180 
0.2703 
0.3053 
0.2441 
0.3086 
0.3057 
0.3102 
0.2734 
0.3233 
0.3894 
0.2990 
0.3066 
0.3033 
0.3696 
0.3076 
0.2970 
0.2793 
0.3636 
0.3046 
0.3032 
0.3709 
0.2435 
0.2616 
0.3681 
0.2864 
0.3044 
0.3295 
0.2410 
0.3486 
0.2951 
0.3036 
0.2982 
0.3243 
0.3222 
0.3362 
0.2808 
0.3229 
0.3065 
0.3139 
0.3039 
0.3485 
0.2565 
0.2964 
0.3096 
0.2895 
0.3320 
0.2804 
0.3590 
0.3202 
0.2934 
0.2986 
0.3188 
0.2921 
0.2485 
0.2982 
0.2482 
0.3236 
0.2629 
0.3161 
0.2558 
0.2761 
0.3353 
0.3123 
0.3691 
0.2538 
0.3569 
0.3129 
0.2310 
0.2573 
0.2560 
0.3308 
0.3350 
0.3110 
0.3392 
0.3013 
0.3325 
0.3047 
0.2939 
0.3185 
0.2986 
0.3380 
0.3045 
0.2646 
0.3668 
0.2076 
0.3152 
0.3579 
0.2809 
0.3252 
0.2800 
0.3159 
0.2735 
0.3037 
0.2642 
0.3547 
0.3522 
0.5155 
0.5494 
0.5663 
0.5131 
0.5207 
0.5150 
0.5520 
0.5466 
0.5710 
0.4832 
0.5402 
0.5364 
0.5458 
0.5254 
0.5060 
0.5786 
0.5107 
0.5689 
0.5786 
0.5372 
0.5466 
0.5130 
0.5688 
0.5267 
0.4915 
0.4676 
0.4937 
0.5185 
0.4927 
0.5666 
0.5445 
0.5562 
0.5381 
0.5107 
0.5204 
0.5513 
0.5216 
0.5369 
0.5289 
0.4977 
0.5438 
0.5155 
0.5136 
0.5294 
0.5759 
0.5453 
0.5260 
0.4876 
0.5388 
0.5595 
0.5599 
0.5224 
0.5500 
0.5135 
0.5561 
0.5150 
0.5710 
0.5955 
0.5144 
0.5317 
0.5328 
0.5682 
0.5011 
0.5733 
0.5422 
0.5437 
0.5121 
0.5056 
0.5588 
0.4962 
0.4933 
0.5566 
0.5357 
0.5320 
0.5327 
0.5504 
0.5082 
0.5243 
0.4948 
0.5409 
0.5574 
0.5436 
0.5077 
0.5749 
0.5078 
0.5649 
0.6049 
0.5934 
0.5290 
0.5363 
0.5752 
0.5031 
0.5622 
0.5828 
0.5862 
0.5730 
0.4735 
0.5711 
0.5533 
0.5406 
0.5220 
0.5066 
0.5288 
0.5465 
0.5143 
0.5486 
0.5247 
0.5114 
0.5475 
0.5376 
0.5488 
0.5207 
0.5178 
0.5824 
0.5526 
0.5493 
0.5564 
0.5315 
0.5432 
0.5519 
0.5309 
0.5685 
0.5378 
0.5359 
0.5459 
0.5284 
0.4964 
0.4961 
0.5472 
0.5698 
0.5313 
0.5545 
0.5585 
0.5175 
0.5691 
0.5498 
0.5389 
0.5337 
0.5451 
0.5036 
0.5517 
0.5249 
0.5119 
0.5066 
0.5488 
0.5235 
0.5752 
0.5370 
0.5334 
0.5747 
0.4954 
0.5256 
0.5335 
0.5422 
0.5350 
0.5587 
0.5232 
0.5719 
0.5460 
0.5093 
0.5064 
0.5267 
0.5072 
0.5398 
0.5428 
0.5326 
0.5582 
0.5425 
0.5375 
0.5462 
0.5432 
0.5261 
0.5051 
0.5176 
0.5784 
0.5376 
0.5394 
0.5443 
0.5370 
0.5061 
0.5713 
0.5432 
0.5666 
0.5297 
0.5498 
0.5516 
0.5363 
0.5015 
0.5429 
0.4764 
0.5416 
0.4986 
0.5472 
0.5673 
0.4918 
0.5985 
0.5389 
0.5419 
0.5492 
0.5053 
0.5819 
0.5565 
0.5267 
0.5424 
0.5481 
0.5574 
0.5668 
0.5447 
0.5310 
0.5254 
0.5406 
0.5237 
0.5324 
0.5395 
0.5257 
0.5630 
0.5630 
0.5498 
0.5169 
0.5367 
0.5044 
0.5180 
0.5164 
0.5300 
0.5293 
0.5608 
0.5443 
0.5391 
0.5273 
0.5379 
0.5424 
0.5380 
0.5289 
0.5448 
0.5002 
0.5389 
0.5461 
0.5392 
0.5506 
0.5318 
0.4894 
0.5691 
0.5733 
0.5354 
0.5700 
0.5728 
0.5526 
0.5438 
0.5040 
0.5263 
0.5472 
0.5145 
0.5032 
0.5921 
0.5392 
0.5839 
0.5044 
0.5524 
0.5541 
0.5152 
0.5510 
0.4966 
0.5210 
0.5678 
0.5363 
0.5583 
0.5435 
0.5340 
0.5726 
0.5465 
0.5530 
0.5434 
0.5539 
0.5443 
0.5458 
0.5087 
0.4970 
0.5594 
0.5590 
0.5068 
0.5406 
0.5539 
0.4974 
0.5708 
0.5684 
0.5511 
0.5392 
0.5635 
0.5558 
0.5224 
0.5594 
0.5397 
0.5605 
0.5541 
0.5604 
0.5764 
0.5494 
0.5536 
0.5330 
0.5328 
0.5250 
0.5448 
0.5297 
0.5081 
0.4916 
0.5121 
0.5070 
0.5359 
0.5372 
0.5410 
0.5229 
0.4991 
0.5446 
0.5083 
0.5448 
0.5221 
0.5406 
0.5196 
0.5221 
0.5253 
0.5276 
0.5316 
0.5115 
0.5174 
0.5362 
0.5114 
0.5352 
0.5215 
0.5224 
0.5233 
0.5050 
0.5258 
0.5227 
0.4989 
0.5264 
0.5101 
0.5241 
0.5418 
0.5307 
0.5229 
0.5107 
0.4926 
0.5050 
0.5228 
0.5077 
0.5297 
0.5163 
0.5099 
0.5103 
0.5564 
0.5038 
0.5127 
0.5125 
0.5188 
0.5152 
0.5195 
0.5236 
0.4933 
0.5177 
0.5216 
0.5181 
0.5202 
0.5173 
0.5097 
0.5499 
0.5081 
0.5460 
0.5183 
0.5174 
0.5171 
0.4841 
0.5240 
0.5251 
0.5185 
0.4774 
0.5284 
0.5288 
0.5003 
0.5156 
0.5058 
0.5245 
0.5246 
0.5360 
0.4880 
0.5276 
0.5407 
0.5002 
0.5423 
0.5222 
0.5312 
0.5242 
0.5116 
0.5109 
0.5074 
0.5189 
0.5088 
0.5249 
0.5169 
0.5201 
0.5044 
