0.7747 +- -1.00 (1)
0.7249 +- -1.00 (1)
0.5166 +- -1.00 (1)
0.6868 +- -1.00 (1)
0.5883 +- -1.00 (1)
0.5513 +- -1.00 (1)
0.7031 +- -1.00 (1)
0.5266 +- -1.00 (1)
0.5930 +- -1.00 (1)
0.4910 +- -1.00 (1)
0.7464 +- -1.00 (1)
0.5877 +- -1.00 (1)
0.7213 +- -1.00 (1)
0.4032 +- -1.00 (1)
0.8621 +- -1.00 (1)
0.7779 +- -1.00 (1)
0.5498 +- -1.00 (1)
0.4873 +- -1.00 (1)
0.5373 +- -1.00 (1)
0.6992 +- -1.00 (1)
0.7192 +- -1.00 (1)
0.6308 +- -1.00 (1)
0.6551 +- -1.00 (1)
0.5010 +- -1.00 (1)
0.8795 +- -1.00 (1)
0.8097 +- -1.00 (1)
0.8130 +- -1.00 (1)
0.7937 +- -1.00 (1)
0.8122 +- -1.00 (1)
0.6273 +- -1.00 (1)
0.6764 +- -1.00 (1)
0.7466 +- -1.00 (1)
0.5603 +- -1.00 (1)
0.6363 +- -1.00 (1)
0.5776 +- -1.00 (1)
0.7797 +- -1.00 (1)
0.9170 +- -1.00 (1)
0.6732 +- -1.00 (1)
0.6833 +- -1.00 (1)
0.6265 +- -1.00 (1)
0.6923 +- -1.00 (1)
0.7726 +- -1.00 (1)
0.7646 +- -1.00 (1)
0.7256 +- -1.00 (1)
0.8368 +- -1.00 (1)
0.7360 +- -1.00 (1)
0.7190 +- -1.00 (1)
0.6647 +- -1.00 (1)
0.7064 +- -1.00 (1)
0.7552 +- -1.00 (1)
0.7185 +- -1.00 (1)
0.6447 +- -1.00 (1)
0.6883 +- -1.00 (1)
0.6519 +- -1.00 (1)
0.6277 +- -1.00 (1)
0.5792 +- -1.00 (1)
0.7776 +- -1.00 (1)
0.7896 +- -1.00 (1)
0.8202 +- -1.00 (1)
0.7175 +- -1.00 (1)
0.8090 +- -1.00 (1)
0.6803 +- -1.00 (1)
0.7235 +- -1.00 (1)
0.7760 +- -1.00 (1)
0.6543 +- -1.00 (1)
0.7908 +- -1.00 (1)
0.7359 +- -1.00 (1)
0.7645 +- -1.00 (1)
0.8129 +- -1.00 (1)
0.6899 +- -1.00 (1)
0.7101 +- -1.00 (1)
0.6857 +- -1.00 (1)
0.7632 +- -1.00 (1)
0.6389 +- -1.00 (1)
0.7362 +- -1.00 (1)
0.6870 +- -1.00 (1)
0.7812 +- -1.00 (1)
0.7511 +- -1.00 (1)
0.6810 +- -1.00 (1)
0.8527 +- -1.00 (1)
0.7686 +- -1.00 (1)
0.8793 +- -1.00 (1)
0.7076 +- -1.00 (1)
0.7330 +- -1.00 (1)
0.7337 +- -1.00 (1)
0.6663 +- -1.00 (1)
0.6860 +- -1.00 (1)
0.5937 +- -1.00 (1)
0.8087 +- -1.00 (1)
0.8348 +- -1.00 (1)
0.7602 +- -1.00 (1)
0.7571 +- -1.00 (1)
0.7885 +- -1.00 (1)
0.7529 +- -1.00 (1)
0.7239 +- -1.00 (1)
0.6963 +- -1.00 (1)
0.8500 +- -1.00 (1)
0.7485 +- -1.00 (1)
0.7562 +- -1.00 (1)
0.7949 +- -1.00 (1)
0.6988 +- -1.00 (1)
0.8165 +- -1.00 (1)
0.8030 +- -1.00 (1)
0.7796 +- -1.00 (1)
0.7917 +- -1.00 (1)
0.7411 +- -1.00 (1)
0.8739 +- -1.00 (1)
0.7696 +- -1.00 (1)
0.6717 +- -1.00 (1)
0.7958 +- -1.00 (1)
0.7541 +- -1.00 (1)
0.8337 +- -1.00 (1)
0.7789 +- -1.00 (1)
0.7507 +- -1.00 (1)
0.7524 +- -1.00 (1)
0.7428 +- -1.00 (1)
0.7752 +- -1.00 (1)
0.6810 +- -1.00 (1)
0.8018 +- -1.00 (1)
0.7780 +- -1.00 (1)
0.7822 +- -1.00 (1)
0.7185 +- -1.00 (1)
0.7865 +- -1.00 (1)
0.8292 +- -1.00 (1)
0.7502 +- -1.00 (1)
0.7786 +- -1.00 (1)
0.7654 +- -1.00 (1)
0.7444 +- -1.00 (1)
0.7428 +- -1.00 (1)
0.7288 +- -1.00 (1)
0.7551 +- -1.00 (1)
0.7013 +- -1.00 (1)
0.7640 +- -1.00 (1)
0.7702 +- -1.00 (1)
0.7743 +- -1.00 (1)
0.8473 +- -1.00 (1)
0.7954 +- -1.00 (1)
0.7783 +- -1.00 (1)
0.7898 +- -1.00 (1)
0.7454 +- -1.00 (1)
0.7546 +- -1.00 (1)
0.6824 +- -1.00 (1)
0.7474 +- -1.00 (1)
0.7286 +- -1.00 (1)
0.7689 +- -1.00 (1)
0.6988 +- -1.00 (1)
0.6781 +- -1.00 (1)
0.7252 +- -1.00 (1)
0.7599 +- -1.00 (1)
0.7988 +- -1.00 (1)
0.7685 +- -1.00 (1)
0.7305 +- -1.00 (1)
0.7635 +- -1.00 (1)
0.6800 +- -1.00 (1)
0.6680 +- -1.00 (1)
0.7061 +- -1.00 (1)
0.7628 +- -1.00 (1)
0.7709 +- -1.00 (1)
0.6993 +- -1.00 (1)
0.7106 +- -1.00 (1)
0.6964 +- -1.00 (1)
0.7394 +- -1.00 (1)
0.7194 +- -1.00 (1)
0.7581 +- -1.00 (1)
0.7249 +- -1.00 (1)
0.7251 +- -1.00 (1)
0.7714 +- -1.00 (1)
0.7565 +- -1.00 (1)
0.6997 +- -1.00 (1)
0.8290 +- -1.00 (1)
0.7171 +- -1.00 (1)
0.7457 +- -1.00 (1)
0.6968 +- -1.00 (1)
0.7328 +- -1.00 (1)
0.6887 +- -1.00 (1)
0.7340 +- -1.00 (1)
0.6882 +- -1.00 (1)
0.7321 +- -1.00 (1)
0.7234 +- -1.00 (1)
0.6842 +- -1.00 (1)
0.7453 +- -1.00 (1)
0.7716 +- -1.00 (1)
0.7497 +- -1.00 (1)
0.7216 +- -1.00 (1)
0.7569 +- -1.00 (1)
0.7733 +- -1.00 (1)
0.7615 +- -1.00 (1)
0.7337 +- -1.00 (1)
0.6701 +- -1.00 (1)
0.7137 +- -1.00 (1)
0.7493 +- -1.00 (1)
0.7552 +- -1.00 (1)
0.6858 +- -1.00 (1)
0.7425 +- -1.00 (1)
0.7612 +- -1.00 (1)
0.7121 +- -1.00 (1)
0.7001 +- -1.00 (1)
0.7115 +- -1.00 (1)
0.7474 +- -1.00 (1)
0.7623 +- -1.00 (1)
0.7875 +- -1.00 (1)
0.7469 +- -1.00 (1)
0.7309 +- -1.00 (1)
0.7111 +- -1.00 (1)
0.7559 +- -1.00 (1)
0.6846 +- -1.00 (1)
0.7441 +- -1.00 (1)
0.7186 +- -1.00 (1)
0.7215 +- -1.00 (1)
0.7292 +- -1.00 (1)
0.7314 +- -1.00 (1)
0.7332 +- -1.00 (1)
0.7048 +- -1.00 (1)
0.7138 +- -1.00 (1)
0.7368 +- -1.00 (1)
0.7409 +- -1.00 (1)
0.7190 +- -1.00 (1)
0.7571 +- -1.00 (1)
0.7427 +- -1.00 (1)
0.6904 +- -1.00 (1)
0.7261 +- -1.00 (1)
0.7688 +- -1.00 (1)
0.7453 +- -1.00 (1)
0.7481 +- -1.00 (1)
0.7046 +- -1.00 (1)
0.7053 +- -1.00 (1)
0.6951 +- -1.00 (1)
0.7273 +- -1.00 (1)
0.7157 +- -1.00 (1)
0.7333 +- -1.00 (1)
0.7315 +- -1.00 (1)
0.7890 +- -1.00 (1)
0.7228 +- -1.00 (1)
0.7242 +- -1.00 (1)
0.7102 +- -1.00 (1)
0.7020 +- -1.00 (1)
0.7379 +- -1.00 (1)
0.7866 +- -1.00 (1)
0.7655 +- -1.00 (1)
0.6909 +- -1.00 (1)
0.7500 +- -1.00 (1)
0.7264 +- -1.00 (1)
0.7141 +- -1.00 (1)
0.7150 +- -1.00 (1)
0.7328 +- -1.00 (1)
0.7282 +- -1.00 (1)
0.6982 +- -1.00 (1)
0.6928 +- -1.00 (1)
0.7130 +- -1.00 (1)
0.7411 +- -1.00 (1)
0.7066 +- -1.00 (1)
0.6912 +- -1.00 (1)
0.7014 +- -1.00 (1)
0.7414 +- -1.00 (1)
0.7033 +- -1.00 (1)
0.7395 +- -1.00 (1)
0.7248 +- -1.00 (1)
0.7309 +- -1.00 (1)
0.6918 +- -1.00 (1)
0.7298 +- -1.00 (1)
0.7525 +- -1.00 (1)
0.6969 +- -1.00 (1)
0.7228 +- -1.00 (1)
0.7124 +- -1.00 (1)
0.7025 +- -1.00 (1)
0.7312 +- -1.00 (1)
0.7360 +- -1.00 (1)
0.7505 +- -1.00 (1)
0.7032 +- -1.00 (1)
0.7575 +- -1.00 (1)
0.7375 +- -1.00 (1)
0.6844 +- -1.00 (1)
0.7238 +- -1.00 (1)
0.7010 +- -1.00 (1)
0.6938 +- -1.00 (1)
0.7409 +- -1.00 (1)
0.7133 +- -1.00 (1)
0.7362 +- -1.00 (1)
0.7262 +- -1.00 (1)
0.7323 +- -1.00 (1)
0.7177 +- -1.00 (1)
0.7182 +- -1.00 (1)
0.7081 +- -1.00 (1)
0.7378 +- -1.00 (1)
0.6984 +- -1.00 (1)
0.7198 +- -1.00 (1)
0.7292 +- -1.00 (1)
0.6632 +- -1.00 (1)
0.7250 +- -1.00 (1)
0.7399 +- -1.00 (1)
0.7033 +- -1.00 (1)
0.6947 +- -1.00 (1)
0.7278 +- -1.00 (1)
0.6897 +- -1.00 (1)
0.7362 +- -1.00 (1)
0.7288 +- -1.00 (1)
0.7249 +- -1.00 (1)
0.7265 +- -1.00 (1)
0.7232 +- -1.00 (1)
0.7258 +- -1.00 (1)
0.6794 +- -1.00 (1)
0.8652 +- -1.00 (1)
0.2874 +- -1.00 (1)
0.6876 +- -1.00 (1)
0.6481 +- -1.00 (1)
0.8240 +- -1.00 (1)
0.5892 +- -1.00 (1)
0.8506 +- -1.00 (1)
0.5218 +- -1.00 (1)
0.6079 +- -1.00 (1)
0.5889 +- -1.00 (1)
0.7624 +- -1.00 (1)
0.6258 +- -1.00 (1)
0.8081 +- -1.00 (1)
0.3671 +- -1.00 (1)
0.6999 +- -1.00 (1)
0.6876 +- -1.00 (1)
0.8884 +- -1.00 (1)
0.5117 +- -1.00 (1)
0.6166 +- -1.00 (1)
0.6397 +- -1.00 (1)
0.6076 +- -1.00 (1)
0.7273 +- -1.00 (1)
0.7065 +- -1.00 (1)
0.7763 +- -1.00 (1)
0.5655 +- -1.00 (1)
0.7803 +- -1.00 (1)
0.8581 +- -1.00 (1)
0.7261 +- -1.00 (1)
0.6430 +- -1.00 (1)
0.6390 +- -1.00 (1)
0.5563 +- -1.00 (1)
0.8363 +- -1.00 (1)
0.6790 +- -1.00 (1)
0.5840 +- -1.00 (1)
0.8583 +- -1.00 (1)
0.4328 +- -1.00 (1)
0.6439 +- -1.00 (1)
0.8046 +- -1.00 (1)
0.7688 +- -1.00 (1)
0.8738 +- -1.00 (1)
0.6799 +- -1.00 (1)
0.7592 +- -1.00 (1)
0.7750 +- -1.00 (1)
0.6624 +- -1.00 (1)
0.7235 +- -1.00 (1)
0.7229 +- -1.00 (1)
0.8186 +- -1.00 (1)
0.6878 +- -1.00 (1)
0.7847 +- -1.00 (1)
0.6593 +- -1.00 (1)
0.7470 +- -1.00 (1)
0.7528 +- -1.00 (1)
0.7668 +- -1.00 (1)
0.5610 +- -1.00 (1)
0.6680 +- -1.00 (1)
0.4865 +- -1.00 (1)
0.6806 +- -1.00 (1)
0.8395 +- -1.00 (1)
0.7551 +- -1.00 (1)
0.7178 +- -1.00 (1)
0.7959 +- -1.00 (1)
0.6948 +- -1.00 (1)
0.6800 +- -1.00 (1)
0.8716 +- -1.00 (1)
0.6628 +- -1.00 (1)
0.7361 +- -1.00 (1)
0.7495 +- -1.00 (1)
0.8776 +- -1.00 (1)
0.7292 +- -1.00 (1)
0.7513 +- -1.00 (1)
0.8256 +- -1.00 (1)
0.8274 +- -1.00 (1)
0.7075 +- -1.00 (1)
0.7718 +- -1.00 (1)
0.6273 +- -1.00 (1)
0.7273 +- -1.00 (1)
0.6439 +- -1.00 (1)
0.7927 +- -1.00 (1)
0.8433 +- -1.00 (1)
0.7273 +- -1.00 (1)
0.8205 +- -1.00 (1)
0.6941 +- -1.00 (1)
0.7434 +- -1.00 (1)
0.8535 +- -1.00 (1)
0.8169 +- -1.00 (1)
0.7273 +- -1.00 (1)
0.8525 +- -1.00 (1)
0.6693 +- -1.00 (1)
0.7577 +- -1.00 (1)
0.7600 +- -1.00 (1)
0.7444 +- -1.00 (1)
0.8082 +- -1.00 (1)
0.9018 +- -1.00 (1)
0.7438 +- -1.00 (1)
0.7195 +- -1.00 (1)
0.9107 +- -1.00 (1)
0.7476 +- -1.00 (1)
0.5876 +- -1.00 (1)
0.7946 +- -1.00 (1)
0.7137 +- -1.00 (1)
0.8088 +- -1.00 (1)
0.7359 +- -1.00 (1)
0.7865 +- -1.00 (1)
0.7759 +- -1.00 (1)
0.7117 +- -1.00 (1)
0.7740 +- -1.00 (1)
0.7305 +- -1.00 (1)
0.6123 +- -1.00 (1)
0.7292 +- -1.00 (1)
0.7868 +- -1.00 (1)
0.7917 +- -1.00 (1)
0.6900 +- -1.00 (1)
0.8520 +- -1.00 (1)
0.6962 +- -1.00 (1)
0.8210 +- -1.00 (1)
0.8564 +- -1.00 (1)
0.8010 +- -1.00 (1)
0.7885 +- -1.00 (1)
0.7078 +- -1.00 (1)
0.7221 +- -1.00 (1)
0.7683 +- -1.00 (1)
0.7557 +- -1.00 (1)
0.7949 +- -1.00 (1)
0.7639 +- -1.00 (1)
0.7349 +- -1.00 (1)
0.6831 +- -1.00 (1)
0.7623 +- -1.00 (1)
0.7793 +- -1.00 (1)
0.7015 +- -1.00 (1)
0.7251 +- -1.00 (1)
0.6988 +- -1.00 (1)
0.7042 +- -1.00 (1)
0.8064 +- -1.00 (1)
0.7270 +- -1.00 (1)
0.6956 +- -1.00 (1)
0.7266 +- -1.00 (1)
0.7874 +- -1.00 (1)
0.7500 +- -1.00 (1)
0.6801 +- -1.00 (1)
0.6757 +- -1.00 (1)
0.7182 +- -1.00 (1)
0.6585 +- -1.00 (1)
0.8422 +- -1.00 (1)
0.6338 +- -1.00 (1)
0.6522 +- -1.00 (1)
0.7716 +- -1.00 (1)
0.7209 +- -1.00 (1)
0.7281 +- -1.00 (1)
0.7535 +- -1.00 (1)
0.7745 +- -1.00 (1)
0.7343 +- -1.00 (1)
0.6875 +- -1.00 (1)
0.7615 +- -1.00 (1)
0.7496 +- -1.00 (1)
0.7216 +- -1.00 (1)
0.7679 +- -1.00 (1)
0.7332 +- -1.00 (1)
0.7773 +- -1.00 (1)
0.7630 +- -1.00 (1)
0.7298 +- -1.00 (1)
0.6926 +- -1.00 (1)
0.6815 +- -1.00 (1)
0.6881 +- -1.00 (1)
0.7537 +- -1.00 (1)
0.7180 +- -1.00 (1)
0.7519 +- -1.00 (1)
0.6950 +- -1.00 (1)
0.7098 +- -1.00 (1)
0.7395 +- -1.00 (1)
0.7611 +- -1.00 (1)
0.7838 +- -1.00 (1)
0.7384 +- -1.00 (1)
0.8155 +- -1.00 (1)
0.6744 +- -1.00 (1)
0.7390 +- -1.00 (1)
0.6890 +- -1.00 (1)
0.7405 +- -1.00 (1)
0.7729 +- -1.00 (1)
0.7032 +- -1.00 (1)
0.7719 +- -1.00 (1)
0.7109 +- -1.00 (1)
0.6190 +- -1.00 (1)
0.7687 +- -1.00 (1)
0.6919 +- -1.00 (1)
0.7082 +- -1.00 (1)
0.7411 +- -1.00 (1)
0.6857 +- -1.00 (1)
0.7639 +- -1.00 (1)
0.7327 +- -1.00 (1)
0.7422 +- -1.00 (1)
0.7531 +- -1.00 (1)
0.6634 +- -1.00 (1)
0.7222 +- -1.00 (1)
0.7144 +- -1.00 (1)
0.7015 +- -1.00 (1)
0.7650 +- -1.00 (1)
0.7560 +- -1.00 (1)
0.7965 +- -1.00 (1)
0.7187 +- -1.00 (1)
0.7370 +- -1.00 (1)
0.7096 +- -1.00 (1)
0.6855 +- -1.00 (1)
0.7758 +- -1.00 (1)
0.7075 +- -1.00 (1)
0.6878 +- -1.00 (1)
0.6713 +- -1.00 (1)
0.6732 +- -1.00 (1)
0.7507 +- -1.00 (1)
0.7585 +- -1.00 (1)
0.7403 +- -1.00 (1)
0.7084 +- -1.00 (1)
0.7156 +- -1.00 (1)
0.7549 +- -1.00 (1)
0.7367 +- -1.00 (1)
0.7212 +- -1.00 (1)
0.7186 +- -1.00 (1)
0.7484 +- -1.00 (1)
0.7250 +- -1.00 (1)
0.7080 +- -1.00 (1)
0.7597 +- -1.00 (1)
0.7283 +- -1.00 (1)
0.7156 +- -1.00 (1)
0.7515 +- -1.00 (1)
0.7049 +- -1.00 (1)
0.7247 +- -1.00 (1)
0.7441 +- -1.00 (1)
0.7017 +- -1.00 (1)
0.7324 +- -1.00 (1)
0.7307 +- -1.00 (1)
0.7397 +- -1.00 (1)
0.7122 +- -1.00 (1)
0.7198 +- -1.00 (1)
0.7591 +- -1.00 (1)
0.7386 +- -1.00 (1)
0.7085 +- -1.00 (1)
0.7504 +- -1.00 (1)
0.7748 +- -1.00 (1)
0.7430 +- -1.00 (1)
0.7182 +- -1.00 (1)
0.7415 +- -1.00 (1)
0.6926 +- -1.00 (1)
0.6777 +- -1.00 (1)
0.6906 +- -1.00 (1)
0.7336 +- -1.00 (1)
0.7269 +- -1.00 (1)
0.7294 +- -1.00 (1)
0.7109 +- -1.00 (1)
0.7090 +- -1.00 (1)
0.7573 +- -1.00 (1)
0.7696 +- -1.00 (1)
0.7371 +- -1.00 (1)
0.7461 +- -1.00 (1)
0.7654 +- -1.00 (1)
0.7326 +- -1.00 (1)
0.7000 +- -1.00 (1)
0.7296 +- -1.00 (1)
0.7527 +- -1.00 (1)
0.7267 +- -1.00 (1)
0.6982 +- -1.00 (1)
0.7472 +- -1.00 (1)
0.6977 +- -1.00 (1)
0.7058 +- -1.00 (1)
0.7250 +- -1.00 (1)
0.7228 +- -1.00 (1)
0.6801 +- -1.00 (1)
0.7276 +- -1.00 (1)
0.6922 +- -1.00 (1)
0.7262 +- -1.00 (1)
0.7361 +- -1.00 (1)
0.7194 +- -1.00 (1)
0.7522 +- -1.00 (1)
0.7474 +- -1.00 (1)
0.7301 +- -1.00 (1)
0.6937 +- -1.00 (1)
0.7277 +- -1.00 (1)
0.7135 +- -1.00 (1)
0.7271 +- -1.00 (1)
0.7595 +- -1.00 (1)
0.7022 +- -1.00 (1)
0.7731 +- -1.00 (1)
0.7062 +- -1.00 (1)
0.7188 +- -1.00 (1)
0.7219 +- -1.00 (1)
0.7207 +- -1.00 (1)
0.7084 +- -1.00 (1)
0.6862 +- -1.00 (1)
0.6560 +- -1.00 (1)
0.7080 +- -1.00 (1)
0.7069 +- -1.00 (1)
0.7330 +- -1.00 (1)
0.7579 +- -1.00 (1)
0.7234 +- -1.00 (1)
0.7205 +- -1.00 (1)
0.7350 +- -1.00 (1)
0.7353 +- -1.00 (1)
0.7237 +- -1.00 (1)
0.6945 +- -1.00 (1)
0.6681 +- -1.00 (1)
0.7253 +- -1.00 (1)
0.8700 +- -1.00 (1)
0.1451 +- -1.00 (1)
0.6587 +- -1.00 (1)
0.7253 +- -1.00 (1)
0.4385 +- -1.00 (1)
0.7388 +- -1.00 (1)
0.7185 +- -1.00 (1)
0.5378 +- -1.00 (1)
0.2656 +- -1.00 (1)
0.6515 +- -1.00 (1)
0.5436 +- -1.00 (1)
0.6344 +- -1.00 (1)
0.6134 +- -1.00 (1)
0.5863 +- -1.00 (1)
0.4117 +- -1.00 (1)
0.6291 +- -1.00 (1)
0.6585 +- -1.00 (1)
0.8473 +- -1.00 (1)
0.4496 +- -1.00 (1)
0.4124 +- -1.00 (1)
0.6474 +- -1.00 (1)
0.7352 +- -1.00 (1)
0.6490 +- -1.00 (1)
0.7228 +- -1.00 (1)
0.7448 +- -1.00 (1)
0.5376 +- -1.00 (1)
0.4810 +- -1.00 (1)
0.8069 +- -1.00 (1)
0.6104 +- -1.00 (1)
0.5632 +- -1.00 (1)
0.8194 +- -1.00 (1)
0.6025 +- -1.00 (1)
0.7415 +- -1.00 (1)
0.7377 +- -1.00 (1)
0.6014 +- -1.00 (1)
0.4259 +- -1.00 (1)
0.6690 +- -1.00 (1)
0.6961 +- -1.00 (1)
0.7618 +- -1.00 (1)
0.7680 +- -1.00 (1)
0.7400 +- -1.00 (1)
0.5018 +- -1.00 (1)
0.6147 +- -1.00 (1)
0.7874 +- -1.00 (1)
0.7101 +- -1.00 (1)
0.6060 +- -1.00 (1)
0.8543 +- -1.00 (1)
0.6402 +- -1.00 (1)
0.7528 +- -1.00 (1)
0.7070 +- -1.00 (1)
0.7058 +- -1.00 (1)
0.5881 +- -1.00 (1)
0.6822 +- -1.00 (1)
0.8767 +- -1.00 (1)
0.7811 +- -1.00 (1)
0.7556 +- -1.00 (1)
0.8163 +- -1.00 (1)
0.8919 +- -1.00 (1)
0.7336 +- -1.00 (1)
0.7660 +- -1.00 (1)
0.7187 +- -1.00 (1)
0.7925 +- -1.00 (1)
0.5676 +- -1.00 (1)
0.6824 +- -1.00 (1)
0.6270 +- -1.00 (1)
0.6387 +- -1.00 (1)
0.6173 +- -1.00 (1)
0.7849 +- -1.00 (1)
0.6871 +- -1.00 (1)
0.7712 +- -1.00 (1)
0.7775 +- -1.00 (1)
0.6596 +- -1.00 (1)
0.8155 +- -1.00 (1)
0.5435 +- -1.00 (1)
0.6642 +- -1.00 (1)
0.7368 +- -1.00 (1)
0.6351 +- -1.00 (1)
0.7407 +- -1.00 (1)
0.7220 +- -1.00 (1)
0.7749 +- -1.00 (1)
0.7150 +- -1.00 (1)
0.7274 +- -1.00 (1)
0.6963 +- -1.00 (1)
0.7394 +- -1.00 (1)
0.7540 +- -1.00 (1)
0.8313 +- -1.00 (1)
0.7958 +- -1.00 (1)
0.6508 +- -1.00 (1)
0.6341 +- -1.00 (1)
0.7044 +- -1.00 (1)
0.7825 +- -1.00 (1)
0.6303 +- -1.00 (1)
0.6856 +- -1.00 (1)
0.8186 +- -1.00 (1)
0.6720 +- -1.00 (1)
0.7802 +- -1.00 (1)
0.8343 +- -1.00 (1)
0.7984 +- -1.00 (1)
0.7486 +- -1.00 (1)
0.7286 +- -1.00 (1)
0.8380 +- -1.00 (1)
0.8515 +- -1.00 (1)
0.7793 +- -1.00 (1)
0.6490 +- -1.00 (1)
0.8191 +- -1.00 (1)
0.7632 +- -1.00 (1)
0.6531 +- -1.00 (1)
0.7142 +- -1.00 (1)
0.6691 +- -1.00 (1)
0.7161 +- -1.00 (1)
0.6436 +- -1.00 (1)
0.8275 +- -1.00 (1)
0.8066 +- -1.00 (1)
0.7747 +- -1.00 (1)
0.7212 +- -1.00 (1)
0.7369 +- -1.00 (1)
0.7269 +- -1.00 (1)
0.7614 +- -1.00 (1)
0.7067 +- -1.00 (1)
0.7278 +- -1.00 (1)
0.6697 +- -1.00 (1)
0.8200 +- -1.00 (1)
0.5204 +- -1.00 (1)
0.7250 +- -1.00 (1)
0.7770 +- -1.00 (1)
0.6817 +- -1.00 (1)
0.6520 +- -1.00 (1)
0.7415 +- -1.00 (1)
0.7073 +- -1.00 (1)
0.7627 +- -1.00 (1)
0.7694 +- -1.00 (1)
0.7162 +- -1.00 (1)
0.7709 +- -1.00 (1)
0.8283 +- -1.00 (1)
0.6684 +- -1.00 (1)
0.7558 +- -1.00 (1)
0.7653 +- -1.00 (1)
0.6650 +- -1.00 (1)
0.7541 +- -1.00 (1)
0.6991 +- -1.00 (1)
0.6961 +- -1.00 (1)
0.7305 +- -1.00 (1)
0.6301 +- -1.00 (1)
0.7888 +- -1.00 (1)
0.7735 +- -1.00 (1)
0.6775 +- -1.00 (1)
0.6707 +- -1.00 (1)
0.6694 +- -1.00 (1)
0.7095 +- -1.00 (1)
0.5191 +- -1.00 (1)
0.7118 +- -1.00 (1)
0.7605 +- -1.00 (1)
0.6725 +- -1.00 (1)
0.7504 +- -1.00 (1)
0.6390 +- -1.00 (1)
0.7614 +- -1.00 (1)
0.7237 +- -1.00 (1)
0.7255 +- -1.00 (1)
0.7894 +- -1.00 (1)
0.6762 +- -1.00 (1)
0.7235 +- -1.00 (1)
0.7288 +- -1.00 (1)
0.6767 +- -1.00 (1)
0.7216 +- -1.00 (1)
0.7199 +- -1.00 (1)
0.6787 +- -1.00 (1)
0.7098 +- -1.00 (1)
0.6181 +- -1.00 (1)
0.6851 +- -1.00 (1)
0.7050 +- -1.00 (1)
0.6310 +- -1.00 (1)
0.7502 +- -1.00 (1)
0.7371 +- -1.00 (1)
0.6811 +- -1.00 (1)
0.7324 +- -1.00 (1)
0.7316 +- -1.00 (1)
0.7483 +- -1.00 (1)
0.7302 +- -1.00 (1)
0.7663 +- -1.00 (1)
0.7409 +- -1.00 (1)
0.7164 +- -1.00 (1)
0.6845 +- -1.00 (1)
0.7028 +- -1.00 (1)
0.7294 +- -1.00 (1)
0.7369 +- -1.00 (1)
0.7031 +- -1.00 (1)
0.6540 +- -1.00 (1)
0.7062 +- -1.00 (1)
0.6957 +- -1.00 (1)
0.7337 +- -1.00 (1)
0.7732 +- -1.00 (1)
0.7453 +- -1.00 (1)
0.7047 +- -1.00 (1)
0.7189 +- -1.00 (1)
0.6290 +- -1.00 (1)
0.6724 +- -1.00 (1)
0.7510 +- -1.00 (1)
0.7540 +- -1.00 (1)
0.7371 +- -1.00 (1)
0.7275 +- -1.00 (1)
0.6642 +- -1.00 (1)
0.6653 +- -1.00 (1)
0.6866 +- -1.00 (1)
0.7091 +- -1.00 (1)
0.6991 +- -1.00 (1)
0.6825 +- -1.00 (1)
0.7302 +- -1.00 (1)
0.6906 +- -1.00 (1)
0.7619 +- -1.00 (1)
0.7524 +- -1.00 (1)
0.7238 +- -1.00 (1)
0.7090 +- -1.00 (1)
0.6683 +- -1.00 (1)
0.7138 +- -1.00 (1)
0.6865 +- -1.00 (1)
0.6944 +- -1.00 (1)
0.7352 +- -1.00 (1)
0.7339 +- -1.00 (1)
0.7324 +- -1.00 (1)
0.7722 +- -1.00 (1)
0.7502 +- -1.00 (1)
0.7165 +- -1.00 (1)
0.6902 +- -1.00 (1)
0.7789 +- -1.00 (1)
0.6687 +- -1.00 (1)
0.7208 +- -1.00 (1)
0.6989 +- -1.00 (1)
0.7057 +- -1.00 (1)
0.6876 +- -1.00 (1)
0.7190 +- -1.00 (1)
0.7280 +- -1.00 (1)
0.7377 +- -1.00 (1)
0.7068 +- -1.00 (1)
0.7281 +- -1.00 (1)
0.7449 +- -1.00 (1)
0.7216 +- -1.00 (1)
0.7475 +- -1.00 (1)
0.7425 +- -1.00 (1)
0.7195 +- -1.00 (1)
0.7314 +- -1.00 (1)
0.7076 +- -1.00 (1)
0.7613 +- -1.00 (1)
0.7065 +- -1.00 (1)
0.7149 +- -1.00 (1)
0.7202 +- -1.00 (1)
0.6931 +- -1.00 (1)
0.7045 +- -1.00 (1)
0.7224 +- -1.00 (1)
0.7308 +- -1.00 (1)
0.7325 +- -1.00 (1)
0.7206 +- -1.00 (1)
0.7663 +- -1.00 (1)
0.7377 +- -1.00 (1)
0.7309 +- -1.00 (1)
0.7155 +- -1.00 (1)
0.6770 +- -1.00 (1)
0.7266 +- -1.00 (1)
0.7575 +- -1.00 (1)
0.7380 +- -1.00 (1)
0.6915 +- -1.00 (1)
0.7056 +- -1.00 (1)
0.6881 +- -1.00 (1)
0.7181 +- -1.00 (1)
0.7110 +- -1.00 (1)
0.6820 +- -1.00 (1)
0.6830 +- -1.00 (1)
0.7106 +- -1.00 (1)
0.7140 +- -1.00 (1)
0.7185 +- -1.00 (1)
0.7127 +- -1.00 (1)
0.7310 +- -1.00 (1)
0.7245 +- -1.00 (1)
0.7209 +- -1.00 (1)
0.6954 +- -1.00 (1)
0.7226 +- -1.00 (1)
0.7763 +- -1.00 (1)
0.7088 +- -1.00 (1)
0.7092 +- -1.00 (1)
0.7302 +- -1.00 (1)
0.6720 +- -1.00 (1)
0.7389 +- -1.00 (1)
0.6843 +- -1.00 (1)
0.7350 +- -1.00 (1)
0.7121 +- -1.00 (1)
0.7011 +- -1.00 (1)
0.6622 +- -1.00 (1)
0.7397 +- -1.00 (1)
0.6558 +- -1.00 (1)
0.7396 +- -1.00 (1)
0.6805 +- -1.00 (1)
0.7097 +- -1.00 (1)
0.7000 +- -1.00 (1)
0.7155 +- -1.00 (1)
0.7392 +- -1.00 (1)
0.7304 +- -1.00 (1)
0.7470 +- -1.00 (1)
0.7343 +- -1.00 (1)
0.7250 +- -1.00 (1)
0.6885 +- -1.00 (1)
0.7183 +- -1.00 (1)
