0.9522 0.6563 0.6242 5 0.9331 0.5759
0.949 0.7754 0.7357 2 0.945 0.7355
0.9413 0.563 0.5299 3 0.9392 0.5551
0.9553 0.7665 0.7317 3 0.9475 0.6701
0.9667 0.5809 0.5616 1 0.9667 0.5809
0.9685 0.6701 0.6487 3 0.9549 0.6327
0.9662 0.7341 0.7088 4 0.9504 0.6587
0.842 0.5972 0.5028 1 0.842 0.5972
0.9224 0.5396 0.4976 2 0.9016 0.5347
0.9441 0.7192 0.6782 3 0.9407 0.4423
0.9105 0.6618 0.6013 9 0.879 0.5294
0.9537 0.6442 0.614 3 0.9448 0.5962
0.9684 0.75 0.7262 4 0.9606 0.7271
0.9107 0.7689 0.7002 1 0.9107 0.7689
0.9684 0.6597 0.6382 7 0.9574 0.4622
0.9734 0.6635 0.6454 3 0.9679 0.5346
0.982 0.6854 0.6721 7 0.9585 0.4836
0.9604 0.6098 0.5833 7 0.8737 0.4817
0.6315 0.6462 0.408 2 0.6228 0.6423
0.9425 0.608 0.5716 8 0.9152 0.5114
0.9493 0.7346 0.6972 3 0.9445 0.7099
0.9596 0.7061 0.6765 4 0.9333 0.6447
0.9162 0.6235 0.5712 6 0.9123 0.5994
0.8717 0.6592 0.5569 15 0.7386 0.2488
0.9624 0.6923 0.6658 6 0.9484 0.5812
0.9706 0.6303 0.6118 1 0.9706 0.6303
0.9719 0.7741 0.752 5 0.9647 0.7078
0.972 0.8238 0.8007 2 0.9688 0.8156
0.9608 0.6102 0.5858 9 0.9445 0.5466
0.9613 0.7874 0.7564 4 0.9542 0.7098
0.9615 0.6277 0.6007 6 0.9359 0.4628
0.9645 0.5814 0.5606 3 0.9622 0.5
0.9694 0.6557 0.6356 3 0.9595 0.6469
0.8971 0.6684 0.5996 3 0.8939 0.5895
0.9688 0.5551 0.5359 11 0.8519 0.4567
0.968 0.6258 0.6052 4 0.9631 0.4969
0.9831 0.7902 0.774 5 0.9645 0.6027
0.9665 0.6531 0.6295 6 0.9452 0.4592
0.9527 0.7273 0.6927 3 0.9356 0.7168
0.9678 0.6792 0.6511 20 0.8407 0.4875
0.9768 0.7074 0.6873 8 0.9394 0.484
0.9644 0.713 0.6864 7 0.8955 0.6174
0.9655 0.6259 0.6035 8 0.9423 0.528
0.9494 0.6622 0.6246 16 0.8201 0.5649
0.9694 0.6903 0.6687 4 0.96 0.5973
0.9722 0.5769 0.5604 4 0.9613 0.528
0.976 0.7083 0.6903 8 0.9557 0.566
0.9767 0.726 0.7082 6 0.9556 0.6442
0.9736 0.6353 0.6178 9 0.9469 0.5789
0.976 0.6583 0.642 7 0.9576 0.5833
0.9613 0.6303 0.6059 2 0.9604 0.6261
0.9661 0.6408 0.6183 4 0.9556 0.5583
0.9717 0.7186 0.6983 3 0.9695 0.7111
0.9482 0.7019 0.6642 13 0.9256 0.5481
0.9729 0.6408 0.6226 7 0.9555 0.5631
0.9638 0.6992 0.6739 1 0.9638 0.6992
0.9499 0.7093 0.6715 9 0.8402 0.6395
0.9574 0.7059 0.6713 10 0.8835 0.4882
0.9809 0.7443 0.7274 13 0.9383 0.4886
0.9624 0.7259 0.6972 10 0.9384 0.4963
0.9617 0.7264 0.6966 11 0.9233 0.5802
0.9624 0.7398 0.7113 5 0.9355 0.3821
0.9698 0.663 0.6418 6 0.9512 0.5148
0.9744 0.6775 0.6594 8 0.9495 0.6213
0.9638 0.7308 0.7039 5 0.9519 0.6154
0.9673 0.6174 0.5967 4 0.9587 0.5303
0.9758 0.663 0.6463 5 0.9386 0.6051
0.9604 0.6869 0.6578 5 0.9474 0.486
0.9758 0.6779 0.6603 7 0.9567 0.5336
0.9732 0.7744 0.7523 5 0.9495 0.6955
0.9673 0.6429 0.6204 6 0.9447 0.4881
0.9665 0.6667 0.6432 11 0.9437 0.5088
0.9718 0.716 0.6948 3 0.9667 0.5089
0.9639 0.7048 0.6789 6 0.9546 0.619
0.972 0.66 0.64 7 0.9444 0.465
0.9737 0.6848 0.6653 6 0.9519 0.587
0.969 0.7473 0.7214 7 0.944 0.5385
0.9524 0.6733 0.6387 7 0.9157 0.5467
0.9696 0.7319 0.7077 8 0.9518 0.5399
0.9654 0.7194 0.6939 7 0.958 0.5612
0.9634 0.7194 0.6908 11 0.9168 0.551
0.9665 0.7609 0.7338 8 0.9369 0.6449
0.966 0.6241 0.6022 5 0.9446 0.5602
0.9709 0.7148 0.6923 8 0.9508 0.5423
0.9578 0.7442 0.712 5 0.9413 0.4961
0.9718 0.6143 0.5965 6 0.9591 0.5393
0.9691 0.6439 0.6235 7 0.9496 0.5758
0.9614 0.6122 0.5815 18 0.8402 0.4184
0.9682 0.6741 0.6522 4 0.9619 0.5889
0.9635 0.718 0.6906 9 0.9399 0.5188
0.9595 0.684 0.6555 7 0.9321 0.6424
0.9711 0.6468 0.6275 6 0.9589 0.5183
0.9794 0.7161 0.7003 11 0.9546 0.6307
0.9693 0.7358 0.7104 8 0.9402 0.5366
0.971 0.6731 0.6521 8 0.9407 0.5337
0.9727 0.6822 0.6598 7 0.9392 0.4068
0.9598 0.7315 0.7014 4 0.9382 0.6019
0.9624 0.7126 0.6846 6 0.9455 0.6207
0.9717 0.7183 0.6955 11 0.9433 0.493
0.9659 0.7101 0.6847 6 0.95 0.5507
0.9636 0.7171 0.6907 5 0.9333 0.6783
0.9519 0.7416 0.7049 8 0.9356 0.6208
0.9587 0.6051 0.5782 10 0.8947 0.4457
0.9579 0.7153 0.6848 3 0.9504 0.6563
0.9653 0.7103 0.6849 4 0.9474 0.6379
0.9626 0.6377 0.6138 2 0.9595 0.6232
0.9644 0.687 0.6618 7 0.9478 0.6138
0.9523 0.7212 0.6859 4 0.9431 0.5865
0.968 0.7016 0.678 6 0.9413 0.629
0.97 0.691 0.6688 7 0.9356 0.5903
0.9574 0.6985 0.6686 2 0.9533 0.6527
0.969 0.6844 0.6618 9 0.947 0.4631
0.9722 0.697 0.6763 13 0.9171 0.5567
0.9708 0.7483 0.7258 5 0.9571 0.6469
0.9752 0.6684 0.6496 9 0.9434 0.4053
0.9657 0.709 0.6842 4 0.9542 0.5902
0.9651 0.7107 0.6855 4 0.9542 0.6612
0.9359 0.7102 0.6627 8 0.8697 0.6477
0.9571 0.7424 0.7086 8 0.93 0.5947
0.9575 0.7143 0.6828 9 0.919 0.6607
0.9591 0.7 0.6705 7 0.9249 0.55
0.9393 0.7054 0.6625 4 0.9295 0.6938
0.9676 0.6349 0.6138 6 0.9576 0.5119
0.9686 0.7092 0.6864 5 0.9366 0.6667
0.9676 0.7103 0.6858 8 0.9279 0.5794
0.9696 0.6506 0.6303 9 0.9434 0.5929
0.9691 0.6835 0.6613 3 0.9583 0.5826
0.9393 0.6975 0.6551 2 0.9331 0.6849
0.962 0.686 0.6594 11 0.9514 0.562
0.9517 0.6926 0.659 7 0.9467 0.6407
0.9582 0.7028 0.6732 4 0.9509 0.6503
0.9733 0.7055 0.6859 6 0.9552 0.5274
0.9716 0.6802 0.6597 8 0.9498 0.5262
0.9632 0.7017 0.6751 4 0.9551 0.5672
0.9652 0.6453 0.6223 6 0.952 0.5726
0.958 0.7076 0.6769 7 0.9366 0.5042
0.9573 0.684 0.6541 6 0.9417 0.508
0.9553 0.7476 0.7116 9 0.923 0.6165
0.969 0.7037 0.6795 7 0.942 0.5074
0.9704 0.6769 0.6559 8 0.9535 0.5731
0.9523 0.7254 0.6884 8 0.9144 0.6268
0.9627 0.6579 0.6312 6 0.9402 0.4925
0.9582 0.6314 0.6045 3 0.95 0.5657
0.9461 0.6815 0.6446 5 0.9304 0.661
0.9519 0.702 0.6672 9 0.9339 0.5497
0.9459 0.6344 0.5998 5 0.9409 0.5813
0.9571 0.6364 0.608 6 0.936 0.4682
0.9471 0.663 0.6276 3 0.9326 0.6222
0.9538 0.6 0.5716 8 0.9278 0.5478
0.9491 0.7086 0.6712 8 0.9218 0.596
0.9553 0.7248 0.6899 8 0.9197 0.5388
0.9534 0.6852 0.6518 11 0.9134 0.5815
0.9473 0.6748 0.6383 6 0.9267 0.5675
0.9495 0.6349 0.6025 6 0.9346 0.5675
0.9722 0.646 0.6252 9 0.9338 0.5221
0.9438 0.7008 0.6601 7 0.9289 0.5533
0.9536 0.692 0.6591 3 0.9395 0.6295
0.954 0.726 0.6909 6 0.922 0.5865
0.9534 0.7154 0.681 7 0.9357 0.6269
0.9594 0.5986 0.5732 12 0.9336 0.4648
0.9585 0.7089 0.6772 10 0.9192 0.5959
0.9556 0.68 0.6485 5 0.9319 0.572
0.9511 0.62 0.5895 4 0.9427 0.572
0.9456 0.6493 0.6137 6 0.933 0.5858
0.9518 0.6761 0.6427 7 0.9371 0.5669
0.9451 0.6259 0.5912 4 0.9343 0.5874
0.9734 0.6705 0.6482 7 0.9146 0.4457
0.9539 0.6372 0.6065 8 0.9159 0.5531
0.9446 0.649 0.6123 7 0.9225 0.5481
0.9482 0.6711 0.6352 7 0.9278 0.5746
0.9585 0.7 0.6684 11 0.921 0.5208
0.9587 0.6842 0.6543 7 0.9347 0.5702
0.949 0.6623 0.6274 6 0.919 0.5779
0.9558 0.7 0.6661 11 0.9235 0.544
0.9514 0.6583 0.6257 5 0.9322 0.5708
0.9557 0.644 0.6148 6 0.9296 0.56
0.9403 0.6626 0.6223 7 0.9283 0.5447
0.9535 0.6957 0.6617 12 0.9123 0.5
0.9524 0.7244 0.6874 8 0.923 0.5394
0.9567 0.6269 0.5988 6 0.9441 0.5115
0.9475 0.7022 0.6636 11 0.925 0.5809
0.9581 0.6789 0.6483 11 0.9306 0.4837
0.9514 0.6324 0.6011 4 0.9323 0.5956
0.9473 0.6967 0.6586 9 0.9233 0.5779
0.9515 0.6917 0.6573 9 0.9326 0.5714
0.9538 0.6289 0.5989 7 0.9394 0.5189
0.956 0.6772 0.6449 14 0.9159 0.5354
0.9531 0.6382 0.6073 8 0.9242 0.5407
0.946 0.6589 0.6231 5 0.9332 0.486
0.9382 0.6944 0.6514 2 0.9285 0.6905
0.951 0.7016 0.6651 10 0.9249 0.5605
0.9494 0.6737 0.639 9 0.9273 0.5381
0.9499 0.6487 0.6156 10 0.9237 0.5538
0.9537 0.6653 0.6341 3 0.9495 0.5508
0.9495 0.6429 0.6098 5 0.9342 0.5491
0.9521 0.6744 0.6407 6 0.928 0.5388
0.9488 0.6336 0.6005 8 0.9277 0.5458
0.9618 0.7043 0.6738 14 0.9201 0.5261
0.9422 0.6653 0.626 10 0.91 0.5847
0.9534 0.656 0.6239 12 0.9139 0.52
0.9545 0.6719 0.6388 12 0.9188 0.5039
0.9515 0.6357 0.6043 6 0.9297 0.5286
0.9497 0.6281 0.596 7 0.9348 0.5331
0.9516 0.6953 0.6603 5 0.9339 0.543
0.9478 0.6679 0.6322 10 0.9303 0.5858
0.9434 0.6465 0.6094 7 0.9247 0.5955
0.9568 0.6552 0.6249 11 0.914 0.5345
0.945 0.6352 0.599 11 0.911 0.5328
0.9491 0.6505 0.6174 2 0.9473 0.6456
0.9457 0.7179 0.6777 7 0.925 0.6239
0.9544 0.6864 0.6542 8 0.9212 0.572
0.9476 0.622 0.589 7 0.9351 0.5528
0.9419 0.6815 0.641 5 0.9115 0.6164
0.9492 0.6441 0.6104 4 0.9253 0.572
0.9421 0.6563 0.6179 5 0.9197 0.6211
0.945 0.6538 0.617 11 0.921 0.5769
0.9416 0.6729 0.6328 9 0.9207 0.6015
0.9547 0.6864 0.653 11 0.9217 0.5
0.9551 0.6707 0.6378 8 0.9212 0.5163
0.9464 0.6268 0.5926 7 0.9298 0.5616
0.9471 0.6912 0.6536 6 0.9193 0.6287
0.9433 0.668 0.629 11 0.9231 0.5469
0.9547 0.6613 0.6301 7 0.931 0.5645
0.9415 0.6829 0.6423 7 0.9268 0.5732
0.9453 0.6391 0.6036 8 0.9244 0.4887
0.9304 0.6346 0.59 8 0.9104 0.5737
0.9419 0.6792 0.6392 6 0.9239 0.6
0.9413 0.6538 0.6142 9 0.9113 0.5
0.9402 0.662 0.6219 5 0.9299 0.5972
0.9488 0.6992 0.662 6 0.9289 0.5691
0.9456 0.7042 0.6633 5 0.9308 0.4667
0.9462 0.6829 0.6446 8 0.922 0.5488
0.937 0.6893 0.6452 6 0.9198 0.6321
0.9431 0.6429 0.6062 4 0.9276 0.5982
0.9546 0.6453 0.6148 7 0.9289 0.547
0.946 0.6639 0.6272 8 0.9167 0.582
0.9386 0.6679 0.6264 6 0.9202 0.5657
0.9524 0.6818 0.6482 8 0.922 0.5992
0.9342 0.6752 0.6297 9 0.9057 0.6197
0.939 0.6573 0.6168 7 0.9029 0.5769
0.946 0.6786 0.6396 12 0.9136 0.4802
0.9503 0.6556 0.6208 7 0.9191 0.5407
0.94 0.6336 0.5952 6 0.921 0.5763
0.9475 0.6792 0.6424 10 0.9135 0.5917
0.9441 0.6556 0.6173 11 0.9085 0.563
0.9445 0.6311 0.5954 6 0.9267 0.5762
0.9435 0.6627 0.6244 7 0.9193 0.5992
0.935 0.627 0.5858 8 0.9165 0.5437
0.9427 0.6261 0.5899 8 0.9214 0.5652
0.947 0.696 0.6578 7 0.9305 0.6
0.9369 0.6958 0.6513 6 0.9248 0.5833
0.9346 0.6723 0.6279 4 0.9035 0.5966
0.9359 0.7036 0.6578 6 0.9084 0.6321
0.9479 0.689 0.6508 11 0.9057 0.5039
0.9345 0.6767 0.6316 6 0.8984 0.5902
0.9471 0.6748 0.6375 7 0.9145 0.5976
0.9397 0.6899 0.6481 4 0.9341 0.6473
0.9487 0.6886 0.6519 11 0.9225 0.5307
0.9442 0.688 0.6476 14 0.9051 0.5556
0.9516 0.5964 0.5667 8 0.9342 0.4964
0.9433 0.6949 0.6542 10 0.9164 0.6144
0.9411 0.6393 0.6011 6 0.9342 0.5429
0.9419 0.6532 0.6144 8 0.919 0.5766
0.9431 0.6777 0.6378 6 0.9128 0.5744
0.941 0.6444 0.6056 6 0.9215 0.5704
0.9293 0.6204 0.576 7 0.9033 0.5586
0.9411 0.6721 0.6313 9 0.9094 0.5738
0.9402 0.6016 0.5652 5 0.9206 0.5313
0.9505 0.6522 0.6186 7 0.9338 0.5478
0.9508 0.6318 0.5993 8 0.9335 0.4922
0.9458 0.6641 0.6257 9 0.917 0.4961
0.9393 0.6538 0.6132 7 0.9124 0.5769
0.9483 0.6963 0.6578 4 0.9205 0.5296
0.938 0.6423 0.602 4 0.9258 0.5692
0.9434 0.6736 0.6341 7 0.9182 0.5455
0.9449 0.6585 0.6212 6 0.9069 0.6016
0.9426 0.6484 0.6103 10 0.9166 0.5664
0.9398 0.694 0.6512 8 0.9142 0.6164
0.9456 0.6412 0.605 11 0.925 0.5
0.9298 0.6477 0.6015 7 0.9098 0.5644
0.9336 0.6933 0.6465 5 0.898 0.5798
0.9483 0.6277 0.5933 11 0.9116 0.4854
0.9481 0.6339 0.5995 11 0.9216 0.5276
0.9461 0.6613 0.6241 10 0.8953 0.5524
0.9552 0.6174 0.5877 11 0.9242 0.5152
0.9351 0.6523 0.6094 6 0.9099 0.6093
0.9397 0.686 0.6433 4 0.9225 0.5969
0.9424 0.6116 0.576 4 0.9282 0.5579
0.9429 0.6504 0.6128 6 0.923 0.5841
0.9457 0.6603 0.6234 6 0.9161 0.6031
0.9347 0.6614 0.6173 9 0.9183 0.5354
0.9354 0.6638 0.6193 10 0.8898 0.569
0.9466 0.6471 0.6114 9 0.9262 0.5625
0.9524 0.6475 0.6149 8 0.9309 0.5246
0.9464 0.6496 0.6136 10 0.928 0.5197
0.941 0.6463 0.607 8 0.9039 0.5488
0.9504 0.686 0.6499 9 0.9154 0.5853
0.9427 0.6849 0.6441 8 0.911 0.5798
0.9457 0.656 0.6178 15 0.8862 0.512
0.9359 0.6591 0.6158 7 0.9155 0.5606
0.9535 0.6563 0.6253 6 0.9374 0.558
0.953 0.7754 0.7384 3 0.945 0.6739
0.7535 0.4528 0.3411 5 0.7451 0.437
0.9553 0.7665 0.7317 3 0.9475 0.6701
0.9667 0.5809 0.5616 1 0.9667 0.5809
0.9625 0.6701 0.6449 2 0.9549 0.6667
0.9322 0.7302 0.6807 3 0.931 0.6905
0.984 0.6389 0.6269 9 0.944 0.4556
0.945 0.5446 0.5142 4 0.9233 0.5
0.9441 0.6577 0.6103 27 0.7213 0.4423
0.926 0.6618 0.6094 17 0.8646 0.451
0.9537 0.6442 0.614 4 0.9448 0.5962
0.9784 0.7518 0.7355 2 0.9736 0.7447
0.9629 0.7803 0.7514 1 0.9629 0.7803
0.791 0.5084 0.3963 22 0.6439 0.2941
0.9734 0.6478 0.6284 6 0.937 0.5346
0.8075 0.6385 0.5156 1 0.8075 0.6385
0.9604 0.6646 0.6365 3 0.9434 0.4817
0.8022 0.6923 0.5554 1 0.8022 0.6923
0.9615 0.5966 0.5712 7 0.9025 0.4886
0.9298 0.6173 0.5561 33 0.676 0.3148
0.9601 0.7061 0.6768 8 0.9333 0.6491
0.9644 0.6476 0.6245 2 0.9634 0.6416
0.9714 0.7463 0.7248 5 0.9547 0.694
0.9649 0.7009 0.6754 6 0.9449 0.6325
0.9834 0.6338 0.6228 7 0.9738 0.5704
0.9764 0.7771 0.7588 1 0.9764 0.7771
0.9235 0.7787 0.7172 14 0.8706 0.7172
0.9533 0.6017 0.573 8 0.9202 0.5424
0.8496 0.7098 0.6028 8 0.8294 0.6897
0.9584 0.6277 0.6007 4 0.9435 0.4415
0.9483 0.5581 0.5291 4 0.9425 0.4593
0.9786 0.6952 0.68 5 0.965 0.6579
0.9613 0.6842 0.6567 5 0.9371 0.5211
0.8824 0.5118 0.4445 29 0.741 0.3976
0.968 0.6227 0.6016 8 0.9503 0.4969
0.8467 0.6652 0.558 12 0.6795 0.5982
0.9616 0.648 0.6219 4 0.9374 0.5561
0.962 0.7238 0.6944 7 0.9372 0.5804
0.9716 0.7042 0.6802 15 0.9247 0.4542
0.9508 0.7074 0.6723 3 0.9423 0.6755
0.9508 0.7217 0.6862 2 0.9432 0.7174
0.9628 0.6294 0.6045 5 0.9495 0.465
0.9805 0.7216 0.7059 5 0.964 0.5027
0.9721 0.6814 0.662 6 0.9549 0.6327
0.9748 0.6049 0.5893 5 0.9683 0.5455
0.971 0.6667 0.6465 5 0.9382 0.5868
0.9702 0.726 0.704 5 0.9556 0.6971
0.9321 0.6203 0.577 9 0.9054 0.5226
0.9751 0.6611 0.6443 7 0.9617 0.6111
0.9647 0.6261 0.6039 3 0.9568 0.6092
0.9699 0.6359 0.6162 3 0.9571 0.5728
0.9751 0.6884 0.6697 9 0.95 0.5302
0.9693 0.7067 0.6844 4 0.9476 0.5529
0.9754 0.6214 0.6052 8 0.952 0.5485
0.9709 0.6563 0.6356 9 0.9417 0.4297
0.9267 0.6628 0.6138 3 0.8883 0.6512
0.9574 0.7059 0.6705 12 0.896 0.4882
0.9809 0.75 0.7332 9 0.957 0.4886
0.9672 0.7259 0.6998 12 0.9409 0.4963
0.9779 0.7264 0.706 11 0.9347 0.4434
0.9638 0.7317 0.7039 5 0.923 0.6748
0.9698 0.6519 0.6305 7 0.9388 0.5148
0.974 0.6479 0.6304 6 0.9609 0.5858
0.9646 0.7154 0.6887 5 0.9489 0.5462
0.9646 0.625 0.6027 3 0.9622 0.5455
0.962 0.6377 0.6118 12 0.8816 0.5543
0.954 0.6776 0.6464 2 0.9503 0.6682
0.9747 0.6812 0.663 4 0.9635 0.5872
0.9721 0.7669 0.7434 7 0.9255 0.6316
0.9695 0.6429 0.6224 6 0.9512 0.4722
0.9655 0.6754 0.6518 3 0.9635 0.5044
0.9762 0.7101 0.6918 4 0.9601 0.6095
0.9675 0.7 0.6762 7 0.9326 0.6381
0.9721 0.66 0.6394 14 0.9426 0.435
0.9725 0.6812 0.6611 7 0.9497 0.5906
0.9484 0.7198 0.6806 7 0.9076 0.6429
0.8884 0.6467 0.5736 6 0.8395 0.6
0.973 0.7246 0.7018 10 0.9291 0.5181
0.961 0.723 0.6943 4 0.9422 0.6691
0.9578 0.7245 0.6923 7 0.927 0.5867
0.9416 0.7319 0.689 4 0.9341 0.7065
0.9687 0.6241 0.6037 7 0.9499 0.5602
0.97 0.7218 0.6988 8 0.9528 0.5176
0.9605 0.7326 0.7029 4 0.9515 0.6318
0.975 0.6179 0.6025 2 0.9744 0.6143
0.973 0.6402 0.6223 7 0.9435 0.5833
0.9583 0.6633 0.6348 6 0.9277 0.5969
0.958 0.6704 0.6422 2 0.9573 0.5519
0.9667 0.7218 0.6971 6 0.9571 0.5677
0.9709 0.6806 0.6586 6 0.948 0.5521
0.9711 0.633 0.6126 10 0.9357 0.5183
0.9765 0.7186 0.7008 8 0.9548 0.5477
0.9701 0.7154 0.6927 11 0.9378 0.4431
0.9793 0.6442 0.6292 10 0.9336 0.5337
0.9628 0.6822 0.656 4 0.9509 0.6017
0.9601 0.7361 0.7061 6 0.9484 0.5694
0.9606 0.7069 0.6788 2 0.923 0.7011
0.9667 0.7007 0.6754 7 0.925 0.5035
0.9537 0.7101 0.677 4 0.9477 0.6413
0.9552 0.7171 0.6838 5 0.9434 0.6085
0.9603 0.7383 0.7073 8 0.9238 0.5872
0.9662 0.6014 0.5797 9 0.9343 0.4928
0.9608 0.7083 0.6794 4 0.9422 0.6285
0.9708 0.6931 0.6715 9 0.9301 0.5931
0.9635 0.6413 0.6176 5 0.9569 0.5109
0.9528 0.687 0.6544 4 0.9463 0.6382
0.9626 0.6971 0.6655 12 0.9116 0.4279
0.962 0.6734 0.6464 9 0.9161 0.5282
0.9674 0.7014 0.6776 4 0.9549 0.6007
0.9599 0.6908 0.6623 6 0.9405 0.5992
0.9717 0.6721 0.652 8 0.9527 0.4836
0.9603 0.6872 0.6597 9 0.9446 0.6232
0.9491 0.7378 0.6997 4 0.9405 0.6573
0.976 0.6684 0.6502 7 0.9394 0.4
0.9573 0.7008 0.6701 4 0.9455 0.5697
0.9567 0.7107 0.6797 2 0.9531 0.6364
0.9598 0.7216 0.6894 10 0.9276 0.5568
0.9556 0.7386 0.705 6 0.9367 0.6174
0.9782 0.7107 0.6907 10 0.9371 0.5179
0.974 0.6955 0.6737 8 0.9204 0.5182
0.9596 0.7093 0.6802 3 0.9489 0.6667
0.9723 0.6468 0.6285 5 0.9461 0.6151
0.9652 0.7288 0.7029 6 0.9427 0.6699
0.9545 0.7103 0.6768 9 0.9324 0.5714
0.9583 0.641 0.614 4 0.9476 0.6026
0.962 0.6697 0.6434 8 0.9247 0.5963
0.9462 0.6891 0.6512 9 0.9265 0.5966
0.9724 0.6899 0.6699 8 0.9486 0.6085
0.9679 0.6963 0.6722 7 0.944 0.5741
0.9614 0.6993 0.6716 10 0.9404 0.6154
0.9688 0.661 0.6399 10 0.952 0.613
0.9568 0.6337 0.6056 8 0.927 0.5669
0.9725 0.6639 0.6441 11 0.9374 0.5714
0.9649 0.641 0.6179 8 0.9423 0.5556
0.9601 0.6864 0.6545 15 0.9014 0.4407
0.963 0.68 0.6548 2 0.9628 0.676
0.9639 0.7573 0.7265 10 0.928 0.5874
0.9618 0.7 0.6718 10 0.9397 0.6
0.9627 0.6615 0.636 5 0.9406 0.5115
0.9484 0.7218 0.6834 5 0.9339 0.6092
0.9619 0.6466 0.6202 8 0.9313 0.5489
0.9532 0.6204 0.5908 8 0.9354 0.573
0.9526 0.6815 0.6487 3 0.9427 0.5993
0.9508 0.6921 0.6575 6 0.9287 0.5927
0.9527 0.6344 0.604 5 0.9347 0.6
0.9629 0.6273 0.6018 7 0.9281 0.4864
0.9432 0.6519 0.6145 6 0.9252 0.5741
0.9491 0.6 0.5687 5 0.9281 0.5478
0.9451 0.7152 0.6749 7 0.929 0.6358
0.9514 0.7248 0.6871 9 0.9216 0.5349
0.9503 0.6852 0.6501 9 0.917 0.5926
0.9417 0.6779 0.6381 5 0.9286 0.6196
0.9385 0.6389 0.5996 3 0.9367 0.5754
0.9493 0.6637 0.6298 5 0.9315 0.6416
0.9555 0.6926 0.6607 3 0.9341 0.6189
0.9485 0.7054 0.6689 3 0.9439 0.6652
0.9555 0.7212 0.6875 12 0.9286 0.5337
0.9407 0.7423 0.6974 5 0.9199 0.5923
0.9509 0.6162 0.5854 7 0.9315 0.5141
0.9406 0.7226 0.6788 8 0.9212 0.6062
0.9558 0.68 0.6481 13 0.9312 0.492
0.9592 0.62 0.5937 5 0.9371 0.564
0.948 0.653 0.6186 5 0.9321 0.5784
0.9501 0.6831 0.6483 7 0.9253 0.5739
0.9479 0.6154 0.5833 4 0.9353 0.6049
0.9395 0.6822 0.6406 5 0.9216 0.6047
0.9448 0.6416 0.6055 6 0.9301 0.5442
0.9461 0.6587 0.6224 7 0.9353 0.5144
0.9441 0.6754 0.6363 10 0.9117 0.5132
0.9497 0.7125 0.6751 5 0.9336 0.5917
0.9576 0.6623 0.6334 4 0.9394 0.5789
0.9407 0.6494 0.6109 3 0.9381 0.6331
0.9455 0.696 0.6575 6 0.9287 0.568
0.9371 0.6708 0.6283 4 0.9249 0.5792
0.9493 0.644 0.6106 8 0.9306 0.544
0.9509 0.6504 0.6178 4 0.9286 0.561
0.9555 0.6739 0.6426 10 0.9294 0.4478
0.9391 0.7283 0.6822 10 0.9072 0.6142
0.9609 0.65 0.6219 14 0.9168 0.4654
0.9491 0.7059 0.6686 10 0.9126 0.5257
0.9476 0.6829 0.6465 9 0.9281 0.5732
0.941 0.6213 0.5842 7 0.9215 0.5699
0.9441 0.6885 0.6491 6 0.9269 0.541
0.9435 0.6992 0.6595 5 0.9311 0.6729
0.9548 0.6289 0.5993 8 0.9243 0.5157
0.955 0.6693 0.6379 8 0.939 0.5512
0.9562 0.6016 0.5745 10 0.9394 0.5041
0.9497 0.6449 0.6119 7 0.9326 0.5701
0.9329 0.6984 0.6506 6 0.9133 0.623
0.9543 0.6976 0.6644 5 0.9349 0.5565
0.9501 0.6695 0.6346 6 0.9338 0.5424
0.9517 0.6551 0.6226 6 0.9316 0.5918
0.95 0.6695 0.6348 8 0.9286 0.5975
0.9432 0.6429 0.6057 8 0.9227 0.5446
0.9489 0.6783 0.6426 8 0.9133 0.5775
0.945 0.6374 0.6015 10 0.9111 0.5076
0.9473 0.7043 0.6655 7 0.9183 0.5217
0.9444 0.6653 0.6273 8 0.9227 0.5254
0.9474 0.672 0.6359 5 0.93 0.6
0.9523 0.668 0.6349 7 0.9189 0.5156
0.9581 0.6536 0.6232 9 0.934 0.4857
0.9396 0.624 0.5862 2 0.9379 0.5702
0.9357 0.6992 0.6536 9 0.9173 0.6211
0.9479 0.6716 0.6356 9 0.9219 0.5634
0.9413 0.6369 0.5987 8 0.9218 0.551
0.9557 0.6681 0.6368 9 0.9179 0.5
0.9422 0.6434 0.6052 7 0.9088 0.5492
0.9394 0.665 0.6241 5 0.906 0.5825
0.94 0.7094 0.6656 8 0.9127 0.5769
0.9416 0.6992 0.6582 3 0.9247 0.6653
0.9506 0.6301 0.5982 10 0.9209 0.5244
0.9424 0.6781 0.6381 10 0.9264 0.589
0.9499 0.6271 0.5946 8 0.9247 0.5381
0.9371 0.6602 0.6183 6 0.9221 0.6016
0.9467 0.6538 0.6185 4 0.9399 0.5427
0.9448 0.6692 0.6318 5 0.9301 0.6165
0.9471 0.6818 0.6443 11 0.9122 0.5682
0.9497 0.6748 0.6394 10 0.9184 0.6057
0.9451 0.6304 0.5946 9 0.9232 0.5217
0.9377 0.7059 0.6613 6 0.9173 0.5662
0.9489 0.6641 0.6282 11 0.9127 0.5352
0.9467 0.6613 0.626 2 0.9447 0.6573
0.9421 0.6748 0.6349 10 0.9199 0.561
0.9425 0.6579 0.6197 6 0.9362 0.5489
0.9386 0.6282 0.5892 5 0.9229 0.5833
0.9323 0.675 0.6287 9 0.9073 0.5833
0.9336 0.6538 0.6092 10 0.8957 0.5769
0.9364 0.662 0.6193 6 0.8979 0.5787
0.9466 0.6911 0.6527 8 0.9313 0.5163
0.9394 0.7083 0.6635 7 0.9097 0.575
0.9437 0.6626 0.6242 5 0.9126 0.5732
0.9343 0.6929 0.6473 2 0.9314 0.6571
0.9493 0.6295 0.5972 2 0.9427 0.5714
0.9453 0.6496 0.6135 5 0.9141 0.5513
0.9402 0.668 0.6275 6 0.921 0.5287
0.9276 0.6825 0.6329 7 0.9159 0.6423
0.9485 0.6777 0.6419 10 0.934 0.5165
0.9328 0.6709 0.6249 9 0.9067 0.594
0.9393 0.6538 0.6138 4 0.9338 0.5664
0.9444 0.6825 0.6434 4 0.9282 0.5714
0.9394 0.6704 0.6282 9 0.9074 0.5519
0.9399 0.6298 0.5913 6 0.9199 0.5687
0.945 0.7 0.6598 11 0.9103 0.55
0.9369 0.6444 0.6033 6 0.9225 0.6037
0.942 0.6372 0.5996 8 0.9245 0.561
0.9403 0.6786 0.637 6 0.9176 0.6151
0.9376 0.627 0.5875 7 0.9269 0.5833
0.9371 0.6391 0.5985 4 0.9064 0.5957
0.9519 0.688 0.6529 10 0.9119 0.592
0.9408 0.7 0.6577 5 0.9029 0.6583
0.9397 0.6639 0.6233 5 0.9179 0.584
0.9258 0.7036 0.6509 4 0.9054 0.6571
0.9376 0.6575 0.6157 7 0.9171 0.5591
0.9391 0.6842 0.6408 10 0.9012 0.594
0.9358 0.687 0.6414 7 0.9079 0.5894
0.9316 0.6977 0.6494 3 0.9063 0.6395
0.9541 0.6798 0.6474 9 0.9285 0.5263
0.943 0.6966 0.6559 5 0.9196 0.6325
0.9423 0.625 0.5883 4 0.9326 0.5321
0.934 0.6992 0.6526 4 0.9116 0.6144
0.9319 0.65 0.6053 4 0.906 0.625
0.9286 0.6492 0.6025 5 0.9091 0.5806
0.9415 0.6612 0.6218 6 0.9143 0.4917
0.9397 0.6444 0.6048 6 0.9191 0.5444
0.9344 0.6111 0.5705 4 0.9202 0.5679
0.9264 0.6803 0.6297 6 0.9046 0.5943
0.9328 0.6289 0.586 7 0.913 0.5273
0.931 0.6522 0.6068 3 0.9082 0.6087
0.9408 0.6744 0.6333 7 0.9179 0.5543
0.9344 0.6992 0.6524 4 0.9241 0.5938
0.938 0.6581 0.6163 9 0.9153 0.5342
0.9441 0.6741 0.6331 6 0.9178 0.4963
0.9313 0.6731 0.6256 8 0.9034 0.5846
0.9366 0.686 0.6417 4 0.9168 0.6116
0.9425 0.6585 0.6198 7 0.9125 0.6016
0.9288 0.6563 0.6092 5 0.9099 0.6094
0.9317 0.694 0.6458 8 0.9117 0.5776
0.9392 0.6603 0.6191 6 0.9092 0.5802
0.9289 0.6515 0.6048 8 0.9098 0.5417
0.945 0.6723 0.6342 6 0.9236 0.5714
0.9285 0.6277 0.5825 6 0.9173 0.5766
0.9326 0.6575 0.6126 7 0.9221 0.5669
0.9321 0.6573 0.6124 4 0.9228 0.6048
0.9318 0.6629 0.6172 6 0.9219 0.5795
0.9343 0.6291 0.5874 6 0.9236 0.5894
0.929 0.6783 0.6298 8 0.902 0.6124
0.9322 0.624 0.5813 4 0.9204 0.5785
0.9365 0.6726 0.6284 5 0.8896 0.5531
0.9342 0.6756 0.63 8 0.9004 0.5573
0.9444 0.6496 0.6118 6 0.9223 0.5039
0.9278 0.6724 0.6232 7 0.9047 0.5948
0.9378 0.6654 0.6231 10 0.9088 0.5662
0.9294 0.6598 0.6129 5 0.9174 0.6107
0.9406 0.6811 0.6383 7 0.9147 0.4921
0.9346 0.6463 0.6038 7 0.9183 0.5528
0.9472 0.6744 0.6376 7 0.919 0.5155
0.9206 0.7059 0.6495 3 0.9092 0.6765
0.9385 0.648 0.607 6 0.9086 0.58
0.9401 0.6098 0.5732 4 0.9233 0.5682
0.9549 0.6563 0.6258 3 0.9386 0.5982
0.6359 0.7065 0.4491 5 0.6286 0.6703
0.9475 0.563 0.5334 1 0.9475 0.563
0.9553 0.7665 0.7317 3 0.9475 0.6701
0.9492 0.5037 0.4781 4 0.9465 0.489
0.9625 0.6701 0.6449 2 0.9549 0.6667
0.934 0.7302 0.682 2 0.931 0.7262
0.984 0.6389 0.6271 9 0.944 0.4556
0.7666 0.4554 0.3491 1 0.7666 0.4554
0.949 0.7192 0.6824 4 0.9407 0.6808
0.9236 0.6471 0.5903 17 0.8278 0.4412
0.9567 0.6442 0.6161 2 0.9448 0.625
0.9672 0.7482 0.7236 2 0.9533 0.7447
0.9222 0.7689 0.7087 8 0.9107 0.6553
0.8264 0.6134 0.5069 2 0.824 0.6092
0.9656 0.6604 0.6376 2 0.9613 0.6447
0.9701 0.5493 0.5279 19 0.6746 0.4577
0.9434 0.6646 0.627 1 0.9434 0.6646
0.648 0.65 0.4212 2 0.6378 0.6462
0.8248 0.5057 0.4051 39 0.6928 0.2898
0.9546 0.7346 0.701 3 0.9348 0.716
0.9593 0.7061 0.6758 8 0.9248 0.5921
0.9643 0.6476 0.6245 1 0.9643 0.6476
0.9724 0.7488 0.728 5 0.964 0.6592
0.9553 0.7009 0.6694 3 0.9449 0.688
0.9738 0.6338 0.6172 1 0.9738 0.6338
0.927 0.7349 0.6804 10 0.8785 0.7048
0.9532 0.8156 0.7774 2 0.9505 0.7869
0.9728 0.6059 0.5882 12 0.9571 0.4322
0.6563 0.5603 0.3669 13 0.6167 0.477
0.9615 0.6277 0.6021 7 0.9359 0.4628
0.9645 0.5349 0.5149 6 0.9223 0.5
0.9712 0.6952 0.6744 3 0.966 0.5504
0.9414 0.6842 0.644 2 0.9377 0.6684
0.9719 0.5591 0.5428 5 0.9429 0.5236
0.8438 0.4877 0.4052 31 0.7511 0.3528
0.9479 0.7679 0.7279 1 0.9479 0.7679
0.9616 0.648 0.6204 8 0.9374 0.4439
0.9601 0.7308 0.7007 7 0.945 0.5455
0.9698 0.7125 0.6883 5 0.9432 0.5167
0.9713 0.7021 0.6776 16 0.9271 0.4468
0.8835 0.6739 0.5946 4 0.8653 0.6174
0.9566 0.6189 0.5919 2 0.9517 0.5909
0.9686 0.7243 0.7016 1 0.9686 0.7243
0.9721 0.6681 0.6493 5 0.958 0.6327
0.9748 0.5734 0.5587 2 0.9662 0.5455
0.974 0.7083 0.6888 7 0.9557 0.566
0.9702 0.7212 0.6994 5 0.9453 0.6971
0.9736 0.6391 0.6217 6 0.9541 0.5789
0.9737 0.6583 0.6408 4 0.9645 0.625
0.9612 0.6303 0.6052 10 0.9464 0.5462
0.9589 0.6117 0.5861 4 0.944 0.568
0.9763 0.6809 0.6636 6 0.947 0.5628
0.969 0.6779 0.6558 9 0.94 0.6058
0.9707 0.6311 0.6117 9 0.9437 0.5291
0.9556 0.6953 0.6644 5 0.9501 0.6563
0.9694 0.7326 0.7057 5 0.9246 0.564
0.9605 0.7118 0.6802 10 0.9151 0.5529
0.9596 0.7472 0.7164 5 0.9477 0.6648
0.9672 0.7296 0.7036 8 0.9512 0.4963
0.9699 0.7217 0.6963 12 0.9224 0.4292
0.9555 0.7398 0.706 8 0.9287 0.6504
0.8863 0.5481 0.4845 9 0.7764 0.5111
0.973 0.642 0.6236 8 0.9208 0.6036
0.9661 0.7308 0.7054 6 0.9519 0.6654
0.9666 0.6061 0.5849 7 0.9383 0.4394
0.9758 0.6812 0.6635 7 0.9518 0.6051
0.9649 0.6776 0.6517 9 0.9371 0.4907
0.9686 0.6745 0.6528 7 0.9563 0.5671
0.9713 0.7669 0.741 9 0.9287 0.6316
0.9627 0.6468 0.622 7 0.9516 0.4802
0.9624 0.6579 0.6323 6 0.9372 0.5921
0.9554 0.713 0.6812 1 0.9554 0.713
0.9203 0.6238 0.5716 7 0.7905 0.5905
0.9751 0.655 0.6368 10 0.9298 0.41
0.9682 0.6812 0.659 9 0.9465 0.6341
0.9386 0.7418 0.6962 2 0.9356 0.7253
0.9567 0.6867 0.654 11 0.9159 0.4667
0.9719 0.6775 0.6569 8 0.9452 0.558
0.97 0.7194 0.6971 4 0.9303 0.6655
0.9672 0.7245 0.6982 12 0.9243 0.5153
0.873 0.6667 0.5816 7 0.8312 0.5797
0.97 0.6278 0.6081 8 0.9529 0.5338
0.9683 0.669 0.6468 9 0.9288 0.5211
0.9086 0.7132 0.6473 7 0.8754 0.6705
0.9639 0.55 0.5292 7 0.8638 0.5214
0.9681 0.6439 0.6227 7 0.9542 0.5758
0.9416 0.6633 0.6236 7 0.9189 0.5408
0.9682 0.6667 0.6433 8 0.949 0.4444
0.9649 0.7143 0.6878 7 0.9438 0.5188
0.9633 0.691 0.6649 5 0.9494 0.6285
0.9711 0.5963 0.5777 5 0.9251 0.5183
0.9753 0.6256 0.6086 14 0.9327 0.5075
0.9599 0.7358 0.7058 5 0.9387 0.687
0.975 0.6827 0.6632 6 0.9559 0.4183
0.9635 0.6525 0.6266 13 0.9235 0.4873
0.9683 0.7222 0.6979 7 0.9499 0.5787
0.9538 0.7184 0.6832 10 0.9206 0.4655
0.9751 0.6901 0.6693 8 0.943 0.4648
0.9709 0.6703 0.6493 6 0.9364 0.5942
0.9524 0.7016 0.6671 7 0.9216 0.6357
0.9633 0.7282 0.7008 4 0.9319 0.5839
0.967 0.6413 0.6197 6 0.9576 0.5362
0.9623 0.7049 0.6778 6 0.9409 0.6146
0.9667 0.7069 0.6827 7 0.9324 0.5586
0.966 0.6413 0.6194 4 0.9597 0.5688
0.9682 0.626 0.6055 8 0.9428 0.5447
0.9618 0.7212 0.6921 7 0.9413 0.4231
0.9582 0.6935 0.663 8 0.9364 0.5726
0.9606 0.6979 0.6702 4 0.9493 0.6389
0.9539 0.6679 0.6364 4 0.9271 0.5916
0.9746 0.6721 0.6539 9 0.9405 0.5615
0.9727 0.702 0.6824 8 0.9415 0.6478
0.9586 0.6923 0.6628 5 0.9092 0.6503
0.966 0.6579 0.6344 6 0.9511 0.5632
0.9597 0.709 0.6801 4 0.944 0.6721
0.9644 0.6818 0.6566 8 0.9444 0.5702
0.9354 0.7216 0.6733 8 0.9068 0.5909
0.9677 0.7311 0.7049 11 0.921 0.6174
0.9638 0.7179 0.6907 9 0.9355 0.6429
0.9533 0.7045 0.6708 4 0.9343 0.6136
0.9638 0.6822 0.6566 9 0.9491 0.5814
0.962 0.5754 0.5531 5 0.952 0.5079
0.9529 0.7222 0.6879 4 0.9384 0.5882
0.9529 0.7063 0.6725 5 0.9311 0.6667
0.9608 0.6603 0.6341 5 0.9471 0.6218
0.951 0.6743 0.6412 3 0.9387 0.5688
0.9414 0.6765 0.6357 7 0.9144 0.5714
0.9395 0.6163 0.5766 6 0.8798 0.5233
0.9652 0.6889 0.6635 9 0.944 0.5963
0.9467 0.6958 0.6586 3 0.9377 0.6818
0.9671 0.7021 0.6786 4 0.9494 0.6781
0.9721 0.657 0.638 9 0.9439 0.5959
0.9655 0.7059 0.6811 5 0.9605 0.5546
0.9701 0.641 0.6214 4 0.9474 0.6197
0.9607 0.7076 0.6792 3 0.9439 0.6737
0.9551 0.692 0.6608 3 0.9518 0.656
0.9176 0.7087 0.6496 4 0.8857 0.6796
0.9554 0.7 0.6685 5 0.9366 0.663
0.9644 0.6615 0.6377 3 0.9438 0.6462
0.948 0.7007 0.6625 7 0.9227 0.581
0.9399 0.6541 0.6141 7 0.9254 0.5489
0.9539 0.6022 0.5736 8 0.9347 0.5109
0.9529 0.6815 0.6489 3 0.9435 0.6267
0.9573 0.6689 0.6398 8 0.941 0.5993
0.9519 0.6156 0.5857 5 0.9346 0.5688
0.9534 0.6591 0.6268 12 0.9187 0.4909
0.9529 0.6444 0.6136 6 0.9401 0.5593
0.9492 0.587 0.5566 5 0.9334 0.5087
0.8332 0.6126 0.5084 6 0.7231 0.5861
0.9527 0.7287 0.6922 10 0.9211 0.5853
0.9398 0.6704 0.6295 5 0.9107 0.6259
0.9399 0.6656 0.6248 6 0.9005 0.5828
0.9477 0.6349 0.6014 3 0.9375 0.5516
0.934 0.6062 0.566 4 0.9003 0.5841
0.9429 0.6967 0.6558 7 0.9125 0.6189
0.9502 0.6741 0.6401 6 0.9396 0.6205
0.9589 0.7019 0.6712 9 0.9258 0.5721
0.9499 0.7346 0.6938 12 0.8984 0.5731
0.9527 0.5669 0.5398 6 0.9367 0.5317
0.9564 0.7123 0.6788 10 0.9163 0.6062
0.9432 0.668 0.6292 9 0.9183 0.536
0.9538 0.608 0.5796 7 0.9325 0.54
0.9387 0.6679 0.6261 10 0.9112 0.5896
0.9525 0.669 0.6357 7 0.9304 0.5211
0.9442 0.6224 0.5875 7 0.9317 0.5909
0.9282 0.6822 0.6324 8 0.8962 0.6279
0.9399 0.646 0.6065 7 0.9252 0.5487
0.9388 0.649 0.6086 7 0.9178 0.5769
0.9509 0.6623 0.6279 11 0.897 0.5351
0.9117 0.7 0.6372 7 0.8677 0.6375
0.9533 0.6667 0.6344 7 0.93 0.5658
0.9549 0.6558 0.6238 13 0.9199 0.539
0.9384 0.68 0.6376 6 0.9218 0.636
0.9432 0.6667 0.6285 3 0.9208 0.6375
0.9448 0.66 0.6225 11 0.9127 0.548
0.9445 0.6504 0.6139 5 0.9296 0.5813
0.9501 0.7 0.6631 6 0.9008 0.6043
0.9483 0.7283 0.6879 10 0.9029 0.6142
0.9523 0.6462 0.6148 3 0.9442 0.5038
0.9481 0.6838 0.6475 5 0.9225 0.5257
0.949 0.6707 0.6355 9 0.9122 0.5772
0.9498 0.6324 0.6003 4 0.9338 0.6066
0.9485 0.668 0.6328 8 0.9289 0.5492
0.9481 0.6992 0.6625 5 0.9189 0.6053
0.9541 0.6321 0.6016 11 0.9173 0.5597
0.9335 0.6496 0.6062 4 0.9254 0.622
0.9545 0.5935 0.5654 10 0.9322 0.4919
0.9442 0.6449 0.6081 7 0.9211 0.5607
0.9337 0.6706 0.6261 5 0.928 0.6508
0.9493 0.7056 0.6676 9 0.9194 0.5806
0.9412 0.678 0.6376 5 0.9237 0.5847
0.9481 0.6677 0.6323 3 0.9399 0.5728
0.9474 0.6271 0.5939 4 0.9301 0.5254
0.9313 0.6384 0.5939 6 0.9123 0.558
0.9486 0.6667 0.6317 5 0.9235 0.5271
0.9483 0.6336 0.6001 5 0.9325 0.5458
0.9483 0.6957 0.6585 9 0.9225 0.5609
0.9416 0.6737 0.6334 5 0.913 0.5805
0.9527 0.656 0.623 10 0.9213 0.504
0.9454 0.668 0.6298 10 0.9167 0.5586
0.9446 0.625 0.5891 10 0.9108 0.5179
0.9496 0.6405 0.6076 4 0.9357 0.5826
0.9484 0.7031 0.6656 8 0.9265 0.5391
0.9475 0.6754 0.6392 7 0.9177 0.6157
0.9401 0.6497 0.6102 8 0.9239 0.5605
0.9508 0.6681 0.6343 7 0.9122 0.556
0.9311 0.6557 0.6101 5 0.9148 0.6148
0.9412 0.6553 0.6164 5 0.9233 0.5049
0.9345 0.7051 0.6586 4 0.92 0.6624
0.9459 0.6864 0.6483 11 0.9088 0.5381
0.9374 0.6382 0.5977 10 0.9158 0.5935
0.9352 0.6575 0.6147 5 0.9247 0.5993
0.9477 0.6229 0.5896 5 0.9287 0.5593
0.9425 0.6641 0.6253 4 0.9077 0.6094
0.9397 0.6325 0.5941 4 0.9239 0.5983
0.9407 0.6579 0.6185 4 0.9349 0.5827
0.9531 0.6864 0.653 9 0.9269 0.5364
0.9373 0.6667 0.6243 3 0.9232 0.622
0.9397 0.6522 0.6122 8 0.924 0.558
0.9373 0.7206 0.6738 9 0.9074 0.6176
0.9435 0.6836 0.6441 3 0.9311 0.5898
0.9436 0.6492 0.6121 4 0.9336 0.5766
0.9429 0.687 0.6467 7 0.907 0.5325
0.9335 0.6541 0.6103 5 0.9218 0.6128
0.9286 0.625 0.58 7 0.9069 0.5641
0.9424 0.6667 0.627 7 0.897 0.6
0.9354 0.6496 0.607 4 0.9187 0.6068
0.9315 0.6528 0.6079 5 0.9102 0.625
0.948 0.687 0.6508 2 0.9448 0.5488
0.9351 0.7083 0.6615 9 0.9111 0.6417
0.9486 0.6545 0.6197 6 0.9194 0.5772
0.9262 0.6821 0.6312 6 0.9123 0.5893
0.9531 0.6429 0.6117 5 0.9392 0.5045
0.9415 0.6368 0.5989 6 0.9265 0.5556
0.9418 0.668 0.6281 7 0.9222 0.5492
0.9265 0.6788 0.6286 5 0.9086 0.6533
0.9424 0.6818 0.6415 9 0.9104 0.5537
0.931 0.6709 0.6244 6 0.921 0.5641
0.9347 0.6434 0.6009 7 0.9151 0.5734
0.9311 0.6706 0.6243 6 0.9253 0.5992
0.9359 0.663 0.62 4 0.9184 0.6222
0.9403 0.6374 0.5988 3 0.9342 0.5305
0.9521 0.6458 0.6141 5 0.9362 0.5583
0.9251 0.663 0.6133 2 0.9161 0.6593
0.9311 0.6311 0.5873 6 0.9199 0.5762
0.9347 0.6587 0.6152 6 0.9138 0.6071
0.9333 0.619 0.5777 3 0.9254 0.5952
0.9307 0.6304 0.5864 3 0.9053 0.5957
0.9393 0.7 0.6567 5 0.9253 0.584
0.9281 0.7 0.6491 11 0.9031 0.6208
0.9454 0.6681 0.6291 5 0.9093 0.542
0.9307 0.7036 0.6544 4 0.9142 0.6536
0.9416 0.6575 0.6191 2 0.9402 0.6535
0.9355 0.6805 0.636 4 0.9242 0.6128
0.9381 0.6585 0.6175 6 0.9274 0.5488
0.9225 0.6899 0.6364 1 0.9225 0.6899
0.9456 0.6667 0.6298 7 0.9204 0.5614
0.9283 0.6795 0.6304 5 0.9163 0.6111
0.9344 0.625 0.5837 5 0.9165 0.5643
0.9245 0.6992 0.6457 8 0.8982 0.589
0.9278 0.6393 0.5929 4 0.9145 0.6036
0.9376 0.6613 0.6191 6 0.908 0.5685
0.942 0.6612 0.6216 6 0.9239 0.5496
0.9294 0.6481 0.6018 7 0.904 0.5667
0.931 0.6358 0.5919 3 0.917 0.6296
0.9418 0.6516 0.6131 6 0.9124 0.5738
0.9337 0.625 0.5831 6 0.9186 0.5625
0.9294 0.6304 0.5857 4 0.917 0.5957
0.9368 0.6705 0.6275 7 0.9125 0.6008
0.9338 0.6758 0.6301 8 0.8991 0.5664
0.9149 0.6752 0.6175 4 0.9036 0.5983
0.9254 0.7 0.647 6 0.8953 0.6444
0.9276 0.6615 0.6132 4 0.9164 0.6038
0.9229 0.6736 0.6215 3 0.9184 0.6281
0.9337 0.6382 0.5955 4 0.9169 0.6016
0.9232 0.668 0.6162 6 0.9061 0.6367
0.9324 0.6897 0.6423 5 0.9129 0.6336
0.9435 0.6412 0.603 11 0.8795 0.5115
0.9299 0.6288 0.5833 12 0.8897 0.5189
0.9306 0.7017 0.6527 2 0.9246 0.6513
0.934 0.6241 0.5824 7 0.9153 0.5292
0.9309 0.6535 0.6081 4 0.9126 0.6339
0.9395 0.6694 0.6273 10 0.9115 0.5444
0.9217 0.6705 0.6178 6 0.9058 0.6326
0.9215 0.6689 0.6163 4 0.9139 0.649
0.9145 0.686 0.6269 7 0.8983 0.6395
0.929 0.6364 0.5909 4 0.906 0.6198
0.9375 0.6504 0.609 9 0.9083 0.5929
0.9161 0.6908 0.6326 5 0.907 0.6527
0.9339 0.6693 0.6241 8 0.9111 0.6063
0.9349 0.6595 0.616 7 0.9178 0.6121
0.9274 0.6765 0.6268 8 0.9022 0.6324
0.9238 0.6803 0.6278 6 0.9119 0.5697
0.9387 0.6496 0.6092 5 0.9231 0.5512
0.9255 0.6585 0.6092 3 0.9209 0.5976
0.9313 0.6899 0.6415 5 0.9026 0.5775
0.9228 0.7059 0.6506 6 0.9004 0.6639
0.9296 0.656 0.609 4 0.9153 0.528
0.9318 0.6705 0.6234 6 0.9066 0.5947