../../problems/clp/benchs/BRwp-1.0-0.3/BR1.txt -i 9 --min_fr=1.0 0.678200 0.489600
../../problems/clp/benchs/BRwp-1.0-0.3/BR1.txt -i 13 --min_fr=1.0 0.700200 0.403200
../../problems/clp/benchs/BRwp-1.0-0.3/BR1.txt -i 16 --min_fr=1.0 0.672100 0.548700
../../problems/clp/benchs/BRwp-1.0-0.3/BR1.txt -i 17 --min_fr=1.0 0.583300 0.485600
../../problems/clp/benchs/BRwp-1.0-0.3/BR4.txt -i 9 --min_fr=1.0 0.752300 0.593700
../../problems/clp/benchs/BRwp-1.0-0.3/BR8.txt -i 2 --min_fr=0.98 0.604500 0.492900
../../problems/clp/benchs/BRwp-1.0-0.3/BR8.txt -i 3 --min_fr=0.98 0.644600 0.490700
../../problems/clp/benchs/BRwp-1.0-0.3/BR8.txt -i 4 --min_fr=0.98 0.667200 0.518000
../../problems/clp/benchs/BRwp-1.0-0.3/BR8.txt -i 10 --min_fr=0.98 0.689900 0.568700
../../problems/clp/benchs/BRwp-1.0-0.3/BR8.txt -i 12 --min_fr=0.98 0.638300 0.472200
../../problems/clp/benchs/BRwp-1.0-0.3/BR8.txt -i 15 --min_fr=0.98 0.660100 0.464800
../../problems/clp/benchs/BRwp-1.0-0.3/BR8.txt -i 18 --min_fr=0.98 0.681000 0.535100
../../problems/clp/benchs/BRwp-1.0-0.3/BR9.txt -i 0 --min_fr=0.98 0.677200 0.517000
../../problems/clp/benchs/BRwp-1.0-0.3/BR9.txt -i 1 --min_fr=0.98 0.648500 0.521400
../../problems/clp/benchs/BRwp-1.0-0.3/BR9.txt -i 6 --min_fr=0.98 0.648200 0.467400
../../problems/clp/benchs/BRwp-1.0-0.3/BR9.txt -i 10 --min_fr=0.98 0.668400 0.505000
../../problems/clp/benchs/BRwp-1.0-0.3/BR9.txt -i 11 --min_fr=0.98 0.654300 0.501900
../../problems/clp/benchs/BRwp-1.0-0.3/BR9.txt -i 13 --min_fr=0.98 0.666100 0.524500
../../problems/clp/benchs/BRwp-1.0-0.3/BR9.txt -i 17 --min_fr=0.98 0.661700 0.515000
../../problems/clp/benchs/BRwp-1.0-0.3/BR9.txt -i 18 --min_fr=0.98 0.687400 0.528100
../../problems/clp/benchs/BRwp-1.0-0.3/BR10.txt -i 0 --min_fr=0.98 0.663600 0.518100
../../problems/clp/benchs/BRwp-1.0-0.3/BR10.txt -i 1 --min_fr=0.98 0.648300 0.444200
../../problems/clp/benchs/BRwp-1.0-0.3/BR10.txt -i 3 --min_fr=0.98 0.658600 0.539900
../../problems/clp/benchs/BRwp-1.0-0.3/BR10.txt -i 4 --min_fr=0.98 0.657300 0.520100
../../problems/clp/benchs/BRwp-1.0-0.3/BR10.txt -i 6 --min_fr=0.98 0.644900 0.471700
../../problems/clp/benchs/BRwp-1.0-0.3/BR10.txt -i 7 --min_fr=0.98 0.607300 0.498900
../../problems/clp/benchs/BRwp-1.0-0.3/BR10.txt -i 8 --min_fr=0.98 0.623100 0.514600
../../problems/clp/benchs/BRwp-1.0-0.3/BR10.txt -i 9 --min_fr=0.98 0.651400 0.518900
../../problems/clp/benchs/BRwp-1.0-0.3/BR10.txt -i 10 --min_fr=0.98 0.665100 0.529500
../../problems/clp/benchs/BRwp-1.0-0.3/BR10.txt -i 12 --min_fr=0.98 0.615600 0.478600
../../problems/clp/benchs/BRwp-1.0-0.3/BR10.txt -i 13 --min_fr=0.98 0.634100 0.500900
../../problems/clp/benchs/BRwp-1.0-0.3/BR10.txt -i 17 --min_fr=0.98 0.673800 0.488600
../../problems/clp/benchs/BRwp-1.0-0.3/BR10.txt -i 19 --min_fr=0.98 0.623900 0.496600
../../problems/clp/benchs/BRwp-1.0-0.3/BR11.txt -i 0 --min_fr=0.98 0.638800 0.443000
../../problems/clp/benchs/BRwp-1.0-0.3/BR11.txt -i 3 --min_fr=0.98 0.660300 0.512900
../../problems/clp/benchs/BRwp-1.0-0.3/BR11.txt -i 4 --min_fr=0.98 0.632200 0.479400
../../problems/clp/benchs/BRwp-1.0-0.3/BR11.txt -i 6 --min_fr=0.98 0.624900 0.507300
../../problems/clp/benchs/BRwp-1.0-0.3/BR11.txt -i 9 --min_fr=0.98 0.677700 0.480700
../../problems/clp/benchs/BRwp-1.0-0.3/BR11.txt -i 10 --min_fr=0.98 0.654200 0.511100
../../problems/clp/benchs/BRwp-1.0-0.3/BR11.txt -i 11 --min_fr=0.98 0.589000 0.484100
../../problems/clp/benchs/BRwp-1.0-0.3/BR11.txt -i 13 --min_fr=0.98 0.610400 0.491100
../../problems/clp/benchs/BRwp-1.0-0.3/BR11.txt -i 15 --min_fr=0.98 0.617000 0.486900
../../problems/clp/benchs/BRwp-1.0-0.3/BR11.txt -i 16 --min_fr=0.98 0.632800 0.502800
../../problems/clp/benchs/BRwp-1.0-0.3/BR11.txt -i 18 --min_fr=0.98 0.637800 0.512700
../../problems/clp/benchs/BRwp-1.0-0.3/BR12.txt -i 0 --min_fr=0.98 0.653600 0.466300
../../problems/clp/benchs/BRwp-1.0-0.3/BR12.txt -i 1 --min_fr=0.98 0.629000 0.502400
../../problems/clp/benchs/BRwp-1.0-0.3/BR12.txt -i 2 --min_fr=0.98 0.630100 0.482500
../../problems/clp/benchs/BRwp-1.0-0.3/BR12.txt -i 3 --min_fr=0.98 0.642300 0.482400
../../problems/clp/benchs/BRwp-1.0-0.3/BR12.txt -i 4 --min_fr=0.98 0.603600 0.470600
../../problems/clp/benchs/BRwp-1.0-0.3/BR12.txt -i 5 --min_fr=0.98 0.590000 0.455000
../../problems/clp/benchs/BRwp-1.0-0.3/BR12.txt -i 7 --min_fr=0.98 0.614200 0.505000
../../problems/clp/benchs/BRwp-1.0-0.3/BR12.txt -i 8 --min_fr=0.98 0.621900 0.497000
../../problems/clp/benchs/BRwp-1.0-0.3/BR12.txt -i 9 --min_fr=0.98 0.662000 0.475700
../../problems/clp/benchs/BRwp-1.0-0.3/BR12.txt -i 10 --min_fr=0.98 0.663300 0.453400
../../problems/clp/benchs/BRwp-1.0-0.3/BR12.txt -i 11 --min_fr=0.98 0.644600 0.493000
../../problems/clp/benchs/BRwp-1.0-0.3/BR12.txt -i 12 --min_fr=0.98 0.645200 0.505800
../../problems/clp/benchs/BRwp-1.0-0.3/BR12.txt -i 13 --min_fr=0.98 0.606200 0.494300
../../problems/clp/benchs/BRwp-1.0-0.3/BR12.txt -i 15 --min_fr=0.98 0.627200 0.504900
../../problems/clp/benchs/BRwp-1.0-0.3/BR12.txt -i 16 --min_fr=0.98 0.626400 0.514400
../../problems/clp/benchs/BRwp-1.0-0.3/BR12.txt -i 17 --min_fr=0.98 0.648200 0.514800
../../problems/clp/benchs/BRwp-1.0-0.3/BR12.txt -i 19 --min_fr=0.98 0.616800 0.474500
../../problems/clp/benchs/BRwp-1.0-0.3/BR13.txt -i 1 --min_fr=0.98 0.620800 0.462900
../../problems/clp/benchs/BRwp-1.0-0.3/BR13.txt -i 3 --min_fr=0.98 0.642400 0.482100
../../problems/clp/benchs/BRwp-1.0-0.3/BR13.txt -i 4 --min_fr=0.98 0.617300 0.498100
../../problems/clp/benchs/BRwp-1.0-0.3/BR13.txt -i 5 --min_fr=0.98 0.595400 0.493600
../../problems/clp/benchs/BRwp-1.0-0.3/BR13.txt -i 6 --min_fr=0.98 0.624400 0.506400
../../problems/clp/benchs/BRwp-1.0-0.3/BR13.txt -i 7 --min_fr=0.98 0.585800 0.475900
../../problems/clp/benchs/BRwp-1.0-0.3/BR13.txt -i 9 --min_fr=0.98 0.657800 0.469600
../../problems/clp/benchs/BRwp-1.0-0.3/BR13.txt -i 10 --min_fr=0.98 0.651300 0.479600
../../problems/clp/benchs/BRwp-1.0-0.3/BR13.txt -i 11 --min_fr=0.98 0.627900 0.512300
../../problems/clp/benchs/BRwp-1.0-0.3/BR13.txt -i 12 --min_fr=0.98 0.657800 0.466400
../../problems/clp/benchs/BRwp-1.0-0.3/BR13.txt -i 13 --min_fr=0.98 0.650800 0.508700
../../problems/clp/benchs/BRwp-1.0-0.3/BR13.txt -i 14 --min_fr=0.98 0.631600 0.463200
../../problems/clp/benchs/BRwp-1.0-0.3/BR13.txt -i 15 --min_fr=0.98 0.637500 0.468000
../../problems/clp/benchs/BRwp-1.0-0.3/BR13.txt -i 16 --min_fr=0.98 0.648100 0.492800
../../problems/clp/benchs/BRwp-1.0-0.3/BR13.txt -i 17 --min_fr=0.98 0.651900 0.525300
../../problems/clp/benchs/BRwp-1.0-0.3/BR13.txt -i 18 --min_fr=0.98 0.647600 0.514400
../../problems/clp/benchs/BRwp-1.0-0.3/BR14.txt -i 0 --min_fr=0.98 0.654200 0.529500
../../problems/clp/benchs/BRwp-1.0-0.3/BR14.txt -i 1 --min_fr=0.98 0.601100 0.445700
../../problems/clp/benchs/BRwp-1.0-0.3/BR14.txt -i 2 --min_fr=0.98 0.614400 0.465200
../../problems/clp/benchs/BRwp-1.0-0.3/BR14.txt -i 3 --min_fr=0.98 0.637800 0.486700
../../problems/clp/benchs/BRwp-1.0-0.3/BR14.txt -i 4 --min_fr=0.98 0.605600 0.484300
../../problems/clp/benchs/BRwp-1.0-0.3/BR14.txt -i 5 --min_fr=0.98 0.576000 0.466200
../../problems/clp/benchs/BRwp-1.0-0.3/BR14.txt -i 6 --min_fr=0.98 0.631300 0.492200
../../problems/clp/benchs/BRwp-1.0-0.3/BR14.txt -i 7 --min_fr=0.98 0.565200 0.470800
../../problems/clp/benchs/BRwp-1.0-0.3/BR14.txt -i 9 --min_fr=0.98 0.599300 0.449400
../../problems/clp/benchs/BRwp-1.0-0.3/BR14.txt -i 10 --min_fr=0.98 0.625700 0.446100
../../problems/clp/benchs/BRwp-1.0-0.3/BR14.txt -i 11 --min_fr=0.98 0.613200 0.493500
../../problems/clp/benchs/BRwp-1.0-0.3/BR14.txt -i 12 --min_fr=0.98 0.657800 0.405900
../../problems/clp/benchs/BRwp-1.0-0.3/BR14.txt -i 13 --min_fr=0.98 0.602000 0.452300
../../problems/clp/benchs/BRwp-1.0-0.3/BR14.txt -i 14 --min_fr=0.98 0.634100 0.458300
../../problems/clp/benchs/BRwp-1.0-0.3/BR14.txt -i 15 --min_fr=0.98 0.621200 0.472400
../../problems/clp/benchs/BRwp-1.0-0.3/BR14.txt -i 16 --min_fr=0.98 0.610300 0.505300
../../problems/clp/benchs/BRwp-1.0-0.3/BR14.txt -i 17 --min_fr=0.98 0.651200 0.531800
../../problems/clp/benchs/BRwp-1.0-0.3/BR14.txt -i 18 --min_fr=0.98 0.605000 0.440300
../../problems/clp/benchs/BRwp-1.0-0.3/BR14.txt -i 19 --min_fr=0.98 0.601500 0.471800
../../problems/clp/benchs/BRwp-1.0-0.3/BR15.txt -i 0 --min_fr=0.98 0.646500 0.497100
../../problems/clp/benchs/BRwp-1.0-0.3/BR15.txt -i 2 --min_fr=0.98 0.599500 0.460800
../../problems/clp/benchs/BRwp-1.0-0.3/BR15.txt -i 3 --min_fr=0.98 0.624100 0.476100
../../problems/clp/benchs/BRwp-1.0-0.3/BR15.txt -i 4 --min_fr=0.98 0.587700 0.443900
../../problems/clp/benchs/BRwp-1.0-0.3/BR15.txt -i 5 --min_fr=0.98 0.609400 0.485700
../../problems/clp/benchs/BRwp-1.0-0.3/BR15.txt -i 6 --min_fr=0.98 0.643300 0.484400
../../problems/clp/benchs/BRwp-1.0-0.3/BR15.txt -i 8 --min_fr=0.98 0.612800 0.481700
../../problems/clp/benchs/BRwp-1.0-0.3/BR15.txt -i 9 --min_fr=0.98 0.623400 0.494100
../../problems/clp/benchs/BRwp-1.0-0.3/BR15.txt -i 10 --min_fr=0.98 0.617300 0.449800
../../problems/clp/benchs/BRwp-1.0-0.3/BR15.txt -i 11 --min_fr=0.98 0.619300 0.509900
../../problems/clp/benchs/BRwp-1.0-0.3/BR15.txt -i 12 --min_fr=0.98 0.611400 0.498500
../../problems/clp/benchs/BRwp-1.0-0.3/BR15.txt -i 13 --min_fr=0.98 0.614900 0.476000
../../problems/clp/benchs/BRwp-1.0-0.3/BR15.txt -i 14 --min_fr=0.98 0.613600 0.451200
../../problems/clp/benchs/BRwp-1.0-0.3/BR15.txt -i 15 --min_fr=0.98 0.607000 0.489800
../../problems/clp/benchs/BRwp-1.0-0.3/BR15.txt -i 16 --min_fr=0.98 0.649900 0.509500
../../problems/clp/benchs/BRwp-1.0-0.3/BR15.txt -i 17 --min_fr=0.98 0.644100 0.473300
../../problems/clp/benchs/BRwp-1.0-0.3/BR15.txt -i 18 --min_fr=0.98 0.617800 0.483600
../../problems/clp/benchs/BRwp-1.0-0.3/BR15.txt -i 19 --min_fr=0.98 0.615800 0.458100
../../problems/clp/benchs/BRwp-1.0-0.5/BR2.txt -i 16 --min_fr=1.0 0.558000 0.459400
../../problems/clp/benchs/BRwp-1.0-0.5/BR3.txt -i 16 --min_fr=1.0 0.613800 0.476700
../../problems/clp/benchs/BRwp-1.0-0.5/BR5.txt -i 18 --min_fr=1.0 0.675400 0.553700
../../problems/clp/benchs/BRwp-1.0-0.5/BR8.txt -i 4 --min_fr=0.98 0.657500 0.528300
../../problems/clp/benchs/BRwp-1.0-0.5/BR8.txt -i 10 --min_fr=0.98 0.687100 0.571600
../../problems/clp/benchs/BRwp-1.0-0.5/BR8.txt -i 12 --min_fr=0.98 0.638100 0.484900
../../problems/clp/benchs/BRwp-1.0-0.5/BR8.txt -i 17 --min_fr=0.98 0.687500 0.540600
../../problems/clp/benchs/BRwp-1.0-0.5/BR8.txt -i 18 --min_fr=0.98 0.697400 0.482500
../../problems/clp/benchs/BRwp-1.0-0.5/BR9.txt -i 0 --min_fr=0.98 0.678800 0.556000
../../problems/clp/benchs/BRwp-1.0-0.5/BR9.txt -i 1 --min_fr=0.98 0.648100 0.495400
../../problems/clp/benchs/BRwp-1.0-0.5/BR9.txt -i 3 --min_fr=0.98 0.618600 0.515400
../../problems/clp/benchs/BRwp-1.0-0.5/BR9.txt -i 4 --min_fr=0.98 0.648300 0.506200
../../problems/clp/benchs/BRwp-1.0-0.5/BR9.txt -i 6 --min_fr=0.98 0.640600 0.485000
../../problems/clp/benchs/BRwp-1.0-0.5/BR9.txt -i 7 --min_fr=0.98 0.605500 0.499400
../../problems/clp/benchs/BRwp-1.0-0.5/BR9.txt -i 8 --min_fr=0.98 0.622400 0.514400
../../problems/clp/benchs/BRwp-1.0-0.5/BR9.txt -i 12 --min_fr=0.98 0.610900 0.478200
../../problems/clp/benchs/BRwp-1.0-0.5/BR9.txt -i 13 --min_fr=0.98 0.657500 0.531800
../../problems/clp/benchs/BRwp-1.0-0.5/BR9.txt -i 17 --min_fr=0.98 0.642600 0.494200
../../problems/clp/benchs/BRwp-1.0-0.5/BR9.txt -i 18 --min_fr=0.98 0.682200 0.472500
../../problems/clp/benchs/BRwp-1.0-0.5/BR10.txt -i 0 --min_fr=0.98 0.668600 0.546400
../../problems/clp/benchs/BRwp-1.0-0.5/BR10.txt -i 1 --min_fr=0.98 0.646500 0.504500
../../problems/clp/benchs/BRwp-1.0-0.5/BR10.txt -i 2 --min_fr=0.98 0.584200 0.468800
../../problems/clp/benchs/BRwp-1.0-0.5/BR10.txt -i 4 --min_fr=0.98 0.659500 0.512400
../../problems/clp/benchs/BRwp-1.0-0.5/BR10.txt -i 6 --min_fr=0.98 0.637900 0.441900
../../problems/clp/benchs/BRwp-1.0-0.5/BR10.txt -i 7 --min_fr=0.98 0.574500 0.442200
../../problems/clp/benchs/BRwp-1.0-0.5/BR10.txt -i 10 --min_fr=0.98 0.664400 0.455800
../../problems/clp/benchs/BRwp-1.0-0.5/BR10.txt -i 12 --min_fr=0.98 0.622600 0.514000
../../problems/clp/benchs/BRwp-1.0-0.5/BR10.txt -i 13 --min_fr=0.98 0.634800 0.503400
../../problems/clp/benchs/BRwp-1.0-0.5/BR10.txt -i 15 --min_fr=0.98 0.642600 0.472300
../../problems/clp/benchs/BRwp-1.0-0.5/BR10.txt -i 19 --min_fr=0.98 0.635900 0.460000
../../problems/clp/benchs/BRwp-1.0-0.5/BR11.txt -i 0 --min_fr=0.98 0.634900 0.497200
../../problems/clp/benchs/BRwp-1.0-0.5/BR11.txt -i 1 --min_fr=0.98 0.623200 0.456300
../../problems/clp/benchs/BRwp-1.0-0.5/BR11.txt -i 3 --min_fr=0.98 0.653600 0.483200
../../problems/clp/benchs/BRwp-1.0-0.5/BR11.txt -i 4 --min_fr=0.98 0.635600 0.510100
../../problems/clp/benchs/BRwp-1.0-0.5/BR11.txt -i 9 --min_fr=0.98 0.665600 0.494900
../../problems/clp/benchs/BRwp-1.0-0.5/BR11.txt -i 10 --min_fr=0.98 0.658200 0.489600
../../problems/clp/benchs/BRwp-1.0-0.5/BR11.txt -i 12 --min_fr=0.98 0.638100 0.512500
../../problems/clp/benchs/BRwp-1.0-0.5/BR11.txt -i 16 --min_fr=0.98 0.631800 0.493400
../../problems/clp/benchs/BRwp-1.0-0.5/BR11.txt -i 18 --min_fr=0.98 0.639400 0.478200
../../problems/clp/benchs/BRwp-1.0-0.5/BR12.txt -i 0 --min_fr=0.98 0.661300 0.501300
../../problems/clp/benchs/BRwp-1.0-0.5/BR12.txt -i 1 --min_fr=0.98 0.628200 0.471200
../../problems/clp/benchs/BRwp-1.0-0.5/BR12.txt -i 4 --min_fr=0.98 0.619700 0.510700
../../problems/clp/benchs/BRwp-1.0-0.5/BR12.txt -i 5 --min_fr=0.98 0.589200 0.485700
../../problems/clp/benchs/BRwp-1.0-0.5/BR12.txt -i 6 --min_fr=0.98 0.628700 0.511800
../../problems/clp/benchs/BRwp-1.0-0.5/BR12.txt -i 7 --min_fr=0.98 0.609200 0.490100
../../problems/clp/benchs/BRwp-1.0-0.5/BR12.txt -i 9 --min_fr=0.98 0.652700 0.461500
../../problems/clp/benchs/BRwp-1.0-0.5/BR12.txt -i 10 --min_fr=0.98 0.663500 0.494300
../../problems/clp/benchs/BRwp-1.0-0.5/BR12.txt -i 12 --min_fr=0.98 0.647300 0.455800
../../problems/clp/benchs/BRwp-1.0-0.5/BR12.txt -i 14 --min_fr=0.98 0.613500 0.503400
../../problems/clp/benchs/BRwp-1.0-0.5/BR12.txt -i 15 --min_fr=0.98 0.627500 0.469800
../../problems/clp/benchs/BRwp-1.0-0.5/BR12.txt -i 16 --min_fr=0.98 0.632900 0.462900
../../problems/clp/benchs/BRwp-1.0-0.5/BR12.txt -i 17 --min_fr=0.98 0.641900 0.463000
../../problems/clp/benchs/BRwp-1.0-0.5/BR12.txt -i 19 --min_fr=0.98 0.613800 0.473400
../../problems/clp/benchs/BRwp-1.0-0.5/BR13.txt -i 0 --min_fr=0.98 0.643400 0.471200
../../problems/clp/benchs/BRwp-1.0-0.5/BR13.txt -i 1 --min_fr=0.98 0.628200 0.452400
../../problems/clp/benchs/BRwp-1.0-0.5/BR13.txt -i 3 --min_fr=0.98 0.659800 0.484000
../../problems/clp/benchs/BRwp-1.0-0.5/BR13.txt -i 4 --min_fr=0.98 0.603300 0.474900
../../problems/clp/benchs/BRwp-1.0-0.5/BR13.txt -i 5 --min_fr=0.98 0.599600 0.456100
../../problems/clp/benchs/BRwp-1.0-0.5/BR13.txt -i 7 --min_fr=0.98 0.587500 0.458400
../../problems/clp/benchs/BRwp-1.0-0.5/BR13.txt -i 8 --min_fr=0.98 0.598500 0.474000
../../problems/clp/benchs/BRwp-1.0-0.5/BR13.txt -i 9 --min_fr=0.98 0.652900 0.481100
../../problems/clp/benchs/BRwp-1.0-0.5/BR13.txt -i 10 --min_fr=0.98 0.657700 0.501700
../../problems/clp/benchs/BRwp-1.0-0.5/BR13.txt -i 11 --min_fr=0.98 0.623300 0.477800
../../problems/clp/benchs/BRwp-1.0-0.5/BR13.txt -i 12 --min_fr=0.98 0.650900 0.537500
../../problems/clp/benchs/BRwp-1.0-0.5/BR13.txt -i 13 --min_fr=0.98 0.615700 0.463600
../../problems/clp/benchs/BRwp-1.0-0.5/BR13.txt -i 14 --min_fr=0.98 0.640800 0.479100
../../problems/clp/benchs/BRwp-1.0-0.5/BR13.txt -i 15 --min_fr=0.98 0.641400 0.494700
../../problems/clp/benchs/BRwp-1.0-0.5/BR13.txt -i 16 --min_fr=0.98 0.649400 0.456300
../../problems/clp/benchs/BRwp-1.0-0.5/BR13.txt -i 17 --min_fr=0.98 0.647400 0.502400
../../problems/clp/benchs/BRwp-1.0-0.5/BR13.txt -i 18 --min_fr=0.98 0.655900 0.500700
../../problems/clp/benchs/BRwp-1.0-0.5/BR14.txt -i 0 --min_fr=0.98 0.652600 0.436400
../../problems/clp/benchs/BRwp-1.0-0.5/BR14.txt -i 1 --min_fr=0.98 0.605300 0.462800
../../problems/clp/benchs/BRwp-1.0-0.5/BR14.txt -i 2 --min_fr=0.98 0.602500 0.488600
../../problems/clp/benchs/BRwp-1.0-0.5/BR14.txt -i 3 --min_fr=0.98 0.621800 0.464900
../../problems/clp/benchs/BRwp-1.0-0.5/BR14.txt -i 4 --min_fr=0.98 0.604800 0.437600
../../problems/clp/benchs/BRwp-1.0-0.5/BR14.txt -i 6 --min_fr=0.98 0.629700 0.497200
../../problems/clp/benchs/BRwp-1.0-0.5/BR14.txt -i 7 --min_fr=0.98 0.586000 0.430900
../../problems/clp/benchs/BRwp-1.0-0.5/BR14.txt -i 9 --min_fr=0.98 0.633300 0.455400
../../problems/clp/benchs/BRwp-1.0-0.5/BR14.txt -i 10 --min_fr=0.98 0.652400 0.479800
../../problems/clp/benchs/BRwp-1.0-0.5/BR14.txt -i 11 --min_fr=0.98 0.616300 0.494800
../../problems/clp/benchs/BRwp-1.0-0.5/BR14.txt -i 12 --min_fr=0.98 0.633100 0.461900
../../problems/clp/benchs/BRwp-1.0-0.5/BR14.txt -i 13 --min_fr=0.98 0.625600 0.468900
../../problems/clp/benchs/BRwp-1.0-0.5/BR14.txt -i 14 --min_fr=0.98 0.641700 0.498200
../../problems/clp/benchs/BRwp-1.0-0.5/BR14.txt -i 15 --min_fr=0.98 0.619800 0.467800
../../problems/clp/benchs/BRwp-1.0-0.5/BR14.txt -i 16 --min_fr=0.98 0.609200 0.456100
../../problems/clp/benchs/BRwp-1.0-0.5/BR14.txt -i 17 --min_fr=0.98 0.645800 0.474100
../../problems/clp/benchs/BRwp-1.0-0.5/BR14.txt -i 18 --min_fr=0.98 0.619100 0.428500
../../problems/clp/benchs/BRwp-1.0-0.5/BR14.txt -i 19 --min_fr=0.98 0.604800 0.458200
../../problems/clp/benchs/BRwp-1.0-0.5/BR15.txt -i 0 --min_fr=0.98 0.634200 0.478500
../../problems/clp/benchs/BRwp-1.0-0.5/BR15.txt -i 1 --min_fr=0.98 0.582500 0.467700
../../problems/clp/benchs/BRwp-1.0-0.5/BR15.txt -i 2 --min_fr=0.98 0.612600 0.479300
../../problems/clp/benchs/BRwp-1.0-0.5/BR15.txt -i 3 --min_fr=0.98 0.612400 0.464600
../../problems/clp/benchs/BRwp-1.0-0.5/BR15.txt -i 4 --min_fr=0.98 0.617200 0.440400
../../problems/clp/benchs/BRwp-1.0-0.5/BR15.txt -i 5 --min_fr=0.98 0.587400 0.473400
../../problems/clp/benchs/BRwp-1.0-0.5/BR15.txt -i 6 --min_fr=0.98 0.629800 0.468100
../../problems/clp/benchs/BRwp-1.0-0.5/BR15.txt -i 8 --min_fr=0.98 0.628400 0.514700
../../problems/clp/benchs/BRwp-1.0-0.5/BR15.txt -i 9 --min_fr=0.98 0.630000 0.499200
../../problems/clp/benchs/BRwp-1.0-0.5/BR15.txt -i 10 --min_fr=0.98 0.611800 0.483500
../../problems/clp/benchs/BRwp-1.0-0.5/BR15.txt -i 11 --min_fr=0.98 0.623200 0.490000
../../problems/clp/benchs/BRwp-1.0-0.5/BR15.txt -i 12 --min_fr=0.98 0.623100 0.487000
../../problems/clp/benchs/BRwp-1.0-0.5/BR15.txt -i 13 --min_fr=0.98 0.612900 0.476700
../../problems/clp/benchs/BRwp-1.0-0.5/BR15.txt -i 14 --min_fr=0.98 0.638300 0.468400
../../problems/clp/benchs/BRwp-1.0-0.5/BR15.txt -i 15 --min_fr=0.98 0.603800 0.483200
../../problems/clp/benchs/BRwp-1.0-0.5/BR15.txt -i 16 --min_fr=0.98 0.637600 0.480000
../../problems/clp/benchs/BRwp-1.0-0.5/BR15.txt -i 17 --min_fr=0.98 0.649500 0.417600
../../problems/clp/benchs/BRwp-1.0-0.5/BR15.txt -i 18 --min_fr=0.98 0.607000 0.457100
../../problems/clp/benchs/BRwp-1.0-0.5/BR15.txt -i 19 --min_fr=0.98 0.573200 0.443100
../../problems/clp/benchs/BRwp-1.0-0.8/BR1.txt -i 1 --min_fr=1.0 0.449100 0.145100
../../problems/clp/benchs/BRwp-1.0-0.8/BR1.txt -i 8 --min_fr=1.0 0.349100 0.265600
../../problems/clp/benchs/BRwp-1.0-0.8/BR1.txt -i 13 --min_fr=1.0 0.708700 0.585900
../../problems/clp/benchs/BRwp-1.0-0.8/BR1.txt -i 14 --min_fr=1.0 0.506900 0.411700
../../problems/clp/benchs/BRwp-1.0-0.8/BR2.txt -i 6 --min_fr=1.0 0.680400 0.489300
../../problems/clp/benchs/BRwp-1.0-0.8/BR8.txt -i 6 --min_fr=0.98 0.626800 0.501500
../../problems/clp/benchs/BRwp-1.0-0.8/BR8.txt -i 9 --min_fr=0.98 0.508400 0.391000
../../problems/clp/benchs/BRwp-1.0-0.8/BR8.txt -i 12 --min_fr=0.98 0.624800 0.516400
../../problems/clp/benchs/BRwp-1.0-0.8/BR8.txt -i 14 --min_fr=0.98 0.566000 0.466600
../../problems/clp/benchs/BRwp-1.0-0.8/BR8.txt -i 15 --min_fr=0.98 0.655800 0.523500
../../problems/clp/benchs/BRwp-1.0-0.8/BR9.txt -i 0 --min_fr=0.98 0.678800 0.545800
../../problems/clp/benchs/BRwp-1.0-0.8/BR9.txt -i 4 --min_fr=0.98 0.635700 0.517000
../../problems/clp/benchs/BRwp-1.0-0.8/BR9.txt -i 7 --min_fr=0.98 0.606500 0.497200
../../problems/clp/benchs/BRwp-1.0-0.8/BR9.txt -i 8 --min_fr=0.98 0.608600 0.498700
../../problems/clp/benchs/BRwp-1.0-0.8/BR9.txt -i 10 --min_fr=0.98 0.637200 0.433900
../../problems/clp/benchs/BRwp-1.0-0.8/BR9.txt -i 11 --min_fr=0.98 0.634400 0.526200
../../problems/clp/benchs/BRwp-1.0-0.8/BR9.txt -i 13 --min_fr=0.98 0.637600 0.426100
../../problems/clp/benchs/BRwp-1.0-0.8/BR9.txt -i 18 --min_fr=0.98 0.687900 0.514900
../../problems/clp/benchs/BRwp-1.0-0.8/BR10.txt -i 0 --min_fr=0.98 0.647500 0.523700
../../problems/clp/benchs/BRwp-1.0-0.8/BR10.txt -i 1 --min_fr=0.98 0.635500 0.502700
../../problems/clp/benchs/BRwp-1.0-0.8/BR10.txt -i 3 --min_fr=0.98 0.632800 0.513900
../../problems/clp/benchs/BRwp-1.0-0.8/BR10.txt -i 8 --min_fr=0.98 0.608100 0.465200
../../problems/clp/benchs/BRwp-1.0-0.8/BR10.txt -i 10 --min_fr=0.98 0.667600 0.501900
../../problems/clp/benchs/BRwp-1.0-0.8/BR10.txt -i 11 --min_fr=0.98 0.637600 0.515500
../../problems/clp/benchs/BRwp-1.0-0.8/BR10.txt -i 12 --min_fr=0.98 0.632300 0.506500
../../problems/clp/benchs/BRwp-1.0-0.8/BR10.txt -i 15 --min_fr=0.98 0.631700 0.476800
../../problems/clp/benchs/BRwp-1.0-0.8/BR10.txt -i 17 --min_fr=0.98 0.658500 0.488000
../../problems/clp/benchs/BRwp-1.0-0.8/BR10.txt -i 19 --min_fr=0.98 0.623000 0.500200
../../problems/clp/benchs/BRwp-1.0-0.8/BR11.txt -i 0 --min_fr=0.98 0.629800 0.490500
../../problems/clp/benchs/BRwp-1.0-0.8/BR11.txt -i 1 --min_fr=0.98 0.589100 0.487100
../../problems/clp/benchs/BRwp-1.0-0.8/BR11.txt -i 3 --min_fr=0.98 0.665600 0.508800
../../problems/clp/benchs/BRwp-1.0-0.8/BR11.txt -i 4 --min_fr=0.98 0.639200 0.492300
../../problems/clp/benchs/BRwp-1.0-0.8/BR11.txt -i 10 --min_fr=0.98 0.648300 0.492100
../../problems/clp/benchs/BRwp-1.0-0.8/BR11.txt -i 11 --min_fr=0.98 0.597700 0.493100
../../problems/clp/benchs/BRwp-1.0-0.8/BR11.txt -i 12 --min_fr=0.98 0.614700 0.496600
../../problems/clp/benchs/BRwp-1.0-0.8/BR11.txt -i 15 --min_fr=0.98 0.594100 0.488400
../../problems/clp/benchs/BRwp-1.0-0.8/BR11.txt -i 17 --min_fr=0.98 0.653000 0.459300
../../problems/clp/benchs/BRwp-1.0-0.8/BR11.txt -i 19 --min_fr=0.98 0.612200 0.477600
../../problems/clp/benchs/BRwp-1.0-0.8/BR12.txt -i 0 --min_fr=0.98 0.673800 0.479100
../../problems/clp/benchs/BRwp-1.0-0.8/BR12.txt -i 2 --min_fr=0.98 0.612100 0.494700
../../problems/clp/benchs/BRwp-1.0-0.8/BR12.txt -i 3 --min_fr=0.98 0.646700 0.516300
../../problems/clp/benchs/BRwp-1.0-0.8/BR12.txt -i 4 --min_fr=0.98 0.610300 0.418700
../../problems/clp/benchs/BRwp-1.0-0.8/BR12.txt -i 5 --min_fr=0.98 0.580000 0.481000
../../problems/clp/benchs/BRwp-1.0-0.8/BR12.txt -i 7 --min_fr=0.98 0.607000 0.492000
../../problems/clp/benchs/BRwp-1.0-0.8/BR12.txt -i 9 --min_fr=0.98 0.650800 0.463500
../../problems/clp/benchs/BRwp-1.0-0.8/BR12.txt -i 11 --min_fr=0.98 0.619700 0.485400
../../problems/clp/benchs/BRwp-1.0-0.8/BR12.txt -i 12 --min_fr=0.98 0.631200 0.503800
../../problems/clp/benchs/BRwp-1.0-0.8/BR12.txt -i 15 --min_fr=0.98 0.628100 0.493500
../../problems/clp/benchs/BRwp-1.0-0.8/BR12.txt -i 17 --min_fr=0.98 0.641500 0.503800
../../problems/clp/benchs/BRwp-1.0-0.8/BR12.txt -i 19 --min_fr=0.98 0.600900 0.482400
../../problems/clp/benchs/BRwp-1.0-0.8/BR13.txt -i 0 --min_fr=0.98 0.624300 0.470400
../../problems/clp/benchs/BRwp-1.0-0.8/BR13.txt -i 1 --min_fr=0.98 0.620000 0.469000
../../problems/clp/benchs/BRwp-1.0-0.8/BR13.txt -i 3 --min_fr=0.98 0.614100 0.497500
../../problems/clp/benchs/BRwp-1.0-0.8/BR13.txt -i 9 --min_fr=0.98 0.656700 0.441000
../../problems/clp/benchs/BRwp-1.0-0.8/BR13.txt -i 10 --min_fr=0.98 0.649100 0.478000
../../problems/clp/benchs/BRwp-1.0-0.8/BR13.txt -i 12 --min_fr=0.98 0.654400 0.465300
../../problems/clp/benchs/BRwp-1.0-0.8/BR13.txt -i 13 --min_fr=0.98 0.619100 0.494800
../../problems/clp/benchs/BRwp-1.0-0.8/BR13.txt -i 14 --min_fr=0.98 0.636000 0.475100
../../problems/clp/benchs/BRwp-1.0-0.8/BR13.txt -i 15 --min_fr=0.98 0.617500 0.479000
../../problems/clp/benchs/BRwp-1.0-0.8/BR13.txt -i 16 --min_fr=0.98 0.636400 0.482000
../../problems/clp/benchs/BRwp-1.0-0.8/BR13.txt -i 17 --min_fr=0.98 0.629800 0.496700
../../problems/clp/benchs/BRwp-1.0-0.8/BR13.txt -i 18 --min_fr=0.98 0.630400 0.521600
../../problems/clp/benchs/BRwp-1.0-0.8/BR13.txt -i 19 --min_fr=0.98 0.583700 0.437600
../../problems/clp/benchs/BRwp-1.0-0.8/BR14.txt -i 0 --min_fr=0.98 0.645700 0.506200
../../problems/clp/benchs/BRwp-1.0-0.8/BR14.txt -i 1 --min_fr=0.98 0.592900 0.471100
../../problems/clp/benchs/BRwp-1.0-0.8/BR14.txt -i 2 --min_fr=0.98 0.619100 0.501300
../../problems/clp/benchs/BRwp-1.0-0.8/BR14.txt -i 3 --min_fr=0.98 0.621600 0.475900
../../problems/clp/benchs/BRwp-1.0-0.8/BR14.txt -i 4 --min_fr=0.98 0.601800 0.450400
../../problems/clp/benchs/BRwp-1.0-0.8/BR14.txt -i 6 --min_fr=0.98 0.613100 0.506100
../../problems/clp/benchs/BRwp-1.0-0.8/BR14.txt -i 8 --min_fr=0.98 0.585700 0.480500
../../problems/clp/benchs/BRwp-1.0-0.8/BR14.txt -i 9 --min_fr=0.98 0.627500 0.437000
../../problems/clp/benchs/BRwp-1.0-0.8/BR14.txt -i 10 --min_fr=0.98 0.630100 0.417200
../../problems/clp/benchs/BRwp-1.0-0.8/BR14.txt -i 11 --min_fr=0.98 0.617500 0.470900
../../problems/clp/benchs/BRwp-1.0-0.8/BR14.txt -i 12 --min_fr=0.98 0.647000 0.487100
../../problems/clp/benchs/BRwp-1.0-0.8/BR14.txt -i 13 --min_fr=0.98 0.613200 0.447100
../../problems/clp/benchs/BRwp-1.0-0.8/BR14.txt -i 14 --min_fr=0.98 0.621500 0.494100
../../problems/clp/benchs/BRwp-1.0-0.8/BR14.txt -i 17 --min_fr=0.98 0.642300 0.483500
../../problems/clp/benchs/BRwp-1.0-0.8/BR14.txt -i 18 --min_fr=0.98 0.603000 0.423200
../../problems/clp/benchs/BRwp-1.0-0.8/BR14.txt -i 19 --min_fr=0.98 0.583300 0.464500
../../problems/clp/benchs/BRwp-1.0-0.8/BR15.txt -i 0 --min_fr=0.98 0.652700 0.508000
../../problems/clp/benchs/BRwp-1.0-0.8/BR15.txt -i 1 --min_fr=0.98 0.582400 0.475400
../../problems/clp/benchs/BRwp-1.0-0.8/BR15.txt -i 2 --min_fr=0.98 0.608100 0.485200
../../problems/clp/benchs/BRwp-1.0-0.8/BR15.txt -i 3 --min_fr=0.98 0.627300 0.482400
../../problems/clp/benchs/BRwp-1.0-0.8/BR15.txt -i 4 --min_fr=0.98 0.617800 0.472800
../../problems/clp/benchs/BRwp-1.0-0.8/BR15.txt -i 5 --min_fr=0.98 0.616300 0.411700
../../problems/clp/benchs/BRwp-1.0-0.8/BR15.txt -i 6 --min_fr=0.98 0.626900 0.485600
../../problems/clp/benchs/BRwp-1.0-0.8/BR15.txt -i 8 --min_fr=0.98 0.609000 0.501600
../../problems/clp/benchs/BRwp-1.0-0.8/BR15.txt -i 9 --min_fr=0.98 0.632600 0.413800
../../problems/clp/benchs/BRwp-1.0-0.8/BR15.txt -i 10 --min_fr=0.98 0.624100 0.496400
../../problems/clp/benchs/BRwp-1.0-0.8/BR15.txt -i 11 --min_fr=0.98 0.616000 0.473800
../../problems/clp/benchs/BRwp-1.0-0.8/BR15.txt -i 12 --min_fr=0.98 0.626800 0.486800
../../problems/clp/benchs/BRwp-1.0-0.8/BR15.txt -i 13 --min_fr=0.98 0.627800 0.421700
../../problems/clp/benchs/BRwp-1.0-0.8/BR15.txt -i 14 --min_fr=0.98 0.609200 0.439500
../../problems/clp/benchs/BRwp-1.0-0.8/BR15.txt -i 15 --min_fr=0.98 0.609200 0.484400
../../problems/clp/benchs/BRwp-1.0-0.8/BR15.txt -i 16 --min_fr=0.98 0.641500 0.530100
../../problems/clp/benchs/BRwp-1.0-0.8/BR15.txt -i 17 --min_fr=0.98 0.650600 0.485800
../../problems/clp/benchs/BRwp-1.0-0.8/BR15.txt -i 18 --min_fr=0.98 0.609000 0.489100
../../problems/clp/benchs/BRwp-1.0-0.8/BR15.txt -i 19 --min_fr=0.98 0.623400 0.457100
