0.7747 
0.7249 
0.5166 
0.6868 
0.5883 
0.5513 
0.7031 
0.5266 
0.5930 
0.4910 
0.7464 
0.5877 
0.7213 
0.4032 
0.8621 
0.7779 
0.5498 
0.4873 
0.5373 
0.6992 
0.7192 
0.6308 
0.6551 
0.5010 
0.8795 
0.8097 
0.8130 
0.7937 
0.8122 
0.6273 
0.6764 
0.7466 
0.5603 
0.6363 
0.5776 
0.7797 
0.9170 
0.6732 
0.6833 
0.6265 
0.6923 
0.7726 
0.7646 
0.7256 
0.8368 
0.7360 
0.7190 
0.6647 
0.7064 
0.7552 
0.7185 
0.6447 
0.6883 
0.6519 
0.6277 
0.5792 
0.7776 
0.7896 
0.8202 
0.7175 
0.8090 
0.6803 
0.7235 
0.7760 
0.6543 
0.7908 
0.7359 
0.7645 
0.8129 
0.6899 
0.7101 
0.6857 
0.7632 
0.6389 
0.7362 
0.6870 
0.7812 
0.7511 
0.6810 
0.8527 
0.7686 
0.8793 
0.7076 
0.7330 
0.7337 
0.6663 
0.6860 
0.5937 
0.8087 
0.8348 
0.7602 
0.7571 
0.7885 
0.7529 
0.7239 
0.6963 
0.8500 
0.7485 
0.7562 
0.7949 
0.6988 
0.8165 
0.8030 
0.7796 
0.7917 
0.7411 
0.8739 
0.7696 
0.6717 
0.7958 
0.7541 
0.8337 
0.7789 
0.7507 
0.7524 
0.7428 
0.7752 
0.6810 
0.8018 
0.7780 
0.7822 
0.7185 
0.7865 
0.8292 
0.7502 
0.7786 
0.7654 
0.7444 
0.7428 
0.7288 
0.7551 
0.7013 
0.7640 
0.7702 
0.7743 
0.8473 
0.7954 
0.7783 
0.7898 
0.7454 
0.7546 
0.6824 
0.7474 
0.7286 
0.7689 
0.6988 
0.6781 
0.7252 
0.7599 
0.7988 
0.7685 
0.7305 
0.7635 
0.6800 
0.6680 
0.7061 
0.7628 
0.7709 
0.6993 
0.7106 
0.6964 
0.7394 
0.7194 
0.7581 
0.7249 
0.7251 
0.7714 
0.7565 
0.6997 
0.8290 
0.7171 
0.7457 
0.6968 
0.7328 
0.6887 
0.7340 
0.6882 
0.7321 
0.7234 
0.6842 
0.7453 
0.7716 
0.7497 
0.7216 
0.7569 
0.7733 
0.7615 
0.7337 
0.6701 
0.7137 
0.7493 
0.7552 
0.6858 
0.7425 
0.7612 
0.7121 
0.7001 
0.7115 
0.7474 
0.7623 
0.7875 
0.7469 
0.7309 
0.7111 
0.7559 
0.6846 
0.7441 
0.7186 
0.7215 
0.7292 
0.7314 
0.7332 
0.7048 
0.7138 
0.7368 
0.7409 
0.7190 
0.7571 
0.7427 
0.6904 
0.7261 
0.7688 
0.7453 
0.7481 
0.7046 
0.7053 
0.6951 
0.7273 
0.7157 
0.7333 
0.7315 
0.7890 
0.7228 
0.7242 
0.7102 
0.7020 
0.7379 
0.7866 
0.7655 
0.6909 
0.7500 
0.7264 
0.7141 
0.7150 
0.7328 
0.7282 
0.6982 
0.6928 
0.7130 
0.7411 
0.7066 
0.6912 
0.7014 
0.7414 
0.7033 
0.7395 
0.7248 
0.7309 
0.6918 
0.7298 
0.7525 
0.6969 
0.7228 
0.7124 
0.7025 
0.7312 
0.7360 
0.7505 
0.7032 
0.7575 
0.7375 
0.6844 
0.7238 
0.7010 
0.6938 
0.7409 
0.7133 
0.7362 
0.7262 
0.7323 
0.7177 
0.7182 
0.7081 
0.7378 
0.6984 
0.7198 
0.7292 
0.6632 
0.7250 
0.7399 
0.7033 
0.6947 
0.7278 
0.6897 
0.7362 
0.7288 
0.7249 
0.7265 
0.7232 
0.7258 
0.6794 
0.8652 
0.2874 
0.6876 
0.6481 
0.8240 
0.5892 
0.8506 
0.5218 
0.6079 
0.5889 
0.7624 
0.6258 
0.8081 
0.3671 
0.6999 
0.6876 
0.8884 
0.5117 
0.6166 
0.6397 
0.6076 
0.7273 
0.7065 
0.7763 
0.5655 
0.7803 
0.8581 
0.7261 
0.6430 
0.6390 
0.5563 
0.8363 
0.6790 
0.5840 
0.8583 
0.4328 
0.6439 
0.8046 
0.7688 
0.8738 
0.6799 
0.7592 
0.7750 
0.6624 
0.7235 
0.7229 
0.8186 
0.6878 
0.7847 
0.6593 
0.7470 
0.7528 
0.7668 
0.5610 
0.6680 
0.4865 
0.6806 
0.8395 
0.7551 
0.7178 
0.7959 
0.6948 
0.6800 
0.8716 
0.6628 
0.7361 
0.7495 
0.8776 
0.7292 
0.7513 
0.8256 
0.8274 
0.7075 
0.7718 
0.6273 
0.7273 
0.6439 
0.7927 
0.8433 
0.7273 
0.8205 
0.6941 
0.7434 
0.8535 
0.8169 
0.7273 
0.8525 
0.6693 
0.7577 
0.7600 
0.7444 
0.8082 
0.9018 
0.7438 
0.7195 
0.9107 
0.7476 
0.5876 
0.7946 
0.7137 
0.8088 
0.7359 
0.7865 
0.7759 
0.7117 
0.7740 
0.7305 
0.6123 
0.7292 
0.7868 
0.7917 
0.6900 
0.8520 
0.6962 
0.8210 
0.8564 
0.8010 
0.7885 
0.7078 
0.7221 
0.7683 
0.7557 
0.7949 
0.7639 
0.7349 
0.6831 
0.7623 
0.7793 
0.7015 
0.7251 
0.6988 
0.7042 
0.8064 
0.7270 
0.6956 
0.7266 
0.7874 
0.7500 
0.6801 
0.6757 
0.7182 
0.6585 
0.8422 
0.6338 
0.6522 
0.7716 
0.7209 
0.7281 
0.7535 
0.7745 
0.7343 
0.6875 
0.7615 
0.7496 
0.7216 
0.7679 
0.7332 
0.7773 
0.7630 
0.7298 
0.6926 
0.6815 
0.6881 
0.7537 
0.7180 
0.7519 
0.6950 
0.7098 
0.7395 
0.7611 
0.7838 
0.7384 
0.8155 
0.6744 
0.7390 
0.6890 
0.7405 
0.7729 
0.7032 
0.7719 
0.7109 
0.6190 
0.7687 
0.6919 
0.7082 
0.7411 
0.6857 
0.7639 
0.7327 
0.7422 
0.7531 
0.6634 
0.7222 
0.7144 
0.7015 
0.7650 
0.7560 
0.7965 
0.7187 
0.7370 
0.7096 
0.6855 
0.7758 
0.7075 
0.6878 
0.6713 
0.6732 
0.7507 
0.7585 
0.7403 
0.7084 
0.7156 
0.7549 
0.7367 
0.7212 
0.7186 
0.7484 
0.7250 
0.7080 
0.7597 
0.7283 
0.7156 
0.7515 
0.7049 
0.7247 
0.7441 
0.7017 
0.7324 
0.7307 
0.7397 
0.7122 
0.7198 
0.7591 
0.7386 
0.7085 
0.7504 
0.7748 
0.7430 
0.7182 
0.7415 
0.6926 
0.6777 
0.6906 
0.7336 
0.7269 
0.7294 
0.7109 
0.7090 
0.7573 
0.7696 
0.7371 
0.7461 
0.7654 
0.7326 
0.7000 
0.7296 
0.7527 
0.7267 
0.6982 
0.7472 
0.6977 
0.7058 
0.7250 
0.7228 
0.6801 
0.7276 
0.6922 
0.7262 
0.7361 
0.7194 
0.7522 
0.7474 
0.7301 
0.6937 
0.7277 
0.7135 
0.7271 
0.7595 
0.7022 
0.7731 
0.7062 
0.7188 
0.7219 
0.7207 
0.7084 
0.6862 
0.6560 
0.7080 
0.7069 
0.7330 
0.7579 
0.7234 
0.7205 
0.7350 
0.7353 
0.7237 
0.6945 
0.6681 
0.7253 
0.8700 
0.1451 
0.6587 
0.7253 
0.4385 
0.7388 
0.7185 
0.5378 
0.2656 
0.6515 
0.5436 
0.6344 
0.6134 
0.5863 
0.4117 
0.6291 
0.6585 
0.8473 
0.4496 
0.4124 
0.6474 
0.7352 
0.6490 
0.7228 
0.7448 
0.5376 
0.4810 
0.8069 
0.6104 
0.5632 
0.8194 
0.6025 
0.7415 
0.7377 
0.6014 
0.4259 
0.6690 
0.6961 
0.7618 
0.7680 
0.7400 
0.5018 
0.6147 
0.7874 
0.7101 
0.6060 
0.8543 
0.6402 
0.7528 
0.7070 
0.7058 
0.5881 
0.6822 
0.8767 
0.7811 
0.7556 
0.8163 
0.8919 
0.7336 
0.7660 
0.7187 
0.7925 
0.5676 
0.6824 
0.6270 
0.6387 
0.6173 
0.7849 
0.6871 
0.7712 
0.7775 
0.6596 
0.8155 
0.5435 
0.6642 
0.7368 
0.6351 
0.7407 
0.7220 
0.7749 
0.7150 
0.7274 
0.6963 
0.7394 
0.7540 
0.8313 
0.7958 
0.6508 
0.6341 
0.7044 
0.7825 
0.6303 
0.6856 
0.8186 
0.6720 
0.7802 
0.8343 
0.7984 
0.7486 
0.7286 
0.8380 
0.8515 
0.7793 
0.6490 
0.8191 
0.7632 
0.6531 
0.7142 
0.6691 
0.7161 
0.6436 
0.8275 
0.8066 
0.7747 
0.7212 
0.7369 
0.7269 
0.7614 
0.7067 
0.7278 
0.6697 
0.8200 
0.5204 
0.7250 
0.7770 
0.6817 
0.6520 
0.7415 
0.7073 
0.7627 
0.7694 
0.7162 
0.7709 
0.8283 
0.6684 
0.7558 
0.7653 
0.6650 
0.7541 
0.6991 
0.6961 
0.7305 
0.6301 
0.7888 
0.7735 
0.6775 
0.6707 
0.6694 
0.7095 
0.5191 
0.7118 
0.7605 
0.6725 
0.7504 
0.6390 
0.7614 
0.7237 
0.7255 
0.7894 
0.6762 
0.7235 
0.7288 
0.6767 
0.7216 
0.7199 
0.6787 
0.7098 
0.6181 
0.6851 
0.7050 
0.6310 
0.7502 
0.7371 
0.6811 
0.7324 
0.7316 
0.7483 
0.7302 
0.7663 
0.7409 
0.7164 
0.6845 
0.7028 
0.7294 
0.7369 
0.7031 
0.6540 
0.7062 
0.6957 
0.7337 
0.7732 
0.7453 
0.7047 
0.7189 
0.6290 
0.6724 
0.7510 
0.7540 
0.7371 
0.7275 
0.6642 
0.6653 
0.6866 
0.7091 
0.6991 
0.6825 
0.7302 
0.6906 
0.7619 
0.7524 
0.7238 
0.7090 
0.6683 
0.7138 
0.6865 
0.6944 
0.7352 
0.7339 
0.7324 
0.7722 
0.7502 
0.7165 
0.6902 
0.7789 
0.6687 
0.7208 
0.6989 
0.7057 
0.6876 
0.7190 
0.7280 
0.7377 
0.7068 
0.7281 
0.7449 
0.7216 
0.7475 
0.7425 
0.7195 
0.7314 
0.7076 
0.7613 
0.7065 
0.7149 
0.7202 
0.6931 
0.7045 
0.7224 
0.7308 
0.7325 
0.7206 
0.7663 
0.7377 
0.7309 
0.7155 
0.6770 
0.7266 
0.7575 
0.7380 
0.6915 
0.7056 
0.6881 
0.7181 
0.7110 
0.6820 
0.6830 
0.7106 
0.7140 
0.7185 
0.7127 
0.7310 
0.7245 
0.7209 
0.6954 
0.7226 
0.7763 
0.7088 
0.7092 
0.7302 
0.6720 
0.7389 
0.6843 
0.7350 
0.7121 
0.7011 
0.6622 
0.7397 
0.6558 
0.7396 
0.6805 
0.7097 
0.7000 
0.7155 
0.7392 
0.7304 
0.7470 
0.7343 
0.7250 
0.6885 
0.7183 
