0.6242 
0.7357 
0.5299 
0.7317 
0.5616 
0.6487 
0.7088 
0.5028 
0.4976 
0.6782 
0.6013 
0.6140 
0.7262 
0.7002 
0.6382 
0.6454 
0.6721 
0.5833 
0.4080 
0.5716 
0.6972 
0.6765 
0.5712 
0.5569 
0.6658 
0.6118 
0.7520 
0.8007 
0.5858 
0.7564 
0.6007 
0.5606 
0.6356 
0.5996 
0.5359 
0.6052 
0.7740 
0.6295 
0.6927 
0.6511 
0.6873 
0.6864 
0.6035 
0.6246 
0.6687 
0.5604 
0.6903 
0.7082 
0.6178 
0.6420 
0.6059 
0.6183 
0.6983 
0.6642 
0.6226 
0.6739 
0.6715 
0.6713 
0.7274 
0.6972 
0.6966 
0.7113 
0.6418 
0.6594 
0.7039 
0.5967 
0.6463 
0.6578 
0.6603 
0.7523 
0.6204 
0.6432 
0.6948 
0.6789 
0.6400 
0.6653 
0.7214 
0.6387 
0.7077 
0.6939 
0.6908 
0.7338 
0.6022 
0.6923 
0.7120 
0.5965 
0.6235 
0.5815 
0.6522 
0.6906 
0.6555 
0.6275 
0.7003 
0.7104 
0.6521 
0.6598 
0.7014 
0.6846 
0.6955 
0.6847 
0.6907 
0.7049 
0.5782 
0.6848 
0.6849 
0.6138 
0.6618 
0.6859 
0.6780 
0.6688 
0.6686 
0.6618 
0.6763 
0.7258 
0.6496 
0.6842 
0.6855 
0.6627 
0.7086 
0.6828 
0.6705 
0.6625 
0.6138 
0.6864 
0.6858 
0.6303 
0.6613 
0.6551 
0.6594 
0.6590 
0.6732 
0.6859 
0.6597 
0.6751 
0.6223 
0.6769 
0.6541 
0.7116 
0.6795 
0.6559 
0.6884 
0.6312 
0.6045 
0.6446 
0.6672 
0.5998 
0.6080 
0.6276 
0.5716 
0.6712 
0.6899 
0.6518 
0.6383 
0.6025 
0.6252 
0.6601 
0.6591 
0.6909 
0.6810 
0.5732 
0.6772 
0.6485 
0.5895 
0.6137 
0.6427 
0.5912 
0.6482 
0.6065 
0.6123 
0.6352 
0.6684 
0.6543 
0.6274 
0.6661 
0.6257 
0.6148 
0.6223 
0.6617 
0.6874 
0.5988 
0.6636 
0.6483 
0.6011 
0.6586 
0.6573 
0.5989 
0.6449 
0.6073 
0.6231 
0.6514 
0.6651 
0.6390 
0.6156 
0.6341 
0.6098 
0.6407 
0.6005 
0.6738 
0.6260 
0.6239 
0.6388 
0.6043 
0.5960 
0.6603 
0.6322 
0.6094 
0.6249 
0.5990 
0.6174 
0.6777 
0.6542 
0.5890 
0.6410 
0.6104 
0.6179 
0.6170 
0.6328 
0.6530 
0.6378 
0.5926 
0.6536 
0.6290 
0.6301 
0.6423 
0.6036 
0.5900 
0.6392 
0.6142 
0.6219 
0.6620 
0.6633 
0.6446 
0.6452 
0.6062 
0.6148 
0.6272 
0.6264 
0.6482 
0.6297 
0.6168 
0.6396 
0.6208 
0.5952 
0.6424 
0.6173 
0.5954 
0.6244 
0.5858 
0.5899 
0.6578 
0.6513 
0.6279 
0.6578 
0.6508 
0.6316 
0.6375 
0.6481 
0.6519 
0.6476 
0.5667 
0.6542 
0.6011 
0.6144 
0.6378 
0.6056 
0.5760 
0.6313 
0.5652 
0.6186 
0.5993 
0.6257 
0.6132 
0.6578 
0.6020 
0.6341 
0.6212 
0.6103 
0.6512 
0.6050 
0.6015 
0.6465 
0.5933 
0.5995 
0.6241 
0.5877 
0.6094 
0.6433 
0.5760 
0.6128 
0.6234 
0.6173 
0.6193 
0.6114 
0.6149 
0.6136 
0.6070 
0.6499 
0.6441 
0.6178 
0.6158 
0.6253 
0.7384 
0.3411 
0.7317 
0.5616 
0.6449 
0.6807 
0.6269 
0.5142 
0.6103 
0.6094 
0.6140 
0.7355 
0.7514 
0.3963 
0.6284 
0.5156 
0.6365 
0.5554 
0.5712 
0.5561 
0.6768 
0.6245 
0.7248 
0.6754 
0.6228 
0.7588 
0.7172 
0.5730 
0.6028 
0.6007 
0.5291 
0.6800 
0.6567 
0.4445 
0.6016 
0.5580 
0.6219 
0.6944 
0.6802 
0.6723 
0.6862 
0.6045 
0.7059 
0.6620 
0.5893 
0.6465 
0.7040 
0.5770 
0.6443 
0.6039 
0.6162 
0.6697 
0.6844 
0.6052 
0.6356 
0.6138 
0.6705 
0.7332 
0.6998 
0.7060 
0.7039 
0.6305 
0.6304 
0.6887 
0.6027 
0.6118 
0.6464 
0.6630 
0.7434 
0.6224 
0.6518 
0.6918 
0.6762 
0.6394 
0.6611 
0.6806 
0.5736 
0.7018 
0.6943 
0.6923 
0.6890 
0.6037 
0.6988 
0.7029 
0.6025 
0.6223 
0.6348 
0.6422 
0.6971 
0.6586 
0.6126 
0.7008 
0.6927 
0.6292 
0.6560 
0.7061 
0.6788 
0.6754 
0.6770 
0.6838 
0.7073 
0.5797 
0.6794 
0.6715 
0.6176 
0.6544 
0.6655 
0.6464 
0.6776 
0.6623 
0.6520 
0.6597 
0.6997 
0.6502 
0.6701 
0.6797 
0.6894 
0.7050 
0.6907 
0.6737 
0.6802 
0.6285 
0.7029 
0.6768 
0.6140 
0.6434 
0.6512 
0.6699 
0.6722 
0.6716 
0.6399 
0.6056 
0.6441 
0.6179 
0.6545 
0.6548 
0.7265 
0.6718 
0.6360 
0.6834 
0.6202 
0.5908 
0.6487 
0.6575 
0.6040 
0.6018 
0.6145 
0.5687 
0.6749 
0.6871 
0.6501 
0.6381 
0.5996 
0.6298 
0.6607 
0.6689 
0.6875 
0.6974 
0.5854 
0.6788 
0.6481 
0.5937 
0.6186 
0.6483 
0.5833 
0.6406 
0.6055 
0.6224 
0.6363 
0.6751 
0.6334 
0.6109 
0.6575 
0.6283 
0.6106 
0.6178 
0.6426 
0.6822 
0.6219 
0.6686 
0.6465 
0.5842 
0.6491 
0.6595 
0.5993 
0.6379 
0.5745 
0.6119 
0.6506 
0.6644 
0.6346 
0.6226 
0.6348 
0.6057 
0.6426 
0.6015 
0.6655 
0.6273 
0.6359 
0.6349 
0.6232 
0.5862 
0.6536 
0.6356 
0.5987 
0.6368 
0.6052 
0.6241 
0.6656 
0.6582 
0.5982 
0.6381 
0.5946 
0.6183 
0.6185 
0.6318 
0.6443 
0.6394 
0.5946 
0.6613 
0.6282 
0.6260 
0.6349 
0.6197 
0.5892 
0.6287 
0.6092 
0.6193 
0.6527 
0.6635 
0.6242 
0.6473 
0.5972 
0.6135 
0.6275 
0.6329 
0.6419 
0.6249 
0.6138 
0.6434 
0.6282 
0.5913 
0.6598 
0.6033 
0.5996 
0.6370 
0.5875 
0.5985 
0.6529 
0.6577 
0.6233 
0.6509 
0.6157 
0.6408 
0.6414 
0.6494 
0.6474 
0.6559 
0.5883 
0.6526 
0.6053 
0.6025 
0.6218 
0.6048 
0.5705 
0.6297 
0.5860 
0.6068 
0.6333 
0.6524 
0.6163 
0.6331 
0.6256 
0.6417 
0.6198 
0.6092 
0.6458 
0.6191 
0.6048 
0.6342 
0.5825 
0.6126 
0.6124 
0.6172 
0.5874 
0.6298 
0.5813 
0.6284 
0.6300 
0.6118 
0.6232 
0.6231 
0.6129 
0.6383 
0.6038 
0.6376 
0.6495 
0.6070 
0.5732 
0.6258 
0.4491 
0.5334 
0.7317 
0.4781 
0.6449 
0.6820 
0.6271 
0.3491 
0.6824 
0.5903 
0.6161 
0.7236 
0.7087 
0.5069 
0.6376 
0.5279 
0.6270 
0.4212 
0.4051 
0.7010 
0.6758 
0.6245 
0.7280 
0.6694 
0.6172 
0.6804 
0.7774 
0.5882 
0.3669 