0.9494 0.8161 0.7747 4 0.9413 0.7637
0.9613 0.7544 0.7249 7 0.9359 0.7207
0.9596 0.5383 0.5166 2 0.9576 0.5373
0.9633 0.713 0.6868 4 0.9614 0.7116
0.9667 0.6086 0.5883 2 0.9666 0.6075
0.9571 0.576 0.5513 2 0.9541 0.5718
0.9635 0.7298 0.7031 3 0.9533 0.7205
0.842 0.6254 0.5266 1 0.842 0.6254
0.9234 0.6437 0.593 12 0.8959 0.5435
0.9593 0.5119 0.491 7 0.9526 0.4955
0.9096 0.8237 0.7464 12 0.8503 0.5447
0.9607 0.6124 0.5877 3 0.9529 0.5183
0.9761 0.739 0.7213 5 0.9663 0.7246
0.9107 0.4429 0.4032 13 0.8907 0.4308
0.9701 0.8891 0.8621 7 0.9446 0.8545
0.9712 0.8013 0.7779 3 0.9679 0.4953
0.9822 0.5599 0.5498 10 0.9647 0.5379
0.9604 0.5074 0.4873 3 0.9491 0.5035
0.6298 0.8532 0.5373 1 0.6298 0.8532
0.9403 0.7455 0.6992 13 0.9117 0.4979
0.9585 0.7505 0.7192 4 0.9484 0.7301
0.965 0.6537 0.6308 3 0.9633 0.6369
0.9139 0.7208 0.6551 31 0.8209 0.6131
0.8639 0.5956 0.501 35 0.6492 0.3228
0.9615 0.9202 0.8795 9 0.9453 0.3647
0.9414 0.8617 0.8097 16 0.9055 0.7686
0.9764 0.8327 0.813 3 0.9747 0.8297
0.9726 0.8161 0.7937 3 0.9607 0.8112
0.9574 0.8484 0.8122 4 0.9461 0.8448
0.9592 0.6549 0.6273 10 0.7893 0.6357
0.9506 0.7125 0.6764 13 0.9386 0.5253
0.962 0.7762 0.7466 8 0.9522 0.7604
0.9732 0.5757 0.5603 4 0.9713 0.5663
0.8914 0.714 0.6363 13 0.8686 0.6603
0.9684 0.5965 0.5776 2 0.9669 0.5614
0.9634 0.8099 0.7797 6 0.9487 0.3288
0.9628 0.9528 0.917 6 0.9398 0.8415
0.9578 0.7049 0.6732 9 0.9342 0.5537
0.9612 0.7109 0.6833 7 0.9524 0.7012
0.9622 0.6569 0.6265 94 0.8407 0.5353
0.9649 0.7176 0.6923 11 0.9567 0.6794
0.9532 0.8112 0.7726 4 0.9332 0.6571
0.9637 0.7958 0.7646 5 0.9483 0.542
0.9468 0.7723 0.7256 25 0.8209 0.6327
0.953 0.8782 0.8368 6 0.9476 0.691
0.9746 0.7553 0.736 8 0.9623 0.7108
0.9673 0.7434 0.719 4 0.9631 0.7179
0.9699 0.6855 0.6647 4 0.9573 0.6141
0.975 0.7247 0.7064 10 0.9617 0.6846
0.957 0.7891 0.7552 1 0.957 0.7891
0.9511 0.7562 0.7185 7 0.9107 0.7032
0.966 0.6676 0.6447 4 0.9607 0.5963
0.9704 0.7093 0.6883 2 0.9624 0.7072
0.9447 0.6918 0.6519 35 0.8604 0.5877
0.9684 0.6486 0.6277 4 0.9626 0.4919
0.9708 0.5966 0.5792 4 0.9696 0.5889
0.95 0.8186 0.7776 4 0.9404 0.8091
0.9369 0.8432 0.7896 10 0.8835 0.811
0.9597 0.8547 0.8202 2 0.9584 0.7798
0.9558 0.7507 0.7175 2 0.9511 0.7501
0.9574 0.8466 0.809 8 0.9463 0.6682
0.9612 0.7081 0.6803 7 0.9547 0.5383
0.9586 0.755 0.7235 5 0.9544 0.6177
0.975 0.7959 0.776 2 0.9747 0.7918
0.9715 0.6736 0.6543 5 0.9657 0.6448
0.9644 0.82 0.7908 6 0.9588 0.8143
0.9743 0.7553 0.7359 4 0.9734 0.74
0.9489 0.8057 0.7645 2 0.9443 0.7912
0.9591 0.8476 0.8129 3 0.9564 0.8217
0.9681 0.7126 0.6899 4 0.9634 0.7107
0.9673 0.7368 0.7101 16 0.9419 0.5624
0.9718 0.7095 0.6857 6 0.9387 0.4983
0.9738 0.7838 0.7632 6 0.9677 0.7787
0.9676 0.6614 0.6389 7 0.9503 0.5501
0.9635 0.7653 0.7362 12 0.9404 0.6087
0.9633 0.7139 0.687 16 0.9293 0.6113
0.9581 0.8156 0.7812 3 0.9555 0.727
0.9335 0.8069 0.7511 13 0.9054 0.6634
0.9644 0.7062 0.681 6 0.9573 0.668
0.9535 0.8943 0.8527 3 0.9486 0.8926
0.949 0.8106 0.7686 5 0.9361 0.6748
0.9604 0.9156 0.8793 1 0.9604 0.9156
0.9538 0.7419 0.7076 7 0.9484 0.7405
0.9714 0.7556 0.733 6 0.9526 0.6802
0.9553 0.768 0.7337 6 0.9454 0.7648
0.8912 0.7479 0.6663 6 0.8003 0.7381
0.9568 0.717 0.686 4 0.9503 0.7088
0.9553 0.6284 0.5937 23 0.8611 0.4379
0.9745 0.8299 0.8087 3 0.9673 0.8221
0.9655 0.8646 0.8348 4 0.9593 0.8604
0.9493 0.8008 0.7602 4 0.9438 0.7956
0.9428 0.803 0.7571 4 0.9338 0.7996
0.9755 0.8083 0.7885 2 0.9749 0.8
0.97 0.7762 0.7529 7 0.9634 0.7603
0.9659 0.7495 0.7239 7 0.9571 0.7449
0.9531 0.7308 0.6963 5 0.9301 0.6973
0.9517 0.8931 0.85 2 0.9512 0.8862
0.9541 0.7845 0.7485 3 0.9382 0.7611
0.9666 0.7826 0.7562 5 0.9598 0.7363
0.9524 0.8348 0.7949 9 0.9351 0.8089
0.9653 0.724 0.6988 8 0.9551 0.6797
0.9657 0.8455 0.8165 2 0.9636 0.8436
0.9564 0.8397 0.803 6 0.9456 0.8265
0.9541 0.8172 0.7796 7 0.9426 0.7933
0.9682 0.8177 0.7917 5 0.9585 0.8068
0.9551 0.776 0.7411 4 0.9524 0.7711
0.9564 0.9138 0.8739 4 0.953 0.9067
0.9378 0.8206 0.7696 4 0.9307 0.8193
0.959 0.7004 0.6717 3 0.9566 0.6969
0.958 0.8307 0.7958 5 0.9536 0.7836
0.9558 0.789 0.7541 5 0.9513 0.7608
0.9325 0.8941 0.8337 5 0.9176 0.8863
0.9646 0.8075 0.7789 3 0.9622 0.8047
0.9686 0.7754 0.7507 6 0.9606 0.6824
0.9646 0.7843 0.7524 16 0.9135 0.6326
0.9554 0.7775 0.7428 8 0.952 0.7721
0.952 0.8143 0.7752 4 0.9506 0.7995
0.9079 0.7531 0.681 14 0.7862 0.6817
0.9632 0.8325 0.8018 5 0.958 0.8261
0.954 0.8155 0.778 10 0.9493 0.8071
0.9105 0.8592 0.7822 10 0.8818 0.796
0.9407 0.7638 0.7185 4 0.9291 0.7598
0.9468 0.8307 0.7865 5 0.9397 0.8258
0.9548 0.8685 0.8292 4 0.9487 0.863
0.959 0.7828 0.7502 10 0.9426 0.6622
0.9554 0.8149 0.7786 2 0.955 0.8082
0.9515 0.8045 0.7654 10 0.9451 0.7843
0.9188 0.8104 0.7444 7 0.895 0.7884
0.9652 0.7703 0.7428 10 0.9506 0.7
0.9578 0.7611 0.7288 8 0.9388 0.6909
0.9565 0.7894 0.7551 2 0.956 0.7848
0.9649 0.7268 0.7013 3 0.9627 0.6647
0.958 0.7976 0.764 7 0.951 0.7519
0.947 0.8133 0.7702 2 0.9451 0.8095
0.9596 0.8069 0.7743 2 0.9576 0.7963
0.9487 0.8931 0.8473 6 0.9395 0.8883
0.9485 0.8387 0.7954 4 0.9397 0.8258
0.9452 0.8235 0.7783 4 0.9398 0.8164
0.9564 0.8258 0.7898 2 0.9536 0.8241
0.9504 0.7843 0.7454 8 0.9439 0.768
0.9337 0.8082 0.7546 6 0.9262 0.7931
0.9488 0.7193 0.6824 8 0.939 0.6628
0.9486 0.7879 0.7474 6 0.9415 0.7699
0.937 0.7776 0.7286 9 0.9268 0.7671
0.9318 0.8252 0.7689 4 0.9235 0.8217
0.9497 0.7358 0.6988 3 0.949 0.7253
0.945 0.7179 0.6781 6 0.9374 0.6713
0.9384 0.7728 0.7252 1 0.9384 0.7728
0.9281 0.8188 0.7599 6 0.9211 0.7982
0.9383 0.8513 0.7988 5 0.9337 0.8477
0.9297 0.8266 0.7685 3 0.9289 0.8227
0.9354 0.7809 0.7305 3 0.9327 0.7798
0.9357 0.816 0.7635 4 0.9332 0.8155
0.9439 0.7204 0.68 2 0.9425 0.7197
0.9485 0.7043 0.668 7 0.9305 0.6924
0.9096 0.7764 0.7061 9 0.9029 0.742
0.9433 0.8087 0.7628 3 0.9405 0.8037
0.9458 0.8161 0.7709 12 0.9284 0.6673
0.946 0.7396 0.6993 5 0.9357 0.6793
0.9438 0.7538 0.7106 9 0.9246 0.6106
0.9551 0.7295 0.6964 9 0.9433 0.6702
0.9377 0.7885 0.7394 3 0.9369 0.7869
0.942 0.7637 0.7194 6 0.9363 0.7361
0.9297 0.8154 0.7581 3 0.9252 0.8039
0.9464 0.7664 0.7249 4 0.9389 0.6678
0.9356 0.775 0.7251 7 0.9231 0.7418
0.9338 0.8261 0.7714 2 0.9332 0.8251
0.9305 0.8131 0.7565 8 0.9199 0.8034
0.9358 0.7477 0.6997 1 0.9358 0.7477
0.9253 0.8963 0.829 9 0.9035 0.8663
0.9492 0.7556 0.7171 10 0.9423 0.7177
0.9491 0.7857 0.7457 2 0.9467 0.7851
0.9387 0.7424 0.6968 4 0.9264 0.7338
0.9379 0.7816 0.7328 4 0.931 0.6926
0.9398 0.7331 0.6887 8 0.9265 0.7019
0.9213 0.7967 0.734 5 0.903 0.7818
0.9453 0.7287 0.6882 7 0.9261 0.6508
0.9418 0.7776 0.7321 8 0.9366 0.6556
0.9464 0.7644 0.7234 5 0.9379 0.7572
0.9509 0.7206 0.6842 13 0.9285 0.6214
0.9382 0.7949 0.7453 8 0.9211 0.7325
0.9256 0.8336 0.7716 6 0.9202 0.8323
0.933 0.8035 0.7497 4 0.9299 0.8021
0.9438 0.765 0.7216 5 0.9321 0.6796
0.9374 0.8075 0.7569 4 0.934 0.7908
0.9331 0.8287 0.7733 3 0.9308 0.8223
0.9415 0.8091 0.7615 11 0.9241 0.7821
0.9395 0.7811 0.7337 5 0.9355 0.7047
0.9473 0.7078 0.6701 7 0.9333 0.6604
0.9374 0.7615 0.7137 2 0.9359 0.6426
0.9309 0.805 0.7493 5 0.9191 0.7968
0.9328 0.8097 0.7552 6 0.9243 0.7861
0.95 0.722 0.6858 2 0.9305 0.7185
0.9415 0.7886 0.7425 5 0.9373 0.7842
0.9351 0.8142 0.7612 7 0.9243 0.7776
0.9369 0.7606 0.7121 11 0.9255 0.6824
0.9422 0.7431 0.7001 6 0.938 0.7251
0.9452 0.7535 0.7115 5 0.9356 0.651
0.9413 0.7941 0.7474 5 0.9318 0.784
0.9341 0.8161 0.7623 6 0.9296 0.8108
0.9325 0.8449 0.7875 7 0.9083 0.8014
0.9309 0.8024 0.7469 4 0.9272 0.7969
0.9337 0.783 0.7309 10 0.9171 0.7491
0.9323 0.7631 0.7111 6 0.9196 0.7317
0.9437 0.8018 0.7559 4 0.9299 0.7067
0.9372 0.7305 0.6846 4 0.9343 0.7224
0.9351 0.796 0.7441 6 0.9152 0.7613
0.9235 0.7784 0.7186 8 0.9044 0.743
0.9401 0.7677 0.7215 9 0.9286 0.7155
0.945 0.7719 0.7292 6 0.9379 0.7253
0.9404 0.7782 0.7314 9 0.9341 0.6469
0.9288 0.7897 0.7332 9 0.8935 0.7459
0.9284 0.7592 0.7048 6 0.9259 0.7252
0.9382 0.7615 0.7138 7 0.9265 0.6511
0.9319 0.7906 0.7368 1 0.9319 0.7906
0.9414 0.787 0.7409 3 0.9375 0.776
0.9424 0.7632 0.719 6 0.9337 0.7133
0.9387 0.8066 0.7571 4 0.9314 0.8048
0.9274 0.8009 0.7427 7 0.9232 0.7593
0.9375 0.7366 0.6904 10 0.9233 0.7114
0.9269 0.7834 0.7261 2 0.9256 0.7819
0.9218 0.8341 0.7688 6 0.9145 0.8255
0.9324 0.7993 0.7453 5 0.9312 0.7937
0.9289 0.8055 0.7481 13 0.9096 0.7738
0.9366 0.7531 0.7046 8 0.9224 0.6301
0.9399 0.7505 0.7053 7 0.9356 0.7181
0.9321 0.7458 0.6951 2 0.9318 0.6937
0.924 0.7871 0.7273 7 0.9118 0.784
0.9304 0.7692 0.7157 3 0.9245 0.7629
0.9416 0.779 0.7333 4 0.9378 0.7123
0.935 0.7829 0.7315 8 0.9127 0.7195
0.9295 0.8488 0.789 3 0.9283 0.8476
0.9209 0.7849 0.7228 6 0.9184 0.7489
0.945 0.7666 0.7242 10 0.9364 0.6659
0.9297 0.7639 0.7102 3 0.9281 0.7615
0.942 0.7455 0.702 8 0.9261 0.7017
0.9149 0.8066 0.7379 8 0.9031 0.774
0.9393 0.8375 0.7866 7 0.9324 0.8246
0.9414 0.8131 0.7655 2 0.9408 0.8126
0.9365 0.7379 0.6909 9 0.9238 0.6929
0.9374 0.8007 0.75 3 0.9107 0.7617
0.9213 0.7885 0.7264 7 0.9137 0.7679
0.9395 0.7601 0.7141 5 0.93 0.7549
0.936 0.7643 0.715 8 0.9255 0.7038
0.9265 0.791 0.7328 5 0.9134 0.771
0.9318 0.7815 0.7282 3 0.929 0.78
0.9324 0.7488 0.6982 7 0.9285 0.7432
0.933 0.7427 0.6928 7 0.9109 0.7222
0.9248 0.771 0.713 3 0.9097 0.7575
0.9329 0.7949 0.7411 6 0.9231 0.7215
0.9303 0.7597 0.7066 7 0.9238 0.7304
0.9273 0.7454 0.6912 4 0.9229 0.7366
0.9434 0.7439 0.7014 11 0.9271 0.6938
0.9294 0.798 0.7414 3 0.9222 0.7451
0.9298 0.7566 0.7033 4 0.9118 0.7332
0.9251 0.7994 0.7395 6 0.919 0.7882
0.933 0.7771 0.7248 8 0.91 0.763
0.9499 0.7697 0.7309 8 0.9325 0.723
0.9347 0.7404 0.6918 7 0.9253 0.6762
0.9314 0.7837 0.7298 9 0.9144 0.7676
0.9221 0.8161 0.7525 6 0.9091 0.8078
0.9412 0.7406 0.6969 4 0.9359 0.7104
0.9297 0.7777 0.7228 7 0.9191 0.7467
0.9106 0.7823 0.7124 5 0.9072 0.7764
0.9365 0.7502 0.7025 3 0.9297 0.7475
0.9202 0.7946 0.7312 4 0.917 0.7849
0.9478 0.7765 0.736 3 0.9452 0.7741
0.9184 0.8173 0.7505 6 0.9105 0.8017
0.9305 0.7558 0.7032 5 0.9228 0.7033
0.9301 0.8146 0.7575 4 0.9201 0.797
0.9251 0.7974 0.7375 4 0.9144 0.7785
0.9362 0.7315 0.6844 9 0.9154 0.6496
0.9302 0.7784 0.7238 9 0.9169 0.7424
0.9368 0.7484 0.701 11 0.9237 0.7293
0.9282 0.7475 0.6938 7 0.9225 0.7017
0.938 0.7904 0.7409 8 0.916 0.7532
0.9318 0.766 0.7133 9 0.9127 0.7331
0.9265 0.7946 0.7362 5 0.9224 0.7863
0.9229 0.787 0.7262 6 0.9132 0.7697
0.9285 0.7887 0.7323 2 0.9236 0.7875
0.9284 0.773 0.7177 3 0.9259 0.7727
0.9243 0.777 0.7182 4 0.9223 0.757
0.9261 0.7647 0.7081 9 0.9144 0.7406
0.924 0.7988 0.7378 4 0.9171 0.7444
0.9232 0.7567 0.6984 8 0.9087 0.7327
0.9319 0.7724 0.7198 6 0.9281 0.7626
0.9194 0.7932 0.7292 5 0.9147 0.775
0.923 0.7186 0.6632 9 0.9071 0.7048
0.9273 0.782 0.725 6 0.9121 0.7632
0.9266 0.7987 0.7399 6 0.919 0.7503
0.9294 0.7568 0.7033 4 0.9261 0.7297
0.9181 0.7567 0.6947 2 0.916 0.7551
0.9213 0.79 0.7278 2 0.9211 0.7897
0.9227 0.7475 0.6897 3 0.9201 0.7346
0.9114 0.8078 0.7362 4 0.9057 0.8007
0.9285 0.7849 0.7288 1 0.9285 0.7849
0.9272 0.7818 0.7249 5 0.9213 0.7778
0.936 0.7762 0.7265 8 0.9274 0.7681
0.9239 0.783 0.7232 7 0.8965 0.7707
0.9288 0.7819 0.7258 8 0.907 0.7378
0.9522 0.7139 0.6794 5 0.9413 0.6101
0.9616 0.9001 0.8652 2 0.945 0.8825
0.7535 0.3815 0.2874 22 0.7376 0.3625
0.9586 0.7174 0.6876 5 0.9475 0.6826
0.9469 0.686 0.6481 27 0.912 0.5049
0.9615 0.8571 0.824 4 0.9379 0.8458
0.933 0.6316 0.5892 5 0.931 0.5453
0.9714 0.8814 0.8506 5 0.9555 0.3729
0.9409 0.5552 0.5218 7 0.8852 0.4111
0.9454 0.6497 0.6079 26 0.7213 0.5792
0.929 0.6342 0.5889 12 0.9128 0.6003
0.9537 0.7999 0.7624 8 0.943 0.7346
0.9758 0.6413 0.6258 6 0.9719 0.6343
0.9629 0.8392 0.8081 1 0.9629 0.8392
0.791 0.4648 0.3671 8 0.778 0.3591
0.957 0.7314 0.6999 2 0.9558 0.7271
0.8075 0.8515 0.6876 2 0.8051 0.8483
0.9604 0.9298 0.8884 6 0.927 0.5752
0.8022 0.6379 0.5117 1 0.8022 0.6379
0.9615 0.6438 0.6166 15 0.9117 0.4882
0.9166 0.7369 0.6397 49 0.6854 0.4051
0.9699 0.6265 0.6076 3 0.9653 0.6234
0.9625 0.7557 0.7273 3 0.9552 0.7526
0.9684 0.7296 0.7065 2 0.9675 0.7292
0.9626 0.8065 0.7763 3 0.9554 0.8
0.9834 0.5768 0.5655 19 0.9563 0.4365
0.9714 0.8033 0.7803 5 0.9681 0.7842
0.8864 0.9699 0.8581 5 0.8689 0.8467
0.9474 0.7665 0.7261 4 0.9364 0.7559
0.8496 0.7568 0.643 5 0.8324 0.7543
0.9504 0.6732 0.639 10 0.9326 0.5604
0.9358 0.5961 0.5563 13 0.8786 0.4898
0.972 0.8604 0.8363 2 0.9717 0.858
0.9639 0.7045 0.679 5 0.9525 0.6426
0.8225 0.7141 0.584 25 0.7349 0.5966
0.9485 0.9049 0.8583 2 0.9461 0.9024
0.8674 0.5099 0.4328 25 0.6433 0.3724
0.9584 0.6741 0.6439 7 0.9491 0.3663
0.9615 0.837 0.8046 9 0.9485 0.7829
0.9667 0.7984 0.7688 6 0.9539 0.3264
0.9436 0.9261 0.8738 5 0.9343 0.9014
0.9213 0.738 0.6799 1 0.9213 0.738
0.9509 0.7985 0.7592 6 0.9465 0.7777
0.9671 0.8014 0.775 6 0.96 0.7714
0.9677 0.6845 0.6624 5 0.9641 0.674
0.9652 0.7496 0.7235 3 0.96 0.7488
0.9605 0.7536 0.7229 18 0.9048 0.6768
0.9635 0.8496 0.8186 2 0.9573 0.8447
0.9568 0.7191 0.6878 6 0.9408 0.6943
0.9668 0.8117 0.7847 4 0.9657 0.7987
0.9531 0.693 0.6593 6 0.9178 0.5111
0.952 0.7847 0.747 9 0.9456 0.7536
0.9711 0.7752 0.7528 5 0.9681 0.774
0.9693 0.7912 0.7668 6 0.958 0.7616
0.9646 0.5816 0.561 5 0.9595 0.5711
0.9628 0.6952 0.668 4 0.9529 0.4344
0.9567 0.5085 0.4865 6 0.9504 0.4991
0.9641 0.7072 0.6806 7 0.9346 0.6384
0.9709 0.8647 0.8395 8 0.9646 0.8523
0.9671 0.7815 0.7551 4 0.9547 0.6763
0.9666 0.7453 0.7178 9 0.937 0.6071
0.9662 0.8237 0.7959 3 0.9626 0.8226
0.9676 0.7181 0.6948 3 0.9667 0.7168
0.9645 0.7055 0.68 7 0.9372 0.6141
0.9544 0.9145 0.8716 6 0.9376 0.7335
0.966 0.6861 0.6628 3 0.9634 0.683
0.9357 0.7876 0.7361 22 0.8855 0.7393
0.9404 0.797 0.7495 1 0.9404 0.797
0.9669 0.9077 0.8776 6 0.9542 0.9024
0.959 0.7607 0.7292 4 0.9564 0.6333
0.9695 0.7821 0.7513 5 0.9393 0.472
0.9566 0.864 0.8256 3 0.9379 0.8091
0.9614 0.8608 0.8274 2 0.9601 0.7333
0.9582 0.7385 0.7075 5 0.9477 0.7051
0.9572 0.8063 0.7718 2 0.9536 0.8039
0.9223 0.682 0.6273 10 0.8242 0.6364
0.8964 0.8124 0.7273 14 0.8487 0.7472
0.8818 0.732 0.6439 16 0.7744 0.6819
0.9548 0.8309 0.7927 6 0.9367 0.7265
0.9389 0.8982 0.8433 5 0.9296 0.869
0.9547 0.7618 0.7273 4 0.9482 0.7536
0.8896 0.9229 0.8205 10 0.8424 0.8916
0.9648 0.7194 0.6941 6 0.9619 0.7105
0.9551 0.7789 0.7434 10 0.9453 0.648
0.9542 0.8951 0.8535 6 0.9376 0.8009
0.9615 0.8496 0.8169 7 0.948 0.8433
0.9522 0.7638 0.7273 3 0.9454 0.7606
0.9269 0.9205 0.8525 16 0.8908 0.8744
0.9638 0.6946 0.6693 7 0.9491 0.6779
0.9556 0.7929 0.7577 8 0.9491 0.7739
0.9524 0.798 0.76 6 0.9498 0.7867
0.9572 0.7777 0.7444 2 0.9561 0.7661
0.969 0.8341 0.8082 5 0.9631 0.8266
0.9651 0.9353 0.9018 6 0.9497 0.8525
0.9624 0.773 0.7438 9 0.9457 0.7397
0.9552 0.7536 0.7195 8 0.9475 0.6202
0.9676 0.9412 0.9107 1 0.9676 0.9412
0.9529 0.7846 0.7476 4 0.9502 0.7684
0.97 0.606 0.5876 12 0.9582 0.4594
0.9557 0.8314 0.7946 1 0.9557 0.8314
0.963 0.7415 0.7137 4 0.9482 0.6822
0.9622 0.8406 0.8088 4 0.9586 0.8333
0.9699 0.7593 0.7359 8 0.9409 0.7175
0.9591 0.8207 0.7865 7 0.9249 0.7876
0.9691 0.8015 0.7759 8 0.9522 0.5641
0.971 0.733 0.7117 2 0.9683 0.7317
0.9668 0.8006 0.774 3 0.9624 0.7923
0.9032 0.8097 0.7305 16 0.8731 0.6342
0.9625 0.6362 0.6123 6 0.9568 0.6212
0.964 0.7567 0.7292 6 0.9553 0.6898
0.9659 0.8146 0.7868 3 0.9615 0.8103
0.9578 0.8266 0.7917 8 0.9507 0.6997
0.936 0.7387 0.69 14 0.8888 0.6866
0.9432 0.9033 0.852 3 0.9405 0.8582
0.9649 0.7218 0.6962 6 0.9462 0.6168
0.9351 0.878 0.821 2 0.9314 0.8751
0.9546 0.8971 0.8564 3 0.9532 0.8899
0.9305 0.8609 0.801 5 0.9163 0.8486
0.9516 0.8286 0.7885 4 0.9455 0.8237
0.9555 0.7408 0.7078 8 0.9474 0.7114
0.9187 0.786 0.7221 7 0.9019 0.7812
0.9557 0.804 0.7683 3 0.9486 0.7926
0.936 0.8074 0.7557 4 0.9299 0.8024
0.9544 0.8329 0.7949 2 0.951 0.8326
0.9585 0.797 0.7639 7 0.9494 0.7862
0.9536 0.7707 0.7349 7 0.9447 0.7442
0.9368 0.7293 0.6831 9 0.916 0.714
0.8992 0.8478 0.7623 8 0.8777 0.8429
0.9525 0.8182 0.7793 4 0.9469 0.8147
0.9632 0.7285 0.7015 7 0.9547 0.6744
0.9483 0.7647 0.7251 3 0.9448 0.7314
0.9619 0.7267 0.6988 2 0.957 0.6863
0.9219 0.7654 0.7042 14 0.8563 0.7044
0.9667 0.8342 0.8064 3 0.9662 0.8292
0.9507 0.7654 0.727 8 0.9146 0.7243
0.9602 0.7274 0.6956 11 0.9202 0.5738
0.9308 0.7807 0.7266 6 0.9168 0.7545
0.9324 0.8446 0.7874 4 0.9237 0.8248
0.9562 0.7851 0.75 6 0.9325 0.7173
0.9431 0.7211 0.6801 4 0.9297 0.72
0.9393 0.7194 0.6757 12 0.9263 0.7091
0.9388 0.7651 0.7182 6 0.9287 0.7592
0.9482 0.6946 0.6585 5 0.9423 0.6736
0.9352 0.9006 0.8422 3 0.9323 0.8798
0.9078 0.6986 0.6338 8 0.8793 0.6649
0.9415 0.6928 0.6522 4 0.9374 0.6704
0.9458 0.8158 0.7716 1 0.9458 0.8158
0.9216 0.7824 0.7209 9 0.9071 0.7682
0.9199 0.7916 0.7281 9 0.9057 0.7822
0.9485 0.7944 0.7535 2 0.947 0.7919
0.9394 0.8245 0.7745 5 0.9331 0.8136
0.9257 0.7936 0.7343 8 0.9128 0.7621
0.9409 0.7307 0.6875 6 0.9351 0.7287
0.9159 0.8314 0.7615 1 0.9159 0.8314
0.9342 0.8024 0.7496 2 0.9312 0.7917
0.9336 0.7739 0.7216 7 0.8761 0.7159
0.9419 0.8153 0.7679 4 0.9353 0.8122
0.949 0.7737 0.7332 7 0.9333 0.6485
0.9356 0.8313 0.7773 8 0.906 0.7342
0.9336 0.8175 0.763 7 0.9121 0.7888
0.9254 0.7887 0.7298 4 0.9174 0.7833
0.9418 0.7359 0.6926 10 0.9192 0.7014
0.9393 0.7257 0.6815 11 0.9291 0.6935
0.9449 0.7283 0.6881 9 0.9349 0.6881
0.9426 0.7997 0.7537 6 0.9315 0.7862
0.9505 0.7554 0.718 2 0.9487 0.7552
0.9381 0.8016 0.7519 2 0.9336 0.7746
0.918 0.7571 0.695 5 0.9041 0.7243
0.9141 0.7767 0.7098 14 0.8774 0.7353
0.9313 0.7941 0.7395 3 0.9248 0.7892
0.9355 0.8136 0.7611 5 0.9153 0.8132
0.9416 0.8324 0.7838 8 0.9359 0.8294
0.9397 0.7858 0.7384 3 0.9344 0.7808
0.9409 0.8667 0.8155 3 0.9343 0.8579
0.9368 0.7199 0.6744 4 0.9342 0.7118
0.9394 0.7867 0.739 5 0.9348 0.7805
0.9352 0.7369 0.689 7 0.9214 0.7002
0.9471 0.7833 0.7405 9 0.9293 0.6403
0.9344 0.8272 0.7729 2 0.9333 0.8271
0.9327 0.7539 0.7032 2 0.9294 0.7537
0.9355 0.8251 0.7719 7 0.9163 0.8204
0.9453 0.7521 0.7109 7 0.9391 0.7484
0.9043 0.6845 0.619 11 0.8918 0.6586
0.9105 0.8446 0.7687 9 0.8637 0.8189
0.94 0.7362 0.6919 7 0.9293 0.6991
0.9321 0.7598 0.7082 6 0.9258 0.7569
0.9459 0.7842 0.7411 7 0.934 0.7172
0.9397 0.7303 0.6857 8 0.9276 0.584
0.9386 0.8139 0.7639 3 0.9359 0.8053
0.9179 0.7982 0.7327 5 0.9149 0.7957
0.9322 0.7962 0.7422 10 0.9151 0.7853
0.9114 0.8263 0.7531 7 0.8764 0.8195
0.9295 0.7139 0.6634 6 0.9147 0.6946
0.9467 0.7636 0.7222 13 0.9219 0.6721
0.9378 0.7622 0.7144 6 0.926 0.6893
0.9431 0.7439 0.7015 10 0.9343 0.6976
0.9237 0.8282 0.765 2 0.9235 0.8218
0.9314 0.8117 0.756 6 0.915 0.807
0.9275 0.859 0.7965 7 0.9067 0.8391
0.9406 0.7648 0.7187 8 0.9272 0.6841
0.935 0.7882 0.737 2 0.9341 0.7872
0.9365 0.7577 0.7096 3 0.9327 0.7523
0.9226 0.7432 0.6855 8 0.9059 0.7127
0.9389 0.8263 0.7758 3 0.9386 0.8232
0.9472 0.7469 0.7075 4 0.9443 0.7442
0.9404 0.7314 0.6878 5 0.9292 0.7274
0.9353 0.7178 0.6713 5 0.9243 0.7121
0.9105 0.7395 0.6732 10 0.8982 0.6977
0.9385 0.8002 0.7507 5 0.9299 0.7525
0.9224 0.8224 0.7585 5 0.9146 0.8059
0.9368 0.7902 0.7403 2 0.9357 0.7897
0.9395 0.7542 0.7084 4 0.9317 0.7248
0.9378 0.7631 0.7156 9 0.9303 0.7562
0.9351 0.8076 0.7549 7 0.9226 0.7721
0.9383 0.7852 0.7367 7 0.9325 0.7567
0.9248 0.7799 0.7212 5 0.922 0.7776
0.918 0.7829 0.7186 8 0.9026 0.7538
0.9318 0.8038 0.7484 11 0.9142 0.7362
0.9254 0.7835 0.725 4 0.9237 0.7822
0.9337 0.7585 0.708 3 0.9233 0.7359
0.9376 0.8104 0.7597 5 0.9291 0.7957
0.9424 0.7729 0.7283 6 0.9333 0.6703
0.9395 0.762 0.7156 13 0.9189 0.7047
0.9308 0.8076 0.7515 6 0.92 0.7735
0.9408 0.7497 0.7049 8 0.9133 0.7161
0.9292 0.78 0.7247 7 0.9242 0.7356
0.9234 0.8059 0.7441 8 0.9083 0.7894
0.918 0.7644 0.7017 1 0.918 0.7644
0.9471 0.7734 0.7324 4 0.9368 0.7617
0.9361 0.781 0.7307 18 0.9145 0.7277
0.9218 0.8026 0.7397 9 0.9095 0.7622
0.9435 0.7548 0.7122 2 0.9434 0.7516
0.9337 0.7709 0.7198 2 0.9285 0.7685
0.9276 0.8184 0.7591 9 0.9142 0.7897
0.9415 0.7845 0.7386 6 0.9355 0.7818
0.9344 0.7583 0.7085 7 0.9226 0.7535
0.9158 0.8194 0.7504 5 0.9121 0.8051
0.9271 0.836 0.7748 6 0.9176 0.7882
0.9259 0.8025 0.743 6 0.9156 0.7982
0.9228 0.7783 0.7182 2 0.9175 0.7778
0.9329 0.7949 0.7415 9 0.918 0.7882
0.9286 0.7459 0.6926 8 0.9237 0.7383
0.9361 0.724 0.6777 6 0.9289 0.7039
0.9275 0.7447 0.6906 12 0.9091 0.7192
0.9173 0.7997 0.7336 4 0.9115 0.7913
0.927 0.7842 0.7269 5 0.9248 0.7766
0.9218 0.7913 0.7294 3 0.9155 0.7832
0.9297 0.7647 0.7109 7 0.9249 0.753
0.9329 0.7601 0.709 3 0.9279 0.7459
0.929 0.8153 0.7573 8 0.9149 0.7971
0.9273 0.83 0.7696 4 0.9255 0.8191
0.9405 0.7842 0.7371 2 0.9301 0.7456
0.9253 0.8064 0.7461 3 0.9167 0.8022
0.921 0.8311 0.7654 3 0.9203 0.8274
0.9185 0.7976 0.7326 2 0.9175 0.7971
0.9353 0.7486 0.7 6 0.9293 0.6878
0.9183 0.7948 0.7296 6 0.9082 0.7483
0.9288 0.8109 0.7527 10 0.9115 0.7679
0.9346 0.7776 0.7267 2 0.9342 0.7757
0.945 0.7388 0.6982 7 0.9393 0.7327
0.9345 0.7997 0.7472 7 0.9217 0.7817
0.9309 0.7495 0.6977 7 0.9138 0.7447
0.9332 0.7563 0.7058 5 0.9301 0.7545
0.9291 0.7807 0.725 8 0.9159 0.7466
0.9256 0.781 0.7228 10 0.9087 0.7564
0.9299 0.7314 0.6801 8 0.9205 0.7201
0.9307 0.7819 0.7276 6 0.9135 0.7613
0.9262 0.7474 0.6922 6 0.9196 0.7388
0.9323 0.7789 0.7262 3 0.9285 0.7777
0.9274 0.7937 0.7361 1 0.9274 0.7937
0.9271 0.776 0.7194 3 0.9208 0.7749
0.9163 0.8209 0.7522 5 0.9124 0.8202
0.9246 0.809 0.7474 4 0.9146 0.7306
0.9085 0.8038 0.7301 8 0.893 0.7549
0.9421 0.7366 0.6937 10 0.9247 0.7091
0.9309 0.7818 0.7277 7 0.9243 0.77
0.9241 0.7721 0.7135 4 0.9191 0.7685
0.9361 0.7767 0.7271 3 0.9354 0.7759
0.911 0.8338 0.7595 8 0.9022 0.8227
0.9224 0.7614 0.7022 3 0.9168 0.7332
0.9275 0.8335 0.7731 2 0.926 0.8332
0.9255 0.7631 0.7062 3 0.9217 0.7385
0.9284 0.7744 0.7188 5 0.9176 0.7289
0.931 0.7755 0.7219 7 0.9227 0.7347
0.9327 0.7727 0.7207 3 0.93 0.7652
0.9415 0.7525 0.7084 8 0.9352 0.7376
0.9246 0.7422 0.6862 3 0.9223 0.7372
0.9213 0.7122 0.656 7 0.9124 0.6909
0.9198 0.7698 0.708 8 0.9089 0.7638
0.9355 0.7559 0.7069 8 0.9254 0.703
0.9353 0.7839 0.733 7 0.9266 0.7546
0.9331 0.8123 0.7579 7 0.9307 0.8025
0.9344 0.7745 0.7234 8 0.9215 0.7436
0.9277 0.7774 0.7205 9 0.9103 0.722
0.9264 0.7936 0.735 8 0.9049 0.7817
0.92 0.7994 0.7353 7 0.909 0.758
0.9295 0.779 0.7237 4 0.9176 0.7318
0.9179 0.7568 0.6945 9 0.9043 0.7217
0.9397 0.7114 0.6681 11 0.9105 0.6387
0.9348 0.7759 0.7253 5 0.9272 0.7641
0.9459 0.9203 0.87 2 0.9413 0.809
0.6359 0.2312 0.1451 28 0.383 0.2138
0.9433 0.6984 0.6587 4 0.9384 0.6801
0.9551 0.7595 0.7253 4 0.9475 0.7219
0.9435 0.465 0.4385 6 0.9203 0.4264
0.9605 0.7692 0.7388 2 0.9595 0.753
0.934 0.7693 0.7185 3 0.9217 0.7647
0.9786 0.5499 0.5378 6 0.9551 0.4872
0.7666 0.3464 0.2656 1 0.7666 0.3464
0.9363 0.6959 0.6515 3 0.9318 0.6824
0.9248 0.5925 0.5436 20 0.8278 0.4296
0.9559 0.6637 0.6344 2 0.95 0.6582
0.9763 0.6283 0.6134 2 0.9752 0.6265
0.9277 0.632 0.5863 15 0.918 0.6218
0.8264 0.4982 0.4117 4 0.8237 0.4919
0.9557 0.6584 0.6291 8 0.9382 0.6408
0.9588 0.6868 0.6585 5 0.9492 0.6613
0.9434 0.8981 0.8473 1 0.9434 0.8981
0.648 0.6939 0.4496 2 0.6378 0.6933
0.8248 0.5173 0.4124 128 0.6917 0.2895
0.9558 0.6792 0.6474 6 0.9361 0.5551
0.9655 0.7615 0.7352 3 0.9607 0.7513
0.9526 0.6817 0.649 4 0.9387 0.615
0.9739 0.7422 0.7228 4 0.9729 0.7318
0.9484 0.7853 0.7448 3 0.9449 0.7824
0.9651 0.5581 0.5376 10 0.9356 0.4997
0.9146 0.5259 0.481 4 0.908 0.523
0.9628 0.8381 0.8069 6 0.9516 0.8294
0.9697 0.6335 0.6104 8 0.9416 0.3484
0.6552 0.8626 0.5632 23 0.6153 0.7551
0.9452 0.8669 0.8194 4 0.9335 0.8651
0.9447 0.6529 0.6025 43 0.7499 0.329
0.9693 0.765 0.7415 3 0.9674 0.7606
0.9428 0.7825 0.7377 3 0.9365 0.7652
0.9655 0.6287 0.6014 22 0.733 0.4966
0.8438 0.5093 0.4259 35 0.5915 0.452
0.9401 0.7129 0.669 11 0.8729 0.5413
0.9578 0.7295 0.6961 11 0.9342 0.4852
0.9611 0.7926 0.7618 2 0.9601 0.7921
0.962 0.7997 0.768 5 0.9539 0.3206
0.9642 0.7676 0.74 5 0.9596 0.7463
0.8832 0.5682 0.5018 7 0.8594 0.5647
0.9511 0.6465 0.6147 11 0.9318 0.6091
0.9684 0.8131 0.7874 3 0.9665 0.8119
0.9702 0.7319 0.7101 5 0.9664 0.71
0.9643 0.6285 0.606 8 0.9422 0.6134
0.9605 0.8895 0.8543 4 0.9533 0.8855
0.9632 0.6647 0.6402 2 0.9627 0.6342
0.9678 0.7779 0.7528 2 0.9651 0.7758
0.9757 0.7249 0.707 2 0.9654 0.6926
0.9508 0.7429 0.7058 6 0.9033 0.6794
0.9349 0.6298 0.5881 17 0.8876 0.5629
0.9733 0.7021 0.6822 5 0.964 0.5011
0.9311 0.9417 0.8767 4 0.9188 0.9182
0.9628 0.8113 0.7811 2 0.9618 0.8106
0.9521 0.7936 0.7556 3 0.9512 0.7696
0.9392 0.8703 0.8163 8 0.9018 0.7531
0.9163 0.9735 0.8919 3 0.9033 0.9637
0.9532 0.7696 0.7336 1 0.9532 0.7696
0.9689 0.7906 0.766 2 0.9679 0.787
0.9503 0.7568 0.7187 11 0.936 0.6332
0.9534 0.8313 0.7925 3 0.9489 0.8047
0.8382 0.6811 0.5676 23 0.713 0.5952
0.9462 0.7214 0.6824 9 0.9267 0.7019
0.9766 0.6422 0.627 8 0.966 0.612
0.9413 0.6788 0.6387 7 0.9017 0.66
0.9795 0.6316 0.6173 5 0.9551 0.5666
0.9602 0.8213 0.7849 18 0.8474 0.7349
0.9551 0.7199 0.6871 12 0.9398 0.6094
0.9619 0.8017 0.7712 2 0.9603 0.7997
0.9627 0.8076 0.7775 9 0.9528 0.7994
0.9192 0.7182 0.6596 8 0.8571 0.6935
0.9557 0.8533 0.8155 3 0.9515 0.8441
0.8795 0.6271 0.5435 20 0.7528 0.404
0.9798 0.6815 0.6642 11 0.9545 0.4244
0.9609 0.768 0.7368 18 0.9008 0.705
0.9373 0.6776 0.6351 2 0.9352 0.6722
0.9552 0.7767 0.7407 3 0.943 0.66
0.9669 0.7467 0.722 7 0.9619 0.7375
0.9622 0.8055 0.7749 6 0.9489 0.7863
0.9659 0.7432 0.715 11 0.9221 0.6342
0.9298 0.7823 0.7274 1 0.9298 0.7823
0.9606 0.7249 0.6963 5 0.9521 0.6972
0.8099 0.9133 0.7394 14 0.7663 0.9002
0.8918 0.8468 0.754 8 0.8554 0.7963
0.9663 0.8603 0.8313 8 0.9573 0.8467
0.9479 0.8396 0.7958 3 0.9442 0.8367
0.8812 0.7421 0.6508 17 0.7853 0.6533
0.8559 0.741 0.6341 6 0.7733 0.7283
0.9687 0.7272 0.7044 5 0.9662 0.721
0.9526 0.8215 0.7825 8 0.9391 0.777
0.9487 0.6653 0.6303 13 0.9098 0.4614
0.939 0.7311 0.6856 14 0.8356 0.6951
0.9663 0.8472 0.8186 7 0.9572 0.8332
0.9678 0.6952 0.672 10 0.9512 0.5707
0.937 0.8329 0.7802 9 0.9042 0.8159
0.9636 0.8658 0.8343 7 0.9569 0.8604
0.9674 0.8254 0.7984 7 0.9519 0.7955
0.9606 0.7806 0.7486 7 0.95 0.569
0.9645 0.7556 0.7286 4 0.9528 0.6655
0.9429 0.8888 0.838 1 0.9429 0.8888
0.9614 0.886 0.8515 9 0.952 0.7649
0.9462 0.8236 0.7793 8 0.9405 0.8193
0.9024 0.7192 0.649 2 0.8999 0.7131
0.9481 0.8641 0.8191 3 0.942 0.7881
0.9494 0.8039 0.7632 8 0.9433 0.7892
0.9607 0.6798 0.6531 3 0.9592 0.6718
0.9644 0.7406 0.7142 3 0.9627 0.7395
0.9593 0.6975 0.6691 7 0.9537 0.6952
0.9631 0.7436 0.7161 4 0.9606 0.7193
0.9533 0.6752 0.6436 3 0.9475 0.667
0.949 0.8725 0.8275 4 0.9324 0.8207
0.9629 0.838 0.8066 7 0.9561 0.6165
0.9459 0.819 0.7747 7 0.9346 0.7979
0.9574 0.7537 0.7212 5 0.9394 0.7188
0.9489 0.7766 0.7369 6 0.938 0.7718
0.9646 0.754 0.7269 9 0.9414 0.7021
0.9161 0.8312 0.7614 2 0.9057 0.8278
0.8999 0.7853 0.7067 6 0.8818 0.781
0.9548 0.7623 0.7278 2 0.9508 0.7621
0.9644 0.6949 0.6697 5 0.9543 0.63
0.9539 0.8598 0.82 5 0.9396 0.7921
0.8373 0.6216 0.5204 7 0.8256 0.5965
0.9538 0.7602 0.725 3 0.9434 0.7568
0.953 0.8153 0.777 4 0.9502 0.8079
0.959 0.7108 0.6817 2 0.9564 0.7101
0.9608 0.6786 0.652 4 0.9541 0.675
0.9448 0.7855 0.7415 12 0.9 0.7357
0.8968 0.7889 0.7073 14 0.8606 0.7765
0.9553 0.7984 0.7627 4 0.9514 0.7896
0.9593 0.802 0.7694 3 0.9576 0.7963
0.9592 0.7467 0.7162 4 0.9574 0.7134
0.9662 0.7979 0.7709 5 0.9631 0.7899
0.9571 0.8654 0.8283 4 0.9556 0.863
0.9519 0.7026 0.6684 6 0.9395 0.6099
0.9541 0.7922 0.7558 4 0.951 0.7898
0.958 0.7989 0.7653 2 0.957 0.7961
0.8948 0.7433 0.665 10 0.8796 0.7173
0.9576 0.7875 0.7541 7 0.947 0.7828
0.9536 0.7339 0.6991 11 0.9135 0.6965
0.9435 0.7382 0.6961 5 0.9309 0.6827
0.9269 0.7883 0.7305 5 0.9207 0.7423
0.9455 0.6667 0.6301 4 0.9307 0.6459
0.9484 0.8318 0.7888 6 0.9399 0.8152
0.9446 0.8189 0.7735 3 0.9405 0.8045
0.9509 0.7126 0.6775 7 0.9431 0.6709
0.9474 0.7082 0.6707 5 0.9379 0.6284
0.9117 0.7344 0.6694 9 0.8857 0.7247
0.9452 0.7507 0.7095 6 0.9386 0.7441
0.7585 0.6847 0.5191 4 0.7425 0.6479
0.9307 0.765 0.7118 4 0.9205 0.7116
0.9308 0.8172 0.7605 5 0.9223 0.7783
0.928 0.7247 0.6725 2 0.9185 0.7213
0.9376 0.8004 0.7504 4 0.9317 0.7888
0.9044 0.7067 0.639 8 0.8949 0.6628
0.9364 0.8133 0.7614 3 0.9277 0.793
0.9404 0.7696 0.7237 6 0.9374 0.7625
0.9466 0.7668 0.7255 5 0.9288 0.6506
0.9179 0.86 0.7894 4 0.9129 0.8535
0.9263 0.7301 0.6762 8 0.9127 0.7196
0.9479 0.7638 0.7235 8 0.9306 0.6693
0.9315 0.7824 0.7288 3 0.93 0.7794
0.9443 0.7167 0.6767 6 0.9334 0.7072
0.9208 0.7837 0.7216 7 0.9102 0.7671
0.9378 0.768 0.7199 8 0.9143 0.7089
0.9466 0.717 0.6787 4 0.945 0.711
0.9112 0.7791 0.7098 4 0.9055 0.7574
0.93 0.6649 0.6181 8 0.9168 0.6372
0.938 0.7306 0.6851 5 0.9286 0.7065
0.9321 0.7565 0.705 6 0.9096 0.7515
0.8709 0.7251 0.631 8 0.8407 0.6988
0.9443 0.7947 0.7502 8 0.938 0.7166
0.9203 0.8009 0.7371 4 0.9165 0.797
0.8998 0.757 0.6811 3 0.8973 0.7546
0.9195 0.7967 0.7324 7 0.895 0.7747
0.9282 0.7882 0.7316 2 0.9272 0.7876
0.9307 0.804 0.7483 4 0.9227 0.7959
0.9359 0.7803 0.7302 8 0.9216 0.7651
0.9156 0.8369 0.7663 2 0.9143 0.8344
0.9444 0.7852 0.7409 10 0.9242 0.7341
0.9328 0.7686 0.7164 8 0.916 0.7254
0.9356 0.7334 0.6845 11 0.9023 0.6158
0.9361 0.751 0.7028 6 0.9239 0.7208
0.9382 0.778 0.7294 4 0.9262 0.7182
0.9332 0.7896 0.7369 3 0.9317 0.7836
0.9353 0.7517 0.7031 5 0.9328 0.7477
0.8872 0.7372 0.654 7 0.8796 0.7187
0.9372 0.7541 0.7062 6 0.9251 0.6944
0.9368 0.7426 0.6957 4 0.9315 0.7404
0.9196 0.7979 0.7337 5 0.9119 0.7915
0.9367 0.8255 0.7732 4 0.929 0.8225
0.8972 0.8307 0.7453 4 0.894 0.8166
0.9202 0.7664 0.7047 9 0.9007 0.7179
0.9044 0.7951 0.7189 6 0.861 0.783
0.9267 0.6789 0.629 10 0.9017 0.6647
0.9488 0.7092 0.6724 5 0.937 0.6558
0.9202 0.8164 0.751 6 0.9044 0.7789
0.9295 0.8122 0.754 16 0.898 0.7086
0.9267 0.7955 0.7371 3 0.9222 0.7649
0.9412 0.7739 0.7275 4 0.9272 0.6978
0.9383 0.7083 0.6642 10 0.9058 0.6555
0.9132 0.7288 0.6653 6 0.8988 0.6973
0.9448 0.7267 0.6866 2 0.9443 0.7264
0.9288 0.7635 0.7091 4 0.9276 0.7613
0.9375 0.7459 0.6991 16 0.9118 0.7224
0.9411 0.7253 0.6825 12 0.928 0.7049
0.9403 0.7771 0.7302 9 0.9203 0.7283
0.9381 0.7362 0.6906 3 0.9278 0.7358
0.9213 0.8271 0.7619 6 0.9145 0.8001
0.9191 0.8187 0.7524 7 0.9126 0.7946
0.9419 0.7692 0.7238 10 0.9184 0.7158
0.9071 0.7816 0.709 2 0.9064 0.7803
0.9268 0.7212 0.6683 5 0.9196 0.6991
0.9376 0.7618 0.7138 12 0.9274 0.6529
0.9369 0.7327 0.6865 4 0.9274 0.7304
0.9167 0.7575 0.6944 3 0.8993 0.7557
0.9118 0.8063 0.7352 6 0.906 0.7974
0.9339 0.786 0.7339 8 0.9241 0.746
0.9248 0.7922 0.7324 10 0.8933 0.7727
0.9319 0.8286 0.7722 5 0.9292 0.825
0.9217 0.814 0.7502 6 0.9074 0.8067
0.9213 0.7779 0.7165 7 0.9132 0.7373
0.9314 0.7411 0.6902 5 0.9267 0.7347
0.9301 0.838 0.7789 8 0.9098 0.7933
0.8398 0.7964 0.6687 4 0.8221 0.7895
0.9187 0.7848 0.7208 5 0.9088 0.7588
0.9302 0.7515 0.6989 7 0.9174 0.7164
0.9363 0.7537 0.7057 6 0.9298 0.7492
0.9361 0.7346 0.6876 6 0.9306 0.6969
0.9315 0.7719 0.719 2 0.927 0.7718
0.9235 0.7885 0.728 11 0.9068 0.7722
0.9333 0.7906 0.7377 9 0.916 0.7672
0.9204 0.7681 0.7068 3 0.9148 0.7474
0.929 0.784 0.7281 10 0.9166 0.7458
0.9238 0.8064 0.7449 7 0.9151 0.7979
0.934 0.7729 0.7216 6 0.9236 0.711
0.9235 0.8094 0.7475 6 0.9099 0.802
0.9337 0.7953 0.7425 2 0.9271 0.7908
0.9184 0.7835 0.7195 5 0.9128 0.7684
0.9375 0.7804 0.7314 8 0.9228 0.7384
0.9297 0.7616 0.7076 6 0.9157 0.7114
0.9293 0.8192 0.7613 8 0.9225 0.7892
0.9316 0.7584 0.7065 7 0.9198 0.7488
0.9404 0.7602 0.7149 6 0.9384 0.7565
0.9258 0.778 0.7202 11 0.9169 0.7633
0.9107 0.7611 0.6931 6 0.8961 0.7581
0.9389 0.7504 0.7045 5 0.9341 0.7486
0.9248 0.7812 0.7224 6 0.918 0.7754
0.9228 0.792 0.7308 5 0.899 0.784
0.9179 0.798 0.7325 7 0.9081 0.7842
0.9237 0.7801 0.7206 4 0.9169 0.7494
0.9144 0.838 0.7663 5 0.9049 0.8351
0.9186 0.8031 0.7377 4 0.9117 0.8009
0.9207 0.7939 0.7309 5 0.9154 0.7916
0.9268 0.7722 0.7155 8 0.9157 0.7466
0.8886 0.7619 0.677 3 0.8863 0.7581
0.9204 0.7894 0.7266 2 0.9187 0.7888
0.9398 0.806 0.7575 5 0.9306 0.8032
0.9135 0.808 0.738 6 0.9103 0.7572
0.9155 0.7554 0.6915 5 0.9106 0.7365
0.9068 0.7783 0.7056 9 0.8949 0.7408
0.9259 0.7432 0.6881 2 0.9242 0.7226
0.9342 0.7687 0.7181 6 0.9255 0.7612
0.9274 0.7667 0.711 7 0.9182 0.7502
0.8615 0.7921 0.682 10 0.8105 0.7764
0.906 0.754 0.683 7 0.8945 0.7294
0.9234 0.7696 0.7106 6 0.8929 0.766
0.9175 0.7782 0.714 4 0.9145 0.7709
0.913 0.7871 0.7185 9 0.8962 0.758
0.909 0.7841 0.7127 4 0.9044 0.7798
0.9275 0.7882 0.731 6 0.9187 0.7743
0.919 0.7884 0.7245 6 0.9147 0.7747
0.912 0.7905 0.7209 8 0.9011 0.7863
0.9219 0.7543 0.6954 2 0.9208 0.754
0.9171 0.7879 0.7226 4 0.9133 0.7605
0.9316 0.8334 0.7763 3 0.9269 0.8115
0.8888 0.7976 0.7088 2 0.88 0.7887
0.8957 0.7921 0.7092 9 0.8561 0.7827
0.9292 0.7859 0.7302 4 0.9259 0.7674
0.9101 0.7388 0.672 11 0.8821 0.7181
0.9163 0.8064 0.7389 1 0.9163 0.8064
0.9235 0.7413 0.6843 4 0.9152 0.7012
0.9218 0.7974 0.735 6 0.9139 0.7905
0.9217 0.7727 0.7121 5 0.9185 0.7525
0.9105 0.77 0.7011 6 0.9073 0.748
0.921 0.7191 0.6622 8 0.9133 0.7071
0.9234 0.8011 0.7397 1 0.9234 0.8011
0.9069 0.7233 0.6558 7 0.8961 0.7038
0.9325 0.7931 0.7396 5 0.9257 0.7919
0.9065 0.7507 0.6805 4 0.8995 0.7464
0.9187 0.7725 0.7097 4 0.9124 0.7701
0.9318 0.7512 0.7 2 0.9312 0.7438
0.9171 0.7802 0.7155 4 0.9162 0.7757
0.9113 0.8112 0.7392 5 0.9044 0.7828
0.9082 0.8045 0.7304 5 0.8945 0.7822
0.9324 0.8012 0.747 6 0.9287 0.7973
0.9347 0.7861 0.7343 8 0.9207 0.7022
0.9251 0.7841 0.725 8 0.9003 0.7284
0.9276 0.7426 0.6885 9 0.9119 0.7064
0.9258 0.7759 0.7183 7 0.9172 0.7615