0.9627 0.8113 0.7784 13
0.982 0.7601 0.7455 13
0.9592 0.5383 0.5163 2
0.9728 0.7161 0.6966 1
0.9667 0.6086 0.5883 2
0.9705 0.5706 0.5535 10
0.9828 0.7339 0.7203 8
0.842 0.6254 0.5266 1
0.9347 0.6271 0.5845 17
0.9594 0.5104 0.4896 11
0.9317 0.7885 0.731 16
0.9622 0.6136 0.5901 6
0.9859 0.7364 0.725 18
0.9107 0.4429 0.4032 13
0.9767 0.8891 0.8655 21
0.9778 0.7893 0.7687 11
0.9866 0.5562 0.5487 2
0.9604 0.5056 0.4856 2
0.6315 0.8532 0.5388 2
0.9655 0.7469 0.7188 16
0.9726 0.7428 0.7211 13
0.9778 0.6496 0.634 14
0.9162 0.7201 0.6559 34
0.9042 0.5956 0.5197 88
0.9779 0.9195 0.8907 23
0.9774 0.8615 0.8368 29
0.986 0.8168 0.8047 7
0.9834 0.8155 0.8015 13
0.9793 0.8438 0.8244 12
0.9746 0.6549 0.6343 19
0.9662 0.709 0.6832 14
0.9767 0.7673 0.7478 21
0.9756 0.551 0.5374 6
0.8993 0.714 0.641 28
0.9781 0.5952 0.5815 9
0.9823 0.7837 0.766 18
0.9858 0.944 0.9234 20
0.9716 0.6988 0.6755 13
0.9794 0.7082 0.6928 17
0.9847 0.6555 0.6374 44
0.9795 0.7104 0.6948 21
0.9846 0.7444 0.7291 15
0.9829 0.7692 0.7538 20
0.971 0.6991 0.6704 16
0.977 0.8669 0.8438 22
0.9828 0.7359 0.7228 18
0.9872 0.6615 0.6516 23
0.9847 0.6852 0.6742 9
0.9808 0.6938 0.6786 8
0.9829 0.778 0.7631 10
0.9807 0.7437 0.7254 11
0.9811 0.6553 0.642 11
0.9832 0.7038 0.6917 15
0.9583 0.6803 0.6502 24
0.9812 0.615 0.6013 11
0.9761 0.5868 0.5715 12
0.968 0.8186 0.7912 14
0.9788 0.7567 0.7365 17
0.9899 0.7925 0.7835 14
0.9814 0.73 0.7158 13
0.9815 0.7992 0.7805 18
0.9829 0.6935 0.68 22
0.9807 0.7375 0.7218 12
0.9847 0.6941 0.6815 13
0.9837 0.6663 0.6547 15
0.9789 0.7262 0.7086 17
0.9863 0.7267 0.7165 8
0.979 0.7391 0.7194 17
0.9799 0.7388 0.7202 8
0.9843 0.6051 0.5938 12
0.9765 0.694 0.6759 16
0.9792 0.6313 0.6161 13
0.9874 0.7665 0.7549 25
0.98 0.6461 0.632 18
0.983 0.726 0.71 25
0.9842 0.6303 0.6177 12
0.9842 0.8003 0.7855 21
0.9717 0.7022 0.6758 21
0.9898 0.6818 0.6733 19
0.9822 0.8847 0.8665 18
0.9848 0.6982 0.6753 23
0.9846 0.8887 0.8705 24
0.9805 0.6753 0.6581 14
0.9842 0.6882 0.6753 13
0.9829 0.7321 0.7173 17
0.981 0.6434 0.6303 9
0.9835 0.6659 0.6542 21
0.9725 0.591 0.5705 17
0.9825 0.7645 0.7476 20
0.9819 0.8181 0.7999 24
0.9818 0.7894 0.7686 20
0.9809 0.7671 0.7481 20
0.9896 0.7009 0.6905 16
0.9883 0.7067 0.6953 28
0.9756 0.7081 0.6871 27
0.9832 0.6859 0.6699 15
0.9813 0.8309 0.8112 16
0.977 0.7455 0.7276 7
0.9892 0.741 0.7308 10
0.9861 0.7267 0.7152 13
0.9856 0.7042 0.6926 15
0.9844 0.6671 0.6549 15
0.981 0.6701 0.6548 12
0.982 0.745 0.7298 21
0.9863 0.7303 0.7195 14
0.9785 0.6755 0.6598 12
0.9863 0.7562 0.7411 16
0.9758 0.8092 0.788 8
0.9804 0.6037 0.5913 31
0.9853 0.7705 0.7578 23
0.981 0.7085 0.6944 15
0.9832 0.7414 0.7255 17
0.9911 0.6444 0.6371 11
0.9882 0.7369 0.7254 23
0.9877 0.7107 0.6943 24
0.9828 0.7216 0.707 20
0.9835 0.7497 0.734 20
0.9689 0.6481 0.6219 18
0.9852 0.7043 0.691 26
0.9844 0.7525 0.739 16
0.9753 0.6974 0.6774 17
0.9719 0.711 0.6895 20
0.98 0.6639 0.6484 18
0.9859 0.7461 0.7331 14
0.9853 0.6882 0.6744 19
0.9837 0.6647 0.6522 14
0.9814 0.6832 0.6676 15
0.9803 0.7069 0.6922 16
0.9861 0.6052 0.595 16
0.9827 0.6422 0.6295 16
0.9794 0.5861 0.572 12
0.9861 0.6227 0.6128 14
0.9843 0.6841 0.6719 14
0.982 0.6645 0.6507 13
0.9872 0.6621 0.6514 14
0.9799 0.6424 0.6267 15
0.9818 0.6941 0.6792 17
0.9796 0.7357 0.7185 11
0.9866 0.6982 0.6849 19
0.9838 0.6327 0.6209 16
0.9778 0.641 0.6244 16
0.9798 0.5456 0.5333 13
0.9729 0.5082 0.4929 27
0.9749 0.5049 0.4907 11
0.9809 0.5293 0.518 17
0.9751 0.5641 0.549 10
0.9763 0.5923 0.5774 8
0.9747 0.5932 0.5771 13
0.9704 0.521 0.5043 19
0.9807 0.6041 0.5908 17
0.9723 0.5865 0.5687 9
0.9715 0.5978 0.5789 14
0.9794 0.4847 0.4722 22
0.9725 0.5921 0.5752 11
0.9808 0.5845 0.5721 10
0.9722 0.4785 0.4648 9
0.9778 0.6001 0.5859 13
0.9774 0.5926 0.5764 20
0.9788 0.548 0.5351 24
0.9759 0.5292 0.5145 21
0.9784 0.5296 0.517 15
0.9752 0.5352 0.5214 9
0.9732 0.5264 0.5117 9
0.9693 0.6203 0.6 18
0.9722 0.5617 0.5456 9
0.9786 0.5118 0.4989 10
0.9757 0.4798 0.4674 14
0.9725 0.59 0.573 14
0.9727 0.5468 0.5307 18
0.9745 0.5811 0.5645 20
0.9762 0.5183 0.505 17
0.9747 0.5167 0.5021 18
0.9742 0.5621 0.5468 17
0.9762 0.5597 0.5456 11
0.9752 0.6168 0.601 8
0.9739 0.5684 0.5516 19
0.9758 0.5384 0.5245 14
0.9762 0.5288 0.515 17
0.9791 0.5928 0.5762 24
0.9763 0.52 0.5064 12
0.9781 0.5311 0.5181 15
0.977 0.4557 0.4442 16
0.9735 0.5457 0.5304 17
0.9766 0.554 0.5399 14
0.9766 0.5345 0.5201 19
0.9732 0.5297 0.5145 12
0.9763 0.4874 0.4751 21
0.9791 0.5097 0.4989 10
0.9692 0.5319 0.5146 15
0.9743 0.5332 0.5189 19
0.9747 0.5454 0.5295 14
0.979 0.5506 0.5378 7
0.9777 0.4896 0.4786 9
0.973 0.5157 0.5009 22
0.9747 0.5766 0.5603 18
0.9787 0.5473 0.5333 20
0.977 0.5624 0.5488 12
0.9776 0.4946 0.4822 9
0.9798 0.5719 0.5582 17
0.976 0.5096 0.4966 18
0.9739 0.4557 0.4434 12
0.9729 0.5331 0.5171 17
0.9757 0.5366 0.5215 17
0.973 0.5285 0.5129 13
0.9726 0.4933 0.4794 8
0.9758 0.5606 0.5465 11
0.9779 0.5208 0.5073 17
0.9762 0.5684 0.5537 15
0.9716 0.5873 0.5689 11
0.9764 0.4954 0.4828 15
0.9738 0.526 0.5111 13
0.9726 0.4986 0.4841 10
0.9737 0.5727 0.5563 26
0.9684 0.5083 0.4911 15
0.973 0.5729 0.555 20
0.9729 0.5118 0.497 16
0.9772 0.5162 0.5028 16
0.9754 0.5716 0.5566 15
0.9757 0.5281 0.514 10
0.9769 0.5276 0.514 14
0.9729 0.4798 0.4663 17
0.9752 0.5163 0.5024 14
0.9716 0.4977 0.4825 23
0.9738 0.4964 0.4828 14
0.9737 0.4909 0.4774 13
0.967 0.4702 0.4541 11
0.9714 0.5659 0.549 10
0.9708 0.5208 0.505 16
0.9726 0.5121 0.497 22
0.9744 0.4897 0.4765 13
0.9782 0.4647 0.4534 19
0.9725 0.5082 0.493 14
0.9733 0.5215 0.5058 17
0.9746 0.5083 0.4943 9
0.974 0.5331 0.5179 16
0.9745 0.519 0.5049 12
0.9744 0.5288 0.5144 17
0.9752 0.5287 0.5148 9
0.9751 0.5626 0.5464 21
0.9746 0.487 0.4745 5
0.9738 0.5515 0.5369 3
0.9774 0.4755 0.4629 20
0.9686 0.5342 0.5157 15
0.9722 0.4965 0.4821 13
0.974 0.5127 0.4981 16
0.97 0.5101 0.4936 15
0.9738 0.5324 0.5172 18
0.9696 0.4924 0.4764 11
0.9704 0.5753 0.5567 20
0.9807 0.4797 0.4696 16
0.9751 0.4905 0.4776 11
0.9766 0.526 0.5124 16
0.9775 0.4784 0.4672 15
0.9728 0.523 0.5087 7
0.9759 0.4763 0.4641 12
0.9703 0.4851 0.468 13
0.9737 0.5237 0.5088 15
0.9703 0.5419 0.5253 12
0.9782 0.5267 0.5144 9
0.9729 0.5416 0.5257 29
0.9654 0.5497 0.5295 15
0.9643 0.4625 0.4457 9
0.9709 0.4799 0.4652 11
0.9712 0.5022 0.4867 14
0.9727 0.4993 0.4843 11
0.9687 0.4976 0.4811 14
0.9723 0.507 0.4922 13
0.9715 0.4861 0.4708 14
0.9659 0.5428 0.5232 14
0.9761 0.4769 0.464 17
0.968 0.4616 0.4464 6
0.9763 0.507 0.4949 4
0.9763 0.4161 0.4059 11
0.9739 0.4649 0.4523 11
0.973 0.4716 0.4583 11
0.9732 0.4856 0.4724 10
0.9725 0.5202 0.5053 15
0.9726 0.5497 0.5316 17
0.9745 0.4528 0.4403 15
0.9709 0.4863 0.4718 9
0.9752 0.5113 0.4971 17
0.9656 0.5218 0.5029 15
0.9744 0.4734 0.4608 11
0.9728 0.4938 0.4801 7
0.9705 0.4576 0.4438 13
0.9704 0.5011 0.4857 12
0.9717 0.4999 0.4853 15
0.9696 0.4977 0.482 10
0.9695 0.5016 0.4862 7
0.9752 0.507 0.4941 13
0.9708 0.4636 0.4498 14
0.9703 0.5263 0.5099 18
0.9643 0.5157 0.4968 6
0.9765 0.4884 0.476 19
0.9729 0.4643 0.4513 14
0.9709 0.5055 0.49 17
0.9707 0.5274 0.5109 14
0.9721 0.4872 0.4733 9
0.9748 0.4976 0.4836 15
0.9745 0.4707 0.4581 10
0.9627 0.7101 0.6826 10
0.9829 0.9017 0.8842 8
0.7535 0.3815 0.2874 22
0.9728 0.7219 0.7022 2
0.9666 0.6757 0.6482 21
0.9696 0.8601 0.8336 11
0.9335 0.6316 0.5894 6
0.9882 0.8635 0.8446 26
0.9559 0.5469 0.5216 7
0.957 0.6497 0.6143 30
0.955 0.6261 0.5971 11
0.9633 0.7999 0.7701 5
0.9852 0.6357 0.6253 26
0.9787 0.8392 0.8197 8
0.7931 0.4648 0.3678 9
0.9778 0.7328 0.716 6
0.8075 0.8515 0.6876 2
0.9604 0.9298 0.8896 5
0.8022 0.6379 0.5117 1
0.9687 0.6356 0.6122 11
0.9393 0.7193 0.6357 44
0.9799 0.6286 0.6159 4
0.972 0.7461 0.724 15
0.9892 0.7284 0.72 11
0.967 0.8018 0.7752 8
0.9862 0.556 0.5474 14
0.9849 0.7926 0.7801 11
0.9257 0.9699 0.8883 70
0.9743 0.7126 0.6927 13
0.8496 0.7568 0.643 5
0.971 0.6575 0.6368 15
0.968 0.5888 0.5659 24
0.9841 0.8617 0.8475 10
0.9732 0.7045 0.6856 3
0.8826 0.7138 0.6113 58
0.9823 0.8148 0.7941 18
0.9237 0.5099 0.4594 76
0.9716 0.6593 0.6375 12
0.9798 0.8251 0.808 9
0.9812 0.7015 0.6796 18
0.9705 0.8997 0.8697 18
0.9735 0.7069 0.6848 18
0.9758 0.7532 0.7314 20
0.989 0.7513 0.7423 12
0.9771 0.669 0.6532 11
0.9798 0.6842 0.6682 10
0.9819 0.7433 0.7268 17
0.9846 0.8215 0.8053 19
0.9606 0.6933 0.6659 5
0.9843 0.7916 0.7776 13
0.9817 0.6856 0.6684 20
0.9788 0.7765 0.7587 11
0.9841 0.7636 0.7488 18
0.9812 0.7746 0.7589 16
0.9822 0.5699 0.5573 16
0.9867 0.6674 0.6539 16
0.9696 0.4919 0.4767 8
0.9793 0.6716 0.6554 14
0.9899 0.8533 0.8435 19
0.9819 0.771 0.7509 19
0.9841 0.7043 0.6898 15
0.9831 0.8055 0.7884 16
0.9819 0.7052 0.6908 12
0.9863 0.6609 0.6508 13
0.9799 0.8312 0.8115 28
0.9804 0.6716 0.6563 15
0.9767 0.7655 0.7453 23
0.9773 0.7777 0.7582 16
0.9802 0.8673 0.846 16
0.9841 0.7446 0.7315 19
0.9779 0.7019 0.6832 20
0.9787 0.85 0.8299 16
0.9905 0.8155 0.8051 19
0.9796 0.7266 0.7098 16
0.984 0.7339 0.7179 19
0.9872 0.6475 0.634 20
0.9749 0.8016 0.7719 31
0.9292 0.7089 0.6562 17
0.9898 0.763 0.7513 18
0.9805 0.8599 0.8409 14
0.9828 0.7042 0.6887 16
0.9824 0.7935 0.7716 15
0.9831 0.6961 0.6804 24
0.9871 0.7465 0.7334 18
0.9847 0.8149 0.7972 10
0.9849 0.7873 0.7715 18
0.9843 0.6685 0.6548 14
0.9794 0.8534 0.8292 24
0.9791 0.6369 0.6216 34
0.9844 0.7148 0.6977 26
0.9794 0.7456 0.7264 25
0.9759 0.6659 0.6482 19
0.9877 0.7461 0.7331 18
0.9878 0.8402 0.8257 15
0.9891 0.7099 0.6988 12
0.9819 0.6829 0.6697 7
0.9819 0.9107 0.8905 22
0.9765 0.7771 0.7586 6
0.9883 0.5621 0.5537 17
0.982 0.7942 0.7772 20
0.9796 0.7154 0.6991 20
0.9888 0.6772 0.6687 6
0.9809 0.7237 0.7085 17
0.9858 0.7602 0.7462 15
0.9884 0.6763 0.6662 19
0.9832 0.6644 0.6503 17
0.9806 0.739 0.7213 14
0.9786 0.7648 0.7421 21
0.9795 0.5756 0.5628 14
0.9776 0.7141 0.6968 11
0.9828 0.7114 0.698 16
0.9821 0.6743 0.6597 11
0.9853 0.5911 0.5808 21
0.9733 0.7947 0.7711 16
0.9877 0.6844 0.671 25
0.9814 0.7582 0.7415 23
0.9818 0.8352 0.8179 14
0.9729 0.75 0.7261 22
0.9854 0.6929 0.6789 23
0.9844 0.6494 0.6374 21
0.9862 0.5981 0.586 16
0.9841 0.7127 0.6981 26
0.9812 0.6288 0.6166 12
0.9856 0.684 0.6733 19
0.9812 0.7142 0.6991 23
0.9817 0.6567 0.6418 19
0.9821 0.6449 0.6311 16
0.9797 0.7456 0.725 16
0.9846 0.6543 0.6422 16
0.9837 0.6629 0.6514 8
0.984 0.6662 0.6523 24
0.9861 0.6076 0.5974 14
0.9778 0.5613 0.5479 18
0.9819 0.6676 0.6536 18
0.9875 0.6102 0.6 11
0.9804 0.5816 0.5692 10
0.9821 0.6632 0.6474 16
0.9791 0.6707 0.6535 20
0.9824 0.6504 0.6353 16
0.9852 0.5948 0.5836 19
0.9797 0.6098 0.5962 19
0.9774 0.5934 0.5786 26
0.9713 0.522 0.5067 12
0.9795 0.6552 0.6406 10
0.9755 0.5434 0.5284 11
0.9772 0.5636 0.5494 21
0.9744 0.5475 0.5324 14
0.9629 0.5492 0.5285 6
0.9653 0.5558 0.5352 17
0.9762 0.6068 0.5919 21
0.9787 0.5861 0.5716 15
0.9752 0.5684 0.5535 11
0.9774 0.4968 0.4849 19
0.9759 0.5938 0.5775 19
0.9741 0.5878 0.5713 10
0.9679 0.5982 0.5783 9
0.9649 0.6249 0.6015 14
0.9773 0.5708 0.5561 23
0.9703 0.4998 0.4842 8
0.9683 0.5178 0.501 15
0.9448 0.5885 0.556 3
0.9738 0.5094 0.4954 7
0.9757 0.5489 0.5347 19
0.9788 0.5271 0.5155 9
0.9749 0.5205 0.5069 11
0.9792 0.5561 0.5437 19
0.9766 0.4976 0.485 8
0.9774 0.5111 0.4994 11
0.9708 0.5321 0.5144 17
0.9728 0.5904 0.5736 11
0.977 0.5963 0.5806 13
0.9746 0.5458 0.5314 12
0.9695 0.4965 0.4811 10
0.978 0.544 0.5318 8
0.971 0.5925 0.5747 13
0.9782 0.6007 0.5869 9
0.9744 0.5439 0.5296 10
0.9751 0.5074 0.4946 8
0.9816 0.4827 0.4725 14
0.9742 0.5506 0.5352 14
0.9738 0.5623 0.5464 10
0.9787 0.5163 0.5045 16
0.9608 0.4885 0.4688 8
0.9776 0.584 0.5696 15
0.9755 0.5266 0.5124 16
0.975 0.5229 0.5092 13
0.9779 0.4529 0.4419 16
0.9786 0.4527 0.4422 14
0.9763 0.5538 0.5399 16
0.9609 0.6133 0.5884 10
0.9765 0.4678 0.4558 13
0.9752 0.5841 0.5675 17
0.9742 0.5273 0.5133 11
0.9735 0.5182 0.5034 15
0.9789 0.5391 0.5263 12
0.9765 0.4849 0.4723 21
0.9733 0.5466 0.5309 15
0.9763 0.5886 0.5732 14
0.9789 0.6494 0.6327 11
0.9774 0.4718 0.46 20
0.9741 0.5123 0.4977 15
0.9696 0.4716 0.4564 13
0.9638 0.5084 0.4899 6
0.9713 0.4982 0.4832 12
0.9762 0.5242 0.5101 18
0.977 0.5506 0.5369 21
0.9758 0.5985 0.5811 15
0.9703 0.553 0.536 13
0.9705 0.5643 0.5459 10
0.9755 0.5081 0.4949 11
0.9697 0.5059 0.4903 11
0.9786 0.543 0.5299 13
0.9733 0.5429 0.5271 16
0.9768 0.5505 0.5374 19
0.9748 0.5618 0.5467 15
0.9765 0.5549 0.5401 18
0.9674 0.5108 0.4934 11
0.9812 0.5697 0.5565 23
0.9766 0.492 0.4782 19
0.9709 0.5168 0.501 11
0.9749 0.5148 0.5013 11
0.9745 0.484 0.4712 13
0.974 0.546 0.5297 15
0.9734 0.6159 0.5981 14
0.972 0.5223 0.5075 8
0.9725 0.5004 0.4857 16
0.9705 0.5281 0.5118 10
0.9702 0.5058 0.4901 8
0.9673 0.5423 0.5222 17
0.9762 0.4736 0.4615 14
0.9766 0.5087 0.4944 22
0.9757 0.5553 0.541 12
0.9721 0.4951 0.4805 11
0.9713 0.5517 0.5349 11
0.9717 0.5189 0.5034 13
0.9733 0.483 0.4698 20
0.9767 0.4925 0.4795 16
0.975 0.4763 0.4643 8
0.971 0.6084 0.5891 18
0.9792 0.4841 0.4734 6
0.9743 0.4838 0.4712 9
0.9758 0.4648 0.4524 20
0.9754 0.5084 0.4959 11
0.9685 0.5 0.484 10
0.9715 0.4897 0.4749 13
0.9717 0.4699 0.4561 7
0.9734 0.5642 0.548 13
0.9709 0.4721 0.4584 2
0.9702 0.4891 0.474 13
0.9737 0.4951 0.4811 14
0.9808 0.5129 0.5017 13
0.9767 0.49 0.4778 8
0.9785 0.5505 0.5376 12
0.9745 0.4768 0.4636 12
0.9764 0.4917 0.4792 18
0.9609 0.5153 0.4947 9
0.9739 0.4691 0.4563 13
0.973 0.5176 0.5025 20
0.9756 0.5404 0.5257 20
0.9703 0.5173 0.5012 7
0.97 0.4528 0.4387 16
0.9674 0.4792 0.4629 8
0.9662 0.5072 0.4886 12
0.9725 0.479 0.4649 10
0.9741 0.4494 0.4375 10
0.9699 0.512 0.4961 10
0.9715 0.5125 0.4972 13
0.9692 0.445 0.4309 14
0.9707 0.5354 0.5186 16
0.9678 0.4704 0.4552 7
0.9698 0.4954 0.4801 19
0.9729 0.5098 0.4948 17
0.9722 0.4755 0.4617 14
0.9751 0.4827 0.4689 19
0.9759 0.5138 0.499 14
0.97 0.4832 0.4678 21
0.9549 0.4782 0.4562 9
0.9716 0.4886 0.4741 10
0.9735 0.4409 0.4285 10
0.9742 0.4709 0.4582 8
0.9788 0.4913 0.479 11
0.9621 0.4865 0.4677 13
0.9717 0.4944 0.4794 16
0.9727 0.4781 0.4646 12
0.9733 0.453 0.4404 11
0.9685 0.4896 0.4734 15
0.9704 0.4832 0.4681 13
0.9645 0.5203 0.5011 13
0.9741 0.5292 0.5149 17
0.9764 0.5118 0.4992 10
0.9733 0.4984 0.484 9
0.9682 0.5074 0.49 17
0.9721 0.502 0.487 14
0.9718 0.4943 0.4795 12
0.9694 0.4838 0.4685 13
0.9746 0.4968 0.4834 9
0.9733 0.494 0.4801 12
0.954 0.4519 0.4309 14
0.975 0.47 0.4572 20
0.9715 0.4563 0.4431 3
0.9627 0.9182 0.8831 9
0.6359 0.2312 0.1451 26
0.9601 0.6984 0.67 9
0.9716 0.7622 0.7405 4
0.9576 0.465 0.4441 12
0.9696 0.7692 0.7453 9
0.934 0.7693 0.7185 3
0.9882 0.5415 0.535 8
0.7666 0.3464 0.2656 1
0.9672 0.6939 0.6687 17
0.9459 0.558 0.5241 24
0.9633 0.6676 0.643 5
0.9778 0.6283 0.6143 2
0.9272 0.632 0.5859 16
0.8264 0.4982 0.4117 4
0.9735 0.6596 0.641 11
0.978 0.6868 0.6697 18
0.9434 0.8981 0.8473 1
0.648 0.6939 0.4496 2
0.8248 0.5173 0.4124 128
0.9723 0.6766 0.655 16
0.9778 0.7595 0.7413 15
0.9724 0.6751 0.6553 11
0.9892 0.7386 0.7303 11
0.964 0.7912 0.7627 2
0.9847 0.5339 0.5245 20
0.9299 0.5262 0.4893 4
0.9832 0.8323 0.8172 10
0.9833 0.6103 0.5971 15
0.6563 0.8626 0.5641 30
0.9703 0.8678 0.8378 16
0.9776 0.6485 0.6186 47
0.9787 0.765 0.7482 13
0.9655 0.7825 0.7546 12
0.9781 0.6138 0.5939 30
0.8438 0.5093 0.4257 28
0.9717 0.7129 0.6906 20
0.9716 0.7259 0.7009 15
0.9798 0.775 0.7582 14
0.9804 0.7731 0.7465 29
0.9785 0.7569 0.7396 17
0.8874 0.5682 0.5041 12
0.9678 0.6304 0.6097 13
0.989 0.8007 0.7898 23
0.9748 0.7255 0.7071 4
0.9823 0.6255 0.6115 19
0.988 0.8575 0.8418 23
0.9824 0.6586 0.6462 14
0.9809 0.7516 0.7327 18
0.984 0.6893 0.6763 17
0.9806 0.7392 0.7203 22
0.9824 0.6123 0.5971 8
0.9863 0.6819 0.6679 23
0.9765 0.9151 0.8909 26
0.9843 0.8113 0.7927 18
0.9775 0.7729 0.7519 23
0.9779 0.8593 0.8354 14
0.9788 0.8411 0.8135 15
0.9795 0.7364 0.7199 14
0.9814 0.7772 0.7611 20
0.9827 0.704 0.6886 20
0.9833 0.7349 0.721 10
0.905 0.6064 0.5451 19
0.9827 0.6726 0.658 21
0.9843 0.6125 0.6023 12
0.9825 0.6481 0.6344 16
0.9842 0.6035 0.5924 14
0.9789 0.7661 0.7477 21
0.9805 0.7069 0.6912 16
0.9819 0.7961 0.7776 18
0.9836 0.7748 0.7579 21
0.9755 0.6252 0.6081 17
0.9622 0.8513 0.819 6
0.9633 0.5699 0.5409 25
0.9856 0.6416 0.6289 22
0.9849 0.7071 0.6923 21
0.9684 0.6782 0.6566 11
0.9754 0.735 0.7163 12
0.9843 0.7293 0.716 15
0.9819 0.7837 0.7638 21
0.9839 0.6919 0.6778 17
0.9416 0.7493 0.7046 12
0.9831 0.6649 0.653 14
0.9879 0.8398 0.826 24
0.917 0.7601 0.6965 7
0.9814 0.8252 0.809 20
0.9787 0.8315 0.8133 10
0.9677 0.6451 0.6172 25
0.9818 0.6798 0.6612 23
0.9839 0.6958 0.6828 17
0.9852 0.7763 0.7624 16
0.9785 0.6244 0.6071 15
0.9883 0.6868 0.6745 17
0.9788 0.7991 0.7815 19
0.9874 0.6549 0.645 14
0.986 0.7912 0.7752 18
0.9819 0.8004 0.7814 22
0.9767 0.8164 0.7964 10
0.9868 0.7061 0.6926 21
0.9844 0.6538 0.6428 15
0.9867 0.8028 0.7883 21
0.9823 0.7321 0.7181 14
0.9802 0.7241 0.7068 24
0.9884 0.6789 0.6677 23
0.9899 0.6995 0.6879 22
0.9844 0.6507 0.638 12
0.9825 0.6446 0.6325 15
0.9842 0.6719 0.6603 23
0.9801 0.6377 0.6235 15
0.9754 0.6775 0.6603 15
0.9838 0.6073 0.5969 12
0.9829 0.6864 0.6716 22
0.988 0.6626 0.6524 16
0.9672 0.8009 0.7746 5
0.9806 0.6804 0.6649 14
0.9821 0.7564 0.7397 15
0.9827 0.7031 0.6893 13
0.9769 0.779 0.7546 25
0.9843 0.6839 0.6699 15
0.9849 0.7108 0.6981 17
0.9809 0.6426 0.6295 9
0.9846 0.65 0.6386 9
0.9783 0.5314 0.5175 21
0.986 0.6215 0.6108 17
0.9807 0.6525 0.6363 16
0.9783 0.6278 0.6137 10
0.9823 0.6281 0.6151 10
0.9717 0.6401 0.62 27
0.9692 0.6218 0.5996 18
0.9846 0.6592 0.6469 20
0.983 0.6762 0.6637 10
0.9814 0.6144 0.6003 19
0.9867 0.702 0.6894 37
0.9842 0.635 0.6228 21
0.9807 0.5857 0.5725 18
0.9806 0.6096 0.5969 14
0.9812 0.7299 0.7137 14
0.9735 0.6725 0.6526 10
0.9831 0.6477 0.6363 14
0.9821 0.6569 0.642 18
0.9725 0.5916 0.5747 10
0.9789 0.5529 0.5388 18
0.9658 0.503 0.4856 11
0.9731 0.6177 0.599 14
0.9782 0.5712 0.5571 12
0.9812 0.5422 0.5309 13
0.9745 0.5155 0.5015 18
0.9756 0.5372 0.5218 23
0.9695 0.5025 0.4862 17
0.8493 0.4444 0.3774 5
0.978 0.6036 0.5893 18
0.9792 0.5596 0.5471 12
0.9699 0.5336 0.5164 13
0.9766 0.5697 0.5539 23
0.9646 0.4854 0.4666 17
0.9729 0.5399 0.5235 21
0.9746 0.664 0.6449 18
0.9781 0.6429 0.6255 19
0.9731 0.6203 0.6019 16
0.9709 0.52 0.5049 4
0.9818 0.5569 0.5458 9
0.9759 0.571 0.5567 9
0.9775 0.5733 0.5591 15
0.9755 0.5853 0.5707 11
0.9798 0.529 0.517 15
0.9745 0.5132 0.4988 20
0.9633 0.5676 0.5466 11
0.9684 0.5139 0.4972 11
0.9698 0.5327 0.5158 12
0.9726 0.6167 0.5979 14
0.8854 0.5103 0.4509 4
0.9735 0.5411 0.5262 10
0.9703 0.58 0.561 13
0.9206 0.5127 0.4719 5
0.9656 0.5571 0.5371 10
0.9686 0.5918 0.5721 13
0.9747 0.5365 0.5216 15
0.9769 0.5716 0.5577 17
0.957 0.539 0.5149 9
0.9708 0.5387 0.5219 17
0.9738 0.5387 0.5237 14
0.9722 0.5183 0.5027 9
0.9575 0.5621 0.5382 5
0.9712 0.5305 0.5139 10
0.9778 0.5768 0.562 28
0.9678 0.5344 0.5169 9
0.959 0.5569 0.534 6
0.9772 0.489 0.4774 12
0.9705 0.5246 0.5069 18
0.9698 0.5464 0.5294 15
0.976 0.5161 0.502 25
0.9711 0.5317 0.5155 18
0.9681 0.5245 0.5065 17
0.9667 0.5374 0.519 16
0.9682 0.5488 0.5306 12
0.9768 0.4891 0.4768 23
0.9755 0.5749 0.5596 6
0.9731 0.5025 0.4885 14
0.9774 0.5467 0.5329 22
0.9755 0.5138 0.5002 14
0.9694 0.5072 0.4911 13
0.9534 0.5109 0.4871 4
0.9757 0.5508 0.536 14
0.9633 0.5289 0.5088 8
0.9714 0.5079 0.4923 13
0.9679 0.5264 0.5088 9
0.9781 0.5553 0.5409 20
0.9697 0.5595 0.5422 16
0.9721 0.5341 0.5179 9
0.9782 0.5647 0.5506 12
0.9735 0.5068 0.4927 16
0.9704 0.5147 0.4985 17
0.9684 0.5145 0.4966 16
0.9772 0.5224 0.5093 14
0.9786 0.5518 0.5382 13
0.9669 0.5057 0.4884 10
0.9737 0.5432 0.5275 12
0.9801 0.4694 0.4593 13
0.9783 0.5595 0.5465 12
0.9536 0.5009 0.4776 6
0.9649 0.4975 0.4791 14
0.9669 0.5656 0.5446 16
0.9731 0.5089 0.4947 7
0.9748 0.5308 0.5163 16
0.9709 0.4323 0.4192 8
0.9725 0.4957 0.481 15
0.9715 0.5562 0.5391 19
0.9726 0.5068 0.492 7
0.9704 0.5391 0.5213 13
0.975 0.4761 0.4635 12
0.9766 0.5848 0.5697 16
0.9741 0.4995 0.4854 15
0.9687 0.5211 0.5041 12
0.9747 0.5418 0.5268 10
0.9737 0.5161 0.5001 19
0.9763 0.5063 0.4935 13
0.9711 0.5788 0.5615 12
0.9705 0.5192 0.5038 7
0.9644 0.6042 0.5822 10
0.9764 0.4946 0.4824 12
0.9699 0.4857 0.4704 10
0.9668 0.4856 0.469 13
0.9758 0.5171 0.5036 13
0.9733 0.5124 0.4975 14
0.9775 0.5493 0.5357 21
0.9692 0.5085 0.4921 7
0.9743 0.555 0.5388 24
0.9681 0.5156 0.4984 14
0.974 0.5362 0.5208 19
0.9786 0.4514 0.441 16
0.9775 0.4901 0.4782 14
0.9747 0.5663 0.5511 15
0.9686 0.4814 0.4661 6
0.9717 0.5117 0.4949 18
0.9758 0.4874 0.4751 9
0.9663 0.4964 0.479 11
0.9612 0.5022 0.482 13
0.9718 0.5112 0.4967 5
0.9645 0.5411 0.5216 14
0.9687 0.4591 0.4444 15
0.9718 0.5214 0.5062 8
0.9712 0.4858 0.4711 11
0.9569 0.5241 0.5013 12
0.9714 0.4906 0.4759 11
0.9502 0.474 0.4504 5
0.9613 0.5441 0.5225 16
0.9732 0.521 0.5061 16
0.9638 0.5171 0.4976 11
0.9684 0.4981 0.4805 16
0.9721 0.4517 0.438 12
0.9541 0.4384 0.418 11
0.9564 0.4927 0.4709 10
0.9724 0.5013 0.4871 13
0.9635 0.4645 0.4472 12
0.9682 0.5136 0.4968 12
0.9695 0.5253 0.5081 11
0.9613 0.5441 0.5225 10
0.96 0.5043 0.4835 14
0.9713 0.4365 0.4232 21
0.9738 0.4775 0.465 6
0.9762 0.5222 0.508 18
0.9658 0.4929 0.4754 16
0.9704 0.5001 0.4852 4
0.9712 0.4984 0.4832 13
0.9553 0.4963 0.4738 10
0.9596 0.4291 0.4117 11
0.9681 0.5044 0.4872 16
0.9569 0.5179 0.4953 9
0.9705 0.5184 0.5018 17
0.9578 0.4321 0.4138 12
0.9651 0.5054 0.4876 8
0.9657 0.4911 0.4738 14
0.974 0.5009 0.4868 13
0.9731 0.4348 0.4217 17
0.9659 0.4552 0.4395 11
0.9682 0.5032 0.4863 13
0.9714 0.5489 0.5311 19
0.9704 0.5021 0.4867 14
0.9661 0.507 0.4891 16
0.9732 0.4704 0.4571 18