0.9627 0.5734 0.5516 10
0.9828 0.7615 0.7474 7
0.9583 0.6027 0.5775 2
0.9727 0.6422 0.6245 5
0.9666 0.6142 0.5915 22
0.9691 0.5933 0.575 3
0.9832 0.95 0.9322 7
0.9882 0.7181 0.7092 8
0.9481 0.5514 0.5228 3
0.9594 0.709 0.6799 9
0.9498 0.7164 0.6774 19
0.9607 0.8997 0.8636 9
0.9842 0.7784 0.7656 17
0.9782 0.7367 0.7197 7
0.9736 0.7469 0.727 3
0.9778 0.6875 0.6717 7
0.9849 0.9079 0.8927 13
0.9604 0.5749 0.5512 5
0.9793 0.6317 0.6181 11
0.9656 0.5458 0.5255 17
0.9728 0.9479 0.9196 13
0.9789 0.8982 0.8789 15
0.9731 0.785 0.7628 9
0.9892 0.9681 0.9566 14
0.9776 0.7384 0.7207 13
0.9823 0.6244 0.6125 23
0.9855 0.9403 0.9258 14
0.9818 0.9416 0.9244 4
0.9745 0.7553 0.7349 8
0.9852 0.7575 0.7458 12
0.9685 0.6359 0.6149 13
0.9761 0.7499 0.7309 22
0.9792 0.7432 0.7273 9
0.9661 0.807 0.7777 15
0.9781 0.8387 0.8191 10
0.9806 0.5846 0.5726 19
0.9858 0.9675 0.951 18
0.9716 0.7821 0.7581 12
0.9804 0.7626 0.7473 19
0.9804 0.7832 0.7658 21
0.9775 0.6624 0.6462 29
0.9833 0.7038 0.6908 14
0.9771 0.6954 0.6781 24
0.9889 0.7777 0.7685 16
0.9749 0.8285 0.8077 5
0.9848 0.8043 0.7886 24
0.9866 0.7679 0.7556 20
0.9835 0.7921 0.7785 13
0.9815 0.787 0.7707 16
0.9824 0.7893 0.7748 15
0.9818 0.8038 0.786 23
0.9811 0.7908 0.7749 16
0.9834 0.8096 0.7944 24
0.9787 0.7692 0.7521 14
0.9818 0.657 0.644 21
0.9862 0.9668 0.942 32
0.9772 0.8305 0.8113 9
0.9695 0.796 0.7698 10
0.9883 0.7093 0.699 29
0.9821 0.7188 0.7039 26
0.9818 0.7191 0.7048 18
0.9803 0.907 0.8856 19
0.981 0.7423 0.7277 17
0.9837 0.7475 0.7337 19
0.9771 0.6978 0.681 16
0.9794 0.7815 0.764 20
0.9835 0.7913 0.7771 20
0.9818 0.8687 0.8501 16
0.9846 0.7294 0.7168 24
0.9816 0.8262 0.8098 19
0.9836 0.7719 0.7569 38
0.9838 0.622 0.6105 18
0.9866 0.6789 0.6694 12
0.9778 0.8503 0.8284 32
0.9825 0.6659 0.6532 27
0.9829 0.7295 0.7153 27
0.9806 0.7532 0.738 15
0.9779 0.7878 0.7669 15
0.9842 0.769 0.7555 18
0.9797 0.7635 0.7472 20
0.9822 0.9116 0.8913 20
0.9829 0.8542 0.8368 30
0.9795 0.8583 0.8396 12
0.9842 0.9337 0.9177 26
0.9836 0.8792 0.8612 17
0.9834 0.6405 0.6297 22
0.9822 0.7052 0.6921 21
0.9768 0.7138 0.6968 9
0.9807 0.8574 0.8376 43
0.9814 0.7649 0.7493 19
0.9855 0.7936 0.7805 14
0.9795 0.722 0.7056 16
0.9878 0.7893 0.777 38
0.985 0.8769 0.8603 35
0.9881 0.6495 0.6409 15
0.9783 0.7296 0.713 13
0.9792 0.8047 0.7867 21
0.9765 0.7998 0.7801 14
0.9879 0.7887 0.7746 28
0.9811 0.7379 0.7227 14
0.9848 0.7244 0.7119 26
0.9878 0.7317 0.7204 28
0.9827 0.7704 0.7532 37
0.9839 0.8329 0.819 11
0.9877 0.7842 0.7723 19
0.9811 0.7175 0.7019 30
0.9863 0.8792 0.8628 26
0.9802 0.8474 0.8285 20
0.9786 0.7141 0.698 17
0.9858 0.7745 0.7623 17
0.9823 0.802 0.7849 17
0.9807 0.765 0.748 23
0.9864 0.7993 0.7864 22
0.983 0.835 0.8179 28
0.9881 0.7418 0.7308 24
0.9793 0.8836 0.8616 35
0.9842 0.7543 0.7409 28
0.9717 0.926 0.8951 19
0.9832 0.7988 0.7817 45
0.9832 0.7776 0.7635 16
0.9827 0.7353 0.7214 19
0.9809 0.8389 0.8181 37
0.9757 0.7888 0.7679 26
0.9857 0.8345 0.8192 38
0.9797 0.8014 0.782 24
0.9808 0.9071 0.8877 24
0.9803 0.7667 0.7481 29
0.9803 0.7437 0.7278 21
0.9823 0.826 0.8072 42
0.9797 0.751 0.735 18
0.9791 0.7596 0.7422 22
0.9837 0.8434 0.8251 36
0.9858 0.8626 0.8458 26
0.9797 0.7589 0.742 30
0.9809 0.7998 0.7819 24
0.9775 0.7264 0.708 26
0.9802 0.7997 0.7811 25
0.9762 0.7302 0.7113 19
0.9792 0.7917 0.7729 32
0.9801 0.721 0.7061 22
0.9818 0.785 0.7665 23
0.9699 0.8084 0.7806 23
0.9698 0.8104 0.7831 25
0.9714 0.7824 0.7558 24
0.9775 0.8234 0.799 23
0.9701 0.7366 0.7118 23
0.9724 0.7137 0.6905 31
0.9767 0.6998 0.6824 16
0.9665 0.7755 0.7451 34
0.9801 0.8371 0.8148 27
0.9777 0.7563 0.7344 43
0.9696 0.7592 0.7327 23
0.971 0.8498 0.8192 24
0.9737 0.7711 0.747 24
0.9751 0.8032 0.7801 30
0.9736 0.7574 0.7337 30
0.9677 0.7828 0.7561 14
0.9762 0.7539 0.7336 15
0.9731 0.8049 0.7793 31
0.9772 0.7601 0.7357 27
0.9734 0.817 0.7865 35
0.9718 0.7686 0.744 30
0.969 0.7914 0.7642 25
0.9704 0.7918 0.7637 31
0.9732 0.7391 0.7165 33
0.973 0.7734 0.7474 33
0.9736 0.8117 0.7836 23
0.9748 0.6913 0.6696 29
0.9696 0.7935 0.7653 28
0.9696 0.7016 0.6787 14
0.9733 0.8035 0.7765 27
0.9671 0.7948 0.7639 18
0.9663 0.7732 0.742 26
0.9771 0.7805 0.7546 38
0.9714 0.7299 0.7039 21
0.9742 0.7362 0.7116 29
0.9737 0.765 0.7412 22
0.9745 0.7433 0.7206 23
0.9724 0.8185 0.7931 23
0.9679 0.7769 0.7467 23
0.965 0.8131 0.7798 30
0.9758 0.7393 0.7152 35
0.9679 0.6977 0.6731 15
0.974 0.7874 0.7602 25
0.975 0.7817 0.7555 27
0.9671 0.7179 0.6909 24
0.9697 0.7669 0.7391 27
0.9752 0.7706 0.7429 37
0.9724 0.782 0.755 32
0.9625 0.7303 0.7001 21
0.9775 0.7758 0.7521 26
0.976 0.7265 0.7029 29
0.9733 0.7596 0.7318 25
0.974 0.7895 0.762 35
0.9688 0.7117 0.6855 25
0.9726 0.7734 0.7462 23
0.9719 0.7501 0.7213 33
0.9716 0.8046 0.7767 23
0.9733 0.7465 0.7221 29
0.9673 0.8121 0.78 29
0.9691 0.7472 0.7205 17
0.9645 0.7892 0.7567 21
0.966 0.7127 0.6858 32
0.9716 0.7952 0.7664 36
0.9702 0.77 0.7408 25
0.971 0.7232 0.6979 35
0.9743 0.7684 0.7412 39
0.9703 0.7195 0.6943 29
0.9736 0.7766 0.7506 38
0.9766 0.7346 0.7121 25
0.971 0.7766 0.7488 45
0.9668 0.8019 0.7712 26
0.9675 0.7472 0.7191 28
0.9671 0.7759 0.7458 30
0.9694 0.7582 0.7316 24
0.9649 0.7812 0.7495 17
0.9731 0.7615 0.7365 35
0.974 0.7724 0.7457 36
0.9697 0.787 0.7586 32
0.9707 0.7553 0.7271 26
0.967 0.8222 0.7854 27
0.9716 0.7667 0.7364 29
0.9713 0.8092 0.7798 31
0.9713 0.7948 0.7643 32
0.9727 0.7781 0.7496 17
0.9654 0.7302 0.7004 25
0.9637 0.8243 0.786 33
0.9707 0.779 0.7503 35
0.9699 0.749 0.7217 33
0.9705 0.8261 0.7953 31
0.9683 0.8025 0.7692 26
0.9689 0.8251 0.7964 27
0.9689 0.7829 0.751 17
0.967 0.8033 0.7715 24
0.9699 0.7312 0.7058 30
0.9667 0.7727 0.7396 37
0.9694 0.7947 0.7646 38
0.9686 0.813 0.7816 30
0.9712 0.7821 0.752 31
0.9724 0.7649 0.7359 36
0.9637 0.7212 0.6913 26
0.962 0.8334 0.7945 34
0.9686 0.7541 0.725 21
0.9699 0.7985 0.7682 32
0.9691 0.7435 0.7127 22
0.9591 0.7728 0.7363 23
0.9731 0.7608 0.7348 40
0.9645 0.7472 0.7148 26
0.9717 0.7492 0.72 25
0.9689 0.7841 0.7531 28
0.9753 0.7694 0.7418 23
0.9685 0.8007 0.7692 28
0.9735 0.7929 0.7635 16
0.9741 0.7958 0.7659 35
0.97 0.7844 0.7546 19
0.9681 0.7241 0.6966 39
0.9717 0.8262 0.7935 29
0.9693 0.7695 0.7414 41
0.9726 0.7869 0.7578 28
0.9675 0.7509 0.7214 19
0.9721 0.7642 0.7364 25
0.9696 0.7798 0.745 27
0.963 0.7852 0.7487 26
0.9717 0.772 0.7413 37
0.97 0.7633 0.734 27
0.9705 0.76 0.728 26
0.9699 0.7484 0.7211 31
0.9612 0.7382 0.7053 22
0.9655 0.7562 0.7231 31
0.9698 0.7859 0.7556 31
0.9679 0.8068 0.7714 31
0.9657 0.7465 0.7165 29
0.9694 0.8567 0.8204 30
0.9747 0.7854 0.755 24
0.971 0.8225 0.7898 25
0.9681 0.7726 0.7391 35
0.971 0.7301 0.7033 33
0.9688 0.7873 0.7564 34
0.9683 0.7691 0.7352 28
0.9694 0.7421 0.7123 20
0.972 0.7864 0.757 22
0.9676 0.7894 0.7552 29
0.9616 0.8153 0.773 31
0.9659 0.7973 0.761 23
0.9684 0.7326 0.7017 32
0.9719 0.7591 0.729 29
0.9689 0.7719 0.7396 27
0.958 0.7102 0.6772 17
0.9665 0.7375 0.7073 28
0.971 0.7903 0.7575 28
0.9651 0.7695 0.7367 29
0.9628 0.7712 0.7374 27
0.9719 0.7454 0.7176 23
0.9731 0.8097 0.7774 35
0.9631 0.7499 0.7163 28
0.9644 0.7543 0.7217 27
0.9668 0.8015 0.7647 32
0.97 0.7522 0.7246 27
0.9677 0.7812 0.7458 24
0.9636 0.7776 0.7415 13
0.9647 0.7139 0.6879 11
0.9813 0.9001 0.8815 12
0.7535 0.3815 0.2874 22
0.9728 0.7219 0.7022 2
0.9623 0.686 0.6567 95
0.9665 0.8601 0.8311 9
0.933 0.6316 0.5892 5
0.9882 0.879 0.8617 20
0.9556 0.5519 0.5259 14
0.9546 0.6497 0.6134 26
0.9562 0.6423 0.6134 17
0.9628 0.7999 0.7696 10
0.9829 0.6433 0.6321 15
0.9771 0.8392 0.8187 7
0.7931 0.4648 0.3678 9
0.9778 0.7321 0.7149 8
0.8075 0.8515 0.6876 2
0.9604 0.9298 0.8896 5
0.8022 0.6379 0.5117 1
0.9687 0.6438 0.6201 17
0.9359 0.7369 0.6484 71
0.9779 0.6286 0.6145 7
0.9726 0.7535 0.7318 12
0.9892 0.7337 0.7254 14
0.9672 0.8065 0.78 5
0.9811 0.5829 0.5714 15
0.9799 0.8082 0.7919 7
0.9257 0.9699 0.8885 73
0.9734 0.768 0.7453 24
0.8496 0.7568 0.643 5
0.9681 0.6792 0.656 18
0.9667 0.5961 0.5727 38
0.9838 0.8617 0.8473 12
0.9698 0.7063 0.6849 6
0.8826 0.7141 0.6118 75
0.9776 0.9049 0.8805 26
0.9209 0.5099 0.4597 106
0.9701 0.6709 0.6482 15
0.975 0.8386 0.8171 7
0.9798 0.7929 0.7742 17
0.9717 0.9261 0.8967 27
0.9794 0.7348 0.7161 18
0.9719 0.7958 0.771 16
0.9878 0.8011 0.7902 12
0.976 0.6831 0.6664 14
0.9802 0.7505 0.7346 26
0.9802 0.7536 0.7372 20
0.9845 0.849 0.8328 16
0.9618 0.7158 0.6883 8
0.9791 0.809 0.792 6
0.9793 0.693 0.6768 23
0.9764 0.786 0.7663 20
0.9816 0.7752 0.7596 17
0.9807 0.7889 0.7724 18
0.9791 0.5801 0.5669 16
0.9862 0.6975 0.6845 34
0.9768 0.5049 0.493 24
0.9752 0.7099 0.6905 18
0.9862 0.8635 0.851 28
0.9831 0.781 0.7645 32
0.9834 0.7428 0.7274 29
0.9808 0.8203 0.8026 15
0.9796 0.717 0.7019 19
0.9817 0.7053 0.6918 18
0.9785 0.9125 0.8899 38
0.9803 0.686 0.6715 20
0.9711 0.7876 0.7628 47
0.9773 0.797 0.7778 11
0.98 0.9129 0.8932 20
0.9797 0.7587 0.7428 21
0.9718 0.7838 0.7613 11
0.9786 0.8691 0.849 17
0.9905 0.8587 0.8473 38
0.9788 0.7432 0.7261 15
0.9812 0.8087 0.7908 23
0.9783 0.682 0.6639 58
0.9621 0.8124 0.7765 48
0.9264 0.732 0.6742 41
0.9896 0.8339 0.821 39
0.9804 0.8982 0.8787 26
0.9793 0.7575 0.7391 20
0.9774 0.9229 0.8943 34
0.9766 0.721 0.7036 7
0.9871 0.7702 0.7569 26
0.9775 0.8957 0.8732 19
0.9824 0.8506 0.8333 33
0.98 0.7638 0.7458 29
0.977 0.9205 0.8921 48
0.9786 0.6972 0.6817 27
0.9768 0.7921 0.7721 38
0.9765 0.7963 0.7751 29
0.9759 0.7751 0.7535 22
0.9855 0.8294 0.8148 39
0.9819 0.9355 0.9166 24
0.9891 0.776 0.7649 21
0.9783 0.7525 0.735 30
0.9775 0.9357 0.9119 17
0.9763 0.7832 0.7642 16
0.9875 0.6025 0.5937 23
0.9748 0.8311 0.81 6
0.9803 0.7394 0.7237 17
0.9869 0.8329 0.8188 27
0.9788 0.7595 0.743 17
0.9833 0.8207 0.8056 17
0.9899 0.8049 0.7938 28
0.9794 0.7306 0.7137 17
0.9796 0.8025 0.7852 16
0.9775 0.8097 0.7865 40
0.9759 0.6318 0.6156 33
0.9801 0.7518 0.7356 22
0.9826 0.8096 0.7938 13
0.9831 0.8276 0.811 35
0.9804 0.7387 0.719 47
0.9732 0.906 0.8806 18
0.9885 0.7281 0.7174 18
0.9783 0.8737 0.8515 19
0.9802 0.8964 0.8769 21
0.9723 0.8642 0.8355 18
0.9834 0.8244 0.8062 30
0.9837 0.7405 0.7264 37
0.9835 0.786 0.7668 37
0.98 0.7954 0.7767 26
0.9779 0.8033 0.7829 39
0.9836 0.8331 0.8171 33
0.98 0.7963 0.778 29
0.9803 0.77 0.7522 26
0.9807 0.7293 0.7118 33
0.9789 0.8478 0.8242 37
0.9776 0.8193 0.7988 20
0.9821 0.7213 0.7074 14
0.9854 0.7659 0.7508 28
0.983 0.7154 0.7013 26
0.9714 0.7654 0.7381 44
0.9771 0.829 0.8092 29
0.9815 0.766 0.7493 23
0.9757 0.7246 0.7044 23
0.9782 0.7807 0.7599 30
0.9747 0.8431 0.8194 15
0.979 0.7849 0.7654 31
0.9809 0.7187 0.7009 28
0.9797 0.7093 0.6914 34
0.9705 0.7656 0.7386 26
0.9694 0.6853 0.663 13
0.9713 0.8943 0.864 41
0.9721 0.6917 0.6663 38
0.9717 0.6938 0.6719 19
0.9707 0.7997 0.7713 35
0.9622 0.7768 0.7416 25
0.9627 0.7868 0.7519 22
0.9738 0.7925 0.7684 19
0.9703 0.8171 0.7877 32
0.9731 0.7924 0.7656 23
0.9702 0.7321 0.707 19
0.9729 0.8326 0.8048 13
0.968 0.7891 0.7611 22
0.9669 0.7723 0.7445 25
0.9642 0.8123 0.7814 17
0.9751 0.7598 0.7373 21
0.9662 0.8287 0.7964 32
0.9659 0.8201 0.7872 22
0.9549 0.7868 0.7483 17
0.9728 0.7361 0.7103 27
0.968 0.7251 0.7003 22
0.9773 0.7262 0.7041 28
0.9775 0.7873 0.7633 28
0.9712 0.7439 0.7202 35
0.9713 0.7829 0.7536 28
0.9744 0.7509 0.7247 22
0.9617 0.774 0.7385 34
0.9717 0.7888 0.7617 22
0.9685 0.8075 0.7764 25
0.9674 0.8235 0.7932 22
0.9627 0.779 0.7451 32
0.9701 0.8512 0.8207 26
0.9701 0.7104 0.6849 23
0.9698 0.7816 0.7543 29
0.9731 0.7377 0.7134 27
0.9699 0.7744 0.7472 26
0.9771 0.8215 0.7932 35
0.9694 0.7484 0.7207 32
0.972 0.8156 0.7868 32
0.9685 0.7468 0.7193 29
0.9438 0.6822 0.643 11
0.9741 0.84 0.8103 31
0.9697 0.7357 0.7105 32
0.9679 0.7566 0.7283 23
0.9728 0.7606 0.7346 23
0.972 0.7197 0.6935 37
0.9667 0.8075 0.7754 31
0.9653 0.7898 0.7583 26
0.9702 0.793 0.7642 25
0.9713 0.8266 0.7944 27
0.9686 0.7059 0.6806 33
0.9743 0.7366 0.7113 39
0.9756 0.7496 0.7258 38
0.974 0.7335 0.709 36
0.9693 0.8117 0.7804 40
0.9684 0.8097 0.7784 31
0.974 0.8584 0.8288 19
0.9778 0.7629 0.7392 36
0.9739 0.7802 0.7524 35
0.9684 0.7579 0.7266 32
0.9556 0.7415 0.7056 25
0.9713 0.8155 0.7853 30
0.9671 0.7391 0.7122 22
0.9677 0.7218 0.693 32
0.9746 0.7123 0.6886 27
0.966 0.7341 0.7031 35
0.9647 0.7951 0.7638 27
0.9708 0.816 0.7821 25
0.9629 0.7865 0.7541 22
0.9696 0.7403 0.714 18
0.9647 0.7567 0.726 20
0.9709 0.8031 0.7769 33
0.9688 0.7814 0.7534 23
0.9732 0.7759 0.7475 34
0.9663 0.7805 0.749 20
0.9721 0.7957 0.7667 37
0.9695 0.7711 0.7406 33
0.9726 0.7424 0.7159 31
0.9676 0.7986 0.7663 22
0.9697 0.7617 0.7342 21
0.9747 0.7567 0.7333 32
0.9661 0.8086 0.7778 25
0.9674 0.7415 0.7127 31
0.9653 0.7765 0.7437 26
0.9645 0.8041 0.7688 31
0.9671 0.7531 0.724 19
0.9551 0.7666 0.7307 20
0.9687 0.7733 0.7441 33
0.9707 0.804 0.7716 33
0.9723 0.7461 0.72 28
0.9673 0.7645 0.734 25
0.9694 0.8065 0.7762 37
0.9683 0.7736 0.7436 23
0.9665 0.7571 0.7274 26
0.968 0.8158 0.7821 30
0.9681 0.8372 0.8049 22
0.9656 0.7985 0.7668 32
0.9701 0.7734 0.7422 33
0.9688 0.7881 0.7564 37
0.9682 0.7431 0.7129 26
0.9714 0.7111 0.6859 36
0.966 0.7229 0.6944 36
0.9642 0.7971 0.7621 24
0.9656 0.7826 0.749 18
0.9675 0.7926 0.7617 23
0.9683 0.7515 0.7206 29
0.9678 0.7512 0.7203 26
0.9704 0.8078 0.7772 28
0.9675 0.8219 0.7882 25
0.9749 0.7764 0.749 25
0.9764 0.7979 0.7695 28
0.9699 0.8285 0.7947 22
0.9709 0.7915 0.758 29
0.9578 0.74 0.7055 30
0.9707 0.7844 0.7527 20
0.9701 0.8078 0.7772 29
0.974 0.7749 0.7461 35
0.9685 0.728 0.6995 20
0.9639 0.798 0.763 23
0.964 0.752 0.7167 24
0.9534 0.7576 0.7189 16
0.975 0.7743 0.7448 28
0.9682 0.7745 0.7425 33
0.9634 0.7347 0.7036 27
0.9619 0.7726 0.7394 16
0.9654 0.7497 0.7159 22
0.9688 0.7708 0.7403 29
0.959 0.7845 0.7477 13
0.9654 0.7716 0.7376 21
0.9655 0.8189 0.7825 23
0.9697 0.7903 0.7585 20
0.9692 0.8092 0.7707 23
0.9676 0.7205 0.6924 24
0.9664 0.7664 0.7332 26
0.9569 0.754 0.7153 25
0.97 0.7631 0.7336 33
0.9691 0.8255 0.7876 32
0.9736 0.7524 0.7222 30
0.9723 0.8211 0.7877 25
0.9587 0.749 0.7129 20
0.969 0.7684 0.7368 30
0.9659 0.7589 0.7267 26
0.9663 0.7719 0.7388 29
0.9609 0.7428 0.708 21
0.9638 0.7424 0.7106 27
0.9562 0.7008 0.6658 21
0.9691 0.7691 0.739 19
0.969 0.7449 0.717 29
0.9699 0.7722 0.7427 28
0.961 0.8028 0.7648 28
0.9677 0.7694 0.737 22
0.9696 0.7719 0.7415 34
0.9647 0.7851 0.7511 29
0.9612 0.7974 0.7594 18
0.9653 0.7808 0.7464 31
0.9475 0.7602 0.7185 18
0.9692 0.7037 0.6765 20
0.9651 0.7652 0.7298 36
0.7667 0.4582 0.3513 1
0.9814 0.599 0.5877 5
0.9434 0.6107 0.5752 7
0.9727 0.9103 0.8853 3
0.9485 0.3892 0.3605 60
0.97 0.8987 0.8713 11
0.6863 0.6541 0.4401 39
0.9716 0.6576 0.6386 5
0.695 0.6694 0.4652 3
0.9622 0.5416 0.5209 7
0.73 0.6604 0.4821 1
0.7288 0.6017 0.4363 19
0.9848 0.8251 0.8114 25
0.7904 0.6787 0.531 33
0.76 0.5435 0.4079 30
0.9355 0.8515 0.7933 15
0.7015 0.431 0.3022 25
0.9604 0.9007 0.858 6
0.6677 0.6122 0.4088 1
0.9687 0.7599 0.723 24
0.9574 0.7373 0.7054 10
0.5727 0.4132 0.2343 56
0.9679 0.7108 0.6857 38
0.6345 0.5816 0.369 3
0.9578 0.6532 0.6256 2
0.5613 0.6895 0.387 5
0.9857 0.7652 0.7541 7
0.7101 0.7913 0.5587 24
0.9788 0.6406 0.627 2
0.9818 0.67 0.657 15
0.9567 0.6205 0.5746 75
0.8134 0.4107 0.326 36
0.853 0.6937 0.5776 164
0.9717 0.7992 0.7755 19
0.9765 0.6898 0.6728 15
0.9586 0.6085 0.5593 89
0.9655 0.7965 0.7618 36
0.9701 0.6444 0.6245 6
0.749 0.6607 0.4932 21
0.9484 0.632 0.5994 2
0.9814 0.7203 0.7067 9
0.9329 0.7065 0.6586 16
0.9718 0.6285 0.6099 17
0.8629 0.8202 0.6319 196
0.6999 0.5897 0.3979 140
0.6845 0.6426 0.4378 37
0.9784 0.565 0.5528 2
0.974 0.8721 0.8491 10
0.822 0.4145 0.3328 93
0.982 0.6689 0.6274 128
0.8753 0.625 0.5412 87
0.9783 0.6975 0.6815 7
0.8733 0.5392 0.4388 130
0.9749 0.8235 0.7992 29
0.7406 0.4231 0.306 125
0.9793 0.6615 0.6465 15
0.9728 0.6607 0.6427 7
0.9583 0.7189 0.6874 18
0.9868 0.8972 0.8839 22
0.7278 0.6168 0.4449 103
0.9603 0.5672 0.5322 39
0.9792 0.7528 0.7368 12
0.9602 0.7497 0.7149 85
0.7487 0.4492 0.3273 57
0.9807 0.773 0.7566 24
0.9793 0.7381 0.7209 21
0.951 0.7343 0.6959 53
0.9558 0.758 0.7244 7
0.9422 0.7137 0.6712 20
0.9805 0.6957 0.6798 40
0.9776 0.8894 0.8625 81
0.7987 0.8073 0.6444 15
0.989 0.8278 0.8165 24
0.7981 0.719 0.5343 131
0.7659 0.7474 0.5667 41
0.9842 0.842 0.8258 20
0.912 0.6887 0.5888 140
0.8669 0.6444 0.5586 7
0.7967 0.7957 0.6287 47
0.7775 0.7035 0.5299 53
0.7828 0.6824 0.5307 54
0.9821 0.7596 0.7446 25
0.9798 0.8465 0.8261 28
0.7145 0.6027 0.4297 37
0.9707 0.907 0.8594 80
0.972 0.643 0.6194 48
0.7583 0.5933 0.4489 40
0.9711 0.7758 0.7478 42
0.9748 0.8145 0.7926 36
0.9826 0.6845 0.6719 19
0.9798 0.7164 0.7005 25
0.9266 0.6037 0.5456 130
0.8072 0.6396 0.5108 95
0.9774 0.6649 0.6488 24
0.9827 0.7303 0.7141 35
0.9844 0.6297 0.6169 35
0.8597 0.6668 0.5711 30
0.7981 0.5385 0.4135 93
0.9831 0.6993 0.6854 26
0.9597 0.6385 0.608 74
0.9841 0.7396 0.7255 23
0.9775 0.7356 0.718 23
0.9765 0.7536 0.7354 13
0.7947 0.684 0.5329 66
0.843 0.6156 0.5115 28
0.9041 0.6098 0.5466 76
0.9056 0.7936 0.7049 88
0.9656 0.8343 0.805 18
0.7536 0.6924 0.5095 56
0.8814 0.6188 0.5439 50
0.9276 0.6901 0.6128 83
0.8548 0.8007 0.67 85
0.9768 0.6891 0.6712 55
0.8947 0.6101 0.5293 33
0.9823 0.7127 0.6937 37
0.8157 0.6864 0.5598 8
0.9219 0.7167 0.6569 40
0.7902 0.7108 0.5597 36
0.9716 0.8387 0.8122 40
0.9843 0.7706 0.7563 22
0.9811 0.8247 0.807 15
0.9589 0.6476 0.6043 88
0.98 0.8065 0.7886 44
0.9831 0.757 0.7423 28
0.9682 0.7145 0.6789 49
0.9267 0.5776 0.5266 43
0.9695 0.7524 0.7244 32
0.96 0.757 0.7222 33
0.9769 0.7427 0.7206 37
0.978 0.7303 0.7121 25
0.8511 0.6804 0.5665 66
0.9711 0.614 0.5941 24
0.9643 0.7004 0.6724 28
0.9766 0.7182 0.683 74
0.8576 0.6817 0.5794 13
0.92 0.7103 0.6492 30
0.8756 0.6722 0.5808 40
0.9264 0.7336 0.6772 27
0.9629 0.633 0.603 56
0.9794 0.7045 0.6857 50
0.9503 0.826 0.7804 28
0.8507 0.6811 0.5793 3
0.944 0.7007 0.6549 16
0.8927 0.7252 0.6466 17
0.939 0.697 0.6537 16
0.9409 0.7147 0.6672 27
0.8219 0.6804 0.5508 18
0.8755 0.6286 0.5488 18
0.7852 0.6364 0.496 20
0.9557 0.6864 0.6248 47
0.858 0.8123 0.6966 6
0.9726 0.7473 0.7237 34
0.8832 0.6927 0.5985 31
0.8066 0.6031 0.4821 10
0.9668 0.7289 0.7022 34
0.8038 0.6599 0.53 8
0.9515 0.8019 0.7562 21
0.8287 0.6741 0.5519 44
0.9294 0.6537 0.5983 37
0.9553 0.7045 0.6715 24
0.9671 0.7165 0.6801 28
0.9607 0.7598 0.7248 27
0.9483 0.7062 0.6678 11
0.8296 0.7 0.5758 24
0.973 0.7965 0.7691 32
0.8656 0.6849 0.5878 15
0.8458 0.6349 0.53 40
0.9293 0.6779 0.6059 34
0.9076 0.6985 0.6262 27
0.9569 0.6537 0.6164 42
0.9612 0.6853 0.6501 25
0.958 0.7702 0.7248 42
0.9604 0.7391 0.7074 25
0.9242 0.7278 0.6703 11
0.908 0.6938 0.6113 32
0.9619 0.7087 0.6783 32
0.9418 0.7439 0.689 29
0.9478 0.721 0.6821 21
0.9502 0.7526 0.7098 32
0.8307 0.6724 0.5574 8
0.9439 0.621 0.5812 30
0.9487 0.6527 0.6095 17
0.9314 0.6599 0.609 26
0.9724 0.7334 0.7073 22
0.969 0.7545 0.7218 21
0.9329 0.7037 0.6398 36
0.8692 0.6734 0.584 20
0.9349 0.71 0.6614 21
0.9654 0.7288 0.6957 41
0.9376 0.7247 0.6485 25
0.9273 0.8215 0.7496 33
0.9166 0.6867 0.6149 35
0.9518 0.758 0.7173 29
0.9292 0.8196 0.7584 23
0.9569 0.7579 0.7193 26
0.8929 0.7348 0.6513 19
0.9507 0.7205 0.6764 19
0.9343 0.6941 0.6448 10
0.9574 0.7691 0.7314 20
0.9483 0.6793 0.629 15
0.9362 0.7221 0.6752 15
0.9595 0.7482 0.7148 33
0.9189 0.6998 0.6311 32
0.8199 0.6681 0.5329 28
0.8838 0.7372 0.6274 39
0.9159 0.6739 0.605 21
0.9413 0.7186 0.6751 11
0.9258 0.7354 0.6688 36
0.9467 0.7 0.6595 21
0.9618 0.7166 0.6742 41
0.9592 0.6849 0.6509 21
0.9347 0.6731 0.6244 31
0.8965 0.6977 0.6237 11
0.9304 0.781 0.7264 8
0.8309 0.6516 0.5373 16
0.9573 0.7564 0.714 20
0.9562 0.674 0.6343 37
0.903 0.688 0.5987 58
0.9373 0.7096 0.6589 30
0.9671 0.7307 0.7017 44
0.9699 0.8018 0.7599 33
0.9576 0.6866 0.6541 21
0.8775 0.7252 0.6344 15
0.891 0.7383 0.649 32
0.9121 0.692 0.6053 29
0.8531 0.6833 0.5819 10
0.8597 0.6725 0.5776 14
0.9523 0.7689 0.7304 22
0.8917 0.698 0.6203 18
0.9359 0.7163 0.6654 25
0.871 0.7642 0.6622 21
0.9558 0.7712 0.7347 25
0.8961 0.738 0.6541 17
0.918 0.6534 0.5721 36
0.9631 0.6645 0.6361 28
0.9582 0.8379 0.7974 24
0.9088 0.7132 0.6467 10
0.9502 0.6888 0.6481 32
0.8739 0.6515 0.5556 31
0.8715 0.6481 0.5595 18
0.9356 0.7436 0.6906 23
0.8988 0.7321 0.632 26
0.8453 0.698 0.5871 20
0.8138 0.6542 0.5278 13
0.9269 0.7332 0.6746 18
0.8837 0.6717 0.5899 15
0.9451 0.728 0.6755 22
0.8648 0.6501 0.5602 14
0.9164 0.6744 0.6118 23
0.8814 0.6867 0.5983 22
0.847 0.6329 0.5281 16
0.9078 0.7068 0.6286 35
0.9158 0.779 0.7114 13
0.9134 0.7453 0.6775 15
0.8915 0.7035 0.6195 13
0.9403 0.729 0.6828 19
0.8927 0.7249 0.6402 16
0.8998 0.7395 0.6644 9
0.9373 0.7651 0.7056 22
0.8827 0.6762 0.5821 17
0.8865 0.7442 0.6594 10
0.9425 0.7035 0.6622 10
0.8405 0.6623 0.5548 10
0.959 0.688 0.6522 30
0.7542 0.6816 0.5068 9
0.9674 0.7628 0.7306 24
0.8999 0.6879 0.6162 12
0.9412 0.6606 0.6126 19
0.9468 0.7531 0.7052 18
0.8749 0.7239 0.6324 12
0.8927 0.7025 0.6096 23
0.8828 0.693 0.6077 14
0.9678 0.7598 0.7255 36
0.9277 0.7055 0.6477 16
0.9465 0.8108 0.7609 22
0.9309 0.7007 0.6413 20
0.8065 0.6935 0.5588 20
0.9382 0.7233 0.6775 16
0.9585 0.7343 0.6925 22
0.9032 0.7059 0.6366 7
0.8901 0.7834 0.6963 14
0.9075 0.711 0.6441 16
0.9399 0.6929 0.6314 22
0.9478 0.7802 0.7336 18
0.869 0.7576 0.6533 28
0.9592 0.6968 0.6662 20
0.867 0.7337 0.6321 11
0.8602 0.6167 0.5284 11
0.9497 0.6954 0.6523 23
0.8714 0.7393 0.6435 13
0.9258 0.758 0.6972 19
0.8337 0.7403 0.6124 18
0.8975 0.7034 0.6274 16
0.9549 0.7793 0.7356 28
0.9534 0.7278 0.6878 33
0.9336 0.7186 0.6671 15
0.8962 0.7288 0.6479 21
0.8845 0.7585 0.6601 18
0.9278 0.722 0.6668 13
0.9005 0.7147 0.6357 23