0.9437
0.975
0.9174
0.934
0.9479
0.9602
0.9631
0.9757
0.9364
0.9527
0.9432
0.9493
0.9773
0.9632
0.9659
0.9618
0.9806
0.9116
0.9562
0.9359
0.961
0.9596
0.9601
0.9531
0.9623
0.9654
0.9683
0.9627
0.9619
0.9735
0.9615
0.9543
0.9731
0.9578
0.9698
0.9551
0.9723
0.9511
0.9573
0.9582
0.962
0.9717
0.9569
0.9693
0.965
0.9673
0.9635
0.9613
0.9649
0.9648
0.9587
0.9567
0.9715
0.9673
0.9637
0.9607
0.9502
0.9478
0.9688
0.9583
0.9553
0.9623
0.9583
0.9699
0.9612
0.9638
0.9619
0.9629
0.9652
0.9609
0.9551
0.9663
0.9712
0.9665
0.9697
0.961
0.9532
0.9499
0.9701
0.9647
0.9638
0.9622
0.9531
0.9683
0.9644
0.9626
0.9599
0.9537
0.9663
0.9591
0.9563
0.9598
0.9638
0.9689
0.9566
0.9623
0.9634
0.9451
0.9622
0.9615
0.9597
0.9665
0.9608
0.975
0.9648
0.9605
0.963
0.9468
0.9595
0.9607
0.9653
0.9621
0.9627
0.9665
0.9618
0.9628
0.9601
0.9563
0.9566
0.9633
0.9593
0.9584
0.9603
0.9663
0.9577
0.963
0.957
0.9543
0.9588
0.9559
0.9549
0.9644
0.9646
0.9606
0.9603
0.9596
0.9615
0.9534
0.9594
0.9625
0.9498
0.9471
0.9563
0.9449
0.9551
0.9494
0.9517
0.9531
0.9418
0.9562
0.952
0.951
0.9522
0.9494
0.9548
0.948
0.9475
0.959
0.9539
0.9536
0.9497
0.9571
0.9506
0.9469
0.9564
0.9494
0.9551
0.9418
0.9355
0.9517
0.9526
0.9454
0.9474
0.9556
0.949
0.9528
0.9515
0.9557
0.951
0.952
0.9517
0.951
0.9467
0.9499
0.9497
0.9507
0.9511
0.9451
0.9488
0.9531
0.9511
0.9517
0.9464
0.9469
0.9452
0.9514
0.9505
0.9423
0.9545
0.9535
0.95
0.9534
0.9451
0.9491
0.9519
0.9497
0.9502
0.9469
0.9449
0.9484
0.9509
0.9487
0.9446
0.9455
0.9515
0.9483
0.9496
0.9489
0.9447
0.9485
0.9483
0.946
0.9436
0.9467
0.9469
0.94
0.9494
0.9478
0.949
0.9471
0.9516
0.9483
0.9524
0.9461
0.9478
0.9539
0.9495
0.949
0.9438
0.9417
0.9453
0.9483
0.9471
0.9485
0.9507
0.9428
0.948
0.9384
0.9431
0.9507
0.9467
0.9428
0.947
0.944
0.9456
0.9472
0.9466
0.9411
0.9492
0.9466
0.9487
0.9402
0.9473
0.9503
0.9435
0.9423
0.9452
0.9465
0.944
0.9496
0.9407
0.9416
0.9509
0.9436
0.9491
0.9443
0.9508
0.9396
0.9441
0.9493
0.943
0.9435
0.941
0.9445
0.9459
0.9439
0.9466
0.9396
0.9493
0.9495
0.9421
0.951
0.9477
0.9437
0.9447
0.9406
0.9485
0.9407
0.9472
0.9461