0.9474
0.975
0.9264
0.9394
0.9514
0.9545
0.922
0.981
0.9425
0.9553
0.9383
0.9534
0.9761
0.9668
0.9698
0.9705
0.9763
0.9139
0.9559
0.9605
0.9643
0.9613
0.9621
0.9566
0.9633
0.9737
0.9727
0.9647
0.967
0.9712
0.9636
0.9602
0.9723
0.9654
0.9768
0.9674
0.9734
0.9514
0.9636
0.9606
0.9642
0.9728
0.9604
0.9719
0.9681
0.9632
0.9685
0.9639
0.9613
0.9607
0.9618
0.962
0.9731
0.9664
0.9629
0.9676
0.9379
0.953
0.9707
0.9688
0.9581
0.9627
0.9655
0.9634
0.9693
0.9655
0.9682
0.9628
0.9644
0.9387
0.9534
0.9647
0.9728
0.955
0.9695
0.9652
0.9611
0.9209
0.9691
0.9692
0.9662
0.966
0.9603
0.9741
0.9628
0.9646
0.9635
0.9514
0.9651
0.9651
0.9615
0.9604
0.9666
0.967
0.9632
0.9584
0.9619
0.9602
0.9649
0.9687
0.9657
0.9689
0.959
0.9736
0.9605
0.9641
0.9558
0.954
0.9591
0.9566
0.9695
0.9589
0.9584
0.9737
0.9674
0.963
0.9658
0.9575
0.9617
0.9696
0.966
0.9576
0.9637
0.9608
0.9539
0.9603
0.963
0.9526
0.9567
0.9598
0.96
0.96
0.9534
0.9686
0.9625
0.9604
0.9619
0.9588
0.9605
0.9615
0.9493
0.9601
0.956
0.9437
0.955
0.9418
0.9581
0.9491
0.9468
0.9478
0.9537
0.9608
0.9405
0.9546
0.955
0.9569
0.9605
0.9587
0.9511
0.9502
0.9399
0.9598
0.9535
0.9477
0.9524
0.9492
0.9482
0.949
0.9363
0.9504
0.9545
0.9499
0.9393
0.9568
0.9498
0.9565
0.9544
0.9505
0.9566
0.9543
0.9534
0.9492
0.9498
0.9151
0.9475
0.9464
0.9479
0.9451
0.9437
0.9463
0.9505
0.9505
0.9328
0.9517
0.9466
0.9537
0.9522
0.9459
0.9174
0.9456
0.9492
0.9504
0.9453
0.955
0.9438
0.9447
0.9551
0.9492
0.9468
0.948
0.9438
0.9538
0.9533
0.9531
0.9556
0.9525
0.9515
0.9183
0.9142
0.9458
0.947
0.9371
0.9454
0.9415
0.956
0
0.9438
0.9458
0.9146
0.9487
0.9493
0.9487
0.9479
0.9514
0.9436
0.9092
0.9415
0.9492
0.9478
0.9352
0.9472
0.9431
0.9409
0.9495
0.9455
0.928
0.9442
0.9315
0.9426
0.9519
0.9516
0.9482
0.9586
0.9504
0.9421
0.9143
0.9102
0.9254
0.9224
0.9498
0.9145
0.9432
0.9429
0.9539
0.9448
0.9348
0.9511
0.9435
0.9485
0.9474
0
0.9114
0.9545
0.9485
0.9435
0.9127
0.9389
0.9123
0.9468
0.9487
0.9473
0.9441
0.9478
0.9463
0.9396
0.9359
0.9452
0.913
0.9507
0.9535
0.9279
0.9439
0.9478
0.9443
0.9454
0.9039
0.9572
0.9429
0.9478
0.911