0.9627 +- -1.00 (1)
0.9828 +- -1.00 (1)
0.9552 +- -1.00 (1)
0.9709 +- -1.00 (1)
0.9623 +- -1.00 (1)
0.9723 +- -1.00 (1)
0.9832 +- -1.00 (1)
0.9882 +- -1.00 (1)
0.9562 +- -1.00 (1)
0.9603 +- -1.00 (1)
0.9506 +- -1.00 (1)
0.9622 +- -1.00 (1)
0.9858 +- -1.00 (1)
0.9775 +- -1.00 (1)
0.9743 +- -1.00 (1)
0.9790 +- -1.00 (1)
0.9849 +- -1.00 (1)
0.9604 +- -1.00 (1)
0.9819 +- -1.00 (1)
0.9698 +- -1.00 (1)
0.9732 +- -1.00 (1)
0.9799 +- -1.00 (1)
0.9724 +- -1.00 (1)
0.9892 +- -1.00 (1)
0.9796 +- -1.00 (1)
0.9819 +- -1.00 (1)
0.9841 +- -1.00 (1)
0.9841 +- -1.00 (1)
0.9772 +- -1.00 (1)
0.9851 +- -1.00 (1)
0.9702 +- -1.00 (1)
0.9767 +- -1.00 (1)
0.9829 +- -1.00 (1)
0.9688 +- -1.00 (1)
0.9789 +- -1.00 (1)
0.9806 +- -1.00 (1)
0.9861 +- -1.00 (1)
0.9716 +- -1.00 (1)
0.9798 +- -1.00 (1)
0.9823 +- -1.00 (1)
0.9794 +- -1.00 (1)
0.9837 +- -1.00 (1)
0.9834 +- -1.00 (1)
0.9887 +- -1.00 (1)
0.9760 +- -1.00 (1)
0.9849 +- -1.00 (1)
0.9858 +- -1.00 (1)
0.9835 +- -1.00 (1)
0.9804 +- -1.00 (1)
0.9824 +- -1.00 (1)
0.9799 +- -1.00 (1)
0.9832 +- -1.00 (1)
0.9870 +- -1.00 (1)
0.9810 +- -1.00 (1)
0.9821 +- -1.00 (1)
0.9862 +- -1.00 (1)
0.9769 +- -1.00 (1)
0.9788 +- -1.00 (1)
0.9862 +- -1.00 (1)
0.9814 +- -1.00 (1)
0.9843 +- -1.00 (1)
0.9838 +- -1.00 (1)
0.9843 +- -1.00 (1)
0.9837 +- -1.00 (1)
0.9797 +- -1.00 (1)
0.9780 +- -1.00 (1)
0.9838 +- -1.00 (1)
0.9814 +- -1.00 (1)
0.9807 +- -1.00 (1)
0.9818 +- -1.00 (1)
0.9836 +- -1.00 (1)
0.9777 +- -1.00 (1)
0.9886 +- -1.00 (1)
0.9796 +- -1.00 (1)
0.9830 +- -1.00 (1)
0.9832 +- -1.00 (1)
0.9801 +- -1.00 (1)
0.9755 +- -1.00 (1)
0.9897 +- -1.00 (1)
0.9822 +- -1.00 (1)
0.9839 +- -1.00 (1)
0.9840 +- -1.00 (1)
0.9789 +- -1.00 (1)
0.9858 +- -1.00 (1)
0.9831 +- -1.00 (1)
0.9841 +- -1.00 (1)
0.9832 +- -1.00 (1)
0.9786 +- -1.00 (1)
0.9788 +- -1.00 (1)
0.9827 +- -1.00 (1)
0.9849 +- -1.00 (1)
0.9798 +- -1.00 (1)
0.9837 +- -1.00 (1)
0.9878 +- -1.00 (1)
0.9872 +- -1.00 (1)
0.9890 +- -1.00 (1)
0.9823 +- -1.00 (1)
0.9760 +- -1.00 (1)
0.9862 +- -1.00 (1)
0.9849 +- -1.00 (1)
0.9843 +- -1.00 (1)
0.9880 +- -1.00 (1)
0.9820 +- -1.00 (1)
0.9869 +- -1.00 (1)
0.9898 +- -1.00 (1)
0.9792 +- -1.00 (1)
0.9863 +- -1.00 (1)
0.9846 +- -1.00 (1)
0.9818 +- -1.00 (1)
0.9859 +- -1.00 (1)
0.9837 +- -1.00 (1)
0.9830 +- -1.00 (1)
0.9885 +- -1.00 (1)
0.9887 +- -1.00 (1)
0.9892 +- -1.00 (1)
0.9815 +- -1.00 (1)
0.9804 +- -1.00 (1)
0.9708 +- -1.00 (1)
0.9817 +- -1.00 (1)
0.9831 +- -1.00 (1)
0.9869 +- -1.00 (1)
0.9820 +- -1.00 (1)
0.9801 +- -1.00 (1)
0.9857 +- -1.00 (1)
0.9832 +- -1.00 (1)
0.9802 +- -1.00 (1)
0.9811 +- -1.00 (1)
0.9834 +- -1.00 (1)
0.9824 +- -1.00 (1)
0.9856 +- -1.00 (1)
0.9804 +- -1.00 (1)
0.9845 +- -1.00 (1)
0.9817 +- -1.00 (1)
0.9807 +- -1.00 (1)
0.9870 +- -1.00 (1)
0.9819 +- -1.00 (1)
0.9819 +- -1.00 (1)
0.9757 +- -1.00 (1)
0.9814 +- -1.00 (1)
0.9801 +- -1.00 (1)
0.9804 +- -1.00 (1)
0.9791 +- -1.00 (1)
0.9692 +- -1.00 (1)
0.9732 +- -1.00 (1)
0.9718 +- -1.00 (1)
0.9755 +- -1.00 (1)
0.9751 +- -1.00 (1)
0.9735 +- -1.00 (1)
0.9681 +- -1.00 (1)
0.9799 +- -1.00 (1)
0.9813 +- -1.00 (1)
0.9721 +- -1.00 (1)
0.9747 +- -1.00 (1)
0.9749 +- -1.00 (1)
0.9747 +- -1.00 (1)
0.9744 +- -1.00 (1)
0.9744 +- -1.00 (1)
0.9782 +- -1.00 (1)
0.9758 +- -1.00 (1)
0.9778 +- -1.00 (1)
0.9751 +- -1.00 (1)
0.9739 +- -1.00 (1)
0.9736 +- -1.00 (1)
0.9732 +- -1.00 (1)
0.9795 +- -1.00 (1)
0.9762 +- -1.00 (1)
0.9768 +- -1.00 (1)
0.9716 +- -1.00 (1)
0.9662 +- -1.00 (1)
0.9716 +- -1.00 (1)
0.9763 +- -1.00 (1)
0.9719 +- -1.00 (1)
0.9702 +- -1.00 (1)
0.9710 +- -1.00 (1)
0.9746 +- -1.00 (1)
0.9765 +- -1.00 (1)
0.9766 +- -1.00 (1)
0.9751 +- -1.00 (1)
0.9785 +- -1.00 (1)
0.9748 +- -1.00 (1)
0.9737 +- -1.00 (1)
0.9754 +- -1.00 (1)
0.9714 +- -1.00 (1)
0.9744 +- -1.00 (1)
0.9745 +- -1.00 (1)
0.9722 +- -1.00 (1)
0.9751 +- -1.00 (1)
0.9751 +- -1.00 (1)
0.9736 +- -1.00 (1)
0.9766 +- -1.00 (1)
0.9779 +- -1.00 (1)
0.9754 +- -1.00 (1)
0.9701 +- -1.00 (1)
0.9679 +- -1.00 (1)
0.9775 +- -1.00 (1)
0.9762 +- -1.00 (1)
0.9718 +- -1.00 (1)
0.9745 +- -1.00 (1)
0.9813 +- -1.00 (1)
0.9737 +- -1.00 (1)
0.9753 +- -1.00 (1)
0.9739 +- -1.00 (1)
0.9701 +- -1.00 (1)
0.9711 +- -1.00 (1)
0.9731 +- -1.00 (1)
0.9720 +- -1.00 (1)
0.9759 +- -1.00 (1)
0.9782 +- -1.00 (1)
0.9716 +- -1.00 (1)
0.9810 +- -1.00 (1)
0.9779 +- -1.00 (1)
0.9676 +- -1.00 (1)
0.9690 +- -1.00 (1)
0.9689 +- -1.00 (1)
0.9722 +- -1.00 (1)
0.9697 +- -1.00 (1)
0.9759 +- -1.00 (1)
0.9713 +- -1.00 (1)
0.9729 +- -1.00 (1)
0.9715 +- -1.00 (1)
0.9736 +- -1.00 (1)
0.9724 +- -1.00 (1)
0.9778 +- -1.00 (1)
0.9760 +- -1.00 (1)
0.9727 +- -1.00 (1)
0.9659 +- -1.00 (1)
0.9630 +- -1.00 (1)
0.9683 +- -1.00 (1)
0.9760 +- -1.00 (1)
0.9741 +- -1.00 (1)
0.9740 +- -1.00 (1)
0.9727 +- -1.00 (1)
0.9665 +- -1.00 (1)
0.9699 +- -1.00 (1)
0.9742 +- -1.00 (1)
0.9726 +- -1.00 (1)
0.9714 +- -1.00 (1)
0.9706 +- -1.00 (1)
0.9692 +- -1.00 (1)
0.9724 +- -1.00 (1)
0.9716 +- -1.00 (1)
0.9715 +- -1.00 (1)
0.9699 +- -1.00 (1)
0.9710 +- -1.00 (1)
0.9673 +- -1.00 (1)
0.9670 +- -1.00 (1)
0.9683 +- -1.00 (1)
0.9684 +- -1.00 (1)
0.9684 +- -1.00 (1)
0.9758 +- -1.00 (1)
0.9763 +- -1.00 (1)
0.9717 +- -1.00 (1)
0.9705 +- -1.00 (1)
0.9699 +- -1.00 (1)
0.9729 +- -1.00 (1)
0.9686 +- -1.00 (1)
0.9721 +- -1.00 (1)
0.9732 +- -1.00 (1)
0.9736 +- -1.00 (1)
0.9674 +- -1.00 (1)
0.9718 +- -1.00 (1)
0.9631 +- -1.00 (1)
0.9694 +- -1.00 (1)
0.9722 +- -1.00 (1)
0.9690 +- -1.00 (1)
0.9649 +- -1.00 (1)
0.9705 +- -1.00 (1)
0.9616 +- -1.00 (1)
0.9694 +- -1.00 (1)
0.9741 +- -1.00 (1)
0.9681 +- -1.00 (1)
0.9729 +- -1.00 (1)
0.9774 +- -1.00 (1)
0.9701 +- -1.00 (1)
0.9702 +- -1.00 (1)
0.9691 +- -1.00 (1)
0.9693 +- -1.00 (1)
0.9702 +- -1.00 (1)
0.9688 +- -1.00 (1)
0.9696 +- -1.00 (1)
0.9738 +- -1.00 (1)
0.9634 +- -1.00 (1)
0.9740 +- -1.00 (1)
0.9683 +- -1.00 (1)
0.9625 +- -1.00 (1)
0.9723 +- -1.00 (1)
0.9694 +- -1.00 (1)
0.9708 +- -1.00 (1)
0.9708 +- -1.00 (1)
0.9726 +- -1.00 (1)
0.9629 +- -1.00 (1)
0.9680 +- -1.00 (1)
0.9656 +- -1.00 (1)
0.9753 +- -1.00 (1)
0.9674 +- -1.00 (1)
0.9649 +- -1.00 (1)
0.9729 +- -1.00 (1)
0.9712 +- -1.00 (1)
0.9642 +- -1.00 (1)
0.9727 +- -1.00 (1)
0.9627 +- -1.00 (1)
0.9813 +- -1.00 (1)
0.9583 +- -1.00 (1)
0.9708 +- -1.00 (1)
0.9667 +- -1.00 (1)
0.9719 +- -1.00 (1)
0.9815 +- -1.00 (1)
0.9882 +- -1.00 (1)
0.9506 +- -1.00 (1)
0.9609 +- -1.00 (1)
0.9534 +- -1.00 (1)
0.9622 +- -1.00 (1)
0.9870 +- -1.00 (1)
0.9787 +- -1.00 (1)
0.9780 +- -1.00 (1)
0.9778 +- -1.00 (1)
0.9849 +- -1.00 (1)
0.9604 +- -1.00 (1)
0.9793 +- -1.00 (1)
0.9655 +- -1.00 (1)
0.9716 +- -1.00 (1)
0.9777 +- -1.00 (1)
0.9731 +- -1.00 (1)
0.9874 +- -1.00 (1)
0.9774 +- -1.00 (1)
0.9855 +- -1.00 (1)
0.9795 +- -1.00 (1)
0.9803 +- -1.00 (1)
0.9807 +- -1.00 (1)
0.9851 +- -1.00 (1)
0.9685 +- -1.00 (1)
0.9725 +- -1.00 (1)
0.9842 +- -1.00 (1)
0.9694 +- -1.00 (1)
0.9812 +- -1.00 (1)
0.9806 +- -1.00 (1)
0.9865 +- -1.00 (1)
0.9716 +- -1.00 (1)
0.9801 +- -1.00 (1)
0.9812 +- -1.00 (1)
0.9790 +- -1.00 (1)
0.9840 +- -1.00 (1)
0.9893 +- -1.00 (1)
0.9861 +- -1.00 (1)
0.9753 +- -1.00 (1)
0.9829 +- -1.00 (1)
0.9836 +- -1.00 (1)
0.9835 +- -1.00 (1)
0.9786 +- -1.00 (1)
0.9847 +- -1.00 (1)
0.9827 +- -1.00 (1)
0.9809 +- -1.00 (1)
0.9870 +- -1.00 (1)
0.9807 +- -1.00 (1)
0.9831 +- -1.00 (1)
0.9862 +- -1.00 (1)
0.9779 +- -1.00 (1)
0.9734 +- -1.00 (1)
0.9853 +- -1.00 (1)
0.9821 +- -1.00 (1)
0.9817 +- -1.00 (1)
0.9821 +- -1.00 (1)
0.9781 +- -1.00 (1)
0.9841 +- -1.00 (1)
0.9776 +- -1.00 (1)
0.9793 +- -1.00 (1)
0.9832 +- -1.00 (1)
0.9802 +- -1.00 (1)
0.9846 +- -1.00 (1)
0.9821 +- -1.00 (1)
0.9836 +- -1.00 (1)
0.9838 +- -1.00 (1)
0.9816 +- -1.00 (1)
0.9762 +- -1.00 (1)
0.9856 +- -1.00 (1)
0.9842 +- -1.00 (1)
0.9817 +- -1.00 (1)
0.9760 +- -1.00 (1)
0.9896 +- -1.00 (1)
0.9811 +- -1.00 (1)
0.9851 +- -1.00 (1)
0.9854 +- -1.00 (1)
0.9800 +- -1.00 (1)
0.9867 +- -1.00 (1)
0.9836 +- -1.00 (1)
0.9833 +- -1.00 (1)
0.9827 +- -1.00 (1)
0.9764 +- -1.00 (1)
0.9791 +- -1.00 (1)
0.9819 +- -1.00 (1)
0.9799 +- -1.00 (1)
0.9808 +- -1.00 (1)
0.9854 +- -1.00 (1)
0.9878 +- -1.00 (1)
0.9889 +- -1.00 (1)
0.9855 +- -1.00 (1)
0.9823 +- -1.00 (1)
0.9724 +- -1.00 (1)
0.9880 +- -1.00 (1)
0.9849 +- -1.00 (1)
0.9850 +- -1.00 (1)
0.9880 +- -1.00 (1)
0.9808 +- -1.00 (1)
0.9847 +- -1.00 (1)
0.9878 +- -1.00 (1)
0.9849 +- -1.00 (1)
0.9867 +- -1.00 (1)
0.9808 +- -1.00 (1)
0.9777 +- -1.00 (1)
0.9817 +- -1.00 (1)
0.9841 +- -1.00 (1)
0.9807 +- -1.00 (1)
0.9871 +- -1.00 (1)
0.9845 +- -1.00 (1)
0.9863 +- -1.00 (1)
0.9807 +- -1.00 (1)
0.9808 +- -1.00 (1)
0.9749 +- -1.00 (1)
0.9841 +- -1.00 (1)
0.9840 +- -1.00 (1)
0.9845 +- -1.00 (1)
0.9808 +- -1.00 (1)
0.9767 +- -1.00 (1)
0.9838 +- -1.00 (1)
0.9790 +- -1.00 (1)
0.9811 +- -1.00 (1)
0.9801 +- -1.00 (1)
0.9804 +- -1.00 (1)
0.9835 +- -1.00 (1)
0.9850 +- -1.00 (1)
0.9803 +- -1.00 (1)
0.9826 +- -1.00 (1)
0.9830 +- -1.00 (1)
0.9804 +- -1.00 (1)
0.9825 +- -1.00 (1)
0.9807 +- -1.00 (1)
0.9839 +- -1.00 (1)
0.9762 +- -1.00 (1)
0.9814 +- -1.00 (1)
0.9795 +- -1.00 (1)
0.9808 +- -1.00 (1)
0.9752 +- -1.00 (1)
0.9713 +- -1.00 (1)
0.9751 +- -1.00 (1)
0.9751 +- -1.00 (1)
0.9751 +- -1.00 (1)
0.9739 +- -1.00 (1)
0.9758 +- -1.00 (1)
0.9643 +- -1.00 (1)
0.9808 +- -1.00 (1)
0.9800 +- -1.00 (1)
0.9733 +- -1.00 (1)
0.9767 +- -1.00 (1)
0.9721 +- -1.00 (1)
0.9825 +- -1.00 (1)
0.9749 +- -1.00 (1)
0.9729 +- -1.00 (1)
0.9774 +- -1.00 (1)
0.9738 +- -1.00 (1)
0.9780 +- -1.00 (1)
0.9732 +- -1.00 (1)
0.9711 +- -1.00 (1)
0.9764 +- -1.00 (1)
0.9706 +- -1.00 (1)
0.9724 +- -1.00 (1)
0.9693 +- -1.00 (1)
0.9777 +- -1.00 (1)
0.9749 +- -1.00 (1)
0.9690 +- -1.00 (1)
0.9727 +- -1.00 (1)
0.9735 +- -1.00 (1)
0.9713 +- -1.00 (1)
0.9673 +- -1.00 (1)
0.9709 +- -1.00 (1)
0.9726 +- -1.00 (1)
0.9729 +- -1.00 (1)
0.9748 +- -1.00 (1)
0.9739 +- -1.00 (1)
0.9783 +- -1.00 (1)
0.9749 +- -1.00 (1)
0.9690 +- -1.00 (1)
0.9742 +- -1.00 (1)
0.9695 +- -1.00 (1)
0.9736 +- -1.00 (1)
0.9751 +- -1.00 (1)
0.9707 +- -1.00 (1)
0.9739 +- -1.00 (1)
0.9748 +- -1.00 (1)
0.9727 +- -1.00 (1)
0.9702 +- -1.00 (1)
0.9736 +- -1.00 (1)
0.9760 +- -1.00 (1)
0.9733 +- -1.00 (1)
0.9736 +- -1.00 (1)
0.9707 +- -1.00 (1)
0.9743 +- -1.00 (1)
0.9747 +- -1.00 (1)
0.9768 +- -1.00 (1)
0.9747 +- -1.00 (1)
0.9706 +- -1.00 (1)
0.9740 +- -1.00 (1)
0.9716 +- -1.00 (1)
0.9720 +- -1.00 (1)
0.9733 +- -1.00 (1)
0.9718 +- -1.00 (1)
0.9668 +- -1.00 (1)
0.9769 +- -1.00 (1)
0.9703 +- -1.00 (1)
0.9736 +- -1.00 (1)
0.9779 +- -1.00 (1)
0.9733 +- -1.00 (1)
0.9682 +- -1.00 (1)
0.9663 +- -1.00 (1)
0.9715 +- -1.00 (1)
0.9696 +- -1.00 (1)
0.9710 +- -1.00 (1)
0.9709 +- -1.00 (1)
0.9745 +- -1.00 (1)
0.9760 +- -1.00 (1)
0.9715 +- -1.00 (1)
0.9725 +- -1.00 (1)
0.9717 +- -1.00 (1)
0.9708 +- -1.00 (1)
0.9732 +- -1.00 (1)
0.9750 +- -1.00 (1)
0.9665 +- -1.00 (1)
0.9692 +- -1.00 (1)
0.9744 +- -1.00 (1)
0.9716 +- -1.00 (1)
0.9739 +- -1.00 (1)
0.9720 +- -1.00 (1)
0.9714 +- -1.00 (1)
0.9700 +- -1.00 (1)
0.9721 +- -1.00 (1)
0.9694 +- -1.00 (1)
0.9685 +- -1.00 (1)
0.9717 +- -1.00 (1)
0.9717 +- -1.00 (1)
0.9668 +- -1.00 (1)
0.9728 +- -1.00 (1)
0.9711 +- -1.00 (1)
0.9679 +- -1.00 (1)
0.9674 +- -1.00 (1)
0.9680 +- -1.00 (1)
0.9740 +- -1.00 (1)
0.9675 +- -1.00 (1)
0.9731 +- -1.00 (1)
0.9653 +- -1.00 (1)
0.9717 +- -1.00 (1)
0.9757 +- -1.00 (1)
0.9753 +- -1.00 (1)
0.9746 +- -1.00 (1)
0.9779 +- -1.00 (1)
0.9741 +- -1.00 (1)
0.9713 +- -1.00 (1)
0.9682 +- -1.00 (1)
0.9697 +- -1.00 (1)
0.9685 +- -1.00 (1)
0.9779 +- -1.00 (1)
0.9698 +- -1.00 (1)
0.9717 +- -1.00 (1)
0.9643 +- -1.00 (1)
0.9709 +- -1.00 (1)
0.9742 +- -1.00 (1)
0.9700 +- -1.00 (1)
0.9687 +- -1.00 (1)
0.9699 +- -1.00 (1)
0.9695 +- -1.00 (1)
0.9632 +- -1.00 (1)
0.9704 +- -1.00 (1)
0.9670 +- -1.00 (1)
0.9670 +- -1.00 (1)
0.9701 +- -1.00 (1)
0.9714 +- -1.00 (1)
0.9726 +- -1.00 (1)
0.9690 +- -1.00 (1)
0.9749 +- -1.00 (1)
0.9689 +- -1.00 (1)
0.9712 +- -1.00 (1)
0.9770 +- -1.00 (1)
0.9737 +- -1.00 (1)
0.9658 +- -1.00 (1)
0.9629 +- -1.00 (1)
0.9664 +- -1.00 (1)
0.9665 +- -1.00 (1)
0.9659 +- -1.00 (1)
0.9665 +- -1.00 (1)
0.9670 +- -1.00 (1)
0.9693 +- -1.00 (1)
0.9721 +- -1.00 (1)
0.9686 +- -1.00 (1)
0.9703 +- -1.00 (1)
0.9731 +- -1.00 (1)
0.9713 +- -1.00 (1)
0.9674 +- -1.00 (1)
0.9680 +- -1.00 (1)
0.9690 +- -1.00 (1)
0.9639 +- -1.00 (1)
0.9699 +- -1.00 (1)
0.9689 +- -1.00 (1)
0.9627 +- -1.00 (1)
0.9846 +- -1.00 (1)
0.9583 +- -1.00 (1)
0.9679 +- -1.00 (1)
0.9666 +- -1.00 (1)
0.9711 +- -1.00 (1)
0.9800 +- -1.00 (1)
0.9882 +- -1.00 (1)
0.9516 +- -1.00 (1)
0.9629 +- -1.00 (1)
0.9509 +- -1.00 (1)
0.9602 +- -1.00 (1)
0.9837 +- -1.00 (1)
0.9775 +- -1.00 (1)
0.9750 +- -1.00 (1)
0.9778 +- -1.00 (1)
0.9862 +- -1.00 (1)
0.9520 +- -1.00 (1)
0.9831 +- -1.00 (1)
0.9673 +- -1.00 (1)
0.9715 +- -1.00 (1)
0.9752 +- -1.00 (1)
0.9721 +- -1.00 (1)
0.9892 +- -1.00 (1)
0.9810 +- -1.00 (1)
0.9868 +- -1.00 (1)
0.9801 +- -1.00 (1)
0.9841 +- -1.00 (1)
0.9772 +- -1.00 (1)
0.9853 +- -1.00 (1)
0.9696 +- -1.00 (1)
0.9733 +- -1.00 (1)
0.9807 +- -1.00 (1)
0.9723 +- -1.00 (1)
0.9815 +- -1.00 (1)
0.9829 +- -1.00 (1)
0.9861 +- -1.00 (1)
0.9692 +- -1.00 (1)
0.9809 +- -1.00 (1)
0.9804 +- -1.00 (1)
0.9776 +- -1.00 (1)
0.9837 +- -1.00 (1)
0.9829 +- -1.00 (1)
0.9897 +- -1.00 (1)
0.9752 +- -1.00 (1)
0.9827 +- -1.00 (1)
0.9849 +- -1.00 (1)
0.9809 +- -1.00 (1)
0.9764 +- -1.00 (1)
0.9830 +- -1.00 (1)
0.9818 +- -1.00 (1)
0.9809 +- -1.00 (1)
0.9870 +- -1.00 (1)
0.9795 +- -1.00 (1)
0.9818 +- -1.00 (1)
0.9862 +- -1.00 (1)
0.9779 +- -1.00 (1)
0.9782 +- -1.00 (1)
0.9877 +- -1.00 (1)
0.9801 +- -1.00 (1)
0.9834 +- -1.00 (1)
0.9824 +- -1.00 (1)
0.9798 +- -1.00 (1)
0.9810 +- -1.00 (1)
0.9781 +- -1.00 (1)
0.9775 +- -1.00 (1)
0.9832 +- -1.00 (1)
0.9802 +- -1.00 (1)
0.9792 +- -1.00 (1)
0.9834 +- -1.00 (1)
0.9821 +- -1.00 (1)
0.9777 +- -1.00 (1)
0.9855 +- -1.00 (1)
0.9799 +- -1.00 (1)
0.9828 +- -1.00 (1)
0.9842 +- -1.00 (1)
0.9813 +- -1.00 (1)
0.9754 +- -1.00 (1)
0.9896 +- -1.00 (1)
0.9782 +- -1.00 (1)
0.9826 +- -1.00 (1)
0.9832 +- -1.00 (1)
0.9761 +- -1.00 (1)
0.9867 +- -1.00 (1)
0.9845 +- -1.00 (1)
0.9849 +- -1.00 (1)
0.9830 +- -1.00 (1)
0.9805 +- -1.00 (1)
0.9788 +- -1.00 (1)
0.9832 +- -1.00 (1)
0.9831 +- -1.00 (1)
0.9796 +- -1.00 (1)
0.9865 +- -1.00 (1)
0.9872 +- -1.00 (1)
0.9891 +- -1.00 (1)
0.9810 +- -1.00 (1)
0.9822 +- -1.00 (1)
0.9746 +- -1.00 (1)
0.9874 +- -1.00 (1)
0.9849 +- -1.00 (1)
0.9841 +- -1.00 (1)
0.9869 +- -1.00 (1)
0.9820 +- -1.00 (1)
0.9845 +- -1.00 (1)
0.9899 +- -1.00 (1)
0.9849 +- -1.00 (1)
0.9866 +- -1.00 (1)
0.9799 +- -1.00 (1)
0.9824 +- -1.00 (1)
0.9816 +- -1.00 (1)
0.9834 +- -1.00 (1)
0.9820 +- -1.00 (1)
0.9872 +- -1.00 (1)
0.9835 +- -1.00 (1)
0.9876 +- -1.00 (1)
0.9792 +- -1.00 (1)
0.9827 +- -1.00 (1)
0.9749 +- -1.00 (1)
0.9823 +- -1.00 (1)
0.9850 +- -1.00 (1)
0.9836 +- -1.00 (1)
0.9816 +- -1.00 (1)
0.9786 +- -1.00 (1)
0.9853 +- -1.00 (1)
0.9839 +- -1.00 (1)
0.9792 +- -1.00 (1)
0.9803 +- -1.00 (1)
0.9779 +- -1.00 (1)
0.9815 +- -1.00 (1)
0.9845 +- -1.00 (1)
0.9782 +- -1.00 (1)
0.9834 +- -1.00 (1)
0.9851 +- -1.00 (1)
0.9846 +- -1.00 (1)
0.9837 +- -1.00 (1)
0.9779 +- -1.00 (1)
0.9838 +- -1.00 (1)
0.9767 +- -1.00 (1)
0.9847 +- -1.00 (1)
0.9814 +- -1.00 (1)
0.9804 +- -1.00 (1)
0.9708 +- -1.00 (1)
0.9740 +- -1.00 (1)
0.9719 +- -1.00 (1)
0.9741 +- -1.00 (1)
0.9737 +- -1.00 (1)
0.9740 +- -1.00 (1)
0.9753 +- -1.00 (1)
0.9697 +- -1.00 (1)
0.9788 +- -1.00 (1)
0.9739 +- -1.00 (1)
0.9753 +- -1.00 (1)
0.9703 +- -1.00 (1)
0.9724 +- -1.00 (1)
0.9800 +- -1.00 (1)
0.9722 +- -1.00 (1)
0.9702 +- -1.00 (1)
0.9777 +- -1.00 (1)
0.9732 +- -1.00 (1)
0.9776 +- -1.00 (1)
0.9759 +- -1.00 (1)
0.9688 +- -1.00 (1)
0.9682 +- -1.00 (1)
0.9721 +- -1.00 (1)
0.9780 +- -1.00 (1)
0.9742 +- -1.00 (1)
0.9734 +- -1.00 (1)
0.9737 +- -1.00 (1)
0.9684 +- -1.00 (1)
0.9730 +- -1.00 (1)
0.9766 +- -1.00 (1)
0.9718 +- -1.00 (1)
0.9724 +- -1.00 (1)
0.9742 +- -1.00 (1)
0.9690 +- -1.00 (1)
0.9721 +- -1.00 (1)
0.9737 +- -1.00 (1)
0.9762 +- -1.00 (1)
0.9755 +- -1.00 (1)
0.9698 +- -1.00 (1)
0.9785 +- -1.00 (1)
0.9716 +- -1.00 (1)
0.9689 +- -1.00 (1)
0.9724 +- -1.00 (1)
0.9737 +- -1.00 (1)
0.9715 +- -1.00 (1)
0.9716 +- -1.00 (1)
0.9724 +- -1.00 (1)
0.9705 +- -1.00 (1)
0.9656 +- -1.00 (1)
0.9774 +- -1.00 (1)
0.9795 +- -1.00 (1)
0.9702 +- -1.00 (1)
0.9723 +- -1.00 (1)
0.9680 +- -1.00 (1)
0.9723 +- -1.00 (1)
0.9786 +- -1.00 (1)
0.9715 +- -1.00 (1)
0.9759 +- -1.00 (1)
0.9730 +- -1.00 (1)
0.9718 +- -1.00 (1)
0.9716 +- -1.00 (1)
0.9672 +- -1.00 (1)
0.9700 +- -1.00 (1)
0.9785 +- -1.00 (1)
0.9703 +- -1.00 (1)
0.9752 +- -1.00 (1)
0.9706 +- -1.00 (1)
0.9695 +- -1.00 (1)
0.9669 +- -1.00 (1)
0.9724 +- -1.00 (1)
0.9667 +- -1.00 (1)
0.9723 +- -1.00 (1)
0.9734 +- -1.00 (1)
0.9716 +- -1.00 (1)
0.9627 +- -1.00 (1)
0.9753 +- -1.00 (1)
0.9730 +- -1.00 (1)
0.9728 +- -1.00 (1)
0.9741 +- -1.00 (1)
0.9699 +- -1.00 (1)
0.9696 +- -1.00 (1)
0.9699 +- -1.00 (1)
0.9724 +- -1.00 (1)
0.9696 +- -1.00 (1)
0.9619 +- -1.00 (1)
0.9693 +- -1.00 (1)
0.9692 +- -1.00 (1)
0.9710 +- -1.00 (1)
0.9704 +- -1.00 (1)
0.9708 +- -1.00 (1)
0.9683 +- -1.00 (1)
0.9661 +- -1.00 (1)
0.9723 +- -1.00 (1)
0.9728 +- -1.00 (1)
0.9686 +- -1.00 (1)
0.9713 +- -1.00 (1)
0.9686 +- -1.00 (1)
0.9711 +- -1.00 (1)
0.9684 +- -1.00 (1)
0.9711 +- -1.00 (1)
0.9716 +- -1.00 (1)
0.9675 +- -1.00 (1)
0.9698 +- -1.00 (1)
0.9706 +- -1.00 (1)
0.9687 +- -1.00 (1)
0.9658 +- -1.00 (1)
0.9695 +- -1.00 (1)
0.9635 +- -1.00 (1)
0.9705 +- -1.00 (1)
0.9758 +- -1.00 (1)
0.9718 +- -1.00 (1)
0.9751 +- -1.00 (1)
0.9677 +- -1.00 (1)
0.9698 +- -1.00 (1)
0.9759 +- -1.00 (1)
0.9724 +- -1.00 (1)
0.9738 +- -1.00 (1)
0.9807 +- -1.00 (1)
0.9701 +- -1.00 (1)
0.9691 +- -1.00 (1)
0.9647 +- -1.00 (1)
0.9689 +- -1.00 (1)
0.9703 +- -1.00 (1)
0.9736 +- -1.00 (1)
0.9678 +- -1.00 (1)
0.9655 +- -1.00 (1)
0.9653 +- -1.00 (1)
0.9642 +- -1.00 (1)
0.9713 +- -1.00 (1)
0.9643 +- -1.00 (1)
0.9644 +- -1.00 (1)
0.9720 +- -1.00 (1)
0.9688 +- -1.00 (1)
0.9683 +- -1.00 (1)
0.9653 +- -1.00 (1)
0.9737 +- -1.00 (1)
0.9692 +- -1.00 (1)
0.9709 +- -1.00 (1)
0.9693 +- -1.00 (1)
0.9704 +- -1.00 (1)
0.9646 +- -1.00 (1)
0.9673 +- -1.00 (1)
0.9672 +- -1.00 (1)
0.9698 +- -1.00 (1)
0.9643 +- -1.00 (1)
0.9709 +- -1.00 (1)
0.9606 +- -1.00 (1)
0.9670 +- -1.00 (1)
0.9717 +- -1.00 (1)
0.9693 +- -1.00 (1)
0.9653 +- -1.00 (1)
0.9667 +- -1.00 (1)
0.9703 +- -1.00 (1)
0.9601 +- -1.00 (1)
0.9671 +- -1.00 (1)
0.9724 +- -1.00 (1)
0.9644 +- -1.00 (1)
0.9700 +- -1.00 (1)
0.9726 +- -1.00 (1)
0.9627 +- -1.00 (1)
0.9816 +- -1.00 (1)
0.9596 +- -1.00 (1)
0.9727 +- -1.00 (1)
0.9667 +- -1.00 (1)
0.9723 +- -1.00 (1)
0.9832 +- -1.00 (1)
0.9882 +- -1.00 (1)
0.9506 +- -1.00 (1)
0.9610 +- -1.00 (1)
0.9456 +- -1.00 (1)
0.9645 +- -1.00 (1)
0.9841 +- -1.00 (1)
0.9787 +- -1.00 (1)
0.9743 +- -1.00 (1)
0.9778 +- -1.00 (1)
0.9763 +- -1.00 (1)
0.9604 +- -1.00 (1)
0.9810 +- -1.00 (1)
0.9668 +- -1.00 (1)
0.9715 +- -1.00 (1)
0.9755 +- -1.00 (1)
0.9724 +- -1.00 (1)
0.9892 +- -1.00 (1)
0.9784 +- -1.00 (1)
0.9850 +- -1.00 (1)
0.9847 +- -1.00 (1)
0.9823 +- -1.00 (1)
0.9820 +- -1.00 (1)
0.9839 +- -1.00 (1)
0.9704 +- -1.00 (1)
0.9727 +- -1.00 (1)
0.9757 +- -1.00 (1)
0.9661 +- -1.00 (1)
0.9788 +- -1.00 (1)
0.9809 +- -1.00 (1)
0.9856 +- -1.00 (1)
0.9665 +- -1.00 (1)
0.9803 +- -1.00 (1)
0.9804 +- -1.00 (1)
0.9782 +- -1.00 (1)
0.9857 +- -1.00 (1)
0.9799 +- -1.00 (1)
0.9878 +- -1.00 (1)
0.9752 +- -1.00 (1)
0.9857 +- -1.00 (1)
0.9866 +- -1.00 (1)
0.9854 +- -1.00 (1)
0.9831 +- -1.00 (1)
0.9820 +- -1.00 (1)
0.9803 +- -1.00 (1)
0.9785 +- -1.00 (1)
0.9857 +- -1.00 (1)
0.9807 +- -1.00 (1)
0.9807 +- -1.00 (1)
0.9862 +- -1.00 (1)
0.9766 +- -1.00 (1)
0.9713 +- -1.00 (1)
0.9873 +- -1.00 (1)
0.9816 +- -1.00 (1)
0.9817 +- -1.00 (1)
0.9828 +- -1.00 (1)
0.9816 +- -1.00 (1)
0.9859 +- -1.00 (1)
0.9774 +- -1.00 (1)
0.9823 +- -1.00 (1)
0.9817 +- -1.00 (1)
0.9802 +- -1.00 (1)
0.9807 +- -1.00 (1)
0.9882 +- -1.00 (1)
0.9821 +- -1.00 (1)
0.9838 +- -1.00 (1)
0.9872 +- -1.00 (1)
0.9836 +- -1.00 (1)
0.9865 +- -1.00 (1)
0.9842 +- -1.00 (1)
0.9784 +- -1.00 (1)
0.9728 +- -1.00 (1)
0.9818 +- -1.00 (1)
0.9798 +- -1.00 (1)
0.9826 +- -1.00 (1)
0.9828 +- -1.00 (1)
0.9831 +- -1.00 (1)
0.9866 +- -1.00 (1)
0.9816 +- -1.00 (1)
0.9844 +- -1.00 (1)
0.9821 +- -1.00 (1)
0.9815 +- -1.00 (1)
0.9788 +- -1.00 (1)
0.9830 +- -1.00 (1)
0.9835 +- -1.00 (1)
0.9809 +- -1.00 (1)
0.9885 +- -1.00 (1)
0.9829 +- -1.00 (1)
0.9891 +- -1.00 (1)
0.9827 +- -1.00 (1)
0.9824 +- -1.00 (1)
0.9760 +- -1.00 (1)
0.9860 +- -1.00 (1)
0.9839 +- -1.00 (1)
0.9839 +- -1.00 (1)
0.9869 +- -1.00 (1)
0.9810 +- -1.00 (1)
0.9873 +- -1.00 (1)
0.9877 +- -1.00 (1)
0.9836 +- -1.00 (1)
0.9863 +- -1.00 (1)
0.9803 +- -1.00 (1)
0.9782 +- -1.00 (1)
0.9830 +- -1.00 (1)
0.9819 +- -1.00 (1)
0.9801 +- -1.00 (1)
0.9901 +- -1.00 (1)
0.9825 +- -1.00 (1)
0.9867 +- -1.00 (1)
0.9799 +- -1.00 (1)
0.9825 +- -1.00 (1)
0.9773 +- -1.00 (1)
0.9851 +- -1.00 (1)
0.9844 +- -1.00 (1)
0.9831 +- -1.00 (1)
0.9833 +- -1.00 (1)
0.9784 +- -1.00 (1)
0.9841 +- -1.00 (1)
0.9861 +- -1.00 (1)
0.9782 +- -1.00 (1)
0.9804 +- -1.00 (1)
0.9795 +- -1.00 (1)
0.9833 +- -1.00 (1)
0.9820 +- -1.00 (1)
0.9794 +- -1.00 (1)
0.9854 +- -1.00 (1)
0.9834 +- -1.00 (1)
0.9840 +- -1.00 (1)
0.9839 +- -1.00 (1)
0.9789 +- -1.00 (1)
0.9846 +- -1.00 (1)
0.9761 +- -1.00 (1)
0.9794 +- -1.00 (1)
0.9812 +- -1.00 (1)
0.9801 +- -1.00 (1)
0.9745 +- -1.00 (1)
0.9694 +- -1.00 (1)
0.9773 +- -1.00 (1)
0.9782 +- -1.00 (1)
0.9752 +- -1.00 (1)
0.9736 +- -1.00 (1)
0.9731 +- -1.00 (1)
0.9704 +- -1.00 (1)
0.9789 +- -1.00 (1)
0.9750 +- -1.00 (1)
0.9771 +- -1.00 (1)
0.9769 +- -1.00 (1)
0.9709 +- -1.00 (1)
0.9811 +- -1.00 (1)
0.9748 +- -1.00 (1)
0.9768 +- -1.00 (1)
0.9769 +- -1.00 (1)
0.9752 +- -1.00 (1)
0.9764 +- -1.00 (1)
0.9768 +- -1.00 (1)
0.9730 +- -1.00 (1)
0.9682 +- -1.00 (1)
0.9749 +- -1.00 (1)
0.9779 +- -1.00 (1)
0.9753 +- -1.00 (1)
0.9779 +- -1.00 (1)
0.9754 +- -1.00 (1)
0.9698 +- -1.00 (1)
0.9769 +- -1.00 (1)
0.9785 +- -1.00 (1)
0.9716 +- -1.00 (1)
0.9684 +- -1.00 (1)
0.9758 +- -1.00 (1)
0.9758 +- -1.00 (1)
0.9732 +- -1.00 (1)
0.9730 +- -1.00 (1)
0.9753 +- -1.00 (1)
0.9805 +- -1.00 (1)
0.9729 +- -1.00 (1)
0.9719 +- -1.00 (1)
0.9722 +- -1.00 (1)
0.9687 +- -1.00 (1)
0.9751 +- -1.00 (1)
0.9759 +- -1.00 (1)
0.9708 +- -1.00 (1)
0.9742 +- -1.00 (1)
0.9753 +- -1.00 (1)
0.9717 +- -1.00 (1)
0.9709 +- -1.00 (1)
0.9767 +- -1.00 (1)
0.9754 +- -1.00 (1)
0.9729 +- -1.00 (1)
0.9713 +- -1.00 (1)
0.9752 +- -1.00 (1)
0.9762 +- -1.00 (1)
0.9764 +- -1.00 (1)
0.9778 +- -1.00 (1)
0.9778 +- -1.00 (1)
0.9748 +- -1.00 (1)
0.9716 +- -1.00 (1)
0.9708 +- -1.00 (1)
0.9695 +- -1.00 (1)
0.9749 +- -1.00 (1)
0.9743 +- -1.00 (1)
0.9762 +- -1.00 (1)
0.9773 +- -1.00 (1)
0.9781 +- -1.00 (1)
0.9716 +- -1.00 (1)
0.9780 +- -1.00 (1)
0.9739 +- -1.00 (1)
0.9731 +- -1.00 (1)
0.9717 +- -1.00 (1)
0.9689 +- -1.00 (1)
0.9742 +- -1.00 (1)
0.9754 +- -1.00 (1)
0.9767 +- -1.00 (1)
0.9739 +- -1.00 (1)
0.9704 +- -1.00 (1)
0.9706 +- -1.00 (1)
0.9693 +- -1.00 (1)
0.9717 +- -1.00 (1)
0.9744 +- -1.00 (1)
0.9777 +- -1.00 (1)
0.9754 +- -1.00 (1)
0.9658 +- -1.00 (1)
0.9645 +- -1.00 (1)
0.9703 +- -1.00 (1)
0.9740 +- -1.00 (1)
0.9711 +- -1.00 (1)
0.9772 +- -1.00 (1)
0.9721 +- -1.00 (1)
0.9700 +- -1.00 (1)
0.9696 +- -1.00 (1)
0.9728 +- -1.00 (1)
0.9725 +- -1.00 (1)
0.9707 +- -1.00 (1)
0.9730 +- -1.00 (1)
0.9760 +- -1.00 (1)
0.9745 +- -1.00 (1)
0.9737 +- -1.00 (1)
0.9694 +- -1.00 (1)
0.9665 +- -1.00 (1)
0.9723 +- -1.00 (1)
0.9708 +- -1.00 (1)
0.9682 +- -1.00 (1)
0.9732 +- -1.00 (1)
0.9737 +- -1.00 (1)
0.9643 +- -1.00 (1)
0.9731 +- -1.00 (1)
0.9742 +- -1.00 (1)
0.9744 +- -1.00 (1)
0.9763 +- -1.00 (1)
0.9760 +- -1.00 (1)
0.9726 +- -1.00 (1)
0.9741 +- -1.00 (1)
0.9716 +- -1.00 (1)
0.9723 +- -1.00 (1)
0.9798 +- -1.00 (1)
0.9674 +- -1.00 (1)
0.9707 +- -1.00 (1)
0.9622 +- -1.00 (1)
0.9675 +- -1.00 (1)
0.9697 +- -1.00 (1)
0.9718 +- -1.00 (1)
0.9701 +- -1.00 (1)
0.9723 +- -1.00 (1)
0.9659 +- -1.00 (1)
0.9656 +- -1.00 (1)
0.9741 +- -1.00 (1)
0.9662 +- -1.00 (1)
0.9683 +- -1.00 (1)
0.9686 +- -1.00 (1)
0.9676 +- -1.00 (1)
0.9715 +- -1.00 (1)
0.9714 +- -1.00 (1)
0.9701 +- -1.00 (1)
0.9669 +- -1.00 (1)
0.9711 +- -1.00 (1)
0.9690 +- -1.00 (1)
0.9737 +- -1.00 (1)
0.9624 +- -1.00 (1)
0.9674 +- -1.00 (1)
0.9739 +- -1.00 (1)
0.9720 +- -1.00 (1)
0.9702 +- -1.00 (1)
0.9684 +- -1.00 (1)
0.9614 +- -1.00 (1)
0.9661 +- -1.00 (1)
0.9753 +- -1.00 (1)
0.9705 +- -1.00 (1)
0.9635 +- -1.00 (1)
0.9687 +- -1.00 (1)
0.9716 +- -1.00 (1)
0.9680 +- -1.00 (1)
0.9676 +- -1.00 (1)
0.9713 +- -1.00 (1)
0.9729 +- -1.00 (1)
0.9706 +- -1.00 (1)
0.9690 +- -1.00 (1)
0.9627 +- -1.00 (1)
0.9781 +- -1.00 (1)
0.9596 +- -1.00 (1)
0.9750 +- -1.00 (1)
0.9640 +- -1.00 (1)
0.8077 +- -1.00 (1)
0.9801 +- -1.00 (1)
0.9882 +- -1.00 (1)
0.9559 +- -1.00 (1)
0.9593 +- -1.00 (1)
0.9504 +- -1.00 (1)
0.9440 +- -1.00 (1)
0.9828 +- -1.00 (1)
0.8935 +- -1.00 (1)
0.9752 +- -1.00 (1)
0.9778 +- -1.00 (1)
0.9799 +- -1.00 (1)
0.9520 +- -1.00 (1)
0.9816 +- -1.00 (1)
0.9647 +- -1.00 (1)
0.9726 +- -1.00 (1)
0.9785 +- -1.00 (1)
0.9749 +- -1.00 (1)
0.9874 +- -1.00 (1)
0.9772 +- -1.00 (1)
0.9837 +- -1.00 (1)
0.9826 +- -1.00 (1)
0.9829 +- -1.00 (1)
0.9710 +- -1.00 (1)
0.9841 +- -1.00 (1)
0.9678 +- -1.00 (1)
0.9715 +- -1.00 (1)
0.9834 +- -1.00 (1)
0.9680 +- -1.00 (1)
0.9789 +- -1.00 (1)
0.9803 +- -1.00 (1)
0.9848 +- -1.00 (1)
0.9669 +- -1.00 (1)
0.9774 +- -1.00 (1)
0.9762 +- -1.00 (1)
0.9794 +- -1.00 (1)
0.9857 +- -1.00 (1)
0.9814 +- -1.00 (1)
0.9889 +- -1.00 (1)
0.9752 +- -1.00 (1)
0.9837 +- -1.00 (1)
0.9866 +- -1.00 (1)
0.9835 +- -1.00 (1)
0.9804 +- -1.00 (1)
0.9829 +- -1.00 (1)
0.9812 +- -1.00 (1)
0.9785 +- -1.00 (1)
0.9854 +- -1.00 (1)
0.9796 +- -1.00 (1)
0.9818 +- -1.00 (1)
0.9862 +- -1.00 (1)
0.9766 +- -1.00 (1)
0.9780 +- -1.00 (1)
0.9843 +- -1.00 (1)
0.9832 +- -1.00 (1)
0.9807 +- -1.00 (1)
0.9816 +- -1.00 (1)
0.9816 +- -1.00 (1)
0.9845 +- -1.00 (1)
0.9779 +- -1.00 (1)
0.9793 +- -1.00 (1)
0.9829 +- -1.00 (1)
0.9761 +- -1.00 (1)
0.9813 +- -1.00 (1)
0.9870 +- -1.00 (1)
0.9821 +- -1.00 (1)
0.9790 +- -1.00 (1)
0.9905 +- -1.00 (1)
0.9771 +- -1.00 (1)
0.9856 +- -1.00 (1)
0.9842 +- -1.00 (1)
0.9801 +- -1.00 (1)
0.9779 +- -1.00 (1)
0.9896 +- -1.00 (1)
0.9806 +- -1.00 (1)
0.9836 +- -1.00 (1)
0.9838 +- -1.00 (1)
0.9793 +- -1.00 (1)
0.9849 +- -1.00 (1)
0.9796 +- -1.00 (1)
0.9844 +- -1.00 (1)
0.9817 +- -1.00 (1)
0.9796 +- -1.00 (1)
0.9788 +- -1.00 (1)
0.9841 +- -1.00 (1)
0.9844 +- -1.00 (1)
0.9843 +- -1.00 (1)
0.9894 +- -1.00 (1)
0.9792 +- -1.00 (1)
0.9891 +- -1.00 (1)
0.9804 +- -1.00 (1)
0.9826 +- -1.00 (1)
0.9739 +- -1.00 (1)
0.9860 +- -1.00 (1)
0.9861 +- -1.00 (1)
0.9851 +- -1.00 (1)
0.9874 +- -1.00 (1)
0.9820 +- -1.00 (1)
0.9873 +- -1.00 (1)
0.9806 +- -1.00 (1)
0.9849 +- -1.00 (1)
0.9863 +- -1.00 (1)
0.9828 +- -1.00 (1)
0.9787 +- -1.00 (1)
0.9856 +- -1.00 (1)
0.9815 +- -1.00 (1)
0.9812 +- -1.00 (1)
0.9874 +- -1.00 (1)
0.9858 +- -1.00 (1)
0.9863 +- -1.00 (1)
0.9807 +- -1.00 (1)
0.9821 +- -1.00 (1)
0.9760 +- -1.00 (1)
0.9806 +- -1.00 (1)
0.9813 +- -1.00 (1)
0.9834 +- -1.00 (1)
0.9829 +- -1.00 (1)
0.9796 +- -1.00 (1)
0.9836 +- -1.00 (1)
0.9806 +- -1.00 (1)
0.9779 +- -1.00 (1)
0.9827 +- -1.00 (1)
0.9820 +- -1.00 (1)
0.9824 +- -1.00 (1)
0.9845 +- -1.00 (1)
0.9794 +- -1.00 (1)
0.9825 +- -1.00 (1)
0.9831 +- -1.00 (1)
0.9813 +- -1.00 (1)
0.9819 +- -1.00 (1)
0.9795 +- -1.00 (1)
0.9846 +- -1.00 (1)
0.9779 +- -1.00 (1)
0.9824 +- -1.00 (1)
0.9809 +- -1.00 (1)
0.9803 +- -1.00 (1)
0.9734 +- -1.00 (1)
0.9693 +- -1.00 (1)
0.9707 +- -1.00 (1)
0.9747 +- -1.00 (1)
0.9724 +- -1.00 (1)
0.9725 +- -1.00 (1)
0.9762 +- -1.00 (1)
0.9666 +- -1.00 (1)
0.9770 +- -1.00 (1)
0.9740 +- -1.00 (1)
0.9776 +- -1.00 (1)
0.9775 +- -1.00 (1)
0.9722 +- -1.00 (1)
0.9781 +- -1.00 (1)
0.9793 +- -1.00 (1)
0.9776 +- -1.00 (1)
0.9796 +- -1.00 (1)
0.9759 +- -1.00 (1)
0.9763 +- -1.00 (1)
0.9744 +- -1.00 (1)
0.9696 +- -1.00 (1)
0.9713 +- -1.00 (1)
0.9746 +- -1.00 (1)
0.9789 +- -1.00 (1)
0.9716 +- -1.00 (1)
0.9767 +- -1.00 (1)
0.9733 +- -1.00 (1)
0.9666 +- -1.00 (1)
0.9738 +- -1.00 (1)
0.9734 +- -1.00 (1)
0.9743 +- -1.00 (1)
0.9707 +- -1.00 (1)
0.9733 +- -1.00 (1)
0.9716 +- -1.00 (1)
0.9701 +- -1.00 (1)
0.9754 +- -1.00 (1)
0.9743 +- -1.00 (1)
0.9760 +- -1.00 (1)
0.9732 +- -1.00 (1)
0.9733 +- -1.00 (1)
0.9706 +- -1.00 (1)
0.9681 +- -1.00 (1)
0.9720 +- -1.00 (1)
0.9763 +- -1.00 (1)
0.9679 +- -1.00 (1)
0.9748 +- -1.00 (1)
0.9747 +- -1.00 (1)
0.9698 +- -1.00 (1)
0.9696 +- -1.00 (1)
0.9764 +- -1.00 (1)
0.9778 +- -1.00 (1)
0.9733 +- -1.00 (1)
0.9672 +- -1.00 (1)
0.9745 +- -1.00 (1)
0.9710 +- -1.00 (1)
0.9708 +- -1.00 (1)
0.9766 +- -1.00 (1)
0.9743 +- -1.00 (1)
0.9745 +- -1.00 (1)
0.9730 +- -1.00 (1)
0.9704 +- -1.00 (1)
0.9709 +- -1.00 (1)
0.9705 +- -1.00 (1)
0.9726 +- -1.00 (1)
0.9691 +- -1.00 (1)
0.9733 +- -1.00 (1)
0.9765 +- -1.00 (1)
0.9716 +- -1.00 (1)
0.9738 +- -1.00 (1)
0.9740 +- -1.00 (1)
0.9670 +- -1.00 (1)
0.9662 +- -1.00 (1)
0.9694 +- -1.00 (1)
0.9770 +- -1.00 (1)
0.9703 +- -1.00 (1)
0.9722 +- -1.00 (1)
0.9739 +- -1.00 (1)
0.9724 +- -1.00 (1)
0.9696 +- -1.00 (1)
0.9717 +- -1.00 (1)
0.9652 +- -1.00 (1)
0.9696 +- -1.00 (1)
0.9739 +- -1.00 (1)
0.9717 +- -1.00 (1)
0.9693 +- -1.00 (1)
0.9688 +- -1.00 (1)
0.9697 +- -1.00 (1)
0.9661 +- -1.00 (1)
0.9717 +- -1.00 (1)
0.9706 +- -1.00 (1)
0.9711 +- -1.00 (1)
0.9700 +- -1.00 (1)
0.9697 +- -1.00 (1)
0.9718 +- -1.00 (1)
0.9717 +- -1.00 (1)
0.9737 +- -1.00 (1)
0.9723 +- -1.00 (1)
0.9706 +- -1.00 (1)
0.9745 +- -1.00 (1)
0.9711 +- -1.00 (1)
0.9693 +- -1.00 (1)
0.9684 +- -1.00 (1)
0.9665 +- -1.00 (1)
0.9665 +- -1.00 (1)
0.9651 +- -1.00 (1)
0.9674 +- -1.00 (1)
0.9688 +- -1.00 (1)
0.9692 +- -1.00 (1)
0.9711 +- -1.00 (1)
0.9747 +- -1.00 (1)
0.9739 +- -1.00 (1)
0.9734 +- -1.00 (1)
0.9755 +- -1.00 (1)
0.9757 +- -1.00 (1)
0.9690 +- -1.00 (1)
0.9726 +- -1.00 (1)
0.9716 +- -1.00 (1)
0.9778 +- -1.00 (1)
0.9708 +- -1.00 (1)
0.9750 +- -1.00 (1)
0.9626 +- -1.00 (1)
0.9728 +- -1.00 (1)
0.9721 +- -1.00 (1)
0.9699 +- -1.00 (1)
0.9664 +- -1.00 (1)
0.9682 +- -1.00 (1)
0.9658 +- -1.00 (1)
0.9660 +- -1.00 (1)
0.9729 +- -1.00 (1)
0.9672 +- -1.00 (1)
0.9678 +- -1.00 (1)
0.9712 +- -1.00 (1)
0.9691 +- -1.00 (1)
0.9731 +- -1.00 (1)
0.9701 +- -1.00 (1)
0.9719 +- -1.00 (1)
0.9694 +- -1.00 (1)
0.9728 +- -1.00 (1)
0.9715 +- -1.00 (1)
0.9733 +- -1.00 (1)
0.9636 +- -1.00 (1)
0.9674 +- -1.00 (1)
0.9708 +- -1.00 (1)
0.9616 +- -1.00 (1)
0.9670 +- -1.00 (1)
0.9704 +- -1.00 (1)
0.9632 +- -1.00 (1)
0.9683 +- -1.00 (1)
0.9690 +- -1.00 (1)
0.9675 +- -1.00 (1)
0.9636 +- -1.00 (1)
0.9681 +- -1.00 (1)
0.9741 +- -1.00 (1)
0.9681 +- -1.00 (1)
0.9701 +- -1.00 (1)
0.9691 +- -1.00 (1)
0.9737 +- -1.00 (1)
0.9706 +- -1.00 (1)
0.9674 +- -1.00 (1)
0.9627 +- -1.00 (1)
0.9816 +- -1.00 (1)
0.9461 +- -1.00 (1)
0.8887 +- -1.00 (1)
0.9579 +- -1.00 (1)
0.9719 +- -1.00 (1)
0.9832 +- -1.00 (1)
0.9882 +- -1.00 (1)
0.9505 +- -1.00 (1)
0.9490 +- -1.00 (1)
0.9343 +- -1.00 (1)
0.9628 +- -1.00 (1)
0.7343 +- -1.00 (1)
0.9787 +- -1.00 (1)
0.9751 +- -1.00 (1)
0.7723 +- -1.00 (1)
0.9849 +- -1.00 (1)
0.5926 +- -1.00 (1)
0.9798 +- -1.00 (1)
0.9704 +- -1.00 (1)
0.9715 +- -1.00 (1)
0.9789 +- -1.00 (1)
0.9641 +- -1.00 (1)
0.9892 +- -1.00 (1)
0.9761 +- -1.00 (1)
0.9840 +- -1.00 (1)
0.9821 +- -1.00 (1)
0.9824 +- -1.00 (1)
0.9798 +- -1.00 (1)
0.9812 +- -1.00 (1)
0.9703 +- -1.00 (1)
0.9771 +- -1.00 (1)
0.9819 +- -1.00 (1)
0.9682 +- -1.00 (1)
0.9783 +- -1.00 (1)
0.9761 +- -1.00 (1)
0.9858 +- -1.00 (1)
0.9693 +- -1.00 (1)
0.9783 +- -1.00 (1)
0.9797 +- -1.00 (1)
0.9803 +- -1.00 (1)
0.9824 +- -1.00 (1)
0.9812 +- -1.00 (1)
0.9882 +- -1.00 (1)
0.9752 +- -1.00 (1)
0.9824 +- -1.00 (1)
0.9839 +- -1.00 (1)
0.9809 +- -1.00 (1)
0.9799 +- -1.00 (1)
0.9818 +- -1.00 (1)
0.9812 +- -1.00 (1)
0.9748 +- -1.00 (1)
0.9871 +- -1.00 (1)
0.9753 +- -1.00 (1)
0.9844 +- -1.00 (1)
0.9729 +- -1.00 (1)
0.9770 +- -1.00 (1)
0.9762 +- -1.00 (1)
0.9868 +- -1.00 (1)
0.9821 +- -1.00 (1)
0.9846 +- -1.00 (1)
0.9782 +- -1.00 (1)
0.9776 +- -1.00 (1)
0.9837 +- -1.00 (1)
0.9792 +- -1.00 (1)
0.9784 +- -1.00 (1)
0.9835 +- -1.00 (1)
0.9769 +- -1.00 (1)
0.9829 +- -1.00 (1)
0.9818 +- -1.00 (1)
0.9821 +- -1.00 (1)
0.9753 +- -1.00 (1)
0.9892 +- -1.00 (1)
0.9796 +- -1.00 (1)
0.9816 +- -1.00 (1)
0.9748 +- -1.00 (1)
0.9827 +- -1.00 (1)
0.9776 +- -1.00 (1)
0.9650 +- -1.00 (1)
0.9759 +- -1.00 (1)
0.9839 +- -1.00 (1)
0.9783 +- -1.00 (1)
0.9766 +- -1.00 (1)
0.9850 +- -1.00 (1)
0.9741 +- -1.00 (1)
0.9836 +- -1.00 (1)
0.9829 +- -1.00 (1)
0.9806 +- -1.00 (1)
0.9793 +- -1.00 (1)
0.9808 +- -1.00 (1)
0.9824 +- -1.00 (1)
0.9809 +- -1.00 (1)
0.9865 +- -1.00 (1)
0.9727 +- -1.00 (1)
0.9706 +- -1.00 (1)
0.9790 +- -1.00 (1)
0.9808 +- -1.00 (1)
0.9734 +- -1.00 (1)
0.9894 +- -1.00 (1)
0.9819 +- -1.00 (1)
0.9848 +- -1.00 (1)
0.9864 +- -1.00 (1)
0.9784 +- -1.00 (1)
0.9855 +- -1.00 (1)
0.9847 +- -1.00 (1)
0.9815 +- -1.00 (1)
0.9863 +- -1.00 (1)
0.9793 +- -1.00 (1)
0.9778 +- -1.00 (1)
0.9832 +- -1.00 (1)
0.9837 +- -1.00 (1)
0.9812 +- -1.00 (1)
0.9836 +- -1.00 (1)
0.9815 +- -1.00 (1)
0.9845 +- -1.00 (1)
0.9799 +- -1.00 (1)
0.9835 +- -1.00 (1)
0.9717 +- -1.00 (1)
0.9842 +- -1.00 (1)
0.9832 +- -1.00 (1)
0.9824 +- -1.00 (1)
0.9817 +- -1.00 (1)
0.9775 +- -1.00 (1)
0.9853 +- -1.00 (1)
0.9767 +- -1.00 (1)
0.9788 +- -1.00 (1)
0.9820 +- -1.00 (1)
0.9814 +- -1.00 (1)
0.9835 +- -1.00 (1)
0.9861 +- -1.00 (1)
0.9823 +- -1.00 (1)
0.9853 +- -1.00 (1)
0.9835 +- -1.00 (1)
0.9820 +- -1.00 (1)
0.9871 +- -1.00 (1)
0.9800 +- -1.00 (1)
0.9814 +- -1.00 (1)
0.9741 +- -1.00 (1)
0.9826 +- -1.00 (1)
0.9813 +- -1.00 (1)
0.9734 +- -1.00 (1)
0.9750 +- -1.00 (1)
0.9690 +- -1.00 (1)
0.9729 +- -1.00 (1)
0.9647 +- -1.00 (1)
0.9668 +- -1.00 (1)
0.9724 +- -1.00 (1)
0.9722 +- -1.00 (1)
0.9640 +- -1.00 (1)
0.9776 +- -1.00 (1)
0.9721 +- -1.00 (1)
0.9727 +- -1.00 (1)
0.9767 +- -1.00 (1)
0.9731 +- -1.00 (1)
0.9747 +- -1.00 (1)
0.9691 +- -1.00 (1)
0.9743 +- -1.00 (1)
0.9750 +- -1.00 (1)
0.9757 +- -1.00 (1)
0.9774 +- -1.00 (1)
0.9769 +- -1.00 (1)
0.9734 +- -1.00 (1)
0.9714 +- -1.00 (1)
0.9728 +- -1.00 (1)
0.9765 +- -1.00 (1)
0.9757 +- -1.00 (1)
0.9778 +- -1.00 (1)
0.9744 +- -1.00 (1)
0.9751 +- -1.00 (1)
0.9700 +- -1.00 (1)
0.9728 +- -1.00 (1)
0.9733 +- -1.00 (1)
0.9681 +- -1.00 (1)
0.9751 +- -1.00 (1)
0.9702 +- -1.00 (1)
0.9776 +- -1.00 (1)
0.9753 +- -1.00 (1)
0.9694 +- -1.00 (1)
0.9760 +- -1.00 (1)
0.9735 +- -1.00 (1)
0.9753 +- -1.00 (1)
0.9729 +- -1.00 (1)
0.9705 +- -1.00 (1)
0.9740 +- -1.00 (1)
0.9736 +- -1.00 (1)
0.9686 +- -1.00 (1)
0.9715 +- -1.00 (1)
0.9652 +- -1.00 (1)
0.9672 +- -1.00 (1)
0.9633 +- -1.00 (1)
0.9721 +- -1.00 (1)
0.9799 +- -1.00 (1)
0.9715 +- -1.00 (1)
0.9717 +- -1.00 (1)
0.9733 +- -1.00 (1)
0.9741 +- -1.00 (1)
0.9743 +- -1.00 (1)
0.9737 +- -1.00 (1)
0.9766 +- -1.00 (1)
0.9729 +- -1.00 (1)
0.9708 +- -1.00 (1)
0.9674 +- -1.00 (1)
0.9683 +- -1.00 (1)
0.9691 +- -1.00 (1)
0.9748 +- -1.00 (1)
0.9688 +- -1.00 (1)
0.9749 +- -1.00 (1)
0.9758 +- -1.00 (1)
0.9735 +- -1.00 (1)
0.9622 +- -1.00 (1)
0.9788 +- -1.00 (1)
0.9727 +- -1.00 (1)
0.9695 +- -1.00 (1)
0.9708 +- -1.00 (1)
0.9723 +- -1.00 (1)
0.9689 +- -1.00 (1)
0.9729 +- -1.00 (1)
0.9720 +- -1.00 (1)
0.9737 +- -1.00 (1)
0.9713 +- -1.00 (1)
0.9715 +- -1.00 (1)
0.9714 +- -1.00 (1)
0.9705 +- -1.00 (1)
0.9714 +- -1.00 (1)
0.9730 +- -1.00 (1)
0.9624 +- -1.00 (1)
0.9676 +- -1.00 (1)
0.9726 +- -1.00 (1)
0.9682 +- -1.00 (1)
0.9736 +- -1.00 (1)
0.9696 +- -1.00 (1)
0.9726 +- -1.00 (1)
0.9725 +- -1.00 (1)
0.9677 +- -1.00 (1)
0.9606 +- -1.00 (1)
0.9712 +- -1.00 (1)
0.9748 +- -1.00 (1)
0.9712 +- -1.00 (1)
0.9699 +- -1.00 (1)
0.9723 +- -1.00 (1)
0.9697 +- -1.00 (1)
0.9668 +- -1.00 (1)
0.9717 +- -1.00 (1)
0.9697 +- -1.00 (1)
0.9672 +- -1.00 (1)
0.9653 +- -1.00 (1)
0.9676 +- -1.00 (1)
0.9669 +- -1.00 (1)
0.9665 +- -1.00 (1)
0.9721 +- -1.00 (1)
0.9714 +- -1.00 (1)
0.9752 +- -1.00 (1)
0.9767 +- -1.00 (1)
0.9707 +- -1.00 (1)
0.9739 +- -1.00 (1)
0.9702 +- -1.00 (1)
0.9715 +- -1.00 (1)
0.9703 +- -1.00 (1)
0.9732 +- -1.00 (1)
0.9607 +- -1.00 (1)
0.9652 +- -1.00 (1)
0.9627 +- -1.00 (1)
0.9714 +- -1.00 (1)
0.9669 +- -1.00 (1)
0.9746 +- -1.00 (1)
0.9615 +- -1.00 (1)
0.9703 +- -1.00 (1)
0.9682 +- -1.00 (1)
0.9653 +- -1.00 (1)
0.9705 +- -1.00 (1)
0.9675 +- -1.00 (1)
0.9698 +- -1.00 (1)
0.9716 +- -1.00 (1)
0.9697 +- -1.00 (1)
0.9673 +- -1.00 (1)
0.9693 +- -1.00 (1)
0.9721 +- -1.00 (1)
0.9716 +- -1.00 (1)
0.9722 +- -1.00 (1)
0.9667 +- -1.00 (1)
0.9708 +- -1.00 (1)
0.9597 +- -1.00 (1)
0.9692 +- -1.00 (1)
0.9663 +- -1.00 (1)
0.9649 +- -1.00 (1)
0.9642 +- -1.00 (1)
0.9680 +- -1.00 (1)
0.9673 +- -1.00 (1)
0.9653 +- -1.00 (1)
0.9741 +- -1.00 (1)
0.9673 +- -1.00 (1)
0.9685 +- -1.00 (1)
0.9714 +- -1.00 (1)
0.9688 +- -1.00 (1)
0.9680 +- -1.00 (1)
0.9672 +- -1.00 (1)
0.9703 +- -1.00 (1)
0.9680 +- -1.00 (1)
0.9682 +- -1.00 (1)
0.9683 +- -1.00 (1)
0.9604 +- -1.00 (1)
0.9829 +- -1.00 (1)
0.8593 +- -1.00 (1)
0.6948 +- -1.00 (1)
0.9566 +- -1.00 (1)
0.6892 +- -1.00 (1)
0.7677 +- -1.00 (1)
0.9818 +- -1.00 (1)
0.7753 +- -1.00 (1)
0.9631 +- -1.00 (1)
0.7205 +- -1.00 (1)
0.6876 +- -1.00 (1)
0.8874 +- -1.00 (1)
0.7479 +- -1.00 (1)
0.6470 +- -1.00 (1)
0.7176 +- -1.00 (1)
0.6680 +- -1.00 (1)
0.9520 +- -1.00 (1)
0.7903 +- -1.00 (1)
0.6513 +- -1.00 (1)
0.9753 +- -1.00 (1)
0.7130 +- -1.00 (1)
0.9731 +- -1.00 (1)
0.9579 +- -1.00 (1)
0.9134 +- -1.00 (1)
0.9828 +- -1.00 (1)
0.9304 +- -1.00 (1)
0.7073 +- -1.00 (1)
0.8011 +- -1.00 (1)
0.7114 +- -1.00 (1)
0.9704 +- -1.00 (1)
0.8337 +- -1.00 (1)
0.8279 +- -1.00 (1)
0.7850 +- -1.00 (1)
0.8845 +- -1.00 (1)
0.7089 +- -1.00 (1)
0.9328 +- -1.00 (1)
0.8873 +- -1.00 (1)
0.7378 +- -1.00 (1)
0.8433 +- -1.00 (1)
0.7533 +- -1.00 (1)
0.9621 +- -1.00 (1)
0.9734 +- -1.00 (1)
0.7795 +- -1.00 (1)
0.9683 +- -1.00 (1)
0.8825 +- -1.00 (1)
0.9871 +- -1.00 (1)
0.8755 +- -1.00 (1)
0.9496 +- -1.00 (1)
0.9841 +- -1.00 (1)
0.8083 +- -1.00 (1)
0.8433 +- -1.00 (1)
0.9233 +- -1.00 (1)
0.9753 +- -1.00 (1)
0.9576 +- -1.00 (1)
0.8893 +- -1.00 (1)
0.8441 +- -1.00 (1)
0.8728 +- -1.00 (1)
0.9787 +- -1.00 (1)
0.9825 +- -1.00 (1)
0.8948 +- -1.00 (1)
0.8949 +- -1.00 (1)
0.8784 +- -1.00 (1)
0.8678 +- -1.00 (1)
0.9705 +- -1.00 (1)
0.8562 +- -1.00 (1)
0.8705 +- -1.00 (1)
0.9270 +- -1.00 (1)
0.9758 +- -1.00 (1)
0.9843 +- -1.00 (1)
0.9468 +- -1.00 (1)
0.9746 +- -1.00 (1)
0.9476 +- -1.00 (1)
0.9244 +- -1.00 (1)
0.9151 +- -1.00 (1)
0.9832 +- -1.00 (1)
0.7839 +- -1.00 (1)
0.6762 +- -1.00 (1)
0.9816 +- -1.00 (1)
0.8899 +- -1.00 (1)
0.7957 +- -1.00 (1)
0.8003 +- -1.00 (1)
0.8760 +- -1.00 (1)
0.9370 +- -1.00 (1)
0.8494 +- -1.00 (1)
0.9749 +- -1.00 (1)
0.8104 +- -1.00 (1)
0.7925 +- -1.00 (1)
0.8690 +- -1.00 (1)
0.7726 +- -1.00 (1)
0.7684 +- -1.00 (1)
0.8077 +- -1.00 (1)
0.8622 +- -1.00 (1)
0.8372 +- -1.00 (1)
0.9694 +- -1.00 (1)
0.7620 +- -1.00 (1)
0.7005 +- -1.00 (1)
0.7363 +- -1.00 (1)
0.7601 +- -1.00 (1)
0.8327 +- -1.00 (1)
0.9197 +- -1.00 (1)
0.9704 +- -1.00 (1)
0.8636 +- -1.00 (1)
0.9591 +- -1.00 (1)
0.8951 +- -1.00 (1)
0.9824 +- -1.00 (1)
0.7883 +- -1.00 (1)
0.9624 +- -1.00 (1)
0.9777 +- -1.00 (1)
0.8315 +- -1.00 (1)
0.8496 +- -1.00 (1)
0.8150 +- -1.00 (1)
0.9183 +- -1.00 (1)
0.7978 +- -1.00 (1)
0.9846 +- -1.00 (1)
0.9799 +- -1.00 (1)
0.8640 +- -1.00 (1)
0.8380 +- -1.00 (1)
0.8918 +- -1.00 (1)
0.9257 +- -1.00 (1)
0.9778 +- -1.00 (1)
0.7809 +- -1.00 (1)
0.9212 +- -1.00 (1)
0.6809 +- -1.00 (1)
0.7958 +- -1.00 (1)
0.9400 +- -1.00 (1)
0.9276 +- -1.00 (1)
0.8623 +- -1.00 (1)
0.8617 +- -1.00 (1)
0.9514 +- -1.00 (1)
0.8899 +- -1.00 (1)
0.8502 +- -1.00 (1)
0.9739 +- -1.00 (1)
0.9802 +- -1.00 (1)
0.9166 +- -1.00 (1)
0.9499 +- -1.00 (1)
0.9233 +- -1.00 (1)
0.9259 +- -1.00 (1)
0.8438 +- -1.00 (1)
0.9645 +- -1.00 (1)
0.7224 +- -1.00 (1)
0.9598 +- -1.00 (1)
0.8879 +- -1.00 (1)
0.8782 +- -1.00 (1)
0.8776 +- -1.00 (1)
0.8564 +- -1.00 (1)
0.7801 +- -1.00 (1)
0.9203 +- -1.00 (1)
0.7529 +- -1.00 (1)
0.7908 +- -1.00 (1)
0.9537 +- -1.00 (1)
0.8226 +- -1.00 (1)
0.7975 +- -1.00 (1)
0.8431 +- -1.00 (1)
0.9411 +- -1.00 (1)
0.7109 +- -1.00 (1)
0.6985 +- -1.00 (1)
0.7903 +- -1.00 (1)
0.9736 +- -1.00 (1)
0.7842 +- -1.00 (1)
0.8070 +- -1.00 (1)
0.8576 +- -1.00 (1)
0.8657 +- -1.00 (1)
0.8531 +- -1.00 (1)
0.7680 +- -1.00 (1)
0.8786 +- -1.00 (1)
0.8470 +- -1.00 (1)
0.9747 +- -1.00 (1)
0.7743 +- -1.00 (1)
0.9401 +- -1.00 (1)
0.8992 +- -1.00 (1)
0.7810 +- -1.00 (1)
0.8480 +- -1.00 (1)
0.8944 +- -1.00 (1)
0.8212 +- -1.00 (1)
0.8628 +- -1.00 (1)
0.9089 +- -1.00 (1)
0.8165 +- -1.00 (1)
0.8517 +- -1.00 (1)
0.8776 +- -1.00 (1)
0.9206 +- -1.00 (1)
0.8478 +- -1.00 (1)
0.8902 +- -1.00 (1)
0.8292 +- -1.00 (1)
0.8092 +- -1.00 (1)
0.8060 +- -1.00 (1)
0.9252 +- -1.00 (1)
0.8634 +- -1.00 (1)
0.8283 +- -1.00 (1)
0.8457 +- -1.00 (1)
0.9081 +- -1.00 (1)
0.8829 +- -1.00 (1)
0.8281 +- -1.00 (1)
0.9455 +- -1.00 (1)
0.8222 +- -1.00 (1)
0.8404 +- -1.00 (1)
0.7621 +- -1.00 (1)
0.9069 +- -1.00 (1)
0.8459 +- -1.00 (1)
0.7955 +- -1.00 (1)
0.8542 +- -1.00 (1)
0.8114 +- -1.00 (1)
0.7922 +- -1.00 (1)
0.9147 +- -1.00 (1)
0.8986 +- -1.00 (1)
0.8910 +- -1.00 (1)
0.8428 +- -1.00 (1)
0.7153 +- -1.00 (1)
0.7483 +- -1.00 (1)
0.8339 +- -1.00 (1)
0.8519 +- -1.00 (1)
0.7834 +- -1.00 (1)
0.8675 +- -1.00 (1)
0.8783 +- -1.00 (1)
0.7558 +- -1.00 (1)
0.9281 +- -1.00 (1)
0.8466 +- -1.00 (1)
0.7143 +- -1.00 (1)
0.8530 +- -1.00 (1)
0.7337 +- -1.00 (1)
0.8496 +- -1.00 (1)
0.8628 +- -1.00 (1)
0.7609 +- -1.00 (1)
0.9064 +- -1.00 (1)
0.9308 +- -1.00 (1)
0.7766 +- -1.00 (1)
0.9089 +- -1.00 (1)
0.8368 +- -1.00 (1)
0.7255 +- -1.00 (1)
0.8223 +- -1.00 (1)
0.7358 +- -1.00 (1)
0.8117 +- -1.00 (1)
0.7754 +- -1.00 (1)
0.7986 +- -1.00 (1)
0.8724 +- -1.00 (1)
0.9543 +- -1.00 (1)
0.9031 +- -1.00 (1)
0.8642 +- -1.00 (1)
0.8375 +- -1.00 (1)
0.7657 +- -1.00 (1)
0.7994 +- -1.00 (1)
0.8098 +- -1.00 (1)
0.8087 +- -1.00 (1)
0.7488 +- -1.00 (1)
0.8207 +- -1.00 (1)
0.8114 +- -1.00 (1)
0.8128 +- -1.00 (1)
0.8233 +- -1.00 (1)
0.8102 +- -1.00 (1)
0.7813 +- -1.00 (1)
0.8639 +- -1.00 (1)
0.8655 +- -1.00 (1)
0.8037 +- -1.00 (1)
0.8117 +- -1.00 (1)
0.8282 +- -1.00 (1)
0.8260 +- -1.00 (1)
0.8647 +- -1.00 (1)
0.8420 +- -1.00 (1)
0.8221 +- -1.00 (1)
0.7217 +- -1.00 (1)
0.8348 +- -1.00 (1)
0.8111 +- -1.00 (1)
0.8588 +- -1.00 (1)
0.7022 +- -1.00 (1)
0.9227 +- -1.00 (1)
0.7535 +- -1.00 (1)
0.7988 +- -1.00 (1)
0.8339 +- -1.00 (1)
0.7747 +- -1.00 (1)
0.8490 +- -1.00 (1)
0.8236 +- -1.00 (1)
0.8289 +- -1.00 (1)
0.7707 +- -1.00 (1)
0.7863 +- -1.00 (1)
0.7755 +- -1.00 (1)
0.7909 +- -1.00 (1)
0.8311 +- -1.00 (1)
0.7762 +- -1.00 (1)
0.7602 +- -1.00 (1)
0.7914 +- -1.00 (1)
0.7686 +- -1.00 (1)
0.8385 +- -1.00 (1)
0.7554 +- -1.00 (1)
0.8966 +- -1.00 (1)
0.7529 +- -1.00 (1)
0.7871 +- -1.00 (1)
0.8032 +- -1.00 (1)
0.8096 +- -1.00 (1)
0.8027 +- -1.00 (1)
0.8457 +- -1.00 (1)
0.8377 +- -1.00 (1)
0.7397 +- -1.00 (1)
0.7739 +- -1.00 (1)
0.7650 +- -1.00 (1)
0.8013 +- -1.00 (1)
0.9064 +- -1.00 (1)
0.8179 +- -1.00 (1)
0.9282 +- -1.00 (1)
0.7907 +- -1.00 (1)
0.7808 +- -1.00 (1)
0.7667 +- -1.00 (1)
0.9819 +- -1.00 (1)
0.9434 +- -1.00 (1)
0.9709 +- -1.00 (1)
0.9485 +- -1.00 (1)
0.9708 +- -1.00 (1)
0.6863 +- -1.00 (1)
0.9606 +- -1.00 (1)
0.6950 +- -1.00 (1)
0.9636 +- -1.00 (1)
0.7300 +- -1.00 (1)
0.7288 +- -1.00 (1)
0.9832 +- -1.00 (1)
0.7904 +- -1.00 (1)
0.7600 +- -1.00 (1)
0.9383 +- -1.00 (1)
0.7015 +- -1.00 (1)
0.9604 +- -1.00 (1)
0.6677 +- -1.00 (1)
0.9687 +- -1.00 (1)
0.9605 +- -1.00 (1)
0.5727 +- -1.00 (1)
0.9721 +- -1.00 (1)
0.6345 +- -1.00 (1)
0.9566 +- -1.00 (1)
0.5613 +- -1.00 (1)
0.9832 +- -1.00 (1)
0.7101 +- -1.00 (1)
0.9744 +- -1.00 (1)
0.9803 +- -1.00 (1)
0.9617 +- -1.00 (1)
0.8134 +- -1.00 (1)
0.8530 +- -1.00 (1)
0.9661 +- -1.00 (1)
0.9693 +- -1.00 (1)
0.9666 +- -1.00 (1)
0.9705 +- -1.00 (1)
0.9639 +- -1.00 (1)
0.7490 +- -1.00 (1)
0.9484 +- -1.00 (1)
0.9780 +- -1.00 (1)
0.9334 +- -1.00 (1)
0.9662 +- -1.00 (1)
0.8698 +- -1.00 (1)
0.6999 +- -1.00 (1)
0.6842 +- -1.00 (1)
0.9760 +- -1.00 (1)
0.9730 +- -1.00 (1)
0.8253 +- -1.00 (1)
0.9829 +- -1.00 (1)
0.8753 +- -1.00 (1)
0.9754 +- -1.00 (1)
0.8735 +- -1.00 (1)
0.9793 +- -1.00 (1)
0.7406 +- -1.00 (1)
0.9788 +- -1.00 (1)
0.9609 +- -1.00 (1)
0.9548 +- -1.00 (1)
0.9889 +- -1.00 (1)
0.7278 +- -1.00 (1)
0.9605 +- -1.00 (1)
0.9828 +- -1.00 (1)
0.9625 +- -1.00 (1)
0.7490 +- -1.00 (1)
0.9783 +- -1.00 (1)
0.9781 +- -1.00 (1)
0.9390 +- -1.00 (1)
0.9424 +- -1.00 (1)
0.9355 +- -1.00 (1)
0.9828 +- -1.00 (1)
0.9793 +- -1.00 (1)
0.7987 +- -1.00 (1)
0.9905 +- -1.00 (1)
0.7981 +- -1.00 (1)
0.7664 +- -1.00 (1)
0.9841 +- -1.00 (1)
0.9158 +- -1.00 (1)
0.8669 +- -1.00 (1)
0.7931 +- -1.00 (1)
0.7782 +- -1.00 (1)
0.7834 +- -1.00 (1)
0.9824 +- -1.00 (1)
0.9757 +- -1.00 (1)
0.7140 +- -1.00 (1)
0.9758 +- -1.00 (1)
0.9755 +- -1.00 (1)
0.7581 +- -1.00 (1)
0.9714 +- -1.00 (1)
0.9752 +- -1.00 (1)
0.9818 +- -1.00 (1)
0.9778 +- -1.00 (1)
0.9304 +- -1.00 (1)
0.8215 +- -1.00 (1)
0.9799 +- -1.00 (1)
0.9827 +- -1.00 (1)
0.9844 +- -1.00 (1)
0.8606 +- -1.00 (1)
0.8018 +- -1.00 (1)
0.9819 +- -1.00 (1)
0.9644 +- -1.00 (1)
0.9842 +- -1.00 (1)
0.9689 +- -1.00 (1)
0.9740 +- -1.00 (1)
0.7969 +- -1.00 (1)
0.8289 +- -1.00 (1)
0.9128 +- -1.00 (1)
0.8919 +- -1.00 (1)
0.9740 +- -1.00 (1)
0.7605 +- -1.00 (1)
0.8834 +- -1.00 (1)
0.9292 +- -1.00 (1)
0.8621 +- -1.00 (1)
0.9793 +- -1.00 (1)
0.9174 +- -1.00 (1)
0.9832 +- -1.00 (1)
0.8118 +- -1.00 (1)
0.9322 +- -1.00 (1)
0.7781 +- -1.00 (1)
0.9725 +- -1.00 (1)
0.9824 +- -1.00 (1)
0.9807 +- -1.00 (1)
0.9656 +- -1.00 (1)
0.9789 +- -1.00 (1)
0.9836 +- -1.00 (1)
0.9645 +- -1.00 (1)
0.9405 +- -1.00 (1)
0.9751 +- -1.00 (1)
0.9716 +- -1.00 (1)
0.9753 +- -1.00 (1)
0.9799 +- -1.00 (1)
0.8591 +- -1.00 (1)
0.9746 +- -1.00 (1)
0.9706 +- -1.00 (1)
0.9738 +- -1.00 (1)
0.8688 +- -1.00 (1)
0.9222 +- -1.00 (1)
0.8903 +- -1.00 (1)
0.9308 +- -1.00 (1)
0.9616 +- -1.00 (1)
0.9806 +- -1.00 (1)
0.9477 +- -1.00 (1)
0.8069 +- -1.00 (1)
0.9407 +- -1.00 (1)
0.7034 +- -1.00 (1)
0.9389 +- -1.00 (1)
0.9122 +- -1.00 (1)
0.8051 +- -1.00 (1)
0.8193 +- -1.00 (1)
0.7640 +- -1.00 (1)
0.9323 +- -1.00 (1)
0.8303 +- -1.00 (1)
0.9718 +- -1.00 (1)
0.8268 +- -1.00 (1)
0.8006 +- -1.00 (1)
0.9738 +- -1.00 (1)
0.7070 +- -1.00 (1)
0.9055 +- -1.00 (1)
0.8718 +- -1.00 (1)
0.9154 +- -1.00 (1)
0.9605 +- -1.00 (1)
0.9734 +- -1.00 (1)
0.9618 +- -1.00 (1)
0.9510 +- -1.00 (1)
0.7511 +- -1.00 (1)
0.9761 +- -1.00 (1)
0.8101 +- -1.00 (1)
0.8271 +- -1.00 (1)
0.9488 +- -1.00 (1)
0.9160 +- -1.00 (1)
0.9648 +- -1.00 (1)
0.9574 +- -1.00 (1)
0.9461 +- -1.00 (1)
0.9558 +- -1.00 (1)
0.8925 +- -1.00 (1)
0.9218 +- -1.00 (1)
0.9593 +- -1.00 (1)
0.7908 +- -1.00 (1)
0.8630 +- -1.00 (1)
0.9197 +- -1.00 (1)
0.7958 +- -1.00 (1)
0.9274 +- -1.00 (1)
0.9102 +- -1.00 (1)
0.9304 +- -1.00 (1)
0.9720 +- -1.00 (1)
0.9690 +- -1.00 (1)
0.9509 +- -1.00 (1)
0.8321 +- -1.00 (1)
0.8312 +- -1.00 (1)
0.9666 +- -1.00 (1)
0.8798 +- -1.00 (1)
0.9485 +- -1.00 (1)
0.9059 +- -1.00 (1)
0.9024 +- -1.00 (1)
0.8820 +- -1.00 (1)
0.9621 +- -1.00 (1)
0.9161 +- -1.00 (1)
0.9643 +- -1.00 (1)
0.9372 +- -1.00 (1)
0.9648 +- -1.00 (1)
0.9101 +- -1.00 (1)
0.9238 +- -1.00 (1)
0.9465 +- -1.00 (1)
0.8662 +- -1.00 (1)
0.7881 +- -1.00 (1)
0.8613 +- -1.00 (1)
0.9556 +- -1.00 (1)
0.9343 +- -1.00 (1)
0.9551 +- -1.00 (1)
0.9506 +- -1.00 (1)
0.9503 +- -1.00 (1)
0.9554 +- -1.00 (1)
0.9277 +- -1.00 (1)
0.8533 +- -1.00 (1)
0.7986 +- -1.00 (1)
0.8107 +- -1.00 (1)
0.9542 +- -1.00 (1)
0.9549 +- -1.00 (1)
0.8940 +- -1.00 (1)
0.9051 +- -1.00 (1)
0.9679 +- -1.00 (1)
0.9699 +- -1.00 (1)
0.9343 +- -1.00 (1)
0.8089 +- -1.00 (1)
0.8396 +- -1.00 (1)
0.8656 +- -1.00 (1)
0.7857 +- -1.00 (1)
0.7218 +- -1.00 (1)
0.9496 +- -1.00 (1)
0.8779 +- -1.00 (1)
0.8481 +- -1.00 (1)
0.8036 +- -1.00 (1)
0.9497 +- -1.00 (1)
0.8896 +- -1.00 (1)
0.9264 +- -1.00 (1)
0.9623 +- -1.00 (1)
0.9656 +- -1.00 (1)
0.9067 +- -1.00 (1)
0.8898 +- -1.00 (1)
0.8404 +- -1.00 (1)
0.8729 +- -1.00 (1)
0.9361 +- -1.00 (1)
0.9006 +- -1.00 (1)
0.8307 +- -1.00 (1)
0.7644 +- -1.00 (1)
0.8617 +- -1.00 (1)
0.8702 +- -1.00 (1)
0.9294 +- -1.00 (1)
0.8153 +- -1.00 (1)
0.8816 +- -1.00 (1)
0.8565 +- -1.00 (1)
0.8741 +- -1.00 (1)
0.9044 +- -1.00 (1)
0.7168 +- -1.00 (1)
0.8629 +- -1.00 (1)
0.8716 +- -1.00 (1)
0.9302 +- -1.00 (1)
0.9429 +- -1.00 (1)
0.9169 +- -1.00 (1)
0.9371 +- -1.00 (1)
0.8773 +- -1.00 (1)
0.8465 +- -1.00 (1)
0.9144 +- -1.00 (1)
0.7966 +- -1.00 (1)
0.9629 +- -1.00 (1)
0.7291 +- -1.00 (1)
0.9672 +- -1.00 (1)
0.9043 +- -1.00 (1)
0.9199 +- -1.00 (1)
0.9216 +- -1.00 (1)
0.7320 +- -1.00 (1)
0.9112 +- -1.00 (1)
0.8531 +- -1.00 (1)
0.9697 +- -1.00 (1)
0.9177 +- -1.00 (1)
0.8959 +- -1.00 (1)
0.8952 +- -1.00 (1)
0.7219 +- -1.00 (1)
0.9320 +- -1.00 (1)
0.9600 +- -1.00 (1)
0.8459 +- -1.00 (1)
0.8741 +- -1.00 (1)
0.8245 +- -1.00 (1)
0.9435 +- -1.00 (1)
0.9537 +- -1.00 (1)
0.8442 +- -1.00 (1)
0.9648 +- -1.00 (1)
0.8344 +- -1.00 (1)
0.8714 +- -1.00 (1)
0.9445 +- -1.00 (1)
0.7766 +- -1.00 (1)
0.8496 +- -1.00 (1)
0.7086 +- -1.00 (1)
0.8175 +- -1.00 (1)
0.9600 +- -1.00 (1)
0.9556 +- -1.00 (1)
0.8660 +- -1.00 (1)
0.8237 +- -1.00 (1)
0.8971 +- -1.00 (1)
0.9134 +- -1.00 (1)
0.8870 +- -1.00 (1)
0.9101 +- -1.00 (1)
0.7361 +- -1.00 (1)
0.5076 +- -1.00 (1)
0.9534 +- -1.00 (1)
0.9600 +- -1.00 (1)
0.9703 +- -1.00 (1)
0.8144 +- -1.00 (1)
0.9729 +- -1.00 (1)
0.8687 +- -1.00 (1)
0.8218 +- -1.00 (1)
0.9574 +- -1.00 (1)
0.9640 +- -1.00 (1)
0.9858 +- -1.00 (1)
0.5260 +- -1.00 (1)
0.6337 +- -1.00 (1)
0.9739 +- -1.00 (1)
0.9790 +- -1.00 (1)
0.9604 +- -1.00 (1)
0.9793 +- -1.00 (1)
0.9704 +- -1.00 (1)
0.9411 +- -1.00 (1)
0.9741 +- -1.00 (1)
0.9724 +- -1.00 (1)
0.7585 +- -1.00 (1)
0.9564 +- -1.00 (1)
0.9823 +- -1.00 (1)
0.7898 +- -1.00 (1)
0.9777 +- -1.00 (1)
0.9564 +- -1.00 (1)
0.9802 +- -1.00 (1)
0.9047 +- -1.00 (1)
0.9707 +- -1.00 (1)
0.9597 +- -1.00 (1)
0.9684 +- -1.00 (1)
0.5317 +- -1.00 (1)
0.9706 +- -1.00 (1)
0.5573 +- -1.00 (1)
0.7194 +- -1.00 (1)
0.9569 +- -1.00 (1)
0.9687 +- -1.00 (1)
0.9674 +- -1.00 (1)
0.9796 +- -1.00 (1)
0.8404 +- -1.00 (1)
0.8056 +- -1.00 (1)
0.7647 +- -1.00 (1)
0.9828 +- -1.00 (1)
0.7167 +- -1.00 (1)
0.8736 +- -1.00 (1)
0.6635 +- -1.00 (1)
0.9795 +- -1.00 (1)
0.9779 +- -1.00 (1)
0.9788 +- -1.00 (1)
0.9870 +- -1.00 (1)
0.9743 +- -1.00 (1)
0.9564 +- -1.00 (1)
0.9862 +- -1.00 (1)
0.9598 +- -1.00 (1)
0.9000 +- -1.00 (1)
0.8463 +- -1.00 (1)
0.9816 +- -1.00 (1)
0.9832 +- -1.00 (1)
0.9828 +- -1.00 (1)
0.9667 +- -1.00 (1)
0.7209 +- -1.00 (1)
0.9812 +- -1.00 (1)
0.9746 +- -1.00 (1)
0.9845 +- -1.00 (1)
0.9759 +- -1.00 (1)
0.9793 +- -1.00 (1)
0.9745 +- -1.00 (1)
0.8667 +- -1.00 (1)
0.9719 +- -1.00 (1)
0.9785 +- -1.00 (1)
0.7912 +- -1.00 (1)
0.9292 +- -1.00 (1)
0.9829 +- -1.00 (1)
0.9225 +- -1.00 (1)
0.7693 +- -1.00 (1)
0.9892 +- -1.00 (1)
0.9763 +- -1.00 (1)
0.9819 +- -1.00 (1)
0.7910 +- -1.00 (1)
0.8362 +- -1.00 (1)
0.8995 +- -1.00 (1)
0.9839 +- -1.00 (1)
0.7577 +- -1.00 (1)
0.8868 +- -1.00 (1)
0.9759 +- -1.00 (1)
0.8210 +- -1.00 (1)
0.9676 +- -1.00 (1)
0.9695 +- -1.00 (1)
0.9818 +- -1.00 (1)
0.9771 +- -1.00 (1)
0.9875 +- -1.00 (1)
0.9901 +- -1.00 (1)
0.9844 +- -1.00 (1)
0.9292 +- -1.00 (1)
0.6710 +- -1.00 (1)
0.9871 +- -1.00 (1)
0.9770 +- -1.00 (1)
0.9742 +- -1.00 (1)
0.9037 +- -1.00 (1)
0.9783 +- -1.00 (1)
0.7799 +- -1.00 (1)
0.9827 +- -1.00 (1)
0.9698 +- -1.00 (1)
0.8012 +- -1.00 (1)
0.9632 +- -1.00 (1)
0.9578 +- -1.00 (1)
0.8912 +- -1.00 (1)
0.7494 +- -1.00 (1)
0.8497 +- -1.00 (1)
0.8955 +- -1.00 (1)
0.9812 +- -1.00 (1)
0.9817 +- -1.00 (1)
0.7568 +- -1.00 (1)
0.9388 +- -1.00 (1)
0.9700 +- -1.00 (1)
0.9725 +- -1.00 (1)
0.9124 +- -1.00 (1)
0.9344 +- -1.00 (1)
0.9740 +- -1.00 (1)
0.9392 +- -1.00 (1)
0.9670 +- -1.00 (1)
0.9426 +- -1.00 (1)
0.9779 +- -1.00 (1)
0.8789 +- -1.00 (1)
0.9209 +- -1.00 (1)
0.9822 +- -1.00 (1)
0.8680 +- -1.00 (1)
0.9787 +- -1.00 (1)
0.9811 +- -1.00 (1)
0.9703 +- -1.00 (1)
0.9365 +- -1.00 (1)
0.7407 +- -1.00 (1)
0.9781 +- -1.00 (1)
0.9744 +- -1.00 (1)
0.9708 +- -1.00 (1)
0.9032 +- -1.00 (1)
0.9698 +- -1.00 (1)
0.8044 +- -1.00 (1)
0.9380 +- -1.00 (1)
0.8956 +- -1.00 (1)
0.7887 +- -1.00 (1)
0.8557 +- -1.00 (1)
0.9376 +- -1.00 (1)
0.9731 +- -1.00 (1)
0.8943 +- -1.00 (1)
0.7732 +- -1.00 (1)
0.9550 +- -1.00 (1)
0.9539 +- -1.00 (1)
0.9616 +- -1.00 (1)
0.6409 +- -1.00 (1)
0.8076 +- -1.00 (1)
0.9278 +- -1.00 (1)
0.9514 +- -1.00 (1)
0.9736 +- -1.00 (1)
0.9119 +- -1.00 (1)
0.9661 +- -1.00 (1)
0.9166 +- -1.00 (1)
0.9736 +- -1.00 (1)
0.6141 +- -1.00 (1)
0.9272 +- -1.00 (1)
0.9413 +- -1.00 (1)
0.9575 +- -1.00 (1)
0.9365 +- -1.00 (1)
0.8781 +- -1.00 (1)
0.9387 +- -1.00 (1)
0.7320 +- -1.00 (1)
0.9333 +- -1.00 (1)
0.9658 +- -1.00 (1)
0.8858 +- -1.00 (1)
0.9451 +- -1.00 (1)
0.9593 +- -1.00 (1)
0.8770 +- -1.00 (1)
0.9088 +- -1.00 (1)
0.9688 +- -1.00 (1)
0.9284 +- -1.00 (1)
0.8888 +- -1.00 (1)
0.9684 +- -1.00 (1)
0.9061 +- -1.00 (1)
0.7550 +- -1.00 (1)
0.9613 +- -1.00 (1)
0.7989 +- -1.00 (1)
0.9612 +- -1.00 (1)
0.9570 +- -1.00 (1)
0.9662 +- -1.00 (1)
0.8544 +- -1.00 (1)
0.9679 +- -1.00 (1)
0.8960 +- -1.00 (1)
0.9600 +- -1.00 (1)
0.9087 +- -1.00 (1)
0.9618 +- -1.00 (1)
0.7663 +- -1.00 (1)
0.8376 +- -1.00 (1)
0.9242 +- -1.00 (1)
0.7259 +- -1.00 (1)
0.9523 +- -1.00 (1)
0.9156 +- -1.00 (1)
0.8942 +- -1.00 (1)
0.7570 +- -1.00 (1)
0.8591 +- -1.00 (1)
0.9183 +- -1.00 (1)
0.9512 +- -1.00 (1)
0.7495 +- -1.00 (1)
0.9629 +- -1.00 (1)
0.9556 +- -1.00 (1)
0.9710 +- -1.00 (1)
0.9649 +- -1.00 (1)
0.7854 +- -1.00 (1)
0.8305 +- -1.00 (1)
0.8835 +- -1.00 (1)
0.9314 +- -1.00 (1)
0.9301 +- -1.00 (1)
0.8185 +- -1.00 (1)
0.9561 +- -1.00 (1)
0.8664 +- -1.00 (1)
0.9601 +- -1.00 (1)
0.8547 +- -1.00 (1)
0.9610 +- -1.00 (1)
0.9507 +- -1.00 (1)
0.6880 +- -1.00 (1)
0.6504 +- -1.00 (1)
0.8500 +- -1.00 (1)
0.9421 +- -1.00 (1)
0.9666 +- -1.00 (1)
0.8529 +- -1.00 (1)
0.8944 +- -1.00 (1)
0.9446 +- -1.00 (1)
0.9182 +- -1.00 (1)
0.9212 +- -1.00 (1)
0.7757 +- -1.00 (1)
0.9382 +- -1.00 (1)
0.9051 +- -1.00 (1)
0.9047 +- -1.00 (1)
0.9558 +- -1.00 (1)
0.9470 +- -1.00 (1)
0.9754 +- -1.00 (1)
0.7046 +- -1.00 (1)
0.8927 +- -1.00 (1)
0.8346 +- -1.00 (1)
0.8384 +- -1.00 (1)
0.9081 +- -1.00 (1)
0.9632 +- -1.00 (1)
0.8522 +- -1.00 (1)
0.9625 +- -1.00 (1)
0.8629 +- -1.00 (1)
0.7183 +- -1.00 (1)
0.9468 +- -1.00 (1)
0.9510 +- -1.00 (1)
0.7498 +- -1.00 (1)
0.8577 +- -1.00 (1)
0.8189 +- -1.00 (1)
0.9112 +- -1.00 (1)
0.8724 +- -1.00 (1)
0.7884 +- -1.00 (1)
0.9475 +- -1.00 (1)
0.7688 +- -1.00 (1)
0.8803 +- -1.00 (1)
0.8591 +- -1.00 (1)
0.8119 +- -1.00 (1)
0.9559 +- -1.00 (1)
0.9583 +- -1.00 (1)
0.9357 +- -1.00 (1)
0.8540 +- -1.00 (1)
0.8884 +- -1.00 (1)
0.7694 +- -1.00 (1)
0.9595 +- -1.00 (1)
0.9561 +- -1.00 (1)
0.7378 +- -1.00 (1)
0.8374 +- -1.00 (1)
0.7874 +- -1.00 (1)
0.9277 +- -1.00 (1)
0.7271 +- -1.00 (1)
0.7612 +- -1.00 (1)
0.7710 +- -1.00 (1)
0.7555 +- -1.00 (1)
0.8688 +- -1.00 (1)
0.8802 +- -1.00 (1)
0.9285 +- -1.00 (1)
0.9382 +- -1.00 (1)
0.9432 +- -1.00 (1)
0.8226 +- -1.00 (1)
0.7500 +- -1.00 (1)
0.9530 +- -1.00 (1)
0.9655 +- -1.00 (1)
0.7867 +- -1.00 (1)
0.7649 +- -1.00 (1)
0.9029 +- -1.00 (1)
0.8828 +- -1.00 (1)
0.9669 +- -1.00 (1)
0.7493 +- -1.00 (1)
0.8519 +- -1.00 (1)
0.9196 +- -1.00 (1)
0.8487 +- -1.00 (1)
0.9432 +- -1.00 (1)
0.7610 +- -1.00 (1)
0.8048 +- -1.00 (1)
0.9399 +- -1.00 (1)
0.9597 +- -1.00 (1)
