0.9627 0.7079 0.6812 6
0.9828 0.6462 0.6351 6
0.9552 0.418 0.3987 10
0.9709 0.4478 0.4344 10
0.9623 0.756 0.7241 27
0.9723 0.4978 0.4839 8
0.9832 0.4533 0.4456 8
0.9882 0.4822 0.4764 21
0.9562 0.3835 0.3666 8
0.9603 0.6437 0.6179 11
0.9506 0.4574 0.4322 30
0.9622 0.581 0.5576 22
0.9858 0.5946 0.5861 9
0.9775 0.4625 0.4521 8
0.9743 0.5994 0.5839 7
0.979 0.4821 0.472 2
0.9849 0.7442 0.7327 20
0.9604 0.4001 0.3843 2
0.9819 0.4536 0.4454 1
0.9698 0.7652 0.7418 6
0.9732 0.501 0.4871 14
0.9799 0.4958 0.4858 6
0.9724 0.6085 0.5906 30
0.9892 0.4763 0.471 8
0.9796 0.4922 0.4821 10
0.9819 0.5105 0.5011 17
0.9841 0.5755 0.5662 7
0.9841 0.4968 0.4888 5
0.9772 0.4933 0.4816 9
0.9851 0.4132 0.4069 15
0.9702 0.5612 0.544 16
0.9767 0.4427 0.4324 7
0.9829 0.493 0.4845 33
0.9688 0.5284 0.5118 13
0.9789 0.535 0.5233 16
0.9806 0.6155 0.6034 5
0.9861 0.4705 0.4639 8
0.9716 0.3879 0.3767 9
0.9798 0.7025 0.6881 12
0.9823 0.4438 0.4349 14
0.9794 0.5647 0.5519 22
0.9837 0.6336 0.623 12
0.9834 0.4258 0.4187 12
0.9887 0.4385 0.4334 9
0.976 0.591 0.5768 10
0.9849 0.4701 0.4622 19
0.9858 0.5453 0.5374 18
0.9835 0.6265 0.6158 5
0.9804 0.5367 0.5262 2
0.9824 0.6103 0.5986 33
0.9799 0.6009 0.5883 22
0.9832 0.6516 0.64 16
0.987 0.6485 0.6395 31
0.981 0.5201 0.5102 2
0.9821 0.5575 0.5473 7
0.9862 0.6333 0.624 19
0.9769 0.5034 0.4915 12
0.9788 0.645 0.6306 19
0.9862 0.4889 0.482 10
0.9814 0.5233 0.5131 18
0.9843 0.431 0.424 11
0.9838 0.5427 0.5338 14
0.9843 0.5883 0.5787 17
0.9837 0.6081 0.5975 20
0.9797 0.5331 0.5218 12
0.978 0.5535 0.5412 8
0.9838 0.5039 0.4957 11
0.9814 0.5674 0.5568 6
0.9807 0.6027 0.5907 12
0.9818 0.7129 0.6998 14
0.9836 0.5666 0.5566 17
0.9777 0.6338 0.6197 3
0.9886 0.6275 0.6193 22
0.9796 0.6481 0.6345 20
0.983 0.4991 0.4901 14
0.9832 0.5724 0.5626 14
0.9801 0.4952 0.4853 8
0.9755 0.6097 0.5947 7
0.9897 0.6046 0.598 33
0.9822 0.6632 0.6509 11
0.9839 0.546 0.537 17
0.984 0.4648 0.457 15
0.9789 0.677 0.6624 18
0.9858 0.5766 0.568 20
0.9831 0.5933 0.5829 14
0.9841 0.671 0.6601 22
0.9832 0.6241 0.6136 14
0.9786 0.6311 0.6161 26
0.9788 0.5589 0.5468 15
0.9827 0.5232 0.5135 31
0.9849 0.5933 0.5837 14
0.9798 0.5615 0.5501 8
0.9837 0.6292 0.6189 10
0.9878 0.5654 0.558 13
0.9872 0.5754 0.5677 19
0.989 0.5542 0.548 9
0.9823 0.5609 0.5504 15
0.976 0.5504 0.5367 16
0.9862 0.5069 0.4994 21
0.9849 0.5159 0.5078 23
0.9843 0.4759 0.4682 31
0.988 0.6476 0.6392 21
0.982 0.5865 0.5756 14
0.9869 0.6835 0.6742 12
0.9898 0.5317 0.5261 20
0.9792 0.6607 0.6467 17
0.9863 0.5402 0.532 12
0.9846 0.6683 0.6572 12
0.9818 0.5662 0.5554 15
0.9859 0.6582 0.6485 15
0.9837 0.6789 0.6677 17
0.983 0.5893 0.5792 9
0.9885 0.5664 0.5595 13
0.9887 0.5263 0.5202 9
0.9892 0.6019 0.5951 21
0.9815 0.5931 0.5818 17
0.9804 0.545 0.534 10
0.9708 0.648 0.6287 16
0.9817 0.551 0.5403 30
0.9831 0.5175 0.5081 22
0.9869 0.6199 0.6103 26
0.982 0.6645 0.6525 15
0.9801 0.5668 0.5551 20
0.9857 0.6655 0.6547 21
0.9832 0.6087 0.5983 17
0.9802 0.6029 0.5908 12
0.9811 0.645 0.6324 19
0.9834 0.5955 0.585 22
0.9824 0.5327 0.523 22
0.9856 0.5806 0.5717 14
0.9804 0.5548 0.5437 20
0.9845 0.5783 0.5692 12
0.9817 0.5387 0.5287 16
0.9807 0.5933 0.5818 17
0.987 0.5995 0.5911 19
0.9819 0.5725 0.5614 23
0.9819 0.5896 0.5784 28
0.9757 0.6108 0.5955 19
0.9814 0.6111 0.5995 17
0.9801 0.6539 0.6408 12
0.9804 0.5931 0.581 12
0.9791 0.5774 0.564 14
0.9692 0.5755 0.5577 11
0.9732 0.5617 0.5461 17
0.9718 0.5341 0.519 4
0.9755 0.6654 0.648 15
0.9751 0.5712 0.5563 23
0.9735 0.5314 0.517 10
0.9681 0.5988 0.5795 11
0.9799 0.5355 0.5242 15
0.9813 0.5563 0.5458 8
0.9721 0.5714 0.5554 12
0.9747 0.5917 0.5766 8
0.9749 0.5744 0.5594 26
0.9747 0.5703 0.5556 14
0.9744 0.6184 0.6023 27
0.9744 0.5633 0.5488 17
0.9782 0.5709 0.5582 13
0.9758 0.6334 0.6179 8
0.9778 0.5091 0.4971 23
0.9751 0.552 0.5381 10
0.9739 0.581 0.5654 11
0.9736 0.5485 0.5336 12
0.9732 0.5671 0.5516 16
0.9795 0.6247 0.6113 27
0.9762 0.5841 0.569 18
0.9768 0.6235 0.6078 18
0.9716 0.5444 0.5287 16
0.9662 0.5481 0.5294 15
0.9716 0.5967 0.5791 30
0.9763 0.5617 0.5478 28
0.9719 0.5693 0.5532 10
0.9702 0.5614 0.5442 17
0.971 0.6255 0.6071 9
0.9746 0.5438 0.5295 21
0.9765 0.5279 0.5153 16
0.9766 0.5731 0.559 20
0.9751 0.5264 0.5132 15
0.9785 0.5568 0.5447 13
0.9748 0.5163 0.5028 20
0.9737 0.5426 0.5283 13
0.9754 0.5482 0.5344 9
0.9714 0.5532 0.5371 12
0.9744 0.5315 0.5178 10
0.9745 0.6332 0.6163 28
0.9722 0.5421 0.5268 13
0.9751 0.4961 0.4837 3
0.9751 0.6421 0.6257 21
0.9736 0.6049 0.588 29
0.9766 0.5765 0.5621 18
0.9779 0.5349 0.5228 21
0.9754 0.5896 0.5747 15
0.9701 0.5393 0.5227 17
0.9679 0.5068 0.4905 13
0.9775 0.5131 0.5013 12
0.9762 0.605 0.5904 10
0.9718 0.5265 0.5114 15
0.9745 0.6239 0.6073 16
0.9813 0.5963 0.5844 26
0.9737 0.5665 0.5512 9
0.9753 0.5978 0.5828 14
0.9739 0.555 0.5401 10
0.9701 0.5559 0.5391 15
0.9711 0.5825 0.5654 17
0.9731 0.5362 0.5215 13
0.972 0.5102 0.4954 21
0.9759 0.5788 0.5644 17
0.9782 0.5446 0.532 22
0.9716 0.5656 0.5495 5
0.981 0.5531 0.5418 17
0.9779 0.6076 0.5934 15
0.9676 0.5894 0.57 17
0.969 0.5579 0.5402 12
0.9689 0.5471 0.5298 18
0.9722 0.5744 0.5574 28
0.9697 0.5095 0.4939 12
0.9759 0.5712 0.5573 12
0.9713 0.5752 0.5585 11
0.9729 0.5531 0.5379 8
0.9715 0.5714 0.5548 21
0.9736 0.545 0.5304 12
0.9724 0.5521 0.5367 15
0.9778 0.591 0.5773 26
0.976 0.6084 0.5932 18
0.9727 0.562 0.5462 23
0.9659 0.6427 0.6203 13
0.963 0.6009 0.5785 10
0.9683 0.5904 0.5714 15
0.976 0.5263 0.513 18
0.9741 0.5791 0.5638 18
0.974 0.5981 0.5821 28
0.9727 0.551 0.5355 20
0.9665 0.5824 0.5627 16
0.9699 0.5512 0.5345 7
0.9742 0.5651 0.5498 25
0.9726 0.5877 0.5713 18
0.9714 0.5799 0.5628 16
0.9706 0.5764 0.5592 14
0.9692 0.5861 0.5678 17
0.9724 0.5886 0.5718 22
0.9716 0.5583 0.542 23
0.9715 0.667 0.6477 15
0.9699 0.5687 0.551 15
0.971 0.6424 0.6235 18
0.9673 0.5461 0.5279 10
0.967 0.5728 0.5536 7
0.9683 0.5513 0.5334 14
0.9684 0.5257 0.5088 16
0.9684 0.5543 0.5361 10
0.9758 0.5759 0.5619 16
0.9763 0.5378 0.5245 10
0.9717 0.5709 0.5544 21
0.9705 0.5298 0.5141 6
0.9699 0.5681 0.5507 11
0.9729 0.5627 0.5467 10
0.9686 0.5814 0.563 8
0.9721 0.5626 0.5466 15
0.9732 0.556 0.5408 16
0.9736 0.5936 0.5776 20
0.9674 0.5595 0.541 11
0.9718 0.5846 0.5678 16
0.9631 0.5429 0.5225 15
0.9694 0.6057 0.5865 23
0.9722 0.5526 0.5365 25
0.969 0.5561 0.5387 12
0.9649 0.5461 0.5266 21
0.9705 0.563 0.5461 13
0.9616 0.5587 0.5368 10
0.9694 0.5656 0.548 18
0.9741 0.5506 0.5361 12
0.9681 0.5523 0.5338 16
0.9729 0.5961 0.5795 19
0.9774 0.5588 0.5452 26
0.9701 0.5821 0.564 16
0.9702 0.5488 0.5323 9
0.9691 0.5567 0.539 21
0.9693 0.5675 0.5498 9
0.9702 0.5221 0.5057 23
0.9688 0.5447 0.5274 14
0.9696 0.5351 0.5182 17
0.9738 0.6328 0.6157 17
0.9634 0.5596 0.5385 15
0.974 0.5621 0.5467 15
0.9683 0.5776 0.5587 17
0.9625 0.5733 0.5517 12
0.9723 0.5667 0.55 19
0.9694 0.548 0.5309 7
0.9708 0.5476 0.5309 17
0.9708 0.5796 0.562 31
0.9726 0.5412 0.5258 9
0.9629 0.5626 0.5416 10
0.968 0.5141 0.4968 13
0.9656 0.5333 0.5147 17
0.9753 0.6054 0.5903 18
0.9674 0.5434 0.5251 9
0.9649 0.5689 0.5487 14
0.9729 0.5411 0.5261 11
0.9712 0.5708 0.554 11
0.9642 0.5696 0.5488 10
0.9727 0.5471 0.5314 17
0.9627 0.7184 0.6912 10
0.9813 0.5428 0.5316 26
0.9583 0.5489 0.5259 6
0.9708 0.6058 0.5865 15
0.9667 0.5974 0.577 19
0.9719 0.6105 0.5927 8
0.9815 0.4572 0.4487 10
0.9882 0.6525 0.6445 9
0.9506 0.6477 0.6156 4
0.9609 0.8563 0.8218 7
0.9534 0.6704 0.6388 6
0.9622 0.7265 0.698 15
0.987 0.9446 0.9311 16
0.9787 0.2678 0.2619 14
0.978 0.6301 0.6161 11
0.9778 0.3353 0.3252 31
0.9849 0.5989 0.5895 13
0.9604 0.4133 0.3969 1
0.9793 0.2738 0.2681 4
0.9655 0.5055 0.4866 16
0.9716 0.6441 0.6252 16
0.9777 0.6462 0.6313 19
0.9731 0.727 0.707 13
0.9874 0.9054 0.8934 16
0.9774 0.6684 0.651 14
0.9855 0.5664 0.5582 3
0.9795 0.7532 0.7371 13
0.9803 0.6997 0.6836 25
0.9807 0.7649 0.7492 15
0.9851 0.4572 0.4499 17
0.9685 0.5916 0.5715 17
0.9725 0.6607 0.6422 13
0.9842 0.3892 0.3829 10
0.9694 0.6011 0.5818 24
0.9812 0.5937 0.5823 8
0.9806 0.8333 0.8169 9
0.9865 0.3479 0.3429 27
0.9716 0.784 0.7608 6
0.9801 0.7373 0.722 14
0.9812 0.7056 0.6913 15
0.979 0.7618 0.7445 27
0.984 0.4837 0.476 6
0.9893 0.7133 0.7011 29
0.9861 0.6711 0.66 13
0.9753 0.632 0.6163 14
0.9829 0.542 0.5319 23
0.9836 0.5415 0.5321 22
0.9835 0.7161 0.7031 21
0.9786 0.6756 0.661 12
0.9847 0.7804 0.7675 31
0.9827 0.7119 0.6985 18
0.9809 0.7242 0.7102 7
0.987 0.7679 0.7578 20
0.9807 0.7556 0.74 26
0.9831 0.6493 0.6377 22
0.9862 0.5109 0.5028 15
0.9779 0.6855 0.6701 14
0.9734 0.6342 0.6173 7
0.9853 0.6722 0.6614 13
0.9821 0.6211 0.6093 22
0.9817 0.6612 0.6484 23
0.9821 0.5974 0.5863 11
0.9781 0.6951 0.6798 12
0.9841 0.6972 0.6853 11
0.9776 0.5507 0.5382 13
0.9793 0.701 0.6861 16
0.9832 0.7819 0.7679 27
0.9802 0.7284 0.7125 9
0.9846 0.6039 0.5932 20
0.9821 0.4847 0.4755 18
0.9836 0.5702 0.559 34
0.9838 0.7484 0.7353 28
0.9816 0.9397 0.9219 36
0.9762 0.581 0.5669 8
0.9856 0.9177 0.904 20
0.9842 0.5772 0.5673 19
0.9817 0.731 0.7172 9
0.976 0.5484 0.5351 16
0.9896 0.7813 0.7724 30
0.9811 0.6569 0.6431 19
0.9851 0.5236 0.5126 33
0.9854 0.6182 0.6088 15
0.98 0.5939 0.5818 12
0.9867 0.6791 0.6696 14
0.9836 0.478 0.4693 16
0.9833 0.5972 0.5867 17
0.9827 0.7104 0.6967 28
0.9764 0.5916 0.5767 22
0.9791 0.6462 0.6316 14
0.9819 0.5442 0.5342 7
0.9799 0.5996 0.5857 43
0.9808 0.5405 0.5291 21
0.9854 0.6959 0.6853 19
0.9878 0.7028 0.6931 28
0.9889 0.6536 0.6455 17
0.9855 0.6414 0.6314 20
0.9823 0.6923 0.6789 34
0.9724 0.6779 0.6587 19
0.988 0.7691 0.759 29
0.9849 0.6616 0.651 18
0.985 0.7019 0.6909 20
0.988 0.767 0.7572 24
0.9808 0.6323 0.6197 17
0.9847 0.6274 0.6171 12
0.9878 0.6917 0.6817 27
0.9849 0.6306 0.6202 27
0.9867 0.7274 0.7174 29
0.9808 0.617 0.6048 27
0.9777 0.7033 0.6871 15
0.9817 0.5949 0.5826 38
0.9841 0.6115 0.601 19
0.9807 0.6924 0.6779 28
0.9871 0.6029 0.5946 19
0.9845 0.5831 0.5737 18
0.9863 0.5306 0.5212 20
0.9807 0.6387 0.6257 21
0.9808 0.6894 0.6757 14
0.9749 0.6385 0.6221 18
0.9841 0.5795 0.5695 23
0.984 0.6289 0.6185 29
0.9845 0.6011 0.5912 26
0.9808 0.6401 0.6276 13
0.9767 0.7459 0.7278 17
0.9838 0.652 0.6409 28
0.979 0.6335 0.6193 18
0.9811 0.6424 0.6298 18
0.9801 0.7188 0.7036 29
0.9804 0.6022 0.5895 23
0.9835 0.673 0.6613 26
0.985 0.7991 0.7858 19
0.9803 0.7079 0.6938 10
0.9826 0.6283 0.6166 13
0.983 0.6571 0.6455 29
0.9804 0.6003 0.5881 20
0.9825 0.7007 0.6877 18
0.9807 0.652 0.6382 15
0.9839 0.7046 0.6913 17
0.9762 0.6276 0.6116 23
0.9814 0.5257 0.5153 21
0.9795 0.6259 0.6123 26
0.9808 0.6387 0.6246 26
0.9752 0.6748 0.6578 9
0.9713 0.6711 0.6514 26
0.9751 0.6832 0.6656 21
0.9751 0.6352 0.6192 23
0.9751 0.5656 0.5499 17
0.9739 0.6343 0.6158 21
0.9758 0.6569 0.6403 21
0.9643 0.5761 0.5552 21
0.9808 0.7134 0.697 20
0.98 0.5266 0.5142 42
0.9733 0.6168 0.6001 15
0.9767 0.6098 0.5948 23
0.9721 0.5758 0.5593 20
0.9825 0.72 0.7061 31
0.9749 0.6682 0.6505 23
0.9729 0.5838 0.5677 19
0.9774 0.5907 0.577 18
0.9738 0.6358 0.6183 18
0.978 0.5998 0.5859 12
0.9732 0.6002 0.5836 20
0.9711 0.6926 0.6718 21
0.9764 0.6808 0.6635 26
0.9706 0.6377 0.6187 10
0.9724 0.602 0.585 14
0.9693 0.7262 0.7021 22
0.9777 0.5327 0.5206 19
0.9749 0.6732 0.6561 17
0.969 0.6 0.5809 23
0.9727 0.6875 0.6682 27
0.9735 0.5943 0.5777 26
0.9713 0.7396 0.7174 23
0.9673 0.6865 0.6633 16
0.9709 0.6521 0.6325 15
0.9726 0.6238 0.606 13
0.9729 0.6143 0.5962 21
0.9748 0.5707 0.5554 24
0.9739 0.7183 0.6994 15
0.9783 0.6525 0.6365 22
0.9749 0.6298 0.6129 26
0.969 0.6534 0.6324 23
0.9742 0.6717 0.6538 17
0.9695 0.6818 0.6604 23
0.9736 0.5679 0.5525 16
0.9751 0.5921 0.5765 22
0.9707 0.7227 0.7003 24
0.9739 0.633 0.6155 20
0.9748 0.5627 0.5477 23
0.9727 0.6183 0.6003 15
0.9702 0.5898 0.5709 17
0.9736 0.638 0.6197 29
0.976 0.6023 0.5855 22
0.9733 0.6302 0.6117 30
0.9736 0.6374 0.6201 13
0.9707 0.6659 0.6451 13
0.9743 0.6078 0.592 16
0.9747 0.6576 0.6404 24
0.9768 0.6841 0.6679 19
0.9747 0.6741 0.6561 18
0.9706 0.656 0.6354 18
0.974 0.6607 0.6428 18
0.9716 0.6615 0.6423 21
0.972 0.7005 0.6795 29
0.9733 0.5926 0.5765 18
0.9718 0.7223 0.701 23
0.9668 0.7459 0.7191 16
0.9769 0.7373 0.7188 27
0.9703 0.5858 0.568 16
0.9736 0.6091 0.5918 26
0.9779 0.6693 0.6538 23
0.9733 0.7224 0.702 28
0.9682 0.6276 0.6066 18
0.9663 0.5889 0.5679 18
0.9715 0.6542 0.6342 25
0.9696 0.7071 0.6846 18
0.971 0.6233 0.604 23
0.9709 0.6465 0.6272 29
0.9745 0.6578 0.6405 11
0.976 0.6332 0.6174 28
0.9715 0.6521 0.6322 17
0.9725 0.5874 0.5702 29
0.9717 0.6766 0.657 17
0.9708 0.6701 0.649 28
0.9732 0.6046 0.5876 23
0.975 0.6976 0.6787 26
0.9665 0.6584 0.6349 20
0.9692 0.6964 0.6743 15
0.9744 0.6532 0.6349 21
0.9716 0.6742 0.6539 30
0.9739 0.6198 0.6021 27
0.972 0.634 0.6159 30
0.9714 0.6226 0.604 23
0.97 0.5861 0.5676 24
0.9721 0.5911 0.5735 22
0.9694 0.5732 0.5543 26
0.9685 0.6021 0.5817 18
0.9717 0.7515 0.7289 12
0.9717 0.625 0.606 24
0.9668 0.6404 0.6182 24
0.9728 0.6197 0.6022 21
0.9711 0.6307 0.6114 24
0.9679 0.6413 0.6197 16
0.9674 0.6296 0.6087 6
0.968 0.6153 0.5951 14
0.974 0.6567 0.6377 17
0.9675 0.647 0.625 26
0.9731 0.6439 0.6254 16
0.9653 0.676 0.6518 8
0.9717 0.6826 0.6617 26
0.9757 0.6542 0.637 13
0.9753 0.6617 0.6444 10
0.9746 0.6162 0.5991 34
0.9779 0.7039 0.687 16
0.9741 0.5722 0.5555 14
0.9713 0.6464 0.6264 18
0.9682 0.6737 0.6514 21
0.9697 0.6381 0.6181 18
0.9685 0.7085 0.6861 5
0.9779 0.5958 0.5811 31
0.9698 0.5757 0.5581 12
0.9717 0.6717 0.6517 19
0.9643 0.5764 0.5546 21
0.9709 0.6195 0.6004 25
0.9742 0.6695 0.6503 28
0.97 0.5903 0.5711 12
0.9687 0.7351 0.7101 17
0.9699 0.7281 0.7043 23
0.9695 0.5756 0.5555 18
0.9632 0.6559 0.6311 13
0.9704 0.6413 0.6218 8
0.967 0.6432 0.6211 10
0.967 0.64 0.6183 16
0.9701 0.614 0.5951 6
0.9714 0.6944 0.673 20
0.9726 0.6725 0.6525 15
0.969 0.635 0.615 22
0.9749 0.6534 0.6348 26
0.9689 0.6738 0.6524 22
0.9712 0.615 0.5964 22
0.977 0.6301 0.6141 20
0.9737 0.625 0.608 22
0.9658 0.6504 0.6267 18
0.9629 0.5944 0.5718 16
0.9664 0.6247 0.6031 15
0.9665 0.6352 0.6121 15
0.9659 0.6817 0.6579 21
0.9665 0.634 0.6114 15
0.967 0.5783 0.5586 17
0.9693 0.6431 0.6222 18
0.9721 0.6387 0.62 19
0.9686 0.6726 0.6507 21
0.9703 0.6512 0.6304 13
0.9731 0.6454 0.6258 23
0.9713 0.6188 0.5996 21
0.9674 0.6004 0.5798 18
0.968 0.6199 0.5986 18
0.969 0.6113 0.5911 22
0.9639 0.6613 0.6365 16
0.9699 0.5742 0.556 17
0.9689 0.6399 0.6187 17
0.9627 0.9999 0.9609 11
0.9846 0.6126 0.6028 17
0.9583 0.8951 0.8578 2
0.9679 0.9344 0.898 33
0.9666 0.8806 0.8512 1
0.9711 0.8103 0.7862 7
0.98 0.6671 0.6537 3
0.9882 0.7388 0.7275 20
0.9516 0.6908 0.657 13
0.9629 1 0.9625 11
0.9509 0.9883 0.9383 15
0.9602 0.9999 0.9582 11
0.9837 0.9551 0.9392 58
0.9775 0.7272 0.7103 10
0.975 0.5232 0.5099 18
0.9778 0.3614 0.3505 64
0.9862 0.4571 0.4503 23
0.952 1 0.951 8
0.9831 0.3296 0.324 3
0.9673 0.5011 0.484 10
0.9715 1 0.9712 10
0.9752 0.6405 0.6243 14
0.9721 0.8179 0.7926 21
0.9892 0.8205 0.8033 41
0.981 0.7552 0.7386 49
0.9868 0.8257 0.8145 13
0.9801 0.7359 0.7181 45
0.9841 0.5842 0.5742 11
0.9772 0.9328 0.9092 14
0.9853 1 0.9848 13
0.9696 1 0.9689 15
0.9733 0.6631 0.6453 15
0.9807 0.4535 0.4446 11
0.9723 0.6287 0.6107 23
0.9815 0.6831 0.6703 10
0.9829 0.6017 0.5885 18
0.9861 0.9105 0.8976 9
0.9692 1 0.9657 8
0.9809 0.8578 0.8397 27
0.9804 0.8294 0.8082 19
0.9776 0.9652 0.9415 29
0.9837 0.4668 0.4589 8
0.9829 0.6732 0.66 24
0.9897 1 0.9892 15
0.9752 0.5514 0.5373 14
0.9827 0.822 0.8074 23
0.9849 0.7552 0.7419 28
0.9809 0.711 0.6972 18
0.9764 0.6218 0.6058 21
0.983 0.711 0.6981 15
0.9818 0.7064 0.6923 14
0.9809 0.9156 0.897 13
0.987 0.6804 0.6714 12
0.9795 0.3609 0.3529 22
0.9818 0.6851 0.6724 8
0.9862 0.7434 0.7324 23
0.9779 0.4727 0.4619 14
0.9782 0.8365 0.8178 13
0.9877 0.6126 0.6044 18
0.9801 0.6196 0.6057 26
0.9834 0.7843 0.7709 21
0.9824 0.9339 0.917 27
0.9798 0.5901 0.5768 19
0.981 0.7844 0.7687 15
0.9781 0.6753 0.6601 39
0.9775 0.8528 0.8326 29
0.9832 0.745 0.7319 21
0.9802 0.6099 0.5965 15
0.9792 0.899 0.88 25
0.9834 0.9127 0.8968 26
0.9821 0.9251 0.9059 30
0.9777 0.5727 0.5591 22
0.9855 0.9702 0.9543 54
0.9799 0.72 0.7054 5
0.9828 1 0.9828 12
0.9842 0.6668 0.6545 15
0.9813 0.9629 0.9429 31
0.9754 1 0.9723 19
0.9896 0.7614 0.7523 30
0.9782 1 0.9782 11
0.9826 0.805 0.7891 18
0.9832 0.9425 0.9261 20
0.9761 0.6558 0.6391 23
0.9867 0.8474 0.8352 20
0.9845 0.8827 0.8678 24
0.9849 0.8504 0.8367 18
0.983 0.7661 0.7528 18
0.9805 0.614 0.6012 27
0.9788 0.9446 0.9234 37
0.9832 0.9402 0.9235 35
0.9831 0.7597 0.7459 24
0.9796 0.9371 0.9177 8
0.9865 1 0.9858 14
0.9872 0.7691 0.7571 19
0.9891 0.9925 0.9808 12
0.981 0.7186 0.7044 17
0.9822 0.7783 0.7629 22
0.9746 0.7901 0.768 12
0.9874 0.9315 0.9192 8
0.9849 0.8359 0.8221 14
0.9841 1 0.9835 10
0.9869 0.7047 0.6943 29
0.982 0.885 0.868 23
0.9845 0.9224 0.9079 17
0.9899 0.5355 0.5287 9
0.9849 0.9092 0.8927 25
0.9866 0.713 0.7028 19
0.9799 0.7017 0.6862 29
0.9824 0.834 0.8191 13
0.9816 0.868 0.8518 11
0.9834 0.619 0.6075 24
0.982 0.8259 0.8098 24
0.9872 0.8267 0.8147 27
0.9835 0.8013 0.7873 21
0.9876 0.867 0.8535 38
0.9792 0.8915 0.872 23
0.9827 0.7635 0.7497 18
0.9749 0.5818 0.5662 23
0.9823 0.6691 0.6556 31
0.985 0.6754 0.6648 21
0.9836 0.6802 0.6685 15
0.9816 0.8317 0.8156 24
0.9786 0.67 0.655 14
0.9853 0.8973 0.8823 26
0.9839 0.802 0.7879 24
0.9792 0.6814 0.6667 21
0.9803 0.671 0.6566 34
0.9779 0.6689 0.6529 24
0.9815 0.6475 0.6339 27
0.9845 0.9116 0.8941 33
0.9782 0.8306 0.8116 29
0.9834 0.8291 0.8143 25
0.9851 0.8842 0.8695 28
0.9846 0.7224 0.7106 30
0.9837 0.7793 0.7658 18
0.9779 0.7278 0.7117 5
0.9838 0.6043 0.5932 29
0.9767 0.838 0.8176 17
0.9847 0.8913 0.8771 25
0.9814 0.7763 0.761 16
0.9804 0.8591 0.8414 15
0.9708 0.9442 0.9164 11
0.974 0.8895 0.8656 14
0.9719 0.7844 0.7612 14
0.9741 0.9032 0.8771 26
0.9737 0.7067 0.6849 23
0.974 0.746 0.7255 26
0.9753 0.6048 0.5886 19
0.9697 0.6983 0.6739 20
0.9788 0.7769 0.759 15
0.9739 0.443 0.4305 32
0.9753 0.8767 0.8521 29
0.9703 0.6609 0.641 19
0.9724 0.8798 0.8548 17
0.98 0.8537 0.8357 19
0.9722 0.71 0.6894 17
0.9702 0.9133 0.8851 24
0.9777 0.9394 0.9176 24
0.9732 0.65 0.6322 14
0.9776 0.7717 0.753 16
0.9759 0.7245 0.7052 29
0.9688 0.819 0.7918 15
0.9682 0.7844 0.7584 17
0.9721 0.701 0.6804 19
0.978 0.7901 0.7696 29
0.9742 0.7322 0.7122 25
0.9734 0.7872 0.765 16
0.9737 0.9323 0.9055 23
0.9684 0.7159 0.6916 28
0.973 0.7941 0.7716 18
0.9766 0.7402 0.7212 26
0.9718 0.9535 0.9235 34
0.9724 0.8134 0.7902 30
0.9742 0.8995 0.8748 30
0.969 0.6937 0.6711 24
0.9721 0.8533 0.8283 25
0.9737 0.807 0.7846 22
0.9762 0.8027 0.7825 24
0.9755 0.6492 0.6327 24
0.9698 0.7144 0.6919 20
0.9785 0.8898 0.8675 26
0.9716 0.8366 0.8109 25
0.9689 0.9712 0.9399 19
0.9724 0.848 0.824 19
0.9737 0.7149 0.6934 39
0.9715 0.7993 0.7749 26
0.9716 0.7654 0.7422 18
0.9724 0.7849 0.7622 16
0.9705 0.7363 0.7128 22
0.9656 0.8897 0.8582 21
0.9774 0.6894 0.6718 33
0.9795 0.9253 0.9039 32
0.9702 0.9156 0.8863 32
0.9723 0.8673 0.842 17
0.968 0.7165 0.6923 21
0.9723 0.8209 0.797 31
0.9786 0.8628 0.8396 33
0.9715 0.7634 0.7403 30
0.9759 0.724 0.706 24
0.973 0.7658 0.7439 16
0.9718 0.7627 0.7398 31
0.9716 0.7769 0.7535 26
0.9672 0.8432 0.814 14
0.97 0.7561 0.7328 16
0.9785 0.6887 0.6725 22
0.9703 0.7388 0.7152 25
0.9752 0.7766 0.7566 19
0.9706 0.6303 0.6108 29
0.9695 0.6303 0.6102 13
0.9669 0.7607 0.7334 21
0.9724 0.7797 0.7557 32
0.9667 0.8821 0.8511 17
0.9723 0.7776 0.7541 24
0.9734 0.8889 0.8628 39
0.9716 0.8391 0.814 27
0.9627 0.7417 0.7138 9
0.9753 0.8083 0.7869 23
0.973 0.8964 0.8708 38
0.9728 0.7307 0.7097 22
0.9741 0.7103 0.6902 29
0.9699 0.6554 0.6337 30
0.9696 0.8179 0.791 18
0.9699 0.8229 0.7977 21
0.9724 0.7713 0.7481 25
0.9696 0.7122 0.6895 32
0.9619 0.7129 0.6854 12
0.9693 0.7809 0.7553 23
0.9692 0.7773 0.7513 26
0.971 0.7029 0.6812 16
0.9704 0.7334 0.7106 13
0.9708 0.7715 0.7473 22
0.9683 0.8221 0.7952 25
0.9661 0.7853 0.7575 9
0.9723 0.802 0.7782 29
0.9728 0.8382 0.8129 28
0.9686 0.67 0.6485 17
0.9713 0.7606 0.7384 21
0.9686 0.7554 0.7303 26
0.9711 0.884 0.8559 30
0.9684 0.6897 0.6667 18
0.9711 0.8027 0.7782 25
0.9716 0.7568 0.7317 24
0.9675 0.7907 0.7626 23
0.9698 0.8416 0.8153 15
0.9706 0.7765 0.7524 20
0.9687 0.6939 0.6701 24
0.9658 0.8476 0.8178 11
0.9695 0.7934 0.7678 19
0.9635 0.7529 0.7238 12
0.9705 0.7673 0.7433 24
0.9758 0.839 0.8174 23
0.9718 0.8554 0.8303 25
0.9751 0.6726 0.6543 12
0.9677 0.7511 0.7249 17
0.9698 0.7448 0.7204 18
0.9759 0.6572 0.6392 34
0.9724 0.7207 0.6988 28
0.9738 0.7349 0.7149 19
0.9807 0.8594 0.842 16
0.9701 0.8622 0.8345 24
0.9691 0.7964 0.7709 21
0.9647 0.8516 0.8201 11
0.9689 0.8099 0.7836 25
0.9703 0.7961 0.7706 24
0.9736 0.7784 0.7563 19
0.9678 0.93 0.8959 30
0.9655 0.697 0.6723 17
0.9653 0.7831 0.7534 21
0.9642 0.8414 0.8089 21
0.9713 0.8083 0.7828 14
0.9643 0.8709 0.8385 21
0.9644 0.9366 0.9028 16
0.972 0.7432 0.7192 27
0.9688 0.7818 0.7562 21
0.9683 0.6853 0.6626 20
0.9653 0.7386 0.7114 16
0.9737 0.9351 0.9078 18
0.9692 0.6885 0.6666 15
0.9709 0.8309 0.8042 30
0.9693 0.7196 0.6966 11
0.9704 0.7074 0.6846 15
0.9646 0.747 0.718 12
0.9673 0.8981 0.8662 22
0.9672 0.6932 0.6689 21
0.9698 0.7566 0.7319 25
0.9643 0.8663 0.8344 22
0.9709 0.8481 0.8209 23
0.9606 0.7996 0.7673 9
0.967 0.7878 0.7609 18
0.9717 0.766 0.7424 18
0.9693 0.8111 0.7839 22
0.9653 0.8232 0.7938 21
0.9667 0.6905 0.6665 12
0.9703 0.8492 0.8224 31
0.9601 0.8109 0.7777 14
0.9671 0.7848 0.7572 22
0.9724 0.7475 0.7237 22
0.9644 0.7945 0.7652 21
0.97 0.7656 0.7407 21
0.9726 0.8307 0.8054 18
0.9627 0.8239 0.7917 8
0.9816 0.8096 0.7945 17
0.9596 0.8325 0.7989 3
0.9727 0.3812 0.3708 7
0.9667 0.8749 0.8407 31
0.9723 0.8795 0.8549 7
0.9832 0.7926 0.7792 3
0.9882 0.9789 0.9632 19
0.9506 0.7038 0.6689 5
0.961 0.8729 0.8383 10
0.9456 0.9737 0.9197 22
0.9645 0.7296 0.7036 6
0.9841 1 0.9841 8
0.9787 0.4987 0.4876 12
0.9743 0.9107 0.8873 8
0.9778 0.8491 0.8302 2
0.9763 1 0.9763 10
0.9604 0.6359 0.61 5
0.981 0.683 0.67 2
0.9668 0.998 0.9613 11
0.9715 1 0.9712 12
0.9755 0.8968 0.8748 3
0.9724 0.8617 0.8378 5
0.9892 1 0.989 7
0.9784 1 0.9783 13
0.985 0.8527 0.8399 4
0.9847 1 0.9847 9
0.9823 0.7937 0.7796 3
0.982 0.7743 0.7584 12
0.9839 0.8649 0.8501 15
0.9704 0.9728 0.9438 7
0.9727 0.7098 0.6902 8
0.9757 0.9444 0.9205 24
0.9661 0.7569 0.7311 7
0.9788 0.9275 0.9075 9
0.9809 0.7999 0.7825 16
0.9856 0.7491 0.7374 16
0.9665 1 0.9665 9
0.9803 1 0.9792 15
0.9804 0.7539 0.7371 18
0.9782 0.8607 0.8407 19
0.9857 0.6359 0.6265 17
0.9799 0.8243 0.8069 22
0.9878 1 0.9868 16
0.9752 0.7902 0.7704 8
0.9857 0.9263 0.9124 15
0.9866 0.9441 0.9306 14
0.9854 0.931 0.9159 24
0.9831 0.9912 0.9742 8
0.982 0.8114 0.7961 29
0.9803 0.8614 0.8438 27
0.9785 0.8965 0.8769 10
0.9857 0.9676 0.9519 23
0.9807 1 0.9802 16
0.9807 0.9992 0.9793 12
0.9862 0.8393 0.8271 15
0.9766 0.8791 0.8582 13
0.9713 0.9936 0.9648 7
0.9873 0.9416 0.9294 11
0.9816 0.9345 0.9166 14
0.9817 0.9714 0.953 17
0.9828 1 0.9824 8
0.9816 0.9515 0.9339 11
0.9859 0.9885 0.9742 17
0.9774 0.8543 0.8349 11
0.9823 0.807 0.7925 10
0.9817 1 0.9816 6
0.9802 0.8731 0.8552 10
0.9807 1 0.98 18
0.9882 0.893 0.8824 8
0.9821 1 0.9818 11
0.9838 0.7519 0.7386 14
0.9872 1 0.9871 3
0.9836 0.8446 0.8306 9
0.9865 0.8175 0.8056 26
0.9842 0.9365 0.9214 7
0.9784 0.884 0.8645 13
0.9728 1 0.9714 14
0.9818 1 0.9818 7
0.9798 0.9054 0.8864 17
0.9826 1 0.9822 15
0.9828 0.7967 0.7829 15
0.9831 0.9012 0.8854 12
0.9866 0.9583 0.9448 14
0.9816 0.9941 0.9758 5
0.9844 1 0.9844 6
0.9821 0.775 0.7606 13
0.9815 0.832 0.8157 19
0.9788 1 0.9788 5
0.983 1 0.9825 23
0.9835 0.8176 0.8032 22
0.9809 0.9126 0.8948 17
0.9885 0.8694 0.8578 49
0.9829 0.8478 0.8332 15
0.9891 1 0.988 19
0.9827 0.8462 0.8316 4
0.9824 0.8715 0.8553 31
0.976 0.9194 0.8965 25
0.986 1 0.985 21
0.9839 1 0.9832 5
0.9839 0.9508 0.9354 11
0.9869 0.9718 0.9584 22
0.981 0.8755 0.8587 15
0.9873 0.8858 0.8741 18
0.9877 0.9637 0.9513 15
0.9836 1 0.9834 12
0.9863 1 0.9857 15
0.9803 0.9319 0.9129 18
0.9782 0.945 0.9232 32
0.983 0.9272 0.9112 25
0.9819 0.9416 0.9245 4
0.9801 1 0.9801 4
0.9901 1 0.9901 8
0.9825 0.8509 0.8359 19
0.9867 0.979 0.9655 25
0.9799 0.9003 0.8821 12
0.9825 1 0.9821 22
0.9773 0.9737 0.9514 4
0.9851 0.8955 0.8821 9
0.9844 1 0.9836 14
0.9831 1 0.9827 18
0.9833 0.9 0.8842 16
0.9784 0.8444 0.8261 11
0.9841 0.7886 0.7756 24
0.9861 0.8757 0.8624 39
0.9782 0.9605 0.9392 18
0.9804 0.9135 0.8947 37
0.9795 0.9023 0.8838 3
0.9833 0.9314 0.9155 14
0.982 0.9506 0.933 15
0.9794 0.8668 0.8486 13
0.9854 1 0.9849 7
0.9834 0.8615 0.8471 8
0.984 0.9821 0.9659 20
0.9839 0.9181 0.903 17
0.9789 0.7937 0.7769 12
0.9846 0.8948 0.8804 18
0.9761 0.9117 0.8894 17
0.9794 0.9325 0.9127 17
0.9812 0.9189 0.9005 29
0.9801 0.9501 0.9309 15
0.9745 0.9196 0.8951 21
0.9694 0.9418 0.9129 6
0.9773 0.9159 0.8947 19
0.9782 0.8586 0.8395 18
0.9752 0.9108 0.8874 14
0.9736 0.8366 0.8137 11
0.9731 0.9109 0.8853 21
0.9704 0.9346 0.9063 17
0.9789 0.9374 0.9171 17
0.975 1 0.9747 12
0.9771 0.8624 0.8415 25
0.9769 0.9344 0.9117 28
0.9709 0.9769 0.9481 15
0.9811 0.8913 0.8743 5
0.9748 0.9428 0.9185 21
0.9768 0.8094 0.7904 7
0.9769 0.9488 0.9255 28
0.9752 0.821 0.8003 23
0.9764 0.9508 0.9278 16
0.9768 0.9008 0.8798 11
0.973 0.9562 0.9298 23
0.9682 0.9411 0.9104 20
0.9749 0.8967 0.8737 14
0.9779 0.9312 0.91 12
0.9753 0.9416 0.9164 21
0.9779 0.9439 0.9228 15
0.9754 0.8501 0.8289 13
0.9698 0.9254 0.8967 27
0.9769 0.8944 0.8734 15
0.9785 0.8717 0.852 31
0.9716 0.938 0.911 12
0.9684 0.959 0.9283 13
0.9758 0.9421 0.9188 20
0.9758 0.7705 0.7513 17
0.9732 0.8843 0.8604 11
0.973 0.8626 0.8389 11
0.9753 0.9677 0.9428 22
0.9805 0.9476 0.9285 36
0.9729 0.863 0.8394 18
0.9719 1 0.9714 17
0.9722 0.9006 0.8752 18
0.9687 0.9145 0.8847 17
0.9751 1 0.9746 10
0.9759 0.9031 0.8796 20
0.9708 0.9505 0.9218 21
0.9742 0.8804 0.8568 21
0.9753 0.9461 0.9218 20
0.9717 0.9936 0.9651 15
0.9709 0.9055 0.8785 17
0.9767 0.9804 0.9572 14
0.9754 0.8923 0.8695 17
0.9729 0.8827 0.8586 12
0.9713 0.8855 0.8596 16
0.9752 0.9008 0.8772 23
0.9762 0.7947 0.7754 15
0.9764 0.9501 0.9265 20
0.9778 0.863 0.8433 27
0.9778 0.8718 0.8521 21
0.9748 0.9304 0.906 21
0.9716 0.9733 0.945 16
0.9708 0.92 0.8928 15
0.9695 0.9288 0.8995 19
0.9749 0.8597 0.8376 22
0.9743 0.8971 0.8736 10
0.9762 0.8406 0.8199 20
0.9773 0.9502 0.9285 19
0.9781 0.8967 0.8767 15
0.9716 0.8905 0.8648 25
0.978 0.8691 0.8497 12
0.9739 0.8773 0.8537 17
0.9731 0.9056 0.8811 18
0.9717 0.8893 0.8639 11
0.9689 0.8651 0.838 11
0.9742 0.8475 0.8251 15
0.9754 0.9399 0.9163 9
0.9767 0.8105 0.7914 12
0.9739 0.8664 0.843 17
0.9704 0.8504 0.8249 9
0.9706 0.8611 0.8353 18
0.9693 0.8598 0.8329 9
0.9717 0.8521 0.8277 15
0.9744 0.8668 0.844 10
0.9777 0.8761 0.8561 17
0.9754 0.8884 0.8658 21
0.9658 0.865 0.8351 10
0.9645 0.9416 0.9077 23
0.9703 0.832 0.8062 14
0.974 0.9297 0.9046 25
0.9711 0.8668 0.8414 18
0.9772 1 0.977 13
0.9721 0.8941 0.8684 22
0.97 0.8823 0.8552 16
0.9696 0.8955 0.868 16
0.9728 0.9036 0.8783 21
0.9725 0.8467 0.8229 14
0.9707 0.8969 0.8703 15
0.973 0.8555 0.8319 15
0.976 0.934 0.91 26
0.9745 0.9927 0.9666 19
0.9737 0.8812 0.8578 11
0.9694 0.8822 0.8549 13
0.9665 0.9125 0.8815 12
0.9723 0.9557 0.9287 17
0.9708 0.9026 0.8754 6
0.9682 0.8439 0.8161 16
0.9732 0.919 0.8929 19
0.9737 0.9231 0.8965 28
0.9643 0.9086 0.8753 22
0.9731 0.8422 0.8189 16
0.9742 0.9292 0.9049 19
0.9744 0.9379 0.9135 14
0.9763 0.9822 0.9577 20
0.976 0.8933 0.8712 15
0.9726 0.9114 0.8856 8
0.9741 0.832 0.8097 18
0.9716 0.9889 0.9607 10
0.9723 0.9529 0.9261 15
0.9798 0.8781 0.859 30
0.9674 0.8581 0.8299 9
0.9707 0.9345 0.9068 9
0.9622 0.8928 0.8582 12
0.9675 0.8875 0.8579 11
0.9697 0.8839 0.8562 21
0.9718 0.8794 0.853 25
0.9701 0.9307 0.9014 23
0.9723 0.8987 0.8735 14
0.9659 0.9031 0.8711 18
0.9656 0.9508 0.9177 14
0.9741 0.8781 0.8545 9
0.9662 0.8685 0.8383 4
0.9683 0.7627 0.7375 24
0.9686 0.879 0.8511 18
0.9676 0.9006 0.8709 17
0.9715 0.9082 0.8812 14
0.9714 0.8492 0.824 17
0.9701 0.8435 0.8176 15
0.9669 0.92 0.8895 11
0.9711 0.8653 0.8394 12
0.969 0.8056 0.7803 15
0.9737 0.8565 0.8333 17
0.9624 0.8033 0.7728 12
0.9674 0.9386 0.907 17
0.9739 0.954 0.928 23
0.972 0.8332 0.8087 18
0.9702 0.9544 0.9249 16
0.9684 0.934 0.9036 22
0.9614 0.8911 0.8561 12
0.9661 0.9015 0.8702 16
0.9753 0.9307 0.9068 14
0.9705 0.9196 0.8921 13
0.9635 0.9051 0.8715 9
0.9687 0.8582 0.831 14
0.9716 0.9424 0.9151 15
0.968 0.8757 0.8473 19
0.9676 0.8995 0.8699 19
0.9713 0.9374 0.9101 10
0.9729 0.9293 0.9033 14
0.9706 0.858 0.8316 20
0.969 0.8394 0.8127 16
0.9627 0.7705 0.74 12
0.9781 1 0.9776 8
0.9596 0.9997 0.9518 32
0.975 0.6906 0.6733 1
0.964 1 0.9639 7
0.8077 1 0.8077 2
0.9801 1 0.98 5
0.9882 0.9184 0.9014 21
0.9559 0.7618 0.7272 9
0.9593 0.5145 0.4934 4
0.9504 1 0.9503 5
0.944 1 0.944 3
0.9828 0.8183 0.8039 24
0.8935 1 0.8935 9
0.9752 0.966 0.9416 13
0.9778 0.9129 0.8912 36
0.9799 1 0.9798 12
0.952 1 0.9519 7
0.9816 0.8495 0.8339 1
0.9647 0.9991 0.9635 9
0.9726 1 0.9725 14
0.9785 0.572 0.5595 11
0.9749 0.9084 0.8812 30
0.9874 1 0.9873 12
0.9772 1 0.9771 11
0.9837 1 0.9837 6
0.9826 0.8153 0.8009 6
0.9829 0.6186 0.608 4
0.971 1 0.971 5
0.9841 1 0.9841 4
0.9678 1 0.9661 26
0.9715 1 0.9711 10
0.9834 0.8353 0.8212 12
0.968 1 0.968 5
0.9789 0.7683 0.751 20
0.9803 1 0.98 11
0.9848 1 0.9848 5
0.9669 1 0.9669 4
0.9774 1 0.9764 14
0.9762 1 0.976 10
0.9794 0.9999 0.9778 25
0.9857 1 0.9855 9
0.9814 1 0.9813 10
0.9889 0.8967 0.8864 10
0.9752 1 0.9738 18
0.9837 0.7033 0.6913 10
0.9866 0.6895 0.6784 19
0.9835 0.9627 0.9468 4
0.9804 1 0.9803 6
0.9829 0.7489 0.7358 20
0.9812 0.9951 0.9763 9
0.9785 1 0.9779 17
0.9854 0.8653 0.8507 27
0.9796 1 0.9792 11
0.9818 1 0.9817 9
0.9862 0.8699 0.8558 24
0.9766 0.5332 0.5199 9
0.978 1 0.9775 7
0.9843 1 0.9843 7
0.9832 0.9723 0.9557 11
0.9807 1 0.9806 9
0.9816 0.9387 0.9209 22
0.9816 0.9412 0.9226 19
0.9845 1 0.9843 13
0.9779 0.8555 0.8361 11
0.9793 0.9975 0.9763 20
0.9829 1 0.982 17
0.9761 0.9069 0.8842 15
0.9813 0.807 0.7916 8
0.987 1 0.987 7
0.9821 1 0.9818 21
0.979 0.8618 0.8434 19
0.9905 1 0.9895 20
0.9771 1 0.9759 9
0.9856 0.9724 0.9578 23
0.9842 1 0.9838 9
0.9801 1 0.9793 16
0.9779 1 0.9766 11
0.9896 1 0.9896 6
0.9806 0.8434 0.8269 7
0.9836 1 0.9836 4
0.9838 1 0.9826 19
0.9793 0.993 0.9705 20
0.9849 1 0.9849 4
0.9796 1 0.9794 8
0.9844 1 0.9843 12
0.9817 1 0.9816 10
0.9796 0.8953 0.8752 22
0.9788 1 0.9787 10
0.9841 0.9509 0.9349 12
0.9844 1 0.9831 18
0.9843 0.9963 0.9802 19
0.9894 1 0.988 24
0.9792 1 0.979 16
0.9891 1 0.9874 32
0.9804 1 0.9804 4
0.9826 1 0.9823 7
0.9739 0.9047 0.8809 17
0.986 0.9617 0.9477 27
0.9861 1 0.9857 9
0.9851 1 0.9847 10
0.9874 1 0.9871 19
0.982 1 0.9812 10
0.9873 1 0.9873 12
0.9806 0.8622 0.8451 25
0.9849 0.8777 0.8634 17
0.9863 1 0.9852 13
0.9828 0.8779 0.8626 10
0.9787 0.8752 0.8556 28
0.9856 0.9606 0.9451 28
0.9815 1 0.9815 6
0.9812 1 0.9792 22
0.9874 1 0.9874 6
0.9858 0.9925 0.9769 20
0.9863 1 0.9863 6
0.9807 1 0.9807 9
0.9821 1 0.9814 8
0.976 1 0.9758 16
0.9806 0.9409 0.9217 21
0.9813 0.962 0.943 28
0.9834 1 0.9831 15
0.9829 0.8884 0.872 10
0.9796 0.9999 0.9793 14
0.9836 1 0.9832 20
0.9806 1 0.9803 9
0.9779 0.9209 0.8999 13
0.9827 1 0.9813 39
0.982 0.894 0.8763 32
0.9824 1 0.9823 17
0.9845 1 0.9844 15
0.9794 1 0.9793 14
0.9825 1 0.9822 15
0.9831 1 0.983 13
0.9813 0.9535 0.9352 27
0.9819 1 0.9809 27
0.9795 1 0.9794 12
0.9846 1 0.9836 16
0.9779 1 0.9774 22
0.9824 1 0.9823 10
0.9809 1 0.9807 7
0.9803 1 0.9796 9
0.9734 0.8806 0.8568 16
0.9693 1 0.9692 8
0.9707 1 0.9699 21
0.9747 0.9729 0.9478 20
0.9724 1 0.9724 4
0.9725 1 0.9725 5
0.9762 1 0.9759 14
0.9666 0.9909 0.9561 26
0.977 1 0.9767 11
0.974 1 0.9739 8
0.9776 1 0.9755 24
0.9775 0.9689 0.946 22
0.9722 1 0.971 22
0.9781 1 0.978 10
0.9793 0.9727 0.9508 31
0.9776 0.9787 0.9552 25
0.9796 1 0.9796 4
0.9759 1 0.9757 18
0.9763 0.9841 0.9589 20
0.9744 0.9999 0.9704 23
0.9696 1 0.9683 30
0.9713 1 0.9685 22
0.9746 0.9814 0.9562 7
0.9789 1 0.9785 15
0.9716 1 0.9712 8
0.9767 1 0.9753 18
0.9733 1 0.9733 6
0.9666 1 0.9646 26
0.9738 1 0.9732 9
0.9734 1 0.9726 26
0.9743 1 0.9742 19
0.9707 1 0.9707 10
0.9733 0.9039 0.8791 18
0.9716 0.9186 0.892 25
0.9701 1 0.9701 10
0.9754 0.8635 0.8409 15
0.9743 1 0.9742 9
0.976 0.9343 0.9113 23
0.9732 0.9971 0.9689 23
0.9733 1 0.9728 12
0.9706 0.9672 0.9383 25
0.9681 0.9584 0.9271 23
0.972 1 0.9709 22
0.9763 1 0.9755 21
0.9679 0.9999 0.9665 30
0.9748 1 0.9738 13
0.9747 0.9845 0.9583 26
0.9698 1 0.9687 17
0.9696 0.9986 0.9661 22
0.9764 1 0.9762 7
0.9778 1 0.9777 15
0.9733 0.9273 0.8987 27
0.9672 1 0.966 22
0.9745 0.8573 0.833 22
0.971 0.9397 0.9111 24
0.9708 1 0.9702 13
0.9766 1 0.9764 15
0.9743 0.8878 0.8638 25
0.9745 1 0.9706 26
0.973 1 0.973 5
0.9704 1 0.9686 18
0.9709 0.9656 0.9333 36
0.9705 1 0.9704 13
0.9726 1 0.9721 19
0.9691 1 0.9678 12
0.9733 1 0.9726 18
0.9765 1 0.9764 19
0.9716 1 0.97 25
0.9738 1 0.9724 9
0.974 1 0.9726 14
0.967 0.9815 0.9483 16
0.9662 1 0.9661 6
0.9694 0.9275 0.8976 36
0.977 1 0.9759 13
0.9703 1 0.97 12
0.9722 1 0.9707 17
0.9739 1 0.9736 21
0.9724 1 0.9712 21
0.9696 0.8933 0.8652 26
0.9717 0.9644 0.9343 29
0.9652 1 0.9652 6
0.9696 0.9073 0.878 19
0.9739 0.9651 0.9385 21
0.9717 0.9238 0.8961 21
0.9693 0.9827 0.9501 18
0.9688 1 0.9688 5
0.9697 1 0.9694 8
0.9661 1 0.9651 14
0.9717 1 0.9709 26
0.9706 1 0.9674 30
0.9711 1 0.971 7
0.97 1 0.9697 8
0.9697 1 0.9668 20
0.9718 1 0.9708 22
0.9717 1 0.9714 12
0.9737 1 0.9731 7
0.9723 0.923 0.8965 23
0.9706 1 0.9705 7
0.9745 1 0.9744 10
0.9711 1 0.9711 4
0.9693 1 0.9687 15
0.9684 1 0.9684 13
0.9665 1 0.9665 6
0.9665 1 0.9657 17
0.9651 1 0.9636 16
0.9674 1 0.9672 16
0.9688 1 0.9683 14
0.9692 1 0.9672 15
0.9711 1 0.9697 16
0.9747 0.9043 0.8776 25
0.9739 0.9302 0.9039 25
0.9734 1 0.9731 16
0.9755 0.9132 0.8895 23
0.9757 1 0.9734 24
0.969 1 0.9685 17
0.9726 1 0.9725 15
0.9716 1 0.9706 18
0.9778 1 0.977 24
0.9708 1 0.97 24
0.975 1 0.9746 12
0.9626 1 0.9615 14
0.9728 1 0.9717 23
0.9721 1 0.9713 13
0.9699 0.9741 0.9441 14
0.9664 1 0.9645 13
0.9682 1 0.9682 6
0.9658 1 0.9631 18
0.966 0.978 0.9417 27
0.9729 1 0.9726 14
0.9672 1 0.9654 20
0.9678 1 0.9673 12
0.9712 1 0.9694 15
0.9691 1 0.9689 11
0.9731 0.9132 0.884 17
0.9701 0.9425 0.9116 24
0.9719 1 0.9705 26
0.9694 0.9647 0.9334 30
0.9728 1 0.972 22
0.9715 0.9555 0.9266 34
0.9733 1 0.9731 7
0.9636 1 0.9635 16
0.9674 1 0.9655 18
0.9708 1 0.9701 16
0.9616 1 0.9615 9
0.967 0.9999 0.9664 13
0.9704 1 0.9691 19
0.9632 1 0.9615 18
0.9683 0.9438 0.9121 18
0.969 1 0.9687 18
0.9675 0.9889 0.9544 25
0.9636 1 0.9622 18
0.9681 1 0.9672 15
0.9741 1 0.974 9
0.9681 1 0.9676 18
0.9701 0.9948 0.9625 14
0.9691 1 0.9689 13
0.9737 1 0.9724 20
0.9706 1 0.97 16
0.9674 1 0.9673 11
0.9627 0.7197 0.6915 7
0.9816 0.6991 0.6861 7
0.9461 1 0.9461 7
0.8887 1 0.8887 3
0.9579 1 0.9578 28
0.9719 0.8859 0.861 4
0.9832 0.8401 0.8247 10
0.9882 0.9999 0.9872 15
0.9505 1 0.9504 7
0.949 1 0.949 7
0.9343 1 0.9343 4
0.9628 1 0.9627 6
0.7343 1 0.7343 3
0.9787 0.6656 0.6512 7
0.9751 0.4981 0.4855 8
0.7723 1 0.7723 3
0.9849 0.9903 0.9745 14
0.5926 1 0.5926 3
0.9798 0.7752 0.7594 6
0.9704 1 0.9693 12
0.9715 1 0.9715 6
0.9789 0.7264 0.7107 6
0.9641 1 0.9641 3
0.9892 1 0.989 7
0.9761 1 0.9761 3
0.984 1 0.9839 11
0.9821 0.9541 0.9363 15
0.9824 1 0.9823 13
0.9798 1 0.9795 11
0.9812 1 0.9812 10
0.9703 0.9397 0.9114 8
0.9771 0.814 0.7948 9
0.9819 0.8273 0.8117 8
0.9682 1 0.9681 9
0.9783 1 0.978 9
0.9761 0.7984 0.7787 21
0.9858 0.8326 0.8194 10
0.9693 1 0.9686 7
0.9783 0.8677 0.8477 21
0.9797 1 0.9797 8
0.9803 1 0.9802 9
0.9824 1 0.9822 11
0.9812 1 0.9812 3
0.9882 1 0.988 12
0.9752 0.9137 0.8898 25
0.9824 1 0.9824 4
0.9839 1 0.9839 3
0.9809 1 0.9809 6
0.9799 1 0.9799 3
0.9818 1 0.9818 7
0.9812 1 0.9811 6
0.9748 1 0.9747 14
0.9871 1 0.9846 21
0.9753 1 0.9752 17
0.9844 1 0.9842 10
0.9729 1 0.9729 4
0.977 1 0.9768 7
0.9762 1 0.9718 14
0.9868 1 0.9862 17
0.9821 1 0.9819 10
0.9846 1 0.9846 11
0.9782 1 0.9782 5
0.9776 1 0.9775 8
0.9837 1 0.9835 7
0.9792 1 0.9787 14
0.9784 1 0.9783 9
0.9835 1 0.9829 14
0.9769 1 0.9765 11
0.9829 0.9999 0.9801 25
0.9818 0.9278 0.9089 13
0.9821 1 0.9814 18
0.9753 1 0.9753 6
0.9892 0.992 0.9748 29
0.9796 0.8304 0.813 10
0.9816 1 0.9816 13
0.9748 1 0.9748 7
0.9827 1 0.9827 7
0.9776 1 0.9776 6
0.965 1 0.965 4
0.9759 1 0.9759 5
0.9839 0.9022 0.8824 40
0.9783 1 0.9783 11
0.9766 1 0.9763 13
0.985 1 0.985 3
0.9741 1 0.9741 8
0.9836 1 0.9821 24
0.9829 1 0.9828 9
0.9806 0.9646 0.9434 16
0.9793 0.8105 0.7931 12
0.9808 1 0.9797 18
0.9824 0.8821 0.8657 23
0.9809 1 0.9808 12
0.9865 1 0.9865 11
0.9727 1 0.9727 8
0.9706 1 0.9706 8
0.979 1 0.9787 11
0.9808 1 0.9808 6
0.9734 1 0.9732 7
0.9894 1 0.9891 11
0.9819 1 0.9819 4
0.9848 1 0.9847 20
0.9864 1 0.9862 19
0.9784 1 0.9778 11
0.9855 1 0.985 12
0.9847 1 0.9844 18
0.9815 0.954 0.9346 28
0.9863 1 0.985 20
0.9793 1 0.979 8
0.9778 1 0.977 34
0.9832 1 0.9831 9
0.9837 1 0.9837 8
0.9812 1 0.9797 17
0.9836 1 0.9836 8
0.9815 1 0.9814 8
0.9845 0.9595 0.9401 29
0.9799 1 0.9798 8
0.9835 1 0.9831 10
0.9717 1 0.9716 9
0.9842 1 0.9838 19
0.9832 0.9029 0.8863 32
0.9824 1 0.9821 8
0.9817 1 0.9814 7
0.9775 1 0.9762 31
0.9853 1 0.9848 14
0.9767 1 0.9767 7
0.9788 1 0.9787 12
0.982 1 0.9814 7
0.9814 1 0.9811 8
0.9835 1 0.9832 19
0.9861 1 0.9861 6
0.9823 1 0.9818 16
0.9853 1 0.9853 8
0.9835 1 0.9831 19
0.982 1 0.9809 15
0.9871 1 0.9868 8
0.98 1 0.9796 16
0.9814 1 0.9814 6
0.9741 1 0.973 17
0.9826 1 0.9824 12
0.9813 1 0.9809 11
0.9734 1 0.9731 10
0.975 1 0.9739 21
0.969 1 0.9688 11
0.9729 1 0.9726 8
0.9647 1 0.9647 5
0.9668 1 0.9668 6
0.9724 1 0.9724 2
0.9722 1 0.9721 10
0.964 1 0.964 8
0.9776 1 0.9766 19
0.9721 1 0.9708 14
0.9727 1 0.9724 13
0.9767 1 0.9767 3
0.9731 1 0.9731 6
0.9747 1 0.9737 21
0.9691 1 0.9691 7
0.9743 0.8129 0.7908 25
0.975 0.8567 0.8341 36
0.9757 0.9527 0.9281 19
0.9774 1 0.9762 26
0.9769 1 0.9768 17
0.9734 1 0.9733 10
0.9714 1 0.9714 7
0.9728 1 0.9726 6
0.9765 1 0.976 12
0.9757 1 0.975 17
0.9778 1 0.9776 18
0.9744 1 0.974 15
0.9751 1 0.973 21
0.97 1 0.9695 12
0.9728 1 0.9724 12
0.9733 1 0.9731 13
0.9681 1 0.9679 12
0.9751 1 0.9746 15
0.9702 1 0.9702 8
0.9776 1 0.9769 17
0.9753 1 0.9752 14
0.9694 1 0.9693 8
0.976 1 0.9755 22
0.9735 1 0.973 9
0.9753 1 0.9753 6
0.9729 1 0.9712 13
0.9705 1 0.9704 6
0.974 1 0.974 3
0.9736 1 0.9722 17
0.9686 1 0.9679 19
0.9715 1 0.9705 16
0.9652 1 0.9652 4
0.9672 1 0.9672 10
0.9633 1 0.9632 7
0.9721 1 0.9721 7
0.9799 1 0.9797 13
0.9715 1 0.9704 18
0.9717 1 0.9717 13
0.9733 1 0.9732 14
0.9741 1 0.9738 10
0.9743 1 0.9726 9
0.9737 1 0.9733 9
0.9766 1 0.9759 17
0.9729 1 0.9727 6
0.9708 1 0.9707 10
0.9674 1 0.9674 4
0.9683 1 0.9683 9
0.9691 1 0.9688 15
0.9748 1 0.9748 8
0.9688 1 0.9687 13
0.9749 1 0.9749 6
0.9758 1 0.9756 14
0.9735 1 0.9735 10
0.9622 1 0.9619 13
0.9788 1 0.9787 9
0.9727 1 0.9682 20
0.9695 1 0.9694 5
0.9708 1 0.9707 5
0.9723 1 0.972 17
0.9689 1 0.9689 7
0.9729 1 0.972 24
0.972 1 0.972 7
0.9737 1 0.9732 12
0.9713 1 0.9712 10
0.9715 1 0.9712 16
0.9714 1 0.9702 22
0.9705 1 0.9705 5
0.9714 1 0.9713 12
0.973 1 0.9713 20
0.9624 1 0.9623 8
0.9676 1 0.9676 8
0.9726 1 0.9725 12
0.9682 1 0.9668 23
0.9736 1 0.9721 23
0.9696 1 0.9695 12
0.9726 1 0.9719 20
0.9725 1 0.9711 18
0.9677 1 0.9676 9
0.9606 1 0.9606 3
0.9712 1 0.971 13
0.9748 1 0.9737 23
0.9712 1 0.971 15
0.9699 1 0.9697 7
0.9723 1 0.9722 8
0.9697 1 0.9688 19
0.9668 1 0.9653 14
0.9717 1 0.9717 8
0.9697 1 0.9694 15
0.9672 1 0.9657 22
0.9653 1 0.9652 6
0.9676 1 0.9666 14
0.9669 1 0.9665 11
0.9665 1 0.9665 11
0.9721 1 0.9707 17
0.9714 1 0.9712 9
0.9752 1 0.9752 7
0.9767 1 0.9747 13
0.9707 1 0.9707 6
0.9739 1 0.9737 13
0.9702 1 0.9702 13
0.9715 1 0.9714 8
0.9703 1 0.9702 10
0.9732 1 0.9732 7
0.9607 1 0.9607 6
0.9652 1 0.9652 10
0.9627 1 0.9613 12
0.9714 1 0.9706 13
0.9669 1 0.9666 7
0.9746 1 0.9719 12
0.9615 1 0.9613 14
0.9703 1 0.9703 7
0.9682 1 0.9681 11
0.9653 1 0.9653 4
0.9705 1 0.9702 13
0.9675 1 0.9658 18
0.9698 1 0.9683 14
0.9716 1 0.971 9
0.9697 1 0.9677 13
0.9673 1 0.967 15
0.9693 1 0.9693 10
0.9721 1 0.972 11
0.9716 1 0.9716 8
0.9722 1 0.9722 7
0.9667 1 0.9663 13
0.9708 1 0.9707 17
0.9597 1 0.959 11
0.9692 1 0.9691 11
0.9663 1 0.9658 11
0.9649 1 0.9648 6
0.9642 1 0.9635 17
0.968 1 0.9668 17
0.9673 1 0.9662 10
0.9653 1 0.9642 23
0.9741 1 0.972 17
0.9673 1 0.967 9
0.9685 1 0.9675 20
0.9714 1 0.9693 12
0.9688 1 0.9688 8
0.968 1 0.9679 11
0.9672 1 0.9661 15
0.9703 1 0.9693 10
0.968 1 0.9678 10
0.9682 1 0.9674 24
0.9683 1 0.9663 16
0.9604 1 0.9603 12
0.9829 0.9224 0.9061 10
0.8593 1 0.8593 7
0.6948 1 0.6948 4
0.9566 1 0.9566 11
0.6892 1 0.6892 2
0.7677 1 0.7677 11
0.9818 1 0.9818 5
0.7753 1 0.7753 8
0.9631 1 0.963 12
0.7205 1 0.7205 3
0.6876 0.9987 0.6867 1
0.8874 1 0.8874 3
0.7479 1 0.7479 4
0.647 1 0.647 6
0.7176 1 0.7176 4
0.668 1 0.668 3
0.952 1 0.9517 6
0.7903 1 0.7903 6
0.6513 1 0.6513 4
0.9753 1 0.9747 5
0.713 1 0.713 5
0.9731 1 0.9727 13
0.9579 1 0.9579 5
0.9134 1 0.9134 2
0.9828 1 0.9827 5
0.9304 1 0.9304 5
0.7073 1 0.7073 3
0.8011 1 0.8011 3
0.7114 1 0.7114 2
0.9704 1 0.969 18
0.8337 1 0.8337 2
0.8279 1 0.8279 3
0.785 1 0.785 5
0.8845 1 0.8845 17
0.7089 1 0.7089 2
0.9328 1 0.9328 2
0.8873 1 0.8873 3
0.7378 1 0.7378 2
0.8433 1 0.8433 4
0.7533 1 0.7533 3
0.9621 1 0.9621 2
0.9734 1 0.9734 3
0.7795 1 0.7795 2
0.9683 1 0.9683 4
0.8825 1 0.8825 2
0.9871 1 0.9871 6
0.8755 1 0.8755 4
0.9496 1 0.9496 6
0.9841 1 0.9835 16
0.8083 1 0.8083 2
0.8433 1 0.8433 5
0.9233 1 0.9233 2
0.9753 1 0.9753 6
0.9576 1 0.9576 3
0.8893 1 0.8893 2
0.8441 1 0.8441 5
0.8728 1 0.8728 4
0.9787 1 0.9787 1
0.9825 1 0.9823 13
0.8948 1 0.8948 2
0.8949 1 0.8949 4
0.8784 1 0.8784 6
0.8678 1 0.8678 3
0.9705 1 0.9705 11
0.8562 1 0.8562 1
0.8705 1 0.8705 3
0.927 1 0.927 3
0.9758 1 0.9758 6
0.9843 1 0.983 12
0.9468 1 0.9468 3
0.9746 1 0.9746 6
0.9476 1 0.9476 7
0.9244 1 0.9244 4
0.9151 1 0.9151 4
0.9832 1 0.9831 11
0.7839 1 0.7839 8
0.6762 1 0.6762 5
0.9816 1 0.9816 5
0.8899 1 0.8899 2
0.7957 1 0.7957 2
0.8003 1 0.8003 1
0.876 1 0.876 1
0.937 1 0.937 3
0.8494 1 0.8494 6
0.9749 1 0.9749 6
0.8104 1 0.8104 2
0.7925 1 0.7925 2
0.869 1 0.869 2
0.7726 1 0.7726 4
0.7684 1 0.7684 1
0.8077 1 0.8077 2
0.8622 1 0.8622 2
0.8372 1 0.8372 2
0.9694 1 0.9694 3
0.762 1 0.762 3
0.7005 1 0.7005 2
0.7363 1 0.7363 2
0.7601 1 0.7601 2
0.8327 1 0.8327 4
0.9197 1 0.9197 3
0.9704 1 0.9704 2
0.8636 1 0.8636 4
0.9591 1 0.9591 3
0.8951 1 0.8951 2
0.9824 1 0.9824 5
0.7883 1 0.7883 3
0.9624 1 0.9624 5
0.9777 1 0.9777 9
0.8315 1 0.8315 3
0.8496 1 0.8496 4
0.815 1 0.815 3
0.9183 1 0.9183 3
0.7978 1 0.7978 3
0.9846 1 0.9845 10
0.9799 1 0.9799 6
0.864 1 0.864 4
0.838 1 0.838 2
0.8918 1 0.8918 6
0.9257 1 0.9257 1
0.9778 1 0.9778 6
0.7809 1 0.7809 2
0.9212 1 0.9212 3
0.6809 1 0.6809 2
0.7958 1 0.7958 5
0.94 1 0.94 4
0.9276 1 0.9276 7
0.8623 1 0.8623 4
0.8617 1 0.8617 5
0.9514 1 0.9514 3
0.8899 1 0.8899 3
0.8502 1 0.8502 2
0.9739 1 0.9739 6
0.9802 1 0.9802 7
0.9166 1 0.9166 6
0.9499 1 0.9499 4
0.9233 1 0.9233 3
0.9259 1 0.9259 6
0.8438 1 0.8438 3
0.9645 1 0.9645 2
0.7224 1 0.7224 3
0.9598 1 0.9598 3
0.8879 1 0.8879 1
0.8782 1 0.8782 2
0.8776 1 0.8776 4
0.8564 1 0.8564 3
0.7801 1 0.7801 4
0.9203 1 0.9203 3
0.7529 1 0.7529 2
0.7908 1 0.7908 1
0.9537 1 0.9537 3
0.8226 1 0.8226 2
0.7975 1 0.7975 2
0.8431 1 0.8431 6
0.9411 1 0.9411 4
0.7109 1 0.7109 3
0.6985 1 0.6985 4
0.7903 1 0.7903 4
0.9736 1 0.9736 4
0.7842 1 0.7842 3
0.807 1 0.807 2
0.8576 1 0.8576 3
0.8657 1 0.8657 2
0.8531 1 0.8531 3
0.768 1 0.768 2
0.8786 1 0.8786 2
0.847 1 0.847 4
0.9747 1 0.9747 9
0.7743 1 0.7743 7
0.9401 1 0.9401 2
0.8992 1 0.8992 3
0.781 1 0.781 5
0.848 1 0.848 3
0.8944 1 0.8944 3
0.8212 1 0.8212 3
0.8628 1 0.8628 4
0.9089 1 0.9089 3
0.8165 1 0.8165 4
0.8517 1 0.8517 3
0.8776 1 0.8776 2
0.9206 1 0.9206 3
0.8478 1 0.8478 3
0.8902 1 0.8902 4
0.8292 1 0.8292 4
0.8092 1 0.8092 4
0.806 1 0.806 2
0.9252 1 0.9252 1
0.8634 1 0.8634 2
0.8283 1 0.8283 4
0.8457 1 0.8457 3
0.9081 1 0.9081 3
0.8829 1 0.8829 4
0.8281 1 0.8281 2
0.9455 1 0.9455 2
0.8222 1 0.8222 4
0.8404 1 0.8404 2
0.7621 1 0.7621 2
0.9069 1 0.9069 2
0.8459 1 0.8459 3
0.7955 1 0.7955 4
0.8542 1 0.8542 2
0.8114 1 0.8114 5
0.7922 1 0.7922 3
0.9147 1 0.9147 3
0.8986 1 0.8986 1
0.891 1 0.891 3
0.8428 1 0.8428 1
0.7153 1 0.7153 2
0.7483 1 0.7483 5
0.8339 1 0.8339 2
0.8519 1 0.8519 3
0.7834 1 0.7834 3
0.8675 1 0.8675 3
0.8783 1 0.8783 2
0.7558 1 0.7558 2
0.9281 1 0.9281 4
0.8466 1 0.8466 2
0.7143 1 0.7143 5
0.853 1 0.853 2
0.7337 1 0.7337 3
0.8496 1 0.8496 6
0.8628 1 0.8628 1
0.7609 1 0.7609 2
0.9064 1 0.9064 3
0.9308 1 0.9308 2
0.7766 1 0.7766 3
0.9089 1 0.9089 3
0.8368 1 0.8368 1
0.7255 1 0.7255 3
0.8223 1 0.8223 4
0.7358 1 0.7358 6
0.8117 1 0.8117 5
0.7754 1 0.7754 3
0.7986 1 0.7986 2
0.8724 1 0.8724 3
0.9543 1 0.9543 5
0.9031 1 0.9031 2
0.8642 1 0.8642 3
0.8375 1 0.8375 4
0.7657 1 0.7657 4
0.7994 1 0.7994 2
0.8098 1 0.8098 4
0.8087 1 0.8087 3
0.7488 1 0.7488 3
0.8207 1 0.8207 2
0.8114 1 0.8114 3
0.8128 1 0.8128 1
0.8233 1 0.8233 4
0.8102 1 0.8102 4
0.7813 1 0.7813 3
0.8639 1 0.8639 2
0.8655 1 0.8655 5
0.8037 1 0.8037 3
0.8117 1 0.8117 2
0.8282 1 0.8282 2
0.826 1 0.826 3
0.8647 1 0.8647 3
0.842 1 0.842 2
0.8221 1 0.8221 3
0.7217 1 0.7217 1
0.8348 1 0.8348 2
0.8111 1 0.8111 4
0.8588 1 0.8588 3
0.7022 1 0.7022 2
0.9227 1 0.9227 2
0.7535 1 0.7535 3
0.7988 1 0.7988 4
0.8339 1 0.8339 1
0.7747 1 0.7747 3
0.849 1 0.849 3
0.8236 1 0.8236 4
0.8289 1 0.8289 3
0.7707 1 0.7707 3
0.7863 1 0.7863 3
0.7755 1 0.7755 1
0.7909 1 0.7909 2
0.8311 1 0.8311 6
0.7762 1 0.7762 2
0.7602 1 0.7602 4
0.7914 1 0.7914 2
0.7686 1 0.7686 2
0.8385 1 0.8385 2
0.7554 1 0.7554 4
0.8966 1 0.8966 3
0.7529 1 0.7529 4
0.7871 1 0.7871 4
0.8032 1 0.8032 4
0.8096 1 0.8096 3
0.8027 1 0.8027 2
0.8457 1 0.8457 3
0.8377 1 0.8377 3
0.7397 1 0.7397 4
0.7739 1 0.7739 2
0.765 1 0.765 2
0.8013 1 0.8013 1
0.9064 1 0.9064 3
0.8179 1 0.8179 2
0.9282 1 0.9282 3
0.7907 1 0.7907 3
0.7808 1 0.7808 5
0.7667 1 0.7667 5
0.9819 0.9933 0.974 29
0.9434 1 0.9433 8
0.9709 0.9662 0.9381 2
0.9485 1 0.9484 6
0.9708 0.9998 0.9697 7
0.6863 1 0.6863 2
0.9606 1 0.9606 4
0.695 1 0.695 6
0.9636 0.7049 0.6788 9
0.73 1 0.73 3
0.7288 1 0.7288 4
0.9832 1 0.983 15
0.7904 1 0.7904 3
0.76 1 0.76 5
0.9383 1 0.9383 4
0.7015 1 0.7015 1
0.9604 0.984 0.9414 5
0.6677 1 0.6677 5
0.9687 0.9999 0.9675 15
0.9605 1 0.9605 8
0.5727 1 0.5727 3
0.9721 1 0.9721 2
0.6345 1 0.6345 1
0.9566 1 0.9566 6
0.5613 1 0.5613 2
0.9832 1 0.9831 10
0.7101 1 0.7101 3
0.9744 1 0.9743 5
0.9803 1 0.9802 8
0.9617 1 0.9617 4
0.8134 1 0.8134 4
0.853 1 0.853 2
0.9661 1 0.9661 7
0.9693 1 0.9693 8
0.9666 1 0.9666 6
0.9705 1 0.9705 7
0.9639 1 0.9635 7
0.749 1 0.749 3
0.9484 1 0.9484 3
0.978 1 0.9779 13
0.9334 1 0.9334 5
0.9662 1 0.9657 24
0.8698 1 0.8698 4
0.6999 1 0.6999 3
0.6842 1 0.6842 5
0.976 1 0.976 2
0.973 1 0.973 7
0.8253 1 0.8253 5
0.9829 1 0.9819 34
0.8753 1 0.8753 3
0.9754 1 0.9754 7
0.8735 1 0.8735 4
0.9793 1 0.9793 5
0.7406 1 0.7406 3
0.9788 1 0.9786 6
0.9609 1 0.9609 6
0.9548 1 0.9548 7
0.9889 1 0.9882 16
0.7278 1 0.7278 4
0.9605 1 0.9605 7
0.9828 1 0.9826 9
0.9625 1 0.9625 3
0.749 1 0.749 3
0.9783 1 0.9783 9
0.9781 1 0.978 15
0.939 1 0.939 4
0.9424 1 0.9424 5
0.9355 1 0.9355 4
0.9828 1 0.9827 5
0.9793 1 0.9793 7
0.7987 1 0.7987 3
0.9905 1 0.9895 26
0.7981 1 0.7981 4
0.7664 1 0.7664 5
0.9841 1 0.9834 11
0.9158 1 0.9158 5
0.8669 1 0.8669 3
0.7931 1 0.7931 2
0.7782 1 0.7782 3
0.7834 1 0.7834 5
0.9824 1 0.9823 6
0.9757 1 0.9756 11
0.714 1 0.714 4
0.9758 1 0.9758 6
0.9755 1 0.9755 4
0.7581 1 0.7581 2
0.9714 1 0.9714 7
0.9752 1 0.9752 23
0.9818 1 0.9818 3
0.9778 1 0.9778 5
0.9304 1 0.9304 2
0.8215 1 0.8215 4
0.9799 1 0.9799 6
0.9827 1 0.9825 8
0.9844 1 0.9843 5
0.8606 1 0.8606 5
0.8018 1 0.8018 3
0.9819 1 0.9819 6
0.9644 1 0.9644 8
0.9842 1 0.9842 6
0.9689 1 0.9689 4
0.974 1 0.974 5
0.7969 1 0.7969 3
0.8289 1 0.8289 6
0.9128 1 0.9128 6
0.8919 1 0.8919 4
0.974 1 0.974 4
0.7605 1 0.7605 6
0.8834 1 0.8834 4
0.9292 1 0.9292 1
0.8621 1 0.8621 4
0.9793 1 0.9793 2
0.9174 1 0.9174 4
0.9832 1 0.9832 6
0.8118 1 0.8118 3
0.9322 1 0.9322 3
0.7781 1 0.7781 4
0.9725 1 0.9725 5
0.9824 1 0.9824 4
0.9807 1 0.9806 13
0.9656 1 0.9656 2
0.9789 1 0.9787 10
0.9836 1 0.9836 11
0.9645 1 0.9645 3
0.9405 1 0.9405 7
0.9751 1 0.9751 8
0.9716 1 0.9713 9
0.9753 1 0.9753 11
0.9799 1 0.9795 15
0.8591 1 0.8591 5
0.9746 1 0.9746 3
0.9706 1 0.9706 2
0.9738 1 0.9738 4
0.8688 1 0.8688 5
0.9222 1 0.9222 5
0.8903 1 0.8903 4
0.9308 1 0.9308 3
0.9616 1 0.9616 4
0.9806 1 0.9806 7
0.9477 1 0.9477 5
0.8069 1 0.8069 2
0.9407 1 0.9407 2
0.7034 1 0.7034 3
0.9389 1 0.9389 3
0.9122 1 0.9122 4
0.8051 1 0.8051 3
0.8193 1 0.8193 2
0.764 1 0.764 2
0.9323 1 0.9323 4
0.8303 1 0.8303 4
0.9718 1 0.9717 11
0.8268 1 0.8268 4
0.8006 1 0.8006 4
0.9738 1 0.9738 4
0.707 1 0.707 3
0.9055 1 0.9055 4
0.8718 1 0.8718 4
0.9154 1 0.9154 3
0.9605 1 0.9605 4
0.9734 1 0.9734 8
0.9618 1 0.9618 5
0.951 1 0.951 5
0.7511 1 0.7511 2
0.9761 1 0.9761 2
0.8101 1 0.8101 3
0.8271 1 0.8271 2
0.9488 1 0.9488 7
0.916 1 0.916 4
0.9648 1 0.9648 5
0.9574 1 0.9574 3
0.9461 1 0.9461 3
0.9558 1 0.9557 11
0.8925 1 0.8925 2
0.9218 1 0.9218 3
0.9593 1 0.9593 5
0.7908 1 0.7908 4
0.863 1 0.863 3
0.9197 1 0.9197 3
0.7958 1 0.7958 2
0.9274 1 0.9274 3
0.9102 1 0.9102 6
0.9304 1 0.9304 3
0.972 1 0.972 5
0.969 1 0.969 5
0.9509 1 0.9509 5
0.8321 1 0.8321 3
0.8312 1 0.8312 3
0.9666 1 0.9665 11
0.8798 1 0.8798 4
0.9485 1 0.9485 4
0.9059 1 0.9059 2
0.9024 1 0.9024 3
0.882 1 0.882 3
0.9621 1 0.9621 5
0.9161 1 0.9161 4
0.9643 1 0.9643 8
0.9372 1 0.9372 4
0.9648 1 0.9648 7
0.9101 1 0.9101 2
0.9238 1 0.9238 2
0.9465 1 0.9465 2
0.8662 1 0.8662 3
0.7881 1 0.7881 2
0.8613 1 0.8613 5
0.9556 1 0.9556 3
0.9343 1 0.9343 2
0.9551 1 0.9551 6
0.9506 1 0.9506 4
0.9503 1 0.9503 4
0.9554 1 0.9554 10
0.9277 1 0.9277 3
0.8533 1 0.8533 2
0.7986 1 0.7986 1
0.8107 1 0.8107 3
0.9542 1 0.9542 9
0.9549 1 0.9549 5
0.894 1 0.894 2
0.9051 1 0.9051 3
0.9679 1 0.9679 5
0.9699 1 0.9698 10
0.9343 1 0.9343 4
0.8089 1 0.8089 1
0.8396 1 0.8396 3
0.8656 1 0.8656 2
0.7857 1 0.7857 4
0.7218 1 0.7218 3
0.9496 1 0.9496 5
0.8779 1 0.8779 3
0.8481 1 0.8481 3
0.8036 1 0.8036 5
0.9497 1 0.9497 3
0.8896 1 0.8896 2
0.9264 1 0.9264 4
0.9623 1 0.9623 8
0.9656 1 0.9656 3
0.9067 1 0.9067 2
0.8898 1 0.8898 4
0.8404 1 0.8404 1
0.8729 1 0.8729 2
0.9361 1 0.9361 3
0.9006 1 0.9006 3
0.8307 1 0.8307 2
0.7644 1 0.7644 3
0.8617 1 0.8617 2
0.8702 1 0.8702 3
0.9294 1 0.9294 3
0.8153 1 0.8153 1
0.8816 1 0.8816 2
0.8565 1 0.8565 1
0.8741 1 0.8741 1
0.9044 1 0.9044 4
0.7168 1 0.7168 3
0.8629 1 0.8629 3
0.8716 1 0.8716 2
0.9302 1 0.9302 5
0.9429 1 0.9429 4
0.9169 1 0.9169 3
0.9371 1 0.9371 4
0.8773 1 0.8773 2
0.8465 1 0.8465 2
0.9144 1 0.9144 1
0.7966 1 0.7966 4
0.9629 1 0.9629 3
0.7291 1 0.7291 5
0.9672 1 0.9672 13
0.9043 1 0.9043 3
0.9199 1 0.9199 3
0.9216 1 0.9216 4
0.732 1 0.732 4
0.9112 1 0.9112 4
0.8531 1 0.8531 5
0.9697 1 0.9697 6
0.9177 1 0.9177 1
0.8959 1 0.8959 2
0.8952 1 0.8952 3
0.7219 1 0.7219 3
0.932 1 0.932 3
0.96 1 0.96 7
0.8459 1 0.8459 2
0.8741 1 0.8741 3
0.8245 1 0.8245 3
0.9435 1 0.9435 3
0.9537 1 0.9537 6
0.8442 1 0.8442 3
0.9648 1 0.9648 10
0.8344 1 0.8344 3
0.8714 1 0.8714 6
0.9445 1 0.9445 5
0.7766 1 0.7766 2
0.8496 1 0.8496 2
0.7086 1 0.7086 2
0.8175 1 0.8175 2
0.96 1 0.96 7
0.9556 1 0.9556 4
0.866 1 0.866 2
0.8237 1 0.8237 2
0.8971 1 0.8971 2
0.9134 1 0.9134 1
0.887 1 0.887 3
0.9101 1 0.9101 2
0.7361 1 0.736 3
0.5076 1 0.5076 5
0.9534 1 0.9534 4
0.96 1 0.96 3
0.9703 1 0.9701 8
0.8144 1 0.8144 5
0.9729 1 0.9729 7
0.8687 1 0.8686 10
0.8218 1 0.8218 2
0.9574 0.7629 0.7226 33
0.964 1 0.9632 13
0.9858 0.663 0.6534 10
0.526 1 0.526 5
0.6337 1 0.6336 6
0.9739 1 0.9733 7
0.979 1 0.9789 7
0.9604 1 0.9553 8
0.9793 0.6214 0.6082 9
0.9704 0.9161 0.8876 6
0.9411 1 0.9411 3
0.9741 1 0.9741 3
0.9724 1 0.9715 15
0.7585 1 0.7585 7
0.9564 1 0.9564 5
0.9823 0.9652 0.9473 13
0.7898 1 0.7898 3
0.9777 1 0.9777 6
0.9564 1 0.9564 6
0.9802 1 0.9801 7
0.9047 1 0.9047 6
0.9707 1 0.9707 9
0.9597 1 0.9596 18
0.9684 1 0.9682 8
0.5317 1 0.5317 3
0.9706 1 0.9706 4
0.5573 1 0.5573 5
0.7194 1 0.7194 4
0.9569 1 0.9569 7
0.9687 1 0.9679 11
0.9674 1 0.9673 10
0.9796 1 0.979 12
0.8404 1 0.8404 3
0.8056 1 0.8056 1
0.7647 1 0.7647 4
0.9828 1 0.9823 12
0.7167 1 0.7167 3
0.8736 1 0.8736 3
0.6635 1 0.6635 5
0.9795 1 0.9795 3
0.9779 1 0.9776 15
0.9788 1 0.9788 5
0.987 1 0.9866 5
0.9743 1 0.9743 8
0.9564 1 0.9564 9
0.9862 1 0.9862 5
0.9598 1 0.9598 5
0.9 1 0.9 2
0.8463 1 0.8463 4
0.9816 1 0.9816 6
0.9832 1 0.9826 9
0.9828 1 0.9826 11
0.9667 1 0.9667 9
0.7209 1 0.7209 5
0.9812 1 0.9809 12
0.9746 1 0.9746 8
0.9845 1 0.9845 4
0.9759 1 0.9757 18
0.9793 1 0.9791 11
0.9745 1 0.9745 8
0.8667 1 0.8667 4
0.9719 1 0.9719 4
0.9785 1 0.9785 6
0.7912 1 0.7912 5
0.9292 1 0.9292 2
0.9829 1 0.9827 9
0.9225 1 0.9225 4
0.7693 1 0.7693 4
0.9892 1 0.9892 8
0.9763 1 0.9761 15
0.9819 1 0.9819 4
0.791 1 0.791 2
0.8362 1 0.8362 2
0.8995 1 0.8995 2
0.9839 1 0.9832 21
0.7577 1 0.7577 7
0.8868 1 0.8868 4
0.9759 1 0.9757 8
0.821 1 0.821 4
0.9676 1 0.9676 6
0.9695 1 0.9695 3
0.9818 1 0.9816 12
0.9771 1 0.9771 6
0.9875 1 0.9875 7
0.9901 1 0.989 19
0.9844 1 0.9842 11
0.9292 1 0.9292 4
0.671 1 0.671 2
0.9871 1 0.9871 7
0.977 1 0.977 6
0.9742 1 0.9742 5
0.9037 1 0.9037 3
0.9783 1 0.9783 7
0.7799 1 0.7799 2
0.9827 1 0.9826 8
0.9698 1 0.9698 7
0.8012 1 0.8012 6
0.9632 1 0.9632 9
0.9578 1 0.9578 7
0.8912 1 0.8912 2
0.7494 1 0.7494 4
0.8497 1 0.8497 3
0.8955 1 0.8955 2
0.9812 1 0.9812 6
0.9817 1 0.9817 8
0.7568 1 0.7568 4
0.9388 1 0.9388 3
0.97 1 0.9699 7
0.9725 1 0.9725 6
0.9124 1 0.9124 6
0.9344 1 0.9344 3
0.974 1 0.974 6
0.9392 1 0.9392 4
0.967 1 0.967 2
0.9426 1 0.9426 5
0.9779 1 0.9779 5
0.8789 1 0.8789 5
0.9209 1 0.9209 6
0.9822 1 0.9822 4
0.868 1 0.868 3
0.9787 1 0.9787 3
0.9811 1 0.9809 13
0.9703 1 0.9703 1
0.9365 1 0.9365 5
0.7407 1 0.7407 5
0.9781 1 0.9781 3
0.9744 1 0.9744 7
0.9708 1 0.9706 12
0.9032 1 0.9032 1
0.9698 1 0.9698 3
0.8044 1 0.8044 3
0.938 1 0.938 5
0.8956 1 0.8956 3
0.7887 1 0.7887 5
0.8557 1 0.8557 3
0.9376 1 0.9376 5
0.9731 1 0.9729 9
0.8943 1 0.8943 3
0.7732 1 0.7732 3
0.955 1 0.955 3
0.9539 1 0.9539 4
0.9616 1 0.9616 3
0.6409 1 0.6409 2
0.8076 1 0.8076 3
0.9278 1 0.9278 3
0.9514 1 0.9514 5
0.9736 1 0.9731 10
0.9119 1 0.9119 2
0.9661 1 0.9661 10
0.9166 1 0.9166 1
0.9736 1 0.9735 14
0.6141 1 0.6141 2
0.9272 1 0.9272 4
0.9413 1 0.9413 2
0.9575 1 0.9575 2
0.9365 1 0.9365 5
0.8781 1 0.8781 5
0.9387 1 0.9387 3
0.732 1 0.732 4
0.9333 1 0.9333 4
0.9658 1 0.9657 10
0.8858 1 0.8858 3
0.9451 1 0.9451 2
0.9593 1 0.9593 4
0.877 1 0.877 4
0.9088 1 0.9088 3
0.9688 1 0.9688 7
0.9284 1 0.9284 2
0.8888 1 0.8888 2
0.9684 1 0.9684 5
0.9061 1 0.9061 1
0.755 1 0.755 2
0.9613 1 0.9613 6
0.7989 1 0.7989 4
0.9612 1 0.9612 9
0.957 1 0.957 6
0.9662 1 0.9662 4
0.8544 1 0.8544 3
0.9679 1 0.9678 7
0.896 1 0.896 3
0.96 1 0.96 5
0.9087 1 0.9087 3
0.9618 1 0.9618 2
0.7663 1 0.7663 4
0.8376 1 0.8376 1
0.9242 1 0.9242 4
0.7259 1 0.7259 3
0.9523 1 0.9523 2
0.9156 1 0.9156 6
0.8942 1 0.8942 2
0.757 1 0.757 2
0.8591 1 0.8591 4
0.9183 1 0.9183 3
0.9512 1 0.9512 4
0.7495 1 0.7495 2
0.9629 1 0.9629 5
0.9556 1 0.9556 4
0.971 1 0.971 3
0.9649 1 0.9649 7
0.7854 1 0.7854 3
0.8305 1 0.8305 3
0.8835 1 0.8835 3
0.9314 1 0.9314 2
0.9301 1 0.9301 3
0.8185 1 0.8185 5
0.9561 1 0.9561 4
0.8664 1 0.8664 3
0.9601 1 0.9601 4
0.8547 1 0.8547 5
0.961 1 0.9609 11
0.9507 1 0.9507 7
0.688 1 0.688 3
0.6504 1 0.6504 3
0.85 1 0.85 3
0.9421 1 0.9421 3
0.9666 1 0.9665 12
0.8529 1 0.8529 2
0.8944 1 0.8944 3
0.9446 1 0.9446 3
0.9182 1 0.9182 1
0.9212 1 0.9212 2
0.7757 1 0.7757 3
0.9382 1 0.9382 2
0.9051 1 0.9051 4
0.9047 1 0.9047 4
0.9558 1 0.9558 9
0.947 1 0.947 7
0.9754 1 0.9754 14
0.7046 1 0.7046 5
0.8927 1 0.8927 3
0.8346 1 0.8346 3
0.8384 1 0.8384 4
0.9081 1 0.9081 2
0.9632 1 0.9632 3
0.8522 1 0.8522 2
0.9625 1 0.9624 8
0.8629 1 0.8629 3
0.7183 1 0.7183 3
0.9468 1 0.9468 3
0.951 1 0.951 6
0.7498 1 0.7498 3
0.8577 1 0.8577 4
0.8189 1 0.8189 2
0.9112 1 0.9112 3
0.8724 1 0.8724 2
0.7884 1 0.7884 2
0.9475 1 0.9475 3
0.7688 1 0.7688 4
0.8803 1 0.8803 3
0.8591 1 0.8591 2
0.8119 1 0.8119 1
0.9559 1 0.9559 3
0.9583 1 0.9583 4
0.9357 1 0.9357 1
0.854 1 0.854 2
0.8884 1 0.8884 1
0.7694 1 0.7694 3
0.9595 1 0.9595 7
0.9561 1 0.9561 4
0.7378 1 0.7378 1
0.8374 1 0.8374 3
0.7874 1 0.7874 1
0.9277 1 0.9277 4
0.7271 1 0.7271 1
0.7612 1 0.7612 2
0.771 1 0.771 3
0.7555 1 0.7555 1
0.8688 1 0.8688 3
0.8802 1 0.8802 2
0.9285 1 0.9285 2
0.9382 1 0.9382 3
0.9432 1 0.9432 2
0.8226 1 0.8226 3
0.75 1 0.75 2
0.953 1 0.953 5
0.9655 1 0.9655 6
0.7867 1 0.7867 2
0.7649 1 0.7649 2
0.9029 1 0.9029 2
0.8828 1 0.8828 4
0.9669 1 0.9668 5
0.7493 1 0.7493 4
0.8519 1 0.8519 1
0.9196 1 0.9196 3
0.8487 1 0.8487 4
0.9432 1 0.9432 5
0.761 1 0.761 2
0.8048 1 0.8048 2
0.9399 1 0.9399 6
0.9597 1 0.9597 4