0.9522 0.6563 0.6241 7
0.9574 0.7754 0.7422 2
0.9413 0.563 0.5299 3
0.9551 0.7665 0.7315 2
0.9667 0.5809 0.5616 1
0.9612 0.6701 0.644 4
0.963 0.7341 0.7061 8
0.984 0.6389 0.6274 9
0.945 0.5446 0.5141 4
0.949 0.7192 0.6824 4
0.9361 0.6618 0.6149 8
0.9537 0.6442 0.6139 2
0.9744 0.75 0.7305 5
0.9629 0.7803 0.7514 1
0.9684 0.6597 0.6382 6
0.9734 0.6635 0.6454 3
0.982 0.6878 0.6744 6
0.9604 0.6646 0.6365 3
0.9698 0.7346 0.7124 2
0.9615 0.6023 0.577 9
0.9686 0.7346 0.7103 5
0.9593 0.7105 0.6802 6
0.9648 0.6506 0.6277 2
0.9692 0.7438 0.7204 6
0.9757 0.6966 0.6757 11
0.9834 0.6338 0.6228 8
0.9682 0.7741 0.7494 4
0.9777 0.8238 0.8054 1
0.9701 0.6059 0.5861 4
0.9721 0.7902 0.7668 6
0.9577 0.6277 0.5997 7
0.9645 0.5814 0.5606 3
0.9691 0.6952 0.6737 3
0.9551 0.6842 0.6533 4
0.9729 0.626 0.6074 7
0.9659 0.6258 0.604 4
0.9831 0.7813 0.7644 10
0.9665 0.6531 0.6294 6
0.9602 0.7238 0.694 5
0.9688 0.7125 0.6877 6
0.9568 0.7021 0.6704 8
0.9661 0.7174 0.6916 6
0.9663 0.6399 0.618 3
0.9805 0.7243 0.7086 4
0.9721 0.6858 0.666 6
0.9743 0.6049 0.5892 3
0.9776 0.7083 0.6911 6
0.9702 0.7212 0.6994 4
0.9726 0.6353 0.6174 6
0.977 0.6583 0.6428 6
0.9699 0.6345 0.6146 5
0.9699 0.6359 0.6159 4
0.975 0.7186 0.7002 4
0.9742 0.7115 0.692 5
0.9721 0.6359 0.6172 10
0.9671 0.6992 0.6757 5
0.9573 0.7326 0.6995 6
0.9654 0.7176 0.6887 7
0.9807 0.7443 0.7276 10
0.9693 0.7259 0.7014 9
0.9737 0.7217 0.6992 9
0.9676 0.7236 0.6996 3
0.9667 0.663 0.6398 8
0.9752 0.6805 0.6634 9
0.9638 0.7192 0.6922 7
0.9715 0.6288 0.6105 4
0.9758 0.6884 0.6708 4
0.9687 0.6776 0.6524 11
0.9747 0.6745 0.6563 5
0.9713 0.7669 0.7431 9
0.9672 0.6508 0.629 5
0.9665 0.6754 0.652 6
0.972 0.716 0.695 10
0.9655 0.7048 0.6797 8
0.9721 0.66 0.6398 9
0.9663 0.6812 0.6578 6
0.9586 0.7473 0.7144 5
0.9501 0.68 0.6441 8
0.9692 0.7246 0.6989 6
0.97 0.7194 0.6971 5
0.9731 0.7245 0.7002 13
0.9596 0.7609 0.7293 4
0.9687 0.6203 0.6002 8
0.9721 0.7289 0.7084 3
0.9703 0.7364 0.7129 6
0.9747 0.6214 0.6055 5
0.9693 0.6439 0.6239 5
0.9612 0.6786 0.6511 7
0.9737 0.6704 0.6521 5
0.9657 0.7218 0.6959 6
0.96 0.691 0.6624 5
0.9717 0.6514 0.6316 9
0.9765 0.7186 0.7006 12
0.9758 0.7358 0.7159 9
0.9825 0.6827 0.6683 8
0.9674 0.678 0.6537 14
0.9763 0.7361 0.7152 9
0.9489 0.7184 0.6814 4
0.9651 0.7183 0.6915 5
0.9768 0.7065 0.6889 7
0.9579 0.7132 0.6829 6
0.9589 0.7483 0.7168 9
0.9666 0.6413 0.6192 6
0.9728 0.7118 0.6915 5
0.9704 0.6966 0.6744 12
0.966 0.6413 0.6192 7
0.9764 0.6829 0.6638 12
0.9555 0.7212 0.6885 8
0.9695 0.7016 0.6788 7
0.9738 0.7049 0.6853 5
0.9556 0.6985 0.6674 2
0.978 0.6803 0.6629 9
0.9791 0.7167 0.7 9
0.9738 0.7448 0.7244 6
0.9714 0.6684 0.6475 7
0.9684 0.709 0.6858 4
0.966 0.7066 0.6819 6
0.9527 0.7159 0.6802 6
0.9535 0.7386 0.7038 5
0.9565 0.7179 0.6858 6
0.9763 0.7091 0.6905 6
0.9668 0.7054 0.6807 6
0.9682 0.631 0.6105 3
0.9726 0.7255 0.7045 11
0.9557 0.7063 0.6745 3
0.9664 0.6506 0.6285 4
0.9636 0.6835 0.6574 9
0.9586 0.6975 0.668 4
0.9656 0.6938 0.6696 8
0.9679 0.6926 0.6686 7
0.9535 0.6993 0.6666 4
0.9685 0.7021 0.6793 11
0.9696 0.6831 0.6616 5
0.9644 0.7017 0.6761 5
0.9674 0.6453 0.6238 8
0.9677 0.7161 0.6904 8
0.964 0.692 0.6667 3
0.9589 0.7524 0.7176 8
0.9606 0.7037 0.6754 6
0.9679 0.6808 0.6582 7
0.9432 0.7289 0.6865 8
0.9518 0.6504 0.6176 8
0.9558 0.6314 0.6029 7
0.9553 0.6644 0.6345 6
0.9464 0.702 0.6639 9
0.9508 0.6031 0.5732 4
0.955 0.6273 0.5984 7
0.9509 0.6593 0.6262 5
0.949 0.6043 0.5724 7
0.9414 0.702 0.66 9
0.9586 0.7171 0.6847 8
0.9633 0.6852 0.6568 11
0.9442 0.681 0.6426 6
0.9536 0.6389 0.6088 5
0.9572 0.6504 0.6212 14
0.9481 0.7049 0.6672 10
0.9392 0.7009 0.6583 2
0.9574 0.726 0.6926 9
0.9477 0.7538 0.7124 6
0.9575 0.5951 0.569 11
0.9477 0.7226 0.6833 9
0.9455 0.664 0.6272 8
0.9499 0.624 0.592 9
0.9541 0.6679 0.6366 3
0.943 0.6655 0.6271 8
0.9375 0.6399 0.5997 5
0.9529 0.686 0.651 12
0.9471 0.6593 0.6238 6
0.9464 0.649 0.614 6
0.9392 0.6798 0.6374 13
0.9519 0.7125 0.6766 10
0.9568 0.6798 0.6488 10
0.9454 0.6558 0.6192 10
0.9625 0.692 0.6633 10
0.9499 0.6583 0.6247 7
0.9647 0.644 0.6185 10
0.9459 0.6423 0.6074 3
0.9516 0.6957 0.6598 16
0.9538 0.7283 0.6929 6
0.9563 0.6538 0.6233 9
0.9494 0.7096 0.6725 4
0.9449 0.687 0.6484 11
0.951 0.636 0.604 9
0.9447 0.6885 0.6499 6
0.9476 0.688 0.6512 6
0.9519 0.6006 0.5711 6
0.9608 0.685 0.6543 10
0.9556 0.6179 0.5893 6
0.9536 0.6589 0.6265 9
0.942 0.7024 0.661 5
0.9541 0.7016 0.6671 11
0.9577 0.6653 0.6347 13
0.9487 0.6804 0.6444 7
0.9468 0.6695 0.6337 4
0.9417 0.6429 0.6052 5
0.9526 0.686 0.6522 8
0.9453 0.6565 0.6195 9
0.9439 0.6957 0.6557 8
0.9476 0.6737 0.6365 11
0.9511 0.64 0.608 11
0.951 0.6758 0.6412 10
0.9474 0.6393 0.605 6
0.9498 0.624 0.592 9
0.9508 0.707 0.6705 12
0.9515 0.6754 0.6416 6
0.9391 0.6433 0.6037 6
0.9485 0.6552 0.6204 8
0.9394 0.6393 0.6 8
0.954 0.6505 0.6199 4
0.9427 0.7009 0.6591 10
0.9542 0.6949 0.6611 7
0.9546 0.6301 0.6006 8
0.947 0.6712 0.6351 5
0.9474 0.6314 0.5974 6
0.9391 0.6641 0.6231 5
0.947 0.6538 0.6179 10
0.9395 0.6654 0.6249 5
0.9508 0.6864 0.6508 14
0.9445 0.6789 0.6387 11
0.9466 0.6196 0.5863 2
0.9383 0.6985 0.6545 8
0.9403 0.6641 0.6236 4
0.9415 0.6613 0.6221 7
0.9416 0.6911 0.65 7
0.9406 0.6541 0.6151 4
0.933 0.6442 0.6009 3
0.9397 0.6708 0.6296 7
0.9392 0.6453 0.605 10
0.9427 0.6574 0.6195 4
0.9475 0.6504 0.6155 7
0.9201 0.7083 0.6509 8
0.9459 0.6707 0.6334 8
0.9283 0.6857 0.6363 4
0.9465 0.6384 0.6032 5
0.9392 0.6496 0.6095 6
0.9513 0.6557 0.6235 4
0.9412 0.6861 0.6444 9
0.956 0.6612 0.6306 7
0.9473 0.6709 0.6339 5
0.9488 0.6503 0.6157 6
0.9395 0.6825 0.6405 7
0.947 0.6704 0.633 7
0.9422 0.6336 0.5964 8
0.9547 0.6875 0.6537 8
0.9318 0.6519 0.6065 9
0.9416 0.628 0.591 5
0.9461 0.6667 0.6302 5
0.926 0.6468 0.5989 4
0.9379 0.6478 0.6072 4
0.947 0.68 0.6426 8
0.9384 0.7125 0.6676 6
0.9337 0.6723 0.6269 7
0.9241 0.7071 0.6531 6
0.9419 0.6417 0.604 7
0.9346 0.6842 0.6384 7
0.9442 0.6667 0.6283 6
0.9313 0.6899 0.642 7
0.954 0.6711 0.6377 10
0.9299 0.6966 0.6465 7
0.938 0.625 0.5858 6
0.9398 0.6864 0.6435 9
0.9315 0.6357 0.5919 4
0.9431 0.6532 0.6147 3
0.9388 0.657 0.6157 12
0.9427 0.6667 0.6269 7
0.9298 0.6235 0.5794 8
0.9432 0.6721 0.633 7
0.9368 0.6055 0.5667 6
0.9398 0.6522 0.6127 5
0.9203 0.6822 0.6278 4
0.9323 0.6758 0.6296 6
0.9413 0.6538 0.6145 7
0.9298 0.7037 0.6538 5
0.934 0.6462 0.6031 6
0.9416 0.6901 0.6484 9
0.926 0.6789 0.6283 6
0.9451 0.6484 0.6113 10
0.939 0.681 0.6389 7
0.9411 0.6756 0.6345 6
0.9277 0.6477 0.6008 2
0.931 0.6933 0.6443 7
0.9357 0.6423 0.6002 8
0.9339 0.626 0.5842 7
0.923 0.6734 0.621 5
0.9317 0.6364 0.5929 4
0.9186 0.6623 0.6082 4
0.9318 0.686 0.6383 7
0.9354 0.6198 0.5795 3
0.9347 0.6726 0.6278 7
0.936 0.687 0.6421 5
0.9374 0.6614 0.6191 7
0.9248 0.6552 0.6055 6
0.9372 0.6544 0.6128 6
0.9291 0.6639 0.6162 7
0.9376 0.6732 0.6301 9
0.9286 0.6463 0.5998 3
0.9412 0.6822 0.641 9
0.9513 0.6933 0.6571 12
0.9395 0.648 0.6071 8
0.9385 0.6326 0.5931 6
0.9535 0.6563 0.6253 6
0.953 0.7754 0.7384 3
0.7535 0.4528 0.3411 5
0.9553 0.7665 0.7317 3
0.9667 0.5809 0.5616 1
0.9625 0.6701 0.6449 2
0.9322 0.7302 0.6807 3
0.984 0.6389 0.6269 9
0.945 0.5446 0.5142 4
0.9441 0.6577 0.6103 27
0.926 0.6618 0.6094 17
0.9537 0.6442 0.614 4
0.9784 0.7518 0.7355 2
0.9629 0.7803 0.7514 1
0.791 0.5084 0.3963 22
0.9734 0.6478 0.6284 6
0.8075 0.6385 0.5156 1
0.9604 0.6646 0.6365 3
0.8022 0.6923 0.5554 1
0.9615 0.5966 0.5712 7
0.9298 0.6173 0.5561 33
0.9601 0.7061 0.6768 8
0.9644 0.6476 0.6245 2
0.9714 0.7463 0.7248 5
0.9649 0.7009 0.6754 6
0.9834 0.6338 0.6228 7
0.9764 0.7771 0.7588 1
0.9235 0.7787 0.7172 14
0.9533 0.6017 0.573 8
0.8496 0.7098 0.6028 8
0.9584 0.6277 0.6007 4
0.9483 0.5581 0.5291 4
0.9786 0.6952 0.68 5
0.9613 0.6842 0.6567 5
0.8824 0.5118 0.4445 29
0.968 0.6227 0.6016 8
0.8467 0.6652 0.558 12
0.9616 0.648 0.6219 4
0.962 0.7238 0.6944 7
0.9716 0.7042 0.6802 15
0.9508 0.7074 0.6723 3
0.9508 0.7217 0.6862 2
0.9628 0.6294 0.6045 5
0.9767 0.7216 0.704 4
0.9721 0.6814 0.662 6
0.9748 0.6049 0.5893 5
0.971 0.6667 0.6465 5
0.9702 0.726 0.704 5
0.9321 0.6203 0.577 9
0.9751 0.6611 0.6443 7
0.9647 0.6261 0.6039 3
0.9699 0.6359 0.6162 3
0.9751 0.6884 0.6699 9
0.9693 0.7067 0.6844 4
0.9754 0.6214 0.6052 8
0.9709 0.6563 0.6356 9
0.9267 0.6628 0.6138 3
0.9574 0.7059 0.6705 12
0.9809 0.75 0.7332 9
0.9668 0.7259 0.6996 11
0.9779 0.7264 0.706 11
0.9638 0.7317 0.7039 5
0.9698 0.6519 0.6305 7
0.974 0.6479 0.6304 6
0.9646 0.7154 0.6887 5
0.9646 0.625 0.6027 3
0.962 0.6377 0.6118 12
0.954 0.6776 0.6464 2
0.9747 0.6812 0.663 4
0.9721 0.7669 0.7426 7
0.9695 0.6429 0.6224 6
0.9655 0.6754 0.6518 3
0.9762 0.7101 0.6918 4
0.9642 0.7 0.6741 6
0.9721 0.66 0.6394 14
0.9725 0.6812 0.6611 7
0.9484 0.7198 0.6806 7
0.8884 0.6467 0.5736 6
0.973 0.7246 0.7018 10
0.961 0.723 0.6943 4
0.9578 0.7245 0.6923 7
0.9416 0.7319 0.689 4
0.9687 0.6241 0.6037 7
0.97 0.7218 0.6988 8
0.9605 0.7326 0.7029 4
0.975 0.6179 0.6025 2
0.973 0.6402 0.6223 7
0.9583 0.6633 0.6348 6
0.958 0.6704 0.6422 2
0.9667 0.7218 0.6971 6
0.9709 0.6806 0.6586 6
0.9711 0.633 0.6126 10
0.9765 0.7186 0.7008 8
0.9701 0.7154 0.6927 11
0.9793 0.6442 0.6292 10
0.9628 0.6822 0.656 4
0.9609 0.7361 0.7068 5
0.9606 0.7069 0.6788 2
0.9667 0.7007 0.6754 7
0.9537 0.7101 0.677 4
0.9552 0.7171 0.6838 5
0.9603 0.7383 0.7072 7
0.9662 0.6014 0.5797 9
0.9608 0.7083 0.6796 5
0.9708 0.6931 0.6715 9
0.9635 0.6413 0.6177 4
0.9528 0.687 0.6544 4
0.9626 0.6971 0.6657 13
0.962 0.6734 0.6464 9
0.9674 0.7014 0.6776 4
0.9599 0.6908 0.6623 6
0.9717 0.6721 0.652 8
0.9603 0.6872 0.6597 9
0.9491 0.7378 0.6997 4
0.976 0.6684 0.6502 7
0.9573 0.7008 0.6701 4
0.9567 0.7107 0.6797 2
0.9598 0.7216 0.6894 10
0.9556 0.7386 0.705 6
0.9782 0.7107 0.6907 10
0.974 0.6955 0.6737 8
0.9596 0.7093 0.6802 3
0.9723 0.6468 0.6285 5
0.9652 0.7288 0.7029 6
0.9545 0.7103 0.6768 9
0.9583 0.641 0.614 4
0.962 0.6697 0.6434 8
0.9462 0.6891 0.6512 9
0.9724 0.6899 0.6699 8
0.9679 0.6963 0.6722 8
0.9614 0.6993 0.6716 10
0.9688 0.661 0.6399 10
0.9568 0.6337 0.6056 8
0.9725 0.6639 0.6441 11
0.9649 0.641 0.6179 8
0.9601 0.6864 0.6545 15
0.963 0.68 0.6548 2
0.9639 0.7573 0.7266 9
0.9618 0.7 0.6718 10
0.9627 0.6615 0.636 5
0.9484 0.7218 0.6834 5
0.9619 0.6429 0.6168 6
0.9478 0.6204 0.5877 6
0.9526 0.6815 0.6487 3
0.9508 0.6921 0.6575 6
0.9527 0.6344 0.604 5
0.9629 0.6273 0.6018 7
0.9432 0.6519 0.6145 6
0.9491 0.6 0.5687 5
0.9451 0.7152 0.6749 7
0.9514 0.7248 0.6871 9
0.9503 0.6852 0.6501 9
0.9417 0.6779 0.6381 5
0.9385 0.6389 0.5996 3
0.9497 0.6637 0.6302 3
0.9555 0.6926 0.6607 3
0.9485 0.7054 0.6689 3
0.9555 0.7212 0.6875 12
0.9407 0.7423 0.6974 5
0.9509 0.6162 0.5854 7
0.9406 0.7226 0.6789 8
0.9558 0.68 0.6481 13
0.9592 0.62 0.5937 5
0.948 0.653 0.6186 5
0.9501 0.6831 0.6483 7
0.9479 0.6154 0.5833 4
0.9395 0.6822 0.6406 5
0.9448 0.6416 0.6056 7
0.9461 0.6587 0.6224 7
0.9441 0.6754 0.6363 10
0.9497 0.7125 0.6751 6
0.9576 0.6623 0.6333 5
0.9407 0.6494 0.6109 3
0.9455 0.696 0.6575 6
0.9371 0.6708 0.6283 4
0.9493 0.644 0.6106 8
0.9509 0.6504 0.6178 4
0.9555 0.6739 0.6426 10
0.9391 0.7283 0.6822 10
0.9609 0.65 0.6219 14
0.9491 0.7059 0.6686 10
0.9476 0.6829 0.6465 9
0.941 0.6213 0.5842 7
0.9441 0.6885 0.6491 7
0.9435 0.6992 0.6595 5
0.9548 0.6289 0.5993 8
0.955 0.6693 0.6379 8
0.9562 0.6016 0.5745 10
0.9497 0.6449 0.6119 7
0.9329 0.6984 0.6505 7
0.9543 0.6976 0.6644 5
0.9501 0.6695 0.6346 6
0.9517 0.6551 0.6226 6
0.95 0.6695 0.6348 8
0.9432 0.6429 0.6057 8
0.9489 0.6822 0.6462 9
0.945 0.6336 0.598 11
0.9473 0.7043 0.6655 7
0.9444 0.6653 0.6273 8
0.9474 0.672 0.6359 5
0.9523 0.668 0.6349 7
0.9581 0.6536 0.6232 10
0.9396 0.624 0.5862 2
0.9357 0.6992 0.6536 9
0.9479 0.6716 0.6356 8
0.9413 0.6369 0.5987 8
0.9557 0.6681 0.6368 9
0.9422 0.6434 0.6052 7
0.9394 0.665 0.6241 5
0.94 0.7094 0.6656 8
0.9416 0.6992 0.6582 4
0.9506 0.6301 0.5982 10
0.9424 0.6781 0.6381 10
0.9499 0.6271 0.5946 8
0.9371 0.6602 0.6183 6
0.9467 0.6538 0.6185 4
0.9448 0.6692 0.6318 5
0.9471 0.6818 0.6443 12
0.9497 0.6748 0.6394 10
0.9451 0.6304 0.5946 9
0.9377 0.7059 0.6613 6
0.9489 0.6641 0.6282 11
0.9467 0.6613 0.626 2
0.9421 0.6748 0.6349 10
0.9425 0.6579 0.6197 6
0.9386 0.6282 0.5892 4
0.9323 0.675 0.6287 9
0.9336 0.6538 0.6092 10
0.9364 0.662 0.6193 5
0.9466 0.6911 0.6527 8
0.9394 0.7083 0.6635 7
0.9437 0.6626 0.6242 5
0.9343 0.6929 0.6473 2
0.9493 0.6295 0.5972 2
0.9453 0.6496 0.6135 5
0.9402 0.668 0.6275 6
0.9276 0.6825 0.6329 7
0.9485 0.6777 0.6419 10
0.9328 0.6709 0.6249 9
0.9393 0.6538 0.6138 4
0.9444 0.6865 0.6471 5
0.9394 0.6704 0.6282 9
0.9399 0.6298 0.5913 6
0.945 0.7 0.6599 12
0.9369 0.6444 0.6033 6
0.942 0.6372 0.5996 8
0.9403 0.6786 0.637 6
0.9376 0.627 0.5875 7
0.9371 0.6391 0.5985 4
0.9519 0.688 0.6529 10
0.9408 0.7 0.6577 5
0.9397 0.6639 0.6233 5
0.9258 0.7036 0.6509 4
0.9376 0.6575 0.6157 7
0.9391 0.6842 0.6409 11
0.9358 0.687 0.6414 7
0.9316 0.6977 0.6494 3
0.9541 0.6798 0.6474 9
0.943 0.6966 0.6559 5
0.9423 0.625 0.5883 4
0.934 0.7034 0.6564 5
0.9319 0.65 0.6053 4
0.9286 0.6492 0.6025 5
0.9415 0.6612 0.6218 6
0.9397 0.6444 0.6049 7
0.9344 0.6111 0.5705 4
0.9264 0.6803 0.6297 6
0.9328 0.6289 0.586 7
0.931 0.6522 0.6068 3
0.9408 0.6744 0.6333 7
0.9344 0.6992 0.6525 5
0.938 0.6581 0.6163 8
0.9441 0.6741 0.6331 6
0.9313 0.6731 0.6257 9
0.9366 0.686 0.6417 4
0.9425 0.6585 0.6198 7
0.9288 0.6563 0.6092 5
0.9317 0.694 0.6458 8
0.9392 0.6603 0.6191 6
0.9289 0.6515 0.6049 7
0.945 0.6723 0.6341 5
0.9285 0.6277 0.5825 6
0.9326 0.6575 0.6126 7
0.9321 0.6573 0.6124 4
0.9318 0.6629 0.6172 6
0.9343 0.6291 0.5874 6
0.929 0.6783 0.6296 6
0.9322 0.624 0.5813 4
0.9365 0.6726 0.6286 7
0.9342 0.6756 0.63 9
0.9444 0.6496 0.6118 6
0.9278 0.6724 0.6232 7
0.9378 0.6654 0.6231 10
0.9294 0.6598 0.6129 5
0.9406 0.6811 0.6383 7
0.9346 0.6463 0.6038 7
0.9472 0.6744 0.6376 7
0.9206 0.7059 0.6495 3
0.9385 0.648 0.607 6
0.9401 0.6098 0.5732 4
0.7667 0.3616 0.2594 25
0.949 0.7754 0.7357 2
0.9429 0.4921 0.464 2
0.9553 0.7665 0.7317 3
0.948 0.4118 0.3902 5
0.9594 0.6667 0.6396 3
0.6863 0.5714 0.389 22
0.9484 0.6389 0.6058 5
0.695 0.4455 0.3095 4
0.9516 0.7192 0.6844 1
0.73 0.5441 0.3931 16
0.7288 0.5048 0.3671 15
0.9657 0.7306 0.7048 10
0.7904 0.7311 0.5716 17
0.76 0.5294 0.398 23
0.9325 0.6321 0.5884 12
0.7015 0.5704 0.3995 23
0.9604 0.6646 0.6365 3
0.6677 0.6577 0.4391 1
0.9528 0.5 0.4744 6
0.9455 0.679 0.642 3
0.5715 0.5877 0.334 12
0.9614 0.6446 0.6197 3
0.6325 0.5896 0.3623 24
0.9484 0.7009 0.6647 1
0.5613 0.4401 0.247 1
0.9676 0.75 0.7255 7
0.7101 0.6803 0.4807 8
0.9692 0.6059 0.5865 8
0.9662 0.7557 0.7282 12
0.951 0.5479 0.5209 2
0.8035 0.436 0.3494 4
0.853 0.6009 0.5083 9
0.9551 0.6842 0.6526 4
0.9618 0.6102 0.5868 3
0.9556 0.5552 0.5298 6
0.8784 0.6116 0.5367 3
0.9665 0.6122 0.5898 5
0.749 0.6329 0.4738 4
0.9173 0.6292 0.5684 23
0.9768 0.5691 0.5543 6
0.9276 0.6696 0.621 2
0.9406 0.5385 0.5063 5
0.845 0.5216 0.4184 30
0.6987 0.4912 0.3387 24
0.6842 0.4615 0.3158 3
0.9716 0.6076 0.5903 2
0.9503 0.6971 0.6612 7
0.8148 0.4887 0.3962 14
0.9748 0.6556 0.6383 5
0.8753 0.584 0.5104 9
0.9678 0.6359 0.6146 6
0.8345 0.6106 0.5035 10
0.9682 0.6923 0.6684 9
0.7379 0.4369 0.3152 16
0.9656 0.6758 0.6498 8
0.9239 0.6919 0.6382 3
0.9345 0.6647 0.6198 8
0.9809 0.733 0.7169 10
0.7278 0.563 0.4029 29
0.9456 0.6132 0.5714 15
0.9649 0.6911 0.6657 6
0.9417 0.5852 0.5508 3
0.7487 0.4852 0.3543 24
0.9674 0.6692 0.6457 8
0.9663 0.6174 0.5966 1
0.9395 0.6486 0.6091 4
0.9164 0.6542 0.5995 1
0.9157 0.5839 0.5342 4
0.9603 0.6992 0.6681 10
0.9673 0.623 0.6013 8
0.7987 0.614 0.4903 3
0.9772 0.6746 0.6584 10
0.7845 0.5238 0.4069 12
0.7659 0.555 0.4232 14
0.9682 0.6449 0.6238 6
0.8517 0.5385 0.45 9
0.8562 0.56 0.479 6
0.7715 0.6739 0.5199 6
0.768 0.6187 0.469 25
0.7751 0.6173 0.4782 3
0.9624 0.7246 0.6947 11
0.9662 0.6203 0.5986 7
0.709 0.588 0.414 16
0.9628 0.624 0.5955 18
0.9564 0.5821 0.555 7
0.7556 0.5189 0.391 11
0.9606 0.6378 0.6083 8
0.9646 0.6667 0.6426 5
0.9731 0.6353 0.6173 7
0.948 0.6354 0.602 5
0.9181 0.555 0.5084 9
0.8106 0.6281 0.5086 15
0.9663 0.6504 0.6274 6
0.9678 0.6298 0.6083 6
0.9655 0.6483 0.6241 8
0.8517 0.6296 0.5311 9
0.7514 0.546 0.3976 18
0.9558 0.6725 0.642 3
0.9494 0.6051 0.5719 7
0.9643 0.6977 0.6708 11
0.9575 0.6812 0.6519 6
0.9644 0.6377 0.6147 6
0.7721 0.559 0.4298 6
0.8003 0.5793 0.463 7
0.8795 0.5507 0.4839 5
0.9085 0.6341 0.5742 7
0.9566 0.6971 0.6668 2
0.7326 0.5565 0.405 12
0.8482 0.6007 0.5087 5
0.8926 0.6069 0.5407 8
0.8323 0.6025 0.4981 9
0.9748 0.6823 0.664 6
0.846 0.6399 0.5369 11
0.9678 0.5895 0.5682 9
0.8172 0.6393 0.5224 4
0.8901 0.6529 0.5808 4
0.7842 0.6477 0.5068 6
0.9098 0.6932 0.6218 4
0.9712 0.7107 0.6873 12
0.9763 0.7 0.6806 7
0.921 0.6085 0.5582 8
0.9633 0.6349 0.611 10
0.9564 0.6732 0.6385 8
0.8995 0.5873 0.5277 6
0.8688 0.5609 0.4864 6
0.9433 0.6101 0.5726 7
0.9497 0.6681 0.6334 11
0.9586 0.6008 0.5757 4
0.9603 0.6926 0.6645 3
0.8338 0.6014 0.5001 5
0.9361 0.5822 0.5435 8
0.8975 0.5988 0.5357 10
0.9597 0.6303 0.603 11
0.8539 0.5598 0.4779 3
0.9328 0.6398 0.596 4
0.8273 0.6 0.4953 7
0.9086 0.6602 0.5986 5
0.9401 0.6185 0.5777 9
0.9662 0.6385 0.6151 7
0.9285 0.6725 0.6237 4
0.8662 0.6353 0.55 5
0.9221 0.5584 0.5149 2
0.8861 0.6404 0.5672 6
0.9284 0.6887 0.6386 5
0.9304 0.5969 0.5553 3
0.8037 0.5955 0.4776 7
0.8868 0.6185 0.5484 2
0.827 0.5565 0.4602 2
0.9098 0.6391 0.5809 4
0.8197 0.624 0.511 5
0.9411 0.6741 0.6342 3
0.7907 0.5552 0.4367 7
0.7782 0.5278 0.4098 8
0.9604 0.6195 0.5941 5
0.805 0.6148 0.4946 6
0.9253 0.6875 0.6361 3
0.8491 0.6106 0.5176 6
0.8802 0.6577 0.5763 5
0.9626 0.5775 0.5553 5
0.9434 0.6781 0.6375 8
0.9413 0.648 0.6084 9
0.9403 0.608 0.5716 2
0.8062 0.5709 0.4594 5
0.9527 0.6444 0.6135 4
0.8552 0.5839 0.4992 3
0.8236 0.5814 0.4782 8
0.9041 0.5575 0.5034 4
0.884 0.5817 0.5129 5
0.9415 0.5921 0.5556 8
0.9473 0.6583 0.6231 5
0.9444 0.5965 0.5622 6
0.9513 0.6299 0.5986 6
0.9208 0.664 0.6094 5
0.8926 0.6125 0.5466 4
0.9534 0.608 0.5781 9
0.9202 0.6504 0.5985 2
0.9449 0.687 0.6472 9
0.9363 0.6811 0.6357 8
0.8871 0.6231 0.5525 4
0.9325 0.6581 0.6128 8
0.8923 0.5407 0.4822 6
0.9372 0.5956 0.5575 9
0.956 0.6926 0.6601 5
0.9507 0.6805 0.646 7
0.9105 0.5629 0.5119 6
0.8344 0.5906 0.4926 4
0.9301 0.6423 0.5969 7
0.9445 0.6262 0.5907 6
0.8616 0.6429 0.5538 4
0.8876 0.6089 0.54 4
0.8751 0.5932 0.5159 9
0.9387 0.6361 0.5967 5
0.9267 0.6229 0.5772 3
0.9317 0.6295 0.5861 5
0.9047 0.6279 0.5678 5
0.9296 0.6336 0.5888 5
0.9297 0.6478 0.6011 9
0.9226 0.6441 0.5939 5
0.9325 0.656 0.6116 4
0.935 0.6445 0.6012 8
0.9444 0.6036 0.5695 6
0.9215 0.595 0.5472 6
0.8092 0.6367 0.5122 13
0.83 0.5784 0.4798 5
0.9075 0.6242 0.5662 6
0.9332 0.6336 0.5905 6
0.9187 0.5779 0.5296 5
0.9239 0.6117 0.5646 3
0.9048 0.5983 0.5367 10
0.9326 0.6695 0.6242 4
0.9036 0.6057 0.5473 1
0.9233 0.6575 0.6063 5
0.9153 0.6441 0.5895 2
0.8558 0.6094 0.5212 4
0.927 0.6239 0.5781 5
0.9073 0.6053 0.549 4
0.8986 0.6545 0.5878 6
0.9176 0.6341 0.5807 10
0.9474 0.6268 0.5935 4
0.9424 0.6507 0.6132 3
0.9341 0.6328 0.5899 9
0.9025 0.625 0.5639 3
0.8872 0.6626 0.5872 3
0.8487 0.5714 0.4841 5
0.8325 0.5609 0.4669 2
0.8082 0.5958 0.4813 5
0.9426 0.6538 0.6156 3
0.922 0.6435 0.5933 2
0.9263 0.6626 0.6134 5
0.8511 0.6292 0.5344 7
0.9397 0.6504 0.6105 9
0.9013 0.6571 0.592 6
0.9006 0.5446 0.4899 5
0.9448 0.6325 0.5974 3
0.9463 0.6475 0.6124 4
0.8792 0.6277 0.5516 5
0.9249 0.6322 0.584 5
0.8417 0.6026 0.5061 6
0.9304 0.5909 0.5492 5
0.9262 0.6548 0.6063 4
0.9332 0.5963 0.5564 2
0.886 0.5954 0.5274 3
0.8614 0.6375 0.5488 4
0.9257 0.6444 0.5964 4
0.8725 0.561 0.4887 7
0.9362 0.6627 0.6201 5
0.8944 0.619 0.5536 2
0.9136 0.6174 0.563 9
0.9076 0.668 0.6046 6
0.878 0.6417 0.5619 9
0.9157 0.605 0.5512 9
0.9049 0.6786 0.6139 4
0.9173 0.6496 0.5958 2
0.9337 0.6579 0.6133 8
0.9294 0.6626 0.6149 6
0.8935 0.6357 0.5675 5
0.9134 0.6535 0.596 6
0.9286 0.6538 0.6067 6
0.9157 0.5714 0.523 4
0.8974 0.6822 0.6118 4
0.9281 0.6321 0.5866 2
0.8849 0.6008 0.5316 4
0.9396 0.6612 0.6195 11
0.8224 0.5778 0.4752 1
0.9381 0.6049 0.5674 2
0.9247 0.6475 0.5984 4
0.932 0.5977 0.5551 9
0.9325 0.6391 0.5955 6
0.9252 0.6434 0.5948 5
0.9111 0.6172 0.5595 10
0.9274 0.6239 0.5782 4
0.9413 0.6704 0.6292 12
0.9372 0.6 0.5618 6
0.9243 0.6653 0.6144 3
0.9293 0.6423 0.5962 5
0.8759 0.6328 0.5542 3
0.9297 0.6638 0.6167 4
0.9364 0.6679 0.623 12
0.9174 0.6364 0.5835 5
0.9114 0.6891 0.6272 6
0.9273 0.6277 0.5819 3
0.9393 0.6142 0.5762 4
0.9392 0.6613 0.6194 7
0.8783 0.6288 0.5506 7
0.9348 0.6291 0.5874 7
0.9071 0.6279 0.5692 5
0.8725 0.5785 0.5044 5
0.929 0.6504 0.604 7
0.8988 0.6565 0.5873 7
0.9271 0.6535 0.6044 8
0.835 0.6078 0.507 5
0.8923 0.6176 0.5508 4
0.9484 0.6352 0.601 10
0.937 0.6535 0.6107 12
0.928 0.6463 0.5987 8
0.9149 0.6434 0.5885 3
0.9321 0.6807 0.6333 10
0.9186 0.628 0.576 9
0.9202 0.6288 0.5785 3