../../problems/clp/benchs/BRwp-0.5-0.5/BR1.txt -i 6 --min_fr=1.0 0.706100 0.931400
../../problems/clp/benchs/BRwp-0.5-0.5/BR1.txt -i 11 --min_fr=1.0 0.613900 0.864900
../../problems/clp/benchs/BRwp-0.5-0.5/BR1.txt -i 16 --min_fr=1.0 0.674400 0.891000
../../problems/clp/benchs/BRwp-0.5-0.5/BR2.txt -i 0 --min_fr=1.0 0.710300 0.911800
../../problems/clp/benchs/BRwp-0.5-0.5/BR2.txt -i 1 --min_fr=1.0 0.680200 0.867500
../../problems/clp/benchs/BRwp-0.5-0.5/BR2.txt -i 3 --min_fr=1.0 0.720400 0.954700
../../problems/clp/benchs/BRwp-0.5-0.5/BR2.txt -i 6 --min_fr=1.0 0.746500 0.922500
../../problems/clp/benchs/BRwp-0.5-0.5/BR2.txt -i 8 --min_fr=1.0 0.586100 0.738100
../../problems/clp/benchs/BRwp-0.5-0.5/BR2.txt -i 11 --min_fr=1.0 0.560600 0.726000
../../problems/clp/benchs/BRwp-0.5-0.5/BR2.txt -i 14 --min_fr=1.0 0.607400 0.774800
../../problems/clp/benchs/BRwp-0.5-0.5/BR2.txt -i 16 --min_fr=1.0 0.764400 0.941600
../../problems/clp/benchs/BRwp-0.5-0.5/BR3.txt -i 5 --min_fr=1.0 0.589200 0.748200
../../problems/clp/benchs/BRwp-0.5-0.5/BR3.txt -i 10 --min_fr=1.0 0.614600 0.751000
../../problems/clp/benchs/BRwp-0.5-0.5/BR3.txt -i 11 --min_fr=1.0 0.615900 0.766100
../../problems/clp/benchs/BRwp-0.5-0.5/BR3.txt -i 15 --min_fr=1.0 0.675700 0.843300
../../problems/clp/benchs/BRwp-0.5-0.5/BR4.txt -i 7 --min_fr=1.0 0.652400 0.787200
../../problems/clp/benchs/BRwp-0.5-0.5/BR4.txt -i 13 --min_fr=1.0 0.679700 0.816300
../../problems/clp/benchs/BRwp-0.5-0.5/BR5.txt -i 2 --min_fr=1.0 0.600200 0.810900
../../problems/clp/benchs/BRwp-1.0-0.5/BR1.txt -i 5 --min_fr=1.0 0.644900 0.833600
../../problems/clp/benchs/BRwp-1.0-0.5/BR1.txt -i 7 --min_fr=1.0 0.626900 0.844600
../../problems/clp/benchs/BRwp-1.0-0.5/BR1.txt -i 11 --min_fr=1.0 0.614000 0.770100
../../problems/clp/benchs/BRwp-1.0-0.5/BR1.txt -i 16 --min_fr=1.0 0.515600 0.687600
../../problems/clp/benchs/BRwp-1.0-0.5/BR1.txt -i 17 --min_fr=1.0 0.636500 0.889600
../../problems/clp/benchs/BRwp-1.0-0.5/BR2.txt -i 7 --min_fr=1.0 0.717200 0.888300
../../problems/clp/benchs/BRwp-1.0-0.5/BR2.txt -i 8 --min_fr=1.0 0.573000 0.692700
../../problems/clp/benchs/BRwp-1.0-0.5/BR2.txt -i 12 --min_fr=1.0 0.680000 0.847500
../../problems/clp/benchs/BRwp-1.0-0.5/BR2.txt -i 14 --min_fr=1.0 0.444500 0.611300
../../problems/clp/benchs/BRwp-1.0-0.5/BR2.txt -i 15 --min_fr=1.0 0.601600 0.794100
../../problems/clp/benchs/BRwp-1.0-0.5/BR3.txt -i 0 --min_fr=1.0 0.672300 0.869700
../../problems/clp/benchs/BRwp-1.0-0.5/BR3.txt -i 2 --min_fr=1.0 0.604500 0.731400
../../problems/clp/benchs/BRwp-1.0-0.5/BR3.txt -i 9 --min_fr=1.0 0.644300 0.777300
../../problems/clp/benchs/BRwp-1.0-0.5/BR3.txt -i 11 --min_fr=1.0 0.616200 0.758700
../../problems/clp/benchs/BRwp-1.0-0.5/BR4.txt -i 6 --min_fr=1.0 0.611800 0.745300
../../problems/clp/benchs/BRwp-1.0-0.5/BR4.txt -i 8 --min_fr=1.0 0.663000 0.846000
../../problems/clp/benchs/BRwp-1.0-0.5/BR4.txt -i 11 --min_fr=1.0 0.651800 0.829900
../../problems/clp/benchs/BRwp-1.0-0.5/BR4.txt -i 19 --min_fr=1.0 0.694300 0.840900
../../problems/clp/benchs/BRwp-1.0-0.5/BR5.txt -i 5 --min_fr=1.0 0.602500 0.771500
../../problems/clp/benchs/BRwp-1.0-0.5/BR5.txt -i 7 --min_fr=1.0 0.634800 0.829200
../../problems/clp/benchs/BRwp-1.0-0.5/BR5.txt -i 16 --min_fr=1.0 0.706100 0.890500
../../problems/clp/benchs/BRwp-1.0-0.5/BR6.txt -i 2 --min_fr=1.0 0.579700 0.708500
../../problems/clp/benchs/BRwp-1.0-0.5/BR6.txt -i 16 --min_fr=1.0 0.679700 0.818500
../../problems/clp/benchs/BRwp-1.4-0.5/BR1.txt -i 0 --min_fr=1.0 0.259400 0.351300
../../problems/clp/benchs/BRwp-1.4-0.5/BR1.txt -i 2 --min_fr=1.0 0.464000 0.567100
../../problems/clp/benchs/BRwp-1.4-0.5/BR1.txt -i 3 --min_fr=1.0 0.731700 0.884300
../../problems/clp/benchs/BRwp-1.4-0.5/BR1.txt -i 5 --min_fr=1.0 0.639600 0.873300
../../problems/clp/benchs/BRwp-1.4-0.5/BR1.txt -i 8 --min_fr=1.0 0.309500 0.465200
../../problems/clp/benchs/BRwp-1.4-0.5/BR1.txt -i 10 --min_fr=1.0 0.393100 0.482100
../../problems/clp/benchs/BRwp-1.4-0.5/BR1.txt -i 15 --min_fr=1.0 0.588400 0.795100
../../problems/clp/benchs/BRwp-1.4-0.5/BR1.txt -i 17 --min_fr=1.0 0.636500 0.857800
../../problems/clp/benchs/BRwp-1.4-0.5/BR1.txt -i 19 --min_fr=1.0 0.474400 0.724200
../../problems/clp/benchs/BRwp-1.4-0.5/BR2.txt -i 5 --min_fr=1.0 0.247000 0.387000
../../problems/clp/benchs/BRwp-1.4-0.5/BR2.txt -i 16 --min_fr=1.0 0.536700 0.765100
../../problems/clp/benchs/BRwp-1.4-0.5/BR3.txt -i 0 --min_fr=1.0 0.554300 0.691700
../../problems/clp/benchs/BRwp-1.4-0.5/BR3.txt -i 2 --min_fr=1.0 0.506300 0.609300
../../problems/clp/benchs/BRwp-1.4-0.5/BR3.txt -i 3 --min_fr=1.0 0.418400 0.547400
../../problems/clp/benchs/BRwp-1.4-0.5/BR3.txt -i 5 --min_fr=1.0 0.315800 0.437700
../../problems/clp/benchs/BRwp-1.4-0.5/BR3.txt -i 7 --min_fr=1.0 0.661200 0.849000
../../problems/clp/benchs/BRwp-1.4-0.5/BR4.txt -i 10 --min_fr=1.0 0.601300 0.772100
../../problems/clp/benchs/BRwp-1.4-0.5/BR4.txt -i 11 --min_fr=1.0 0.490300 0.623000
../../problems/clp/benchs/BRwp-1.4-0.5/BR4.txt -i 14 --min_fr=1.0 0.423200 0.526000
../../problems/clp/benchs/BRwp-1.4-0.5/BR4.txt -i 16 --min_fr=1.0 0.450000 0.547000
../../problems/clp/benchs/BRwp-1.4-0.5/BR5.txt -i 2 --min_fr=1.0 0.598600 0.746300
../../problems/clp/benchs/BRwp-1.4-0.5/BR5.txt -i 7 --min_fr=1.0 0.608300 0.734700
../../problems/clp/benchs/BRwp-1.4-0.5/BR6.txt -i 18 --min_fr=1.0 0.621800 0.753000
