0.6856 +- -1.00 (1)
0.5239 +- -1.00 (1)
0.5247 +- -1.00 (1)
0.5788 +- -1.00 (1)
0.5739 +- -1.00 (1)
0.5864 +- -1.00 (1)
0.4438 +- -1.00 (1)
0.6379 +- -1.00 (1)
0.6159 +- -1.00 (1)
0.8143 +- -1.00 (1)
0.6287 +- -1.00 (1)
0.6848 +- -1.00 (1)
0.9253 +- -1.00 (1)
0.2592 +- -1.00 (1)
0.6146 +- -1.00 (1)
0.3229 +- -1.00 (1)
0.5877 +- -1.00 (1)
0.3969 +- -1.00 (1)
0.2631 +- -1.00 (1)
0.4737 +- -1.00 (1)
0.6225 +- -1.00 (1)
0.6247 +- -1.00 (1)
0.7023 +- -1.00 (1)
0.8872 +- -1.00 (1)
0.6414 +- -1.00 (1)
0.5557 +- -1.00 (1)
0.7259 +- -1.00 (1)
0.6736 +- -1.00 (1)
0.7422 +- -1.00 (1)
0.4420 +- -1.00 (1)
0.5623 +- -1.00 (1)
0.6401 +- -1.00 (1)
0.3785 +- -1.00 (1)
0.5744 +- -1.00 (1)
0.5809 +- -1.00 (1)
0.8060 +- -1.00 (1)
0.3441 +- -1.00 (1)
0.7547 +- -1.00 (1)
0.7098 +- -1.00 (1)
0.6729 +- -1.00 (1)
0.7342 +- -1.00 (1)
0.4748 +- -1.00 (1)
0.6897 +- -1.00 (1)
0.6522 +- -1.00 (1)
0.6165 +- -1.00 (1)
0.5252 +- -1.00 (1)
0.5299 +- -1.00 (1)
0.6987 +- -1.00 (1)
0.6558 +- -1.00 (1)
0.7619 +- -1.00 (1)
0.6971 +- -1.00 (1)
0.7089 +- -1.00 (1)
0.7568 +- -1.00 (1)
0.7397 +- -1.00 (1)
0.6311 +- -1.00 (1)
0.4928 +- -1.00 (1)
0.6633 +- -1.00 (1)
0.6180 +- -1.00 (1)
0.6563 +- -1.00 (1)
0.6025 +- -1.00 (1)
0.6453 +- -1.00 (1)
0.5818 +- -1.00 (1)
0.6779 +- -1.00 (1)
0.6785 +- -1.00 (1)
0.5360 +- -1.00 (1)
0.6830 +- -1.00 (1)
0.7697 +- -1.00 (1)
0.7175 +- -1.00 (1)
0.5900 +- -1.00 (1)
0.4700 +- -1.00 (1)
0.5593 +- -1.00 (1)
0.7241 +- -1.00 (1)
0.9310 +- -1.00 (1)
0.5606 +- -1.00 (1)
0.8990 +- -1.00 (1)
0.5601 +- -1.00 (1)
0.7133 +- -1.00 (1)
0.5309 +- -1.00 (1)
0.7666 +- -1.00 (1)
0.6385 +- -1.00 (1)
0.5063 +- -1.00 (1)
0.6074 +- -1.00 (1)
0.5806 +- -1.00 (1)
0.6711 +- -1.00 (1)
0.4648 +- -1.00 (1)
0.5873 +- -1.00 (1)
0.6873 +- -1.00 (1)
0.5745 +- -1.00 (1)
0.6284 +- -1.00 (1)
0.5268 +- -1.00 (1)
0.5784 +- -1.00 (1)
0.5224 +- -1.00 (1)
0.6809 +- -1.00 (1)
0.6799 +- -1.00 (1)
0.6441 +- -1.00 (1)
0.6339 +- -1.00 (1)
0.6728 +- -1.00 (1)
0.6504 +- -1.00 (1)
0.7492 +- -1.00 (1)
0.6440 +- -1.00 (1)
0.6851 +- -1.00 (1)
0.7495 +- -1.00 (1)
0.6138 +- -1.00 (1)
0.6134 +- -1.00 (1)
0.6838 +- -1.00 (1)
0.6101 +- -1.00 (1)
0.7135 +- -1.00 (1)
0.5999 +- -1.00 (1)
0.6751 +- -1.00 (1)
0.5803 +- -1.00 (1)
0.6040 +- -1.00 (1)
0.6776 +- -1.00 (1)
0.5902 +- -1.00 (1)
0.5687 +- -1.00 (1)
0.5145 +- -1.00 (1)
0.6312 +- -1.00 (1)
0.6675 +- -1.00 (1)
0.6233 +- -1.00 (1)
0.5627 +- -1.00 (1)
0.6155 +- -1.00 (1)
0.5859 +- -1.00 (1)
0.6246 +- -1.00 (1)
0.7193 +- -1.00 (1)
0.6432 +- -1.00 (1)
0.6164 +- -1.00 (1)
0.6280 +- -1.00 (1)
0.6930 +- -1.00 (1)
0.5914 +- -1.00 (1)
0.6574 +- -1.00 (1)
0.7880 +- -1.00 (1)
0.6931 +- -1.00 (1)
0.6104 +- -1.00 (1)
0.6398 +- -1.00 (1)
0.5817 +- -1.00 (1)
0.6873 +- -1.00 (1)
0.6348 +- -1.00 (1)
0.6850 +- -1.00 (1)
0.6079 +- -1.00 (1)
0.5118 +- -1.00 (1)
0.6100 +- -1.00 (1)
0.6112 +- -1.00 (1)
0.6626 +- -1.00 (1)
0.6444 +- -1.00 (1)
0.6695 +- -1.00 (1)
0.6206 +- -1.00 (1)
0.5514 +- -1.00 (1)
0.6119 +- -1.00 (1)
0.6438 +- -1.00 (1)
0.5520 +- -1.00 (1)
0.6889 +- -1.00 (1)
0.5115 +- -1.00 (1)
0.6168 +- -1.00 (1)
0.5882 +- -1.00 (1)
0.5590 +- -1.00 (1)
0.6909 +- -1.00 (1)
0.6495 +- -1.00 (1)
0.5647 +- -1.00 (1)
0.5777 +- -1.00 (1)
0.6252 +- -1.00 (1)
0.5976 +- -1.00 (1)
0.5712 +- -1.00 (1)
0.6845 +- -1.00 (1)
0.6497 +- -1.00 (1)
0.6253 +- -1.00 (1)
0.5890 +- -1.00 (1)
0.7219 +- -1.00 (1)
0.5196 +- -1.00 (1)
0.6564 +- -1.00 (1)
0.5740 +- -1.00 (1)
0.6828 +- -1.00 (1)
0.5769 +- -1.00 (1)
0.7231 +- -1.00 (1)
0.6658 +- -1.00 (1)
0.6398 +- -1.00 (1)
0.5838 +- -1.00 (1)
0.5958 +- -1.00 (1)
0.5811 +- -1.00 (1)
0.7039 +- -1.00 (1)
0.6454 +- -1.00 (1)
0.6200 +- -1.00 (1)
0.6311 +- -1.00 (1)
0.6470 +- -1.00 (1)
0.6531 +- -1.00 (1)
0.5503 +- -1.00 (1)
0.5945 +- -1.00 (1)
0.7029 +- -1.00 (1)
0.6189 +- -1.00 (1)
0.5426 +- -1.00 (1)
0.5999 +- -1.00 (1)
0.5834 +- -1.00 (1)
0.6166 +- -1.00 (1)
0.5903 +- -1.00 (1)
0.6103 +- -1.00 (1)
0.6274 +- -1.00 (1)
0.6550 +- -1.00 (1)
0.5948 +- -1.00 (1)
0.6437 +- -1.00 (1)
0.6636 +- -1.00 (1)
0.6483 +- -1.00 (1)
0.6464 +- -1.00 (1)
0.6434 +- -1.00 (1)
0.6534 +- -1.00 (1)
0.6775 +- -1.00 (1)
0.5824 +- -1.00 (1)
0.6993 +- -1.00 (1)
0.7288 +- -1.00 (1)
0.7099 +- -1.00 (1)
0.5764 +- -1.00 (1)
0.5960 +- -1.00 (1)
0.6649 +- -1.00 (1)
0.6969 +- -1.00 (1)
0.6094 +- -1.00 (1)
0.5824 +- -1.00 (1)
0.6419 +- -1.00 (1)
0.6978 +- -1.00 (1)
0.5973 +- -1.00 (1)
0.6275 +- -1.00 (1)
0.6498 +- -1.00 (1)
0.6170 +- -1.00 (1)
0.6305 +- -1.00 (1)
0.5715 +- -1.00 (1)
0.6575 +- -1.00 (1)
0.6463 +- -1.00 (1)
0.5883 +- -1.00 (1)
0.6753 +- -1.00 (1)
0.6352 +- -1.00 (1)
0.6848 +- -1.00 (1)
0.6284 +- -1.00 (1)
0.6568 +- -1.00 (1)
0.5971 +- -1.00 (1)
0.6140 +- -1.00 (1)
0.5989 +- -1.00 (1)
0.5659 +- -1.00 (1)
0.5806 +- -1.00 (1)
0.5577 +- -1.00 (1)
0.5811 +- -1.00 (1)
0.7359 +- -1.00 (1)
0.6034 +- -1.00 (1)
0.6175 +- -1.00 (1)
0.6121 +- -1.00 (1)
0.6006 +- -1.00 (1)
0.6245 +- -1.00 (1)
0.6012 +- -1.00 (1)
0.5927 +- -1.00 (1)
0.6366 +- -1.00 (1)
0.6288 +- -1.00 (1)
0.6213 +- -1.00 (1)
0.6505 +- -1.00 (1)
0.6637 +- -1.00 (1)
0.6422 +- -1.00 (1)
0.6550 +- -1.00 (1)
0.5915 +- -1.00 (1)
0.6914 +- -1.00 (1)
0.5600 +- -1.00 (1)
0.6170 +- -1.00 (1)
0.6457 +- -1.00 (1)
0.6303 +- -1.00 (1)
0.6933 +- -1.00 (1)
0.5757 +- -1.00 (1)
0.5723 +- -1.00 (1)
0.6564 +- -1.00 (1)
0.5560 +- -1.00 (1)
0.5988 +- -1.00 (1)
0.6573 +- -1.00 (1)
0.5608 +- -1.00 (1)
0.7019 +- -1.00 (1)
0.7080 +- -1.00 (1)
0.5593 +- -1.00 (1)
0.6440 +- -1.00 (1)
0.6280 +- -1.00 (1)
0.6242 +- -1.00 (1)
0.6214 +- -1.00 (1)
0.6004 +- -1.00 (1)
0.6837 +- -1.00 (1)
0.6574 +- -1.00 (1)
0.6088 +- -1.00 (1)
0.6363 +- -1.00 (1)
0.6437 +- -1.00 (1)
0.6194 +- -1.00 (1)
0.6162 +- -1.00 (1)
0.6138 +- -1.00 (1)
0.6241 +- -1.00 (1)
0.5832 +- -1.00 (1)
0.6134 +- -1.00 (1)
0.6186 +- -1.00 (1)
0.6693 +- -1.00 (1)
0.6021 +- -1.00 (1)
0.5494 +- -1.00 (1)
0.6183 +- -1.00 (1)
0.6198 +- -1.00 (1)
0.6454 +- -1.00 (1)
0.6341 +- -1.00 (1)
0.6239 +- -1.00 (1)
0.5988 +- -1.00 (1)
0.5931 +- -1.00 (1)
0.6068 +- -1.00 (1)
0.6019 +- -1.00 (1)
0.6468 +- -1.00 (1)
0.5665 +- -1.00 (1)
0.6028 +- -1.00 (1)
0.8301 +- -1.00 (1)
0.9657 +- -1.00 (1)
0.7535 +- -1.00 (1)
0.9275 +- -1.00 (1)
0.7706 +- -1.00 (1)
0.9555 +- -1.00 (1)
0.9335 +- -1.00 (1)
0.9792 +- -1.00 (1)
0.6802 +- -1.00 (1)
0.9461 +- -1.00 (1)
0.7775 +- -1.00 (1)
0.9570 +- -1.00 (1)
0.6872 +- -1.00 (1)
0.9117 +- -1.00 (1)
0.7910 +- -1.00 (1)
0.9722 +- -1.00 (1)
0.8075 +- -1.00 (1)
0.5579 +- -1.00 (1)
0.8022 +- -1.00 (1)
0.6888 +- -1.00 (1)
0.9356 +- -1.00 (1)
0.9612 +- -1.00 (1)
0.9019 +- -1.00 (1)
0.9660 +- -1.00 (1)
0.9465 +- -1.00 (1)
0.7639 +- -1.00 (1)
0.9617 +- -1.00 (1)
0.9198 +- -1.00 (1)
0.9579 +- -1.00 (1)
0.8187 +- -1.00 (1)
0.7075 +- -1.00 (1)
0.9476 +- -1.00 (1)
0.9680 +- -1.00 (1)
0.9524 +- -1.00 (1)
0.8797 +- -1.00 (1)
0.9473 +- -1.00 (1)
0.8425 +- -1.00 (1)
0.9639 +- -1.00 (1)
0.9603 +- -1.00 (1)
0.9491 +- -1.00 (1)
0.9559 +- -1.00 (1)
0.9605 +- -1.00 (1)
0.9549 +- -1.00 (1)
0.7742 +- -1.00 (1)
0.9671 +- -1.00 (1)
0.9524 +- -1.00 (1)
0.9627 +- -1.00 (1)
0.9005 +- -1.00 (1)
0.9285 +- -1.00 (1)
0.9560 +- -1.00 (1)
0.9545 +- -1.00 (1)
0.9573 +- -1.00 (1)
0.9660 +- -1.00 (1)
0.9636 +- -1.00 (1)
0.9623 +- -1.00 (1)
0.9629 +- -1.00 (1)
0.9561 +- -1.00 (1)
0.9597 +- -1.00 (1)
0.9043 +- -1.00 (1)
0.9743 +- -1.00 (1)
0.9722 +- -1.00 (1)
0.9702 +- -1.00 (1)
0.9638 +- -1.00 (1)
0.9665 +- -1.00 (1)
0.9671 +- -1.00 (1)
0.9642 +- -1.00 (1)
0.9070 +- -1.00 (1)
0.9503 +- -1.00 (1)
0.9613 +- -1.00 (1)
0.9634 +- -1.00 (1)
0.9543 +- -1.00 (1)
0.7921 +- -1.00 (1)
0.9711 +- -1.00 (1)
0.9499 +- -1.00 (1)
0.9560 +- -1.00 (1)
0.9763 +- -1.00 (1)
0.9137 +- -1.00 (1)
0.9118 +- -1.00 (1)
0.9719 +- -1.00 (1)
0.9652 +- -1.00 (1)
0.9508 +- -1.00 (1)
0.9315 +- -1.00 (1)
0.9669 +- -1.00 (1)
0.9532 +- -1.00 (1)
0.9522 +- -1.00 (1)
0.9644 +- -1.00 (1)
0.9363 +- -1.00 (1)
0.9530 +- -1.00 (1)
0.9614 +- -1.00 (1)
0.9700 +- -1.00 (1)
0.9621 +- -1.00 (1)
0.9530 +- -1.00 (1)
0.9742 +- -1.00 (1)
0.9688 +- -1.00 (1)
0.9732 +- -1.00 (1)
0.9615 +- -1.00 (1)
0.9706 +- -1.00 (1)
0.9520 +- -1.00 (1)
0.9711 +- -1.00 (1)
0.8001 +- -1.00 (1)
0.8396 +- -1.00 (1)
0.9709 +- -1.00 (1)
0.9640 +- -1.00 (1)
0.9302 +- -1.00 (1)
0.9727 +- -1.00 (1)
0.8941 +- -1.00 (1)
0.9439 +- -1.00 (1)
0.9685 +- -1.00 (1)
0.9439 +- -1.00 (1)
0.8898 +- -1.00 (1)
0.8244 +- -1.00 (1)
0.9724 +- -1.00 (1)
0.8386 +- -1.00 (1)
0.8214 +- -1.00 (1)
0.9758 +- -1.00 (1)
0.9582 +- -1.00 (1)
0.9535 +- -1.00 (1)
0.9527 +- -1.00 (1)
0.9727 +- -1.00 (1)
0.9610 +- -1.00 (1)
0.9598 +- -1.00 (1)
0.9685 +- -1.00 (1)
0.9665 +- -1.00 (1)
0.9679 +- -1.00 (1)
0.9138 +- -1.00 (1)
0.8810 +- -1.00 (1)
0.9701 +- -1.00 (1)
0.9611 +- -1.00 (1)
0.9624 +- -1.00 (1)
0.9065 +- -1.00 (1)
0.9570 +- -1.00 (1)
0.7872 +- -1.00 (1)
0.8161 +- -1.00 (1)
0.9108 +- -1.00 (1)
0.9613 +- -1.00 (1)
0.9691 +- -1.00 (1)
0.9102 +- -1.00 (1)
0.9596 +- -1.00 (1)
0.9180 +- -1.00 (1)
0.9574 +- -1.00 (1)
0.8821 +- -1.00 (1)
0.9577 +- -1.00 (1)
0.8343 +- -1.00 (1)
0.9084 +- -1.00 (1)
0.9077 +- -1.00 (1)
0.8460 +- -1.00 (1)
0.8807 +- -1.00 (1)
0.7632 +- -1.00 (1)
0.8194 +- -1.00 (1)
0.8556 +- -1.00 (1)
0.8323 +- -1.00 (1)
0.9351 +- -1.00 (1)
0.8293 +- -1.00 (1)
0.9326 +- -1.00 (1)
0.7216 +- -1.00 (1)
0.7844 +- -1.00 (1)
0.5963 +- -1.00 (1)
0.8686 +- -1.00 (1)
0.6909 +- -1.00 (1)
0.7608 +- -1.00 (1)
0.6774 +- -1.00 (1)
0.9181 +- -1.00 (1)
0.8504 +- -1.00 (1)
0.9234 +- -1.00 (1)
0.9368 +- -1.00 (1)
0.8673 +- -1.00 (1)
0.9183 +- -1.00 (1)
0.8618 +- -1.00 (1)
0.7849 +- -1.00 (1)
0.9623 +- -1.00 (1)
0.9504 +- -1.00 (1)
0.9040 +- -1.00 (1)
0.8228 +- -1.00 (1)
0.8901 +- -1.00 (1)
0.8873 +- -1.00 (1)
0.9580 +- -1.00 (1)
0.9243 +- -1.00 (1)
0.9628 +- -1.00 (1)
0.9596 +- -1.00 (1)
0.8690 +- -1.00 (1)
0.9137 +- -1.00 (1)
0.9325 +- -1.00 (1)
0.7629 +- -1.00 (1)
0.8525 +- -1.00 (1)
0.9052 +- -1.00 (1)
0.9559 +- -1.00 (1)
0.9262 +- -1.00 (1)
0.9242 +- -1.00 (1)
0.9467 +- -1.00 (1)
0.7855 +- -1.00 (1)
0.9502 +- -1.00 (1)
0.9006 +- -1.00 (1)
0.8507 +- -1.00 (1)
0.8792 +- -1.00 (1)
0.8739 +- -1.00 (1)
0.9543 +- -1.00 (1)
0.9565 +- -1.00 (1)
0.8361 +- -1.00 (1)
0.9571 +- -1.00 (1)
0.9528 +- -1.00 (1)
0.8754 +- -1.00 (1)
0.8089 +- -1.00 (1)
0.7587 +- -1.00 (1)
0.9422 +- -1.00 (1)
0.8556 +- -1.00 (1)
0.9217 +- -1.00 (1)
0.8185 +- -1.00 (1)
0.8033 +- -1.00 (1)
0.9285 +- -1.00 (1)
0.8241 +- -1.00 (1)
0.7480 +- -1.00 (1)
0.8551 +- -1.00 (1)
0.9517 +- -1.00 (1)
0.8065 +- -1.00 (1)
0.9459 +- -1.00 (1)
0.8606 +- -1.00 (1)
0.8019 +- -1.00 (1)
0.9165 +- -1.00 (1)
0.9455 +- -1.00 (1)
0.8066 +- -1.00 (1)
0.8938 +- -1.00 (1)
0.9530 +- -1.00 (1)
0.8244 +- -1.00 (1)
0.8552 +- -1.00 (1)
0.7892 +- -1.00 (1)
0.7913 +- -1.00 (1)
0.8101 +- -1.00 (1)
0.7952 +- -1.00 (1)
0.8035 +- -1.00 (1)
0.9548 +- -1.00 (1)
0.9067 +- -1.00 (1)
0.9347 +- -1.00 (1)
0.8714 +- -1.00 (1)
0.8912 +- -1.00 (1)
0.8636 +- -1.00 (1)
0.9354 +- -1.00 (1)
0.7896 +- -1.00 (1)
0.8606 +- -1.00 (1)
0.8422 +- -1.00 (1)
0.8673 +- -1.00 (1)
0.9097 +- -1.00 (1)
0.8658 +- -1.00 (1)
0.9237 +- -1.00 (1)
0.7738 +- -1.00 (1)
0.9050 +- -1.00 (1)
0.8493 +- -1.00 (1)
0.8228 +- -1.00 (1)
0.7924 +- -1.00 (1)
0.7803 +- -1.00 (1)
0.7904 +- -1.00 (1)
0.9083 +- -1.00 (1)
0.8736 +- -1.00 (1)
0.8940 +- -1.00 (1)
0.9172 +- -1.00 (1)
0.8517 +- -1.00 (1)
0.7845 +- -1.00 (1)
0.8197 +- -1.00 (1)
0.8658 +- -1.00 (1)
0.8694 +- -1.00 (1)
0.8272 +- -1.00 (1)
0.8507 +- -1.00 (1)
0.7956 +- -1.00 (1)
0.7155 +- -1.00 (1)
0.8793 +- -1.00 (1)
0.9029 +- -1.00 (1)
0.8538 +- -1.00 (1)
0.8445 +- -1.00 (1)
0.9066 +- -1.00 (1)
0.8355 +- -1.00 (1)
0.7470 +- -1.00 (1)
0.8206 +- -1.00 (1)
0.9073 +- -1.00 (1)
0.8968 +- -1.00 (1)
0.8497 +- -1.00 (1)
0.9157 +- -1.00 (1)
0.8853 +- -1.00 (1)
0.7835 +- -1.00 (1)
0.8899 +- -1.00 (1)
0.8378 +- -1.00 (1)
0.8236 +- -1.00 (1)
0.9409 +- -1.00 (1)
0.8750 +- -1.00 (1)
0.8579 +- -1.00 (1)
0.8352 +- -1.00 (1)
0.8239 +- -1.00 (1)
0.7981 +- -1.00 (1)
0.7755 +- -1.00 (1)
0.7138 +- -1.00 (1)
0.8346 +- -1.00 (1)
0.8785 +- -1.00 (1)
0.8721 +- -1.00 (1)
0.8117 +- -1.00 (1)
0.8927 +- -1.00 (1)
0.7838 +- -1.00 (1)
0.8090 +- -1.00 (1)
0.8475 +- -1.00 (1)
0.7918 +- -1.00 (1)
0.7089 +- -1.00 (1)
0.9164 +- -1.00 (1)
0.8933 +- -1.00 (1)
0.7667 +- -1.00 (1)
0.9637 +- -1.00 (1)
0.9376 +- -1.00 (1)
0.9181 +- -1.00 (1)
0.9479 +- -1.00 (1)
0.9595 +- -1.00 (1)
0.6863 +- -1.00 (1)
0.9477 +- -1.00 (1)
0.6950 +- -1.00 (1)
0.6696 +- -1.00 (1)
0.7300 +- -1.00 (1)
0.7288 +- -1.00 (1)
0.9496 +- -1.00 (1)
0.7904 +- -1.00 (1)
0.7600 +- -1.00 (1)
0.9326 +- -1.00 (1)
0.7015 +- -1.00 (1)
0.9414 +- -1.00 (1)
0.6677 +- -1.00 (1)
0.9640 +- -1.00 (1)
0.9404 +- -1.00 (1)
0.5727 +- -1.00 (1)
0.9555 +- -1.00 (1)
0.6340 +- -1.00 (1)
0.9317 +- -1.00 (1)
0.5606 +- -1.00 (1)
0.9600 +- -1.00 (1)
0.6561 +- -1.00 (1)
0.9586 +- -1.00 (1)
0.9690 +- -1.00 (1)
0.9296 +- -1.00 (1)
0.8124 +- -1.00 (1)
0.8178 +- -1.00 (1)
0.9613 +- -1.00 (1)
0.9215 +- -1.00 (1)
0.9326 +- -1.00 (1)
0.8750 +- -1.00 (1)
0.9620 +- -1.00 (1)
0.7480 +- -1.00 (1)
0.9406 +- -1.00 (1)
0.9617 +- -1.00 (1)
0.8968 +- -1.00 (1)
0.9098 +- -1.00 (1)
0.8491 +- -1.00 (1)
0.6970 +- -1.00 (1)
0.6298 +- -1.00 (1)
0.8987 +- -1.00 (1)
0.9401 +- -1.00 (1)
0.7808 +- -1.00 (1)
0.9463 +- -1.00 (1)
0.8148 +- -1.00 (1)
0.9606 +- -1.00 (1)
0.8416 +- -1.00 (1)
0.9649 +- -1.00 (1)
0.7379 +- -1.00 (1)
0.9643 +- -1.00 (1)
0.8768 +- -1.00 (1)
0.9020 +- -1.00 (1)
0.9724 +- -1.00 (1)
0.7258 +- -1.00 (1)
0.9394 +- -1.00 (1)
0.9693 +- -1.00 (1)
0.7968 +- -1.00 (1)
0.7237 +- -1.00 (1)
0.9693 +- -1.00 (1)
0.9336 +- -1.00 (1)
0.7880 +- -1.00 (1)
0.8167 +- -1.00 (1)
0.8204 +- -1.00 (1)
0.9744 +- -1.00 (1)
0.9095 +- -1.00 (1)
0.6670 +- -1.00 (1)
0.9644 +- -1.00 (1)
0.7741 +- -1.00 (1)
0.7500 +- -1.00 (1)
0.9664 +- -1.00 (1)
0.8610 +- -1.00 (1)
0.8255 +- -1.00 (1)
0.7426 +- -1.00 (1)
0.7582 +- -1.00 (1)
0.6845 +- -1.00 (1)
0.9494 +- -1.00 (1)
0.9520 +- -1.00 (1)
0.6378 +- -1.00 (1)
0.9283 +- -1.00 (1)
0.9055 +- -1.00 (1)
0.6033 +- -1.00 (1)
0.9620 +- -1.00 (1)
0.8861 +- -1.00 (1)
0.9627 +- -1.00 (1)
0.8598 +- -1.00 (1)
0.8276 +- -1.00 (1)
0.7038 +- -1.00 (1)
0.9273 +- -1.00 (1)
0.9241 +- -1.00 (1)
0.9464 +- -1.00 (1)
0.8280 +- -1.00 (1)
0.7597 +- -1.00 (1)
0.8812 +- -1.00 (1)
0.8242 +- -1.00 (1)
0.9558 +- -1.00 (1)
0.8447 +- -1.00 (1)
0.8634 +- -1.00 (1)
0.7358 +- -1.00 (1)
0.6602 +- -1.00 (1)
0.7464 +- -1.00 (1)
0.7623 +- -1.00 (1)
0.7568 +- -1.00 (1)
0.6714 +- -1.00 (1)
0.7490 +- -1.00 (1)
0.6567 +- -1.00 (1)
0.7753 +- -1.00 (1)
0.7220 +- -1.00 (1)
0.7633 +- -1.00 (1)
0.9538 +- -1.00 (1)
0.6058 +- -1.00 (1)
0.8086 +- -1.00 (1)
0.7070 +- -1.00 (1)
0.8213 +- -1.00 (1)
0.9255 +- -1.00 (1)
0.9022 +- -1.00 (1)
0.7983 +- -1.00 (1)
0.6629 +- -1.00 (1)
0.9349 +- -1.00 (1)
0.8136 +- -1.00 (1)
0.7669 +- -1.00 (1)
0.8575 +- -1.00 (1)
0.8324 +- -1.00 (1)
0.7571 +- -1.00 (1)
0.9631 +- -1.00 (1)
0.6803 +- -1.00 (1)
0.7415 +- -1.00 (1)
0.7037 +- -1.00 (1)
0.8224 +- -1.00 (1)
0.6346 +- -1.00 (1)
0.6587 +- -1.00 (1)
0.7369 +- -1.00 (1)
0.6962 +- -1.00 (1)
0.7197 +- -1.00 (1)
0.8138 +- -1.00 (1)
0.7774 +- -1.00 (1)
0.5610 +- -1.00 (1)
0.6462 +- -1.00 (1)
0.4792 +- -1.00 (1)
0.7054 +- -1.00 (1)
0.6842 +- -1.00 (1)
0.6170 +- -1.00 (1)
0.6124 +- -1.00 (1)
0.6001 +- -1.00 (1)
0.6499 +- -1.00 (1)
0.7176 +- -1.00 (1)
0.6238 +- -1.00 (1)
0.6183 +- -1.00 (1)
0.6721 +- -1.00 (1)
0.6896 +- -1.00 (1)
0.5619 +- -1.00 (1)
0.4893 +- -1.00 (1)
0.6476 +- -1.00 (1)
0.7220 +- -1.00 (1)
0.7441 +- -1.00 (1)
0.7546 +- -1.00 (1)
0.6998 +- -1.00 (1)
0.6210 +- -1.00 (1)
0.5563 +- -1.00 (1)
0.8418 +- -1.00 (1)
0.5780 +- -1.00 (1)
0.6290 +- -1.00 (1)
0.7341 +- -1.00 (1)
0.6077 +- -1.00 (1)
0.7971 +- -1.00 (1)
0.6405 +- -1.00 (1)
0.6383 +- -1.00 (1)
0.5822 +- -1.00 (1)
0.7000 +- -1.00 (1)
0.6513 +- -1.00 (1)
0.5931 +- -1.00 (1)
0.5133 +- -1.00 (1)
0.6532 +- -1.00 (1)
0.6993 +- -1.00 (1)
0.5566 +- -1.00 (1)
0.6855 +- -1.00 (1)
0.6619 +- -1.00 (1)
0.5971 +- -1.00 (1)
0.7979 +- -1.00 (1)
0.6568 +- -1.00 (1)
0.6832 +- -1.00 (1)
0.6497 +- -1.00 (1)
0.7032 +- -1.00 (1)
0.8319 +- -1.00 (1)
0.6775 +- -1.00 (1)
0.7268 +- -1.00 (1)
0.6402 +- -1.00 (1)
0.6211 +- -1.00 (1)
0.7049 +- -1.00 (1)
0.6643 +- -1.00 (1)
0.6553 +- -1.00 (1)
0.6626 +- -1.00 (1)
0.7088 +- -1.00 (1)
0.6869 +- -1.00 (1)
0.7058 +- -1.00 (1)
0.6278 +- -1.00 (1)
0.7953 +- -1.00 (1)
0.7016 +- -1.00 (1)
0.6190 +- -1.00 (1)
0.7135 +- -1.00 (1)
0.7086 +- -1.00 (1)
0.6572 +- -1.00 (1)
0.6785 +- -1.00 (1)
0.7718 +- -1.00 (1)
0.7393 +- -1.00 (1)
0.5540 +- -1.00 (1)
0.5736 +- -1.00 (1)
0.6635 +- -1.00 (1)
0.5622 +- -1.00 (1)
0.5447 +- -1.00 (1)
0.7006 +- -1.00 (1)
0.6081 +- -1.00 (1)
0.6655 +- -1.00 (1)
0.7586 +- -1.00 (1)
0.7499 +- -1.00 (1)
0.5831 +- -1.00 (1)
0.7030 +- -1.00 (1)
0.5903 +- -1.00 (1)
0.6220 +- -1.00 (1)
0.6782 +- -1.00 (1)
0.6120 +- -1.00 (1)
0.5156 +- -1.00 (1)
0.5646 +- -1.00 (1)
0.6541 +- -1.00 (1)
0.6052 +- -1.00 (1)
0.6154 +- -1.00 (1)
0.7462 +- -1.00 (1)
0.6108 +- -1.00 (1)
0.7389 +- -1.00 (1)
0.7227 +- -1.00 (1)
0.7180 +- -1.00 (1)
0.6481 +- -1.00 (1)
0.6992 +- -1.00 (1)
0.5818 +- -1.00 (1)
0.6642 +- -1.00 (1)
0.6656 +- -1.00 (1)
0.6705 +- -1.00 (1)
0.5994 +- -1.00 (1)
0.5477 +- -1.00 (1)
0.5769 +- -1.00 (1)
0.5759 +- -1.00 (1)
0.6495 +- -1.00 (1)
0.6171 +- -1.00 (1)
0.6461 +- -1.00 (1)
0.6224 +- -1.00 (1)
0.5405 +- -1.00 (1)
0.6562 +- -1.00 (1)
0.5367 +- -1.00 (1)
0.6324 +- -1.00 (1)
0.6199 +- -1.00 (1)
0.7128 +- -1.00 (1)
0.5751 +- -1.00 (1)
0.6122 +- -1.00 (1)
0.6494 +- -1.00 (1)
0.6173 +- -1.00 (1)
0.5804 +- -1.00 (1)
0.6342 +- -1.00 (1)
0.6197 +- -1.00 (1)
0.6401 +- -1.00 (1)
0.5394 +- -1.00 (1)
0.6540 +- -1.00 (1)
0.5926 +- -1.00 (1)
0.6536 +- -1.00 (1)
0.5755 +- -1.00 (1)
0.4893 +- -1.00 (1)
0.6825 +- -1.00 (1)
0.5786 +- -1.00 (1)
0.8223 +- -1.00 (1)
0.6269 +- -1.00 (1)
0.6886 +- -1.00 (1)
0.6168 +- -1.00 (1)
0.5077 +- -1.00 (1)
0.6845 +- -1.00 (1)
0.7237 +- -1.00 (1)
0.6523 +- -1.00 (1)
0.6040 +- -1.00 (1)
0.6332 +- -1.00 (1)
0.7119 +- -1.00 (1)
0.6791 +- -1.00 (1)
0.6540 +- -1.00 (1)
0.5495 +- -1.00 (1)
0.6155 +- -1.00 (1)
0.6214 +- -1.00 (1)
0.6613 +- -1.00 (1)
0.6104 +- -1.00 (1)
0.5973 +- -1.00 (1)
0.5547 +- -1.00 (1)
0.5082 +- -1.00 (1)
0.7106 +- -1.00 (1)
0.6936 +- -1.00 (1)
0.5594 +- -1.00 (1)
0.5864 +- -1.00 (1)
0.6110 +- -1.00 (1)
0.6058 +- -1.00 (1)
0.6316 +- -1.00 (1)
