0.6856 
0.5239 
0.5247 
0.5788 
0.5739 
0.5864 
0.4438 
0.6379 
0.6159 
0.8143 
0.6287 
0.6848 
0.9253 
0.2592 
0.6146 
0.3229 
0.5877 
0.3969 
0.2631 
0.4737 
0.6225 
0.6247 
0.7023 
0.8882 
0.6414 
0.5557 
0.7256 
0.6736 
0.7422 
0.4420 
0.5623 
0.6401 
0.3785 
0.5744 
0.5809 
0.8060 
0.3441 
0.7547 
0.7098 
0.6729 
0.7342 
0.4748 
0.6897 
0.6522 
0.6165 
0.5252 
0.5299 
0.6987 
0.6559 
0.7619 
0.6971 
0.7089 
0.7568 
0.7397 
0.6311 
0.4928 
0.6633 
0.6180 
0.6563 
0.6025 
0.6453 
0.5818 
0.6779 
0.6785 
0.5360 
0.6830 
0.7697 
0.7175 
0.5900 
0.4700 
0.5593 
0.7241 
0.9310 
0.5606 
0.8990 
0.5596 
0.7133 
0.5309 
0.7666 
0.6385 
0.5063 
0.6074 
0.5806 
0.6711 
0.4648 
0.5873 
0.6873 
0.5745 
0.6284 
0.5268 
0.5784 
0.5224 
0.6809 
0.6799 
0.6440 
0.6339 
0.6728 
0.6504 
0.7492 
0.6440 
0.6851 
0.7495 
0.6138 
0.6134 
0.6838 
0.6101 
0.7135 
0.5999 
0.6751 
0.5804 
0.6040 
0.6776 
0.5902 
0.5687 
0.5145 
0.6312 
0.6675 
0.6233 
0.5627 
0.6155 
0.5859 
0.6246 
0.7173 
0.6432 
0.6164 
0.6297 
0.6930 
0.5914 
0.6585 
0.7880 
0.6931 
0.6104 
0.6398 
0.5817 
0.6873 
0.6348 
0.6850 
0.6079 
0.5118 
0.6100 
0.6112 
0.6614 
0.6444 
0.6695 
0.6206 
0.5514 
0.6119 
0.6438 
0.5520 
0.6889 
0.5115 
0.6168 
0.5928 
0.5590 
0.6909 
0.6495 
0.5647 
0.5777 
0.6252 
0.5976 
0.5712 
0.6845 
0.6497 
0.6253 
0.5890 
0.7219 
0.5196 
0.6564 
0.5740 
0.6828 
0.5769 
0.7231 
0.6658 
0.6398 
0.5838 
0.5978 
0.5781 
0.7039 
0.6444 
0.6200 
0.6311 
0.6502 
0.6531 
0.5503 
0.5945 
0.7029 
0.6189 
0.5426 
0.5999 
0.5834 
0.6166 
0.5903 
0.6103 
0.6274 
0.6550 
0.5948 
0.6426 
0.6636 
0.6483 
0.6479 
0.6434 
0.6534 
0.6775 
0.5824 
0.6993 
0.7288 
0.7099 
0.5764 
0.5960 
0.6649 
0.6969 
0.6102 
0.5824 
0.6426 
0.6978 
0.5973 
0.6275 
0.6498 
0.6216 
0.6305 
0.5715 
0.6569 
0.6463 
0.5883 
0.6753 
0.6352 
0.6848 
0.6284 
0.6543 
0.5971 
0.6140 
0.5989 
0.5664 
0.5838 
0.5577 
0.5811 
0.7363 
0.6021 
0.6175 
0.6121 
0.6006 
0.6245 
0.6012 
0.5954 
0.6366 
0.6288 
0.6213 
0.6505 
0.6637 
0.6422 
0.6550 
0.5915 
0.6916 
0.5597 
0.6173 
0.6457 
0.6303 
0.6933 
0.5757 
0.5723 
0.6564 
0.5560 
0.5988 
0.6573 
0.5608 
0.7019 
0.7080 
0.5593 
0.6440 
0.6280 
0.6242 
0.6214 
0.6004 
0.6803 
0.6574 
0.6088 
0.6363 
0.6437 
0.6194 
0.6162 
0.6138 
0.6241 
0.5832 
0.6121 
0.6190 
0.6702 
0.6031 
0.5493 
0.6183 
0.6198 
0.6405 
0.6341 
0.6239 
0.5988 
0.5931 
0.6068 
0.6019 
0.6468 
0.5660 
0.6028 
0.8301 
0.9657 
0.7535 
0.9275 
0.7706 
0.9555 
0.9335 
0.9792 
0.6802 
0.9461 
0.7775 
0.9570 
0.6872 
0.9117 
0.7910 
0.9722 
0.8075 
0.5579 
0.8022 
0.6888 
0.9356 
0.9612 
0.9019 
0.9658 
0.9465 
0.7639 
0.9617 
0.9198 
0.9579 
0.8187 
0.7075 
0.9476 
0.9680 
0.9524 
0.8797 
0.9473 
0.8425 
0.9639 
0.9603 
0.9491 
0.9559 
0.9605 
0.9549 
0.7742 
0.9671 
0.9524 
0.9627 
0.8985 
0.9285 
0.9560 
0.9545 
0.9573 
0.9660 
0.9636 
0.9623 
0.9629 
0.9561 
0.9597 
0.9043 
0.9743 
0.9722 
0.9702 
0.9638 
0.9665 
0.9671 
0.9642 
0.9049 
0.9503 
0.9613 
0.9634 
0.9543 
0.7921 
0.9711 
0.9499 
0.9560 
0.9763 
0.9137 
0.9118 
0.9719 
0.9652 
0.9508 
0.9315 
0.9669 
0.9532 
0.9522 
0.9644 
0.9363 
0.9530 
0.9614 
0.9700 
0.9621 
0.9530 
0.9742 
0.9688 
0.9732 
0.9615 
0.9706 
0.9520 
0.9711 
0.8001 
0.8396 
0.9709 
0.9640 
0.9302 
0.9727 
0.8941 
0.9439 
0.9685 
0.9439 
0.8898 
0.8261 
0.9724 
0.8386 
0.8214 
0.9786 
0.9582 
0.9535 
0.9527 
0.9792 
0.9610 
0.9598 
0.9685 
0.9665 
0.9690 
0.9138 
0.8810 
0.9701 
0.9611 
0.9624 
0.9065 
0.9570 
0.7872 
0.8161 
0.9108 
0.9613 
0.9691 
0.9102 
0.9596 
0.9180 
0.9574 
0.8821 
0.9577 
0.8343 
0.9106 
0.9175 
0.8460 
0.8807 
0.7632 
0.8194 
0.8556 
0.8323 
0.9351 
0.8412 
0.9326 
0.7216 
0.7844 
0.5963 
0.8686 
0.6909 
0.7608 
0.6774 
0.9181 
0.8504 
0.9234 
0.9368 
0.8673 
0.9183 
0.8618 
0.7849 
0.9623 
0.9504 
0.9040 
0.8228 
0.8901 
0.8873 
0.9580 
0.9196 
0.9628 
0.9596 
0.8690 
0.9137 
0.9359 
0.7629 
0.8504 
0.9052 
0.9559 
0.9262 
0.9242 
0.9467 
0.7855 
0.9502 
0.9006 
0.8507 
0.8792 
0.8739 
0.9543 
0.9565 
0.8361 
0.9571 
0.9528 
0.8754 
0.8089 
0.7587 
0.9422 
0.8556 
0.9217 
0.8185 
0.8033 
0.9285 
0.8278 
0.7480 
0.8551 
0.9518 
0.8065 
0.9459 
0.8606 
0.8019 
0.9165 
0.9455 
0.8066 
0.8938 
0.9530 
0.8244 
0.8552 
0.7892 
0.7913 
0.8101 
0.7952 
0.8035 
0.9548 
0.9067 
0.9347 
0.8714 
0.8974 
0.8636 
0.9354 
0.7896 
0.8606 
0.8422 
0.8673 
0.9097 
0.8658 
0.9237 
0.7738 
0.9050 
0.8493 
0.8228 
0.7924 
0.7803 
0.7904 
0.9083 
0.8736 
0.8940 
0.9172 
0.8517 
0.7845 
0.8197 
0.8658 
0.8640 
0.8272 
0.8507 
0.7976 
0.7155 
0.8793 
0.9029 
0.8538 
0.8445 
0.9066 
0.8355 
0.7470 
0.8206 
0.9073 
0.8968 
0.8497 
0.9157 
0.8853 
0.7878 
0.8899 
0.8378 
0.8236 
0.9409 
0.8750 
0.8579 
0.8352 
0.8239 
0.7981 
0.7755 
0.7138 
0.8346 
0.8785 
0.8721 
0.8117 
0.8927 
0.7703 
0.8090 
0.8475 
0.7918 
0.7089 
0.9164 
0.8795 
0.7667 
0.9637 
0.9376 
0.9181 
0.9480 
0.9595 
0.6863 
0.9477 
0.6950 
0.6670 
0.7300 
0.7288 
0.9496 
0.7904 
0.7600 
0.9326 
0.7015 
0.9414 
0.6677 
0.9640 
0.9404 
0.5727 
0.9555 
0.6340 
0.9317 
0.5606 
0.9600 
0.6561 
0.9586 
0.9690 
0.9296 
0.8124 
0.8178 
0.9613 
0.9215 
0.9326 
0.8750 
0.9620 
0.7480 
0.9406 
0.9617 
0.8968 
0.9098 
0.8491 
0.6970 
0.6298 
0.8987 
0.9401 
0.7808 
0.9463 
0.8148 
0.9606 
0.7702 
0.9649 
0.7379 
0.9643 
0.8768 
0.9020 
0.9724 
0.7258 
0.9394 
0.9693 
0.7968 
0.7237 
0.9693 
0.9337 
0.7880 
0.8167 
0.8204 
0.9744 
0.9095 
0.6670 
0.9644 
0.7741 
0.7500 
0.9664 
0.8610 
0.8255 
0.7426 
0.7582 
0.6845 
0.9494 
0.9520 
0.6453 
0.9283 
0.9055 
0.6033 
0.9620 
0.8893 
0.9627 
0.8598 
0.8276 
0.7038 
0.9273 
0.9241 
0.9464 
0.8280 
0.7597 
0.8812 
0.8242 
0.9558 
0.8447 
0.8634 
0.7358 
0.6602 
0.7464 
0.7202 
0.7568 
0.6714 
0.7490 
0.6567 
0.7753 
0.7220 
0.7633 
0.9538 
0.6058 
0.8086 
0.7070 
0.8213 
0.9255 
0.9022 
0.7983 
0.6629 
0.9349 
0.8136 
0.7669 
0.8575 
0.8519 
0.7571 
0.9631 
0.6803 
0.7415 
0.7037 
0.8224 
0.6346 
0.6587 
0.7369 
0.6962 
0.7197 
0.8138 
0.7774 
0.5610 
0.6462 
0.4792 
0.7054 
0.6842 
0.6170 
0.6124 
0.6001 
0.6499 
0.7176 
0.6238 
0.6183 
0.6721 
0.6896 
0.5619 
0.4893 
0.6476 
0.7220 
0.7441 
0.7546 
0.6998 
0.6306 
0.5563 
0.8418 
0.5780 
0.6290 
0.7341 
0.6077 
0.7971 
0.6405 
0.6383 
0.5822 
0.7000 
0.6513 
0.5931 
0.5133 
0.6449 
0.6993 
0.5566 
0.6855 
0.6619 
0.5971 
0.7979 
0.6568 
0.7065 
0.6497 
0.7032 
0.8319 
0.6748 
0.7268 
0.6402 
0.6211 
0.7049 
0.6643 
0.6553 
0.6626 
0.7088 
0.6869 
0.7058 
0.6278 
0.7953 
0.7016 
0.6190 
0.7135 
0.7086 
0.6572 
0.6785 
0.7718 
0.7393 
0.5540 
0.5736 
0.6635 
0.5622 
0.5444 
0.7006 
0.6081 
0.6655 
0.7586 
0.7499 
0.5831 
0.7030 
0.5903 
0.6220 
0.6782 
0.6120 
0.5156 
0.5646 
0.6541 
0.6052 
0.6154 
0.7462 
0.6108 
0.7436 
0.7227 
0.7180 
0.6724 
0.6992 
0.5818 
0.6642 
0.6523 
0.6705 
0.5994 
0.5477 
0.5769 
0.5759 
0.6495 
0.6171 
0.6461 
0.6003 
0.5405 
0.6562 
0.5367 
0.6324 
0.6199 
0.7128 
0.5831 
0.6122 
0.6494 
0.6173 
0.5804 
0.6342 
0.6196 
0.6401 
0.5394 
0.6540 
0.5926 
0.6536 
0.5755 
0.4893 
0.6825 
0.5786 
0.8223 
0.6269 
0.6886 
0.6168 
0.5077 
0.6845 
0.7237 
0.6523 
0.6040 
0.6332 
0.7119 
0.6791 
0.6540 
0.5495 
0.6155 
0.6214 
0.6613 
0.6104 
0.5973 
0.5547 
0.5082 
0.7106 
0.6936 
0.5594 
0.5864 
0.6110 
0.6194 
0.6316 
