0.6241 +- -1.00 (1)
0.7422 +- -1.00 (1)
0.5299 +- -1.00 (1)
0.7315 +- -1.00 (1)
0.5616 +- -1.00 (1)
0.6440 +- -1.00 (1)
0.7061 +- -1.00 (1)
0.6274 +- -1.00 (1)
0.5141 +- -1.00 (1)
0.6824 +- -1.00 (1)
0.6149 +- -1.00 (1)
0.6139 +- -1.00 (1)
0.7305 +- -1.00 (1)
0.7514 +- -1.00 (1)
0.6382 +- -1.00 (1)
0.6454 +- -1.00 (1)
0.6744 +- -1.00 (1)
0.6365 +- -1.00 (1)
0.7124 +- -1.00 (1)
0.5770 +- -1.00 (1)
0.7103 +- -1.00 (1)
0.6802 +- -1.00 (1)
0.6277 +- -1.00 (1)
0.7204 +- -1.00 (1)
0.6757 +- -1.00 (1)
0.6228 +- -1.00 (1)
0.7494 +- -1.00 (1)
0.8054 +- -1.00 (1)
0.5861 +- -1.00 (1)
0.7668 +- -1.00 (1)
0.5997 +- -1.00 (1)
0.5606 +- -1.00 (1)
0.6737 +- -1.00 (1)
0.6533 +- -1.00 (1)
0.6074 +- -1.00 (1)
0.6040 +- -1.00 (1)
0.7644 +- -1.00 (1)
0.6294 +- -1.00 (1)
0.6940 +- -1.00 (1)
0.6877 +- -1.00 (1)
0.6704 +- -1.00 (1)
0.6916 +- -1.00 (1)
0.6180 +- -1.00 (1)
0.7086 +- -1.00 (1)
0.6660 +- -1.00 (1)
0.5892 +- -1.00 (1)
0.6911 +- -1.00 (1)
0.6994 +- -1.00 (1)
0.6174 +- -1.00 (1)
0.6428 +- -1.00 (1)
0.6146 +- -1.00 (1)
0.6159 +- -1.00 (1)
0.7002 +- -1.00 (1)
0.6920 +- -1.00 (1)
0.6172 +- -1.00 (1)
0.6757 +- -1.00 (1)
0.6995 +- -1.00 (1)
0.6887 +- -1.00 (1)
0.7276 +- -1.00 (1)
0.7014 +- -1.00 (1)
0.6992 +- -1.00 (1)
0.6996 +- -1.00 (1)
0.6398 +- -1.00 (1)
0.6634 +- -1.00 (1)
0.6922 +- -1.00 (1)
0.6105 +- -1.00 (1)
0.6708 +- -1.00 (1)
0.6524 +- -1.00 (1)
0.6563 +- -1.00 (1)
0.7431 +- -1.00 (1)
0.6290 +- -1.00 (1)
0.6520 +- -1.00 (1)
0.6950 +- -1.00 (1)
0.6797 +- -1.00 (1)
0.6398 +- -1.00 (1)
0.6578 +- -1.00 (1)
0.7144 +- -1.00 (1)
0.6441 +- -1.00 (1)
0.6989 +- -1.00 (1)
0.6971 +- -1.00 (1)
0.7002 +- -1.00 (1)
0.7293 +- -1.00 (1)
0.6002 +- -1.00 (1)
0.7084 +- -1.00 (1)
0.7129 +- -1.00 (1)
0.6055 +- -1.00 (1)
0.6239 +- -1.00 (1)
0.6511 +- -1.00 (1)
0.6521 +- -1.00 (1)
0.6959 +- -1.00 (1)
0.6624 +- -1.00 (1)
0.6316 +- -1.00 (1)
0.7006 +- -1.00 (1)
0.7159 +- -1.00 (1)
0.6683 +- -1.00 (1)
0.6537 +- -1.00 (1)
0.7152 +- -1.00 (1)
0.6814 +- -1.00 (1)
0.6915 +- -1.00 (1)
0.6889 +- -1.00 (1)
0.6829 +- -1.00 (1)
0.7168 +- -1.00 (1)
0.6192 +- -1.00 (1)
0.6915 +- -1.00 (1)
0.6744 +- -1.00 (1)
0.6192 +- -1.00 (1)
0.6638 +- -1.00 (1)
0.6885 +- -1.00 (1)
0.6788 +- -1.00 (1)
0.6853 +- -1.00 (1)
0.6674 +- -1.00 (1)
0.6629 +- -1.00 (1)
0.7000 +- -1.00 (1)
0.7244 +- -1.00 (1)
0.6475 +- -1.00 (1)
0.6858 +- -1.00 (1)
0.6819 +- -1.00 (1)
0.6802 +- -1.00 (1)
0.7038 +- -1.00 (1)
0.6858 +- -1.00 (1)
0.6905 +- -1.00 (1)
0.6807 +- -1.00 (1)
0.6105 +- -1.00 (1)
0.7045 +- -1.00 (1)
0.6745 +- -1.00 (1)
0.6285 +- -1.00 (1)
0.6574 +- -1.00 (1)
0.6680 +- -1.00 (1)
0.6696 +- -1.00 (1)
0.6686 +- -1.00 (1)
0.6666 +- -1.00 (1)
0.6793 +- -1.00 (1)
0.6616 +- -1.00 (1)
0.6761 +- -1.00 (1)
0.6238 +- -1.00 (1)
0.6904 +- -1.00 (1)
0.6667 +- -1.00 (1)
0.7176 +- -1.00 (1)
0.6754 +- -1.00 (1)
0.6582 +- -1.00 (1)
0.6865 +- -1.00 (1)
0.6176 +- -1.00 (1)
0.6029 +- -1.00 (1)
0.6345 +- -1.00 (1)
0.6639 +- -1.00 (1)
0.5732 +- -1.00 (1)
0.5984 +- -1.00 (1)
0.6262 +- -1.00 (1)
0.5724 +- -1.00 (1)
0.6600 +- -1.00 (1)
0.6847 +- -1.00 (1)
0.6568 +- -1.00 (1)
0.6426 +- -1.00 (1)
0.6088 +- -1.00 (1)
0.6212 +- -1.00 (1)
0.6672 +- -1.00 (1)
0.6583 +- -1.00 (1)
0.6926 +- -1.00 (1)
0.7124 +- -1.00 (1)
0.5690 +- -1.00 (1)
0.6833 +- -1.00 (1)
0.6272 +- -1.00 (1)
0.5920 +- -1.00 (1)
0.6366 +- -1.00 (1)
0.6271 +- -1.00 (1)
0.5997 +- -1.00 (1)
0.6510 +- -1.00 (1)
0.6238 +- -1.00 (1)
0.6140 +- -1.00 (1)
0.6374 +- -1.00 (1)
0.6766 +- -1.00 (1)
0.6488 +- -1.00 (1)
0.6192 +- -1.00 (1)
0.6633 +- -1.00 (1)
0.6247 +- -1.00 (1)
0.6185 +- -1.00 (1)
0.6074 +- -1.00 (1)
0.6598 +- -1.00 (1)
0.6929 +- -1.00 (1)
0.6233 +- -1.00 (1)
0.6725 +- -1.00 (1)
0.6484 +- -1.00 (1)
0.6040 +- -1.00 (1)
0.6499 +- -1.00 (1)
0.6512 +- -1.00 (1)
0.5711 +- -1.00 (1)
0.6543 +- -1.00 (1)
0.5893 +- -1.00 (1)
0.6265 +- -1.00 (1)
0.6610 +- -1.00 (1)
0.6671 +- -1.00 (1)
0.6347 +- -1.00 (1)
0.6444 +- -1.00 (1)
0.6337 +- -1.00 (1)
0.6052 +- -1.00 (1)
0.6522 +- -1.00 (1)
0.6195 +- -1.00 (1)
0.6557 +- -1.00 (1)
0.6365 +- -1.00 (1)
0.6080 +- -1.00 (1)
0.6412 +- -1.00 (1)
0.6050 +- -1.00 (1)
0.5920 +- -1.00 (1)
0.6705 +- -1.00 (1)
0.6416 +- -1.00 (1)
0.6037 +- -1.00 (1)
0.6204 +- -1.00 (1)
0.6000 +- -1.00 (1)
0.6199 +- -1.00 (1)
0.6591 +- -1.00 (1)
0.6611 +- -1.00 (1)
0.6006 +- -1.00 (1)
0.6351 +- -1.00 (1)
0.5974 +- -1.00 (1)
0.6231 +- -1.00 (1)
0.6179 +- -1.00 (1)
0.6249 +- -1.00 (1)
0.6508 +- -1.00 (1)
0.6387 +- -1.00 (1)
0.5863 +- -1.00 (1)
0.6545 +- -1.00 (1)
0.6236 +- -1.00 (1)
0.6221 +- -1.00 (1)
0.6500 +- -1.00 (1)
0.6151 +- -1.00 (1)
0.6009 +- -1.00 (1)
0.6296 +- -1.00 (1)
0.6050 +- -1.00 (1)
0.6195 +- -1.00 (1)
0.6155 +- -1.00 (1)
0.6509 +- -1.00 (1)
0.6334 +- -1.00 (1)
0.6363 +- -1.00 (1)
0.6032 +- -1.00 (1)
0.6095 +- -1.00 (1)
0.6235 +- -1.00 (1)
0.6444 +- -1.00 (1)
0.6306 +- -1.00 (1)
0.6339 +- -1.00 (1)
0.6157 +- -1.00 (1)
0.6405 +- -1.00 (1)
0.6330 +- -1.00 (1)
0.5964 +- -1.00 (1)
0.6537 +- -1.00 (1)
0.6065 +- -1.00 (1)
0.5910 +- -1.00 (1)
0.6302 +- -1.00 (1)
0.5989 +- -1.00 (1)
0.6072 +- -1.00 (1)
0.6426 +- -1.00 (1)
0.6676 +- -1.00 (1)
0.6269 +- -1.00 (1)
0.6531 +- -1.00 (1)
0.6040 +- -1.00 (1)
0.6384 +- -1.00 (1)
0.6283 +- -1.00 (1)
0.6420 +- -1.00 (1)
0.6377 +- -1.00 (1)
0.6465 +- -1.00 (1)
0.5858 +- -1.00 (1)
0.6435 +- -1.00 (1)
0.5919 +- -1.00 (1)
0.6147 +- -1.00 (1)
0.6157 +- -1.00 (1)
0.6269 +- -1.00 (1)
0.5794 +- -1.00 (1)
0.6330 +- -1.00 (1)
0.5667 +- -1.00 (1)
0.6127 +- -1.00 (1)
0.6278 +- -1.00 (1)
0.6296 +- -1.00 (1)
0.6145 +- -1.00 (1)
0.6538 +- -1.00 (1)
0.6031 +- -1.00 (1)
0.6484 +- -1.00 (1)
0.6283 +- -1.00 (1)
0.6113 +- -1.00 (1)
0.6389 +- -1.00 (1)
0.6345 +- -1.00 (1)
0.6008 +- -1.00 (1)
0.6443 +- -1.00 (1)
0.6002 +- -1.00 (1)
0.5842 +- -1.00 (1)
0.6210 +- -1.00 (1)
0.5929 +- -1.00 (1)
0.6082 +- -1.00 (1)
0.6383 +- -1.00 (1)
0.5795 +- -1.00 (1)
0.6278 +- -1.00 (1)
0.6421 +- -1.00 (1)
0.6191 +- -1.00 (1)
0.6055 +- -1.00 (1)
0.6128 +- -1.00 (1)
0.6162 +- -1.00 (1)
0.6301 +- -1.00 (1)
0.5998 +- -1.00 (1)
0.6410 +- -1.00 (1)
0.6571 +- -1.00 (1)
0.6071 +- -1.00 (1)
0.5931 +- -1.00 (1)
0.6253 +- -1.00 (1)
0.7384 +- -1.00 (1)
0.3411 +- -1.00 (1)
0.7317 +- -1.00 (1)
0.5616 +- -1.00 (1)
0.6449 +- -1.00 (1)
0.6807 +- -1.00 (1)
0.6269 +- -1.00 (1)
0.5142 +- -1.00 (1)
0.6103 +- -1.00 (1)
0.6094 +- -1.00 (1)
0.6140 +- -1.00 (1)
0.7355 +- -1.00 (1)
0.7514 +- -1.00 (1)
0.3963 +- -1.00 (1)
0.6284 +- -1.00 (1)
0.5156 +- -1.00 (1)
0.6365 +- -1.00 (1)
0.5554 +- -1.00 (1)
0.5712 +- -1.00 (1)
0.5561 +- -1.00 (1)
0.6768 +- -1.00 (1)
0.6245 +- -1.00 (1)
0.7248 +- -1.00 (1)
0.6754 +- -1.00 (1)
0.6228 +- -1.00 (1)
0.7588 +- -1.00 (1)
0.7172 +- -1.00 (1)
0.5730 +- -1.00 (1)
0.6028 +- -1.00 (1)
0.6007 +- -1.00 (1)
0.5291 +- -1.00 (1)
0.6800 +- -1.00 (1)
0.6567 +- -1.00 (1)
0.4445 +- -1.00 (1)
0.6016 +- -1.00 (1)
0.5580 +- -1.00 (1)
0.6219 +- -1.00 (1)
0.6944 +- -1.00 (1)
0.6802 +- -1.00 (1)
0.6723 +- -1.00 (1)
0.6862 +- -1.00 (1)
0.6045 +- -1.00 (1)
0.7040 +- -1.00 (1)
0.6620 +- -1.00 (1)
0.5893 +- -1.00 (1)
0.6465 +- -1.00 (1)
0.7040 +- -1.00 (1)
0.5770 +- -1.00 (1)
0.6443 +- -1.00 (1)
0.6039 +- -1.00 (1)
0.6162 +- -1.00 (1)
0.6699 +- -1.00 (1)
0.6844 +- -1.00 (1)
0.6052 +- -1.00 (1)
0.6356 +- -1.00 (1)
0.6138 +- -1.00 (1)
0.6705 +- -1.00 (1)
0.7332 +- -1.00 (1)
0.6996 +- -1.00 (1)
0.7060 +- -1.00 (1)
0.7039 +- -1.00 (1)
0.6305 +- -1.00 (1)
0.6304 +- -1.00 (1)
0.6887 +- -1.00 (1)
0.6027 +- -1.00 (1)
0.6118 +- -1.00 (1)
0.6464 +- -1.00 (1)
0.6630 +- -1.00 (1)
0.7426 +- -1.00 (1)
0.6224 +- -1.00 (1)
0.6518 +- -1.00 (1)
0.6918 +- -1.00 (1)
0.6741 +- -1.00 (1)
0.6394 +- -1.00 (1)
0.6611 +- -1.00 (1)
0.6806 +- -1.00 (1)
0.5736 +- -1.00 (1)
0.7018 +- -1.00 (1)
0.6943 +- -1.00 (1)
0.6923 +- -1.00 (1)
0.6890 +- -1.00 (1)
0.6037 +- -1.00 (1)
0.6988 +- -1.00 (1)
0.7029 +- -1.00 (1)
0.6025 +- -1.00 (1)
0.6223 +- -1.00 (1)
0.6348 +- -1.00 (1)
0.6422 +- -1.00 (1)
0.6971 +- -1.00 (1)
0.6586 +- -1.00 (1)
0.6126 +- -1.00 (1)
0.7008 +- -1.00 (1)
0.6927 +- -1.00 (1)
0.6292 +- -1.00 (1)
0.6560 +- -1.00 (1)
0.7068 +- -1.00 (1)
0.6788 +- -1.00 (1)
0.6754 +- -1.00 (1)
0.6770 +- -1.00 (1)
0.6838 +- -1.00 (1)
0.7072 +- -1.00 (1)
0.5797 +- -1.00 (1)
0.6796 +- -1.00 (1)
0.6715 +- -1.00 (1)
0.6177 +- -1.00 (1)
0.6544 +- -1.00 (1)
0.6657 +- -1.00 (1)
0.6464 +- -1.00 (1)
0.6776 +- -1.00 (1)
0.6623 +- -1.00 (1)
0.6520 +- -1.00 (1)
0.6597 +- -1.00 (1)
0.6997 +- -1.00 (1)
0.6502 +- -1.00 (1)
0.6701 +- -1.00 (1)
0.6797 +- -1.00 (1)
0.6894 +- -1.00 (1)
0.7050 +- -1.00 (1)
0.6907 +- -1.00 (1)
0.6737 +- -1.00 (1)
0.6802 +- -1.00 (1)
0.6285 +- -1.00 (1)
0.7029 +- -1.00 (1)
0.6768 +- -1.00 (1)
0.6140 +- -1.00 (1)
0.6434 +- -1.00 (1)
0.6512 +- -1.00 (1)
0.6699 +- -1.00 (1)
0.6722 +- -1.00 (1)
0.6716 +- -1.00 (1)
0.6399 +- -1.00 (1)
0.6056 +- -1.00 (1)
0.6441 +- -1.00 (1)
0.6179 +- -1.00 (1)
0.6545 +- -1.00 (1)
0.6548 +- -1.00 (1)
0.7266 +- -1.00 (1)
0.6718 +- -1.00 (1)
0.6360 +- -1.00 (1)
0.6834 +- -1.00 (1)
0.6168 +- -1.00 (1)
0.5877 +- -1.00 (1)
0.6487 +- -1.00 (1)
0.6575 +- -1.00 (1)
0.6040 +- -1.00 (1)
0.6018 +- -1.00 (1)
0.6145 +- -1.00 (1)
0.5687 +- -1.00 (1)
0.6749 +- -1.00 (1)
0.6871 +- -1.00 (1)
0.6501 +- -1.00 (1)
0.6381 +- -1.00 (1)
0.5996 +- -1.00 (1)
0.6302 +- -1.00 (1)
0.6607 +- -1.00 (1)
0.6689 +- -1.00 (1)
0.6875 +- -1.00 (1)
0.6974 +- -1.00 (1)
0.5854 +- -1.00 (1)
0.6789 +- -1.00 (1)
0.6481 +- -1.00 (1)
0.5937 +- -1.00 (1)
0.6186 +- -1.00 (1)
0.6483 +- -1.00 (1)
0.5833 +- -1.00 (1)
0.6406 +- -1.00 (1)
0.6056 +- -1.00 (1)
0.6224 +- -1.00 (1)
0.6363 +- -1.00 (1)
0.6751 +- -1.00 (1)
0.6333 +- -1.00 (1)
0.6109 +- -1.00 (1)
0.6575 +- -1.00 (1)
0.6283 +- -1.00 (1)
0.6106 +- -1.00 (1)
0.6178 +- -1.00 (1)
0.6426 +- -1.00 (1)
0.6822 +- -1.00 (1)
0.6219 +- -1.00 (1)
0.6686 +- -1.00 (1)
0.6465 +- -1.00 (1)
0.5842 +- -1.00 (1)
0.6491 +- -1.00 (1)
0.6595 +- -1.00 (1)
0.5993 +- -1.00 (1)
0.6379 +- -1.00 (1)
0.5745 +- -1.00 (1)
0.6119 +- -1.00 (1)
0.6505 +- -1.00 (1)
0.6644 +- -1.00 (1)
0.6346 +- -1.00 (1)
0.6226 +- -1.00 (1)
0.6348 +- -1.00 (1)
0.6057 +- -1.00 (1)
0.6462 +- -1.00 (1)
0.5980 +- -1.00 (1)
0.6655 +- -1.00 (1)
0.6273 +- -1.00 (1)
0.6359 +- -1.00 (1)
0.6349 +- -1.00 (1)
0.6232 +- -1.00 (1)
0.5862 +- -1.00 (1)
0.6536 +- -1.00 (1)
0.6356 +- -1.00 (1)
0.5987 +- -1.00 (1)
0.6368 +- -1.00 (1)
0.6052 +- -1.00 (1)
0.6241 +- -1.00 (1)
0.6656 +- -1.00 (1)
0.6582 +- -1.00 (1)
0.5982 +- -1.00 (1)
0.6381 +- -1.00 (1)
0.5946 +- -1.00 (1)
0.6183 +- -1.00 (1)
0.6185 +- -1.00 (1)
0.6318 +- -1.00 (1)
0.6443 +- -1.00 (1)
0.6394 +- -1.00 (1)
0.5946 +- -1.00 (1)
0.6613 +- -1.00 (1)
0.6282 +- -1.00 (1)
0.6260 +- -1.00 (1)
0.6349 +- -1.00 (1)
0.6197 +- -1.00 (1)
0.5892 +- -1.00 (1)
0.6287 +- -1.00 (1)
0.6092 +- -1.00 (1)
0.6193 +- -1.00 (1)
0.6527 +- -1.00 (1)
0.6635 +- -1.00 (1)
0.6242 +- -1.00 (1)
0.6473 +- -1.00 (1)
0.5972 +- -1.00 (1)
0.6135 +- -1.00 (1)
0.6275 +- -1.00 (1)
0.6329 +- -1.00 (1)
0.6419 +- -1.00 (1)
0.6249 +- -1.00 (1)
0.6138 +- -1.00 (1)
0.6471 +- -1.00 (1)
0.6282 +- -1.00 (1)
0.5913 +- -1.00 (1)
0.6599 +- -1.00 (1)
0.6033 +- -1.00 (1)
0.5996 +- -1.00 (1)
0.6370 +- -1.00 (1)
0.5875 +- -1.00 (1)
0.5985 +- -1.00 (1)
0.6529 +- -1.00 (1)
0.6577 +- -1.00 (1)
0.6233 +- -1.00 (1)
0.6509 +- -1.00 (1)
0.6157 +- -1.00 (1)
0.6409 +- -1.00 (1)
0.6414 +- -1.00 (1)
0.6494 +- -1.00 (1)
0.6474 +- -1.00 (1)
0.6559 +- -1.00 (1)
0.5883 +- -1.00 (1)
0.6564 +- -1.00 (1)
0.6053 +- -1.00 (1)
0.6025 +- -1.00 (1)
0.6218 +- -1.00 (1)
0.6049 +- -1.00 (1)
0.5705 +- -1.00 (1)
0.6297 +- -1.00 (1)
0.5860 +- -1.00 (1)
0.6068 +- -1.00 (1)
0.6333 +- -1.00 (1)
0.6525 +- -1.00 (1)
0.6163 +- -1.00 (1)
0.6331 +- -1.00 (1)
0.6257 +- -1.00 (1)
0.6417 +- -1.00 (1)
0.6198 +- -1.00 (1)
0.6092 +- -1.00 (1)
0.6458 +- -1.00 (1)
0.6191 +- -1.00 (1)
0.6049 +- -1.00 (1)
0.6341 +- -1.00 (1)
0.5825 +- -1.00 (1)
0.6126 +- -1.00 (1)
0.6124 +- -1.00 (1)
0.6172 +- -1.00 (1)
0.5874 +- -1.00 (1)
0.6296 +- -1.00 (1)
0.5813 +- -1.00 (1)
0.6286 +- -1.00 (1)
0.6300 +- -1.00 (1)
0.6118 +- -1.00 (1)
0.6232 +- -1.00 (1)
0.6231 +- -1.00 (1)
0.6129 +- -1.00 (1)
0.6383 +- -1.00 (1)
0.6038 +- -1.00 (1)
0.6376 +- -1.00 (1)
0.6495 +- -1.00 (1)
0.6070 +- -1.00 (1)
0.5732 +- -1.00 (1)
0.2594 +- -1.00 (1)
0.7357 +- -1.00 (1)
0.4640 +- -1.00 (1)
0.7317 +- -1.00 (1)
0.3902 +- -1.00 (1)
0.6396 +- -1.00 (1)
0.3890 +- -1.00 (1)
0.6058 +- -1.00 (1)
0.3095 +- -1.00 (1)
0.6844 +- -1.00 (1)
0.3931 +- -1.00 (1)
0.3671 +- -1.00 (1)
0.7048 +- -1.00 (1)
0.5716 +- -1.00 (1)
0.3980 +- -1.00 (1)
0.5884 +- -1.00 (1)
0.3995 +- -1.00 (1)
0.6365 +- -1.00 (1)
0.4391 +- -1.00 (1)
0.4744 +- -1.00 (1)
0.6420 +- -1.00 (1)
0.3340 +- -1.00 (1)
0.6197 +- -1.00 (1)
0.3623 +- -1.00 (1)
0.6647 +- -1.00 (1)
0.2470 +- -1.00 (1)
0.7255 +- -1.00 (1)
0.4807 +- -1.00 (1)
0.5865 +- -1.00 (1)
0.7282 +- -1.00 (1)
0.5209 +- -1.00 (1)
0.3494 +- -1.00 (1)
0.5083 +- -1.00 (1)
0.6526 +- -1.00 (1)
0.5868 +- -1.00 (1)
0.5298 +- -1.00 (1)
0.5367 +- -1.00 (1)
0.5898 +- -1.00 (1)
0.4738 +- -1.00 (1)
0.5684 +- -1.00 (1)
0.5543 +- -1.00 (1)
0.6210 +- -1.00 (1)
0.5063 +- -1.00 (1)
0.4184 +- -1.00 (1)
0.3387 +- -1.00 (1)
0.3158 +- -1.00 (1)
0.5903 +- -1.00 (1)
0.6612 +- -1.00 (1)
0.3962 +- -1.00 (1)
0.6383 +- -1.00 (1)
0.5104 +- -1.00 (1)
0.6146 +- -1.00 (1)
0.5035 +- -1.00 (1)
0.6684 +- -1.00 (1)
0.3152 +- -1.00 (1)
0.6498 +- -1.00 (1)
0.6382 +- -1.00 (1)
0.6198 +- -1.00 (1)
0.7169 +- -1.00 (1)
0.4029 +- -1.00 (1)
0.5714 +- -1.00 (1)
0.6657 +- -1.00 (1)
0.5508 +- -1.00 (1)
0.3543 +- -1.00 (1)
0.6457 +- -1.00 (1)
0.5966 +- -1.00 (1)
0.6091 +- -1.00 (1)
0.5995 +- -1.00 (1)
0.5342 +- -1.00 (1)
0.6681 +- -1.00 (1)
0.6013 +- -1.00 (1)
0.4903 +- -1.00 (1)
0.6584 +- -1.00 (1)
0.4069 +- -1.00 (1)
0.4232 +- -1.00 (1)
0.6238 +- -1.00 (1)
0.4500 +- -1.00 (1)
0.4790 +- -1.00 (1)
0.5199 +- -1.00 (1)
0.4690 +- -1.00 (1)
0.4782 +- -1.00 (1)
0.6947 +- -1.00 (1)
0.5986 +- -1.00 (1)
0.4140 +- -1.00 (1)
0.5955 +- -1.00 (1)
0.5550 +- -1.00 (1)
0.3910 +- -1.00 (1)
0.6083 +- -1.00 (1)
0.6426 +- -1.00 (1)
0.6173 +- -1.00 (1)
0.6020 +- -1.00 (1)
0.5084 +- -1.00 (1)
0.5086 +- -1.00 (1)
0.6274 +- -1.00 (1)
0.6083 +- -1.00 (1)
0.6241 +- -1.00 (1)
0.5311 +- -1.00 (1)
0.3976 +- -1.00 (1)
0.6420 +- -1.00 (1)
0.5719 +- -1.00 (1)
0.6708 +- -1.00 (1)
0.6519 +- -1.00 (1)
0.6147 +- -1.00 (1)
0.4298 +- -1.00 (1)
0.4630 +- -1.00 (1)
0.4839 +- -1.00 (1)
0.5742 +- -1.00 (1)
0.6668 +- -1.00 (1)
0.4050 +- -1.00 (1)
0.5087 +- -1.00 (1)
0.5407 +- -1.00 (1)
0.4981 +- -1.00 (1)
0.6640 +- -1.00 (1)
0.5369 +- -1.00 (1)
0.5682 +- -1.00 (1)
0.5224 +- -1.00 (1)
0.5808 +- -1.00 (1)
0.5068 +- -1.00 (1)
0.6218 +- -1.00 (1)
0.6873 +- -1.00 (1)
0.6806 +- -1.00 (1)
0.5582 +- -1.00 (1)
0.6110 +- -1.00 (1)
0.6385 +- -1.00 (1)
0.5277 +- -1.00 (1)
0.4864 +- -1.00 (1)
0.5726 +- -1.00 (1)
0.6334 +- -1.00 (1)
0.5757 +- -1.00 (1)
0.6645 +- -1.00 (1)
0.5001 +- -1.00 (1)
0.5435 +- -1.00 (1)
0.5357 +- -1.00 (1)
0.6030 +- -1.00 (1)
0.4779 +- -1.00 (1)
0.5960 +- -1.00 (1)
0.4953 +- -1.00 (1)
0.5986 +- -1.00 (1)
0.5777 +- -1.00 (1)
0.6151 +- -1.00 (1)
0.6237 +- -1.00 (1)
0.5500 +- -1.00 (1)
0.5149 +- -1.00 (1)
0.5672 +- -1.00 (1)
0.6386 +- -1.00 (1)
0.5553 +- -1.00 (1)
0.4776 +- -1.00 (1)
0.5484 +- -1.00 (1)
0.4602 +- -1.00 (1)
0.5809 +- -1.00 (1)
0.5110 +- -1.00 (1)
0.6342 +- -1.00 (1)
0.4367 +- -1.00 (1)
0.4098 +- -1.00 (1)
0.5941 +- -1.00 (1)
0.4946 +- -1.00 (1)
0.6361 +- -1.00 (1)
0.5176 +- -1.00 (1)
0.5763 +- -1.00 (1)
0.5553 +- -1.00 (1)
0.6375 +- -1.00 (1)
0.6084 +- -1.00 (1)
0.5716 +- -1.00 (1)
0.4594 +- -1.00 (1)
0.6135 +- -1.00 (1)
0.4992 +- -1.00 (1)
0.4782 +- -1.00 (1)
0.5034 +- -1.00 (1)
0.5129 +- -1.00 (1)
0.5556 +- -1.00 (1)
0.6231 +- -1.00 (1)
0.5622 +- -1.00 (1)
0.5986 +- -1.00 (1)
0.6094 +- -1.00 (1)
0.5466 +- -1.00 (1)
0.5781 +- -1.00 (1)
0.5985 +- -1.00 (1)
0.6472 +- -1.00 (1)
0.6357 +- -1.00 (1)
0.5525 +- -1.00 (1)
0.6128 +- -1.00 (1)
0.4822 +- -1.00 (1)
0.5575 +- -1.00 (1)
0.6601 +- -1.00 (1)
0.6460 +- -1.00 (1)
0.5119 +- -1.00 (1)
0.4926 +- -1.00 (1)
0.5969 +- -1.00 (1)
0.5907 +- -1.00 (1)
0.5538 +- -1.00 (1)
0.5400 +- -1.00 (1)
0.5159 +- -1.00 (1)
0.5967 +- -1.00 (1)
0.5772 +- -1.00 (1)
0.5861 +- -1.00 (1)
0.5678 +- -1.00 (1)
0.5888 +- -1.00 (1)
0.6011 +- -1.00 (1)
0.5939 +- -1.00 (1)
0.6116 +- -1.00 (1)
0.6012 +- -1.00 (1)
0.5695 +- -1.00 (1)
0.5472 +- -1.00 (1)
0.5122 +- -1.00 (1)
0.4798 +- -1.00 (1)
0.5662 +- -1.00 (1)
0.5905 +- -1.00 (1)
0.5296 +- -1.00 (1)
0.5646 +- -1.00 (1)
0.5367 +- -1.00 (1)
0.6242 +- -1.00 (1)
0.5473 +- -1.00 (1)
0.6063 +- -1.00 (1)
0.5895 +- -1.00 (1)
0.5212 +- -1.00 (1)
0.5781 +- -1.00 (1)
0.5490 +- -1.00 (1)
0.5878 +- -1.00 (1)
0.5807 +- -1.00 (1)
0.5935 +- -1.00 (1)
0.6132 +- -1.00 (1)
0.5899 +- -1.00 (1)
0.5639 +- -1.00 (1)
0.5872 +- -1.00 (1)
0.4841 +- -1.00 (1)
0.4669 +- -1.00 (1)
0.4813 +- -1.00 (1)
0.6156 +- -1.00 (1)
0.5933 +- -1.00 (1)
0.6134 +- -1.00 (1)
0.5344 +- -1.00 (1)
0.6105 +- -1.00 (1)
0.5920 +- -1.00 (1)
0.4899 +- -1.00 (1)
0.5974 +- -1.00 (1)
0.6124 +- -1.00 (1)
0.5516 +- -1.00 (1)
0.5840 +- -1.00 (1)
0.5061 +- -1.00 (1)
0.5492 +- -1.00 (1)
0.6063 +- -1.00 (1)
0.5564 +- -1.00 (1)
0.5274 +- -1.00 (1)
0.5488 +- -1.00 (1)
0.5964 +- -1.00 (1)
0.4887 +- -1.00 (1)
0.6201 +- -1.00 (1)
0.5536 +- -1.00 (1)
0.5630 +- -1.00 (1)
0.6046 +- -1.00 (1)
0.5619 +- -1.00 (1)
0.5512 +- -1.00 (1)
0.6139 +- -1.00 (1)
0.5958 +- -1.00 (1)
0.6133 +- -1.00 (1)
0.6149 +- -1.00 (1)
0.5675 +- -1.00 (1)
0.5960 +- -1.00 (1)
0.6067 +- -1.00 (1)
0.5230 +- -1.00 (1)
0.6118 +- -1.00 (1)
0.5866 +- -1.00 (1)
0.5316 +- -1.00 (1)
0.6195 +- -1.00 (1)
0.4752 +- -1.00 (1)
0.5674 +- -1.00 (1)
0.5984 +- -1.00 (1)
0.5551 +- -1.00 (1)
0.5955 +- -1.00 (1)
0.5948 +- -1.00 (1)
0.5595 +- -1.00 (1)
0.5782 +- -1.00 (1)
0.6292 +- -1.00 (1)
0.5618 +- -1.00 (1)
0.6144 +- -1.00 (1)
0.5962 +- -1.00 (1)
0.5542 +- -1.00 (1)
0.6167 +- -1.00 (1)
0.6230 +- -1.00 (1)
0.5835 +- -1.00 (1)
0.6272 +- -1.00 (1)
0.5819 +- -1.00 (1)
0.5762 +- -1.00 (1)
0.6194 +- -1.00 (1)
0.5506 +- -1.00 (1)
0.5874 +- -1.00 (1)
0.5692 +- -1.00 (1)
0.5044 +- -1.00 (1)
0.6040 +- -1.00 (1)
0.5873 +- -1.00 (1)
0.6044 +- -1.00 (1)
0.5070 +- -1.00 (1)
0.5508 +- -1.00 (1)
0.6010 +- -1.00 (1)
0.6107 +- -1.00 (1)
0.5987 +- -1.00 (1)
0.5885 +- -1.00 (1)
0.6333 +- -1.00 (1)
0.5760 +- -1.00 (1)
0.5785 +- -1.00 (1)
