0.9534 0.7193 0.6856 4
0.9652 0.5429 0.5239 4
0.9532 0.5505 0.5247 1
0.952 0.6083 0.5788 8
0.9617 0.5974 0.5739 14
0.9605 0.6105 0.5864 2
0.9764 0.4545 0.4438 2
0.9778 0.6524 0.6379 3
0.9512 0.6475 0.6159 2
0.951 0.8563 0.8143 2
0.9465 0.6647 0.6287 12
0.9607 0.7138 0.6848 11
0.9778 0.9465 0.9253 9
0.9663 0.2685 0.2592 7
0.9727 0.6319 0.6146 2
0.9734 0.3353 0.3229 26
0.9822 0.5989 0.5877 7
0.9604 0.4133 0.3969 1
0.9649 0.2727 0.2631 5
0.9615 0.5029 0.4737 13
0.9672 0.6441 0.6225 5
0.967 0.6462 0.6247 12
0.9657 0.7273 0.7023 4
0.9805 0.9049 0.8872 3
0.9757 0.6626 0.6414 10
0.9814 0.5662 0.5557 4
0.959 0.7571 0.7259 7
0.9636 0.701 0.6736 13
0.9685 0.7664 0.7422 3
0.9712 0.4553 0.442 6
0.9493 0.593 0.5623 13
0.9658 0.6628 0.6401 3
0.9779 0.3871 0.3785 11
0.959 0.5995 0.5744 14
0.9756 0.5954 0.5809 2
0.9711 0.8301 0.806 6
0.9849 0.3497 0.3441 6
0.9626 0.784 0.7547 3
0.9653 0.7354 0.7098 6
0.9696 0.6952 0.6729 9
0.9642 0.7626 0.7342 10
0.9815 0.4838 0.4748 4
0.9664 0.714 0.6897 7
0.9726 0.6708 0.6522 9
0.9731 0.6335 0.6165 5
0.9713 0.5408 0.5252 6
0.9756 0.5435 0.5299 12
0.9692 0.7213 0.6987 7
0.9725 0.6745 0.6558 9
0.9738 0.7824 0.7619 12
0.9729 0.7165 0.6971 3
0.9768 0.7258 0.7089 6
0.9839 0.7693 0.7568 13
0.9715 0.7615 0.7397 15
0.9719 0.6496 0.6311 7
0.9657 0.5105 0.4928 5
0.9715 0.6829 0.6633 7
0.9717 0.6361 0.618 5
0.9766 0.672 0.6563 4
0.9745 0.6193 0.6025 10
0.9728 0.6634 0.6453 5
0.975 0.5967 0.5818 1
0.9737 0.6962 0.6779 3
0.9748 0.6961 0.6785 4
0.9715 0.5517 0.536 3
0.9699 0.705 0.683 3
0.9796 0.7863 0.7697 8
0.9687 0.7409 0.7175 13
0.9708 0.6079 0.59 7
0.9731 0.483 0.47 7
0.9724 0.5753 0.5593 3
0.9676 0.7484 0.7241 8
0.9795 0.9512 0.931 5
0.9691 0.5791 0.5606 9
0.9798 0.9179 0.899 10
0.97 0.5775 0.5601 13
0.9753 0.7323 0.7133 12
0.969 0.5479 0.5309 8
0.981 0.7815 0.7666 11
0.9685 0.6596 0.6385 6
0.9627 0.5259 0.5063 2
0.9783 0.6211 0.6074 8
0.9727 0.597 0.5806 5
0.9761 0.6877 0.6711 4
0.9714 0.4788 0.4648 6
0.9733 0.6035 0.5873 5
0.9698 0.7098 0.6873 9
0.9686 0.594 0.5745 5
0.9696 0.6497 0.6284 9
0.9715 0.5423 0.5268 7
0.9682 0.5978 0.5784 12
0.97 0.5394 0.5224 16
0.9789 0.6957 0.6809 13
0.9675 0.7028 0.6799 5
0.9858 0.6545 0.6441 10
0.9743 0.6506 0.6339 3
0.9614 0.6998 0.6728 5
0.9616 0.6765 0.6504 9
0.9722 0.7706 0.7492 7
0.9738 0.6613 0.644 4
0.972 0.705 0.6851 8
0.9771 0.7673 0.7495 9
0.9714 0.6319 0.6138 6
0.9747 0.6294 0.6134 2
0.9772 0.6999 0.6838 15
0.9674 0.6308 0.6101 10
0.9734 0.733 0.7135 4
0.971 0.6178 0.5999 4
0.9664 0.6986 0.6751 6
0.9707 0.5978 0.5803 5
0.9698 0.623 0.604 7
0.9726 0.6972 0.6776 16
0.9779 0.6036 0.5902 7
0.974 0.5839 0.5687 5
0.9718 0.5304 0.5145 7
0.9755 0.6475 0.6312 11
0.9692 0.6888 0.6675 8
0.9699 0.6427 0.6233 5
0.9697 0.5803 0.5627 4
0.9732 0.6325 0.6155 6
0.9717 0.603 0.5859 3
0.9672 0.6458 0.6246 13
0.9677 0.7437 0.7193 4
0.9732 0.6609 0.6432 6
0.9678 0.6369 0.6164 6
0.9743 0.6452 0.628 10
0.9638 0.719 0.693 4
0.9642 0.6137 0.5914 9
0.9681 0.6791 0.6574 5
0.9733 0.8097 0.788 7
0.9763 0.71 0.6931 9
0.9724 0.628 0.6104 9
0.9732 0.6579 0.6398 7
0.9696 0.6 0.5817 9
0.9726 0.7067 0.6873 2
0.9711 0.6537 0.6348 2
0.9691 0.7071 0.685 10
0.9611 0.6327 0.6079 8
0.9651 0.5303 0.5118 5
0.9735 0.6267 0.61 7
0.9604 0.6366 0.6112 14
0.9643 0.6873 0.6626 16
0.9585 0.6724 0.6444 8
0.9657 0.6935 0.6695 11
0.969 0.6406 0.6206 9
0.9639 0.5724 0.5514 8
0.9555 0.6404 0.6119 4
0.9645 0.6676 0.6438 7
0.9508 0.5806 0.552 5
0.9582 0.719 0.6889 2
0.9606 0.5327 0.5115 16
0.964 0.6399 0.6168 10
0.9681 0.6079 0.5882 15
0.962 0.5814 0.559 10
0.9605 0.7193 0.6909 4
0.966 0.6725 0.6495 9
0.9648 0.5857 0.5647 6
0.9623 0.6005 0.5777 9
0.9669 0.6466 0.6252 6
0.9657 0.619 0.5976 7
0.9589 0.5959 0.5712 12
0.96 0.7132 0.6845 15
0.9583 0.6783 0.6497 4
0.9677 0.6462 0.6253 2
0.9658 0.6099 0.589 9
0.957 0.7545 0.7219 7
0.9619 0.5405 0.5196 13
0.9659 0.6797 0.6564 11
0.9549 0.6012 0.574 6
0.9632 0.7092 0.6828 10
0.9599 0.6011 0.5769 8
0.967 0.7488 0.7231 19
0.9601 0.6935 0.6658 4
0.9611 0.6659 0.6398 8
0.9597 0.6085 0.5838 16
0.9694 0.6164 0.5958 8
0.9648 0.603 0.5811 12
0.9663 0.7285 0.7039 5
0.9634 0.6705 0.6454 11
0.9613 0.6451 0.62 15
0.9594 0.6579 0.6311 8
0.9635 0.6716 0.647 3
0.9561 0.6831 0.6531 5
0.9652 0.5702 0.5503 9
0.9632 0.6176 0.5945 6
0.9565 0.7349 0.7029 6
0.963 0.643 0.6189 12
0.9579 0.5666 0.5426 13
0.9569 0.627 0.5999 7
0.9531 0.6124 0.5834 6
0.9536 0.6466 0.6166 1
0.9573 0.6168 0.5903 9
0.9583 0.6371 0.6103 7
0.9643 0.6508 0.6274 19
0.9566 0.6848 0.655 7
0.9632 0.6175 0.5948 5
0.962 0.6692 0.6437 14
0.9717 0.683 0.6636 9
0.964 0.6725 0.6483 4
0.9607 0.6733 0.6464 9
0.9618 0.669 0.6434 7
0.9644 0.6776 0.6534 8
0.9575 0.7077 0.6775 9
0.9625 0.6053 0.5824 15
0.9627 0.7265 0.6993 12
0.958 0.7609 0.7288 6
0.9615 0.7385 0.7099 8
0.9701 0.5942 0.5764 4
0.9573 0.6227 0.596 13
0.9717 0.6843 0.6649 8
0.9601 0.726 0.6969 19
0.9565 0.6372 0.6094 8
0.954 0.6109 0.5824 7
0.9565 0.6713 0.6419 5
0.959 0.7277 0.6978 7
0.9544 0.626 0.5973 15
0.9637 0.6512 0.6275 8
0.9639 0.6745 0.6498 10
0.9623 0.6415 0.617 18
0.963 0.655 0.6305 7
0.9597 0.5956 0.5715 13
0.9598 0.6851 0.6575 11
0.9589 0.674 0.6463 8
0.9647 0.61 0.5883 14
0.9601 0.7035 0.6753 12
0.9572 0.6636 0.6352 9
0.9612 0.7126 0.6848 15
0.9523 0.6599 0.6284 9
0.9615 0.6836 0.6568 8
0.9629 0.6205 0.5971 10
0.9612 0.639 0.614 10
0.96 0.624 0.5989 10
0.9568 0.5916 0.5659 10
0.9604 0.6048 0.5806 9
0.9615 0.5804 0.5577 12
0.9615 0.6045 0.5811 5
0.9603 0.7663 0.7359 5
0.958 0.6299 0.6034 9
0.9568 0.6455 0.6175 8
0.958 0.639 0.6121 5
0.9533 0.6301 0.6006 6
0.9627 0.6487 0.6245 4
0.957 0.6283 0.6012 9
0.9542 0.6211 0.5927 2
0.9595 0.6636 0.6366 10
0.9566 0.6573 0.6288 6
0.9603 0.647 0.6213 5
0.9552 0.6811 0.6505 6
0.9543 0.6955 0.6637 6
0.9619 0.6679 0.6422 12
0.9637 0.6797 0.655 7
0.9628 0.6147 0.5915 14
0.9664 0.7156 0.6914 5
0.9543 0.5869 0.56 9
0.9568 0.645 0.617 7
0.9575 0.6748 0.6457 14
0.9594 0.6573 0.6303 16
0.9611 0.7214 0.6933 7
0.9614 0.5989 0.5757 9
0.966 0.5925 0.5723 7
0.9578 0.6854 0.6564 7
0.95 0.5853 0.556 5
0.9588 0.6248 0.5988 8
0.9543 0.6888 0.6573 7
0.9553 0.5871 0.5608 8
0.9571 0.7338 0.7019 12
0.9607 0.737 0.708 11
0.9484 0.5898 0.5593 6
0.9556 0.674 0.644 14
0.9629 0.6523 0.628 8
0.9566 0.6528 0.6242 11
0.9592 0.648 0.6214 7
0.9633 0.6234 0.6004 5
0.9666 0.7073 0.6837 4
0.9569 0.6873 0.6574 10
0.9604 0.634 0.6088 10
0.9604 0.6626 0.6363 6
0.9568 0.673 0.6437 6
0.9607 0.6451 0.6194 12
0.9607 0.6415 0.6162 10
0.9674 0.6347 0.6138 9
0.9564 0.6527 0.6241 8
0.9633 0.6054 0.5832 11
0.9614 0.638 0.6134 5
0.9558 0.6472 0.6186 7
0.9564 0.6998 0.6693 4
0.9528 0.6322 0.6021 11
0.9457 0.581 0.5494 8
0.9577 0.6458 0.6183 12
0.9655 0.642 0.6198 6
0.9563 0.675 0.6454 17
0.9571 0.6626 0.6341 4
0.955 0.6533 0.6239 6
0.9605 0.6237 0.5988 9
0.9555 0.621 0.5931 12
0.9531 0.6367 0.6068 7
0.9574 0.6289 0.6019 5
0.9596 0.674 0.6468 9
0.9561 0.593 0.5665 17
0.9605 0.6276 0.6028 7
0.9522 0.8733 0.8301 6
0.9658 1 0.9657 6
0.7535 1 0.7535 6
0.9667 0.9595 0.9275 1
0.9667 0.7971 0.7706 2
0.9555 1 0.9555 6
0.9335 1 0.9335 2
0.9792 1 0.9792 8
0.945 0.7208 0.6802 13
0.9461 1 0.9461 5
0.9353 0.8316 0.7775 8
0.9573 1 0.957 6
0.9655 0.7119 0.6872 2
0.9625 0.9481 0.9117 7
0.791 1 0.791 4
0.9734 1 0.9722 6
0.8075 1 0.8075 2
0.9604 0.5825 0.5579 4
0.8022 1 0.8022 8
0.9615 0.7328 0.6888 10
0.9356 1 0.9356 3
0.9614 1 0.9612 9
0.9555 0.944 0.9019 6
0.9694 1 0.966 16
0.9469 1 0.9465 9
0.9786 0.7813 0.7639 5
0.9623 1 0.9617 7
0.9198 1 0.9198 7
0.9582 1 0.9579 3
0.8188 1 0.8187 7
0.9514 0.7439 0.7075 9
0.9476 1 0.9476 5
0.9681 1 0.968 7
0.9527 1 0.9524 10
0.8797 1 0.8797 6
0.9698 0.9769 0.9473 3
0.8425 1 0.8425 4
0.964 1 0.9639 11
0.9603 1 0.9603 5
0.959 0.9902 0.9491 7
0.9559 1 0.9559 6
0.9605 1 0.9605 5
0.9549 1 0.9549 6
0.9777 0.7919 0.7742 2
0.9672 1 0.9671 7
0.9524 1 0.9524 6
0.9627 1 0.9627 5
0.9711 0.9289 0.9005 6
0.9285 1 0.9285 3
0.9566 1 0.956 4
0.9547 1 0.9545 8
0.9579 1 0.9573 11
0.966 1 0.966 4
0.9636 1 0.9636 5
0.9624 1 0.9623 6
0.965 1 0.9629 8
0.9563 1 0.9561 6
0.9609 1 0.9597 11
0.9809 0.9223 0.9043 8
0.9745 1 0.9743 4
0.9726 0.9996 0.9722 10
0.9703 1 0.9702 7
0.9638 1 0.9638 3
0.9665 1 0.9665 7
0.9673 1 0.9671 5
0.9642 1 0.9642 5
0.9071 1 0.907 7
0.9503 1 0.9503 7
0.9616 1 0.9613 7
0.9637 1 0.9634 6
0.9561 1 0.9543 10
0.9651 0.8208 0.7921 6
0.9711 1 0.9711 5
0.9499 1 0.9499 3
0.956 1 0.956 2
0.9763 1 0.9763 10
0.9138 1 0.9137 9
0.9118 1 0.9118 2
0.972 1 0.9719 10
0.9657 1 0.9652 9
0.9509 1 0.9508 6
0.9315 1 0.9315 2
0.9669 1 0.9669 5
0.9533 1 0.9532 9
0.9523 1 0.9522 6
0.9647 1 0.9644 6
0.9363 1 0.9363 4
0.953 1 0.953 4
0.962 1 0.9614 8
0.9707 1 0.97 11
0.9621 1 0.9621 5
0.9531 1 0.953 6
0.9742 1 0.9742 5
0.969 1 0.9688 8
0.9769 1 0.9732 8
0.9615 1 0.9615 7
0.9706 1 0.9706 3
0.9522 1 0.952 3
0.9714 1 0.9711 12
0.8001 1 0.8001 5
0.8396 1 0.8396 2
0.971 1 0.9709 8
0.964 1 0.964 4
0.9302 1 0.9302 2
0.9734 1 0.9727 10
0.8941 1 0.8941 3
0.9439 1 0.9439 6
0.9691 1 0.9685 7
0.9439 1 0.9439 4
0.8898 1 0.8898 2
0.9658 0.8537 0.8244 3
0.9725 1 0.9724 7
0.8386 1 0.8386 1
0.8214 1 0.8214 5
0.9765 1 0.9758 9
0.9592 1 0.9582 8
0.9535 1 0.9535 4
0.9527 1 0.9527 5
0.9727 1 0.9727 2
0.9617 1 0.961 8
0.9598 1 0.9598 3
0.9694 1 0.9685 8
0.9665 1 0.9665 9
0.9679 1 0.9679 2
0.9138 1 0.9138 3
0.881 1 0.881 1
0.9701 1 0.9701 4
0.9611 1 0.9611 4
0.9626 1 0.9624 8
0.9065 1 0.9065 3
0.957 1 0.957 3
0.7872 1 0.7872 2
0.8161 1 0.8161 3
0.9108 1 0.9108 4
0.9614 1 0.9613 9
0.9691 1 0.9691 3
0.9102 1 0.9102 4
0.9597 1 0.9596 4
0.918 1 0.918 4
0.9574 1 0.9574 3
0.8821 1 0.8821 1
0.9577 1 0.9577 4
0.8343 1 0.8343 2
0.9084 1 0.9084 4
0.9077 1 0.9077 4
0.846 1 0.846 3
0.8807 1 0.8807 2
0.7632 1 0.7632 2
0.8194 1 0.8194 2
0.8556 1 0.8556 1
0.8323 1 0.8323 4
0.9351 1 0.9351 3
0.8293 1 0.8293 2
0.9326 1 0.9326 3
0.7216 1 0.7216 2
0.7844 1 0.7844 4
0.5963 1 0.5963 2
0.8686 1 0.8686 3
0.6909 1 0.6909 4
0.7608 1 0.7608 2
0.6774 1 0.6774 2
0.9181 1 0.9181 2
0.8504 1 0.8504 3
0.9234 1 0.9234 4
0.9368 1 0.9368 3
0.8673 1 0.8673 1
0.9183 1 0.9183 2
0.8618 1 0.8618 2
0.7849 1 0.7849 2
0.9625 1 0.9623 8
0.9505 1 0.9504 4
0.904 1 0.904 3
0.8228 1 0.8228 2
0.8901 1 0.8901 2
0.8873 1 0.8873 1
0.958 1 0.958 5
0.9243 1 0.9243 5
0.9629 1 0.9628 4
0.9596 1 0.9596 3
0.869 1 0.869 4
0.9137 1 0.9137 3
0.9325 1 0.9325 2
0.7629 1 0.7629 3
0.8525 1 0.8525 2
0.9052 1 0.9052 3
0.9562 1 0.9559 11
0.9262 1 0.9262 3
0.9242 1 0.9242 4
0.9468 1 0.9467 5
0.7855 1 0.7855 2
0.9502 1 0.9502 3
0.9006 1 0.9006 5
0.8507 1 0.8507 3
0.8792 1 0.8792 2
0.8739 1 0.8739 3
0.9543 1 0.9543 4
0.9565 1 0.9565 5
0.8361 1 0.8361 2
0.9571 1 0.9571 2
0.9528 1 0.9528 3
0.8754 1 0.8754 1
0.8089 1 0.8089 1
0.7587 1 0.7587 2
0.9422 1 0.9422 3
0.8556 1 0.8556 1
0.9217 1 0.9217 2
0.8185 1 0.8185 2
0.8033 1 0.8033 1
0.9285 1 0.9285 5
0.8241 1 0.8241 2
0.748 1 0.748 2
0.8551 1 0.8551 3
0.9519 1 0.9517 4
0.8065 1 0.8065 4
0.9459 1 0.9459 5
0.8606 1 0.8606 2
0.8019 1 0.8019 2
0.9165 1 0.9165 3
0.9455 1 0.9455 5
0.8066 1 0.8066 4
0.8938 1 0.8938 2
0.953 1 0.953 2
0.8244 1 0.8244 3
0.8552 1 0.8552 3
0.7892 1 0.7892 2
0.7913 1 0.7913 1
0.8101 1 0.8101 2
0.7952 1 0.7952 2
0.8035 1 0.8035 3
0.955 1 0.9548 4
0.9067 1 0.9067 3
0.9347 1 0.9347 3
0.8714 1 0.8714 1
0.8912 1 0.8912 2
0.8636 1 0.8636 2
0.9355 1 0.9354 3
0.7896 1 0.7896 2
0.8606 1 0.8606 3
0.8422 1 0.8422 2
0.8673 1 0.8673 1
0.9097 1 0.9097 3
0.8658 1 0.8658 1
0.9237 1 0.9237 3
0.7738 1 0.7738 1
0.905 1 0.905 2
0.8493 1 0.8493 3
0.8228 1 0.8228 4
0.7924 1 0.7924 2
0.7803 1 0.7803 3
0.7904 1 0.7904 1
0.9083 1 0.9083 2
0.8736 1 0.8736 1
0.894 1 0.894 4
0.9172 1 0.9172 5
0.8517 1 0.8517 1
0.7845 1 0.7845 1
0.8197 1 0.8197 2
0.8658 1 0.8658 1
0.8694 1 0.8694 2
0.8272 1 0.8272 3
0.8507 1 0.8507 1
0.7956 1 0.7956 1
0.7155 1 0.7155 2
0.8793 1 0.8793 2
0.9029 1 0.9029 3
0.8538 1 0.8538 2
0.8445 1 0.8445 1
0.9066 1 0.9066 2
0.8355 1 0.8355 3
0.747 1 0.747 3
0.8206 1 0.8206 1
0.9073 1 0.9073 1
0.8968 1 0.8968 2
0.8497 1 0.8497 2
0.9157 1 0.9157 3
0.8853 1 0.8853 2
0.7835 1 0.7835 2
0.8899 1 0.8899 3
0.8378 1 0.8378 1
0.8236 1 0.8236 4
0.9409 1 0.9409 4
0.875 1 0.875 2
0.8579 1 0.8579 1
0.8352 1 0.8352 2
0.8239 1 0.8239 4
0.7981 1 0.7981 2
0.7755 1 0.7755 2
0.7138 1 0.7138 1
0.8346 1 0.8346 2
0.8785 1 0.8785 1
0.8721 1 0.8721 2
0.8117 1 0.8117 1
0.8927 1 0.8927 1
0.7838 1 0.7838 2
0.809 1 0.809 2
0.8475 1 0.8475 2
0.7918 1 0.7918 2
0.7089 1 0.7089 2
0.9164 1 0.9164 2
0.8933 1 0.8933 3
0.7667 1 0.7667 5
0.9709 0.9933 0.9637 13
0.9377 1 0.9376 8
0.958 0.9586 0.9181 7
0.9481 1 0.9479 9
0.96 0.9996 0.9595 5
0.6863 1 0.6863 2
0.9477 1 0.9477 4
0.695 1 0.695 6
0.9551 0.7012 0.6696 4
0.73 1 0.73 3
0.7288 1 0.7288 4
0.9507 1 0.9496 14
0.7904 1 0.7904 3
0.76 1 0.76 5
0.9326 1 0.9326 3
0.7015 1 0.7015 1
0.9604 0.984 0.9414 4
0.6677 1 0.6677 5
0.9656 0.9999 0.964 12
0.9406 1 0.9404 7
0.5727 1 0.5727 2
0.9557 1 0.9555 9
0.634 1 0.634 3
0.9319 1 0.9317 7
0.5606 1 0.5606 3
0.96 1 0.96 3
0.6561 1 0.6561 4
0.9587 1 0.9586 6
0.9695 1 0.969 7
0.9297 1 0.9296 8
0.8124 1 0.8124 6
0.8178 1 0.8178 2
0.9614 1 0.9613 7
0.9229 1 0.9215 7
0.9327 1 0.9326 8
0.875 1 0.875 1
0.9634 1 0.962 10
0.748 1 0.748 3
0.9406 1 0.9406 4
0.9617 1 0.9617 7
0.8968 1 0.8968 2
0.9098 1 0.9098 6
0.8491 1 0.8491 3
0.697 1 0.697 6
0.6298 1 0.6298 5
0.8987 1 0.8987 7
0.9406 1 0.9401 10
0.7808 1 0.7808 2
0.9463 1 0.9463 7
0.8148 1 0.8148 4
0.9612 1 0.9606 13
0.8417 1 0.8416 7
0.9649 1 0.9649 4
0.7379 1 0.7379 4
0.965 1 0.9643 7
0.8769 1 0.8768 4
0.9022 1 0.902 4
0.9726 1 0.9724 8
0.7258 1 0.7258 3
0.9394 1 0.9394 4
0.9693 1 0.9693 6
0.7969 1 0.7968 5
0.7237 1 0.7237 4
0.9697 1 0.9693 10
0.934 1 0.9336 4
0.788 1 0.788 4
0.8168 1 0.8167 5
0.8204 1 0.8204 5
0.9744 1 0.9744 6
0.9095 1 0.9095 5
0.667 1 0.667 2
0.9645 1 0.9644 6
0.7741 1 0.7741 3
0.7501 1 0.75 4
0.9665 1 0.9664 10
0.861 1 0.861 2
0.8255 1 0.8255 4
0.7426 1 0.7426 2
0.7582 1 0.7582 5
0.6845 1 0.6845 1
0.9503 1 0.9494 5
0.9523 1 0.952 3
0.6378 1 0.6378 2
0.9283 1 0.9283 4
0.9055 1 0.9055 1
0.6033 1 0.6033 8
0.962 1 0.962 6
0.8861 1 0.8861 3
0.963 1 0.9627 11
0.8599 1 0.8598 4
0.8277 1 0.8276 7
0.7038 1 0.7038 3
0.9274 1 0.9273 8
0.9241 1 0.9241 4
0.9464 1 0.9464 2
0.828 1 0.828 3
0.7597 1 0.7597 1
0.8812 1 0.8812 2
0.8242 1 0.8242 4
0.9558 1 0.9558 2
0.8448 1 0.8447 4
0.8635 1 0.8634 4
0.7358 1 0.7358 4
0.6603 1 0.6602 4
0.7464 1 0.7464 2
0.7624 1 0.7623 6
0.7568 1 0.7568 2
0.6714 1 0.6714 3
0.749 1 0.749 3
0.6567 1 0.6567 5
0.7753 1 0.7753 3
0.722 1 0.722 3
0.7633 1 0.7633 1
0.9538 1 0.9538 4
0.6058 1 0.6058 3
0.8086 1 0.8086 2
0.707 1 0.707 2
0.8213 1 0.8213 4
0.9256 1 0.9255 4
0.9022 1 0.9022 4
0.7983 1 0.7983 3
0.6629 1 0.6629 1
0.9349 1 0.9349 4
0.8136 1 0.8136 5
0.7669 1 0.7669 3
0.8575 1 0.8575 5
0.8324 1 0.8324 5
0.7571 1 0.7571 5
0.9631 1 0.9631 5
0.6803 1 0.6803 2
0.7415 1 0.7415 3
0.7037 1 0.7037 3
0.8224 1 0.8224 3
0.6346 1 0.6346 2
0.6587 1 0.6587 1
0.7369 1 0.7369 5
0.6962 1 0.6962 3
0.7197 1 0.7197 4
0.8138 1 0.8138 4
0.7774 1 0.7774 2
0.561 1 0.561 3
0.6462 1 0.6462 2
0.4792 1 0.4792 1
0.7054 1 0.7054 2
0.6842 1 0.6842 2
0.617 1 0.617 2
0.6124 1 0.6124 4
0.6001 1 0.6001 3
0.6499 1 0.6499 2
0.7176 1 0.7176 2
0.6238 1 0.6238 3
0.6183 1 0.6183 5
0.6721 1 0.6721 2
0.6896 1 0.6896 4
0.5619 1 0.5619 3
0.4893 1 0.4893 3
0.6476 1 0.6476 1
0.722 1 0.722 1
0.7441 1 0.7441 2
0.7546 1 0.7546 2
0.6998 1 0.6998 2
0.621 1 0.621 3
0.5563 1 0.5563 3
0.8418 1 0.8418 3
0.578 1 0.578 4
0.629 1 0.629 2
0.7341 1 0.7341 2
0.6077 1 0.6077 2
0.7971 1 0.7971 3
0.6405 1 0.6405 5
0.6383 1 0.6383 3
0.5822 1 0.5822 2
0.7 1 0.7 1
0.6513 1 0.6513 2
0.5931 1 0.5931 4
0.5133 1 0.5133 2
0.6532 1 0.6532 2
0.6993 1 0.6993 2
0.5566 1 0.5566 3
0.6855 1 0.6855 1
0.6619 1 0.6619 4
0.5971 1 0.5971 3
0.7979 1 0.7979 3
0.6568 1 0.6568 3
0.6832 1 0.6832 2
0.6497 1 0.6497 4
0.7032 1 0.7032 2
0.8319 1 0.8319 5
0.6775 1 0.6775 2
0.7268 1 0.7268 1
0.6402 1 0.6402 3
0.6211 1 0.6211 2
0.7049 1 0.7049 4
0.6643 1 0.6643 6
0.6553 1 0.6553 3
0.6626 1 0.6626 1
0.7088 1 0.7088 2
0.6869 1 0.6869 4
0.7058 1 0.7058 2
0.6278 1 0.6278 3
0.7953 1 0.7953 4
0.7016 1 0.7016 2
0.619 1 0.619 3
0.7135 1 0.7135 4
0.7086 1 0.7086 3
0.6572 1 0.6572 4
0.6785 1 0.6785 3
0.7718 1 0.7718 1
0.7393 1 0.7393 3
0.554 1 0.554 5
0.5736 1 0.5736 4
0.6635 1 0.6635 1
0.5622 1 0.5622 4
0.5447 1 0.5447 5
0.7006 1 0.7006 3
0.6081 1 0.6081 2
0.6655 1 0.6655 3
0.7586 1 0.7586 3
0.7499 1 0.7499 2
0.5831 1 0.5831 4
0.703 1 0.703 3
0.5903 1 0.5903 3
0.622 1 0.622 4
0.6782 1 0.6782 1
0.612 1 0.612 2
0.5156 1 0.5156 2
0.5646 1 0.5646 2
0.6541 1 0.6541 2
0.6052 1 0.6052 5
0.6154 1 0.6154 4
0.7462 1 0.7462 2
0.6108 1 0.6108 2
0.7389 1 0.7389 5
0.7227 1 0.7227 3
0.718 1 0.718 4
0.6481 1 0.6481 4
0.6992 1 0.6992 2
0.5818 1 0.5818 3
0.6642 1 0.6642 2
0.6656 1 0.6656 2
0.6705 1 0.6705 2
0.5994 1 0.5994 2
0.5477 1 0.5477 2
0.5769 1 0.5769 1
0.5759 1 0.5759 2
0.6495 1 0.6495 2
0.6171 1 0.6171 4
0.6461 1 0.6461 2
0.6224 1 0.6224 2
0.5405 1 0.5405 4
0.6562 1 0.6562 2
0.5367 1 0.5367 3
0.6324 1 0.6324 2
0.6199 1 0.6199 2
0.7128 1 0.7128 2
0.5751 1 0.5751 2
0.6122 1 0.6122 2
0.6494 1 0.6494 3
0.6173 1 0.6173 2
0.5804 1 0.5804 2
0.6342 1 0.6342 2
0.6197 1 0.6197 1
0.6401 1 0.6401 2
0.5394 1 0.5394 2
0.654 1 0.654 1
0.5926 1 0.5926 1
0.6536 1 0.6536 3
0.5755 1 0.5755 1
0.4893 1 0.4893 2
0.6825 1 0.6825 1
0.5786 1 0.5786 2
0.8223 1 0.8223 3
0.6269 1 0.6269 3
0.6886 1 0.6886 2
0.6168 1 0.6168 2
0.5077 1 0.5077 3
0.6845 1 0.6845 1
0.7237 1 0.7237 1
0.6523 1 0.6523 2
0.6041 1 0.604 3
0.6332 1 0.6332 3
0.7119 1 0.7119 2
0.6791 1 0.6791 1
0.654 1 0.654 2
0.5495 1 0.5495 2
0.6155 1 0.6155 1
0.6214 1 0.6214 2
0.6613 1 0.6613 3
0.6104 1 0.6104 1
0.5973 1 0.5973 2
0.5547 1 0.5547 1
0.5082 1 0.5082 4
0.7106 1 0.7106 3
0.6936 1 0.6936 1
0.5594 1 0.5594 3
0.5864 1 0.5864 5
0.611 1 0.611 3
0.6058 1 0.6058 2
0.6316 1 0.6316 1