0.6310 
0.7593 
0.5476 
0.7481 
0.5616 
0.6498 
0.7282 
0.5028 
0.4998 
0.6909 
0.6057 
0.6242 
0.7370 
0.7002 
0.6390 
0.6413 
0.6770 
0.5834 
0.4080 
0.5865 
0.7134 
0.6936 
0.5712 
0.5691 
0.6652 
0.6126 
0.7508 
0.8137 
0.5926 
0.7699 
0.6057 
0.5618 
0.6407 
0.6009 
0.5407 
0.6134 
0.7665 
0.6280 
0.7112 
0.6553 
0.6722 
0.6919 
0.6138 
0.6069 
0.6374 
0.5621 
0.6530 
0.7046 
0.6143 
0.6301 
0.6089 
0.6228 
0.7012 
0.6664 
0.6030 
0.6574 
0.6849 
0.6254 
0.7094 
0.6897 
0.6633 
0.6538 
0.6440 
0.6220 
0.6690 
0.5925 
0.6417 
0.6631 
0.6041 
0.6705 
0.5915 
0.6123 
0.6665 
0.6561 
0.6225 
0.6006 
0.7104 
0.6330 
0.6809 
0.6594 
0.6716 
0.6407 
0.5660 
0.6384 
0.6749 
0.5561 
0.6021 
0.5705 
0.6082 
0.6474 
0.6335 
0.5797 
0.6332 
0.6943 
0.6315 
0.5883 
0.7017 
0.6675 
0.6104 
0.6062 
0.6212 
0.6129 
0.5685 
0.6164 
0.5835 
0.5918 
0.6307 
0.6737 
0.6101 
0.5671 
0.6287 
0.5826 
0.6064 
0.6304 
0.6142 
0.6146 
0.6794 
0.6366 
0.6126 
0.5993 
0.6275 
0.6288 
0.5554 
0.6201 
0.5767 
0.5665 
0.5792 
0.5924 
0.5635 
0.5978 
0.5879 
0.5802 
0.5608 
0.5800 
0.5635 
0.5551 
0.5925 
0.6357 
0.5983 
0.5627 
0.5577 
0.5182 
0.4715 
0.4899 
0.5083 
0.5175 
0.5175 
0.5158 
0.4456 
0.5092 
0.5267 
0.5169 
0.4526 
0.5010 
0.4900 
0.5052 
0.5532 
0.5529 
0.5183 
0.4771 
0.5148 
0.5020 
0.5056 
0.5130 
0.5041 
0.4921 
0.4947 
0.4947 
0.4949 
0.5029 
0.5144 
0.4945 
0.4733 
0.5071 
0.5029 
0.4819 
0.4993 
0.5085 
0.5075 
0.4497 
0.4987 
0.4752 
0.4754 
0.4957 
0.4947 
0.4763 
0.4900 
0.4612 
0.4701 
0.4632 
0.4974 
0.5216 
0.4604 
0.4816 
0.4956 
0.4838 
0.5017 
0.4794 
0.5211 
0.4677 
0.4559 
0.4645 
0.4827 
0.4968 
0.4641 
0.4752 
0.4878 
0.4998 
0.4905 
0.4538 
0.4982 
0.4662 
0.4699 
0.4587 
0.4779 
0.4734 
0.5164 
0.5000 
0.4935 
0.4631 
0.4824 
0.4720 
0.4732 
0.4832 
0.4716 
0.4447 
0.4969 
0.4678 
0.4851 
0.4196 
0.4511 
0.4698 
0.4681 
0.4731 
0.4654 
0.4903 
0.4795 
0.4546 
0.5148 
0.4526 
0.4752 
0.4410 
0.4688 
0.4692 
0.4679 
0.4522 
0.4975 
0.4502 
0.4592 
0.4311 
0.4646 
0.4910 
0.4388 
0.4440 
0.4362 
0.4633 
0.4786 
0.4633 
0.4877 
0.4511 
0.4982 
0.4476 
0.4492 
0.4644 
0.4538 
0.4481 
0.4858 
0.4622 
0.4779 
0.4420 
0.4385 
0.4670 
0.4518 
0.4378 
0.4417 
0.5009 
0.4706 
0.4684 
0.4235 
0.4478 
0.4497 
0.4435 
0.4408 
0.4469 
0.4195 
0.4302 
0.4327 
0.4600 
0.4797 
0.4465 
0.4425 
0.4719 
0.4766 
0.4548 
0.4284 
0.4689 
0.4689 
0.4406 
0.4397 
0.4278 
0.6309 
0.7645 
0.3411 
0.7481 
0.5615 
0.6531 
0.6814 
0.6252 
0.5248 
0.6173 
0.6132 
0.6249 
0.7345 
0.7622 
0.3968 
0.6295 
0.5156 
0.6366 
0.5554 
0.5808 
0.5513 
0.6955 
0.6263 
0.7326 
0.6693 
0.6248 
0.7589 
0.7189 
0.5840 
0.6028 
0.6072 
0.5396 
0.6881 
0.6650 
0.4445 
0.6103 
0.5961 
0.6278 
0.7118 
0.6607 
0.6662 
0.7012 
0.6126 
0.7005 
0.6517 
0.5858 
0.6529 
0.7093 
0.5785 
0.6449 
0.5967 
0.6029 
0.6750 
0.6923 
0.5766 
0.6010 
0.6424 
0.6259 
0.7094 
0.6656 
0.6458 
0.6699 
0.6229 
0.6235 
0.6724 
0.5897 
0.6173 
0.6517 
0.5852 
0.6939 
0.5918 
0.6046 
0.6877 
0.6687 
0.6221 
0.6095 
0.6940 
0.5840 
0.6765 
0.6719 
0.6805 
0.6365 
0.5751 
0.6235 
0.6628 
0.5862 
0.6099 
0.6318 
0.6004 
0.6129 
0.6031 
0.5591 
0.6348 
0.6722 
0.5790 
0.5944 
0.7111 
0.6615 
0.6239 
0.6611 
0.6635 
0.6144 
0.5689 
0.6622 
0.5842 
0.5862 
0.6244 
0.6220 
0.6057 
0.6438 
0.6138 
0.5664 
0.6029 
0.6042 
0.6042 
0.6175 
0.6835 
0.6349 
0.6055 
0.6092 
0.6380 
0.6052 
0.5641 
0.6011 
0.6097 
0.5623 
0.6012 
0.6032 
0.5558 
0.5894 
0.5924 
0.6007 
0.5624 
0.5640 
0.5549 
0.5544 
0.6066 
0.6115 
0.6121 
0.5445 
0.5299 
0.5024 
0.4712 
0.5019 
0.5344 
0.4943 
0.5126 
0.5262 
0.4742 
0.5557 
0.5251 
0.5114 
0.4696 
0.5064 
0.5291 
0.5035 
0.5922 
0.5345 
0.5449 
0.4802 
0.5024 
0.4865 
0.5024 
0.5109 
0.4833 
0.4855 
0.4913 
0.5059 
0.5076 
0.5284 
0.5030 
0.4995 
0.4718 
0.4650 
0.5325 
0.4756 
0.5099 
0.4912 
0.4859 
0.4641 
0.4968 
0.4682 
0.4839 
0.5121 
0.5036 
0.4621 
0.4987 
0.4762 
0.4645 
0.4965 
0.4592 
0.5030 
0.4436 
0.4775 
0.4970 
0.4908 
0.4864 
0.4874 
0.5378 
0.4645 
0.4973 
0.4630 
0.4938 
0.4700 
0.4717 
0.4755 
0.5361 
0.4968 
0.4939 
0.4665 
0.5052 
0.4725 
0.4593 
0.4747 
0.4867 
0.4787 
0.4936 
0.5022 
0.5059 
0.4773 
0.4790 
0.4789 
0.4626 
0.4898 
0.4711 
0.4696 
0.5051 
0.4841 
0.4920 
0.4282 
0.4585 
0.4893 
0.4645 
0.4836 
0.4850 
0.4819 
0.4809 
0.4498 
0.5091 
0.4616 
0.4668 
0.4508 
0.4534 
0.4675 
0.4525 
0.4469 
0.5046 
0.4613 
0.4589 
0.4437 
0.4693 
0.4793 
0.4649 
0.4558 
0.4473 
0.4646 
0.4638 
0.4725 
0.4702 
0.4500 
0.4843 
0.4589 
0.4592 
0.4652 
0.4578 
0.4519 
0.4693 
0.4423 
0.4841 
0.4541 
0.4393 
0.4772 
0.4392 
0.4492 
0.4469 
0.4530 
0.4623 
0.4642 
0.4229 
0.4349 
0.4716 
0.4421 
0.4394 
0.4506 
0.4305 
0.4423 
0.4545 
0.4492 
0.4907 
0.4317 
0.4394 
0.4832 
0.4532 
0.4255 
0.4233 
0.4531 
0.4820 
0.4488 
0.4473 
0.4445 
0.6269 
0.4491 
0.5481 
0.7480 
0.4815 
0.6527 
0.6820 
0.6251 
0.3491 
0.6941 
0.5588 
0.6297 
0.7355 
0.7117 
0.5069 
0.6456 
0.5321 
0.6270 
0.4212 
0.4052 
0.7134 
0.6934 
0.6297 
0.7325 
0.6839 
0.6275 
0.6824 
0.7967 
0.5810 
0.3670 
0.6024 
0.5223 
0.6799 
0.6598 
0.5417 
0.4054 
0.7498 
0.6278 
0.7117 
0.6726 
0.6575 
0.5973 
0.6022 
0.7122 
0.6513 
0.5478 
0.6715 
0.7067 
0.6143 
0.6327 
0.6088 
0.5956 
0.6416 
0.6471 
0.5992 
0.6660 
0.7134 
0.6256 
0.6969 
0.6896 
0.6582 
0.6745 
0.4943 
0.6006 
0.6503 
0.5578 
0.6392 
0.6572 
0.6612 
0.6733 
0.6193 
0.6093 
0.6860 
0.5807 
0.6036 
0.6152 
0.7235 
0.6359 
0.6325 
0.6961 
0.6490 
0.5570 
0.5748 
0.6140 
0.6145 
0.5035 
0.6190 
0.6208 
0.5966 
0.6200 
0.6370 
0.5641 
0.5597 
0.7068 
0.6284 
0.5988 
0.6876 
0.6523 
0.5721 
0.5835 
0.6674 
0.6561 
0.5953 
0.6409 
0.5853 
0.5484 
0.5907 
0.6655 
0.5799 
0.6124 
0.5648 
0.5899 
0.5882 
0.6493 
0.5971 
0.6265 
0.6039 
0.6469 
0.5614 
0.6209 
0.6498 
0.5879 
0.5003 
0.5851 
0.5980 
0.5575 
0.5838 
0.5664 
0.5243 
0.5531 
0.6241 
0.6171 
0.5691 
0.5611 
0.5562 
0.5675 
0.6295 
0.6024 
0.6073 
0.5578 
0.5839 
0.5100 
0.4541 
0.4862 
0.5300 
0.4992 
0.5172 
0.5229 
0.4669 
0.3628 
0.5072 
0.5349 
0.4754 
0.5067 
0.4602 
0.4777 
0.5560 
0.5571 
0.5305 
0.4581 
0.5066 
0.5066 
0.4882 
0.5088 
0.4998 
0.5104 
0.4927 
0.5046 
0.4935 
0.5195 
0.3819 
0.4907 
0.4875 
0.4311 
0.5196 
0.4991 
0.4983 
0.4753 
0.5043 
0.4513 
0.5002 
0.4774 
0.4823 
0.5122 
0.4875 
0.4675 
0.4908 
0.4640 
0.4664 
0.4690 
0.4750 
0.5377 
0.4621 
0.5113 
0.4839 
0.4794 
0.4762 
0.4650 
0.5043 
0.4672 
0.4685 
0.4665 
0.4833 
0.4586 
0.4701 
0.4993 
0.4920 
0.4923 
0.5037 
0.4552 
0.4776 
0.4773 
0.4306 
0.4589 
0.4881 
0.4750 
0.4935 
0.4667 
0.4923 
0.4560 
0.4651 
0.4941 
0.4586 
0.4824 
0.4664 
0.4733 
0.4927 
0.4612 
0.4886 
0.4311 
0.4708 
0.4783 
0.4597 
0.5115 
0.4931 
0.4909 
0.4995 
0.4654 
0.5225 
0.4605 
0.4601 
0.4579 
0.4539 
0.4778 
0.4588 
0.4693 
0.5013 
0.4531 
0.4605 
0.4377 
0.4713 
0.4909 
0.4462 
0.4763 
0.4583 
0.4701 
0.4729 
0.4860 
0.4821 
0.4530 
0.5139 
0.4571 
0.4436 
0.4608 
0.4188 
0.4597 
0.4817 
0.4475 
0.4786 
0.4349 
0.4353 
0.4454 
0.4750 
0.4409 
0.4599 
0.4679 
0.4991 
0.4755 
0.4366 
0.4347 
0.4743 
0.4405 
0.4699 
0.4697 
0.4373 
0.4384 
0.4387 
0.4403 
0.4843 
0.4459 
0.4638 
0.4864 
0.4576 
0.4456 
0.4408 
0.4551 
0.4696 
0.4472 
0.4518 
0.4273 
-1.0000 
-1.0000 
-1.0000 
-1.0000 
-1.0000 
-1.0000 
-1.0000 
-1.0000 
-1.0000 
-1.0000 
-1.0000 
-1.0000 
-1.0000 
-1.0000 
-1.0000 
-1.0000 
-1.0000 
-1.0000 
-1.0000 
-1.0000 
-1.0000 
-1.0000 
-1.0000 
-1.0000 
-1.0000 
-1.0000 
-1.0000 
-1.0000 
-1.0000 
-1.0000 
-1.0000 
-1.0000 
-1.0000 
-1.0000 
-1.0000 
-1.0000 
-1.0000 
-1.0000 
-1.0000 
-1.0000 
-1.0000 
-1.0000 
-1.0000 
-1.0000 
-1.0000 
-1.0000 
-1.0000 
-1.0000 
-1.0000 
-1.0000 
-1.0000 
-1.0000 
-1.0000 
-1.0000 
-1.0000 
-1.0000 
-1.0000 
-1.0000 
-1.0000 
-1.0000 
-1.0000 
-1.0000 
-1.0000 
-1.0000 
-1.0000 
-1.0000 
-1.0000 
-1.0000 
-1.0000 
-1.0000 
-1.0000 
-1.0000 
-1.0000 
-1.0000 
-1.0000 
-1.0000 
-1.0000 
-1.0000 
-1.0000 
-1.0000 
-1.0000 
-1.0000 
-1.0000 
-1.0000 
-1.0000 
-1.0000 
-1.0000 
-1.0000 
-1.0000 
-1.0000 
-1.0000 
-1.0000 
-1.0000 
-1.0000 
-1.0000 
-1.0000 
-1.0000 
-1.0000 
-1.0000 
-1.0000 
-1.0000 
-1.0000 
-1.0000 
-1.0000 
-1.0000 
-1.0000 
-1.0000 
-1.0000 
-1.0000 
-1.0000 
-1.0000 
-1.0000 
-1.0000 
-1.0000 
-1.0000 
-1.0000 
-1.0000 
-1.0000 
-1.0000 
-1.0000 
-1.0000 
-1.0000 
-1.0000 
-1.0000 
-1.0000 
-1.0000 
-1.0000 
-1.0000 
-1.0000 
-1.0000 
-1.0000 
-1.0000 
-1.0000 
-1.0000 
-1.0000 
-1.0000 
-1.0000 
-1.0000 
-1.0000 
-1.0000 
-1.0000 
-1.0000 
-1.0000 
-1.0000 
-1.0000 
-1.0000 
-1.0000 
-1.0000 
-1.0000 
-1.0000 
-1.0000 
-1.0000 
-1.0000 
-1.0000 
-1.0000 
-1.0000 
-1.0000 
-1.0000 
-1.0000 
-1.0000 
-1.0000 
-1.0000 
-1.0000 
-1.0000 
-1.0000 
-1.0000 
-1.0000 
-1.0000 
-1.0000 
-1.0000 
-1.0000 
-1.0000 
-1.0000 
-1.0000 
-1.0000 
-1.0000 
-1.0000 
-1.0000 
-1.0000 
-1.0000 
-1.0000 
-1.0000 
-1.0000 
-1.0000 
-1.0000 
-1.0000 
-1.0000 
-1.0000 
-1.0000 
-1.0000 
-1.0000 
-1.0000 
-1.0000 
-1.0000 
-1.0000 
-1.0000 
-1.0000 
-1.0000 
-1.0000 
-1.0000 
