0.6310 +- -1.00 (1)
0.7593 +- -1.00 (1)
0.5476 +- -1.00 (1)
0.7481 +- -1.00 (1)
0.5616 +- -1.00 (1)
0.6498 +- -1.00 (1)
0.7282 +- -1.00 (1)
0.5028 +- -1.00 (1)
0.4998 +- -1.00 (1)
0.6909 +- -1.00 (1)
0.6057 +- -1.00 (1)
0.6242 +- -1.00 (1)
0.7370 +- -1.00 (1)
0.7002 +- -1.00 (1)
0.6390 +- -1.00 (1)
0.6413 +- -1.00 (1)
0.6770 +- -1.00 (1)
0.5834 +- -1.00 (1)
0.4080 +- -1.00 (1)
0.5865 +- -1.00 (1)
0.7134 +- -1.00 (1)
0.6936 +- -1.00 (1)
0.5712 +- -1.00 (1)
0.5691 +- -1.00 (1)
0.6652 +- -1.00 (1)
0.6126 +- -1.00 (1)
0.7508 +- -1.00 (1)
0.8137 +- -1.00 (1)
0.5926 +- -1.00 (1)
0.7699 +- -1.00 (1)
0.6057 +- -1.00 (1)
0.5618 +- -1.00 (1)
0.6407 +- -1.00 (1)
0.6009 +- -1.00 (1)
0.5407 +- -1.00 (1)
0.6134 +- -1.00 (1)
0.7665 +- -1.00 (1)
0.6280 +- -1.00 (1)
0.7112 +- -1.00 (1)
0.6553 +- -1.00 (1)
0.6722 +- -1.00 (1)
0.6919 +- -1.00 (1)
0.6138 +- -1.00 (1)
0.6069 +- -1.00 (1)
0.6374 +- -1.00 (1)
0.5621 +- -1.00 (1)
0.6530 +- -1.00 (1)
0.7046 +- -1.00 (1)
0.6143 +- -1.00 (1)
0.6301 +- -1.00 (1)
0.6089 +- -1.00 (1)
0.6228 +- -1.00 (1)
0.7012 +- -1.00 (1)
0.6664 +- -1.00 (1)
0.6030 +- -1.00 (1)
0.6574 +- -1.00 (1)
0.6849 +- -1.00 (1)
0.6254 +- -1.00 (1)
0.7094 +- -1.00 (1)
0.6897 +- -1.00 (1)
0.6633 +- -1.00 (1)
0.6538 +- -1.00 (1)
0.6440 +- -1.00 (1)
0.6220 +- -1.00 (1)
0.6690 +- -1.00 (1)
0.5925 +- -1.00 (1)
0.6417 +- -1.00 (1)
0.6631 +- -1.00 (1)
0.6041 +- -1.00 (1)
0.6705 +- -1.00 (1)
0.5915 +- -1.00 (1)
0.6123 +- -1.00 (1)
0.6665 +- -1.00 (1)
0.6561 +- -1.00 (1)
0.6225 +- -1.00 (1)
0.6006 +- -1.00 (1)
0.7104 +- -1.00 (1)
0.6330 +- -1.00 (1)
0.6809 +- -1.00 (1)
0.6594 +- -1.00 (1)
0.6716 +- -1.00 (1)
0.6407 +- -1.00 (1)
0.5660 +- -1.00 (1)
0.6384 +- -1.00 (1)
0.6749 +- -1.00 (1)
0.5561 +- -1.00 (1)
0.6021 +- -1.00 (1)
0.5705 +- -1.00 (1)
0.6082 +- -1.00 (1)
0.6474 +- -1.00 (1)
0.6335 +- -1.00 (1)
0.5797 +- -1.00 (1)
0.6332 +- -1.00 (1)
0.6943 +- -1.00 (1)
0.6315 +- -1.00 (1)
0.5883 +- -1.00 (1)
0.7017 +- -1.00 (1)
0.6675 +- -1.00 (1)
0.6104 +- -1.00 (1)
0.6062 +- -1.00 (1)
0.6212 +- -1.00 (1)
0.6129 +- -1.00 (1)
0.5685 +- -1.00 (1)
0.6164 +- -1.00 (1)
0.5835 +- -1.00 (1)
0.5918 +- -1.00 (1)
0.6307 +- -1.00 (1)
0.6737 +- -1.00 (1)
0.6101 +- -1.00 (1)
0.5671 +- -1.00 (1)
0.6287 +- -1.00 (1)
0.5826 +- -1.00 (1)
0.6064 +- -1.00 (1)
0.6304 +- -1.00 (1)
0.6142 +- -1.00 (1)
0.6146 +- -1.00 (1)
0.6794 +- -1.00 (1)
0.6366 +- -1.00 (1)
0.6126 +- -1.00 (1)
0.5993 +- -1.00 (1)
0.6275 +- -1.00 (1)
0.6288 +- -1.00 (1)
0.5554 +- -1.00 (1)
0.6201 +- -1.00 (1)
0.5767 +- -1.00 (1)
0.5665 +- -1.00 (1)
0.5792 +- -1.00 (1)
0.5924 +- -1.00 (1)
0.5635 +- -1.00 (1)
0.5978 +- -1.00 (1)
0.5879 +- -1.00 (1)
0.5802 +- -1.00 (1)
0.5608 +- -1.00 (1)
0.5800 +- -1.00 (1)
0.5635 +- -1.00 (1)
0.5551 +- -1.00 (1)
0.5925 +- -1.00 (1)
0.6357 +- -1.00 (1)
0.5983 +- -1.00 (1)
0.5627 +- -1.00 (1)
0.5577 +- -1.00 (1)
0.5182 +- -1.00 (1)
0.4715 +- -1.00 (1)
0.4899 +- -1.00 (1)
0.5083 +- -1.00 (1)
0.5175 +- -1.00 (1)
0.5175 +- -1.00 (1)
0.5158 +- -1.00 (1)
0.4456 +- -1.00 (1)
0.5092 +- -1.00 (1)
0.5267 +- -1.00 (1)
0.5169 +- -1.00 (1)
0.4526 +- -1.00 (1)
0.5010 +- -1.00 (1)
0.4900 +- -1.00 (1)
0.5052 +- -1.00 (1)
0.5532 +- -1.00 (1)
0.5529 +- -1.00 (1)
0.5183 +- -1.00 (1)
0.4771 +- -1.00 (1)
0.5148 +- -1.00 (1)
0.5020 +- -1.00 (1)
0.5056 +- -1.00 (1)
0.5130 +- -1.00 (1)
0.5041 +- -1.00 (1)
0.4921 +- -1.00 (1)
0.4947 +- -1.00 (1)
0.4947 +- -1.00 (1)
0.4949 +- -1.00 (1)
0.5029 +- -1.00 (1)
0.5144 +- -1.00 (1)
0.4945 +- -1.00 (1)
0.4733 +- -1.00 (1)
0.5071 +- -1.00 (1)
0.5029 +- -1.00 (1)
0.4819 +- -1.00 (1)
0.4993 +- -1.00 (1)
0.5085 +- -1.00 (1)
0.5075 +- -1.00 (1)
0.4497 +- -1.00 (1)
0.4987 +- -1.00 (1)
0.4752 +- -1.00 (1)
0.4754 +- -1.00 (1)
0.4957 +- -1.00 (1)
0.4947 +- -1.00 (1)
0.4763 +- -1.00 (1)
0.4900 +- -1.00 (1)
0.4612 +- -1.00 (1)
0.4701 +- -1.00 (1)
0.4632 +- -1.00 (1)
0.4974 +- -1.00 (1)
0.5216 +- -1.00 (1)
0.4604 +- -1.00 (1)
0.4816 +- -1.00 (1)
0.4956 +- -1.00 (1)
0.4838 +- -1.00 (1)
0.5017 +- -1.00 (1)
0.4794 +- -1.00 (1)
0.5211 +- -1.00 (1)
0.4677 +- -1.00 (1)
0.4559 +- -1.00 (1)
0.4645 +- -1.00 (1)
0.4827 +- -1.00 (1)
0.4968 +- -1.00 (1)
0.4641 +- -1.00 (1)
0.4752 +- -1.00 (1)
0.4878 +- -1.00 (1)
0.4998 +- -1.00 (1)
0.4905 +- -1.00 (1)
0.4538 +- -1.00 (1)
0.4982 +- -1.00 (1)
0.4662 +- -1.00 (1)
0.4699 +- -1.00 (1)
0.4587 +- -1.00 (1)
0.4779 +- -1.00 (1)
0.4734 +- -1.00 (1)
0.5164 +- -1.00 (1)
0.5000 +- -1.00 (1)
0.4935 +- -1.00 (1)
0.4631 +- -1.00 (1)
0.4824 +- -1.00 (1)
0.4720 +- -1.00 (1)
0.4732 +- -1.00 (1)
0.4832 +- -1.00 (1)
0.4716 +- -1.00 (1)
0.4447 +- -1.00 (1)
0.4969 +- -1.00 (1)
0.4678 +- -1.00 (1)
0.4851 +- -1.00 (1)
0.4196 +- -1.00 (1)
0.4511 +- -1.00 (1)
0.4698 +- -1.00 (1)
0.4681 +- -1.00 (1)
0.4731 +- -1.00 (1)
0.4654 +- -1.00 (1)
0.4903 +- -1.00 (1)
0.4795 +- -1.00 (1)
0.4546 +- -1.00 (1)
0.5148 +- -1.00 (1)
0.4526 +- -1.00 (1)
0.4752 +- -1.00 (1)
0.4410 +- -1.00 (1)
0.4688 +- -1.00 (1)
0.4692 +- -1.00 (1)
0.4679 +- -1.00 (1)
0.4522 +- -1.00 (1)
0.4975 +- -1.00 (1)
0.4502 +- -1.00 (1)
0.4592 +- -1.00 (1)
0.4311 +- -1.00 (1)
0.4646 +- -1.00 (1)
0.4910 +- -1.00 (1)
0.4388 +- -1.00 (1)
0.4440 +- -1.00 (1)
0.4362 +- -1.00 (1)
0.4633 +- -1.00 (1)
0.4786 +- -1.00 (1)
0.4633 +- -1.00 (1)
0.4877 +- -1.00 (1)
0.4511 +- -1.00 (1)
0.4982 +- -1.00 (1)
0.4476 +- -1.00 (1)
0.4492 +- -1.00 (1)
0.4644 +- -1.00 (1)
0.4538 +- -1.00 (1)
0.4481 +- -1.00 (1)
0.4858 +- -1.00 (1)
0.4622 +- -1.00 (1)
0.4779 +- -1.00 (1)
0.4420 +- -1.00 (1)
0.4385 +- -1.00 (1)
0.4670 +- -1.00 (1)
0.4518 +- -1.00 (1)
0.4378 +- -1.00 (1)
0.4417 +- -1.00 (1)
0.5009 +- -1.00 (1)
0.4706 +- -1.00 (1)
0.4684 +- -1.00 (1)
0.4235 +- -1.00 (1)
0.4478 +- -1.00 (1)
0.4497 +- -1.00 (1)
0.4435 +- -1.00 (1)
0.4408 +- -1.00 (1)
0.4469 +- -1.00 (1)
0.4195 +- -1.00 (1)
0.4302 +- -1.00 (1)
0.4327 +- -1.00 (1)
0.4600 +- -1.00 (1)
0.4797 +- -1.00 (1)
0.4465 +- -1.00 (1)
0.4425 +- -1.00 (1)
0.4719 +- -1.00 (1)
0.4766 +- -1.00 (1)
0.4548 +- -1.00 (1)
0.4284 +- -1.00 (1)
0.4689 +- -1.00 (1)
0.4689 +- -1.00 (1)
0.4406 +- -1.00 (1)
0.4397 +- -1.00 (1)
0.4278 +- -1.00 (1)
0.6309 +- -1.00 (1)
0.7645 +- -1.00 (1)
0.3411 +- -1.00 (1)
0.7481 +- -1.00 (1)
0.5615 +- -1.00 (1)
0.6531 +- -1.00 (1)
0.6814 +- -1.00 (1)
0.6252 +- -1.00 (1)
0.5248 +- -1.00 (1)
0.6173 +- -1.00 (1)
0.6132 +- -1.00 (1)
0.6249 +- -1.00 (1)
0.7345 +- -1.00 (1)
0.7622 +- -1.00 (1)
0.3968 +- -1.00 (1)
0.6295 +- -1.00 (1)
0.5156 +- -1.00 (1)
0.6366 +- -1.00 (1)
0.5554 +- -1.00 (1)
0.5808 +- -1.00 (1)
0.5513 +- -1.00 (1)
0.6955 +- -1.00 (1)
0.6263 +- -1.00 (1)
0.7326 +- -1.00 (1)
0.6693 +- -1.00 (1)
0.6248 +- -1.00 (1)
0.7589 +- -1.00 (1)
0.7189 +- -1.00 (1)
0.5840 +- -1.00 (1)
0.6028 +- -1.00 (1)
0.6072 +- -1.00 (1)
0.5396 +- -1.00 (1)
0.6881 +- -1.00 (1)
0.6650 +- -1.00 (1)
0.4445 +- -1.00 (1)
0.6103 +- -1.00 (1)
0.5961 +- -1.00 (1)
0.6278 +- -1.00 (1)
0.7118 +- -1.00 (1)
0.6607 +- -1.00 (1)
0.6662 +- -1.00 (1)
0.7012 +- -1.00 (1)
0.6126 +- -1.00 (1)
0.7005 +- -1.00 (1)
0.6517 +- -1.00 (1)
0.5858 +- -1.00 (1)
0.6529 +- -1.00 (1)
0.7093 +- -1.00 (1)
0.5785 +- -1.00 (1)
0.6449 +- -1.00 (1)
0.5967 +- -1.00 (1)
0.6029 +- -1.00 (1)
0.6750 +- -1.00 (1)
0.6923 +- -1.00 (1)
0.5766 +- -1.00 (1)
0.6010 +- -1.00 (1)
0.6424 +- -1.00 (1)
0.6259 +- -1.00 (1)
0.7094 +- -1.00 (1)
0.6656 +- -1.00 (1)
0.6458 +- -1.00 (1)
0.6699 +- -1.00 (1)
0.6229 +- -1.00 (1)
0.6235 +- -1.00 (1)
0.6724 +- -1.00 (1)
0.5897 +- -1.00 (1)
0.6173 +- -1.00 (1)
0.6517 +- -1.00 (1)
0.5852 +- -1.00 (1)
0.6939 +- -1.00 (1)
0.5918 +- -1.00 (1)
0.6046 +- -1.00 (1)
0.6877 +- -1.00 (1)
0.6687 +- -1.00 (1)
0.6221 +- -1.00 (1)
0.6095 +- -1.00 (1)
0.6940 +- -1.00 (1)
0.5840 +- -1.00 (1)
0.6765 +- -1.00 (1)
0.6719 +- -1.00 (1)
0.6805 +- -1.00 (1)
0.6365 +- -1.00 (1)
0.5751 +- -1.00 (1)
0.6235 +- -1.00 (1)
0.6628 +- -1.00 (1)
0.5862 +- -1.00 (1)
0.6099 +- -1.00 (1)
0.6318 +- -1.00 (1)
0.6004 +- -1.00 (1)
0.6129 +- -1.00 (1)
0.6031 +- -1.00 (1)
0.5591 +- -1.00 (1)
0.6348 +- -1.00 (1)
0.6722 +- -1.00 (1)
0.5790 +- -1.00 (1)
0.5944 +- -1.00 (1)
0.7111 +- -1.00 (1)
0.6615 +- -1.00 (1)
0.6239 +- -1.00 (1)
0.6611 +- -1.00 (1)
0.6635 +- -1.00 (1)
0.6144 +- -1.00 (1)
0.5689 +- -1.00 (1)
0.6622 +- -1.00 (1)
0.5842 +- -1.00 (1)
0.5862 +- -1.00 (1)
0.6244 +- -1.00 (1)
0.6220 +- -1.00 (1)
0.6057 +- -1.00 (1)
0.6438 +- -1.00 (1)
0.6138 +- -1.00 (1)
0.5664 +- -1.00 (1)
0.6029 +- -1.00 (1)
0.6042 +- -1.00 (1)
0.6042 +- -1.00 (1)
0.6175 +- -1.00 (1)
0.6835 +- -1.00 (1)
0.6349 +- -1.00 (1)
0.6055 +- -1.00 (1)
0.6092 +- -1.00 (1)
0.6380 +- -1.00 (1)
0.6052 +- -1.00 (1)
0.5641 +- -1.00 (1)
0.6011 +- -1.00 (1)
0.6097 +- -1.00 (1)
0.5623 +- -1.00 (1)
0.6012 +- -1.00 (1)
0.6032 +- -1.00 (1)
0.5558 +- -1.00 (1)
0.5894 +- -1.00 (1)
0.5924 +- -1.00 (1)
0.6007 +- -1.00 (1)
0.5624 +- -1.00 (1)
0.5640 +- -1.00 (1)
0.5549 +- -1.00 (1)
0.5544 +- -1.00 (1)
0.6066 +- -1.00 (1)
0.6115 +- -1.00 (1)
0.6121 +- -1.00 (1)
0.5445 +- -1.00 (1)
0.5299 +- -1.00 (1)
0.5024 +- -1.00 (1)
0.4712 +- -1.00 (1)
0.5019 +- -1.00 (1)
0.5344 +- -1.00 (1)
0.4943 +- -1.00 (1)
0.5126 +- -1.00 (1)
0.5262 +- -1.00 (1)
0.4742 +- -1.00 (1)
0.5557 +- -1.00 (1)
0.5251 +- -1.00 (1)
0.5114 +- -1.00 (1)
0.4696 +- -1.00 (1)
0.5064 +- -1.00 (1)
0.5291 +- -1.00 (1)
0.5035 +- -1.00 (1)
0.5922 +- -1.00 (1)
0.5345 +- -1.00 (1)
0.5449 +- -1.00 (1)
0.4802 +- -1.00 (1)
0.5024 +- -1.00 (1)
0.4865 +- -1.00 (1)
0.5024 +- -1.00 (1)
0.5109 +- -1.00 (1)
0.4833 +- -1.00 (1)
0.4855 +- -1.00 (1)
0.4913 +- -1.00 (1)
0.5059 +- -1.00 (1)
0.5076 +- -1.00 (1)
0.5284 +- -1.00 (1)
0.5030 +- -1.00 (1)
0.4995 +- -1.00 (1)
0.4718 +- -1.00 (1)
0.4650 +- -1.00 (1)
0.5325 +- -1.00 (1)
0.4756 +- -1.00 (1)
0.5099 +- -1.00 (1)
0.4912 +- -1.00 (1)
0.4859 +- -1.00 (1)
0.4641 +- -1.00 (1)
0.4968 +- -1.00 (1)
0.4682 +- -1.00 (1)
0.4839 +- -1.00 (1)
0.5121 +- -1.00 (1)
0.5036 +- -1.00 (1)
0.4621 +- -1.00 (1)
0.4987 +- -1.00 (1)
0.4762 +- -1.00 (1)
0.4645 +- -1.00 (1)
0.4965 +- -1.00 (1)
0.4592 +- -1.00 (1)
0.5030 +- -1.00 (1)
0.4436 +- -1.00 (1)
0.4775 +- -1.00 (1)
0.4970 +- -1.00 (1)
0.4908 +- -1.00 (1)
0.4864 +- -1.00 (1)
0.4874 +- -1.00 (1)
0.5378 +- -1.00 (1)
0.4645 +- -1.00 (1)
0.4973 +- -1.00 (1)
0.4630 +- -1.00 (1)
0.4938 +- -1.00 (1)
0.4700 +- -1.00 (1)
0.4717 +- -1.00 (1)
0.4755 +- -1.00 (1)
0.5361 +- -1.00 (1)
0.4968 +- -1.00 (1)
0.4939 +- -1.00 (1)
0.4665 +- -1.00 (1)
0.5052 +- -1.00 (1)
0.4725 +- -1.00 (1)
0.4593 +- -1.00 (1)
0.4747 +- -1.00 (1)
0.4867 +- -1.00 (1)
0.4787 +- -1.00 (1)
0.4936 +- -1.00 (1)
0.5022 +- -1.00 (1)
0.5059 +- -1.00 (1)
0.4773 +- -1.00 (1)
0.4790 +- -1.00 (1)
0.4789 +- -1.00 (1)
0.4626 +- -1.00 (1)
0.4898 +- -1.00 (1)
0.4711 +- -1.00 (1)
0.4696 +- -1.00 (1)
0.5051 +- -1.00 (1)
0.4841 +- -1.00 (1)
0.4920 +- -1.00 (1)
0.4282 +- -1.00 (1)
0.4585 +- -1.00 (1)
0.4893 +- -1.00 (1)
0.4645 +- -1.00 (1)
0.4836 +- -1.00 (1)
0.4850 +- -1.00 (1)
0.4819 +- -1.00 (1)
0.4809 +- -1.00 (1)
0.4498 +- -1.00 (1)
0.5091 +- -1.00 (1)
0.4616 +- -1.00 (1)
0.4668 +- -1.00 (1)
0.4508 +- -1.00 (1)
0.4534 +- -1.00 (1)
0.4675 +- -1.00 (1)
0.4525 +- -1.00 (1)
0.4469 +- -1.00 (1)
0.5046 +- -1.00 (1)
0.4613 +- -1.00 (1)
0.4589 +- -1.00 (1)
0.4437 +- -1.00 (1)
0.4693 +- -1.00 (1)
0.4793 +- -1.00 (1)
0.4649 +- -1.00 (1)
0.4558 +- -1.00 (1)
0.4473 +- -1.00 (1)
0.4646 +- -1.00 (1)
0.4638 +- -1.00 (1)
0.4725 +- -1.00 (1)
0.4702 +- -1.00 (1)
0.4500 +- -1.00 (1)
0.4843 +- -1.00 (1)
0.4589 +- -1.00 (1)
0.4592 +- -1.00 (1)
0.4652 +- -1.00 (1)
0.4578 +- -1.00 (1)
0.4519 +- -1.00 (1)
0.4693 +- -1.00 (1)
0.4423 +- -1.00 (1)
0.4841 +- -1.00 (1)
0.4541 +- -1.00 (1)
0.4393 +- -1.00 (1)
0.4772 +- -1.00 (1)
0.4392 +- -1.00 (1)
0.4492 +- -1.00 (1)
0.4469 +- -1.00 (1)
0.4530 +- -1.00 (1)
0.4623 +- -1.00 (1)
0.4642 +- -1.00 (1)
0.4229 +- -1.00 (1)
0.4349 +- -1.00 (1)
0.4716 +- -1.00 (1)
0.4421 +- -1.00 (1)
0.4394 +- -1.00 (1)
0.4506 +- -1.00 (1)
0.4305 +- -1.00 (1)
0.4423 +- -1.00 (1)
0.4545 +- -1.00 (1)
0.4492 +- -1.00 (1)
0.4907 +- -1.00 (1)
0.4317 +- -1.00 (1)
0.4394 +- -1.00 (1)
0.4832 +- -1.00 (1)
0.4532 +- -1.00 (1)
0.4255 +- -1.00 (1)
0.4233 +- -1.00 (1)
0.4531 +- -1.00 (1)
0.4820 +- -1.00 (1)
0.4488 +- -1.00 (1)
0.4473 +- -1.00 (1)
0.4445 +- -1.00 (1)
0.6269 +- -1.00 (1)
0.4491 +- -1.00 (1)
0.5481 +- -1.00 (1)
0.7480 +- -1.00 (1)
0.4815 +- -1.00 (1)
0.6527 +- -1.00 (1)
0.6820 +- -1.00 (1)
0.6251 +- -1.00 (1)
0.3491 +- -1.00 (1)
0.6941 +- -1.00 (1)
0.5588 +- -1.00 (1)
0.6297 +- -1.00 (1)
0.7355 +- -1.00 (1)
0.7117 +- -1.00 (1)
0.5069 +- -1.00 (1)
0.6456 +- -1.00 (1)
0.5321 +- -1.00 (1)
0.6270 +- -1.00 (1)
0.4212 +- -1.00 (1)
0.4052 +- -1.00 (1)
0.7134 +- -1.00 (1)
0.6934 +- -1.00 (1)
0.6297 +- -1.00 (1)
0.7325 +- -1.00 (1)
0.6839 +- -1.00 (1)
0.6275 +- -1.00 (1)
0.6824 +- -1.00 (1)
0.7967 +- -1.00 (1)
0.5810 +- -1.00 (1)
0.3670 +- -1.00 (1)
0.6024 +- -1.00 (1)
0.5223 +- -1.00 (1)
0.6799 +- -1.00 (1)
0.6598 +- -1.00 (1)
0.5417 +- -1.00 (1)
0.4054 +- -1.00 (1)
0.7498 +- -1.00 (1)
0.6278 +- -1.00 (1)
0.7117 +- -1.00 (1)
0.6726 +- -1.00 (1)
0.6575 +- -1.00 (1)
0.5973 +- -1.00 (1)
0.6022 +- -1.00 (1)
0.7122 +- -1.00 (1)
0.6513 +- -1.00 (1)
0.5478 +- -1.00 (1)
0.6715 +- -1.00 (1)
0.7067 +- -1.00 (1)
0.6143 +- -1.00 (1)
0.6327 +- -1.00 (1)
0.6088 +- -1.00 (1)
0.5956 +- -1.00 (1)
0.6416 +- -1.00 (1)
0.6471 +- -1.00 (1)
0.5992 +- -1.00 (1)
0.6660 +- -1.00 (1)
0.7134 +- -1.00 (1)
0.6256 +- -1.00 (1)
0.6969 +- -1.00 (1)
0.6896 +- -1.00 (1)
0.6582 +- -1.00 (1)
0.6745 +- -1.00 (1)
0.4943 +- -1.00 (1)
0.6006 +- -1.00 (1)
0.6503 +- -1.00 (1)
0.5578 +- -1.00 (1)
0.6392 +- -1.00 (1)
0.6572 +- -1.00 (1)
0.6612 +- -1.00 (1)
0.6733 +- -1.00 (1)
0.6193 +- -1.00 (1)
0.6093 +- -1.00 (1)
0.6860 +- -1.00 (1)
0.5807 +- -1.00 (1)
0.6036 +- -1.00 (1)
0.6152 +- -1.00 (1)
0.7235 +- -1.00 (1)
0.6359 +- -1.00 (1)
0.6325 +- -1.00 (1)
0.6961 +- -1.00 (1)
0.6490 +- -1.00 (1)
0.5570 +- -1.00 (1)
0.5748 +- -1.00 (1)
0.6140 +- -1.00 (1)
0.6145 +- -1.00 (1)
0.5035 +- -1.00 (1)
0.6190 +- -1.00 (1)
0.6208 +- -1.00 (1)
0.5966 +- -1.00 (1)
0.6200 +- -1.00 (1)
0.6370 +- -1.00 (1)
0.5641 +- -1.00 (1)
0.5597 +- -1.00 (1)
0.7068 +- -1.00 (1)
0.6284 +- -1.00 (1)
0.5988 +- -1.00 (1)
0.6876 +- -1.00 (1)
0.6523 +- -1.00 (1)
0.5721 +- -1.00 (1)
0.5835 +- -1.00 (1)
0.6674 +- -1.00 (1)
0.6561 +- -1.00 (1)
0.5953 +- -1.00 (1)
0.6409 +- -1.00 (1)
0.5853 +- -1.00 (1)
0.5484 +- -1.00 (1)
0.5907 +- -1.00 (1)
0.6655 +- -1.00 (1)
0.5799 +- -1.00 (1)
0.6124 +- -1.00 (1)
0.5648 +- -1.00 (1)
0.5899 +- -1.00 (1)
0.5882 +- -1.00 (1)
0.6493 +- -1.00 (1)
0.5971 +- -1.00 (1)
0.6265 +- -1.00 (1)
0.6039 +- -1.00 (1)
0.6469 +- -1.00 (1)
0.5614 +- -1.00 (1)
0.6209 +- -1.00 (1)
0.6498 +- -1.00 (1)
0.5879 +- -1.00 (1)
0.5003 +- -1.00 (1)
0.5851 +- -1.00 (1)
0.5980 +- -1.00 (1)
0.5575 +- -1.00 (1)
0.5838 +- -1.00 (1)
0.5664 +- -1.00 (1)
0.5243 +- -1.00 (1)
0.5531 +- -1.00 (1)
0.6241 +- -1.00 (1)
0.6171 +- -1.00 (1)
0.5691 +- -1.00 (1)
0.5611 +- -1.00 (1)
0.5562 +- -1.00 (1)
0.5675 +- -1.00 (1)
0.6295 +- -1.00 (1)
0.6024 +- -1.00 (1)
0.6073 +- -1.00 (1)
0.5578 +- -1.00 (1)
0.5839 +- -1.00 (1)
0.5100 +- -1.00 (1)
0.4541 +- -1.00 (1)
0.4862 +- -1.00 (1)
0.5300 +- -1.00 (1)
0.4992 +- -1.00 (1)
0.5172 +- -1.00 (1)
0.5229 +- -1.00 (1)
0.4669 +- -1.00 (1)
0.3628 +- -1.00 (1)
0.5072 +- -1.00 (1)
0.5349 +- -1.00 (1)
0.4754 +- -1.00 (1)
0.5067 +- -1.00 (1)
0.4602 +- -1.00 (1)
0.4777 +- -1.00 (1)
0.5560 +- -1.00 (1)
0.5571 +- -1.00 (1)
0.5305 +- -1.00 (1)
0.4581 +- -1.00 (1)
0.5066 +- -1.00 (1)
0.5066 +- -1.00 (1)
0.4882 +- -1.00 (1)
0.5088 +- -1.00 (1)
0.4998 +- -1.00 (1)
0.5104 +- -1.00 (1)
0.4927 +- -1.00 (1)
0.5046 +- -1.00 (1)
0.4935 +- -1.00 (1)
0.5195 +- -1.00 (1)
0.3819 +- -1.00 (1)
0.4907 +- -1.00 (1)
0.4875 +- -1.00 (1)
0.4311 +- -1.00 (1)
0.5196 +- -1.00 (1)
0.4991 +- -1.00 (1)
0.4983 +- -1.00 (1)
0.4753 +- -1.00 (1)
0.5043 +- -1.00 (1)
0.4513 +- -1.00 (1)
0.5002 +- -1.00 (1)
0.4774 +- -1.00 (1)
0.4823 +- -1.00 (1)
0.5122 +- -1.00 (1)
0.4875 +- -1.00 (1)
0.4675 +- -1.00 (1)
0.4908 +- -1.00 (1)
0.4640 +- -1.00 (1)
0.4664 +- -1.00 (1)
0.4690 +- -1.00 (1)
0.4750 +- -1.00 (1)
0.5377 +- -1.00 (1)
0.4621 +- -1.00 (1)
0.5113 +- -1.00 (1)
0.4839 +- -1.00 (1)
0.4794 +- -1.00 (1)
0.4762 +- -1.00 (1)
0.4650 +- -1.00 (1)
0.5043 +- -1.00 (1)
0.4672 +- -1.00 (1)
0.4685 +- -1.00 (1)
0.4665 +- -1.00 (1)
0.4833 +- -1.00 (1)
0.4586 +- -1.00 (1)
0.4701 +- -1.00 (1)
0.4993 +- -1.00 (1)
0.4920 +- -1.00 (1)
0.4923 +- -1.00 (1)
0.5037 +- -1.00 (1)
0.4552 +- -1.00 (1)
0.4776 +- -1.00 (1)
0.4773 +- -1.00 (1)
0.4306 +- -1.00 (1)
0.4589 +- -1.00 (1)
0.4881 +- -1.00 (1)
0.4750 +- -1.00 (1)
0.4935 +- -1.00 (1)
0.4667 +- -1.00 (1)
0.4923 +- -1.00 (1)
0.4560 +- -1.00 (1)
0.4651 +- -1.00 (1)
0.4941 +- -1.00 (1)
0.4586 +- -1.00 (1)
0.4824 +- -1.00 (1)
0.4664 +- -1.00 (1)
0.4733 +- -1.00 (1)
0.4927 +- -1.00 (1)
0.4612 +- -1.00 (1)
0.4886 +- -1.00 (1)
0.4311 +- -1.00 (1)
0.4708 +- -1.00 (1)
0.4783 +- -1.00 (1)
0.4597 +- -1.00 (1)
0.5115 +- -1.00 (1)
0.4931 +- -1.00 (1)
0.4909 +- -1.00 (1)
0.4995 +- -1.00 (1)
0.4654 +- -1.00 (1)
0.5225 +- -1.00 (1)
0.4605 +- -1.00 (1)
0.4601 +- -1.00 (1)
0.4579 +- -1.00 (1)
0.4539 +- -1.00 (1)
0.4778 +- -1.00 (1)
0.4588 +- -1.00 (1)
0.4693 +- -1.00 (1)
0.5013 +- -1.00 (1)
0.4531 +- -1.00 (1)
0.4605 +- -1.00 (1)
0.4377 +- -1.00 (1)
0.4713 +- -1.00 (1)
0.4909 +- -1.00 (1)
0.4462 +- -1.00 (1)
0.4763 +- -1.00 (1)
0.4583 +- -1.00 (1)
0.4701 +- -1.00 (1)
0.4729 +- -1.00 (1)
0.4860 +- -1.00 (1)
0.4821 +- -1.00 (1)
0.4530 +- -1.00 (1)
0.5139 +- -1.00 (1)
0.4571 +- -1.00 (1)
0.4436 +- -1.00 (1)
0.4608 +- -1.00 (1)
0.4188 +- -1.00 (1)
0.4597 +- -1.00 (1)
0.4817 +- -1.00 (1)
0.4475 +- -1.00 (1)
0.4786 +- -1.00 (1)
0.4349 +- -1.00 (1)
0.4353 +- -1.00 (1)
0.4454 +- -1.00 (1)
0.4750 +- -1.00 (1)
0.4409 +- -1.00 (1)
0.4599 +- -1.00 (1)
0.4679 +- -1.00 (1)
0.4991 +- -1.00 (1)
0.4755 +- -1.00 (1)
0.4366 +- -1.00 (1)
0.4347 +- -1.00 (1)
0.4743 +- -1.00 (1)
0.4405 +- -1.00 (1)
0.4699 +- -1.00 (1)
0.4697 +- -1.00 (1)
0.4373 +- -1.00 (1)
0.4384 +- -1.00 (1)
0.4387 +- -1.00 (1)
0.4403 +- -1.00 (1)
0.4843 +- -1.00 (1)
0.4459 +- -1.00 (1)
0.4638 +- -1.00 (1)
0.4864 +- -1.00 (1)
0.4576 +- -1.00 (1)
0.4456 +- -1.00 (1)
0.4408 +- -1.00 (1)
0.4551 +- -1.00 (1)
0.4696 +- -1.00 (1)
0.4472 +- -1.00 (1)
0.4518 +- -1.00 (1)
0.4273 +- -1.00 (1)
nan +- -1.00 (0)
nan +- -1.00 (0)
nan +- -1.00 (0)
nan +- -1.00 (0)
nan +- -1.00 (0)
nan +- -1.00 (0)
nan +- -1.00 (0)
nan +- -1.00 (0)
nan +- -1.00 (0)
nan +- -1.00 (0)
nan +- -1.00 (0)
nan +- -1.00 (0)
nan +- -1.00 (0)
nan +- -1.00 (0)
nan +- -1.00 (0)
nan +- -1.00 (0)
nan +- -1.00 (0)
nan +- -1.00 (0)
nan +- -1.00 (0)
nan +- -1.00 (0)
nan +- -1.00 (0)
nan +- -1.00 (0)
nan +- -1.00 (0)
nan +- -1.00 (0)
nan +- -1.00 (0)
nan +- -1.00 (0)
nan +- -1.00 (0)
nan +- -1.00 (0)
nan +- -1.00 (0)
nan +- -1.00 (0)
nan +- -1.00 (0)
nan +- -1.00 (0)
nan +- -1.00 (0)
nan +- -1.00 (0)
nan +- -1.00 (0)
nan +- -1.00 (0)
nan +- -1.00 (0)
nan +- -1.00 (0)
nan +- -1.00 (0)
nan +- -1.00 (0)
nan +- -1.00 (0)
nan +- -1.00 (0)
nan +- -1.00 (0)
nan +- -1.00 (0)
nan +- -1.00 (0)
nan +- -1.00 (0)
nan +- -1.00 (0)
nan +- -1.00 (0)
nan +- -1.00 (0)
nan +- -1.00 (0)
nan +- -1.00 (0)
nan +- -1.00 (0)
nan +- -1.00 (0)
nan +- -1.00 (0)
nan +- -1.00 (0)
nan +- -1.00 (0)
nan +- -1.00 (0)
nan +- -1.00 (0)
nan +- -1.00 (0)
nan +- -1.00 (0)
nan +- -1.00 (0)
nan +- -1.00 (0)
nan +- -1.00 (0)
nan +- -1.00 (0)
nan +- -1.00 (0)
nan +- -1.00 (0)
nan +- -1.00 (0)
nan +- -1.00 (0)
nan +- -1.00 (0)
nan +- -1.00 (0)
nan +- -1.00 (0)
nan +- -1.00 (0)
nan +- -1.00 (0)
nan +- -1.00 (0)
nan +- -1.00 (0)
nan +- -1.00 (0)
nan +- -1.00 (0)
nan +- -1.00 (0)
nan +- -1.00 (0)
nan +- -1.00 (0)
nan +- -1.00 (0)
nan +- -1.00 (0)
nan +- -1.00 (0)
nan +- -1.00 (0)
nan +- -1.00 (0)
nan +- -1.00 (0)
nan +- -1.00 (0)
nan +- -1.00 (0)
nan +- -1.00 (0)
nan +- -1.00 (0)
nan +- -1.00 (0)
nan +- -1.00 (0)
nan +- -1.00 (0)
nan +- -1.00 (0)
nan +- -1.00 (0)
nan +- -1.00 (0)
nan +- -1.00 (0)
nan +- -1.00 (0)
nan +- -1.00 (0)
nan +- -1.00 (0)
nan +- -1.00 (0)
nan +- -1.00 (0)
nan +- -1.00 (0)
nan +- -1.00 (0)
nan +- -1.00 (0)
nan +- -1.00 (0)
nan +- -1.00 (0)
nan +- -1.00 (0)
nan +- -1.00 (0)
nan +- -1.00 (0)
nan +- -1.00 (0)
nan +- -1.00 (0)
nan +- -1.00 (0)
nan +- -1.00 (0)
nan +- -1.00 (0)
nan +- -1.00 (0)
nan +- -1.00 (0)
nan +- -1.00 (0)
nan +- -1.00 (0)
nan +- -1.00 (0)
nan +- -1.00 (0)
nan +- -1.00 (0)
nan +- -1.00 (0)
nan +- -1.00 (0)
nan +- -1.00 (0)
nan +- -1.00 (0)
nan +- -1.00 (0)
nan +- -1.00 (0)
nan +- -1.00 (0)
nan +- -1.00 (0)
nan +- -1.00 (0)
nan +- -1.00 (0)
nan +- -1.00 (0)
nan +- -1.00 (0)
nan +- -1.00 (0)
nan +- -1.00 (0)
nan +- -1.00 (0)
nan +- -1.00 (0)
nan +- -1.00 (0)
nan +- -1.00 (0)
nan +- -1.00 (0)
nan +- -1.00 (0)
nan +- -1.00 (0)
nan +- -1.00 (0)
nan +- -1.00 (0)
nan +- -1.00 (0)
nan +- -1.00 (0)
nan +- -1.00 (0)
nan +- -1.00 (0)
nan +- -1.00 (0)
nan +- -1.00 (0)
nan +- -1.00 (0)
nan +- -1.00 (0)
nan +- -1.00 (0)
nan +- -1.00 (0)
nan +- -1.00 (0)
nan +- -1.00 (0)
nan +- -1.00 (0)
nan +- -1.00 (0)
nan +- -1.00 (0)
nan +- -1.00 (0)
nan +- -1.00 (0)
nan +- -1.00 (0)
nan +- -1.00 (0)
nan +- -1.00 (0)
nan +- -1.00 (0)
nan +- -1.00 (0)
nan +- -1.00 (0)
nan +- -1.00 (0)
nan +- -1.00 (0)
nan +- -1.00 (0)
nan +- -1.00 (0)
nan +- -1.00 (0)
nan +- -1.00 (0)
nan +- -1.00 (0)
nan +- -1.00 (0)
nan +- -1.00 (0)
nan +- -1.00 (0)
nan +- -1.00 (0)
nan +- -1.00 (0)
nan +- -1.00 (0)
nan +- -1.00 (0)
nan +- -1.00 (0)
nan +- -1.00 (0)
nan +- -1.00 (0)
nan +- -1.00 (0)
nan +- -1.00 (0)
nan +- -1.00 (0)
nan +- -1.00 (0)
nan +- -1.00 (0)
nan +- -1.00 (0)
nan +- -1.00 (0)
nan +- -1.00 (0)
nan +- -1.00 (0)
nan +- -1.00 (0)
nan +- -1.00 (0)
nan +- -1.00 (0)
nan +- -1.00 (0)
nan +- -1.00 (0)
nan +- -1.00 (0)
