0.0004 +- -1.00 (1)
0.0000 +- -1.00 (1)
0.0000 +- -1.00 (1)
0.0084 +- -1.00 (1)
0.0212 +- -1.00 (1)
0.0100 +- -1.00 (1)
0.0165 +- -1.00 (1)
0.0111 +- -1.00 (1)
0.0091 +- -1.00 (1)
0.0007 +- -1.00 (1)
0.0104 +- -1.00 (1)
0.0000 +- -1.00 (1)
0.0430 +- -1.00 (1)
0.0403 +- -1.00 (1)
0.0520 +- -1.00 (1)
0.0070 +- -1.00 (1)
0.0499 +- -1.00 (1)
0.0196 +- -1.00 (1)
0.0025 +- -1.00 (1)
0.0118 +- -1.00 (1)
0.0049 +- -1.00 (1)
0.0239 +- -1.00 (1)
0.0144 +- -1.00 (1)
0.0002 +- -1.00 (1)
0.0017 +- -1.00 (1)
0.0116 +- -1.00 (1)
0.0286 +- -1.00 (1)
