0.5513 
0.7474 
0.5775 
0.6261 
0.5868 
0.5705 
0.9293 
0.7119 
0.5266 
0.6815 
0.6792 
0.8649 
0.7661 
0.7184 
0.7226 
0.6685 
0.8917 
0.5512 
0.6154 
0.5197 
0.9101 
0.8742 
0.7616 
0.9532 
0.7141 
0.6120 
0.9202 
0.9174 
0.7377 
0.7441 
0.6155 
0.7277 
0.7224 
0.7786 
0.8101 
0.5737 
0.9444 
0.7507 
0.7412 
0.7602 
0.6464 
0.6838 
0.6816 
0.7628 
0.8049 
0.7795 
0.7535 
0.7742 
0.7597 
0.7753 
0.7782 
0.7722 
0.7902 
0.7512 
0.6370 
0.9316 
0.7977 
0.7747 
0.6921 
0.6997 
0.6949 
0.8870 
0.7206 
0.7313 
0.6787 
0.7702 
0.7726 
0.8467 
0.7070 
0.8066 
0.7547 
0.6047 
0.6660 
0.8243 
0.6451 
0.7033 
0.7219 
0.7657 
0.7575 
0.7461 
0.8829 
0.8354 
0.8329 
0.9130 
0.8593 
0.6297 
0.6891 
0.6908 
0.8236 
0.7414 
0.7790 
0.6982 
0.7750 
0.8531 
0.6313 
0.7039 
0.7868 
0.7787 
0.7650 
0.7152 
0.7105 
0.7133 
0.7425 
0.8134 
0.7697 
0.6954 
0.8557 
0.8245 
0.6972 
0.7562 
0.7862 
0.7381 
0.7851 
0.8099 
0.7221 
0.8688 
0.7388 
0.8875 
0.7786 
0.7630 
0.7163 
0.8140 
0.7701 
0.8162 
0.7789 
0.8804 
0.7543 
0.7285 
0.8022 
0.7300 
0.7403 
0.8222 
0.8387 
0.7418 
0.7787 
0.7203 
0.7747 
0.7028 
0.7741 
0.7045 
0.7546 
0.7718 
0.7802 
0.7454 
0.7931 
0.6952 
0.7040 
0.6831 
0.7441 
0.8164 
0.7306 
0.7317 
0.8111 
0.7426 
0.7752 
0.7323 
0.7533 
0.7255 
0.7723 
0.7403 
0.7819 
0.7351 
0.7630 
0.7537 
0.7168 
0.7408 
0.7689 
0.6617 
0.7550 
0.6825 
0.7668 
0.7620 
0.7372 
0.7460 
0.7008 
0.6923 
0.7347 
0.7131 
0.7904 
0.7400 
0.7885 
0.7177 
0.6723 
0.7783 
0.7502 
0.6824 
0.7350 
0.7356 
0.7453 
0.6969 
0.7349 
0.6946 
0.7218 
0.7613 
0.6867 
0.7458 
0.7076 
0.7827 
0.7245 
0.7826 
0.7119 
0.7529 
0.6866 
0.7573 
0.7346 
0.6943 
0.7349 
0.6957 
0.7492 
0.7028 
0.7485 
0.7658 
0.7130 
0.7361 
0.7323 
0.7360 
0.7311 
0.7388 
0.7566 
0.7249 
0.7857 
0.7409 
0.7762 
0.7522 
0.7377 
0.7007 
0.7906 
0.7483 
0.7228 
0.7846 
0.7617 
0.7804 
0.7453 
0.7626 
0.6962 
0.7346 
0.7636 
0.7750 
0.7472 
0.7270 
0.6956 
0.7880 
0.7224 
0.7524 
0.6991 
0.7342 
0.7287 
0.7128 
0.7160 
0.7455 
0.7327 
0.7632 
0.7416 
0.7596 
0.7379 
0.7040 
0.7855 
0.7444 
0.7471 
0.7257 
0.7301 
0.7297 
0.7377 
0.7357 
0.7226 
0.7173 
0.7127 
0.7081 
0.7226 
0.7421 
0.7608 
0.7206 
0.8109 
0.7398 
0.7804 
0.7350 
0.7037 
0.7482 
0.7321 
0.7101 
0.7492 
0.7390 
0.7689 
0.7574 
0.6956 
0.7183 
0.7290 
0.6771 
0.6975 
0.7479 
0.7219 
0.7387 
0.7162 
0.7594 
0.7195 
0.7104 
0.7532 
0.7247 
0.7422 
0.7367 
0.6863 
0.8842 
0.2874 
0.7009 
0.6559 
0.8324 
0.5894 
0.8627 
0.5261 
0.6129 
0.6023 
0.7691 
0.6299 
0.8164 
0.3678 
0.7149 
0.6876 
0.8896 
0.5117 
0.6196 
0.6490 
0.6158 
0.7282 
0.7187 
0.7752 
0.5637 
0.7902 
0.8883 
0.7402 
0.6430 
0.6478 
0.5728 
0.8457 
0.6867 
0.6118 
0.8706 
0.4592 
0.6444 
0.8190 
0.7632 
0.8940 
0.7138 
0.7595 
0.7867 
0.6653 
0.7232 
0.7372 
0.8266 
0.6798 
0.7904 
0.6750 
0.7681 
0.7592 
0.7733 
0.5639 
0.6750 
0.4905 
0.6838 
0.8508 
0.7601 
0.7217 
0.7956 
0.6990 
0.6896 
0.8908 
0.6707 
0.7633 
0.7729 
0.8804 
0.7468 
0.7572 
0.8429 
0.8434 
0.7210 
0.7807 
0.6623 
0.7808 
0.6752 
0.8125 
0.8748 
0.7379 
0.8823 
0.7005 
0.7567 
0.8712 
0.8289 
0.7425 
0.8877 
0.6778 
0.7701 
0.7644 
0.7423 
0.8144 
0.9106 
0.7555 
0.7361 
0.9108 
0.7610 
0.6034 
0.8096 
0.7195 
0.8168 
0.7424 
0.7997 
0.7841 
0.7074 
0.7740 
0.7795 
0.6134 
0.7294 
0.7886 
0.8046 
0.7149 
0.8730 
0.7007 
0.8436 
0.8712 
0.8328 
0.8062 
0.7248 
0.7588 
0.7835 
0.7762 
0.8165 
0.7738 
0.7497 
0.7077 
0.8162 
0.7925 
0.7030 
0.7435 
0.6994 
0.7299 
0.8089 
0.7456 
0.7046 
0.7547 
0.8119 
0.7598 
0.6992 
0.6878 
0.7277 
0.6598 
0.8484 
0.6622 
0.6701 
0.7662 
0.7411 
0.7441 
0.7603 
0.7797 
0.7525 
0.7043 
0.7915 
0.7639 
0.7363 
0.7683 
0.7342 
0.7848 
0.7700 
0.7286 
0.7088 
0.6927 
0.7033 
0.7513 
0.7322 
0.7466 
0.7159 
0.7348 
0.7538 
0.7722 
0.7964 
0.7431 
0.8108 
0.6836 
0.7562 
0.7041 
0.7415 
0.7817 
0.7195 
0.7789 
0.7112 
0.6365 
0.8012 
0.7129 
0.7239 
0.7374 
0.6950 
0.7666 
0.7386 
0.7543 
0.7867 
0.6734 
0.7269 
0.7177 
0.7053 
0.7842 
0.7725 
0.8099 
0.7347 
0.7419 
0.7138 
0.6975 
0.7831 
0.7049 
0.6927 
0.6857 
0.7023 
0.7537 
0.7781 
0.7486 
0.7277 
0.7267 
0.7680 
0.7511 
0.7386 
0.7328 
0.7638 
0.7324 
0.7115 
0.7620 
0.7361 
0.7205 
0.7665 
0.7126 
0.7335 
0.7621 
0.7148 
0.7251 
0.7401 
0.7633 
0.7172 
0.7218 
0.7671 
0.7353 
0.7219 
0.7733 
0.7957 
0.7588 
0.7255 
0.7478 
0.7054 
0.6853 
0.7129 
0.7552 
0.7354 
0.7464 
0.7186 
0.7164 
0.7732 
0.7853 
0.7450 
0.7615 
0.7823 
0.7492 
0.6992 
0.7440 
0.7663 
0.7344 
0.6971 
0.7588 
0.7056 
0.7043 
0.7322 
0.7314 
0.6949 
0.7439 
0.6997 
0.7310 
0.7323 
0.7323 
0.7751 
0.7600 
0.7510 
0.6989 
0.7328 
0.7060 
0.7278 
0.7771 
0.7239 
0.7795 
0.7065 
0.7308 
0.7284 
0.7287 
0.7123 
0.7007 
0.6676 
0.7347 
0.7116 
0.7414 
0.7600 
0.7348 
0.7347 
0.7406 
0.7477 
0.7370 
0.7077 
0.6794 
0.7313 
0.3513 
0.5862 
0.5747 
0.8841 
0.3605 
0.8710 
0.4401 
0.6351 
0.4652 
0.5183 
0.4821 
0.4363 
0.8087 
0.5310 
0.4079 
0.7951 
0.3022 
0.8577 
0.4088 
0.7225 
0.7067 
0.2342 
0.6873 
0.3690 
0.6226 
0.3870 
0.7450 
0.5587 
0.6238 
0.6564 
0.5812 
0.3260 
0.5763 
0.7722 
0.6676 
0.5631 
0.7654 
0.6272 
0.4932 
0.5994 
0.7001 
0.6589 
0.6113 
0.6195 
0.3968 
0.4377 
0.5478 
0.8489 
0.3322 
0.6220 
0.5404 
0.6802 
0.4249 
0.7966 
0.3057 
0.6371 
0.6395 
0.6888 
0.8846 
0.4448 
0.5298 
0.7362 
0.7146 
0.3236 
0.7511 
0.7216 
0.6950 
0.7209 
0.6693 
0.6788 
0.8576 
0.6444 
0.8107 
0.5310 
0.5653 
0.8222 
0.5846 
0.5586 
0.6270 
0.4938 
0.5270 
0.7452 
0.8112 
0.4253 
0.8465 
0.6116 
0.4486 
0.7408 
0.7872 
0.6657 
0.6986 
0.5446 
0.5137 
0.6452 
0.7099 
0.6156 
0.5705 
0.4091 
0.6802 
0.6110 
0.7226 
0.7123 
0.7328 
0.5186 
0.4901 
0.5452 
0.6920 
0.8055 
0.5067 
0.5473 
0.6003 
0.6720 
0.6690 
0.5290 
0.6878 
0.5452 
0.6516 
0.5543 
0.8080 
0.7493 
0.8003 
0.6013 
0.7824 
0.7404 
0.6681 
0.5180 
0.7189 
0.7041 
0.7202 
0.7084 
0.5496 
0.5961 
0.6688 
0.6591 
0.5871 
0.6616 
0.5800 
0.6837 
0.5876 
0.6801 
0.7773 
0.5744 
0.6554 
0.5675 
0.6570 
0.6664 
0.5366 
0.5199 
0.4683 
0.6127 
0.6672 
0.7136 
0.5604 
0.4857 
0.7085 
0.4754 
0.7057 
0.5415 
0.5999 
0.6823 
0.6565 
0.7137 
0.6682 
0.5330 
0.7511 
0.5519 
0.5173 
0.5828 
0.5933 
0.6182 
0.6452 
0.7121 
0.6978 
0.6867 
0.6011 
0.6736 
0.5910 
0.6592 
0.6957 
0.5363 
0.5639 
0.5712 
0.5870 
0.7081 
0.7052 
0.6205 
0.5681 
0.6214 
0.6797 
0.6094 
0.7337 
0.5925 
0.6927 
0.7471 
0.7073 
0.6540 
0.6602 
0.6357 
0.7247 
0.6168 
0.6695 
0.7269 
0.6006 
0.5171 
0.6187 
0.5963 
0.6668 
0.6643 
0.6541 
0.6611 
0.6128 
0.6018 
0.6004 
0.7212 
0.5053 
0.7032 
0.6040 
0.5667 
0.6252 
0.7019 
0.7405 
0.6373 
0.5814 
0.5775 
0.5709 
0.5646 
0.5368 
0.7238 
0.6223 
0.6359 
0.6018 
0.7231 
0.6326 
0.5643 
0.6019 
0.7868 
0.6301 
0.6190 
0.5330 
0.5516 
0.6630 
0.6167 
0.5483 
0.5155 
0.6517 
0.5642 
0.6679 
0.5513 
0.5727 
0.5513 
0.5590 
0.5974 
0.6772 
0.6290 
0.5860 
0.6875 
0.6150 
0.6756 
0.6897 
0.6082 
0.6492 
0.6324 
0.5221 
0.6376 
0.4933 
0.7230 
0.5743 
0.5783 
0.6862 
0.5994 
0.5877 
0.5753 
0.7224 
0.6007 
0.7437 
0.6185 
0.5404 
0.6791 
0.6808 
0.6119 
0.6893 
0.6295 
0.6210 
0.7241 
0.6207 
0.6528 
0.5909 
0.5321 
0.6306 
0.6107 
0.6387 
0.5785 
0.5831 
0.7274 
0.6769 
0.6658 
0.5986 
0.6143 
0.6133 
0.6016 
