0.5513 +- -1.00 (1)
0.7474 +- -1.00 (1)
0.5775 +- -1.00 (1)
0.6261 +- -1.00 (1)
0.5868 +- -1.00 (1)
0.5705 +- -1.00 (1)
0.9293 +- -1.00 (1)
0.7119 +- -1.00 (1)
0.5266 +- -1.00 (1)
0.6815 +- -1.00 (1)
0.6792 +- -1.00 (1)
0.8649 +- -1.00 (1)
0.7661 +- -1.00 (1)
0.7184 +- -1.00 (1)
0.7226 +- -1.00 (1)
0.6685 +- -1.00 (1)
0.8917 +- -1.00 (1)
0.5512 +- -1.00 (1)
0.6154 +- -1.00 (1)
0.5197 +- -1.00 (1)
0.9101 +- -1.00 (1)
0.8742 +- -1.00 (1)
0.7616 +- -1.00 (1)
0.9532 +- -1.00 (1)
0.7141 +- -1.00 (1)
0.6120 +- -1.00 (1)
0.9202 +- -1.00 (1)
0.9174 +- -1.00 (1)
0.7377 +- -1.00 (1)
0.7441 +- -1.00 (1)
0.6155 +- -1.00 (1)
0.7277 +- -1.00 (1)
0.7224 +- -1.00 (1)
0.7786 +- -1.00 (1)
0.8101 +- -1.00 (1)
0.5737 +- -1.00 (1)
0.9444 +- -1.00 (1)
0.7507 +- -1.00 (1)
0.7412 +- -1.00 (1)
0.7602 +- -1.00 (1)
0.6464 +- -1.00 (1)
0.6838 +- -1.00 (1)
0.6816 +- -1.00 (1)
0.7628 +- -1.00 (1)
0.8049 +- -1.00 (1)
0.7795 +- -1.00 (1)
0.7535 +- -1.00 (1)
0.7742 +- -1.00 (1)
0.7597 +- -1.00 (1)
0.7753 +- -1.00 (1)
0.7782 +- -1.00 (1)
0.7722 +- -1.00 (1)
0.7902 +- -1.00 (1)
0.7512 +- -1.00 (1)
0.6370 +- -1.00 (1)
0.9316 +- -1.00 (1)
0.7977 +- -1.00 (1)
0.7747 +- -1.00 (1)
0.6921 +- -1.00 (1)
0.6997 +- -1.00 (1)
0.6949 +- -1.00 (1)
0.8870 +- -1.00 (1)
0.7206 +- -1.00 (1)
0.7313 +- -1.00 (1)
0.6787 +- -1.00 (1)
0.7702 +- -1.00 (1)
0.7726 +- -1.00 (1)
0.8467 +- -1.00 (1)
0.7070 +- -1.00 (1)
0.8066 +- -1.00 (1)
0.7547 +- -1.00 (1)
0.6047 +- -1.00 (1)
0.6660 +- -1.00 (1)
0.8243 +- -1.00 (1)
0.6451 +- -1.00 (1)
0.7033 +- -1.00 (1)
0.7219 +- -1.00 (1)
0.7657 +- -1.00 (1)
0.7575 +- -1.00 (1)
0.7461 +- -1.00 (1)
0.8829 +- -1.00 (1)
0.8354 +- -1.00 (1)
0.8329 +- -1.00 (1)
0.9130 +- -1.00 (1)
0.8593 +- -1.00 (1)
0.6297 +- -1.00 (1)
0.6891 +- -1.00 (1)
0.6908 +- -1.00 (1)
0.8236 +- -1.00 (1)
0.7414 +- -1.00 (1)
0.7790 +- -1.00 (1)
0.6982 +- -1.00 (1)
0.7750 +- -1.00 (1)
0.8531 +- -1.00 (1)
0.6313 +- -1.00 (1)
0.7039 +- -1.00 (1)
0.7868 +- -1.00 (1)
0.7787 +- -1.00 (1)
0.7650 +- -1.00 (1)
0.7152 +- -1.00 (1)
0.7105 +- -1.00 (1)
0.7133 +- -1.00 (1)
0.7425 +- -1.00 (1)
0.8134 +- -1.00 (1)
0.7697 +- -1.00 (1)
0.6954 +- -1.00 (1)
0.8557 +- -1.00 (1)
0.8245 +- -1.00 (1)
0.6972 +- -1.00 (1)
0.7562 +- -1.00 (1)
0.7862 +- -1.00 (1)
0.7381 +- -1.00 (1)
0.7851 +- -1.00 (1)
0.8099 +- -1.00 (1)
0.7221 +- -1.00 (1)
0.8688 +- -1.00 (1)
0.7388 +- -1.00 (1)
0.8875 +- -1.00 (1)
0.7786 +- -1.00 (1)
0.7630 +- -1.00 (1)
0.7163 +- -1.00 (1)
0.8140 +- -1.00 (1)
0.7701 +- -1.00 (1)
0.8162 +- -1.00 (1)
0.7789 +- -1.00 (1)
0.8804 +- -1.00 (1)
0.7543 +- -1.00 (1)
0.7285 +- -1.00 (1)
0.8022 +- -1.00 (1)
0.7300 +- -1.00 (1)
0.7403 +- -1.00 (1)
0.8222 +- -1.00 (1)
0.8387 +- -1.00 (1)
0.7418 +- -1.00 (1)
0.7787 +- -1.00 (1)
0.7203 +- -1.00 (1)
0.7747 +- -1.00 (1)
0.7028 +- -1.00 (1)
0.7741 +- -1.00 (1)
0.7045 +- -1.00 (1)
0.7546 +- -1.00 (1)
0.7718 +- -1.00 (1)
0.7802 +- -1.00 (1)
0.7454 +- -1.00 (1)
0.7931 +- -1.00 (1)
0.6952 +- -1.00 (1)
0.7040 +- -1.00 (1)
0.6831 +- -1.00 (1)
0.7441 +- -1.00 (1)
0.8164 +- -1.00 (1)
0.7306 +- -1.00 (1)
0.7317 +- -1.00 (1)
0.8111 +- -1.00 (1)
0.7426 +- -1.00 (1)
0.7752 +- -1.00 (1)
0.7323 +- -1.00 (1)
0.7533 +- -1.00 (1)
0.7255 +- -1.00 (1)
0.7723 +- -1.00 (1)
0.7403 +- -1.00 (1)
0.7819 +- -1.00 (1)
0.7351 +- -1.00 (1)
0.7630 +- -1.00 (1)
0.7537 +- -1.00 (1)
0.7168 +- -1.00 (1)
0.7408 +- -1.00 (1)
0.7689 +- -1.00 (1)
0.6617 +- -1.00 (1)
0.7550 +- -1.00 (1)
0.6825 +- -1.00 (1)
0.7668 +- -1.00 (1)
0.7620 +- -1.00 (1)
0.7372 +- -1.00 (1)
0.7460 +- -1.00 (1)
0.7008 +- -1.00 (1)
0.6923 +- -1.00 (1)
0.7347 +- -1.00 (1)
0.7131 +- -1.00 (1)
0.7904 +- -1.00 (1)
0.7400 +- -1.00 (1)
0.7885 +- -1.00 (1)
0.7177 +- -1.00 (1)
0.6723 +- -1.00 (1)
0.7783 +- -1.00 (1)
0.7502 +- -1.00 (1)
0.6824 +- -1.00 (1)
0.7350 +- -1.00 (1)
0.7356 +- -1.00 (1)
0.7453 +- -1.00 (1)
0.6969 +- -1.00 (1)
0.7349 +- -1.00 (1)
0.6946 +- -1.00 (1)
0.7218 +- -1.00 (1)
0.7613 +- -1.00 (1)
0.6867 +- -1.00 (1)
0.7458 +- -1.00 (1)
0.7076 +- -1.00 (1)
0.7827 +- -1.00 (1)
0.7245 +- -1.00 (1)
0.7826 +- -1.00 (1)
0.7119 +- -1.00 (1)
0.7529 +- -1.00 (1)
0.6866 +- -1.00 (1)
0.7573 +- -1.00 (1)
0.7346 +- -1.00 (1)
0.6943 +- -1.00 (1)
0.7349 +- -1.00 (1)
0.6957 +- -1.00 (1)
0.7492 +- -1.00 (1)
0.7028 +- -1.00 (1)
0.7485 +- -1.00 (1)
0.7658 +- -1.00 (1)
0.7130 +- -1.00 (1)
0.7361 +- -1.00 (1)
0.7323 +- -1.00 (1)
0.7360 +- -1.00 (1)
0.7311 +- -1.00 (1)
0.7388 +- -1.00 (1)
0.7566 +- -1.00 (1)
0.7249 +- -1.00 (1)
0.7857 +- -1.00 (1)
0.7409 +- -1.00 (1)
0.7762 +- -1.00 (1)
0.7522 +- -1.00 (1)
0.7377 +- -1.00 (1)
0.7007 +- -1.00 (1)
0.7906 +- -1.00 (1)
0.7483 +- -1.00 (1)
0.7228 +- -1.00 (1)
0.7846 +- -1.00 (1)
0.7617 +- -1.00 (1)
0.7804 +- -1.00 (1)
0.7453 +- -1.00 (1)
0.7626 +- -1.00 (1)
0.6962 +- -1.00 (1)
0.7346 +- -1.00 (1)
0.7636 +- -1.00 (1)
0.7750 +- -1.00 (1)
0.7472 +- -1.00 (1)
0.7270 +- -1.00 (1)
0.6956 +- -1.00 (1)
0.7880 +- -1.00 (1)
0.7224 +- -1.00 (1)
0.7524 +- -1.00 (1)
0.6991 +- -1.00 (1)
0.7342 +- -1.00 (1)
0.7287 +- -1.00 (1)
0.7128 +- -1.00 (1)
0.7160 +- -1.00 (1)
0.7455 +- -1.00 (1)
0.7327 +- -1.00 (1)
0.7632 +- -1.00 (1)
0.7416 +- -1.00 (1)
0.7596 +- -1.00 (1)
0.7379 +- -1.00 (1)
0.7040 +- -1.00 (1)
0.7855 +- -1.00 (1)
0.7444 +- -1.00 (1)
0.7471 +- -1.00 (1)
0.7257 +- -1.00 (1)
0.7301 +- -1.00 (1)
0.7297 +- -1.00 (1)
0.7377 +- -1.00 (1)
0.7357 +- -1.00 (1)
0.7226 +- -1.00 (1)
0.7173 +- -1.00 (1)
0.7127 +- -1.00 (1)
0.7081 +- -1.00 (1)
0.7226 +- -1.00 (1)
0.7421 +- -1.00 (1)
0.7608 +- -1.00 (1)
0.7206 +- -1.00 (1)
0.8109 +- -1.00 (1)
0.7398 +- -1.00 (1)
0.7804 +- -1.00 (1)
0.7350 +- -1.00 (1)
0.7037 +- -1.00 (1)
0.7482 +- -1.00 (1)
0.7321 +- -1.00 (1)
0.7101 +- -1.00 (1)
0.7492 +- -1.00 (1)
0.7390 +- -1.00 (1)
0.7689 +- -1.00 (1)
0.7574 +- -1.00 (1)
0.6956 +- -1.00 (1)
0.7183 +- -1.00 (1)
0.7290 +- -1.00 (1)
0.6771 +- -1.00 (1)
0.6975 +- -1.00 (1)
0.7479 +- -1.00 (1)
0.7219 +- -1.00 (1)
0.7387 +- -1.00 (1)
0.7162 +- -1.00 (1)
0.7594 +- -1.00 (1)
0.7195 +- -1.00 (1)
0.7104 +- -1.00 (1)
0.7532 +- -1.00 (1)
0.7247 +- -1.00 (1)
0.7422 +- -1.00 (1)
0.7367 +- -1.00 (1)
0.6863 +- -1.00 (1)
0.8842 +- -1.00 (1)
0.2874 +- -1.00 (1)
0.7009 +- -1.00 (1)
0.6559 +- -1.00 (1)
0.8324 +- -1.00 (1)
0.5894 +- -1.00 (1)
0.8627 +- -1.00 (1)
0.5261 +- -1.00 (1)
0.6129 +- -1.00 (1)
0.6023 +- -1.00 (1)
0.7691 +- -1.00 (1)
0.6299 +- -1.00 (1)
0.8164 +- -1.00 (1)
0.3678 +- -1.00 (1)
0.7149 +- -1.00 (1)
0.6876 +- -1.00 (1)
0.8896 +- -1.00 (1)
0.5117 +- -1.00 (1)
0.6196 +- -1.00 (1)
0.6490 +- -1.00 (1)
0.6158 +- -1.00 (1)
0.7282 +- -1.00 (1)
0.7187 +- -1.00 (1)
0.7752 +- -1.00 (1)
0.5637 +- -1.00 (1)
0.7902 +- -1.00 (1)
0.8883 +- -1.00 (1)
0.7402 +- -1.00 (1)
0.6430 +- -1.00 (1)
0.6478 +- -1.00 (1)
0.5728 +- -1.00 (1)
0.8457 +- -1.00 (1)
0.6867 +- -1.00 (1)
0.6118 +- -1.00 (1)
0.8706 +- -1.00 (1)
0.4592 +- -1.00 (1)
0.6444 +- -1.00 (1)
0.8190 +- -1.00 (1)
0.7632 +- -1.00 (1)
0.8940 +- -1.00 (1)
0.7138 +- -1.00 (1)
0.7595 +- -1.00 (1)
0.7867 +- -1.00 (1)
0.6653 +- -1.00 (1)
0.7232 +- -1.00 (1)
0.7372 +- -1.00 (1)
0.8266 +- -1.00 (1)
0.6798 +- -1.00 (1)
0.7904 +- -1.00 (1)
0.6750 +- -1.00 (1)
0.7681 +- -1.00 (1)
0.7592 +- -1.00 (1)
0.7733 +- -1.00 (1)
0.5639 +- -1.00 (1)
0.6750 +- -1.00 (1)
0.4905 +- -1.00 (1)
0.6838 +- -1.00 (1)
0.8508 +- -1.00 (1)
0.7601 +- -1.00 (1)
0.7217 +- -1.00 (1)
0.7956 +- -1.00 (1)
0.6990 +- -1.00 (1)
0.6896 +- -1.00 (1)
0.8908 +- -1.00 (1)
0.6707 +- -1.00 (1)
0.7633 +- -1.00 (1)
0.7729 +- -1.00 (1)
0.8804 +- -1.00 (1)
0.7468 +- -1.00 (1)
0.7572 +- -1.00 (1)
0.8429 +- -1.00 (1)
0.8434 +- -1.00 (1)
0.7210 +- -1.00 (1)
0.7807 +- -1.00 (1)
0.6623 +- -1.00 (1)
0.7808 +- -1.00 (1)
0.6752 +- -1.00 (1)
0.8125 +- -1.00 (1)
0.8748 +- -1.00 (1)
0.7379 +- -1.00 (1)
0.8823 +- -1.00 (1)
0.7005 +- -1.00 (1)
0.7567 +- -1.00 (1)
0.8712 +- -1.00 (1)
0.8289 +- -1.00 (1)
0.7425 +- -1.00 (1)
0.8877 +- -1.00 (1)
0.6778 +- -1.00 (1)
0.7701 +- -1.00 (1)
0.7644 +- -1.00 (1)
0.7423 +- -1.00 (1)
0.8144 +- -1.00 (1)
0.9106 +- -1.00 (1)
0.7555 +- -1.00 (1)
0.7361 +- -1.00 (1)
0.9108 +- -1.00 (1)
0.7610 +- -1.00 (1)
0.6034 +- -1.00 (1)
0.8096 +- -1.00 (1)
0.7195 +- -1.00 (1)
0.8168 +- -1.00 (1)
0.7424 +- -1.00 (1)
0.7997 +- -1.00 (1)
0.7841 +- -1.00 (1)
0.7074 +- -1.00 (1)
0.7740 +- -1.00 (1)
0.7795 +- -1.00 (1)
0.6134 +- -1.00 (1)
0.7294 +- -1.00 (1)
0.7886 +- -1.00 (1)
0.8046 +- -1.00 (1)
0.7149 +- -1.00 (1)
0.8730 +- -1.00 (1)
0.7007 +- -1.00 (1)
0.8436 +- -1.00 (1)
0.8712 +- -1.00 (1)
0.8328 +- -1.00 (1)
0.8062 +- -1.00 (1)
0.7248 +- -1.00 (1)
0.7588 +- -1.00 (1)
0.7835 +- -1.00 (1)
0.7762 +- -1.00 (1)
0.8165 +- -1.00 (1)
0.7738 +- -1.00 (1)
0.7497 +- -1.00 (1)
0.7077 +- -1.00 (1)
0.8162 +- -1.00 (1)
0.7925 +- -1.00 (1)
0.7030 +- -1.00 (1)
0.7435 +- -1.00 (1)
0.6994 +- -1.00 (1)
0.7299 +- -1.00 (1)
0.8089 +- -1.00 (1)
0.7456 +- -1.00 (1)
0.7046 +- -1.00 (1)
0.7547 +- -1.00 (1)
0.8119 +- -1.00 (1)
0.7598 +- -1.00 (1)
0.6992 +- -1.00 (1)
0.6878 +- -1.00 (1)
0.7277 +- -1.00 (1)
0.6598 +- -1.00 (1)
0.8484 +- -1.00 (1)
0.6622 +- -1.00 (1)
0.6701 +- -1.00 (1)
0.7662 +- -1.00 (1)
0.7411 +- -1.00 (1)
0.7441 +- -1.00 (1)
0.7603 +- -1.00 (1)
0.7797 +- -1.00 (1)
0.7525 +- -1.00 (1)
0.7043 +- -1.00 (1)
0.7915 +- -1.00 (1)
0.7639 +- -1.00 (1)
0.7363 +- -1.00 (1)
0.7683 +- -1.00 (1)
0.7342 +- -1.00 (1)
0.7848 +- -1.00 (1)
0.7700 +- -1.00 (1)
0.7286 +- -1.00 (1)
0.7088 +- -1.00 (1)
0.6927 +- -1.00 (1)
0.7033 +- -1.00 (1)
0.7513 +- -1.00 (1)
0.7322 +- -1.00 (1)
0.7466 +- -1.00 (1)
0.7159 +- -1.00 (1)
0.7348 +- -1.00 (1)
0.7538 +- -1.00 (1)
0.7722 +- -1.00 (1)
0.7964 +- -1.00 (1)
0.7431 +- -1.00 (1)
0.8108 +- -1.00 (1)
0.6836 +- -1.00 (1)
0.7562 +- -1.00 (1)
0.7041 +- -1.00 (1)
0.7415 +- -1.00 (1)
0.7817 +- -1.00 (1)
0.7195 +- -1.00 (1)
0.7789 +- -1.00 (1)
0.7112 +- -1.00 (1)
0.6365 +- -1.00 (1)
0.8012 +- -1.00 (1)
0.7129 +- -1.00 (1)
0.7239 +- -1.00 (1)
0.7374 +- -1.00 (1)
0.6950 +- -1.00 (1)
0.7666 +- -1.00 (1)
0.7386 +- -1.00 (1)
0.7543 +- -1.00 (1)
0.7867 +- -1.00 (1)
0.6734 +- -1.00 (1)
0.7269 +- -1.00 (1)
0.7177 +- -1.00 (1)
0.7053 +- -1.00 (1)
0.7842 +- -1.00 (1)
0.7725 +- -1.00 (1)
0.8099 +- -1.00 (1)
0.7347 +- -1.00 (1)
0.7419 +- -1.00 (1)
0.7138 +- -1.00 (1)
0.6975 +- -1.00 (1)
0.7831 +- -1.00 (1)
0.7049 +- -1.00 (1)
0.6927 +- -1.00 (1)
0.6857 +- -1.00 (1)
0.7023 +- -1.00 (1)
0.7537 +- -1.00 (1)
0.7781 +- -1.00 (1)
0.7486 +- -1.00 (1)
0.7277 +- -1.00 (1)
0.7267 +- -1.00 (1)
0.7680 +- -1.00 (1)
0.7511 +- -1.00 (1)
0.7386 +- -1.00 (1)
0.7328 +- -1.00 (1)
0.7638 +- -1.00 (1)
0.7324 +- -1.00 (1)
0.7115 +- -1.00 (1)
0.7620 +- -1.00 (1)
0.7361 +- -1.00 (1)
0.7205 +- -1.00 (1)
0.7665 +- -1.00 (1)
0.7126 +- -1.00 (1)
0.7335 +- -1.00 (1)
0.7621 +- -1.00 (1)
0.7148 +- -1.00 (1)
0.7251 +- -1.00 (1)
0.7401 +- -1.00 (1)
0.7633 +- -1.00 (1)
0.7172 +- -1.00 (1)
0.7218 +- -1.00 (1)
0.7671 +- -1.00 (1)
0.7353 +- -1.00 (1)
0.7219 +- -1.00 (1)
0.7733 +- -1.00 (1)
0.7957 +- -1.00 (1)
0.7588 +- -1.00 (1)
0.7255 +- -1.00 (1)
0.7478 +- -1.00 (1)
0.7054 +- -1.00 (1)
0.6853 +- -1.00 (1)
0.7129 +- -1.00 (1)
0.7552 +- -1.00 (1)
0.7354 +- -1.00 (1)
0.7464 +- -1.00 (1)
0.7186 +- -1.00 (1)
0.7164 +- -1.00 (1)
0.7732 +- -1.00 (1)
0.7853 +- -1.00 (1)
0.7450 +- -1.00 (1)
0.7615 +- -1.00 (1)
0.7823 +- -1.00 (1)
0.7492 +- -1.00 (1)
0.6992 +- -1.00 (1)
0.7440 +- -1.00 (1)
0.7663 +- -1.00 (1)
0.7344 +- -1.00 (1)
0.6971 +- -1.00 (1)
0.7588 +- -1.00 (1)
0.7056 +- -1.00 (1)
0.7043 +- -1.00 (1)
0.7322 +- -1.00 (1)
0.7314 +- -1.00 (1)
0.6949 +- -1.00 (1)
0.7439 +- -1.00 (1)
0.6997 +- -1.00 (1)
0.7310 +- -1.00 (1)
0.7323 +- -1.00 (1)
0.7323 +- -1.00 (1)
0.7751 +- -1.00 (1)
0.7600 +- -1.00 (1)
0.7510 +- -1.00 (1)
0.6989 +- -1.00 (1)
0.7328 +- -1.00 (1)
0.7060 +- -1.00 (1)
0.7278 +- -1.00 (1)
0.7771 +- -1.00 (1)
0.7239 +- -1.00 (1)
0.7795 +- -1.00 (1)
0.7065 +- -1.00 (1)
0.7308 +- -1.00 (1)
0.7284 +- -1.00 (1)
0.7287 +- -1.00 (1)
0.7123 +- -1.00 (1)
0.7007 +- -1.00 (1)
0.6676 +- -1.00 (1)
0.7347 +- -1.00 (1)
0.7116 +- -1.00 (1)
0.7414 +- -1.00 (1)
0.7600 +- -1.00 (1)
0.7348 +- -1.00 (1)
0.7347 +- -1.00 (1)
0.7406 +- -1.00 (1)
0.7477 +- -1.00 (1)
0.7370 +- -1.00 (1)
0.7077 +- -1.00 (1)
0.6794 +- -1.00 (1)
0.7313 +- -1.00 (1)
0.3513 +- -1.00 (1)
0.5862 +- -1.00 (1)
0.5747 +- -1.00 (1)
0.8841 +- -1.00 (1)
0.3605 +- -1.00 (1)
0.8710 +- -1.00 (1)
0.4401 +- -1.00 (1)
0.6351 +- -1.00 (1)
0.4652 +- -1.00 (1)
0.5183 +- -1.00 (1)
0.4821 +- -1.00 (1)
0.4363 +- -1.00 (1)
0.8087 +- -1.00 (1)
0.5310 +- -1.00 (1)
0.4079 +- -1.00 (1)
0.7951 +- -1.00 (1)
0.3022 +- -1.00 (1)
0.8577 +- -1.00 (1)
0.4088 +- -1.00 (1)
0.7225 +- -1.00 (1)
0.7067 +- -1.00 (1)
0.2342 +- -1.00 (1)
0.6873 +- -1.00 (1)
0.3690 +- -1.00 (1)
0.6226 +- -1.00 (1)
0.3870 +- -1.00 (1)
0.7450 +- -1.00 (1)
0.5587 +- -1.00 (1)
0.6238 +- -1.00 (1)
0.6564 +- -1.00 (1)
0.5812 +- -1.00 (1)
0.3260 +- -1.00 (1)
0.5763 +- -1.00 (1)
0.7722 +- -1.00 (1)
0.6676 +- -1.00 (1)
0.5631 +- -1.00 (1)
0.7654 +- -1.00 (1)
0.6272 +- -1.00 (1)
0.4932 +- -1.00 (1)
0.5994 +- -1.00 (1)
0.7001 +- -1.00 (1)
0.6589 +- -1.00 (1)
0.6113 +- -1.00 (1)
0.6195 +- -1.00 (1)
0.3968 +- -1.00 (1)
0.4377 +- -1.00 (1)
0.5478 +- -1.00 (1)
0.8489 +- -1.00 (1)
0.3322 +- -1.00 (1)
0.6220 +- -1.00 (1)
0.5404 +- -1.00 (1)
0.6802 +- -1.00 (1)
0.4249 +- -1.00 (1)
0.7966 +- -1.00 (1)
0.3057 +- -1.00 (1)
0.6371 +- -1.00 (1)
0.6395 +- -1.00 (1)
0.6888 +- -1.00 (1)
0.8846 +- -1.00 (1)
0.4448 +- -1.00 (1)
0.5298 +- -1.00 (1)
0.7362 +- -1.00 (1)
0.7146 +- -1.00 (1)
0.3236 +- -1.00 (1)
0.7511 +- -1.00 (1)
0.7216 +- -1.00 (1)
0.6950 +- -1.00 (1)
0.7209 +- -1.00 (1)
0.6693 +- -1.00 (1)
0.6788 +- -1.00 (1)
0.8576 +- -1.00 (1)
0.6444 +- -1.00 (1)
0.8107 +- -1.00 (1)
0.5310 +- -1.00 (1)
0.5653 +- -1.00 (1)
0.8222 +- -1.00 (1)
0.5846 +- -1.00 (1)
0.5586 +- -1.00 (1)
0.6270 +- -1.00 (1)
0.4938 +- -1.00 (1)
0.5270 +- -1.00 (1)
0.7452 +- -1.00 (1)
0.8112 +- -1.00 (1)
0.4253 +- -1.00 (1)
0.8465 +- -1.00 (1)
0.6116 +- -1.00 (1)
0.4486 +- -1.00 (1)
0.7408 +- -1.00 (1)
0.7872 +- -1.00 (1)
0.6657 +- -1.00 (1)
0.6986 +- -1.00 (1)
0.5446 +- -1.00 (1)
0.5137 +- -1.00 (1)
0.6452 +- -1.00 (1)
0.7099 +- -1.00 (1)
0.6156 +- -1.00 (1)
0.5705 +- -1.00 (1)
0.4091 +- -1.00 (1)
0.6802 +- -1.00 (1)
0.6110 +- -1.00 (1)
0.7226 +- -1.00 (1)
0.7123 +- -1.00 (1)
0.7328 +- -1.00 (1)
0.5186 +- -1.00 (1)
0.4901 +- -1.00 (1)
0.5452 +- -1.00 (1)
0.6920 +- -1.00 (1)
0.8055 +- -1.00 (1)
0.5067 +- -1.00 (1)
0.5473 +- -1.00 (1)
0.6003 +- -1.00 (1)
0.6720 +- -1.00 (1)
0.6690 +- -1.00 (1)
0.5290 +- -1.00 (1)
0.6878 +- -1.00 (1)
0.5452 +- -1.00 (1)
0.6516 +- -1.00 (1)
0.5543 +- -1.00 (1)
0.8080 +- -1.00 (1)
0.7493 +- -1.00 (1)
0.8003 +- -1.00 (1)
0.6013 +- -1.00 (1)
0.7824 +- -1.00 (1)
0.7404 +- -1.00 (1)
0.6681 +- -1.00 (1)
0.5180 +- -1.00 (1)
0.7189 +- -1.00 (1)
0.7041 +- -1.00 (1)
0.7202 +- -1.00 (1)
0.7084 +- -1.00 (1)
0.5496 +- -1.00 (1)
0.5961 +- -1.00 (1)
0.6688 +- -1.00 (1)
0.6591 +- -1.00 (1)
0.5871 +- -1.00 (1)
0.6616 +- -1.00 (1)
0.5800 +- -1.00 (1)
0.6837 +- -1.00 (1)
0.5876 +- -1.00 (1)
0.6801 +- -1.00 (1)
0.7773 +- -1.00 (1)
0.5744 +- -1.00 (1)
0.6554 +- -1.00 (1)
0.5675 +- -1.00 (1)
0.6570 +- -1.00 (1)
0.6664 +- -1.00 (1)
0.5366 +- -1.00 (1)
0.5199 +- -1.00 (1)
0.4683 +- -1.00 (1)
0.6127 +- -1.00 (1)
0.6672 +- -1.00 (1)
0.7136 +- -1.00 (1)
0.5604 +- -1.00 (1)
0.4857 +- -1.00 (1)
0.7085 +- -1.00 (1)
0.4754 +- -1.00 (1)
0.7057 +- -1.00 (1)
0.5415 +- -1.00 (1)
0.5999 +- -1.00 (1)
0.6823 +- -1.00 (1)
0.6565 +- -1.00 (1)
0.7137 +- -1.00 (1)
0.6682 +- -1.00 (1)
0.5330 +- -1.00 (1)
0.7511 +- -1.00 (1)
0.5519 +- -1.00 (1)
0.5173 +- -1.00 (1)
0.5828 +- -1.00 (1)
0.5933 +- -1.00 (1)
0.6182 +- -1.00 (1)
0.6452 +- -1.00 (1)
0.7121 +- -1.00 (1)
0.6978 +- -1.00 (1)
0.6867 +- -1.00 (1)
0.6011 +- -1.00 (1)
0.6736 +- -1.00 (1)
0.5910 +- -1.00 (1)
0.6592 +- -1.00 (1)
0.6957 +- -1.00 (1)
0.5363 +- -1.00 (1)
0.5639 +- -1.00 (1)
0.5712 +- -1.00 (1)
0.5870 +- -1.00 (1)
0.7081 +- -1.00 (1)
0.7052 +- -1.00 (1)
0.6205 +- -1.00 (1)
0.5681 +- -1.00 (1)
0.6214 +- -1.00 (1)
0.6797 +- -1.00 (1)
0.6094 +- -1.00 (1)
0.7337 +- -1.00 (1)
0.5925 +- -1.00 (1)
0.6927 +- -1.00 (1)
0.7471 +- -1.00 (1)
0.7073 +- -1.00 (1)
0.6540 +- -1.00 (1)
0.6602 +- -1.00 (1)
0.6357 +- -1.00 (1)
0.7247 +- -1.00 (1)
0.6168 +- -1.00 (1)
0.6695 +- -1.00 (1)
0.7269 +- -1.00 (1)
0.6006 +- -1.00 (1)
0.5171 +- -1.00 (1)
0.6187 +- -1.00 (1)
0.5963 +- -1.00 (1)
0.6668 +- -1.00 (1)
0.6643 +- -1.00 (1)
0.6541 +- -1.00 (1)
0.6611 +- -1.00 (1)
0.6128 +- -1.00 (1)
0.6018 +- -1.00 (1)
0.6004 +- -1.00 (1)
0.7212 +- -1.00 (1)
0.5053 +- -1.00 (1)
0.7032 +- -1.00 (1)
0.6040 +- -1.00 (1)
0.5667 +- -1.00 (1)
0.6252 +- -1.00 (1)
0.7019 +- -1.00 (1)
0.7405 +- -1.00 (1)
0.6373 +- -1.00 (1)
0.5814 +- -1.00 (1)
0.5775 +- -1.00 (1)
0.5709 +- -1.00 (1)
0.5646 +- -1.00 (1)
0.5368 +- -1.00 (1)
0.7238 +- -1.00 (1)
0.6223 +- -1.00 (1)
0.6359 +- -1.00 (1)
0.6018 +- -1.00 (1)
0.7231 +- -1.00 (1)
0.6326 +- -1.00 (1)
0.5643 +- -1.00 (1)
0.6019 +- -1.00 (1)
0.7868 +- -1.00 (1)
0.6301 +- -1.00 (1)
0.6190 +- -1.00 (1)
0.5330 +- -1.00 (1)
0.5516 +- -1.00 (1)
0.6630 +- -1.00 (1)
0.6167 +- -1.00 (1)
0.5483 +- -1.00 (1)
0.5155 +- -1.00 (1)
0.6517 +- -1.00 (1)
0.5642 +- -1.00 (1)
0.6679 +- -1.00 (1)
0.5513 +- -1.00 (1)
0.5727 +- -1.00 (1)
0.5513 +- -1.00 (1)
0.5590 +- -1.00 (1)
0.5974 +- -1.00 (1)
0.6772 +- -1.00 (1)
0.6290 +- -1.00 (1)
0.5860 +- -1.00 (1)
0.6875 +- -1.00 (1)
0.6150 +- -1.00 (1)
0.6756 +- -1.00 (1)
0.6897 +- -1.00 (1)
0.6082 +- -1.00 (1)
0.6492 +- -1.00 (1)
0.6324 +- -1.00 (1)
0.5221 +- -1.00 (1)
0.6376 +- -1.00 (1)
0.4933 +- -1.00 (1)
0.7230 +- -1.00 (1)
0.5743 +- -1.00 (1)
0.5783 +- -1.00 (1)
0.6862 +- -1.00 (1)
0.5994 +- -1.00 (1)
0.5877 +- -1.00 (1)
0.5753 +- -1.00 (1)
0.7224 +- -1.00 (1)
0.6007 +- -1.00 (1)
0.7437 +- -1.00 (1)
0.6185 +- -1.00 (1)
0.5404 +- -1.00 (1)
0.6791 +- -1.00 (1)
0.6808 +- -1.00 (1)
0.6119 +- -1.00 (1)
0.6893 +- -1.00 (1)
0.6295 +- -1.00 (1)
0.6210 +- -1.00 (1)
0.7241 +- -1.00 (1)
0.6207 +- -1.00 (1)
0.6528 +- -1.00 (1)
0.5909 +- -1.00 (1)
0.5321 +- -1.00 (1)
0.6306 +- -1.00 (1)
0.6107 +- -1.00 (1)
0.6387 +- -1.00 (1)
0.5785 +- -1.00 (1)
0.5831 +- -1.00 (1)
0.7274 +- -1.00 (1)
0.6769 +- -1.00 (1)
0.6658 +- -1.00 (1)
0.5986 +- -1.00 (1)
0.6143 +- -1.00 (1)
0.6133 +- -1.00 (1)
0.6016 +- -1.00 (1)
