0.9627 0.7153 0.688 10
0.9829 0.5428 0.5319 25
0.9583 0.5504 0.5274 6
0.9745 0.6071 0.5893 14
0.9623 0.5974 0.5743 37
0.9688 0.6105 0.5914 5
0.9801 0.4581 0.4489 3
0.9882 0.6523 0.6442 10
0.9559 0.6455 0.6168 3
0.9593 0.8424 0.8065 11
0.9553 0.6669 0.6358 10
0.9622 0.7142 0.6862 17
0.987 0.9447 0.9308 15
0.9787 0.2658 0.26 5
0.973 0.6277 0.6107 5
0.9778 0.3353 0.3246 25
0.9866 0.5947 0.5858 11
0.9604 0.4133 0.3969 1
0.9819 0.2746 0.2696 2
0.9687 0.5029 0.4788 27
0.9728 0.6441 0.6259 9
0.9777 0.6462 0.6313 12
0.9731 0.7242 0.7041 14
0.9876 0.9035 0.8914 21
0.9771 0.6653 0.6463 17
0.984 0.5658 0.5566 4
0.9855 0.7508 0.7359 17
0.9828 0.7008 0.6851 13
0.9798 0.7554 0.7382 12
0.987 0.4547 0.4479 17
0.9703 0.5897 0.5697 15
0.977 0.6604 0.6441 8
0.981 0.3858 0.3782 12
0.9692 0.5993 0.5796 25
0.9791 0.592 0.5792 11
0.9823 0.83 0.814 11
0.9858 0.347 0.3416 16
0.972 0.7781 0.7536 16
0.9816 0.7315 0.7167 16
0.9804 0.7014 0.686 11
0.9796 0.7626 0.7447 12
0.9855 0.4834 0.4762 20
0.9829 0.7003 0.6838 19
0.9889 0.6629 0.6519 20
0.9759 0.6289 0.6129 15
0.9848 0.5416 0.5315 13
0.9872 0.5382 0.5302 21
0.9828 0.7157 0.7008 19
0.9796 0.6728 0.6586 12
0.9833 0.7804 0.7659 16
0.9804 0.7111 0.6948 13
0.9824 0.7189 0.7039 18
0.9863 0.7671 0.7564 13
0.9788 0.7535 0.7359 18
0.9819 0.638 0.6258 16
0.9867 0.5015 0.4925 24
0.9775 0.6833 0.6676 7
0.9788 0.6318 0.6182 8
0.9883 0.6721 0.662 17
0.9819 0.6219 0.6093 16
0.9819 0.6621 0.6484 14
0.9849 0.5927 0.5816 12
0.9815 0.6915 0.678 13
0.9845 0.6827 0.6703 20
0.9786 0.5485 0.536 14
0.9803 0.6928 0.6768 21
0.9863 0.7821 0.7694 16
0.9802 0.727 0.7108 19
0.9851 0.6079 0.5968 17
0.9843 0.4821 0.4732 12
0.9836 0.5647 0.5521 24
0.9838 0.7484 0.7349 14
0.9861 0.951 0.936 28
0.9788 0.5769 0.5633 19
0.9856 0.9177 0.9036 10
0.9844 0.5748 0.5638 20
0.9843 0.7163 0.7037 18
0.9746 0.5455 0.5316 6
0.9898 0.7794 0.7699 12
0.9853 0.6545 0.6419 25
0.9851 0.5205 0.5079 14
0.9835 0.6141 0.6022 16
0.9782 0.5896 0.5762 9
0.9879 0.6867 0.6776 12
0.9848 0.4768 0.4682 15
0.9861 0.594 0.5837 14
0.9838 0.7034 0.6885 26
0.9783 0.5867 0.5717 18
0.979 0.6501 0.6329 17
0.9838 0.5375 0.5282 14
0.9849 0.6025 0.5896 22
0.9809 0.5402 0.5278 15
0.9882 0.6933 0.6842 18
0.9796 0.7028 0.6874 18
0.9891 0.6505 0.6417 18
0.9839 0.648 0.6363 13
0.9823 0.6932 0.6787 17
0.9765 0.6772 0.6588 23
0.9879 0.7695 0.7585 12
0.9806 0.6548 0.6411 11
0.9849 0.7035 0.6907 36
0.9875 0.7677 0.7567 16
0.984 0.6304 0.6188 15
0.987 0.6248 0.6147 11
0.9899 0.6932 0.6834 23
0.9845 0.6314 0.6202 7
0.9863 0.7264 0.7145 23
0.9795 0.6175 0.6038 18
0.9826 0.6922 0.6771 19
0.9826 0.5936 0.5813 18
0.9832 0.621 0.6091 15
0.9821 0.6907 0.6757 13
0.9894 0.6009 0.593 16
0.9863 0.5774 0.5682 9
0.9881 0.5226 0.5123 21
0.9809 0.6454 0.6324 17
0.9842 0.688 0.6748 16
0.9755 0.6403 0.6234 20
0.9839 0.5734 0.5626 17
0.9833 0.6276 0.6163 19
0.9845 0.597 0.5861 18
0.9803 0.635 0.6213 15
0.981 0.7401 0.7225 16
0.984 0.6546 0.6431 12
0.9855 0.6262 0.6151 12
0.9821 0.6401 0.6273 22
0.9808 0.7167 0.7009 21
0.9834 0.6063 0.5936 21
0.9844 0.6757 0.6641 14
0.9813 0.7971 0.781 13
0.9794 0.7039 0.6883 15
0.9853 0.6257 0.6141 27
0.9849 0.6486 0.6374 17
0.9833 0.5971 0.5858 16
0.9827 0.6901 0.6762 12
0.9793 0.6457 0.6301 14
0.9823 0.7036 0.6882 12
0.9786 0.6278 0.6124 12
0.9854 0.5224 0.5126 13
0.9878 0.6228 0.6126 26
0.9804 0.6396 0.6254 15
0.9768 0.6808 0.6634 11
0.9708 0.6637 0.6425 19
0.9739 0.6841 0.6649 12
0.976 0.6318 0.6161 15
0.9741 0.5682 0.5494 18
0.9761 0.6333 0.6153 15
0.9775 0.6655 0.6485 15
0.9658 0.5702 0.5497 15
0.9803 0.7144 0.6966 14
0.9846 0.5288 0.5147 24
0.9717 0.6496 0.6298 12
0.9758 0.6066 0.5908 16
0.9757 0.5718 0.5564 10
0.9808 0.7112 0.6952 18
0.9759 0.6664 0.6485 24
0.977 0.5864 0.5716 21
0.9778 0.6019 0.587 22
0.9752 0.6367 0.6197 16
0.977 0.6048 0.5891 23
0.9775 0.5937 0.578 19
0.9719 0.706 0.6842 21
0.973 0.6707 0.6508 14
0.9725 0.6374 0.6179 12
0.9794 0.5951 0.5809 16
0.9761 0.7575 0.7346 17
0.9776 0.5326 0.5191 20
0.9753 0.6772 0.6591 23
0.9692 0.5947 0.5748 17
0.9685 0.6968 0.6737 12
0.9779 0.5829 0.5682 19
0.9684 0.7222 0.6982 12
0.9714 0.6854 0.6641 17
0.9788 0.659 0.6435 17
0.9682 0.6156 0.595 15
0.9777 0.6134 0.5962 14
0.9794 0.5962 0.5806 19
0.9746 0.7256 0.7051 17
0.9808 0.6596 0.6426 25
0.9735 0.6314 0.6128 18
0.977 0.6547 0.6365 17
0.9763 0.6674 0.6506 14
0.9717 0.665 0.6455 7
0.975 0.5673 0.5521 7
0.9758 0.603 0.586 21
0.9696 0.7279 0.7033 18
0.9734 0.6299 0.6119 16
0.9759 0.5592 0.5432 22
0.9704 0.6176 0.5978 14
0.9719 0.614 0.5949 24
0.9753 0.6342 0.6157 20
0.9761 0.598 0.5797 11
0.9759 0.6336 0.615 14
0.9751 0.6354 0.6186 8
0.9772 0.6751 0.6565 12
0.9761 0.6072 0.5917 22
0.9752 0.6559 0.6382 16
0.9766 0.6763 0.6586 15
0.9773 0.6761 0.659 12
0.9772 0.6657 0.6474 25
0.9751 0.6636 0.645 16
0.973 0.6576 0.6389 15
0.9699 0.7084 0.6843 24
0.9735 0.5878 0.5707 16
0.974 0.7144 0.6938 15
0.972 0.7439 0.7202 13
0.9769 0.7311 0.7116 13
0.975 0.5899 0.5734 21
0.9723 0.6011 0.583 6
0.9766 0.6706 0.6531 16
0.9775 0.7173 0.6991 22
0.9733 0.6227 0.6034 27
0.9669 0.5925 0.5697 13
0.9738 0.6667 0.647 12
0.9755 0.7155 0.6949 13
0.97 0.6292 0.6086 15
0.9768 0.6476 0.6309 22
0.9775 0.6673 0.6503 12
0.9766 0.6306 0.6145 14
0.9704 0.6492 0.6288 15
0.9711 0.5883 0.5704 11
0.9717 0.6638 0.6431 19
0.9741 0.6645 0.6442 17
0.9731 0.6125 0.5946 20
0.9745 0.7014 0.6812 14
0.9678 0.6542 0.6311 12
0.9677 0.7031 0.6785 15
0.9653 0.6552 0.63 14
0.9723 0.6802 0.6598 19
0.9717 0.6281 0.6086 17
0.9729 0.6366 0.6178 15
0.9738 0.621 0.603 23
0.9677 0.5843 0.5641 11
0.9723 0.5881 0.5704 16
0.9686 0.5828 0.5626 17
0.9732 0.597 0.5791 10
0.9718 0.7551 0.7313 7
0.976 0.6183 0.601 14
0.9725 0.6288 0.6089 20
0.9763 0.629 0.612 15
0.9706 0.6204 0.6004 16
0.9703 0.6446 0.6234 11
0.9686 0.6281 0.6066 14
0.9705 0.6075 0.5869 19
0.9702 0.6583 0.6372 8
0.968 0.6465 0.6241 13
0.9729 0.6367 0.6169 14
0.9745 0.6696 0.6506 13
0.9719 0.6895 0.6674 15
0.9685 0.6614 0.6389 14
0.9789 0.6644 0.6474 11
0.9732 0.6144 0.5957 17
0.9739 0.7032 0.6838 19
0.9739 0.5786 0.5607 24
0.976 0.6409 0.6228 17
0.9731 0.6605 0.641 17
0.9732 0.635 0.6163 12
0.9732 0.7102 0.6882 17
0.9742 0.5825 0.566 14
0.9694 0.585 0.5667 7
0.9728 0.6773 0.6568 12
0.9691 0.5789 0.5585 10
0.9707 0.6173 0.5965 17
0.9736 0.6788 0.6573 17
0.9718 0.5816 0.5626 15
0.9689 0.7257 0.7005 11
0.9721 0.7154 0.6929 22
0.965 0.5815 0.5586 9
0.9703 0.6654 0.6431 16
0.9709 0.6463 0.6258 30
0.9662 0.6403 0.6169 18
0.9687 0.645 0.6227 12
0.977 0.6129 0.5975 17
0.9713 0.6931 0.6705 9
0.9711 0.6789 0.6581 12
0.9702 0.6352 0.6147 18
0.9742 0.6542 0.6348 16
0.9687 0.6661 0.6434 19
0.971 0.6224 0.6032 18
0.9727 0.6343 0.6154 15
0.9725 0.6245 0.6055 12
0.9687 0.642 0.6196 10
0.9726 0.6027 0.5826 14
0.9701 0.6209 0.6005 15
0.9672 0.6347 0.6116 15
0.9745 0.6849 0.6647 18
0.9685 0.6217 0.5991 13
0.9672 0.5627 0.5427 10
0.9667 0.6402 0.6179 11
0.9723 0.6334 0.6145 22
0.9663 0.6703 0.6465 12
0.9718 0.6429 0.6224 20
0.9732 0.6504 0.6304 15
0.9753 0.6089 0.5914 19
0.9667 0.6065 0.5847 10
0.9709 0.6246 0.6045 9
0.9729 0.6158 0.5966 18
0.9706 0.6605 0.6388 14
0.9743 0.576 0.5589 15
0.9706 0.628 0.6077 12
0.9627 0.8733 0.8382 8
0.9829 1 0.981 29
0.7535 1 0.7535 6
0.9728 0.9614 0.9352 1
0.9667 0.7971 0.7706 2
0.9671 1 0.967 12
0.9335 1 0.9335 2
0.9882 1 0.9881 11
0.9481 0.7208 0.6824 12
0.9542 1 0.9542 3
0.9526 0.8316 0.7911 6
0.9622 1 0.9619 10
0.9842 0.7112 0.6971 10
0.9761 0.9481 0.9248 4
0.7931 1 0.7931 2
0.9778 1 0.9771 10
0.8075 1 0.8075 2
0.9604 0.5825 0.5579 4
0.8022 1 0.8022 8
0.9687 0.7305 0.6956 17
0.9415 1 0.9415 3
0.9799 1 0.9745 20
0.9729 0.9428 0.9128 22
0.9874 1 0.9868 14
0.967 1 0.967 6
0.9837 0.7765 0.7633 8
0.9846 1 0.9842 11
0.9257 1 0.9257 4
0.9739 1 0.9739 6
0.8496 1 0.8496 5
0.9703 0.7439 0.7201 15
0.968 1 0.968 7
0.9829 1 0.9792 13
0.9732 1 0.9695 19
0.8826 1 0.8826 5
0.9809 0.9708 0.9507 8
0.9237 1 0.9237 5
0.9701 1 0.9687 15
0.9803 1 0.98 17
0.9812 0.9876 0.957 16
0.9697 1 0.9696 8
0.973 1 0.9725 12
0.9723 1 0.9723 6
0.989 0.7787 0.768 21
0.9754 1 0.9748 13
0.9795 1 0.9791 6
0.9812 1 0.9812 6
0.9845 0.9355 0.9181 18
0.9606 1 0.9606 5
0.9823 1 0.9819 19
0.9818 1 0.9817 12
0.9788 1 0.9785 10
0.9853 1 0.9852 19
0.9812 1 0.9805 9
0.9822 1 0.9815 19
0.9867 1 0.9814 20
0.9696 1 0.9695 5
0.9788 1 0.9743 17
0.9899 0.9271 0.9174 15
0.981 1 0.9808 13
0.9834 0.9919 0.9722 17
0.98 1 0.9799 11
0.9809 1 0.9807 6
0.9823 1 0.9822 9
0.9786 1 0.9776 16
0.9804 1 0.9803 7
0.9739 1 0.9739 9
0.9773 1 0.9772 8
0.9799 1 0.973 18
0.9841 1 0.9815 12
0.9775 1 0.9766 11
0.9784 0.8177 0.7983 9
0.9889 1 0.9889 5
0.9786 1 0.978 16
0.9837 1 0.9836 8
0.9828 1 0.9827 7
0.972 1 0.972 8
0.9292 1 0.9292 4
0.9898 1 0.9869 25
0.9805 1 0.9798 11
0.9766 1 0.9765 14
0.9803 1 0.9803 7
0.9798 1 0.9778 20
0.9889 1 0.9813 19
0.9847 1 0.9844 11
0.9848 1 0.9847 4
0.9843 1 0.9841 11
0.9769 1 0.9768 9
0.9791 1 0.978 19
0.9836 1 0.9802 21
0.9764 1 0.9764 7
0.9759 1 0.9758 7
0.985 1 0.9839 13
0.9826 1 0.9817 15
0.9891 1 0.9863 22
0.9819 1 0.9817 10
0.9813 1 0.9807 10
0.9765 1 0.9752 18
0.9881 1 0.9839 29
0.982 1 0.9817 15
0.9777 1 0.9776 9
0.9877 1 0.9869 15
0.9796 1 0.9796 3
0.9832 1 0.9832 12
0.9877 1 0.9872 12
0.9832 1 0.9832 4
0.9776 1 0.9776 10
0.9759 1 0.9757 11
0.9795 1 0.9793 17
0.9775 1 0.9775 6
0.9826 0.8499 0.8334 10
0.9821 1 0.9817 8
0.9847 1 0.9847 3
0.9733 1 0.9733 5
0.9877 1 0.9871 15
0.9815 1 0.9809 21
0.9818 1 0.9816 13
0.9715 1 0.9713 16
0.9852 1 0.9849 11
0.9844 1 0.9842 11
0.9862 1 0.9862 6
0.9818 1 0.9753 31
0.9827 1 0.982 20
0.9868 1 0.9855 19
0.981 1 0.981 8
0.9817 1 0.9817 5
0.9811 1 0.9809 9
0.9795 1 0.9792 11
0.9846 1 0.9813 26
0.98 1 0.9798 16
0.9816 1 0.9812 12
0.9861 1 0.986 14
0.9738 1 0.9738 13
0.9803 1 0.9799 12
0.9875 1 0.9874 15
0.9799 1 0.9798 12
0.9816 1 0.9815 5
0.9791 1 0.9788 14
0.9806 1 0.9794 15
0.9838 1 0.9837 13
0.9797 1 0.9797 3
0.9774 1 0.9726 13
0.9689 1 0.9686 10
0.9725 1 0.9721 15
0.9755 1 0.9755 3
0.9772 1 0.9759 18
0.9732 1 0.9731 9
0.9629 1 0.9629 3
0.9653 1 0.9648 11
0.9739 1 0.9738 17
0.9764 1 0.9761 10
0.9752 1 0.9703 18
0.9774 1 0.9772 12
0.9754 1 0.9742 14
0.9741 1 0.974 15
0.9653 1 0.9653 3
0.9622 1 0.9622 6
0.9773 1 0.9772 6
0.9666 1 0.9666 5
0.9681 1 0.9681 6
0.8462 1 0.8462 3
0.9738 1 0.9738 10
0.9749 1 0.9743 16
0.9781 1 0.9781 7
0.974 1 0.974 13
0.978 1 0.9702 14
0.9774 1 0.977 13
0.9722 1 0.9722 6
0.9687 1 0.9687 3
0.9725 1 0.9703 16
0.9741 1 0.9735 12
0.9746 1 0.9735 16
0.963 1 0.963 4
0.9777 1 0.9777 6
0.9709 1 0.9689 15
0.9727 1 0.9723 15
0.9717 1 0.971 15
0.9729 1 0.9717 21
0.9815 1 0.9805 15
0.9735 1 0.9735 2
0.9738 1 0.9738 6
0.9733 1 0.9731 7
0.9576 1 0.9576 6
0.9776 1 0.9769 16
0.9755 1 0.9755 7
0.9739 1 0.9703 19
0.9776 1 0.9771 12
0.9786 1 0.9753 20
0.9728 1 0.9715 19
0.9544 1 0.9544 9
0.9712 1 0.9711 4
0.9752 1 0.9752 6
0.9663 1 0.9662 11
0.9735 1 0.9734 8
0.9789 1 0.9784 7
0.9765 1 0.9751 17
0.9733 1 0.9733 8
0.973 1 0.973 7
0.9802 1 0.9771 19
0.9758 1 0.9758 8
0.9724 1 0.9722 9
0.97 1 0.97 6
0.9594 1 0.9594 7
0.9711 1 0.9697 17
0.9757 1 0.9757 4
0.9752 1 0.9676 13
0.9751 1 0.975 17
0.9685 1 0.9685 9
0.9705 1 0.9703 8
0.9723 1 0.9722 4
0.9688 1 0.9688 7
0.9776 1 0.977 18
0.9718 1 0.9692 10
0.9719 1 0.9719 5
0.9735 1 0.9675 17
0.9765 1 0.976 11
0.9651 1 0.9651 6
0.9747 1 0.9745 11
0.9754 1 0.9739 14
0.971 1 0.971 11
0.9703 1 0.9701 7
0.9737 1 0.9721 19
0.9717 1 0.9716 9
0.9717 1 0.9715 9
0.972 1 0.9719 9
0.9725 1 0.9724 7
0.9688 1 0.9683 17
0.9671 1 0.9667 13
0.9597 1 0.9597 4
0.9729 1 0.9707 18
0.9688 1 0.9683 10
0.9775 1 0.9775 5
0.9677 1 0.967 4
0.9693 1 0.9693 11
0.9711 1 0.9706 14
0.9724 1 0.9695 10
0.9711 1 0.9711 8
0.9727 1 0.9727 8
0.9638 1 0.9637 12
0.9721 1 0.972 10
0.9702 1 0.9698 9
0.9721 1 0.9721 8
0.9667 1 0.9623 16
0.9653 1 0.9653 7
0.9658 1 0.9632 9
0.9717 1 0.9716 8
0.9703 1 0.9699 12
0.9709 1 0.9697 17
0.9674 1 0.9674 5
0.9725 1 0.9722 16
0.9762 1 0.9759 12
0.9742 1 0.9738 10
0.9785 1 0.9776 16
0.9745 1 0.9655 12
0.9764 1 0.9763 13
0.9578 1 0.9578 5
0.9702 1 0.9701 10
0.9721 1 0.9712 13
0.9756 1 0.9754 18
0.9703 1 0.9703 8
0.9676 1 0.9675 9
0.9679 1 0.9675 11
0.9585 1 0.9585 6
0.9716 1 0.9715 8
0.9741 1 0.9655 13
0.9674 1 0.9615 12
0.9715 1 0.9715 6
0.9692 1 0.9622 11
0.9644 1 0.9643 11
0.9527 1 0.9527 6
0.9697 1 0.9695 10
0.9692 1 0.969 17
0.9736 1 0.9632 11
0.9673 1 0.9672 15
0.967 1 0.9667 10
0.9664 1 0.9664 3
0.9501 1 0.9501 4
0.9716 1 0.97 13
0.9735 1 0.9733 9
0.9742 1 0.9738 10
0.9749 1 0.9709 15
0.9621 1 0.9556 15
0.9717 1 0.9675 12
0.9707 1 0.9705 15
0.9733 1 0.9732 6
0.9679 1 0.9509 10
0.9704 1 0.9704 8
0.9631 1 0.963 8
0.9732 1 0.9684 14
0.9764 1 0.9762 13
0.9701 1 0.964 7
0.9682 1 0.9681 10
0.9719 1 0.9696 9
0.9718 1 0.9718 12
0.9692 1 0.9691 12
0.9612 1 0.9591 10
0.9702 1 0.9698 16
0.954 1 0.954 5
0.975 1 0.9719 15
0.9715 1 0.965 14
0.7667 1 0.7667 5
0.981 0.9933 0.973 19
0.9434 1 0.9433 8
0.9716 0.9624 0.9349 8
0.9485 1 0.9484 6
0.9708 0.9998 0.9693 8
0.6863 1 0.6863 2
0.9611 1 0.9611 4
0.695 1 0.695 6
0.9593 0.7012 0.6723 6
0.73 1 0.73 3
0.7288 1 0.7288 4
0.9844 1 0.9837 19
0.7904 1 0.7904 3
0.76 1 0.76 5
0.9383 1 0.9383 4
0.7015 1 0.7015 1
0.9604 0.984 0.9414 4
0.6677 1 0.6677 5
0.9687 0.9999 0.9677 15
0.9595 1 0.9595 3
0.5727 1 0.5727 3
0.9711 1 0.9711 4
0.6345 1 0.6345 1
0.9533 1 0.9533 12
0.5613 1 0.5613 2
0.9841 1 0.984 11
0.7101 1 0.7101 3
0.9755 1 0.9743 11
0.9821 1 0.9818 7
0.9696 1 0.9696 7
0.8134 1 0.8134 4
0.853 1 0.853 2
0.9727 1 0.9711 13
0.9712 1 0.9711 8
0.9683 1 0.9683 5
0.9696 1 0.9696 6
0.9701 1 0.967 21
0.749 1 0.749 3
0.9484 1 0.9484 3
0.9785 1 0.9784 14
0.9334 1 0.9334 5
0.9824 1 0.9824 5
0.8721 1 0.8721 5
0.6999 1 0.6999 3
0.6845 1 0.6845 3
0.9741 1 0.9741 7
0.974 1 0.9739 8
0.8253 1 0.8253 5
0.982 1 0.9811 16
0.8752 1 0.8752 2
0.9811 1 0.9809 5
0.8733 1 0.8733 3
0.9777 1 0.9777 4
0.7406 1 0.7406 4
0.9796 1 0.9793 7
0.9692 1 0.9692 9
0.9572 1 0.9572 5
0.987 1 0.9851 17
0.7278 1 0.7278 4
0.9574 1 0.9574 7
0.9838 1 0.9827 20
0.9645 1 0.9644 6
0.7487 1 0.7487 1
0.9786 1 0.9778 15
0.978 1 0.9777 13
0.9512 1 0.9512 4
0.9559 1 0.9559 6
0.9374 1 0.9374 2
0.9836 1 0.9833 14
0.9776 1 0.9776 6
0.7987 1 0.7987 3
0.9905 1 0.9894 14
0.7981 1 0.7981 4
0.7664 1 0.7664 5
0.9844 1 0.9828 15
0.9095 1 0.9095 3
0.8669 1 0.8669 4
0.7937 1 0.7937 2
0.7787 1 0.7787 4
0.7772 1 0.7772 9
0.9837 1 0.9832 11
0.9798 1 0.9791 15
0.7093 1 0.7093 2
0.9794 1 0.9792 13
0.975 1 0.975 5
0.7585 1 0.7585 2
0.9705 1 0.9705 5
0.9784 1 0.9778 21
0.9836 1 0.9832 16
0.9781 1 0.9781 8
0.9314 1 0.9314 4
0.8215 1 0.8215 6
0.9789 1 0.9783 14
0.9827 1 0.9822 11
0.9844 1 0.9843 7
0.8606 1 0.8606 5
0.8013 1 0.8013 2
0.986 1 0.986 6
0.9685 1 0.9685 1
0.9827 1 0.9826 15
0.9746 1 0.9746 3
0.9791 1 0.9791 9
0.7957 1 0.7957 3
0.8189 1 0.8189 2
0.9048 1 0.9048 2
0.9276 1 0.9276 3
0.9748 1 0.9748 2
0.7619 1 0.7619 2
0.8933 1 0.8933 2
0.9289 1 0.9289 2
0.8624 1 0.8624 2
0.9798 1 0.9798 3
0.9035 1 0.9035 4
0.9872 1 0.9872 4
0.7984 1 0.7984 3
0.9186 1 0.9186 7
0.7861 1 0.7861 1
0.9749 1 0.9749 3
0.9829 1 0.9828 16
0.9827 1 0.9827 8
0.965 1 0.965 4
0.9812 1 0.981 14
0.985 1 0.9849 7
0.9672 1 0.9672 2
0.9232 1 0.9232 2
0.9773 1 0.9773 7
0.9707 1 0.9705 6
0.979 1 0.979 8
0.9824 1 0.9817 22
0.854 1 0.854 4
0.9777 1 0.9777 8
0.9688 1 0.9688 4
0.9781 1 0.9781 4
0.8865 1 0.8865 4
0.9573 1 0.9573 1
0.8814 1 0.8814 2
0.946 1 0.946 4
0.9585 1 0.9585 5
0.9805 1 0.9803 12
0.9443 1 0.9443 5
0.7606 1 0.7606 2
0.9555 1 0.9555 9
0.7833 1 0.7833 3
0.9466 1 0.9466 8
0.9586 1 0.9586 6
0.8215 1 0.8215 3
0.8324 1 0.8324 4
0.7546 1 0.7546 2
0.9495 1 0.9495 3
0.8133 1 0.8133 3
0.9703 1 0.9698 10
0.8412 1 0.8412 3
0.8256 1 0.8256 2
0.9723 1 0.9723 6
0.7255 1 0.7255 1
0.9486 1 0.9486 4
0.8774 1 0.8774 3
0.9415 1 0.9415 5
0.9611 1 0.9611 5
0.972 1 0.972 4
0.9556 1 0.9556 7
0.9588 1 0.9588 6
0.77 1 0.77 3
0.9748 1 0.9748 5
0.842 1 0.842 3
0.8676 1 0.8676 3
0.9516 1 0.9516 5
0.8798 1 0.8798 4
0.9602 1 0.9602 7
0.9685 1 0.9685 6
0.9646 1 0.9645 10
0.9568 1 0.9568 6
0.9645 1 0.9645 6
0.9141 1 0.9141 2
0.9614 1 0.9613 12
0.8218 1 0.8218 2
0.9396 1 0.9396 3
0.9621 1 0.9621 6
0.8211 1 0.8211 4
0.9432 1 0.9432 3
0.9351 1 0.9351 2
0.9413 1 0.9413 2
0.9753 1 0.9753 7
0.9686 1 0.9686 8
0.928 1 0.928 4
0.8251 1 0.8251 2
0.8683 1 0.8683 2
0.9651 1 0.9651 6
0.8951 1 0.8951 2
0.9498 1 0.9498 5
0.9488 1 0.9488 3
0.9294 1 0.9294 2
0.9417 1 0.9417 9
0.9533 1 0.9533 4
0.9146 1 0.9146 2
0.9646 1 0.9646 1
0.9376 1 0.9376 5
0.9676 1 0.9676 4
0.9157 1 0.9157 4
0.9098 1 0.9098 2
0.9672 1 0.9672 9
0.8991 1 0.8991 2
0.8194 1 0.8194 2
0.9007 1 0.9007 5
0.9311 1 0.9311 5
0.9312 1 0.9312 2
0.9528 1 0.9528 3
0.9572 1 0.9572 4
0.962 1 0.962 4
0.9353 1 0.9353 4
0.9396 1 0.9396 3
0.8829 1 0.8829 1
0.8033 1 0.8033 3
0.7889 1 0.7889 3
0.9616 1 0.9616 11
0.9574 1 0.9574 3
0.8826 1 0.8826 3
0.9232 1 0.9232 1
0.9727 1 0.9726 16
0.9686 1 0.9685 12
0.9529 1 0.9529 6
0.8089 1 0.8089 1
0.8345 1 0.8345 2
0.8839 1 0.8839 2
0.791 1 0.791 3
0.735 1 0.735 2
0.9548 1 0.9548 3
0.8988 1 0.8988 1
0.8856 1 0.8856 2
0.8039 1 0.8039 4
0.9577 1 0.9577 5
0.8933 1 0.8933 5
0.9367 1 0.9367 2
0.9649 1 0.9647 13
0.9695 1 0.9695 10
0.9137 1 0.9137 5
0.9441 1 0.9441 3
0.8566 1 0.8566 4
0.8996 1 0.8996 4
0.9148 1 0.9148 4
0.8981 1 0.8981 3
0.8308 1 0.8308 2
0.7701 1 0.7701 2
0.912 1 0.912 3
0.8897 1 0.8897 3
0.9425 1 0.9425 2
0.8639 1 0.8639 5
0.8645 1 0.8645 3
0.8966 1 0.8966 1
0.8953 1 0.8953 1
0.944 1 0.944 2
0.7606 1 0.7606 2
0.8721 1 0.8721 2
0.8757 1 0.8757 4
0.9529 1 0.9529 7
0.8906 1 0.8906 2
0.9146 1 0.9146 3
0.9443 1 0.9443 4
0.904 1 0.904 1
0.8145 1 0.8145 3
0.9239 1 0.9239 2
0.8314 1 0.8314 3
0.9666 1 0.9665 13
0.7336 1 0.7336 2
0.967 1 0.9638 7
0.9061 1 0.9061 3
0.9374 1 0.9374 3
0.9362 1 0.9362 2
0.7832 1 0.7832 3
0.922 1 0.922 4
0.8613 1 0.8613 3
0.9721 1 0.9721 5
0.9203 1 0.9203 3
0.9524 1 0.9524 1
0.9356 1 0.9356 3
0.7355 1 0.7355 3
0.949 1 0.949 2
0.9597 1 0.9597 8
0.8643 1 0.8643 1
0.8524 1 0.8524 1
0.9223 1 0.9223 3
0.948 1 0.948 6
0.9576 1 0.9576 9
0.8322 1 0.8322 2
0.9668 1 0.9668 8
0.829 1 0.829 2
0.8757 1 0.8757 1
0.9456 1 0.9456 4
0.8097 1 0.8097 3
0.8793 1 0.8793 5
0.7208 1 0.7208 4
0.8319 1 0.8319 3
0.9638 1 0.9638 5
0.9618 1 0.9618 5
0.9444 1 0.9444 4
0.8383 1 0.8383 1
0.843 1 0.843 2
0.9016 1 0.9016 5
0.8805 1 0.8805 4