0.0003 +- -1.00 (1)
0.0027 +- -1.00 (1)
0.0001 +- -1.00 (1)
0.0001 +- -1.00 (1)
0.0020 +- -1.00 (1)
0.0021 +- -1.00 (1)
0.0063 +- -1.00 (1)
0.0048 +- -1.00 (1)
0.0016 +- -1.00 (1)
0.0012 +- -1.00 (1)
0.0282 +- -1.00 (1)
0.0053 +- -1.00 (1)
0.0008 +- -1.00 (1)
0.0008 +- -1.00 (1)
0.0034 +- -1.00 (1)
0.0012 +- -1.00 (1)
0.0012 +- -1.00 (1)
0.0011 +- -1.00 (1)
0.0007 +- -1.00 (1)
0.0069 +- -1.00 (1)
0.0029 +- -1.00 (1)
0.0078 +- -1.00 (1)
0.0073 +- -1.00 (1)
0.0035 +- -1.00 (1)
0.0067 +- -1.00 (1)
0.0056 +- -1.00 (1)
0.0014 +- -1.00 (1)
0.0046 +- -1.00 (1)
0.0154 +- -1.00 (1)
0.0016 +- -1.00 (1)
0.0032 +- -1.00 (1)
0.0049 +- -1.00 (1)
0.0034 +- -1.00 (1)
0.0045 +- -1.00 (1)
0.0072 +- -1.00 (1)
0.0031 +- -1.00 (1)
0.0032 +- -1.00 (1)
0.0096 +- -1.00 (1)
0.0022 +- -1.00 (1)
0.0038 +- -1.00 (1)
0.0052 +- -1.00 (1)
0.0072 +- -1.00 (1)
0.0081 +- -1.00 (1)
0.0019 +- -1.00 (1)
0.0039 +- -1.00 (1)
0.0026 +- -1.00 (1)
0.0033 +- -1.00 (1)
0.0023 +- -1.00 (1)
0.0034 +- -1.00 (1)
0.0040 +- -1.00 (1)
0.0080 +- -1.00 (1)
0.0019 +- -1.00 (1)
0.0060 +- -1.00 (1)
0.0055 +- -1.00 (1)
0.0037 +- -1.00 (1)
0.0299 +- -1.00 (1)
0.0096 +- -1.00 (1)
0.0044 +- -1.00 (1)
0.0029 +- -1.00 (1)
0.0050 +- -1.00 (1)
0.0062 +- -1.00 (1)
0.0131 +- -1.00 (1)
0.0031 +- -1.00 (1)
0.0088 +- -1.00 (1)
0.0035 +- -1.00 (1)
0.0034 +- -1.00 (1)
0.0040 +- -1.00 (1)
0.0046 +- -1.00 (1)
0.0013 +- -1.00 (1)
0.0083 +- -1.00 (1)
0.0073 +- -1.00 (1)
0.0016 +- -1.00 (1)
0.0017 +- -1.00 (1)
0.0048 +- -1.00 (1)
0.0062 +- -1.00 (1)
0.0110 +- -1.00 (1)
0.0036 +- -1.00 (1)
0.0071 +- -1.00 (1)
0.0092 +- -1.00 (1)
0.0072 +- -1.00 (1)
0.0256 +- -1.00 (1)
0.0151 +- -1.00 (1)
0.0212 +- -1.00 (1)
0.0134 +- -1.00 (1)
0.0097 +- -1.00 (1)
0.0029 +- -1.00 (1)
0.0056 +- -1.00 (1)
0.0033 +- -1.00 (1)
0.0113 +- -1.00 (1)
0.0041 +- -1.00 (1)
0.0018 +- -1.00 (1)
0.0055 +- -1.00 (1)
0.0050 +- -1.00 (1)
0.0108 +- -1.00 (1)
0.0043 +- -1.00 (1)
0.0057 +- -1.00 (1)
0.0053 +- -1.00 (1)
0.0081 +- -1.00 (1)
0.0100 +- -1.00 (1)
0.0020 +- -1.00 (1)
0.0033 +- -1.00 (1)
0.0023 +- -1.00 (1)
0.0088 +- -1.00 (1)
0.0119 +- -1.00 (1)
0.0063 +- -1.00 (1)
0.0084 +- -1.00 (1)
0.0054 +- -1.00 (1)
0.0089 +- -1.00 (1)
0.0044 +- -1.00 (1)
0.0107 +- -1.00 (1)
0.0074 +- -1.00 (1)
0.0060 +- -1.00 (1)
0.0057 +- -1.00 (1)
0.0034 +- -1.00 (1)
0.0035 +- -1.00 (1)
0.0209 +- -1.00 (1)
0.0058 +- -1.00 (1)
0.0168 +- -1.00 (1)
0.0155 +- -1.00 (1)
0.0053 +- -1.00 (1)
0.0119 +- -1.00 (1)
0.0064 +- -1.00 (1)
0.0085 +- -1.00 (1)
0.0028 +- -1.00 (1)
0.0067 +- -1.00 (1)
0.0068 +- -1.00 (1)
0.0038 +- -1.00 (1)
0.0036 +- -1.00 (1)
0.0080 +- -1.00 (1)
0.0051 +- -1.00 (1)
0.0073 +- -1.00 (1)
0.0067 +- -1.00 (1)
0.0077 +- -1.00 (1)
0.0063 +- -1.00 (1)
0.0061 +- -1.00 (1)
0.0009 +- -1.00 (1)
0.0033 +- -1.00 (1)
0.0053 +- -1.00 (1)
0.0060 +- -1.00 (1)
0.0033 +- -1.00 (1)
0.0055 +- -1.00 (1)
0.0083 +- -1.00 (1)
0.0065 +- -1.00 (1)
0.0126 +- -1.00 (1)
0.0075 +- -1.00 (1)
0.0059 +- -1.00 (1)
0.0045 +- -1.00 (1)
0.0038 +- -1.00 (1)
0.0102 +- -1.00 (1)
0.0040 +- -1.00 (1)
0.0154 +- -1.00 (1)
0.0144 +- -1.00 (1)
0.0039 +- -1.00 (1)
0.0023 +- -1.00 (1)
0.0095 +- -1.00 (1)
0.0104 +- -1.00 (1)
0.0104 +- -1.00 (1)
0.0047 +- -1.00 (1)
0.0141 +- -1.00 (1)
0.0096 +- -1.00 (1)
0.0098 +- -1.00 (1)
0.0130 +- -1.00 (1)
0.0049 +- -1.00 (1)
0.0095 +- -1.00 (1)
0.0150 +- -1.00 (1)
0.0033 +- -1.00 (1)
0.0083 +- -1.00 (1)
0.0034 +- -1.00 (1)
0.0086 +- -1.00 (1)
0.0062 +- -1.00 (1)
0.0124 +- -1.00 (1)
0.0071 +- -1.00 (1)
0.0051 +- -1.00 (1)
0.0152 +- -1.00 (1)
0.0040 +- -1.00 (1)
0.0129 +- -1.00 (1)
0.0100 +- -1.00 (1)
0.0035 +- -1.00 (1)
0.0062 +- -1.00 (1)
0.0113 +- -1.00 (1)
0.0104 +- -1.00 (1)
0.0055 +- -1.00 (1)
0.0040 +- -1.00 (1)
0.0095 +- -1.00 (1)
0.0089 +- -1.00 (1)
0.0022 +- -1.00 (1)
0.0054 +- -1.00 (1)
0.0159 +- -1.00 (1)
0.0133 +- -1.00 (1)
0.0123 +- -1.00 (1)
0.0066 +- -1.00 (1)
0.0090 +- -1.00 (1)
0.0137 +- -1.00 (1)
0.0103 +- -1.00 (1)
0.0084 +- -1.00 (1)
0.0192 +- -1.00 (1)
0.0100 +- -1.00 (1)
0.0122 +- -1.00 (1)
0.0121 +- -1.00 (1)
0.0178 +- -1.00 (1)
0.0177 +- -1.00 (1)
0.0039 +- -1.00 (1)
0.0046 +- -1.00 (1)
0.0161 +- -1.00 (1)
0.0068 +- -1.00 (1)
0.0080 +- -1.00 (1)
0.0108 +- -1.00 (1)
0.0057 +- -1.00 (1)
0.0091 +- -1.00 (1)
0.0049 +- -1.00 (1)
0.0228 +- -1.00 (1)
0.0187 +- -1.00 (1)
0.0047 +- -1.00 (1)
0.0051 +- -1.00 (1)
0.0059 +- -1.00 (1)
0.0124 +- -1.00 (1)
0.0052 +- -1.00 (1)
0.0087 +- -1.00 (1)
0.0114 +- -1.00 (1)
0.0080 +- -1.00 (1)
0.0130 +- -1.00 (1)
0.0152 +- -1.00 (1)
0.0046 +- -1.00 (1)
0.0043 +- -1.00 (1)
0.0050 +- -1.00 (1)
0.0090 +- -1.00 (1)
0.0152 +- -1.00 (1)
0.0071 +- -1.00 (1)
0.0085 +- -1.00 (1)
0.0095 +- -1.00 (1)
0.0118 +- -1.00 (1)
0.0032 +- -1.00 (1)
0.0036 +- -1.00 (1)
0.0138 +- -1.00 (1)
0.0081 +- -1.00 (1)
0.0083 +- -1.00 (1)
0.0149 +- -1.00 (1)
0.0163 +- -1.00 (1)
0.0073 +- -1.00 (1)
0.0159 +- -1.00 (1)
0.0112 +- -1.00 (1)
0.0078 +- -1.00 (1)
0.0103 +- -1.00 (1)
0.0039 +- -1.00 (1)
0.0160 +- -1.00 (1)
0.0098 +- -1.00 (1)
0.0087 +- -1.00 (1)
0.0070 +- -1.00 (1)
0.0057 +- -1.00 (1)
0.0076 +- -1.00 (1)
0.0048 +- -1.00 (1)
0.0093 +- -1.00 (1)
0.0118 +- -1.00 (1)
0.0117 +- -1.00 (1)
0.0075 +- -1.00 (1)
0.0050 +- -1.00 (1)
0.0127 +- -1.00 (1)
0.0100 +- -1.00 (1)
0.0095 +- -1.00 (1)
0.0077 +- -1.00 (1)
0.0102 +- -1.00 (1)
0.0084 +- -1.00 (1)
0.0080 +- -1.00 (1)
0.0126 +- -1.00 (1)
0.0117 +- -1.00 (1)
0.0121 +- -1.00 (1)
0.0071 +- -1.00 (1)
0.0084 +- -1.00 (1)
0.0080 +- -1.00 (1)
0.0090 +- -1.00 (1)
0.0050 +- -1.00 (1)
0.0083 +- -1.00 (1)
0.0113 +- -1.00 (1)
0.0197 +- -1.00 (1)
0.0086 +- -1.00 (1)
0.0146 +- -1.00 (1)
0.0127 +- -1.00 (1)
0.0132 +- -1.00 (1)
0.0250 +- -1.00 (1)
0.0116 +- -1.00 (1)
0.0166 +- -1.00 (1)
0.0106 +- -1.00 (1)
0.0205 +- -1.00 (1)
0.0059 +- -1.00 (1)
0.0125 +- -1.00 (1)
0.0090 +- -1.00 (1)
0.0084 +- -1.00 (1)
0.0073 +- -1.00 (1)
0.0099 +- -1.00 (1)
0.0065 +- -1.00 (1)
0.0044 +- -1.00 (1)
0.0071 +- -1.00 (1)
0.0042 +- -1.00 (1)
0.0084 +- -1.00 (1)
0.0077 +- -1.00 (1)
0.0052 +- -1.00 (1)
0.0165 +- -1.00 (1)
0.0083 +- -1.00 (1)
0.0137 +- -1.00 (1)
0.0120 +- -1.00 (1)
0.0005 +- -1.00 (1)
0.0060 +- -1.00 (1)
0.0003 +- -1.00 (1)
0.0001 +- -1.00 (1)
0.0205 +- -1.00 (1)
0.0037 +- -1.00 (1)
0.0005 +- -1.00 (1)
0.0110 +- -1.00 (1)
0.0086 +- -1.00 (1)
0.0365 +- -1.00 (1)
0.0029 +- -1.00 (1)
0.0008 +- -1.00 (1)
0.0016 +- -1.00 (1)
0.0012 +- -1.00 (1)
0.0015 +- -1.00 (1)
0.0026 +- -1.00 (1)
0.0000 +- -1.00 (1)
0.0110 +- -1.00 (1)
0.0000 +- -1.00 (1)
0.0192 +- -1.00 (1)
0.1010 +- -1.00 (1)
0.0003 +- -1.00 (1)
0.0050 +- -1.00 (1)
0.0005 +- -1.00 (1)
0.0005 +- -1.00 (1)
0.0022 +- -1.00 (1)
0.0002 +- -1.00 (1)
0.0201 +- -1.00 (1)
0.0074 +- -1.00 (1)
0.0000 +- -1.00 (1)
0.0038 +- -1.00 (1)
0.0172 +- -1.00 (1)
0.0014 +- -1.00 (1)
0.0002 +- -1.00 (1)
0.0538 +- -1.00 (1)
0.0120 +- -1.00 (1)
0.0399 +- -1.00 (1)
0.0008 +- -1.00 (1)
0.0019 +- -1.00 (1)
0.0093 +- -1.00 (1)
0.0051 +- -1.00 (1)
0.0106 +- -1.00 (1)
0.0138 +- -1.00 (1)
0.0052 +- -1.00 (1)
0.0015 +- -1.00 (1)
0.0009 +- -1.00 (1)
0.0091 +- -1.00 (1)
0.0084 +- -1.00 (1)
0.0003 +- -1.00 (1)
0.0032 +- -1.00 (1)
0.0112 +- -1.00 (1)
0.0111 +- -1.00 (1)
0.0022 +- -1.00 (1)
0.0055 +- -1.00 (1)
0.0045 +- -1.00 (1)
0.0061 +- -1.00 (1)
0.0005 +- -1.00 (1)
0.0034 +- -1.00 (1)
0.0034 +- -1.00 (1)
0.0097 +- -1.00 (1)
0.0044 +- -1.00 (1)
0.0024 +- -1.00 (1)
0.0020 +- -1.00 (1)
0.0067 +- -1.00 (1)
0.0188 +- -1.00 (1)
0.0043 +- -1.00 (1)
0.0362 +- -1.00 (1)
0.0056 +- -1.00 (1)
0.0103 +- -1.00 (1)
0.0038 +- -1.00 (1)
0.0106 +- -1.00 (1)
0.0160 +- -1.00 (1)
0.0074 +- -1.00 (1)
0.0048 +- -1.00 (1)
0.0061 +- -1.00 (1)
0.0632 +- -1.00 (1)
0.0324 +- -1.00 (1)
0.0122 +- -1.00 (1)
0.0162 +- -1.00 (1)
0.0344 +- -1.00 (1)
0.0056 +- -1.00 (1)
0.0351 +- -1.00 (1)
0.0032 +- -1.00 (1)
0.0105 +- -1.00 (1)
0.0101 +- -1.00 (1)
0.0118 +- -1.00 (1)
0.0089 +- -1.00 (1)
0.0269 +- -1.00 (1)
0.0105 +- -1.00 (1)
0.0082 +- -1.00 (1)
0.0055 +- -1.00 (1)
0.0028 +- -1.00 (1)
0.0057 +- -1.00 (1)
0.0105 +- -1.00 (1)
0.0171 +- -1.00 (1)
0.0040 +- -1.00 (1)
0.0014 +- -1.00 (1)
0.0018 +- -1.00 (1)
0.0030 +- -1.00 (1)
0.0035 +- -1.00 (1)
0.0023 +- -1.00 (1)
0.0021 +- -1.00 (1)
0.0048 +- -1.00 (1)
0.0093 +- -1.00 (1)
0.0090 +- -1.00 (1)
0.0008 +- -1.00 (1)
0.0026 +- -1.00 (1)
0.0400 +- -1.00 (1)
0.0021 +- -1.00 (1)
0.0039 +- -1.00 (1)
0.0054 +- -1.00 (1)
0.0061 +- -1.00 (1)
0.0259 +- -1.00 (1)
0.0064 +- -1.00 (1)
0.0078 +- -1.00 (1)
0.0118 +- -1.00 (1)
0.0055 +- -1.00 (1)
0.0126 +- -1.00 (1)
0.0069 +- -1.00 (1)
0.0066 +- -1.00 (1)
0.0221 +- -1.00 (1)
0.0133 +- -1.00 (1)
0.0157 +- -1.00 (1)
0.0111 +- -1.00 (1)
0.0048 +- -1.00 (1)
0.0049 +- -1.00 (1)
0.0130 +- -1.00 (1)
0.0312 +- -1.00 (1)
0.0040 +- -1.00 (1)
0.0030 +- -1.00 (1)
0.0089 +- -1.00 (1)
0.0043 +- -1.00 (1)
0.0301 +- -1.00 (1)
0.0038 +- -1.00 (1)
0.0208 +- -1.00 (1)
0.0124 +- -1.00 (1)
0.0203 +- -1.00 (1)
0.0149 +- -1.00 (1)
0.0141 +- -1.00 (1)
0.0105 +- -1.00 (1)
0.0125 +- -1.00 (1)
0.0105 +- -1.00 (1)
0.0042 +- -1.00 (1)
0.0052 +- -1.00 (1)
0.0173 +- -1.00 (1)
0.0058 +- -1.00 (1)
0.0043 +- -1.00 (1)
0.0079 +- -1.00 (1)
0.0142 +- -1.00 (1)
0.0060 +- -1.00 (1)
0.0120 +- -1.00 (1)
0.0136 +- -1.00 (1)
0.0056 +- -1.00 (1)
0.0141 +- -1.00 (1)
0.0054 +- -1.00 (1)
0.0151 +- -1.00 (1)
0.0031 +- -1.00 (1)
0.0126 +- -1.00 (1)
0.0134 +- -1.00 (1)
0.0160 +- -1.00 (1)
0.0023 +- -1.00 (1)
0.0131 +- -1.00 (1)
0.0081 +- -1.00 (1)
0.0052 +- -1.00 (1)
0.0078 +- -1.00 (1)
0.0069 +- -1.00 (1)
0.0049 +- -1.00 (1)
0.0100 +- -1.00 (1)
0.0285 +- -1.00 (1)
0.0116 +- -1.00 (1)
0.0108 +- -1.00 (1)
0.0090 +- -1.00 (1)
0.0013 +- -1.00 (1)
0.0036 +- -1.00 (1)
0.0081 +- -1.00 (1)
0.0044 +- -1.00 (1)
0.0076 +- -1.00 (1)
0.0116 +- -1.00 (1)
0.0076 +- -1.00 (1)
0.0084 +- -1.00 (1)
0.0131 +- -1.00 (1)
0.0043 +- -1.00 (1)
0.0050 +- -1.00 (1)
0.0474 +- -1.00 (1)
0.0072 +- -1.00 (1)
0.0087 +- -1.00 (1)
0.0087 +- -1.00 (1)
0.0098 +- -1.00 (1)
0.0061 +- -1.00 (1)
0.0061 +- -1.00 (1)
0.0192 +- -1.00 (1)
0.0266 +- -1.00 (1)
0.0069 +- -1.00 (1)
0.0144 +- -1.00 (1)
0.0086 +- -1.00 (1)
0.0085 +- -1.00 (1)
0.0089 +- -1.00 (1)
0.0142 +- -1.00 (1)
0.0152 +- -1.00 (1)
0.0133 +- -1.00 (1)
0.0085 +- -1.00 (1)
0.0077 +- -1.00 (1)
0.0078 +- -1.00 (1)
0.0055 +- -1.00 (1)
0.0045 +- -1.00 (1)
0.0095 +- -1.00 (1)
0.0103 +- -1.00 (1)
0.0092 +- -1.00 (1)
0.0060 +- -1.00 (1)
0.0122 +- -1.00 (1)
0.0050 +- -1.00 (1)
0.0105 +- -1.00 (1)
0.0100 +- -1.00 (1)
0.0094 +- -1.00 (1)
0.0060 +- -1.00 (1)
0.0081 +- -1.00 (1)
0.0126 +- -1.00 (1)
0.0215 +- -1.00 (1)
0.0128 +- -1.00 (1)
0.0116 +- -1.00 (1)
0.0069 +- -1.00 (1)
0.0071 +- -1.00 (1)
0.0158 +- -1.00 (1)
0.0088 +- -1.00 (1)
0.0100 +- -1.00 (1)
0.0071 +- -1.00 (1)
0.0099 +- -1.00 (1)
0.0056 +- -1.00 (1)
0.0056 +- -1.00 (1)
0.0154 +- -1.00 (1)
0.0207 +- -1.00 (1)
0.0029 +- -1.00 (1)
0.0051 +- -1.00 (1)
0.0195 +- -1.00 (1)
0.0042 +- -1.00 (1)
0.0104 +- -1.00 (1)
0.0127 +- -1.00 (1)
0.0109 +- -1.00 (1)
0.0098 +- -1.00 (1)
0.0117 +- -1.00 (1)
0.0090 +- -1.00 (1)
0.0118 +- -1.00 (1)
0.0045 +- -1.00 (1)
0.0112 +- -1.00 (1)
0.0120 +- -1.00 (1)
0.0065 +- -1.00 (1)
0.0075 +- -1.00 (1)
0.0036 +- -1.00 (1)
0.0072 +- -1.00 (1)
0.0152 +- -1.00 (1)
0.0108 +- -1.00 (1)
0.0067 +- -1.00 (1)
0.0107 +- -1.00 (1)
0.0060 +- -1.00 (1)
0.0110 +- -1.00 (1)
0.0030 +- -1.00 (1)
0.0172 +- -1.00 (1)
0.0179 +- -1.00 (1)
0.0057 +- -1.00 (1)
0.0026 +- -1.00 (1)
0.0112 +- -1.00 (1)
0.0075 +- -1.00 (1)
0.0025 +- -1.00 (1)
0.0112 +- -1.00 (1)
0.0155 +- -1.00 (1)
0.0074 +- -1.00 (1)
0.0126 +- -1.00 (1)
0.0059 +- -1.00 (1)
0.0074 +- -1.00 (1)
0.0000 +- -1.00 (1)
0.0070 +- -1.00 (1)
0.0148 +- -1.00 (1)
0.0169 +- -1.00 (1)
0.0194 +- -1.00 (1)
0.0143 +- -1.00 (1)
0.0072 +- -1.00 (1)
0.0036 +- -1.00 (1)
0.0055 +- -1.00 (1)
0.0170 +- -1.00 (1)
0.0077 +- -1.00 (1)
0.0067 +- -1.00 (1)
0.0068 +- -1.00 (1)
0.0115 +- -1.00 (1)
0.0082 +- -1.00 (1)
0.0067 +- -1.00 (1)
0.0052 +- -1.00 (1)
0.0084 +- -1.00 (1)
0.0052 +- -1.00 (1)
0.0146 +- -1.00 (1)
0.0093 +- -1.00 (1)
0.0087 +- -1.00 (1)
0.0051 +- -1.00 (1)
0.0125 +- -1.00 (1)
0.0140 +- -1.00 (1)
0.0173 +- -1.00 (1)
0.0093 +- -1.00 (1)
0.0125 +- -1.00 (1)
0.0104 +- -1.00 (1)
0.0144 +- -1.00 (1)
0.0038 +- -1.00 (1)
0.0000 +- -1.00 (1)
0.0042 +- -1.00 (1)
0.0007 +- -1.00 (1)
0.0020 +- -1.00 (1)
0.0219 +- -1.00 (1)
0.0045 +- -1.00 (1)
0.0246 +- -1.00 (1)
0.0000 +- -1.00 (1)
0.0000 +- -1.00 (1)
0.0005 +- -1.00 (1)
0.0000 +- -1.00 (1)
0.0035 +- -1.00 (1)
0.0202 +- -1.00 (1)
0.0062 +- -1.00 (1)
0.0076 +- -1.00 (1)
0.0057 +- -1.00 (1)
0.0002 +- -1.00 (1)
0.0086 +- -1.00 (1)
0.0000 +- -1.00 (1)
0.0845 +- -1.00 (1)
0.0013 +- -1.00 (1)
0.0071 +- -1.00 (1)
0.0099 +- -1.00 (1)
0.0000 +- -1.00 (1)
0.0006 +- -1.00 (1)
0.0000 +- -1.00 (1)
0.0018 +- -1.00 (1)
0.0086 +- -1.00 (1)
0.0001 +- -1.00 (1)
0.0063 +- -1.00 (1)
0.0418 +- -1.00 (1)
0.0139 +- -1.00 (1)
0.0600 +- -1.00 (1)
0.0092 +- -1.00 (1)
0.0003 +- -1.00 (1)
0.0544 +- -1.00 (1)
0.1139 +- -1.00 (1)
0.0036 +- -1.00 (1)
0.0031 +- -1.00 (1)
0.0000 +- -1.00 (1)
0.0010 +- -1.00 (1)
0.0009 +- -1.00 (1)
0.0087 +- -1.00 (1)
0.2187 +- -1.00 (1)
0.0368 +- -1.00 (1)
0.0045 +- -1.00 (1)
0.0000 +- -1.00 (1)
0.0061 +- -1.00 (1)
0.0207 +- -1.00 (1)
0.1724 +- -1.00 (1)
0.0100 +- -1.00 (1)
0.0025 +- -1.00 (1)
0.1131 +- -1.00 (1)
0.0739 +- -1.00 (1)
0.0164 +- -1.00 (1)
0.0038 +- -1.00 (1)
0.0012 +- -1.00 (1)
0.0038 +- -1.00 (1)
0.0177 +- -1.00 (1)
0.0064 +- -1.00 (1)
0.0474 +- -1.00 (1)
0.0062 +- -1.00 (1)
0.0272 +- -1.00 (1)
0.0221 +- -1.00 (1)
0.0070 +- -1.00 (1)
0.0049 +- -1.00 (1)
0.0107 +- -1.00 (1)
0.0002 +- -1.00 (1)
0.0076 +- -1.00 (1)
0.0562 +- -1.00 (1)
0.0727 +- -1.00 (1)
0.0005 +- -1.00 (1)
0.0064 +- -1.00 (1)
0.0880 +- -1.00 (1)
0.0371 +- -1.00 (1)
0.0047 +- -1.00 (1)
0.1126 +- -1.00 (1)
0.0001 +- -1.00 (1)
0.0212 +- -1.00 (1)
0.0568 +- -1.00 (1)
0.0111 +- -1.00 (1)
0.0047 +- -1.00 (1)
0.0105 +- -1.00 (1)
0.0013 +- -1.00 (1)
0.1181 +- -1.00 (1)
0.0430 +- -1.00 (1)
0.0034 +- -1.00 (1)
0.0318 +- -1.00 (1)
0.0117 +- -1.00 (1)
0.0011 +- -1.00 (1)
0.0052 +- -1.00 (1)
0.0850 +- -1.00 (1)
0.0182 +- -1.00 (1)
0.0059 +- -1.00 (1)
0.0301 +- -1.00 (1)
0.0199 +- -1.00 (1)
0.0109 +- -1.00 (1)
0.0377 +- -1.00 (1)
0.0035 +- -1.00 (1)
0.0149 +- -1.00 (1)
0.0048 +- -1.00 (1)
0.0021 +- -1.00 (1)
0.0053 +- -1.00 (1)
0.0342 +- -1.00 (1)
0.0243 +- -1.00 (1)
0.0110 +- -1.00 (1)
0.0906 +- -1.00 (1)
0.0080 +- -1.00 (1)
0.0197 +- -1.00 (1)
0.0079 +- -1.00 (1)
0.0571 +- -1.00 (1)
0.0328 +- -1.00 (1)
0.0499 +- -1.00 (1)
0.0764 +- -1.00 (1)
0.0968 +- -1.00 (1)
0.0062 +- -1.00 (1)
0.0181 +- -1.00 (1)
0.0092 +- -1.00 (1)
0.0287 +- -1.00 (1)
0.0067 +- -1.00 (1)
0.0130 +- -1.00 (1)
0.0408 +- -1.00 (1)
0.0057 +- -1.00 (1)
0.0043 +- -1.00 (1)
0.0591 +- -1.00 (1)
0.0375 +- -1.00 (1)
0.0444 +- -1.00 (1)
0.0356 +- -1.00 (1)
0.0178 +- -1.00 (1)
0.0052 +- -1.00 (1)
0.0261 +- -1.00 (1)
0.0065 +- -1.00 (1)
0.0111 +- -1.00 (1)
0.1049 +- -1.00 (1)
0.0108 +- -1.00 (1)
0.0240 +- -1.00 (1)
0.0246 +- -1.00 (1)
0.0433 +- -1.00 (1)
0.0293 +- -1.00 (1)
0.0460 +- -1.00 (1)
0.0124 +- -1.00 (1)
0.0049 +- -1.00 (1)
0.0262 +- -1.00 (1)
0.0000 +- -1.00 (1)
0.0119 +- -1.00 (1)
0.0158 +- -1.00 (1)
0.0058 +- -1.00 (1)
0.0067 +- -1.00 (1)
0.0061 +- -1.00 (1)
0.0174 +- -1.00 (1)
0.0182 +- -1.00 (1)
0.0093 +- -1.00 (1)
0.0157 +- -1.00 (1)
0.0156 +- -1.00 (1)
0.0111 +- -1.00 (1)
0.0000 +- -1.00 (1)
0.0085 +- -1.00 (1)
0.0464 +- -1.00 (1)
0.0137 +- -1.00 (1)
0.0093 +- -1.00 (1)
0.0313 +- -1.00 (1)
0.0112 +- -1.00 (1)
0.0037 +- -1.00 (1)
0.0000 +- -1.00 (1)
0.0334 +- -1.00 (1)
0.0011 +- -1.00 (1)
0.0190 +- -1.00 (1)
0.0371 +- -1.00 (1)
0.0090 +- -1.00 (1)
0.0377 +- -1.00 (1)
0.0437 +- -1.00 (1)
0.0235 +- -1.00 (1)
0.0028 +- -1.00 (1)
0.0135 +- -1.00 (1)
0.0199 +- -1.00 (1)
0.0177 +- -1.00 (1)
0.0000 +- -1.00 (1)
0.0052 +- -1.00 (1)
0.0136 +- -1.00 (1)
0.0147 +- -1.00 (1)
0.0066 +- -1.00 (1)
0.0279 +- -1.00 (1)
0.0062 +- -1.00 (1)
0.0088 +- -1.00 (1)
0.0073 +- -1.00 (1)
0.0238 +- -1.00 (1)
0.0222 +- -1.00 (1)
0.0169 +- -1.00 (1)
0.0357 +- -1.00 (1)
0.0163 +- -1.00 (1)
0.0163 +- -1.00 (1)
0.0359 +- -1.00 (1)
0.0035 +- -1.00 (1)
0.0097 +- -1.00 (1)
0.0122 +- -1.00 (1)
0.0016 +- -1.00 (1)
0.0339 +- -1.00 (1)
0.0156 +- -1.00 (1)
0.0105 +- -1.00 (1)
0.0153 +- -1.00 (1)
0.0076 +- -1.00 (1)
0.0134 +- -1.00 (1)
0.0172 +- -1.00 (1)
0.0233 +- -1.00 (1)
0.0204 +- -1.00 (1)
0.0178 +- -1.00 (1)
0.0072 +- -1.00 (1)
0.0112 +- -1.00 (1)
0.0082 +- -1.00 (1)
0.0350 +- -1.00 (1)
0.0052 +- -1.00 (1)
0.0124 +- -1.00 (1)
0.0025 +- -1.00 (1)
0.0001 +- -1.00 (1)
0.0102 +- -1.00 (1)
0.0100 +- -1.00 (1)
0.0146 +- -1.00 (1)
0.0635 +- -1.00 (1)
0.0171 +- -1.00 (1)
0.0152 +- -1.00 (1)
0.0431 +- -1.00 (1)
0.0072 +- -1.00 (1)
0.0149 +- -1.00 (1)
0.0155 +- -1.00 (1)
0.0226 +- -1.00 (1)
0.0065 +- -1.00 (1)
0.0045 +- -1.00 (1)
0.0035 +- -1.00 (1)
0.0051 +- -1.00 (1)
0.0000 +- -1.00 (1)
0.0021 +- -1.00 (1)
0.0131 +- -1.00 (1)
0.0029 +- -1.00 (1)
0.0336 +- -1.00 (1)
0.0045 +- -1.00 (1)
0.0093 +- -1.00 (1)
0.0030 +- -1.00 (1)
0.0071 +- -1.00 (1)
0.0203 +- -1.00 (1)
0.0203 +- -1.00 (1)
0.0037 +- -1.00 (1)
0.0149 +- -1.00 (1)
0.0106 +- -1.00 (1)
0.0092 +- -1.00 (1)
0.0115 +- -1.00 (1)
0.0026 +- -1.00 (1)
0.0066 +- -1.00 (1)
0.0075 +- -1.00 (1)
0.0090 +- -1.00 (1)
0.0284 +- -1.00 (1)
0.0053 +- -1.00 (1)
0.0394 +- -1.00 (1)
0.0094 +- -1.00 (1)
0.0003 +- -1.00 (1)
0.0000 +- -1.00 (1)
0.0065 +- -1.00 (1)
0.0003 +- -1.00 (1)
0.0299 +- -1.00 (1)
0.0182 +- -1.00 (1)
0.0035 +- -1.00 (1)
0.0063 +- -1.00 (1)
0.0006 +- -1.00 (1)
0.0013 +- -1.00 (1)
0.0066 +- -1.00 (1)
0.0022 +- -1.00 (1)
0.0062 +- -1.00 (1)
0.0018 +- -1.00 (1)
0.0071 +- -1.00 (1)
0.0126 +- -1.00 (1)
0.0000 +- -1.00 (1)
0.0137 +- -1.00 (1)
0.0018 +- -1.00 (1)
0.0423 +- -1.00 (1)
0.0207 +- -1.00 (1)
0.0050 +- -1.00 (1)
0.0167 +- -1.00 (1)
0.0172 +- -1.00 (1)
0.0059 +- -1.00 (1)
0.0127 +- -1.00 (1)
0.0057 +- -1.00 (1)
0.0059 +- -1.00 (1)
0.0080 +- -1.00 (1)
0.0166 +- -1.00 (1)
0.0071 +- -1.00 (1)
0.0099 +- -1.00 (1)
0.0098 +- -1.00 (1)
0.0006 +- -1.00 (1)
0.0022 +- -1.00 (1)
0.0178 +- -1.00 (1)
0.0000 +- -1.00 (1)
0.0000 +- -1.00 (1)
0.0000 +- -1.00 (1)
0.0131 +- -1.00 (1)
0.0244 +- -1.00 (1)
0.0038 +- -1.00 (1)
0.0094 +- -1.00 (1)
0.0029 +- -1.00 (1)
0.0005 +- -1.00 (1)
0.0004 +- -1.00 (1)
0.0025 +- -1.00 (1)
0.0009 +- -1.00 (1)
0.0034 +- -1.00 (1)
0.0004 +- -1.00 (1)
0.0001 +- -1.00 (1)
0.0000 +- -1.00 (1)
0.0009 +- -1.00 (1)
0.0048 +- -1.00 (1)
0.0086 +- -1.00 (1)
0.0016 +- -1.00 (1)
0.0022 +- -1.00 (1)
0.0142 +- -1.00 (1)
0.0009 +- -1.00 (1)
0.0022 +- -1.00 (1)
0.0011 +- -1.00 (1)
0.0022 +- -1.00 (1)
0.0006 +- -1.00 (1)
0.0008 +- -1.00 (1)
0.0021 +- -1.00 (1)
0.0000 +- -1.00 (1)
0.0110 +- -1.00 (1)
0.0085 +- -1.00 (1)
0.0047 +- -1.00 (1)
0.0009 +- -1.00 (1)
0.0015 +- -1.00 (1)
0.0115 +- -1.00 (1)
0.0011 +- -1.00 (1)
0.0008 +- -1.00 (1)
0.0005 +- -1.00 (1)
0.0053 +- -1.00 (1)
0.0022 +- -1.00 (1)
0.0046 +- -1.00 (1)
0.0010 +- -1.00 (1)
0.0014 +- -1.00 (1)
0.0029 +- -1.00 (1)
0.0045 +- -1.00 (1)
0.0024 +- -1.00 (1)
0.0057 +- -1.00 (1)
0.0049 +- -1.00 (1)
0.0044 +- -1.00 (1)
0.0097 +- -1.00 (1)
0.0096 +- -1.00 (1)
0.0179 +- -1.00 (1)
0.0018 +- -1.00 (1)
0.0036 +- -1.00 (1)
0.0033 +- -1.00 (1)
0.0055 +- -1.00 (1)
0.0030 +- -1.00 (1)
0.0021 +- -1.00 (1)
0.0022 +- -1.00 (1)
0.0034 +- -1.00 (1)
0.0049 +- -1.00 (1)
0.0016 +- -1.00 (1)
0.0035 +- -1.00 (1)
0.0020 +- -1.00 (1)
0.0025 +- -1.00 (1)
0.0042 +- -1.00 (1)
0.0099 +- -1.00 (1)
0.0079 +- -1.00 (1)
0.0081 +- -1.00 (1)
0.0077 +- -1.00 (1)
0.0158 +- -1.00 (1)
0.0120 +- -1.00 (1)
0.0054 +- -1.00 (1)
0.0030 +- -1.00 (1)
0.0074 +- -1.00 (1)
0.0012 +- -1.00 (1)
0.0039 +- -1.00 (1)
0.0022 +- -1.00 (1)
0.0055 +- -1.00 (1)
0.0231 +- -1.00 (1)
0.0018 +- -1.00 (1)
0.0047 +- -1.00 (1)
0.0054 +- -1.00 (1)
0.0064 +- -1.00 (1)
0.0094 +- -1.00 (1)
0.0140 +- -1.00 (1)
0.0050 +- -1.00 (1)
0.0041 +- -1.00 (1)
0.0138 +- -1.00 (1)
0.0128 +- -1.00 (1)
0.0103 +- -1.00 (1)
0.0072 +- -1.00 (1)
0.0036 +- -1.00 (1)
0.0049 +- -1.00 (1)
0.0095 +- -1.00 (1)
0.0023 +- -1.00 (1)
0.0034 +- -1.00 (1)
0.0062 +- -1.00 (1)
0.0050 +- -1.00 (1)
0.0044 +- -1.00 (1)
0.0021 +- -1.00 (1)
0.0045 +- -1.00 (1)
0.0080 +- -1.00 (1)
0.0083 +- -1.00 (1)
0.0082 +- -1.00 (1)
0.0063 +- -1.00 (1)
0.0064 +- -1.00 (1)
0.0046 +- -1.00 (1)
0.0103 +- -1.00 (1)
0.0056 +- -1.00 (1)
0.0084 +- -1.00 (1)
0.0122 +- -1.00 (1)
0.0066 +- -1.00 (1)
0.0074 +- -1.00 (1)
0.0122 +- -1.00 (1)
0.0036 +- -1.00 (1)
0.0093 +- -1.00 (1)
0.0086 +- -1.00 (1)
0.0085 +- -1.00 (1)
0.0034 +- -1.00 (1)
0.0025 +- -1.00 (1)
0.0111 +- -1.00 (1)
0.0085 +- -1.00 (1)
0.0052 +- -1.00 (1)
0.0103 +- -1.00 (1)
0.0056 +- -1.00 (1)
0.0056 +- -1.00 (1)
0.0097 +- -1.00 (1)
0.0080 +- -1.00 (1)
0.0109 +- -1.00 (1)
0.0170 +- -1.00 (1)
0.0066 +- -1.00 (1)
0.0046 +- -1.00 (1)
0.0141 +- -1.00 (1)
0.0083 +- -1.00 (1)
0.0060 +- -1.00 (1)
0.0067 +- -1.00 (1)
0.0047 +- -1.00 (1)
0.0044 +- -1.00 (1)
0.0040 +- -1.00 (1)
0.0056 +- -1.00 (1)
0.0037 +- -1.00 (1)
0.0057 +- -1.00 (1)
0.0068 +- -1.00 (1)
0.0049 +- -1.00 (1)
0.0035 +- -1.00 (1)
0.0050 +- -1.00 (1)
0.0118 +- -1.00 (1)
0.0063 +- -1.00 (1)
0.0070 +- -1.00 (1)
0.0114 +- -1.00 (1)
0.0103 +- -1.00 (1)
0.0033 +- -1.00 (1)
0.0043 +- -1.00 (1)
0.0121 +- -1.00 (1)
0.0053 +- -1.00 (1)
0.0049 +- -1.00 (1)
0.0070 +- -1.00 (1)
0.0046 +- -1.00 (1)
0.0097 +- -1.00 (1)
0.0159 +- -1.00 (1)
0.0121 +- -1.00 (1)
0.0046 +- -1.00 (1)
0.0067 +- -1.00 (1)
0.0089 +- -1.00 (1)
0.0148 +- -1.00 (1)
0.0061 +- -1.00 (1)
0.0153 +- -1.00 (1)
0.0117 +- -1.00 (1)
0.0069 +- -1.00 (1)
0.0069 +- -1.00 (1)
0.0071 +- -1.00 (1)
0.0057 +- -1.00 (1)
0.0045 +- -1.00 (1)
0.0134 +- -1.00 (1)
0.0075 +- -1.00 (1)
0.0091 +- -1.00 (1)
0.0074 +- -1.00 (1)
0.0037 +- -1.00 (1)
0.0159 +- -1.00 (1)
0.0089 +- -1.00 (1)
0.0094 +- -1.00 (1)
0.0082 +- -1.00 (1)
0.0094 +- -1.00 (1)
0.0049 +- -1.00 (1)
0.0099 +- -1.00 (1)
0.0045 +- -1.00 (1)
0.0115 +- -1.00 (1)
0.0092 +- -1.00 (1)
0.0082 +- -1.00 (1)
0.0048 +- -1.00 (1)
0.0125 +- -1.00 (1)
0.0055 +- -1.00 (1)
0.0056 +- -1.00 (1)
0.0114 +- -1.00 (1)
0.0036 +- -1.00 (1)
0.0122 +- -1.00 (1)
0.0038 +- -1.00 (1)
0.0073 +- -1.00 (1)
0.0148 +- -1.00 (1)
0.0098 +- -1.00 (1)
0.0100 +- -1.00 (1)
0.0067 +- -1.00 (1)
0.0050 +- -1.00 (1)
0.0058 +- -1.00 (1)
0.0100 +- -1.00 (1)
0.0129 +- -1.00 (1)
0.0121 +- -1.00 (1)
0.0155 +- -1.00 (1)
0.0090 +- -1.00 (1)
0.0136 +- -1.00 (1)
0.0095 +- -1.00 (1)
0.0048 +- -1.00 (1)
0.0121 +- -1.00 (1)
0.0068 +- -1.00 (1)
0.0061 +- -1.00 (1)
0.0071 +- -1.00 (1)
0.0066 +- -1.00 (1)
0.0045 +- -1.00 (1)
0.0112 +- -1.00 (1)
0.0140 +- -1.00 (1)
0.0085 +- -1.00 (1)
0.0095 +- -1.00 (1)
0.0030 +- -1.00 (1)
0.0083 +- -1.00 (1)
0.0086 +- -1.00 (1)
0.0047 +- -1.00 (1)
0.0135 +- -1.00 (1)
0.0177 +- -1.00 (1)
0.0030 +- -1.00 (1)
0.0087 +- -1.00 (1)
0.0064 +- -1.00 (1)
0.0113 +- -1.00 (1)
0.0091 +- -1.00 (1)
0.0043 +- -1.00 (1)
0.0057 +- -1.00 (1)
0.0106 +- -1.00 (1)
0.0056 +- -1.00 (1)
0.0109 +- -1.00 (1)
0.0070 +- -1.00 (1)
0.0165 +- -1.00 (1)
0.0094 +- -1.00 (1)
0.0078 +- -1.00 (1)
0.0091 +- -1.00 (1)
0.0088 +- -1.00 (1)
0.0102 +- -1.00 (1)
0.0151 +- -1.00 (1)
0.0108 +- -1.00 (1)
0.0066 +- -1.00 (1)
0.0081 +- -1.00 (1)
0.0081 +- -1.00 (1)
0.0078 +- -1.00 (1)
0.0052 +- -1.00 (1)
0.0148 +- -1.00 (1)
0.0103 +- -1.00 (1)
0.0047 +- -1.00 (1)
0.0131 +- -1.00 (1)
0.0060 +- -1.00 (1)
0.0102 +- -1.00 (1)
0.0162 +- -1.00 (1)
0.0150 +- -1.00 (1)
0.0119 +- -1.00 (1)
0.0172 +- -1.00 (1)
0.0108 +- -1.00 (1)
0.0149 +- -1.00 (1)
0.0102 +- -1.00 (1)
0.0142 +- -1.00 (1)
0.0101 +- -1.00 (1)
0.0142 +- -1.00 (1)
0.0087 +- -1.00 (1)
0.0127 +- -1.00 (1)
0.0057 +- -1.00 (1)
0.0064 +- -1.00 (1)
0.0108 +- -1.00 (1)
0.0106 +- -1.00 (1)
0.0085 +- -1.00 (1)
0.0094 +- -1.00 (1)
0.0060 +- -1.00 (1)
0.0093 +- -1.00 (1)
0.0117 +- -1.00 (1)
0.0151 +- -1.00 (1)
0.0108 +- -1.00 (1)
0.0147 +- -1.00 (1)
0.0106 +- -1.00 (1)
0.0129 +- -1.00 (1)
0.0162 +- -1.00 (1)
0.0184 +- -1.00 (1)
0.0095 +- -1.00 (1)
0.0100 +- -1.00 (1)
0.0078 +- -1.00 (1)
0.0165 +- -1.00 (1)
0.0086 +- -1.00 (1)
0.0087 +- -1.00 (1)
0.0109 +- -1.00 (1)
0.0074 +- -1.00 (1)
0.0099 +- -1.00 (1)
0.0081 +- -1.00 (1)
0.0061 +- -1.00 (1)
0.0074 +- -1.00 (1)
0.0084 +- -1.00 (1)
0.0078 +- -1.00 (1)
0.0126 +- -1.00 (1)
0.0059 +- -1.00 (1)
0.0125 +- -1.00 (1)
0.0114 +- -1.00 (1)
0.0162 +- -1.00 (1)
0.0096 +- -1.00 (1)
0.0193 +- -1.00 (1)
0.0072 +- -1.00 (1)
0.0051 +- -1.00 (1)
0.0006 +- -1.00 (1)
0.0035 +- -1.00 (1)
0.0001 +- -1.00 (1)
0.0002 +- -1.00 (1)
0.0000 +- -1.00 (1)
0.0009 +- -1.00 (1)
0.0006 +- -1.00 (1)
0.0084 +- -1.00 (1)
0.0013 +- -1.00 (1)
0.0417 +- -1.00 (1)
0.0133 +- -1.00 (1)
0.0005 +- -1.00 (1)
0.0016 +- -1.00 (1)
0.0013 +- -1.00 (1)
0.0376 +- -1.00 (1)
0.0040 +- -1.00 (1)
0.0000 +- -1.00 (1)
0.0021 +- -1.00 (1)
0.0000 +- -1.00 (1)
0.0179 +- -1.00 (1)
0.0829 +- -1.00 (1)
0.0018 +- -1.00 (1)
0.0011 +- -1.00 (1)
0.0015 +- -1.00 (1)
0.0014 +- -1.00 (1)
0.0002 +- -1.00 (1)
0.0006 +- -1.00 (1)
0.0048 +- -1.00 (1)
0.0046 +- -1.00 (1)
0.0003 +- -1.00 (1)
0.0030 +- -1.00 (1)
0.0014 +- -1.00 (1)
0.0020 +- -1.00 (1)
0.0011 +- -1.00 (1)
0.0125 +- -1.00 (1)
0.0043 +- -1.00 (1)
0.0472 +- -1.00 (1)
0.0020 +- -1.00 (1)
0.0044 +- -1.00 (1)
0.0154 +- -1.00 (1)
0.0022 +- -1.00 (1)
0.0040 +- -1.00 (1)
0.0051 +- -1.00 (1)
0.0029 +- -1.00 (1)
0.0041 +- -1.00 (1)
0.0001 +- -1.00 (1)
0.0023 +- -1.00 (1)
0.0038 +- -1.00 (1)
0.0031 +- -1.00 (1)
0.0019 +- -1.00 (1)
0.0022 +- -1.00 (1)
0.0040 +- -1.00 (1)
0.0049 +- -1.00 (1)
0.0036 +- -1.00 (1)
0.0040 +- -1.00 (1)
0.0113 +- -1.00 (1)
0.0032 +- -1.00 (1)
0.0091 +- -1.00 (1)
0.0021 +- -1.00 (1)
0.0122 +- -1.00 (1)
0.0093 +- -1.00 (1)
0.0121 +- -1.00 (1)
0.0087 +- -1.00 (1)
0.0015 +- -1.00 (1)
0.0063 +- -1.00 (1)
0.0013 +- -1.00 (1)
0.0140 +- -1.00 (1)
0.0033 +- -1.00 (1)
0.0017 +- -1.00 (1)
0.0078 +- -1.00 (1)
0.0043 +- -1.00 (1)
0.0026 +- -1.00 (1)
0.0048 +- -1.00 (1)
0.0116 +- -1.00 (1)
0.0046 +- -1.00 (1)
0.0085 +- -1.00 (1)
0.0088 +- -1.00 (1)
0.0084 +- -1.00 (1)
0.0162 +- -1.00 (1)
0.0122 +- -1.00 (1)
0.0089 +- -1.00 (1)
0.0033 +- -1.00 (1)
0.0038 +- -1.00 (1)
0.0052 +- -1.00 (1)
0.0033 +- -1.00 (1)
0.0007 +- -1.00 (1)
0.0042 +- -1.00 (1)
0.0059 +- -1.00 (1)
0.0030 +- -1.00 (1)
0.0029 +- -1.00 (1)
0.0033 +- -1.00 (1)
0.0030 +- -1.00 (1)
0.0079 +- -1.00 (1)
0.0104 +- -1.00 (1)
0.0137 +- -1.00 (1)
0.0028 +- -1.00 (1)
0.0049 +- -1.00 (1)
0.0043 +- -1.00 (1)
0.0153 +- -1.00 (1)
0.0030 +- -1.00 (1)
0.0027 +- -1.00 (1)
0.0141 +- -1.00 (1)
0.0068 +- -1.00 (1)
0.0055 +- -1.00 (1)
0.0118 +- -1.00 (1)
0.0019 +- -1.00 (1)
0.0050 +- -1.00 (1)
0.0167 +- -1.00 (1)
0.0137 +- -1.00 (1)
0.0017 +- -1.00 (1)
0.0066 +- -1.00 (1)
0.0033 +- -1.00 (1)
0.0063 +- -1.00 (1)
0.0045 +- -1.00 (1)
0.0098 +- -1.00 (1)
0.0053 +- -1.00 (1)
0.0054 +- -1.00 (1)
0.0032 +- -1.00 (1)
0.0077 +- -1.00 (1)
0.0107 +- -1.00 (1)
0.0124 +- -1.00 (1)
0.0084 +- -1.00 (1)
0.0046 +- -1.00 (1)
0.0095 +- -1.00 (1)
0.0089 +- -1.00 (1)
0.0037 +- -1.00 (1)
0.0084 +- -1.00 (1)
0.0084 +- -1.00 (1)
0.0053 +- -1.00 (1)
0.0038 +- -1.00 (1)
0.0111 +- -1.00 (1)
0.0031 +- -1.00 (1)
0.0038 +- -1.00 (1)
0.0087 +- -1.00 (1)
0.0104 +- -1.00 (1)
0.0170 +- -1.00 (1)
0.0020 +- -1.00 (1)
0.0082 +- -1.00 (1)
0.0096 +- -1.00 (1)
0.0031 +- -1.00 (1)
0.0112 +- -1.00 (1)
0.0075 +- -1.00 (1)
0.0033 +- -1.00 (1)
0.0033 +- -1.00 (1)
0.0096 +- -1.00 (1)
0.0058 +- -1.00 (1)
0.0056 +- -1.00 (1)
0.0035 +- -1.00 (1)
0.0049 +- -1.00 (1)
0.0092 +- -1.00 (1)
0.0139 +- -1.00 (1)
0.0104 +- -1.00 (1)
0.0091 +- -1.00 (1)
0.0044 +- -1.00 (1)
0.0046 +- -1.00 (1)
0.0037 +- -1.00 (1)
0.0009 +- -1.00 (1)
0.0144 +- -1.00 (1)
0.0044 +- -1.00 (1)
0.0053 +- -1.00 (1)
0.0045 +- -1.00 (1)
0.0064 +- -1.00 (1)
0.0052 +- -1.00 (1)
0.0043 +- -1.00 (1)
0.0098 +- -1.00 (1)
0.0058 +- -1.00 (1)
0.0114 +- -1.00 (1)
0.0063 +- -1.00 (1)
0.0032 +- -1.00 (1)
0.0135 +- -1.00 (1)
0.0061 +- -1.00 (1)
0.0058 +- -1.00 (1)
0.0023 +- -1.00 (1)
0.0090 +- -1.00 (1)
0.0075 +- -1.00 (1)
0.0065 +- -1.00 (1)
0.0049 +- -1.00 (1)
0.0100 +- -1.00 (1)
0.0170 +- -1.00 (1)
0.0100 +- -1.00 (1)
0.0146 +- -1.00 (1)
0.0092 +- -1.00 (1)
0.0036 +- -1.00 (1)
0.0092 +- -1.00 (1)
0.0119 +- -1.00 (1)
0.0086 +- -1.00 (1)
0.0058 +- -1.00 (1)
0.0046 +- -1.00 (1)
0.0051 +- -1.00 (1)
0.0060 +- -1.00 (1)
0.0084 +- -1.00 (1)
0.0044 +- -1.00 (1)
0.0037 +- -1.00 (1)
0.0071 +- -1.00 (1)
0.0079 +- -1.00 (1)
0.0155 +- -1.00 (1)
0.0072 +- -1.00 (1)
0.0117 +- -1.00 (1)
0.0071 +- -1.00 (1)
0.0094 +- -1.00 (1)
0.0119 +- -1.00 (1)
0.0055 +- -1.00 (1)
0.0024 +- -1.00 (1)
0.0130 +- -1.00 (1)
0.0112 +- -1.00 (1)
0.0094 +- -1.00 (1)
0.0114 +- -1.00 (1)
0.0075 +- -1.00 (1)
0.0143 +- -1.00 (1)
0.0126 +- -1.00 (1)
0.0081 +- -1.00 (1)
0.0111 +- -1.00 (1)
0.0080 +- -1.00 (1)
0.0045 +- -1.00 (1)
0.0079 +- -1.00 (1)
0.0047 +- -1.00 (1)
0.0040 +- -1.00 (1)
0.0184 +- -1.00 (1)
0.0133 +- -1.00 (1)
0.0067 +- -1.00 (1)
0.0089 +- -1.00 (1)
0.0098 +- -1.00 (1)
0.0029 +- -1.00 (1)
0.0084 +- -1.00 (1)
0.0032 +- -1.00 (1)
0.0062 +- -1.00 (1)
0.0096 +- -1.00 (1)
0.0109 +- -1.00 (1)
0.0166 +- -1.00 (1)
0.0101 +- -1.00 (1)
0.0142 +- -1.00 (1)
0.0118 +- -1.00 (1)
0.0036 +- -1.00 (1)
0.0022 +- -1.00 (1)
0.0095 +- -1.00 (1)
0.0080 +- -1.00 (1)
0.0101 +- -1.00 (1)
0.0065 +- -1.00 (1)
0.0111 +- -1.00 (1)
0.0039 +- -1.00 (1)
0.0061 +- -1.00 (1)
0.0142 +- -1.00 (1)
0.0073 +- -1.00 (1)
0.0126 +- -1.00 (1)
0.0084 +- -1.00 (1)
0.0063 +- -1.00 (1)
0.0073 +- -1.00 (1)
0.0046 +- -1.00 (1)
0.0090 +- -1.00 (1)
0.0132 +- -1.00 (1)
0.0157 +- -1.00 (1)
0.0086 +- -1.00 (1)
0.0144 +- -1.00 (1)
0.0092 +- -1.00 (1)
0.0166 +- -1.00 (1)
0.0085 +- -1.00 (1)
0.0154 +- -1.00 (1)
0.0084 +- -1.00 (1)
0.0120 +- -1.00 (1)
0.0049 +- -1.00 (1)
0.0107 +- -1.00 (1)
0.0097 +- -1.00 (1)
0.0066 +- -1.00 (1)
0.0096 +- -1.00 (1)
0.0078 +- -1.00 (1)
0.0034 +- -1.00 (1)
0.0117 +- -1.00 (1)
0.0078 +- -1.00 (1)
0.0107 +- -1.00 (1)
0.0047 +- -1.00 (1)
0.0044 +- -1.00 (1)
0.0099 +- -1.00 (1)
0.0112 +- -1.00 (1)
0.0116 +- -1.00 (1)
0.0085 +- -1.00 (1)
0.0102 +- -1.00 (1)
0.0065 +- -1.00 (1)
0.0127 +- -1.00 (1)
0.0133 +- -1.00 (1)
0.0104 +- -1.00 (1)
0.0094 +- -1.00 (1)
0.0055 +- -1.00 (1)
0.0083 +- -1.00 (1)
0.0074 +- -1.00 (1)
0.0075 +- -1.00 (1)
0.0060 +- -1.00 (1)
0.0137 +- -1.00 (1)
0.0034 +- -1.00 (1)
0.0156 +- -1.00 (1)
0.0169 +- -1.00 (1)
0.0085 +- -1.00 (1)
0.0086 +- -1.00 (1)
0.0128 +- -1.00 (1)
0.0089 +- -1.00 (1)
0.0096 +- -1.00 (1)
0.0085 +- -1.00 (1)
0.0099 +- -1.00 (1)
0.0063 +- -1.00 (1)
0.0149 +- -1.00 (1)
0.0054 +- -1.00 (1)
0.0250 +- -1.00 (1)
0.0090 +- -1.00 (1)
0.0000 +- -1.00 (1)
0.0005 +- -1.00 (1)
0.0001 +- -1.00 (1)
0.0006 +- -1.00 (1)
0.0128 +- -1.00 (1)
0.0002 +- -1.00 (1)
0.0002 +- -1.00 (1)
0.0007 +- -1.00 (1)
0.0054 +- -1.00 (1)
0.0010 +- -1.00 (1)
0.0111 +- -1.00 (1)
0.0072 +- -1.00 (1)
0.0064 +- -1.00 (1)
0.0019 +- -1.00 (1)
0.0008 +- -1.00 (1)
0.0021 +- -1.00 (1)
0.0000 +- -1.00 (1)
0.0279 +- -1.00 (1)
0.0007 +- -1.00 (1)
0.0031 +- -1.00 (1)
0.0001 +- -1.00 (1)
0.0164 +- -1.00 (1)
0.0001 +- -1.00 (1)
0.0000 +- -1.00 (1)
0.0018 +- -1.00 (1)
0.0059 +- -1.00 (1)
0.0006 +- -1.00 (1)
0.0153 +- -1.00 (1)
0.0004 +- -1.00 (1)
0.0028 +- -1.00 (1)
0.0309 +- -1.00 (1)
0.0083 +- -1.00 (1)
0.0004 +- -1.00 (1)
0.0029 +- -1.00 (1)
0.0147 +- -1.00 (1)
0.0094 +- -1.00 (1)
0.0006 +- -1.00 (1)
0.0479 +- -1.00 (1)
0.0031 +- -1.00 (1)
0.0005 +- -1.00 (1)
0.0025 +- -1.00 (1)
0.0799 +- -1.00 (1)
0.0208 +- -1.00 (1)
0.0000 +- -1.00 (1)
0.0000 +- -1.00 (1)
0.0054 +- -1.00 (1)
0.0113 +- -1.00 (1)
0.0025 +- -1.00 (1)
0.0021 +- -1.00 (1)
0.0025 +- -1.00 (1)
0.0159 +- -1.00 (1)
0.0043 +- -1.00 (1)
0.0270 +- -1.00 (1)
0.0182 +- -1.00 (1)
0.0129 +- -1.00 (1)
0.0032 +- -1.00 (1)
0.0119 +- -1.00 (1)
0.0264 +- -1.00 (1)
0.0135 +- -1.00 (1)
0.0103 +- -1.00 (1)
0.0010 +- -1.00 (1)
0.0157 +- -1.00 (1)
0.0111 +- -1.00 (1)
0.0013 +- -1.00 (1)
0.0008 +- -1.00 (1)
0.0036 +- -1.00 (1)
0.0104 +- -1.00 (1)
0.0395 +- -1.00 (1)
0.0063 +- -1.00 (1)
0.0001 +- -1.00 (1)
0.0088 +- -1.00 (1)
0.0154 +- -1.00 (1)
0.0050 +- -1.00 (1)
0.0081 +- -1.00 (1)
0.0253 +- -1.00 (1)
0.0005 +- -1.00 (1)
0.0035 +- -1.00 (1)
0.0323 +- -1.00 (1)
0.0020 +- -1.00 (1)
0.0161 +- -1.00 (1)
0.0036 +- -1.00 (1)
0.0059 +- -1.00 (1)
0.0428 +- -1.00 (1)
0.0060 +- -1.00 (1)
0.0022 +- -1.00 (1)
0.0060 +- -1.00 (1)
0.0050 +- -1.00 (1)
0.0045 +- -1.00 (1)
0.0080 +- -1.00 (1)
0.0026 +- -1.00 (1)
0.0048 +- -1.00 (1)
0.0059 +- -1.00 (1)
0.0063 +- -1.00 (1)
0.0061 +- -1.00 (1)
0.0182 +- -1.00 (1)
0.0465 +- -1.00 (1)
0.0073 +- -1.00 (1)
0.0081 +- -1.00 (1)
0.0135 +- -1.00 (1)
0.0101 +- -1.00 (1)
0.0031 +- -1.00 (1)
0.0145 +- -1.00 (1)
0.0043 +- -1.00 (1)
0.0022 +- -1.00 (1)
0.0084 +- -1.00 (1)
0.0016 +- -1.00 (1)
0.0099 +- -1.00 (1)
0.0058 +- -1.00 (1)
0.0055 +- -1.00 (1)
0.0090 +- -1.00 (1)
0.0023 +- -1.00 (1)
0.0171 +- -1.00 (1)
0.0075 +- -1.00 (1)
0.0005 +- -1.00 (1)
0.0027 +- -1.00 (1)
0.0144 +- -1.00 (1)
0.0192 +- -1.00 (1)
0.0144 +- -1.00 (1)
0.0130 +- -1.00 (1)
0.0240 +- -1.00 (1)
0.0021 +- -1.00 (1)
0.0174 +- -1.00 (1)
0.0147 +- -1.00 (1)
0.0128 +- -1.00 (1)
0.0250 +- -1.00 (1)
0.0080 +- -1.00 (1)
0.0018 +- -1.00 (1)
0.0021 +- -1.00 (1)
0.0061 +- -1.00 (1)
0.0100 +- -1.00 (1)
0.0194 +- -1.00 (1)
0.0128 +- -1.00 (1)
0.0018 +- -1.00 (1)
0.0015 +- -1.00 (1)
0.0089 +- -1.00 (1)
0.0094 +- -1.00 (1)
0.0055 +- -1.00 (1)
0.0119 +- -1.00 (1)
0.0068 +- -1.00 (1)
0.0070 +- -1.00 (1)
0.0015 +- -1.00 (1)
0.0094 +- -1.00 (1)
0.0121 +- -1.00 (1)
0.0020 +- -1.00 (1)
0.0056 +- -1.00 (1)
0.0018 +- -1.00 (1)
0.0041 +- -1.00 (1)
0.0084 +- -1.00 (1)
0.0269 +- -1.00 (1)
0.0072 +- -1.00 (1)
0.0273 +- -1.00 (1)
0.0080 +- -1.00 (1)
0.0043 +- -1.00 (1)
0.0028 +- -1.00 (1)
0.0043 +- -1.00 (1)
0.0083 +- -1.00 (1)
0.0142 +- -1.00 (1)
0.0031 +- -1.00 (1)
0.0193 +- -1.00 (1)
0.0067 +- -1.00 (1)
0.0013 +- -1.00 (1)
0.0060 +- -1.00 (1)
0.0105 +- -1.00 (1)
0.0007 +- -1.00 (1)
0.0063 +- -1.00 (1)
0.0115 +- -1.00 (1)
0.0120 +- -1.00 (1)
0.0224 +- -1.00 (1)
0.0050 +- -1.00 (1)
0.0040 +- -1.00 (1)
0.0050 +- -1.00 (1)
0.0111 +- -1.00 (1)
0.0062 +- -1.00 (1)
0.0055 +- -1.00 (1)
0.0000 +- -1.00 (1)
0.0063 +- -1.00 (1)
0.0224 +- -1.00 (1)
0.0028 +- -1.00 (1)
0.0128 +- -1.00 (1)
0.0014 +- -1.00 (1)
0.0059 +- -1.00 (1)
0.0099 +- -1.00 (1)
0.0165 +- -1.00 (1)
0.0065 +- -1.00 (1)
0.0009 +- -1.00 (1)
0.0110 +- -1.00 (1)
0.0084 +- -1.00 (1)
0.0082 +- -1.00 (1)
0.0108 +- -1.00 (1)
0.0109 +- -1.00 (1)
0.0039 +- -1.00 (1)
0.0018 +- -1.00 (1)
0.0088 +- -1.00 (1)
0.0068 +- -1.00 (1)
0.0046 +- -1.00 (1)
0.0056 +- -1.00 (1)
0.0152 +- -1.00 (1)
0.0021 +- -1.00 (1)
0.0124 +- -1.00 (1)
0.0067 +- -1.00 (1)
0.0039 +- -1.00 (1)
0.0201 +- -1.00 (1)
0.0080 +- -1.00 (1)
0.0090 +- -1.00 (1)
0.0143 +- -1.00 (1)
0.0028 +- -1.00 (1)
0.0112 +- -1.00 (1)
0.0257 +- -1.00 (1)
0.0028 +- -1.00 (1)
0.0001 +- -1.00 (1)
0.0000 +- -1.00 (1)
0.0036 +- -1.00 (1)
0.0124 +- -1.00 (1)
0.0076 +- -1.00 (1)
0.0064 +- -1.00 (1)
0.0046 +- -1.00 (1)
0.0172 +- -1.00 (1)
0.0067 +- -1.00 (1)
0.0058 +- -1.00 (1)
0.0050 +- -1.00 (1)
0.0017 +- -1.00 (1)
0.0090 +- -1.00 (1)
0.0137 +- -1.00 (1)
0.0048 +- -1.00 (1)
0.0028 +- -1.00 (1)
0.0009 +- -1.00 (1)
0.0018 +- -1.00 (1)
0.0110 +- -1.00 (1)
0.0116 +- -1.00 (1)
0.0030 +- -1.00 (1)
0.0038 +- -1.00 (1)
0.0032 +- -1.00 (1)
0.0031 +- -1.00 (1)
0.0092 +- -1.00 (1)
0.0126 +- -1.00 (1)
0.0069 +- -1.00 (1)
0.0159 +- -1.00 (1)
0.0052 +- -1.00 (1)
0.0080 +- -1.00 (1)
0.0038 +- -1.00 (1)
0.0069 +- -1.00 (1)
0.0079 +- -1.00 (1)
0.0050 +- -1.00 (1)
0.0085 +- -1.00 (1)
0.0070 +- -1.00 (1)
0.0018 +- -1.00 (1)
0.0160 +- -1.00 (1)
0.0161 +- -1.00 (1)
0.0274 +- -1.00 (1)
0.0286 +- -1.00 (1)
0.0152 +- -1.00 (1)
0.0033 +- -1.00 (1)
0.0122 +- -1.00 (1)
0.0087 +- -1.00 (1)
0.0106 +- -1.00 (1)
0.0074 +- -1.00 (1)
0.0052 +- -1.00 (1)
0.0003 +- -1.00 (1)
0.0043 +- -1.00 (1)
0.0004 +- -1.00 (1)
0.0002 +- -1.00 (1)
0.0083 +- -1.00 (1)
0.0000 +- -1.00 (1)
0.0015 +- -1.00 (1)
0.0046 +- -1.00 (1)
0.0075 +- -1.00 (1)
0.0064 +- -1.00 (1)
0.0123 +- -1.00 (1)
0.0143 +- -1.00 (1)
0.0087 +- -1.00 (1)
0.0122 +- -1.00 (1)
0.0047 +- -1.00 (1)
0.0054 +- -1.00 (1)
0.0073 +- -1.00 (1)
0.0109 +- -1.00 (1)
0.0067 +- -1.00 (1)
0.0132 +- -1.00 (1)
0.0088 +- -1.00 (1)
0.0117 +- -1.00 (1)
0.0014 +- -1.00 (1)
0.0064 +- -1.00 (1)
0.0099 +- -1.00 (1)
0.0140 +- -1.00 (1)
0.0099 +- -1.00 (1)
0.0067 +- -1.00 (1)
0.0057 +- -1.00 (1)
0.0058 +- -1.00 (1)
0.0092 +- -1.00 (1)
0.0096 +- -1.00 (1)
0.0069 +- -1.00 (1)
0.0077 +- -1.00 (1)
0.0072 +- -1.00 (1)
0.0148 +- -1.00 (1)
0.0077 +- -1.00 (1)
0.0051 +- -1.00 (1)
0.0117 +- -1.00 (1)
0.0060 +- -1.00 (1)
0.0048 +- -1.00 (1)
0.0004 +- -1.00 (1)
0.0015 +- -1.00 (1)
0.0002 +- -1.00 (1)
0.0034 +- -1.00 (1)
0.0011 +- -1.00 (1)
0.0009 +- -1.00 (1)
0.0000 +- -1.00 (1)
0.0006 +- -1.00 (1)
0.0004 +- -1.00 (1)
0.0003 +- -1.00 (1)
0.0044 +- -1.00 (1)
0.0025 +- -1.00 (1)
0.0048 +- -1.00 (1)
0.0018 +- -1.00 (1)
0.0000 +- -1.00 (1)
0.0049 +- -1.00 (1)
0.0002 +- -1.00 (1)
0.0000 +- -1.00 (1)
0.0002 +- -1.00 (1)
0.0256 +- -1.00 (1)
0.0011 +- -1.00 (1)
0.0008 +- -1.00 (1)
0.0008 +- -1.00 (1)
0.0005 +- -1.00 (1)
0.0100 +- -1.00 (1)
0.0003 +- -1.00 (1)
0.0217 +- -1.00 (1)
0.0274 +- -1.00 (1)
0.0016 +- -1.00 (1)
0.0014 +- -1.00 (1)
0.0038 +- -1.00 (1)
0.0012 +- -1.00 (1)
0.0012 +- -1.00 (1)
0.0037 +- -1.00 (1)
0.0002 +- -1.00 (1)
0.0005 +- -1.00 (1)
0.0002 +- -1.00 (1)
0.0024 +- -1.00 (1)
0.0007 +- -1.00 (1)
0.0024 +- -1.00 (1)
0.0024 +- -1.00 (1)
0.0002 +- -1.00 (1)
0.0028 +- -1.00 (1)
0.0063 +- -1.00 (1)
0.0004 +- -1.00 (1)
0.0050 +- -1.00 (1)
0.0026 +- -1.00 (1)
0.0016 +- -1.00 (1)
0.0009 +- -1.00 (1)
0.0052 +- -1.00 (1)
0.0002 +- -1.00 (1)
0.0023 +- -1.00 (1)
0.0010 +- -1.00 (1)
0.0076 +- -1.00 (1)
0.0010 +- -1.00 (1)
0.0037 +- -1.00 (1)
0.0004 +- -1.00 (1)
0.0002 +- -1.00 (1)
0.0040 +- -1.00 (1)
0.0027 +- -1.00 (1)
0.0022 +- -1.00 (1)
0.0004 +- -1.00 (1)
0.0004 +- -1.00 (1)
0.0012 +- -1.00 (1)
0.0013 +- -1.00 (1)
0.0017 +- -1.00 (1)
0.0038 +- -1.00 (1)
0.0053 +- -1.00 (1)
0.0028 +- -1.00 (1)
0.0021 +- -1.00 (1)
0.0007 +- -1.00 (1)
0.0038 +- -1.00 (1)
0.0027 +- -1.00 (1)
0.0025 +- -1.00 (1)
0.0007 +- -1.00 (1)
0.0032 +- -1.00 (1)
0.0017 +- -1.00 (1)
0.0003 +- -1.00 (1)
0.0009 +- -1.00 (1)
0.0022 +- -1.00 (1)
0.0013 +- -1.00 (1)
0.0022 +- -1.00 (1)
0.0002 +- -1.00 (1)
0.0010 +- -1.00 (1)
0.0016 +- -1.00 (1)
0.0011 +- -1.00 (1)
0.0060 +- -1.00 (1)
0.0018 +- -1.00 (1)
0.0026 +- -1.00 (1)
0.0005 +- -1.00 (1)
0.0061 +- -1.00 (1)
0.0031 +- -1.00 (1)
0.0021 +- -1.00 (1)
0.0021 +- -1.00 (1)
0.0018 +- -1.00 (1)
0.0015 +- -1.00 (1)
0.0014 +- -1.00 (1)
0.0066 +- -1.00 (1)
0.0027 +- -1.00 (1)
0.0006 +- -1.00 (1)
0.0060 +- -1.00 (1)
0.0008 +- -1.00 (1)
0.0023 +- -1.00 (1)
0.0018 +- -1.00 (1)
0.0028 +- -1.00 (1)
0.0029 +- -1.00 (1)
0.0019 +- -1.00 (1)
0.0010 +- -1.00 (1)
0.0047 +- -1.00 (1)
0.0012 +- -1.00 (1)
0.0016 +- -1.00 (1)
0.0050 +- -1.00 (1)
0.0022 +- -1.00 (1)
0.0017 +- -1.00 (1)
0.0038 +- -1.00 (1)
0.0023 +- -1.00 (1)
0.0042 +- -1.00 (1)
0.0019 +- -1.00 (1)
0.0013 +- -1.00 (1)
0.0007 +- -1.00 (1)
0.0009 +- -1.00 (1)
0.0008 +- -1.00 (1)
0.0060 +- -1.00 (1)
0.0002 +- -1.00 (1)
0.0046 +- -1.00 (1)
0.0026 +- -1.00 (1)
0.0022 +- -1.00 (1)
0.0044 +- -1.00 (1)
0.0014 +- -1.00 (1)
0.0007 +- -1.00 (1)
0.0006 +- -1.00 (1)
0.0021 +- -1.00 (1)
0.0007 +- -1.00 (1)
0.0034 +- -1.00 (1)
0.0009 +- -1.00 (1)
0.0012 +- -1.00 (1)
0.0026 +- -1.00 (1)
0.0015 +- -1.00 (1)
0.0022 +- -1.00 (1)
0.0023 +- -1.00 (1)
0.0031 +- -1.00 (1)
0.0013 +- -1.00 (1)
0.0031 +- -1.00 (1)
0.0026 +- -1.00 (1)
0.0008 +- -1.00 (1)
0.0025 +- -1.00 (1)
0.0042 +- -1.00 (1)
0.0052 +- -1.00 (1)
0.0015 +- -1.00 (1)
0.0027 +- -1.00 (1)
0.0067 +- -1.00 (1)
0.0028 +- -1.00 (1)
0.0018 +- -1.00 (1)
0.0038 +- -1.00 (1)
0.0022 +- -1.00 (1)
0.0030 +- -1.00 (1)
0.0022 +- -1.00 (1)
0.0028 +- -1.00 (1)
0.0016 +- -1.00 (1)
0.0011 +- -1.00 (1)
0.0041 +- -1.00 (1)
0.0037 +- -1.00 (1)
0.0013 +- -1.00 (1)
0.0000 +- -1.00 (1)
0.0011 +- -1.00 (1)
0.0019 +- -1.00 (1)
0.0039 +- -1.00 (1)
0.0018 +- -1.00 (1)
0.0015 +- -1.00 (1)
0.0023 +- -1.00 (1)
0.0017 +- -1.00 (1)
0.0026 +- -1.00 (1)
0.0017 +- -1.00 (1)
0.0018 +- -1.00 (1)
0.0041 +- -1.00 (1)
0.0034 +- -1.00 (1)
0.0033 +- -1.00 (1)
0.0015 +- -1.00 (1)
0.0093 +- -1.00 (1)
0.0045 +- -1.00 (1)
0.0013 +- -1.00 (1)
0.0009 +- -1.00 (1)
0.0023 +- -1.00 (1)
0.0018 +- -1.00 (1)
0.0022 +- -1.00 (1)
0.0023 +- -1.00 (1)
0.0017 +- -1.00 (1)
0.0032 +- -1.00 (1)
0.0026 +- -1.00 (1)
0.0041 +- -1.00 (1)
0.0020 +- -1.00 (1)
0.0047 +- -1.00 (1)
0.0016 +- -1.00 (1)
0.0017 +- -1.00 (1)
0.0039 +- -1.00 (1)
0.0005 +- -1.00 (1)
0.0018 +- -1.00 (1)
0.0031 +- -1.00 (1)
0.0026 +- -1.00 (1)
0.0021 +- -1.00 (1)
0.0020 +- -1.00 (1)
0.0013 +- -1.00 (1)
0.0044 +- -1.00 (1)
0.0019 +- -1.00 (1)
0.0016 +- -1.00 (1)
0.0031 +- -1.00 (1)
0.0036 +- -1.00 (1)
0.0002 +- -1.00 (1)
0.0033 +- -1.00 (1)
0.0006 +- -1.00 (1)
0.0045 +- -1.00 (1)
0.0017 +- -1.00 (1)
0.0031 +- -1.00 (1)
0.0014 +- -1.00 (1)
0.0015 +- -1.00 (1)
0.0033 +- -1.00 (1)
0.0013 +- -1.00 (1)
0.0018 +- -1.00 (1)
0.0005 +- -1.00 (1)
0.0016 +- -1.00 (1)
0.0018 +- -1.00 (1)
0.0012 +- -1.00 (1)
0.0014 +- -1.00 (1)
0.0017 +- -1.00 (1)
0.0036 +- -1.00 (1)
0.0008 +- -1.00 (1)
0.0023 +- -1.00 (1)
0.0019 +- -1.00 (1)
0.0031 +- -1.00 (1)
0.0031 +- -1.00 (1)
0.0017 +- -1.00 (1)
0.0019 +- -1.00 (1)
0.0019 +- -1.00 (1)
0.0027 +- -1.00 (1)
0.0044 +- -1.00 (1)
0.0013 +- -1.00 (1)
0.0004 +- -1.00 (1)
0.0027 +- -1.00 (1)
0.0038 +- -1.00 (1)
0.0021 +- -1.00 (1)
0.0017 +- -1.00 (1)
0.0002 +- -1.00 (1)
0.0009 +- -1.00 (1)
0.0017 +- -1.00 (1)
0.0027 +- -1.00 (1)
0.0018 +- -1.00 (1)
0.0008 +- -1.00 (1)
0.0019 +- -1.00 (1)
0.0015 +- -1.00 (1)
0.0025 +- -1.00 (1)
0.0008 +- -1.00 (1)
0.0043 +- -1.00 (1)
0.0033 +- -1.00 (1)
0.0024 +- -1.00 (1)
0.0029 +- -1.00 (1)
0.0052 +- -1.00 (1)
0.0028 +- -1.00 (1)
0.0031 +- -1.00 (1)
0.0019 +- -1.00 (1)
0.0002 +- -1.00 (1)
0.0025 +- -1.00 (1)
0.0021 +- -1.00 (1)
0.0032 +- -1.00 (1)
0.0022 +- -1.00 (1)
0.0030 +- -1.00 (1)
0.0036 +- -1.00 (1)
0.0029 +- -1.00 (1)
0.0030 +- -1.00 (1)
0.0018 +- -1.00 (1)
0.0011 +- -1.00 (1)
0.0026 +- -1.00 (1)
0.0017 +- -1.00 (1)
0.0015 +- -1.00 (1)
0.0023 +- -1.00 (1)
0.0015 +- -1.00 (1)
0.0027 +- -1.00 (1)
0.0019 +- -1.00 (1)
0.0020 +- -1.00 (1)
0.0025 +- -1.00 (1)
0.0045 +- -1.00 (1)
0.0011 +- -1.00 (1)
0.0020 +- -1.00 (1)
0.0005 +- -1.00 (1)
0.0008 +- -1.00 (1)
0.0024 +- -1.00 (1)
0.0016 +- -1.00 (1)
0.0063 +- -1.00 (1)
0.0023 +- -1.00 (1)
0.0037 +- -1.00 (1)
0.0007 +- -1.00 (1)
0.0020 +- -1.00 (1)
0.0009 +- -1.00 (1)
0.0021 +- -1.00 (1)
0.0033 +- -1.00 (1)
0.0023 +- -1.00 (1)
0.0026 +- -1.00 (1)
0.0037 +- -1.00 (1)
0.0005 +- -1.00 (1)
0.0026 +- -1.00 (1)
0.0013 +- -1.00 (1)
0.0025 +- -1.00 (1)
0.0073 +- -1.00 (1)
0.0000 +- -1.00 (1)
0.0000 +- -1.00 (1)
0.0000 +- -1.00 (1)
0.0006 +- -1.00 (1)
0.0000 +- -1.00 (1)
0.0009 +- -1.00 (1)
0.0019 +- -1.00 (1)
0.0026 +- -1.00 (1)
0.0043 +- -1.00 (1)
0.0034 +- -1.00 (1)
0.0028 +- -1.00 (1)
0.0013 +- -1.00 (1)
0.0000 +- -1.00 (1)
0.0016 +- -1.00 (1)
0.0000 +- -1.00 (1)
0.0019 +- -1.00 (1)
0.0001 +- -1.00 (1)
0.0298 +- -1.00 (1)
0.0000 +- -1.00 (1)
0.0132 +- -1.00 (1)
0.0242 +- -1.00 (1)
0.0066 +- -1.00 (1)
0.0005 +- -1.00 (1)
0.0010 +- -1.00 (1)
0.0087 +- -1.00 (1)
0.0000 +- -1.00 (1)
0.0007 +- -1.00 (1)
0.0002 +- -1.00 (1)
0.0011 +- -1.00 (1)
0.0005 +- -1.00 (1)
0.0095 +- -1.00 (1)
0.0313 +- -1.00 (1)
0.0000 +- -1.00 (1)
0.0017 +- -1.00 (1)
0.0001 +- -1.00 (1)
0.0115 +- -1.00 (1)
0.0022 +- -1.00 (1)
0.0164 +- -1.00 (1)
0.0004 +- -1.00 (1)
0.0037 +- -1.00 (1)
0.0004 +- -1.00 (1)
0.0006 +- -1.00 (1)
0.0062 +- -1.00 (1)
0.0104 +- -1.00 (1)
0.0002 +- -1.00 (1)
0.0045 +- -1.00 (1)
0.0002 +- -1.00 (1)
0.0049 +- -1.00 (1)
0.0011 +- -1.00 (1)
0.0080 +- -1.00 (1)
0.0015 +- -1.00 (1)
0.0070 +- -1.00 (1)
0.0099 +- -1.00 (1)
0.0273 +- -1.00 (1)
0.0015 +- -1.00 (1)
0.0138 +- -1.00 (1)
0.0008 +- -1.00 (1)
0.0023 +- -1.00 (1)
0.0011 +- -1.00 (1)
0.0020 +- -1.00 (1)
0.0007 +- -1.00 (1)
0.0022 +- -1.00 (1)
0.0023 +- -1.00 (1)
0.0008 +- -1.00 (1)
0.0005 +- -1.00 (1)
0.0010 +- -1.00 (1)
0.0167 +- -1.00 (1)
0.0203 +- -1.00 (1)
0.0035 +- -1.00 (1)
0.0007 +- -1.00 (1)
0.0001 +- -1.00 (1)
0.0098 +- -1.00 (1)
0.0058 +- -1.00 (1)
0.0017 +- -1.00 (1)
0.0032 +- -1.00 (1)
0.0001 +- -1.00 (1)
0.0086 +- -1.00 (1)
0.0034 +- -1.00 (1)
0.0009 +- -1.00 (1)
0.0007 +- -1.00 (1)
0.0052 +- -1.00 (1)
0.0110 +- -1.00 (1)
0.0048 +- -1.00 (1)
0.0066 +- -1.00 (1)
0.0022 +- -1.00 (1)
0.0012 +- -1.00 (1)
0.0086 +- -1.00 (1)
0.0078 +- -1.00 (1)
0.0029 +- -1.00 (1)
0.0014 +- -1.00 (1)
0.0044 +- -1.00 (1)
0.0065 +- -1.00 (1)
0.0353 +- -1.00 (1)
0.0028 +- -1.00 (1)
0.0062 +- -1.00 (1)
0.0113 +- -1.00 (1)
0.0068 +- -1.00 (1)
0.0190 +- -1.00 (1)
0.0051 +- -1.00 (1)
0.0037 +- -1.00 (1)
0.0030 +- -1.00 (1)
0.0019 +- -1.00 (1)
0.0093 +- -1.00 (1)
0.0008 +- -1.00 (1)
0.0025 +- -1.00 (1)
0.0019 +- -1.00 (1)
0.0065 +- -1.00 (1)
0.0133 +- -1.00 (1)
0.0016 +- -1.00 (1)
0.0018 +- -1.00 (1)
0.0022 +- -1.00 (1)
0.0005 +- -1.00 (1)
0.0109 +- -1.00 (1)
0.0051 +- -1.00 (1)
0.0017 +- -1.00 (1)
0.0069 +- -1.00 (1)
0.0002 +- -1.00 (1)
0.0160 +- -1.00 (1)
0.0004 +- -1.00 (1)
0.0165 +- -1.00 (1)
0.0021 +- -1.00 (1)
0.0024 +- -1.00 (1)
0.0264 +- -1.00 (1)
0.0003 +- -1.00 (1)
0.0070 +- -1.00 (1)
0.0049 +- -1.00 (1)
0.0037 +- -1.00 (1)
0.0062 +- -1.00 (1)
0.0057 +- -1.00 (1)
0.0327 +- -1.00 (1)
0.0045 +- -1.00 (1)
0.0118 +- -1.00 (1)
0.0008 +- -1.00 (1)
0.0010 +- -1.00 (1)
0.0111 +- -1.00 (1)
0.0039 +- -1.00 (1)
0.0123 +- -1.00 (1)
0.0015 +- -1.00 (1)
0.0000 +- -1.00 (1)
0.0050 +- -1.00 (1)
0.0022 +- -1.00 (1)
0.0113 +- -1.00 (1)
0.0000 +- -1.00 (1)
0.0262 +- -1.00 (1)
0.0142 +- -1.00 (1)
0.0003 +- -1.00 (1)
0.0240 +- -1.00 (1)
0.0000 +- -1.00 (1)
0.0078 +- -1.00 (1)
0.0179 +- -1.00 (1)
0.0064 +- -1.00 (1)
0.0074 +- -1.00 (1)
0.0053 +- -1.00 (1)
0.0002 +- -1.00 (1)
0.0035 +- -1.00 (1)
0.0047 +- -1.00 (1)
0.0015 +- -1.00 (1)
0.0014 +- -1.00 (1)
0.0001 +- -1.00 (1)
0.0020 +- -1.00 (1)
0.0081 +- -1.00 (1)
0.0006 +- -1.00 (1)
0.0026 +- -1.00 (1)
0.0251 +- -1.00 (1)
0.0060 +- -1.00 (1)
0.0017 +- -1.00 (1)
0.0179 +- -1.00 (1)
0.0045 +- -1.00 (1)
0.0000 +- -1.00 (1)
0.0166 +- -1.00 (1)
0.0001 +- -1.00 (1)
0.0051 +- -1.00 (1)
0.0120 +- -1.00 (1)
0.0034 +- -1.00 (1)
0.0063 +- -1.00 (1)
0.0034 +- -1.00 (1)
0.0053 +- -1.00 (1)
0.0042 +- -1.00 (1)
0.0007 +- -1.00 (1)
0.0032 +- -1.00 (1)
0.0023 +- -1.00 (1)
0.0239 +- -1.00 (1)
0.0018 +- -1.00 (1)
0.0060 +- -1.00 (1)
0.0053 +- -1.00 (1)
0.0145 +- -1.00 (1)
0.0063 +- -1.00 (1)
0.0105 +- -1.00 (1)
0.0013 +- -1.00 (1)
0.0003 +- -1.00 (1)
0.0071 +- -1.00 (1)
0.0013 +- -1.00 (1)
0.0074 +- -1.00 (1)
0.0025 +- -1.00 (1)
0.0006 +- -1.00 (1)
0.0014 +- -1.00 (1)
0.0048 +- -1.00 (1)
0.0007 +- -1.00 (1)
0.0057 +- -1.00 (1)
0.0011 +- -1.00 (1)
0.0004 +- -1.00 (1)
0.0064 +- -1.00 (1)
0.0015 +- -1.00 (1)
0.0040 +- -1.00 (1)
0.0049 +- -1.00 (1)
0.0035 +- -1.00 (1)
0.0030 +- -1.00 (1)
0.0050 +- -1.00 (1)
0.0027 +- -1.00 (1)
0.0134 +- -1.00 (1)
0.0017 +- -1.00 (1)
0.0075 +- -1.00 (1)
0.0081 +- -1.00 (1)
0.0098 +- -1.00 (1)
0.0008 +- -1.00 (1)
0.0012 +- -1.00 (1)
0.0018 +- -1.00 (1)
0.0018 +- -1.00 (1)
0.0079 +- -1.00 (1)
0.0083 +- -1.00 (1)
0.0046 +- -1.00 (1)
0.0047 +- -1.00 (1)
0.0079 +- -1.00 (1)
0.0051 +- -1.00 (1)
0.0103 +- -1.00 (1)
0.0182 +- -1.00 (1)
0.0087 +- -1.00 (1)
0.0057 +- -1.00 (1)
0.0124 +- -1.00 (1)
0.0003 +- -1.00 (1)
0.0129 +- -1.00 (1)
0.0070 +- -1.00 (1)
0.0123 +- -1.00 (1)
0.0141 +- -1.00 (1)
0.0070 +- -1.00 (1)
0.0048 +- -1.00 (1)
0.0068 +- -1.00 (1)
0.0018 +- -1.00 (1)
0.0025 +- -1.00 (1)
0.0031 +- -1.00 (1)
0.0093 +- -1.00 (1)
0.0036 +- -1.00 (1)
0.0084 +- -1.00 (1)
0.0012 +- -1.00 (1)
0.0048 +- -1.00 (1)
0.0202 +- -1.00 (1)
0.0024 +- -1.00 (1)
0.0013 +- -1.00 (1)
0.0035 +- -1.00 (1)
0.0122 +- -1.00 (1)
0.0104 +- -1.00 (1)
0.0084 +- -1.00 (1)
0.0021 +- -1.00 (1)
0.0050 +- -1.00 (1)
0.0005 +- -1.00 (1)
0.0113 +- -1.00 (1)
0.0046 +- -1.00 (1)
0.0025 +- -1.00 (1)
0.0017 +- -1.00 (1)
0.0128 +- -1.00 (1)
0.0008 +- -1.00 (1)
0.0052 +- -1.00 (1)
0.0109 +- -1.00 (1)
0.0205 +- -1.00 (1)
0.0010 +- -1.00 (1)
0.0024 +- -1.00 (1)
0.0005 +- -1.00 (1)
0.0013 +- -1.00 (1)
0.0067 +- -1.00 (1)
0.0026 +- -1.00 (1)
0.0108 +- -1.00 (1)
0.0058 +- -1.00 (1)
0.0019 +- -1.00 (1)
0.0010 +- -1.00 (1)
0.0023 +- -1.00 (1)
0.0120 +- -1.00 (1)
0.0037 +- -1.00 (1)
0.0118 +- -1.00 (1)
0.0067 +- -1.00 (1)
0.0114 +- -1.00 (1)
0.0039 +- -1.00 (1)
0.0048 +- -1.00 (1)
0.0023 +- -1.00 (1)
0.0247 +- -1.00 (1)
0.0025 +- -1.00 (1)
0.0051 +- -1.00 (1)
0.0116 +- -1.00 (1)
0.0031 +- -1.00 (1)
0.0083 +- -1.00 (1)
0.0059 +- -1.00 (1)
0.0033 +- -1.00 (1)
0.0037 +- -1.00 (1)
0.0095 +- -1.00 (1)
0.0133 +- -1.00 (1)
0.0103 +- -1.00 (1)
0.0021 +- -1.00 (1)
0.0075 +- -1.00 (1)
0.0208 +- -1.00 (1)
0.0002 +- -1.00 (1)
0.0029 +- -1.00 (1)
0.0008 +- -1.00 (1)
0.0007 +- -1.00 (1)
0.0002 +- -1.00 (1)
0.0008 +- -1.00 (1)
0.0000 +- -1.00 (1)
0.0001 +- -1.00 (1)
0.0001 +- -1.00 (1)
0.0009 +- -1.00 (1)
0.0002 +- -1.00 (1)
0.0000 +- -1.00 (1)
0.0105 +- -1.00 (1)
0.0000 +- -1.00 (1)
0.0002 +- -1.00 (1)
0.0000 +- -1.00 (1)
0.0000 +- -1.00 (1)
0.0043 +- -1.00 (1)
0.0002 +- -1.00 (1)
0.0391 +- -1.00 (1)
0.0002 +- -1.00 (1)
0.0000 +- -1.00 (1)
0.0011 +- -1.00 (1)
0.0000 +- -1.00 (1)
0.0002 +- -1.00 (1)
0.0000 +- -1.00 (1)
0.0018 +- -1.00 (1)
0.0003 +- -1.00 (1)
0.0041 +- -1.00 (1)
0.0019 +- -1.00 (1)
0.0015 +- -1.00 (1)
0.0001 +- -1.00 (1)
0.0000 +- -1.00 (1)
0.0213 +- -1.00 (1)
0.0030 +- -1.00 (1)
0.0002 +- -1.00 (1)
0.0010 +- -1.00 (1)
0.0190 +- -1.00 (1)
0.0000 +- -1.00 (1)
0.0000 +- -1.00 (1)
0.0017 +- -1.00 (1)
0.0000 +- -1.00 (1)
0.0002 +- -1.00 (1)
0.0001 +- -1.00 (1)
0.0000 +- -1.00 (1)
0.0001 +- -1.00 (1)
0.0004 +- -1.00 (1)
0.0017 +- -1.00 (1)
0.0002 +- -1.00 (1)
0.0143 +- -1.00 (1)
0.0002 +- -1.00 (1)
0.0018 +- -1.00 (1)
0.0001 +- -1.00 (1)
0.0018 +- -1.00 (1)
0.0000 +- -1.00 (1)
0.0031 +- -1.00 (1)
0.0016 +- -1.00 (1)
0.0004 +- -1.00 (1)
0.0046 +- -1.00 (1)
0.0000 +- -1.00 (1)
0.0004 +- -1.00 (1)
0.0031 +- -1.00 (1)
0.0042 +- -1.00 (1)
0.0000 +- -1.00 (1)
0.0027 +- -1.00 (1)
0.0041 +- -1.00 (1)
0.0003 +- -1.00 (1)
0.0010 +- -1.00 (1)
0.0019 +- -1.00 (1)
0.0030 +- -1.00 (1)
0.0011 +- -1.00 (1)
0.0001 +- -1.00 (1)
0.0057 +- -1.00 (1)
0.0001 +- -1.00 (1)
0.0001 +- -1.00 (1)
0.0120 +- -1.00 (1)
0.0001 +- -1.00 (1)
0.0001 +- -1.00 (1)
0.0002 +- -1.00 (1)
0.0001 +- -1.00 (1)
0.0001 +- -1.00 (1)
0.0043 +- -1.00 (1)
0.0045 +- -1.00 (1)
0.0000 +- -1.00 (1)
0.0036 +- -1.00 (1)
0.0004 +- -1.00 (1)
0.0001 +- -1.00 (1)
0.0003 +- -1.00 (1)
0.0164 +- -1.00 (1)
0.0040 +- -1.00 (1)
0.0090 +- -1.00 (1)
0.0002 +- -1.00 (1)
0.0001 +- -1.00 (1)
0.0209 +- -1.00 (1)
0.0025 +- -1.00 (1)
0.0020 +- -1.00 (1)
0.0001 +- -1.00 (1)
0.0000 +- -1.00 (1)
0.0005 +- -1.00 (1)
0.0000 +- -1.00 (1)
0.0070 +- -1.00 (1)
0.0002 +- -1.00 (1)
0.0147 +- -1.00 (1)
0.0001 +- -1.00 (1)
0.0004 +- -1.00 (1)
0.0001 +- -1.00 (1)
0.0005 +- -1.00 (1)
0.0004 +- -1.00 (1)
0.0001 +- -1.00 (1)
0.0000 +- -1.00 (1)
0.0000 +- -1.00 (1)
0.0000 +- -1.00 (1)
0.0008 +- -1.00 (1)
0.0000 +- -1.00 (1)
0.0006 +- -1.00 (1)
0.0000 +- -1.00 (1)
0.0003 +- -1.00 (1)
0.0000 +- -1.00 (1)
0.0005 +- -1.00 (1)
0.0125 +- -1.00 (1)
0.0044 +- -1.00 (1)
0.0000 +- -1.00 (1)
0.0219 +- -1.00 (1)
0.0034 +- -1.00 (1)
0.0007 +- -1.00 (1)
0.0000 +- -1.00 (1)
0.0038 +- -1.00 (1)
0.0019 +- -1.00 (1)
0.0048 +- -1.00 (1)
0.0027 +- -1.00 (1)
0.0001 +- -1.00 (1)
0.0011 +- -1.00 (1)
0.0010 +- -1.00 (1)
0.0024 +- -1.00 (1)
0.0005 +- -1.00 (1)
0.0000 +- -1.00 (1)
0.0001 +- -1.00 (1)
0.0001 +- -1.00 (1)
0.0001 +- -1.00 (1)
0.0253 +- -1.00 (1)
0.0001 +- -1.00 (1)
0.0000 +- -1.00 (1)
0.0029 +- -1.00 (1)
0.0001 +- -1.00 (1)
0.0001 +- -1.00 (1)
0.0006 +- -1.00 (1)
0.0005 +- -1.00 (1)
0.0001 +- -1.00 (1)
0.0005 +- -1.00 (1)
0.0007 +- -1.00 (1)
0.0000 +- -1.00 (1)
0.0073 +- -1.00 (1)
0.0000 +- -1.00 (1)
0.0000 +- -1.00 (1)
0.0238 +- -1.00 (1)
0.0000 +- -1.00 (1)
0.0003 +- -1.00 (1)
0.0003 +- -1.00 (1)
0.0002 +- -1.00 (1)
0.0013 +- -1.00 (1)
0.0004 +- -1.00 (1)
0.0009 +- -1.00 (1)
0.0009 +- -1.00 (1)
0.0002 +- -1.00 (1)
0.0048 +- -1.00 (1)
0.0002 +- -1.00 (1)
0.0001 +- -1.00 (1)
0.0003 +- -1.00 (1)
0.0001 +- -1.00 (1)
0.0006 +- -1.00 (1)
0.0008 +- -1.00 (1)
0.0174 +- -1.00 (1)
0.0006 +- -1.00 (1)
0.0010 +- -1.00 (1)
0.0004 +- -1.00 (1)
0.0023 +- -1.00 (1)
0.0002 +- -1.00 (1)
0.0003 +- -1.00 (1)
0.0033 +- -1.00 (1)
0.0005 +- -1.00 (1)
0.0000 +- -1.00 (1)
0.0006 +- -1.00 (1)
0.0002 +- -1.00 (1)
0.0059 +- -1.00 (1)
0.0035 +- -1.00 (1)
0.0005 +- -1.00 (1)
0.0000 +- -1.00 (1)
0.0001 +- -1.00 (1)
0.0008 +- -1.00 (1)
0.0001 +- -1.00 (1)
0.0006 +- -1.00 (1)
0.0000 +- -1.00 (1)
0.0001 +- -1.00 (1)
0.0004 +- -1.00 (1)
0.0039 +- -1.00 (1)
0.0002 +- -1.00 (1)
0.0000 +- -1.00 (1)
0.0007 +- -1.00 (1)
0.0013 +- -1.00 (1)
0.0004 +- -1.00 (1)
0.0002 +- -1.00 (1)
0.0013 +- -1.00 (1)
0.0006 +- -1.00 (1)
0.0001 +- -1.00 (1)
0.0002 +- -1.00 (1)
0.0010 +- -1.00 (1)
0.0001 +- -1.00 (1)
0.0040 +- -1.00 (1)
0.0010 +- -1.00 (1)
0.0002 +- -1.00 (1)
0.0001 +- -1.00 (1)
0.0021 +- -1.00 (1)
0.0000 +- -1.00 (1)
0.0001 +- -1.00 (1)
0.0002 +- -1.00 (1)
0.0067 +- -1.00 (1)
0.0008 +- -1.00 (1)
0.0001 +- -1.00 (1)
0.0002 +- -1.00 (1)
0.0126 +- -1.00 (1)
0.0026 +- -1.00 (1)
0.0020 +- -1.00 (1)
0.0002 +- -1.00 (1)
0.0001 +- -1.00 (1)
0.0001 +- -1.00 (1)
0.0001 +- -1.00 (1)
0.0001 +- -1.00 (1)
0.0051 +- -1.00 (1)
0.0000 +- -1.00 (1)
0.0001 +- -1.00 (1)
0.0000 +- -1.00 (1)
0.0026 +- -1.00 (1)
0.0001 +- -1.00 (1)
0.0000 +- -1.00 (1)
0.0033 +- -1.00 (1)
0.0021 +- -1.00 (1)
0.0005 +- -1.00 (1)
0.0001 +- -1.00 (1)
0.0003 +- -1.00 (1)
0.0002 +- -1.00 (1)
0.0011 +- -1.00 (1)
0.0001 +- -1.00 (1)
0.0005 +- -1.00 (1)
0.0001 +- -1.00 (1)
0.0003 +- -1.00 (1)
0.0002 +- -1.00 (1)
0.0004 +- -1.00 (1)
0.0008 +- -1.00 (1)
0.0002 +- -1.00 (1)
0.0001 +- -1.00 (1)
0.0000 +- -1.00 (1)
0.0003 +- -1.00 (1)
0.0000 +- -1.00 (1)
0.0001 +- -1.00 (1)
0.0000 +- -1.00 (1)
0.0055 +- -1.00 (1)
0.0000 +- -1.00 (1)
0.0001 +- -1.00 (1)
0.0000 +- -1.00 (1)
0.0000 +- -1.00 (1)
0.0000 +- -1.00 (1)
0.0004 +- -1.00 (1)
0.0001 +- -1.00 (1)
0.0035 +- -1.00 (1)
0.0001 +- -1.00 (1)
0.0004 +- -1.00 (1)
0.0003 +- -1.00 (1)
0.0001 +- -1.00 (1)
0.0000 +- -1.00 (1)
0.0002 +- -1.00 (1)
0.0001 +- -1.00 (1)
0.0009 +- -1.00 (1)
0.0035 +- -1.00 (1)
0.0016 +- -1.00 (1)
0.0000 +- -1.00 (1)
0.0000 +- -1.00 (1)
0.0001 +- -1.00 (1)
0.0002 +- -1.00 (1)
0.0021 +- -1.00 (1)
0.0000 +- -1.00 (1)
0.0002 +- -1.00 (1)
0.0000 +- -1.00 (1)
0.0014 +- -1.00 (1)
0.0023 +- -1.00 (1)
0.0000 +- -1.00 (1)
0.0259 +- -1.00 (1)
0.0000 +- -1.00 (1)
0.0000 +- -1.00 (1)
0.0000 +- -1.00 (1)
0.0002 +- -1.00 (1)
0.0004 +- -1.00 (1)
0.0001 +- -1.00 (1)
0.0001 +- -1.00 (1)
0.0009 +- -1.00 (1)
0.0009 +- -1.00 (1)
0.0004 +- -1.00 (1)
0.0000 +- -1.00 (1)
0.0003 +- -1.00 (1)
0.0000 +- -1.00 (1)
0.0000 +- -1.00 (1)
