0.6309 +- -1.00 (1)
0.7644 +- -1.00 (1)
0.5470 +- -1.00 (1)
0.7494 +- -1.00 (1)
0.5616 +- -1.00 (1)
0.6525 +- -1.00 (1)
0.7224 +- -1.00 (1)
0.6304 +- -1.00 (1)
0.5247 +- -1.00 (1)
0.6908 +- -1.00 (1)
0.6283 +- -1.00 (1)
0.6242 +- -1.00 (1)
0.7412 +- -1.00 (1)
0.7607 +- -1.00 (1)
0.6411 +- -1.00 (1)
0.6478 +- -1.00 (1)
0.6771 +- -1.00 (1)
0.6366 +- -1.00 (1)
0.7249 +- -1.00 (1)
0.5802 +- -1.00 (1)
0.7134 +- -1.00 (1)
0.6936 +- -1.00 (1)
0.6301 +- -1.00 (1)
0.7338 +- -1.00 (1)
0.6812 +- -1.00 (1)
0.6229 +- -1.00 (1)
0.7620 +- -1.00 (1)
0.8090 +- -1.00 (1)
0.5921 +- -1.00 (1)
0.7752 +- -1.00 (1)
0.6072 +- -1.00 (1)
0.5675 +- -1.00 (1)
0.6816 +- -1.00 (1)
0.6603 +- -1.00 (1)
0.6107 +- -1.00 (1)
0.6166 +- -1.00 (1)
0.7756 +- -1.00 (1)
0.6328 +- -1.00 (1)
0.7196 +- -1.00 (1)
0.6887 +- -1.00 (1)
0.6938 +- -1.00 (1)
0.7089 +- -1.00 (1)
0.6310 +- -1.00 (1)
0.7111 +- -1.00 (1)
0.6587 +- -1.00 (1)
0.6013 +- -1.00 (1)
0.6967 +- -1.00 (1)
0.7035 +- -1.00 (1)
0.6241 +- -1.00 (1)
0.6516 +- -1.00 (1)
0.6251 +- -1.00 (1)
0.6232 +- -1.00 (1)
0.7033 +- -1.00 (1)
0.6966 +- -1.00 (1)
0.6175 +- -1.00 (1)
0.6800 +- -1.00 (1)
0.7183 +- -1.00 (1)
0.6890 +- -1.00 (1)
0.7352 +- -1.00 (1)
0.7075 +- -1.00 (1)
0.7087 +- -1.00 (1)
0.7226 +- -1.00 (1)
0.6446 +- -1.00 (1)
0.6625 +- -1.00 (1)
0.7038 +- -1.00 (1)
0.6109 +- -1.00 (1)
0.6767 +- -1.00 (1)
0.6640 +- -1.00 (1)
0.6653 +- -1.00 (1)
0.7530 +- -1.00 (1)
0.6307 +- -1.00 (1)
0.6609 +- -1.00 (1)
0.7005 +- -1.00 (1)
0.6880 +- -1.00 (1)
0.6466 +- -1.00 (1)
0.6711 +- -1.00 (1)
0.7263 +- -1.00 (1)
0.6600 +- -1.00 (1)
0.7164 +- -1.00 (1)
0.7124 +- -1.00 (1)
0.7064 +- -1.00 (1)
0.7412 +- -1.00 (1)
0.6167 +- -1.00 (1)
0.7095 +- -1.00 (1)
0.7242 +- -1.00 (1)
0.6074 +- -1.00 (1)
0.6316 +- -1.00 (1)
0.6618 +- -1.00 (1)
0.6500 +- -1.00 (1)
0.7022 +- -1.00 (1)
0.6729 +- -1.00 (1)
0.6323 +- -1.00 (1)
0.7041 +- -1.00 (1)
0.7220 +- -1.00 (1)
0.6717 +- -1.00 (1)
0.6676 +- -1.00 (1)
0.7202 +- -1.00 (1)
0.6989 +- -1.00 (1)
0.7090 +- -1.00 (1)
0.6974 +- -1.00 (1)
0.7068 +- -1.00 (1)
0.7426 +- -1.00 (1)
0.6220 +- -1.00 (1)
0.6967 +- -1.00 (1)
0.6876 +- -1.00 (1)
0.6255 +- -1.00 (1)
0.6708 +- -1.00 (1)
0.7050 +- -1.00 (1)
0.6884 +- -1.00 (1)
0.6894 +- -1.00 (1)
0.6790 +- -1.00 (1)
0.6562 +- -1.00 (1)
0.7042 +- -1.00 (1)
0.7316 +- -1.00 (1)
0.6506 +- -1.00 (1)
0.6884 +- -1.00 (1)
0.7001 +- -1.00 (1)
0.7041 +- -1.00 (1)
0.7233 +- -1.00 (1)
0.7007 +- -1.00 (1)
0.6893 +- -1.00 (1)
0.6908 +- -1.00 (1)
0.6242 +- -1.00 (1)
0.7162 +- -1.00 (1)
0.6946 +- -1.00 (1)
0.6367 +- -1.00 (1)
0.6662 +- -1.00 (1)
0.6822 +- -1.00 (1)
0.6703 +- -1.00 (1)
0.6793 +- -1.00 (1)
0.6821 +- -1.00 (1)
0.6926 +- -1.00 (1)
0.6645 +- -1.00 (1)
0.6861 +- -1.00 (1)
0.6314 +- -1.00 (1)
0.6831 +- -1.00 (1)
0.6713 +- -1.00 (1)
0.7288 +- -1.00 (1)
0.6924 +- -1.00 (1)
0.6659 +- -1.00 (1)
0.6919 +- -1.00 (1)
0.6304 +- -1.00 (1)
0.6094 +- -1.00 (1)
0.6384 +- -1.00 (1)
0.6698 +- -1.00 (1)
0.5851 +- -1.00 (1)
0.6167 +- -1.00 (1)
0.6372 +- -1.00 (1)
0.5808 +- -1.00 (1)
0.6737 +- -1.00 (1)
0.6802 +- -1.00 (1)
0.6467 +- -1.00 (1)
0.6426 +- -1.00 (1)
0.6191 +- -1.00 (1)
0.6367 +- -1.00 (1)
0.6723 +- -1.00 (1)
0.6705 +- -1.00 (1)
0.7022 +- -1.00 (1)
0.7183 +- -1.00 (1)
0.5781 +- -1.00 (1)
0.6923 +- -1.00 (1)
0.6282 +- -1.00 (1)
0.5960 +- -1.00 (1)
0.6422 +- -1.00 (1)
0.6445 +- -1.00 (1)
0.6089 +- -1.00 (1)
0.6378 +- -1.00 (1)
0.6257 +- -1.00 (1)
0.6241 +- -1.00 (1)
0.6531 +- -1.00 (1)
0.6728 +- -1.00 (1)
0.6492 +- -1.00 (1)
0.6258 +- -1.00 (1)
0.6681 +- -1.00 (1)
0.6304 +- -1.00 (1)
0.6192 +- -1.00 (1)
0.6203 +- -1.00 (1)
0.6543 +- -1.00 (1)
0.6892 +- -1.00 (1)
0.6147 +- -1.00 (1)
0.6648 +- -1.00 (1)
0.6478 +- -1.00 (1)
0.5999 +- -1.00 (1)
0.6656 +- -1.00 (1)
0.6601 +- -1.00 (1)
0.5759 +- -1.00 (1)
0.6564 +- -1.00 (1)
0.5903 +- -1.00 (1)
0.6169 +- -1.00 (1)
0.6672 +- -1.00 (1)
0.6568 +- -1.00 (1)
0.6359 +- -1.00 (1)
0.6297 +- -1.00 (1)
0.6394 +- -1.00 (1)
0.6226 +- -1.00 (1)
0.6556 +- -1.00 (1)
0.6273 +- -1.00 (1)
0.6781 +- -1.00 (1)
0.6502 +- -1.00 (1)
0.6010 +- -1.00 (1)
0.6507 +- -1.00 (1)
0.6231 +- -1.00 (1)
0.6049 +- -1.00 (1)
0.6761 +- -1.00 (1)
0.6445 +- -1.00 (1)
0.6102 +- -1.00 (1)
0.6336 +- -1.00 (1)
0.6139 +- -1.00 (1)
0.6272 +- -1.00 (1)
0.6749 +- -1.00 (1)
0.6675 +- -1.00 (1)
0.5967 +- -1.00 (1)
0.6289 +- -1.00 (1)
0.5773 +- -1.00 (1)
0.6373 +- -1.00 (1)
0.6279 +- -1.00 (1)
0.6502 +- -1.00 (1)
0.6468 +- -1.00 (1)
0.6389 +- -1.00 (1)
0.6028 +- -1.00 (1)
0.6765 +- -1.00 (1)
0.6274 +- -1.00 (1)
0.6303 +- -1.00 (1)
0.6614 +- -1.00 (1)
0.6223 +- -1.00 (1)
0.5996 +- -1.00 (1)
0.6476 +- -1.00 (1)
0.6173 +- -1.00 (1)
0.6290 +- -1.00 (1)
0.6226 +- -1.00 (1)
0.6685 +- -1.00 (1)
0.6574 +- -1.00 (1)
0.6525 +- -1.00 (1)
0.6239 +- -1.00 (1)
0.6194 +- -1.00 (1)
0.6282 +- -1.00 (1)
0.6493 +- -1.00 (1)
0.6270 +- -1.00 (1)
0.6414 +- -1.00 (1)
0.6146 +- -1.00 (1)
0.6535 +- -1.00 (1)
0.6287 +- -1.00 (1)
0.5904 +- -1.00 (1)
0.6598 +- -1.00 (1)
0.6044 +- -1.00 (1)
0.5937 +- -1.00 (1)
0.6336 +- -1.00 (1)
0.6138 +- -1.00 (1)
0.6018 +- -1.00 (1)
0.6374 +- -1.00 (1)
0.6588 +- -1.00 (1)
0.6276 +- -1.00 (1)
0.6686 +- -1.00 (1)
0.6040 +- -1.00 (1)
0.6435 +- -1.00 (1)
0.6208 +- -1.00 (1)
0.6559 +- -1.00 (1)
0.6495 +- -1.00 (1)
0.6607 +- -1.00 (1)
0.5831 +- -1.00 (1)
0.6594 +- -1.00 (1)
0.5946 +- -1.00 (1)
0.6119 +- -1.00 (1)
0.6319 +- -1.00 (1)
0.6292 +- -1.00 (1)
0.5778 +- -1.00 (1)
0.6310 +- -1.00 (1)
0.5759 +- -1.00 (1)
0.6233 +- -1.00 (1)
0.6493 +- -1.00 (1)
0.6375 +- -1.00 (1)
0.6159 +- -1.00 (1)
0.6667 +- -1.00 (1)
0.6051 +- -1.00 (1)
0.6432 +- -1.00 (1)
0.6236 +- -1.00 (1)
0.6250 +- -1.00 (1)
0.6456 +- -1.00 (1)
0.6118 +- -1.00 (1)
0.6153 +- -1.00 (1)
0.6646 +- -1.00 (1)
0.6085 +- -1.00 (1)
0.5759 +- -1.00 (1)
0.6418 +- -1.00 (1)
0.5985 +- -1.00 (1)
0.6244 +- -1.00 (1)
0.6189 +- -1.00 (1)
0.5790 +- -1.00 (1)
0.6269 +- -1.00 (1)
0.6469 +- -1.00 (1)
0.6251 +- -1.00 (1)
0.6085 +- -1.00 (1)
0.6258 +- -1.00 (1)
0.6474 +- -1.00 (1)
0.6329 +- -1.00 (1)
0.6002 +- -1.00 (1)
0.6345 +- -1.00 (1)
0.6614 +- -1.00 (1)
0.5929 +- -1.00 (1)
0.6136 +- -1.00 (1)
0.6309 +- -1.00 (1)
0.7645 +- -1.00 (1)
0.3411 +- -1.00 (1)
0.7480 +- -1.00 (1)
0.5616 +- -1.00 (1)
0.6518 +- -1.00 (1)
0.6814 +- -1.00 (1)
0.6303 +- -1.00 (1)
0.5212 +- -1.00 (1)
0.6161 +- -1.00 (1)
0.6258 +- -1.00 (1)
0.6241 +- -1.00 (1)
0.7409 +- -1.00 (1)
0.7581 +- -1.00 (1)
0.3968 +- -1.00 (1)
0.6318 +- -1.00 (1)
0.5156 +- -1.00 (1)
0.6366 +- -1.00 (1)
0.5554 +- -1.00 (1)
0.5804 +- -1.00 (1)
0.5604 +- -1.00 (1)
0.6953 +- -1.00 (1)
0.6263 +- -1.00 (1)
0.7388 +- -1.00 (1)
0.6730 +- -1.00 (1)
0.6229 +- -1.00 (1)
0.7614 +- -1.00 (1)
0.7188 +- -1.00 (1)
0.5842 +- -1.00 (1)
0.6028 +- -1.00 (1)
0.6070 +- -1.00 (1)
0.5395 +- -1.00 (1)
0.6872 +- -1.00 (1)
0.6649 +- -1.00 (1)
0.4447 +- -1.00 (1)
0.6127 +- -1.00 (1)
0.6022 +- -1.00 (1)
0.6263 +- -1.00 (1)
0.7187 +- -1.00 (1)
0.6887 +- -1.00 (1)
0.6848 +- -1.00 (1)
0.7055 +- -1.00 (1)
0.6116 +- -1.00 (1)
0.7114 +- -1.00 (1)
0.6638 +- -1.00 (1)
0.5856 +- -1.00 (1)
0.6529 +- -1.00 (1)
0.7093 +- -1.00 (1)
0.5888 +- -1.00 (1)
0.6458 +- -1.00 (1)
0.6211 +- -1.00 (1)
0.6215 +- -1.00 (1)
0.6778 +- -1.00 (1)
0.6920 +- -1.00 (1)
0.6091 +- -1.00 (1)
0.6418 +- -1.00 (1)
0.6424 +- -1.00 (1)
0.6841 +- -1.00 (1)
0.7367 +- -1.00 (1)
0.7114 +- -1.00 (1)
0.7037 +- -1.00 (1)
0.7127 +- -1.00 (1)
0.6324 +- -1.00 (1)
0.6354 +- -1.00 (1)
0.6965 +- -1.00 (1)
0.6115 +- -1.00 (1)
0.6192 +- -1.00 (1)
0.6649 +- -1.00 (1)
0.6618 +- -1.00 (1)
0.7543 +- -1.00 (1)
0.6262 +- -1.00 (1)
0.6549 +- -1.00 (1)
0.7022 +- -1.00 (1)
0.6826 +- -1.00 (1)
0.6457 +- -1.00 (1)
0.6632 +- -1.00 (1)
0.6989 +- -1.00 (1)
0.5956 +- -1.00 (1)
0.7108 +- -1.00 (1)
0.7018 +- -1.00 (1)
0.7154 +- -1.00 (1)
0.7129 +- -1.00 (1)
0.6130 +- -1.00 (1)
0.7071 +- -1.00 (1)
0.7143 +- -1.00 (1)
0.6099 +- -1.00 (1)
0.6246 +- -1.00 (1)
0.6460 +- -1.00 (1)
0.6538 +- -1.00 (1)
0.7067 +- -1.00 (1)
0.6607 +- -1.00 (1)
0.6154 +- -1.00 (1)
0.7000 +- -1.00 (1)
0.6997 +- -1.00 (1)
0.6341 +- -1.00 (1)
0.6665 +- -1.00 (1)
0.7193 +- -1.00 (1)
0.6883 +- -1.00 (1)
0.6854 +- -1.00 (1)
0.6993 +- -1.00 (1)
0.6949 +- -1.00 (1)
0.7233 +- -1.00 (1)
0.5865 +- -1.00 (1)
0.6966 +- -1.00 (1)
0.6734 +- -1.00 (1)
0.6242 +- -1.00 (1)
0.6683 +- -1.00 (1)
0.6762 +- -1.00 (1)
0.6554 +- -1.00 (1)
0.6830 +- -1.00 (1)
0.6745 +- -1.00 (1)
0.6610 +- -1.00 (1)
0.6760 +- -1.00 (1)
0.7139 +- -1.00 (1)
0.6555 +- -1.00 (1)
0.6827 +- -1.00 (1)
0.6946 +- -1.00 (1)
0.6864 +- -1.00 (1)
0.7178 +- -1.00 (1)
0.6941 +- -1.00 (1)
0.6858 +- -1.00 (1)
0.6929 +- -1.00 (1)
0.6247 +- -1.00 (1)
0.7105 +- -1.00 (1)
0.6886 +- -1.00 (1)
0.6298 +- -1.00 (1)
0.6571 +- -1.00 (1)
0.6784 +- -1.00 (1)
0.6715 +- -1.00 (1)
0.6753 +- -1.00 (1)
0.6813 +- -1.00 (1)
0.6432 +- -1.00 (1)
0.6150 +- -1.00 (1)
0.6523 +- -1.00 (1)
0.6337 +- -1.00 (1)
0.6651 +- -1.00 (1)
0.6637 +- -1.00 (1)
0.7301 +- -1.00 (1)
0.6846 +- -1.00 (1)
0.6448 +- -1.00 (1)
0.6867 +- -1.00 (1)
0.6158 +- -1.00 (1)
0.5947 +- -1.00 (1)
0.6469 +- -1.00 (1)
0.6733 +- -1.00 (1)
0.6222 +- -1.00 (1)
0.6283 +- -1.00 (1)
0.6175 +- -1.00 (1)
0.5811 +- -1.00 (1)
0.6810 +- -1.00 (1)
0.6969 +- -1.00 (1)
0.6469 +- -1.00 (1)
0.6401 +- -1.00 (1)
0.6188 +- -1.00 (1)
0.6377 +- -1.00 (1)
0.6608 +- -1.00 (1)
0.6633 +- -1.00 (1)
0.7085 +- -1.00 (1)
0.6964 +- -1.00 (1)
0.5707 +- -1.00 (1)
0.6795 +- -1.00 (1)
0.6483 +- -1.00 (1)
0.5970 +- -1.00 (1)
0.6313 +- -1.00 (1)
0.6530 +- -1.00 (1)
0.6007 +- -1.00 (1)
0.6484 +- -1.00 (1)
0.6194 +- -1.00 (1)
0.6020 +- -1.00 (1)
0.6430 +- -1.00 (1)
0.6818 +- -1.00 (1)
0.6408 +- -1.00 (1)
0.6125 +- -1.00 (1)
0.6737 +- -1.00 (1)
0.6375 +- -1.00 (1)
0.6218 +- -1.00 (1)
0.6163 +- -1.00 (1)
0.6500 +- -1.00 (1)
0.7018 +- -1.00 (1)
0.6054 +- -1.00 (1)
0.6759 +- -1.00 (1)
0.6502 +- -1.00 (1)
0.5894 +- -1.00 (1)
0.6660 +- -1.00 (1)
0.6624 +- -1.00 (1)
0.5958 +- -1.00 (1)
0.6510 +- -1.00 (1)
0.5808 +- -1.00 (1)
0.6300 +- -1.00 (1)
0.6566 +- -1.00 (1)
0.6662 +- -1.00 (1)
0.6506 +- -1.00 (1)
0.6185 +- -1.00 (1)
0.6252 +- -1.00 (1)
0.6196 +- -1.00 (1)
0.6445 +- -1.00 (1)
0.6091 +- -1.00 (1)
0.6825 +- -1.00 (1)
0.6366 +- -1.00 (1)
0.6374 +- -1.00 (1)
0.6286 +- -1.00 (1)
0.5778 +- -1.00 (1)
0.6009 +- -1.00 (1)
0.6783 +- -1.00 (1)
0.6434 +- -1.00 (1)
0.6068 +- -1.00 (1)
0.6290 +- -1.00 (1)
0.6113 +- -1.00 (1)
0.6303 +- -1.00 (1)
0.6698 +- -1.00 (1)
0.6683 +- -1.00 (1)
0.5985 +- -1.00 (1)
0.6387 +- -1.00 (1)
0.5766 +- -1.00 (1)
0.6289 +- -1.00 (1)
0.6238 +- -1.00 (1)
0.6368 +- -1.00 (1)
0.6590 +- -1.00 (1)
0.6424 +- -1.00 (1)
0.5999 +- -1.00 (1)
0.6714 +- -1.00 (1)
0.6258 +- -1.00 (1)
0.6254 +- -1.00 (1)
0.6564 +- -1.00 (1)
0.6199 +- -1.00 (1)
0.5951 +- -1.00 (1)
0.6438 +- -1.00 (1)
0.6174 +- -1.00 (1)
0.6275 +- -1.00 (1)
0.6307 +- -1.00 (1)
0.6782 +- -1.00 (1)
0.6406 +- -1.00 (1)
0.6443 +- -1.00 (1)
0.6187 +- -1.00 (1)
0.6259 +- -1.00 (1)
0.6017 +- -1.00 (1)
0.6441 +- -1.00 (1)
0.6516 +- -1.00 (1)
0.6370 +- -1.00 (1)
0.6187 +- -1.00 (1)
0.6294 +- -1.00 (1)
0.6328 +- -1.00 (1)
0.5892 +- -1.00 (1)
0.6652 +- -1.00 (1)
0.6072 +- -1.00 (1)
0.6017 +- -1.00 (1)
0.6258 +- -1.00 (1)
0.6017 +- -1.00 (1)
0.6027 +- -1.00 (1)
0.6577 +- -1.00 (1)
0.6652 +- -1.00 (1)
0.6278 +- -1.00 (1)
0.6691 +- -1.00 (1)
0.6217 +- -1.00 (1)
0.6462 +- -1.00 (1)
0.6263 +- -1.00 (1)
0.6623 +- -1.00 (1)
0.6465 +- -1.00 (1)
0.6623 +- -1.00 (1)
0.5905 +- -1.00 (1)
0.6732 +- -1.00 (1)
0.6116 +- -1.00 (1)
0.5977 +- -1.00 (1)
0.6434 +- -1.00 (1)
0.5892 +- -1.00 (1)
0.5630 +- -1.00 (1)
0.6457 +- -1.00 (1)
0.5951 +- -1.00 (1)
0.6070 +- -1.00 (1)
0.6264 +- -1.00 (1)
0.6461 +- -1.00 (1)
0.6239 +- -1.00 (1)
0.6495 +- -1.00 (1)
0.6394 +- -1.00 (1)
0.6355 +- -1.00 (1)
0.6378 +- -1.00 (1)
0.6185 +- -1.00 (1)
0.6580 +- -1.00 (1)
0.6363 +- -1.00 (1)
0.6082 +- -1.00 (1)
0.6309 +- -1.00 (1)
0.5810 +- -1.00 (1)
0.6163 +- -1.00 (1)
0.6191 +- -1.00 (1)
0.6175 +- -1.00 (1)
0.5940 +- -1.00 (1)
0.6428 +- -1.00 (1)
0.5838 +- -1.00 (1)
0.6259 +- -1.00 (1)
0.6325 +- -1.00 (1)
0.6010 +- -1.00 (1)
0.6152 +- -1.00 (1)
0.6263 +- -1.00 (1)
0.6269 +- -1.00 (1)
0.6147 +- -1.00 (1)
0.5944 +- -1.00 (1)
0.6335 +- -1.00 (1)
0.6593 +- -1.00 (1)
0.5977 +- -1.00 (1)
0.5758 +- -1.00 (1)
0.2594 +- -1.00 (1)
0.7549 +- -1.00 (1)
0.4642 +- -1.00 (1)
0.7470 +- -1.00 (1)
0.3905 +- -1.00 (1)
0.6500 +- -1.00 (1)
0.3890 +- -1.00 (1)
0.6140 +- -1.00 (1)
0.3095 +- -1.00 (1)
0.6893 +- -1.00 (1)
0.3931 +- -1.00 (1)
0.3671 +- -1.00 (1)
0.7171 +- -1.00 (1)
0.5716 +- -1.00 (1)
0.3980 +- -1.00 (1)
0.5917 +- -1.00 (1)
0.3995 +- -1.00 (1)
0.6366 +- -1.00 (1)
0.4391 +- -1.00 (1)
0.4810 +- -1.00 (1)
0.6569 +- -1.00 (1)
0.3347 +- -1.00 (1)
0.6289 +- -1.00 (1)
0.3639 +- -1.00 (1)
0.6681 +- -1.00 (1)
0.2470 +- -1.00 (1)
0.7376 +- -1.00 (1)
0.4809 +- -1.00 (1)
0.5929 +- -1.00 (1)
0.7385 +- -1.00 (1)
0.5362 +- -1.00 (1)
0.3531 +- -1.00 (1)
0.5085 +- -1.00 (1)
0.6638 +- -1.00 (1)
0.5918 +- -1.00 (1)
0.5370 +- -1.00 (1)
0.5929 +- -1.00 (1)
0.5968 +- -1.00 (1)
0.4738 +- -1.00 (1)
0.5855 +- -1.00 (1)
0.5547 +- -1.00 (1)
0.6245 +- -1.00 (1)
0.5278 +- -1.00 (1)
0.4299 +- -1.00 (1)
0.3392 +- -1.00 (1)
0.3160 +- -1.00 (1)
0.5913 +- -1.00 (1)
0.6771 +- -1.00 (1)
0.4005 +- -1.00 (1)
0.6357 +- -1.00 (1)
0.5103 +- -1.00 (1)
0.6224 +- -1.00 (1)
0.5168 +- -1.00 (1)
0.6730 +- -1.00 (1)
0.3166 +- -1.00 (1)
0.6562 +- -1.00 (1)
0.6686 +- -1.00 (1)
0.6348 +- -1.00 (1)
0.7194 +- -1.00 (1)
0.4027 +- -1.00 (1)
0.5785 +- -1.00 (1)
0.6787 +- -1.00 (1)
0.5589 +- -1.00 (1)
0.3532 +- -1.00 (1)
0.6556 +- -1.00 (1)
0.5946 +- -1.00 (1)
0.6151 +- -1.00 (1)
0.6285 +- -1.00 (1)
0.5472 +- -1.00 (1)
0.6824 +- -1.00 (1)
0.6074 +- -1.00 (1)
0.4903 +- -1.00 (1)
0.6716 +- -1.00 (1)
0.4145 +- -1.00 (1)
0.4235 +- -1.00 (1)
0.6282 +- -1.00 (1)
0.4800 +- -1.00 (1)
0.4850 +- -1.00 (1)
0.5318 +- -1.00 (1)
0.4740 +- -1.00 (1)
0.4794 +- -1.00 (1)
0.7143 +- -1.00 (1)
0.6055 +- -1.00 (1)
0.4161 +- -1.00 (1)
0.6005 +- -1.00 (1)
0.5651 +- -1.00 (1)
0.3924 +- -1.00 (1)
0.6144 +- -1.00 (1)
0.6539 +- -1.00 (1)
0.6272 +- -1.00 (1)
0.6143 +- -1.00 (1)
0.5148 +- -1.00 (1)
0.5112 +- -1.00 (1)
0.6307 +- -1.00 (1)
0.6197 +- -1.00 (1)
0.6342 +- -1.00 (1)
0.5352 +- -1.00 (1)
0.4172 +- -1.00 (1)
0.6623 +- -1.00 (1)
0.5831 +- -1.00 (1)
0.6852 +- -1.00 (1)
0.6618 +- -1.00 (1)
0.6230 +- -1.00 (1)
0.4467 +- -1.00 (1)
0.4722 +- -1.00 (1)
0.4958 +- -1.00 (1)
0.5808 +- -1.00 (1)
0.6825 +- -1.00 (1)
0.4171 +- -1.00 (1)
0.5292 +- -1.00 (1)
0.5605 +- -1.00 (1)
0.5150 +- -1.00 (1)
0.6668 +- -1.00 (1)
0.5629 +- -1.00 (1)
0.5770 +- -1.00 (1)
0.5220 +- -1.00 (1)
0.5947 +- -1.00 (1)
0.5069 +- -1.00 (1)
0.6594 +- -1.00 (1)
0.6934 +- -1.00 (1)
0.6906 +- -1.00 (1)
0.5817 +- -1.00 (1)
0.6284 +- -1.00 (1)
0.6387 +- -1.00 (1)
0.5611 +- -1.00 (1)
0.5193 +- -1.00 (1)
0.5857 +- -1.00 (1)
0.6401 +- -1.00 (1)
0.5867 +- -1.00 (1)
0.6683 +- -1.00 (1)
0.5026 +- -1.00 (1)
0.5585 +- -1.00 (1)
0.5722 +- -1.00 (1)
0.5963 +- -1.00 (1)
0.4977 +- -1.00 (1)
0.6070 +- -1.00 (1)
0.5266 +- -1.00 (1)
0.6229 +- -1.00 (1)
0.5855 +- -1.00 (1)
0.6258 +- -1.00 (1)
0.6319 +- -1.00 (1)
0.5159 +- -1.00 (1)
0.5146 +- -1.00 (1)
0.5690 +- -1.00 (1)
0.6587 +- -1.00 (1)
0.5704 +- -1.00 (1)
0.4768 +- -1.00 (1)
0.5201 +- -1.00 (1)
0.4565 +- -1.00 (1)
0.5983 +- -1.00 (1)
0.5249 +- -1.00 (1)
0.6394 +- -1.00 (1)
0.4502 +- -1.00 (1)
0.4166 +- -1.00 (1)
0.5947 +- -1.00 (1)
0.4876 +- -1.00 (1)
0.6508 +- -1.00 (1)
0.5092 +- -1.00 (1)
0.6027 +- -1.00 (1)
0.5469 +- -1.00 (1)
0.6327 +- -1.00 (1)
0.6209 +- -1.00 (1)
0.5732 +- -1.00 (1)
0.4606 +- -1.00 (1)
0.6239 +- -1.00 (1)
0.4850 +- -1.00 (1)
0.4790 +- -1.00 (1)
0.5267 +- -1.00 (1)
0.5071 +- -1.00 (1)
0.5678 +- -1.00 (1)
0.6222 +- -1.00 (1)
0.5555 +- -1.00 (1)
0.6070 +- -1.00 (1)
0.6151 +- -1.00 (1)
0.5573 +- -1.00 (1)
0.5784 +- -1.00 (1)
0.5707 +- -1.00 (1)
0.6499 +- -1.00 (1)
0.6363 +- -1.00 (1)
0.5251 +- -1.00 (1)
0.6112 +- -1.00 (1)
0.5069 +- -1.00 (1)
0.5521 +- -1.00 (1)
0.6679 +- -1.00 (1)
0.6528 +- -1.00 (1)
0.5226 +- -1.00 (1)
0.4605 +- -1.00 (1)
0.5763 +- -1.00 (1)
0.5914 +- -1.00 (1)
0.5760 +- -1.00 (1)
0.5652 +- -1.00 (1)
0.5403 +- -1.00 (1)
0.5883 +- -1.00 (1)
0.5792 +- -1.00 (1)
0.6007 +- -1.00 (1)
0.5574 +- -1.00 (1)
0.5994 +- -1.00 (1)
0.5966 +- -1.00 (1)
0.6245 +- -1.00 (1)
0.6030 +- -1.00 (1)
0.5471 +- -1.00 (1)
0.5729 +- -1.00 (1)
0.5143 +- -1.00 (1)
0.4942 +- -1.00 (1)
0.5094 +- -1.00 (1)
0.5749 +- -1.00 (1)
0.5764 +- -1.00 (1)
0.5311 +- -1.00 (1)
0.5739 +- -1.00 (1)
0.5401 +- -1.00 (1)
0.6298 +- -1.00 (1)
0.5306 +- -1.00 (1)
0.5649 +- -1.00 (1)
0.5793 +- -1.00 (1)
0.5411 +- -1.00 (1)
0.5875 +- -1.00 (1)
0.5623 +- -1.00 (1)
0.5418 +- -1.00 (1)
0.5728 +- -1.00 (1)
0.6009 +- -1.00 (1)
0.6318 +- -1.00 (1)
0.6033 +- -1.00 (1)
0.5490 +- -1.00 (1)
0.5852 +- -1.00 (1)
0.5099 +- -1.00 (1)
0.4672 +- -1.00 (1)
0.4580 +- -1.00 (1)
0.6115 +- -1.00 (1)
0.5886 +- -1.00 (1)
0.6128 +- -1.00 (1)
0.5319 +- -1.00 (1)
0.6158 +- -1.00 (1)
0.5873 +- -1.00 (1)
0.4979 +- -1.00 (1)
0.6064 +- -1.00 (1)
0.6067 +- -1.00 (1)
0.5546 +- -1.00 (1)
0.5746 +- -1.00 (1)
0.5047 +- -1.00 (1)
0.5289 +- -1.00 (1)
0.6164 +- -1.00 (1)
0.5501 +- -1.00 (1)
0.5275 +- -1.00 (1)
0.5424 +- -1.00 (1)
0.5956 +- -1.00 (1)
0.4951 +- -1.00 (1)
0.6291 +- -1.00 (1)
0.5265 +- -1.00 (1)
0.5566 +- -1.00 (1)
0.5964 +- -1.00 (1)
0.5601 +- -1.00 (1)
0.5437 +- -1.00 (1)
0.6140 +- -1.00 (1)
0.6008 +- -1.00 (1)
0.6162 +- -1.00 (1)
0.6092 +- -1.00 (1)
0.5740 +- -1.00 (1)
0.5804 +- -1.00 (1)
0.6176 +- -1.00 (1)
0.5081 +- -1.00 (1)
0.6038 +- -1.00 (1)
0.5774 +- -1.00 (1)
0.5113 +- -1.00 (1)
0.6143 +- -1.00 (1)
0.4835 +- -1.00 (1)
0.5570 +- -1.00 (1)
0.6003 +- -1.00 (1)
0.5377 +- -1.00 (1)
0.5986 +- -1.00 (1)
0.5926 +- -1.00 (1)
0.5404 +- -1.00 (1)
0.5687 +- -1.00 (1)
0.6365 +- -1.00 (1)
0.5628 +- -1.00 (1)
0.6224 +- -1.00 (1)
0.5771 +- -1.00 (1)
0.5513 +- -1.00 (1)
0.6345 +- -1.00 (1)
0.6087 +- -1.00 (1)
0.5797 +- -1.00 (1)
0.6163 +- -1.00 (1)
0.5743 +- -1.00 (1)
0.5751 +- -1.00 (1)
0.6170 +- -1.00 (1)
0.5344 +- -1.00 (1)
0.5696 +- -1.00 (1)
0.5674 +- -1.00 (1)
0.4910 +- -1.00 (1)
0.6039 +- -1.00 (1)
0.5493 +- -1.00 (1)
0.5941 +- -1.00 (1)
0.4938 +- -1.00 (1)
0.5539 +- -1.00 (1)
0.5962 +- -1.00 (1)
0.6083 +- -1.00 (1)
0.5917 +- -1.00 (1)
0.5800 +- -1.00 (1)
0.6238 +- -1.00 (1)
0.5759 +- -1.00 (1)
0.5731 +- -1.00 (1)
