0.6880 
0.5319 
0.5274 
0.5893 
0.5743 
0.5914 
0.4489 
0.6442 
0.6168 
0.8065 
0.6358 
0.6862 
0.9308 
0.2600 
0.6107 
0.3246 
0.5858 
0.3969 
0.2696 
0.4788 
0.6259 
0.6313 
0.7041 
0.8914 
0.6463 
0.5566 
0.7359 
0.6851 
0.7382 
0.4479 
0.5697 
0.6441 
0.3782 
0.5796 
0.5792 
0.8140 
0.3416 
0.7536 
0.7167 
0.6860 
0.7447 
0.4762 
0.6838 
0.6519 
0.6129 
0.5315 
0.5302 
0.7008 
0.6586 
0.7659 
0.6948 
0.7039 
0.7564 
0.7359 
0.6258 
0.4925 
0.6676 
0.6182 
0.6620 
0.6093 
0.6484 
0.5816 
0.6780 
0.6703 
0.5360 
0.6768 
0.7694 
0.7108 
0.5968 
0.4732 
0.5521 
0.7349 
0.9360 
0.5633 
0.9036 
0.5638 
0.7037 
0.5316 
0.7699 
0.6419 
0.5079 
0.6022 
0.5762 
0.6776 
0.4682 
0.5837 
0.6885 
0.5717 
0.6329 
0.5282 
0.5896 
0.5278 
0.6842 
0.6874 
0.6417 
0.6363 
0.6787 
0.6588 
0.7585 
0.6411 
0.6907 
0.7567 
0.6188 
0.6147 
0.6834 
0.6202 
0.7145 
0.6038 
0.6771 
0.5813 
0.6091 
0.6757 
0.5930 
0.5682 
0.5123 
0.6324 
0.6748 
0.6234 
0.5626 
0.6163 
0.5861 
0.6213 
0.7225 
0.6431 
0.6151 
0.6273 
0.7009 
0.5936 
0.6641 
0.7810 
0.6883 
0.6141 
0.6374 
0.5858 
0.6762 
0.6301 
0.6882 
0.6124 
0.5126 
0.6126 
0.6254 
0.6634 
0.6425 
0.6649 
0.6161 
0.5494 
0.6153 
0.6485 
0.5497 
0.6966 
0.5147 
0.6298 
0.5908 
0.5564 
0.6952 
0.6485 
0.5716 
0.5870 
0.6197 
0.5891 
0.5780 
0.6842 
0.6508 
0.6179 
0.5809 
0.7346 
0.5191 
0.6591 
0.5748 
0.6737 
0.5682 
0.6982 
0.6641 
0.6435 
0.5950 
0.5962 
0.5806 
0.7051 
0.6426 
0.6128 
0.6365 
0.6506 
0.6455 
0.5521 
0.5860 
0.7033 
0.6119 
0.5432 
0.5978 
0.5949 
0.6157 
0.5797 
0.6150 
0.6186 
0.6565 
0.5917 
0.6382 
0.6586 
0.6590 
0.6474 
0.6450 
0.6389 
0.6843 
0.5707 
0.6938 
0.7202 
0.7116 
0.5734 
0.5830 
0.6531 
0.6991 
0.6034 
0.5697 
0.6470 
0.6949 
0.6086 
0.6309 
0.6503 
0.6145 
0.6288 
0.5704 
0.6431 
0.6442 
0.5946 
0.6812 
0.6311 
0.6785 
0.6300 
0.6598 
0.6086 
0.6178 
0.6030 
0.5641 
0.5704 
0.5626 
0.5791 
0.7313 
0.6010 
0.6089 
0.6120 
0.6004 
0.6234 
0.6066 
0.5869 
0.6372 
0.6241 
0.6169 
0.6506 
0.6674 
0.6389 
0.6474 
0.5957 
0.6838 
0.5607 
0.6228 
0.6410 
0.6163 
0.6882 
0.5660 
0.5667 
0.6568 
0.5585 
0.5965 
0.6573 
0.5626 
0.7005 
0.6929 
0.5586 
0.6431 
0.6258 
0.6169 
0.6227 
0.5975 
0.6705 
0.6581 
0.6147 
0.6348 
0.6434 
0.6032 
0.6154 
0.6055 
0.6196 
0.5826 
0.6005 
0.6116 
0.6647 
0.5991 
0.5427 
0.6179 
0.6145 
0.6465 
0.6224 
0.6304 
0.5914 
0.5847 
0.6045 
0.5966 
0.6388 
0.5589 
0.6077 
0.8382 
0.9810 
0.7535 
0.9352 
0.7706 
0.9670 
0.9335 
0.9881 
0.6824 
0.9542 
0.7911 
0.9619 
0.6971 
0.9248 
0.7931 
0.9771 
0.8075 
0.5579 
0.8022 
0.6956 
0.9415 
0.9745 
0.9128 
0.9868 
0.9670 
0.7633 
0.9842 
0.9257 
0.9739 
0.8496 
0.7201 
0.9680 
0.9792 
0.9695 
0.8826 
0.9507 
0.9237 
0.9687 
0.9800 
0.9570 
0.9696 
0.9725 
0.9723 
0.7680 
0.9748 
0.9791 
0.9812 
0.9181 
0.9606 
0.9819 
0.9817 
0.9785 
0.9852 
0.9805 
0.9815 
0.9814 
0.9695 
0.9743 
0.9174 
0.9808 
0.9722 
0.9799 
0.9807 
0.9822 
0.9776 
0.9803 
0.9739 
0.9772 
0.9730 
0.9815 
0.9766 
0.7983 
0.9889 
0.9780 
0.9836 
0.9827 
0.9720 
0.9292 
0.9869 
0.9798 
0.9765 
0.9803 
0.9778 
0.9813 
0.9844 
0.9847 
0.9841 
0.9768 
0.9780 
0.9802 
0.9764 
0.9758 
0.9839 
0.9817 
0.9863 
0.9817 
0.9807 
0.9752 
0.9839 
0.9817 
0.9776 
0.9869 
0.9796 
0.9832 
0.9872 
0.9832 
0.9776 
0.9757 
0.9793 
0.9775 
0.8334 
0.9817 
0.9847 
0.9733 
0.9871 
0.9809 
0.9816 
0.9713 
0.9849 
0.9842 
0.9862 
0.9753 
0.9820 
0.9855 
0.9810 
0.9817 
0.9809 
0.9792 
0.9813 
0.9798 
0.9812 
0.9860 
0.9738 
0.9799 
0.9874 
0.9798 
0.9815 
0.9788 
0.9794 
0.9837 
0.9797 
0.9726 
0.9686 
0.9721 
0.9755 
0.9759 
0.9731 
0.9629 
0.9648 
0.9738 
0.9761 
0.9703 
0.9772 
0.9742 
0.9740 
0.9653 
0.9622 
0.9772 
0.9666 
0.9681 
0.8462 
0.9738 
0.9743 
0.9781 
0.9740 
0.9702 
0.9770 
0.9722 
0.9687 
0.9703 
0.9735 
0.9735 
0.9630 
0.9777 
0.9689 
0.9723 
0.9710 
0.9717 
0.9805 
0.9735 
0.9738 
0.9731 
0.9576 
0.9769 
0.9755 
0.9703 
0.9771 
0.9753 
0.9715 
0.9544 
0.9711 
0.9752 
0.9662 
0.9734 
0.9784 
0.9751 
0.9733 
0.9730 
0.9771 
0.9758 
0.9722 
0.9700 
0.9594 
0.9697 
0.9757 
0.9676 
0.9750 
0.9685 
0.9703 
0.9722 
0.9688 
0.9770 
0.9692 
0.9719 
0.9675 
0.9760 
0.9651 
0.9745 
0.9739 
0.9710 
0.9701 
0.9721 
0.9716 
0.9715 
0.9719 
0.9724 
0.9683 
0.9667 
0.9597 
0.9707 
0.9683 
0.9775 
0.9670 
0.9693 
0.9706 
0.9695 
0.9711 
0.9727 
0.9637 
0.9720 
0.9698 
0.9721 
0.9623 
0.9653 
0.9632 
0.9716 
0.9699 
0.9697 
0.9674 
0.9722 
0.9759 
0.9738 
0.9776 
0.9655 
0.9763 
0.9578 
0.9701 
0.9712 
0.9754 
0.9703 
0.9675 
0.9675 
0.9585 
0.9715 
0.9655 
0.9615 
0.9715 
0.9622 
0.9643 
0.9527 
0.9695 
0.9690 
0.9632 
0.9672 
0.9667 
0.9664 
0.9501 
0.9700 
0.9733 
0.9738 
0.9709 
0.9556 
0.9675 
0.9705 
0.9732 
0.9509 
0.9704 
0.9630 
0.9684 
0.9762 
0.9640 
0.9681 
0.9696 
0.9718 
0.9691 
0.9591 
0.9698 
0.9540 
0.9719 
0.9650 
0.7667 
0.9730 
0.9433 
0.9349 
0.9484 
0.9693 
0.6863 
0.9611 
0.6950 
0.6723 
0.7300 
0.7288 
0.9837 
0.7904 
0.7600 
0.9383 
0.7015 
0.9414 
0.6677 
0.9677 
0.9595 
0.5727 
0.9711 
0.6345 
0.9533 
0.5613 
0.9840 
0.7101 
0.9743 
0.9818 
0.9696 
0.8134 
0.8530 
0.9711 
0.9711 
0.9683 
0.9696 
0.9670 
0.7490 
0.9484 
0.9784 
0.9334 
0.9824 
0.8721 
0.6999 
0.6845 
0.9741 
0.9739 
0.8253 
0.9811 
0.8752 
0.9809 
0.8733 
0.9777 
0.7406 
0.9793 
0.9692 
0.9572 
0.9851 
0.7278 
0.9574 
0.9827 
0.9644 
0.7487 
0.9778 
0.9777 
0.9512 
0.9559 
0.9374 
0.9833 
0.9776 
0.7987 
0.9894 
0.7981 
0.7664 
0.9828 
0.9095 
0.8669 
0.7937 
0.7787 
0.7772 
0.9832 
0.9791 
0.7093 
0.9792 
0.9750 
0.7585 
0.9705 
0.9778 
0.9832 
0.9781 
0.9314 
0.8215 
0.9783 
0.9822 
0.9843 
0.8606 
0.8013 
0.9860 
0.9685 
0.9826 
0.9746 
0.9791 
0.7957 
0.8189 
0.9048 
0.9276 
0.9748 
0.7619 
0.8933 
0.9289 
0.8624 
0.9798 
0.9035 
0.9872 
0.7984 
0.9186 
0.7861 
0.9749 
0.9828 
0.9827 
0.9650 
0.9810 
0.9849 
0.9672 
0.9232 
0.9773 
0.9705 
0.9790 
0.9817 
0.8540 
0.9777 
0.9688 
0.9781 
0.8865 
0.9573 
0.8814 
0.9460 
0.9585 
0.9803 
0.9443 
0.7606 
0.9555 
0.7833 
0.9466 
0.9586 
0.8215 
0.8324 
0.7546 
0.9495 
0.8133 
0.9698 
0.8412 
0.8256 
0.9723 
0.7255 
0.9486 
0.8774 
0.9415 
0.9611 
0.9720 
0.9556 
0.9588 
0.7700 
0.9748 
0.8420 
0.8676 
0.9516 
0.8798 
0.9602 
0.9685 
0.9645 
0.9568 
0.9645 
0.9141 
0.9613 
0.8218 
0.9396 
0.9621 
0.8211 
0.9432 
0.9351 
0.9413 
0.9753 
0.9686 
0.9280 
0.8251 
0.8683 
0.9651 
0.8951 
0.9498 
0.9488 
0.9294 
0.9417 
0.9533 
0.9146 
0.9646 
0.9376 
0.9676 
0.9157 
0.9098 
0.9672 
0.8991 
0.8194 
0.9007 
0.9311 
0.9312 
0.9528 
0.9572 
0.9620 
0.9353 
0.9396 
0.8829 
0.8033 
0.7889 
0.9616 
0.9574 
0.8826 
0.9232 
0.9726 
0.9685 
0.9529 
0.8089 
0.8345 
0.8839 
0.7910 
0.7350 
0.9548 
0.8988 
0.8856 
0.8039 
0.9577 
0.8933 
0.9367 
0.9647 
0.9695 
0.9137 
0.9441 
0.8566 
0.8996 
0.9148 
0.8981 
0.8308 
0.7701 
0.9120 
0.8897 
0.9425 
0.8639 
0.8645 
0.8966 
0.8953 
0.9440 
0.7606 
0.8721 
0.8757 
0.9529 
0.8906 
0.9146 
0.9443 
0.9040 
0.8145 
0.9239 
0.8314 
0.9665 
0.7336 
0.9638 
0.9061 
0.9374 
0.9362 
0.7832 
0.9220 
0.8613 
0.9721 
0.9203 
0.9524 
0.9356 
0.7355 
0.9490 
0.9597 
0.8643 
0.8524 
0.9223 
0.9480 
0.9576 
0.8322 
0.9668 
0.8290 
0.8757 
0.9456 
0.8097 
0.8793 
0.7208 
0.8319 
0.9638 
0.9618 
0.9444 
0.8383 
0.8430 
0.9016 
0.8805 
