../../problems/clp/benchs/BRwp-0.5-0.5/BR1.txt -i 6 --min_fr=1.0 0.722400 0.931400
../../problems/clp/benchs/BRwp-0.5-0.5/BR1.txt -i 11 --min_fr=1.0 0.624200 0.864900
../../problems/clp/benchs/BRwp-0.5-0.5/BR1.txt -i 16 --min_fr=1.0 0.677100 0.891000
../../problems/clp/benchs/BRwp-0.5-0.5/BR2.txt -i 0 --min_fr=1.0 0.713400 0.911800
../../problems/clp/benchs/BRwp-0.5-0.5/BR2.txt -i 1 --min_fr=1.0 0.693600 0.867500
../../problems/clp/benchs/BRwp-0.5-0.5/BR2.txt -i 3 --min_fr=1.0 0.733800 0.954700
../../problems/clp/benchs/BRwp-0.5-0.5/BR2.txt -i 6 --min_fr=1.0 0.762000 0.922500
../../problems/clp/benchs/BRwp-0.5-0.5/BR2.txt -i 8 --min_fr=1.0 0.592100 0.738100
../../problems/clp/benchs/BRwp-0.5-0.5/BR2.txt -i 11 --min_fr=1.0 0.567500 0.726000
../../problems/clp/benchs/BRwp-0.5-0.5/BR2.txt -i 14 --min_fr=1.0 0.610700 0.774800
../../problems/clp/benchs/BRwp-0.5-0.5/BR2.txt -i 16 --min_fr=1.0 0.775600 0.941600
../../problems/clp/benchs/BRwp-0.5-0.5/BR3.txt -i 5 --min_fr=1.0 0.601300 0.748200
../../problems/clp/benchs/BRwp-0.5-0.5/BR3.txt -i 10 --min_fr=1.0 0.625100 0.751000
../../problems/clp/benchs/BRwp-0.5-0.5/BR3.txt -i 11 --min_fr=1.0 0.623200 0.771100
../../problems/clp/benchs/BRwp-0.5-0.5/BR3.txt -i 15 --min_fr=1.0 0.680000 0.843300
../../problems/clp/benchs/BRwp-0.5-0.5/BR5.txt -i 2 --min_fr=1.0 0.616700 0.810700
../../problems/clp/benchs/BRwp-1.0-0.5/BR1.txt -i 5 --min_fr=1.0 0.651800 0.833600
../../problems/clp/benchs/BRwp-1.0-0.5/BR1.txt -i 7 --min_fr=1.0 0.630300 0.844600
../../problems/clp/benchs/BRwp-1.0-0.5/BR1.txt -i 11 --min_fr=1.0 0.624100 0.770100
../../problems/clp/benchs/BRwp-1.0-0.5/BR1.txt -i 16 --min_fr=1.0 0.515600 0.687600
../../problems/clp/benchs/BRwp-1.0-0.5/BR1.txt -i 17 --min_fr=1.0 0.636600 0.889600
../../problems/clp/benchs/BRwp-1.0-0.5/BR2.txt -i 7 --min_fr=1.0 0.718800 0.888300
../../problems/clp/benchs/BRwp-1.0-0.5/BR2.txt -i 12 --min_fr=1.0 0.687200 0.847500
../../problems/clp/benchs/BRwp-1.0-0.5/BR2.txt -i 14 --min_fr=1.0 0.444700 0.611300
../../problems/clp/benchs/BRwp-1.0-0.5/BR2.txt -i 15 --min_fr=1.0 0.612700 0.794100
../../problems/clp/benchs/BRwp-1.0-0.5/BR3.txt -i 0 --min_fr=1.0 0.684800 0.869700
../../problems/clp/benchs/BRwp-1.0-0.5/BR3.txt -i 9 --min_fr=1.0 0.645800 0.777200
../../problems/clp/benchs/BRwp-1.0-0.5/BR3.txt -i 11 --min_fr=1.0 0.621500 0.758700
../../problems/clp/benchs/BRwp-1.0-0.5/BR4.txt -i 6 --min_fr=1.0 0.619200 0.745300
../../problems/clp/benchs/BRwp-1.0-0.5/BR4.txt -i 8 --min_fr=1.0 0.661800 0.846000
../../problems/clp/benchs/BRwp-1.0-0.5/BR4.txt -i 11 --min_fr=1.0 0.654900 0.829900
../../problems/clp/benchs/BRwp-1.0-0.5/BR5.txt -i 5 --min_fr=1.0 0.609900 0.771500
../../problems/clp/benchs/BRwp-1.0-0.5/BR5.txt -i 7 --min_fr=1.0 0.646000 0.829200
../../problems/clp/benchs/BRwp-1.0-0.5/BR5.txt -i 16 --min_fr=1.0 0.719300 0.890500
../../problems/clp/benchs/BRwp-1.0-0.5/BR6.txt -i 2 --min_fr=1.0 0.586500 0.708500
../../problems/clp/benchs/BRwp-1.4-0.5/BR1.txt -i 0 --min_fr=1.0 0.259400 0.351300
../../problems/clp/benchs/BRwp-1.4-0.5/BR1.txt -i 2 --min_fr=1.0 0.464200 0.567100
../../problems/clp/benchs/BRwp-1.4-0.5/BR1.txt -i 5 --min_fr=1.0 0.650000 0.873300
../../problems/clp/benchs/BRwp-1.4-0.5/BR1.txt -i 8 --min_fr=1.0 0.309500 0.465200
../../problems/clp/benchs/BRwp-1.4-0.5/BR1.txt -i 10 --min_fr=1.0 0.393100 0.482100
../../problems/clp/benchs/BRwp-1.4-0.5/BR1.txt -i 15 --min_fr=1.0 0.591700 0.795100
../../problems/clp/benchs/BRwp-1.4-0.5/BR1.txt -i 17 --min_fr=1.0 0.636600 0.857800
../../problems/clp/benchs/BRwp-1.4-0.5/BR1.txt -i 19 --min_fr=1.0 0.481000 0.724200
../../problems/clp/benchs/BRwp-1.4-0.5/BR2.txt -i 5 --min_fr=1.0 0.247000 0.387000
../../problems/clp/benchs/BRwp-1.4-0.5/BR2.txt -i 16 --min_fr=1.0 0.592900 0.765100
../../problems/clp/benchs/BRwp-1.4-0.5/BR3.txt -i 0 --min_fr=1.0 0.554700 0.691700
../../problems/clp/benchs/BRwp-1.4-0.5/BR3.txt -i 3 --min_fr=1.0 0.429900 0.547400
../../problems/clp/benchs/BRwp-1.4-0.5/BR3.txt -i 5 --min_fr=1.0 0.316000 0.437700
../../problems/clp/benchs/BRwp-1.4-0.5/BR3.txt -i 7 --min_fr=1.0 0.677100 0.849000
../../problems/clp/benchs/BRwp-1.4-0.5/BR4.txt -i 10 --min_fr=1.0 0.607400 0.772100
../../problems/clp/benchs/BRwp-1.4-0.5/BR4.txt -i 11 --min_fr=1.0 0.490300 0.622900
../../problems/clp/benchs/BRwp-1.4-0.5/BR4.txt -i 14 --min_fr=1.0 0.423500 0.526000
../../problems/clp/benchs/BRwp-1.4-0.5/BR5.txt -i 2 --min_fr=1.0 0.605500 0.746300
