../../problems/clp/benchs/BRwp-0.5-0.5/BR1.txt -i 1 --min_fr=1.0 0.531900 0.747500
../../problems/clp/benchs/BRwp-0.5-0.5/BR1.txt -i 6 --min_fr=1.0 0.448900 0.931400
../../problems/clp/benchs/BRwp-0.5-0.5/BR1.txt -i 11 --min_fr=1.0 0.686200 0.864900
../../problems/clp/benchs/BRwp-0.5-0.5/BR1.txt -i 13 --min_fr=1.0 0.260000 0.718700
../../problems/clp/benchs/BRwp-0.5-0.5/BR1.txt -i 15 --min_fr=1.0 0.324600 0.668300
../../problems/clp/benchs/BRwp-0.5-0.5/BR1.txt -i 16 --min_fr=1.0 0.585800 0.891000
../../problems/clp/benchs/BRwp-0.5-0.5/BR1.txt -i 17 --min_fr=1.0 0.396900 0.551200
../../problems/clp/benchs/BRwp-0.5-0.5/BR1.txt -i 18 --min_fr=1.0 0.269600 0.615500
../../problems/clp/benchs/BRwp-0.5-0.5/BR2.txt -i 0 --min_fr=1.0 0.625900 0.911800
../../problems/clp/benchs/BRwp-0.5-0.5/BR2.txt -i 1 --min_fr=1.0 0.631300 0.867500
../../problems/clp/benchs/BRwp-0.5-0.5/BR2.txt -i 6 --min_fr=1.0 0.735900 0.922500
../../problems/clp/benchs/BRwp-0.5-0.5/BR2.txt -i 7 --min_fr=1.0 0.685100 0.917900
../../problems/clp/benchs/BRwp-0.5-0.5/BR2.txt -i 9 --min_fr=1.0 0.447900 0.742900
../../problems/clp/benchs/BRwp-0.5-0.5/BR2.txt -i 12 --min_fr=1.0 0.378200 0.723100
../../problems/clp/benchs/BRwp-0.5-0.5/BR2.txt -i 13 --min_fr=1.0 0.579600 0.773300
../../problems/clp/benchs/BRwp-0.5-0.5/BR2.txt -i 14 --min_fr=1.0 0.579200 0.774800
../../problems/clp/benchs/BRwp-0.5-0.5/BR2.txt -i 16 --min_fr=1.0 0.341600 0.941600
../../problems/clp/benchs/BRwp-0.5-0.5/BR3.txt -i 1 --min_fr=1.0 0.476200 0.684500
../../problems/clp/benchs/BRwp-0.5-0.5/BR3.txt -i 4 --min_fr=1.0 0.612900 0.786600
../../problems/clp/benchs/BRwp-0.5-0.5/BR3.txt -i 5 --min_fr=1.0 0.531500 0.748200
../../problems/clp/benchs/BRwp-0.5-0.5/BR3.txt -i 6 --min_fr=1.0 0.530200 0.742500
../../problems/clp/benchs/BRwp-0.5-0.5/BR3.txt -i 15 --min_fr=1.0 0.492500 0.843300
../../problems/clp/benchs/BRwp-0.5-0.5/BR3.txt -i 17 --min_fr=1.0 0.618200 0.760400
../../problems/clp/benchs/BRwp-0.5-0.5/BR4.txt -i 1 --min_fr=1.0 0.581600 0.839300
../../problems/clp/benchs/BRwp-0.5-0.5/BR4.txt -i 4 --min_fr=1.0 0.536000 0.644800
../../problems/clp/benchs/BRwp-0.5-0.5/BR4.txt -i 9 --min_fr=1.0 0.473200 0.802900
../../problems/clp/benchs/BRwp-0.5-0.5/BR4.txt -i 10 --min_fr=1.0 0.552100 0.741300
../../problems/clp/benchs/BRwp-0.5-0.5/BR4.txt -i 13 --min_fr=1.0 0.563300 0.817000
../../problems/clp/benchs/BRwp-0.5-0.5/BR4.txt -i 17 --min_fr=1.0 0.531600 0.755700
../../problems/clp/benchs/BRwp-0.5-0.5/BR5.txt -i 0 --min_fr=1.0 0.507900 0.743000
../../problems/clp/benchs/BRwp-0.5-0.5/BR5.txt -i 2 --min_fr=1.0 0.576200 0.810700
../../problems/clp/benchs/BRwp-0.5-0.5/BR5.txt -i 3 --min_fr=1.0 0.677600 0.842700
../../problems/clp/benchs/BRwp-0.5-0.5/BR5.txt -i 4 --min_fr=1.0 0.468200 0.759900
../../problems/clp/benchs/BRwp-0.5-0.5/BR5.txt -i 9 --min_fr=1.0 0.528200 0.708000
../../problems/clp/benchs/BRwp-0.5-0.5/BR5.txt -i 10 --min_fr=1.0 0.589600 0.762700
../../problems/clp/benchs/BRwp-0.5-0.5/BR5.txt -i 11 --min_fr=1.0 0.527800 0.660400
../../problems/clp/benchs/BRwp-0.5-0.5/BR6.txt -i 3 --min_fr=1.0 0.614700 0.759100
../../problems/clp/benchs/BRwp-0.5-0.5/BR6.txt -i 7 --min_fr=1.0 0.603800 0.782700
../../problems/clp/benchs/BRwp-0.5-0.5/BR6.txt -i 14 --min_fr=1.0 0.512300 0.628600
../../problems/clp/benchs/BRwp-0.5-0.5/BR6.txt -i 17 --min_fr=1.0 0.623400 0.784100
../../problems/clp/benchs/BRwp-0.5-0.5/BR6.txt -i 18 --min_fr=1.0 0.562600 0.714200
../../problems/clp/benchs/BRwp-0.5-0.5/BR7.txt -i 18 --min_fr=1.0 0.512600 0.687600
../../problems/clp/benchs/BRwp-1.0-0.5/BR1.txt -i 17 --min_fr=1.0 0.557900 0.889600
