0.9462
0.9776
0.9288
0.934
0.9514
0.9597
0.9631
0.9849
0.9383
0.9553
0.9396
0.9534
0.9741
0.9659
0.9674
0.963
0.9797
0.9139
0.9558
0.9466
0.9644
0.9581
0.9618
0.9555
0.9652
0.9743
0.9705
0.9648
0.9627
0.9781
0.964
0.9573
0.9676
0.9604
0.9768
0.9621
0.9779
0.9486
0.9593
0.9636
0.9613
0.9678
0.9591
0.9705
0.9677
0.9699
0.9657
0.9597
0.9607
0.9693
0.9602
0.9524
0.978
0.9664
0.9639
0.9612
0.9567
0.953
0.9724
0.9624
0.9651
0.9691
0.965
0.9714
0.9676
0.9592
0.964
0.9634
0.9713
0.967
0.9599
0.9569
0.9737
0.9684
0.9701
0.9629
0.9618
0.951
0.974
0.9663
0.9607
0.9681
0.9549
0.965
0.9668
0.9648
0.9652
0.9569
0.9624
0.9619
0.9638
0.9612
0.9671
0.9667
0.9638
0.9651
0.9649
0.9585
0.9664
0.9685
0.9653
0.9716
0.9587
0.9726
0.9633
0.9565
0.9639
0.9622
0.9563
0.9635
0.9611
0.9632
0.9669
0.9678
0.96
0.9628
0.9647
0.956
0.9662
0.9658
0.9619
0.9635
0.9585
0.9667
0.9561
0.9648
0.9605
0.9641
0.9576
0.9602
0.9612
0.9604
0.9586
0.9723
0.9595
0.9608
0.9595
0.9595
0.9647
0.9625
0.9526
0.9578
0.9477
0.9594
0.9547
0.9535
0.9512
0.9493
0.9485
0.9541
0.9563
0.953
0.9585
0.9566
0.9566
0.9572
0.9554
0.9577
0.956
0.954
0.9554
0.956
0.9531
0.9557
0.9562
0.9572
0.9555
0.9473
0.9464
0.9571
0.9518
0.9503
0.959
0.9559
0.9435
0.957
0.9539
0.9569
0.9529
0.9547
0.9544
0.9538
0.9501
0.9541
0.9537
0.9474
0.9537
0.9501
0.9532
0.9493
0.9536
0.9522
0.9503
0.9577
0.9531
0.9482
0.959
0.9508
0.9485
0.9476
0.9524
0.9563
0.9411
0.9494
0.9515
0.9515
0.9544
0.9524
0.9489
0.9486
0.9536
0.9544
0.954
0.9534
0.9511
0.9474
0.9499
0.9497
0.9544
0.951
0.95
0.9463
0.946
0.9492
0.9485
0.9453
0.9439
0.9478
0.9498
0.9497
0.9568
0.9484
0.9579
0.9555
0.9474
0.9494
0.9455
0.948
0.9466
0.9536
0.9446
0.9491
0.9498
0.9456
0.9538
0.9357
0.9485
0.9471
0.9482
0.9543
0.9494
0.9421
0.9535
0.9489
0.9535
0.9463
0.9442
0.9477
0.9486
0.9476
0.9477
0.9423
0.949
0.9527
0.9466
0.9464
0.9497
0.9423
0.9508
0.9501
0.9445
0.9462
0.953
0.9472
0.949
0.9444
0.9465
0.9477
0.9489
0.9483
0.9463
0.9503
0.9461
0.9487
0.9499
0.9484
0.948
0.9472
0.9523
0.9427
0.9499
0.9474
0.9427
0.9462
0.9468
0.9468
0.9519
0.9437
0.9511
0.9475