0.9483 
0.9760 
0.9345 
0.9280 
0.9513 
0.9545 
0.9618 
0.9810 
0.9316 
0.9553 
0.9361 
0.9534 
0.9749 
0.9692 
0.9721 
0.9630 
0.9797 
0.9116 
0.9520 
0.9466 
0.9643 
0.9600 
0.9605 
0.9519 
0.9631 
0.9704 
0.9685 
0.9644 
0.9627 
0.9762 
0.9640 
0.9620 
0.9711 
0.9637 
0.9768 
0.9650 
0.9794 
0.9486 
0.9603 
0.9614 
0.9627 
0.9714 
0.9588 
0.9687 
0.9689 
0.9624 
0.9675 
0.9590 
0.9625 
0.9665 
0.9602 
0.9560 
0.9769 
0.9659 
0.9669 
0.9648 
0.9528 
0.9510 
0.9736 
0.9636 
0.9639 
0.9699 
0.9619 
0.9721 
0.9644 
0.9612 
0.9687 
0.9643 
0.9631 
0.9658 
0.9568 
0.9647 
0.9735 
0.9658 
0.9744 
0.9638 
0.9570 
0.9528 
0.9703 
0.9666 
0.9627 
0.9636 
0.9591 
0.9687 
0.9680 
0.9686 
0.9651 
0.9554 
0.9688 
0.9660 
0.9598 
0.9590 
0.9711 
0.9665 
0.9645 
0.9609 
0.9629 
0.9594 
0.9679 
0.9725 
0.9609 
0.9666 
0.9615 
0.9744 
0.9638 
0.9572 
0.9603 
0.9597 
0.9566 
0.9627 
0.9668 
0.9628 
0.9673 
0.9693 
0.9625 
0.9603 
0.9642 
0.9539 
0.9625 
0.9635 
0.9620 
0.9597 
0.9610 
0.9643 
0.9590 
0.9649 
0.9603 
0.9607 
0.9596 
0.9585 
0.9621 
0.9599 
0.9561 
0.9685 
0.9599 
0.9634 
0.9593 
0.9595 
0.9607 
0.9607 
0.9571 
0.9555 
0.9466 
0.9582 
0.9563 
0.9561 
0.9484 
0.9529 
0.9541 
0.9546 
0.9580 
0.9581 
0.9544 
0.9548 
0.9548 
0.9602 
0.9608 
0.9619 
0.9539 
0.9554 
0.9534 
0.9622 
0.9533 
0.9569 
0.9543 
0.9531 
0.9581 
0.9435 
0.9457 
0.9561 
0.9555 
0.9468 
0.9515 
0.9547 
0.9474 
0.9527 
0.9556 
0.9597 
0.9444 
0.9543 
0.9543 
0.9543 
0.9457 
0.9555 
0.9541 
0.9462 
0.9540 
0.9587 
0.9445 
0.9497 
0.9508 
0.9549 
0.9477 
0.9519 
0.9544 
0.9494 
0.9507 
0.9475 
0.9488 
0.9512 
0.9534 
0.9487 
0.9480 
0.9551 
0.9477 
0.9507 
0.9557 
0.9560 
0.9483 
0.9464 
0.9489 
0.9538 
0.9515 
0.9463 
0.9509 
0.9483 
0.9508 
0.9517 
0.9538 
0.9475 
0.9488 
0.9522 
0.9471 
0.9517 
0.9507 
0.9437 
0.9538 
0.9517 
0.9538 
0.9532 
0.9527 
0.9471 
0.9553 
0.9522 
0.9503 
0.9459 
0.9523 
0.9512 
0.9484 
0.9509 
0.9484 
0.9474 
0.9492 
0.9469 
0.9556 
0.9357 
0.9464 
0.9462 
0.9477 
0.9507 
0.9476 
0.9529 
0.9481 
0.9498 
0.9524 
0.9509 
0.9447 
0.9464 
0.9473 
0.9473 
0.9530 
0.9484 
0.9474 
0.9520 
0.9495 
0.9437 
0.9489 
0.9480 
0.9536 
0.9519 
0.9436 
0.9481 
0.9524 
0.9437 
0.9421 
0.9443 
0.9484 
0.9376 
0.9382 
0.9496 
0.9504 
0.9511 
0.9446 
0.9492 
0.9444 
0.9487 
0.9486 
0.9361 
0.9524 
0.9466 
0.9439 
0.9468 
0.9531 
0.9491 
0.9442 
0.9477 
0.9584 
0.9434 
0.9517 
0.9453 
