0.9447 +- -1.00 (1)
0.9750 +- -1.00 (1)
0.9283 +- -1.00 (1)
0.9298 +- -1.00 (1)
0.9519 +- -1.00 (1)
0.9576 +- -1.00 (1)
0.9567 +- -1.00 (1)
0.9828 +- -1.00 (1)
0.9449 +- -1.00 (1)
0.9553 +- -1.00 (1)
0.9349 +- -1.00 (1)
0.9534 +- -1.00 (1)
0.9766 +- -1.00 (1)
0.9640 +- -1.00 (1)
0.9714 +- -1.00 (1)
0.9630 +- -1.00 (1)
0.9788 +- -1.00 (1)
0.9139 +- -1.00 (1)
0.9529 +- -1.00 (1)
0.9466 +- -1.00 (1)
0.9644 +- -1.00 (1)
0.9594 +- -1.00 (1)
0.9607 +- -1.00 (1)
0.9555 +- -1.00 (1)
0.9607 +- -1.00 (1)
0.9708 +- -1.00 (1)
0.9685 +- -1.00 (1)
0.9679 +- -1.00 (1)
0.9627 +- -1.00 (1)
0.9703 +- -1.00 (1)
0.9636 +- -1.00 (1)
0.9602 +- -1.00 (1)
0.9717 +- -1.00 (1)
0.9638 +- -1.00 (1)
0.9763 +- -1.00 (1)
0.9595 +- -1.00 (1)
0.9779 +- -1.00 (1)
0.9486 +- -1.00 (1)
0.9611 +- -1.00 (1)
0.9613 +- -1.00 (1)
0.9620 +- -1.00 (1)
0.9747 +- -1.00 (1)
0.9609 +- -1.00 (1)
0.9707 +- -1.00 (1)
0.9686 +- -1.00 (1)
0.9678 +- -1.00 (1)
0.9656 +- -1.00 (1)
0.9618 +- -1.00 (1)
0.9594 +- -1.00 (1)
0.9697 +- -1.00 (1)
0.9587 +- -1.00 (1)
0.9529 +- -1.00 (1)
0.9702 +- -1.00 (1)
0.9664 +- -1.00 (1)
0.9672 +- -1.00 (1)
0.9624 +- -1.00 (1)
0.9565 +- -1.00 (1)
0.9554 +- -1.00 (1)
0.9713 +- -1.00 (1)
0.9666 +- -1.00 (1)
0.9635 +- -1.00 (1)
0.9680 +- -1.00 (1)
0.9654 +- -1.00 (1)
0.9722 +- -1.00 (1)
0.9646 +- -1.00 (1)
0.9618 +- -1.00 (1)
0.9643 +- -1.00 (1)
0.9573 +- -1.00 (1)
0.9623 +- -1.00 (1)
0.9677 +- -1.00 (1)
0.9479 +- -1.00 (1)
0.9606 +- -1.00 (1)
0.9720 +- -1.00 (1)
0.9654 +- -1.00 (1)
0.9675 +- -1.00 (1)
0.9615 +- -1.00 (1)
0.9608 +- -1.00 (1)
0.9482 +- -1.00 (1)
0.9767 +- -1.00 (1)
0.9675 +- -1.00 (1)
0.9606 +- -1.00 (1)
0.9649 +- -1.00 (1)
0.9587 +- -1.00 (1)
0.9633 +- -1.00 (1)
0.9669 +- -1.00 (1)
0.9632 +- -1.00 (1)
0.9697 +- -1.00 (1)
0.9505 +- -1.00 (1)
0.9657 +- -1.00 (1)
0.9629 +- -1.00 (1)
0.9628 +- -1.00 (1)
0.9596 +- -1.00 (1)
0.9673 +- -1.00 (1)
0.9631 +- -1.00 (1)
0.9623 +- -1.00 (1)
0.9650 +- -1.00 (1)
0.9602 +- -1.00 (1)
0.9556 +- -1.00 (1)
0.9691 +- -1.00 (1)
0.9702 +- -1.00 (1)
0.9706 +- -1.00 (1)
0.9634 +- -1.00 (1)
0.9599 +- -1.00 (1)
0.9698 +- -1.00 (1)
0.9642 +- -1.00 (1)
0.9549 +- -1.00 (1)
0.9597 +- -1.00 (1)
0.9641 +- -1.00 (1)
0.9618 +- -1.00 (1)
0.9625 +- -1.00 (1)
0.9673 +- -1.00 (1)
0.9634 +- -1.00 (1)
0.9690 +- -1.00 (1)
0.9674 +- -1.00 (1)
0.9657 +- -1.00 (1)
0.9603 +- -1.00 (1)
0.9640 +- -1.00 (1)
0.9578 +- -1.00 (1)
0.9643 +- -1.00 (1)
0.9655 +- -1.00 (1)
0.9653 +- -1.00 (1)
0.9634 +- -1.00 (1)
0.9600 +- -1.00 (1)
0.9641 +- -1.00 (1)
0.9547 +- -1.00 (1)
0.9675 +- -1.00 (1)
0.9567 +- -1.00 (1)
0.9578 +- -1.00 (1)
0.9608 +- -1.00 (1)
0.9581 +- -1.00 (1)
0.9616 +- -1.00 (1)
0.9607 +- -1.00 (1)
0.9578 +- -1.00 (1)
0.9663 +- -1.00 (1)
0.9593 +- -1.00 (1)
0.9603 +- -1.00 (1)
0.9573 +- -1.00 (1)
0.9569 +- -1.00 (1)
0.9643 +- -1.00 (1)
0.9601 +- -1.00 (1)
0.9560 +- -1.00 (1)
0.9576 +- -1.00 (1)
0.9474 +- -1.00 (1)
0.9593 +- -1.00 (1)
0.9566 +- -1.00 (1)
0.9516 +- -1.00 (1)
0.9498 +- -1.00 (1)
0.9503 +- -1.00 (1)
0.9487 +- -1.00 (1)
0.9577 +- -1.00 (1)
0.9501 +- -1.00 (1)
0.9601 +- -1.00 (1)
0.9540 +- -1.00 (1)
0.9529 +- -1.00 (1)
0.9580 +- -1.00 (1)
0.9570 +- -1.00 (1)
0.9596 +- -1.00 (1)
0.9628 +- -1.00 (1)
0.9579 +- -1.00 (1)
0.9526 +- -1.00 (1)
0.9550 +- -1.00 (1)
0.9535 +- -1.00 (1)
0.9555 +- -1.00 (1)
0.9567 +- -1.00 (1)
0.9513 +- -1.00 (1)
0.9561 +- -1.00 (1)
0.9585 +- -1.00 (1)
0.9512 +- -1.00 (1)
0.9508 +- -1.00 (1)
0.9531 +- -1.00 (1)
0.9567 +- -1.00 (1)
0.9534 +- -1.00 (1)
0.9528 +- -1.00 (1)
0.9492 +- -1.00 (1)
0.9487 +- -1.00 (1)
0.9548 +- -1.00 (1)
0.9558 +- -1.00 (1)
0.9586 +- -1.00 (1)
0.9469 +- -1.00 (1)
0.9551 +- -1.00 (1)
0.9556 +- -1.00 (1)
0.9463 +- -1.00 (1)
0.9513 +- -1.00 (1)
0.9509 +- -1.00 (1)
0.9537 +- -1.00 (1)
0.9431 +- -1.00 (1)
0.9497 +- -1.00 (1)
0.9466 +- -1.00 (1)
0.9461 +- -1.00 (1)
0.9486 +- -1.00 (1)
0.9511 +- -1.00 (1)
0.9518 +- -1.00 (1)
0.9478 +- -1.00 (1)
0.9528 +- -1.00 (1)
0.9493 +- -1.00 (1)
0.9538 +- -1.00 (1)
0.9545 +- -1.00 (1)
0.9470 +- -1.00 (1)
0.9536 +- -1.00 (1)
0.9493 +- -1.00 (1)
0.9476 +- -1.00 (1)
0.9516 +- -1.00 (1)
0.9413 +- -1.00 (1)
0.9557 +- -1.00 (1)
0.9506 +- -1.00 (1)
0.9457 +- -1.00 (1)
0.9514 +- -1.00 (1)
0.9526 +- -1.00 (1)
0.9454 +- -1.00 (1)
0.9475 +- -1.00 (1)
0.9490 +- -1.00 (1)
0.9540 +- -1.00 (1)
0.9473 +- -1.00 (1)
0.9481 +- -1.00 (1)
0.9452 +- -1.00 (1)
0.9478 +- -1.00 (1)
0.9518 +- -1.00 (1)
0.9446 +- -1.00 (1)
0.9523 +- -1.00 (1)
0.9456 +- -1.00 (1)
0.9516 +- -1.00 (1)
0.9474 +- -1.00 (1)
0.9419 +- -1.00 (1)
0.9511 +- -1.00 (1)
0.9477 +- -1.00 (1)
0.9472 +- -1.00 (1)
0.9500 +- -1.00 (1)
0.9487 +- -1.00 (1)
0.9561 +- -1.00 (1)
0.9499 +- -1.00 (1)
0.9488 +- -1.00 (1)
0.9481 +- -1.00 (1)
0.9571 +- -1.00 (1)
0.9534 +- -1.00 (1)
0.9508 +- -1.00 (1)
0.9498 +- -1.00 (1)
0.9501 +- -1.00 (1)
0.9485 +- -1.00 (1)
0.9454 +- -1.00 (1)
0.9441 +- -1.00 (1)
0.9432 +- -1.00 (1)
0.9497 +- -1.00 (1)
0.9532 +- -1.00 (1)
0.9529 +- -1.00 (1)
0.9523 +- -1.00 (1)
0.9411 +- -1.00 (1)
0.9479 +- -1.00 (1)
0.9467 +- -1.00 (1)
0.9441 +- -1.00 (1)
0.9531 +- -1.00 (1)
0.9484 +- -1.00 (1)
0.9452 +- -1.00 (1)
0.9482 +- -1.00 (1)
0.9491 +- -1.00 (1)
0.9558 +- -1.00 (1)
0.9452 +- -1.00 (1)
0.9456 +- -1.00 (1)
0.9485 +- -1.00 (1)
0.9523 +- -1.00 (1)
0.9451 +- -1.00 (1)
0.9506 +- -1.00 (1)
0.9442 +- -1.00 (1)
0.9445 +- -1.00 (1)
0.9493 +- -1.00 (1)
0.9424 +- -1.00 (1)
0.9428 +- -1.00 (1)
0.9504 +- -1.00 (1)
0.9449 +- -1.00 (1)
0.9514 +- -1.00 (1)
0.9468 +- -1.00 (1)
0.9473 +- -1.00 (1)
0.9442 +- -1.00 (1)
0.9499 +- -1.00 (1)
0.9459 +- -1.00 (1)
0.9523 +- -1.00 (1)
0.9445 +- -1.00 (1)
0.9501 +- -1.00 (1)
0.9397 +- -1.00 (1)
0.9365 +- -1.00 (1)
0.9510 +- -1.00 (1)
0.9537 +- -1.00 (1)
0.9498 +- -1.00 (1)
0.9472 +- -1.00 (1)
0.9520 +- -1.00 (1)
0.9498 +- -1.00 (1)
0.9464 +- -1.00 (1)
0.9488 +- -1.00 (1)
0.9424 +- -1.00 (1)
0.9464 +- -1.00 (1)
0.9478 +- -1.00 (1)
0.9455 +- -1.00 (1)
0.9447 +- -1.00 (1)
0.9471 +- -1.00 (1)
0.9447 +- -1.00 (1)
0.9524 +- -1.00 (1)
0.9453 +- -1.00 (1)
0.9546 +- -1.00 (1)
0.9446 +- -1.00 (1)
0.9475 +- -1.00 (1)
0.9480 +- -1.00 (1)
