0.9435 
0.9751 
0.9345 
0.9280 
0.9514 
0.9613 
0.9597 
0.9786 
0.9360 
0.9553 
0.9336 
0.9534 
0.9751 
0.9666 
0.9698 
0.9630 
0.9793 
0.9139 
0.9559 
0.9548 
0.9643 
0.9624 
0.9605 
0.9547 
0.9666 
0.9714 
0.9683 
0.9629 
0.9627 
0.9725 
0.9640 
0.9584 
0.9666 
0.9650 
0.9768 
0.9616 
0.9770 
0.9543 
0.9674 
0.9614 
0.9615 
0.9702 
0.9590 
0.9701 
0.9677 
0.9632 
0.9672 
0.9589 
0.9603 
0.9639 
0.9640 
0.9508 
0.9801 
0.9653 
0.9631 
0.9631 
0.9560 
0.9496 
0.9748 
0.9756 
0.9607 
0.9694 
0.9662 
0.9686 
0.9673 
0.9616 
0.9668 
0.9634 
0.9642 
0.9706 
0.9534 
0.9583 
0.9720 
0.9675 
0.9701 
0.9619 
0.9603 
0.9514 
0.9708 
0.9698 
0.9593 
0.9638 
0.9570 
0.9657 
0.9665 
0.9615 
0.9638 
0.9517 
0.9667 
0.9665 
0.9650 
0.9587 
0.9683 
0.9669 
0.9627 
0.9595 
0.9642 
0.9585 
0.9721 
0.9626 
0.9583 
0.9733 
0.9613 
0.9740 
0.9623 
0.9645 
0.9635 
0.9659 
0.9635 
0.9678 
0.9687 
0.9594 
0.9699 
0.9670 
0.9656 
0.9607 
0.9683 
0.9606 
0.9639 
0.9682 
0.9672 
0.9609 
0.9615 
0.9628 
0.9585 
0.9616 
0.9599 
0.9605 
0.9560 
0.9578 
0.9595 
0.9618 
0.9584 
0.9657 
0.9657 
0.9595 
0.9582 
0.9540 
0.9573 
0.9610 
0.9548 
0.9513 
0.9540 
0.9569 
0.9601 
0.9537 
0.9472 
0.9537 
0.9475 
0.9599 
0.9578 
0.9562 
0.9563 
0.9560 
0.9566 
0.9572 
0.9561 
0.9597 
0.9538 
0.9546 
0.9500 
0.9585 
0.9551 
0.9525 
0.9511 
0.9568 
0.9583 
0.9501 
0.9437 
0.9532 
0.9532 
0.9508 
0.9540 
0.9534 
0.9489 
0.9572 
0.9578 
0.9596 
0.9521 
0.9564 
0.9531 
0.9509 
0.9468 
0.9545 
0.9541 
0.9440 
0.9517 
0.9555 
0.9478 
0.9507 
0.9508 
0.9557 
0.9506 
0.9550 
0.9497 
0.9529 
0.9506 
0.9445 
0.9484 
0.9482 
0.9513 
0.9529 
0.9455 
0.9513 
0.9539 
0.9510 
0.9547 
0.9510 
0.9422 
0.9495 
0.9517 
0.9519 
0.9533 
0.9472 
0.9517 
0.9506 
0.9529 
0.9522 
0.9510 
0.9519 
0.9474 
0.9498 
0.9496 
0.9522 
0.9468 
0.9392 
0.9479 
0.9490 
0.9484 
0.9524 
0.9542 
0.9468 
0.9556 
0.9518 
0.9523 
0.9514 
0.9511 
0.9463 
0.9486 
0.9458 
0.9395 
0.9531 
0.9479 
0.9443 
0.9505 
0.0000 
0.9452 
0.9408 
0.9470 
0.9533 
0.9468 
0.9501 
0.9503 
0.9506 
0.9514 
0.9482 
0.9496 
0.9482 
0.9541 
0.9456 
0.9487 
0.9426 
0.9438 
0.9463 
0.9432 
0.9396 
0.9469 
0.9467 
0.9480 
0.9531 
0.9477 
0.9516 
0.9531 
0.9487 
0.9482 
0.9420 
0.9465 
0.9429 
0.9467 
0.9492 
0.9482 
0.9482 
0.9462 
0.9484 
0.9486 
0.9474 
0.9452 
0.9334 
0.9530 
0.9479 
0.9462 
0.9442 
0.9511 
0.9505 
0.9489 
0.9493 
0.9533 
0.9442 
0.9498 
0.9437 
