0.9483 +- -1.00 (1)
0.9760 +- -1.00 (1)
0.9345 +- -1.00 (1)
0.9280 +- -1.00 (1)
0.9513 +- -1.00 (1)
0.9545 +- -1.00 (1)
0.9618 +- -1.00 (1)
0.9810 +- -1.00 (1)
0.9316 +- -1.00 (1)
0.9553 +- -1.00 (1)
0.9361 +- -1.00 (1)
0.9534 +- -1.00 (1)
0.9749 +- -1.00 (1)
0.9692 +- -1.00 (1)
0.9721 +- -1.00 (1)
0.9630 +- -1.00 (1)
0.9797 +- -1.00 (1)
0.9116 +- -1.00 (1)
0.9520 +- -1.00 (1)
0.9466 +- -1.00 (1)
0.9643 +- -1.00 (1)
0.9600 +- -1.00 (1)
0.9605 +- -1.00 (1)
0.9519 +- -1.00 (1)
0.9631 +- -1.00 (1)
0.9704 +- -1.00 (1)
0.9685 +- -1.00 (1)
0.9644 +- -1.00 (1)
0.9627 +- -1.00 (1)
0.9762 +- -1.00 (1)
0.9640 +- -1.00 (1)
0.9620 +- -1.00 (1)
0.9711 +- -1.00 (1)
0.9637 +- -1.00 (1)
0.9768 +- -1.00 (1)
0.9650 +- -1.00 (1)
0.9794 +- -1.00 (1)
0.9486 +- -1.00 (1)
0.9603 +- -1.00 (1)
0.9614 +- -1.00 (1)
0.9627 +- -1.00 (1)
0.9714 +- -1.00 (1)
0.9588 +- -1.00 (1)
0.9687 +- -1.00 (1)
0.9689 +- -1.00 (1)
0.9624 +- -1.00 (1)
0.9675 +- -1.00 (1)
0.9590 +- -1.00 (1)
0.9625 +- -1.00 (1)
0.9665 +- -1.00 (1)
0.9602 +- -1.00 (1)
0.9560 +- -1.00 (1)
0.9769 +- -1.00 (1)
0.9659 +- -1.00 (1)
0.9669 +- -1.00 (1)
0.9648 +- -1.00 (1)
0.9528 +- -1.00 (1)
0.9510 +- -1.00 (1)
0.9736 +- -1.00 (1)
0.9636 +- -1.00 (1)
0.9639 +- -1.00 (1)
0.9699 +- -1.00 (1)
0.9619 +- -1.00 (1)
0.9721 +- -1.00 (1)
0.9644 +- -1.00 (1)
0.9612 +- -1.00 (1)
0.9687 +- -1.00 (1)
0.9643 +- -1.00 (1)
0.9631 +- -1.00 (1)
0.9658 +- -1.00 (1)
0.9568 +- -1.00 (1)
0.9647 +- -1.00 (1)
0.9735 +- -1.00 (1)
0.9658 +- -1.00 (1)
0.9744 +- -1.00 (1)
0.9638 +- -1.00 (1)
0.9570 +- -1.00 (1)
0.9528 +- -1.00 (1)
0.9703 +- -1.00 (1)
0.9666 +- -1.00 (1)
0.9627 +- -1.00 (1)
0.9636 +- -1.00 (1)
0.9591 +- -1.00 (1)
0.9687 +- -1.00 (1)
0.9680 +- -1.00 (1)
0.9686 +- -1.00 (1)
0.9651 +- -1.00 (1)
0.9554 +- -1.00 (1)
0.9688 +- -1.00 (1)
0.9660 +- -1.00 (1)
0.9598 +- -1.00 (1)
0.9590 +- -1.00 (1)
0.9711 +- -1.00 (1)
0.9665 +- -1.00 (1)
0.9645 +- -1.00 (1)
0.9609 +- -1.00 (1)
0.9629 +- -1.00 (1)
0.9594 +- -1.00 (1)
0.9679 +- -1.00 (1)
0.9725 +- -1.00 (1)
0.9609 +- -1.00 (1)
0.9666 +- -1.00 (1)
0.9615 +- -1.00 (1)
0.9744 +- -1.00 (1)
0.9638 +- -1.00 (1)
0.9572 +- -1.00 (1)
0.9603 +- -1.00 (1)
0.9597 +- -1.00 (1)
0.9566 +- -1.00 (1)
0.9627 +- -1.00 (1)
0.9668 +- -1.00 (1)
0.9628 +- -1.00 (1)
0.9673 +- -1.00 (1)
0.9693 +- -1.00 (1)
0.9625 +- -1.00 (1)
0.9603 +- -1.00 (1)
0.9642 +- -1.00 (1)
0.9539 +- -1.00 (1)
0.9625 +- -1.00 (1)
0.9635 +- -1.00 (1)
0.9620 +- -1.00 (1)
0.9597 +- -1.00 (1)
0.9610 +- -1.00 (1)
0.9643 +- -1.00 (1)
0.9590 +- -1.00 (1)
0.9649 +- -1.00 (1)
0.9603 +- -1.00 (1)
0.9607 +- -1.00 (1)
0.9596 +- -1.00 (1)
0.9585 +- -1.00 (1)
0.9621 +- -1.00 (1)
0.9599 +- -1.00 (1)
0.9561 +- -1.00 (1)
0.9685 +- -1.00 (1)
0.9599 +- -1.00 (1)
0.9634 +- -1.00 (1)
0.9593 +- -1.00 (1)
0.9595 +- -1.00 (1)
0.9607 +- -1.00 (1)
0.9607 +- -1.00 (1)
0.9571 +- -1.00 (1)
0.9555 +- -1.00 (1)
0.9466 +- -1.00 (1)
0.9582 +- -1.00 (1)
0.9563 +- -1.00 (1)
0.9561 +- -1.00 (1)
0.9484 +- -1.00 (1)
0.9529 +- -1.00 (1)
0.9541 +- -1.00 (1)
0.9546 +- -1.00 (1)
0.9580 +- -1.00 (1)
0.9581 +- -1.00 (1)
0.9544 +- -1.00 (1)
0.9548 +- -1.00 (1)
0.9548 +- -1.00 (1)
0.9602 +- -1.00 (1)
0.9608 +- -1.00 (1)
0.9619 +- -1.00 (1)
0.9539 +- -1.00 (1)
0.9554 +- -1.00 (1)
0.9534 +- -1.00 (1)
0.9622 +- -1.00 (1)
0.9533 +- -1.00 (1)
0.9569 +- -1.00 (1)
0.9543 +- -1.00 (1)
0.9531 +- -1.00 (1)
0.9581 +- -1.00 (1)
0.9435 +- -1.00 (1)
0.9457 +- -1.00 (1)
0.9561 +- -1.00 (1)
0.9555 +- -1.00 (1)
0.9468 +- -1.00 (1)
0.9515 +- -1.00 (1)
0.9547 +- -1.00 (1)
0.9474 +- -1.00 (1)
0.9527 +- -1.00 (1)
0.9556 +- -1.00 (1)
0.9597 +- -1.00 (1)
0.9444 +- -1.00 (1)
0.9543 +- -1.00 (1)
0.9543 +- -1.00 (1)
0.9543 +- -1.00 (1)
0.9457 +- -1.00 (1)
0.9555 +- -1.00 (1)
0.9541 +- -1.00 (1)
0.9462 +- -1.00 (1)
0.9540 +- -1.00 (1)
0.9587 +- -1.00 (1)
0.9445 +- -1.00 (1)
0.9497 +- -1.00 (1)
0.9508 +- -1.00 (1)
0.9549 +- -1.00 (1)
0.9477 +- -1.00 (1)
0.9519 +- -1.00 (1)
0.9544 +- -1.00 (1)
0.9494 +- -1.00 (1)
0.9507 +- -1.00 (1)
0.9475 +- -1.00 (1)
0.9488 +- -1.00 (1)
0.9512 +- -1.00 (1)
0.9534 +- -1.00 (1)
0.9487 +- -1.00 (1)
0.9480 +- -1.00 (1)
0.9551 +- -1.00 (1)
0.9477 +- -1.00 (1)
0.9507 +- -1.00 (1)
0.9557 +- -1.00 (1)
0.9560 +- -1.00 (1)
0.9483 +- -1.00 (1)
0.9464 +- -1.00 (1)
0.9489 +- -1.00 (1)
0.9538 +- -1.00 (1)
0.9515 +- -1.00 (1)
0.9463 +- -1.00 (1)
0.9509 +- -1.00 (1)
0.9483 +- -1.00 (1)
0.9508 +- -1.00 (1)
0.9517 +- -1.00 (1)
0.9538 +- -1.00 (1)
0.9475 +- -1.00 (1)
0.9488 +- -1.00 (1)
0.9522 +- -1.00 (1)
0.9471 +- -1.00 (1)
0.9517 +- -1.00 (1)
0.9507 +- -1.00 (1)
0.9437 +- -1.00 (1)
0.9538 +- -1.00 (1)
0.9517 +- -1.00 (1)
0.9538 +- -1.00 (1)
0.9532 +- -1.00 (1)
0.9527 +- -1.00 (1)
0.9471 +- -1.00 (1)
0.9553 +- -1.00 (1)
0.9522 +- -1.00 (1)
0.9503 +- -1.00 (1)
0.9459 +- -1.00 (1)
0.9523 +- -1.00 (1)
0.9512 +- -1.00 (1)
0.9484 +- -1.00 (1)
0.9509 +- -1.00 (1)
0.9484 +- -1.00 (1)
0.9474 +- -1.00 (1)
0.9492 +- -1.00 (1)
0.9469 +- -1.00 (1)
0.9556 +- -1.00 (1)
0.9357 +- -1.00 (1)
0.9464 +- -1.00 (1)
0.9462 +- -1.00 (1)
0.9477 +- -1.00 (1)
0.9507 +- -1.00 (1)
0.9476 +- -1.00 (1)
0.9529 +- -1.00 (1)
0.9481 +- -1.00 (1)
0.9498 +- -1.00 (1)
0.9524 +- -1.00 (1)
0.9509 +- -1.00 (1)
0.9447 +- -1.00 (1)
0.9464 +- -1.00 (1)
0.9473 +- -1.00 (1)
0.9473 +- -1.00 (1)
0.9530 +- -1.00 (1)
0.9484 +- -1.00 (1)
0.9474 +- -1.00 (1)
0.9520 +- -1.00 (1)
0.9495 +- -1.00 (1)
0.9437 +- -1.00 (1)
0.9489 +- -1.00 (1)
0.9480 +- -1.00 (1)
0.9536 +- -1.00 (1)
0.9519 +- -1.00 (1)
0.9436 +- -1.00 (1)
0.9481 +- -1.00 (1)
0.9524 +- -1.00 (1)
0.9437 +- -1.00 (1)
0.9421 +- -1.00 (1)
0.9443 +- -1.00 (1)
0.9484 +- -1.00 (1)
0.9376 +- -1.00 (1)
0.9382 +- -1.00 (1)
0.9496 +- -1.00 (1)
0.9504 +- -1.00 (1)
0.9511 +- -1.00 (1)
0.9446 +- -1.00 (1)
0.9492 +- -1.00 (1)
0.9444 +- -1.00 (1)
0.9487 +- -1.00 (1)
0.9486 +- -1.00 (1)
0.9361 +- -1.00 (1)
0.9524 +- -1.00 (1)
0.9466 +- -1.00 (1)
0.9439 +- -1.00 (1)
0.9468 +- -1.00 (1)
0.9531 +- -1.00 (1)
0.9491 +- -1.00 (1)
0.9442 +- -1.00 (1)
0.9477 +- -1.00 (1)
0.9584 +- -1.00 (1)
0.9434 +- -1.00 (1)
0.9517 +- -1.00 (1)
0.9453 +- -1.00 (1)
