0.9627 0.7184 0.691 7
0.9829 0.5422 0.5312 28
0.9603 0.5504 0.5284 8
0.9745 0.5897 0.573 12
0.9666 0.5928 0.5723 16
0.9766 0.6105 0.5957 8
0.9828 0.4581 0.4502 3
0.9882 0.6506 0.6425 14
0.9559 0.6455 0.6168 3
0.9593 0.8255 0.7905 10
0.9553 0.6669 0.6359 11
0.9633 0.717 0.6895 17
0.987 0.9126 0.8997 12
0.9787 0.2658 0.26 6
0.975 0.6277 0.612 6
0.9778 0.3353 0.3243 15
0.9866 0.5947 0.5857 10
0.9604 0.4133 0.3969 1
0.9819 0.2746 0.2696 2
0.9687 0.4876 0.465 25
0.9728 0.6274 0.6095 13
0.9784 0.6359 0.6218 7
0.9731 0.7202 0.7001 10
0.9892 0.8941 0.8836 22
0.9771 0.6552 0.6364 17
0.984 0.5658 0.5566 6
0.9857 0.7169 0.7042 14
0.9829 0.6783 0.6647 6
0.9798 0.7478 0.7308 8
0.987 0.4528 0.4462 17
0.9703 0.5885 0.568 15
0.9771 0.6612 0.645 9
0.9822 0.3796 0.3727 14
0.9692 0.5941 0.5748 14
0.9796 0.5902 0.5778 10
0.9823 0.8251 0.8091 17
0.9858 0.3427 0.3374 15
0.972 0.7712 0.7478 11
0.9816 0.7182 0.7041 14
0.9804 0.691 0.6757 16
0.9796 0.754 0.737 13
0.9855 0.4691 0.4619 28
0.9829 0.6666 0.6514 13
0.9889 0.6139 0.6039 22
0.9759 0.6059 0.5902 14
0.9858 0.527 0.5174 16
0.9889 0.5301 0.523 18
0.9835 0.662 0.6496 10
0.9816 0.6689 0.6561 14
0.9841 0.7709 0.7566 17
0.9805 0.694 0.6787 16
0.9824 0.697 0.6823 20
0.987 0.7477 0.7379 9
0.9831 0.7001 0.6871 17
0.9819 0.632 0.6201 14
0.9867 0.486 0.4782 16
0.9775 0.6755 0.66 10
0.9788 0.6318 0.6183 9
0.9883 0.6427 0.6332 19
0.9823 0.6019 0.5899 21
0.9821 0.651 0.6377 13
0.9849 0.5727 0.5616 13
0.9819 0.677 0.6642 11
0.9859 0.6367 0.6268 11
0.9787 0.5384 0.5261 14
0.9803 0.6416 0.6274 16
0.9863 0.7507 0.7391 11
0.9802 0.7133 0.6982 15
0.9851 0.5723 0.5619 17
0.9843 0.4554 0.4468 21
0.9836 0.5325 0.5216 16
0.9838 0.7239 0.7114 10
0.9905 0.9212 0.9108 27
0.9796 0.5528 0.5407 17
0.9856 0.9119 0.8978 10
0.9844 0.5545 0.5443 20
0.9843 0.6901 0.6785 15
0.975 0.5454 0.5317 6
0.9898 0.7684 0.7599 13
0.9853 0.6005 0.5904 16
0.9851 0.4618 0.4502 17
0.9836 0.541 0.5314 7
0.9831 0.5737 0.5637 14
0.9879 0.6725 0.6637 17
0.9848 0.4454 0.4381 10
0.9861 0.575 0.5658 9
0.9838 0.6394 0.6271 20
0.9824 0.5366 0.5262 17
0.979 0.62 0.604 11
0.9838 0.5287 0.5198 13
0.9849 0.5113 0.5025 17
0.9809 0.5036 0.4923 18
0.9893 0.6631 0.6553 14
0.9875 0.6523 0.6434 26
0.9891 0.6385 0.6303 17
0.9842 0.6159 0.6052 11
0.983 0.6666 0.6539 13
0.9765 0.6329 0.6153 20
0.9883 0.745 0.7348 13
0.9861 0.6339 0.6242 16
0.9857 0.6584 0.6477 22
0.9888 0.7214 0.7127 14
0.984 0.5748 0.5643 14
0.988 0.5859 0.577 12
0.9899 0.6356 0.6279 21
0.9855 0.5861 0.5768 13
0.9863 0.6896 0.6789 16
0.9807 0.5907 0.5787 12
0.9826 0.6424 0.629 22
0.9859 0.5267 0.5178 26
0.9832 0.561 0.5513 11
0.9825 0.6041 0.5922 13
0.9904 0.5509 0.5449 11
0.9863 0.547 0.5387 14
0.9881 0.4452 0.4377 22
0.9831 0.5834 0.5732 17
0.9842 0.637 0.6263 19
0.9755 0.606 0.5905 19
0.9861 0.5418 0.5331 17
0.9852 0.6112 0.6015 13
0.9845 0.583 0.5726 14
0.9829 0.5926 0.5824 9
0.981 0.63 0.6166 15
0.9867 0.6084 0.6 13
0.9855 0.5827 0.5734 9
0.9847 0.5913 0.5809 21
0.9827 0.6448 0.6325 16
0.9834 0.5449 0.5345 14
0.9844 0.6357 0.6253 13
0.9819 0.7503 0.7362 6
0.9803 0.6509 0.6375 17
0.9853 0.5642 0.5553 10
0.9863 0.5878 0.5789 10
0.9833 0.5686 0.5585 13
0.9827 0.6418 0.63 11
0.9817 0.529 0.5179 15
0.9835 0.576 0.5651 12
0.9786 0.5686 0.5561 6
0.9864 0.4473 0.4404 11
0.9878 0.5752 0.5665 24
0.9804 0.554 0.5427 14
0.9768 0.5799 0.5663 5
0.9711 0.5724 0.5557 8
0.9767 0.6223 0.607 20
0.98 0.5818 0.5702 10
0.9769 0.387 0.3778 11
0.9761 0.4756 0.464 10
0.9788 0.5644 0.5517 14
0.9665 0.5068 0.4895 12
0.9803 0.5901 0.5771 14
0.9846 0.3869 0.379 20
0.9753 0.5017 0.489 10
0.9766 0.552 0.5388 13
0.978 0.5148 0.5028 9
0.9812 0.6234 0.6114 13
0.9759 0.59 0.5753 11
0.979 0.5316 0.5199 16
0.978 0.5434 0.5312 18
0.9786 0.5701 0.5575 10
0.9776 0.4902 0.4791 10
0.9793 0.4833 0.4728 13
0.9728 0.5723 0.5565 11
0.973 0.589 0.5729 11
0.9725 0.5426 0.5272 10
0.9794 0.509 0.4983 13
0.9761 0.5621 0.5482 6
0.9797 0.4521 0.4429 8
0.9776 0.6216 0.6069 15
0.9692 0.5101 0.4941 11
0.977 0.6467 0.6309 11
0.9779 0.5031 0.4916 12
0.9708 0.6511 0.6316 11
0.9743 0.5886 0.5731 13
0.9788 0.5935 0.5809 5
0.9718 0.5187 0.5039 21
0.9806 0.4624 0.4534 12
0.9794 0.4439 0.4347 7
0.979 0.6097 0.5966 12
0.9808 0.4993 0.4885 26
0.9747 0.5093 0.4963 14
0.977 0.5247 0.5122 10
0.9772 0.5933 0.5798 2
0.972 0.6214 0.604 4
0.975 0.4685 0.4561 18
0.9758 0.4705 0.4589 13
0.9713 0.5334 0.5177 8
0.9743 0.5642 0.5495 12
0.9769 0.4664 0.4548 13
0.9734 0.5258 0.5111 16
0.9749 0.5139 0.5008 8
0.9794 0.487 0.4767 13
0.9798 0.4334 0.4228 15
0.9762 0.5116 0.4991 12
0.9751 0.5664 0.5521 4
0.9772 0.5553 0.5414 12
0.9761 0.5665 0.5526 11
0.9752 0.5686 0.5541 11
0.9766 0.596 0.582 6
0.9775 0.5712 0.5581 12
0.9772 0.5569 0.5435 16
0.9751 0.5837 0.5686 12
0.9741 0.5938 0.5782 13
0.9699 0.5815 0.5631 20
0.9735 0.4886 0.4753 12
0.974 0.5856 0.5703 7
0.972 0.5779 0.5615 15
0.9769 0.5888 0.575 6
0.977 0.4841 0.4726 7
0.9743 0.5084 0.495 16
0.9766 0.568 0.5545 10
0.9775 0.6112 0.5971 16
0.9733 0.5012 0.4873 17
0.9695 0.4279 0.4141 13
0.9764 0.5851 0.5712 6
0.9755 0.5825 0.5679 8
0.97 0.5413 0.5244 15
0.9768 0.582 0.5682 10
0.9775 0.5894 0.576 6
0.9778 0.5574 0.545 6
0.9738 0.5354 0.5214 1
0.9727 0.504 0.4901 11
0.9717 0.5788 0.5622 12
0.9741 0.5216 0.5078 12
0.9733 0.5351 0.5206 9
0.9745 0.5823 0.5673 6
0.9681 0.5352 0.518 9
0.9683 0.5891 0.5701 7
0.9715 0.512 0.4972 6
0.9723 0.5932 0.5763 13
0.974 0.5113 0.4978 9
0.9742 0.5483 0.534 8
0.9738 0.5179 0.5042 15
0.9703 0.4946 0.4796 12
0.9751 0.5052 0.4923 17
0.9759 0.4694 0.4579 17
0.9732 0.4955 0.4821 5
0.9736 0.5863 0.5707 7
0.9767 0.5037 0.4918 10
0.9725 0.4695 0.4562 18
0.9767 0.5302 0.5175 9
0.9744 0.5431 0.5288 14
0.9728 0.5302 0.5157 8
0.9751 0.5231 0.5099 9
0.9733 0.4612 0.4482 13
0.9721 0.5367 0.5213 5
0.9686 0.5179 0.5013 10
0.9731 0.5169 0.5025 14
0.9745 0.6008 0.585 5
0.9719 0.5789 0.5623 12
0.9782 0.532 0.52 14
0.9795 0.5426 0.5313 12
0.9758 0.4964 0.4841 11
0.981 0.6218 0.6095 20
0.9739 0.433 0.4216 11
0.9788 0.5218 0.5107 9
0.9731 0.5351 0.5205 13
0.9755 0.5139 0.501 8
0.9732 0.582 0.5659 9
0.9772 0.4894 0.4779 14
0.9694 0.5222 0.5062 3
0.9749 0.5398 0.5261 4
0.9691 0.4516 0.4376 4
0.9715 0.5052 0.4905 16
0.9753 0.5134 0.5 9
0.9718 0.4596 0.4463 9
0.9714 0.569 0.5525 11
0.9739 0.5682 0.553 18
0.9691 0.4306 0.4168 7
0.9733 0.5517 0.5369 12
0.974 0.5669 0.552 15
0.9713 0.5199 0.5047 15
0.9742 0.5135 0.5002 9
0.9806 0.5374 0.5267 16
0.9787 0.5335 0.5217 10
0.9719 0.5748 0.5585 7
0.972 0.5456 0.5303 8
0.9742 0.5345 0.5205 15
0.9697 0.562 0.5447 13
0.9752 0.5342 0.5207 5
0.9727 0.5131 0.4989 9
0.9743 0.5206 0.507 8
0.9689 0.5196 0.5034 8
0.9726 0.4406 0.4283 8
0.9753 0.4866 0.4743 11
0.9672 0.4771 0.4614 3
0.9745 0.59 0.5741 13
0.9685 0.4645 0.4488 19
0.9702 0.4577 0.4439 10
0.9691 0.5395 0.5227 11
0.9723 0.5315 0.5166 14
0.9704 0.5413 0.5252 8
0.9763 0.5239 0.5113 13
0.9732 0.496 0.4826 8
0.9762 0.4974 0.4854 9
0.9742 0.51 0.4964 12
0.9736 0.5102 0.4966 9
0.9736 0.4528 0.4406 12
0.9706 0.5532 0.5364 8
0.9743 0.4708 0.4586 8
0.9706 0.5401 0.524 8
0.9627 0.8645 0.83 13
0.9829 1 0.981 25
0.7535 1 0.7535 6
0.9728 0.9617 0.9355 2
0.9666 0.7971 0.7705 1
0.9701 1 0.97 10
0.9335 1 0.9335 2
0.9882 1 0.9881 11
0.9559 0.7191 0.6861 11
0.957 1 0.9569 7
0.955 0.8307 0.7919 12
0.9633 1 0.963 12
0.985 0.7112 0.6981 15
0.9761 0.942 0.919 4
0.7931 1 0.7931 2
0.9778 0.9998 0.9771 10
0.8075 1 0.8075 2
0.9604 0.5825 0.5579 4
0.8022 1 0.8022 8
0.9687 0.7075 0.6747 19
0.9415 1 0.9415 3
0.9799 1 0.9759 16
0.9729 0.8626 0.8358 16
0.9892 1 0.9884 19
0.967 1 0.967 6
0.9862 0.7747 0.7633 10
0.9849 1 0.9846 8
0.9257 1 0.9257 4
0.9743 1 0.9743 7
0.8496 1 0.8496 5
0.9703 0.7307 0.7078 15
0.968 1 0.968 7
0.9841 1 0.98 21
0.9732 0.9999 0.9696 20
0.8826 1 0.8826 5
0.9823 0.964 0.9451 10
0.9237 1 0.9237 4
0.9716 1 0.9698 14
0.9803 1 0.98 16
0.9812 0.908 0.8806 18
0.9718 1 0.9718 5
0.9735 1 0.9729 12
0.9758 1 0.9758 5
0.989 0.7505 0.741 15
0.9765 1 0.9757 13
0.9798 1 0.9793 7
0.9819 1 0.9819 5
0.9846 0.8684 0.853 18
0.9606 1 0.9606 6
0.9835 1 0.9832 8
0.9818 1 0.9817 10
0.9788 1 0.9785 10
0.9853 1 0.9852 18
0.9812 1 0.9806 9
0.9822 1 0.9816 15
0.9867 0.9997 0.9816 21
0.9696 1 0.9695 8
0.9793 0.9939 0.9677 16
0.9899 0.9066 0.8974 12
0.9819 1 0.9817 13
0.9841 0.9689 0.9506 12
0.9831 1 0.983 13
0.9819 1 0.9819 8
0.9863 1 0.986 15
0.9799 1 0.9791 12
0.9804 1 0.9803 8
0.9767 1 0.9767 6
0.9773 1 0.9773 3
0.9812 0.8957 0.8717 12
0.9841 1 0.9815 13
0.9779 1 0.9778 11
0.9787 0.7615 0.7442 11
0.9905 1 0.9905 5
0.9796 1 0.9787 18
0.984 1 0.9839 8
0.9872 1 0.9869 15
0.9734 1 0.9733 8
0.9309 1 0.9309 4
0.9898 1 0.987 24
0.9805 1 0.98 12
0.9828 1 0.9827 9
0.9824 1 0.9824 6
0.9831 0.9879 0.9689 19
0.9889 1 0.9857 21
0.9847 1 0.9844 14
0.9849 1 0.9848 5
0.9843 1 0.9842 8
0.9776 1 0.9775 10
0.9791 1 0.9783 22
0.9844 0.9532 0.9356 13
0.9794 1 0.9793 11
0.9759 1 0.9758 6
0.9873 0.9996 0.9853 12
0.9878 1 0.9861 25
0.9891 1 0.9864 23
0.9819 1 0.9817 13
0.9819 1 0.9812 15
0.9765 1 0.9752 18
0.9888 0.9999 0.9842 17
0.982 1 0.9817 16
0.9796 1 0.9795 12
0.9888 1 0.9879 18
0.9796 1 0.9796 3
0.9832 1 0.9832 3
0.9884 1 0.9878 17
0.9832 1 0.9832 4
0.9806 1 0.9805 17
0.9787 1 0.9784 13
0.9795 1 0.9793 13
0.9775 1 0.9775 6
0.9828 0.7784 0.7642 13
0.9821 1 0.9816 10
0.9853 1 0.9853 7
0.9733 1 0.9733 5
0.9877 1 0.9873 15
0.9815 1 0.9809 17
0.9837 1 0.9836 7
0.9729 1 0.9724 17
0.9852 0.9999 0.9848 12
0.9844 1 0.9842 12
0.9862 1 0.9862 9
0.9835 0.8574 0.8413 18
0.9827 1 0.9821 14
0.9868 1 0.9858 17
0.9817 1 0.9816 11
0.9817 1 0.9817 5
0.9821 1 0.9821 9
0.9797 1 0.9796 8
0.9846 0.9239 0.9083 22
0.9837 1 0.9835 12
0.984 1 0.9833 15
0.9861 1 0.986 10
0.9778 1 0.9777 12
0.9819 1 0.9815 10
0.9875 1 0.9874 15
0.9804 1 0.9803 16
0.9821 1 0.982 7
0.9791 1 0.9788 11
0.9834 1 0.982 16
0.9852 1 0.9851 7
0.9797 1 0.9797 3
0.9774 0.7769 0.7592 6
0.9713 1 0.9713 6
0.9773 0.9981 0.9746 18
0.9755 1 0.9755 3
0.9772 1 0.9763 19
0.9744 1 0.9742 11
0.9659 1 0.9659 5
0.9673 1 0.9668 13
0.9761 1 0.9761 3
0.9783 1 0.978 19
0.9752 0.9539 0.9289 16
0.9774 1 0.9772 15
0.9759 0.9987 0.9738 10
0.9741 1 0.974 16
0.9683 1 0.9683 3
0.9622 1 0.9622 6
0.9773 1 0.9773 10
0.9706 1 0.9706 4
0.9683 1 0.9683 7
0.9467 1 0.9467 6
0.9738 1 0.9738 9
0.9757 1 0.9753 11
0.9781 1 0.9781 7
0.9749 1 0.9748 15
0.9792 0.9448 0.923 16
0.9774 0.9992 0.9763 13
0.9774 1 0.9773 7
0.9708 1 0.9706 6
0.9725 0.9085 0.883 12
0.9795 1 0.9795 4
0.9746 0.9959 0.9697 16
0.9695 1 0.9695 3
0.978 1 0.978 8
0.9709 0.9881 0.9584 25
0.9761 0.9894 0.9652 13
0.9744 1 0.9735 17
0.9777 0.9879 0.9651 11
0.9815 0.9997 0.9803 17
0.9753 1 0.9753 5
0.9738 1 0.9738 6
0.9787 1 0.9785 18
0.9608 1 0.9608 6
0.9776 1 0.977 17
0.9777 1 0.9777 9
0.975 0.8832 0.86 20
0.9779 1 0.9777 12
0.9786 0.999 0.9763 27
0.9751 0.9998 0.9735 23
0.9609 1 0.9608 8
0.9765 1 0.9764 11
0.9752 1 0.9752 8
0.9742 1 0.974 11
0.9735 1 0.9734 7
0.9789 0.9999 0.9785 7
0.9765 0.9714 0.9479 15
0.9733 1 0.9733 8
0.9763 1 0.9763 9
0.9802 0.9406 0.9194 17
0.9774 1 0.9774 11
0.9736 1 0.9734 14
0.97 1 0.97 6
0.9628 1 0.9628 6
0.9713 0.9805 0.9516 12
0.9762 1 0.9762 6
0.9771 0.8671 0.847 6
0.9758 1 0.9757 10
0.9703 1 0.9702 10
0.9705 1 0.9704 15
0.9755 1 0.9754 9
0.9697 1 0.9697 4
0.9786 1 0.978 21
0.9733 0.9617 0.936 4
0.9753 1 0.9752 10
0.9748 0.8449 0.8227 23
0.9765 1 0.9765 7
0.9674 1 0.9674 6
0.9802 1 0.9802 13
0.9766 0.9739 0.9508 13
0.971 1 0.971 15
0.9749 1 0.9747 11
0.9745 0.9438 0.9194 17
0.9726 1 0.9725 11
0.9737 1 0.9736 11
0.972 1 0.9719 7
0.9725 1 0.9724 10
0.9705 1 0.9702 13
0.9678 1 0.9675 10
0.9673 1 0.9672 10
0.9769 0.9101 0.8883 12
0.9766 0.9999 0.9755 20
0.9809 1 0.9809 5
0.9721 0.9986 0.9702 13
0.9693 1 0.9693 10
0.9717 1 0.9713 13
0.9733 0.9392 0.9134 11
0.9767 1 0.9766 7
0.9727 1 0.9727 8
0.971 1 0.9709 12
0.98 1 0.98 6
0.9743 0.9998 0.9737 13
0.9773 1 0.9772 13
0.9754 0.8472 0.8255 11
0.9685 1 0.9685 8
0.9715 0.9573 0.9292 13
0.9717 1 0.9717 7
0.9732 1 0.9731 15
0.9709 0.9999 0.97 14
0.9702 1 0.9702 7
0.9737 1 0.9737 4
0.9795 0.9999 0.9791 14
0.9767 0.9992 0.9755 14
0.9785 0.9999 0.9781 16
0.9745 0.9395 0.915 15
0.9764 1 0.9764 7
0.961 1 0.961 8
0.9739 1 0.9739 4
0.9721 1 0.9713 16
0.9756 1 0.9755 15
0.9703 1 0.9703 8
0.9703 1 0.9703 9
0.9679 1 0.9675 12
0.9624 1 0.9624 4
0.9725 0.9999 0.9723 11
0.9741 0.8819 0.8586 9
0.9699 0.9592 0.9288 14
0.9715 1 0.9715 6
0.9692 0.8949 0.867 9
0.9693 1 0.9693 4
0.9682 1 0.9682 7
0.9697 1 0.9696 8
0.9735 1 0.9734 14
0.9749 0.8434 0.8219 11
0.9751 1 0.975 11
0.9759 0.9999 0.9757 9
0.9692 1 0.9692 8
0.9549 1 0.9549 3
0.9716 0.9995 0.9703 19
0.9739 1 0.9737 15
0.9742 1 0.9742 6
0.9803 0.8603 0.8415 11
0.9621 0.9347 0.8987 15
0.973 0.9807 0.9537 15
0.9725 1 0.9724 13
0.9733 1 0.9732 6
0.9685 0.8901 0.8612 5
0.9704 1 0.9704 10
0.9645 1 0.9645 9
0.9741 0.9923 0.9662 18
0.9764 1 0.9763 11
0.9735 0.9278 0.9029 12
0.9682 1 0.9681 8
0.9719 0.9902 0.9619 8
0.9718 1 0.9718 9
0.9694 1 0.9693 17
0.9735 0.9999 0.9721 12
0.9733 1 0.973 7
0.954 1 0.954 6
0.975 0.9779 0.9517 19
0.9715 0.8824 0.8568 10
0.7667 1 0.7667 5
0.9817 0.9933 0.9735 19
0.9434 1 0.9433 8
0.9716 0.9639 0.9365 6
0.9485 1 0.9484 6
0.9728 0.9998 0.9722 4
0.6863 1 0.6863 2
0.9623 1 0.9623 5
0.695 1 0.695 6
0.9593 0.7012 0.6722 10
0.73 1 0.73 3
0.7288 1 0.7288 4
0.9848 1 0.9841 13
0.7904 1 0.7904 3
0.76 1 0.76 5
0.9383 1 0.9383 4
0.7015 1 0.7015 1
0.9604 0.984 0.9414 4
0.6677 1 0.6677 5
0.9729 0.9999 0.9717 14
0.9595 1 0.9595 4
0.5727 1 0.5727 3
0.9731 1 0.9731 8
0.6345 1 0.6345 1
0.9533 1 0.9533 12
0.5613 1 0.5613 2
0.9841 1 0.984 11
0.7101 1 0.7101 3
0.9788 1 0.9778 11
0.9821 1 0.9819 9
0.9696 1 0.9696 7
0.8134 1 0.8134 4
0.853 1 0.853 2
0.9727 1 0.9712 20
0.981 1 0.9809 9
0.9683 1 0.9683 4
0.9709 1 0.9709 9
0.9701 1 0.9673 24
0.749 1 0.749 3
0.9484 1 0.9484 3
0.9785 1 0.9784 13
0.9334 1 0.9334 5
0.9824 1 0.9824 4
0.8721 1 0.8721 6
0.6999 1 0.6999 3
0.6848 1 0.6848 5
0.976 1 0.976 2
0.974 1 0.9739 8
0.8253 1 0.8253 6
0.9828 1 0.9819 19
0.8753 1 0.8753 3
0.9811 1 0.9809 6
0.8737 1 0.8737 4
0.9781 1 0.9781 5
0.7406 1 0.7406 4
0.9821 1 0.982 5
0.9692 1 0.9692 9
0.9572 1 0.9572 5
0.9882 1 0.9866 23
0.7278 1 0.7278 4
0.9601 1 0.9601 8
0.9838 1 0.9827 21
0.9645 1 0.9645 6
0.7487 1 0.7487 1
0.9809 1 0.9808 5
0.9781 1 0.978 5
0.9512 1 0.9512 5
0.9561 1 0.9561 6
0.9396 1 0.9396 4
0.9838 1 0.9838 11
0.978 1 0.978 6
0.7987 1 0.7987 3
0.9905 1 0.9897 13
0.7981 1 0.7981 4
0.7664 1 0.7664 5
0.9844 1 0.9828 17
0.9095 1 0.9095 3
0.8669 1 0.8669 4
0.7966 1 0.7966 4
0.7787 1 0.7787 4
0.7834 1 0.7834 4
0.9837 1 0.9833 11
0.9798 1 0.9793 13
0.7093 1 0.7093 2
0.9794 1 0.9793 10
0.975 1 0.975 5
0.7593 1 0.7593 4
0.9725 1 0.9725 7
0.9784 1 0.9778 20
0.9836 1 0.9832 14
0.9781 1 0.9781 7
0.9314 1 0.9314 4
0.8243 1 0.8243 5
0.9813 1 0.9807 19
0.9831 1 0.9831 7
0.9844 1 0.9844 5
0.8606 1 0.8606 5
0.8023 1 0.8023 4
0.986 1 0.986 8
0.9685 1 0.9685 1
0.9834 1 0.9833 9
0.9767 1 0.9767 4
0.9793 1 0.9793 10
0.797 1 0.797 5
0.8347 1 0.8347 3
0.9128 1 0.9128 3
0.9276 1 0.9276 3
0.9748 1 0.9748 2
0.7619 1 0.7619 2
0.8933 1 0.8933 2
0.9289 1 0.9289 2
0.8624 1 0.8624 2
0.9798 1 0.9798 4
0.9219 1 0.9219 1
0.9872 1 0.9872 4
0.8119 1 0.8119 2
0.9262 1 0.9262 4
0.7861 1 0.7861 1
0.9749 1 0.9749 3
0.9829 1 0.9828 17
0.9827 1 0.9827 8
0.9668 1 0.9668 2
0.9822 1 0.9821 11
0.9866 1 0.9865 13
0.9735 1 0.9735 5
0.9377 1 0.9377 1
0.9773 1 0.9773 7
0.9756 1 0.9756 10
0.9793 1 0.9793 7
0.9824 1 0.9817 26
0.854 1 0.854 3
0.9786 1 0.9786 4
0.9688 1 0.9688 4
0.9782 1 0.9782 6
0.8865 1 0.8865 4
0.9573 1 0.9573 1
0.8851 1 0.8851 4
0.9462 1 0.9462 5
0.9649 1 0.9649 4
0.9821 1 0.9819 15
0.9603 1 0.9603 4
0.8043 1 0.8043 2
0.9555 1 0.9555 9
0.7833 1 0.7833 3
0.9536 1 0.9536 3
0.9586 1 0.9586 6
0.831 1 0.831 4
0.8324 1 0.8324 2
0.7841 1 0.7841 4
0.9671 1 0.9671 8
0.8374 1 0.8374 1
0.974 1 0.9739 7
0.8469 1 0.8469 2
0.8256 1 0.8256 2
0.978 1 0.9779 13
0.7255 1 0.7255 1
0.9498 1 0.9498 3
0.8774 1 0.8774 3
0.9415 1 0.9415 5
0.9617 1 0.9617 4
0.9736 1 0.9736 6
0.9573 1 0.9573 4
0.9588 1 0.9588 6
0.7707 1 0.7707 3
0.9767 1 0.9767 6
0.842 1 0.842 3
0.8676 1 0.8676 3
0.9577 1 0.9577 5
0.9349 1 0.9349 3
0.9666 1 0.9666 5
0.9703 1 0.9703 4
0.9646 1 0.9645 7
0.9568 1 0.9568 5
0.9645 1 0.9645 6
0.9258 1 0.9258 3
0.97 1 0.97 8
0.877 1 0.877 6
0.9436 1 0.9436 2
0.9669 1 0.9669 7
0.8211 1 0.8211 5
0.9432 1 0.9432 3
0.9557 1 0.9557 4
0.9413 1 0.9413 2
0.976 1 0.976 8
0.969 1 0.969 9
0.9586 1 0.9586 6
0.8289 1 0.8289 2
0.8744 1 0.8744 2
0.9664 1 0.9664 8
0.8951 1 0.8951 2
0.9543 1 0.9543 1
0.9503 1 0.9503 2
0.9333 1 0.9333 3
0.9417 1 0.9417 9
0.965 1 0.965 6
0.9417 1 0.9417 3
0.9646 1 0.9646 1
0.9376 1 0.9376 5
0.9676 1 0.9676 4
0.9404 1 0.9404 3
0.9174 1 0.9174 2
0.9672 1 0.9672 6
0.9302 1 0.9302 5
0.8194 1 0.8194 2
0.9042 1 0.9042 3
0.9563 1 0.9563 3
0.938 1 0.938 3
0.9582 1 0.9582 7
0.9572 1 0.9572 4
0.962 1 0.962 4
0.9514 1 0.9514 6
0.9527 1 0.9527 6
0.8829 1 0.8829 1
0.81 1 0.81 3
0.8494 1 0.8494 3
0.9616 1 0.9616 12
0.9605 1 0.9605 3
0.8886 1 0.8886 3
0.9252 1 0.9252 2
0.9753 1 0.9753 12
0.9689 1 0.9689 7
0.9529 1 0.9529 6
0.869 1 0.869 4
0.8684 1 0.8684 5
0.8839 1 0.8839 2
0.791 1 0.791 3
0.7394 1 0.7394 2
0.9619 1 0.9619 9
0.8988 1 0.8988 1
0.8856 1 0.8856 2
0.8135 1 0.8135 2
0.9635 1 0.9635 5
0.921 1 0.921 2
0.9367 1 0.9367 2
0.967 1 0.967 6
0.9695 1 0.9695 10
0.9366 1 0.9366 3
0.9441 1 0.9441 3
0.8566 1 0.8566 4
0.8996 1 0.8996 4
0.9516 1 0.9516 5
0.922 1 0.922 4
0.8319 1 0.8319 3
0.806 1 0.806 3
0.9303 1 0.9303 6
0.8897 1 0.8897 3
0.9646 1 0.9646 4
0.8899 1 0.8899 3
0.926 1 0.926 5
0.9179 1 0.9179 3
0.8953 1 0.8953 1
0.9465 1 0.9465 5
0.7606 1 0.7606 2
0.881 1 0.881 3
0.9406 1 0.9406 1
0.9562 1 0.9562 5
0.9418 1 0.9418 1
0.9146 1 0.9146 3
0.9448 1 0.9448 2
0.9458 1 0.9458 1
0.8952 1 0.8952 2
0.9358 1 0.9358 4
0.8314 1 0.8314 3
0.9666 1 0.9666 3
0.7336 1 0.7336 2
0.9686 0.9953 0.964 2
0.9273 1 0.9273 4
0.9436 1 0.9436 6
0.9591 1 0.9591 2
0.8041 1 0.8041 5
0.9415 1 0.9415 3
0.8676 1 0.8676 4
0.9752 1 0.9752 8
0.9576 1 0.9576 4
0.9524 1 0.9524 1
0.9459 1 0.9459 1
0.7355 1 0.7355 3
0.9535 1 0.9535 3
0.9597 1 0.9597 5
0.868 1 0.868 2
0.9089 1 0.9089 2
0.9223 1 0.9223 3
0.9643 1 0.9643 2
0.9652 1 0.9652 8
0.8854 1 0.8854 1
0.9681 1 0.968 9
0.8494 1 0.8494 2
0.8757 1 0.8757 1
0.9553 1 0.9553 2
0.8573 1 0.8573 2
0.9526 1 0.9526 5
0.7457 1 0.7457 4
0.8611 1 0.8611 3
0.967 1 0.967 5
0.9618 1 0.9618 5
0.9444 1 0.9444 4
0.8383 1 0.8383 1
0.8659 1 0.8659 3
0.927 1 0.927 2
0.8939 1 0.8939 1