../../problems/clp/benchs/BRwp-0.5-0.5/BR1.txt -i 6 --min_fr=1.0 0.728300 0.931400
../../problems/clp/benchs/BRwp-0.5-0.5/BR1.txt -i 11 --min_fr=1.0 0.624200 0.864900
../../problems/clp/benchs/BRwp-0.5-0.5/BR1.txt -i 16 --min_fr=1.0 0.677000 0.891000
../../problems/clp/benchs/BRwp-0.5-0.5/BR2.txt -i 0 --min_fr=1.0 0.713400 0.911800
../../problems/clp/benchs/BRwp-0.5-0.5/BR2.txt -i 1 --min_fr=1.0 0.693600 0.867500
../../problems/clp/benchs/BRwp-0.5-0.5/BR2.txt -i 3 --min_fr=1.0 0.732600 0.954700
../../problems/clp/benchs/BRwp-0.5-0.5/BR2.txt -i 6 --min_fr=1.0 0.756500 0.922500
../../problems/clp/benchs/BRwp-0.5-0.5/BR2.txt -i 8 --min_fr=1.0 0.593000 0.738100
../../problems/clp/benchs/BRwp-0.5-0.5/BR2.txt -i 11 --min_fr=1.0 0.567600 0.726000
../../problems/clp/benchs/BRwp-0.5-0.5/BR2.txt -i 14 --min_fr=1.0 0.600000 0.774800
../../problems/clp/benchs/BRwp-0.5-0.5/BR2.txt -i 16 --min_fr=1.0 0.766800 0.941600
../../problems/clp/benchs/BRwp-0.5-0.5/BR3.txt -i 4 --min_fr=1.0 0.637500 0.786600
../../problems/clp/benchs/BRwp-0.5-0.5/BR3.txt -i 5 --min_fr=1.0 0.587100 0.748200
../../problems/clp/benchs/BRwp-0.5-0.5/BR3.txt -i 9 --min_fr=1.0 0.632600 0.762100
../../problems/clp/benchs/BRwp-0.5-0.5/BR3.txt -i 10 --min_fr=1.0 0.621400 0.751000
../../problems/clp/benchs/BRwp-0.5-0.5/BR3.txt -i 11 --min_fr=1.0 0.604900 0.771100
../../problems/clp/benchs/BRwp-0.5-0.5/BR3.txt -i 15 --min_fr=1.0 0.646100 0.843300
../../problems/clp/benchs/BRwp-0.5-0.5/BR3.txt -i 17 --min_fr=1.0 0.619600 0.760400
../../problems/clp/benchs/BRwp-0.5-0.5/BR4.txt -i 1 --min_fr=1.0 0.649800 0.839300
../../problems/clp/benchs/BRwp-0.5-0.5/BR4.txt -i 5 --min_fr=1.0 0.582000 0.721500
../../problems/clp/benchs/BRwp-0.5-0.5/BR4.txt -i 10 --min_fr=1.0 0.615500 0.741300
../../problems/clp/benchs/BRwp-0.5-0.5/BR4.txt -i 13 --min_fr=1.0 0.656000 0.817000
../../problems/clp/benchs/BRwp-0.5-0.5/BR5.txt -i 2 --min_fr=1.0 0.572600 0.810700
../../problems/clp/benchs/BRwp-0.5-0.5/BR5.txt -i 3 --min_fr=1.0 0.634800 0.842700
../../problems/clp/benchs/BRwp-0.5-0.5/BR6.txt -i 4 --min_fr=1.0 0.584800 0.764600
../../problems/clp/benchs/BRwp-0.5-0.5/BR6.txt -i 15 --min_fr=1.0 0.618900 0.753200
../../problems/clp/benchs/BRwp-0.5-0.5/BR6.txt -i 17 --min_fr=1.0 0.641300 0.784100
../../problems/clp/benchs/BRwp-0.5-0.5/BR7.txt -i 2 --min_fr=1.0 0.563600 0.680900
../../problems/clp/benchs/BRwp-0.5-0.5/BR7.txt -i 3 --min_fr=1.0 0.636700 0.771300
../../problems/clp/benchs/BRwp-0.5-0.5/BR7.txt -i 12 --min_fr=1.0 0.572900 0.717700
../../problems/clp/benchs/BRwp-0.5-0.5/BR8.txt -i 1 --min_fr=0.98 0.509200 0.634200
../../problems/clp/benchs/BRwp-0.5-0.5/BR8.txt -i 2 --min_fr=0.98 0.467800 0.574600
../../problems/clp/benchs/BRwp-0.5-0.5/BR8.txt -i 3 --min_fr=0.98 0.480500 0.582600
../../problems/clp/benchs/BRwp-0.5-0.5/BR8.txt -i 11 --min_fr=0.98 0.494200 0.607300
../../problems/clp/benchs/BRwp-0.5-0.5/BR9.txt -i 2 --min_fr=0.98 0.501500 0.618800
../../problems/clp/benchs/BRwp-0.5-0.5/BR12.txt -i 2 --min_fr=0.98 0.474700 0.573800
../../problems/clp/benchs/BRwp-0.5-0.5/BR15.txt -i 15 --min_fr=0.98 0.454900 0.549900
../../problems/clp/benchs/BRwp-1.0-0.5/BR1.txt -i 5 --min_fr=1.0 0.653100 0.833600
../../problems/clp/benchs/BRwp-1.0-0.5/BR1.txt -i 7 --min_fr=1.0 0.625200 0.844600
../../problems/clp/benchs/BRwp-1.0-0.5/BR1.txt -i 11 --min_fr=1.0 0.624900 0.770100
../../problems/clp/benchs/BRwp-1.0-0.5/BR1.txt -i 16 --min_fr=1.0 0.515600 0.687600
../../problems/clp/benchs/BRwp-1.0-0.5/BR1.txt -i 17 --min_fr=1.0 0.636600 0.889600
../../problems/clp/benchs/BRwp-1.0-0.5/BR2.txt -i 7 --min_fr=1.0 0.718900 0.888300
../../problems/clp/benchs/BRwp-1.0-0.5/BR2.txt -i 12 --min_fr=1.0 0.688100 0.847500
../../problems/clp/benchs/BRwp-1.0-0.5/BR2.txt -i 14 --min_fr=1.0 0.444500 0.611300
../../problems/clp/benchs/BRwp-1.0-0.5/BR2.txt -i 15 --min_fr=1.0 0.610300 0.794100
../../problems/clp/benchs/BRwp-1.0-0.5/BR3.txt -i 0 --min_fr=1.0 0.666200 0.869700
../../problems/clp/benchs/BRwp-1.0-0.5/BR3.txt -i 9 --min_fr=1.0 0.644500 0.777200
../../problems/clp/benchs/BRwp-1.0-0.5/BR3.txt -i 11 --min_fr=1.0 0.602900 0.758700
../../problems/clp/benchs/BRwp-1.0-0.5/BR4.txt -i 4 --min_fr=1.0 0.672400 0.811500
../../problems/clp/benchs/BRwp-1.0-0.5/BR4.txt -i 6 --min_fr=1.0 0.617300 0.745300
../../problems/clp/benchs/BRwp-1.0-0.5/BR4.txt -i 8 --min_fr=1.0 0.585100 0.846000
../../problems/clp/benchs/BRwp-1.0-0.5/BR4.txt -i 11 --min_fr=1.0 0.604600 0.829900
../../problems/clp/benchs/BRwp-1.0-0.5/BR4.txt -i 19 --min_fr=1.0 0.671900 0.840900
../../problems/clp/benchs/BRwp-1.0-0.5/BR5.txt -i 1 --min_fr=1.0 0.636500 0.771300
../../problems/clp/benchs/BRwp-1.0-0.5/BR5.txt -i 4 --min_fr=1.0 0.662800 0.797200
../../problems/clp/benchs/BRwp-1.0-0.5/BR5.txt -i 5 --min_fr=1.0 0.586200 0.771500
../../problems/clp/benchs/BRwp-1.0-0.5/BR5.txt -i 7 --min_fr=1.0 0.631800 0.829200
../../problems/clp/benchs/BRwp-1.0-0.5/BR5.txt -i 10 --min_fr=1.0 0.603400 0.726400
../../problems/clp/benchs/BRwp-1.0-0.5/BR5.txt -i 13 --min_fr=1.0 0.672200 0.825700
../../problems/clp/benchs/BRwp-1.0-0.5/BR5.txt -i 14 --min_fr=1.0 0.579000 0.698800
../../problems/clp/benchs/BRwp-1.0-0.5/BR5.txt -i 16 --min_fr=1.0 0.711100 0.890500
../../problems/clp/benchs/BRwp-1.0-0.5/BR6.txt -i 2 --min_fr=1.0 0.568900 0.708500
../../problems/clp/benchs/BRwp-1.0-0.5/BR6.txt -i 13 --min_fr=1.0 0.604200 0.771100
../../problems/clp/benchs/BRwp-1.0-0.5/BR6.txt -i 15 --min_fr=1.0 0.617500 0.741500
../../problems/clp/benchs/BRwp-1.0-0.5/BR7.txt -i 7 --min_fr=1.0 0.603200 0.725000
../../problems/clp/benchs/BRwp-1.0-0.5/BR8.txt -i 3 --min_fr=0.98 0.501900 0.640600
../../problems/clp/benchs/BRwp-1.0-0.5/BR9.txt -i 15 --min_fr=0.98 0.475600 0.586900
../../problems/clp/benchs/BRwp-1.4-0.5/BR1.txt -i 0 --min_fr=1.0 0.259400 0.351300
../../problems/clp/benchs/BRwp-1.4-0.5/BR1.txt -i 2 --min_fr=1.0 0.464200 0.567100
../../problems/clp/benchs/BRwp-1.4-0.5/BR1.txt -i 5 --min_fr=1.0 0.651500 0.873300
../../problems/clp/benchs/BRwp-1.4-0.5/BR1.txt -i 8 --min_fr=1.0 0.309500 0.465200
../../problems/clp/benchs/BRwp-1.4-0.5/BR1.txt -i 10 --min_fr=1.0 0.393100 0.482100
../../problems/clp/benchs/BRwp-1.4-0.5/BR1.txt -i 15 --min_fr=1.0 0.591700 0.795100
../../problems/clp/benchs/BRwp-1.4-0.5/BR1.txt -i 17 --min_fr=1.0 0.636600 0.857800
../../problems/clp/benchs/BRwp-1.4-0.5/BR1.txt -i 19 --min_fr=1.0 0.482600 0.724200
../../problems/clp/benchs/BRwp-1.4-0.5/BR2.txt -i 5 --min_fr=1.0 0.247000 0.387000
../../problems/clp/benchs/BRwp-1.4-0.5/BR2.txt -i 16 --min_fr=1.0 0.593000 0.765100
../../problems/clp/benchs/BRwp-1.4-0.5/BR3.txt -i 0 --min_fr=1.0 0.549400 0.691700
../../problems/clp/benchs/BRwp-1.4-0.5/BR3.txt -i 3 --min_fr=1.0 0.379200 0.547400
../../problems/clp/benchs/BRwp-1.4-0.5/BR3.txt -i 5 --min_fr=1.0 0.316000 0.437700
../../problems/clp/benchs/BRwp-1.4-0.5/BR3.txt -i 7 --min_fr=1.0 0.677200 0.849000
../../problems/clp/benchs/BRwp-1.4-0.5/BR3.txt -i 18 --min_fr=1.0 0.700700 0.859900
../../problems/clp/benchs/BRwp-1.4-0.5/BR4.txt -i 4 --min_fr=1.0 0.594400 0.750600
../../problems/clp/benchs/BRwp-1.4-0.5/BR4.txt -i 10 --min_fr=1.0 0.600000 0.772100
../../problems/clp/benchs/BRwp-1.4-0.5/BR4.txt -i 11 --min_fr=1.0 0.486900 0.622900
../../problems/clp/benchs/BRwp-1.4-0.5/BR4.txt -i 14 --min_fr=1.0 0.419800 0.526000
../../problems/clp/benchs/BRwp-1.4-0.5/BR4.txt -i 15 --min_fr=1.0 0.572500 0.721900
../../problems/clp/benchs/BRwp-1.4-0.5/BR5.txt -i 2 --min_fr=1.0 0.580000 0.746300
../../problems/clp/benchs/BRwp-1.4-0.5/BR5.txt -i 4 --min_fr=1.0 0.536700 0.646900
../../problems/clp/benchs/BRwp-1.4-0.5/BR5.txt -i 7 --min_fr=1.0 0.587700 0.734200
../../problems/clp/benchs/BRwp-1.4-0.5/BR6.txt -i 2 --min_fr=1.0 0.574500 0.697700
../../problems/clp/benchs/BRwp-1.4-0.5/BR6.txt -i 11 --min_fr=1.0 0.441300 0.529700
../../problems/clp/benchs/BRwp-1.4-0.5/BR6.txt -i 18 --min_fr=1.0 0.541400 0.753000
../../problems/clp/benchs/BRwp-1.4-0.5/BR7.txt -i 2 --min_fr=1.0 0.571500 0.692200
../../problems/clp/benchs/BRwp-1.4-0.5/BR7.txt -i 8 --min_fr=1.0 0.549500 0.660100
../../problems/clp/benchs/BRwp-1.4-0.5/BR7.txt -i 17 --min_fr=1.0 0.495900 0.602400
../../problems/clp/benchs/BRwp-1.4-0.5/BR8.txt -i 10 --min_fr=0.98 0.370100 0.468800
../../problems/clp/benchs/BRwp-1.4-0.5/BR9.txt -i 4 --min_fr=0.98 0.462900 0.571200
../../problems/clp/benchs/BRwp-1.4-0.5/BR11.txt -i 6 --min_fr=0.98 0.419900 0.519100
../../problems/clp/benchs/BRwp-1.4-0.5/BR11.txt -i 13 --min_fr=0.98 0.265400 0.361800
../../problems/clp/benchs/BRwp-1.4-0.5/BR12.txt -i 5 --min_fr=0.98 0.266900 0.337200
