0.6310 
0.7644 
0.5476 
0.7494 
0.5615 
0.6574 
0.7283 
0.6251 
0.5248 
0.6943 
0.6198 
0.6242 
0.7394 
0.7610 
0.6390 
0.6413 
0.6770 
0.6366 
0.7249 
0.5810 
0.7134 
0.6936 
0.6331 
0.7326 
0.6689 
0.6196 
0.7565 
0.8093 
0.5930 
0.7617 
0.6075 
0.5676 
0.6824 
0.6617 
0.6000 
0.6104 
0.7668 
0.6281 
0.7126 
0.6726 
0.6632 
0.6886 
0.6309 
0.6971 
0.6379 
0.5871 
0.6732 
0.7087 
0.6148 
0.6326 
0.6212 
0.6049 
0.6990 
0.6923 
0.6037 
0.6461 
0.7135 
0.6196 
0.7108 
0.6896 
0.6188 
0.6498 
0.6439 
0.6348 
0.6378 
0.5820 
0.6454 
0.6640 
0.6063 
0.6855 
0.6156 
0.6189 
0.6908 
0.6560 
0.6320 
0.6010 
0.7150 
0.6356 
0.6824 
0.6607 
0.6395 
0.6541 
0.5726 
0.6348 
0.6726 
0.5807 
0.6058 
0.6479 
0.6011 
0.6485 
0.6367 
0.5797 
0.6292 
0.6798 
0.6242 
0.5911 
0.6975 
0.6564 
0.6245 
0.5884 
0.6212 
0.5957 
0.5835 
0.6571 
0.5848 
0.5766 
0.6310 
0.6639 
0.5761 
0.5939 
0.6030 
0.5821 
0.6051 
0.6132 
0.6097 
0.6189 
0.6799 
0.6413 
0.6241 
0.6270 
0.6018 
0.5850 
0.5636 
0.6367 
0.5886 
0.6009 
0.5885 
0.6068 
0.5925 
0.5845 
0.5889 
0.6239 
0.5727 
0.6129 
0.5575 
0.5392 
0.5956 
0.6381 
0.5970 
0.5704 
0.5295 
0.4985 
0.4678 
0.4817 
0.5400 
0.4878 
0.5221 
0.5221 
0.4614 
0.5251 
0.5057 
0.4942 
0.4631 
0.4987 
0.5280 
0.5020 
0.5450 
0.5481 
0.5332 
0.4538 
0.5189 
0.4818 
0.5015 
0.5367 
0.4850 
0.4842 
0.5074 
0.5045 
0.4979 
0.4998 
0.4841 
0.5101 
0.4923 
0.4697 
0.5085 
0.4764 
0.5085 
0.4967 
0.5041 
0.4490 
0.4878 
0.4680 
0.4713 
0.5421 
0.5225 
0.4700 
0.4829 
0.4642 
0.4812 
0.4717 
0.4755 
0.4974 
0.4537 
0.4865 
0.5091 
0.4941 
0.4795 
0.4830 
0.5204 
0.4606 
0.4862 
0.4516 
0.4805 
0.4856 
0.4647 
0.4790 
0.4909 
0.4961 
0.4861 
0.4462 
0.4916 
0.4857 
0.4412 
0.4554 
0.4982 
0.4761 
0.5199 
0.4664 
0.5022 
0.4758 
0.4679 
0.4812 
0.4747 
0.4817 
0.4495 
0.4567 
0.4957 
0.4681 
0.5028 
0.4311 
0.4624 
0.4823 
0.4773 
0.4738 
0.4985 
0.4855 
0.4999 
0.4511 
0.5271 
0.4435 
0.4557 
0.4578 
0.4642 
0.4612 
0.4497 
0.4487 
0.4890 
0.4518 
0.4596 
0.4569 
0.4601 
0.4911 
0.4529 
0.4511 
0.4479 
0.4571 
0.4644 
0.4742 
0.4792 
0.4495 
0.4826 
0.4495 
0.4380 
0.4591 
0.4351 
0.4494 
0.4703 
0.4572 
0.4731 
0.4372 
0.4433 
0.4692 
0.4596 
0.4428 
0.4568 
0.4807 
0.4709 
0.4632 
0.4309 
0.4270 
0.4576 
0.4518 
0.4435 
0.4827 
0.4148 
0.4570 
0.4463 
0.4569 
0.5014 
0.4557 
0.4383 
0.4746 
0.4643 
0.4471 
0.4361 
0.4626 
0.4634 
0.4412 
0.4552 
0.4406 
0.6309 
0.7645 
0.3411 
0.7481 
0.5615 
0.6531 
0.6814 
0.6252 
0.5248 
0.6173 
0.6132 
0.6249 
0.7352 
0.7622 
0.3968 
0.6293 
0.5156 
0.6366 
0.5554 
0.5808 
0.5513 
0.6955 
0.6263 
0.7326 
0.6693 
0.6248 
0.7586 
0.7189 
0.5840 
0.6028 
0.6072 
0.5396 
0.6881 
0.6650 
0.4445 
0.6103 
0.5961 
0.6278 
0.7118 
0.6607 
0.6662 
0.7012 
0.6126 
0.7005 
0.6517 
0.5858 
0.6529 
0.7093 
0.5785 
0.6445 
0.5960 
0.6029 
0.6750 
0.6923 
0.5766 
0.6010 
0.6424 
0.6259 
0.6903 
0.6656 
0.6458 
0.6700 
0.6229 
0.6235 
0.6724 
0.5897 
0.6173 
0.6517 
0.5851 
0.6939 
0.5918 
0.6046 
0.6877 
0.6687 
0.6221 
0.6095 
0.6940 
0.5840 
0.6765 
0.6719 
0.6805 
0.6365 
0.5751 
0.6235 
0.6628 
0.5862 
0.6099 
0.6318 
0.6004 
0.6129 
0.6030 
0.5591 
0.6348 
0.6722 
0.5790 
0.5944 
0.7111 
0.6615 
0.6236 
0.6611 
0.6635 
0.6144 
0.5689 
0.6622 
0.5842 
0.5861 
0.6244 
0.6220 
0.6057 
0.6438 
0.6138 
0.5664 
0.6029 
0.6042 
0.6042 
0.6175 
0.6835 
0.6349 
0.6055 
0.6092 
0.6380 
0.6052 
0.5641 
0.6011 
0.6097 
0.5623 
0.6012 
0.6032 
0.5558 
0.5894 
0.5924 
0.6007 
0.5624 
0.5640 
0.5549 
0.5544 
0.6066 
0.6115 
0.6121 
0.5445 
0.5299 
0.5024 
0.4712 
0.5019 
0.5344 
0.4943 
0.5126 
0.5262 
0.4742 
0.5557 
0.5251 
0.5114 
0.4696 
0.5064 
0.5290 
0.5035 
0.5922 
0.5345 
0.5447 
0.4800 
0.5024 
0.4865 
0.5024 
0.5109 
0.4835 
0.4855 
0.4913 
0.5059 
0.5076 
0.5284 
0.4911 
0.4995 
0.4718 
0.4650 
0.5325 
0.4756 
0.5098 
0.4912 
0.4974 
0.4637 
0.4968 
0.4682 
0.4839 
0.5121 
0.5016 
0.4621 
0.4987 
0.4762 
0.4645 
0.4969 
0.4553 
0.5030 
0.4436 
0.4775 
0.4971 
0.4908 
0.4864 
0.4874 
0.5378 
0.4645 
0.4973 
0.4630 
0.4938 
0.4700 
0.4716 
0.4755 
0.5361 
0.4968 
0.4939 
0.4665 
0.5052 
0.4725 
0.4593 
0.4747 
0.4867 
0.4787 
0.4936 
0.5022 
0.5059 
0.4773 
0.4790 
0.4789 
0.4621 
0.4898 
0.4711 
0.4696 
0.5051 
0.4843 
0.4920 
0.4282 
0.4585 
0.4893 
0.4645 
0.4836 
0.4850 
0.4819 
0.5015 
0.4498 
0.5091 
0.4616 
0.4668 
0.4507 
0.4534 
0.4675 
0.4525 
0.4469 
0.5046 
0.4613 
0.4589 
0.4437 
0.4653 
0.4793 
0.4641 
0.4558 
0.4473 
0.4646 
0.4638 
0.4723 
0.4700 
0.4500 
0.4843 
0.4589 
0.4592 
0.4459 
0.4576 
0.4519 
0.4693 
0.4422 
0.4841 
0.4541 
0.4393 
0.4650 
0.4390 
0.4492 
0.4624 
0.4491 
0.4623 
0.4642 
0.4229 
0.4349 
0.4716 
0.4421 
0.4394 
0.4506 
0.4305 
0.4423 
0.4545 
0.4501 
0.4907 
0.4319 
0.4396 
0.4832 
0.4532 
0.4255 
0.4196 
0.4531 
0.4820 
0.4568 
0.4473 
0.4446 
0.2594 
0.7631 
0.4642 
0.7471 
0.3905 
0.6515 
0.3890 
0.6148 
0.3095 
0.6894 
0.3931 
0.3671 
0.7175 
0.5716 
0.3980 
0.5917 
0.3995 
0.6366 
0.4391 
0.4825 
0.6569 
0.3347 
0.6302 
0.3578 
0.6681 
0.2470 
0.7377 
0.4809 
0.5949 
0.7395 
0.5362 
0.3531 
0.5074 
0.6640 
0.5865 
0.5371 
0.5930 
0.5966 
0.4738 
0.5668 
0.5494 
0.6245 
0.5213 
0.3792 
0.3195 
0.3160 
0.5930 
0.6772 
0.3914 
0.5985 
0.5103 
0.6132 
0.3923 
0.6693 
0.3075 
0.5720 
0.6690 
0.6185 
0.7007 
0.3686 
0.5429 
0.6611 
0.5457 
0.2935 
0.5944 
0.5767 
0.6084 
0.6290 
0.5356 
0.6586 
0.5997 
0.4869 
0.6428 
0.4042 
0.4198 
0.5725 
0.4622 
0.4850 
0.5144 
0.3937 
0.4755 
0.6157 
0.5800 
0.3515 
0.5367 
0.5217 
0.3925 
0.5877 
0.6004 
0.5986 
0.5755 
0.4865 
0.4867 
0.5970 
0.5662 
0.5947 
0.4845 
0.3381 
0.6092 
0.5647 
0.6127 
0.5930 
0.5741 
0.4058 
0.4254 
0.4526 
0.5195 
0.6644 
0.3526 
0.4566 
0.5278 
0.4413 
0.6082 
0.4835 
0.5430 
0.4724 
0.5696 
0.4866 
0.5414 
0.6413 
0.6552 
0.5356 
0.5715 
0.5855 
0.5244 
0.4861 
0.5319 
0.5748 
0.5495 
0.5668 
0.4098 
0.5251 
0.5095 
0.5529 
0.4761 
0.5924 
0.4725 
0.4959 
0.5605 
0.5457 
0.4991 
0.2993 
0.4355 
0.2713 
0.5109 
0.5061 
0.3285 
0.3409 
0.2966 
0.5186 
0.3701 
0.5020 
0.3070 
0.3307 
0.4964 
0.2854 
0.4916 
0.4214 
0.4743 
0.4333 
0.4586 
0.4748 
0.5059 
0.2868 
0.4632 
0.3195 
0.3363 
0.4576 
0.3955 
0.4783 
0.4969 
0.4779 
0.4503 
0.4667 
0.4011 
0.4842 
0.3672 
0.4552 
0.4679 
0.2905 
0.5083 
0.4157 
0.4082 
0.5031 
0.4474 
0.4302 
0.2836 
0.3357 
0.4685 
0.3512 
0.4424 
0.4429 
0.3626 
0.4030 
0.4636 
0.4214 
0.4933 
0.4478 
0.4959 
0.4017 
0.3650 
0.4522 
0.4391 
0.3222 
0.4015 
0.4257 
0.4199 
0.4904 
0.4498 
0.4234 
0.4645 
0.4935 
0.3386 
0.2654 
0.2976 
0.4598 
0.4548 
0.3590 
0.3663 
0.4622 
0.4379 
0.4726 
0.3201 
0.3742 
0.3648 
0.2669 
0.2495 
0.4727 
0.4369 
0.3204 
0.2607 
0.5392 
0.3582 
0.3989 
0.4874 
0.4942 
0.3756 
0.3934 
0.3351 
0.3354 
0.4105 
0.3620 
0.3139 
0.2708 
0.3965 
0.3471 
0.4665 
0.3496 
0.3829 
0.3671 
0.3394 
0.4134 
0.2228 
0.2877 
0.3876 
0.4703 
0.4271 
0.4238 
0.4038 
0.4290 
0.3860 
0.4209 
0.3303 
0.4750 
0.2322 
0.4422 
0.3838 
0.3775 
0.4617 
0.2365 
0.3788 
0.3113 
0.4612 
0.4203 
0.3816 
0.4187 
0.2271 
0.4151 
0.4353 
0.2870 
0.3896 
0.4274 
0.4062 
0.4588 
0.3186 
0.4447 
0.2702 
0.3220 
0.4686 
0.3041 
0.4498 
0.2410 
0.3084 
0.4425 
0.4541 
0.4645 
0.2440 
0.2801 
0.3337 
0.3045 
