../../problems/clp/benchs/BRwp-0.5-0.5/BR1.txt -i 1 --min_fr=1.0 0.531200 0.747500
../../problems/clp/benchs/BRwp-0.5-0.5/BR1.txt -i 6 --min_fr=1.0 0.450200 0.931400
../../problems/clp/benchs/BRwp-0.5-0.5/BR1.txt -i 11 --min_fr=1.0 0.689500 0.864900
../../problems/clp/benchs/BRwp-0.5-0.5/BR1.txt -i 13 --min_fr=1.0 0.260000 0.718700
../../problems/clp/benchs/BRwp-0.5-0.5/BR1.txt -i 15 --min_fr=1.0 0.324300 0.668300
../../problems/clp/benchs/BRwp-0.5-0.5/BR1.txt -i 16 --min_fr=1.0 0.585700 0.891000
../../problems/clp/benchs/BRwp-0.5-0.5/BR1.txt -i 17 --min_fr=1.0 0.396900 0.551200
../../problems/clp/benchs/BRwp-0.5-0.5/BR1.txt -i 18 --min_fr=1.0 0.269600 0.615500
../../problems/clp/benchs/BRwp-0.5-0.5/BR2.txt -i 0 --min_fr=1.0 0.609500 0.911800
../../problems/clp/benchs/BRwp-0.5-0.5/BR2.txt -i 1 --min_fr=1.0 0.621800 0.867500
../../problems/clp/benchs/BRwp-0.5-0.5/BR2.txt -i 6 --min_fr=1.0 0.704200 0.922500
../../problems/clp/benchs/BRwp-0.5-0.5/BR2.txt -i 7 --min_fr=1.0 0.664700 0.917900
../../problems/clp/benchs/BRwp-0.5-0.5/BR2.txt -i 9 --min_fr=1.0 0.446200 0.742900
../../problems/clp/benchs/BRwp-0.5-0.5/BR2.txt -i 12 --min_fr=1.0 0.372600 0.723100
../../problems/clp/benchs/BRwp-0.5-0.5/BR2.txt -i 13 --min_fr=1.0 0.574800 0.773300
../../problems/clp/benchs/BRwp-0.5-0.5/BR2.txt -i 14 --min_fr=1.0 0.577800 0.774800
../../problems/clp/benchs/BRwp-0.5-0.5/BR2.txt -i 16 --min_fr=1.0 0.337500 0.941600
../../problems/clp/benchs/BRwp-0.5-0.5/BR3.txt -i 1 --min_fr=1.0 0.461900 0.684500
../../problems/clp/benchs/BRwp-0.5-0.5/BR3.txt -i 3 --min_fr=1.0 0.603900 0.735600
../../problems/clp/benchs/BRwp-0.5-0.5/BR3.txt -i 4 --min_fr=1.0 0.590200 0.786600
../../problems/clp/benchs/BRwp-0.5-0.5/BR3.txt -i 5 --min_fr=1.0 0.517400 0.748200
../../problems/clp/benchs/BRwp-0.5-0.5/BR3.txt -i 6 --min_fr=1.0 0.523000 0.742500
../../problems/clp/benchs/BRwp-0.5-0.5/BR3.txt -i 15 --min_fr=1.0 0.478200 0.843300
../../problems/clp/benchs/BRwp-0.5-0.5/BR3.txt -i 16 --min_fr=1.0 0.660000 0.796400
../../problems/clp/benchs/BRwp-0.5-0.5/BR3.txt -i 17 --min_fr=1.0 0.618300 0.760400
../../problems/clp/benchs/BRwp-0.5-0.5/BR4.txt -i 1 --min_fr=1.0 0.561600 0.839300
../../problems/clp/benchs/BRwp-0.5-0.5/BR4.txt -i 4 --min_fr=1.0 0.526100 0.644800
../../problems/clp/benchs/BRwp-0.5-0.5/BR4.txt -i 8 --min_fr=1.0 0.561900 0.685300
../../problems/clp/benchs/BRwp-0.5-0.5/BR4.txt -i 9 --min_fr=1.0 0.446800 0.802900
../../problems/clp/benchs/BRwp-0.5-0.5/BR4.txt -i 10 --min_fr=1.0 0.521600 0.741300
../../problems/clp/benchs/BRwp-0.5-0.5/BR4.txt -i 13 --min_fr=1.0 0.541100 0.816300
../../problems/clp/benchs/BRwp-0.5-0.5/BR4.txt -i 15 --min_fr=1.0 0.544300 0.664600
../../problems/clp/benchs/BRwp-0.5-0.5/BR4.txt -i 17 --min_fr=1.0 0.530600 0.755700
../../problems/clp/benchs/BRwp-0.5-0.5/BR5.txt -i 0 --min_fr=1.0 0.450200 0.743000
../../problems/clp/benchs/BRwp-0.5-0.5/BR5.txt -i 1 --min_fr=1.0 0.531400 0.659800
../../problems/clp/benchs/BRwp-0.5-0.5/BR5.txt -i 2 --min_fr=1.0 0.563700 0.810900
../../problems/clp/benchs/BRwp-0.5-0.5/BR5.txt -i 3 --min_fr=1.0 0.663700 0.842700
../../problems/clp/benchs/BRwp-0.5-0.5/BR5.txt -i 4 --min_fr=1.0 0.438100 0.759900
../../problems/clp/benchs/BRwp-0.5-0.5/BR5.txt -i 7 --min_fr=1.0 0.526200 0.683400
../../problems/clp/benchs/BRwp-0.5-0.5/BR5.txt -i 9 --min_fr=1.0 0.519800 0.708100
../../problems/clp/benchs/BRwp-0.5-0.5/BR5.txt -i 10 --min_fr=1.0 0.502500 0.762700
../../problems/clp/benchs/BRwp-0.5-0.5/BR5.txt -i 11 --min_fr=1.0 0.492300 0.660400
../../problems/clp/benchs/BRwp-0.5-0.5/BR5.txt -i 13 --min_fr=1.0 0.643400 0.779100
../../problems/clp/benchs/BRwp-0.5-0.5/BR5.txt -i 17 --min_fr=1.0 0.615300 0.761100
../../problems/clp/benchs/BRwp-0.5-0.5/BR6.txt -i 3 --min_fr=1.0 0.577000 0.759100
../../problems/clp/benchs/BRwp-0.5-0.5/BR6.txt -i 4 --min_fr=1.0 0.627900 0.764600
../../problems/clp/benchs/BRwp-0.5-0.5/BR6.txt -i 7 --min_fr=1.0 0.578700 0.782700
../../problems/clp/benchs/BRwp-0.5-0.5/BR6.txt -i 9 --min_fr=1.0 0.517800 0.659500
../../problems/clp/benchs/BRwp-0.5-0.5/BR6.txt -i 12 --min_fr=1.0 0.544900 0.703400
../../problems/clp/benchs/BRwp-0.5-0.5/BR6.txt -i 14 --min_fr=1.0 0.437500 0.628600
../../problems/clp/benchs/BRwp-0.5-0.5/BR6.txt -i 15 --min_fr=1.0 0.573200 0.753200
../../problems/clp/benchs/BRwp-0.5-0.5/BR6.txt -i 17 --min_fr=1.0 0.590500 0.784300
../../problems/clp/benchs/BRwp-0.5-0.5/BR6.txt -i 18 --min_fr=1.0 0.533100 0.714200
../../problems/clp/benchs/BRwp-0.5-0.5/BR7.txt -i 3 --min_fr=1.0 0.600000 0.771300
../../problems/clp/benchs/BRwp-0.5-0.5/BR7.txt -i 5 --min_fr=1.0 0.580900 0.717800
../../problems/clp/benchs/BRwp-0.5-0.5/BR7.txt -i 7 --min_fr=1.0 0.534500 0.682200
../../problems/clp/benchs/BRwp-0.5-0.5/BR7.txt -i 12 --min_fr=1.0 0.578900 0.718400
../../problems/clp/benchs/BRwp-0.5-0.5/BR7.txt -i 15 --min_fr=1.0 0.517900 0.642600
../../problems/clp/benchs/BRwp-0.5-0.5/BR7.txt -i 17 --min_fr=1.0 0.556100 0.691000
../../problems/clp/benchs/BRwp-0.5-0.5/BR7.txt -i 18 --min_fr=1.0 0.440400 0.687600
../../problems/clp/benchs/BRwp-0.5-0.5/BR8.txt -i 5 --min_fr=0.98 0.377800 0.510900
../../problems/clp/benchs/BRwp-0.5-0.5/BR8.txt -i 10 --min_fr=0.98 0.379000 0.507800
../../problems/clp/benchs/BRwp-0.5-0.5/BR8.txt -i 11 --min_fr=0.98 0.489000 0.607300
../../problems/clp/benchs/BRwp-0.5-0.5/BR9.txt -i 6 --min_fr=0.98 0.442900 0.586200
../../problems/clp/benchs/BRwp-0.5-0.5/BR9.txt -i 16 --min_fr=0.98 0.434700 0.540400
../../problems/clp/benchs/BRwp-0.5-0.5/BR10.txt -i 4 --min_fr=0.98 0.458900 0.591300
../../problems/clp/benchs/BRwp-0.5-0.5/BR11.txt -i 12 --min_fr=0.98 0.414100 0.497700
../../problems/clp/benchs/BRwp-0.5-0.5/BR13.txt -i 3 --min_fr=0.98 0.448400 0.538600
../../problems/clp/benchs/BRwp-1.0-0.5/BR1.txt -i 17 --min_fr=1.0 0.557900 0.889600
