0.6695 
0.6683 
0.5886 
0.6252 
0.7041 
0.6298 
0.6348 
0.6167 
0.6760 
0.6385 
0.6220 
0.6242 
0.5641 
0.5873 
0.6362 
0.7027 
0.5780 
0.6622 
0.7027 
0.5927 
0.7049 
0.6153 
0.7083 
0.6484 
0.6793 
0.5899 
0.6475 
0.5904 
0.6549 
0.6822 
0.6975 
0.6194 
0.6078 
0.6295 
0.6393 
0.5934 
0.5944 
0.6524 
0.6418 
0.6347 
0.6602 
0.6963 
0.6134 
0.6683 
0.6885 
0.6253 
0.6842 
0.6150 
0.5575 
0.6389 
0.6381 
0.6596 
0.6438 
0.5830 
0.6451 
0.6597 
0.6591 
0.6085 
0.6436 
0.6518 
0.6519 
0.5734 
0.6180 
0.6327 
0.6731 
0.6476 
0.6372 
0.6826 
0.6599 
0.6311 
0.5901 
0.5788 
0.6050 
0.6197 
0.6757 
0.6538 
0.5755 
0.7464 
0.6694 
0.6343 
0.7338 
0.6545 
0.6495 
0.6132 
0.6298 
0.6384 
0.6372 
0.6308 
0.6823 
0.7013 
0.6069 
0.6417 
0.5975 
0.6786 
0.5983 
0.6887 
0.6154 
0.6574 
0.6287 
0.6157 
0.9382 
0.9421 
0.9456 
0.9425 
0.9547 
0.9232 
0.9557 
0.9437 
0.9379 
0.9384 
0.9423 
0.9500 
0.9345 
0.9346 
0.9532 
0.9400 
0.9549 
0.9491 
0.9400 
0.9539 
0.9476 
0.9419 
0.9362 
0.9505 
0.9437 
0.9546 
0.9532 
0.9486 
0.9302 
0.9498 
0.9183 
0.9373 
0.9291 
0.9385 
0.9441 
0.9365 
0.9266 
0.9360 
0.9469 
0.9504 
0.9441 
0.9479 
0.9459 
0.9489 
0.9350 
0.9380 
0.9578 
0.9439 
0.9329 
0.9521 
0.9478 
0.9427 
0.9322 
0.9410 
0.9380 
0.9477 
0.9468 
0.9484 
0.9229 
0.9512 
0.9329 
0.9457 
0.9492 
0.9495 
0.9350 
0.9320 
0.9360 
0.9551 
0.9390 
0.9524 
0.9395 
0.9471 
0.9513 
0.9518 
0.9505 
0.9467 
0.9376 
0.9466 
0.9306 
0.9478 
0.9509 
0.9426 
0.9439 
0.9324 
0.9458 
0.9470 
0.9477 
0.9433 
0.9466 
0.9400 
0.9402 
0.9424 
0.9444 
0.9364 
0.9557 
0.9526 
0.9457 
0.9346 
0.9524 
0.9379 
0.8339 
0.7619 
0.7341 
0.8182 
0.7558 
0.7744 
0.7813 
0.8121 
0.8894 
0.7815 
0.7147 
0.8199 
0.8156 
0.8170 
0.8033 
0.8625 
0.7217 
0.7555 
0.8625 
0.7966 
0.8238 
0.8199 
0.7866 
0.7740 
0.8710 
0.7791 
0.8140 
0.8732 
0.7458 
0.7866 
0.8830 
0.8128 
0.7684 
0.8282 
0.8024 
0.7648 
0.7831 
0.8160 
0.8402 
0.7830 
0.8026 
0.7722 
0.8070 
0.7997 
0.8168 
0.7922 
0.8269 
0.7720 
0.8249 
0.7818 
0.7958 
0.8172 
0.7490 
0.7534 
0.7985 
0.8546 
0.8312 
0.8749 
0.7778 
0.8134 
0.7932 
0.8203 
0.8266 
0.7944 
0.7751 
0.8147 
0.7528 
0.7998 
0.8205 
0.8420 
0.7643 
0.7932 
0.8226 
0.7913 
0.7951 
0.7609 
0.7309 
0.7620 
0.8154 
0.7839 
0.7805 
0.8185 
0.8127 
0.8057 
0.8635 
0.7624 
0.8336 
0.8030 
0.7920 
0.7608 
0.7447 
0.7793 
0.8098 
0.7171 
0.7988 
0.8387 
0.7155 
0.8268 
0.7635 
0.7632 
0.6272 
0.6424 
0.6340 
0.7130 
0.6168 
0.6733 
0.6762 
0.6981 
0.6447 
0.6918 
0.7416 
0.6546 
0.6834 
0.6709 
0.6517 
0.6208 
0.6903 
0.7333 
0.6208 
0.6693 
0.6838 
0.7447 
0.7128 
0.6591 
0.7163 
0.6506 
0.7231 
0.7410 
0.6739 
0.6259 
0.7269 
0.7327 
0.6056 
0.6938 
0.5898 
0.6355 
0.6632 
0.6557 
0.6746 
0.6045 
0.7043 
0.6546 
0.6531 
0.6266 
0.6676 
0.6533 
0.6646 
0.7852 
0.6715 
0.7157 
0.7129 
0.6494 
0.7220 
0.6157 
0.6192 
0.5883 
0.7346 
0.6913 
0.7202 
0.6863 
0.6402 
0.6232 
0.6607 
0.7128 
0.6255 
0.6950 
0.5306 
0.7064 
0.7096 
0.6985 
0.6900 
0.6696 
0.6728 
0.6311 
0.6948 
0.6147 
0.6777 
0.6154 
0.7074 
0.6936 
0.6876 
0.6183 
0.6792 
0.7087 
0.6779 
0.6059 
0.7035 
0.6731 
0.6579 
0.6382 
0.6181 
0.6856 
0.6403 
0.6543 
0.6438 
0.7122 
0.6540 
0.6777 
0.7205 
0.6257 
0.9136 
0.9447 
0.9306 
0.9237 
0.9311 
0.9198 
0.9142 
0.9128 
0.9175 
0.9312 
0.9155 
0.9212 
0.9319 
0.9470 
0.9133 
0.9308 
0.9146 
0.9358 
0.9308 
0.9303 
0.9175 
0.9154 
0.9118 
0.9354 
0.9344 
0.9286 
0.9096 
0.9366 
0.9221 
0.9340 
0.9242 
0.9131 
0.9010 
0.9480 
0.9144 
0.9355 
0.9278 
0.9295 
0.9396 
0.9378 
0.9143 
0.9208 
0.9164 
0.9232 
0.9345 
0.8926 
0.9217 
0.9179 
0.9016 
0.8990 
0.9380 
0.9309 
0.9288 
0.9299 
0.9186 
0.9084 
0.9315 
0.9329 
0.9156 
0.9298 
0.9315 
0.9338 
0.9315 
0.9231 
0.9309 
0.9306 
0.9155 
0.8994 
0.8998 
0.9354 
0.9328 
0.9366 
0.9230 
0.8987 
0.9358 
0.9327 
0.9104 
0.9203 
0.9152 
0.9309 
0.9321 
0.9190 
0.9334 
0.9352 
0.9218 
0.9255 
0.9266 
0.9315 
0.9068 
0.9272 
0.9341 
0.9284 
0.9320 
0.9216 
0.9174 
0.9448 
0.9277 
0.9309 
0.9416 
0.9198 
0.9171 
0.9188 
0.9315 
0.9330 
0.9351 
0.9419 
0.9229 
0.9253 
0.9306 
0.9279 
0.9370 
0.9323 
0.9210 
0.9146 
0.9200 
0.9327 
0.9328 
0.9266 
0.9327 
0.9139 
0.9307 
0.9327 
0.9126 
0.9263 
0.9315 
0.9273 
0.9384 
0.9376 
0.9305 
0.9290 
0.9247 
0.9357 
0.9346 
0.9253 
0.9404 
0.9181 
0.9366 
0.9172 
0.9296 
0.9267 
0.9281 
0.9264 
0.9038 
0.9297 
0.9291 
0.9319 
0.9374 
0.9403 
0.9041 
0.9171 
0.9378 
0.9180 
0.9455 
0.9336 
0.9270 
0.9395 
0.9386 
0.9498 
0.9219 
0.9310 
0.9422 
0.9315 
0.9196 
0.9442 
0.9139 
0.9131 
0.9429 
0.9372 
0.9280 
0.9164 
0.9389 
0.9406 
0.9178 
0.8989 
0.9281 
0.9295 
0.9230 
0.9409 
0.9280 
0.9010 
0.9277 
0.9254 
0.9315 
0.9379 
0.9301 
0.9265 
0.9372 
0.9341 
0.9323 
0.9283 
0.9379 
0.9289 
0.9379 
0.9433 
0.9376 
0.9285 
0.9375 
0.9297 
0.9343 
0.9383 
0.7299 
0.7603 
0.7418 
0.7187 
0.7026 
0.6883 
0.7560 
0.7242 
0.7007 
0.7333 
0.6861 
0.6639 
0.6856 
0.7440 
0.7294 
0.6860 
0.7328 
0.7352 
0.6860 
0.6993 
0.7140 
0.7695 
0.7526 
0.6816 
0.7575 
0.6273 
0.6813 
0.7670 
0.7076 
0.7143 
0.7748 
0.6413 
0.7507 
0.7251 
0.6927 
0.6722 
0.7677 
0.6592 
0.7461 
0.6681 
0.7462 
0.6983 
0.7308 
0.7165 
0.7859 
0.6815 
0.7269 
0.6916 
0.7218 
0.7151 
0.7266 
0.7600 
0.7360 
0.7050 
0.6902 
0.7109 
0.7430 
0.6592 
0.7024 
0.6084 
0.7242 
0.6645 
0.7338 
0.6818 
0.6683 
0.7158 
0.7347 
0.7385 
0.6773 
0.7195 
0.7650 
0.6420 
0.6402 
0.6964 
0.7129 
0.6577 
0.7040 
0.7510 
0.7082 
0.7532 
0.7522 
0.7052 
0.7157 
0.7498 
0.7326 
0.7466 
0.6869 
0.7428 
0.6732 
0.7366 
0.7667 
0.6612 
0.7199 
0.6911 
0.6597 
0.6957 
0.7475 
0.6252 
0.7846 
0.6834 
0.9479 
0.9327 
0.9103 
0.9313 
0.9457 
0.9410 
0.9466 
0.9396 
0.9473 
0.8614 
0.9286 
0.9291 
0.9400 
0.9376 
0.8916 
0.9592 
0.9146 
0.9252 
0.9592 
0.9351 
0.9514 
0.9384 
0.9504 
0.9240 
0.9126 
0.9187 
0.9251 
0.9236 
0.8927 
0.9231 
0.9189 
0.9409 
0.9279 
0.9324 
0.9290 
0.9323 
0.9158 
0.9003 
0.9507 
0.9237 
0.9466 
0.9438 
0.9364 
0.9394 
0.9435 
0.9309 
0.9487 
0.9460 
0.9528 
0.9542 
0.9330 
0.9438 
0.9226 
0.8924 
0.9529 
0.9403 
0.9511 
0.9464 
0.9458 
0.9373 
0.9235 
0.9567 
0.9037 
0.9294 
0.9375 
0.9262 
0.9283 
0.9397 
0.9570 
0.9150 
0.9334 
0.9349 
0.9555 
0.9398 
0.9223 
0.9198 
0.9423 
0.9316 
0.9247 
0.9289 
0.9556 
0.9378 
0.9338 
0.9249 
0.9237 
0.9341 
0.9329 
0.9466 
0.9363 
0.9042 
0.9036 
0.9346 
0.9400 
0.9196 
0.9629 
0.9204 
0.9055 
0.9314 
0.9381 
0.9099 
0.9391 
0.9321 
0.9365 
0.9219 
0.9136 
0.9471 
0.9431 
0.9204 
0.9339 
0.9252 
0.9228 
0.9245 
0.9440 
0.9220 
0.9431 
0.9390 
0.9307 
0.9301 
0.9355 
0.9402 
0.9449 
0.9329 
0.9426 
0.9388 
0.9313 
0.9484 
0.9391 
0.9320 
0.9321 
0.9343 
0.9422 
0.9511 
0.9219 
0.9270 
0.9319 
0.9381 
0.9337 
0.9254 
0.9270 
0.9347 
0.9284 
0.9305 
0.9303 
0.9385 
0.9090 
0.9279 
0.9544 
0.9162 
0.9215 
0.9415 
0.9370 
0.9284 
0.9266 
0.9301 
0.9353 
0.9272 
0.9305 
0.9425 
0.9352 
0.9180 
0.9436 
0.9377 
0.9482 
0.9240 
0.9552 
0.9484 
0.9231 
0.9320 
0.9158 
0.9332 
0.9364 
0.9394 
0.9375 
0.9299 
0.9358 
0.9354 
0.9257 
0.9209 
0.9320 
0.9249 
0.9418 
0.9217 
0.9408 
0.9462 
0.9268 
0.9202 
0.9302 
0.9109 
0.9344 
0.9377 
0.9243 
0.9361 
0.9235 
0.9289 
0.9281 
0.9300 
0.9300 
0.9475 
0.9375 
0.9371 
0.9411 
0.9402 
0.9442 
0.9275 
0.9244 
0.9351 
0.9348 
0.9238 
0.9485 
0.9307 
0.9379 
0.9235 
0.9025 
0.9348 
0.9272 
0.9313 
0.9313 
0.9390 
0.8823 
0.9396 
0.9359 
0.9386 
0.9389 
0.9135 
0.9331 
0.9429 
0.9401 
0.9094 
0.9266 
0.9142 
0.9395 
0.9390 
0.9314 
0.9428 
0.8923 
0.9247 
0.9276 
0.9351 
0.9416 
0.9540 
0.9205 
0.9376 
0.9396 
0.9378 
0.9414 
0.9420 
0.9385 
0.9465 
0.9182 
0.9248 
0.9390 
0.9170 
0.9365 
0.9403 
0.9352 
0.9475 
0.9263 
0.9039 
0.9491 
0.9338 
0.9140 
0.9224 
0.9300 
0.9313 
0.9341 
0.9452 
0.9342 
0.9163 
0.9250 
0.9535 
0.9319 
0.9295 
0.9354 
0.9385 
0.9385 
0.9355 
0.9127 
0.9376 
0.9448 
0.9207 
0.9356 
0.9423 
0.9067 
0.9211 
0.9251 
0.9240 
0.9219 
0.9267 
0.9327 
0.9398 
0.9315 
0.9167 
0.9168 
0.9298 
0.9411 
0.9330 
0.9442 
0.9406 
0.9368 
0.9381 
0.9486 
0.9321 
0.9520 
0.9338 
0.9250 
0.9363 
0.9407 
0.9377 
0.9542 
0.9403 
0.9399 
0.9292 
0.9577 
0.9369 
0.9256 
0.9489 
0.9468 
0.9458 
0.9489 
0.9260 
0.9201 
0.9548 
0.9551 
0.9370 
0.9395 
0.9265 
0.9389 
0.9360 
0.9365 
0.9292 
0.9503 
0.9385 
0.9388 
0.9371 
0.9394 
0.9460 
0.9539 
0.9467 
0.9389 
0.9483 
0.9412 
0.9247 
0.9587 
0.9396 
0.9455 
0.9373 
0.9349 
0.9266 
0.9368 
0.9364 
0.9237 
0.9326 
0.9216 
0.9464 
0.9335 
0.9430 
0.9527 
0.9241 
0.9210 
0.9317 
0.9456 
0.9234 
0.9262 
0.9387 
0.9337 
0.9510 
0.9468 
0.9384 
0.9373 
0.9265 
0.9212 
0.9292 
0.9190 
0.9471 
0.9327 
0.9389 
0.9388 
0.9381 
0.9498 
0.9188 
0.9438 
0.9393 
0.9351 
0.9071 
0.9423 
0.9449 
0.9287 
0.9437 
0.9321 
0.9395 
0.9550 
0.9322 
0.9395 
0.9236 
0.9384 
0.9082 
0.9252 
0.9256 
0.9487 
0.9258 
