0.6695 1 0.6695 3
0.6683 1 0.6683 3
0.5886 1 0.5886 2
0.6252 1 0.6252 3
0.7041 1 0.7041 3
0.6298 1 0.6298 5
0.6348 1 0.6348 5
0.6167 1 0.6167 4
0.676 1 0.676 5
0.6385 1 0.6385 6
0.622 1 0.622 5
0.6242 1 0.6242 3
0.5641 1 0.5641 4
0.5873 1 0.5873 1
0.6362 1 0.6362 1
0.7027 1 0.7027 2
0.578 1 0.578 4
0.6622 1 0.6622 3
0.7027 1 0.7027 2
0.5927 1 0.5927 3
0.7049 1 0.7049 4
0.6153 1 0.6153 4
0.7083 1 0.7083 5
0.6484 1 0.6484 6
0.6793 1 0.6793 4
0.5899 1 0.5899 4
0.6475 1 0.6475 1
0.5904 1 0.5904 2
0.6549 1 0.6549 3
0.6822 1 0.6822 4
0.6975 1 0.6975 2
0.6194 1 0.6194 3
0.6078 1 0.6078 3
0.6295 1 0.6295 2
0.6393 1 0.6393 6
0.5934 1 0.5934 4
0.5944 1 0.5944 2
0.6524 1 0.6524 1
0.6418 1 0.6418 2
0.6347 1 0.6347 6
0.6602 1 0.6602 2
0.6963 1 0.6963 3
0.6134 1 0.6134 2
0.6683 1 0.6683 2
0.6885 1 0.6885 4
0.6253 1 0.6253 2
0.6842 1 0.6842 6
0.615 1 0.615 5
0.5575 1 0.5575 2
0.6389 1 0.6389 3
0.6381 1 0.6381 5
0.6596 1 0.6596 3
0.6438 1 0.6438 3
0.583 1 0.583 4
0.6451 1 0.6451 4
0.6597 1 0.6597 3
0.6591 1 0.6591 4
0.6085 1 0.6085 4
0.6436 1 0.6436 4
0.6518 1 0.6518 6
0.6519 1 0.6519 3
0.5734 1 0.5734 5
0.618 1 0.618 3
0.6327 1 0.6327 7
0.6731 1 0.6731 4
0.6476 1 0.6476 1
0.6372 1 0.6372 4
0.6826 1 0.6826 4
0.6599 1 0.6599 5
0.6311 1 0.6311 4
0.5901 1 0.5901 2
0.5788 1 0.5788 2
0.605 1 0.605 3
0.6197 1 0.6197 2
0.6757 1 0.6757 3
0.6538 1 0.6538 3
0.5755 1 0.5755 4
0.7464 1 0.7464 2
0.6694 1 0.6694 3
0.6343 1 0.6343 4
0.7338 1 0.7338 5
0.6545 1 0.6545 4
0.6495 1 0.6495 5
0.6132 1 0.6132 4
0.6298 1 0.6298 3
0.6384 1 0.6384 3
0.6372 1 0.6372 3
0.6308 1 0.6308 5
0.6823 1 0.6823 5
0.7013 1 0.7013 3
0.6069 1 0.6069 2
0.6417 1 0.6417 2
0.5975 1 0.5975 1
0.6786 1 0.6786 2
0.5983 1 0.5983 5
0.6887 1 0.6887 3
0.6154 1 0.6154 1
0.6574 1 0.6574 4
0.6287 1 0.6287 3
0.6157 1 0.6157 2
0.9382 1 0.9382 7
0.9421 1 0.9421 3
0.9456 1 0.9456 7
0.9425 1 0.9425 6
0.9548 1 0.9547 13
0.9232 1 0.9232 6
0.956 1 0.9557 9
0.9437 1 0.9437 4
0.9379 1 0.9379 6
0.9384 1 0.9384 7
0.9423 1 0.9423 6
0.9501 1 0.95 10
0.9347 1 0.9345 11
0.9346 1 0.9346 7
0.9532 1 0.9532 6
0.94 1 0.94 3
0.9552 1 0.9549 9
0.9491 1 0.9491 3
0.94 1 0.94 3
0.9539 1 0.9539 4
0.9477 1 0.9476 15
0.9422 1 0.9419 12
0.9363 1 0.9362 5
0.9506 1 0.9505 10
0.9461 1 0.9437 20
0.9557 1 0.9546 9
0.9532 1 0.9532 4
0.9486 1 0.9486 6
0.9302 1 0.9302 5
0.9501 1 0.9498 10
0.9183 1 0.9183 4
0.9384 1 0.9373 8
0.9291 1 0.9291 3
0.9385 1 0.9385 5
0.9441 1 0.9441 10
0.9366 1 0.9365 11
0.9266 1 0.9266 9
0.936 1 0.936 6
0.9469 1 0.9469 6
0.9508 1 0.9504 14
0.9441 1 0.9441 7
0.948 1 0.9479 5
0.946 1 0.9459 12
0.9489 1 0.9489 6
0.935 1 0.935 6
0.9381 1 0.938 12
0.958 1 0.9578 8
0.9439 1 0.9439 8
0.9329 1 0.9329 3
0.9522 1 0.9521 7
0.948 1 0.9478 13
0.9428 1 0.9427 4
0.9324 1 0.9322 9
0.9411 1 0.941 10
0.94 1 0.938 18
0.9477 1 0.9477 3
0.9468 1 0.9468 3
0.9484 1 0.9484 5
0.9229 1 0.9229 5
0.9513 1 0.9512 10
0.9329 1 0.9329 10
0.9457 1 0.9457 4
0.9492 1 0.9492 8
0.9495 1 0.9495 8
0.935 1 0.935 5
0.932 1 0.932 7
0.936 1 0.936 6
0.9551 1 0.9551 7
0.9392 1 0.939 11
0.9524 1 0.9524 8
0.9395 1 0.9395 3
0.9477 1 0.9471 17
0.9513 1 0.9513 5
0.952 1 0.9518 9
0.9506 1 0.9505 9
0.9467 1 0.9467 8
0.9376 1 0.9376 3
0.9466 1 0.9466 9
0.9307 1 0.9306 12
0.9495 1 0.9478 22
0.9512 1 0.9509 11
0.9426 1 0.9426 1
0.944 1 0.9439 8
0.9325 1 0.9324 7
0.9459 1 0.9458 9
0.9471 1 0.947 9
0.9477 1 0.9477 5
0.9433 1 0.9433 6
0.9478 1 0.9466 17
0.9403 1 0.94 10
0.9402 1 0.9402 6
0.9424 1 0.9424 9
0.9445 1 0.9444 14
0.9364 1 0.9364 6
0.9558 1 0.9557 12
0.9526 1 0.9526 7
0.9457 1 0.9457 3
0.9347 1 0.9346 5
0.9524 1 0.9524 9
0.9379 1 0.9379 6
0.8339 1 0.8339 5
0.7619 1 0.7619 5
0.7341 1 0.7341 4
0.8182 1 0.8182 2
0.7558 1 0.7558 3
0.7744 1 0.7744 5
0.7813 1 0.7813 4
0.8121 1 0.8121 3
0.8894 1 0.8894 5
0.7815 1 0.7815 2
0.7147 1 0.7147 4
0.8199 1 0.8199 3
0.8156 1 0.8156 5
0.817 1 0.817 3
0.8033 1 0.8033 5
0.8625 1 0.8625 4
0.7217 1 0.7217 3
0.7555 1 0.7555 5
0.8625 1 0.8625 4
0.7966 1 0.7966 4
0.8238 1 0.8238 3
0.8201 1 0.8199 5
0.7866 1 0.7866 4
0.774 1 0.774 7
0.871 1 0.871 2
0.7791 1 0.7791 4
0.814 1 0.814 4
0.8732 1 0.8732 4
0.7458 1 0.7458 5
0.7866 1 0.7866 3
0.883 1 0.883 1
0.8128 1 0.8128 3
0.7684 1 0.7684 3
0.8282 1 0.8282 4
0.8024 1 0.8024 4
0.7648 1 0.7648 4
0.7831 1 0.7831 3
0.816 1 0.816 7
0.8402 1 0.8402 3
0.783 1 0.783 3
0.8026 1 0.8026 2
0.7722 1 0.7722 6
0.807 1 0.807 7
0.7997 1 0.7997 5
0.8168 1 0.8168 3
0.7922 1 0.7922 1
0.8269 1 0.8269 2
0.772 1 0.772 2
0.8249 1 0.8249 4
0.7818 1 0.7818 4
0.7958 1 0.7958 1
0.8172 1 0.8172 3
0.749 1 0.749 4
0.7534 1 0.7534 4
0.7985 1 0.7985 4
0.8546 1 0.8546 4
0.8312 1 0.8312 2
0.8749 1 0.8749 1
0.7778 1 0.7778 3
0.8134 1 0.8134 4
0.7932 1 0.7932 3
0.8203 1 0.8203 4
0.8266 1 0.8266 5
0.7944 1 0.7944 3
0.7751 1 0.7751 5
0.8147 1 0.8147 3
0.7528 1 0.7528 4
0.7998 1 0.7998 4
0.8205 1 0.8205 3
0.842 1 0.842 4
0.7643 1 0.7643 1
0.7932 1 0.7932 3
0.8226 1 0.8226 4
0.7913 1 0.7913 4
0.7951 1 0.7951 6
0.7609 1 0.7609 4
0.7309 1 0.7309 4
0.762 1 0.762 6
0.8154 1 0.8154 4
0.7839 1 0.7839 6
0.7805 1 0.7805 2
0.8185 1 0.8185 5
0.8127 1 0.8127 4
0.8057 1 0.8057 2
0.8635 1 0.8635 5
0.7624 1 0.7624 4
0.8336 1 0.8336 3
0.803 1 0.803 4
0.792 1 0.792 8
0.7608 1 0.7608 2
0.7447 1 0.7447 4
0.7793 1 0.7793 6
0.8098 1 0.8098 3
0.7171 1 0.7171 3
0.7988 1 0.7988 4
0.8387 1 0.8387 3
0.7155 1 0.7155 3
0.8268 1 0.8268 5
0.7635 1 0.7635 7
0.7632 1 0.7632 2
0.6272 1 0.6272 5
0.6424 1 0.6424 3
0.634 1 0.634 3
0.713 1 0.713 4
0.6168 1 0.6168 1
0.6733 1 0.6733 4
0.6762 1 0.6762 5
0.6981 1 0.6981 4
0.6447 1 0.6447 2
0.6918 1 0.6918 2
0.7416 1 0.7416 7
0.6546 1 0.6546 4
0.6834 1 0.6834 5
0.6709 1 0.6709 4
0.6517 1 0.6517 5
0.6208 1 0.6208 8
0.6903 1 0.6903 2
0.7333 1 0.7333 3
0.6208 1 0.6208 6
0.6693 1 0.6693 6
0.6838 1 0.6838 5
0.7447 1 0.7447 5
0.7128 1 0.7128 4
0.6591 1 0.6591 3
0.7163 1 0.7163 3
0.6506 1 0.6506 4
0.7232 1 0.7231 4
0.741 1 0.741 8
0.6739 1 0.6739 4
0.6259 1 0.6259 2
0.7269 1 0.7269 4
0.7327 1 0.7327 6
0.6056 1 0.6056 6
0.6938 1 0.6938 2
0.5898 1 0.5898 8
0.6355 1 0.6355 3
0.6632 1 0.6632 5
0.6557 1 0.6557 1
0.6746 1 0.6746 2
0.6045 1 0.6045 4
0.7043 1 0.7043 4
0.6546 1 0.6546 7
0.6531 1 0.6531 3
0.6266 1 0.6266 7
0.6676 1 0.6676 2
0.6533 1 0.6533 2
0.6646 1 0.6646 3
0.7852 1 0.7852 2
0.6715 1 0.6715 5
0.7157 1 0.7157 7
0.7129 1 0.7129 3
0.6494 1 0.6494 2
0.722 1 0.722 6
0.6157 1 0.6157 4
0.6192 1 0.6192 7
0.5883 1 0.5883 3
0.7346 1 0.7346 5
0.6913 1 0.6913 4
0.7202 1 0.7202 3
0.6863 1 0.6863 3
0.6402 1 0.6402 3
0.6232 1 0.6232 3
0.6607 1 0.6607 4
0.7128 1 0.7128 5
0.6255 1 0.6255 2
0.695 1 0.695 2
0.5306 1 0.5306 3
0.7064 1 0.7064 3
0.7096 1 0.7096 4
0.6985 1 0.6985 3
0.69 1 0.69 4
0.6696 1 0.6696 4
0.6728 1 0.6728 3
0.6311 1 0.6311 6
0.6948 1 0.6948 6
0.6147 1 0.6147 4
0.6777 1 0.6777 4
0.6154 1 0.6154 4
0.7074 1 0.7074 3
0.6936 1 0.6936 2
0.6876 1 0.6876 5
0.6183 1 0.6183 6
0.6792 1 0.6792 5
0.7087 1 0.7087 5
0.6779 1 0.6779 3
0.6059 1 0.6059 7
0.7035 1 0.7035 2
0.6731 1 0.6731 1
0.6579 1 0.6579 4
0.6382 1 0.6382 13
0.6181 1 0.6181 1
0.6856 1 0.6856 3
0.6403 1 0.6403 6
0.6543 1 0.6543 9
0.6438 1 0.6438 3
0.7122 1 0.7122 2
0.654 1 0.654 4
0.6777 1 0.6777 4
0.7205 1 0.7205 3
0.6257 1 0.6257 4
0.9136 1 0.9136 3
0.9447 1 0.9447 5
0.9306 1 0.9306 5
0.9237 1 0.9237 8
0.9311 1 0.9311 8
0.9198 1 0.9198 3
0.9142 1 0.9142 5
0.9128 1 0.9128 5
0.9175 1 0.9175 4
0.9312 1 0.9312 5
0.9155 1 0.9155 8
0.9212 1 0.9212 10
0.932 1 0.9319 12
0.947 1 0.947 6
0.9133 1 0.9133 9
0.9308 1 0.9308 2
0.9146 1 0.9146 8
0.936 1 0.9358 12
0.9308 1 0.9308 2
0.9303 1 0.9303 5
0.9175 1 0.9175 3
0.9154 1 0.9154 4
0.9118 1 0.9118 6
0.9354 1 0.9354 2
0.9344 1 0.9344 7
0.9286 1 0.9286 7
0.9096 1 0.9096 5
0.9366 1 0.9366 2
0.9221 1 0.9221 6
0.934 1 0.934 4
0.9242 1 0.9242 7
0.9131 1 0.9131 4
0.901 1 0.901 3
0.948 1 0.948 8
0.9144 1 0.9144 6
0.9356 1 0.9355 6
0.9278 1 0.9278 6
0.9295 1 0.9295 5
0.9396 1 0.9396 2
0.9378 1 0.9378 4
0.9144 1 0.9143 11
0.9208 1 0.9208 5
0.9164 1 0.9164 6
0.9232 1 0.9232 4
0.9345 1 0.9345 6
0.8926 1 0.8926 5
0.9217 1 0.9217 6
0.9179 1 0.9179 6
0.9016 1 0.9016 7
0.899 1 0.899 5
0.9381 1 0.938 9
0.9309 1 0.9309 7
0.9288 1 0.9288 4
0.9299 1 0.9299 5
0.9186 1 0.9186 3
0.9084 1 0.9084 7
0.9315 1 0.9315 7
0.9329 1 0.9329 5
0.9156 1 0.9156 5
0.9298 1 0.9298 6
0.9315 1 0.9315 3
0.9338 1 0.9338 3
0.9315 1 0.9315 6
0.9231 1 0.9231 7
0.9309 1 0.9309 7
0.9306 1 0.9306 5
0.9155 1 0.9155 5
0.8994 1 0.8994 7
0.8998 1 0.8998 4
0.9354 1 0.9354 3
0.9328 1 0.9328 3
0.9366 1 0.9366 8
0.923 1 0.923 5
0.8987 1 0.8987 6
0.9359 1 0.9358 9
0.9327 1 0.9327 8
0.9104 1 0.9104 3
0.9203 1 0.9203 5
0.9152 1 0.9152 10
0.9309 1 0.9309 3
0.9322 1 0.9321 12
0.919 1 0.919 6
0.9334 1 0.9334 5
0.9354 1 0.9352 18
0.9218 1 0.9218 5
0.9255 1 0.9255 11
0.9266 1 0.9266 5
0.9315 1 0.9315 4
0.9068 1 0.9068 5
0.9272 1 0.9272 4
0.9341 1 0.9341 2
0.9284 1 0.9284 5
0.932 1 0.932 4
0.9217 1 0.9216 9
0.9174 1 0.9174 3
0.9448 1 0.9448 4
0.9277 1 0.9277 2
0.9309 1 0.9309 5
0.9416 1 0.9416 10
0.9198 1 0.9198 5
0.921 1 0.9171 11
0.9189 1 0.9188 6
0.9316 1 0.9315 8
0.933 1 0.933 8
0.9351 1 0.9351 7
0.942 1 0.9419 9
0.9229 1 0.9229 10
0.9255 1 0.9253 11
0.9309 1 0.9306 14
0.9279 1 0.9279 12
0.937 1 0.937 9
0.9324 1 0.9323 12
0.921 1 0.921 6
0.9147 1 0.9146 7
0.9201 1 0.92 8
0.9327 1 0.9327 7
0.9328 1 0.9328 5
0.9266 1 0.9266 6
0.9327 1 0.9327 7
0.9139 1 0.9139 5
0.9307 1 0.9307 5
0.9328 1 0.9327 9
0.9126 1 0.9126 7
0.9263 1 0.9263 4
0.9315 1 0.9315 6
0.9273 1 0.9273 6
0.9385 1 0.9384 8
0.9376 1 0.9376 7
0.9309 1 0.9305 13
0.929 1 0.929 8
0.9247 1 0.9247 2
0.9358 1 0.9357 13
0.9347 1 0.9346 5
0.9254 1 0.9253 9
0.9404 1 0.9404 5
0.9181 1 0.9181 8
0.9368 1 0.9366 10
0.9172 1 0.9172 3
0.9296 1 0.9296 11
0.9268 1 0.9267 8
0.9281 1 0.9281 6
0.9264 1 0.9264 5
0.9038 1 0.9038 4
0.9298 1 0.9297 7
0.9292 1 0.9291 9
0.9319 1 0.9319 11
0.9374 1 0.9374 4
0.9403 1 0.9403 6
0.9041 1 0.9041 11
0.9173 1 0.9171 10
0.9378 1 0.9378 4
0.918 1 0.918 6
0.9463 1 0.9455 17
0.9336 1 0.9336 6
0.927 1 0.927 7
0.9396 1 0.9395 14
0.9386 1 0.9386 4
0.9498 1 0.9498 5
0.9219 1 0.9219 5
0.9311 1 0.931 6
0.943 1 0.9422 9
0.9316 1 0.9315 11
0.9198 1 0.9196 5
0.9445 1 0.9442 11
0.9139 1 0.9139 10
0.9139 1 0.9131 16
0.9429 1 0.9429 4
0.9372 1 0.9372 5
0.928 1 0.928 6
0.9164 1 0.9164 8
0.9389 1 0.9389 5
0.9415 1 0.9406 15
0.9178 1 0.9178 4
0.8991 1 0.8989 9
0.9281 1 0.9281 6
0.9301 1 0.9295 12
0.923 1 0.923 3
0.941 1 0.9409 8
0.9289 1 0.928 11
0.9011 1 0.901 11
0.9277 1 0.9277 4
0.9254 1 0.9254 6
0.9315 1 0.9315 4
0.9379 1 0.9379 8
0.9301 1 0.9301 6
0.9267 1 0.9265 9
0.9372 1 0.9372 4
0.9341 1 0.9341 5
0.9323 1 0.9323 7
0.9283 1 0.9283 4
0.9379 1 0.9379 7
0.929 1 0.9289 9
0.9379 1 0.9379 8
0.9435 1 0.9433 10
0.9376 1 0.9376 6
0.9285 1 0.9285 13
0.9375 1 0.9375 8
0.9298 1 0.9297 9
0.9343 1 0.9343 2
0.9385 1 0.9383 8
0.7299 1 0.7299 6
0.7603 1 0.7603 3
0.7418 1 0.7418 3
0.7187 1 0.7187 4
0.7026 1 0.7026 1
0.6883 1 0.6883 3
0.756 1 0.756 3
0.7242 1 0.7242 1
0.7007 1 0.7007 4
0.7333 1 0.7333 4
0.6861 1 0.6861 1
0.6639 1 0.6639 6
0.6856 1 0.6856 4
0.744 1 0.744 7
0.7294 1 0.7294 4
0.686 1 0.686 4
0.7328 1 0.7328 3
0.7352 1 0.7352 3
0.686 1 0.686 4
0.6993 1 0.6993 2
0.714 1 0.714 5
0.7695 1 0.7695 4
0.7526 1 0.7526 5
0.6816 1 0.6816 2
0.7575 1 0.7575 5
0.6273 1 0.6273 3
0.6813 1 0.6813 4
0.767 1 0.767 5
0.7076 1 0.7076 2
0.7143 1 0.7143 3
0.7748 1 0.7748 5
0.6413 1 0.6413 3
0.7507 1 0.7507 3
0.7251 1 0.7251 3
0.6927 1 0.6927 5
0.6722 1 0.6722 5
0.7677 1 0.7677 2
0.6592 1 0.6592 6
0.7461 1 0.7461 4
0.6681 1 0.6681 3
0.7462 1 0.7462 3
0.6983 1 0.6983 2
0.7308 1 0.7308 5
0.7165 1 0.7165 5
0.7859 1 0.7859 5
0.6815 1 0.6815 2
0.7269 1 0.7269 4
0.6916 1 0.6916 4
0.7218 1 0.7218 3
0.7151 1 0.7151 2
0.7266 1 0.7266 3
0.76 1 0.76 2
0.736 1 0.736 4
0.705 1 0.705 4
0.6902 1 0.6902 6
0.7109 1 0.7109 3
0.743 1 0.743 2
0.6592 1 0.6592 3
0.7024 1 0.7024 1
0.6084 1 0.6084 3
0.7242 1 0.7242 1
0.6645 1 0.6645 3
0.7338 1 0.7338 2
0.6818 1 0.6818 5
0.6683 1 0.6683 1
0.7158 1 0.7158 3
0.7347 1 0.7347 3
0.7385 1 0.7385 6
0.6773 1 0.6773 6
0.7195 1 0.7195 4
0.765 1 0.765 2
0.642 1 0.642 3
0.6402 1 0.6402 5
0.6964 1 0.6964 4
0.7129 1 0.7129 4
0.6577 1 0.6577 3
0.704 1 0.704 5
0.751 1 0.751 2
0.7082 1 0.7082 3
0.7532 1 0.7532 6
0.7522 1 0.7522 3
0.7052 1 0.7052 2
0.7157 1 0.7157 4
0.7498 1 0.7498 2
0.7326 1 0.7326 3
0.7466 1 0.7466 4
0.6869 1 0.6869 4
0.7428 1 0.7428 3
0.6732 1 0.6732 6
0.7366 1 0.7366 4
0.7667 1 0.7667 7
0.6612 1 0.6612 3
0.7199 1 0.7199 2
0.6911 1 0.6911 6
0.6597 1 0.6597 2
0.6957 1 0.6957 5
0.7475 1 0.7475 3
0.6252 1 0.6252 2
0.7846 1 0.7846 4
0.6834 1 0.6834 2
0.9481 1 0.9479 10
0.9378 1 0.9327 7
0.9415 1 0.9103 11
0.9326 1 0.9313 7
0.9457 1 0.9457 6
0.9447 1 0.941 13
0.9505 1 0.9466 13
0.9427 1 0.9396 16
0.9494 1 0.9473 10
0.927 0.9342 0.8614 13
0.9338 1 0.9286 14
0.9405 0.9898 0.9291 15
0.9434 1 0.94 15
0.9417 0.9978 0.9376 10
0.9413 0.9492 0.8916 13
0.9601 1 0.9592 10
0.9246 0.9912 0.9146 10
0.9373 1 0.9252 13
0.9601 1 0.9592 10
0.9384 1 0.9351 10
0.9551 1 0.9514 14
0.9412 1 0.9384 13
0.9584 1 0.9504 5
0.93 1 0.924 11
0.9598 0.9528 0.9126 16
0.9217 1 0.9187 8
0.93 0.9999 0.9251 15
0.9266 1 0.9236 17
0.93 0.9606 0.8927 5
0.9234 1 0.9231 14
0.919 1 0.9189 7
0.9411 1 0.9409 8
0.9355 1 0.9279 7
0.9345 1 0.9324 12
0.9312 1 0.929 11
0.9362 1 0.9323 17
0.9445 0.9712 0.9158 8
0.9026 1 0.9003 8
0.9569 1 0.9507 12
0.9507 0.9716 0.9237 5
0.9499 1 0.9466 7
0.9455 0.9999 0.9438 10
0.9396 1 0.9364 12
0.951 1 0.9394 10
0.9465 1 0.9435 6
0.9339 1 0.9309 20
0.9524 1 0.9487 14
0.9507 0.9999 0.946 7
0.9611 0.9951 0.9528 19
0.9593 1 0.9542 16
0.9371 1 0.933 15
0.9478 1 0.9438 14
0.9286 1 0.9226 8
0.9396 0.9533 0.8924 9
0.9568 1 0.9529 10
0.9404 0.9999 0.9403 5
0.953 1 0.9511 8
0.9523 1 0.9464 8
0.9487 1 0.9458 12
0.9434 1 0.9373 13
0.9276 1 0.9235 10
0.9586 1 0.9567 14
0.9222 0.9826 0.9037 15
0.9324 1 0.9294 11
0.9396 1 0.9375 19
0.9316 1 0.9262 9
0.9284 1 0.9283 6
0.9424 1 0.9397 8
0.9623 1 0.957 13
0.9402 0.9732 0.915 1
0.9563 0.9834 0.9334 8
0.9405 1 0.9349 9
0.9613 1 0.9555 14
0.9445 1 0.9398 10
0.9245 1 0.9223 11
0.9219 1 0.9198 13
0.9519 1 0.9423 13
0.9414 1 0.9316 18
0.9275 1 0.9247 9
0.9316 1 0.9289 12
0.9588 1 0.9556 14
0.9398 1 0.9378 9
0.9371 1 0.9338 9
0.9306 1 0.9249 12
0.9287 0.9948 0.9237 4
0.9362 1 0.9341 13
0.9653 1 0.9329 11
0.9543 1 0.9466 16
0.9392 1 0.9363 5
0.9105 1 0.9042 12
0.917 1 0.9036 7
0.9347 1 0.9346 7
0.9451 1 0.94 10
0.9484 1 0.9196 6
0.9686 1 0.9629 10
0.9212 1 0.9204 10
0.9156 0.9931 0.9055 5
0.9428 1 0.9314 10
0.9398 1 0.9381 9
0.9168 1 0.9099 7
0.9455 1 0.9391 16
0.9349 1 0.9321 9
0.9395 1 0.9365 11
0.9281 1 0.9219 11
0.9243 1 0.9136 15
0.9529 1 0.9471 15
0.9479 1 0.9431 14
0.9216 0.9999 0.9204 7
0.9398 1 0.9339 5
0.9291 1 0.9252 13
0.9266 1 0.9228 7
0.9289 1 0.9245 13
0.948 1 0.944 12
0.9262 1 0.922 10
0.9504 1 0.9431 9
0.9437 1 0.939 9
0.9336 1 0.9307 12
0.935 1 0.9301 15
0.9382 1 0.9355 12
0.9468 1 0.9402 14
0.9458 1 0.9449 18
0.9385 1 0.9329 15
0.9473 1 0.9426 14
0.941 1 0.9388 7
0.9359 1 0.9313 11
0.9537 1 0.9484 15
0.9451 1 0.9391 16
0.9395 1 0.932 13
0.942 1 0.9321 13
0.9409 1 0.9343 16
0.9485 1 0.9422 11
0.9553 1 0.9511 12
0.926 1 0.9219 10
0.9381 1 0.927 18
0.9348 1 0.9319 13
0.9418 1 0.9381 12
0.94 1 0.9337 14
0.9309 1 0.9254 13
0.9308 1 0.927 8
0.9385 1 0.9347 15
0.9316 1 0.9284 13
0.9322 1 0.9305 7
0.9345 1 0.9303 12
0.9431 1 0.9385 19
0.9126 1 0.909 10
0.9362 1 0.9279 12
0.9545 1 0.9544 7
0.9207 1 0.9162 13
0.9262 1 0.9215 11
0.9422 1 0.9415 9
0.9435 1 0.937 15
0.9322 1 0.9284 17
0.929 1 0.9266 11
0.9361 1 0.9301 12
0.9413 1 0.9353 10
0.9322 1 0.9272 10
0.9354 1 0.9305 12
0.944 1 0.9425 10
0.9373 1 0.9352 16
0.9247 1 0.918 14
0.9479 0.9999 0.9436 9
0.9422 1 0.9377 15
0.9547 0.9998 0.9482 18
0.9294 1 0.924 17
0.9553 1 0.9552 6
0.9524 1 0.9484 14
0.9292 1 0.9231 12
0.9354 1 0.932 13
0.9158 1 0.9158 4
0.9408 1 0.9332 11
0.942 1 0.9364 12
0.9489 1 0.9394 15
0.9418 1 0.9375 13
0.9367 1 0.9299 13
0.9359 1 0.9358 3
0.9401 1 0.9354 22
0.9313 1 0.9257 17
0.9228 1 0.9209 8
0.9376 1 0.932 11
0.9287 1 0.9249 11
0.9439 1 0.9418 9
0.9257 1 0.9217 15
0.9424 1 0.9408 11
0.9497 1 0.9462 13
0.9332 1 0.9268 17
0.9221 1 0.9202 13
0.9342 1 0.9302 8
0.9189 1 0.9109 19
0.9415 1 0.9344 16
0.95 1 0.9377 19
0.9337 1 0.9243 10
0.9462 1 0.9361 11
0.9282 1 0.9235 14
0.9343 1 0.9289 10
0.9354 0.9987 0.9281 20
0.93 1 0.93 6
0.9338 1 0.93 13
0.9492 1 0.9475 6
0.9434 1 0.9375 18
0.942 1 0.9371 11
0.9421 1 0.9411 17
0.9482 1 0.9402 20
0.9461 1 0.9442 10
0.9292 1 0.9275 18
0.9247 1 0.9244 19
0.9383 1 0.9351 25
0.9399 1 0.9348 17
0.9274 1 0.9238 15
0.9561 1 0.9485 14
0.9311 1 0.9307 13
0.9434 0.9998 0.9379 23
0.9279 1 0.9235 21
0.9027 1 0.9025 11
0.9425 1 0.9348 13
0.9298 1 0.9272 16
0.9313 1 0.9313 6
0.9313 1 0.9313 6
0.9446 1 0.939 22
0.928 0.9602 0.8823 16
0.9427 1 0.9396 13
0.9386 1 0.9359 16
0.9429 1 0.9386 16
0.9434 0.9999 0.9389 12
0.9159 1 0.9135 16
0.935 1 0.9331 14
0.9455 1 0.9429 11
0.9414 1 0.9401 24
0.9116 1 0.9094 16
0.9311 1 0.9266 19
0.915 1 0.9142 13
0.9398 1 0.9395 15
0.9438 0.9998 0.939 29
0.9349 1 0.9314 23
0.9465 1 0.9428 18
0.9405 0.9575 0.8923 17
0.9267 1 0.9247 13
0.9306 1 0.9276 17
0.9374 1 0.9351 11
0.9467 1 0.9416 14
0.9556 1 0.954 15
0.9236 1 0.9205 12
0.9393 1 0.9376 20
0.9416 1 0.9396 10
0.9429 0.9999 0.9378 24
0.9415 1 0.9414 9
0.9421 1 0.942 10
0.9386 1 0.9385 12
0.9476 1 0.9465 14
0.9234 0.9997 0.9182 17
0.9283 1 0.9248 22
0.9413 1 0.939 20
0.9236 1 0.917 18
0.9417 1 0.9365 19
0.9403 1 0.9403 7
0.9358 1 0.9352 11
0.948 1 0.9475 6
0.9293 1 0.9263 16
0.9066 1 0.9039 15
0.9503 1 0.9491 19
0.9377 1 0.9338 17
0.9146 1 0.914 11
0.9228 1 0.9224 10
0.9361 1 0.93 14
0.9324 1 0.9313 22
0.9355 1 0.9341 10
0.9457 1 0.9452 19
0.9379 1 0.9342 11
0.917 1 0.9163 15
0.9279 1 0.925 12
0.9577 1 0.9535 23
0.9344 1 0.9319 12
0.9312 1 0.9295 14
0.9401 1 0.9354 19
0.9434 1 0.9385 13
0.9422 1 0.9385 10
0.9468 1 0.9355 23
0.9137 1 0.9127 11
0.9387 1 0.9376 16
0.9463 1 0.9448 13
0.9231 1 0.9207 17
0.9382 1 0.9356 7
0.9482 1 0.9423 17
0.9103 0.9998 0.9067 14
0.9264 1 0.9211 16
0.9268 1 0.9251 14
0.9281 1 0.924 13
0.9268 1 0.9219 15
0.9283 1 0.9267 12
0.9342 1 0.9327 17
0.9449 0.9991 0.9398 10
0.9325 1 0.9315 12
0.9169 1 0.9167 12
0.9184 1 0.9168 11
0.9348 1 0.9298 21
0.9421 1 0.9411 14
0.9342 1 0.933 16
0.9446 1 0.9442 7
0.9432 1 0.9406 16
0.9459 1 0.9368 22
0.9407 1 0.9381 13
0.9486 1 0.9486 6
0.9321 1 0.9321 5
0.952 1 0.952 7
0.9338 1 0.9338 6
0.925 1 0.925 9
0.9363 1 0.9363 7
0.9408 1 0.9407 7
0.938 1 0.9377 10
0.9558 1 0.9542 20
0.9403 1 0.9403 7
0.9401 1 0.9399 13
0.9292 1 0.9292 5
0.9577 1 0.9577 8
0.9376 1 0.9369 13
0.9257 1 0.9256 7
0.9494 1 0.9489 9
0.9468 1 0.9468 4
0.9458 1 0.9458 3
0.9494 1 0.9489 9
0.9261 1 0.926 12
0.9204 1 0.9201 10
0.955 1 0.9548 9
0.9552 1 0.9551 10
0.9371 1 0.937 18
0.9396 1 0.9395 11
0.9265 1 0.9265 6
0.9389 1 0.9389 6
0.9363 1 0.936 12
0.9366 1 0.9365 10
0.9292 1 0.9292 4
0.9504 1 0.9503 8
0.9388 1 0.9385 8
0.9388 1 0.9388 2
0.9373 1 0.9371 12
0.9404 1 0.9394 16
0.946 1 0.946 8
0.9539 1 0.9539 6
0.9467 1 0.9467 5
0.9389 1 0.9389 3
0.9486 1 0.9483 20
0.9412 1 0.9412 5
0.9247 1 0.9247 8
0.9591 1 0.9587 16
0.9399 1 0.9396 14
0.9485 1 0.9455 16
0.9394 1 0.9373 13
0.935 1 0.9349 8
0.9284 1 0.9266 14
0.9369 1 0.9368 6
0.9368 1 0.9364 12
0.9237 1 0.9237 2
0.9326 1 0.9326 5
0.9216 1 0.9216 11
0.9465 1 0.9464 11
0.9337 1 0.9335 10
0.9431 1 0.943 11
0.9527 1 0.9527 11
0.9242 1 0.9241 7
0.9223 1 0.921 12
0.9331 1 0.9317 16
0.9476 1 0.9456 15
0.9236 1 0.9234 14
0.9264 1 0.9262 10
0.9413 1 0.9387 13
0.9338 1 0.9337 10
0.9513 1 0.951 12
0.947 1 0.9468 6
0.9384 1 0.9384 7
0.9374 1 0.9373 9
0.9265 1 0.9265 6
0.9212 1 0.9212 3
0.9296 1 0.9292 8
0.9195 1 0.919 12
0.9471 1 0.9471 4
0.9327 1 0.9327 2
0.939 1 0.9389 6
0.939 1 0.9388 13
0.9382 1 0.9381 8
0.9498 1 0.9498 4
0.9189 1 0.9188 6
0.9438 1 0.9438 9
0.9395 1 0.9393 10
0.9352 1 0.9351 11
0.9075 1 0.9071 10
0.9423 1 0.9423 4
0.9449 1 0.9449 7
0.9323 0.9999 0.9287 10
0.944 1 0.9437 9
0.9321 1 0.9321 8
0.9409 1 0.9395 20
0.9562 1 0.955 16
0.9324 1 0.9322 10
0.94 1 0.9395 8
0.9237 1 0.9236 10
0.9386 1 0.9384 11
0.9082 1 0.9082 5
0.9253 1 0.9252 9
0.9257 1 0.9256 7
0.9487 1 0.9487 10
0.926 1 0.9258 6