0.6695 0.5611 0.3279 21
0.6716 0.5735 0.355 21
0.5886 0.5569 0.2825 22
0.6252 0.5059 0.2917 14
0.7041 0.544 0.3356 19
0.6298 0.4922 0.2602 8
0.6348 0.4684 0.2699 14
0.6135 0.4954 0.2804 25
0.676 0.4764 0.2958 27
0.6376 0.5108 0.2959 23
0.622 0.4544 0.2585 14
0.6158 0.5183 0.291 15
0.5641 0.4827 0.2563 10
0.5874 0.5133 0.2921 15
0.6362 0.4798 0.268 15
0.7027 0.4935 0.3226 12
0.578 0.5032 0.2679 13
0.6622 0.5262 0.3176 22
0.7027 0.4935 0.3226 12
0.5988 0.5512 0.3008 16
0.7049 0.5133 0.3368 13
0.6156 0.5622 0.315 26
0.7083 0.4976 0.3237 13
0.6465 0.5181 0.305 12
0.6793 0.509 0.2954 24
0.5899 0.5311 0.2761 27
0.6475 0.5432 0.3343 10
0.5893 0.4893 0.2651 19
0.6515 0.5359 0.3268 15
0.6822 0.5865 0.3585 22
0.6984 0.571 0.3641 21
0.6201 0.5044 0.2767 20
0.6093 0.5161 0.2821 13
0.6306 0.5581 0.3079 22
0.6393 0.5404 0.3243 22
0.5934 0.5063 0.273 15
0.5944 0.5058 0.274 10
0.6523 0.5443 0.3256 13
0.6391 0.4977 0.2817 27
0.6347 0.4825 0.276 19
0.6602 0.5057 0.3049 13
0.6963 0.5354 0.3392 22
0.6134 0.468 0.2642 11
0.6674 0.4965 0.3015 22
0.6885 0.5012 0.3156 23
0.6238 0.5139 0.2961 16
0.6951 0.4762 0.3036 18
0.6083 0.5162 0.2808 15
0.5575 0.5156 0.2749 18
0.6321 0.4666 0.2654 15
0.6186 0.4916 0.2774 18
0.6657 0.5304 0.316 18
0.6503 0.545 0.3287 23
0.583 0.5077 0.2637 22
0.6451 0.483 0.2933 10
0.6518 0.5165 0.3046 17
0.6591 0.5197 0.3084 16
0.6085 0.475 0.262 17
0.6439 0.524 0.3109 18
0.6473 0.5505 0.3255 17
0.6519 0.518 0.3046 18
0.5757 0.5735 0.3045 25
0.6111 0.5173 0.2815 12
0.6635 0.5635 0.3424 28
0.6731 0.5217 0.3073 18
0.6601 0.4818 0.2916 25
0.6362 0.4978 0.2956 12
0.6826 0.5953 0.3681 23
0.659 0.5408 0.3195 24
0.6282 0.4888 0.2811 17
0.5901 0.494 0.2543 19
0.5822 0.4949 0.2526 23
0.6113 0.4788 0.2656 29
0.6197 0.4804 0.2724 26
0.6757 0.4663 0.2898 16
0.6539 0.5119 0.2975 30
0.5772 0.5244 0.2835 17
0.7402 0.5323 0.3513 14
0.6694 0.5877 0.3542 17
0.6343 0.5182 0.292 18
0.7307 0.5545 0.3723 22
0.6545 0.5454 0.3335 20
0.6498 0.5071 0.3062 20
0.6132 0.5943 0.3357 8
0.6168 0.5445 0.3096 14
0.6384 0.5053 0.2979 20
0.6352 0.6011 0.3519 14
0.6308 0.5504 0.3204 19
0.6817 0.5574 0.3442 9
0.7013 0.5332 0.344 13
0.6025 0.5109 0.2763 17
0.6417 0.5242 0.3148 12
0.5975 0.5145 0.285 18
0.6786 0.5258 0.2988 21
0.61 0.4628 0.2544 19
0.6759 0.533 0.3175 21
0.5925 0.4836 0.265 18
0.6425 0.5283 0.3067 16
0.6287 0.544 0.3062 28
0.617 0.5109 0.2637 32
0.9386 0.735 0.6759 22
0.9421 0.7295 0.6771 14
0.9516 0.7052 0.6621 14
0.9461 0.7498 0.6984 19
0.9548 0.7141 0.674 27
0.9244 0.678 0.6197 27
0.956 0.7582 0.7116 14
0.9437 0.6907 0.6419 12
0.9379 0.7266 0.6734 21
0.9384 0.6941 0.6428 22
0.9423 0.7411 0.6881 20
0.9501 0.7564 0.7074 23
0.9347 0.7699 0.7063 14
0.9346 0.7531 0.6954 11
0.9532 0.7266 0.6813 28
0.9419 0.7224 0.6711 19
0.9552 0.742 0.6976 20
0.9445 0.7285 0.6747 11
0.94 0.7224 0.6701 20
0.9561 0.7627 0.72 21
0.9479 0.7148 0.6669 24
0.9422 0.7267 0.6764 18
0.9345 0.7567 0.6988 15
0.9506 0.7822 0.7299 19
0.9461 0.7432 0.6919 31
0.9557 0.7559 0.7131 18
0.9532 0.7203 0.678 20
0.9486 0.7206 0.6767 9
0.9302 0.7365 0.6793 13
0.9501 0.7421 0.6921 19
0.9183 0.7461 0.6762 21
0.9384 0.7583 0.7032 16
0.9293 0.7582 0.6926 16
0.9385 0.7208 0.665 18
0.9441 0.7248 0.6762 15
0.9366 0.7391 0.6858 12
0.9266 0.7409 0.6783 21
0.936 0.7113 0.6572 14
0.9469 0.7492 0.7004 12
0.9504 0.7215 0.68 17
0.9442 0.7535 0.7002 13
0.9481 0.7055 0.6603 6
0.9442 0.7157 0.6664 23
0.9489 0.685 0.6446 15
0.935 0.6996 0.6418 19
0.9381 0.7302 0.6776 19
0.958 0.7498 0.7078 10
0.9439 0.7354 0.6804 13
0.9308 0.7569 0.6931 13
0.9522 0.7481 0.7005 13
0.948 0.7408 0.6947 23
0.9433 0.714 0.6654 18
0.9324 0.7283 0.6713 18
0.9411 0.704 0.6553 12
0.94 0.7361 0.6815 20
0.9504 0.73 0.6832 15
0.9468 0.7708 0.7176 20
0.9484 0.7559 0.7045 21
0.9229 0.7006 0.6402 13
0.9513 0.694 0.6499 18
0.9373 0.747 0.6893 16
0.9456 0.7424 0.6895 16
0.9492 0.7763 0.7265 10
0.9495 0.7328 0.6876 15
0.935 0.7107 0.6571 13
0.932 0.7467 0.6872 15
0.9357 0.7212 0.6657 22
0.9653 0.7537 0.7146 18
0.9396 0.7315 0.6785 16
0.9524 0.7423 0.6937 33
0.9395 0.7628 0.7065 17
0.9488 0.7265 0.6791 19
0.9503 0.7544 0.7053 17
0.9547 0.7289 0.6851 21
0.9559 0.7304 0.6891 9
0.9467 0.731 0.6807 22
0.9376 0.749 0.6923 14
0.9482 0.7269 0.6767 21
0.9307 0.7251 0.6698 23
0.9495 0.7327 0.6848 18
0.9512 0.6913 0.6511 23
0.9397 0.7496 0.6949 13
0.944 0.7185 0.6673 29
0.9401 0.7401 0.6828 14
0.9459 0.7273 0.6778 19
0.9506 0.732 0.6863 15
0.9475 0.7405 0.6882 16
0.9433 0.725 0.6781 21
0.9478 0.7521 0.7012 16
0.9391 0.7278 0.677 18
0.9384 0.7564 0.7011 14
0.9419 0.7345 0.681 16
0.9445 0.7747 0.7224 16
0.9364 0.7682 0.7094 15
0.9558 0.7504 0.7047 24
0.9478 0.7075 0.6616 22
0.9405 0.7377 0.6814 20
0.9372 0.689 0.6406 17
0.9524 0.7457 0.6997 16
0.9379 0.7264 0.6658 20
0.8339 0.5339 0.4073 13
0.7619 0.5744 0.4006 14
0.7341 0.5307 0.3665 11
0.8157 0.5807 0.4474 11
0.7558 0.4822 0.3303 17
0.7744 0.5547 0.3958 21
0.7813 0.5272 0.3942 7
0.7999 0.5681 0.4134 16
0.8894 0.5946 0.4906 13
0.7815 0.5243 0.3761 28
0.7147 0.5068 0.3209 27
0.8199 0.5688 0.438 22
0.8172 0.5266 0.4073 18
0.8156 0.5689 0.4338 15
0.8033 0.5823 0.4146 15
0.8625 0.5424 0.4222 19
0.705 0.5821 0.3836 15
0.7555 0.5232 0.3647 14
0.8625 0.5424 0.4222 19
0.8 0.5621 0.4208 21
0.8233 0.5898 0.4566 12
0.8201 0.5989 0.4476 11
0.7866 0.5949 0.4353 11
0.7663 0.5083 0.3572 10
0.865 0.5885 0.4695 17
0.7806 0.5926 0.4146 32
0.814 0.5293 0.394 16
0.8732 0.5811 0.4731 13
0.7458 0.5349 0.3726 18
0.7866 0.5536 0.3807 14
0.883 0.5623 0.4677 10
0.8131 0.5362 0.3987 12
0.7685 0.5103 0.3551 19
0.8282 0.5277 0.4091 15
0.8024 0.55 0.4149 25
0.7648 0.5446 0.3783 9
0.7831 0.5585 0.3986 10
0.816 0.5086 0.3709 20
0.8402 0.5478 0.4424 10
0.7976 0.5278 0.3927 13
0.8026 0.5774 0.4211 13
0.7526 0.5429 0.3616 13
0.7983 0.5997 0.4441 8
0.7997 0.5664 0.4085 22
0.8116 0.5351 0.4118 9
0.7922 0.4925 0.3577 15
0.8269 0.5563 0.4236 13
0.772 0.5257 0.3563 20
0.8309 0.5846 0.456 23
0.7819 0.5645 0.4042 15
0.7958 0.5942 0.4046 7
0.8172 0.5673 0.4351 18
0.7485 0.5409 0.3688 19
0.7534 0.5915 0.4109 12
0.7985 0.5588 0.4132 11
0.8546 0.5856 0.4718 9
0.8312 0.5965 0.4649 12
0.8869 0.5641 0.4775 10
0.7778 0.5326 0.3782 18
0.8134 0.572 0.4279 12
0.7932 0.5393 0.4049 20
0.8203 0.5666 0.424 12
0.8234 0.5553 0.4207 14
0.7944 0.5757 0.4256 11
0.791 0.5477 0.3826 9
0.8147 0.5691 0.4271 12
0.7596 0.5263 0.3624 17
0.7998 0.5882 0.4038 19
0.8205 0.5556 0.4263 21
0.842 0.5613 0.4578 11
0.7667 0.5354 0.376 12
0.7932 0.5649 0.4219 15
0.798 0.5056 0.3763 12
0.7913 0.5321 0.3874 22
0.7951 0.5415 0.3883 15
0.7619 0.5254 0.353 15
0.7309 0.4974 0.3353 20
0.7568 0.5216 0.3614 11
0.8154 0.548 0.416 17
0.7796 0.5943 0.4293 11
0.7805 0.5254 0.3706 13
0.8185 0.509 0.3877 26
0.8127 0.5423 0.4119 16
0.8057 0.5444 0.3994 17
0.8635 0.5673 0.4652 6
0.765 0.5147 0.3533 13
0.8206 0.5654 0.4301 13
0.803 0.535 0.3966 16
0.792 0.5109 0.3656 11
0.7608 0.5612 0.3798 17
0.7428 0.5067 0.3527 28
0.7891 0.5452 0.3935 27
0.8098 0.5872 0.4392 12
0.7169 0.5289 0.3452 12
0.7979 0.572 0.4301 13
0.8137 0.5606 0.4269 18
0.7155 0.5765 0.3966 13
0.8268 0.58 0.4474 19
0.7644 0.5088 0.3714 16
0.7632 0.5781 0.403 9
0.5993 0.4516 0.2667 13
0.6424 0.401 0.2448 25
0.634 0.362 0.2195 21
0.713 0.4893 0.3286 26
0.6168 0.4343 0.2611 14
0.6733 0.4181 0.2677 18
0.6762 0.4839 0.3116 21
0.6981 0.4781 0.3229 17
0.6447 0.4628 0.2885 20
0.6949 0.4739 0.3203 22
0.7416 0.4184 0.3001 11
0.6546 0.4971 0.3143 14
0.6834 0.4548 0.2834 25
0.6709 0.4397 0.2878 16
0.6517 0.4977 0.3131 19
0.6208 0.4955 0.2969 23
0.6903 0.4074 0.2737 18
0.7333 0.4797 0.3328 20
0.6208 0.4941 0.2938 18
0.6693 0.4538 0.2902 17
0.6838 0.4015 0.2592 20
0.7466 0.5462 0.3905 19
0.7128 0.4233 0.2951 13
0.6591 0.4314 0.281 5
0.7163 0.4737 0.3336 16
0.6409 0.4874 0.3049 11
0.7232 0.5119 0.3564 17
0.741 0.4547 0.3115 13
0.6739 0.4464 0.2907 20
0.6321 0.4312 0.2611 24
0.7269 0.4661 0.309 28
0.7327 0.384 0.2703 21
0.6056 0.3603 0.2076 21
0.6938 0.4516 0.3054 12
0.5906 0.3973 0.2274 18
0.6355 0.4642 0.2791 31
0.6667 0.4414 0.2859 10
0.6529 0.4169 0.2611 7
0.6746 0.4381 0.2842 12
0.6045 0.3899 0.2216 17
0.7043 0.4798 0.3309 11
0.6527 0.3768 0.2305 20
0.6598 0.4553 0.293 17
0.6266 0.4508 0.2709 18
0.6676 0.4408 0.2833 14
0.6544 0.4242 0.2676 17
0.6646 0.4385 0.2836 9
0.7852 0.4917 0.375 13
0.6715 0.4533 0.2897 19
0.7157 0.401 0.2804 8
0.7129 0.4384 0.2995 16
0.6494 0.4418 0.2761 12
0.722 0.4689 0.3344 7
0.6157 0.4275 0.2619 8
0.6041 0.4002 0.2378 16
0.5883 0.3765 0.2109 13
0.7346 0.4408 0.3039 19
0.6913 0.4333 0.2903 8
0.7202 0.4489 0.307 26
0.6863 0.4867 0.3191 12
0.6379 0.4411 0.2715 14
0.6232 0.4468 0.2727 15
0.6607 0.4731 0.2958 20
0.7056 0.4368 0.2985 16
0.6287 0.4887 0.2972 19
0.6901 0.4615 0.3013 27
0.5306 0.4355 0.2293 3
0.7064 0.4886 0.3376 17
0.7096 0.4822 0.3265 21
0.6994 0.457 0.3043 16
0.69 0.464 0.2966 27
0.6887 0.4717 0.3069 17
0.6725 0.471 0.2983 18
0.6347 0.4549 0.2801 21
0.6948 0.4763 0.3118 19
0.6149 0.4184 0.252 20
0.6777 0.4248 0.2779 16
0.6154 0.4204 0.2533 14
0.7074 0.49 0.3299 16
0.6936 0.4966 0.3351 15
0.6876 0.5036 0.3392 10
0.6183 0.4524 0.2691 19
0.6792 0.3939 0.2553 15
0.6928 0.4558 0.3011 19
0.6779 0.4661 0.3006 24
0.6059 0.4292 0.2506 21
0.7035 0.4892 0.3249 19
0.6731 0.4489 0.2894 16
0.6579 0.3981 0.2487 19
0.6399 0.4709 0.2896 12
0.6167 0.4692 0.2821 14
0.6856 0.4491 0.2898 29
0.6403 0.4612 0.2856 12
0.6543 0.4688 0.2981 21
0.6438 0.4496 0.2847 12
0.7122 0.4325 0.2955 15
0.654 0.3838 0.2454 16
0.6777 0.4533 0.2992 13
0.7205 0.4227 0.2972 23
0.6257 0.438 0.2675 15
0.9177 0.6551 0.5937 11
0.9455 0.6766 0.6287 24
0.9306 0.6517 0.5991 18
0.9232 0.7009 0.6355 21
0.9311 0.6717 0.6107 22
0.9198 0.6959 0.6213 21
0.9142 0.6646 0.5954 24
0.9128 0.6846 0.6182 21
0.9175 0.7066 0.6416 18
0.9342 0.6679 0.6146 25
0.9155 0.6843 0.6188 21
0.9212 0.6886 0.6263 22
0.932 0.7033 0.6446 31
0.947 0.6683 0.6213 27
0.9133 0.6761 0.6063 28
0.9308 0.752 0.6784 30
0.9146 0.6694 0.6052 31
0.936 0.7347 0.6779 14
0.9308 0.752 0.6784 30
0.9301 0.7094 0.6512 21
0.9175 0.6851 0.618 20
0.9137 0.6892 0.6175 27
0.9118 0.6323 0.5643 25
0.9354 0.6434 0.5949 26
0.9344 0.6393 0.5896 27
0.9286 0.7333 0.6693 29
0.9204 0.7014 0.636 22
0.9366 0.6845 0.6302 23
0.9221 0.6708 0.6112 17
0.9315 0.66 0.6004 20
0.926 0.656 0.599 14
0.9133 0.6833 0.6149 17
0.8989 0.6329 0.5583 20
0.948 0.6437 0.5982 28
0.9153 0.7009 0.633 21
0.9356 0.6979 0.6441 20
0.9244 0.6799 0.6208 17
0.9323 0.6349 0.5814 33
0.9396 0.6843 0.6319 27
0.9357 0.6975 0.6457 19
0.9144 0.6525 0.5832 27
0.9208 0.6851 0.6201 20
0.9164 0.6584 0.5918 19
0.9232 0.6595 0.6004 19
0.9345 0.6927 0.638 36
0.8916 0.6671 0.5813 19
0.9217 0.6852 0.6241 17
0.9179 0.7066 0.6394 24
0.9027 0.7198 0.6421 20
0.899 0.7237 0.6371 13
0.9429 0.6808 0.6303 30
0.9309 0.653 0.6017 16
0.9295 0.6831 0.6224 28
0.9272 0.7027 0.6382 18
0.9265 0.717 0.6566 18
0.9084 0.6857 0.6194 9
0.9315 0.6411 0.5886 23
0.9329 0.7189 0.6593 28
0.9112 0.6541 0.5909 16
0.9269 0.731 0.6659 23
0.9315 0.6643 0.607 21
0.9336 0.707 0.6521 20
0.9315 0.7087 0.6473 18
0.9231 0.6885 0.6251 29
0.9309 0.7102 0.6469 22
0.9315 0.6582 0.6041 22
0.9135 0.6753 0.6077 30
0.9007 0.6794 0.6057 9
0.8959 0.6944 0.6139 19
0.9354 0.6392 0.5914 20
0.9285 0.7007 0.6436 22
0.9366 0.7002 0.6459 25
0.9217 0.6952 0.6301 24
0.8987 0.6979 0.6138 20
0.9359 0.6918 0.638 21
0.9327 0.6416 0.5856 27
0.9091 0.6419 0.5731 26
0.9203 0.6887 0.6223 16
0.9152 0.6763 0.6103 18
0.9309 0.6478 0.5893 22
0.9322 0.6838 0.6277 31
0.9178 0.675 0.611 21
0.9331 0.6857 0.6333 29
0.9353 0.7506 0.6854 24
0.9225 0.6261 0.5711 19
0.9255 0.7229 0.6509 28
0.9266 0.7026 0.637 21
0.931 0.7167 0.6568 21
0.9068 0.7039 0.6257 28
0.931 0.6862 0.6265 15
0.9342 0.714 0.6598 26
0.9332 0.7252 0.6663 23
0.932 0.7217 0.6586 21
0.9217 0.6899 0.6261 16
0.9095 0.6342 0.5649 18
0.9448 0.6579 0.6144 31
0.9312 0.7087 0.6479 23
0.9309 0.6757 0.6161 19
0.9416 0.7177 0.6587 23
0.9198 0.6943 0.628 29
0.921 0.6777 0.6131 22
0.9189 0.6646 0.6068 10
0.9316 0.6499 0.595 34
0.9345 0.6599 0.6075 19
0.9351 0.6284 0.5828 18
0.942 0.6837 0.6346 20
0.9253 0.7066 0.6417 21
0.9255 0.6393 0.5834 21
0.9309 0.6677 0.6157 13
0.9279 0.7182 0.6534 26
0.9386 0.6814 0.6325 26
0.9324 0.6437 0.5837 21
0.921 0.7187 0.6505 25
0.9147 0.6586 0.5958 28
0.9183 0.6757 0.6118 13
0.9327 0.6924 0.6314 23
0.9342 0.7152 0.6538 29
0.9266 0.6745 0.6148 35
0.9327 0.6924 0.6314 23
0.9139 0.6911 0.6209 19
0.9324 0.617 0.5667 24
0.9328 0.6512 0.5973 16
0.9126 0.7137 0.6357 25
0.9205 0.636 0.5784 23
0.9274 0.6994 0.6357 31
0.9273 0.6905 0.632 20
0.9377 0.682 0.6274 24
0.9376 0.666 0.6096 23
0.9309 0.6502 0.5978 28
0.929 0.655 0.5984 22
0.9247 0.6994 0.6349 22
0.9284 0.7094 0.6501 21
0.9347 0.6504 0.5958 24
0.9254 0.6883 0.6259 18
0.9445 0.6268 0.5851 25
0.9223 0.6789 0.6184 23
0.9368 0.6372 0.589 24
0.9172 0.6719 0.607 14
0.9296 0.7116 0.65 22
0.9274 0.6508 0.5923 20
0.9281 0.7243 0.6607 22
0.9266 0.7376 0.6683 21
0.9123 0.6997 0.6245 32
0.9298 0.6908 0.6301 25
0.9292 0.6778 0.6191 26
0.9319 0.6737 0.6158 24
0.9359 0.7137 0.6563 29
0.9403 0.6648 0.6153 29
0.9041 0.6607 0.591 19
0.9173 0.699 0.627 33
0.9378 0.6723 0.6153 30
0.918 0.6734 0.606 30
0.9463 0.6815 0.6332 22
0.9336 0.692 0.6354 27
0.927 0.6973 0.6353 26
0.9396 0.7073 0.6525 21
0.9386 0.701 0.6482 17
0.9537 0.6489 0.6104 25
0.9219 0.6891 0.6267 21
0.9294 0.6949 0.6369 24
0.943 0.7298 0.6756 25
0.9321 0.694 0.6362 18
0.9198 0.6807 0.6211 20
0.9434 0.726 0.6623 37
0.9139 0.6578 0.5937 19
0.9139 0.6933 0.624 19
0.9429 0.6484 0.6025 19
0.9375 0.703 0.6499 17
0.928 0.6701 0.6127 18
0.9164 0.7257 0.6489 26
0.9389 0.721 0.663 27
0.9415 0.6698 0.6212 23
0.9178 0.7136 0.6376 25
0.8991 0.654 0.5814 16
0.9301 0.6827 0.6268 20
0.9301 0.7308 0.6664 25
0.9249 0.6811 0.6213 18
0.941 0.678 0.6296 20
0.9289 0.7154 0.6497 15
0.9011 0.6349 0.5629 13
0.9269 0.6716 0.6086 22
0.9254 0.6518 0.5946 30
0.9315 0.6696 0.6145 19
0.9362 0.7008 0.6402 24
0.9301 0.6413 0.5855 18
0.9267 0.6683 0.6086 32
0.9372 0.6932 0.6372 27
0.9341 0.6999 0.6398 28
0.9323 0.7251 0.6664 21
0.9278 0.657 0.5981 25
0.9332 0.689 0.6281 33
0.929 0.6852 0.6272 22
0.9379 0.6534 0.5992 23
0.9435 0.7014 0.6488 27
0.9376 0.7033 0.6483 16
0.9285 0.7152 0.6551 19
0.9375 0.6547 0.6037 25
0.9298 0.6459 0.5938 21
0.9343 0.6856 0.6249 15
0.9401 0.677 0.6292 20
0.7299 0.4871 0.342 16
0.7603 0.5824 0.4287 17
0.7418 0.4355 0.3155 17
0.7187 0.5211 0.3666 18
0.708 0.497 0.3392 18
0.6883 0.4387 0.2928 16
0.7537 0.5142 0.3753 21
0.7242 0.4912 0.3373 19
0.7007 0.523 0.3596 17
0.7333 0.5089 0.3628 15
0.6903 0.6054 0.4051 15
0.6639 0.5194 0.3286 14
0.6856 0.5353 0.3584 11
0.744 0.5809 0.425 23
0.7294 0.533 0.3762 9
0.686 0.4699 0.3167 14
0.7328 0.5245 0.3735 20
0.7374 0.6179 0.4457 19
0.686 0.4921 0.3328 15
0.6993 0.5009 0.3379 21
0.714 0.4461 0.3072 19
0.7695 0.5365 0.3858 19
0.7238 0.5146 0.3546 15
0.7032 0.5343 0.3609 18
0.7575 0.5668 0.4121 14
0.6488 0.48 0.3113 3
0.6813 0.4301 0.2858 16
0.767 0.5881 0.4473 9
0.7052 0.5639 0.3877 12
0.7143 0.5613 0.3867 7
0.7762 0.4905 0.3512 24
0.6413 0.5031 0.3047 17
0.7507 0.559 0.398 27
0.7251 0.5347 0.3698 17
0.6927 0.4724 0.3143 12
0.6703 0.5375 0.35 13
0.7677 0.557 0.4093 22
0.6879 0.5555 0.3693 11
0.7437 0.5685 0.4193 12
0.6785 0.5472 0.3586 17
0.7462 0.5308 0.385 17
0.6983 0.5787 0.3969 9
0.7283 0.5496 0.3911 14
0.7165 0.4961 0.3327 19
0.7859 0.6162 0.468 22
0.6766 0.4593 0.294 25
0.7205 0.4971 0.3438 26
0.7355 0.485 0.3494 8
0.7187 0.5527 0.3897 7
0.7271 0.5164 0.3652 16
0.7266 0.4627 0.3305 15
0.76 0.5341 0.3898 16
0.736 0.5381 0.3766 17
0.705 0.5452 0.3696 27
0.6902 0.5025 0.3337 19
0.7109 0.5832 0.4014 17
0.743 0.5237 0.3658 12
0.6592 0.5389 0.345 10
0.7024 0.5177 0.3435 17
0.6084 0.4379 0.2623 19
0.7242 0.527 0.3649 16
0.6669 0.4924 0.318 16
0.7338 0.4928 0.3492 20
0.6818 0.4633 0.3036 18
0.6683 0.5144 0.337 16
0.7158 0.5071 0.3524 22
0.7347 0.5317 0.378 19
0.7385 0.5838 0.422 17
0.6773 0.5151 0.3267 20
0.7195 0.5506 0.3774 30
0.766 0.5369 0.4027 15
0.6083 0.4363 0.2581 7
0.6466 0.4726 0.2933 22
0.6926 0.4445 0.2981 21
0.7129 0.5315 0.3744 15
0.6584 0.5964 0.3799 14
0.6984 0.5279 0.3523 17
0.751 0.5379 0.3956 16
0.7082 0.4946 0.342 16
0.7532 0.5443 0.3955 19
0.7545 0.4856 0.3579 16
0.7093 0.4583 0.3139 13
0.7157 0.5495 0.3844 12
0.7498 0.4789 0.3457 17
0.7344 0.5108 0.3649 16
0.7387 0.5106 0.361 20
0.6869 0.4544 0.3068 16
0.7463 0.5734 0.4184 8
0.6732 0.4707 0.3095 16
0.7366 0.5196 0.3672 18
0.7667 0.5511 0.4097 16
0.6669 0.5196 0.3357 13
0.7051 0.6033 0.4124 12
0.6911 0.5289 0.3617 9
0.7225 0.4849 0.337 12
0.6957 0.5849 0.3981 11
0.7475 0.5356 0.3834 19
0.6252 0.5492 0.3417 11
0.7874 0.5995 0.4628 10
0.6831 0.5648 0.3856 8
0.9478 0.678 0.637 11
0.9433 0.7215 0.6718 23
0.9415 0.723 0.6749 8
0.9326 0.6842 0.6314 9
0.9385 0.6766 0.6295 12
0.9447 0.692 0.6434 16
0.9505 0.7122 0.6714 15
0.9427 0.7143 0.667 12
0.9391 0.7406 0.6933 14
0.927 0.7218 0.6672 7
0.9339 0.7147 0.6638 21
0.9405 0.7568 0.6963 14
0.9434 0.7037 0.656 16
0.9417 0.6635 0.6212 19
0.9413 0.6632 0.6207 7
0.9601 0.7205 0.6854 13
0.9246 0.6981 0.6436 15
0.9373 0.7386 0.6834 19
0.9601 0.7179 0.6829 15
0.9384 0.696 0.6466 8
0.9551 0.7254 0.6825 17
0.9414 0.7179 0.6692 15
0.9584 0.7346 0.6966 23
0.93 0.7012 0.643 17
0.9616 0.6562 0.6222 16
0.9217 0.6803 0.6229 12
0.93 0.6891 0.6305 12
0.9266 0.6908 0.6386 10
0.93 0.6789 0.6253 10
0.9234 0.7341 0.6734 20
0.9201 0.6752 0.6164 13
0.9411 0.7323 0.6813 17
0.9355 0.748 0.6939 5
0.9345 0.6877 0.637 10
0.931 0.6581 0.6088 13
0.9362 0.7538 0.6989 10
0.9445 0.6698 0.6259 16
0.9026 0.7255 0.6484 14
0.9569 0.6665 0.6327 18
0.9436 0.6914 0.6475 11
0.9499 0.7164 0.6725 17
0.9455 0.6825 0.6378 15
0.9396 0.6777 0.6302 10
0.951 0.7365 0.6935 19
0.9465 0.7654 0.7168 12
0.9339 0.6972 0.6454 16
0.9524 0.7107 0.6663 18
0.9507 0.6723 0.6306 7
0.9611 0.6707 0.6356 16
0.9591 0.7555 0.7127 15
0.9371 0.7232 0.6702 12
0.9478 0.6827 0.6456 9
0.9286 0.6574 0.6071 11
0.9396 0.6744 0.627 15
0.9568 0.7157 0.675 19
0.9371 0.6997 0.6518 15
0.953 0.7126 0.6722 8
0.9523 0.7355 0.6938 17
0.9487 0.6848 0.6419 16
0.9434 0.7072 0.6638 9
0.9287 0.7393 0.6799 9
0.9586 0.7205 0.6826 15
0.9222 0.6577 0.5976 10
0.9324 0.7274 0.6716 17
0.9396 0.6935 0.644 10
0.9316 0.7623 0.7087 9
0.9284 0.6898 0.6356 12
0.9441 0.6871 0.6388 14
0.9623 0.7026 0.6687 13
0.9319 0.6683 0.6176 17
0.9563 0.6937 0.6535 24
0.9405 0.7005 0.6527 10
0.9613 0.7007 0.6645 26
0.9415 0.7083 0.6599 21
0.9274 0.7065 0.6482 10
0.9326 0.7629 0.6999 22
0.9519 0.6732 0.6352 15
0.9414 0.651 0.6085 16
0.9275 0.6794 0.6234 18
0.9316 0.7096 0.656 8
0.9588 0.7005 0.6668 11
0.9398 0.6958 0.6499 9
0.9371 0.6714 0.6201 12
0.9357 0.7386 0.6853 9
0.9263 0.694 0.6421 10
0.9361 0.7124 0.6607 9
0.9653 0.7738 0.7373 11
0.9543 0.745 0.7011 16
0.9408 0.6929 0.6491 11
0.9105 0.7181 0.6469 17
0.917 0.7577 0.6913 4
0.9336 0.6919 0.6438 10
0.9451 0.7058 0.6611 20
0.9484 0.7218 0.678 10
0.9692 0.714 0.6847 14
0.9212 0.7196 0.6591 14
0.9156 0.6977 0.6357 12
0.9428 0.7621 0.7068 12
0.9398 0.664 0.6228 12
0.9169 0.7311 0.6641 11
0.9455 0.6942 0.648 12
0.9349 0.6491 0.6022 14
0.9393 0.7114 0.6587 20
0.9281 0.6947 0.6341 16
0.9243 0.6935 0.6316 13
0.9529 0.711 0.6631 25
0.9482 0.6453 0.6055 15
0.9216 0.7353 0.6666 10
0.9285 0.6998 0.6408 24
0.9291 0.6829 0.6271 20
0.9266 0.7123 0.6546 11
0.9289 0.6362 0.5842 15
0.9409 0.668 0.6207 11
0.9262 0.6993 0.637 19
0.9504 0.685 0.64 10
0.9426 0.669 0.6201 13
0.9336 0.6907 0.639 19
0.935 0.6315 0.5819 20
0.9382 0.699 0.6455 17
0.9468 0.6916 0.6452 21
0.9465 0.6555 0.6143 18
0.9384 0.7025 0.6508 13
0.9473 0.6765 0.6304 21
0.941 0.6639 0.6174 34
0.9359 0.682 0.6302 9
0.9532 0.7076 0.6633 16
0.9438 0.6444 0.6029 18
0.9396 0.6653 0.6132 19
0.942 0.6919 0.6418 15
0.9409 0.672 0.6269 17
0.9487 0.6888 0.6444 18
0.9553 0.6833 0.6407 14
0.9223 0.6762 0.6157 14
0.9381 0.6697 0.6159 31
0.9348 0.6987 0.6489 20
0.9446 0.6807 0.6355 22
0.94 0.6961 0.6448 19
0.9309 0.65 0.5996 19
0.9308 0.7038 0.6509 15
0.9406 0.6346 0.5903 27
0.9314 0.7209 0.6647 9
0.9322 0.6915 0.6389 25
0.9337 0.6564 0.6063 16
0.9431 0.66 0.6181 22
0.9124 0.6815 0.615 18
0.9362 0.6767 0.6243 16
0.9544 0.6983 0.6604 16
0.9207 0.7292 0.6643 13
0.9262 0.686 0.627 10
0.9422 0.7216 0.6739 18
0.9435 0.5912 0.5482 25
0.9322 0.6761 0.6238 19
0.9317 0.6857 0.6336 16
0.9353 0.6804 0.6287 19
0.9413 0.698 0.6487 11
0.9322 0.7102 0.6519 14
0.9354 0.6706 0.6195 17
0.947 0.6977 0.6507 19
0.9373 0.7073 0.6555 26
0.9247 0.6447 0.5887 16
0.9479 0.6679 0.6228 17
0.9422 0.7074 0.6539 21
0.9547 0.6849 0.6413 17
0.9294 0.6705 0.6154 31
0.9553 0.7242 0.6835 24
0.9524 0.6259 0.5879 20
0.9292 0.6686 0.6166 14
0.9354 0.6589 0.6072 18
0.9149 0.6912 0.627 13
0.9408 0.7012 0.6509 12
0.9413 0.685 0.6373 22
0.9437 0.6623 0.6122 27
0.9418 0.6668 0.6199 14
0.9323 0.6474 0.5975 19
0.9359 0.7009 0.652 13
0.9401 0.7115 0.6576 29
0.9313 0.697 0.6408 18
0.9228 0.7274 0.6636 13
0.9385 0.6821 0.6336 16
0.9287 0.6517 0.5995 21
0.9539 0.6621 0.6225 13
0.9257 0.6844 0.6262 18
0.9424 0.7232 0.6687 17
0.9497 0.647 0.6042 15
0.9332 0.6947 0.6395 19
0.9277 0.7222 0.6624 12
0.9342 0.6693 0.6149 14
0.9189 0.7108 0.6505 10
0.9413 0.6849 0.6354 23
0.9425 0.6214 0.5792 16
0.9291 0.6568 0.6 11
0.9462 0.6585 0.6109 10
0.9282 0.7015 0.6434 21
0.9343 0.7183 0.6621 16
0.9354 0.6317 0.5867 12
0.93 0.7671 0.7038 15
0.9338 0.7455 0.688 8
0.9492 0.7282 0.6855 18
0.9385 0.6598 0.6102 14
0.942 0.6457 0.601 10
0.9411 0.7204 0.6717 17
0.9471 0.6741 0.6341 17
0.9461 0.6713 0.6258 23
0.9292 0.6981 0.6429 19
0.9247 0.7207 0.6564 15
0.9383 0.7287 0.6768 13
0.9402 0.6667 0.6219 21
0.9297 0.6324 0.5813 17
0.9561 0.6601 0.6226 18
0.9311 0.6553 0.6028 22
0.9434 0.6378 0.5962 22
0.9265 0.6975 0.6404 16
0.9004 0.6585 0.5909 12
0.9425 0.6492 0.605 21
0.9298 0.6697 0.6162 22
0.9313 0.7102 0.6535 16
0.9313 0.7102 0.6535 15
0.9446 0.6817 0.6377 16
0.928 0.6384 0.5892 12
0.9445 0.6751 0.6314 15
0.9407 0.658 0.6095 15
0.9413 0.6583 0.6122 18
0.9434 0.6511 0.6065 14
0.9195 0.6739 0.6131 16
0.935 0.6901 0.6359 20
0.9455 0.6885 0.6441 21
0.9414 0.6899 0.6423 12
0.9116 0.6933 0.6236 25
0.9311 0.6709 0.6214 22
0.9176 0.7719 0.7016 8
0.9415 0.6217 0.581 18
0.9433 0.6665 0.6233 21
0.9349 0.6732 0.6246 16
0.9514 0.6888 0.6441 19
0.9405 0.6294 0.5842 16
0.9267 0.6634 0.6067 25
0.9254 0.6902 0.6333 13
0.9349 0.6989 0.6422 13
0.9466 0.6656 0.6221 19
0.9556 0.6311 0.5984 37
0.9236 0.6443 0.5864 15
0.9393 0.6709 0.624 22
0.9416 0.6677 0.6244 14
0.9429 0.6483 0.6075 18
0.9415 0.7096 0.6609 22
0.9422 0.7301 0.676 20
0.9386 0.6542 0.6097 9
0.9476 0.6934 0.6474 12
0.9234 0.628 0.575 13
0.9283 0.6355 0.582 14
0.9413 0.6736 0.6246 20
0.9236 0.6549 0.5933 18
0.9417 0.5714 0.5301 16
0.9449 0.7166 0.672 18
0.9358 0.7246 0.6692 20
0.948 0.7235 0.6757 17
0.929 0.6156 0.5644 14
0.9066 0.6888 0.6166 28
0.9509 0.6859 0.6463 25
0.9377 0.6127 0.5675 22
0.9146 0.6894 0.6265 22
0.9228 0.6693 0.6089 13
0.9361 0.6481 0.5979 20
0.9324 0.6613 0.6131 11
0.9355 0.7165 0.663 18
0.9457 0.6714 0.6311 19
0.939 0.706 0.6557 29
0.9176 0.6899 0.6207 15
0.9279 0.6323 0.5834 10
0.9482 0.65 0.6136 20
0.9344 0.6489 0.5999 22
0.9312 0.638 0.5887 11
0.9428 0.6819 0.637 24
0.9434 0.6872 0.6408 15
0.9422 0.7077 0.6585 17
0.9468 0.6861 0.6399 16
0.9134 0.6694 0.6054 20
0.9398 0.6872 0.6356 18
0.9463 0.6767 0.6326 20
0.9231 0.6554 0.6017 18
0.9383 0.6918 0.6395 19
0.948 0.692 0.6508 24
0.9206 0.6397 0.5804 17
0.9297 0.684 0.6316 15
0.9305 0.6984 0.6435 21
0.9278 0.6611 0.6075 16
0.9272 0.6697 0.6136 19
0.9283 0.6732 0.6219 11
0.9342 0.6518 0.6041 12
0.9449 0.6171 0.5771 24
0.932 0.7177 0.6617 22
0.9169 0.7151 0.6494 15
0.9184 0.7051 0.6434 16
0.9348 0.6982 0.6427 24
0.9421 0.6859 0.6426 15
0.9342 0.698 0.6423 18
0.941 0.6981 0.6502 16
0.9432 0.6743 0.6314 13
0.9485 0.6499 0.6121 19
0.9417 0.6591 0.6112 17
0.9486 0.7003 0.6519 21
0.9321 0.676 0.626 11
0.952 0.7166 0.6745 29
0.9361 0.6523 0.6037 24
0.925 0.6997 0.6337 12
0.9363 0.7318 0.6712 15
0.938 0.6665 0.617 17
0.9391 0.6803 0.6311 23
0.9558 0.6923 0.6521 19
0.9401 0.6819 0.6312 24
0.9401 0.6725 0.6228 12
0.9292 0.6776 0.6226 14
0.9577 0.6622 0.624 15
0.9376 0.667 0.6176 15
0.9257 0.7383 0.6751 15
0.9494 0.6892 0.6424 19
0.9468 0.6853 0.6431 21
0.9458 0.6538 0.6104 30
0.9494 0.6892 0.6424 19
0.9343 0.6834 0.6288 16
0.9204 0.654 0.597 17
0.955 0.6795 0.6405 16
0.9552 0.6187 0.5826 21
0.9371 0.7131 0.6561 23
0.9396 0.6706 0.6225 22
0.9265 0.6713 0.6167 16
0.9389 0.7036 0.6527 25
0.9363 0.6836 0.6322 11
0.9366 0.6884 0.6344 31
0.9292 0.6655 0.6099 24
0.9504 0.6812 0.6347 27
0.9388 0.6699 0.618 28
0.943 0.663 0.6165 22
0.9379 0.6078 0.563 22
0.9404 0.7205 0.6666 10
0.946 0.7234 0.6734 16
0.9539 0.6612 0.6194 21
0.9467 0.6977 0.6509 18
0.9389 0.7081 0.6525 26
0.9486 0.6776 0.6343 14
0.9412 0.6227 0.5771 21
0.9241 0.6789 0.6163 23
0.9591 0.6775 0.6398 30
0.9399 0.6639 0.6118 20
0.9485 0.6364 0.5931 22
0.9396 0.6768 0.6239 24
0.935 0.6809 0.6313 10
0.9284 0.6571 0.6025 15
0.9369 0.6818 0.6311 19
0.9368 0.6656 0.6181 32
0.9237 0.6667 0.6102 25
0.9326 0.6832 0.6285 17
0.9216 0.7285 0.6611 25
0.9446 0.7469 0.6964 11
0.9337 0.6417 0.5926 15
0.9457 0.6327 0.5888 26
0.9527 0.6832 0.6404 23
0.9242 0.717 0.6519 19
0.9223 0.6707 0.6135 25
0.9331 0.7001 0.6452 19
0.9476 0.6458 0.6029 19
0.9265 0.6925 0.6349 18
0.9264 0.7003 0.6417 19
0.9413 0.6554 0.6107 20
0.9338 0.7099 0.6537 20
0.9521 0.6686 0.6288 25
0.9449 0.6923 0.6467 32
0.9384 0.6787 0.6272 19
0.9374 0.7058 0.6548 15
0.9265 0.6823 0.628 15
0.9212 0.6331 0.579 13
0.9268 0.686 0.6268 20
0.9195 0.6625 0.6036 19
0.9471 0.6983 0.6475 31
0.9327 0.671 0.6164 20
0.939 0.6754 0.6273 15
0.9372 0.6889 0.6373 15
0.9382 0.6862 0.6364 15
0.9498 0.7053 0.6564 16
0.9189 0.6354 0.576 22
0.9438 0.68 0.63 22
0.9395 0.6951 0.6423 13
0.9352 0.709 0.6509 30
0.9007 0.6723 0.602 12
0.9423 0.7232 0.6715 22
0.944 0.6838 0.6397 12
0.9323 0.6615 0.6081 13
0.944 0.6775 0.628 22
0.9321 0.6811 0.6289 29
0.9409 0.6685 0.6191 34
0.9562 0.7134 0.6736 19
0.9324 0.6618 0.6017 20
0.94 0.6558 0.6092 22
0.9237 0.7033 0.6394 19
0.9386 0.6365 0.5883 18
0.9082 0.6728 0.6063 20
0.9253 0.6948 0.6377 19
0.9242 0.6982 0.6349 13
0.9487 0.6457 0.6024 19
0.9254 0.672 0.6132 20