0.6639 0.5461 0.04639 26 0.3798 0.1954
0.6585 0.5598 0.03198 17 0.517 0.2448
0.5913 0.5495 0.01839 26 0.35 0.2443
0.5693 0.462 0.03273 19 0.4953 0.1965
0.6468 0.5082 0.03313 15 0.4181 0.2092
0.6075 0.4649 0.02746 27 0.4209 0.2015
0.5941 0.4758 0.01975 22 0.424 0.238
0.5921 0.4618 0.02905 24 0.4253 0.2223
0.6432 0.4477 0.01655 19 0.459 0.2828
0.6491 0.4844 0.03949 26 0.4518 0.2436
0.5984 0.4193 0.02047 27 0.3648 0.2204
0.5858 0.4651 0.02833 16 0.4903 0.1927
0.5193 0.4148 0.0277 21 0.4122 0.2188
0.5983 0.4698 0.009872 22 0.4747 0.2625
0.614 0.4463 0.03204 31 0.3995 0.1693
0.6544 0.4806 0.0207 27 0.4427 0.2529
0.5632 0.4699 0.0176 15 0.4837 0.2471
0.6529 0.5046 0.04628 20 0.4734 0.2431
0.6544 0.4806 0.02071 28 0.4427 0.2529
0.5848 0.5449 0.02916 28 0.4297 0.1998
0.6677 0.5022 0.0161 19 0.4941 0.2657
0.62 0.562 0.02508 25 0.5003 0.2623
0.6814 0.4637 0.03277 18 0.491 0.2865
0.6058 0.4847 0.02411 30 0.4513 0.2038
0.6244 0.5169 0.04025 21 0.421 0.2522
0.583 0.4905 0.03388 16 0.4013 0.2663
0.6233 0.5148 0.01517 17 0.4874 0.3115
0.5703 0.4435 0.009974 17 0.3851 0.2779
0.6389 0.5339 0.01696 16 0.4664 0.3195
0.6642 0.5614 0.03197 17 0.455 0.2864
0.6252 0.4912 0.02518 17 0.5548 0.2338
0.5712 0.4943 0.02683 19 0.4466 0.2084
0.6253 0.4764 0.02003 19 0.4321 0.2635
0.6083 0.549 0.0201 21 0.4341 0.1824
0.5866 0.4775 0.005444 18 0.4928 0.2718
0.5852 0.4769 0.01989 21 0.4211 0.2437
0.5764 0.5012 0.02335 17 0.3956 0.2786
0.6166 0.5035 0.02968 18 0.4429 0.2318
0.6214 0.4995 0.02476 20 0.4057 0.2576
0.5983 0.453 0.0246 26 0.4239 0.2175
0.6556 0.4761 0.02558 16 0.4549 0.2899
0.6786 0.5041 0.02799 33 0.4713 0.2432
0.5974 0.4328 0.01597 14 0.3942 0.2364
0.6414 0.4768 0.02844 23 0.4618 0.2391
0.6414 0.4944 0.01931 30 0.421 0.2516
0.6518 0.4682 0.01645 16 0.4947 0.2381
0.6518 0.4253 0.02136 26 0.4461 0.2211
0.6352 0.4993 0.045 18 0.3978 0.2622
0.5616 0.5002 0.01091 15 0.4267 0.2556
0.6042 0.477 0.02287 29 0.3985 0.2524
0.6129 0.4105 0.01777 28 0.3606 0.2174
0.6103 0.4738 0.02417 13 0.4443 0.2814
0.6168 0.5012 0.01384 12 0.4944 0.3237
0.5667 0.4963 0.0102 23 0.4106 0.2354
0.6095 0.4573 0.01015 15 0.5423 0.2691
0.6307 0.5049 0.04337 22 0.463 0.1852
0.61 0.491 0.01443 18 0.4596 0.2381
0.5583 0.4594 0.01696 22 0.3995 0.1872
0.6155 0.4703 0.02013 18 0.4544 0.2354
0.5849 0.5075 0.01537 24 0.4393 0.2708
0.6148 0.5034 0.01195 19 0.4741 0.2773
0.5881 0.547 0.02855 22 0.4589 0.2065
0.5839 0.4591 0.02601 14 0.4379 0.2543
0.6513 0.5272 0.007116 12 0.4859 0.3038
0.606 0.4825 0.02597 23 0.4399 0.22
0.6412 0.4478 0.01579 42 0.4237 0.2176
0.6128 0.4762 0.01694 17 0.4139 0.3179
0.618 0.5715 0.02998 23 0.4481 0.2356
0.6221 0.5185 0.02134 23 0.4611 0.2533
0.5987 0.4673 0.01846 21 0.4385 0.2424
0.5574 0.464 0.0223 26 0.4072 0.2185
0.5911 0.446 0.04602 23 0.4083 0.1476
0.5766 0.4296 0.006538 25 0.4206 0.2336
0.5905 0.4864 0.01784 21 0.4273 0.2253
0.6493 0.4224 0.02038 15 0.487 0.2413
0.6379 0.4953 0.02285 20 0.4333 0.2652
0.5619 0.4968 0.0108 13 0.464 0.2637
0.7148 0.5114 0.04192 13 0.4924 0.2751
0.6489 0.5405 0.03911 28 0.4425 0.231
0.6183 0.483 0.02232 14 0.4491 0.286
0.7048 0.5305 0.02954 17 0.5091 0.2662
0.6205 0.5094 0.03085 17 0.4608 0.2834
0.6403 0.4773 0.02862 28 0.449 0.2423
0.5688 0.5724 0.02039 24 0.4237 0.2047
0.6198 0.5439 0.02493 19 0.4688 0.2232
0.6095 0.4658 0.01895 21 0.3873 0.3033
0.6553 0.5788 0.01987 12 0.5374 0.3275
0.6149 0.5097 0.02116 14 0.504 0.2314
0.6335 0.5323 0.01436 14 0.4679 0.2812
0.6793 0.4842 0.03993 18 0.4912 0.2445
0.5793 0.4567 0.016 31 0.4089 0.2077
0.5769 0.5021 0.01852 12 0.5147 0.2689
0.5882 0.495 0.01669 11 0.4613 0.2563
0.6316 0.5127 0.03852 26 0.4171 0.1648
0.541 0.4489 0.0244 20 0.3991 0.208
0.6568 0.5142 0.04633 27 0.4175 0.2384
0.6305 0.4387 0.02471 25 0.4147 0.2013
0.6353 0.5199 0.02021 24 0.4313 0.2766
0.559 0.5189 0.02539 17 0.4162 0.2102
0.5824 0.4723 0.03521 20 0.375 0.1667
0.9321 0.729 0.01221 18 0.8454 0.5616
0.9381 0.7368 0.006583 17 0.8875 0.5423
0.9261 0.7092 0.007448 13 0.889 0.4489
0.933 0.7507 0.0067 22 0.8798 0.5468
0.9514 0.6993 0.004482 17 0.8968 0.5612
0.9115 0.665 0.009383 9 0.8857 0.5603
0.9494 0.7547 0.01166 14 0.8826 0.5356
0.9283 0.6919 0.0004319 14 0.8977 0.4789
0.9479 0.728 0.004562 19 0.884 0.5252
0.9555 0.6977 0.001942 16 0.8794 0.5662
0.9464 0.7416 0.006175 17 0.9116 0.5224
0.9378 0.751 0.01263 13 0.8777 0.512
0.9321 0.7678 0.00868 9 0.8739 0.6286
0.9551 0.7478 0.01792 16 0.8902 0.4667
0.9427 0.7037 0.001981 18 0.8782 0.5648
0.9195 0.7107 0.01183 27 0.834 0.4184
0.9535 0.736 0.0182 22 0.871 0.4876
0.955 0.7275 0.00972 20 0.8604 0.5115
0.9195 0.7107 0.009188 27 0.834 0.4184
0.9547 0.752 0.01606 24 0.8753 0.499
0.947 0.7178 0.01056 13 0.8988 0.4737
0.9475 0.7207 0.003522 15 0.8914 0.5386
0.9488 0.748 0.002143 16 0.8741 0.6399
0.9361 0.7699 0.0122 14 0.8849 0.5693
0.9496 0.735 0.008187 18 0.8584 0.5555
0.9453 0.7679 0.003437 17 0.8896 0.6013
0.9579 0.7183 0.004588 19 0.8907 0.5394
0.9436 0.7122 0.002966 10 0.8718 0.5922
0.9293 0.711 0.002971 18 0.8646 0.5727
0.9312 0.743 0.01119 16 0.8738 0.5423
0.8973 0.735 0.01003 11 0.8587 0.4753
0.9419 0.763 0.006966 26 0.8745 0.4789
0.9328 0.7423 0.009147 19 0.8545 0.5405
0.9537 0.7197 0.007341 19 0.8709 0.5266
0.9519 0.7293 0.007106 18 0.8955 0.534
0.9418 0.7341 0.009077 21 0.8928 0.4928
0.9455 0.7053 0.005853 15 0.8715 0.4843
0.9483 0.7039 0.01246 19 0.8881 0.5014
0.9514 0.7503 0.007532 13 0.898 0.6084
0.9561 0.7066 0.005992 28 0.8811 0.5257
0.963 0.7496 0.008385 20 0.8774 0.5009
0.9527 0.7109 0.01128 26 0.8949 0.4358
0.9488 0.7017 0.009976 18 0.8774 0.4984
0.9329 0.6806 0.002253 16 0.8734 0.5982
0.9332 0.7029 0.007604 15 0.8637 0.5302
0.9469 0.7195 0.01187 17 0.9025 0.568
0.9448 0.7414 0.00885 22 0.8737 0.5862
0.9454 0.739 0.005318 13 0.8781 0.6059
0.9228 0.745 0.007 16 0.8792 0.5014
0.9441 0.7458 0.01549 22 0.8604 0.573
0.9443 0.732 0.0111 21 0.8893 0.5115
0.9479 0.7065 0.007056 19 0.8699 0.475
0.9445 0.7119 0.01265 20 0.8726 0.5393
0.9459 0.7033 0.01264 18 0.8793 0.4746
0.9253 0.7254 0.006151 23 0.8634 0.5135
0.9407 0.7465 0.005475 9 0.8863 0.511
0.9492 0.7576 0.01616 18 0.8555 0.497
0.9492 0.7503 0.002638 31 0.8765 0.5445
0.9298 0.7084 0.009843 9 0.8914 0.5902
0.9485 0.6976 0.01264 20 0.8798 0.468
0.9406 0.7563 0.006209 12 0.8872 0.5454
0.9396 0.7271 0.01366 19 0.8786 0.4911
0.9431 0.7587 0.0119 12 0.8936 0.5897
0.9434 0.7328 0.00694 12 0.9013 0.5612
0.9211 0.7027 0.007334 13 0.8584 0.5391
0.9164 0.737 0.01128 19 0.876 0.5133
0.9402 0.7085 0.007106 12 0.888 0.5685
0.9603 0.7352 0.005569 17 0.9132 0.5804
0.9444 0.7356 0.001901 20 0.886 0.5318
0.9519 0.7307 0.006647 22 0.8798 0.5167
0.9456 0.7635 0.00547 17 0.8785 0.5807
0.9567 0.7024 0.009511 16 0.8856 0.4982
0.9496 0.7392 0.01203 21 0.8754 0.5402
0.9534 0.7248 0.008018 23 0.8833 0.4821
0.9463 0.7214 0.01021 15 0.8681 0.5142
0.9359 0.72 0.009612 22 0.8587 0.5251
0.9459 0.7487 0.01005 14 0.8724 0.5633
0.9494 0.7055 0.01909 19 0.8617 0.5224
0.9495 0.7372 0.009121 15 0.8936 0.5941
0.9541 0.7112 0.01382 25 0.865 0.497
0.9436 0.6998 0.003969 14 0.8969 0.4737
0.9405 0.7276 0.005159 7 0.8919 0.5774
0.9467 0.7029 0.007539 29 0.8768 0.5676
0.9276 0.7465 0.003752 13 0.872 0.4687
0.9555 0.7319 0.009067 27 0.8761 0.4795
0.9543 0.7254 0.007141 27 0.8633 0.5097
0.9457 0.7407 0.01373 27 0.8634 0.4576
0.9462 0.7332 0.008417 19 0.8829 0.538
0.9487 0.7465 0.016 27 0.8742 0.5581
0.9415 0.6858 0.001033 11 0.9098 0.5797
0.9482 0.738 0.01582 12 0.8701 0.5689
0.954 0.7245 0.008546 19 0.858 0.506
0.9351 0.7629 0.00362 16 0.8992 0.4894
0.9301 0.7698 0.001628 13 0.8952 0.558
0.951 0.7593 0.0125 21 0.8595 0.5218
0.9474 0.7036 0.01147 21 0.864 0.4846
0.9348 0.721 0.006065 22 0.8429 0.5072
0.9488 0.6956 0.004996 20 0.8821 0.5396
0.9497 0.733 0.01649 24 0.8885 0.4629
0.9463 0.7337 0.0299 25 0.8505 0.4042
0.8346 0.5317 0.02529 23 0.5475 0.3702
0.7318 0.5313 0.01988 20 0.5218 0.2793
0.7107 0.4928 0.009321 13 0.5854 0.3298
0.7712 0.5575 0.002381 24 0.6401 0.3027
0.7407 0.4622 0.01042 24 0.4607 0.3155
0.724 0.5261 0.01283 26 0.4847 0.3211
0.7687 0.5075 0.005101 17 0.6312 0.3646
0.8114 0.5527 0.01649 14 0.5407 0.3439
0.8093 0.5722 0.003584 16 0.5892 0.3664
0.6905 0.5051 0.0169 19 0.5368 0.29
0.6632 0.4599 0.02132 24 0.4315 0.2602
0.864 0.5444 0.01016 12 0.6126 0.39
0.7666 0.5132 0.01966 18 0.5615 0.3457
0.7631 0.5456 0.0168 24 0.5837 0.3714
0.7481 0.5565 0.02313 26 0.5781 0.25
0.8012 0.5089 0.03129 23 0.5321 0.3284
0.6884 0.5112 0.008844 15 0.5484 0.3215
0.7354 0.4676 0.0133 20 0.5069 0.3286
0.8012 0.5089 0.03129 23 0.5321 0.3284
0.7989 0.538 0.0296 15 0.5957 0.3371
0.7732 0.5623 0.01529 20 0.6525 0.3627
0.7978 0.5679 0.0192 21 0.58 0.3927
0.7588 0.5643 0.01726 15 0.5662 0.3509
0.7564 0.4746 0.02313 38 0.5216 0.2838
0.8533 0.5808 0.02515 16 0.5801 0.3636
0.7538 0.5681 0.01503 30 0.5714 0.2926
0.7702 0.5132 0 13 0.588 0.3466
0.8266 0.5845 0.0356 18 0.6317 0.3537
0.7074 0.5109 0.01468 20 0.5872 0.2965
0.77 0.5258 0.01885 17 0.5849 0.2797
0.8568 0.563 0.0006667 15 0.6267 0.3912
0.7906 0.5147 0.0121 16 0.5824 0.3356
0.7183 0.4876 0.01111 21 0.5077 0.3185
0.8261 0.5174 0.01565 18 0.5996 0.3526
0.7591 0.5097 0.01805 22 0.5805 0.2763
0.775 0.4789 0.01728 19 0.5536 0.3316
0.7565 0.5438 0.02077 23 0.5342 0.3134
0.8158 0.4899 0.03584 27 0.5526 0.3221
0.8146 0.5345 0.008281 13 0.6427 0.4055
0.766 0.4861 4.749e-05 15 0.5808 0.3273
0.7258 0.5304 0.02323 21 0.5601 0.2946
0.7441 0.5013 0.02997 28 0.5249 0.259
0.7709 0.575 0.02348 16 0.6101 0.2752
0.7652 0.5394 0.01504 18 0.5309 0.358
0.783 0.4968 0.01248 12 0.6702 0.3538
0.7424 0.4679 0.01081 16 0.5645 0.2977
0.7864 0.5179 0.02096 18 0.6171 0.3344
0.7522 0.5194 0.01958 15 0.4865 0.2994
0.8089 0.5555 0.0107 17 0.6338 0.3482
0.7289 0.5137 0.01154 19 0.5904 0.2745
0.7611 0.5356 0.03213 20 0.5545 0.2676
0.8105 0.5434 0.01535 18 0.6392 0.41
0.7453 0.5228 0.02853 16 0.5994 0.322
0.7467 0.5066 0.01197 12 0.5771 0.3141
0.7976 0.553 0.02512 23 0.6465 0.3411
0.8255 0.5784 0.01237 13 0.6457 0.4149
0.8257 0.5616 0.009686 9 0.6298 0.412
0.8071 0.5245 0.006523 13 0.6545 0.3362
0.7305 0.5216 0.02427 33 0.5661 0.2876
0.8095 0.5349 0.01319 23 0.5927 0.2901
0.7723 0.5191 0.02756 19 0.6283 0.3369
0.7586 0.5491 0.002187 20 0.6184 0.304
0.7969 0.5315 0.02455 17 0.5461 0.2977
0.7817 0.5648 0.01049 22 0.6025 0.3452
0.7441 0.5154 0.02545 22 0.5541 0.2504
0.7939 0.5486 0.01158 13 0.5933 0.2991
0.7059 0.513 0.01811 11 0.5362 0.2749
0.7529 0.5645 0.02083 23 0.5544 0.2381
0.7804 0.5411 0.01501 12 0.6503 0.3251
0.8225 0.5233 0.02532 16 0.6707 0.3268
0.7646 0.5231 0.01826 14 0.5494 0.3235
0.7305 0.5562 0.01829 13 0.589 0.3341
0.781 0.509 0.006814 16 0.6053 0.299
0.7997 0.5084 0.01069 17 0.5472 0.372
0.7769 0.5426 0.02323 11 0.6115 0.3026
0.7282 0.509 0.03302 21 0.5111 0.2867
0.7514 0.4803 0.01935 23 0.5187 0.294
0.7585 0.5042 0.02128 28 0.6015 0.3072
0.8246 0.5309 0.01309 18 0.5991 0.3506
0.7267 0.5769 0.008371 17 0.6418 0.3166
0.807 0.4969 0.03403 16 0.5746 0.3151
0.8011 0.498 0.02346 18 0.5261 0.3129
0.7682 0.5212 0.03079 17 0.5521 0.3187
0.7625 0.5095 0.02349 14 0.586 0.2968
0.8277 0.5686 0.01607 21 0.635 0.3749
0.7254 0.4926 0.02418 7 0.5547 0.324
0.8183 0.5618 0.02717 17 0.5936 0.3223
0.7523 0.5223 0.01501 14 0.5083 0.3509
0.7802 0.5063 0.01036 13 0.5447 0.3345
0.724 0.5472 0.01423 26 0.5228 0.3305
0.7188 0.5108 0.01408 22 0.5566 0.3126
0.7424 0.5405 0.02015 20 0.6077 0.3015
0.7638 0.5557 0.007926 12 0.6354 0.3101
0.7155 0.4967 0.006998 15 0.5242 0.3446
0.6943 0.5647 0.01717 18 0.5472 0.2807
0.8228 0.5586 0.01895 21 0.6127 0.3493
0.726 0.5599 0.006332 13 0.6103 0.3462
0.8107 0.5659 0.02392 23 0.571 0.3309
0.7691 0.5133 0.001496 17 0.6104 0.3528
0.7207 0.5404 0.01276 11 0.5989 0.2883
0.6194 0.4516 0.004501 11 0.5672 0.2222
0.6424 0.4016 0.01467 29 0.4706 0.2289
0.634 0.4116 0.01846 18 0.4961 0.2072
0.713 0.4854 0.009034 34 0.4976 0.325
0.6168 0.4343 0.01061 14 0.5246 0.2831
0.6733 0.4181 0.008726 18 0.5492 0.2553
0.6762 0.4839 0.009342 21 0.5516 0.2557
0.6981 0.497 0.008849 18 0.5777 0.3125
0.6447 0.4628 0.009926 20 0.5287 0.2734
0.6949 0.4739 0.006643 21 0.5307 0.3496
0.7416 0.4184 0.008614 12 0.5498 0.3211
0.6546 0.4971 0.009416 14 0.5087 0.3173
0.6834 0.4548 0.03112 27 0.4248 0.2145
0.6709 0.4397 0.01075 16 0.5424 0.3358
0.6517 0.4977 0.01982 19 0.5159 0.3366
0.6208 0.4941 0.01367 17 0.5241 0.2307
0.6903 0.4074 0.01943 18 0.5125 0.2738
0.7422 0.457 0.01488 19 0.5365 0.305
0.6208 0.4941 0.008116 18 0.5241 0.2307
0.6693 0.4538 0.01154 16 0.5104 0.3009
0.6838 0.4227 0.01653 26 0.477 0.2566
0.7466 0.5203 0.00838 16 0.6139 0.3291
0.7128 0.4335 0.01375 14 0.5409 0.334
0.6591 0.428 0.006827 14 0.5797 0.283
0.7163 0.4785 0.01301 16 0.6035 0.2978
0.6409 0.4874 0.01499 11 0.575 0.3176
0.7232 0.5204 0.01843 18 0.5626 0.2932
0.741 0.4387 0.01392 17 0.4273 0.2808
0.6739 0.4552 0.02043 22 0.5222 0.2565
0.6321 0.4312 0.01859 24 0.4914 0.25
0.7269 0.4661 0.02276 28 0.4973 0.2551
0.7327 0.384 0.0191 21 0.4874 0.274
0.6056 0.3811 0.009186 17 0.4108 0.2538
0.6938 0.4516 0.01721 12 0.5375 0.3421
0.5906 0.4094 0.01317 19 0.493 0.2518
0.6355 0.4642 0.005689 30 0.4989 0.2394
0.6667 0.4414 0.01711 11 0.5105 0.3206
0.6529 0.4169 0.01734 14 0.5215 0.2861
0.6746 0.4381 0.01633 12 0.5086 0.2735
0.6045 0.391 0.009437 15 0.4587 0.1799
0.7043 0.4911 0.02115 13 0.5806 0.2783
0.6527 0.3768 0.02592 17 0.4757 0.2028
0.6598 0.4553 0.0058 17 0.5319 0.3421
0.6266 0.4403 0.01676 21 0.4792 0.276
0.6676 0.4408 0.01635 16 0.5496 0.2588
0.6544 0.3982 0.01122 17 0.5105 0.2716
0.6646 0.4126 0.002209 7 0.5866 0.3165
0.7852 0.4917 0.01507 13 0.6233 0.3587
0.6715 0.469 0.02129 18 0.5101 0.2745
0.7157 0.401 0.01341 7 0.608 0.3063
0.7129 0.4384 0.01109 16 0.4918 0.2978
0.6494 0.4418 0.008491 12 0.5288 0.3045
0.722 0.5054 0.009892 12 0.6147 0.3395
0.6157 0.4275 0.01518 8 0.5648 0.2591
0.6041 0.3591 0.004192 14 0.4952 0.2801
0.5868 0.432 0.003596 13 0.5047 0.2289
0.7346 0.4255 0.02382 14 0.4921 0.2723
0.6913 0.4359 0.01794 9 0.5774 0.267
0.7202 0.4489 0.0169 26 0.5559 0.2646
0.6863 0.4867 0.01367 12 0.5686 0.3126
0.6379 0.4556 0.02107 19 0.512 0.2656
0.6232 0.4529 0.007625 12 0.529 0.3272
0.6607 0.4731 0.02385 20 0.4991 0.2702
0.7056 0.4276 0.00725 13 0.6121 0.2782
0.6287 0.4887 0.01407 19 0.5123 0.3139
0.6901 0.4615 0.007966 26 0.5229 0.2711
0.5306 0.4184 0.005616 12 0.4744 0.266
0.7064 0.4886 0.002656 17 0.6204 0.3426
0.7096 0.4822 0.01069 22 0.5115 0.3077
0.6994 0.4606 0.007504 14 0.5906 0.2945
0.69 0.464 0.02886 26 0.4564 0.2314
0.6887 0.4751 0.0273 19 0.458 0.248
0.6725 0.471 0.02388 18 0.5324 0.2695
0.6347 0.4634 0.01049 20 0.547 0.2615
0.6948 0.4771 0.01085 18 0.5511 0.2633
0.6149 0.4282 0.01337 24 0.5303 0.2541
0.6777 0.4248 0.01045 16 0.5472 0.2407
0.6154 0.4359 0.0123 11 0.4916 0.2633
0.7074 0.49 0.03464 16 0.5311 0.3228
0.6936 0.4966 0.01022 16 0.5411 0.3335
0.6876 0.4944 0.008289 16 0.5811 0.3347
0.6154 0.4524 0.0247 16 0.5268 0.2295
0.6792 0.3955 0.01362 18 0.5362 0.274
0.6928 0.4626 0.01537 19 0.5666 0.2516
0.6779 0.4661 0.01072 24 0.5257 0.2897
0.5979 0.4216 0.002613 23 0.4475 0.2417
0.7035 0.4892 0.008566 20 0.5433 0.2975
0.6731 0.4566 0.01256 18 0.4876 0.2405
0.6579 0.3981 0.02148 19 0.4512 0.232
0.6399 0.4709 0.01904 12 0.534 0.2832
0.6283 0.4692 0.01751 15 0.5461 0.2448
0.6856 0.4491 0.01473 30 0.4801 0.2862
0.6342 0.4505 0.01365 15 0.5206 0.2448
0.6543 0.4688 0.01752 21 0.5629 0.2603
0.6589 0.3987 0.009815 13 0.5234 0.3207
0.7122 0.4294 0.02597 16 0.5017 0.2853
0.654 0.3838 0.02142 16 0.5167 0.2743
0.6777 0.4533 0.005105 14 0.5558 0.3262
0.7205 0.4227 0.009913 23 0.5667 0.287
0.6257 0.438 0.01231 14 0.5485 0.2695
0.9177 0.6551 0.009872 11 0.8469 0.454
0.9455 0.6766 0.01206 24 0.8247 0.3903
0.9306 0.6517 0.01165 18 0.8573 0.4412
0.9232 0.7009 0.01191 20 0.8237 0.4679
0.9311 0.6717 0.031 21 0.7908 0.4484
0.9198 0.6959 0.02841 21 0.8209 0.4001
0.9142 0.6646 0.02647 24 0.7627 0.3814
0.9128 0.6846 0.007026 21 0.8645 0.3932
0.9175 0.7066 0.01445 17 0.859 0.4665
0.9342 0.6679 0.008234 24 0.8437 0.4087
0.9155 0.6843 0.003376 21 0.8319 0.4692
0.9212 0.6886 0.007797 22 0.8495 0.443
0.932 0.7033 0.0208 31 0.8171 0.3993
0.947 0.6683 0.02931 27 0.8328 0.3053
0.9133 0.6761 0.02231 28 0.7933 0.3849
0.9308 0.752 0.03653 29 0.7889 0.4028
0.9146 0.6694 0.01231 31 0.8482 0.4571
0.936 0.7347 0.01418 14 0.8541 0.4699
0.9308 0.752 0.03695 30 0.7889 0.4028
0.9301 0.7094 0.008708 21 0.8266 0.4283
0.9175 0.6851 0.00898 20 0.8167 0.475
0.9137 0.6892 0.009423 26 0.7795 0.4802
0.9118 0.6323 0.01577 24 0.7922 0.4014
0.9354 0.6434 0.003598 26 0.8632 0.4151
0.9344 0.6393 0.01259 28 0.8418 0.444
0.9286 0.7333 0.0248 29 0.842 0.4259
0.9204 0.7014 0.01254 22 0.8161 0.5055
0.9366 0.6845 0.01749 23 0.872 0.4044
0.9221 0.6708 0.004125 17 0.8444 0.5248
0.9315 0.66 0.01998 20 0.8184 0.453
0.926 0.656 0.01505 15 0.8487 0.4433
0.9133 0.6833 0.007711 17 0.8359 0.4431
0.8989 0.6302 0.005976 20 0.7824 0.4087
0.948 0.6437 0.01582 28 0.8261 0.4256
0.9153 0.7009 0.01035 20 0.8386 0.4686
0.9356 0.6979 0.008711 21 0.835 0.4662
0.9244 0.6799 0.008971 16 0.8608 0.4736
0.9323 0.6349 0.01352 33 0.8056 0.3786
0.9396 0.658 0.01547 25 0.8311 0.46
0.936 0.6975 0.005178 16 0.8364 0.5385
0.9144 0.6525 0.01443 27 0.8198 0.4029
0.9208 0.6851 0.01574 20 0.8125 0.4193
0.9164 0.6584 0.02113 18 0.8052 0.3961
0.9232 0.6595 0.0171 19 0.8332 0.388
0.9345 0.6927 0.01492 36 0.8005 0.4317
0.8916 0.6634 0.01434 19 0.7657 0.4681
0.9217 0.6852 0.01269 17 0.8485 0.4631
0.9179 0.7066 0.02188 24 0.8322 0.4107
0.9027 0.7198 0.007585 20 0.8425 0.4979
0.899 0.7237 0.02301 13 0.8 0.4879
0.9429 0.6808 0.02898 30 0.7999 0.3932
0.9309 0.653 0.0107 16 0.8797 0.5013
0.9295 0.6831 0.02098 24 0.8383 0.4139
0.9272 0.7027 0.01187 18 0.784 0.5242
0.9265 0.717 0.01398 18 0.8613 0.5062
0.9084 0.6861 0.006529 10 0.8651 0.4661
0.9315 0.6411 0.01296 23 0.8479 0.3979
0.9329 0.7209 0.01227 29 0.8524 0.4326
0.9112 0.6541 0.01465 16 0.8368 0.4719
0.9269 0.731 0.0182 24 0.8038 0.5543
0.9315 0.6643 0.01034 22 0.8083 0.4709
0.9336 0.7084 0.006924 19 0.8475 0.4789
0.9315 0.7087 0.01969 18 0.7977 0.4453
0.9231 0.6885 0.01246 29 0.8229 0.4462
0.9309 0.7102 0.01573 22 0.8315 0.4554
0.9315 0.6582 0.01568 22 0.8004 0.4755
0.9135 0.6753 0.0171 30 0.7989 0.3997
0.9007 0.6794 0.01579 9 0.8499 0.4484
0.8959 0.6944 0.004231 20 0.8477 0.457
0.9354 0.6392 0.007148 21 0.8015 0.4058
0.9285 0.7026 0.01087 23 0.8461 0.4976
0.9366 0.7002 0.005352 26 0.8558 0.4674
0.9217 0.6952 0.02351 24 0.8073 0.4436
0.8987 0.6979 0.03727 20 0.8033 0.416
0.9359 0.6918 0.009984 21 0.8605 0.4255
0.9327 0.6416 0.03001 27 0.8095 0.3933
0.9091 0.6419 0.01325 26 0.7773 0.4211
0.9203 0.6887 0.01303 16 0.804 0.4714
0.9152 0.6763 0.01567 18 0.8268 0.4512
0.9309 0.6478 0.01145 22 0.7875 0.4073
0.9322 0.6838 0.009233 32 0.8128 0.443
0.9178 0.675 0.01821 21 0.8274 0.4759
0.9331 0.6857 0.01238 30 0.8642 0.3849
0.9349 0.7491 0.01847 23 0.8678 0.3933
0.9225 0.6261 0.01248 19 0.7947 0.4167
0.9255 0.7229 0.01791 28 0.822 0.3823
0.9266 0.7026 0.009961 22 0.8101 0.4818
0.931 0.7167 0.01465 21 0.8225 0.4258
0.9068 0.7039 0.01273 28 0.7977 0.4401
0.931 0.6862 0.01192 16 0.8084 0.5038
0.9341 0.7293 0.02647 33 0.8343 0.3634
0.9332 0.7252 0.02763 23 0.84 0.426
0.932 0.7199 0.00887 20 0.8379 0.4596
0.9217 0.6915 0.009803 16 0.7962 0.531
0.9095 0.6342 0.0152 18 0.8057 0.4568
0.9448 0.6579 0.009428 31 0.8395 0.4961
0.9312 0.7087 0.01745 23 0.8035 0.465
0.9309 0.6757 0.008366 20 0.8163 0.4802
0.9416 0.7177 0.01413 20 0.7886 0.3993
0.9198 0.6943 0.01247 29 0.8129 0.4988
0.921 0.6777 0.008714 22 0.8371 0.4335
0.9189 0.657 0.003861 8 0.8514 0.5249
0.9316 0.6499 0.01683 34 0.827 0.399
0.9345 0.6599 0.008362 19 0.8283 0.4516
0.9351 0.6284 0.009825 18 0.8258 0.4554
0.942 0.6837 0.01691 20 0.8405 0.4947
0.9253 0.7066 0.01466 21 0.8609 0.4182
0.9255 0.6393 0.00911 22 0.8443 0.4245
0.9309 0.6677 0.01482 13 0.8527 0.4957
0.9279 0.7182 0.02406 25 0.8247 0.3958
0.9386 0.6814 0.0165 26 0.8719 0.3982
0.9324 0.6437 0.008732 22 0.8069 0.4327
0.921 0.7187 0.01142 25 0.8319 0.4681
0.9147 0.6586 0.009021 28 0.853 0.4237
0.9196 0.6757 0.01434 17 0.8551 0.3994
0.9327 0.6924 0.01837 23 0.8295 0.4555
0.9342 0.7152 0.006342 26 0.8405 0.3809
0.9266 0.6745 0.009857 29 0.848 0.3878
0.9327 0.6924 0.01837 23 0.8295 0.4555
0.9139 0.6911 0.007353 19 0.8352 0.5218
0.9324 0.617 0.009116 25 0.8271 0.3996
0.9328 0.6512 0.01197 16 0.8379 0.4448
0.9126 0.7137 0.02372 26 0.8141 0.3718
0.9205 0.636 0.01502 23 0.8113 0.4291
0.9274 0.6994 0.0159 31 0.8107 0.4466
0.9273 0.6905 0.008068 20 0.8512 0.4944
0.9377 0.682 0.01688 24 0.8511 0.4149
0.9376 0.666 0.01584 22 0.8122 0.4145
0.9309 0.6491 0.008298 28 0.8387 0.448
0.929 0.655 0.01417 22 0.8327 0.4458
0.9247 0.6994 0.01522 23 0.8347 0.4601
0.9284 0.7094 0.0196 21 0.8468 0.3872
0.9347 0.6504 0.006299 26 0.8073 0.4272
0.9254 0.6883 0.009238 18 0.8474 0.3955
0.9445 0.6268 0.008399 26 0.8085 0.4715
0.9223 0.6789 0.01193 23 0.8507 0.5103
0.9368 0.6372 0.007624 24 0.8397 0.466
0.9172 0.6719 0.007063 14 0.8349 0.4847
0.9296 0.7116 0.01596 22 0.8531 0.437
0.9274 0.6508 0.02135 20 0.8267 0.3622
0.9281 0.7243 0.009269 22 0.8385 0.4115
0.9266 0.74 0.01234 21 0.8269 0.4616
0.9123 0.6997 0.02097 32 0.7928 0.3662
0.9298 0.6908 0.01368 25 0.8426 0.3886
0.9292 0.6778 0.02462 26 0.8198 0.3935
0.9319 0.6739 0.02746 23 0.8452 0.3859
0.9359 0.7137 0.009823 29 0.8522 0.39
0.9403 0.6648 0.01698 29 0.8436 0.4345
0.9041 0.6607 0.007106 19 0.8142 0.4575
0.9173 0.699 0.007721 34 0.8155 0.3797
0.9378 0.6723 0.01974 30 0.821 0.3934
0.918 0.6734 0.02887 29 0.8039 0.3772
0.9463 0.6815 0.01259 22 0.8319 0.4129
0.9336 0.692 0.01589 27 0.8421 0.4544
0.927 0.6973 0.02176 26 0.8428 0.4503
0.9396 0.7073 0.01929 21 0.8354 0.436
0.9386 0.7023 0.02383 16 0.8543 0.3898
0.9537 0.6892 0.01369 20 0.8776 0.4365
0.9219 0.6937 0.003657 19 0.8404 0.4706
0.9312 0.6949 0.006088 24 0.8288 0.4768
0.943 0.7298 0.01972 25 0.8278 0.3954
0.9321 0.694 0.02064 18 0.8613 0.4162
0.9198 0.6807 0.01608 20 0.8787 0.4783
0.9434 0.726 0.02688 36 0.8169 0.365
0.9135 0.6719 0.005459 13 0.8451 0.4808
0.9139 0.687 0.007164 17 0.8144 0.4632
0.9429 0.6566 0.01988 18 0.8467 0.4356
0.9375 0.6913 0.007193 19 0.8494 0.4552
0.928 0.6701 0.006883 19 0.8282 0.4467
0.9164 0.7257 0.01432 26 0.8104 0.4057
0.9389 0.721 0.01919 27 0.8457 0.4263
0.9415 0.6698 0.01508 23 0.8617 0.4344
0.9178 0.7136 0.008851 24 0.8049 0.394
0.8991 0.654 0.01762 16 0.8375 0.4263
0.9301 0.6827 0.009476 20 0.8407 0.5129
0.9301 0.7308 0.01473 25 0.8405 0.4169
0.9249 0.6811 0.01275 18 0.854 0.4907
0.941 0.665 0.004599 18 0.8491 0.5069
0.9289 0.7154 0.01631 15 0.8349 0.3893
0.9011 0.6305 0.01284 12 0.8158 0.4063
0.9269 0.6716 0.01102 22 0.8393 0.4087
0.9254 0.6518 0.01669 30 0.8213 0.4205
0.9315 0.6696 0.0125 19 0.8353 0.5173
0.9362 0.6949 0.01428 27 0.8371 0.3782
0.9301 0.6413 0.02278 18 0.8167 0.4347
0.9267 0.6683 0.01415 32 0.8214 0.4254
0.9372 0.6932 0.01507 27 0.8008 0.4053
0.9341 0.7008 0.01953 28 0.805 0.3975
0.9323 0.7251 0.00906 21 0.8471 0.484
0.9278 0.657 0.01168 25 0.8186 0.4714
0.9332 0.689 0.0228 33 0.7953 0.4358
0.929 0.6854 0.009428 23 0.8316 0.4828
0.9379 0.6534 0.008432 23 0.7818 0.455
0.9435 0.7014 0.01124 26 0.8273 0.4512
0.9376 0.7046 0.02704 17 0.8416 0.4166
0.9285 0.7152 0.01827 18 0.8538 0.482
0.9375 0.672 0.01759 19 0.8249 0.3931
0.9298 0.6459 0.007158 21 0.8352 0.4831
0.9343 0.6856 0.01516 15 0.8463 0.3866
0.9401 0.677 0.01707 20 0.8452 0.4676
0.7386 0.4871 0.007074 9 0.607 0.3208
0.7603 0.5887 0.006421 21 0.6297 0.4003
0.7418 0.4528 0.01144 19 0.554 0.3136
0.7187 0.5211 0.0071 18 0.631 0.326
0.708 0.4949 0.008684 19 0.5601 0.309
0.6883 0.4913 0.01335 14 0.5761 0.2897
0.7537 0.5142 0.02936 23 0.6309 0.31
0.7242 0.4912 0.03223 19 0.5871 0.2992
0.7007 0.523 0.00775 19 0.6221 0.3143
0.7333 0.5089 0.005908 15 0.5905 0.3485
0.6903 0.6054 0.01889 16 0.6136 0.32
0.6639 0.5194 0.03015 14 0.5128 0.3168
0.6856 0.5117 0.006729 10 0.5881 0.3324
0.744 0.5809 0.009636 23 0.6547 0.385
0.7294 0.5336 0.01011 11 0.6374 0.3357
0.686 0.4982 0.005049 17 0.5399 0.3368
0.7344 0.5245 0.01204 19 0.6297 0.3269
0.7374 0.6179 0.02535 20 0.6353 0.3227
0.686 0.4982 0.004897 18 0.5399 0.3368
0.6993 0.5009 0.01428 20 0.594 0.2729
0.714 0.4829 0.01343 23 0.5667 0.283
0.7695 0.5365 0.01814 19 0.585 0.3365
0.7273 0.5066 0.003295 12 0.5611 0.2831
0.7083 0.521 0.01646 17 0.545 0.3248
0.7575 0.5609 0.03148 13 0.6232 0.3031
0.6488 0.48 0.01798 3 0.6424 0.4604
0.6813 0.4301 0.005097 16 0.5217 0.3484
0.767 0.5888 0.01437 10 0.7221 0.398
0.7076 0.5168 0.006093 9 0.6574 0.3047
0.7189 0.5613 0.01056 7 0.6099 0.3975
0.7762 0.4905 0.0145 21 0.5596 0.2793
0.6413 0.5031 0.02337 17 0.5341 0.216
0.7507 0.559 0.01602 29 0.5786 0.3327
0.7251 0.5347 0.0183 18 0.5641 0.3274
0.6927 0.4758 0.01406 13 0.4327 0.3185
0.6703 0.5375 0.01831 12 0.5564 0.3144
0.7677 0.557 0.03285 18 0.6312 0.3632
0.6592 0.5278 0.0003663 15 0.558 0.2747
0.7437 0.5685 0.0199 11 0.708 0.32
0.6692 0.5472 0.0245 16 0.5237 0.2908
0.7462 0.5308 0.008272 17 0.6251 0.3811
0.6983 0.5787 0.0001748 16 0.6132 0.34
0.7283 0.5496 0.004455 14 0.6153 0.4025
0.7165 0.4933 0.01183 18 0.5235 0.2703
0.7859 0.6297 0.02021 22 0.6854 0.3505
0.6766 0.4593 0.008212 24 0.5022 0.2539
0.7205 0.5015 0.01155 27 0.5549 0.2583
0.7355 0.4826 0.00701 6 0.6003 0.4152
0.72 0.5527 0.01914 8 0.6533 0.2631
0.7271 0.5164 0.005125 16 0.6307 0.3484
0.7266 0.4712 0.00579 14 0.5802 0.3744
0.76 0.5341 0.007082 16 0.5688 0.384
0.736 0.5159 0.03367 28 0.5292 0.2506
0.705 0.5502 0.02343 27 0.58 0.2593
0.6902 0.5025 0.0199 19 0.6 0.2854
0.7109 0.5832 0.007994 17 0.6292 0.268
0.743 0.5237 0.01625 12 0.5504 0.3079
0.6592 0.5213 0.003107 11 0.564 0.2889
0.7024 0.5177 0.008532 17 0.5448 0.2632
0.6084 0.4236 0.004059 10 0.5327 0.301
0.7242 0.527 0.01663 16 0.6209 0.2802
0.6669 0.4924 0.0316 16 0.5489 0.3057
0.7338 0.5146 0.02677 14 0.6193 0.3479
0.6818 0.428 0.01353 19 0.5482 0.2394
0.6683 0.5144 0.02016 16 0.6133 0.3361
0.7158 0.5071 0.004515 22 0.5887 0.3203
0.7347 0.5317 0.01228 19 0.6282 0.3579
0.7385 0.5838 0.001538 15 0.6497 0.3784
0.6773 0.5151 0.01205 20 0.5564 0.2532
0.7195 0.5506 0.0166 30 0.5806 0.3271
0.766 0.5365 0.005841 15 0.66 0.3873
0.6083 0.4522 0.008564 8 0.4926 0.3035
0.6466 0.4657 0.006128 20 0.5234 0.2853
0.6926 0.4374 0.002014 20 0.5537 0.3111
0.7129 0.5315 0.003263 16 0.6456 0.4003
0.6584 0.5964 0.02957 15 0.5784 0.301
0.6984 0.5279 0.02409 17 0.5726 0.2814
0.751 0.5447 0.005861 7 0.6842 0.3937
0.7082 0.5209 0.0111 17 0.5794 0.3424
0.7416 0.5133 0.006497 12 0.6172 0.3881
0.7545 0.4754 0.01608 13 0.591 0.3001
0.7093 0.4583 0.01241 13 0.5325 0.3322
0.7157 0.5495 0.01033 10 0.6245 0.4034
0.7498 0.4789 0.007413 17 0.5928 0.3445
0.7363 0.4824 0.01213 16 0.5365 0.3423
0.725 0.5106 0.01019 19 0.5731 0.3223
0.6869 0.4544 0.004779 11 0.5825 0.3421
0.7463 0.5736 0.00365 10 0.6689 0.4035
0.6732 0.4707 0.0251 16 0.584 0.312
0.7366 0.5196 0.01393 19 0.5001 0.2661
0.7667 0.5511 0.02433 15 0.6091 0.3813
0.6509 0.5113 0.01871 12 0.5347 0.2574
0.7039 0.6033 0.02258 14 0.6246 0.3336
0.6911 0.527 0.01078 15 0.6312 0.2874
0.7224 0.5035 0.01479 14 0.6159 0.292
0.6957 0.5589 0.008272 17 0.61 0.3478
0.7475 0.542 0.04961 23 0.5467 0.3923
0.6252 0.5492 0.005512 12 0.5808 0.264
0.7874 0.5995 0.0272 10 0.6986 0.4012
0.6831 0.5602 0 5 0.6566 0.5213
0.9478 0.678 0.004179 11 0.9094 0.3995
0.9433 0.7215 0.00404 23 0.8973 0.4592
0.9415 0.723 0.004866 8 0.8852 0.5424
0.9326 0.6842 0.004867 9 0.8869 0.4286
0.9385 0.6766 0.006845 12 0.8904 0.4114
0.9447 0.692 0.01037 17 0.8808 0.4498
0.9493 0.7138 0.005612 13 0.9141 0.4704
0.9427 0.7143 0.005607 11 0.8965 0.449
0.9391 0.7406 0.006076 12 0.9107 0.46
0.927 0.7218 0.009403 7 0.9154 0.4615
0.9339 0.7147 0.009988 21 0.8858 0.4499
0.9405 0.7568 0.002554 14 0.8814 0.4399
0.9434 0.7037 0.001808 16 0.9045 0.4596
0.9417 0.6593 0.007695 17 0.8959 0.411
0.9413 0.6632 0.003793 7 0.9007 0.4666
0.9601 0.7205 0.003133 13 0.9149 0.5274
0.9246 0.6981 0.007594 15 0.9088 0.4157
0.9373 0.7386 0.01003 19 0.8643 0.4591
0.9601 0.7205 0.003133 13 0.9149 0.5274
0.9384 0.6964 0.004671 9 0.8735 0.5142
0.9551 0.7254 0.009802 17 0.8957 0.4265
0.9414 0.7179 0.01037 15 0.9055 0.4395
0.9584 0.7346 0.006673 21 0.8994 0.4868
0.93 0.7058 0.003856 13 0.8665 0.4276
0.9616 0.6562 0.01118 17 0.9054 0.4081
0.9217 0.6803 0.003473 12 0.8662 0.4122
0.93 0.6891 0.006771 10 0.8742 0.4531
0.9266 0.6908 0.004521 10 0.893 0.4487
0.93 0.6789 0.001899 10 0.8969 0.3631
0.9234 0.7341 0.001994 18 0.876 0.4619
0.9201 0.6752 0.01114 13 0.8847 0.3831
0.9411 0.7323 0.01725 17 0.887 0.4397
0.9355 0.748 0.002676 5 0.8867 0.5787
0.934 0.6877 0.002954 15 0.8858 0.4745
0.9317 0.6594 0.003242 15 0.9025 0.4577
0.9362 0.7555 0.004898 6 0.8991 0.5228
0.9445 0.6684 0.001847 16 0.8807 0.439
0.9026 0.7255 0.004789 14 0.8651 0.5046
0.9569 0.6665 0.006191 18 0.8995 0.4377
0.9436 0.6914 0.005087 11 0.8978 0.4469
0.9499 0.7164 0.007585 17 0.8918 0.4836
0.9455 0.6831 0.006868 16 0.8813 0.4027
0.9396 0.6777 0.007857 11 0.8973 0.3979
0.951 0.7365 0.01014 19 0.879 0.4923
0.9465 0.7654 0.006331 12 0.8939 0.5231
0.9339 0.6972 0.008565 15 0.885 0.4324
0.9524 0.7107 0.004108 17 0.8934 0.4449
0.9507 0.6719 0.005963 9 0.8835 0.4577
0.9611 0.6707 0.00779 16 0.8812 0.4118
0.9591 0.7555 0.005097 16 0.9052 0.4433
0.9371 0.7232 0.00648 12 0.9018 0.4257
0.9436 0.6803 0.006426 4 0.9333 0.421
0.9286 0.6574 0.001996 9 0.8785 0.4896
0.9396 0.6744 0.001582 15 0.8865 0.4017
0.9568 0.7157 0.004109 19 0.8763 0.4856
0.9371 0.6997 0.005517 15 0.886 0.4258
0.953 0.7094 0.0005867 8 0.8819 0.4955
0.9523 0.7355 0.005629 17 0.8882 0.4892
0.9487 0.6848 0.007817 16 0.8883 0.4178
0.9434 0.7072 0.01172 9 0.9056 0.4588
0.9287 0.7393 0.009609 9 0.895 0.5118
0.9603 0.7205 0.005917 15 0.9022 0.4506
0.9222 0.6553 0.0062 11 0.8672 0.4254
0.9324 0.727 0.003491 15 0.8929 0.4504
0.9396 0.6935 0.002434 10 0.9025 0.4536
0.9316 0.7623 0.001982 9 0.9183 0.4322
0.9284 0.6898 0.006595 12 0.8772 0.4009
0.9441 0.69 0.008046 13 0.9025 0.4305
0.9623 0.7026 0.003568 13 0.9014 0.4725
0.9319 0.6679 0.0003007 16 0.8958 0.3969
0.9563 0.6937 0.0069 24 0.9036 0.3911
0.9405 0.7005 0.00691 10 0.8847 0.4521
0.9613 0.7007 0.002774 27 0.897 0.4534
0.9415 0.7083 0.004817 21 0.8872 0.4668
0.9274 0.7065 0.008549 11 0.8582 0.4962
0.9326 0.7629 0.01694 21 0.874 0.3609
0.9519 0.6732 0.004949 15 0.9055 0.4094
0.9414 0.653 0.007563 10 0.9142 0.4605
0.9275 0.6794 0.003069 17 0.8623 0.4681
0.9316 0.7096 0.00497 8 0.8968 0.4871
0.9588 0.7005 0.007557 11 0.8991 0.4266
0.9398 0.6958 0.003348 8 0.9199 0.4736
0.9371 0.6714 0.001806 12 0.886 0.452
0.9357 0.7386 0.007674 9 0.8867 0.5149
0.9263 0.6966 0.002471 4 0.9208 0.6679
0.9374 0.7124 0.003153 12 0.9022 0.4732
0.9653 0.7738 0.002308 11 0.9019 0.5237
0.9543 0.745 0.009035 18 0.8757 0.503
0.9408 0.6929 0.00391 10 0.9097 0.484
0.9105 0.7181 0.005989 13 0.8526 0.4733
0.917 0.7577 0.01051 4 0.9041 0.4755
0.9336 0.6919 0.0002414 10 0.9207 0.4251
0.9451 0.7023 0.004444 19 0.8845 0.5352
0.9484 0.7218 0.005205 10 0.8916 0.4776
0.9692 0.714 0.009325 14 0.8971 0.4551
0.9212 0.7196 0.006919 14 0.8691 0.5417
0.9156 0.6977 0.008329 12 0.8871 0.4719
0.9428 0.7621 0.002793 10 0.8645 0.5242
0.9398 0.6676 0.00179 6 0.9274 0.479
0.9169 0.7311 0.005693 14 0.8793 0.4676
0.9455 0.6942 0.004749 12 0.8867 0.4887
0.9349 0.6491 0.01381 14 0.9036 0.3981
0.9393 0.7114 0.01289 20 0.8872 0.4204
0.9281 0.6947 0.001979 16 0.8589 0.4025
0.9243 0.6935 0.008925 13 0.8895 0.3195
0.9529 0.711 0.01251 25 0.8837 0.3491
0.9479 0.6415 0.003511 11 0.9077 0.3809
0.9319 0.7353 0.002882 12 0.88 0.3611
0.9398 0.6998 0.00883 13 0.8853 0.4807
0.9291 0.6829 0.007037 20 0.8653 0.3982
0.9266 0.7123 0.01123 12 0.8985 0.3856
0.9289 0.6362 0.01144 15 0.8904 0.3686
0.9409 0.668 0.007221 12 0.8922 0.4455
0.9262 0.6993 0.003198 19 0.8805 0.331
0.9504 0.6867 0.01143 16 0.8921 0.4078
0.9426 0.669 0.01159 13 0.855 0.4371
0.9336 0.6907 0.009071 19 0.8964 0.4255
0.935 0.6437 0.01083 17 0.8808 0.3179
0.9382 0.699 0.006622 17 0.8717 0.4241
0.9468 0.6916 0.01276 22 0.8626 0.3832
0.9465 0.6555 0.005524 23 0.8783 0.4183
0.9416 0.7025 0.008763 14 0.8953 0.4306
0.9473 0.6765 0.008665 22 0.8882 0.4128
0.941 0.6639 0.003533 34 0.88 0.4395
0.9359 0.682 0.01412 9 0.889 0.4157
0.9532 0.7076 0.01237 16 0.885 0.4443
0.9438 0.644 0.008523 18 0.8801 0.38
0.9396 0.6653 0.003907 19 0.8887 0.3411
0.942 0.6893 0.007359 12 0.8918 0.3893
0.9409 0.672 0.008104 17 0.9026 0.4642
0.9487 0.6888 0.01281 18 0.9105 0.3509
0.9553 0.6833 0.004503 14 0.8786 0.4647
0.9292 0.6762 0.01475 12 0.8666 0.3342
0.9381 0.6697 0.008805 26 0.8709 0.3518
0.9348 0.6987 0.0045 20 0.8937 0.4944
0.9474 0.6807 0.01215 21 0.8957 0.3902
0.94 0.6961 0.006334 18 0.8774 0.4078
0.9307 0.65 0.002127 19 0.8922 0.345
0.9308 0.703 0.01187 19 0.8708 0.4608
0.9406 0.6346 0.007374 27 0.8729 0.4392
0.9316 0.7209 0.01183 10 0.8905 0.4203
0.9322 0.6915 0.00186 18 0.8837 0.3711
0.9337 0.6564 0.003891 13 0.8992 0.3399
0.9431 0.66 0.004539 22 0.9089 0.4643
0.9124 0.6815 0.006525 18 0.8695 0.3616
0.9362 0.6767 0.003409 16 0.8928 0.3476
0.9544 0.6983 0.005949 16 0.9012 0.4978
0.9207 0.7292 0.005456 14 0.8902 0.3598
0.9339 0.6906 0.01539 12 0.8797 0.3189
0.9422 0.7216 0.00378 18 0.8713 0.5247
0.9435 0.5912 0.005919 25 0.8829 0.3131
0.9322 0.6761 0.009801 18 0.8698 0.3687
0.9317 0.6856 0.0236 17 0.8816 0.3891
0.9353 0.6804 0.007983 18 0.8914 0.3989
0.9413 0.6918 0.004594 17 0.8604 0.3804
0.9325 0.7168 0.01388 12 0.8649 0.4426
0.9354 0.6706 0.002132 17 0.8902 0.3778
0.947 0.6977 0.007715 19 0.8861 0.4238
0.9373 0.7073 0.008327 26 0.8731 0.4455
0.9247 0.6447 0.006211 16 0.8757 0.3434
0.9479 0.6686 0.002582 14 0.8913 0.4161
0.9422 0.7074 0.008386 21 0.8699 0.382
0.9547 0.6849 0.01517 17 0.8672 0.3667
0.9375 0.6705 0.01246 31 0.8732 0.363
0.9553 0.7242 0.01116 24 0.8784 0.4786
0.9524 0.6259 0.01179 20 0.8947 0.3211
0.9292 0.6686 0.009112 14 0.8956 0.4159
0.9354 0.6589 0.005882 18 0.8765 0.3748
0.9149 0.6912 0.0007501 12 0.8797 0.4398
0.9408 0.7012 0.004244 13 0.8994 0.4058
0.942 0.6817 0.01496 21 0.8905 0.3424
0.9489 0.6623 0.01249 29 0.8616 0.3514
0.9418 0.6668 0.01074 14 0.8783 0.3788
0.9323 0.6474 0.007584 16 0.877 0.4085
0.9359 0.7009 0.009715 13 0.8842 0.5132
0.9401 0.7115 0.0148 29 0.8572 0.3956
0.9313 0.7038 0.01604 18 0.874 0.3665
0.9228 0.7274 0.002243 13 0.8892 0.435
0.9385 0.6821 0.01613 16 0.9031 0.4176
0.9287 0.6517 0.01095 21 0.8945 0.3181
0.9539 0.6621 0.007354 13 0.9006 0.4083
0.9257 0.6844 0.006713 18 0.8845 0.2929
0.9424 0.7232 0.00976 17 0.885 0.4113
0.9497 0.647 0.005514 15 0.8848 0.4173
0.9332 0.6947 0.0101 19 0.8768 0.3756
0.9277 0.7222 0.01323 12 0.8988 0.401
0.9342 0.6693 0.009701 14 0.8753 0.3881
0.9189 0.7108 0.006288 10 0.8923 0.2949
0.9413 0.6849 0.01491 23 0.8736 0.3451
0.9401 0.6214 0.01255 15 0.8831 0.4166
0.9291 0.6568 0.006823 11 0.8711 0.3637
0.9462 0.6585 0.0066 10 0.8868 0.4111
0.9282 0.7015 0.009018 21 0.8575 0.4283
0.9343 0.7183 0.007519 16 0.8876 0.4235
0.9354 0.6317 0.006662 13 0.9085 0.3554
0.93 0.7652 0.01088 12 0.8867 0.4397
0.9361 0.7455 0.01006 15 0.8944 0.476
0.9492 0.7282 0.006761 18 0.8997 0.5073
0.9431 0.6598 0.005342 17 0.8666 0.4283
0.942 0.6457 0.01072 11 0.8986 0.429
0.9411 0.7204 0.004204 17 0.861 0.5592
0.9471 0.6741 0.004876 17 0.8808 0.5415
0.9461 0.6713 0.008369 23 0.8364 0.409
0.9292 0.6981 0.01331 19 0.832 0.5647
0.9247 0.7207 0.008044 16 0.8314 0.5137
0.9383 0.7287 0.004183 13 0.8646 0.5626
0.9402 0.6667 0.005964 21 0.8784 0.497
0.9297 0.6324 0.008131 17 0.8622 0.447
0.9561 0.6601 0.01644 18 0.8676 0.4474
0.9311 0.6553 0.005274 22 0.8587 0.4705
0.9434 0.6378 0.00526 22 0.8561 0.4856
0.9258 0.6975 0.008026 14 0.8767 0.4625
0.9004 0.6585 0.002245 12 0.8162 0.5092
0.9425 0.6492 0.0128 19 0.8694 0.4319
0.9298 0.6697 0.007106 22 0.8632 0.3965
0.9313 0.7102 0.0158 16 0.8534 0.537
0.9313 0.7115 0.01582 16 0.8534 0.537
0.9446 0.6817 0.009974 16 0.8489 0.5473
0.928 0.6384 0.0006225 12 0.8835 0.5044
0.9435 0.6762 0.008028 18 0.862 0.4997
0.9438 0.6435 0.004374 18 0.8573 0.4414
0.9413 0.6583 0.01224 17 0.862 0.4872
0.9434 0.6511 0.002017 14 0.8697 0.4898
0.9195 0.6739 0.001904 16 0.8343 0.5459
0.935 0.6901 0.009526 20 0.8388 0.4963
0.9455 0.6885 0.02177 21 0.8775 0.4243
0.9414 0.6899 0.01263 12 0.8694 0.4987
0.9116 0.6971 0.005552 22 0.8355 0.4754
0.9311 0.6709 0.004384 22 0.8646 0.5823
0.9176 0.7719 0.005794 8 0.8447 0.6298
0.9415 0.6217 0.003694 17 0.8382 0.441
0.9433 0.6665 0.007064 24 0.8565 0.5
0.9349 0.6657 0.009205 19 0.8744 0.5013
0.9514 0.6888 0.01492 19 0.8308 0.4853
0.9405 0.6294 0.007606 16 0.8499 0.4624
0.9267 0.6634 0.0001284 25 0.8352 0.4125
0.9254 0.6902 0.006207 13 0.8493 0.5398
0.9349 0.6989 0.008366 13 0.8434 0.4626
0.9466 0.6656 0.005362 17 0.8793 0.481
0.9556 0.6352 0.01405 35 0.904 0.4043
0.9236 0.6443 0.007207 15 0.8597 0.4147
0.9393 0.6709 0.01105 22 0.8664 0.5173
0.9416 0.6677 0.001891 14 0.868 0.5508
0.9429 0.6483 0.002451 18 0.8858 0.5244
0.9415 0.7096 0.009609 22 0.8541 0.4918
0.9422 0.7301 0.01633 20 0.8318 0.4545
0.9386 0.6542 0.007384 9 0.8931 0.4994
0.9476 0.6934 0.00785 12 0.859 0.5154
0.9234 0.628 0.001659 13 0.873 0.4479
0.9283 0.6443 0.004046 15 0.8494 0.4435
0.9413 0.6736 0.005036 20 0.8746 0.4634
0.9236 0.6549 0.02106 18 0.8214 0.4044
0.94 0.5714 0.005683 18 0.8268 0.3965
0.9449 0.7166 0.008844 18 0.8749 0.5547
0.9358 0.7246 0.0125 20 0.8565 0.4886
0.948 0.7237 0.009903 17 0.8632 0.5248
0.929 0.6156 0.008733 16 0.854 0.3934
0.9066 0.6888 0.002915 29 0.837 0.442
0.9509 0.6859 0.008431 25 0.8754 0.4585
0.9377 0.6127 0.008603 20 0.8496 0.4164
0.9146 0.6894 0.005837 22 0.8385 0.5322
0.9228 0.6693 0.007707 13 0.8439 0.43
0.9361 0.6481 0.01333 19 0.8179 0.4759
0.9324 0.6613 0.004147 10 0.866 0.5769
0.9355 0.7165 0.002809 18 0.8658 0.5365
0.9457 0.6714 0.006711 15 0.8944 0.5426
0.939 0.706 0.01243 29 0.8399 0.4812
0.9176 0.6899 0.006111 14 0.8274 0.4915
0.9279 0.6323 0.001716 10 0.8618 0.509
0.9482 0.65 0.003608 22 0.9071 0.5231
0.9344 0.6489 0.00226 21 0.8349 0.4838
0.9312 0.638 0.007801 11 0.8501 0.5019
0.9428 0.6819 0.002653 24 0.8744 0.4691
0.9434 0.6872 0.01155 15 0.8566 0.4745
0.9422 0.7077 0.005725 17 0.8525 0.4586
0.9468 0.6861 0.004003 18 0.8664 0.5058
0.9202 0.6694 0.01801 21 0.8745 0.3911
0.9398 0.6872 0.008991 18 0.8353 0.475
0.9463 0.6767 0.001257 21 0.8563 0.4617
0.9231 0.6554 0.01358 18 0.8819 0.4897
0.9383 0.6918 0.005642 19 0.853 0.5065
0.948 0.6943 0.005635 21 0.9028 0.5318
0.9206 0.6556 0.007444 24 0.8615 0.431
0.9297 0.684 0.006452 15 0.8761 0.54
0.9305 0.6984 0.003813 21 0.87 0.4984
0.9278 0.6578 0.004307 17 0.8454 0.4979
0.9272 0.6697 0.007767 19 0.8604 0.4107
0.9283 0.6732 0.004108 11 0.9004 0.531
0.9342 0.6518 0.00787 12 0.8881 0.4607
0.9449 0.6171 0.003232 24 0.8807 0.4269
0.932 0.7177 0.006933 22 0.8666 0.506
0.9169 0.7151 0.003187 15 0.8474 0.5305
0.9184 0.7051 0.011 16 0.8528 0.5199
0.9348 0.6982 0.002459 23 0.8424 0.421
0.9421 0.6859 0.00336 15 0.9027 0.5112
0.9342 0.698 0.01499 18 0.8533 0.4023
0.9446 0.6981 0.01252 21 0.8775 0.4345
0.9432 0.6743 0.004082 13 0.889 0.5613
0.9485 0.6499 0.003179 19 0.8905 0.5293
0.9417 0.6631 0.006763 29 0.8366 0.449
0.9486 0.701 0.0129 21 0.8443 0.5044
0.9321 0.681 0.01027 9 0.8779 0.5774
0.952 0.7166 0.0152 29 0.8791 0.5431
0.9361 0.6528 0.007835 25 0.8605 0.4756
0.925 0.6997 0.006615 12 0.8476 0.4314
0.9363 0.7318 0.01584 15 0.807 0.477
0.9408 0.6665 0.002347 13 0.8365 0.5417
0.9391 0.678 0.01803 22 0.8739 0.4311
0.9558 0.6923 0.006993 19 0.8647 0.5289
0.9401 0.6819 0.009937 17 0.8732 0.4169
0.9401 0.6725 0.009509 12 0.8462 0.4811
0.9292 0.6776 0.003631 14 0.8581 0.5253
0.9577 0.6622 0.01245 20 0.8494 0.4419
0.9376 0.667 0.01414 15 0.8589 0.4235
0.9257 0.7383 0.008264 15 0.8448 0.5368
0.9494 0.6892 0.01556 19 0.8471 0.4598
0.9468 0.6853 0.005178 21 0.8396 0.4683
0.9458 0.6538 0.006587 30 0.8371 0.4972
0.9494 0.6892 0.01556 19 0.8471 0.4598
0.9293 0.6834 0.01247 15 0.8225 0.51
0.9206 0.654 0.007446 17 0.8525 0.4362
0.955 0.6795 0.005255 16 0.8759 0.494
0.9552 0.6187 0.01573 21 0.9087 0.3649
0.9371 0.7131 0.02258 23 0.8545 0.3815
0.9396 0.6706 0.005175 22 0.8596 0.4825
0.9265 0.6721 0.008719 15 0.8692 0.4806
0.9389 0.7036 0.009153 24 0.8752 0.4812
0.9363 0.6836 0.007127 14 0.8819 0.3968
0.9366 0.6884 0.01567 31 0.8494 0.3902
0.9292 0.6655 0.008998 23 0.8441 0.4371
0.9504 0.6801 0.01269 28 0.856 0.3788
0.9388 0.6699 0.01706 28 0.8597 0.4085
0.9423 0.6887 0.01341 21 0.8438 0.4762
0.9364 0.5847 0.01001 22 0.8207 0.4288
0.9404 0.7205 0.004934 10 0.8749 0.5286
0.946 0.7234 0.02215 16 0.8746 0.4454
0.9539 0.6657 0.01462 22 0.8518 0.4323
0.9467 0.6977 0.02706 19 0.8334 0.337
0.9389 0.7081 0.02083 23 0.8581 0.4184
0.9486 0.6856 0.003375 16 0.8568 0.5097
0.9412 0.6221 0.009711 22 0.8324 0.4613
0.9241 0.6494 0.006905 24 0.8075 0.4707
0.9591 0.677 0.01151 31 0.8586 0.3918
0.9399 0.6639 0.03175 19 0.8303 0.3211
0.9485 0.6364 0.01416 22 0.8369 0.425
0.9382 0.6768 0.01436 21 0.8511 0.4221
0.935 0.6732 0.006433 8 0.8191 0.4982
0.9284 0.6571 0.00596 15 0.8567 0.5077
0.9369 0.6611 0.01504 18 0.8453 0.4888
0.9368 0.6656 0.01178 31 0.8402 0.4639
0.9237 0.6654 0.01031 24 0.859 0.4978
0.9326 0.6832 0.01341 17 0.8523 0.5081
0.9216 0.7285 0.0151 25 0.8408 0.3841
0.9446 0.7369 0.006342 12 0.8548 0.4996
0.9337 0.6417 0.0088 16 0.873 0.485
0.9457 0.6439 0.004442 23 0.865 0.4271
0.9527 0.6871 0.01407 19 0.843 0.4332
0.9242 0.717 0.007156 19 0.8657 0.4136
0.9223 0.6703 0.006391 24 0.8646 0.4613
0.9331 0.6906 0.01066 18 0.8689 0.4537
0.9476 0.6458 0.01041 22 0.8626 0.4252
0.9265 0.6925 0.008413 18 0.8919 0.4224
0.9264 0.7003 0.01159 19 0.8567 0.4945
0.9413 0.6554 0.001608 20 0.8662 0.4334
0.9338 0.7099 0.01309 21 0.8766 0.4198
0.9521 0.6686 0.02001 25 0.8843 0.4092
0.9449 0.6923 0.01175 32 0.8948 0.3721
0.9384 0.6787 0.0119 19 0.8429 0.4859
0.9374 0.7058 0.006305 17 0.8835 0.4716
0.9265 0.6873 0.00575 13 0.8813 0.5533
0.9212 0.6331 0.007024 13 0.8734 0.4428
0.9268 0.686 0.006844 19 0.8542 0.4495
0.9169 0.6625 0.00337 19 0.8652 0.4591
0.9471 0.6983 0.01386 31 0.8424 0.4232
0.9327 0.671 0.01158 19 0.8317 0.4884
0.939 0.6754 0.006368 15 0.8523 0.5451
0.9372 0.6889 0.008399 14 0.8566 0.488
0.9382 0.6862 0.008631 15 0.8542 0.5252
0.9498 0.7097 0.01607 19 0.8544 0.4004
0.9196 0.6354 0.005311 21 0.8385 0.477
0.9438 0.68 0.01796 22 0.8667 0.4231
0.9395 0.6951 0.01197 13 0.8524 0.474
0.9352 0.709 0.01803 30 0.8337 0.4819
0.9007 0.6723 0.008137 13 0.837 0.3985
0.9423 0.7232 0.01987 18 0.8434 0.4947
0.9454 0.6823 0.008215 15 0.874 0.4762
0.9323 0.6615 0.0125 13 0.8641 0.48
0.944 0.6775 0.01437 22 0.8554 0.3723
0.9321 0.6811 0.005676 32 0.8359 0.5339
0.9409 0.6685 0.01081 34 0.8491 0.4382
0.9562 0.7134 0.00748 19 0.8666 0.5065
0.9324 0.6618 0.007782 20 0.828 0.4086
0.94 0.6558 0.004933 21 0.8564 0.4982
0.9237 0.7033 0.01103 19 0.8569 0.3675
0.9386 0.6365 0.02037 18 0.8674 0.3539
0.9082 0.6728 0.003012 20 0.843 0.4724
0.9253 0.6897 0.003484 18 0.8639 0.5097
0.9257 0.6982 0.01477 15 0.8402 0.4043
0.9487 0.6461 0.01086 15 0.842 0.4907
0.9254 0.672 0.007014 19 0.8666 0.4137