0.9489 
0.9760 
0.9264 
0.9322 
0.9512 
0.9545 
0.9631 
0.9755 
0.9401 
0.9553 
0.9361 
0.9505 
0.9761 
0.9666 
0.9723 
0.9640 
0.9797 
0.9139 
0.9585 
0.9466 
0.9647 
0.9591 
0.9631 
0.9555 
0.9631 
0.9705 
0.9705 
0.9644 
0.9627 
0.9753 
0.9640 
0.9602 
0.9724 
0.9680 
0.9768 
0.9634 
0.9781 
0.9523 
0.9628 
0.9624 
0.9632 
0.9754 
0.9604 
0.9680 
0.9670 
0.9677 
0.9668 
0.9618 
0.9629 
0.9593 
0.9633 
0.9534 
0.9747 
0.9683 
0.9605 
0.9624 
0.9501 
0.9530 
0.9779 
0.9674 
0.9633 
0.9644 
0.9648 
0.9673 
0.9625 
0.9622 
0.9630 
0.9644 
0.9666 
0.9609 
0.9530 
0.9599 
0.9724 
0.9666 
0.9666 
0.9643 
0.9608 
0.9522 
0.9739 
0.9650 
0.9599 
0.9663 
0.9617 
0.9667 
0.9657 
0.9614 
0.9656 
0.9561 
0.9625 
0.9676 
0.9606 
0.9594 
0.9675 
0.9654 
0.9593 
0.9607 
0.9643 
0.9576 
0.9657 
0.9699 
0.9622 
0.9656 
0.9611 
0.9715 
0.9647 
0.9664 
0.9694 
0.9613 
0.9582 
0.9632 
0.9666 
0.9638 
0.9694 
0.9713 
0.9664 
0.9627 
0.9687 
0.9556 
0.9642 
0.9655 
0.9628 
0.9588 
0.9630 
0.9652 
0.9623 
0.9628 
0.9538 
0.9648 
0.9573 
0.9588 
0.9627 
0.9622 
0.9550 
0.9676 
0.9618 
0.9591 
0.9587 
0.9570 
0.9600 
0.9617 
0.9539 
0.9590 
0.9495 
0.9532 
0.9606 
0.9525 
0.9551 
0.9596 
0.9439 
0.9591 
0.9543 
0.9601 
0.9584 
0.9562 
0.9538 
0.9551 
0.9557 
0.9594 
0.9560 
0.9575 
0.9489 
0.9606 
0.9566 
0.9561 
0.9601 
0.9532 
0.9586 
0.9520 
0.9506 
0.9485 
0.9532 
0.9481 
0.9531 
0.9515 
0.9515 
0.9591 
0.9563 
0.9574 
0.9555 
0.9504 
0.9464 
0.9531 
0.9541 
0.9556 
0.9594 
0.9465 
0.9490 
0.9517 
0.9469 
0.9492 
0.9504 
0.9527 
0.9491 
0.9553 
0.9504 
0.9510 
0.9526 
0.9505 
0.9502 
0.9533 
0.9454 
0.9462 
0.9471 
0.9554 
0.9558 
0.9528 
0.9484 
0.9552 
0.9476 
0.9453 
0.9501 
0.9595 
0.9496 
0.9584 
0.9474 
0.9541 
0.9456 
0.9471 
0.9519 
0.9457 
0.9415 
0.9468 
0.9447 
0.9529 
0.9494 
0.9513 
0.9469 
0.9438 
0.9528 
0.9485 
0.9498 
0.9540 
0.9597 
0.9530 
0.9514 
0.9489 
0.9528 
0.9525 
0.9504 
0.9441 
0.9462 
0.9479 
0.9486 
0.9459 
0.9519 
0.9357 
0.9494 
0.9399 
0.9431 
0.9520 
0.9477 
0.9477 
0.9487 
0.9497 
0.9453 
0.9463 
0.9531 
0.9480 
0.9522 
0.9453 
0.9517 
0.9442 
0.9442 
0.9542 
0.9424 
0.9450 
0.9483 
0.9439 
0.9485 
0.9473 
0.9495 
0.9432 
0.9510 
0.9460 
0.9505 
0.9431 
0.9531 
0.9412 
0.9489 
0.9493 
0.9478 
0.9469 
0.9458 
0.9546 
0.9556 
0.9469 
0.9487 
0.9414 
0.9509 
0.9475 
0.9436 
0.9434 
0.9523 
0.9474 
0.9475 
0.9460 
0.9502 
0.9450 
0.9482 
0.9501 
