0.9435 +- -1.00 (1)
0.9767 +- -1.00 (1)
0.9351 +- -1.00 (1)
0.9340 +- -1.00 (1)
0.9517 +- -1.00 (1)
0.9643 +- -1.00 (1)
0.9603 +- -1.00 (1)
0.9807 +- -1.00 (1)
0.9486 +- -1.00 (1)
0.9553 +- -1.00 (1)
0.9373 +- -1.00 (1)
0.9534 +- -1.00 (1)
0.9814 +- -1.00 (1)
0.9666 +- -1.00 (1)
0.9727 +- -1.00 (1)
0.9696 +- -1.00 (1)
0.9797 +- -1.00 (1)
0.9139 +- -1.00 (1)
0.9606 +- -1.00 (1)
0.9548 +- -1.00 (1)
0.9647 +- -1.00 (1)
0.9616 +- -1.00 (1)
0.9636 +- -1.00 (1)
0.9601 +- -1.00 (1)
0.9664 +- -1.00 (1)
0.9704 +- -1.00 (1)
0.9700 +- -1.00 (1)
0.9644 +- -1.00 (1)
0.9597 +- -1.00 (1)
0.9736 +- -1.00 (1)
0.9636 +- -1.00 (1)
0.9620 +- -1.00 (1)
0.9690 +- -1.00 (1)
0.9642 +- -1.00 (1)
0.9768 +- -1.00 (1)
0.9654 +- -1.00 (1)
0.9773 +- -1.00 (1)
0.9486 +- -1.00 (1)
0.9613 +- -1.00 (1)
0.9603 +- -1.00 (1)
0.9626 +- -1.00 (1)
0.9726 +- -1.00 (1)
0.9620 +- -1.00 (1)
0.9692 +- -1.00 (1)
0.9678 +- -1.00 (1)
0.9690 +- -1.00 (1)
0.9628 +- -1.00 (1)
0.9580 +- -1.00 (1)
0.9623 +- -1.00 (1)
0.9641 +- -1.00 (1)
0.9627 +- -1.00 (1)
0.9559 +- -1.00 (1)
0.9769 +- -1.00 (1)
0.9669 +- -1.00 (1)
0.9650 +- -1.00 (1)
0.9654 +- -1.00 (1)
0.9528 +- -1.00 (1)
0.9530 +- -1.00 (1)
0.9726 +- -1.00 (1)
0.9661 +- -1.00 (1)
0.9642 +- -1.00 (1)
0.9687 +- -1.00 (1)
0.9656 +- -1.00 (1)
0.9699 +- -1.00 (1)
0.9640 +- -1.00 (1)
0.9626 +- -1.00 (1)
0.9678 +- -1.00 (1)
0.9620 +- -1.00 (1)
0.9640 +- -1.00 (1)
0.9673 +- -1.00 (1)
0.9565 +- -1.00 (1)
0.9642 +- -1.00 (1)
0.9728 +- -1.00 (1)
0.9669 +- -1.00 (1)
0.9692 +- -1.00 (1)
0.9630 +- -1.00 (1)
0.9621 +- -1.00 (1)
0.9499 +- -1.00 (1)
0.9728 +- -1.00 (1)
0.9678 +- -1.00 (1)
0.9618 +- -1.00 (1)
0.9641 +- -1.00 (1)
0.9604 +- -1.00 (1)
0.9690 +- -1.00 (1)
0.9666 +- -1.00 (1)
0.9642 +- -1.00 (1)
0.9651 +- -1.00 (1)
0.9566 +- -1.00 (1)
0.9663 +- -1.00 (1)
0.9624 +- -1.00 (1)
0.9617 +- -1.00 (1)
0.9587 +- -1.00 (1)
0.9759 +- -1.00 (1)
0.9657 +- -1.00 (1)
0.9616 +- -1.00 (1)
0.9613 +- -1.00 (1)
0.9625 +- -1.00 (1)
0.9605 +- -1.00 (1)
0.9664 +- -1.00 (1)
0.9621 +- -1.00 (1)
0.9622 +- -1.00 (1)
0.9678 +- -1.00 (1)
0.9643 +- -1.00 (1)
0.9692 +- -1.00 (1)
0.9668 +- -1.00 (1)
0.9583 +- -1.00 (1)
0.9629 +- -1.00 (1)
0.9659 +- -1.00 (1)
0.9639 +- -1.00 (1)
0.9625 +- -1.00 (1)
0.9611 +- -1.00 (1)
0.9624 +- -1.00 (1)
0.9665 +- -1.00 (1)
0.9695 +- -1.00 (1)
0.9637 +- -1.00 (1)
0.9619 +- -1.00 (1)
0.9622 +- -1.00 (1)
0.9585 +- -1.00 (1)
0.9634 +- -1.00 (1)
0.9634 +- -1.00 (1)
0.9644 +- -1.00 (1)
0.9604 +- -1.00 (1)
0.9634 +- -1.00 (1)
0.9722 +- -1.00 (1)
0.9632 +- -1.00 (1)
0.9671 +- -1.00 (1)
0.9593 +- -1.00 (1)
0.9625 +- -1.00 (1)
0.9574 +- -1.00 (1)
0.9641 +- -1.00 (1)
0.9606 +- -1.00 (1)
0.9611 +- -1.00 (1)
0.9614 +- -1.00 (1)
0.9687 +- -1.00 (1)
0.9594 +- -1.00 (1)
0.9606 +- -1.00 (1)
0.9598 +- -1.00 (1)
0.9571 +- -1.00 (1)
0.9555 +- -1.00 (1)
0.9684 +- -1.00 (1)
0.9524 +- -1.00 (1)
0.9535 +- -1.00 (1)
0.9490 +- -1.00 (1)
0.9565 +- -1.00 (1)
0.9595 +- -1.00 (1)
0.9545 +- -1.00 (1)
0.9535 +- -1.00 (1)
0.9521 +- -1.00 (1)
0.9521 +- -1.00 (1)
0.9604 +- -1.00 (1)
0.9592 +- -1.00 (1)
0.9592 +- -1.00 (1)
0.9608 +- -1.00 (1)
0.9544 +- -1.00 (1)
0.9527 +- -1.00 (1)
0.9523 +- -1.00 (1)
0.9561 +- -1.00 (1)
0.9599 +- -1.00 (1)
0.9497 +- -1.00 (1)
0.9563 +- -1.00 (1)
0.9606 +- -1.00 (1)
0.9588 +- -1.00 (1)
0.9593 +- -1.00 (1)
0.9568 +- -1.00 (1)
0.9577 +- -1.00 (1)
0.9506 +- -1.00 (1)
0.9559 +- -1.00 (1)
0.9525 +- -1.00 (1)
0.9436 +- -1.00 (1)
0.9511 +- -1.00 (1)
0.9604 +- -1.00 (1)
0.9532 +- -1.00 (1)
0.9525 +- -1.00 (1)
0.9519 +- -1.00 (1)
0.9483 +- -1.00 (1)
0.9548 +- -1.00 (1)
0.9524 +- -1.00 (1)
0.9587 +- -1.00 (1)
0.9526 +- -1.00 (1)
0.9588 +- -1.00 (1)
0.9502 +- -1.00 (1)
0.9507 +- -1.00 (1)
0.9490 +- -1.00 (1)
0.9582 +- -1.00 (1)
0.9590 +- -1.00 (1)
0.9458 +- -1.00 (1)
0.9541 +- -1.00 (1)
0.9482 +- -1.00 (1)
0.9523 +- -1.00 (1)
0.9477 +- -1.00 (1)
0.9553 +- -1.00 (1)
0.9558 +- -1.00 (1)
0.9395 +- -1.00 (1)
0.9536 +- -1.00 (1)
0.9532 +- -1.00 (1)
0.9528 +- -1.00 (1)
0.9533 +- -1.00 (1)
0.9505 +- -1.00 (1)
0.9481 +- -1.00 (1)
0.9539 +- -1.00 (1)
0.9520 +- -1.00 (1)
0.9547 +- -1.00 (1)
0.9430 +- -1.00 (1)
0.9531 +- -1.00 (1)
0.9538 +- -1.00 (1)
0.9542 +- -1.00 (1)
0.9528 +- -1.00 (1)
0.9599 +- -1.00 (1)
0.9478 +- -1.00 (1)
0.9521 +- -1.00 (1)
0.9531 +- -1.00 (1)
0.9583 +- -1.00 (1)
0.9487 +- -1.00 (1)
0.9523 +- -1.00 (1)
0.9462 +- -1.00 (1)
0.9546 +- -1.00 (1)
0.9548 +- -1.00 (1)
0.9496 +- -1.00 (1)
0.9492 +- -1.00 (1)
0.9511 +- -1.00 (1)
0.9470 +- -1.00 (1)
0.9534 +- -1.00 (1)
0.9477 +- -1.00 (1)
0.9506 +- -1.00 (1)
0.9461 +- -1.00 (1)
0.9530 +- -1.00 (1)
0.9521 +- -1.00 (1)
0.9445 +- -1.00 (1)
0.9564 +- -1.00 (1)
0.9467 +- -1.00 (1)
0.9475 +- -1.00 (1)
0.9539 +- -1.00 (1)
0.9526 +- -1.00 (1)
0.9576 +- -1.00 (1)
0.9521 +- -1.00 (1)
0.9512 +- -1.00 (1)
0.9552 +- -1.00 (1)
0.9494 +- -1.00 (1)
0.9510 +- -1.00 (1)
0.9550 +- -1.00 (1)
0.9469 +- -1.00 (1)
0.9491 +- -1.00 (1)
0.9516 +- -1.00 (1)
0.9498 +- -1.00 (1)
0.9509 +- -1.00 (1)
0.9357 +- -1.00 (1)
0.9518 +- -1.00 (1)
0.9427 +- -1.00 (1)
0.9475 +- -1.00 (1)
0.9525 +- -1.00 (1)
0.9515 +- -1.00 (1)
0.9515 +- -1.00 (1)
0.9565 +- -1.00 (1)
0.9518 +- -1.00 (1)
0.9536 +- -1.00 (1)
0.9468 +- -1.00 (1)
0.9455 +- -1.00 (1)
0.9526 +- -1.00 (1)
0.9539 +- -1.00 (1)
0.9475 +- -1.00 (1)
0.9481 +- -1.00 (1)
0.9494 +- -1.00 (1)
0.9463 +- -1.00 (1)
0.9510 +- -1.00 (1)
0.9482 +- -1.00 (1)
0.9425 +- -1.00 (1)
0.9515 +- -1.00 (1)
0.9458 +- -1.00 (1)
0.9541 +- -1.00 (1)
0.9501 +- -1.00 (1)
0.9489 +- -1.00 (1)
0.9500 +- -1.00 (1)
0.9563 +- -1.00 (1)
0.9442 +- -1.00 (1)
0.9515 +- -1.00 (1)
0.9463 +- -1.00 (1)
0.9510 +- -1.00 (1)
0.9422 +- -1.00 (1)
0.9426 +- -1.00 (1)
0.9493 +- -1.00 (1)
0.9518 +- -1.00 (1)
0.9504 +- -1.00 (1)
0.9445 +- -1.00 (1)
0.9523 +- -1.00 (1)
0.9472 +- -1.00 (1)
0.9496 +- -1.00 (1)
0.9532 +- -1.00 (1)
0.9359 +- -1.00 (1)
0.9480 +- -1.00 (1)
0.9489 +- -1.00 (1)
0.9454 +- -1.00 (1)
0.9487 +- -1.00 (1)
0.9563 +- -1.00 (1)
0.9493 +- -1.00 (1)
0.9532 +- -1.00 (1)
0.9465 +- -1.00 (1)
0.9523 +- -1.00 (1)
0.9491 +- -1.00 (1)
0.9509 +- -1.00 (1)
0.9501 +- -1.00 (1)
