0.9435 
0.9767 
0.9351 
0.9340 
0.9517 
0.9643 
0.9603 
0.9807 
0.9486 
0.9553 
0.9373 
0.9534 
0.9814 
0.9666 
0.9727 
0.9696 
0.9797 
0.9139 
0.9606 
0.9548 
0.9647 
0.9616 
0.9636 
0.9601 
0.9664 
0.9704 
0.9700 
0.9644 
0.9597 
0.9736 
0.9636 
0.9620 
0.9690 
0.9642 
0.9768 
0.9654 
0.9773 
0.9486 
0.9613 
0.9603 
0.9626 
0.9726 
0.9620 
0.9692 
0.9678 
0.9690 
0.9628 
0.9580 
0.9623 
0.9641 
0.9627 
0.9559 
0.9769 
0.9669 
0.9650 
0.9654 
0.9547 
0.9530 
0.9726 
0.9661 
0.9642 
0.9687 
0.9656 
0.9699 
0.9640 
0.9626 
0.9678 
0.9620 
0.9640 
0.9673 
0.9565 
0.9642 
0.9728 
0.9669 
0.9692 
0.9630 
0.9621 
0.9499 
0.9728 
0.9678 
0.9618 
0.9643 
0.9604 
0.9690 
0.9666 
0.9642 
0.9651 
0.9566 
0.9663 
0.9624 
0.9617 
0.9587 
0.9759 
0.9657 
0.9616 
0.9613 
0.9625 
0.9605 
0.9664 
0.9621 
0.9622 
0.9678 
0.9643 
0.9692 
0.9668 
0.9583 
0.9629 
0.9659 
0.9639 
0.9625 
0.9611 
0.9604 
0.9665 
0.9708 
0.9637 
0.9619 
0.9622 
0.9585 
0.9634 
0.9634 
0.9644 
0.9588 
0.9634 
0.9722 
0.9632 
0.9671 
0.9593 
0.9625 
0.9574 
0.9641 
0.9606 
0.9611 
0.9614 
0.9687 
0.9594 
0.9606 
0.9598 
0.9571 
0.9555 
0.9684 
0.9524 
0.9535 
0.9490 
0.9565 
0.9595 
0.9545 
0.9535 
0.9622 
0.9521 
0.9604 
0.9592 
0.9592 
0.9608 
0.9553 
0.9527 
0.9523 
0.9561 
0.9571 
0.9569 
0.9549 
0.9606 
0.9588 
0.9593 
0.9568 
0.9577 
0.9506 
0.9559 
0.9525 
0.9436 
0.9511 
0.9604 
0.9537 
0.9525 
0.9519 
0.9496 
0.9548 
0.9524 
0.9587 
0.9526 
0.9588 
0.9521 
0.9507 
0.9490 
0.9582 
0.9590 
0.9458 
0.9541 
0.9482 
0.9523 
0.9477 
0.9553 
0.9558 
0.9395 
0.9536 
0.9532 
0.9528 
0.9533 
0.9505 
0.9481 
0.9539 
0.9493 
0.9547 
0.9430 
0.9537 
0.9538 
0.9542 
0.9528 
0.9599 
0.9478 
0.9521 
0.9531 
0.9583 
0.9487 
0.9523 
0.9462 
0.9546 
0.9548 
0.9501 
0.9492 
0.9511 
0.9470 
0.9534 
0.9477 
0.9506 
0.9461 
0.9530 
0.9521 
0.9445 
0.9564 
0.9467 
0.9475 
0.9539 
0.9526 
0.9576 
0.9521 
0.9512 
0.9552 
0.9494 
0.9510 
0.9550 
0.9469 
0.9491 
0.9516 
0.9517 
0.9509 
0.9357 
0.9520 
0.9427 
0.9475 
0.9525 
0.9515 
0.9515 
0.9565 
0.9518 
0.9536 
0.9468 
0.9455 
0.9526 
0.9539 
0.9475 
0.9481 
0.9523 
0.9463 
0.9510 
0.9482 
0.9425 
0.9515 
0.9459 
0.9541 
0.9501 
0.9489 
0.9500 
0.9563 
0.9442 
0.9515 
0.9463 
0.9510 
0.9422 
0.9426 
0.9493 
0.9518 
0.9504 
0.9445 
0.9523 
0.9472 
0.9496 
0.9491 
0.9359 
0.9480 
0.9489 
0.9454 
0.9487 
0.9563 
0.9493 
0.9454 
0.9465 
0.9523 
0.9491 
0.9509 
0.9501 
