0.9477 
0.9750 
0.9288 
0.9340 
0.9486 
0.9602 
0.9660 
0.9757 
0.9476 
0.9527 
0.9432 
0.9493 
0.9829 
0.9659 
0.9723 
0.9642 
0.9806 
0.9116 
0.9574 
0.9420 
0.9611 
0.9613 
0.9601 
0.9544 
0.9635 
0.9722 
0.9695 
0.9627 
0.9619 
0.9747 
0.9640 
0.9584 
0.9731 
0.9578 
0.9716 
0.9609 
0.9775 
0.9527 
0.9623 
0.9607 
0.9676 
0.9717 
0.9604 
0.9739 
0.9690 
0.9679 
0.9684 
0.9613 
0.9695 
0.9653 
0.9624 
0.9599 
0.9718 
0.9676 
0.9658 
0.9611 
0.9516 
0.9520 
0.9704 
0.9674 
0.9611 
0.9693 
0.9655 
0.9769 
0.9617 
0.9654 
0.9649 
0.9629 
0.9667 
0.9620 
0.9580 
0.9663 
0.9730 
0.9708 
0.9697 
0.9651 
0.9532 
0.9499 
0.9701 
0.9676 
0.9638 
0.9683 
0.9576 
0.9683 
0.9644 
0.9681 
0.9688 
0.9572 
0.9663 
0.9644 
0.9621 
0.9617 
0.9695 
0.9689 
0.9585 
0.9623 
0.9676 
0.9462 
0.9622 
0.9672 
0.9622 
0.9665 
0.9631 
0.9755 
0.9663 
0.9622 
0.9630 
0.9572 
0.9601 
0.9607 
0.9653 
0.9621 
0.9674 
0.9702 
0.9666 
0.9647 
0.9601 
0.9563 
0.9566 
0.9690 
0.9623 
0.9624 
0.9640 
0.9663 
0.9577 
0.9672 
0.9624 
0.9630 
0.9612 
0.9588 
0.9606 
0.9673 
0.9654 
0.9678 
0.9644 
0.9598 
0.9628 
0.9561 
0.9600 
0.9625 
0.9577 
0.9509 
0.9578 
0.9489 
0.9625 
0.9555 
0.9558 
0.9540 
0.9482 
0.9562 
0.9550 
0.9579 
0.9586 
0.9528 
0.9558 
0.9549 
0.9582 
0.9590 
0.9556 
0.9570 
0.9562 
0.9572 
0.9506 
0.9540 
0.9564 
0.9601 
0.9616 
0.9491 
0.9463 
0.9519 
0.9588 
0.9530 
0.9491 
0.9556 
0.9539 
0.9528 
0.9583 
0.9557 
0.9603 
0.9585 
0.9535 
0.9544 
0.9504 
0.9511 
0.9576 
0.9525 
0.9511 
0.9532 
0.9495 
0.9570 
0.9585 
0.9551 
0.9496 
0.9481 
0.9518 
0.9537 
0.9569 
0.9466 
0.9545 
0.9535 
0.9553 
0.9534 
0.9455 
0.9527 
0.9559 
0.9544 
0.9547 
0.9537 
0.9515 
0.9551 
0.9519 
0.9490 
0.9495 
0.9537 
0.9515 
0.9514 
0.9580 
0.9545 
0.9513 
0.9578 
0.9503 
0.9575 
0.9482 
0.9542 
0.9496 
0.9474 
0.9499 
0.9504 
0.9511 
0.9494 
0.9554 
0.9483 
0.9546 
0.9540 
0.9523 
0.9565 
0.9518 
0.9536 
0.9496 
0.9503 
0.9520 
0.9483 
0.9495 
0.9540 
0.9539 
0.9489 
0.9527 
0.9433 
0.9447 
0.9513 
0.9508 
0.9484 
0.9546 
0.9484 
0.9504 
0.9485 
0.9486 
0.9491 
0.9550 
0.9497 
0.9496 
0.9496 
0.9473 
0.9505 
0.9457 
0.9459 
0.9471 
0.9473 
0.9513 
0.9531 
0.9478 
0.9484 
0.9509 
0.9472 
0.9523 
0.9471 
0.9509 
0.9432 
0.9448 
0.9496 
0.9459 
0.9468 
0.9453 
0.9487 
0.9519 
0.9567 
0.9482 
0.9463 
0.9493 
0.9514 
0.9486 
0.9510 
0.9521 
0.9469 
0.9510 
0.9482 
0.9519 
0.9417 
0.9516 
0.9491 
