0.9468 
0.9751 
0.9351 
0.9298 
0.9512 
0.9576 
0.9573 
0.9849 
0.9370 
0.9553 
0.9336 
0.9493 
0.9774 
0.9687 
0.9698 
0.9627 
0.9797 
0.9116 
0.9576 
0.9512 
0.9627 
0.9624 
0.9631 
0.9492 
0.9612 
0.9716 
0.9624 
0.9623 
0.9642 
0.9735 
0.9640 
0.9560 
0.9697 
0.9646 
0.9691 
0.9677 
0.9784 
0.9518 
0.9613 
0.9595 
0.9613 
0.9734 
0.9595 
0.9692 
0.9646 
0.9653 
0.9661 
0.9575 
0.9605 
0.9666 
0.9612 
0.9577 
0.9756 
0.9659 
0.9644 
0.9685 
0.9531 
0.9523 
0.9718 
0.9639 
0.9615 
0.9663 
0.9697 
0.9693 
0.9639 
0.9613 
0.9663 
0.9597 
0.9700 
0.9657 
0.9548 
0.9590 
0.9741 
0.9655 
0.9688 
0.9646 
0.9610 
0.9504 
0.9730 
0.9640 
0.9602 
0.9670 
0.9603 
0.9615 
0.9663 
0.9670 
0.9666 
0.9516 
0.9625 
0.9625 
0.9653 
0.9557 
0.9662 
0.9661 
0.9625 
0.9573 
0.9645 
0.9538 
0.9644 
0.9616 
0.9630 
0.9723 
0.9613 
0.9681 
0.9620 
0.9583 
0.9668 
0.9631 
0.9554 
0.9598 
0.9652 
0.9600 
0.9630 
0.9715 
0.9695 
0.9619 
0.9647 
0.9581 
0.9609 
0.9656 
0.9612 
0.9614 
0.9585 
0.9663 
0.9609 
0.9625 
0.9605 
0.9603 
0.9549 
0.9613 
0.9618 
0.9572 
0.9545 
0.9648 
0.9647 
0.9587 
0.9593 
0.9546 
0.9611 
0.9593 
0.9584 
0.9523 
0.9527 
0.9543 
0.9565 
0.9544 
0.9495 
0.9526 
0.9490 
0.9583 
0.9576 
0.9605 
0.9529 
0.9565 
0.9530 
0.9621 
0.9527 
0.9559 
0.9615 
0.9564 
0.9505 
0.9591 
0.9551 
0.9552 
0.9562 
0.9505 
0.9583 
0.9522 
0.9440 
0.9525 
0.9511 
0.9498 
0.9537 
0.9550 
0.9497 
0.9567 
0.9549 
0.9517 
0.9479 
0.9522 
0.9532 
0.9538 
0.9503 
0.9472 
0.9580 
0.9462 
0.9515 
0.9522 
0.9462 
0.9502 
0.9503 
0.9544 
0.9475 
0.9547 
0.9513 
0.9536 
0.9540 
0.9505 
0.9516 
0.9486 
0.9513 
0.9553 
0.9419 
0.9535 
0.9559 
0.9534 
0.9538 
0.9559 
0.9453 
0.9446 
0.9519 
0.9541 
0.9484 
0.9491 
0.9447 
0.9425 
0.9539 
0.9485 
0.9547 
0.9520 
0.9464 
0.9501 
0.9527 
0.9529 
0.9483 
0.9445 
0.9503 
0.9462 
0.9509 
0.9572 
0.9530 
0.9461 
0.9554 
0.9496 
0.9474 
0.9480 
0.9529 
0.9487 
0.9495 
0.9493 
0.9471 
0.9507 
0.9532 
0.9492 
0.9554 
0.9357 
0.9484 
0.9435 
0.9498 
0.9501 
0.9508 
0.9480 
0.9465 
0.9492 
0.9466 
0.9430 
0.9532 
0.9393 
0.9451 
0.9478 
0.9551 
0.9462 
0.9433 
0.9502 
0.9437 
0.9479 
0.9433 
0.9443 
0.9465 
0.9520 
0.9484 
0.9405 
0.9534 
0.9426 
0.9515 
0.9475 
0.9498 
0.9404 
0.9473 
0.9472 
0.9465 
0.9479 
0.9453 
0.9510 
0.9492 
0.9426 
0.9438 
0.9216 
0.9508 
0.9500 
0.9521 
0.9438 
0.9500 
0.9509 
0.9429 
0.9454 
0.9488 
0.9449 
0.9495 
0.9449 
