0.9435 
0.9751 
0.9351 
0.9298 
0.9512 
0.9576 
0.9573 
0.9849 
0.9449 
0.9518 
0.9336 
0.9493 
0.9790 
0.9692 
0.9698 
0.9628 
0.9797 
0.9116 
0.9576 
0.9512 
0.9627 
0.9624 
0.9631 
0.9509 
0.9612 
0.9716 
0.9601 
0.9629 
0.9576 
0.9746 
0.9640 
0.9550 
0.9686 
0.9654 
0.9691 
0.9672 
0.9791 
0.9518 
0.9586 
0.9607 
0.9620 
0.9734 
0.9595 
0.9655 
0.9684 
0.9653 
0.9644 
0.9584 
0.9613 
0.9616 
0.9612 
0.9583 
0.9792 
0.9673 
0.9586 
0.9635 
0.9520 
0.9523 
0.9720 
0.9682 
0.9615 
0.9658 
0.9625 
0.9691 
0.9633 
0.9613 
0.9663 
0.9597 
0.9704 
0.9656 
0.9594 
0.9590 
0.9741 
0.9655 
0.9669 
0.9646 
0.9576 
0.9496 
0.9725 
0.9625 
0.9605 
0.9620 
0.9586 
0.9658 
0.9666 
0.9699 
0.9666 
0.9516 
0.9626 
0.9625 
0.9653 
0.9560 
0.9647 
0.9647 
0.9618 
0.9625 
0.9602 
0.9561 
0.9648 
0.9667 
0.9686 
0.9678 
0.9608 
0.9719 
0.9638 
0.9596 
0.9589 
0.9601 
0.9584 
0.9612 
0.9667 
0.9600 
0.9633 
0.9704 
0.9635 
0.9631 
0.9647 
0.9560 
0.9649 
0.9669 
0.9595 
0.9592 
0.9579 
0.9663 
0.9526 
0.9660 
0.9571 
0.9637 
0.9571 
0.9625 
0.9604 
0.9572 
0.9545 
0.9650 
0.9614 
0.9587 
0.9586 
0.9527 
0.9618 
0.9586 
0.9584 
0.9546 
0.9539 
0.9564 
0.9582 
0.9544 
0.9495 
0.9517 
0.9483 
0.9593 
0.9556 
0.9567 
0.9522 
0.9613 
0.9554 
0.9647 
0.9545 
0.9619 
0.9604 
0.9553 
0.9521 
0.9592 
0.9583 
0.9561 
0.9562 
0.9563 
0.9594 
0.9494 
0.9488 
0.9512 
0.9510 
0.9495 
0.9535 
0.9526 
0.9530 
0.9564 
0.9561 
0.9534 
0.9430 
0.9496 
0.9563 
0.9465 
0.9506 
0.9472 
0.9513 
0.9491 
0.9569 
0.9557 
0.9493 
0.9543 
0.9479 
0.9514 
0.9508 
0.9513 
0.9544 
0.9505 
0.9557 
0.9501 
0.9449 
0.9481 
0.9535 
0.9503 
0.9450 
0.9610 
0.9486 
0.9591 
0.9493 
0.9539 
0.9453 
0.9480 
0.9487 
0.9530 
0.9515 
0.9494 
0.9507 
0.9513 
0.9519 
0.9485 
0.9478 
0.9520 
0.9485 
0.9490 
0.9493 
0.9505 
0.9547 
0.9475 
0.9481 
0.9459 
0.9483 
0.9480 
0.9549 
0.9503 
0.9554 
0.9479 
0.9478 
0.9514 
0.9521 
0.9517 
0.9494 
0.9476 
0.9469 
0.9471 
0.9499 
0.9512 
0.9485 
0.9357 
0.9482 
0.9394 
0.9480 
0.9498 
0.9498 
0.9480 
0.9449 
0.9475 
0.9499 
0.9496 
0.9476 
0.9437 
0.9494 
0.9469 
0.9507 
0.9411 
0.9439 
0.9459 
0.9428 
0.9509 
0.9488 
0.9497 
0.9448 
0.9482 
0.9511 
0.9453 
0.9544 
0.9482 
0.9448 
0.9425 
0.9491 
0.9507 
0.9412 
0.9486 
0.9458 
0.9542 
0.9477 
0.9510 
0.9457 
0.9437 
0.9403 
0.9207 
0.9498 
0.9475 
0.9472 
0.9436 
0.9504 
0.9442 
0.9452 
0.9413 
0.9537 
0.9449 
0.9511 
0.9495 
