0.9468 +- -1.00 (1)
0.9751 +- -1.00 (1)
0.9351 +- -1.00 (1)
0.9298 +- -1.00 (1)
0.9512 +- -1.00 (1)
0.9576 +- -1.00 (1)
0.9573 +- -1.00 (1)
0.9849 +- -1.00 (1)
0.9370 +- -1.00 (1)
0.9553 +- -1.00 (1)
0.9336 +- -1.00 (1)
0.9493 +- -1.00 (1)
0.9774 +- -1.00 (1)
0.9687 +- -1.00 (1)
0.9698 +- -1.00 (1)
0.9627 +- -1.00 (1)
0.9797 +- -1.00 (1)
0.9116 +- -1.00 (1)
0.9576 +- -1.00 (1)
0.9512 +- -1.00 (1)
0.9627 +- -1.00 (1)
0.9624 +- -1.00 (1)
0.9631 +- -1.00 (1)
0.9492 +- -1.00 (1)
0.9612 +- -1.00 (1)
0.9716 +- -1.00 (1)
0.9624 +- -1.00 (1)
0.9623 +- -1.00 (1)
0.9642 +- -1.00 (1)
0.9735 +- -1.00 (1)
0.9640 +- -1.00 (1)
0.9560 +- -1.00 (1)
0.9697 +- -1.00 (1)
0.9646 +- -1.00 (1)
0.9691 +- -1.00 (1)
0.9677 +- -1.00 (1)
0.9784 +- -1.00 (1)
0.9518 +- -1.00 (1)
0.9613 +- -1.00 (1)
0.9595 +- -1.00 (1)
0.9613 +- -1.00 (1)
0.9734 +- -1.00 (1)
0.9595 +- -1.00 (1)
0.9692 +- -1.00 (1)
0.9646 +- -1.00 (1)
0.9653 +- -1.00 (1)
0.9661 +- -1.00 (1)
0.9575 +- -1.00 (1)
0.9605 +- -1.00 (1)
0.9666 +- -1.00 (1)
0.9612 +- -1.00 (1)
0.9577 +- -1.00 (1)
0.9756 +- -1.00 (1)
0.9659 +- -1.00 (1)
0.9644 +- -1.00 (1)
0.9685 +- -1.00 (1)
0.9531 +- -1.00 (1)
0.9523 +- -1.00 (1)
0.9718 +- -1.00 (1)
0.9639 +- -1.00 (1)
0.9615 +- -1.00 (1)
0.9663 +- -1.00 (1)
0.9697 +- -1.00 (1)
0.9693 +- -1.00 (1)
0.9639 +- -1.00 (1)
0.9613 +- -1.00 (1)
0.9663 +- -1.00 (1)
0.9597 +- -1.00 (1)
0.9700 +- -1.00 (1)
0.9657 +- -1.00 (1)
0.9548 +- -1.00 (1)
0.9590 +- -1.00 (1)
0.9741 +- -1.00 (1)
0.9655 +- -1.00 (1)
0.9688 +- -1.00 (1)
0.9646 +- -1.00 (1)
0.9610 +- -1.00 (1)
0.9504 +- -1.00 (1)
0.9730 +- -1.00 (1)
0.9640 +- -1.00 (1)
0.9602 +- -1.00 (1)
0.9670 +- -1.00 (1)
0.9603 +- -1.00 (1)
0.9615 +- -1.00 (1)
0.9663 +- -1.00 (1)
0.9670 +- -1.00 (1)
0.9666 +- -1.00 (1)
0.9516 +- -1.00 (1)
0.9625 +- -1.00 (1)
0.9625 +- -1.00 (1)
0.9653 +- -1.00 (1)
0.9557 +- -1.00 (1)
0.9662 +- -1.00 (1)
0.9661 +- -1.00 (1)
0.9625 +- -1.00 (1)
0.9573 +- -1.00 (1)
0.9645 +- -1.00 (1)
0.9538 +- -1.00 (1)
0.9644 +- -1.00 (1)
0.9616 +- -1.00 (1)
0.9630 +- -1.00 (1)
0.9723 +- -1.00 (1)
0.9613 +- -1.00 (1)
0.9681 +- -1.00 (1)
0.9620 +- -1.00 (1)
0.9583 +- -1.00 (1)
0.9668 +- -1.00 (1)
0.9631 +- -1.00 (1)
0.9554 +- -1.00 (1)
0.9598 +- -1.00 (1)
0.9652 +- -1.00 (1)
0.9600 +- -1.00 (1)
0.9630 +- -1.00 (1)
0.9715 +- -1.00 (1)
0.9695 +- -1.00 (1)
0.9619 +- -1.00 (1)
0.9647 +- -1.00 (1)
0.9581 +- -1.00 (1)
0.9609 +- -1.00 (1)
0.9656 +- -1.00 (1)
0.9612 +- -1.00 (1)
0.9614 +- -1.00 (1)
0.9585 +- -1.00 (1)
0.9663 +- -1.00 (1)
0.9609 +- -1.00 (1)
0.9625 +- -1.00 (1)
0.9605 +- -1.00 (1)
0.9603 +- -1.00 (1)
0.9549 +- -1.00 (1)
0.9613 +- -1.00 (1)
0.9618 +- -1.00 (1)
0.9572 +- -1.00 (1)
0.9545 +- -1.00 (1)
0.9648 +- -1.00 (1)
0.9647 +- -1.00 (1)
0.9587 +- -1.00 (1)
0.9593 +- -1.00 (1)
0.9546 +- -1.00 (1)
0.9611 +- -1.00 (1)
0.9593 +- -1.00 (1)
0.9584 +- -1.00 (1)
0.9523 +- -1.00 (1)
0.9527 +- -1.00 (1)
0.9543 +- -1.00 (1)
0.9565 +- -1.00 (1)
0.9544 +- -1.00 (1)
0.9495 +- -1.00 (1)
0.9526 +- -1.00 (1)
0.9490 +- -1.00 (1)
0.9583 +- -1.00 (1)
0.9576 +- -1.00 (1)
0.9605 +- -1.00 (1)
0.9529 +- -1.00 (1)
0.9565 +- -1.00 (1)
0.9530 +- -1.00 (1)
0.9621 +- -1.00 (1)
0.9527 +- -1.00 (1)
0.9559 +- -1.00 (1)
0.9615 +- -1.00 (1)
0.9564 +- -1.00 (1)
0.9505 +- -1.00 (1)
0.9591 +- -1.00 (1)
0.9551 +- -1.00 (1)
0.9552 +- -1.00 (1)
0.9562 +- -1.00 (1)
0.9505 +- -1.00 (1)
0.9583 +- -1.00 (1)
0.9522 +- -1.00 (1)
0.9440 +- -1.00 (1)
0.9525 +- -1.00 (1)
0.9511 +- -1.00 (1)
0.9498 +- -1.00 (1)
0.9537 +- -1.00 (1)
0.9550 +- -1.00 (1)
0.9497 +- -1.00 (1)
0.9567 +- -1.00 (1)
0.9549 +- -1.00 (1)
0.9517 +- -1.00 (1)
0.9479 +- -1.00 (1)
0.9522 +- -1.00 (1)
0.9532 +- -1.00 (1)
0.9538 +- -1.00 (1)
0.9503 +- -1.00 (1)
0.9472 +- -1.00 (1)
0.9580 +- -1.00 (1)
0.9462 +- -1.00 (1)
0.9515 +- -1.00 (1)
0.9522 +- -1.00 (1)
0.9462 +- -1.00 (1)
0.9502 +- -1.00 (1)
0.9503 +- -1.00 (1)
0.9544 +- -1.00 (1)
0.9475 +- -1.00 (1)
0.9547 +- -1.00 (1)
0.9513 +- -1.00 (1)
0.9536 +- -1.00 (1)
0.9540 +- -1.00 (1)
0.9505 +- -1.00 (1)
0.9516 +- -1.00 (1)
0.9486 +- -1.00 (1)
0.9513 +- -1.00 (1)
0.9553 +- -1.00 (1)
0.9419 +- -1.00 (1)
0.9535 +- -1.00 (1)
0.9559 +- -1.00 (1)
0.9534 +- -1.00 (1)
0.9538 +- -1.00 (1)
0.9559 +- -1.00 (1)
0.9453 +- -1.00 (1)
0.9446 +- -1.00 (1)
0.9519 +- -1.00 (1)
0.9541 +- -1.00 (1)
0.9484 +- -1.00 (1)
0.9491 +- -1.00 (1)
0.9447 +- -1.00 (1)
0.9425 +- -1.00 (1)
0.9539 +- -1.00 (1)
0.9485 +- -1.00 (1)
0.9547 +- -1.00 (1)
0.9520 +- -1.00 (1)
0.9464 +- -1.00 (1)
0.9501 +- -1.00 (1)
0.9527 +- -1.00 (1)
0.9529 +- -1.00 (1)
0.9483 +- -1.00 (1)
0.9445 +- -1.00 (1)
0.9503 +- -1.00 (1)
0.9462 +- -1.00 (1)
0.9509 +- -1.00 (1)
0.9572 +- -1.00 (1)
0.9530 +- -1.00 (1)
0.9461 +- -1.00 (1)
0.9554 +- -1.00 (1)
0.9496 +- -1.00 (1)
0.9474 +- -1.00 (1)
0.9480 +- -1.00 (1)
0.9529 +- -1.00 (1)
0.9487 +- -1.00 (1)
0.9495 +- -1.00 (1)
0.9493 +- -1.00 (1)
0.9471 +- -1.00 (1)
0.9507 +- -1.00 (1)
0.9532 +- -1.00 (1)
0.9492 +- -1.00 (1)
0.9554 +- -1.00 (1)
0.9357 +- -1.00 (1)
0.9484 +- -1.00 (1)
0.9435 +- -1.00 (1)
0.9498 +- -1.00 (1)
0.9501 +- -1.00 (1)
0.9508 +- -1.00 (1)
0.9480 +- -1.00 (1)
0.9465 +- -1.00 (1)
0.9492 +- -1.00 (1)
0.9466 +- -1.00 (1)
0.9430 +- -1.00 (1)
0.9532 +- -1.00 (1)
0.9393 +- -1.00 (1)
0.9451 +- -1.00 (1)
0.9478 +- -1.00 (1)
0.9551 +- -1.00 (1)
0.9462 +- -1.00 (1)
0.9433 +- -1.00 (1)
0.9502 +- -1.00 (1)
0.9437 +- -1.00 (1)
0.9479 +- -1.00 (1)
0.9433 +- -1.00 (1)
0.9443 +- -1.00 (1)
0.9465 +- -1.00 (1)
0.9520 +- -1.00 (1)
0.9484 +- -1.00 (1)
0.9405 +- -1.00 (1)
0.9534 +- -1.00 (1)
0.9426 +- -1.00 (1)
0.9515 +- -1.00 (1)
0.9475 +- -1.00 (1)
0.9498 +- -1.00 (1)
0.9404 +- -1.00 (1)
0.9473 +- -1.00 (1)
0.9472 +- -1.00 (1)
0.9465 +- -1.00 (1)
0.9479 +- -1.00 (1)
0.9453 +- -1.00 (1)
0.9510 +- -1.00 (1)
0.9492 +- -1.00 (1)
0.9426 +- -1.00 (1)
0.9438 +- -1.00 (1)
0.9216 +- -1.00 (1)
0.9508 +- -1.00 (1)
0.9500 +- -1.00 (1)
0.9521 +- -1.00 (1)
0.9438 +- -1.00 (1)
0.9500 +- -1.00 (1)
0.9509 +- -1.00 (1)
0.9429 +- -1.00 (1)
0.9454 +- -1.00 (1)
0.9488 +- -1.00 (1)
0.9449 +- -1.00 (1)
0.9495 +- -1.00 (1)
0.9449 +- -1.00 (1)
