0.9447
0.9751
0.9399
0.9304
0.9512
0.9627
0.9603
0.9849
0.9444
0.9553
0.9349
0.9534
0.9792
0.9668
0.9698
0.9672
0.9797
0.9139
0.9566
0.9548
0.9644
0.9624
0.9619
0.9524
0.9633
0.9708
0.9692
0.9634
0.9627
0.9741
0.964
0.9556
0.9704
0.9654
0.9768
0.9672
0.9779
0.9514
0.9596
0.9625
0.9651
0.9734
0.9559
0.9672
0.9681
0.9662
0.9648
0.9634
0.9625
0.9634
0.9654
0.9524
0.9729
0.9661
0.9668
0.9622
0.9563
0.9515
0.9699
0.963
0.9628
0.9685
0.9643
0.9723
0.9679
0.9597
0.9669
0.9619
0.9653
0.968
0.9607
0.9606
0.9735
0.9673
0.9697
0.9642
0.9613
0.9468
0.9734
0.9657
0.9635
0.9644
0.9578
0.9655
0.9663
0.9646
0.9636
0.9554
0.9618
0.9646
0.9629
0.9618
0.9665
0.9655
0.9617
0.9663
0.9622
0.9587
0.9679
0.9677
0.9625
0.9734
0.9625
0.973
0.9624
0.9631
0.9591
0.9626
0.9594
0.9609
0.9648
0.9605
0.9657
0.9714
0.9662
0.9616
0.9651
0.9522
0.9599
0.966
0.9608
0.9573
0.9612
0.9685
0.9552
0.9602
0.9622
0.9638
0.9555
0.9617
0.9623
0.9616
0.9548
0.9679
0.9589
0.9608
0.9577
0.9566
0.9587
0.9614
0.954
0.9488
0.9478
0.9561
0.9546
0.9573
0.951
0.9535
0.9521
0.9585
0.957
0.9602
0.9535
0.9562
0.9556
0.9558
0.9542
0.9593
0.9529
0.9534
0.9602
0.9577
0.9557
0.9556
0.9591
0.9553
0.9579
0.9539
0.9486
0.9533
0.9538
0.9532
0.9515
0.9556
0.9463
0.9554
0.9594
0.9581
0.9518
0.9521
0.9569
0.9519
0.9569
0.9534
0.9546
0.9456
0.9537
0.9544
0.9501
0.9511
0.9529
0.9523
0.9532
0.9547
0.9527
0.9502
0.9524
0.9501
0.9487
0.9497
0.9504
0.9575
0.9453
0.9595
0.9403
0.9548
0.9541
0.9555
0.9515
0.9465
0.9518
0.9519
0.9466
0.9506
0.9457
0.9513
0.9507
0.9514
0.9515
0.9536
0.9476
0.9518
0.9503
0.9514
0.9522
0.9369
0.9483
0.9449
0.9513
0.9467
0.9538
0.9505
0.9558
0.9547
0.9506
0.9489
0.95
0.9463
0.9465
0.9411
0.9439
0.949
0.9528
0.9488
0.9504
0
0.9451
0.9418
0.9525
0.9499
0.9464
0.94
0.9486
0.9505
0.9511
0.9419
0.9504
0.9405
0.957
0.9432
0.9473
0.9426
0.9475
0.9521
0.9417
0.941
0.9467
0.9458
0.9495
0.9542
0.9496
0.944
0.9533
0.9435
0.9482
0.9439
0.9551
0.9413
0.9466
0.9482
0.9468
0.9565
0.9448
0.9502
0.9518
0.9454
0.942
0.9228
0.9455
0.9427
0.9373
0.9458
0.9477
0.9482
0.9451
0.9481
0.9521
0.9357
0.9501
0.9444