0.9462 +- -1.00 (1)
0.9758 +- -1.00 (1)
0.9399 +- -1.00 (1)
0.9303 +- -1.00 (1)
0.9513 +- -1.00 (1)
0.9572 +- -1.00 (1)
0.9631 +- -1.00 (1)
0.9828 +- -1.00 (1)
0.9444 +- -1.00 (1)
0.9553 +- -1.00 (1)
0.9396 +- -1.00 (1)
0.9505 +- -1.00 (1)
0.9798 +- -1.00 (1)
0.9692 +- -1.00 (1)
0.9750 +- -1.00 (1)
0.9672 +- -1.00 (1)
0.9780 +- -1.00 (1)
0.9139 +- -1.00 (1)
0.9558 +- -1.00 (1)
0.9466 +- -1.00 (1)
0.9644 +- -1.00 (1)
0.9613 +- -1.00 (1)
0.9631 +- -1.00 (1)
0.9547 +- -1.00 (1)
0.9633 +- -1.00 (1)
0.9731 +- -1.00 (1)
0.9666 +- -1.00 (1)
0.9631 +- -1.00 (1)
0.9627 +- -1.00 (1)
0.9725 +- -1.00 (1)
0.9640 +- -1.00 (1)
0.9567 +- -1.00 (1)
0.9699 +- -1.00 (1)
0.9630 +- -1.00 (1)
0.9735 +- -1.00 (1)
0.9639 +- -1.00 (1)
0.9779 +- -1.00 (1)
0.9523 +- -1.00 (1)
0.9603 +- -1.00 (1)
0.9613 +- -1.00 (1)
0.9638 +- -1.00 (1)
0.9728 +- -1.00 (1)
0.9589 +- -1.00 (1)
0.9685 +- -1.00 (1)
0.9661 +- -1.00 (1)
0.9657 +- -1.00 (1)
0.9726 +- -1.00 (1)
0.9580 +- -1.00 (1)
0.9656 +- -1.00 (1)
0.9628 +- -1.00 (1)
0.9594 +- -1.00 (1)
0.9528 +- -1.00 (1)
0.9778 +- -1.00 (1)
0.9669 +- -1.00 (1)
0.9600 +- -1.00 (1)
0.9627 +- -1.00 (1)
0.9567 +- -1.00 (1)
0.9523 +- -1.00 (1)
0.9716 +- -1.00 (1)
0.9653 +- -1.00 (1)
0.9618 +- -1.00 (1)
0.9675 +- -1.00 (1)
0.9651 +- -1.00 (1)
0.9743 +- -1.00 (1)
0.9680 +- -1.00 (1)
0.9634 +- -1.00 (1)
0.9684 +- -1.00 (1)
0.9625 +- -1.00 (1)
0.9704 +- -1.00 (1)
0.9668 +- -1.00 (1)
0.9619 +- -1.00 (1)
0.9606 +- -1.00 (1)
0.9741 +- -1.00 (1)
0.9671 +- -1.00 (1)
0.9689 +- -1.00 (1)
0.9602 +- -1.00 (1)
0.9536 +- -1.00 (1)
0.9468 +- -1.00 (1)
0.9729 +- -1.00 (1)
0.9666 +- -1.00 (1)
0.9621 +- -1.00 (1)
0.9690 +- -1.00 (1)
0.9586 +- -1.00 (1)
0.9644 +- -1.00 (1)
0.9662 +- -1.00 (1)
0.9610 +- -1.00 (1)
0.9649 +- -1.00 (1)
0.9542 +- -1.00 (1)
0.9625 +- -1.00 (1)
0.9640 +- -1.00 (1)
0.9596 +- -1.00 (1)
0.9572 +- -1.00 (1)
0.9700 +- -1.00 (1)
0.9686 +- -1.00 (1)
0.9659 +- -1.00 (1)
0.9659 +- -1.00 (1)
0.9637 +- -1.00 (1)
0.9609 +- -1.00 (1)
0.9694 +- -1.00 (1)
0.9691 +- -1.00 (1)
0.9614 +- -1.00 (1)
0.9692 +- -1.00 (1)
0.9593 +- -1.00 (1)
0.9740 +- -1.00 (1)
0.9659 +- -1.00 (1)
0.9619 +- -1.00 (1)
0.9585 +- -1.00 (1)
0.9639 +- -1.00 (1)
0.9629 +- -1.00 (1)
0.9636 +- -1.00 (1)
0.9684 +- -1.00 (1)
0.9586 +- -1.00 (1)
0.9654 +- -1.00 (1)
0.9717 +- -1.00 (1)
0.9656 +- -1.00 (1)
0.9630 +- -1.00 (1)
0.9639 +- -1.00 (1)
0.9532 +- -1.00 (1)
0.9617 +- -1.00 (1)
0.9667 +- -1.00 (1)
0.9595 +- -1.00 (1)
0.9612 +- -1.00 (1)
0.9597 +- -1.00 (1)
0.9628 +- -1.00 (1)
0.9583 +- -1.00 (1)
0.9671 +- -1.00 (1)
0.9616 +- -1.00 (1)
0.9554 +- -1.00 (1)
0.9596 +- -1.00 (1)
0.9615 +- -1.00 (1)
0.9582 +- -1.00 (1)
0.9576 +- -1.00 (1)
0.9594 +- -1.00 (1)
0.9673 +- -1.00 (1)
0.9653 +- -1.00 (1)
0.9581 +- -1.00 (1)
0.9595 +- -1.00 (1)
0.9553 +- -1.00 (1)
0.9632 +- -1.00 (1)
0.9636 +- -1.00 (1)
0.9529 +- -1.00 (1)
0.9562 +- -1.00 (1)
0.9516 +- -1.00 (1)
0.9588 +- -1.00 (1)
0.9576 +- -1.00 (1)
0.9559 +- -1.00 (1)
0.9555 +- -1.00 (1)
0.9570 +- -1.00 (1)
0.9512 +- -1.00 (1)
0.9549 +- -1.00 (1)
0.9548 +- -1.00 (1)
0.9535 +- -1.00 (1)
0.9524 +- -1.00 (1)
0.9570 +- -1.00 (1)
0.9551 +- -1.00 (1)
0.9652 +- -1.00 (1)
0.9524 +- -1.00 (1)
0.9599 +- -1.00 (1)
0.9531 +- -1.00 (1)
0.9568 +- -1.00 (1)
0.9522 +- -1.00 (1)
0.9586 +- -1.00 (1)
0.9526 +- -1.00 (1)
0.9618 +- -1.00 (1)
0.9588 +- -1.00 (1)
0.9512 +- -1.00 (1)
0.9556 +- -1.00 (1)
0.9511 +- -1.00 (1)
0.9513 +- -1.00 (1)
0.9543 +- -1.00 (1)
0.9525 +- -1.00 (1)
0.9515 +- -1.00 (1)
0.9494 +- -1.00 (1)
0.9455 +- -1.00 (1)
0.9436 +- -1.00 (1)
0.9567 +- -1.00 (1)
0.9575 +- -1.00 (1)
0.9593 +- -1.00 (1)
0.9434 +- -1.00 (1)
0.9576 +- -1.00 (1)
0.9523 +- -1.00 (1)
0.9508 +- -1.00 (1)
0.9493 +- -1.00 (1)
0.9558 +- -1.00 (1)
0.9554 +- -1.00 (1)
0.9499 +- -1.00 (1)
0.9545 +- -1.00 (1)
0.9605 +- -1.00 (1)
0.9473 +- -1.00 (1)
0.9500 +- -1.00 (1)
0.9516 +- -1.00 (1)
0.9533 +- -1.00 (1)
0.9467 +- -1.00 (1)
0.9510 +- -1.00 (1)
0.9504 +- -1.00 (1)
0.9531 +- -1.00 (1)
0.9533 +- -1.00 (1)
0.9518 +- -1.00 (1)
0.9507 +- -1.00 (1)
0.9512 +- -1.00 (1)
0.9500 +- -1.00 (1)
0.9535 +- -1.00 (1)
0.9482 +- -1.00 (1)
0.9568 +- -1.00 (1)
0.9533 +- -1.00 (1)
0.9515 +- -1.00 (1)
0.9549 +- -1.00 (1)
0.9564 +- -1.00 (1)
0.9504 +- -1.00 (1)
0.9486 +- -1.00 (1)
0.9490 +- -1.00 (1)
0.9523 +- -1.00 (1)
0.9524 +- -1.00 (1)
0.9530 +- -1.00 (1)
0.9528 +- -1.00 (1)
0.9461 +- -1.00 (1)
0.9519 +- -1.00 (1)
0.9477 +- -1.00 (1)
0.9545 +- -1.00 (1)
0.9507 +- -1.00 (1)
0.9442 +- -1.00 (1)
0.9530 +- -1.00 (1)
0.9537 +- -1.00 (1)
0.9498 +- -1.00 (1)
0.9498 +- -1.00 (1)
0.9462 +- -1.00 (1)
0.9473 +- -1.00 (1)
0.9490 +- -1.00 (1)
0.9527 +- -1.00 (1)
0.9489 +- -1.00 (1)
0.9523 +- -1.00 (1)
0.9492 +- -1.00 (1)
0.9533 +- -1.00 (1)
0.9525 +- -1.00 (1)
0.9496 +- -1.00 (1)
0.9472 +- -1.00 (1)
0.9520 +- -1.00 (1)
0.9490 +- -1.00 (1)
0.9482 +- -1.00 (1)
0.9420 +- -1.00 (1)
0.9446 +- -1.00 (1)
0.9508 +- -1.00 (1)
0.9533 +- -1.00 (1)
0.9513 +- -1.00 (1)
0.9512 +- -1.00 (1)
0.9357 +- -1.00 (1)
0.9464 +- -1.00 (1)
0.9440 +- -1.00 (1)
0.9457 +- -1.00 (1)
0.9481 +- -1.00 (1)
0.9493 +- -1.00 (1)
0.9492 +- -1.00 (1)
0.9495 +- -1.00 (1)
0.9501 +- -1.00 (1)
0.9517 +- -1.00 (1)
0.9446 +- -1.00 (1)
0.9445 +- -1.00 (1)
0.9478 +- -1.00 (1)
0.9512 +- -1.00 (1)
0.9485 +- -1.00 (1)
0.9490 +- -1.00 (1)
0.9421 +- -1.00 (1)
0.9462 +- -1.00 (1)
0.9481 +- -1.00 (1)
0.9419 +- -1.00 (1)
0.9441 +- -1.00 (1)
0.9448 +- -1.00 (1)
0.9439 +- -1.00 (1)
0.9466 +- -1.00 (1)
0.9539 +- -1.00 (1)
0.9476 +- -1.00 (1)
0.9465 +- -1.00 (1)
0.9544 +- -1.00 (1)
0.9471 +- -1.00 (1)
0.9464 +- -1.00 (1)
0.9470 +- -1.00 (1)
0.9523 +- -1.00 (1)
0.9483 +- -1.00 (1)
0.9388 +- -1.00 (1)
0.9525 +- -1.00 (1)
0.9480 +- -1.00 (1)
0.9519 +- -1.00 (1)
0.9479 +- -1.00 (1)
0.9495 +- -1.00 (1)
0.9529 +- -1.00 (1)
0.9494 +- -1.00 (1)
0.9473 +- -1.00 (1)
0.9420 +- -1.00 (1)
0.9528 +- -1.00 (1)
0.9469 +- -1.00 (1)
0.9516 +- -1.00 (1)
0.9467 +- -1.00 (1)
0.9547 +- -1.00 (1)
0.9496 +- -1.00 (1)
0.9486 +- -1.00 (1)
0.9451 +- -1.00 (1)
0.9564 +- -1.00 (1)
0.9392 +- -1.00 (1)
0.9489 +- -1.00 (1)
0.9482 +- -1.00 (1)
