../../problems/clp/benchs/NMFTA/NMFTA_3.txt -i 0 --min_fr=1.0 0.960000 0.780700
../../problems/clp/benchs/NMFTA/NMFTA_3.txt -i 2 --min_fr=1.0 0.888100 0.514800
../../problems/clp/benchs/NMFTA/NMFTA_3.txt -i 3 --min_fr=1.0 0.843800 0.694700
../../problems/clp/benchs/NMFTA/NMFTA_3.txt -i 4 --min_fr=1.0 0.966000 0.588300
../../problems/clp/benchs/NMFTA/NMFTA_3.txt -i 5 --min_fr=1.0 0.970400 0.556300
../../problems/clp/benchs/NMFTA/NMFTA_3.txt -i 7 --min_fr=1.0 0.842000 0.526600
../../problems/clp/benchs/NMFTA/NMFTA_3.txt -i 8 --min_fr=1.0 0.933200 0.596500
../../problems/clp/benchs/NMFTA/NMFTA_3.txt -i 9 --min_fr=1.0 0.840300 0.490000
../../problems/clp/benchs/NMFTA/NMFTA_3.txt -i 10 --min_fr=1.0 0.924300 0.760000
../../problems/clp/benchs/NMFTA/NMFTA_3.txt -i 11 --min_fr=1.0 0.862100 0.585800
../../problems/clp/benchs/NMFTA/NMFTA_3.txt -i 12 --min_fr=1.0 0.972600 0.728400
../../problems/clp/benchs/NMFTA/NMFTA_3.txt -i 13 --min_fr=1.0 0.910700 0.403200
../../problems/clp/benchs/NMFTA/NMFTA_3.txt -i 17 --min_fr=1.0 0.958900 0.485600
../../problems/clp/benchs/NMFTA/NMFTA_3.txt -i 19 --min_fr=1.0 0.951400 0.717800
../../problems/clp/benchs/NMFTA/NMFTA_3.txt -i 20 --min_fr=1.0 0.951700 0.723100
../../problems/clp/benchs/NMFTA/NMFTA_3.txt -i 21 --min_fr=1.0 0.942200 0.633300
../../problems/clp/benchs/NMFTA/NMFTA_3.txt -i 22 --min_fr=1.0 0.916200 0.656100
../../problems/clp/benchs/NMFTA/NMFTA_3.txt -i 23 --min_fr=1.0 0.902700 0.502000
../../problems/clp/benchs/NMFTA/NMFTA_3.txt -i 27 --min_fr=1.0 0.978600 0.797000
../../problems/clp/benchs/NMFTA/NMFTA_3.txt -i 29 --min_fr=1.0 0.964600 0.633300
../../problems/clp/benchs/NMFTA/NMFTA_3.txt -i 30 --min_fr=1.0 0.963300 0.678100
../../problems/clp/benchs/NMFTA/NMFTA_3.txt -i 31 --min_fr=1.0 0.969500 0.751100
../../problems/clp/benchs/NMFTA/NMFTA_3.txt -i 32 --min_fr=1.0 0.971100 0.563600
../../problems/clp/benchs/NMFTA/NMFTA_3.txt -i 33 --min_fr=1.0 0.899300 0.638700
../../problems/clp/benchs/NMFTA/NMFTA_3.txt -i 34 --min_fr=1.0 0.976800 0.584600
../../problems/clp/benchs/NMFTA/NMFTA_3.txt -i 37 --min_fr=1.0 0.959200 0.673800
../../problems/clp/benchs/NMFTA/NMFTA_3.txt -i 38 --min_fr=1.0 0.977300 0.697300
../../problems/clp/benchs/NMFTA/NMFTA_3.txt -i 39 --min_fr=1.0 0.972500 0.628500
../../problems/clp/benchs/NMFTA/NMFTA_3.txt -i 41 --min_fr=1.0 0.977400 0.781000
../../problems/clp/benchs/NMFTA/NMFTA_3.txt -i 42 --min_fr=1.0 0.979700 0.775600
../../problems/clp/benchs/NMFTA/NMFTA_3.txt -i 43 --min_fr=1.0 0.971100 0.730600
../../problems/clp/benchs/NMFTA/NMFTA_3.txt -i 45 --min_fr=1.0 0.982800 0.745700
../../problems/clp/benchs/NMFTA/NMFTA_3.txt -i 46 --min_fr=1.0 0.978400 0.723600
../../problems/clp/benchs/NMFTA/NMFTA_3.txt -i 47 --min_fr=1.0 0.977800 0.675500
../../problems/clp/benchs/NMFTA/NMFTA_3.txt -i 48 --min_fr=1.0 0.978500 0.706900
../../problems/clp/benchs/NMFTA/NMFTA_3.txt -i 49 --min_fr=1.0 0.975300 0.771500
../../problems/clp/benchs/NMFTA/NMFTA_3.txt -i 50 --min_fr=1.0 0.969000 0.729700
../../problems/clp/benchs/NMFTA/NMFTA_3.txt -i 51 --min_fr=1.0 0.975700 0.648600
../../problems/clp/benchs/NMFTA/NMFTA_3.txt -i 52 --min_fr=1.0 0.977600 0.701500
../../problems/clp/benchs/NMFTA/NMFTA_3.txt -i 53 --min_fr=1.0 0.958300 0.655500
../../problems/clp/benchs/NMFTA/NMFTA_3.txt -i 54 --min_fr=1.0 0.980300 0.628600
../../problems/clp/benchs/NMFTA/NMFTA_3.txt -i 55 --min_fr=1.0 0.975100 0.576200
../../problems/clp/benchs/NMFTA/NMFTA_3.txt -i 56 --min_fr=1.0 0.973600 0.790700
../../problems/clp/benchs/NMFTA/NMFTA_3.txt -i 59 --min_fr=1.0 0.975700 0.726200
../../problems/clp/benchs/NMFTA/NMFTA_3.txt -i 60 --min_fr=1.0 0.980200 0.807400
../../problems/clp/benchs/NMFTA/NMFTA_3.txt -i 61 --min_fr=1.0 0.977100 0.691900
../../problems/clp/benchs/NMFTA/NMFTA_3.txt -i 62 --min_fr=1.0 0.977700 0.725800
../../problems/clp/benchs/NMFTA/NMFTA_3.txt -i 63 --min_fr=1.0 0.980100 0.775800
../../problems/clp/benchs/NMFTA/NMFTA_3.txt -i 64 --min_fr=1.0 0.976100 0.659900
../../problems/clp/benchs/NMFTA/NMFTA_3.txt -i 65 --min_fr=1.0 0.973800 0.798800
../../problems/clp/benchs/NMFTA/NMFTA_3.txt -i 66 --min_fr=1.0 0.983200 0.740100
../../problems/clp/benchs/NMFTA/NMFTA_3.txt -i 67 --min_fr=1.0 0.974300 0.773500
../../problems/clp/benchs/NMFTA/NMFTA_3.txt -i 69 --min_fr=1.0 0.977800 0.692900
../../problems/clp/benchs/NMFTA/NMFTA_3.txt -i 70 --min_fr=1.0 0.972100 0.714100
../../problems/clp/benchs/NMFTA/NMFTA_3.txt -i 71 --min_fr=1.0 0.971900 0.684700
../../problems/clp/benchs/NMFTA/NMFTA_3.txt -i 72 --min_fr=1.0 0.985500 0.768100
../../problems/clp/benchs/NMFTA/NMFTA_3.txt -i 73 --min_fr=1.0 0.975100 0.645400
../../problems/clp/benchs/NMFTA/NMFTA_3.txt -i 74 --min_fr=1.0 0.977300 0.744700
../../problems/clp/benchs/NMFTA/NMFTA_3.txt -i 75 --min_fr=1.0 0.981200 0.693500
../../problems/clp/benchs/NMFTA/NMFTA_3.txt -i 76 --min_fr=1.0 0.972000 0.791400
../../problems/clp/benchs/NMFTA/NMFTA_3.txt -i 77 --min_fr=1.0 0.970100 0.765800
../../problems/clp/benchs/NMFTA/NMFTA_3.txt -i 78 --min_fr=1.0 0.984000 0.695200
../../problems/clp/benchs/NMFTA/NMFTA_3.txt -i 80 --min_fr=1.0 0.981400 0.772800
../../problems/clp/benchs/NMFTA/NMFTA_3.txt -i 82 --min_fr=1.0 0.975000 0.713600
../../problems/clp/benchs/NMFTA/NMFTA_3.txt -i 83 --min_fr=1.0 0.978700 0.732800
../../problems/clp/benchs/NMFTA/NMFTA_3.txt -i 84 --min_fr=1.0 0.974200 0.745700
../../problems/clp/benchs/NMFTA/NMFTA_3.txt -i 85 --min_fr=1.0 0.975000 0.710700
../../problems/clp/benchs/NMFTA/NMFTA_3.txt -i 86 --min_fr=1.0 0.977100 0.697000
../../problems/clp/benchs/NMFTA/NMFTA_3.txt -i 87 --min_fr=1.0 0.970000 0.593300
../../problems/clp/benchs/NMFTA/NMFTA_3.txt -i 90 --min_fr=1.0 0.974200 0.773100
../../problems/clp/benchs/NMFTA/NMFTA_3.txt -i 91 --min_fr=1.0 0.976600 0.778500
../../problems/clp/benchs/NMFTA/NMFTA_3.txt -i 92 --min_fr=1.0 0.984400 0.786400
../../problems/clp/benchs/NMFTA/NMFTA_3.txt -i 93 --min_fr=1.0 0.982200 0.753000
../../problems/clp/benchs/NMFTA/NMFTA_3.txt -i 94 --min_fr=1.0 0.975400 0.727600
../../problems/clp/benchs/NMFTA/NMFTA_3.txt -i 95 --min_fr=1.0 0.978200 0.711600
../../problems/clp/benchs/NMFTA/NMFTA_3.txt -i 97 --min_fr=1.0 0.970200 0.763300
../../problems/clp/benchs/NMFTA/NMFTA_3.txt -i 98 --min_fr=1.0 0.978500 0.761700
../../problems/clp/benchs/NMFTA/NMFTA_3.txt -i 99 --min_fr=1.0 0.976600 0.805800
../../problems/clp/benchs/NMFTA/NMFTA_4.txt -i 0 --min_fr=1.0 0.980800 0.708600
../../problems/clp/benchs/NMFTA/NMFTA_4.txt -i 2 --min_fr=1.0 0.979500 0.813100
../../problems/clp/benchs/NMFTA/NMFTA_4.txt -i 3 --min_fr=1.0 0.975400 0.793800
../../problems/clp/benchs/NMFTA/NMFTA_4.txt -i 4 --min_fr=1.0 0.982500 0.795600
../../problems/clp/benchs/NMFTA/NMFTA_4.txt -i 5 --min_fr=1.0 0.972800 0.744800
../../problems/clp/benchs/NMFTA/NMFTA_4.txt -i 7 --min_fr=1.0 0.968600 0.792900
../../problems/clp/benchs/NMFTA/NMFTA_4.txt -i 8 --min_fr=1.0 0.969200 0.678500
../../problems/clp/benchs/NMFTA/NMFTA_4.txt -i 9 --min_fr=1.0 0.973500 0.809900
../../problems/clp/benchs/NMFTA/NMFTA_4.txt -i 10 --min_fr=1.0 0.977300 0.762600
../../problems/clp/benchs/NMFTA/NMFTA_4.txt -i 12 --min_fr=1.0 0.986500 0.786300
../../problems/clp/benchs/NMFTA/NMFTA_4.txt -i 13 --min_fr=1.0 0.979400 0.756700
../../problems/clp/benchs/NMFTA/NMFTA_4.txt -i 14 --min_fr=1.0 0.984300 0.763700
../../problems/clp/benchs/NMFTA/NMFTA_4.txt -i 18 --min_fr=1.0 0.976900 0.760600
../../problems/clp/benchs/NMFTA/NMFTA_4.txt -i 17 --min_fr=1.0 0.957200 0.697600
../../problems/clp/benchs/NMFTA/NMFTA_4.txt -i 18 --min_fr=1.0 0.976600 0.806100
../../problems/clp/benchs/NMFTA/NMFTA_4.txt -i 19 --min_fr=1.0 0.980300 0.795700
../../problems/clp/benchs/NMFTA/NMFTA_4.txt -i 21 --min_fr=1.0 0.971600 0.730700
../../problems/clp/benchs/NMFTA/NMFTA_4.txt -i 22 --min_fr=1.0 0.970600 0.788900
../../problems/clp/benchs/NMFTA/NMFTA_4.txt -i 24 --min_fr=1.0 0.984200 0.759400
../../problems/clp/benchs/NMFTA/NMFTA_4.txt -i 25 --min_fr=1.0 0.977900 0.792700
../../problems/clp/benchs/NMFTA/NMFTA_4.txt -i 26 --min_fr=1.0 0.978400 0.777800
../../problems/clp/benchs/NMFTA/NMFTA_4.txt -i 27 --min_fr=1.0 0.973200 0.771800
../../problems/clp/benchs/NMFTA/NMFTA_4.txt -i 28 --min_fr=1.0 0.977100 0.756300
../../problems/clp/benchs/NMFTA/NMFTA_4.txt -i 29 --min_fr=1.0 0.980100 0.730300
../../problems/clp/benchs/NMFTA/NMFTA_4.txt -i 30 --min_fr=1.0 0.975300 0.755000
../../problems/clp/benchs/NMFTA/NMFTA_4.txt -i 31 --min_fr=1.0 0.980400 0.704900
../../problems/clp/benchs/NMFTA/NMFTA_4.txt -i 32 --min_fr=1.0 0.979400 0.770600
../../problems/clp/benchs/NMFTA/NMFTA_4.txt -i 33 --min_fr=1.0 0.974400 0.778900
../../problems/clp/benchs/NMFTA/NMFTA_4.txt -i 34 --min_fr=1.0 0.978800 0.783200
../../problems/clp/benchs/NMFTA/NMFTA_4.txt -i 36 --min_fr=1.0 0.982000 0.811300
../../problems/clp/benchs/NMFTA/NMFTA_4.txt -i 37 --min_fr=1.0 0.973100 0.793400
../../problems/clp/benchs/NMFTA/NMFTA_4.txt -i 38 --min_fr=1.0 0.978200 0.797400
../../problems/clp/benchs/NMFTA/NMFTA_4.txt -i 39 --min_fr=1.0 0.977800 0.767900
../../problems/clp/benchs/NMFTA/NMFTA_4.txt -i 40 --min_fr=1.0 0.976100 0.774300
../../problems/clp/benchs/NMFTA/NMFTA_4.txt -i 41 --min_fr=1.0 0.968500 0.667300
../../problems/clp/benchs/NMFTA/NMFTA_4.txt -i 42 --min_fr=1.0 0.964000 0.728800
../../problems/clp/benchs/NMFTA/NMFTA_4.txt -i 43 --min_fr=1.0 0.969200 0.676900
../../problems/clp/benchs/NMFTA/NMFTA_4.txt -i 44 --min_fr=1.0 0.969300 0.778900
../../problems/clp/benchs/NMFTA/NMFTA_4.txt -i 45 --min_fr=1.0 0.967800 0.699900
../../problems/clp/benchs/NMFTA/NMFTA_4.txt -i 46 --min_fr=1.0 0.967400 0.667600
../../problems/clp/benchs/NMFTA/NMFTA_4.txt -i 47 --min_fr=1.0 0.954200 0.718500
../../problems/clp/benchs/NMFTA/NMFTA_4.txt -i 48 --min_fr=1.0 0.965600 0.766500
../../problems/clp/benchs/NMFTA/NMFTA_4.txt -i 50 --min_fr=1.0 0.962700 0.779500
../../problems/clp/benchs/NMFTA/NMFTA_4.txt -i 51 --min_fr=1.0 0.974200 0.742500
../../problems/clp/benchs/NMFTA/NMFTA_4.txt -i 52 --min_fr=1.0 0.978100 0.762700
../../problems/clp/benchs/NMFTA/NMFTA_4.txt -i 53 --min_fr=1.0 0.960600 0.689600
../../problems/clp/benchs/NMFTA/NMFTA_4.txt -i 54 --min_fr=1.0 0.974600 0.660300
../../problems/clp/benchs/NMFTA/NMFTA_4.txt -i 55 --min_fr=1.0 0.974100 0.704200
../../problems/clp/benchs/NMFTA/NMFTA_4.txt -i 56 --min_fr=1.0 0.973300 0.753900
../../problems/clp/benchs/NMFTA/NMFTA_4.txt -i 57 --min_fr=1.0 0.976500 0.771000
../../problems/clp/benchs/NMFTA/NMFTA_4.txt -i 58 --min_fr=1.0 0.968800 0.690100
../../problems/clp/benchs/NMFTA/NMFTA_4.txt -i 59 --min_fr=1.0 0.969000 0.692900
../../problems/clp/benchs/NMFTA/NMFTA_4.txt -i 60 --min_fr=1.0 0.975600 0.676300
../../problems/clp/benchs/NMFTA/NMFTA_4.txt -i 61 --min_fr=1.0 0.968900 0.728800
../../problems/clp/benchs/NMFTA/NMFTA_4.txt -i 62 --min_fr=1.0 0.960500 0.718400
../../problems/clp/benchs/NMFTA/NMFTA_4.txt -i 63 --min_fr=1.0 0.962500 0.753500
../../problems/clp/benchs/NMFTA/NMFTA_4.txt -i 64 --min_fr=1.0 0.955100 0.687900
../../problems/clp/benchs/NMFTA/NMFTA_4.txt -i 65 --min_fr=1.0 0.966300 0.701200
../../problems/clp/benchs/NMFTA/NMFTA_4.txt -i 66 --min_fr=1.0 0.974000 0.783700
../../problems/clp/benchs/NMFTA/NMFTA_4.txt -i 67 --min_fr=1.0 0.955800 0.749100
../../problems/clp/benchs/NMFTA/NMFTA_4.txt -i 68 --min_fr=1.0 0.966400 0.707200
../../problems/clp/benchs/NMFTA/NMFTA_4.txt -i 70 --min_fr=1.0 0.967800 0.684800
../../problems/clp/benchs/NMFTA/NMFTA_4.txt -i 71 --min_fr=1.0 0.973500 0.738100
../../problems/clp/benchs/NMFTA/NMFTA_4.txt -i 72 --min_fr=1.0 0.972200 0.704000
../../problems/clp/benchs/NMFTA/NMFTA_4.txt -i 73 --min_fr=1.0 0.974400 0.707100
../../problems/clp/benchs/NMFTA/NMFTA_4.txt -i 74 --min_fr=1.0 0.965800 0.697800
../../problems/clp/benchs/NMFTA/NMFTA_4.txt -i 75 --min_fr=1.0 0.971900 0.742300
../../problems/clp/benchs/NMFTA/NMFTA_4.txt -i 76 --min_fr=1.0 0.966800 0.653100
../../problems/clp/benchs/NMFTA/NMFTA_4.txt -i 77 --min_fr=1.0 0.977000 0.727000
../../problems/clp/benchs/NMFTA/NMFTA_4.txt -i 78 --min_fr=1.0 0.958500 0.698000
../../problems/clp/benchs/NMFTA/NMFTA_4.txt -i 79 --min_fr=1.0 0.972800 0.640900
../../problems/clp/benchs/NMFTA/NMFTA_4.txt -i 80 --min_fr=1.0 0.971000 0.736500
../../problems/clp/benchs/NMFTA/NMFTA_4.txt -i 81 --min_fr=1.0 0.969800 0.767500
../../problems/clp/benchs/NMFTA/NMFTA_4.txt -i 82 --min_fr=1.0 0.971500 0.748200
../../problems/clp/benchs/NMFTA/NMFTA_4.txt -i 83 --min_fr=1.0 0.966800 0.718700
../../problems/clp/benchs/NMFTA/NMFTA_4.txt -i 84 --min_fr=1.0 0.973800 0.752500
../../problems/clp/benchs/NMFTA/NMFTA_4.txt -i 85 --min_fr=1.0 0.967000 0.757000
../../problems/clp/benchs/NMFTA/NMFTA_4.txt -i 86 --min_fr=1.0 0.973800 0.742900
../../problems/clp/benchs/NMFTA/NMFTA_4.txt -i 87 --min_fr=1.0 0.973200 0.706900
../../problems/clp/benchs/NMFTA/NMFTA_4.txt -i 88 --min_fr=1.0 0.964000 0.661700
../../problems/clp/benchs/NMFTA/NMFTA_4.txt -i 89 --min_fr=1.0 0.967500 0.682000
../../problems/clp/benchs/NMFTA/NMFTA_4.txt -i 90 --min_fr=1.0 0.974400 0.760100
../../problems/clp/benchs/NMFTA/NMFTA_4.txt -i 91 --min_fr=1.0 0.974600 0.750100
../../problems/clp/benchs/NMFTA/NMFTA_4.txt -i 92 --min_fr=1.0 0.963700 0.644000
../../problems/clp/benchs/NMFTA/NMFTA_4.txt -i 93 --min_fr=1.0 0.965100 0.752600
../../problems/clp/benchs/NMFTA/NMFTA_4.txt -i 94 --min_fr=1.0 0.968600 0.764900
../../problems/clp/benchs/NMFTA/NMFTA_4.txt -i 95 --min_fr=1.0 0.970700 0.693700
../../problems/clp/benchs/NMFTA/NMFTA_4.txt -i 96 --min_fr=1.0 0.968900 0.692100
../../problems/clp/benchs/NMFTA/NMFTA_4.txt -i 97 --min_fr=1.0 0.968200 0.650900
../../problems/clp/benchs/NMFTA/NMFTA_4.txt -i 98 --min_fr=1.0 0.969300 0.740900
../../problems/clp/benchs/NMFTA/NMFTA_4.txt -i 99 --min_fr=1.0 0.970400 0.725900
../../problems/clp/benchs/NMFTA/NMFTA_7.txt -i 0 --min_fr=1.0 0.964300 0.756800
../../problems/clp/benchs/NMFTA/NMFTA_7.txt -i 1 --min_fr=1.0 0.969100 0.724600
../../problems/clp/benchs/NMFTA/NMFTA_7.txt -i 2 --min_fr=1.0 0.960200 0.724500
../../problems/clp/benchs/NMFTA/NMFTA_7.txt -i 3 --min_fr=1.0 0.964600 0.691500
../../problems/clp/benchs/NMFTA/NMFTA_7.txt -i 4 --min_fr=1.0 0.973400 0.714300
../../problems/clp/benchs/NMFTA/NMFTA_7.txt -i 5 --min_fr=1.0 0.975400 0.668700
../../problems/clp/benchs/NMFTA/NMFTA_7.txt -i 6 --min_fr=1.0 0.970900 0.741000
../../problems/clp/benchs/NMFTA/NMFTA_7.txt -i 7 --min_fr=1.0 0.968000 0.705700
../../problems/clp/benchs/NMFTA/NMFTA_7.txt -i 8 --min_fr=1.0 0.967800 0.706400
../../problems/clp/benchs/NMFTA/NMFTA_7.txt -i 9 --min_fr=1.0 0.971500 0.710500
../../problems/clp/benchs/NMFTA/NMFTA_7.txt -i 10 --min_fr=1.0 0.973100 0.700700
../../problems/clp/benchs/NMFTA/NMFTA_7.txt -i 11 --min_fr=1.0 0.969100 0.707200
../../problems/clp/benchs/NMFTA/NMFTA_7.txt -i 12 --min_fr=1.0 0.947300 0.713400
../../problems/clp/benchs/NMFTA/NMFTA_7.txt -i 13 --min_fr=1.0 0.958600 0.690800
../../problems/clp/benchs/NMFTA/NMFTA_7.txt -i 14 --min_fr=1.0 0.967800 0.738200
../../problems/clp/benchs/NMFTA/NMFTA_7.txt -i 18 --min_fr=1.0 0.969900 0.721900
../../problems/clp/benchs/NMFTA/NMFTA_7.txt -i 16 --min_fr=1.0 0.965600 0.695900
../../problems/clp/benchs/NMFTA/NMFTA_7.txt -i 17 --min_fr=1.0 0.967100 0.777700
../../problems/clp/benchs/NMFTA/NMFTA_7.txt -i 18 --min_fr=1.0 0.966400 0.734300
../../problems/clp/benchs/NMFTA/NMFTA_7.txt -i 19 --min_fr=1.0 0.969300 0.683900
../../problems/clp/benchs/NMFTA/NMFTA_7.txt -i 20 --min_fr=1.0 0.964000 0.697600
../../problems/clp/benchs/NMFTA/NMFTA_7.txt -i 21 --min_fr=1.0 0.969900 0.779100
../../problems/clp/benchs/NMFTA/NMFTA_7.txt -i 22 --min_fr=1.0 0.971400 0.736900
../../problems/clp/benchs/NMFTA/NMFTA_7.txt -i 23 --min_fr=1.0 0.970900 0.735000
../../problems/clp/benchs/NMFTA/NMFTA_7.txt -i 24 --min_fr=1.0 0.966400 0.673700
../../problems/clp/benchs/NMFTA/NMFTA_7.txt -i 25 --min_fr=1.0 0.961600 0.703400
../../problems/clp/benchs/NMFTA/NMFTA_7.txt -i 26 --min_fr=1.0 0.964400 0.692100
../../problems/clp/benchs/NMFTA/NMFTA_7.txt -i 27 --min_fr=1.0 0.967200 0.737600
../../problems/clp/benchs/NMFTA/NMFTA_7.txt -i 28 --min_fr=1.0 0.965600 0.697500
../../problems/clp/benchs/NMFTA/NMFTA_7.txt -i 29 --min_fr=1.0 0.965300 0.731300
../../problems/clp/benchs/NMFTA/NMFTA_7.txt -i 30 --min_fr=1.0 0.968500 0.722200
../../problems/clp/benchs/NMFTA/NMFTA_7.txt -i 31 --min_fr=1.0 0.968500 0.786300
../../problems/clp/benchs/NMFTA/NMFTA_7.txt -i 32 --min_fr=1.0 0.966900 0.710900
../../problems/clp/benchs/NMFTA/NMFTA_7.txt -i 33 --min_fr=1.0 0.963800 0.698200
../../problems/clp/benchs/NMFTA/NMFTA_7.txt -i 34 --min_fr=1.0 0.966900 0.709200
../../problems/clp/benchs/NMFTA/NMFTA_7.txt -i 35 --min_fr=1.0 0.970300 0.687000
../../problems/clp/benchs/NMFTA/NMFTA_7.txt -i 36 --min_fr=1.0 0.968100 0.758600
../../problems/clp/benchs/NMFTA/NMFTA_7.txt -i 37 --min_fr=1.0 0.966800 0.781700
../../problems/clp/benchs/NMFTA/NMFTA_7.txt -i 38 --min_fr=1.0 0.961400 0.769400
../../problems/clp/benchs/NMFTA/NMFTA_7.txt -i 39 --min_fr=1.0 0.967200 0.655000
../../problems/clp/benchs/NMFTA/NMFTA_7.txt -i 40 --min_fr=1.0 0.968900 0.768000
../../problems/clp/benchs/NMFTA/NMFTA_7.txt -i 41 --min_fr=1.0 0.965000 0.734900
../../problems/clp/benchs/NMFTA/NMFTA_7.txt -i 42 --min_fr=1.0 0.968100 0.693500
../../problems/clp/benchs/NMFTA/NMFTA_7.txt -i 43 --min_fr=1.0 0.964100 0.700000
../../problems/clp/benchs/NMFTA/NMFTA_7.txt -i 44 --min_fr=1.0 0.969100 0.723300
../../problems/clp/benchs/NMFTA/NMFTA_7.txt -i 45 --min_fr=1.0 0.969000 0.707100
../../problems/clp/benchs/NMFTA/NMFTA_7.txt -i 46 --min_fr=1.0 0.952400 0.689500
../../problems/clp/benchs/NMFTA/NMFTA_7.txt -i 47 --min_fr=1.0 0.956600 0.658600
../../problems/clp/benchs/NMFTA/NMFTA_7.txt -i 48 --min_fr=1.0 0.967700 0.705400
../../problems/clp/benchs/NMFTA/NMFTA_7.txt -i 49 --min_fr=1.0 0.973400 0.726000
../../problems/clp/benchs/NMFTA/NMFTA_7.txt -i 50 --min_fr=1.0 0.976400 0.690700
../../problems/clp/benchs/NMFTA/NMFTA_7.txt -i 51 --min_fr=1.0 0.972400 0.696000
../../problems/clp/benchs/NMFTA/NMFTA_7.txt -i 52 --min_fr=1.0 0.972700 0.649900
../../problems/clp/benchs/NMFTA/NMFTA_7.txt -i 53 --min_fr=1.0 0.971600 0.738600
../../problems/clp/benchs/NMFTA/NMFTA_7.txt -i 54 --min_fr=1.0 0.967900 0.690000
../../problems/clp/benchs/NMFTA/NMFTA_7.txt -i 55 --min_fr=1.0 0.969700 0.745800
../../problems/clp/benchs/NMFTA/NMFTA_7.txt -i 56 --min_fr=1.0 0.971900 0.710400
../../problems/clp/benchs/NMFTA/NMFTA_7.txt -i 57 --min_fr=1.0 0.968000 0.714100
../../problems/clp/benchs/NMFTA/NMFTA_7.txt -i 58 --min_fr=1.0 0.978400 0.682700
../../problems/clp/benchs/NMFTA/NMFTA_7.txt -i 59 --min_fr=1.0 0.969100 0.705000
../../problems/clp/benchs/NMFTA/NMFTA_7.txt -i 60 --min_fr=1.0 0.945600 0.751200
../../problems/clp/benchs/NMFTA/NMFTA_7.txt -i 61 --min_fr=1.0 0.958300 0.658200
../../problems/clp/benchs/NMFTA/NMFTA_7.txt -i 62 --min_fr=1.0 0.971400 0.697500
../../problems/clp/benchs/NMFTA/NMFTA_7.txt -i 63 --min_fr=1.0 0.962500 0.702200
../../problems/clp/benchs/NMFTA/NMFTA_7.txt -i 64 --min_fr=1.0 0.970200 0.677600
../../problems/clp/benchs/NMFTA/NMFTA_7.txt -i 65 --min_fr=1.0 0.968000 0.727700
../../problems/clp/benchs/NMFTA/NMFTA_7.txt -i 66 --min_fr=1.0 0.971500 0.716800
../../problems/clp/benchs/NMFTA/NMFTA_7.txt -i 67 --min_fr=1.0 0.961500 0.729000
../../problems/clp/benchs/NMFTA/NMFTA_7.txt -i 68 --min_fr=1.0 0.962600 0.702700
../../problems/clp/benchs/NMFTA/NMFTA_7.txt -i 69 --min_fr=1.0 0.967500 0.733300
../../problems/clp/benchs/NMFTA/NMFTA_7.txt -i 70 --min_fr=1.0 0.963400 0.730300
../../problems/clp/benchs/NMFTA/NMFTA_7.txt -i 71 --min_fr=1.0 0.963400 0.676500
../../problems/clp/benchs/NMFTA/NMFTA_7.txt -i 72 --min_fr=1.0 0.968800 0.701700
../../problems/clp/benchs/NMFTA/NMFTA_7.txt -i 73 --min_fr=1.0 0.963500 0.654300
../../problems/clp/benchs/NMFTA/NMFTA_7.txt -i 74 --min_fr=1.0 0.966300 0.683700
../../problems/clp/benchs/NMFTA/NMFTA_7.txt -i 75 --min_fr=1.0 0.965000 0.740100
../../problems/clp/benchs/NMFTA/NMFTA_7.txt -i 76 --min_fr=1.0 0.965700 0.687100
../../problems/clp/benchs/NMFTA/NMFTA_7.txt -i 77 --min_fr=1.0 0.970400 0.728300
../../problems/clp/benchs/NMFTA/NMFTA_7.txt -i 78 --min_fr=1.0 0.966300 0.714300
../../problems/clp/benchs/NMFTA/NMFTA_7.txt -i 79 --min_fr=1.0 0.970500 0.715100
../../problems/clp/benchs/NMFTA/NMFTA_7.txt -i 80 --min_fr=1.0 0.971700 0.687800
../../problems/clp/benchs/NMFTA/NMFTA_7.txt -i 81 --min_fr=1.0 0.966800 0.712600
../../problems/clp/benchs/NMFTA/NMFTA_7.txt -i 82 --min_fr=1.0 0.961000 0.721500
../../problems/clp/benchs/NMFTA/NMFTA_7.txt -i 83 --min_fr=1.0 0.972800 0.702100
../../problems/clp/benchs/NMFTA/NMFTA_7.txt -i 84 --min_fr=1.0 0.968400 0.688600
../../problems/clp/benchs/NMFTA/NMFTA_7.txt -i 85 --min_fr=1.0 0.958500 0.705000
../../problems/clp/benchs/NMFTA/NMFTA_7.txt -i 86 --min_fr=1.0 0.948900 0.735300
../../problems/clp/benchs/NMFTA/NMFTA_7.txt -i 87 --min_fr=1.0 0.962000 0.657400
../../problems/clp/benchs/NMFTA/NMFTA_7.txt -i 88 --min_fr=1.0 0.968100 0.741500
../../problems/clp/benchs/NMFTA/NMFTA_7.txt -i 89 --min_fr=1.0 0.965100 0.729200
../../problems/clp/benchs/NMFTA/NMFTA_7.txt -i 90 --min_fr=1.0 0.950600 0.675600
../../problems/clp/benchs/NMFTA/NMFTA_7.txt -i 91 --min_fr=1.0 0.963700 0.705200
../../problems/clp/benchs/NMFTA/NMFTA_7.txt -i 92 --min_fr=1.0 0.951100 0.718800
../../problems/clp/benchs/NMFTA/NMFTA_7.txt -i 93 --min_fr=1.0 0.974400 0.667800
../../problems/clp/benchs/NMFTA/NMFTA_7.txt -i 94 --min_fr=1.0 0.962200 0.744100
../../problems/clp/benchs/NMFTA/NMFTA_7.txt -i 95 --min_fr=1.0 0.960600 0.708700
../../problems/clp/benchs/NMFTA/NMFTA_7.txt -i 96 --min_fr=1.0 0.924400 0.706800
../../problems/clp/benchs/NMFTA/NMFTA_7.txt -i 97 --min_fr=1.0 0.963900 0.712800
../../problems/clp/benchs/NMFTA/NMFTA_7.txt -i 98 --min_fr=1.0 0.967600 0.741100
../../problems/clp/benchs/NMFTA/NMFTA_7.txt -i 99 --min_fr=1.0 0.961700 0.687300
../../problems/clp/benchs/NMFTA/NMFTA_8.txt -i 0 --min_fr=0.98 0.833400 0.684500
../../problems/clp/benchs/NMFTA/NMFTA_8.txt -i 2 --min_fr=0.98 0.753500 0.287400
../../problems/clp/benchs/NMFTA/NMFTA_8.txt -i 3 --min_fr=0.98 0.931400 0.697000
../../problems/clp/benchs/NMFTA/NMFTA_8.txt -i 6 --min_fr=0.98 0.933500 0.589200
../../problems/clp/benchs/NMFTA/NMFTA_8.txt -i 8 --min_fr=0.98 0.683500 0.522800
../../problems/clp/benchs/NMFTA/NMFTA_8.txt -i 9 --min_fr=0.98 0.954600 0.613400
../../problems/clp/benchs/NMFTA/NMFTA_8.txt -i 10 --min_fr=0.98 0.793300 0.596700
../../problems/clp/benchs/NMFTA/NMFTA_8.txt -i 11 --min_fr=0.98 0.960500 0.767700
../../problems/clp/benchs/NMFTA/NMFTA_8.txt -i 14 --min_fr=0.98 0.793100 0.367100
../../problems/clp/benchs/NMFTA/NMFTA_8.txt -i 18 --min_fr=0.98 0.973000 0.711200
../../problems/clp/benchs/NMFTA/NMFTA_8.txt -i 18 --min_fr=0.98 0.802200 0.511700
../../problems/clp/benchs/NMFTA/NMFTA_8.txt -i 20 --min_fr=0.98 0.938700 0.641900
../../problems/clp/benchs/NMFTA/NMFTA_8.txt -i 21 --min_fr=0.98 0.970600 0.614000
../../problems/clp/benchs/NMFTA/NMFTA_8.txt -i 22 --min_fr=0.98 0.907500 0.730800
../../problems/clp/benchs/NMFTA/NMFTA_8.txt -i 23 --min_fr=0.98 0.976800 0.712900
../../problems/clp/benchs/NMFTA/NMFTA_8.txt -i 24 --min_fr=0.98 0.962000 0.778600
../../problems/clp/benchs/NMFTA/NMFTA_8.txt -i 25 --min_fr=0.98 0.765800 0.568800
../../problems/clp/benchs/NMFTA/NMFTA_8.txt -i 26 --min_fr=0.98 0.978800 0.791600
../../problems/clp/benchs/NMFTA/NMFTA_8.txt -i 28 --min_fr=0.98 0.970100 0.743000
../../problems/clp/benchs/NMFTA/NMFTA_8.txt -i 29 --min_fr=0.98 0.849600 0.643000
../../problems/clp/benchs/NMFTA/NMFTA_8.txt -i 31 --min_fr=0.98 0.966000 0.561800
../../problems/clp/benchs/NMFTA/NMFTA_8.txt -i 33 --min_fr=0.98 0.956400 0.687700
../../problems/clp/benchs/NMFTA/NMFTA_8.txt -i 34 --min_fr=0.98 0.882600 0.610100
../../problems/clp/benchs/NMFTA/NMFTA_8.txt -i 36 --min_fr=0.98 0.905600 0.444800
../../problems/clp/benchs/NMFTA/NMFTA_8.txt -i 37 --min_fr=0.98 0.968100 0.647100
../../problems/clp/benchs/NMFTA/NMFTA_8.txt -i 39 --min_fr=0.98 0.951600 0.774500
../../problems/clp/benchs/NMFTA/NMFTA_8.txt -i 41 --min_fr=0.98 0.966200 0.705000
../../problems/clp/benchs/NMFTA/NMFTA_8.txt -i 42 --min_fr=0.98 0.973400 0.762200
../../problems/clp/benchs/NMFTA/NMFTA_8.txt -i 44 --min_fr=0.98 0.971900 0.662400
../../problems/clp/benchs/NMFTA/NMFTA_8.txt -i 45 --min_fr=0.98 0.973400 0.734600
../../problems/clp/benchs/NMFTA/NMFTA_8.txt -i 46 --min_fr=0.98 0.982700 0.732600
../../problems/clp/benchs/NMFTA/NMFTA_8.txt -i 48 --min_fr=0.98 0.957600 0.686700
../../problems/clp/benchs/NMFTA/NMFTA_8.txt -i 49 --min_fr=0.98 0.974900 0.786800
../../problems/clp/benchs/NMFTA/NMFTA_8.txt -i 50 --min_fr=0.98 0.973800 0.661500
../../problems/clp/benchs/NMFTA/NMFTA_8.txt -i 51 --min_fr=0.98 0.973100 0.756000
../../problems/clp/benchs/NMFTA/NMFTA_8.txt -i 52 --min_fr=0.98 0.980300 0.757300
../../problems/clp/benchs/NMFTA/NMFTA_8.txt -i 53 --min_fr=0.98 0.977400 0.766000
../../problems/clp/benchs/NMFTA/NMFTA_8.txt -i 54 --min_fr=0.98 0.976600 0.566700
../../problems/clp/benchs/NMFTA/NMFTA_8.txt -i 55 --min_fr=0.98 0.973100 0.675700
../../problems/clp/benchs/NMFTA/NMFTA_8.txt -i 56 --min_fr=0.98 0.951100 0.485900
../../problems/clp/benchs/NMFTA/NMFTA_8.txt -i 57 --min_fr=0.98 0.964800 0.689200
../../problems/clp/benchs/NMFTA/NMFTA_8.txt -i 59 --min_fr=0.98 0.980700 0.764700
../../problems/clp/benchs/NMFTA/NMFTA_8.txt -i 60 --min_fr=0.98 0.978500 0.728200
../../problems/clp/benchs/NMFTA/NMFTA_8.txt -i 61 --min_fr=0.98 0.980100 0.795800
../../problems/clp/benchs/NMFTA/NMFTA_8.txt -i 62 --min_fr=0.98 0.976100 0.693600
../../problems/clp/benchs/NMFTA/NMFTA_8.txt -i 63 --min_fr=0.98 0.982300 0.692300
../../problems/clp/benchs/NMFTA/NMFTA_8.txt -i 65 --min_fr=0.98 0.973700 0.663100
../../problems/clp/benchs/NMFTA/NMFTA_8.txt -i 66 --min_fr=0.98 0.955700 0.752500
../../problems/clp/benchs/NMFTA/NMFTA_8.txt -i 67 --min_fr=0.98 0.972100 0.764500
../../problems/clp/benchs/NMFTA/NMFTA_8.txt -i 69 --min_fr=0.98 0.973400 0.734600
../../problems/clp/benchs/NMFTA/NMFTA_8.txt -i 70 --min_fr=0.98 0.970500 0.755300
../../problems/clp/benchs/NMFTA/NMFTA_8.txt -i 73 --min_fr=0.98 0.970400 0.718700
../../problems/clp/benchs/NMFTA/NMFTA_8.txt -i 74 --min_fr=0.98 0.977900 0.792400
../../problems/clp/benchs/NMFTA/NMFTA_8.txt -i 75 --min_fr=0.98 0.978400 0.656600
../../problems/clp/benchs/NMFTA/NMFTA_8.txt -i 76 --min_fr=0.98 0.949700 0.747600
../../problems/clp/benchs/NMFTA/NMFTA_8.txt -i 77 --min_fr=0.98 0.932000 0.657200
../../problems/clp/benchs/NMFTA/NMFTA_8.txt -i 78 --min_fr=0.98 0.977800 0.810000
../../problems/clp/benchs/NMFTA/NMFTA_8.txt -i 80 --min_fr=0.98 0.966800 0.734000
../../problems/clp/benchs/NMFTA/NMFTA_8.txt -i 82 --min_fr=0.98 0.972500 0.704800
../../problems/clp/benchs/NMFTA/NMFTA_8.txt -i 83 --min_fr=0.98 0.981500 0.749200
../../problems/clp/benchs/NMFTA/NMFTA_8.txt -i 86 --min_fr=0.98 0.977800 0.739100
../../problems/clp/benchs/NMFTA/NMFTA_8.txt -i 88 --min_fr=0.98 0.971600 0.673400
../../problems/clp/benchs/NMFTA/NMFTA_8.txt -i 89 --min_fr=0.98 0.976200 0.767800
../../problems/clp/benchs/NMFTA/NMFTA_8.txt -i 90 --min_fr=0.98 0.973900 0.766700
../../problems/clp/benchs/NMFTA/NMFTA_8.txt -i 91 --min_fr=0.98 0.975400 0.747000
../../problems/clp/benchs/NMFTA/NMFTA_8.txt -i 92 --min_fr=0.98 0.983600 0.815100
../../problems/clp/benchs/NMFTA/NMFTA_8.txt -i 94 --min_fr=0.98 0.975000 0.749200
../../problems/clp/benchs/NMFTA/NMFTA_8.txt -i 95 --min_fr=0.98 0.976100 0.733100
../../problems/clp/benchs/NMFTA/NMFTA_8.txt -i 97 --min_fr=0.98 0.972900 0.759000
../../problems/clp/benchs/NMFTA/NMFTA_8.txt -i 98 --min_fr=0.98 0.978400 0.592300
../../problems/clp/benchs/NMFTA/NMFTA_9.txt -i 0 --min_fr=0.98 0.975900 0.723800
../../problems/clp/benchs/NMFTA/NMFTA_9.txt -i 1 --min_fr=0.98 0.985200 0.811300
../../problems/clp/benchs/NMFTA/NMFTA_9.txt -i 2 --min_fr=0.98 0.980000 0.736300
../../problems/clp/benchs/NMFTA/NMFTA_9.txt -i 3 --min_fr=0.98 0.977500 0.795200
../../problems/clp/benchs/NMFTA/NMFTA_9.txt -i 4 --min_fr=0.98 0.977800 0.785100
../../problems/clp/benchs/NMFTA/NMFTA_9.txt -i 5 --min_fr=0.98 0.968800 0.705300
../../problems/clp/benchs/NMFTA/NMFTA_9.txt -i 6 --min_fr=0.98 0.976600 0.776700
../../problems/clp/benchs/NMFTA/NMFTA_9.txt -i 7 --min_fr=0.98 0.975800 0.768200
../../problems/clp/benchs/NMFTA/NMFTA_9.txt -i 8 --min_fr=0.98 0.974500 0.616400
../../problems/clp/benchs/NMFTA/NMFTA_9.txt -i 9 --min_fr=0.98 0.977200 0.730100
../../problems/clp/benchs/NMFTA/NMFTA_9.txt -i 11 --min_fr=0.98 0.979000 0.804400
../../problems/clp/benchs/NMFTA/NMFTA_9.txt -i 12 --min_fr=0.98 0.979500 0.701200
../../problems/clp/benchs/NMFTA/NMFTA_9.txt -i 14 --min_fr=0.98 0.981000 0.707800
../../problems/clp/benchs/NMFTA/NMFTA_9.txt -i 18 --min_fr=0.98 0.980200 0.799300
../../problems/clp/benchs/NMFTA/NMFTA_9.txt -i 19 --min_fr=0.98 0.979600 0.719100
../../problems/clp/benchs/NMFTA/NMFTA_9.txt -i 20 --min_fr=0.98 0.984200 0.748800
../../problems/clp/benchs/NMFTA/NMFTA_9.txt -i 21 --min_fr=0.98 0.974400 0.782000
../../problems/clp/benchs/NMFTA/NMFTA_9.txt -i 22 --min_fr=0.98 0.978700 0.782400
../../problems/clp/benchs/NMFTA/NMFTA_9.txt -i 23 --min_fr=0.98 0.981100 0.813300
../../problems/clp/benchs/NMFTA/NMFTA_9.txt -i 24 --min_fr=0.98 0.974600 0.767300
../../problems/clp/benchs/NMFTA/NMFTA_9.txt -i 25 --min_fr=0.98 0.973800 0.746600
../../problems/clp/benchs/NMFTA/NMFTA_9.txt -i 26 --min_fr=0.98 0.977000 0.703100
../../problems/clp/benchs/NMFTA/NMFTA_9.txt -i 27 --min_fr=0.98 0.977100 0.805400
../../problems/clp/benchs/NMFTA/NMFTA_9.txt -i 28 --min_fr=0.98 0.974600 0.795700
../../problems/clp/benchs/NMFTA/NMFTA_9.txt -i 29 --min_fr=0.98 0.972500 0.703300
../../problems/clp/benchs/NMFTA/NMFTA_9.txt -i 30 --min_fr=0.98 0.977300 0.744600
../../problems/clp/benchs/NMFTA/NMFTA_9.txt -i 31 --min_fr=0.98 0.973000 0.700500
../../problems/clp/benchs/NMFTA/NMFTA_9.txt -i 32 --min_fr=0.98 0.971000 0.716800
../../problems/clp/benchs/NMFTA/NMFTA_9.txt -i 33 --min_fr=0.98 0.980200 0.806400
../../problems/clp/benchs/NMFTA/NMFTA_9.txt -i 34 --min_fr=0.98 0.978400 0.739100
../../problems/clp/benchs/NMFTA/NMFTA_9.txt -i 35 --min_fr=0.98 0.978600 0.700900
../../problems/clp/benchs/NMFTA/NMFTA_9.txt -i 36 --min_fr=0.98 0.979000 0.753600
../../problems/clp/benchs/NMFTA/NMFTA_9.txt -i 38 --min_fr=0.98 0.977300 0.762600
../../problems/clp/benchs/NMFTA/NMFTA_9.txt -i 39 --min_fr=0.98 0.972800 0.690900
../../problems/clp/benchs/NMFTA/NMFTA_9.txt -i 40 --min_fr=0.98 0.974400 0.673100
../../problems/clp/benchs/NMFTA/NMFTA_9.txt -i 41 --min_fr=0.98 0.967500 0.717500
../../problems/clp/benchs/NMFTA/NMFTA_9.txt -i 42 --min_fr=0.98 0.958700 0.659300
../../problems/clp/benchs/NMFTA/NMFTA_9.txt -i 44 --min_fr=0.98 0.964400 0.621600
../../problems/clp/benchs/NMFTA/NMFTA_9.txt -i 45 --min_fr=0.98 0.949900 0.659600
../../problems/clp/benchs/NMFTA/NMFTA_9.txt -i 46 --min_fr=0.98 0.962300 0.764900
../../problems/clp/benchs/NMFTA/NMFTA_9.txt -i 47 --min_fr=0.98 0.871200 0.703000
../../problems/clp/benchs/NMFTA/NMFTA_9.txt -i 48 --min_fr=0.98 0.955400 0.735700
../../problems/clp/benchs/NMFTA/NMFTA_9.txt -i 49 --min_fr=0.98 0.963800 0.745300
../../problems/clp/benchs/NMFTA/NMFTA_9.txt -i 50 --min_fr=0.98 0.965200 0.784600
../../problems/clp/benchs/NMFTA/NMFTA_9.txt -i 51 --min_fr=0.98 0.973700 0.743900
../../problems/clp/benchs/NMFTA/NMFTA_9.txt -i 52 --min_fr=0.98 0.954200 0.698000
../../problems/clp/benchs/NMFTA/NMFTA_9.txt -i 53 --min_fr=0.98 0.970400 0.789100
../../problems/clp/benchs/NMFTA/NMFTA_9.txt -i 55 --min_fr=0.98 0.932900 0.738500
../../problems/clp/benchs/NMFTA/NMFTA_9.txt -i 57 --min_fr=0.98 0.969100 0.696400
../../problems/clp/benchs/NMFTA/NMFTA_9.txt -i 59 --min_fr=0.98 0.939500 0.740500
../../problems/clp/benchs/NMFTA/NMFTA_9.txt -i 61 --min_fr=0.98 0.977000 0.668500
../../problems/clp/benchs/NMFTA/NMFTA_9.txt -i 62 --min_fr=0.98 0.963900 0.673600
../../problems/clp/benchs/NMFTA/NMFTA_9.txt -i 63 --min_fr=0.98 0.963900 0.676400
../../problems/clp/benchs/NMFTA/NMFTA_9.txt -i 64 --min_fr=0.98 0.968900 0.756600
../../problems/clp/benchs/NMFTA/NMFTA_9.txt -i 65 --min_fr=0.98 0.967000 0.710100
../../problems/clp/benchs/NMFTA/NMFTA_9.txt -i 66 --min_fr=0.98 0.967700 0.721000
../../problems/clp/benchs/NMFTA/NMFTA_9.txt -i 67 --min_fr=0.98 0.949300 0.659000
../../problems/clp/benchs/NMFTA/NMFTA_9.txt -i 68 --min_fr=0.98 0.931100 0.693400
../../problems/clp/benchs/NMFTA/NMFTA_9.txt -i 69 --min_fr=0.98 0.974100 0.761200
../../problems/clp/benchs/NMFTA/NMFTA_9.txt -i 70 --min_fr=0.98 0.971600 0.778600
../../problems/clp/benchs/NMFTA/NMFTA_9.txt -i 71 --min_fr=0.98 0.968700 0.791600
../../problems/clp/benchs/NMFTA/NMFTA_9.txt -i 72 --min_fr=0.98 0.945000 0.745000
../../problems/clp/benchs/NMFTA/NMFTA_9.txt -i 74 --min_fr=0.98 0.957800 0.679800
../../problems/clp/benchs/NMFTA/NMFTA_9.txt -i 75 --min_fr=0.98 0.971800 0.748800
../../problems/clp/benchs/NMFTA/NMFTA_9.txt -i 76 --min_fr=0.98 0.967400 0.680200
../../problems/clp/benchs/NMFTA/NMFTA_9.txt -i 77 --min_fr=0.98 0.976100 0.735100
../../problems/clp/benchs/NMFTA/NMFTA_9.txt -i 78 --min_fr=0.98 0.974200 0.766100
../../problems/clp/benchs/NMFTA/NMFTA_9.txt -i 79 --min_fr=0.98 0.966300 0.677800
../../problems/clp/benchs/NMFTA/NMFTA_9.txt -i 80 --min_fr=0.98 0.971200 0.768400
../../problems/clp/benchs/NMFTA/NMFTA_9.txt -i 81 --min_fr=0.98 0.969400 0.708400
../../problems/clp/benchs/NMFTA/NMFTA_9.txt -i 82 --min_fr=0.98 0.892100 0.609800
../../problems/clp/benchs/NMFTA/NMFTA_9.txt -i 83 --min_fr=0.98 0.962600 0.787800
../../problems/clp/benchs/NMFTA/NMFTA_9.txt -i 84 --min_fr=0.98 0.971700 0.679100
../../problems/clp/benchs/NMFTA/NMFTA_9.txt -i 85 --min_fr=0.98 0.965800 0.726100
../../problems/clp/benchs/NMFTA/NMFTA_9.txt -i 86 --min_fr=0.98 0.966900 0.711600
../../problems/clp/benchs/NMFTA/NMFTA_9.txt -i 87 --min_fr=0.98 0.963800 0.626900
../../problems/clp/benchs/NMFTA/NMFTA_9.txt -i 88 --min_fr=0.98 0.968100 0.768800
../../problems/clp/benchs/NMFTA/NMFTA_9.txt -i 90 --min_fr=0.98 0.978400 0.752900
../../problems/clp/benchs/NMFTA/NMFTA_9.txt -i 91 --min_fr=0.98 0.965100 0.753900
../../problems/clp/benchs/NMFTA/NMFTA_9.txt -i 92 --min_fr=0.98 0.957300 0.660100
../../problems/clp/benchs/NMFTA/NMFTA_9.txt -i 93 --min_fr=0.98 0.952300 0.693600
../../problems/clp/benchs/NMFTA/NMFTA_9.txt -i 94 --min_fr=0.98 0.956100 0.707700
../../problems/clp/benchs/NMFTA/NMFTA_9.txt -i 95 --min_fr=0.98 0.967900 0.680000
../../problems/clp/benchs/NMFTA/NMFTA_9.txt -i 96 --min_fr=0.98 0.972600 0.763200
../../problems/clp/benchs/NMFTA/NMFTA_9.txt -i 97 --min_fr=0.98 0.964100 0.766500
../../problems/clp/benchs/NMFTA/NMFTA_9.txt -i 98 --min_fr=0.98 0.969800 0.804400
../../problems/clp/benchs/NMFTA/NMFTA_9.txt -i 99 --min_fr=0.98 0.977000 0.684100
../../problems/clp/benchs/NMFTA/NMFTA_10.txt -i 0 --min_fr=0.98 0.968000 0.728500
../../problems/clp/benchs/NMFTA/NMFTA_10.txt -i 1 --min_fr=0.98 0.937800 0.680600
../../problems/clp/benchs/NMFTA/NMFTA_10.txt -i 2 --min_fr=0.98 0.918700 0.688100
../../problems/clp/benchs/NMFTA/NMFTA_10.txt -i 3 --min_fr=0.98 0.967600 0.765100
../../problems/clp/benchs/NMFTA/NMFTA_10.txt -i 4 --min_fr=0.98 0.960200 0.668600
../../problems/clp/benchs/NMFTA/NMFTA_10.txt -i 5 --min_fr=0.98 0.965400 0.675800
../../problems/clp/benchs/NMFTA/NMFTA_10.txt -i 6 --min_fr=0.98 0.962800 0.672200
../../problems/clp/benchs/NMFTA/NMFTA_10.txt -i 7 --min_fr=0.98 0.944500 0.635700
../../problems/clp/benchs/NMFTA/NMFTA_10.txt -i 8 --min_fr=0.98 0.967300 0.739900
../../problems/clp/benchs/NMFTA/NMFTA_10.txt -i 9 --min_fr=0.98 0.964900 0.752500
../../problems/clp/benchs/NMFTA/NMFTA_10.txt -i 10 --min_fr=0.98 0.919300 0.742400
../../problems/clp/benchs/NMFTA/NMFTA_10.txt -i 11 --min_fr=0.98 0.960200 0.700200
../../problems/clp/benchs/NMFTA/NMFTA_10.txt -i 12 --min_fr=0.98 0.962900 0.715900
../../problems/clp/benchs/NMFTA/NMFTA_10.txt -i 13 --min_fr=0.98 0.919600 0.746500
../../problems/clp/benchs/NMFTA/NMFTA_10.txt -i 14 --min_fr=0.98 0.975100 0.734200
../../problems/clp/benchs/NMFTA/NMFTA_10.txt -i 18 --min_fr=0.98 0.968700 0.710400
../../problems/clp/benchs/NMFTA/NMFTA_10.txt -i 16 --min_fr=0.98 0.923700 0.697000
../../problems/clp/benchs/NMFTA/NMFTA_10.txt -i 17 --min_fr=0.98 0.963100 0.724700
../../problems/clp/benchs/NMFTA/NMFTA_10.txt -i 18 --min_fr=0.98 0.975300 0.723500
../../problems/clp/benchs/NMFTA/NMFTA_10.txt -i 19 --min_fr=0.98 0.948400 0.678800
../../problems/clp/benchs/NMFTA/NMFTA_10.txt -i 20 --min_fr=0.98 0.968600 0.739400
../../problems/clp/benchs/NMFTA/NMFTA_10.txt -i 21 --min_fr=0.98 0.970200 0.693700
../../problems/clp/benchs/NMFTA/NMFTA_10.txt -i 22 --min_fr=0.98 0.960000 0.692800
../../problems/clp/benchs/NMFTA/NMFTA_10.txt -i 23 --min_fr=0.98 0.957600 0.765400
../../problems/clp/benchs/NMFTA/NMFTA_10.txt -i 24 --min_fr=0.98 0.924300 0.692500
../../problems/clp/benchs/NMFTA/NMFTA_10.txt -i 25 --min_fr=0.98 0.943200 0.708500
../../problems/clp/benchs/NMFTA/NMFTA_10.txt -i 26 --min_fr=0.98 0.956900 0.732900
../../problems/clp/benchs/NMFTA/NMFTA_10.txt -i 27 --min_fr=0.98 0.949900 0.713400
../../problems/clp/benchs/NMFTA/NMFTA_10.txt -i 28 --min_fr=0.98 0.947400 0.709200
../../problems/clp/benchs/NMFTA/NMFTA_10.txt -i 29 --min_fr=0.98 0.970100 0.715500
../../problems/clp/benchs/NMFTA/NMFTA_10.txt -i 30 --min_fr=0.98 0.968900 0.743700
../../problems/clp/benchs/NMFTA/NMFTA_10.txt -i 31 --min_fr=0.98 0.971000 0.707400
../../problems/clp/benchs/NMFTA/NMFTA_10.txt -i 32 --min_fr=0.98 0.964600 0.698300
../../problems/clp/benchs/NMFTA/NMFTA_10.txt -i 33 --min_fr=0.98 0.966700 0.736900
../../problems/clp/benchs/NMFTA/NMFTA_10.txt -i 34 --min_fr=0.98 0.962900 0.738600
../../problems/clp/benchs/NMFTA/NMFTA_10.txt -i 35 --min_fr=0.98 0.963900 0.698500
../../problems/clp/benchs/NMFTA/NMFTA_10.txt -i 36 --min_fr=0.98 0.925200 0.769900
../../problems/clp/benchs/NMFTA/NMFTA_10.txt -i 37 --min_fr=0.98 0.967900 0.755500
../../problems/clp/benchs/NMFTA/NMFTA_10.txt -i 38 --min_fr=0.98 0.953600 0.733700
../../problems/clp/benchs/NMFTA/NMFTA_10.txt -i 39 --min_fr=0.98 0.958200 0.680600
../../problems/clp/benchs/NMFTA/NMFTA_10.txt -i 40 --min_fr=0.98 0.967800 0.739400
../../problems/clp/benchs/NMFTA/NMFTA_10.txt -i 41 --min_fr=0.98 0.947200 0.664500
../../problems/clp/benchs/NMFTA/NMFTA_10.txt -i 42 --min_fr=0.98 0.961800 0.675300
../../problems/clp/benchs/NMFTA/NMFTA_10.txt -i 43 --min_fr=0.98 0.890300 0.622600
../../problems/clp/benchs/NMFTA/NMFTA_10.txt -i 44 --min_fr=0.98 0.966100 0.733100
../../problems/clp/benchs/NMFTA/NMFTA_10.txt -i 45 --min_fr=0.98 0.955400 0.717100
../../problems/clp/benchs/NMFTA/NMFTA_10.txt -i 46 --min_fr=0.98 0.941300 0.730500
../../problems/clp/benchs/NMFTA/NMFTA_10.txt -i 47 --min_fr=0.98 0.925500 0.702600
../../problems/clp/benchs/NMFTA/NMFTA_10.txt -i 48 --min_fr=0.98 0.901600 0.682700
../../problems/clp/benchs/NMFTA/NMFTA_10.txt -i 49 --min_fr=0.98 0.958200 0.736500
../../problems/clp/benchs/NMFTA/NMFTA_10.txt -i 50 --min_fr=0.98 0.967900 0.773900
../../problems/clp/benchs/NMFTA/NMFTA_10.txt -i 51 --min_fr=0.98 0.962800 0.728200
../../problems/clp/benchs/NMFTA/NMFTA_10.txt -i 52 --min_fr=0.98 0.974500 0.737100
../../problems/clp/benchs/NMFTA/NMFTA_10.txt -i 53 --min_fr=0.98 0.962600 0.770500
../../problems/clp/benchs/NMFTA/NMFTA_10.txt -i 54 --min_fr=0.98 0.967300 0.732200
../../problems/clp/benchs/NMFTA/NMFTA_10.txt -i 55 --min_fr=0.98 0.958300 0.681500
../../problems/clp/benchs/NMFTA/NMFTA_10.txt -i 56 --min_fr=0.98 0.955700 0.708400
../../problems/clp/benchs/NMFTA/NMFTA_10.txt -i 57 --min_fr=0.98 0.971000 0.748100
../../problems/clp/benchs/NMFTA/NMFTA_10.txt -i 58 --min_fr=0.98 0.964100 0.727900
../../problems/clp/benchs/NMFTA/NMFTA_10.txt -i 59 --min_fr=0.98 0.961100 0.658800
../../problems/clp/benchs/NMFTA/NMFTA_10.txt -i 60 --min_fr=0.98 0.950800 0.748000
../../problems/clp/benchs/NMFTA/NMFTA_10.txt -i 61 --min_fr=0.98 0.941000 0.673800
../../problems/clp/benchs/NMFTA/NMFTA_10.txt -i 62 --min_fr=0.98 0.846700 0.677300
../../problems/clp/benchs/NMFTA/NMFTA_10.txt -i 63 --min_fr=0.98 0.972800 0.710300
../../problems/clp/benchs/NMFTA/NMFTA_10.txt -i 64 --min_fr=0.98 0.967500 0.688500
../../problems/clp/benchs/NMFTA/NMFTA_10.txt -i 65 --min_fr=0.98 0.953600 0.680000
../../problems/clp/benchs/NMFTA/NMFTA_10.txt -i 66 --min_fr=0.98 0.965300 0.718500
../../problems/clp/benchs/NMFTA/NMFTA_10.txt -i 67 --min_fr=0.98 0.962500 0.693900
../../problems/clp/benchs/NMFTA/NMFTA_10.txt -i 68 --min_fr=0.98 0.954300 0.722400
../../problems/clp/benchs/NMFTA/NMFTA_10.txt -i 69 --min_fr=0.98 0.863200 0.688400
../../problems/clp/benchs/NMFTA/NMFTA_10.txt -i 70 --min_fr=0.98 0.934900 0.734000
../../problems/clp/benchs/NMFTA/NMFTA_10.txt -i 71 --min_fr=0.98 0.960300 0.770200
../../problems/clp/benchs/NMFTA/NMFTA_10.txt -i 72 --min_fr=0.98 0.968500 0.721500
../../problems/clp/benchs/NMFTA/NMFTA_10.txt -i 73 --min_fr=0.98 0.957100 0.725100
../../problems/clp/benchs/NMFTA/NMFTA_10.txt -i 74 --min_fr=0.98 0.962400 0.657900
../../problems/clp/benchs/NMFTA/NMFTA_10.txt -i 75 --min_fr=0.98 0.965500 0.705100
../../problems/clp/benchs/NMFTA/NMFTA_10.txt -i 76 --min_fr=0.98 0.935900 0.680500
../../problems/clp/benchs/NMFTA/NMFTA_10.txt -i 77 --min_fr=0.98 0.964700 0.723700
../../problems/clp/benchs/NMFTA/NMFTA_10.txt -i 78 --min_fr=0.98 0.959700 0.777500
../../problems/clp/benchs/NMFTA/NMFTA_10.txt -i 79 --min_fr=0.98 0.961600 0.674800
../../problems/clp/benchs/NMFTA/NMFTA_10.txt -i 80 --min_fr=0.98 0.967500 0.758100
../../problems/clp/benchs/NMFTA/NMFTA_10.txt -i 81 --min_fr=0.98 0.961500 0.693900
../../problems/clp/benchs/NMFTA/NMFTA_10.txt -i 82 --min_fr=0.98 0.962900 0.700500
../../problems/clp/benchs/NMFTA/NMFTA_10.txt -i 83 --min_fr=0.98 0.965000 0.716600
../../problems/clp/benchs/NMFTA/NMFTA_10.txt -i 84 --min_fr=0.98 0.939900 0.692300
../../problems/clp/benchs/NMFTA/NMFTA_10.txt -i 85 --min_fr=0.98 0.958000 0.674200
../../problems/clp/benchs/NMFTA/NMFTA_10.txt -i 86 --min_fr=0.98 0.909400 0.693600
../../problems/clp/benchs/NMFTA/NMFTA_10.txt -i 87 --min_fr=0.98 0.876000 0.633800
../../problems/clp/benchs/NMFTA/NMFTA_10.txt -i 88 --min_fr=0.98 0.961300 0.702200
../../problems/clp/benchs/NMFTA/NMFTA_10.txt -i 89 --min_fr=0.98 0.962500 0.695000
../../problems/clp/benchs/NMFTA/NMFTA_10.txt -i 90 --min_fr=0.98 0.961100 0.731500
../../problems/clp/benchs/NMFTA/NMFTA_10.txt -i 91 --min_fr=0.98 0.933600 0.749300
../../problems/clp/benchs/NMFTA/NMFTA_10.txt -i 92 --min_fr=0.98 0.970300 0.679000
../../problems/clp/benchs/NMFTA/NMFTA_10.txt -i 93 --min_fr=0.98 0.900800 0.685300
../../problems/clp/benchs/NMFTA/NMFTA_10.txt -i 94 --min_fr=0.98 0.959700 0.722000
../../problems/clp/benchs/NMFTA/NMFTA_10.txt -i 95 --min_fr=0.98 0.956000 0.728300
../../problems/clp/benchs/NMFTA/NMFTA_10.txt -i 96 --min_fr=0.98 0.904200 0.713800
../../problems/clp/benchs/NMFTA/NMFTA_10.txt -i 97 --min_fr=0.98 0.827000 0.649900
../../problems/clp/benchs/NMFTA/NMFTA_10.txt -i 98 --min_fr=0.98 0.963200 0.639300
../../problems/clp/benchs/NMFTA/NMFTA_10.txt -i 99 --min_fr=0.98 0.966300 0.699900
../../problems/clp/benchs/NMFTA/NMFTA_11.txt -i 1 --min_fr=0.98 0.635900 0.145100
../../problems/clp/benchs/NMFTA/NMFTA_11.txt -i 2 --min_fr=0.98 0.946600 0.664300
../../problems/clp/benchs/NMFTA/NMFTA_11.txt -i 4 --min_fr=0.98 0.953300 0.439900
../../problems/clp/benchs/NMFTA/NMFTA_11.txt -i 5 --min_fr=0.98 0.967100 0.744200
../../problems/clp/benchs/NMFTA/NMFTA_11.txt -i 6 --min_fr=0.98 0.934000 0.718500
../../problems/clp/benchs/NMFTA/NMFTA_11.txt -i 7 --min_fr=0.98 0.848300 0.543100
../../problems/clp/benchs/NMFTA/NMFTA_11.txt -i 8 --min_fr=0.98 0.766600 0.265600
../../problems/clp/benchs/NMFTA/NMFTA_11.txt -i 10 --min_fr=0.98 0.938000 0.544600
../../problems/clp/benchs/NMFTA/NMFTA_11.txt -i 11 --min_fr=0.98 0.959000 0.637000
../../problems/clp/benchs/NMFTA/NMFTA_11.txt -i 12 --min_fr=0.98 0.969300 0.613400
../../problems/clp/benchs/NMFTA/NMFTA_11.txt -i 13 --min_fr=0.98 0.927200 0.586700
../../problems/clp/benchs/NMFTA/NMFTA_11.txt -i 14 --min_fr=0.98 0.826400 0.411700
../../problems/clp/benchs/NMFTA/NMFTA_11.txt -i 18 --min_fr=0.98 0.963900 0.637800
../../problems/clp/benchs/NMFTA/NMFTA_11.txt -i 16 --min_fr=0.98 0.976600 0.662300
../../problems/clp/benchs/NMFTA/NMFTA_11.txt -i 18 --min_fr=0.98 0.647900 0.449600
../../problems/clp/benchs/NMFTA/NMFTA_11.txt -i 19 --min_fr=0.98 0.824800 0.412400
../../problems/clp/benchs/NMFTA/NMFTA_11.txt -i 20 --min_fr=0.98 0.963800 0.655000
../../problems/clp/benchs/NMFTA/NMFTA_11.txt -i 22 --min_fr=0.98 0.966800 0.660300
../../problems/clp/benchs/NMFTA/NMFTA_11.txt -i 23 --min_fr=0.98 0.971100 0.719500
../../problems/clp/benchs/NMFTA/NMFTA_11.txt -i 24 --min_fr=0.98 0.959000 0.751400
../../problems/clp/benchs/NMFTA/NMFTA_11.txt -i 25 --min_fr=0.98 0.986000 0.544000
../../problems/clp/benchs/NMFTA/NMFTA_11.txt -i 26 --min_fr=0.98 0.927000 0.487800
../../problems/clp/benchs/NMFTA/NMFTA_11.txt -i 27 --min_fr=0.98 0.981100 0.808000
../../problems/clp/benchs/NMFTA/NMFTA_11.txt -i 28 --min_fr=0.98 0.975200 0.608500
../../problems/clp/benchs/NMFTA/NMFTA_11.txt -i 31 --min_fr=0.98 0.966000 0.608500
../../problems/clp/benchs/NMFTA/NMFTA_11.txt -i 32 --min_fr=0.98 0.970500 0.741700
../../problems/clp/benchs/NMFTA/NMFTA_11.txt -i 33 --min_fr=0.98 0.961500 0.758700
../../problems/clp/benchs/NMFTA/NMFTA_11.txt -i 34 --min_fr=0.98 0.977800 0.608900
../../problems/clp/benchs/NMFTA/NMFTA_11.txt -i 35 --min_fr=0.98 0.843800 0.425800
../../problems/clp/benchs/NMFTA/NMFTA_11.txt -i 36 --min_fr=0.98 0.961200 0.684600
../../problems/clp/benchs/NMFTA/NMFTA_11.txt -i 38 --min_fr=0.98 0.977600 0.767000
../../problems/clp/benchs/NMFTA/NMFTA_11.txt -i 39 --min_fr=0.98 0.972000 0.776000
../../problems/clp/benchs/NMFTA/NMFTA_11.txt -i 40 --min_fr=0.98 0.932500 0.744100
../../problems/clp/benchs/NMFTA/NMFTA_11.txt -i 41 --min_fr=0.98 0.887400 0.503800
../../problems/clp/benchs/NMFTA/NMFTA_11.txt -i 42 --min_fr=0.98 0.957200 0.622600
../../problems/clp/benchs/NMFTA/NMFTA_11.txt -i 43 --min_fr=0.98 0.980200 0.796200
../../problems/clp/benchs/NMFTA/NMFTA_11.txt -i 44 --min_fr=0.98 0.972500 0.715100
../../problems/clp/benchs/NMFTA/NMFTA_11.txt -i 45 --min_fr=0.98 0.980100 0.609600
../../problems/clp/benchs/NMFTA/NMFTA_11.txt -i 47 --min_fr=0.98 0.970500 0.645100
../../problems/clp/benchs/NMFTA/NMFTA_11.txt -i 48 --min_fr=0.98 0.979300 0.755500
../../problems/clp/benchs/NMFTA/NMFTA_11.txt -i 49 --min_fr=0.98 0.970900 0.707100
../../problems/clp/benchs/NMFTA/NMFTA_11.txt -i 50 --min_fr=0.98 0.972300 0.715800
../../problems/clp/benchs/NMFTA/NMFTA_11.txt -i 51 --min_fr=0.98 0.974400 0.602900
../../problems/clp/benchs/NMFTA/NMFTA_11.txt -i 52 --min_fr=0.98 0.982700 0.682900
../../problems/clp/benchs/NMFTA/NMFTA_11.txt -i 54 --min_fr=0.98 0.980300 0.791800
../../problems/clp/benchs/NMFTA/NMFTA_11.txt -i 55 --min_fr=0.98 0.951000 0.773000
../../problems/clp/benchs/NMFTA/NMFTA_11.txt -i 58 --min_fr=0.98 0.977300 0.748000
../../problems/clp/benchs/NMFTA/NMFTA_11.txt -i 59 --min_fr=0.98 0.976200 0.771800
../../problems/clp/benchs/NMFTA/NMFTA_11.txt -i 60 --min_fr=0.98 0.978600 0.732100
../../problems/clp/benchs/NMFTA/NMFTA_11.txt -i 61 --min_fr=0.98 0.979100 0.806400
../../problems/clp/benchs/NMFTA/NMFTA_11.txt -i 62 --min_fr=0.98 0.899500 0.598500
../../problems/clp/benchs/NMFTA/NMFTA_11.txt -i 63 --min_fr=0.98 0.969700 0.700000
../../problems/clp/benchs/NMFTA/NMFTA_11.txt -i 64 --min_fr=0.98 0.973400 0.630500
../../problems/clp/benchs/NMFTA/NMFTA_11.txt -i 65 --min_fr=0.98 0.980400 0.663900
../../problems/clp/benchs/NMFTA/NMFTA_11.txt -i 66 --min_fr=0.98 0.981300 0.613400
../../problems/clp/benchs/NMFTA/NMFTA_11.txt -i 67 --min_fr=0.98 0.974800 0.786800
../../problems/clp/benchs/NMFTA/NMFTA_11.txt -i 68 --min_fr=0.98 0.956000 0.701500
../../problems/clp/benchs/NMFTA/NMFTA_11.txt -i 69 --min_fr=0.98 0.974700 0.785400
../../problems/clp/benchs/NMFTA/NMFTA_11.txt -i 70 --min_fr=0.98 0.976300 0.784300
../../problems/clp/benchs/NMFTA/NMFTA_11.txt -i 71 --min_fr=0.98 0.974100 0.689600
../../problems/clp/benchs/NMFTA/NMFTA_11.txt -i 73 --min_fr=0.98 0.953300 0.554600
../../problems/clp/benchs/NMFTA/NMFTA_11.txt -i 74 --min_fr=0.98 0.977300 0.663300
../../problems/clp/benchs/NMFTA/NMFTA_11.txt -i 75 --min_fr=0.98 0.981800 0.743900
../../problems/clp/benchs/NMFTA/NMFTA_11.txt -i 76 --min_fr=0.98 0.948400 0.654200
../../problems/clp/benchs/NMFTA/NMFTA_11.txt -i 77 --min_fr=0.98 0.960300 0.748200
../../problems/clp/benchs/NMFTA/NMFTA_11.txt -i 78 --min_fr=0.98 0.982500 0.731400
../../problems/clp/benchs/NMFTA/NMFTA_11.txt -i 79 --min_fr=0.98 0.973000 0.787500
../../problems/clp/benchs/NMFTA/NMFTA_11.txt -i 80 --min_fr=0.98 0.885000 0.726200
../../problems/clp/benchs/NMFTA/NMFTA_11.txt -i 82 --min_fr=0.98 0.972800 0.699800
../../problems/clp/benchs/NMFTA/NMFTA_11.txt -i 86 --min_fr=0.98 0.975500 0.809300
../../problems/clp/benchs/NMFTA/NMFTA_11.txt -i 87 --min_fr=0.98 0.970200 0.686500
../../problems/clp/benchs/NMFTA/NMFTA_11.txt -i 88 --min_fr=0.98 0.970300 0.708600
../../problems/clp/benchs/NMFTA/NMFTA_11.txt -i 89 --min_fr=0.98 0.973400 0.706800
../../problems/clp/benchs/NMFTA/NMFTA_11.txt -i 90 --min_fr=0.98 0.978900 0.792700
../../problems/clp/benchs/NMFTA/NMFTA_11.txt -i 91 --min_fr=0.98 0.978700 0.635800
../../problems/clp/benchs/NMFTA/NMFTA_11.txt -i 92 --min_fr=0.98 0.983300 0.705400
../../problems/clp/benchs/NMFTA/NMFTA_11.txt -i 94 --min_fr=0.98 0.978300 0.673000
../../problems/clp/benchs/NMFTA/NMFTA_11.txt -i 95 --min_fr=0.98 0.979500 0.799600
../../problems/clp/benchs/NMFTA/NMFTA_11.txt -i 97 --min_fr=0.98 0.970200 0.803100
../../problems/clp/benchs/NMFTA/NMFTA_11.txt -i 98 --min_fr=0.98 0.960700 0.754400
../../problems/clp/benchs/NMFTA/NMFTA_11.txt -i 99 --min_fr=0.98 0.977300 0.731000
../../problems/clp/benchs/NMFTA/NMFTA_14.txt -i 2 --min_fr=0.98 0.973000 0.797300
../../problems/clp/benchs/NMFTA/NMFTA_14.txt -i 3 --min_fr=0.98 0.982900 0.704200
../../problems/clp/benchs/NMFTA/NMFTA_14.txt -i 5 --min_fr=0.98 0.972300 0.775400
../../problems/clp/benchs/NMFTA/NMFTA_14.txt -i 6 --min_fr=0.98 0.982300 0.670400
../../problems/clp/benchs/NMFTA/NMFTA_14.txt -i 7 --min_fr=0.98 0.973400 0.721100
../../problems/clp/benchs/NMFTA/NMFTA_14.txt -i 8 --min_fr=0.98 0.963900 0.681400
../../problems/clp/benchs/NMFTA/NMFTA_14.txt -i 9 --min_fr=0.98 0.957100 0.718400
../../problems/clp/benchs/NMFTA/NMFTA_14.txt -i 10 --min_fr=0.98 0.975000 0.652900
../../problems/clp/benchs/NMFTA/NMFTA_14.txt -i 12 --min_fr=0.98 0.985800 0.817200
../../problems/clp/benchs/NMFTA/NMFTA_14.txt -i 13 --min_fr=0.98 0.953700 0.788900
../../problems/clp/benchs/NMFTA/NMFTA_14.txt -i 14 --min_fr=0.98 0.970300 0.721200
../../problems/clp/benchs/NMFTA/NMFTA_14.txt -i 18 --min_fr=0.98 0.973100 0.760000
../../problems/clp/benchs/NMFTA/NMFTA_14.txt -i 16 --min_fr=0.98 0.980100 0.730400
../../problems/clp/benchs/NMFTA/NMFTA_14.txt -i 17 --min_fr=0.98 0.966500 0.793300
../../problems/clp/benchs/NMFTA/NMFTA_14.txt -i 18 --min_fr=0.98 0.970800 0.756900
../../problems/clp/benchs/NMFTA/NMFTA_14.txt -i 19 --min_fr=0.98 0.974100 0.738700
../../problems/clp/benchs/NMFTA/NMFTA_14.txt -i 20 --min_fr=0.98 0.973000 0.674500
../../problems/clp/benchs/NMFTA/NMFTA_14.txt -i 22 --min_fr=0.98 0.976400 0.590600
../../problems/clp/benchs/NMFTA/NMFTA_14.txt -i 23 --min_fr=0.98 0.969100 0.727100
../../problems/clp/benchs/NMFTA/NMFTA_14.txt -i 24 --min_fr=0.98 0.969900 0.774500
../../problems/clp/benchs/NMFTA/NMFTA_14.txt -i 25 --min_fr=0.98 0.953900 0.700500
../../problems/clp/benchs/NMFTA/NMFTA_14.txt -i 26 --min_fr=0.98 0.974100 0.659300
../../problems/clp/benchs/NMFTA/NMFTA_14.txt -i 27 --min_fr=0.98 0.955700 0.744300
../../problems/clp/benchs/NMFTA/NMFTA_14.txt -i 28 --min_fr=0.98 0.957900 0.727800
../../problems/clp/benchs/NMFTA/NMFTA_14.txt -i 29 --min_fr=0.98 0.971100 0.775000
../../problems/clp/benchs/NMFTA/NMFTA_14.txt -i 30 --min_fr=0.98 0.965400 0.772100
../../problems/clp/benchs/NMFTA/NMFTA_14.txt -i 31 --min_fr=0.98 0.947700 0.722500
../../problems/clp/benchs/NMFTA/NMFTA_14.txt -i 32 --min_fr=0.98 0.978800 0.769300
../../problems/clp/benchs/NMFTA/NMFTA_14.txt -i 34 --min_fr=0.98 0.978100 0.671300
../../problems/clp/benchs/NMFTA/NMFTA_14.txt -i 35 --min_fr=0.98 0.967700 0.772400
../../problems/clp/benchs/NMFTA/NMFTA_14.txt -i 36 --min_fr=0.98 0.972000 0.784100
../../problems/clp/benchs/NMFTA/NMFTA_14.txt -i 37 --min_fr=0.98 0.940400 0.702800
../../problems/clp/benchs/NMFTA/NMFTA_14.txt -i 38 --min_fr=0.98 0.981400 0.769100
../../problems/clp/benchs/NMFTA/NMFTA_14.txt -i 39 --min_fr=0.98 0.947400 0.699600
../../problems/clp/benchs/NMFTA/NMFTA_14.txt -i 40 --min_fr=0.98 0.893500 0.680400
../../problems/clp/benchs/NMFTA/NMFTA_14.txt -i 41 --min_fr=0.98 0.934400 0.721400
../../problems/clp/benchs/NMFTA/NMFTA_14.txt -i 42 --min_fr=0.98 0.900100 0.619900
../../problems/clp/benchs/NMFTA/NMFTA_14.txt -i 43 --min_fr=0.98 0.963800 0.791600
../../problems/clp/benchs/NMFTA/NMFTA_14.txt -i 45 --min_fr=0.98 0.862100 0.651400
../../problems/clp/benchs/NMFTA/NMFTA_14.txt -i 46 --min_fr=0.98 0.957700 0.665200
../../problems/clp/benchs/NMFTA/NMFTA_14.txt -i 47 --min_fr=0.98 0.968600 0.647500
../../problems/clp/benchs/NMFTA/NMFTA_14.txt -i 48 --min_fr=0.98 0.957300 0.709000
../../problems/clp/benchs/NMFTA/NMFTA_14.txt -i 49 --min_fr=0.98 0.766500 0.536200
../../problems/clp/benchs/NMFTA/NMFTA_14.txt -i 50 --min_fr=0.98 0.947300 0.726400
../../problems/clp/benchs/NMFTA/NMFTA_14.txt -i 51 --min_fr=0.98 0.960100 0.777200
../../problems/clp/benchs/NMFTA/NMFTA_14.txt -i 53 --min_fr=0.98 0.937600 0.755900
../../problems/clp/benchs/NMFTA/NMFTA_14.txt -i 54 --min_fr=0.98 0.898400 0.650800
../../problems/clp/benchs/NMFTA/NMFTA_14.txt -i 55 --min_fr=0.98 0.962200 0.762100
../../problems/clp/benchs/NMFTA/NMFTA_14.txt -i 56 --min_fr=0.98 0.969800 0.722300
../../problems/clp/benchs/NMFTA/NMFTA_14.txt -i 57 --min_fr=0.98 0.969500 0.727500
../../problems/clp/benchs/NMFTA/NMFTA_14.txt -i 59 --min_fr=0.98 0.852300 0.633800
../../problems/clp/benchs/NMFTA/NMFTA_14.txt -i 60 --min_fr=0.98 0.967900 0.698700
../../problems/clp/benchs/NMFTA/NMFTA_14.txt -i 61 --min_fr=0.98 0.944500 0.738900
../../problems/clp/benchs/NMFTA/NMFTA_14.txt -i 62 --min_fr=0.98 0.963400 0.679000
../../problems/clp/benchs/NMFTA/NMFTA_14.txt -i 63 --min_fr=0.98 0.941800 0.739300
../../problems/clp/benchs/NMFTA/NMFTA_14.txt -i 64 --min_fr=0.98 0.968900 0.697900
../../problems/clp/benchs/NMFTA/NMFTA_14.txt -i 66 --min_fr=0.98 0.839200 0.634500
../../problems/clp/benchs/NMFTA/NMFTA_14.txt -i 67 --min_fr=0.98 0.922400 0.573400
../../problems/clp/benchs/NMFTA/NMFTA_14.txt -i 68 --min_fr=0.98 0.944100 0.675900
../../problems/clp/benchs/NMFTA/NMFTA_14.txt -i 69 --min_fr=0.98 0.899300 0.693400
../../problems/clp/benchs/NMFTA/NMFTA_14.txt -i 70 --min_fr=0.98 0.831700 0.611700
../../problems/clp/benchs/NMFTA/NMFTA_14.txt -i 71 --min_fr=0.98 0.970700 0.754700
../../problems/clp/benchs/NMFTA/NMFTA_14.txt -i 72 --min_fr=0.98 0.962900 0.751900
../../problems/clp/benchs/NMFTA/NMFTA_14.txt -i 73 --min_fr=0.98 0.812900 0.603400
../../problems/clp/benchs/NMFTA/NMFTA_14.txt -i 75 --min_fr=0.98 0.966000 0.737900
../../problems/clp/benchs/NMFTA/NMFTA_14.txt -i 76 --min_fr=0.98 0.955200 0.755900
../../problems/clp/benchs/NMFTA/NMFTA_14.txt -i 77 --min_fr=0.98 0.969300 0.723300
../../problems/clp/benchs/NMFTA/NMFTA_14.txt -i 79 --min_fr=0.98 0.906900 0.713100
../../problems/clp/benchs/NMFTA/NMFTA_14.txt -i 80 --min_fr=0.98 0.920800 0.691900
../../problems/clp/benchs/NMFTA/NMFTA_14.txt -i 81 --min_fr=0.98 0.885200 0.655400
../../problems/clp/benchs/NMFTA/NMFTA_14.txt -i 83 --min_fr=0.98 0.917600 0.724400
../../problems/clp/benchs/NMFTA/NMFTA_14.txt -i 84 --min_fr=0.98 0.964100 0.741500
../../problems/clp/benchs/NMFTA/NMFTA_14.txt -i 85 --min_fr=0.98 0.871200 0.686700
../../problems/clp/benchs/NMFTA/NMFTA_14.txt -i 86 --min_fr=0.98 0.808100 0.663500
../../problems/clp/benchs/NMFTA/NMFTA_14.txt -i 87 --min_fr=0.98 0.962600 0.670800
../../problems/clp/benchs/NMFTA/NMFTA_14.txt -i 88 --min_fr=0.98 0.960400 0.706200
../../problems/clp/benchs/NMFTA/NMFTA_14.txt -i 89 --min_fr=0.98 0.910400 0.748700
../../problems/clp/benchs/NMFTA/NMFTA_14.txt -i 90 --min_fr=0.98 0.952500 0.780300
../../problems/clp/benchs/NMFTA/NMFTA_14.txt -i 91 --min_fr=0.98 0.885600 0.715100
../../problems/clp/benchs/NMFTA/NMFTA_14.txt -i 92 --min_fr=0.98 0.831300 0.685500
../../problems/clp/benchs/NMFTA/NMFTA_14.txt -i 94 --min_fr=0.98 0.836000 0.609400
../../problems/clp/benchs/NMFTA/NMFTA_14.txt -i 95 --min_fr=0.98 0.950400 0.648800
../../problems/clp/benchs/NMFTA/NMFTA_14.txt -i 96 --min_fr=0.98 0.964400 0.755700
../../problems/clp/benchs/NMFTA/NMFTA_14.txt -i 97 --min_fr=0.98 0.890500 0.728700
../../problems/clp/benchs/NMFTA/NMFTA_14.txt -i 98 --min_fr=0.98 0.960100 0.743100
../../problems/clp/benchs/NMFTA/NMFTA_14.txt -i 99 --min_fr=0.98 0.966700 0.696100
../../problems/clp/benchs/NMFTA/NMFTA_15.txt -i 0 --min_fr=0.98 0.769200 0.631200
../../problems/clp/benchs/NMFTA/NMFTA_15.txt -i 1 --min_fr=0.98 0.806300 0.652500
../../problems/clp/benchs/NMFTA/NMFTA_15.txt -i 2 --min_fr=0.98 0.845300 0.677000
../../problems/clp/benchs/NMFTA/NMFTA_15.txt -i 3 --min_fr=0.98 0.887000 0.704500
../../problems/clp/benchs/NMFTA/NMFTA_15.txt -i 4 --min_fr=0.98 0.959800 0.689200
../../problems/clp/benchs/NMFTA/NMFTA_15.txt -i 5 --min_fr=0.98 0.861300 0.668700
../../problems/clp/benchs/NMFTA/NMFTA_15.txt -i 6 --min_fr=0.98 0.957400 0.727400
../../problems/clp/benchs/NMFTA/NMFTA_15.txt -i 7 --min_fr=0.98 0.954300 0.654200
../../problems/clp/benchs/NMFTA/NMFTA_15.txt -i 8 --min_fr=0.98 0.964000 0.773000
../../problems/clp/benchs/NMFTA/NMFTA_15.txt -i 10 --min_fr=0.98 0.964900 0.686300
../../problems/clp/benchs/NMFTA/NMFTA_15.txt -i 12 --min_fr=0.98 0.825900 0.643100
../../problems/clp/benchs/NMFTA/NMFTA_15.txt -i 13 --min_fr=0.98 0.967700 0.678200
../../problems/clp/benchs/NMFTA/NMFTA_15.txt -i 14 --min_fr=0.98 0.955400 0.683000
../../problems/clp/benchs/NMFTA/NMFTA_15.txt -i 15 --min_fr=0.98 0.948300 0.667200
../../problems/clp/benchs/NMFTA/NMFTA_15.txt -i 16 --min_fr=0.98 0.896400 0.737600
../../problems/clp/benchs/NMFTA/NMFTA_15.txt -i 17 --min_fr=0.98 0.969500 0.734200
../../problems/clp/benchs/NMFTA/NMFTA_15.txt -i 18 --min_fr=0.98 0.963700 0.739300
../../problems/clp/benchs/NMFTA/NMFTA_15.txt -i 21 --min_fr=0.98 0.881100 0.696400
../../problems/clp/benchs/NMFTA/NMFTA_15.txt -i 22 --min_fr=0.98 0.940100 0.676800
../../problems/clp/benchs/NMFTA/NMFTA_15.txt -i 23 --min_fr=0.98 0.951400 0.768700
../../problems/clp/benchs/NMFTA/NMFTA_15.txt -i 24 --min_fr=0.98 0.885100 0.665200
../../problems/clp/benchs/NMFTA/NMFTA_15.txt -i 26 --min_fr=0.98 0.952600 0.713000
../../problems/clp/benchs/NMFTA/NMFTA_15.txt -i 27 --min_fr=0.98 0.950300 0.676700
../../problems/clp/benchs/NMFTA/NMFTA_15.txt -i 28 --min_fr=0.98 0.963500 0.682900
../../problems/clp/benchs/NMFTA/NMFTA_15.txt -i 29 --min_fr=0.98 0.935800 0.667300
../../problems/clp/benchs/NMFTA/NMFTA_15.txt -i 31 --min_fr=0.98 0.964700 0.718200
../../problems/clp/benchs/NMFTA/NMFTA_15.txt -i 32 --min_fr=0.98 0.842700 0.699200
../../problems/clp/benchs/NMFTA/NMFTA_15.txt -i 33 --min_fr=0.98 0.965700 0.722000
../../problems/clp/benchs/NMFTA/NMFTA_15.txt -i 34 --min_fr=0.98 0.959100 0.761600
../../problems/clp/benchs/NMFTA/NMFTA_15.txt -i 35 --min_fr=0.98 0.952500 0.697600
../../problems/clp/benchs/NMFTA/NMFTA_15.txt -i 37 --min_fr=0.98 0.942000 0.744300
../../problems/clp/benchs/NMFTA/NMFTA_15.txt -i 39 --min_fr=0.98 0.966100 0.714200
../../problems/clp/benchs/NMFTA/NMFTA_15.txt -i 40 --min_fr=0.98 0.941100 0.702500
../../problems/clp/benchs/NMFTA/NMFTA_15.txt -i 42 --min_fr=0.98 0.950500 0.705300
../../problems/clp/benchs/NMFTA/NMFTA_15.txt -i 43 --min_fr=0.98 0.886000 0.687200
../../problems/clp/benchs/NMFTA/NMFTA_15.txt -i 44 --min_fr=0.98 0.910800 0.729000
../../problems/clp/benchs/NMFTA/NMFTA_15.txt -i 45 --min_fr=0.98 0.851300 0.674200
../../problems/clp/benchs/NMFTA/NMFTA_15.txt -i 46 --min_fr=0.98 0.929200 0.708600
../../problems/clp/benchs/NMFTA/NMFTA_15.txt -i 48 --min_fr=0.98 0.954200 0.724600
../../problems/clp/benchs/NMFTA/NMFTA_15.txt -i 49 --min_fr=0.98 0.940200 0.744400
../../problems/clp/benchs/NMFTA/NMFTA_15.txt -i 53 --min_fr=0.98 0.948700 0.696600
../../problems/clp/benchs/NMFTA/NMFTA_15.txt -i 55 --min_fr=0.98 0.823300 0.676000
../../problems/clp/benchs/NMFTA/NMFTA_15.txt -i 57 --min_fr=0.98 0.923200 0.743600
../../problems/clp/benchs/NMFTA/NMFTA_15.txt -i 59 --min_fr=0.98 0.802100 0.644100
../../problems/clp/benchs/NMFTA/NMFTA_15.txt -i 60 --min_fr=0.98 0.913200 0.686700
../../problems/clp/benchs/NMFTA/NMFTA_15.txt -i 61 --min_fr=0.98 0.939100 0.657500
../../problems/clp/benchs/NMFTA/NMFTA_15.txt -i 63 --min_fr=0.98 0.911600 0.708100
../../problems/clp/benchs/NMFTA/NMFTA_15.txt -i 66 --min_fr=0.98 0.931000 0.707600
../../problems/clp/benchs/NMFTA/NMFTA_15.txt -i 72 --min_fr=0.98 0.856000 0.677300
../../problems/clp/benchs/NMFTA/NMFTA_15.txt -i 73 --min_fr=0.98 0.818500 0.650000
../../problems/clp/benchs/NMFTA/NMFTA_15.txt -i 74 --min_fr=0.98 0.900800 0.695400
../../problems/clp/benchs/NMFTA/NMFTA_15.txt -i 78 --min_fr=0.98 0.953500 0.708800
../../problems/clp/benchs/NMFTA/NMFTA_15.txt -i 79 --min_fr=0.98 0.871200 0.631600
../../problems/clp/benchs/NMFTA/NMFTA_15.txt -i 81 --min_fr=0.98 0.824600 0.663600
../../problems/clp/benchs/NMFTA/NMFTA_15.txt -i 83 --min_fr=0.98 0.852900 0.687500
../../problems/clp/benchs/NMFTA/NMFTA_15.txt -i 87 --min_fr=0.98 0.779300 0.613000
../../problems/clp/benchs/NMFTA/NMFTA_15.txt -i 89 --min_fr=0.98 0.821000 0.632800
../../problems/clp/benchs/NMFTA/NMFTA_15.txt -i 91 --min_fr=0.98 0.912000 0.655000
../../problems/clp/benchs/NMFTA/NMFTA_15.txt -i 92 --min_fr=0.98 0.939100 0.696700
../../problems/clp/benchs/NMFTA/NMFTA_15.txt -i 93 --min_fr=0.98 0.959500 0.728000
../../problems/clp/benchs/NMFTA/NMFTA_15.txt -i 96 --min_fr=0.98 0.961500 0.702000
../../problems/clp/benchs/NMFTA/NMFTA_15.txt -i 97 --min_fr=0.98 0.868100 0.706900
../../problems/clp/benchs/NMFTA/NMFTA_15.txt -i 98 --min_fr=0.98 0.854800 0.667800
../../problems/clp/benchs/NMFTA/NMFTA_15.txt -i 99 --min_fr=0.98 0.931200 0.692400
