0.9588 0.8161 0.7807 5
0.9614 0.7561 0.7267 6
0.9589 0.5369 0.5148 4
0.9703 0.716 0.6947 1
0.9667 0.6086 0.5883 2
0.9616 0.5788 0.5563 5
0.9741 0.7301 0.7107 5
0.842 0.6254 0.5266 1
0.923 0.6478 0.5965 13
0.9595 0.5107 0.49 8
0.9264 0.8237 0.76 16
0.9572 0.6124 0.5858 3
0.9833 0.7408 0.7284 6
0.9107 0.4429 0.4032 13
0.9706 0.8904 0.8638 8
0.9734 0.8013 0.779 3
0.9849 0.561 0.5523 4
0.9604 0.5056 0.4856 3
0.6315 0.8532 0.5388 2
0.9527 0.7543 0.7178 3
0.9646 0.7505 0.7231 8
0.9688 0.6537 0.6333 8
0.9156 0.7208 0.6561 39
0.8668 0.5956 0.502 83
0.963 0.9208 0.8865 10
0.9594 0.8617 0.8237 28
0.979 0.8328 0.8153 2
0.9767 0.8161 0.797 5
0.9644 0.8466 0.8159 4
0.9684 0.6549 0.6333 11
0.9552 0.7108 0.6781 9
0.9679 0.7762 0.7511 8
0.979 0.5758 0.5636 6
0.8951 0.714 0.6387 19
0.9761 0.5989 0.5846 3
0.969 0.8101 0.7847 16
0.9713 0.9523 0.9247 7
0.9584 0.7044 0.6738 10
0.9734 0.7171 0.6973 4
0.9649 0.6569 0.6285 142
0.9706 0.717 0.6958 10
0.9631 0.8123 0.781 5
0.9698 0.8 0.7756 6
0.9557 0.7723 0.7306 46
0.966 0.8805 0.8505 5
0.9814 0.7606 0.7457 10
0.9798 0.7395 0.7236 14
0.9782 0.6906 0.6755 2
0.9736 0.7261 0.7069 6
0.9762 0.7904 0.7715 9
0.9667 0.7562 0.7297 18
0.9739 0.6663 0.6486 9
0.9828 0.7138 0.7015 4
0.9503 0.6918 0.6555 39
0.9705 0.6477 0.6286 4
0.9679 0.5953 0.5762 4
0.9643 0.8201 0.7907 6
0.9539 0.8494 0.8062 9
0.9814 0.8559 0.8388 10
0.9679 0.7504 0.7262 10
0.959 0.8428 0.8074 10
0.9698 0.7135 0.6919 4
0.9684 0.7496 0.7258 6
0.9775 0.7937 0.7758 4
0.9831 0.6721 0.6599 12
0.9722 0.8217 0.7988 4
0.98 0.7553 0.7401 7
0.9573 0.808 0.7735 7
0.9751 0.8517 0.8304 5
0.9777 0.7096 0.6929 12
0.9717 0.736 0.7141 12
0.9648 0.7098 0.6847 14
0.9774 0.7859 0.7681 4
0.9737 0.6632 0.6454 7
0.9729 0.7656 0.7447 12
0.9731 0.7138 0.6935 15
0.9648 0.8205 0.7914 5
0.9506 0.8091 0.7658 16
0.9793 0.71 0.6952 10
0.9672 0.8957 0.8663 6
0.9654 0.8025 0.7728 7
0.975 0.9109 0.8879 9
0.9687 0.7373 0.7136 10
0.9767 0.751 0.7328 15
0.9687 0.7699 0.7457 11
0.9536 0.7459 0.7107 16
0.9701 0.7187 0.697 11
0.9519 0.6284 0.5933 30
0.9796 0.8339 0.8168 11
0.9699 0.8646 0.8384 15
0.9603 0.8051 0.7731 2
0.9637 0.8078 0.7785 2
0.9794 0.8041 0.7864 10
0.9706 0.776 0.753 9
0.9675 0.7521 0.7276 4
0.9747 0.7313 0.7116 9
0.9659 0.8948 0.8642 3
0.9705 0.7866 0.7633 9
0.974 0.7821 0.7617 8
0.9686 0.8348 0.8058 24
0.9802 0.7231 0.7086 13
0.9704 0.8461 0.821 5
0.9666 0.8412 0.8131 8
0.9714 0.8177 0.7938 10
0.9724 0.8182 0.7956 5
0.96 0.7759 0.7448 7
0.9666 0.9168 0.8861 9
0.9612 0.8249 0.7929 4
0.9725 0.6983 0.6785 14
0.9733 0.8323 0.8099 11
0.9662 0.7893 0.7626 3
0.9595 0.9008 0.8643 6
0.9803 0.8035 0.7863 16
0.9785 0.7737 0.7567 12
0.9721 0.7869 0.7637 13
0.976 0.7794 0.7606 8
0.9653 0.8191 0.7906 5
0.9353 0.7518 0.6976 27
0.9663 0.8342 0.8061 6
0.9718 0.8189 0.7957 10
0.9577 0.8592 0.8197 9
0.9515 0.768 0.7307 7
0.9552 0.8261 0.7889 7
0.9728 0.8746 0.8498 6
0.9692 0.7836 0.7594 10
0.9706 0.8169 0.7927 9
0.9676 0.8039 0.7778 8
0.9525 0.8103 0.7718 10
0.9751 0.7756 0.7563 3
0.963 0.7585 0.7303 11
0.9621 0.7853 0.755 9
0.9769 0.7216 0.7049 9
0.9722 0.7927 0.7706 11
0.9579 0.8132 0.7789 10
0.9693 0.808 0.7832 5
0.9667 0.8908 0.8611 13
0.9656 0.8402 0.8113 6
0.9601 0.8265 0.7934 12
0.9657 0.8258 0.7974 7
0.9743 0.7892 0.7679 5
0.9617 0.8055 0.7743 10
0.9598 0.6956 0.6673 11
0.9545 0.7642 0.7288 16
0.9619 0.7053 0.6769 23
0.9632 0.8109 0.7789 9
0.9553 0.7328 0.6999 6
0.9599 0.6958 0.6676 8
0.9586 0.7502 0.7185 11
0.9438 0.8122 0.7665 6
0.9664 0.845 0.815 8
0.9532 0.8185 0.7795 10
0.957 0.7761 0.7425 4
0.9498 0.8031 0.7627 4
0.9574 0.7206 0.6896 9
0.9531 0.6929 0.6603 6
0.936 0.7543 0.7042 23
0.9506 0.7933 0.7539 11
0.9494 0.8135 0.771 13
0.9664 0.7149 0.6901 11
0.9544 0.726 0.6929 1
0.968 0.7006 0.6763 9
0.9542 0.7649 0.7288 9
0.9529 0.7542 0.7184 15
0.9422 0.7998 0.7535 11
0.9573 0.7189 0.6879 7
0.9454 0.742 0.7012 14
0.9618 0.8166 0.7837 9
0.9465 0.7917 0.7491 9
0.9581 0.7383 0.7072 15
0.9514 0.8933 0.8498 7
0.9604 0.7133 0.6848 7
0.9555 0.7728 0.7381 5
0.9557 0.737 0.704 9
0.9581 0.7382 0.7071 8
0.9556 0.7304 0.6978 14
0.9558 0.7767 0.7423 7
0.956 0.6836 0.6531 9
0.9597 0.7582 0.727 18
0.947 0.7376 0.698 7
0.9616 0.6674 0.6409 16
0.9565 0.7712 0.7365 6
0.9539 0.8046 0.7675 3
0.951 0.7872 0.7482 11
0.9603 0.7485 0.7187 6
0.9547 0.789 0.7525 12
0.9479 0.7986 0.757 5
0.9563 0.7769 0.7429 1
0.9677 0.7334 0.7069 23
0.9621 0.6886 0.6617 9
0.9524 0.7167 0.682 8
0.9604 0.7938 0.7601 12
0.9613 0.7823 0.7501 6
0.955 0.6755 0.644 12
0.9571 0.7865 0.7526 11
0.9478 0.8074 0.7649 7
0.9601 0.7234 0.6937 8
0.9627 0.7189 0.6921 9
0.9616 0.6774 0.6509 13
0.956 0.7756 0.7409 7
0.9568 0.7592 0.7259 7
0.9462 0.8004 0.7568 10
0.9535 0.7607 0.7246 8
0.9496 0.7639 0.7245 14
0.9621 0.7188 0.6915 2
0.955 0.748 0.7143 5
0.9532 0.7016 0.6687 11
0.9551 0.7769 0.741 7
0.9509 0.7427 0.7057 6
0.954 0.7405 0.7064 10
0.9564 0.7442 0.7105 11
0.9612 0.7301 0.7007 9
0.9536 0.7416 0.7072 4
0.9485 0.7528 0.7134 15
0.9505 0.7268 0.6908 2
0.9486 0.7784 0.7382 8
0.9545 0.7564 0.7219 8
0.9568 0.7276 0.6959 9
0.9599 0.8105 0.7777 14
0.9568 0.7695 0.7343 16
0.9595 0.7131 0.6839 12
0.9487 0.7357 0.6976 13
0.9437 0.8256 0.7791 9
0.9523 0.7745 0.7369 14
0.9527 0.7718 0.735 14
0.9565 0.7053 0.6737 6
0.9584 0.734 0.7034 5
0.9516 0.7276 0.6921 4
0.9473 0.7787 0.7376 6
0.9514 0.7332 0.6975 7
0.9576 0.7651 0.7313 2
0.9514 0.7598 0.7222 7
0.9506 0.8275 0.7863 6
0.953 0.7461 0.7109 8
0.9539 0.7323 0.6982 19
0.9561 0.7421 0.7092 6
0.9568 0.7187 0.687 7
0.9542 0.7963 0.7586 13
0.9534 0.8204 0.7817 7
0.946 0.8134 0.7694 6
0.9512 0.6888 0.655 8
0.9483 0.8099 0.768 7
0.946 0.7773 0.7349 5
0.9514 0.7297 0.6935 12
0.9511 0.7364 0.7 14
0.9545 0.7584 0.7233 7
0.9523 0.7425 0.7071 5
0.9524 0.724 0.6895 8
0.9443 0.6976 0.6586 10
0.944 0.7472 0.7054 4
0.9497 0.7648 0.726 12
0.9572 0.7225 0.6907 14
0.9506 0.7325 0.696 9
0.9539 0.6818 0.6499 8
0.9516 0.777 0.7386 7
0.9539 0.7238 0.69 10
0.9494 0.7856 0.7458 4
0.9565 0.7435 0.7104 11
0.9625 0.7427 0.7141 8
0.9574 0.714 0.6827 8
0.9475 0.7441 0.705 5
0.9496 0.7913 0.7512 8
0.9511 0.6923 0.6582 13
0.948 0.7359 0.6975 10
0.9396 0.7476 0.7022 6
0.9528 0.7116 0.6776 5
0.9414 0.7731 0.7277 7
0.9541 0.752 0.7168 8
0.944 0.7731 0.729 17
0.9524 0.7378 0.7027 4
0.9523 0.7711 0.7333 11
0.9469 0.772 0.7303 12
0.9549 0.7104 0.6765 15
0.958 0.7343 0.7017 9
0.9618 0.6816 0.6543 12
0.9537 0.7174 0.6837 4
0.9563 0.7751 0.7401 8
0.96 0.7168 0.6871 11
0.9484 0.7685 0.7283 9
0.9491 0.7535 0.7143 12
0.9506 0.7529 0.7151 10
0.9563 0.72 0.6878 4
0.9405 0.7579 0.7126 5
0.9563 0.7545 0.7215 4
0.9464 0.7423 0.7021 12
0.9472 0.7271 0.6886 5
0.9433 0.7476 0.705 10
0.9487 0.7753 0.7353 8
0.952 0.6909 0.6574 9
0.9521 0.7801 0.7415 6
0.9512 0.7681 0.7292 11
0.9529 0.71 0.6756 12
0.9446 0.7467 0.7052 4
0.9525 0.7554 0.7188 11
0.954 0.7005 0.6678 12
0.9465 0.7868 0.7441 8
0.9534 0.7441 0.7087 9
0.9545 0.7415 0.7068 9
0.9527 0.7484 0.7128 8
0.9465 0.785 0.7411 13
0.9575 0.7178 0.6873 7
0.9601 0.7139 0.6845 8
0.9673 0.9001 0.8701 5
0.7535 0.3815 0.2874 22
0.9674 0.7205 0.697 3
0.9621 0.686 0.6554 39
0.9734 0.8601 0.8371 5
0.933 0.6316 0.5892 5
0.9754 0.8842 0.8607 9
0.9427 0.5552 0.5228 7
0.9546 0.6497 0.6134 26
0.9389 0.6357 0.5967 4
0.9602 0.7999 0.7677 7
0.9823 0.6423 0.6308 9
0.965 0.8392 0.8098 2
0.791 0.4648 0.3671 8
0.9734 0.7314 0.7112 7
0.8075 0.8515 0.6876 2
0.9604 0.9298 0.8896 5
0.8022 0.6379 0.5117 1
0.9615 0.6494 0.6228 11
0.9215 0.7369 0.6419 55
0.9741 0.6303 0.614 2
0.9675 0.7557 0.7308 6
0.9752 0.731 0.7129 3
0.9654 0.8065 0.7786 4
0.9792 0.5816 0.5688 10
0.9821 0.8061 0.7916 6
0.8886 0.9699 0.8605 23
0.9561 0.7775 0.743 6
0.8496 0.7568 0.643 5
0.9573 0.6732 0.6435 9
0.9473 0.5961 0.5618 20
0.9793 0.8623 0.8445 2
0.9695 0.7093 0.6877 4
0.8824 0.7141 0.6101 43
0.9556 0.9049 0.8647 7
0.8866 0.5099 0.4448 112
0.9634 0.6741 0.6471 7
0.9713 0.8389 0.8146 12
0.9716 0.7999 0.7745 6
0.9485 0.9261 0.8783 4
0.9559 0.738 0.705 8
0.9554 0.7978 0.7622 4
0.9803 0.8028 0.7861 11
0.9718 0.6817 0.6624 5
0.9751 0.7539 0.7346 3
0.9745 0.7536 0.7326 23
0.9688 0.8496 0.8223 4
0.952 0.7214 0.6867 12
0.9701 0.8111 0.7868 6
0.9555 0.693 0.6615 7
0.9661 0.7826 0.756 5
0.9758 0.7766 0.7573 7
0.9745 0.7862 0.766 8
0.9763 0.5805 0.5667 8
0.9687 0.698 0.6757 10
0.9709 0.5009 0.4859 12
0.97 0.7122 0.6892 8
0.9811 0.8651 0.8487 11
0.9771 0.7849 0.7647 9
0.9728 0.7499 0.7282 8
0.9662 0.8237 0.7958 5
0.9706 0.7146 0.6936 3
0.9808 0.706 0.6923 9
0.9598 0.916 0.878 7
0.9711 0.683 0.6631 4
0.9593 0.7858 0.7525 35
0.9577 0.7984 0.7645 6
0.9726 0.908 0.8831 9
0.9729 0.7551 0.7346 4
0.9673 0.7828 0.7553 9
0.9691 0.8675 0.8406 7
0.9771 0.8613 0.8415 3
0.9675 0.7429 0.7187 5
0.9734 0.8141 0.7924 5
0.9648 0.682 0.6566 43
0.9221 0.8124 0.7476 27
0.9009 0.732 0.6572 22
0.9773 0.8314 0.81 11
0.9704 0.9073 0.8803 7
0.9616 0.7639 0.734 8
0.9479 0.9229 0.8737 14
0.977 0.7214 0.7048 2
0.9736 0.7699 0.7492 18
0.9682 0.8945 0.8658 10
0.9692 0.8523 0.826 11
0.9674 0.7641 0.7391 7
0.9337 0.9205 0.8589 17
0.9693 0.6948 0.6734 11
0.967 0.794 0.7678 5
0.9626 0.7967 0.7667 15
0.9645 0.7748 0.747 9
0.9786 0.8343 0.8151 5
0.9729 0.9385 0.9131 3
0.9688 0.7737 0.7492 4
0.9699 0.7563 0.7331 9
0.9654 0.9376 0.9051 7
0.9675 0.7846 0.759 8
0.9817 0.6039 0.5923 5
0.9705 0.8312 0.8066 5
0.9741 0.7439 0.7238 9
0.9703 0.8363 0.8113 5
0.9698 0.7594 0.7363 7
0.9708 0.8195 0.7952 8
0.9732 0.8068 0.7851 5
0.9655 0.7305 0.7053 4
0.9711 0.8003 0.7767 8
0.9559 0.8095 0.7682 30
0.9695 0.6363 0.6164 11
0.9768 0.7476 0.7301 7
0.9725 0.8114 0.789 11
0.9683 0.8308 0.8044 5
0.9602 0.7309 0.7012 21
0.9667 0.9069 0.8767 3
0.9791 0.7239 0.7078 6
0.9708 0.8784 0.8505 8
0.9667 0.9008 0.8708 2
0.9507 0.8641 0.8214 5
0.966 0.8275 0.7993 7
0.9677 0.7435 0.7191 6
0.9563 0.7853 0.7488 11
0.9724 0.8045 0.782 14
0.9618 0.8136 0.7824 8
0.9756 0.8342 0.8133 13
0.9605 0.7989 0.7673 5
0.969 0.7707 0.7466 8
0.9667 0.7293 0.7031 12
0.9509 0.8478 0.8054 25
0.9725 0.8182 0.7957 12
0.9653 0.7286 0.7033 5
0.9745 0.7643 0.7446 14
0.9737 0.7198 0.7005 13
0.9604 0.7476 0.7168 22
0.9684 0.8327 0.8064 5
0.9644 0.7666 0.7391 9
0.9717 0.7235 0.7009 14
0.96 0.7851 0.7536 9
0.9607 0.8484 0.815 2
0.9733 0.7841 0.7626 7
0.9592 0.7208 0.6909 12
0.9626 0.6997 0.6731 10
0.959 0.7482 0.7175 3
0.9662 0.6827 0.6593 9
0.948 0.8928 0.8463 5
0.9474 0.6564 0.6216 10
0.9563 0.69 0.6596 8
0.955 0.8011 0.7649 8
0.9469 0.7427 0.703 10
0.9383 0.7842 0.7357 5
0.9565 0.7796 0.7453 7
0.9538 0.8227 0.7846 9
0.959 0.7762 0.7439 5
0.9571 0.7299 0.698 10
0.9516 0.8292 0.7891 1
0.9428 0.7979 0.7522 9
0.9588 0.7704 0.7385 16
0.9564 0.8098 0.7744 7
0.9623 0.7246 0.6964 12
0.9479 0.8195 0.7766 10
0.9533 0.7772 0.7405 9
0.9415 0.7395 0.6958 7
0.9579 0.6979 0.6685 4
0.953 0.707 0.6736 9
0.9734 0.6965 0.6764 17
0.9576 0.7904 0.7566 10
0.9558 0.7431 0.7101 9
0.9567 0.7539 0.721 9
0.9499 0.6942 0.659 8
0.9438 0.735 0.6934 9
0.9559 0.7973 0.7612 7
0.9634 0.8104 0.7786 16
0.9529 0.8308 0.7916 10
0.9522 0.7836 0.745 6
0.9504 0.8526 0.8097 7
0.9605 0.7085 0.6798 7
0.9541 0.7849 0.7488 4
0.9551 0.7122 0.6802 9
0.9653 0.7628 0.7351 11
0.9578 0.8004 0.7661 12
0.9564 0.7096 0.6778 9
0.951 0.8089 0.7684 10
0.957 0.7407 0.7084 6
0.9226 0.661 0.6098 5
0.9418 0.8365 0.7878 2
0.9644 0.7044 0.6791 8
0.9516 0.7632 0.7261 6
0.9541 0.747 0.7116 16
0.9634 0.6523 0.6269 5
0.9526 0.8071 0.7688 7
0.9552 0.7884 0.7531 5
0.9578 0.7871 0.7529 7
0.938 0.8039 0.7539 10
0.9539 0.6921 0.6601 9
0.9542 0.7283 0.6936 10
0.946 0.7489 0.7077 8
0.9623 0.7074 0.68 7
0.9535 0.8008 0.7632 15
0.961 0.7976 0.7665 9
0.9488 0.848 0.8044 8
0.9652 0.7099 0.6841 11
0.9589 0.7617 0.7285 9
0.957 0.7115 0.6806 11
0.9441 0.7291 0.6881 9
0.9485 0.8069 0.7651 7
0.9563 0.6992 0.6686 4
0.9525 0.7101 0.6758 11
0.9561 0.7035 0.6722 7
0.9384 0.6778 0.6357 9
0.949 0.78 0.7399 12
0.9489 0.7954 0.7525 21
0.95 0.7815 0.7424 3
0.9522 0.7356 0.7002 12
0.9485 0.7549 0.7159 7
0.9497 0.7864 0.7465 6
0.9497 0.7732 0.7342 4
0.9502 0.7486 0.7104 13
0.9504 0.7336 0.697 14
0.9566 0.7578 0.7247 9
0.9558 0.7585 0.7235 8
0.959 0.7083 0.6788 12
0.9499 0.7788 0.7394 8
0.9612 0.7217 0.6937 1
0.9528 0.7274 0.6928 13
0.9534 0.8032 0.7654 8
0.9494 0.7294 0.6925 2
0.9437 0.7508 0.7085 9
0.9401 0.7802 0.7329 9
0.9468 0.7544 0.7134 17
0.9548 0.7433 0.7092 7
0.9598 0.7456 0.7155 6
0.9506 0.7824 0.7437 7
0.9565 0.7396 0.7074 6
0.953 0.733 0.6983 8
0.9524 0.774 0.7369 11
0.9494 0.778 0.7386 12
0.9571 0.7299 0.6985 6
0.9574 0.8059 0.7699 11
0.9525 0.7934 0.7555 13
0.9452 0.7765 0.7337 5
0.9487 0.7174 0.6806 5
0.9541 0.7755 0.7394 11
0.9545 0.6967 0.6645 16
0.9551 0.7078 0.6753 4
0.9365 0.6649 0.6226 8
0.9477 0.7736 0.7331 6
0.947 0.7574 0.7171 6
0.9443 0.7739 0.7305 16
0.9494 0.7401 0.7026 2
0.9481 0.7202 0.6827 6
0.9526 0.7739 0.7365 8
0.955 0.8117 0.7739 8
0.958 0.7613 0.7282 8
0.9487 0.7777 0.7371 25
0.9487 0.8133 0.7705 10
0.9436 0.7766 0.7322 9
0.9526 0.7157 0.6815 10
0.9641 0.7365 0.7084 9
0.955 0.7845 0.7481 11
0.959 0.7614 0.7279 12
0.9574 0.6881 0.6588 10
0.9493 0.789 0.748 14
0.936 0.7204 0.6738 9
0.9436 0.718 0.6773 10
0.9533 0.746 0.7103 12
0.951 0.7245 0.6885 12
0.9526 0.7138 0.68 6
0.9504 0.7563 0.7185 11
0.9469 0.7328 0.6939 11
0.9442 0.7656 0.7224 7
0.9439 0.7295 0.6884 7
0.951 0.7718 0.734 5
0.9495 0.8126 0.7702 16
0.9562 0.7551 0.7215 11
0.9474 0.766 0.7251 5
0.9599 0.6862 0.6579 9
0.948 0.7441 0.7051 12
0.9311 0.7313 0.6805 4
0.9572 0.7562 0.7237 9
0.9419 0.8257 0.7775 5
0.9553 0.7078 0.6748 8
0.9452 0.8025 0.7581 15
0.9508 0.7307 0.6939 4
0.9529 0.7356 0.7005 5
0.9489 0.7555 0.7166 9
0.9463 0.7322 0.6923 8
0.9463 0.7128 0.6742 9
0.9578 0.7256 0.6936 5
0.9385 0.6756 0.6338 12
0.9495 0.7399 0.7022 10
0.9577 0.7269 0.695 8
0.9492 0.7708 0.7315 5
0.9458 0.7931 0.7493 11
0.9526 0.7128 0.679 5
0.9604 0.7153 0.6853 16
0.9483 0.7617 0.722 15
0.9451 0.7706 0.7283 5
0.9397 0.7612 0.7138 7
0.9416 0.6904 0.6499 7
0.9505 0.6733 0.6393 9
0.9509 0.7366 0.6999 7
0.9541 0.9203 0.8776 4
0.6359 0.2312 0.1451 25
0.9512 0.6984 0.6643 5
0.9649 0.7622 0.7354 2
0.9477 0.465 0.4399 9
0.9677 0.7692 0.7442 12
0.934 0.7693 0.7185 3
0.9882 0.5499 0.5431 7
0.7666 0.3464 0.2656 1
0.9506 0.6987 0.6641 5
0.9249 0.5925 0.5446 20
0.9599 0.6637 0.637 6
0.9763 0.6283 0.6134 2
0.9284 0.632 0.5867 19
0.8264 0.4982 0.4117 4
0.9655 0.6608 0.6378 3
0.9648 0.6868 0.6623 9
0.9434 0.8981 0.8473 1
0.648 0.6939 0.4496 2
0.8248 0.5173 0.4124 128
0.9646 0.6806 0.655 12
0.9747 0.7659 0.7465 4
0.9634 0.6856 0.6603 6
0.9713 0.7408 0.7195 4
0.956 0.786 0.7514 4
0.974 0.5597 0.544 10
0.927 0.5262 0.4878 3
0.9641 0.8381 0.808 2
0.9636 0.6322 0.6085 9
0.6552 0.8626 0.5632 27
0.9571 0.87 0.8322 9
0.9533 0.6529 0.6085 55
0.9712 0.7637 0.7417 5
0.9624 0.7885 0.7587 5
0.9756 0.6287 0.6089 24
0.8438 0.5093 0.4258 34
0.9616 0.7129 0.6846 13
0.9634 0.7295 0.6999 6
0.968 0.7926 0.767 11
0.9716 0.7997 0.776 9
0.9695 0.7676 0.7441 5
0.8868 0.5682 0.5038 11
0.9637 0.6461 0.6226 5
0.9791 0.8141 0.7962 6
0.9724 0.7354 0.7151 1
0.9694 0.6289 0.6096 11
0.9732 0.8916 0.8677 3
0.9709 0.6647 0.6451 5
0.9728 0.7767 0.7555 5
0.9722 0.7277 0.7071 4
0.9637 0.7429 0.7158 7
0.9601 0.6298 0.6029 26
0.9744 0.7009 0.6829 5
0.9463 0.9417 0.8905 11
0.9719 0.8148 0.7918 4
0.9735 0.7941 0.773 10
0.9543 0.8703 0.8299 7
0.944 0.9744 0.9194 9
0.972 0.7696 0.748 4
0.9753 0.7914 0.7718 6
0.968 0.7584 0.7321 18
0.9696 0.8319 0.8064 8
0.8912 0.6811 0.5985 42
0.9667 0.7241 0.7 13
0.9778 0.645 0.6305 8
0.9674 0.6865 0.6639 7
0.974 0.6299 0.6134 12
0.9592 0.8213 0.7868 15
0.969 0.7239 0.7015 2
0.9763 0.8045 0.7854 6
0.9671 0.811 0.7843 4
0.9616 0.7182 0.6896 13
0.9557 0.8533 0.8155 3
0.8973 0.6271 0.5546 54
0.9734 0.6815 0.6633 5
0.9703 0.768 0.7439 24
0.9615 0.6804 0.6542 5
0.9604 0.7794 0.7482 5
0.9741 0.7509 0.7314 4
0.9713 0.8113 0.7875 6
0.9639 0.7534 0.7262 4
0.9314 0.7823 0.7286 3
0.967 0.7238 0.6998 11
0.9029 0.9133 0.8227 29
0.9045 0.8468 0.7638 14
0.9762 0.8679 0.847 8
0.9628 0.8407 0.8093 2
0.939 0.7405 0.6865 44
0.9574 0.741 0.7086 19
0.9729 0.7267 0.7068 14
0.9688 0.8183 0.7927 5
0.9634 0.6601 0.6358 12
0.9768 0.7253 0.7054 19
0.9756 0.8479 0.8271 8
0.9688 0.695 0.673 15
0.9605 0.8329 0.7996 11
0.9663 0.8706 0.8413 2
0.9704 0.8276 0.8031 5
0.97 0.7783 0.7544 10
0.9679 0.7556 0.731 9
0.9606 0.891 0.8558 6
0.9745 0.8882 0.8647 8
0.9674 0.8243 0.7973 8
0.9775 0.7206 0.7042 15
0.9742 0.8665 0.8423 6
0.9619 0.8063 0.7754 5
0.9764 0.6866 0.6704 10
0.9696 0.7437 0.7211 1
0.9719 0.7017 0.6814 5
0.9681 0.7422 0.7184 14
0.9683 0.6749 0.6529 11
0.9644 0.8724 0.8401 10
0.974 0.8392 0.8172 12
0.9624 0.8197 0.7889 1
0.9574 0.7537 0.7212 8
0.9684 0.7852 0.76 4
0.9723 0.7513 0.7304 7
0.9506 0.8347 0.7933 6
0.9663 0.7833 0.7569 3
0.9657 0.765 0.7387 4
0.9704 0.6954 0.6745 11
0.9703 0.8664 0.8406 4
0.9473 0.6235 0.5906 9
0.9627 0.7554 0.7271 10
0.9571 0.8094 0.7745 11
0.9756 0.7183 0.7005 13
0.9693 0.6803 0.6593 5
0.948 0.7855 0.7443 8
0.9243 0.7877 0.7278 15
0.9689 0.7999 0.775 8
0.9694 0.7965 0.7721 6
0.9641 0.7494 0.7225 4
0.9738 0.7901 0.7693 7
0.9664 0.8652 0.8361 9
0.9584 0.7008 0.6713 8
0.9737 0.7962 0.7724 6
0.9721 0.8066 0.7841 2
0.9525 0.7395 0.7028 28
0.972 0.7914 0.7691 10
0.9554 0.7333 0.6996 17
0.96 0.7095 0.6804 8
0.9519 0.7579 0.7214 2
0.9514 0.6517 0.6199 7
0.9669 0.8191 0.7916 4
0.9562 0.8158 0.78 8
0.96 0.6791 0.6514 12
0.9575 0.6952 0.6652 10
0.9536 0.6794 0.6475 14
0.9529 0.7445 0.709 5
0.8424 0.6387 0.5362 17
0.9535 0.7633 0.7264 9
0.9648 0.8062 0.7772 8
0.9554 0.7193 0.6862 15
0.9502 0.7956 0.7559 4
0.9378 0.6945 0.6508 10
0.9507 0.802 0.7621 14
0.9591 0.7532 0.7223 12
0.9626 0.7574 0.7275 8
0.9457 0.8525 0.8053 9
0.9497 0.6674 0.6338 8
0.9604 0.7285 0.6987 13
0.9544 0.7744 0.7389 10
0.959 0.7082 0.679 11
0.9548 0.7754 0.7393 14
0.9597 0.7275 0.6979 12
0.9545 0.6939 0.6622 7
0.8883 0.7145 0.6345 17
0.9477 0.6052 0.5734 6
0.957 0.7066 0.6759 8
0.9508 0.7296 0.6934 13
0.8944 0.684 0.6117 2
0.9599 0.7863 0.7547 5
0.9496 0.792 0.7519 11
0.9056 0.6673 0.6034 8
0.943 0.7899 0.7448 5
0.9561 0.7719 0.7379 6
0.952 0.7946 0.7559 11
0.9579 0.7554 0.7233 4
0.9339 0.8327 0.7775 8
0.9591 0.7443 0.7131 11
0.9583 0.7227 0.6919 7
0.9527 0.6881 0.6554 9
0.9521 0.7305 0.6955 4
0.9463 0.7662 0.7244 14
0.9585 0.7743 0.7415 11
0.9512 0.7219 0.6867 4
0.9421 0.7043 0.6635 5
0.9588 0.7006 0.6708 5
0.9566 0.7384 0.7062 9
0.9478 0.7906 0.7487 16
0.9547 0.8178 0.7803 6
0.9379 0.764 0.7151 13
0.9364 0.7321 0.6855 6
0.9485 0.7598 0.7205 6
0.9413 0.6474 0.6094 5
0.9617 0.6753 0.6488 9
0.9513 0.7949 0.7557 6
0.952 0.7664 0.7287 15
0.9566 0.7776 0.7431 13
0.96 0.7272 0.6961 17
0.9462 0.6673 0.6312 8
0.9326 0.6997 0.6525 2
0.959 0.7062 0.677 13
0.9501 0.7417 0.7045 4
0.9623 0.717 0.6892 11
0.9541 0.701 0.6687 12
0.9554 0.762 0.7274 17
0.9537 0.686 0.6542 4
0.9572 0.8077 0.773 7
0.9439 0.8053 0.7599 6
0.9542 0.72 0.6863 10
0.949 0.7478 0.7096 5
0.9508 0.6768 0.6431 17
0.9502 0.7139 0.6782 10
0.9569 0.7138 0.683 8
0.9419 0.7089 0.6672 11
0.9454 0.7808 0.7376 6
0.9548 0.7704 0.7342 9
0.9481 0.7809 0.7393 7
0.9479 0.7917 0.7495 12
0.9453 0.7755 0.7329 6
0.9467 0.7358 0.6964 8
0.9489 0.7133 0.6768 6
0.9455 0.8131 0.7687 4
0.924 0.7209 0.6652 10
0.9452 0.7595 0.7179 8
0.9512 0.75 0.713 5
0.945 0.7163 0.6767 5
0.9551 0.7155 0.6829 9
0.9496 0.7041 0.6673 9
0.95 0.778 0.739 15
0.9595 0.7493 0.7182 15
0.9498 0.7363 0.6992 9
0.9485 0.7612 0.722 8
0.9486 0.8029 0.7616 6
0.9522 0.7326 0.6976 8
0.9473 0.7897 0.748 10
0.9532 0.783 0.7443 10
0.9442 0.7692 0.7263 5
0.9554 0.7475 0.7142 3
0.9443 0.745 0.7025 10
0.9449 0.7885 0.744 10
0.951 0.742 0.7053 12
0.9543 0.7202 0.6872 9
0.9513 0.7664 0.729 6
0.939 0.718 0.6742 5
0.955 0.7423 0.7086 6
0.9457 0.7662 0.7245 8
0.9397 0.7713 0.7246 13
0.9491 0.7851 0.7444 12
0.9468 0.7551 0.7145 5
0.9392 0.8076 0.7585 5
0.9377 0.7886 0.7393 8
0.9485 0.7345 0.6966 11
0.9529 0.7235 0.689 8
0.9413 0.719 0.676 14
0.9468 0.7766 0.7343 10
0.9528 0.7813 0.7436 4
0.9367 0.7655 0.7169 6
0.9403 0.6852 0.6441 5
0.9337 0.7355 0.6867 4
0.9415 0.6987 0.6575 14
0.9494 0.7451 0.7074 11
0.9563 0.7407 0.7081 10
0.9179 0.7675 0.7042 7
0.9284 0.7243 0.6724 5
0.9472 0.7478 0.7076 10
0.9405 0.7608 0.7143 11
0.9446 0.7567 0.7139 14
0.9506 0.7335 0.6958 8
0.9359 0.6943 0.6498 1
0.9404 0.7463 0.7018 10
0.9305 0.728 0.6773 7
0.9425 0.69 0.65 7
0.948 0.7349 0.6954 5
0.9454 0.8046 0.7603 6
0.9235 0.7863 0.7261 6
0.9333 0.7456 0.6949 13
0.9494 0.7468 0.7088 3
0.9536 0.6625 0.6316 5
0.947 0.7804 0.7381 7
0.9444 0.7034 0.6636 12
0.9343 0.7783 0.7268 11
0.9544 0.721 0.6875 11
0.9426 0.7052 0.6647 9
0.9359 0.6818 0.6381 4
0.9471 0.7798 0.7385 7
0.9272 0.6616 0.613 6
0.9379 0.7777 0.7294 3
0.9394 0.6736 0.6328 5
0.9411 0.7302 0.6869 13
0.9509 0.6895 0.655 11
0.9519 0.7334 0.6967 11
0.9522 0.7664 0.728 8
0.937 0.7679 0.7194 5
0.9458 0.7726 0.7306 7
0.9596 0.7332 0.702 10
0.9479 0.7463 0.7069 8
0.9449 0.7072 0.6678 8
0.9482 0.7307 0.6924 5\n

