0.6779 +- -1.00 (1)
0.6326 +- -1.00 (1)
0.3995 +- -1.00 (1)
0.4330 +- -1.00 (1)
0.7239 +- -1.00 (1)
0.4831 +- -1.00 (1)
0.4442 +- -1.00 (1)
0.4763 +- -1.00 (1)
0.3625 +- -1.00 (1)
0.6050 +- -1.00 (1)
0.4337 +- -1.00 (1)
0.5422 +- -1.00 (1)
0.5754 +- -1.00 (1)
0.4506 +- -1.00 (1)
0.5825 +- -1.00 (1)
0.4638 +- -1.00 (1)
0.7306 +- -1.00 (1)
0.3841 +- -1.00 (1)
0.4455 +- -1.00 (1)
0.7394 +- -1.00 (1)
0.4734 +- -1.00 (1)
0.4856 +- -1.00 (1)
0.5842 +- -1.00 (1)
0.4637 +- -1.00 (1)
0.4789 +- -1.00 (1)
0.4934 +- -1.00 (1)
0.5635 +- -1.00 (1)
0.4856 +- -1.00 (1)
0.4785 +- -1.00 (1)
0.4059 +- -1.00 (1)
0.5375 +- -1.00 (1)
0.4294 +- -1.00 (1)
0.4835 +- -1.00 (1)
0.5118 +- -1.00 (1)
0.5163 +- -1.00 (1)
0.6012 +- -1.00 (1)
0.4639 +- -1.00 (1)
0.3713 +- -1.00 (1)
0.6780 +- -1.00 (1)
0.4241 +- -1.00 (1)
0.5420 +- -1.00 (1)
0.6179 +- -1.00 (1)
0.4147 +- -1.00 (1)
0.4329 +- -1.00 (1)
0.5726 +- -1.00 (1)
0.4515 +- -1.00 (1)
0.5331 +- -1.00 (1)
0.6152 +- -1.00 (1)
0.5230 +- -1.00 (1)
0.5967 +- -1.00 (1)
0.5773 +- -1.00 (1)
0.6242 +- -1.00 (1)
0.6353 +- -1.00 (1)
0.5099 +- -1.00 (1)
0.5469 +- -1.00 (1)
0.6258 +- -1.00 (1)
0.4839 +- -1.00 (1)
0.6254 +- -1.00 (1)
0.4808 +- -1.00 (1)
0.5049 +- -1.00 (1)
0.4153 +- -1.00 (1)
0.5330 +- -1.00 (1)
0.5753 +- -1.00 (1)
0.5951 +- -1.00 (1)
0.5162 +- -1.00 (1)
0.5304 +- -1.00 (1)
0.4907 +- -1.00 (1)
0.5394 +- -1.00 (1)
0.5857 +- -1.00 (1)
0.6942 +- -1.00 (1)
0.5509 +- -1.00 (1)
0.6102 +- -1.00 (1)
0.6097 +- -1.00 (1)
0.6308 +- -1.00 (1)
0.4755 +- -1.00 (1)
0.5518 +- -1.00 (1)
0.4847 +- -1.00 (1)
0.5940 +- -1.00 (1)
0.5854 +- -1.00 (1)
0.6297 +- -1.00 (1)
0.5216 +- -1.00 (1)
0.4514 +- -1.00 (1)
0.6531 +- -1.00 (1)
0.5631 +- -1.00 (1)
0.5761 +- -1.00 (1)
0.6584 +- -1.00 (1)
0.6129 +- -1.00 (1)
0.5880 +- -1.00 (1)
0.5411 +- -1.00 (1)
0.5062 +- -1.00 (1)
0.5778 +- -1.00 (1)
0.5456 +- -1.00 (1)
0.6092 +- -1.00 (1)
0.5463 +- -1.00 (1)
0.5590 +- -1.00 (1)
0.5292 +- -1.00 (1)
0.5369 +- -1.00 (1)
0.5269 +- -1.00 (1)
0.4902 +- -1.00 (1)
0.5062 +- -1.00 (1)
0.4604 +- -1.00 (1)
0.6411 +- -1.00 (1)
0.5673 +- -1.00 (1)
0.6597 +- -1.00 (1)
0.5229 +- -1.00 (1)
0.6386 +- -1.00 (1)
0.5235 +- -1.00 (1)
0.6541 +- -1.00 (1)
0.5376 +- -1.00 (1)
0.6404 +- -1.00 (1)
0.6569 +- -1.00 (1)
0.5693 +- -1.00 (1)
0.5530 +- -1.00 (1)
0.5113 +- -1.00 (1)
0.5829 +- -1.00 (1)
0.5624 +- -1.00 (1)
0.5219 +- -1.00 (1)
0.6164 +- -1.00 (1)
0.5273 +- -1.00 (1)
0.5029 +- -1.00 (1)
0.6012 +- -1.00 (1)
0.6445 +- -1.00 (1)
0.5478 +- -1.00 (1)
0.6453 +- -1.00 (1)
0.5943 +- -1.00 (1)
0.5842 +- -1.00 (1)
0.6244 +- -1.00 (1)
0.5754 +- -1.00 (1)
0.5141 +- -1.00 (1)
0.5697 +- -1.00 (1)
0.5270 +- -1.00 (1)
0.5492 +- -1.00 (1)
0.5233 +- -1.00 (1)
0.5760 +- -1.00 (1)
0.5808 +- -1.00 (1)
0.5532 +- -1.00 (1)
0.5754 +- -1.00 (1)
0.5875 +- -1.00 (1)
0.5857 +- -1.00 (1)
0.6304 +- -1.00 (1)
0.5816 +- -1.00 (1)
0.5486 +- -1.00 (1)
0.5502 +- -1.00 (1)
0.5418 +- -1.00 (1)
0.5028 +- -1.00 (1)
0.6445 +- -1.00 (1)
0.5430 +- -1.00 (1)
0.5084 +- -1.00 (1)
0.5700 +- -1.00 (1)
0.5231 +- -1.00 (1)
0.5412 +- -1.00 (1)
0.5512 +- -1.00 (1)
0.5742 +- -1.00 (1)
0.5480 +- -1.00 (1)
0.5286 +- -1.00 (1)
0.6028 +- -1.00 (1)
0.5365 +- -1.00 (1)
0.5548 +- -1.00 (1)
0.6057 +- -1.00 (1)
0.5092 +- -1.00 (1)
0.5382 +- -1.00 (1)
0.5460 +- -1.00 (1)
0.5173 +- -1.00 (1)
0.5511 +- -1.00 (1)
0.6062 +- -1.00 (1)
0.5677 +- -1.00 (1)
0.5877 +- -1.00 (1)
0.5229 +- -1.00 (1)
0.5173 +- -1.00 (1)
0.5649 +- -1.00 (1)
0.5436 +- -1.00 (1)
0.5333 +- -1.00 (1)
0.5408 +- -1.00 (1)
0.5930 +- -1.00 (1)
0.5163 +- -1.00 (1)
0.5084 +- -1.00 (1)
0.5659 +- -1.00 (1)
0.4998 +- -1.00 (1)
0.5262 +- -1.00 (1)
0.4942 +- -1.00 (1)
0.5230 +- -1.00 (1)
0.5232 +- -1.00 (1)
0.5392 +- -1.00 (1)
0.4993 +- -1.00 (1)
0.6087 +- -1.00 (1)
0.5139 +- -1.00 (1)
0.4751 +- -1.00 (1)
0.6064 +- -1.00 (1)
0.5947 +- -1.00 (1)
0.5473 +- -1.00 (1)
0.5170 +- -1.00 (1)
0.5712 +- -1.00 (1)
0.5216 +- -1.00 (1)
0.4799 +- -1.00 (1)
0.4967 +- -1.00 (1)
0.5825 +- -1.00 (1)
0.4975 +- -1.00 (1)
0.5978 +- -1.00 (1)
0.5580 +- -1.00 (1)
0.5475 +- -1.00 (1)
0.5713 +- -1.00 (1)
0.5273 +- -1.00 (1)
0.5345 +- -1.00 (1)
0.5532 +- -1.00 (1)
0.5275 +- -1.00 (1)
0.4935 +- -1.00 (1)
0.5588 +- -1.00 (1)
0.5219 +- -1.00 (1)
0.5449 +- -1.00 (1)
0.5247 +- -1.00 (1)
0.5731 +- -1.00 (1)
0.5632 +- -1.00 (1)
0.5385 +- -1.00 (1)
0.5116 +- -1.00 (1)
0.5372 +- -1.00 (1)
0.4813 +- -1.00 (1)
0.5427 +- -1.00 (1)
0.5563 +- -1.00 (1)
0.5313 +- -1.00 (1)
0.5512 +- -1.00 (1)
0.5258 +- -1.00 (1)
0.5192 +- -1.00 (1)
0.5676 +- -1.00 (1)
0.5777 +- -1.00 (1)
0.5249 +- -1.00 (1)
0.6182 +- -1.00 (1)
0.5853 +- -1.00 (1)
0.5670 +- -1.00 (1)
0.5011 +- -1.00 (1)
0.5548 +- -1.00 (1)
0.5649 +- -1.00 (1)
0.5285 +- -1.00 (1)
0.5553 +- -1.00 (1)
0.5298 +- -1.00 (1)
0.5332 +- -1.00 (1)
0.5685 +- -1.00 (1)
0.5581 +- -1.00 (1)
0.5562 +- -1.00 (1)
0.5665 +- -1.00 (1)
0.5638 +- -1.00 (1)
0.5418 +- -1.00 (1)
0.6326 +- -1.00 (1)
0.5431 +- -1.00 (1)
0.6072 +- -1.00 (1)
0.5210 +- -1.00 (1)
0.5501 +- -1.00 (1)
0.5112 +- -1.00 (1)
0.5074 +- -1.00 (1)
0.5248 +- -1.00 (1)
0.5509 +- -1.00 (1)
0.5009 +- -1.00 (1)
0.5489 +- -1.00 (1)
0.5037 +- -1.00 (1)
0.5443 +- -1.00 (1)
0.5505 +- -1.00 (1)
0.5586 +- -1.00 (1)
0.5423 +- -1.00 (1)
0.5376 +- -1.00 (1)
0.5764 +- -1.00 (1)
0.5363 +- -1.00 (1)
0.5603 +- -1.00 (1)
0.5222 +- -1.00 (1)
0.5644 +- -1.00 (1)
0.5282 +- -1.00 (1)
0.5398 +- -1.00 (1)
0.5325 +- -1.00 (1)
0.5368 +- -1.00 (1)
0.5410 +- -1.00 (1)
0.5409 +- -1.00 (1)
0.5389 +- -1.00 (1)
0.5254 +- -1.00 (1)
0.5715 +- -1.00 (1)
0.5482 +- -1.00 (1)
0.5657 +- -1.00 (1)
0.5262 +- -1.00 (1)
0.5263 +- -1.00 (1)
0.5487 +- -1.00 (1)
0.4944 +- -1.00 (1)
0.5235 +- -1.00 (1)
0.5002 +- -1.00 (1)
0.6065 +- -1.00 (1)
0.5388 +- -1.00 (1)
0.5221 +- -1.00 (1)
0.5578 +- -1.00 (1)
0.5590 +- -1.00 (1)
0.5473 +- -1.00 (1)
0.5289 +- -1.00 (1)
0.5394 +- -1.00 (1)
0.5421 +- -1.00 (1)
0.5217 +- -1.00 (1)
0.5442 +- -1.00 (1)
0.5086 +- -1.00 (1)
0.5219 +- -1.00 (1)
0.5711 +- -1.00 (1)
0.5168 +- -1.00 (1)
0.5522 +- -1.00 (1)
0.5170 +- -1.00 (1)
0.5564 +- -1.00 (1)
0.5405 +- -1.00 (1)
0.5223 +- -1.00 (1)
0.6832 +- -1.00 (1)
0.5311 +- -1.00 (1)
0.5274 +- -1.00 (1)
0.5857 +- -1.00 (1)
0.5769 +- -1.00 (1)
0.5914 +- -1.00 (1)
0.4477 +- -1.00 (1)
0.6426 +- -1.00 (1)
0.6168 +- -1.00 (1)
0.8039 +- -1.00 (1)
0.6358 +- -1.00 (1)
0.6838 +- -1.00 (1)
0.9299 +- -1.00 (1)
0.2600 +- -1.00 (1)
0.6107 +- -1.00 (1)
0.3246 +- -1.00 (1)
0.5860 +- -1.00 (1)
0.3969 +- -1.00 (1)
0.2696 +- -1.00 (1)
0.4787 +- -1.00 (1)
0.6096 +- -1.00 (1)
0.6285 +- -1.00 (1)
0.7027 +- -1.00 (1)
0.8893 +- -1.00 (1)
0.6378 +- -1.00 (1)
0.5566 +- -1.00 (1)
0.7270 +- -1.00 (1)
0.6840 +- -1.00 (1)
0.7314 +- -1.00 (1)
0.4461 +- -1.00 (1)
0.5590 +- -1.00 (1)
0.6416 +- -1.00 (1)
0.3778 +- -1.00 (1)
0.5747 +- -1.00 (1)
0.5773 +- -1.00 (1)
0.8123 +- -1.00 (1)
0.3384 +- -1.00 (1)
0.7432 +- -1.00 (1)
0.7073 +- -1.00 (1)
0.6757 +- -1.00 (1)
0.7411 +- -1.00 (1)
0.4729 +- -1.00 (1)
0.6827 +- -1.00 (1)
0.6484 +- -1.00 (1)
0.6109 +- -1.00 (1)
0.5300 +- -1.00 (1)
0.5240 +- -1.00 (1)
0.6908 +- -1.00 (1)
0.6548 +- -1.00 (1)
0.7641 +- -1.00 (1)
0.6897 +- -1.00 (1)
0.7046 +- -1.00 (1)
0.7563 +- -1.00 (1)
0.7352 +- -1.00 (1)
0.6236 +- -1.00 (1)
0.4941 +- -1.00 (1)
0.6619 +- -1.00 (1)
0.6182 +- -1.00 (1)
0.6530 +- -1.00 (1)
0.5994 +- -1.00 (1)
0.6395 +- -1.00 (1)
0.5817 +- -1.00 (1)
0.6742 +- -1.00 (1)
0.6684 +- -1.00 (1)
0.5362 +- -1.00 (1)
0.6663 +- -1.00 (1)
0.7566 +- -1.00 (1)
0.7032 +- -1.00 (1)
0.5853 +- -1.00 (1)
0.4632 +- -1.00 (1)
0.5524 +- -1.00 (1)
0.7294 +- -1.00 (1)
0.9231 +- -1.00 (1)
0.5560 +- -1.00 (1)
0.9028 +- -1.00 (1)
0.5613 +- -1.00 (1)
0.6944 +- -1.00 (1)
0.5316 +- -1.00 (1)
0.7686 +- -1.00 (1)
0.6430 +- -1.00 (1)
0.5068 +- -1.00 (1)
0.5952 +- -1.00 (1)
0.5719 +- -1.00 (1)
0.6637 +- -1.00 (1)
0.4501 +- -1.00 (1)
0.5838 +- -1.00 (1)
0.6817 +- -1.00 (1)
0.5634 +- -1.00 (1)
0.6259 +- -1.00 (1)
0.5255 +- -1.00 (1)
0.5647 +- -1.00 (1)
0.5202 +- -1.00 (1)
0.6806 +- -1.00 (1)
0.6778 +- -1.00 (1)
0.6361 +- -1.00 (1)
0.6262 +- -1.00 (1)
0.6803 +- -1.00 (1)
0.6539 +- -1.00 (1)
0.7545 +- -1.00 (1)
0.6385 +- -1.00 (1)
0.6869 +- -1.00 (1)
0.7572 +- -1.00 (1)
0.6188 +- -1.00 (1)
0.6094 +- -1.00 (1)
0.6733 +- -1.00 (1)
0.6061 +- -1.00 (1)
0.7127 +- -1.00 (1)
0.6016 +- -1.00 (1)
0.6767 +- -1.00 (1)
0.5771 +- -1.00 (1)
0.6046 +- -1.00 (1)
0.6731 +- -1.00 (1)
0.5870 +- -1.00 (1)
0.5613 +- -1.00 (1)
0.5114 +- -1.00 (1)
0.6206 +- -1.00 (1)
0.6716 +- -1.00 (1)
0.6062 +- -1.00 (1)
0.5612 +- -1.00 (1)
0.6124 +- -1.00 (1)
0.5832 +- -1.00 (1)
0.6107 +- -1.00 (1)
0.7245 +- -1.00 (1)
0.6363 +- -1.00 (1)
0.6125 +- -1.00 (1)
0.6261 +- -1.00 (1)
0.6894 +- -1.00 (1)
0.5766 +- -1.00 (1)
0.6562 +- -1.00 (1)
0.7666 +- -1.00 (1)
0.6721 +- -1.00 (1)
0.6054 +- -1.00 (1)
0.6428 +- -1.00 (1)
0.5811 +- -1.00 (1)
0.6699 +- -1.00 (1)
0.6304 +- -1.00 (1)
0.6836 +- -1.00 (1)
0.6131 +- -1.00 (1)
0.5084 +- -1.00 (1)
0.6104 +- -1.00 (1)
0.6073 +- -1.00 (1)
0.6530 +- -1.00 (1)
0.6445 +- -1.00 (1)
0.6718 +- -1.00 (1)
0.6073 +- -1.00 (1)
0.5485 +- -1.00 (1)
0.6109 +- -1.00 (1)
0.6310 +- -1.00 (1)
0.5457 +- -1.00 (1)
0.6827 +- -1.00 (1)
0.5065 +- -1.00 (1)
0.6023 +- -1.00 (1)
0.5829 +- -1.00 (1)
0.5535 +- -1.00 (1)
0.6795 +- -1.00 (1)
0.6360 +- -1.00 (1)
0.5629 +- -1.00 (1)
0.5700 +- -1.00 (1)
0.6073 +- -1.00 (1)
0.5870 +- -1.00 (1)
0.5592 +- -1.00 (1)
0.6651 +- -1.00 (1)
0.6409 +- -1.00 (1)
0.6032 +- -1.00 (1)
0.5735 +- -1.00 (1)
0.7085 +- -1.00 (1)
0.5061 +- -1.00 (1)
0.6449 +- -1.00 (1)
0.5673 +- -1.00 (1)
0.6688 +- -1.00 (1)
0.5678 +- -1.00 (1)
0.7059 +- -1.00 (1)
0.6586 +- -1.00 (1)
0.6344 +- -1.00 (1)
0.5886 +- -1.00 (1)
0.5799 +- -1.00 (1)
0.5604 +- -1.00 (1)
0.6903 +- -1.00 (1)
0.6396 +- -1.00 (1)
0.6090 +- -1.00 (1)
0.6255 +- -1.00 (1)
0.6355 +- -1.00 (1)
0.6525 +- -1.00 (1)
0.5405 +- -1.00 (1)
0.5700 +- -1.00 (1)
0.6953 +- -1.00 (1)
0.6120 +- -1.00 (1)
0.5389 +- -1.00 (1)
0.5893 +- -1.00 (1)
0.5679 +- -1.00 (1)
0.6155 +- -1.00 (1)
0.5768 +- -1.00 (1)
0.6015 +- -1.00 (1)
0.6159 +- -1.00 (1)
0.6429 +- -1.00 (1)
0.5828 +- -1.00 (1)
0.6380 +- -1.00 (1)
0.6468 +- -1.00 (1)
0.6437 +- -1.00 (1)
0.6111 +- -1.00 (1)
0.6331 +- -1.00 (1)
0.6382 +- -1.00 (1)
0.6614 +- -1.00 (1)
0.5516 +- -1.00 (1)
0.6782 +- -1.00 (1)
0.7156 +- -1.00 (1)
0.7100 +- -1.00 (1)
0.5525 +- -1.00 (1)
0.5766 +- -1.00 (1)
0.6464 +- -1.00 (1)
0.6956 +- -1.00 (1)
0.6053 +- -1.00 (1)
0.5789 +- -1.00 (1)
0.6113 +- -1.00 (1)
0.6832 +- -1.00 (1)
0.5843 +- -1.00 (1)
0.6166 +- -1.00 (1)
0.6331 +- -1.00 (1)
0.6075 +- -1.00 (1)
0.6278 +- -1.00 (1)
0.5578 +- -1.00 (1)
0.6285 +- -1.00 (1)
0.6418 +- -1.00 (1)
0.5902 +- -1.00 (1)
0.6699 +- -1.00 (1)
0.6274 +- -1.00 (1)
0.6793 +- -1.00 (1)
0.6294 +- -1.00 (1)
0.6414 +- -1.00 (1)
0.5924 +- -1.00 (1)
0.6053 +- -1.00 (1)
0.5984 +- -1.00 (1)
0.5565 +- -1.00 (1)
0.5738 +- -1.00 (1)
0.5520 +- -1.00 (1)
0.5754 +- -1.00 (1)
0.7270 +- -1.00 (1)
0.5929 +- -1.00 (1)
0.6096 +- -1.00 (1)
0.6151 +- -1.00 (1)
0.5883 +- -1.00 (1)
0.6107 +- -1.00 (1)
0.5991 +- -1.00 (1)
0.5771 +- -1.00 (1)
0.6269 +- -1.00 (1)
0.6231 +- -1.00 (1)
0.6058 +- -1.00 (1)
0.6514 +- -1.00 (1)
0.6649 +- -1.00 (1)
0.6363 +- -1.00 (1)
0.6460 +- -1.00 (1)
0.5937 +- -1.00 (1)
0.6769 +- -1.00 (1)
0.5511 +- -1.00 (1)
0.6102 +- -1.00 (1)
0.6256 +- -1.00 (1)
0.6137 +- -1.00 (1)
0.6888 +- -1.00 (1)
0.5662 +- -1.00 (1)
0.5606 +- -1.00 (1)
0.6517 +- -1.00 (1)
0.5642 +- -1.00 (1)
0.5978 +- -1.00 (1)
0.6485 +- -1.00 (1)
0.5550 +- -1.00 (1)
0.6924 +- -1.00 (1)
0.6908 +- -1.00 (1)
0.5509 +- -1.00 (1)
0.6347 +- -1.00 (1)
0.6174 +- -1.00 (1)
0.6240 +- -1.00 (1)
0.6077 +- -1.00 (1)
0.5909 +- -1.00 (1)
0.6704 +- -1.00 (1)
0.6508 +- -1.00 (1)
0.6050 +- -1.00 (1)
0.6251 +- -1.00 (1)
0.6370 +- -1.00 (1)
0.5879 +- -1.00 (1)
0.6129 +- -1.00 (1)
0.6059 +- -1.00 (1)
0.6074 +- -1.00 (1)
0.5773 +- -1.00 (1)
0.6000 +- -1.00 (1)
0.6068 +- -1.00 (1)
0.6701 +- -1.00 (1)
0.5930 +- -1.00 (1)
0.5391 +- -1.00 (1)
0.6101 +- -1.00 (1)
0.6147 +- -1.00 (1)
0.6414 +- -1.00 (1)
0.6197 +- -1.00 (1)
0.6278 +- -1.00 (1)
0.5770 +- -1.00 (1)
0.5824 +- -1.00 (1)
0.5914 +- -1.00 (1)
0.5877 +- -1.00 (1)
0.6393 +- -1.00 (1)
0.5588 +- -1.00 (1)
0.5964 +- -1.00 (1)
0.9594 +- -1.00 (1)
0.5972 +- -1.00 (1)
0.8511 +- -1.00 (1)
0.8985 +- -1.00 (1)
0.8513 +- -1.00 (1)
0.7871 +- -1.00 (1)
0.6586 +- -1.00 (1)
0.7218 +- -1.00 (1)
0.6555 +- -1.00 (1)
0.9573 +- -1.00 (1)
0.9406 +- -1.00 (1)
0.9576 +- -1.00 (1)
0.9404 +- -1.00 (1)
0.7047 +- -1.00 (1)
0.4980 +- -1.00 (1)
0.3498 +- -1.00 (1)
0.4496 +- -1.00 (1)
0.9512 +- -1.00 (1)
0.3236 +- -1.00 (1)
0.4844 +- -1.00 (1)
0.9715 +- -1.00 (1)
0.6246 +- -1.00 (1)
0.7890 +- -1.00 (1)
0.8004 +- -1.00 (1)
0.7296 +- -1.00 (1)
0.8021 +- -1.00 (1)
0.7015 +- -1.00 (1)
0.5725 +- -1.00 (1)
0.9004 +- -1.00 (1)
0.9857 +- -1.00 (1)
0.9683 +- -1.00 (1)
0.6383 +- -1.00 (1)
0.4459 +- -1.00 (1)
0.6032 +- -1.00 (1)
0.6601 +- -1.00 (1)
0.5847 +- -1.00 (1)
0.8932 +- -1.00 (1)
0.9632 +- -1.00 (1)
0.8265 +- -1.00 (1)
0.7948 +- -1.00 (1)
0.9220 +- -1.00 (1)
0.4487 +- -1.00 (1)
0.6458 +- -1.00 (1)
0.9879 +- -1.00 (1)
0.5316 +- -1.00 (1)
0.7999 +- -1.00 (1)
0.7254 +- -1.00 (1)
0.6956 +- -1.00 (1)
0.5953 +- -1.00 (1)
0.6892 +- -1.00 (1)
0.6784 +- -1.00 (1)
0.8792 +- -1.00 (1)
0.6605 +- -1.00 (1)
0.3506 +- -1.00 (1)
0.6660 +- -1.00 (1)
0.7104 +- -1.00 (1)
0.4530 +- -1.00 (1)
0.8069 +- -1.00 (1)
0.6015 +- -1.00 (1)
0.5993 +- -1.00 (1)
0.7587 +- -1.00 (1)
0.9099 +- -1.00 (1)
0.5693 +- -1.00 (1)
0.7681 +- -1.00 (1)
0.6557 +- -1.00 (1)
0.8252 +- -1.00 (1)
0.7277 +- -1.00 (1)
0.5828 +- -1.00 (1)
0.8820 +- -1.00 (1)
0.8894 +- -1.00 (1)
0.8799 +- -1.00 (1)
0.5534 +- -1.00 (1)
0.9422 +- -1.00 (1)
0.6923 +- -1.00 (1)
0.9843 +- -1.00 (1)
0.6398 +- -1.00 (1)
0.9281 +- -1.00 (1)
0.9701 +- -1.00 (1)
0.7485 +- -1.00 (1)
0.9834 +- -1.00 (1)
0.7800 +- -1.00 (1)
0.9137 +- -1.00 (1)
0.6337 +- -1.00 (1)
0.8293 +- -1.00 (1)
0.8490 +- -1.00 (1)
0.8283 +- -1.00 (1)
0.7530 +- -1.00 (1)
0.5906 +- -1.00 (1)
0.9068 +- -1.00 (1)
0.9022 +- -1.00 (1)
0.7393 +- -1.00 (1)
0.9099 +- -1.00 (1)
0.9839 +- -1.00 (1)
0.7361 +- -1.00 (1)
0.9558 +- -1.00 (1)
0.6920 +- -1.00 (1)
0.7520 +- -1.00 (1)
0.7641 +- -1.00 (1)
0.9139 +- -1.00 (1)
0.8197 +- -1.00 (1)
0.9837 +- -1.00 (1)
0.6812 +- -1.00 (1)
0.8557 +- -1.00 (1)
0.9028 +- -1.00 (1)
0.5242 +- -1.00 (1)
0.8834 +- -1.00 (1)
0.6939 +- -1.00 (1)
0.6814 +- -1.00 (1)
0.8154 +- -1.00 (1)
0.8284 +- -1.00 (1)
0.6030 +- -1.00 (1)
0.7973 +- -1.00 (1)
0.8114 +- -1.00 (1)
0.7830 +- -1.00 (1)
0.8417 +- -1.00 (1)
0.8595 +- -1.00 (1)
0.7435 +- -1.00 (1)
0.5506 +- -1.00 (1)
0.6480 +- -1.00 (1)
0.6575 +- -1.00 (1)
0.6596 +- -1.00 (1)
0.8102 +- -1.00 (1)
0.6443 +- -1.00 (1)
0.8768 +- -1.00 (1)
0.7698 +- -1.00 (1)
0.6632 +- -1.00 (1)
0.6480 +- -1.00 (1)
0.6472 +- -1.00 (1)
0.6325 +- -1.00 (1)
0.8858 +- -1.00 (1)
0.7983 +- -1.00 (1)
0.8050 +- -1.00 (1)
0.8619 +- -1.00 (1)
0.6994 +- -1.00 (1)
0.7611 +- -1.00 (1)
0.6943 +- -1.00 (1)
0.5742 +- -1.00 (1)
0.7892 +- -1.00 (1)
0.8628 +- -1.00 (1)
0.7522 +- -1.00 (1)
0.8338 +- -1.00 (1)
0.9160 +- -1.00 (1)
0.8488 +- -1.00 (1)
0.7592 +- -1.00 (1)
0.8644 +- -1.00 (1)
0.6705 +- -1.00 (1)
0.7253 +- -1.00 (1)
0.5814 +- -1.00 (1)
0.6740 +- -1.00 (1)
0.7564 +- -1.00 (1)
0.4320 +- -1.00 (1)
0.8412 +- -1.00 (1)
0.6385 +- -1.00 (1)
0.8429 +- -1.00 (1)
0.8109 +- -1.00 (1)
0.6928 +- -1.00 (1)
0.8826 +- -1.00 (1)
0.9090 +- -1.00 (1)
0.6388 +- -1.00 (1)
0.7414 +- -1.00 (1)
0.7063 +- -1.00 (1)
0.7880 +- -1.00 (1)
0.7476 +- -1.00 (1)
0.6840 +- -1.00 (1)
0.7371 +- -1.00 (1)
0.7210 +- -1.00 (1)
0.7549 +- -1.00 (1)
0.8840 +- -1.00 (1)
0.6808 +- -1.00 (1)
0.7744 +- -1.00 (1)
0.7136 +- -1.00 (1)
0.9139 +- -1.00 (1)
0.7954 +- -1.00 (1)
0.8710 +- -1.00 (1)
0.6631 +- -1.00 (1)
0.8230 +- -1.00 (1)
0.7659 +- -1.00 (1)
0.7623 +- -1.00 (1)
0.6099 +- -1.00 (1)
0.6906 +- -1.00 (1)
0.8666 +- -1.00 (1)
0.8014 +- -1.00 (1)
0.9131 +- -1.00 (1)
0.8276 +- -1.00 (1)
0.6799 +- -1.00 (1)
0.7589 +- -1.00 (1)
0.7329 +- -1.00 (1)
0.7475 +- -1.00 (1)
0.6831 +- -1.00 (1)
0.8527 +- -1.00 (1)
0.6693 +- -1.00 (1)
0.8931 +- -1.00 (1)
0.8859 +- -1.00 (1)
0.8300 +- -1.00 (1)
0.6784 +- -1.00 (1)
0.7825 +- -1.00 (1)
0.8314 +- -1.00 (1)
0.7283 +- -1.00 (1)
0.7041 +- -1.00 (1)
0.7483 +- -1.00 (1)
0.7412 +- -1.00 (1)
0.7475 +- -1.00 (1)
0.8030 +- -1.00 (1)
0.7295 +- -1.00 (1)
0.6441 +- -1.00 (1)
0.7083 +- -1.00 (1)
0.7434 +- -1.00 (1)
0.6112 +- -1.00 (1)
0.6107 +- -1.00 (1)
0.7235 +- -1.00 (1)
0.7529 +- -1.00 (1)
0.8497 +- -1.00 (1)
0.7383 +- -1.00 (1)
0.8523 +- -1.00 (1)
0.7994 +- -1.00 (1)
0.7112 +- -1.00 (1)
0.7755 +- -1.00 (1)
0.8611 +- -1.00 (1)
0.7104 +- -1.00 (1)
0.6826 +- -1.00 (1)
0.6248 +- -1.00 (1)
0.7777 +- -1.00 (1)
0.7841 +- -1.00 (1)
0.7368 +- -1.00 (1)
0.6798 +- -1.00 (1)
0.6874 +- -1.00 (1)
0.7436 +- -1.00 (1)
0.7454 +- -1.00 (1)
0.6797 +- -1.00 (1)
0.6898 +- -1.00 (1)
0.7463 +- -1.00 (1)
0.7910 +- -1.00 (1)
0.7335 +- -1.00 (1)
0.7638 +- -1.00 (1)
0.7986 +- -1.00 (1)
0.6513 +- -1.00 (1)
0.7273 +- -1.00 (1)
0.7256 +- -1.00 (1)
0.8519 +- -1.00 (1)
0.6644 +- -1.00 (1)
0.7736 +- -1.00 (1)
0.7169 +- -1.00 (1)
0.7475 +- -1.00 (1)
0.8005 +- -1.00 (1)
0.7453 +- -1.00 (1)
0.6527 +- -1.00 (1)
0.8088 +- -1.00 (1)
0.7580 +- -1.00 (1)
0.7189 +- -1.00 (1)
0.7486 +- -1.00 (1)
0.8001 +- -1.00 (1)
0.8109 +- -1.00 (1)
0.6542 +- -1.00 (1)
0.7283 +- -1.00 (1)
0.7170 +- -1.00 (1)
0.6260 +- -1.00 (1)
0.6727 +- -1.00 (1)
0.6963 +- -1.00 (1)
0.8313 +- -1.00 (1)
0.8150 +- -1.00 (1)
0.7724 +- -1.00 (1)
0.8042 +- -1.00 (1)
0.7776 +- -1.00 (1)
0.7566 +- -1.00 (1)
0.7457 +- -1.00 (1)
0.8799 +- -1.00 (1)
0.6634 +- -1.00 (1)
0.7515 +- -1.00 (1)
0.8031 +- -1.00 (1)
0.7696 +- -1.00 (1)
0.8345 +- -1.00 (1)
0.9022 +- -1.00 (1)
0.7109 +- -1.00 (1)
0.7494 +- -1.00 (1)
0.6538 +- -1.00 (1)
0.7117 +- -1.00 (1)
0.9012 +- -1.00 (1)
0.6646 +- -1.00 (1)
0.7861 +- -1.00 (1)
0.6860 +- -1.00 (1)
0.6696 +- -1.00 (1)
0.7037 +- -1.00 (1)
0.8671 +- -1.00 (1)
0.6587 +- -1.00 (1)
0.7296 +- -1.00 (1)
0.8441 +- -1.00 (1)
0.8161 +- -1.00 (1)
0.7551 +- -1.00 (1)
0.7568 +- -1.00 (1)
0.7326 +- -1.00 (1)
0.7837 +- -1.00 (1)
0.7849 +- -1.00 (1)
0.6567 +- -1.00 (1)
0.7981 +- -1.00 (1)
0.7651 +- -1.00 (1)
0.7509 +- -1.00 (1)
0.7225 +- -1.00 (1)
0.7722 +- -1.00 (1)
0.7302 +- -1.00 (1)
0.8062 +- -1.00 (1)
0.9626 +- -1.00 (1)
0.7638 +- -1.00 (1)
0.8873 +- -1.00 (1)
0.8472 +- -1.00 (1)
0.9658 +- -1.00 (1)
0.9734 +- -1.00 (1)
0.7908 +- -1.00 (1)
0.8420 +- -1.00 (1)
0.9347 +- -1.00 (1)
0.8330 +- -1.00 (1)
0.9302 +- -1.00 (1)
0.8633 +- -1.00 (1)
0.9651 +- -1.00 (1)
0.9107 +- -1.00 (1)
0.8946 +- -1.00 (1)
0.7727 +- -1.00 (1)
0.5909 +- -1.00 (1)
0.9590 +- -1.00 (1)
0.6315 +- -1.00 (1)
0.9597 +- -1.00 (1)
0.9346 +- -1.00 (1)
0.9349 +- -1.00 (1)
0.9162 +- -1.00 (1)
0.8977 +- -1.00 (1)
0.9776 +- -1.00 (1)
0.9774 +- -1.00 (1)
0.8849 +- -1.00 (1)
0.9825 +- -1.00 (1)
0.9720 +- -1.00 (1)
0.9722 +- -1.00 (1)
0.9655 +- -1.00 (1)
0.9761 +- -1.00 (1)
0.9747 +- -1.00 (1)
0.8993 +- -1.00 (1)
0.9778 +- -1.00 (1)
0.8981 +- -1.00 (1)
0.9823 +- -1.00 (1)
0.9560 +- -1.00 (1)
0.9795 +- -1.00 (1)
0.9799 +- -1.00 (1)
0.8045 +- -1.00 (1)
0.9632 +- -1.00 (1)
0.9823 +- -1.00 (1)
0.9728 +- -1.00 (1)
0.9752 +- -1.00 (1)
0.9819 +- -1.00 (1)
0.9858 +- -1.00 (1)
0.9835 +- -1.00 (1)
0.9789 +- -1.00 (1)
0.9820 +- -1.00 (1)
0.9801 +- -1.00 (1)
0.9810 +- -1.00 (1)
0.9829 +- -1.00 (1)
0.9578 +- -1.00 (1)
0.9816 +- -1.00 (1)
0.9761 +- -1.00 (1)
0.9680 +- -1.00 (1)
0.8716 +- -1.00 (1)
0.8777 +- -1.00 (1)
0.9809 +- -1.00 (1)
0.9789 +- -1.00 (1)
0.9826 +- -1.00 (1)
0.9806 +- -1.00 (1)
0.9841 +- -1.00 (1)
0.9805 +- -1.00 (1)
0.9780 +- -1.00 (1)
0.9851 +- -1.00 (1)
0.9789 +- -1.00 (1)
0.9709 +- -1.00 (1)
0.9783 +- -1.00 (1)
0.9747 +- -1.00 (1)
0.9784 +- -1.00 (1)
0.9860 +- -1.00 (1)
0.9787 +- -1.00 (1)
0.9838 +- -1.00 (1)
0.9837 +- -1.00 (1)
0.9819 +- -1.00 (1)
0.9717 +- -1.00 (1)
0.9866 +- -1.00 (1)
0.9483 +- -1.00 (1)
0.9848 +- -1.00 (1)
0.9838 +- -1.00 (1)
0.9796 +- -1.00 (1)
0.9835 +- -1.00 (1)
0.9811 +- -1.00 (1)
0.9792 +- -1.00 (1)
0.9827 +- -1.00 (1)
0.9725 +- -1.00 (1)
0.9822 +- -1.00 (1)
0.9780 +- -1.00 (1)
0.9818 +- -1.00 (1)
0.9792 +- -1.00 (1)
0.9864 +- -1.00 (1)
0.9803 +- -1.00 (1)
0.9743 +- -1.00 (1)
0.9829 +- -1.00 (1)
0.9810 +- -1.00 (1)
0.9764 +- -1.00 (1)
0.9851 +- -1.00 (1)
0.9861 +- -1.00 (1)
0.9855 +- -1.00 (1)
0.9838 +- -1.00 (1)
0.9801 +- -1.00 (1)
0.9820 +- -1.00 (1)
0.9853 +- -1.00 (1)
0.9783 +- -1.00 (1)
0.9861 +- -1.00 (1)
0.9757 +- -1.00 (1)
0.9807 +- -1.00 (1)
0.9848 +- -1.00 (1)
0.9810 +- -1.00 (1)
0.9829 +- -1.00 (1)
0.9911 +- -1.00 (1)
0.9866 +- -1.00 (1)
0.9873 +- -1.00 (1)
0.9811 +- -1.00 (1)
0.8872 +- -1.00 (1)
0.9689 +- -1.00 (1)
0.9844 +- -1.00 (1)
0.9834 +- -1.00 (1)
0.9749 +- -1.00 (1)
0.9682 +- -1.00 (1)
0.9796 +- -1.00 (1)
0.9846 +- -1.00 (1)
0.9850 +- -1.00 (1)
0.9784 +- -1.00 (1)
0.9808 +- -1.00 (1)
0.9803 +- -1.00 (1)
0.9861 +- -1.00 (1)
0.9827 +- -1.00 (1)
0.9798 +- -1.00 (1)
0.9858 +- -1.00 (1)
0.9813 +- -1.00 (1)
0.9777 +- -1.00 (1)
0.9867 +- -1.00 (1)
0.9774 +- -1.00 (1)
0.9826 +- -1.00 (1)
0.9750 +- -1.00 (1)
0.9851 +- -1.00 (1)
0.9812 +- -1.00 (1)
0.9726 +- -1.00 (1)
0.9740 +- -1.00 (1)
0.9699 +- -1.00 (1)
0.9745 +- -1.00 (1)
0.9639 +- -1.00 (1)
0.9750 +- -1.00 (1)
0.9717 +- -1.00 (1)
0.9707 +- -1.00 (1)
0.9665 +- -1.00 (1)
0.9783 +- -1.00 (1)
0.9696 +- -1.00 (1)
0.9731 +- -1.00 (1)
0.9791 +- -1.00 (1)
0.9722 +- -1.00 (1)
0.9791 +- -1.00 (1)
0.9689 +- -1.00 (1)
0.9746 +- -1.00 (1)
0.9773 +- -1.00 (1)
0.9796 +- -1.00 (1)
0.9755 +- -1.00 (1)
0.9774 +- -1.00 (1)
0.9747 +- -1.00 (1)
0.9705 +- -1.00 (1)
0.9655 +- -1.00 (1)
0.9722 +- -1.00 (1)
0.9784 +- -1.00 (1)
0.9739 +- -1.00 (1)
0.9737 +- -1.00 (1)
0.9698 +- -1.00 (1)
0.9739 +- -1.00 (1)
0.9742 +- -1.00 (1)
0.9724 +- -1.00 (1)
0.9724 +- -1.00 (1)
0.9761 +- -1.00 (1)
0.9705 +- -1.00 (1)
0.9711 +- -1.00 (1)
0.9758 +- -1.00 (1)
0.9761 +- -1.00 (1)
0.9776 +- -1.00 (1)
0.9758 +- -1.00 (1)
0.9602 +- -1.00 (1)
0.9764 +- -1.00 (1)
0.9730 +- -1.00 (1)
0.9743 +- -1.00 (1)
0.9775 +- -1.00 (1)
0.9712 +- -1.00 (1)
0.9745 +- -1.00 (1)
0.9787 +- -1.00 (1)
0.9692 +- -1.00 (1)
0.9714 +- -1.00 (1)
0.9731 +- -1.00 (1)
0.9754 +- -1.00 (1)
0.9722 +- -1.00 (1)
0.9664 +- -1.00 (1)
0.9745 +- -1.00 (1)
0.9749 +- -1.00 (1)
0.9730 +- -1.00 (1)
0.9739 +- -1.00 (1)
0.9793 +- -1.00 (1)
0.9737 +- -1.00 (1)
0.9731 +- -1.00 (1)
0.9729 +- -1.00 (1)
0.9749 +- -1.00 (1)
0.9728 +- -1.00 (1)
0.9563 +- -1.00 (1)
0.9749 +- -1.00 (1)
0.9754 +- -1.00 (1)
0.9758 +- -1.00 (1)
0.9712 +- -1.00 (1)
0.9761 +- -1.00 (1)
0.9727 +- -1.00 (1)
0.9720 +- -1.00 (1)
0.9617 +- -1.00 (1)
0.9608 +- -1.00 (1)
0.9708 +- -1.00 (1)
0.9708 +- -1.00 (1)
0.9734 +- -1.00 (1)
0.9754 +- -1.00 (1)
0.9687 +- -1.00 (1)
0.9721 +- -1.00 (1)
0.9688 +- -1.00 (1)
0.9747 +- -1.00 (1)
0.9697 +- -1.00 (1)
0.9713 +- -1.00 (1)
0.9709 +- -1.00 (1)
0.9669 +- -1.00 (1)
0.9698 +- -1.00 (1)
0.9699 +- -1.00 (1)
0.9714 +- -1.00 (1)
0.9689 +- -1.00 (1)
0.9776 +- -1.00 (1)
0.9714 +- -1.00 (1)
0.9732 +- -1.00 (1)
0.9740 +- -1.00 (1)
0.9728 +- -1.00 (1)
0.9712 +- -1.00 (1)
0.9695 +- -1.00 (1)
0.9744 +- -1.00 (1)
0.9706 +- -1.00 (1)
0.9739 +- -1.00 (1)
0.9694 +- -1.00 (1)
0.9710 +- -1.00 (1)
0.9671 +- -1.00 (1)
0.9693 +- -1.00 (1)
0.9702 +- -1.00 (1)
0.9681 +- -1.00 (1)
0.9634 +- -1.00 (1)
0.9680 +- -1.00 (1)
0.9649 +- -1.00 (1)
0.9717 +- -1.00 (1)
0.9748 +- -1.00 (1)
0.9765 +- -1.00 (1)
0.9751 +- -1.00 (1)
0.9721 +- -1.00 (1)
0.9734 +- -1.00 (1)
0.9702 +- -1.00 (1)
0.9725 +- -1.00 (1)
0.9694 +- -1.00 (1)
0.9778 +- -1.00 (1)
0.9681 +- -1.00 (1)
0.9654 +- -1.00 (1)
0.9630 +- -1.00 (1)
0.9706 +- -1.00 (1)
0.9685 +- -1.00 (1)
0.9723 +- -1.00 (1)
0.9672 +- -1.00 (1)
0.9669 +- -1.00 (1)
0.9696 +- -1.00 (1)
0.9655 +- -1.00 (1)
0.9748 +- -1.00 (1)
0.9652 +- -1.00 (1)
0.9702 +- -1.00 (1)
0.9712 +- -1.00 (1)
0.9662 +- -1.00 (1)
0.9643 +- -1.00 (1)
0.9692 +- -1.00 (1)
0.9717 +- -1.00 (1)
0.9675 +- -1.00 (1)
0.9716 +- -1.00 (1)
0.9698 +- -1.00 (1)
0.9658 +- -1.00 (1)
0.9640 +- -1.00 (1)
0.9675 +- -1.00 (1)
0.9715 +- -1.00 (1)
0.9691 +- -1.00 (1)
0.9689 +- -1.00 (1)
0.9669 +- -1.00 (1)
0.9615 +- -1.00 (1)
0.9647 +- -1.00 (1)
0.9752 +- -1.00 (1)
0.9708 +- -1.00 (1)
0.9695 +- -1.00 (1)
0.9643 +- -1.00 (1)
0.9757 +- -1.00 (1)
0.9723 +- -1.00 (1)
0.9706 +- -1.00 (1)
0.9661 +- -1.00 (1)
0.9718 +- -1.00 (1)
0.9742 +- -1.00 (1)
0.9745 +- -1.00 (1)
0.8384 +- -1.00 (1)
0.9809 +- -1.00 (1)
0.7535 +- -1.00 (1)
0.9352 +- -1.00 (1)
0.7706 +- -1.00 (1)
0.9670 +- -1.00 (1)
0.9335 +- -1.00 (1)
0.9881 +- -1.00 (1)
0.6809 +- -1.00 (1)
0.9568 +- -1.00 (1)
0.7911 +- -1.00 (1)
0.9619 +- -1.00 (1)
0.6963 +- -1.00 (1)
0.9190 +- -1.00 (1)
0.7931 +- -1.00 (1)
0.9769 +- -1.00 (1)
0.8075 +- -1.00 (1)
0.5579 +- -1.00 (1)
0.8022 +- -1.00 (1)
0.6927 +- -1.00 (1)
0.9415 +- -1.00 (1)
0.9747 +- -1.00 (1)
0.9130 +- -1.00 (1)
0.9868 +- -1.00 (1)
0.9670 +- -1.00 (1)
0.7615 +- -1.00 (1)
0.9842 +- -1.00 (1)
0.9257 +- -1.00 (1)
0.9739 +- -1.00 (1)
0.8496 +- -1.00 (1)
0.7082 +- -1.00 (1)
0.9680 +- -1.00 (1)
0.9794 +- -1.00 (1)
0.9697 +- -1.00 (1)
0.8826 +- -1.00 (1)
0.9496 +- -1.00 (1)
0.9237 +- -1.00 (1)
0.9690 +- -1.00 (1)
0.9800 +- -1.00 (1)
0.9440 +- -1.00 (1)
0.9696 +- -1.00 (1)
0.9734 +- -1.00 (1)
0.9723 +- -1.00 (1)
0.7492 +- -1.00 (1)
0.9748 +- -1.00 (1)
0.9791 +- -1.00 (1)
0.9812 +- -1.00 (1)
0.9037 +- -1.00 (1)
0.9606 +- -1.00 (1)
0.9819 +- -1.00 (1)
0.9817 +- -1.00 (1)
0.9785 +- -1.00 (1)
0.9852 +- -1.00 (1)
0.9805 +- -1.00 (1)
0.9815 +- -1.00 (1)
0.9814 +- -1.00 (1)
0.9695 +- -1.00 (1)
0.9743 +- -1.00 (1)
0.9139 +- -1.00 (1)
0.9808 +- -1.00 (1)
0.9496 +- -1.00 (1)
0.9799 +- -1.00 (1)
0.9807 +- -1.00 (1)
0.9822 +- -1.00 (1)
0.9782 +- -1.00 (1)
0.9803 +- -1.00 (1)
0.9739 +- -1.00 (1)
0.9772 +- -1.00 (1)
0.9761 +- -1.00 (1)
0.9820 +- -1.00 (1)
0.9809 +- -1.00 (1)
0.7966 +- -1.00 (1)
0.9889 +- -1.00 (1)
0.9781 +- -1.00 (1)
0.9836 +- -1.00 (1)
0.9830 +- -1.00 (1)
0.9720 +- -1.00 (1)
0.9292 +- -1.00 (1)
0.9876 +- -1.00 (1)
0.9798 +- -1.00 (1)
0.9763 +- -1.00 (1)
0.9803 +- -1.00 (1)
0.9756 +- -1.00 (1)
0.9826 +- -1.00 (1)
0.9844 +- -1.00 (1)
0.9847 +- -1.00 (1)
0.9841 +- -1.00 (1)
0.9768 +- -1.00 (1)
0.9771 +- -1.00 (1)
0.9813 +- -1.00 (1)
0.9764 +- -1.00 (1)
0.9758 +- -1.00 (1)
0.9842 +- -1.00 (1)
0.9821 +- -1.00 (1)
0.9864 +- -1.00 (1)
0.9816 +- -1.00 (1)
0.9810 +- -1.00 (1)
0.9752 +- -1.00 (1)
0.9844 +- -1.00 (1)
0.9817 +- -1.00 (1)
0.9776 +- -1.00 (1)
0.9869 +- -1.00 (1)
0.9796 +- -1.00 (1)
0.9832 +- -1.00 (1)
0.9872 +- -1.00 (1)
0.9832 +- -1.00 (1)
0.9776 +- -1.00 (1)
0.9757 +- -1.00 (1)
0.9793 +- -1.00 (1)
0.9775 +- -1.00 (1)
0.8226 +- -1.00 (1)
0.9819 +- -1.00 (1)
0.9847 +- -1.00 (1)
0.9733 +- -1.00 (1)
0.9871 +- -1.00 (1)
0.9809 +- -1.00 (1)
0.9816 +- -1.00 (1)
0.9713 +- -1.00 (1)
0.9849 +- -1.00 (1)
0.9842 +- -1.00 (1)
0.9850 +- -1.00 (1)
0.9767 +- -1.00 (1)
0.9822 +- -1.00 (1)
0.9855 +- -1.00 (1)
0.9810 +- -1.00 (1)
0.9817 +- -1.00 (1)
0.9809 +- -1.00 (1)
0.9792 +- -1.00 (1)
0.9815 +- -1.00 (1)
0.9798 +- -1.00 (1)
0.9828 +- -1.00 (1)
0.9860 +- -1.00 (1)
0.9738 +- -1.00 (1)
0.9783 +- -1.00 (1)
0.9874 +- -1.00 (1)
0.9799 +- -1.00 (1)
0.9815 +- -1.00 (1)
0.9788 +- -1.00 (1)
0.9794 +- -1.00 (1)
0.9837 +- -1.00 (1)
0.9797 +- -1.00 (1)
0.9739 +- -1.00 (1)
0.9686 +- -1.00 (1)
0.9721 +- -1.00 (1)
0.9755 +- -1.00 (1)
0.9760 +- -1.00 (1)
0.9731 +- -1.00 (1)
0.9629 +- -1.00 (1)
0.9648 +- -1.00 (1)
0.9738 +- -1.00 (1)
0.9761 +- -1.00 (1)
0.9724 +- -1.00 (1)
0.9772 +- -1.00 (1)
0.9748 +- -1.00 (1)
0.9740 +- -1.00 (1)
0.9653 +- -1.00 (1)
0.9622 +- -1.00 (1)
0.9772 +- -1.00 (1)
0.9632 +- -1.00 (1)
0.9681 +- -1.00 (1)
0.8462 +- -1.00 (1)
0.9738 +- -1.00 (1)
0.9743 +- -1.00 (1)
0.9781 +- -1.00 (1)
0.9740 +- -1.00 (1)
0.9742 +- -1.00 (1)
0.9770 +- -1.00 (1)
0.9722 +- -1.00 (1)
0.9687 +- -1.00 (1)
0.9705 +- -1.00 (1)
0.9736 +- -1.00 (1)
0.9735 +- -1.00 (1)
0.9630 +- -1.00 (1)
0.9777 +- -1.00 (1)
0.9693 +- -1.00 (1)
0.9724 +- -1.00 (1)
0.9711 +- -1.00 (1)
0.9722 +- -1.00 (1)
0.9806 +- -1.00 (1)
0.9735 +- -1.00 (1)
0.9738 +- -1.00 (1)
0.9731 +- -1.00 (1)
0.9576 +- -1.00 (1)
0.9769 +- -1.00 (1)
0.9743 +- -1.00 (1)
0.9709 +- -1.00 (1)
0.9771 +- -1.00 (1)
0.9766 +- -1.00 (1)
0.9715 +- -1.00 (1)
0.9537 +- -1.00 (1)
0.9705 +- -1.00 (1)
0.9752 +- -1.00 (1)
0.9662 +- -1.00 (1)
0.9734 +- -1.00 (1)
0.9784 +- -1.00 (1)
0.9754 +- -1.00 (1)
0.9733 +- -1.00 (1)
0.9730 +- -1.00 (1)
0.9769 +- -1.00 (1)
0.9758 +- -1.00 (1)
0.9722 +- -1.00 (1)
0.9700 +- -1.00 (1)
0.9594 +- -1.00 (1)
0.9701 +- -1.00 (1)
0.9762 +- -1.00 (1)
0.9719 +- -1.00 (1)
0.9750 +- -1.00 (1)
0.9685 +- -1.00 (1)
0.9703 +- -1.00 (1)
0.9722 +- -1.00 (1)
0.9687 +- -1.00 (1)
0.9770 +- -1.00 (1)
0.9699 +- -1.00 (1)
0.9719 +- -1.00 (1)
0.9692 +- -1.00 (1)
0.9760 +- -1.00 (1)
0.9651 +- -1.00 (1)
0.9745 +- -1.00 (1)
0.9744 +- -1.00 (1)
0.9710 +- -1.00 (1)
0.9701 +- -1.00 (1)
0.9728 +- -1.00 (1)
0.9698 +- -1.00 (1)
0.9715 +- -1.00 (1)
0.9719 +- -1.00 (1)
0.9724 +- -1.00 (1)
0.9683 +- -1.00 (1)
0.9667 +- -1.00 (1)
0.9603 +- -1.00 (1)
0.9715 +- -1.00 (1)
0.9704 +- -1.00 (1)
0.9775 +- -1.00 (1)
0.9668 +- -1.00 (1)
0.9693 +- -1.00 (1)
0.9706 +- -1.00 (1)
0.9714 +- -1.00 (1)
0.9711 +- -1.00 (1)
0.9711 +- -1.00 (1)
0.9637 +- -1.00 (1)
0.9720 +- -1.00 (1)
0.9695 +- -1.00 (1)
0.9721 +- -1.00 (1)
0.9623 +- -1.00 (1)
0.9653 +- -1.00 (1)
0.9645 +- -1.00 (1)
0.9717 +- -1.00 (1)
0.9699 +- -1.00 (1)
0.9697 +- -1.00 (1)
0.9674 +- -1.00 (1)
0.9721 +- -1.00 (1)
0.9759 +- -1.00 (1)
0.9735 +- -1.00 (1)
0.9777 +- -1.00 (1)
0.9690 +- -1.00 (1)
0.9763 +- -1.00 (1)
0.9578 +- -1.00 (1)
0.9701 +- -1.00 (1)
0.9712 +- -1.00 (1)
0.9754 +- -1.00 (1)
0.9703 +- -1.00 (1)
0.9675 +- -1.00 (1)
0.9675 +- -1.00 (1)
0.9585 +- -1.00 (1)
0.9715 +- -1.00 (1)
0.9686 +- -1.00 (1)
0.9606 +- -1.00 (1)
0.9715 +- -1.00 (1)
0.9662 +- -1.00 (1)
0.9643 +- -1.00 (1)
0.9527 +- -1.00 (1)
0.9695 +- -1.00 (1)
0.9690 +- -1.00 (1)
0.9662 +- -1.00 (1)
0.9672 +- -1.00 (1)
0.9667 +- -1.00 (1)
0.9664 +- -1.00 (1)
0.9485 +- -1.00 (1)
0.9701 +- -1.00 (1)
0.9733 +- -1.00 (1)
0.9738 +- -1.00 (1)
0.9724 +- -1.00 (1)
0.9586 +- -1.00 (1)
0.9678 +- -1.00 (1)
0.9705 +- -1.00 (1)
0.9732 +- -1.00 (1)
0.9558 +- -1.00 (1)
0.9704 +- -1.00 (1)
0.9630 +- -1.00 (1)
0.9691 +- -1.00 (1)
0.9762 +- -1.00 (1)
0.9644 +- -1.00 (1)
0.9681 +- -1.00 (1)
0.9700 +- -1.00 (1)
0.9718 +- -1.00 (1)
0.9691 +- -1.00 (1)
0.9594 +- -1.00 (1)
0.9698 +- -1.00 (1)
0.9540 +- -1.00 (1)
0.9721 +- -1.00 (1)
0.9670 +- -1.00 (1)
0.9058 +- -1.00 (1)
0.6359 +- -1.00 (1)
0.9573 +- -1.00 (1)
0.4688 +- -1.00 (1)
0.9556 +- -1.00 (1)
0.9671 +- -1.00 (1)
0.9340 +- -1.00 (1)
0.8391 +- -1.00 (1)
0.7666 +- -1.00 (1)
0.6270 +- -1.00 (1)
0.9458 +- -1.00 (1)
0.9621 +- -1.00 (1)
0.9763 +- -1.00 (1)
0.9272 +- -1.00 (1)
0.8264 +- -1.00 (1)
0.9702 +- -1.00 (1)
0.9765 +- -1.00 (1)
0.9432 +- -1.00 (1)
0.6479 +- -1.00 (1)
0.8248 +- -1.00 (1)
0.9719 +- -1.00 (1)
0.8208 +- -1.00 (1)
0.9722 +- -1.00 (1)
0.9848 +- -1.00 (1)
0.9638 +- -1.00 (1)
0.9799 +- -1.00 (1)
0.9299 +- -1.00 (1)
0.9831 +- -1.00 (1)
0.9804 +- -1.00 (1)
0.6563 +- -1.00 (1)
0.7532 +- -1.00 (1)
0.9724 +- -1.00 (1)
0.9765 +- -1.00 (1)
0.9630 +- -1.00 (1)
0.9780 +- -1.00 (1)
0.8438 +- -1.00 (1)
0.9698 +- -1.00 (1)
0.8293 +- -1.00 (1)
0.9775 +- -1.00 (1)
0.9475 +- -1.00 (1)
0.9211 +- -1.00 (1)
0.8874 +- -1.00 (1)
0.9676 +- -1.00 (1)
0.9889 +- -1.00 (1)
0.9763 +- -1.00 (1)
0.9822 +- -1.00 (1)
0.9839 +- -1.00 (1)
0.9796 +- -1.00 (1)
0.9787 +- -1.00 (1)
0.9809 +- -1.00 (1)
0.9806 +- -1.00 (1)
0.9824 +- -1.00 (1)
0.9862 +- -1.00 (1)
0.9755 +- -1.00 (1)
0.9789 +- -1.00 (1)
0.9774 +- -1.00 (1)
0.9763 +- -1.00 (1)
0.8856 +- -1.00 (1)
0.9784 +- -1.00 (1)
0.9798 +- -1.00 (1)
0.9824 +- -1.00 (1)
0.9826 +- -1.00 (1)
0.9050 +- -1.00 (1)
0.9818 +- -1.00 (1)
0.9805 +- -1.00 (1)
0.9824 +- -1.00 (1)
0.9833 +- -1.00 (1)
0.9772 +- -1.00 (1)
0.9788 +- -1.00 (1)
0.9816 +- -1.00 (1)
0.9831 +- -1.00 (1)
0.9753 +- -1.00 (1)
0.9599 +- -1.00 (1)
0.9633 +- -1.00 (1)
0.9811 +- -1.00 (1)
0.9847 +- -1.00 (1)
0.9684 +- -1.00 (1)
0.9716 +- -1.00 (1)
0.9842 +- -1.00 (1)
0.9787 +- -1.00 (1)
0.8744 +- -1.00 (1)
0.9108 +- -1.00 (1)
0.9827 +- -1.00 (1)
0.9878 +- -1.00 (1)
0.9148 +- -1.00 (1)
0.9794 +- -1.00 (1)
0.9786 +- -1.00 (1)
0.9653 +- -1.00 (1)
0.9817 +- -1.00 (1)
0.9828 +- -1.00 (1)
0.9827 +- -1.00 (1)
0.9782 +- -1.00 (1)
0.9853 +- -1.00 (1)
0.9780 +- -1.00 (1)
0.9873 +- -1.00 (1)
0.9863 +- -1.00 (1)
0.9799 +- -1.00 (1)
0.9708 +- -1.00 (1)
0.9796 +- -1.00 (1)
0.9833 +- -1.00 (1)
0.9815 +- -1.00 (1)
0.9817 +- -1.00 (1)
0.9782 +- -1.00 (1)
0.9851 +- -1.00 (1)
0.9857 +- -1.00 (1)
0.9818 +- -1.00 (1)
0.9825 +- -1.00 (1)
0.9812 +- -1.00 (1)
0.9800 +- -1.00 (1)
0.9749 +- -1.00 (1)
0.9830 +- -1.00 (1)
0.9822 +- -1.00 (1)
0.9875 +- -1.00 (1)
0.9600 +- -1.00 (1)
0.9779 +- -1.00 (1)
0.9801 +- -1.00 (1)
0.9817 +- -1.00 (1)
0.9768 +- -1.00 (1)
0.9837 +- -1.00 (1)
0.9827 +- -1.00 (1)
0.9809 +- -1.00 (1)
0.9814 +- -1.00 (1)
0.9762 +- -1.00 (1)
0.9847 +- -1.00 (1)
0.9751 +- -1.00 (1)
0.9731 +- -1.00 (1)
0.9818 +- -1.00 (1)
0.9717 +- -1.00 (1)
0.9690 +- -1.00 (1)
0.9829 +- -1.00 (1)
0.9786 +- -1.00 (1)
0.9797 +- -1.00 (1)
0.9817 +- -1.00 (1)
0.9827 +- -1.00 (1)
0.9808 +- -1.00 (1)
0.9752 +- -1.00 (1)
0.9811 +- -1.00 (1)
0.9708 +- -1.00 (1)
0.9802 +- -1.00 (1)
0.9822 +- -1.00 (1)
0.9718 +- -1.00 (1)
0.9789 +- -1.00 (1)
0.9610 +- -1.00 (1)
0.9717 +- -1.00 (1)
0.9779 +- -1.00 (1)
0.9742 +- -1.00 (1)
0.9722 +- -1.00 (1)
0.9756 +- -1.00 (1)
0.9600 +- -1.00 (1)
0.8493 +- -1.00 (1)
0.9787 +- -1.00 (1)
0.9745 +- -1.00 (1)
0.9699 +- -1.00 (1)
0.9679 +- -1.00 (1)
0.9646 +- -1.00 (1)
0.9721 +- -1.00 (1)
0.9743 +- -1.00 (1)
0.9794 +- -1.00 (1)
0.9724 +- -1.00 (1)
0.9659 +- -1.00 (1)
0.9809 +- -1.00 (1)
0.9752 +- -1.00 (1)
0.9722 +- -1.00 (1)
0.9722 +- -1.00 (1)
0.9789 +- -1.00 (1)
0.9669 +- -1.00 (1)
0.9633 +- -1.00 (1)
0.9658 +- -1.00 (1)
0.9681 +- -1.00 (1)
0.9713 +- -1.00 (1)
0.8547 +- -1.00 (1)
0.9735 +- -1.00 (1)
0.9695 +- -1.00 (1)
0.8919 +- -1.00 (1)
0.9576 +- -1.00 (1)
0.9686 +- -1.00 (1)
0.9707 +- -1.00 (1)
0.9738 +- -1.00 (1)
0.9515 +- -1.00 (1)
0.9687 +- -1.00 (1)
0.9732 +- -1.00 (1)
0.9748 +- -1.00 (1)
0.9555 +- -1.00 (1)
0.9711 +- -1.00 (1)
0.9744 +- -1.00 (1)
0.9643 +- -1.00 (1)
0.9585 +- -1.00 (1)
0.9704 +- -1.00 (1)
0.9702 +- -1.00 (1)
0.9695 +- -1.00 (1)
0.9753 +- -1.00 (1)
0.9711 +- -1.00 (1)
0.9622 +- -1.00 (1)
0.9637 +- -1.00 (1)
0.9682 +- -1.00 (1)
0.9761 +- -1.00 (1)
0.9740 +- -1.00 (1)
0.9731 +- -1.00 (1)
0.9774 +- -1.00 (1)
0.9750 +- -1.00 (1)
0.9644 +- -1.00 (1)
0.9534 +- -1.00 (1)
0.9757 +- -1.00 (1)
0.9621 +- -1.00 (1)
0.9713 +- -1.00 (1)
0.9656 +- -1.00 (1)
0.9765 +- -1.00 (1)
0.9666 +- -1.00 (1)
0.9689 +- -1.00 (1)
0.9654 +- -1.00 (1)
0.9721 +- -1.00 (1)
0.9695 +- -1.00 (1)
0.9653 +- -1.00 (1)
0.9745 +- -1.00 (1)
0.9782 +- -1.00 (1)
0.9663 +- -1.00 (1)
0.9727 +- -1.00 (1)
0.9753 +- -1.00 (1)
0.9714 +- -1.00 (1)
0.9514 +- -1.00 (1)
0.9574 +- -1.00 (1)
0.9679 +- -1.00 (1)
0.9697 +- -1.00 (1)
0.9690 +- -1.00 (1)
0.9689 +- -1.00 (1)
0.9723 +- -1.00 (1)
0.9650 +- -1.00 (1)
0.9648 +- -1.00 (1)
0.9699 +- -1.00 (1)
0.9740 +- -1.00 (1)
0.9686 +- -1.00 (1)
0.9660 +- -1.00 (1)
0.9666 +- -1.00 (1)
0.9733 +- -1.00 (1)
0.9719 +- -1.00 (1)
0.9695 +- -1.00 (1)
0.9650 +- -1.00 (1)
0.9688 +- -1.00 (1)
0.9629 +- -1.00 (1)
0.9732 +- -1.00 (1)
0.9668 +- -1.00 (1)
0.9649 +- -1.00 (1)
0.9707 +- -1.00 (1)
0.9557 +- -1.00 (1)
0.9702 +- -1.00 (1)
0.9658 +- -1.00 (1)
0.9673 +- -1.00 (1)
0.9649 +- -1.00 (1)
0.9732 +- -1.00 (1)
0.9762 +- -1.00 (1)
0.9746 +- -1.00 (1)
0.9737 +- -1.00 (1)
0.9568 +- -1.00 (1)
0.9714 +- -1.00 (1)
0.9758 +- -1.00 (1)
0.9624 +- -1.00 (1)
0.9612 +- -1.00 (1)
0.9714 +- -1.00 (1)
0.9565 +- -1.00 (1)
0.9615 +- -1.00 (1)
0.9651 +- -1.00 (1)
0.9711 +- -1.00 (1)
0.9555 +- -1.00 (1)
0.9714 +- -1.00 (1)
0.9502 +- -1.00 (1)
0.9584 +- -1.00 (1)
0.9718 +- -1.00 (1)
0.9638 +- -1.00 (1)
0.9684 +- -1.00 (1)
0.9685 +- -1.00 (1)
0.9521 +- -1.00 (1)
0.9441 +- -1.00 (1)
0.9724 +- -1.00 (1)
0.9634 +- -1.00 (1)
0.9681 +- -1.00 (1)
0.9681 +- -1.00 (1)
0.9613 +- -1.00 (1)
0.9600 +- -1.00 (1)
0.9701 +- -1.00 (1)
0.9674 +- -1.00 (1)
0.9737 +- -1.00 (1)
0.9658 +- -1.00 (1)
0.9703 +- -1.00 (1)
0.9688 +- -1.00 (1)
0.9531 +- -1.00 (1)
0.9559 +- -1.00 (1)
0.9650 +- -1.00 (1)
0.9485 +- -1.00 (1)
0.9701 +- -1.00 (1)
0.9578 +- -1.00 (1)
0.9651 +- -1.00 (1)
0.9657 +- -1.00 (1)
0.9740 +- -1.00 (1)
0.9694 +- -1.00 (1)
0.9659 +- -1.00 (1)
0.9599 +- -1.00 (1)
0.9672 +- -1.00 (1)
0.9686 +- -1.00 (1)
0.9661 +- -1.00 (1)
0.9721 +- -1.00 (1)
nan +- -1.00 (0)
0.9595 +- -1.00 (1)
0.8964 +- -1.00 (1)
0.8593 +- -1.00 (1)
0.6948 +- -1.00 (1)
0.9557 +- -1.00 (1)
0.6892 +- -1.00 (1)
0.7677 +- -1.00 (1)
0.9831 +- -1.00 (1)
0.7829 +- -1.00 (1)
0.9614 +- -1.00 (1)
0.7205 +- -1.00 (1)
0.6867 +- -1.00 (1)
0.8874 +- -1.00 (1)
0.7479 +- -1.00 (1)
0.6470 +- -1.00 (1)
0.7176 +- -1.00 (1)
0.6680 +- -1.00 (1)
0.9517 +- -1.00 (1)
0.7903 +- -1.00 (1)
0.6513 +- -1.00 (1)
0.9714 +- -1.00 (1)
0.7130 +- -1.00 (1)
0.9728 +- -1.00 (1)
0.9579 +- -1.00 (1)
0.9134 +- -1.00 (1)
0.9862 +- -1.00 (1)
0.9296 +- -1.00 (1)
0.7073 +- -1.00 (1)
0.7993 +- -1.00 (1)
0.7114 +- -1.00 (1)
0.9671 +- -1.00 (1)
0.8337 +- -1.00 (1)
0.8279 +- -1.00 (1)
0.7850 +- -1.00 (1)
0.8845 +- -1.00 (1)
0.7089 +- -1.00 (1)
0.9328 +- -1.00 (1)
0.8846 +- -1.00 (1)
0.7378 +- -1.00 (1)
0.8433 +- -1.00 (1)
0.7533 +- -1.00 (1)
0.9688 +- -1.00 (1)
0.9730 +- -1.00 (1)
0.7802 +- -1.00 (1)
0.9656 +- -1.00 (1)
0.8815 +- -1.00 (1)
0.9868 +- -1.00 (1)
0.8755 +- -1.00 (1)
0.9508 +- -1.00 (1)
0.9809 +- -1.00 (1)
0.8083 +- -1.00 (1)
0.8433 +- -1.00 (1)
0.9215 +- -1.00 (1)
0.9770 +- -1.00 (1)
0.9571 +- -1.00 (1)
0.8893 +- -1.00 (1)
0.8441 +- -1.00 (1)
0.8728 +- -1.00 (1)
0.9734 +- -1.00 (1)
0.9812 +- -1.00 (1)
0.8948 +- -1.00 (1)
0.9027 +- -1.00 (1)
0.8760 +- -1.00 (1)
0.8678 +- -1.00 (1)
0.9758 +- -1.00 (1)
0.8600 +- -1.00 (1)
0.8705 +- -1.00 (1)
0.9248 +- -1.00 (1)
0.9772 +- -1.00 (1)
0.9828 +- -1.00 (1)
0.9471 +- -1.00 (1)
0.9755 +- -1.00 (1)
0.9504 +- -1.00 (1)
0.9244 +- -1.00 (1)
0.9151 +- -1.00 (1)
0.9812 +- -1.00 (1)
0.7839 +- -1.00 (1)
0.6762 +- -1.00 (1)
0.9807 +- -1.00 (1)
0.8911 +- -1.00 (1)
0.7951 +- -1.00 (1)
0.8003 +- -1.00 (1)
0.8760 +- -1.00 (1)
0.9412 +- -1.00 (1)
0.8527 +- -1.00 (1)
0.9730 +- -1.00 (1)
0.8108 +- -1.00 (1)
0.7925 +- -1.00 (1)
0.8655 +- -1.00 (1)
0.7736 +- -1.00 (1)
0.7623 +- -1.00 (1)
0.8089 +- -1.00 (1)
0.8674 +- -1.00 (1)
0.8372 +- -1.00 (1)
0.9688 +- -1.00 (1)
0.7653 +- -1.00 (1)
0.7045 +- -1.00 (1)
0.7364 +- -1.00 (1)
0.7636 +- -1.00 (1)
0.8327 +- -1.00 (1)
0.9227 +- -1.00 (1)
0.9745 +- -1.00 (1)
0.8636 +- -1.00 (1)
0.9563 +- -1.00 (1)
0.8958 +- -1.00 (1)
0.9802 +- -1.00 (1)
0.7887 +- -1.00 (1)
0.9634 +- -1.00 (1)
0.9755 +- -1.00 (1)
0.8252 +- -1.00 (1)
0.8470 +- -1.00 (1)
0.8135 +- -1.00 (1)
0.9183 +- -1.00 (1)
0.7940 +- -1.00 (1)
0.9853 +- -1.00 (1)
0.9815 +- -1.00 (1)
0.8640 +- -1.00 (1)
0.8378 +- -1.00 (1)
0.8986 +- -1.00 (1)
0.9276 +- -1.00 (1)
0.9865 +- -1.00 (1)
0.7734 +- -1.00 (1)
0.9219 +- -1.00 (1)
0.6792 +- -1.00 (1)
0.7984 +- -1.00 (1)
0.9423 +- -1.00 (1)
0.9264 +- -1.00 (1)
0.8688 +- -1.00 (1)
0.8603 +- -1.00 (1)
0.9672 +- -1.00 (1)
0.8962 +- -1.00 (1)
0.8566 +- -1.00 (1)
0.9700 +- -1.00 (1)
0.9801 +- -1.00 (1)
0.9164 +- -1.00 (1)
0.9465 +- -1.00 (1)
0.9255 +- -1.00 (1)
0.9305 +- -1.00 (1)
0.8422 +- -1.00 (1)
0.9577 +- -1.00 (1)
0.7256 +- -1.00 (1)
0.9530 +- -1.00 (1)
0.8870 +- -1.00 (1)
0.8920 +- -1.00 (1)
0.8424 +- -1.00 (1)
0.8933 +- -1.00 (1)
0.8205 +- -1.00 (1)
0.9083 +- -1.00 (1)
0.7837 +- -1.00 (1)
0.8018 +- -1.00 (1)
0.9608 +- -1.00 (1)
0.8318 +- -1.00 (1)
0.7846 +- -1.00 (1)
0.9248 +- -1.00 (1)
0.9507 +- -1.00 (1)
0.6921 +- -1.00 (1)
0.7058 +- -1.00 (1)
0.8057 +- -1.00 (1)
0.9729 +- -1.00 (1)
0.8002 +- -1.00 (1)
0.8362 +- -1.00 (1)
0.8694 +- -1.00 (1)
0.9373 +- -1.00 (1)
0.8578 +- -1.00 (1)
0.7977 +- -1.00 (1)
0.8948 +- -1.00 (1)
0.8480 +- -1.00 (1)
0.9726 +- -1.00 (1)
0.7755 +- -1.00 (1)
0.9545 +- -1.00 (1)
0.8987 +- -1.00 (1)
0.8049 +- -1.00 (1)
0.8484 +- -1.00 (1)
0.8841 +- -1.00 (1)
0.8311 +- -1.00 (1)
0.8786 +- -1.00 (1)
0.9016 +- -1.00 (1)
0.8316 +- -1.00 (1)
0.8750 +- -1.00 (1)
0.8900 +- -1.00 (1)
0.9412 +- -1.00 (1)
0.8421 +- -1.00 (1)
0.8578 +- -1.00 (1)
0.8428 +- -1.00 (1)
0.8067 +- -1.00 (1)
0.8315 +- -1.00 (1)
0.9392 +- -1.00 (1)
0.8964 +- -1.00 (1)
0.8371 +- -1.00 (1)
0.8376 +- -1.00 (1)
0.9419 +- -1.00 (1)
0.8679 +- -1.00 (1)
0.8563 +- -1.00 (1)
0.9314 +- -1.00 (1)
0.8615 +- -1.00 (1)
0.8420 +- -1.00 (1)
0.7747 +- -1.00 (1)
0.9300 +- -1.00 (1)
0.8795 +- -1.00 (1)
0.8128 +- -1.00 (1)
0.8632 +- -1.00 (1)
0.8070 +- -1.00 (1)
0.8305 +- -1.00 (1)
0.9452 +- -1.00 (1)
0.9179 +- -1.00 (1)
0.8972 +- -1.00 (1)
0.8410 +- -1.00 (1)
0.7083 +- -1.00 (1)
0.7716 +- -1.00 (1)
0.8407 +- -1.00 (1)
0.8560 +- -1.00 (1)
0.7899 +- -1.00 (1)
0.8626 +- -1.00 (1)
0.8956 +- -1.00 (1)
0.7865 +- -1.00 (1)
0.9499 +- -1.00 (1)
0.8537 +- -1.00 (1)
0.7539 +- -1.00 (1)
0.8780 +- -1.00 (1)
0.7242 +- -1.00 (1)
0.8757 +- -1.00 (1)
0.8777 +- -1.00 (1)
0.7774 +- -1.00 (1)
0.9106 +- -1.00 (1)
0.9220 +- -1.00 (1)
0.7738 +- -1.00 (1)
0.9431 +- -1.00 (1)
0.8340 +- -1.00 (1)
0.7681 +- -1.00 (1)
0.8489 +- -1.00 (1)
0.7628 +- -1.00 (1)
0.8747 +- -1.00 (1)
0.7830 +- -1.00 (1)
0.8401 +- -1.00 (1)
0.8853 +- -1.00 (1)
0.9480 +- -1.00 (1)
0.8744 +- -1.00 (1)
0.8518 +- -1.00 (1)
0.8584 +- -1.00 (1)
0.7796 +- -1.00 (1)
0.8189 +- -1.00 (1)
0.8097 +- -1.00 (1)
0.8452 +- -1.00 (1)
0.7936 +- -1.00 (1)
0.8089 +- -1.00 (1)
0.8233 +- -1.00 (1)
0.8089 +- -1.00 (1)
0.8135 +- -1.00 (1)
0.8118 +- -1.00 (1)
0.7792 +- -1.00 (1)
0.8659 +- -1.00 (1)
0.8703 +- -1.00 (1)
0.8186 +- -1.00 (1)
0.8494 +- -1.00 (1)
0.8569 +- -1.00 (1)
0.8620 +- -1.00 (1)
0.8756 +- -1.00 (1)
0.8508 +- -1.00 (1)
0.8223 +- -1.00 (1)
0.7442 +- -1.00 (1)
0.8610 +- -1.00 (1)
0.8145 +- -1.00 (1)
0.8691 +- -1.00 (1)
0.7222 +- -1.00 (1)
0.9282 +- -1.00 (1)
0.7783 +- -1.00 (1)
0.8320 +- -1.00 (1)
0.8361 +- -1.00 (1)
0.8012 +- -1.00 (1)
0.8517 +- -1.00 (1)
0.8026 +- -1.00 (1)
0.8579 +- -1.00 (1)
0.7613 +- -1.00 (1)
0.7821 +- -1.00 (1)
0.7813 +- -1.00 (1)
0.7752 +- -1.00 (1)
0.8321 +- -1.00 (1)
0.7678 +- -1.00 (1)
0.7989 +- -1.00 (1)
0.8059 +- -1.00 (1)
0.7582 +- -1.00 (1)
0.8627 +- -1.00 (1)
0.7651 +- -1.00 (1)
0.8908 +- -1.00 (1)
0.7537 +- -1.00 (1)
0.7851 +- -1.00 (1)
0.7986 +- -1.00 (1)
0.8294 +- -1.00 (1)
0.8221 +- -1.00 (1)
0.8547 +- -1.00 (1)
0.8499 +- -1.00 (1)
0.7548 +- -1.00 (1)
0.7955 +- -1.00 (1)
0.7486 +- -1.00 (1)
0.8088 +- -1.00 (1)
0.9027 +- -1.00 (1)
0.8248 +- -1.00 (1)
0.9429 +- -1.00 (1)
0.7907 +- -1.00 (1)
0.7760 +- -1.00 (1)
0.7667 +- -1.00 (1)
0.9728 +- -1.00 (1)
0.9433 +- -1.00 (1)
0.9349 +- -1.00 (1)
0.9484 +- -1.00 (1)
0.9691 +- -1.00 (1)
0.6863 +- -1.00 (1)
0.9624 +- -1.00 (1)
0.6950 +- -1.00 (1)
0.6721 +- -1.00 (1)
0.7300 +- -1.00 (1)
0.7288 +- -1.00 (1)
0.9837 +- -1.00 (1)
0.7904 +- -1.00 (1)
0.7600 +- -1.00 (1)
0.9383 +- -1.00 (1)
0.7015 +- -1.00 (1)
0.9415 +- -1.00 (1)
0.6677 +- -1.00 (1)
0.9677 +- -1.00 (1)
0.9595 +- -1.00 (1)
0.5727 +- -1.00 (1)
0.9711 +- -1.00 (1)
0.6345 +- -1.00 (1)
0.9533 +- -1.00 (1)
0.5613 +- -1.00 (1)
0.9840 +- -1.00 (1)
0.7101 +- -1.00 (1)
0.9743 +- -1.00 (1)
0.9819 +- -1.00 (1)
0.9696 +- -1.00 (1)
0.8134 +- -1.00 (1)
0.8530 +- -1.00 (1)
0.9711 +- -1.00 (1)
0.9711 +- -1.00 (1)
0.9683 +- -1.00 (1)
0.9696 +- -1.00 (1)
0.9670 +- -1.00 (1)
0.7490 +- -1.00 (1)
0.9484 +- -1.00 (1)
0.9784 +- -1.00 (1)
0.9334 +- -1.00 (1)
0.9824 +- -1.00 (1)
0.8721 +- -1.00 (1)
0.6999 +- -1.00 (1)
0.6848 +- -1.00 (1)
0.9741 +- -1.00 (1)
0.9739 +- -1.00 (1)
0.8253 +- -1.00 (1)
0.9811 +- -1.00 (1)
0.8752 +- -1.00 (1)
0.9809 +- -1.00 (1)
0.8733 +- -1.00 (1)
0.9777 +- -1.00 (1)
0.7406 +- -1.00 (1)
0.9793 +- -1.00 (1)
0.9692 +- -1.00 (1)
0.9572 +- -1.00 (1)
0.9851 +- -1.00 (1)
0.7278 +- -1.00 (1)
0.9574 +- -1.00 (1)
0.9827 +- -1.00 (1)
0.9678 +- -1.00 (1)
0.7487 +- -1.00 (1)
0.9782 +- -1.00 (1)
0.9777 +- -1.00 (1)
0.9512 +- -1.00 (1)
0.9559 +- -1.00 (1)
0.9374 +- -1.00 (1)
0.9833 +- -1.00 (1)
0.9776 +- -1.00 (1)
0.7987 +- -1.00 (1)
0.9894 +- -1.00 (1)
0.7981 +- -1.00 (1)
0.7664 +- -1.00 (1)
0.9828 +- -1.00 (1)
0.9095 +- -1.00 (1)
0.8669 +- -1.00 (1)
0.7937 +- -1.00 (1)
0.7787 +- -1.00 (1)
0.7772 +- -1.00 (1)
0.9832 +- -1.00 (1)
0.9791 +- -1.00 (1)
0.7093 +- -1.00 (1)
0.9792 +- -1.00 (1)
0.9750 +- -1.00 (1)
0.7585 +- -1.00 (1)
0.9705 +- -1.00 (1)
0.9778 +- -1.00 (1)
0.9832 +- -1.00 (1)
0.9781 +- -1.00 (1)
0.9314 +- -1.00 (1)
0.8215 +- -1.00 (1)
0.9783 +- -1.00 (1)
0.9803 +- -1.00 (1)
0.9843 +- -1.00 (1)
0.8606 +- -1.00 (1)
0.8023 +- -1.00 (1)
0.9860 +- -1.00 (1)
0.9685 +- -1.00 (1)
0.9826 +- -1.00 (1)
0.9746 +- -1.00 (1)
0.9791 +- -1.00 (1)
0.7960 +- -1.00 (1)
0.8189 +- -1.00 (1)
0.9048 +- -1.00 (1)
0.9276 +- -1.00 (1)
0.9748 +- -1.00 (1)
0.7619 +- -1.00 (1)
0.8933 +- -1.00 (1)
0.9289 +- -1.00 (1)
0.8624 +- -1.00 (1)
0.9798 +- -1.00 (1)
0.9035 +- -1.00 (1)
0.9872 +- -1.00 (1)
0.7984 +- -1.00 (1)
0.9186 +- -1.00 (1)
0.7861 +- -1.00 (1)
0.9749 +- -1.00 (1)
0.9828 +- -1.00 (1)
0.9827 +- -1.00 (1)
0.9650 +- -1.00 (1)
0.9810 +- -1.00 (1)
0.9849 +- -1.00 (1)
0.9672 +- -1.00 (1)
0.9232 +- -1.00 (1)
0.9773 +- -1.00 (1)
0.9705 +- -1.00 (1)
0.9787 +- -1.00 (1)
0.9817 +- -1.00 (1)
0.8540 +- -1.00 (1)
0.9777 +- -1.00 (1)
0.9688 +- -1.00 (1)
0.9782 +- -1.00 (1)
0.8865 +- -1.00 (1)
0.9573 +- -1.00 (1)
0.8814 +- -1.00 (1)
0.9462 +- -1.00 (1)
0.9585 +- -1.00 (1)
0.9803 +- -1.00 (1)
0.9578 +- -1.00 (1)
0.7606 +- -1.00 (1)
0.9555 +- -1.00 (1)
0.7833 +- -1.00 (1)
0.9466 +- -1.00 (1)
0.9586 +- -1.00 (1)
0.8215 +- -1.00 (1)
0.8324 +- -1.00 (1)
0.7546 +- -1.00 (1)
0.9495 +- -1.00 (1)
0.8133 +- -1.00 (1)
0.9707 +- -1.00 (1)
0.8412 +- -1.00 (1)
0.8155 +- -1.00 (1)
0.9750 +- -1.00 (1)
0.7255 +- -1.00 (1)
0.9486 +- -1.00 (1)
0.8774 +- -1.00 (1)
0.9408 +- -1.00 (1)
0.9611 +- -1.00 (1)
0.9720 +- -1.00 (1)
0.9556 +- -1.00 (1)
0.9588 +- -1.00 (1)
0.7700 +- -1.00 (1)
0.9748 +- -1.00 (1)
0.8420 +- -1.00 (1)
0.8676 +- -1.00 (1)
0.9516 +- -1.00 (1)
0.8798 +- -1.00 (1)
0.9602 +- -1.00 (1)
0.9685 +- -1.00 (1)
0.9645 +- -1.00 (1)
0.9568 +- -1.00 (1)
0.9645 +- -1.00 (1)
0.9141 +- -1.00 (1)
0.9613 +- -1.00 (1)
0.8218 +- -1.00 (1)
0.9396 +- -1.00 (1)
0.9562 +- -1.00 (1)
0.8211 +- -1.00 (1)
0.9432 +- -1.00 (1)
0.9351 +- -1.00 (1)
0.9413 +- -1.00 (1)
0.9753 +- -1.00 (1)
0.9686 +- -1.00 (1)
0.9274 +- -1.00 (1)
0.8251 +- -1.00 (1)
0.8683 +- -1.00 (1)
0.9651 +- -1.00 (1)
0.8951 +- -1.00 (1)
0.9498 +- -1.00 (1)
0.9488 +- -1.00 (1)
0.9294 +- -1.00 (1)
0.9417 +- -1.00 (1)
0.9533 +- -1.00 (1)
0.9146 +- -1.00 (1)
0.9646 +- -1.00 (1)
0.9376 +- -1.00 (1)
0.9676 +- -1.00 (1)
0.9157 +- -1.00 (1)
0.9098 +- -1.00 (1)
0.9672 +- -1.00 (1)
0.8991 +- -1.00 (1)
0.8194 +- -1.00 (1)
0.8924 +- -1.00 (1)
0.9311 +- -1.00 (1)
0.9312 +- -1.00 (1)
0.9528 +- -1.00 (1)
0.9572 +- -1.00 (1)
0.9620 +- -1.00 (1)
0.9353 +- -1.00 (1)
0.9411 +- -1.00 (1)
0.8829 +- -1.00 (1)
0.8033 +- -1.00 (1)
0.7889 +- -1.00 (1)
0.9616 +- -1.00 (1)
0.9574 +- -1.00 (1)
0.8826 +- -1.00 (1)
0.9232 +- -1.00 (1)
0.9726 +- -1.00 (1)
0.9685 +- -1.00 (1)
0.9529 +- -1.00 (1)
0.8089 +- -1.00 (1)
0.8338 +- -1.00 (1)
0.8839 +- -1.00 (1)
0.7910 +- -1.00 (1)
0.7350 +- -1.00 (1)
0.9548 +- -1.00 (1)
0.8988 +- -1.00 (1)
0.8856 +- -1.00 (1)
0.8039 +- -1.00 (1)
0.9577 +- -1.00 (1)
0.8933 +- -1.00 (1)
0.9367 +- -1.00 (1)
0.9647 +- -1.00 (1)
0.9695 +- -1.00 (1)
0.9055 +- -1.00 (1)
0.9441 +- -1.00 (1)
0.8566 +- -1.00 (1)
0.8996 +- -1.00 (1)
0.9148 +- -1.00 (1)
0.8835 +- -1.00 (1)
0.8308 +- -1.00 (1)
0.7701 +- -1.00 (1)
0.9120 +- -1.00 (1)
0.8897 +- -1.00 (1)
0.9425 +- -1.00 (1)
0.8614 +- -1.00 (1)
0.8645 +- -1.00 (1)
0.9004 +- -1.00 (1)
0.8953 +- -1.00 (1)
0.9018 +- -1.00 (1)
0.7478 +- -1.00 (1)
0.8721 +- -1.00 (1)
0.8757 +- -1.00 (1)
0.9529 +- -1.00 (1)
0.8906 +- -1.00 (1)
0.9146 +- -1.00 (1)
0.9443 +- -1.00 (1)
0.9161 +- -1.00 (1)
0.8059 +- -1.00 (1)
0.9239 +- -1.00 (1)
0.8314 +- -1.00 (1)
0.9665 +- -1.00 (1)
0.7336 +- -1.00 (1)
0.9638 +- -1.00 (1)
0.9061 +- -1.00 (1)
0.9374 +- -1.00 (1)
0.9416 +- -1.00 (1)
0.7832 +- -1.00 (1)
0.9220 +- -1.00 (1)
0.8613 +- -1.00 (1)
0.9721 +- -1.00 (1)
0.9203 +- -1.00 (1)
0.9524 +- -1.00 (1)
0.9356 +- -1.00 (1)
0.7317 +- -1.00 (1)
0.9490 +- -1.00 (1)
0.9597 +- -1.00 (1)
0.8643 +- -1.00 (1)
0.8742 +- -1.00 (1)
0.9223 +- -1.00 (1)
0.9480 +- -1.00 (1)
0.9576 +- -1.00 (1)
0.8322 +- -1.00 (1)
0.9668 +- -1.00 (1)
0.8290 +- -1.00 (1)
0.8757 +- -1.00 (1)
0.9456 +- -1.00 (1)
0.8097 +- -1.00 (1)
0.8777 +- -1.00 (1)
0.7457 +- -1.00 (1)
0.8319 +- -1.00 (1)
0.9638 +- -1.00 (1)
0.9618 +- -1.00 (1)
0.9444 +- -1.00 (1)
0.8383 +- -1.00 (1)
0.8430 +- -1.00 (1)
0.9016 +- -1.00 (1)
0.8805 +- -1.00 (1)
0.9101 +- -1.00 (1)
0.7360 +- -1.00 (1)
0.5076 +- -1.00 (1)
0.9552 +- -1.00 (1)
0.9611 +- -1.00 (1)
0.9718 +- -1.00 (1)
0.8144 +- -1.00 (1)
0.9729 +- -1.00 (1)
0.8686 +- -1.00 (1)
0.8218 +- -1.00 (1)
0.7206 +- -1.00 (1)
0.9626 +- -1.00 (1)
0.6524 +- -1.00 (1)
0.5260 +- -1.00 (1)
0.6336 +- -1.00 (1)
0.9723 +- -1.00 (1)
0.9815 +- -1.00 (1)
0.9560 +- -1.00 (1)
0.6077 +- -1.00 (1)
0.8746 +- -1.00 (1)
0.9386 +- -1.00 (1)
0.9740 +- -1.00 (1)
0.9727 +- -1.00 (1)
0.7585 +- -1.00 (1)
0.9630 +- -1.00 (1)
0.9352 +- -1.00 (1)
0.7898 +- -1.00 (1)
0.9742 +- -1.00 (1)
0.9564 +- -1.00 (1)
0.9818 +- -1.00 (1)
0.9047 +- -1.00 (1)
0.9717 +- -1.00 (1)
0.9615 +- -1.00 (1)
0.9699 +- -1.00 (1)
0.5317 +- -1.00 (1)
0.9746 +- -1.00 (1)
0.5573 +- -1.00 (1)
0.7194 +- -1.00 (1)
0.9624 +- -1.00 (1)
0.9697 +- -1.00 (1)
0.9683 +- -1.00 (1)
0.9773 +- -1.00 (1)
0.8404 +- -1.00 (1)
0.8056 +- -1.00 (1)
0.7647 +- -1.00 (1)
0.9826 +- -1.00 (1)
0.7167 +- -1.00 (1)
0.8736 +- -1.00 (1)
0.6635 +- -1.00 (1)
0.9780 +- -1.00 (1)
0.9770 +- -1.00 (1)
0.9822 +- -1.00 (1)
0.9864 +- -1.00 (1)
0.9723 +- -1.00 (1)
0.9557 +- -1.00 (1)
0.9839 +- -1.00 (1)
0.9602 +- -1.00 (1)
0.9126 +- -1.00 (1)
0.8463 +- -1.00 (1)
0.9814 +- -1.00 (1)
0.9809 +- -1.00 (1)
0.9826 +- -1.00 (1)
0.9702 +- -1.00 (1)
0.7209 +- -1.00 (1)
0.9803 +- -1.00 (1)
0.9724 +- -1.00 (1)
0.9844 +- -1.00 (1)
0.9826 +- -1.00 (1)
0.9787 +- -1.00 (1)
0.9754 +- -1.00 (1)
0.8667 +- -1.00 (1)
0.9715 +- -1.00 (1)
0.9866 +- -1.00 (1)
0.7912 +- -1.00 (1)
0.9292 +- -1.00 (1)
0.9849 +- -1.00 (1)
0.9234 +- -1.00 (1)
0.7719 +- -1.00 (1)
0.9878 +- -1.00 (1)
0.9771 +- -1.00 (1)
0.9804 +- -1.00 (1)
0.7910 +- -1.00 (1)
0.8362 +- -1.00 (1)
0.8996 +- -1.00 (1)
0.9834 +- -1.00 (1)
0.7638 +- -1.00 (1)
0.8890 +- -1.00 (1)
0.9736 +- -1.00 (1)
0.8210 +- -1.00 (1)
0.9667 +- -1.00 (1)
0.9764 +- -1.00 (1)
0.9807 +- -1.00 (1)
0.9799 +- -1.00 (1)
0.9776 +- -1.00 (1)
0.9875 +- -1.00 (1)
0.9840 +- -1.00 (1)
0.9291 +- -1.00 (1)
0.6743 +- -1.00 (1)
0.9856 +- -1.00 (1)
0.9749 +- -1.00 (1)
0.9755 +- -1.00 (1)
0.9073 +- -1.00 (1)
0.9805 +- -1.00 (1)
0.7822 +- -1.00 (1)
0.9835 +- -1.00 (1)
0.9692 +- -1.00 (1)
0.7970 +- -1.00 (1)
0.9735 +- -1.00 (1)
0.9580 +- -1.00 (1)
0.8906 +- -1.00 (1)
0.7814 +- -1.00 (1)
0.8513 +- -1.00 (1)
0.8908 +- -1.00 (1)
0.9823 +- -1.00 (1)
0.9814 +- -1.00 (1)
0.7967 +- -1.00 (1)
0.9399 +- -1.00 (1)
0.9694 +- -1.00 (1)
0.9721 +- -1.00 (1)
0.9161 +- -1.00 (1)
0.9298 +- -1.00 (1)
0.9761 +- -1.00 (1)
0.9392 +- -1.00 (1)
0.9618 +- -1.00 (1)
0.9450 +- -1.00 (1)
0.9803 +- -1.00 (1)
0.9059 +- -1.00 (1)
0.9485 +- -1.00 (1)
0.9796 +- -1.00 (1)
0.8926 +- -1.00 (1)
0.9773 +- -1.00 (1)
0.9796 +- -1.00 (1)
0.9712 +- -1.00 (1)
0.9412 +- -1.00 (1)
0.7501 +- -1.00 (1)
0.9771 +- -1.00 (1)
0.9778 +- -1.00 (1)
0.9729 +- -1.00 (1)
0.9129 +- -1.00 (1)
0.9650 +- -1.00 (1)
0.7311 +- -1.00 (1)
0.9175 +- -1.00 (1)
0.8912 +- -1.00 (1)
0.7936 +- -1.00 (1)
0.8562 +- -1.00 (1)
0.9516 +- -1.00 (1)
0.9683 +- -1.00 (1)
0.8870 +- -1.00 (1)
0.8853 +- -1.00 (1)
0.9646 +- -1.00 (1)
0.9617 +- -1.00 (1)
0.9623 +- -1.00 (1)
0.7997 +- -1.00 (1)
0.8665 +- -1.00 (1)
0.9386 +- -1.00 (1)
0.9567 +- -1.00 (1)
0.9785 +- -1.00 (1)
0.8921 +- -1.00 (1)
0.9737 +- -1.00 (1)
0.9368 +- -1.00 (1)
0.9759 +- -1.00 (1)
0.6569 +- -1.00 (1)
0.9493 +- -1.00 (1)
0.9339 +- -1.00 (1)
0.9655 +- -1.00 (1)
0.9581 +- -1.00 (1)
0.9072 +- -1.00 (1)
0.9507 +- -1.00 (1)
0.7410 +- -1.00 (1)
0.9305 +- -1.00 (1)
0.9651 +- -1.00 (1)
0.8942 +- -1.00 (1)
0.9438 +- -1.00 (1)
0.9695 +- -1.00 (1)
0.8997 +- -1.00 (1)
0.9379 +- -1.00 (1)
0.9709 +- -1.00 (1)
0.9470 +- -1.00 (1)
0.9094 +- -1.00 (1)
0.9696 +- -1.00 (1)
0.8745 +- -1.00 (1)
0.7449 +- -1.00 (1)
0.9615 +- -1.00 (1)
0.7796 +- -1.00 (1)
0.9683 +- -1.00 (1)
0.9600 +- -1.00 (1)
0.9663 +- -1.00 (1)
0.8647 +- -1.00 (1)
0.9678 +- -1.00 (1)
0.9199 +- -1.00 (1)
0.9630 +- -1.00 (1)
0.9081 +- -1.00 (1)
0.9613 +- -1.00 (1)
0.7661 +- -1.00 (1)
0.8210 +- -1.00 (1)
0.9188 +- -1.00 (1)
0.7918 +- -1.00 (1)
0.9586 +- -1.00 (1)
0.9132 +- -1.00 (1)
0.9214 +- -1.00 (1)
0.7940 +- -1.00 (1)
0.8650 +- -1.00 (1)
0.9464 +- -1.00 (1)
0.9532 +- -1.00 (1)
0.7368 +- -1.00 (1)
0.9721 +- -1.00 (1)
0.9676 +- -1.00 (1)
0.9738 +- -1.00 (1)
0.9695 +- -1.00 (1)
0.7924 +- -1.00 (1)
0.8604 +- -1.00 (1)
0.9368 +- -1.00 (1)
0.9525 +- -1.00 (1)
0.9526 +- -1.00 (1)
0.9362 +- -1.00 (1)
0.9609 +- -1.00 (1)
0.9345 +- -1.00 (1)
0.9651 +- -1.00 (1)
0.8445 +- -1.00 (1)
0.9563 +- -1.00 (1)
0.9568 +- -1.00 (1)
0.7177 +- -1.00 (1)
0.6700 +- -1.00 (1)
0.8554 +- -1.00 (1)
0.9579 +- -1.00 (1)
0.9666 +- -1.00 (1)
0.9094 +- -1.00 (1)
0.9108 +- -1.00 (1)
0.9596 +- -1.00 (1)
0.9562 +- -1.00 (1)
0.9323 +- -1.00 (1)
0.7990 +- -1.00 (1)
0.9441 +- -1.00 (1)
0.9531 +- -1.00 (1)
0.9067 +- -1.00 (1)
0.9718 +- -1.00 (1)
0.9563 +- -1.00 (1)
0.9758 +- -1.00 (1)
0.7824 +- -1.00 (1)
0.9375 +- -1.00 (1)
0.8705 +- -1.00 (1)
0.8767 +- -1.00 (1)
0.9117 +- -1.00 (1)
0.9668 +- -1.00 (1)
0.8348 +- -1.00 (1)
0.9662 +- -1.00 (1)
0.9193 +- -1.00 (1)
0.7571 +- -1.00 (1)
0.9046 +- -1.00 (1)
0.9316 +- -1.00 (1)
0.7733 +- -1.00 (1)
0.9278 +- -1.00 (1)
0.8139 +- -1.00 (1)
0.9119 +- -1.00 (1)
0.8827 +- -1.00 (1)
0.7683 +- -1.00 (1)
0.9609 +- -1.00 (1)
0.8139 +- -1.00 (1)
0.9039 +- -1.00 (1)
0.8344 +- -1.00 (1)
0.8007 +- -1.00 (1)
0.9640 +- -1.00 (1)
0.9608 +- -1.00 (1)
0.9405 +- -1.00 (1)
0.8968 +- -1.00 (1)
0.8783 +- -1.00 (1)
0.7835 +- -1.00 (1)
0.9648 +- -1.00 (1)
0.9600 +- -1.00 (1)
0.7663 +- -1.00 (1)
0.8237 +- -1.00 (1)
0.7924 +- -1.00 (1)
0.9464 +- -1.00 (1)
0.7221 +- -1.00 (1)
0.7796 +- -1.00 (1)
0.8227 +- -1.00 (1)
0.8440 +- -1.00 (1)
0.9506 +- -1.00 (1)
0.8686 +- -1.00 (1)
0.9446 +- -1.00 (1)
0.9072 +- -1.00 (1)
0.9331 +- -1.00 (1)
0.8866 +- -1.00 (1)
0.8045 +- -1.00 (1)
0.9484 +- -1.00 (1)
0.9658 +- -1.00 (1)
0.8054 +- -1.00 (1)
0.7810 +- -1.00 (1)
0.9085 +- -1.00 (1)
0.9414 +- -1.00 (1)
0.9658 +- -1.00 (1)
0.8106 +- -1.00 (1)
0.9257 +- -1.00 (1)
0.9467 +- -1.00 (1)
0.8587 +- -1.00 (1)
0.9373 +- -1.00 (1)
0.7999 +- -1.00 (1)
0.8263 +- -1.00 (1)
0.9578 +- -1.00 (1)
0.9651 +- -1.00 (1)
