0.9627 0.7046 0.6779 6
0.982 0.6442 0.6326 4
0.9589 0.4176 0.3995 11
0.9696 0.4471 0.433 11
0.9623 0.756 0.7239 16
0.9708 0.4977 0.4831 4
0.9801 0.4533 0.4442 2
0.9882 0.4822 0.4763 10
0.9545 0.3802 0.3625 9
0.9594 0.631 0.605 16
0.9574 0.4574 0.4337 24
0.9622 0.5649 0.5422 9
0.9841 0.5849 0.5754 9
0.9761 0.4617 0.4506 10
0.973 0.5987 0.5825 9
0.9778 0.4745 0.4638 5
0.9866 0.7409 0.7306 13
0.9604 0.3999 0.3841 1
0.9819 0.4537 0.4455 2
0.9704 0.7624 0.7394 6
0.9732 0.4871 0.4734 13
0.9773 0.497 0.4856 6
0.9731 0.6019 0.5842 14
0.9874 0.4698 0.4637 15
0.9831 0.4873 0.4789 4
0.9835 0.5019 0.4934 14
0.9855 0.572 0.5635 11
0.9832 0.4942 0.4856 5
0.9808 0.4892 0.4785 7
0.987 0.4115 0.4059 22
0.9703 0.5546 0.5375 15
0.9728 0.4414 0.4294 3
0.9832 0.492 0.4835 17
0.9701 0.5284 0.5118 14
0.9781 0.5289 0.5163 10
0.9823 0.6127 0.6012 4
0.9858 0.4709 0.4639 10
0.9701 0.3828 0.3713 8
0.9817 0.6924 0.678 12
0.9804 0.4345 0.4241 14
0.9807 0.555 0.542 23
0.9834 0.6286 0.6179 7
0.9814 0.4226 0.4147 6
0.9889 0.4378 0.4329 11
0.9752 0.5874 0.5726 16
0.9827 0.4608 0.4515 21
0.9871 0.5402 0.5331 8
0.9862 0.6245 0.6152 7
0.9807 0.5334 0.523 6
0.9824 0.609 0.5967 22
0.9818 0.589 0.5773 16
0.9824 0.6376 0.6242 16
0.987 0.6447 0.6353 17
0.9812 0.5197 0.5099 5
0.9815 0.5575 0.5469 8
0.9867 0.6348 0.6258 19
0.9775 0.496 0.4839 14
0.9788 0.6397 0.6254 20
0.9899 0.4861 0.4808 20
0.9808 0.5152 0.5049 12
0.9834 0.4227 0.4153 12
0.9838 0.5419 0.533 9
0.9815 0.5878 0.5753 18
0.9845 0.6054 0.5951 17
0.9791 0.5283 0.5162 18
0.9803 0.5418 0.5304 13
0.9853 0.4981 0.4907 3
0.9804 0.5506 0.5394 9
0.9808 0.5984 0.5857 14
0.9837 0.7058 0.6942 9
0.9836 0.561 0.5509 15
0.9783 0.624 0.6102 14
0.9861 0.6191 0.6097 16
0.9796 0.6444 0.6308 17
0.9856 0.4831 0.4755 10
0.9861 0.5599 0.5518 12
0.9826 0.4935 0.4847 11
0.9743 0.6097 0.594 5
0.9898 0.5919 0.5854 14
0.9794 0.6452 0.6297 21
0.9842 0.5301 0.5216 16
0.9829 0.4598 0.4514 13
0.9788 0.6679 0.6531 12
0.9867 0.5714 0.5631 14
0.985 0.5856 0.5761 11
0.9856 0.6686 0.6584 16
0.9828 0.6238 0.6129 14
0.9783 0.6025 0.588 17
0.9825 0.5518 0.5411 28
0.9836 0.5156 0.5062 18
0.9854 0.5876 0.5778 21
0.9814 0.5565 0.5456 18
0.988 0.617 0.6092 23
0.9839 0.5561 0.5463 18
0.9891 0.5657 0.559 16
0.981 0.5403 0.5292 22
0.9823 0.547 0.5369 11
0.976 0.5406 0.5269 16
0.9872 0.4977 0.4902 13
0.9861 0.5138 0.5062 8
0.9846 0.4681 0.4604 17
0.9873 0.6504 0.6411 20
0.984 0.5773 0.5673 16
0.9847 0.671 0.6597 17
0.9899 0.5285 0.5229 14
0.9831 0.651 0.6386 25
0.9863 0.5319 0.5235 16
0.9824 0.6671 0.6541 16
0.9827 0.5477 0.5376 11
0.9822 0.6521 0.6404 5
0.9829 0.669 0.6569 9
0.9821 0.5797 0.5693 6
0.9894 0.5598 0.553 11
0.9863 0.5186 0.5113 9
0.9877 0.5903 0.5829 11
0.9819 0.5738 0.5624 16
0.9824 0.5318 0.5219 13
0.9733 0.6345 0.6164 15
0.9848 0.5374 0.5273 24
0.9842 0.5119 0.5029 14
0.9867 0.6109 0.6012 8
0.9847 0.6551 0.6445 17
0.9801 0.5594 0.5478 18
0.9854 0.6568 0.6453 18
0.9855 0.604 0.5943 10
0.9815 0.5955 0.5842 11
0.9811 0.6371 0.6244 17
0.981 0.5871 0.5754 14
0.982 0.5238 0.5141 21
0.9854 0.5794 0.5697 20
0.9804 0.5384 0.527 21
0.9831 0.5591 0.5492 13
0.9858 0.5317 0.5233 24
0.9826 0.5865 0.576 14
0.9847 0.5905 0.5808 19
0.9804 0.5651 0.5532 9
0.9828 0.5861 0.5754 17
0.9795 0.6009 0.5875 18
0.9822 0.5966 0.5857 15
0.9822 0.643 0.6304 22
0.9804 0.594 0.5816 20
0.9752 0.5633 0.5486 15
0.9699 0.5675 0.5502 9
0.9759 0.5562 0.5418 24
0.9756 0.5168 0.5028 17
0.9749 0.6619 0.6445 13
0.9735 0.559 0.543 16
0.9791 0.5203 0.5084 12
0.9687 0.5905 0.57 13
0.9803 0.5346 0.5231 19
0.9807 0.5522 0.5412 15
0.9725 0.5671 0.5512 7
0.9772 0.5879 0.5742 11
0.9747 0.5634 0.548 16
0.9802 0.5395 0.5286 8
0.9788 0.6164 0.6028 18
0.9795 0.5485 0.5365 19
0.9778 0.568 0.5548 16
0.978 0.6198 0.6057 14
0.9781 0.5214 0.5092 10
0.9774 0.551 0.5382 9
0.9754 0.5604 0.546 13
0.9763 0.5306 0.5173 17
0.9735 0.5666 0.5511 15
0.9777 0.6205 0.6062 16
0.9779 0.5823 0.5677 13
0.9759 0.6034 0.5877 10
0.9735 0.5377 0.5229 17
0.9694 0.5342 0.5173 10
0.9734 0.5812 0.5649 15
0.9767 0.5569 0.5436 30
0.9699 0.5499 0.5333 5
0.973 0.5565 0.5408 14
0.9791 0.6065 0.593 18
0.9707 0.5321 0.5163 7
0.9723 0.5232 0.5084 12
0.9779 0.5795 0.5659 11
0.9766 0.5121 0.4998 15
0.9766 0.5389 0.5262 11
0.974 0.508 0.4942 18
0.9741 0.5371 0.523 11
0.9777 0.5357 0.5232 15
0.9728 0.5552 0.5392 10
0.9766 0.5116 0.4993 14
0.9759 0.6242 0.6087 12
0.974 0.5281 0.5139 20
0.9767 0.4868 0.4751 15
0.9739 0.6235 0.6064 11
0.9736 0.6114 0.5947 6
0.9727 0.5632 0.5473 16
0.9779 0.5291 0.517 12
0.9791 0.5844 0.5712 19
0.9706 0.5376 0.5216 7
0.9711 0.4944 0.4799 13
0.979 0.5081 0.4967 13
0.9761 0.5977 0.5825 13
0.9724 0.5121 0.4975 11
0.9738 0.6151 0.5978 14
0.9792 0.5709 0.558 14
0.976 0.5615 0.5475 16
0.9739 0.5869 0.5713 15
0.9744 0.5416 0.5273 22
0.9775 0.5475 0.5345 16
0.9726 0.5694 0.5532 13
0.97 0.5448 0.5275 12
0.9724 0.5081 0.4935 16
0.9761 0.5729 0.5588 11
0.9734 0.5369 0.5219 23
0.9748 0.5596 0.5449 17
0.9736 0.5392 0.5247 5
0.9776 0.5869 0.5731 13
0.9764 0.5781 0.5632 18
0.9698 0.5558 0.5385 15
0.9721 0.5274 0.5116 13
0.9719 0.5536 0.5372 19
0.9722 0.4952 0.4813 10
0.9725 0.5581 0.5427 8
0.9771 0.5706 0.5563 18
0.9768 0.5443 0.5313 17
0.9767 0.5647 0.5512 13
0.9742 0.5398 0.5258 13
0.971 0.5348 0.5192 11
0.9778 0.5811 0.5676 11
0.9736 0.5937 0.5777 15
0.977 0.5378 0.5249 10
0.9682 0.6391 0.6182 7
0.9683 0.6051 0.5853 16
0.9693 0.5854 0.567 10
0.9683 0.5177 0.5011 5
0.9739 0.5701 0.5548 14
0.9711 0.582 0.5649 14
0.9743 0.5427 0.5285 22
0.9678 0.5742 0.5553 9
0.9727 0.5453 0.5298 19
0.9734 0.5481 0.5332 12
0.9722 0.5853 0.5685 15
0.97 0.5757 0.5581 8
0.9711 0.5732 0.5562 11
0.976 0.5805 0.5665 7
0.9721 0.5805 0.5638 18
0.9713 0.5582 0.5418 9
0.9695 0.6528 0.6326 6
0.9695 0.5607 0.5431 15
0.9708 0.6258 0.6072 9
0.9698 0.5377 0.521 13
0.9721 0.5666 0.5501 10
0.9665 0.5293 0.5112 11
0.972 0.5226 0.5074 11
0.969 0.542 0.5248 11
0.9739 0.5657 0.5509 8
0.9743 0.5144 0.5009 8
0.9727 0.5647 0.5489 6
0.9783 0.5154 0.5037 13
0.9691 0.5622 0.5443 8
0.9721 0.5673 0.5505 8
0.9741 0.5742 0.5586 17
0.9782 0.5557 0.5423 22
0.9732 0.5528 0.5376 7
0.9736 0.5924 0.5764 12
0.9685 0.5539 0.5363 8
0.9742 0.5756 0.5603 10
0.9675 0.5403 0.5222 14
0.9745 0.5799 0.5644 12
0.9722 0.5442 0.5282 21
0.9737 0.5549 0.5398 15
0.9716 0.5492 0.5325 10
0.97 0.5537 0.5368 8
0.9692 0.5595 0.541 16
0.9686 0.5585 0.5409 2
0.9733 0.5546 0.5389 10
0.9638 0.5457 0.5254 7
0.9741 0.5872 0.5715 12
0.9738 0.5637 0.5482 12
0.974 0.5821 0.5657 17
0.9704 0.5427 0.5262 12
0.9689 0.5433 0.5263 9
0.9748 0.5634 0.5487 10
0.9679 0.5111 0.4944 12
0.9722 0.5391 0.5235 17
0.9732 0.5151 0.5002 14
0.9708 0.6248 0.6065 7
0.9706 0.556 0.5388 11
0.9734 0.5377 0.5221 19
0.9754 0.5733 0.5578 17
0.9717 0.5758 0.559 15
0.9707 0.5654 0.5473 14
0.9665 0.5478 0.5289 12
0.9725 0.5553 0.5394 9
0.9686 0.5602 0.5421 11
0.9744 0.5365 0.5217 15
0.9735 0.5604 0.5442 12
0.9712 0.5251 0.5086 19
0.9701 0.539 0.5219 13
0.9693 0.5895 0.5711 15
0.9712 0.533 0.5168 13
0.9668 0.5716 0.5522 10
0.9669 0.535 0.517 11
0.9721 0.5731 0.5564 7
0.9682 0.5588 0.5405 9
0.9707 0.5385 0.5223 14
0.9627 0.7102 0.6832 12
0.9829 0.5422 0.5311 28
0.9583 0.5504 0.5274 6
0.9745 0.6032 0.5857 13
0.9667 0.5974 0.5769 16
0.9688 0.6105 0.5914 5
0.9801 0.4568 0.4477 3
0.9882 0.6507 0.6426 11
0.9559 0.6455 0.6168 3
0.9593 0.8399 0.8039 10
0.9553 0.6669 0.6358 10
0.9622 0.7116 0.6838 16
0.987 0.9441 0.9299 17
0.9787 0.2658 0.26 5
0.973 0.6277 0.6107 5
0.9778 0.3353 0.3246 20
0.9866 0.5947 0.586 8
0.9604 0.4133 0.3969 1
0.9819 0.2746 0.2696 2
0.9687 0.5029 0.4787 24
0.9728 0.6275 0.6096 11
0.9777 0.6433 0.6285 8
0.9731 0.7228 0.7027 11
0.9876 0.9014 0.8893 18
0.9771 0.6565 0.6378 21
0.984 0.5658 0.5566 4
0.9855 0.7412 0.727 15
0.9828 0.6997 0.684 11
0.9798 0.7478 0.7314 8
0.987 0.4528 0.4461 15
0.9703 0.5791 0.559 16
0.977 0.6578 0.6416 7
0.981 0.3853 0.3778 12
0.9692 0.5941 0.5747 20
0.9791 0.5901 0.5773 12
0.9823 0.8284 0.8123 13
0.9858 0.3436 0.3384 20
0.972 0.7672 0.7432 14
0.9816 0.7217 0.7073 18
0.9804 0.691 0.6757 13
0.9796 0.7589 0.7411 13
0.9855 0.4801 0.4729 25
0.9829 0.6993 0.6827 25
0.9889 0.6592 0.6484 26
0.9759 0.6264 0.6109 17
0.9848 0.5403 0.53 19
0.9872 0.5319 0.524 17
0.9828 0.7055 0.6908 20
0.9796 0.6689 0.6548 11
0.9841 0.7781 0.7641 18
0.9804 0.706 0.6897 14
0.9824 0.7192 0.7046 15
0.9863 0.7671 0.7563 10
0.9788 0.7525 0.7352 18
0.9819 0.6357 0.6236 17
0.9867 0.5027 0.4941 18
0.9775 0.6774 0.6619 10
0.9788 0.6318 0.6182 8
0.9883 0.6632 0.653 22
0.9846 0.6105 0.5994 15
0.9819 0.6534 0.6395 16
0.9849 0.5927 0.5817 12
0.9815 0.6877 0.6742 15
0.9845 0.6806 0.6684 21
0.9786 0.5483 0.5362 10
0.9803 0.6814 0.6663 23
0.9859 0.7694 0.7566 16
0.9802 0.7191 0.7032 18
0.9851 0.5963 0.5853 21
0.9843 0.4717 0.4632 9
0.9836 0.5647 0.5524 23
0.9838 0.7427 0.7294 14
0.9861 0.9375 0.9231 21
0.9782 0.5696 0.556 25
0.9856 0.9167 0.9028 13
0.9844 0.5721 0.5613 19
0.9843 0.7068 0.6944 20
0.9746 0.5455 0.5316 6
0.9898 0.7779 0.7686 8
0.9853 0.6555 0.643 21
0.9851 0.5191 0.5068 21
0.9833 0.6066 0.5952 20
0.9782 0.5852 0.5719 11
0.9879 0.6725 0.6637 12
0.9848 0.4579 0.4501 16
0.9861 0.594 0.5838 16
0.9838 0.696 0.6817 37
0.9783 0.5781 0.5634 19
0.979 0.642 0.6259 16
0.9836 0.5348 0.5255 13
0.9849 0.5762 0.5647 23
0.9809 0.5317 0.5202 13
0.9901 0.6884 0.6806 11
0.9796 0.6927 0.6778 17
0.9891 0.6447 0.6361 21
0.9839 0.6383 0.6262 13
0.9823 0.6946 0.6803 19
0.9765 0.6714 0.6539 24
0.9879 0.7657 0.7545 15
0.9806 0.652 0.6385 15
0.9849 0.6991 0.6869 19
0.9875 0.7679 0.7572 12
0.984 0.6304 0.6188 17
0.987 0.6184 0.6094 16
0.9899 0.6826 0.6733 18
0.9845 0.6168 0.6061 17
0.9863 0.7238 0.7127 17
0.9795 0.6147 0.6016 10
0.9826 0.6912 0.6767 19
0.9826 0.5889 0.5771 27
0.9832 0.6169 0.6046 20
0.9821 0.6867 0.6731 15
0.9894 0.5945 0.587 24
0.9863 0.5699 0.5613 20
0.9881 0.5217 0.5114 22
0.9809 0.6337 0.6206 21
0.9842 0.685 0.6716 14
0.9755 0.6224 0.6062 25
0.9843 0.5713 0.5612 17
0.9843 0.6228 0.6124 25
0.9845 0.5942 0.5832 22
0.9803 0.6236 0.6107 27
0.981 0.7404 0.7245 17
0.984 0.6477 0.6363 12
0.9855 0.6234 0.6125 11
0.9821 0.639 0.6261 22
0.9808 0.705 0.6894 26
0.9834 0.5884 0.5766 24
0.9829 0.6684 0.6562 20
0.9813 0.782 0.7666 12
0.9794 0.6872 0.6721 17
0.9853 0.6163 0.6054 23
0.9863 0.6529 0.6428 13
0.9833 0.5921 0.5811 16
0.9827 0.6836 0.6699 17
0.9793 0.6457 0.6304 17
0.9823 0.699 0.6836 24
0.9786 0.6278 0.6131 12
0.9854 0.5179 0.5084 18
0.9878 0.6204 0.6104 29
0.9804 0.6207 0.6073 18
0.9768 0.6702 0.653 16
0.9708 0.6647 0.6445 13
0.9739 0.6908 0.6718 15
0.976 0.6225 0.6073 18
0.9741 0.5667 0.5485 20
0.9761 0.6288 0.6109 14
0.9773 0.6474 0.631 12
0.9658 0.5657 0.5457 15
0.9803 0.6998 0.6827 20
0.9802 0.5202 0.5065 16
0.9717 0.6211 0.6023 15
0.9758 0.5985 0.5829 26
0.9757 0.5687 0.5535 21
0.9808 0.6948 0.6795 20
0.9759 0.6524 0.636 11
0.977 0.5774 0.5629 23
0.9778 0.5839 0.57 23
0.9764 0.6233 0.6073 18
0.977 0.6023 0.587 17
0.9774 0.5733 0.5592 25
0.9719 0.6854 0.6651 20
0.973 0.6606 0.6409 15
0.9725 0.621 0.6032 13
0.9794 0.5869 0.5735 14
0.9761 0.7277 0.7085 16
0.9776 0.5191 0.5061 24
0.9753 0.662 0.6449 23
0.9695 0.5862 0.5673 11
0.9685 0.691 0.6688 10
0.9779 0.582 0.5678 13
0.9684 0.7294 0.7059 13
0.9713 0.6792 0.6586 17
0.9788 0.6495 0.6344 20
0.9682 0.6087 0.5886 12
0.9777 0.596 0.5799 18
0.9794 0.5747 0.5604 24
0.9746 0.7096 0.6903 22
0.9808 0.6546 0.6396 18
0.9735 0.6264 0.609 13
0.9766 0.6418 0.6255 16
0.9763 0.6518 0.6355 17
0.9717 0.6722 0.6525 7
0.975 0.5562 0.5405 21
0.9758 0.5854 0.57 21
0.9696 0.72 0.6953 16
0.9734 0.6297 0.612 15
0.9759 0.554 0.5389 19
0.9704 0.6078 0.5893 11
0.9719 0.5859 0.5679 21
0.9753 0.6341 0.6155 21
0.9761 0.5948 0.5768 13
0.9759 0.619 0.6015 16
0.9751 0.6325 0.6159 12
0.9772 0.6612 0.6429 16
0.9761 0.5976 0.5828 19
0.9752 0.6552 0.638 13
0.9766 0.6636 0.6468 12
0.9773 0.6599 0.6437 19
0.9772 0.6267 0.6111 21
0.9751 0.6508 0.6331 23
0.973 0.6569 0.6382 16
0.9696 0.684 0.6614 21
0.9735 0.5672 0.5516 18
0.9724 0.6989 0.6782 23
0.972 0.7393 0.7156 18
0.9769 0.7291 0.71 13
0.975 0.5676 0.5525 16
0.9723 0.5939 0.5766 10
0.9766 0.6631 0.6464 19
0.9775 0.7134 0.6956 21
0.9733 0.6232 0.6053 21
0.9669 0.6016 0.5789 16
0.9738 0.6286 0.6113 15
0.9755 0.7029 0.6832 10
0.97 0.6027 0.5843 13
0.9768 0.632 0.6166 18
0.9775 0.6489 0.6331 17
0.9766 0.6231 0.6075 15
0.9704 0.6482 0.6278 14
0.9711 0.5751 0.5578 11
0.9717 0.6478 0.6285 30
0.9741 0.6612 0.6418 23
0.9731 0.6071 0.5902 11
0.9745 0.6885 0.6699 14
0.9678 0.6503 0.6274 13
0.9677 0.7027 0.6793 9
0.9659 0.6525 0.6294 12
0.9723 0.6613 0.6414 24
0.9717 0.6106 0.5924 11
0.9729 0.623 0.6053 13
0.9738 0.6159 0.5984 22
0.9677 0.5758 0.5565 7
0.9723 0.5915 0.5738 18
0.9686 0.5708 0.552 22
0.9732 0.593 0.5754 21
0.9718 0.7506 0.727 14
0.976 0.6095 0.5929 18
0.9725 0.6274 0.6096 12
0.9763 0.6317 0.6151 10
0.9706 0.6074 0.5883 16
0.9703 0.6306 0.6107 15
0.9686 0.6196 0.5991 15
0.9705 0.5961 0.5771 18
0.9702 0.6481 0.6269 14
0.968 0.6456 0.6231 14
0.9729 0.6252 0.6058 14
0.9745 0.6703 0.6514 12
0.9719 0.6862 0.6649 14
0.9727 0.6552 0.6363 12
0.9789 0.6619 0.646 15
0.9732 0.6115 0.5937 20
0.9739 0.6961 0.6769 19
0.9739 0.5683 0.5511 16
0.976 0.6272 0.6102 16
0.9726 0.6443 0.6256 17
0.9732 0.6317 0.6137 13
0.9732 0.7099 0.6888 18
0.9742 0.5818 0.5662 12
0.9694 0.5784 0.5606 10
0.972 0.6721 0.6517 12
0.9691 0.5845 0.5642 8
0.9707 0.6179 0.5978 13
0.9736 0.6685 0.6485 25
0.9718 0.5737 0.555 18
0.9688 0.7172 0.6924 13
0.9721 0.7131 0.6908 20
0.965 0.5736 0.5509 13
0.9703 0.6559 0.6347 15
0.9709 0.6368 0.6174 20
0.9662 0.6473 0.624 17
0.9687 0.6289 0.6077 17
0.977 0.6061 0.5909 19
0.9713 0.6927 0.6704 9
0.9711 0.672 0.6508 11
0.9702 0.6253 0.605 17
0.9742 0.6434 0.6251 20
0.9687 0.6589 0.637 20
0.971 0.6067 0.5879 20
0.9727 0.6315 0.6129 13
0.9725 0.6244 0.6059 9
0.9687 0.6288 0.6074 10
0.9726 0.5967 0.5773 12
0.9701 0.6197 0.6 18
0.9672 0.6299 0.6068 15
0.9745 0.69 0.6701 14
0.9685 0.6153 0.593 16
0.9672 0.5589 0.5391 8
0.9667 0.6315 0.6101 9
0.9723 0.6334 0.6147 22
0.9663 0.665 0.6414 15
0.9718 0.6396 0.6197 20
0.9732 0.6477 0.6278 13
0.9753 0.5937 0.577 17
0.9667 0.6036 0.5824 8
0.9709 0.6107 0.5914 13
0.9729 0.6068 0.5877 13
0.9706 0.6603 0.6393 13
0.9743 0.5755 0.5588 12
0.9706 0.616 0.5964 8
0.9627 0.9999 0.9594 14
0.9821 0.6086 0.5972 16
0.9583 0.8882 0.8511 3
0.9703 0.9344 0.8985 16
0.9667 0.8806 0.8513 2
0.9724 0.8103 0.7871 7
0.9832 0.6699 0.6586 2
0.9882 0.7337 0.7218 16
0.9559 0.6864 0.6555 10
0.9593 1 0.9573 13
0.955 0.9883 0.9406 14
0.9607 0.9999 0.9576 14
0.987 0.9548 0.9404 38
0.9761 0.7224 0.7047 4
0.973 0.5119 0.498 13
0.9778 0.3614 0.3498 21
0.9849 0.4571 0.4496 9
0.952 1 0.9512 7
0.9819 0.3296 0.3236 3
0.9687 0.5011 0.4844 11
0.9718 1 0.9715 11
0.9773 0.6396 0.6246 9
0.9744 0.8144 0.789 17
0.9874 0.8205 0.8004 30
0.9795 0.7506 0.7296 21
0.9836 0.8159 0.8021 8
0.9855 0.7189 0.7015 30
0.9826 0.5834 0.5725 7
0.9808 0.9222 0.9004 16
0.987 1 0.9857 13
0.9703 1 0.9683 20
0.9732 0.6563 0.6383 11
0.979 0.4557 0.4459 11
0.9727 0.6212 0.6032 20
0.9789 0.6744 0.6601 4
0.9794 0.6007 0.5847 12
0.9858 0.9066 0.8932 11
0.972 1 0.9632 17
0.9809 0.8444 0.8265 21
0.9792 0.8176 0.7948 19
0.9807 0.9428 0.922 23
0.9846 0.4565 0.4487 17
0.9829 0.6597 0.6458 21
0.9889 0.9996 0.9879 14
0.9752 0.5474 0.5316 24
0.9824 0.816 0.7999 18
0.9871 0.7387 0.7254 15
0.9835 0.7081 0.6956 13
0.98 0.6128 0.5953 27
0.9816 0.7051 0.6892 13
0.9821 0.6933 0.6784 13
0.9794 0.9009 0.8792 14
0.9862 0.67 0.6605 9
0.9794 0.3588 0.3506 11
0.9815 0.6793 0.666 15
0.9867 0.7208 0.7104 12
0.9775 0.4641 0.453 10
0.9788 0.8249 0.8069 10
0.9867 0.6115 0.6015 15
0.9831 0.613 0.5993 23
0.9846 0.7718 0.7587 18
0.9849 0.9254 0.9099 24
0.981 0.5829 0.5693 22
0.9859 0.7814 0.7681 21
0.9778 0.6714 0.6557 18
0.9826 0.8443 0.8252 28
0.9843 0.7402 0.7277 12
0.9802 0.5968 0.5828 12
0.9799 0.9005 0.882 11
0.986 0.9042 0.8894 23
0.9836 0.8995 0.8799 17
0.9786 0.567 0.5534 24
0.9851 0.9592 0.9422 17
0.98 0.7074 0.6923 17
0.9845 1 0.9843 7
0.9844 0.6518 0.6398 16
0.9848 0.9453 0.9281 16
0.9755 1 0.9701 25
0.9898 0.7579 0.7485 26
0.9835 1 0.9834 12
0.984 0.7967 0.78 25
0.9827 0.9305 0.9137 15
0.982 0.6486 0.6337 28
0.9879 0.8408 0.8293 12
0.985 0.8628 0.849 12
0.9849 0.8429 0.8283 15
0.9846 0.7654 0.753 16
0.9805 0.6035 0.5906 23
0.9788 0.9307 0.9068 22
0.983 0.9192 0.9022 24
0.9854 0.7525 0.7393 15
0.9837 0.9268 0.9099 13
0.9855 1 0.9839 14
0.9862 0.7487 0.7361 22
0.9891 0.9669 0.9558 15
0.9785 0.7089 0.692 22
0.9813 0.7686 0.752 16
0.9765 0.7862 0.7641 12
0.9892 0.9256 0.9139 12
0.9861 0.8336 0.8197 19
0.9852 1 0.9837 25
0.9879 0.6912 0.6812 20
0.9844 0.8715 0.8557 15
0.9852 0.9164 0.9028 9
0.9899 0.531 0.5242 21
0.9819 0.9038 0.8834 13
0.9863 0.7046 0.6939 18
0.9822 0.695 0.6814 24
0.9795 0.8328 0.8154 15
0.9822 0.8442 0.8284 18
0.9849 0.6165 0.603 17
0.9814 0.8151 0.7973 18
0.9894 0.8223 0.8114 24
0.9869 0.7943 0.783 17
0.9877 0.8561 0.8417 26
0.9822 0.8775 0.8595 16
0.9824 0.7585 0.7435 10
0.9727 0.5678 0.5506 21
0.9829 0.6628 0.648 25
0.9844 0.6689 0.6575 19
0.9854 0.6711 0.6596 15
0.9874 0.8258 0.8102 29
0.9807 0.6585 0.6443 22
0.9858 0.8934 0.8768 27
0.9811 0.7882 0.7698 26
0.9809 0.6781 0.6632 20
0.9804 0.6631 0.648 26
0.9808 0.6633 0.6472 19
0.982 0.6455 0.6325 13
0.9854 0.9024 0.8858 37
0.9789 0.8175 0.7983 16
0.9827 0.8235 0.805 25
0.9874 0.875 0.8619 18
0.9861 0.7131 0.6994 24
0.9864 0.7734 0.7611 16
0.9777 0.7149 0.6943 16
0.9826 0.5857 0.5742 19
0.979 0.8098 0.7892 30
0.9809 0.8805 0.8628 22
0.9798 0.771 0.7522 19
0.9804 0.8521 0.8338 17
0.9759 0.9404 0.916 15
0.9708 0.8759 0.8488 11
0.9779 0.7788 0.7592 16
0.9779 0.8915 0.8644 20
0.9743 0.6922 0.6705 20
0.9765 0.7454 0.7253 12
0.9774 0.5969 0.5814 29
0.9683 0.701 0.674 15
0.9817 0.773 0.7564 17
0.9823 0.4423 0.432 21
0.9762 0.8648 0.8412 22
0.9702 0.6582 0.6385 9
0.9713 0.8701 0.8429 18
0.9753 0.8324 0.8109 14
0.9724 0.7146 0.6928 12
0.9732 0.9081 0.8826 20
0.9778 0.9307 0.909 20
0.9764 0.6557 0.6388 14
0.9775 0.7595 0.7414 23
0.9806 0.7245 0.7063 18
0.9772 0.8117 0.788 26
0.9774 0.7672 0.7476 19
0.9695 0.7072 0.684 17
0.978 0.7561 0.7371 21
0.973 0.7425 0.721 11
0.9775 0.7755 0.7549 21
0.9757 0.9103 0.884 26
0.9668 0.7077 0.6808 17
0.9739 0.7965 0.7744 16
0.9793 0.7316 0.7136 20
0.9729 0.9455 0.9139 15
0.9685 0.8225 0.7954 14
0.9769 0.8957 0.871 17
0.9719 0.6845 0.6631 32
0.9745 0.8487 0.823 19
0.9745 0.7876 0.7659 15
0.9747 0.7835 0.7623 17
0.9765 0.6257 0.6099 23
0.9744 0.7103 0.6906 13
0.9762 0.8913 0.8666 11
0.9708 0.8272 0.8014 13
0.9706 0.9433 0.9131 14
0.9773 0.8496 0.8276 17
0.9764 0.6991 0.6799 15
0.9714 0.7828 0.7589 11
0.9737 0.7548 0.7329 19
0.9773 0.7671 0.7475 16
0.9736 0.704 0.6831 15
0.9757 0.8775 0.8527 13
0.9761 0.6884 0.6693 26
0.9812 0.9123 0.8931 29
0.9692 0.917 0.8859 18
0.9715 0.8565 0.83 17
0.9729 0.7002 0.6784 18
0.975 0.8058 0.7825 16
0.9773 0.857 0.8314 21
0.979 0.7466 0.7283 18
0.9772 0.7217 0.7041 7
0.976 0.769 0.7483 22
0.9734 0.764 0.7412 24
0.9778 0.7677 0.7475 27
0.9686 0.8313 0.803 21
0.9749 0.7501 0.7295 12
0.9749 0.661 0.6441 11
0.972 0.7324 0.7083 16
0.9753 0.7643 0.7434 11
0.9759 0.6279 0.6112 16
0.9702 0.6328 0.6107 18
0.9742 0.7474 0.7235 25
0.9781 0.7771 0.7529 13
0.9749 0.8751 0.8497 16
0.9672 0.7648 0.7383 11
0.9693 0.8808 0.8523 9
0.9713 0.8255 0.7994 14
0.9769 0.7307 0.7112 18
0.9734 0.7998 0.7755 17
0.9734 0.8866 0.8611 24
0.9756 0.7307 0.7104 18
0.9725 0.7039 0.6826 12
0.9731 0.6433 0.6248 10
0.9755 0.8017 0.7777 16
0.9695 0.8091 0.7841 11
0.9715 0.7622 0.7368 23
0.9762 0.6992 0.6798 18
0.9717 0.7085 0.6874 9
0.9688 0.7686 0.7436 15
0.9742 0.7674 0.7454 14
0.9681 0.7035 0.6797 15
0.9728 0.7107 0.6898 16
0.9708 0.7727 0.7463 13
0.9744 0.8135 0.791 13
0.9636 0.7622 0.7335 15
0.9742 0.785 0.7638 20
0.9736 0.8219 0.7986 8
0.9729 0.6721 0.6513 11
0.9732 0.7497 0.7273 19
0.9707 0.7517 0.7256 24
0.9711 0.8803 0.8519 15
0.975 0.6841 0.6644 23
0.9747 0.7978 0.7736 18
0.9705 0.7431 0.7169 13
0.9712 0.7736 0.7475 18
0.9709 0.8262 0.8005 17
0.9665 0.7716 0.7453 6
0.9687 0.6768 0.6527 22
0.9703 0.8356 0.8088 11
0.9682 0.7847 0.758 14
0.9657 0.7482 0.7189 8
0.9712 0.7736 0.7486 17
0.9737 0.825 0.8001 23
0.9716 0.8359 0.8109 13
0.977 0.672 0.6542 20
0.9774 0.7495 0.7283 15
0.9757 0.7389 0.717 12
0.9685 0.6493 0.626 16
0.9761 0.6928 0.6727 17
0.9704 0.7191 0.6963 19
0.9748 0.8544 0.8313 17
0.9697 0.8426 0.815 18
0.9737 0.7953 0.7724 16
0.9679 0.8343 0.8042 12
0.9713 0.8025 0.7776 12
0.9737 0.7813 0.7566 12
0.9688 0.7719 0.7457 20
0.9676 0.9137 0.8799 21
0.9684 0.6872 0.6634 17
0.9739 0.7765 0.7515 11
0.9697 0.8312 0.8031 19
0.9701 0.796 0.7696 14
0.9664 0.8644 0.8345 13
0.9651 0.9361 0.9022 10
0.974 0.7346 0.7109 13
0.9714 0.7749 0.7494 21
0.9719 0.6747 0.6538 20
0.9648 0.7395 0.7117 17
0.9736 0.9291 0.9012 21
0.9655 0.6908 0.6646 18
0.9724 0.8115 0.7861 17
0.9689 0.7092 0.686 8
0.968 0.6945 0.6696 14
0.9647 0.7342 0.7037 15
0.9741 0.8969 0.8671 16
0.9742 0.68 0.6587 14
0.9702 0.7544 0.7296 10
0.9715 0.8727 0.8441 10
0.9673 0.8468 0.8161 12
0.9637 0.7861 0.7551 11
0.9728 0.7808 0.7568 21
0.9736 0.7562 0.7326 19
0.9722 0.8111 0.7837 9
0.9694 0.8136 0.7849 15
0.9708 0.6787 0.6567 17
0.9742 0.8219 0.7981 11
0.9691 0.7925 0.7651 17
0.969 0.7792 0.7509 13
0.9732 0.7463 0.7225 10
0.9713 0.798 0.7722 18
0.9708 0.7557 0.7302 12
0.9734 0.8332 0.8062 17
0.9627 1 0.9626 8
0.982 0.7789 0.7638 9
0.9583 0.9259 0.8873 3
0.9728 0.8709 0.8472 1
0.9667 1 0.9658 7
0.9736 1 0.9734 9
0.9815 0.8065 0.7908 11
0.842 1 0.842 7
0.9347 1 0.9347 1
0.9618 0.8662 0.833 5
0.9302 1 0.9302 4
0.9622 0.8976 0.8633 9
0.9844 0.9817 0.9651 16
0.9107 1 0.9107 5
0.9754 0.9173 0.8946 5
0.9778 0.7903 0.7727 2
0.9849 0.6002 0.5909 7
0.9604 1 0.959 9
0.6315 1 0.6315 3
0.962 1 0.9597 13
0.9732 0.9607 0.9346 6
0.9752 0.9593 0.9349 9
0.9162 1 0.9162 1
0.8977 1 0.8977 4
0.9779 1 0.9776 14
0.9774 1 0.9774 6
0.9846 0.8993 0.8849 13
0.9826 1 0.9825 10
0.9722 1 0.972 14
0.9722 1 0.9722 4
0.9662 1 0.9655 15
0.9767 1 0.9761 6
0.9747 1 0.9747 14
0.8993 1 0.8993 2
0.9778 1 0.9778 3
0.9809 0.916 0.8981 4
0.9858 1 0.9823 21
0.9701 0.9855 0.956 3
0.9803 1 0.9795 9
0.9804 1 0.9799 18
0.9785 0.8233 0.8045 15
0.984 0.9801 0.9632 18
0.9829 1 0.9823 15
0.9728 1 0.9728 7
0.9752 1 0.9752 6
0.9824 1 0.9819 16
0.9871 1 0.9858 11
0.9835 1 0.9835 7
0.9799 1 0.9789 13
0.982 1 0.982 5
0.9803 1 0.9801 10
0.9811 1 0.981 6
0.9832 1 0.9829 20
0.9578 1 0.9578 3
0.9817 1 0.9816 11
0.9761 1 0.9761 8
0.968 1 0.968 5
0.9788 0.8913 0.8716 13
0.9899 0.8879 0.8777 8
0.9814 1 0.9809 11
0.9789 1 0.9789 3
0.9828 1 0.9826 9
0.9807 1 0.9806 13
0.9845 1 0.9841 14
0.9819 0.9996 0.9805 14
0.9789 1 0.978 18
0.9863 1 0.9851 14
0.979 1 0.9789 10
0.9797 0.994 0.9709 18
0.9843 1 0.9783 24
0.9747 1 0.9747 8
0.979 1 0.9784 11
0.9861 1 0.986 11
0.9793 1 0.9787 19
0.9838 1 0.9838 7
0.9842 1 0.9837 22
0.9842 1 0.9819 27
0.9717 1 0.9717 4
0.9898 1 0.9866 15
0.9822 0.9663 0.9483 15
0.9848 1 0.9848 7
0.9839 1 0.9838 10
0.9798 1 0.9796 7
0.9835 1 0.9835 5
0.9814 1 0.9811 10
0.9794 1 0.9792 15
0.9827 1 0.9827 6
0.9725 1 0.9725 4
0.9825 1 0.9822 9
0.978 1 0.978 5
0.9818 1 0.9818 4
0.9809 1 0.9792 20
0.9871 1 0.9864 9
0.9804 1 0.9803 10
0.9743 1 0.9743 4
0.9832 1 0.9829 9
0.9813 1 0.981 16
0.977 1 0.9764 9
0.9872 0.9999 0.9851 24
0.9861 1 0.9861 7
0.9856 1 0.9855 8
0.9838 1 0.9838 6
0.9801 1 0.9801 12
0.982 1 0.982 7
0.9859 1 0.9853 11
0.9783 1 0.9783 3
0.9863 1 0.9861 11
0.9758 1 0.9757 11
0.9808 1 0.9807 16
0.9859 1 0.9848 16
0.981 1 0.981 6
0.9832 1 0.9829 7
0.9911 1 0.9911 6
0.9873 1 0.9866 17
0.9877 1 0.9873 15
0.9814 1 0.9811 22
0.9816 0.9042 0.8872 8
0.9689 1 0.9689 4
0.9848 1 0.9844 11
0.9834 1 0.9834 11
0.9749 1 0.9749 8
0.9682 1 0.9682 3
0.9796 1 0.9796 4
0.9853 1 0.9846 20
0.9853 1 0.985 16
0.9789 1 0.9784 17
0.9808 1 0.9808 7
0.9803 1 0.9803 8
0.9861 1 0.9861 6
0.9827 1 0.9827 5
0.9799 1 0.9798 7
0.9861 1 0.9858 22
0.9813 1 0.9813 4
0.9777 1 0.9777 6
0.9872 0.9999 0.9867 11
0.9793 1 0.9774 16
0.9827 1 0.9826 13
0.975 1 0.975 8
0.9854 1 0.9851 10
0.982 1 0.9812 18
0.9726 1 0.9726 5
0.9757 0.9999 0.974 11
0.97 1 0.9699 13
0.9749 1 0.9745 8
0.9741 0.99 0.9639 11
0.9751 1 0.975 15
0.9722 1 0.9717 13
0.9707 1 0.9707 3
0.9672 1 0.9665 16
0.9794 0.9997 0.9783 26
0.9696 1 0.9696 6
0.9734 1 0.9731 7
0.9794 1 0.9791 10
0.9725 1 0.9722 15
0.9799 0.9999 0.9791 14
0.9689 1 0.9689 6
0.9747 1 0.9746 9
0.9774 1 0.9773 8
0.9797 1 0.9796 14
0.9755 1 0.9755 11
0.978 1 0.9774 12
0.9748 1 0.9747 11
0.9705 1 0.9705 4
0.9655 1 0.9655 2
0.9722 1 0.9722 13
0.9786 1 0.9784 5
0.9757 0.9995 0.9739 16
0.9737 1 0.9737 4
0.9705 1 0.9698 18
0.9747 1 0.9739 15
0.9747 1 0.9742 11
0.9726 1 0.9724 17
0.9729 1 0.9724 18
0.9762 1 0.9761 7
0.9715 1 0.9705 27
0.9711 1 0.9711 4
0.9758 1 0.9758 5
0.9762 1 0.9761 11
0.9779 1 0.9776 13
0.9763 1 0.9758 14
0.9774 0.9827 0.9602 11
0.9768 1 0.9764 18
0.9735 1 0.973 14
0.9766 0.9998 0.9743 17
0.9775 1 0.9775 3
0.9713 1 0.9712 12
0.9746 1 0.9745 6
0.9791 1 0.9787 16
0.9692 1 0.9692 8
0.9717 1 0.9714 14
0.9732 1 0.9731 14
0.9756 1 0.9754 8
0.9726 1 0.9722 16
0.9718 0.9955 0.9664 14
0.9747 1 0.9745 14
0.9761 0.9998 0.9749 19
0.9734 1 0.973 13
0.9761 0.9999 0.9739 9
0.9797 1 0.9793 15
0.9738 1 0.9737 11
0.9731 1 0.9731 6
0.9729 1 0.9729 5
0.9757 1 0.9749 18
0.973 1 0.9728 16
0.9725 0.9838 0.9563 13
0.9758 1 0.9749 11
0.9757 1 0.9754 12
0.9762 1 0.9758 11
0.9712 1 0.9712 7
0.9762 1 0.9761 10
0.9729 1 0.9727 12
0.972 1 0.972 9
0.9617 1 0.9617 6
0.9608 1 0.9608 6
0.9714 1 0.9708 14
0.9708 1 0.9708 8
0.9749 1 0.9734 11
0.9754 1 0.9754 10
0.9687 1 0.9687 10
0.9721 1 0.9721 7
0.9689 1 0.9688 7
0.9748 1 0.9747 9
0.9698 1 0.9697 4
0.9722 1 0.9713 19
0.9714 1 0.9709 10
0.967 1 0.9669 12
0.9704 1 0.9698 15
0.9708 1 0.9699 14
0.9714 1 0.9714 9
0.9689 1 0.9689 3
0.9782 1 0.9776 14
0.9716 1 0.9714 10
0.9733 1 0.9732 12
0.9746 1 0.974 11
0.974 1 0.9728 15
0.9715 1 0.9712 11
0.97 1 0.9695 14
0.9752 0.9999 0.9744 18
0.9709 1 0.9706 9
0.9746 1 0.9739 17
0.9697 1 0.9694 6
0.9722 1 0.971 14
0.9679 1 0.9671 14
0.9698 1 0.9693 16
0.9705 1 0.9702 8
0.97 1 0.9681 15
0.9634 1 0.9634 9
0.9685 1 0.968 13
0.9654 1 0.9649 9
0.9721 1 0.9717 10
0.9751 1 0.9748 12
0.9766 1 0.9765 10
0.9754 1 0.9751 9
0.9723 1 0.9721 12
0.9737 1 0.9734 13
0.9702 1 0.9702 6
0.9737 1 0.9725 13
0.9702 1 0.9694 16
0.9782 1 0.9778 15
0.9686 1 0.9681 13
0.9654 1 0.9654 3
0.9643 1 0.963 15
0.9709 1 0.9706 13
0.9685 1 0.9685 10
0.9723 1 0.9723 6
0.9687 1 0.9672 12
0.9669 1 0.9669 6
0.9715 1 0.9696 10
0.9658 1 0.9655 16
0.9761 1 0.9748 13
0.9654 1 0.9652 10
0.9703 1 0.9702 12
0.9714 1 0.9712 10
0.9683 1 0.9662 16
0.9644 1 0.9643 10
0.9693 1 0.9692 17
0.9717 1 0.9717 6
0.9675 1 0.9675 6
0.9721 1 0.9716 16
0.9704 1 0.9698 12
0.9658 1 0.9658 2
0.9656 1 0.964 12
0.9694 1 0.9675 17
0.9722 1 0.9715 11
0.9705 1 0.9691 10
0.969 1 0.9689 13
0.9669 1 0.9669 6
0.9621 1 0.9615 11
0.9651 1 0.9647 18
0.9752 1 0.9752 7
0.9708 1 0.9708 3
0.9695 1 0.9695 6
0.9643 1 0.9643 6
0.9758 1 0.9757 7
0.9729 1 0.9723 10
0.9709 1 0.9706 14
0.9661 1 0.9661 11
0.9721 1 0.9718 16
0.9748 1 0.9742 14
0.9745 1 0.9745 6
0.9627 0.8733 0.8384 10
0.9829 1 0.9809 28
0.7535 1 0.7535 6
0.9728 0.9614 0.9352 1
0.9667 0.7971 0.7706 2
0.9671 1 0.967 13
0.9335 1 0.9335 2
0.9882 1 0.9881 9
0.9481 0.7191 0.6809 12
0.957 1 0.9568 5
0.9526 0.8316 0.7911 6
0.9622 1 0.9619 10
0.9842 0.7105 0.6963 13
0.9761 0.942 0.919 4
0.7931 1 0.7931 2
0.9778 0.9998 0.9769 9
0.8075 1 0.8075 2
0.9604 0.5825 0.5579 6
0.8022 1 0.8022 8
0.9687 0.7274 0.6927 17
0.9415 1 0.9415 3
0.9799 1 0.9747 22
0.9729 0.9427 0.913 17
0.9874 1 0.9868 14
0.967 1 0.967 6
0.9837 0.7747 0.7615 9
0.9846 1 0.9842 11
0.9257 1 0.9257 4
0.9739 1 0.9739 6
0.8496 1 0.8496 5
0.971 0.7307 0.7082 13
0.968 1 0.968 7
0.9829 1 0.9794 20
0.9732 1 0.9697 20
0.8826 1 0.8826 5
0.9809 0.9698 0.9496 8
0.9237 1 0.9237 4
0.9701 1 0.969 15
0.9803 1 0.98 17
0.9812 0.971 0.944 22
0.9697 1 0.9696 8
0.9737 1 0.9734 8
0.9723 1 0.9723 6
0.989 0.7592 0.7492 24
0.9754 1 0.9748 14
0.9795 1 0.9791 6
0.9812 1 0.9812 6
0.9845 0.9209 0.9037 19
0.9606 1 0.9606 5
0.9823 1 0.9819 19
0.9818 1 0.9817 13
0.9788 1 0.9785 10
0.9853 1 0.9852 19
0.9812 1 0.9805 9
0.9822 1 0.9815 20
0.9867 1 0.9814 22
0.9696 1 0.9695 5
0.9788 0.9999 0.9743 18
0.9899 0.9236 0.9139 15
0.981 1 0.9808 10
0.9834 0.9689 0.9496 14
0.98 1 0.9799 11
0.9809 1 0.9807 7
0.9823 1 0.9822 9
0.9793 1 0.9782 17
0.9804 1 0.9803 7
0.9739 1 0.9739 9
0.9773 1 0.9772 9
0.9799 1 0.9761 28
0.9841 1 0.982 13
0.981 1 0.9809 10
0.9784 0.8163 0.7966 9
0.9889 1 0.9889 5
0.9788 1 0.9781 17
0.9837 1 0.9836 8
0.9831 1 0.983 9
0.972 1 0.972 8
0.9292 1 0.9292 4
0.9898 1 0.9876 26
0.9805 1 0.9798 14
0.9764 1 0.9763 12
0.9803 1 0.9803 7
0.9798 0.9984 0.9756 19
0.9889 1 0.9826 24
0.9847 1 0.9844 11
0.9848 1 0.9847 4
0.9843 1 0.9841 11
0.9769 1 0.9768 9
0.9777 1 0.9771 21
0.9836 1 0.9813 26
0.9764 1 0.9764 7
0.9759 1 0.9758 7
0.985 1 0.9842 8
0.9826 1 0.9821 10
0.9891 1 0.9864 22
0.9819 1 0.9816 10
0.9813 1 0.981 7
0.9765 1 0.9752 18
0.9875 1 0.9844 27
0.982 1 0.9817 15
0.9777 1 0.9776 9
0.9877 1 0.9869 17
0.9796 1 0.9796 3
0.9832 1 0.9832 12
0.9877 1 0.9872 12
0.9832 1 0.9832 4
0.9776 1 0.9776 10
0.9759 1 0.9757 11
0.9795 1 0.9793 17
0.9775 1 0.9775 6
0.9826 0.8391 0.8226 15
0.9821 1 0.9819 12
0.9847 1 0.9847 3
0.9733 1 0.9733 5
0.9877 1 0.9871 14
0.9815 1 0.9809 19
0.9818 1 0.9816 13
0.9715 1 0.9713 16
0.9852 1 0.9849 13
0.9844 1 0.9842 11
0.985 1 0.985 5
0.9818 1 0.9767 27
0.9827 1 0.9822 18
0.9868 1 0.9855 19
0.981 1 0.981 8
0.9817 1 0.9817 5
0.9811 1 0.9809 10
0.9795 1 0.9792 11
0.9846 1 0.9815 30
0.98 1 0.9798 16
0.983 1 0.9828 12
0.9861 1 0.986 14
0.9738 1 0.9738 13
0.9787 1 0.9783 16
0.9875 1 0.9874 16
0.9799 1 0.9799 5
0.9816 1 0.9815 5
0.9791 1 0.9788 11
0.9806 1 0.9794 19
0.9838 1 0.9837 13
0.9797 1 0.9797 3
0.9774 1 0.9739 9
0.9689 1 0.9686 10
0.9725 1 0.9721 15
0.9755 1 0.9755 3
0.9772 1 0.976 21
0.9732 1 0.9731 9
0.9629 1 0.9629 4
0.9653 1 0.9648 12
0.9739 1 0.9738 17
0.9764 1 0.9761 10
0.9752 1 0.9724 19
0.9774 1 0.9772 12
0.9754 1 0.9748 14
0.9741 1 0.974 15
0.9653 1 0.9653 3
0.9622 1 0.9622 6
0.9773 1 0.9772 6
0.9632 1 0.9632 5
0.9681 1 0.9681 6
0.8462 1 0.8462 3
0.9738 1 0.9738 10
0.9749 1 0.9743 17
0.9781 1 0.9781 7
0.974 1 0.974 9
0.978 1 0.9742 16
0.9774 1 0.977 13
0.9722 1 0.9722 6
0.9687 1 0.9687 3
0.9725 1 0.9705 27
0.9741 1 0.9736 10
0.9746 1 0.9735 17
0.963 1 0.963 6
0.9777 1 0.9777 6
0.9709 1 0.9693 16
0.9727 1 0.9724 11
0.9717 1 0.9711 17
0.9729 1 0.9722 10
0.9815 1 0.9806 17
0.9735 1 0.9735 2
0.9738 1 0.9738 6
0.9733 1 0.9731 7
0.9576 1 0.9576 6
0.9776 1 0.9769 16
0.9743 1 0.9743 7
0.9739 1 0.9709 23
0.9776 1 0.9771 12
0.9786 1 0.9766 28
0.9728 1 0.9715 20
0.9537 1 0.9537 9
0.9706 1 0.9705 5
0.9752 1 0.9752 6
0.9663 1 0.9662 11
0.9735 1 0.9734 8
0.9789 1 0.9784 7
0.9765 1 0.9754 17
0.9733 1 0.9733 8
0.973 1 0.973 7
0.9802 1 0.9769 19
0.9758 1 0.9758 8
0.9724 1 0.9722 11
0.97 1 0.97 6
0.9594 1 0.9594 7
0.9711 1 0.9701 14
0.9762 1 0.9762 4
0.9752 1 0.9719 10
0.9751 1 0.975 17
0.9685 1 0.9685 9
0.9705 1 0.9703 8
0.9723 1 0.9722 4
0.9688 1 0.9687 11
0.9776 1 0.977 18
0.9718 1 0.9699 8
0.9719 1 0.9719 5
0.9735 1 0.9692 15
0.9765 1 0.976 11
0.9651 1 0.9651 6
0.9747 1 0.9745 10
0.9754 1 0.9744 18
0.971 1 0.971 11
0.9703 1 0.9701 8
0.9737 1 0.9728 31
0.9699 1 0.9698 10
0.9717 1 0.9715 9
0.972 1 0.9719 9
0.9725 1 0.9724 7
0.9688 1 0.9683 18
0.9671 1 0.9667 13
0.9603 1 0.9603 6
0.9729 1 0.9715 16
0.9709 1 0.9704 14
0.9775 1 0.9775 5
0.9676 1 0.9668 7
0.9693 1 0.9693 11
0.9711 1 0.9706 11
0.9733 1 0.9714 13
0.9711 1 0.9711 8
0.9711 1 0.9711 7
0.9638 1 0.9637 12
0.9721 1 0.972 10
0.9701 1 0.9695 13
0.9721 1 0.9721 8
0.9667 1 0.9623 18
0.9653 1 0.9653 7
0.9658 1 0.9645 8
0.9717 1 0.9717 8
0.9703 1 0.9699 10
0.9709 1 0.9697 17
0.9674 1 0.9674 5
0.9725 1 0.9721 14
0.9762 1 0.9759 12
0.9742 1 0.9735 12
0.9785 1 0.9777 15
0.9745 1 0.969 14
0.9764 1 0.9763 13
0.9578 1 0.9578 7
0.9702 1 0.9701 10
0.9721 1 0.9712 17
0.9756 1 0.9754 15
0.9703 1 0.9703 8
0.9676 1 0.9675 9
0.9679 1 0.9675 11
0.9585 1 0.9585 6
0.9716 1 0.9715 9
0.9741 1 0.9686 11
0.9668 1 0.9606 15
0.9715 1 0.9715 6
0.9692 1 0.9662 13
0.9644 1 0.9643 11
0.9527 1 0.9527 6
0.9697 1 0.9695 10
0.9692 1 0.969 17
0.9736 1 0.9662 12
0.9673 1 0.9672 15
0.967 1 0.9667 12
0.9664 1 0.9664 3
0.9485 1 0.9485 6
0.9716 1 0.9701 14
0.9735 1 0.9733 9
0.9742 1 0.9738 10
0.9749 1 0.9724 14
0.9621 1 0.9586 15
0.9717 1 0.9678 14
0.9707 1 0.9705 14
0.9733 1 0.9732 6
0.9683 1 0.9558 12
0.9704 1 0.9704 8
0.9631 1 0.963 8
0.9732 1 0.9691 14
0.9764 1 0.9762 13
0.9701 1 0.9644 6
0.9682 1 0.9681 10
0.9719 1 0.97 10
0.9718 1 0.9718 12
0.9692 1 0.9691 12
0.9612 1 0.9594 9
0.9702 1 0.9698 16
0.954 1 0.954 5
0.975 1 0.9721 15
0.9715 1 0.967 15
0.9627 0.9439 0.9058 10
0.6359 1 0.6359 9
0.9574 1 0.9573 4
0.9716 0.4825 0.4688 2
0.9557 1 0.9556 7
0.9671 1 0.9671 4
0.934 1 0.934 3
0.9882 0.8514 0.8391 18
0.7666 1 0.7666 6
0.9645 0.6523 0.627 18
0.9459 1 0.9458 5
0.9622 1 0.9621 7
0.9763 1 0.9763 3
0.9272 1 0.9272 2
0.8264 1 0.8264 3
0.9735 1 0.9702 18
0.9765 1 0.9765 5
0.9434 1 0.9432 6
0.648 0.9999 0.6479 5
0.8248 1 0.8248 2
0.9723 1 0.9719 17
0.9778 0.8403 0.8208 16
0.9724 1 0.9722 10
0.9874 1 0.9848 15
0.964 1 0.9638 8
0.9799 1 0.9799 12
0.9299 1 0.9299 6
0.9832 1 0.9831 12
0.9808 1 0.9804 7
0.6563 1 0.6563 5
0.9704 0.7792 0.7532 25
0.9725 1 0.9724 5
0.9767 1 0.9765 14
0.9631 1 0.963 6
0.9781 1 0.978 7
0.8438 1 0.8438 5
0.9698 1 0.9698 6
0.9701 0.8561 0.8293 14
0.9776 1 0.9775 9
0.9812 0.9672 0.9475 14
0.9785 0.9438 0.9211 9
0.8874 1 0.8874 2
0.9678 1 0.9676 8
0.989 1 0.9889 15
0.9763 1 0.9763 8
0.9823 1 0.9822 8
0.9871 0.9995 0.9839 12
0.9796 1 0.9796 6
0.9789 1 0.9787 8
0.9826 1 0.9809 18
0.9806 1 0.9806 6
0.9824 1 0.9824 5
0.9863 1 0.9862 7
0.9755 1 0.9755 6
0.979 1 0.9789 13
0.9775 1 0.9774 5
0.9779 1 0.9763 11
0.9788 0.9089 0.8856 19
0.9784 1 0.9784 4
0.9808 1 0.9798 8
0.9824 1 0.9824 5
0.983 1 0.9826 11
0.905 1 0.905 2
0.9818 1 0.9818 6
0.9812 1 0.9805 13
0.9825 1 0.9824 13
0.9842 1 0.9833 21
0.9772 1 0.9772 8
0.9791 1 0.9788 14
0.9824 1 0.9816 20
0.9836 1 0.9831 16
0.9755 1 0.9753 10
0.9599 1 0.9599 3
0.9633 1 0.9633 5
0.9856 1 0.9811 23
0.9849 1 0.9847 9
0.9684 1 0.9684 4
0.9754 1 0.9716 24
0.9843 1 0.9842 10
0.9804 1 0.9787 12
0.9851 0.8889 0.8744 14
0.9108 1 0.9108 6
0.9831 1 0.9827 18
0.9879 1 0.9878 12
0.9148 1 0.9148 3
0.9794 1 0.9794 6
0.9787 1 0.9786 13
0.9653 1 0.9653 6
0.9818 1 0.9817 13
0.9839 1 0.9828 14
0.9834 1 0.9827 14
0.9785 1 0.9782 14
0.9856 1 0.9853 13
0.9784 1 0.978 16
0.9874 1 0.9873 8
0.9863 1 0.9863 7
0.9819 1 0.9799 13
0.9749 1 0.9708 14
0.9864 1 0.9796 22
0.9834 1 0.9833 12
0.9815 1 0.9815 6
0.9823 1 0.9817 16
0.9782 1 0.9782 5
0.9852 1 0.9851 9
0.987 1 0.9857 13
0.982 1 0.9818 11
0.9825 1 0.9825 5
0.9819 1 0.9812 16
0.9801 1 0.98 14
0.9749 1 0.9749 10
0.9831 1 0.983 7
0.9826 1 0.9822 11
0.9877 1 0.9875 13
0.96 1 0.96 5
0.9779 1 0.9779 8
0.9809 1 0.9801 17
0.9827 1 0.9817 18
0.9768 1 0.9768 11
0.9839 1 0.9837 18
0.9827 1 0.9827 4
0.9809 1 0.9809 7
0.983 1 0.9814 22
0.9763 1 0.9762 9
0.9848 1 0.9847 11
0.9751 1 0.9751 11
0.9732 1 0.9731 7
0.9823 1 0.9818 15
0.9717 1 0.9717 3
0.969 1 0.969 6
0.9846 1 0.9829 23
0.9794 1 0.9786 18
0.9797 1 0.9797 6
0.982 1 0.9817 12
0.9842 1 0.9827 15
0.9808 1 0.9808 5
0.979 1 0.9752 26
0.9812 1 0.9811 6
0.9708 1 0.9708 12
0.9826 1 0.9802 21
0.9823 1 0.9822 13
0.9718 1 0.9718 3
0.9789 1 0.9789 6
0.961 1 0.961 7
0.9718 1 0.9717 8
0.9782 1 0.9779 11
0.9744 1 0.9742 11
0.9745 1 0.9722 23
0.9756 1 0.9756 7
0.9666 1 0.96 13
0.8493 1 0.8493 4
0.9792 1 0.9787 15
0.9746 1 0.9745 20
0.9699 1 0.9699 7
0.9679 1 0.9679 6
0.9646 1 0.9646 6
0.9721 1 0.9721 1
0.9746 1 0.9743 12
0.9794 1 0.9794 9
0.9724 1 0.9724 3
0.9659 1 0.9659 5
0.9818 1 0.9809 11
0.9759 1 0.9752 14
0.9775 1 0.9722 12
0.9724 1 0.9722 8
0.9798 1 0.9789 16
0.9671 1 0.9669 9
0.9633 1 0.9633 5
0.9658 1 0.9658 6
0.9681 1 0.9681 4
0.9714 1 0.9713 12
0.8547 1 0.8547 4
0.9735 1 0.9735 10
0.9703 1 0.9695 15
0.8919 1 0.8919 3
0.9576 1 0.9576 6
0.9686 1 0.9686 9
0.9707 1 0.9707 9
0.9739 1 0.9738 9
0.9515 1 0.9515 6
0.9687 1 0.9687 4
0.9734 1 0.9732 12
0.9748 1 0.9748 5
0.9555 1 0.9555 7
0.9711 1 0.9711 2
0.975 1 0.9744 9
0.9643 1 0.9643 6
0.9586 1 0.9585 9
0.9752 1 0.9704 14
0.9705 1 0.9702 14
0.9695 1 0.9695 7
0.9753 1 0.9753 7
0.9711 1 0.9711 9
0.9622 1 0.9622 5
0.9637 1 0.9637 13
0.9682 1 0.9682 7
0.9765 1 0.9761 13
0.9755 1 0.974 17
0.9731 1 0.9731 13
0.9774 1 0.9774 10
0.9755 1 0.975 16
0.9644 1 0.9644 12
0.9534 1 0.9534 2
0.9757 1 0.9757 8
0.9621 1 0.9621 7
0.9714 1 0.9713 13
0.9656 1 0.9656 5
0.9769 1 0.9765 14
0.9666 1 0.9666 6
0.9689 1 0.9689 5
0.9654 1 0.9654 4
0.9721 1 0.9721 12
0.9695 1 0.9695 8
0.9653 1 0.9653 6
0.9752 1 0.9745 11
0.9782 1 0.9782 8
0.9663 1 0.9663 15
0.9727 1 0.9727 7
0.9759 1 0.9753 14
0.9739 1 0.9714 16
0.9514 1 0.9514 7
0.9574 1 0.9574 4
0.9679 1 0.9679 5
0.9698 1 0.9697 9
0.9744 1 0.969 10
0.9689 1 0.9689 5
0.9723 1 0.9723 8
0.9651 1 0.965 7
0.965 1 0.9648 10
0.9699 1 0.9699 7
0.9742 1 0.974 8
0.9687 1 0.9686 11
0.9741 1 0.966 17
0.9666 1 0.9666 7
0.9734 1 0.9733 7
0.9729 1 0.9719 17
0.9697 1 0.9695 16
0.965 1 0.965 7
0.9689 1 0.9688 6
0.9629 1 0.9629 11
0.9755 1 0.9732 12
0.9668 1 0.9668 6
0.9649 1 0.9649 4
0.9708 1 0.9707 7
0.9703 1 0.9557 9
0.9704 1 0.9702 9
0.9658 1 0.9658 6
0.9674 1 0.9673 10
0.965 1 0.9649 8
0.974 1 0.9732 10
0.9768 1 0.9762 15
0.9747 1 0.9746 12
0.9737 1 0.9737 3
0.9568 1 0.9568 6
0.9717 1 0.9714 13
0.9758 1 0.9758 6
0.9626 1 0.9624 10
0.9612 1 0.9612 10
0.9714 1 0.9714 4
0.9565 1 0.9565 7
0.9615 1 0.9615 3
0.9651 1 0.9651 3
0.9712 1 0.9711 8
0.9555 1 0.9555 1
0.9714 1 0.9714 9
0.9502 1 0.9502 5
0.9584 1 0.9584 6
0.9732 1 0.9718 12
0.9638 1 0.9638 9
0.9684 1 0.9684 3
0.9685 1 0.9685 8
0.9521 1 0.9521 7
0.9441 1 0.9441 4
0.9724 1 0.9724 10
0.9635 1 0.9634 9
0.9682 1 0.9681 7
0.9682 1 0.9681 13
0.9613 1 0.9613 4
0.96 1 0.96 5
0.9701 1 0.9701 7
0.9674 1 0.9674 4
0.974 1 0.9737 11
0.9658 1 0.9658 6
0.9704 1 0.9703 13
0.9688 1 0.9688 6
0.9531 1 0.9531 2
0.9559 1 0.9559 3
0.965 1 0.965 8
0.9485 1 0.9485 8
0.9701 1 0.9701 5
0.9578 1 0.9578 6
0.9651 1 0.9651 11
0.9657 1 0.9657 3
0.9741 1 0.974 7
0.9696 1 0.9694 15
0.9659 1 0.9659 8
0.9601 1 0.9599 13
0.9674 1 0.9672 13
0.9686 1 0.9686 2
0.9661 1 0.9661 9
0.9725 1 0.9721 11

0.9602 1 0.9595 13
0.982 0.9136 0.8964 12
0.8593 1 0.8593 7
0.6948 1 0.6948 4
0.9557 1 0.9557 9
0.6892 1 0.6892 2
0.7677 1 0.7677 11
0.9832 1 0.9831 6
0.7829 1 0.7829 5
0.9618 1 0.9614 9
0.7205 1 0.7205 3
0.6876 0.9987 0.6867 1
0.8874 1 0.8874 3
0.7479 1 0.7479 4
0.647 1 0.647 6
0.7176 1 0.7176 4
0.668 1 0.668 3
0.952 1 0.9517 7
0.7903 1 0.7903 6
0.6513 1 0.6513 4
0.9716 1 0.9714 9
0.713 1 0.713 5
0.9733 1 0.9728 16
0.9579 1 0.9579 5
0.9134 1 0.9134 2
0.9863 1 0.9862 10
0.9296 1 0.9296 3
0.7073 1 0.7073 3
0.7993 1 0.7993 8
0.7114 1 0.7114 2
0.9672 1 0.9671 6
0.8337 1 0.8337 2
0.8279 1 0.8279 3
0.785 1 0.785 5
0.8845 1 0.8845 17
0.7089 1 0.7089 2
0.9328 1 0.9328 2
0.8846 1 0.8846 4
0.7378 1 0.7378 2
0.8433 1 0.8433 4
0.7533 1 0.7533 3
0.9688 1 0.9688 5
0.973 1 0.973 9
0.7802 1 0.7802 2
0.9656 1 0.9656 6
0.8815 1 0.8815 4
0.9871 1 0.9868 14
0.8755 1 0.8755 4
0.9508 1 0.9508 3
0.982 1 0.9809 16
0.8083 1 0.8083 2
0.8433 1 0.8433 4
0.9215 1 0.9215 3
0.9772 1 0.977 8
0.9571 1 0.9571 2
0.8893 1 0.8893 2
0.8441 1 0.8441 5
0.8728 1 0.8728 4
0.9734 1 0.9734 7
0.9814 1 0.9812 7
0.8948 1 0.8948 2
0.9027 1 0.9027 3
0.876 1 0.876 1
0.8678 1 0.8678 4
0.9758 1 0.9758 11
0.86 1 0.86 5
0.8705 1 0.8705 3
0.9248 1 0.9248 7
0.9772 1 0.9772 5
0.9836 1 0.9828 19
0.9471 1 0.9471 3
0.9755 1 0.9755 6
0.9504 1 0.9504 3
0.9244 1 0.9244 4
0.9151 1 0.9151 4
0.9812 1 0.9812 5
0.7839 1 0.7839 7
0.6762 1 0.6762 3
0.9807 1 0.9807 6
0.8911 1 0.8911 2
0.7951 1 0.7951 3
0.8003 1 0.8003 1
0.876 1 0.876 1
0.9412 1 0.9412 3
0.8527 1 0.8527 3
0.973 1 0.973 8
0.8108 1 0.8108 1
0.7925 1 0.7925 2
0.8655 1 0.8655 4
0.7736 1 0.7736 4
0.7623 1 0.7623 3
0.8089 1 0.8089 4
0.8674 1 0.8674 4
0.8372 1 0.8372 3
0.9688 1 0.9688 7
0.7653 1 0.7653 5
0.7045 1 0.7045 1
0.7364 1 0.7364 3
0.7636 1 0.7636 3
0.8327 1 0.8327 4
0.9227 1 0.9227 3
0.9745 1 0.9745 4
0.8636 1 0.8636 5
0.9563 1 0.9563 2
0.8958 1 0.8958 3
0.9803 1 0.9802 14
0.7887 1 0.7887 3
0.9634 1 0.9634 1
0.9756 1 0.9755 14
0.8252 1 0.8252 2
0.847 1 0.847 3
0.8135 1 0.8135 3
0.9183 1 0.9183 3
0.794 1 0.794 2
0.9855 1 0.9853 6
0.9815 1 0.9815 5
0.864 1 0.864 4
0.8378 1 0.8378 1
0.8986 1 0.8986 3
0.9276 1 0.9276 3
0.9865 1 0.9865 11
0.7734 1 0.7734 2
0.9219 1 0.9219 2
0.6792 1 0.6792 3
0.7984 1 0.7984 3
0.9423 1 0.9423 2
0.9264 1 0.9264 5
0.8688 1 0.8688 3
0.8603 1 0.8603 5
0.9672 1 0.9672 4
0.8962 1 0.8962 2
0.8566 1 0.8566 6
0.97 1 0.97 5
0.9802 1 0.9801 15
0.9164 1 0.9164 3
0.9465 1 0.9465 7
0.9255 1 0.9255 3
0.9305 1 0.9305 4
0.8422 1 0.8422 4
0.9577 1 0.9577 7
0.7256 1 0.7256 2
0.953 1 0.953 6
0.887 1 0.887 5
0.892 1 0.892 6
0.8424 1 0.8424 1
0.8933 1 0.8933 2
0.8205 1 0.8205 2
0.9083 1 0.9083 4
0.7837 1 0.7837 3
0.8018 1 0.8018 2
0.9608 1 0.9608 2
0.8318 1 0.8318 3
0.7846 1 0.7846 2
0.9248 1 0.9248 3
0.9507 1 0.9507 4
0.6921 1 0.6921 3
0.7058 1 0.7058 4
0.8057 1 0.8057 3
0.9729 1 0.9729 10
0.8002 1 0.8002 3
0.8362 1 0.8362 3
0.8694 1 0.8694 2
0.9373 1 0.9373 3
0.8578 1 0.8578 3
0.7977 1 0.7977 3
0.8948 1 0.8948 2
0.848 1 0.848 3
0.9726 1 0.9726 4
0.7755 1 0.7755 2
0.9545 1 0.9545 2
0.8987 1 0.8987 2
0.8049 1 0.8049 3
0.8484 1 0.8484 3
0.8841 1 0.8841 5
0.8311 1 0.8311 3
0.8786 1 0.8786 3
0.9016 1 0.9016 4
0.8316 1 0.8316 3
0.875 1 0.875 3
0.89 1 0.89 4
0.9412 1 0.9412 2
0.8421 1 0.8421 3
0.8578 1 0.8578 4
0.8428 1 0.8428 3
0.8067 1 0.8067 4
0.8315 1 0.8315 2
0.9392 1 0.9392 4
0.8964 1 0.8964 2
0.8371 1 0.8371 4
0.8376 1 0.8376 4
0.9419 1 0.9419 3
0.8679 1 0.8679 2
0.8563 1 0.8563 5
0.9314 1 0.9314 1
0.8615 1 0.8615 7
0.842 1 0.842 2
0.7747 1 0.7747 1
0.93 1 0.93 2
0.8795 1 0.8795 6
0.8128 1 0.8128 4
0.8632 1 0.8632 3
0.807 1 0.807 2
0.8305 1 0.8305 3
0.9452 1 0.9452 5
0.9179 1 0.9179 2
0.8972 1 0.8972 5
0.841 1 0.841 2
0.7083 1 0.7083 1
0.7716 1 0.7716 2
0.8407 1 0.8407 4
0.856 1 0.856 2
0.7899 1 0.7899 3
0.8626 1 0.8626 3
0.8956 1 0.8956 2
0.7865 1 0.7865 5
0.9499 1 0.9499 4
0.8537 1 0.8537 2
0.7539 1 0.7539 4
0.878 1 0.878 4
0.7242 1 0.7242 4
0.8757 1 0.8757 4
0.8777 1 0.8777 4
0.7774 1 0.7774 4
0.9106 1 0.9106 5
0.922 1 0.922 3
0.7738 1 0.7738 2
0.9431 1 0.9431 5
0.834 1 0.834 3
0.7681 1 0.7681 2
0.8489 1 0.8489 1
0.7628 1 0.7628 4
0.8747 1 0.8747 2
0.783 1 0.783 3
0.8401 1 0.8401 2
0.8853 1 0.8853 3
0.948 1 0.948 3
0.8744 1 0.8744 1
0.8518 1 0.8518 4
0.8584 1 0.8584 2
0.7796 1 0.7796 4
0.8189 1 0.8189 3
0.8097 1 0.8097 4
0.8452 1 0.8452 2
0.7936 1 0.7936 2
0.8089 1 0.8089 3
0.8233 1 0.8233 2
0.8089 1 0.8089 2
0.8135 1 0.8135 3
0.8118 1 0.8118 1
0.7792 1 0.7792 3
0.8659 1 0.8659 2
0.8703 1 0.8703 2
0.8186 1 0.8186 1
0.8494 1 0.8494 3
0.8569 1 0.8569 2
0.862 1 0.862 4
0.8756 1 0.8756 2
0.8508 1 0.8508 2
0.8223 1 0.8223 4
0.7442 1 0.7442 4
0.861 1 0.861 1
0.8145 1 0.8145 2
0.8691 1 0.8691 1
0.7222 1 0.7222 5
0.9282 1 0.9282 4
0.7783 1 0.7783 2
0.832 1 0.832 3
0.8361 1 0.8361 1
0.8012 1 0.8012 2
0.8517 1 0.8517 3
0.8026 1 0.8026 2
0.8579 1 0.8579 5
0.7613 1 0.7613 2
0.7821 1 0.7821 3
0.7813 1 0.7813 5
0.7752 1 0.7752 3
0.8321 1 0.8321 5
0.7678 1 0.7678 3
0.7989 1 0.7989 3
0.8059 1 0.8059 2
0.7582 1 0.7582 3
0.8627 1 0.8627 3
0.7651 1 0.7651 1
0.8908 1 0.8908 4
0.7537 1 0.7537 3
0.7851 1 0.7851 2
0.7986 1 0.7986 4
0.8294 1 0.8294 2
0.8221 1 0.8221 2
0.8547 1 0.8547 3
0.8499 1 0.8499 4
0.7548 1 0.7548 1
0.7955 1 0.7955 2
0.7486 1 0.7486 2
0.8088 1 0.8088 2
0.9027 1 0.9027 2
0.8248 1 0.8248 5
0.9429 1 0.9429 2
0.7907 1 0.7907 4
0.776 1 0.776 2
0.7667 1 0.7667 5
0.981 0.9933 0.9728 17
0.9434 1 0.9433 8
0.9716 0.9624 0.9349 8
0.9485 1 0.9484 6
0.9708 0.9998 0.9691 8
0.6863 1 0.6863 2
0.9624 1 0.9624 6
0.695 1 0.695 6
0.9593 0.7012 0.6721 10
0.73 1 0.73 3
0.7288 1 0.7288 4
0.9844 1 0.9837 19
0.7904 1 0.7904 3
0.76 1 0.76 5
0.9383 1 0.9383 4
0.7015 1 0.7015 1
0.9604 0.984 0.9415 5
0.6677 1 0.6677 5
0.9687 0.9999 0.9677 15
0.9595 1 0.9595 3
0.5727 1 0.5727 3
0.9711 1 0.9711 4
0.6345 1 0.6345 1
0.9533 1 0.9533 12
0.5613 1 0.5613 2
0.9841 1 0.984 11
0.7101 1 0.7101 3
0.9755 1 0.9743 12
0.9821 1 0.9819 9
0.9696 1 0.9696 7
0.8134 1 0.8134 4
0.853 1 0.853 2
0.9727 1 0.9711 13
0.9712 1 0.9711 8
0.9683 1 0.9683 5
0.9696 1 0.9696 6
0.9701 1 0.967 22
0.749 1 0.749 3
0.9484 1 0.9484 3
0.9785 1 0.9784 15
0.9334 1 0.9334 5
0.9824 1 0.9824 4
0.8721 1 0.8721 5
0.6999 1 0.6999 3
0.6848 1 0.6848 4
0.9741 1 0.9741 7
0.974 1 0.9739 8
0.8253 1 0.8253 5
0.982 1 0.9811 14
0.8752 1 0.8752 2
0.9811 1 0.9809 5
0.8733 1 0.8733 3
0.9777 1 0.9777 4
0.7406 1 0.7406 4
0.9796 1 0.9793 10
0.9692 1 0.9692 9
0.9572 1 0.9572 5
0.987 1 0.9851 17
0.7278 1 0.7278 4
0.9574 1 0.9574 7
0.9838 1 0.9827 23
0.9678 1 0.9678 5
0.7487 1 0.7487 1
0.9786 1 0.9782 11
0.978 1 0.9777 13
0.9512 1 0.9512 4
0.9559 1 0.9559 6
0.9374 1 0.9374 2
0.9836 1 0.9833 14
0.9776 1 0.9776 6
0.7987 1 0.7987 3
0.9905 1 0.9894 14
0.7981 1 0.7981 4
0.7664 1 0.7664 5
0.9844 1 0.9828 20
0.9095 1 0.9095 3
0.8669 1 0.8669 4
0.7937 1 0.7937 2
0.7787 1 0.7787 4
0.7772 1 0.7772 9
0.9837 1 0.9832 11
0.9798 1 0.9791 15
0.7093 1 0.7093 2
0.9794 1 0.9792 13
0.975 1 0.975 5
0.7585 1 0.7585 2
0.9705 1 0.9705 5
0.9784 1 0.9778 22
0.9836 1 0.9832 15
0.9781 1 0.9781 8
0.9314 1 0.9314 4
0.8215 1 0.8215 6
0.9789 1 0.9783 15
0.9807 1 0.9803 9
0.9844 1 0.9843 7
0.8606 1 0.8606 5
0.8023 1 0.8023 5
0.986 1 0.986 6
0.9685 1 0.9685 1
0.9827 1 0.9826 14
0.9746 1 0.9746 3
0.9791 1 0.9791 9
0.796 1 0.796 4
0.8189 1 0.8189 2
0.9048 1 0.9048 2
0.9276 1 0.9276 3
0.9748 1 0.9748 2
0.7619 1 0.7619 2
0.8933 1 0.8933 2
0.9289 1 0.9289 2
0.8624 1 0.8624 2
0.9798 1 0.9798 3
0.9035 1 0.9035 4
0.9872 1 0.9872 4
0.7984 1 0.7984 3
0.9186 1 0.9186 7
0.7861 1 0.7861 1
0.9749 1 0.9749 3
0.9829 1 0.9828 16
0.9827 1 0.9827 8
0.965 1 0.965 4
0.9812 1 0.981 16
0.985 1 0.9849 7
0.9672 1 0.9672 2
0.9232 1 0.9232 2
0.9773 1 0.9773 7
0.9707 1 0.9705 5
0.9787 1 0.9787 7
0.9824 1 0.9817 22
0.854 1 0.854 4
0.9777 1 0.9777 8
0.9688 1 0.9688 4
0.9782 1 0.9782 6
0.8865 1 0.8865 4
0.9573 1 0.9573 1
0.8814 1 0.8814 2
0.9462 1 0.9462 4
0.9585 1 0.9585 5
0.9805 1 0.9803 12
0.9578 1 0.9578 5
0.7606 1 0.7606 2
0.9555 1 0.9555 9
0.7833 1 0.7833 3
0.9466 1 0.9466 8
0.9586 1 0.9586 6
0.8215 1 0.8215 3
0.8324 1 0.8324 4
0.7546 1 0.7546 2
0.9495 1 0.9495 3
0.8133 1 0.8133 3
0.9713 1 0.9707 7
0.8412 1 0.8412 3
0.8155 1 0.8155 3
0.9751 1 0.975 10
0.7255 1 0.7255 1
0.9486 1 0.9486 4
0.8774 1 0.8774 3
0.9408 1 0.9408 3
0.9611 1 0.9611 5
0.972 1 0.972 4
0.9556 1 0.9556 7
0.9588 1 0.9588 6
0.77 1 0.77 3
0.9748 1 0.9748 5
0.842 1 0.842 3
0.8676 1 0.8676 3
0.9516 1 0.9516 5
0.8798 1 0.8798 4
0.9602 1 0.9602 7
0.9685 1 0.9685 6
0.9646 1 0.9645 10
0.9568 1 0.9568 6
0.9645 1 0.9645 6
0.9141 1 0.9141 2
0.9614 1 0.9613 12
0.8218 1 0.8218 2
0.9396 1 0.9396 3
0.9562 1 0.9562 3
0.8211 1 0.8211 4
0.9432 1 0.9432 3
0.9351 1 0.9351 2
0.9413 1 0.9413 2
0.9753 1 0.9753 7
0.9686 1 0.9686 8
0.9274 1 0.9274 3
0.8251 1 0.8251 2
0.8683 1 0.8683 2
0.9651 1 0.9651 6
0.8951 1 0.8951 2
0.9498 1 0.9498 5
0.9488 1 0.9488 3
0.9294 1 0.9294 2
0.9417 1 0.9417 9
0.9533 1 0.9533 4
0.9146 1 0.9146 2
0.9646 1 0.9646 1
0.9376 1 0.9376 5
0.9676 1 0.9676 4
0.9157 1 0.9157 4
0.9098 1 0.9098 2
0.9672 1 0.9672 8
0.8991 1 0.8991 2
0.8194 1 0.8194 2
0.8924 1 0.8924 2
0.9311 1 0.9311 5
0.9312 1 0.9312 2
0.9528 1 0.9528 4
0.9572 1 0.9572 4
0.962 1 0.962 4
0.9353 1 0.9353 4
0.9411 1 0.9411 3
0.8829 1 0.8829 1
0.8033 1 0.8033 3
0.7889 1 0.7889 3
0.9616 1 0.9616 11
0.9574 1 0.9574 3
0.8826 1 0.8826 3
0.9232 1 0.9232 1
0.9727 1 0.9726 16
0.9686 1 0.9685 13
0.9529 1 0.9529 6
0.8089 1 0.8089 1
0.8338 1 0.8338 3
0.8839 1 0.8839 2
0.791 1 0.791 3
0.735 1 0.735 2
0.9548 1 0.9548 3
0.8988 1 0.8988 1
0.8856 1 0.8856 2
0.8039 1 0.8039 4
0.9577 1 0.9577 5
0.8933 1 0.8933 5
0.9367 1 0.9367 2
0.9649 1 0.9647 12
0.9695 1 0.9695 10
0.9055 1 0.9055 5
0.9441 1 0.9441 3
0.8566 1 0.8566 4
0.8996 1 0.8996 4
0.9148 1 0.9148 6
0.8835 1 0.8835 3
0.8308 1 0.8308 2
0.7701 1 0.7701 2
0.912 1 0.912 3
0.8897 1 0.8897 3
0.9425 1 0.9425 2
0.8614 1 0.8614 4
0.8645 1 0.8645 3
0.9004 1 0.9004 3
0.8953 1 0.8953 1
0.9018 1 0.9018 2
0.7478 1 0.7478 2
0.8721 1 0.8721 2
0.8757 1 0.8757 4
0.9529 1 0.9529 7
0.8906 1 0.8906 2
0.9146 1 0.9146 3
0.9443 1 0.9443 4
0.9161 1 0.9161 4
0.8059 1 0.8059 3
0.9239 1 0.9239 2
0.8314 1 0.8314 3
0.9666 1 0.9665 13
0.7336 1 0.7336 2
0.967 1 0.9638 6
0.9061 1 0.9061 3
0.9374 1 0.9374 3
0.9416 1 0.9416 1
0.7832 1 0.7832 3
0.922 1 0.922 4
0.8613 1 0.8613 3
0.9721 1 0.9721 5
0.9203 1 0.9203 3
0.9524 1 0.9524 1
0.9356 1 0.9356 3
0.7317 1 0.7317 2
0.949 1 0.949 2
0.9597 1 0.9597 8
0.8643 1 0.8643 1
0.8742 1 0.8742 4
0.9223 1 0.9223 3
0.948 1 0.948 6
0.9576 1 0.9576 9
0.8322 1 0.8322 2
0.9668 1 0.9668 7
0.829 1 0.829 2
0.8757 1 0.8757 1
0.9456 1 0.9456 4
0.8097 1 0.8097 3
0.8777 1 0.8777 4
0.7457 1 0.7457 4
0.8319 1 0.8319 3
0.9638 1 0.9638 5
0.9618 1 0.9618 5
0.9444 1 0.9444 4
0.8383 1 0.8383 1
0.843 1 0.843 2
0.9016 1 0.9016 5
0.8805 1 0.8805 4
0.9101 1 0.9101 2
0.7361 1 0.736 3
0.5076 1 0.5076 5
0.9552 1 0.9552 4
0.9612 1 0.9611 6
0.9729 1 0.9718 14
0.8144 1 0.8144 5
0.9729 1 0.9729 8
0.8687 1 0.8686 10
0.8218 1 0.8218 2
0.9574 0.7629 0.7206 22
0.9627 1 0.9626 8
0.9858 0.662 0.6524 12
0.526 1 0.526 5
0.6337 1 0.6336 6
0.9737 1 0.9723 11
0.9819 1 0.9815 8
0.9604 1 0.956 10
0.981 0.6201 0.6077 12
0.9687 0.9046 0.8746 7
0.9386 1 0.9386 5
0.974 1 0.974 4
0.9742 1 0.9727 17
0.7585 1 0.7585 7
0.963 1 0.963 6
0.9835 0.9519 0.9352 14
0.7898 1 0.7898 3
0.9743 1 0.9742 9
0.9564 1 0.9564 5
0.9824 1 0.9818 11
0.9047 1 0.9047 6
0.9718 1 0.9717 8
0.962 1 0.9615 10
0.9701 1 0.9699 11
0.5317 1 0.5317 3
0.9757 1 0.9746 18
0.5573 1 0.5573 5
0.7194 1 0.7194 4
0.9624 1 0.9624 3
0.9707 1 0.9697 16
0.9684 1 0.9683 7
0.9773 1 0.9773 2
0.8404 1 0.8404 3
0.8056 1 0.8056 1
0.7647 1 0.7647 5
0.9829 1 0.9826 8
0.7167 1 0.7167 3
0.8736 1 0.8736 4
0.6635 1 0.6635 5
0.978 1 0.978 6
0.9773 1 0.977 10
0.9825 1 0.9822 12
0.987 1 0.9864 13
0.9723 1 0.9723 5
0.9557 1 0.9557 6
0.9841 1 0.9839 10
0.9602 1 0.9602 7
0.9126 1 0.9126 6
0.8463 1 0.8463 5
0.9814 1 0.9814 4
0.981 1 0.9809 7
0.9827 1 0.9826 9
0.9706 1 0.9702 14
0.7209 1 0.7209 4
0.9812 1 0.9803 17
0.9725 1 0.9724 6
0.9844 1 0.9844 4
0.9828 1 0.9826 8
0.9788 1 0.9787 9
0.9754 1 0.9754 5
0.8667 1 0.8667 4
0.9715 1 0.9715 3
0.9866 1 0.9866 10
0.7912 1 0.7912 5
0.9292 1 0.9292 2
0.985 1 0.9849 12
0.9234 1 0.9234 4
0.7719 1 0.7719 5
0.9878 1 0.9878 8
0.9774 1 0.9771 12
0.9804 1 0.9804 4
0.791 1 0.791 4
0.8362 1 0.8362 2
0.8996 1 0.8996 2
0.9848 1 0.9834 16
0.7638 1 0.7638 4
0.889 1 0.889 3
0.9739 1 0.9736 12
0.821 1 0.821 4
0.9667 1 0.9667 7
0.9765 1 0.9764 11
0.9809 1 0.9807 10
0.9799 1 0.9799 9
0.9777 1 0.9776 13
0.9891 1 0.9875 22
0.9844 1 0.984 12
0.9291 1 0.9291 4
0.6743 1 0.6743 2
0.9864 1 0.9856 18
0.9749 1 0.9749 5
0.9756 1 0.9755 12
0.9073 1 0.9073 3
0.9812 1 0.9805 12
0.7822 1 0.7822 3
0.9835 1 0.9835 9
0.9692 1 0.9692 8
0.797 1 0.797 4
0.9735 1 0.9735 6
0.958 1 0.958 8
0.8906 1 0.8906 2
0.7814 1 0.7814 2
0.8513 1 0.8513 1
0.8908 1 0.8908 3
0.9823 1 0.9823 6
0.9814 1 0.9814 6
0.7967 1 0.7967 7
0.9399 1 0.9399 1
0.9694 1 0.9694 5
0.9722 1 0.9721 7
0.9161 1 0.9161 3
0.9298 1 0.9298 5
0.9761 1 0.9761 8
0.9392 1 0.9392 6
0.9618 1 0.9618 5
0.945 1 0.945 3
0.9804 1 0.9803 12
0.9059 1 0.9059 6
0.9485 1 0.9485 8
0.9797 1 0.9796 7
0.8926 1 0.8926 3
0.9774 1 0.9773 15
0.98 1 0.9796 9
0.9712 1 0.9712 5
0.9412 1 0.9412 5
0.7501 1 0.7501 4
0.9772 1 0.9771 8
0.9778 1 0.9778 7
0.9731 1 0.9729 9
0.9129 1 0.9129 1
0.965 1 0.965 8
0.7311 1 0.7311 2
0.9175 1 0.9175 3
0.8912 1 0.8912 3
0.7936 1 0.7936 4
0.8562 1 0.8562 3
0.9516 1 0.9516 4
0.9684 1 0.9683 6
0.887 1 0.887 3
0.8853 1 0.8853 4
0.9646 1 0.9646 3
0.9617 1 0.9617 3
0.9623 1 0.9623 5
0.7997 1 0.7997 3
0.8665 1 0.8665 3
0.9386 1 0.9386 5
0.9567 1 0.9567 5
0.9795 1 0.9785 17
0.8921 1 0.8921 3
0.9737 1 0.9737 3
0.9368 1 0.9368 6
0.9761 1 0.9759 12
0.6569 1 0.6569 2
0.9493 1 0.9493 4
0.9339 1 0.9339 1
0.9657 1 0.9655 9
0.9581 1 0.9581 3
0.9072 1 0.9072 3
0.9507 1 0.9507 3
0.741 1 0.741 2
0.9305 1 0.9305 6
0.9651 1 0.9651 4
0.8942 1 0.8942 2
0.9438 1 0.9438 4
0.9695 1 0.9695 5
0.8997 1 0.8997 3
0.9379 1 0.9379 3
0.9709 1 0.9709 3
0.947 1 0.947 3
0.9094 1 0.9094 1
0.9697 1 0.9696 6
0.8745 1 0.8745 3
0.7449 1 0.7449 4
0.9615 1 0.9615 6
0.7796 1 0.7796 1
0.9683 1 0.9683 9
0.96 1 0.96 3
0.9663 1 0.9663 2
0.8647 1 0.8647 4
0.9679 1 0.9678 11
0.9199 1 0.9199 2
0.963 1 0.963 6
0.9081 1 0.9081 6
0.9613 1 0.9613 5
0.7661 1 0.7661 3
0.821 1 0.821 2
0.9188 1 0.9188 2
0.7918 1 0.7918 2
0.9586 1 0.9586 5
0.9132 1 0.9132 3
0.9214 1 0.9214 3
0.794 1 0.794 6
0.865 1 0.865 3
0.9465 1 0.9464 8
0.9532 1 0.9532 2
0.7368 1 0.7368 4
0.9721 1 0.9721 8
0.9676 1 0.9676 3
0.9739 1 0.9738 9
0.9695 1 0.9695 7
0.7924 1 0.7924 2
0.8604 1 0.8604 2
0.9368 1 0.9368 3
0.9525 1 0.9525 2
0.9526 1 0.9526 2
0.9362 1 0.9362 5
0.9609 1 0.9609 5
0.9345 1 0.9345 4
0.9651 1 0.9651 4
0.8445 1 0.8445 2
0.9563 1 0.9563 9
0.9572 1 0.9568 13
0.7177 1 0.7177 3
0.67 1 0.67 2
0.8554 1 0.8554 2
0.9579 1 0.9579 6
0.9674 1 0.9666 17
0.9094 1 0.9094 5
0.9108 1 0.9108 3
0.9596 1 0.9596 4
0.9562 1 0.9562 4
0.9323 1 0.9323 3
0.799 1 0.799 2
0.9441 1 0.9441 4
0.9531 1 0.9531 3
0.9067 1 0.9067 2
0.9718 1 0.9718 6
0.9563 1 0.9563 7
0.9759 1 0.9758 10
0.7824 1 0.7824 3
0.9375 1 0.9375 3
0.8705 1 0.8705 2
0.8767 1 0.8767 1
0.9117 1 0.9117 2
0.9668 1 0.9668 9
0.8348 1 0.8348 2
0.9662 1 0.9662 7
0.9193 1 0.9193 2
0.7571 1 0.7571 1
0.9046 1 0.9046 3
0.9316 1 0.9316 3
0.7733 1 0.7733 3
0.9278 1 0.9278 4
0.8139 1 0.8139 2
0.9119 1 0.9119 5
0.8827 1 0.8827 2
0.7683 1 0.7683 3
0.9609 1 0.9609 7
0.8139 1 0.8139 4
0.9039 1 0.9039 4
0.8344 1 0.8344 4
0.8007 1 0.8007 3
0.964 1 0.964 4
0.9608 1 0.9608 5
0.9405 1 0.9405 2
0.8968 1 0.8968 3
0.8783 1 0.8783 3
0.7835 1 0.7835 2
0.9649 1 0.9648 11
0.96 1 0.96 2
0.7663 1 0.7663 1
0.8237 1 0.8237 3
0.7924 1 0.7924 2
0.9464 1 0.9464 7
0.7221 1 0.7221 3
0.7796 1 0.7796 3
0.8227 1 0.8227 4
0.844 1 0.844 1
0.9506 1 0.9506 3
0.8686 1 0.8686 2
0.9446 1 0.9446 3
0.9072 1 0.9072 5
0.9331 1 0.9331 3
0.8866 1 0.8866 4
0.8045 1 0.8045 4
0.9484 1 0.9484 4
0.9658 1 0.9658 8
0.8054 1 0.8054 2
0.781 1 0.781 5
0.9085 1 0.9085 3
0.9414 1 0.9414 2
0.9662 1 0.9658 14
0.8106 1 0.8106 4
0.9257 1 0.9257 2
0.9467 1 0.9467 6
0.8587 1 0.8587 3
0.9373 1 0.9373 4
0.7999 1 0.7999 1
0.8263 1 0.8263 2
0.9578 1 0.9578 7
0.9652 1 0.9651 9