../../problems/clp/benchs/NMFTA/NMFTA_3.txt -i 0 --min_fr=1.0 0.633600 0.780700
../../problems/clp/benchs/NMFTA/NMFTA_3.txt -i 10 --min_fr=1.0 0.611200 0.760000
../../problems/clp/benchs/NMFTA/NMFTA_3.txt -i 14 --min_fr=1.0 0.645500 0.863800
../../problems/clp/benchs/NMFTA/NMFTA_3.txt -i 18 --min_fr=1.0 0.648500 0.779000
../../problems/clp/benchs/NMFTA/NMFTA_3.txt -i 18 --min_fr=1.0 0.408000 0.538800
../../problems/clp/benchs/NMFTA/NMFTA_3.txt -i 19 --min_fr=1.0 0.586000 0.717800
../../problems/clp/benchs/NMFTA/NMFTA_3.txt -i 24 --min_fr=1.0 0.679400 0.886500
../../problems/clp/benchs/NMFTA/NMFTA_3.txt -i 25 --min_fr=1.0 0.619800 0.823700
../../problems/clp/benchs/NMFTA/NMFTA_3.txt -i 28 --min_fr=1.0 0.593300 0.815900
../../problems/clp/benchs/NMFTA/NMFTA_3.txt -i 31 --min_fr=1.0 0.564000 0.751100
../../problems/clp/benchs/NMFTA/NMFTA_3.txt -i 35 --min_fr=1.0 0.606800 0.784700
../../problems/clp/benchs/NMFTA/NMFTA_3.txt -i 36 --min_fr=1.0 0.766900 0.924700
../../problems/clp/benchs/NMFTA/NMFTA_3.txt -i 42 --min_fr=1.0 0.609800 0.775600
../../problems/clp/benchs/NMFTA/NMFTA_3.txt -i 44 --min_fr=1.0 0.668600 0.850500
../../problems/clp/benchs/NMFTA/NMFTA_3.txt -i 45 --min_fr=1.0 0.565900 0.745700
../../problems/clp/benchs/NMFTA/NMFTA_3.txt -i 65 --min_fr=1.0 0.618000 0.798800
../../problems/clp/benchs/NMFTA/NMFTA_3.txt -i 68 --min_fr=1.0 0.662500 0.830400
../../problems/clp/benchs/NMFTA/NMFTA_3.txt -i 79 --min_fr=1.0 0.706000 0.866300
../../problems/clp/benchs/NMFTA/NMFTA_3.txt -i 88 --min_fr=1.0 0.655300 0.816800
../../problems/clp/benchs/NMFTA/NMFTA_3.txt -i 89 --min_fr=1.0 0.688200 0.838400
../../problems/clp/benchs/NMFTA/NMFTA_3.txt -i 91 --min_fr=1.0 0.637200 0.778500
../../problems/clp/benchs/NMFTA/NMFTA_3.txt -i 96 --min_fr=1.0 0.719300 0.864200
../../problems/clp/benchs/NMFTA/NMFTA_4.txt -i 2 --min_fr=1.0 0.585700 0.813100
../../problems/clp/benchs/NMFTA/NMFTA_4.txt -i 6 --min_fr=1.0 0.674500 0.886100
../../problems/clp/benchs/NMFTA/NMFTA_4.txt -i 11 --min_fr=1.0 0.670500 0.864300
../../problems/clp/benchs/NMFTA/NMFTA_4.txt -i 22 --min_fr=1.0 0.614800 0.788900
../../problems/clp/benchs/NMFTA/NMFTA_4.txt -i 23 --min_fr=1.0 0.694300 0.849800
../../problems/clp/benchs/NMFTA/NMFTA_4.txt -i 25 --min_fr=1.0 0.639000 0.792700
../../problems/clp/benchs/NMFTA/NMFTA_4.txt -i 34 --min_fr=1.0 0.628200 0.783200
../../problems/clp/benchs/NMFTA/NMFTA_4.txt -i 35 --min_fr=1.0 0.685700 0.861100
../../problems/clp/benchs/NMFTA/NMFTA_4.txt -i 36 --min_fr=1.0 0.667100 0.811300
../../problems/clp/benchs/NMFTA/NMFTA_4.txt -i 42 --min_fr=1.0 0.585500 0.728800
../../problems/clp/benchs/NMFTA/NMFTA_4.txt -i 48 --min_fr=1.0 0.575700 0.766500
../../problems/clp/benchs/NMFTA/NMFTA_4.txt -i 49 --min_fr=1.0 0.662200 0.815000
../../problems/clp/benchs/NMFTA/NMFTA_4.txt -i 52 --min_fr=1.0 0.602200 0.762700
../../problems/clp/benchs/NMFTA/NMFTA_4.txt -i 59 --min_fr=1.0 0.567700 0.692900
../../problems/clp/benchs/NMFTA/NMFTA_4.txt -i 61 --min_fr=1.0 0.605000 0.728800
../../problems/clp/benchs/NMFTA/NMFTA_4.txt -i 62 --min_fr=1.0 0.583600 0.718400
../../problems/clp/benchs/NMFTA/NMFTA_4.txt -i 63 --min_fr=1.0 0.602000 0.753500
../../problems/clp/benchs/NMFTA/NMFTA_4.txt -i 65 --min_fr=1.0 0.579800 0.701200
../../problems/clp/benchs/NMFTA/NMFTA_4.txt -i 66 --min_fr=1.0 0.639300 0.783700
../../problems/clp/benchs/NMFTA/NMFTA_4.txt -i 67 --min_fr=1.0 0.589500 0.749100
../../problems/clp/benchs/NMFTA/NMFTA_4.txt -i 69 --min_fr=1.0 0.628700 0.849800
../../problems/clp/benchs/NMFTA/NMFTA_4.txt -i 75 --min_fr=1.0 0.612600 0.742300
../../problems/clp/benchs/NMFTA/NMFTA_4.txt -i 81 --min_fr=1.0 0.630900 0.767500
../../problems/clp/benchs/NMFTA/NMFTA_4.txt -i 82 --min_fr=1.0 0.593000 0.748200
../../problems/clp/benchs/NMFTA/NMFTA_4.txt -i 84 --min_fr=1.0 0.621000 0.752500
../../problems/clp/benchs/NMFTA/NMFTA_4.txt -i 85 --min_fr=1.0 0.570500 0.757000
../../problems/clp/benchs/NMFTA/NMFTA_4.txt -i 87 --min_fr=1.0 0.584900 0.706900
../../problems/clp/benchs/NMFTA/NMFTA_4.txt -i 90 --min_fr=1.0 0.626500 0.760100
../../problems/clp/benchs/NMFTA/NMFTA_4.txt -i 94 --min_fr=1.0 0.598400 0.764900
../../problems/clp/benchs/NMFTA/NMFTA_4.txt -i 99 --min_fr=1.0 0.600900 0.725900
../../problems/clp/benchs/NMFTA/NMFTA_7.txt -i 0 --min_fr=1.0 0.603500 0.756800
../../problems/clp/benchs/NMFTA/NMFTA_7.txt -i 1 --min_fr=1.0 0.593100 0.724600
../../problems/clp/benchs/NMFTA/NMFTA_7.txt -i 2 --min_fr=1.0 0.595600 0.724500
../../problems/clp/benchs/NMFTA/NMFTA_7.txt -i 7 --min_fr=1.0 0.577700 0.705700
../../problems/clp/benchs/NMFTA/NMFTA_7.txt -i 11 --min_fr=1.0 0.571900 0.707200
../../problems/clp/benchs/NMFTA/NMFTA_7.txt -i 13 --min_fr=1.0 0.575600 0.690800
../../problems/clp/benchs/NMFTA/NMFTA_7.txt -i 14 --min_fr=1.0 0.609500 0.738200
../../problems/clp/benchs/NMFTA/NMFTA_7.txt -i 17 --min_fr=1.0 0.620800 0.777700
../../problems/clp/benchs/NMFTA/NMFTA_7.txt -i 18 --min_fr=1.0 0.588900 0.734300
../../problems/clp/benchs/NMFTA/NMFTA_7.txt -i 21 --min_fr=1.0 0.597300 0.779100
../../problems/clp/benchs/NMFTA/NMFTA_7.txt -i 25 --min_fr=1.0 0.571200 0.703400
../../problems/clp/benchs/NMFTA/NMFTA_7.txt -i 27 --min_fr=1.0 0.571000 0.737600
../../problems/clp/benchs/NMFTA/NMFTA_7.txt -i 29 --min_fr=1.0 0.580400 0.731300
../../problems/clp/benchs/NMFTA/NMFTA_7.txt -i 31 --min_fr=1.0 0.614700 0.786300
../../problems/clp/benchs/NMFTA/NMFTA_7.txt -i 32 --min_fr=1.0 0.589600 0.710900
../../problems/clp/benchs/NMFTA/NMFTA_7.txt -i 33 --min_fr=1.0 0.576600 0.698200
../../problems/clp/benchs/NMFTA/NMFTA_7.txt -i 36 --min_fr=1.0 0.629900 0.758600
../../problems/clp/benchs/NMFTA/NMFTA_7.txt -i 37 --min_fr=1.0 0.611000 0.781700
../../problems/clp/benchs/NMFTA/NMFTA_7.txt -i 38 --min_fr=1.0 0.622100 0.769400
../../problems/clp/benchs/NMFTA/NMFTA_7.txt -i 40 --min_fr=1.0 0.590500 0.768000
../../problems/clp/benchs/NMFTA/NMFTA_7.txt -i 41 --min_fr=1.0 0.572500 0.734900
../../problems/clp/benchs/NMFTA/NMFTA_7.txt -i 44 --min_fr=1.0 0.570200 0.723300
../../problems/clp/benchs/NMFTA/NMFTA_7.txt -i 45 --min_fr=1.0 0.568200 0.707100
../../problems/clp/benchs/NMFTA/NMFTA_7.txt -i 48 --min_fr=1.0 0.562300 0.705400
../../problems/clp/benchs/NMFTA/NMFTA_7.txt -i 53 --min_fr=1.0 0.601400 0.738600
../../problems/clp/benchs/NMFTA/NMFTA_7.txt -i 55 --min_fr=1.0 0.562800 0.745800
../../problems/clp/benchs/NMFTA/NMFTA_7.txt -i 59 --min_fr=1.0 0.533700 0.705000
../../problems/clp/benchs/NMFTA/NMFTA_7.txt -i 60 --min_fr=1.0 0.623000 0.751200
../../problems/clp/benchs/NMFTA/NMFTA_7.txt -i 62 --min_fr=1.0 0.567400 0.697500
../../problems/clp/benchs/NMFTA/NMFTA_7.txt -i 64 --min_fr=1.0 0.560400 0.677600
../../problems/clp/benchs/NMFTA/NMFTA_7.txt -i 65 --min_fr=1.0 0.546900 0.727700
../../problems/clp/benchs/NMFTA/NMFTA_7.txt -i 67 --min_fr=1.0 0.546200 0.729000
../../problems/clp/benchs/NMFTA/NMFTA_7.txt -i 68 --min_fr=1.0 0.576900 0.702700
../../problems/clp/benchs/NMFTA/NMFTA_7.txt -i 69 --min_fr=1.0 0.539100 0.733300
../../problems/clp/benchs/NMFTA/NMFTA_7.txt -i 70 --min_fr=1.0 0.560900 0.730300
../../problems/clp/benchs/NMFTA/NMFTA_7.txt -i 75 --min_fr=1.0 0.590100 0.740100
../../problems/clp/benchs/NMFTA/NMFTA_7.txt -i 78 --min_fr=1.0 0.548900 0.714300
../../problems/clp/benchs/NMFTA/NMFTA_7.txt -i 79 --min_fr=1.0 0.561900 0.715100
../../problems/clp/benchs/NMFTA/NMFTA_7.txt -i 81 --min_fr=1.0 0.531500 0.712600
../../problems/clp/benchs/NMFTA/NMFTA_7.txt -i 82 --min_fr=1.0 0.561300 0.721500
../../problems/clp/benchs/NMFTA/NMFTA_7.txt -i 83 --min_fr=1.0 0.582500 0.702100
../../problems/clp/benchs/NMFTA/NMFTA_7.txt -i 84 --min_fr=1.0 0.545800 0.688600
../../problems/clp/benchs/NMFTA/NMFTA_7.txt -i 85 --min_fr=1.0 0.530500 0.705000
../../problems/clp/benchs/NMFTA/NMFTA_7.txt -i 86 --min_fr=1.0 0.569200 0.735300
../../problems/clp/benchs/NMFTA/NMFTA_7.txt -i 87 --min_fr=1.0 0.536400 0.657400
../../problems/clp/benchs/NMFTA/NMFTA_7.txt -i 88 --min_fr=1.0 0.599600 0.741500
../../problems/clp/benchs/NMFTA/NMFTA_7.txt -i 89 --min_fr=1.0 0.556300 0.729200
../../problems/clp/benchs/NMFTA/NMFTA_7.txt -i 92 --min_fr=1.0 0.577600 0.718800
../../problems/clp/benchs/NMFTA/NMFTA_7.txt -i 94 --min_fr=1.0 0.569200 0.744100
../../problems/clp/benchs/NMFTA/NMFTA_7.txt -i 95 --min_fr=1.0 0.563100 0.708700
../../problems/clp/benchs/NMFTA/NMFTA_7.txt -i 98 --min_fr=1.0 0.583000 0.741100
../../problems/clp/benchs/NMFTA/NMFTA_7.txt -i 99 --min_fr=1.0 0.545300 0.687300
../../problems/clp/benchs/NMFTA/NMFTA_8.txt -i 5 --min_fr=0.98 0.656800 0.837100
../../problems/clp/benchs/NMFTA/NMFTA_8.txt -i 7 --min_fr=0.98 0.631400 0.860700
../../problems/clp/benchs/NMFTA/NMFTA_8.txt -i 11 --min_fr=0.98 0.623700 0.767700
../../problems/clp/benchs/NMFTA/NMFTA_8.txt -i 16 --min_fr=0.98 0.515600 0.687600
../../problems/clp/benchs/NMFTA/NMFTA_8.txt -i 17 --min_fr=0.98 0.636600 0.889600
../../problems/clp/benchs/NMFTA/NMFTA_8.txt -i 28 --min_fr=0.98 0.580100 0.743000
../../problems/clp/benchs/NMFTA/NMFTA_8.txt -i 32 --min_fr=0.98 0.681400 0.844500
../../problems/clp/benchs/NMFTA/NMFTA_8.txt -i 34 --min_fr=0.98 0.443400 0.610100
../../problems/clp/benchs/NMFTA/NMFTA_8.txt -i 35 --min_fr=0.98 0.609900 0.864700
../../problems/clp/benchs/NMFTA/NMFTA_8.txt -i 40 --min_fr=0.98 0.676300 0.878300
../../problems/clp/benchs/NMFTA/NMFTA_8.txt -i 42 --min_fr=0.98 0.616400 0.762200
../../problems/clp/benchs/NMFTA/NMFTA_8.txt -i 45 --min_fr=0.98 0.596100 0.734600
../../problems/clp/benchs/NMFTA/NMFTA_8.txt -i 49 --min_fr=0.98 0.651500 0.786800
../../problems/clp/benchs/NMFTA/NMFTA_8.txt -i 51 --min_fr=0.98 0.627500 0.756000
../../problems/clp/benchs/NMFTA/NMFTA_8.txt -i 64 --min_fr=0.98 0.697300 0.878000
../../problems/clp/benchs/NMFTA/NMFTA_8.txt -i 66 --min_fr=0.98 0.612100 0.752500
../../problems/clp/benchs/NMFTA/NMFTA_8.txt -i 68 --min_fr=0.98 0.663900 0.883100
../../problems/clp/benchs/NMFTA/NMFTA_8.txt -i 70 --min_fr=0.98 0.628300 0.755300
../../problems/clp/benchs/NMFTA/NMFTA_8.txt -i 71 --min_fr=0.98 0.664400 0.840600
../../problems/clp/benchs/NMFTA/NMFTA_8.txt -i 74 --min_fr=0.98 0.647900 0.792400
../../problems/clp/benchs/NMFTA/NMFTA_8.txt -i 79 --min_fr=0.98 0.701000 0.880300
../../problems/clp/benchs/NMFTA/NMFTA_8.txt -i 81 --min_fr=0.98 0.706500 0.873700
../../problems/clp/benchs/NMFTA/NMFTA_8.txt -i 84 --min_fr=0.98 0.715600 0.865800
../../problems/clp/benchs/NMFTA/NMFTA_8.txt -i 85 --min_fr=0.98 0.607800 0.826000
../../problems/clp/benchs/NMFTA/NMFTA_8.txt -i 87 --min_fr=0.98 0.643000 0.858900
../../problems/clp/benchs/NMFTA/NMFTA_8.txt -i 91 --min_fr=0.98 0.615600 0.747000
../../problems/clp/benchs/NMFTA/NMFTA_8.txt -i 93 --min_fr=0.98 0.698700 0.913100
../../problems/clp/benchs/NMFTA/NMFTA_8.txt -i 96 --min_fr=0.98 0.721000 0.905100
../../problems/clp/benchs/NMFTA/NMFTA_9.txt -i 2 --min_fr=0.98 0.583300 0.736300
../../problems/clp/benchs/NMFTA/NMFTA_9.txt -i 11 --min_fr=0.98 0.653300 0.804400
../../problems/clp/benchs/NMFTA/NMFTA_9.txt -i 13 --min_fr=0.98 0.708500 0.876700
../../problems/clp/benchs/NMFTA/NMFTA_9.txt -i 18 --min_fr=0.98 0.694400 0.850500
../../problems/clp/benchs/NMFTA/NMFTA_9.txt -i 16 --min_fr=0.98 0.694700 0.870800
../../problems/clp/benchs/NMFTA/NMFTA_9.txt -i 22 --min_fr=0.98 0.623500 0.782400
../../problems/clp/benchs/NMFTA/NMFTA_9.txt -i 25 --min_fr=0.98 0.617900 0.746600
../../problems/clp/benchs/NMFTA/NMFTA_9.txt -i 27 --min_fr=0.98 0.654600 0.805400
../../problems/clp/benchs/NMFTA/NMFTA_9.txt -i 33 --min_fr=0.98 0.630900 0.806400
../../problems/clp/benchs/NMFTA/NMFTA_9.txt -i 43 --min_fr=0.98 0.616300 0.846300
../../problems/clp/benchs/NMFTA/NMFTA_9.txt -i 46 --min_fr=0.98 0.614400 0.764900
../../problems/clp/benchs/NMFTA/NMFTA_9.txt -i 47 --min_fr=0.98 0.581100 0.703000
../../problems/clp/benchs/NMFTA/NMFTA_9.txt -i 48 --min_fr=0.98 0.559800 0.735700
../../problems/clp/benchs/NMFTA/NMFTA_9.txt -i 53 --min_fr=0.98 0.585800 0.789100
../../problems/clp/benchs/NMFTA/NMFTA_9.txt -i 54 --min_fr=0.98 0.624200 0.752200
../../problems/clp/benchs/NMFTA/NMFTA_9.txt -i 58 --min_fr=0.98 0.640700 0.776600
../../problems/clp/benchs/NMFTA/NMFTA_9.txt -i 59 --min_fr=0.98 0.552500 0.740500
../../problems/clp/benchs/NMFTA/NMFTA_9.txt -i 64 --min_fr=0.98 0.621900 0.756600
../../problems/clp/benchs/NMFTA/NMFTA_9.txt -i 69 --min_fr=0.98 0.632200 0.761200
../../problems/clp/benchs/NMFTA/NMFTA_9.txt -i 71 --min_fr=0.98 0.630100 0.791600
../../problems/clp/benchs/NMFTA/NMFTA_9.txt -i 72 --min_fr=0.98 0.589200 0.745000
../../problems/clp/benchs/NMFTA/NMFTA_9.txt -i 73 --min_fr=0.98 0.637800 0.809700
../../problems/clp/benchs/NMFTA/NMFTA_9.txt -i 75 --min_fr=0.98 0.610600 0.748800
../../problems/clp/benchs/NMFTA/NMFTA_9.txt -i 79 --min_fr=0.98 0.542300 0.677800
../../problems/clp/benchs/NMFTA/NMFTA_9.txt -i 80 --min_fr=0.98 0.631100 0.768400
../../problems/clp/benchs/NMFTA/NMFTA_9.txt -i 83 --min_fr=0.98 0.641200 0.787800
../../problems/clp/benchs/NMFTA/NMFTA_9.txt -i 85 --min_fr=0.98 0.579100 0.726100
../../problems/clp/benchs/NMFTA/NMFTA_9.txt -i 88 --min_fr=0.98 0.616900 0.768800
../../problems/clp/benchs/NMFTA/NMFTA_9.txt -i 96 --min_fr=0.98 0.587500 0.763200
../../problems/clp/benchs/NMFTA/NMFTA_9.txt -i 98 --min_fr=0.98 0.626400 0.804400
../../problems/clp/benchs/NMFTA/NMFTA_10.txt -i 13 --min_fr=0.98 0.573400 0.746500
../../problems/clp/benchs/NMFTA/NMFTA_10.txt -i 19 --min_fr=0.98 0.557900 0.678800
../../problems/clp/benchs/NMFTA/NMFTA_10.txt -i 20 --min_fr=0.98 0.614100 0.739400
../../problems/clp/benchs/NMFTA/NMFTA_10.txt -i 23 --min_fr=0.98 0.623100 0.765400
../../problems/clp/benchs/NMFTA/NMFTA_10.txt -i 25 --min_fr=0.98 0.573700 0.708500
../../problems/clp/benchs/NMFTA/NMFTA_10.txt -i 27 --min_fr=0.98 0.592000 0.713400
../../problems/clp/benchs/NMFTA/NMFTA_10.txt -i 29 --min_fr=0.98 0.588700 0.715500
../../problems/clp/benchs/NMFTA/NMFTA_10.txt -i 30 --min_fr=0.98 0.617900 0.743700
../../problems/clp/benchs/NMFTA/NMFTA_10.txt -i 33 --min_fr=0.98 0.579400 0.736900
../../problems/clp/benchs/NMFTA/NMFTA_10.txt -i 34 --min_fr=0.98 0.606100 0.738600
../../problems/clp/benchs/NMFTA/NMFTA_10.txt -i 36 --min_fr=0.98 0.636600 0.769900
../../problems/clp/benchs/NMFTA/NMFTA_10.txt -i 37 --min_fr=0.98 0.623900 0.755500
../../problems/clp/benchs/NMFTA/NMFTA_10.txt -i 38 --min_fr=0.98 0.589100 0.733700
../../problems/clp/benchs/NMFTA/NMFTA_10.txt -i 39 --min_fr=0.98 0.563000 0.680600
../../problems/clp/benchs/NMFTA/NMFTA_10.txt -i 40 --min_fr=0.98 0.591500 0.739400
../../problems/clp/benchs/NMFTA/NMFTA_10.txt -i 44 --min_fr=0.98 0.560100 0.733100
../../problems/clp/benchs/NMFTA/NMFTA_10.txt -i 45 --min_fr=0.98 0.544500 0.717100
../../problems/clp/benchs/NMFTA/NMFTA_10.txt -i 47 --min_fr=0.98 0.576300 0.702600
../../problems/clp/benchs/NMFTA/NMFTA_10.txt -i 48 --min_fr=0.98 0.567100 0.682700
../../problems/clp/benchs/NMFTA/NMFTA_10.txt -i 50 --min_fr=0.98 0.619600 0.773900
../../problems/clp/benchs/NMFTA/NMFTA_10.txt -i 51 --min_fr=0.98 0.578500 0.728200
../../problems/clp/benchs/NMFTA/NMFTA_10.txt -i 52 --min_fr=0.98 0.611500 0.737100
../../problems/clp/benchs/NMFTA/NMFTA_10.txt -i 53 --min_fr=0.98 0.609800 0.770500
../../problems/clp/benchs/NMFTA/NMFTA_10.txt -i 58 --min_fr=0.98 0.589900 0.727900
../../problems/clp/benchs/NMFTA/NMFTA_10.txt -i 60 --min_fr=0.98 0.603500 0.748000
../../problems/clp/benchs/NMFTA/NMFTA_10.txt -i 61 --min_fr=0.98 0.558100 0.673800
../../problems/clp/benchs/NMFTA/NMFTA_10.txt -i 64 --min_fr=0.98 0.552300 0.688500
../../problems/clp/benchs/NMFTA/NMFTA_10.txt -i 65 --min_fr=0.98 0.562200 0.680000
../../problems/clp/benchs/NMFTA/NMFTA_10.txt -i 66 --min_fr=0.98 0.596200 0.718500
../../problems/clp/benchs/NMFTA/NMFTA_10.txt -i 67 --min_fr=0.98 0.560000 0.693900
../../problems/clp/benchs/NMFTA/NMFTA_10.txt -i 68 --min_fr=0.98 0.583100 0.722400
../../problems/clp/benchs/NMFTA/NMFTA_10.txt -i 69 --min_fr=0.98 0.558200 0.688400
../../problems/clp/benchs/NMFTA/NMFTA_10.txt -i 70 --min_fr=0.98 0.573900 0.734000
../../problems/clp/benchs/NMFTA/NMFTA_10.txt -i 71 --min_fr=0.98 0.585600 0.770200
../../problems/clp/benchs/NMFTA/NMFTA_10.txt -i 73 --min_fr=0.98 0.581400 0.725100
../../problems/clp/benchs/NMFTA/NMFTA_10.txt -i 78 --min_fr=0.98 0.577600 0.777500
../../problems/clp/benchs/NMFTA/NMFTA_10.txt -i 79 --min_fr=0.98 0.562200 0.674800
../../problems/clp/benchs/NMFTA/NMFTA_10.txt -i 80 --min_fr=0.98 0.597600 0.758100
../../problems/clp/benchs/NMFTA/NMFTA_10.txt -i 81 --min_fr=0.98 0.543800 0.693900
../../problems/clp/benchs/NMFTA/NMFTA_10.txt -i 82 --min_fr=0.98 0.549200 0.700500
../../problems/clp/benchs/NMFTA/NMFTA_10.txt -i 83 --min_fr=0.98 0.590300 0.716600
../../problems/clp/benchs/NMFTA/NMFTA_10.txt -i 84 --min_fr=0.98 0.565600 0.692300
../../problems/clp/benchs/NMFTA/NMFTA_10.txt -i 89 --min_fr=0.98 0.564700 0.695000
../../problems/clp/benchs/NMFTA/NMFTA_10.txt -i 90 --min_fr=0.98 0.557600 0.731500
../../problems/clp/benchs/NMFTA/NMFTA_10.txt -i 91 --min_fr=0.98 0.574300 0.749300
../../problems/clp/benchs/NMFTA/NMFTA_10.txt -i 93 --min_fr=0.98 0.569200 0.685300
../../problems/clp/benchs/NMFTA/NMFTA_10.txt -i 94 --min_fr=0.98 0.580300 0.722000
../../problems/clp/benchs/NMFTA/NMFTA_10.txt -i 95 --min_fr=0.98 0.562700 0.728300
../../problems/clp/benchs/NMFTA/NMFTA_10.txt -i 99 --min_fr=0.98 0.533300 0.699900
../../problems/clp/benchs/NMFTA/NMFTA_11.txt -i 0 --min_fr=0.98 0.633600 0.877600
../../problems/clp/benchs/NMFTA/NMFTA_11.txt -i 2 --min_fr=0.98 0.546100 0.664300
../../problems/clp/benchs/NMFTA/NMFTA_11.txt -i 16 --min_fr=0.98 0.526100 0.662300
../../problems/clp/benchs/NMFTA/NMFTA_11.txt -i 17 --min_fr=0.98 0.627000 0.847300
../../problems/clp/benchs/NMFTA/NMFTA_11.txt -i 29 --min_fr=0.98 0.366600 0.563200
../../problems/clp/benchs/NMFTA/NMFTA_11.txt -i 30 --min_fr=0.98 0.606200 0.832200
../../problems/clp/benchs/NMFTA/NMFTA_11.txt -i 46 --min_fr=0.98 0.696600 0.867700
../../problems/clp/benchs/NMFTA/NMFTA_11.txt -i 48 --min_fr=0.98 0.627500 0.755500
../../problems/clp/benchs/NMFTA/NMFTA_11.txt -i 53 --min_fr=0.98 0.659300 0.890500
../../problems/clp/benchs/NMFTA/NMFTA_11.txt -i 54 --min_fr=0.98 0.618500 0.791800
../../problems/clp/benchs/NMFTA/NMFTA_11.txt -i 57 --min_fr=0.98 0.683700 0.919400
../../problems/clp/benchs/NMFTA/NMFTA_11.txt -i 62 --min_fr=0.98 0.494800 0.598500
../../problems/clp/benchs/NMFTA/NMFTA_11.txt -i 70 --min_fr=0.98 0.636700 0.784300
../../problems/clp/benchs/NMFTA/NMFTA_11.txt -i 81 --min_fr=0.98 0.582700 0.728600
../../problems/clp/benchs/NMFTA/NMFTA_11.txt -i 83 --min_fr=0.98 0.652400 0.822700
../../problems/clp/benchs/NMFTA/NMFTA_11.txt -i 85 --min_fr=0.98 0.534800 0.847000
../../problems/clp/benchs/NMFTA/NMFTA_11.txt -i 86 --min_fr=0.98 0.635900 0.809300
../../problems/clp/benchs/NMFTA/NMFTA_11.txt -i 95 --min_fr=0.98 0.641800 0.799600
../../problems/clp/benchs/NMFTA/NMFTA_14.txt -i 0 --min_fr=0.98 0.687200 0.855800
../../problems/clp/benchs/NMFTA/NMFTA_14.txt -i 2 --min_fr=0.98 0.620200 0.797300
../../problems/clp/benchs/NMFTA/NMFTA_14.txt -i 4 --min_fr=0.98 0.700500 0.842300
../../problems/clp/benchs/NMFTA/NMFTA_14.txt -i 5 --min_fr=0.98 0.621700 0.775400
../../problems/clp/benchs/NMFTA/NMFTA_14.txt -i 11 --min_fr=0.98 0.661800 0.840100
../../problems/clp/benchs/NMFTA/NMFTA_14.txt -i 12 --min_fr=0.98 0.678100 0.817200
../../problems/clp/benchs/NMFTA/NMFTA_14.txt -i 21 --min_fr=0.98 0.688100 0.840600
../../problems/clp/benchs/NMFTA/NMFTA_14.txt -i 28 --min_fr=0.98 0.585300 0.727800
../../problems/clp/benchs/NMFTA/NMFTA_14.txt -i 32 --min_fr=0.98 0.638300 0.769300
../../problems/clp/benchs/NMFTA/NMFTA_14.txt -i 33 --min_fr=0.98 0.691100 0.836100
../../problems/clp/benchs/NMFTA/NMFTA_14.txt -i 43 --min_fr=0.98 0.611800 0.791600
../../problems/clp/benchs/NMFTA/NMFTA_14.txt -i 48 --min_fr=0.98 0.559300 0.709000
../../problems/clp/benchs/NMFTA/NMFTA_14.txt -i 51 --min_fr=0.98 0.615500 0.777200
../../problems/clp/benchs/NMFTA/NMFTA_14.txt -i 52 --min_fr=0.98 0.567200 0.686200
../../problems/clp/benchs/NMFTA/NMFTA_14.txt -i 53 --min_fr=0.98 0.586300 0.755900
../../problems/clp/benchs/NMFTA/NMFTA_14.txt -i 54 --min_fr=0.98 0.532500 0.650800
../../problems/clp/benchs/NMFTA/NMFTA_14.txt -i 58 --min_fr=0.98 0.661400 0.805300
../../problems/clp/benchs/NMFTA/NMFTA_14.txt -i 59 --min_fr=0.98 0.482000 0.633800
../../problems/clp/benchs/NMFTA/NMFTA_14.txt -i 63 --min_fr=0.98 0.613100 0.739300
../../problems/clp/benchs/NMFTA/NMFTA_14.txt -i 71 --min_fr=0.98 0.624400 0.754700
../../problems/clp/benchs/NMFTA/NMFTA_14.txt -i 72 --min_fr=0.98 0.598200 0.751900
../../problems/clp/benchs/NMFTA/NMFTA_14.txt -i 74 --min_fr=0.98 0.599100 0.744800
../../problems/clp/benchs/NMFTA/NMFTA_14.txt -i 75 --min_fr=0.98 0.610400 0.737900
../../problems/clp/benchs/NMFTA/NMFTA_14.txt -i 76 --min_fr=0.98 0.612700 0.755900
../../problems/clp/benchs/NMFTA/NMFTA_14.txt -i 78 --min_fr=0.98 0.609700 0.777500
../../problems/clp/benchs/NMFTA/NMFTA_14.txt -i 79 --min_fr=0.98 0.560200 0.713100
../../problems/clp/benchs/NMFTA/NMFTA_14.txt -i 85 --min_fr=0.98 0.563800 0.686700
../../problems/clp/benchs/NMFTA/NMFTA_14.txt -i 90 --min_fr=0.98 0.620800 0.780300
../../problems/clp/benchs/NMFTA/NMFTA_14.txt -i 93 --min_fr=0.98 0.581000 0.720500
../../problems/clp/benchs/NMFTA/NMFTA_14.txt -i 96 --min_fr=0.98 0.592700 0.755700
../../problems/clp/benchs/NMFTA/NMFTA_14.txt -i 98 --min_fr=0.98 0.615900 0.743100
../../problems/clp/benchs/NMFTA/NMFTA_15.txt -i 1 --min_fr=0.98 0.537900 0.652500
../../problems/clp/benchs/NMFTA/NMFTA_15.txt -i 8 --min_fr=0.98 0.612800 0.773000
../../problems/clp/benchs/NMFTA/NMFTA_15.txt -i 9 --min_fr=0.98 0.615500 0.759900
../../problems/clp/benchs/NMFTA/NMFTA_15.txt -i 11 --min_fr=0.98 0.581900 0.709600
../../problems/clp/benchs/NMFTA/NMFTA_15.txt -i 16 --min_fr=0.98 0.611500 0.737600
../../problems/clp/benchs/NMFTA/NMFTA_15.txt -i 18 --min_fr=0.98 0.606800 0.739300
../../problems/clp/benchs/NMFTA/NMFTA_15.txt -i 19 --min_fr=0.98 0.563900 0.749500
../../problems/clp/benchs/NMFTA/NMFTA_15.txt -i 23 --min_fr=0.98 0.629700 0.768700
../../problems/clp/benchs/NMFTA/NMFTA_15.txt -i 25 --min_fr=0.98 0.569200 0.717900
../../problems/clp/benchs/NMFTA/NMFTA_15.txt -i 33 --min_fr=0.98 0.595300 0.722000
../../problems/clp/benchs/NMFTA/NMFTA_15.txt -i 34 --min_fr=0.98 0.582100 0.761600
../../problems/clp/benchs/NMFTA/NMFTA_15.txt -i 37 --min_fr=0.98 0.564700 0.744300
../../problems/clp/benchs/NMFTA/NMFTA_15.txt -i 39 --min_fr=0.98 0.565800 0.714200
../../problems/clp/benchs/NMFTA/NMFTA_15.txt -i 41 --min_fr=0.98 0.581900 0.744000
../../problems/clp/benchs/NMFTA/NMFTA_15.txt -i 42 --min_fr=0.98 0.582900 0.705300
../../problems/clp/benchs/NMFTA/NMFTA_15.txt -i 44 --min_fr=0.98 0.566900 0.729000
../../problems/clp/benchs/NMFTA/NMFTA_15.txt -i 47 --min_fr=0.98 0.546100 0.724500
../../problems/clp/benchs/NMFTA/NMFTA_15.txt -i 48 --min_fr=0.98 0.560200 0.724600
../../problems/clp/benchs/NMFTA/NMFTA_15.txt -i 49 --min_fr=0.98 0.601700 0.744400
../../problems/clp/benchs/NMFTA/NMFTA_15.txt -i 51 --min_fr=0.98 0.578100 0.758500
../../problems/clp/benchs/NMFTA/NMFTA_15.txt -i 52 --min_fr=0.98 0.547500 0.739300
../../problems/clp/benchs/NMFTA/NMFTA_15.txt -i 57 --min_fr=0.98 0.613100 0.743600
../../problems/clp/benchs/NMFTA/NMFTA_15.txt -i 61 --min_fr=0.98 0.546900 0.657500
../../problems/clp/benchs/NMFTA/NMFTA_15.txt -i 62 --min_fr=0.98 0.584400 0.707400
../../problems/clp/benchs/NMFTA/NMFTA_15.txt -i 63 --min_fr=0.98 0.587200 0.708100
../../problems/clp/benchs/NMFTA/NMFTA_15.txt -i 64 --min_fr=0.98 0.543600 0.704200
../../problems/clp/benchs/NMFTA/NMFTA_15.txt -i 65 --min_fr=0.98 0.550500 0.672400
../../problems/clp/benchs/NMFTA/NMFTA_15.txt -i 67 --min_fr=0.98 0.540800 0.714300
../../problems/clp/benchs/NMFTA/NMFTA_15.txt -i 68 --min_fr=0.98 0.577800 0.713900
../../problems/clp/benchs/NMFTA/NMFTA_15.txt -i 69 --min_fr=0.98 0.552700 0.695800
../../problems/clp/benchs/NMFTA/NMFTA_15.txt -i 75 --min_fr=0.98 0.605200 0.760300
../../problems/clp/benchs/NMFTA/NMFTA_15.txt -i 76 --min_fr=0.98 0.579900 0.726100
../../problems/clp/benchs/NMFTA/NMFTA_15.txt -i 78 --min_fr=0.98 0.564600 0.708800
../../problems/clp/benchs/NMFTA/NMFTA_15.txt -i 79 --min_fr=0.98 0.509800 0.631600
../../problems/clp/benchs/NMFTA/NMFTA_15.txt -i 80 --min_fr=0.98 0.567600 0.738100
../../problems/clp/benchs/NMFTA/NMFTA_15.txt -i 81 --min_fr=0.98 0.544600 0.663600
../../problems/clp/benchs/NMFTA/NMFTA_15.txt -i 82 --min_fr=0.98 0.577400 0.726800
../../problems/clp/benchs/NMFTA/NMFTA_15.txt -i 83 --min_fr=0.98 0.558600 0.687500
../../problems/clp/benchs/NMFTA/NMFTA_15.txt -i 86 --min_fr=0.98 0.577400 0.738500
../../problems/clp/benchs/NMFTA/NMFTA_15.txt -i 88 --min_fr=0.98 0.604000 0.729400
../../problems/clp/benchs/NMFTA/NMFTA_15.txt -i 90 --min_fr=0.98 0.549800 0.686900
../../problems/clp/benchs/NMFTA/NMFTA_15.txt -i 92 --min_fr=0.98 0.539300 0.696700
../../problems/clp/benchs/NMFTA/NMFTA_15.txt -i 93 --min_fr=0.98 0.564600 0.728000
../../problems/clp/benchs/NMFTA/NMFTA_15.txt -i 94 --min_fr=0.98 0.557600 0.719400
../../problems/clp/benchs/NMFTA/NMFTA_15.txt -i 95 --min_fr=0.98 0.561100 0.730600
../../problems/clp/benchs/NMFTA/NMFTA_15.txt -i 97 --min_fr=0.98 0.586400 0.706900
../../problems/clp/benchs/NMFTA/NMFTA_15.txt -i 99 --min_fr=0.98 0.539100 0.692400
