0.9601 1 0.96 5
0.9755 0.7808 0.7613 5
0.9592 0.9259 0.8881 3
0.9685 0.8712 0.8438 1
0.9666 1 0.966 6
0.9704 1 0.9704 11
0.9751 0.8115 0.7913 5
0.842 1 0.842 7
0.9332 1 0.9332 3
0.9645 0.8713 0.8403 3
0.9243 1 0.9243 3
0.9607 0.8976 0.8621 7
0.9835 0.989 0.9726 9
0.9107 1 0.9107 5
0.9733 0.9234 0.8987 2
0.9778 0.7937 0.7761 5
0.9849 0.6002 0.5908 13
0.9604 1 0.9589 6
0.6315 1 0.6315 3
0.9515 1 0.9514 7
0.9728 0.9785 0.9517 5
0.9756 0.9658 0.9422 2
0.9162 1 0.9162 1
0.9027 1 0.9027 1
0.9796 1 0.9796 9
0.97 1 0.97 2
0.9772 0.8998 0.8793 5
0.9786 1 0.9786 4
0.9702 1 0.9702 6
0.9646 1 0.9646 4
0.9635 1 0.9633 5
0.9696 1 0.9695 10
0.9711 1 0.9711 5
0.8993 1 0.8993 2
0.9768 1 0.9768 3
0.9738 0.9214 0.8972 3
0.9799 1 0.9796 8
0.972 0.9869 0.9592 4
0.9773 1 0.9773 8
0.9727 1 0.9725 9
0.9749 0.8546 0.8323 9
0.9789 1 0.9774 11
0.9797 1 0.9797 5
0.9711 1 0.9711 4
0.9705 1 0.9705 6
0.9828 1 0.9828 8
0.9788 1 0.9784 7
0.9778 1 0.9778 7
0.9787 1 0.9785 8
0.9755 1 0.9753 4
0.969 1 0.969 3
0.9757 1 0.9757 4
0.9776 1 0.9776 7
0.9583 1 0.9583 3
0.9803 1 0.9803 5
0.9751 1 0.9751 3
0.9736 1 0.9736 4
0.967 0.9054 0.8755 5
0.9793 0.9111 0.8918 4
0.9757 1 0.9757 5
0.9802 1 0.9802 5
0.9771 1 0.9771 2
0.9777 1 0.9777 3
0.9801 1 0.9801 6
0.9761 1 0.9761 6
0.9738 1 0.9738 5
0.9833 1 0.9832 7
0.9743 1 0.9743 1
0.973 1 0.9729 6
0.9778 1 0.9778 7
0.9721 1 0.9721 5
0.9719 1 0.9719 5
0.9855 1 0.9855 4
0.9751 1 0.9751 6
0.9773 1 0.9773 5
0.9812 1 0.9812 8
0.972 1 0.972 3
0.9701 1 0.9701 10
0.986 1 0.984 7
0.9772 0.9764 0.9541 4
0.9815 1 0.9814 8
0.9843 1 0.9843 5
0.975 1 0.975 4
0.9787 1 0.9787 6
0.9742 1 0.9742 5
0.975 1 0.975 9
0.9771 1 0.9771 6
0.97 1 0.97 5
0.9767 1 0.9767 5
0.975 1 0.975 6
0.9742 1 0.9742 4
0.9766 1 0.9766 6
0.9845 1 0.9844 8
0.9822 1 0.9822 4
0.9754 1 0.9754 6
0.9782 1 0.9782 7
0.9754 1 0.9754 4
0.9702 1 0.9702 4
0.979 1 0.9785 9
0.9766 1 0.9766 6
0.9808 1 0.9808 4
0.9772 1 0.9772 4
0.9795 1 0.9795 6
0.9754 1 0.9754 3
0.9825 1 0.9825 7
0.9728 1 0.9728 5
0.9795 1 0.9795 4
0.9686 1 0.9686 2
0.9692 1 0.9692 4
0.9739 1 0.9735 7
0.9773 1 0.9773 6
0.9791 1 0.9791 4
0.9866 1 0.9865 5
0.9797 1 0.9794 6
0.9843 1 0.9843 4
0.9769 1 0.9769 4
0.9791 0.9278 0.9082 7
0.9572 1 0.9572 6
0.9766 1 0.9766 4
0.9803 1 0.9803 4
0.9736 1 0.9736 2
0.9716 1 0.9716 5
0.9706 1 0.9706 3
0.9806 1 0.9806 4
0.9842 1 0.9842 2
0.9779 1 0.9779 4
0.9784 1 0.9784 3
0.9732 1 0.9732 5
0.9771 1 0.9771 2
0.9801 1 0.9801 1
0.9753 1 0.9753 3
0.9804 1 0.9804 4
0.9794 1 0.9794 4
0.9744 1 0.9744 6
0.9788 1 0.9788 5
0.9758 1 0.9758 2
0.982 1 0.982 7
0.9731 1 0.9731 3
0.9782 1 0.9782 6
0.9778 1 0.9778 5
0.9761 1 0.9761 5
0.9685 1 0.9685 5
0.964 1 0.964 4
0.9692 1 0.9692 4
0.9693 1 0.9693 5
0.9678 1 0.9678 4
0.9674 1 0.9674 8
0.9542 1 0.9542 1
0.9656 1 0.9656 6
0.972 1 0.972 9
0.9627 1 0.9627 4
0.9742 1 0.9742 2
0.9781 1 0.9781 2
0.9606 1 0.9606 8
0.9746 1 0.9746 6
0.9741 1 0.9741 2
0.9733 1 0.9733 4
0.9765 1 0.9765 3
0.9688 1 0.9688 3
0.969 1 0.969 4
0.9756 1 0.9756 2
0.9689 1 0.9689 4
0.9605 1 0.9605 4
0.9625 1 0.9625 4
0.9551 1 0.9551 3
0.9663 1 0.9663 3
0.974 1 0.974 4
0.9558 1 0.9558 6
0.9664 1 0.9664 6
0.9678 1 0.9678 3
0.9678 1 0.9678 2
0.9735 1 0.9735 3
0.9722 1 0.9722 3
0.9744 1 0.9744 2
0.9659 1 0.9658 4
0.9719 1 0.9719 5
0.9668 1 0.9668 6
0.977 1 0.977 8
0.9585 1 0.9585 4
0.9728 1 0.9728 4
0.971 1 0.971 4
0.9698 1 0.9698 3
0.9715 1 0.9715 6
0.9668 1 0.9668 4
0.9738 1 0.9738 4
0.967 1 0.967 3
0.9738 1 0.9738 4
0.9732 1 0.9732 3
0.964 1 0.964 3
0.9675 1 0.9675 1
0.9744 1 0.9744 5
0.9746 1 0.9746 4
0.9637 1 0.9637 4
0.9652 1 0.9651 7
0.9686 1 0.9686 6
0.9707 1 0.9707 7
0.9689 1 0.9689 4
0.9682 1 0.9682 10
0.9693 1 0.9693 2
0.9704 1 0.9704 5
0.9643 1 0.9643 3
0.9691 1 0.9691 3
0.9604 1 0.9602 5
0.9646 1 0.9646 2
0.9735 1 0.9734 7
0.9754 1 0.9754 5
0.9709 1 0.9709 3
0.968 1 0.968 3
0.9678 1 0.9678 3
0.9715 1 0.9715 4
0.9731 1 0.9731 3
0.9691 1 0.9691 3
0.9473 1 0.9473 3
0.9586 1 0.9586 3
0.9678 1 0.9678 4
0.9699 1 0.9699 4
0.9656 1 0.9656 5
0.9671 1 0.9671 3
0.9664 1 0.9664 7
0.9693 1 0.9693 7
0.964 1 0.964 2
0.9699 1 0.9699 5
0.9714 1 0.9714 3
0.9709 1 0.9709 1
0.9664 1 0.9664 4
0.9616 1 0.9616 4
0.9644 1 0.9644 4
0.9672 1 0.9672 2
0.9656 1 0.9656 9
0.9653 1 0.9653 3
0.9685 1 0.9685 4
0.9685 1 0.9685 2
0.9669 1 0.9669 7
0.9638 1 0.9638 6
0.9669 1 0.9669 6
0.9703 1 0.9703 6
0.9681 1 0.9681 3
0.9668 1 0.9668 3
0.9614 1 0.9614 6
0.9672 1 0.9672 3
0.9689 1 0.9689 2
0.965 1 0.965 3
0.9681 1 0.9681 6
0.9642 1 0.9641 5
0.9691 1 0.9691 2
0.969 1 0.969 6
0.9524 1 0.9524 5
0.9566 1 0.9566 3
0.9677 1 0.9677 3
0.9734 1 0.9734 5
0.9764 1 0.9764 4
0.9724 1 0.9724 5
0.9727 1 0.9727 2
0.9716 1 0.9716 4
0.9679 1 0.9679 4
0.9697 1 0.9697 3
0.9719 1 0.9719 3
0.968 1 0.968 4
0.9784 1 0.9784 4
0.9691 1 0.9691 5
0.9456 1 0.9456 5
0.9583 1 0.9583 4
0.9714 1 0.9714 2
0.9625 1 0.9625 6
0.9702 1 0.9702 4
0.968 1 0.968 6
0.9715 1 0.9715 4
0.9615 1 0.9615 5
0.9626 1 0.9626 4
0.9729 0.9945 0.9675 8
0.9634 1 0.9634 8
0.9634 1 0.9634 4
0.9688 1 0.9688 5
0.9635 1 0.9635 6
0.9663 1 0.9663 3
0.965 1 0.965 4
0.9657 1 0.9657 3
0.9704 1 0.9704 3
0.9663 1 0.9663 5
0.9705 1 0.9705 3
0.9717 1 0.9717 4
0.9668 1 0.9668 2
0.961 1 0.961 3
0.9728 1 0.9728 2
0.9684 1 0.9684 3
0.9585 1 0.9585 3
0.9489 1 0.9489 2
0.962 1 0.962 7
0.9681 1 0.9681 3
0.9651 1 0.9651 5
0.9506 1 0.9506 2
0.9637 1 0.9637 1
0.9511 1 0.9511 6
0.9744 1 0.9744 3
0.9622 1 0.9622 6
0.9606 1 0.9606 7
0.9244 1 0.9244 2
0.9639 1 0.9639 5
0.9676 1 0.9676 4
0.9617 1 0.9617 3
0.9522 0.8755 0.8334 3
0.9728 1 0.9722 3
0.7535 1 0.7535 6
0.9685 0.9617 0.9314 1
0.9667 0.7971 0.7706 2
0.9711 1 0.9711 4
0.9335 1 0.9335 2
0.9873 1 0.9871 11
0.9466 0.7228 0.6835 9
0.9546 1 0.9546 4
0.949 0.8363 0.7933 4
0.9607 1 0.9605 10
0.976 0.7126 0.6953 6
0.9782 0.9481 0.9268 9
0.7931 1 0.7931 2
0.9734 1 0.973 10
0.8075 1 0.8075 2
0.9604 0.5825 0.5579 4
0.8022 1 0.8022 8
0.9655 0.7481 0.7213 4
0.9387 1 0.9387 5
0.9712 1 0.9706 6
0.9647 0.9412 0.9075 8
0.9769 1 0.9768 4
0.962 1 0.962 3
0.9804 0.7814 0.7658 5
0.9788 1 0.9788 3
0.9257 1 0.9257 4
0.9701 1 0.9701 4
0.8496 1 0.8496 5
0.9577 0.7439 0.7119 7
0.966 1 0.966 6
0.9733 1 0.9733 4
0.9564 1 0.9564 3
0.8826 1 0.8826 5
0.9754 0.9748 0.9504 4
0.9056 1 0.9056 3
0.9681 1 0.9681 5
0.971 1 0.9708 10
0.9647 0.9902 0.9516 13
0.961 1 0.961 3
0.9662 1 0.9662 3
0.9734 1 0.9734 4
0.9763 0.7841 0.7652 10
0.9719 1 0.9719 4
0.9734 1 0.9734 6
0.9827 1 0.9827 4
0.977 0.9253 0.9024 11
0.9576 1 0.9576 3
0.9749 1 0.9749 8
0.9738 1 0.9738 7
0.9731 1 0.9731 6
0.9803 1 0.9803 11
0.9774 1 0.9774 11
0.9769 1 0.9766 4
0.9731 1 0.9731 9
0.9511 1 0.9511 4
0.9656 1 0.9648 6
0.9835 0.9231 0.9076 8
0.9807 1 0.9807 10
0.9793 0.9996 0.9785 10
0.9801 1 0.9801 5
0.9761 1 0.9761 5
0.9823 1 0.9823 3
0.9714 1 0.9713 9
0.9737 1 0.9737 6
0.9557 1 0.9557 4
0.9721 1 0.9721 3
0.9718 1 0.9718 10
0.9734 1 0.9734 11
0.9705 1 0.9705 4
0.971 0.82 0.7961 7
0.9804 1 0.9804 7
0.9704 1 0.9704 7
0.9779 1 0.9779 4
0.9784 1 0.9784 2
0.9497 1 0.9497 4
0.932 1 0.932 2
0.9778 1 0.9778 6
0.9781 1 0.9781 7
0.9668 1 0.9668 2
0.9675 1 0.9675 4
0.9726 1 0.9725 12
0.9815 1 0.9815 4
0.9741 1 0.9741 4
0.9777 1 0.9776 6
0.9778 1 0.9778 3
0.974 1 0.974 5
0.9716 1 0.9716 6
0.9768 1 0.9762 4
0.9739 1 0.9739 4
0.9754 1 0.9754 4
0.984 1 0.9836 4
0.9784 1 0.9784 3
0.9761 1 0.975 5
0.9762 1 0.9761 3
0.9795 1 0.9794 10
0.9729 1 0.9729 8
0.9784 1 0.9784 6
0.9653 1 0.9653 4
0.9759 1 0.9759 5
0.9852 1 0.9852 2
0.98 1 0.98 3
0.9775 1 0.9775 3
0.9778 1 0.9778 5
0.9688 1 0.9688 3
0.9766 1 0.9766 3
0.9758 1 0.9758 4
0.9745 1 0.9745 5
0.9772 1 0.9772 5
0.9717 0.8522 0.8278 3
0.979 1 0.979 3
0.9795 1 0.9795 3
0.9579 1 0.9579 5
0.981 1 0.981 7
0.9773 1 0.9773 12
0.9816 1 0.9816 8
0.9659 1 0.9658 7
0.9802 1 0.9802 3
0.9796 1 0.9796 6
0.9842 1 0.9842 5
0.9744 1 0.9744 8
0.9787 1 0.9787 4
0.9811 1 0.9811 8
0.9746 1 0.9746 2
0.9738 1 0.9738 2
0.977 1 0.977 5
0.9771 1 0.9771 3
0.9751 1 0.9746 3
0.9725 1 0.9725 4
0.9773 1 0.9773 3
0.973 1 0.973 5
0.971 1 0.971 4
0.9802 1 0.9802 4
0.9784 1 0.9784 7
0.9786 1 0.9786 7
0.979 1 0.979 1
0.9689 1 0.9689 2
0.9773 1 0.9773 4
0.9728 1 0.9728 5
0.9744 1 0.9744 3
0.9675 1 0.9675 2
0.9587 1 0.9587 5
0.9757 1 0.9757 5
0.9644 1 0.9644 4
0.9499 1 0.9499 3
0.9623 1 0.9623 3
0.8712 1 0.8712 1
0.9554 1 0.9554 3
0.9638 1 0.9638 5
0.9652 1 0.9652 3
0.9737 1 0.9737 5
0.9542 1 0.9542 3
0.9704 1 0.9704 4
0.88 1 0.88 1
0.9329 1 0.9329 4
0.8144 1 0.8144 2
0.9691 1 0.9691 6
0.8018 1 0.8018 3
0.9395 1 0.9395 7
0.8066 1 0.8066 3
0.977 1 0.977 7
0.9639 1 0.9639 2
0.9639 1 0.9639 5
0.9689 1 0.9689 5
0.967 1 0.967 2
0.9677 1 0.9677 6
0.9493 1 0.9493 3
0.9311 1 0.9311 1
0.9741 1 0.9741 5
0.9716 1 0.9716 3
0.9687 1 0.9687 6
0.945 1 0.945 3
0.9601 1 0.9601 1
0.9578 1 0.9578 2
0.9718 1 0.9718 5
0.9674 1 0.9674 4
0.9761 1 0.9761 6
0.9742 1 0.9742 4
0.9663 1 0.9663 4
0.9712 1 0.9712 8
0.9694 1 0.9694 3
0.8921 1 0.8921 3
0.9626 1 0.9626 4
0.9717 1 0.9717 4
0.9658 1 0.9658 3
0.9669 1 0.9669 4
0.9638 1 0.9638 5
0.9681 1 0.9681 3
0.8925 1 0.8925 2
0.9784 1 0.9784 7
0.9651 1 0.9651 8
0.9573 1 0.9573 5
0.9523 1 0.9523 6
0.9561 1 0.9561 7
0.9679 1 0.9679 3
0.9726 1 0.9726 4
0.9641 1 0.9641 6
0.9698 1 0.9698 4
0.977 1 0.977 5
0.968 1 0.968 4
0.9378 1 0.9378 3
0.9187 1 0.9187 1
0.9676 1 0.9676 5
0.9602 1 0.9602 3
0.9654 1 0.9654 7
0.9628 1 0.9628 4
0.9445 1 0.9445 4
0.9673 1 0.9673 4
0.9649 1 0.9649 6
0.9193 1 0.9193 1
0.9602 1 0.9602 3
0.9629 1 0.9629 5
0.9196 1 0.9196 4
0.9751 1 0.9751 2
0.9687 1 0.9687 7
0.9237 1 0.9237 4
0.9631 1 0.9631 7
0.9753 1 0.9753 6
0.9484 1 0.9484 2
0.9686 1 0.9686 5
0.9702 1 0.9702 2
0.96 1 0.96 3
0.9576 1 0.9576 5
0.9243 1 0.9243 4
0.9432 1 0.9432 3
0.9569 1 0.9569 3
0.9499 1 0.9499 5
0.9474 1 0.9474 3
0.9701 1 0.9701 8
0.9689 1 0.9689 5
0.971 1 0.971 5
0.9646 1 0.9646 1
0.9667 1 0.9667 5
0.9629 1 0.9629 5
0.9639 1 0.9639 7
0.9252 1 0.9252 1
0.9679 1 0.9679 4
0.9536 1 0.9536 1
0.9582 1 0.9582 2
0.9678 1 0.9678 8
0.9472 1 0.9472 6
0.9618 1 0.9618 3
0.8903 1 0.8903 3
0.9661 1 0.9661 6
0.9554 1 0.9554 4
0.9413 1 0.9413 2
0.9255 1 0.9255 4
0.9016 1 0.9016 2
0.9582 1 0.9582 2
0.9679 1 0.9679 7
0.9628 1 0.9628 5
0.9745 1 0.9745 5
0.9626 1 0.9626 6
0.9673 1 0.9673 6
0.9583 1 0.9583 4
0.9557 1 0.9557 3
0.971 1 0.971 3
0.9641 1 0.9641 8
0.9611 1 0.9611 5
0.9508 1 0.9508 3
0.941 1 0.941 2
0.8467 1 0.8467 1
0.9728 1 0.9728 3
0.9675 1 0.9675 3
0.9536 1 0.9536 10
0.9653 1 0.9653 5
0.9625 1 0.9625 5
0.9543 1 0.9543 3
0.8632 1 0.8632 2
0.9349 1 0.9349 2
0.9603 1 0.9603 4
0.9685 1 0.9685 4
0.9571 1 0.9571 5
0.9624 1 0.9624 2
0.9655 1 0.9655 4
0.9359 1 0.9359 2
0.9647 1 0.9647 3
0.9597 1 0.9597 7
0.9616 1 0.9616 5
0.9675 1 0.9675 3
0.9615 1 0.9615 3
0.9629 1 0.9629 4
0.965 1 0.965 2
0.9399 1 0.9399 4
0.958 1 0.958 4
0.9094 1 0.9094 4
0.876 1 0.876 1
0.9613 1 0.9613 6
0.9625 1 0.9625 4
0.9611 1 0.9611 6
0.9336 1 0.9336 5
0.9703 1 0.9703 3
0.9008 1 0.9008 3
0.9597 1 0.9597 3
0.956 1 0.956 6
0.9042 1 0.9042 2
0.827 1 0.827 3
0.9632 1 0.9632 7
0.9663 1 0.9663 3
0.9601 0.9475 0.9074 11
0.6359 1 0.6359 9
0.9468 1 0.9466 6
0.9715 0.4845 0.4707 2
0.9534 1 0.9533 11
0.9671 1 0.9671 5
0.934 1 0.934 3
0.9882 0.861 0.8483 27
0.7666 1 0.7666 6
0.9544 0.6692 0.6387 6
0.938 1 0.938 5
0.959 1 0.959 5
0.9693 1 0.9693 5
0.9272 1 0.9272 2
0.8264 1 0.8264 3
0.964 1 0.9639 7
0.9766 1 0.9766 5
0.9434 1 0.9432 6
0.648 0.9999 0.6479 5
0.8248 1 0.8248 2
0.9639 1 0.9638 8
0.9724 0.8459 0.8225 5
0.967 1 0.9668 7
0.9711 1 0.9711 6
0.9591 1 0.959 9
0.986 1 0.986 4
0.927 1 0.927 6
0.9811 1 0.9811 14
0.9755 1 0.9752 9
0.6563 1 0.6563 5
0.9558 0.7854 0.75 10
0.9661 1 0.966 8
0.9705 1 0.9705 2
0.9615 1 0.9615 6
0.9779 1 0.9778 10
0.8438 1 0.8438 5
0.9612 1 0.9612 4
0.9665 0.8597 0.8307 8
0.9776 1 0.9776 6
0.9766 0.9959 0.972 13
0.9725 0.9605 0.9325 8
0.8874 1 0.8874 2
0.9572 1 0.9572 6
0.9807 1 0.9802 8
0.9725 1 0.9725 4
0.9802 1 0.9801 6
0.9801 0.9999 0.9791 19
0.9705 1 0.9705 4
0.9793 1 0.9793 8
0.9709 1 0.9709 3
0.9724 1 0.9723 8
0.9744 1 0.9744 9
0.9827 1 0.9827 2
0.9755 1 0.9755 6
0.9804 1 0.9803 8
0.951 1 0.951 4
0.9755 1 0.9751 8
0.9671 0.928 0.8965 5
0.9773 1 0.9773 3
0.9762 1 0.9762 3
0.9793 1 0.9786 10
0.9791 1 0.9791 6
0.8995 1 0.8995 8
0.9697 1 0.9697 6
0.9734 1 0.9734 5
0.9804 1 0.9804 10
0.9813 1 0.9813 5
0.9748 1 0.9748 6
0.956 1 0.956 3
0.9748 1 0.9747 5
0.9765 1 0.9763 7
0.9741 1 0.9741 6
0.9389 1 0.9389 1
0.9533 1 0.9533 4
0.9773 1 0.9773 4
0.9818 1 0.9818 6
0.9484 1 0.9484 5
0.9604 1 0.9603 8
0.9825 1 0.9825 7
0.973 1 0.973 3
0.9773 0.906 0.885 5
0.8449 1 0.8449 5
0.9728 1 0.9728 7
0.9754 1 0.9754 3
0.9065 1 0.9065 1
0.9721 1 0.9721 5
0.9755 1 0.9755 5
0.9702 1 0.9702 5
0.9703 1 0.9703 5
0.9734 1 0.9734 8
0.9789 1 0.9789 4
0.9787 1 0.9787 4
0.9833 1 0.9833 4
0.9664 1 0.9664 5
0.9784 1 0.9783 4
0.9795 1 0.9795 4
0.9717 1 0.9717 7
0.9702 1 0.9702 4
0.9607 1 0.9607 5
0.9773 1 0.9773 4
0.9768 1 0.9768 7
0.978 1 0.978 6
0.973 1 0.973 9
0.9829 1 0.9829 4
0.9823 1 0.9823 5
0.9723 1 0.9723 7
0.9823 1 0.9823 4
0.9736 1 0.9734 8
0.9639 1 0.9639 10
0.9571 1 0.9571 8
0.9751 1 0.975 7
0.9756 1 0.9756 4
0.9858 1 0.9858 6
0.9537 1 0.9537 5
0.9703 1 0.9703 6
0.9731 1 0.9731 6
0.9801 1 0.9801 12
0.9665 1 0.9665 8
0.9708 1 0.9708 6
0.9742 1 0.9741 9
0.973 1 0.973 8
0.9747 1 0.9747 5
0.9764 1 0.9764 4
0.9691 1 0.9691 5
0.9699 1 0.9699 6
0.954 1 0.9539 5
0.9744 1 0.9741 7
0.9557 1 0.9557 2
0.9579 1 0.9579 4
0.9711 1 0.9711 8
0.9654 1 0.9654 4
0.9477 1 0.9477 1
0.9788 1 0.9788 2
0.9825 1 0.9825 5
0.9781 1 0.9781 7
0.9677 1 0.9677 5
0.972 1 0.972 4
0.9404 1 0.9404 4
0.9814 1 0.9814 2
0.9474 1 0.9474 4
0.8935 1 0.8935 2
0.9344 1 0.9344 2
0.9001 1 0.9001 2
0.9638 1 0.9638 5
0.8169 1 0.8169 4
0.8621 1 0.8621 3
0.9578 1 0.9577 6
0.9686 1 0.9686 6
0.9573 1 0.9573 4
0.7665 1 0.7665 3
0.9473 1 0.9473 3
0.9601 1 0.9601 7
0.7793 1 0.7793 2
0.9376 1 0.9376 4
0.8984 1 0.8984 5
0.9622 1 0.9622 2
0.9698 1 0.9698 4
0.9695 1 0.9695 11
0.9596 1 0.9596 3
0.8523 1 0.8523 3
0.9679 1 0.9679 5
0.9445 1 0.9445 2
0.9634 1 0.9634 5
0.9418 1 0.9418 1
0.9689 1 0.9689 3
0.759 1 0.759 1
0.8392 1 0.8392 2
0.9224 1 0.9224 3
0.9441 1 0.9441 5
0.8993 1 0.8993 3
0.8317 1 0.8317 3
0.9707 1 0.9707 8
0.9629 1 0.9629 4
0.8129 1 0.8129 3
0.8256 1 0.8256 5
0.966 1 0.966 4
0.9552 1 0.9552 4
0.9693 1 0.9693 7
0.7489 1 0.7489 2
0.9069 1 0.9069 4
0.9208 1 0.9208 2
0.8852 1 0.8852 6
0.8228 1 0.8228 4
0.9176 1 0.9176 1
0.9641 1 0.9641 6
0.8712 1 0.8712 3
0.8081 1 0.8081 2
0.9626 1 0.9626 3
0.9604 1 0.9604 3
0.9104 1 0.9104 4
0.9525 1 0.9525 3
0.8856 1 0.8856 2
0.8313 1 0.8313 4
0.7753 1 0.7753 3
0.836 1 0.836 1
0.9504 1 0.9504 5
0.9644 1 0.9644 3
0.8905 1 0.8905 4
0.9601 1 0.9601 3
0.9667 1 0.9667 10
0.7692 1 0.7692 3
0.8063 1 0.8063 3
0.8453 1 0.8453 3
0.887 1 0.887 4
0.9598 1 0.9598 4
0.8613 1 0.8613 1
0.9574 1 0.9574 5
0.9543 1 0.9543 2
0.964 1 0.964 3
0.832 1 0.832 2
0.9649 1 0.9649 4
0.7817 1 0.7817 1
0.8259 1 0.8259 2
0.9677 1 0.9677 6
0.9554 1 0.9554 4
0.9484 1 0.9483 6
0.8964 1 0.8964 4
0.9695 1 0.9695 8
0.9637 1 0.9637 5
0.7814 1 0.7814 3
0.8137 1 0.8137 1
0.8811 1 0.8811 1
0.9401 1 0.9401 2
0.9514 1 0.9514 3
0.8851 1 0.8851 4
0.8281 1 0.8281 1
0.9526 1 0.9526 3
0.9503 1 0.9503 5
0.9635 1 0.9635 6
0.9358 1 0.9358 2
0.8553 1 0.8553 2
0.9647 1 0.9647 5
0.8427 1 0.8427 2
0.9657 1 0.9657 4
0.9591 1 0.9591 6
0.9525 1 0.9525 4
0.8552 1 0.8552 3
0.942 1 0.942 4
0.8453 1 0.8453 1
0.9661 1 0.9661 3
0.9411 1 0.9411 6
0.8171 1 0.8171 1
0.9505 1 0.9505 4
0.886 1 0.886 1
0.9108 1 0.9108 2
0.8513 1 0.8513 2
0.9292 1 0.9292 2
0.8463 1 0.8463 1
0.9542 1 0.9542 5
0.9402 1 0.9402 1
0.8474 1 0.8474 4
0.8558 1 0.8558 2
0.8795 1 0.8795 2
0.9487 1 0.9487 8
0.7411 1 0.7411 2
0.8233 1 0.8233 3
0.8471 1 0.8471 2
0.9232 1 0.9232 2
0.7279 1 0.7279 1
0.8021 1 0.8021 2
0.9132 1 0.9132 3
0.9391 1 0.9391 2
0.7939 1 0.7939 3
0.9116 1 0.9116 3
0.7802 1 0.7802 3
0.7759 1 0.7759 2
0.931 1 0.931 3
0.8135 1 0.8135 2
0.8469 1 0.8469 1
0.8265 1 0.8265 2
0.7479 1 0.7479 5
0.7644 1 0.7644 2
0.856 1 0.856 2
0.8185 1 0.8185 3
0.9008 1 0.9008 2
0.8741 1 0.8741 1
0.795 1 0.795 3
0.8329 1 0.8329 3
0.9535 1 0.9535 1
0.8712 1 0.8712 2
0.8518 1 0.8518 4
0.8246 1 0.8246 3
0.8284 1 0.8284 2
0.8529 1 0.8529 2
0.7482 1 0.7482 2
0.695 1 0.695 1
0.8073 1 0.8073 2
0.7793 1 0.7793 2
0.8504 1 0.8504 1
0.821 1 0.821 2
0.8113 1 0.8113 2
0.912 1 0.912 1
0.9391 1 0.9391 4
0.9595 1 0.9595 3
0.8161 1 0.8161 3
0.8687 1 0.8687 3
0.9615 1 0.9615 5
0.8681 1 0.8681 3
0.8548 1 0.8548 3
0.9312 1 0.9312 1