0.6779 
0.6326 
0.3995 
0.4330 
0.7239 
0.4831 
0.4442 
0.4763 
0.3625 
0.6050 
0.4337 
0.5422 
0.5754 
0.4506 
0.5825 
0.4638 
0.7306 
0.3841 
0.4455 
0.7394 
0.4734 
0.4856 
0.5842 
0.4637 
0.4789 
0.4934 
0.5635 
0.4856 
0.4785 
0.4059 
0.5375 
0.4294 
0.4835 
0.5118 
0.5163 
0.6012 
0.4639 
0.3713 
0.6780 
0.4241 
0.5420 
0.6179 
0.4147 
0.4329 
0.5726 
0.4515 
0.5331 
0.6152 
0.5230 
0.5967 
0.5773 
0.6242 
0.6353 
0.5099 
0.5469 
0.6258 
0.4839 
0.6254 
0.4808 
0.5049 
0.4153 
0.5330 
0.5753 
0.5951 
0.5162 
0.5304 
0.4907 
0.5394 
0.5857 
0.6942 
0.5509 
0.6102 
0.6097 
0.6308 
0.4755 
0.5518 
0.4847 
0.5940 
0.5854 
0.6297 
0.5216 
0.4514 
0.6531 
0.5631 
0.5761 
0.6584 
0.6129 
0.5880 
0.5411 
0.5062 
0.5778 
0.5456 
0.6092 
0.5463 
0.5590 
0.5292 
0.5369 
0.5269 
0.4902 
0.5062 
0.4604 
0.6411 
0.5673 
0.6597 
0.5229 
0.6386 
0.5235 
0.6541 
0.5376 
0.6404 
0.6569 
0.5693 
0.5530 
0.5113 
0.5829 
0.5624 
0.5219 
0.6164 
0.5273 
0.5029 
0.6012 
0.6445 
0.5478 
0.6453 
0.5943 
0.5842 
0.6244 
0.5754 
0.5141 
0.5697 
0.5270 
0.5492 
0.5233 
0.5760 
0.5808 
0.5532 
0.5754 
0.5875 
0.5857 
0.6304 
0.5816 
0.5486 
0.5502 
0.5418 
0.5028 
0.6445 
0.5430 
0.5084 
0.5700 
0.5231 
0.5412 
0.5512 
0.5742 
0.5480 
0.5286 
0.6028 
0.5365 
0.5548 
0.6057 
0.5092 
0.5382 
0.5460 
0.5173 
0.5511 
0.6062 
0.5677 
0.5877 
0.5229 
0.5173 
0.5649 
0.5436 
0.5333 
0.5408 
0.5930 
0.5163 
0.5084 
0.5659 
0.4998 
0.5262 
0.4942 
0.5230 
0.5232 
0.5392 
0.4993 
0.6087 
0.5139 
0.4751 
0.6064 
0.5947 
0.5473 
0.5170 
0.5712 
0.5216 
0.4799 
0.4967 
0.5825 
0.4975 
0.5978 
0.5580 
0.5475 
0.5713 
0.5273 
0.5345 
0.5532 
0.5275 
0.4935 
0.5588 
0.5219 
0.5449 
0.5247 
0.5731 
0.5632 
0.5385 
0.5116 
0.5372 
0.4813 
0.5427 
0.5563 
0.5313 
0.5512 
0.5258 
0.5192 
0.5676 
0.5777 
0.5249 
0.6182 
0.5853 
0.5670 
0.5011 
0.5548 
0.5649 
0.5285 
0.5553 
0.5298 
0.5332 
0.5685 
0.5581 
0.5562 
0.5665 
0.5638 
0.5418 
0.6326 
0.5431 
0.6072 
0.5210 
0.5501 
0.5112 
0.5074 
0.5248 
0.5509 
0.5009 
0.5489 
0.5037 
0.5443 
0.5505 
0.5586 
0.5423 
0.5376 
0.5764 
0.5363 
0.5603 
0.5222 
0.5644 
0.5282 
0.5398 
0.5325 
0.5368 
0.5410 
0.5409 
0.5389 
0.5254 
0.5715 
0.5482 
0.5657 
0.5262 
0.5263 
0.5487 
0.4944 
0.5235 
0.5002 
0.6065 
0.5388 
0.5221 
0.5578 
0.5590 
0.5473 
0.5289 
0.5394 
0.5421 
0.5217 
0.5442 
0.5086 
0.5219 
0.5711 
0.5168 
0.5522 
0.5170 
0.5564 
0.5405 
0.5223 
0.6832 
0.5311 
0.5274 
0.5857 
0.5769 
0.5914 
0.4477 
0.6426 
0.6168 
0.8039 
0.6358 
0.6838 
0.9299 
0.2600 
0.6107 
0.3246 
0.5860 
0.3969 
0.2696 
0.4787 
0.6096 
0.6285 
0.7027 
0.8893 
0.6378 
0.5566 
0.7270 
0.6840 
0.7314 
0.4461 
0.5590 
0.6416 
0.3778 
0.5747 
0.5773 
0.8123 
0.3384 
0.7432 
0.7073 
0.6757 
0.7411 
0.4729 
0.6827 
0.6484 
0.6109 
0.5300 
0.5240 
0.6908 
0.6548 
0.7641 
0.6897 
0.7046 
0.7563 
0.7352 
0.6236 
0.4941 
0.6619 
0.6182 
0.6530 
0.5994 
0.6395 
0.5817 
0.6742 
0.6684 
0.5362 
0.6663 
0.7566 
0.7032 
0.5853 
0.4632 
0.5524 
0.7294 
0.9231 
0.5560 
0.9028 
0.5613 
0.6944 
0.5316 
0.7686 
0.6430 
0.5068 
0.5952 
0.5719 
0.6637 
0.4501 
0.5838 
0.6817 
0.5634 
0.6259 
0.5255 
0.5647 
0.5202 
0.6806 
0.6778 
0.6361 
0.6262 
0.6803 
0.6539 
0.7545 
0.6385 
0.6869 
0.7572 
0.6188 
0.6094 
0.6733 
0.6061 
0.7127 
0.6016 
0.6767 
0.5771 
0.6046 
0.6731 
0.5870 
0.5613 
0.5114 
0.6206 
0.6716 
0.6062 
0.5612 
0.6124 
0.5832 
0.6107 
0.7245 
0.6363 
0.6125 
0.6261 
0.6894 
0.5766 
0.6562 
0.7666 
0.6721 
0.6054 
0.6428 
0.5811 
0.6699 
0.6304 
0.6836 
0.6131 
0.5084 
0.6104 
0.6073 
0.6530 
0.6445 
0.6718 
0.6073 
0.5485 
0.6109 
0.6310 
0.5457 
0.6827 
0.5065 
0.6023 
0.5829 
0.5535 
0.6795 
0.6360 
0.5629 
0.5700 
0.6073 
0.5870 
0.5592 
0.6651 
0.6409 
0.6032 
0.5735 
0.7085 
0.5061 
0.6449 
0.5673 
0.6688 
0.5678 
0.7059 
0.6586 
0.6344 
0.5886 
0.5799 
0.5604 
0.6903 
0.6396 
0.6090 
0.6255 
0.6355 
0.6525 
0.5405 
0.5700 
0.6953 
0.6120 
0.5389 
0.5893 
0.5679 
0.6155 
0.5768 
0.6015 
0.6159 
0.6429 
0.5828 
0.6380 
0.6468 
0.6437 
0.6111 
0.6331 
0.6382 
0.6614 
0.5516 
0.6782 
0.7156 
0.7100 
0.5525 
0.5766 
0.6464 
0.6956 
0.6053 
0.5789 
0.6113 
0.6832 
0.5843 
0.6166 
0.6331 
0.6075 
0.6278 
0.5578 
0.6285 
0.6418 
0.5902 
0.6699 
0.6274 
0.6793 
0.6294 
0.6414 
0.5924 
0.6053 
0.5984 
0.5565 
0.5738 
0.5520 
0.5754 
0.7270 
0.5929 
0.6096 
0.6151 
0.5883 
0.6107 
0.5991 
0.5771 
0.6269 
0.6231 
0.6058 
0.6514 
0.6649 
0.6363 
0.6460 
0.5937 
0.6769 
0.5511 
0.6102 
0.6256 
0.6137 
0.6888 
0.5662 
0.5606 
0.6517 
0.5642 
0.5978 
0.6485 
0.5550 
0.6924 
0.6908 
0.5509 
0.6347 
0.6174 
0.6240 
0.6077 
0.5909 
0.6704 
0.6508 
0.6050 
0.6251 
0.6370 
0.5879 
0.6129 
0.6059 
0.6074 
0.5773 
0.6000 
0.6068 
0.6701 
0.5930 
0.5391 
0.6101 
0.6147 
0.6414 
0.6197 
0.6278 
0.5770 
0.5824 
0.5914 
0.5877 
0.6393 
0.5588 
0.5964 
0.9594 
0.5972 
0.8511 
0.8985 
0.8513 
0.7871 
0.6586 
0.7218 
0.6555 
0.9573 
0.9406 
0.9576 
0.9404 
0.7047 
0.4980 
0.3498 
0.4496 
0.9512 
0.3236 
0.4844 
0.9715 
0.6246 
0.7890 
0.8004 
0.7296 
0.8021 
0.7015 
0.5725 
0.9004 
0.9857 
0.9683 
0.6383 
0.4459 
0.6032 
0.6601 
0.5847 
0.8932 
0.9632 
0.8265 
0.7948 
0.9220 
0.4487 
0.6458 
0.9879 
0.5316 
0.7999 
0.7254 
0.6956 
0.5953 
0.6892 
0.6784 
0.8792 
0.6605 
0.3506 
0.6660 
0.7104 
0.4530 
0.8069 
0.6015 
0.5993 
0.7587 
0.9099 
0.5693 
0.7681 
0.6557 
0.8252 
0.7277 
0.5828 
0.8820 
0.8894 
0.8799 
0.5534 
0.9422 
0.6923 
0.9843 
0.6398 
0.9281 
0.9701 
0.7485 
0.9834 
0.7800 
0.9137 
0.6337 
0.8293 
0.8490 
0.8283 
0.7530 
0.5906 
0.9068 
0.9022 
0.7393 
0.9099 
0.9839 
0.7361 
0.9558 
0.6920 
0.7520 
0.7641 
0.9139 
0.8197 
0.9837 
0.6812 
0.8557 
0.9028 
0.5242 
0.8834 
0.6939 
0.6814 
0.8154 
0.8284 
0.6030 
0.7973 
0.8114 
0.7830 
0.8417 
0.8595 
0.7435 
0.5506 
0.6480 
0.6575 
0.6596 
0.8102 
0.6443 
0.8768 
0.7698 
0.6632 
0.6480 
0.6472 
0.6325 
0.8858 
0.7983 
0.8050 
0.8619 
0.6994 
0.7611 
0.6943 
0.5742 
0.7892 
0.8628 
0.7522 
0.8338 
0.9160 
0.8488 
0.7592 
0.8644 
0.6705 
0.7253 
0.5814 
0.6740 
0.7564 
0.4320 
0.8412 
0.6385 
0.8429 
0.8109 
0.6928 
0.8826 
0.9090 
0.6388 
0.7414 
0.7063 
0.7880 
0.7476 
0.6840 
0.7371 
0.7210 
0.7549 
0.8840 
0.6808 
0.7744 
0.7136 
0.9139 
0.7954 
0.8710 
0.6631 
0.8230 
0.7659 
0.7623 
0.6099 
0.6906 
0.8666 
0.8014 
0.9131 
0.8276 
0.6799 
0.7589 
0.7329 
0.7475 
0.6831 
0.8527 
0.6693 
0.8931 
0.8859 
0.8300 
0.6784 
0.7825 
0.8314 
0.7283 
0.7041 
0.7483 
0.7412 
0.7475 
0.8030 
0.7295 
0.6441 
0.7083 
0.7434 
0.6112 
0.6107 
0.7235 
0.7529 
0.8497 
0.7383 
0.8523 
0.7994 
0.7112 
0.7755 
0.8611 
0.7104 
0.6826 
0.6248 
0.7777 
0.7841 
0.7368 
0.6798 
0.6874 
0.7436 
0.7454 
0.6797 
0.6898 
0.7463 
0.7910 
0.7335 
0.7638 
0.7986 
0.6513 
0.7273 
0.7256 
0.8519 
0.6644 
0.7736 
0.7169 
0.7475 
0.8005 
0.7453 
0.6527 
0.8088 
0.7580 
0.7189 
0.7486 
0.8001 
0.8109 
0.6542 
0.7283 
0.7170 
0.6260 
0.6727 
0.6963 
0.8313 
0.8150 
0.7724 
0.8042 
0.7776 
0.7566 
0.7457 
0.8799 
0.6634 
0.7515 
0.8031 
0.7696 
0.8345 
0.9022 
0.7109 
0.7494 
0.6538 
0.7117 
0.9012 
0.6646 
0.7861 
0.6860 
0.6696 
0.7037 
0.8671 
0.6587 
0.7296 
0.8441 
0.8161 
0.7551 
0.7568 
0.7326 
0.7837 
0.7849 
0.6567 
0.7981 
0.7651 
0.7509 
0.7225 
0.7722 
0.7302 
0.8062 
0.9626 
0.7638 
0.8873 
0.8472 
0.9658 
0.9734 
0.7908 
0.8420 
0.9347 
0.8330 
0.9302 
0.8633 
0.9651 
0.9107 
0.8946 
0.7727 
0.5909 
0.9590 
0.6315 
0.9597 
0.9346 
0.9349 
0.9162 
0.8977 
0.9776 
0.9774 
0.8849 
0.9825 
0.9720 
0.9722 
0.9655 
0.9761 
0.9747 
0.8993 
0.9778 
0.8981 
0.9823 
0.9560 
0.9795 
0.9799 
0.8045 
0.9632 
0.9823 
0.9728 
0.9752 
0.9819 
0.9858 
0.9835 
0.9789 
0.9820 
0.9801 
0.9810 
0.9829 
0.9578 
0.9816 
0.9761 
0.9680 
0.8716 
0.8777 
0.9809 
0.9789 
0.9826 
0.9806 
0.9841 
0.9805 
0.9780 
0.9851 
0.9789 
0.9709 
0.9783 
0.9747 
0.9784 
0.9860 
0.9787 
0.9838 
0.9837 
0.9819 
0.9717 
0.9866 
0.9483 
0.9848 
0.9838 
0.9796 
0.9835 
0.9811 
0.9792 
0.9827 
0.9725 
0.9822 
0.9780 
0.9818 
0.9792 
0.9864 
0.9803 
0.9743 
0.9829 
0.9810 
0.9764 
0.9851 
0.9861 
0.9855 
0.9838 
0.9801 
0.9820 
0.9853 
0.9783 
0.9861 
0.9757 
0.9807 
0.9848 
0.9810 
0.9829 
0.9911 
0.9866 
0.9873 
0.9811 
0.8872 
0.9689 
0.9844 
0.9834 
0.9749 
0.9682 
0.9796 
0.9846 
0.9850 
0.9784 
0.9808 
0.9803 
0.9861 
0.9827 
0.9798 
0.9858 
0.9813 
0.9777 
0.9867 
0.9774 
0.9826 
0.9750 
0.9851 
0.9812 
0.9726 
0.9740 
0.9699 
0.9745 
0.9639 
0.9750 
0.9717 
0.9707 
0.9665 
0.9783 
0.9696 
0.9731 
0.9791 
0.9722 
0.9791 
0.9689 
0.9746 
0.9773 
0.9796 
0.9755 
0.9774 
0.9747 
0.9705 
0.9655 
0.9722 
0.9784 
0.9739 
0.9737 
0.9698 
0.9739 
0.9742 
0.9724 
0.9724 
0.9761 
0.9705 
0.9711 
0.9758 
0.9761 
0.9776 
0.9758 
0.9602 
0.9764 
0.9730 
0.9743 
0.9775 
0.9712 
0.9745 
0.9787 
0.9692 
0.9714 
0.9731 
0.9754 
0.9722 
0.9664 
0.9745 
0.9749 
0.9730 
0.9739 
0.9793 
0.9737 
0.9731 
0.9729 
0.9749 
0.9728 
0.9563 
0.9749 
0.9754 
0.9758 
0.9712 
0.9761 
0.9727 
0.9720 
0.9617 
0.9608 
0.9708 
0.9708 
0.9734 
0.9754 
0.9687 
0.9721 
0.9688 
0.9747 
0.9697 
0.9713 
0.9709 
0.9669 
0.9698 
0.9699 
0.9714 
0.9689 
0.9776 
0.9714 
0.9732 
0.9740 
0.9728 
0.9712 
0.9695 
0.9744 
0.9706 
0.9739 
0.9694 
0.9710 
0.9671 
0.9693 
0.9702 
0.9681 
0.9634 
0.9680 
0.9649 
0.9717 
0.9748 
0.9765 
0.9751 
0.9721 
0.9734 
0.9702 
0.9725 
0.9694 
0.9778 
0.9681 
0.9654 
0.9630 
0.9706 
0.9685 
0.9723 
0.9672 
0.9669 
0.9696 
0.9655 
0.9748 
0.9652 
0.9702 
0.9712 
0.9662 
0.9643 
0.9692 
0.9717 
0.9675 
0.9716 
0.9698 
0.9658 
0.9640 
0.9675 
0.9715 
0.9691 
0.9689 
0.9669 
0.9615 
0.9647 
0.9752 
0.9708 
0.9695 
0.9643 
0.9757 
0.9723 
0.9706 
0.9661 
0.9718 
0.9742 
0.9745 
0.8384 
0.9809 
0.7535 
0.9352 
0.7706 
0.9670 
0.9335 
0.9881 
0.6809 
0.9568 
0.7911 
0.9619 
0.6963 
0.9190 
0.7931 
0.9769 
0.8075 
0.5579 
0.8022 
0.6927 
0.9415 
0.9747 
0.9130 
0.9868 
0.9670 
0.7615 
0.9842 
0.9257 
0.9739 
0.8496 
0.7082 
0.9680 
0.9794 
0.9697 
0.8826 
0.9496 
0.9237 
0.9690 
0.9800 
0.9440 
0.9696 
0.9734 
0.9723 
0.7492 
0.9748 
0.9791 
0.9812 
0.9037 
0.9606 
0.9819 
0.9817 
0.9785 
0.9852 
0.9805 
0.9815 
0.9814 
0.9695 
0.9743 
0.9139 
0.9808 
0.9496 
0.9799 
0.9807 
0.9822 
0.9782 
0.9803 
0.9739 
0.9772 
0.9761 
0.9820 
0.9809 
0.7966 
0.9889 
0.9781 
0.9836 
0.9830 
0.9720 
0.9292 
0.9876 
0.9798 
0.9763 
0.9803 
0.9756 
0.9826 
0.9844 
0.9847 
0.9841 
0.9768 
0.9771 
0.9813 
0.9764 
0.9758 
0.9842 
0.9821 
0.9864 
0.9816 
0.9810 
0.9752 
0.9844 
0.9817 
0.9776 
0.9869 
0.9796 
0.9832 
0.9872 
0.9832 
0.9776 
0.9757 
0.9793 
0.9775 
0.8226 
0.9819 
0.9847 
0.9733 
0.9871 
0.9809 
0.9816 
0.9713 
0.9849 
0.9842 
0.9850 
0.9767 
0.9822 
0.9855 
0.9810 
0.9817 
0.9809 
0.9792 
0.9815 
0.9798 
0.9828 
0.9860 
0.9738 
0.9783 
0.9874 
0.9799 
0.9815 
0.9788 
0.9794 
0.9837 
0.9797 
0.9739 
0.9686 
0.9721 
0.9755 
0.9760 
0.9731 
0.9629 
0.9648 
0.9738 
0.9761 
0.9724 
0.9772 
0.9748 
0.9740 
0.9653 
0.9622 
0.9772 
0.9632 
0.9681 
0.8462 
0.9738 
0.9743 
0.9781 
0.9740 
0.9742 
0.9770 
0.9722 
0.9687 
0.9705 
0.9736 
0.9735 
0.9630 
0.9777 
0.9693 
0.9724 
0.9711 
0.9722 
0.9806 
0.9735 
0.9738 
0.9731 
0.9576 
0.9769 
0.9743 
0.9709 
0.9771 
0.9766 
0.9715 
0.9537 
0.9705 
0.9752 
0.9662 
0.9734 
0.9784 
0.9754 
0.9733 
0.9730 
0.9769 
0.9758 
0.9722 
0.9700 
0.9594 
0.9701 
0.9762 
0.9719 
0.9750 
0.9685 
0.9703 
0.9722 
0.9687 
0.9770 
0.9699 
0.9719 
0.9692 
0.9760 
0.9651 
0.9745 
0.9744 
0.9710 
0.9701 
0.9728 
0.9698 
0.9715 
0.9719 
0.9724 
0.9683 
0.9667 
0.9603 
0.9715 
0.9704 
0.9775 
0.9668 
0.9693 
0.9706 
0.9714 
0.9711 
0.9711 
0.9637 
0.9720 
0.9695 
0.9721 
0.9623 
0.9653 
0.9645 
0.9717 
0.9699 
0.9697 
0.9674 
0.9721 
0.9759 
0.9735 
0.9777 
0.9690 
0.9763 
0.9578 
0.9701 
0.9712 
0.9754 
0.9703 
0.9675 
0.9675 
0.9585 
0.9715 
0.9686 
0.9606 
0.9715 
0.9662 
0.9643 
0.9527 
0.9695 
0.9690 
0.9662 
0.9672 
0.9667 
0.9664 
0.9485 
0.9701 
0.9733 
0.9738 
0.9724 
0.9586 
0.9678 
0.9705 
0.9732 
0.9558 
0.9704 
0.9630 
0.9691 
0.9762 
0.9644 
0.9681 
0.9700 
0.9718 
0.9691 
0.9594 
0.9698 
0.9540 
0.9721 
0.9670 
0.9058 
0.6359 
0.9573 
0.4688 
0.9556 
0.9671 
0.9340 
0.8391 
0.7666 
0.6270 
0.9458 
0.9621 
0.9763 
0.9272 
0.8264 
0.9702 
0.9765 
0.9432 
0.6479 
0.8248 
0.9719 
0.8208 
0.9722 
0.9848 
0.9638 
0.9799 
0.9299 
0.9831 
0.9804 
0.6563 
0.7532 
0.9724 
0.9765 
0.9630 
0.9780 
0.8438 
0.9698 
0.8293 
0.9775 
0.9475 
0.9211 
0.8874 
0.9676 
0.9889 
0.9763 
0.9822 
0.9839 
0.9796 
0.9787 
0.9809 
0.9806 
0.9824 
0.9862 
0.9755 
0.9789 
0.9774 
0.9763 
0.8856 
0.9784 
0.9798 
0.9824 
0.9826 
0.9050 
0.9818 
0.9805 
0.9824 
0.9833 
0.9772 
0.9788 
0.9816 
0.9831 
0.9753 
0.9599 
0.9633 
0.9811 
0.9847 
0.9684 
0.9716 
0.9842 
0.9787 
0.8744 
0.9108 
0.9827 
0.9878 
0.9148 
0.9794 
0.9786 
0.9653 
0.9817 
0.9828 
0.9827 
0.9782 
0.9853 
0.9780 
0.9873 
0.9863 
0.9799 
0.9708 
0.9796 
0.9833 
0.9815 
0.9817 
0.9782 
0.9851 
0.9857 
0.9818 
0.9825 
0.9812 
0.9800 
0.9749 
0.9830 
0.9822 
0.9875 
0.9600 
0.9779 
0.9801 
0.9817 
0.9768 
0.9837 
0.9827 
0.9809 
0.9814 
0.9762 
0.9847 
0.9751 
0.9731 
0.9818 
0.9717 
0.9690 
0.9829 
0.9786 
0.9797 
0.9817 
0.9827 
0.9808 
0.9752 
0.9811 
0.9708 
0.9802 
0.9822 
0.9718 
0.9789 
0.9610 
0.9717 
0.9779 
0.9742 
0.9722 
0.9756 
0.9600 
0.8493 
0.9787 
0.9745 
0.9699 
0.9679 
0.9646 
0.9721 
0.9743 
0.9794 
0.9724 
0.9659 
0.9809 
0.9752 
0.9722 
0.9722 
0.9789 
0.9669 
0.9633 
0.9658 
0.9681 
0.9713 
0.8547 
0.9735 
0.9695 
0.8919 
0.9576 
0.9686 
0.9707 
0.9738 
0.9515 
0.9687 
0.9732 
0.9748 
0.9555 
0.9711 
0.9744 
0.9643 
0.9585 
0.9704 
0.9702 
0.9695 
0.9753 
0.9711 
0.9622 
0.9637 
0.9682 
0.9761 
0.9740 
0.9731 
0.9774 
0.9750 
0.9644 
0.9534 
0.9757 
0.9621 
0.9713 
0.9656 
0.9765 
0.9666 
0.9689 
0.9654 
0.9721 
0.9695 
0.9653 
0.9745 
0.9782 
0.9663 
0.9727 
0.9753 
0.9714 
0.9514 
0.9574 
0.9679 
0.9697 
0.9690 
0.9689 
0.9723 
0.9650 
0.9648 
0.9699 
0.9740 
0.9686 
0.9660 
0.9666 
0.9733 
0.9719 
0.9695 
0.9650 
0.9688 
0.9629 
0.9732 
0.9668 
0.9649 
0.9707 
0.9557 
0.9702 
0.9658 
0.9673 
0.9649 
0.9732 
0.9762 
0.9746 
0.9737 
0.9568 
0.9714 
0.9758 
0.9624 
0.9612 
0.9714 
0.9565 
0.9615 
0.9651 
0.9711 
0.9555 
0.9714 
0.9502 
0.9584 
0.9718 
0.9638 
0.9684 
0.9685 
0.9521 
0.9441 
0.9724 
0.9634 
0.9681 
0.9681 
0.9613 
0.9600 
0.9701 
0.9674 
0.9737 
0.9658 
0.9703 
0.9688 
0.9531 
0.9559 
0.9650 
0.9485 
0.9701 
0.9578 
0.9651 
0.9657 
0.9740 
0.9694 
0.9659 
0.9599 
0.9672 
0.9686 
0.9661 
0.9721 
-1.5000 
0.9595 
0.8964 
0.8593 
0.6948 
0.9557 
0.6892 
0.7677 
0.9831 
0.7829 
0.9614 
0.7205 
0.6867 
0.8874 
0.7479 
0.6470 
0.7176 
0.6680 
0.9517 
0.7903 
0.6513 
0.9714 
0.7130 
0.9728 
0.9579 
0.9134 
0.9862 
0.9296 
0.7073 
0.7993 
0.7114 
0.9671 
0.8337 
0.8279 
0.7850 
0.8845 
0.7089 
0.9328 
0.8846 
0.7378 
0.8433 
0.7533 
0.9688 
0.9730 
0.7802 
0.9656 
0.8815 
0.9868 
0.8755 
0.9508 
0.9809 
0.8083 
0.8433 
0.9215 
0.9770 
0.9571 
0.8893 
0.8441 
0.8728 
0.9734 
0.9812 
0.8948 
0.9027 
0.8760 
0.8678 
0.9758 
0.8600 
0.8705 
0.9248 
0.9772 
0.9828 
0.9471 
0.9755 
0.9504 
0.9244 
0.9151 
0.9812 
0.7839 
0.6762 
0.9807 
0.8911 
0.7951 
0.8003 
0.8760 
0.9412 
0.8527 
0.9730 
0.8108 
0.7925 
0.8655 
0.7736 
0.7623 
0.8089 
0.8674 
0.8372 
0.9688 
0.7653 
0.7045 
0.7364 
0.7636 
0.8327 
0.9227 
0.9745 
0.8636 
0.9563 
0.8958 
0.9802 
0.7887 
0.9634 
0.9755 
0.8252 
0.8470 
0.8135 
0.9183 
0.7940 
0.9853 
0.9815 
0.8640 
0.8378 
0.8986 
0.9276 
0.9865 
0.7734 
0.9219 
0.6792 
0.7984 
0.9423 
0.9264 
0.8688 
0.8603 
0.9672 
0.8962 
0.8566 
0.9700 
0.9801 
0.9164 
0.9465 
0.9255 
0.9305 
0.8422 
0.9577 
0.7256 
0.9530 
0.8870 
0.8920 
0.8424 
0.8933 
0.8205 
0.9083 
0.7837 
0.8018 
0.9608 
0.8318 
0.7846 
0.9248 
0.9507 
0.6921 
0.7058 
0.8057 
0.9729 
0.8002 
0.8362 
0.8694 
0.9373 
0.8578 
0.7977 
0.8948 
0.8480 
0.9726 
0.7755 
0.9545 
0.8987 
0.8049 
0.8484 
0.8841 
0.8311 
0.8786 
0.9016 
0.8316 
0.8750 
0.8900 
0.9412 
0.8421 
0.8578 
0.8428 
0.8067 
0.8315 
0.9392 
0.8964 
0.8371 
0.8376 
0.9419 
0.8679 
0.8563 
0.9314 
0.8615 
0.8420 
0.7747 
0.9300 
0.8795 
0.8128 
0.8632 
0.8070 
0.8305 
0.9452 
0.9179 
0.8972 
0.8410 
0.7083 
0.7716 
0.8407 
0.8560 
0.7899 
0.8626 
0.8956 
0.7865 
0.9499 
0.8537 
0.7539 
0.8780 
0.7242 
0.8757 
0.8777 
0.7774 
0.9106 
0.9220 
0.7738 
0.9431 
0.8340 
0.7681 
0.8489 
0.7628 
0.8747 
0.7830 
0.8401 
0.8853 
0.9480 
0.8744 
0.8518 
0.8584 
0.7796 
0.8189 
0.8097 
0.8452 
0.7936 
0.8089 
0.8233 
0.8089 
0.8135 
0.8118 
0.7792 
0.8659 
0.8703 
0.8186 
0.8494 
0.8569 
0.8620 
0.8756 
0.8508 
0.8223 
0.7442 
0.8610 
0.8145 
0.8691 
0.7222 
0.9282 
0.7783 
0.8320 
0.8361 
0.8012 
0.8517 
0.8026 
0.8579 
0.7613 
0.7821 
0.7813 
0.7752 
0.8321 
0.7678 
0.7989 
0.8059 
0.7582 
0.8627 
0.7651 
0.8908 
0.7537 
0.7851 
0.7986 
0.8294 
0.8221 
0.8547 
0.8499 
0.7548 
0.7955 
0.7486 
0.8088 
0.9027 
0.8248 
0.9429 
0.7907 
0.7760 
0.7667 
0.9728 
0.9433 
0.9349 
0.9484 
0.9691 
0.6863 
0.9624 
0.6950 
0.6721 
0.7300 
0.7288 
0.9837 
0.7904 
0.7600 
0.9383 
0.7015 
0.9415 
0.6677 
0.9677 
0.9595 
0.5727 
0.9711 
0.6345 
0.9533 
0.5613 
0.9840 
0.7101 
0.9743 
0.9819 
0.9696 
0.8134 
0.8530 
0.9711 
0.9711 
0.9683 
0.9696 
0.9670 
0.7490 
0.9484 
0.9784 
0.9334 
0.9824 
0.8721 
0.6999 
0.6848 
0.9741 
0.9739 
0.8253 
0.9811 
0.8752 
0.9809 
0.8733 
0.9777 
0.7406 
0.9793 
0.9692 
0.9572 
0.9851 
0.7278 
0.9574 
0.9827 
0.9678 
0.7487 
0.9782 
0.9777 
0.9512 
0.9559 
0.9374 
0.9833 
0.9776 
0.7987 
0.9894 
0.7981 
0.7664 
0.9828 
0.9095 
0.8669 
0.7937 
0.7787 
0.7772 
0.9832 
0.9791 
0.7093 
0.9792 
0.9750 
0.7585 
0.9705 
0.9778 
0.9832 
0.9781 
0.9314 
0.8215 
0.9783 
0.9803 
0.9843 
0.8606 
0.8023 
0.9860 
0.9685 
0.9826 
0.9746 
0.9791 
0.7960 
0.8189 
0.9048 
0.9276 
0.9748 
0.7619 
0.8933 
0.9289 
0.8624 
0.9798 
0.9035 
0.9872 
0.7984 
0.9186 
0.7861 
0.9749 
0.9828 
0.9827 
0.9650 
0.9810 
0.9849 
0.9672 
0.9232 
0.9773 
0.9705 
0.9787 
0.9817 
0.8540 
0.9777 
0.9688 
0.9782 
0.8865 
0.9573 
0.8814 
0.9462 
0.9585 
0.9803 
0.9578 
0.7606 
0.9555 
0.7833 
0.9466 
0.9586 
0.8215 
0.8324 
0.7546 
0.9495 
0.8133 
0.9707 
0.8412 
0.8155 
0.9750 
0.7255 
0.9486 
0.8774 
0.9408 
0.9611 
0.9720 
0.9556 
0.9588 
0.7700 
0.9748 
0.8420 
0.8676 
0.9516 
0.8798 
0.9602 
0.9685 
0.9645 
0.9568 
0.9645 
0.9141 
0.9613 
0.8218 
0.9396 
0.9562 
0.8211 
0.9432 
0.9351 
0.9413 
0.9753 
0.9686 
0.9274 
0.8251 
0.8683 
0.9651 
0.8951 
0.9498 
0.9488 
0.9294 
0.9417 
0.9533 
0.9146 
0.9646 
0.9376 
0.9676 
0.9157 
0.9098 
0.9672 
0.8991 
0.8194 
0.8924 
0.9311 
0.9312 
0.9528 
0.9572 
0.9620 
0.9353 
0.9411 
0.8829 
0.8033 
0.7889 
0.9616 
0.9574 
0.8826 
0.9232 
0.9726 
0.9685 
0.9529 
0.8089 
0.8338 
0.8839 
0.7910 
0.7350 
0.9548 
0.8988 
0.8856 
0.8039 
0.9577 
0.8933 
0.9367 
0.9647 
0.9695 
0.9055 
0.9441 
0.8566 
0.8996 
0.9148 
0.8835 
0.8308 
0.7701 
0.9120 
0.8897 
0.9425 
0.8614 
0.8645 
0.9004 
0.8953 
0.9018 
0.7478 
0.8721 
0.8757 
0.9529 
0.8906 
0.9146 
0.9443 
0.9161 
0.8059 
0.9239 
0.8314 
0.9665 
0.7336 
0.9638 
0.9061 
0.9374 
0.9416 
0.7832 
0.9220 
0.8613 
0.9721 
0.9203 
0.9524 
0.9356 
0.7317 
0.9490 
0.9597 
0.8643 
0.8742 
0.9223 
0.9480 
0.9576 
0.8322 
0.9668 
0.8290 
0.8757 
0.9456 
0.8097 
0.8777 
0.7457 
0.8319 
0.9638 
0.9618 
0.9444 
0.8383 
0.8430 
0.9016 
0.8805 
0.9101 
0.7360 
0.5076 
0.9552 
0.9611 
0.9718 
0.8144 
0.9729 
0.8686 
0.8218 
0.7206 
0.9626 
0.6524 
0.5260 
0.6336 
0.9723 
0.9815 
0.9560 
0.6077 
0.8746 
0.9386 
0.9740 
0.9727 
0.7585 
0.9630 
0.9352 
0.7898 
0.9742 
0.9564 
0.9818 
0.9047 
0.9717 
0.9615 
0.9699 
0.5317 
0.9746 
0.5573 
0.7194 
0.9624 
0.9697 
0.9683 
0.9773 
0.8404 
0.8056 
0.7647 
0.9826 
0.7167 
0.8736 
0.6635 
0.9780 
0.9770 
0.9822 
0.9864 
0.9723 
0.9557 
0.9839 
0.9602 
0.9126 
0.8463 
0.9814 
0.9809 
0.9826 
0.9702 
0.7209 
0.9803 
0.9724 
0.9844 
0.9826 
0.9787 
0.9754 
0.8667 
0.9715 
0.9866 
0.7912 
0.9292 
0.9849 
0.9234 
0.7719 
0.9878 
0.9771 
0.9804 
0.7910 
0.8362 
0.8996 
0.9834 
0.7638 
0.8890 
0.9736 
0.8210 
0.9667 
0.9764 
0.9807 
0.9799 
0.9776 
0.9875 
0.9840 
0.9291 
0.6743 
0.9856 
0.9749 
0.9755 
0.9073 
0.9805 
0.7822 
0.9835 
0.9692 
0.7970 
0.9735 
0.9580 
0.8906 
0.7814 
0.8513 
0.8908 
0.9823 
0.9814 
0.7967 
0.9399 
0.9694 
0.9721 
0.9161 
0.9298 
0.9761 
0.9392 
0.9618 
0.9450 
0.9803 
0.9059 
0.9485 
0.9796 
0.8926 
0.9773 
0.9796 
0.9712 
0.9412 
0.7501 
0.9771 
0.9778 
0.9729 
0.9129 
0.9650 
0.7311 
0.9175 
0.8912 
0.7936 
0.8562 
0.9516 
0.9683 
0.8870 
0.8853 
0.9646 
0.9617 
0.9623 
0.7997 
0.8665 
0.9386 
0.9567 
0.9785 
0.8921 
0.9737 
0.9368 
0.9759 
0.6569 
0.9493 
0.9339 
0.9655 
0.9581 
0.9072 
0.9507 
0.7410 
0.9305 
0.9651 
0.8942 
0.9438 
0.9695 
0.8997 
0.9379 
0.9709 
0.9470 
0.9094 
0.9696 
0.8745 
0.7449 
0.9615 
0.7796 
0.9683 
0.9600 
0.9663 
0.8647 
0.9678 
0.9199 
0.9630 
0.9081 
0.9613 
0.7661 
0.8210 
0.9188 
0.7918 
0.9586 
0.9132 
0.9214 
0.7940 
0.8650 
0.9464 
0.9532 
0.7368 
0.9721 
0.9676 
0.9738 
0.9695 
0.7924 
0.8604 
0.9368 
0.9525 
0.9526 
0.9362 
0.9609 
0.9345 
0.9651 
0.8445 
0.9563 
0.9568 
0.7177 
0.6700 
0.8554 
0.9579 
0.9666 
0.9094 
0.9108 
0.9596 
0.9562 
0.9323 
0.7990 
0.9441 
0.9531 
0.9067 
0.9718 
0.9563 
0.9758 
0.7824 
0.9375 
0.8705 
0.8767 
0.9117 
0.9668 
0.8348 
0.9662 
0.9193 
0.7571 
0.9046 
0.9316 
0.7733 
0.9278 
0.8139 
0.9119 
0.8827 
0.7683 
0.9609 
0.8139 
0.9039 
0.8344 
0.8007 
0.9640 
0.9608 
0.9405 
0.8968 
0.8783 
0.7835 
0.9648 
0.9600 
0.7663 
0.8237 
0.7924 
0.9464 
0.7221 
0.7796 
0.8227 
0.8440 
0.9506 
0.8686 
0.9446 
0.9072 
0.9331 
0.8866 
0.8045 
0.9484 
0.9658 
0.8054 
0.7810 
0.9085 
0.9414 
0.9658 
0.8106 
0.9257 
0.9467 
0.8587 
0.9373 
0.7999 
0.8263 
0.9578 
0.9651 
