0.0844 0.083 0.1595612 1
0.0375 0.0369 0.07208965 1
0.2114 0.2067 0.37382072 1
0.1801 0.1734 0.32162316 1
0.0771 0.0751 0.14556099 1
0.1799 0.1749 0.32268929 1
0.1478 0.1439 0.26972228 1
0.0863 0.0836 0.16185422 1
0.0777 0.0677 0.13928411 1
0.2242 0.2232 0.39680496 1
0.2355 0.2296 0.4104933 1
0.0652 0.059 0.1194764 1
0.0273 0.0259 0.05154513 1
0.0325 0.0313 0.06184555 1
0.0812 0.0771 0.15119678 1
0.165 0.1639 0.3011844 1
0.0777 0.0751 0.14611653 1
0.0543 0.0524 0.10296038 1
0.0398 0.0384 0.07574888 1
0.0508 0.0502 0.09754984 1
0.1278 0.123 0.2343304 1
0.0897 0.0824 0.16387982 1
0.3457 0.3447 0.57092661 1
0.1472 0.1414 0.26707352 1
0.0494 0.0482 0.09431552 1
0.1108 0.1093 0.20720866 1
0.1373 0.1351 0.25312217 1
0.0844 0.0833 0.15983618 1
0.1211 0.121 0.226688 1
0.0811 0.0804 0.15414006 1
0.0889 0.0873 0.16761423 1
0.0508 0.0436 0.09127852 1
0.0171 0.0171 0.03294079 1
0.0357 0.0352 0.06871326 1
0.0524 0.052 0.1007786 1
0.0684 0.0674 0.13032464 1
0.049 0.0431 0.0890792 1
0.2212 0.2141 0.38737538 1
0.0916 0.0906 0.17308224 1
0.057 0.0551 0.1080704 1
0.0551 0.041 0.092936 1
0.1506 0.1505 0.2777348 1
0.1342 0.126 0.24255 1
0.1379 0.1348 0.25338278 1
0.0514 0.051 0.09888 1
0.0462 0.0429 0.08620612 1
0.076 0.0724 0.142045 1
0.1155 0.1121 0.21387905 1
0.0603 0.0598 0.11561316 1
0.0158 0.0138 0.02841056 1
0.061 0.0568 0.113452 1
0.1037 0.101 0.19343 1
0.0325 0.0321 0.06262035 1
0.2137 0.2123 0.38005649 1
0.2662 0.2642 0.45959936 1
0.067 0.0638 0.1256552 1
0.0771 0.0754 0.14583816 1
0.0778 0.0668 0.13854656 1
0.0283 0.0252 0.05183934 1
0.0376 0.0336 0.06900684 1
0.1497 0.1439 0.27135077 1
0.063 0.0598 0.1181544 1
0.109 0.0998 0.1971296 1
0.1008 0.0994 0.18937968 1
0.0885 0.0867 0.16670125 1
0.0767 0.076 0.1460225 1
0.0829 0.0812 0.15653162 1
0.0218 0.02 0.0404048 1
0.0719 0.069 0.1350788 1
0.0772 0.0761 0.14657738 1
0.1785 0.1721 0.31922975 1
0.1354 0.126 0.2436 1
0.08 0.0742 0.1474172 1
0.1441 0.1416 0.26458014 1
0.1788 0.1775 0.3239183 1
0.0369 0.0365 0.07112555 1
0.0829 0.0779 0.15350189 1
0.0741 0.071 0.138983 1
0.0429 0.0387 0.07902037 1
0.0512 0.0506 0.09831008 1
0.0479 0.0376 0.08278346 1
0.0976 0.0949 0.18242926 1
0.0551 0.0465 0.09813845 1
0.0821 0.0751 0.15019049 1
0.0324 0.0322 0.06262032 1
0.0686 0.0678 0.13088432 1
0.056 0.0538 0.105896 1
0.0837 0.081 0.157084 1
0.3597 0.3524 0.58505282 1
0.0617 0.0583 0.11552189 1
0.0585 0.0542 0.108641 1
0.1275 0.1177 0.22943745 1
0.0679 0.0672 0.12967122 1
0.097 0.0896 0.1770944 1
0.1348 0.1312 0.24757924 1
0.0232 0.0219 0.04363602 1
0.0661 0.0626 0.12368984 1
0.0439 0.038 0.0793127 1
0.0233 0.0216 0.04344062 1
0.0936 0.0908 0.17508452 1
0.0573 0.0416 0.09566242 4
0.026 0.0032 0.02847132 4
0.0673 0.0576 0.12016642 3
0.0705 0.0363 0.10339687 3
0.0496 0.0362 0.08311475 8
0.0429 0.0337 0.07429673 3
0.0336 0.0035 0.03612112 2
0.0242 0.0122 0.03514016 1
0.0561 0.0276 0.08140594 4
0.0492 0.0147 0.06233014 4
0.0625 0.0374 0.09709259 5
0.0476 0.0251 0.07086094 4
0.0249 0.0084 0.03214375 3
0.0449 0.0125 0.05605081 2
0.0289 0.0255 0.05271645 1
0.038 0.0297 0.06565952 2
0.0213 0.0041 0.02439356 5
0.0871 0.0278 0.11173772 2
0.0481 0.0059 0.05296543 5
0.061 0.0057 0.06550101 3
0.0602 0.014 0.07313096 3
0.0381 0.0287 0.06482308 4
0.0428 0.0348 0.07524939 5
0.0552 0.011 0.06504009 6
0.0438 0.0386 0.07979644 2
0.0546 0.0286 0.08074477 4
0.068 0.0565 0.11978921 6
0.0563 0.024 0.07808295 3
0.0389 0.0243 0.06149157 3
0.0195 0.0127 0.03098572 5
0.04 0.0347 0.07240821 4
0.0277 0.0241 0.05021319 7
0.0242 0.0144 0.03728912 1
0.0446 0.0169 0.06003855 5
0.0598 0.0124 0.07069172 8
0.0288 0.0085 0.03610594 2
0.0435 0.0409 0.08171085 2
0.0781 0.0611 0.13379025 4
0.034 0.0104 0.0430898 1
0.0324 0.0163 0.04721958 1
0.0501 0.0126 0.06128722 3
0.037 0.0261 0.06132625 8
0.0385 0.017 0.05391309 2
0.0975 0.059 0.14996756 5
0.0336 0.0107 0.04307302 2
0.0597 0.035 0.09171308 2
0.0381 0.0116 0.04830891 3
0.0276 0.0046 0.03137384 4
0.0555 0.0214 0.07496239 5
0.0194 0.0107 0.02900895 4
0.0308 0.0076 0.03722993 4
0.0452 0.023 0.06626241 2
0.082 0.0851 0.1592931 2
0.0473 0.0309 0.07615181 2
0.0605 0.0078 0.0668954 1
0.0264 0.0086 0.03381077 3
0.038 0.0044 0.04135762 2
0.0519 0.0014 0.05304851 3
0.0273 0.0162 0.04210264 5
0.0414 0.0221 0.06170388 2
0.0382 0.0149 0.05163299 3
0.0437 0.0096 0.05209692 3
0.0501 0.0258 0.07375727 3
0.0349 0.0163 0.04996422 5
0.0167 0.0032 0.01890907 7
0.0268 0.0232 0.04844244 2
0.0367 0.0311 0.06573519 4
0.0305 0.0304 0.0590327 1
0.0552 0.0259 0.07897713 8
0.0758 0.0092 0.08357194 3
0.0479 0.0409 0.08593229 2
0.0601 0.0238 0.08157253 2
0.0637 0.0501 0.10974581 6
0.0451 0.0301 0.07291957 2
0.0472 0.0256 0.07078735 3
0.0285 0.0091 0.03646347 4
0.0284 0.0199 0.04680841 4
0.041 0.0255 0.06458837 3
0.0423 0.0094 0.05083762 5
0.0379 0.0127 0.04931085 4
0.0612 0.0496 0.10689829 3
0.0382 0.0223 0.05870902 2
0.0323 0.004 0.0352223 2
0.0595 0.0443 0.10034804 2
0.0199 0.0087 0.02745811 2
0.0355 0.0237 0.05750751 3
0.0634 0.0312 0.09182518 3
0.0472 0.0233 0.06861752 5
0.097 0.0688 0.15835633 3
0.064 0.0109 0.0735178 2
0.024 0.0047 0.02781863 9
0.048 0.0434 0.0885335 3
0.0401 0.0144 0.05306099 2
0.0279 0.0013 0.02821909 2
0.0418 0.0143 0.05455736 1
0.0328 0.0339 0.06465378 1
0.0432 0.0089 0.05092436 9
0.0305 0.0312 0.05983118 2
0.0526 0.0271 0.07739449 2
0.023 0.0083 0.0302052 7
0.0416 0.0152 0.05522348 1
0.0423 0.0218 0.06227711 3
0.05 0.0259 0.0736799 1
0.0421 0.0139 0.0545373 4
0.034 0.0043 0.03730872 6
0.0294 0.0176 0.04554197 4
0.0327 0.0096 0.04106266 4
0.038 0.0084 0.0452642 2
0.0411 0.0286 0.06760697 6
0.035 0.0065 0.04035179 6
0.0375 0.0099 0.04607515 1
0.0408 0.0098 0.04930222 4
0.0298 0.0087 0.03728545 3
0.0323 0.0146 0.04569685 2
0.0312 0.0026 0.03307052 5
0.036 0.0106 0.0453156 3
0.032 0.0112 0.04193151 4
0.0588 0.0158 0.07285976 3
0.0421 0.0186 0.05899623 4
0.0404 0.0185 0.05738404 6
0.0494 0.0169 0.06455263 3
0.0461 0.0106 0.05537404 4
0.0783 0.0204 0.09627079 4
0.061 0.0122 0.0716534 5
0.038 0.0088 0.04552218 2
0.0372 0.0186 0.05419834 4
0.0461 0.0337 0.07732696 3
0.0363 0.0105 0.04552097 4
0.0225 0.0058 0.02727037 5
0.0204 0.0078 0.02706956 2
0.0351 0.0086 0.04246211 4
0.0313 0.0066 0.03673897 3
0.0353 0.0036 0.03789074 3
0.0365 0.0062 0.04151624 2
0.047 0.0014 0.0473901 2
0.0326 0.0232 0.0541055 2
0.0432 0.0205 0.06188524 2
0.0422 0.0058 0.04684316 2
0.0318 0.0033 0.03408712 3
0.0491 0.0284 0.07525959 4
0.0486 0.0168 0.06376575 4
0.0362 0.0058 0.04087712 3
0.0467 0.0342 0.07842678 5
0.0661 0.0183 0.08240982 7
0.0379 0.0191 0.05535385 4
0.045 0.008 0.05187824 4
0.0342 0.0261 0.05848913 3
0.0305 0.0013 0.03089827 3
0.0375 0.013 0.04936002 6
0.028 0.0046 0.03154776 5
0.0278 0.0186 0.04493183 2
0.0412 0.0272 0.0663618 4
0.0616 0.024 0.08329823 5
0.0415 0.0119 0.05207443 7
0.0487 0.0117 0.05899436 2
0.0239 0.0124 0.03505352 3
0.0285 0.0012 0.02872282 3
0.0357 0.0164 0.05074207 6
0.0307 0.0062 0.03578499 7
0.0389 0.0193 0.05662621 6
0.0512 0.0167 0.06619614 2
0.0321 0.0177 0.04830178 2
0.0449 0.0239 0.06680204 2
0.0495 0.0262 0.07365884 8
0.0294 0.0061 0.0344145 5
0.0267 0.0064 0.03196122 1
0.0307 0.0158 0.04513312 4
0.0463 0.0278 0.07194948 5
0.0622 0.0129 0.07339299 3
0.0466 0.0146 0.05983984 4
0.039 0.0252 0.06229604 2
0.0464 0.0125 0.05764607 5
0.0505 0.0315 0.07952792 5
0.0425 0.0142 0.0552405 4
0.0445 0.0021 0.04571112 9
0.0245 0.0079 0.03129943 6
0.0334 0.0034 0.03576975 5
0.0369 0.0087 0.04432357 1
0.024 0.0042 0.02713377 3
0.0475 0.0066 0.05292083 4
0.0566 0.0143 0.06932281 3
0.0484 0.0112 0.05845386 7
0.0352 0.0142 0.04806254 9
0.0653 0.007 0.07094188 3
0.025 0.0116 0.03535848 5
0.0296 0.0038 0.03243961 6
0.0421 0.0232 0.06346977 4
0.047 0.0187 0.06398103 3
0.0658 0.0269 0.09010109 3
0.0447 0.0112 0.05465978 5
0.0423 0.0068 0.04804136 8
0.0449 0.0284 0.07110782 3
0.039 0.0198 0.05712988 2
0.0323 0.0012 0.03279909 7
0.0425 0.0202 0.06112231 12
0.0287 0.0045 0.03214551 11
0.0289 0.0041 0.03203983 8
0.0352 0.0015 0.03597462 5
0.0282 0.0087 0.03574151 3
0.0333 0.0129 0.04485422 4
0.0394 0.0138 0.05194645 10
0.0379 0.0221 0.05829318 5
0.0425 0.0098 0.05113206 7
0.0328 0.0068 0.03842516 2
0.0403 0.0191 0.0577157 3
0.0352 0.0176 0.05126403 7
0.031 0.0041 0.03413785 4
0.0407 0.0037 0.04340383 5
0.0377 0.0082 0.04473368 7
0.0366 0.017 0.05203799 2
0.045 0.0196 0.06280467 5
0.0465 0.0163 0.06114885 4
0.0244 0.0112 0.03439879 9
0.0353 0.0191 0.05288128 7
0.0326 0.0093 0.04067458 4
0.0372 0.0079 0.04399474 7
0.0536 0.0173 0.06915265 5
0.0535 0.0054 0.05782093 5
0.0317 0.0154 0.04565792 1
0.0375 0.0056 0.0419321 1
0.0416 0.012 0.05226463 9
0.0339 0.0012 0.03419996 5
0.042 0.0128 0.05335397 4
0.0406 0.0066 0.04609968 2
0.0385 0.0035 0.04126587 11
0.0376 0.0094 0.04583157 7
0.0331 0.0112 0.04300768 3
0.0308 0.0042 0.03418058 10
0.0363 0.0114 0.0463399 3
0.036 0.0011 0.03617661 6
0.0392 0.0045 0.04283167 11
0.0361 0.0109 0.04570483 3
0.0364 0.0064 0.04179162 3
0.0354 0.0066 0.04084528 3
0.0357 0.015 0.0492761 8
0.0379 0.0016 0.03855506 3
0.0339 0.0041 0.03704229 6
0.047 0.0125 0.05797581 2
0.0262 0.0136 0.03848632 3
0.047 0.0148 0.06024374 4
0.0419 0.0117 0.05219081 5
0.037 0.0087 0.04446988 7
0.0546 0.0103 0.06342239 5
0.0485 0.0133 0.06026659 5
0.0436 0.011 0.05327582 4
0.0419 0.0179 0.05821841 11
0.0376 0.0014 0.03814838 4
0.038 0.0083 0.04503432 2
0.0329 0.0057 0.03751342 6
0.0415 0.0078 0.04804567 5
0.0259 0.0096 0.03443401 8
0.0348 0.0112 0.04471466 3
0.0393 0.0127 0.05059101 3
0.0425 0.0091 0.05032026 10
0.0368 0.0124 0.04783038 4
0.0282 0.0076 0.03462048 1
0.0326 0.0038 0.03539372 2
0.0377 0.0136 0.05006585 8
0.0282 0.0015 0.02873114 3
0.0431 0.0047 0.04680059 5
0.0371 0.0011 0.03733632 6
0.0295 0.0108 0.03933307 5
0.0346 0.0056 0.03906854 4
0.0431 0.0284 0.06937442 7
0.03 0.0122 0.04098461 7
0.0392 0.0218 0.05923613 2
0.0292 0.0092 0.0372549 7
0.037 0.0157 0.05117305 2
0.0429 0.0031 0.0450827 8
0.0458 0.0068 0.05159971 4
0.0387 0.0022 0.04008357 4
0.0432 0.0041 0.04625459 10
0.0503 0.034 0.08174833 6
0.042 0.0206 0.06085525 8
0.0327 0.0095 0.04099988 8
0.0314 0.011 0.04112788 3
0.0268 0.0069 0.03270857 12
0.0404 0.006 0.04531155 6
0.0344 0.002 0.03541295 5
0.0426 0.0106 0.05195338 6
0.036 0.0109 0.0456619 2
0.0341 0.0057 0.03873376 5
0.034 0.0062 0.03905235 4
0.055 0.0099 0.06354296 4
0.0327 0.0106 0.0421417 7
0.0344 0.0074 0.0406252 3
0.0378 0.0177 0.05394855 11
0.0391 0.0188 0.05623824 5
0.0526 0.0165 0.0675092 5
0.0475 0.0051 0.05147212 4
0.0253 0.0117 0.03575431 7
0.0416 0.0031 0.0437121 4
0.0448 0.0273 0.06996951 2
0.0285 0.0041 0.0315511 7
0.0375 0.0197 0.05551998 4
0.0298 0.0092 0.03779601 6
0.0378 0.0038 0.04049696 1
0.0308 0.0036 0.03339512 5
0.0339 0.0076 0.0402987 2
0.0408 0.0014 0.04128099 7
0.0405 0.0092 0.048431 6
0.0394 0.011 0.04907607 5
0.0441 0.0033 0.04631799 3
0.035 0.0151 0.04868324 5
0.0396 0.0244 0.06210547 3
0.0436 0.0037 0.04618888 2
0.0398 0.0098 0.04832691 6
0.0388 0.0166 0.05391372 6
0.0389 0.0114 0.04893427 7
0.0381 0.0146 0.05120616 3
0.0454 0.0203 0.06391742 7
0.0425 0.0175 0.05841979 8
0.0304 0.0209 0.04971584 3
0.035 0.0111 0.04486404 4
0.0324 0.0068 0.03804434 5
0.0404 0.0066 0.04588152 9
0.0479 0.0069 0.05358445 4
0.0639 0.0015 0.06438241 2
0.0284 0.008 0.03523396 4
0.0353 0.0035 0.03778624 7
0.0359 0.0073 0.04206608 8
0.0358 0.0188 0.05301504 5
0.0405 0.01 0.04918316 5
0.0464 0.0014 0.04695725 5
0.0447 0.0064 0.0499923 5
0.0315 0.0201 0.05001973 2
0.0389 0.004 0.04200008 4
0.0373 0.0142 0.0500863 7
0.0451 0.0012 0.04565046 9
0.0363 0.0156 0.05040357 4
0.0412 0.0148 0.05451103 4
0.0399 0.0076 0.0462693 3
0.0325 0.0077 0.03899337 2
0.0409 0.0195 0.05890711 10
0.0379 0.0089 0.04567643 5
0.0365 0.0173 0.05224883 7
0.0357 0.0104 0.04481743 6
0.0415 0.0066 0.0469811 3
0.0274 0.0035 0.02988013 5
0.0425 0.0068 0.0480593 1
0.0445 0.0078 0.05134765 8
0.037 0.0062 0.04214759 9
0.046 0.0072 0.05212184 7
0.0482 0.0145 0.06117064 6
0.0347 0.0138 0.04721081 9
0.0417 0.0103 0.05066812 4
0.0424 0.0014 0.04314749 7
0.0413 0.0047 0.04487004 4
0.0394 0.0103 0.04844238 9
0.0352 0.0101 0.04399763 3
0.0273 0.0128 0.03882818 3
0.0447 0.0153 0.05838985 2
0.0365 0.0164 0.05149919 7
0.0374 0.0186 0.05440409 7
0.0385 0.006 0.04344866 5
0.0238 0.0021 0.02494129 4
0.0418 0.0027 0.0435823 5
0.0348 0.0053 0.0391088 6
0.0339 0.0062 0.03897033 3
0.0444 0.0163 0.0590485 3
0.0325 0.0076 0.03896338 2
0.0368 0.0072 0.04289746 7
0.0399 0.0024 0.04138955 8
0.0478 0.0103 0.05692457 6
0.0261 0.0075 0.03245106 2
0.0363 0.0111 0.04624031 6
0.0385 0.003 0.04044297 6
0.0424 0.0124 0.05344092 6
0.033 0.0047 0.03670677 7
0.0444 0.0072 0.05041894 6
0.04 0.01 0.04867756 5
0.0447 0.0056 0.04918852 4
0.0432 0.0115 0.05334289 3
0.0583 0.0033 0.06060575 3
0.0338 0.0093 0.04213975 9
0.0434 0.0044 0.04671073 3
0.0342 0.0058 0.03888608 3
0.0452 0.0018 0.04598861 6
0.0252 0.0038 0.02797509 10
0.0489 0.0019 0.04976651 4
0.0436 0.0076 0.04994522 7
0.0361 0.0101 0.04490006 7
0.0328 0.0094 0.04099738 6
0.0495 0.0102 0.05843071 4
0.0268 0.0014 0.02730449 5
0.0369 0.0061 0.04187906 9
0.0313 0.0045 0.03476092 5
0.0403 0.0077 0.04677621 5
0.044 0.0053 0.048386 4
0.0447 0.0098 0.05336541 10
0.0352 0.0214 0.05491552 5
0.0369 0.0069 0.04273808 7
0.0471 0.0032 0.04955246 6
0.0311 0.0085 0.03841906 6
0.0379 0.0092 0.04583313 4
0.0344 0.0049 0.0383475 7
0.0475 0.0147 0.06056802 2
0.0378 0.0012 0.03803651 5
0.0281 0.0103 0.03718164 3
0.0351 0.0113 0.04510677 6
0.0383 0.0112 0.04835518 10
0.0363 0.003 0.03836135 5
0.04 0.0165 0.05490432 3
0.0379 0.0173 0.05364457 3
0.0353 0.0024 0.0367468 6
0.0327 0.0101 0.04156301 5
0.0355 0.0166 0.05061504 5
0.0437 0.0191 0.06102713 1
0.0322 0.0126 0.04347787 4
0.0383 0.0191 0.05572948 3
0.0412 0.0093 0.04931409 6
0.0492 0.0088 0.05676401 7
0.0329 0.0041 0.03597062 6
0.0373 0.0053 0.04146454 6
0.0406 0.0014 0.04103821 3
0.0392 0.0117 0.04957523 9
0.0435 0.0192 0.06095358 3
0.0456 0.0125 0.05660708 2
0.0395 0.0045 0.04306772 12
0.0402 0.0012 0.0404049 3
0.0438 0.0049 0.04763716 5
0.035 0.0155 0.04901771 2
0.0394 0.0043 0.04257328 1
0.0551 0.0076 0.06146394 9
0.0487 0.0108 0.05807139 4
0.0364 0.0106 0.04579406 5
0.0381 0.0089 0.04592653 5
0.039 0.0052 0.04320369 4
0.0374 0.0086 0.04475096 3
0.0358 0.01 0.04474501 8
0.0419 0.0144 0.05485718 8
0.0406 0.0016 0.04119714 3
0.0336 0.005 0.03754836 5
0.0422 0.0185 0.05915128 3
0.0443 0.0134 0.05622043 7
0.0457 0.0039 0.04853557 3
0.0395 0.0106 0.04873685 4
0.0452 0.004 0.04813047 4
0.0345 0.0013 0.03487743 4
0.0433 0.005 0.04716865 4
0.0485 0.0011 0.04866 8
0.0375 0.01 0.04635074 7
0.0476 0.007 0.05348925 5
0.0439 0.0222 0.0642121 2
0.0357 0.0085 0.04295624 3
0.0464 0.0147 0.05969304 10
0.0425 0.0025 0.04395513 2
0.0405 0.0055 0.04502791 7
0.0408 0.0192 0.05829292 2
0.0394 0.0109 0.04891984 1
0.0322 0.0169 0.04763907 7
0.0435 0.0061 0.04853545 10
0.0439 0.0019 0.04483442 6
0.0397 0.0129 0.05127247 7
0.0383 0.0082 0.04531718 6
0.0328 0.0017 0.03352592 7
0.051 0.0024 0.05233 1
0.0368 0.0075 0.04307113 4
0.0323 0.0071 0.03824215 8
0.0488 0.0079 0.0554948 7
0.0331 0.0076 0.03949474 2
0.0372 0.0024 0.03866466 8
0.0444 0.0031 0.04653956 6
0.0447 0.0042 0.04781002 4
0.0331 0.0015 0.03362275 5
0.0391 0.0046 0.04256284 1
0.0392 0.0031 0.04126165 4
0.0387 0.0046 0.04222637 4
0.0429 0.0086 0.05019011 5
0.0431 0.0039 0.04598485 5
0.0389 0.0016 0.03950451 6
0.0386 0.0083 0.04562552 1
0.0457 0.0117 0.05603669 7
0.0432 0.0265 0.06767479 4
0.0431 0.0036 0.04560576 4
0.0333 0.0103 0.04262423 12
0.033 0.0107 0.04247577 7
0.0329 0.0048 0.03661796 6
0.0349 0.0098 0.04344249 10
0.0452 0.0076 0.05156426 6
0.0455 0.0167 0.06056368 5
0.0402 0.0013 0.04050385 4
0.0379 0.0091 0.04575911 9
0.0422 0.0071 0.048134 5
0.0327 0.0028 0.03451223 5
0.0391 0.0128 0.05052358 10
0.0377 0.0103 0.04685307 7
0.0411 0.0036 0.0437061 11
0.0462 0.0067 0.05184737 3
0.0465 0.0081 0.05340927 7
0.0406 0.0016 0.0412266 8
0.039 0.002 0.0399719 2
0.0557 0.0015 0.05654363 7
0.0401 0.0017 0.04084619 6
0.0441 0.0057 0.04864491 7
0.0306 0.0022 0.03206475 12
0.0487 0.017 0.06400996 4
0.0377 0.0045 0.0411268 3
0.0381 0.0079 0.04475477 2
0.0391 0.0101 0.04786319 2
0.0382 0.009 0.04595991 2
0.0404 0.002 0.04146322 3
0.044 0.0184 0.06091476 13
0.0364 0.003 0.03841397 8
0.0329 0.0044 0.03621492 4
0.0467 0.0138 0.05898518 7
0.0416 0.0103 0.05066149 5
0.0457 0.0126 0.05679022 2
0.0402 0.0083 0.04728143 5
0.042 0.0059 0.04680878 4
0.0444 0.0048 0.04810523 6
0.0512 0.0013 0.05151757 4
0.0369 0.0042 0.04009602 9
0.0364 0.007 0.04231688 7
0.0372 0.0126 0.04842079 8
0.049 0.0013 0.04949004 7
0.0434 0.0045 0.04699309 4
0.049 0.0177 0.06490789 4
0.0451 0.0014 0.04551794 5
0.0348 0.0123 0.04579634 8
0.0454 0.0092 0.05338225 7
0.0361 0.0076 0.04247743 3
0.0434 0.0061 0.04833048 5
0.0483 0.0207 0.06716018 9
0.0466 0.0016 0.04720821 4
0.0393 0.0084 0.04644421 6
0.0378 0.0036 0.04038564 6
0.0346 0.0076 0.04109426 7
0.0401 0.002 0.04111726 4
0.0363 0.0092 0.04430727 5
0.0449 0.0022 0.04627276 7
0.043 0.0014 0.04344929 7
0.0385 0.0011 0.03882543 8
0.0539 0.0066 0.05925772 5
0.042 0.0201 0.06032091 4
0.0401 0.0135 0.05236316 4
0.0441 0.003 0.04612379 5
0.0464 0.0062 0.05139803 5
0.0366 0.0044 0.03998311 9
0.0446 0.0148 0.0579814 7
0.0454 0.0124 0.05661497 7
0.0378 0.0024 0.03929156 9
0.0393 0.0091 0.04736255 14
0.0431 0.0102 0.05205318 10
0.043 0.0023 0.04432411 7
0.0439 0.0045 0.04776841 14
0.0431 0.0038 0.04631511 10
0.0377 0.0082 0.04469151 7
0.0413 0.0059 0.04606587 4
0.0352 0.014 0.04786591 15
0.0381 0.0024 0.03949559 5
0.0434 0.0034 0.04586912 8
0.041 0.0036 0.04354762 3
0.0491 0.002 0.05014415 4
0.0464 0.0093 0.05439496 5
0.0418 0.0028 0.04370859 12
0.04 0.0064 0.04530604 6
0.0376 0.0038 0.04032996 3
0.0337 0.0129 0.04522774 7
0.0439 0.0037 0.04662392 9
0.0381 0.0119 0.04863736 5
0.0448 0.0026 0.04661058 9
0.0441 0.0096 0.05252533 7
0.052 0.0119 0.06239106 6
0.0259 0.0013 0.02622776 4
0.042 0.0036 0.04466436 15
0.0425 0.0146 0.05566052 6
0.0373 0.003 0.03924653 4
0.0426 0.0109 0.05211872 6
0.0408 0.0025 0.04251906 7
0.0356 0.0042 0.03899192 7
0.0362 0.0053 0.04045248 4
0.0543 0.0013 0.05482132 8
0.0538 0.0016 0.05450734 7
0.0345 0.0015 0.03513495 6
0.0417 0.0157 0.0558356 4
0.0496 0.003 0.0515731 7
0.0361 0.0029 0.03821072 11
0.0316 0.0024 0.0330159 6
0.0379 0.0079 0.04455925 2
0.044 0.0208 0.06308752 7
0.0481 0.0015 0.04858254 2
0.0473 0.0047 0.05083337 2
0.0421 0.0089 0.04988685 8
0.0382 0.001 0.03820184 2
0.0397 0.009 0.04749437 9
0.0352 0.0092 0.04317647 9
0.0425 0.0042 0.04564205 7
0.0413 0.0055 0.04565929 4
0.0446 0.02 0.06284792 5
0.0411 0.0049 0.04505609 16
0.0486 0.0011 0.04873819 3
0.0486 0.0033 0.05085103 4
0.0336 0.0025 0.03514781 7
0.0331 0.018 0.04958853 6
0.0394 0.0096 0.04780794 8
0.0448 0.0029 0.04661678 1
0.0382 0.0038 0.04092668 4
0.0424 0.004 0.04540652 4
0.0388 0.0079 0.04545643 3
0.0447 0.0094 0.05284441 9
0.0434 0.0095 0.05160463 5
0.0513 0.0038 0.05401403 5
0.0429 0.0028 0.04490839 10
0.0515 0.019 0.06865088 7
0.0431 0.0109 0.05260063 4
0.0518 0.0105 0.0610931 9
0.0504 0.0075 0.05666543 5
0.0467 0.0024 0.04820534 6
0.0392 0.007 0.04506729 10
0.0396 0.0143 0.05240344 4
0.0438 0.0044 0.04708607 4
0.0349 0.0129 0.04655852 13
0.0404 0.0104 0.0494457 4
0.041 0.0013 0.04176795 11
0.0451 0.0136 0.05727916 8
0.0473 0.0049 0.05119752 4
0.0532 0.0077 0.0598126 9
0.044 0.007 0.04982412 7
0.0433 0.0042 0.0464379 5
0.0469 0.0057 0.05138994 3
0.0428 0.0084 0.04994815 5
0.0421 0.0023 0.04339815 4
0.0449 0.0043 0.04822011 7
0.0511 0.004 0.05410171 10
0.0426 0.0214 0.06223636 8
0.0426 0.0157 0.05676171 5
0.0507 0.0065 0.05610214 10
0.0444 0.0053 0.04852767 3
0.0437 0.0163 0.05839531 6
0.0419 0.009 0.04971275 5
0.0382 0.0026 0.03980329 10
0.0449 0.0117 0.05522134 4
0.0425 0.0028 0.04433961 5
0.0429 0.005 0.04673315 2
0.0451 0.0086 0.05237456 3
0.0601 0.0023 0.06141855 6
0.0401 0.0174 0.05604411 9
0.0406 0.0015 0.04120644 9
0.055 0.0036 0.05759276 7
0.038 0.0057 0.04258795 4
0.0438 0.0084 0.05094874 7
0.0463 0.0013 0.04668577 6
0.041 0.0098 0.04952179 7
0.0428 0.0079 0.04951512 6
0.0526 0.0109 0.0621033 4
0.046 0.0026 0.04761903 13
0.0518 0.0082 0.05872666 8
0.0442 0.0067 0.04969652 6
0.0464 0.0122 0.05729546 14
0.0413 0.0026 0.04285488 3
0.0486 0.0102 0.05759444 8
0.0444 0.0031 0.04652465 7
0.0432 0.0062 0.04836448 7
0.0481 0.0025 0.04961177 8
0.036 0.0014 0.03650416 14
0.0443 0.0066 0.04973764 7
0.0383 0.0062 0.04334788 4
0.0381 0.004 0.04104194 3
0.0408 0.0119 0.05152457 9
0.045 0.0032 0.0474173 9
0.044 0.0079 0.05072798 9
0.0432 0.0035 0.04584971 9
0.0444 0.0088 0.05186784 2
0.0316 0.0055 0.03603988 13
0.0461 0.0035 0.04859911 9
0.0456 0.0058 0.05027863 6
0.0443 0.0021 0.04546274 6
0.0471 0.0121 0.05775147 7
0.0468 0.0028 0.04853045 3
0.0463 0.0032 0.04862823 13
0.0542 0.0075 0.06042201 5
0.0439 0.019 0.06118627 8
0.0466 0.0083 0.053612 7
0.0456 0.0035 0.04821888 6
0.0415 0.0143 0.05467991 12
0.0433 0.0069 0.04906156 7
0.0441 0.0046 0.0475727 4
0.0437 0.0021 0.04487421 6
0.0463 0.0075 0.05255512 4
0.057 0.0105 0.06601017 4
0.053 0.0014 0.05359325 13
0.0433 0.0032 0.0454964 6
0.0461 0.0095 0.05428709 8
0.0443 0.0017 0.04509898 5
0.042 0.0092 0.0498976 4
0.0443 0.0062 0.04940013 10
0.0476 0.0092 0.05550136 5
0.0538 0.0013 0.0543912 7
0.0516 0.0101 0.06047711 9
0.0439 0.0108 0.05348084 11
0.0417 0.0112 0.05151414 6
0.0539 0.0029 0.05580277 5
0.0432 0.0018 0.04396687 2
0.0453 0.0079 0.05206236 11
0.0473 0.0032 0.04952479 9
0.0469 0.0037 0.04947667 2
0.0454 0.0062 0.05042933 5
0.0477 0.005 0.05155912 5
0.0472 0.0131 0.05884672 9
0.0489 0.0137 0.06102611 6
0.05 0.0042 0.05317918 10
0.0491 0.0096 0.0573854 4
0.0541 0.0121 0.06471159 9
0.0493 0.0089 0.05692169 8
0.0548 0.0056 0.0591687 5
0.0517 0.0095 0.06001302 8
0.0541 0.0045 0.05749386 8
0.0507 0.0175 0.06650015 7
0.0558 0.0049 0.05954197 5
0.0454 0.0139 0.05812817 9
0.046 0.0141 0.05854544 5
0.052 0.0036 0.05449149 3
0.0538 0.0089 0.0613467 6
0.0511 0.0133 0.06312087 11
0.0533 0.0013 0.05409848 12
0.0499 0.0012 0.05021056 7
0.042 0.028 0.06790222 3
0.0513 0.0021 0.05279075 10
0.0552 0.0078 0.06178376 8
0.0521 0.0059 0.05690598 7
0.0502 0.0131 0.06195368 7
0.0523 0.0098 0.06068501 2
0.0545 0.0054 0.05875209 5
0.0499 0.0154 0.06368789 4
0.0514 0.0025 0.05297848 13
0.0427 0.0073 0.04886468 6
0.0468 0.0059 0.05156806 7
0.0591 0.0091 0.06675328 5
0.0417 0.007 0.0476063 9
0.0441 0.0177 0.06019065 18
0.0518 0.0087 0.05933561 10
0.0524 0.0125 0.06333096 4
0.0501 0.0042 0.05350103 12
0.0467 0.0054 0.05101755 7
0.0417 0.006 0.04665713 6
0.0518 0.0016 0.05263231 12
0.0533 0.0076 0.05966186 4
0.0443 0.0041 0.04745964 6
0.055 0.0083 0.06194475 3
0.0532 0.0039 0.0560111 6
0.0474 0.0107 0.05666302 3
0.0442 0.0057 0.04916734 16
0.0453 0.016 0.059664 5
0.0554 0.0072 0.06136027 6
0.051 0.0014 0.05152215 11
0.0492 0.0023 0.05081719 11
0.0456 0.0089 0.05319327 6
0.0503 0.0036 0.05290221 9
0.0525 0.0074 0.05861002 5
0.0506 0.0015 0.05176253 17
0.0483 0.013 0.06013175 11
0.0571 0.0032 0.05921782 5
0.0557 0.0135 0.06753346 4
0.0535 0.0087 0.06108887 9
0.0506 0.0153 0.06449378 7
0.0495 0.0033 0.05188917 7
0.0491 0.0096 0.05734017 4
0.0475 0.0262 0.07163245 12
0.0582 0.0096 0.06642244 6
0.0456 0.01 0.05425497 4
0.0624 0.0029 0.06437608 8
0.0506 0.0045 0.05400368 6
0.0516 0.0068 0.05726257 10
0.0507 0.0016 0.05149519 8
0.0507 0.0023 0.05201189 8
0.0573 0.0115 0.06726092 12
0.0477 0.0143 0.06054468 16
0.0444 0.0105 0.05360769 6
0.058 0.0079 0.06469873 11
0.052 0.0093 0.05989678 4
0.054 0.0097 0.0622527 2
0.0452 0.0026 0.04689134 10
0.0522 0.0137 0.06447241 10
0.0525 0.0078 0.0592008 9
0.0472 0.0067 0.05273648 10
0.0487 0.0213 0.06807061 5
0.0504 0.0021 0.05180463 6
0.0507 0.012 0.06118848 5
0.0453 0.0159 0.05986819 5
0.0524 0.0142 0.06503623 7
0.0491 0.0112 0.05883038 3
0.0467 0.004 0.04995158 10
0.0429 0.0069 0.04880558 14
0.0506 0.0078 0.05716612 6
0.0486 0.0101 0.05728643 3
0.0452 0.0078 0.05175253 11
0.0483 0.0042 0.05186861 14
0.0524 0.0049 0.05645956 6
0.046 0.0018 0.0467909 3
0.0532 0.0087 0.06070973 7
0.0485 0.0084 0.05570361 8
0.0599 0.0066 0.06527205 5
0.0476 0.011 0.05719566 8
0.0568 0.0033 0.05921357 9
0.0488 0.0086 0.0561242 9
0.0512 0.0088 0.05880138 5
0.0528 0.0096 0.06111216 5
0.048 0.0018 0.04888497 11
0.0491 0.0136 0.06114803 3
0.0519 0.0156 0.06578761 5
0.0524 0.0045 0.05578071 5
0.0521 0.02 0.0701658 6
0.0543 0.0094 0.06227193 4
0.0494 0.0041 0.05243558 7
0.0515 0.0162 0.06607735 8
0.0465 0.0116 0.05685701 6
0.0506 0.0089 0.05819354 4
0.0701 0.0093 0.07792876 6
0.0521 0.0046 0.05570217 10
0.0489 0.0072 0.05492832 16
0.0541 0.0054 0.05839884 8
0.053 0.0053 0.05716177 6
0.0464 0.0047 0.05016103 10
0.0613 0.0101 0.06987111 3
0.0525 0.0159 0.06676216 10
0.0534 0.0116 0.06353535 6
0.0505 0.0112 0.06041295 7
0.0492 0.0106 0.05850292 4
0.0516 0.0057 0.05611351 8
0.049 0.0063 0.05433067 8
0.0553 0.0066 0.06064918 6
0.0498 0.0154 0.06353738 8
0.0527 0.0072 0.05899067 12
0.0483 0.0075 0.05474917 13
0.0505 0.0152 0.06404389 8
0.0517 0.0076 0.05799287 3
0.0571 0.0016 0.05791506 9
0.0529 0.0126 0.06399039 7
0.0458 0.0083 0.05282573 3
0.0505 0.008 0.05724511 8
0.0563 0.0055 0.06061173 7
0.0492 0.0094 0.05727847 5
0.0489 0.0048 0.05276987 12
0.0589 0.0037 0.06151386 6
0.0527 0.0053 0.05699774 5
0.0492 0.0041 0.05223197 8
0.0584 0.0089 0.06610456 8
0.0594 0.0093 0.06739046 5
0.0534 0.0024 0.05475719 8
0.0471 0.0013 0.04781517 9
0.0521 0.0107 0.06146503 9
0.0482 0.0054 0.05239232 1
0.0569 0.005 0.060725 7
0.0541 0.0046 0.05765854 8
0.0585 0.0148 0.07155724 6
0.0516 0.0059 0.05625451 2
0.056 0.0069 0.06168847 5
0.0476 0.0045 0.05118907 10
0.0495 0.0083 0.0565893 6
0.0493 0.0043 0.05245172 2
0.0561 0.0062 0.06110371 8
0.0529 0.0117 0.06313131 10
0.0504 0.0105 0.06002257 14
0.0536 0.0071 0.05953663 6
0.0572 0.0026 0.05899193 6
0.0494 0.0095 0.05753792 3
0.0487 0.0153 0.06256456 11
0.0513 0.0042 0.05438505 6
0.0496 0.0084 0.05664621 2
0.0484 0.0206 0.0671054 2
0.0577 0.0051 0.06183907 11
0.0518 0.0049 0.05553085 3
0.0525 0.0098 0.06094172 5
0.0474 0.0063 0.0525158 5
0.049 0.0065 0.05445857 10
0.0598 0.0122 0.07045607 9
0.0552 0.0033 0.05747868 11
0.0546 0.0113 0.06463383 15
0.0537 0.0089 0.06131325 8
0.0459 0.0017 0.04669035 10
0.0579 0.0122 0.06861082 6
0.0496 0.0126 0.06073477 6
0.061 0.0083 0.06798874 7
0.0479 0.0081 0.05482886 7
0.0505 0.0042 0.05366264 7
0.05 0.0058 0.0546821 5
0.0566 0.0014 0.05704914 6
0.0493 0.0064 0.05478459 7
0.0475 0.009 0.05527685 6
0.0648 0.0018 0.06573124 7
0.058 0.0095 0.06641249 9
0.0566 0.0043 0.05973307 6
0.0511 0.0099 0.05976644 11
0.0558 0.0115 0.06602447 7
0.055 0.0093 0.06300757 9
0.0452 0.0085 0.05262508 12
0.059 0.0172 0.07432555 7
0.0522 0.0068 0.05771074 2
0.0489 0.0172 0.06448771 8
0.0515 0.006 0.05654044 7
0.052 0.0129 0.06368735 17
0.0442 0.0045 0.04774521 7
0.0442 0.0059 0.04907758 9
0.0559 0.0112 0.06556173 5
0.0576 0.0023 0.05897593 6
0.0546 0.0248 0.07734428 7
0.0547 0.0076 0.06106793 10
0.0552 0.0083 0.06223759 8
0.058 0.0149 0.07115083 6
0.051 0.0092 0.05893832 9
0.0528 0.008 0.05958714 9
0.0559 0.017 0.07103957 4
0.0538 0.0053 0.05815497 11
0.0551 0.0125 0.06600647 3
0.0524 0.0079 0.0593323 14
0.0536 0.0154 0.06733731 7
0.0536 0.004 0.05654366 7
0.0534 0.0088 0.0611661 11
0.0497 0.0073 0.05588538 10
0.0498 0.0204 0.06868836 11
0.0592 0.0059 0.0638883 6
0.0556 0.0128 0.06682173 6
0.0514 0.0141 0.06405018 10
0.0536 0.0119 0.06414404 9
0.058 0.006 0.06275792 9
0.0567 0.0091 0.06440183 5
0.0524 0.0085 0.05953589 5
0.0537 0.0148 0.06687821 10
0.0511 0.0075 0.05738248 7
0.0578 0.0066 0.06323375 6
0.0577 0.0074 0.06391486 7
0.0585 0.0185 0.0751441 8
0.0494 0.0057 0.05402574 8
0.0479 0.0093 0.05587714 10
0.0555 0.007 0.06119187 5
0.0547 0.0105 0.06370127 3
0.0533 0.0014 0.05398743 11
0.0606 0.0069 0.0661823 5
0.0525 0.0096 0.06088123 6
0.0559 0.0134 0.06768044 2
0.0588 0.0075 0.06499152 8
0.0593 0.0131 0.07106546 10
0.0557 0.0037 0.05831536 7
0.0537 0.0057 0.05824091 7
0.051 0.0061 0.05601845 6
0.0428 0.0072 0.04901946 18
0.0545 0.0065 0.06009104 8
0.0598 0.0066 0.06534549 16
0.0547 0.0089 0.06246663 6
0.0538 0.0041 0.05685687 8
0.0474 0.0175 0.06325531 7
0.0559 0.0077 0.06233616 6
0.059 0.015 0.0721946 2
0.0524 0.0071 0.05832887 5
0.0562 0.0081 0.06340718 14
0.0573 0.007 0.06308448 7
0.0555 0.0097 0.0638002 5
0.0569 0.0058 0.06149756 5
0.0619 0.0073 0.06787746 4
0.0456 0.0121 0.0563903 10
0.0582 0.0033 0.06053907 11
0.055 0.0183 0.07151728 6
0.0528 0.0103 0.06167057 9
0.0567 0.0095 0.06478577 3
0.0494 0.0036 0.05199542 4
0.0526 0.0027 0.05428673 7
0.0476 0.0071 0.05363503 5
0.0537 0.0074 0.05978564 5
0.0517 0.0137 0.06390564 5
0.0496 0.0042 0.05280742 7
0.0582 0.0074 0.06431607 11
0.0526 0.0082 0.05968331 7
0.0557 0.0121 0.06630327 7
0.0568 0.0036 0.05961176 13
0.0529 0.0035 0.05548428 11
0.0626 0.0049 0.06633592 6
0.0566 0.0123 0.06749544 7
0.0537 0.0124 0.06458894 6
0.0532 0.0135 0.06507438 3
0.0565 0.0061 0.0614331 5
0.057 0.0107 0.06630331 4
0.0543 0.0034 0.05664944 6
0.0502 0.0131 0.06182752 10
0.0479 0.0068 0.05343562 3
0.0489 0.0053 0.05309302 7
0.0554 0.0055 0.05981845 9
0.0549 0.0197 0.07265097 4
0.0517 0.0039 0.05469589 13
0.0451 0.0078 0.05184046 8
0.0629 0.0165 0.07756513 11
0.0535 0.0084 0.06065113 7
0.0596 0.0035 0.06205917 7
0.054 0.0143 0.06682363 10
0.049 0.0033 0.05144043 4
0.0552 0.0048 0.05892692 8
0.0488 0.0214 0.06840079 9
0.0466 0.0098 0.05506931 6
0.0558 0.0116 0.06600032 9
0.0597 0.0037 0.0624872 12
0.0498 0.0019 0.05109636 9
0.0462 0.0054 0.05097374 12
0.0545 0.0138 0.06662695 2
0.0511 0.0045 0.05455137 7
0.0599 0.0035 0.06244325 13
0.0599 0.0095 0.06797677 6
0.0524 0.0031 0.05472462 13
0.0594 0.0089 0.06683932 2
0.0581 0.006 0.06294767 7
0.0613 0.0151 0.0746945 6
0.0545 0.0085 0.06162924 5
0.0535 0.0246 0.07586738 4
0.0636 0.0064 0.06872537 12
0.0492 0.0119 0.05961824 4
0.0549 0.0138 0.06706622 3
0.0501 0.0131 0.06162335 3
0.0515 0.0052 0.05578674 10
0.0494 0.0027 0.05110944 4
0.0567 0.0168 0.07186291 12
0.0567 0.0063 0.06186024 8
0.0541 0.0101 0.06275981 5
0.0598 0.0042 0.06290767 11
0.0606 0.0023 0.06189432 8
0.0553 0.0032 0.05746552 6
0.0493 0.0026 0.05104912 11
0.0481 0.0123 0.05915574 10
0.0531 0.0124 0.06393348 5
0.0525 0.0115 0.06267258 18
0.0551 0.0088 0.0626619 7
0.0599 0.0155 0.07356101 6
0.0516 0.0076 0.05801129 5
0.0532 0.0059 0.05803586 6
0.0598 0.0039 0.06267828 8
0.0612 0.0034 0.06349918 3
0.0576 0.0084 0.06470034 7
0.051 0.0177 0.06691854 9
0.0528 0.0076 0.05923886 10
0.0631 0.0126 0.07410409 6
0.0533 0.009 0.06100336 6
0.0509 0.0064 0.05614069 8
0.0536 0.0132 0.0653478 8
0.0577 0.0103 0.06652997 8
0.0541 0.009 0.06202371 11
0.0575 0.0069 0.06316883 11
0.0515 0.0109 0.06100881 13
0.058 0.0067 0.06346517 8
0.0531 0.0029 0.05546568 8
0.0576 0.0045 0.06104273 10
0.06 0.0146 0.07286111 5
0.0582 0.0101 0.06681973 7
0.0546 0.0137 0.06662504 4
0.0556 0.0111 0.06524278 6
0.0529 0.0104 0.06195855 8
0.0565 0.0094 0.06473902 10
0.0539 0.0131 0.06555334 12
0.0661 0.0085 0.07325082 5
0.0565 0.0081 0.06332123 9
0.0628 0.0034 0.06533666 14
0.0515 0.0083 0.05849128 4
0.0562 0.007 0.06194791 8
0.0569 0.0068 0.06258482 12
0.0559 0.0145 0.06884059 9
0.0547 0.0093 0.0626174 5
0.0633 0.0059 0.06795805 8
0.05 0.0114 0.06002479 5
0.0534 0.0044 0.05672874 5
0.0502 0.0145 0.06312507 7
0.0559 0.0097 0.06413389 4
0.058 0.0088 0.0654431 5
0.0556 0.0046 0.05924784 10
0.049 0.0113 0.05951232 12
0.0545 0.0092 0.06235097 6
0.0579 0.0088 0.06535284 7
0.0632 0.011 0.07261867 7
0.051 0.0222 0.07140101 7
0.0529 0.0026 0.05462997 10
0.0553 0.0106 0.06478604 8
0.0596 0.0085 0.06696054 11
0.0586 0.0038 0.06127048 4
0.0584 0.009 0.06606543 6
0.0553 0.0132 0.06688745 8
0.0518 0.0016 0.05295395 9
0.055 0.0099 0.06366015 6
0.0573 0.0119 0.06775666 8
0.0607 0.0155 0.07444567 9
0.0547 0.0085 0.06205983 8
0.0571 0.0143 0.06974963 6
0.0499 0.0126 0.0611024 11
0.0635 0.0034 0.06579618 4
0.0508 0.0104 0.05990716 3
0.0604 0.0055 0.06488119 12
0.0591 0.003 0.06117685 4
0.0518 0.0094 0.06008116 11
0.0599 0.0136 0.07187372 10
0.0575 0.0144 0.0704439 7
0.0572 0.0059 0.06183407 3
0.0582 0.0075 0.06438273 5
0.0569 0.0144 0.06955325 4
0.0588 0.0167 0.07370635 9
0.053 0.0048 0.05666348 7
0.0567 0.0081 0.06353292 5
0.0484 0.0104 0.05736466 3
0.0492 0.0094 0.05744611 8
0.06 0.0058 0.06472933 9
0.0595 0.007 0.06525814 6
0.0579 0.009 0.06571348 10
0.0554 0.0038 0.05825286 15
0.0558 0.0127 0.06690426 4
0.0531 0.0103 0.06213216 12
0.0614 0.0094 0.06929264 1
0.0542 0.0129 0.0655543 7
0.0609 0.023 0.08170246 4
0.0643 0.0076 0.07053612 6
0.0552 0.0074 0.06139792 7
0.0504 0.0205 0.06894792 2
0.0611 0.0168 0.07605181 7
0.0564 0.0024 0.05781833 6
0.0564 0.021 0.07536748 7
0.0573 0.0113 0.06702429 2
0.0549 0.0132 0.06648804 4
0.0496 0.0157 0.06362432 5
0.0577 0.0083 0.06461701 5
0.05 0.0078 0.05660798 10
0.0562 0.009 0.06389499 7
0.0534 0.0036 0.05608472 6
0.0581 0.0081 0.06483855 6
0.0544 0.0088 0.06192495 9
0.0536 0.01 0.06225714 6
0.0616 0.0088 0.06899864 4
0.0588 0.0026 0.06043478 6
0.0608 0.0054 0.06524549 10
0.0605 0.0151 0.07378436 5
0.0507 0.0054 0.0550205 4
0.0575 0.014 0.07012358 11
0.0631 0.0091 0.070709 4
0.06 0.0132 0.07157887 7
0.0544 0.0068 0.05993879 4
0.0541 0.0047 0.05777857 6
0.0605 0.0125 0.07145579 7
0.0585 0.0064 0.0638014 10
0.0601 0.0067 0.06556676 6
0.0547 0.0103 0.06366427 15
0.0593 0.0129 0.07056571 7
0.0586 0.0078 0.06540279 6
0.057 0.0144 0.06975124 7
0.0554 0.0062 0.06061999 19
0.0568 0.0085 0.063927 4
0.0538 0.0098 0.06230862 4
0.0648 0.0055 0.06916442 5
0.0499 0.0122 0.06070571 5
0.0576 0.0093 0.06555911 9
0.0613 0.0106 0.07045857 13
0.0599 0.0056 0.06426938 6
0.0569 0.0091 0.06468236 4
0.0668 0.0031 0.06900915 12
0.0592 0.0186 0.07589755 9
0.0576 0.0062 0.06270182 10
0.0596 0.0029 0.06150033 10
0.0565 0.0105 0.06556261 7
0.0567 0.0076 0.06320816 10
0.0619 0.0112 0.07160657 9
0.0602 0.0102 0.06889634 3
0.0509 0.0143 0.06391774 11
0.0553 0.011 0.0649029 9
0.0615 0.0071 0.06726719 5
0.0615 0.0155 0.07528668 6
0.057 0.0055 0.06140416 8
0.0535 0.0112 0.06333214 13
0.0586 0.0181 0.07489435 7
0.0556 0.0076 0.06204434 10
0.0541 0.0144 0.06702526 9
0.0504 0.0078 0.05727287 11
0.0508 0.0075 0.05719544 4
0.058 0.0216 0.077501 6
0.056 0.0048 0.05988734 11
0.0519 0.0095 0.06006297 7
0.0531 0.0143 0.06583281 10
0.0558 0.0112 0.06567091 10
0.0564 0.0108 0.06590814 10
0.0562 0.0078 0.06272973 6
0.0531 0.0149 0.06634855 5
0.06 0.0032 0.06223778 9
0.0458 0.0137 0.05808782 6
0.0579 0.016 0.07228447 11
0.0586 0.0074 0.0647163 6
0.0586 0.0036 0.06115127 7
0.0562 0.0011 0.0565336 3
0.0615 0.0084 0.06845648 2
0.0604 0.0117 0.07066359 9
0.0572 0.011 0.06669842 4
0.0651 0.0135 0.07692038 8
0.0636 0.0118 0.07384093 8
0.0512 0.0071 0.05749308 8
0.0571 0.0123 0.06789507 6
0.0573 0.0133 0.06892662 3
0.055 0.0107 0.06423418 4
0.0565 0.0141 0.06898828 10
0.0539 0.0121 0.06455826 10
0.0567 0.013 0.06806996 6
0.0572 0.0039 0.06000429 7
0.0602 0.0088 0.06788322 7
0.0546 0.0089 0.06218823 6
0.0556 0.0119 0.06594963 4
0.0498 0.0063 0.05509111 6
0.0596 0.0166 0.07451701 12
0.0578 0.0163 0.07229313 6
0.0594 0.0084 0.0664409 5
0.0635 0.0225 0.08375337 6
0.0478 0.0071 0.05435685 13
0.0603 0.0171 0.07554641 6
0.0583 0.0137 0.07043979 8
0.0579 0.027 0.08256339 9
0.0591 0.0072 0.06512735 9
0.0591 0.0189 0.07606592 9
0.0603 0.0119 0.0709379 10
0.0619 0.0116 0.0722812 11
0.0617 0.0104 0.07068539 9
0.059 0.0263 0.08292093 4
0.0583 0.0105 0.06743035 11
0.0597 0.0046 0.06344034 13
0.0594 0.0033 0.06182519 10
0.06 0.0127 0.07135692 13
0.0548 0.0114 0.06473574 7
0.0614 0.0063 0.06641446 3
0.0589 0.0195 0.07653162 13
0.0561 0.0077 0.06261211 7
0.0579 0.011 0.06735695 5
0.0539 0.006 0.05868096 3
0.0492 0.0088 0.05765413 10
0.0602 0.0066 0.06572514 9
0.0603 0.0092 0.06807072 5
0.0598 0.0096 0.06808264 9
0.0573 0.0193 0.07466683 7
0.0555 0.0043 0.05889485 10
0.054 0.0109 0.06356709 15
0.0698 0.0072 0.07562976 12
0.0576 0.0026 0.05914714 5
0.0582 0.0149 0.07142547 8
0.0606 0.0168 0.07603114 14
0.0569 0.0116 0.0670042 9
0.0601 0.0183 0.07651399 5
0.0547 0.0105 0.06373325 2
0.0593 0.0105 0.06833619 7
0.0641 0.0068 0.06962208 6
0.0568 0.0106 0.06603984 11
0.056 0.0063 0.06123219 11
0.0552 0.0039 0.05831146 14
0.0602 0.0159 0.07446731 9
0.0656 0.0092 0.07327379 2
0.0601 0.0182 0.07637453 8
0.0585 0.0059 0.06314231 4
0.0538 0.0077 0.06030757 6
0.0605 0.0101 0.06914048 7
0.0553 0.0148 0.06842597 7
0.0604 0.0067 0.0659483 7
0.0625 0.014 0.07488335 7
0.0603 0.0053 0.06463858 15
0.0556 0.0079 0.06241923 8
0.0542 0.0145 0.06710817 6
0.0575 0.0109 0.06699659 4
0.0632 0.0055 0.06762064 11
0.0621 0.0033 0.06439897 7
0.0574 0.0155 0.071259 8
0.0585 0.0128 0.06993609 9
0.0659 0.0268 0.09020601 8
0.0496 0.0097 0.05815004 7
0.0589 0.0105 0.06787728 4
0.0589 0.0169 0.07396037 6
0.0572 0.0097 0.06564779 11
0.0529 0.0048 0.05676277 11
0.0606 0.0036 0.06321771 10
0.0619 0.0119 0.07217809 6
0.0594 0.0128 0.07077606 10
0.0671 0.0091 0.07472353 4
0.0532 0.0132 0.06483321 8
0.0522 0.007 0.05799794 3
0.0616 0.0059 0.06651099 8
0.0639 0.0107 0.07313806 5
0.0613 0.012 0.07166294 4
0.0601 0.0109 0.06971741 8
0.0587 0.0087 0.0660127 6
0.0603 0.0099 0.06908161 8
0.0569 0.0056 0.06149889 13
0.06 0.0168 0.07487744 4
0.065 0.0053 0.06928005 10
0.0514 0.0081 0.05822895 5
0.0614 0.0112 0.07121192 8
0.0617 0.0142 0.07420489 5
0.0577 0.0118 0.06805684 9
0.0611 0.0148 0.07409348 4
0.0651 0.013 0.07654805 8
0.0607 0.0013 0.06103654 3
0.0548 0.0088 0.0623153 6
0.0564 0.0123 0.0673601 10
0.0606 0.0128 0.07191508 10
0.0527 0.0143 0.06541917 4
0.0563 0.0226 0.07685177 11
0.0596 0.0109 0.06933259 16
0.0607 0.0088 0.06816354 11
0.0579 0.0131 0.06973277 10
0.0632 0.0205 0.08178205 10
0.0558 0.0092 0.06377738 14
0.0516 0.0038 0.05438404 7
0.053 0.0128 0.06435211 14
0.0627 0.0164 0.07720947 5
0.0577 0.0188 0.07454781 7
0.0607 0.0093 0.06867144 7
0.0631 0.0058 0.06766758 7
0.0605 0.0066 0.06576928 3
0.0588 0.0058 0.06363022 11
0.0594 0.0206 0.07800839 9
0.0585 0.0103 0.06731327 3
0.0626 0.016 0.07679432 6
0.0566 0.012 0.06706201 10
0.0607 0.0164 0.07530304 7
0.0625 0.0084 0.06946056 3
0.0591 0.0064 0.06424089 6
0.0609 0.0101 0.06972396 7
0.0531 0.0077 0.05981237 10
0.0592 0.0091 0.06695216 6
0.0637 0.014 0.0761283 11
0.0622 0.0091 0.07006129 10
0.0574 0.0078 0.06399572 9
0.0634 0.0203 0.08155473 4
0.0617 0.0079 0.06844749 9
0.0578 0.0069 0.06337959 3
0.0586 0.0057 0.06337163 11
0.0613 0.0075 0.06762488 6
0.0623 0.0058 0.06682156 3
0.0553 0.0119 0.06581947 6
0.0589 0.0102 0.06769409 9
0.0668 0.0068 0.07230293 7
0.058 0.0121 0.06872818 10
0.0641 0.0094 0.07203152 5
0.0646 0.0081 0.07134745 4
0.0557 0.0087 0.06328342 12
0.0617 0.0167 0.07649483 4
0.0614 0.0096 0.06959514 7
0.0612 0.0167 0.07600771 7
0.0539 0.0056 0.05847889 8
0.0645 0.0063 0.06957439 7
0.0601 0.0051 0.06395769 1
0.0649 0.009 0.07255283 8
0.0662 0.0078 0.07263358 5
0.0562 0.0081 0.063003 5
0.0523 0.0064 0.05764526 9
0.059 0.0056 0.06359582 9
0.0601 0.0136 0.07209323 12
0.0669 0.0226 0.08712415 5
0.0568 0.0103 0.06565248 7
0.0611 0.0196 0.07862288 7
0.0624 0.008 0.069078 10
0.0627 0.0078 0.06929172 6
0.0554 0.0084 0.06262345 7
0.0626 0.014 0.07500669 3
0.062 0.0116 0.0723259 9
0.0604 0.0114 0.07034741 8
0.0565 0.0081 0.06336272 9
0.0588 0.0114 0.06862168 4
0.0571 0.0136 0.06908404 9
0.0562 0.0099 0.06482228 8
0.0627 0.0215 0.08214342 10
0.055 0.0052 0.05954865 12
0.0594 0.0134 0.07113819 6
0.0547 0.0141 0.06715471 5
0.0603 0.0082 0.06723098 8
0.0557 0.0114 0.0658845 13
0.0559 0.0106 0.0650168 3
0.0581 0.0094 0.06629139 10
0.0635 0.0042 0.06690707 4
0.0584 0.0082 0.06548425 8
0.059 0.0192 0.07625545 9
0.0583 0.0133 0.07003173 7
0.0622 0.0071 0.06806532 10
0.0586 0.014 0.07106721 6
0.0548 0.016 0.06899861 4
0.0609 0.0165 0.07571348 8
0.0562 0.0127 0.06738406 3
0.0563 0.0131 0.0677539 3
0.0624 0.0104 0.07123475 3
0.0525 0.0077 0.05901255 10
0.0595 0.0086 0.06677928 7
0.0562 0.0081 0.06301458 6
0.06 0.0102 0.0687502 3
0.0572 0.0093 0.06503457 2
0.0532 0.0126 0.06453166 9
0.0649 0.0081 0.07165023 7
0.0605 0.0132 0.07231037 7
0.0604 0.0112 0.07010946 7
0.0621 0.0158 0.07606611 4
0.068 0.0142 0.08060037 10
0.0677 0.0079 0.07422189 9
0.0622 0.0054 0.06655835 9
0.0633 0.0175 0.0789181 6
0.0572 0.0143 0.0698332 4
0.059 0.0137 0.07113166 5
0.0635 0.009 0.07103823 4
0.0631 0.0094 0.07108166 7
0.0519 0.0076 0.05849291 11
0.0611 0.007 0.06698226 8
0.0614 0.0294 0.0881153 6
0.0596 0.0157 0.07356647 9
0.0518 0.0083 0.05946928 19
0.0501 0.0105 0.05918191 4
0.0597 0.0102 0.06841188 5
0.0619 0.0071 0.06781772 10
0.061 0.007 0.06680884 8
0.0596 0.0132 0.07114475 7
0.0635 0.0088 0.07100991 7
0.0612 0.0145 0.07391902 3
0.0605 0.0232 0.08159096 8
0.0584 0.0124 0.06935886 13
0.06 0.015 0.0732995 13
0.0577 0.0121 0.06832666 7
0.0616 0.009 0.0691581 4
0.0554 0.0199 0.07327184 1
0.0582 0.0238 0.07976253 6
0.0635 0.0119 0.07389226 13
0.0572 0.0095 0.06546709 7
0.0568 0.0112 0.06653609 6
0.0662 0.0061 0.07098715 6
0.0619 0.0092 0.06965894 3
0.0634 0.0097 0.07157044 5
0.0599 0.0074 0.06622985 14
0.0591 0.0114 0.06911904 11
0.0584 0.0151 0.07184897 5
0.0497 0.0156 0.06370707 11
0.0615 0.0123 0.07242581 11
0.058 0.0098 0.0663761 5
0.0595 0.0149 0.07272553 6
0.0644 0.0189 0.081433 10
0.0586 0.0116 0.06861283 3
0.0552 0.0185 0.07195139 5
0.0641 0.0144 0.07676608 6
0.0618 0.0179 0.07773097 5
0.0676 0.0129 0.07876806 6
0.0602 0.0104 0.06917762 6
0.0635 0.014 0.07588354 12
0.0678 0.0051 0.07169108 6
0.0621 0.0084 0.06919098 7
0.0626 0.0051 0.06645358 3
0.0611 0.0216 0.08053057 9
0.0661 0.0073 0.07211454 8
0.062 0.0099 0.07043133 4
0.0634 0.0116 0.0735965 7
0.0576 0.0121 0.06821566 5
0.0573 0.0071 0.06330393 10
0.0662 0.0053 0.07067605 17
0.0619 0.0218 0.0814961 9
0.0591 0.0203 0.07730486 4
0.0634 0.0076 0.06969973 6
0.0674 0.0096 0.07551098 3
0.0619 0.0092 0.06965895 6
0.0645 0.0142 0.07706127 8
0.0585 0.0134 0.07088462 15
0.0653 0.0131 0.07680066 6
0.0631 0.0072 0.06923767 5
0.0533 0.0073 0.05956144 10
0.0572 0.0074 0.06333387 5
0.0681 0.0104 0.07696364 5
0.0693 0.0191 0.08635223 8
0.0572 0.0114 0.06766614 12
0.0647 0.0164 0.07914536 6
0.0575 0.0091 0.0652754 8
0.059 0.0078 0.06547293 5
0.0575 0.0144 0.07056429 10
0.0584 0.0082 0.0652937 13
0.0583 0.013 0.06977321 9
0.059 0.0141 0.07136877 3
0.0606 0.0108 0.0699593 7
0.0631 0.0178 0.07914349 13
0.0627 0.0269 0.08717094 8
0.0607 0.0184 0.07706963 4
0.0607 0.0069 0.06627223 3
0.0548 0.01 0.06355252 8
0.0649 0.004 0.06781468 8
0.0699 0.0158 0.0840391 14
0.0553 0.0131 0.0669701 9
0.0587 0.01 0.06753955 16
0.06 0.0187 0.0769566 11
0.055 0.0122 0.06563686 7
0.0588 0.0157 0.07274791 6
0.0542 0.017 0.06957829 14
0.0662 0.0051 0.07018783 12
0.0648 0.0083 0.0717342 7
0.057 0.0093 0.06491841 6
0.0692 0.021 0.08802127 9
0.0564 0.0142 0.06893664 4
0.0589 0.0267 0.08313921 4
0.0645 0.0059 0.06936575 8
0.0657 0.0083 0.07299762 11
0.0702 0.0143 0.08294292 10
0.0576 0.0168 0.07264874 7
0.0591 0.0095 0.06733021 13
0.0606 0.0131 0.07213365 10
0.0584 0.0051 0.06246368 10
0.0591 0.0236 0.08049843 8
0.0623 0.0147 0.07546985 10
0.058 0.0032 0.0602787 7
0.0591 0.006 0.06415119 12
0.0669 0.0152 0.08042681 9
0.0497 0.0069 0.05582862 13
0.0632 0.0025 0.06481161 7
0.0553 0.0034 0.05774442 9
0.0668 0.0099 0.07518509 7
0.0659 0.0163 0.08022528 3
0.0591 0.0173 0.07449435 3
0.057 0.0097 0.06533886 10
0.064 0.0152 0.07734989 7
0.0597 0.0075 0.06594381 7