0.0844 +- -1.00 (1)
0.0375 +- -1.00 (1)
0.2114 +- -1.00 (1)
0.1801 +- -1.00 (1)
0.0771 +- -1.00 (1)
0.1799 +- -1.00 (1)
0.1478 +- -1.00 (1)
0.0863 +- -1.00 (1)
0.0777 +- -1.00 (1)
0.2242 +- -1.00 (1)
0.2355 +- -1.00 (1)
0.0652 +- -1.00 (1)
0.0273 +- -1.00 (1)
0.0325 +- -1.00 (1)
0.0812 +- -1.00 (1)
0.1650 +- -1.00 (1)
0.0777 +- -1.00 (1)
0.0543 +- -1.00 (1)
0.0398 +- -1.00 (1)
0.0508 +- -1.00 (1)
0.1278 +- -1.00 (1)
0.0897 +- -1.00 (1)
0.3457 +- -1.00 (1)
0.1472 +- -1.00 (1)
0.0494 +- -1.00 (1)
0.1108 +- -1.00 (1)
0.1373 +- -1.00 (1)
0.0844 +- -1.00 (1)
0.1211 +- -1.00 (1)
0.0811 +- -1.00 (1)
0.0889 +- -1.00 (1)
0.0508 +- -1.00 (1)
0.0171 +- -1.00 (1)
0.0357 +- -1.00 (1)
0.0524 +- -1.00 (1)
0.0684 +- -1.00 (1)
0.0490 +- -1.00 (1)
0.2212 +- -1.00 (1)
0.0916 +- -1.00 (1)
0.0570 +- -1.00 (1)
0.0551 +- -1.00 (1)
0.1506 +- -1.00 (1)
0.1342 +- -1.00 (1)
0.1379 +- -1.00 (1)
0.0514 +- -1.00 (1)
0.0462 +- -1.00 (1)
0.0760 +- -1.00 (1)
0.1155 +- -1.00 (1)
0.0603 +- -1.00 (1)
0.0158 +- -1.00 (1)
0.0610 +- -1.00 (1)
0.1037 +- -1.00 (1)
0.0325 +- -1.00 (1)
0.2137 +- -1.00 (1)
0.2662 +- -1.00 (1)
0.0670 +- -1.00 (1)
0.0771 +- -1.00 (1)
0.0778 +- -1.00 (1)
0.0283 +- -1.00 (1)
0.0376 +- -1.00 (1)
0.1497 +- -1.00 (1)
0.0630 +- -1.00 (1)
0.1090 +- -1.00 (1)
0.1008 +- -1.00 (1)
0.0885 +- -1.00 (1)
0.0767 +- -1.00 (1)
0.0829 +- -1.00 (1)
0.0218 +- -1.00 (1)
0.0719 +- -1.00 (1)
0.0772 +- -1.00 (1)
0.1785 +- -1.00 (1)
0.1354 +- -1.00 (1)
0.0800 +- -1.00 (1)
0.1441 +- -1.00 (1)
0.1788 +- -1.00 (1)
0.0369 +- -1.00 (1)
0.0829 +- -1.00 (1)
0.0741 +- -1.00 (1)
0.0429 +- -1.00 (1)
0.0512 +- -1.00 (1)
0.0479 +- -1.00 (1)
0.0976 +- -1.00 (1)
0.0551 +- -1.00 (1)
0.0821 +- -1.00 (1)
0.0324 +- -1.00 (1)
0.0686 +- -1.00 (1)
0.0560 +- -1.00 (1)
0.0837 +- -1.00 (1)
0.3597 +- -1.00 (1)
0.0617 +- -1.00 (1)
0.0585 +- -1.00 (1)
0.1275 +- -1.00 (1)
0.0679 +- -1.00 (1)
0.0970 +- -1.00 (1)
0.1348 +- -1.00 (1)
0.0232 +- -1.00 (1)
0.0661 +- -1.00 (1)
0.0439 +- -1.00 (1)
0.0233 +- -1.00 (1)
0.0936 +- -1.00 (1)
0.0533 +- -1.00 (1)
0.0457 +- -1.00 (1)
0.0790 +- -1.00 (1)
0.0779 +- -1.00 (1)
0.0496 +- -1.00 (1)
0.0392 +- -1.00 (1)
0.0479 +- -1.00 (1)
0.0242 +- -1.00 (1)
0.0524 +- -1.00 (1)
0.0612 +- -1.00 (1)
0.0579 +- -1.00 (1)
0.0539 +- -1.00 (1)
0.0318 +- -1.00 (1)
0.0540 +- -1.00 (1)
0.0289 +- -1.00 (1)
0.0390 +- -1.00 (1)
0.0226 +- -1.00 (1)
0.0871 +- -1.00 (1)
0.0577 +- -1.00 (1)
0.0569 +- -1.00 (1)
0.0641 +- -1.00 (1)
0.0384 +- -1.00 (1)
0.0447 +- -1.00 (1)
0.0619 +- -1.00 (1)
0.0410 +- -1.00 (1)
0.0546 +- -1.00 (1)
0.0678 +- -1.00 (1)
0.0474 +- -1.00 (1)
0.0341 +- -1.00 (1)
0.0224 +- -1.00 (1)
0.0443 +- -1.00 (1)
0.0241 +- -1.00 (1)
0.0255 +- -1.00 (1)
0.0516 +- -1.00 (1)
0.0666 +- -1.00 (1)
0.0367 +- -1.00 (1)
0.0435 +- -1.00 (1)
0.0837 +- -1.00 (1)
0.0398 +- -1.00 (1)
0.0324 +- -1.00 (1)
0.0524 +- -1.00 (1)
0.0370 +- -1.00 (1)
0.0414 +- -1.00 (1)
0.0975 +- -1.00 (1)
0.0372 +- -1.00 (1)
0.0609 +- -1.00 (1)
0.0403 +- -1.00 (1)
0.0328 +- -1.00 (1)
0.0507 +- -1.00 (1)
0.0229 +- -1.00 (1)
0.0308 +- -1.00 (1)
0.0452 +- -1.00 (1)
0.0820 +- -1.00 (1)
0.0548 +- -1.00 (1)
0.0692 +- -1.00 (1)
0.0272 +- -1.00 (1)
0.0446 +- -1.00 (1)
0.0772 +- -1.00 (1)
0.0273 +- -1.00 (1)
0.0414 +- -1.00 (1)
0.0318 +- -1.00 (1)
0.0588 +- -1.00 (1)
0.0515 +- -1.00 (1)
0.0320 +- -1.00 (1)
0.0218 +- -1.00 (1)
0.0264 +- -1.00 (1)
0.0372 +- -1.00 (1)
0.0329 +- -1.00 (1)
0.0600 +- -1.00 (1)
0.0888 +- -1.00 (1)
0.0421 +- -1.00 (1)
0.0670 +- -1.00 (1)
0.0759 +- -1.00 (1)
0.0451 +- -1.00 (1)
0.0513 +- -1.00 (1)
0.0283 +- -1.00 (1)
0.0258 +- -1.00 (1)
0.0410 +- -1.00 (1)
0.0528 +- -1.00 (1)
0.0379 +- -1.00 (1)
0.0612 +- -1.00 (1)
0.0281 +- -1.00 (1)
0.0309 +- -1.00 (1)
0.0595 +- -1.00 (1)
0.0207 +- -1.00 (1)
0.0355 +- -1.00 (1)
0.0634 +- -1.00 (1)
0.0489 +- -1.00 (1)
0.0922 +- -1.00 (1)
0.0664 +- -1.00 (1)
0.0297 +- -1.00 (1)
0.0518 +- -1.00 (1)
0.0418 +- -1.00 (1)
0.0368 +- -1.00 (1)
0.0397 +- -1.00 (1)
0.0352 +- -1.00 (1)
0.0550 +- -1.00 (1)
0.0305 +- -1.00 (1)
0.0528 +- -1.00 (1)
0.0355 +- -1.00 (1)
0.0425 +- -1.00 (1)
0.0426 +- -1.00 (1)
0.0501 +- -1.00 (1)
0.0520 +- -1.00 (1)
0.0380 +- -1.00 (1)
0.0345 +- -1.00 (1)
0.0362 +- -1.00 (1)
0.0504 +- -1.00 (1)
0.0402 +- -1.00 (1)
0.0344 +- -1.00 (1)
0.0351 +- -1.00 (1)
0.0408 +- -1.00 (1)
0.0388 +- -1.00 (1)
0.0545 +- -1.00 (1)
0.0503 +- -1.00 (1)
0.0463 +- -1.00 (1)
0.0321 +- -1.00 (1)
0.0638 +- -1.00 (1)
0.0454 +- -1.00 (1)
0.0416 +- -1.00 (1)
0.0578 +- -1.00 (1)
0.0503 +- -1.00 (1)
0.0863 +- -1.00 (1)
0.0666 +- -1.00 (1)
0.0528 +- -1.00 (1)
0.0404 +- -1.00 (1)
0.0446 +- -1.00 (1)
0.0420 +- -1.00 (1)
0.0270 +- -1.00 (1)
0.0228 +- -1.00 (1)
0.0376 +- -1.00 (1)
0.0335 +- -1.00 (1)
0.0521 +- -1.00 (1)
0.0471 +- -1.00 (1)
0.0637 +- -1.00 (1)
0.0384 +- -1.00 (1)
0.0491 +- -1.00 (1)
0.0490 +- -1.00 (1)
0.0337 +- -1.00 (1)
0.0395 +- -1.00 (1)
0.0517 +- -1.00 (1)
0.0398 +- -1.00 (1)
0.0517 +- -1.00 (1)
0.0661 +- -1.00 (1)
0.0327 +- -1.00 (1)
0.0456 +- -1.00 (1)
0.0360 +- -1.00 (1)
0.0389 +- -1.00 (1)
0.0410 +- -1.00 (1)
0.0261 +- -1.00 (1)
0.0278 +- -1.00 (1)
0.0422 +- -1.00 (1)
0.0603 +- -1.00 (1)
0.0475 +- -1.00 (1)
0.0536 +- -1.00 (1)
0.0320 +- -1.00 (1)
0.0389 +- -1.00 (1)
0.0418 +- -1.00 (1)
0.0313 +- -1.00 (1)
0.0387 +- -1.00 (1)
0.0512 +- -1.00 (1)
0.0359 +- -1.00 (1)
0.0510 +- -1.00 (1)
0.0485 +- -1.00 (1)
0.0393 +- -1.00 (1)
0.0353 +- -1.00 (1)
0.0341 +- -1.00 (1)
0.0504 +- -1.00 (1)
0.0641 +- -1.00 (1)
0.0510 +- -1.00 (1)
0.0411 +- -1.00 (1)
0.0738 +- -1.00 (1)
0.0470 +- -1.00 (1)
0.0603 +- -1.00 (1)
0.0547 +- -1.00 (1)
0.0248 +- -1.00 (1)
0.0310 +- -1.00 (1)
0.0491 +- -1.00 (1)
0.0369 +- -1.00 (1)
0.0434 +- -1.00 (1)
0.0556 +- -1.00 (1)
0.0524 +- -1.00 (1)
0.0340 +- -1.00 (1)
0.0701 +- -1.00 (1)
0.0314 +- -1.00 (1)
0.0373 +- -1.00 (1)
0.0438 +- -1.00 (1)
0.0510 +- -1.00 (1)
0.0757 +- -1.00 (1)
0.0503 +- -1.00 (1)
0.0557 +- -1.00 (1)
0.0467 +- -1.00 (1)
0.0433 +- -1.00 (1)
0.0896 +- -1.00 (1)
0.0425 +- -1.00 (1)
0.0340 +- -1.00 (1)
0.0289 +- -1.00 (1)
0.0451 +- -1.00 (1)
0.0353 +- -1.00 (1)
0.0444 +- -1.00 (1)
0.0361 +- -1.00 (1)
0.0316 +- -1.00 (1)
0.0398 +- -1.00 (1)
0.0410 +- -1.00 (1)
0.0392 +- -1.00 (1)
0.0362 +- -1.00 (1)
0.0624 +- -1.00 (1)
0.0589 +- -1.00 (1)
0.0405 +- -1.00 (1)
0.0400 +- -1.00 (1)
0.0416 +- -1.00 (1)
0.0413 +- -1.00 (1)
0.0315 +- -1.00 (1)
0.0365 +- -1.00 (1)
0.0417 +- -1.00 (1)
0.0351 +- -1.00 (1)
0.0702 +- -1.00 (1)
0.0778 +- -1.00 (1)
0.0346 +- -1.00 (1)
0.0539 +- -1.00 (1)
0.0488 +- -1.00 (1)
0.1399 +- -1.00 (1)
0.0540 +- -1.00 (1)
0.0507 +- -1.00 (1)
0.0503 +- -1.00 (1)
0.0437 +- -1.00 (1)
0.0480 +- -1.00 (1)
0.0444 +- -1.00 (1)
0.0475 +- -1.00 (1)
0.0764 +- -1.00 (1)
0.0427 +- -1.00 (1)
0.0358 +- -1.00 (1)
0.0476 +- -1.00 (1)
0.0383 +- -1.00 (1)
0.0369 +- -1.00 (1)
0.0571 +- -1.00 (1)
0.0488 +- -1.00 (1)
0.0550 +- -1.00 (1)
0.0254 +- -1.00 (1)
0.0510 +- -1.00 (1)
0.0437 +- -1.00 (1)
0.0458 +- -1.00 (1)
0.0674 +- -1.00 (1)
0.0581 +- -1.00 (1)
0.0425 +- -1.00 (1)
0.0439 +- -1.00 (1)
0.0957 +- -1.00 (1)
0.0403 +- -1.00 (1)
0.0432 +- -1.00 (1)
0.0384 +- -1.00 (1)
0.0269 +- -1.00 (1)
0.0364 +- -1.00 (1)
0.0401 +- -1.00 (1)
0.0433 +- -1.00 (1)
0.0419 +- -1.00 (1)
0.0322 +- -1.00 (1)
0.0426 +- -1.00 (1)
0.0377 +- -1.00 (1)
0.0375 +- -1.00 (1)
0.0660 +- -1.00 (1)
0.0700 +- -1.00 (1)
0.0470 +- -1.00 (1)
0.0369 +- -1.00 (1)
0.0510 +- -1.00 (1)
0.0304 +- -1.00 (1)
0.0398 +- -1.00 (1)
0.0332 +- -1.00 (1)
0.0412 +- -1.00 (1)
0.0667 +- -1.00 (1)
0.0492 +- -1.00 (1)
0.0581 +- -1.00 (1)
0.0579 +- -1.00 (1)
0.0487 +- -1.00 (1)
0.0465 +- -1.00 (1)
0.0336 +- -1.00 (1)
0.0469 +- -1.00 (1)
0.0377 +- -1.00 (1)
0.0511 +- -1.00 (1)
0.0434 +- -1.00 (1)
0.0454 +- -1.00 (1)
0.0491 +- -1.00 (1)
0.0467 +- -1.00 (1)
0.0392 +- -1.00 (1)
0.0611 +- -1.00 (1)
0.0351 +- -1.00 (1)
0.0375 +- -1.00 (1)
0.0358 +- -1.00 (1)
0.0349 +- -1.00 (1)
0.0617 +- -1.00 (1)
0.0818 +- -1.00 (1)
0.0292 +- -1.00 (1)
0.0523 +- -1.00 (1)
0.0408 +- -1.00 (1)
0.0304 +- -1.00 (1)
0.0423 +- -1.00 (1)
0.0280 +- -1.00 (1)
0.0560 +- -1.00 (1)
0.0566 +- -1.00 (1)
0.0457 +- -1.00 (1)
0.0660 +- -1.00 (1)
0.0482 +- -1.00 (1)
0.0408 +- -1.00 (1)
0.0512 +- -1.00 (1)
0.0394 +- -1.00 (1)
0.0327 +- -1.00 (1)
0.0582 +- -1.00 (1)
0.0525 +- -1.00 (1)
0.0412 +- -1.00 (1)
0.0461 +- -1.00 (1)
0.0373 +- -1.00 (1)
0.0476 +- -1.00 (1)
0.0469 +- -1.00 (1)
0.0286 +- -1.00 (1)
0.0548 +- -1.00 (1)
0.0374 +- -1.00 (1)
0.0571 +- -1.00 (1)
0.0907 +- -1.00 (1)
0.0867 +- -1.00 (1)
0.0366 +- -1.00 (1)
0.0373 +- -1.00 (1)
0.0474 +- -1.00 (1)
0.0408 +- -1.00 (1)
0.0505 +- -1.00 (1)
0.0472 +- -1.00 (1)
0.0514 +- -1.00 (1)
0.0449 +- -1.00 (1)
0.0861 +- -1.00 (1)
0.0522 +- -1.00 (1)
0.0795 +- -1.00 (1)
0.0377 +- -1.00 (1)
0.0471 +- -1.00 (1)
0.0418 +- -1.00 (1)
0.0411 +- -1.00 (1)
0.0454 +- -1.00 (1)
0.0507 +- -1.00 (1)
0.0373 +- -1.00 (1)
0.0342 +- -1.00 (1)
0.0521 +- -1.00 (1)
0.0578 +- -1.00 (1)
0.0546 +- -1.00 (1)
0.0554 +- -1.00 (1)
0.0495 +- -1.00 (1)
0.0510 +- -1.00 (1)
0.0448 +- -1.00 (1)
0.0378 +- -1.00 (1)
0.0543 +- -1.00 (1)
0.0907 +- -1.00 (1)
0.0416 +- -1.00 (1)
0.0334 +- -1.00 (1)
0.0332 +- -1.00 (1)
0.0356 +- -1.00 (1)
0.0384 +- -1.00 (1)
0.0389 +- -1.00 (1)
0.0397 +- -1.00 (1)
0.0515 +- -1.00 (1)
0.0347 +- -1.00 (1)
0.0588 +- -1.00 (1)
0.0601 +- -1.00 (1)
0.0406 +- -1.00 (1)
0.0511 +- -1.00 (1)
0.0447 +- -1.00 (1)
0.0595 +- -1.00 (1)
0.0562 +- -1.00 (1)
0.0513 +- -1.00 (1)
0.0326 +- -1.00 (1)
0.0594 +- -1.00 (1)
0.0508 +- -1.00 (1)
0.0524 +- -1.00 (1)
0.0486 +- -1.00 (1)
0.0566 +- -1.00 (1)
0.0460 +- -1.00 (1)
0.0653 +- -1.00 (1)
0.0371 +- -1.00 (1)
0.0803 +- -1.00 (1)
0.0472 +- -1.00 (1)
0.0421 +- -1.00 (1)
0.0622 +- -1.00 (1)
0.0652 +- -1.00 (1)
0.0349 +- -1.00 (1)
0.0483 +- -1.00 (1)
0.0573 +- -1.00 (1)
0.0436 +- -1.00 (1)
0.0514 +- -1.00 (1)
0.0504 +- -1.00 (1)
0.0585 +- -1.00 (1)
0.0474 +- -1.00 (1)
0.0290 +- -1.00 (1)
0.0455 +- -1.00 (1)
0.0511 +- -1.00 (1)
0.0690 +- -1.00 (1)
0.0393 +- -1.00 (1)
0.0531 +- -1.00 (1)
0.0577 +- -1.00 (1)
0.0348 +- -1.00 (1)
0.0398 +- -1.00 (1)
0.0524 +- -1.00 (1)
0.0516 +- -1.00 (1)
0.0519 +- -1.00 (1)
0.0354 +- -1.00 (1)
0.0471 +- -1.00 (1)
0.0486 +- -1.00 (1)
0.0466 +- -1.00 (1)
0.0431 +- -1.00 (1)
0.0486 +- -1.00 (1)
0.0715 +- -1.00 (1)
0.0395 +- -1.00 (1)
0.0416 +- -1.00 (1)
0.0520 +- -1.00 (1)
0.0360 +- -1.00 (1)
0.0498 +- -1.00 (1)
0.0482 +- -1.00 (1)
0.0663 +- -1.00 (1)
0.0522 +- -1.00 (1)
0.0375 +- -1.00 (1)
0.0556 +- -1.00 (1)
0.0425 +- -1.00 (1)
0.0407 +- -1.00 (1)
0.0617 +- -1.00 (1)
0.0443 +- -1.00 (1)
0.0592 +- -1.00 (1)
0.0551 +- -1.00 (1)
0.0459 +- -1.00 (1)
0.0584 +- -1.00 (1)
0.0519 +- -1.00 (1)
0.0553 +- -1.00 (1)
0.0473 +- -1.00 (1)
0.0589 +- -1.00 (1)
0.0561 +- -1.00 (1)
0.0381 +- -1.00 (1)
0.0507 +- -1.00 (1)
0.0522 +- -1.00 (1)
0.0498 +- -1.00 (1)
0.0642 +- -1.00 (1)
0.0489 +- -1.00 (1)
0.0443 +- -1.00 (1)
0.0573 +- -1.00 (1)
0.0454 +- -1.00 (1)
0.0615 +- -1.00 (1)
0.0620 +- -1.00 (1)
0.0556 +- -1.00 (1)
0.0677 +- -1.00 (1)
0.0483 +- -1.00 (1)
0.0446 +- -1.00 (1)
0.0473 +- -1.00 (1)
0.0455 +- -1.00 (1)
0.0430 +- -1.00 (1)
0.0560 +- -1.00 (1)
0.0618 +- -1.00 (1)
0.0487 +- -1.00 (1)
0.0419 +- -1.00 (1)
0.0346 +- -1.00 (1)
0.0646 +- -1.00 (1)
0.0698 +- -1.00 (1)
0.0433 +- -1.00 (1)
0.0469 +- -1.00 (1)
0.0723 +- -1.00 (1)
0.0933 +- -1.00 (1)
0.0461 +- -1.00 (1)
0.0357 +- -1.00 (1)
0.0527 +- -1.00 (1)
0.0384 +- -1.00 (1)
0.0579 +- -1.00 (1)
0.0574 +- -1.00 (1)
0.0463 +- -1.00 (1)
0.0569 +- -1.00 (1)
0.0444 +- -1.00 (1)
0.0543 +- -1.00 (1)
0.0823 +- -1.00 (1)
0.0488 +- -1.00 (1)
0.0497 +- -1.00 (1)
0.0511 +- -1.00 (1)
0.0516 +- -1.00 (1)
0.0532 +- -1.00 (1)
0.0414 +- -1.00 (1)
0.0556 +- -1.00 (1)
0.0517 +- -1.00 (1)
0.0355 +- -1.00 (1)
0.0493 +- -1.00 (1)
0.0415 +- -1.00 (1)
0.0505 +- -1.00 (1)
0.0563 +- -1.00 (1)
0.0523 +- -1.00 (1)
0.0565 +- -1.00 (1)
0.0481 +- -1.00 (1)
0.0514 +- -1.00 (1)
0.0493 +- -1.00 (1)
0.0474 +- -1.00 (1)
0.0573 +- -1.00 (1)
0.0520 +- -1.00 (1)
0.0686 +- -1.00 (1)
0.0538 +- -1.00 (1)
0.0520 +- -1.00 (1)
0.0870 +- -1.00 (1)
0.0590 +- -1.00 (1)
0.0568 +- -1.00 (1)
0.0322 +- -1.00 (1)
0.0571 +- -1.00 (1)
0.0407 +- -1.00 (1)
0.0438 +- -1.00 (1)
0.0403 +- -1.00 (1)
0.0497 +- -1.00 (1)
0.0709 +- -1.00 (1)
0.0500 +- -1.00 (1)
0.0769 +- -1.00 (1)
0.0474 +- -1.00 (1)
0.0526 +- -1.00 (1)
0.0544 +- -1.00 (1)
0.0472 +- -1.00 (1)
0.0563 +- -1.00 (1)
0.0585 +- -1.00 (1)
0.0665 +- -1.00 (1)
0.0630 +- -1.00 (1)
0.0491 +- -1.00 (1)
0.0390 +- -1.00 (1)
0.0402 +- -1.00 (1)
0.0631 +- -1.00 (1)
0.0746 +- -1.00 (1)
0.0627 +- -1.00 (1)
0.0517 +- -1.00 (1)
0.0510 +- -1.00 (1)
0.0470 +- -1.00 (1)
0.0547 +- -1.00 (1)
0.0531 +- -1.00 (1)
0.0473 +- -1.00 (1)
0.0484 +- -1.00 (1)
0.0513 +- -1.00 (1)
0.0615 +- -1.00 (1)
0.0493 +- -1.00 (1)
0.1040 +- -1.00 (1)
0.0521 +- -1.00 (1)
0.0677 +- -1.00 (1)
0.0592 +- -1.00 (1)
0.0716 +- -1.00 (1)
0.0556 +- -1.00 (1)
0.0514 +- -1.00 (1)
0.0482 +- -1.00 (1)
0.0609 +- -1.00 (1)
0.0570 +- -1.00 (1)
0.0478 +- -1.00 (1)
0.0480 +- -1.00 (1)
0.0543 +- -1.00 (1)
0.0731 +- -1.00 (1)
0.0639 +- -1.00 (1)
0.0573 +- -1.00 (1)
0.0661 +- -1.00 (1)
0.0549 +- -1.00 (1)
0.0570 +- -1.00 (1)
0.0521 +- -1.00 (1)
0.0484 +- -1.00 (1)
0.0438 +- -1.00 (1)
0.0531 +- -1.00 (1)
0.0587 +- -1.00 (1)
0.0438 +- -1.00 (1)
0.0689 +- -1.00 (1)
0.0563 +- -1.00 (1)
0.0938 +- -1.00 (1)
0.0542 +- -1.00 (1)
0.0486 +- -1.00 (1)
0.0389 +- -1.00 (1)
0.0756 +- -1.00 (1)
0.0482 +- -1.00 (1)
0.0706 +- -1.00 (1)
0.0622 +- -1.00 (1)
0.0612 +- -1.00 (1)
0.0432 +- -1.00 (1)
0.0727 +- -1.00 (1)
0.0506 +- -1.00 (1)
0.0466 +- -1.00 (1)
0.0554 +- -1.00 (1)
0.0745 +- -1.00 (1)
0.0614 +- -1.00 (1)
0.0477 +- -1.00 (1)
0.0922 +- -1.00 (1)
0.0552 +- -1.00 (1)
0.0621 +- -1.00 (1)
0.0481 +- -1.00 (1)
0.0646 +- -1.00 (1)
0.0675 +- -1.00 (1)
0.0515 +- -1.00 (1)
0.0457 +- -1.00 (1)
0.0382 +- -1.00 (1)
0.0778 +- -1.00 (1)
0.0553 +- -1.00 (1)
0.0588 +- -1.00 (1)
0.0653 +- -1.00 (1)
0.0500 +- -1.00 (1)
0.0468 +- -1.00 (1)
0.0496 +- -1.00 (1)
0.0714 +- -1.00 (1)
0.0459 +- -1.00 (1)
0.0629 +- -1.00 (1)
0.0966 +- -1.00 (1)
0.0522 +- -1.00 (1)
0.0635 +- -1.00 (1)
0.0475 +- -1.00 (1)
0.0552 +- -1.00 (1)
0.0678 +- -1.00 (1)
0.0507 +- -1.00 (1)
0.1020 +- -1.00 (1)
0.0562 +- -1.00 (1)
0.0676 +- -1.00 (1)
0.0571 +- -1.00 (1)
0.0843 +- -1.00 (1)
0.0816 +- -1.00 (1)
0.0457 +- -1.00 (1)
0.0550 +- -1.00 (1)
0.0663 +- -1.00 (1)
0.0632 +- -1.00 (1)
0.0806 +- -1.00 (1)
0.0469 +- -1.00 (1)
0.0466 +- -1.00 (1)
0.0784 +- -1.00 (1)
0.0478 +- -1.00 (1)
0.0507 +- -1.00 (1)
0.0795 +- -1.00 (1)
0.0581 +- -1.00 (1)
0.0763 +- -1.00 (1)
0.0787 +- -1.00 (1)
0.0564 +- -1.00 (1)
0.0797 +- -1.00 (1)
0.0564 +- -1.00 (1)
0.0618 +- -1.00 (1)
0.0554 +- -1.00 (1)
0.0703 +- -1.00 (1)
0.0662 +- -1.00 (1)
0.0406 +- -1.00 (1)
0.0440 +- -1.00 (1)
0.0641 +- -1.00 (1)
0.0604 +- -1.00 (1)
0.0526 +- -1.00 (1)
0.0521 +- -1.00 (1)
0.0554 +- -1.00 (1)
0.0536 +- -1.00 (1)
0.0538 +- -1.00 (1)
0.0500 +- -1.00 (1)
0.0649 +- -1.00 (1)
0.0679 +- -1.00 (1)
0.0489 +- -1.00 (1)
0.0702 +- -1.00 (1)
0.0774 +- -1.00 (1)
0.0525 +- -1.00 (1)
0.0621 +- -1.00 (1)
0.0789 +- -1.00 (1)
0.0497 +- -1.00 (1)
0.0621 +- -1.00 (1)
0.0572 +- -1.00 (1)
0.0931 +- -1.00 (1)
0.0657 +- -1.00 (1)
0.0751 +- -1.00 (1)
0.0544 +- -1.00 (1)
0.0706 +- -1.00 (1)
0.0663 +- -1.00 (1)
0.0601 +- -1.00 (1)
0.0786 +- -1.00 (1)
0.0769 +- -1.00 (1)
0.0781 +- -1.00 (1)
0.0702 +- -1.00 (1)
0.0506 +- -1.00 (1)
0.0573 +- -1.00 (1)
0.0650 +- -1.00 (1)
0.0792 +- -1.00 (1)
0.0578 +- -1.00 (1)
0.0989 +- -1.00 (1)
0.0550 +- -1.00 (1)
0.0631 +- -1.00 (1)
0.0729 +- -1.00 (1)
0.0590 +- -1.00 (1)
0.0961 +- -1.00 (1)
0.0533 +- -1.00 (1)
0.0729 +- -1.00 (1)
0.0745 +- -1.00 (1)
0.0730 +- -1.00 (1)
0.0512 +- -1.00 (1)
0.0655 +- -1.00 (1)
0.0910 +- -1.00 (1)
0.0545 +- -1.00 (1)
0.0570 +- -1.00 (1)
0.0643 +- -1.00 (1)
0.0729 +- -1.00 (1)
0.0614 +- -1.00 (1)
0.0671 +- -1.00 (1)
0.0920 +- -1.00 (1)
0.0614 +- -1.00 (1)
0.0581 +- -1.00 (1)
0.0803 +- -1.00 (1)
0.0479 +- -1.00 (1)
0.0521 +- -1.00 (1)
0.0561 +- -1.00 (1)
0.0790 +- -1.00 (1)
0.0679 +- -1.00 (1)
0.0683 +- -1.00 (1)
0.0542 +- -1.00 (1)
0.0705 +- -1.00 (1)
0.0789 +- -1.00 (1)
0.0536 +- -1.00 (1)
0.0737 +- -1.00 (1)
0.0605 +- -1.00 (1)
0.0506 +- -1.00 (1)
0.1027 +- -1.00 (1)
0.0548 +- -1.00 (1)
0.0636 +- -1.00 (1)
0.0574 +- -1.00 (1)
0.0587 +- -1.00 (1)
0.0627 +- -1.00 (1)
0.0636 +- -1.00 (1)
0.0608 +- -1.00 (1)
0.0476 +- -1.00 (1)
0.0775 +- -1.00 (1)
0.0615 +- -1.00 (1)
0.0674 +- -1.00 (1)
0.0562 +- -1.00 (1)
0.0476 +- -1.00 (1)
0.0684 +- -1.00 (1)
0.0634 +- -1.00 (1)
0.0572 +- -1.00 (1)
0.0583 +- -1.00 (1)
0.0589 +- -1.00 (1)
0.0487 +- -1.00 (1)
0.0558 +- -1.00 (1)
0.0623 +- -1.00 (1)
0.0603 +- -1.00 (1)
0.0718 +- -1.00 (1)
0.0574 +- -1.00 (1)
0.0636 +- -1.00 (1)
0.0534 +- -1.00 (1)
0.0580 +- -1.00 (1)
0.0528 +- -1.00 (1)
0.0583 +- -1.00 (1)
0.0645 +- -1.00 (1)
0.0494 +- -1.00 (1)
0.0607 +- -1.00 (1)
0.0744 +- -1.00 (1)
0.0594 +- -1.00 (1)
0.0551 +- -1.00 (1)
0.0650 +- -1.00 (1)
0.0456 +- -1.00 (1)
0.0616 +- -1.00 (1)
0.0633 +- -1.00 (1)
0.0712 +- -1.00 (1)
0.0599 +- -1.00 (1)
0.0530 +- -1.00 (1)
0.0535 +- -1.00 (1)
0.0593 +- -1.00 (1)
0.0511 +- -1.00 (1)
0.0598 +- -1.00 (1)
0.0642 +- -1.00 (1)
0.0554 +- -1.00 (1)
0.0549 +- -1.00 (1)
0.0609 +- -1.00 (1)
0.0670 +- -1.00 (1)
0.0568 +- -1.00 (1)
0.0630 +- -1.00 (1)
0.0679 +- -1.00 (1)
0.0637 +- -1.00 (1)
0.0671 +- -1.00 (1)
0.0607 +- -1.00 (1)
0.0652 +- -1.00 (1)
0.0572 +- -1.00 (1)
0.0527 +- -1.00 (1)
0.0663 +- -1.00 (1)
0.0578 +- -1.00 (1)
0.0678 +- -1.00 (1)
0.0629 +- -1.00 (1)
0.0576 +- -1.00 (1)
0.0659 +- -1.00 (1)
0.0569 +- -1.00 (1)
0.0609 +- -1.00 (1)
0.0523 +- -1.00 (1)
0.0585 +- -1.00 (1)
0.0685 +- -1.00 (1)
0.0568 +- -1.00 (1)
0.0642 +- -1.00 (1)
0.0632 +- -1.00 (1)
0.0646 +- -1.00 (1)
0.0732 +- -1.00 (1)
0.0557 +- -1.00 (1)
0.0523 +- -1.00 (1)
0.0518 +- -1.00 (1)
0.0663 +- -1.00 (1)
0.0521 +- -1.00 (1)
0.0595 +- -1.00 (1)
0.0579 +- -1.00 (1)
0.0644 +- -1.00 (1)
0.0593 +- -1.00 (1)
0.0622 +- -1.00 (1)
0.0633 +- -1.00 (1)
0.0520 +- -1.00 (1)
0.0555 +- -1.00 (1)
0.0702 +- -1.00 (1)
0.0545 +- -1.00 (1)
0.0684 +- -1.00 (1)
0.0533 +- -1.00 (1)
0.0539 +- -1.00 (1)
0.0617 +- -1.00 (1)
0.0702 +- -1.00 (1)
0.0516 +- -1.00 (1)
0.0632 +- -1.00 (1)
0.0572 +- -1.00 (1)
0.0581 +- -1.00 (1)
0.0631 +- -1.00 (1)
0.0648 +- -1.00 (1)
0.0587 +- -1.00 (1)
0.0550 +- -1.00 (1)
0.0617 +- -1.00 (1)
0.0544 +- -1.00 (1)
0.0553 +- -1.00 (1)
0.0646 +- -1.00 (1)
0.0635 +- -1.00 (1)
0.0745 +- -1.00 (1)
0.0601 +- -1.00 (1)
0.0509 +- -1.00 (1)
0.0592 +- -1.00 (1)
0.0706 +- -1.00 (1)
0.0548 +- -1.00 (1)
0.0656 +- -1.00 (1)
0.0553 +- -1.00 (1)
0.0667 +- -1.00 (1)
0.0569 +- -1.00 (1)
0.0578 +- -1.00 (1)
0.0620 +- -1.00 (1)
0.0556 +- -1.00 (1)
0.0781 +- -1.00 (1)
0.0627 +- -1.00 (1)
0.0634 +- -1.00 (1)
0.0613 +- -1.00 (1)
0.0630 +- -1.00 (1)
0.0686 +- -1.00 (1)
0.0629 +- -1.00 (1)
0.0633 +- -1.00 (1)
0.0625 +- -1.00 (1)
0.0606 +- -1.00 (1)
0.0696 +- -1.00 (1)
0.0754 +- -1.00 (1)
0.0644 +- -1.00 (1)
0.0681 +- -1.00 (1)
0.0695 +- -1.00 (1)
0.0566 +- -1.00 (1)
0.0676 +- -1.00 (1)
0.0845 +- -1.00 (1)
0.0694 +- -1.00 (1)
0.0647 +- -1.00 (1)
0.0535 +- -1.00 (1)
0.0581 +- -1.00 (1)
0.0755 +- -1.00 (1)
0.0637 +- -1.00 (1)
0.0633 +- -1.00 (1)
0.0595 +- -1.00 (1)
0.0595 +- -1.00 (1)
0.0600 +- -1.00 (1)
0.0671 +- -1.00 (1)
0.0647 +- -1.00 (1)
0.0779 +- -1.00 (1)
0.0567 +- -1.00 (1)
0.0569 +- -1.00 (1)
0.0662 +- -1.00 (1)
0.0617 +- -1.00 (1)
0.0630 +- -1.00 (1)
0.0519 +- -1.00 (1)
0.0648 +- -1.00 (1)
0.0599 +- -1.00 (1)
0.0572 +- -1.00 (1)
0.0640 +- -1.00 (1)
0.0631 +- -1.00 (1)
0.0649 +- -1.00 (1)
0.0661 +- -1.00 (1)
0.0638 +- -1.00 (1)
0.0635 +- -1.00 (1)
0.0738 +- -1.00 (1)
0.0677 +- -1.00 (1)
0.0597 +- -1.00 (1)
0.0576 +- -1.00 (1)
0.0743 +- -1.00 (1)
0.0574 +- -1.00 (1)
0.0766 +- -1.00 (1)
0.0708 +- -1.00 (1)
0.0468 +- -1.00 (1)
0.0639 +- -1.00 (1)
0.0783 +- -1.00 (1)
0.0659 +- -1.00 (1)
0.0539 +- -1.00 (1)
0.0709 +- -1.00 (1)
0.0711 +- -1.00 (1)
0.0593 +- -1.00 (1)
0.0685 +- -1.00 (1)
0.0591 +- -1.00 (1)
0.0674 +- -1.00 (1)
0.0552 +- -1.00 (1)
0.0635 +- -1.00 (1)
0.0684 +- -1.00 (1)
0.0641 +- -1.00 (1)
0.0712 +- -1.00 (1)
0.0504 +- -1.00 (1)
0.0656 +- -1.00 (1)
0.0715 +- -1.00 (1)
0.0667 +- -1.00 (1)
0.0641 +- -1.00 (1)
0.0591 +- -1.00 (1)
0.0643 +- -1.00 (1)
0.0573 +- -1.00 (1)
0.0688 +- -1.00 (1)
0.0580 +- -1.00 (1)
0.0621 +- -1.00 (1)
0.0627 +- -1.00 (1)
0.0668 +- -1.00 (1)
0.0576 +- -1.00 (1)
0.0669 +- -1.00 (1)
0.0669 +- -1.00 (1)
0.0602 +- -1.00 (1)
0.0713 +- -1.00 (1)
0.0638 +- -1.00 (1)
0.0705 +- -1.00 (1)
0.0668 +- -1.00 (1)
0.0720 +- -1.00 (1)
0.0683 +- -1.00 (1)
0.0623 +- -1.00 (1)
0.0614 +- -1.00 (1)
0.0747 +- -1.00 (1)
0.0657 +- -1.00 (1)
0.0562 +- -1.00 (1)
0.0675 +- -1.00 (1)
0.0711 +- -1.00 (1)
0.0831 +- -1.00 (1)
0.0603 +- -1.00 (1)
0.0661 +- -1.00 (1)
0.0661 +- -1.00 (1)
0.0672 +- -1.00 (1)
0.0676 +- -1.00 (1)
0.0656 +- -1.00 (1)
0.0695 +- -1.00 (1)
0.0754 +- -1.00 (1)
0.0693 +- -1.00 (1)
0.0614 +- -1.00 (1)
0.0620 +- -1.00 (1)
0.0691 +- -1.00 (1)
0.0590 +- -1.00 (1)
0.0576 +- -1.00 (1)
0.0623 +- -1.00 (1)
0.0611 +- -1.00 (1)
0.0746 +- -1.00 (1)
0.0640 +- -1.00 (1)
0.0670 +- -1.00 (1)
0.0592 +- -1.00 (1)
0.0630 +- -1.00 (1)
0.0660 +- -1.00 (1)
0.0622 +- -1.00 (1)
0.0660 +- -1.00 (1)
0.0707 +- -1.00 (1)
0.0608 +- -1.00 (1)
0.0646 +- -1.00 (1)
0.0678 +- -1.00 (1)
0.0608 +- -1.00 (1)
0.0688 +- -1.00 (1)
0.0655 +- -1.00 (1)
0.0634 +- -1.00 (1)
0.0653 +- -1.00 (1)
0.0686 +- -1.00 (1)
0.0649 +- -1.00 (1)
0.0528 +- -1.00 (1)
0.0639 +- -1.00 (1)
0.0664 +- -1.00 (1)
0.0662 +- -1.00 (1)
0.0612 +- -1.00 (1)
0.0633 +- -1.00 (1)
0.0624 +- -1.00 (1)
0.0770 +- -1.00 (1)
0.0636 +- -1.00 (1)
0.0694 +- -1.00 (1)
0.0727 +- -1.00 (1)
0.0586 +- -1.00 (1)
0.0650 +- -1.00 (1)
0.0699 +- -1.00 (1)
0.0623 +- -1.00 (1)
0.0714 +- -1.00 (1)
0.0587 +- -1.00 (1)
0.0750 +- -1.00 (1)
0.0546 +- -1.00 (1)
0.0860 +- -1.00 (1)
0.0645 +- -1.00 (1)
0.0815 +- -1.00 (1)
0.0463 +- -1.00 (1)
0.0756 +- -1.00 (1)
0.0597 +- -1.00 (1)
0.0907 +- -1.00 (1)
0.0637 +- -1.00 (1)
0.0547 +- -1.00 (1)
0.0777 +- -1.00 (1)
0.0648 +- -1.00 (1)
0.0670 +- -1.00 (1)
0.0626 +- -1.00 (1)
0.0626 +- -1.00 (1)
0.0725 +- -1.00 (1)
0.0653 +- -1.00 (1)
0.0639 +- -1.00 (1)
0.0678 +- -1.00 (1)
0.0697 +- -1.00 (1)
0.0710 +- -1.00 (1)
0.0790 +- -1.00 (1)
0.0624 +- -1.00 (1)
0.0728 +- -1.00 (1)
0.0855 +- -1.00 (1)
0.0666 +- -1.00 (1)
0.0600 +- -1.00 (1)
0.0790 +- -1.00 (1)
0.0571 +- -1.00 (1)
0.0591 +- -1.00 (1)
0.0630 +- -1.00 (1)
0.0726 +- -1.00 (1)
0.0676 +- -1.00 (1)
0.0642 +- -1.00 (1)
0.0663 +- -1.00 (1)
0.0612 +- -1.00 (1)
0.0673 +- -1.00 (1)
0.0878 +- -1.00 (1)
0.0710 +- -1.00 (1)
0.0591 +- -1.00 (1)
0.0638 +- -1.00 (1)
0.0732 +- -1.00 (1)
0.0659 +- -1.00 (1)
0.0602 +- -1.00 (1)
0.0690 +- -1.00 (1)
0.0742 +- -1.00 (1)
0.0838 +- -1.00 (1)
0.0676 +- -1.00 (1)
0.0642 +- -1.00 (1)
0.0698 +- -1.00 (1)
0.0712 +- -1.00 (1)
0.0700 +- -1.00 (1)
0.0775 +- -1.00 (1)
0.0785 +- -1.00 (1)
0.0683 +- -1.00 (1)
0.0631 +- -1.00 (1)
0.0650 +- -1.00 (1)
0.0668 +- -1.00 (1)
0.0677 +- -1.00 (1)
0.0605 +- -1.00 (1)
0.0669 +- -1.00 (1)
0.0704 +- -1.00 (1)
0.0658 +- -1.00 (1)
0.0788 +- -1.00 (1)
0.0696 +- -1.00 (1)
0.0674 +- -1.00 (1)
0.0653 +- -1.00 (1)
0.0664 +- -1.00 (1)
0.0719 +- -1.00 (1)
0.0693 +- -1.00 (1)
0.0682 +- -1.00 (1)
0.0723 +- -1.00 (1)
0.0799 +- -1.00 (1)
0.0670 +- -1.00 (1)
0.0650 +- -1.00 (1)
0.0722 +- -1.00 (1)
0.0669 +- -1.00 (1)
0.0669 +- -1.00 (1)
0.0743 +- -1.00 (1)
0.0669 +- -1.00 (1)
0.0719 +- -1.00 (1)
0.0599 +- -1.00 (1)
0.0721 +- -1.00 (1)
0.0627 +- -1.00 (1)
0.0810 +- -1.00 (1)
0.0660 +- -1.00 (1)
0.0666 +- -1.00 (1)
0.0559 +- -1.00 (1)
0.0712 +- -1.00 (1)
0.0586 +- -1.00 (1)
0.0662 +- -1.00 (1)
0.0781 +- -1.00 (1)
0.0677 +- -1.00 (1)
0.0796 +- -1.00 (1)
0.0658 +- -1.00 (1)
0.0720 +- -1.00 (1)
0.0739 +- -1.00 (1)
0.0668 +- -1.00 (1)
0.0705 +- -1.00 (1)
0.0633 +- -1.00 (1)
0.0763 +- -1.00 (1)
0.0704 +- -1.00 (1)
0.0620 +- -1.00 (1)
0.0788 +- -1.00 (1)
0.0700 +- -1.00 (1)
0.0654 +- -1.00 (1)
0.0715 +- -1.00 (1)
0.0698 +- -1.00 (1)
0.0619 +- -1.00 (1)
0.0703 +- -1.00 (1)
0.0714 +- -1.00 (1)
0.0702 +- -1.00 (1)
0.0709 +- -1.00 (1)
0.0780 +- -1.00 (1)
0.0627 +- -1.00 (1)
0.0705 +- -1.00 (1)
0.0677 +- -1.00 (1)
0.0680 +- -1.00 (1)
0.0710 +- -1.00 (1)
0.0664 +- -1.00 (1)
0.0773 +- -1.00 (1)
0.0695 +- -1.00 (1)
0.0719 +- -1.00 (1)
0.0573 +- -1.00 (1)
0.0780 +- -1.00 (1)
0.0617 +- -1.00 (1)
0.0700 +- -1.00 (1)
0.0719 +- -1.00 (1)
0.0595 +- -1.00 (1)
0.0670 +- -1.00 (1)
0.0763 +- -1.00 (1)
0.0667 +- -1.00 (1)
0.0628 +- -1.00 (1)
0.0713 +- -1.00 (1)
0.0684 +- -1.00 (1)
0.0687 +- -1.00 (1)
0.0726 +- -1.00 (1)
0.0616 +- -1.00 (1)
0.0752 +- -1.00 (1)
0.0889 +- -1.00 (1)
0.0709 +- -1.00 (1)
0.0735 +- -1.00 (1)
0.0672 +- -1.00 (1)
0.0668 +- -1.00 (1)
0.0787 +- -1.00 (1)
0.0649 +- -1.00 (1)
0.0867 +- -1.00 (1)
0.0601 +- -1.00 (1)
0.0851 +- -1.00 (1)
0.0708 +- -1.00 (1)
0.0689 +- -1.00 (1)
0.0611 +- -1.00 (1)
0.0739 +- -1.00 (1)
0.0633 +- -1.00 (1)
0.0634 +- -1.00 (1)
0.0685 +- -1.00 (1)
0.0668 +- -1.00 (1)
0.0779 +- -1.00 (1)
0.0836 +- -1.00 (1)
0.0688 +- -1.00 (1)
0.0629 +- -1.00 (1)
0.0664 +- -1.00 (1)
0.0717 +- -1.00 (1)
0.0983 +- -1.00 (1)
0.0719 +- -1.00 (1)
0.0791 +- -1.00 (1)
0.0602 +- -1.00 (1)
0.0667 +- -1.00 (1)
0.0745 +- -1.00 (1)
0.0750 +- -1.00 (1)
0.0660 +- -1.00 (1)
0.0799 +- -1.00 (1)
0.0770 +- -1.00 (1)
0.0634 +- -1.00 (1)
0.0820 +- -1.00 (1)
0.0712 +- -1.00 (1)
0.0719 +- -1.00 (1)
0.0632 +- -1.00 (1)
0.0754 +- -1.00 (1)
0.0663 +- -1.00 (1)
0.0628 +- -1.00 (1)
0.0654 +- -1.00 (1)
0.0719 +- -1.00 (1)
0.0586 +- -1.00 (1)
0.0744 +- -1.00 (1)
0.0711 +- -1.00 (1)
0.0679 +- -1.00 (1)
0.0686 +- -1.00 (1)
0.0618 +- -1.00 (1)
0.0763 +- -1.00 (1)
0.0678 +- -1.00 (1)
0.0669 +- -1.00 (1)
0.0719 +- -1.00 (1)
0.0624 +- -1.00 (1)
0.0713 +- -1.00 (1)
0.0616 +- -1.00 (1)
0.0739 +- -1.00 (1)
0.0590 +- -1.00 (1)
0.0773 +- -1.00 (1)
0.0745 +- -1.00 (1)
0.0801 +- -1.00 (1)
0.0899 +- -1.00 (1)
0.0711 +- -1.00 (1)
0.0765 +- -1.00 (1)
0.0703 +- -1.00 (1)
0.0727 +- -1.00 (1)
0.0719 +- -1.00 (1)
0.0662 +- -1.00 (1)
0.0671 +- -1.00 (1)
0.0657 +- -1.00 (1)
0.0837 +- -1.00 (1)
0.0647 +- -1.00 (1)
0.0726 +- -1.00 (1)
0.0713 +- -1.00 (1)
0.0676 +- -1.00 (1)
0.0742 +- -1.00 (1)
0.0681 +- -1.00 (1)
0.0628 +- -1.00 (1)
0.0830 +- -1.00 (1)
0.0669 +- -1.00 (1)
0.0687 +- -1.00 (1)
0.0751 +- -1.00 (1)
0.0704 +- -1.00 (1)
0.0717 +- -1.00 (1)
0.0702 +- -1.00 (1)
0.0762 +- -1.00 (1)
0.0691 +- -1.00 (1)
0.0719 +- -1.00 (1)
0.0654 +- -1.00 (1)
0.0772 +- -1.00 (1)
0.0805 +- -1.00 (1)
0.0805 +- -1.00 (1)
0.0717 +- -1.00 (1)
0.0730 +- -1.00 (1)
0.0791 +- -1.00 (1)
0.0665 +- -1.00 (1)
0.0685 +- -1.00 (1)
0.0687 +- -1.00 (1)
0.0741 +- -1.00 (1)
0.0686 +- -1.00 (1)
0.0746 +- -1.00 (1)
0.0714 +- -1.00 (1)
0.0712 +- -1.00 (1)
0.0689 +- -1.00 (1)
0.0731 +- -1.00 (1)
0.0710 +- -1.00 (1)
0.0808 +- -1.00 (1)
0.0683 +- -1.00 (1)
0.0719 +- -1.00 (1)
0.0652 +- -1.00 (1)
0.0657 +- -1.00 (1)
0.0786 +- -1.00 (1)
0.0701 +- -1.00 (1)
0.0783 +- -1.00 (1)
0.0688 +- -1.00 (1)
0.0646 +- -1.00 (1)
0.0660 +- -1.00 (1)
0.0696 +- -1.00 (1)
0.0820 +- -1.00 (1)
0.0703 +- -1.00 (1)
0.0835 +- -1.00 (1)
0.0748 +- -1.00 (1)
0.0725 +- -1.00 (1)
0.0780 +- -1.00 (1)
0.0636 +- -1.00 (1)
0.0840 +- -1.00 (1)
0.0707 +- -1.00 (1)
0.0633 +- -1.00 (1)
0.0569 +- -1.00 (1)
0.0762 +- -1.00 (1)
0.0793 +- -1.00 (1)
0.0705 +- -1.00 (1)
0.0777 +- -1.00 (1)
0.0653 +- -1.00 (1)
0.0776 +- -1.00 (1)
0.0800 +- -1.00 (1)
0.0774 +- -1.00 (1)
0.0726 +- -1.00 (1)
0.0753 +- -1.00 (1)
0.0802 +- -1.00 (1)
0.0668 +- -1.00 (1)
0.0742 +- -1.00 (1)
0.0696 +- -1.00 (1)
0.0729 +- -1.00 (1)
0.0660 +- -1.00 (1)
0.0774 +- -1.00 (1)
0.0770 +- -1.00 (1)
0.0699 +- -1.00 (1)
0.0769 +- -1.00 (1)
0.0659 +- -1.00 (1)
0.0668 +- -1.00 (1)
0.0694 +- -1.00 (1)
0.0720 +- -1.00 (1)
0.0796 +- -1.00 (1)
0.0751 +- -1.00 (1)
0.0740 +- -1.00 (1)
0.0695 +- -1.00 (1)
0.0700 +- -1.00 (1)
0.0760 +- -1.00 (1)
0.0796 +- -1.00 (1)
0.0670 +- -1.00 (1)
0.0771 +- -1.00 (1)
0.0817 +- -1.00 (1)
0.0730 +- -1.00 (1)
0.0733 +- -1.00 (1)
0.0807 +- -1.00 (1)
0.0739 +- -1.00 (1)
0.0713 +- -1.00 (1)
0.0694 +- -1.00 (1)
0.0743 +- -1.00 (1)
0.0739 +- -1.00 (1)
0.0677 +- -1.00 (1)
0.0780 +- -1.00 (1)
0.0722 +- -1.00 (1)
0.0693 +- -1.00 (1)
0.0706 +- -1.00 (1)
0.0662 +- -1.00 (1)
0.0739 +- -1.00 (1)
0.0723 +- -1.00 (1)
0.0773 +- -1.00 (1)
0.0675 +- -1.00 (1)
0.0704 +- -1.00 (1)
0.0745 +- -1.00 (1)
0.0707 +- -1.00 (1)
0.0798 +- -1.00 (1)
0.0715 +- -1.00 (1)
0.0795 +- -1.00 (1)
0.0716 +- -1.00 (1)
0.0684 +- -1.00 (1)
0.0755 +- -1.00 (1)
0.0801 +- -1.00 (1)
0.0779 +- -1.00 (1)
0.0772 +- -1.00 (1)
0.0711 +- -1.00 (1)
0.0873 +- -1.00 (1)
0.0761 +- -1.00 (1)
0.0759 +- -1.00 (1)
0.0649 +- -1.00 (1)
0.0671 +- -1.00 (1)
0.0734 +- -1.00 (1)
0.0703 +- -1.00 (1)
0.0732 +- -1.00 (1)
0.0728 +- -1.00 (1)
0.0828 +- -1.00 (1)
0.0694 +- -1.00 (1)
0.0755 +- -1.00 (1)
0.0791 +- -1.00 (1)
0.0673 +- -1.00 (1)
0.0806 +- -1.00 (1)
0.0795 +- -1.00 (1)
0.0761 +- -1.00 (1)
0.0708 +- -1.00 (1)
0.0742 +- -1.00 (1)
0.0784 +- -1.00 (1)
0.0680 +- -1.00 (1)
0.0723 +- -1.00 (1)
0.0760 +- -1.00 (1)
0.0766 +- -1.00 (1)
0.0782 +- -1.00 (1)
0.0746 +- -1.00 (1)
0.0604 +- -1.00 (1)
0.0792 +- -1.00 (1)
0.0839 +- -1.00 (1)
0.0693 +- -1.00 (1)
0.0774 +- -1.00 (1)
0.0692 +- -1.00 (1)
0.0807 +- -1.00 (1)
0.0740 +- -1.00 (1)
0.0672 +- -1.00 (1)
0.0818 +- -1.00 (1)
0.0741 +- -1.00 (1)
0.0773 +- -1.00 (1)
0.0628 +- -1.00 (1)
0.0731 +- -1.00 (1)
0.0724 +- -1.00 (1)
0.0808 +- -1.00 (1)
0.0652 +- -1.00 (1)
0.0721 +- -1.00 (1)
0.0777 +- -1.00 (1)
0.0695 +- -1.00 (1)
0.0713 +- -1.00 (1)
0.0814 +- -1.00 (1)
0.0653 +- -1.00 (1)
0.0645 +- -1.00 (1)
0.0781 +- -1.00 (1)
0.0746 +- -1.00 (1)
0.0749 +- -1.00 (1)
0.0770 +- -1.00 (1)
0.0796 +- -1.00 (1)
0.0755 +- -1.00 (1)
0.0726 +- -1.00 (1)
0.0780 +- -1.00 (1)
0.0707 +- -1.00 (1)
0.0746 +- -1.00 (1)
0.0716 +- -1.00 (1)
0.0710 +- -1.00 (1)
0.0777 +- -1.00 (1)
0.0706 +- -1.00 (1)
0.0765 +- -1.00 (1)
0.0771 +- -1.00 (1)
0.0826 +- -1.00 (1)
0.0707 +- -1.00 (1)
0.0794 +- -1.00 (1)
0.0864 +- -1.00 (1)
0.0663 +- -1.00 (1)
0.0794 +- -1.00 (1)
0.0768 +- -1.00 (1)
0.0774 +- -1.00 (1)
0.0739 +- -1.00 (1)
0.0769 +- -1.00 (1)
0.0637 +- -1.00 (1)
0.0718 +- -1.00 (1)
0.0741 +- -1.00 (1)
0.0614 +- -1.00 (1)
0.0660 +- -1.00 (1)
0.0731 +- -1.00 (1)
0.0682 +- -1.00 (1)
0.0675 +- -1.00 (1)
0.0660 +- -1.00 (1)
0.0694 +- -1.00 (1)
0.0685 +- -1.00 (1)
0.0729 +- -1.00 (1)
0.0614 +- -1.00 (1)
0.0924 +- -1.00 (1)
0.0807 +- -1.00 (1)
0.0749 +- -1.00 (1)
0.0662 +- -1.00 (1)
0.0730 +- -1.00 (1)
0.0755 +- -1.00 (1)
0.0709 +- -1.00 (1)
0.0772 +- -1.00 (1)
0.0721 +- -1.00 (1)
0.0828 +- -1.00 (1)
0.0663 +- -1.00 (1)
0.0749 +- -1.00 (1)
0.0768 +- -1.00 (1)
0.0807 +- -1.00 (1)
0.0749 +- -1.00 (1)
0.0712 +- -1.00 (1)
0.0730 +- -1.00 (1)
0.0690 +- -1.00 (1)
0.0679 +- -1.00 (1)
0.0872 +- -1.00 (1)
0.0661 +- -1.00 (1)
0.0693 +- -1.00 (1)
0.0844 +- -1.00 (1)
0.0693 +- -1.00 (1)
0.0817 +- -1.00 (1)
0.0820 +- -1.00 (1)
0.0700 +- -1.00 (1)
0.0736 +- -1.00 (1)
0.0749 +- -1.00 (1)
0.0836 +- -1.00 (1)
0.0772 +- -1.00 (1)
0.0755 +- -1.00 (1)
0.0774 +- -1.00 (1)
0.0673 +- -1.00 (1)
0.0799 +- -1.00 (1)
0.0840 +- -1.00 (1)
0.0823 +- -1.00 (1)
0.0669 +- -1.00 (1)
0.0763 +- -1.00 (1)
0.0851 +- -1.00 (1)
0.0827 +- -1.00 (1)
0.0781 +- -1.00 (1)
0.0841 +- -1.00 (1)
0.0767 +- -1.00 (1)
0.0777 +- -1.00 (1)
0.0747 +- -1.00 (1)
0.0794 +- -1.00 (1)
0.0724 +- -1.00 (1)
0.0805 +- -1.00 (1)
0.0615 +- -1.00 (1)
0.0757 +- -1.00 (1)
0.0862 +- -1.00 (1)
0.0768 +- -1.00 (1)
0.0695 +- -1.00 (1)
0.0678 +- -1.00 (1)
0.0815 +- -1.00 (1)
0.0781 +- -1.00 (1)
0.0752 +- -1.00 (1)
0.0768 +- -1.00 (1)
0.0685 +- -1.00 (1)
0.0777 +- -1.00 (1)
0.0858 +- -1.00 (1)
0.0726 +- -1.00 (1)
0.0714 +- -1.00 (1)
0.0769 +- -1.00 (1)
0.0736 +- -1.00 (1)
0.0696 +- -1.00 (1)
0.0816 +- -1.00 (1)
0.0828 +- -1.00 (1)
0.0791 +- -1.00 (1)
0.0728 +- -1.00 (1)
0.0737 +- -1.00 (1)
0.0635 +- -1.00 (1)
0.0752 +- -1.00 (1)
0.0686 +- -1.00 (1)
0.0762 +- -1.00 (1)
0.0741 +- -1.00 (1)
0.0832 +- -1.00 (1)
0.0808 +- -1.00 (1)
0.0726 +- -1.00 (1)
0.0718 +- -1.00 (1)
0.0756 +- -1.00 (1)
0.0832 +- -1.00 (1)
0.0743 +- -1.00 (1)
0.0730 +- -1.00 (1)
0.0888 +- -1.00 (1)
0.0818 +- -1.00 (1)
0.0680 +- -1.00 (1)
0.0721 +- -1.00 (1)
0.0845 +- -1.00 (1)
0.0730 +- -1.00 (1)
0.0757 +- -1.00 (1)
0.0785 +- -1.00 (1)
0.0645 +- -1.00 (1)
0.0780 +- -1.00 (1)
0.0670 +- -1.00 (1)
0.0765 +- -1.00 (1)
0.0828 +- -1.00 (1)
0.0714 +- -1.00 (1)
0.0762 +- -1.00 (1)
0.0759 +- -1.00 (1)
0.0753 +- -1.00 (1)
