../../problems/clp/benchs/BRrw/BRrw1.txt -i 1 --min_fr=1.0 0.026000 0.034900
../../problems/clp/benchs/BRrw/BRrw1.txt -i 6 --min_fr=1.0 0.033600 0.047900
../../problems/clp/benchs/BRrw/BRrw1.txt -i 29 --min_fr=1.0 0.019500 0.031900
../../problems/clp/benchs/BRrw/BRrw1.txt -i 47 --min_fr=1.0 0.027600 0.035800
../../problems/clp/benchs/BRrw/BRrw1.txt -i 57 --min_fr=1.0 0.051900 0.064100
../../problems/clp/benchs/BRrw/BRrw1.txt -i 62 --min_fr=1.0 0.050100 0.060700
../../problems/clp/benchs/BRrw/BRrw1.txt -i 64 --min_fr=1.0 0.016700 0.021500
../../problems/clp/benchs/BRrw/BRrw1.txt -i 71 --min_fr=1.0 0.060100 0.073700
../../problems/clp/benchs/BRrw/BRrw1.txt -i 72 --min_fr=1.0 0.063700 0.077700
../../problems/clp/benchs/BRrw/BRrw1.txt -i 78 --min_fr=1.0 0.042300 0.052800
../../problems/clp/benchs/BRrw/BRrw1.txt -i 93 --min_fr=1.0 0.027900 0.036000
../../problems/clp/benchs/BRrw/BRrw1.txt -i 99 --min_fr=1.0 0.023000 0.028200
../../problems/clp/benchs/BRrw/BRrw2.txt -i 29 --min_fr=1.0 0.020400 0.025700
../../problems/clp/benchs/BRrw/BRrw2.txt -i 35 --min_fr=1.0 0.032600 0.040100
../../problems/clp/benchs/BRrw/BRrw2.txt -i 55 --min_fr=1.0 0.023900 0.032000
../../problems/clp/benchs/BRrw/BRrw2.txt -i 71 --min_fr=1.0 0.046400 0.062400
../../problems/clp/benchs/BRrw/BRrw2.txt -i 84 --min_fr=1.0 0.025000 0.031400
../../problems/clp/benchs/BRrw/BRrw2.txt -i 88 --min_fr=1.0 0.065800 0.087900
../../problems/clp/benchs/BRrw/BRrw2.txt -i 99 --min_fr=1.0 0.033300 0.040700
../../problems/clp/benchs/BRrw/BRrw3.txt -i 3 --min_fr=1.0 0.032800 0.043100
../../problems/clp/benchs/BRrw/BRrw3.txt -i 6 --min_fr=1.0 0.031000 0.039300
../../problems/clp/benchs/BRrw/BRrw3.txt -i 16 --min_fr=1.0 0.053600 0.064900
../../problems/clp/benchs/BRrw/BRrw3.txt -i 21 --min_fr=1.0 0.033900 0.090100
../../problems/clp/benchs/BRrw/BRrw3.txt -i 23 --min_fr=1.0 0.040600 0.051300
../../problems/clp/benchs/BRrw/BRrw3.txt -i 24 --min_fr=1.0 0.038500 0.046800
../../problems/clp/benchs/BRrw/BRrw3.txt -i 26 --min_fr=1.0 0.033100 0.039800
../../problems/clp/benchs/BRrw/BRrw3.txt -i 27 --min_fr=1.0 0.030800 0.044100
../../problems/clp/benchs/BRrw/BRrw3.txt -i 29 --min_fr=1.0 0.036000 0.050500
../../problems/clp/benchs/BRrw/BRrw3.txt -i 30 --min_fr=1.0 0.039200 0.047100
../../problems/clp/benchs/BRrw/BRrw3.txt -i 36 --min_fr=1.0 0.033900 0.044700
../../problems/clp/benchs/BRrw/BRrw3.txt -i 37 --min_fr=1.0 0.047000 0.059000
../../problems/clp/benchs/BRrw/BRrw3.txt -i 46 --min_fr=1.0 0.037600 0.089400
../../problems/clp/benchs/BRrw/BRrw3.txt -i 54 --min_fr=1.0 0.036800 0.045800
../../problems/clp/benchs/BRrw/BRrw3.txt -i 58 --min_fr=1.0 0.028200 0.037200
../../problems/clp/benchs/BRrw/BRrw3.txt -i 60 --min_fr=1.0 0.037100 0.064400
../../problems/clp/benchs/BRrw/BRrw3.txt -i 61 --min_fr=1.0 0.029500 0.040700
../../problems/clp/benchs/BRrw/BRrw3.txt -i 70 --min_fr=1.0 0.038700 0.050800
../../problems/clp/benchs/BRrw/BRrw3.txt -i 71 --min_fr=1.0 0.043200 0.068800
../../problems/clp/benchs/BRrw/BRrw3.txt -i 76 --min_fr=1.0 0.026800 0.032300
../../problems/clp/benchs/BRrw/BRrw3.txt -i 77 --min_fr=1.0 0.040400 0.049800
../../problems/clp/benchs/BRrw/BRrw3.txt -i 89 --min_fr=1.0 0.047500 0.057800
../../problems/clp/benchs/BRrw/BRrw3.txt -i 97 --min_fr=1.0 0.030800 0.044100
../../problems/clp/benchs/BRrw/BRrw3.txt -i 99 --min_fr=1.0 0.040800 0.051800
../../problems/clp/benchs/BRrw/BRrw4.txt -i 17 --min_fr=1.0 0.063900 0.080800
../../problems/clp/benchs/BRrw/BRrw4.txt -i 18 --min_fr=1.0 0.028400 0.038800
../../problems/clp/benchs/BRrw/BRrw4.txt -i 20 --min_fr=1.0 0.035900 0.044300
../../problems/clp/benchs/BRrw/BRrw4.txt -i 23 --min_fr=1.0 0.046400 0.056700
../../problems/clp/benchs/BRrw/BRrw4.txt -i 34 --min_fr=1.0 0.037900 0.046100
../../problems/clp/benchs/BRrw/BRrw4.txt -i 37 --min_fr=1.0 0.041500 0.051100
../../problems/clp/benchs/BRrw/BRrw4.txt -i 38 --min_fr=1.0 0.027400 0.040700
../../problems/clp/benchs/BRrw/BRrw4.txt -i 46 --min_fr=1.0 0.042400 0.081000
../../problems/clp/benchs/BRrw/BRrw4.txt -i 55 --min_fr=1.0 0.023800 0.034600
../../problems/clp/benchs/BRrw/BRrw4.txt -i 57 --min_fr=1.0 0.034800 0.047200
../../problems/clp/benchs/BRrw/BRrw4.txt -i 68 --min_fr=1.0 0.033000 0.041300
../../problems/clp/benchs/BRrw/BRrw4.txt -i 71 --min_fr=1.0 0.044700 0.055400
../../problems/clp/benchs/BRrw/BRrw4.txt -i 76 --min_fr=1.0 0.034200 0.049200
../../problems/clp/benchs/BRrw/BRrw4.txt -i 99 --min_fr=1.0 0.035100 0.045000
../../problems/clp/benchs/BRrw/BRrw5.txt -i 1 --min_fr=1.0 0.036300 0.044700
../../problems/clp/benchs/BRrw/BRrw5.txt -i 2 --min_fr=1.0 0.040000 0.049500
../../problems/clp/benchs/BRrw/BRrw5.txt -i 4 --min_fr=1.0 0.035300 0.046700
../../problems/clp/benchs/BRrw/BRrw5.txt -i 5 --min_fr=1.0 0.032700 0.039400
../../problems/clp/benchs/BRrw/BRrw5.txt -i 12 --min_fr=1.0 0.032900 0.040500
../../problems/clp/benchs/BRrw/BRrw5.txt -i 14 --min_fr=1.0 0.040600 0.056300
../../problems/clp/benchs/BRrw/BRrw5.txt -i 17 --min_fr=1.0 0.045600 0.058700
../../problems/clp/benchs/BRrw/BRrw5.txt -i 19 --min_fr=1.0 0.040200 0.050000
../../problems/clp/benchs/BRrw/BRrw5.txt -i 21 --min_fr=1.0 0.035000 0.042600
../../problems/clp/benchs/BRrw/BRrw5.txt -i 38 --min_fr=1.0 0.034500 0.049900
../../problems/clp/benchs/BRrw/BRrw5.txt -i 40 --min_fr=1.0 0.048500 0.068900
../../problems/clp/benchs/BRrw/BRrw5.txt -i 51 --min_fr=1.0 0.043500 0.053400
../../problems/clp/benchs/BRrw/BRrw5.txt -i 52 --min_fr=1.0 0.043900 0.069800
../../problems/clp/benchs/BRrw/BRrw5.txt -i 55 --min_fr=1.0 0.032800 0.050700
../../problems/clp/benchs/BRrw/BRrw5.txt -i 61 --min_fr=1.0 0.037200 0.049700
../../problems/clp/benchs/BRrw/BRrw5.txt -i 64 --min_fr=1.0 0.033100 0.043900
../../problems/clp/benchs/BRrw/BRrw5.txt -i 67 --min_fr=1.0 0.038700 0.060300
../../problems/clp/benchs/BRrw/BRrw5.txt -i 70 --min_fr=1.0 0.038900 0.050100
../../problems/clp/benchs/BRrw/BRrw5.txt -i 75 --min_fr=1.0 0.033300 0.044700
../../problems/clp/benchs/BRrw/BRrw5.txt -i 87 --min_fr=1.0 0.041100 0.055500
../../problems/clp/benchs/BRrw/BRrw5.txt -i 90 --min_fr=1.0 0.040600 0.054400
../../problems/clp/benchs/BRrw/BRrw5.txt -i 92 --min_fr=1.0 0.055700 0.078400
../../problems/clp/benchs/BRrw/BRrw6.txt -i 3 --min_fr=1.0 0.036400 0.051100
../../problems/clp/benchs/BRrw/BRrw6.txt -i 4 --min_fr=1.0 0.032900 0.040800
../../problems/clp/benchs/BRrw/BRrw6.txt -i 16 --min_fr=1.0 0.043400 0.054500
../../problems/clp/benchs/BRrw/BRrw6.txt -i 25 --min_fr=1.0 0.039300 0.050100
../../problems/clp/benchs/BRrw/BRrw6.txt -i 27 --min_fr=1.0 0.034600 0.051300
../../problems/clp/benchs/BRrw/BRrw6.txt -i 28 --min_fr=1.0 0.040100 0.063900
../../problems/clp/benchs/BRrw/BRrw6.txt -i 29 --min_fr=1.0 0.036300 0.043600
../../problems/clp/benchs/BRrw/BRrw6.txt -i 31 --min_fr=1.0 0.043000 0.054100
../../problems/clp/benchs/BRrw/BRrw6.txt -i 32 --min_fr=1.0 0.038500 0.062700
../../problems/clp/benchs/BRrw/BRrw6.txt -i 36 --min_fr=1.0 0.044100 0.053200
../../problems/clp/benchs/BRrw/BRrw6.txt -i 41 --min_fr=1.0 0.037800 0.063400
../../problems/clp/benchs/BRrw/BRrw6.txt -i 42 --min_fr=1.0 0.039300 0.048800
../../problems/clp/benchs/BRrw/BRrw6.txt -i 46 --min_fr=1.0 0.043100 0.055500
../../problems/clp/benchs/BRrw/BRrw6.txt -i 47 --min_fr=1.0 0.037700 0.051500
../../problems/clp/benchs/BRrw/BRrw6.txt -i 53 --min_fr=1.0 0.049100 0.074600
../../problems/clp/benchs/BRrw/BRrw6.txt -i 54 --min_fr=1.0 0.046400 0.057900
../../problems/clp/benchs/BRrw/BRrw6.txt -i 55 --min_fr=1.0 0.041800 0.080200
../../problems/clp/benchs/BRrw/BRrw6.txt -i 61 --min_fr=1.0 0.044800 0.057300
../../problems/clp/benchs/BRrw/BRrw6.txt -i 64 --min_fr=1.0 0.025900 0.031400
../../problems/clp/benchs/BRrw/BRrw6.txt -i 67 --min_fr=1.0 0.037300 0.049900
../../problems/clp/benchs/BRrw/BRrw6.txt -i 69 --min_fr=1.0 0.040800 0.063700
../../problems/clp/benchs/BRrw/BRrw6.txt -i 70 --min_fr=1.0 0.035600 0.048300
../../problems/clp/benchs/BRrw/BRrw6.txt -i 71 --min_fr=1.0 0.036200 0.047700
../../problems/clp/benchs/BRrw/BRrw6.txt -i 72 --min_fr=1.0 0.054300 0.078700
../../problems/clp/benchs/BRrw/BRrw6.txt -i 74 --min_fr=1.0 0.034500 0.049000
../../problems/clp/benchs/BRrw/BRrw6.txt -i 76 --min_fr=1.0 0.049600 0.063300
../../problems/clp/benchs/BRrw/BRrw6.txt -i 77 --min_fr=1.0 0.036100 0.045800
../../problems/clp/benchs/BRrw/BRrw6.txt -i 78 --min_fr=1.0 0.031600 0.053700
../../problems/clp/benchs/BRrw/BRrw6.txt -i 81 --min_fr=1.0 0.048100 0.070500
../../problems/clp/benchs/BRrw/BRrw6.txt -i 83 --min_fr=1.0 0.042100 0.053000
../../problems/clp/benchs/BRrw/BRrw6.txt -i 84 --min_fr=1.0 0.038200 0.046400
../../problems/clp/benchs/BRrw/BRrw6.txt -i 86 --min_fr=1.0 0.035200 0.043300
../../problems/clp/benchs/BRrw/BRrw6.txt -i 88 --min_fr=1.0 0.041300 0.053600
../../problems/clp/benchs/BRrw/BRrw6.txt -i 90 --min_fr=1.0 0.041100 0.061500
../../problems/clp/benchs/BRrw/BRrw6.txt -i 91 --min_fr=1.0 0.048600 0.096600
../../problems/clp/benchs/BRrw/BRrw6.txt -i 93 --min_fr=1.0 0.033600 0.051600
../../problems/clp/benchs/BRrw/BRrw6.txt -i 94 --min_fr=1.0 0.033100 0.041300
../../problems/clp/benchs/BRrw/BRrw7.txt -i 3 --min_fr=1.0 0.042900 0.055200
../../problems/clp/benchs/BRrw/BRrw7.txt -i 10 --min_fr=1.0 0.039600 0.048300
../../problems/clp/benchs/BRrw/BRrw7.txt -i 12 --min_fr=1.0 0.034900 0.042300
../../problems/clp/benchs/BRrw/BRrw7.txt -i 14 --min_fr=1.0 0.041000 0.058000
../../problems/clp/benchs/BRrw/BRrw7.txt -i 18 --min_fr=1.0 0.044000 0.054300
../../problems/clp/benchs/BRrw/BRrw7.txt -i 19 --min_fr=1.0 0.043300 0.063100
../../problems/clp/benchs/BRrw/BRrw7.txt -i 23 --min_fr=1.0 0.044900 0.063200
../../problems/clp/benchs/BRrw/BRrw7.txt -i 24 --min_fr=1.0 0.051100 0.062700
../../problems/clp/benchs/BRrw/BRrw7.txt -i 30 --min_fr=1.0 0.041900 0.050700
../../problems/clp/benchs/BRrw/BRrw7.txt -i 31 --min_fr=1.0 0.038200 0.047200
../../problems/clp/benchs/BRrw/BRrw7.txt -i 33 --min_fr=1.0 0.042500 0.053500
../../problems/clp/benchs/BRrw/BRrw7.txt -i 38 --min_fr=1.0 0.040600 0.066400
../../problems/clp/benchs/BRrw/BRrw7.txt -i 40 --min_fr=1.0 0.038000 0.052900
../../problems/clp/benchs/BRrw/BRrw7.txt -i 41 --min_fr=1.0 0.043800 0.056700
../../problems/clp/benchs/BRrw/BRrw7.txt -i 42 --min_fr=1.0 0.046300 0.075200
../../problems/clp/benchs/BRrw/BRrw7.txt -i 43 --min_fr=1.0 0.041000 0.049300
../../problems/clp/benchs/BRrw/BRrw7.txt -i 46 --min_fr=1.0 0.046000 0.074400
../../problems/clp/benchs/BRrw/BRrw7.txt -i 48 --min_fr=1.0 0.044200 0.059500
../../problems/clp/benchs/BRrw/BRrw7.txt -i 53 --min_fr=1.0 0.043200 0.053800
../../problems/clp/benchs/BRrw/BRrw7.txt -i 54 --min_fr=1.0 0.048100 0.068500
../../problems/clp/benchs/BRrw/BRrw7.txt -i 55 --min_fr=1.0 0.036000 0.064300
../../problems/clp/benchs/BRrw/BRrw7.txt -i 57 --min_fr=1.0 0.038300 0.049800
../../problems/clp/benchs/BRrw/BRrw7.txt -i 58 --min_fr=1.0 0.038100 0.052400
../../problems/clp/benchs/BRrw/BRrw7.txt -i 60 --min_fr=1.0 0.045000 0.065400
../../problems/clp/benchs/BRrw/BRrw7.txt -i 62 --min_fr=1.0 0.043200 0.066700
../../problems/clp/benchs/BRrw/BRrw7.txt -i 64 --min_fr=1.0 0.031600 0.054100
../../problems/clp/benchs/BRrw/BRrw7.txt -i 65 --min_fr=1.0 0.046100 0.059600
../../problems/clp/benchs/BRrw/BRrw7.txt -i 67 --min_fr=1.0 0.044300 0.074000
../../problems/clp/benchs/BRrw/BRrw7.txt -i 73 --min_fr=1.0 0.046600 0.063600
../../problems/clp/benchs/BRrw/BRrw7.txt -i 74 --min_fr=1.0 0.045600 0.068900
../../problems/clp/benchs/BRrw/BRrw7.txt -i 75 --min_fr=1.0 0.041500 0.050900
../../problems/clp/benchs/BRrw/BRrw7.txt -i 78 --min_fr=1.0 0.043700 0.057200
../../problems/clp/benchs/BRrw/BRrw7.txt -i 81 --min_fr=1.0 0.053000 0.073900
../../problems/clp/benchs/BRrw/BRrw7.txt -i 84 --min_fr=1.0 0.044300 0.072700
../../problems/clp/benchs/BRrw/BRrw7.txt -i 88 --min_fr=1.0 0.053800 0.071700
../../problems/clp/benchs/BRrw/BRrw7.txt -i 90 --min_fr=1.0 0.043900 0.055100
../../problems/clp/benchs/BRrw/BRrw7.txt -i 93 --min_fr=1.0 0.043200 0.057900
../../problems/clp/benchs/BRrw/BRrw7.txt -i 98 --min_fr=1.0 0.047700 0.061500
../../problems/clp/benchs/BRrw/BRrw8.txt -i 16 --min_fr=0.98 0.049900 0.060800
../../problems/clp/benchs/BRrw/BRrw8.txt -i 21 --min_fr=0.98 0.050200 0.066000
../../problems/clp/benchs/BRrw/BRrw8.txt -i 30 --min_fr=0.98 0.044100 0.055400
../../problems/clp/benchs/BRrw/BRrw8.txt -i 34 --min_fr=0.98 0.046700 0.057100
../../problems/clp/benchs/BRrw/BRrw8.txt -i 37 --min_fr=0.98 0.053300 0.064000
../../problems/clp/benchs/BRrw/BRrw8.txt -i 38 --min_fr=0.98 0.044300 0.062800
../../problems/clp/benchs/BRrw/BRrw8.txt -i 45 --min_fr=0.98 0.051000 0.063300
../../problems/clp/benchs/BRrw/BRrw8.txt -i 47 --min_fr=0.98 0.045600 0.061800
../../problems/clp/benchs/BRrw/BRrw8.txt -i 72 --min_fr=0.98 0.045200 0.054600
../../problems/clp/benchs/BRrw/BRrw8.txt -i 74 --min_fr=0.98 0.052500 0.067300
../../problems/clp/benchs/BRrw/BRrw8.txt -i 82 --min_fr=0.98 0.046700 0.056500
../../problems/clp/benchs/BRrw/BRrw8.txt -i 83 --min_fr=0.98 0.042900 0.054000
../../problems/clp/benchs/BRrw/BRrw8.txt -i 84 --min_fr=0.98 0.050600 0.062400
../../problems/clp/benchs/BRrw/BRrw8.txt -i 89 --min_fr=0.98 0.046000 0.059000
../../problems/clp/benchs/BRrw/BRrw9.txt -i 6 --min_fr=0.98 0.046500 0.058100
../../problems/clp/benchs/BRrw/BRrw9.txt -i 12 --min_fr=0.98 0.053000 0.063600
../../problems/clp/benchs/BRrw/BRrw9.txt -i 13 --min_fr=0.98 0.046400 0.056500
../../problems/clp/benchs/BRrw/BRrw9.txt -i 25 --min_fr=0.98 0.050500 0.061300
../../problems/clp/benchs/BRrw/BRrw9.txt -i 32 --min_fr=0.98 0.049200 0.059700
../../problems/clp/benchs/BRrw/BRrw9.txt -i 38 --min_fr=0.98 0.059400 0.072100
../../problems/clp/benchs/BRrw/BRrw9.txt -i 40 --min_fr=0.98 0.047100 0.061000
../../problems/clp/benchs/BRrw/BRrw9.txt -i 48 --min_fr=0.98 0.047600 0.059500
../../problems/clp/benchs/BRrw/BRrw9.txt -i 53 --min_fr=0.98 0.050400 0.063000
../../problems/clp/benchs/BRrw/BRrw9.txt -i 74 --min_fr=0.98 0.047900 0.063000
../../problems/clp/benchs/BRrw/BRrw9.txt -i 77 --min_fr=0.98 0.056600 0.068800
../../problems/clp/benchs/BRrw/BRrw9.txt -i 78 --min_fr=0.98 0.049300 0.061600
../../problems/clp/benchs/BRrw/BRrw9.txt -i 90 --min_fr=0.98 0.051500 0.064200
../../problems/clp/benchs/BRrw/BRrw9.txt -i 92 --min_fr=0.98 0.044200 0.053900
../../problems/clp/benchs/BRrw/BRrw9.txt -i 93 --min_fr=0.98 0.044200 0.056500
../../problems/clp/benchs/BRrw/BRrw10.txt -i 14 --min_fr=0.98 0.053600 0.066000
../../problems/clp/benchs/BRrw/BRrw10.txt -i 21 --min_fr=0.98 0.057700 0.071900
../../problems/clp/benchs/BRrw/BRrw10.txt -i 23 --min_fr=0.98 0.049400 0.063400
../../problems/clp/benchs/BRrw/BRrw10.txt -i 26 --min_fr=0.98 0.054700 0.068000
../../problems/clp/benchs/BRrw/BRrw10.txt -i 36 --min_fr=0.98 0.042800 0.052300
../../problems/clp/benchs/BRrw/BRrw10.txt -i 50 --min_fr=0.98 0.045600 0.055800
../../problems/clp/benchs/BRrw/BRrw10.txt -i 55 --min_fr=0.98 0.049400 0.060900
../../problems/clp/benchs/BRrw/BRrw10.txt -i 69 --min_fr=0.98 0.053200 0.064100
../../problems/clp/benchs/BRrw/BRrw10.txt -i 73 --min_fr=0.98 0.050200 0.062900
../../problems/clp/benchs/BRrw/BRrw10.txt -i 74 --min_fr=0.98 0.047900 0.066800
../../problems/clp/benchs/BRrw/BRrw10.txt -i 76 --min_fr=0.98 0.055400 0.071200
../../problems/clp/benchs/BRrw/BRrw10.txt -i 78 --min_fr=0.98 0.051700 0.063000
../../problems/clp/benchs/BRrw/BRrw10.txt -i 79 --min_fr=0.98 0.045100 0.057400
../../problems/clp/benchs/BRrw/BRrw10.txt -i 82 --min_fr=0.98 0.059600 0.075700
../../problems/clp/benchs/BRrw/BRrw10.txt -i 87 --min_fr=0.98 0.046600 0.056900
../../problems/clp/benchs/BRrw/BRrw10.txt -i 90 --min_fr=0.98 0.049800 0.062100
../../problems/clp/benchs/BRrw/BRrw10.txt -i 91 --min_fr=0.98 0.046200 0.060000
../../problems/clp/benchs/BRrw/BRrw10.txt -i 96 --min_fr=0.98 0.052400 0.065600
../../problems/clp/benchs/BRrw/BRrw11.txt -i 5 --min_fr=0.98 0.050100 0.061200
../../problems/clp/benchs/BRrw/BRrw11.txt -i 6 --min_fr=0.98 0.051500 0.063900
../../problems/clp/benchs/BRrw/BRrw11.txt -i 12 --min_fr=0.98 0.060600 0.073500
../../problems/clp/benchs/BRrw/BRrw11.txt -i 13 --min_fr=0.98 0.055300 0.069500
../../problems/clp/benchs/BRrw/BRrw11.txt -i 14 --min_fr=0.98 0.049300 0.060300
../../problems/clp/benchs/BRrw/BRrw11.txt -i 21 --min_fr=0.98 0.053200 0.068000
../../problems/clp/benchs/BRrw/BRrw11.txt -i 26 --min_fr=0.98 0.052800 0.067900
../../problems/clp/benchs/BRrw/BRrw11.txt -i 28 --min_fr=0.98 0.053300 0.067600
../../problems/clp/benchs/BRrw/BRrw11.txt -i 48 --min_fr=0.98 0.051500 0.063700
../../problems/clp/benchs/BRrw/BRrw11.txt -i 56 --min_fr=0.98 0.050200 0.061900
../../problems/clp/benchs/BRrw/BRrw11.txt -i 59 --min_fr=0.98 0.055600 0.068300
../../problems/clp/benchs/BRrw/BRrw11.txt -i 60 --min_fr=0.98 0.049000 0.059400
../../problems/clp/benchs/BRrw/BRrw11.txt -i 66 --min_fr=0.98 0.055300 0.067900
../../problems/clp/benchs/BRrw/BRrw11.txt -i 71 --min_fr=0.98 0.051800 0.068600
../../problems/clp/benchs/BRrw/BRrw11.txt -i 79 --min_fr=0.98 0.050800 0.067900
../../problems/clp/benchs/BRrw/BRrw11.txt -i 91 --min_fr=0.98 0.048400 0.062500
../../problems/clp/benchs/BRrw/BRrw11.txt -i 98 --min_fr=0.98 0.053100 0.064000
../../problems/clp/benchs/BRrw/BRrw12.txt -i 6 --min_fr=0.98 0.056400 0.068900
../../problems/clp/benchs/BRrw/BRrw12.txt -i 14 --min_fr=0.98 0.053400 0.070700
../../problems/clp/benchs/BRrw/BRrw12.txt -i 21 --min_fr=0.98 0.060500 0.076400
../../problems/clp/benchs/BRrw/BRrw12.txt -i 23 --min_fr=0.98 0.057500 0.076300
../../problems/clp/benchs/BRrw/BRrw12.txt -i 27 --min_fr=0.98 0.054100 0.069700
../../problems/clp/benchs/BRrw/BRrw12.txt -i 43 --min_fr=0.98 0.056900 0.073500
../../problems/clp/benchs/BRrw/BRrw12.txt -i 60 --min_fr=0.98 0.054100 0.067400
../../problems/clp/benchs/BRrw/BRrw12.txt -i 72 --min_fr=0.98 0.045800 0.058100
../../problems/clp/benchs/BRrw/BRrw12.txt -i 73 --min_fr=0.98 0.057900 0.071500
../../problems/clp/benchs/BRrw/BRrw12.txt -i 76 --min_fr=0.98 0.056200 0.070300
../../problems/clp/benchs/BRrw/BRrw12.txt -i 92 --min_fr=0.98 0.055600 0.067100
../../problems/clp/benchs/BRrw/BRrw12.txt -i 93 --min_fr=0.98 0.049800 0.071400
../../problems/clp/benchs/BRrw/BRrw12.txt -i 96 --min_fr=0.98 0.059400 0.071800
../../problems/clp/benchs/BRrw/BRrw12.txt -i 98 --min_fr=0.98 0.047800 0.058700
../../problems/clp/benchs/BRrw/BRrw13.txt -i 5 --min_fr=0.98 0.061900 0.075800
../../problems/clp/benchs/BRrw/BRrw13.txt -i 7 --min_fr=0.98 0.059000 0.071700
../../problems/clp/benchs/BRrw/BRrw13.txt -i 18 --min_fr=0.98 0.049200 0.061900
../../problems/clp/benchs/BRrw/BRrw13.txt -i 35 --min_fr=0.98 0.056000 0.074600
../../problems/clp/benchs/BRrw/BRrw13.txt -i 36 --min_fr=0.98 0.055200 0.067400
../../problems/clp/benchs/BRrw/BRrw13.txt -i 40 --min_fr=0.98 0.058500 0.077300
../../problems/clp/benchs/BRrw/BRrw13.txt -i 55 --min_fr=0.98 0.049600 0.064600
../../problems/clp/benchs/BRrw/BRrw13.txt -i 65 --min_fr=0.98 0.052200 0.065000
../../problems/clp/benchs/BRrw/BRrw13.txt -i 71 --min_fr=0.98 0.060300 0.077000
../../problems/clp/benchs/BRrw/BRrw13.txt -i 75 --min_fr=0.98 0.051400 0.066100
../../problems/clp/benchs/BRrw/BRrw13.txt -i 85 --min_fr=0.98 0.052700 0.064300
../../problems/clp/benchs/BRrw/BRrw13.txt -i 92 --min_fr=0.98 0.051600 0.062800
../../problems/clp/benchs/BRrw/BRrw13.txt -i 93 --min_fr=0.98 0.053000 0.064500
../../problems/clp/benchs/BRrw/BRrw13.txt -i 99 --min_fr=0.98 0.058800 0.072400
../../problems/clp/benchs/BRrw/BRrw14.txt -i 9 --min_fr=0.98 0.059200 0.071600
../../problems/clp/benchs/BRrw/BRrw14.txt -i 15 --min_fr=0.98 0.057800 0.070700
../../problems/clp/benchs/BRrw/BRrw14.txt -i 25 --min_fr=0.98 0.055700 0.068800
../../problems/clp/benchs/BRrw/BRrw14.txt -i 31 --min_fr=0.98 0.060100 0.072700
../../problems/clp/benchs/BRrw/BRrw14.txt -i 34 --min_fr=0.98 0.056200 0.068100
../../problems/clp/benchs/BRrw/BRrw14.txt -i 43 --min_fr=0.98 0.055400 0.066700
../../problems/clp/benchs/BRrw/BRrw14.txt -i 50 --min_fr=0.98 0.056200 0.069100
../../problems/clp/benchs/BRrw/BRrw14.txt -i 54 --min_fr=0.98 0.054700 0.066500
../../problems/clp/benchs/BRrw/BRrw14.txt -i 65 --min_fr=0.98 0.054800 0.068700
../../problems/clp/benchs/BRrw/BRrw14.txt -i 70 --min_fr=0.98 0.052500 0.063800
../../problems/clp/benchs/BRrw/BRrw14.txt -i 74 --min_fr=0.98 0.057200 0.068800
../../problems/clp/benchs/BRrw/BRrw14.txt -i 93 --min_fr=0.98 0.050100 0.063700
../../problems/clp/benchs/BRrw/BRrw15.txt -i 2 --min_fr=0.98 0.060000 0.072400
../../problems/clp/benchs/BRrw/BRrw15.txt -i 16 --min_fr=0.98 0.049700 0.062500
../../problems/clp/benchs/BRrw/BRrw15.txt -i 22 --min_fr=0.98 0.055200 0.069700
../../problems/clp/benchs/BRrw/BRrw15.txt -i 44 --min_fr=0.98 0.058500 0.070500
../../problems/clp/benchs/BRrw/BRrw15.txt -i 47 --min_fr=0.98 0.053300 0.066600
../../problems/clp/benchs/BRrw/BRrw15.txt -i 55 --min_fr=0.98 0.057500 0.069900
../../problems/clp/benchs/BRrw/BRrw15.txt -i 59 --min_fr=0.98 0.060600 0.073300
../../problems/clp/benchs/BRrw/BRrw15.txt -i 64 --min_fr=0.98 0.054800 0.066800
../../problems/clp/benchs/BRrw/BRrw15.txt -i 71 --min_fr=0.98 0.058800 0.072300
../../problems/clp/benchs/BRrw/BRrw15.txt -i 75 --min_fr=0.98 0.057000 0.074600
../../problems/clp/benchs/BRrw/BRrw15.txt -i 80 --min_fr=0.98 0.065700 0.079200
../../problems/clp/benchs/BRrw/BRrw15.txt -i 92 --min_fr=0.98 0.063200 0.078800
