0.9435 +- -1.00 (1)
0.9761 +- -1.00 (1)
0.9236 +- -1.00 (1)
0.9305 +- -1.00 (1)
0.9514 +- -1.00 (1)
0.9613 +- -1.00 (1)
0.9660 +- -1.00 (1)
0.9828 +- -1.00 (1)
0.9370 +- -1.00 (1)
0.9553 +- -1.00 (1)
0.9396 +- -1.00 (1)
0.9534 +- -1.00 (1)
0.9775 +- -1.00 (1)
0.9692 +- -1.00 (1)
0.9701 +- -1.00 (1)
0.9630 +- -1.00 (1)
0.9797 +- -1.00 (1)
0.9116 +- -1.00 (1)
0.9566 +- -1.00 (1)
0.9548 +- -1.00 (1)
0.9644 +- -1.00 (1)
0.9616 +- -1.00 (1)
0.9603 +- -1.00 (1)
0.9536 +- -1.00 (1)
0.9607 +- -1.00 (1)
0.9742 +- -1.00 (1)
0.9711 +- -1.00 (1)
0.9668 +- -1.00 (1)
0.9627 +- -1.00 (1)
0.9747 +- -1.00 (1)
0.9640 +- -1.00 (1)
0.9567 +- -1.00 (1)
0.9690 +- -1.00 (1)
0.9687 +- -1.00 (1)
0.9719 +- -1.00 (1)
0.9678 +- -1.00 (1)
0.9773 +- -1.00 (1)
0.9473 +- -1.00 (1)
0.9603 +- -1.00 (1)
0.9609 +- -1.00 (1)
0.9639 +- -1.00 (1)
0.9753 +- -1.00 (1)
0.9605 +- -1.00 (1)
0.9689 +- -1.00 (1)
0.9661 +- -1.00 (1)
0.9652 +- -1.00 (1)
0.9670 +- -1.00 (1)
0.9580 +- -1.00 (1)
0.9597 +- -1.00 (1)
0.9609 +- -1.00 (1)
0.9570 +- -1.00 (1)
0.9525 +- -1.00 (1)
0.9749 +- -1.00 (1)
0.9666 +- -1.00 (1)
0.9642 +- -1.00 (1)
0.9686 +- -1.00 (1)
0.9588 +- -1.00 (1)
0.9513 +- -1.00 (1)
0.9723 +- -1.00 (1)
0.9663 +- -1.00 (1)
0.9636 +- -1.00 (1)
0.9664 +- -1.00 (1)
0.9651 +- -1.00 (1)
0.9692 +- -1.00 (1)
0.9675 +- -1.00 (1)
0.9591 +- -1.00 (1)
0.9694 +- -1.00 (1)
0.9598 +- -1.00 (1)
0.9628 +- -1.00 (1)
0.9592 +- -1.00 (1)
0.9575 +- -1.00 (1)
0.9617 +- -1.00 (1)
0.9706 +- -1.00 (1)
0.9685 +- -1.00 (1)
0.9672 +- -1.00 (1)
0.9665 +- -1.00 (1)
0.9635 +- -1.00 (1)
0.9478 +- -1.00 (1)
0.9731 +- -1.00 (1)
0.9699 +- -1.00 (1)
0.9609 +- -1.00 (1)
0.9643 +- -1.00 (1)
0.9563 +- -1.00 (1)
0.9641 +- -1.00 (1)
0.9721 +- -1.00 (1)
0.9659 +- -1.00 (1)
0.9649 +- -1.00 (1)
0.9508 +- -1.00 (1)
0.9605 +- -1.00 (1)
0.9618 +- -1.00 (1)
0.9628 +- -1.00 (1)
0.9599 +- -1.00 (1)
0.9706 +- -1.00 (1)
0.9670 +- -1.00 (1)
0.9572 +- -1.00 (1)
0.9581 +- -1.00 (1)
0.9632 +- -1.00 (1)
0.9525 +- -1.00 (1)
0.9675 +- -1.00 (1)
0.9651 +- -1.00 (1)
0.9640 +- -1.00 (1)
0.9649 +- -1.00 (1)
0.9647 +- -1.00 (1)
0.9694 +- -1.00 (1)
0.9639 +- -1.00 (1)
0.9605 +- -1.00 (1)
0.9580 +- -1.00 (1)
0.9597 +- -1.00 (1)
0.9592 +- -1.00 (1)
0.9617 +- -1.00 (1)
0.9618 +- -1.00 (1)
0.9632 +- -1.00 (1)
0.9639 +- -1.00 (1)
0.9694 +- -1.00 (1)
0.9652 +- -1.00 (1)
0.9588 +- -1.00 (1)
0.9649 +- -1.00 (1)
0.9536 +- -1.00 (1)
0.9616 +- -1.00 (1)
0.9634 +- -1.00 (1)
0.9591 +- -1.00 (1)
0.9605 +- -1.00 (1)
0.9598 +- -1.00 (1)
0.9579 +- -1.00 (1)
0.9601 +- -1.00 (1)
0.9635 +- -1.00 (1)
0.9579 +- -1.00 (1)
0.9571 +- -1.00 (1)
0.9512 +- -1.00 (1)
0.9634 +- -1.00 (1)
0.9575 +- -1.00 (1)
0.9624 +- -1.00 (1)
0.9611 +- -1.00 (1)
0.9670 +- -1.00 (1)
0.9586 +- -1.00 (1)
0.9578 +- -1.00 (1)
0.9587 +- -1.00 (1)
0.9635 +- -1.00 (1)
0.9580 +- -1.00 (1)
0.9606 +- -1.00 (1)
0.9530 +- -1.00 (1)
0.9513 +- -1.00 (1)
0.9517 +- -1.00 (1)
0.9569 +- -1.00 (1)
0.9517 +- -1.00 (1)
0.9486 +- -1.00 (1)
0.9514 +- -1.00 (1)
0.9540 +- -1.00 (1)
0.9518 +- -1.00 (1)
0.9607 +- -1.00 (1)
0.9525 +- -1.00 (1)
0.9553 +- -1.00 (1)
0.9550 +- -1.00 (1)
0.9516 +- -1.00 (1)
0.9555 +- -1.00 (1)
0.9587 +- -1.00 (1)
0.9572 +- -1.00 (1)
0.9564 +- -1.00 (1)
0.9525 +- -1.00 (1)
0.9531 +- -1.00 (1)
0.9515 +- -1.00 (1)
0.9502 +- -1.00 (1)
0.9548 +- -1.00 (1)
0.9514 +- -1.00 (1)
0.9453 +- -1.00 (1)
0.9488 +- -1.00 (1)
0.9559 +- -1.00 (1)
0.9461 +- -1.00 (1)
0.9420 +- -1.00 (1)
0.9465 +- -1.00 (1)
0.9482 +- -1.00 (1)
0.9507 +- -1.00 (1)
0.9524 +- -1.00 (1)
0.9523 +- -1.00 (1)
0.9457 +- -1.00 (1)
0.9519 +- -1.00 (1)
0.9546 +- -1.00 (1)
0.9582 +- -1.00 (1)
0.9458 +- -1.00 (1)
0.9477 +- -1.00 (1)
0.9526 +- -1.00 (1)
0.9475 +- -1.00 (1)
0.9506 +- -1.00 (1)
0.9465 +- -1.00 (1)
0.9529 +- -1.00 (1)
0.9455 +- -1.00 (1)
0.9515 +- -1.00 (1)
0.9601 +- -1.00 (1)
0.9424 +- -1.00 (1)
0.9497 +- -1.00 (1)
0.9474 +- -1.00 (1)
0.9551 +- -1.00 (1)
0.9448 +- -1.00 (1)
0.9575 +- -1.00 (1)
0.9456 +- -1.00 (1)
0.9510 +- -1.00 (1)
0.9514 +- -1.00 (1)
0.9490 +- -1.00 (1)
0.9515 +- -1.00 (1)
0.9502 +- -1.00 (1)
0.9461 +- -1.00 (1)
0.9453 +- -1.00 (1)
0.9444 +- -1.00 (1)
0.9464 +- -1.00 (1)
0.9309 +- -1.00 (1)
0.9450 +- -1.00 (1)
0.9482 +- -1.00 (1)
0.9588 +- -1.00 (1)
0.9465 +- -1.00 (1)
0.9431 +- -1.00 (1)
0.9472 +- -1.00 (1)
0.9530 +- -1.00 (1)
0.9407 +- -1.00 (1)
0.9520 +- -1.00 (1)
0.9501 +- -1.00 (1)
0.9531 +- -1.00 (1)
0.9521 +- -1.00 (1)
0.9450 +- -1.00 (1)
0.9371 +- -1.00 (1)
0.9437 +- -1.00 (1)
0.9500 +- -1.00 (1)
0.9473 +- -1.00 (1)
0.9447 +- -1.00 (1)
0.9490 +- -1.00 (1)
0.9490 +- -1.00 (1)
0.9402 +- -1.00 (1)
0.9454 +- -1.00 (1)
0.9339 +- -1.00 (1)
0.9480 +- -1.00 (1)
0.9453 +- -1.00 (1)
0.9531 +- -1.00 (1)
0.9495 +- -1.00 (1)
0.9542 +- -1.00 (1)
0.9511 +- -1.00 (1)
0.9449 +- -1.00 (1)
0.9486 +- -1.00 (1)
0.9499 +- -1.00 (1)
0.9472 +- -1.00 (1)
0.9422 +- -1.00 (1)
0.9475 +- -1.00 (1)
0.9439 +- -1.00 (1)
0.9407 +- -1.00 (1)
0.9488 +- -1.00 (1)
0.9413 +- -1.00 (1)
0.9481 +- -1.00 (1)
0.9357 +- -1.00 (1)
0.9400 +- -1.00 (1)
0.9419 +- -1.00 (1)
0.9379 +- -1.00 (1)
0.9463 +- -1.00 (1)
0.9479 +- -1.00 (1)
0.9418 +- -1.00 (1)
0.9558 +- -1.00 (1)
0.9506 +- -1.00 (1)
0.9424 +- -1.00 (1)
0.9431 +- -1.00 (1)
0.9451 +- -1.00 (1)
0.9479 +- -1.00 (1)
0.9492 +- -1.00 (1)
0.9477 +- -1.00 (1)
0.9536 +- -1.00 (1)
0.9415 +- -1.00 (1)
0.9393 +- -1.00 (1)
0.9461 +- -1.00 (1)
0.9322 +- -1.00 (1)
0.9474 +- -1.00 (1)
0.9450 +- -1.00 (1)
0.9487 +- -1.00 (1)
0.9395 +- -1.00 (1)
0.9418 +- -1.00 (1)
0.9432 +- -1.00 (1)
0.9427 +- -1.00 (1)
0.9513 +- -1.00 (1)
0.9474 +- -1.00 (1)
0.9398 +- -1.00 (1)
0.9408 +- -1.00 (1)
0.9460 +- -1.00 (1)
0.9446 +- -1.00 (1)
0.9414 +- -1.00 (1)
0.9486 +- -1.00 (1)
0.9490 +- -1.00 (1)
0.9505 +- -1.00 (1)
0.9445 +- -1.00 (1)
0.9507 +- -1.00 (1)
0.9484 +- -1.00 (1)
0.9346 +- -1.00 (1)
0.9379 +- -1.00 (1)
0.9194 +- -1.00 (1)
0.9483 +- -1.00 (1)
0.9478 +- -1.00 (1)
0.9355 +- -1.00 (1)
0.9428 +- -1.00 (1)
0.9476 +- -1.00 (1)
0.9475 +- -1.00 (1)
0.9451 +- -1.00 (1)
0.9417 +- -1.00 (1)
0.9534 +- -1.00 (1)
0.9417 +- -1.00 (1)
0.9377 +- -1.00 (1)
0.9354 +- -1.00 (1)
