0.9468
0.9768
0.9236
0.9322
0.9513
0.9638
0.966
0.9828
0.9383
0.9553
0.9336
0.9493
0.9789
0.9692
0.9674
0.963
0.9797
0.9139
0.9566
0.9548
0.9644
0.9607
0.9619
0.9509
0.9611
0.9708
0.9674
0.9649
0.9627
0.9762
0.964
0.9573
0.9689
0.9646
0.9753
0.9648
0.9775
0.9514
0.9604
0.9624
0.9626
0.9718
0.9607
0.9689
0.9666
0.9632
0.9667
0.9589
0.9605
0.9654
0.9672
0.956
0.9718
0.9654
0.966
0.9655
0.9573
0.9502
0.9722
0.9661
0.9632
0.9687
0.9656
0.9677
0.9672
0.9621
0.9674
0.959
0.9624
0.9625
0.9533
0.961
0.9724
0.9643
0.9682
0.9625
0.9611
0.9517
0.9694
0.9717
0.9626
0.9698
0.9599
0.9656
0.9662
0.9645
0.9637
0.9616
0.9618
0.9635
0.9599
0.9562
0.9659
0.9633
0.9616
0.961
0.9621
0.9587
0.9652
0.968
0.9622
0.9679
0.9624
0.9737
0.9642
0.9557
0.9607
0.9638
0.9596
0.9634
0.9702
0.9653
0.9653
0.9705
0.9648
0.9613
0.9651
0.9497
0.9632
0.9677
0.9611
0.9625
0.9576
0.9683
0.9601
0.9581
0.9602
0.9624
0.9571
0.9619
0.9624
0.9646
0.9545
0.9675
0.9567
0.9606
0.9609
0.9566
0.9564
0.9605
0.9563
0.9559
0.9446
0.9537
0.957
0.9511
0.9478
0.9523
0.946
0.9597
0.9503
0.9541
0.9496
0.9518
0.955
0.9548
0.9534
0.9578
0.9544
0.9535
0.9525
0.9502
0.9548
0.9555
0.9525
0.9504
0.9611
0.9528
0.9488
0.9567
0.9486
0.9522
0.9529
0.9492
0.9439
0.9525
0.9567
0.9596
0.954
0.9514
0.9492
0.9523
0.951
0.9496
0.9545
0.9452
0.9523
0.9472
0.9455
0.9478
0.946
0.952
0.9474
0.9502
0.95
0.956
0.9496
0.9476
0.9515
0.9492
0.9459
0.9515
0.9446
0.9487
0.9433
0.9422
0.9482
0.9506
0.9427
0.9466
0.9466
0.9539
0.9412
0.9483
0.9469
0.9449
0.952
0.9468
0.9451
0.9499
0.9495
0.9527
0.9446
0.9527
0.9525
0.9452
0.9437
0.9441
0.945
0.9469
0.9518
0.9445
0.9546
0.9541
0.9462
0.9417
0.9503
0.9441
0.949
0.9423
0.9429
0.9454
0.947
0.9449
0.9444
0.9357
0.9455
0.9422
0.9454
0.9454
0.948
0.9467
0.9526
0.9488
0.9424
0.9432
0.9487
0.9441
0.9462
0.9481
0.9475
0.9476
0.9439
0.9491
0.9374
0.9461
0.9472
0.943
0.9533
0.949
0.9427
0.9454
0.9511
0.9452
0.9495
0.9379
0.9501
0.942
0.9363
0.9444
0.9463
0.9463
0.9414
0.9551
0.944
0.9367
0.9372
0.9171
0.9454
0.9514
0.9496
0.9422
0.941
0.9469
0.9445
0.9478
0.9531
0.9427
0.9388
0.944