0.9166 +- -1.00 (1)
0.9592 +- -1.00 (1)
0.7896 +- -1.00 (1)
0.8209 +- -1.00 (1)
0.9300 +- -1.00 (1)
0.8319 +- -1.00 (1)
0.8532 +- -1.00 (1)
0.9229 +- -1.00 (1)
0.9365 +- -1.00 (1)
0.7768 +- -1.00 (1)
0.7655 +- -1.00 (1)
0.9358 +- -1.00 (1)
0.9799 +- -1.00 (1)
0.9685 +- -1.00 (1)
0.9198 +- -1.00 (1)
0.8360 +- -1.00 (1)
0.9274 +- -1.00 (1)
0.9467 +- -1.00 (1)
0.9752 +- -1.00 (1)
0.9502 +- -1.00 (1)
0.8732 +- -1.00 (1)
0.9113 +- -1.00 (1)
0.6553 +- -1.00 (1)
0.8538 +- -1.00 (1)
0.9516 +- -1.00 (1)
0.9069 +- -1.00 (1)
0.8880 +- -1.00 (1)
0.9166 +- -1.00 (1)
0.8799 +- -1.00 (1)
0.9199 +- -1.00 (1)
0.9192 +- -1.00 (1)
0.9502 +- -1.00 (1)
0.9859 +- -1.00 (1)
0.9653 +- -1.00 (1)
0.9520 +- -1.00 (1)
0.9326 +- -1.00 (1)
0.9520 +- -1.00 (1)
0.7798 +- -1.00 (1)
0.9094 +- -1.00 (1)
0.9575 +- -1.00 (1)
0.9459 +- -1.00 (1)
0.8504 +- -1.00 (1)
0.8668 +- -1.00 (1)
0.8631 +- -1.00 (1)
0.9531 +- -1.00 (1)
0.9548 +- -1.00 (1)
0.9250 +- -1.00 (1)
0.8855 +- -1.00 (1)
0.9407 +- -1.00 (1)
0.9827 +- -1.00 (1)
0.9551 +- -1.00 (1)
0.8973 +- -1.00 (1)
0.9685 +- -1.00 (1)
0.7873 +- -1.00 (1)
0.7348 +- -1.00 (1)
0.9340 +- -1.00 (1)
0.9321 +- -1.00 (1)
0.9232 +- -1.00 (1)
0.9788 +- -1.00 (1)
0.9634 +- -1.00 (1)
0.8513 +- -1.00 (1)
0.9380 +- -1.00 (1)
0.9165 +- -1.00 (1)
0.9002 +- -1.00 (1)
0.9125 +- -1.00 (1)
0.9285 +- -1.00 (1)
0.9242 +- -1.00 (1)
0.9792 +- -1.00 (1)
0.9291 +- -1.00 (1)
0.9305 +- -1.00 (1)
0.8225 +- -1.00 (1)
0.8656 +- -1.00 (1)
0.9210 +- -1.00 (1)
0.9036 +- -1.00 (1)
0.8222 +- -1.00 (1)
0.9673 +- -1.00 (1)
0.9181 +- -1.00 (1)
0.9468 +- -1.00 (1)
0.9581 +- -1.00 (1)
0.9498 +- -1.00 (1)
0.9651 +- -1.00 (1)
0.9254 +- -1.00 (1)
0.9459 +- -1.00 (1)
0.9189 +- -1.00 (1)
0.9671 +- -1.00 (1)
0.9351 +- -1.00 (1)
0.9525 +- -1.00 (1)
0.9173 +- -1.00 (1)
0.6413 +- -1.00 (1)
0.9393 +- -1.00 (1)
0.9425 +- -1.00 (1)
0.8900 +- -1.00 (1)
0.9331 +- -1.00 (1)
0.9040 +- -1.00 (1)
0.8662 +- -1.00 (1)
0.9778 +- -1.00 (1)
0.9349 +- -1.00 (1)
0.9571 +- -1.00 (1)
0.9708 +- -1.00 (1)
0.9194 +- -1.00 (1)
0.9465 +- -1.00 (1)
0.9760 +- -1.00 (1)
0.9339 +- -1.00 (1)
0.9340 +- -1.00 (1)
0.9513 +- -1.00 (1)
0.9643 +- -1.00 (1)
0.9631 +- -1.00 (1)
0.9781 +- -1.00 (1)
0.9486 +- -1.00 (1)
0.9553 +- -1.00 (1)
0.9396 +- -1.00 (1)
0.9534 +- -1.00 (1)
0.9750 +- -1.00 (1)
0.9675 +- -1.00 (1)
0.9723 +- -1.00 (1)
0.9604 +- -1.00 (1)
0.9771 +- -1.00 (1)
0.9139 +- -1.00 (1)
0.9539 +- -1.00 (1)
0.9574 +- -1.00 (1)
0.9505 +- -1.00 (1)
0.9594 +- -1.00 (1)
0.9572 +- -1.00 (1)
0.9481 +- -1.00 (1)
0.9608 +- -1.00 (1)
0.9486 +- -1.00 (1)
0.9350 +- -1.00 (1)
0.9510 +- -1.00 (1)
0.9595 +- -1.00 (1)
0.9742 +- -1.00 (1)
0.9567 +- -1.00 (1)
0.9737 +- -1.00 (1)
0.9778 +- -1.00 (1)
0.9585 +- -1.00 (1)
0.9501 +- -1.00 (1)
0.9722 +- -1.00 (1)
0.9562 +- -1.00 (1)
0.9289 +- -1.00 (1)
0.9666 +- -1.00 (1)
0.9641 +- -1.00 (1)
0.9539 +- -1.00 (1)
0.9693 +- -1.00 (1)
0.9649 +- -1.00 (1)
0.9035 +- -1.00 (1)
0.9634 +- -1.00 (1)
0.9413 +- -1.00 (1)
0.9650 +- -1.00 (1)
0.9665 +- -1.00 (1)
0.9456 +- -1.00 (1)
0.9796 +- -1.00 (1)
0.9711 +- -1.00 (1)
0.9544 +- -1.00 (1)
0.9190 +- -1.00 (1)
0.9494 +- -1.00 (1)
0.9391 +- -1.00 (1)
0.9764 +- -1.00 (1)
0.9632 +- -1.00 (1)
0.9491 +- -1.00 (1)
0.9737 +- -1.00 (1)
0.9596 +- -1.00 (1)
0.9628 +- -1.00 (1)
0.9600 +- -1.00 (1)
0.9509 +- -1.00 (1)
0.9621 +- -1.00 (1)
0.9839 +- -1.00 (1)
0.9743 +- -1.00 (1)
0.9691 +- -1.00 (1)
0.9757 +- -1.00 (1)
0.9410 +- -1.00 (1)
0.9316 +- -1.00 (1)
0.9473 +- -1.00 (1)
0.9429 +- -1.00 (1)
0.9347 +- -1.00 (1)
0.9559 +- -1.00 (1)
0.9455 +- -1.00 (1)
0.9732 +- -1.00 (1)
0.9741 +- -1.00 (1)
0.9572 +- -1.00 (1)
0.9579 +- -1.00 (1)
0.9673 +- -1.00 (1)
0.9365 +- -1.00 (1)
0.9656 +- -1.00 (1)
0.9687 +- -1.00 (1)
0.9415 +- -1.00 (1)
0.9818 +- -1.00 (1)
0.9612 +- -1.00 (1)
0.9394 +- -1.00 (1)
0.9538 +- -1.00 (1)
0.9015 +- -1.00 (1)
0.9398 +- -1.00 (1)
0.9772 +- -1.00 (1)
0.9509 +- -1.00 (1)
0.9609 +- -1.00 (1)
0.9686 +- -1.00 (1)
0.9613 +- -1.00 (1)
0.9674 +- -1.00 (1)
0.9604 +- -1.00 (1)
0.9706 +- -1.00 (1)
0.9518 +- -1.00 (1)
0.9773 +- -1.00 (1)
0.9627 +- -1.00 (1)
0.9613 +- -1.00 (1)
0.9655 +- -1.00 (1)
0.9537 +- -1.00 (1)
0.9607 +- -1.00 (1)
0.9711 +- -1.00 (1)
0.9702 +- -1.00 (1)
0.9649 +- -1.00 (1)
0.9631 +- -1.00 (1)
0.9689 +- -1.00 (1)
0.9592 +- -1.00 (1)
0.9620 +- -1.00 (1)
0.9708 +- -1.00 (1)
0.9654 +- -1.00 (1)
0.9768 +- -1.00 (1)
0.9611 +- -1.00 (1)
0.9745 +- -1.00 (1)
0.9486 +- -1.00 (1)
0.9618 +- -1.00 (1)
0.9605 +- -1.00 (1)
0.9520 +- -1.00 (1)
0.9573 +- -1.00 (1)
0.9258 +- -1.00 (1)
0.9459 +- -1.00 (1)
0.9640 +- -1.00 (1)
0.9667 +- -1.00 (1)
0.9606 +- -1.00 (1)
0.9567 +- -1.00 (1)
0.9768 +- -1.00 (1)
0.9798 +- -1.00 (1)
0.9657 +- -1.00 (1)
0.9669 +- -1.00 (1)
0.9645 +- -1.00 (1)
0.9685 +- -1.00 (1)
0.9672 +- -1.00 (1)
0.9626 +- -1.00 (1)
0.9611 +- -1.00 (1)
0.9626 +- -1.00 (1)
0.9722 +- -1.00 (1)
0.9565 +- -1.00 (1)
0.9566 +- -1.00 (1)
0.9632 +- -1.00 (1)
0.9498 +- -1.00 (1)
0.9375 +- -1.00 (1)
0.9683 +- -1.00 (1)
0.9574 +- -1.00 (1)
0.9656 +- -1.00 (1)
0.9759 +- -1.00 (1)
0.9625 +- -1.00 (1)
0.9757 +- -1.00 (1)
0.9660 +- -1.00 (1)
0.9583 +- -1.00 (1)
0.9404 +- -1.00 (1)
0.9615 +- -1.00 (1)
0.9570 +- -1.00 (1)
0.9708 +- -1.00 (1)
0.9683 +- -1.00 (1)
0.9648 +- -1.00 (1)
0.9731 +- -1.00 (1)
0.9646 +- -1.00 (1)
0.9515 +- -1.00 (1)
0.9668 +- -1.00 (1)
0.9568 +- -1.00 (1)
0.9544 +- -1.00 (1)
0.9727 +- -1.00 (1)
0.9704 +- -1.00 (1)
0.9721 +- -1.00 (1)
0.9573 +- -1.00 (1)
0.9410 +- -1.00 (1)
0.9527 +- -1.00 (1)
0.9728 +- -1.00 (1)
0.9507 +- -1.00 (1)
0.9530 +- -1.00 (1)
0.9634 +- -1.00 (1)
0.9562 +- -1.00 (1)
0.9761 +- -1.00 (1)
0.9722 +- -1.00 (1)
0.9736 +- -1.00 (1)
0.9669 +- -1.00 (1)
0.9600 +- -1.00 (1)
0.9499 +- -1.00 (1)
0.9572 +- -1.00 (1)
0.9688 +- -1.00 (1)
0.9396 +- -1.00 (1)
0.9770 +- -1.00 (1)
0.9690 +- -1.00 (1)
0.9611 +- -1.00 (1)
0.9547 +- -1.00 (1)
0.9275 +- -1.00 (1)
0.9542 +- -1.00 (1)
0.9540 +- -1.00 (1)
0.9543 +- -1.00 (1)
0.9602 +- -1.00 (1)
0.9702 +- -1.00 (1)
0.9631 +- -1.00 (1)
0.9720 +- -1.00 (1)
0.9630 +- -1.00 (1)
0.9688 +- -1.00 (1)
0.9720 +- -1.00 (1)
0.9734 +- -1.00 (1)
0.9639 +- -1.00 (1)
0.9636 +- -1.00 (1)
0.9561 +- -1.00 (1)
0.9724 +- -1.00 (1)
0.9612 +- -1.00 (1)
0.9647 +- -1.00 (1)
0.9698 +- -1.00 (1)
0.9626 +- -1.00 (1)
0.9618 +- -1.00 (1)
0.9622 +- -1.00 (1)
0.9646 +- -1.00 (1)
0.9488 +- -1.00 (1)
0.9720 +- -1.00 (1)
0.9674 +- -1.00 (1)
0.9657 +- -1.00 (1)
0.9656 +- -1.00 (1)
0.9543 +- -1.00 (1)
0.9544 +- -1.00 (1)
0.9712 +- -1.00 (1)
0.9612 +- -1.00 (1)
0.9545 +- -1.00 (1)
0.9668 +- -1.00 (1)
0.9668 +- -1.00 (1)
0.9566 +- -1.00 (1)
0.9594 +- -1.00 (1)
0.9638 +- -1.00 (1)
0.9626 +- -1.00 (1)
0.9683 +- -1.00 (1)
0.9727 +- -1.00 (1)
0.9675 +- -1.00 (1)
0.9674 +- -1.00 (1)
0.9665 +- -1.00 (1)
0.9713 +- -1.00 (1)
0.9689 +- -1.00 (1)
0.9638 +- -1.00 (1)
0.9625 +- -1.00 (1)
0.9661 +- -1.00 (1)
0.9516 +- -1.00 (1)
0.9753 +- -1.00 (1)
0.9617 +- -1.00 (1)
0.9566 +- -1.00 (1)
0.9685 +- -1.00 (1)
0.9529 +- -1.00 (1)
0.9521 +- -1.00 (1)
0.9609 +- -1.00 (1)
0.9600 +- -1.00 (1)
0.9609 +- -1.00 (1)
0.9623 +- -1.00 (1)
0.9699 +- -1.00 (1)
0.9711 +- -1.00 (1)
0.9726 +- -1.00 (1)
0.9620 +- -1.00 (1)
0.9595 +- -1.00 (1)
0.9612 +- -1.00 (1)
0.9637 +- -1.00 (1)
0.9766 +- -1.00 (1)
0.9636 +- -1.00 (1)
0.9651 +- -1.00 (1)
0.9708 +- -1.00 (1)
0.9552 +- -1.00 (1)
0.9723 +- -1.00 (1)
0.9637 +- -1.00 (1)
0.9685 +- -1.00 (1)
0.9544 +- -1.00 (1)
0.9710 +- -1.00 (1)
0.9618 +- -1.00 (1)
0.9721 +- -1.00 (1)
0.9653 +- -1.00 (1)
0.9618 +- -1.00 (1)
0.9609 +- -1.00 (1)
0.9649 +- -1.00 (1)
0.9671 +- -1.00 (1)
0.9537 +- -1.00 (1)
0.9605 +- -1.00 (1)
0.9661 +- -1.00 (1)
0.9673 +- -1.00 (1)
0.9766 +- -1.00 (1)
0.9661 +- -1.00 (1)
0.9720 +- -1.00 (1)
0.9639 +- -1.00 (1)
0.9624 +- -1.00 (1)
0.9660 +- -1.00 (1)
0.9699 +- -1.00 (1)
0.9502 +- -1.00 (1)
0.9743 +- -1.00 (1)
0.9661 +- -1.00 (1)
0.9665 +- -1.00 (1)
0.9608 +- -1.00 (1)
0.9471 +- -1.00 (1)
0.9574 +- -1.00 (1)
0.9745 +- -1.00 (1)
0.9561 +- -1.00 (1)
0.9565 +- -1.00 (1)
0.9710 +- -1.00 (1)
0.9629 +- -1.00 (1)
0.9771 +- -1.00 (1)
0.9613 +- -1.00 (1)
0.9712 +- -1.00 (1)
0.9678 +- -1.00 (1)
0.9697 +- -1.00 (1)
0.9572 +- -1.00 (1)
0.9640 +- -1.00 (1)
0.9630 +- -1.00 (1)
0.9642 +- -1.00 (1)
0.9636 +- -1.00 (1)
0.9581 +- -1.00 (1)
0.9672 +- -1.00 (1)
0.9599 +- -1.00 (1)
0.9625 +- -1.00 (1)
0.9658 +- -1.00 (1)
0.9606 +- -1.00 (1)
0.9607 +- -1.00 (1)
0.9704 +- -1.00 (1)
0.9687 +- -1.00 (1)
0.9664 +- -1.00 (1)
0.9724 +- -1.00 (1)
0.9586 +- -1.00 (1)
0.9452 +- -1.00 (1)
0.9694 +- -1.00 (1)
0.9657 +- -1.00 (1)
0.9619 +- -1.00 (1)
0.9665 +- -1.00 (1)
0.9595 +- -1.00 (1)
0.9495 +- -1.00 (1)
0.9565 +- -1.00 (1)
0.9649 +- -1.00 (1)
0.9651 +- -1.00 (1)
0.9703 +- -1.00 (1)
0.9631 +- -1.00 (1)
0.9690 +- -1.00 (1)
0.9569 +- -1.00 (1)
0.9688 +- -1.00 (1)
0.9659 +- -1.00 (1)
0.9592 +- -1.00 (1)
0.9622 +- -1.00 (1)
0.9700 +- -1.00 (1)
0.9684 +- -1.00 (1)
0.9608 +- -1.00 (1)
0.9698 +- -1.00 (1)
0.9565 +- -1.00 (1)
0.9574 +- -1.00 (1)
0.9601 +- -1.00 (1)
0.9562 +- -1.00 (1)
0.9585 +- -1.00 (1)
0.9671 +- -1.00 (1)
0.9621 +- -1.00 (1)
0.9573 +- -1.00 (1)
0.9625 +- -1.00 (1)
0.9583 +- -1.00 (1)
0.9677 +- -1.00 (1)
0.9721 +- -1.00 (1)
0.9626 +- -1.00 (1)
0.9635 +- -1.00 (1)
0.9606 +- -1.00 (1)
0.9584 +- -1.00 (1)
0.9765 +- -1.00 (1)
0.9669 +- -1.00 (1)
0.9610 +- -1.00 (1)
0.9732 +- -1.00 (1)
0.9655 +- -1.00 (1)
0.9676 +- -1.00 (1)
0.9666 +- -1.00 (1)
0.9641 +- -1.00 (1)
0.9554 +- -1.00 (1)
0.9776 +- -1.00 (1)
0.9638 +- -1.00 (1)
0.9621 +- -1.00 (1)
0.9645 +- -1.00 (1)
0.9667 +- -1.00 (1)
0.9607 +- -1.00 (1)
0.9676 +- -1.00 (1)
0.9622 +- -1.00 (1)
0.9609 +- -1.00 (1)
0.9488 +- -1.00 (1)
0.9610 +- -1.00 (1)
0.9647 +- -1.00 (1)
0.9669 +- -1.00 (1)
0.9590 +- -1.00 (1)
0.9790 +- -1.00 (1)
0.9590 +- -1.00 (1)
0.9615 +- -1.00 (1)
0.9615 +- -1.00 (1)
0.9625 +- -1.00 (1)
0.9574 +- -1.00 (1)
0.9732 +- -1.00 (1)
0.9705 +- -1.00 (1)
0.9720 +- -1.00 (1)
0.9646 +- -1.00 (1)
0.9573 +- -1.00 (1)
0.9525 +- -1.00 (1)
0.9652 +- -1.00 (1)
0.9572 +- -1.00 (1)
0.9542 +- -1.00 (1)
0.9692 +- -1.00 (1)
0.9613 +- -1.00 (1)
0.9692 +- -1.00 (1)
0.9525 +- -1.00 (1)
0.9699 +- -1.00 (1)
0.9748 +- -1.00 (1)
0.9612 +- -1.00 (1)
0.9625 +- -1.00 (1)
0.9685 +- -1.00 (1)
0.9579 +- -1.00 (1)
0.9641 +- -1.00 (1)
0.9609 +- -1.00 (1)
0.9617 +- -1.00 (1)
0.9677 +- -1.00 (1)
0.9558 +- -1.00 (1)
0.9715 +- -1.00 (1)
0.9603 +- -1.00 (1)
0.9677 +- -1.00 (1)
0.9585 +- -1.00 (1)
0.9671 +- -1.00 (1)
0.9668 +- -1.00 (1)
0.9670 +- -1.00 (1)
0.9659 +- -1.00 (1)
0.9619 +- -1.00 (1)
0.9576 +- -1.00 (1)
0.9639 +- -1.00 (1)
0.9671 +- -1.00 (1)
0.9640 +- -1.00 (1)
0.9625 +- -1.00 (1)
0.9607 +- -1.00 (1)
0.9537 +- -1.00 (1)
0.9513 +- -1.00 (1)
0.9624 +- -1.00 (1)
0.9615 +- -1.00 (1)
0.9600 +- -1.00 (1)
0.9609 +- -1.00 (1)
0.9650 +- -1.00 (1)
0.9607 +- -1.00 (1)
0.9645 +- -1.00 (1)
0.9679 +- -1.00 (1)
0.9563 +- -1.00 (1)
0.9548 +- -1.00 (1)
0.9665 +- -1.00 (1)
0.9651 +- -1.00 (1)
0.9694 +- -1.00 (1)
0.9710 +- -1.00 (1)
0.9594 +- -1.00 (1)
0.9616 +- -1.00 (1)
0.9514 +- -1.00 (1)
0.9612 +- -1.00 (1)
0.9597 +- -1.00 (1)
0.9633 +- -1.00 (1)
0.9562 +- -1.00 (1)
0.9604 +- -1.00 (1)
0.9626 +- -1.00 (1)
0.9582 +- -1.00 (1)
0.9702 +- -1.00 (1)
0.9685 +- -1.00 (1)
0.9580 +- -1.00 (1)
0.9613 +- -1.00 (1)
0.9620 +- -1.00 (1)
0.9587 +- -1.00 (1)
0.9683 +- -1.00 (1)
0.9616 +- -1.00 (1)
0.9615 +- -1.00 (1)
0.9695 +- -1.00 (1)
0.9525 +- -1.00 (1)
0.9683 +- -1.00 (1)
0.9625 +- -1.00 (1)
0.9585 +- -1.00 (1)
0.9554 +- -1.00 (1)
0.9744 +- -1.00 (1)
0.9597 +- -1.00 (1)
0.9586 +- -1.00 (1)
0.9585 +- -1.00 (1)
0.9637 +- -1.00 (1)
0.9562 +- -1.00 (1)
0.9624 +- -1.00 (1)
0.9664 +- -1.00 (1)
0.9580 +- -1.00 (1)
0.9553 +- -1.00 (1)
0.9636 +- -1.00 (1)
0.9637 +- -1.00 (1)
0.9650 +- -1.00 (1)
0.9613 +- -1.00 (1)
0.9714 +- -1.00 (1)
0.9620 +- -1.00 (1)
0.9595 +- -1.00 (1)
0.9572 +- -1.00 (1)
0.9596 +- -1.00 (1)
0.9567 +- -1.00 (1)
0.9720 +- -1.00 (1)
0.9635 +- -1.00 (1)
0.9594 +- -1.00 (1)
0.9609 +- -1.00 (1)
0.9610 +- -1.00 (1)
0.9561 +- -1.00 (1)
0.9676 +- -1.00 (1)
0.9649 +- -1.00 (1)
0.9563 +- -1.00 (1)
0.9650 +- -1.00 (1)
0.9626 +- -1.00 (1)
0.9658 +- -1.00 (1)
0.9569 +- -1.00 (1)
0.9659 +- -1.00 (1)
0.9682 +- -1.00 (1)
0.9606 +- -1.00 (1)
0.9644 +- -1.00 (1)
0.9626 +- -1.00 (1)
0.9596 +- -1.00 (1)
0.9676 +- -1.00 (1)
0.9629 +- -1.00 (1)
0.9697 +- -1.00 (1)
0.9615 +- -1.00 (1)
0.9556 +- -1.00 (1)
0.9624 +- -1.00 (1)
0.9644 +- -1.00 (1)
0.9583 +- -1.00 (1)
0.9630 +- -1.00 (1)
0.9656 +- -1.00 (1)
0.9722 +- -1.00 (1)
0.9601 +- -1.00 (1)
0.9588 +- -1.00 (1)
0.9684 +- -1.00 (1)
0.9562 +- -1.00 (1)
0.9599 +- -1.00 (1)
0.9665 +- -1.00 (1)
0.9545 +- -1.00 (1)
0.9653 +- -1.00 (1)
0.9596 +- -1.00 (1)
0.9520 +- -1.00 (1)
0.9568 +- -1.00 (1)
0.9613 +- -1.00 (1)
0.9640 +- -1.00 (1)
0.9674 +- -1.00 (1)
0.9657 +- -1.00 (1)
0.9635 +- -1.00 (1)
0.9654 +- -1.00 (1)
0.9679 +- -1.00 (1)
0.9671 +- -1.00 (1)
0.9639 +- -1.00 (1)
0.9611 +- -1.00 (1)
0.9566 +- -1.00 (1)
0.9582 +- -1.00 (1)
0.9661 +- -1.00 (1)
0.9687 +- -1.00 (1)
0.9570 +- -1.00 (1)
0.9607 +- -1.00 (1)
0.9568 +- -1.00 (1)
0.9637 +- -1.00 (1)
0.9616 +- -1.00 (1)
0.9608 +- -1.00 (1)
0.9586 +- -1.00 (1)
0.9542 +- -1.00 (1)
0.9600 +- -1.00 (1)
0.9610 +- -1.00 (1)
0.9662 +- -1.00 (1)
0.9623 +- -1.00 (1)
0.9633 +- -1.00 (1)
0.9656 +- -1.00 (1)
0.9606 +- -1.00 (1)
0.9583 +- -1.00 (1)
0.9692 +- -1.00 (1)
0.9610 +- -1.00 (1)
0.9625 +- -1.00 (1)
0.9628 +- -1.00 (1)
0.9512 +- -1.00 (1)
0.9656 +- -1.00 (1)
0.9630 +- -1.00 (1)
0.9552 +- -1.00 (1)
0.9536 +- -1.00 (1)
0.9700 +- -1.00 (1)
0.9636 +- -1.00 (1)
0.9599 +- -1.00 (1)
0.9520 +- -1.00 (1)
0.9600 +- -1.00 (1)
0.9608 +- -1.00 (1)
0.9638 +- -1.00 (1)
0.9632 +- -1.00 (1)
0.9573 +- -1.00 (1)
0.9562 +- -1.00 (1)
0.9652 +- -1.00 (1)
0.9584 +- -1.00 (1)
0.9660 +- -1.00 (1)
0.9638 +- -1.00 (1)
0.9640 +- -1.00 (1)
0.9594 +- -1.00 (1)
0.9619 +- -1.00 (1)
0.9603 +- -1.00 (1)
0.9611 +- -1.00 (1)
0.9577 +- -1.00 (1)
0.9686 +- -1.00 (1)
0.9591 +- -1.00 (1)
0.9685 +- -1.00 (1)
0.9659 +- -1.00 (1)
0.9622 +- -1.00 (1)
0.9606 +- -1.00 (1)
0.9522 +- -1.00 (1)
0.9637 +- -1.00 (1)
0.9508 +- -1.00 (1)
0.9676 +- -1.00 (1)
0.9679 +- -1.00 (1)
0.9666 +- -1.00 (1)
0.9583 +- -1.00 (1)
0.9612 +- -1.00 (1)
0.9620 +- -1.00 (1)
0.9621 +- -1.00 (1)
0.9571 +- -1.00 (1)
0.9643 +- -1.00 (1)
0.9581 +- -1.00 (1)
0.9679 +- -1.00 (1)
0.9543 +- -1.00 (1)
0.9602 +- -1.00 (1)
0.9560 +- -1.00 (1)
0.9559 +- -1.00 (1)
0.9569 +- -1.00 (1)
0.9567 +- -1.00 (1)
0.9542 +- -1.00 (1)
0.9612 +- -1.00 (1)
0.9571 +- -1.00 (1)
0.9622 +- -1.00 (1)
0.9584 +- -1.00 (1)
0.9596 +- -1.00 (1)
0.9610 +- -1.00 (1)
0.9548 +- -1.00 (1)
0.9584 +- -1.00 (1)
0.9617 +- -1.00 (1)
0.9578 +- -1.00 (1)
0.9602 +- -1.00 (1)
0.9583 +- -1.00 (1)
0.9571 +- -1.00 (1)
0.9530 +- -1.00 (1)
0.9521 +- -1.00 (1)
0.9642 +- -1.00 (1)
0.9543 +- -1.00 (1)
0.9611 +- -1.00 (1)
0.9632 +- -1.00 (1)
0.9644 +- -1.00 (1)
0.9636 +- -1.00 (1)
0.9574 +- -1.00 (1)
0.9578 +- -1.00 (1)
0.9567 +- -1.00 (1)
0.9627 +- -1.00 (1)
0.9620 +- -1.00 (1)
0.9646 +- -1.00 (1)
0.9618 +- -1.00 (1)
0.9531 +- -1.00 (1)
0.9620 +- -1.00 (1)
0.9578 +- -1.00 (1)
0.9608 +- -1.00 (1)
0.9565 +- -1.00 (1)
0.9597 +- -1.00 (1)
0.9583 +- -1.00 (1)
0.9638 +- -1.00 (1)
0.9549 +- -1.00 (1)
0.9584 +- -1.00 (1)
0.9617 +- -1.00 (1)
0.9629 +- -1.00 (1)
0.9528 +- -1.00 (1)
0.9610 +- -1.00 (1)
0.9503 +- -1.00 (1)
0.9615 +- -1.00 (1)
0.9579 +- -1.00 (1)
0.9609 +- -1.00 (1)
0.9610 +- -1.00 (1)
0.9630 +- -1.00 (1)
0.9543 +- -1.00 (1)
0.9558 +- -1.00 (1)
0.9572 +- -1.00 (1)
0.9511 +- -1.00 (1)
0.9567 +- -1.00 (1)
0.9687 +- -1.00 (1)
0.9589 +- -1.00 (1)
0.9614 +- -1.00 (1)
0.9566 +- -1.00 (1)
0.9496 +- -1.00 (1)
0.9542 +- -1.00 (1)
0.9549 +- -1.00 (1)
0.9566 +- -1.00 (1)
0.9537 +- -1.00 (1)
0.9540 +- -1.00 (1)
0.9575 +- -1.00 (1)
0.9587 +- -1.00 (1)
0.9613 +- -1.00 (1)
0.9563 +- -1.00 (1)
0.9601 +- -1.00 (1)
0.9594 +- -1.00 (1)
0.9585 +- -1.00 (1)
0.9531 +- -1.00 (1)
0.9632 +- -1.00 (1)
0.9686 +- -1.00 (1)
0.9596 +- -1.00 (1)
0.9585 +- -1.00 (1)
0.9638 +- -1.00 (1)
0.9548 +- -1.00 (1)
0.9599 +- -1.00 (1)
0.9533 +- -1.00 (1)
0.9562 +- -1.00 (1)
0.9649 +- -1.00 (1)
0.9609 +- -1.00 (1)
0.9593 +- -1.00 (1)
0.9543 +- -1.00 (1)
0.9604 +- -1.00 (1)
0.9534 +- -1.00 (1)
0.9631 +- -1.00 (1)
0.9595 +- -1.00 (1)
0.9562 +- -1.00 (1)
0.9577 +- -1.00 (1)
0.9515 +- -1.00 (1)
0.9508 +- -1.00 (1)
0.9605 +- -1.00 (1)
0.9540 +- -1.00 (1)
0.9511 +- -1.00 (1)
0.9507 +- -1.00 (1)
0.9514 +- -1.00 (1)
0.9483 +- -1.00 (1)
0.9574 +- -1.00 (1)
0.9551 +- -1.00 (1)
0.9600 +- -1.00 (1)
0.9474 +- -1.00 (1)
0.9516 +- -1.00 (1)
0.9490 +- -1.00 (1)
0.9583 +- -1.00 (1)
0.9525 +- -1.00 (1)
0.9610 +- -1.00 (1)
0.9543 +- -1.00 (1)
0.9518 +- -1.00 (1)
0.9493 +- -1.00 (1)
0.9502 +- -1.00 (1)
0.9536 +- -1.00 (1)
0.9482 +- -1.00 (1)
0.9518 +- -1.00 (1)
0.9518 +- -1.00 (1)
0.9600 +- -1.00 (1)
0.9552 +- -1.00 (1)
0.9423 +- -1.00 (1)
0.9622 +- -1.00 (1)
0.9524 +- -1.00 (1)
0.9485 +- -1.00 (1)
0.9508 +- -1.00 (1)
0.9508 +- -1.00 (1)
0.9500 +- -1.00 (1)
0.9583 +- -1.00 (1)
0.9566 +- -1.00 (1)
0.9481 +- -1.00 (1)
0.9476 +- -1.00 (1)
0.9554 +- -1.00 (1)
0.9565 +- -1.00 (1)
0.9536 +- -1.00 (1)
0.9528 +- -1.00 (1)
0.9593 +- -1.00 (1)
0.9526 +- -1.00 (1)
0.9552 +- -1.00 (1)
0.9515 +- -1.00 (1)
0.9493 +- -1.00 (1)
0.9516 +- -1.00 (1)
0.9479 +- -1.00 (1)
0.9539 +- -1.00 (1)
0.9505 +- -1.00 (1)
0.9545 +- -1.00 (1)
0.9500 +- -1.00 (1)
0.9530 +- -1.00 (1)
0.9503 +- -1.00 (1)
0.9568 +- -1.00 (1)
0.9587 +- -1.00 (1)
0.9534 +- -1.00 (1)
0.9528 +- -1.00 (1)
0.9593 +- -1.00 (1)
0.9462 +- -1.00 (1)
0.9485 +- -1.00 (1)
0.9568 +- -1.00 (1)
0.9558 +- -1.00 (1)
0.9545 +- -1.00 (1)
0.9468 +- -1.00 (1)
0.9513 +- -1.00 (1)
0.9566 +- -1.00 (1)
0.9429 +- -1.00 (1)
0.9590 +- -1.00 (1)
0.9420 +- -1.00 (1)
0.9654 +- -1.00 (1)
0.9456 +- -1.00 (1)
0.9444 +- -1.00 (1)
0.9566 +- -1.00 (1)
0.9549 +- -1.00 (1)
0.9452 +- -1.00 (1)
0.9495 +- -1.00 (1)
0.9495 +- -1.00 (1)
0.9494 +- -1.00 (1)
0.9457 +- -1.00 (1)
0.9505 +- -1.00 (1)
0.9527 +- -1.00 (1)
0.9587 +- -1.00 (1)
0.9507 +- -1.00 (1)
0.9574 +- -1.00 (1)
0.9574 +- -1.00 (1)
0.9492 +- -1.00 (1)
0.9570 +- -1.00 (1)
0.9579 +- -1.00 (1)
0.9560 +- -1.00 (1)
0.9498 +- -1.00 (1)
0.9569 +- -1.00 (1)
0.9476 +- -1.00 (1)
0.9552 +- -1.00 (1)
0.9497 +- -1.00 (1)
0.9569 +- -1.00 (1)
0.9574 +- -1.00 (1)
0.9492 +- -1.00 (1)
0.9485 +- -1.00 (1)
0.9517 +- -1.00 (1)
0.9533 +- -1.00 (1)
0.9518 +- -1.00 (1)
0.9533 +- -1.00 (1)
0.9532 +- -1.00 (1)
0.9550 +- -1.00 (1)
0.9456 +- -1.00 (1)
0.9441 +- -1.00 (1)
0.9478 +- -1.00 (1)
0.9533 +- -1.00 (1)
0.9467 +- -1.00 (1)
0.9488 +- -1.00 (1)
0.9481 +- -1.00 (1)
0.9483 +- -1.00 (1)
0.9498 +- -1.00 (1)
0.9498 +- -1.00 (1)
0.9527 +- -1.00 (1)
0.9523 +- -1.00 (1)
0.9521 +- -1.00 (1)
0.9561 +- -1.00 (1)
0.9516 +- -1.00 (1)
0.9512 +- -1.00 (1)
0.9560 +- -1.00 (1)
0.9497 +- -1.00 (1)
0.9548 +- -1.00 (1)
0.9561 +- -1.00 (1)
0.9481 +- -1.00 (1)
0.9530 +- -1.00 (1)
0.9565 +- -1.00 (1)
0.9488 +- -1.00 (1)
0.9507 +- -1.00 (1)
0.9535 +- -1.00 (1)
0.9496 +- -1.00 (1)
0.9453 +- -1.00 (1)
0.9482 +- -1.00 (1)
0.9560 +- -1.00 (1)
0.9461 +- -1.00 (1)
0.9488 +- -1.00 (1)
0.9533 +- -1.00 (1)
0.9577 +- -1.00 (1)
0.9528 +- -1.00 (1)
0.9521 +- -1.00 (1)
0.9477 +- -1.00 (1)
0.9517 +- -1.00 (1)
0.9501 +- -1.00 (1)
0.9478 +- -1.00 (1)
0.9463 +- -1.00 (1)
0.9547 +- -1.00 (1)
0.9529 +- -1.00 (1)
0.9527 +- -1.00 (1)
0.9419 +- -1.00 (1)
0.9500 +- -1.00 (1)
0.9439 +- -1.00 (1)
0.9457 +- -1.00 (1)
0.9512 +- -1.00 (1)
0.9517 +- -1.00 (1)
0.9476 +- -1.00 (1)
0.9551 +- -1.00 (1)
0.9548 +- -1.00 (1)
0.9551 +- -1.00 (1)
0.9500 +- -1.00 (1)
0.9540 +- -1.00 (1)
0.9534 +- -1.00 (1)
0.9444 +- -1.00 (1)
0.9555 +- -1.00 (1)
0.9554 +- -1.00 (1)
0.9493 +- -1.00 (1)
0.9500 +- -1.00 (1)
0.9533 +- -1.00 (1)
0.9541 +- -1.00 (1)
0.9428 +- -1.00 (1)
0.9529 +- -1.00 (1)
0.9460 +- -1.00 (1)
0.9518 +- -1.00 (1)
0.9572 +- -1.00 (1)
0.9424 +- -1.00 (1)
0.9542 +- -1.00 (1)
0.9572 +- -1.00 (1)
0.9510 +- -1.00 (1)
0.9477 +- -1.00 (1)
0.9485 +- -1.00 (1)
0.9521 +- -1.00 (1)
0.9518 +- -1.00 (1)
0.9498 +- -1.00 (1)
0.9471 +- -1.00 (1)
0.9526 +- -1.00 (1)
0.9451 +- -1.00 (1)
0.9516 +- -1.00 (1)
0.9534 +- -1.00 (1)
0.9521 +- -1.00 (1)
0.9530 +- -1.00 (1)
0.9588 +- -1.00 (1)
0.9529 +- -1.00 (1)
0.9511 +- -1.00 (1)
0.9480 +- -1.00 (1)
0.9440 +- -1.00 (1)
0.9481 +- -1.00 (1)
0.9496 +- -1.00 (1)
0.9427 +- -1.00 (1)
0.9520 +- -1.00 (1)
0.9506 +- -1.00 (1)
0.9501 +- -1.00 (1)
0.9504 +- -1.00 (1)
0.9538 +- -1.00 (1)
0.9425 +- -1.00 (1)
0.9493 +- -1.00 (1)
0.9475 +- -1.00 (1)
0.9456 +- -1.00 (1)
0.9446 +- -1.00 (1)
0.9513 +- -1.00 (1)
0.9488 +- -1.00 (1)
0.9509 +- -1.00 (1)
0.9530 +- -1.00 (1)
0.9508 +- -1.00 (1)
0.9555 +- -1.00 (1)
0.9454 +- -1.00 (1)
0.9500 +- -1.00 (1)
0.9502 +- -1.00 (1)
0.9536 +- -1.00 (1)
0.9449 +- -1.00 (1)
0.9481 +- -1.00 (1)
0.9466 +- -1.00 (1)
0.9518 +- -1.00 (1)
0.9467 +- -1.00 (1)
0.9512 +- -1.00 (1)
0.9486 +- -1.00 (1)
0.9463 +- -1.00 (1)
0.9380 +- -1.00 (1)
0.9466 +- -1.00 (1)
0.9460 +- -1.00 (1)
0.9519 +- -1.00 (1)
0.9442 +- -1.00 (1)
0.9500 +- -1.00 (1)
0.9490 +- -1.00 (1)
0.9532 +- -1.00 (1)
0.9521 +- -1.00 (1)
0.9498 +- -1.00 (1)
0.9466 +- -1.00 (1)
0.9493 +- -1.00 (1)
0.9599 +- -1.00 (1)
0.9535 +- -1.00 (1)
0.9522 +- -1.00 (1)
0.9597 +- -1.00 (1)
0.9509 +- -1.00 (1)
0.9488 +- -1.00 (1)
0.9361 +- -1.00 (1)
0.9481 +- -1.00 (1)
0.9543 +- -1.00 (1)
0.9519 +- -1.00 (1)
0.9522 +- -1.00 (1)
0.9492 +- -1.00 (1)
0.9527 +- -1.00 (1)
0.9414 +- -1.00 (1)
0.9450 +- -1.00 (1)
0.9495 +- -1.00 (1)
0.9515 +- -1.00 (1)
0.9563 +- -1.00 (1)
0.9530 +- -1.00 (1)
0.9481 +- -1.00 (1)
0.9506 +- -1.00 (1)
0.9505 +- -1.00 (1)
0.9478 +- -1.00 (1)
0.9517 +- -1.00 (1)
0.9473 +- -1.00 (1)
0.9514 +- -1.00 (1)
0.9475 +- -1.00 (1)
0.9474 +- -1.00 (1)
0.9501 +- -1.00 (1)
0.9424 +- -1.00 (1)
0.9537 +- -1.00 (1)
0.9455 +- -1.00 (1)
0.9538 +- -1.00 (1)
0.9454 +- -1.00 (1)
0.9494 +- -1.00 (1)
0.9549 +- -1.00 (1)
0.9482 +- -1.00 (1)
0.9454 +- -1.00 (1)
0.9481 +- -1.00 (1)
0.9506 +- -1.00 (1)
0.9441 +- -1.00 (1)
0.9508 +- -1.00 (1)
0.9516 +- -1.00 (1)
0.9472 +- -1.00 (1)
0.9501 +- -1.00 (1)
0.9512 +- -1.00 (1)
0.9490 +- -1.00 (1)
0.9512 +- -1.00 (1)
0.9498 +- -1.00 (1)
0.9503 +- -1.00 (1)
0.9453 +- -1.00 (1)
0.9545 +- -1.00 (1)
0.9488 +- -1.00 (1)
0.9466 +- -1.00 (1)
0.9417 +- -1.00 (1)
0.9474 +- -1.00 (1)
0.9507 +- -1.00 (1)
0.9462 +- -1.00 (1)
0.9530 +- -1.00 (1)
0.9445 +- -1.00 (1)
0.9483 +- -1.00 (1)
0.9478 +- -1.00 (1)
0.9506 +- -1.00 (1)
0.9519 +- -1.00 (1)
0.9545 +- -1.00 (1)
0.9459 +- -1.00 (1)
0.9464 +- -1.00 (1)
0.9499 +- -1.00 (1)
0.9468 +- -1.00 (1)
0.9452 +- -1.00 (1)
0.9451 +- -1.00 (1)
0.9424 +- -1.00 (1)
0.9394 +- -1.00 (1)
0.9481 +- -1.00 (1)
0.9520 +- -1.00 (1)
0.9503 +- -1.00 (1)
0.9479 +- -1.00 (1)
0.9552 +- -1.00 (1)
0.9449 +- -1.00 (1)
0.9425 +- -1.00 (1)
0.9495 +- -1.00 (1)
0.9462 +- -1.00 (1)
0.9540 +- -1.00 (1)
0.9442 +- -1.00 (1)
0.9475 +- -1.00 (1)
0.9461 +- -1.00 (1)
0.9493 +- -1.00 (1)
0.9489 +- -1.00 (1)
0.9401 +- -1.00 (1)
0.9557 +- -1.00 (1)
0.9499 +- -1.00 (1)
0.9471 +- -1.00 (1)
0.9439 +- -1.00 (1)
0.9498 +- -1.00 (1)
0.9517 +- -1.00 (1)
0.9456 +- -1.00 (1)
0.9470 +- -1.00 (1)
0.9495 +- -1.00 (1)
0.9490 +- -1.00 (1)
0.9464 +- -1.00 (1)
0.9415 +- -1.00 (1)
0.9445 +- -1.00 (1)
0.9477 +- -1.00 (1)
0.9394 +- -1.00 (1)
0.9464 +- -1.00 (1)
0.9404 +- -1.00 (1)
0.9456 +- -1.00 (1)
0.9437 +- -1.00 (1)
0.9447 +- -1.00 (1)
0.9398 +- -1.00 (1)
0.9471 +- -1.00 (1)
0.9468 +- -1.00 (1)
0.9551 +- -1.00 (1)
0.9515 +- -1.00 (1)
0.9538 +- -1.00 (1)
0.9495 +- -1.00 (1)
0.9450 +- -1.00 (1)
0.9455 +- -1.00 (1)
0.9508 +- -1.00 (1)
0.9485 +- -1.00 (1)
0.9474 +- -1.00 (1)
0.9488 +- -1.00 (1)
0.9438 +- -1.00 (1)
0.9481 +- -1.00 (1)
0.9485 +- -1.00 (1)
0.9464 +- -1.00 (1)
0.9444 +- -1.00 (1)
0.9421 +- -1.00 (1)
0.9505 +- -1.00 (1)
0.9465 +- -1.00 (1)
0.9485 +- -1.00 (1)
0.9492 +- -1.00 (1)
0.9444 +- -1.00 (1)
0.9452 +- -1.00 (1)
0.9443 +- -1.00 (1)
0.9536 +- -1.00 (1)
0.9395 +- -1.00 (1)
0.9445 +- -1.00 (1)
0.9475 +- -1.00 (1)
0.9455 +- -1.00 (1)
0.9441 +- -1.00 (1)
0.9506 +- -1.00 (1)
0.9461 +- -1.00 (1)
0.9429 +- -1.00 (1)
0.9501 +- -1.00 (1)
0.9492 +- -1.00 (1)
0.9498 +- -1.00 (1)
0.9523 +- -1.00 (1)
0.9513 +- -1.00 (1)
0.9539 +- -1.00 (1)
0.9490 +- -1.00 (1)
0.9437 +- -1.00 (1)
0.9499 +- -1.00 (1)
0.9474 +- -1.00 (1)
0.9369 +- -1.00 (1)
0.9513 +- -1.00 (1)
0.9431 +- -1.00 (1)
0.9466 +- -1.00 (1)
0.9482 +- -1.00 (1)
0.9462 +- -1.00 (1)
0.9444 +- -1.00 (1)
0.9464 +- -1.00 (1)
0.9445 +- -1.00 (1)
0.9452 +- -1.00 (1)
0.9440 +- -1.00 (1)
0.9360 +- -1.00 (1)
0.9439 +- -1.00 (1)
0.9471 +- -1.00 (1)
0.9469 +- -1.00 (1)
0.9432 +- -1.00 (1)
0.9473 +- -1.00 (1)
0.9423 +- -1.00 (1)
0.9516 +- -1.00 (1)
0.9474 +- -1.00 (1)
0.9494 +- -1.00 (1)
0.9518 +- -1.00 (1)
0.9489 +- -1.00 (1)
0.9462 +- -1.00 (1)
0.9467 +- -1.00 (1)
0.9413 +- -1.00 (1)
0.9463 +- -1.00 (1)
0.9444 +- -1.00 (1)
0.9524 +- -1.00 (1)
0.9451 +- -1.00 (1)
0.9406 +- -1.00 (1)
0.9437 +- -1.00 (1)
0.9476 +- -1.00 (1)
0.9380 +- -1.00 (1)
0.9350 +- -1.00 (1)
0.9474 +- -1.00 (1)
0.9431 +- -1.00 (1)
0.9481 +- -1.00 (1)
0.9469 +- -1.00 (1)
0.9413 +- -1.00 (1)
0.9447 +- -1.00 (1)
0.9487 +- -1.00 (1)
0.9556 +- -1.00 (1)
0.9501 +- -1.00 (1)
0.9457 +- -1.00 (1)
0.9514 +- -1.00 (1)
0.9493 +- -1.00 (1)
0.9478 +- -1.00 (1)
0.9508 +- -1.00 (1)
0.9442 +- -1.00 (1)
0.9396 +- -1.00 (1)
0.9433 +- -1.00 (1)
0.9431 +- -1.00 (1)
0.9403 +- -1.00 (1)
0.9414 +- -1.00 (1)
0.9405 +- -1.00 (1)
0.9476 +- -1.00 (1)
0.9505 +- -1.00 (1)
0.9441 +- -1.00 (1)
0.9421 +- -1.00 (1)
0.9466 +- -1.00 (1)
0.9466 +- -1.00 (1)
0.9502 +- -1.00 (1)
0.9445 +- -1.00 (1)
0.9460 +- -1.00 (1)
0.9457 +- -1.00 (1)
0.9548 +- -1.00 (1)
0.9497 +- -1.00 (1)
0.9504 +- -1.00 (1)
0.9493 +- -1.00 (1)
0.9479 +- -1.00 (1)
0.9500 +- -1.00 (1)
0.9478 +- -1.00 (1)
0.9431 +- -1.00 (1)
0.9473 +- -1.00 (1)
0.9519 +- -1.00 (1)
0.9413 +- -1.00 (1)
0.9479 +- -1.00 (1)
0.9516 +- -1.00 (1)
0.9395 +- -1.00 (1)
0.9419 +- -1.00 (1)
0.9463 +- -1.00 (1)
0.9473 +- -1.00 (1)
0.9432 +- -1.00 (1)
0.9463 +- -1.00 (1)
0.9441 +- -1.00 (1)
0.9406 +- -1.00 (1)
0.9454 +- -1.00 (1)
0.9542 +- -1.00 (1)
0.9401 +- -1.00 (1)
0.9456 +- -1.00 (1)
0.9387 +- -1.00 (1)
0.9500 +- -1.00 (1)
0.9447 +- -1.00 (1)
0.9526 +- -1.00 (1)
0.9507 +- -1.00 (1)
0.9456 +- -1.00 (1)
0.9478 +- -1.00 (1)
0.9542 +- -1.00 (1)
0.9474 +- -1.00 (1)
0.9441 +- -1.00 (1)
0.9484 +- -1.00 (1)
0.9456 +- -1.00 (1)
0.9401 +- -1.00 (1)
0.9458 +- -1.00 (1)
0.9410 +- -1.00 (1)
0.9464 +- -1.00 (1)
0.9449 +- -1.00 (1)
0.9498 +- -1.00 (1)
0.9503 +- -1.00 (1)
0.9417 +- -1.00 (1)
0.9364 +- -1.00 (1)
0.9471 +- -1.00 (1)
0.9354 +- -1.00 (1)
0.9410 +- -1.00 (1)
0.9483 +- -1.00 (1)
0.9450 +- -1.00 (1)
0.9499 +- -1.00 (1)
0.9483 +- -1.00 (1)
0.9399 +- -1.00 (1)
0.9460 +- -1.00 (1)
0.9481 +- -1.00 (1)
0.9441 +- -1.00 (1)
0.9458 +- -1.00 (1)
0.9513 +- -1.00 (1)
0.9468 +- -1.00 (1)
0.9462 +- -1.00 (1)
0.9444 +- -1.00 (1)
0.9502 +- -1.00 (1)
0.9474 +- -1.00 (1)
0.9434 +- -1.00 (1)
0.9423 +- -1.00 (1)
0.9496 +- -1.00 (1)
0.9439 +- -1.00 (1)
0.9399 +- -1.00 (1)
0.9478 +- -1.00 (1)
0.9431 +- -1.00 (1)
0.9447 +- -1.00 (1)
0.9453 +- -1.00 (1)
0.9466 +- -1.00 (1)
0.9478 +- -1.00 (1)
0.9437 +- -1.00 (1)
0.9459 +- -1.00 (1)
0.9413 +- -1.00 (1)
0.9452 +- -1.00 (1)
0.9418 +- -1.00 (1)
0.9426 +- -1.00 (1)
0.9462 +- -1.00 (1)
0.9447 +- -1.00 (1)
0.9503 +- -1.00 (1)
0.9453 +- -1.00 (1)
0.9414 +- -1.00 (1)
0.9448 +- -1.00 (1)
0.9398 +- -1.00 (1)
0.9483 +- -1.00 (1)
0.9416 +- -1.00 (1)
0.9462 +- -1.00 (1)
0.9413 +- -1.00 (1)
0.9455 +- -1.00 (1)
0.9478 +- -1.00 (1)
0.9425 +- -1.00 (1)
0.9493 +- -1.00 (1)
0.9501 +- -1.00 (1)
0.9385 +- -1.00 (1)
0.9472 +- -1.00 (1)
0.9461 +- -1.00 (1)
0.9459 +- -1.00 (1)
0.9418 +- -1.00 (1)
0.9497 +- -1.00 (1)
0.9457 +- -1.00 (1)
0.9443 +- -1.00 (1)
0.9495 +- -1.00 (1)
0.9400 +- -1.00 (1)
0.9457 +- -1.00 (1)
0.9406 +- -1.00 (1)
0.9335 +- -1.00 (1)
0.9444 +- -1.00 (1)
0.9437 +- -1.00 (1)
0.9475 +- -1.00 (1)
0.9418 +- -1.00 (1)
0.9405 +- -1.00 (1)
0.9452 +- -1.00 (1)
0.9443 +- -1.00 (1)
0.9396 +- -1.00 (1)
0.9417 +- -1.00 (1)
0.9438 +- -1.00 (1)
0.9391 +- -1.00 (1)
0.9452 +- -1.00 (1)
0.9446 +- -1.00 (1)
0.9408 +- -1.00 (1)
0.9474 +- -1.00 (1)
0.9411 +- -1.00 (1)
0.9433 +- -1.00 (1)
0.9431 +- -1.00 (1)
0.9528 +- -1.00 (1)
0.9429 +- -1.00 (1)
0.9377 +- -1.00 (1)
0.9465 +- -1.00 (1)
0.9443 +- -1.00 (1)
0.9420 +- -1.00 (1)
0.9393 +- -1.00 (1)
0.9412 +- -1.00 (1)
0.9420 +- -1.00 (1)
0.9443 +- -1.00 (1)
0.9460 +- -1.00 (1)
0.9397 +- -1.00 (1)
0.9401 +- -1.00 (1)
0.9404 +- -1.00 (1)
0.9378 +- -1.00 (1)
0.9494 +- -1.00 (1)
0.9440 +- -1.00 (1)
0.9376 +- -1.00 (1)
0.9454 +- -1.00 (1)
0.9480 +- -1.00 (1)
0.9496 +- -1.00 (1)
0.9525 +- -1.00 (1)
0.9395 +- -1.00 (1)
0.9402 +- -1.00 (1)
0.9478 +- -1.00 (1)
0.9340 +- -1.00 (1)
0.9465 +- -1.00 (1)
0.9423 +- -1.00 (1)
0.9486 +- -1.00 (1)
0.9403 +- -1.00 (1)
0.9392 +- -1.00 (1)
0.9478 +- -1.00 (1)
0.9502 +- -1.00 (1)
0.9480 +- -1.00 (1)
0.9457 +- -1.00 (1)
0.9488 +- -1.00 (1)
0.9412 +- -1.00 (1)
0.9477 +- -1.00 (1)
0.9484 +- -1.00 (1)
0.9427 +- -1.00 (1)
0.9383 +- -1.00 (1)
0.9526 +- -1.00 (1)
0.9414 +- -1.00 (1)
0.9359 +- -1.00 (1)
0.9428 +- -1.00 (1)
0.9431 +- -1.00 (1)
0.9525 +- -1.00 (1)
0.9560 +- -1.00 (1)
0.9483 +- -1.00 (1)
0.9416 +- -1.00 (1)
0.9501 +- -1.00 (1)
0.9428 +- -1.00 (1)
0.9467 +- -1.00 (1)
0.9399 +- -1.00 (1)
0.9436 +- -1.00 (1)
0.9480 +- -1.00 (1)
0.9450 +- -1.00 (1)
0.9408 +- -1.00 (1)
0.9471 +- -1.00 (1)
0.9483 +- -1.00 (1)
0.9420 +- -1.00 (1)
0.9435 +- -1.00 (1)
0.9449 +- -1.00 (1)
0.9449 +- -1.00 (1)
0.9457 +- -1.00 (1)
0.9432 +- -1.00 (1)
0.9485 +- -1.00 (1)
0.9411 +- -1.00 (1)
0.9512 +- -1.00 (1)
0.9449 +- -1.00 (1)
0.9482 +- -1.00 (1)
0.9395 +- -1.00 (1)
0.9444 +- -1.00 (1)
0.9435 +- -1.00 (1)
0.9417 +- -1.00 (1)
0.9461 +- -1.00 (1)
0.9488 +- -1.00 (1)
0.9502 +- -1.00 (1)
0.9443 +- -1.00 (1)
0.9442 +- -1.00 (1)
0.9419 +- -1.00 (1)
0.9483 +- -1.00 (1)
0.9465 +- -1.00 (1)
0.9477 +- -1.00 (1)
0.9486 +- -1.00 (1)
0.9481 +- -1.00 (1)
0.9453 +- -1.00 (1)
0.9479 +- -1.00 (1)
0.9399 +- -1.00 (1)
0.9411 +- -1.00 (1)
0.9439 +- -1.00 (1)
0.9429 +- -1.00 (1)
0.9415 +- -1.00 (1)
0.9405 +- -1.00 (1)
0.9439 +- -1.00 (1)
0.9451 +- -1.00 (1)
0.9488 +- -1.00 (1)
0.9450 +- -1.00 (1)
0.9456 +- -1.00 (1)
0.9482 +- -1.00 (1)
0.9446 +- -1.00 (1)
0.9451 +- -1.00 (1)
0.9349 +- -1.00 (1)
0.9463 +- -1.00 (1)
0.9509 +- -1.00 (1)
0.9452 +- -1.00 (1)
0.9471 +- -1.00 (1)
0.9405 +- -1.00 (1)
0.9433 +- -1.00 (1)
0.9464 +- -1.00 (1)
0.9396 +- -1.00 (1)
0.9450 +- -1.00 (1)
0.9438 +- -1.00 (1)
0.9428 +- -1.00 (1)
0.9394 +- -1.00 (1)
0.9459 +- -1.00 (1)
0.9387 +- -1.00 (1)
0.9440 +- -1.00 (1)
0.9423 +- -1.00 (1)
0.9360 +- -1.00 (1)
0.9427 +- -1.00 (1)
0.9471 +- -1.00 (1)
0.9470 +- -1.00 (1)
0.9401 +- -1.00 (1)
0.9449 +- -1.00 (1)
0.9496 +- -1.00 (1)
0.9447 +- -1.00 (1)
0.9360 +- -1.00 (1)
0.9443 +- -1.00 (1)
0.9411 +- -1.00 (1)
0.9428 +- -1.00 (1)
0.9427 +- -1.00 (1)
0.9440 +- -1.00 (1)
0.9474 +- -1.00 (1)
0.9456 +- -1.00 (1)
0.9401 +- -1.00 (1)
0.9385 +- -1.00 (1)
0.9404 +- -1.00 (1)
0.9448 +- -1.00 (1)
0.9446 +- -1.00 (1)
0.9395 +- -1.00 (1)
0.9484 +- -1.00 (1)
0.9435 +- -1.00 (1)
0.9432 +- -1.00 (1)
0.9432 +- -1.00 (1)
0.9378 +- -1.00 (1)
0.9409 +- -1.00 (1)
0.9475 +- -1.00 (1)
0.9487 +- -1.00 (1)
0.9473 +- -1.00 (1)
0.9418 +- -1.00 (1)
0.9397 +- -1.00 (1)
0.9372 +- -1.00 (1)
0.9418 +- -1.00 (1)
0.9471 +- -1.00 (1)
0.9474 +- -1.00 (1)
0.9402 +- -1.00 (1)
0.9460 +- -1.00 (1)
0.9373 +- -1.00 (1)
0.9457 +- -1.00 (1)
0.9413 +- -1.00 (1)
0.9343 +- -1.00 (1)
0.9449 +- -1.00 (1)
0.9405 +- -1.00 (1)
0.9482 +- -1.00 (1)
0.9366 +- -1.00 (1)
0.9413 +- -1.00 (1)
0.9441 +- -1.00 (1)
0.9426 +- -1.00 (1)
0.9440 +- -1.00 (1)
0.9385 +- -1.00 (1)
0.9491 +- -1.00 (1)
0.9466 +- -1.00 (1)
0.9428 +- -1.00 (1)
0.9455 +- -1.00 (1)
0.9440 +- -1.00 (1)
0.9412 +- -1.00 (1)
0.9463 +- -1.00 (1)
0.9422 +- -1.00 (1)
0.9385 +- -1.00 (1)
0.9391 +- -1.00 (1)
0.9458 +- -1.00 (1)
0.9448 +- -1.00 (1)
0.9389 +- -1.00 (1)
0.9481 +- -1.00 (1)
0.9392 +- -1.00 (1)
0.9425 +- -1.00 (1)
0.9353 +- -1.00 (1)
0.9359 +- -1.00 (1)
0.9445 +- -1.00 (1)
0.9366 +- -1.00 (1)
0.9428 +- -1.00 (1)
0.9338 +- -1.00 (1)
0.9409 +- -1.00 (1)
0.9403 +- -1.00 (1)
0.9413 +- -1.00 (1)
0.9424 +- -1.00 (1)
0.9448 +- -1.00 (1)
0.9363 +- -1.00 (1)
0.9399 +- -1.00 (1)
0.9430 +- -1.00 (1)
0.9430 +- -1.00 (1)
0.9375 +- -1.00 (1)
0.9464 +- -1.00 (1)
0.9484 +- -1.00 (1)
0.9459 +- -1.00 (1)
0.9380 +- -1.00 (1)
0.9331 +- -1.00 (1)
0.9410 +- -1.00 (1)
0.9454 +- -1.00 (1)
0.9405 +- -1.00 (1)
0.9417 +- -1.00 (1)
