0.6138 0.9918 0.6088 1
0.961 0.8986 0.8636 1
0.7896 0.7476 0.5903 1
0.5929 0.9957 0.5904 1
0.9239 0.6096 0.5632 1
0.8211 0.59 0.4844 1
0.8058 0.8216 0.662 1
0.6592 0.9948 0.6558 1
0.9233 0.6426 0.5933 1
0.7768 0.536 0.4164 1
0.7655 0.7314 0.5599 1
0.9214 0.3371 0.3106 1
0.9814 0.9745 0.9564 1
0.7095 0.9967 0.7072 1
0.9198 0.6124 0.5633 1
0.836 0.0551 0.04606 1
0.9233 0.5047 0.466 1
0.9467 0.4695 0.4445 1
0.9612 0.4284 0.4118 1
0.9502 0.8735 0.83 1
0.9614 0.7705 0.7397 9
0.9664 1 0.9662 7
0.9516 0.9976 0.9445 30
0.9649 0.6861 0.662 1
0.9611 1 0.9611 3
0.8077 1 0.8077 2
0.9676 1 0.9667 11
0.9882 0.9196 0.9029 20
0.9563 0.7645 0.7303 9
0.9554 0.5145 0.4915 2
0.9414 1 0.9414 6
0.944 1 0.944 3
0.9819 0.8193 0.8044 12
0.8935 1 0.8935 9
0.9732 0.9647 0.9387 5
0.9778 0.9144 0.8923 27
0.9775 1 0.9775 8
0.952 1 0.9519 9
0.9793 0.8469 0.8294 1
0.9673 1 0.9671 5
0.9716 1 0.9715 8
0.9735 0.5712 0.556 8
0.9698 0.9079 0.8775 17
0.9739 1 0.9736 8
0.9718 1 0.9718 9
0.9839 1 0.9839 5
0.9834 0.8149 0.8013 6
0.9816 0.6186 0.6072 3
0.9719 1 0.971 10
0.9794 1 0.9794 8
0.9653 1 0.9626 33
0.9752 1 0.975 11
0.9781 0.8343 0.816 15
0.9721 1 0.9717 7
0.9755 0.7727 0.7531 11
0.9792 1 0.979 12
0.984 1 0.984 8
0.9652 1 0.9652 8
0.9723 1 0.9719 15
0.9733 1 0.9733 7
0.979 1 0.9781 20
0.982 1 0.9819 14
0.9794 1 0.9793 9
0.9872 0.8967 0.885 18
0.973 1 0.9729 9
0.9806 0.7048 0.6909 11
0.9828 0.6934 0.6799 14
0.9797 0.959 0.9395 2
0.9788 1 0.9787 9
0.9835 0.7465 0.7339 11
0.9796 0.9993 0.9778 19
0.9776 1 0.9776 7
0.9844 0.8733 0.8575 21
0.983 1 0.9828 10
0.9795 1 0.9794 13
0.9764 0.8685 0.8474 14
0.9728 0.5312 0.5165 6
0.9701 1 0.97 8
0.9781 1 0.978 9
0.9785 0.9743 0.9533 3
0.9827 1 0.9826 10
0.9825 0.9402 0.9231 20
0.9772 0.9428 0.9207 14
0.9837 1 0.9834 11
0.9794 0.8536 0.8349 20
0.9781 0.9891 0.9668 19
0.9821 1 0.981 14
0.9755 0.9079 0.8852 11
0.9776 0.8001 0.782 19
0.9812 1 0.9812 4
0.9761 1 0.9761 14
0.9773 0.8598 0.8401 23
0.9827 1 0.9827 9
0.9747 1 0.9746 7
0.9853 0.9714 0.9567 15
0.9845 1 0.9842 13
0.9773 1 0.9769 8
0.9712 1 0.9711 6
0.9807 1 0.9805 9
0.9815 0.8474 0.8316 12
0.9829 1 0.9829 2
0.9835 1 0.9835 6
0.9765 0.9897 0.9657 14
0.9844 1 0.9844 4
0.9794 1 0.9793 6
0.9822 1 0.982 9
0.9819 1 0.9819 10
0.9748 0.8955 0.8723 17
0.979 1 0.9789 10
0.982 0.9593 0.9419 16
0.9807 1 0.9802 14
0.9868 0.9997 0.9861 18
0.9833 1 0.9833 8
0.9817 1 0.9815 15
0.9891 1 0.9871 24
0.9816 1 0.9815 9
0.9808 1 0.9808 3
0.9731 0.9073 0.8828 15
0.9811 0.9591 0.9408 14
0.9754 1 0.9753 7
0.983 1 0.983 11
0.9821 1 0.9819 9
0.9826 1 0.9824 9
0.9858 1 0.9856 9
0.9796 0.8799 0.8612 23
0.983 0.8806 0.865 20
0.9796 1 0.979 23
0.9819 0.8835 0.8672 17
0.975 0.8852 0.8626 21
0.9779 0.9668 0.9453 10
0.9794 1 0.9794 8
0.9789 1 0.9782 25
0.9848 1 0.9845 10
0.9853 0.9976 0.9821 13
0.9825 1 0.9825 7
0.9776 1 0.9775 8
0.9825 1 0.9824 9
0.976 1 0.9758 15
0.9781 0.9556 0.9343 16
0.9775 0.9703 0.9481 24
0.9838 1 0.9832 14
0.981 0.8945 0.8774 17
0.9772 0.9997 0.9767 17
0.9821 1 0.9819 13
0.9807 1 0.9807 6
0.9782 0.925 0.9044 27
0.9787 1 0.9785 5
0.9781 0.9036 0.8835 18
0.9705 1 0.9705 5
0.9816 1 0.9816 7
0.9778 1 0.9777 26
0.9854 1 0.9854 8
0.9816 1 0.9814 16
0.98 0.9642 0.9448 9
0.9766 1 0.9765 10
0.9779 1 0.9779 10
0.9796 1 0.9796 7
0.9773 1 0.9765 21
0.9816 1 0.9814 14
0.98 1 0.9799 8
0.9795 1 0.9795 8
0.9697 0.8834 0.8565 15
0.9686 1 0.9685 14
0.9636 1 0.9636 11
0.9729 0.9859 0.9589 24
0.9651 1 0.9651 7
0.9713 1 0.9713 5
0.97 1 0.97 8
0.9657 0.9958 0.961 13
0.9713 1 0.9713 5
0.9768 1 0.9768 4
0.9723 1 0.9722 11
0.9737 0.965 0.9396 5
0.9706 1 0.9702 20
0.9767 1 0.9766 8
0.9739 0.9811 0.9549 9
0.9749 0.9924 0.9671 13
0.9748 1 0.9747 11
0.9765 1 0.9761 13
0.973 0.9757 0.9492 12
0.9689 1 0.9685 12
0.9663 0.9788 0.9454 12
0.9655 1 0.9653 11
0.9737 0.9506 0.9252 21
0.9771 1 0.977 13
0.9684 1 0.9683 15
0.9753 1 0.9744 30
0.977 1 0.977 10
0.9664 1 0.9664 9
0.9726 1 0.9725 6
0.9731 1 0.9729 14
0.9694 1 0.9694 9
0.9693 1 0.9693 5
0.9709 0.9162 0.889 33
0.9687 0.9181 0.8891 19
0.9675 1 0.9675 3
0.9693 0.8614 0.8348 7
0.9709 1 0.9709 10
0.9736 0.9249 0.8998 33
0.97 0.9999 0.9697 20
0.971 1 0.971 10
0.9727 0.9602 0.9335 26
0.9676 0.946 0.9152 16
0.9689 1 0.9685 22
0.9744 1 0.9744 7
0.9666 0.9979 0.9642 18
0.9739 1 0.9739 10
0.9737 0.9756 0.9497 24
0.9658 0.9947 0.9603 22
0.9718 0.977 0.9489 20
0.9707 1 0.9707 10
0.9739 1 0.9739 13
0.969 0.8898 0.8619 16
0.9727 0.9999 0.9722 20
0.9687 0.8792 0.8509 22
0.971 0.9561 0.9277 25
0.9678 0.9815 0.9495 9
0.9744 1 0.9743 12
0.972 0.8684 0.8436 16
0.9673 0.9843 0.9518 12
0.973 1 0.973 5
0.968 1 0.968 4
0.9632 0.9575 0.922 14
0.9714 1 0.9713 6
0.9717 1 0.9717 6
0.9685 1 0.9683 16
0.974 1 0.9739 6
0.971 1 0.9706 29
0.9659 1 0.9655 23
0.9684 1 0.9681 14
0.9686 1 0.9685 16
0.9672 0.9786 0.9461 22
0.966 1 0.966 7
0.9682 0.9261 0.8962 22
0.9686 1 0.9686 6
0.9703 1 0.9703 3
0.9717 1 0.9717 4
0.9725 1 0.9723 7
0.9716 1 0.9714 15
0.9678 0.8813 0.8526 14
0.963 0.9338 0.8987 27
0.9469 1 0.9469 5
0.9702 0.9174 0.8894 16
0.9692 0.946 0.9168 7
0.9717 0.938 0.9107 18
0.9598 0.9939 0.953 11
0.9631 1 0.9631 7
0.9618 1 0.9618 7
0.9642 1 0.9642 6
0.9692 1 0.9691 13
0.962 1 0.9613 21
0.9632 1 0.9632 2
0.9675 1 0.9674 14
0.9644 1 0.9636 19
0.9676 1 0.9676 15
0.9688 1 0.9688 5
0.9731 1 0.973 17
0.9664 0.9251 0.8933 28
0.9645 1 0.9645 9
0.9675 1 0.9675 7
0.9687 1 0.9687 6
0.9702 1 0.9701 10
0.9693 1 0.9693 8
0.9614 1 0.9613 7
0.9753 1 0.9753 10
0.9671 1 0.967 12
0.9712 1 0.9712 9
0.9723 1 0.9722 10
0.9635 1 0.9634 14
0.9704 1 0.9704 10
0.9651 0.9258 0.893 25
0.9666 0.9076 0.8768 29
0.9699 1 0.9698 5
0.9688 0.921 0.8918 23
0.9694 1 0.9693 10
0.9701 1 0.9701 5
0.9726 1 0.9726 4
0.9678 1 0.9674 13
0.9739 0.9999 0.9738 9
0.9637 1 0.9637 6
0.9688 1 0.9688 9
0.9645 1 0.9645 3
0.9673 1 0.9673 7
0.971 1 0.971 7
0.97 0.9758 0.9464 6
0.965 1 0.965 9
0.9703 1 0.9703 4
0.9646 0.9997 0.9634 11
0.9608 0.9715 0.9333 12
0.9692 1 0.9692 1
0.969 0.9851 0.9538 27
0.968 1 0.9679 14
0.9661 0.99 0.9561 12
0.9659 1 0.9659 5
0.9615 0.9188 0.8832 12
0.9691 0.9441 0.9147 17
0.9671 0.9991 0.966 10
0.9678 0.986 0.9542 13
0.9679 1 0.9679 3
0.9661 0.9455 0.9133 11
0.9703 1 0.9703 4
0.9661 1 0.9661 4
0.965 1 0.9648 16
0.966 0.9983 0.9641 14
0.9613 1 0.9613 8
0.9704 0.988 0.9583 21
0.9649 1 0.9649 5
0.9613 0.9969 0.958 10
0.9703 0.9379 0.9094 29
0.9705 1 0.9705 6
0.9639 0.9746 0.939 9
0.9618 1 0.9618 6
0.966 1 0.9659 12
0.975 1 0.975 6
0.9677 1 0.9676 13
0.966 0.9967 0.9626 15
0.9682 1 0.9682 6
0.9686 1 0.9685 12
0.9681 1 0.9681 5
0.9669 1 0.9669 7