0.6138 +- -1.00 (1)
0.9610 +- -1.00 (1)
0.7896 +- -1.00 (1)
0.5929 +- -1.00 (1)
0.9239 +- -1.00 (1)
0.8211 +- -1.00 (1)
0.8058 +- -1.00 (1)
0.6592 +- -1.00 (1)
0.9233 +- -1.00 (1)
0.7768 +- -1.00 (1)
0.7655 +- -1.00 (1)
0.9214 +- -1.00 (1)
0.9814 +- -1.00 (1)
0.7095 +- -1.00 (1)
0.9198 +- -1.00 (1)
0.8360 +- -1.00 (1)
0.9233 +- -1.00 (1)
0.9467 +- -1.00 (1)
0.9612 +- -1.00 (1)
0.9502 +- -1.00 (1)
0.9614 +- -1.00 (1)
0.9664 +- -1.00 (1)
0.9516 +- -1.00 (1)
0.9649 +- -1.00 (1)
0.9611 +- -1.00 (1)
0.8077 +- -1.00 (1)
0.9676 +- -1.00 (1)
0.9882 +- -1.00 (1)
0.9563 +- -1.00 (1)
0.9554 +- -1.00 (1)
0.9414 +- -1.00 (1)
0.9440 +- -1.00 (1)
0.9819 +- -1.00 (1)
0.8935 +- -1.00 (1)
0.9732 +- -1.00 (1)
0.9778 +- -1.00 (1)
0.9775 +- -1.00 (1)
0.9520 +- -1.00 (1)
0.9793 +- -1.00 (1)
0.9673 +- -1.00 (1)
0.9716 +- -1.00 (1)
0.9735 +- -1.00 (1)
0.9698 +- -1.00 (1)
0.9739 +- -1.00 (1)
0.9718 +- -1.00 (1)
0.9839 +- -1.00 (1)
0.9834 +- -1.00 (1)
0.9816 +- -1.00 (1)
0.9719 +- -1.00 (1)
0.9794 +- -1.00 (1)
0.9653 +- -1.00 (1)
0.9752 +- -1.00 (1)
0.9781 +- -1.00 (1)
0.9721 +- -1.00 (1)
0.9755 +- -1.00 (1)
0.9792 +- -1.00 (1)
0.9840 +- -1.00 (1)
0.9652 +- -1.00 (1)
0.9723 +- -1.00 (1)
0.9733 +- -1.00 (1)
0.9790 +- -1.00 (1)
0.9820 +- -1.00 (1)
0.9794 +- -1.00 (1)
0.9872 +- -1.00 (1)
0.9730 +- -1.00 (1)
0.9806 +- -1.00 (1)
0.9828 +- -1.00 (1)
0.9797 +- -1.00 (1)
0.9788 +- -1.00 (1)
0.9835 +- -1.00 (1)
0.9796 +- -1.00 (1)
0.9776 +- -1.00 (1)
0.9844 +- -1.00 (1)
0.9830 +- -1.00 (1)
0.9795 +- -1.00 (1)
0.9764 +- -1.00 (1)
0.9728 +- -1.00 (1)
0.9701 +- -1.00 (1)
0.9781 +- -1.00 (1)
0.9785 +- -1.00 (1)
0.9827 +- -1.00 (1)
0.9825 +- -1.00 (1)
0.9772 +- -1.00 (1)
0.9837 +- -1.00 (1)
0.9794 +- -1.00 (1)
0.9781 +- -1.00 (1)
0.9821 +- -1.00 (1)
0.9755 +- -1.00 (1)
0.9776 +- -1.00 (1)
0.9812 +- -1.00 (1)
0.9761 +- -1.00 (1)
0.9773 +- -1.00 (1)
0.9827 +- -1.00 (1)
0.9747 +- -1.00 (1)
0.9853 +- -1.00 (1)
0.9845 +- -1.00 (1)
0.9773 +- -1.00 (1)
0.9712 +- -1.00 (1)
0.9807 +- -1.00 (1)
0.9815 +- -1.00 (1)
0.9829 +- -1.00 (1)
0.9835 +- -1.00 (1)
0.9765 +- -1.00 (1)
0.9844 +- -1.00 (1)
0.9794 +- -1.00 (1)
0.9822 +- -1.00 (1)
0.9819 +- -1.00 (1)
0.9748 +- -1.00 (1)
0.9790 +- -1.00 (1)
0.9820 +- -1.00 (1)
0.9807 +- -1.00 (1)
0.9868 +- -1.00 (1)
0.9833 +- -1.00 (1)
0.9817 +- -1.00 (1)
0.9891 +- -1.00 (1)
0.9816 +- -1.00 (1)
0.9808 +- -1.00 (1)
0.9731 +- -1.00 (1)
0.9811 +- -1.00 (1)
0.9754 +- -1.00 (1)
0.9830 +- -1.00 (1)
0.9821 +- -1.00 (1)
0.9826 +- -1.00 (1)
0.9858 +- -1.00 (1)
0.9796 +- -1.00 (1)
0.9830 +- -1.00 (1)
0.9796 +- -1.00 (1)
0.9819 +- -1.00 (1)
0.9750 +- -1.00 (1)
0.9779 +- -1.00 (1)
0.9794 +- -1.00 (1)
0.9789 +- -1.00 (1)
0.9848 +- -1.00 (1)
0.9853 +- -1.00 (1)
0.9825 +- -1.00 (1)
0.9776 +- -1.00 (1)
0.9825 +- -1.00 (1)
0.9760 +- -1.00 (1)
0.9781 +- -1.00 (1)
0.9775 +- -1.00 (1)
0.9838 +- -1.00 (1)
0.9810 +- -1.00 (1)
0.9772 +- -1.00 (1)
0.9821 +- -1.00 (1)
0.9807 +- -1.00 (1)
0.9782 +- -1.00 (1)
0.9787 +- -1.00 (1)
0.9781 +- -1.00 (1)
0.9705 +- -1.00 (1)
0.9816 +- -1.00 (1)
0.9778 +- -1.00 (1)
0.9854 +- -1.00 (1)
0.9816 +- -1.00 (1)
0.9800 +- -1.00 (1)
0.9766 +- -1.00 (1)
0.9779 +- -1.00 (1)
0.9796 +- -1.00 (1)
0.9773 +- -1.00 (1)
0.9816 +- -1.00 (1)
0.9800 +- -1.00 (1)
0.9795 +- -1.00 (1)
0.9697 +- -1.00 (1)
0.9686 +- -1.00 (1)
0.9636 +- -1.00 (1)
0.9729 +- -1.00 (1)
0.9651 +- -1.00 (1)
0.9713 +- -1.00 (1)
0.9700 +- -1.00 (1)
0.9657 +- -1.00 (1)
0.9713 +- -1.00 (1)
0.9768 +- -1.00 (1)
0.9723 +- -1.00 (1)
0.9737 +- -1.00 (1)
0.9706 +- -1.00 (1)
0.9767 +- -1.00 (1)
0.9739 +- -1.00 (1)
0.9749 +- -1.00 (1)
0.9748 +- -1.00 (1)
0.9765 +- -1.00 (1)
0.9730 +- -1.00 (1)
0.9689 +- -1.00 (1)
0.9663 +- -1.00 (1)
0.9655 +- -1.00 (1)
0.9737 +- -1.00 (1)
0.9771 +- -1.00 (1)
0.9684 +- -1.00 (1)
0.9753 +- -1.00 (1)
0.9770 +- -1.00 (1)
0.9664 +- -1.00 (1)
0.9726 +- -1.00 (1)
0.9731 +- -1.00 (1)
0.9694 +- -1.00 (1)
0.9693 +- -1.00 (1)
0.9709 +- -1.00 (1)
0.9687 +- -1.00 (1)
0.9675 +- -1.00 (1)
0.9693 +- -1.00 (1)
0.9709 +- -1.00 (1)
0.9736 +- -1.00 (1)
0.9700 +- -1.00 (1)
0.9710 +- -1.00 (1)
0.9727 +- -1.00 (1)
0.9676 +- -1.00 (1)
0.9689 +- -1.00 (1)
0.9744 +- -1.00 (1)
0.9666 +- -1.00 (1)
0.9739 +- -1.00 (1)
0.9737 +- -1.00 (1)
0.9658 +- -1.00 (1)
0.9718 +- -1.00 (1)
0.9707 +- -1.00 (1)
0.9739 +- -1.00 (1)
0.9690 +- -1.00 (1)
0.9727 +- -1.00 (1)
0.9687 +- -1.00 (1)
0.9710 +- -1.00 (1)
0.9678 +- -1.00 (1)
0.9744 +- -1.00 (1)
0.9720 +- -1.00 (1)
0.9673 +- -1.00 (1)
0.9730 +- -1.00 (1)
0.9680 +- -1.00 (1)
0.9632 +- -1.00 (1)
0.9714 +- -1.00 (1)
0.9717 +- -1.00 (1)
0.9685 +- -1.00 (1)
0.9740 +- -1.00 (1)
0.9710 +- -1.00 (1)
0.9659 +- -1.00 (1)
0.9684 +- -1.00 (1)
0.9686 +- -1.00 (1)
0.9672 +- -1.00 (1)
0.9660 +- -1.00 (1)
0.9682 +- -1.00 (1)
0.9686 +- -1.00 (1)
0.9703 +- -1.00 (1)
0.9717 +- -1.00 (1)
0.9725 +- -1.00 (1)
0.9716 +- -1.00 (1)
0.9678 +- -1.00 (1)
0.9630 +- -1.00 (1)
0.9469 +- -1.00 (1)
0.9702 +- -1.00 (1)
0.9692 +- -1.00 (1)
0.9717 +- -1.00 (1)
0.9598 +- -1.00 (1)
0.9631 +- -1.00 (1)
0.9618 +- -1.00 (1)
0.9642 +- -1.00 (1)
0.9692 +- -1.00 (1)
0.9620 +- -1.00 (1)
0.9632 +- -1.00 (1)
0.9675 +- -1.00 (1)
0.9644 +- -1.00 (1)
0.9676 +- -1.00 (1)
0.9688 +- -1.00 (1)
0.9731 +- -1.00 (1)
0.9664 +- -1.00 (1)
0.9645 +- -1.00 (1)
0.9675 +- -1.00 (1)
0.9687 +- -1.00 (1)
0.9702 +- -1.00 (1)
0.9693 +- -1.00 (1)
0.9614 +- -1.00 (1)
0.9753 +- -1.00 (1)
0.9671 +- -1.00 (1)
0.9712 +- -1.00 (1)
0.9723 +- -1.00 (1)
0.9635 +- -1.00 (1)
0.9704 +- -1.00 (1)
0.9651 +- -1.00 (1)
0.9666 +- -1.00 (1)
0.9699 +- -1.00 (1)
0.9688 +- -1.00 (1)
0.9694 +- -1.00 (1)
0.9701 +- -1.00 (1)
0.9726 +- -1.00 (1)
0.9678 +- -1.00 (1)
0.9739 +- -1.00 (1)
0.9637 +- -1.00 (1)
0.9688 +- -1.00 (1)
0.9645 +- -1.00 (1)
0.9673 +- -1.00 (1)
0.9710 +- -1.00 (1)
0.9700 +- -1.00 (1)
0.9650 +- -1.00 (1)
0.9703 +- -1.00 (1)
0.9646 +- -1.00 (1)
0.9608 +- -1.00 (1)
0.9692 +- -1.00 (1)
0.9690 +- -1.00 (1)
0.9680 +- -1.00 (1)
0.9661 +- -1.00 (1)
0.9659 +- -1.00 (1)
0.9615 +- -1.00 (1)
0.9691 +- -1.00 (1)
0.9671 +- -1.00 (1)
0.9678 +- -1.00 (1)
0.9679 +- -1.00 (1)
0.9661 +- -1.00 (1)
0.9703 +- -1.00 (1)
0.9661 +- -1.00 (1)
0.9650 +- -1.00 (1)
0.9660 +- -1.00 (1)
0.9613 +- -1.00 (1)
0.9704 +- -1.00 (1)
0.9649 +- -1.00 (1)
0.9613 +- -1.00 (1)
0.9703 +- -1.00 (1)
0.9705 +- -1.00 (1)
0.9639 +- -1.00 (1)
0.9618 +- -1.00 (1)
0.9660 +- -1.00 (1)
0.9750 +- -1.00 (1)
0.9677 +- -1.00 (1)
0.9660 +- -1.00 (1)
0.9682 +- -1.00 (1)
0.9686 +- -1.00 (1)
0.9681 +- -1.00 (1)
0.9669 +- -1.00 (1)
