0.9477
0.9678
0.9236
0.934
0.9514
0.9561
0.9631
0.9802
0.9383
0.9518
0.9381
0.9493
0.9792
0.9581
0.9659
0.9563
0.9797
0.9116
0.955
0.9574
0.9627
0.9609
0.9606
0.957
0.9649
0.9737
0.9665
0.9623
0.9688
0.9759
0.964
0.956
0.9703
0.9586
0.9725
0.9669
0.9772
0.948
0.9613
0.9607
0.9599
0.9717
0.9607
0.9661
0.967
0.9651
0.9651
0.955
0.9658
0.963
0.9592
0.9568
0.9753
0.9673
0.9674
0.9657
0.9502
0.952
0.972
0.9703
0.9613
0.97
0.9646
0.971
0.9655
0.9654
0.9684
0.9567
0.9653
0.9638
0.9593
0.9644
0.9731
0.9668
0.9697
0.963
0.9575
0.9504
0.9713
0.9673
0.9592
0.9613
0.9578
0.966
0.9627
0.9672
0.9647
0.9596
0.9653
0.9627
0.9661
0.961
0.9705
0.9631
0.9603
0.9673
0.9651
0.9497
0.9702
0.9643
0.9709
0.9677
0.9629
0.972
0.9641
0.9654
0.957
0.9537
0.9599
0.9618
0.964
0.9678
0.9711
0.9735
0.9649
0.9614
0.9621
0.9576
0.9636
0.968
0.9606
0.9566
0.9605
0.9686
0.9578
0.9665
0.9593
0.9638
0.963
0.9646
0.9638
0.9653
0.9627
0.967
0.9615
0.9593
0.9607
0.9605
0.9634
0.9612
0.9548
0.9626
0.9489
0.9547
0.9571
0.9564
0.9511
0.9528
0.9521
0.9573
0.9554
0.9576
0.953
0.9562
0.9545
0.9568
0.9518
0.9621
0.9541
0.9558
0.9568
0.9599
0.957
0.954
0.9547
0.9566
0.9559
0.957
0.9453
0.9556
0.9585
0.9483
0.9555
0.958
0.9519
0.9543
0.9575
0.9545
0.9586
0.9576
0.9603
0.9493
0.9519
0.9491
0.9572
0.9493
0.9543
0.9577
0.9524
0.9513
0.9473
0.9543
0.9553
0.9544
0.9541
0.951
0.9488
0.9492
0.9529
0.9517
0.9566
0.9533
0.9473
0.952
0.9541
0.9549
0.9511
0.9528
0.9542
0.9545
0.9557
0.9549
0.947
0.9485
0.9496
0.9576
0.9589
0.9519
0.9496
0.9498
0.9533
0.9513
0.9442
0.9519
0.9491
0.9469
0.9492
0.9496
0.9502
0.9477
0.9518
0.9431
0.9553
0.9512
0.9495
0.951
0.954
0.9516
0.9498
0.9515
0.9512
0.9501
0.9507
0.951
0.9545
0.9484
0.9474
0.9447
0.9489
0.9512
0.9522
0.9499
0.9549
0.9494
0.9487
0.9537
0.949
0.9507
0.9477
0.9498
0.9508
0.9466
0.9507
0.9523
0.9548
0.9411
0.9539
0.9447
0.9467
0.9511
0.9468
0.9475
0.9577
0.9478
0.9471
0.9484
0.9582
0.9511
0.9455
0.9486
0.9479
0.9555
0.9502
0.9549
0.9518
0.9494
0.952
0.9454
0.9548
0.9488
0.954
0.9452
0.9487
0.9478
0.9482
0.9417
0.9509
0.9447
0.95
0.9464