0.9462 
0.9758 
0.9399 
0.9303 
0.9513 
0.9572 
0.9631 
0.9828 
0.9444 
0.9553 
0.9396 
0.9505 
0.9798 
0.9692 
0.9750 
0.9672 
0.9780 
0.9139 
0.9558 
0.9466 
0.9644 
0.9613 
0.9631 
0.9547 
0.9633 
0.9731 
0.9666 
0.9631 
0.9627 
0.9725 
0.9640 
0.9567 
0.9699 
0.9630 
0.9735 
0.9639 
0.9779 
0.9523 
0.9603 
0.9613 
0.9638 
0.9728 
0.9589 
0.9685 
0.9661 
0.9657 
0.9726 
0.9580 
0.9656 
0.9628 
0.9594 
0.9528 
0.9780 
0.9669 
0.9600 
0.9627 
0.9567 
0.9523 
0.9716 
0.9653 
0.9618 
0.9675 
0.9651 
0.9743 
0.9680 
0.9634 
0.9684 
0.9625 
0.9704 
0.9668 
0.9619 
0.9606 
0.9741 
0.9671 
0.9689 
0.9602 
0.9536 
0.9468 
0.9729 
0.9666 
0.9621 
0.9690 
0.9586 
0.9644 
0.9666 
0.9610 
0.9649 
0.9542 
0.9625 
0.9640 
0.9596 
0.9572 
0.9700 
0.9686 
0.9659 
0.9659 
0.9637 
0.9609 
0.9694 
0.9691 
0.9614 
0.9692 
0.9593 
0.9740 
0.9659 
0.9619 
0.9585 
0.9639 
0.9629 
0.9636 
0.9684 
0.9586 
0.9654 
0.9717 
0.9656 
0.9630 
0.9639 
0.9532 
0.9617 
0.9667 
0.9595 
0.9612 
0.9597 
0.9628 
0.9583 
0.9671 
0.9616 
0.9554 
0.9596 
0.9615 
0.9582 
0.9576 
0.9594 
0.9673 
0.9653 
0.9581 
0.9595 
0.9553 
0.9632 
0.9636 
0.9529 
0.9562 
0.9516 
0.9588 
0.9576 
0.9559 
0.9555 
0.9570 
0.9548 
0.9532 
0.9548 
0.9535 
0.9558 
0.9570 
0.9551 
0.9652 
0.9524 
0.9599 
0.9531 
0.9568 
0.9485 
0.9586 
0.9526 
0.9618 
0.9588 
0.9512 
0.9556 
0.9511 
0.9513 
0.9543 
0.9525 
0.9515 
0.9494 
0.9455 
0.9436 
0.9567 
0.9575 
0.9593 
0.9443 
0.9576 
0.9523 
0.9508 
0.9493 
0.9558 
0.9554 
0.9499 
0.9545 
0.9605 
0.9473 
0.9500 
0.9516 
0.9533 
0.9467 
0.9510 
0.9504 
0.9550 
0.9533 
0.9518 
0.9507 
0.9512 
0.9500 
0.9535 
0.9482 
0.9568 
0.9533 
0.9515 
0.9549 
0.9564 
0.9504 
0.9486 
0.9490 
0.9523 
0.9524 
0.9530 
0.9528 
0.9461 
0.9519 
0.9477 
0.9545 
0.9507 
0.9442 
0.9530 
0.9537 
0.9498 
0.9498 
0.9462 
0.9473 
0.9490 
0.9527 
0.9489 
0.9523 
0.9492 
0.9533 
0.9525 
0.9496 
0.9472 
0.9520 
0.9490 
0.9482 
0.9420 
0.9446 
0.9521 
0.9533 
0.9513 
0.9512 
0.9357 
0.9464 
0.9440 
0.9457 
0.9481 
0.9493 
0.9492 
0.9495 
0.9501 
0.9517 
0.9446 
0.9445 
0.9478 
0.9512 
0.9485 
0.9490 
0.9421 
0.9462 
0.9481 
0.9419 
0.9441 
0.9448 
0.9439 
0.9466 
0.9539 
0.9476 
0.9465 
0.9544 
0.9471 
0.9464 
0.9470 
0.9523 
0.9483 
0.9388 
0.9525 
0.9480 
0.9519 
0.9479 
0.9495 
0.9529 
0.9494 
0.9473 
0.9420 
0.9528 
0.9469 
0.9516 
0.9467 
0.9547 
0.9496 
0.9486 
0.9451 
0.9564 
0.9401 
0.9489 
0.9482 
