0.9447 +- -1.00 (1)
0.9769 +- -1.00 (1)
0.9345 +- -1.00 (1)
0.9303 +- -1.00 (1)
0.9487 +- -1.00 (1)
0.9613 +- -1.00 (1)
0.9660 +- -1.00 (1)
0.9807 +- -1.00 (1)
0.9330 +- -1.00 (1)
0.9553 +- -1.00 (1)
0.9361 +- -1.00 (1)
0.9493 +- -1.00 (1)
0.9765 +- -1.00 (1)
0.9692 +- -1.00 (1)
0.9698 +- -1.00 (1)
0.9652 +- -1.00 (1)
0.9797 +- -1.00 (1)
0.9139 +- -1.00 (1)
0.9566 +- -1.00 (1)
0.9548 +- -1.00 (1)
0.9644 +- -1.00 (1)
0.9619 +- -1.00 (1)
0.9614 +- -1.00 (1)
0.9518 +- -1.00 (1)
0.9666 +- -1.00 (1)
0.9704 +- -1.00 (1)
0.9667 +- -1.00 (1)
0.9649 +- -1.00 (1)
0.9660 +- -1.00 (1)
0.9749 +- -1.00 (1)
0.9640 +- -1.00 (1)
0.9584 +- -1.00 (1)
0.9715 +- -1.00 (1)
0.9637 +- -1.00 (1)
0.9768 +- -1.00 (1)
0.9640 +- -1.00 (1)
0.9779 +- -1.00 (1)
0.9486 +- -1.00 (1)
0.9605 +- -1.00 (1)
0.9613 +- -1.00 (1)
0.9619 +- -1.00 (1)
0.9732 +- -1.00 (1)
0.9583 +- -1.00 (1)
0.9728 +- -1.00 (1)
0.9649 +- -1.00 (1)
0.9651 +- -1.00 (1)
0.9675 +- -1.00 (1)
0.9585 +- -1.00 (1)
0.9652 +- -1.00 (1)
0.9663 +- -1.00 (1)
0.9639 +- -1.00 (1)
0.9560 +- -1.00 (1)
0.9744 +- -1.00 (1)
0.9653 +- -1.00 (1)
0.9659 +- -1.00 (1)
0.9607 +- -1.00 (1)
0.9561 +- -1.00 (1)
0.9528 +- -1.00 (1)
0.9738 +- -1.00 (1)
0.9649 +- -1.00 (1)
0.9618 +- -1.00 (1)
0.9697 +- -1.00 (1)
0.9643 +- -1.00 (1)
0.9734 +- -1.00 (1)
0.9675 +- -1.00 (1)
0.9599 +- -1.00 (1)
0.9650 +- -1.00 (1)
0.9654 +- -1.00 (1)
0.9673 +- -1.00 (1)
0.9651 +- -1.00 (1)
0.9568 +- -1.00 (1)
0.9599 +- -1.00 (1)
0.9738 +- -1.00 (1)
0.9701 +- -1.00 (1)
0.9672 +- -1.00 (1)
0.9612 +- -1.00 (1)
0.9576 +- -1.00 (1)
0.9504 +- -1.00 (1)
0.9731 +- -1.00 (1)
0.9658 +- -1.00 (1)
0.9568 +- -1.00 (1)
0.9660 +- -1.00 (1)
0.9631 +- -1.00 (1)
0.9668 +- -1.00 (1)
0.9661 +- -1.00 (1)
0.9589 +- -1.00 (1)
0.9643 +- -1.00 (1)
0.9579 +- -1.00 (1)
0.9624 +- -1.00 (1)
0.9651 +- -1.00 (1)
0.9636 +- -1.00 (1)
0.9593 +- -1.00 (1)
0.9673 +- -1.00 (1)
0.9665 +- -1.00 (1)
0.9633 +- -1.00 (1)
0.9633 +- -1.00 (1)
0.9641 +- -1.00 (1)
0.9592 +- -1.00 (1)
0.9654 +- -1.00 (1)
0.9649 +- -1.00 (1)
0.9610 +- -1.00 (1)
0.9681 +- -1.00 (1)
0.9645 +- -1.00 (1)
0.9735 +- -1.00 (1)
0.9610 +- -1.00 (1)
0.9581 +- -1.00 (1)
0.9576 +- -1.00 (1)
0.9577 +- -1.00 (1)
0.9583 +- -1.00 (1)
0.9602 +- -1.00 (1)
0.9680 +- -1.00 (1)
0.9617 +- -1.00 (1)
0.9650 +- -1.00 (1)
0.9651 +- -1.00 (1)
0.9644 +- -1.00 (1)
0.9643 +- -1.00 (1)
0.9668 +- -1.00 (1)
0.9578 +- -1.00 (1)
0.9716 +- -1.00 (1)
0.9683 +- -1.00 (1)
0.9585 +- -1.00 (1)
0.9619 +- -1.00 (1)
0.9601 +- -1.00 (1)
0.9652 +- -1.00 (1)
0.9612 +- -1.00 (1)
0.9659 +- -1.00 (1)
0.9601 +- -1.00 (1)
0.9622 +- -1.00 (1)
0.9554 +- -1.00 (1)
0.9624 +- -1.00 (1)
0.9559 +- -1.00 (1)
0.9566 +- -1.00 (1)
0.9578 +- -1.00 (1)
0.9675 +- -1.00 (1)
0.9659 +- -1.00 (1)
0.9601 +- -1.00 (1)
0.9601 +- -1.00 (1)
0.9541 +- -1.00 (1)
0.9574 +- -1.00 (1)
0.9612 +- -1.00 (1)
0.9523 +- -1.00 (1)
0.9560 +- -1.00 (1)
0.9481 +- -1.00 (1)
0.9562 +- -1.00 (1)
0.9563 +- -1.00 (1)
0.9558 +- -1.00 (1)
0.9579 +- -1.00 (1)
0.9534 +- -1.00 (1)
0.9484 +- -1.00 (1)
0.9595 +- -1.00 (1)
0.9533 +- -1.00 (1)
0.9584 +- -1.00 (1)
0.9579 +- -1.00 (1)
0.9591 +- -1.00 (1)
0.9567 +- -1.00 (1)
0.9562 +- -1.00 (1)
0.9562 +- -1.00 (1)
0.9609 +- -1.00 (1)
0.9575 +- -1.00 (1)
0.9534 +- -1.00 (1)
0.9532 +- -1.00 (1)
0.9606 +- -1.00 (1)
0.9558 +- -1.00 (1)
0.9567 +- -1.00 (1)
0.9528 +- -1.00 (1)
0.9503 +- -1.00 (1)
0.9530 +- -1.00 (1)
0.9493 +- -1.00 (1)
0.9439 +- -1.00 (1)
0.9491 +- -1.00 (1)
0.9554 +- -1.00 (1)
0.9496 +- -1.00 (1)
0.9537 +- -1.00 (1)
0.9474 +- -1.00 (1)
0.9489 +- -1.00 (1)
0.9575 +- -1.00 (1)
0.9564 +- -1.00 (1)
0.9548 +- -1.00 (1)
0.9446 +- -1.00 (1)
0.9535 +- -1.00 (1)
0.9532 +- -1.00 (1)
0.9537 +- -1.00 (1)
0.9532 +- -1.00 (1)
0.9526 +- -1.00 (1)
0.9558 +- -1.00 (1)
0.9441 +- -1.00 (1)
0.9526 +- -1.00 (1)
0.9499 +- -1.00 (1)
0.9492 +- -1.00 (1)
0.9477 +- -1.00 (1)
0.9484 +- -1.00 (1)
0.9517 +- -1.00 (1)
0.9483 +- -1.00 (1)
0.9537 +- -1.00 (1)
0.9517 +- -1.00 (1)
0.9503 +- -1.00 (1)
0.9511 +- -1.00 (1)
0.9524 +- -1.00 (1)
0.9483 +- -1.00 (1)
0.9542 +- -1.00 (1)
0.9531 +- -1.00 (1)
0.9530 +- -1.00 (1)
0.9465 +- -1.00 (1)
0.9522 +- -1.00 (1)
0.9460 +- -1.00 (1)
0.9497 +- -1.00 (1)
0.9513 +- -1.00 (1)
0.9574 +- -1.00 (1)
0.9473 +- -1.00 (1)
0.9476 +- -1.00 (1)
0.9485 +- -1.00 (1)
0.9553 +- -1.00 (1)
0.9454 +- -1.00 (1)
0.9495 +- -1.00 (1)
0.9536 +- -1.00 (1)
0.9472 +- -1.00 (1)
0.9504 +- -1.00 (1)
0.9487 +- -1.00 (1)
0.9466 +- -1.00 (1)
0.9498 +- -1.00 (1)
0.9525 +- -1.00 (1)
0.9513 +- -1.00 (1)
0.9479 +- -1.00 (1)
0.9509 +- -1.00 (1)
0.9492 +- -1.00 (1)
0.9426 +- -1.00 (1)
0.9421 +- -1.00 (1)
0.9478 +- -1.00 (1)
0.9528 +- -1.00 (1)
0.9463 +- -1.00 (1)
0.9506 +- -1.00 (1)
0.9487 +- -1.00 (1)
0.9596 +- -1.00 (1)
0.9548 +- -1.00 (1)
0.9514 +- -1.00 (1)
0.9482 +- -1.00 (1)
0.9502 +- -1.00 (1)
0.9488 +- -1.00 (1)
0.9465 +- -1.00 (1)
0.9479 +- -1.00 (1)
0.9508 +- -1.00 (1)
0.9491 +- -1.00 (1)
0.9468 +- -1.00 (1)
0.9409 +- -1.00 (1)
0.9550 +- -1.00 (1)
0.9357 +- -1.00 (1)
0.9510 +- -1.00 (1)
0.9440 +- -1.00 (1)
0.9443 +- -1.00 (1)
0.9538 +- -1.00 (1)
0.9522 +- -1.00 (1)
0.9452 +- -1.00 (1)
0.9461 +- -1.00 (1)
0.9497 +- -1.00 (1)
0.9461 +- -1.00 (1)
0.9449 +- -1.00 (1)
0.9437 +- -1.00 (1)
0.9471 +- -1.00 (1)
0.9529 +- -1.00 (1)
0.9491 +- -1.00 (1)
0.9495 +- -1.00 (1)
0.9468 +- -1.00 (1)
0.9456 +- -1.00 (1)
0.9544 +- -1.00 (1)
0.9427 +- -1.00 (1)
0.9442 +- -1.00 (1)
0.9498 +- -1.00 (1)
0.9447 +- -1.00 (1)
0.9535 +- -1.00 (1)
0.9466 +- -1.00 (1)
0.9442 +- -1.00 (1)
0.9495 +- -1.00 (1)
0.9448 +- -1.00 (1)
0.9430 +- -1.00 (1)
0.9511 +- -1.00 (1)
0.9455 +- -1.00 (1)
0.9535 +- -1.00 (1)
0.9407 +- -1.00 (1)
0.9415 +- -1.00 (1)
0.9482 +- -1.00 (1)
0.9516 +- -1.00 (1)
0.9512 +- -1.00 (1)
0.9451 +- -1.00 (1)
0.9507 +- -1.00 (1)
0.9494 +- -1.00 (1)
0.9449 +- -1.00 (1)
0.9467 +- -1.00 (1)
0.9321 +- -1.00 (1)
0.9485 +- -1.00 (1)
0.9451 +- -1.00 (1)
0.9441 +- -1.00 (1)
0.9492 +- -1.00 (1)
0.9468 +- -1.00 (1)
0.9462 +- -1.00 (1)
0.9501 +- -1.00 (1)
0.9476 +- -1.00 (1)
0.9522 +- -1.00 (1)
0.9451 +- -1.00 (1)
0.9424 +- -1.00 (1)
0.9436 +- -1.00 (1)
