0.2534 
0.2657 
0.2143 
0.2466 
0.2191 
0.1954 
0.1951 
0.2041 
0.2055 
0.2038 
0.1948 
0.2208 
0.1912 
0.2111 
0.1886 
0.2393 
0.1927 
0.2627 
0.2393 
0.2027 
0.2272 
0.2352 
0.1967 
0.2142 
0.1965 
0.2135 
0.2609 
0.1971 
0.2335 
0.2280 
0.2810 
0.2289 
0.2213 
0.2258 
0.2110 
0.1947 
0.1965 
0.2305 
0.2445 
0.2298 
0.2151 
0.2224 
0.1918 
0.2200 
0.2297 
0.1999 
0.2234 
0.2123 
0.2054 
0.2096 
0.2028 
0.2283 
0.2046 
0.1992 
0.2317 
0.2119 
0.2216 
0.2225 
0.2165 
0.2018 
0.1919 
0.2240 
0.2431 
0.2284 
0.2082 
0.2072 
0.2323 
0.2386 
0.2215 
0.1957 
0.1894 
0.1888 
0.1757 
0.2209 
0.2070 
0.2287 
0.2231 
0.2559 
0.2075 
0.2002 
0.2524 
0.2457 
0.2645 
0.2055 
0.2051 
0.2313 
0.2454 
0.2194 
0.2465 
0.2442 
0.2076 
0.2546 
0.2090 
0.2140 
0.1752 
0.2178 
0.2299 
0.2370 
0.2067 
0.1832 
0.5661 
0.5545 
0.5353 
0.5585 
0.5795 
0.5236 
0.5907 
0.5632 
0.5494 
0.5518 
0.5758 
0.5777 
0.5650 
0.5456 
0.5577 
0.5577 
0.5850 
0.5793 
0.5577 
0.5848 
0.5474 
0.5519 
0.5566 
0.5512 
0.5589 
0.6056 
0.5759 
0.5617 
0.5723 
0.5801 
0.5663 
0.5424 
0.5643 
0.5889 
0.5601 
0.5466 
0.5576 
0.5642 
0.5782 
0.5766 
0.5667 
0.5532 
0.5473 
0.5709 
0.5515 
0.5719 
0.5736 
0.5830 
0.5539 
0.5816 
0.5594 
0.5570 
0.5474 
0.5798 
0.5509 
0.5875 
0.5769 
0.5748 
0.5686 
0.5634 
0.5607 
0.5945 
0.5590 
0.5782 
0.5638 
0.5333 
0.5546 
0.5980 
0.5741 
0.5847 
0.5704 
0.5571 
0.5751 
0.5696 
0.5761 
0.5623 
0.5532 
0.5778 
0.5625 
0.5699 
0.5476 
0.5705 
0.5625 
0.5158 
0.5740 
0.5639 
0.5608 
0.5971 
0.5467 
0.5901 
0.5467 
0.5680 
0.5577 
0.5560 
0.5584 
0.5714 
0.5729 
0.5844 
0.5880 
0.5584 
0.2879 
0.2529 
0.2751 
0.3018 
0.2374 
0.2653 
0.2954 
0.3155 
0.3059 
0.2567 
0.2063 
0.2997 
0.3138 
0.3202 
0.2848 
0.2896 
0.2427 
0.2621 
0.2896 
0.3107 
0.3310 
0.2796 
0.2965 
0.2307 
0.2992 
0.3071 
0.3191 
0.3478 
0.2597 
0.2708 
0.3418 
0.3008 
0.2361 
0.3074 
0.2619 
0.2738 
0.3178 
0.2951 
0.3334 
0.2519 
0.2834 
0.2367 
0.3083 
0.2711 
0.2499 
0.2345 
0.3017 
0.2580 
0.3129 
0.2596 
0.2954 
0.3133 
0.2910 
0.2625 
0.3206 
0.3252 
0.3263 
0.3533 
0.2605 
0.2879 
0.2666 
0.3075 
0.3074 
0.3499 
0.2625 
0.2808 
0.2769 
0.2448 
0.3002 
0.4002 
0.2538 
0.2742 
0.3106 
0.2920 
0.2413 
0.2658 
0.2319 
0.2852 
0.3505 
0.3367 
0.2495 
0.2794 
0.2944 
0.2871 
0.3208 
0.2409 
0.2991 
0.2859 
0.2834 
0.2675 
0.2949 
0.3002 
0.3065 
0.2735 
0.2865 
0.3100 
0.2870 
0.3417 
0.3078 
0.2792 
0.1793 
0.1817 
0.1970 
0.2540 
0.2098 
0.2232 
0.2006 
0.2177 
0.1946 
0.2268 
0.2414 
0.1888 
0.2188 
0.2062 
0.2146 
0.1931 
0.2145 
0.2196 
0.1931 
0.1975 
0.2037 
0.2405 
0.2194 
0.2164 
0.2567 
0.2327 
0.2480 
0.2633 
0.2448 
0.2050 
0.2380 
0.2194 
0.1673 
0.2374 
0.1723 
0.2237 
0.2225 
0.2060 
0.1955 
0.1755 
0.2171 
0.1878 
0.2050 
0.2084 
0.2091 
0.1970 
0.1992 
0.2531 
0.2124 
0.2283 
0.2387 
0.2208 
0.2480 
0.1726 
0.1832 
0.1928 
0.2204 
0.1947 
0.2209 
0.2056 
0.2034 
0.2035 
0.2303 
0.2472 
0.2094 
0.1898 
0.1792 
0.2416 
0.2234 
0.2312 
0.2193 
0.2060 
0.2018 
0.2034 
0.2077 
0.1948 
0.1929 
0.1934 
0.2551 
0.2517 
0.2206 
0.1861 
0.2143 
0.2512 
0.2030 
0.1990 
0.2120 
0.1980 
0.1902 
0.2073 
0.1806 
0.2083 
0.1938 
0.1888 
0.1958 
0.2174 
0.2116 
0.2285 
0.2399 
0.2174 
0.4913 
0.5106 
0.5094 
0.4738 
0.4837 
0.4751 
0.4869 
0.4879 
0.4776 
0.4974 
0.4990 
0.4901 
0.5039 
0.5311 
0.4670 
0.5186 
0.4859 
0.5160 
0.5186 
0.4964 
0.4514 
0.4776 
0.4706 
0.5133 
0.4991 
0.5071 
0.5021 
0.5015 
0.4819 
0.4825 
0.4903 
0.4832 
0.4669 
0.4921 
0.4847 
0.4983 
0.4779 
0.4813 
0.4963 
0.5091 
0.4621 
0.4965 
0.4572 
0.5082 
0.5253 
0.4270 
0.4774 
0.4759 
0.4895 
0.4818 
0.5062 
0.4775 
0.5046 
0.4922 
0.5127 
0.4676 
0.5019 
0.5210 
0.4745 
0.5107 
0.4913 
0.5287 
0.4700 
0.5274 
0.4831 
0.4957 
0.4220 
0.4763 
0.5178 
0.5087 
0.5152 
0.5380 
0.4735 
0.4730 
0.5162 
0.4958 
0.4629 
0.4622 
0.4885 
0.4938 
0.4661 
0.4603 
0.5155 
0.5261 
0.4968 
0.4781 
0.4789 
0.5448 
0.4849 
0.4870 
0.5418 
0.5188 
0.4834 
0.4959 
0.4229 
0.4986 
0.4934 
0.5158 
0.4759 
0.4948 
0.4852 
0.4926 
0.5169 
0.5048 
0.5099 
0.5283 
0.4753 
0.5059 
0.4878 
0.4838 
0.5350 
0.4633 
0.4806 
0.4895 
0.4848 
0.5075 
0.5207 
0.4664 
0.5075 
0.4928 
0.4922 
0.4875 
0.4725 
0.4599 
0.5112 
0.5046 
0.4798 
0.4594 
0.4881 
0.4800 
0.5025 
0.5164 
0.5009 
0.4927 
0.4706 
0.4929 
0.5232 
0.4725 
0.4779 
0.4865 
0.4939 
0.4817 
0.4887 
0.5048 
0.4834 
0.5025 
0.4845 
0.5024 
0.4493 
0.4875 
0.4733 
0.4855 
0.5302 
0.5181 
0.4996 
0.5230 
0.5063 
0.4969 
0.5010 
0.4804 
0.5402 
0.5220 
0.4774 
0.5059 
0.4766 
0.4624 
0.4644 
0.5197 
0.4839 
0.4839 
0.5188 
0.5186 
0.4808 
0.4408 
0.5117 
0.4752 
0.4882 
0.4689 
0.4939 
0.4454 
0.4884 
0.4500 
0.4923 
0.4843 
0.4806 
0.5072 
0.4802 
0.5081 
0.4989 
0.4615 
0.4715 
0.5105 
0.4642 
0.5176 
0.5175 
0.4778 
0.4550 
0.4898 
0.4939 
0.4960 
0.2861 
0.3206 
0.2821 
0.3046 
0.2711 
0.2423 
0.2925 
0.2648 
0.2961 
0.2818 
0.2853 
0.2379 
0.3223 
0.3400 
0.2742 
0.2780 
0.2621 
0.3285 
0.2780 
0.2615 
0.2443 
0.3011 
0.3070 
0.2855 
0.3394 
0.2321 
0.2342 
0.3407 
0.2752 
0.2918 
0.3050 
0.2441 
0.3065 
0.2875 
0.2432 
0.2891 
0.2893 
0.3504 
0.2970 
0.2637 
0.2946 
0.2957 
0.2995 
0.2824 
0.3326 
0.2424 
0.2705 
0.2972 
0.2801 
0.3077 
0.2930 
0.3175 
0.3404 
0.2890 
0.2688 
0.2902 
0.2583 
0.2312 
0.2809 
0.2520 
0.3009 
0.2533 
0.3058 
0.2813 
0.2723 
0.3092 
0.2898 
0.3289 
0.2431 
0.3173 
0.2732 
0.2178 
0.2511 
0.2526 
0.2930 
0.2630 
0.3105 
0.3022 
0.2895 
0.2806 
0.2960 
0.2831 
0.2893 
0.3140 
0.2991 
0.2706 
0.2378 
0.3157 
0.2578 
0.3101 
0.3125 
0.2618 
0.2824 
0.2711 
0.2953 
0.2348 
0.2958 
0.2298 
0.2996 
0.3112 
0.4988 
0.5439 
0.5413 
0.5013 
0.5118 
0.4970 
0.5466 
0.5535 
0.5387 
0.4741 
0.5376 
0.5280 
0.5193 
0.5170 
0.5071 
0.5445 
0.5091 
0.5493 
0.5445 
0.5329 
0.5478 
0.5059 
0.5580 
0.5123 
0.4963 
0.4659 
0.4812 
0.5027 
0.4634 
0.5647 
0.5172 
0.5429 
0.5218 
0.5286 
0.4978 
0.5372 
0.5332 
0.5310 
0.5296 
0.4875 
0.5433 
0.5189 
0.5204 
0.5534 
0.5589 
0.5332 
0.5095 
0.5045 
0.5317 
0.5431 
0.5356 
0.5184 
0.5177 
0.5100 
0.5560 
0.5219 
0.5684 
0.5839 
0.5099 
0.5472 
0.5112 
0.5617 
0.4932 
0.5545 
0.5173 
0.5268 
0.4965 
0.4969 
0.5363 
0.5037 
0.4822 
0.5256 
0.5315 
0.5283 
0.5285 
0.5355 
0.4974 
0.5241 
0.4929 
0.5210 
0.5427 
0.5377 
0.5150 
0.5652 
0.4916 
0.5524 
0.5869 
0.5310 
0.5324 
0.5175 
0.5675 
0.4976 
0.5646 
0.5618 
0.5604 
0.5591 
0.4633 
0.5651 
0.5420 
0.5253 
0.5233 
0.4967 
0.5307 
0.5272 
0.4876 
0.5188 
0.5184 
0.5137 
0.5348 
0.5319 
0.5262 
0.5169 
0.5210 
0.5557 
0.5458 
0.5266 
0.5386 
0.5124 
0.5268 
0.5414 
0.5079 
0.5617 
0.5062 
0.5300 
0.5270 
0.5044 
0.4935 
0.4952 
0.5336 
0.5535 
0.5300 
0.5401 
0.5511 
0.5261 
0.5476 
0.5299 
0.5216 
0.5092 
0.5251 
0.4731 
0.5446 
0.5108 
0.4972 
0.5085 
0.5321 
0.5096 
0.5687 
0.5236 
0.5175 
0.5595 
0.4754 
0.5178 
0.5218 
0.5236 
0.5227 
0.5503 
0.5102 
0.5581 
0.5530 
0.5089 
0.4810 
0.5221 
0.4776 
0.5121 
0.5290 
0.5171 
0.5482 
0.5103 
0.5130 
0.5317 
0.5237 
0.5056 
0.5266 
0.4787 
0.5532 
0.5076 
0.5286 
0.5354 
0.5144 
0.5010 
0.5461 
0.5249 
0.5525 
0.4974 
0.5214 
0.5636 
0.5121 
0.5084 
0.5380 
0.4861 
0.5157 
0.4831 
0.5252 
0.5523 
0.4719 
0.5723 
0.5345 
0.5445 
0.5275 
0.4949 
0.5479 
0.5400 
0.5159 
0.4912 
0.5039 
0.5206 
0.5263 
0.5039 
0.4961 
0.4978 
0.5041 
0.5171 
0.5094 
0.5170 
0.5046 
0.5328 
0.5328 
0.5308 
0.4877 
0.5231 
0.4788 
0.4825 
0.4951 
0.5094 
0.5145 
0.5394 
0.5306 
0.5142 
0.4906 
0.5034 
0.5126 
0.5404 
0.5105 
0.5267 
0.4691 
0.4985 
0.5361 
0.5034 
0.5277 
0.5095 
0.4396 
0.5302 
0.5222 
0.5066 
0.5526 
0.5553 
0.5274 
0.5178 
0.4641 
0.4818 
0.5170 
0.4665 
0.4716 
0.5561 
0.5135 
0.5534 
0.4344 
0.5112 
0.5421 
0.5027 
0.5341 
0.4806 
0.5057 
0.5480 
0.5319 
0.5450 
0.5279 
0.4870 
0.5564 
0.5366 
0.5328 
0.5264 
0.5432 
0.5246 
0.5158 
0.4798 
0.4348 
0.5545 
0.5364 
0.4799 
0.4877 
0.5270 
0.4783 
0.5544 
0.5481 
0.5125 
0.4954 
0.5426 
0.5337 
0.5077 
0.5236 
0.5036 
0.5431 
0.5312 
0.5517 
0.5369 
0.5179 
0.5338 
0.5262 
0.5143 
0.4907 
0.5091 
0.5035 
0.4822 
0.4634 
0.5047 
0.4684 
0.5001 
0.4930 
0.5147 
0.5016 
0.4870 
0.5313 
0.4913 
0.5111 
0.5158 
0.5155 
0.4949 
0.5158 
0.4602 
0.4745 
0.5012 
0.4980 
0.4982 
0.5220 
0.4912 
0.5244 
0.4925 
0.5066 
0.5128 
0.5143 
0.5014 
0.5118 
0.4599 
0.4796 
0.4936 
0.5020 
0.5076 
0.4854 
0.4892 
0.4881 
0.4705 
0.4992 
0.4829 
0.4675 
0.5060 
0.4774 
0.4747 
0.4707 
0.5219 
0.4893 
0.4919 
0.5253 
0.5033 
0.4421 
0.5108 
0.5083 
0.4914 
0.4898 
0.5149 
0.4943 
0.4844 
0.4887 
0.4834 
0.5164 
0.5199 
0.5168 
0.4671 
0.5230 
0.4971 
0.4799 
0.5260 
0.4717 
0.4977 
0.4636 
0.5048 
0.4855 
0.4863 
0.4847 
0.4782 
0.4987 
0.5025 
0.5067 
0.4735 
0.4943 
0.5202 
0.4828 
0.5149 
0.4841 
0.5065 
0.5214 
0.4747 
0.4712 
0.4666 
0.4787 
0.4759 
0.5104 
0.4634 
0.4808 
0.4620 
