0.565 0.4511 0.2534 5
0.5718 0.4662 0.2657 4
0.4832 0.4478 0.2143 10
0.5465 0.4531 0.2466 6
0.5508 0.4 0.2191 6
0.4828 0.4101 0.1954 12
0.5005 0.3923 0.1951 5
0.4879 0.4198 0.2041 4
0.535 0.3873 0.2055 5
0.5255 0.3942 0.2038 9
0.4928 0.3969 0.1948 7
0.4736 0.4662 0.2208 2
0.4747 0.4041 0.1912 3
0.5144 0.4127 0.2111 7
0.48 0.3984 0.1886 9
0.5502 0.437 0.2393 6
0.4905 0.3971 0.1927 7
0.5764 0.459 0.2627 7
0.5502 0.437 0.2393 6
0.4693 0.4357 0.2027 6
0.5446 0.4179 0.2272 4
0.552 0.4275 0.2352 5
0.5132 0.3876 0.1967 9
0.5212 0.4118 0.2142 5
0.4721 0.4222 0.1965 9
0.4894 0.4409 0.2135 7
0.5404 0.4861 0.2609 7
0.4768 0.4141 0.1971 4
0.5308 0.446 0.2335 7
0.5413 0.4252 0.228 6
0.5972 0.4706 0.281 1
0.4885 0.4695 0.2289 3
0.5107 0.4348 0.2213 4
0.5259 0.4331 0.2258 7
0.5022 0.4207 0.211 4
0.443 0.4427 0.1947 6
0.4789 0.4104 0.1965 1
0.5352 0.4318 0.2305 5
0.5648 0.4406 0.2445 7
0.5339 0.4318 0.2298 5
0.5308 0.4104 0.2151 10
0.5367 0.4179 0.2224 7
0.4949 0.3897 0.1918 7
0.5082 0.4403 0.22 10
0.5424 0.4262 0.2297 8
0.5077 0.3952 0.1999 5
0.5417 0.4206 0.2234 8
0.5194 0.4094 0.2123 2
0.4657 0.4435 0.2054 5
0.501 0.4211 0.2096 7
0.4763 0.4266 0.2028 6
0.5111 0.4478 0.2283 5
0.489 0.4228 0.2046 8
0.4885 0.413 0.1992 9
0.5407 0.4307 0.2317 6
0.5135 0.4184 0.2119 5
0.5221 0.4254 0.2216 5
0.5307 0.4218 0.2225 5
0.5339 0.4091 0.2165 7
0.5205 0.3885 0.2018 4
0.5209 0.3701 0.1919 5
0.4874 0.4643 0.224 12
0.5551 0.4384 0.2431 3
0.5218 0.4409 0.2284 5
0.5123 0.411 0.2082 9
0.5455 0.3835 0.2072 6
0.5399 0.4307 0.2323 4
0.5411 0.4435 0.2386 6
0.5144 0.4361 0.2215 6
0.5034 0.3952 0.1957 4
0.4814 0.3986 0.1894 9
0.4558 0.4167 0.1888 6
0.4843 0.3672 0.1757 9
0.4953 0.446 0.2209 1
0.5411 0.3852 0.207 5
0.5067 0.4574 0.2287 6
0.4992 0.4476 0.2231 3
0.5442 0.4706 0.2559 2
0.4879 0.4275 0.2075 5
0.4997 0.4085 0.2002 11
0.5549 0.4599 0.2524 6
0.565 0.4426 0.2457 7
0.5821 0.4609 0.2645 9
0.4795 0.4297 0.2055 3
0.5002 0.4138 0.2051 5
0.5374 0.4318 0.2313 5
0.5462 0.4526 0.2454 7
0.5045 0.4361 0.2194 6
0.5203 0.4758 0.2465 5
0.596 0.4141 0.2442 5
0.4797 0.4361 0.2076 8
0.5655 0.4514 0.2546 6
0.5113 0.4122 0.209 7
0.519 0.4225 0.214 11
0.458 0.3857 0.1752 7
0.5153 0.4264 0.2178 5
0.5453 0.4266 0.2299 11
0.5179 0.4627 0.237 7
0.483 0.4296 0.2067 5
0.4888 0.3803 0.1832 5
0.899 0.6299 0.5661 2
0.8983 0.6174 0.5545 3
0.9077 0.5897 0.5353 1
0.9077 0.6154 0.5585 3
0.9118 0.6357 0.5795 2
0.8701 0.6019 0.5236 3
0.9129 0.6475 0.5907 2
0.9058 0.6218 0.5632 2
0.8866 0.6198 0.5494 2
0.8908 0.6198 0.5518 4
0.8962 0.6429 0.5758 4
0.9131 0.6331 0.5777 2
0.8823 0.6406 0.565 5
0.8942 0.6102 0.5456 1
0.8868 0.6293 0.5577 3
0.8818 0.6325 0.5577 1
0.8949 0.6538 0.585 3
0.9061 0.6397 0.5793 5
0.8818 0.6325 0.5577 1
0.9144 0.641 0.5848 7
0.9131 0.6 0.5474 5
0.8935 0.6179 0.5519 4
0.8882 0.6271 0.5566 5
0.9033 0.6111 0.5512 6
0.8912 0.6273 0.5589 3
0.9019 0.6718 0.6056 3
0.9014 0.6391 0.5759 4
0.8944 0.6281 0.5617 3
0.89 0.6435 0.5723 3
0.9089 0.6385 0.5801 2
0.891 0.6356 0.5663 2
0.8916 0.6091 0.5424 4
0.8978 0.629 0.5643 4
0.9063 0.6508 0.5889 3
0.9001 0.623 0.5601 6
0.892 0.6129 0.5466 2
0.8986 0.621 0.5576 4
0.892 0.6328 0.5642 2
0.9118 0.6341 0.5782 1
0.8893 0.6484 0.5766 3
0.9009 0.629 0.5667 2
0.8815 0.6281 0.5532 5
0.8974 0.6106 0.5473 2
0.9014 0.6336 0.5709 2
0.9007 0.6132 0.5515 6
0.8964 0.6387 0.5719 4
0.8994 0.6378 0.5736 3
0.8999 0.648 0.583 2
0.8921 0.621 0.5539 3
0.9069 0.6423 0.5816 5
0.9043 0.6186 0.5594 1
0.8901 0.6261 0.557 4
0.8945 0.6121 0.5474 2
0.9064 0.6406 0.5798 7
0.8863 0.6218 0.5509 3
0.9101 0.6471 0.5875 5
0.9089 0.6356 0.5769 5
0.8983 0.6406 0.5748 7
0.899 0.6325 0.5686 2
0.9039 0.625 0.5634 10
0.8957 0.626 0.5607 2
0.8883 0.6694 0.5945 3
0.8932 0.626 0.559 4
0.897 0.6452 0.5782 4
0.9028 0.625 0.5638 4
0.8943 0.5963 0.5333 1
0.9105 0.6091 0.5546 2
0.9043 0.6618 0.598 6
0.9018 0.6371 0.5741 3
0.9146 0.6393 0.5847 1
0.88 0.6484 0.5704 2
0.8931 0.624 0.5571 4
0.9064 0.6349 0.5751 3
0.8887 0.6417 0.5696 5
0.9163 0.6303 0.5761 5
0.9031 0.6228 0.5623 2
0.9014 0.6142 0.5532 4
0.916 0.6328 0.5778 8
0.899 0.626 0.5625 4
0.9125 0.625 0.5699 5
0.9029 0.6068 0.5476 3
0.8965 0.6364 0.5705 3
0.9049 0.622 0.5625 2
0.8868 0.5818 0.5158 2
0.9022 0.6364 0.574 4
0.904 0.6239 0.5639 2
0.9045 0.6202 0.5608 3
0.9143 0.6535 0.5971 6
0.8924 0.6129 0.5467 3
0.9042 0.6535 0.5901 6
0.8959 0.6102 0.5467 1
0.8816 0.6446 0.568 4
0.9099 0.6134 0.5577 3
0.8813 0.6311 0.556 2
0.8897 0.6281 0.5584 3
0.8918 0.6412 0.5714 3
0.9008 0.6364 0.5729 3
0.9071 0.6446 0.5844 4
0.9001 0.6535 0.588 4
0.872 0.641 0.5584 5
0.6618 0.4357 0.2879 3
0.6108 0.4183 0.2529 6
0.6466 0.4266 0.2751 4
0.6868 0.4408 0.3018 5
0.6148 0.3862 0.2374 1
0.6193 0.4296 0.2653 6
0.667 0.4429 0.2954 2
0.6861 0.4615 0.3155 6
0.6784 0.451 0.3059 2
0.6023 0.4276 0.2567 5
0.5239 0.3938 0.2063 3
0.6617 0.4552 0.2997 7
0.6894 0.4552 0.3138 3
0.7026 0.4571 0.3202 4
0.6329 0.4503 0.2848 3
0.6872 0.4214 0.2896 1
0.5872 0.4151 0.2427 6
0.6329 0.4156 0.2621 5
0.6872 0.4214 0.2896 1
0.673 0.4641 0.3107 8
0.6629 0.5 0.331 4
0.6433 0.4357 0.2796 4
0.6243 0.4752 0.2965 4
0.5825 0.3986 0.2307 7
0.6864 0.4367 0.2992 3
0.6639 0.4671 0.3071 9
0.7014 0.4564 0.3191 4
0.7005 0.4966 0.3478 2
0.5847 0.4452 0.2597 3
0.6214 0.4367 0.2708 4
0.7152 0.4779 0.3418 1
0.6319 0.4762 0.3008 2
0.6188 0.3867 0.2361 6
0.685 0.4503 0.3074 3
0.6359 0.4133 0.2619 4
0.6392 0.4295 0.2738 4
0.6812 0.4671 0.3178 5
0.6741 0.4384 0.2951 5
0.7043 0.4737 0.3334 4
0.5906 0.4268 0.2519 3
0.6445 0.4403 0.2834 5
0.5658 0.4184 0.2367 2
0.6675 0.4631 0.3083 5
0.6167 0.4414 0.2711 5
0.6117 0.4088 0.2499 2
0.6095 0.3861 0.2345 5
0.6461 0.4672 0.3017 2
0.5955 0.4342 0.258 6
0.6697 0.4699 0.3129 7
0.6237 0.4172 0.2596 3
0.6798 0.4362 0.2954 5
0.6987 0.4503 0.3133 4
0.6467 0.4514 0.291 4
0.6398 0.4106 0.2625 3
0.6804 0.4733 0.3206 3
0.731 0.4467 0.3252 6
0.714 0.4586 0.3263 6
0.731 0.4839 0.3533 3
0.5861 0.4444 0.2605 1
0.6612 0.4357 0.2879 3
0.6579 0.4067 0.2666 3
0.6553 0.4702 0.3075 5
0.6282 0.4894 0.3074 1
0.7006 0.5 0.3499 4
0.6069 0.4354 0.2625 8
0.6543 0.4295 0.2808 3
0.6075 0.4583 0.2769 6
0.6155 0.3986 0.2448 4
0.6848 0.4397 0.3002 3
0.7503 0.5344 0.4002 5
0.5948 0.4276 0.2538 4
0.6143 0.4467 0.2742 2
0.6895 0.4521 0.3106 5
0.66 0.4437 0.292 5
0.6172 0.3919 0.2413 5
0.6177 0.4329 0.2658 7
0.5926 0.3919 0.2319 3
0.6345 0.4503 0.2852 3
0.7119 0.4931 0.3505 2
0.6831 0.4929 0.3367 1
0.6028 0.415 0.2495 5
0.6449 0.4336 0.2794 2
0.6567 0.4483 0.2944 2
0.6448 0.4452 0.2871 1
0.6957 0.4615 0.3208 4
0.5671 0.4248 0.2409 1
0.6783 0.443 0.2991 5
0.6356 0.4503 0.2859 4
0.6556 0.4324 0.2834 2
0.6003 0.4465 0.2675 7
0.6356 0.4662 0.2949 6
0.6713 0.4494 0.3002 4
0.6629 0.4631 0.3065 3
0.6197 0.4422 0.2735 4
0.6355 0.4521 0.2865 3
0.6469 0.4828 0.31 6
0.6233 0.461 0.287 5
0.7033 0.4859 0.3417 2
0.6875 0.4487 0.3078 3
0.6116 0.4575 0.2792 6
0.586 0.3113 0.1793 7
0.5884 0.3125 0.1817 7
0.5995 0.33 0.197 6
0.658 0.3868 0.254 3
0.59 0.3571 0.2098 6
0.6565 0.3434 0.2232 6
0.609 0.3303 0.2006 4
0.6356 0.3438 0.2177 5
0.5991 0.3265 0.1946 3
0.6319 0.3608 0.2268 4
0.6849 0.3535 0.2414 4
0.5988 0.3163 0.1888 4
0.6272 0.3529 0.2188 5
0.6464 0.3204 0.2062 2
0.6046 0.3558 0.2146 5
0.5707 0.3398 0.1931 3
0.6383 0.337 0.2145 5
0.6501 0.34 0.2196 5
0.5707 0.3398 0.1931 3
0.5961 0.3333 0.1975 4
0.6252 0.3273 0.2037 5
0.6562 0.3689 0.2405 5
0.6296 0.3495 0.2194 4
0.6323 0.3462 0.2164 6
0.692 0.3737 0.2567 7
0.637 0.3654 0.2327 2
0.6729 0.3689 0.248 3
0.6916 0.3854 0.2633 4
0.6538 0.3762 0.2448 3
0.5871 0.3524 0.205 4
0.6648 0.36 0.238 4
0.6709 0.33 0.2194 5
0.5592 0.3036 0.1673 4
0.6473 0.37 0.2374 7
0.5389 0.3238 0.1723 6
0.5988 0.375 0.2237 4
0.6255 0.3611 0.2225 7
0.6042 0.3426 0.206 4
0.6151 0.32 0.1955 5
0.5725 0.3091 0.1755 5
0.6454 0.3364 0.2171 2
0.5873 0.3214 0.1878 3
0.6184 0.3333 0.205 3
0.5992 0.35 0.2084 6
0.6068 0.3469 0.2091 5
0.6142 0.3232 0.197 5
0.6048 0.33 0.1992 5
0.6829 0.375 0.2531 4
0.6138 0.3469 0.2124 3
0.6738 0.3434 0.2283 8
0.6547 0.3663 0.2387 5
0.6037 0.3663 0.2208 3
0.6666 0.3723 0.248 3
0.5586 0.3113 0.1726 7
0.5719 0.3238 0.1832 4
0.5622 0.3455 0.1928 4
0.6728 0.3301 0.2204 4
0.6138 0.3173 0.1947 3
0.65 0.3431 0.2209 3
0.6341 0.3267 0.2056 4
0.5912 0.3455 0.2034 6
0.5939 0.3429 0.2035 3
0.6048 0.383 0.2303 3
0.6776 0.3689 0.2472 5
0.6106 0.3458 0.2094 6
0.5893 0.3238 0.1898 5
0.5281 0.3438 0.1792 5
0.6374 0.38 0.2416 3
0.6194 0.3636 0.2234 4
0.6261 0.37 0.2312 4
0.639 0.3465 0.2193 8
0.6283 0.3333 0.206 6
0.5855 0.3458 0.2018 3
0.5786 0.3564 0.2034 6
0.6285 0.3394 0.2077 4
0.5776 0.34 0.1948 4
0.6201 0.3119 0.1929 4
0.6303 0.3077 0.1934 3
0.6501 0.3936 0.2551 4
0.6475 0.3889 0.2517 2
0.6409 0.3486 0.2206 5
0.5648 0.3333 0.1861 4
0.6328 0.3402 0.2143 3
0.6455 0.39 0.2512 3
0.628 0.3269 0.203 4
0.5781 0.3465 0.199 3
0.6083 0.3505 0.212 5
0.6254 0.3204 0.198 5
0.5746 0.3333 0.1902 5
0.5812 0.3571 0.2073 4
0.6093 0.2981 0.1806 3
0.6006 0.3495 0.2083 4
0.6175 0.3148 0.1938 3
0.5868 0.3243 0.1888 4
0.6192 0.3173 0.1958 4
0.6561 0.3365 0.2174 7
0.6368 0.3398 0.2116 8
0.6632 0.3462 0.2285 4
0.6944 0.3474 0.2399 3
0.5896 0.37 0.2174 4
0.8914 0.5524 0.4913 4
0.9169 0.5591 0.5106 5
0.8896 0.5728 0.5094 4
0.8785 0.54 0.4738 4
0.9114 0.5326 0.4837 5
0.8693 0.5474 0.4751 5
0.8679 0.5638 0.4869 7
0.8854 0.5521 0.4879 4
0.8865 0.5392 0.4776 2
0.8957 0.5567 0.4974 8
0.8758 0.5699 0.499 2
0.8713 0.5638 0.4901 5
0.8888 0.5684 0.5039 5
0.9332 0.5714 0.5311 7
0.8669 0.5408 0.467 5
0.8939 0.5833 0.5186 7
0.8882 0.5495 0.4859 4
0.8986 0.5758 0.516 8
0.8939 0.5833 0.5186 7
0.892 0.56 0.4964 9
0.8757 0.5169 0.4514 5
0.8514 0.5619 0.4776 5
0.872 0.5426 0.4706 7
0.9059 0.5684 0.5133 5
0.888 0.5631 0.4991 4
0.8908 0.5714 0.5071 6
0.8707 0.5776 0.5021 3
0.8772 0.5728 0.5015 8
0.8772 0.5521 0.4819 6
0.8803 0.549 0.4825 5
0.8829 0.5556 0.4903 4
0.8811 0.5495 0.4832 4
0.8695 0.5385 0.4669 5
0.9014 0.5481 0.4921 8
0.8661 0.5625 0.4847 7
0.9013 0.5543 0.4983 5
0.8959 0.534 0.4779 3
0.9058 0.5319 0.4813 4
0.8891 0.5591 0.4963 5
0.9009 0.5657 0.5091 4
0.849 0.5446 0.4621 3
0.8702 0.5714 0.4965 5
0.8606 0.5319 0.4572 2
0.9021 0.5657 0.5082 6
0.9087 0.5795 0.5253 5
0.8365 0.5109 0.427 3
0.8867 0.5392 0.4774 6
0.8839 0.5402 0.4759 7
0.873 0.5612 0.4895 4
0.8718 0.5556 0.4818 8
0.9139 0.5556 0.5062 8
0.8746 0.5474 0.4775 5
0.8765 0.5773 0.5046 5
0.8738 0.5644 0.4922 6
0.8871 0.578 0.5127 1
0.8707 0.5377 0.4676 3
0.8878 0.5667 0.5019 6
0.897 0.5842 0.521 7
0.8749 0.5426 0.4745 3
0.8904 0.5743 0.5107 4
0.8828 0.56 0.4913 6
0.891 0.5941 0.5287 4
0.8761 0.5385 0.47 6
0.9001 0.5882 0.5274 5
0.8894 0.5437 0.4831 4
0.8931 0.5579 0.4957 8
0.8637 0.4894 0.422 6
0.8621 0.5532 0.4763 3
0.8713 0.5957 0.5178 4
0.9053 0.5644 0.5087 6
0.8954 0.5758 0.5152 3
0.8914 0.604 0.538 3
0.8694 0.5464 0.4735 6
0.8481 0.5579 0.473 3
0.8863 0.5833 0.5162 7
0.8906 0.5579 0.4958 4
0.8628 0.5377 0.4629 6
0.8627 0.5376 0.4622 6
0.8845 0.5532 0.4885 5
0.89 0.5567 0.4938 7
0.8829 0.5287 0.4661 5
0.874 0.5275 0.4603 6
0.8967 0.5761 0.5155 6
0.9082 0.5833 0.5261 7
0.888 0.56 0.4968 4
0.8871 0.5412 0.4781 6
0.8743 0.549 0.4789 6
0.9094 0.6019 0.5448 6
0.8658 0.5612 0.4849 6
0.8715 0.5596 0.487 4
0.9179 0.5918 0.5418 8
0.8952 0.58 0.5188 4
0.8871 0.5464 0.4834 5
0.8668 0.5729 0.4959 4
0.866 0.4894 0.4229 6
0.9104 0.551 0.4986 7
0.8604 0.5743 0.4934 5
0.8851 0.5833 0.5158 4
0.8776 0.5435 0.4759 7
0.8874 0.5579 0.4948 4
0.8869 0.5495 0.4852 4
0.8811 0.5591 0.4926 2
0.9133 0.5698 0.5169 9
0.896 0.5652 0.5048 6
0.906 0.5647 0.5099 6
0.9172 0.5778 0.5283 5
0.8811 0.5426 0.4753 7
0.8905 0.5682 0.5059 2
0.9103 0.5393 0.4878 8
0.8957 0.5426 0.4838 7
0.9218 0.5843 0.535 8
0.8819 0.5301 0.4633 7
0.8745 0.5506 0.4806 3
0.8767 0.5618 0.4895 6
0.8813 0.5517 0.4848 4
0.9068 0.5652 0.5075 9
0.889 0.5895 0.5207 5
0.8666 0.5385 0.4664 5
0.9068 0.5652 0.5075 9
0.8723 0.5652 0.4928 3
0.9168 0.5385 0.4922 4
0.8712 0.5612 0.4875 5
0.8778 0.5385 0.4725 2
0.8726 0.5281 0.4599 3
0.9067 0.5657 0.5112 5
0.9046 0.5579 0.5046 2
0.8946 0.5393 0.4798 8
0.8851 0.5208 0.4594 5
0.8993 0.5435 0.4881 3
0.8865 0.5426 0.48 6
0.9012 0.5618 0.5025 8
0.9106 0.5699 0.5164 9
0.9028 0.5568 0.5009 6
0.891 0.5568 0.4927 6
0.9074 0.5222 0.4706 6
0.8714 0.5657 0.4929 3
0.9165 0.573 0.5232 7
0.8775 0.5393 0.4725 5
0.8764 0.5476 0.4779 4
0.8889 0.5517 0.4865 7
0.8749 0.5652 0.4939 5
0.8839 0.5464 0.4817 3
0.8772 0.5591 0.4887 4
0.8902 0.5682 0.5048 4
0.8921 0.5435 0.4834 5
0.9091 0.5556 0.5025 5
0.8906 0.5455 0.4845 7
0.912 0.5543 0.5024 5
0.8464 0.5319 0.4493 5
0.8859 0.5529 0.4875 9
0.905 0.5287 0.4733 7
0.8817 0.5532 0.4855 6
0.9174 0.5802 0.5302 7
0.8997 0.5824 0.5181 13
0.8805 0.5699 0.4996 6
0.9187 0.5747 0.523 12
0.8996 0.5647 0.5063 7
0.9308 0.5349 0.4969 5
0.8841 0.5682 0.501 5
0.888 0.5422 0.4804 4
0.9265 0.5909 0.5402 12
0.9187 0.5714 0.522 9
0.8695 0.5495 0.4774 4
0.9045 0.5604 0.5059 3
0.8737 0.5455 0.4766 2
0.8748 0.5287 0.4624 2
0.9107 0.5119 0.4644 5
0.9098 0.5729 0.5197 5
0.8918 0.5444 0.4839 5
0.8705 0.5567 0.4839 5
0.9152 0.5684 0.5188 5
0.9154 0.5682 0.5186 5
0.876 0.5506 0.4808 7
0.8543 0.5169 0.4408 2
0.9013 0.5714 0.5117 7
0.8775 0.5432 0.4752 3
0.8761 0.5579 0.4882 2
0.8993 0.5227 0.4689 6
0.8772 0.5647 0.4939 6
0.8458 0.5269 0.4454 3
0.89 0.5529 0.4884 7
0.892 0.5051 0.45 6
0.8825 0.5591 0.4923 6
0.9108 0.5341 0.4843 6
0.9002 0.5385 0.4806 9
0.9176 0.5556 0.5072 5
0.8969 0.5376 0.4802 4
0.9073 0.5632 0.5081 7
0.9036 0.5542 0.4989 4
0.8679 0.5319 0.4615 2
0.8926 0.5326 0.4715 6
0.9006 0.5682 0.5105 5
0.8759 0.5319 0.4642 7
0.9192 0.5667 0.5176 8
0.9165 0.5699 0.5175 10
0.8797 0.5455 0.4778 9
0.8752 0.5208 0.455 4
0.8905 0.5529 0.4898 5
0.8946 0.5532 0.4939 4
0.9144 0.5455 0.496 5
0.7047 0.4087 0.2861 6
0.7318 0.4397 0.3206 5
0.6767 0.4182 0.2821 6
0.6753 0.4524 0.3046 8
0.6681 0.4068 0.2711 5
0.6147 0.395 0.2423 4
0.7096 0.4173 0.2925 9
0.6263 0.4228 0.2648 1
0.7013 0.4286 0.2961 8
0.6798 0.4154 0.2818 4
0.6633 0.432 0.2853 7
0.569 0.4194 0.2379 4
0.7151 0.4513 0.3223 5
0.7104 0.4821 0.34 5
0.6515 0.4215 0.2742 3
0.6533 0.4261 0.278 2
0.6646 0.3983 0.2621 5
0.6704 0.4912 0.3285 4
0.6533 0.4261 0.278 2
0.6571 0.3984 0.2615 2
0.6414 0.3814 0.2443 4
0.6933 0.437 0.3011 8
0.6863 0.448 0.307 2
0.6544 0.438 0.2855 3
0.7069 0.486 0.3394 5
0.6102 0.3852 0.2321 7
0.6214 0.3784 0.2342 7
0.7142 0.4783 0.3407 6
0.6364 0.4351 0.2752 6
0.6557 0.4472 0.2918 5
0.7031 0.437 0.305 4
0.5917 0.4127 0.2441 3
0.6967 0.4414 0.3065 4
0.6646 0.4351 0.2875 4
0.6371 0.3866 0.2432 5
0.6693 0.4344 0.2891 6
0.656 0.4435 0.2893 6
0.7196 0.4874 0.3504 2
0.7256 0.4182 0.297 9
0.6551 0.4032 0.2637 3
0.69 0.4273 0.2946 2
0.6825 0.4336 0.2957 5
0.6915 0.4364 0.2995 6
0.6735 0.4206 0.2824 5
0.7384 0.4531 0.3326 6
0.6109 0.3984 0.2424 4
0.6715 0.405 0.2705 7
0.6693 0.4463 0.2972 4
0.6531 0.431 0.2801 7
0.6716 0.4595 0.3077 6
0.6922 0.4298 0.293 6
0.6994 0.4576 0.3175 6
0.7243 0.4706 0.3404 4
0.6742 0.4286 0.289 1
0.6604 0.4194 0.2688 11
0.6943 0.418 0.2902 1
0.6528 0.3984 0.2583 5
0.574 0.4034 0.2312 2
0.6593 0.4298 0.2809 6
0.6089 0.4153 0.252 3
0.7071 0.4262 0.3009 2
0.6317 0.4035 0.2533 4
0.6713 0.4615 0.3058 10
0.6594 0.431 0.2813 5
0.6236 0.4375 0.2723 4
0.6791 0.4554 0.3092 2
0.6377 0.456 0.2898 6
0.7075 0.4696 0.3289 6
0.6168 0.3983 0.2431 4
0.6711 0.479 0.3173 10
0.6675 0.4138 0.2732 7
0.5854 0.3769 0.2178 4
0.6075 0.4154 0.2511 5
0.6406 0.3945 0.2526 2
0.6705 0.438 0.293 4
0.6065 0.4336 0.263 2
0.6696 0.464 0.3105 2
0.6848 0.4417 0.3022 4
0.6778 0.4274 0.2895 3
0.6578 0.4274 0.2806 3
0.719 0.4123 0.296 3
0.6347 0.4463 0.2831 2
0.6731 0.431 0.2893 2
0.7211 0.4375 0.314 6
0.6754 0.4483 0.2991 5
0.6817 0.4 0.2706 4
0.6011 0.3966 0.2378 4
0.7025 0.4513 0.3157 4
0.671 0.3858 0.2578 7
0.7032 0.4426 0.3101 3
0.7296 0.4286 0.3125 2
0.6216 0.4228 0.2618 5
0.6485 0.4359 0.2824 3
0.6606 0.4123 0.2711 5
0.6805 0.4364 0.2953 5
0.615 0.3884 0.2348 6
0.6829 0.4344 0.2958 3
0.6068 0.3793 0.2298 4
0.6951 0.4375 0.2996 6
0.692 0.45 0.3112 2
0.9302 0.5369 0.4988 5
0.9023 0.6033 0.5439 5
0.9002 0.6016 0.5413 5
0.9015 0.5565 0.5013 2
0.92 0.5571 0.5118 5
0.8907 0.5581 0.497 2
0.9197 0.5954 0.5466 2
0.9091 0.6103 0.5535 6
0.9066 0.5942 0.5387 1
0.9153 0.518 0.4741 1
0.9172 0.5862 0.5376 2
0.9094 0.5814 0.528 6
0.9236 0.5639 0.5193 3
0.9093 0.5694 0.517 6
0.9219 0.5512 0.5071 6
0.9032 0.6032 0.5445 6
0.9078 0.5615 0.5091 5
0.8921 0.6161 0.5493 5
0.9032 0.6032 0.5445 6
0.9012 0.5913 0.5329 1
0.9128 0.6015 0.5478 3
0.9032 0.5603 0.5059 2
0.9119 0.6129 0.558 6
0.9063 0.5662 0.5123 5
0.9194 0.5411 0.4963 4
0.9077 0.5139 0.4659 5
0.8942 0.5385 0.4812 5
0.9158 0.5492 0.5027 2
0.8902 0.5208 0.4634 3
0.9081 0.6218 0.5647 1
0.9117 0.568 0.5172 5
0.9087 0.5983 0.5429 4
0.873 0.5983 0.5218 4
0.9251 0.5714 0.5286 2
0.9145 0.5448 0.4978 4
0.896 0.6 0.5372 2
0.925 0.5775 0.5332 4
0.883 0.6018 0.531 2
0.9223 0.5746 0.5296 3
0.9183 0.5313 0.4875 4
0.9228 0.5896 0.5433 4
0.9186 0.5652 0.5189 2
0.9172 0.568 0.5204 3
0.9307 0.5952 0.5534 5
0.9141 0.6121 0.5589 6
0.8939 0.5968 0.5332 5
0.9122 0.5591 0.5095 4
0.9165 0.551 0.5045 5
0.9357 0.5693 0.5317 5
0.9308 0.584 0.5431 3
0.9047 0.5923 0.5356 3
0.9129 0.5683 0.5184 3
0.8932 0.5798 0.5177 2
0.9261 0.5507 0.51 2
0.9136 0.609 0.556 4
0.9163 0.5704 0.5219 6
0.9499 0.6 0.5684 3
0.9343 0.625 0.5839 1
0.9258 0.5515 0.5099 4
0.9194 0.5966 0.5472 6
0.904 0.5662 0.5112 3
0.9343 0.6016 0.5617 4
0.8865 0.5565 0.4932 2
0.9149 0.6066 0.5545 4
0.9347 0.5538 0.5173 4
0.9025 0.5841 0.5268 4
0.8969 0.5538 0.4965 2
0.9089 0.5474 0.4969 3
0.923 0.5814 0.5363 5
0.9268 0.5441 0.5037 4
0.9244 0.5221 0.4822 4
0.9187 0.5725 0.5256 4
0.9307 0.5714 0.5315 4
0.9277 0.5704 0.5283 6
0.8863 0.5965 0.5285 2
0.8982 0.5965 0.5355 2
0.8933 0.5571 0.4974 4
0.93 0.5649 0.5241 7
0.9025 0.5469 0.4929 4
0.8893 0.5859 0.521 1
0.9181 0.5912 0.5427 3
0.9358 0.5748 0.5377 4
0.9042 0.5703 0.515 3
0.9207 0.6148 0.5652 5
0.9226 0.5333 0.4916 3
0.9238 0.5984 0.5524 3
0.9273 0.6348 0.5869 6
0.8949 0.5935 0.531 2
0.9334 0.5714 0.5324 6
0.8882 0.5833 0.5175 6
0.9066 0.626 0.5675 2
0.9113 0.5462 0.4976 5
0.9223 0.6126 0.5646 5
0.9098 0.6179 0.5618 3
0.9087 0.6172 0.5604 5
0.8957 0.625 0.5591 3
0.8999 0.5154 0.4633 3
0.897 0.6308 0.5651 4
0.9249 0.5865 0.542 4
0.8708 0.6033 0.5253 2
0.9171 0.5714 0.5233 8
0.9165 0.5423 0.4967 4
0.9251 0.5753 0.5307 5
0.9112 0.5793 0.5272 6
0.9041 0.5405 0.4876 8
0.9246 0.5625 0.5188 7
0.9225 0.5625 0.5184 3
0.9291 0.5533 0.5137 2
0.9205 0.5811 0.5348 2
0.921 0.5782 0.5319 6
0.929 0.5674 0.5262 6
0.9097 0.5695 0.5169 6
0.9229 0.5655 0.521 6
0.8993 0.6187 0.5557 4
0.9151 0.5971 0.5458 5
0.9239 0.5704 0.5266 6
0.9115 0.5915 0.5386 6
0.9197 0.558 0.5124 6
0.918 0.5746 0.5268 3
0.9277 0.5845 0.5414 5
0.9295 0.5474 0.5079 6
0.9195 0.6115 0.5617 5
0.9192 0.551 0.5062 4
0.925 0.5734 0.53 4
0.9261 0.5693 0.527 4
0.9148 0.5517 0.5044 4
0.9382 0.527 0.4935 3
0.9182 0.5411 0.4952 8
0.9177 0.5822 0.5336 2
0.9097 0.6087 0.5535 3
0.9254 0.5745 0.53 7
0.9234 0.5857 0.5401 4
0.911 0.6054 0.5511 5
0.9308 0.5674 0.5261 7
0.9208 0.5956 0.5476 5
0.9173 0.5786 0.5299 9
0.9223 0.5662 0.5216 5
0.9221 0.5532 0.5092 6
0.9099 0.5775 0.5251 4
0.9155 0.5168 0.4731 2
0.9164 0.597 0.5446 7
0.9307 0.5493 0.5108 4
0.9224 0.5411 0.4972 11
0.9269 0.5497 0.5085 5
0.9121 0.5839 0.5321 4
0.9202 0.5547 0.5096 4
0.9356 0.609 0.5687 7
0.9183 0.5705 0.5236 5
0.9114 0.5686 0.5175 8
0.9128 0.6129 0.5595 2
0.9269 0.5137 0.4754 6
0.9202 0.5634 0.5178 6
0.918 0.5694 0.5218 4
0.9119 0.5743 0.5236 5
0.9137 0.5725 0.5227 4
0.9048 0.609 0.5503 6
0.9097 0.5616 0.5102 4
0.9207 0.6077 0.5581 8
0.9253 0.5985 0.553 5
0.9286 0.5507 0.5089 8
0.9059 0.531 0.481 1
0.9247 0.5658 0.5221 7
0.9291 0.5141 0.4776 2
0.9096 0.5639 0.5121 5
0.9286 0.5704 0.529 5
0.9315 0.5563 0.5171 9
0.923 0.5946 0.5482 6
0.9176 0.5563 0.5103 6
0.8986 0.5714 0.513 3
0.9076 0.5867 0.5317 7
0.9279 0.5646 0.5237 2
0.9227 0.5489 0.5056 4
0.9188 0.5745 0.5266 7
0.9151 0.5238 0.4787 5
0.908 0.6102 0.5532 5
0.9112 0.558 0.5076 5
0.9208 0.5753 0.5286 6
0.9033 0.5929 0.5354 3
0.9217 0.5588 0.5144 6
0.9081 0.5524 0.501 5
0.9174 0.5956 0.5461 4
0.9167 0.5735 0.5249 5
0.9105 0.6074 0.5525 5
0.9224 0.54 0.4974 5
0.9146 0.5704 0.5214 4
0.9342 0.6043 0.5636 4
0.919 0.5578 0.5121 6
0.9171 0.5548 0.5084 3
0.9292 0.5797 0.538 5
0.919 0.5294 0.4861 5
0.9051 0.5704 0.5157 6
0.9201 0.525 0.4831 1
0.9102 0.5775 0.5252 4
0.913 0.6056 0.5523 4
0.9135 0.517 0.4719 6
0.9069 0.6316 0.5723 7
0.917 0.5833 0.5345 4
0.9253 0.589 0.5445 6
0.9182 0.5745 0.5275 2
0.9165 0.54 0.4949 2
0.9117 0.6019 0.5479 6
0.9199 0.5877 0.54 4
0.9109 0.5664 0.5159 1
0.8955 0.55 0.4912 5
0.8812 0.5729 0.5039 6
0.909 0.5727 0.5206 1
0.9046 0.5818 0.5263 1
0.9111 0.5545 0.5039 5
0.9118 0.5446 0.4961 3
0.8958 0.5579 0.4978 6
0.9079 0.5556 0.5041 5
0.9403 0.55 0.5171 2
0.8663 0.5889 0.5094 3
0.9153 0.5648 0.517 1
0.907 0.5566 0.5046 2
0.8944 0.596 0.5328 3
0.8944 0.596 0.5328 3
0.9191 0.5784 0.5308 5
0.9221 0.5289 0.4877 2
0.926 0.5652 0.5231 5
0.9015 0.5321 0.4788 4
0.8916 0.5413 0.4825 3
0.9195 0.5385 0.4951 2
0.8779 0.5806 0.5094 3
0.8832 0.5825 0.5145 2
0.919 0.5877 0.5394 4
0.9156 0.5816 0.5306 3
0.8876 0.58 0.5142 2
0.8994 0.5455 0.4906 1
0.881 0.5714 0.5034 1
0.9221 0.5566 0.5126 3
0.9231 0.5862 0.5404 3
0.9013 0.5664 0.5105 1
0.9082 0.5804 0.5267 4
0.8991 0.5221 0.4691 3
0.8895 0.5607 0.4985 2
0.8965 0.598 0.5361 2
0.8854 0.5701 0.5034 6
0.917 0.5755 0.5277 1
0.9415 0.5417 0.5095 4
0.8802 0.5 0.4396 3
0.8815 0.6019 0.5302 3
0.8854 0.5909 0.5222 7
0.9267 0.547 0.5066 3
0.9127 0.6055 0.5526 1
0.9082 0.6117 0.5553 3
0.9086 0.5804 0.5274 1
0.8932 0.58 0.5178 3
0.8962 0.5182 0.4641 3
0.8936 0.5429 0.4818 4
0.8965 0.5769 0.517 3
0.8683 0.5377 0.4665 4
0.9047 0.5225 0.4716 5
0.9125 0.6105 0.5561 4
0.9085 0.5684 0.5135 7
0.9032 0.6132 0.5534 5
0.8619 0.5047 0.4344 4
0.8816 0.58 0.5112 2
0.9265 0.5856 0.5421 3
0.9194 0.5472 0.5027 6
0.8784 0.6082 0.5341 3
0.8878 0.5429 0.4806 3
0.9067 0.5577 0.5057 1
0.9191 0.5963 0.548 2
0.9188 0.5789 0.5319 1
0.9203 0.5922 0.545 1
0.9205 0.5741 0.5279 4
0.8503 0.5729 0.487 2
0.9063 0.6139 0.5564 2
0.9396 0.5714 0.5366 4
0.9011 0.5922 0.5328 4
0.905 0.5833 0.5264 4
0.9171 0.5926 0.5432 3
0.9072 0.5789 0.5246 4
0.8975 0.5755 0.5158 6
0.9028 0.5315 0.4798 3
0.8612 0.505 0.4348 2
0.9272 0.6 0.5545 6
0.9208 0.5833 0.5364 4
0.8873 0.5413 0.4799 4
0.8866 0.5505 0.4877 3
0.917 0.5752 0.527 4
0.8757 0.5463 0.4783 2
0.9072 0.6111 0.5544 2
0.8963 0.6117 0.5481 2
0.8812 0.5816 0.5125 1
0.8916 0.5566 0.4954 4
0.9044 0.6 0.5426 1
0.9182 0.5818 0.5337 3
0.925 0.5508 0.5077 7
0.8898 0.5888 0.5236 4
0.8771 0.5743 0.5036 3
0.898 0.6058 0.5431 6
0.914 0.5812 0.5312 3
0.908 0.6091 0.5517 3
0.8981 0.598 0.5369 2
0.8979 0.5776 0.5179 4
0.9033 0.5909 0.5338 2
0.9311 0.5652 0.5262 2
0.9099 0.5652 0.5143 1
0.8877 0.5532 0.4907 4
0.8936 0.5699 0.5091 3
0.9032 0.5579 0.5035 3
0.907 0.5319 0.4822 3
0.8744 0.5306 0.4634 4
0.8743 0.5773 0.5047 1
0.9003 0.5208 0.4684 3
0.9293 0.5385 0.5001 3
0.92 0.5376 0.493 5
0.913 0.5657 0.5147 7
0.8933 0.5638 0.5016 8
0.8838 0.551 0.487 1
0.9332 0.5714 0.5313 7
0.9179 0.5376 0.4913 4
0.8839 0.5789 0.5111 6
0.9057 0.5714 0.5158 4
0.9155 0.5638 0.5155 4
0.9115 0.5455 0.4949 5
0.9057 0.5714 0.5158 4
0.8485 0.5426 0.4602 2
0.8873 0.5361 0.4745 5
0.9011 0.5567 0.5012 2
0.9478 0.5281 0.498 8
0.8993 0.5543 0.4982 4
0.9109 0.5743 0.522 5
0.9167 0.5361 0.4912 3
0.9074 0.5784 0.5244 4
0.9111 0.5426 0.4925 6
0.9069 0.5591 0.5066 4
0.8981 0.5714 0.5128 2
0.9296 0.5545 0.5143 2
0.91 0.5521 0.5014 4
0.9071 0.5657 0.5118 3
0.8836 0.5217 0.4599 5
0.8947 0.5361 0.4796 2
0.9049 0.5455 0.4936 2
0.9142 0.5506 0.502 7
0.9195 0.5543 0.5076 5
0.9067 0.5368 0.4854 5
0.9006 0.5437 0.4892 3
0.8948 0.5464 0.4881 7
0.8797 0.5354 0.4705 3
0.9248 0.5408 0.4992 6
0.9076 0.5326 0.4829 3
0.8968 0.5222 0.4675 4
0.9034 0.5618 0.506 7
0.8829 0.5408 0.4774 2
0.8905 0.5333 0.4747 4
0.8857 0.5326 0.4707 4
0.8953 0.5833 0.5219 3
0.888 0.551 0.4893 1
0.9105 0.5417 0.4919 5
0.9119 0.5806 0.5253 5
0.8929 0.5638 0.5033 4
0.8676 0.5106 0.4421 4
0.9058 0.5652 0.5108 6
0.9196 0.5532 0.5083 5
0.9147 0.5393 0.4914 5
0.8854 0.5532 0.4898 1
0.9203 0.5595 0.5149 1
0.9201 0.5385 0.4943 5
0.9087 0.5347 0.4844 6
0.8998 0.5435 0.4887 3
0.9089 0.5326 0.4834 4
0.9014 0.5729 0.5164 2
0.9525 0.5464 0.5199 3
0.9283 0.5567 0.5168 1
0.8902 0.5258 0.4671 3
0.9067 0.5784 0.523 4
0.8837 0.5625 0.4971 2
0.8961 0.5361 0.4799 5
0.8968 0.587 0.526 3
0.861 0.5484 0.4717 3
0.9053 0.55 0.4977 2
0.8987 0.5165 0.4636 2
0.8988 0.5625 0.5048 4
0.8709 0.5579 0.4855 3
0.9084 0.5354 0.4863 3
0.9225 0.5263 0.4847 4
0.907 0.5275 0.4782 4
0.9095 0.5495 0.4987 5
0.8883 0.567 0.5025 7
0.893 0.5684 0.5067 4
0.886 0.5347 0.4735 2
0.9059 0.5464 0.4943 2
0.9274 0.5612 0.5202 4
0.9011 0.5361 0.4828 2
0.9154 0.5657 0.5149 6
0.8802 0.55 0.4841 2
0.8992 0.5638 0.5065 4
0.9442 0.5543 0.5214 5
0.8766 0.5417 0.4747 3
0.8837 0.5347 0.4712 4
0.8796 0.5326 0.4666 5
0.8933 0.5368 0.4787 3
0.8825 0.54 0.4759 4
0.9018 0.567 0.5104 2
0.8885 0.5217 0.4634 3
0.8793 0.5484 0.4808 3
0.8971 0.5165 0.462 6