0.2836 +- -1.00 (1)
0.3285 +- -1.00 (1)
0.2436 +- -1.00 (1)
0.2658 +- -1.00 (1)
0.2914 +- -1.00 (1)
0.2222 +- -1.00 (1)
0.2308 +- -1.00 (1)
0.2458 +- -1.00 (1)
0.2572 +- -1.00 (1)
0.2717 +- -1.00 (1)
0.2084 +- -1.00 (1)
0.2608 +- -1.00 (1)
0.2507 +- -1.00 (1)
0.2817 +- -1.00 (1)
0.2302 +- -1.00 (1)
0.2685 +- -1.00 (1)
0.2621 +- -1.00 (1)
0.2692 +- -1.00 (1)
0.2685 +- -1.00 (1)
0.2641 +- -1.00 (1)
0.2750 +- -1.00 (1)
0.2939 +- -1.00 (1)
0.2605 +- -1.00 (1)
0.2624 +- -1.00 (1)
0.2396 +- -1.00 (1)
0.2588 +- -1.00 (1)
0.3084 +- -1.00 (1)
0.2390 +- -1.00 (1)
0.2932 +- -1.00 (1)
0.3075 +- -1.00 (1)
0.3181 +- -1.00 (1)
0.2494 +- -1.00 (1)
0.2524 +- -1.00 (1)
0.2678 +- -1.00 (1)
0.3035 +- -1.00 (1)
0.2510 +- -1.00 (1)
0.2362 +- -1.00 (1)
0.2640 +- -1.00 (1)
0.2461 +- -1.00 (1)
0.2250 +- -1.00 (1)
0.2492 +- -1.00 (1)
0.3013 +- -1.00 (1)
0.2346 +- -1.00 (1)
0.2592 +- -1.00 (1)
0.2755 +- -1.00 (1)
0.2828 +- -1.00 (1)
0.2586 +- -1.00 (1)
0.2540 +- -1.00 (1)
0.2607 +- -1.00 (1)
0.2192 +- -1.00 (1)
0.2510 +- -1.00 (1)
0.2567 +- -1.00 (1)
0.2808 +- -1.00 (1)
0.2450 +- -1.00 (1)
0.2624 +- -1.00 (1)
0.2680 +- -1.00 (1)
0.2630 +- -1.00 (1)
0.2397 +- -1.00 (1)
0.2734 +- -1.00 (1)
0.2912 +- -1.00 (1)
0.2536 +- -1.00 (1)
0.2808 +- -1.00 (1)
0.2648 +- -1.00 (1)
0.3259 +- -1.00 (1)
0.2436 +- -1.00 (1)
0.2581 +- -1.00 (1)
0.2523 +- -1.00 (1)
0.3016 +- -1.00 (1)
0.2774 +- -1.00 (1)
0.2454 +- -1.00 (1)
0.2190 +- -1.00 (1)
0.2315 +- -1.00 (1)
0.2525 +- -1.00 (1)
0.2580 +- -1.00 (1)
0.2524 +- -1.00 (1)
0.2458 +- -1.00 (1)
0.2766 +- -1.00 (1)
0.2679 +- -1.00 (1)
0.3059 +- -1.00 (1)
0.2492 +- -1.00 (1)
0.3059 +- -1.00 (1)
0.2945 +- -1.00 (1)
0.2635 +- -1.00 (1)
0.2909 +- -1.00 (1)
0.2918 +- -1.00 (1)
0.2616 +- -1.00 (1)
0.3327 +- -1.00 (1)
0.2887 +- -1.00 (1)
0.2910 +- -1.00 (1)
0.2841 +- -1.00 (1)
0.2302 +- -1.00 (1)
0.2687 +- -1.00 (1)
0.2570 +- -1.00 (1)
0.2356 +- -1.00 (1)
0.2186 +- -1.00 (1)
0.2416 +- -1.00 (1)
0.2455 +- -1.00 (1)
0.2643 +- -1.00 (1)
0.2516 +- -1.00 (1)
0.2201 +- -1.00 (1)
0.6516 +- -1.00 (1)
0.6604 +- -1.00 (1)
0.6428 +- -1.00 (1)
0.6741 +- -1.00 (1)
0.6493 +- -1.00 (1)
0.6088 +- -1.00 (1)
0.6846 +- -1.00 (1)
0.6314 +- -1.00 (1)
0.6619 +- -1.00 (1)
0.6424 +- -1.00 (1)
0.6795 +- -1.00 (1)
0.7041 +- -1.00 (1)
0.6813 +- -1.00 (1)
0.6670 +- -1.00 (1)
0.6603 +- -1.00 (1)
0.6689 +- -1.00 (1)
0.6724 +- -1.00 (1)
0.6497 +- -1.00 (1)
0.6689 +- -1.00 (1)
0.6977 +- -1.00 (1)
0.6578 +- -1.00 (1)
0.6561 +- -1.00 (1)
0.6870 +- -1.00 (1)
0.7067 +- -1.00 (1)
0.6704 +- -1.00 (1)
0.6912 +- -1.00 (1)
0.6693 +- -1.00 (1)
0.6524 +- -1.00 (1)
0.6655 +- -1.00 (1)
0.6719 +- -1.00 (1)
0.6557 +- -1.00 (1)
0.6975 +- -1.00 (1)
0.6718 +- -1.00 (1)
0.6497 +- -1.00 (1)
0.6664 +- -1.00 (1)
0.6732 +- -1.00 (1)
0.6570 +- -1.00 (1)
0.6506 +- -1.00 (1)
0.6730 +- -1.00 (1)
0.6645 +- -1.00 (1)
0.6779 +- -1.00 (1)
0.6388 +- -1.00 (1)
0.6464 +- -1.00 (1)
0.6302 +- -1.00 (1)
0.6411 +- -1.00 (1)
0.6732 +- -1.00 (1)
0.6727 +- -1.00 (1)
0.6795 +- -1.00 (1)
0.6652 +- -1.00 (1)
0.6824 +- -1.00 (1)
0.6873 +- -1.00 (1)
0.6518 +- -1.00 (1)
0.6547 +- -1.00 (1)
0.6316 +- -1.00 (1)
0.6564 +- -1.00 (1)
0.6798 +- -1.00 (1)
0.6921 +- -1.00 (1)
0.6772 +- -1.00 (1)
0.6299 +- -1.00 (1)
0.6322 +- -1.00 (1)
0.6811 +- -1.00 (1)
0.6669 +- -1.00 (1)
0.7040 +- -1.00 (1)
0.6567 +- -1.00 (1)
0.6340 +- -1.00 (1)
0.6679 +- -1.00 (1)
0.6523 +- -1.00 (1)
0.6777 +- -1.00 (1)
0.6482 +- -1.00 (1)
0.6712 +- -1.00 (1)
0.6837 +- -1.00 (1)
0.6491 +- -1.00 (1)
0.6876 +- -1.00 (1)
0.6686 +- -1.00 (1)
0.6649 +- -1.00 (1)
0.6586 +- -1.00 (1)
0.6816 +- -1.00 (1)
0.6392 +- -1.00 (1)
0.6573 +- -1.00 (1)
0.6612 +- -1.00 (1)
0.6453 +- -1.00 (1)
0.6785 +- -1.00 (1)
0.6536 +- -1.00 (1)
0.6595 +- -1.00 (1)
0.6700 +- -1.00 (1)
0.6678 +- -1.00 (1)
0.6692 +- -1.00 (1)
0.6741 +- -1.00 (1)
0.6860 +- -1.00 (1)
0.6794 +- -1.00 (1)
0.7046 +- -1.00 (1)
0.6567 +- -1.00 (1)
0.7148 +- -1.00 (1)
0.6979 +- -1.00 (1)
0.6633 +- -1.00 (1)
0.6417 +- -1.00 (1)
0.6564 +- -1.00 (1)
0.6395 +- -1.00 (1)
0.6886 +- -1.00 (1)
0.6296 +- -1.00 (1)
0.3241 +- -1.00 (1)
0.3454 +- -1.00 (1)
0.3230 +- -1.00 (1)
0.4030 +- -1.00 (1)
0.2595 +- -1.00 (1)
0.3261 +- -1.00 (1)
0.3567 +- -1.00 (1)
0.3319 +- -1.00 (1)
0.3955 +- -1.00 (1)
0.3094 +- -1.00 (1)
0.2545 +- -1.00 (1)
0.3851 +- -1.00 (1)
0.3419 +- -1.00 (1)
0.3793 +- -1.00 (1)
0.3545 +- -1.00 (1)
0.3476 +- -1.00 (1)
0.3585 +- -1.00 (1)
0.2977 +- -1.00 (1)
0.3482 +- -1.00 (1)
0.3649 +- -1.00 (1)
0.3872 +- -1.00 (1)
0.3716 +- -1.00 (1)
0.3579 +- -1.00 (1)
0.3012 +- -1.00 (1)
0.3930 +- -1.00 (1)
0.3340 +- -1.00 (1)
0.3329 +- -1.00 (1)
0.3607 +- -1.00 (1)
0.3357 +- -1.00 (1)
0.3415 +- -1.00 (1)
0.4173 +- -1.00 (1)
0.3524 +- -1.00 (1)
0.2960 +- -1.00 (1)
0.3735 +- -1.00 (1)
0.4015 +- -1.00 (1)
0.3395 +- -1.00 (1)
0.3451 +- -1.00 (1)
0.3057 +- -1.00 (1)
0.3864 +- -1.00 (1)
0.3394 +- -1.00 (1)
0.3382 +- -1.00 (1)
0.3036 +- -1.00 (1)
0.3940 +- -1.00 (1)
0.3383 +- -1.00 (1)
0.3633 +- -1.00 (1)
0.3054 +- -1.00 (1)
0.3564 +- -1.00 (1)
0.2948 +- -1.00 (1)
0.4294 +- -1.00 (1)
0.3380 +- -1.00 (1)
0.3031 +- -1.00 (1)
0.3991 +- -1.00 (1)
0.3246 +- -1.00 (1)
0.3716 +- -1.00 (1)
0.3556 +- -1.00 (1)
0.4054 +- -1.00 (1)
0.3856 +- -1.00 (1)
0.3742 +- -1.00 (1)
0.3123 +- -1.00 (1)
0.3919 +- -1.00 (1)
0.3644 +- -1.00 (1)
0.3612 +- -1.00 (1)
0.3580 +- -1.00 (1)
0.3764 +- -1.00 (1)
0.3007 +- -1.00 (1)
0.3618 +- -1.00 (1)
0.3188 +- -1.00 (1)
0.3288 +- -1.00 (1)
0.3853 +- -1.00 (1)
0.4244 +- -1.00 (1)
0.2940 +- -1.00 (1)
0.3620 +- -1.00 (1)
0.3145 +- -1.00 (1)
0.3277 +- -1.00 (1)
0.3288 +- -1.00 (1)
0.3048 +- -1.00 (1)
0.2916 +- -1.00 (1)
0.3005 +- -1.00 (1)
0.3452 +- -1.00 (1)
0.3760 +- -1.00 (1)
0.3024 +- -1.00 (1)
0.3299 +- -1.00 (1)
0.3491 +- -1.00 (1)
0.3459 +- -1.00 (1)
0.3910 +- -1.00 (1)
0.2919 +- -1.00 (1)
0.3557 +- -1.00 (1)
0.3270 +- -1.00 (1)
0.2972 +- -1.00 (1)
0.3147 +- -1.00 (1)
0.3020 +- -1.00 (1)
0.3371 +- -1.00 (1)
0.3791 +- -1.00 (1)
0.2949 +- -1.00 (1)
0.3826 +- -1.00 (1)
0.3633 +- -1.00 (1)
0.3908 +- -1.00 (1)
0.3509 +- -1.00 (1)
0.3384 +- -1.00 (1)
0.3518 +- -1.00 (1)
0.2794 +- -1.00 (1)
0.2425 +- -1.00 (1)
0.2439 +- -1.00 (1)
0.3045 +- -1.00 (1)
0.2580 +- -1.00 (1)
0.2877 +- -1.00 (1)
0.3009 +- -1.00 (1)
0.3140 +- -1.00 (1)
0.2848 +- -1.00 (1)
0.3097 +- -1.00 (1)
0.2815 +- -1.00 (1)
0.3050 +- -1.00 (1)
0.2664 +- -1.00 (1)
0.2977 +- -1.00 (1)
0.3074 +- -1.00 (1)
0.2973 +- -1.00 (1)
0.2918 +- -1.00 (1)
0.3330 +- -1.00 (1)
0.2990 +- -1.00 (1)
0.2786 +- -1.00 (1)
0.2619 +- -1.00 (1)
0.3901 +- -1.00 (1)
0.3011 +- -1.00 (1)
0.3058 +- -1.00 (1)
0.3476 +- -1.00 (1)
0.2999 +- -1.00 (1)
0.3436 +- -1.00 (1)
0.2928 +- -1.00 (1)
0.3018 +- -1.00 (1)
0.2512 +- -1.00 (1)
0.2657 +- -1.00 (1)
0.2672 +- -1.00 (1)
0.2037 +- -1.00 (1)
0.2973 +- -1.00 (1)
0.2245 +- -1.00 (1)
0.2983 +- -1.00 (1)
0.2976 +- -1.00 (1)
0.2464 +- -1.00 (1)
0.3053 +- -1.00 (1)
0.2188 +- -1.00 (1)
0.3486 +- -1.00 (1)
0.2041 +- -1.00 (1)
0.3093 +- -1.00 (1)
0.2649 +- -1.00 (1)
0.2680 +- -1.00 (1)
0.2555 +- -1.00 (1)
0.3003 +- -1.00 (1)
0.3553 +- -1.00 (1)
0.2735 +- -1.00 (1)
0.2938 +- -1.00 (1)
0.3065 +- -1.00 (1)
0.2827 +- -1.00 (1)
0.3554 +- -1.00 (1)
0.2514 +- -1.00 (1)
0.2337 +- -1.00 (1)
0.2380 +- -1.00 (1)
0.2751 +- -1.00 (1)
0.2924 +- -1.00 (1)
0.2906 +- -1.00 (1)
0.2970 +- -1.00 (1)
0.2646 +- -1.00 (1)
0.2803 +- -1.00 (1)
0.2681 +- -1.00 (1)
0.3244 +- -1.00 (1)
0.2920 +- -1.00 (1)
0.2810 +- -1.00 (1)
0.2015 +- -1.00 (1)
0.3538 +- -1.00 (1)
0.3132 +- -1.00 (1)
0.2844 +- -1.00 (1)
0.2795 +- -1.00 (1)
0.2923 +- -1.00 (1)
0.2789 +- -1.00 (1)
0.2650 +- -1.00 (1)
0.3122 +- -1.00 (1)
0.2647 +- -1.00 (1)
0.2952 +- -1.00 (1)
0.2731 +- -1.00 (1)
0.3072 +- -1.00 (1)
0.3193 +- -1.00 (1)
0.3214 +- -1.00 (1)
0.2466 +- -1.00 (1)
0.2636 +- -1.00 (1)
0.2997 +- -1.00 (1)
0.2881 +- -1.00 (1)
0.2507 +- -1.00 (1)
0.3046 +- -1.00 (1)
0.2749 +- -1.00 (1)
0.2433 +- -1.00 (1)
0.2689 +- -1.00 (1)
0.2828 +- -1.00 (1)
0.2491 +- -1.00 (1)
0.2731 +- -1.00 (1)
0.2762 +- -1.00 (1)
0.2971 +- -1.00 (1)
0.2956 +- -1.00 (1)
0.2431 +- -1.00 (1)
0.3248 +- -1.00 (1)
0.3236 +- -1.00 (1)
0.2733 +- -1.00 (1)
0.5752 +- -1.00 (1)
0.6415 +- -1.00 (1)
0.5955 +- -1.00 (1)
0.6121 +- -1.00 (1)
0.5951 +- -1.00 (1)
0.5915 +- -1.00 (1)
0.5969 +- -1.00 (1)
0.6183 +- -1.00 (1)
0.6197 +- -1.00 (1)
0.6138 +- -1.00 (1)
0.6006 +- -1.00 (1)
0.6126 +- -1.00 (1)
0.6540 +- -1.00 (1)
0.6171 +- -1.00 (1)
0.5901 +- -1.00 (1)
0.6470 +- -1.00 (1)
0.5831 +- -1.00 (1)
0.6557 +- -1.00 (1)
0.6470 +- -1.00 (1)
0.6560 +- -1.00 (1)
0.6139 +- -1.00 (1)
0.5834 +- -1.00 (1)
0.5409 +- -1.00 (1)
0.5809 +- -1.00 (1)
0.5836 +- -1.00 (1)
0.6390 +- -1.00 (1)
0.6161 +- -1.00 (1)
0.6187 +- -1.00 (1)
0.5844 +- -1.00 (1)
0.5825 +- -1.00 (1)
0.5925 +- -1.00 (1)
0.6060 +- -1.00 (1)
0.5567 +- -1.00 (1)
0.5712 +- -1.00 (1)
0.6167 +- -1.00 (1)
0.6405 +- -1.00 (1)
0.6169 +- -1.00 (1)
0.5702 +- -1.00 (1)
0.6113 +- -1.00 (1)
0.6300 +- -1.00 (1)
0.5544 +- -1.00 (1)
0.5891 +- -1.00 (1)
0.5556 +- -1.00 (1)
0.5894 +- -1.00 (1)
0.6443 +- -1.00 (1)
0.5537 +- -1.00 (1)
0.6215 +- -1.00 (1)
0.6315 +- -1.00 (1)
0.6470 +- -1.00 (1)
0.6166 +- -1.00 (1)
0.6207 +- -1.00 (1)
0.5659 +- -1.00 (1)
0.6117 +- -1.00 (1)
0.6060 +- -1.00 (1)
0.6255 +- -1.00 (1)
0.6222 +- -1.00 (1)
0.5806 +- -1.00 (1)
0.6386 +- -1.00 (1)
0.5797 +- -1.00 (1)
0.6380 +- -1.00 (1)
0.5765 +- -1.00 (1)
0.6426 +- -1.00 (1)
0.6314 +- -1.00 (1)
0.6240 +- -1.00 (1)
0.6374 +- -1.00 (1)
0.6085 +- -1.00 (1)
0.5931 +- -1.00 (1)
0.6023 +- -1.00 (1)
0.6172 +- -1.00 (1)
0.6030 +- -1.00 (1)
0.6328 +- -1.00 (1)
0.6421 +- -1.00 (1)
0.6169 +- -1.00 (1)
0.5980 +- -1.00 (1)
0.6206 +- -1.00 (1)
0.5608 +- -1.00 (1)
0.5480 +- -1.00 (1)
0.6004 +- -1.00 (1)
0.6046 +- -1.00 (1)
0.5745 +- -1.00 (1)
0.6158 +- -1.00 (1)
0.5828 +- -1.00 (1)
0.6225 +- -1.00 (1)
0.6652 +- -1.00 (1)
0.5663 +- -1.00 (1)
0.6416 +- -1.00 (1)
0.6127 +- -1.00 (1)
0.6452 +- -1.00 (1)
0.5956 +- -1.00 (1)
0.5989 +- -1.00 (1)
0.6545 +- -1.00 (1)
0.6371 +- -1.00 (1)
0.6469 +- -1.00 (1)
0.5879 +- -1.00 (1)
0.5632 +- -1.00 (1)
0.6131 +- -1.00 (1)
0.6287 +- -1.00 (1)
0.5857 +- -1.00 (1)
0.6337 +- -1.00 (1)
0.6150 +- -1.00 (1)
0.5962 +- -1.00 (1)
0.5944 +- -1.00 (1)
0.5909 +- -1.00 (1)
0.6093 +- -1.00 (1)
0.5922 +- -1.00 (1)
0.6248 +- -1.00 (1)
0.6134 +- -1.00 (1)
0.5680 +- -1.00 (1)
0.6084 +- -1.00 (1)
0.6453 +- -1.00 (1)
0.6102 +- -1.00 (1)
0.5612 +- -1.00 (1)
0.6404 +- -1.00 (1)
0.5986 +- -1.00 (1)
0.6024 +- -1.00 (1)
0.6080 +- -1.00 (1)
0.6352 +- -1.00 (1)
0.5896 +- -1.00 (1)
0.6081 +- -1.00 (1)
0.5966 +- -1.00 (1)
0.5733 +- -1.00 (1)
0.5814 +- -1.00 (1)
0.6256 +- -1.00 (1)
0.5859 +- -1.00 (1)
0.6245 +- -1.00 (1)
0.6062 +- -1.00 (1)
0.6116 +- -1.00 (1)
0.5908 +- -1.00 (1)
0.5955 +- -1.00 (1)
0.5812 +- -1.00 (1)
0.6220 +- -1.00 (1)
0.6468 +- -1.00 (1)
0.5914 +- -1.00 (1)
0.6136 +- -1.00 (1)
0.5737 +- -1.00 (1)
0.6057 +- -1.00 (1)
0.5968 +- -1.00 (1)
0.6124 +- -1.00 (1)
0.6292 +- -1.00 (1)
0.5845 +- -1.00 (1)
0.6465 +- -1.00 (1)
0.6400 +- -1.00 (1)
0.6164 +- -1.00 (1)
0.6299 +- -1.00 (1)
0.6110 +- -1.00 (1)
0.6007 +- -1.00 (1)
0.6481 +- -1.00 (1)
0.6006 +- -1.00 (1)
0.5962 +- -1.00 (1)
0.6143 +- -1.00 (1)
0.6187 +- -1.00 (1)
0.5965 +- -1.00 (1)
0.6321 +- -1.00 (1)
0.6152 +- -1.00 (1)
0.6093 +- -1.00 (1)
0.6459 +- -1.00 (1)
0.6411 +- -1.00 (1)
0.6343 +- -1.00 (1)
0.6220 +- -1.00 (1)
0.6399 +- -1.00 (1)
0.6779 +- -1.00 (1)
0.6272 +- -1.00 (1)
0.5805 +- -1.00 (1)
0.6352 +- -1.00 (1)
0.6065 +- -1.00 (1)
0.6177 +- -1.00 (1)
0.5984 +- -1.00 (1)
0.6542 +- -1.00 (1)
0.6248 +- -1.00 (1)
0.6292 +- -1.00 (1)
0.6366 +- -1.00 (1)
0.6131 +- -1.00 (1)
0.6162 +- -1.00 (1)
0.5679 +- -1.00 (1)
0.6153 +- -1.00 (1)
0.6447 +- -1.00 (1)
0.5940 +- -1.00 (1)
0.6251 +- -1.00 (1)
0.6374 +- -1.00 (1)
0.5396 +- -1.00 (1)
0.5962 +- -1.00 (1)
0.5796 +- -1.00 (1)
0.5829 +- -1.00 (1)
0.6322 +- -1.00 (1)
0.5767 +- -1.00 (1)
0.6128 +- -1.00 (1)
0.6313 +- -1.00 (1)
0.6466 +- -1.00 (1)
0.6600 +- -1.00 (1)
0.5867 +- -1.00 (1)
0.6124 +- -1.00 (1)
0.6381 +- -1.00 (1)
0.5914 +- -1.00 (1)
0.6374 +- -1.00 (1)
0.6365 +- -1.00 (1)
0.6557 +- -1.00 (1)
0.6007 +- -1.00 (1)
0.5788 +- -1.00 (1)
0.6025 +- -1.00 (1)
0.6104 +- -1.00 (1)
0.3451 +- -1.00 (1)
0.3709 +- -1.00 (1)
0.3255 +- -1.00 (1)
0.3702 +- -1.00 (1)
0.3237 +- -1.00 (1)
0.2935 +- -1.00 (1)
0.3693 +- -1.00 (1)
0.2657 +- -1.00 (1)
0.3611 +- -1.00 (1)
0.3492 +- -1.00 (1)
0.3939 +- -1.00 (1)
0.3170 +- -1.00 (1)
0.3750 +- -1.00 (1)
0.4078 +- -1.00 (1)
0.3477 +- -1.00 (1)
0.3649 +- -1.00 (1)
0.3570 +- -1.00 (1)
0.4370 +- -1.00 (1)
0.3649 +- -1.00 (1)
0.3478 +- -1.00 (1)
0.3258 +- -1.00 (1)
0.3585 +- -1.00 (1)
0.3436 +- -1.00 (1)
0.3633 +- -1.00 (1)
0.3778 +- -1.00 (1)
0.3180 +- -1.00 (1)
0.2780 +- -1.00 (1)
0.4652 +- -1.00 (1)
0.3505 +- -1.00 (1)
0.3741 +- -1.00 (1)
0.3258 +- -1.00 (1)
0.2846 +- -1.00 (1)
0.3669 +- -1.00 (1)
0.3542 +- -1.00 (1)
0.3408 +- -1.00 (1)
0.3281 +- -1.00 (1)
0.3574 +- -1.00 (1)
0.3726 +- -1.00 (1)
0.4083 +- -1.00 (1)
0.3337 +- -1.00 (1)
0.3478 +- -1.00 (1)
0.4060 +- -1.00 (1)
0.3918 +- -1.00 (1)
0.3040 +- -1.00 (1)
0.4448 +- -1.00 (1)
0.2839 +- -1.00 (1)
0.3390 +- -1.00 (1)
0.3433 +- -1.00 (1)
0.3816 +- -1.00 (1)
0.3559 +- -1.00 (1)
0.3334 +- -1.00 (1)
0.3735 +- -1.00 (1)
0.3427 +- -1.00 (1)
0.3391 +- -1.00 (1)
0.3547 +- -1.00 (1)
0.3869 +- -1.00 (1)
0.3462 +- -1.00 (1)
0.3568 +- -1.00 (1)
0.3299 +- -1.00 (1)
0.2646 +- -1.00 (1)
0.3608 +- -1.00 (1)
0.3165 +- -1.00 (1)
0.3407 +- -1.00 (1)
0.2865 +- -1.00 (1)
0.3259 +- -1.00 (1)
0.3635 +- -1.00 (1)
0.3623 +- -1.00 (1)
0.4552 +- -1.00 (1)
0.3030 +- -1.00 (1)
0.3717 +- -1.00 (1)
0.3740 +- -1.00 (1)
0.2833 +- -1.00 (1)
0.2905 +- -1.00 (1)
0.3039 +- -1.00 (1)
0.3823 +- -1.00 (1)
0.3390 +- -1.00 (1)
0.3300 +- -1.00 (1)
0.3857 +- -1.00 (1)
0.3316 +- -1.00 (1)
0.3679 +- -1.00 (1)
0.3292 +- -1.00 (1)
0.2992 +- -1.00 (1)
0.3759 +- -1.00 (1)
0.3196 +- -1.00 (1)
0.3381 +- -1.00 (1)
0.3086 +- -1.00 (1)
0.2914 +- -1.00 (1)
0.4080 +- -1.00 (1)
0.2946 +- -1.00 (1)
0.3503 +- -1.00 (1)
0.3806 +- -1.00 (1)
0.3074 +- -1.00 (1)
0.4136 +- -1.00 (1)
0.3566 +- -1.00 (1)
0.3396 +- -1.00 (1)
0.3959 +- -1.00 (1)
0.3505 +- -1.00 (1)
0.3355 +- -1.00 (1)
0.3766 +- -1.00 (1)
0.4269 +- -1.00 (1)
0.6405 +- -1.00 (1)
0.6785 +- -1.00 (1)
0.6565 +- -1.00 (1)
0.6292 +- -1.00 (1)
0.6299 +- -1.00 (1)
0.6250 +- -1.00 (1)
0.6691 +- -1.00 (1)
0.6646 +- -1.00 (1)
0.6924 +- -1.00 (1)
0.6496 +- -1.00 (1)
0.6602 +- -1.00 (1)
0.7066 +- -1.00 (1)
0.6501 +- -1.00 (1)
0.6162 +- -1.00 (1)
0.6138 +- -1.00 (1)
0.6812 +- -1.00 (1)
0.6331 +- -1.00 (1)
0.6781 +- -1.00 (1)
0.6812 +- -1.00 (1)
0.6284 +- -1.00 (1)
0.6645 +- -1.00 (1)
0.6449 +- -1.00 (1)
0.6844 +- -1.00 (1)
0.6491 +- -1.00 (1)
0.6203 +- -1.00 (1)
0.6394 +- -1.00 (1)
0.6118 +- -1.00 (1)
0.6404 +- -1.00 (1)
0.6260 +- -1.00 (1)
0.6687 +- -1.00 (1)
0.6093 +- -1.00 (1)
0.6627 +- -1.00 (1)
0.6770 +- -1.00 (1)
0.6257 +- -1.00 (1)
0.6064 +- -1.00 (1)
0.7001 +- -1.00 (1)
0.6236 +- -1.00 (1)
0.6362 +- -1.00 (1)
0.6369 +- -1.00 (1)
0.6401 +- -1.00 (1)
0.6661 +- -1.00 (1)
0.6314 +- -1.00 (1)
0.6277 +- -1.00 (1)
0.6812 +- -1.00 (1)
0.7016 +- -1.00 (1)
0.6325 +- -1.00 (1)
0.6550 +- -1.00 (1)
0.6242 +- -1.00 (1)
0.6239 +- -1.00 (1)
0.7145 +- -1.00 (1)
0.6593 +- -1.00 (1)
0.6466 +- -1.00 (1)
0.6165 +- -1.00 (1)
0.6393 +- -1.00 (1)
0.6692 +- -1.00 (1)
0.6647 +- -1.00 (1)
0.6795 +- -1.00 (1)
0.6663 +- -1.00 (1)
0.6245 +- -1.00 (1)
0.6630 +- -1.00 (1)
0.6660 +- -1.00 (1)
0.6801 +- -1.00 (1)
0.5896 +- -1.00 (1)
0.6694 +- -1.00 (1)
0.6229 +- -1.00 (1)
0.7212 +- -1.00 (1)
0.6402 +- -1.00 (1)
0.6192 +- -1.00 (1)
0.6565 +- -1.00 (1)
0.6312 +- -1.00 (1)
0.6497 +- -1.00 (1)
0.6568 +- -1.00 (1)
0.6579 +- -1.00 (1)
0.6615 +- -1.00 (1)
0.6287 +- -1.00 (1)
0.6802 +- -1.00 (1)
0.6343 +- -1.00 (1)
0.6075 +- -1.00 (1)
0.6035 +- -1.00 (1)
0.6488 +- -1.00 (1)
0.6567 +- -1.00 (1)
0.6398 +- -1.00 (1)
0.6113 +- -1.00 (1)
0.6711 +- -1.00 (1)
0.6531 +- -1.00 (1)
0.6585 +- -1.00 (1)
0.7326 +- -1.00 (1)
0.6803 +- -1.00 (1)
0.6548 +- -1.00 (1)
0.6439 +- -1.00 (1)
0.6800 +- -1.00 (1)
0.6546 +- -1.00 (1)
0.6649 +- -1.00 (1)
0.6638 +- -1.00 (1)
0.6701 +- -1.00 (1)
0.6528 +- -1.00 (1)
0.6228 +- -1.00 (1)
0.7114 +- -1.00 (1)
0.6224 +- -1.00 (1)
0.6592 +- -1.00 (1)
0.6167 +- -1.00 (1)
0.5913 +- -1.00 (1)
0.6455 +- -1.00 (1)
0.6354 +- -1.00 (1)
0.6135 +- -1.00 (1)
0.6548 +- -1.00 (1)
0.5845 +- -1.00 (1)
0.6645 +- -1.00 (1)
0.6297 +- -1.00 (1)
0.6180 +- -1.00 (1)
0.6551 +- -1.00 (1)
0.6045 +- -1.00 (1)
0.5974 +- -1.00 (1)
0.6335 +- -1.00 (1)
0.6250 +- -1.00 (1)
0.6036 +- -1.00 (1)
0.6333 +- -1.00 (1)
0.5868 +- -1.00 (1)
0.6285 +- -1.00 (1)
0.6356 +- -1.00 (1)
0.6274 +- -1.00 (1)
0.6322 +- -1.00 (1)
0.6133 +- -1.00 (1)
0.6109 +- -1.00 (1)
0.6180 +- -1.00 (1)
0.6295 +- -1.00 (1)
0.5994 +- -1.00 (1)
0.6095 +- -1.00 (1)
0.6355 +- -1.00 (1)
0.6177 +- -1.00 (1)
0.6351 +- -1.00 (1)
0.6358 +- -1.00 (1)
0.5984 +- -1.00 (1)
0.6015 +- -1.00 (1)
0.6318 +- -1.00 (1)
0.6026 +- -1.00 (1)
0.6393 +- -1.00 (1)
0.5988 +- -1.00 (1)
0.6389 +- -1.00 (1)
0.5835 +- -1.00 (1)
0.6470 +- -1.00 (1)
0.6386 +- -1.00 (1)
0.6072 +- -1.00 (1)
0.6049 +- -1.00 (1)
0.6085 +- -1.00 (1)
0.6337 +- -1.00 (1)
0.6531 +- -1.00 (1)
0.6595 +- -1.00 (1)
0.6147 +- -1.00 (1)
0.6782 +- -1.00 (1)
0.5474 +- -1.00 (1)
0.6081 +- -1.00 (1)
0.6386 +- -1.00 (1)
0.6150 +- -1.00 (1)
0.6480 +- -1.00 (1)
0.6388 +- -1.00 (1)
0.6183 +- -1.00 (1)
0.6425 +- -1.00 (1)
0.6449 +- -1.00 (1)
0.5825 +- -1.00 (1)
0.6174 +- -1.00 (1)
0.6394 +- -1.00 (1)
0.6208 +- -1.00 (1)
0.6052 +- -1.00 (1)
0.6676 +- -1.00 (1)
0.5901 +- -1.00 (1)
0.6032 +- -1.00 (1)
0.5989 +- -1.00 (1)
0.6309 +- -1.00 (1)
0.6440 +- -1.00 (1)
0.6188 +- -1.00 (1)
0.6038 +- -1.00 (1)
0.6156 +- -1.00 (1)
0.5903 +- -1.00 (1)
0.6399 +- -1.00 (1)
0.6479 +- -1.00 (1)
0.6347 +- -1.00 (1)
0.6523 +- -1.00 (1)
0.6172 +- -1.00 (1)
0.5970 +- -1.00 (1)
0.6090 +- -1.00 (1)
0.6154 +- -1.00 (1)
0.6445 +- -1.00 (1)
0.5941 +- -1.00 (1)
0.6354 +- -1.00 (1)
0.6470 +- -1.00 (1)
0.6002 +- -1.00 (1)
0.6452 +- -1.00 (1)
0.6261 +- -1.00 (1)
0.5701 +- -1.00 (1)
0.5984 +- -1.00 (1)
0.5998 +- -1.00 (1)
0.6377 +- -1.00 (1)
0.6559 +- -1.00 (1)
0.5829 +- -1.00 (1)
0.6901 +- -1.00 (1)
0.6662 +- -1.00 (1)
0.6666 +- -1.00 (1)
0.5866 +- -1.00 (1)
0.5967 +- -1.00 (1)
0.6664 +- -1.00 (1)
0.6219 +- -1.00 (1)
0.6216 +- -1.00 (1)
0.6193 +- -1.00 (1)
0.6462 +- -1.00 (1)
0.6554 +- -1.00 (1)
0.5978 +- -1.00 (1)
0.5598 +- -1.00 (1)
0.5904 +- -1.00 (1)
0.6112 +- -1.00 (1)
0.5864 +- -1.00 (1)
0.6304 +- -1.00 (1)
0.5955 +- -1.00 (1)
0.5753 +- -1.00 (1)
0.6113 +- -1.00 (1)
0.6312 +- -1.00 (1)
0.6312 +- -1.00 (1)
0.6200 +- -1.00 (1)
0.5766 +- -1.00 (1)
0.6203 +- -1.00 (1)
0.6024 +- -1.00 (1)
0.5907 +- -1.00 (1)
0.5825 +- -1.00 (1)
0.5879 +- -1.00 (1)
0.6237 +- -1.00 (1)
0.6342 +- -1.00 (1)
0.6243 +- -1.00 (1)
0.6158 +- -1.00 (1)
0.6358 +- -1.00 (1)
0.6974 +- -1.00 (1)
0.5900 +- -1.00 (1)
0.6194 +- -1.00 (1)
0.6049 +- -1.00 (1)
0.6200 +- -1.00 (1)
0.5649 +- -1.00 (1)
0.6083 +- -1.00 (1)
0.6189 +- -1.00 (1)
0.6380 +- -1.00 (1)
0.6037 +- -1.00 (1)
0.5971 +- -1.00 (1)
0.5727 +- -1.00 (1)
0.5822 +- -1.00 (1)
0.6209 +- -1.00 (1)
0.6117 +- -1.00 (1)
0.6537 +- -1.00 (1)
0.6643 +- -1.00 (1)
0.5911 +- -1.00 (1)
0.6096 +- -1.00 (1)
0.5673 +- -1.00 (1)
0.5768 +- -1.00 (1)
0.6227 +- -1.00 (1)
0.5461 +- -1.00 (1)
0.5313 +- -1.00 (1)
0.6548 +- -1.00 (1)
0.6525 +- -1.00 (1)
0.6499 +- -1.00 (1)
0.5411 +- -1.00 (1)
0.6020 +- -1.00 (1)
0.6449 +- -1.00 (1)
0.5579 +- -1.00 (1)
0.6220 +- -1.00 (1)
0.6114 +- -1.00 (1)
0.5703 +- -1.00 (1)
0.6085 +- -1.00 (1)
0.6572 +- -1.00 (1)
0.6274 +- -1.00 (1)
0.6465 +- -1.00 (1)
0.6176 +- -1.00 (1)
0.5876 +- -1.00 (1)
0.6153 +- -1.00 (1)
0.5988 +- -1.00 (1)
0.5899 +- -1.00 (1)
0.6413 +- -1.00 (1)
0.6232 +- -1.00 (1)
0.6503 +- -1.00 (1)
0.6203 +- -1.00 (1)
0.5681 +- -1.00 (1)
0.6319 +- -1.00 (1)
0.6199 +- -1.00 (1)
0.5666 +- -1.00 (1)
0.6166 +- -1.00 (1)
0.6488 +- -1.00 (1)
0.5867 +- -1.00 (1)
0.6236 +- -1.00 (1)
0.6399 +- -1.00 (1)
0.5870 +- -1.00 (1)
0.6023 +- -1.00 (1)
0.6268 +- -1.00 (1)
0.5989 +- -1.00 (1)
0.5712 +- -1.00 (1)
0.6571 +- -1.00 (1)
0.6442 +- -1.00 (1)
0.6385 +- -1.00 (1)
0.6370 +- -1.00 (1)
0.6264 +- -1.00 (1)
0.6302 +- -1.00 (1)
0.6330 +- -1.00 (1)
0.6055 +- -1.00 (1)
0.6096 +- -1.00 (1)
0.6045 +- -1.00 (1)
0.6288 +- -1.00 (1)
0.6148 +- -1.00 (1)
0.6596 +- -1.00 (1)
0.5964 +- -1.00 (1)
0.6145 +- -1.00 (1)
0.6438 +- -1.00 (1)
0.6192 +- -1.00 (1)
0.6232 +- -1.00 (1)
0.6075 +- -1.00 (1)
0.6186 +- -1.00 (1)
0.6081 +- -1.00 (1)
0.6224 +- -1.00 (1)
0.6379 +- -1.00 (1)
0.6209 +- -1.00 (1)
0.6645 +- -1.00 (1)
0.6229 +- -1.00 (1)
0.6636 +- -1.00 (1)
0.6096 +- -1.00 (1)
0.6229 +- -1.00 (1)
0.6359 +- -1.00 (1)
0.6139 +- -1.00 (1)
0.6075 +- -1.00 (1)
0.5900 +- -1.00 (1)
0.6330 +- -1.00 (1)
0.6305 +- -1.00 (1)
0.6170 +- -1.00 (1)
0.6290 +- -1.00 (1)
0.6270 +- -1.00 (1)
0.6254 +- -1.00 (1)
0.6120 +- -1.00 (1)
0.6269 +- -1.00 (1)
0.6029 +- -1.00 (1)
0.6099 +- -1.00 (1)
0.5111 +- -1.00 (1)
0.6537 +- -1.00 (1)
0.6300 +- -1.00 (1)
0.6065 +- -1.00 (1)
0.6662 +- -1.00 (1)
0.6209 +- -1.00 (1)
0.6233 +- -1.00 (1)
0.5592 +- -1.00 (1)
0.6028 +- -1.00 (1)
0.6425 +- -1.00 (1)
0.6206 +- -1.00 (1)
0.5727 +- -1.00 (1)
0.6144 +- -1.00 (1)
0.6279 +- -1.00 (1)
0.5822 +- -1.00 (1)
0.6227 +- -1.00 (1)
0.6106 +- -1.00 (1)
0.5984 +- -1.00 (1)
0.6212 +- -1.00 (1)
0.6428 +- -1.00 (1)
0.6785 +- -1.00 (1)
0.5858 +- -1.00 (1)
0.5846 +- -1.00 (1)
0.6276 +- -1.00 (1)
0.6533 +- -1.00 (1)
0.6045 +- -1.00 (1)
0.6250 +- -1.00 (1)
0.5769 +- -1.00 (1)
0.6413 +- -1.00 (1)
0.6396 +- -1.00 (1)
0.6099 +- -1.00 (1)
0.6269 +- -1.00 (1)
0.6360 +- -1.00 (1)
0.6222 +- -1.00 (1)
0.6137 +- -1.00 (1)
0.6538 +- -1.00 (1)
0.6100 +- -1.00 (1)
0.5974 +- -1.00 (1)
0.6229 +- -1.00 (1)
0.5894 +- -1.00 (1)
0.6165 +- -1.00 (1)
0.5834 +- -1.00 (1)
0.6360 +- -1.00 (1)
0.6052 +- -1.00 (1)
0.6346 +- -1.00 (1)
0.6598 +- -1.00 (1)
0.5779 +- -1.00 (1)
0.6081 +- -1.00 (1)
0.6183 +- -1.00 (1)
0.6347 +- -1.00 (1)
0.5964 +- -1.00 (1)
0.6237 +- -1.00 (1)
0.6339 +- -1.00 (1)
0.5909 +- -1.00 (1)
0.6128 +- -1.00 (1)
0.6312 +- -1.00 (1)
0.5913 +- -1.00 (1)
0.6754 +- -1.00 (1)
0.5909 +- -1.00 (1)
0.5810 +- -1.00 (1)
0.6361 +- -1.00 (1)
0.5904 +- -1.00 (1)
0.6185 +- -1.00 (1)
0.6472 +- -1.00 (1)
0.6347 +- -1.00 (1)
0.5878 +- -1.00 (1)
0.5914 +- -1.00 (1)
