0.4544 1 0.4544 3
0.4925 1 0.4925 5
0.3888 1 0.3888 4
0.4291 1 0.4291 2
0.4643 1 0.4643 2
0.444 1 0.444 3
0.3511 1 0.3511 5
0.3942 1 0.3942 3
0.3449 1 0.3449 2
0.3584 1 0.3584 2
0.4494 1 0.4494 4
0.434 1 0.434 5
0.3709 1 0.3709 3
0.4558 1 0.4558 3
0.4549 1 0.4549 3
0.4291 1 0.4291 2
0.3931 1 0.3931 2
0.4405 1 0.4405 5
0.4291 1 0.4291 2
0.4334 1 0.4334 2
0.3782 1 0.3782 3
0.3991 1 0.3991 3
0.4451 1 0.4451 4
0.346 1 0.346 3
0.4076 1 0.4076 7
0.4545 1 0.4545 2
0.3667 1 0.3667 3
0.3803 1 0.3803 5
0.4003 1 0.4003 4
0.4814 1 0.4814 6
0.4343 1 0.4343 4
0.418 1 0.418 2
0.3601 1 0.3601 5
0.3795 1 0.3795 6
0.4417 1 0.4417 4
0.362 1 0.362 2
0.3174 1 0.3174 5
0.4488 1 0.4488 1
0.4617 1 0.4617 5
0.347 1 0.347 1
0.4365 1 0.4365 6
0.4306 1 0.4306 4
0.418 1 0.418 7
0.4272 1 0.4272 3
0.4782 1 0.4782 5
0.4583 1 0.4583 3
0.4204 1 0.4204 4
0.3764 1 0.3764 3
0.3774 1 0.3774 3
0.4128 1 0.4128 4
0.4053 1 0.4053 5
0.4026 1 0.4026 4
0.3844 1 0.3844 2
0.3705 1 0.3705 5
0.3657 1 0.3657 4
0.4336 1 0.4336 1
0.402 1 0.402 4
0.4255 1 0.4255 3
0.4349 1 0.4349 3
0.3426 1 0.3426 4
0.3972 1 0.3972 3
0.4517 1 0.4517 3
0.4057 1 0.4057 2
0.3887 1 0.3887 3
0.4128 1 0.4128 2
0.4892 1 0.4892 5
0.3699 1 0.3699 3
0.3427 1 0.3426 4
0.3853 1 0.3853 3
0.4905 1 0.4905 3
0.3921 1 0.392 5
0.441 1 0.441 5
0.4124 1 0.4124 5
0.4634 1 0.4634 5
0.4156 1 0.4155 6
0.4155 1 0.4155 5
0.3512 1 0.3512 2
0.47 1 0.47 2
0.2775 1 0.2775 6
0.4029 1 0.4029 1
0.4833 1 0.4833 5
0.4708 1 0.4708 5
0.4139 1 0.4139 3
0.3778 1 0.3778 4
0.3333 1 0.3333 4
0.4878 1 0.4878 4
0.4137 1 0.4137 2
0.441 1 0.441 4
0.3948 1 0.3948 1
0.4053 1 0.4053 4
0.3647 1 0.3647 3
0.4246 1 0.4246 4
0.3282 1 0.3282 3
0.4181 1 0.418 4
0.3506 1 0.3506 5
0.3633 1 0.3633 2
0.442 1 0.442 1
0.3677 1 0.3677 2
0.3324 1 0.3324 5
0.3295 1 0.3295 2
0.7386 1 0.7386 1
0.7951 1 0.7951 2
0.7672 1 0.7672 3
0.797 1 0.797 6
0.7845 1 0.7845 3
0.8235 1 0.8235 4
0.7875 1 0.7875 1
0.7162 1 0.7162 1
0.7226 1 0.7226 2
0.8153 1 0.8153 3
0.7729 1 0.7729 4
0.7398 1 0.7398 2
0.8386 1 0.8386 4
0.7714 1 0.7713 5
0.75 1 0.75 2
0.8162 1 0.816 6
0.8133 1 0.8133 3
0.7286 1 0.7286 3
0.8162 1 0.816 6
0.8041 1 0.8041 3
0.8214 1 0.8214 4
0.8985 1 0.8985 6
0.7506 1 0.7506 4
0.8521 1 0.8521 2
0.8185 1 0.8185 3
0.8802 1 0.8802 3
0.8597 1 0.8597 7
0.8292 1 0.8292 3
0.7 1 0.7 1
0.8083 1 0.8083 7
0.6744 1 0.6744 4
0.8747 1 0.8747 2
0.7123 1 0.7123 3
0.7582 1 0.7582 3
0.8172 1 0.8172 3
0.7835 1 0.7835 3
0.8268 1 0.8268 4
0.7316 1 0.7316 3
0.7024 1 0.7024 2
0.7606 1 0.7606 3
0.8473 1 0.8473 4
0.8582 1 0.8582 2
0.7603 1 0.7603 2
0.7895 1 0.7895 4
0.7685 1 0.7685 3
0.8129 1 0.8129 4
0.7585 1 0.7585 5
0.8454 1 0.8454 1
0.6577 1 0.6577 2
0.8039 1 0.8039 2
0.7235 1 0.7235 3
0.7985 1 0.7984 5
0.8474 1 0.8474 3
0.7455 1 0.7455 4
0.7539 1 0.7539 3
0.7594 1 0.7594 2
0.8004 1 0.8004 3
0.7743 1 0.7743 1
0.767 1 0.767 4
0.7933 1 0.7933 2
0.6916 1 0.6916 5
0.7429 1 0.7429 3
0.777 1 0.777 4
0.7276 1 0.7276 2
0.6681 1 0.6681 4
0.8134 1 0.8134 1
0.806 1 0.8059 6
0.8405 1 0.8405 2
0.8081 1 0.8081 5
0.7682 1 0.7682 3
0.7375 1 0.7375 2
0.7491 1 0.7491 2
0.7716 1 0.7716 3
0.8284 1 0.8284 2
0.8742 1 0.8742 4
0.7397 1 0.7397 3
0.7347 1 0.7347 2
0.855 1 0.855 3
0.8789 1 0.8789 3
0.9143 1 0.9143 5
0.847 1 0.847 3
0.7036 1 0.7036 2
0.8038 1 0.8038 2
0.773 1 0.773 3
0.8677 1 0.8677 6
0.763 1 0.763 4
0.8241 1 0.8241 3
0.7592 1 0.7592 3
0.8622 1 0.8622 3
0.7983 1 0.7983 2
0.8346 1 0.8346 3
0.8634 1 0.8634 3
0.8207 1 0.8207 3
0.7691 1 0.7691 4
0.7647 1 0.7647 6
0.7648 1 0.7648 2
0.708 1 0.708 3
0.8655 1 0.8655 5
0.8048 1 0.8048 2
0.7381 1 0.7381 5
0.4228 1 0.4228 3
0.4462 1 0.4462 2
0.3777 1 0.3777 4
0.3642 1 0.3642 2
0.3306 1 0.3306 2
0.4708 1 0.4708 4
0.4017 1 0.4017 4
0.471 1 0.471 3
0.4542 1 0.4542 2
0.4523 1 0.4523 3
0.395 1 0.395 5
0.4544 1 0.4543 3
0.4449 1 0.4449 4
0.4463 1 0.4463 2
0.4504 1 0.4504 3
0.423 1 0.423 1
0.4167 1 0.4167 1
0.3406 1 0.3406 3
0.4179 1 0.4179 8
0.5022 1 0.5022 3
0.4354 1 0.4354 3
0.5133 1 0.5133 5
0.3713 1 0.3713 4
0.4151 1 0.4151 2
0.4138 1 0.4138 3
0.4231 1 0.4231 1
0.4437 1 0.4437 6
0.4009 1 0.4009 4
0.4276 1 0.4276 4
0.4554 1 0.4554 3
0.5146 1 0.5146 4
0.48 1 0.48 6
0.4006 1 0.4006 4
0.4801 1 0.4801 4
0.4989 1 0.4989 1
0.4243 1 0.4243 4
0.3848 1 0.3848 3
0.4838 1 0.4838 2
0.4569 1 0.4569 2
0.3803 1 0.3803 2
0.3892 1 0.3892 2
0.4213 1 0.4213 6
0.4512 1 0.4512 6
0.4146 1 0.4146 5
0.4319 1 0.4319 4
0.3958 1 0.3958 1
0.3925 1 0.3925 4
0.4301 1 0.4301 4
0.4592 1 0.4592 3
0.4457 1 0.4457 3
0.4304 1 0.4304 2
0.4366 1 0.4366 4
0.448 1 0.448 4
0.3903 1 0.3903 4
0.422 1 0.422 3
0.4237 1 0.4237 4
0.3839 1 0.3839 3
0.4005 1 0.4005 3
0.4198 1 0.4198 4
0.4389 1 0.4389 6
0.4661 1 0.4661 2
0.4849 1 0.4849 2
0.4557 1 0.4557 2
0.4439 1 0.4439 2
0.4283 1 0.4283 4
0.4123 1 0.4123 4
0.406 1 0.406 5
0.4253 1 0.4253 5
0.3772 1 0.3772 2
0.4975 1 0.4975 4
0.3565 1 0.3565 2
0.4437 1 0.4437 5
0.3994 1 0.3994 4
0.4901 1 0.4901 4
0.4739 1 0.4739 6
0.4538 1 0.4538 3
0.4619 1 0.4618 3
0.4423 1 0.4423 2
0.3909 1 0.3909 2
0.486 1 0.486 4
0.3719 1 0.3719 3
0.473 1 0.473 4
0.3973 1 0.3973 2
0.4136 1 0.4136 2
0.4406 1 0.4406 1
0.4562 1 0.4562 3
0.4551 1 0.4551 5
0.4082 1 0.4082 4
0.373 1 0.373 2
0.4053 1 0.4053 5
0.3758 1 0.3758 4
0.3361 1 0.3361 3
0.4824 1 0.4824 1
0.4122 1 0.4122 5
0.4269 1 0.4269 2
0.4313 1 0.4313 3
0.3681 1 0.3681 5
0.4582 1 0.4582 3
0.4183 1 0.4183 6
0.4104 1 0.4104 4
0.5116 1 0.5116 2
0.5526 1 0.5526 3
0.5657 1 0.5657 4
0.4952 1 0.4951 3
0.518 1 0.518 3
0.5552 1 0.5552 5
0.5346 1 0.5346 6
0.5808 1 0.5808 7
0.5492 1 0.5492 3
0.5797 1 0.5797 3
0.5043 1 0.5042 3
0.5521 1 0.5521 3
0.5922 1 0.5922 5
0.557 1 0.557 2
0.5639 1 0.5639 4
0.5106 1 0.5106 4
0.6201 1 0.62 4
0.5886 1 0.5885 5
0.5106 1 0.5106 4
0.5073 1 0.5072 6
0.5406 1 0.5406 3
0.5453 1 0.5453 2
0.4297 1 0.4297 4
0.5743 1 0.5743 4
0.6541 1 0.654 6
0.4133 1 0.4132 3
0.593 1 0.593 7
0.6052 1 0.6052 2
0.5776 1 0.5776 9
0.4804 1 0.4804 4
0.5833 1 0.5833 4
0.5946 1 0.5946 3
0.5295 1 0.5294 6
0.5799 1 0.5799 2
0.4798 1 0.4798 3
0.5555 1 0.5555 3
0.5097 1 0.5097 3
0.5112 1 0.5112 3
0.563 1 0.5629 3
0.5715 1 0.5715 3
0.5782 1 0.5782 2
0.4321 1 0.4321 3
0.4988 1 0.4988 3
0.5105 1 0.5105 1
0.5792 1 0.5792 4
0.5588 1 0.5588 6
0.5576 1 0.5576 3
0.5912 1 0.5912 5
0.5506 1 0.5506 4
0.5864 1 0.5863 4
0.594 1 0.594 3
0.4797 1 0.4797 4
0.5821 1 0.582 5
0.4919 1 0.4919 5
0.5147 1 0.5147 5
0.5058 1 0.5058 3
0.5426 1 0.5426 2
0.4349 1 0.4349 6
0.5887 1 0.5887 4
0.5705 1 0.5705 3
0.5629 1 0.5629 2
0.4914 1 0.4914 2
0.5266 1 0.5266 5
0.596 1 0.596 5
0.5451 1 0.5451 2
0.5325 1 0.5325 4
0.4835 1 0.4835 5
0.4784 1 0.4784 3
0.5577 1 0.5577 5
0.4521 1 0.4521 1
0.5986 1 0.5986 2
0.5373 1 0.5373 7
0.509 1 0.5089 4
0.5472 1 0.5472 5
0.4502 1 0.4502 5
0.5229 1 0.5228 4
0.4935 1 0.4934 5
0.5444 1 0.5444 6
0.5472 1 0.5471 5
0.5312 1 0.5311 8
0.584 1 0.584 5
0.5187 1 0.5187 4
0.5111 1 0.5111 7
0.5542 1 0.5542 3
0.5362 1 0.5362 5
0.5506 1 0.5506 4
0.56 1 0.56 4
0.5725 1 0.5725 3
0.5863 1 0.5861 8
0.5602 1 0.5598 7
0.5352 1 0.5352 4
0.5439 1 0.5439 3
0.5621 1 0.5621 3
0.5314 1 0.5314 4
0.5451 1 0.5451 4
0.5975 1 0.5975 3
0.5799 1 0.5799 5
0.6109 1 0.6109 2
0.4925 1 0.4925 3
0.4848 1 0.4848 5
0.8059 1 0.8059 4
0.8937 1 0.8937 3
0.8389 1 0.8389 6
0.8596 1 0.8596 5
0.8982 1 0.8982 4
0.82 1 0.82 3
0.8433 1 0.8433 4
0.867 1 0.8669 3
0.789 1 0.789 4
0.8627 1 0.8627 6
0.8521 1 0.8521 9
0.865 1 0.865 3
0.8877 1 0.8876 4
0.9234 1 0.9234 5
0.8442 1 0.8442 4
0.8656 1 0.8656 4
0.8587 1 0.8586 5
0.8688 1 0.8688 3
0.8656 1 0.8656 4
0.8656 1 0.8656 3
0.8256 1 0.8256 3
0.8388 1 0.8388 3
0.8483 1 0.8483 5
0.8756 1 0.8756 4
0.8318 1 0.8318 5
0.816 1 0.816 2
0.8425 1 0.8425 3
0.8809 1 0.8809 3
0.8091 1 0.8091 6
0.8497 1 0.8497 1
0.8591 1 0.859 8
0.8495 1 0.8494 4
0.8239 1 0.8239 5
0.853 1 0.853 6
0.8223 1 0.8223 4
0.8472 1 0.8469 4
0.8327 1 0.8327 3
0.8742 1 0.8742 5
0.8655 1 0.8655 5
0.8784 1 0.8784 3
0.8358 1 0.8357 7
0.8642 1 0.8642 4
0.8425 1 0.8425 3
0.8731 1 0.8731 4
0.8954 1 0.8953 5
0.7964 1 0.7964 2
0.8701 1 0.8701 6
0.8181 1 0.8181 7
0.8233 1 0.8233 4
0.8237 1 0.8237 4
0.9156 1 0.9155 7
0.8164 1 0.8164 4
0.8312 1 0.8312 2
0.8404 1 0.8404 7
0.8421 1 0.8421 5
0.8377 1 0.8376 6
0.8776 1 0.8776 4
0.8291 1 0.8291 5
0.8402 1 0.8402 3
0.8314 1 0.8314 4
0.8761 1 0.8761 2
0.8742 1 0.8742 6
0.8544 1 0.8544 7
0.8524 1 0.8524 4
0.8265 1 0.8265 5
0.844 1 0.844 3
0.8199 1 0.8198 6
0.8272 1 0.8271 7
0.8039 1 0.8039 3
0.888 1 0.888 3
0.8738 1 0.8737 4
0.89 1 0.89 2
0.8522 1 0.8521 7
0.8246 1 0.8246 4
0.868 1 0.868 4
0.8827 1 0.8827 8
0.8394 1 0.8394 3
0.8198 1 0.8198 5
0.8598 1 0.8598 3
0.8639 1 0.8639 4
0.8673 1 0.8673 5
0.8447 1 0.8447 3
0.911 1 0.911 2
0.9036 1 0.9036 6
0.8431 1 0.8431 2
0.881 1 0.881 3
0.8347 1 0.8347 7
0.857 1 0.857 3
0.8491 1 0.8491 4
0.8414 1 0.8413 5
0.8963 1 0.8963 3
0.8694 1 0.8694 5
0.8742 1 0.8742 4
0.7765 1 0.7765 4
0.8075 1 0.8075 2
0.8871 1 0.8871 2
0.8319 1 0.8318 5
0.8639 1 0.8639 3
0.8815 1 0.8815 5
0.8305 1 0.8305 6
0.898 1 0.8977 7
0.8789 1 0.8789 4
0.8967 1 0.8967 5
0.8913 1 0.8913 2
0.9129 1 0.9127 7
0.9145 1 0.9145 6
0.8614 1 0.8614 5
0.8364 1 0.8364 2
0.9023 1 0.9023 3
0.8569 1 0.8569 6
0.8858 1 0.8858 4
0.8927 1 0.8927 7
0.8827 1 0.8827 5
0.8798 1 0.8797 4
0.873 1 0.873 4
0.8923 1 0.892 4
0.8794 1 0.8793 5
0.8816 1 0.8815 9
0.8923 1 0.892 4
0.866 1 0.8659 4
0.9049 1 0.9048 7
0.8537 1 0.8537 5
0.8447 1 0.8447 6
0.8634 1 0.8633 5
0.9027 1 0.9026 4
0.8891 1 0.8891 7
0.9086 1 0.9086 5
0.869 1 0.869 3
0.9067 1 0.9067 8
0.8935 1 0.8935 6
0.8977 1 0.8977 6
0.8997 1 0.8996 8
0.91 1 0.91 4
0.885 1 0.885 3
0.8883 1 0.8883 3
0.87 1 0.87 4
0.9068 1 0.9068 3
0.8761 1 0.8759 6
0.8979 1 0.8978 6
0.8779 1 0.8779 2
0.8802 1 0.8802 6
0.875 1 0.875 3
0.8673 1 0.8673 6
0.8924 1 0.8924 2
0.8949 1 0.8949 3
0.9094 1 0.9094 4
0.8969 1 0.8969 4
0.9036 1 0.9035 5
0.8573 1 0.8571 9
0.8982 1 0.8981 5
0.8827 1 0.8827 5
0.8459 1 0.8459 5
0.9195 1 0.919 11
0.8892 1 0.8892 5
0.891 1 0.8909 2
0.9137 1 0.9136 5
0.91 1 0.91 2
0.9339 1 0.9339 5
0.8573 1 0.8573 3
0.8771 1 0.8771 6
0.9205 1 0.9204 7
0.9189 1 0.9187 8
0.8703 1 0.8703 4
0.9115 1 0.9114 3
0.8158 1 0.8158 4
0.8818 1 0.8816 6
0.8991 1 0.8991 3
0.8883 1 0.8883 2
0.8909 1 0.8909 6
0.8651 1 0.865 3
0.8936 1 0.8935 6
0.9162 1 0.9162 6
0.8763 1 0.8763 3
0.8747 1 0.8747 4
0.9014 1 0.9014 3
0.8926 1 0.8926 5
0.8369 1 0.8368 4
0.8868 1 0.8868 4
0.9099 1 0.9098 7
0.8401 1 0.8401 5
0.8938 1 0.8938 5
0.8702 1 0.8702 7
0.8447 1 0.8447 3
0.8945 1 0.8943 7
0.87 1 0.8698 5
0.9104 1 0.9103 7
0.9152 1 0.9149 7
0.9045 1 0.9045 3
0.8917 1 0.8917 3
0.8364 1 0.8362 5
0.876 1 0.8758 7
0.8982 1 0.8982 5
0.8739 1 0.8739 8
0.9134 1 0.9134 6
0.9141 1 0.914 10
0.8852 1 0.8851 3
0.8818 1 0.8817 8
0.884 1 0.884 6
0.8719 1 0.8719 9
0.9054 1 0.9054 3
0.5439 1 0.5439 2
0.5543 1 0.5543 3
0.5382 1 0.5382 1
0.4765 1 0.4765 3
0.5454 1 0.5454 5
0.506 1 0.506 2
0.6539 1 0.6539 2
0.5192 1 0.5192 4
0.5253 1 0.5253 4
0.5036 1 0.5034 7
0.4872 1 0.4872 2
0.5143 1 0.5143 3
0.5112 1 0.5112 2
0.4774 1 0.4773 6
0.5628 1 0.5628 5
0.5313 1 0.5313 5
0.6172 1 0.6172 3
0.607 1 0.607 5
0.5313 1 0.5313 5
0.5637 1 0.5637 4
0.5399 1 0.5398 6
0.5283 1 0.5283 2
0.578 1 0.578 1
0.5558 1 0.5558 5
0.5531 1 0.5531 3
0.5232 1 0.5232 4
0.5493 1 0.5493 6
0.544 1 0.544 3
0.5806 1 0.5806 1
0.4288 1 0.4288 3
0.6365 1 0.6365 3
0.4938 1 0.4938 4
0.6305 1 0.6305 2
0.5762 1 0.5762 4
0.5598 1 0.5598 2
0.4016 1 0.4016 2
0.5358 1 0.5358 4
0.5136 1 0.5135 6
0.6926 1 0.6926 3
0.4861 1 0.4861 5
0.5085 1 0.5085 4
0.5721 1 0.5721 1
0.6004 1 0.6004 2
0.4746 1 0.4746 2
0.4311 1 0.4311 1
0.4896 1 0.4896 1
0.5568 1 0.5568 3
0.5452 1 0.5452 6
0.5922 1 0.5922 3
0.4931 1 0.4931 4
0.6071 1 0.6071 1
0.5114 1 0.5114 3
0.5524 1 0.5524 2
0.5199 1 0.5199 3
0.5196 1 0.5196 3
0.4792 1 0.4792 3
0.5874 1 0.5874 4
0.4735 1 0.4735 3
0.516 1 0.516 2
0.4835 1 0.4835 4
0.5043 1 0.5043 1
0.5264 1 0.5264 4
0.5797 1 0.5797 2
0.567 1 0.567 4
0.5103 1 0.5103 3
0.5517 1 0.5517 3
0.6131 1 0.6131 3
0.5196 1 0.5195 8
0.581 1 0.581 3
0.5668 1 0.5668 2
0.5412 1 0.5411 5
0.534 1 0.534 5
0.5502 1 0.5502 5
0.5321 1 0.5321 6
0.5215 1 0.5215 3
0.5087 1 0.5087 4
0.5944 1 0.5944 1
0.5437 1 0.5437 5
0.5328 1 0.5328 2
0.5973 1 0.5973 3
0.6421 1 0.6421 4
0.5104 1 0.5104 7
0.5461 1 0.5461 6
0.5535 1 0.5535 2
0.586 1 0.586 4
0.5251 1 0.525 5
0.4951 1 0.4951 3
0.4839 1 0.4839 5
0.5682 1 0.5682 4
0.5855 1 0.5855 6
0.5993 1 0.5993 3
0.4411 1 0.4411 2
0.4748 1 0.4748 3
0.4839 1 0.4839 3
0.5246 1 0.5246 4
0.4855 1 0.4855 3
0.5043 1 0.5043 3
0.5027 1 0.5027 5
0.5111 1 0.5111 2
0.507 1 0.507 2
0.9441 1 0.9441 6
0.7387 1 0.7387 3
0.7705 1 0.7705 1
0.9233 1 0.9232 5
0.9455 1 0.9455 1
0.9206 1 0.9205 7
0.9152 1 0.9152 6
0.9323 1 0.9323 3
0.9451 1 0.945 4
0.9047 0.9465 0.8563 2
0.8821 1 0.8821 6
0.9357 0.9998 0.9355 9
0.9287 1 0.9287 3
0.9269 1 0.9267 9
0.9339 0.95 0.8863 11
0.8201 1 0.8201 2
0.9202 1 0.9202 7
0.7171 1 0.7171 1
0.8201 1 0.8201 2
0.8302 1 0.8302 3
0.9207 1 0.9207 2
0.9221 1 0.9221 3
0.6602 1 0.6602 3
0.8984 1 0.8984 6
0.9488 0.9681 0.918 16
0.914 1 0.914 5
0.9044 1 0.9043 3
0.9218 1 0.9217 4
0.9223 0.9702 0.8947 8
0.7512 1 0.7512 3
0.9197 1 0.9197 3
0.8305 1 0.8305 3
0.6959 1 0.6959 4
0.9139 1 0.9139 4
0.9285 1 0.9285 4
0.8842 1 0.8842 3
0.9259 0.9762 0.9039 3
0.7188 1 0.7188 2
0.9301 1 0.9301 3
0.948 0.9709 0.9204 7
0.8947 1 0.8947 2
0.9355 1 0.9355 6
0.9308 1 0.9308 2
0.7595 1 0.7595 4
0.5668 1 0.5668 3
0.8698 1 0.8698 2
0.9221 1 0.9221 3
0.9443 1 0.9443 4
0.9319 1 0.9318 8
0.9276 1 0.9276 5
0.914 1 0.914 2
0.9377 1 0.9377 7
0.8756 1 0.8756 6
0.9338 0.9592 0.8956 5
0.9281 1 0.9281 2
0.9396 1 0.9395 6
0.8868 1 0.8868 4
0.8139 1 0.8139 2
0.9294 1 0.9293 7
0.8886 1 0.8886 2
0.8743 1 0.8743 4
0.8633 1 0.8633 6
0.9067 1 0.9066 6
0.9096 1 0.9096 3
0.9324 1 0.9323 8
0.7568 1 0.7568 2
0.9265 1 0.9265 4
0.9243 1 0.9243 2
0.9263 1 0.9263 3
0.9366 0.9958 0.9326 4
0.9321 0.9915 0.924 10
0.9118 1 0.9117 4
0.9296 1 0.9296 4
0.9123 1 0.9123 6
0.6166 1 0.6166 3
0.7832 1 0.7832 1
0.8988 1 0.8988 5
0.9105 1 0.9105 1
0.9163 1 0.9163 4
0.9104 1 0.9104 8
0.9166 1 0.9166 4
0.9329 1 0.9329 7
0.9157 1 0.9157 5
0.8416 1 0.8416 4
0.9382 1 0.9381 6
0.8212 1 0.8212 1
0.7285 1 0.7285 4
0.8569 1 0.8569 3
0.8969 1 0.8969 3
0.6708 1 0.6708 2
0.6865 1 0.6865 2
0.9458 1 0.9458 5
0.8075 1 0.8075 3
0.7535 1 0.7535 3
0.936 1 0.936 3
0.6491 1 0.6491 2
0.9034 1 0.9034 4
0.7081 1 0.7081 6
0.9266 1 0.9266 6
0.7408 1 0.7408 2
0.9121 1 0.912 5
0.9153 1 0.9153 6
0.9109 1 0.9109 3
0.8924 1 0.8924 5
0.8929 1 0.8929 3
0.9144 1 0.9143 4
0.9303 1 0.9268 9
0.9108 1 0.9107 5
0.9049 1 0.9049 6
0.8953 1 0.8952 4
0.9052 1 0.9052 6
0.9072 1 0.907 7
0.9088 1 0.9087 5
0.8858 1 0.8858 4
0.9071 1 0.9071 4
0.9104 1 0.9104 4
0.8979 1 0.8976 7
0.914 1 0.9136 8
0.9101 1 0.9101 8
0.8988 1 0.8988 4
0.9244 1 0.9242 8
0.872 1 0.872 4
0.9154 1 0.9145 11
0.9161 1 0.916 8
0.9075 1 0.9073 5
0.9081 1 0.908 7
0.9286 1 0.9278 9
0.9073 1 0.9072 5
0.8963 1 0.8963 2
0.8872 1 0.887 5
0.9189 1 0.9186 7
0.9047 1 0.9045 7
0.8957 1 0.8957 6
0.887 1 0.8869 5
0.8873 1 0.8873 2
0.9144 1 0.9143 5
0.9212 1 0.9211 5
0.9035 1 0.9027 6
0.8469 1 0.8467 7
0.9229 1 0.9229 4
0.9169 1 0.9169 3
0.9135 1 0.9134 5
0.9146 1 0.9142 9
0.9056 1 0.9056 4
0.8967 1 0.8967 5
0.9026 1 0.9026 5
0.9225 1 0.9225 3
0.9001 1 0.9001 3
0.9053 1 0.9048 5
0.8986 1 0.8983 4
0.9237 1 0.9234 11
0.9152 1 0.9151 5
0.9108 1 0.9108 7
0.9144 1 0.9143 3
0.8985 1 0.8984 6
0.8964 1 0.8963 4
0.9131 1 0.913 7
0.8929 1 0.8929 2
0.9031 1 0.903 3
0.8895 1 0.8893 9
0.9067 1 0.9066 2
0.9074 1 0.9074 5
0.9138 1 0.9133 12
0.8982 1 0.8981 7
0.8752 1 0.8752 1
0.9349 1 0.9347 5
0.9064 1 0.9063 4
0.914 1 0.914 4
0.9008 1 0.9008 5
0.8791 1 0.879 3
0.9284 1 0.9284 5
0.9096 1 0.9096 5
0.9179 1 0.9178 5
0.8997 1 0.8997 4
0.8384 1 0.8384 2
0.893 1 0.8929 4
0.8974 1 0.8973 6
0.8758 1 0.8756 3
0.8991 1 0.8989 5
0.9136 1 0.9136 6
0.903 1 0.9029 5
0.866 1 0.8659 11
0.8536 1 0.8536 4
0.9081 1 0.908 7
0.9068 1 0.9065 8
0.8991 1 0.899 5
0.9104 1 0.91 10
0.9032 1 0.9029 8
0.8822 1 0.8821 4
0.8999 1 0.8993 6
0.8912 1 0.8911 6
0.8978 1 0.8978 5
0.8742 1 0.8741 6
0.902 1 0.9019 7
0.9118 1 0.9116 10
0.8223 1 0.8222 2
0.904 1 0.904 3
0.9202 1 0.92 6
0.9135 1 0.9135 5
0.922 1 0.922 4
0.8967 1 0.8967 6
0.8932 1 0.893 6
0.9277 1 0.9276 4
0.8885 1 0.8884 3
0.8878 1 0.8878 4
0.8848 1 0.8847 7
0.899 1 0.8988 10
0.9039 1 0.9024 7
0.8877 1 0.8873 10
0.8825 1 0.8824 5
0.9194 1 0.9194 5
0.895 1 0.895 1
0.8193 1 0.8193 4
0.8941 1 0.894 4
0.9039 1 0.9039 5
0.8705 1 0.8705 6
0.8705 1 0.8705 6
0.9006 1 0.9003 8
0.8894 0.9592 0.8517 7
0.9142 1 0.9141 4
0.9072 1 0.9072 3
0.8912 1 0.8911 6
0.93 1 0.9294 4
0.8754 1 0.8754 5
0.9006 1 0.9005 6
0.9174 1 0.9168 7
0.9104 1 0.9104 4
0.8698 1 0.8697 7
0.882 1 0.8812 7
0.8768 1 0.8767 6
0.9076 1 0.9076 6
0.9072 1 0.9071 9
0.912 1 0.9108 13
0.9117 1 0.9116 6
0.8782 0.9999 0.8778 7
0.902 1 0.9013 8
0.8875 1 0.8873 5
0.8949 1 0.8947 3
0.898 1 0.898 6
0.9249 1 0.9248 4
0.9147 1 0.9147 6
0.8851 1 0.8849 2
0.9075 1 0.9075 3
0.9152 1 0.9152 7
0.8903 1 0.8901 5
0.8955 1 0.8955 7
0.9079 1 0.9079 4
0.8812 1 0.8812 4
0.902 1 0.9012 4
0.9086 1 0.9075 10
0.8988 1 0.8987 9
0.8881 1 0.8876 7
0.9042 1 0.9038 9
0.8671 1 0.8671 4
0.8881 1 0.8881 2
0.8994 1 0.8994 4
0.9073 1 0.9073 8
0.8693 1 0.8692 6
0.9043 1 0.9043 4
0.8917 1 0.8917 8
0.8569 1 0.8568 9
0.8887 1 0.8887 2
0.8982 1 0.8977 8
0.8887 1 0.8887 4
0.8976 1 0.8975 4
0.8872 1 0.8872 3
0.9095 1 0.9095 2
0.8585 1 0.8584 6
0.9065 1 0.9064 5
0.9258 1 0.9258 3
0.8974 1 0.8971 7
0.9091 1 0.9091 3
0.8959 1 0.8958 7
0.9041 1 0.9038 7
0.8999 1 0.8998 7
0.8841 1 0.884 4
0.8907 1 0.8907 2
0.922 1 0.922 7
0.9023 1 0.9023 5
0.8999 1 0.8999 6
0.9157 1 0.9157 5
0.9231 1 0.9216 5
0.883 1 0.8829 5
0.8835 1 0.8835 5
0.8775 1 0.8769 12
0.8694 1 0.8694 2
0.8765 1 0.8765 4
0.883 1 0.883 6
0.9029 1 0.9026 8
0.9292 1 0.9283 9
0.895 1 0.8949 5
0.8564 1 0.8564 2
0.8914 1 0.8913 9
0.9106 1 0.9105 8
0.9075 1 0.9075 4
0.8919 1 0.8918 9
0.9157 1 0.9156 5
0.8986 1 0.8986 6
0.8735 1 0.8718 7
0.9069 1 0.9068 6
0.9128 1 0.9128 7
0.8789 1 0.8788 6
0.9417 1 0.9417 4
0.8988 1 0.8988 7
0.8878 1 0.8878 3
0.8755 1 0.8754 6
0.8851 1 0.8851 3
0.9274 1 0.9274 6
0.9167 1 0.916 7
0.8874 1 0.8874 7
0.8951 1 0.895 6
0.8921 1 0.892 5
0.9272 1 0.9272 4
0.9144 1 0.9142 9
0.8889 1 0.8888 4
0.9135 1 0.9134 7
0.9202 1 0.9202 5
0.8931 1 0.8931 3
0.9135 1 0.9134 7
0.8658 1 0.8658 6
0.8844 1 0.8843 3
0.8999 1 0.8999 4
0.9387 1 0.9387 3
0.8997 1 0.8996 6
0.8944 1 0.8944 3
0.9072 1 0.9072 5
0.8909 1 0.8909 7
0.9201 1 0.9201 4
0.9073 1 0.9073 6
0.8793 1 0.8793 2
0.9199 1 0.9199 4
0.913 1 0.913 6
0.8885 1 0.8885 6
0.883 1 0.8829 5
0.9074 1 0.9074 8
0.8989 1 0.8989 3
0.9229 1 0.9228 4
0.9242 1 0.9242 7
0.8996 1 0.8995 9
0.9133 1 0.9132 9
0.8838 1 0.8837 7
0.8877 1 0.8872 4
0.9331 1 0.9325 10
0.9025 1 0.9024 7
0.91 1 0.9094 5
0.9129 1 0.9128 7
0.8732 1 0.8732 2
0.8902 1 0.8902 6
0.8948 1 0.8948 5
0.895 1 0.8947 9
0.8804 1 0.8803 7
0.8922 1 0.8922 2
0.8962 1 0.8962 3
0.8834 1 0.8833 5
0.8805 1 0.8805 4
0.9075 1 0.9069 7
0.8932 1 0.8932 1
0.8966 1 0.8966 7
0.8906 1 0.8906 6
0.9105 1 0.9105 7
0.9172 1 0.9171 8
0.8855 1 0.8852 6
0.9031 1 0.903 5
0.914 1 0.914 5
0.9056 1 0.9055 4
0.9275 1 0.9275 3
0.9101 1 0.9101 4
0.8959 1 0.8958 4
0.8424 1 0.8424 5
0.8747 1 0.8747 3
0.8751 1 0.8751 4
0.8567 1 0.8567 3
0.8736 1 0.8736 5
0.9022 1 0.9022 7
0.8799 1 0.8799 4
0.8973 1 0.8971 5
0.8978 1 0.8975 6
0.8718 1 0.8718 4
0.9299 1 0.9299 3
0.8956 1 0.8956 5
0.8898 1 0.8898 4
0.8965 1 0.8959 6
0.8983 1 0.8982 7
0.8952 1 0.8951 4
0.9146 1 0.9146 1
0.9196 1 0.9196 2
0.8977 1 0.8965 7
0.9146 1 0.9143 11
0.8685 1 0.8685 3
0.8843 1 0.8843 2
0.9387 1 0.9384 7
0.8867 1 0.8866 4
0.8859 1 0.8856 8
0.8926 1 0.8925 6
0.9076 1 0.9074 8
0.8616 1 0.8616 4
0.8942 1 0.8942 3
0.898 1 0.898 3
0.9091 1 0.9091 9
0.891 1 0.8908 7