0.5029 0.5645 0.2836 6
0.5564 0.591 0.3285 6
0.4243 0.5744 0.2436 9
0.5158 0.5155 0.2658 8
0.5272 0.5531 0.2914 6
0.4416 0.5031 0.2222 3
0.4738 0.4886 0.2308 6
0.4845 0.5089 0.2458 11
0.5197 0.495 0.2572 3
0.5123 0.5312 0.2717 6
0.4527 0.4617 0.2084 6
0.4914 0.531 0.2608 7
0.5008 0.5012 0.2507 14
0.5384 0.5234 0.2817 12
0.4568 0.5084 0.2302 20
0.522 0.5144 0.2685 3
0.5023 0.5221 0.2621 6
0.507 0.5315 0.2692 9
0.522 0.5144 0.2685 3
0.4664 0.5663 0.2641 6
0.5235 0.5255 0.275 5
0.5132 0.5753 0.2939 11
0.5058 0.5151 0.2605 5
0.4977 0.5277 0.2624 5
0.4693 0.5177 0.2396 11
0.4698 0.5508 0.2588 3
0.5615 0.5495 0.3084 3
0.4718 0.5069 0.239 6
0.5278 0.5562 0.2932 12
0.5152 0.5978 0.3075 12
0.5419 0.5877 0.3181 6
0.4831 0.5169 0.2494 10
0.4902 0.5154 0.2524 9
0.476 0.5634 0.2678 7
0.5463 0.5559 0.3035 7
0.4783 0.5256 0.251 11
0.4581 0.5156 0.2362 4
0.4872 0.5425 0.264 9
0.4752 0.518 0.2461 4
0.4602 0.4898 0.225 6
0.4884 0.5105 0.2492 4
0.5476 0.5517 0.3013 7
0.4948 0.4749 0.2346 9
0.5054 0.514 0.2592 8
0.5273 0.5232 0.2755 7
0.5301 0.5336 0.2828 4
0.5329 0.4865 0.2586 15
0.4737 0.5415 0.254 7
0.4981 0.525 0.2607 12
0.4595 0.4784 0.2192 16
0.5006 0.5044 0.251 7
0.489 0.5256 0.2567 7
0.514 0.5471 0.2808 11
0.4717 0.5198 0.245 6
0.524 0.5008 0.2624 5
0.5081 0.5277 0.268 6
0.5032 0.523 0.263 5
0.492 0.4897 0.2397 17
0.512 0.5342 0.2734 5
0.5101 0.5711 0.2912 7
0.4795 0.5296 0.2536 7
0.4877 0.583 0.2808 12
0.4937 0.5368 0.2648 6
0.5654 0.5764 0.3259 1
0.4629 0.5272 0.2436 5
0.5197 0.497 0.2581 3
0.4949 0.5102 0.2523 6
0.5038 0.6012 0.3016 14
0.4989 0.5573 0.2774 9
0.4963 0.4947 0.2454 6
0.4339 0.5051 0.219 7
0.446 0.5219 0.2315 14
0.4916 0.514 0.2525 5
0.4912 0.5253 0.258 4
0.5316 0.4757 0.2524 8
0.4786 0.5184 0.2458 8
0.5135 0.5388 0.2766 6
0.5042 0.532 0.2679 4
0.5169 0.5924 0.3059 7
0.4722 0.5282 0.2492 6
0.5376 0.5691 0.3059 6
0.5378 0.5534 0.2945 17
0.5127 0.5153 0.2635 5
0.4867 0.5978 0.2909 7
0.5171 0.5648 0.2918 2
0.4927 0.5314 0.2616 9
0.5465 0.6089 0.3327 9
0.5154 0.5603 0.2887 4
0.5091 0.5717 0.291 2
0.5259 0.5403 0.2841 8
0.4457 0.5172 0.2302 9
0.5057 0.532 0.2687 13
0.4795 0.5384 0.257 5
0.4408 0.5349 0.2356 8
0.4582 0.4775 0.2186 6
0.4461 0.5416 0.2416 3
0.5029 0.4884 0.2455 6
0.4896 0.541 0.2643 8
0.454 0.5548 0.2516 10
0.4208 0.5258 0.2201 9
0.871 0.7482 0.6516 5
0.8871 0.7445 0.6604 6
0.8948 0.7187 0.6428 8
0.8844 0.7622 0.6741 4
0.8994 0.722 0.6493 9
0.8824 0.69 0.6088 4
0.8915 0.768 0.6846 6
0.9031 0.6992 0.6314 2
0.894 0.7404 0.6619 2
0.8989 0.7147 0.6424 3
0.8989 0.7559 0.6795 3
0.901 0.7817 0.7041 8
0.8757 0.7781 0.6813 4
0.8827 0.7557 0.667 5
0.8979 0.7354 0.6603 4
0.9088 0.7361 0.6689 2
0.8883 0.757 0.6724 5
0.8815 0.737 0.6497 5
0.9088 0.7361 0.6689 2
0.9051 0.7709 0.6977 5
0.9037 0.7281 0.6578 6
0.8948 0.7333 0.6561 8
0.892 0.7703 0.687 9
0.8878 0.796 0.7067 3
0.891 0.7524 0.6704 2
0.8993 0.7686 0.6912 7
0.9103 0.7353 0.6693 3
0.8952 0.7288 0.6524 8
0.8897 0.7481 0.6655 5
0.8941 0.7515 0.6719 5
0.8752 0.7493 0.6557 7
0.8917 0.7824 0.6975 10
0.8774 0.7661 0.6718 11
0.8859 0.7334 0.6497 3
0.9012 0.7396 0.6664 9
0.9016 0.7467 0.6732 4
0.8863 0.7413 0.657 6
0.8952 0.7268 0.6506 4
0.8879 0.758 0.673 5
0.9033 0.7358 0.6645 8
0.8873 0.7641 0.6779 4
0.89 0.7178 0.6388 5
0.8926 0.7244 0.6464 7
0.9035 0.6975 0.6302 4
0.8913 0.7194 0.6411 7
0.9056 0.7436 0.6732 10
0.8891 0.7566 0.6727 3
0.8968 0.7577 0.6795 3
0.8687 0.7658 0.6652 7
0.8934 0.7639 0.6824 5
0.9116 0.754 0.6873 4
0.8925 0.7303 0.6518 1
0.8879 0.7374 0.6547 7
0.8801 0.7177 0.6316 8
0.882 0.7442 0.6564 4
0.9035 0.7524 0.6798 5
0.8886 0.7789 0.6921 2
0.8835 0.7665 0.6772 3
0.8814 0.7147 0.6299 7
0.8887 0.7116 0.6322 8
0.8915 0.7641 0.6811 5
0.8929 0.7469 0.6669 2
0.8928 0.7886 0.704 6
0.8851 0.742 0.6567 8
0.8783 0.7219 0.634 4
0.8856 0.7542 0.6679 4
0.8913 0.7319 0.6523 2
0.8902 0.7613 0.6777 4
0.8852 0.7323 0.6482 5
0.8923 0.7523 0.6712 7
0.8799 0.7771 0.6837 6
0.8847 0.7337 0.6491 5
0.8932 0.7698 0.6876 3
0.8938 0.748 0.6686 1
0.8995 0.7394 0.6649 6
0.8857 0.7436 0.6586 5
0.8933 0.763 0.6816 5
0.8792 0.7272 0.6392 12
0.8976 0.7324 0.6573 12
0.8909 0.7422 0.6612 3
0.91 0.7091 0.6453 5
0.8893 0.763 0.6785 5
0.8923 0.7326 0.6536 7
0.8793 0.75 0.6595 5
0.8928 0.7505 0.67 4
0.9068 0.7365 0.6678 5
0.8796 0.7609 0.6692 9
0.9073 0.7434 0.6741 12
0.8977 0.7643 0.686 5
0.9133 0.7439 0.6794 1
0.9141 0.7709 0.7046 4
0.8837 0.7432 0.6567 8
0.9051 0.7898 0.7148 6
0.8935 0.7811 0.6979 7
0.8694 0.763 0.6633 9
0.8911 0.7202 0.6417 8
0.8826 0.7438 0.6564 7
0.9026 0.7086 0.6395 4
0.9015 0.7638 0.6886 3
0.8584 0.7337 0.6296 3
0.5942 0.5466 0.3241 4
0.5912 0.5844 0.3454 6
0.5936 0.5444 0.323 7
0.6658 0.6056 0.403 4
0.5081 0.5111 0.2595 7
0.5718 0.5705 0.3261 5
0.6616 0.5391 0.3567 3
0.5743 0.5784 0.3319 9
0.6462 0.612 0.3955 1
0.5786 0.535 0.3094 7
0.4908 0.5189 0.2545 13
0.6593 0.5841 0.3851 3
0.6274 0.5451 0.3419 5
0.6571 0.5777 0.3793 15
0.5929 0.5979 0.3545 1
0.6261 0.5566 0.3476 6
0.6021 0.5954 0.3585 7
0.5788 0.5143 0.2977 1
0.6261 0.5575 0.3482 8
0.6374 0.5726 0.3649 6
0.6505 0.5955 0.3872 4
0.624 0.5956 0.3716 5
0.5972 0.5994 0.3579 6
0.6016 0.5008 0.3012 8
0.6568 0.5986 0.393 5
0.5605 0.5967 0.334 10
0.6113 0.5446 0.3329 4
0.6203 0.5823 0.3607 3
0.6073 0.5529 0.3357 4
0.5942 0.5748 0.3415 2
0.7142 0.5844 0.4173 10
0.6387 0.5526 0.3524 8
0.5614 0.5278 0.296 4
0.6786 0.5507 0.3735 9
0.7074 0.5676 0.4015 4
0.6295 0.5394 0.3395 3
0.6004 0.5748 0.3451 6
0.5879 0.5206 0.3057 8
0.6856 0.5637 0.3864 5
0.6122 0.5545 0.3394 4
0.5872 0.577 0.3382 12
0.5471 0.555 0.3036 5
0.6505 0.6059 0.394 9
0.587 0.5769 0.3383 9
0.6638 0.548 0.3633 7
0.6032 0.5067 0.3054 12
0.6265 0.569 0.3564 4
0.5537 0.5328 0.2948 12
0.7163 0.5997 0.4294 5
0.597 0.5663 0.338 5
0.5162 0.5873 0.3031 4
0.6781 0.5886 0.3991 4
0.581 0.5587 0.3246 3
0.6148 0.6045 0.3716 3
0.6194 0.5742 0.3556 3
0.6862 0.5908 0.4054 7
0.637 0.6056 0.3856 7
0.6677 0.5605 0.3742 6
0.5692 0.5487 0.3123 5
0.6627 0.5913 0.3919 2
0.6642 0.5488 0.3644 8
0.6225 0.5803 0.3612 3
0.6338 0.5649 0.358 4
0.64 0.5882 0.3764 7
0.5428 0.5552 0.3007 9
0.6148 0.5885 0.3618 4
0.5908 0.5398 0.3188 5
0.5522 0.5966 0.3288 7
0.6677 0.5771 0.3853 1
0.738 0.5751 0.4244 6
0.5533 0.5314 0.294 6
0.618 0.5859 0.362 7
0.5999 0.5245 0.3145 5
0.6089 0.5383 0.3277 7
0.6033 0.5451 0.3288 5
0.5644 0.5405 0.3048 10
0.5592 0.5224 0.2916 6
0.5615 0.5353 0.3005 4
0.6165 0.5603 0.3452 10
0.6185 0.608 0.376 5
0.5604 0.5397 0.3024 9
0.6322 0.522 0.3299 6
0.6197 0.5635 0.3491 6
0.6161 0.566 0.3459 7
0.6731 0.5811 0.391 9
0.5547 0.5264 0.2919 4
0.6191 0.5748 0.3557 5
0.5978 0.5471 0.327 4
0.5722 0.5197 0.2972 7
0.5387 0.5843 0.3147 5
0.5757 0.5247 0.302 4
0.5992 0.5628 0.3371 7
0.6298 0.6022 0.3791 6
0.554 0.5323 0.2949 5
0.6467 0.5917 0.3826 4
0.6287 0.5779 0.3633 4
0.666 0.5868 0.3908 5
0.5988 0.586 0.3509 3
0.6479 0.5227 0.3384 7
0.5989 0.5876 0.3518 5
0.5958 0.4692 0.2794 7
0.5627 0.4332 0.2425 5
0.5749 0.43 0.2439 11
0.6283 0.4925 0.3045 11
0.5755 0.4515 0.258 16
0.6124 0.4718 0.2877 10
0.6008 0.5018 0.3009 8
0.6257 0.5046 0.314 11
0.6006 0.4776 0.2848 7
0.6475 0.4819 0.3097 13
0.638 0.4429 0.2815 14
0.6119 0.5013 0.305 10
0.5626 0.481 0.2664 16
0.6216 0.4832 0.2977 18
0.6095 0.5113 0.3074 10
0.5827 0.5106 0.2973 7
0.6181 0.48 0.2918 16
0.6652 0.51 0.333 12
0.5827 0.5136 0.299 7
0.5817 0.4803 0.2786 10
0.597 0.4473 0.2619 14
0.6906 0.5659 0.3901 7
0.6641 0.4583 0.3011 10
0.6451 0.4754 0.3058 8
0.7064 0.4957 0.3476 23
0.6142 0.4903 0.2999 7
0.6657 0.5246 0.3436 15
0.6052 0.4858 0.2928 4
0.6436 0.4706 0.3018 9
0.5816 0.4344 0.2512 11
0.5867 0.4598 0.2657 15
0.642 0.4253 0.2672 18
0.5196 0.3989 0.2037 14
0.6332 0.4774 0.2973 9
0.544 0.4167 0.2245 12
0.5793 0.5153 0.2983 12
0.616 0.4863 0.2976 16
0.5692 0.4341 0.2464 11
0.6374 0.48 0.3053 4
0.5422 0.409 0.2188 16
0.6587 0.5346 0.3486 8
0.5133 0.4033 0.2041 11
0.6304 0.4936 0.3093 10
0.5871 0.4538 0.2649 13
0.5907 0.4582 0.268 10
0.5893 0.4388 0.2555 6
0.6511 0.4624 0.3003 9
0.7238 0.4954 0.3553 10
0.5954 0.4672 0.2735 20
0.674 0.4475 0.2938 15
0.6309 0.4893 0.3065 11
0.5791 0.4888 0.2827 12
0.6865 0.5186 0.3554 9
0.5756 0.4373 0.2514 8
0.5899 0.3976 0.2337 10
0.549 0.435 0.238 8
0.5749 0.484 0.2751 13
0.6346 0.4633 0.2924 8
0.6539 0.4474 0.2906 13
0.611 0.4873 0.297 11
0.5838 0.4541 0.2646 7
0.5922 0.4753 0.2803 19
0.574 0.4688 0.2681 7
0.665 0.4896 0.3244 13
0.5954 0.4966 0.292 8
0.5833 0.4821 0.281 8
0.5252 0.3854 0.2015 14
0.6773 0.5229 0.3538 8
0.6389 0.4926 0.3132 8
0.6141 0.4651 0.2844 5
0.5996 0.4756 0.2795 17
0.6105 0.4864 0.2923 13
0.5879 0.4805 0.2789 12
0.582 0.4556 0.265 4
0.6137 0.509 0.3122 6
0.606 0.4438 0.2647 15
0.6224 0.4796 0.2952 14
0.621 0.4496 0.2731 18
0.6045 0.5102 0.3072 14
0.6204 0.5156 0.3193 11
0.6449 0.4991 0.3214 6
0.5569 0.4446 0.2466 5
0.5906 0.4519 0.2636 9
0.6255 0.4804 0.2997 7
0.6171 0.4704 0.2881 13
0.5928 0.4252 0.2507 10
0.6179 0.4935 0.3046 4
0.5904 0.4727 0.2749 16
0.5701 0.431 0.2433 14
0.5849 0.4613 0.2689 10
0.5811 0.4888 0.2828 14
0.5702 0.4385 0.2491 8
0.5873 0.4675 0.2731 11
0.5884 0.47 0.2762 9
0.627 0.4768 0.2971 24
0.6319 0.4716 0.2956 12
0.6214 0.4017 0.2431 25
0.6585 0.4954 0.3248 7
0.6675 0.486 0.3236 15
0.5759 0.4765 0.2733 10
0.8836 0.6513 0.5752 9
0.9053 0.7102 0.6415 10
0.8975 0.6645 0.5955 8
0.8583 0.7135 0.6121 9
0.8896 0.6778 0.5951 25
0.8439 0.7013 0.5915 8
0.8696 0.691 0.5969 15
0.8815 0.7015 0.6183 6
0.8637 0.7177 0.6197 10
0.8907 0.6894 0.6138 6
0.8679 0.692 0.6006 4
0.873 0.7018 0.6126 8
0.8896 0.7368 0.654 14
0.9124 0.6801 0.6171 15
0.8555 0.6917 0.5901 10
0.8494 0.763 0.647 13
0.8711 0.6704 0.5831 6
0.8839 0.7424 0.6557 7
0.8494 0.763 0.647 13
0.8906 0.7373 0.656 5
0.87 0.7062 0.6139 8
0.8376 0.6967 0.5834 10
0.8458 0.64 0.5409 11
0.8857 0.6563 0.5809 4
0.874 0.6681 0.5836 9
0.868 0.7364 0.639 5
0.8565 0.7199 0.6161 12
0.8716 0.7104 0.6187 7
0.8733 0.6694 0.5844 8
0.8613 0.677 0.5825 14
0.8765 0.6768 0.5925 11
0.8689 0.6976 0.606 3
0.8573 0.6496 0.5567 10
0.879 0.6513 0.5712 11
0.875 0.7053 0.6167 11
0.8941 0.7165 0.6405 4
0.8957 0.6897 0.6169 13
0.8947 0.6398 0.5702 12
0.8841 0.6937 0.6113 12
0.8855 0.7116 0.63 9
0.8432 0.658 0.5544 6
0.8482 0.695 0.5891 9
0.8365 0.6644 0.5556 7
0.8762 0.6752 0.5894 13
0.8858 0.7291 0.6443 13
0.8221 0.6735 0.5537 5
0.8787 0.7078 0.6215 16
0.8785 0.7206 0.6315 12
0.8712 0.7427 0.647 4
0.8428 0.7323 0.6166 15
0.9002 0.6932 0.6207 18
0.8706 0.6503 0.5659 10
0.8838 0.6928 0.6117 9
0.853 0.7109 0.606 9
0.8705 0.7189 0.6255 7
0.8864 0.7021 0.6222 5
0.8854 0.6565 0.5806 12
0.8843 0.7226 0.6386 8
0.8669 0.6691 0.5797 7
0.86 0.742 0.638 6
0.8569 0.6728 0.5765 6
0.8848 0.7265 0.6426 8
0.8658 0.7297 0.6314 8
0.8915 0.7045 0.624 9
0.8877 0.7186 0.6374 14
0.8867 0.6869 0.6085 13
0.8568 0.6924 0.5931 5
0.8641 0.6975 0.6023 11
0.8671 0.7123 0.6172 10
0.8914 0.6771 0.603 12
0.8858 0.7152 0.6328 12
0.8924 0.7196 0.6421 5
0.8749 0.7064 0.6169 14
0.8424 0.7129 0.598 10
0.8942 0.695 0.6206 8
0.882 0.6398 0.5608 13
0.8405 0.6524 0.548 4
0.8613 0.6973 0.6004 15
0.8666 0.698 0.6046 14
0.866 0.6652 0.5745 14
0.882 0.6988 0.6158 3
0.8682 0.6724 0.5828 14
0.8916 0.6989 0.6225 9
0.8736 0.7617 0.6652 6
0.8806 0.6452 0.5663 10
0.8625 0.7448 0.6416 20
0.8565 0.7161 0.6127 6
0.8853 0.7312 0.6452 12
0.8387 0.7103 0.5956 7
0.8566 0.7 0.5989 7
0.9006 0.7291 0.6545 14
0.878 0.7263 0.6371 10
0.8787 0.7366 0.6469 6
0.8448 0.6961 0.5879 13
0.8576 0.6606 0.5632 8
0.8997 0.6826 0.6131 15
0.8679 0.7248 0.6287 9
0.86 0.6811 0.5857 3
0.8637 0.7353 0.6337 11
0.8649 0.7116 0.615 8
0.8698 0.6856 0.5962 9
0.8813 0.6746 0.5944 7
0.8947 0.6651 0.5909 23
0.89 0.6848 0.6093 4
0.9017 0.6575 0.5922 11
0.8831 0.7085 0.6248 12
0.8639 0.7104 0.6134 4
0.8729 0.6509 0.568 3
0.9063 0.674 0.6084 13
0.8794 0.7361 0.6453 14
0.8965 0.6812 0.6102 8
0.8532 0.6586 0.5612 5
0.8689 0.7375 0.6404 5
0.8921 0.6722 0.5986 16
0.886 0.681 0.6024 8
0.8822 0.692 0.608 9
0.8652 0.7352 0.6352 15
0.882 0.669 0.5896 10
0.8822 0.692 0.6081 10
0.8511 0.7011 0.5966 7
0.8833 0.6506 0.5733 5
0.87 0.6687 0.5814 8
0.8638 0.7245 0.6256 10
0.8825 0.6669 0.5859 14
0.8831 0.7084 0.6245 23
0.8753 0.6926 0.6062 4
0.8813 0.6951 0.6116 8
0.8729 0.6788 0.5908 9
0.9047 0.6589 0.5955 8
0.8887 0.6578 0.5812 12
0.899 0.6969 0.622 17
0.898 0.7228 0.6468 6
0.8978 0.6601 0.5914 7
0.8723 0.7045 0.6136 5
0.8933 0.6427 0.5737 5
0.8717 0.6951 0.6057 9
0.8919 0.6695 0.5968 7
0.8827 0.6959 0.6124 13
0.8743 0.7203 0.6292 8
0.865 0.6761 0.5845 13
0.881 0.734 0.6465 6
0.8616 0.7434 0.64 6
0.8639 0.7144 0.6164 9
0.8773 0.7183 0.6299 8
0.8793 0.6971 0.611 11
0.8763 0.687 0.6007 12
0.8873 0.7305 0.6481 5
0.8926 0.6764 0.6006 13
0.8831 0.6768 0.5962 10
0.8725 0.7059 0.6143 8
0.8919 0.6978 0.6187 13
0.8678 0.6885 0.5965 17
0.8952 0.7073 0.6321 9
0.8867 0.6965 0.6152 13
0.8898 0.686 0.6093 8
0.8973 0.7219 0.6459 8
0.8947 0.7176 0.6411 10
0.9256 0.6892 0.6343 9
0.8852 0.7027 0.622 4
0.8913 0.7183 0.6399 9
0.9113 0.7491 0.6779 14
0.8965 0.7027 0.6272 15
0.8884 0.6551 0.5805 16
0.8643 0.736 0.6352 8
0.8861 0.6847 0.6065 9
0.8706 0.7097 0.6177 6
0.9028 0.6656 0.5984 18
0.9107 0.7209 0.6542 11
0.886 0.7057 0.6248 5
0.8542 0.7371 0.6292 7
0.8745 0.73 0.6366 9
0.9174 0.6709 0.6131 11
0.8557 0.7203 0.6162 5
0.8574 0.663 0.5679 9
0.8847 0.6965 0.6153 12
0.8829 0.7311 0.6447 10
0.864 0.6878 0.594 9
0.9087 0.6889 0.6251 8
0.8632 0.7395 0.6374 6
0.8481 0.6365 0.5396 12
0.8676 0.6875 0.5962 10
0.8927 0.6537 0.5796 15
0.8678 0.6726 0.5829 13
0.8845 0.7158 0.6322 11
0.8868 0.6563 0.5767 20
0.8912 0.6885 0.6128 11
0.8766 0.7204 0.6313 7
0.8844 0.7339 0.6466 11
0.8952 0.7382 0.66 12
0.8695 0.6755 0.5867 9
0.8864 0.6937 0.6124 14
0.8936 0.7175 0.6381 11
0.8734 0.6774 0.5914 7
0.8982 0.7126 0.6374 8
0.8819 0.7222 0.6365 14
0.8858 0.7412 0.6557 11
0.8731 0.6899 0.6007 6
0.8815 0.6571 0.5788 8
0.8748 0.6893 0.6025 9
0.8924 0.6857 0.6104 15
0.6841 0.5046 0.3451 4
0.6931 0.5356 0.3709 7
0.6539 0.4985 0.3255 9
0.6697 0.5531 0.3702 5
0.6317 0.5129 0.3237 6
0.586 0.5024 0.2935 18
0.6857 0.5478 0.3693 22
0.5862 0.4553 0.2657 9
0.6862 0.5287 0.3611 9
0.6504 0.5373 0.3492 7
0.634 0.6247 0.3939 17
0.6002 0.5296 0.317 10
0.7079 0.5315 0.375 9
0.6859 0.5947 0.4078 7
0.6464 0.5382 0.3477 4
0.688 0.532 0.3649 11
0.6662 0.5362 0.357 7
0.6891 0.6366 0.437 8
0.688 0.532 0.3649 11
0.6748 0.52 0.3478 11
0.6578 0.4981 0.3258 11
0.6517 0.5503 0.3585 6
0.6554 0.5261 0.3436 14
0.661 0.5563 0.3633 17
0.6526 0.5807 0.3778 13
0.6324 0.5047 0.318 13
0.6006 0.4631 0.278 9
0.7495 0.6231 0.4652 15
0.6705 0.5235 0.3505 7
0.6519 0.5745 0.3741 10
0.649 0.5062 0.3258 5
0.5665 0.5047 0.2846 14
0.6538 0.5673 0.3669 5
0.6646 0.5355 0.3542 14
0.6037 0.5673 0.3408 12
0.6114 0.5375 0.3281 10
0.6405 0.5627 0.3574 16
0.6676 0.5583 0.3726 4
0.7008 0.5836 0.4083 12
0.6063 0.5517 0.3337 12
0.6757 0.5153 0.3478 8
0.6868 0.5913 0.406 5
0.6871 0.5735 0.3918 8
0.5944 0.5131 0.304 8
0.7151 0.623 0.4448 12
0.5719 0.4983 0.2839 13
0.6596 0.5192 0.339 20
0.6357 0.5421 0.3433 18
0.6864 0.5582 0.3816 11
0.6756 0.5279 0.3559 7
0.6537 0.5116 0.3334 7
0.6563 0.5693 0.3735 8
0.6595 0.5283 0.3427 13
0.6015 0.5639 0.3391 7
0.6559 0.5472 0.3547 16
0.6614 0.587 0.3869 5
0.6361 0.5452 0.3462 9
0.6625 0.5424 0.3568 9
0.6216 0.5316 0.3299 10
0.5705 0.4643 0.2646 6
0.6572 0.5516 0.3608 8
0.6236 0.5169 0.3165 12
0.65 0.5303 0.3407 12
0.6216 0.4618 0.2865 7
0.6308 0.5172 0.3259 8
0.6514 0.5585 0.3635 5
0.6596 0.5498 0.3623 7
0.7341 0.6203 0.4552 10
0.6003 0.5071 0.303 9
0.6534 0.5691 0.3717 6
0.6938 0.5392 0.374 3
0.5866 0.4847 0.2833 16
0.5979 0.4871 0.2905 15
0.6516 0.4668 0.3039 10
0.6809 0.5619 0.3823 8
0.5878 0.5783 0.339 9
0.6322 0.5281 0.33 22
0.7022 0.5494 0.3857 6
0.617 0.5378 0.3316 7
0.6768 0.5483 0.3679 12
0.752 0.4453 0.3292 13
0.6114 0.4936 0.2992 6
0.6517 0.578 0.3759 16
0.6585 0.4869 0.3196 11
0.6434 0.5307 0.3381 13
0.624 0.4956 0.3086 12
0.6303 0.4629 0.2914 4
0.6848 0.5958 0.408 4
0.6556 0.4549 0.2946 16
0.6621 0.5327 0.3503 10
0.6959 0.5517 0.3806 21
0.5912 0.5215 0.3074 13
0.6804 0.6094 0.4136 13
0.6701 0.5329 0.3566 11
0.6566 0.5184 0.3396 14
0.6631 0.5972 0.3959 5
0.6408 0.5502 0.3505 10
0.6154 0.5454 0.3355 8
0.6766 0.5584 0.3766 12
0.711 0.6005 0.4269 4
0.9295 0.6891 0.6405 7
0.9137 0.7427 0.6785 7
0.9034 0.7267 0.6565 4
0.9069 0.6939 0.6292 5
0.9094 0.6927 0.6299 10
0.8942 0.699 0.625 7
0.9349 0.7158 0.6691 9
0.9177 0.7243 0.6646 7
0.9304 0.7443 0.6924 7
0.9049 0.7182 0.6496 8
0.9202 0.7178 0.6602 8
0.9187 0.7691 0.7066 1
0.9134 0.7117 0.6501 5
0.9169 0.6721 0.6162 9
0.9223 0.6657 0.6138 4
0.9286 0.734 0.6812 5
0.9074 0.6978 0.6331 10
0.9023 0.7517 0.6781 6
0.9286 0.734 0.6812 6
0.8969 0.7007 0.6284 8
0.9127 0.7281 0.6645 4
0.9011 0.7157 0.6449 4
0.9223 0.7422 0.6844 10
0.9078 0.715 0.6491 6
0.9262 0.67 0.6203 6
0.9172 0.6972 0.6394 6
0.8806 0.6948 0.6118 6
0.9166 0.6988 0.6404 8
0.9165 0.6831 0.626 4
0.8993 0.7436 0.6687 3
0.8897 0.685 0.6093 5
0.9116 0.7271 0.6627 7
0.9013 0.7512 0.677 9
0.9013 0.6944 0.6257 6
0.9138 0.6637 0.6064 3
0.9115 0.7682 0.7001 5
0.9157 0.681 0.6236 2
0.8742 0.7278 0.6362 6
0.9362 0.6805 0.6369 9
0.9196 0.6961 0.6401 8
0.9126 0.73 0.6661 6
0.9137 0.6911 0.6314 4
0.9063 0.6926 0.6277 4
0.9166 0.7434 0.6812 12
0.8991 0.7803 0.7016 2
0.9019 0.7015 0.6325 8
0.915 0.716 0.655 6
0.9204 0.6783 0.6242 8
0.9114 0.6846 0.6239 6
0.9253 0.7722 0.7145 5
0.9048 0.7287 0.6593 7
0.9314 0.6943 0.6466 3
0.9228 0.6681 0.6165 5
0.9244 0.6917 0.6393 7
0.919 0.7282 0.6692 5
0.9247 0.719 0.6647 12
0.9404 0.7226 0.6795 4
0.9001 0.7403 0.6663 2
0.9102 0.6862 0.6245 7
0.927 0.7157 0.663 7
0.8899 0.7485 0.666 8
0.928 0.7329 0.6801 6
0.8766 0.6728 0.5896 7
0.9054 0.7394 0.6694 5
0.9032 0.6897 0.6229 3
0.9354 0.7711 0.7212 5
0.9114 0.7026 0.6402 6
0.8921 0.6941 0.6192 2
0.921 0.7128 0.6565 2
0.928 0.6802 0.6312 4
0.9203 0.7062 0.6497 5
0.9097 0.7221 0.6568 8
0.9305 0.7072 0.6579 4
0.9111 0.7261 0.6615 3
0.8816 0.7132 0.6287 5
0.8928 0.762 0.6802 11
0.926 0.6851 0.6343 8
0.9197 0.6606 0.6075 5
0.8894 0.6789 0.6035 3
0.9054 0.7166 0.6488 3
0.9272 0.7083 0.6567 5
0.9163 0.6983 0.6398 4
0.8974 0.6812 0.6113 4
0.8976 0.7477 0.6711 7
0.9315 0.7012 0.6531 3
0.9107 0.7231 0.6585 4
0.9315 0.7865 0.7326 3
0.8997 0.7561 0.6803 4
0.9271 0.7063 0.6548 7
0.883 0.7294 0.6439 6
0.8906 0.7636 0.68 9
0.9376 0.6982 0.6546 8
0.9245 0.7197 0.6649 14
0.9155 0.7251 0.6638 6
0.9269 0.723 0.6701 9
0.9006 0.725 0.6528 11
0.8917 0.6987 0.6228 6
0.9124 0.7798 0.7114 9
0.9323 0.6676 0.6224 5
0.8954 0.7363 0.6592 6
0.9079 0.6796 0.6167 10
0.9124 0.6484 0.5913 14
0.9053 0.7133 0.6455 9
0.9031 0.7036 0.6354 4
0.8873 0.6915 0.6135 7
0.9091 0.7212 0.6548 11
0.9077 0.6441 0.5845 10
0.9014 0.7372 0.6645 7
0.9049 0.696 0.6297 8
0.9039 0.6838 0.618 8
0.9163 0.7151 0.6551 5
0.8973 0.6741 0.6045 11
0.8954 0.6676 0.5974 9
0.9027 0.7018 0.6335 17
0.9124 0.6859 0.625 9
0.8971 0.6731 0.6036 18
0.9115 0.6951 0.6333 6
0.908 0.6466 0.5868 7
0.8963 0.7013 0.6285 6
0.9059 0.7019 0.6356 11
0.9166 0.6847 0.6274 6
0.9017 0.7014 0.6322 8
0.9132 0.672 0.6133 10
0.9106 0.6709 0.6109 7
0.9065 0.6831 0.618 20
0.8922 0.7058 0.6295 8
0.918 0.6535 0.5994 14
0.9108 0.6693 0.6095 14
0.9129 0.6965 0.6355 11
0.9124 0.6774 0.6177 11
0.9074 0.7003 0.6351 9
0.9045 0.7031 0.6358 5
0.8865 0.6754 0.5984 8
0.8939 0.6734 0.6015 11
0.9098 0.6945 0.6318 5
0.8954 0.673 0.6026 4
0.9086 0.7037 0.6393 5
0.9111 0.6573 0.5988 2
0.9027 0.7078 0.6389 6
0.9113 0.6407 0.5835 8
0.8958 0.7223 0.647 5
0.9128 0.6999 0.6386 7
0.9125 0.6655 0.6072 4
0.915 0.6611 0.6049 4
0.8979 0.6782 0.6085 10
0.9179 0.6904 0.6337 4
0.9212 0.7093 0.6531 9
0.8999 0.733 0.6595 7
0.8924 0.6889 0.6147 13
0.9112 0.7445 0.6782 4
0.9125 0.6001 0.5474 5
0.9062 0.6712 0.6081 5
0.9292 0.6905 0.6386 19
0.9001 0.6833 0.615 4
0.9142 0.7091 0.648 7
0.8803 0.7258 0.6388 15
0.9151 0.6757 0.6183 6
0.9187 0.6999 0.6425 10
0.8995 0.7171 0.6449 9
0.8983 0.6485 0.5825 5
0.9102 0.6783 0.6174 2
0.8983 0.7118 0.6394 4
0.8997 0.6905 0.6208 9
0.91 0.6667 0.6052 13
0.9079 0.7356 0.6676 8
0.9192 0.6424 0.5901 16
0.9029 0.6682 0.6032 9
0.894 0.6699 0.5989 9
0.9077 0.6951 0.6309 6
0.9012 0.7146 0.644 4
0.911 0.6798 0.6188 11
0.893 0.6762 0.6038 5
0.9109 0.676 0.6156 16
0.9062 0.6518 0.5903 8
0.9019 0.7104 0.6399 8
0.8978 0.7218 0.6479 9
0.9047 0.7019 0.6347 11
0.8999 0.7249 0.6523 4
0.9103 0.6787 0.6172 15
0.904 0.6605 0.597 7
0.9088 0.6701 0.609 5
0.905 0.6801 0.6154 7
0.8953 0.7202 0.6445 12
0.9094 0.6534 0.5941 9
0.9005 0.7059 0.6354 9
0.8994 0.7195 0.647 9
0.8998 0.6675 0.6002 15
0.9038 0.7139 0.6452 8
0.909 0.6891 0.6261 9
0.904 0.6309 0.5701 10
0.8988 0.666 0.5984 11
0.9071 0.6614 0.5998 5
0.891 0.7159 0.6377 7
0.9024 0.7271 0.6559 11
0.9095 0.6411 0.5829 6
0.8922 0.7735 0.6901 2
0.9032 0.7377 0.6662 8
0.9155 0.7282 0.6666 10
0.8919 0.6577 0.5866 5
0.908 0.6576 0.5967 9
0.9049 0.7365 0.6664 7
0.9078 0.6853 0.6219 10
0.9035 0.6891 0.6216 2
0.8662 0.7151 0.6193 4
0.8759 0.7386 0.6462 11
0.8979 0.7301 0.6554 9
0.8994 0.6647 0.5978 5
0.8908 0.6288 0.5598 8
0.9038 0.6542 0.5904 9
0.9015 0.6787 0.6112 10
0.8989 0.6526 0.5864 4
0.9051 0.6966 0.6304 8
0.8698 0.6848 0.5955 7
0.8798 0.6542 0.5753 9
0.891 0.6861 0.6113 4
0.8826 0.7155 0.6312 15
0.8826 0.7155 0.6312 15
0.8923 0.6954 0.62 17
0.9159 0.6296 0.5766 2
0.9007 0.6888 0.6203 11
0.8965 0.672 0.6024 5
0.8892 0.6649 0.5907 7
0.9012 0.647 0.5825 8
0.8645 0.6802 0.5879 7
0.8667 0.7198 0.6237 8
0.8992 0.7061 0.6342 10
0.892 0.7001 0.6243 9
0.8667 0.7107 0.6158 8
0.9048 0.704 0.6358 11
0.8863 0.7869 0.6974 2
0.908 0.65 0.59 6
0.9114 0.6803 0.6194 9
0.9011 0.6721 0.6049 8
0.8788 0.707 0.62 7
0.8937 0.6325 0.5649 6
0.8943 0.6802 0.6083 2
0.8909 0.6951 0.6189 8
0.8846 0.7215 0.638 7
0.9142 0.6605 0.6037 4
0.9331 0.641 0.5971 16
0.8708 0.658 0.5727 7
0.8654 0.6728 0.5822 2
0.9095 0.683 0.6209 4
0.9179 0.667 0.6117 10
0.8971 0.7288 0.6537 6
0.8925 0.7451 0.6643 8
0.8991 0.6576 0.5911 9
0.8759 0.6961 0.6096 5
0.905 0.6269 0.5673 6
0.8858 0.6513 0.5768 9
0.9105 0.6841 0.6227 7
0.8515 0.6433 0.5461 9
0.8917 0.5959 0.5313 3
0.9039 0.7247 0.6548 11
0.8883 0.7347 0.6525 10
0.8882 0.7318 0.6499 11
0.8817 0.6137 0.5411 3
0.8677 0.694 0.602 8
0.9164 0.7038 0.6449 5
0.891 0.6273 0.5579 7
0.8793 0.7074 0.622 6
0.8882 0.6885 0.6114 6
0.8816 0.6479 0.5703 9
0.9004 0.6759 0.6085 5
0.8958 0.7337 0.6572 2
0.9157 0.6855 0.6274 13
0.8925 0.7249 0.6465 13
0.866 0.7132 0.6176 3
0.9038 0.6502 0.5876 4
0.9248 0.6655 0.6153 11
0.9013 0.6645 0.5988 5
0.8937 0.6614 0.5899 13
0.9265 0.6922 0.6413 4
0.9011 0.6917 0.6232 8
0.9047 0.7189 0.6503 3
0.9023 0.6876 0.6203 6
0.8701 0.6535 0.5681 6
0.8881 0.7126 0.6319 7
0.9064 0.6841 0.6199 6
0.8681 0.6529 0.5666 6
0.8833 0.6984 0.6166 14
0.9254 0.7012 0.6488 5
0.8854 0.6628 0.5867 7
0.8965 0.6956 0.6236 7
0.8971 0.7133 0.6399 4
0.8811 0.6665 0.587 5
0.8859 0.6799 0.6023 5
0.9086 0.6899 0.6268 7
0.9031 0.6635 0.5989 11
0.9076 0.6294 0.5712 4
0.8909 0.7379 0.6571 6
0.8832 0.7296 0.6442 15
0.8904 0.7172 0.6385 4
0.9057 0.7045 0.637 11
0.9157 0.6841 0.6264 4
0.8879 0.7099 0.6302 8
0.9114 0.6949 0.633 8
0.9079 0.6672 0.6055 4
0.9164 0.6653 0.6096 7
0.9031 0.6699 0.6045 6
0.8799 0.7148 0.6288 5
0.9121 0.6742 0.6148 6
0.9045 0.7302 0.6596 10
0.8938 0.6678 0.5964 6
0.8663 0.7097 0.6145 7
0.8593 0.7495 0.6438 9
0.8934 0.6935 0.6192 9
0.895 0.6979 0.6232 11
0.891 0.682 0.6075 7
0.9022 0.6866 0.6186 8
0.8912 0.6828 0.6081 14
0.8916 0.6983 0.6224 12
0.9113 0.7017 0.6379 6
0.8944 0.6947 0.6209 9
0.8854 0.7506 0.6645 7
0.8869 0.7028 0.6229 10
0.9182 0.723 0.6636 10
0.9076 0.6723 0.6096 7
0.8869 0.7028 0.6229 10
0.89 0.7146 0.6359 4
0.8819 0.6966 0.6139 9
0.8965 0.6777 0.6075 3
0.9192 0.6443 0.59 11
0.9036 0.7038 0.633 21
0.8956 0.7043 0.6305 6
0.9013 0.6858 0.617 10
0.8946 0.7038 0.629 12
0.9079 0.6921 0.627 8
0.8973 0.6988 0.6254 12
0.8861 0.691 0.612 5
0.8914 0.7037 0.6269 7
0.8936 0.6753 0.6029 12
0.8868 0.6887 0.6099 10
0.8766 0.5839 0.5111 17
0.8957 0.7305 0.6537 11
0.8838 0.7138 0.63 13
0.9029 0.6741 0.6065 16
0.9177 0.7315 0.6662 10
0.894 0.6953 0.6209 10
0.9069 0.6874 0.6233 7
0.883 0.6337 0.5592 9
0.8748 0.6892 0.6028 5
0.9192 0.6994 0.6425 9
0.8752 0.7103 0.6206 18
0.8887 0.6459 0.5727 13
0.884 0.6954 0.6144 7
0.8947 0.7019 0.6279 4
0.8854 0.6577 0.5822 6
0.8903 0.701 0.6227 20
0.8954 0.682 0.6106 5
0.8817 0.6794 0.5984 10
0.8966 0.6962 0.6212 11
0.8845 0.7289 0.6428 7
0.9066 0.7495 0.6785 5
0.874 0.6703 0.5858 5
0.9018 0.6483 0.5846 3
0.907 0.6941 0.6276 13
0.898 0.7278 0.6533 6
0.8931 0.6777 0.6045 14
0.8932 0.7001 0.625 8
0.9009 0.6412 0.5769 8
0.8995 0.7134 0.6413 10
0.898 0.713 0.6396 14
0.9034 0.6753 0.6099 3
0.8909 0.7042 0.6269 7
0.9258 0.6884 0.636 14
0.9169 0.6794 0.6222 12
0.8868 0.6942 0.6137 10
0.902 0.7251 0.6538 7
0.8832 0.6912 0.61 12
0.9083 0.6594 0.5974 9
0.8923 0.6981 0.6229 4
0.8898 0.6627 0.5894 9
0.8815 0.7001 0.6165 8
0.8885 0.6593 0.5834 12
0.8928 0.7127 0.636 10
0.8844 0.6848 0.6052 6
0.8998 0.7054 0.6346 4
0.9092 0.7264 0.6598 15
0.8945 0.647 0.5779 13
0.8927 0.6832 0.6081 11
0.8956 0.6909 0.6183 6
0.8857 0.7173 0.6347 11
0.8815 0.6773 0.5964 7
0.8887 0.7039 0.6237 10
0.918 0.6915 0.6339 11
0.9035 0.6548 0.5909 8
0.8988 0.6833 0.6128 9
0.8852 0.7132 0.6312 7
0.8883 0.6669 0.5913 6
0.9312 0.7283 0.6754 10
0.8757 0.6749 0.5909 8
0.9001 0.6456 0.581 4
0.8907 0.715 0.6361 9
0.8796 0.6714 0.5904 5
0.8832 0.7005 0.6185 11
0.8994 0.7198 0.6472 8
0.8733 0.7274 0.6347 8
0.8849 0.6667 0.5878 6
0.8942 0.6617 0.5914 12