0.4928 0.5581 0.03048 10 0.4341 0.4336
0.5736 0.5843 0.02546 13 0.5142 0.5381
0.4349 0.5699 0.0134 5 0.4151 0.5385
0.4768 0.4953 0.02033 8 0.4264 0.4365
0.5015 0.5172 0.02173 14 0.4481 0.4357
0.4554 0.4634 0.01548 13 0.4132 0.3286
0.4828 0.4483 0.01196 7 0.4325 0.3456
0.4752 0.5039 0.02618 15 0.4048 0.3862
0.5401 0.4907 0.01937 20 0.4641 0.4202
0.5421 0.5128 0.03109 13 0.4447 0.4239
0.4526 0.4364 0.01098 12 0.4213 0.3305
0.4993 0.4719 0.01491 8 0.464 0.3525
0.4816 0.4452 0.02395 20 0.4051 0.3913
0.5577 0.4837 0.01 11 0.517 0.3759
0.4847 0.4722 0.02219 13 0.4297 0.2354
0.5154 0.4968 0.0128 9 0.4818 0.4868
0.544 0.5038 0.02153 12 0.462 0.393
0.5198 0.5242 0.0266 18 0.4691 0.4205
0.5154 0.4968 0.0128 9 0.4818 0.4868
0.4987 0.5601 0.02623 3 0.4434 0.5576
0.5534 0.5199 0.01509 6 0.5145 0.5068
0.528 0.5705 0.01941 18 0.4772 0.358
0.5413 0.48 0.01855 9 0.4594 0.3771
0.5278 0.5079 0.02083 15 0.4711 0.3489
0.4903 0.5055 0.03027 15 0.3906 0.2616
0.4694 0.5164 0.01875 9 0.4152 0.2372
0.5375 0.5385 0.01072 11 0.4932 0.2443
0.4785 0.4698 0.007059 12 0.4513 0.3981
0.512 0.5375 0.01018 8 0.4823 0.486
0.5068 0.5874 0.0175 5 0.4695 0.5203
0.5561 0.515 0.01307 11 0.521 0.431
0.4861 0.4828 0.01846 9 0.4339 0.3816
0.495 0.5172 0.02008 15 0.4345 0.3875
0.4764 0.574 0.01802 8 0.4472 0.489
0.5602 0.5136 0.01087 16 0.5247 0.4359
0.504 0.4954 0.01773 13 0.4433 0.361
0.4681 0.5037 0.02027 12 0.4007 0.4663
0.5062 0.5081 0.02289 11 0.4449 0.4309
0.4888 0.5064 0.02228 19 0.3842 0.2469
0.4826 0.4649 0.01606 8 0.4392 0.4373
0.5195 0.5054 0.02345 15 0.4382 0.4755
0.5239 0.4841 0.01951 12 0.455 0.4097
0.4871 0.4599 0.01902 13 0.4237 0.3645
0.5193 0.5078 0.02289 13 0.4526 0.4003
0.5742 0.4929 0.02212 17 0.491 0.4162
0.5695 0.5124 0.02172 12 0.4975 0.4457
0.5511 0.4529 0.01486 16 0.482 0.2696
0.5188 0.4988 0.03655 17 0.3937 0.2708
0.4765 0.522 0.01126 9 0.4478 0.4701
0.5296 0.4709 0.02127 19 0.4181 0.2742
0.4846 0.4691 0.02337 19 0.3776 0.2923
0.4885 0.4945 0.01373 12 0.4542 0.436
0.5254 0.5378 0.01213 9 0.4839 0.489
0.4948 0.5085 0.009941 8 0.4704 0.4816
0.5533 0.4645 0.005197 10 0.5316 0.4403
0.5303 0.5 0.03523 11 0.4297 0.4489
0.5211 0.5159 0.01449 11 0.4851 0.4764
0.5164 0.4677 0.02028 14 0.4499 0.2939
0.5561 0.4922 0.01548 15 0.4976 0.3919
0.5059 0.532 0.0128 9 0.4648 0.4396
0.5652 0.5062 0.01796 17 0.4904 0.4338
0.4987 0.5437 0.02048 11 0.4528 0.5019
0.4799 0.4942 0.01612 9 0.4372 0.2482
0.594 0.555 0.00488 2 0.5858 0.5537
0.4868 0.4866 0.01739 9 0.4418 0.3705
0.5373 0.4613 0.01518 12 0.4636 0.2583
0.4957 0.486 0.01523 10 0.4251 0.3695
0.5155 0.6038 0.02479 14 0.4536 0.539
0.5514 0.5454 0.02074 11 0.484 0.4065
0.5206 0.4811 0.01968 16 0.4077 0.2554
0.4936 0.4945 0.0207 13 0.4183 0.359
0.5262 0.4676 0.04208 16 0.3955 0.255
0.4871 0.464 0.008805 8 0.4569 0.3517
0.5039 0.4865 0.01561 4 0.4586 0.3582
0.5469 0.4654 0.01742 11 0.4827 0.3337
0.5264 0.4936 0.01988 11 0.4501 0.4053
0.5264 0.534 0.01324 7 0.4973 0.5161
0.5119 0.5177 0.01493 9 0.4891 0.4882
0.534 0.574 0.02812 21 0.471 0.4848
0.5032 0.5003 0.01504 13 0.4434 0.3983
0.5334 0.561 0.01657 7 0.4953 0.4021
0.5406 0.5403 0.02566 21 0.4442 0.3092
0.5502 0.5103 0.02567 23 0.4638 0.4259
0.4833 0.5859 0.01534 8 0.4516 0.4545
0.512 0.5549 0.01978 13 0.461 0.438
0.5159 0.5097 0.01715 16 0.4491 0.424
0.5742 0.5983 0.01598 10 0.5308 0.5321
0.54 0.5396 0.01398 7 0.516 0.4972
0.5663 0.5462 0.01373 7 0.5122 0.4586
0.5436 0.5076 0.02857 15 0.4569 0.3874
0.4694 0.5085 0.01398 6 0.4404 0.4809
0.5444 0.5125 0.01495 7 0.496 0.4983
0.4882 0.5403 0.01613 10 0.4403 0.5324
0.4325 0.5269 0.02447 10 0.3801 0.5012
0.4411 0.4499 0.01554 8 0.3974 0.3476
0.4817 0.5191 0.02552 17 0.4098 0.345
0.5282 0.4538 0.02095 13 0.4586 0.2565
0.5097 0.5346 0.01219 6 0.4829 0.3844
0.4615 0.5326 0.01909 13 0.4084 0.3922
0.4294 0.5162 0.02717 9 0.3756 0.399
0.8926 0.7319 0.008107 12 0.8551 0.6329
0.9011 0.7396 0.005138 3 0.8837 0.7347
0.8929 0.704 0.006243 9 0.8643 0.6519
0.9037 0.7348 0.004932 11 0.8788 0.6197
0.9202 0.7112 0.003577 3 0.9012 0.6691
0.8792 0.6718 0.003952 6 0.865 0.617
0.9203 0.7606 0.01175 17 0.8678 0.6832
0.9093 0.692 0.0007005 4 0.9075 0.685
0.908 0.7296 0.001933 6 0.9036 0.7086
0.9156 0.7094 0.001398 3 0.9111 0.707
0.9131 0.7381 0.004418 7 0.8953 0.7244
0.8933 0.7656 0.005952 9 0.882 0.6764
0.8946 0.7733 0.005363 8 0.8669 0.6974
0.9112 0.7501 0.01555 5 0.8685 0.7293
0.9166 0.7236 0.002779 4 0.911 0.7132
0.8874 0.7067 0.006809 3 0.8786 0.6979
0.9038 0.7442 0.01379 10 0.8563 0.6906
0.8971 0.7353 0.006119 4 0.8818 0.7236
0.8874 0.707 0.004018 4 0.8706 0.6979
0.9279 0.7508 0.01644 12 0.8717 0.606
0.9219 0.7161 0.01008 9 0.8883 0.6949
0.9159 0.711 0.002547 5 0.905 0.6784
0.9147 0.7541 0.002382 9 0.8939 0.7009
0.9223 0.7759 0.01337 17 0.8638 0.6278
0.8953 0.7396 0.00533 9 0.8758 0.7055
0.9149 0.7685 0.002343 6 0.906 0.7637
0.913 0.7264 0.001582 3 0.91 0.7133
0.8999 0.7278 0.001989 7 0.8896 0.613
0.8973 0.721 0.002216 5 0.8891 0.7114
0.9058 0.7402 0.008994 8 0.8784 0.6347
0.8869 0.739 0.008997 4 0.8615 0.7326
0.8981 0.7707 0.003265 4 0.8915 0.7645
0.8802 0.764 0.006741 9 0.8591 0.7378
0.9153 0.7284 0.006611 12 0.8862 0.6878
0.9151 0.7392 0.004479 12 0.8995 0.7017
0.9143 0.7423 0.007067 7 0.8938 0.7168
0.9032 0.7299 0.00369 8 0.8932 0.6533
0.9036 0.7167 0.007318 7 0.8767 0.6317
0.9173 0.7568 0.006656 11 0.8774 0.7006
0.9252 0.7246 0.005627 6 0.9036 0.6744
0.9114 0.7578 0.004171 5 0.9024 0.6551
0.9075 0.7154 0.005506 6 0.8944 0.6472
0.9178 0.71 0.009762 12 0.8738 0.6011
0.9215 0.6906 0.002844 7 0.9007 0.6639
0.9049 0.7005 0.006749 8 0.8666 0.5851
0.91 0.7254 0.008191 9 0.8911 0.6928
0.9085 0.7474 0.005476 7 0.8915 0.6975
0.9089 0.7439 0.005335 11 0.8785 0.7088
0.9032 0.7588 0.005691 2 0.8867 0.7577
0.9095 0.7419 0.01238 10 0.8691 0.7035
0.9071 0.7475 0.004799 8 0.8945 0.6484
0.9024 0.7133 0.005468 11 0.8784 0.6542
0.9105 0.729 0.009528 12 0.8795 0.6802
0.8932 0.7127 0.005844 6 0.8775 0.7019
0.8955 0.7322 0.004593 6 0.8807 0.7241
0.9001 0.7383 0.004329 8 0.8856 0.7265
0.9005 0.7535 0.01183 7 0.8652 0.6921
0.9056 0.7665 0.002317 5 0.8978 0.7425
0.9105 0.7057 0.007634 9 0.8789 0.6981
0.9045 0.6935 0.007423 7 0.8768 0.6071
0.8978 0.7571 0.005408 11 0.8768 0.7258
0.9138 0.7323 0.01168 16 0.869 0.5955
0.9103 0.7792 0.008665 9 0.8663 0.6632
0.9054 0.744 0.003962 6 0.8904 0.728
0.8743 0.6948 0.004472 13 0.8581 0.6346
0.8688 0.7305 0.006451 5 0.8464 0.6952
0.909 0.708 0.005331 7 0.8771 0.6802
0.9276 0.7281 0.00354 9 0.9063 0.6579
0.9073 0.7458 0.001604 4 0.9031 0.7412
0.9123 0.7408 0.004764 8 0.8971 0.7083
0.8951 0.7749 0.003956 6 0.8824 0.7581
0.9154 0.7245 0.008582 9 0.877 0.6453
0.9083 0.7516 0.008584 8 0.8809 0.7321
0.907 0.7329 0.00414 6 0.8972 0.7159
0.9057 0.7327 0.006168 7 0.89 0.6752
0.8907 0.7335 0.007815 5 0.8642 0.7245
0.908 0.7552 0.007208 9 0.8815 0.6636
0.9149 0.6983 0.0163 17 0.8527 0.623
0.9088 0.7234 0.005908 8 0.8713 0.6726
0.9071 0.7036 0.008632 18 0.8728 0.6287
0.9208 0.6933 0.002575 10 0.8881 0.6426
0.8924 0.7264 0.00271 6 0.8849 0.6596
0.9052 0.7167 0.003722 5 0.8939 0.6933
0.8923 0.7488 0.005373 10 0.8789 0.7094
0.9047 0.7403 0.006143 7 0.8875 0.6776
0.9094 0.7347 0.005443 9 0.8859 0.6336
0.9053 0.7597 0.009433 9 0.8799 0.6884
0.9096 0.7305 0.006368 3 0.8868 0.6493
0.9016 0.7545 0.008298 9 0.8788 0.699
0.9215 0.7175 0.001318 4 0.9139 0.7104
0.8978 0.7382 0.01087 3 0.8617 0.7311
0.9035 0.7264 0.006429 8 0.8833 0.7052
0.9077 0.7802 0.004825 7 0.8917 0.7405
0.9144 0.7837 0.002749 7 0.9058 0.7726
0.901 0.7708 0.007662 5 0.8762 0.6776
0.9048 0.7113 0.008114 7 0.8745 0.6105
0.8948 0.7252 0.00489 6 0.8735 0.707
0.9165 0.6932 0.003455 5 0.8976 0.612
0.9143 0.7457 0.01335 14 0.8794 0.6132
0.8686 0.7258 0.01814 9 0.8273 0.6969
0.6569 0.5363 0.01928 16 0.5587 0.4508
0.6177 0.5351 0.01492 8 0.57 0.3847
0.6214 0.5248 0.008698 8 0.592 0.5147
0.7206 0.5919 0.002417 1 0.7206 0.5919
0.571 0.5142 0.008735 8 0.5495 0.5045
0.5904 0.551 0.01244 6 0.5571 0.5196
0.6953 0.5188 0.006386 7 0.6682 0.504
0.6047 0.5809 0.01638 14 0.5516 0.4446
0.6417 0.5823 0.007396 7 0.6194 0.578
0.6071 0.5219 0.01612 11 0.5573 0.4912
0.5304 0.5027 0.01741 11 0.4814 0.3752
0.6622 0.54 0.00649 11 0.6398 0.4316
0.6822 0.541 0.02481 4 0.6352 0.5254
0.6531 0.552 0.0114 5 0.6209 0.5461
0.6074 0.5541 0.01499 10 0.5751 0.5445
0.6479 0.5461 0.02036 13 0.5922 0.3571
0.6162 0.5684 0.01004 7 0.5889 0.5641
0.6048 0.4946 0.009917 9 0.5638 0.4349
0.6479 0.5461 0.02036 13 0.5922 0.3571
0.6457 0.5536 0.01016 9 0.598 0.5345
0.7195 0.5821 0.01929 8 0.64 0.517
0.6656 0.5882 0.01339 4 0.6207 0.5848
0.654 0.5914 0.01053 6 0.6178 0.4501
0.579 0.489 0.01039 9 0.5487 0.3692
0.7087 0.5816 0.02304 22 0.5932 0.4107
0.6421 0.5693 0.0132 11 0.6082 0.5245
0.6942 0.5346 0.00662 9 0.6653 0.5191
0.6656 0.5866 0.0151 8 0.6189 0.473
0.6227 0.5401 0.01496 5 0.564 0.5182
0.6495 0.5624 0.01466 9 0.6036 0.3403
0.7022 0.567 0.005435 6 0.6729 0.5175
0.6315 0.5445 0.01128 11 0.5999 0.518
0.6069 0.5034 0.01133 15 0.5525 0.4112
0.6939 0.5284 0.007931 4 0.6718 0.5211
0.6544 0.5363 0.01918 9 0.574 0.5002
0.6621 0.4945 0.01801 14 0.5645 0.3849
0.6325 0.5672 0.01758 11 0.5853 0.545
0.6668 0.4963 0.0243 16 0.5459 0.3215
0.7242 0.5476 0.003264 2 0.7179 0.5436
0.674 0.5208 0.003754 11 0.6599 0.5063
0.6287 0.553 0.02534 16 0.533 0.5037
0.6081 0.5202 0.02431 8 0.5327 0.4617
0.6574 0.594 0.01697 3 0.6237 0.5745
0.6044 0.5588 0.01095 16 0.5697 0.4682
0.6904 0.5139 0.00834 7 0.654 0.4939
0.639 0.4747 0.0138 8 0.5767 0.4321
0.6553 0.5468 0.01437 12 0.6049 0.5151
0.5674 0.5354 0.01615 8 0.5244 0.4853
0.695 0.5665 0.01082 7 0.646 0.4757
0.6196 0.5357 0.01029 5 0.5877 0.5144
0.5997 0.5579 0.02018 8 0.5388 0.3344
0.6748 0.5618 0.01018 14 0.626 0.5129
0.6185 0.538 0.01834 15 0.5546 0.4752
0.6334 0.5862 0.01668 8 0.5947 0.5781
0.661 0.5594 0.01471 11 0.6135 0.4715
0.7193 0.5849 0.01312 13 0.6687 0.5441
0.6787 0.5778 0.006649 8 0.6585 0.5683
0.7249 0.564 0.009466 6 0.6943 0.5586
0.6303 0.5418 0.02063 7 0.5685 0.5318
0.6781 0.5595 0.01873 8 0.6297 0.5405
0.6452 0.5285 0.01985 7 0.5666 0.5106
0.7101 0.5654 0.006849 8 0.6919 0.5394
0.6309 0.5442 0.01905 12 0.5883 0.4638
0.6953 0.5898 0.01413 7 0.6631 0.5456
0.5815 0.5351 0.01116 10 0.5629 0.3324
0.6542 0.5577 0.009498 6 0.627 0.4832
0.5911 0.5105 0.01335 7 0.5532 0.499
0.6091 0.5793 0.02181 5 0.5571 0.4971
0.6739 0.5463 0.0128 5 0.6346 0.4947
0.7138 0.5607 0.01591 5 0.6677 0.4866
0.612 0.5459 0.01093 7 0.5884 0.5039
0.6176 0.576 0.01277 16 0.573 0.4058
0.6751 0.5223 0.008409 6 0.6532 0.5137
0.6767 0.5197 0.01052 13 0.6123 0.4239
0.5973 0.5462 0.01434 8 0.5566 0.4804
0.576 0.4905 0.01879 12 0.503 0.4128
0.5948 0.5028 0.009731 8 0.5699 0.4464
0.681 0.4855 0.02252 7 0.5808 0.4663
0.6486 0.5351 0.006521 6 0.6338 0.5147
0.6757 0.5962 0.009764 7 0.6521 0.5839
0.5669 0.5166 0.01286 9 0.5346 0.2905
0.632 0.5049 0.01208 10 0.5951 0.4251
0.6292 0.5309 0.02429 20 0.5453 0.4115
0.6141 0.5422 0.01368 10 0.584 0.4612
0.7327 0.5745 0.02033 10 0.6549 0.5666
0.5736 0.4803 0.01752 9 0.4929 0.4632
0.6843 0.558 0.02192 9 0.6077 0.3795
0.6081 0.5254 0.01094 15 0.5666 0.4753
0.6313 0.5239 0.008441 8 0.6073 0.5146
0.5972 0.5771 0.008931 7 0.5764 0.5611
0.6267 0.5225 0.01481 7 0.5604 0.4258
0.6469 0.5487 0.01515 11 0.6033 0.5313
0.6847 0.5898 0.008389 5 0.6618 0.5839
0.5935 0.5122 0.007628 9 0.5655 0.4957
0.6264 0.5821 0.0126 7 0.5995 0.5241
0.6752 0.5721 0.01006 7 0.6475 0.5011
0.6488 0.5654 0.007491 7 0.6297 0.5455
0.6775 0.5766 0.02045 6 0.6176 0.5184
0.6954 0.5053 0.006283 9 0.6572 0.4559
0.6331 0.5641 0.01375 13 0.5848 0.4726
0.5958 0.4692 0.00664 7 0.5745 0.4495
0.5627 0.4332 0.01356 5 0.5104 0.3276
0.5612 0.4281 0.01602 11 0.4906 0.2449
0.6077 0.4925 0.009241 13 0.5516 0.3931
0.5755 0.4515 0.009673 16 0.5228 0.3374
0.6124 0.4701 0.01378 11 0.5349 0.3427
0.6008 0.5018 0.007177 8 0.5797 0.4664
0.6257 0.5046 0.008542 11 0.5706 0.4548
0.6006 0.4776 0.007771 9 0.57 0.3202
0.6475 0.4819 0.007701 13 0.5885 0.3236
0.638 0.4429 0.01128 14 0.5587 0.4146
0.6119 0.5013 0.009397 10 0.5693 0.42
0.5626 0.481 0.0303 16 0.4557 0.3055
0.6216 0.4832 0.01069 17 0.5666 0.3481
0.6095 0.5113 0.0198 10 0.5137 0.4209
0.5827 0.5109 0.0158 8 0.5373 0.4951
0.6181 0.48 0.01728 16 0.5384 0.3684
0.6652 0.51 0.01945 12 0.5685 0.3666
0.5827 0.5136 0.008598 7 0.5636 0.4951
0.5817 0.4803 0.01055 10 0.5375 0.3528
0.597 0.4473 0.01662 14 0.5107 0.2785
0.6906 0.5659 0.01105 7 0.6548 0.4886
0.6641 0.4583 0.01005 10 0.6125 0.3485
0.6451 0.4754 0.009875 8 0.6075 0.4317
0.7064 0.4957 0.01638 23 0.6209 0.3971
0.6142 0.4903 0.01484 7 0.5603 0.4233
0.6657 0.5246 0.01516 15 0.5929 0.381
0.6052 0.4858 0.009629 4 0.5827 0.2887
0.6436 0.4706 0.02551 9 0.5438 0.4237
0.5748 0.4344 0.01902 10 0.4861 0.4165
0.5867 0.4598 0.01781 13 0.5039 0.2611
0.642 0.4243 0.01907 17 0.4936 0.2958
0.5196 0.3966 0.007638 13 0.4635 0.2559
0.6332 0.4774 0.01074 9 0.565 0.3109
0.544 0.4167 0.01024 11 0.494 0.342
0.5793 0.5153 0.01052 12 0.5486 0.5019
0.616 0.4863 0.01973 16 0.5278 0.3493
0.5692 0.4203 0.01333 7 0.496 0.4056
0.6374 0.48 0.02138 4 0.5779 0.4639
0.5422 0.409 0.01189 16 0.4712 0.2601
0.6587 0.5346 0.01813 8 0.5926 0.4273
0.5133 0.4033 0.01443 11 0.4399 0.3031
0.6304 0.4936 0.007223 10 0.5928 0.3413
0.5871 0.4438 0.01993 10 0.5599 0.3431
0.5907 0.4582 0.01145 9 0.5377 0.3108
0.5893 0.4388 0.007711 6 0.5418 0.2754
0.6511 0.4624 0.008535 9 0.5999 0.4257
0.7238 0.4954 0.0143 10 0.6232 0.4115
0.5954 0.4672 0.01819 20 0.4948 0.2532
0.674 0.4475 0.014 15 0.5504 0.3244
0.6309 0.4893 0.01095 11 0.5816 0.4037
0.5791 0.4888 0.01046 12 0.5368 0.3326
0.6818 0.5186 0.007708 8 0.6486 0.4799
0.5756 0.4373 0.01058 8 0.5196 0.37
0.5899 0.3916 0.006699 8 0.5506 0.3379
0.549 0.435 0.009336 8 0.5045 0.4065
0.5749 0.4901 0.01657 9 0.5198 0.3612
0.6346 0.4633 0.01886 8 0.5479 0.386
0.6539 0.4474 0.01798 13 0.5689 0.3331
0.611 0.4873 0.0126 11 0.5608 0.421
0.5838 0.4541 0.01655 7 0.5175 0.4381
0.5922 0.4753 0.009649 19 0.5327 0.3883
0.574 0.4688 0.01784 6 0.5078 0.3842
0.665 0.4896 0.0112 9 0.6173 0.4195
0.5954 0.4966 0.01121 8 0.5527 0.3478
0.5833 0.4821 0.009131 8 0.5445 0.4731
0.5252 0.3854 0.006665 14 0.4766 0.3181
0.6773 0.5229 0.004946 8 0.6555 0.4947
0.6389 0.4926 0.00987 8 0.5942 0.4444
0.6141 0.4651 0.005928 5 0.5872 0.3775
0.5996 0.4756 0.02797 17 0.4813 0.2704
0.6105 0.4864 0.02269 13 0.5229 0.3537
0.5879 0.4805 0.02093 12 0.5004 0.3067
0.582 0.4556 0.006187 4 0.5606 0.437
0.6137 0.509 0.01281 6 0.5771 0.4735
0.5934 0.4438 0.01203 14 0.5286 0.3184
0.6224 0.4796 0.01114 14 0.5694 0.3628
0.621 0.4496 0.01495 18 0.5066 0.301
0.6045 0.5102 0.02659 13 0.5206 0.3574
0.6204 0.5156 0.01182 11 0.5468 0.4716
0.6449 0.4991 0.007128 6 0.6137 0.462
0.5569 0.4337 0.01989 7 0.4642 0.3796
0.5906 0.4519 0.0134 9 0.5212 0.281
0.6255 0.4804 0.01439 7 0.5807 0.4543
0.6171 0.4704 0.01218 13 0.5571 0.3673
0.5928 0.4252 0.009059 10 0.5419 0.3688
0.6179 0.4935 0.006994 4 0.5974 0.4604
0.5904 0.4727 0.01075 17 0.516 0.3566
0.5701 0.431 0.01871 14 0.4903 0.3377
0.5849 0.4613 0.01708 10 0.5117 0.4097
0.5811 0.4888 0.01773 11 0.5082 0.4252
0.5702 0.4385 0.01019 8 0.5201 0.3967
0.5873 0.4675 0.0112 16 0.5381 0.3764
0.5873 0.466 0.01373 6 0.5645 0.4497
0.627 0.4768 0.02005 24 0.5139 0.3682
0.6319 0.4716 0.02411 12 0.5411 0.4009
0.6214 0.4017 0.01994 25 0.453 0.259
0.6585 0.4954 0.01312 7 0.5772 0.4653
0.6675 0.486 0.01074 15 0.6243 0.4078
0.5709 0.4765 0.009451 9 0.5349 0.3733
0.8836 0.6513 0.007007 9 0.8639 0.6105
0.9053 0.7102 0.009116 10 0.8816 0.5511
0.8975 0.6645 0.0111 8 0.8562 0.5947
0.8583 0.7135 0.006771 9 0.8403 0.6074
0.8896 0.6778 0.0278 25 0.7726 0.4979
0.8439 0.7013 0.02106 8 0.7952 0.6744
0.8696 0.691 0.02264 15 0.8025 0.5708
0.8815 0.7015 0.00332 6 0.8753 0.6888
0.8637 0.7177 0.006793 10 0.8456 0.696
0.8907 0.6894 0.004802 6 0.8798 0.6544
0.8679 0.692 0.002068 4 0.8629 0.6828
0.873 0.7018 0.004813 8 0.8599 0.6917
0.8896 0.7368 0.01938 15 0.8382 0.637
0.9124 0.6801 0.0248 15 0.852 0.4708
0.8555 0.6917 0.01315 10 0.822 0.5562
0.8494 0.763 0.02644 13 0.7937 0.6674
0.8711 0.6704 0.008294 6 0.8395 0.5768
0.8839 0.7424 0.008514 7 0.8613 0.6997
0.8494 0.763 0.02644 13 0.7937 0.6674
0.8906 0.7373 0.004992 5 0.8783 0.5728
0.87 0.7062 0.008722 8 0.8415 0.6617
0.8376 0.6967 0.006829 10 0.8134 0.6737
0.8458 0.64 0.01097 11 0.8122 0.494
0.8857 0.6563 0.002537 4 0.8747 0.5662
0.8723 0.6681 0.007632 8 0.8488 0.6534
0.868 0.7364 0.01601 5 0.8304 0.7136
0.8565 0.7199 0.01015 12 0.8172 0.6787
0.8716 0.7104 0.006934 7 0.8596 0.655
0.8733 0.6694 0.003383 8 0.8572 0.6448
0.8613 0.677 0.01554 14 0.8174 0.6414
0.8765 0.6768 0.01013 11 0.8476 0.63
0.8689 0.6976 0.004286 3 0.8601 0.6454
0.8573 0.6496 0.005463 10 0.8416 0.6075
0.879 0.6513 0.01087 11 0.8394 0.5352
0.875 0.7053 0.009442 11 0.8407 0.6362
0.8941 0.7165 0.006851 4 0.875 0.6863
0.8957 0.6885 0.01045 11 0.8496 0.6545
0.8947 0.6398 0.01321 12 0.837 0.4985
0.8841 0.6937 0.01245 12 0.8382 0.5628
0.8855 0.7116 0.003135 9 0.8747 0.6939
0.8432 0.658 0.008098 6 0.8222 0.6234
0.8482 0.695 0.007318 9 0.8292 0.6526
0.8365 0.6644 0.009655 7 0.8135 0.6202
0.8762 0.6752 0.01306 13 0.8265 0.5697
0.8858 0.7291 0.01128 13 0.8518 0.5886
0.8221 0.6735 0.007428 5 0.8056 0.6676
0.8787 0.7078 0.00851 16 0.8561 0.5642
0.8785 0.7206 0.01732 12 0.8318 0.5801
0.8712 0.7427 0.004445 4 0.8629 0.7329
0.8428 0.7323 0.01661 15 0.8056 0.6754
0.9002 0.6932 0.02473 18 0.8269 0.5424
0.8706 0.6503 0.006436 10 0.839 0.6237
0.8838 0.6928 0.02001 9 0.8269 0.6724
0.853 0.7109 0.01069 9 0.8109 0.6888
0.8705 0.7189 0.008442 7 0.8416 0.6831
0.8864 0.7021 0.006535 5 0.8564 0.6941
0.8854 0.6565 0.008912 12 0.859 0.5515
0.8843 0.7226 0.009635 8 0.8568 0.6747
0.8669 0.6691 0.01122 7 0.8223 0.6448
0.86 0.742 0.01233 6 0.8256 0.7318
0.8569 0.6728 0.006033 6 0.8387 0.6593
0.8848 0.7265 0.004601 8 0.8707 0.6585
0.8658 0.7297 0.01391 8 0.8303 0.7039
0.8915 0.7045 0.0113 9 0.8445 0.5862
0.8877 0.7186 0.01828 14 0.8326 0.6923
0.8867 0.6869 0.01676 13 0.8244 0.6608
0.8568 0.6924 0.009332 5 0.8353 0.6818
0.8641 0.6975 0.01466 11 0.8103 0.6638
0.8671 0.7123 0.00587 10 0.8469 0.6604
0.8914 0.6771 0.004716 12 0.8756 0.5882
0.8858 0.7152 0.008189 12 0.8559 0.6693
0.891 0.7196 0.003424 6 0.8838 0.7057
0.8749 0.7064 0.02085 14 0.81 0.6344
0.8424 0.7129 0.02861 10 0.7742 0.5991
0.8942 0.695 0.006342 8 0.8758 0.586
0.882 0.6398 0.02501 13 0.7925 0.5549
0.8405 0.6524 0.006766 4 0.8215 0.631
0.8613 0.6973 0.01051 15 0.8283 0.6752
0.8666 0.698 0.01293 14 0.8266 0.6557
0.866 0.6652 0.007135 14 0.8432 0.4957
0.882 0.6988 0.004573 3 0.8699 0.647
0.8682 0.6724 0.01472 14 0.8067 0.5481
0.8916 0.6989 0.009761 8 0.8545 0.6239
0.8736 0.7617 0.01105 6 0.8537 0.658
0.8806 0.6452 0.008782 10 0.8433 0.5712
0.8625 0.7448 0.01214 20 0.8388 0.5222
0.8565 0.7161 0.006276 6 0.8385 0.6424
0.8853 0.7312 0.0108 12 0.8496 0.583
0.8387 0.7103 0.005197 7 0.8287 0.6969
0.8566 0.7 0.009122 7 0.822 0.6412
0.9006 0.7291 0.02186 13 0.8438 0.5926
0.878 0.7263 0.01939 10 0.828 0.6827
0.8787 0.7366 0.007461 6 0.8606 0.7077
0.8448 0.6961 0.006192 13 0.8201 0.6735
0.8576 0.6606 0.01238 8 0.8107 0.5499
0.8997 0.6826 0.008572 15 0.8613 0.6007
0.8679 0.7248 0.01274 9 0.8319 0.7011
0.86 0.6811 0.003556 3 0.8534 0.6591
0.8637 0.7353 0.009245 11 0.8374 0.6253
0.8649 0.7116 0.01159 8 0.8231 0.6812
0.8698 0.6856 0.006164 9 0.8539 0.6549
0.8813 0.6746 0.002711 7 0.8691 0.6591
0.8947 0.6651 0.01623 23 0.8186 0.4471
0.89 0.6848 0.007503 4 0.867 0.6697
0.9017 0.6575 0.00778 11 0.8727 0.6121
0.8831 0.7085 0.01035 12 0.8541 0.6508
0.8639 0.7104 0.005458 4 0.8548 0.6262
0.8729 0.6509 0.004947 3 0.859 0.6368
0.9063 0.674 0.01373 13 0.8385 0.5611
0.8794 0.7361 0.01883 14 0.8331 0.579
0.8965 0.6812 0.009879 8 0.8699 0.6477
0.8553 0.6586 0.006578 6 0.8346 0.5316
0.8689 0.7375 0.008429 5 0.8464 0.6942
0.8921 0.6722 0.01025 16 0.8514 0.5741
0.886 0.6827 0.01236 7 0.8506 0.6155
0.8822 0.692 0.01739 7 0.8184 0.5751
0.8652 0.7352 0.006222 15 0.8364 0.6366
0.882 0.669 0.008649 10 0.8496 0.6104
0.8822 0.692 0.01709 9 0.8184 0.5751
0.8511 0.7011 0.004112 7 0.8407 0.6781
0.8833 0.6506 0.004756 5 0.8677 0.5297
0.87 0.6687 0.007917 8 0.8451 0.6361
0.8638 0.7245 0.02128 10 0.8178 0.6288
0.8825 0.6669 0.01237 14 0.8339 0.5202
0.8831 0.7084 0.01585 23 0.8338 0.6377
0.8753 0.6926 0.004314 4 0.8629 0.6851
0.8813 0.6951 0.01182 8 0.8504 0.5986
0.8729 0.6788 0.01136 9 0.8378 0.5574
0.9047 0.6589 0.01082 7 0.8544 0.6302
0.8887 0.6578 0.01195 12 0.832 0.4798
0.899 0.6969 0.01551 17 0.8314 0.5426
0.898 0.7228 0.01418 6 0.8649 0.6135
0.8978 0.6601 0.006785 7 0.8727 0.591
0.8723 0.7045 0.006878 5 0.8499 0.5822
0.8933 0.6427 0.006248 5 0.8656 0.6188
0.8717 0.6951 0.006929 9 0.8532 0.6682
0.8919 0.6695 0.005949 7 0.8738 0.5538
0.8827 0.6915 0.008154 15 0.8309 0.6113
0.8743 0.7203 0.01048 8 0.8471 0.5966
0.865 0.6761 0.01331 13 0.8347 0.6528
0.881 0.734 0.00598 6 0.8683 0.7166
0.8616 0.7434 0.007304 6 0.8445 0.651
0.8639 0.7144 0.01678 9 0.8267 0.6495
0.8773 0.7183 0.00829 5 0.8607 0.6748
0.8793 0.6938 0.01986 10 0.8217 0.5965
0.8763 0.687 0.02026 13 0.8258 0.5471
0.8873 0.7305 0.003821 5 0.8823 0.7016
0.8926 0.6764 0.01218 13 0.8446 0.567
0.8831 0.6768 0.008387 10 0.8433 0.5866
0.8725 0.7059 0.007735 8 0.8469 0.5797
0.8919 0.6978 0.01849 13 0.836 0.5643
0.8678 0.6885 0.02479 17 0.8039 0.5739
0.8952 0.7073 0.008059 9 0.8743 0.5948
0.8867 0.6965 0.01059 13 0.8515 0.5433
0.8898 0.686 0.02078 8 0.8166 0.5933
0.8973 0.7219 0.01761 8 0.8462 0.49
0.8947 0.7176 0.01862 8 0.8498 0.64
0.9256 0.6892 0.01264 9 0.8749 0.4963
0.8852 0.7027 0.004901 4 0.8668 0.6837
0.8913 0.7183 0.005924 9 0.873 0.6771
0.9113 0.7491 0.01672 14 0.8641 0.5733
0.8965 0.7027 0.01778 15 0.8381 0.5301
0.8884 0.6551 0.01105 17 0.8353 0.5955
0.8643 0.736 0.0159 8 0.8358 0.6237
0.8861 0.6847 0.006849 9 0.8628 0.6578
0.8706 0.7097 0.004975 6 0.8458 0.6945
0.9028 0.6656 0.01787 17 0.8334 0.5469
0.9107 0.7209 0.006918 11 0.8844 0.5858
0.886 0.7057 0.005213 5 0.8718 0.6479
0.8542 0.7371 0.00813 7 0.8385 0.6764
0.8745 0.73 0.0108 9 0.8461 0.5442
0.9174 0.6662 0.01586 12 0.85 0.5846
0.8557 0.7203 0.005633 5 0.8458 0.6377
0.8574 0.663 0.01373 9 0.8115 0.5926
0.8847 0.6965 0.008906 12 0.8449 0.6421
0.8829 0.7311 0.01064 10 0.8571 0.6015
0.864 0.6878 0.007971 9 0.837 0.6665
0.9087 0.6889 0.006216 8 0.8795 0.6322
0.8632 0.7395 0.006989 6 0.8505 0.6077
0.8481 0.6365 0.007305 12 0.8291 0.6047
0.8676 0.6875 0.007775 10 0.8489 0.6065
0.8927 0.6537 0.01312 15 0.8352 0.5224
0.8678 0.6726 0.01051 13 0.8135 0.6335
0.8845 0.7158 0.01272 12 0.8539 0.6472
0.8868 0.6563 0.01957 20 0.8011 0.4752
0.8912 0.6885 0.0148 11 0.8485 0.6465
0.8766 0.7204 0.00795 6 0.861 0.6836
0.8844 0.7339 0.01582 11 0.8441 0.5995
0.8952 0.7382 0.008162 13 0.8693 0.6479
0.8695 0.6755 0.007161 9 0.8502 0.613
0.8864 0.6937 0.02067 14 0.8256 0.5068
0.8936 0.7175 0.009065 11 0.854 0.483
0.8734 0.6774 0.007148 7 0.8518 0.6632
0.8982 0.7126 0.009438 8 0.8641 0.5858
0.8819 0.7222 0.01734 14 0.8469 0.6964
0.8858 0.7412 0.01318 11 0.8543 0.6616
0.8731 0.6899 0.008142 6 0.8518 0.5845
0.8815 0.6571 0.005112 8 0.8597 0.5942
0.8748 0.6893 0.01085 9 0.8493 0.6508
0.8924 0.6857 0.01228 14 0.8446 0.6144
0.6841 0.5046 0.01089 4 0.6424 0.4753
0.6931 0.5356 0.005317 7 0.665 0.5196
0.6539 0.4803 0.008228 6 0.6156 0.4372
0.6697 0.5531 0.004743 5 0.656 0.5041
0.6317 0.5129 0.006322 6 0.6148 0.4749
0.586 0.5024 0.0123 18 0.5201 0.4374
0.6857 0.5478 0.02514 22 0.5742 0.4051
0.5862 0.4553 0.01498 9 0.5232 0.3138
0.6862 0.5287 0.01017 9 0.6398 0.4529
0.6504 0.5373 0.00615 7 0.6211 0.5245
0.634 0.6247 0.01259 17 0.599 0.4462
0.6002 0.5296 0.02776 10 0.5231 0.4522
0.7079 0.5285 0.01768 7 0.634 0.4977
0.6859 0.5947 0.006451 7 0.6647 0.5189
0.6464 0.5382 0.003164 4 0.641 0.4784
0.688 0.532 0.01019 11 0.6431 0.4656
0.6662 0.5362 0.007103 7 0.6473 0.5236
0.6891 0.6366 0.01842 8 0.6405 0.5527
0.688 0.532 0.01019 11 0.6431 0.4656
0.6748 0.52 0.01995 11 0.5934 0.392
0.6578 0.4981 0.01714 11 0.5898 0.4454
0.6517 0.5503 0.02021 6 0.5838 0.5396
0.6554 0.5121 0.00955 12 0.5859 0.4602
0.661 0.5563 0.01952 17 0.578 0.4624
0.6526 0.5807 0.02003 13 0.5967 0.5119
0.6278 0.5047 0.0146 11 0.5686 0.4808
0.6006 0.4631 0.005071 9 0.5703 0.4456
0.7495 0.6231 0.01534 15 0.6899 0.5367
0.6705 0.5235 0.00673 7 0.6402 0.4966
0.6519 0.5745 0.01299 10 0.5926 0.5591
0.649 0.5062 0.01079 5 0.6131 0.4082
0.5665 0.5047 0.01887 13 0.5132 0.4537
0.6538 0.5673 0.01542 6 0.5746 0.3622
0.6646 0.5355 0.0207 14 0.581 0.4827
0.6037 0.5673 0.01391 12 0.5596 0.4515
0.6114 0.5375 0.01515 11 0.554 0.4925
0.6405 0.5627 0.02052 16 0.5546 0.4147
0.6676 0.5583 0.005611 4 0.6504 0.5201
0.7008 0.5836 0.01184 12 0.6643 0.457
0.6063 0.5517 0.01791 12 0.5514 0.4913
0.6757 0.5153 0.006654 8 0.6386 0.4886
0.6868 0.5913 0.003439 5 0.6736 0.5454
0.6871 0.5735 0.00498 8 0.6559 0.4378
0.5944 0.5124 0.007753 6 0.573 0.4455
0.7151 0.623 0.01497 10 0.6739 0.5511
0.5719 0.4983 0.01043 13 0.5289 0.4335
0.6596 0.5223 0.01264 14 0.5985 0.3968
0.6357 0.5401 0.008947 15 0.5648 0.4359
0.6864 0.5582 0.01452 11 0.6468 0.4781
0.6756 0.5279 0.007836 7 0.6174 0.5116
0.6537 0.5116 0.004403 7 0.6277 0.4513
0.6563 0.5693 0.007778 8 0.63 0.5573
0.6595 0.5283 0.02984 13 0.5605 0.4038
0.6015 0.5639 0.005536 7 0.5957 0.5075
0.6559 0.5472 0.02342 16 0.5829 0.4353
0.6614 0.5766 0.006762 9 0.621 0.5162
0.6361 0.5452 0.01455 9 0.5932 0.5205
0.6252 0.5402 0.004696 5 0.6143 0.5348
0.6216 0.5316 0.01303 10 0.5694 0.5103
0.5705 0.4643 0.005435 6 0.5442 0.443
0.6572 0.5516 0.01695 8 0.6006 0.4498
0.6236 0.5169 0.02816 12 0.5163 0.3704
0.65 0.5303 0.02151 12 0.5419 0.4637
0.6216 0.4618 0.0132 7 0.5758 0.4131
0.6308 0.5172 0.01782 8 0.5677 0.5059
0.6514 0.5585 0.004744 5 0.6351 0.5172
0.6554 0.5498 0.005577 6 0.643 0.5394
0.7341 0.6203 0.007055 10 0.7095 0.6093
0.6003 0.5071 0.01195 9 0.561 0.4491
0.6534 0.5691 0.01906 6 0.5995 0.5589
0.6938 0.5392 0.003213 3 0.6825 0.5298
0.5866 0.4847 0.01495 16 0.5255 0.4523
0.5979 0.494 0.006257 9 0.5808 0.4293
0.6516 0.4668 0.005809 10 0.6206 0.4413
0.6809 0.5619 0.004184 8 0.658 0.5282
0.5878 0.5783 0.01771 9 0.5393 0.4391
0.6322 0.5281 0.02108 22 0.5441 0.4431
0.7022 0.5494 0.004248 6 0.6879 0.5323
0.617 0.5189 0.008426 8 0.5749 0.4614
0.6768 0.5483 0.006678 12 0.6184 0.4257
0.752 0.4453 0.01278 14 0.5753 0.3934
0.6114 0.4936 0.00937 6 0.5596 0.3147
0.6517 0.578 0.009572 16 0.6084 0.531
0.6585 0.4869 0.006669 11 0.5976 0.414
0.6434 0.5307 0.01074 13 0.5921 0.3119
0.624 0.5014 0.008147 11 0.5233 0.4742
0.6303 0.4629 0.001682 4 0.6213 0.4116
0.6848 0.5958 0.003108 4 0.676 0.5876
0.6556 0.4549 0.02309 16 0.511 0.3768
0.6621 0.5327 0.009445 10 0.6214 0.4272
0.6959 0.5517 0.02136 20 0.5764 0.4758
0.5912 0.5215 0.01159 13 0.5518 0.4679
0.6804 0.6094 0.02811 13 0.5949 0.582
0.6701 0.5329 0.01413 11 0.6192 0.5127
0.6566 0.5184 0.01411 14 0.6068 0.4807
0.6631 0.5972 0.008277 5 0.6445 0.5895
0.6408 0.5502 0.03289 11 0.5477 0.4752
0.6154 0.5454 0.004148 8 0.6036 0.5179
0.6766 0.5584 0.01133 12 0.6074 0.4888
0.711 0.6005 0.00561 4 0.6899 0.5874
0.9295 0.6891 0.004563 7 0.9182 0.6799
0.9137 0.7427 0.004429 7 0.9033 0.7338
0.9034 0.7267 0.003052 4 0.8935 0.7164
0.9069 0.6939 0.004489 5 0.8954 0.6783
0.9094 0.6927 0.004641 10 0.8976 0.68
0.8937 0.699 0.007253 5 0.8741 0.6911
0.9349 0.7158 0.006987 9 0.9113 0.7102
0.9177 0.7243 0.004743 7 0.9056 0.7074
0.9304 0.7443 0.005329 7 0.9179 0.736
0.9049 0.7182 0.005604 8 0.8848 0.6917
0.9202 0.7178 0.009446 8 0.8925 0.6939
0.9029 0.7644 0 3 0.8852 0.7631
0.9134 0.7117 0.00122 5 0.9121 0.7025
0.9169 0.6721 0.005312 9 0.9001 0.6666
0.9223 0.6657 0.003143 4 0.9103 0.6369
0.9286 0.734 0.004266 6 0.9072 0.7124
0.9074 0.6978 0.004006 10 0.8974 0.6738
0.9023 0.7517 0.008284 6 0.8817 0.7072
0.9286 0.734 0.004251 5 0.9072 0.7124
0.8969 0.7007 0.002913 8 0.8876 0.691
0.9096 0.7281 0.005201 5 0.8994 0.7237
0.9011 0.7157 0.004994 4 0.8895 0.7144
0.9223 0.7422 0.004173 10 0.9116 0.7147
0.9078 0.715 0.005132 6 0.895 0.7128
0.9262 0.67 0.009483 6 0.9014 0.6523
0.9172 0.6972 0.006441 6 0.8987 0.6865
0.8806 0.6948 0.004296 4 0.8702 0.6817
0.9166 0.6988 0.003262 8 0.9073 0.6803
0.9165 0.6831 0.003135 4 0.9096 0.6756
0.8993 0.7436 0.0008007 3 0.8984 0.7222
0.8897 0.685 0.007825 5 0.8678 0.6783
0.9116 0.7271 0.01442 7 0.8768 0.7184
0.9013 0.7504 0.002081 8 0.8943 0.743
0.9013 0.6944 0.002103 6 0.8946 0.6496
0.9138 0.6637 0.003316 3 0.902 0.6568
0.9115 0.7682 0.004877 5 0.8978 0.7527
0.9157 0.681 0.001143 2 0.9144 0.6779
0.8742 0.7278 0.00458 6 0.8594 0.72
0.9362 0.6805 0.00617 9 0.9166 0.6603
0.9196 0.6961 0.002882 8 0.9132 0.6761
0.9126 0.73 0.006059 6 0.8959 0.7164
0.9137 0.6911 0.002644 4 0.9109 0.6861
0.9063 0.6926 0.003538 4 0.9003 0.6827
0.9166 0.7434 0.007762 12 0.8935 0.725
0.8991 0.7803 0.001854 2 0.8978 0.7758
0.9019 0.7015 0.006825 8 0.8774 0.6716
0.915 0.716 0.004142 6 0.905 0.7053
0.9204 0.677 0.006641 4 0.9051 0.6487
0.9114 0.6846 0.002565 6 0.9081 0.673
0.9253 0.7722 0.005547 5 0.9143 0.7631
0.9048 0.7287 0.003409 7 0.8984 0.7199
0.9314 0.6943 0.003527 3 0.922 0.687
0.9228 0.6681 0.003174 5 0.9121 0.6629
0.9244 0.6917 0.003062 7 0.9168 0.6759
0.919 0.7282 0.004095 5 0.9089 0.7223
0.9247 0.719 0.005823 12 0.9095 0.6981
0.9404 0.7226 0.002617 4 0.9319 0.7093
0.9001 0.7403 0.001844 2 0.897 0.74
0.9102 0.6862 0.005383 7 0.896 0.6804
0.927 0.7157 0.01042 7 0.8934 0.6786
0.8899 0.7485 0.005011 8 0.8795 0.7321
0.928 0.7329 0.003621 6 0.9215 0.7161
0.8766 0.6728 0.005529 7 0.8588 0.6354
0.9054 0.7394 0.00206 5 0.9019 0.7327
0.9032 0.6897 0.001435 3 0.9016 0.6793
0.9354 0.7711 0.00486 5 0.9234 0.7629
0.9114 0.7026 0.006025 6 0.8963 0.6937
0.8921 0.6941 0.002619 2 0.8886 0.6926
0.921 0.7128 0.001739 2 0.9181 0.7058
0.928 0.6802 0.0008025 4 0.926 0.675
0.9203 0.7062 0.004705 5 0.9107 0.6765
0.907 0.7221 0.003783 7 0.8982 0.7105
0.9305 0.7072 0.003606 4 0.9201 0.6762
0.9107 0.7261 0.003575 2 0.9021 0.7259
0.8816 0.7132 0.004963 5 0.8666 0.7054
0.8928 0.762 0.01158 10 0.8712 0.745
0.926 0.6851 0.003075 8 0.9189 0.657
0.9197 0.6583 0.006075 4 0.9048 0.6549
0.8894 0.6789 0.002773 3 0.8774 0.655
0.9054 0.7166 0.002997 3 0.898 0.7138
0.9272 0.7083 0.002795 5 0.9217 0.6821
0.9163 0.6983 0.00168 4 0.9124 0.6966
0.8974 0.6812 0.002251 4 0.892 0.6788
0.8976 0.7477 0.004224 7 0.8859 0.7399
0.9315 0.7012 0.003991 3 0.918 0.695
0.9107 0.7231 0.001985 4 0.908 0.7198
0.9315 0.7865 0.001166 3 0.9309 0.784
0.8997 0.7561 0.004509 4 0.8899 0.7502
0.9271 0.7063 0.002808 7 0.9187 0.6886
0.883 0.7294 0.004442 6 0.8732 0.7044
0.8906 0.7636 0.005165 9 0.8799 0.7391
0.9376 0.6982 0.003439 8 0.9269 0.6806
0.9245 0.7197 0.006644 14 0.8928 0.6889
0.9155 0.7251 0.002817 6 0.9089 0.7051
0.9269 0.723 0.004593 9 0.9164 0.6877
0.9006 0.725 0.006349 11 0.8753 0.6871
0.8917 0.6987 0.005483 6 0.8726 0.6857
0.9124 0.7798 0.005157 9 0.8983 0.7646
0.9323 0.6676 0.001227 5 0.9293 0.6641
0.8954 0.7363 0.006507 6 0.8747 0.7302
0.9079 0.6796 0.004111 10 0.8923 0.639
0.9124 0.6484 0.01187 14 0.8742 0.6165
0.9053 0.7133 0.01022 9 0.8817 0.6997
0.9031 0.7036 0.004841 5 0.8918 0.6964
0.8873 0.6915 0.004923 7 0.8785 0.6665
0.9091 0.7212 0.009468 11 0.8895 0.6175
0.9077 0.641 0.001525 8 0.9048 0.6038
0.9014 0.7372 0.005119 7 0.8928 0.7312
0.9049 0.696 0.008448 8 0.8789 0.6876
0.9039 0.6838 0.006239 8 0.8879 0.6435
0.9163 0.7123 0.01249 6 0.8878 0.6914
0.8973 0.6741 0.007244 11 0.8827 0.6176
0.8954 0.6701 0.004606 7 0.8796 0.625
0.9027 0.7018 0.004188 17 0.896 0.6934
0.9124 0.6859 0.009836 9 0.8843 0.6195
0.8971 0.6731 0.007522 18 0.8793 0.6403
0.9115 0.6951 0.008868 6 0.8836 0.6755
0.908 0.6431 0.01102 7 0.8797 0.5973
0.8962 0.7013 0.004149 6 0.8872 0.6581
0.9059 0.7019 0.008382 11 0.8873 0.6401
0.9166 0.6847 0.003707 6 0.9073 0.6596
0.9017 0.7014 0.005814 8 0.8869 0.674
0.9132 0.672 0.008716 10 0.8874 0.6478
0.9106 0.6709 0.003151 7 0.9021 0.6652
0.9065 0.6831 0.01123 20 0.8756 0.5883
0.8922 0.7058 0.006278 8 0.8763 0.6404
0.918 0.6535 0.006885 14 0.8965 0.6095
0.9108 0.6693 0.006471 14 0.8955 0.6346
0.9129 0.6965 0.007339 11 0.8948 0.6634
0.9124 0.6774 0.00676 11 0.8873 0.6304
0.9074 0.7003 0.006336 9 0.8953 0.6324
0.9001 0.7031 0.003375 4 0.8933 0.6966
0.8865 0.6754 0.009346 7 0.8663 0.6497
0.8939 0.6734 0.005361 11 0.883 0.6099
0.9098 0.6945 0.00251 5 0.9024 0.6837
0.8954 0.673 0.003684 4 0.8893 0.6616
0.9086 0.7037 0.005358 5 0.8963 0.6877
0.9111 0.6573 0.00147 2 0.9087 0.6463
0.9027 0.7078 0.006802 6 0.8871 0.6986
0.9113 0.6407 0.004854 8 0.8983 0.5581
0.8939 0.7168 0.006608 4 0.8911 0.7086
0.9128 0.6999 0.002655 7 0.9013 0.6027
0.9125 0.6655 0.002623 4 0.9086 0.6303
0.915 0.6611 0.002856 4 0.9054 0.656
0.8979 0.6782 0.007663 10 0.8787 0.6194
0.9179 0.6904 0.00609 4 0.9048 0.6863
0.9212 0.7093 0.004595 9 0.9052 0.6388
0.8999 0.733 0.004487 7 0.8923 0.6914
0.8924 0.6889 0.01017 13 0.8725 0.6652
0.9112 0.7445 0.003078 4 0.9017 0.6815
0.9125 0.6001 0.007086 4 0.8943 0.584
0.9062 0.6712 0.008198 6 0.8829 0.6643
0.9292 0.6905 0.02527 19 0.8672 0.5765
0.9001 0.6833 0.004916 4 0.8894 0.6784
0.9142 0.7091 0.006283 7 0.8988 0.6724
0.8803 0.7258 0.007914 12 0.8629 0.6859
0.917 0.6757 0.003368 7 0.9091 0.6497
0.9187 0.6999 0.008764 10 0.8934 0.6676
0.8995 0.7171 0.004856 9 0.8878 0.6766
0.8983 0.6485 0.004669 5 0.8894 0.6351
0.9102 0.6783 0.002004 2 0.9073 0.6772
0.8983 0.7106 0.005109 6 0.8863 0.6926
0.8997 0.6905 0.007774 9 0.884 0.6223
0.91 0.6667 0.01223 13 0.8733 0.6016
0.9079 0.7356 0.006614 7 0.89 0.6937
0.9192 0.6415 0.009831 16 0.8847 0.6104
0.9029 0.6682 0.006357 9 0.8842 0.6387
0.894 0.6699 0.00326 9 0.8879 0.6632
0.9077 0.6951 0.002451 6 0.9005 0.6777
0.9012 0.7146 0.002637 4 0.896 0.7073
0.9099 0.6798 0.01225 12 0.874 0.6239
0.893 0.6762 0.00783 5 0.878 0.6657
0.9109 0.676 0.009148 16 0.8877 0.6548
0.9062 0.6518 0.006603 8 0.8856 0.6166
0.9019 0.7104 0.006124 8 0.876 0.6644
0.8978 0.7218 0.01281 8 0.8661 0.6939
0.9047 0.7019 0.01334 11 0.8736 0.6765
0.8999 0.7249 0.002801 4 0.8944 0.7224
0.9103 0.6787 0.01252 13 0.8771 0.608
0.904 0.6605 0.009988 7 0.8686 0.6532
0.9088 0.6701 0.003927 5 0.9004 0.6625
0.905 0.6801 0.006521 7 0.8903 0.667
0.8953 0.7202 0.008843 12 0.8687 0.6653
0.9094 0.6534 0.005569 9 0.8932 0.6394
0.9005 0.7059 0.007578 9 0.8838 0.6607
0.8994 0.7195 0.0102 9 0.8771 0.7051
0.8998 0.6675 0.01016 15 0.8678 0.6389
0.9038 0.7139 0.0028 8 0.8993 0.6924
0.909 0.6891 0.01196 9 0.8824 0.6366
0.904 0.6309 0.007266 10 0.8864 0.6018
0.8988 0.666 0.006592 11 0.8847 0.6196
0.9071 0.6614 0.008008 5 0.8836 0.6456
0.891 0.7159 0.007408 7 0.8695 0.6974
0.9024 0.7271 0.006072 11 0.8881 0.6387
0.9095 0.6411 0.004083 6 0.8969 0.6033
0.8922 0.7735 0.003713 2 0.891 0.7664
0.9032 0.7377 0.007667 6 0.8814 0.7215
0.9155 0.7282 0.0042 10 0.9025 0.7126
0.8919 0.6577 0.001916 5 0.8897 0.6354
0.908 0.6576 0.007393 9 0.888 0.6235
0.9049 0.736 0.002266 6 0.8925 0.7204
0.9078 0.6853 0.003502 10 0.8902 0.6615
0.9035 0.6891 0.003459 2 0.8942 0.581
0.8662 0.7151 0.005367 4 0.8515 0.6093
0.8759 0.7386 0.008552 11 0.8411 0.6876
0.8979 0.7301 0.003309 9 0.8846 0.706
0.8994 0.6647 0.00324 5 0.8869 0.6552
0.8908 0.6233 0.005946 8 0.8664 0.6013
0.9038 0.6542 0.01204 6 0.8578 0.6009
0.9015 0.6787 0.006403 10 0.8763 0.6343
0.8989 0.6526 0.003197 4 0.8859 0.6283
0.9051 0.6966 0.009343 8 0.8637 0.6804
0.8698 0.6821 0.002178 6 0.8491 0.667
0.8798 0.6542 0.004519 9 0.8678 0.6112
0.891 0.6861 0.003093 5 0.885 0.6506
0.8826 0.7155 0.0102 15 0.8531 0.6799
0.8826 0.7155 0.0102 15 0.8531 0.6799
0.8923 0.6954 0.007044 17 0.8607 0.6398
0.9159 0.6296 0.0003483 2 0.9149 0.6215
0.9007 0.6888 0.006881 11 0.8735 0.6782
0.8965 0.672 0.002705 5 0.8903 0.6518
0.8892 0.6621 0.007265 5 0.8648 0.6347
0.9012 0.647 0.003339 8 0.8772 0.5864
0.8645 0.6802 0.001868 7 0.8553 0.6486
0.8667 0.7198 0.004484 8 0.8559 0.6836
0.8992 0.7061 0.01535 10 0.8563 0.5927
0.892 0.7001 0.007501 9 0.87 0.6823
0.8667 0.7107 0.004205 8 0.8554 0.6852
0.9048 0.704 0.005437 11 0.8636 0.6164
0.8863 0.7869 0.001728 2 0.8844 0.7824
0.908 0.65 0.002107 6 0.9017 0.589
0.9114 0.676 0.006841 9 0.8701 0.6009
0.9011 0.6721 0.005708 8 0.878 0.5981
0.8788 0.707 0.007663 7 0.8545 0.5958
0.8937 0.6325 0.006417 6 0.8652 0.614
0.8943 0.6802 0.0008545 2 0.8926 0.6745
0.8909 0.6935 0.00568 9 0.8614 0.6032
0.8846 0.7215 0.006662 7 0.8671 0.6914
0.9142 0.6605 0.006358 4 0.8875 0.65
0.9331 0.641 0.01248 16 0.888 0.551
0.8708 0.658 0.00625 7 0.8459 0.6058
0.8654 0.6728 0.004712 2 0.8468 0.67
0.9095 0.683 0.001879 6 0.8989 0.5854
0.9179 0.667 0.003401 10 0.8944 0.616
0.8971 0.7288 0.008001 6 0.8693 0.7199
0.8925 0.7451 0.01297 8 0.8581 0.692
0.8991 0.6576 0.004651 9 0.8795 0.63
0.8759 0.6961 0.004453 5 0.8596 0.6688
0.9009 0.6267 0.002963 4 0.8938 0.6214
0.8858 0.6513 0.004528 9 0.8682 0.6259
0.9105 0.6841 0.007398 7 0.8849 0.666
0.8515 0.6433 0.01065 11 0.8156 0.5211
0.8917 0.5959 0.00575 3 0.8699 0.5924
0.9039 0.7247 0.007289 11 0.8682 0.7088
0.8883 0.7347 0.009161 10 0.8613 0.7194
0.8882 0.7318 0.006891 11 0.8657 0.712
0.8817 0.6137 0.003379 3 0.8744 0.6047
0.8677 0.694 0.003737 8 0.8475 0.6757
0.9121 0.7038 0.003883 8 0.9023 0.6906
0.891 0.6273 0.004105 7 0.875 0.5287
0.8793 0.7074 0.00293 6 0.8705 0.6969
0.8882 0.6885 0.008617 6 0.8613 0.6795
0.8816 0.6479 0.01112 10 0.8277 0.5733
0.9004 0.6759 0.002161 5 0.8929 0.6611
0.8958 0.7337 0.001355 2 0.8937 0.7302
0.9157 0.6855 0.005963 13 0.8858 0.654
0.8925 0.7249 0.008074 13 0.8676 0.6374
0.866 0.7132 0.004705 3 0.8567 0.7043
0.9038 0.6502 0.001299 4 0.8971 0.6095
0.9248 0.6655 0.003125 11 0.9077 0.6351
0.9013 0.6645 0.002927 5 0.8866 0.6415
0.8937 0.6614 0.007538 13 0.8521 0.5908
0.9265 0.6922 0.002964 4 0.9163 0.685
0.9011 0.6917 0.009214 8 0.8697 0.6826
0.9047 0.7189 0.003977 3 0.8951 0.7124
0.9023 0.6876 0.004747 6 0.8844 0.6736
0.8701 0.6535 0.009238 6 0.846 0.6006
0.8881 0.7126 0.006606 7 0.8666 0.6164
0.9064 0.6841 0.002303 6 0.896 0.6579
0.8681 0.6529 0.006606 6 0.8386 0.6354
0.8833 0.6984 0.005503 14 0.8602 0.672
0.9254 0.7012 0.005571 5 0.9072 0.6969
0.8854 0.6628 0.006892 7 0.8634 0.6357
0.8965 0.6956 0.004717 7 0.8788 0.6838
0.8971 0.7133 0.002476 4 0.8905 0.7083
0.8811 0.6665 0.001881 5 0.8743 0.5913
0.8859 0.6799 0.003277 5 0.8794 0.6662
0.9086 0.6899 0.004022 7 0.8916 0.6792
0.9031 0.6635 0.005929 11 0.8815 0.6372
0.9076 0.6294 0.001351 4 0.9055 0.6174
0.8909 0.7379 0.00437 6 0.878 0.6734
0.8832 0.7296 0.003066 15 0.8714 0.6902
0.8904 0.7172 0.009414 4 0.8559 0.7112
0.9057 0.7045 0.004247 11 0.8758 0.6213
0.9157 0.6841 0.001205 4 0.9131 0.6752
0.8879 0.7099 0.009841 8 0.8653 0.6781
0.9114 0.6949 0.01034 9 0.8793 0.6611
0.9079 0.668 0.003785 2 0.8796 0.658
0.9164 0.6653 0.003394 7 0.8982 0.6576
0.9031 0.6699 0.007376 6 0.8772 0.6486
0.8799 0.7148 0.006669 5 0.8646 0.6956
0.9121 0.6742 0.009688 6 0.8725 0.6626
0.9045 0.7302 0.01382 10 0.8439 0.6888
0.8938 0.6678 0.005362 6 0.8744 0.6211
0.8663 0.7097 0.004022 7 0.8578 0.6454
0.8593 0.7495 0.01013 9 0.8335 0.7066
0.8934 0.6935 0.003917 9 0.8746 0.6406
0.895 0.6979 0.01131 11 0.8644 0.5441
0.8906 0.682 0.00434 11 0.8716 0.6222
0.9022 0.6866 0.008467 8 0.876 0.5981
0.8912 0.6828 0.008534 14 0.8589 0.5734
0.8916 0.6983 0.004382 12 0.8731 0.6648
0.905 0.7017 0.009517 6 0.8736 0.6019
0.8944 0.6947 0.01088 9 0.8639 0.6514
0.8854 0.7506 0.004416 7 0.8757 0.7399
0.8869 0.7028 0.01193 10 0.8504 0.6071
0.9182 0.723 0.00402 10 0.9069 0.6597
0.9076 0.6723 0.007161 8 0.877 0.6334
0.8869 0.7028 0.01193 10 0.8504 0.6071
0.8807 0.7146 0.009484 10 0.8546 0.6896
0.8819 0.6966 0.004601 9 0.8675 0.5788
0.8965 0.6777 0.00149 3 0.895 0.66
0.9192 0.6443 0.01296 11 0.8775 0.4446
0.9036 0.7038 0.02074 21 0.8349 0.5972
0.8956 0.7001 0.006284 7 0.8589 0.6776
0.9013 0.6858 0.007107 10 0.8762 0.6083
0.8946 0.7038 0.005614 12 0.8755 0.6232
0.9079 0.6921 0.005088 8 0.8911 0.5588
0.8973 0.6988 0.0126 12 0.861 0.6067
0.8861 0.691 0.004819 5 0.8757 0.6396
0.8914 0.7037 0.006715 7 0.8787 0.5371
0.8936 0.6753 0.0146 12 0.8507 0.6458
0.8868 0.6887 0.01015 10 0.8488 0.5867
0.8766 0.5808 0.005237 15 0.8389 0.5129
0.8957 0.7305 0.00469 11 0.8779 0.6737
0.8838 0.7138 0.01289 12 0.8475 0.6544
0.9029 0.6741 0.01134 16 0.8623 0.4492
0.9177 0.7315 0.02215 10 0.8632 0.554
0.894 0.6953 0.0177 10 0.8426 0.5897
0.9069 0.6874 0.003695 7 0.8929 0.6732
0.883 0.6337 0.008425 9 0.846 0.6025
0.8748 0.6892 0.00619 5 0.8555 0.6825
0.9192 0.6994 0.00808 9 0.9002 0.5918
0.8752 0.7103 0.02068 18 0.835 0.655
0.8887 0.6459 0.009847 13 0.8525 0.5847
0.884 0.6954 0.007207 7 0.8703 0.6614
0.8947 0.7019 0.003655 4 0.8835 0.6858
0.8854 0.6577 0.006397 6 0.8536 0.6507
0.8903 0.701 0.0129 20 0.8388 0.6303
0.8954 0.682 0.008814 5 0.8646 0.6665
0.8817 0.6794 0.007041 12 0.8539 0.6094
0.8966 0.6962 0.01134 11 0.8473 0.6042
0.8845 0.7289 0.01284 7 0.841 0.5917
0.9066 0.7495 0.007341 5 0.8707 0.6773
0.874 0.6703 0.003416 5 0.8574 0.6651
0.9018 0.6483 0.001996 3 0.8983 0.6443
0.907 0.6941 0.01005 12 0.873 0.6045
0.898 0.7278 0.009084 6 0.8757 0.7031
0.8931 0.6777 0.006155 14 0.8592 0.6188
0.8932 0.7001 0.007675 15 0.869 0.5919
0.9009 0.6412 0.007456 8 0.8739 0.516
0.8995 0.7134 0.006945 10 0.8817 0.6843
0.898 0.713 0.01223 15 0.8519 0.6621
0.9034 0.6753 0.001811 3 0.8957 0.6135
0.8909 0.7042 0.008367 7 0.8684 0.6104
0.9258 0.6884 0.02028 14 0.8642 0.6067
0.9169 0.6794 0.008281 12 0.8951 0.5674
0.8868 0.6942 0.009143 10 0.8486 0.6154
0.902 0.7251 0.005301 7 0.8855 0.6982
0.8832 0.6912 0.003232 12 0.8651 0.6302
0.9083 0.6594 0.007583 9 0.8787 0.5667
0.8923 0.6981 0.007015 4 0.8724 0.6946
0.8898 0.6627 0.00371 9 0.8716 0.6289
0.8815 0.7001 0.007258 8 0.864 0.6419
0.8885 0.6593 0.008997 12 0.8373 0.5574
0.8928 0.7127 0.003792 10 0.882 0.656
0.8844 0.6848 0.004554 6 0.8689 0.6475
0.8914 0.7054 0.00359 5 0.8839 0.6692
0.9092 0.7264 0.01616 15 0.8704 0.6651
0.8945 0.647 0.008336 13 0.8538 0.5764
0.8927 0.6832 0.01364 11 0.8482 0.6226
0.8956 0.6909 0.01094 7 0.8586 0.6632
0.8857 0.7173 0.01321 11 0.8538 0.6773
0.8815 0.6773 0.006902 7 0.8561 0.6297
0.8887 0.7039 0.01281 10 0.838 0.636
0.918 0.6915 0.007763 11 0.8867 0.6363
0.9035 0.6548 0.01113 8 0.8712 0.6081
0.8988 0.6833 0.009571 9 0.8739 0.5526
0.8852 0.7132 0.00427 7 0.8695 0.6907
0.8883 0.6669 0.006073 6 0.8672 0.5626
0.9312 0.7283 0.007652 10 0.8957 0.5304
0.8757 0.6749 0.00674 8 0.8597 0.6561
0.9001 0.6456 0.00292 4 0.8903 0.6297
0.8907 0.715 0.01081 9 0.8608 0.6573
0.8796 0.6714 0.01252 9 0.8517 0.6056
0.8832 0.7005 0.003444 11 0.8684 0.653
0.8994 0.7198 0.003504 8 0.888 0.6911
0.8733 0.7274 0.009237 8 0.8518 0.6889
0.8849 0.6667 0.00517 6 0.8623 0.4489
0.8942 0.6617 0.007974 12 0.8609 0.6177