0.4544 
0.4925 
0.3888 
0.4291 
0.4643 
0.4440 
0.3511 
0.3942 
0.3449 
0.3584 
0.4494 
0.4340 
0.3709 
0.4558 
0.4549 
0.4291 
0.3931 
0.4405 
0.4291 
0.4334 
0.3782 
0.3991 
0.4451 
0.3460 
0.4076 
0.4545 
0.3667 
0.3803 
0.4003 
0.4814 
0.4343 
0.4180 
0.3601 
0.3795 
0.4417 
0.3620 
0.3174 
0.4488 
0.4617 
0.3470 
0.4365 
0.4306 
0.4180 
0.4272 
0.4782 
0.4583 
0.4204 
0.3764 
0.3774 
0.4128 
0.4053 
0.4026 
0.3844 
0.3705 
0.3657 
0.4336 
0.4020 
0.4255 
0.4349 
0.3426 
0.3972 
0.4517 
0.4057 
0.3887 
0.4128 
0.4892 
0.3699 
0.3426 
0.3853 
0.4905 
0.3920 
0.4410 
0.4124 
0.4634 
0.4155 
0.4155 
0.3512 
0.4700 
0.2775 
0.4029 
0.4833 
0.4708 
0.4139 
0.3778 
0.3333 
0.4878 
0.4137 
0.4410 
0.3948 
0.4053 
0.3647 
0.4246 
0.3282 
0.4180 
0.3506 
0.3633 
0.4420 
0.3677 
0.3324 
0.3295 
0.7386 
0.7951 
0.7672 
0.7970 
0.7845 
0.8235 
0.7875 
0.7162 
0.7226 
0.8153 
0.7729 
0.7398 
0.8386 
0.7713 
0.7500 
0.8160 
0.8133 
0.7286 
0.8160 
0.8041 
0.8214 
0.8985 
0.7506 
0.8521 
0.8185 
0.8802 
0.8597 
0.8292 
0.7000 
0.8083 
0.6744 
0.8747 
0.7123 
0.7582 
0.8172 
0.7835 
0.8268 
0.7316 
0.7024 
0.7606 
0.8473 
0.8582 
0.7603 
0.7895 
0.7685 
0.8129 
0.7585 
0.8454 
0.6577 
0.8039 
0.7235 
0.7984 
0.8474 
0.7455 
0.7539 
0.7594 
0.8004 
0.7743 
0.7670 
0.7933 
0.6916 
0.7429 
0.7770 
0.7276 
0.6681 
0.8134 
0.8059 
0.8405 
0.8081 
0.7682 
0.7375 
0.7491 
0.7716 
0.8284 
0.8742 
0.7397 
0.7347 
0.8550 
0.8789 
0.9143 
0.8470 
0.7036 
0.8038 
0.7730 
0.8677 
0.7630 
0.8241 
0.7592 
0.8622 
0.7983 
0.8346 
0.8634 
0.8207 
0.7691 
0.7647 
0.7648 
0.7080 
0.8655 
0.8048 
0.7381 
0.4228 
0.4462 
0.3777 
0.3642 
0.3306 
0.4708 
0.4017 
0.4710 
0.4542 
0.4523 
0.3950 
0.4543 
0.4449 
0.4463 
0.4504 
0.4230 
0.4167 
0.3406 
0.4179 
0.5022 
0.4354 
0.5133 
0.3713 
0.4151 
0.4138 
0.4231 
0.4437 
0.4009 
0.4276 
0.4554 
0.5146 
0.4800 
0.4006 
0.4801 
0.4989 
0.4243 
0.3848 
0.4838 
0.4569 
0.3803 
0.3892 
0.4213 
0.4512 
0.4146 
0.4319 
0.3958 
0.3925 
0.4301 
0.4592 
0.4457 
0.4304 
0.4366 
0.4480 
0.3903 
0.4220 
0.4237 
0.3839 
0.4005 
0.4198 
0.4389 
0.4661 
0.4849 
0.4557 
0.4439 
0.4283 
0.4123 
0.4060 
0.4253 
0.3772 
0.4975 
0.3565 
0.4437 
0.3994 
0.4901 
0.4739 
0.4538 
0.4618 
0.4423 
0.3909 
0.4860 
0.3719 
0.4730 
0.3973 
0.4136 
0.4406 
0.4562 
0.4551 
0.4082 
0.3730 
0.4053 
0.3758 
0.3361 
0.4824 
0.4122 
0.4269 
0.4313 
0.3681 
0.4582 
0.4183 
0.4104 
0.5116 
0.5526 
0.5657 
0.4951 
0.5180 
0.5552 
0.5346 
0.5808 
0.5492 
0.5797 
0.5042 
0.5521 
0.5922 
0.5570 
0.5639 
0.5106 
0.6200 
0.5885 
0.5106 
0.5072 
0.5406 
0.5453 
0.4297 
0.5743 
0.6540 
0.4132 
0.5930 
0.6052 
0.5776 
0.4804 
0.5833 
0.5946 
0.5294 
0.5799 
0.4798 
0.5555 
0.5097 
0.5112 
0.5629 
0.5715 
0.5782 
0.4321 
0.4988 
0.5105 
0.5792 
0.5588 
0.5576 
0.5912 
0.5506 
0.5863 
0.5940 
0.4797 
0.5820 
0.4919 
0.5147 
0.5058 
0.5426 
0.4349 
0.5887 
0.5705 
0.5629 
0.4914 
0.5266 
0.5960 
0.5451 
0.5325 
0.4835 
0.4784 
0.5577 
0.4521 
0.5986 
0.5373 
0.5089 
0.5472 
0.4502 
0.5228 
0.4934 
0.5444 
0.5471 
0.5311 
0.5840 
0.5187 
0.5111 
0.5542 
0.5362 
0.5506 
0.5600 
0.5725 
0.5861 
0.5598 
0.5352 
0.5439 
0.5621 
0.5314 
0.5451 
0.5975 
0.5799 
0.6109 
0.4925 
0.4848 
0.8059 
0.8937 
0.8389 
0.8596 
0.8982 
0.8200 
0.8433 
0.8669 
0.7890 
0.8627 
0.8521 
0.8650 
0.8876 
0.9234 
0.8442 
0.8656 
0.8586 
0.8688 
0.8656 
0.8656 
0.8256 
0.8388 
0.8483 
0.8756 
0.8318 
0.8160 
0.8425 
0.8809 
0.8091 
0.8497 
0.8590 
0.8494 
0.8239 
0.8530 
0.8223 
0.8469 
0.8327 
0.8742 
0.8655 
0.8784 
0.8357 
0.8642 
0.8425 
0.8731 
0.8953 
0.7964 
0.8701 
0.8181 
0.8233 
0.8237 
0.9155 
0.8164 
0.8312 
0.8404 
0.8421 
0.8376 
0.8776 
0.8291 
0.8402 
0.8314 
0.8761 
0.8742 
0.8544 
0.8524 
0.8265 
0.8440 
0.8198 
0.8271 
0.8039 
0.8880 
0.8737 
0.8900 
0.8521 
0.8246 
0.8680 
0.8827 
0.8394 
0.8198 
0.8598 
0.8639 
0.8673 
0.8447 
0.9110 
0.9036 
0.8431 
0.8810 
0.8347 
0.8570 
0.8491 
0.8413 
0.8963 
0.8694 
0.8742 
0.7765 
0.8075 
0.8871 
0.8318 
0.8639 
0.8815 
0.8305 
0.8977 
0.8789 
0.8967 
0.8913 
0.9127 
0.9145 
0.8614 
0.8364 
0.9023 
0.8569 
0.8858 
0.8927 
0.8827 
0.8797 
0.8730 
0.8920 
0.8793 
0.8815 
0.8920 
0.8659 
0.9048 
0.8537 
0.8447 
0.8633 
0.9026 
0.8891 
0.9086 
0.8690 
0.9067 
0.8935 
0.8977 
0.8996 
0.9100 
0.8850 
0.8883 
0.8700 
0.9068 
0.8759 
0.8978 
0.8779 
0.8802 
0.8750 
0.8673 
0.8924 
0.8949 
0.9094 
0.8969 
0.9035 
0.8571 
0.8981 
0.8827 
0.8459 
0.9190 
0.8892 
0.8909 
0.9136 
0.9100 
0.9339 
0.8573 
0.8771 
0.9204 
0.9187 
0.8703 
0.9114 
0.8158 
0.8816 
0.8991 
0.8883 
0.8909 
0.8650 
0.8935 
0.9162 
0.8763 
0.8747 
0.9014 
0.8926 
0.8368 
0.8868 
0.9098 
0.8401 
0.8938 
0.8702 
0.8447 
0.8943 
0.8698 
0.9103 
0.9149 
0.9045 
0.8917 
0.8362 
0.8758 
0.8982 
0.8739 
0.9134 
0.9140 
0.8851 
0.8817 
0.8840 
0.8719 
0.9054 
0.5439 
0.5543 
0.5382 
0.4765 
0.5454 
0.5060 
0.6539 
0.5192 
0.5253 
0.5034 
0.4872 
0.5143 
0.5112 
0.4773 
0.5628 
0.5313 
0.6172 
0.6070 
0.5313 
0.5637 
0.5398 
0.5283 
0.5780 
0.5558 
0.5531 
0.5232 
0.5493 
0.5440 
0.5806 
0.4288 
0.6365 
0.4938 
0.6305 
0.5762 
0.5598 
0.4016 
0.5358 
0.5135 
0.6926 
0.4861 
0.5085 
0.5721 
0.6004 
0.4746 
0.4311 
0.4896 
0.5568 
0.5452 
0.5922 
0.4931 
0.6071 
0.5114 
0.5524 
0.5199 
0.5196 
0.4792 
0.5874 
0.4735 
0.5160 
0.4835 
0.5043 
0.5264 
0.5797 
0.5670 
0.5103 
0.5517 
0.6131 
0.5195 
0.5810 
0.5668 
0.5411 
0.5340 
0.5502 
0.5321 
0.5215 
0.5087 
0.5944 
0.5437 
0.5328 
0.5973 
0.6421 
0.5104 
0.5461 
0.5535 
0.5860 
0.5250 
0.4951 
0.4839 
0.5682 
0.5855 
0.5993 
0.4411 
0.4748 
0.4839 
0.5246 
0.4855 
0.5043 
0.5027 
0.5111 
0.5070 
0.9441 
0.7387 
0.7705 
0.9232 
0.9455 
0.9205 
0.9152 
0.9323 
0.9450 
0.8563 
0.8821 
0.9355 
0.9287 
0.9267 
0.8863 
0.8201 
0.9202 
0.7171 
0.8201 
0.8302 
0.9207 
0.9221 
0.6602 
0.8984 
0.9180 
0.9140 
0.9043 
0.9217 
0.8947 
0.7512 
0.9197 
0.8305 
0.6959 
0.9139 
0.9285 
0.8842 
0.9039 
0.7188 
0.9301 
0.9204 
0.8947 
0.9355 
0.9308 
0.7595 
0.5668 
0.8698 
0.9221 
0.9443 
0.9318 
0.9276 
0.9140 
0.9377 
0.8756 
0.8956 
0.9281 
0.9395 
0.8868 
0.8139 
0.9293 
0.8886 
0.8743 
0.8633 
0.9066 
0.9096 
0.9323 
0.7568 
0.9265 
0.9243 
0.9263 
0.9326 
0.9240 
0.9117 
0.9296 
0.9123 
0.6166 
0.7832 
0.8988 
0.9105 
0.9163 
0.9104 
0.9166 
0.9329 
0.9157 
0.8416 
0.9381 
0.8212 
0.7285 
0.8569 
0.8969 
0.6708 
0.6865 
0.9458 
0.8075 
0.7535 
0.9360 
0.6491 
0.9034 
0.7081 
0.9266 
0.7408 
0.9120 
0.9153 
0.9109 
0.8924 
0.8929 
0.9143 
0.9268 
0.9107 
0.9049 
0.8952 
0.9052 
0.9070 
0.9087 
0.8858 
0.9071 
0.9104 
0.8976 
0.9136 
0.9101 
0.8988 
0.9242 
0.8720 
0.9145 
0.9160 
0.9073 
0.9080 
0.9278 
0.9072 
0.8963 
0.8870 
0.9186 
0.9045 
0.8957 
0.8869 
0.8873 
0.9143 
0.9211 
0.9027 
0.8467 
0.9229 
0.9169 
0.9134 
0.9142 
0.9056 
0.8967 
0.9026 
0.9225 
0.9001 
0.9048 
0.8983 
0.9234 
0.9151 
0.9108 
0.9143 
0.8984 
0.8963 
0.9130 
0.8929 
0.9030 
0.8893 
0.9066 
0.9074 
0.9133 
0.8981 
0.8752 
0.9347 
0.9063 
0.9140 
0.9008 
0.8790 
0.9284 
0.9096 
0.9178 
0.8997 
0.8384 
0.8929 
0.8973 
0.8756 
0.8989 
0.9136 
0.9029 
0.8659 
0.8536 
0.9080 
0.9065 
0.8990 
0.9100 
0.9029 
0.8821 
0.8993 
0.8911 
0.8978 
0.8741 
0.9019 
0.9116 
0.8222 
0.9040 
0.9200 
0.9135 
0.9220 
0.8967 
0.8930 
0.9276 
0.8884 
0.8878 
0.8847 
0.8988 
0.9024 
0.8873 
0.8824 
0.9194 
0.8950 
0.8193 
0.8940 
0.9039 
0.8705 
0.8705 
0.9003 
0.8517 
0.9141 
0.9072 
0.8911 
0.9294 
0.8754 
0.9005 
0.9168 
0.9104 
0.8697 
0.8812 
0.8767 
0.9076 
0.9071 
0.9108 
0.9116 
0.8778 
0.9013 
0.8873 
0.8947 
0.8980 
0.9248 
0.9147 
0.8849 
0.9075 
0.9152 
0.8901 
0.8955 
0.9079 
0.8812 
0.9012 
0.9075 
0.8987 
0.8876 
0.9038 
0.8671 
0.8881 
0.8994 
0.9073 
0.8692 
0.9043 
0.8917 
0.8568 
0.8887 
0.8977 
0.8887 
0.8975 
0.8872 
0.9095 
0.8584 
0.9064 
0.9258 
0.8971 
0.9091 
0.8958 
0.9038 
0.8998 
0.8840 
0.8907 
0.9220 
0.9023 
0.8999 
0.9157 
0.9216 
0.8829 
0.8835 
0.8769 
0.8694 
0.8765 
0.8830 
0.9026 
0.9283 
0.8949 
0.8564 
0.8913 
0.9105 
0.9075 
0.8918 
0.9156 
0.8986 
0.8718 
0.9068 
0.9128 
0.8788 
0.9417 
0.8988 
0.8878 
0.8754 
0.8851 
0.9274 
0.9160 
0.8874 
0.8950 
0.8920 
0.9272 
0.9142 
0.8888 
0.9134 
0.9202 
0.8931 
0.9134 
0.8658 
0.8843 
0.8999 
0.9387 
0.8996 
0.8944 
0.9072 
0.8909 
0.9201 
0.9073 
0.8793 
0.9199 
0.9130 
0.8885 
0.8829 
0.9074 
0.8989 
0.9228 
0.9242 
0.8995 
0.9132 
0.8837 
0.8872 
0.9325 
0.9024 
0.9094 
0.9128 
0.8732 
0.8902 
0.8948 
0.8947 
0.8803 
0.8922 
0.8962 
0.8833 
0.8805 
0.9069 
0.8932 
0.8966 
0.8906 
0.9105 
0.9171 
0.8852 
0.9030 
0.9140 
0.9055 
0.9275 
0.9101 
0.8958 
0.8424 
0.8747 
0.8751 
0.8567 
0.8736 
0.9022 
0.8799 
0.8971 
0.8975 
0.8718 
0.9299 
0.8956 
0.8898 
0.8959 
0.8982 
0.8951 
0.9146 
0.9196 
0.8965 
0.9143 
0.8685 
0.8843 
0.9384 
0.8866 
0.8856 
0.8925 
0.9074 
0.8616 
0.8942 
0.8980 
0.9091 
0.8908 
