-1.0000 
0.1791 
2.0804 
0.2707 
-1.0000 
-1.0000 
2.0993 
-1.0000 
5.7034 
-1.0000 
0.5274 
18.8218 
7.4255 
5.8329 
9.3954 
8.3620 
8.6695 
-1.0000 
-1.0000 
8.3966 
8.5870 
-1.0000 
-1.0000 
-1.0000 
4.5963 
-1.0000 
0.9533 
3.5417 
-1.0000 
-1.0000 
-1.0000 
-1.5000 
-1.0000 
19.8123 
1.8070 
-1.0000 
19.6190 
16.9768 
-1.5000 
4.9944 
-1.0000 
-1.0000 
3.0596 
2.2635 
4.3505 
2.7982 
-1.0000 
-1.0000 
-1.0000 
1.5859 
1.9722 
13.4682 
-1.0000 
2.3762 
4.7457 
0.8872 
-1.0000 
8.7854 
2.0080 
1.5845 
6.3313 
3.7060 
-1.0000 
-1.0000 
-1.0000 
-1.5000 
17.2761 
-1.0000 
5.3590 
3.9398 
-1.0000 
-1.0000 
-1.0000 
-1.0000 
5.3005 
-1.0000 
-1.0000 
-1.0000 
3.5614 
-1.0000 
3.8563 
0.2604 
-1.0000 
1.3969 
9.7706 
-1.0000 
-1.0000 
2.1024 
1.8146 
-1.0000 
-1.0000 
1.0495 
-1.0000 
-1.0000 
-1.0000 
3.9631 
9.3227 
-1.0000 
15.2757 
6.8850 
8.8322 
7.4806 
-1.0000 
3.5842 
8.1847 
6.0662 
1.7747 
-1.0000 
8.0495 
-1.0000 
7.9318 
-1.5000 
-1.0000 
-1.0000 
-1.0000 
-1.0000 
2.4436 
-1.0000 
-1.0000 
9.5170 
-1.0000 
-1.0000 
0.0615 
0.0646 
0.0652 
1.5804 
0.0588 
-1.0000 
-1.0000 
0.2982 
3.2165 
3.1327 
-1.0000 
-1.0000 
0.2167 
-1.0000 
-1.0000 
-1.0000 
-1.0000 
-1.0000 
-1.0000 
0.2544 
-1.0000 
0.5596 
-1.0000 
-1.0000 
0.5471 
4.0903 
-1.0000 
-1.0000 
-1.0000 
-1.0000 
-1.0000 
5.1573 
-1.0000 
-1.0000 
-1.0000 
-1.0000 
-1.0000 
0.2472 
1.5347 
-1.0000 
-1.0000 
-1.0000 
0.9649 
9.1592 
-1.0000 
1.2515 
16.2057 
1.2151 
-1.0000 
0.2335 
-1.0000 
10.2633 
-1.0000 
4.9115 
7.5466 
-1.0000 
-1.0000 
0.8089 
8.7563 
-1.0000 
0.7621 
5.4237 
-1.0000 
-1.0000 
-1.0000 
-1.0000 
4.3779 
-1.0000 
-1.0000 
3.2126 
-1.0000 
-1.0000 
-1.0000 
-1.0000 
-1.5000 
-1.0000 
1.6284 
9.0847 
1.7822 
4.6088 
0.1929 
-1.0000 
-1.0000 
6.1973 
-1.0000 
-1.0000 
-1.0000 
9.1104 
10.3480 
-1.0000 
2.8430 
-1.0000 
0.9284 
-1.0000 
-1.0000 
-1.5000 
-1.0000 
-1.0000 
-1.0000 
-1.5000 
-1.0000 
-1.0000 
-1.0000 
-1.0000 
22.8847 
1.2807 
1.8755 
-1.5000 
-1.0000 
-1.0000 
-1.0000 
2.2706 
-1.5000 
-1.5000 
5.8945 
-1.0000 
15.7691 
-1.0000 
1.6463 
-1.0000 
-1.5000 
1.5043 
-1.0000 
0.4443 
-1.0000 
-1.0000 
-1.0000 
-1.0000 
-1.0000 
-1.0000 
-1.0000 
-1.0000 
5.1150 
6.0398 
4.2607 
3.0434 
8.7906 
6.3142 
8.2913 
-1.0000 
-1.0000 
-1.0000 
2.4151 
6.0604 
-1.0000 
-1.0000 
4.0561 
21.5653 
-1.0000 
-1.0000 
19.7502 
-1.0000 
7.3288 
-1.5000 
-1.0000 
-1.0000 
3.6873 
-1.5000 
-1.0000 
-1.0000 
-1.0000 
5.3414 
-1.0000 
1.6568 
-1.0000 
2.8714 
0.2839 
-1.0000 
0.0608 
7.6367 
6.6480 
-1.0000 
7.5386 
-1.0000 
-1.0000 
-1.0000 
-1.0000 
8.7052 
-1.0000 
0.6403 
-1.0000 
7.8612 
0.0000 
-1.0000 
-1.0000 
29.3412 
-1.0000 
-1.0000 
20.1920 
-1.5000 
1.0408 
42.0829 
-1.0000 
21.1610 
11.2904 
11.4163 
-1.0000 
12.7257 
