0.9437 0.9375 0.88471875
0.9618 0.913 0.8781234
0.8856 0.9134 0.80890704
0.9287 0.9391 0.87214217
0.9463 0.9412 0.89065756
0.9477 0.9252 0.87681204
0.9442 0.9683 0.91426886
0.9755 0.9667 0.94301585
0.9194 0.9307 0.85568558
0.9553 0.9308 0.88919324
0.8746 0.8824 0.77174704
0.9418 0.9423 0.88745814
0.9695 0.9613 0.93198035
0.9317 0.9697 0.90346949
0.9673 0.9748 0.94292404
0.9494 0.9119 0.86575786
0.9629 0.9765 0.94027185
0.8673 0.8902 0.77207046
0.9502 0.9231 0.87712962
0.9466 0.9545 0.9035297
0.9163 0.8481 0.77711403
0.9594 0.9741 0.93455154
0.9448 0.9219 0.87101112
0.9512 0.9561 0.90944232
0.9359 0.9281 0.86860879
0.9341 0.9355 0.87385055
0.9199 0.9417 0.86626983
0.9342 0.955 0.892161
0.9372 0.945 0.885654
0.9501 0.9383 0.89147883
0.9554 0.9535 0.9109739
0.9685 0.9484 0.9185254
0.9673 0.9787 0.94669651
0.9213 0.9313 0.85800669
0.9378 0.9467 0.88781526
0.9702 0.9651 0.93634002
0.9489 0.9495 0.90098055
0.906 0.9355 0.847563
0.958 0.9753 0.9343374
0.9614 0.9626 0.92544364
0.9497 0.9266 0.87999202
0.9275 0.9464 0.877786
0.9647 0.9645 0.93045315
0.8797 0.8732 0.76815404
0.9595 0.9643 0.92524585
0.9234 0.9052 0.83586168
0.9497 0.9489 0.90117033
0.9634 0.9673 0.93189682
0.9453 0.9302 0.87931806
0.9735 0.9702 0.9444897
0.9616 0.9457 0.90938512
0.9304 0.9412 0.87569248
0.901 0.9412 0.8480212
0.9342 0.9437 0.88160454
0.9354 0.9474 0.88619796
0.9676 0.9559 0.92492884
0.941 0.9435 0.8878335
0.9473 0.9565 0.90609245
0.9688 0.9641 0.93402008
0.9407 0.9524 0.89592268
0.9577 0.9703 0.92925631
0.9378 0.9417 0.88312626
0.9366 0.9468 0.88677288
0.9437 0.9353 0.88264261
0.9548 0.9601 0.91670348
0.9496 0.9379 0.89062984
0.9592 0.9548 0.91584416
0.9681 0.9664 0.93557184
0.9196 0.9375 0.862125
0.8973 0.9202 0.82569546
0.9109 0.9271 0.84449539
0.9105 0.8514 0.7751997
0.9347 0.9528 0.89058216
0.9508 0.9621 0.91476468
0.939 0.9343 0.8773077
0.9638 0.9703 0.93517514
0.9646 0.9691 0.93479386
0.9445 0.9408 0.8885856
0.9151 0.95 0.869345
0.9499 0.9098 0.86421902
0.9324 0.9452 0.88130448
0.9515 0.9451 0.89926265
0.9687 0.975 0.9444825
0.9254 0.8841 0.81814614
0.9811 0.9843 0.96569673
0.9536 0.9615 0.9168864
0.9376 0.9694 0.90890944
0.9521 0.9444 0.89916324
0.8873 0.9167 0.81338791
0.9342 0.9556 0.89272152
0.9726 0.9244 0.89907144
0.9453 0.9318 0.88083054
0.9591 0.96 0.920736
0.9605 0.9774 0.9387927
0.9481 0.9496 0.90031576
0.9477 0.9615 0.91121355
0.9274 0.95 0.88103
0.9614 0.9426 0.90621564
0.9342 0.8766 0.81891972
0.9377 0.9533 0.89390941
0.9569 0.9753 0.93326457
0.9545 0.8596 0.8204882
0.9449 0.9518 0.89935582
0.9475 0.9751 0.92390725
0.9575 0.9402 0.9002415
0.9468 0.9155 0.8667954
0.9635 0.988 0.951938
0.9548 0.9672 0.92348256
0.943 0.9068 0.8551124
0.9639 0.9483 0.91406637
0.9318 0.8936 0.83265648
0.9497 0.9419 0.89452243
0.9574 0.9079 0.86922346
0.9388 0.9158 0.85975304
0.9564 0.9449 0.90370236
0.9371 0.9264 0.86812944
0.9615 0.9464 0.9099636
0.9422 0.949 0.8941478
0.9549 0.958 0.9147942
0.9496 0.925 0.87838
0.9365 0.9167 0.85848955
0.9438 0.94 0.887172
0.9147 0.9583 0.87655701
0.9378 0.9247 0.86718366
0.9497 0.9276 0.88094172
0.9576 0.9586 0.91795536
0.9506 0.9561 0.90886866
0.9447 0.8934 0.84399498
0.9732 0.9295 0.9045894
0.9733 0.9847 0.95840851
0.9537 0.9437 0.90000669
0.9597 0.9296 0.89213712
0.9336 0.9397 0.87730392
0.9566 0.9551 0.91364866
0.9557 0.9456 0.90370992
0.9536 0.9615 0.9168864
0.9475 0.9429 0.89339775
0.952 0.9655 0.919156
0.9611 0.9436 0.90689396
0.9388 0.9167 0.86059796
0.9482 0.9592 0.90951344
0.9599 0.962 0.9234238
0.935 0.9314 0.870859
0.9243 0.9225 0.85266675
0.9538 0.9565 0.9123097
0.9365 0.8812 0.8252438
0.965 0.9625 0.9288125
0.96 0.9496 0.911616
0.9593 0.9681 0.92869833
0.961 0.9355 0.8990155
0.9562 0.9408 0.89959296
0.9556 0.9802 0.93667912
0.9379 0.9574 0.89794546
0.9516 0.9291 0.88413156
0.9463 0.9402 0.88971126
0.9647 0.9337 0.90074039
0.9483 0.9623 0.91254909
0.9357 0.8772 0.82079604
0.9673 0.9701 0.93837773
0.9564 0.9558 0.91412712
0.9345 0.9398 0.8782431
0.9633 0.9633 0.92794689
0.9424 0.9333 0.87954192
0.9354 0.9426 0.88170804
0.9571 0.8984 0.85985864
0.9535 0.9624 0.9176484
0.9549 0.9457 0.90304893
0.9486 0.9154 0.86834844
0.8943 0.9247 0.82695921
0.9464 0.9431 0.89254984
0.9646 0.959 0.9250514
0.9271 0.9091 0.84282661
0.9367 0.9167 0.85867289
0.9514 0.9355 0.8900347
0.9435 0.9509 0.89717415
0.9746 0.9681 0.94351026
0.9675 0.9653 0.93392775
0.9524 0.9372 0.89258928
0.96 0.9709 0.932064
0.9344 0.9138 0.85385472
0.9408 0.9186 0.86421888
0.9316 0.9329 0.86908964
0.956 0.9559 0.9138404
0.9252 0.9176 0.84896352
0.9735 0.9569 0.93154215
0.9509 0.9438 0.89745942
0.9476 0.951 0.9011676
0.9303 0.95 0.883785
0.9 0.9 0.81
0.9452 0.9268 0.87601136
0.9464 0.9518 0.90078352
0.9531 0.9506 0.90601686
0.9535 0.9647 0.91984145
0.9684 0.9464 0.91649376
0.9166 0.8859 0.81201594
0.9656 0.9604 0.92736224
0.9304 0.9333 0.86834232
0.9626 0.9638 0.92775388
0.9648 0.954 0.9204192
0.9548 0.964 0.9204272
0.9523 0.9255 0.88135365
0.9528 0.9043 0.86161704
0.9477 0.8951 0.84828627
0.9648 0.9568 0.92312064
0.9535 0.9204 0.8776014
0.9583 0.958 0.9180514
0.9536 0.9444 0.90057984
0.9502 0.9712 0.92283424
0.9485 0.9323 0.88428655
0.9498 0.95 0.90231
0.9554 0.9328 0.89119712
0.9494 0.9417 0.89404998
0.9647 0.9447 0.91135209
0.9561 0.9423 0.90093303
0.9658 0.9709 0.93769522
0.9459 0.9297 0.87940323
0.9398 0.9651 0.90700098
0.9364 0.9176 0.85924064
0.9577 0.8807 0.84344639
0.9584 0.9037 0.86610608
0.9449 0.9255 0.87450495
0.9604 0.9459 0.90844236
0.9349 0.9385 0.87740365
0.9467 0.9107 0.86215969
0.9448 0.9481 0.89576488
0.938 0.9441 0.8855658
0.9509 0.9417 0.89546253
0.9639 0.951 0.9166689
0.9637 0.9742 0.93883654
0.964 0.9379 0.9041356
0.9556 0.9632 0.92043392
0.9569 0.9504 0.90943776
0.9564 0.9237 0.88342668
0.9525 0.9634 0.9176385
0.9529 0.8859 0.84417411
0.9482 0.8739 0.82863198
0.9517 0.9018 0.85824306
0.9425 0.9126 0.8601255
0.9631 0.9181 0.88422211
0.9445 0.9302 0.8785739
0.9481 0.9355 0.88694755
0.9596 0.9618 0.92294328
0.9226 0.8913 0.82231338
0.9355 0.9366 0.8761893
0.9372 0.9592 0.89896224
0.9437 0.9364 0.88368068
0.9513 0.9662 0.91914606
0.9462 0.9417 0.89103654
0.9618 0.9524 0.91601832
0.9565 0.9632 0.9213008
0.9677 0.9636 0.93247572
0.9548 0.965 0.921382
0.9583 0.95 0.910385
0.9579 0.9438 0.90406602
0.9341 0.9221 0.86133361
0.9722 0.9481 0.92174282
0.9444 0.8898 0.84032712
0.9461 0.954 0.9025794
0.9678 0.9722 0.94089516
0.9501 0.9561 0.90839061
0.9561 0.9111 0.87110271
0.9533 0.9386 0.89476738
0.9521 0.9435 0.89830635
0.945 0.9179 0.8674155
0.9513 0.9357 0.89013141
0.9542 0.9588 0.91488696
0.9573 0.9467 0.90627591
0.9652 0.9832 0.94898464
0.944 0.9444 0.8915136
0.9416 0.9352 0.88058432
0.9533 0.916 0.8732228
0.9547 0.9638 0.92013986
0.9408 0.9429 0.88708032
0.9498 0.9386 0.89148228
0.9625 0.9353 0.90022625
0.9699 0.9861 0.95641839
0.9558 0.9303 0.88918074
0.9387 0.9484 0.89026308
0.9626 0.9641 0.92804266
0.9403 0.9211 0.86611033
0.9369 0.95 0.890055
0.9601 0.9195 0.88281195
0.9542 0.9429 0.89971518
0.9464 0.9604 0.90892256
0.9623 0.9452 0.90956596
0.9598 0.9355 0.8978929
0.9446 0.9206 0.86959876
0.9589 0.9341 0.89570849
0.9331 0.9222 0.86050482
0.9484 0.9524 0.90325616
0.9709 0.9836 0.95497724
0.9507 0.9691 0.92132337
0.9387 0.9048 0.84933576
0.9604 0.9221 0.88558484
0.9603 0.9607 0.92256021
0.9653 0.9543 0.92118579
0.96 0.9518 0.913728
0.9558 0.96 0.917568
0.9626 0.9636 0.92756136
0.9629 0.9124 0.87854996
0.9433 0.9623 0.90773759
0.9668 0.8862 0.85677816
0.9479 0.9259 0.87766061
0.9623 0.9527 0.91678321
0.9563 0.9692 0.92684596
0.9504 0.947 0.9000288
0.9591 0.9348 0.89656668
0.9449 0.9159 0.86543391
0.9618 0.9732 0.93602376
0.9495 0.9474 0.8995563
0.9462 0.9286 0.87864132
0.9553 0.9298 0.88823794
0.9611 0.8817 0.84740187
0.9469 0.9048 0.85675512
0.9616 0.96 0.923136
0.9549 0.942 0.8995158
0.9195 0.956 0.879042
0.9202 0.92 0.846584
0.954 0.9275 0.884835
0.9468 0.9137 0.86509116
0.9488 0.9386 0.89054368
0.9492 0.9009 0.85513428
0.9473 0.9592 0.90865016
0.9376 0.9416 0.88284416
0.9389 0.9474 0.88951386
0.9531 0.9114 0.86865534
0.9558 0.9496 0.90762768
0.9578 0.96 0.919488
0.9566 0.9764 0.93402424
0.9558 0.9603 0.91785474
0.9545 0.9448 0.9018116
0.9667 0.9808 0.94813936
0.956 0.9394 0.8980664
0.9597 0.9485 0.91027545
0.9448 0.9205 0.8696884
0.9574 0.9542 0.91355108
0.9622 0.9412 0.90562264
0.9469 0.9565 0.90570985
0.97 0.96 0.9312
0.9451 0.9216 0.87100416
0.9325 0.9292 0.866479
0.9453 0.9174 0.86721822
0.9388 0.9 0.84492
0.9482 0.9275 0.8794555
0.9616 0.9241 0.88861456
0.9404 0.9388 0.88284752
0.9539 0.942 0.8985738
0.9581 0.9633 0.92293773
0.9437 0.9717 0.91699329
0.9577 0.9281 0.88884137
0.961 0.9402 0.9035322
0.9476 0.951 0.9011676
0.9413 0.901 0.8481113
0.9489 0.9535 0.90477615
0.9451 0.958 0.9054058
0.9665 0.9785 0.94572025
0.9506 0.9167 0.87141502
0.9529 0.9245 0.88095605
0.9683 0.9648 0.93421584
0.9566 0.96 0.918336
0.9644 0.9669 0.93247836
0.9533 0.936 0.8922888
0.9608 0.95 0.91276
0.9478 0.8983 0.85140874
0.9644 0.891 0.8592804
0.9529 0.8857 0.84398353
0.9483 0.9294 0.88135002
0.9495 0.9515 0.90344925
0.9519 0.9554 0.90944526
0.9443 0.9231 0.87168333
0.9555 0.9565 0.91393575
0.9492 0.8837 0.83880804
0.9313 0.9487 0.88352431
0.9336 0.9231 0.86180616
0.958 0.9324 0.8932392
0.9543 0.9153 0.87347079
0.9622 0.9777 0.94074294
0.9516 0.9451 0.89935716
0.9708 0.9401 0.91264908
0.9548 0.9545 0.9113566
0.9438 0.9231 0.87122178
0.9463 0.8954 0.84731702
0.9461 0.9609 0.90910749
0.947 0.912 0.863664
0.9636 0.9675 0.932283
0.9504 0.9145 0.8691408
0.9433 0.9352 0.88217416
0.9534 0.9382 0.89447988
0.9412 0.9355 0.8804926
0.9485 0.9474 0.8986089
0.9638 0.8806 0.84872228
0.9423 0.914 0.8612622
0.9362 0.9487 0.88817294
0.9642 0.922 0.8889924
0.9445 0.9227 0.87149015
0.9628 0.9262 0.89174536
0.9417 0.9296 0.87540432
0.9584 0.9655 0.9253352
0.9573 0.9627 0.92159271
0.957 0.9583 0.9170931
0.9403 0.949 0.8923447
0.9518 0.9493 0.90354374
0.9513 0.9549 0.90839637
0.9538 0.9296 0.88665248
0.9502 0.907 0.8618314
0.9542 0.95 0.90649
0.9562 0.947 0.9055214
0.9273 0.9388 0.87054924
0.958 0.9333 0.8941014
0.954 0.9398 0.8965692
0.9499 0.9236 0.87732764
0.9472 0.945 0.895104
0.9637 0.9246 0.89103702
0.9524 0.9431 0.89820844
0.9545 0.9712 0.9270104
0.9533 0.9576 0.91288008
0.954 0.9537 0.9098298
0.9353 0.8966 0.83858998
0.955 0.9296 0.887768
0.9523 0.942 0.8970666
0.947 0.9531 0.9025857
0.9556 0.9397 0.89797732
0.9456 0.9441 0.89274096
0.947 0.9279 0.8787213
0.9459 0.965 0.9127935
0.9533 0.9441 0.90001053
0.9509 0.9667 0.91923503
0.9464 0.95 0.89908
0.9571 0.95 0.909245
0.9599 0.9481 0.91008119
0.9492 0.9388 0.89110896
0.9593 0.9755 0.93579715
0.9581 0.9645 0.92408745
0.9449 0.913 0.8626937
0.956 0.9301 0.8891756
0.9529 0.9355 0.89143795
0.9551 0.9344 0.89244544
0.9274 0.9661 0.89596114
0.9599 0.9235 0.88646765
0.9473 0.8962 0.84897026
0.9525 0.9323 0.88801575
0.949 0.9381 0.8902569
0.9429 0.9469 0.89283201
0.9395 0.9338 0.8773051
0.9553 0.9415 0.89941495
0.9583 0.9596 0.91958468
0.9441 0.911 0.8600751
0.9516 0.9279 0.88298964
0.9417 0.9615 0.90544455
0.9557 0.9535 0.91125995
0.957 0.9333 0.8931681
0.951 0.9496 0.9030696
0.9613 0.9262 0.89035606
0.9442 0.9126 0.86167692
0.9536 0.9412 0.89752832
0.9655 0.9587 0.92562485
0.9482 0.9519 0.90259158
0.9472 0.9391 0.88951552
0.9652 0.9416 0.90883232
0.9477 0.9449 0.89548173
0.9576 0.9151 0.87629976
0.9463 0.9542 0.90295946
0.9494 0.9429 0.89518926
0.9439 0.9478 0.89462842
0.9497 0.9313 0.88445561
0.9582 0.9815 0.9404733
0.9543 0.9574 0.91364682
0.9556 0.9612 0.91852272
0.9465 0.9494 0.8986071
0.9443 0.9358 0.88367594
0.9603 0.9574 0.91939122
0.9509 0.9481 0.90154829
0.9415 0.9213 0.86740395
0.936 0.9109 0.8526024
0.9473 0.9483 0.89832459
0.9597 0.9646 0.92572662
0.9611 0.9649 0.92736539
0.9573 0.9448 0.90445704
0.959 0.9421 0.9034739
0.9583 0.965 0.9247595
0.9487 0.9505 0.90173935
0.9519 0.9333 0.88840827
0.9569 0.9291 0.88905579
0.9563 0.942 0.9008346
0.9646 0.9444 0.91096824
0.95 0.9365 0.889675
0.9547 0.9558 0.91250226
0.9517 0.9357 0.89050569
0.9451 0.9247 0.87393397
0.9446 0.9495 0.8968977
0.9543 0.9275 0.88511325
0.9554 0.9655 0.9224387
0.9368 0.9524 0.89220832
0.958 0.9385 0.899083
0.9542 0.9516 0.90801672
0.9582 0.9226 0.88403532
0.9326 0.8978 0.83728828
0.9478 0.9098 0.86230844
0.9589 0.9556 0.91632484
0.9507 0.9481 0.90135867
0.9448 0.9225 0.871578
0.9543 0.9195 0.87747885
0.9579 0.9565 0.91623135
0.9464 0.9444 0.89378016
0.9546 0.9586 0.91507956
0.9459 0.9493 0.89794287
0.9483 0.9593 0.90970419
0.9441 0.9327 0.88056207
0.9515 0.9355 0.89012825
0.9543 0.9444 0.90124092
0.9537 0.9313 0.88818081
0.9509 0.9344 0.88852096
0.9581 0.9606 0.92035086
0.9628 0.9301 0.89550028
0.952 0.9368 0.8918336
0.9522 0.8934 0.85069548
0.952 0.9256 0.8811712
0.9373 0.9091 0.85209943
0.9501 0.9242 0.87808242
0.9572 0.9571 0.91613612
0.9509 0.938 0.8919442
0.9528 0.9389 0.89458392
0.951 0.9397 0.8936547
0.9391 0.9143 0.85861913
0.9531 0.9348 0.89095788
0.9522 0.9394 0.89449668
0.959 0.9453 0.9065427
0.9505 0.9276 0.8816838
0.956 0.942 0.900552
0.9596 0.9259 0.88849364
0.9543 0.9308 0.88826244
0.9471 0.9091 0.86100861
0.9585 0.9291 0.89054235
0.9375 0.9381 0.87946875
0.9445 0.9342 0.8823519
0.9519 0.8673 0.82558287
0.9514 0.9434 0.89755076
0.9609 0.9466 0.90958794
0.9649 0.9672 0.93325128
0.9398 0.9314 0.87532972
0.945 0.916 0.86562
0.9397 0.944 0.8870768
0.951 0.9352 0.8893752
0.9531 0.9429 0.89867799
0.9417 0.9299 0.87568683
0.9431 0.9279 0.87510249
0.9497 0.9048 0.85928856
0.9494 0.9364 0.88901816
0.9525 0.9537 0.90839925
0.9405 0.9103 0.85613715
0.9551 0.9371 0.89502421
0.944 0.9143 0.8630992
0.9562 0.9453 0.90389586
0.922 0.8606 0.7934732
0.9463 0.9375 0.88715625
0.9505 0.9542 0.9069671
0.9563 0.9099 0.87013737
0.9557 0.9138 0.87331866
0.956 0.9206 0.8800936
0.9476 0.947 0.8973772
0.9551 0.9364 0.89435564
0.946 0.9431 0.8921726
0.9504 0.9474 0.90040896
0.9483 0.944 0.8951952
0.9665 0.9487 0.91691855
0.9584 0.9483 0.90885072
0.9576 0.9467 0.90655992
0.9448 0.9417 0.88971816
0.9571 0.9641 0.92274011
0.9513 0.9434 0.89745642
0.9595 0.9343 0.89646085
0.9461 0.9318 0.88157598
0.9484 0.8947 0.84853348
0.9166 0.9 0.82494
0.9608 0.9187 0.88268696
0.9446 0.9098 0.85939708
0.9522 0.9494 0.90401868
0.9557 0.9226 0.88172882
0.9521 0.9226 0.87840746
0.9613 0.9684 0.93092292
0.9539 0.9362 0.89304118
0.9492 0.9424 0.89452608
0.9524 0.938 0.8933512
0.9434 0.9562 0.90207908
0.9509 0.9531 0.90630279
0.9547 0.9348 0.89245356
0.9486 0.9444 0.89585784
0.9491 0.924 0.8769684
0.9449 0.94 0.888206
0.9484 0.8941 0.84796444
0.9567 0.9593 0.91776231
0.9561 0.9123 0.87225003
0.9474 0.9535 0.9033459
0.9564 0.9493 0.90791052
0.9513 0.9161 0.87148593
0.9529 0.9466 0.90201514
0.9509 0.9362 0.89023258
0.9514 0.9388 0.89317432
0.9447 0.9583 0.90530601
0.9526 0.9568 0.91144768
0.9476 0.9545 0.9044842
0.9527 0.9535 0.90839945
0.9468 0.9206 0.87162408
0.958 0.9281 0.8891198
0.9445 0.9127 0.86204515
0.9501 0.9423 0.89527923
0.9524 0.9633 0.91744692
0.9414 0.9244 0.87023016
0.9536 0.9302 0.88703872
0.9475 0.9333 0.88430175
0.9432 0.9231 0.87066792
0.951 0.9315 0.8858565
0.949 0.9128 0.8662472
0.9493 0.9412 0.89348116
0.9479 0.9231 0.87500649
0.9511 0.8729 0.83021519
0.9489 0.968 0.9185352
0.9422 0.9515 0.8965033
0.9441 0.9407 0.88811487
0.9528 0.9385 0.8942028
0.9491 0.9323 0.88484593
0.9569 0.9615 0.92005935
0.9514 0.9172 0.87262408
0.9372 0.9048 0.84797856
0.937 0.9308 0.8721596
0.9415 0.9272 0.8729588
0.9509 0.9174 0.87235566
0.9481 0.9375 0.88884375
0.9478 0.9316 0.88297048
0.9571 0.9441 0.90359811
0.9511 0.9441 0.89793351
0.9541 0.9128 0.87090248
0.9472 0.9225 0.873792
0.9452 0.9245 0.8738374
0.9503 0.9012 0.85641036
0.9496 0.9173 0.87106808
0.9391 0.9293 0.87270563
0.9552 0.925 0.88356
0.9571 0.9401 0.89976971
0.943 0.9244 0.8717092
0.9531 0.9449 0.90058419
0.9441 0.9259 0.87414219
0.9472 0.9375 0.888
0.9484 0.9359 0.88760756
0.9468 0.95 0.89946
0.9508 0.9483 0.90164364
0.9572 0.9333 0.89335476
0.9407 0.9558 0.89912106
0.9518 0.9313 0.88641134
0.9135 0.9128 0.8338428
0.9559 0.9277 0.88678843
0.9483 0.913 0.8657979
0.9503 0.9098 0.86458294
0.9464 0.958 0.9066512
0.9464 0.9225 0.873054
0.9501 0.9383 0.89147883
0.9457 0.8819 0.83401283
0.9518 0.9741 0.92714838
0.9472 0.938 0.8884736
0.9458 0.9365 0.8857417
0.9469 0.97 0.918493
0.9471 0.9365 0.88695915
0.9251 0.9159 0.84729909
0.9464 0.9167 0.86756488
0.9539 0.8988 0.85736532
0.9478 0.9402 0.89112156
0.9476 0.9321 0.88325796
0.9444 0.9238 0.87243672
0.95 0.9548 0.90706
0.9437 0.9279 0.87565923
0.955 0.9449 0.9023795
0.9517 0.9449 0.89926133
0.9558 0.9339 0.89262162
0.934 0.9167 0.8561978
0.9442 0.907 0.8563894
0.9501 0.9143 0.86867643
0.952 0.962 0.915824
0.9413 0.9366 0.88162158
0.9517 0.9639 0.91734363
0.947 0.9219 0.8730393
0.9376 0.9182 0.86090432
0.9439 0.9313 0.87905407
0.9502 0.9496 0.90230992
0.9556 0.9416 0.89979296
0.9517 0.9352 0.89002984
0.9493 0.9403 0.89262679
0.9537 0.9316 0.88846692
0.948 0.9507 0.9012636
0.9458 0.9238 0.87373004
0.947 0.9072 0.8591184
0.9362 0.9434 0.88321108
0.9524 0.9153 0.87173172
0.9407 0.9333 0.87795531
0.95 0.9328 0.88616
0.947 0.9315 0.8821305
0.9475 0.9272 0.878522
0.934 0.9194 0.8587196
0.9483 0.9167 0.86930661
0.9521 0.9379 0.89297459
0.9416 0.9426 0.88755216
0.9512 0.9507 0.90430584
0.9482 0.9398 0.89111836
0.9419 0.9197 0.86626543
0.9373 0.9178 0.86025394
0.9473 0.9536 0.90334528
0.9446 0.9375 0.8855625
0.9454 0.9364 0.88527256
0.9398 0.9333 0.87711534
0.9345 0.913 0.8531985
0.945 0.9272 0.876204
0.9438 0.8992 0.84866496
0.9446 0.9037 0.85363502
0.9486 0.9264 0.87878304
0.9444 0.9524 0.89944656
0.9489 0.9381 0.89016309
0.947 0.9016 0.8538152
0.9391 0.9286 0.87204826
0.952 0.8942 0.8512784
0.9503 0.9077 0.86258731
0.9476 0.9225 0.874161
0.9459 0.9417 0.89075403
0.9504 0.938 0.8914752
0.9471 0.9333 0.88392843
0.9432 0.936 0.8828352
0.93 0.8769 0.815517
0.9437 0.9494 0.89594878
0.9554 0.9338 0.89215252
0.9485 0.931 0.8830535
0.9429 0.9016 0.85011864
0.952 0.9333 0.8885016
0.9469 0.9216 0.87266304
0.9426 0.8941 0.84277866
0.9442 0.9308 0.87886136
0.9425 0.9375 0.88359375
0.9387 0.9161 0.85994307
0.9446 0.9211 0.87007106
0.9392 0.949 0.8913008
0.9466 0.9076 0.85913416
0.945 0.9245 0.8736525
0.9474 0.9483 0.89841942
0.947 0.9565 0.9058055
0.9428 0.9091 0.85709948
0.9356 0.8952 0.83754912
0.948 0.9474 0.8981352
0.9501 0.9065 0.86126565
0.9441 0.9204 0.86894964
0.9426 0.8978 0.84626628
0.9471 0.9469 0.89680899
0.9475 0.9344 0.885344
0.9474 0.9124 0.86440776
0.9485 0.9067 0.86000495
0.9403 0.918 0.8631954
0.9436 0.9023 0.85141028
0.9435 0.9403 0.88717305
0.9375 0.9295 0.87140625
0.9413 0.9219 0.86778447
0.9536 0.9545 0.9102112
0.9521 0.92 0.875932
0.9426 0.9385 0.8846301
0.9355 0.9118 0.8529889
0.9448 0.9208 0.86997184
0.9394 0.9481 0.89064514
0.9464 0.9412 0.89075168
0.9497 0.9118 0.86593646
0.9486 0.9389 0.89064054
0.9443 0.928 0.8763104
0.9514 0.9191 0.87443174
0.948 0.8644 0.8194512
0.9473 0.9308 0.88174684
0.9331 0.916 0.8547196
0.9507 0.8992 0.85486944
0.9348 0.9538 0.89161224
0.9453 0.9 0.85077
0.946 0.9358 0.8852668
0.9459 0.9147 0.86521473
0.9363 0.9457 0.88545891
0.9444 0.9257 0.87423108
0.9187 0.9018 0.82848366
0.9467 0.948 0.8974716
0.9468 0.8931 0.84558708
0.9274 0.9099 0.84384126
0.9389 0.9225 0.86613525
0.948 0.9265 0.878322
0.9445 0.9276 0.8761182
0.9497 0.9398 0.89252806
0.9457 0.9241 0.87392137
0.9528 0.8824 0.84075072
0.9493 0.9459 0.89794287
0.939 0.934 0.877026
0.9473 0.9381 0.88866213
0.9501 0.964 0.9158964
0.9525 0.9403 0.89563575
0.9395 0.9457 0.88848515
0.9523 0.9444 0.89935212
0.9469 0.9338 0.88421522
0.9497 0.9091 0.86337227
0.941 0.8923 0.8396543
0.9452 0.903 0.8535156
0.9533 0.9205 0.87751265
0.9456 0.9431 0.89179536
0.9411 0.8836 0.83155596
0.9489 0.928 0.8805792
0.9491 0.912 0.8655792
0.9466 0.9254 0.87598364
0.9499 0.9366 0.88967634
0.9478 0.9161 0.86827958
0.9501 0.9147 0.86905647
0.943 0.9381 0.8846283
0.9442 0.9712 0.91700704
0.9492 0.9211 0.87430812
0.9383 0.9417 0.88359711
0.936 0.9649 0.9031464
0.9491 0.9351 0.88750341
0.9462 0.968 0.9159216
0.9371 0.9417 0.88246707
0.9471 0.928 0.8789088
0.9423 0.9512 0.89631576
0.9456 0.9217 0.87155952
0.9449 0.9213 0.87053637
0.9481 0.9154 0.86789074
0.9407 0.9375 0.88190625
0.945 0.9194 0.868833
0.9458 0.918 0.8682444
0.9398 0.898 0.8439404
0.9454 0.918 0.8678772
0.9419 0.9517 0.89640623
0.9466 0.9268 0.87730888
0.9432 0.9138 0.86189616
0.9376 0.9403 0.88162528
0.9493 0.938 0.8904434
0.9465 0.9328 0.8828952
0.9502 0.9333 0.88682166
0.9451 0.9179 0.86750729
0.9466 0.9344 0.88450304
0.9422 0.9084 0.85589448
0.9452 0.947 0.8951044
0.9446 0.9431 0.89085226
0.9395 0.9444 0.8872638
0.9367 0.9404 0.88087268
0.9424 0.9189 0.86597136
0.9483 0.9268 0.87888444
0.9443 0.9343 0.88225949
0.944 0.94 0.88736
0.9472 0.9186 0.87009792
0.943 0.92 0.86756
0.9395 0.927 0.8709165
0.943 0.9225 0.8699175
0.9355 0.9464 0.8853572
0.9424 0.9182 0.86531168
0.9431 0.9236 0.87104716
0.9504 0.9384 0.89185536
0.9373 0.9274 0.86925202
0.9438 0.8843 0.83460234
0.9369 0.9 0.84321
0.9402 0.9462 0.88961724
0.9445 0.9492 0.8965194
0.948 0.916 0.868368
0.9459 0.9189 0.86918751
0.9467 0.9496 0.89898632
0.9441 0.9286 0.87669126
0.9399 0.9271 0.87138129
0.9374 0.9098 0.85284652
0.9415 0.9043 0.85139845
0.9402 0.9416 0.88529232
0.9458 0.9291 0.87874278
0.9448 0.9138 0.86335824
0.9459 0.9333 0.88280847
0.9471 0.9304 0.88118184
0.9427 0.9394 0.88557238
0.9453 0.9141 0.86409873
0.9462 0.9097 0.86075814
0.9335 0.9115 0.85088525
0.9449 0.9302 0.87894598
0.9311 0.9286 0.86461946
0.9465 0.9301 0.88033965
0.9497 0.9055 0.85995335
0.95 0.9474 0.90003
0.9407 0.9392 0.88350544
0.9526 0.947 0.9021122
0.9376 0.9211 0.86362336
0.9366 0.9455 0.8855553
0.9462 0.9032 0.85460784
0.9473 0.9388 0.88932524
0.941 0.929 0.874189
0.9313 0.8952 0.83369976
0.9401 0.9286 0.87297686
0.9537 0.9147 0.87234939
0.9445 0.9355 0.88357975
0.9473 0.9381 0.88866213
0.9441 0.9035 0.85299435
0.9392 0.9358 0.87890336
0.9406 0.9118 0.85763908
0.9539 0.9402 0.89685678
0.9483 0.9104 0.86333232
0.9488 0.9343 0.88646384
0.943 0.9301 0.8770843
0.9363 0.8931 0.83620953
0.9263 0.8867 0.82135021
0.9439 0.908 0.8570612
0.9333 0.9154 0.85434282
0.9452 0.9265 0.8757278
0.9416 0.9187 0.86504792
0.9432 0.9265 0.8738748
0.9404 0.9262 0.87099848
0.9452 0.9398 0.88829896
0.9424 0.9371 0.88312304
0.9401 0.8898 0.83650098
0.9368 0.9268 0.86822624
0.9409 0.9159 0.86177031
0.9374 0.9365 0.8778751
0.9375 0.9032 0.84675
0.9437 0.9322 0.87971714
0.9456 0.9304 0.87978624
0.9413 0.9322 0.87747986
0.9422 0.9375 0.8833125
0.9374 0.8992 0.84291008
0.9374 0.9008 0.84440992
0.939 0.9304 0.8736456
0.9407 0.9322 0.87692054
0.9475 0.944 0.89444
0.9383 0.9391 0.88115753
0.9429 0.9365 0.88302585
0.9363 0.904 0.8464152
0.9321 0.9189 0.85650669
0.9415 0.8992 0.8465968
0.9472 0.915 0.866688
0.9431 0.9189 0.86661459
0.9439 0.925 0.8731075
0.9408 0.9259 0.87108672
0.9461 0.9281 0.87807541
0.9402 0.9185 0.8635737
0.9494 0.9178 0.87135932
0.9369 0.9155 0.85773195
0.9412 0.9339 0.87898668
0.9437 0.92 0.868204
0.9395 0.881 0.8276995
0.9406 0.9091 0.85509946
0.9401 0.9344 0.87842944
0.9429 0.9255 0.87265395
0.9377 0.9304 0.87243608
0.943 0.9187 0.8663341
0.9497 0.9297 0.88293609
0.9408 0.9167 0.86243136
0.9439 0.9182 0.86668898
0.9407 0.9333 0.87795531
0.9404 0.916 0.8614064
0.9391 0.9291 0.87251781
0.9365 0.95 0.889675
0.9445 0.913 0.8623285
0.9437 0.942 0.8889654
0.9433 0.9209 0.86868497
0.9382 0.9107 0.85441874
0.943 0.9065 0.8548295
0.9439 0.9333 0.88094187
0.944 0.932 0.879808
0.9382 0.8837 0.82908734
0.9432 0.9417 0.88821144
0.9502 0.9007 0.85584514
0.9404 0.9365 0.8806846
0.9383 0.9315 0.87402645
0.9461 0.9406 0.88990166
0.9387 0.8917 0.83703879
0.9398 0.9138 0.85878924
0.9263 0.9254 0.85719802
0.9415 0.9254 0.8712641
0.9415 0.925 0.8708875
0.9379 0.9339 0.87590481
0.9455 0.8919 0.84329145
0.9421 0.9071 0.85457891
0.9432 0.9474 0.89358768
0.9502 0.9124 0.86696248
0.9426 0.9123 0.85993398
0.9509 0.9489 0.90230901
0.9386 0.925 0.868205
0.941 0.9353 0.8801173
0.9428 0.9244 0.87152432
0.943 0.9315 0.8784045
0.9432 0.9206 0.86830992
0.9374 0.9408 0.88190592
0.9445 0.8952 0.8455164
0.9278 0.945 0.876771
0.9422 0.9237 0.87031014
0.9427 0.9 0.84843
0.9458 0.931 0.8805398
0.9442 0.9167 0.86554814
0.9393 0.9048 0.84987864
0.9443 0.9259 0.87432737
0.9453 0.9124 0.86249172
0.9379 0.9286 0.87093394
0.946 0.9423 0.8914158
0.9399 0.9217 0.86630583
0.9436 0.9187 0.86688532
0.9409 0.9134 0.85941806
0.9389 0.9225 0.86613525
0.9391 0.942 0.8846322
0.9421 0.9214 0.86805094
0.9463 0.9231 0.87352953
0.9416 0.9221 0.86824936
0.9518 0.9161 0.87194398
0.9385 0.9194 0.8628569
0.9422 0.9453 0.89066166
0.9417 0.9286 0.87446262
0.9459 0.9256 0.87552504
0.9471 0.8828 0.83609988
0.9436 0.9403 0.88726708
0.94 0.9299 0.874106
0.9466 0.9052 0.85686232
0.9407 0.9426 0.88670382
0.9351 0.9223 0.86244273
0.9372 0.906 0.8491032
0.9405 0.9237 0.86873985
0.9444 0.9187 0.86762028
0.936 0.9452 0.8847072
0.939 0.9492 0.8912988
0.9357 0.9063 0.84802491
0.9407 0.9145 0.86027015
0.9457 0.9248 0.87458336
0.9397 0.9273 0.87138381
0.9373 0.935 0.8763755
0.9411 0.9058 0.85244838
0.9381 0.9024 0.84654144
0.9436 0.9174 0.86565864
0.9395 0.9298 0.8735471
0.9366 0.9346 0.87534636
0.9437 0.9338 0.88122706
0.9389 0.9155 0.85956295
0.9459 0.9407 0.88980813
0.9296 0.9262 0.86099552
0.9401 0.9015 0.84750015
0.9438 0.9111 0.85989618
0.9466 0.9318 0.88204188
0.9447 0.9441 0.89189127
0.9421 0.913 0.8601373
0.94 0.9098 0.855212
0.9442 0.9211 0.86970262
0.9416 0.9324 0.87794784
0.9412 0.9206 0.86646872
0.934 0.9385 0.876559
0.9391 0.9379 0.88078189
0.9437 0.9346 0.88198202
0.941 0.9185 0.8643085
0.9397 0.9453 0.88829841
0.9387 0.9244 0.86773428
0.9182 0.9041 0.83014462
0.9438 0.9197 0.86801286
0.9283 0.9244 0.85812052
0.9418 0.9333 0.87898194
0.9505 0.9402 0.8936601
0.9408 0.9083 0.85452864
0.9401 0.9493 0.89243693
0.943 0.9342 0.8809506
0.9388 0.9174 0.86125512
0.9442 0.9058 0.85525636
0.94 0.9012 0.847128
0.9456 0.9137 0.86399472
0.9488 0.907 0.8605616
0.939 0.9043 0.8491377
0.9445 0.9265 0.87507925
0.9482 0.9462 0.89718684
0.9448 0.9205 0.8696884
0.9446 0.91 0.859586
0.9406 0.9231 0.86826786
0.9379 0.9478 0.88894162
0.9325 0.907 0.8457775
0.943 0.916 0.863788
0.9449 0.9248 0.87384352
0.9326 0.9316 0.86881016
0.9388 0.9554 0.89692952
0.9367 0.9103 0.85267801
0.9435 0.9302 0.8776437
0.9463 0.9173 0.86804099
0.9415 0.9333 0.87870195
0.9414 0.944 0.8886816
0.9363 0.9153 0.85699539
0.9429 0.9191 0.86661939
0.9426 0.9063 0.85427838
0.9429 0.9128 0.86067912
0.9385 0.9357 0.87815445
0.9502 0.9524 0.90497048
0.9388 0.9124 0.85656112
0.9285 0.8991 0.83481435
0.9441 0.9098 0.85894218
0.9422 0.8897 0.83827534
0.9392 0.9189 0.86303088
0.9458 0.9209 0.87098722
0.9478 0.9481 0.89860918
0.9411 0.9453 0.88962183
0.9395 0.9302 0.8739229
0.9436 0.938 0.8850968
0.9392 0.931 0.8743952
0.9247 0.9386 0.86792342
0.9389 0.9323 0.87533647
0.9391 0.9182 0.86228162
0.9475 0.9388 0.889513
0.9341 0.9209 0.86021269
0.943 0.8921 0.8412503
0.938 0.9147 0.8579886
0.9415 0.9412 0.8861398
0.9421 0.9156 0.86258676
0.9345 0.936 0.874692
0.9404 0.9338 0.87814552
0.9379 0.9375 0.87928125
0.9323 0.9032 0.84205336
0.9462 0.9106 0.86160972
0.9461 0.9248 0.87495328
0.9397 0.9167 0.86142299
0.9372 0.8917 0.83570124
0.9343 0.9316 0.87039388
0.9354 0.9167 0.85748118
0.9402 0.9106 0.85614612
0.9422 0.9083 0.85580026
0.9408 0.935 0.879648
0.9465 0.9429 0.89245485
0.935 0.9375 0.8765625
0.9411 0.906 0.8526366
0.941 0.9098 0.8561218
0.9445 0.927 0.8755515
0.9389 0.9339 0.87683871
0.9416 0.9145 0.8610932
0.9426 0.9371 0.88331046
0.9412 0.9365 0.8814338
0.9326 0.9111 0.84969186
0.9418 0.9244 0.87059992
0.9403 0.9107 0.85633121
0.9405 0.9398 0.8838819
0.941 0.9396 0.8841636
0.9351 0.904 0.8453304
0.9399 0.9242 0.86865558
0.9371 0.9385 0.87946835
0.9425 0.9197 0.86681725
0.9398 0.9111 0.85625178
0.9474 0.9236 0.87501864
0.9399 0.9286 0.87279114
0.9353 0.9083 0.84953299
0.9339 0.9302 0.86871378
0.9493 0.9357 0.88826001
0.9472 0.9134 0.86517248
0.9418 0.9055 0.8527999
0.9364 0.9272 0.86823008
0.9428 0.9016 0.85002848
0.9383 0.9037 0.84794171
0.9401 0.9118 0.85718318
0.9389 0.9369 0.87965541
0.9394 0.9351 0.87843294
0.9359 0.9219 0.86280621
0.9331 0.9 0.83979
0.9417 0.9248 0.87088416
0.9369 0.9302 0.87150438
0.9391 0.9339 0.87702549
0.9402 0.92 0.864984
0.9363 0.9079 0.85006677
0.9405 0.9068 0.8528454
0.9433 0.9262 0.87368446
0.9413 0.9172 0.86336036
0.9447 0.9161 0.86543967
0.9327 0.9375 0.87440625
0.9353 0.9194 0.85991482
0.9479 0.9308 0.88230532
0.9382 0.9141 0.85760862
0.9442 0.9185 0.8672477
0.9475 0.9298 0.8809855
0.9367 0.9191 0.86092097
0.9445 0.9407 0.88849115
0.939 0.9389 0.8816271
0.9405 0.9167 0.86215635
0.9456 0.9268 0.87638208
0.9375 0.9292 0.871125
0.9394 0.9068 0.85184792
0.9392 0.9429 0.88557168
0.9397 0.9417 0.88491549
0.9453 0.9247 0.87411891
0.9369 0.9304 0.87169176
0.9397 0.896 0.8419712
0.9269 0.9256 0.85793864
0.9382 0.9254 0.86821028
0.938 0.9118 0.8552684
0.9451 0.9324 0.88121124
0.9413 0.9173 0.86345449
0.937 0.9178 0.8599786
0.9401 0.9209 0.86573809
0.9352 0.9286 0.86842672
0.9387 0.9426 0.88481862
0.9441 0.9134 0.86234094
0.9387 0.9139 0.85787793
0.9398 0.9137 0.85869526
0.9392 0.9403 0.88312976
0.9434 0.9137 0.86198458
0.9408 0.907 0.8533056
0.9408 0.9333 0.87804864
0.937 0.9 0.8433
0.9373 0.9107 0.85359911
0.9414 0.9185 0.8646759
0.939 0.9159 0.8600301
0.9406 0.8912 0.83826272
0.9339 0.9424 0.88010736
0.9368 0.9104 0.85286272
0.9381 0.9275 0.87008775
0.941 0.9177 0.8635557
0.9451 0.9306 0.87951006
0.9351 0.8976 0.83934576
0.9378 0.9127 0.85593006
0.9365 0.9185 0.86017525
0.9429 0.9313 0.87812277
0.9342 0.9 0.84078
0.9351 0.9185 0.85888935
0.9351 0.9146 0.85524246
0.9347 0.8968 0.83823896
0.9316 0.9206 0.85763096
0.9323 0.913 0.8511899
0.9423 0.92 0.866916
0.9455 0.9333 0.88243515
0.9431 0.9244 0.87180164
0.9368 0.9143 0.85651624
0.9367 0.9134 0.85558178
0.9444 0.9323 0.88046412
0.9313 0.9187 0.85558531
0.9415 0.9302 0.8757833
0.938 0.9298 0.8721524
0.9428 0.9231 0.87029868
0.9299 0.9286 0.86350514
0.9331 0.9091 0.84828121
0.9347 0.937 0.8758139
0.9351 0.9115 0.85234365
0.9412 0.9444 0.88886928
0.9384 0.9286 0.87139824
0.9409 0.9379 0.88247011
0.9365 0.9449 0.88489885
0.9353 0.9048 0.84625944
0.9333 0.9187 0.85742271
0.9399 0.9173 0.86217027
0.9354 0.9225 0.8629065
0.9397 0.9195 0.86405415
0.9346 0.9302 0.86936492
0.9373 0.9189 0.86128497
0.9444 0.9231 0.87177564
0.9265 0.9 0.83385
0.9388 0.9174 0.86125512
0.937 0.9225 0.8643825
0.9391 0.9013 0.84641083
0.9316 0.9297 0.86610852
0.944 0.9478 0.8947232
0.9407 0.9262 0.87127634
0.9411 0.9298 0.87503478
0.9447 0.9209 0.86997423
0.9318 0.937 0.8730966
0.9324 0.916 0.8540784
0.9419 0.9225 0.86890275
0.9401 0.9318 0.87598518
0.9338 0.9 0.84042
0.9376 0.9459 0.88687584
0.942 0.95 0.8949
0.937 0.936 0.877032
0.9386 0.922 0.8653892
0.939 0.925 0.868575
0.9333 0.9286 0.86666238
0.9427 0.9024 0.85069248
0.9382 0.907 0.8509474
0.9404 0.9147 0.86018388
0.9379 0.9318 0.87393522
0.9378 0.9155 0.8585559
0.9418 0.9298 0.87568564
0.935 0.9137 0.8543095
0.9435 0.9187 0.86679345
0.938 0.9398 0.8815324
0.9415 0.9127 0.85930705
0.9464 0.935 0.884884
0.9308 0.9123 0.84916884
0.9388 0.9016 0.84642208
0.9342 0.9209 0.86030478
0.9299 0.9297 0.86452803
0.9433 0.9203 0.86811899
0.9375 0.9024 0.846
0.9437 0.9291 0.87679167
0.9316 0.9204 0.85744464
0.9371 0.9054 0.84845034
0.9379 0.9206 0.86343074
0.9414 0.9348 0.88002072
0.9425 0.9357 0.88189725
0.9451 0.9145 0.86429395
0.9385 0.9155 0.85919675
0.9292 0.9211 0.85588612
0.9422 0.9304 0.87662288
0.9384 0.927 0.8698968
0.9358 0.9281 0.86851598
0.9404 0.9211 0.86620244
0.9361 0.8993 0.84183473
0.9364 0.9078 0.85006392
0.9411 0.944 0.8883984
0.939 0.9355 0.8784345
0.9267 0.9167 0.84950589
0.9358 0.9115 0.8529817
0.944 0.9429 0.8900976
0.9385 0.9364 0.8788114
0.9399 0.9034 0.84910566
0.9451 0.9302 0.87913202
0.9332 0.9111 0.85023852
0.935 0.8976 0.839256
0.9361 0.9357 0.87590877
0.9365 0.9281 0.86916565
0.9329 0.9091 0.84809939
0.938 0.9068 0.8505784
0.9399 0.9357 0.87946443
0.9347 0.9194 0.85936318
0.9367 0.9256 0.86700952
0.936 0.9259 0.8666424
0.9426 0.9506 0.89603556
0.94 0.918 0.86292
0.9406 0.9297 0.87447582
0.938 0.9304 0.8727152
0.944 0.9302 0.8781088
0.9329 0.9141 0.85276389
0.9332 0.906 0.8454792
0.94 0.9111 0.856434
0.9335 0.8923 0.83296205
0.9341 0.9256 0.86460296
0.9367 0.9106 0.85295902
0.936 0.9141 0.8555976
0.9316 0.9224 0.85930784
0.9287 0.916 0.8506892
0.9392 0.9318 0.87514656
0.9356 0.9106 0.85195736
0.9289 0.9262 0.86034718
0.9309 0.9076 0.84488484
0.9388 0.9035 0.8482058
0.9383 0.9538 0.89495054
0.9364 0.9067 0.84903388
0.9385 0.9302 0.8729927
0.9345 0.8931 0.83460195
0.9331 0.9242 0.86237102
0.9414 0.9085 0.8552619
0.9358 0.9389 0.87862262
0.9337 0.9247 0.86339239
0.9394 0.9302 0.87382988
0.9416 0.92 0.866272
0.9417 0.9032 0.85054344
0.9453 0.9 0.85077
0.9418 0.9219 0.86824542
0.9334 0.9407 0.87804938
0.9404 0.9189 0.86413356
0.9303 0.9048 0.84173544
0.937 0.9225 0.8643825
0.9325 0.9187 0.85668775
0.9402 0.928 0.8725056
0.9441 0.9396 0.88707636
0.9354 0.9055 0.8470047
0.9311 0.9098 0.84711478
0.9332 0.9134 0.85238488
0.9336 0.9256 0.86414016
0.9344 0.8983 0.83937152
0.9376 0.9103 0.85349728
0.9386 0.9301 0.87299186
0.9256 0.8943 0.82776408
0.9416 0.8993 0.84678088
0.9397 0.9221 0.86649737
0.9338 0.9141 0.85358658
0.9388 0.9316 0.87458608
0.9372 0.935 0.876282
0.939 0.9024 0.8473536
0.9375 0.916 0.85875
0.9165 0.9097 0.83374005
0.9463 0.8992 0.85091296
0.9342 0.9281 0.86703102
0.931 0.9127 0.8497237
0.9391 0.9308 0.87411428
0.9409 0.8984 0.84530456
0.9364 0.9231 0.86439084
0.9391 0.9091 0.85373581
0.9398 0.9174 0.86217252
0.9242 0.9167 0.84721414
0.9349 0.952 0.8900248
0.9422 0.916 0.8630552
0.9315 0.9328 0.8689032
0.9427 0.9297 0.87642819
0.9388 0.9402 0.88265976
0.9357 0.9389 0.87852873
0.9356 0.904 0.8457824
0.937 0.9252 0.8669124
0.9342 0.9262 0.86525604
0.9348 0.9388 0.87759024
0.9319 0.9137 0.85147703
0.9287 0.931 0.8646197
0.9339 0.913 0.8526507
0.9347 0.9008 0.84197776
0.9385 0.9214 0.8647339
0.9391 0.9306 0.87392646
0.9413 0.9051 0.85197063
0.941 0.9291 0.8742831
0.9334 0.9225 0.8610615
0.9398 0.935 0.878713
0.9382 0.9344 0.87665408
0.9299 0.9204 0.85587996
0.9433 0.913 0.8612329
0.9464 0.8739 0.82705896
0.9466 0.9197 0.87058802
0.939 0.9291 0.8724249
0.9268 0.9007 0.83476876
0.9371 0.9231 0.86503701
0.9411 0.9357 0.88058727
0.9371 0.9143 0.85679053
0.9326 0.912 0.8505312
0.9348 0.8908 0.83271984
0.9324 0.9197 0.85752828
0.9374 0.9213 0.86362662
0.9371 0.9194 0.86156974
0.9364 0.9318 0.87253752
0.9306 0.9139 0.85047534
0.94 0.9147 0.859818
0.9261 0.9091 0.84191751
0.9351 0.9292 0.86889492
0.9363 0.9237 0.86486031
0.9389 0.9291 0.87233199
0.9343 0.931 0.8698333
0.942 0.9191 0.8657922
0.9394 0.9098 0.85466612
0.9343 0.9134 0.85338962
0.9364 0.9268 0.86785552
0.9397 0.9225 0.86687325
0.9342 0.8992 0.84003264
0.9371 0.912 0.8546352
0.9401 0.9015 0.84750015
0.9396 0.935 0.878526
0.9179 0.9167 0.84143893
0.9328 0.8943 0.83420304
0.9368 0.906 0.8487408
0.942 0.9333 0.8791686
0.9384 0.9276 0.87045984
0.9275 0.878 0.814345
0.938 0.9104 0.8539552
0.9405 0.9141 0.85971105
0.9369 0.9318 0.87300342
0.9029 0.9113 0.82281277
0.9337 0.9161 0.85536257
0.9353 0.9219 0.86225307
0.9336 0.9141 0.85340376
0.9361 0.9237 0.86467557
0.9351 0.9185 0.85888935
0.9421 0.9274 0.87370354
0.9379 0.9084 0.85198836
0.9347 0.9275 0.86693425
0.9337 0.9256 0.86423272
0.9387 0.9242 0.86754654
0.9373 0.9417 0.88265541
0.9325 0.9328 0.869836
0.9244 0.9161 0.84684284
0.9298 0.907 0.8433286
0.9427 0.9304 0.87708808
0.9367 0.9206 0.86232602
0.9434 0.9444 0.89094696
0.9316 0.9375 0.873375
0.9278 0.9362 0.86860636
0.9163 0.92 0.842996
0.9348 0.916 0.8562768
0.9338 0.9209 0.85993642
0.9372 0.9167 0.85913124
0.9406 0.9493 0.89291158
0.9459 0.928 0.8777952
0.9394 0.9344 0.87777536
0.9375 0.904 0.8475
0.9358 0.9167 0.85784786
0.9363 0.9342 0.87469146
0.9403 0.928 0.8725984
0.9335 0.8984 0.8386564
0.9373 0.912 0.8548176
0.9391 0.9167 0.86087297
0.9476 0.9141 0.86620116
0.935 0.927 0.866745
0.9252 0.9217 0.85275684
0.936 0.9077 0.8496072
0.9413 0.9333 0.87851529
0.9376 0.9365 0.8780624
0.9411 0.9143 0.86044773
0.9432 0.935 0.881892
0.9446 0.9323 0.88065058
0.9365 0.9256 0.8668244
0.94 0.937 0.88078
0.9358 0.936 0.8759088
0.9389 0.9189 0.86275521
0.9378 0.9185 0.8613693
0.9392 0.9329 0.87617968
0.932 0.9281 0.8649892
0.9224 0.9123 0.84150552
0.9328 0.9286 0.86619808
0.9404 0.9254 0.87024616
0.9391 0.9051 0.84997941
0.9394 0.9091 0.85400854
0.9379 0.9286 0.87093394
0.9388 0.9214 0.86501032
0.9251 0.9118 0.84350618
0.9413 0.9231 0.86891403
0.9365 0.9106 0.8527769
0.9272 0.9027 0.83698344
0.9407 0.9225 0.86779575
0.9397 0.9381 0.88153257
0.9379 0.913 0.8563027
0.9317 0.9213 0.85837521
0.9312 0.9248 0.86117376
0.9339 0.9173 0.85666647
0.9304 0.903 0.8401512
0.9335 0.9028 0.8427638
0.9363 0.9308 0.87150804