0.9368 0.8929 0.83646872
0.9611 0.9565 0.91929215
0.8856 0.9134 0.80890704
0.9195 0.9137 0.84014715
0.9463 0.9412 0.89065756
0.9477 0.9252 0.87681204
0.9442 0.9683 0.91426886
0.9744 0.9389 0.91486416
0.909 0.9208 0.8370072
0.9399 0.8923 0.83867277
0.8746 0.8824 0.77174704
0.9418 0.9423 0.88745814
0.9626 0.919 0.8846294
0.947 0.9091 0.8609177
0.9516 0.9496 0.90363936
0.9494 0.9119 0.86575786
0.9462 0.9437 0.89292894
0.8563 0.878 0.7518314
0.9502 0.9231 0.87712962
0.9338 0.9432 0.88076016
0.9163 0.8481 0.77711403
0.9594 0.9741 0.93455154
0.9448 0.9219 0.87101112
0.9262 0.9211 0.85312282
0.9302 0.9137 0.84992374
0.9464 0.9516 0.90059424
0.9209 0.9126 0.84041334
0.9421 0.964 0.9081844
0.9495 0.9358 0.8885421
0.9501 0.9383 0.89147883
0.9523 0.9535 0.90801805
0.9701 0.9742 0.94507142
0.967 0.9184 0.8880928
0.9213 0.9313 0.85800669
0.9366 0.9467 0.88667922
0.9584 0.9302 0.89150368
0.943 0.9495 0.8953785
0.9113 0.9355 0.85252115
0.9552 0.93 0.888336
0.9635 0.972 0.936522
0.9276 0.844 0.7828944
0.9255 0.9286 0.8594193
0.9605 0.9078 0.8719419
0.8797 0.8732 0.76815404
0.9546 0.9143 0.87279078
0.9413 0.9483 0.89263479
0.9401 0.9562 0.89892362
0.9595 0.9608 0.9218876
0.9404 0.9302 0.87476008
0.9801 0.9762 0.95677362
0.9702 0.969 0.9401238
0.9304 0.9519 0.88564776
0.9036 0.9412 0.85046832
0.9342 0.9437 0.88160454
0.9267 0.9386 0.86980062
0.9652 0.9412 0.90844624
0.9564 0.9597 0.91785708
0.9473 0.9565 0.90609245
0.9688 0.9641 0.93402008
0.9407 0.9524 0.89592268
0.9628 0.9703 0.93420484
0.9383 0.9417 0.88359711
0.9488 0.9574 0.90838112
0.9547 0.9209 0.87918323
0.9441 0.9454 0.89255214
0.9452 0.9241 0.87345932
0.953 0.9502 0.9055406
0.9681 0.9664 0.93557184
0.9079 0.9306 0.84489174
0.8966 0.9202 0.82505132
0.9109 0.9271 0.84449539
0.9126 0.7703 0.70297578
0.9195 0.9213 0.84713535
0.9483 0.9545 0.90515235
0.9455 0.9416 0.8902828
0.9665 0.9703 0.93779495
0.9496 0.9588 0.91047648
0.9451 0.929 0.8779979
0.9151 0.95 0.869345
0.9499 0.9173 0.87134327
0.9228 0.9315 0.8595882
0.9491 0.939 0.8912049
0.9656 0.9667 0.93344552
0.9033 0.9275 0.83781075
0.9785 0.9843 0.96313755
0.9511 0.9487 0.90230857
0.9283 0.9592 0.89042536
0.9521 0.9444 0.89916324
0.9015 0.9271 0.83578065
0.9342 0.9556 0.89272152
0.93 0.8824 0.820632
0.9383 0.9318 0.87430794
0.9591 0.96 0.920736
0.9561 0.9699 0.92732139
0.9477 0.9496 0.89993592
0.9488 0.8901 0.84452688
0.9226 0.9429 0.86991954
0.9522 0.9344 0.88973568
0.9382 0.961 0.9016102
0.948 0.9626 0.9125448
0.9545 0.963 0.9191835
0.9529 0.7982 0.76060478
0.9449 0.9518 0.89935582
0.9474 0.9403 0.89084022
0.9551 0.9231 0.88165281
0.9588 0.9437 0.90481956
0.9591 0.9337 0.89551167
0.9536 0.9426 0.89886336
0.9524 0.9237 0.87973188
0.952 0.954 0.908208
0.9445 0.9255 0.87413475
0.9456 0.9302 0.87959712
0.9562 0.9211 0.88075582
0.9478 0.9263 0.87794714
0.9528 0.9449 0.90030072
0.9553 0.9632 0.92014496
0.96 0.9643 0.925728
0.9257 0.9286 0.85960502
0.9507 0.8881 0.84431667
0.9462 0.9417 0.89103654
0.9471 0.9286 0.87947706
0.9428 0.95 0.89566
0.9256 0.9667 0.89477752
0.9389 0.9462 0.88838718
0.915 0.9408 0.860832
0.9395 0.9467 0.88942465
0.9451 0.9474 0.89538774
0.9447 0.8934 0.84399498
0.9702 0.9551 0.92663802
0.9637 0.9133 0.88014721
0.9514 0.9507 0.90449598
0.9597 0.9296 0.89213712
0.9331 0.8103 0.75609093
0.9575 0.9615 0.92063625
0.9545 0.9524 0.9090658
0.9536 0.9615 0.9168864
0.9362 0.8762 0.82029844
0.9527 0.9397 0.89525219
0.9611 0.9624 0.92496264
0.9382 0.9167 0.86004794
0.9435 0.9694 0.9146289
0.9565 0.9557 0.91412705
0.9303 0.9412 0.87559836
0.9194 0.938 0.8623972
0.9525 0.9565 0.91106625
0.9362 0.9505 0.8898581
0.9565 0.9438 0.9027447
0.9453 0.9568 0.90446304
0.9497 0.9574 0.90924278
0.9572 0.9226 0.88311272
0.9535 0.9671 0.92212985
0.9576 0.9406 0.90071856
0.9353 0.9504 0.88890912
0.9387 0.9149 0.85881663
0.9525 0.9402 0.8955405
0.9678 0.9337 0.90363486
0.954 0.9686 0.9240444
0.9357 0.8772 0.82079604
0.9589 0.9602 0.92073578
0.9459 0.9292 0.87893028
0.9345 0.9398 0.8782431
0.9504 0.9541 0.90677664
0.9524 0.95 0.90478
0.9399 0.9344 0.87824256
0.9533 0.9144 0.87169752
0.9454 0.9624 0.90985296
0.9573 0.9457 0.90531861
0.9379 0.9077 0.85133183
0.8993 0.8904 0.80073672
0.941 0.9106 0.8568746
0.9518 0.9426 0.89716668
0.9419 0.9091 0.85628129
0.9367 0.9167 0.85867289
0.9469 0.9355 0.88582495
0.9435 0.9509 0.89717415
0.949 0.8936 0.8480264
0.9595 0.9653 0.92620535
0.9614 0.9634 0.92621276
0.9486 0.9612 0.91179432
0.9207 0.8966 0.82549962
0.9408 0.9186 0.86421888
0.9235 0.8926 0.8243161
0.96 0.9412 0.903552
0.9252 0.9176 0.84896352
0.9627 0.9665 0.93044955
0.9469 0.9375 0.88771875
0.9429 0.9412 0.88745748
0.9261 0.9429 0.87321969
0.8955 0.92 0.82386
0.9455 0.9634 0.9108947
0.9565 0.9337 0.89308405
0.9416 0.9506 0.89508496
0.9535 0.9529 0.90859015
0.9604 0.9226 0.88606504
0.8982 0.8591 0.77164362
0.9673 0.9505 0.91941865
0.9383 0.9455 0.88716265
0.9617 0.9493 0.91294181
0.9728 0.9598 0.93369344
0.9412 0.9496 0.89376352
0.9413 0.9043 0.85121759
0.9537 0.9565 0.91221405
0.9461 0.9301 0.87996761
0.9599 0.9405 0.90278595
0.9383 0.8584 0.80543672
0.9545 0.9301 0.88778045
0.9522 0.9514 0.90592308
0.9499 0.9423 0.89509077
0.9448 0.9549 0.90218952
0.9537 0.9611 0.91660107
0.944 0.9076 0.8567744
0.9495 0.932 0.884934
0.96 0.9497 0.911712
0.9479 0.9615 0.91140585
0.9487 0.9417 0.89339079
0.95 0.8594 0.81643
0.9187 0.9419 0.86532353
0.9258 0.9294 0.86043852
0.9471 0.9261 0.87710931
0.9527 0.9481 0.90325487
0.9328 0.9255 0.8633064
0.9529 0.8649 0.82416321
0.9349 0.9385 0.87740365
0.9377 0.8929 0.83727233
0.9363 0.9185 0.85999155
0.921 0.9379 0.8638059
0.9411 0.9 0.84699
0.9487 0.9231 0.87574497
0.9576 0.9381 0.89832456
0.9627 0.9565 0.92082255
0.9508 0.9559 0.90886972
0.9528 0.9504 0.90554112
0.9503 0.9466 0.89955398
0.9504 0.9329 0.88662816
0.9442 0.9463 0.89349646
0.9506 0.9099 0.86495094
0.9513 0.9196 0.87481548
0.9367 0.9612 0.90035604
0.9631 0.9181 0.88422211
0.9408 0.9186 0.86421888
0.9463 0.8952 0.84712776
0.9512 0.9237 0.87862344
0.9107 0.8804 0.80178028
0.9376 0.9366 0.87815616
0.9295 0.9252 0.8599734
0.9095 0.9 0.81855
0.92 0.8919 0.820548
0.9482 0.9515 0.9022123
0.9523 0.9429 0.89792367
0.9565 0.9632 0.9213008
0.9682 0.9394 0.90952708
0.9567 0.958 0.9165186
0.9387 0.94 0.882378
0.9542 0.927 0.8845434
0.9373 0.9221 0.86428433
0.9699 0.9623 0.93333477
0.9396 0.9153 0.86001588
0.942 0.8506 0.8012652
0.9603 0.9537 0.91583811
0.9382 0.9298 0.87233836
0.9512 0.9333 0.88775496
0.9501 0.8947 0.85005447
0.9422 0.9274 0.87379628
0.9369 0.9552 0.89492688
0.9513 0.9714 0.92409282
0.9529 0.9485 0.90382565
0.9536 0.9645 0.9197472
0.9424 0.8992 0.84740608
0.9416 0.9383 0.88350328
0.9478 0.9352 0.88638256
0.9612 0.9389 0.90247068
0.9591 0.9565 0.91737915
0.9418 0.8762 0.82520516
0.9477 0.9298 0.88117146
0.9625 0.9353 0.90022625
0.9486 0.9236 0.87612696
0.945 0.9453 0.8933085
0.945 0.929 0.877905
0.9592 0.9282 0.89032944
0.9431 0.9123 0.86039013
0.9304 0.9375 0.87225
0.9601 0.9195 0.88281195
0.9513 0.9357 0.89013141
0.936 0.9604 0.8989344
0.9371 0.9041 0.84723211
0.9557 0.9677 0.92483089
0.9176 0.8889 0.81565464
0.9527 0.9401 0.89563327
0.921 0.9 0.8289
0.941 0.9167 0.8626147
0.9684 0.9508 0.92075472
0.9437 0.9175 0.86584475
0.9387 0.9048 0.84933576
0.954 0.9156 0.8734824
0.9418 0.9213 0.86768034
0.9658 0.9492 0.91673736
0.953 0.9518 0.9070654
0.9374 0.896 0.8399104
0.9626 0.9636 0.92756136
0.9535 0.9051 0.86301285
0.9475 0.9623 0.91177925
0.9548 0.9431 0.90047188
0.944 0.9185 0.867064
0.9468 0.9467 0.89633556
0.9505 0.9154 0.8700877
0.9444 0.9394 0.88716936
0.943 0.942 0.888306
0.9445 0.9439 0.89151355
0.9525 0.9597 0.91411425
0.9434 0.9248 0.87245632
0.934 0.9365 0.874691
0.9443 0.9123 0.86148489
0.9579 0.9467 0.90684393
0.9464 0.9619 0.91034216
0.9569 0.96 0.918624
0.933 0.8986 0.8383938
0.9135 0.9451 0.86334885
0.9264 0.96 0.889344
0.915 0.942 0.86193
0.924 0.8705 0.804342
0.9481 0.9474 0.89822994
0.9462 0.8649 0.81836838
0.8949 0.898 0.8036202
0.9269 0.927 0.8592363
0.9393 0.9474 0.88989282
0.9518 0.943 0.8975474
0.9494 0.8824 0.83775056
0.9507 0.9429 0.89641503
0.9565 0.9606 0.9188139
0.9563 0.9404 0.89930452
0.944 0.931 0.878864
0.9493 0.9551 0.90667643
0.9598 0.9318 0.89434164
0.9546 0.9412 0.89846952
0.932 0.9404 0.8764528
0.951 0.9389 0.8928939
0.9507 0.9191 0.87378837
0.9349 0.9304 0.86983096
0.9607 0.9422 0.90517154
0.9336 0.9314 0.86955504
0.932 0.8673 0.8083236
0.9453 0.9174 0.86721822
0.9092 0.8667 0.78800364
0.9161 0.9058 0.82980338
0.95 0.9557 0.907915
0.9391 0.8776 0.82415416
0.9496 0.913 0.8669848
0.9444 0.945 0.892458
0.9422 0.9623 0.90667906
0.9576 0.9401 0.90023976
0.9508 0.9511 0.90430588
0.9447 0.9441 0.89189127
0.9421 0.9208 0.86748568
0.9518 0.9012 0.85776216
0.9401 0.9161 0.86122561
0.9628 0.9657 0.92977596
0.9409 0.9479 0.89187911
0.9406 0.9528 0.89620368
0.9561 0.9397 0.89844717
0.9516 0.936 0.8906976
0.9491 0.9669 0.91768479
0.9512 0.936 0.8903232
0.9556 0.89 0.850484
0.9448 0.9407 0.88877336
0.9604 0.8654 0.83113016
0.9447 0.9143 0.86373921
0.9416 0.9471 0.89178936
0.9495 0.9515 0.90344925
0.9501 0.949 0.9016449
0.9371 0.9145 0.85697795
0.9555 0.9565 0.91393575
0.9489 0.8682 0.82383498
0.9313 0.9487 0.88352431
0.8693 0.8901 0.77376393
0.9421 0.9324 0.87841404
0.9523 0.9237 0.87963951
0.9584 0.9665 0.9262936
0.9487 0.9451 0.89661637
0.9684 0.9677 0.93712068
0.9392 0.9091 0.85382672
0.9489 0.9615 0.91236735
0.9458 0.9346 0.88394468
0.9297 0.9297 0.86434209
0.9413 0.952 0.8961176
0.9562 0.9431 0.90179222
0.944 0.9408 0.8881152
0.9438 0.9259 0.87386442
0.9286 0.8933 0.82951838
0.9336 0.9462 0.88337232
0.9464 0.9158 0.86671312
0.9537 0.9552 0.91097424
0.9359 0.9247 0.86542673
0.9381 0.9487 0.88997547
0.9555 0.9574 0.9147957
0.9524 0.9558 0.91030392
0.9605 0.9396 0.9024858
0.9368 0.9366 0.87740688
0.9544 0.9224 0.88033856
0.9476 0.8955 0.8485758
0.9577 0.9306 0.89123562
0.9485 0.9592 0.9098012
0.9564 0.9565 0.9147966
0.9356 0.9398 0.87927688
0.9535 0.8873 0.84604055
0.9472 0.8992 0.85172224
0.9573 0.9571 0.91623183
0.9585 0.9394 0.9004149
0.9173 0.9184 0.84244832
0.9471 0.9259 0.87691989
0.9543 0.9624 0.91841832
0.9461 0.9375 0.88696875
0.9432 0.9266 0.87396912
0.9383 0.9447 0.88641201
0.9454 0.9024 0.85312896
0.9503 0.9423 0.89546769
0.9484 0.9576 0.90818784
0.9506 0.9444 0.89774664
0.9252 0.8621 0.79761492
0.9548 0.9296 0.88758208
0.95 0.9565 0.908675
0.914 0.9219 0.8426166
0.95 0.8879 0.843505
0.9515 0.9441 0.89831115
0.9308 0.8829 0.82180332
0.948 0.951 0.901548
0.955 0.9255 0.8838525
0.9512 0.9333 0.88775496
0.9168 0.9222 0.84547296
0.9388 0.925 0.86839
0.96 0.9407 0.903072
0.9335 0.932 0.870022
0.9318 0.908 0.8460744
0.9574 0.9078 0.86912772
0.9443 0.913 0.8621459
0.9449 0.9161 0.86562289
0.9357 0.9516 0.89041212
0.949 0.9098 0.8634002
0.9202 0.9492 0.87345384
0.9544 0.9184 0.87652096
0.9552 0.9245 0.8830824
0.941 0.8947 0.8419127
0.9187 0.9115 0.83739505
0.9343 0.9381 0.87646683
0.9353 0.9412 0.88030436
0.9411 0.9298 0.87503478
0.948 0.9293 0.8809764
0.9247 0.8904 0.82335288
0.9265 0.9279 0.85969935
0.9533 0.9615 0.91659795
0.9557 0.9244 0.88344908
0.9575 0.9538 0.9132635
0.9468 0.8921 0.84464028
0.9476 0.918 0.8698968
0.948 0.9126 0.8651448
0.9478 0.9338 0.88505564
0.9278 0.922 0.8554316
0.9425 0.9135 0.86097375
0.9371 0.9043 0.84741953
0.9504 0.9156 0.87018624
0.9491 0.937 0.8893067
0.9522 0.9528 0.90725616
0.9421 0.9389 0.88453769
0.947 0.9238 0.8748386
0.9281 0.8696 0.80707576
0.9514 0.9188 0.87414632
0.9295 0.9537 0.88646415
0.9497 0.9645 0.91598565
0.9541 0.9223 0.87996643
0.9348 0.9367 0.87562716
0.9424 0.9358 0.88189792
0.938 0.9149 0.8581762
0.953 0.963 0.917739
0.9396 0.9213 0.86565348
0.9311 0.9604 0.89422844
0.9447 0.9655 0.91210785
0.9434 0.9558 0.90170172
0.9617 0.9649 0.92794433
0.9498 0.9509 0.90316482
0.959 0.9421 0.9034739
0.9397 0.9091 0.85428127
0.9443 0.9208 0.86951144
0.9463 0.9333 0.88318179
0.9542 0.937 0.8940854
0.9434 0.9203 0.86821102
0.9632 0.8651 0.83326432
0.9277 0.9127 0.84671179
0.9534 0.9115 0.8690241
0.9577 0.9532 0.91287964
0.9391 0.8925 0.83814675
0.9406 0.9091 0.85509946
0.9503 0.942 0.8951826
0.9473 0.9483 0.89832459
0.9428 0.9405 0.8867034
0.9582 0.9615 0.9213093
0.9573 0.9516 0.91096668
0.9562 0.9355 0.8945251
0.9367 0.9197 0.86148299
0.9433 0.9323 0.87943859
0.9504 0.9556 0.90820224
0.9481 0.9333 0.88486173
0.9512 0.9612 0.91429344
0.9234 0.9195 0.8490663
0.9481 0.913 0.8656153
0.9523 0.9514 0.90601822
0.9345 0.9379 0.87646755
0.9451 0.9203 0.86977553
0.9445 0.9268 0.8753626
0.9362 0.9712 0.90923744
0.9469 0.9355 0.88582495
0.9558 0.9375 0.8960625
0.9353 0.9237 0.86393661
0.9509 0.9344 0.88852096
0.9429 0.9409 0.88717461
0.9548 0.9161 0.87469228
0.9473 0.9263 0.87748399
0.9187 0.9098 0.83583326
0.9566 0.9339 0.89336874
0.934 0.9091 0.8490994
0.9501 0.9242 0.87808242
0.9479 0.8857 0.83955503
0.9383 0.9535 0.89466905
0.9493 0.916 0.8695588
0.9482 0.9224 0.87461968
0.938 0.9238 0.8665244
0.9446 0.9275 0.8761165
0.9285 0.9091 0.84409935
0.9551 0.9297 0.88795647
0.9509 0.9276 0.88205484
0.9542 0.9348 0.89198616
0.9476 0.9185 0.8703706
0.9433 0.9434 0.88990922
0.9197 0.9441 0.86828877
0.9552 0.9078 0.86713056
0.9406 0.9027 0.84907962
0.9437 0.9276 0.87537612
0.9419 0.9381 0.88359639
0.9378 0.8962 0.84045636
0.9524 0.9237 0.87973188
0.9551 0.9617 0.91851967
0.9444 0.9314 0.87961416
0.9358 0.9084 0.85008072
0.9215 0.888 0.818292
0.954 0.9167 0.8745318
0.9222 0.9286 0.85635492
0.929 0.9108 0.8461332
0.9384 0.9279 0.87074136
0.9458 0.898 0.8493284
0.9463 0.9182 0.86889266
0.9507 0.9167 0.87150669
0.9284 0.9034 0.83871656
0.9553 0.9371 0.89521163
0.9448 0.9143 0.86383064
0.9506 0.9531 0.90601686
0.922 0.8606 0.7934732
0.9458 0.9514 0.89983412
0.8976 0.8889 0.79787664
0.9482 0.8919 0.84569958
0.9557 0.8707 0.83212799
0.9567 0.9286 0.88839162
0.9433 0.9242 0.87179786
0.955 0.9364 0.894262
0.9418 0.9187 0.86523166
0.9419 0.9386 0.88406734
0.9261 0.936 0.8668296
0.9607 0.9551 0.91756457
0.9463 0.931 0.8810053
0.9445 0.9267 0.87526815
0.9359 0.932 0.8722588
0.9465 0.9401 0.88980465
0.9483 0.9434 0.89462622
0.953 0.9343 0.8903879
0.9535 0.9167 0.87407345
0.9518 0.9211 0.87670298
0.9187 0.92 0.845204
0.9434 0.9268 0.87434312
0.9345 0.8852 0.8272194
0.9459 0.8987 0.85008033
0.9557 0.9226 0.88172882
0.9518 0.9286 0.88384148
0.9441 0.9367 0.88433847
0.9426 0.9255 0.8723763
0.9417 0.9209 0.86721153
0.9511 0.9535 0.90687385
0.938 0.9416 0.8832208
0.9314 0.9297 0.86592258
0.9444 0.9348 0.88282512
0.9435 0.9074 0.8561319
0.9529 0.924 0.8804796
0.9311 0.93 0.865923
0.9404 0.8824 0.82980896
0.946 0.9431 0.8921726
0.9561 0.9123 0.87225003
0.9181 0.9186 0.84336666
0.9509 0.8986 0.85447874
0.9188 0.8774 0.80615512
0.954 0.9313 0.8884602
0.9475 0.9504 0.900504
0.9514 0.9388 0.89317432
0.9439 0.9083 0.85734437
0.9526 0.9568 0.91144768
0.9453 0.9545 0.90228885
0.9571 0.938 0.8977598
0.9312 0.9127 0.84990624
0.9557 0.9085 0.86825345
0.9425 0.881 0.8303425
0.9435 0.9359 0.88302165
0.9159 0.8899 0.81505941
0.9414 0.9244 0.87023016
0.9339 0.907 0.8470473
0.9462 0.9259 0.87608658
0.9307 0.9161 0.85261427
0.9445 0.911 0.8604395
0.9472 0.9477 0.89766144
0.9317 0.8908 0.82995836
0.9524 0.9402 0.89544648
0.9115 0.8898 0.8110527
0.941 0.944 0.888304
0.9348 0.9223 0.86216604
0.947 0.9407 0.8908429
0.9442 0.9462 0.89340204
0.9491 0.9323 0.88484593
0.9269 0.9 0.83421
0.9269 0.9045 0.83838105
0.9329 0.9048 0.84408792
0.9384 0.9077 0.85178568
0.9405 0.9338 0.8782389
0.9146 0.8926 0.81637196
0.9464 0.9306 0.88071984
0.93 0.906 0.84258
0.9429 0.9091 0.85719039
0.9443 0.9441 0.89151363
0.9409 0.8993 0.84615137
0.9389 0.9014 0.84632446
0.9416 0.9434 0.88830544
0.9424 0.9198 0.86681952
0.9363 0.9023 0.84482349
0.9385 0.9596 0.9005846
0.9549 0.925 0.8832825
0.9519 0.9102 0.86641938
0.9415 0.9412 0.8861398
0.944 0.9291 0.8770704
0.9346 0.9167 0.85674782
0.9432 0.9271 0.87444072
0.9447 0.9295 0.87809865
0.9337 0.9286 0.86703382
0.9091 0.9138 0.83073558
0.9441 0.9333 0.88112853
0.9069 0.9027 0.81865863
0.9498 0.9008 0.85557984
0.9135 0.9128 0.8338428
0.9484 0.9277 0.87983068
0.9285 0.8841 0.82088685
0.9415 0.8852 0.8334158
0.9377 0.9231 0.86559087
0.9318 0.9225 0.8595855
0.9342 0.9136 0.85348512
0.9502 0.9213 0.87541926
0.9364 0.9569 0.89604116
0.9488 0.9302 0.88257376
0.9464 0.9286 0.87882704
0.9257 0.93 0.860901
0.9498 0.9444 0.89699112
0.9209 0.9252 0.85201668
0.9305 0.8889 0.82712145
0.9488 0.9405 0.8923464
0.9124 0.8632 0.78758368
0.9392 0.9259 0.86960528
0.9512 0.8952 0.85151424
0.9349 0.929 0.8685221
0.9233 0.9009 0.83180097
0.9314 0.9449 0.88007986
0.9283 0.937 0.8698171
0.9421 0.9421 0.88755241
0.9427 0.9352 0.88161304
0.9374 0.9147 0.85743978
0.9509 0.9238 0.87844142
0.9424 0.9367 0.88274608
0.9413 0.9366 0.88162158
0.9491 0.9217 0.87478547
0.9434 0.9141 0.86236194
0.9123 0.8909 0.81276807
0.9373 0.916 0.8585668
0.9362 0.9209 0.86214658
0.945 0.9221 0.8713845
0.9495 0.9352 0.8879724
0.9348 0.9179 0.85805292
0.9441 0.9145 0.86337945
0.9198 0.9225 0.8485155
0.9383 0.9143 0.85788769
0.9389 0.9175 0.86144075
0.9375 0.934 0.875625
0.9467 0.9068 0.85846756
0.931 0.8889 0.8275659
0.9484 0.9254 0.87764936
0.9391 0.9178 0.86190598
0.9473 0.9272 0.87833656
0.9377 0.9274 0.86962298
0.9416 0.9236 0.86966176
0.9293 0.9586 0.89082698
0.945 0.9508 0.898506
0.9448 0.9437 0.89160776
0.9293 0.8872 0.82447496
0.9404 0.9489 0.89234556
0.9285 0.8973 0.83314305
0.9474 0.9205 0.8720817
0.9254 0.925 0.855995
0.9293 0.9182 0.85328326
0.9395 0.9481 0.89073995
0.936 0.9217 0.8627112
0.941 0.9205 0.8661905
0.9381 0.907 0.8508567
0.9536 0.9556 0.91126016
0.9486 0.9264 0.87878304
0.9441 0.9365 0.88414965
0.9451 0.9115 0.86145865
0.9273 0.8852 0.82084596
0.9328 0.9464 0.88280192
0.942 0.9231 0.8695602
0.9333 0.9231 0.86152923
0.9377 0.9296 0.87168592
0.9408 0.9333 0.87804864
0.9308 0.8915 0.8298082
0.9429 0.9111 0.85907619
0.9387 0.928 0.8711136
0.9317 0.9077 0.84570409
0.933 0.9114 0.8503362
0.9415 0.9338 0.8791727
0.9368 0.9138 0.85604784
0.9276 0.8852 0.82111152
0.9312 0.9 0.83808
0.9463 0.9346 0.88441198
0.9324 0.9118 0.85016232
0.9278 0.9 0.83502
0.9381 0.9018 0.84597858
0.9402 0.9301 0.87448002
0.929 0.9211 0.8557019
0.9385 0.9184 0.8619184
0.9204 0.9076 0.83535504
0.9359 0.9308 0.87113572
0.941 0.9569 0.9004429
0.9478 0.9043 0.85709554
0.9285 0.9008 0.8363928
0.9314 0.9238 0.86042732
0.9493 0.9408 0.89310144
0.9315 0.8993 0.83769795
0.9368 0.9027 0.84564936
0.9487 0.9197 0.87251939
0.9447 0.9115 0.86109405
0.9393 0.9262 0.86997966
0.9372 0.9051 0.84825972
0.9437 0.9467 0.89340079
0.9183 0.8852 0.81287916
0.9358 0.8647 0.80918626
0.9419 0.9254 0.87163426
0.9223 0.9103 0.83956969
0.9279 0.9063 0.84095577
0.9351 0.9364 0.87562764
0.946 0.928 0.877888
0.9352 0.9385 0.8776852
0.9301 0.9191 0.85485491
0.9367 0.9505 0.89033335
0.9335 0.9333 0.87123555
0.9477 0.9412 0.89197524
0.9425 0.9338 0.8801065
0.9321 0.9313 0.86806473
0.9421 0.928 0.8742688
0.9375 0.9485 0.88921875
0.9384 0.8814 0.82710576
0.9383 0.9308 0.87336964
0.9058 0.916 0.8297128
0.9365 0.9225 0.86392125
0.9332 0.9385 0.8758082
0.9412 0.9214 0.86722168
0.9341 0.9083 0.84844303
0.9289 0.9225 0.85691025
0.9226 0.938 0.8653988
0.9327 0.9459 0.88224093
0.9187 0.9018 0.82848366
0.9404 0.9191 0.86432164
0.9355 0.9008 0.8426984
0.9127 0.8919 0.81403713
0.9358 0.938 0.8777804
0.9339 0.9191 0.85834749
0.9455 0.9145 0.86465975
0.9291 0.9023 0.83832693
0.9321 0.9103 0.84849063
0.929 0.9044 0.8401876
0.9385 0.9189 0.86238765
0.9407 0.934 0.8786138
0.9229 0.885 0.8167665
0.9415 0.9369 0.88209135
0.9444 0.9254 0.87394776
0.9373 0.9457 0.88640461
0.9489 0.9167 0.86985663
0.9408 0.9265 0.8716512
0.9359 0.9167 0.85793953
0.9328 0.9154 0.85388512
0.9348 0.9254 0.86506392
0.9437 0.9073 0.85621901
0.9407 0.9512 0.89479384
0.9212 0.9178 0.84547736
0.9344 0.912 0.8521728
0.9408 0.936 0.8805888
0.9223 0.9179 0.84657917
0.9495 0.9437 0.89604315
0.9351 0.9231 0.86319081
0.9366 0.9147 0.85670802
0.9316 0.9558 0.89042328
0.9274 0.9423 0.87388902
0.9387 0.9298 0.87280326
0.9347 0.925 0.8645975
0.9294 0.9298 0.86415612
0.9417 0.9286 0.87446262
0.9374 0.952 0.8924048
0.9219 0.9167 0.84510573
0.9392 0.92 0.864064
0.9423 0.9512 0.89631576
0.9197 0.913 0.8396861
0.9479 0.937 0.8881823
0.9297 0.8923 0.82957131
0.9338 0.9196 0.85872248
0.9021 0.9032 0.81477672
0.9291 0.9016 0.83767656
0.9319 0.9082 0.84635158
0.9369 0.918 0.8600742
0.9404 0.9448 0.88848992
0.9297 0.9106 0.84658482
0.9216 0.8793 0.81036288
0.9279 0.9254 0.85867866
0.9476 0.9147 0.86676972
0.9396 0.9254 0.86950584
0.9382 0.9467 0.88819394
0.9311 0.9254 0.86163994
0.949 0.9262 0.8789638
0.9319 0.9008 0.83945552
0.9447 0.9318 0.88027146
0.9438 0.9187 0.86706906
0.9348 0.9444 0.88282512
0.9143 0.9139 0.83557877
0.922 0.9099 0.8389278
0.936 0.9106 0.8523216
0.9375 0.8832 0.828
0.9269 0.94 0.871286
0.9443 0.9186 0.86743398
0.9365 0.896 0.839104
0.926 0.9197 0.8516422
0.9422 0.9302 0.87643444
0.9178 0.9018 0.82767204
0.9442 0.9091 0.85837222
0.9296 0.8819 0.81981424
0.9384 0.911 0.8548824
0.9263 0.9032 0.83663416
0.9379 0.8843 0.82938497
0.9361 0.92 0.861212
0.9361 0.9154 0.85690594
0.9291 0.9322 0.86610702
0.9391 0.9076 0.85232716
0.9454 0.9189 0.86872806
0.9347 0.9137 0.85403539
0.9441 0.9286 0.87669126
0.9378 0.9167 0.85968126
0.9295 0.9262 0.8609029
0.9207 0.913 0.8405991
0.9384 0.9051 0.84934584
0.923 0.9149 0.8444527
0.9285 0.9224 0.8564484
0.9163 0.9083 0.83227529
0.9361 0.913 0.8546593
0.9259 0.9091 0.84173569
0.9435 0.9297 0.87717195
0.9362 0.9167 0.85821454
0.9268 0.9115 0.8447782
0.9384 0.9302 0.87289968
0.9036 0.8929 0.80682444
0.9437 0.9441 0.89094717
0.937 0.8976 0.8410512
0.9524 0.9408 0.89601792
0.9373 0.9257 0.86765861
0.9387 0.947 0.8889489
0.9376 0.9211 0.86362336
0.9347 0.9545 0.89217115
0.9368 0.9435 0.8838708
0.9215 0.8844 0.8149746
0.941 0.9161 0.8620501
0.9371 0.9355 0.87665705
0.9368 0.9 0.84312
0.9407 0.907 0.8532149
0.9291 0.929 0.8631339
0.9444 0.9292 0.87753648
0.9409 0.9211 0.86666299
0.9211 0.9358 0.86196538
0.9313 0.875 0.8148875
0.9348 0.906 0.8469288
0.9394 0.8881 0.83428114
0.9434 0.9416 0.88830544
0.9309 0.9021 0.83976489
0.934 0.9313 0.8698342
0.922 0.92 0.84824
0.9405 0.9264 0.8712792
0.9268 0.9154 0.84839272
0.9392 0.8971 0.84255632
0.9295 0.9024 0.8387808
0.94 0.9412 0.884728
0.9385 0.9262 0.8692387
0.937 0.9173 0.8595101
0.9175 0.9057 0.83097975
0.9401 0.9291 0.87344691
0.9308 0.9187 0.85512596
0.9126 0.8972 0.81878472
0.9363 0.9206 0.86195778
0.9431 0.9274 0.87463094
0.9273 0.9153 0.84875769
0.9227 0.8987 0.82923049
0.9347 0.9153 0.85553091
0.9225 0.9018 0.8319105
0.9421 0.876 0.8252796
0.9323 0.9313 0.86825099
0.9266 0.913 0.8459858
0.9409 0.9237 0.86910933
0.9318 0.904 0.8423472
0.9318 0.9478 0.88316004
0.9298 0.9365 0.8707577
0.9221 0.896 0.8262016
0.9346 0.9099 0.85039254
0.9262 0.9147 0.84719514
0.934 0.9542 0.8912228
0.9346 0.9392 0.87777632
0.9245 0.9083 0.83972335
0.9162 0.9037 0.82796994
0.9462 0.9137 0.86454294
0.9349 0.8963 0.83795087
0.9464 0.9452 0.89453728
0.9401 0.9296 0.87391696
0.9145 0.9008 0.8237816
0.9388 0.912 0.8561856
0.9326 0.9206 0.85855156
0.9386 0.8926 0.83779436
0.9261 0.918 0.8501598
0.9429 0.9255 0.87265395
0.933 0.913 0.851829
0.9359 0.9106 0.85223054
0.9396 0.9297 0.87354612
0.9376 0.9074 0.85077824
0.9492 0.9371 0.88949532
0.9338 0.9259 0.86460542
0.9303 0.9008 0.83801424
0.9325 0.9291 0.86638575
0.9243 0.9083 0.83954169
0.9138 0.8957 0.81849066
0.9304 0.9203 0.85624712
0.9379 0.9065 0.85020635
0.9273 0.9018 0.83623914
0.9389 0.9065 0.85111285
0.9327 0.9133 0.85183491
0.9393 0.9116 0.85626588
0.9318 0.907 0.8451426
0.9432 0.9417 0.88821144
0.9486 0.9205 0.8731863
0.9398 0.9286 0.87269828
0.9217 0.9315 0.85856355
0.9286 0.9109 0.84586174
0.9244 0.8833 0.81652252
0.9354 0.9224 0.86281296
0.9125 0.903 0.8239875
0.9314 0.8955 0.8340687
0.9423 0.9417 0.88736391
0.9329 0.9256 0.86349224
0.9123 0.9009 0.82189107
0.9435 0.9214 0.8693409
0.9232 0.9173 0.84685136
0.9458 0.9197 0.86985226
0.941 0.9474 0.8915034
0.9332 0.9197 0.85826404
0.9352 0.9333 0.87282216
0.926 0.8849 0.8194174
0.935 0.8992 0.840752
0.9295 0.9521 0.88497695
0.9401 0.9206 0.86545606
0.945 0.9342 0.882819
0.9309 0.9113 0.84832917
0.9097 0.9174 0.83455878
0.9312 0.9008 0.83882496
0.9344 0.9067 0.84722048
0.9373 0.9034 0.84675682
0.9256 0.9091 0.84146296
0.9314 0.9184 0.85539776
0.93 0.9111 0.847323
0.9345 0.9197 0.85945965
0.9341 0.9365 0.87478465
0.937 0.9327 0.8739399
0.9309 0.9043 0.84181287
0.9327 0.9187 0.85687149
0.9479 0.9291 0.88069389
0.9261 0.8944 0.82830384
0.9161 0.913 0.8363993
0.926 0.9 0.8334
0.9305 0.9161 0.85243105
0.9273 0.8896 0.82492608
0.9316 0.9226 0.85949416
0.9312 0.8952 0.83361024
0.9405 0.8984 0.8449452
0.9286 0.9143 0.84901898
0.9279 0.9008 0.83585232
0.9451 0.9375 0.88603125
0.9238 0.9403 0.86864914
0.9346 0.9299 0.86908454
0.9326 0.9138 0.85220988
0.9343 0.918 0.8576874
0.9359 0.9417 0.88133703
0.9289 0.9145 0.84947905
0.9334 0.9153 0.85434102
0.927 0.9106 0.8441262
0.9379 0.9247 0.86727613
0.93 0.9576 0.890568
0.9216 0.9297 0.85681152
0.929 0.9231 0.8575599
0.9428 0.9398 0.88604344
0.9373 0.9091 0.85209943
0.9364 0.9106 0.85268584
0.9349 0.9058 0.84683242
0.9213 0.8943 0.82391859
0.922 0.9174 0.8458428
0.9395 0.9298 0.8735471
0.9339 0.9252 0.86404428
0.937 0.9265 0.8681305
0.913 0.9155 0.8358515
0.9389 0.9153 0.85937517
0.934 0.9262 0.8650708
0.9364 0.9242 0.86542088
0.936 0.9259 0.8666424
0.9391 0.9242 0.86791622
0.9319 0.9231 0.86023689
0.9328 0.913 0.8516464
0.9376 0.9344 0.87609344
0.9307 0.9386 0.87355502
0.9295 0.9189 0.85411755
0.9357 0.9048 0.84662136
0.9278 0.9231 0.85645218
0.923 0.931 0.859313
0.9265 0.9159 0.84858135
0.9432 0.9333 0.88028856
0.9299 0.9375 0.87178125
0.9358 0.9244 0.86505352
0.9182 0.9041 0.83014462
0.9348 0.927 0.8665596
0.9201 0.916 0.8428116
0.9375 0.9259 0.86803125
0.9379 0.9231 0.86577549
0.9368 0.9333 0.87431544
0.9247 0.913 0.8442511
0.9378 0.9342 0.87609276
0.9319 0.9091 0.84719029
0.9258 0.9058 0.83858964
0.9394 0.9198 0.86406012
0.9372 0.9209 0.86306748
0.9338 0.8992 0.83967296
0.9287 0.9217 0.85598279
0.9401 0.9191 0.86404591
0.9277 0.9 0.83493
0.9424 0.9205 0.8674792
0.9446 0.91 0.859586
0.9263 0.8846 0.81940498
0.9379 0.9478 0.88894162
0.9252 0.9302 0.86062104
0.9377 0.916 0.8589332
0.9444 0.9173 0.86629812
0.916 0.8974 0.8220184
0.9319 0.9196 0.85697524
0.9301 0.8966 0.83392766
0.9289 0.9225 0.85691025
0.9429 0.9098 0.85785042
0.9335 0.9333 0.87123555
0.9396 0.888 0.8343648
0.9276 0.9153 0.84903228
0.9336 0.9044 0.84434784
0.9354 0.9141 0.85504914
0.9243 0.8658 0.80025894
0.9388 0.9214 0.86501032
0.9356 0.932 0.8719792
0.9399 0.9051 0.85070349
0.9109 0.8716 0.79394044
0.938 0.9098 0.8533924
0.9218 0.8966 0.82648588
0.9248 0.9189 0.84979872
0.9413 0.8993 0.84651109
0.939 0.8815 0.8277285
0.9388 0.9297 0.87280236
0.9271 0.8837 0.81927827
0.938 0.938 0.879844
0.9324 0.931 0.8680644
0.9247 0.9386 0.86792342
0.9418 0.9323 0.87804014
0.9413 0.9545 0.89847085
0.9364 0.8912 0.83451968
0.9261 0.9209 0.85284549
0.9422 0.9353 0.88123966
0.9212 0.876 0.8069712
0.9395 0.9281 0.87194995
0.9404 0.9156 0.86103024
0.9312 0.928 0.8641536
0.9316 0.9191 0.85623356
0.9279 0.9141 0.84819339
0.9183 0.9113 0.83684679
0.9402 0.9187 0.86376174
0.9378 0.9323 0.87431094
0.9249 0.9103 0.84193647
0.9297 0.9333 0.86768901
0.9189 0.906 0.8325234
0.9317 0.9259 0.86266103
0.926 0.878 0.813028
0.9342 0.9333 0.87188886
0.9114 0.9268 0.84468552
0.9335 0.9286 0.8668481
0.9263 0.9196 0.85182548
0.9356 0.906 0.8476536
0.9348 0.918 0.8581464
0.9307 0.9124 0.84917068
0.9374 0.9174 0.85997076
0.9264 0.8803 0.81550992
0.9368 0.9231 0.86476008
0.9453 0.9365 0.88527345
0.9193 0.9259 0.85117987
0.9308 0.8824 0.82133792
0.9162 0.8929 0.81807498
0.9305 0.9323 0.86750515
0.9342 0.9195 0.8589969
0.9156 0.92 0.842352
0.9357 0.9242 0.86477394
0.9275 0.9231 0.85617525
0.9302 0.927 0.8622954
0.933 0.9037 0.8431521
0.9353 0.9236 0.86384308
0.9303 0.9286 0.86387658
0.9278 0.8991 0.83418498
0.9354 0.9457 0.88460778
0.9276 0.9 0.83484
0.9318 0.9213 0.85846734
0.9351 0.9213 0.86150763
0.9374 0.9272 0.86915728
0.9398 0.918 0.8627364
0.9294 0.9259 0.86053146
0.9365 0.9118 0.8539007
0.932 0.9189 0.8564148
0.9378 0.9416 0.88303248
0.9208 0.9219 0.84888552
0.9327 0.9083 0.84717141
0.9416 0.9474 0.89207184
0.9323 0.9225 0.86004675
0.9354 0.9339 0.87357006
0.9265 0.9 0.83385
0.9231 0.9145 0.84417495
0.9352 0.9068 0.84803936
0.9378 0.906 0.8496468
0.9338 0.9299 0.86834062
0.9249 0.9231 0.85377519
0.9237 0.9063 0.83714931
0.9361 0.9194 0.86065034
0.9426 0.9231 0.87011406
0.9333 0.9141 0.85312953
0.9321 0.9037 0.84233877
0.9229 0.8947 0.82571863
0.9239 0.9118 0.84241202
0.9365 0.9237 0.86504505
0.9333 0.916 0.8549028
0.9374 0.9394 0.88059356
0.9339 0.8943 0.83518677
0.9098 0.9027 0.82127646
0.9252 0.9237 0.85460724
0.9327 0.9286 0.86610522
0.9255 0.925 0.8560875
0.9354 0.9315 0.8713251
0.9349 0.9391 0.87796459
0.9299 0.92 0.855508
0.9108 0.9339 0.85059612
0.9331 0.9254 0.86349074
0.9358 0.9191 0.86009378
0.937 0.9122 0.8547314
0.9204 0.9173 0.84428292
0.9341 0.9178 0.85731698
0.9194 0.9065 0.8334361
0.9266 0.9196 0.85210136
0.9192 0.8852 0.81367584
0.9373 0.937 0.8782501
0.9323 0.9139 0.85202897
0.9339 0.8993 0.83985627
0.9199 0.9104 0.83747696
0.9329 0.9137 0.85239073
0.9294 0.8992 0.83571648
0.9331 0.9333 0.87086223
0.9298 0.9167 0.85234766
0.9339 0.9196 0.85881444
0.9382 0.9111 0.85479402
0.9286 0.9159 0.85050474
0.9281 0.898 0.8334338
0.9074 0.8993 0.81602482
0.9269 0.8806 0.81622814
0.9406 0.9275 0.8724065
0.9296 0.8987 0.83543152
0.9256 0.9236 0.85488416
0.9235 0.9055 0.83622925
0.9371 0.9286 0.87019106
0.9159 0.8963 0.82092117
0.939 0.916 0.860124
0.9314 0.9 0.83826
0.9247 0.9111 0.84249417
0.9319 0.9268 0.86368492
0.9287 0.8968 0.83285816
0.9354 0.9127 0.85373958
0.9115 0.9043 0.82426945
0.9283 0.912 0.8466096
0.9319 0.9167 0.85427273
0.9277 0.9076 0.84198052
0.9318 0.9 0.83862
0.9369 0.9213 0.86316597
0.9297 0.8797 0.81785709
0.9156 0.9106 0.83374536
0.9314 0.907 0.8447798
0.9421 0.9211 0.86776831
0.9387 0.8889 0.83441043
0.9206 0.9 0.82854
0.9194 0.9256 0.85099664
0.9338 0.937 0.8749706
0.9226 0.9027 0.83283102
0.9371 0.9259 0.86766089
0.9195 0.9214 0.8472273
0.9312 0.9241 0.86052192
0.9232 0.937 0.8650384
0.9349 0.9048 0.84589752
0.9218 0.9106 0.83939108
0.9272 0.9098 0.84356656
0.9248 0.8915 0.8244592
0.9158 0.8926 0.81744308
0.9346 0.9302 0.86936492
0.9162 0.9099 0.83365038
0.9389 0.9154 0.85946906
0.9265 0.9 0.83385
0.9253 0.9008 0.83351024
0.9326 0.9225 0.8603235
0.9349 0.9211 0.86113639
0.9219 0.9141 0.84270879
0.9257 0.903 0.8359071
0.92 0.9016 0.829472
0.9315 0.9211 0.85800465
0.9372 0.9209 0.86306748
0.9283 0.937 0.8698171
0.9134 0.8931 0.81575754
0.9328 0.9225 0.860508
0.9321 0.9318 0.86853078
0.9341 0.9 0.84069
0.9349 0.9257 0.86543693
0.9375 0.9143 0.85715625
0.9183 0.92 0.844836
0.9334 0.8865 0.8274591
0.933 0.925 0.863025
0.9336 0.9214 0.86021904
0.928 0.9024 0.8374272
0.928 0.907 0.841696
0.9322 0.876 0.8166072
0.9296 0.9015 0.8380344
0.914 0.9014 0.8238796
0.9289 0.9035 0.83926115
0.9103 0.8993 0.81863279
0.9332 0.9268 0.86488976
0.9367 0.9248 0.86626016
0.929 0.9127 0.8478983
0.9297 0.9024 0.83896128
0.9122 0.8947 0.81614534
0.9261 0.8934 0.82737774
0.9241 0.9209 0.85100369
0.9144 0.9141 0.83585304
0.9203 0.9275 0.85357825
0.923 0.9024 0.8329152
0.9299 0.9213 0.85671687
0.9259 0.9115 0.84395785
0.9297 0.9257 0.86062329
0.9429 0.9206 0.86803374
0.9391 0.942 0.8846322
0.9306 0.9286 0.86415516
0.9354 0.9211 0.86159694
0.925 0.8944 0.82732
0.9207 0.9211 0.84805677
0.9222 0.8957 0.82601454
0.937 0.9051 0.8480787
0.9358 0.9281 0.86851598
0.9402 0.9211 0.86601822
0.9316 0.9137 0.85120292
0.9368 0.9078 0.85042704
0.925 0.928 0.8584
0.9334 0.9194 0.85816796
0.9213 0.9 0.82917
0.9159 0.9027 0.82678293
0.9342 0.9286 0.86749812
0.9196 0.9273 0.85274508
0.9308 0.9241 0.86015228
0.9321 0.9302 0.86703942
0.9196 0.8963 0.82423748
0.9355 0.9291 0.86917305
0.9202 0.9214 0.84787228
0.9341 0.8889 0.83032149
0.9212 0.8939 0.82346068
0.9229 0.9068 0.83688572
0.9276 0.9214 0.85469064
0.9302 0.9032 0.84015664
0.9291 0.8926 0.82931466
0.921 0.9111 0.8391231
0.9332 0.9198 0.85835736
0.9338 0.918 0.8572284
0.9214 0.9141 0.84225174
0.9386 0.9391 0.88143926
0.9243 0.9225 0.85266675
0.9322 0.8906 0.83021732
0.9183 0.8974 0.82408242
0.94 0.9037 0.849478
0.9288 0.9077 0.84307176
0.9242 0.9339 0.86311038
0.9189 0.9106 0.83675034
0.9284 0.9141 0.84865044
0.9317 0.9052 0.84337484
0.9184 0.8931 0.82022304
0.9329 0.9091 0.84809939
0.9223 0.8943 0.82481289
0.9183 0.9262 0.85052946
0.9161 0.8992 0.82375712
0.9374 0.9211 0.86343914
0.9276 0.9538 0.88474488
0.9259 0.8933 0.82710647
0.918 0.9147 0.8396946
0.9214 0.8931 0.82290234
0.9325 0.9167 0.85482275
0.9338 0.9225 0.8614305
0.9177 0.916 0.8406132
0.9225 0.8973 0.82775925
0.9284 0.8992 0.83481728
0.9193 0.896 0.8236928
0.9318 0.9032 0.84160176
0.9413 0.9231 0.86891403
0.9367 0.9219 0.86354373
0.9181 0.9037 0.82968697
0.9404 0.9189 0.86413356
0.9327 0.9206 0.85864362
0.937 0.9535 0.8934295
0.9201 0.9024 0.83029824
0.9402 0.928 0.8725056
0.9368 0.9195 0.8613876
0.9253 0.9134 0.84516902
0.9261 0.918 0.8501598
0.9106 0.8976 0.81735456
0.9245 0.9008 0.8327896
0.9344 0.8983 0.83937152
0.9365 0.931 0.8718815
0.9275 0.9231 0.85617525
0.919 0.8862 0.8144178
0.9274 0.8849 0.82065626
0.9218 0.8961 0.82602498
0.9404 0.9063 0.85228452
0.9314 0.9402 0.87570228
0.9337 0.9106 0.85022722
0.9355 0.9024 0.8441952
0.9349 0.9008 0.84215792
0.9165 0.9097 0.83374005
0.9306 0.8655 0.8054343
0.916 0.8921 0.8171636
0.9379 0.9206 0.86343074
0.9253 0.9077 0.83989481
0.9346 0.9063 0.84702798
0.9202 0.9 0.82818
0.9269 0.9256 0.85793864
0.9417 0.9256 0.87163752
0.9242 0.9167 0.84721414
0.9323 0.944 0.8800912
0.9249 0.9084 0.84017916
0.9315 0.9328 0.8689032
0.9174 0.8672 0.79556928
0.9321 0.9231 0.86042151
0.9337 0.9466 0.88384042
0.9222 0.904 0.8336688
0.9317 0.932 0.8683444
0.9263 0.906 0.8392278
0.9356 0.9116 0.85289296
0.9232 0.9137 0.84352784
0.9023 0.9052 0.81676196
0.9146 0.913 0.8350298
0.9358 0.916 0.8571928
0.9243 0.9 0.83187
0.9277 0.9167 0.85042259
0.9413 0.9051 0.85197063
0.9322 0.9149 0.85286978
0.9339 0.9225 0.86152275
0.9253 0.9187 0.85007311
0.9254 0.9016 0.83434064
0.8994 0.885 0.795969
0.9326 0.8913 0.83122638
0.9216 0.8919 0.82197504
0.9466 0.9197 0.87058802
0.9213 0.8976 0.82695888
0.9245 0.9007 0.83269715
0.9235 0.9077 0.83826095
0.9331 0.8857 0.82644667
0.9297 0.9429 0.87661413
0.9178 0.888 0.8150064
0.9235 0.8908 0.8226538
0.925 0.927 0.857475
0.917 0.8976 0.8230992
0.9234 0.9032 0.83401488
0.9323 0.9318 0.86871714
0.9276 0.9073 0.84161148
0.9285 0.938 0.870933
0.929 0.9174 0.8522646
0.9259 0.9027 0.83580993
0.9213 0.9008 0.82990704
0.938 0.9055 0.849359
0.9062 0.9224 0.83587888
0.9298 0.9044 0.84091112
0.9352 0.9262 0.86618224
0.9315 0.874 0.814131
0.9209 0.9187 0.84603083
0.9298 0.8992 0.83607616
0.914 0.8824 0.8065136
0.9268 0.912 0.8452416
0.9309 0.9167 0.85335603
0.9161 0.9187 0.84162107
0.9179 0.9167 0.84143893
0.9164 0.9187 0.84189668
0.9368 0.906 0.8487408
0.9288 0.9259 0.85997592
0.9289 0.8882 0.82504898
0.9218 0.9106 0.83939108
0.9295 0.903 0.8393385
0.9368 0.9297 0.87094296
0.9292 0.8939 0.83061188
0.9029 0.9113 0.82281277
0.9231 0.9161 0.84565191
0.9344 0.9375 0.876
0.9318 0.9219 0.85902642
0.9302 0.8931 0.83076162
0.9344 0.9259 0.86516096
0.9408 0.9194 0.86497152
0.9334 0.9237 0.86218158
0.9151 0.9203 0.84216653
0.9233 0.9256 0.85460648
0.9242 0.9015 0.8331663
0.9279 0.925 0.8583075
0.9175 0.9076 0.832723
0.9244 0.9161 0.84684284
0.9279 0.9147 0.84875013
0.937 0.9043 0.8473291
0.9177 0.9206 0.84483462
0.934 0.9365 0.874691
0.9224 0.9219 0.85036056
0.9237 0.9078 0.83853486
0.9163 0.92 0.842996
0.9386 0.9237 0.86698482
0.9309 0.9281 0.86396829
0.9301 0.9028 0.83969428
0.9178 0.913 0.8379514
0.9351 0.92 0.860292
0.935 0.9426 0.881331
0.9338 0.904 0.8441552
0.9258 0.9091 0.84164478
0.9281 0.9013 0.83649653
0.9212 0.912 0.8401344
0.9303 0.9063 0.84313089
0.936 0.928 0.868608
0.9269 0.9091 0.84264479
0.9254 0.8984 0.83137936
0.9275 0.8978 0.8327095
0.929 0.9304 0.8643416
0.9363 0.9 0.84267
0.9268 0.9259 0.85812412
0.9205 0.8968 0.8255044
0.9252 0.8929 0.82611108
0.9212 0.9106 0.83884472
0.9339 0.9023 0.84265797
0.9186 0.9091 0.83509926
0.9204 0.937 0.8624148
0.926 0.944 0.874144
0.9247 0.9324 0.86219028
0.9267 0.9185 0.85117395
0.9298 0.9396 0.87364008
0.9193 0.9209 0.84658337
0.9189 0.9035 0.83022615
0.9137 0.9196 0.84023852
0.9299 0.9179 0.85355521
0.9297 0.8832 0.82111104
0.929 0.8766 0.8143614
0.9353 0.9206 0.86103718
0.933 0.9214 0.8596662
0.9217 0.9118 0.84040606
0.9214 0.9308 0.85763912
0.9367 0.9268 0.86813356
0.9197 0.885 0.8139345
0.93 0.9147 0.850671
0.9338 0.885 0.826413
0.9236 0.9275 0.856639
0.9241 0.9213 0.85137333
0.9183 0.9248 0.84924384
0.9298 0.9323 0.86685254
0.9265 0.9104 0.8434856
0.9186 0.8889 0.81654354
0.9231 0.9385 0.86632935