0.9437 0.9375 0.88471875
0.9618 0.913 0.8781234
0.8856 0.9134 0.80890704
0.9191 0.9391 0.86312681
0.9463 0.9412 0.89065756
0.9349 0.9048 0.84589752
0.9442 0.9683 0.91426886
0.9705 0.9611 0.93274755
0.9194 0.9307 0.85568558
0.9553 0.9308 0.88919324
0.8841 0.8431 0.74538471
0.9396 0.9423 0.88538508
0.9704 0.9754 0.94652816
0.9305 0.9318 0.8670399
0.9595 0.9496 0.9111412
0.9494 0.9119 0.86575786
0.9574 0.9577 0.91690198
0.8673 0.8902 0.77207046
0.9503 0.9692 0.92103076
0.943 0.9545 0.9000935
0.9163 0.8481 0.77711403
0.9594 0.9741 0.93455154
0.9416 0.9141 0.86071656
0.9512 0.9561 0.90944232
0.9365 0.9065 0.84893725
0.9194 0.9194 0.84529636
0.9199 0.9417 0.86626983
0.9342 0.955 0.892161
0.9345 0.945 0.8831025
0.9501 0.9383 0.89147883
0.9552 0.9612 0.91813824
0.9685 0.9484 0.9185254
0.9625 0.9716 0.935165
0.9213 0.9313 0.85800669
0.9345 0.9133 0.85347885
0.9612 0.8953 0.86056236
0.9489 0.9495 0.90098055
0.9004 0.9355 0.8423242
0.9607 0.9671 0.92909297
0.9578 0.9439 0.90406742
0.9455 0.9174 0.8674017
0.9308 0.9524 0.88649392
0.9583 0.9007 0.86314081
0.8797 0.8732 0.76815404
0.9595 0.9643 0.92524585
0.9246 0.9138 0.84489948
0.9474 0.9562 0.90590388
0.9546 0.9542 0.91087932
0.9453 0.9302 0.87931806
0.9618 0.9524 0.91601832
0.961 0.9535 0.9163135
0.9317 0.9358 0.87188486
0.901 0.9412 0.8480212
0.9369 0.9366 0.87750054
0.9303 0.9474 0.88136622
0.9749 0.9755 0.95101495
0.941 0.9435 0.8878335
0.945 0.8913 0.8422785
0.9688 0.9641 0.93402008
0.9586 0.9429 0.90386394
0.9628 0.9703 0.93420484
0.9346 0.95 0.88787
0.9373 0.9255 0.86747115
0.9444 0.9353 0.88329732
0.9455 0.9475 0.89586125
0.9492 0.9241 0.87715572
0.9597 0.9593 0.92064021
0.9632 0.9664 0.93083648
0.9238 0.9514 0.87890332
0.8376 0.8712 0.72971712
0.9109 0.9271 0.84449539
0.9126 0.7703 0.70297578
0.9373 0.9528 0.89305944
0.9508 0.9621 0.91476468
0.939 0.9343 0.8773077
0.9606 0.9665 0.9284199
0.9551 0.9588 0.91574988
0.9445 0.9408 0.8885856
0.9151 0.95 0.869345
0.9499 0.9173 0.87134327
0.9324 0.9452 0.88130448
0.9516 0.9512 0.90516192
0.9687 0.975 0.9444825
0.9254 0.8841 0.81814614
0.98 0.9655 0.94619
0.9561 0.9744 0.93162384
0.9376 0.9694 0.90890944
0.9521 0.9444 0.89916324
0.8821 0.9063 0.79944723
0.937 0.9556 0.8953972
0.9726 0.9244 0.89907144
0.9474 0.9432 0.89358768
0.9591 0.96 0.920736
0.9605 0.9774 0.9387927
0.9403 0.9281 0.87269243
0.9477 0.9615 0.91121355
0.9205 0.8857 0.81528685
0.9614 0.9426 0.90621564
0.9342 0.8766 0.81891972
0.9377 0.9533 0.89390941
0.9516 0.9383 0.89288628
0.9545 0.8596 0.8204882
0.9341 0.9578 0.89468098
0.9499 0.9602 0.91209398
0.9593 0.9231 0.88552983
0.9576 0.9366 0.89688816
0.9646 0.9398 0.90653108
0.9548 0.9672 0.92348256
0.9407 0.9237 0.86892459
0.9528 0.9368 0.89258304
0.9318 0.8936 0.83265648
0.9521 0.9186 0.87459906
0.9582 0.9605 0.9203511
0.9409 0.9579 0.90128811
0.9541 0.9449 0.90152909
0.9404 0.8957 0.84231628
0.9665 0.9732 0.9405978
0.9373 0.949 0.8894977
0.9535 0.9371 0.89352485
0.9574 0.9583 0.91747642
0.9378 0.9048 0.84852144
0.9521 0.96 0.914016
0.9147 0.9583 0.87655701
0.9442 0.9462 0.89340204
0.9522 0.9539 0.90830358
0.9576 0.9586 0.91795536
0.9499 0.9298 0.88321702
0.9181 0.9262 0.85034422
0.9747 0.9359 0.91222173
0.9758 0.9796 0.95589368
0.958 0.9507 0.9107706
0.9642 0.9507 0.91666494
0.9336 0.9397 0.87730392
0.9587 0.9615 0.92179005
0.955 0.966 0.92253
0.9536 0.9615 0.9168864
0.9392 0.9238 0.86763296
0.952 0.9655 0.919156
0.9572 0.9436 0.90321392
0.9445 0.9271 0.87564595
0.9393 0.9592 0.90097656
0.9613 0.9684 0.93092292
0.9364 0.951 0.8905164
0.92 0.938 0.86296
0.9495 0.9565 0.90819675
0.9362 0.9505 0.8898581
0.9605 0.9625 0.92448125
0.9599 0.9496 0.91152104
0.9603 0.9255 0.88875765
0.9651 0.9484 0.91530084
0.9562 0.9408 0.89959296
0.9556 0.9802 0.93667912
0.9379 0.9574 0.89794546
0.9579 0.9574 0.91709346
0.9503 0.9487 0.90154961
0.9647 0.9337 0.90074039
0.9483 0.9623 0.91254909
0.9345 0.8947 0.83609715
0.9701 0.9751 0.94594451
0.9578 0.9646 0.92389388
0.9327 0.9398 0.87655146
0.9633 0.9633 0.92794689
0.9486 0.9583 0.90904338
0.9355 0.9344 0.8741312
0.9554 0.9037 0.86339498
0.9619 0.9774 0.94016106
0.9609 0.9511 0.91391199
0.9479 0.9462 0.89690298
0.8973 0.9247 0.82973331
0.9489 0.9268 0.87944052
0.9575 0.959 0.9182425
0.929 0.8977 0.8339633
0.9376 0.9167 0.85949792
0.9454 0.9677 0.91486358
0.9343 0.9387 0.87702741
0.9682 0.9574 0.92695468
0.9684 0.9703 0.93963852
0.9517 0.9372 0.89193324
0.96 0.9709 0.932064
0.931 0.8966 0.8347346
0.9408 0.9186 0.86421888
0.9381 0.953 0.8940093
0.96 0.9559 0.917664
0.9292 0.9294 0.86359848
0.9772 0.9904 0.96781888
0.9485 0.95 0.901075
0.9504 0.9216 0.87588864
0.9421 0.9357 0.88152297
0.903 0.9 0.8127
0.9475 0.9512 0.901262
0.9398 0.9096 0.85484208
0.9531 0.9506 0.90601686
0.9535 0.9647 0.91984145
0.9747 0.9405 0.91670535
0.9174 0.8993 0.82501782
0.9679 0.9505 0.91998895
0.9317 0.9394 0.87523898
0.9626 0.9638 0.92775388
0.9637 0.9368 0.90279416
0.951 0.9424 0.8962224
0.9488 0.9255 0.8781144
0.9528 0.9043 0.86161704
0.9501 0.951 0.9035451
0.967 0.9514 0.9200038
0.9535 0.9204 0.8776014
0.9548 0.958 0.9146984
0.9621 0.9583 0.92198043
0.9481 0.9615 0.91159815
0.9509 0.9549 0.90801441
0.9498 0.95 0.90231
0.9515 0.9328 0.8875592
0.9543 0.9612 0.91727316
0.9649 0.9598 0.92611102
0.9663 0.9327 0.90126801
0.9593 0.932 0.8940676
0.9475 0.9453 0.89567175
0.9398 0.9651 0.90700098
0.9202 0.9647 0.88771694
0.9632 0.9148 0.88113536
0.9562 0.9407 0.89949734
0.9444 0.9149 0.86403156
0.9472 0.9099 0.86185728
0.9439 0.9385 0.88585015
0.9474 0.9375 0.8881875
0.9419 0.9185 0.86513515
0.9379 0.9255 0.86802645
0.9519 0.9167 0.87260673
0.955 0.9371 0.8949305
0.967 0.9536 0.9221312
0.9639 0.9068 0.87406452
0.9591 0.9559 0.91680369
0.9556 0.9645 0.9216762
0.9596 0.9542 0.91565032
0.9559 0.9573 0.91508307
0.9535 0.9396 0.8959086
0.9498 0.9009 0.85567482
0.9528 0.9286 0.88477008
0.946 0.9612 0.9092952
0.9686 0.9526 0.92268836
0.9445 0.9302 0.8785739
0.9498 0.9194 0.87324612
0.9561 0.9542 0.91231062
0.9226 0.8913 0.82231338
0.9396 0.9296 0.87345216
0.9434 0.9252 0.87283368
0.9437 0.9364 0.88368068
0.9547 0.9595 0.91603465
0.9507 0.9417 0.89527419
0.9617 0.9619 0.92505923
0.9603 0.9559 0.91795077
0.9592 0.8909 0.85455128
0.9567 0.958 0.9165186
0.9583 0.95 0.910385
0.9582 0.9438 0.90434916
0.9389 0.961 0.9022829
0.9706 0.9481 0.92022586
0.9392 0.9068 0.85166656
0.9493 0.9195 0.87288135
0.9622 0.9676 0.93102472
0.9533 0.9561 0.91145013
0.9601 0.9444 0.90671844
0.9571 0.9474 0.90675654
0.9544 0.9677 0.92357288
0.9376 0.8955 0.8396208
0.9551 0.9571 0.91412621
0.9571 0.9485 0.90780935
0.9588 0.9586 0.91910568
0.964 0.9748 0.9397072
0.9453 0.9568 0.90446304
0.9484 0.9352 0.88694368
0.9571 0.9618 0.92053878
0.9616 0.9565 0.9197704
0.9427 0.9333 0.87982191
0.9496 0.9298 0.88293808
0.9625 0.9353 0.90022625
0.9708 0.9792 0.95060736
0.9483 0.9502 0.90107466
0.9409 0.9484 0.89234956
0.9626 0.9641 0.92804266
0.9498 0.9561 0.90810378
0.9443 0.95 0.897085
0.9601 0.9195 0.88281195
0.9539 0.9357 0.89256423
0.9334 0.9307 0.86871538
0.9591 0.9247 0.88687977
0.9592 0.9484 0.90970528
0.9394 0.9444 0.88716936
0.9478 0.9521 0.90240038
0.9277 0.9333 0.86582241
0.9439 0.9524 0.89897036
0.9591 0.9563 0.91718733
0.9524 0.9794 0.93278056
0.9407 0.9286 0.87353402
0.9579 0.9545 0.91431555
0.9577 0.9551 0.91469927
0.9582 0.934 0.8949588
0.9526 0.9458 0.90096908
0.9582 0.976 0.9352032
0.9659 0.9636 0.93074124
0.9666 0.927 0.8960382
0.9484 0.9528 0.90363552
0.9615 0.9512 0.9145788
0.9514 0.9481 0.90202234
0.9593 0.9586 0.91958498
0.9551 0.9538 0.91097438
0.9493 0.9394 0.89177242
0.952 0.9493 0.9037336
0.9414 0.9439 0.88858746
0.958 0.9597 0.9193926
0.9511 0.9549 0.90820539
0.947 0.9206 0.8718082
0.9582 0.9386 0.89936652
0.9634 0.8876 0.85511384
0.9539 0.9238 0.88121282
0.9625 0.94 0.90475
0.9554 0.942 0.8999868
0.9243 0.956 0.8836308
0.9144 0.9333 0.85340952
0.9518 0.942 0.8965956
0.9518 0.9568 0.91068224
0.9488 0.9386 0.89054368
0.9489 0.8739 0.82924371
0.9436 0.9388 0.88585168
0.9421 0.9343 0.88020403
0.9489 0.9398 0.89177622
0.951 0.9557 0.9088707
0.956 0.958 0.915848
0.9564 0.9543 0.91269252
0.9532 0.9291 0.88561812
0.9617 0.9404 0.90438268
0.9559 0.9655 0.92292145
0.961 0.9551 0.9178511
0.9638 0.8864 0.85431232
0.9597 0.9485 0.91027545
0.9418 0.9272 0.87323696
0.9574 0.8626 0.82585324
0.9594 0.9338 0.89588772
0.9489 0.9391 0.89111199
0.9665 0.96 0.92784
0.9494 0.9216 0.87496704
0.9558 0.9292 0.88812936
0.9492 0.9504 0.90211968
0.9463 0.9111 0.86217393
0.9405 0.9203 0.86554215
0.9631 0.9494 0.91436714
0.9462 0.8878 0.84003636
0.9508 0.9493 0.90259444
0.9595 0.9358 0.8979001
0.9437 0.9717 0.91699329
0.9573 0.9581 0.91718913
0.96 0.9402 0.902592
0.9599 0.9161 0.87936439
0.9448 0.901 0.8512648
0.949 0.9535 0.9048715
0.9503 0.958 0.9103874
0.9691 0.97 0.940027
0.9481 0.8854 0.83944774
0.9537 0.9245 0.88169565
0.9689 0.9598 0.92995022
0.9576 0.952 0.9116352
0.9644 0.9669 0.93247836
0.9472 0.936 0.8865792
0.9566 0.95 0.90877
0.9458 0.9492 0.89775336
0.9644 0.891 0.8592804
0.9488 0.9238 0.87650144
0.9477 0.9471 0.89756667
0.9553 0.9612 0.91823436
0.9638 0.9682 0.93315116
0.9445 0.9231 0.87186795
0.9614 0.9565 0.9195791
0.9549 0.9457 0.90304893
0.9341 0.9145 0.85423445
0.9336 0.9231 0.86180616
0.9598 0.9527 0.91440146
0.9522 0.9661 0.91992042
0.9685 0.9665 0.93605525
0.9516 0.9451 0.89935716
0.9729 0.9355 0.91014795
0.9521 0.9394 0.89440274
0.9438 0.9231 0.87122178
0.9452 0.915 0.864858
0.9568 0.9375 0.897
0.9441 0.912 0.8610192
0.9636 0.9675 0.932283
0.9562 0.9539 0.91211918
0.9463 0.9444 0.89368572
0.9537 0.9382 0.89476134
0.9305 0.914 0.850477
0.9492 0.9158 0.86927736
0.962 0.9627 0.9261174
0.9474 0.9355 0.8862927
0.9365 0.9487 0.88845755
0.9678 0.9433 0.91292574
0.9498 0.9337 0.88682826
0.9632 0.9329 0.89856928
0.9497 0.9366 0.88948902
0.96 0.9569 0.918624
0.9696 0.9478 0.91898688
0.9554 0.9514 0.90896756
0.9383 0.9388 0.88087604
0.9616 0.9638 0.92679008
0.9513 0.9549 0.90839637
0.955 0.9366 0.894453
0.9505 0.8915 0.84737075
0.9594 0.9429 0.90461826
0.9601 0.9242 0.88732442
0.9391 0.9286 0.87204826
0.958 0.9333 0.8941014
0.9545 0.9323 0.88988035
0.9472 0.9306 0.88146432
0.9489 0.9266 0.87925074
0.9674 0.9548 0.92367352
0.9638 0.9675 0.9324765
0.955 0.9712 0.927496
0.9533 0.9576 0.91288008
0.9465 0.9537 0.90267705
0.9321 0.931 0.8677851
0.9575 0.9507 0.91029525
0.9558 0.971 0.9280818
0.9482 0.9141 0.86674962
0.9556 0.9397 0.89797732
0.9464 0.9441 0.89349624
0.9338 0.9279 0.86647302
0.941 0.9441 0.8883981
0.9441 0.8944 0.84440304
0.9501 0.9417 0.89470917
0.9464 0.95 0.89908
0.9574 0.9583 0.91747642
0.9642 0.9556 0.92138952
0.9492 0.9388 0.89110896
0.96 0.9448 0.907008
0.9651 0.9433 0.91037883
0.946 0.9043 0.8554678
0.9506 0.951 0.9040206
0.9563 0.9597 0.91776111
0.9553 0.9426 0.90046578
0.9246 0.9576 0.88539696
0.9601 0.9388 0.90134188
0.9473 0.934 0.8847782
0.9525 0.9098 0.8665845
0.9366 0.9292 0.87028872
0.9462 0.9646 0.91270452
0.9469 0.9485 0.89813465
0.9579 0.9474 0.90751446
0.9583 0.9596 0.91958468
0.9509 0.9452 0.89879068
0.9574 0.9459 0.90560466
0.9568 0.9615 0.9199632
0.9547 0.936 0.8935992
0.9592 0.9231 0.88543752
0.9525 0.964 0.91821
0.9554 0.9262 0.88489148
0.9454 0.9235 0.8730769
0.9575 0.9338 0.8941135
0.9656 0.9495 0.9168372
0.9497 0.9615 0.91313655
0.9514 0.9739 0.92656846
0.9693 0.961 0.9314973
0.9501 0.9528 0.90525528
0.9622 0.9623 0.92592506
0.9525 0.9542 0.9088755
0.95 0.9429 0.895755
0.9439 0.9478 0.89462842
0.9568 0.9563 0.91498784
0.9491 0.963 0.9139833
0.9533 0.9504 0.90601632
0.9556 0.9612 0.91852272
0.9442 0.9494 0.89642348
0.9323 0.9358 0.87244634
0.9595 0.9433 0.90509635
0.9557 0.963 0.9203391
0.9522 0.9528 0.90725616
0.9377 0.9208 0.86343416
0.9467 0.9483 0.89775561
0.9581 0.9469 0.90722489
0.959 0.9532 0.9141188
0.952 0.9141 0.8702232
0.9617 0.9368 0.90092056
0.9487 0.9371 0.88902677
0.9492 0.9505 0.9022146
0.9521 0.9481 0.90268601
0.9535 0.9528 0.9084948
0.9587 0.9493 0.91009391
0.9642 0.9762 0.94125204
0.9559 0.9444 0.90275196
0.9573 0.9558 0.91498734
0.9563 0.9474 0.90599862
0.9441 0.9032 0.85271112
0.9446 0.9495 0.8968977
0.9545 0.942 0.899139
0.9486 0.9397 0.89139942
0.9444 0.9405 0.8882082
0.9568 0.9308 0.89058944
0.9542 0.9516 0.90801672
0.9596 0.9226 0.88532696
0.9371 0.9124 0.85501004
0.9566 0.9248 0.88466368
0.958 0.9259 0.8870122
0.9561 0.9481 0.90647841
0.949 0.9457 0.8974693
0.9523 0.9262 0.88202026
0.9555 0.9565 0.91393575
0.9513 0.9167 0.87205671
0.9593 0.9724 0.93282332
0.9478 0.942 0.8928276
0.9549 0.9593 0.91603557
0.9435 0.9423 0.88906005
0.9448 0.9435 0.8914188
0.9549 0.9514 0.90849186
0.9486 0.9237 0.87622182
0.9546 0.9344 0.89197824
0.9626 0.9655 0.9293903
0.9608 0.958 0.9204464
0.954 0.9368 0.8937072
0.9522 0.8934 0.85069548
0.9603 0.9504 0.91266912
0.9373 0.9091 0.85209943
0.9549 0.9167 0.87535683
0.9572 0.9571 0.91613612
0.9509 0.938 0.8919442
0.9564 0.9618 0.91986552
0.9525 0.9483 0.90325575
0.9308 0.9238 0.85987304
0.9536 0.9348 0.89142528
0.9557 0.9576 0.91517832
0.9639 0.9375 0.90365625
0.9527 0.9342 0.89001234
0.9543 0.9565 0.91278795
0.9611 0.9111 0.87565821
0.9535 0.9308 0.8875178
0.9482 0.9441 0.89519562
0.9611 0.9291 0.89295801
0.9517 0.9558 0.90963486
0.9434 0.9342 0.88132428
0.9533 0.8761 0.83518613
0.9566 0.9528 0.91144848
0.9567 0.9389 0.89824563
0.9639 0.9672 0.93228408
0.9415 0.9314 0.8769131
0.9451 0.9084 0.85852884
0.9482 0.936 0.8875152
0.9511 0.9167 0.87187337
0.9556 0.9286 0.88737016
0.953 0.949 0.904397
0.9402 0.9369 0.88087338
0.953 0.9252 0.8817156
0.9548 0.9364 0.89407472
0.9525 0.9537 0.90839925
0.9535 0.9241 0.88112935
0.9628 0.9486 0.91331208
0.9454 0.9214 0.87109156
0.9587 0.9531 0.91373697
0.9486 0.9091 0.86237226
0.9465 0.9514 0.9005001
0.9531 0.9542 0.90944802
0.9579 0.964 0.9234156
0.9594 0.9397 0.90154818
0.959 0.9365 0.8981035
0.9556 0.947 0.9049532
0.9557 0.9455 0.90361435
0.9522 0.9512 0.90573264
0.956 0.9298 0.8888888
0.9435 0.936 0.883116
0.9646 0.9551 0.92128946
0.9513 0.9483 0.90211779
0.9576 0.9467 0.90655992
0.9487 0.9417 0.89339079
0.9558 0.9461 0.90428238
0.9577 0.9434 0.90349418
0.9601 0.9489 0.91103889
0.9483 0.9167 0.86930661
0.9444 0.9561 0.90294084
0.9208 0.89 0.819512
0.9613 0.9431 0.90660203
0.9452 0.918 0.8676936
0.9523 0.9304 0.88601992
0.9614 0.9484 0.91179176
0.9526 0.9048 0.86191248
0.9613 0.9684 0.93092292
0.9521 0.9468 0.90144828
0.9518 0.9424 0.89697632
0.9524 0.9457 0.90068468
0.9556 0.9416 0.89979296
0.9553 0.9297 0.88814241
0.952 0.9493 0.9037336
0.9507 0.9537 0.90668259
0.9612 0.9649 0.92746188
0.9347 0.91 0.850577
0.9533 0.9059 0.86359447
0.9448 0.9593 0.90634664
0.9602 0.9386 0.90124372
0.9425 0.9419 0.88774075
0.9561 0.9565 0.91450965
0.9567 0.9419 0.90111573
0.9644 0.9542 0.92023048
0.949 0.9433 0.8951917
0.9549 0.932 0.8899668
0.9539 0.9417 0.89828763
0.9564 0.9209 0.88074876
0.9524 0.9364 0.89182736
0.9531 0.9457 0.90134667
0.9483 0.9206 0.87300498
0.9546 0.9281 0.88596426
0.9445 0.9127 0.86204515
0.9468 0.9615 0.9103482
0.9468 0.9174 0.86859432
0.9414 0.9244 0.87023016
0.9503 0.938 0.8913814
0.9419 0.9333 0.87907527
0.9483 0.9301 0.88201383
0.951 0.9315 0.8858565
0.9522 0.9651 0.91896822
0.9514 0.9328 0.88746592
0.9513 0.9316 0.88623108
0.9472 0.8898 0.84281856
0.9525 0.968 0.92202
0.9471 0.9029 0.85513659
0.945 0.9259 0.8749755
0.9538 0.9231 0.88045278
0.9491 0.9323 0.88484593
0.9454 0.9 0.85086
0.9556 0.949 0.9068644
0.9446 0.9143 0.86364778
0.9353 0.9308 0.87057724
0.9415 0.9272 0.8729588
0.954 0.9256 0.8830224
0.9525 0.9583 0.91278075
0.9457 0.9231 0.87297567
0.9544 0.9371 0.89436824
0.9455 0.9503 0.89850865
0.9539 0.9463 0.90267557
0.9463 0.9296 0.87968048
0.9381 0.8962 0.84072522
0.9451 0.9444 0.89255244
0.9529 0.9323 0.88838867
0.9464 0.9293 0.87948952
0.951 0.925 0.879675
0.9553 0.9701 0.92673653
0.941 0.9496 0.8935736
0.9528 0.9528 0.90782784
0.9455 0.9352 0.8842316
0.9525 0.9479 0.90287475
0.9588 0.9679 0.92802252
0.9473 0.9357 0.88638861
0.9511 0.9397 0.89374867
0.9583 0.9267 0.88805661
0.9463 0.9558 0.90447354
0.9519 0.9466 0.90106854
0.9492 0.953 0.9045876
0.9553 0.9337 0.89196361
0.9506 0.9203 0.87483718
0.9514 0.9262 0.88118668
0.9546 0.951 0.9078246
0.954 0.9437 0.9002898
0.9515 0.9444 0.8985966
0.9484 0.9291 0.88115844
0.956 0.9655 0.923018
0.9531 0.9457 0.90134667
0.9409 0.9206 0.86619254
0.9414 0.96 0.903744
0.9535 0.9603 0.91564605
0.9273 0.9252 0.85793796
0.9501 0.9444 0.89727444
0.9618 0.9643 0.92746374
0.9549 0.9487 0.90591363
0.9487 0.9383 0.89016521
0.9525 0.9238 0.8799195
0.9515 0.9548 0.9084922
0.9477 0.9279 0.87937083
0.9561 0.9528 0.91097208
0.9464 0.9528 0.90172992
0.9554 0.9587 0.91594198
0.934 0.9352 0.8734768
0.9459 0.907 0.8579313
0.9501 0.9143 0.86867643
0.9591 0.962 0.9226542
0.9512 0.9437 0.89764744
0.9644 0.9277 0.89467388
0.9512 0.9297 0.88433064
0.9372 0.9273 0.86906556
0.9468 0.916 0.8672688
0.95 0.9353 0.888535
0.9573 0.9416 0.90139368
0.9535 0.9444 0.9004854
0.953 0.9627 0.9174531
0.9563 0.9487 0.90724181
0.9457 0.9577 0.90569689
0.9485 0.9524 0.9033514
0.9472 0.9381 0.88856832
0.9361 0.9434 0.88311674
0.9557 0.9407 0.89902699
0.9422 0.9444 0.88981368
0.9554 0.903 0.8627262
0.9483 0.9315 0.88334145
0.9492 0.9205 0.8737386
0.9403 0.9274 0.87203422
0.9483 0.9167 0.86930661
0.9517 0.9517 0.90573289
0.9489 0.9262 0.87887118
0.9504 0.9296 0.88349184
0.9467 0.9474 0.89690358
0.9426 0.9124 0.86002824
0.9325 0.8973 0.83673225
0.9527 0.8874 0.84542598
0.9466 0.95 0.89927
0.9519 0.9182 0.87403458
0.9398 0.9333 0.87711534
0.9404 0.9217 0.86676668
0.9469 0.9338 0.88421522
0.9465 0.9302 0.8804343
0.9411 0.9333 0.87832863
0.9486 0.9264 0.87878304
0.9534 0.9524 0.90801816
0.9423 0.9204 0.86729292
0.954 0.9098 0.8679492
0.9525 0.9554 0.9100185
0.9533 0.9038 0.86159254
0.9478 0.8923 0.84572194
0.9473 0.9155 0.86725315
0.9466 0.9583 0.90712678
0.9529 0.9147 0.87161763
0.9482 0.9111 0.86390502
0.9458 0.944 0.8928352
0.9381 0.9462 0.88763022
0.9449 0.9241 0.87318209
0.9564 0.9559 0.91422276
0.9427 0.9138 0.86143926
0.9388 0.918 0.8618184
0.9543 0.9 0.85887
0.9516 0.9216 0.87699456
0.9447 0.9 0.85023
0.9462 0.9231 0.87343722
0.9482 0.9107 0.86352574
0.9422 0.9021 0.84995862
0.9432 0.9474 0.89358768
0.9469 0.9082 0.85997458
0.9454 0.9244 0.87392776
0.9523 0.9371 0.89240033
0.9518 0.931 0.8861258
0.9503 0.9565 0.90896195
0.9428 0.9091 0.85709948
0.9356 0.8952 0.83754912
0.9532 0.9342 0.89047944
0.9471 0.9209 0.87218439
0.9468 0.9292 0.87976656
0.9426 0.8978 0.84626628
0.9498 0.9558 0.90781884
0.9461 0.918 0.8685198
0.9499 0.8978 0.85282022
0.9525 0.92 0.8763
0.9513 0.9426 0.89669538
0.9424 0.9098 0.85739552
0.9433 0.9104 0.85878032
0.9408 0.9487 0.89253696
0.9459 0.9375 0.88678125
0.9531 0.9273 0.88380963
0.9522 0.928 0.8836416
0.946 0.9538 0.9022948
0.9412 0.9412 0.88585744
0.9441 0.9208 0.86932728
0.9435 0.9333 0.88056855
0.951 0.9412 0.8950812
0.9482 0.9559 0.90638438
0.9452 0.9389 0.88744828
0.9449 0.936 0.8844264
0.9509 0.9338 0.88795042
0.9486 0.9068 0.86019048
0.9508 0.9462 0.89964696
0.9417 0.9328 0.87841776
0.9555 0.938 0.896259
0.9422 0.9538 0.89867036
0.9453 0.9 0.85077
0.9431 0.945 0.8912295
0.9512 0.9457 0.89954984
0.9408 0.938 0.8824704
0.9483 0.9324 0.88419492
0.9187 0.9018 0.82848366
0.9461 0.9191 0.86956051
0.9501 0.9084 0.86307084
0.9321 0.9189 0.85650669
0.9436 0.9302 0.87773672
0.9528 0.9338 0.88972464
0.9445 0.9276 0.8761182
0.9505 0.9323 0.88615115
0.9515 0.9241 0.87928115
0.9425 0.9191 0.86625175
0.9545 0.9257 0.88358065
0.9469 0.9245 0.87540905
0.9495 0.9027 0.85711365
0.9465 0.9009 0.85270185
0.9482 0.9328 0.88448096
0.9436 0.9348 0.88207728
0.9557 0.9097 0.86940029
0.9418 0.9412 0.88642216
0.9517 0.947 0.9012599
0.941 0.8923 0.8396543
0.9478 0.9478 0.89832484
0.9498 0.9073 0.86175354
0.9456 0.9431 0.89179536
0.9461 0.911 0.8618971
0.9515 0.936 0.890604
0.9465 0.944 0.893496
0.948 0.9104 0.8630592
0.9508 0.9437 0.89726996
0.9493 0.9301 0.88294393
0.9463 0.9302 0.88024826
0.943 0.9381 0.8846283
0.9401 0.9519 0.89488119
0.9469 0.9474 0.89709306
0.9407 0.925 0.8701475
0.9415 0.9386 0.8836919
0.9512 0.9221 0.87710152
0.9413 0.888 0.8358744
0.9496 0.95 0.90212
0.9426 0.928 0.8747328
0.9456 0.9187 0.86872272
0.9331 0.9478 0.88439218
0.9464 0.9134 0.86444176
0.9492 0.9385 0.8908242
0.9371 0.9286 0.87019106
0.9435 0.9435 0.89019225
0.9475 0.918 0.869805
0.9423 0.898 0.8461854
0.9465 0.9262 0.8766483
0.9502 0.9379 0.89119258
0.9296 0.8943 0.83134128
0.9404 0.931 0.8755124
0.9436 0.9179 0.86613044
0.9493 0.938 0.8904434
0.95 0.9254 0.87913
0.9531 0.9333 0.88952823
0.9453 0.9328 0.88177584
0.9519 0.9344 0.88945536
0.9417 0.9008 0.84828336
0.9475 0.9394 0.8900815
0.9472 0.9593 0.90864896
0.9374 0.9352 0.87665648
0.9367 0.9404 0.88087268
0.9467 0.9459 0.89548353
0.9502 0.9268 0.88064536
0.9458 0.9051 0.85604358
0.9466 0.94 0.889804
0.9438 0.9012 0.85055256
0.9448 0.92 0.869216
0.9456 0.9416 0.89037696
0.9465 0.9302 0.8804343
0.9422 0.9464 0.89169808
0.9483 0.9455 0.89661765
0.9478 0.9167 0.86884826
0.9546 0.9178 0.87613188
0.9436 0.9113 0.85990268
0.9466 0.9091 0.86055406
0.9369 0.9 0.84321
0.9431 0.9231 0.87057561
0.9467 0.9492 0.89860764
0.9411 0.8908 0.83833188
0.9536 0.9122 0.86987392
0.9449 0.9496 0.89727704
0.9441 0.9286 0.87669126
0.9392 0.9271 0.87073232
0.9452 0.9344 0.88319488
0.9441 0.9391 0.88660431
0.9359 0.9343 0.87441137
0.9458 0.9291 0.87874278
0.9516 0.9397 0.89421852
0.9425 0.9417 0.88755225
0.9477 0.9565 0.90647505
0.9427 0.9394 0.88557238
0.9487 0.9219 0.87460653
0.9451 0.9167 0.86637317
0.933 0.9292 0.8669436
0.9449 0.9302 0.87894598
0.9387 0.9464 0.88838568
0.9494 0.9441 0.89632854
0.9549 0.9213 0.87974937
0.9499 0.9539 0.90610961
0.9563 0.9392 0.89815696
0.9466 0.9404 0.89018264
0.9529 0.9386 0.89439194
0.9384 0.9455 0.8872572
0.9458 0.9194 0.86956852
0.9397 0.9456 0.88858032
0.9401 0.9226 0.86733626
0.9386 0.8952 0.84023472
0.9524 0.9214 0.87754136
0.9537 0.9147 0.87234939
0.9468 0.9419 0.89179092
0.9483 0.9292 0.88116036
0.9429 0.9211 0.86850519
0.9333 0.9266 0.86479578
0.9402 0.9044 0.85031688
0.9495 0.9316 0.8845542
0.954 0.8881 0.8472474
0.9454 0.9197 0.86948438
0.943 0.9301 0.8770843
0.9411 0.9084 0.85489524
0.9317 0.9133 0.85092161
0.9462 0.9264 0.87655968
0.9327 0.9385 0.87533895
0.9452 0.9265 0.8757278
0.9416 0.9187 0.86504792
0.9408 0.9338 0.87851904
0.9493 0.9426 0.89481018
0.9452 0.9398 0.88829896
0.9379 0.9371 0.87890609
0.9396 0.9213 0.86565348
0.9366 0.9512 0.89089392
0.9427 0.9159 0.86341893
0.9374 0.9365 0.8778751
0.9447 0.9113 0.86090511
0.9437 0.9322 0.87971714
0.9393 0.9241 0.86800713
0.9458 0.9407 0.88971406
0.9422 0.9375 0.8833125
0.9437 0.9302 0.87782974
0.9389 0.9542 0.89589838
0.9394 0.9043 0.84949942
0.9433 0.9492 0.89538036
0.9473 0.944 0.8942512
0.9452 0.9478 0.89586056
0.9424 0.9127 0.86012848
0.935 0.944 0.88264
0.9349 0.9099 0.85066551
0.942 0.9225 0.868995
0.9501 0.915 0.8693415
0.9449 0.9392 0.88745008
0.9356 0.9 0.84204
0.9397 0.9259 0.87006823
0.9478 0.9353 0.88647734
0.9432 0.9333 0.88028856
0.9538 0.9315 0.8884647
0.9396 0.9225 0.866781
0.9469 0.9174 0.86868606
0.9504 0.912 0.8667648
0.9528 0.9365 0.8922972
0.9399 0.9256 0.86997144
0.9406 0.918 0.8634708
0.9429 0.9255 0.87265395
0.9386 0.9304 0.87327344
0.9437 0.9268 0.87462116
0.952 0.9531 0.9073512
0.9481 0.9074 0.86030594
0.9457 0.9245 0.87429965
0.9433 0.9407 0.88736231
0.9336 0.9389 0.87655704
0.9384 0.9433 0.88519272
0.9407 0.9417 0.88585719
0.9448 0.913 0.8626024
0.9461 0.9203 0.87069583
0.9479 0.9281 0.87974599
0.9468 0.9464 0.89605152
0.9442 0.9065 0.8559173
0.9439 0.9333 0.88094187
0.9458 0.9184 0.86862272
0.9396 0.8837 0.83032452
0.9396 0.9029 0.84836484
0.9519 0.9205 0.87622395
0.9454 0.9444 0.89283576
0.9443 0.9384 0.88613112
0.9387 0.9208 0.86435496
0.9394 0.9 0.84546
0.9461 0.9483 0.89718663
0.9389 0.9328 0.87580592
0.9447 0.8955 0.84597885
0.9465 0.9333 0.88336845
0.9387 0.9256 0.86886072
0.9468 0.9189 0.87001452
0.9524 0.9286 0.88439864
0.9424 0.9323 0.87859952
0.953 0.9416 0.8973448
0.9469 0.9474 0.89709306
0.9468 0.9416 0.89150688
0.9433 0.925 0.8725525
0.9535 0.9281 0.88494335
0.9456 0.916 0.8661696
0.9467 0.9247 0.87541349
0.9525 0.9286 0.8844915
0.9405 0.9408 0.8848224
0.9402 0.9194 0.86441988
0.9303 0.9266 0.86201598
0.9469 0.9237 0.87465153
0.9444 0.9133 0.86252052
0.9459 0.9172 0.86757948
0.9429 0.9167 0.86435643
0.9426 0.9048 0.85286448
0.9516 0.9333 0.88812828
0.9513 0.9343 0.88879959
0.9421 0.9524 0.89725604
0.9445 0.9231 0.87186795
0.9373 0.9043 0.84760039
0.9436 0.9187 0.86688532
0.9505 0.8819 0.83824595
0.943 0.9155 0.8633165
0.9403 0.9275 0.87212825
0.9414 0.9 0.84726
0.9359 0.9091 0.85082669
0.9445 0.9091 0.85864495
0.9466 0.9032 0.85496912
0.9385 0.9194 0.8628569
0.9399 0.8984 0.84440616
0.9503 0.9214 0.87560642
0.9445 0.9174 0.8664843
0.9471 0.8828 0.83609988
0.9431 0.9328 0.87972368
0.9511 0.9427 0.89660197
0.9476 0.9138 0.86591688
0.9476 0.959 0.9087484
0.9415 0.932 0.877478
0.9372 0.906 0.8491032
0.9405 0.9237 0.86873985
0.9391 0.9268 0.87035788
0.9338 0.9315 0.8698347
0.9448 0.9322 0.88074256
0.9467 0.9219 0.87276273
0.9496 0.9231 0.87657576
0.9488 0.9323 0.88456624
0.9397 0.9273 0.87138381
0.9421 0.9187 0.86550727
0.9451 0.9058 0.85607158
0.94 0.935 0.8789
0.9507 0.9587 0.91143609
0.9395 0.9298 0.8735471
0.9357 0.9252 0.86570964
0.9435 0.9338 0.8810403
0.9439 0.9296 0.87744944
0.9497 0.9407 0.89338279
0.9291 0.9016 0.83767656
0.9469 0.9242 0.87512498
0.9457 0.9407 0.88961999
0.947 0.9318 0.8824146
0.9453 0.9441 0.89245773
0.9437 0.9275 0.87528175
0.9445 0.9426 0.8902857
0.9447 0.9211 0.87016317
0.9436 0.9189 0.86707404
0.9462 0.9127 0.86359674
0.9363 0.9231 0.86429853
0.9391 0.9379 0.88078189
0.9426 0.9252 0.87209352
0.941 0.9185 0.8643085
0.9446 0.9219 0.87082674
0.9377 0.916 0.8589332
0.935 0.9247 0.8645945
0.941 0.9197 0.8654377
0.9283 0.9244 0.85812052
0.9358 0.9333 0.87338214
0.9547 0.9402 0.89760894
0.9456 0.9333 0.88252848
0.9367 0.942 0.8823714
0.9518 0.9342 0.88917156
0.9439 0.9174 0.86593386
0.9481 0.9275 0.87936275
0.9404 0.9198 0.86497992
0.9456 0.9209 0.87080304
0.9486 0.9225 0.8750835
0.9417 0.9217 0.86796489
0.9417 0.9265 0.87248505
0.9427 0.9308 0.87746516
0.9482 0.9205 0.8728181
0.9463 0.92 0.870596
0.9429 0.9 0.84861
0.9392 0.9217 0.86566064
0.9332 0.9225 0.860877
0.9433 0.9244 0.87198652
0.9448 0.9248 0.87375104
0.936 0.9316 0.8719776
0.9446 0.9375 0.8855625
0.9406 0.9241 0.86920846
0.9458 0.907 0.8578406
0.9468 0.9023 0.85429764
0.9433 0.9167 0.86472311
0.9413 0.936 0.8810568
0.9428 0.9237 0.87086436
0.9435 0.9191 0.86717085
0.9426 0.9063 0.85427838
0.9388 0.9195 0.8632266
0.953 0.9357 0.8917221
0.9483 0.9252 0.87736716
0.9388 0.9124 0.85656112
0.9323 0.9174 0.85529202
0.9381 0.8934 0.83809854
0.9464 0.9379 0.88762856
0.9447 0.9189 0.86808483
0.9458 0.9209 0.87098722
0.9409 0.9333 0.87814197
0.9422 0.9375 0.8833125
0.9378 0.9225 0.8651205
0.9366 0.9147 0.85670802
0.9428 0.9483 0.89405724
0.9273 0.9386 0.87036378
0.9435 0.9323 0.87962505
0.9404 0.9636 0.90616944
0.9435 0.9184 0.8665104
0.9337 0.9209 0.85984433
0.9456 0.8993 0.85037808
0.9424 0.9302 0.87662048
0.9415 0.9412 0.8861398
0.9427 0.9416 0.88764632
0.937 0.928 0.869536
0.9445 0.9412 0.8889634
0.9386 0.9297 0.87261642
0.9397 0.9355 0.87908935
0.9474 0.935 0.885819
0.9363 0.9173 0.85886799
0.9397 0.9167 0.86142299
0.9381 0.9333 0.87552873
0.9413 0.9316 0.87691508
0.936 0.8981 0.8406216
0.941 0.9187 0.8644967
0.9422 0.9083 0.85580026
0.9386 0.9268 0.86989448
0.9466 0.9286 0.87901276
0.9388 0.9286 0.87176968
0.9412 0.9145 0.8607274
0.9427 0.9426 0.88858902
0.9459 0.9416 0.89065944
0.9376 0.9091 0.85237216
0.9445 0.9316 0.8798962
0.9428 0.9371 0.88349788
0.9414 0.9206 0.86665284
0.9326 0.9111 0.84969186
0.9505 0.9328 0.8866264
0.9426 0.9286 0.87529836
0.9408 0.9323 0.87710784
0.9442 0.9262 0.87451804
0.9351 0.904 0.8453304
0.9445 0.9167 0.86582315
0.9371 0.9385 0.87946835
0.9432 0.927 0.8743464
0.9405 0.9185 0.86384925
0.9469 0.9236 0.87455684
0.9386 0.9286 0.87158396
0.9347 0.9174 0.85749378
0.9414 0.9457 0.89028198
0.9488 0.9286 0.88105568
0.9447 0.9213 0.87035211
0.9398 0.9291 0.87316818
0.9382 0.9205 0.8636131
0.9378 0.9262 0.86859036
0.9384 0.9037 0.84803208
0.9476 0.9265 0.8779514
0.9327 0.9279 0.86545233
0.9394 0.9351 0.87843294
0.9412 0.9297 0.87503364
0.9402 0.9083 0.85398366
0.9417 0.9248 0.87088416
0.9433 0.9302 0.87745766
0.9373 0.9091 0.85209943
0.9425 0.94 0.88595
0.9363 0.9079 0.85006677
0.9485 0.9153 0.86816205
0.9467 0.9195 0.87049065
0.9432 0.9236 0.87113952
0.9478 0.9301 0.88154878
0.9437 0.9453 0.89207961
0.9443 0.9274 0.87574382
0.9488 0.9077 0.86122576
0.938 0.8984 0.8426992
0.9372 0.9259 0.86775348
0.9432 0.9123 0.86048136
0.9406 0.9265 0.8714659
0.947 0.9153 0.8667891
0.9399 0.9389 0.88247211
0.9436 0.9545 0.9006662
0.9534 0.935 0.891429
0.94 0.9292 0.873448
0.9401 0.9153 0.86047353
0.9411 0.9286 0.87390546
0.9347 0.95 0.887965
0.9455 0.911 0.8613505
0.942 0.9304 0.8764368
0.948 0.928 0.879744
0.9269 0.9256 0.85793864
0.941 0.9328 0.8777648
0.9388 0.9191 0.86285108
0.9439 0.9324 0.88009236
0.9475 0.9173 0.86914175
0.9491 0.9384 0.89063544
0.9366 0.9281 0.86925846
0.9398 0.9196 0.86424008
0.9359 0.918 0.8591562
0.9441 0.9134 0.86234094
0.9433 0.9139 0.86208187
0.9447 0.9209 0.86997423
0.9397 0.9403 0.88359991
0.9434 0.9137 0.86198458
0.9364 0.907 0.8493148
0.9467 0.9083 0.85988761
0.9434 0.9417 0.88839978
0.9363 0.9196 0.86102148
0.9505 0.9185 0.87303425
0.9394 0.9159 0.86039646
0.9429 0.8844 0.83390076
0.9352 0.9496 0.88806592
0.9452 0.9254 0.87468808
0.9457 0.9348 0.88404036
0.941 0.9177 0.8635557
0.9421 0.9236 0.87012356
0.9394 0.9055 0.8506267
0.9392 0.9048 0.84978816
0.9374 0.9259 0.86793866
0.9448 0.9466 0.89434768
0.9373 0.925 0.8670025
0.9362 0.9259 0.86682758
0.9385 0.9268 0.8698018
0.9347 0.8968 0.83823896
0.9358 0.9206 0.86149748
0.9372 0.9217 0.86381724
0.9449 0.912 0.8617488
0.9457 0.9417 0.89056569
0.9399 0.9244 0.86884356
0.9455 0.8929 0.84423695
0.9387 0.9213 0.86482431
0.9419 0.9173 0.86400487
0.9299 0.9187 0.85429913
0.9403 0.907 0.8528521
0.938 0.9298 0.8721524
0.9428 0.9231 0.87029868
0.9458 0.9357 0.88498506
0.9331 0.9091 0.84828121
0.9335 0.9291 0.86731485
0.9395 0.8938 0.8397251
0.9412 0.9444 0.88886928
0.9327 0.9071 0.84605217
0.9376 0.9241 0.86643616
0.9392 0.9449 0.88745008
0.9457 0.9206 0.87061142
0.9368 0.935 0.875908
0.9404 0.9398 0.88378792
0.9342 0.9147 0.85451274
0.9428 0.9329 0.87953812
0.9346 0.9302 0.86936492
0.9349 0.9009 0.84225141
0.9403 0.9231 0.86799093
0.9367 0.9071 0.84968057
0.9436 0.9339 0.88122804
0.9366 0.9147 0.85670802
0.936 0.9342 0.8744112
0.932 0.9375 0.87375
0.9423 0.9254 0.87200442
0.9441 0.918 0.8666838
0.9368 0.9298 0.87103664
0.9487 0.9281 0.88048847
0.9318 0.937 0.8730966
0.9324 0.916 0.8540784
0.9425 0.9225 0.86945625
0.9454 0.9091 0.85946314
0.9392 0.9 0.84528
0.9378 0.9257 0.86812146
0.9438 0.9214 0.86961732
0.9458 0.92 0.870136
0.9386 0.922 0.8653892
0.9407 0.9188 0.86431516
0.9319 0.9214 0.85865266
0.9359 0.9268 0.86739212
0.9397 0.9147 0.85954359
0.9491 0.9302 0.88285282
0.9395 0.9167 0.86123965
0.9376 0.9366 0.87815616
0.9428 0.9211 0.86841308
0.935 0.9137 0.8543095
0.939 0.9106 0.8550534
0.9457 0.9474 0.89595618
0.9389 0.9206 0.86435134
0.9482 0.9187 0.87111134
0.9351 0.9211 0.86132061
0.9429 0.9098 0.85785042
0.939 0.9281 0.8714859
0.9341 0.9375 0.87571875
0.9386 0.9348 0.87740328
0.9377 0.878 0.8233006
0.9453 0.9213 0.87090489
0.9405 0.9381 0.88228305
0.9371 0.9054 0.84845034
0.9401 0.9206 0.86545606
0.9393 0.942 0.8848206
0.9399 0.9357 0.87946443
0.9432 0.9342 0.88113744
0.9401 0.9155 0.86066155
0.9382 0.9123 0.85591986
0.936 0.9391 0.8789976
0.9384 0.927 0.8698968
0.9358 0.9281 0.86851598
0.9404 0.9211 0.86620244
0.941 0.9137 0.8597917
0.9474 0.9362 0.88695588
0.9359 0.928 0.8685152
0.9375 0.9355 0.87703125
0.9309 0.9167 0.85335603
0.9378 0.9115 0.8548047
0.944 0.9429 0.8900976
0.94 0.9364 0.880216
0.9469 0.9241 0.87503029
0.9369 0.9302 0.87150438
0.9356 0.8741 0.81780796
0.9418 0.9055 0.8527999
0.9434 0.9357 0.88273938
0.9375 0.9281 0.87009375
0.9329 0.9091 0.84809939
0.9343 0.9153 0.85516479
0.9339 0.9429 0.88057431
0.9386 0.9274 0.87045764
0.941 0.9008 0.8476528
0.9423 0.9259 0.87247557
0.9387 0.9198 0.86341626
0.9437 0.9344 0.88179328
0.9422 0.9375 0.8833125
0.9385 0.9304 0.8731804
0.9478 0.938 0.8890364
0.9372 0.9219 0.86400468
0.9315 0.906 0.843939
0.942 0.9407 0.8861394
0.9335 0.8923 0.83296205
0.9441 0.9256 0.87385896
0.9319 0.9106 0.84858814
0.9412 0.9375 0.882375
0.9356 0.9483 0.88722948
0.9377 0.9237 0.86615349
0.9401 0.9318 0.87598518
0.938 0.9187 0.8617406
0.9365 0.918 0.859707
0.9341 0.916 0.8556356
0.9465 0.9211 0.87182115
0.9372 0.9692 0.90833424
0.9373 0.9067 0.84984991
0.939 0.9225 0.8662275
0.9375 0.9313 0.87309375
0.9335 0.9015 0.84155025
0.9438 0.9296 0.87735648
0.9355 0.9237 0.86412135
0.9319 0.8973 0.83619387
0.9368 0.938 0.8787184
0.939 0.92 0.86388
0.9431 0.9113 0.85944703
0.9463 0.9231 0.87352953
0.943 0.9063 0.8546409
0.9416 0.9407 0.88576312
0.9461 0.9189 0.86937129
0.9331 0.9206 0.85901186
0.9314 0.9302 0.86638828
0.9367 0.9268 0.86813356
0.9428 0.936 0.8824608
0.9445 0.9396 0.8874522
0.9401 0.8976 0.84383376
0.9437 0.918 0.8663166
0.9362 0.9134 0.85512508
0.9336 0.9256 0.86414016
0.9319 0.9237 0.86079603
0.9376 0.9103 0.85349728
0.937 0.8951 0.8387087
0.9278 0.8943 0.82973154
0.9439 0.9137 0.86244143
0.9397 0.9221 0.86649737
0.9409 0.9063 0.85273767
0.9395 0.9487 0.89130365
0.9439 0.9268 0.87480652
0.94 0.9106 0.855964
0.9404 0.9237 0.86864748
0.9295 0.9097 0.84556615
0.9414 0.8992 0.84650688
0.9405 0.9496 0.8930988
0.9399 0.9127 0.85784673
0.9414 0.9231 0.86900634
0.9459 0.9375 0.88678125
0.9451 0.9231 0.87242181
0.9381 0.9339 0.87609159
0.9431 0.9339 0.88076109
0.9393 0.9306 0.87411258
0.9285 0.944 0.876504
0.9467 0.9084 0.85998228
0.9382 0.916 0.8593912
0.944 0.9141 0.8629104
0.9409 0.9487 0.89263183
0.9357 0.9389 0.87852873
0.9357 0.928 0.8683296
0.9379 0.932 0.8741228
0.9354 0.9128 0.85383312
0.9359 0.9388 0.87862292
0.9365 0.9137 0.85568005
0.9275 0.931 0.8635025
0.9356 0.9217 0.86234252
0.936 0.9008 0.8431488
0.937 0.9214 0.8633518
0.9414 0.9306 0.87606684
0.9413 0.9051 0.85197063
0.9453 0.9291 0.87827823
0.9372 0.9225 0.864567
0.9425 0.9431 0.88887175
0.9376 0.918 0.8607168
0.9297 0.9115 0.84742155
0.9473 0.913 0.8648849
0.9417 0.9369 0.88227873
0.9466 0.9197 0.87058802
0.9421 0.9291 0.87530511
0.9379 0.922 0.8647438
0.936 0.9 0.8424
0.9417 0.9357 0.88114869
0.938 0.9357 0.8776866
0.9398 0.92 0.864616
0.9369 0.8992 0.84246048
0.9325 0.9197 0.85762025
0.9434 0.937 0.8839658
0.9408 0.9274 0.87249792
0.9412 0.9318 0.87701016
0.9306 0.9139 0.85047534
0.9447 0.8992 0.84947424
0.9322 0.9174 0.85520028
0.9386 0.9204 0.86388744
0.946 0.9237 0.8738202
0.9394 0.9213 0.86546922
0.9343 0.931 0.8698333
0.9388 0.9044 0.84905072
0.9376 0.9344 0.87609344
0.934 0.9055 0.845737
0.938 0.9187 0.8617406
0.9427 0.9225 0.86964075
0.9402 0.8992 0.84542784
0.9388 0.912 0.8561856
0.9373 0.9167 0.85922291
0.9343 0.9268 0.86590924
0.9436 0.925 0.87283
0.9291 0.9024 0.83841984
0.9312 0.9316 0.86750592
0.947 0.9185 0.8698195
0.9387 0.9211 0.86463657
0.9311 0.9106 0.84785966
0.9374 0.9179 0.86043946
0.9405 0.9141 0.85971105
0.9388 0.9091 0.85346308
0.9376 0.9113 0.85443488
0.9415 0.9091 0.85591765
0.9353 0.9219 0.86225307
0.9405 0.9219 0.86704695
0.9361 0.9237 0.86467557
0.9401 0.9185 0.86348185
0.941 0.9355 0.8803055
0.9413 0.916 0.8622308
0.939 0.9348 0.8777772
0.9353 0.9256 0.86571368
0.9395 0.9015 0.84695925
0.9352 0.9333 0.87282216
0.9415 0.9496 0.8940484
0.9443 0.9231 0.87168333
0.9373 0.9147 0.85734831
0.9397 0.913 0.8579461
0.9358 0.9206 0.86149748
0.9414 0.9286 0.87418404
0.9401 0.9219 0.86667819
0.9248 0.9078 0.83953344
0.9373 0.9267 0.86859591
0.9378 0.9237 0.86624586
0.938 0.9353 0.8773114
0.9425 0.9236 0.870493
0.9406 0.9493 0.89291158
0.9461 0.92 0.870412
0.9409 0.9344 0.87917696
0.9431 0.912 0.8601072
0.9365 0.9167 0.85848955
0.94 0.9145 0.85963
0.933 0.944 0.880752
0.9313 0.8906 0.82941578
0.9373 0.912 0.8548176
0.9369 0.9167 0.85885623
0.9478 0.9063 0.85899114
0.9383 0.9124 0.85610492
0.9292 0.9043 0.84027556
0.9468 0.9077 0.85941036
0.9371 0.9333 0.87459543
0.9398 0.9206 0.86517988
0.9456 0.9214 0.87127584
0.9368 0.9106 0.85305008
0.9471 0.9398 0.89008458
0.9365 0.9256 0.8668244
0.9405 0.937 0.8812485
0.936 0.92 0.86112
0.9407 0.9189 0.86440923
0.939 0.9333 0.8763687
0.9452 0.9329 0.88177708
0.9339 0.9281 0.86675259
0.9334 0.9211 0.85975474
0.9316 0.9375 0.873375
0.9355 0.9104 0.8516792
0.9363 0.9124 0.85428012
0.9374 0.9026 0.84609724
0.9382 0.9365 0.8786243
0.9445 0.9214 0.8702623
0.9354 0.9118 0.85289772
0.9401 0.9231 0.86780631
0.9365 0.9106 0.8527769
0.9238 0.9204 0.85026552
0.9406 0.907 0.8531242
0.9389 0.9292 0.87242588
0.9364 0.913 0.8549332
0.9357 0.9213 0.86206041
0.9335 0.9023 0.84229705
0.9381 0.9323 0.87459063
0.9355 0.9179 0.85869545
0.9354 0.9028 0.84447912
0.9344 0.9154 0.85534976