0.9453
0.9636
0.9174
0.9213
0.9479
0.9545
0.963
0.9744
0.9449
0.9483
0.9335
0.9534
0.9715
0.964
0.9698
0.951
0.9756
0.9116
0.9543
0.9523
0.9627
0.9547
0.956
0.9473
0.9632
0.971
0.9672
0.9603
0.9556
0.9592
0.9639
0.9561
0.9645
0.9582
0.9665
0.9491
0.9689
0.9449
0.9618
0.9605
0.9604
0.9639
0.952
0.9624
0.9646
0.9561
0.967
0.9558
0.9582
0.9549
0.9624
0.9595
0.9682
0.961
0.9557
0.9527
0.951
0.953
0.9621
0.9582
0.95
0.9558
0.955
0.9596
0.9646
0.9465
0.9604
0.9664
0.9561
0.9597
0.9547
0.9594
0.9646
0.9695
0.9643
0.9573
0.9571
0.9498
0.9609
0.964
0.9533
0.9628
0.9541
0.9583
0.9571
0.969
0.9544
0.9516
0.9576
0.9615
0.954
0.9583
0.9621
0.9619
0.9611
0.9592
0.9638
0.9532
0.9641
0.9615
0.9514
0.9545
0.9565
0.9626
0.96
0.9543
0.9668
0.9508
0.9552
0.9496
0.9559
0.957
0.9588
0.9626
0.9674
0.9605
0.9562
0.9475
0.9565
0.9615
0.957
0.9569
0.9554
0.9623
0.9463
0.9607
0.9563
0.9492
0.9462
0.9571
0.9533
0.9547
0.9624
0.9604
0.959
0.955
0.9499
0.9551
0.9474
0.9494
0.9479
0.9426
0.9425
0.9466
0.9477
0.944
0.9489
0.9409
0.9513
0.9415
0.9418
0.948
0.9511
0.9465
0.9445
0.9511
0.9513
0.9589
0.9498
0.946
0.9425
0.9569
0.9517
0.9465
0.9478
0.9417
0.9453
0.9479
0.937
0.9489
0.9518
0.9362
0.9383
0.9508
0.9457
0.95
0.9453
0.9516
0.9448
0.9406
0.94
0.9508
0.9431
0.9479
0.9437
0.9339
0.9441
0.9514
0.9465
0.9455
0.9399
0.9522
0.9491
0.9413
0.9513
0.9463
0.9469
0.9487
0.9387
0.9497
0.9408
0.9498
0.9432
0.9554
0.9437
0.9315
0.9501
0.9449
0.9462
0.9391
0.9414
0.9434
0.9412
0.9438
0.9484
0.9518
0.949
0.9453
0.9549
0.941
0.9445
0.9375
0.9408
0.9448
0.9444
0.9372
0.9453
0.9384
0.9448
0.947
0.9451
0.94
0.9453
0.9438
0.936
0.941
0.9432
0.9438
0.9423
0.9378
0.9374
0.9335
0.9486
0.9403
0.9359
0.9215
0.9405
0.9373
0.9325
0.9405
0.9471
0.938
0.9399
0.9467
0.9423
0.9395
0.9421
0.9439
0.942
0.9335
0.9418
0.9401
0.9324
0.9488
0.9393
0.9237
0.9461
0.9378
0.9452
0.9429
0.9399
0.9406
0.9463
0.9414
0.9387
0.94
0.9459
0.9376
0.9289
0.9427
0.9413
0.9341
0.9319
0.948
0.932
0.9451
0.9452
0.9286
0.9431
0.9465
0.9411
0.9398
0.9471
0.9467
0.9458
0.9444
0.9428
0.9483
0.9433
0.9413