0.9450 
0.9750 
0.9264 
0.9286 
0.9486 
0.9622 
0.9630 
0.9807 
0.9411 
0.9553 
0.9361 
0.9534 
0.9741 
0.9692 
0.9674 
0.9539 
0.9789 
0.9139 
0.9543 
0.9466 
0.9627 
0.9594 
0.9577 
0.9488 
0.9654 
0.9704 
0.9692 
0.9627 
0.9627 
0.9733 
0.9636 
0.9620 
0.9660 
0.9610 
0.9714 
0.9605 
0.9774 
0.9473 
0.9607 
0.9603 
0.9618 
0.9716 
0.9585 
0.9671 
0.9667 
0.9623 
0.9681 
0.9700 
0.9607 
0.9597 
0.9575 
0.9562 
0.9702 
0.9673 
0.9627 
0.9590 
0.9561 
0.9513 
0.9650 
0.9615 
0.9633 
0.9679 
0.9635 
0.9681 
0.9646 
0.9576 
0.9630 
0.9635 
0.9635 
0.9637 
0.9619 
0.9649 
0.9690 
0.9655 
0.9673 
0.9645 
0.9528 
0.9538 
0.9676 
0.9645 
0.9582 
0.9679 
0.9586 
0.9652 
0.9639 
0.9623 
0.9593 
0.9536 
0.9641 
0.9625 
0.9583 
0.9609 
0.9646 
0.9651 
0.9639 
0.9616 
0.9643 
0.9537 
0.9575 
0.9624 
0.9623 
0.9660 
0.9594 
0.9647 
0.9613 
0.9596 
0.9626 
0.9578 
0.9564 
0.9583 
0.9664 
0.9587 
0.9605 
0.9688 
0.9652 
0.9591 
0.9580 
0.9557 
0.9633 
0.9617 
0.9618 
0.9580 
0.9549 
0.9635 
0.9578 
0.9662 
0.9569 
0.9577 
0.9536 
0.9607 
0.9570 
0.9608 
0.9566 
0.9612 
0.9566 
0.9624 
0.9563 
0.9539 
0.9577 
0.9598 
0.9493 
0.9519 
0.9468 
0.9496 
0.9529 
0.9541 
0.9465 
0.9520 
0.9493 
0.9531 
0.9602 
0.9558 
0.9505 
0.9560 
0.9466 
0.9525 
0.9526 
0.9571 
0.9500 
0.9551 
0.9516 
0.9543 
0.9509 
0.9577 
0.9525 
0.9485 
0.9575 
0.9457 
0.9450 
0.9515 
0.9518 
0.9474 
0.9484 
0.9552 
0.9466 
0.9537 
0.9482 
0.9488 
0.9519 
0.9482 
0.9504 
0.9534 
0.9491 
0.9508 
0.9481 
0.9486 
0.9502 
0.9466 
0.9457 
0.9484 
0.9495 
0.9487 
0.9467 
0.9530 
0.9472 
0.9466 
0.9528 
0.9473 
0.9523 
0.9528 
0.9477 
0.9451 
0.9455 
0.9493 
0.9550 
0.9448 
0.9506 
0.9544 
0.9423 
0.9498 
0.9492 
0.9420 
0.9459 
0.9466 
0.9491 
0.9530 
0.9502 
0.9515 
0.9484 
0.9485 
0.9441 
0.9508 
0.9478 
0.9452 
0.9531 
0.9403 
0.9436 
0.9442 
0.9451 
0.9483 
0.9483 
0.9446 
0.9502 
0.9527 
0.9513 
0.9496 
0.9500 
0.9490 
0.9468 
0.9467 
0.9460 
0.9385 
0.9515 
0.9476 
0.9510 
0.9497 
0.9466 
0.9464 
0.9438 
0.9463 
0.9476 
0.9494 
0.9451 
0.9456 
0.9496 
0.9459 
0.9462 
0.9467 
0.9481 
0.9444 
0.9486 
0.9435 
0.9480 
0.9478 
0.9423 
0.9346 
0.9474 
0.9432 
0.9461 
0.9456 
0.9450 
0.9496 
0.9491 
0.9406 
0.9455 
0.9485 
0.9484 
0.9483 
0.9446 
0.9473 
0.9457 
0.9487 
0.9452 
0.9507 
0.9481 
0.9414 
0.9467 
0.9386 
0.9512 
0.9478 
0.9452 
0.9446 
0.9528 
0.9451 
0.9463 
0.9443 
0.9515 
0.9439 
0.9491 
0.9456 
