0.962 0.7092 0.6821 5
0.9816 0.6434 0.6316 5
0.9516 0.4178 0.3973 7
0.9633 0.4489 0.4322 8
0.9623 0.756 0.7241 22
0.9706 0.4977 0.483 3
0.9786 0.4509 0.4412 4
0.9882 0.4822 0.4763 18
0.9492 0.3835 0.3639 6
0.9597 0.6437 0.6176 8
0.9384 0.4574 0.4274 24
0.9624 0.581 0.5578 13
0.9835 0.5938 0.5839 8
0.9747 0.4628 0.4511 4
0.9751 0.5991 0.5842 5
0.9778 0.4808 0.47 5
0.9827 0.7451 0.732 16
0.9604 0.3999 0.3841 1
0.9793 0.4535 0.4441 1
0.9673 0.7624 0.7373 3
0.9716 0.501 0.4864 9
0.9742 0.4958 0.483 6
0.9682 0.6029 0.5832 35
0.9818 0.4745 0.4658 8
0.9771 0.4921 0.4808 6
0.9839 0.507 0.4985 24
0.9855 0.5749 0.5664 14
0.9821 0.4979 0.489 3
0.9779 0.4928 0.4814 10
0.9835 0.4126 0.4058 11
0.9676 0.5625 0.5439 9
0.971 0.4445 0.4316 4
0.9802 0.4893 0.4796 13
0.9686 0.5284 0.5117 8
0.9781 0.5347 0.5226 10
0.9815 0.6141 0.6027 5
0.9834 0.4691 0.4613 10
0.9722 0.3868 0.376 5
0.9762 0.7 0.6833 5
0.977 0.4472 0.4362 9
0.9806 0.5696 0.5573 17
0.9808 0.6316 0.6193 9
0.9831 0.4254 0.4182 10
0.9868 0.4402 0.4343 7
0.9776 0.592 0.5787 7
0.9766 0.4643 0.4532 13
0.9822 0.5436 0.5338 23
0.9782 0.6245 0.6109 6
0.979 0.5327 0.5215 4
0.9835 0.612 0.6012 15
0.9777 0.5988 0.5853 12
0.9772 0.6526 0.6373 11
0.9853 0.6467 0.6369 22
0.9795 0.5198 0.5091 3
0.9791 0.5575 0.5458 3
0.9811 0.6331 0.6206 25
0.9797 0.5004 0.4897 13
0.9737 0.6464 0.6292 9
0.986 0.4913 0.4843 13
0.9805 0.525 0.5145 12
0.9823 0.4319 0.424 13
0.9848 0.5509 0.5424 15
0.9821 0.5978 0.5868 17
0.9831 0.6078 0.5971 34
0.9841 0.5315 0.5225 20
0.9764 0.5519 0.5386 18
0.9862 0.5035 0.4965 10
0.9786 0.5661 0.5539 10
0.9765 0.6021 0.5878 8
0.9824 0.7117 0.6991 11
0.9807 0.5626 0.5513 20
0.9777 0.6321 0.6179 6
0.9873 0.6335 0.6244 19
0.9797 0.6509 0.6373 21
0.9814 0.4979 0.4882 16
0.9844 0.5722 0.5631 13
0.982 0.4937 0.4848 4
0.9752 0.6097 0.5946 4
0.9856 0.607 0.5979 18
0.979 0.6591 0.6448 20
0.9824 0.5427 0.533 21
0.9821 0.475 0.4662 18
0.9764 0.6771 0.6609 4
0.9844 0.5834 0.574 19
0.9802 0.5893 0.5775 18
0.9836 0.6776 0.6664 9
0.9823 0.6269 0.6152 15
0.9727 0.6263 0.6084 25
0.9779 0.5592 0.5465 31
0.9814 0.5268 0.5165 19
0.979 0.5911 0.5785 12
0.9799 0.5626 0.5511 17
0.9838 0.6359 0.6255 14
0.9795 0.5621 0.5505 5
0.9891 0.5717 0.5651 24
0.9851 0.5529 0.5446 6
0.984 0.5638 0.5545 13
0.9735 0.5474 0.5328 14
0.9867 0.5107 0.5033 12
0.9816 0.516 0.5063 13
0.9837 0.4756 0.4676 12
0.9852 0.6599 0.6499 12
0.9839 0.5882 0.5784 16
0.9827 0.6833 0.6714 5
0.9844 0.5333 0.5249 11
0.9828 0.6619 0.6499 17
0.9853 0.5457 0.5376 16
0.9797 0.6698 0.656 13
0.9782 0.565 0.5521 14
0.9814 0.6599 0.6476 6
0.9807 0.6793 0.6661 10
0.9831 0.5912 0.5812 3
0.9848 0.5654 0.5564 18
0.9857 0.5248 0.5172 13
0.9861 0.6013 0.5928 14
0.9784 0.5828 0.5698 17
0.9821 0.5507 0.5405 12
0.9724 0.6515 0.6335 6
0.978 0.5507 0.5385 8
0.9812 0.5206 0.5103 32
0.9868 0.6262 0.6173 16
0.9854 0.6678 0.6579 15
0.9809 0.5643 0.5532 23
0.9828 0.6704 0.6583 15
0.9792 0.6167 0.6037 9
0.9816 0.6098 0.5984 17
0.9803 0.6394 0.6266 22
0.9811 0.5945 0.5832 5
0.981 0.5384 0.5281 9
0.9863 0.5845 0.5764 12
0.9789 0.5612 0.5492 19
0.9825 0.5753 0.5651 13
0.9788 0.537 0.5254 26
0.9823 0.5977 0.5871 4
0.983 0.5975 0.5872 9
0.9805 0.5755 0.5639 18
0.9779 0.5892 0.576 17
0.9778 0.6208 0.6065 19
0.9804 0.6114 0.5992 11
0.9842 0.654 0.6434 18
0.9768 0.6021 0.588 12
0.976 0.5587 0.545 12
0.9729 0.5766 0.5608 15
0.9703 0.5682 0.5512 20
0.968 0.5203 0.5035 9
0.9678 0.6721 0.6504 14
0.9742 0.5698 0.5543 24
0.9739 0.534 0.5199 9
0.9655 0.5975 0.5764 13
0.9746 0.5454 0.5313 22
0.978 0.5596 0.5472 17
0.9699 0.5709 0.5537 3
0.9727 0.5931 0.5767 12
0.975 0.579 0.5636 21
0.9779 0.5673 0.5544 14
0.9715 0.6123 0.5945 11
0.9729 0.5615 0.5462 11
0.9716 0.5636 0.5475 13
0.9731 0.6368 0.6195 11
0.9771 0.5077 0.4957 20
0.9721 0.5508 0.5354 12
0.9706 0.5734 0.5564 15
0.9727 0.5496 0.5344 10
0.9664 0.5645 0.5454 12
0.9767 0.6286 0.6139 14
0.9671 0.5853 0.5658 17
0.9743 0.6456 0.6287 11
0.9678 0.5436 0.526 10
0.9667 0.5424 0.5241 15
0.9737 0.5942 0.5783 10
0.9733 0.5681 0.5526 20
0.9702 0.559 0.5422 23
0.9701 0.5607 0.5438 14
0.9724 0.633 0.6154 22
0.9712 0.5451 0.5292 17
0.9719 0.525 0.5102 9
0.9732 0.5905 0.5744 17
0.9735 0.5228 0.5089 8
0.9811 0.5488 0.5382 19
0.9669 0.513 0.496 11
0.9712 0.5461 0.5303 6
0.9709 0.532 0.5165 4
0.9729 0.5582 0.5428 19
0.974 0.529 0.515 20
0.9742 0.6321 0.6157 15
0.9692 0.5361 0.5194 18
0.9718 0.5014 0.4871 16
0.9776 0.6353 0.621 20
0.9692 0.6003 0.5818 7
0.9683 0.5726 0.5544 8
0.9687 0.5432 0.526 17
0.9766 0.5963 0.5821 23
0.9672 0.5573 0.5389 18
0.9698 0.4973 0.4822 5
0.9721 0.5232 0.5085 12
0.9738 0.6064 0.5905 14
0.9731 0.5411 0.5262 23
0.9748 0.6194 0.6033 27
0.9687 0.5885 0.5699 19
0.9719 0.5674 0.5514 5
0.9752 0.6008 0.5858 10
0.9712 0.5444 0.5287 13
0.9676 0.5474 0.5295 17
0.9709 0.5743 0.5575 15
0.9689 0.5393 0.5223 11
0.9716 0.5139 0.4991 15
0.9708 0.5873 0.57 18
0.9719 0.5463 0.5308 5
0.9649 0.5602 0.5403 26
0.9746 0.552 0.5375 20
0.9731 0.5995 0.5833 10
0.9723 0.5806 0.5643 19
0.9729 0.5538 0.5387 6
0.9667 0.5339 0.5157 26
0.9684 0.5584 0.5405 18
0.9706 0.5093 0.4943 12
0.9738 0.568 0.553 9
0.9703 0.583 0.5655 17
0.9697 0.5527 0.5358 30
0.97 0.5647 0.5477 15
0.9728 0.5515 0.5365 2
0.9712 0.536 0.5205 11
0.9685 0.589 0.5704 9
0.9704 0.6024 0.5843 18
0.9713 0.558 0.5417 21
0.9672 0.6459 0.6246 8
0.9662 0.6286 0.6073 5
0.9687 0.5975 0.5785 16
0.9717 0.5203 0.5054 14
0.9693 0.5805 0.5626 12
0.9703 0.5991 0.5812 10
0.9724 0.555 0.5396 8
0.9703 0.5649 0.548 20
0.9683 0.5521 0.5343 18
0.9665 0.5766 0.557 26
0.9678 0.5899 0.5708 16
0.9712 0.5654 0.5491 19
0.9674 0.58 0.561 11
0.9697 0.5875 0.5695 16
0.9722 0.5792 0.5629 17
0.9695 0.5597 0.5424 11
0.9696 0.6519 0.632 14
0.9677 0.5679 0.5494 14
0.971 0.6456 0.6264 14
0.9684 0.5494 0.5319 11
0.9681 0.576 0.5574 19
0.968 0.5441 0.5266 11
0.9682 0.5308 0.5139 7
0.9662 0.5539 0.5348 17
0.9718 0.567 0.551 11
0.9714 0.5194 0.5043 17
0.9696 0.5709 0.5534 13
0.972 0.5275 0.5126 16
0.9698 0.5655 0.5483 13
0.9708 0.5726 0.5558 12
0.9661 0.5882 0.5681 13
0.9706 0.5645 0.5479 5
0.9781 0.5563 0.544 21
0.9686 0.5933 0.5746 9
0.9701 0.5624 0.5453 15
0.9688 0.5893 0.5708 12
0.9679 0.5521 0.5344 5
0.968 0.6037 0.5842 15
0.9675 0.5409 0.5231 20
0.9705 0.5691 0.5522 10
0.9686 0.5478 0.5305 11
0.9743 0.5761 0.5612 12
0.9637 0.5591 0.5387 12
0.9696 0.5745 0.5569 10
0.971 0.5578 0.5414 15
0.9631 0.5567 0.5359 11
0.968 0.5973 0.5782 4
0.9755 0.5589 0.545 19
0.9648 0.5816 0.5611 8
0.9702 0.5432 0.5269 14
0.9673 0.5536 0.5355 7
0.9678 0.5715 0.553 4
0.9601 0.5192 0.4984 8
0.9677 0.5487 0.5308 16
0.9655 0.5438 0.5248 12
0.9676 0.6282 0.6078 7
0.967 0.5664 0.5475 13
0.9671 0.5642 0.5455 17
0.9678 0.5803 0.5614 8
0.9723 0.5901 0.5737 9
0.9648 0.5722 0.5519 11
0.9668 0.5542 0.5356 19
0.9606 0.565 0.5426 4
0.9675 0.5759 0.5571 10
0.968 0.5387 0.5213 17
0.9669 0.5556 0.5371 11
0.965 0.5235 0.505 16
0.9667 0.5441 0.5258 12
0.9733 0.5994 0.5831 17
0.9658 0.5377 0.5192 14
0.9642 0.5763 0.5556 8
0.9678 0.538 0.5205 12
0.9689 0.5807 0.5625 10
0.9692 0.5676 0.5499 21
0.9634 0.5482 0.5279 9
0.962 0.7235 0.6957 7
0.9802 0.5434 0.5316 22
0.9533 0.5504 0.5246 6
0.9613 0.6058 0.5817 17
0.9613 0.5974 0.574 19
0.9692 0.6105 0.5915 5
0.9786 0.4561 0.4463 7
0.9882 0.6557 0.6476 10
0.9471 0.6444 0.6102 5
0.9627 0.8563 0.8238 12
0.9446 0.6605 0.6236 4
0.9642 0.7265 0.6992 18
0.9822 0.9456 0.9279 16
0.9752 0.2669 0.26 11
0.9767 0.6294 0.6147 6
0.9778 0.3353 0.3252 35
0.9822 0.5956 0.5846 11
0.9604 0.4133 0.3969 1
0.9793 0.2742 0.2685 1
0.9655 0.5106 0.4919 12
0.9716 0.6402 0.6215 16
0.9709 0.6462 0.6272 15
0.9706 0.7291 0.7075 7
0.9797 0.907 0.8884 11
0.9771 0.6684 0.6507 28
0.9839 0.5663 0.5571 4
0.9778 0.7557 0.7382 9
0.9789 0.6997 0.6831 13
0.9745 0.762 0.7423 5
0.9829 0.4572 0.4491 12
0.97 0.5912 0.5716 22
0.9719 0.6655 0.6464 9
0.9798 0.3858 0.3779 12
0.9661 0.5918 0.5714 14
0.979 0.5947 0.5821 13
0.9758 0.8333 0.8131 4
0.9812 0.3499 0.3433 5
0.9689 0.7837 0.7588 7
0.9795 0.7355 0.7202 8
0.9847 0.7056 0.6931 17
0.9807 0.762 0.746 15
0.9846 0.4832 0.4757 11
0.9871 0.7101 0.6972 19
0.979 0.6682 0.654 17
0.9764 0.632 0.617 9
0.9754 0.5425 0.529 12
0.9828 0.5434 0.5334 28
0.9843 0.7251 0.7125 32
0.9756 0.6791 0.6625 7
0.9837 0.781 0.7673 13
0.9769 0.7118 0.6951 13
0.9779 0.7249 0.7086 14
0.9853 0.7671 0.7557 19
0.9778 0.7585 0.741 29
0.9797 0.6502 0.6366 10
0.9763 0.5145 0.502 11
0.9774 0.6846 0.6689 15
0.9737 0.6358 0.619 5
0.9871 0.6695 0.6595 23
0.9799 0.6205 0.6078 11
0.9837 0.6643 0.6533 9
0.9801 0.594 0.5821 13
0.9782 0.698 0.6828 8
0.9834 0.689 0.6772 18
0.9784 0.5529 0.5409 10
0.9782 0.7009 0.6851 23
0.9842 0.7749 0.7618 17
0.9755 0.7273 0.7091 13
0.9781 0.6096 0.5959 10
0.9809 0.4839 0.4744 5
0.9815 0.5714 0.5593 21
0.979 0.7482 0.732 19
0.9863 0.9472 0.933 19
0.9787 0.5791 0.5661 20
0.9856 0.9174 0.9038 21
0.9834 0.5818 0.5715 15
0.9771 0.7332 0.7164 7
0.973 0.5482 0.5334 5
0.9834 0.7778 0.7641 13
0.9796 0.652 0.6381 17
0.973 0.5236 0.5085 12
0.983 0.6199 0.6093 14
0.9759 0.5961 0.5817 6
0.9847 0.684 0.6732 19
0.9798 0.4795 0.4696 16
0.9778 0.595 0.5815 20
0.9795 0.7086 0.6927 32
0.9734 0.597 0.5805 27
0.9756 0.6544 0.6383 8
0.981 0.5415 0.531 18
0.978 0.6012 0.5872 23
0.9742 0.5353 0.521 21
0.9853 0.6922 0.6817 25
0.98 0.7039 0.6894 31
0.9891 0.6548 0.6466 23
0.9833 0.6495 0.6383 14
0.9805 0.6997 0.6859 10
0.9703 0.6777 0.6572 18
0.9818 0.7735 0.759 16
0.9835 0.6609 0.6498 17
0.9837 0.7116 0.6997 26
0.9849 0.7691 0.7573 11
0.9786 0.6337 0.62 16
0.9815 0.6294 0.6176 7
0.9809 0.6949 0.6812 16
0.9837 0.631 0.6202 21
0.9803 0.7335 0.7189 7
0.9794 0.6181 0.6047 23
0.9801 0.6939 0.679 33
0.9819 0.5977 0.5856 29
0.9823 0.624 0.6123 27
0.9823 0.6886 0.6757 25
0.9867 0.6047 0.5962 26
0.9788 0.5754 0.5629 24
0.9868 0.5287 0.5195 22
0.9842 0.644 0.6334 33
0.981 0.6871 0.6739 10
0.9729 0.6392 0.6217 23
0.9846 0.5765 0.5673 23
0.9808 0.6276 0.6153 20
0.9837 0.6014 0.5912 33
0.9848 0.6438 0.6339 9
0.9766 0.7501 0.7323 15
0.9836 0.653 0.6418 21
0.9783 0.6315 0.6174 15
0.981 0.6409 0.6286 10
0.9784 0.7154 0.6991 30
0.9785 0.6049 0.5912 27
0.9783 0.6784 0.6636 15
0.9788 0.8077 0.7902 16
0.9769 0.6976 0.6814 13
0.9855 0.6295 0.6197 17
0.9813 0.6446 0.632 28
0.9806 0.6023 0.5903 19
0.9826 0.6982 0.6858 14
0.9816 0.6527 0.6406 9
0.9781 0.7034 0.6873 15
0.9754 0.6265 0.6104 41
0.979 0.5291 0.5177 20
0.9787 0.6249 0.6113 14
0.9744 0.6372 0.6205 30
0.9752 0.6721 0.6553 6
0.9652 0.6529 0.63 15
0.9717 0.6864 0.6668 11
0.9712 0.6328 0.6144 11
0.9642 0.5662 0.5459 16
0.9689 0.6371 0.6171 17
0.9694 0.661 0.6406 9
0.9669 0.5691 0.5501 17
0.9693 0.7032 0.6814 22
0.9685 0.529 0.5121 16
0.973 0.6463 0.6284 21
0.9706 0.6133 0.595 24
0.9656 0.5804 0.5603 13
0.9745 0.7153 0.6966 24
0.9687 0.6503 0.6297 26
0.9741 0.5859 0.5706 20
0.9763 0.5939 0.5794 16
0.9694 0.6462 0.6261 21
0.9754 0.6054 0.5902 13
0.9723 0.5923 0.5757 15
0.9687 0.7041 0.682 6
0.9698 0.6686 0.6481 13
0.9705 0.6237 0.605 19
0.9725 0.6139 0.5968 24
0.9741 0.7221 0.7031 20
0.9731 0.541 0.5262 14
0.9723 0.6711 0.6522 20
0.9645 0.5895 0.5685 11
0.9734 0.7011 0.6822 18
0.9683 0.597 0.5778 20
0.9705 0.7283 0.7065 14
0.9666 0.6788 0.6559 19
0.9745 0.6478 0.631 16
0.9668 0.5859 0.5664 9
0.9699 0.5967 0.5782 29
0.9712 0.5894 0.572 20
0.9714 0.7187 0.6981 14
0.9739 0.6642 0.6462 23
0.9732 0.642 0.6241 21
0.9733 0.6351 0.6181 11
0.9686 0.6525 0.632 10
0.9754 0.6732 0.6563 17
0.9669 0.5527 0.5342 16
0.9701 0.6003 0.582 17
0.9624 0.7201 0.6929 12
0.971 0.633 0.6146 5
0.9714 0.5689 0.5523 24
0.9663 0.6133 0.5922 22
0.9682 0.6144 0.5947 14
0.9658 0.6486 0.626 16
0.9655 0.586 0.5655 14
0.966 0.6256 0.6041 17
0.9699 0.6528 0.633 10
0.9663 0.6557 0.6335 13
0.9744 0.6042 0.5886 14
0.9707 0.6578 0.6383 17
0.9722 0.6577 0.6393 16
0.9709 0.667 0.6475 15
0.9685 0.6417 0.6213 18
0.9676 0.6597 0.6381 23
0.9683 0.6623 0.6411 18
0.9674 0.677 0.6543 25
0.9681 0.5995 0.5802 11
0.9683 0.7034 0.6809 18
0.97 0.7476 0.7246 17
0.9728 0.741 0.7205 21
0.969 0.5793 0.5612 21
0.965 0.606 0.5845 21
0.9728 0.6778 0.6592 20
0.9733 0.7111 0.692 12
0.9681 0.6169 0.5969 15
0.9703 0.5999 0.5817 19
0.9726 0.667 0.6484 18
0.9682 0.7219 0.6986 13
0.9661 0.6161 0.595 15
0.9713 0.6319 0.6137 14
0.9702 0.6551 0.6349 36
0.973 0.6252 0.608 17
0.9697 0.6472 0.6271 16
0.9675 0.5783 0.5593 21
0.9715 0.6642 0.645 8
0.9692 0.6778 0.6568 20
0.9713 0.6145 0.5966 15
0.9687 0.6871 0.6654 15
0.9672 0.6519 0.6305 16
0.9662 0.7065 0.6826 8
0.9713 0.6428 0.6236 21
0.9655 0.6678 0.6444 24
0.9698 0.6181 0.5993 9
0.9715 0.6322 0.6141 16
0.9698 0.6008 0.5826 10
0.9687 0.5811 0.5626 25
0.9684 0.6012 0.5819 23
0.9661 0.57 0.5503 19
0.9665 0.5863 0.5666 9
0.9693 0.7535 0.73 18
0.9685 0.6172 0.5974 17
0.9678 0.6364 0.6155 16
0.9724 0.6289 0.6112 18
0.9681 0.6154 0.5957 10
0.9689 0.6276 0.6079 14
0.9681 0.6145 0.5947 17
0.9716 0.6144 0.5969 19
0.9657 0.6566 0.6339 16
0.9669 0.6478 0.6263 9
0.9667 0.6278 0.6068 13
0.9647 0.6772 0.6532 16
0.9654 0.6939 0.6697 16
0.97 0.6556 0.6356 15
0.9725 0.6689 0.6504 11
0.9676 0.5981 0.5782 19
0.9715 0.6924 0.6727 4
0.9661 0.5717 0.5522 10
0.9687 0.6226 0.603 11
0.9688 0.6626 0.6417 19
0.972 0.6425 0.624 29
0.9692 0.7087 0.6864 19
0.9737 0.5915 0.5755 24
0.968 0.5811 0.5625 15
0.9741 0.6841 0.666 17
0.9627 0.5828 0.561 8
0.9611 0.6236 0.5992 19
0.967 0.6727 0.6504 14
0.9602 0.5794 0.5563 6
0.9671 0.7137 0.6901 10
0.9719 0.722 0.7012 23
0.9612 0.5694 0.5472 2
0.9641 0.6705 0.6464 17
0.9668 0.6344 0.6133 13
0.967 0.6539 0.6321 8
0.9675 0.6351 0.614 27
0.9684 0.6125 0.5931 10
0.9686 0.6935 0.6717 9
0.97 0.6693 0.6488 24
0.9691 0.6347 0.6148 24
0.9669 0.646 0.6244 9
0.9665 0.6688 0.6462 13
0.9656 0.6301 0.6081 12
0.9697 0.6232 0.604 16
0.9681 0.6269 0.6066 21
0.9635 0.6345 0.611 5
0.9624 0.59 0.5676 13
0.965 0.6198 0.5981 5
0.9643 0.6391 0.616 10
0.9676 0.6924 0.6699 10
0.9648 0.618 0.5959 7
0.9577 0.5677 0.5435 8
0.9653 0.6381 0.6155 29
0.9673 0.6163 0.5961 7
0.9657 0.6707 0.6475 9
0.9615 0.6443 0.6194 9
0.9633 0.6421 0.6185 12
0.9692 0.5952 0.5768 11
0.9656 0.6038 0.5828 7
0.9644 0.6211 0.5989 11
0.9658 0.6009 0.5797 17
0.9618 0.668 0.6423 8
0.9655 0.5698 0.5499 14
0.9633 0.6271 0.604 12
0.9634 0.9999 0.9611 10
0.9704 0.6089 0.5907 13
0.9562 0.8931 0.854 1
0.9667 0.9344 0.8963 24
0.9667 0.8806 0.8513 2
0.9683 0.8103 0.7839 4
0.9801 0.6641 0.6509 3
0.9868 0.7398 0.7277 17
0.9477 0.6908 0.6544 8
0.9593 1 0.959 11
0.9486 0.9892 0.9374 7
0.9621 0.9999 0.9594 10
0.9805 0.9553 0.9365 52
0.9747 0.7282 0.7093 6
0.9761 0.5298 0.5169 15
0.9778 0.3614 0.3502 51
0.9822 0.455 0.4466 14
0.952 1 0.9511 8
0.9793 0.3296 0.3228 1
0.9656 0.5011 0.4833 6
0.9716 1 0.9715 9
0.9761 0.6417 0.626 10
0.9698 0.8253 0.7976 18
0.9806 0.8215 0.8004 37
0.9767 0.758 0.7376 13
0.9879 0.8278 0.8172 10
0.9752 0.7412 0.7207 39
0.9784 0.5838 0.5706 10
0.9774 0.9328 0.9103 12
0.9769 1 0.9766 10
0.9698 1 0.9687 24
0.9716 0.6604 0.6414 22
0.98 0.4556 0.4464 19
0.9694 0.6356 0.6159 18
0.9781 0.6813 0.6663 9
0.9722 0.6036 0.5865 9
0.9843 0.905 0.8906 8
0.9675 1 0.966 14
0.9781 0.861 0.8416 32
0.9783 0.8294 0.8068 20
0.978 0.9786 0.9551 23
0.9856 0.4658 0.4586 15
0.9804 0.6726 0.659 18
0.9882 1 0.988 12
0.9728 0.5557 0.5402 25
0.9839 0.8232 0.8094 20
0.9826 0.7547 0.7399 22
0.9829 0.7115 0.699 15
0.9747 0.622 0.6048 20
0.9752 0.7137 0.6959 5
0.9729 0.7058 0.6865 7
0.9763 0.9129 0.8904 14
0.9869 0.6808 0.6717 11
0.9747 0.3619 0.3526 15
0.9786 0.6851 0.6703 12
0.9817 0.7456 0.7313 18
0.9746 0.4657 0.4538 7
0.9734 0.8367 0.8143 7
0.9875 0.6142 0.6059 17
0.9724 0.6265 0.609 12
0.9809 0.7842 0.769 21
0.9816 0.9318 0.9145 18
0.9724 0.5914 0.575 6
0.981 0.787 0.7713 23
0.9793 0.6753 0.6608 23
0.9736 0.8452 0.8226 24
0.9777 0.7395 0.7229 12
0.9745 0.6082 0.5918 15
0.9772 0.9158 0.8949 6
0.9792 0.9143 0.8951 23
0.981 0.9188 0.8989 30
0.9784 0.5727 0.5597 19
0.9895 0.9713 0.9582 51
0.9764 0.7187 0.7013 25
0.9825 1 0.9825 6
0.9803 0.6674 0.6537 17
0.9759 0.9629 0.939 20
0.9715 1 0.9692 12
0.9858 0.7654 0.7537 22
0.9793 1 0.9793 11
0.9821 0.8068 0.7917 12
0.9813 0.9455 0.9275 18
0.9749 0.6547 0.6382 9
0.9829 0.8416 0.827 16
0.9773 0.8727 0.8526 17
0.9814 0.8499 0.8335 21
0.9849 0.7699 0.7577 22
0.9734 0.6156 0.5992 7
0.9769 0.9447 0.9218 38
0.9814 0.9487 0.9305 13
0.977 0.7609 0.7426 22
0.98 0.94 0.9205 16
0.9836 1 0.9824 14
0.9789 0.771 0.7538 24
0.9891 0.9825 0.9716 12
0.9776 0.7189 0.7024 10
0.9777 0.7754 0.7575 12
0.9715 0.7884 0.7658 5
0.9847 0.9292 0.9143 30
0.9769 0.8445 0.8247 12
0.9843 1 0.9843 3
0.9849 0.7049 0.6935 17
0.9812 0.8883 0.8713 18
0.9857 0.9213 0.9079 15
0.9802 0.5398 0.529 17
0.9772 0.9103 0.8886 21
0.9791 0.7147 0.6997 18
0.9762 0.7052 0.6879 28
0.9778 0.8392 0.8205 12
0.9835 0.8665 0.852 21
0.9751 0.6186 0.6026 18
0.9803 0.8246 0.808 15
0.9831 0.8267 0.8125 27
0.9812 0.7968 0.7816 16
0.9888 0.8702 0.8573 46
0.9801 0.8906 0.8719 27
0.98 0.7629 0.7474 11
0.9695 0.5843 0.5663 19
0.9753 0.6735 0.6566 15
0.9815 0.6745 0.662 7
0.9843 0.6758 0.6648 19
0.9799 0.8391 0.8217 16
0.976 0.6661 0.6497 15
0.9798 0.9108 0.8921 12
0.9787 0.8028 0.7852 14
0.9795 0.6804 0.6657 25
0.9736 0.6747 0.6565 22
0.9763 0.6726 0.6563 21
0.9805 0.6496 0.6368 16
0.9781 0.9117 0.8913 23
0.9785 0.8274 0.809 27
0.9838 0.8282 0.814 12
0.9786 0.884 0.8646 25
0.9797 0.7203 0.7054 19
0.9851 0.7794 0.7673 20
0.9765 0.7228 0.7058 7
0.9793 0.6144 0.6013 18
0.9735 0.8414 0.8186 12
0.9835 0.8905 0.8757 9
0.9757 0.7832 0.7637 18
0.9759 0.8496 0.8291 8
0.9709 0.9519 0.9241 11
0.9682 0.8881 0.8597 8
0.9746 0.7789 0.7588 16
0.9688 0.8954 0.8673 8
0.9627 0.6949 0.669 7
0.9664 0.7481 0.7229 17
0.9682 0.5917 0.5727 13
0.9643 0.699 0.6737 14
0.973 0.7784 0.7572 17
0.9743 0.451 0.4387 20
0.967 0.8735 0.8441 20
0.9693 0.6548 0.6346 11
0.9717 0.8812 0.8559 13
0.9767 0.8421 0.8222 18
0.9772 0.707 0.6895 26
0.9688 0.902 0.8735 15
0.9726 0.9554 0.9285 14
0.9711 0.6558 0.6365 11
0.9724 0.7716 0.7495 25
0.9704 0.7286 0.7069 23
0.9711 0.8065 0.7829 18
0.9698 0.7796 0.7559 13
0.9698 0.7041 0.6827 13
0.9699 0.7918 0.7673 19
0.9671 0.7415 0.7167 9
0.9736 0.7844 0.7629 26
0.9723 0.9344 0.9077 25
0.9646 0.7174 0.6912 28
0.9677 0.7977 0.7718 14
0.9711 0.7351 0.7136 22
0.9626 0.9462 0.9108 3
0.9671 0.8107 0.7839 14
0.9663 0.8874 0.8573 10
0.9616 0.7083 0.6809 23
0.9661 0.8547 0.8255 15
0.9688 0.8044 0.7791 13
0.9694 0.8026 0.7779 20
0.9712 0.6452 0.6264 17
0.9652 0.7264 0.7006 20
0.971 0.8954 0.8687 19
0.9693 0.8328 0.8066 17
0.9693 0.9358 0.9067 20
0.9715 0.8469 0.8225 13
0.972 0.7018 0.6816 16
0.9708 0.7889 0.7658 13
0.9707 0.7645 0.7419 16
0.9731 0.781 0.7599 10
0.9682 0.7258 0.7025 21
0.9646 0.8787 0.847 22
0.9676 0.6892 0.6663 28
0.9703 0.9117 0.8842 31
0.9696 0.9275 0.899 15
0.9673 0.8745 0.8445 19
0.9669 0.7006 0.6767 26
0.973 0.82 0.7971 23
0.966 0.8598 0.8298 21
0.9703 0.7564 0.7335 21
0.973 0.7269 0.7069 21
0.9706 0.768 0.7452 7
0.9706 0.7746 0.7515 14
0.9669 0.7708 0.7449 16
0.9667 0.8288 0.8007 26
0.97 0.7534 0.7304 20
0.9671 0.6899 0.6672 13
0.9685 0.7449 0.7209 23
0.9753 0.7666 0.7473 18
0.9698 0.6326 0.6134 7
0.9632 0.6427 0.6186 21
0.9726 0.7583 0.7367 20
0.9716 0.7761 0.753 28
0.9695 0.8605 0.8336 20
0.9646 0.7715 0.744 22
0.9658 0.8873 0.8565 14
0.9637 0.829 0.7988 13
0.9672 0.7305 0.7061 13
0.9687 0.8006 0.7748 26
0.9705 0.8958 0.8689 16
0.9739 0.7332 0.7134 19
0.972 0.6965 0.6764 22
0.9672 0.6477 0.6264 13
0.9657 0.8073 0.7791 19
0.9721 0.8222 0.799 16
0.9614 0.7708 0.7409 19
0.9679 0.72 0.6964 20
0.9693 0.7157 0.6935 9
0.9652 0.7765 0.7488 23
0.9679 0.7785 0.7533 14
0.9613 0.7085 0.6808 17
0.9726 0.7204 0.7003 20
0.964 0.7697 0.7416 24
0.9669 0.8232 0.7954 22
0.9631 0.7729 0.7442 12
0.9613 0.7801 0.7495 28
0.9666 0.8354 0.8071 21
0.9651 0.6673 0.6438 16
0.9673 0.7473 0.7228 23
0.9632 0.7437 0.7161 9
0.9651 0.8684 0.8378 16
0.9685 0.6874 0.6657 13
0.9655 0.7979 0.77 12
0.9648 0.7536 0.7268 15
0.9641 0.781 0.7524 20
0.9677 0.8269 0.8 16
0.9681 0.7786 0.7535 13
0.9613 0.6898 0.6629 15
0.9611 0.8337 0.8011 15
0.9637 0.8057 0.776 13
0.9633 0.745 0.7174 23
0.9705 0.7722 0.7492 21
0.9678 0.8335 0.8065 8
0.9688 0.8438 0.8171 16
0.9719 0.6805 0.6613 11
0.9675 0.7679 0.7422 25
0.9661 0.7326 0.7077 10
0.9684 0.6596 0.6383 13
0.9671 0.7195 0.6956 21
0.9691 0.7395 0.7161 14
0.9734 0.8598 0.8366 23
0.9687 0.8595 0.8321 26
0.9681 0.7939 0.7684 14
0.9636 0.8462 0.8151 13
0.9691 0.8149 0.789 23
0.9648 0.7891 0.7611 16
0.9637 0.7815 0.7529 11
0.9601 0.9223 0.8852 19
0.9682 0.7061 0.683 31
0.9553 0.788 0.7525 16
0.9629 0.8284 0.7974 15
0.968 0.8022 0.7763 20
0.965 0.8649 0.8342 24
0.9665 0.9476 0.9155 27
0.9693 0.7427 0.7183 21
0.9676 0.7742 0.7488 12
0.9675 0.6814 0.6588 20
0.9641 0.7402 0.7133 13
0.9653 0.9337 0.9008 13
0.9634 0.679 0.6541 11
0.9698 0.8019 0.7769 23
0.9666 0.7143 0.6904 11
0.9636 0.7005 0.6746 18
0.9637 0.7347 0.7072 17
0.9621 0.901 0.8665 11
0.9596 0.6829 0.6547 15
0.9686 0.7385 0.7151 7
0.9588 0.8652 0.8295 12
0.9608 0.8403 0.8071 9
0.9667 0.7968 0.7695 13
0.9678 0.7835 0.758 25
0.9661 0.7545 0.7288 10
0.9622 0.7987 0.7683 14
0.9634 0.8248 0.7943 14
0.9657 0.6797 0.6561 19
0.9699 0.8378 0.8118 12
0.9606 0.7989 0.7671 19
0.9641 0.7743 0.7461 17
0.9636 0.7416 0.7145 9
0.9655 0.8084 0.7803 11
0.9704 0.7636 0.7403 20
0.9651 0.8378 0.8075 20
0.9601 0.8231 0.7894 10
0.9746 0.8118 0.7911 8
0.9562 0.8321 0.7956 2
0.9649 0.3786 0.3653 1
0.9623 0.8749 0.8384 27
0.9706 0.8769 0.8508 10
0.9786 0.7905 0.7733 7
0.9882 0.9872 0.9718 19
0.9474 0.6969 0.6601 13
0.9605 0.8684 0.8335 10
0.9449 0.9626 0.9074 25
0.9657 0.7246 0.6996 8
0.9795 1 0.9795 12
0.9697 0.4987 0.4835 3
0.9767 0.9201 0.8986 10
0.9778 0.8488 0.83 1
0.979 1 0.979 14
0.9604 0.6359 0.61 5
0.9793 0.6828 0.6687 2
0.9656 0.998 0.9622 7
0.9716 1 0.9716 6
0.9742 0.8877 0.8648 9
0.9715 0.8682 0.8435 1
0.9797 1 0.9794 18
0.97 1 0.9697 9
0.9855 0.8527 0.8403 5
0.9801 1 0.9801 7
0.9821 0.7948 0.7806 2
0.9764 0.7747 0.7554 7
0.983 0.8648 0.8494 7
0.9703 0.969 0.9396 12
0.9742 0.7098 0.6913 4
0.9797 0.9444 0.9243 15
0.9678 0.7553 0.7305 12
0.9791 0.9261 0.9066 6
0.973 0.7998 0.7775 17
0.9839 0.7499 0.737 16
0.9686 1 0.9686 3
0.9732 1 0.9725 18
0.9792 0.7539 0.7366 19
0.9807 0.8578 0.8393 20
0.9821 0.6353 0.6237 13
0.9793 0.8162 0.7984 17
0.9859 0.9966 0.9812 27
0.9776 0.7952 0.7769 15
0.9806 0.9321 0.9135 13
0.9814 0.9464 0.928 19
0.98 0.92 0.901 22
0.9785 0.9896 0.9683 3
0.9829 0.8163 0.8019 19
0.9761 0.8663 0.8446 11
0.9799 0.899 0.8807 4
0.9855 0.9685 0.9524 48
0.9777 1 0.9771 17
0.9798 0.9996 0.979 7
0.9817 0.8415 0.8254 12
0.9766 0.8805 0.8592 13
0.9702 0.9861 0.9557 8
0.9862 0.9426 0.9292 15
0.9814 0.9334 0.9156 13
0.9831 0.9744 0.957 22
0.9834 1 0.9832 12
0.9851 0.9418 0.9268 18
0.9853 0.9895 0.9747 12
0.9811 0.8538 0.8375 5
0.977 0.8096 0.7909 11
0.9842 1 0.984 12
0.9793 0.88 0.8616 9
0.9769 1 0.9762 19
0.9806 0.8999 0.8824 6
0.979 1 0.9788 10
0.982 0.748 0.734 13
0.9882 1 0.9878 13
0.9793 0.8432 0.8256 8
0.9839 0.8124 0.7988 17
0.9822 0.9316 0.915 6
0.9776 0.882 0.8621 10
0.9701 1 0.9699 7
0.9796 1 0.9796 7
0.9795 0.9058 0.8869 6
0.9828 1 0.9822 14
0.9811 0.8028 0.7876 9
0.9754 0.9056 0.8832 9
0.9846 0.9593 0.944 22
0.9832 0.991 0.9741 12
0.9804 1 0.9804 7
0.9794 0.7796 0.7634 7
0.975 0.8368 0.8157 12
0.9757 1 0.9757 4
0.9797 1 0.9795 16
0.9786 0.8269 0.8088 21
0.9791 0.9088 0.8893 13
0.9893 0.8659 0.8554 34
0.9802 0.8456 0.8288 8
0.9893 1 0.9883 21
0.9844 0.8436 0.83 18
0.9821 0.8689 0.8528 18
0.9731 0.9132 0.8883 17
0.9846 1 0.9833 17
0.9806 1 0.9806 8
0.9854 0.9528 0.9388 6
0.9821 0.9753 0.9577 21
0.9803 0.8801 0.8626 9
0.9837 0.8946 0.8799 18
0.9849 0.9616 0.9467 20
0.9812 1 0.981 14
0.9813 1 0.9813 11
0.9809 0.9372 0.9191 15
0.9773 0.9514 0.9298 13
0.9811 0.9311 0.9133 13
0.9826 0.9392 0.9227 10
0.9794 1 0.9794 2
0.9824 1 0.9822 10
0.9841 0.8604 0.8464 15
0.9888 0.972 0.9605 25
0.9809 0.8916 0.8743 7
0.9861 1 0.9852 28
0.9754 0.9744 0.9503 8
0.983 0.8967 0.8813 15
0.9832 1 0.9826 12
0.9821 1 0.9818 7
0.9852 0.9051 0.8915 10
0.9814 0.8498 0.8335 13
0.9836 0.8063 0.7924 22
0.9809 0.8739 0.8562 26
0.982 0.9514 0.9339 26
0.9789 0.9261 0.9064 7
0.982 0.9024 0.8858 15
0.9772 0.9307 0.9094 15
0.9829 0.9535 0.9369 19
0.9768 0.8703 0.8497 15
0.9831 1 0.9829 15
0.9844 0.8707 0.857 9
0.9781 0.9778 0.9562 13
0.9839 0.927 0.9119 20
0.9778 0.8012 0.7834 6
0.9814 0.8939 0.8769 21
0.9798 0.9092 0.8902 15
0.9804 0.9272 0.9086 24
0.9817 0.9136 0.8961 22
0.9778 0.9317 0.9109 10
0.969 0.9217 0.8931 5
0.9682 0.9563 0.9258 7
0.9757 0.926 0.9033 10
0.9753 0.8457 0.8247 8
0.972 0.9186 0.8928 14
0.9725 0.8325 0.8094 9
0.9723 0.9046 0.8792 10
0.9655 0.9363 0.9038 5
0.9731 0.9592 0.9333 7
0.9754 1 0.9753 11
0.9727 0.8695 0.8453 26
0.9663 0.9305 0.8988 19
0.9716 0.9777 0.9498 17
0.9803 0.8925 0.8746 15
0.9705 0.9353 0.9077 6
0.9723 0.8038 0.7815 7
0.9717 0.9568 0.9288 22
0.98 0.8328 0.816 9
0.9771 0.9267 0.9053 14
0.9797 0.8845 0.866 24
0.9681 0.9618 0.931 10
0.9681 0.9393 0.9088 20
0.9732 0.8986 0.8743 10
0.9758 0.94 0.9168 11
0.9683 0.9399 0.91 9
0.9715 0.9463 0.9191 13
0.975 0.8403 0.8192 4
0.9672 0.9285 0.8979 14
0.9666 0.9193 0.8883 14
0.9724 0.8966 0.8716 15
0.9675 0.928 0.8977 10
0.9702 0.9467 0.9181 13
0.9698 0.9387 0.9102 18
0.9677 0.778 0.7528 11
0.9714 0.8962 0.8703 21
0.9711 0.8431 0.8184 19
0.9747 0.977 0.9522 10
0.974 0.9375 0.913 11
0.9722 0.8562 0.8322 16
0.9712 1 0.9712 7
0.9715 0.9054 0.8796 9
0.9679 0.9033 0.874 15
0.9766 1 0.9766 6
0.9742 0.8943 0.8705 25
0.9635 0.965 0.9297 15
0.9706 0.877 0.851 16
0.9712 0.9597 0.9319 9
0.9691 0.975 0.9447 14
0.9697 0.909 0.8814 7
0.9736 0.9892 0.9628 23
0.976 0.9011 0.879 18
0.9754 0.8822 0.8604 5
0.972 0.9013 0.8757 16
0.9695 0.9008 0.8731 15
0.9729 0.7774 0.7562 6
0.9726 0.9451 0.919 10
0.9755 0.8664 0.8442 28
0.9764 0.8535 0.8332 9
0.9721 0.9144 0.8886 11
0.973 0.9753 0.9489 16
0.9716 0.9048 0.8788 12
0.9681 0.9101 0.8807 12
0.9656 0.8741 0.8438 8
0.9706 0.8747 0.8488 15
0.9727 0.8447 0.8215 20
0.9773 0.9513 0.9295 19
0.9772 0.9089 0.8881 20
0.9652 0.8884 0.8571 18
0.9746 0.8775 0.8552 9
0.9663 0.8939 0.8635 16
0.9699 0.9036 0.8762 16
0.9691 0.8886 0.861 10
0.9686 0.8754 0.8477 16
0.9754 0.844 0.8232 9
0.9706 0.9414 0.9133 27
0.9759 0.8113 0.7915 14
0.9713 0.8687 0.8431 23
0.9705 0.8224 0.7978 16
0.9691 0.8564 0.8297 20
0.9676 0.8486 0.821 13
0.9734 0.8532 0.8302 17
0.9699 0.9135 0.8854 15
0.9703 0.9092 0.8818 14
0.97 0.8947 0.8677 11
0.972 0.8819 0.8568 18
0.9662 0.9392 0.9072 13
0.9687 0.8231 0.7972 4
0.9696 0.9299 0.9014 10
0.972 0.8721 0.8476 5
0.9751 1 0.975 7
0.9681 0.8955 0.8669 8
0.9682 0.8867 0.8584 17
0.9699 0.9062 0.8787 12
0.9686 0.898 0.8692 16
0.9706 0.8414 0.8164 19
0.9703 0.8822 0.8558 17
0.9665 0.8507 0.822 9
0.9652 0.9507 0.9176 9
0.9726 0.981 0.954 17
0.968 0.8956 0.8668 9
0.9741 0.8932 0.87 9
0.9705 0.9366 0.9084 25
0.9707 0.9433 0.9153 15
0.9724 0.9134 0.8878 22
0.9684 0.8363 0.8098 8
0.9676 0.9157 0.8858 15
0.9664 0.9177 0.8868 10
0.9654 0.8811 0.8503 17
0.969 0.8342 0.8082 14
0.9706 0.9247 0.8974 14
0.9686 0.9402 0.9106 15
0.9701 0.9862 0.9567 8
0.9666 0.8986 0.8685 15
0.9733 0.9066 0.8822 13
0.9667 0.82 0.7927 11
0.969 0.9812 0.9506 15
0.9718 0.96 0.9327 22
0.97 0.8729 0.8466 14
0.9665 0.8627 0.8337 11
0.9711 0.9283 0.9012 22
0.962 0.9032 0.8689 5
0.9679 0.8729 0.8445 25
0.9731 0.8849 0.8601 24
0.9724 0.8719 0.8476 12
0.9636 0.9088 0.8756 6
0.9682 0.9027 0.8738 25
0.9645 0.9 0.8679 5
0.9667 0.9391 0.9077 16
0.9686 0.8773 0.8495 13
0.9636 0.8825 0.8502 13
0.9693 0.762 0.7382 25
0.9687 0.9083 0.8795 24
0.9669 0.8928 0.8632 9
0.9662 0.9024 0.8717 12
0.9678 0.8377 0.8105 15
0.9683 0.8484 0.8214 3
0.9709 0.9094 0.8829 8
0.9729 0.8339 0.8111 10
0.9674 0.8219 0.7949 15
0.9674 0.8501 0.8224 10
0.9632 0.8072 0.7773 16
0.9652 0.9393 0.9064 14
0.9673 0.9326 0.9017 19
0.969 0.8353 0.8092 17
0.9697 0.9502 0.9209 16
0.9686 0.9337 0.9041 21
0.9648 0.8868 0.8556 8
0.9663 0.8895 0.8594 15
0.9722 0.9445 0.9181 16
0.9664 0.9298 0.8984 15
0.9643 0.9102 0.8775 10
0.9733 0.8675 0.8441 12
0.9703 0.9372 0.9093 17
0.9598 0.8711 0.836 7
0.9677 0.9084 0.8789 15
0.9684 0.9297 0.8999 14
0.9686 0.9227 0.8935 14
0.9682 0.8585 0.8307 16
0.9652 0.8311 0.802 8
0.9614 0.7705 0.7397 9
0.9664 1 0.9662 7
0.9516 0.9997 0.9462 31
0.9649 0.6861 0.662 1
0.9611 1 0.9611 3
0.8077 1 0.8077 2
0.9676 1 0.9667 11
0.9882 0.9196 0.9029 20
0.9563 0.7645 0.7303 9
0.9554 0.5145 0.4915 2
0.9414 1 0.9414 6
0.944 1 0.944 3
0.9819 0.8193 0.8044 12
0.8935 1 0.8935 9
0.9732 0.9647 0.9387 5
0.9778 0.9144 0.8923 28
0.9775 1 0.9775 8
0.952 1 0.9519 9
0.9793 0.8469 0.8294 1
0.9673 1 0.9671 5
0.9716 1 0.9715 8
0.9735 0.5712 0.556 8
0.9698 0.9079 0.8775 17
0.9739 1 0.9736 8
0.9718 1 0.9718 9
0.9839 1 0.9839 5
0.9834 0.8149 0.8013 6
0.9816 0.6186 0.6072 3
0.9719 1 0.971 10
0.9794 1 0.9794 6
0.9653 1 0.9626 33
0.9752 1 0.975 11
0.9781 0.8343 0.816 15
0.9721 1 0.9717 7
0.9755 0.7727 0.7531 11
0.9792 1 0.979 12
0.9835 1 0.9835 10
0.9652 1 0.9652 8
0.9723 1 0.9719 15
0.9733 1 0.9733 7
0.979 1 0.9781 20
0.982 1 0.9819 14
0.9794 1 0.9793 9
0.9872 0.8967 0.885 18
0.973 1 0.9729 9
0.9808 0.7048 0.6911 12
0.9828 0.6934 0.6799 14
0.9797 0.959 0.9395 2
0.9788 1 0.9787 9
0.9835 0.7465 0.7339 11
0.9796 0.9993 0.9778 19
0.9776 1 0.9776 7
0.9844 0.8733 0.8575 21
0.983 1 0.9828 10
0.9795 1 0.9794 13
0.9764 0.8685 0.8474 14
0.9728 0.5312 0.5165 6
0.9701 1 0.97 8
0.9781 1 0.978 9
0.9785 0.9743 0.9533 3
0.9827 1 0.9826 10
0.9825 0.9402 0.9231 20
0.9766 0.9428 0.9202 15
0.9837 1 0.9834 11
0.9794 0.8536 0.8349 20
0.9788 0.9891 0.9677 17
0.9821 1 0.981 14
0.9755 0.9079 0.8852 11
0.9776 0.8001 0.782 19
0.9812 1 0.9812 4
0.9761 1 0.9761 14
0.9773 0.8598 0.8401 23
0.9836 1 0.9835 11
0.9747 1 0.9746 7
0.9853 0.9714 0.9567 15
0.9845 1 0.9841 13
0.9773 1 0.9769 8
0.9712 1 0.9711 6
0.9807 1 0.9805 8
0.9815 0.8474 0.8316 12
0.9829 1 0.9829 2
0.9835 1 0.9835 6
0.9765 0.9897 0.9657 14
0.9844 1 0.9844 4
0.9794 1 0.9792 8
0.9822 1 0.982 9
0.9819 1 0.9819 10
0.9748 0.8955 0.8723 17
0.979 1 0.9789 10
0.982 0.9593 0.9419 16
0.9807 1 0.9802 14
0.9868 0.9997 0.9861 18
0.9833 1 0.9833 5
0.9817 1 0.9815 14
0.9891 1 0.9871 24
0.9816 1 0.9815 9
0.9767 1 0.9767 5
0.9731 0.9073 0.8828 15
0.9811 0.9591 0.9408 14
0.9754 1 0.9753 7
0.983 1 0.983 11
0.9821 1 0.9819 9
0.9826 1 0.9824 9
0.9858 1 0.9856 9
0.9796 0.8799 0.8612 23
0.983 0.8806 0.865 18
0.9796 1 0.979 23
0.9819 0.8835 0.8672 17
0.975 0.8852 0.8626 21
0.9779 0.9668 0.9453 10
0.9794 1 0.9794 8
0.9789 1 0.9782 25
0.9848 1 0.9845 10
0.9853 0.9976 0.9822 11
0.9825 1 0.9825 7
0.9776 1 0.9775 8
0.9825 1 0.9824 9
0.976 1 0.9758 15
0.9781 0.9556 0.9343 16
0.9775 0.9703 0.9481 24
0.9838 1 0.9832 13
0.981 0.8945 0.8774 17
0.9772 0.9997 0.9767 17
0.9821 1 0.9819 14
0.9806 1 0.9806 5
0.9782 0.925 0.9044 27
0.9787 1 0.9785 5
0.9781 0.9036 0.8835 18
0.9705 1 0.9705 5
0.9816 1 0.9816 7
0.9778 1 0.9777 26
0.9854 1 0.9854 8
0.9816 1 0.9814 13
0.98 0.9642 0.9448 9
0.9766 1 0.9765 10
0.9779 1 0.9779 10
0.9796 1 0.9796 7
0.9773 1 0.9765 21
0.9816 1 0.9814 17
0.98 1 0.9799 8
0.9795 1 0.9795 8
0.9697 0.8834 0.8565 15
0.9686 1 0.9685 14
0.9636 1 0.9636 11
0.9729 0.9859 0.9589 24
0.9651 1 0.9651 7
0.9713 1 0.9713 5
0.97 1 0.97 8
0.9657 0.9958 0.9609 16
0.9713 1 0.9713 5
0.9768 1 0.9768 4
0.9723 1 0.9722 11
0.9737 0.965 0.9396 5
0.9706 1 0.9702 20
0.9767 1 0.9766 8
0.9739 0.9703 0.9446 6
0.9749 0.9924 0.9671 13
0.9748 1 0.9747 11
0.9763 1 0.9758 15
0.973 0.9757 0.9491 17
0.9689 1 0.9685 12
0.9663 0.9788 0.9454 12
0.9655 1 0.9654 14
0.9737 0.9506 0.9252 21
0.9771 1 0.977 13
0.9684 1 0.9683 15
0.9753 1 0.9744 30
0.977 1 0.977 10
0.9664 1 0.9664 9
0.9726 1 0.9725 6
0.9731 1 0.9729 14
0.9694 1 0.9694 9
0.9693 1 0.9693 5
0.9709 0.9162 0.889 33
0.9687 0.9181 0.8891 19
0.9675 1 0.9675 3
0.9693 0.8614 0.8348 7
0.9709 1 0.9709 9
0.9733 0.9229 0.8975 24
0.97 0.9999 0.9697 20
0.971 1 0.971 10
0.9727 0.9602 0.9335 26
0.9676 0.946 0.9152 16
0.9689 1 0.9685 22
0.9744 1 0.9744 7
0.9666 0.9979 0.9642 18
0.9739 1 0.9739 10
0.9737 0.9756 0.9497 24
0.9658 0.9947 0.9603 22
0.9718 0.977 0.9488 18
0.9707 1 0.9707 10
0.9739 1 0.9739 13
0.969 0.8898 0.8619 16
0.9727 0.9999 0.9722 20
0.9655 0.8776 0.8467 16
0.971 0.9561 0.9277 27
0.9678 0.9815 0.9495 9
0.9744 1 0.9743 12
0.972 0.8684 0.8436 16
0.9663 0.9799 0.9468 10
0.973 1 0.973 5
0.968 1 0.968 4
0.9632 0.9576 0.9221 15
0.9714 1 0.9713 6
0.9717 1 0.9717 6
0.9685 1 0.9683 16
0.974 1 0.9739 6
0.971 1 0.9706 29
0.9659 1 0.9655 23
0.9663 1 0.9661 15
0.9686 1 0.9685 16
0.966 0.9786 0.9451 22
0.966 1 0.966 7
0.9682 0.9261 0.8962 22
0.9686 1 0.9686 6
0.9703 1 0.9703 3
0.9717 1 0.9717 4
0.9694 1 0.9692 9
0.9716 1 0.9714 15
0.9678 0.8813 0.8526 14
0.963 0.9338 0.8987 26
0.9469 1 0.9469 5
0.9702 0.9174 0.8894 16
0.9692 0.946 0.9168 7
0.9717 0.938 0.9107 18
0.9598 0.9939 0.953 11
0.962 1 0.962 6
0.9618 1 0.9618 7
0.9642 1 0.9642 6
0.9692 1 0.9691 10
0.9615 1 0.9608 23
0.961 1 0.961 1
0.9675 1 0.9674 14
0.9653 1 0.9644 18
0.9676 1 0.9676 15
0.968 1 0.968 3
0.9731 1 0.973 17
0.9664 0.9251 0.8933 28
0.9645 1 0.9645 9
0.9675 1 0.9675 7
0.9687 1 0.9687 6
0.9702 1 0.9701 10
0.9693 1 0.9693 8
0.9614 1 0.9613 8
0.9729 1 0.9729 5
0.9671 1 0.967 12
0.9712 1 0.9712 9
0.9652 1 0.9651 6
0.9635 1 0.9634 14
0.9704 1 0.9704 10
0.9649 0.9254 0.8924 17
0.9666 0.9076 0.8768 29
0.9699 1 0.9698 5
0.9688 0.921 0.8918 23
0.9694 1 0.9693 10
0.969 1 0.9689 15
0.9726 1 0.9726 4
0.9678 1 0.9674 13
0.9739 0.9999 0.9738 9
0.9637 1 0.9637 6
0.9688 1 0.9688 9
0.9645 1 0.9645 3
0.9673 1 0.9673 7
0.971 1 0.971 7
0.9737 0.9799 0.9539 12
0.965 1 0.965 9
0.9703 1 0.9703 4
0.9646 0.9997 0.9634 11
0.9608 0.9613 0.9235 9
0.9692 1 0.9692 1
0.969 0.9851 0.9538 31
0.968 1 0.9679 14
0.9658 0.99 0.9557 10
0.9659 1 0.9659 5
0.9615 0.9188 0.8832 17
0.9691 0.9441 0.9147 17
0.9671 0.9969 0.9636 18
0.9678 0.986 0.9542 13
0.9679 1 0.9679 3
0.9661 0.9455 0.9133 11
0.9703 1 0.9703 4
0.9661 1 0.9661 4
0.965 1 0.9648 16
0.966 0.9983 0.9641 14
0.9613 1 0.9613 8
0.9704 0.988 0.9583 22
0.9649 1 0.9649 5
0.9613 0.9969 0.958 17
0.9703 0.9379 0.9094 29
0.9702 1 0.9702 6
0.9639 0.9746 0.939 9
0.9586 1 0.9586 2
0.9627 1 0.9626 11
0.975 1 0.975 6
0.9676 1 0.9675 15
0.966 0.9967 0.9625 11
0.9682 1 0.9682 5
0.9686 1 0.9685 12
0.9681 1 0.9681 5
0.965 1 0.965 4
0.9601 0.7197 0.6898 15
0.9747 0.6991 0.6813 4
0.9356 1 0.9355 5
0.8887 1 0.8887 3
0.9555 1 0.9554 28
0.9707 0.8867 0.8607 2
0.9736 0.8443 0.8217 6
0.9861 0.9999 0.9855 13
0.9506 1 0.95 12
0.9562 1 0.9562 6
0.9355 1 0.9355 5
0.9612 1 0.9612 4
0.7343 1 0.7343 3
0.9693 0.6656 0.6451 4
0.9739 0.5004 0.4873 8
0.7723 1 0.7723 3
0.9822 0.9904 0.9723 13
0.5926 1 0.5926 3
0.9793 0.7748 0.7587 7
0.9656 1 0.9639 11
0.9715 1 0.9715 6
0.9729 0.7264 0.7067 1
0.9509 1 0.9509 4
0.9805 1 0.9805 3
0.978 1 0.978 5
0.9832 1 0.9829 8
0.9827 0.956 0.9384 18
0.9777 1 0.9777 5
0.9792 1 0.9789 9
0.9821 1 0.9821 6
0.971 0.9324 0.9043 17
0.9704 0.8109 0.7865 12
0.9773 0.8261 0.8072 13
0.9669 1 0.9666 7
0.974 1 0.9738 7
0.9738 0.7984 0.7769 12
0.9835 0.8301 0.8155 15
0.9704 1 0.9697 9
0.9712 0.8758 0.85 10
0.9698 1 0.9697 11
0.9743 1 0.9743 9
0.9824 1 0.9816 12
0.9747 1 0.9747 12
0.9801 1 0.98 6
0.9748 0.9186 0.8943 14
0.978 1 0.9778 3
0.9829 1 0.9829 5
0.9781 1 0.978 7
0.979 1 0.9788 10
0.9654 1 0.9654 3
0.9836 1 0.9836 4
0.9715 1 0.9715 6
0.9857 1 0.9835 15
0.9754 1 0.9754 2
0.9831 1 0.9828 12
0.9701 1 0.9701 6
0.9747 1 0.9744 9
0.9697 1 0.9697 6
0.9874 1 0.9861 12
0.9787 1 0.9786 12
0.9846 1 0.9845 15
0.9712 1 0.9712 3
0.971 1 0.9709 8
0.9837 1 0.9836 9
0.9782 1 0.9779 13
0.9752 1 0.9751 7
0.9822 1 0.9804 18
0.9776 1 0.977 10
0.9781 0.9999 0.9777 7
0.978 0.926 0.9053 14
0.9798 1 0.9796 16
0.9685 1 0.9685 6
0.9782 0.9919 0.9702 5
0.9772 0.8296 0.8106 9
0.9725 1 0.9722 6
0.97 1 0.97 6
0.9801 1 0.98 7
0.9744 1 0.9744 2
0.9678 1 0.9678 9
0.9795 1 0.9793 15
0.9841 0.9038 0.8859 28
0.9741 1 0.9741 4
0.9771 1 0.977 8
0.9836 1 0.9836 8
0.9627 1 0.9627 2
0.9764 1 0.9761 14
0.9811 1 0.9811 9
0.9826 0.9819 0.9624 19
0.9742 0.8099 0.7886 11
0.9763 1 0.9762 7
0.9811 0.8787 0.8618 12
0.9763 1 0.9763 5
0.9815 1 0.9815 6
0.97 1 0.97 8
0.9624 1 0.9623 9
0.9823 1 0.9823 6
0.972 1 0.972 3
0.973 1 0.9728 18
0.9845 1 0.9837 13
0.9777 1 0.9773 15
0.9844 1 0.9842 16
0.9826 1 0.9825 8
0.9766 1 0.9762 11
0.9744 1 0.9743 9
0.9808 1 0.9808 7
0.9804 0.9578 0.9385 21
0.9809 1 0.9809 9
0.9784 1 0.9784 7
0.973 1 0.973 5
0.981 1 0.981 5
0.9775 1 0.9774 10
0.9802 1 0.9802 8
0.9837 1 0.9836 12
0.9815 1 0.9815 6
0.9744 0.9564 0.9313 11
0.983 1 0.9823 20
0.9746 1 0.9745 9
0.9662 1 0.9662 5
0.9728 1 0.9727 10
0.9846 0.9064 0.8912 28
0.9853 1 0.9853 12
0.979 1 0.979 6
0.9753 1 0.9752 14
0.9826 1 0.9826 9
0.9848 1 0.9848 4
0.965 1 0.965 8
0.9768 1 0.9767 9
0.9759 1 0.9759 12
0.9775 1 0.9774 13
0.9844 1 0.9843 11
0.9747 1 0.9747 17
0.981 1 0.9808 11
0.9808 1 0.9808 8
0.9783 1 0.9782 14
0.981 1 0.9809 10
0.9777 1 0.9774 12
0.9622 1 0.9622 5
0.9766 1 0.9762 28
0.9769 1 0.9769 13
0.9783 1 0.9783 6
0.9377 1 0.9377 3
0.9682 1 0.9681 9
0.9638 1 0.9638 6
0.9615 1 0.9615 6
0.8637 1 0.8637 1
0.9683 1 0.9683 5
0.9671 1 0.9671 5
0.9667 1 0.9667 4
0.9662 1 0.9662 7
0.9699 1 0.9698 6
0.9695 1 0.9695 10
0.962 1 0.962 6
0.9518 1 0.9518 2
0.9527 1 0.9527 4
0.9743 0.9944 0.9684 12
0.9553 1 0.9553 2
0.9681 0.8268 0.8001 12
0.9794 0.8439 0.8244 32
0.9718 0.9488 0.9217 14
0.9727 0.9925 0.9651 5
0.9757 1 0.9757 6
0.9666 1 0.9664 11
0.958 1 0.958 6
0.9619 1 0.9619 3
0.9668 1 0.9668 2
0.9683 1 0.9682 10
0.9707 1 0.9707 4
0.968 1 0.968 4
0.9618 1 0.9618 9
0.9664 1 0.9664 12
0.9722 1 0.9721 8
0.9592 1 0.9592 2
0.9497 1 0.9497 3
0.972 1 0.972 7
0.955 1 0.955 6
0.9649 1 0.9648 11
0.9649 1 0.9649 5
0.8881 1 0.8881 1
0.9677 1 0.9676 11
0.9748 1 0.9748 8
0.9351 1 0.9351 3
0.9676 0.9967 0.9642 14
0.9685 1 0.9685 4
0.9672 1 0.9672 10
0.9656 1 0.9655 10
0.9616 1 0.9616 5
0.9642 1 0.9642 8
0.9437 1 0.9437 1
0.951 1 0.951 2
0.922 1 0.922 2
0.9669 1 0.9669 3
0.9608 1 0.9608 7
0.9571 1 0.9571 3
0.9671 1 0.9671 7
0.9297 1 0.9297 2
0.9667 1 0.9667 10
0.9696 1 0.9694 18
0.9706 1 0.9702 27
0.9691 1 0.969 7
0.956 1 0.956 2
0.9667 1 0.9667 8
0.9535 1 0.9535 2
0.9385 1 0.9385 6
0.9632 1 0.9632 10
0.9622 1 0.9622 7
0.9613 1 0.9613 6
0.9719 1 0.9719 9
0.9695 1 0.9695 9
0.9611 1 0.9611 3
0.7893 1 0.7893 2
0.9688 1 0.9688 5
0.9612 1 0.9611 6
0.9207 1 0.9207 2
0.9718 1 0.9718 9
0.9188 1 0.9188 1
0.9666 1 0.9666 10
0.9681 1 0.9681 6
0.9486 1 0.9486 7
0.9698 1 0.9698 12
0.9672 1 0.9672 8
0.9642 1 0.9642 5
0.9623 1 0.9623 12
0.8729 1 0.8729 3
0.8777 1 0.8777 2
0.9644 1 0.9644 5
0.904 1 0.904 2
0.9574 1 0.9574 4
0.9624 1 0.9624 6
0.9654 1 0.9654 10
0.9666 1 0.9666 9
0.9697 1 0.9697 4
0.9695 1 0.9692 9
0.9569 1 0.9569 6
0.9554 1 0.9554 3
0.8923 1 0.8923 2
0.96 1 0.96 10
0.9608 1 0.9608 6
0.9568 1 0.9568 9
0.9381 1 0.9381 2
0.9396 1 0.9396 1
0.9624 1 0.9624 5
0.9665 1 0.9665 10
0.9469 1 0.9469 5
0.9623 1 0.9623 6
0.969 1 0.969 10
0.9167 1 0.9167 2
0.9656 1 0.9655 15
0.9652 1 0.9652 3
0.9506 1 0.9506 5
0.9682 1 0.9682 6
0.9715 1 0.9715 11
0.9455 1 0.9455 2
0.9635 1 0.9635 7
0.958 1 0.958 8
0.8061 1 0.8061 3
0.9692 1 0.9692 9
0.9631 1 0.9631 6
0.9586 1 0.9586 6
0.9651 1 0.9651 15
0.873 1 0.873 3
0.9596 1 0.9596 3
0.88 1 0.88 1
0.955 1 0.9548 16
0.9528 1 0.9528 5
0.9633 1 0.9633 5
0.8737 1 0.8737 2
0.8697 1 0.8697 2
0.9329 1 0.9329 4
0.9503 1 0.9503 3
0.9523 1 0.9523 3
0.963 1 0.963 4
0.9649 1 0.9649 4
0.9694 1 0.9694 3
0.9657 1 0.9657 6
0.9628 1 0.9628 3
0.9337 1 0.9337 2
0.8949 1 0.8949 3
0.9539 1 0.9538 10
0.9636 1 0.9636 4
0.9649 1 0.9649 5
0.9547 1 0.9547 7
0.9618 1 0.9618 6
0.9247 1 0.9247 2
0.9601 1 0.9601 9
0.961 1 0.961 5
0.952 1 0.952 8
0.9612 1 0.9612 5
0.9547 1 0.9547 4
0.9591 1 0.9591 8
0.9686 1 0.9686 3
0.9537 1 0.9537 2
0.9618 1 0.9618 7
0.9667 1 0.9666 5
0.9382 1 0.9382 2
0.9497 1 0.9497 2
0.9609 1 0.9609 8
0.961 1 0.961 5
0.9632 1 0.9632 7
0.9647 1 0.9647 4
0.9632 1 0.9632 5
0.9527 1 0.9525 12
0.9767 0.9214 0.8998 7
0.8573 1 0.8573 6
0.6948 1 0.6948 4
0.9557 1 0.9557 8
0.6892 1 0.6892 2
0.7677 1 0.7677 11
0.9779 1 0.9779 4
0.7825 1 0.7825 5
0.9609 1 0.9607 13
0.7205 1 0.7205 3
0.6876 0.9987 0.6867 1
0.8874 1 0.8874 3
0.7479 1 0.7479 4
0.647 1 0.647 6
0.7176 1 0.7176 4
0.668 1 0.668 3
0.952 1 0.9517 6
0.7903 1 0.7903 6
0.6513 1 0.6513 4
0.9694 1 0.9694 7
0.713 1 0.713 5
0.9668 1 0.9664 17
0.9406 1 0.9406 3
0.9129 1 0.9129 1
0.9869 1 0.9867 10
0.9335 1 0.9335 4
0.7073 1 0.7073 3
0.7982 1 0.7982 5
0.7114 1 0.7114 2
0.9658 1 0.9655 6
0.8337 1 0.8337 2
0.8279 1 0.8279 3
0.785 1 0.785 5
0.8845 1 0.8845 17
0.7089 1 0.7089 2
0.9328 1 0.9328 2
0.8917 1 0.8917 2
0.7378 1 0.7378 2
0.8433 1 0.8433 4
0.7533 1 0.7533 3
0.968 1 0.968 2
0.97 1 0.97 2
0.7799 1 0.7799 3
0.9663 1 0.9663 4
0.8625 1 0.8625 2
0.9848 1 0.9848 2
0.8755 1 0.8755 4
0.9208 1 0.9208 4
0.983 1 0.9821 18
0.8083 1 0.8083 2
0.8433 1 0.8433 5
0.9186 1 0.9186 2
0.9718 1 0.9718 3
0.9573 1 0.9573 3
0.8893 1 0.8893 2
0.8441 1 0.8441 5
0.8728 1 0.8728 4
0.9708 1 0.9708 6
0.9805 1 0.9805 3
0.8948 1 0.8948 2
0.8973 1 0.8973 2
0.8803 1 0.8803 4
0.8678 1 0.8678 3
0.9716 1 0.9716 7
0.86 1 0.86 3
0.8649 1 0.8649 4
0.9266 1 0.9266 2
0.9743 1 0.9743 8
0.9774 1 0.9772 6
0.9374 1 0.9374 4
0.9736 1 0.9736 8
0.9358 1 0.9358 3
0.9238 1 0.9238 2
0.9155 1 0.9155 2
0.9741 1 0.9741 3
0.7825 1 0.7825 5
0.6762 1 0.6762 4
0.9705 1 0.9705 5
0.8895 1 0.8895 3
0.7951 1 0.7951 3
0.8003 1 0.8003 1
0.876 1 0.876 1
0.9393 1 0.9393 2
0.842 1 0.842 3
0.9633 1 0.9633 3
0.8096 1 0.8096 4
0.7918 1 0.7918 3
0.866 1 0.866 3
0.7575 1 0.7575 3
0.7679 1 0.7679 4
0.809 1 0.809 2
0.8684 1 0.8684 2
0.8019 1 0.8019 4
0.9654 1 0.9654 5
0.7583 1 0.7583 5
0.6958 1 0.6958 3
0.7363 1 0.7363 2
0.7727 1 0.7727 2
0.8296 1 0.8296 3
0.9011 1 0.9011 1
0.9703 1 0.9703 2
0.8383 1 0.8383 4
0.946 1 0.946 2
0.8822 1 0.8822 4
0.974 1 0.974 18
0.7885 1 0.7885 4
0.953 1 0.953 5
0.9741 1 0.9741 6
0.8296 1 0.8296 3
0.8546 1 0.8546 2
0.8014 1 0.8014 4
0.908 1 0.908 3
0.7926 1 0.7926 2
0.9811 1 0.9809 10
0.9812 1 0.9812 11
0.8633 1 0.8633 3
0.838 1 0.838 2
0.8864 1 0.8864 5
0.9274 1 0.9274 3
0.9707 1 0.9706 10
0.7721 1 0.7721 3
0.9175 1 0.9175 1
0.6836 1 0.6836 2
0.791 1 0.791 3
0.937 1 0.937 3
0.9154 1 0.9154 5
0.8506 1 0.8506 2
0.8266 1 0.8266 3
0.9542 1 0.9542 2
0.8202 1 0.8202 2
0.8481 1 0.8481 2
0.9632 1 0.9632 8
0.9615 1 0.9615 4
0.9221 1 0.9221 1
0.945 1 0.945 2
0.8676 1 0.8676 4
0.9307 1 0.9307 3
0.8299 1 0.8299 4
0.9644 1 0.9644 4
0.7315 1 0.7315 3
0.8796 1 0.8796 6
0.8477 1 0.8477 5
0.8132 1 0.8132 3
0.8085 1 0.8085 2
0.7871 1 0.7871 2
0.7036 1 0.7036 1
0.7822 1 0.7822 4
0.7317 1 0.7317 2
0.728 1 0.728 2
0.8332 1 0.8332 4
0.8179 1 0.8179 4
0.7432 1 0.7432 2
0.7752 1 0.7752 3
0.8642 1 0.8642 5
0.6785 1 0.6785 4
0.6666 1 0.6666 5
0.8051 1 0.8051 4
0.9622 1 0.9622 3
0.7268 1 0.7268 4
0.7805 1 0.7805 4
0.8254 1 0.8254 2
0.8193 1 0.8193 3
0.7726 1 0.7726 2
0.7132 1 0.7132 2
0.7812 1 0.7812 1
0.822 1 0.822 2
0.966 1 0.966 5
0.7278 1 0.7278 4
0.8633 1 0.8633 4
0.8311 1 0.8311 1
0.6811 1 0.6811 1
0.782 1 0.782 2
0.8617 1 0.8617 4
0.8048 1 0.8048 2
0.831 1 0.831 8
0.8499 1 0.8499 2
0.7839 1 0.7839 2
0.7968 1 0.7968 3
0.8467 1 0.8467 3
0.8105 1 0.8105 3
0.8346 1 0.8346 2
0.7903 1 0.7903 3
0.7885 1 0.7885 2
0.7625 1 0.7625 3
0.757 1 0.757 2
0.8418 1 0.8418 4
0.799 1 0.799 3
0.8073 1 0.8073 1
0.7933 1 0.7933 2
0.843 1 0.843 2
0.8396 1 0.8396 3
0.7831 1 0.7831 3
0.825 1 0.825 2
0.7529 1 0.7529 4
0.8285 1 0.8285 3
0.7307 1 0.7307 1
0.8349 1 0.8349 4
0.817 1 0.817 4
0.7588 1 0.7588 3
0.7649 1 0.7649 3
0.7861 1 0.7861 4
0.7637 1 0.7637 3
0.8699 1 0.8699 1
0.859 1 0.859 4
0.8416 1 0.8416 3
0.8051 1 0.8051 3
0.6638 1 0.6638 2
0.7058 1 0.7058 3
0.789 1 0.789 2
0.811 1 0.811 3
0.7534 1 0.7534 2
0.7904 1 0.7904 4
0.8379 1 0.8379 3
0.7133 1 0.7133 3
0.8782 1 0.8782 3
0.7328 1 0.7328 5
0.7283 1 0.7283 3
0.8309 1 0.8309 3
0.6748 1 0.6748 3
0.8214 1 0.8214 3
0.8277 1 0.8277 5
0.7322 1 0.7322 4
0.8339 1 0.8339 4
0.8407 1 0.8407 2
0.7467 1 0.7467 4
0.8503 1 0.8503 3
0.78 1 0.78 4
0.701 1 0.701 5
0.76 1 0.76 3
0.6526 1 0.6526 2
0.753 1 0.753 3
0.7011 1 0.7011 5
0.7398 1 0.7398 3
0.7847 1 0.7847 2
0.8222 1 0.8222 2
0.7371 1 0.7371 3
0.8212 1 0.8212 4
0.7253 1 0.7253 3
0.7405 1 0.7405 1
0.7249 1 0.7249 2
0.7488 1 0.7488 4
0.754 1 0.754 4
0.7426 1 0.7426 2
0.7577 1 0.7577 2
0.7766 1 0.7766 3
0.7305 1 0.7305 3
0.7359 1 0.7359 2
0.723 1 0.723 4
0.758 1 0.758 2
0.723 1 0.723 1
0.8337 1 0.8337 2
0.7128 1 0.7128 6
0.7729 1 0.7729 2
0.7648 1 0.7648 1
0.7776 1 0.7776 2
0.8209 1 0.8209 3
0.7689 1 0.7689 3
0.7505 1 0.7505 2
0.6747 1 0.6747 4
0.7757 1 0.7757 3
0.731 1 0.731 2
0.8084 1 0.8084 2
0.6846 1 0.6846 4
0.8666 1 0.8666 2
0.6448 1 0.6448 2
0.7577 1 0.7577 2
0.6923 1 0.6923 4
0.7531 1 0.7531 2
0.7938 1 0.7938 3
0.7468 1 0.7468 2
0.7553 1 0.7553 4
0.6911 1 0.6911 4
0.7149 1 0.7149 2
0.7454 1 0.7454 2
0.7223 1 0.7223 3
0.7516 1 0.7516 4
0.6923 1 0.6923 5
0.7215 1 0.7215 2
0.7152 1 0.7152 3
0.7332 1 0.7332 3
0.7528 1 0.7528 3
0.7028 1 0.7028 2
0.7971 1 0.7971 1
0.7075 1 0.7075 4
0.7117 1 0.7117 3
0.7098 1 0.7098 2
0.7544 1 0.7544 2
0.7248 1 0.7248 3
0.7876 1 0.7876 2
0.7628 1 0.7628 4
0.6591 1 0.6591 2
0.6668 1 0.6668 2
0.6978 1 0.6978 3
0.7322 1 0.7322 5
0.8044 1 0.8044 3
0.7579 1 0.7579 4
0.7834 1 0.7834 4
0.7301 1 0.7301 3
0.7418 1 0.7418 3
0.7667 1 0.7667 5
0.9777 0.9933 0.9703 21
0.9434 1 0.9433 11
0.9604 0.9586 0.9201 11
0.9485 1 0.9485 5
0.9687 0.9998 0.9685 4
0.6863 1 0.6863 2
0.9645 1 0.9645 5
0.695 1 0.695 6
0.9593 0.7012 0.6724 10
0.73 1 0.73 3
0.7288 1 0.7288 4
0.9756 1 0.9754 20
0.7904 1 0.7904 3
0.76 1 0.76 5
0.9355 1 0.9355 3
0.7015 1 0.7015 1
0.9604 0.984 0.9416 6
0.6677 1 0.6677 5
0.9656 0.9999 0.9647 12
0.9492 1 0.9491 7
0.5727 1 0.5727 3
0.9718 1 0.9718 5
0.6345 1 0.6345 1
0.9524 1 0.9524 6
0.5613 1 0.5613 2
0.9741 1 0.974 9
0.7101 1 0.7101 3
0.9798 1 0.9796 7
0.9804 1 0.9803 8
0.9564 1 0.9563 12
0.8134 1 0.8134 4
0.848 1 0.848 2
0.9668 1 0.9667 10
0.9666 1 0.9665 11
0.9518 1 0.9517 8
0.9532 1 0.9532 5
0.9722 1 0.9709 16
0.749 1 0.749 3
0.9484 1 0.9484 3
0.9807 1 0.9807 5
0.9316 1 0.9316 4
0.9578 1 0.9578 6
0.8704 1 0.8704 4
0.6999 1 0.6999 3
0.6848 1 0.6848 5
0.9734 1 0.9734 5
0.9728 1 0.9728 11
0.8245 1 0.8245 4
0.983 1 0.9828 17
0.8736 1 0.8736 2
0.9758 1 0.9756 15
0.8554 1 0.8554 4
0.9688 1 0.9687 8
0.7406 1 0.7406 5
0.9787 1 0.9782 9
0.9519 1 0.9517 7
0.9537 1 0.9537 5
0.9844 1 0.9837 18
0.7278 1 0.7278 4
0.9717 1 0.9717 4
0.9824 1 0.9822 12
0.9533 1 0.9533 2
0.7467 1 0.7467 5
0.9726 1 0.9724 8
0.9743 1 0.9743 3
0.9512 1 0.9512 5
0.9429 1 0.9429 4
0.9333 1 0.9333 4
0.9762 1 0.9762 11
0.9757 1 0.9757 4
0.7983 1 0.7983 3
0.9844 1 0.9844 9
0.7981 1 0.7981 4
0.7626 1 0.7626 4
0.9762 1 0.9759 12
0.9095 1 0.9095 4
0.8669 1 0.8669 3
0.783 1 0.783 1
0.7769 1 0.7769 3
0.7805 1 0.7805 1
0.9796 1 0.9796 8
0.9722 1 0.9722 6
0.7046 1 0.7046 2
0.9744 1 0.9744 7
0.9644 1 0.9644 11
0.7554 1 0.7554 7
0.9654 1 0.9654 6
0.9756 1 0.9756 6
0.9715 1 0.9715 6
0.9463 1 0.9463 11
0.9257 1 0.9257 4
0.8218 1 0.8218 4
0.9781 1 0.9778 12
0.9752 1 0.9752 6
0.9683 1 0.9683 4
0.8606 1 0.8606 4
0.8023 1 0.8023 5
0.9723 1 0.9723 7
0.919 1 0.919 3
0.9784 1 0.9784 7
0.9675 1 0.9675 4
0.9616 1 0.9616 7
0.7948 1 0.7948 1
0.8074 1 0.8074 3
0.9084 1 0.9084 7
0.8882 1 0.8882 4
0.9153 1 0.9153 2
0.7418 1 0.7418 2
0.8765 1 0.8765 5
0.9223 1 0.9223 4
0.8497 1 0.8497 4
0.9637 1 0.9637 5
0.8663 1 0.8663 5
0.9754 1 0.9751 7
0.7617 1 0.7617 3
0.8961 1 0.8961 2
0.7467 1 0.7467 4
0.9334 1 0.9334 5
0.9694 1 0.9694 7
0.9675 1 0.9675 5
0.9386 1 0.9386 2
0.897 1 0.897 3
0.9804 1 0.9804 4
0.9476 1 0.9476 2
0.9037 1 0.9037 6
0.9686 1 0.9686 5
0.9081 1 0.9081 3
0.9693 1 0.9693 5
0.9764 1 0.9764 16
0.7883 1 0.7883 3
0.9544 1 0.9544 3
0.923 1 0.923 3
0.9694 1 0.9694 6
0.8119 1 0.8119 6
0.8924 1 0.8924 2
0.8054 1 0.8054 2
0.9407 1 0.9407 3
0.9289 1 0.9289 2
0.9571 1 0.9571 5
0.8644 1 0.8644 3
0.69 1 0.69 2
0.7287 1 0.7287 2
0.5928 1 0.5928 2
0.8194 1 0.8194 5
0.7663 1 0.7663 3
0.7216 1 0.7216 2
0.6951 1 0.6951 4
0.6983 1 0.6983 5
0.7536 1 0.7536 1
0.7746 1 0.7746 1
0.8115 1 0.8115 1
0.76 1 0.76 3
0.7568 1 0.7568 1
0.9028 1 0.9028 6
0.6293 1 0.6293 2
0.6325 1 0.6325 1
0.8002 1 0.8002 4
0.8212 1 0.8212 5
0.8519 1 0.8519 4
0.9349 1 0.9349 4
0.8957 1 0.8957 2
0.7684 1 0.7684 2
0.6702 1 0.6702 2
0.9525 1 0.9525 2
0.697 1 0.697 2
0.7569 1 0.7569 2
0.8326 1 0.8326 2
0.7446 1 0.7446 1
0.9178 1 0.9178 3
0.8759 1 0.8759 3
0.804 1 0.804 2
0.7323 1 0.7323 4
0.8467 1 0.8467 3
0.821 1 0.821 1
0.8025 1 0.8025 2
0.6286 1 0.6286 3
0.7879 1 0.7879 2
0.8479 1 0.8479 2
0.673 1 0.673 4
0.7454 1 0.7454 4
0.8291 1 0.8291 2
0.7822 1 0.7822 1
0.9506 1 0.9506 4
0.7427 1 0.7427 4
0.8336 1 0.8336 3
0.7806 1 0.7806 2
0.757 1 0.757 5
0.9394 1 0.9394 4
0.7143 1 0.7143 4
0.8153 1 0.8153 1
0.793 1 0.793 3
0.7307 1 0.7307 2
0.7918 1 0.7918 3
0.7575 1 0.7575 2
0.7854 1 0.7854 4
0.8849 1 0.8849 2
0.7607 1 0.7607 2
0.8806 1 0.8806 2
0.8285 1 0.8285 3
0.7477 1 0.7477 2
0.9388 1 0.9388 4
0.7964 1 0.7964 3
0.7027 1 0.7027 1
0.8284 1 0.8284 2
0.8178 1 0.8178 2
0.7627 1 0.7627 3
0.7964 1 0.7964 2
0.894 1 0.894 3
0.8773 1 0.8773 3
0.7225 1 0.7225 2
0.7149 1 0.7149 1
0.7299 1 0.7299 4
0.6663 1 0.6663 4
0.6887 1 0.6887 2
0.8565 1 0.8565 3
0.6822 1 0.6822 2
0.7692 1 0.7692 4
0.8441 1 0.8441 4
0.9453 1 0.9453 3
0.7125 1 0.7125 2
0.819 1 0.819 2
0.6784 1 0.6784 2
0.7304 1 0.7304 2
0.7638 1 0.7638 2
0.6737 1 0.6737 1
0.6085 1 0.6085 2
0.7936 1 0.7936 2
0.7507 1 0.7507 1
0.7452 1 0.7452 5
0.6926 1 0.6926 4
0.8404 1 0.8404 2
0.7104 1 0.7104 2
0.8322 1 0.8322 3
0.8564 1 0.8564 4
0.8848 1 0.8848 3
0.7744 1 0.7744 5
0.8061 1 0.8061 5
0.709 1 0.709 2
0.7689 1 0.7689 3
0.794 1 0.794 3
0.7368 1 0.7368 1
0.6718 1 0.6718 1
0.6662 1 0.6662 3
0.7052 1 0.7052 2
0.6916 1 0.6916 2
0.7521 1 0.7521 2
0.738 1 0.738 2
0.736 1 0.736 1
0.7136 1 0.7136 2
0.6601 1 0.6601 4
0.8098 1 0.8098 2
0.6124 1 0.6124 1
0.712 1 0.712 3
0.7226 1 0.7226 1
0.8435 1 0.8435 2
0.6985 1 0.6985 4
0.7879 1 0.7879 3
0.7344 1 0.7344 2
0.7233 1 0.7233 1
0.655 1 0.655 1
0.6984 1 0.6984 1
0.742 1 0.742 1
0.7827 1 0.7827 3
0.6293 1 0.6293 1
0.8046 1 0.8046 1
0.66 1 0.66 2
0.7635 1 0.7635 2
0.7296 1 0.7296 2
0.613 1 0.613 2
0.8238 1 0.8238 1
0.7227 1 0.7227 3
0.9017 1 0.9017 4
0.7233 1 0.7233 3
0.7846 1 0.7846 2
0.7797 1 0.7797 2
0.5935 1 0.5935 2
0.7932 1 0.7932 2
0.8123 1 0.8123 2
0.7195 1 0.7195 3
0.6972 1 0.6972 4
0.735 1 0.735 2
0.7941 1 0.7941 4
0.8102 1 0.8102 4
0.7179 1 0.7179 4
0.6862 1 0.6862 2
0.7021 1 0.7021 3
0.6807 1 0.6807 1
0.7851 1 0.7851 1
0.6872 1 0.6872 2
0.6949 1 0.6949 2
0.6467 1 0.6467 2
0.6195 1 0.6195 2
0.8787 1 0.8787 2
0.773 1 0.773 3
0.7171 1 0.7171 2
0.678 1 0.678 2
0.7248 1 0.7248 2
0.7136 1 0.7136 2
0.693 1 0.693 2
0.9101 1 0.9101 2
0.7361 1 0.736 3
0.5076 1 0.5076 5
0.9533 1 0.9532 2
0.9576 1 0.9575 4
0.9683 1 0.9682 5
0.8144 1 0.8144 5
0.9571 1 0.9568 5
0.8687 1 0.8686 10
0.8218 1 0.8218 2
0.9336 0.7629 0.7092 23
0.9582 1 0.9581 6
0.985 0.6631 0.6531 23
0.526 1 0.526 5
0.6337 1 0.6336 6
0.9621 1 0.9612 10
0.9774 1 0.9773 10
0.9604 1 0.9565 8
0.9793 0.6217 0.6085 8
0.9687 0.9161 0.8861 4
0.9337 1 0.9337 4
0.9644 1 0.9644 3
0.9654 1 0.9654 7
0.7585 1 0.7585 7
0.9641 1 0.9641 4
0.9836 0.9717 0.9542 24
0.7898 1 0.7898 3
0.9668 1 0.9668 4
0.9544 1 0.9544 3
0.9844 1 0.9838 14
0.9047 1 0.9047 6
0.9667 1 0.9667 5
0.9482 1 0.9482 4
0.9634 1 0.9627 12
0.5317 1 0.5317 3
0.9757 1 0.975 12
0.5573 1 0.5573 5
0.7194 1 0.7194 6
0.9518 1 0.9518 5
0.9577 1 0.9568 17
0.9625 1 0.9625 5
0.9705 1 0.9705 6
0.8404 1 0.8404 3
0.7944 1 0.7944 2
0.7646 1 0.7646 5
0.9777 1 0.9777 4
0.7167 1 0.7167 3
0.8762 1 0.8762 5
0.6635 1 0.6635 6
0.9644 1 0.9644 7
0.9721 1 0.972 11
0.9688 1 0.9686 8
0.9788 1 0.9788 6
0.9581 1 0.9581 5
0.9498 1 0.9498 2
0.9782 1 0.9782 9
0.942 1 0.942 3
0.8818 1 0.8818 4
0.8445 1 0.8445 5
0.9813 1 0.9812 5
0.9792 1 0.9792 6
0.9841 1 0.9841 9
0.9565 1 0.9564 8
0.7165 1 0.7165 4
0.9771 1 0.9771 5
0.9548 1 0.9548 7
0.9644 1 0.9644 5
0.9675 1 0.9674 9
0.9574 1 0.9574 7
0.97 1 0.97 2
0.8667 1 0.8667 4
0.9628 1 0.9628 3
0.9687 1 0.9687 11
0.7912 1 0.7912 5
0.9253 1 0.9253 4
0.9832 1 0.9831 8
0.9092 1 0.9092 5
0.7728 1 0.7728 2
0.9844 1 0.9844 5
0.9768 1 0.9768 11
0.9805 1 0.9805 4
0.791 1 0.791 3
0.8343 1 0.8343 6
0.8926 1 0.8926 3
0.9767 1 0.9767 5
0.7638 1 0.7638 3
0.878 1 0.878 3
0.9743 1 0.9741 12
0.7924 1 0.7924 3
0.9101 1 0.9101 5
0.9554 1 0.9554 6
0.9761 1 0.976 8
0.9699 1 0.9699 3
0.9664 1 0.9661 9
0.9886 1 0.9878 21
0.9666 1 0.9666 5
0.9258 1 0.9258 5
0.6624 1 0.6624 2
0.976 1 0.9758 9
0.97 1 0.97 3
0.953 1 0.953 10
0.8285 1 0.8285 3
0.9706 1 0.9706 5
0.7637 1 0.7637 4
0.9792 1 0.9792 1
0.8781 1 0.8781 4
0.7614 1 0.7614 3
0.9615 1 0.9615 5
0.8624 1 0.8624 4
0.8272 1 0.8272 3
0.7114 1 0.7114 4
0.7746 1 0.7746 2
0.8053 1 0.8053 2
0.9609 1 0.9609 6
0.9696 1 0.9696 9
0.7557 1 0.7557 2
0.8948 1 0.8948 3
0.9581 1 0.9581 5
0.9604 1 0.9603 14
0.8387 1 0.8387 4
0.7465 1 0.7465 3
0.9652 1 0.9651 8
0.9162 1 0.9162 2
0.8956 1 0.8956 3
0.8854 1 0.8854 5
0.9504 1 0.9504 4
0.8583 1 0.8583 5
0.7737 1 0.7737 3
0.9407 1 0.9407 4
0.8534 1 0.8534 2
0.969 1 0.969 5
0.9703 1 0.9703 7
0.874 1 0.874 3
0.9299 1 0.9299 6
0.726 1 0.726 2
0.9699 1 0.9699 4
0.8997 1 0.8997 3
0.9376 1 0.9376 6
0.859 1 0.859 3
0.9475 1 0.9475 6
0.5913 1 0.5913 2
0.612 1 0.612 1
0.6658 1 0.6658 1
0.6364 1 0.6364 4
0.7709 1 0.7709 2
0.7068 1 0.7068 2
0.6949 1 0.6949 3
0.7377 1 0.7377 1
0.5805 1 0.5805 4
0.7248 1 0.7248 4
0.7124 1 0.7124 2
0.7659 1 0.7659 6
0.5916 1 0.5916 2
0.7416 1 0.7416 3
0.6478 1 0.6478 3
0.8684 1 0.8684 2
0.7937 1 0.7937 4
0.7246 1 0.7246 3
0.9285 1 0.9285 2
0.7634 1 0.7634 3
0.9059 1 0.9059 1
0.5566 1 0.5566 2
0.4847 1 0.4847 3
0.7251 1 0.7251 3
0.7718 1 0.7718 1
0.6767 1 0.6767 2
0.5956 1 0.5956 3
0.7905 1 0.7905 3
0.6474 1 0.6474 1
0.6536 1 0.6536 2
0.8696 1 0.8696 2
0.7372 1 0.7372 3
0.7568 1 0.7568 2
0.7805 1 0.7805 2
0.7358 1 0.7358 2
0.7805 1 0.7805 3
0.8471 1 0.8471 1
0.7252 1 0.7252 2
0.8198 1 0.8198 4
0.8159 1 0.8159 1
0.7648 1 0.7648 1
0.5915 1 0.5915 2
0.7242 1 0.7242 3
0.6251 1 0.6251 1
0.7375 1 0.7375 1
0.5543 1 0.5543 2
0.8691 1 0.8691 1
0.7641 1 0.7641 2
0.9296 1 0.9296 3
0.6817 1 0.6817 4
0.8122 1 0.8122 1
0.7181 1 0.7181 3
0.6429 1 0.6429 2
0.7257 1 0.7257 3
0.6731 1 0.6731 3
0.7563 1 0.7563 3
0.6483 1 0.6483 1
0.8819 1 0.8819 2
0.7504 1 0.7504 3
0.6559 1 0.6559 2
0.6121 1 0.6121 2
0.6984 1 0.6984 2
0.671 1 0.671 2
0.7159 1 0.7159 4
0.6257 1 0.6257 2
0.6088 1 0.6088 3
0.7826 1 0.7826 2
0.7621 1 0.7621 2
0.8976 1 0.8976 3
0.6455 1 0.6455 1
0.6697 1 0.6697 3
0.6717 1 0.6717 2
0.6382 1 0.6382 2
0.852 1 0.852 4
0.5777 1 0.5777 2
0.8025 1 0.8025 4
0.5917 1 0.5917 1
0.7711 1 0.7711 1
0.661 1 0.661 1
0.7301 1 0.7301 2
0.6603 1 0.6603 2
0.5998 1 0.5998 2
0.5633 1 0.5633 2
0.6776 1 0.6776 3
0.8573 1 0.8573 3
0.6923 1 0.6923 2
0.6456 1 0.6456 2
0.7328 1 0.7328 1
0.6909 1 0.6909 3
0.7058 1 0.7058 1
0.6985 1 0.6985 1
0.6333 1 0.6333 2
0.6792 1 0.6792 3
0.702 1 0.702 2
0.6414 1 0.6414 2
0.8279 1 0.8279 4
0.7408 1 0.7408 2
0.7864 1 0.7864 5
0.5458 1 0.5458 1
0.7195 1 0.7195 2
0.6685 1 0.6685 4
0.7132 1 0.7132 2
0.6427 1 0.6427 2
0.7206 1 0.7206 4
0.6121 1 0.6121 2
0.6058 1 0.6058 1
0.6351 1 0.6351 2
0.5704 1 0.5704 2
0.5711 1 0.5711 2
0.7437 1 0.7437 2
0.588 1 0.588 3
0.7049 1 0.7049 1
0.6593 1 0.6593 2
0.7353 1 0.7353 2
0.5782 1 0.5782 2
0.6563 1 0.6563 2
0.7498 1 0.7498 2
0.6214 1 0.6214 1
0.6098 1 0.6098 1
0.6124 1 0.6124 2
0.6814 1 0.6814 2
0.7296 1 0.7296 2
0.733 1 0.733 3
0.751 1 0.751 4
0.6188 1 0.6188 1
0.6184 1 0.6184 2
0.6161 1 0.6161 1
0.7051 1 0.7051 2
0.7596 1 0.7596 2
0.5838 1 0.5838 1
0.6179 1 0.6179 2
0.567 1 0.567 2
0.6634 1 0.6634 3
0.5884 1 0.5884 4
0.5816 1 0.5816 2
0.6007 1 0.6007 2
0.5758 1 0.5758 3
0.6281 1 0.6281 2
0.6434 1 0.6434 1
0.7216 1 0.7216 1
0.6433 1 0.6433 2
0.6247 1 0.6247 2
0.6612 1 0.6612 2
0.6323 1 0.6323 2
0.714 1 0.714 1
0.6319 1 0.6319 1
0.5956 1 0.5956 2
0.5556 1 0.5556 2
0.579 1 0.579 4
0.5973 1 0.5973 3
0.7767 1 0.7767 2
0.5735 1 0.5735 2
0.6317 1 0.6317 2
0.7427 1 0.7427 2
0.5869 1 0.5869 4
0.7344 1 0.7344 3
0.682 1 0.682 2
0.5531 1 0.5531 3
0.7176 1 0.7176 2
0.6528 1 0.6528 1