0.9620 
0.9816 
0.9516 
0.9633 
0.9623 
0.9706 
0.9786 
0.9882 
0.9492 
0.9597 
0.9384 
0.9624 
0.9835 
0.9747 
0.9751 
0.9778 
0.9827 
0.9604 
0.9793 
0.9673 
0.9716 
0.9742 
0.9682 
0.9818 
0.9771 
0.9839 
0.9855 
0.9821 
0.9779 
0.9835 
0.9676 
0.9710 
0.9802 
0.9686 
0.9781 
0.9815 
0.9834 
0.9722 
0.9762 
0.9770 
0.9806 
0.9808 
0.9831 
0.9868 
0.9776 
0.9766 
0.9822 
0.9782 
0.9790 
0.9835 
0.9777 
0.9772 
0.9853 
0.9795 
0.9791 
0.9811 
0.9797 
0.9737 
0.9860 
0.9805 
0.9823 
0.9848 
0.9821 
0.9831 
0.9841 
0.9764 
0.9862 
0.9786 
0.9765 
0.9824 
0.9807 
0.9777 
0.9873 
0.9797 
0.9814 
0.9844 
0.9820 
0.9752 
0.9856 
0.9790 
0.9824 
0.9821 
0.9764 
0.9844 
0.9802 
0.9836 
0.9823 
0.9727 
0.9779 
0.9814 
0.9790 
0.9799 
0.9838 
0.9795 
0.9891 
0.9851 
0.9840 
0.9735 
0.9867 
0.9816 
0.9837 
0.9852 
0.9839 
0.9827 
0.9844 
0.9828 
0.9853 
0.9797 
0.9782 
0.9814 
0.9807 
0.9831 
0.9848 
0.9857 
0.9861 
0.9784 
0.9821 
0.9724 
0.9780 
0.9812 
0.9868 
0.9854 
0.9809 
0.9828 
0.9792 
0.9816 
0.9803 
0.9811 
0.9810 
0.9863 
0.9789 
0.9825 
0.9788 
0.9823 
0.9830 
0.9805 
0.9779 
0.9778 
0.9804 
0.9842 
0.9768 
0.9760 
0.9729 
0.9703 
0.9680 
0.9678 
0.9742 
0.9739 
0.9655 
0.9746 
0.9780 
0.9699 
0.9727 
0.9750 
0.9779 
0.9715 
0.9729 
0.9716 
0.9731 
0.9771 
0.9721 
0.9706 
0.9727 
0.9664 
0.9767 
0.9671 
0.9743 
0.9678 
0.9667 
0.9737 
0.9733 
0.9702 
0.9701 
0.9724 
0.9712 
0.9719 
0.9732 
0.9735 
0.9811 
0.9669 
0.9712 
0.9709 
0.9729 
0.9740 
0.9742 
0.9692 
0.9718 
0.9776 
0.9692 
0.9683 
0.9687 
0.9766 
0.9672 
0.9698 
0.9721 
0.9738 
0.9731 
0.9748 
0.9687 
0.9719 
0.9752 
0.9712 
0.9676 
0.9709 
0.9689 
0.9716 
0.9708 
0.9719 
0.9649 
0.9746 
0.9731 
0.9723 
0.9729 
0.9667 
0.9684 
0.9706 
0.9738 
0.9703 
0.9697 
0.9700 
0.9728 
0.9712 
0.9685 
0.9704 
0.9713 
0.9672 
0.9662 
0.9687 
0.9717 
0.9693 
0.9703 
0.9724 
0.9703 
0.9683 
0.9665 
0.9678 
0.9712 
0.9674 
0.9697 
0.9722 
0.9695 
0.9696 
0.9677 
0.9710 
0.9684 
0.9681 
0.9680 
0.9682 
0.9662 
0.9718 
0.9714 
0.9696 
0.9720 
0.9698 
0.9708 
0.9661 
0.9706 
0.9781 
0.9686 
0.9701 
0.9688 
0.9679 
0.9680 
0.9675 
0.9705 
0.9686 
0.9743 
0.9637 
0.9696 
0.9710 
0.9631 
0.9680 
0.9755 
0.9648 
0.9702 
0.9673 
0.9678 
0.9601 
0.9677 
0.9655 
0.9676 
0.9670 
0.9671 
0.9678 
0.9723 
0.9648 
0.9668 
0.9606 
0.9675 
0.9680 
0.9669 
0.9650 
0.9667 
0.9733 
0.9658 
0.9642 
0.9678 
0.9689 
0.9692 
0.9634 
0.9620 
0.9802 
0.9533 
0.9613 
0.9613 
0.9692 
0.9786 
0.9882 
0.9471 
0.9627 
0.9446 
0.9642 
0.9822 
0.9752 
0.9767 
0.9778 
0.9822 
0.9604 
0.9793 
0.9655 
0.9716 
0.9709 
0.9706 
0.9797 
0.9771 
0.9839 
0.9778 
0.9789 
0.9745 
0.9829 
0.9700 
0.9719 
0.9798 
0.9661 
0.9790 
0.9758 
0.9812 
0.9689 
0.9795 
0.9847 
0.9807 
0.9846 
0.9871 
0.9790 
0.9764 
0.9754 
0.9828 
0.9843 
0.9756 
0.9837 
0.9769 
0.9779 
0.9853 
0.9778 
0.9797 
0.9763 
0.9774 
0.9737 
0.9871 
0.9799 
0.9837 
0.9801 
0.9782 
0.9834 
0.9784 
0.9782 
0.9842 
0.9755 
0.9781 
0.9809 
0.9815 
0.9790 
0.9863 
0.9787 
0.9856 
0.9834 
0.9771 
0.9730 
0.9834 
0.9796 
0.9730 
0.9830 
0.9759 
0.9847 
0.9798 
0.9778 
0.9795 
0.9734 
0.9756 
0.9810 
0.9780 
0.9742 
0.9853 
0.9800 
0.9891 
0.9833 
0.9805 
0.9703 
0.9818 
0.9835 
0.9837 
0.9849 
0.9786 
0.9815 
0.9809 
0.9837 
0.9803 
0.9794 
0.9801 
0.9819 
0.9823 
0.9823 
0.9867 
0.9788 
0.9868 
0.9842 
0.9810 
0.9729 
0.9846 
0.9808 
0.9837 
0.9848 
0.9766 
0.9836 
0.9783 
0.9810 
0.9784 
0.9785 
0.9783 
0.9788 
0.9769 
0.9855 
0.9813 
0.9806 
0.9826 
0.9816 
0.9781 
0.9754 
0.9790 
0.9787 
0.9744 
0.9752 
0.9652 
0.9717 
0.9712 
0.9642 
0.9689 
0.9694 
0.9669 
0.9693 
0.9685 
0.9730 
0.9706 
0.9656 
0.9745 
0.9687 
0.9741 
0.9763 
0.9694 
0.9754 
0.9723 
0.9687 
0.9698 
0.9705 
0.9725 
0.9741 
0.9731 
0.9723 
0.9645 
0.9734 
0.9683 
0.9705 
0.9666 
0.9745 
0.9668 
0.9699 
0.9712 
0.9714 
0.9739 
0.9732 
0.9733 
0.9686 
0.9754 
0.9669 
0.9701 
0.9624 
0.9710 
0.9714 
0.9663 
0.9682 
0.9658 
0.9655 
0.9660 
0.9699 
0.9663 
0.9744 
0.9707 
0.9722 
0.9709 
0.9685 
0.9676 
0.9683 
0.9674 
0.9681 
0.9683 
0.9700 
0.9728 
0.9690 
0.9650 
0.9728 
0.9733 
0.9681 
0.9703 
0.9726 
0.9682 
0.9661 
0.9713 
0.9702 
0.9730 
0.9697 
0.9675 
0.9715 
0.9692 
0.9713 
0.9687 
0.9672 
0.9662 
0.9713 
0.9655 
0.9698 
0.9715 
0.9698 
0.9687 
0.9684 
0.9661 
0.9665 
0.9693 
0.9685 
0.9678 
0.9724 
0.9681 
0.9689 
0.9681 
0.9716 
0.9657 
0.9669 
0.9667 
0.9647 
0.9654 
0.9700 
0.9725 
0.9676 
0.9715 
0.9661 
0.9687 
0.9688 
0.9720 
0.9692 
0.9737 
0.9680 
0.9741 
0.9627 
0.9611 
0.9670 
0.9602 
0.9671 
0.9719 
0.9612 
0.9641 
0.9668 
0.9670 
0.9675 
0.9684 
0.9686 
0.9700 
0.9691 
0.9669 
0.9665 
0.9656 
0.9697 
0.9681 
0.9635 
0.9624 
0.9650 
0.9643 
0.9676 
0.9648 
0.9577 
0.9653 
0.9673 
0.9657 
0.9615 
0.9633 
0.9692 
0.9656 
0.9644 
0.9658 
0.9618 
0.9655 
0.9633 
0.9634 
0.9704 
0.9562 
0.9667 
0.9667 
0.9683 
0.9801 
0.9868 
0.9477 
0.9593 
0.9486 
0.9621 
0.9805 
0.9747 
0.9761 
0.9778 
0.9822 
0.9520 
0.9793 
0.9656 
0.9716 
0.9761 
0.9698 
0.9806 
0.9767 
0.9879 
0.9752 
0.9784 
0.9774 
0.9769 
0.9698 
0.9716 
0.9800 
0.9694 
0.9781 
0.9722 
0.9843 
0.9675 
0.9781 
0.9783 
0.9780 
0.9856 
0.9804 
0.9882 
0.9728 
0.9839 
0.9826 
0.9829 
0.9747 
0.9752 
0.9729 
0.9763 
0.9869 
0.9747 
0.9786 
0.9817 
0.9746 
0.9734 
0.9875 
0.9724 
0.9809 
0.9816 
0.9724 
0.9810 
0.9793 
0.9736 
0.9777 
0.9745 
0.9772 
0.9792 
0.9810 
0.9784 
0.9895 
0.9764 
0.9825 
0.9803 
0.9759 
0.9715 
0.9858 
0.9793 
0.9821 
0.9813 
0.9749 
0.9829 
0.9773 
0.9814 
0.9849 
0.9734 
0.9769 
0.9814 
0.9770 
0.9800 
0.9836 
0.9789 
0.9891 
0.9776 
0.9777 
0.9715 
0.9847 
0.9769 
0.9843 
0.9849 
0.9812 
0.9857 
0.9802 
0.9772 
0.9791 
0.9762 
0.9778 
0.9835 
0.9751 
0.9803 
0.9831 
0.9812 
0.9888 
0.9801 
0.9800 
0.9695 
0.9753 
0.9815 
0.9843 
0.9799 
0.9760 
0.9798 
0.9787 
0.9795 
0.9736 
0.9763 
0.9805 
0.9781 
0.9785 
0.9838 
0.9786 
0.9797 
0.9851 
0.9765 
0.9793 
0.9735 
0.9835 
0.9757 
0.9759 
0.9709 
0.9682 
0.9746 
0.9688 
0.9627 
0.9664 
0.9682 
0.9643 
0.9730 
0.9743 
0.9670 
0.9693 
0.9717 
0.9767 
0.9772 
0.9688 
0.9726 
0.9711 
0.9724 
0.9704 
0.9711 
0.9698 
0.9698 
0.9699 
0.9671 
0.9736 
0.9723 
0.9646 
0.9677 
0.9711 
0.9626 
0.9671 
0.9663 
0.9616 
0.9661 
0.9688 
0.9694 
0.9712 
0.9652 
0.9710 
0.9693 
0.9693 
0.9715 
0.9720 
0.9708 
0.9707 
0.9731 
0.9682 
0.9646 
0.9676 
0.9703 
0.9696 
0.9673 
0.9669 
0.9730 
0.9660 
0.9703 
0.9730 
0.9706 
0.9706 
0.9669 
0.9667 
0.9700 
0.9671 
0.9685 
0.9753 
0.9698 
0.9632 
0.9726 
0.9716 
0.9695 
0.9646 
0.9658 
0.9637 
0.9672 
0.9687 
0.9705 
0.9739 
0.9720 
0.9672 
0.9657 
0.9721 
0.9614 
0.9679 
0.9693 
0.9652 
0.9679 
0.9613 
0.9726 
0.9640 
0.9669 
0.9631 
0.9613 
0.9666 
0.9651 
0.9673 
0.9632 
0.9651 
0.9685 
0.9655 
0.9648 
0.9641 
0.9677 
0.9681 
0.9613 
0.9611 
0.9637 
0.9633 
0.9705 
0.9678 
0.9688 
0.9719 
0.9675 
0.9661 
0.9684 
0.9671 
0.9691 
0.9734 
0.9687 
0.9681 
0.9636 
0.9691 
0.9648 
0.9637 
0.9601 
0.9682 
0.9553 
0.9629 
0.9680 
0.9650 
0.9665 
0.9693 
0.9676 
0.9675 
0.9641 
0.9653 
0.9634 
0.9698 
0.9666 
0.9636 
0.9637 
0.9621 
0.9596 
0.9686 
0.9588 
0.9608 
0.9667 
0.9678 
0.9661 
0.9622 
0.9634 
0.9657 
0.9699 
0.9606 
0.9641 
0.9636 
0.9655 
0.9704 
0.9651 
0.9601 
0.9746 
0.9562 
0.9649 
0.9623 
0.9706 
0.9786 
0.9882 
0.9474 
0.9605 
0.9449 
0.9657 
0.9795 
0.9697 
0.9767 
0.9778 
0.9790 
0.9604 
0.9793 
0.9656 
0.9716 
0.9742 
0.9715 
0.9797 
0.9700 
0.9855 
0.9801 
0.9821 
0.9764 
0.9830 
0.9703 
0.9742 
0.9797 
0.9678 
0.9791 
0.9730 
0.9839 
0.9686 
0.9732 
0.9792 
0.9807 
0.9821 
0.9793 
0.9859 
0.9776 
0.9806 
0.9814 
0.9800 
0.9785 
0.9829 
0.9761 
0.9799 
0.9855 
0.9777 
0.9798 
0.9817 
0.9766 
0.9702 
0.9862 
0.9814 
0.9831 
0.9834 
0.9851 
0.9853 
0.9811 
0.9770 
0.9842 
0.9793 
0.9769 
0.9806 
0.9790 
0.9820 
0.9882 
0.9793 
0.9839 
0.9822 
0.9776 
0.9701 
0.9796 
0.9795 
0.9828 
0.9811 
0.9754 
0.9846 
0.9832 
0.9804 
0.9794 
0.9750 
0.9757 
0.9797 
0.9786 
0.9791 
0.9893 
0.9802 
0.9893 
0.9844 
0.9821 
0.9731 
0.9846 
0.9806 
0.9854 
0.9821 
0.9803 
0.9837 
0.9849 
0.9812 
0.9813 
0.9809 
0.9773 
0.9811 
0.9826 
0.9794 
0.9824 
0.9841 
0.9888 
0.9809 
0.9861 
0.9754 
0.9830 
0.9832 
0.9821 
0.9852 
0.9814 
0.9836 
0.9809 
0.9820 
0.9789 
0.9820 
0.9772 
0.9829 
0.9768 
0.9831 
0.9844 
0.9781 
0.9839 
0.9778 
0.9814 
0.9798 
0.9804 
0.9817 
0.9778 
0.9690 
0.9682 
0.9757 
0.9753 
0.9720 
0.9725 
0.9723 
0.9655 
0.9731 
0.9754 
0.9727 
0.9663 
0.9716 
0.9803 
0.9705 
0.9723 
0.9717 
0.9800 
0.9771 
0.9797 
0.9681 
0.9681 
0.9732 
0.9758 
0.9683 
0.9715 
0.9750 
0.9672 
0.9666 
0.9724 
0.9675 
0.9702 
0.9698 
0.9677 
0.9714 
0.9711 
0.9747 
0.9740 
0.9722 
0.9712 
0.9715 
0.9679 
0.9766 
0.9742 
0.9635 
0.9706 
0.9712 
0.9691 
0.9697 
0.9736 
0.9760 
0.9754 
0.9720 
0.9695 
0.9729 
0.9726 
0.9755 
0.9764 
0.9721 
0.9730 
0.9716 
0.9681 
0.9656 
0.9706 
0.9727 
0.9773 
0.9772 
0.9652 
0.9746 
0.9663 
0.9699 
0.9691 
0.9686 
0.9754 
0.9706 
0.9759 
0.9713 
0.9705 
0.9691 
0.9676 
0.9734 
0.9699 
0.9703 
0.9700 
0.9720 
0.9662 
0.9687 
0.9696 
0.9720 
0.9751 
0.9681 
0.9682 
0.9699 
0.9686 
0.9706 
0.9703 
0.9665 
0.9652 
0.9726 
0.9680 
0.9741 
0.9705 
0.9707 
0.9724 
0.9684 
0.9676 
0.9664 
0.9654 
0.9690 
0.9706 
0.9686 
0.9701 
0.9666 
0.9733 
0.9667 
0.9690 
0.9718 
0.9700 
0.9665 
0.9711 
0.9620 
0.9679 
0.9731 
0.9724 
0.9636 
0.9682 
0.9645 
0.9667 
0.9686 
0.9636 
0.9693 
0.9687 
0.9669 
0.9662 
0.9678 
0.9683 
0.9709 
0.9729 
0.9674 
0.9674 
0.9632 
0.9652 
0.9673 
0.9690 
0.9697 
0.9686 
0.9648 
0.9663 
0.9722 
0.9664 
0.9643 
0.9733 
0.9703 
0.9598 
0.9677 
0.9684 
0.9686 
0.9682 
0.9652 
0.9614 
0.9664 
0.9516 
0.9649 
0.9611 
0.8077 
0.9676 
0.9882 
0.9563 
0.9554 
0.9414 
0.9440 
0.9819 
0.8935 
0.9732 
0.9778 
0.9775 
0.9520 
0.9793 
0.9673 
0.9716 
0.9735 
0.9698 
0.9739 
0.9718 
0.9839 
0.9834 
0.9816 
0.9719 
0.9794 
0.9653 
0.9752 
0.9781 
0.9721 
0.9755 
0.9792 
0.9835 
0.9652 
0.9723 
0.9733 
0.9790 
0.9820 
0.9794 
0.9872 
0.9730 
0.9808 
0.9828 
0.9797 
0.9788 
0.9835 
0.9796 
0.9776 
0.9844 
0.9830 
0.9795 
0.9764 
0.9728 
0.9701 
0.9781 
0.9785 
0.9827 
0.9825 
0.9766 
0.9837 
0.9794 
0.9788 
0.9821 
0.9755 
0.9776 
0.9812 
0.9761 
0.9773 
0.9836 
0.9747 
0.9853 
0.9845 
0.9773 
0.9712 
0.9807 
0.9815 
0.9829 
0.9835 
0.9765 
0.9844 
0.9794 
0.9822 
0.9819 
0.9748 
0.9790 
0.9820 
0.9807 
0.9868 
0.9833 
0.9817 
0.9891 
0.9816 
0.9767 
0.9731 
0.9811 
0.9754 
0.9830 
0.9821 
0.9826 
0.9858 
0.9796 
0.9830 
0.9796 
0.9819 
0.9750 
0.9779 
0.9794 
0.9789 
0.9848 
0.9853 
0.9825 
0.9776 
0.9825 
0.9760 
0.9781 
0.9775 
0.9838 
0.9810 
0.9772 
0.9821 
0.9806 
0.9782 
0.9787 
0.9781 
0.9705 
0.9816 
0.9778 
0.9854 
0.9816 
0.9800 
0.9766 
0.9779 
0.9796 
0.9773 
0.9816 
0.9800 
0.9795 
0.9697 
0.9686 
0.9636 
0.9729 
0.9651 
0.9713 
0.9700 
0.9657 
0.9713 
0.9768 
0.9723 
0.9737 
0.9706 
0.9767 
0.9739 
0.9749 
0.9748 
0.9763 
0.9730 
0.9689 
0.9663 
0.9655 
0.9737 
0.9771 
0.9684 
0.9753 
0.9770 
0.9664 
0.9726 
0.9731 
0.9694 
0.9693 
0.9709 
0.9687 
0.9675 
0.9693 
0.9709 
0.9733 
0.9700 
0.9710 
0.9727 
0.9676 
0.9689 
0.9744 
0.9666 
0.9739 
0.9737 
0.9658 
0.9718 
0.9707 
0.9739 
0.9690 
0.9727 
0.9655 
0.9710 
0.9678 
0.9744 
0.9720 
0.9663 
0.9730 
0.9680 
0.9632 
0.9714 
0.9717 
0.9685 
0.9740 
0.9710 
0.9659 
0.9663 
0.9686 
0.9660 
0.9660 
0.9682 
0.9686 
0.9703 
0.9717 
0.9694 
0.9716 
0.9678 
0.9630 
0.9469 
0.9702 
0.9692 
0.9717 
0.9598 
0.9620 
0.9618 
0.9642 
0.9692 
0.9615 
0.9610 
0.9675 
0.9653 
0.9676 
0.9680 
0.9731 
0.9664 
0.9645 
0.9675 
0.9687 
0.9702 
0.9693 
0.9614 
0.9729 
0.9671 
0.9712 
0.9652 
0.9635 
0.9704 
0.9649 
0.9666 
0.9699 
0.9688 
0.9694 
0.9690 
0.9726 
0.9678 
0.9739 
0.9637 
0.9688 
0.9645 
0.9673 
0.9710 
0.9737 
0.9650 
0.9703 
0.9646 
0.9608 
0.9692 
0.9690 
0.9680 
0.9658 
0.9659 
0.9615 
0.9691 
0.9671 
0.9678 
0.9679 
0.9661 
0.9703 
0.9661 
0.9650 
0.9660 
0.9613 
0.9704 
0.9649 
0.9613 
0.9703 
0.9702 
0.9639 
0.9586 
0.9627 
0.9750 
0.9676 
0.9660 
0.9682 
0.9686 
0.9681 
0.9650 
0.9601 
0.9747 
0.9356 
0.8887 
0.9555 
0.9707 
0.9736 
0.9861 
0.9506 
0.9562 
0.9355 
0.9612 
0.7343 
0.9693 
0.9739 
0.7723 
0.9822 
0.5926 
0.9793 
0.9656 
0.9715 
0.9729 
0.9509 
0.9805 
0.9780 
0.9832 
0.9827 
0.9777 
0.9792 
0.9821 
0.9710 
0.9704 
0.9773 
0.9669 
0.9740 
0.9738 
0.9835 
0.9704 
0.9712 
0.9698 
0.9743 
0.9824 
0.9747 
0.9801 
0.9748 
0.9780 
0.9829 
0.9781 
0.9790 
0.9654 
0.9836 
0.9715 
0.9857 
0.9754 
0.9831 
0.9701 
0.9747 
0.9697 
0.9874 
0.9787 
0.9846 
0.9712 
0.9710 
0.9837 
0.9782 
0.9752 
0.9822 
0.9776 
0.9781 
0.9780 
0.9798 
0.9685 
0.9782 
0.9772 
0.9725 
0.9700 
0.9801 
0.9744 
0.9678 
0.9795 
0.9841 
0.9741 
0.9771 
0.9836 
0.9627 
0.9764 
0.9811 
0.9826 
0.9742 
0.9763 
0.9811 
0.9763 
0.9815 
0.9700 
0.9624 
0.9823 
0.9720 
0.9730 
0.9845 
0.9777 
0.9844 
0.9826 
0.9766 
0.9744 
0.9808 
0.9804 
0.9809 
0.9784 
0.9730 
0.9810 
0.9775 
0.9802 
0.9837 
0.9815 
0.9744 
0.9830 
0.9746 
0.9662 
0.9728 
0.9846 
0.9853 
0.9790 
0.9753 
0.9826 
0.9848 
0.9650 
0.9768 
0.9759 
0.9775 
0.9844 
0.9747 
0.9810 
0.9808 
0.9783 
0.9810 
0.9777 
0.9622 
0.9766 
0.9769 
0.9783 
0.9377 
0.9682 
0.9638 
0.9615 
0.8637 
0.9683 
0.9671 
0.9667 
0.9662 
0.9699 
0.9695 
0.9620 
0.9518 
0.9527 
0.9743 
0.9553 
0.9681 
0.9794 
0.9718 
0.9727 
0.9757 
0.9666 
0.9580 
0.9619 
0.9668 
0.9683 
0.9707 
0.9680 
0.9618 
0.9664 
0.9722 
0.9592 
0.9497 
0.9720 
0.9550 
0.9649 
0.9649 
0.8881 
0.9677 
0.9748 
0.9351 
0.9676 
0.9685 
0.9672 
0.9656 
0.9616 
0.9642 
0.9437 
0.9510 
0.9220 
0.9669 
0.9608 
0.9571 
0.9671 
0.9297 
0.9667 
0.9696 
0.9706 
0.9691 
0.9560 
0.9667 
0.9535 
0.9385 
0.9632 
0.9622 
0.9613 
0.9719 
0.9695 
0.9611 
0.7893 
0.9688 
0.9612 
0.9207 
0.9718 
0.9188 
0.9666 
0.9681 
0.9486 
0.9698 
0.9672 
0.9642 
0.9623 
0.8729 
0.8777 
0.9644 
0.9040 
0.9574 
0.9624 
0.9654 
0.9666 
0.9697 
0.9695 
0.9569 
0.9554 
0.8923 
0.9600 
0.9608 
0.9568 
0.9381 
0.9396 
0.9624 
0.9665 
0.9469 
0.9623 
0.9690 
0.9167 
0.9656 
0.9652 
0.9506 
0.9682 
0.9715 
0.9455 
0.9635 
0.9580 
0.8061 
0.9692 
0.9631 
0.9586 
0.9651 
0.8730 
0.9596 
0.8800 
0.9550 
0.9528 
0.9633 
0.8737 
0.8697 
0.9329 
0.9503 
0.9523 
0.9630 
0.9649 
0.9694 
0.9657 
0.9628 
0.9337 
0.8949 
0.9539 
0.9636 
0.9649 
0.9547 
0.9618 
0.9247 
0.9601 
0.9610 
0.9520 
0.9612 
0.9547 
0.9591 
0.9686 
0.9537 
0.9618 
0.9667 
0.9382 
0.9497 
0.9609 
0.9610 
0.9632 
0.9647 
0.9632 
0.9527 
0.9767 
0.8573 
0.6948 
0.9557 
0.6892 
0.7677 
0.9779 
0.7825 
0.9609 
0.7205 
0.6876 
0.8874 
0.7479 
0.6470 
0.7176 
0.6680 
0.9520 
0.7903 
0.6513 
0.9694 
0.7130 
0.9668 
0.9406 
0.9129 
0.9869 
0.9335 
0.7073 
0.7982 
0.7114 
0.9658 
0.8337 
0.8279 
0.7850 
0.8845 
0.7089 
0.9328 
0.8917 
0.7378 
0.8433 
0.7533 
0.9680 
0.9700 
0.7799 
0.9663 
0.8625 
0.9848 
0.8755 
0.9208 
0.9830 
0.8083 
0.8433 
0.9186 
0.9718 
0.9573 
0.8893 
0.8441 
0.8728 
0.9708 
0.9805 
0.8948 
0.8973 
0.8803 
0.8678 
0.9716 
0.8600 
0.8649 
0.9266 
0.9743 
0.9774 
0.9374 
0.9736 
0.9358 
0.9238 
0.9155 
0.9741 
0.7825 
0.6762 
0.9705 
0.8895 
0.7951 
0.8003 
0.8760 
0.9393 
0.8420 
0.9633 
0.8096 
0.7918 
0.8660 
0.7575 
0.7679 
0.8090 
0.8684 
0.8019 
0.9654 
0.7583 
0.6958 
0.7363 
0.7727 
0.8296 
0.9011 
0.9703 
0.8383 
0.9460 
0.8822 
0.9740 
0.7885 
0.9530 
0.9741 
0.8296 
0.8546 
0.8014 
0.9080 
0.7926 
0.9811 
0.9812 
0.8633 
0.8380 
0.8864 
0.9274 
0.9707 
0.7721 
0.9175 
0.6836 
0.7910 
0.9370 
0.9154 
0.8506 
0.8266 
0.9542 
0.8202 
0.8481 
0.9632 
0.9615 
0.9221 
0.9450 
0.8676 
0.9307 
0.8299 
0.9644 
0.7315 
0.8796 
0.8477 
0.8132 
0.8085 
0.7871 
0.7036 
0.7822 
0.7317 
0.7280 
0.8332 
0.8179 
0.7432 
0.7752 
0.8642 
0.6785 
0.6666 
0.8051 
0.9622 
0.7268 
0.7805 
0.8254 
0.8193 
0.7726 
0.7132 
0.7812 
0.8220 
0.9660 
0.7278 
0.8633 
0.8311 
0.6811 
0.7820 
0.8617 
0.8048 
0.8310 
0.8499 
0.7839 
0.7968 
0.8467 
0.8105 
0.8346 
0.7903 
0.7885 
0.7625 
0.7570 
0.8418 
0.7990 
0.8073 
0.7933 
0.8430 
0.8396 
0.7831 
0.8250 
0.7529 
0.8285 
0.7307 
0.8349 
0.8170 
0.7588 
0.7649 
0.7861 
0.7637 
0.8699 
0.8590 
0.8416 
0.8051 
0.6638 
0.7058 
0.7890 
0.8110 
0.7534 
0.7904 
0.8379 
0.7133 
0.8782 
0.7328 
0.7283 
0.8309 
0.6748 
0.8214 
0.8277 
0.7322 
0.8339 
0.8407 
0.7467 
0.8503 
0.7800 
0.7010 
0.7600 
0.6526 
0.7530 
0.7011 
0.7398 
0.7847 
0.8222 
0.7371 
0.8212 
0.7253 
0.7405 
0.7249 
0.7488 
0.7540 
0.7426 
0.7577 
0.7766 
0.7305 
0.7359 
0.7230 
0.7580 
0.7230 
0.8337 
0.7128 
0.7729 
0.7648 
0.7776 
0.8209 
0.7689 
0.7505 
0.6747 
0.7757 
0.7310 
0.8084 
0.6846 
0.8666 
0.6448 
0.7577 
0.6923 
0.7531 
0.7938 
0.7468 
0.7553 
0.6911 
0.7149 
0.7454 
0.7223 
0.7516 
0.6923 
0.7215 
0.7152 
0.7332 
0.7528 
0.7028 
0.7971 
0.7075 
0.7117 
0.7098 
0.7544 
0.7248 
0.7876 
0.7628 
0.6591 
0.6668 
0.6978 
0.7322 
0.8044 
0.7579 
0.7834 
0.7301 
0.7418 
0.7667 
0.9777 
0.9434 
0.9604 
0.9485 
0.9687 
0.6863 
0.9645 
0.6950 
0.9593 
0.7300 
0.7288 
0.9756 
0.7904 
0.7600 
0.9355 
0.7015 
0.9604 
0.6677 
0.9656 
0.9492 
0.5727 
0.9718 
0.6345 
0.9524 
0.5613 
0.9741 
0.7101 
0.9798 
0.9804 
0.9564 
0.8134 
0.8480 
0.9668 
0.9666 
0.9518 
0.9532 
0.9722 
0.7490 
0.9484 
0.9807 
0.9316 
0.9578 
0.8704 
0.6999 
0.6848 
0.9734 
0.9728 
0.8245 
0.9830 
0.8736 
0.9758 
0.8554 
0.9688 
0.7406 
0.9787 
0.9519 
0.9537 
0.9844 
0.7278 
0.9717 
0.9824 
0.9533 
0.7467 
0.9726 
0.9743 
0.9512 
0.9429 
0.9333 
0.9762 
0.9757 
0.7983 
0.9844 
0.7981 
0.7626 
0.9762 
0.9095 
0.8669 
0.7830 
0.7769 
0.7805 
0.9796 
0.9722 
0.7046 
0.9744 
0.9644 
0.7554 
0.9654 
0.9756 
0.9715 
0.9463 
0.9257 
0.8218 
0.9781 
0.9752 
0.9683 
0.8606 
0.8023 
0.9723 
0.9190 
0.9784 
0.9675 
0.9616 
0.7948 
0.8074 
0.9084 
0.8882 
0.9153 
0.7418 
0.8765 
0.9223 
0.8497 
0.9637 
0.8663 
0.9754 
0.7617 
0.8961 
0.7467 
0.9334 
0.9694 
0.9675 
0.9386 
0.8970 
0.9804 
0.9476 
0.9037 
0.9686 
0.9081 
0.9693 
0.9764 
0.7883 
0.9544 
0.9230 
0.9694 
0.8119 
0.8924 
0.8054 
0.9407 
0.9289 
0.9571 
0.8644 
0.6900 
0.7287 
0.5928 
0.8194 
0.7663 
0.7216 
0.6951 
0.6983 
0.7536 
0.7746 
0.8115 
0.7600 
0.7568 
0.9028 
0.6293 
0.6325 
0.8002 
0.8212 
0.8519 
0.9349 
0.8957 
0.7684 
0.6702 
0.9525 
0.6970 
0.7569 
0.8326 
0.7446 
0.9178 
0.8759 
0.8040 
0.7323 
0.8467 
0.8210 
0.8025 
0.6286 
0.7879 
0.8479 
0.6730 
0.7454 
0.8291 
0.7822 
0.9506 
0.7427 
0.8336 
0.7806 
0.7570 
0.9394 
0.7143 
0.8153 
0.7930 
0.7307 
0.7918 
0.7575 
0.7854 
0.8849 
0.7607 
0.8806 
0.8285 
0.7477 
0.9388 
0.7964 
0.7027 
0.8284 
0.8178 
0.7627 
0.7964 
0.8940 
0.8773 
0.7225 
0.7149 
0.7299 
0.6663 
0.6887 
0.8565 
0.6822 
0.7692 
0.8441 
0.9453 
0.7125 
0.8190 
0.6784 
0.7304 
0.7638 
0.6737 
0.6085 
0.7936 
0.7507 
0.7452 
0.6926 
0.8404 
0.7104 
0.8322 
0.8564 
0.8848 
0.7744 
0.8061 
0.7090 
0.7689 
0.7940 
0.7368 
0.6718 
0.6662 
0.7052 
0.6916 
0.7521 
0.7380 
0.7360 
0.7136 
0.6601 
0.8098 
0.6124 
0.7120 
0.7226 
0.8435 
0.6985 
0.7879 
0.7344 
0.7233 
0.6550 
0.6984 
0.7420 
0.7827 
0.6293 
0.8046 
0.6600 
0.7635 
0.7296 
0.6130 
0.8238 
0.7227 
0.9017 
0.7233 
0.7846 
0.7797 
0.5935 
0.7932 
0.8123 
0.7195 
0.6972 
0.7350 
0.7941 
0.8102 
0.7179 
0.6862 
0.7021 
0.6807 
0.7851 
0.6872 
0.6949 
0.6467 
0.6195 
0.8787 
0.7730 
0.7171 
0.6780 
0.7248 
0.7136 
0.6930 
0.9101 
0.7361 
0.5076 
0.9533 
0.9576 
0.9683 
0.8144 
0.9571 
0.8687 
0.8218 
0.9336 
0.9582 
0.9850 
0.5260 
0.6337 
0.9621 
0.9774 
0.9604 
0.9793 
0.9687 
0.9337 
0.9644 
0.9654 
0.7585 
0.9641 
0.9836 
0.7898 
0.9668 
0.9544 
0.9844 
0.9047 
0.9667 
0.9482 
0.9634 
0.5317 
0.9757 
0.5573 
0.7194 
0.9518 
0.9577 
0.9625 
0.9705 
0.8404 
0.7944 
0.7646 
0.9777 
0.7167 
0.8762 
0.6635 
0.9644 
0.9721 
0.9688 
0.9788 
0.9581 
0.9498 
0.9782 
0.9420 
0.8818 
0.8445 
0.9813 
0.9792 
0.9841 
0.9565 
0.7165 
0.9771 
0.9548 
0.9644 
0.9675 
0.9574 
0.9700 
0.8667 
0.9628 
0.9687 
0.7912 
0.9253 
0.9832 
0.9092 
0.7728 
0.9844 
0.9768 
0.9805 
0.7910 
0.8343 
0.8926 
0.9767 
0.7638 
0.8780 
0.9743 
0.7924 
0.9101 
0.9554 
0.9761 
0.9699 
0.9664 
0.9886 
0.9666 
0.9258 
0.6624 
0.9760 
0.9700 
0.9530 
0.8285 
0.9706 
0.7637 
0.9792 
0.8781 
0.7614 
0.9615 
0.8624 
0.8272 
0.7114 
0.7746 
0.8053 
0.9609 
0.9696 
0.7557 
0.8948 
0.9581 
0.9604 
0.8387 
0.7465 
0.9652 
0.9162 
0.8956 
0.8854 
0.9504 
0.8583 
0.7737 
0.9407 
0.8534 
0.9690 
0.9703 
0.8740 
0.9299 
0.7260 
0.9699 
0.8997 
0.9376 
0.8590 
0.9475 
0.5913 
0.6120 
0.6658 
0.6364 
0.7709 
0.7068 
0.6949 
0.7377 
0.5805 
0.7248 
0.7124 
0.7659 
0.5916 
0.7416 
0.6478 
0.8684 
0.7937 
0.7246 
0.9285 
0.7634 
0.9059 
0.5566 
0.4847 
0.7251 
0.7718 
0.6767 
0.5956 
0.7905 
0.6474 
0.6536 
0.8696 
0.7372 
0.7568 
0.7805 
0.7358 
0.7805 
0.8471 
0.7252 
0.8198 
0.8159 
0.7648 
0.5915 
0.7242 
0.6251 
0.7375 
0.5543 
0.8691 
0.7641 
0.9296 
0.6817 
0.8122 
0.7181 
0.6429 
0.7257 
0.6731 
0.7563 
0.6483 
0.8819 
0.7504 
0.6559 
0.6121 
0.6984 
0.6710 
0.7159 
0.6257 
0.6088 
0.7826 
0.7621 
0.8976 
0.6455 
0.6697 
0.6717 
0.6382 
0.8520 
0.5777 
0.8025 
0.5917 
0.7711 
0.6610 
0.7301 
0.6603 
0.5998 
0.5633 
0.6776 
0.8573 
0.6923 
0.6456 
0.7328 
0.6909 
0.7058 
0.6985 
0.6333 
0.6792 
0.7020 
0.6414 
0.8279 
0.7408 
0.7864 
0.5458 
0.7195 
0.6685 
0.7132 
0.6427 
0.7206 
0.6121 
0.6058 
0.6351 
0.5704 
0.5711 
0.7437 
0.5880 
0.7049 
0.6593 
0.7353 
0.5782 
0.6563 
0.7498 
0.6214 
0.6098 
0.6124 
0.6814 
0.7296 
0.7330 
0.7510 
0.6188 
0.6184 
0.6161 
0.7051 
0.7596 
0.5838 
0.6179 
0.5670 
0.6634 
0.5884 
0.5816 
0.6007 
0.5758 
0.6281 
0.6434 
0.7216 
0.6433 
0.6247 
0.6612 
0.6323 
0.7140 
0.6319 
0.5956 
0.5556 
0.5790 
0.5973 
0.7767 
0.5735 
0.6317 
0.7427 
0.5869 
0.7344 
0.6820 
0.5531 
0.7176 
0.6528 
