0.9620 +- -1.00 (1)
0.9816 +- -1.00 (1)
0.9516 +- -1.00 (1)
0.9633 +- -1.00 (1)
0.9623 +- -1.00 (1)
0.9706 +- -1.00 (1)
0.9786 +- -1.00 (1)
0.9882 +- -1.00 (1)
0.9492 +- -1.00 (1)
0.9597 +- -1.00 (1)
0.9384 +- -1.00 (1)
0.9624 +- -1.00 (1)
0.9835 +- -1.00 (1)
0.9747 +- -1.00 (1)
0.9751 +- -1.00 (1)
0.9778 +- -1.00 (1)
0.9827 +- -1.00 (1)
0.9604 +- -1.00 (1)
0.9793 +- -1.00 (1)
0.9673 +- -1.00 (1)
0.9716 +- -1.00 (1)
0.9742 +- -1.00 (1)
0.9682 +- -1.00 (1)
0.9818 +- -1.00 (1)
0.9771 +- -1.00 (1)
0.9839 +- -1.00 (1)
0.9855 +- -1.00 (1)
0.9821 +- -1.00 (1)
0.9779 +- -1.00 (1)
0.9835 +- -1.00 (1)
0.9676 +- -1.00 (1)
0.9710 +- -1.00 (1)
0.9802 +- -1.00 (1)
0.9686 +- -1.00 (1)
0.9781 +- -1.00 (1)
0.9815 +- -1.00 (1)
0.9834 +- -1.00 (1)
0.9722 +- -1.00 (1)
0.9762 +- -1.00 (1)
0.9770 +- -1.00 (1)
0.9806 +- -1.00 (1)
0.9808 +- -1.00 (1)
0.9831 +- -1.00 (1)
0.9868 +- -1.00 (1)
0.9776 +- -1.00 (1)
0.9766 +- -1.00 (1)
0.9822 +- -1.00 (1)
0.9782 +- -1.00 (1)
0.9790 +- -1.00 (1)
0.9835 +- -1.00 (1)
0.9777 +- -1.00 (1)
0.9772 +- -1.00 (1)
0.9853 +- -1.00 (1)
0.9795 +- -1.00 (1)
0.9791 +- -1.00 (1)
0.9811 +- -1.00 (1)
0.9797 +- -1.00 (1)
0.9737 +- -1.00 (1)
0.9860 +- -1.00 (1)
0.9805 +- -1.00 (1)
0.9823 +- -1.00 (1)
0.9848 +- -1.00 (1)
0.9821 +- -1.00 (1)
0.9831 +- -1.00 (1)
0.9841 +- -1.00 (1)
0.9764 +- -1.00 (1)
0.9862 +- -1.00 (1)
0.9786 +- -1.00 (1)
0.9765 +- -1.00 (1)
0.9824 +- -1.00 (1)
0.9807 +- -1.00 (1)
0.9777 +- -1.00 (1)
0.9873 +- -1.00 (1)
0.9797 +- -1.00 (1)
0.9814 +- -1.00 (1)
0.9844 +- -1.00 (1)
0.9820 +- -1.00 (1)
0.9752 +- -1.00 (1)
0.9856 +- -1.00 (1)
0.9790 +- -1.00 (1)
0.9824 +- -1.00 (1)
0.9821 +- -1.00 (1)
0.9764 +- -1.00 (1)
0.9844 +- -1.00 (1)
0.9802 +- -1.00 (1)
0.9836 +- -1.00 (1)
0.9823 +- -1.00 (1)
0.9727 +- -1.00 (1)
0.9779 +- -1.00 (1)
0.9814 +- -1.00 (1)
0.9790 +- -1.00 (1)
0.9799 +- -1.00 (1)
0.9838 +- -1.00 (1)
0.9795 +- -1.00 (1)
0.9891 +- -1.00 (1)
0.9851 +- -1.00 (1)
0.9840 +- -1.00 (1)
0.9735 +- -1.00 (1)
0.9867 +- -1.00 (1)
0.9816 +- -1.00 (1)
0.9837 +- -1.00 (1)
0.9852 +- -1.00 (1)
0.9839 +- -1.00 (1)
0.9827 +- -1.00 (1)
0.9844 +- -1.00 (1)
0.9828 +- -1.00 (1)
0.9853 +- -1.00 (1)
0.9797 +- -1.00 (1)
0.9782 +- -1.00 (1)
0.9814 +- -1.00 (1)
0.9807 +- -1.00 (1)
0.9831 +- -1.00 (1)
0.9848 +- -1.00 (1)
0.9857 +- -1.00 (1)
0.9861 +- -1.00 (1)
0.9784 +- -1.00 (1)
0.9821 +- -1.00 (1)
0.9724 +- -1.00 (1)
0.9780 +- -1.00 (1)
0.9812 +- -1.00 (1)
0.9868 +- -1.00 (1)
0.9854 +- -1.00 (1)
0.9809 +- -1.00 (1)
0.9828 +- -1.00 (1)
0.9792 +- -1.00 (1)
0.9816 +- -1.00 (1)
0.9803 +- -1.00 (1)
0.9811 +- -1.00 (1)
0.9810 +- -1.00 (1)
0.9863 +- -1.00 (1)
0.9789 +- -1.00 (1)
0.9825 +- -1.00 (1)
0.9788 +- -1.00 (1)
0.9823 +- -1.00 (1)
0.9830 +- -1.00 (1)
0.9805 +- -1.00 (1)
0.9779 +- -1.00 (1)
0.9778 +- -1.00 (1)
0.9804 +- -1.00 (1)
0.9842 +- -1.00 (1)
0.9768 +- -1.00 (1)
0.9760 +- -1.00 (1)
0.9729 +- -1.00 (1)
0.9703 +- -1.00 (1)
0.9680 +- -1.00 (1)
0.9678 +- -1.00 (1)
0.9742 +- -1.00 (1)
0.9739 +- -1.00 (1)
0.9655 +- -1.00 (1)
0.9746 +- -1.00 (1)
0.9780 +- -1.00 (1)
0.9699 +- -1.00 (1)
0.9727 +- -1.00 (1)
0.9750 +- -1.00 (1)
0.9779 +- -1.00 (1)
0.9715 +- -1.00 (1)
0.9729 +- -1.00 (1)
0.9716 +- -1.00 (1)
0.9731 +- -1.00 (1)
0.9771 +- -1.00 (1)
0.9721 +- -1.00 (1)
0.9706 +- -1.00 (1)
0.9727 +- -1.00 (1)
0.9664 +- -1.00 (1)
0.9767 +- -1.00 (1)
0.9671 +- -1.00 (1)
0.9743 +- -1.00 (1)
0.9678 +- -1.00 (1)
0.9667 +- -1.00 (1)
0.9737 +- -1.00 (1)
0.9733 +- -1.00 (1)
0.9702 +- -1.00 (1)
0.9701 +- -1.00 (1)
0.9724 +- -1.00 (1)
0.9712 +- -1.00 (1)
0.9719 +- -1.00 (1)
0.9732 +- -1.00 (1)
0.9735 +- -1.00 (1)
0.9811 +- -1.00 (1)
0.9669 +- -1.00 (1)
0.9712 +- -1.00 (1)
0.9709 +- -1.00 (1)
0.9729 +- -1.00 (1)
0.9740 +- -1.00 (1)
0.9742 +- -1.00 (1)
0.9692 +- -1.00 (1)
0.9718 +- -1.00 (1)
0.9776 +- -1.00 (1)
0.9692 +- -1.00 (1)
0.9683 +- -1.00 (1)
0.9687 +- -1.00 (1)
0.9766 +- -1.00 (1)
0.9672 +- -1.00 (1)
0.9698 +- -1.00 (1)
0.9721 +- -1.00 (1)
0.9738 +- -1.00 (1)
0.9731 +- -1.00 (1)
0.9748 +- -1.00 (1)
0.9687 +- -1.00 (1)
0.9719 +- -1.00 (1)
0.9752 +- -1.00 (1)
0.9712 +- -1.00 (1)
0.9676 +- -1.00 (1)
0.9709 +- -1.00 (1)
0.9689 +- -1.00 (1)
0.9716 +- -1.00 (1)
0.9708 +- -1.00 (1)
0.9719 +- -1.00 (1)
0.9649 +- -1.00 (1)
0.9746 +- -1.00 (1)
0.9731 +- -1.00 (1)
0.9723 +- -1.00 (1)
0.9729 +- -1.00 (1)
0.9667 +- -1.00 (1)
0.9684 +- -1.00 (1)
0.9706 +- -1.00 (1)
0.9738 +- -1.00 (1)
0.9703 +- -1.00 (1)
0.9697 +- -1.00 (1)
0.9700 +- -1.00 (1)
0.9728 +- -1.00 (1)
0.9712 +- -1.00 (1)
0.9685 +- -1.00 (1)
0.9704 +- -1.00 (1)
0.9713 +- -1.00 (1)
0.9672 +- -1.00 (1)
0.9662 +- -1.00 (1)
0.9687 +- -1.00 (1)
0.9717 +- -1.00 (1)
0.9693 +- -1.00 (1)
0.9703 +- -1.00 (1)
0.9724 +- -1.00 (1)
0.9703 +- -1.00 (1)
0.9683 +- -1.00 (1)
0.9665 +- -1.00 (1)
0.9678 +- -1.00 (1)
0.9712 +- -1.00 (1)
0.9674 +- -1.00 (1)
0.9697 +- -1.00 (1)
0.9722 +- -1.00 (1)
0.9695 +- -1.00 (1)
0.9696 +- -1.00 (1)
0.9677 +- -1.00 (1)
0.9710 +- -1.00 (1)
0.9684 +- -1.00 (1)
0.9681 +- -1.00 (1)
0.9680 +- -1.00 (1)
0.9682 +- -1.00 (1)
0.9662 +- -1.00 (1)
0.9718 +- -1.00 (1)
0.9714 +- -1.00 (1)
0.9696 +- -1.00 (1)
0.9720 +- -1.00 (1)
0.9698 +- -1.00 (1)
0.9708 +- -1.00 (1)
0.9661 +- -1.00 (1)
0.9706 +- -1.00 (1)
0.9781 +- -1.00 (1)
0.9686 +- -1.00 (1)
0.9701 +- -1.00 (1)
0.9688 +- -1.00 (1)
0.9679 +- -1.00 (1)
0.9680 +- -1.00 (1)
0.9675 +- -1.00 (1)
0.9705 +- -1.00 (1)
0.9686 +- -1.00 (1)
0.9743 +- -1.00 (1)
0.9637 +- -1.00 (1)
0.9696 +- -1.00 (1)
0.9710 +- -1.00 (1)
0.9631 +- -1.00 (1)
0.9680 +- -1.00 (1)
0.9755 +- -1.00 (1)
0.9648 +- -1.00 (1)
0.9702 +- -1.00 (1)
0.9673 +- -1.00 (1)
0.9678 +- -1.00 (1)
0.9601 +- -1.00 (1)
0.9677 +- -1.00 (1)
0.9655 +- -1.00 (1)
0.9676 +- -1.00 (1)
0.9670 +- -1.00 (1)
0.9671 +- -1.00 (1)
0.9678 +- -1.00 (1)
0.9723 +- -1.00 (1)
0.9648 +- -1.00 (1)
0.9668 +- -1.00 (1)
0.9606 +- -1.00 (1)
0.9675 +- -1.00 (1)
0.9680 +- -1.00 (1)
0.9669 +- -1.00 (1)
0.9650 +- -1.00 (1)
0.9667 +- -1.00 (1)
0.9733 +- -1.00 (1)
0.9658 +- -1.00 (1)
0.9642 +- -1.00 (1)
0.9678 +- -1.00 (1)
0.9689 +- -1.00 (1)
0.9692 +- -1.00 (1)
0.9634 +- -1.00 (1)
0.9620 +- -1.00 (1)
0.9802 +- -1.00 (1)
0.9533 +- -1.00 (1)
0.9613 +- -1.00 (1)
0.9613 +- -1.00 (1)
0.9692 +- -1.00 (1)
0.9786 +- -1.00 (1)
0.9882 +- -1.00 (1)
0.9471 +- -1.00 (1)
0.9627 +- -1.00 (1)
0.9446 +- -1.00 (1)
0.9642 +- -1.00 (1)
0.9822 +- -1.00 (1)
0.9752 +- -1.00 (1)
0.9767 +- -1.00 (1)
0.9778 +- -1.00 (1)
0.9822 +- -1.00 (1)
0.9604 +- -1.00 (1)
0.9793 +- -1.00 (1)
0.9655 +- -1.00 (1)
0.9716 +- -1.00 (1)
0.9709 +- -1.00 (1)
0.9706 +- -1.00 (1)
0.9797 +- -1.00 (1)
0.9771 +- -1.00 (1)
0.9839 +- -1.00 (1)
0.9778 +- -1.00 (1)
0.9789 +- -1.00 (1)
0.9745 +- -1.00 (1)
0.9829 +- -1.00 (1)
0.9700 +- -1.00 (1)
0.9719 +- -1.00 (1)
0.9798 +- -1.00 (1)
0.9661 +- -1.00 (1)
0.9790 +- -1.00 (1)
0.9758 +- -1.00 (1)
0.9812 +- -1.00 (1)
0.9689 +- -1.00 (1)
0.9795 +- -1.00 (1)
0.9847 +- -1.00 (1)
0.9807 +- -1.00 (1)
0.9846 +- -1.00 (1)
0.9871 +- -1.00 (1)
0.9790 +- -1.00 (1)
0.9764 +- -1.00 (1)
0.9754 +- -1.00 (1)
0.9828 +- -1.00 (1)
0.9843 +- -1.00 (1)
0.9756 +- -1.00 (1)
0.9837 +- -1.00 (1)
0.9769 +- -1.00 (1)
0.9779 +- -1.00 (1)
0.9853 +- -1.00 (1)
0.9778 +- -1.00 (1)
0.9797 +- -1.00 (1)
0.9763 +- -1.00 (1)
0.9774 +- -1.00 (1)
0.9737 +- -1.00 (1)
0.9871 +- -1.00 (1)
0.9799 +- -1.00 (1)
0.9837 +- -1.00 (1)
0.9801 +- -1.00 (1)
0.9782 +- -1.00 (1)
0.9834 +- -1.00 (1)
0.9784 +- -1.00 (1)
0.9782 +- -1.00 (1)
0.9842 +- -1.00 (1)
0.9755 +- -1.00 (1)
0.9781 +- -1.00 (1)
0.9809 +- -1.00 (1)
0.9815 +- -1.00 (1)
0.9790 +- -1.00 (1)
0.9863 +- -1.00 (1)
0.9787 +- -1.00 (1)
0.9856 +- -1.00 (1)
0.9834 +- -1.00 (1)
0.9771 +- -1.00 (1)
0.9730 +- -1.00 (1)
0.9834 +- -1.00 (1)
0.9796 +- -1.00 (1)
0.9730 +- -1.00 (1)
0.9830 +- -1.00 (1)
0.9759 +- -1.00 (1)
0.9847 +- -1.00 (1)
0.9798 +- -1.00 (1)
0.9778 +- -1.00 (1)
0.9795 +- -1.00 (1)
0.9734 +- -1.00 (1)
0.9756 +- -1.00 (1)
0.9810 +- -1.00 (1)
0.9780 +- -1.00 (1)
0.9742 +- -1.00 (1)
0.9853 +- -1.00 (1)
0.9800 +- -1.00 (1)
0.9891 +- -1.00 (1)
0.9833 +- -1.00 (1)
0.9805 +- -1.00 (1)
0.9703 +- -1.00 (1)
0.9818 +- -1.00 (1)
0.9835 +- -1.00 (1)
0.9837 +- -1.00 (1)
0.9849 +- -1.00 (1)
0.9786 +- -1.00 (1)
0.9815 +- -1.00 (1)
0.9809 +- -1.00 (1)
0.9837 +- -1.00 (1)
0.9803 +- -1.00 (1)
0.9794 +- -1.00 (1)
0.9801 +- -1.00 (1)
0.9819 +- -1.00 (1)
0.9823 +- -1.00 (1)
0.9823 +- -1.00 (1)
0.9867 +- -1.00 (1)
0.9788 +- -1.00 (1)
0.9868 +- -1.00 (1)
0.9842 +- -1.00 (1)
0.9810 +- -1.00 (1)
0.9729 +- -1.00 (1)
0.9846 +- -1.00 (1)
0.9808 +- -1.00 (1)
0.9837 +- -1.00 (1)
0.9848 +- -1.00 (1)
0.9766 +- -1.00 (1)
0.9836 +- -1.00 (1)
0.9783 +- -1.00 (1)
0.9810 +- -1.00 (1)
0.9784 +- -1.00 (1)
0.9785 +- -1.00 (1)
0.9783 +- -1.00 (1)
0.9788 +- -1.00 (1)
0.9769 +- -1.00 (1)
0.9855 +- -1.00 (1)
0.9813 +- -1.00 (1)
0.9806 +- -1.00 (1)
0.9826 +- -1.00 (1)
0.9816 +- -1.00 (1)
0.9781 +- -1.00 (1)
0.9754 +- -1.00 (1)
0.9790 +- -1.00 (1)
0.9787 +- -1.00 (1)
0.9744 +- -1.00 (1)
0.9752 +- -1.00 (1)
0.9652 +- -1.00 (1)
0.9717 +- -1.00 (1)
0.9712 +- -1.00 (1)
0.9642 +- -1.00 (1)
0.9689 +- -1.00 (1)
0.9694 +- -1.00 (1)
0.9669 +- -1.00 (1)
0.9693 +- -1.00 (1)
0.9685 +- -1.00 (1)
0.9730 +- -1.00 (1)
0.9706 +- -1.00 (1)
0.9656 +- -1.00 (1)
0.9745 +- -1.00 (1)
0.9687 +- -1.00 (1)
0.9741 +- -1.00 (1)
0.9763 +- -1.00 (1)
0.9694 +- -1.00 (1)
0.9754 +- -1.00 (1)
0.9723 +- -1.00 (1)
0.9687 +- -1.00 (1)
0.9698 +- -1.00 (1)
0.9705 +- -1.00 (1)
0.9725 +- -1.00 (1)
0.9741 +- -1.00 (1)
0.9731 +- -1.00 (1)
0.9723 +- -1.00 (1)
0.9645 +- -1.00 (1)
0.9734 +- -1.00 (1)
0.9683 +- -1.00 (1)
0.9705 +- -1.00 (1)
0.9666 +- -1.00 (1)
0.9745 +- -1.00 (1)
0.9668 +- -1.00 (1)
0.9699 +- -1.00 (1)
0.9712 +- -1.00 (1)
0.9714 +- -1.00 (1)
0.9739 +- -1.00 (1)
0.9732 +- -1.00 (1)
0.9733 +- -1.00 (1)
0.9686 +- -1.00 (1)
0.9754 +- -1.00 (1)
0.9669 +- -1.00 (1)
0.9701 +- -1.00 (1)
0.9624 +- -1.00 (1)
0.9710 +- -1.00 (1)
0.9714 +- -1.00 (1)
0.9663 +- -1.00 (1)
0.9682 +- -1.00 (1)
0.9658 +- -1.00 (1)
0.9655 +- -1.00 (1)
0.9660 +- -1.00 (1)
0.9699 +- -1.00 (1)
0.9663 +- -1.00 (1)
0.9744 +- -1.00 (1)
0.9707 +- -1.00 (1)
0.9722 +- -1.00 (1)
0.9709 +- -1.00 (1)
0.9685 +- -1.00 (1)
0.9676 +- -1.00 (1)
0.9683 +- -1.00 (1)
0.9674 +- -1.00 (1)
0.9681 +- -1.00 (1)
0.9683 +- -1.00 (1)
0.9700 +- -1.00 (1)
0.9728 +- -1.00 (1)
0.9690 +- -1.00 (1)
0.9650 +- -1.00 (1)
0.9728 +- -1.00 (1)
0.9733 +- -1.00 (1)
0.9681 +- -1.00 (1)
0.9703 +- -1.00 (1)
0.9726 +- -1.00 (1)
0.9682 +- -1.00 (1)
0.9661 +- -1.00 (1)
0.9713 +- -1.00 (1)
0.9702 +- -1.00 (1)
0.9730 +- -1.00 (1)
0.9697 +- -1.00 (1)
0.9675 +- -1.00 (1)
0.9715 +- -1.00 (1)
0.9692 +- -1.00 (1)
0.9713 +- -1.00 (1)
0.9687 +- -1.00 (1)
0.9672 +- -1.00 (1)
0.9662 +- -1.00 (1)
0.9713 +- -1.00 (1)
0.9655 +- -1.00 (1)
0.9698 +- -1.00 (1)
0.9715 +- -1.00 (1)
0.9698 +- -1.00 (1)
0.9687 +- -1.00 (1)
0.9684 +- -1.00 (1)
0.9661 +- -1.00 (1)
0.9665 +- -1.00 (1)
0.9693 +- -1.00 (1)
0.9685 +- -1.00 (1)
0.9678 +- -1.00 (1)
0.9724 +- -1.00 (1)
0.9681 +- -1.00 (1)
0.9689 +- -1.00 (1)
0.9681 +- -1.00 (1)
0.9716 +- -1.00 (1)
0.9657 +- -1.00 (1)
0.9669 +- -1.00 (1)
0.9667 +- -1.00 (1)
0.9647 +- -1.00 (1)
0.9654 +- -1.00 (1)
0.9700 +- -1.00 (1)
0.9725 +- -1.00 (1)
0.9676 +- -1.00 (1)
0.9715 +- -1.00 (1)
0.9661 +- -1.00 (1)
0.9687 +- -1.00 (1)
0.9688 +- -1.00 (1)
0.9720 +- -1.00 (1)
0.9692 +- -1.00 (1)
0.9737 +- -1.00 (1)
0.9680 +- -1.00 (1)
0.9741 +- -1.00 (1)
0.9627 +- -1.00 (1)
0.9611 +- -1.00 (1)
0.9670 +- -1.00 (1)
0.9602 +- -1.00 (1)
0.9671 +- -1.00 (1)
0.9719 +- -1.00 (1)
0.9612 +- -1.00 (1)
0.9641 +- -1.00 (1)
0.9668 +- -1.00 (1)
0.9670 +- -1.00 (1)
0.9675 +- -1.00 (1)
0.9684 +- -1.00 (1)
0.9686 +- -1.00 (1)
0.9700 +- -1.00 (1)
0.9691 +- -1.00 (1)
0.9669 +- -1.00 (1)
0.9665 +- -1.00 (1)
0.9656 +- -1.00 (1)
0.9697 +- -1.00 (1)
0.9681 +- -1.00 (1)
0.9635 +- -1.00 (1)
0.9624 +- -1.00 (1)
0.9650 +- -1.00 (1)
0.9643 +- -1.00 (1)
0.9676 +- -1.00 (1)
0.9648 +- -1.00 (1)
0.9577 +- -1.00 (1)
0.9653 +- -1.00 (1)
0.9673 +- -1.00 (1)
0.9657 +- -1.00 (1)
0.9615 +- -1.00 (1)
0.9633 +- -1.00 (1)
0.9692 +- -1.00 (1)
0.9656 +- -1.00 (1)
0.9644 +- -1.00 (1)
0.9658 +- -1.00 (1)
0.9618 +- -1.00 (1)
0.9655 +- -1.00 (1)
0.9633 +- -1.00 (1)
0.9634 +- -1.00 (1)
0.9704 +- -1.00 (1)
0.9562 +- -1.00 (1)
0.9667 +- -1.00 (1)
0.9667 +- -1.00 (1)
0.9683 +- -1.00 (1)
0.9801 +- -1.00 (1)
0.9868 +- -1.00 (1)
0.9477 +- -1.00 (1)
0.9593 +- -1.00 (1)
0.9486 +- -1.00 (1)
0.9621 +- -1.00 (1)
0.9805 +- -1.00 (1)
0.9747 +- -1.00 (1)
0.9761 +- -1.00 (1)
0.9778 +- -1.00 (1)
0.9822 +- -1.00 (1)
0.9520 +- -1.00 (1)
0.9793 +- -1.00 (1)
0.9656 +- -1.00 (1)
0.9716 +- -1.00 (1)
0.9761 +- -1.00 (1)
0.9698 +- -1.00 (1)
0.9806 +- -1.00 (1)
0.9767 +- -1.00 (1)
0.9879 +- -1.00 (1)
0.9752 +- -1.00 (1)
0.9784 +- -1.00 (1)
0.9774 +- -1.00 (1)
0.9769 +- -1.00 (1)
0.9698 +- -1.00 (1)
0.9716 +- -1.00 (1)
0.9800 +- -1.00 (1)
0.9694 +- -1.00 (1)
0.9781 +- -1.00 (1)
0.9722 +- -1.00 (1)
0.9843 +- -1.00 (1)
0.9675 +- -1.00 (1)
0.9781 +- -1.00 (1)
0.9783 +- -1.00 (1)
0.9780 +- -1.00 (1)
0.9856 +- -1.00 (1)
0.9804 +- -1.00 (1)
0.9882 +- -1.00 (1)
0.9728 +- -1.00 (1)
0.9839 +- -1.00 (1)
0.9826 +- -1.00 (1)
0.9829 +- -1.00 (1)
0.9747 +- -1.00 (1)
0.9752 +- -1.00 (1)
0.9729 +- -1.00 (1)
0.9763 +- -1.00 (1)
0.9869 +- -1.00 (1)
0.9747 +- -1.00 (1)
0.9786 +- -1.00 (1)
0.9817 +- -1.00 (1)
0.9746 +- -1.00 (1)
0.9734 +- -1.00 (1)
0.9875 +- -1.00 (1)
0.9724 +- -1.00 (1)
0.9809 +- -1.00 (1)
0.9816 +- -1.00 (1)
0.9724 +- -1.00 (1)
0.9810 +- -1.00 (1)
0.9793 +- -1.00 (1)
0.9736 +- -1.00 (1)
0.9777 +- -1.00 (1)
0.9745 +- -1.00 (1)
0.9772 +- -1.00 (1)
0.9792 +- -1.00 (1)
0.9810 +- -1.00 (1)
0.9784 +- -1.00 (1)
0.9895 +- -1.00 (1)
0.9764 +- -1.00 (1)
0.9825 +- -1.00 (1)
0.9803 +- -1.00 (1)
0.9759 +- -1.00 (1)
0.9715 +- -1.00 (1)
0.9858 +- -1.00 (1)
0.9793 +- -1.00 (1)
0.9821 +- -1.00 (1)
0.9813 +- -1.00 (1)
0.9749 +- -1.00 (1)
0.9829 +- -1.00 (1)
0.9773 +- -1.00 (1)
0.9814 +- -1.00 (1)
0.9849 +- -1.00 (1)
0.9734 +- -1.00 (1)
0.9769 +- -1.00 (1)
0.9814 +- -1.00 (1)
0.9770 +- -1.00 (1)
0.9800 +- -1.00 (1)
0.9836 +- -1.00 (1)
0.9789 +- -1.00 (1)
0.9891 +- -1.00 (1)
0.9776 +- -1.00 (1)
0.9777 +- -1.00 (1)
0.9715 +- -1.00 (1)
0.9847 +- -1.00 (1)
0.9769 +- -1.00 (1)
0.9843 +- -1.00 (1)
0.9849 +- -1.00 (1)
0.9812 +- -1.00 (1)
0.9857 +- -1.00 (1)
0.9802 +- -1.00 (1)
0.9772 +- -1.00 (1)
0.9791 +- -1.00 (1)
0.9762 +- -1.00 (1)
0.9778 +- -1.00 (1)
0.9835 +- -1.00 (1)
0.9751 +- -1.00 (1)
0.9803 +- -1.00 (1)
0.9831 +- -1.00 (1)
0.9812 +- -1.00 (1)
0.9888 +- -1.00 (1)
0.9801 +- -1.00 (1)
0.9800 +- -1.00 (1)
0.9695 +- -1.00 (1)
0.9753 +- -1.00 (1)
0.9815 +- -1.00 (1)
0.9843 +- -1.00 (1)
0.9799 +- -1.00 (1)
0.9760 +- -1.00 (1)
0.9798 +- -1.00 (1)
0.9787 +- -1.00 (1)
0.9795 +- -1.00 (1)
0.9736 +- -1.00 (1)
0.9763 +- -1.00 (1)
0.9805 +- -1.00 (1)
0.9781 +- -1.00 (1)
0.9785 +- -1.00 (1)
0.9838 +- -1.00 (1)
0.9786 +- -1.00 (1)
0.9797 +- -1.00 (1)
0.9851 +- -1.00 (1)
0.9765 +- -1.00 (1)
0.9793 +- -1.00 (1)
0.9735 +- -1.00 (1)
0.9835 +- -1.00 (1)
0.9757 +- -1.00 (1)
0.9759 +- -1.00 (1)
0.9709 +- -1.00 (1)
0.9682 +- -1.00 (1)
0.9746 +- -1.00 (1)
0.9688 +- -1.00 (1)
0.9627 +- -1.00 (1)
0.9664 +- -1.00 (1)
0.9682 +- -1.00 (1)
0.9643 +- -1.00 (1)
0.9730 +- -1.00 (1)
0.9743 +- -1.00 (1)
0.9670 +- -1.00 (1)
0.9693 +- -1.00 (1)
0.9717 +- -1.00 (1)
0.9767 +- -1.00 (1)
0.9772 +- -1.00 (1)
0.9688 +- -1.00 (1)
0.9726 +- -1.00 (1)
0.9711 +- -1.00 (1)
0.9724 +- -1.00 (1)
0.9704 +- -1.00 (1)
0.9711 +- -1.00 (1)
0.9698 +- -1.00 (1)
0.9698 +- -1.00 (1)
0.9699 +- -1.00 (1)
0.9671 +- -1.00 (1)
0.9736 +- -1.00 (1)
0.9723 +- -1.00 (1)
0.9646 +- -1.00 (1)
0.9677 +- -1.00 (1)
0.9711 +- -1.00 (1)
0.9626 +- -1.00 (1)
0.9671 +- -1.00 (1)
0.9663 +- -1.00 (1)
0.9616 +- -1.00 (1)
0.9661 +- -1.00 (1)
0.9688 +- -1.00 (1)
0.9694 +- -1.00 (1)
0.9712 +- -1.00 (1)
0.9652 +- -1.00 (1)
0.9710 +- -1.00 (1)
0.9693 +- -1.00 (1)
0.9693 +- -1.00 (1)
0.9715 +- -1.00 (1)
0.9720 +- -1.00 (1)
0.9708 +- -1.00 (1)
0.9707 +- -1.00 (1)
0.9731 +- -1.00 (1)
0.9682 +- -1.00 (1)
0.9646 +- -1.00 (1)
0.9676 +- -1.00 (1)
0.9703 +- -1.00 (1)
0.9696 +- -1.00 (1)
0.9673 +- -1.00 (1)
0.9669 +- -1.00 (1)
0.9730 +- -1.00 (1)
0.9660 +- -1.00 (1)
0.9703 +- -1.00 (1)
0.9730 +- -1.00 (1)
0.9706 +- -1.00 (1)
0.9706 +- -1.00 (1)
0.9669 +- -1.00 (1)
0.9667 +- -1.00 (1)
0.9700 +- -1.00 (1)
0.9671 +- -1.00 (1)
0.9685 +- -1.00 (1)
0.9753 +- -1.00 (1)
0.9698 +- -1.00 (1)
0.9632 +- -1.00 (1)
0.9726 +- -1.00 (1)
0.9716 +- -1.00 (1)
0.9695 +- -1.00 (1)
0.9646 +- -1.00 (1)
0.9658 +- -1.00 (1)
0.9637 +- -1.00 (1)
0.9672 +- -1.00 (1)
0.9687 +- -1.00 (1)
0.9705 +- -1.00 (1)
0.9739 +- -1.00 (1)
0.9720 +- -1.00 (1)
0.9672 +- -1.00 (1)
0.9657 +- -1.00 (1)
0.9721 +- -1.00 (1)
0.9614 +- -1.00 (1)
0.9679 +- -1.00 (1)
0.9693 +- -1.00 (1)
0.9652 +- -1.00 (1)
0.9679 +- -1.00 (1)
0.9613 +- -1.00 (1)
0.9726 +- -1.00 (1)
0.9640 +- -1.00 (1)
0.9669 +- -1.00 (1)
0.9631 +- -1.00 (1)
0.9613 +- -1.00 (1)
0.9666 +- -1.00 (1)
0.9651 +- -1.00 (1)
0.9673 +- -1.00 (1)
0.9632 +- -1.00 (1)
0.9651 +- -1.00 (1)
0.9685 +- -1.00 (1)
0.9655 +- -1.00 (1)
0.9648 +- -1.00 (1)
0.9641 +- -1.00 (1)
0.9677 +- -1.00 (1)
0.9681 +- -1.00 (1)
0.9613 +- -1.00 (1)
0.9611 +- -1.00 (1)
0.9637 +- -1.00 (1)
0.9633 +- -1.00 (1)
0.9705 +- -1.00 (1)
0.9678 +- -1.00 (1)
0.9688 +- -1.00 (1)
0.9719 +- -1.00 (1)
0.9675 +- -1.00 (1)
0.9661 +- -1.00 (1)
0.9684 +- -1.00 (1)
0.9671 +- -1.00 (1)
0.9691 +- -1.00 (1)
0.9734 +- -1.00 (1)
0.9687 +- -1.00 (1)
0.9681 +- -1.00 (1)
0.9636 +- -1.00 (1)
0.9691 +- -1.00 (1)
0.9648 +- -1.00 (1)
0.9637 +- -1.00 (1)
0.9601 +- -1.00 (1)
0.9682 +- -1.00 (1)
0.9553 +- -1.00 (1)
0.9629 +- -1.00 (1)
0.9680 +- -1.00 (1)
0.9650 +- -1.00 (1)
0.9665 +- -1.00 (1)
0.9693 +- -1.00 (1)
0.9676 +- -1.00 (1)
0.9675 +- -1.00 (1)
0.9641 +- -1.00 (1)
0.9653 +- -1.00 (1)
0.9634 +- -1.00 (1)
0.9698 +- -1.00 (1)
0.9666 +- -1.00 (1)
0.9636 +- -1.00 (1)
0.9637 +- -1.00 (1)
0.9621 +- -1.00 (1)
0.9596 +- -1.00 (1)
0.9686 +- -1.00 (1)
0.9588 +- -1.00 (1)
0.9608 +- -1.00 (1)
0.9667 +- -1.00 (1)
0.9678 +- -1.00 (1)
0.9661 +- -1.00 (1)
0.9622 +- -1.00 (1)
0.9634 +- -1.00 (1)
0.9657 +- -1.00 (1)
0.9699 +- -1.00 (1)
0.9606 +- -1.00 (1)
0.9641 +- -1.00 (1)
0.9636 +- -1.00 (1)
0.9655 +- -1.00 (1)
0.9704 +- -1.00 (1)
0.9651 +- -1.00 (1)
0.9601 +- -1.00 (1)
0.9746 +- -1.00 (1)
0.9562 +- -1.00 (1)
0.9649 +- -1.00 (1)
0.9623 +- -1.00 (1)
0.9706 +- -1.00 (1)
0.9786 +- -1.00 (1)
0.9882 +- -1.00 (1)
0.9474 +- -1.00 (1)
0.9605 +- -1.00 (1)
0.9449 +- -1.00 (1)
0.9657 +- -1.00 (1)
0.9795 +- -1.00 (1)
0.9697 +- -1.00 (1)
0.9767 +- -1.00 (1)
0.9778 +- -1.00 (1)
0.9790 +- -1.00 (1)
0.9604 +- -1.00 (1)
0.9793 +- -1.00 (1)
0.9656 +- -1.00 (1)
0.9716 +- -1.00 (1)
0.9742 +- -1.00 (1)
0.9715 +- -1.00 (1)
0.9797 +- -1.00 (1)
0.9700 +- -1.00 (1)
0.9855 +- -1.00 (1)
0.9801 +- -1.00 (1)
0.9821 +- -1.00 (1)
0.9764 +- -1.00 (1)
0.9830 +- -1.00 (1)
0.9703 +- -1.00 (1)
0.9742 +- -1.00 (1)
0.9797 +- -1.00 (1)
0.9678 +- -1.00 (1)
0.9791 +- -1.00 (1)
0.9730 +- -1.00 (1)
0.9839 +- -1.00 (1)
0.9686 +- -1.00 (1)
0.9732 +- -1.00 (1)
0.9792 +- -1.00 (1)
0.9807 +- -1.00 (1)
0.9821 +- -1.00 (1)
0.9793 +- -1.00 (1)
0.9859 +- -1.00 (1)
0.9776 +- -1.00 (1)
0.9806 +- -1.00 (1)
0.9814 +- -1.00 (1)
0.9800 +- -1.00 (1)
0.9785 +- -1.00 (1)
0.9829 +- -1.00 (1)
0.9761 +- -1.00 (1)
0.9799 +- -1.00 (1)
0.9855 +- -1.00 (1)
0.9777 +- -1.00 (1)
0.9798 +- -1.00 (1)
0.9817 +- -1.00 (1)
0.9766 +- -1.00 (1)
0.9702 +- -1.00 (1)
0.9862 +- -1.00 (1)
0.9814 +- -1.00 (1)
0.9831 +- -1.00 (1)
0.9834 +- -1.00 (1)
0.9851 +- -1.00 (1)
0.9853 +- -1.00 (1)
0.9811 +- -1.00 (1)
0.9770 +- -1.00 (1)
0.9842 +- -1.00 (1)
0.9793 +- -1.00 (1)
0.9769 +- -1.00 (1)
0.9806 +- -1.00 (1)
0.9790 +- -1.00 (1)
0.9820 +- -1.00 (1)
0.9882 +- -1.00 (1)
0.9793 +- -1.00 (1)
0.9839 +- -1.00 (1)
0.9822 +- -1.00 (1)
0.9776 +- -1.00 (1)
0.9701 +- -1.00 (1)
0.9796 +- -1.00 (1)
0.9795 +- -1.00 (1)
0.9828 +- -1.00 (1)
0.9811 +- -1.00 (1)
0.9754 +- -1.00 (1)
0.9846 +- -1.00 (1)
0.9832 +- -1.00 (1)
0.9804 +- -1.00 (1)
0.9794 +- -1.00 (1)
0.9750 +- -1.00 (1)
0.9757 +- -1.00 (1)
0.9797 +- -1.00 (1)
0.9786 +- -1.00 (1)
0.9791 +- -1.00 (1)
0.9893 +- -1.00 (1)
0.9802 +- -1.00 (1)
0.9893 +- -1.00 (1)
0.9844 +- -1.00 (1)
0.9821 +- -1.00 (1)
0.9731 +- -1.00 (1)
0.9846 +- -1.00 (1)
0.9806 +- -1.00 (1)
0.9854 +- -1.00 (1)
0.9821 +- -1.00 (1)
0.9803 +- -1.00 (1)
0.9837 +- -1.00 (1)
0.9849 +- -1.00 (1)
0.9812 +- -1.00 (1)
0.9813 +- -1.00 (1)
0.9809 +- -1.00 (1)
0.9773 +- -1.00 (1)
0.9811 +- -1.00 (1)
0.9826 +- -1.00 (1)
0.9794 +- -1.00 (1)
0.9824 +- -1.00 (1)
0.9841 +- -1.00 (1)
0.9888 +- -1.00 (1)
0.9809 +- -1.00 (1)
0.9861 +- -1.00 (1)
0.9754 +- -1.00 (1)
0.9830 +- -1.00 (1)
0.9832 +- -1.00 (1)
0.9821 +- -1.00 (1)
0.9852 +- -1.00 (1)
0.9814 +- -1.00 (1)
0.9836 +- -1.00 (1)
0.9809 +- -1.00 (1)
0.9820 +- -1.00 (1)
0.9789 +- -1.00 (1)
0.9820 +- -1.00 (1)
0.9772 +- -1.00 (1)
0.9829 +- -1.00 (1)
0.9768 +- -1.00 (1)
0.9831 +- -1.00 (1)
0.9844 +- -1.00 (1)
0.9781 +- -1.00 (1)
0.9839 +- -1.00 (1)
0.9778 +- -1.00 (1)
0.9814 +- -1.00 (1)
0.9798 +- -1.00 (1)
0.9804 +- -1.00 (1)
0.9817 +- -1.00 (1)
0.9778 +- -1.00 (1)
0.9690 +- -1.00 (1)
0.9682 +- -1.00 (1)
0.9757 +- -1.00 (1)
0.9753 +- -1.00 (1)
0.9720 +- -1.00 (1)
0.9725 +- -1.00 (1)
0.9723 +- -1.00 (1)
0.9655 +- -1.00 (1)
0.9731 +- -1.00 (1)
0.9754 +- -1.00 (1)
0.9727 +- -1.00 (1)
0.9663 +- -1.00 (1)
0.9716 +- -1.00 (1)
0.9803 +- -1.00 (1)
0.9705 +- -1.00 (1)
0.9723 +- -1.00 (1)
0.9717 +- -1.00 (1)
0.9800 +- -1.00 (1)
0.9771 +- -1.00 (1)
0.9797 +- -1.00 (1)
0.9681 +- -1.00 (1)
0.9681 +- -1.00 (1)
0.9732 +- -1.00 (1)
0.9758 +- -1.00 (1)
0.9683 +- -1.00 (1)
0.9715 +- -1.00 (1)
0.9750 +- -1.00 (1)
0.9672 +- -1.00 (1)
0.9666 +- -1.00 (1)
0.9724 +- -1.00 (1)
0.9675 +- -1.00 (1)
0.9702 +- -1.00 (1)
0.9698 +- -1.00 (1)
0.9677 +- -1.00 (1)
0.9714 +- -1.00 (1)
0.9711 +- -1.00 (1)
0.9747 +- -1.00 (1)
0.9740 +- -1.00 (1)
0.9722 +- -1.00 (1)
0.9712 +- -1.00 (1)
0.9715 +- -1.00 (1)
0.9679 +- -1.00 (1)
0.9766 +- -1.00 (1)
0.9742 +- -1.00 (1)
0.9635 +- -1.00 (1)
0.9706 +- -1.00 (1)
0.9712 +- -1.00 (1)
0.9691 +- -1.00 (1)
0.9697 +- -1.00 (1)
0.9736 +- -1.00 (1)
0.9760 +- -1.00 (1)
0.9754 +- -1.00 (1)
0.9720 +- -1.00 (1)
0.9695 +- -1.00 (1)
0.9729 +- -1.00 (1)
0.9726 +- -1.00 (1)
0.9755 +- -1.00 (1)
0.9764 +- -1.00 (1)
0.9721 +- -1.00 (1)
0.9730 +- -1.00 (1)
0.9716 +- -1.00 (1)
0.9681 +- -1.00 (1)
0.9656 +- -1.00 (1)
0.9706 +- -1.00 (1)
0.9727 +- -1.00 (1)
0.9773 +- -1.00 (1)
0.9772 +- -1.00 (1)
0.9652 +- -1.00 (1)
0.9746 +- -1.00 (1)
0.9663 +- -1.00 (1)
0.9699 +- -1.00 (1)
0.9691 +- -1.00 (1)
0.9686 +- -1.00 (1)
0.9754 +- -1.00 (1)
0.9706 +- -1.00 (1)
0.9759 +- -1.00 (1)
0.9713 +- -1.00 (1)
0.9705 +- -1.00 (1)
0.9691 +- -1.00 (1)
0.9676 +- -1.00 (1)
0.9734 +- -1.00 (1)
0.9699 +- -1.00 (1)
0.9703 +- -1.00 (1)
0.9700 +- -1.00 (1)
0.9720 +- -1.00 (1)
0.9662 +- -1.00 (1)
0.9687 +- -1.00 (1)
0.9696 +- -1.00 (1)
0.9720 +- -1.00 (1)
0.9751 +- -1.00 (1)
0.9681 +- -1.00 (1)
0.9682 +- -1.00 (1)
0.9699 +- -1.00 (1)
0.9686 +- -1.00 (1)
0.9706 +- -1.00 (1)
0.9703 +- -1.00 (1)
0.9665 +- -1.00 (1)
0.9652 +- -1.00 (1)
0.9726 +- -1.00 (1)
0.9680 +- -1.00 (1)
0.9741 +- -1.00 (1)
0.9705 +- -1.00 (1)
0.9707 +- -1.00 (1)
0.9724 +- -1.00 (1)
0.9684 +- -1.00 (1)
0.9676 +- -1.00 (1)
0.9664 +- -1.00 (1)
0.9654 +- -1.00 (1)
0.9690 +- -1.00 (1)
0.9706 +- -1.00 (1)
0.9686 +- -1.00 (1)
0.9701 +- -1.00 (1)
0.9666 +- -1.00 (1)
0.9733 +- -1.00 (1)
0.9667 +- -1.00 (1)
0.9690 +- -1.00 (1)
0.9718 +- -1.00 (1)
0.9700 +- -1.00 (1)
0.9665 +- -1.00 (1)
0.9711 +- -1.00 (1)
0.9620 +- -1.00 (1)
0.9679 +- -1.00 (1)
0.9731 +- -1.00 (1)
0.9724 +- -1.00 (1)
0.9636 +- -1.00 (1)
0.9682 +- -1.00 (1)
0.9645 +- -1.00 (1)
0.9667 +- -1.00 (1)
0.9686 +- -1.00 (1)
0.9636 +- -1.00 (1)
0.9693 +- -1.00 (1)
0.9687 +- -1.00 (1)
0.9669 +- -1.00 (1)
0.9662 +- -1.00 (1)
0.9678 +- -1.00 (1)
0.9683 +- -1.00 (1)
0.9709 +- -1.00 (1)
0.9729 +- -1.00 (1)
0.9674 +- -1.00 (1)
0.9674 +- -1.00 (1)
0.9632 +- -1.00 (1)
0.9652 +- -1.00 (1)
0.9673 +- -1.00 (1)
0.9690 +- -1.00 (1)
0.9697 +- -1.00 (1)
0.9686 +- -1.00 (1)
0.9648 +- -1.00 (1)
0.9663 +- -1.00 (1)
0.9722 +- -1.00 (1)
0.9664 +- -1.00 (1)
0.9643 +- -1.00 (1)
0.9733 +- -1.00 (1)
0.9703 +- -1.00 (1)
0.9598 +- -1.00 (1)
0.9677 +- -1.00 (1)
0.9684 +- -1.00 (1)
0.9686 +- -1.00 (1)
0.9682 +- -1.00 (1)
0.9652 +- -1.00 (1)
0.9614 +- -1.00 (1)
0.9664 +- -1.00 (1)
0.9516 +- -1.00 (1)
0.9649 +- -1.00 (1)
0.9611 +- -1.00 (1)
0.8077 +- -1.00 (1)
0.9676 +- -1.00 (1)
0.9882 +- -1.00 (1)
0.9563 +- -1.00 (1)
0.9554 +- -1.00 (1)
0.9414 +- -1.00 (1)
0.9440 +- -1.00 (1)
0.9819 +- -1.00 (1)
0.8935 +- -1.00 (1)
0.9732 +- -1.00 (1)
0.9778 +- -1.00 (1)
0.9775 +- -1.00 (1)
0.9520 +- -1.00 (1)
0.9793 +- -1.00 (1)
0.9673 +- -1.00 (1)
0.9716 +- -1.00 (1)
0.9735 +- -1.00 (1)
0.9698 +- -1.00 (1)
0.9739 +- -1.00 (1)
0.9718 +- -1.00 (1)
0.9839 +- -1.00 (1)
0.9834 +- -1.00 (1)
0.9816 +- -1.00 (1)
0.9719 +- -1.00 (1)
0.9794 +- -1.00 (1)
0.9653 +- -1.00 (1)
0.9752 +- -1.00 (1)
0.9781 +- -1.00 (1)
0.9721 +- -1.00 (1)
0.9755 +- -1.00 (1)
0.9792 +- -1.00 (1)
0.9835 +- -1.00 (1)
0.9652 +- -1.00 (1)
0.9723 +- -1.00 (1)
0.9733 +- -1.00 (1)
0.9790 +- -1.00 (1)
0.9820 +- -1.00 (1)
0.9794 +- -1.00 (1)
0.9872 +- -1.00 (1)
0.9730 +- -1.00 (1)
0.9808 +- -1.00 (1)
0.9828 +- -1.00 (1)
0.9797 +- -1.00 (1)
0.9788 +- -1.00 (1)
0.9835 +- -1.00 (1)
0.9796 +- -1.00 (1)
0.9776 +- -1.00 (1)
0.9844 +- -1.00 (1)
0.9830 +- -1.00 (1)
0.9795 +- -1.00 (1)
0.9764 +- -1.00 (1)
0.9728 +- -1.00 (1)
0.9701 +- -1.00 (1)
0.9781 +- -1.00 (1)
0.9785 +- -1.00 (1)
0.9827 +- -1.00 (1)
0.9825 +- -1.00 (1)
0.9766 +- -1.00 (1)
0.9837 +- -1.00 (1)
0.9794 +- -1.00 (1)
0.9788 +- -1.00 (1)
0.9821 +- -1.00 (1)
0.9755 +- -1.00 (1)
0.9776 +- -1.00 (1)
0.9812 +- -1.00 (1)
0.9761 +- -1.00 (1)
0.9773 +- -1.00 (1)
0.9836 +- -1.00 (1)
0.9747 +- -1.00 (1)
0.9853 +- -1.00 (1)
0.9845 +- -1.00 (1)
0.9773 +- -1.00 (1)
0.9712 +- -1.00 (1)
0.9807 +- -1.00 (1)
0.9815 +- -1.00 (1)
0.9829 +- -1.00 (1)
0.9835 +- -1.00 (1)
0.9765 +- -1.00 (1)
0.9844 +- -1.00 (1)
0.9794 +- -1.00 (1)
0.9822 +- -1.00 (1)
0.9819 +- -1.00 (1)
0.9748 +- -1.00 (1)
0.9790 +- -1.00 (1)
0.9820 +- -1.00 (1)
0.9807 +- -1.00 (1)
0.9868 +- -1.00 (1)
0.9833 +- -1.00 (1)
0.9817 +- -1.00 (1)
0.9891 +- -1.00 (1)
0.9816 +- -1.00 (1)
0.9767 +- -1.00 (1)
0.9731 +- -1.00 (1)
0.9811 +- -1.00 (1)
0.9754 +- -1.00 (1)
0.9830 +- -1.00 (1)
0.9821 +- -1.00 (1)
0.9826 +- -1.00 (1)
0.9858 +- -1.00 (1)
0.9796 +- -1.00 (1)
0.9830 +- -1.00 (1)
0.9796 +- -1.00 (1)
0.9819 +- -1.00 (1)
0.9750 +- -1.00 (1)
0.9779 +- -1.00 (1)
0.9794 +- -1.00 (1)
0.9789 +- -1.00 (1)
0.9848 +- -1.00 (1)
0.9853 +- -1.00 (1)
0.9825 +- -1.00 (1)
0.9776 +- -1.00 (1)
0.9825 +- -1.00 (1)
0.9760 +- -1.00 (1)
0.9781 +- -1.00 (1)
0.9775 +- -1.00 (1)
0.9838 +- -1.00 (1)
0.9810 +- -1.00 (1)
0.9772 +- -1.00 (1)
0.9821 +- -1.00 (1)
0.9806 +- -1.00 (1)
0.9782 +- -1.00 (1)
0.9787 +- -1.00 (1)
0.9781 +- -1.00 (1)
0.9705 +- -1.00 (1)
0.9816 +- -1.00 (1)
0.9778 +- -1.00 (1)
0.9854 +- -1.00 (1)
0.9816 +- -1.00 (1)
0.9800 +- -1.00 (1)
0.9766 +- -1.00 (1)
0.9779 +- -1.00 (1)
0.9796 +- -1.00 (1)
0.9773 +- -1.00 (1)
0.9816 +- -1.00 (1)
0.9800 +- -1.00 (1)
0.9795 +- -1.00 (1)
0.9697 +- -1.00 (1)
0.9686 +- -1.00 (1)
0.9636 +- -1.00 (1)
0.9729 +- -1.00 (1)
0.9651 +- -1.00 (1)
0.9713 +- -1.00 (1)
0.9700 +- -1.00 (1)
0.9657 +- -1.00 (1)
0.9713 +- -1.00 (1)
0.9768 +- -1.00 (1)
0.9723 +- -1.00 (1)
0.9737 +- -1.00 (1)
0.9706 +- -1.00 (1)
0.9767 +- -1.00 (1)
0.9739 +- -1.00 (1)
0.9749 +- -1.00 (1)
0.9748 +- -1.00 (1)
0.9763 +- -1.00 (1)
0.9730 +- -1.00 (1)
0.9689 +- -1.00 (1)
0.9663 +- -1.00 (1)
0.9655 +- -1.00 (1)
0.9737 +- -1.00 (1)
0.9771 +- -1.00 (1)
0.9684 +- -1.00 (1)
0.9753 +- -1.00 (1)
0.9770 +- -1.00 (1)
0.9664 +- -1.00 (1)
0.9726 +- -1.00 (1)
0.9731 +- -1.00 (1)
0.9694 +- -1.00 (1)
0.9693 +- -1.00 (1)
0.9709 +- -1.00 (1)
0.9687 +- -1.00 (1)
0.9675 +- -1.00 (1)
0.9693 +- -1.00 (1)
0.9709 +- -1.00 (1)
0.9733 +- -1.00 (1)
0.9700 +- -1.00 (1)
0.9710 +- -1.00 (1)
0.9727 +- -1.00 (1)
0.9676 +- -1.00 (1)
0.9689 +- -1.00 (1)
0.9744 +- -1.00 (1)
0.9666 +- -1.00 (1)
0.9739 +- -1.00 (1)
0.9737 +- -1.00 (1)
0.9658 +- -1.00 (1)
0.9718 +- -1.00 (1)
0.9707 +- -1.00 (1)
0.9739 +- -1.00 (1)
0.9690 +- -1.00 (1)
0.9727 +- -1.00 (1)
0.9655 +- -1.00 (1)
0.9710 +- -1.00 (1)
0.9678 +- -1.00 (1)
0.9744 +- -1.00 (1)
0.9720 +- -1.00 (1)
0.9663 +- -1.00 (1)
0.9730 +- -1.00 (1)
0.9680 +- -1.00 (1)
0.9632 +- -1.00 (1)
0.9714 +- -1.00 (1)
0.9717 +- -1.00 (1)
0.9685 +- -1.00 (1)
0.9740 +- -1.00 (1)
0.9710 +- -1.00 (1)
0.9659 +- -1.00 (1)
0.9663 +- -1.00 (1)
0.9686 +- -1.00 (1)
0.9660 +- -1.00 (1)
0.9660 +- -1.00 (1)
0.9682 +- -1.00 (1)
0.9686 +- -1.00 (1)
0.9703 +- -1.00 (1)
0.9717 +- -1.00 (1)
0.9694 +- -1.00 (1)
0.9716 +- -1.00 (1)
0.9678 +- -1.00 (1)
0.9630 +- -1.00 (1)
0.9469 +- -1.00 (1)
0.9702 +- -1.00 (1)
0.9692 +- -1.00 (1)
0.9717 +- -1.00 (1)
0.9598 +- -1.00 (1)
0.9620 +- -1.00 (1)
0.9618 +- -1.00 (1)
0.9642 +- -1.00 (1)
0.9692 +- -1.00 (1)
0.9615 +- -1.00 (1)
0.9610 +- -1.00 (1)
0.9675 +- -1.00 (1)
0.9653 +- -1.00 (1)
0.9676 +- -1.00 (1)
0.9680 +- -1.00 (1)
0.9731 +- -1.00 (1)
0.9664 +- -1.00 (1)
0.9645 +- -1.00 (1)
0.9675 +- -1.00 (1)
0.9687 +- -1.00 (1)
0.9702 +- -1.00 (1)
0.9693 +- -1.00 (1)
0.9614 +- -1.00 (1)
0.9729 +- -1.00 (1)
0.9671 +- -1.00 (1)
0.9712 +- -1.00 (1)
0.9652 +- -1.00 (1)
0.9635 +- -1.00 (1)
0.9704 +- -1.00 (1)
0.9649 +- -1.00 (1)
0.9666 +- -1.00 (1)
0.9699 +- -1.00 (1)
0.9688 +- -1.00 (1)
0.9694 +- -1.00 (1)
0.9690 +- -1.00 (1)
0.9726 +- -1.00 (1)
0.9678 +- -1.00 (1)
0.9739 +- -1.00 (1)
0.9637 +- -1.00 (1)
0.9688 +- -1.00 (1)
0.9645 +- -1.00 (1)
0.9673 +- -1.00 (1)
0.9710 +- -1.00 (1)
0.9737 +- -1.00 (1)
0.9650 +- -1.00 (1)
0.9703 +- -1.00 (1)
0.9646 +- -1.00 (1)
0.9608 +- -1.00 (1)
0.9692 +- -1.00 (1)
0.9690 +- -1.00 (1)
0.9680 +- -1.00 (1)
0.9658 +- -1.00 (1)
0.9659 +- -1.00 (1)
0.9615 +- -1.00 (1)
0.9691 +- -1.00 (1)
0.9671 +- -1.00 (1)
0.9678 +- -1.00 (1)
0.9679 +- -1.00 (1)
0.9661 +- -1.00 (1)
0.9703 +- -1.00 (1)
0.9661 +- -1.00 (1)
0.9650 +- -1.00 (1)
0.9660 +- -1.00 (1)
0.9613 +- -1.00 (1)
0.9704 +- -1.00 (1)
0.9649 +- -1.00 (1)
0.9613 +- -1.00 (1)
0.9703 +- -1.00 (1)
0.9702 +- -1.00 (1)
0.9639 +- -1.00 (1)
0.9586 +- -1.00 (1)
0.9627 +- -1.00 (1)
0.9750 +- -1.00 (1)
0.9676 +- -1.00 (1)
0.9660 +- -1.00 (1)
0.9682 +- -1.00 (1)
0.9686 +- -1.00 (1)
0.9681 +- -1.00 (1)
0.9650 +- -1.00 (1)
0.9601 +- -1.00 (1)
0.9747 +- -1.00 (1)
0.9356 +- -1.00 (1)
0.8887 +- -1.00 (1)
0.9555 +- -1.00 (1)
0.9707 +- -1.00 (1)
0.9736 +- -1.00 (1)
0.9861 +- -1.00 (1)
0.9506 +- -1.00 (1)
0.9562 +- -1.00 (1)
0.9355 +- -1.00 (1)
0.9612 +- -1.00 (1)
0.7343 +- -1.00 (1)
0.9693 +- -1.00 (1)
0.9739 +- -1.00 (1)
0.7723 +- -1.00 (1)
0.9822 +- -1.00 (1)
0.5926 +- -1.00 (1)
0.9793 +- -1.00 (1)
0.9656 +- -1.00 (1)
0.9715 +- -1.00 (1)
0.9729 +- -1.00 (1)
0.9509 +- -1.00 (1)
0.9805 +- -1.00 (1)
0.9780 +- -1.00 (1)
0.9832 +- -1.00 (1)
0.9827 +- -1.00 (1)
0.9777 +- -1.00 (1)
0.9792 +- -1.00 (1)
0.9821 +- -1.00 (1)
0.9710 +- -1.00 (1)
0.9704 +- -1.00 (1)
0.9773 +- -1.00 (1)
0.9669 +- -1.00 (1)
0.9740 +- -1.00 (1)
0.9738 +- -1.00 (1)
0.9835 +- -1.00 (1)
0.9704 +- -1.00 (1)
0.9712 +- -1.00 (1)
0.9698 +- -1.00 (1)
0.9743 +- -1.00 (1)
0.9824 +- -1.00 (1)
0.9747 +- -1.00 (1)
0.9801 +- -1.00 (1)
0.9748 +- -1.00 (1)
0.9780 +- -1.00 (1)
0.9829 +- -1.00 (1)
0.9781 +- -1.00 (1)
0.9790 +- -1.00 (1)
0.9654 +- -1.00 (1)
0.9836 +- -1.00 (1)
0.9715 +- -1.00 (1)
0.9857 +- -1.00 (1)
0.9754 +- -1.00 (1)
0.9831 +- -1.00 (1)
0.9701 +- -1.00 (1)
0.9747 +- -1.00 (1)
0.9697 +- -1.00 (1)
0.9874 +- -1.00 (1)
0.9787 +- -1.00 (1)
0.9846 +- -1.00 (1)
0.9712 +- -1.00 (1)
0.9710 +- -1.00 (1)
0.9837 +- -1.00 (1)
0.9782 +- -1.00 (1)
0.9752 +- -1.00 (1)
0.9822 +- -1.00 (1)
0.9776 +- -1.00 (1)
0.9781 +- -1.00 (1)
0.9780 +- -1.00 (1)
0.9798 +- -1.00 (1)
0.9685 +- -1.00 (1)
0.9782 +- -1.00 (1)
0.9772 +- -1.00 (1)
0.9725 +- -1.00 (1)
0.9700 +- -1.00 (1)
0.9801 +- -1.00 (1)
0.9744 +- -1.00 (1)
0.9678 +- -1.00 (1)
0.9795 +- -1.00 (1)
0.9841 +- -1.00 (1)
0.9741 +- -1.00 (1)
0.9771 +- -1.00 (1)
0.9836 +- -1.00 (1)
0.9627 +- -1.00 (1)
0.9764 +- -1.00 (1)
0.9811 +- -1.00 (1)
0.9826 +- -1.00 (1)
0.9742 +- -1.00 (1)
0.9763 +- -1.00 (1)
0.9811 +- -1.00 (1)
0.9763 +- -1.00 (1)
0.9815 +- -1.00 (1)
0.9700 +- -1.00 (1)
0.9624 +- -1.00 (1)
0.9823 +- -1.00 (1)
0.9720 +- -1.00 (1)
0.9730 +- -1.00 (1)
0.9845 +- -1.00 (1)
0.9777 +- -1.00 (1)
0.9844 +- -1.00 (1)
0.9826 +- -1.00 (1)
0.9766 +- -1.00 (1)
0.9744 +- -1.00 (1)
0.9808 +- -1.00 (1)
0.9804 +- -1.00 (1)
0.9809 +- -1.00 (1)
0.9784 +- -1.00 (1)
0.9730 +- -1.00 (1)
0.9810 +- -1.00 (1)
0.9775 +- -1.00 (1)
0.9802 +- -1.00 (1)
0.9837 +- -1.00 (1)
0.9815 +- -1.00 (1)
0.9744 +- -1.00 (1)
0.9830 +- -1.00 (1)
0.9746 +- -1.00 (1)
0.9662 +- -1.00 (1)
0.9728 +- -1.00 (1)
0.9846 +- -1.00 (1)
0.9853 +- -1.00 (1)
0.9790 +- -1.00 (1)
0.9753 +- -1.00 (1)
0.9826 +- -1.00 (1)
0.9848 +- -1.00 (1)
0.9650 +- -1.00 (1)
0.9768 +- -1.00 (1)
0.9759 +- -1.00 (1)
0.9775 +- -1.00 (1)
0.9844 +- -1.00 (1)
0.9747 +- -1.00 (1)
0.9810 +- -1.00 (1)
0.9808 +- -1.00 (1)
0.9783 +- -1.00 (1)
0.9810 +- -1.00 (1)
0.9777 +- -1.00 (1)
0.9622 +- -1.00 (1)
0.9766 +- -1.00 (1)
0.9769 +- -1.00 (1)
0.9783 +- -1.00 (1)
0.9377 +- -1.00 (1)
0.9682 +- -1.00 (1)
0.9638 +- -1.00 (1)
0.9615 +- -1.00 (1)
0.8637 +- -1.00 (1)
0.9683 +- -1.00 (1)
0.9671 +- -1.00 (1)
0.9667 +- -1.00 (1)
0.9662 +- -1.00 (1)
0.9699 +- -1.00 (1)
0.9695 +- -1.00 (1)
0.9620 +- -1.00 (1)
0.9518 +- -1.00 (1)
0.9527 +- -1.00 (1)
0.9743 +- -1.00 (1)
0.9553 +- -1.00 (1)
0.9681 +- -1.00 (1)
0.9794 +- -1.00 (1)
0.9718 +- -1.00 (1)
0.9727 +- -1.00 (1)
0.9757 +- -1.00 (1)
0.9666 +- -1.00 (1)
0.9580 +- -1.00 (1)
0.9619 +- -1.00 (1)
0.9668 +- -1.00 (1)
0.9683 +- -1.00 (1)
0.9707 +- -1.00 (1)
0.9680 +- -1.00 (1)
0.9618 +- -1.00 (1)
0.9664 +- -1.00 (1)
0.9722 +- -1.00 (1)
0.9592 +- -1.00 (1)
0.9497 +- -1.00 (1)
0.9720 +- -1.00 (1)
0.9550 +- -1.00 (1)
0.9649 +- -1.00 (1)
0.9649 +- -1.00 (1)
0.8881 +- -1.00 (1)
0.9677 +- -1.00 (1)
0.9748 +- -1.00 (1)
0.9351 +- -1.00 (1)
0.9676 +- -1.00 (1)
0.9685 +- -1.00 (1)
0.9672 +- -1.00 (1)
0.9656 +- -1.00 (1)
0.9616 +- -1.00 (1)
0.9642 +- -1.00 (1)
0.9437 +- -1.00 (1)
0.9510 +- -1.00 (1)
0.9220 +- -1.00 (1)
0.9669 +- -1.00 (1)
0.9608 +- -1.00 (1)
0.9571 +- -1.00 (1)
0.9671 +- -1.00 (1)
0.9297 +- -1.00 (1)
0.9667 +- -1.00 (1)
0.9696 +- -1.00 (1)
0.9706 +- -1.00 (1)
0.9691 +- -1.00 (1)
0.9560 +- -1.00 (1)
0.9667 +- -1.00 (1)
0.9535 +- -1.00 (1)
0.9385 +- -1.00 (1)
0.9632 +- -1.00 (1)
0.9622 +- -1.00 (1)
0.9613 +- -1.00 (1)
0.9719 +- -1.00 (1)
0.9695 +- -1.00 (1)
0.9611 +- -1.00 (1)
0.7893 +- -1.00 (1)
0.9688 +- -1.00 (1)
0.9612 +- -1.00 (1)
0.9207 +- -1.00 (1)
0.9718 +- -1.00 (1)
0.9188 +- -1.00 (1)
0.9666 +- -1.00 (1)
0.9681 +- -1.00 (1)
0.9486 +- -1.00 (1)
0.9698 +- -1.00 (1)
0.9672 +- -1.00 (1)
0.9642 +- -1.00 (1)
0.9623 +- -1.00 (1)
0.8729 +- -1.00 (1)
0.8777 +- -1.00 (1)
0.9644 +- -1.00 (1)
0.9040 +- -1.00 (1)
0.9574 +- -1.00 (1)
0.9624 +- -1.00 (1)
0.9654 +- -1.00 (1)
0.9666 +- -1.00 (1)
0.9697 +- -1.00 (1)
0.9695 +- -1.00 (1)
0.9569 +- -1.00 (1)
0.9554 +- -1.00 (1)
0.8923 +- -1.00 (1)
0.9600 +- -1.00 (1)
0.9608 +- -1.00 (1)
0.9568 +- -1.00 (1)
0.9381 +- -1.00 (1)
0.9396 +- -1.00 (1)
0.9624 +- -1.00 (1)
0.9665 +- -1.00 (1)
0.9469 +- -1.00 (1)
0.9623 +- -1.00 (1)
0.9690 +- -1.00 (1)
0.9167 +- -1.00 (1)
0.9656 +- -1.00 (1)
0.9652 +- -1.00 (1)
0.9506 +- -1.00 (1)
0.9682 +- -1.00 (1)
0.9715 +- -1.00 (1)
0.9455 +- -1.00 (1)
0.9635 +- -1.00 (1)
0.9580 +- -1.00 (1)
0.8061 +- -1.00 (1)
0.9692 +- -1.00 (1)
0.9631 +- -1.00 (1)
0.9586 +- -1.00 (1)
0.9651 +- -1.00 (1)
0.8730 +- -1.00 (1)
0.9596 +- -1.00 (1)
0.8800 +- -1.00 (1)
0.9550 +- -1.00 (1)
0.9528 +- -1.00 (1)
0.9633 +- -1.00 (1)
0.8737 +- -1.00 (1)
0.8697 +- -1.00 (1)
0.9329 +- -1.00 (1)
0.9503 +- -1.00 (1)
0.9523 +- -1.00 (1)
0.9630 +- -1.00 (1)
0.9649 +- -1.00 (1)
0.9694 +- -1.00 (1)
0.9657 +- -1.00 (1)
0.9628 +- -1.00 (1)
0.9337 +- -1.00 (1)
0.8949 +- -1.00 (1)
0.9539 +- -1.00 (1)
0.9636 +- -1.00 (1)
0.9649 +- -1.00 (1)
0.9547 +- -1.00 (1)
0.9618 +- -1.00 (1)
0.9247 +- -1.00 (1)
0.9601 +- -1.00 (1)
0.9610 +- -1.00 (1)
0.9520 +- -1.00 (1)
0.9612 +- -1.00 (1)
0.9547 +- -1.00 (1)
0.9591 +- -1.00 (1)
0.9686 +- -1.00 (1)
0.9537 +- -1.00 (1)
0.9618 +- -1.00 (1)
0.9667 +- -1.00 (1)
0.9382 +- -1.00 (1)
0.9497 +- -1.00 (1)
0.9609 +- -1.00 (1)
0.9610 +- -1.00 (1)
0.9632 +- -1.00 (1)
0.9647 +- -1.00 (1)
0.9632 +- -1.00 (1)
0.9527 +- -1.00 (1)
0.9767 +- -1.00 (1)
0.8573 +- -1.00 (1)
0.6948 +- -1.00 (1)
0.9557 +- -1.00 (1)
0.6892 +- -1.00 (1)
0.7677 +- -1.00 (1)
0.9779 +- -1.00 (1)
0.7825 +- -1.00 (1)
0.9609 +- -1.00 (1)
0.7205 +- -1.00 (1)
0.6876 +- -1.00 (1)
0.8874 +- -1.00 (1)
0.7479 +- -1.00 (1)
0.6470 +- -1.00 (1)
0.7176 +- -1.00 (1)
0.6680 +- -1.00 (1)
0.9520 +- -1.00 (1)
0.7903 +- -1.00 (1)
0.6513 +- -1.00 (1)
0.9694 +- -1.00 (1)
0.7130 +- -1.00 (1)
0.9668 +- -1.00 (1)
0.9406 +- -1.00 (1)
0.9129 +- -1.00 (1)
0.9869 +- -1.00 (1)
0.9335 +- -1.00 (1)
0.7073 +- -1.00 (1)
0.7982 +- -1.00 (1)
0.7114 +- -1.00 (1)
0.9658 +- -1.00 (1)
0.8337 +- -1.00 (1)
0.8279 +- -1.00 (1)
0.7850 +- -1.00 (1)
0.8845 +- -1.00 (1)
0.7089 +- -1.00 (1)
0.9328 +- -1.00 (1)
0.8917 +- -1.00 (1)
0.7378 +- -1.00 (1)
0.8433 +- -1.00 (1)
0.7533 +- -1.00 (1)
0.9680 +- -1.00 (1)
0.9700 +- -1.00 (1)
0.7799 +- -1.00 (1)
0.9663 +- -1.00 (1)
0.8625 +- -1.00 (1)
0.9848 +- -1.00 (1)
0.8755 +- -1.00 (1)
0.9208 +- -1.00 (1)
0.9830 +- -1.00 (1)
0.8083 +- -1.00 (1)
0.8433 +- -1.00 (1)
0.9186 +- -1.00 (1)
0.9718 +- -1.00 (1)
0.9573 +- -1.00 (1)
0.8893 +- -1.00 (1)
0.8441 +- -1.00 (1)
0.8728 +- -1.00 (1)
0.9708 +- -1.00 (1)
0.9805 +- -1.00 (1)
0.8948 +- -1.00 (1)
0.8973 +- -1.00 (1)
0.8803 +- -1.00 (1)
0.8678 +- -1.00 (1)
0.9716 +- -1.00 (1)
0.8600 +- -1.00 (1)
0.8649 +- -1.00 (1)
0.9266 +- -1.00 (1)
0.9743 +- -1.00 (1)
0.9774 +- -1.00 (1)
0.9374 +- -1.00 (1)
0.9736 +- -1.00 (1)
0.9358 +- -1.00 (1)
0.9238 +- -1.00 (1)
0.9155 +- -1.00 (1)
0.9741 +- -1.00 (1)
0.7825 +- -1.00 (1)
0.6762 +- -1.00 (1)
0.9705 +- -1.00 (1)
0.8895 +- -1.00 (1)
0.7951 +- -1.00 (1)
0.8003 +- -1.00 (1)
0.8760 +- -1.00 (1)
0.9393 +- -1.00 (1)
0.8420 +- -1.00 (1)
0.9633 +- -1.00 (1)
0.8096 +- -1.00 (1)
0.7918 +- -1.00 (1)
0.8660 +- -1.00 (1)
0.7575 +- -1.00 (1)
0.7679 +- -1.00 (1)
0.8090 +- -1.00 (1)
0.8684 +- -1.00 (1)
0.8019 +- -1.00 (1)
0.9654 +- -1.00 (1)
0.7583 +- -1.00 (1)
0.6958 +- -1.00 (1)
0.7363 +- -1.00 (1)
0.7727 +- -1.00 (1)
0.8296 +- -1.00 (1)
0.9011 +- -1.00 (1)
0.9703 +- -1.00 (1)
0.8383 +- -1.00 (1)
0.9460 +- -1.00 (1)
0.8822 +- -1.00 (1)
0.9740 +- -1.00 (1)
0.7885 +- -1.00 (1)
0.9530 +- -1.00 (1)
0.9741 +- -1.00 (1)
0.8296 +- -1.00 (1)
0.8546 +- -1.00 (1)
0.8014 +- -1.00 (1)
0.9080 +- -1.00 (1)
0.7926 +- -1.00 (1)
0.9811 +- -1.00 (1)
0.9812 +- -1.00 (1)
0.8633 +- -1.00 (1)
0.8380 +- -1.00 (1)
0.8864 +- -1.00 (1)
0.9274 +- -1.00 (1)
0.9707 +- -1.00 (1)
0.7721 +- -1.00 (1)
0.9175 +- -1.00 (1)
0.6836 +- -1.00 (1)
0.7910 +- -1.00 (1)
0.9370 +- -1.00 (1)
0.9154 +- -1.00 (1)
0.8506 +- -1.00 (1)
0.8266 +- -1.00 (1)
0.9542 +- -1.00 (1)
0.8202 +- -1.00 (1)
0.8481 +- -1.00 (1)
0.9632 +- -1.00 (1)
0.9615 +- -1.00 (1)
0.9221 +- -1.00 (1)
0.9450 +- -1.00 (1)
0.8676 +- -1.00 (1)
0.9307 +- -1.00 (1)
0.8299 +- -1.00 (1)
0.9644 +- -1.00 (1)
0.7315 +- -1.00 (1)
0.8796 +- -1.00 (1)
0.8477 +- -1.00 (1)
0.8132 +- -1.00 (1)
0.8085 +- -1.00 (1)
0.7871 +- -1.00 (1)
0.7036 +- -1.00 (1)
0.7822 +- -1.00 (1)
0.7317 +- -1.00 (1)
0.7280 +- -1.00 (1)
0.8332 +- -1.00 (1)
0.8179 +- -1.00 (1)
0.7432 +- -1.00 (1)
0.7752 +- -1.00 (1)
0.8642 +- -1.00 (1)
0.6785 +- -1.00 (1)
0.6666 +- -1.00 (1)
0.8051 +- -1.00 (1)
0.9622 +- -1.00 (1)
0.7268 +- -1.00 (1)
0.7805 +- -1.00 (1)
0.8254 +- -1.00 (1)
0.8193 +- -1.00 (1)
0.7726 +- -1.00 (1)
0.7132 +- -1.00 (1)
0.7812 +- -1.00 (1)
0.8220 +- -1.00 (1)
0.9660 +- -1.00 (1)
0.7278 +- -1.00 (1)
0.8633 +- -1.00 (1)
0.8311 +- -1.00 (1)
0.6811 +- -1.00 (1)
0.7820 +- -1.00 (1)
0.8617 +- -1.00 (1)
0.8048 +- -1.00 (1)
0.8310 +- -1.00 (1)
0.8499 +- -1.00 (1)
0.7839 +- -1.00 (1)
0.7968 +- -1.00 (1)
0.8467 +- -1.00 (1)
0.8105 +- -1.00 (1)
0.8346 +- -1.00 (1)
0.7903 +- -1.00 (1)
0.7885 +- -1.00 (1)
0.7625 +- -1.00 (1)
0.7570 +- -1.00 (1)
0.8418 +- -1.00 (1)
0.7990 +- -1.00 (1)
0.8073 +- -1.00 (1)
0.7933 +- -1.00 (1)
0.8430 +- -1.00 (1)
0.8396 +- -1.00 (1)
0.7831 +- -1.00 (1)
0.8250 +- -1.00 (1)
0.7529 +- -1.00 (1)
0.8285 +- -1.00 (1)
0.7307 +- -1.00 (1)
0.8349 +- -1.00 (1)
0.8170 +- -1.00 (1)
0.7588 +- -1.00 (1)
0.7649 +- -1.00 (1)
0.7861 +- -1.00 (1)
0.7637 +- -1.00 (1)
0.8699 +- -1.00 (1)
0.8590 +- -1.00 (1)
0.8416 +- -1.00 (1)
0.8051 +- -1.00 (1)
0.6638 +- -1.00 (1)
0.7058 +- -1.00 (1)
0.7890 +- -1.00 (1)
0.8110 +- -1.00 (1)
0.7534 +- -1.00 (1)
0.7904 +- -1.00 (1)
0.8379 +- -1.00 (1)
0.7133 +- -1.00 (1)
0.8782 +- -1.00 (1)
0.7328 +- -1.00 (1)
0.7283 +- -1.00 (1)
0.8309 +- -1.00 (1)
0.6748 +- -1.00 (1)
0.8214 +- -1.00 (1)
0.8277 +- -1.00 (1)
0.7322 +- -1.00 (1)
0.8339 +- -1.00 (1)
0.8407 +- -1.00 (1)
0.7467 +- -1.00 (1)
0.8503 +- -1.00 (1)
0.7800 +- -1.00 (1)
0.7010 +- -1.00 (1)
0.7600 +- -1.00 (1)
0.6526 +- -1.00 (1)
0.7530 +- -1.00 (1)
0.7011 +- -1.00 (1)
0.7398 +- -1.00 (1)
0.7847 +- -1.00 (1)
0.8222 +- -1.00 (1)
0.7371 +- -1.00 (1)
0.8212 +- -1.00 (1)
0.7253 +- -1.00 (1)
0.7405 +- -1.00 (1)
0.7249 +- -1.00 (1)
0.7488 +- -1.00 (1)
0.7540 +- -1.00 (1)
0.7426 +- -1.00 (1)
0.7577 +- -1.00 (1)
0.7766 +- -1.00 (1)
0.7305 +- -1.00 (1)
0.7359 +- -1.00 (1)
0.7230 +- -1.00 (1)
0.7580 +- -1.00 (1)
0.7230 +- -1.00 (1)
0.8337 +- -1.00 (1)
0.7128 +- -1.00 (1)
0.7729 +- -1.00 (1)
0.7648 +- -1.00 (1)
0.7776 +- -1.00 (1)
0.8209 +- -1.00 (1)
0.7689 +- -1.00 (1)
0.7505 +- -1.00 (1)
0.6747 +- -1.00 (1)
0.7757 +- -1.00 (1)
0.7310 +- -1.00 (1)
0.8084 +- -1.00 (1)
0.6846 +- -1.00 (1)
0.8666 +- -1.00 (1)
0.6448 +- -1.00 (1)
0.7577 +- -1.00 (1)
0.6923 +- -1.00 (1)
0.7531 +- -1.00 (1)
0.7938 +- -1.00 (1)
0.7468 +- -1.00 (1)
0.7553 +- -1.00 (1)
0.6911 +- -1.00 (1)
0.7149 +- -1.00 (1)
0.7454 +- -1.00 (1)
0.7223 +- -1.00 (1)
0.7516 +- -1.00 (1)
0.6923 +- -1.00 (1)
0.7215 +- -1.00 (1)
0.7152 +- -1.00 (1)
0.7332 +- -1.00 (1)
0.7528 +- -1.00 (1)
0.7028 +- -1.00 (1)
0.7971 +- -1.00 (1)
0.7075 +- -1.00 (1)
0.7117 +- -1.00 (1)
0.7098 +- -1.00 (1)
0.7544 +- -1.00 (1)
0.7248 +- -1.00 (1)
0.7876 +- -1.00 (1)
0.7628 +- -1.00 (1)
0.6591 +- -1.00 (1)
0.6668 +- -1.00 (1)
0.6978 +- -1.00 (1)
0.7322 +- -1.00 (1)
0.8044 +- -1.00 (1)
0.7579 +- -1.00 (1)
0.7834 +- -1.00 (1)
0.7301 +- -1.00 (1)
0.7418 +- -1.00 (1)
0.7667 +- -1.00 (1)
0.9777 +- -1.00 (1)
0.9434 +- -1.00 (1)
0.9604 +- -1.00 (1)
0.9485 +- -1.00 (1)
0.9687 +- -1.00 (1)
0.6863 +- -1.00 (1)
0.9645 +- -1.00 (1)
0.6950 +- -1.00 (1)
0.9593 +- -1.00 (1)
0.7300 +- -1.00 (1)
0.7288 +- -1.00 (1)
0.9756 +- -1.00 (1)
0.7904 +- -1.00 (1)
0.7600 +- -1.00 (1)
0.9355 +- -1.00 (1)
0.7015 +- -1.00 (1)
0.9604 +- -1.00 (1)
0.6677 +- -1.00 (1)
0.9656 +- -1.00 (1)
0.9492 +- -1.00 (1)
0.5727 +- -1.00 (1)
0.9718 +- -1.00 (1)
0.6345 +- -1.00 (1)
0.9524 +- -1.00 (1)
0.5613 +- -1.00 (1)
0.9741 +- -1.00 (1)
0.7101 +- -1.00 (1)
0.9798 +- -1.00 (1)
0.9804 +- -1.00 (1)
0.9564 +- -1.00 (1)
0.8134 +- -1.00 (1)
0.8480 +- -1.00 (1)
0.9668 +- -1.00 (1)
0.9666 +- -1.00 (1)
0.9518 +- -1.00 (1)
0.9532 +- -1.00 (1)
0.9722 +- -1.00 (1)
0.7490 +- -1.00 (1)
0.9484 +- -1.00 (1)
0.9807 +- -1.00 (1)
0.9316 +- -1.00 (1)
0.9578 +- -1.00 (1)
0.8704 +- -1.00 (1)
0.6999 +- -1.00 (1)
0.6848 +- -1.00 (1)
0.9734 +- -1.00 (1)
0.9728 +- -1.00 (1)
0.8245 +- -1.00 (1)
0.9830 +- -1.00 (1)
0.8736 +- -1.00 (1)
0.9758 +- -1.00 (1)
0.8554 +- -1.00 (1)
0.9688 +- -1.00 (1)
0.7406 +- -1.00 (1)
0.9787 +- -1.00 (1)
0.9519 +- -1.00 (1)
0.9537 +- -1.00 (1)
0.9844 +- -1.00 (1)
0.7278 +- -1.00 (1)
0.9717 +- -1.00 (1)
0.9824 +- -1.00 (1)
0.9533 +- -1.00 (1)
0.7467 +- -1.00 (1)
0.9726 +- -1.00 (1)
0.9743 +- -1.00 (1)
0.9512 +- -1.00 (1)
0.9429 +- -1.00 (1)
0.9333 +- -1.00 (1)
0.9762 +- -1.00 (1)
0.9757 +- -1.00 (1)
0.7983 +- -1.00 (1)
0.9844 +- -1.00 (1)
0.7981 +- -1.00 (1)
0.7626 +- -1.00 (1)
0.9762 +- -1.00 (1)
0.9095 +- -1.00 (1)
0.8669 +- -1.00 (1)
0.7830 +- -1.00 (1)
0.7769 +- -1.00 (1)
0.7805 +- -1.00 (1)
0.9796 +- -1.00 (1)
0.9722 +- -1.00 (1)
0.7046 +- -1.00 (1)
0.9744 +- -1.00 (1)
0.9644 +- -1.00 (1)
0.7554 +- -1.00 (1)
0.9654 +- -1.00 (1)
0.9756 +- -1.00 (1)
0.9715 +- -1.00 (1)
0.9463 +- -1.00 (1)
0.9257 +- -1.00 (1)
0.8218 +- -1.00 (1)
0.9781 +- -1.00 (1)
0.9752 +- -1.00 (1)
0.9683 +- -1.00 (1)
0.8606 +- -1.00 (1)
0.8023 +- -1.00 (1)
0.9723 +- -1.00 (1)
0.9190 +- -1.00 (1)
0.9784 +- -1.00 (1)
0.9675 +- -1.00 (1)
0.9616 +- -1.00 (1)
0.7948 +- -1.00 (1)
0.8074 +- -1.00 (1)
0.9084 +- -1.00 (1)
0.8882 +- -1.00 (1)
0.9153 +- -1.00 (1)
0.7418 +- -1.00 (1)
0.8765 +- -1.00 (1)
0.9223 +- -1.00 (1)
0.8497 +- -1.00 (1)
0.9637 +- -1.00 (1)
0.8663 +- -1.00 (1)
0.9754 +- -1.00 (1)
0.7617 +- -1.00 (1)
0.8961 +- -1.00 (1)
0.7467 +- -1.00 (1)
0.9334 +- -1.00 (1)
0.9694 +- -1.00 (1)
0.9675 +- -1.00 (1)
0.9386 +- -1.00 (1)
0.8970 +- -1.00 (1)
0.9804 +- -1.00 (1)
0.9476 +- -1.00 (1)
0.9037 +- -1.00 (1)
0.9686 +- -1.00 (1)
0.9081 +- -1.00 (1)
0.9693 +- -1.00 (1)
0.9764 +- -1.00 (1)
0.7883 +- -1.00 (1)
0.9544 +- -1.00 (1)
0.9230 +- -1.00 (1)
0.9694 +- -1.00 (1)
0.8119 +- -1.00 (1)
0.8924 +- -1.00 (1)
0.8054 +- -1.00 (1)
0.9407 +- -1.00 (1)
0.9289 +- -1.00 (1)
0.9571 +- -1.00 (1)
0.8644 +- -1.00 (1)
0.6900 +- -1.00 (1)
0.7287 +- -1.00 (1)
0.5928 +- -1.00 (1)
0.8194 +- -1.00 (1)
0.7663 +- -1.00 (1)
0.7216 +- -1.00 (1)
0.6951 +- -1.00 (1)
0.6983 +- -1.00 (1)
0.7536 +- -1.00 (1)
0.7746 +- -1.00 (1)
0.8115 +- -1.00 (1)
0.7600 +- -1.00 (1)
0.7568 +- -1.00 (1)
0.9028 +- -1.00 (1)
0.6293 +- -1.00 (1)
0.6325 +- -1.00 (1)
0.8002 +- -1.00 (1)
0.8212 +- -1.00 (1)
0.8519 +- -1.00 (1)
0.9349 +- -1.00 (1)
0.8957 +- -1.00 (1)
0.7684 +- -1.00 (1)
0.6702 +- -1.00 (1)
0.9525 +- -1.00 (1)
0.6970 +- -1.00 (1)
0.7569 +- -1.00 (1)
0.8326 +- -1.00 (1)
0.7446 +- -1.00 (1)
0.9178 +- -1.00 (1)
0.8759 +- -1.00 (1)
0.8040 +- -1.00 (1)
0.7323 +- -1.00 (1)
0.8467 +- -1.00 (1)
0.8210 +- -1.00 (1)
0.8025 +- -1.00 (1)
0.6286 +- -1.00 (1)
0.7879 +- -1.00 (1)
0.8479 +- -1.00 (1)
0.6730 +- -1.00 (1)
0.7454 +- -1.00 (1)
0.8291 +- -1.00 (1)
0.7822 +- -1.00 (1)
0.9506 +- -1.00 (1)
0.7427 +- -1.00 (1)
0.8336 +- -1.00 (1)
0.7806 +- -1.00 (1)
0.7570 +- -1.00 (1)
0.9394 +- -1.00 (1)
0.7143 +- -1.00 (1)
0.8153 +- -1.00 (1)
0.7930 +- -1.00 (1)
0.7307 +- -1.00 (1)
0.7918 +- -1.00 (1)
0.7575 +- -1.00 (1)
0.7854 +- -1.00 (1)
0.8849 +- -1.00 (1)
0.7607 +- -1.00 (1)
0.8806 +- -1.00 (1)
0.8285 +- -1.00 (1)
0.7477 +- -1.00 (1)
0.9388 +- -1.00 (1)
0.7964 +- -1.00 (1)
0.7027 +- -1.00 (1)
0.8284 +- -1.00 (1)
0.8178 +- -1.00 (1)
0.7627 +- -1.00 (1)
0.7964 +- -1.00 (1)
0.8940 +- -1.00 (1)
0.8773 +- -1.00 (1)
0.7225 +- -1.00 (1)
0.7149 +- -1.00 (1)
0.7299 +- -1.00 (1)
0.6663 +- -1.00 (1)
0.6887 +- -1.00 (1)
0.8565 +- -1.00 (1)
0.6822 +- -1.00 (1)
0.7692 +- -1.00 (1)
0.8441 +- -1.00 (1)
0.9453 +- -1.00 (1)
0.7125 +- -1.00 (1)
0.8190 +- -1.00 (1)
0.6784 +- -1.00 (1)
0.7304 +- -1.00 (1)
0.7638 +- -1.00 (1)
0.6737 +- -1.00 (1)
0.6085 +- -1.00 (1)
0.7936 +- -1.00 (1)
0.7507 +- -1.00 (1)
0.7452 +- -1.00 (1)
0.6926 +- -1.00 (1)
0.8404 +- -1.00 (1)
0.7104 +- -1.00 (1)
0.8322 +- -1.00 (1)
0.8564 +- -1.00 (1)
0.8848 +- -1.00 (1)
0.7744 +- -1.00 (1)
0.8061 +- -1.00 (1)
0.7090 +- -1.00 (1)
0.7689 +- -1.00 (1)
0.7940 +- -1.00 (1)
0.7368 +- -1.00 (1)
0.6718 +- -1.00 (1)
0.6662 +- -1.00 (1)
0.7052 +- -1.00 (1)
0.6916 +- -1.00 (1)
0.7521 +- -1.00 (1)
0.7380 +- -1.00 (1)
0.7360 +- -1.00 (1)
0.7136 +- -1.00 (1)
0.6601 +- -1.00 (1)
0.8098 +- -1.00 (1)
0.6124 +- -1.00 (1)
0.7120 +- -1.00 (1)
0.7226 +- -1.00 (1)
0.8435 +- -1.00 (1)
0.6985 +- -1.00 (1)
0.7879 +- -1.00 (1)
0.7344 +- -1.00 (1)
0.7233 +- -1.00 (1)
0.6550 +- -1.00 (1)
0.6984 +- -1.00 (1)
0.7420 +- -1.00 (1)
0.7827 +- -1.00 (1)
0.6293 +- -1.00 (1)
0.8046 +- -1.00 (1)
0.6600 +- -1.00 (1)
0.7635 +- -1.00 (1)
0.7296 +- -1.00 (1)
0.6130 +- -1.00 (1)
0.8238 +- -1.00 (1)
0.7227 +- -1.00 (1)
0.9017 +- -1.00 (1)
0.7233 +- -1.00 (1)
0.7846 +- -1.00 (1)
0.7797 +- -1.00 (1)
0.5935 +- -1.00 (1)
0.7932 +- -1.00 (1)
0.8123 +- -1.00 (1)
0.7195 +- -1.00 (1)
0.6972 +- -1.00 (1)
0.7350 +- -1.00 (1)
0.7941 +- -1.00 (1)
0.8102 +- -1.00 (1)
0.7179 +- -1.00 (1)
0.6862 +- -1.00 (1)
0.7021 +- -1.00 (1)
0.6807 +- -1.00 (1)
0.7851 +- -1.00 (1)
0.6872 +- -1.00 (1)
0.6949 +- -1.00 (1)
0.6467 +- -1.00 (1)
0.6195 +- -1.00 (1)
0.8787 +- -1.00 (1)
0.7730 +- -1.00 (1)
0.7171 +- -1.00 (1)
0.6780 +- -1.00 (1)
0.7248 +- -1.00 (1)
0.7136 +- -1.00 (1)
0.6930 +- -1.00 (1)
0.9101 +- -1.00 (1)
0.7361 +- -1.00 (1)
0.5076 +- -1.00 (1)
0.9533 +- -1.00 (1)
0.9576 +- -1.00 (1)
0.9683 +- -1.00 (1)
0.8144 +- -1.00 (1)
0.9571 +- -1.00 (1)
0.8687 +- -1.00 (1)
0.8218 +- -1.00 (1)
0.9336 +- -1.00 (1)
0.9582 +- -1.00 (1)
0.9850 +- -1.00 (1)
0.5260 +- -1.00 (1)
0.6337 +- -1.00 (1)
0.9621 +- -1.00 (1)
0.9774 +- -1.00 (1)
0.9604 +- -1.00 (1)
0.9793 +- -1.00 (1)
0.9687 +- -1.00 (1)
0.9337 +- -1.00 (1)
0.9644 +- -1.00 (1)
0.9654 +- -1.00 (1)
0.7585 +- -1.00 (1)
0.9641 +- -1.00 (1)
0.9836 +- -1.00 (1)
0.7898 +- -1.00 (1)
0.9668 +- -1.00 (1)
0.9544 +- -1.00 (1)
0.9844 +- -1.00 (1)
0.9047 +- -1.00 (1)
0.9667 +- -1.00 (1)
0.9482 +- -1.00 (1)
0.9634 +- -1.00 (1)
0.5317 +- -1.00 (1)
0.9757 +- -1.00 (1)
0.5573 +- -1.00 (1)
0.7194 +- -1.00 (1)
0.9518 +- -1.00 (1)
0.9577 +- -1.00 (1)
0.9625 +- -1.00 (1)
0.9705 +- -1.00 (1)
0.8404 +- -1.00 (1)
0.7944 +- -1.00 (1)
0.7646 +- -1.00 (1)
0.9777 +- -1.00 (1)
0.7167 +- -1.00 (1)
0.8762 +- -1.00 (1)
0.6635 +- -1.00 (1)
0.9644 +- -1.00 (1)
0.9721 +- -1.00 (1)
0.9688 +- -1.00 (1)
0.9788 +- -1.00 (1)
0.9581 +- -1.00 (1)
0.9498 +- -1.00 (1)
0.9782 +- -1.00 (1)
0.9420 +- -1.00 (1)
0.8818 +- -1.00 (1)
0.8445 +- -1.00 (1)
0.9813 +- -1.00 (1)
0.9792 +- -1.00 (1)
0.9841 +- -1.00 (1)
0.9565 +- -1.00 (1)
0.7165 +- -1.00 (1)
0.9771 +- -1.00 (1)
0.9548 +- -1.00 (1)
0.9644 +- -1.00 (1)
0.9675 +- -1.00 (1)
0.9574 +- -1.00 (1)
0.9700 +- -1.00 (1)
0.8667 +- -1.00 (1)
0.9628 +- -1.00 (1)
0.9687 +- -1.00 (1)
0.7912 +- -1.00 (1)
0.9253 +- -1.00 (1)
0.9832 +- -1.00 (1)
0.9092 +- -1.00 (1)
0.7728 +- -1.00 (1)
0.9844 +- -1.00 (1)
0.9768 +- -1.00 (1)
0.9805 +- -1.00 (1)
0.7910 +- -1.00 (1)
0.8343 +- -1.00 (1)
0.8926 +- -1.00 (1)
0.9767 +- -1.00 (1)
0.7638 +- -1.00 (1)
0.8780 +- -1.00 (1)
0.9743 +- -1.00 (1)
0.7924 +- -1.00 (1)
0.9101 +- -1.00 (1)
0.9554 +- -1.00 (1)
0.9761 +- -1.00 (1)
0.9699 +- -1.00 (1)
0.9664 +- -1.00 (1)
0.9886 +- -1.00 (1)
0.9666 +- -1.00 (1)
0.9258 +- -1.00 (1)
0.6624 +- -1.00 (1)
0.9760 +- -1.00 (1)
0.9700 +- -1.00 (1)
0.9530 +- -1.00 (1)
0.8285 +- -1.00 (1)
0.9706 +- -1.00 (1)
0.7637 +- -1.00 (1)
0.9792 +- -1.00 (1)
0.8781 +- -1.00 (1)
0.7614 +- -1.00 (1)
0.9615 +- -1.00 (1)
0.8624 +- -1.00 (1)
0.8272 +- -1.00 (1)
0.7114 +- -1.00 (1)
0.7746 +- -1.00 (1)
0.8053 +- -1.00 (1)
0.9609 +- -1.00 (1)
0.9696 +- -1.00 (1)
0.7557 +- -1.00 (1)
0.8948 +- -1.00 (1)
0.9581 +- -1.00 (1)
0.9604 +- -1.00 (1)
0.8387 +- -1.00 (1)
0.7465 +- -1.00 (1)
0.9652 +- -1.00 (1)
0.9162 +- -1.00 (1)
0.8956 +- -1.00 (1)
0.8854 +- -1.00 (1)
0.9504 +- -1.00 (1)
0.8583 +- -1.00 (1)
0.7737 +- -1.00 (1)
0.9407 +- -1.00 (1)
0.8534 +- -1.00 (1)
0.9690 +- -1.00 (1)
0.9703 +- -1.00 (1)
0.8740 +- -1.00 (1)
0.9299 +- -1.00 (1)
0.7260 +- -1.00 (1)
0.9699 +- -1.00 (1)
0.8997 +- -1.00 (1)
0.9376 +- -1.00 (1)
0.8590 +- -1.00 (1)
0.9475 +- -1.00 (1)
0.5913 +- -1.00 (1)
0.6120 +- -1.00 (1)
0.6658 +- -1.00 (1)
0.6364 +- -1.00 (1)
0.7709 +- -1.00 (1)
0.7068 +- -1.00 (1)
0.6949 +- -1.00 (1)
0.7377 +- -1.00 (1)
0.5805 +- -1.00 (1)
0.7248 +- -1.00 (1)
0.7124 +- -1.00 (1)
0.7659 +- -1.00 (1)
0.5916 +- -1.00 (1)
0.7416 +- -1.00 (1)
0.6478 +- -1.00 (1)
0.8684 +- -1.00 (1)
0.7937 +- -1.00 (1)
0.7246 +- -1.00 (1)
0.9285 +- -1.00 (1)
0.7634 +- -1.00 (1)
0.9059 +- -1.00 (1)
0.5566 +- -1.00 (1)
0.4847 +- -1.00 (1)
0.7251 +- -1.00 (1)
0.7718 +- -1.00 (1)
0.6767 +- -1.00 (1)
0.5956 +- -1.00 (1)
0.7905 +- -1.00 (1)
0.6474 +- -1.00 (1)
0.6536 +- -1.00 (1)
0.8696 +- -1.00 (1)
0.7372 +- -1.00 (1)
0.7568 +- -1.00 (1)
0.7805 +- -1.00 (1)
0.7358 +- -1.00 (1)
0.7805 +- -1.00 (1)
0.8471 +- -1.00 (1)
0.7252 +- -1.00 (1)
0.8198 +- -1.00 (1)
0.8159 +- -1.00 (1)
0.7648 +- -1.00 (1)
0.5915 +- -1.00 (1)
0.7242 +- -1.00 (1)
0.6251 +- -1.00 (1)
0.7375 +- -1.00 (1)
0.5543 +- -1.00 (1)
0.8691 +- -1.00 (1)
0.7641 +- -1.00 (1)
0.9296 +- -1.00 (1)
0.6817 +- -1.00 (1)
0.8122 +- -1.00 (1)
0.7181 +- -1.00 (1)
0.6429 +- -1.00 (1)
0.7257 +- -1.00 (1)
0.6731 +- -1.00 (1)
0.7563 +- -1.00 (1)
0.6483 +- -1.00 (1)
0.8819 +- -1.00 (1)
0.7504 +- -1.00 (1)
0.6559 +- -1.00 (1)
0.6121 +- -1.00 (1)
0.6984 +- -1.00 (1)
0.6710 +- -1.00 (1)
0.7159 +- -1.00 (1)
0.6257 +- -1.00 (1)
0.6088 +- -1.00 (1)
0.7826 +- -1.00 (1)
0.7621 +- -1.00 (1)
0.8976 +- -1.00 (1)
0.6455 +- -1.00 (1)
0.6697 +- -1.00 (1)
0.6717 +- -1.00 (1)
0.6382 +- -1.00 (1)
0.8520 +- -1.00 (1)
0.5777 +- -1.00 (1)
0.8025 +- -1.00 (1)
0.5917 +- -1.00 (1)
0.7711 +- -1.00 (1)
0.6610 +- -1.00 (1)
0.7301 +- -1.00 (1)
0.6603 +- -1.00 (1)
0.5998 +- -1.00 (1)
0.5633 +- -1.00 (1)
0.6776 +- -1.00 (1)
0.8573 +- -1.00 (1)
0.6923 +- -1.00 (1)
0.6456 +- -1.00 (1)
0.7328 +- -1.00 (1)
0.6909 +- -1.00 (1)
0.7058 +- -1.00 (1)
0.6985 +- -1.00 (1)
0.6333 +- -1.00 (1)
0.6792 +- -1.00 (1)
0.7020 +- -1.00 (1)
0.6414 +- -1.00 (1)
0.8279 +- -1.00 (1)
0.7408 +- -1.00 (1)
0.7864 +- -1.00 (1)
0.5458 +- -1.00 (1)
0.7195 +- -1.00 (1)
0.6685 +- -1.00 (1)
0.7132 +- -1.00 (1)
0.6427 +- -1.00 (1)
0.7206 +- -1.00 (1)
0.6121 +- -1.00 (1)
0.6058 +- -1.00 (1)
0.6351 +- -1.00 (1)
0.5704 +- -1.00 (1)
0.5711 +- -1.00 (1)
0.7437 +- -1.00 (1)
0.5880 +- -1.00 (1)
0.7049 +- -1.00 (1)
0.6593 +- -1.00 (1)
0.7353 +- -1.00 (1)
0.5782 +- -1.00 (1)
0.6563 +- -1.00 (1)
0.7498 +- -1.00 (1)
0.6214 +- -1.00 (1)
0.6098 +- -1.00 (1)
0.6124 +- -1.00 (1)
0.6814 +- -1.00 (1)
0.7296 +- -1.00 (1)
0.7330 +- -1.00 (1)
0.7510 +- -1.00 (1)
0.6188 +- -1.00 (1)
0.6184 +- -1.00 (1)
0.6161 +- -1.00 (1)
0.7051 +- -1.00 (1)
0.7596 +- -1.00 (1)
0.5838 +- -1.00 (1)
0.6179 +- -1.00 (1)
0.5670 +- -1.00 (1)
0.6634 +- -1.00 (1)
0.5884 +- -1.00 (1)
0.5816 +- -1.00 (1)
0.6007 +- -1.00 (1)
0.5758 +- -1.00 (1)
0.6281 +- -1.00 (1)
0.6434 +- -1.00 (1)
0.7216 +- -1.00 (1)
0.6433 +- -1.00 (1)
0.6247 +- -1.00 (1)
0.6612 +- -1.00 (1)
0.6323 +- -1.00 (1)
0.7140 +- -1.00 (1)
0.6319 +- -1.00 (1)
0.5956 +- -1.00 (1)
0.5556 +- -1.00 (1)
0.5790 +- -1.00 (1)
0.5973 +- -1.00 (1)
0.7767 +- -1.00 (1)
0.5735 +- -1.00 (1)
0.6317 +- -1.00 (1)
0.7427 +- -1.00 (1)
0.5869 +- -1.00 (1)
0.7344 +- -1.00 (1)
0.6820 +- -1.00 (1)
0.5531 +- -1.00 (1)
0.7176 +- -1.00 (1)
0.6528 +- -1.00 (1)
