0.0844 0.083 0.1595612 1
0.0375 0.0369 0.07208965 1
0.2114 0.2067 0.37382072 1
0.1801 0.1734 0.32162316 1
0.0771 0.0751 0.14556099 1
0.1799 0.1749 0.32268929 1
0.1478 0.1439 0.26972228 1
0.0863 0.0836 0.16185422 1
0.0777 0.0677 0.13928411 1
0.2242 0.2232 0.39680496 1
0.2355 0.2296 0.4104933 1
0.0652 0.059 0.1194764 1
0.0273 0.0259 0.05154513 1
0.0325 0.0313 0.06184555 1
0.0812 0.0771 0.15119678 1
0.165 0.1639 0.3011844 1
0.0777 0.0751 0.14611653 1
0.0543 0.0524 0.10296038 1
0.0398 0.0384 0.07574888 1
0.0508 0.0502 0.09754984 1
0.1278 0.123 0.2343304 1
0.0897 0.0824 0.16387982 1
0.3457 0.3447 0.57092661 1
0.1472 0.1414 0.26707352 1
0.0494 0.0482 0.09431552 1
0.1108 0.1093 0.20720866 1
0.1373 0.1351 0.25312217 1
0.0844 0.0833 0.15983618 1
0.1211 0.121 0.226688 1
0.0811 0.0804 0.15414006 1
0.0889 0.0873 0.16761423 1
0.0508 0.0436 0.09127852 1
0.0171 0.0171 0.03294079 1
0.0357 0.0352 0.06871326 1
0.0524 0.052 0.1007786 1
0.0684 0.0674 0.13032464 1
0.049 0.0431 0.0890792 1
0.2212 0.2141 0.38737538 1
0.0916 0.0906 0.17308224 1
0.057 0.0551 0.1080704 1
0.0551 0.041 0.092936 1
0.1506 0.1505 0.2777348 1
0.1342 0.126 0.24255 1
0.1379 0.1348 0.25338278 1
0.0514 0.051 0.09888 1
0.0462 0.0429 0.08620612 1
0.076 0.0724 0.142045 1
0.1155 0.1121 0.21387905 1
0.0603 0.0598 0.11561316 1
0.0158 0.0138 0.02841056 1
0.061 0.0568 0.113452 1
0.1037 0.101 0.19343 1
0.0325 0.0321 0.06262035 1
0.2137 0.2123 0.38005649 1
0.2662 0.2642 0.45959936 1
0.067 0.0638 0.1256552 1
0.0771 0.0754 0.14583816 1
0.0778 0.0668 0.13854656 1
0.0283 0.0252 0.05183934 1
0.0376 0.0336 0.06900684 1
0.1497 0.1439 0.27135077 1
0.063 0.0598 0.1181544 1
0.109 0.0998 0.1971296 1
0.1008 0.0994 0.18937968 1
0.0885 0.0867 0.16670125 1
0.0767 0.076 0.1460225 1
0.0829 0.0812 0.15653162 1
0.0218 0.02 0.0404048 1
0.0719 0.069 0.1350788 1
0.0772 0.0761 0.14657738 1
0.1785 0.1721 0.31922975 1
0.1354 0.126 0.2436 1
0.08 0.0742 0.1474172 1
0.1441 0.1416 0.26458014 1
0.1788 0.1775 0.3239183 1
0.0369 0.0365 0.07112555 1
0.0829 0.0779 0.15350189 1
0.0741 0.071 0.138983 1
0.0429 0.0387 0.07902037 1
0.0512 0.0506 0.09831008 1
0.0479 0.0376 0.08278346 1
0.0976 0.0949 0.18242926 1
0.0551 0.0465 0.09813845 1
0.0821 0.0751 0.15019049 1
0.0324 0.0322 0.06262032 1
0.0686 0.0678 0.13088432 1
0.056 0.0538 0.105896 1
0.0837 0.081 0.157084 1
0.3597 0.3524 0.58505282 1
0.0617 0.0583 0.11552189 1
0.0585 0.0542 0.108641 1
0.1275 0.1177 0.22943745 1
0.0679 0.0672 0.12967122 1
0.097 0.0896 0.1770944 1
0.1348 0.1312 0.24757924 1
0.0232 0.0219 0.04363602 1
0.0661 0.0626 0.12368984 1
0.0439 0.038 0.0793127 1
0.0233 0.0216 0.04344062 1
0.0936 0.0908 0.17508452 1
0.0533 0.0366 0.08711456 2
0.0658 0.0098 0.07466002 3
0.0762 0.0651 0.13553156 4
0.0826 0.0363 0.11501952 1
0.0497 0.0362 0.08321942 7
0.0464 0.0394 0.08307804 3
0.0479 0.0045 0.05123585 1
0.0234 0.0122 0.03436384 2
0.0524 0.0298 0.07987208 3
0.0658 0.0206 0.08413287 3
0.0709 0.0359 0.1034849 3
0.0539 0.0251 0.07691338 4
0.0411 0.0122 0.05191815 3
0.0452 0.0125 0.0563033 2
0.0289 0.0255 0.05271645 1
0.038 0.0297 0.06565952 2
0.034 0.006 0.03891153 4
0.0894 0.0278 0.11419553 2
0.0617 0.0059 0.06630257 1
0.0569 0.0057 0.06136795 2
0.0605 0.014 0.07341038 3
0.0381 0.0287 0.06480481 4
0.0448 0.0348 0.07715406 3
0.0583 0.011 0.06781264 3
0.0438 0.0386 0.07979644 2
0.0548 0.0286 0.08093697 2
0.0689 0.0565 0.12063255 3
0.0378 0.0183 0.05456764 5
0.0415 0.0199 0.05963734 2
0.0213 0.0174 0.03737656 9
0.0432 0.034 0.0748074 1
0.0241 0.0204 0.04307676 4
0.0255 0.016 0.04013836 3
0.0609 0.0222 0.08083012 1
0.068 0.0138 0.08014427 5
0.0586 0.0199 0.07645686 4
0.0435 0.0409 0.08171085 2
0.0893 0.0639 0.14672698 4
0.0414 0.0127 0.05262732 1
0.0324 0.0163 0.04721958 1
0.0608 0.0165 0.07560747 4
0.037 0.0261 0.06133472 7
0.0414 0.0215 0.0610718 1
0.0975 0.059 0.15000518 5
0.0384 0.0107 0.04788982 5
0.0704 0.0376 0.10453184 4
0.0347 0.0098 0.04320432 2
0.0358 0.0046 0.0394775 3
0.0507 0.0196 0.06839818 2
0.0335 0.0107 0.04288475 1
0.0308 0.0076 0.03723905 4
0.0452 0.0262 0.06932126 2
0.0795 0.0816 0.1537768 2
0.0464 0.0348 0.07877979 3
0.0743 0.0101 0.08273729 2
0.0318 0.0106 0.04110834 7
0.0467 0.0051 0.05070303 2
0.0902 0.0016 0.09075887 2
0.0273 0.0172 0.04307394 1
0.0414 0.0221 0.06170388 2
0.0382 0.0149 0.05166859 3
0.0472 0.0117 0.05762714 5
0.062 0.0321 0.091469 6
0.0525 0.0214 0.07192588 4
0.0218 0.0033 0.02405216 1
0.0264 0.0209 0.04579454 1
0.0339 0.0311 0.06304937 4
0.0329 0.0328 0.06368558 1
0.062 0.0311 0.09027949 3
0.0784 0.0092 0.0864972 3
0.0479 0.0421 0.08707241 1
0.067 0.0238 0.0882952 1
0.0777 0.0549 0.12748425 6
0.0451 0.0301 0.07291957 2
0.049 0.0256 0.0727473 8
0.0328 0.0091 0.04073281 6
0.0232 0.0181 0.03992038 1
0.0426 0.0255 0.06615645 2
0.0528 0.0094 0.06118041 8
0.0495 0.0127 0.06063255 1
0.0612 0.0496 0.10689829 3
0.0281 0.0195 0.04612699 4
0.0417 0.0069 0.0476668 6
0.0595 0.0443 0.10034804 2
0.0199 0.0087 0.02745811 2
0.0425 0.0254 0.06589556 2
0.0672 0.0312 0.09560743 4
0.0489 0.0271 0.07399924 6
0.0935 0.0691 0.15555481 6
0.0668 0.0109 0.07641895 2
0.062 0.0085 0.06926282 2
0.0539 0.0434 0.09405704 1
0.0419 0.0211 0.06160496 3
0.0368 0.0014 0.03720024 2
0.0397 0.0143 0.05257853 2
0.0328 0.0282 0.05915157 2
0.0605 0.0105 0.0695375 3
0.0305 0.0312 0.05983118 2
0.0563 0.0332 0.08687173 3
0.0362 0.0138 0.04868015 7
0.0425 0.0274 0.06784209 4
0.0447 0.0234 0.06629395 6
0.0455 0.0239 0.06738113 2
0.052 0.0186 0.0687225 5
0.0421 0.0048 0.04585221 4
0.0345 0.0176 0.05054487 2
0.0501 0.015 0.06341434 2
0.0748 0.0158 0.08873837 4
0.0425 0.029 0.06934752 3
0.0357 0.0059 0.04043867 2
0.0396 0.0164 0.05446062 4
0.0408 0.0087 0.04821882 3
0.0403 0.0106 0.04953865 6
0.0394 0.0214 0.05924198 3
0.0479 0.0036 0.05105855 3
0.0415 0.0146 0.05456448 3
0.0388 0.0138 0.05116746 2
0.0702 0.0208 0.08888886 6
0.0546 0.0231 0.07551544 1
0.0529 0.0185 0.06949175 1
0.0564 0.0201 0.07447657 4
0.0529 0.0106 0.0620405 2
0.0863 0.0204 0.10404518 1
0.0665 0.0122 0.076994 2
0.0465 0.0097 0.05483035 4
0.0467 0.0215 0.06626315 1
0.0462 0.0338 0.07751744 1
0.0587 0.0136 0.07057564 2
0.0275 0.0058 0.0321728 1
0.0259 0.0109 0.03561968 6
0.0376 0.0086 0.04492961 3
0.0346 0.0085 0.04200607 8
0.0569 0.0063 0.06190373 1
0.0553 0.0084 0.06230234 2
0.0884 0.0016 0.08894756 1
0.0444 0.032 0.07413678 3
0.0488 0.0255 0.0721289 1
0.049 0.0074 0.05543771 6
0.0487 0.004 0.0515569 1
0.0395 0.0331 0.07052328 5
0.0543 0.0242 0.07650616 3
0.0479 0.0087 0.05544352 7
0.0504 0.0342 0.08199561 3
0.0707 0.0164 0.08511016 4
0.0352 0.017 0.0506567 2
0.0425 0.0103 0.05189949 5
0.0315 0.0248 0.05461799 3
0.0387 0.0014 0.03908814 2
0.0417 0.013 0.0532611 2
0.0373 0.0058 0.04195784 6
0.0309 0.0183 0.04769002 3
0.0435 0.0272 0.06865761 4
0.0664 0.024 0.0879324 2
0.0518 0.0145 0.0646142 1
0.0536 0.016 0.06808737 6
0.0384 0.0169 0.05370534 1
0.047 0.0013 0.0472862 1
0.0475 0.0215 0.06726437 7
0.0283 0.0052 0.03239682 3
0.0374 0.0193 0.05510551 6
0.0486 0.0202 0.06709493 3
0.0383 0.0197 0.05633949 3
0.0544 0.0274 0.07939024 1
0.0479 0.0239 0.06973889 2
0.0496 0.0111 0.05930572 4
0.0387 0.0097 0.04707201 1
0.0313 0.0195 0.04930384 7
0.0504 0.0278 0.07587608 1
0.0763 0.0169 0.09104183 3
0.061 0.0185 0.07772714 8
0.0365 0.0244 0.05911091 3
0.0808 0.0202 0.09937547 9
0.0499 0.0339 0.08124263 4
0.0751 0.023 0.09554059 4
0.0614 0.0021 0.0624401 3
0.0277 0.0102 0.03668588 6
0.042 0.0039 0.04478334 2
0.0523 0.0126 0.0633508 2
0.0426 0.0073 0.0486547 3
0.0353 0.0075 0.04189014 5
0.0594 0.0117 0.06947512 1
0.0679 0.0138 0.07995475 4
0.0428 0.0142 0.05546334 2
0.0709 0.009 0.07860769 7
0.0384 0.0171 0.05393323 4
0.0504 0.0046 0.05384984 4
0.0532 0.0282 0.07898016 1
0.0538 0.0209 0.07275146 4
0.0801 0.038 0.11454768 6
0.0572 0.0163 0.0719718 6
0.0699 0.0185 0.08624962 4
0.0466 0.0284 0.07286069 3
0.0454 0.0261 0.06942538 3
0.077 0.0014 0.0773696 1
0.0426 0.024 0.06481842 8
0.0455 0.005 0.049322 1
0.0289 0.0041 0.03207515 7
0.039 0.0016 0.03984428 7
0.0459 0.0165 0.06087572 4
0.0487 0.0159 0.06289167 2
0.0452 0.0138 0.05751082 7
0.0323 0.0158 0.04671446 2
0.0462 0.0134 0.05805516 4
0.0496 0.0107 0.05883951 3
0.036 0.0218 0.05624084 7
0.0412 0.0205 0.05991766 2
0.0665 0.0061 0.07129144 4
0.0592 0.0038 0.0618491 2
0.0481 0.0101 0.0568832 6
0.0398 0.0198 0.05787136 2
0.0451 0.0196 0.06290144 5
0.0507 0.0214 0.07018572 6
0.0344 0.0124 0.04542248 5
0.0371 0.0191 0.05459339 3
0.0341 0.0135 0.04627252 6
0.0343 0.0062 0.03934089 3
0.0818 0.0234 0.102443 2
0.071 0.0054 0.07517717 5
0.0371 0.0194 0.05483576 1
0.058 0.0102 0.06670609 7
0.0507 0.0145 0.06362772 5
0.117 0.0014 0.1173536 1
0.0599 0.0211 0.07890253 6
0.0582 0.0066 0.06347968 1
0.0502 0.0039 0.05309936 5
0.0591 0.0149 0.07236647 6
0.052 0.017 0.06726145 8
0.0644 0.0053 0.06843806 2
0.0461 0.0142 0.05871112 3
0.0829 0.0013 0.08337738 6
0.0739 0.0059 0.07845179 2
0.0451 0.0131 0.05668379 2
0.0606 0.0117 0.07079578 3
0.0569 0.008 0.0635087 1
0.0307 0.015 0.04451398 8
0.0649 0.0066 0.07015588 2
0.0553 0.0073 0.061399 5
0.0619 0.0211 0.08086451 3
0.0234 0.0128 0.03493606 2
0.0465 0.0148 0.05971427 4
0.0401 0.0117 0.050432 4
0.0584 0.0163 0.07284762 2
0.0839 0.0149 0.09667598 4
0.0625 0.0134 0.07421836 5
0.044 0.011 0.05360333 3
0.0429 0.0179 0.05927616 4
0.0906 0.0015 0.09106046 2
0.0427 0.0089 0.05027057 1
0.044 0.0104 0.05319925 7
0.0535 0.01 0.0620275 1
0.0355 0.0096 0.0438033 1
0.0484 0.016 0.06274039 7
0.0341 0.0127 0.04543759 3
0.0534 0.0123 0.06414326 4
0.0508 0.0157 0.06481083 5
0.0406 0.0118 0.05097232 1
0.0407 0.0053 0.04496601 7
0.0478 0.0136 0.0600921 5
0.0421 0.0016 0.04268138 2
0.0649 0.0066 0.07015168 2
0.0749 0.0012 0.07508767 2
0.059 0.0179 0.0749958 6
0.0494 0.0078 0.0559459 2
0.0551 0.0311 0.08357159 1
0.0381 0.013 0.0496548 1
0.0462 0.0255 0.06962714 4
0.0354 0.0108 0.04498043 8
0.0434 0.0183 0.05997809 2
0.0803 0.0044 0.08352564 4
0.0591 0.0087 0.06658413 10
0.0844 0.003 0.0862332 1
0.0804 0.0073 0.08620365 3
0.0443 0.029 0.07114026 4
0.0423 0.0206 0.06111053 6
0.0356 0.0116 0.04588737 8
0.0494 0.0187 0.06626268 4
0.0367 0.0069 0.04239909 4
0.064 0.0085 0.07107062 3
0.0561 0.0025 0.05751735 1
0.0632 0.013 0.07454719 8
0.0554 0.0209 0.07421744 1
0.049 0.0104 0.05802356 6
0.0462 0.0105 0.05529167 3
0.0714 0.0159 0.08548489 11
0.049 0.0138 0.06138994 7
0.0374 0.0078 0.04402741 5
0.0351 0.0138 0.04748204 5
0.0397 0.0187 0.05671501 1
0.0715 0.0183 0.08758035 1
0.0908 0.0078 0.09700112 3
0.0339 0.0163 0.04870765 3
0.0456 0.0031 0.04773486 3
0.0471 0.0225 0.06761995 2
0.0263 0.0038 0.02904797 5
0.0499 0.0229 0.07073358 4
0.0282 0.008 0.0350232 2
0.0529 0.0052 0.05688202 1
0.0566 0.0038 0.05924432 1
0.0418 0.0117 0.05206344 1
0.0816 0.0017 0.08233555 3
0.0553 0.0102 0.06401208 3
0.0454 0.0149 0.058769 8
0.0563 0.0063 0.06132519 3
0.041 0.0172 0.05655942 3
0.0385 0.0232 0.05991225 5
0.0487 0.0046 0.05215061 6
0.0584 0.0128 0.0695629 4
0.0529 0.0204 0.07132818 4
0.0527 0.0147 0.06569455 3
0.0423 0.0187 0.05929456 6
0.0457 0.0223 0.06606004 4
0.0608 0.0224 0.08094092 3
0.0289 0.0199 0.04727413 3
0.0532 0.0136 0.06514272 2
0.0323 0.0078 0.03894435 4
0.0494 0.0066 0.05474988 4
0.0817 0.0115 0.09136882 2
0.0867 0.0017 0.08734001 1
0.0418 0.0123 0.05264202 2
0.0514 0.0046 0.05487658 5
0.0485 0.0104 0.05755858 5
0.0456 0.0206 0.06434303 6
0.0606 0.0159 0.07461196 1
0.056 0.0015 0.05648883 4
0.066 0.0078 0.0723765 2
0.0418 0.0255 0.06530945 4
0.0939 0.0085 0.10070463 4
0.0442 0.0127 0.05540433 5
0.0788 0.0013 0.0790957 2
0.0473 0.0166 0.06219156 3
0.049 0.0188 0.06611944 7
0.0449 0.0098 0.0534877 10
0.0611 0.0133 0.07269221 3
0.0501 0.0228 0.07087314 2
0.0697 0.0127 0.08059841 2
0.046 0.0195 0.06367179 2
0.046 0.0151 0.05948243 4
0.0635 0.0113 0.07319841 5
0.0688 0.0055 0.0729949 1
0.0632 0.0081 0.06986174 2
0.0685 0.01 0.07730328 7
0.0536 0.0079 0.0601389 2
0.064 0.009 0.07174037 6
0.0486 0.0185 0.0653255 7
0.0437 0.0138 0.05607266 8
0.0525 0.0202 0.07075394 10
0.0785 0.0015 0.07896125 1
0.0539 0.0062 0.05883913 3
0.0441 0.0086 0.05138805 4
0.0509 0.0124 0.06174038 4
0.0386 0.0159 0.05296778 5
0.0463 0.0177 0.06227864 6
0.0476 0.0207 0.06643175 5
0.053 0.0202 0.07122941 8
0.0652 0.0106 0.07425613 5
0.0696 0.0037 0.07213545 2
0.0575 0.0041 0.06075401 5
0.0744 0.0083 0.08118986 4
0.0427 0.0096 0.050979 3
0.0591 0.0163 0.07356918 8
0.0431 0.0109 0.05284334 11
0.0695 0.0134 0.08107504 4
0.0591 0.0033 0.06127383 5
0.0617 0.0103 0.0704363 2
0.0429 0.014 0.05542365 6
0.0597 0.0151 0.07297233 1
0.0555 0.0037 0.05805285 1
0.0731 0.0165 0.08750577 4
0.0442 0.0061 0.04910644 3
0.0584 0.0087 0.06570982 6
0.0506 0.01 0.05916303 3
0.0683 0.0084 0.07520216 2
0.0583 0.0141 0.07065974 4
0.0739 0.0043 0.07722261 3
0.0647 0.0121 0.07511586 4
0.0505 0.0118 0.06081159 8
0.0756 0.0086 0.08265012 3
0.0696 0.0022 0.07071768 1
0.0369 0.0043 0.04010517 6
0.0498 0.0021 0.0509145 5
0.0729 0.0098 0.08109203 5
0.048 0.0149 0.06125548 5
0.0527 0.0127 0.06385031 8
0.0643 0.0117 0.07450776 3
0.0521 0.0017 0.05276423 1
0.045 0.0061 0.04989162 4
0.0588 0.0098 0.06709856 2
0.0547 0.0087 0.06198651 1
0.0607 0.0151 0.07414694 6
0.069 0.0108 0.0781353 2
0.0384 0.0208 0.05747819 9
0.1035 0.0127 0.11404255 2
0.0573 0.0037 0.06000705 3
0.0457 0.0105 0.0547955 8
0.0427 0.0128 0.05403019 5
0.0662 0.0087 0.07358316 14
0.0645 0.0199 0.08220065 2
0.0708 0.0013 0.07107906 1
0.045 0.0155 0.05889874 3
0.0457 0.0145 0.058681 7
0.0471 0.0146 0.06032161 7
0.0573 0.0033 0.05950552 6
0.0497 0.0213 0.06901334 2
0.0522 0.0261 0.07601956 2
0.0783 0.0037 0.08079789 2
0.0461 0.0112 0.05585409 4
0.0475 0.0188 0.06449022 4
0.0537 0.0259 0.07729429 4
0.0414 0.0136 0.05349096 1
0.0472 0.0177 0.06312846 1
0.0582 0.0107 0.06738542 4
0.0627 0.0099 0.07108499 5
0.0532 0.0051 0.05708598 1
0.0682 0.0086 0.0752918 2
0.0662 0.0015 0.06668002 3
0.0419 0.0117 0.05218006 4
0.0567 0.0293 0.08353484 2
0.0743 0.0182 0.09025096 5
0.0662 0.0057 0.070607 2
0.0592 0.0013 0.05948254 1
0.0575 0.0063 0.06251255 2
0.0586 0.0227 0.07905008 1
0.0726 0.0069 0.07811026 5
0.0792 0.0111 0.08857549 4
0.0527 0.0103 0.06152586 2
0.0564 0.019 0.0734028 1
0.0784 0.0142 0.09067906 5
0.073 0.008 0.07955096 3
0.0346 0.0077 0.04107968 2
0.0645 0.0159 0.07845496 2
0.0631 0.0165 0.07766063 4
0.0563 0.0019 0.05716909 3
0.0603 0.009 0.06783917 4
0.0504 0.0205 0.06900304 7
0.0587 0.0168 0.07359444 5
0.0665 0.008 0.0730415 1
0.0571 0.0164 0.07167318 4
0.0701 0.015 0.08338802 5
0.0562 0.0015 0.0566724 1
0.0525 0.0063 0.05756741 4
0.0813 0.0011 0.08139582 5
0.0617 0.0155 0.07531985 1
0.0629 0.013 0.07429274 5
0.0478 0.0205 0.06647302 5
0.0436 0.0101 0.052338 3
0.0431 0.0142 0.05579726 6
0.0696 0.0034 0.0718463 5
0.0614 0.0055 0.06564569 3
0.0508 0.0214 0.07025188 2
0.0455 0.0143 0.05821311 2
0.0399 0.0192 0.05743845 9
0.0753 0.0077 0.08157446 7
0.0698 0.0021 0.07082432 1
0.0526 0.0143 0.06530675 5
0.0692 0.01 0.07758908 2
0.0784 0.0022 0.07951793 3
0.1104 0.0045 0.11354035 3
0.0485 0.0096 0.0566933 2
0.0366 0.0077 0.0430685 3
0.062 0.0089 0.06942491 3
0.0474 0.0124 0.05831065 7
0.0615 0.0062 0.06638996 2
0.0594 0.0036 0.06191287 6
0.0727 0.0064 0.07774829 3
0.0696 0.0018 0.07034836 3
0.057 0.0073 0.0629472 1
0.0604 0.0044 0.06361496 5
0.114 0.01 0.121983 1
0.0604 0.0125 0.07122158 6
0.0659 0.0054 0.07007013 3
0.0571 0.0019 0.05795119 2
0.0529 0.0101 0.06152771 1
0.0518 0.0148 0.06492158 3
0.0475 0.0327 0.07778132 3
0.0563 0.0046 0.05972676 3
0.0604 0.0126 0.07138632 3
0.0454 0.0143 0.05812246 4
0.0624 0.007 0.06803296 2
0.0453 0.012 0.05589188 3
0.0509 0.0076 0.05717658 2
0.0515 0.0167 0.06640715 1
0.0546 0.0014 0.05499909 7
0.0505 0.0111 0.06023156 10
0.0633 0.0125 0.07414995 2
0.0755 0.0046 0.0788318 1
0.0482 0.0138 0.06043974 5
0.0507 0.0103 0.05954703 2
0.0599 0.0044 0.06310676 7
0.0661 0.0095 0.07422158 5
0.087 0.0116 0.0967477 5
0.0766 0.0021 0.0776219 2
0.047 0.0025 0.0485304 2
0.0784 0.0017 0.07915934 3
0.0704 0.0019 0.07124904 3
0.061 0.0081 0.06783125 8
0.0367 0.0027 0.03872683 4
0.0584 0.0196 0.07595182 5
0.0521 0.0052 0.05608538 1
0.0464 0.0137 0.0585512 4
0.0406 0.0101 0.04933964 1
0.0781 0.0171 0.09295869 1
0.104 0.0027 0.1055784 4
0.0561 0.0185 0.07265485 3
0.0747 0.0033 0.07683709 2
0.0467 0.0128 0.05802708 6
0.054 0.0159 0.06815636 8
0.0746 0.0103 0.08323216 2
0.0555 0.017 0.07066093 5
0.0563 0.0086 0.06349328 7
0.0605 0.0079 0.06698945 1
0.0779 0.0057 0.08224529 2
0.0723 0.0014 0.07268258 2
0.0532 0.0046 0.05661432 2
0.0404 0.0102 0.04924078 3
0.0483 0.0183 0.06481687 5
0.0718 0.0014 0.07217168 1
0.0943 0.0097 0.10219459 2
0.0592 0.0196 0.07673783 8
0.0569 0.0045 0.06020435 1
0.046 0.0147 0.05911768 6
0.0593 0.0115 0.06925761 7
0.0671 0.0115 0.07691075 5
0.055 0.0086 0.06222104 3
0.0564 0.0283 0.08228733 9
0.0534 0.0069 0.05904885 4
0.0528 0.0104 0.06171543 5
0.0593 0.0054 0.06366167 6
0.0738 0.0138 0.08566836 2
0.129 0.0035 0.13118 1
0.0674 0.0118 0.0774984 3
0.0697 0.0025 0.07109695 1
0.0647 0.0015 0.06516815 1
0.0725 0.0011 0.07259285 1
0.0629 0.0089 0.07035597 7
0.056 0.0237 0.07747764 5
0.0489 0.0185 0.06573483 3
0.0857 0.005 0.08946165 7
0.0742 0.0137 0.08602838 5
0.0644 0.0055 0.0686147 1
0.0624 0.0148 0.0755414 5
0.0686 0.0126 0.07954989 3
0.0752 0.003 0.0770516 1
0.0725 0.0118 0.08264728 3
0.0769 0.0158 0.0905853 3
0.0743 0.0031 0.07624607 1
0.0668 0.0053 0.07107063 5
0.0746 0.0043 0.07765712 1
0.054 0.0106 0.06309181 3
0.0538 0.0073 0.05987247 5
0.0481 0.0172 0.06360675 6
0.0578 0.0052 0.06177155 3
0.066 0.0052 0.06993117 3
0.053 0.0049 0.05669735 2
0.0827 0.0032 0.08472026 1
0.0619 0.0093 0.06969493 2
0.1236 0.0053 0.1273955 3
0.0656 0.0089 0.07301074 2
0.05 0.0048 0.0536138 1
0.0371 0.0152 0.05082484 4
0.0746 0.0047 0.07803258 2
0.05 0.014 0.06238744 3
0.0779 0.0033 0.0800437 3
0.0674 0.0134 0.07902052 5
0.0645 0.0154 0.07805326 4
0.0457 0.005 0.04955571 6
0.0731 0.0042 0.07608562 6
0.0549 0.0146 0.06784502 3
0.0611 0.0077 0.06740021 2
0.0639 0.0158 0.07776908 1
0.0745 0.0029 0.07626683 2
0.0808 0.0049 0.08439568 3
0.0801 0.0096 0.08801974 1
0.0922 0.0014 0.09256352 1
0.0769 0.0053 0.08087795 2
0.1064 0.002 0.10731341 3
0.0594 0.0186 0.07597808 3
0.0633 0.0032 0.06539084 5
0.0675 0.0036 0.06994067 3
0.0517 0.0033 0.05393277 7
0.0532 0.009 0.06078672 2
0.0536 0.0208 0.07243435 5
0.0918 0.0021 0.09280202 2
0.0596 0.0092 0.06733718 6
0.1015 0.0148 0.1139239 2
0.0638 0.0044 0.06698996 6
0.0535 0.0093 0.06136425 1
0.0547 0.0112 0.06445077 5
0.0491 0.0042 0.05216441 2
0.0786 0.0109 0.08775012 2
0.0408 0.0173 0.05657644 5
0.074 0.0064 0.07906168 2
0.106 0.0012 0.10630167 2
0.0508 0.0039 0.05362391 3
0.0745 0.0033 0.07663148 2
0.0533 0.0224 0.07365401 8
0.0571 0.0117 0.06725297 5
0.0884 0.0044 0.09150284 1
0.0608 0.0045 0.0640907 1
0.1102 0.006 0.11478819 2
0.0532 0.0124 0.06406554 8
0.0752 0.0144 0.08761196 2
0.0573 0.0103 0.06615579 3
0.0962 0.0074 0.1019966 3
0.1045 0.0037 0.10693031 2
0.0614 0.0192 0.07854009 4
0.063 0.0157 0.0767886 1
0.0782 0.0105 0.08696844 2
0.072 0.0089 0.07936592 5
0.0737 0.0049 0.07732374 4
0.054 0.0112 0.06370077 4
0.0531 0.0191 0.07029657 5
0.0837 0.0091 0.09114189 2
0.0629 0.0155 0.07650707 4
0.0551 0.0139 0.06731603 2
0.0999 0.0065 0.10485605 1
0.0668 0.0162 0.08106054 7
0.0901 0.0087 0.09721261 3
0.1027 0.0173 0.11739784 4
0.0628 0.0113 0.07247921 6
0.0901 0.0059 0.09456384 2
0.1087 0.0087 0.11558244 2
0.0678 0.0117 0.07778849 2
0.0786 0.0064 0.08371221 3
0.1036 0.0149 0.11607562 2
0.0737 0.0066 0.07890333 3
0.0532 0.0263 0.0771834 5
0.0528 0.0209 0.07167707 3
0.0678 0.0101 0.07629751 4
0.0561 0.008 0.0627143 1
0.062 0.0185 0.07845157 4
0.0579 0.0126 0.06886357 3
0.0595 0.0085 0.06657231 4
0.0726 0.0143 0.08494988 2
0.0641 0.0065 0.0693288 4
0.0562 0.0102 0.06493756 7
0.0842 0.0146 0.09669106 4
0.0976 0.003 0.09941274 3
0.0701 0.0226 0.09026934 7
0.0742 0.0017 0.07484876 1
0.0815 0.0042 0.08451012 5
0.0555 0.0057 0.05999707 4
0.0693 0.0128 0.08029406 1
0.0962 0.0015 0.0966524 1
0.061 0.0137 0.07297186 3
0.0622 0.01 0.0706604 6
0.074 0.0129 0.08509486 5
0.1032 0.0052 0.10700522 3
0.0711 0.01 0.07947747 2
0.0789 0.011 0.08822608 2
0.0627 0.013 0.07396788 2
0.085 0.0051 0.0887556 1
0.083 0.0132 0.09420422 3
0.0773 0.0058 0.08174486 6
0.0904 0.0071 0.09595466 1
0.0883 0.005 0.09196422 3
0.0796 0.0017 0.08026502 4
0.0987 0.0094 0.10628712 2
0.0676 0.0143 0.08007059 4
0.073 0.0103 0.08164644 3
0.067 0.0173 0.08229114 5
0.0908 0.0047 0.09419078 2
0.0691 0.0119 0.07930567 7
0.0907 0.0048 0.09417282 2
0.0677 0.0115 0.07751575 3
0.067 0.0069 0.07251069 2
0.085 0.0048 0.08848464 2
0.0831 0.0085 0.08999103 5
0.0928 0.0049 0.09634751 3
0.0599 0.0162 0.07423929 4
0.0647 0.0034 0.0669522 3
0.0895 0.0054 0.09356364 6
0.0714 0.0117 0.08138318 5
0.0498 0.019 0.06696425 5
0.0681 0.0103 0.07677797 2
0.1099 0.0061 0.11448001 3
0.0672 0.0211 0.08599352 3
0.0628 0.0121 0.07322926 5
0.0725 0.0075 0.07853804 4
0.0748 0.0037 0.07731905 5
0.0822 0.0117 0.09203116 1
0.0652 0.0137 0.07712281 4
0.1068 0.0055 0.11085681 3
0.0579 0.0072 0.06401227 4
0.068 0.0114 0.07772113 3
0.0951 0.0026 0.09659737 3
0.0411 0.0084 0.04821616 5
0.0619 0.0085 0.06896249 7
0.0583 0.0107 0.06745024 3
0.0827 0.0053 0.08670639 3
0.0706 0.0123 0.0811892 6
0.0694 0.0108 0.07861212 5
0.0545 0.0174 0.07004685 3
0.0807 0.0061 0.08540213 3
0.0915 0.003 0.09334222 3
0.0548 0.0093 0.06266594 4
0.0737 0.0043 0.07676905 2
0.0628 0.0098 0.07110282 7
0.0676 0.0095 0.07553402 2
0.1133 0.0079 0.11942659 2
0.0664 0.0141 0.07865918 4
0.0653 0.0156 0.07900923 5
0.0681 0.0042 0.07108753 3
0.0651 0.0106 0.07412509 8
0.077 0.018 0.09277846 7
0.0658 0.0099 0.07416782 5
0.0705 0.0075 0.0765694 7
0.0568 0.0164 0.07134591 3
0.0749 0.0057 0.07928681 3
0.0561 0.0175 0.07169621 6
0.0723 0.0055 0.07649309 5
0.0813 0.0126 0.0919782 3
0.0472 0.0166 0.06207928 1
0.0738 0.0036 0.07621072 1
0.0716 0.0067 0.07690396 3
0.0694 0.0152 0.08269783 5
0.0567 0.0014 0.0571856 7
0.0604 0.0014 0.06090745 4
0.056 0.0282 0.08178773 4
0.06 0.0021 0.06119665 8
0.0652 0.005 0.06903151 8
0.0645 0.0056 0.06883573 6
0.081 0.0134 0.09240989 3
0.0636 0.0122 0.0740994 2
0.0656 0.0063 0.07056077 2
0.0683 0.0159 0.08231297 6
0.0749 0.0034 0.0771574 4
0.0582 0.0069 0.06376283 3
0.0675 0.0081 0.07415989 5
0.0794 0.0054 0.08367531 11
0.0583 0.0076 0.0645432 3
0.066 0.0192 0.0830181 2
0.0893 0.0073 0.09505311 3
0.067 0.0095 0.07496185 7
0.0587 0.0042 0.06194219 9
0.0612 0.0071 0.06695423 7
0.0568 0.0071 0.06258393 3
0.0685 0.0016 0.06912629 8
0.0723 0.0075 0.07833655 1
0.082 0.0058 0.08641743 3
0.0668 0.0077 0.07317218 7
0.0627 0.004 0.06554388 3
0.0717 0.0146 0.08433956 2
0.054 0.0035 0.05638309 5
0.0598 0.0146 0.07263969 6
0.0674 0.0094 0.07528537 5
0.0653 0.0022 0.06644319 3
0.0785 0.0025 0.0799966 3
0.0608 0.0097 0.06899871 5
0.0713 0.0041 0.07420747 3
0.0635 0.0088 0.07092645 7
0.062 0.0017 0.06292594 8
0.0559 0.0143 0.06849626 4
0.0872 0.0047 0.09058376 2
0.0716 0.0081 0.07825775 8
0.0674 0.0013 0.06791876 6
0.0617 0.0091 0.06937383 7
0.0722 0.0023 0.07359691 6
0.0616 0.012 0.07194768 3
0.0602 0.0129 0.07140964 3
0.0793 0.0121 0.08956298 6
0.0595 0.0143 0.07205688 5
0.0724 0.0055 0.07662417 9
0.0598 0.0038 0.06243536 1
0.0752 0.0075 0.0812177 1
0.0649 0.0027 0.06660402 4
0.0769 0.0047 0.08032677 3
0.0722 0.0109 0.08141246 14
0.0609 0.0151 0.0741566 3
0.0557 0.0119 0.06600579 3
0.0745 0.0085 0.08147073 3
0.0574 0.0098 0.06577612 8
0.0761 0.0092 0.0836901 4
0.0798 0.0053 0.08376572 3
0.0674 0.0134 0.07898726 3
0.0775 0.0128 0.08850368 8
0.0613 0.0088 0.0686476 4
0.0645 0.0213 0.08353005 3
0.0564 0.0021 0.05771938 4
0.0662 0.0126 0.07704368 1
0.0642 0.0187 0.08083994 6
0.0614 0.0129 0.07262006 3
0.0653 0.0144 0.07784158 2
0.0765 0.0049 0.08010555 1
0.0767 0.0051 0.08050556 4
0.0669 0.0089 0.07433365 3
0.0686 0.0118 0.07867809 4
0.0568 0.0076 0.06303272 2
0.0649 0.0038 0.06763095 6
0.0632 0.0068 0.06867871 4
0.0719 0.0018 0.07272491 4
0.0648 0.0085 0.0718404 4
0.0606 0.0084 0.06755896 1
0.0625 0.0063 0.06761847 5
0.0528 0.0115 0.06275829 3
0.0747 0.002 0.07563087 4
0.0568 0.0089 0.06431462 2
0.0722 0.0123 0.08286663 12
0.0646 0.0096 0.07277476 5
0.0637 0.0027 0.06529341 1
0.0733 0.0105 0.0821394 3
0.0729 0.0193 0.08991614 8
0.0637 0.0058 0.06826518 7
0.0575 0.0231 0.07838324 4
0.0914 0.0101 0.09967828 3
0.0745 0.0054 0.07860567 5
0.0634 0.0161 0.07762381 6
0.0685 0.0146 0.08119802 6
0.0718 0.0123 0.08230372 4
0.0829 0.0104 0.09156496 3
0.0761 0.0055 0.08035931 12
0.0585 0.0129 0.06980083 5
0.071 0.0079 0.07744258 5
0.0715 0.0049 0.07512505 1
0.0668 0.008 0.07357245 7
0.0746 0.005 0.07834145 5
0.0665 0.0073 0.07254325 7
0.069 0.01 0.07745294 4
0.0519 0.0052 0.05598218 7
0.066 0.0163 0.08036186 7
0.0695 0.0058 0.0740125 9
0.0682 0.007 0.07396149 12
0.0759 0.0087 0.0830683 3
0.0649 0.0162 0.07921213 8
0.0639 0.0088 0.07129865 4
0.0774 0.0119 0.087482 4
0.0689 0.0178 0.08458512 2
0.0648 0.0068 0.07047862 6
0.0789 0.0019 0.07977599 6
0.0737 0.0046 0.07703828 1
0.0631 0.0148 0.07625422 9
0.07 0.0123 0.08052178 2
0.069 0.0067 0.0743125 2
0.0685 0.0096 0.07654745 7
0.0646 0.0057 0.06903546 4
0.0693 0.0037 0.07181559 1
0.0777 0.0082 0.08441109 7
0.0627 0.0041 0.06561622 4
0.071 0.0139 0.08308406 4
0.0936 0.0121 0.10369787 5
0.0716 0.0035 0.07394295 5
0.0801 0.0033 0.08234721 8
0.0601 0.0068 0.06571341 4
0.0616 0.0103 0.07041207 6
0.0765 0.0048 0.08002525 4
0.0706 0.0057 0.07501482 3
0.0728 0.0134 0.08439945 6
0.065 0.0068 0.07044725 6
0.073 0.0094 0.08082034 4
0.0703 0.0045 0.07360676 4
0.0642 0.0098 0.0724675 4
0.0609 0.0058 0.06541779 6
0.0944 0.0078 0.10058726 4
0.064 0.0093 0.0717771 1
0.0877 0.0095 0.09546595 2
0.0631 0.0048 0.06680117 7
0.0663 0.0026 0.06799303 4
0.0661 0.0097 0.07425954 3
0.0627 0.013 0.07401521 7
0.0739 0.0075 0.07994579 5
0.0672 0.0115 0.07705649 6
0.0559 0.022 0.07575934 4
0.0751 0.0075 0.08115041 5
0.0711 0.0058 0.07556352 1
0.0709 0.0097 0.0790227 4
0.0887 0.0036 0.09107815 4
0.0659 0.007 0.0715162 2
0.0753 0.0111 0.08470989 5
0.076 0.0046 0.07934755 4
0.0712 0.01 0.07966907 7
0.0733 0.0049 0.07697818 4
0.0693 0.0055 0.07352372 6
0.0793 0.0083 0.08609021 5
0.0615 0.0138 0.07352919 3
0.0792 0.0083 0.08594143 3
0.0721 0.0084 0.07903131 4
0.0596 0.0042 0.06271275 12
0.0628 0.0059 0.06740162 2
0.0821 0.0014 0.08246813 2
0.078 0.004 0.08078418 3
0.0625 0.0072 0.06853254 7
0.0782 0.002 0.07919709 6
0.0773 0.0111 0.08664562 4
0.0666 0.0038 0.06921632 1
0.1032 0.0048 0.10665696 7
0.0623 0.0115 0.0722162 3
0.0752 0.0107 0.08418972 3
0.0636 0.0118 0.07376743 3
0.0671 0.0182 0.08317787 4
0.0696 0.0069 0.07513953 5
0.065 0.0159 0.07895927 4
0.0799 0.0069 0.08539481 9
0.0594 0.0155 0.07305552 2
0.0708 0.0055 0.07500999 5
0.0848 0.0066 0.08993072 1
0.0779 0.0081 0.08446265 2
0.0781 0.0031 0.08018374 6
0.0718 0.0256 0.0946757 5
0.0866 0.008 0.09300542 2
0.0787 0.0133 0.09005643 5
0.0928 0.017 0.10734109 3
0.0757 0.0116 0.08554154 5
0.0635 0.0083 0.07037505 4
0.07 0.0116 0.07987796 3
0.0788 0.0063 0.08371403 6
0.0749 0.0129 0.08593835 4
0.078 0.0046 0.08133174 3
0.071 0.0158 0.084777 2
0.0768 0.0072 0.08253809 5
0.0759 0.0111 0.08532894 7
0.0787 0.0033 0.08089893 9
0.0738 0.0086 0.08095869 5
0.0742 0.0077 0.08041166 2
0.0833 0.0097 0.09131175 5
0.0671 0.0081 0.07374739 7
0.0737 0.0105 0.08253466 4
0.0617 0.008 0.06828388 5
0.0875 0.0126 0.09809839 6
0.0875 0.0069 0.09290838 5
0.0725 0.0092 0.08026474 11
0.0752 0.0077 0.08142951 5
0.0833 0.0073 0.08910119 4
0.1005 0.0087 0.10744448 3
0.0754 0.0139 0.08751055 10
0.0918 0.0102 0.10018646 6
0.0658 0.0083 0.07272934 6
0.0655 0.0067 0.07086026 6
0.0746 0.0109 0.08382168 8
0.0785 0.0019 0.07934778 4
0.0868 0.0074 0.09266435 5
0.0799 0.0089 0.0872065 7
0.0786 0.0049 0.0822355 3
0.0647 0.005 0.06867795 6
0.0866 0.007 0.09209288 3
0.0776 0.0072 0.08336255 4
0.0681 0.0084 0.07503594 6
0.0735 0.005 0.07738681 5
0.0694 0.0114 0.07913677 5
0.0628 0.0058 0.06733847 3
0.0995 0.0095 0.10717003 4
0.073 0.007 0.07857724 4
0.0811 0.0053 0.08508123 6
0.0685 0.0155 0.08206514 7
0.069 0.0091 0.07666016 7
0.079 0.0156 0.09246222 3
0.0636 0.0095 0.07160733 6
0.0699 0.0058 0.07450565 9
0.0758 0.0114 0.08542648 2
0.0586 0.0083 0.06548827 2
0.0796 0.0088 0.0867931 3
0.0846 0.0046 0.08790172 3
0.0639 0.0079 0.07038936 4
0.0797 0.0034 0.08230354 6
0.0606 0.0087 0.06784108 1
0.0711 0.0113 0.08068493 3
0.0703 0.0093 0.07802481 1
0.0755 0.0049 0.07910945 1
0.0656 0.0038 0.06822703 3
0.0772 0.007 0.08278038 5
0.0673 0.009 0.07487862 8
0.0674 0.0154 0.08084384 1
0.0783 0.005 0.08204262 7
0.0683 0.0055 0.07251495 3
0.0712 0.0099 0.07947522 1
0.0739 0.0096 0.08187383 2
0.0764 0.004 0.07917967 3
0.0689 0.0041 0.0718269 6
0.0765 0.0047 0.07996578 7
0.0759 0.0121 0.08617099 2
0.0847 0.0121 0.09488189 7
0.0617 0.0146 0.0745315 4
0.0797 0.0075 0.08569385 5
0.0709 0.0074 0.07687646 3
0.0801 0.0045 0.0833629 2
0.0645 0.0137 0.07655002 11
0.0891 0.0072 0.09475866 7
0.0667 0.0056 0.07106558 7
0.09 0.0079 0.09631145 6
0.0644 0.0161 0.07857156 3
0.0922 0.0026 0.09365408 1
0.0659 0.0095 0.0738647 6
0.0758 0.012 0.08600714 8
0.0749 0.0096 0.08290487 4
0.101 0.0082 0.10750195 5
0.0666 0.0079 0.07314388 2
0.071 0.0032 0.07305789 4
0.0897 0.0015 0.09017596 3
0.0755 0.0144 0.0879017 1
0.0672 0.0097 0.07533567 2
0.0705 0.0103 0.07915365 1
0.0657 0.0038 0.06843025 3
0.0808 0.0038 0.08344151 7
0.0704 0.0041 0.07355507 10
0.0735 0.009 0.08093926 3
0.075 0.0061 0.0797226 1
0.0674 0.0044 0.07062725 8
0.076 0.0123 0.08647743 3
0.0893 0.0026 0.09081037 5
0.0892 0.0059 0.09366782 1
0.0875 0.0011 0.08762736 2
0.0855 0.0046 0.08879778 2
0.0696 0.0067 0.07505728 5
0.0569 0.0176 0.07264335 8
0.0963 0.0077 0.10236951 3
0.0663 0.0182 0.08238734 2
0.0682 0.0165 0.08278421 6
0.0755 0.0172 0.09050933 6
0.0647 0.0062 0.06969142 6
0.0834 0.004 0.08621762 9
0.0648 0.0137 0.07671491 5
0.085 0.0098 0.09316373 6
0.0712 0.0101 0.07966866 2
0.078 0.005 0.08173286 4
0.09 0.003 0.09187336 7
0.0797 0.0044 0.08289054 7
0.0762 0.0035 0.07869729 10
0.0782 0.0079 0.08471006 10
0.0701 0.0057 0.07447523 1
0.0693 0.0103 0.07803468 6
0.0728 0.0023 0.07400996 2
0.0681 0.0086 0.07528962 8
0.0804 0.0062 0.08522639 3
0.0881 0.0081 0.09459062 5
0.084 0.0044 0.08713195 5
0.0703 0.0047 0.07390325 5
0.0786 0.0079 0.08496456 1
0.0684 0.0237 0.08961832 4
0.0863 0.0101 0.09465416 12
0.0893 0.0111 0.09850817 1
0.0718 0.0062 0.07664504 2
0.0723 0.0088 0.07960602 4
0.0632 0.0119 0.07359864 10
0.0823 0.0042 0.08525361 4
0.0729 0.0053 0.07691344 4
0.0755 0.0099 0.08375328 2
0.0562 0.0068 0.0618923 4
0.0839 0.011 0.09309672 6
0.0886 0.0061 0.09331837 4
0.0701 0.0034 0.0724309 9
0.0773 0.0078 0.08359463 5
0.0704 0.0104 0.07915985 5
0.0703 0.02 0.0879889 4
0.075 0.0068 0.08037344 5
0.0802 0.0098 0.0883636 4
0.0813 0.008 0.08774664 2
0.0835 0.013 0.09452529 6
0.0899 0.0066 0.09503494 5
0.0821 0.0048 0.08560041 3
0.0852 0.0026 0.08668957 6
0.0836 0.0133 0.09491613 5
0.0726 0.009 0.08007793 6
0.0797 0.005 0.08338893 3
0.0733 0.0052 0.07721801 5
0.0674 0.0095 0.075356 2
0.0835 0.0058 0.0879078 3
0.0581 0.0059 0.06294032 3
0.0835 0.005 0.08722078 7
0.0706 0.0154 0.08401019 4
0.0769 0.0117 0.0867944 4
0.0661 0.0095 0.07404845 3
0.0888 0.0066 0.09391602 4
0.0633 0.0149 0.07635499 4
0.074 0.013 0.085124 1
0.0701 0.0056 0.07439755 4
0.0758 0.0098 0.08402099 5
0.0703 0.0225 0.09031095 2
0.0952 0.0022 0.09630925 4
0.0769 0.0074 0.08293126 9
0.0736 0.0095 0.08153305 3
0.0868 0.0039 0.08946172 6
0.0705 0.0128 0.08149525 6
0.0843 0.016 0.09806844 4
0.0865 0.0028 0.0881461 1
0.0703 0.0106 0.07948701 6
0.0747 0.0121 0.08507641 6
0.0701 0.0148 0.0829809 7
0.0711 0.0077 0.0773482 5
0.0869 0.0169 0.10147289 3
0.0697 0.0102 0.07827518 3
0.082 0.0039 0.0846651 1
0.0995 0.006 0.10401274 4
0.0723 0.0081 0.07903515 7
0.0735 0.003 0.075483 7
0.0714 0.0157 0.08513464 3
0.0846 0.0084 0.09140681 6
0.0921 0.0089 0.0993236 6
0.0888 0.0074 0.09465831 5
0.0884 0.0067 0.09363296 5
0.0699 0.0168 0.08462179 4
0.0738 0.0042 0.0768778 4
0.0679 0.0034 0.07014269 2
0.0765 0.0111 0.08585271 5
0.0723 0.0082 0.07900266 4
0.0736 0.012 0.08382774 3
0.0863 0.0057 0.09061201 6
0.084 0.008 0.09042208 6
0.0918 0.0085 0.098619 1
0.0794 0.005 0.08309655 4
0.0701 0.0122 0.08054341 7
0.086 0.0101 0.09441205 4
0.0863 0.0106 0.09508823 3
0.073 0.0058 0.07755708 5
0.0732 0.0132 0.08475592 12
0.0791 0.0086 0.08610713 2
0.0626 0.0068 0.06805432 4
0.0724 0.0207 0.09076088 10
0.0808 0.0106 0.08968735 9
0.0845 0.0021 0.08551213 3
0.0697 0.0144 0.0822347 3
0.08 0.0117 0.08995382 7
0.0826 0.0117 0.09249158 6
0.0662 0.0161 0.08037876 7
0.076 0.0093 0.08369263 4
0.0785 0.0074 0.0844495 5
0.0738 0.0091 0.08135997 5
0.1037 0.0058 0.10804828 5
0.08 0.0083 0.08677793 7
0.0842 0.0093 0.09183664 3
0.0748 0.0101 0.08329125 5
0.084 0.0108 0.09298871 4
0.0777 0.0047 0.08114989 5
0.0866 0.0061 0.09126344 1
0.0898 0.0107 0.09870606 5
0.073 0.0044 0.07627898 6
0.0872 0.0076 0.09333972 7
0.0877 0.0112 0.09702148 4
0.0752 0.0109 0.08438215 6
0.0678 0.0072 0.07359845 3
0.0785 0.0071 0.08414437 7
0.0754 0.0116 0.0852412 5
0.0816 0.0093 0.08923303 2
0.08 0.0067 0.08534686 7
0.084 0.0083 0.09071548 4
0.0893 0.01 0.09751312 4
0.0861 0.0068 0.09144388 5
0.0777 0.0151 0.09073077 3
0.0751 0.0058 0.07955735 5
0.0797 0.0085 0.08665545 5
0.0728 0.0107 0.08186477 7
0.1139 0.0091 0.1210994 5
0.0801 0.0126 0.09090655 8
0.0858 0.007 0.0913207 5
0.078 0.0094 0.0857555 2
0.074 0.0017 0.0746919 6
0.0791 0.0078 0.08537398 3
0.0851 0.0041 0.08798715 3
0.0666 0.0029 0.06880195 6
0.0948 0.0071 0.10035167 4
0.0919 0.0052 0.095729 4
0.061 0.0128 0.07220717 10
0.0814 0.0077 0.08756751 3
0.0836 0.0082 0.09020786 3
0.0799 0.0099 0.08813725 8
0.0805 0.0161 0.09446604 5
0.0843 0.0103 0.09284293 5
0.0851 0.0085 0.09199356 5
0.0845 0.0118 0.09440201 2
0.0729 0.0076 0.07902888 3
0.0792 0.0083 0.08601259 8
0.0728 0.0192 0.08971781 2
0.0842 0.0072 0.08989265 5
0.0752 0.0083 0.08197606 3
0.0685 0.0093 0.07628314 5
0.0715 0.0082 0.07819965 2
0.0766 0.0164 0.09093943 7
0.0968 0.0066 0.10186789 2
0.0773 0.0078 0.08361158 3
0.0666 0.0088 0.07411256 7
0.0719 0.0105 0.08083443 9
0.0755 0.0098 0.08369181 7
0.076 0.0086 0.08308714 5
0.0691 0.0138 0.08109432 4
0.0859 0.0059 0.09039853 4
0.0662 0.0119 0.07657556 6
0.0816 0.0137 0.09337779 11
0.0876 0.0079 0.09391212 2
0.0956 0.0044 0.09868003 3
0.1065 0.0013 0.10678394 4
0.0733 0.0113 0.08289861 8
0.0793 0.0128 0.09019996 6
0.0778 0.0102 0.08630622 9
0.0721 0.0131 0.08343489 8
0.0797 0.013 0.09077426 3
0.0829 0.0075 0.08892224 7
0.0787 0.012 0.08884953 2
0.0767 0.0103 0.08530054 2
0.079 0.0072 0.0848031 6
0.074 0.0108 0.08309154 7
0.0833 0.0133 0.09464724 5
0.0784 0.0138 0.09028442 8
0.0849 0.0037 0.08738445 3
0.0871 0.0089 0.09434349 4
0.0761 0.0084 0.08294948 3
0.0622 0.0142 0.07462975 7
0.0898 0.0124 0.10019188 3
0.0802 0.0131 0.09136125 6
0.0773 0.0171 0.09220967 7
0.0847 0.0085 0.09157285 2
0.0734 0.0235 0.09431882 4
0.0744 0.0092 0.0821237 8
0.0707 0.0085 0.07768641 4
0.0822 0.011 0.09148013 11
0.0835 0.0129 0.09444138 4
0.0712 0.0098 0.079475 11
0.0654 0.0092 0.07330011 5
0.0859 0.009 0.09322339 2
0.0954 0.0093 0.10291653 2
0.089 0.0139 0.10078476 3
0.089 0.0148 0.10159545 5
0.078 0.0086 0.08501785 2
0.0829 0.006 0.08751372 5
0.0826 0.0058 0.08705347 5
0.0807 0.0147 0.09335152 6
0.0757 0.014 0.08773277 2
0.0824 0.0072 0.08811299 5
0.0755 0.0143 0.08793972 7
0.0797 0.0069 0.08526845 4
0.0742 0.0117 0.08414748 2
0.0819 0.006 0.08651524 3
0.0864 0.005 0.09028637 11
0.0765 0.0035 0.07883219 9
0.0933 0.0089 0.10048207 4
0.0845 0.0072 0.09023834 5
0.0672 0.0126 0.07803839 4
0.0803 0.0068 0.08570957 8
0.0924 0.0104 0.10096319 5
0.0901 0.0057 0.0943837 4
0.0877 0.005 0.09143851 6
0.079 0.02 0.09655921 7
0.0921 0.0109 0.10115176 4
0.0768 0.0058 0.08134523 8
0.0747 0.0143 0.08704366 7
0.0835 0.0078 0.08987739 12
0.0845 0.0118 0.09440788 5
0.0957 0.009 0.10306329 7
0.0891 0.009 0.0964315 9
0.0965 0.0049 0.10010441 6
0.0794 0.0085 0.0863953 2
0.0764 0.0163 0.09060751 3
0.0913 0.0071 0.09690572 6
0.0787 0.0163 0.09292606 5
0.0899 0.0052 0.09375126 3
0.0789 0.0087 0.08602253 9
0.0686 0.0136 0.08050019 7
0.0715 0.0086 0.0786329 6
0.0862 0.009 0.09352165 3
0.0955 0.0094 0.10314469 5
0.0939 0.0055 0.09798987 2
0.0817 0.007 0.08726538 6
0.0807 0.0153 0.09388042 6
0.0963 0.0098 0.10427899 5
0.0855 0.002 0.08652293 8
0.0952 0.0033 0.09731148 3
0.075 0.011 0.0842689 3
0.0897 0.0063 0.09452989 1
0.0837 0.0112 0.09316993 10
0.0764 0.0116 0.08623308 5
0.08 0.0098 0.08811072 3
0.0802 0.0119 0.09047124 8
0.0898 0.0024 0.09111045 6
0.0884 0.0091 0.09579443 3
0.0955 0.0044 0.09861341 5
0.0844 0.0063 0.08927385 6
0.0719 0.0073 0.07776125 2
0.0988 0.0131 0.10973748 5
0.0732 0.0125 0.08405221 5
0.0716 0.0056 0.07588849 4
0.08 0.0058 0.08442161 3
0.0868 0.0102 0.09524412 2
0.0924 0.0094 0.10012153 8
0.0802 0.0155 0.09368688 4
0.0826 0.0097 0.09060069 4
0.1022 0.0064 0.10705476 2
0.0918 0.0059 0.09629214 5
0.0743 0.0187 0.09080456 9
0.098 0.006 0.10251986 3
0.0905 0.0056 0.09468982 2
0.0787 0.0123 0.08914057 5
0.0805 0.0116 0.09029895 5
0.093 0.0071 0.0985388 1
0.0823 0.0051 0.08606952 2
0.0867 0.0128 0.09753478 6
0.0747 0.0036 0.07722511 5
0.0891 0.0096 0.09694699 4
0.0773 0.0071 0.08310103 6
0.091 0.0132 0.10213008 6
0.082 0.007 0.08761603 7
0.0807 0.0214 0.09947412 1
0.074 0.0041 0.07698049 6
0.0773 0.0106 0.08620702 7
0.0722 0.0132 0.08364929 5
0.0773 0.0091 0.08478476 2
0.0812 0.009 0.08871823 9
0.088 0.0089 0.09524527 6
0.0894 0.0096 0.09724204 3
0.0734 0.0163 0.08763395 3
0.0726 0.015 0.08559928 3
0.0899 0.0093 0.09751933 6
0.0936 0.0077 0.09976008 5
0.0715 0.0078 0.0778338 3
0.0985 0.0061 0.10310275 1
0.0883 0.0104 0.09710115 11
0.0705 0.008 0.07718064 8
0.0847 0.0085 0.09162224 4
0.0797 0.012 0.08986622 8
0.0808 0.0133 0.0921468 6
0.0828 0.0145 0.09522302 6
0.0862 0.0101 0.09457252 3
0.087 0.0086 0.09402444 7
0.0805 0.0057 0.08486871 4
0.0872 0.0085 0.09406168 5
0.0921 0.0082 0.0986846 4
0.0884 0.0092 0.09591535 5
0.0683 0.0077 0.07473777 6
0.0801 0.0163 0.09419952 4
0.0888 0.0095 0.09656874 5
0.0808 0.0072 0.08658443 8
0.0829 0.0056 0.08713803 3
0.0832 0.0092 0.09073225 4
0.0908 0.0093 0.09838873 5
0.0661 0.0122 0.07657552 5
0.085 0.0083 0.09189191 10
0.0996 0.0063 0.10438596 3
0.0811 0.0149 0.09396333 7
0.097 0.0089 0.1041537 2
0.0873 0.0047 0.09070125 5
0.0844 0.0096 0.09229401 3
0.088 0.0154 0.1012247 4
0.0938 0.0091 0.10115316 3
0.0814 0.0129 0.09236724 2
0.075 0.0049 0.07861427 2
0.083 0.0056 0.0872558 5
0.0868 0.008 0.09324188 7
0.0756 0.0086 0.08264083 5
0.0863 0.0068 0.09162656 6
0.0981 0.0065 0.10306595 1
0.0641 0.0072 0.07010501 8
0.0911 0.0079 0.09739876 6
0.0888 0.015 0.10160297 7
0.0853 0.0166 0.09965283 4
0.0816 0.0092 0.08914141 3
0.0736 0.0077 0.07996921 7
0.0866 0.0071 0.09221956 6
0.0805 0.0078 0.08689695 5
0.0785 0.0073 0.08438922 5
0.0884 0.0154 0.10154144 1
0.0711 0.0157 0.08477805 3
0.081 0.0065 0.08638274 10
0.081 0.0133 0.09234761 5
0.0843 0.0185 0.1003427 2
0.0876 0.0132 0.09880264 10
0.0935 0.0054 0.09749708 2
0.0665 0.0165 0.08105899 5
0.0917 0.0048 0.09518328 7
0.0784 0.0099 0.08672088 5
0.0778 0.0114 0.08746087 9
0.0788 0.0114 0.08846664 5
0.071 0.0113 0.08063115 5
0.0669 0.0124 0.0775802 6
0.0713 0.0073 0.07733091 7
0.0874 0.0051 0.09116298 4
0.0824 0.0077 0.0886062 5
0.0855 0.0115 0.09543555 9
0.0868 0.01 0.09509982 8
0.0771 0.0108 0.08616517 2
0.0739 0.0102 0.08251873 7
0.0795 0.012 0.08965679 3
0.0858 0.0114 0.09532848 3
0.0793 0.008 0.08590093 8
0.1006 0.0052 0.10445852 8
0.0827 0.0084 0.08958023 6
0.0848 0.009 0.09220605 5
0.0813 0.01 0.08961666 6
0.0702 0.0076 0.07649459 5
0.079 0.0096 0.08708271 7
0.0724 0.0081 0.07899477 2
0.0762 0.0123 0.08671889 7
0.0937 0.0109 0.10269148 5
0.0911 0.0092 0.09867865 9
0.0883 0.0102 0.09680749 5
0.0922 0.0103 0.1007102 4
0.0911 0.014 0.1029911 7
0.0928 0.0054 0.09682525 3
0.0945 0.0065 0.09950435 3
0.086 0.0105 0.09469763 3
0.0759 0.0129 0.08701897 5
0.0911 0.0059 0.09565384 4
0.0726 0.0082 0.07948305 7
0.0816 0.0108 0.0906318 3
0.0746 0.0087 0.08176988 4
0.0773 0.0089 0.08472058 5
0.0808 0.0201 0.0986308 13
0.0807 0.011 0.0900457 14
0.0836 0.0109 0.09271962 5
0.0718 0.0133 0.08329123 10
0.0757 0.0076 0.08189459 8
0.088 0.0056 0.09231011 8
0.0932 0.0078 0.0993972 6
0.0728 0.0054 0.07688408 1
0.1024 0.0102 0.11067142 2
0.0908 0.0097 0.09880286 7
0.0886 0.0071 0.09421958 4
0.0724 0.009 0.07983612 6
0.0809 0.0182 0.09678826 8
0.0896 0.0088 0.09670892 1
0.0827 0.0097 0.09075332 4
0.0902 0.0195 0.10709971 7
0.0801 0.0141 0.09230819 5
0.0952 0.0048 0.09866423 3
0.0759 0.0125 0.08655798 4
0.0793 0.0105 0.08805615 1
0.0972 0.0091 0.10452791 4
0.0839 0.0137 0.09566814 6
0.0816 0.0149 0.09440494 7
0.0775 0.008 0.08398034 3
0.0865 0.0135 0.09794905 5
0.0832 0.0118 0.09319488 5
0.0653 0.0092 0.07313696 10
0.1035 0.009 0.110689 3
0.0792 0.0094 0.0870346 8
0.0831 0.0099 0.09131317 4
0.0998 0.0085 0.1066578 5
0.0674 0.0101 0.0758961 2
0.0915 0.0121 0.10161848 4
0.0826 0.0163 0.09670041 5
0.0846 0.0133 0.09599275 9
0.0868 0.0129 0.09767963 4
0.0785 0.0115 0.08818886 2
0.0864 0.0159 0.10004168 5
0.1014 0.008 0.10770179 4
0.0859 0.0094 0.09362884 6
0.0793 0.0046 0.08269482 8
0.0836 0.0128 0.0945152 6
0.0855 0.0082 0.09210566 3
0.0843 0.0103 0.09288657 5
0.0845 0.0101 0.09284358 4
0.0749 0.0128 0.08595417 10
0.0786 0.0082 0.08524128 1
0.0854 0.0057 0.08970723 4
0.0846 0.012 0.09469992 3
0.1054 0.0095 0.11301362 2
0.0864 0.01 0.09475119 4
0.0862 0.008 0.09268176 10
0.0847 0.0142 0.09684568 8
0.0901 0.0092 0.09761743 8
0.0787 0.0176 0.09401912 3
0.0757 0.0122 0.08627519 5
0.0982 0.0123 0.10846219 4
0.072 0.0102 0.08060531 3
0.0866 0.0116 0.09630688 3
0.0934 0.006 0.097938 1
0.0931 0.012 0.10309758 4
0.0861 0.0092 0.09369605 3
0.0759 0.01 0.0842327 2
0.0718 0.0084 0.07893318 7
0.0857 0.0106 0.09451421 3
0.0818 0.012 0.0919112 1
0.0859 0.0091 0.09336184 8
0.0721 0.0192 0.08902731 5
0.0923 0.0107 0.10115194 6
0.0862 0.0121 0.09635585 3
0.0789 0.015 0.09187422 9
0.0775 0.0195 0.09460454 4
0.0783 0.0112 0.08782126 4
0.0829 0.0094 0.09061204 1
0.0724 0.0097 0.08047882 1
0.0986 0.0063 0.1034079 6
0.0902 0.0136 0.10168308 4
0.0824 0.0108 0.09146401 7
0.0827 0.0136 0.09428683 3
0.0781 0.0157 0.09170261 5
0.0789 0.0139 0.09085324 6
0.0792 0.0134 0.09068145 9
0.0725 0.0098 0.08083641 10
0.0777 0.0061 0.08254979 6
0.0769 0.0089 0.08420545 2
0.0836 0.0063 0.08859499 9
0.0925 0.0141 0.10452909 3
0.0713 0.0151 0.08447203 5
0.0827 0.0129 0.09373595 7
0.0894 0.0076 0.09543519 6
0.0872 0.0081 0.09374444 6
0.081 0.0067 0.08645066 5
0.0844 0.015 0.09735958 6
0.0971 0.0066 0.10227221 7
0.0936 0.0086 0.10049624 1
0.0798 0.0055 0.08404003 8
0.086 0.0115 0.09567921 9
0.0798 0.0112 0.08929016 5
0.0906 0.0082 0.09719232 4
0.0718 0.0065 0.07693216 8
0.0961 0.0103 0.10462404 12
0.0853 0.0048 0.08887655 5
0.0782 0.0035 0.08083345 7
0.0681 0.0075 0.07427396 7
0.0834 0.0116 0.09315204 5
0.0882 0.0125 0.09871797 4
0.082 0.0144 0.09438342 5
0.0874 0.0118 0.09726695 2
0.0921 0.0115 0.10168804 4
0.0817 0.0053 0.08579105 4