0.0844 0.083 0.1595612 1
0.0375 0.0369 0.07208965 1
0.2114 0.2067 0.37382072 1
0.1801 0.1734 0.32162316 1
0.0771 0.0751 0.14556099 1
0.1799 0.1749 0.32268929 1
0.1478 0.1439 0.26972228 1
0.0863 0.0836 0.16185422 1
0.0777 0.0677 0.13928411 1
0.2242 0.2232 0.39680496 1
0.2355 0.2296 0.4104933 1
0.0652 0.059 0.1194764 1
0.0273 0.0259 0.05154513 1
0.0325 0.0313 0.06184555 1
0.0812 0.0771 0.15119678 1
0.165 0.1639 0.3011844 1
0.0777 0.0751 0.14611653 1
0.0543 0.0524 0.10296038 1
0.0398 0.0384 0.07574888 1
0.0508 0.0502 0.09754984 1
0.1278 0.123 0.2343304 1
0.0897 0.0824 0.16387982 1
0.3457 0.3447 0.57092661 1
0.1472 0.1414 0.26707352 1
0.0494 0.0482 0.09431552 1
0.1108 0.1093 0.20720866 1
0.1373 0.1351 0.25312217 1
0.0844 0.0833 0.15983618 1
0.1211 0.121 0.226688 1
0.0811 0.0804 0.15414006 1
0.0889 0.0873 0.16761423 1
0.0508 0.0436 0.09127852 1
0.0171 0.0171 0.03294079 1
0.0357 0.0352 0.06871326 1
0.0524 0.052 0.1007786 1
0.0684 0.0674 0.13032464 1
0.049 0.0431 0.0890792 1
0.2212 0.2141 0.38737538 1
0.0916 0.0906 0.17308224 1
0.057 0.0551 0.1080704 1
0.0551 0.041 0.092936 1
0.1506 0.1505 0.2777348 1
0.1342 0.126 0.24255 1
0.1379 0.1348 0.25338278 1
0.0514 0.051 0.09888 1
0.0462 0.0429 0.08620612 1
0.076 0.0724 0.142045 1
0.1155 0.1121 0.21387905 1
0.0603 0.0598 0.11561316 1
0.0158 0.0138 0.02841056 1
0.061 0.0568 0.113452 1
0.1037 0.101 0.19343 1
0.0325 0.0321 0.06262035 1
0.2137 0.2123 0.38005649 1
0.2662 0.2642 0.45959936 1
0.067 0.0638 0.1256552 1
0.0771 0.0754 0.14583816 1
0.0778 0.0668 0.13854656 1
0.0283 0.0252 0.05183934 1
0.0376 0.0336 0.06900684 1
0.1497 0.1439 0.27135077 1
0.063 0.0598 0.1181544 1
0.109 0.0998 0.1971296 1
0.1008 0.0994 0.18937968 1
0.0885 0.0867 0.16670125 1
0.0767 0.076 0.1460225 1
0.0829 0.0812 0.15653162 1
0.0218 0.02 0.0404048 1
0.0719 0.069 0.1350788 1
0.0772 0.0761 0.14657738 1
0.1785 0.1721 0.31922975 1
0.1354 0.126 0.2436 1
0.08 0.0742 0.1474172 1
0.1441 0.1416 0.26458014 1
0.1788 0.1775 0.3239183 1
0.0369 0.0365 0.07112555 1
0.0829 0.0779 0.15350189 1
0.0741 0.071 0.138983 1
0.0429 0.0387 0.07902037 1
0.0512 0.0506 0.09831008 1
0.0479 0.0376 0.08278346 1
0.0976 0.0949 0.18242926 1
0.0551 0.0465 0.09813845 1
0.0821 0.0751 0.15019049 1
0.0324 0.0322 0.06262032 1
0.0686 0.0678 0.13088432 1
0.056 0.0538 0.105896 1
0.0837 0.081 0.157084 1
0.3597 0.3524 0.58505282 1
0.0617 0.0583 0.11552189 1
0.0585 0.0542 0.108641 1
0.1275 0.1177 0.22943745 1
0.0679 0.0672 0.12967122 1
0.097 0.0896 0.1770944 1
0.1348 0.1312 0.24757924 1
0.0232 0.0219 0.04363602 1
0.0661 0.0626 0.12368984 1
0.0439 0.038 0.0793127 1
0.0233 0.0216 0.04344062 1
0.0936 0.0908 0.17508452 1
0.0533 0.0314 0.0821171 2
0.0457 0.0076 0.0522534 3
0.079 0.066 0.13893 1
0.0779 0.0363 0.11058421 3
0.0496 0.0362 0.0831242 8
0.0392 0.0312 0.06824636 1
0.0479 0.0045 0.05123585 1
0.0242 0.0117 0.03465376 2
0.0524 0.0288 0.07894498 3
0.0612 0.0187 0.07783736 3
0.0579 0.0359 0.09108417 3
0.0539 0.0251 0.07691338 4
0.0318 0.0103 0.04110564 6
0.054 0.0182 0.07045896 4
0.0289 0.0255 0.05271645 1
0.039 0.0297 0.06661644 2
0.0226 0.0048 0.02637012 2
0.0871 0.0278 0.11173772 2
0.0577 0.0059 0.06243023 3
0.0569 0.0057 0.06136795 2
0.0641 0.014 0.07676688 3
0.0384 0.0287 0.06509317 3
0.0447 0.0292 0.07166766 1
0.0619 0.011 0.07134444 3
0.041 0.0386 0.07710949 3
0.0546 0.0286 0.08074477 4
0.0678 0.0565 0.11960329 5
0.0474 0.024 0.06937043 4
0.0341 0.018 0.0505373 1
0.0224 0.0165 0.03759483 14
0.0443 0.0347 0.07654157 2
0.0241 0.0241 0.04667987 7
0.0255 0.016 0.04013836 3
0.0516 0.0201 0.06973354 1
0.0666 0.0124 0.07738813 6
0.0367 0.0123 0.04773418 5
0.0435 0.0409 0.08171085 2
0.0837 0.0611 0.13893089 3
0.0398 0.0127 0.05106524 3
0.0324 0.0163 0.04721958 1
0.0524 0.0126 0.06379228 4
0.037 0.0261 0.06132625 8
0.0414 0.0215 0.0610718 1
0.0975 0.059 0.14996756 5
0.0372 0.0107 0.04663682 4
0.0609 0.035 0.0928634 1
0.0403 0.0116 0.05048405 2
0.0328 0.0046 0.03653941 7
0.0507 0.0214 0.07017479 4
0.0229 0.0107 0.03251004 3
0.0308 0.0076 0.03723905 4
0.0452 0.0262 0.06932126 2
0.082 0.0851 0.1592931 2
0.0548 0.0384 0.09039868 5
0.0692 0.0089 0.07656122 1
0.0272 0.0086 0.03460133 2
0.0446 0.0044 0.04791832 5
0.0772 0.0015 0.0776619 1
0.0273 0.0172 0.04307394 1
0.0414 0.0221 0.06170388 2
0.0318 0.0149 0.04536479 4
0.0588 0.0138 0.07113506 7
0.0515 0.0258 0.07527229 4
0.032 0.0163 0.04685064 3
0.0218 0.0033 0.02405216 1
0.0264 0.0209 0.04579454 1
0.0372 0.0313 0.06642544 4
0.0329 0.0319 0.06281456 2
0.06 0.0311 0.08840191 7
0.0888 0.0092 0.09628004 1
0.0421 0.0371 0.07671629 1
0.067 0.0238 0.0882952 1
0.0759 0.0522 0.12328116 3
0.0451 0.0301 0.07291957 2
0.0513 0.0256 0.07495905 7
0.0283 0.0082 0.03537569 7
0.0258 0.0199 0.04425701 4
0.041 0.0255 0.06459035 2
0.0528 0.0094 0.0612191 4
0.0379 0.0127 0.04938465 3
0.0612 0.0496 0.10689829 3
0.0281 0.0195 0.04612699 4
0.0309 0.004 0.0338713 3
0.0595 0.0443 0.10034804 2
0.0207 0.0087 0.02826385 3
0.0355 0.0237 0.05757015 3
0.0634 0.0312 0.09194003 4
0.0489 0.0233 0.07025932 5
0.0922 0.072 0.15710057 4
0.0664 0.0109 0.07578619 2
0.0297 0.006 0.03466839 5
0.0518 0.0384 0.08730008 1
0.0418 0.0211 0.06120808 4
0.0368 0.0014 0.03720024 2
0.0397 0.0143 0.05257853 2
0.0352 0.0313 0.0644782 3
0.055 0.0105 0.06437872 7
0.0305 0.0312 0.05983118 2
0.0528 0.0332 0.0834546 4
0.0355 0.0119 0.04612926 6
0.0425 0.0213 0.06199697 3
0.0426 0.0234 0.06412795 4
0.0501 0.0276 0.0753966 2
0.052 0.0186 0.06876185 6
0.038 0.0043 0.0411877 2
0.0345 0.0176 0.05054487 2
0.0362 0.0118 0.04663331 3
0.0504 0.0121 0.06118757 5
0.0402 0.0249 0.06316535 2
0.0344 0.0059 0.03915802 4
0.0351 0.0144 0.04827413 5
0.0408 0.0087 0.04821882 3
0.0388 0.0106 0.04805697 4
0.0545 0.0214 0.07383046 3
0.0503 0.0031 0.05252867 2
0.0463 0.017 0.06161894 4
0.0321 0.0138 0.04457307 4
0.0638 0.0208 0.08248741 5
0.0454 0.0208 0.06448027 9
0.0416 0.0185 0.05859958 5
0.0578 0.0201 0.07584608 2
0.0503 0.0106 0.0594808 3
0.0863 0.0204 0.10404518 1
0.0666 0.0122 0.07723949 6
0.0528 0.0112 0.06252641 8
0.0404 0.0187 0.05743026 3
0.0446 0.0338 0.07598296 3
0.042 0.0111 0.05171825 4
0.027 0.0065 0.03238429 5
0.0228 0.0096 0.03124019 5
0.0376 0.0086 0.04492961 3
0.0335 0.0085 0.0408993 9
0.0521 0.0063 0.05720117 2
0.0471 0.0077 0.05350589 3
0.0637 0.0015 0.06416865 1
0.0384 0.0266 0.06304256 1
0.0491 0.0245 0.07146965 1
0.049 0.0074 0.05539215 6
0.0337 0.0031 0.03574367 3
0.0395 0.0284 0.06600416 4
0.0517 0.0242 0.07380963 3
0.0398 0.0078 0.04641357 8
0.0517 0.0381 0.08693056 3
0.0661 0.0183 0.08238483 5
0.0327 0.0164 0.04769893 5
0.0456 0.0103 0.05474572 3
0.036 0.0254 0.05957683 4
0.0389 0.0014 0.03928484 1
0.041 0.013 0.05259358 3
0.0261 0.004 0.02902593 2
0.0278 0.0183 0.04464152 3
0.0422 0.0272 0.0674592 4
0.0603 0.024 0.08204529 3
0.0475 0.0121 0.0581122 4
0.0536 0.016 0.06787958 5
0.032 0.0162 0.0467807 6
0.0389 0.0012 0.03909242 1
0.0418 0.0164 0.05671251 5
0.0313 0.0062 0.03636927 4
0.0387 0.0193 0.05635666 5
0.0512 0.0202 0.06953617 2
0.0359 0.0188 0.05316008 4
0.051 0.0261 0.074845 1
0.0485 0.0252 0.07157642 2
0.0393 0.0061 0.04420467 1
0.0353 0.0097 0.04375871 2
0.0341 0.0158 0.04841536 3
0.0504 0.0278 0.07587608 1
0.0641 0.0149 0.07722659 6
0.051 0.0166 0.06604464 4
0.0411 0.0252 0.06435576 3
0.0738 0.0164 0.08856398 3
0.047 0.0315 0.07609882 2
0.0603 0.023 0.08100893 4
0.0547 0.0021 0.0557785 3
0.0248 0.009 0.0326164 3
0.031 0.0034 0.03336402 4
0.0491 0.0113 0.0589135 2
0.0369 0.008 0.04373043 9
0.0434 0.0056 0.04784668 3
0.0556 0.0117 0.06576712 3
0.0524 0.0112 0.06211447 3
0.034 0.0142 0.04681291 4
0.0701 0.009 0.07771663 6
0.0314 0.0156 0.0457098 8
0.0373 0.0038 0.04002567 5
0.0438 0.0232 0.06509358 2
0.051 0.0205 0.06953481 3
0.0757 0.038 0.11034251 10
0.0503 0.0112 0.05999714 1
0.0557 0.0084 0.0628188 4
0.0467 0.0284 0.07292691 4
0.0433 0.0261 0.06741589 4
0.0896 0.0015 0.0900557 1
0.0425 0.0202 0.06103906 11
0.034 0.0045 0.0373845 1
0.0289 0.0119 0.03954947 5
0.0451 0.0016 0.04585201 5
0.0353 0.0165 0.05037926 7
0.0444 0.0159 0.0586826 4
0.0361 0.0138 0.04881844 11
0.0316 0.0158 0.0460162 6
0.0398 0.0069 0.04549095 3
0.041 0.0082 0.04793192 4
0.0392 0.0172 0.05489312 3
0.0362 0.0176 0.05223103 6
0.0624 0.0051 0.06638367 3
0.0589 0.0038 0.0617547 4
0.0405 0.0082 0.0474724 6
0.04 0.019 0.057301 5
0.0416 0.018 0.05794574 3
0.0413 0.0214 0.06111338 4
0.0315 0.0128 0.04294494 3
0.0365 0.0165 0.0514933 3
0.0417 0.0093 0.0496855 2
0.0351 0.0093 0.04316807 7
0.0702 0.0194 0.08733485 3
0.0778 0.0054 0.08189703 3
0.0346 0.0165 0.04958067 2
0.0539 0.0079 0.06043499 1
0.0488 0.012 0.05934907 5
0.1399 0.0015 0.14033055 1
0.054 0.0186 0.07071779 8
0.0507 0.0066 0.05605323 3
0.0503 0.0039 0.05311645 3
0.0437 0.0094 0.05185096 7
0.048 0.0141 0.06063595 4
0.0444 0.0042 0.04778692 3
0.0475 0.0142 0.06013706 6
0.0764 0.0013 0.07686073 5
0.0427 0.0038 0.04548205 5
0.0358 0.0112 0.04567719 6
0.0476 0.0091 0.05533634 4
0.0383 0.0075 0.04456425 2
0.0369 0.0122 0.04777742 2
0.0571 0.0045 0.06045588 5
0.0488 0.0057 0.05340721 6
0.055 0.0182 0.07134861 3
0.0254 0.0136 0.0377027 5
0.051 0.0148 0.06417248 2
0.0437 0.0117 0.05397472 5
0.0458 0.0124 0.05672283 3
0.0674 0.0138 0.079437 6
0.0581 0.015 0.07149384 8
0.0425 0.013 0.05412763 5
0.0439 0.0205 0.06261602 5
0.0957 0.0016 0.0964469 4
0.0403 0.0089 0.04792521 3
0.0432 0.008 0.0500368 5
0.0384 0.0065 0.0436943 1
0.0269 0.0096 0.03534567 5
0.0364 0.0137 0.04878523 10
0.0401 0.0127 0.05137505 3
0.0433 0.0111 0.05309054 12
0.0419 0.0124 0.05283869 2
0.0322 0.0094 0.04035382 3
0.0426 0.0047 0.0461861 2
0.0377 0.0168 0.05301694 3
0.0375 0.0015 0.03799122 3
0.066 0.0065 0.07115562 2
0.07 0.0012 0.07018907 3
0.047 0.0143 0.0598671 7
0.0369 0.0078 0.04354546 7
0.051 0.0307 0.07922006 4
0.0304 0.0122 0.04132956 5
0.0398 0.0197 0.05777666 2
0.0332 0.0092 0.04117737 5
0.0412 0.0183 0.05780779 2
0.0667 0.004 0.06969718 4
0.0492 0.0087 0.05665261 7
0.0581 0.0024 0.05946206 2
0.0579 0.0052 0.06186246 2
0.0487 0.031 0.07728785 3
0.0465 0.0239 0.06844342 7
0.0336 0.0074 0.03983846 4
0.0469 0.0162 0.06142151 3
0.0377 0.0069 0.04340693 3
0.0511 0.0077 0.05760519 9
0.0434 0.0021 0.04445336 1
0.0454 0.013 0.05707696 10
0.0491 0.0154 0.06289657 4
0.0467 0.0092 0.05466478 7
0.0392 0.0102 0.04819089 5
0.0611 0.0099 0.06953642 6
0.0351 0.0106 0.04456877 6
0.0375 0.0069 0.04320796 2
0.0358 0.0146 0.04895168 3
0.0349 0.0158 0.04921082 7
0.0617 0.0171 0.07687201 2
0.0818 0.0065 0.08690255 3
0.0292 0.0152 0.04299956 1
0.0523 0.0031 0.05432051 3
0.0408 0.0225 0.06149774 3
0.0304 0.0038 0.03314214 5
0.0423 0.0223 0.06272524 5
0.028 0.008 0.0348299 2
0.056 0.0059 0.06066498 3
0.0566 0.0038 0.05924432 1
0.0457 0.0089 0.05324687 1
0.066 0.0016 0.066561 1
0.0482 0.0071 0.05401544 2
0.0408 0.011 0.05042257 5
0.0512 0.0037 0.05376716 2
0.0394 0.0166 0.05440096 1
0.0327 0.0208 0.05187333 2
0.0582 0.0046 0.06159735 3
0.0525 0.0128 0.06389835 7
0.0412 0.0169 0.05666142 5
0.0461 0.0114 0.05603096 1
0.0373 0.0172 0.05299512 8
0.0476 0.0203 0.06602301 7
0.0469 0.0175 0.06269667 2
0.0286 0.0199 0.04698454 4
0.0548 0.0146 0.0676915 5
0.0374 0.0078 0.04395542 2
0.0571 0.0066 0.06243482 3
0.0907 0.0127 0.1013679 2
0.0867 0.0017 0.08734001 1
0.0366 0.0108 0.04606125 3
0.0373 0.0042 0.04052433 4
0.0474 0.0094 0.05548839 4
0.0408 0.0188 0.05791484 4
0.0505 0.0106 0.0596248 1
0.0472 0.0015 0.04776643 5
0.0514 0.0071 0.05728131 4
0.0449 0.0257 0.06852604 5
0.0861 0.0085 0.0929978 7
0.0522 0.0147 0.06520592 4
0.0795 0.0013 0.07977645 1
0.0377 0.0165 0.0526991 5
0.0471 0.0181 0.0634787 7
0.0418 0.0093 0.04981841 7
0.0411 0.0118 0.05150302 5
0.0454 0.0205 0.06411729 5
0.0507 0.0092 0.0585223 4
0.0373 0.0198 0.05545103 3
0.0342 0.0104 0.04340826 7
0.0521 0.0092 0.06000313 9
0.0578 0.0055 0.06205974 4
0.0546 0.0087 0.06190018 2
0.0554 0.01 0.06394106 3
0.0495 0.0074 0.05560218 6
0.051 0.009 0.05875643 6
0.0448 0.0128 0.05613663 6
0.0378 0.0106 0.04710959 4
0.0543 0.0159 0.06841069 3
0.0907 0.0015 0.09115515 1
0.0416 0.0055 0.04592324 2
0.0334 0.0063 0.03869269 14
0.0332 0.0101 0.04205683 8
0.0356 0.0159 0.05004891 8
0.0384 0.0129 0.04985494 1
0.0389 0.018 0.05529949 3
0.0397 0.0175 0.05560492 4
0.0515 0.0086 0.05879772 6
0.0347 0.0032 0.03692168 5
0.0588 0.0038 0.06152742 3
0.0601 0.0066 0.06544196 4
0.0406 0.0096 0.04894017 7
0.0511 0.0141 0.06355161 2
0.0447 0.0109 0.05423327 4
0.0595 0.0103 0.06827002 2
0.0562 0.0033 0.05840087 7
0.0513 0.0127 0.06271111 8
0.0326 0.0119 0.04319462 5
0.0594 0.0156 0.07318665 4
0.0508 0.0039 0.05359644 8
0.0524 0.0135 0.06434563 6
0.0486 0.0061 0.0534794 4
0.0566 0.008 0.06321109 2
0.046 0.0091 0.0537459 2
0.0653 0.0084 0.07230407 7
0.0371 0.0115 0.04732462 5
0.0803 0.0038 0.08289227 2
0.0472 0.0093 0.05530971 6
0.0421 0.0072 0.04805046 2
0.0622 0.0086 0.06938617 4
0.0652 0.0022 0.06633811 5
0.0349 0.0043 0.03810133 5
0.0483 0.002 0.04933537 8
0.0573 0.0076 0.06358361 8
0.0436 0.0149 0.05698935 6
0.0514 0.011 0.06091385 6
0.0504 0.0152 0.06414863 5
0.0585 0.0019 0.05953582 7
0.0474 0.0068 0.05299478 8
0.029 0.0028 0.0307496 1
0.0455 0.0087 0.05287934 7
0.0511 0.014 0.06346294 2
0.069 0.0108 0.0781353 2
0.0393 0.0192 0.05681464 2
0.0531 0.0069 0.05882621 7
0.0577 0.0037 0.06075736 6
0.0348 0.009 0.04259682 5
0.0398 0.0104 0.04885183 4
0.0524 0.0058 0.05697388 3
0.0516 0.0167 0.06655975 5
0.0519 0.0013 0.05233867 5
0.0354 0.0123 0.04632526 3
0.0471 0.0145 0.06010736 5
0.0486 0.0146 0.06168147 5
0.0466 0.0025 0.04803481 2
0.0431 0.0168 0.05823482 1
0.0486 0.0262 0.07263536 5
0.0715 0.0033 0.07363839 2
0.0395 0.0127 0.05082959 7
0.0416 0.0182 0.05825016 8
0.052 0.0263 0.07604097 2
0.036 0.0126 0.04723966 4
0.0498 0.0208 0.06864819 8
0.0482 0.0107 0.05765779 10
0.0663 0.0099 0.07474351 7
0.0522 0.0061 0.05710747 6
0.0375 0.0053 0.04172564 5
0.0556 0.0014 0.05597816 1
0.0425 0.0132 0.05423837 5
0.0407 0.0233 0.06211838 3
0.0617 0.0181 0.07783155 7
0.0443 0.0057 0.04915653 9
0.0592 0.0013 0.05948254 1
0.0551 0.0063 0.06016478 3
0.0459 0.0214 0.06542035 3
0.0584 0.0054 0.06262294 4
0.0519 0.0076 0.05820244 5
0.0553 0.013 0.06671578 8
0.0473 0.0159 0.06151725 2
0.0589 0.0116 0.06892867 6
0.0561 0.0066 0.0614159 3
0.0381 0.0086 0.04544064 2
0.0507 0.0108 0.06002806 3
0.0522 0.013 0.06360182 4
0.0498 0.0017 0.05046584 1
0.0642 0.0092 0.07188596 4
0.0489 0.0205 0.06760091 3
0.0443 0.0145 0.05725843 7
0.0573 0.0051 0.06130571 6
0.0454 0.0141 0.05796395 8
0.0615 0.0102 0.07015236 2
0.062 0.0015 0.0624695 1
0.0556 0.0063 0.06062145 2
0.0677 0.0011 0.06779333 1
0.0483 0.0131 0.05996441 9
0.0446 0.0091 0.05240273 2
0.0473 0.0232 0.06851881 6
0.0455 0.0103 0.05443873 7
0.043 0.0141 0.05560046 2
0.056 0.0031 0.05816978 6
0.0618 0.0055 0.06605357 4
0.0487 0.0196 0.06642103 2
0.0419 0.0116 0.0520789 4
0.0346 0.0192 0.05223564 9
0.0646 0.0061 0.06939064 2
0.0698 0.0019 0.07063808 1
0.0433 0.0114 0.05331062 3
0.0469 0.01 0.05552114 5
0.0723 0.0021 0.07332881 4
0.0933 0.0038 0.09585268 3
0.0461 0.0096 0.05431257 3
0.0357 0.0077 0.04218144 5
0.0527 0.009 0.06033148 2
0.0384 0.0095 0.04661536 6
0.0579 0.003 0.05979868 3
0.0574 0.0036 0.05997567 6
0.0463 0.0053 0.05051083 4
0.0569 0.0017 0.05756589 3
0.0444 0.0064 0.04960194 7
0.0543 0.0042 0.05734452 2
0.0823 0.0081 0.08882277 1
0.0488 0.0103 0.05775522 6
0.0497 0.0046 0.05344757 2
0.0511 0.0019 0.05200909 5
0.0516 0.0096 0.05977564 2
0.0532 0.0169 0.06846875 4
0.0414 0.0311 0.07034508 4
0.0556 0.0041 0.05853074 1
0.0517 0.0126 0.0627636 4
0.0355 0.0102 0.04438475 2
0.0493 0.0055 0.05358847 3
0.0415 0.0098 0.04998243 5
0.0505 0.0086 0.05780911 6
0.0563 0.0169 0.07136038 3
0.0523 0.0013 0.05258606 2
0.0565 0.0111 0.06610578 9
0.0481 0.0077 0.05449217 2
0.0514 0.0046 0.05505612 7
0.0493 0.0138 0.06152832 6
0.0474 0.0103 0.05633406 6
0.0573 0.0041 0.06022641 2
0.052 0.0081 0.05897129 6
0.0686 0.0096 0.07664564 3
0.0538 0.0018 0.05456104 2
0.052 0.0027 0.05362778 3
0.087 0.0017 0.08767764 2
0.059 0.0017 0.0596594 1
0.0568 0.0081 0.06357473 6
0.0322 0.0027 0.03434236 8
0.0571 0.0204 0.07544992 6
0.0407 0.0041 0.04367693 1
0.0438 0.0108 0.05320372 6
0.0403 0.0096 0.04857154 2
0.0497 0.0166 0.06458888 2
0.0709 0.002 0.0718301 1
0.05 0.0184 0.06668138 2
0.0769 0.0037 0.07942373 5
0.0474 0.0103 0.05631313 4
0.0526 0.0159 0.06686347 5
0.0544 0.0085 0.06154409 5
0.0472 0.013 0.05865704 3
0.0563 0.0095 0.06436743 6
0.0585 0.0081 0.06523955 4
0.0665 0.0057 0.07091975 3
0.063 0.0014 0.06340939 3
0.0491 0.0051 0.05300279 1
0.039 0.0077 0.04553305 7
0.0402 0.0145 0.05321061 5
0.0631 0.0013 0.06338137 1
0.0746 0.0072 0.08047974 3
0.0627 0.0232 0.08362739 9
0.0517 0.0014 0.05207972 1
0.051 0.0143 0.0636381 2
0.047 0.011 0.05660303 7
0.0547 0.0115 0.06468863 8
0.0531 0.0073 0.05910816 5
0.0473 0.0186 0.06411852 4
0.0484 0.0016 0.04899842 4
0.0513 0.0105 0.06032451 5
0.0615 0.0045 0.06490957 3
0.0493 0.0111 0.05895667 3
0.104 0.003 0.105794 1
0.0521 0.0096 0.06034396 5
0.0677 0.0025 0.06911255 2
0.0592 0.0015 0.05970084 4
0.0716 0.0011 0.07170728 4
0.0556 0.0066 0.06105446 8
0.0514 0.0226 0.07191136 1
0.0482 0.0135 0.06018649 4
0.0609 0.0043 0.06402349 3
0.057 0.0073 0.06295698 3
0.0478 0.0055 0.05242631 12
0.048 0.0148 0.06140784 10
0.0543 0.0126 0.0655003 7
0.0731 0.003 0.07495814 3
0.0639 0.0115 0.07385408 5
0.0573 0.013 0.06873063 4
0.0661 0.0028 0.06778282 1
0.0549 0.0053 0.05920561 8
0.057 0.0049 0.06119168 6
0.0521 0.0097 0.06035555 2
0.0484 0.0071 0.05423518 4
0.0438 0.014 0.05642805 7
0.0531 0.0038 0.05575516 2
0.0587 0.0052 0.06267204 3
0.0438 0.0043 0.04696012 3
0.0689 0.0021 0.06992531 1
0.0563 0.0082 0.06310184 1
0.0938 0.0053 0.09783412 6
0.0542 0.0088 0.06160024 3
0.0486 0.0051 0.05274522 6
0.0389 0.0152 0.05256754 2
0.0756 0.0047 0.07902494 2
0.0482 0.0119 0.05858552 1
0.0706 0.0033 0.07285586 5
0.0622 0.0117 0.0723627 4
0.0612 0.0126 0.07210168 1
0.0432 0.005 0.04707904 3
0.0727 0.0042 0.07567677 2
0.0506 0.0164 0.06527336 3
0.0466 0.0055 0.05090986 4
0.0554 0.015 0.06865468 3
0.0745 0.0029 0.07626683 2
0.0614 0.0043 0.06467389 6
0.0477 0.0054 0.05189452 1
0.0922 0.0014 0.09256352 1
0.0552 0.0015 0.0556729 1
0.0621 0.0018 0.06294416 4
0.0481 0.0138 0.06030496 3
0.0646 0.0032 0.06667435 4
0.0675 0.0036 0.06994067 3
0.0515 0.0033 0.05374896 4
0.0457 0.0079 0.05233391 6
0.0382 0.0163 0.05298292 2
0.0778 0.0019 0.07863088 1
0.0553 0.0053 0.05936846 2
0.0588 0.0093 0.06667334 5
0.0653 0.0052 0.06923842 8
0.05 0.0091 0.0577155 3
0.0468 0.0094 0.0548571 4
0.0496 0.0042 0.05268642 4
0.0714 0.0078 0.07772128 1
0.0459 0.0189 0.06319815 6
0.0629 0.0049 0.06655859 1
0.0966 0.0012 0.09678088 1
0.0522 0.0033 0.05438326 2
0.0635 0.0029 0.06528231 2
0.0475 0.0187 0.06439447 6
0.0552 0.0117 0.06534338 5
0.0678 0.004 0.07063135 4
0.0507 0.0039 0.0534657 5
0.102 0.006 0.10660712 3
0.0562 0.0101 0.064803 2
0.0676 0.0115 0.07740266 2
0.0571 0.0095 0.06520701 5
0.0843 0.0062 0.08907108 3
0.0816 0.0037 0.08442129 4
0.0457 0.0168 0.06084668 4
0.055 0.0157 0.06894293 7
0.0663 0.0105 0.07529984 5
0.0632 0.0075 0.06930831 4
0.0806 0.005 0.08428668 4
0.0469 0.007 0.0526422 2
0.0466 0.0183 0.06323024 4
0.0784 0.0076 0.08451419 4
0.0478 0.0134 0.05963735 5
0.0507 0.0137 0.06277248 3
0.0795 0.003 0.08135968 3
0.0581 0.0162 0.07261033 6
0.0763 0.0087 0.08354032 4
0.0787 0.0127 0.08953315 4
0.0564 0.0087 0.06368966 2
0.0797 0.0058 0.08414672 4
0.0564 0.0068 0.06196872 6
0.0618 0.0125 0.07264804 6
0.0554 0.0027 0.05707446 3
0.0703 0.0073 0.07619286 3
0.0662 0.0041 0.06912494 3
0.0406 0.0164 0.05544242 3
0.044 0.0177 0.06003384 4
0.0641 0.0076 0.07028354 1
0.0604 0.0083 0.06728856 6
0.0526 0.0158 0.06664072 4
0.0521 0.0126 0.06320049 10
0.0554 0.005 0.05919813 8
0.0536 0.0117 0.06380742 5
0.0538 0.0058 0.05838167 5
0.05 0.0066 0.05536363 11
0.0649 0.0117 0.07495491 2
0.0679 0.0027 0.06978471 4
0.0489 0.0167 0.06384797 1
0.0702 0.0017 0.07085504 4
0.0774 0.0042 0.08037286 5
0.0525 0.0057 0.05706234 10
0.0621 0.0115 0.0720067 3
0.0789 0.0015 0.07942468 4
0.0497 0.0112 0.05948886 5
0.0621 0.0109 0.07143855 6
0.0572 0.0109 0.06658449 4
0.0931 0.0038 0.09564212 1
0.0657 0.0095 0.07366429 3
0.0751 0.0104 0.08385348 3
0.0544 0.0117 0.06462583 3
0.0706 0.0039 0.07329991 3
0.0663 0.0126 0.0772128 11
0.0601 0.0046 0.0635391 8
0.0786 0.0075 0.08465688 4
0.0769 0.0045 0.08016373 4
0.0781 0.0015 0.07856585 2
0.0702 0.0077 0.07646942 4
0.0506 0.0081 0.05738993 3
0.0573 0.0081 0.06400894 3
0.065 0.0135 0.07675276 6
0.0792 0.0047 0.08275567 4
0.0578 0.0105 0.06677864 7
0.0989 0.0055 0.10299251 5
0.055 0.0102 0.06374395 6
0.0631 0.007 0.06873196 3
0.0729 0.0042 0.07586992 1
0.059 0.0075 0.06516919 8
0.0961 0.0042 0.0989999 5
0.0533 0.0117 0.0634509 6
0.0729 0.0039 0.07559325 3
0.0745 0.0048 0.07806 3
0.073 0.0121 0.08330992 5
0.0512 0.0245 0.07354037 3
0.0655 0.0104 0.0742937 1
0.091 0.0052 0.09486526 4
0.0545 0.0143 0.06714729 4
0.057 0.01 0.06556848 7
0.0643 0.0068 0.06974824 3
0.0729 0.0031 0.07485339 3
0.0614 0.01 0.06989374 5
0.0671 0.0121 0.07748957 3
0.092 0.0025 0.09337604 2
0.0614 0.0043 0.06463834 10
0.0581 0.0093 0.06592607 1
0.0803 0.0024 0.08171664 4
0.0479 0.0123 0.05867944 4
0.0521 0.0073 0.05810918 7
0.0561 0.0107 0.0652896 4
0.079 0.0014 0.07938203 2
0.0679 0.0123 0.07850077 4
0.0683 0.0107 0.07734719 1
0.0542 0.0159 0.06834904 5
0.0705 0.0029 0.07226795 1
0.0789 0.003 0.080773 4
0.0536 0.0079 0.06015174 6
0.0737 0.0043 0.07676892 3
0.0605 0.0089 0.06800593 9
0.0506 0.0074 0.05668649 3
0.1027 0.0075 0.10854324 2
0.0548 0.0141 0.0673085 7
0.0636 0.0159 0.07757387 3
0.0574 0.0044 0.06060824 1
0.0587 0.012 0.06915566 7
0.0627 0.013 0.07401794 6
0.0636 0.0086 0.0707632 4
0.0608 0.0054 0.06494453 5
0.0476 0.0157 0.06170031 10
0.0775 0.0057 0.08185624 4
0.0615 0.019 0.07843325 6
0.0674 0.0071 0.0731042 3
0.0562 0.0112 0.06608219 8
0.0476 0.013 0.0590408 1
0.0684 0.0036 0.0708334 2
0.0634 0.0067 0.06876936 5
0.0572 0.0124 0.06811574 10
0.0583 0.0013 0.05862347 3
0.0589 0.0013 0.05952302 9
0.0487 0.0262 0.07272337 2
0.0558 0.0021 0.05709595 7
0.0623 0.0053 0.06644369 8
0.0603 0.0056 0.06470317 9
0.0718 0.0113 0.08142071 5
0.0574 0.0107 0.06655292 1
0.0636 0.0062 0.06851337 3
0.0534 0.0188 0.07036112 9
0.058 0.003 0.06000532 6
0.0528 0.0054 0.05699087 4
0.0583 0.0081 0.06505438 4
0.0645 0.0054 0.06873945 9
0.0494 0.007 0.0551487 5
0.0607 0.014 0.07293931 7
0.0744 0.0055 0.0785814 3
0.0594 0.0075 0.0655835 7
0.0551 0.0042 0.05830008 8
0.065 0.0059 0.06959546 4
0.0456 0.0071 0.05149775 5
0.0616 0.0015 0.06243314 6
0.0633 0.0076 0.06952524 5
0.0712 0.0053 0.0752275 4
0.0599 0.0096 0.06814232 9
0.053 0.0046 0.05660528 12
0.0535 0.0119 0.06391305 6
0.0593 0.0042 0.06233799 6
0.0511 0.0125 0.06205827 5
0.0598 0.0094 0.06778027 5
0.0642 0.0024 0.06565684 10
0.0554 0.0027 0.05708755 5
0.0549 0.0092 0.06273074 5
0.0609 0.0034 0.06335926 4
0.067 0.007 0.07267239 5
0.0568 0.0017 0.05793005 12
0.063 0.0133 0.07455567 4
0.0679 0.0038 0.07052427 4
0.0637 0.0068 0.06929993 9
0.0671 0.0012 0.06743444 7
0.0607 0.0101 0.0693641 6
0.0652 0.0023 0.06653225 7
0.0572 0.0116 0.06721585 7
0.0527 0.0123 0.06351322 6
0.0663 0.008 0.07288448 2
0.0578 0.0115 0.06780215 5
0.0678 0.0042 0.07107391 11
0.0629 0.0056 0.06727457 9
0.0576 0.0068 0.0631993 6
0.0659 0.0027 0.06752114 4
0.0569 0.0051 0.06078123 3
0.0609 0.0102 0.069629 7
0.0523 0.0134 0.06407892 3
0.0585 0.013 0.06981648 2
0.0685 0.0077 0.07476455 2
0.0568 0.0093 0.06467046 5
0.0642 0.0068 0.06968685 5
0.0632 0.0029 0.06509542 6
0.0646 0.0122 0.07518117 7
0.0732 0.0087 0.0803547 4
0.0557 0.0113 0.06550943 13
0.0523 0.0204 0.07074225 5
0.0518 0.0021 0.05333133 10
0.0663 0.0134 0.07797621 8
0.0521 0.0196 0.06995307 11
0.0595 0.0121 0.07014387 10
0.0579 0.0121 0.06836841 1
0.0644 0.0047 0.06788048 3
0.0593 0.0028 0.06100405 2
0.0622 0.0089 0.06980296 6
0.0633 0.0118 0.07344008 3
0.052 0.007 0.05772406 6
0.0555 0.0042 0.05890619 6
0.0702 0.0057 0.07466817 8
0.0545 0.0015 0.05500482 2
0.0684 0.0092 0.0761479 6
0.0533 0.0122 0.06406317 6
0.0539 0.0046 0.05732468 4
0.0617 0.0119 0.07194649 7
0.0702 0.002 0.07113649 5
0.0516 0.0089 0.05921996 5
0.0632 0.0114 0.07299382 5
0.0572 0.0096 0.06550374 10
0.0581 0.0023 0.05938331 4
0.0631 0.0106 0.07224213 5
0.0648 0.0179 0.080643 5
0.0587 0.0052 0.06276568 4
0.055 0.02 0.07297992 3
0.0617 0.0083 0.06881154 11
0.0544 0.0049 0.05825621 9
0.0553 0.0137 0.0674071 11
0.0646 0.0125 0.07542968 4
0.0635 0.0126 0.07447398 11
0.0745 0.0104 0.08325537 3
0.0601 0.0048 0.0637967 4
0.0509 0.0092 0.05887838 9
0.0592 0.0052 0.06319862 3
0.0706 0.0067 0.07595825 4
0.0548 0.0068 0.06050411 8
0.0656 0.0056 0.06990284 1
0.0553 0.0073 0.06144344 8
0.0667 0.0087 0.07391689 4
0.0569 0.0052 0.06109206 13
0.0578 0.0127 0.06889926 7
0.062 0.0046 0.06547313 7
0.0556 0.0067 0.06120517 5
0.0781 0.0084 0.08493863 2
0.0627 0.0165 0.07725722 6
0.0634 0.0093 0.07137956 8
0.0613 0.0089 0.06893955 4
0.063 0.0162 0.07733741 5
0.0686 0.0052 0.07256581 7
0.0629 0.0017 0.06356017 5
0.0633 0.0057 0.06777573 3
0.0625 0.0114 0.0722791 4
0.0606 0.008 0.06721173 3
0.0696 0.0058 0.07407495 3
0.0754 0.009 0.08281274 5
0.0644 0.005 0.06816925 5
0.0681 0.0039 0.07081568 4
0.0695 0.0066 0.07471697 2
0.0566 0.004 0.05945804 7
0.0676 0.0114 0.07747574 8
0.0845 0.0115 0.09412981 2
0.0694 0.0035 0.07176768 6
0.0647 0.0013 0.06508255 4
0.0535 0.0056 0.05792864 4
0.0581 0.0106 0.0671662 5
0.0755 0.0051 0.07931195 5
0.0637 0.0061 0.06855396 4
0.0633 0.0122 0.07387113 6
0.0595 0.0065 0.06480075 9
0.0595 0.0065 0.06473237 9
0.06 0.0045 0.06339249 5
0.0671 0.0085 0.07416205 8
0.0647 0.0065 0.0699386 5
0.0779 0.007 0.08347096 5
0.0567 0.0122 0.06740267 7
0.0569 0.0073 0.06284783 1
0.0662 0.0039 0.06904082 10
0.0617 0.0026 0.06326062 3
0.063 0.0085 0.07016872 6
0.0519 0.0104 0.06107468 4
0.0648 0.0066 0.07005782 4
0.0599 0.0105 0.06894905 12
0.0572 0.0232 0.07819471 5
0.064 0.0051 0.06808956 11
0.0631 0.0053 0.06722504 7
0.0649 0.0079 0.07141973 6
0.0661 0.0037 0.06868454 6
0.0638 0.007 0.06943545 3
0.0635 0.0133 0.07518289 16
0.0738 0.0042 0.07678296 4
0.0677 0.0082 0.07449529 7
0.0597 0.0065 0.06497055 6
0.0576 0.0022 0.05873208 1
0.0743 0.0103 0.08300569 5
0.0574 0.0131 0.06881756 1
0.0766 0.0073 0.08243653 3
0.0708 0.006 0.07568674 7
0.0468 0.0038 0.04989819 15
0.0639 0.0053 0.06792983 2
0.0783 0.0014 0.07867202 4
0.0659 0.002 0.06691237 4
0.0539 0.007 0.05973204 5
0.0709 0.002 0.07188642 8
0.0711 0.0102 0.07971406 6
0.0593 0.0041 0.06226654 4
0.0685 0.0056 0.07291959 7
0.0591 0.0104 0.06807332 6
0.0674 0.0095 0.07538825 4
0.0552 0.0083 0.06210434 1
0.0635 0.0167 0.07822524 4
0.0684 0.007 0.07403844 4
0.0641 0.0153 0.0775048 3
0.0712 0.0059 0.07579105 8
0.0504 0.0159 0.06463351 7
0.0656 0.0045 0.06889554 3
0.0715 0.006 0.07618374 6
0.0667 0.0081 0.07339051 5
0.0641 0.0028 0.06589165 6
0.0591 0.0254 0.08216185 5
0.0643 0.0078 0.07080541 8
0.0573 0.01 0.0658269 3
0.0688 0.0145 0.08141256 5
0.058 0.0122 0.06867794 9
0.0621 0.0083 0.06907802 4
0.0627 0.011 0.07214832 7
0.0668 0.0054 0.07098096 5
0.0576 0.011 0.06721592 5
0.0669 0.0035 0.06928219 3
0.0669 0.0134 0.07848604 2
0.0602 0.0055 0.0644628 4
0.0713 0.0103 0.08002753 8
0.0638 0.0021 0.06486171 4
0.0705 0.0086 0.0777242 5
0.0668 0.0077 0.07314475 6
0.072 0.0102 0.08055394 5
0.0683 0.0104 0.07710579 5
0.0623 0.0078 0.06886057 9
0.0614 0.0068 0.06697452 10
0.0747 0.0098 0.08288136 4
0.0657 0.0065 0.07101045 7
0.0562 0.0088 0.06373303 7
0.0675 0.0052 0.07146268 4
0.0711 0.0055 0.0753112 7
0.0831 0.0079 0.08947802 12
0.0603 0.0147 0.07320923 3
0.0661 0.0077 0.07257468 10
0.0661 0.007 0.07176227 5
0.0672 0.008 0.07374545 5
0.0676 0.0104 0.07640498 9
0.0656 0.0014 0.06601244 5
0.0695 0.0087 0.0766909 4
0.0754 0.0065 0.08049804 4
0.0693 0.0026 0.07112353 6
0.0614 0.0048 0.065048 3
0.062 0.0062 0.06722854 12
0.0691 0.0051 0.07298831 5
0.059 0.0066 0.06432431 3
0.0576 0.0049 0.0615035 16
0.0623 0.009 0.06995749 11
0.0611 0.0042 0.06410768 1
0.0746 0.0092 0.082205 2
0.064 0.0092 0.07189799 8
0.067 0.0041 0.06992321 6
0.0592 0.011 0.06875858 3
0.063 0.0077 0.06930653 3
0.066 0.0149 0.07911883 4
0.0622 0.0071 0.06801023 6
0.066 0.0058 0.07067088 10
0.0707 0.0098 0.0789532 4
0.0608 0.0105 0.06984408 7
0.0646 0.0088 0.07201521 9
0.0678 0.0052 0.07186955 6
0.0608 0.0069 0.06641501 5
0.0688 0.0027 0.07061855 6
0.0655 0.0115 0.0753809 4
0.0634 0.0118 0.07356272 7
0.0653 0.0098 0.07357977 5
0.0686 0.005 0.0724258 4
0.0649 0.0041 0.06791713 7
0.0528 0.0057 0.05744275 8
0.0639 0.0064 0.06901667 5
0.0664 0.0164 0.08081865 6
0.0662 0.0047 0.06974639 10
0.0612 0.0057 0.06572644 11
0.0633 0.0075 0.06943782 6
0.0624 0.0096 0.0705197 4
0.077 0.0034 0.07921837 2
0.0636 0.0035 0.06603627 7
0.0694 0.005 0.07314978 3
0.0727 0.0137 0.08462364 8
0.0586 0.0088 0.06596936 4
0.065 0.0114 0.07475284 6
0.0699 0.0085 0.07690789 5
0.0623 0.0093 0.07011417 3
0.0714 0.0045 0.0747415 3
0.0587 0.0121 0.06924239 6
0.075 0.006 0.07963008 2
0.0546 0.0056 0.05916965 7
0.086 0.0052 0.08984681 3
0.0645 0.0158 0.07838075 6
0.0815 0.0027 0.08318928 5
0.0463 0.0059 0.05110397 5
0.0756 0.0127 0.08648822 6
0.0597 0.0087 0.06708779 6
0.0907 0.0054 0.09473241 2
0.0637 0.0123 0.07431471 8
0.0547 0.0029 0.05660466 2
0.0777 0.0011 0.07802397 6
0.0648 0.0148 0.07792579 7
0.067 0.0101 0.07551921 5
0.0626 0.0105 0.07156054 5
0.0626 0.0048 0.0664255 8
0.0725 0.0038 0.07537539 9
0.0653 0.0041 0.06835709 10
0.0639 0.0081 0.07067168 13
0.0678 0.0066 0.07305826 3
0.0697 0.0048 0.07326583 7
0.071 0.0109 0.08021867 6
0.079 0.0018 0.07976272 4
0.0624 0.0053 0.0666168 10
0.0728 0.0011 0.0731129 8
0.0855 0.0057 0.0898144 2
0.0666 0.0057 0.07111669 5
0.06 0.0186 0.07675132 4
0.079 0.0068 0.08435141 5
0.0571 0.0128 0.06823802 1
0.0591 0.0096 0.06720194 2
0.063 0.0165 0.07766299 7
0.0726 0.0062 0.07747425 5
0.0676 0.0032 0.06965348 1
0.0642 0.0168 0.07910759 4
0.0663 0.0075 0.07244714 5
0.0612 0.0082 0.06800058 2
0.0673 0.0046 0.07067856 6
0.0878 0.003 0.08964499 4
0.071 0.0043 0.07415713 6
0.0591 0.0026 0.06083441 13
0.0638 0.0079 0.07054122 6
0.0732 0.0084 0.08011855 5
0.0659 0.0096 0.07402425 4
0.0602 0.0043 0.0634453 6
0.069 0.0089 0.07646145 7
0.0742 0.0062 0.07924697 9
0.0838 0.0067 0.08902804 1
0.0676 0.0038 0.07026364 5
0.0642 0.0041 0.06721659 9
0.0698 0.008 0.07636764 6
0.0712 0.0243 0.09289435 7
0.07 0.0079 0.07648278 7
0.0775 0.0109 0.08664781 4
0.0785 0.0077 0.08468238 3
0.0683 0.0088 0.0755935 6
0.0631 0.0102 0.07186122 4
0.065 0.0034 0.06732986 3
0.0668 0.0068 0.07227917 6
0.0677 0.0078 0.07404908 3
0.0605 0.0082 0.06738449 9
0.0669 0.0074 0.07296003 5
0.0704 0.006 0.07511414 6
0.0658 0.0031 0.06780227 3
0.0788 0.0105 0.08758697 7
0.0696 0.0124 0.08025003 8
0.0674 0.0175 0.08285998 8
0.0653 0.0061 0.07014081 8
0.0664 0.0078 0.0728851 3
0.0719 0.0084 0.07877662 4
0.0693 0.0114 0.07901894 11
0.0682 0.0066 0.07345575 7
0.0723 0.0063 0.07728202 6
0.0799 0.0036 0.08235725 9
0.067 0.0091 0.07471645 6
0.065 0.0094 0.07296935 5
0.0722 0.0047 0.07564208 3
0.0669 0.0044 0.0702447 6
0.0669 0.0067 0.07222757 2
0.0743 0.0059 0.07884859 3
0.0669 0.0072 0.07272408 4
0.0719 0.0049 0.07565259 11
0.0599 0.0183 0.07623002 4
0.0721 0.0101 0.08057581 8
0.0627 0.0084 0.06966509 4
0.081 0.0059 0.08554419 3
0.066 0.0124 0.07671664 3
0.0666 0.0114 0.07634422 6
0.0559 0.0061 0.06088474 7
0.0712 0.0084 0.07808767 2
0.0586 0.0194 0.07602717 6
0.0662 0.0022 0.06747166 9
0.0781 0.0096 0.0860574 6
0.0677 0.007 0.07333366 5
0.0796 0.0032 0.0816515 5
0.0658 0.0111 0.07525006 4
0.072 0.0145 0.08454701 3
0.0739 0.0025 0.0754252 5
0.0668 0.0094 0.07473542 9
0.0705 0.0111 0.07999931 5
0.0633 0.013 0.0746266 9
0.0763 0.0068 0.08169577 4
0.0704 0.014 0.08258418 5
0.062 0.0117 0.07216251 7
0.0788 0.0037 0.08128994 1
0.07 0.0043 0.07347178 9
0.0654 0.0044 0.06897335 14
0.0715 0.0028 0.0732635 5
0.0698 0.0136 0.08170672 9
0.0619 0.007 0.06764936 8
0.0703 0.0068 0.07570996 2
0.0714 0.0042 0.07444606 6
0.0702 0.0055 0.07453039 7
0.0709 0.0166 0.08543609 5
0.078 0.0052 0.08204331 3
0.0627 0.0037 0.06525877 4
0.0705 0.0086 0.0775787 4
0.0677 0.0082 0.07444276 8
0.068 0.0089 0.07560797 10
0.071 0.0049 0.07463465 5
0.0664 0.0072 0.0722317 5
0.0773 0.0082 0.0839938 5
0.0695 0.0044 0.0727335 7
0.0719 0.01 0.08028518 3
0.0573 0.0086 0.06474656 12
0.078 0.0101 0.08647542 8
0.0617 0.007 0.06739587 8
0.07 0.0127 0.08106159 7
0.0719 0.0076 0.07806299 6
0.0595 0.0063 0.06448995 1
0.067 0.0179 0.08281137 4
0.0763 0.0089 0.08364654 3
0.0667 0.0024 0.06830416 9
0.0628 0.0146 0.07560716 6
0.0713 0.0113 0.08099193 5
0.0684 0.0092 0.07604992 3
0.0687 0.0094 0.07654811 5
0.0726 0.0101 0.08105511 4
0.0616 0.005 0.06545427 3
0.0752 0.012 0.08539392 4
0.0889 0.0056 0.09313133 6
0.0709 0.0058 0.07541575 10
0.0735 0.0091 0.08111246 5
0.0672 0.0126 0.07806777 8
0.0668 0.0059 0.0713839 3
0.0787 0.0037 0.08119113 4
0.0649 0.0057 0.06930029 2
0.0867 0.0089 0.09396184 6
0.0601 0.0044 0.06360211 14
0.0851 0.0045 0.08833834 7
0.0708 0.0097 0.0789074 3
0.0689 0.0134 0.08048876 7
0.0611 0.0072 0.06694361 4
0.0739 0.0069 0.0794977 6
0.0633 0.0118 0.07348179 3
0.0634 0.0071 0.06912566 4
0.0685 0.0061 0.07335535 4
0.0668 0.0072 0.07264806 6
0.0779 0.0094 0.08581535 10
0.0836 0.0055 0.08774576 4
0.0688 0.0107 0.07785382 2
0.0629 0.0059 0.06758996 11
0.0664 0.0063 0.0713984 5
0.0717 0.0121 0.08219812 7
0.0983 0.0083 0.10492215 5
0.0719 0.0107 0.08094425 3
0.0791 0.0063 0.08401026 2
0.0602 0.0083 0.06716471 6
0.0667 0.0015 0.06723662 7
0.0745 0.0092 0.08211948 7
0.075 0.0038 0.0776818 8
0.066 0.0031 0.06862253 10
0.0799 0.0053 0.08391518 6
0.077 0.0047 0.08042324 3
0.0634 0.0111 0.07296529 11
0.082 0.0097 0.09002574 5
0.0712 0.0091 0.07880246 7
0.0719 0.0076 0.07819629 8
0.0632 0.0126 0.07413213 5
0.0754 0.0109 0.08464469 4
0.0663 0.0074 0.07235637 4
0.0628 0.0105 0.07178209 3
0.0654 0.0066 0.070686 5
0.0719 0.0055 0.07625058 5
0.0586 0.0156 0.07236618 2
0.0744 0.0059 0.07900404 7
0.0711 0.0045 0.07448612 6
0.0679 0.0081 0.07455202 6
0.0686 0.0087 0.07583545 6
0.0618 0.017 0.07694403 7
0.0763 0.0056 0.08056236 3
0.0678 0.0073 0.07378908 10
0.0669 0.0084 0.07400094 12
0.0719 0.0138 0.08398521 6
0.0624 0.0099 0.0709219 11
0.0713 0.007 0.07688452 3
0.0616 0.0152 0.07494096 2
0.0739 0.0032 0.07593962 1
0.059 0.0092 0.06674512 5
0.0773 0.011 0.0865555 5
0.0745 0.0079 0.08090401 2
0.0801 0.0039 0.08279305 4
0.0899 0.0011 0.09002854 3
0.0711 0.0097 0.07919495 3
0.0765 0.0128 0.0874091 1
0.0703 0.008 0.0768149 1
0.0727 0.0123 0.08320264 3
0.0719 0.0107 0.08102361 10
0.0662 0.0054 0.07044436 5
0.0671 0.0132 0.07850634 10
0.0657 0.011 0.07517417 9
0.0837 0.0064 0.08865644 3
0.0647 0.013 0.07594174 5
0.0726 0.0115 0.08243576 6
0.0713 0.0109 0.08052847 3
0.0676 0.0036 0.07013714 9
0.0742 0.0069 0.07968418 2
0.0681 0.0071 0.07379947 4
0.0628 0.0137 0.07476889 5
0.083 0.0125 0.09357976 5
0.0669 0.0133 0.0785905 9
0.0687 0.0123 0.07932167 8
0.0751 0.0078 0.08143802 4
0.0704 0.0203 0.08838213 7
0.0717 0.0087 0.07899856 10
0.0702 0.0095 0.07812292 3
0.0762 0.0091 0.08373339 6
0.0691 0.0133 0.08077633 12
0.0719 0.0074 0.07786024 4
0.0654 0.0099 0.07385425 8
0.0772 0.0051 0.08111485 10
0.0805 0.0068 0.0858389 1
0.0805 0.012 0.09063322 3
0.0717 0.012 0.0820655 6
0.073 0.0082 0.0796836 2
0.0791 0.0051 0.08295499 9
0.0665 0.0049 0.07038237 14
0.0685 0.013 0.07971284 3
0.0687 0.0099 0.07700092 2
0.0741 0.0066 0.07929289 3
0.0686 0.0189 0.08545412 9
0.0746 0.0077 0.08091049 10
0.0714 0.0092 0.07904264 3
0.0712 0.0069 0.07670384 4
0.0689 0.0042 0.07215492 8
0.0731 0.0042 0.0760828 2
0.071 0.0082 0.07774926 10
0.0808 0.0057 0.08515039 4
0.0683 0.0113 0.07792133 4
0.0719 0.0065 0.07713209 6
0.0652 0.0062 0.07033072 9
0.0657 0.0043 0.06880277 2
0.0786 0.0047 0.08201525 2
0.0701 0.0125 0.0808164 4
0.0783 0.0103 0.08691709 4
0.0688 0.0054 0.07302774 7
0.0646 0.015 0.07798165 13
0.066 0.0065 0.07137814 11
0.0696 0.0119 0.07982713 4
0.082 0.0083 0.08875024 4
0.0703 0.0079 0.07679799 11
0.0835 0.0048 0.08708475 8
0.0748 0.0077 0.08120444 9
0.0725 0.0124 0.0830849 1
0.078 0.0035 0.08031541 4
0.0636 0.0118 0.07374443 5
0.084 0.0055 0.08819385 5
0.0707 0.0068 0.07622807 11
0.0633 0.0127 0.07441156 9
0.0569 0.008 0.06363181 8
0.0762 0.0075 0.08226606 3
0.0793 0.0093 0.0869971 4
0.0705 0.0052 0.07457817 6
0.0777 0.006 0.08239213 6
0.0653 0.0142 0.07774393 8
0.0776 0.0066 0.0828945 6
0.08 0.003 0.08188667 3
0.0774 0.0027 0.07909413 7
0.0726 0.0126 0.0833716 2
0.0753 0.0062 0.08027818 6
0.0802 0.0105 0.08904227 7
0.0668 0.0104 0.07569636 6
0.0742 0.0083 0.08098308 5
0.0696 0.0102 0.07828935 8
0.0729 0.0024 0.07430751 10
0.066 0.007 0.07178503 13
0.0774 0.003 0.07926867 3
0.077 0.0095 0.08487342 4
0.0699 0.0115 0.07977235 7
0.0769 0.0081 0.08351276 4
0.0659 0.013 0.0771518 2
0.0668 0.0054 0.07095898 5
0.0694 0.0059 0.07405108 9
0.072 0.0124 0.08283934 10
0.0796 0.0078 0.08590594 3
0.0751 0.0117 0.08500713 1
0.074 0.0072 0.07978233 7
0.0695 0.0047 0.0731054 10
0.07 0.006 0.07476674 10
0.076 0.0149 0.08886282 2
0.0796 0.0057 0.08400355 6
0.067 0.0069 0.07280122 12
0.0771 0.0105 0.08594383 7
0.0817 0.011 0.09101003 8
0.073 0.0078 0.07945766 8
0.0733 0.0073 0.07919653 11
0.0807 0.0125 0.09132874 8
0.0739 0.0026 0.07554014 8
0.0713 0.0083 0.07812278 5
0.0694 0.0092 0.07711498 6
0.0743 0.012 0.08454433 5
0.0739 0.0044 0.07710398 2
0.0677 0.0185 0.08412535 7
0.078 0.0042 0.08113317 6
0.0722 0.0088 0.07945725 7
0.0693 0.0129 0.08041118 7
0.0706 0.0088 0.07788781 4
0.0662 0.0073 0.07210597 8
0.0739 0.0055 0.07816856 5
0.0723 0.0063 0.07722426 3
0.0773 0.0151 0.09035509 8
0.0675 0.0147 0.08031052 4
0.0704 0.0073 0.07658266 10
0.0745 0.0047 0.07795322 7
0.0707 0.011 0.08011576 9
0.0798 0.006 0.08460184 11
0.0715 0.0124 0.08219524 6
0.0795 0.0083 0.08632003 8
0.0716 0.0133 0.08307019 5
0.0684 0.0138 0.08044605 8
0.0755 0.0114 0.0852479 9
0.0801 0.011 0.08932511 6
0.0779 0.0066 0.08306936 1
0.0772 0.0078 0.08351457 3
0.0711 0.0058 0.07568475 5
0.0873 0.0098 0.09535917 7
0.0761 0.0094 0.08391512 5
0.0759 0.009 0.08330584 3
0.0649 0.0077 0.07131375 12
0.0671 0.0136 0.07887051 3
0.0734 0.0069 0.07903677 5
0.0703 0.0057 0.07481236 14
0.0732 0.0049 0.07686525 8
0.0728 0.009 0.08024461 5
0.0828 0.0078 0.08909637 7
0.0694 0.0081 0.07602422 4
0.0755 0.0072 0.08125574 3
0.0791 0.0051 0.08290767 3
0.0673 0.0111 0.07685672 6
0.0806 0.0081 0.08716371 6
0.0795 0.0047 0.08298988 6
0.0761 0.0096 0.08407885 3
0.0708 0.0144 0.08331844 5
0.0742 0.0095 0.0822467 6
0.0784 0.0172 0.09337522 4
0.068 0.0076 0.07419402 4
0.0723 0.0067 0.07761529 4
0.076 0.0059 0.08058437 5
0.0766 0.0081 0.08319682 6
0.0782 0.0099 0.08650508 8
0.0746 0.0063 0.07951775 2
0.0604 0.0069 0.06601301 5
0.0792 0.0067 0.08445458 2
0.0839 0.0156 0.09728966 1
0.0693 0.0162 0.08347096 2
0.0774 0.0089 0.08476697 5
0.0692 0.0085 0.0761885 1
0.0807 0.0064 0.08567936 4
0.074 0.0108 0.08308971 3
0.0672 0.0047 0.07070905 10
0.0818 0.0151 0.09484644 9
0.0741 0.0122 0.08458255 10
0.0773 0.0056 0.08176761 10
0.0628 0.0094 0.07092406 8
0.0731 0.0136 0.0848696 6
0.0724 0.0127 0.08333986 10
0.0808 0.0063 0.0857676 9
0.0652 0.0207 0.08370671 8
0.0721 0.0045 0.07539276 7
0.0777 0.0106 0.08667286 10
0.0695 0.0102 0.07821993 14
0.0713 0.0088 0.07860485 6
0.0814 0.0116 0.0912053 7
0.0653 0.0098 0.07371412 8
0.0645 0.0091 0.07230773 6
0.0781 0.0069 0.08365378 9
0.0746 0.0107 0.08362535 4
0.0749 0.0099 0.08332443 7
0.077 0.012 0.08725632 8
0.0796 0.0095 0.08745271 8
0.0755 0.0091 0.08300729 5
0.0726 0.0127 0.08364369 11
0.078 0.0092 0.08567346 7
0.0707 0.01 0.07934413 12
0.0746 0.0038 0.07726798 3
0.0716 0.0066 0.07682088 8
0.071 0.0075 0.07714109 7
0.0777 0.0093 0.08536541 3
0.0706 0.008 0.07723712 2
0.0765 0.0077 0.08273267 5
0.0771 0.0104 0.0858417 4
0.0826 0.008 0.08913788 5
0.0707 0.0072 0.07647139 3
0.0794 0.0121 0.08971886 9
0.0864 0.0079 0.09275249 6
0.0663 0.0062 0.07117902 5
0.0794 0.0171 0.09440855 8
0.0768 0.0069 0.08236073 6
0.0774 0.0048 0.08092368 2
0.0739 0.0102 0.08246042 9
0.0769 0.0143 0.08919167 3
0.0637 0.0061 0.06871084 10
0.0718 0.0078 0.07818382 4
0.0741 0.0095 0.08201373 6
0.0614 0.008 0.06814292 5
0.066 0.0043 0.06921313 7
0.0731 0.0193 0.09025456 13
0.0682 0.0108 0.07739927 7
0.0675 0.0101 0.07599716 2
0.066 0.0142 0.07834315 3
0.0694 0.0067 0.07476661 4
0.0685 0.0057 0.07324078 19
0.0729 0.0068 0.07837529 4
0.0614 0.0055 0.06585014 6
0.0924 0.008 0.0987793 6
0.0807 0.0077 0.08695292 10
0.0749 0.0126 0.08579382 9
0.0662 0.0102 0.07483782 9
0.073 0.0124 0.0835792 1
0.0755 0.008 0.08211687 5
0.0709 0.008 0.07747794 5
0.0772 0.0191 0.09404245 12
0.0721 0.0164 0.08644012 6
0.0828 0.0051 0.08667162 8
0.0663 0.0121 0.07683433 5
0.0749 0.011 0.08424101 2
0.0768 0.0082 0.08347184 4
0.0807 0.0121 0.09095869 3
0.0749 0.0133 0.08632104 4
0.0712 0.0068 0.07661828 5
0.073 0.0112 0.08254179 10
0.069 0.0107 0.07805982 3
0.0679 0.0083 0.07483535 5
0.0872 0.0085 0.09414254 3
0.0661 0.0089 0.07374125 8
0.0693 0.0083 0.07624949 5
0.0844 0.0083 0.09115763 4
0.0693 0.0107 0.07834541 2
0.0817 0.0073 0.08749159 1
0.082 0.0162 0.09607773 4
0.07 0.0097 0.07835124 9
0.0736 0.0142 0.08599512 7
0.0749 0.0138 0.08682123 9
0.0836 0.0137 0.09525663 5
0.0772 0.0062 0.08206763 9
0.0755 0.0072 0.08132975 10
0.0774 0.004 0.0802 7
0.0673 0.0149 0.08033191 7
0.0799 0.0062 0.08474791 7
0.084 0.0098 0.0921215 11
0.0823 0.0109 0.09142884 7
0.0669 0.0083 0.07373218 3
0.0763 0.0064 0.08130209 4
0.0851 0.0059 0.08958809 2
0.0827 0.0135 0.09426194 9
0.0781 0.0066 0.08340991 7
0.0841 0.0079 0.09057915 9
0.0767 0.0079 0.08308079 2
0.0777 0.0114 0.0873958 5
0.0747 0.0066 0.07993069 6
0.0794 0.0144 0.09192507 12
0.0724 0.0124 0.08318679 8
0.0805 0.0091 0.08802389 5
0.0615 0.0122 0.07205598 2
0.0757 0.0094 0.08348501 5
0.0862 0.0073 0.09204126 7
0.0768 0.011 0.08604236 2
0.0695 0.0121 0.08009301 11
0.0678 0.0098 0.07603789 2
0.0815 0.0093 0.08927047 9
0.0781 0.0114 0.08771928 3
0.0752 0.0111 0.08477444 9
0.0768 0.0081 0.08336886 6
0.0685 0.0126 0.07936586 6
0.0777 0.0072 0.08342758 2
0.0858 0.0116 0.09550112 1
0.0726 0.009 0.08013435 5
0.0714 0.0234 0.09227912 5
0.0769 0.0137 0.08870463 8
0.0736 0.0084 0.08048508 3
0.0696 0.011 0.07894132 6
0.0816 0.007 0.08713584 3
0.0828 0.0166 0.09714267 4
0.0791 0.0077 0.08537407 8
0.0728 0.0153 0.08616352 4
0.0737 0.0134 0.08525067 4
0.0635 0.0089 0.07102721 8
0.0752 0.0109 0.08438587 6
0.0686 0.0097 0.07678573 6
0.0762 0.0034 0.07851202 5
0.0741 0.0059 0.07866279 3
0.0832 0.0042 0.08614942 7
0.0808 0.0136 0.09240608 3
0.0726 0.0141 0.08478033 4
0.0718 0.0136 0.0835737 6
0.0756 0.0076 0.08177872 6
0.0832 0.0063 0.08812475 6
0.0743 0.0067 0.07981351 12
0.073 0.0136 0.08480163 9
0.0888 0.0051 0.09257174 3
0.0818 0.0086 0.0889152 8
0.068 0.0036 0.07051992 4
0.0721 0.0133 0.08359777 9
0.0845 0.0098 0.09260829 5
0.073 0.0035 0.0753722 4
0.0757 0.0061 0.0805635 4
0.0785 0.0126 0.0893026 6
0.0645 0.006 0.06931988 7
0.078 0.0033 0.08036111 6
0.067 0.0075 0.07311475 5
0.0765 0.0097 0.08454315 1
0.0828 0.0103 0.09143839 10
0.0714 0.0133 0.08288467 5
0.0762 0.0101 0.08464115 6
0.0759 0.0136 0.08757961 3
0.0753 0.0056 0.07971346 4