../../problems/clp/benchs/NMFTA/NMFTA_3.txt -i 0 --min_fr=1.0 0.631300 0.780700
../../problems/clp/benchs/NMFTA/NMFTA_3.txt -i 10 --min_fr=1.0 0.613500 0.760000
../../problems/clp/benchs/NMFTA/NMFTA_3.txt -i 14 --min_fr=1.0 0.642700 0.863800
../../problems/clp/benchs/NMFTA/NMFTA_3.txt -i 18 --min_fr=1.0 0.648300 0.779000
../../problems/clp/benchs/NMFTA/NMFTA_3.txt -i 18 --min_fr=1.0 0.408000 0.538800
../../problems/clp/benchs/NMFTA/NMFTA_3.txt -i 19 --min_fr=1.0 0.591800 0.717800
../../problems/clp/benchs/NMFTA/NMFTA_3.txt -i 24 --min_fr=1.0 0.683600 0.886500
../../problems/clp/benchs/NMFTA/NMFTA_3.txt -i 25 --min_fr=1.0 0.619100 0.823700
../../problems/clp/benchs/NMFTA/NMFTA_3.txt -i 28 --min_fr=1.0 0.597900 0.815900
../../problems/clp/benchs/NMFTA/NMFTA_3.txt -i 31 --min_fr=1.0 0.566400 0.751100
../../problems/clp/benchs/NMFTA/NMFTA_3.txt -i 35 --min_fr=1.0 0.615800 0.784700
../../problems/clp/benchs/NMFTA/NMFTA_3.txt -i 42 --min_fr=1.0 0.613600 0.775600
../../problems/clp/benchs/NMFTA/NMFTA_3.txt -i 44 --min_fr=1.0 0.669500 0.850500
../../problems/clp/benchs/NMFTA/NMFTA_3.txt -i 45 --min_fr=1.0 0.570100 0.745700
../../problems/clp/benchs/NMFTA/NMFTA_3.txt -i 65 --min_fr=1.0 0.613700 0.798800
../../problems/clp/benchs/NMFTA/NMFTA_3.txt -i 68 --min_fr=1.0 0.662700 0.830400
../../problems/clp/benchs/NMFTA/NMFTA_3.txt -i 79 --min_fr=1.0 0.708300 0.866300
../../problems/clp/benchs/NMFTA/NMFTA_3.txt -i 88 --min_fr=1.0 0.655600 0.816800
../../problems/clp/benchs/NMFTA/NMFTA_3.txt -i 91 --min_fr=1.0 0.639800 0.778500
../../problems/clp/benchs/NMFTA/NMFTA_4.txt -i 2 --min_fr=1.0 0.592900 0.813100
../../problems/clp/benchs/NMFTA/NMFTA_4.txt -i 6 --min_fr=1.0 0.675300 0.886100
../../problems/clp/benchs/NMFTA/NMFTA_4.txt -i 11 --min_fr=1.0 0.670200 0.864300
../../problems/clp/benchs/NMFTA/NMFTA_4.txt -i 22 --min_fr=1.0 0.620000 0.788900
../../problems/clp/benchs/NMFTA/NMFTA_4.txt -i 23 --min_fr=1.0 0.700300 0.849800
../../problems/clp/benchs/NMFTA/NMFTA_4.txt -i 25 --min_fr=1.0 0.646100 0.792700
../../problems/clp/benchs/NMFTA/NMFTA_4.txt -i 34 --min_fr=1.0 0.635900 0.783200
../../problems/clp/benchs/NMFTA/NMFTA_4.txt -i 35 --min_fr=1.0 0.690300 0.861100
../../problems/clp/benchs/NMFTA/NMFTA_4.txt -i 36 --min_fr=1.0 0.669000 0.811300
../../problems/clp/benchs/NMFTA/NMFTA_4.txt -i 42 --min_fr=1.0 0.604400 0.728800
../../problems/clp/benchs/NMFTA/NMFTA_4.txt -i 48 --min_fr=1.0 0.557400 0.766500
../../problems/clp/benchs/NMFTA/NMFTA_4.txt -i 49 --min_fr=1.0 0.671100 0.815000
../../problems/clp/benchs/NMFTA/NMFTA_4.txt -i 52 --min_fr=1.0 0.633800 0.762700
../../problems/clp/benchs/NMFTA/NMFTA_4.txt -i 59 --min_fr=1.0 0.565000 0.692900
../../problems/clp/benchs/NMFTA/NMFTA_4.txt -i 63 --min_fr=1.0 0.617600 0.753500
../../problems/clp/benchs/NMFTA/NMFTA_4.txt -i 66 --min_fr=1.0 0.643300 0.783700
../../problems/clp/benchs/NMFTA/NMFTA_4.txt -i 67 --min_fr=1.0 0.603700 0.749100
../../problems/clp/benchs/NMFTA/NMFTA_4.txt -i 69 --min_fr=1.0 0.643500 0.849800
../../problems/clp/benchs/NMFTA/NMFTA_4.txt -i 75 --min_fr=1.0 0.603800 0.742300
../../problems/clp/benchs/NMFTA/NMFTA_4.txt -i 82 --min_fr=1.0 0.590700 0.748200
../../problems/clp/benchs/NMFTA/NMFTA_4.txt -i 85 --min_fr=1.0 0.591300 0.757000
../../problems/clp/benchs/NMFTA/NMFTA_4.txt -i 93 --min_fr=1.0 0.623100 0.752600
../../problems/clp/benchs/NMFTA/NMFTA_4.txt -i 94 --min_fr=1.0 0.606300 0.764900
../../problems/clp/benchs/NMFTA/NMFTA_4.txt -i 99 --min_fr=1.0 0.587900 0.725900
../../problems/clp/benchs/NMFTA/NMFTA_7.txt -i 0 --min_fr=1.0 0.629500 0.756800
../../problems/clp/benchs/NMFTA/NMFTA_7.txt -i 1 --min_fr=1.0 0.585400 0.724600
../../problems/clp/benchs/NMFTA/NMFTA_7.txt -i 2 --min_fr=1.0 0.599600 0.724500
../../problems/clp/benchs/NMFTA/NMFTA_7.txt -i 17 --min_fr=1.0 0.641000 0.777700
../../problems/clp/benchs/NMFTA/NMFTA_7.txt -i 21 --min_fr=1.0 0.629600 0.779100
../../problems/clp/benchs/NMFTA/NMFTA_7.txt -i 27 --min_fr=1.0 0.608200 0.737600
../../problems/clp/benchs/NMFTA/NMFTA_7.txt -i 31 --min_fr=1.0 0.635900 0.786300
../../problems/clp/benchs/NMFTA/NMFTA_7.txt -i 40 --min_fr=1.0 0.632100 0.768000
../../problems/clp/benchs/NMFTA/NMFTA_7.txt -i 59 --min_fr=1.0 0.568500 0.705000
../../problems/clp/benchs/NMFTA/NMFTA_7.txt -i 65 --min_fr=1.0 0.566700 0.727700
../../problems/clp/benchs/NMFTA/NMFTA_7.txt -i 67 --min_fr=1.0 0.559100 0.729000
../../problems/clp/benchs/NMFTA/NMFTA_7.txt -i 69 --min_fr=1.0 0.608700 0.733300
../../problems/clp/benchs/NMFTA/NMFTA_7.txt -i 75 --min_fr=1.0 0.602600 0.740100
../../problems/clp/benchs/NMFTA/NMFTA_7.txt -i 81 --min_fr=1.0 0.588600 0.712600
../../problems/clp/benchs/NMFTA/NMFTA_7.txt -i 82 --min_fr=1.0 0.588300 0.721500
../../problems/clp/benchs/NMFTA/NMFTA_7.txt -i 88 --min_fr=1.0 0.617300 0.741500
../../problems/clp/benchs/NMFTA/NMFTA_7.txt -i 92 --min_fr=1.0 0.587600 0.718800
../../problems/clp/benchs/NMFTA/NMFTA_7.txt -i 98 --min_fr=1.0 0.609700 0.741100
../../problems/clp/benchs/NMFTA/NMFTA_8.txt -i 5 --min_fr=0.98 0.653300 0.837100
../../problems/clp/benchs/NMFTA/NMFTA_8.txt -i 7 --min_fr=0.98 0.633600 0.860700
../../problems/clp/benchs/NMFTA/NMFTA_8.txt -i 11 --min_fr=0.98 0.629400 0.767700
../../problems/clp/benchs/NMFTA/NMFTA_8.txt -i 16 --min_fr=0.98 0.515600 0.687600
../../problems/clp/benchs/NMFTA/NMFTA_8.txt -i 17 --min_fr=0.98 0.636600 0.889600
../../problems/clp/benchs/NMFTA/NMFTA_8.txt -i 28 --min_fr=0.98 0.587400 0.743000
../../problems/clp/benchs/NMFTA/NMFTA_8.txt -i 32 --min_fr=0.98 0.686100 0.844500
../../problems/clp/benchs/NMFTA/NMFTA_8.txt -i 34 --min_fr=0.98 0.444600 0.610100
../../problems/clp/benchs/NMFTA/NMFTA_8.txt -i 35 --min_fr=0.98 0.615000 0.864700
../../problems/clp/benchs/NMFTA/NMFTA_8.txt -i 40 --min_fr=0.98 0.687400 0.878300
../../problems/clp/benchs/NMFTA/NMFTA_8.txt -i 42 --min_fr=0.98 0.619500 0.762200
../../problems/clp/benchs/NMFTA/NMFTA_8.txt -i 45 --min_fr=0.98 0.593500 0.734600
../../problems/clp/benchs/NMFTA/NMFTA_8.txt -i 49 --min_fr=0.98 0.654300 0.786800
../../problems/clp/benchs/NMFTA/NMFTA_8.txt -i 51 --min_fr=0.98 0.627300 0.756000
../../problems/clp/benchs/NMFTA/NMFTA_8.txt -i 64 --min_fr=0.98 0.701900 0.878000
../../problems/clp/benchs/NMFTA/NMFTA_8.txt -i 66 --min_fr=0.98 0.617700 0.752500
../../problems/clp/benchs/NMFTA/NMFTA_8.txt -i 68 --min_fr=0.98 0.633000 0.883100
../../problems/clp/benchs/NMFTA/NMFTA_8.txt -i 71 --min_fr=0.98 0.666200 0.840600
../../problems/clp/benchs/NMFTA/NMFTA_8.txt -i 74 --min_fr=0.98 0.648200 0.792400
../../problems/clp/benchs/NMFTA/NMFTA_8.txt -i 79 --min_fr=0.98 0.707300 0.880300
../../problems/clp/benchs/NMFTA/NMFTA_8.txt -i 81 --min_fr=0.98 0.714700 0.873700
../../problems/clp/benchs/NMFTA/NMFTA_8.txt -i 84 --min_fr=0.98 0.715600 0.865800
../../problems/clp/benchs/NMFTA/NMFTA_8.txt -i 85 --min_fr=0.98 0.609400 0.826000
../../problems/clp/benchs/NMFTA/NMFTA_8.txt -i 87 --min_fr=0.98 0.647000 0.858900
../../problems/clp/benchs/NMFTA/NMFTA_8.txt -i 91 --min_fr=0.98 0.616700 0.747000
../../problems/clp/benchs/NMFTA/NMFTA_8.txt -i 93 --min_fr=0.98 0.703600 0.913100
../../problems/clp/benchs/NMFTA/NMFTA_8.txt -i 96 --min_fr=0.98 0.725000 0.905100
../../problems/clp/benchs/NMFTA/NMFTA_9.txt -i 2 --min_fr=0.98 0.587300 0.736300
../../problems/clp/benchs/NMFTA/NMFTA_9.txt -i 11 --min_fr=0.98 0.665900 0.804400
../../problems/clp/benchs/NMFTA/NMFTA_9.txt -i 13 --min_fr=0.98 0.723000 0.876700
../../problems/clp/benchs/NMFTA/NMFTA_9.txt -i 18 --min_fr=0.98 0.693400 0.850500
../../problems/clp/benchs/NMFTA/NMFTA_9.txt -i 16 --min_fr=0.98 0.700200 0.870800
../../problems/clp/benchs/NMFTA/NMFTA_9.txt -i 22 --min_fr=0.98 0.627900 0.782400
../../problems/clp/benchs/NMFTA/NMFTA_9.txt -i 33 --min_fr=0.98 0.630600 0.806400
../../problems/clp/benchs/NMFTA/NMFTA_9.txt -i 43 --min_fr=0.98 0.648900 0.846300
../../problems/clp/benchs/NMFTA/NMFTA_9.txt -i 46 --min_fr=0.98 0.611200 0.764900
../../problems/clp/benchs/NMFTA/NMFTA_9.txt -i 48 --min_fr=0.98 0.576000 0.735700
../../problems/clp/benchs/NMFTA/NMFTA_9.txt -i 53 --min_fr=0.98 0.610100 0.789100
../../problems/clp/benchs/NMFTA/NMFTA_9.txt -i 54 --min_fr=0.98 0.624600 0.752200
../../problems/clp/benchs/NMFTA/NMFTA_9.txt -i 59 --min_fr=0.98 0.572100 0.740500
../../problems/clp/benchs/NMFTA/NMFTA_9.txt -i 69 --min_fr=0.98 0.627900 0.761200
../../problems/clp/benchs/NMFTA/NMFTA_9.txt -i 71 --min_fr=0.98 0.635100 0.791600
../../problems/clp/benchs/NMFTA/NMFTA_9.txt -i 72 --min_fr=0.98 0.610100 0.745000
../../problems/clp/benchs/NMFTA/NMFTA_9.txt -i 73 --min_fr=0.98 0.674300 0.809700
../../problems/clp/benchs/NMFTA/NMFTA_9.txt -i 83 --min_fr=0.98 0.654100 0.787800
../../problems/clp/benchs/NMFTA/NMFTA_9.txt -i 85 --min_fr=0.98 0.596300 0.726100
../../problems/clp/benchs/NMFTA/NMFTA_9.txt -i 88 --min_fr=0.98 0.632400 0.768800
../../problems/clp/benchs/NMFTA/NMFTA_9.txt -i 96 --min_fr=0.98 0.604200 0.763200
../../problems/clp/benchs/NMFTA/NMFTA_9.txt -i 98 --min_fr=0.98 0.643800 0.804400
../../problems/clp/benchs/NMFTA/NMFTA_10.txt -i 13 --min_fr=0.98 0.585500 0.746500
../../problems/clp/benchs/NMFTA/NMFTA_10.txt -i 33 --min_fr=0.98 0.595300 0.736900
../../problems/clp/benchs/NMFTA/NMFTA_10.txt -i 44 --min_fr=0.98 0.606300 0.733100
../../problems/clp/benchs/NMFTA/NMFTA_10.txt -i 45 --min_fr=0.98 0.595100 0.717100
../../problems/clp/benchs/NMFTA/NMFTA_10.txt -i 53 --min_fr=0.98 0.635600 0.770500
../../problems/clp/benchs/NMFTA/NMFTA_10.txt -i 71 --min_fr=0.98 0.631100 0.770200
../../problems/clp/benchs/NMFTA/NMFTA_10.txt -i 78 --min_fr=0.98 0.615500 0.777500
../../problems/clp/benchs/NMFTA/NMFTA_10.txt -i 80 --min_fr=0.98 0.625300 0.758100
../../problems/clp/benchs/NMFTA/NMFTA_10.txt -i 90 --min_fr=0.98 0.595100 0.731500
../../problems/clp/benchs/NMFTA/NMFTA_10.txt -i 91 --min_fr=0.98 0.599300 0.749300
../../problems/clp/benchs/NMFTA/NMFTA_11.txt -i 0 --min_fr=0.98 0.635500 0.877600
../../problems/clp/benchs/NMFTA/NMFTA_11.txt -i 2 --min_fr=0.98 0.546100 0.664300
../../problems/clp/benchs/NMFTA/NMFTA_11.txt -i 16 --min_fr=0.98 0.532200 0.662300
../../problems/clp/benchs/NMFTA/NMFTA_11.txt -i 17 --min_fr=0.98 0.627000 0.847300
../../problems/clp/benchs/NMFTA/NMFTA_11.txt -i 29 --min_fr=0.98 0.367000 0.563200
../../problems/clp/benchs/NMFTA/NMFTA_11.txt -i 30 --min_fr=0.98 0.613700 0.832200
../../problems/clp/benchs/NMFTA/NMFTA_11.txt -i 46 --min_fr=0.98 0.704400 0.867700
../../problems/clp/benchs/NMFTA/NMFTA_11.txt -i 48 --min_fr=0.98 0.627500 0.755500
../../problems/clp/benchs/NMFTA/NMFTA_11.txt -i 53 --min_fr=0.98 0.660600 0.890500
../../problems/clp/benchs/NMFTA/NMFTA_11.txt -i 54 --min_fr=0.98 0.625600 0.791800
../../problems/clp/benchs/NMFTA/NMFTA_11.txt -i 57 --min_fr=0.98 0.692500 0.919400
../../problems/clp/benchs/NMFTA/NMFTA_11.txt -i 62 --min_fr=0.98 0.494900 0.598500
../../problems/clp/benchs/NMFTA/NMFTA_11.txt -i 70 --min_fr=0.98 0.639000 0.784300
../../problems/clp/benchs/NMFTA/NMFTA_11.txt -i 83 --min_fr=0.98 0.657200 0.822700
../../problems/clp/benchs/NMFTA/NMFTA_11.txt -i 85 --min_fr=0.98 0.541900 0.847000
../../problems/clp/benchs/NMFTA/NMFTA_11.txt -i 86 --min_fr=0.98 0.631200 0.809300
../../problems/clp/benchs/NMFTA/NMFTA_11.txt -i 95 --min_fr=0.98 0.642300 0.799600
../../problems/clp/benchs/NMFTA/NMFTA_14.txt -i 0 --min_fr=0.98 0.695100 0.855800
../../problems/clp/benchs/NMFTA/NMFTA_14.txt -i 1 --min_fr=0.98 0.708100 0.864700
../../problems/clp/benchs/NMFTA/NMFTA_14.txt -i 2 --min_fr=0.98 0.630300 0.797300
../../problems/clp/benchs/NMFTA/NMFTA_14.txt -i 4 --min_fr=0.98 0.688900 0.842300
../../problems/clp/benchs/NMFTA/NMFTA_14.txt -i 5 --min_fr=0.98 0.621000 0.775400
../../problems/clp/benchs/NMFTA/NMFTA_14.txt -i 11 --min_fr=0.98 0.662400 0.840100
../../problems/clp/benchs/NMFTA/NMFTA_14.txt -i 21 --min_fr=0.98 0.656500 0.840600
../../problems/clp/benchs/NMFTA/NMFTA_14.txt -i 28 --min_fr=0.98 0.593500 0.727800
../../problems/clp/benchs/NMFTA/NMFTA_14.txt -i 33 --min_fr=0.98 0.682200 0.836100
../../problems/clp/benchs/NMFTA/NMFTA_14.txt -i 43 --min_fr=0.98 0.644200 0.791600
../../problems/clp/benchs/NMFTA/NMFTA_14.txt -i 44 --min_fr=0.98 0.644900 0.780000
../../problems/clp/benchs/NMFTA/NMFTA_14.txt -i 48 --min_fr=0.98 0.563200 0.709000
../../problems/clp/benchs/NMFTA/NMFTA_14.txt -i 53 --min_fr=0.98 0.613100 0.755900
../../problems/clp/benchs/NMFTA/NMFTA_14.txt -i 71 --min_fr=0.98 0.616500 0.754700
../../problems/clp/benchs/NMFTA/NMFTA_14.txt -i 72 --min_fr=0.98 0.621500 0.751900
../../problems/clp/benchs/NMFTA/NMFTA_14.txt -i 87 --min_fr=0.98 0.549100 0.670800
../../problems/clp/benchs/NMFTA/NMFTA_14.txt -i 93 --min_fr=0.98 0.598600 0.720500
../../problems/clp/benchs/NMFTA/NMFTA_14.txt -i 96 --min_fr=0.98 0.608400 0.755700
../../problems/clp/benchs/NMFTA/NMFTA_15.txt -i 8 --min_fr=0.98 0.633900 0.773000
../../problems/clp/benchs/NMFTA/NMFTA_15.txt -i 23 --min_fr=0.98 0.637300 0.768700
../../problems/clp/benchs/NMFTA/NMFTA_15.txt -i 34 --min_fr=0.98 0.614200 0.761600
../../problems/clp/benchs/NMFTA/NMFTA_15.txt -i 39 --min_fr=0.98 0.593700 0.714200
../../problems/clp/benchs/NMFTA/NMFTA_15.txt -i 47 --min_fr=0.98 0.579000 0.724500
../../problems/clp/benchs/NMFTA/NMFTA_15.txt -i 48 --min_fr=0.98 0.600900 0.724600
../../problems/clp/benchs/NMFTA/NMFTA_15.txt -i 51 --min_fr=0.98 0.631900 0.758500
../../problems/clp/benchs/NMFTA/NMFTA_15.txt -i 67 --min_fr=0.98 0.591900 0.714300
../../problems/clp/benchs/NMFTA/NMFTA_15.txt -i 75 --min_fr=0.98 0.614400 0.760300
../../problems/clp/benchs/NMFTA/NMFTA_15.txt -i 95 --min_fr=0.98 0.607400 0.730600
