0.6313 +- -1.00 (1)
0.7663 +- -1.00 (1)
0.5470 +- -1.00 (1)
0.7462 +- -1.00 (1)
0.5572 +- -1.00 (1)
0.6540 +- -1.00 (1)
0.7286 +- -1.00 (1)
0.5028 +- -1.00 (1)
0.5023 +- -1.00 (1)
0.6913 +- -1.00 (1)
0.6135 +- -1.00 (1)
0.6294 +- -1.00 (1)
0.7390 +- -1.00 (1)
0.7002 +- -1.00 (1)
0.6427 +- -1.00 (1)
0.6483 +- -1.00 (1)
0.6816 +- -1.00 (1)
0.5835 +- -1.00 (1)
0.4080 +- -1.00 (1)
0.5918 +- -1.00 (1)
0.7193 +- -1.00 (1)
0.7041 +- -1.00 (1)
0.5712 +- -1.00 (1)
0.5750 +- -1.00 (1)
0.6836 +- -1.00 (1)
0.6191 +- -1.00 (1)
0.7718 +- -1.00 (1)
0.8130 +- -1.00 (1)
0.5979 +- -1.00 (1)
0.7690 +- -1.00 (1)
0.6099 +- -1.00 (1)
0.5664 +- -1.00 (1)
0.6409 +- -1.00 (1)
0.6009 +- -1.00 (1)
0.5413 +- -1.00 (1)
0.6158 +- -1.00 (1)
0.7769 +- -1.00 (1)
0.6390 +- -1.00 (1)
0.7230 +- -1.00 (1)
0.6581 +- -1.00 (1)
0.6906 +- -1.00 (1)
0.7079 +- -1.00 (1)
0.6136 +- -1.00 (1)
0.6372 +- -1.00 (1)
0.6695 +- -1.00 (1)
0.5701 +- -1.00 (1)
0.6977 +- -1.00 (1)
0.7049 +- -1.00 (1)
0.6274 +- -1.00 (1)
0.6484 +- -1.00 (1)
0.6222 +- -1.00 (1)
0.6279 +- -1.00 (1)
0.7058 +- -1.00 (1)
0.6709 +- -1.00 (1)
0.6239 +- -1.00 (1)
0.6809 +- -1.00 (1)
0.6877 +- -1.00 (1)
0.6904 +- -1.00 (1)
0.7397 +- -1.00 (1)
0.7185 +- -1.00 (1)
0.7122 +- -1.00 (1)
0.7253 +- -1.00 (1)
0.6519 +- -1.00 (1)
0.6686 +- -1.00 (1)
0.7144 +- -1.00 (1)
0.6137 +- -1.00 (1)
0.6523 +- -1.00 (1)
0.6730 +- -1.00 (1)
0.6627 +- -1.00 (1)
0.7550 +- -1.00 (1)
0.6262 +- -1.00 (1)
0.6552 +- -1.00 (1)
0.7049 +- -1.00 (1)
0.6888 +- -1.00 (1)
0.6493 +- -1.00 (1)
0.6683 +- -1.00 (1)
0.7317 +- -1.00 (1)
0.6669 +- -1.00 (1)
0.7215 +- -1.00 (1)
0.7083 +- -1.00 (1)
0.7037 +- -1.00 (1)
0.7467 +- -1.00 (1)
0.6048 +- -1.00 (1)
0.7037 +- -1.00 (1)
0.7333 +- -1.00 (1)
0.5974 +- -1.00 (1)
0.6325 +- -1.00 (1)
0.5884 +- -1.00 (1)
0.6556 +- -1.00 (1)
0.7027 +- -1.00 (1)
0.6713 +- -1.00 (1)
0.6398 +- -1.00 (1)
0.7108 +- -1.00 (1)
0.7310 +- -1.00 (1)
0.6584 +- -1.00 (1)
0.6699 +- -1.00 (1)
0.7260 +- -1.00 (1)
0.7039 +- -1.00 (1)
0.7059 +- -1.00 (1)
0.6965 +- -1.00 (1)
0.7084 +- -1.00 (1)
0.7236 +- -1.00 (1)
0.5929 +- -1.00 (1)
0.6866 +- -1.00 (1)
0.6916 +- -1.00 (1)
0.6265 +- -1.00 (1)
0.6753 +- -1.00 (1)
0.6961 +- -1.00 (1)
0.6861 +- -1.00 (1)
0.6809 +- -1.00 (1)
0.6796 +- -1.00 (1)
0.6702 +- -1.00 (1)
0.6834 +- -1.00 (1)
0.7309 +- -1.00 (1)
0.6625 +- -1.00 (1)
0.6975 +- -1.00 (1)
0.6954 +- -1.00 (1)
0.6828 +- -1.00 (1)
0.7233 +- -1.00 (1)
0.7012 +- -1.00 (1)
0.6897 +- -1.00 (1)
0.6817 +- -1.00 (1)
0.6200 +- -1.00 (1)
0.7003 +- -1.00 (1)
0.6957 +- -1.00 (1)
0.6461 +- -1.00 (1)
0.6598 +- -1.00 (1)
0.6805 +- -1.00 (1)
0.6757 +- -1.00 (1)
0.6760 +- -1.00 (1)
0.6908 +- -1.00 (1)
0.6919 +- -1.00 (1)
0.6669 +- -1.00 (1)
0.6747 +- -1.00 (1)
0.6359 +- -1.00 (1)
0.6903 +- -1.00 (1)
0.6690 +- -1.00 (1)
0.7363 +- -1.00 (1)
0.6984 +- -1.00 (1)
0.6583 +- -1.00 (1)
0.6856 +- -1.00 (1)
0.6141 +- -1.00 (1)
0.6044 +- -1.00 (1)
0.6526 +- -1.00 (1)
0.6624 +- -1.00 (1)
0.6048 +- -1.00 (1)
0.6085 +- -1.00 (1)
0.6352 +- -1.00 (1)
0.5574 +- -1.00 (1)
0.6711 +- -1.00 (1)
0.6996 +- -1.00 (1)
0.6626 +- -1.00 (1)
0.6338 +- -1.00 (1)
0.6030 +- -1.00 (1)
0.6078 +- -1.00 (1)
0.6678 +- -1.00 (1)
0.6754 +- -1.00 (1)
0.6809 +- -1.00 (1)
0.7110 +- -1.00 (1)
0.5650 +- -1.00 (1)
0.6755 +- -1.00 (1)
0.6290 +- -1.00 (1)
0.6035 +- -1.00 (1)
0.6176 +- -1.00 (1)
0.6590 +- -1.00 (1)
0.5988 +- -1.00 (1)
0.6433 +- -1.00 (1)
0.6037 +- -1.00 (1)
0.6072 +- -1.00 (1)
0.6435 +- -1.00 (1)
0.6712 +- -1.00 (1)
0.6386 +- -1.00 (1)
0.6089 +- -1.00 (1)
0.6673 +- -1.00 (1)
0.6400 +- -1.00 (1)
0.6038 +- -1.00 (1)
0.6388 +- -1.00 (1)
0.6452 +- -1.00 (1)
0.6949 +- -1.00 (1)
0.5799 +- -1.00 (1)
0.6709 +- -1.00 (1)
0.6503 +- -1.00 (1)
0.5907 +- -1.00 (1)
0.6790 +- -1.00 (1)
0.6425 +- -1.00 (1)
0.5913 +- -1.00 (1)
0.6292 +- -1.00 (1)
0.6148 +- -1.00 (1)
0.6045 +- -1.00 (1)
0.6652 +- -1.00 (1)
0.6653 +- -1.00 (1)
0.6373 +- -1.00 (1)
0.6167 +- -1.00 (1)
0.6231 +- -1.00 (1)
0.6063 +- -1.00 (1)
0.6312 +- -1.00 (1)
0.6295 +- -1.00 (1)
0.6485 +- -1.00 (1)
0.6446 +- -1.00 (1)
0.5879 +- -1.00 (1)
0.6295 +- -1.00 (1)
0.5854 +- -1.00 (1)
0.5996 +- -1.00 (1)
0.6523 +- -1.00 (1)
0.6125 +- -1.00 (1)
0.6177 +- -1.00 (1)
0.6426 +- -1.00 (1)
0.6000 +- -1.00 (1)
0.6281 +- -1.00 (1)
0.6590 +- -1.00 (1)
0.6554 +- -1.00 (1)
0.6037 +- -1.00 (1)
0.6319 +- -1.00 (1)
0.6163 +- -1.00 (1)
0.6301 +- -1.00 (1)
0.6312 +- -1.00 (1)
0.6304 +- -1.00 (1)
0.6410 +- -1.00 (1)
0.6259 +- -1.00 (1)
0.5789 +- -1.00 (1)
0.6389 +- -1.00 (1)
0.6296 +- -1.00 (1)
0.6199 +- -1.00 (1)
0.6558 +- -1.00 (1)
0.6230 +- -1.00 (1)
0.5988 +- -1.00 (1)
0.6295 +- -1.00 (1)
0.6082 +- -1.00 (1)
0.6301 +- -1.00 (1)
0.6337 +- -1.00 (1)
0.6523 +- -1.00 (1)
0.6359 +- -1.00 (1)
0.6312 +- -1.00 (1)
0.6101 +- -1.00 (1)
0.6032 +- -1.00 (1)
0.6280 +- -1.00 (1)
0.6420 +- -1.00 (1)
0.6568 +- -1.00 (1)
0.6414 +- -1.00 (1)
0.6205 +- -1.00 (1)
0.6321 +- -1.00 (1)
0.6240 +- -1.00 (1)
0.6048 +- -1.00 (1)
0.6403 +- -1.00 (1)
0.6241 +- -1.00 (1)
0.6028 +- -1.00 (1)
0.6430 +- -1.00 (1)
0.6013 +- -1.00 (1)
0.5972 +- -1.00 (1)
0.6688 +- -1.00 (1)
0.6555 +- -1.00 (1)
0.6336 +- -1.00 (1)
0.6596 +- -1.00 (1)
0.6409 +- -1.00 (1)
0.6492 +- -1.00 (1)
0.6223 +- -1.00 (1)
0.6615 +- -1.00 (1)
0.6385 +- -1.00 (1)
0.6378 +- -1.00 (1)
0.5685 +- -1.00 (1)
0.6728 +- -1.00 (1)
0.5887 +- -1.00 (1)
0.6079 +- -1.00 (1)
0.6476 +- -1.00 (1)
0.6162 +- -1.00 (1)
0.5667 +- -1.00 (1)
0.6196 +- -1.00 (1)
0.5591 +- -1.00 (1)
0.6125 +- -1.00 (1)
0.6087 +- -1.00 (1)
0.6338 +- -1.00 (1)
0.5984 +- -1.00 (1)
0.6531 +- -1.00 (1)
0.5908 +- -1.00 (1)
0.6304 +- -1.00 (1)
0.6026 +- -1.00 (1)
0.6083 +- -1.00 (1)
0.6470 +- -1.00 (1)
0.5979 +- -1.00 (1)
0.6135 +- -1.00 (1)
0.6306 +- -1.00 (1)
0.5886 +- -1.00 (1)
0.5883 +- -1.00 (1)
0.5992 +- -1.00 (1)
0.5887 +- -1.00 (1)
0.6197 +- -1.00 (1)
0.6351 +- -1.00 (1)
0.5801 +- -1.00 (1)
0.6173 +- -1.00 (1)
0.6252 +- -1.00 (1)
0.6330 +- -1.00 (1)
0.6087 +- -1.00 (1)
0.5876 +- -1.00 (1)
0.6034 +- -1.00 (1)
0.6270 +- -1.00 (1)
0.6037 +- -1.00 (1)
0.6309 +- -1.00 (1)
0.6379 +- -1.00 (1)
0.6097 +- -1.00 (1)
0.6025 +- -1.00 (1)
0.6368 +- -1.00 (1)
0.7645 +- -1.00 (1)
0.3411 +- -1.00 (1)
0.7467 +- -1.00 (1)
0.5616 +- -1.00 (1)
0.6533 +- -1.00 (1)
0.6812 +- -1.00 (1)
0.6336 +- -1.00 (1)
0.5295 +- -1.00 (1)
0.6171 +- -1.00 (1)
0.6235 +- -1.00 (1)
0.6294 +- -1.00 (1)
0.7407 +- -1.00 (1)
0.7625 +- -1.00 (1)
0.3963 +- -1.00 (1)
0.6325 +- -1.00 (1)
0.5156 +- -1.00 (1)
0.6366 +- -1.00 (1)
0.5554 +- -1.00 (1)
0.5861 +- -1.00 (1)
0.5594 +- -1.00 (1)
0.6955 +- -1.00 (1)
0.6290 +- -1.00 (1)
0.7412 +- -1.00 (1)
0.6841 +- -1.00 (1)
0.6262 +- -1.00 (1)
0.7657 +- -1.00 (1)
0.7189 +- -1.00 (1)
0.5874 +- -1.00 (1)
0.6028 +- -1.00 (1)
0.6132 +- -1.00 (1)
0.5392 +- -1.00 (1)
0.6861 +- -1.00 (1)
0.6643 +- -1.00 (1)
0.4446 +- -1.00 (1)
0.6150 +- -1.00 (1)
0.6014 +- -1.00 (1)
0.6388 +- -1.00 (1)
0.7239 +- -1.00 (1)
0.6859 +- -1.00 (1)
0.6874 +- -1.00 (1)
0.7033 +- -1.00 (1)
0.6195 +- -1.00 (1)
0.7144 +- -1.00 (1)
0.6685 +- -1.00 (1)
0.5935 +- -1.00 (1)
0.6536 +- -1.00 (1)
0.7089 +- -1.00 (1)
0.5907 +- -1.00 (1)
0.6543 +- -1.00 (1)
0.6222 +- -1.00 (1)
0.6273 +- -1.00 (1)
0.6781 +- -1.00 (1)
0.6969 +- -1.00 (1)
0.6128 +- -1.00 (1)
0.6439 +- -1.00 (1)
0.6429 +- -1.00 (1)
0.6910 +- -1.00 (1)
0.7400 +- -1.00 (1)
0.7150 +- -1.00 (1)
0.7113 +- -1.00 (1)
0.7185 +- -1.00 (1)
0.6376 +- -1.00 (1)
0.6394 +- -1.00 (1)
0.7019 +- -1.00 (1)
0.6116 +- -1.00 (1)
0.6177 +- -1.00 (1)
0.6657 +- -1.00 (1)
0.6330 +- -1.00 (1)
0.7575 +- -1.00 (1)
0.6342 +- -1.00 (1)
0.6662 +- -1.00 (1)
0.7070 +- -1.00 (1)
0.6868 +- -1.00 (1)
0.6482 +- -1.00 (1)
0.6735 +- -1.00 (1)
0.6974 +- -1.00 (1)
0.5955 +- -1.00 (1)
0.7266 +- -1.00 (1)
0.7073 +- -1.00 (1)
0.7115 +- -1.00 (1)
0.7147 +- -1.00 (1)
0.6137 +- -1.00 (1)
0.7092 +- -1.00 (1)
0.7156 +- -1.00 (1)
0.6094 +- -1.00 (1)
0.6275 +- -1.00 (1)
0.6470 +- -1.00 (1)
0.6542 +- -1.00 (1)
0.7117 +- -1.00 (1)
0.6644 +- -1.00 (1)
0.6167 +- -1.00 (1)
0.6972 +- -1.00 (1)
0.7036 +- -1.00 (1)
0.6391 +- -1.00 (1)
0.6658 +- -1.00 (1)
0.7250 +- -1.00 (1)
0.6822 +- -1.00 (1)
0.6879 +- -1.00 (1)
0.7019 +- -1.00 (1)
0.7068 +- -1.00 (1)
0.7254 +- -1.00 (1)
0.5873 +- -1.00 (1)
0.7017 +- -1.00 (1)
0.6760 +- -1.00 (1)
0.6262 +- -1.00 (1)
0.6803 +- -1.00 (1)
0.6784 +- -1.00 (1)
0.6563 +- -1.00 (1)
0.6830 +- -1.00 (1)
0.6843 +- -1.00 (1)
0.6659 +- -1.00 (1)
0.6753 +- -1.00 (1)
0.7230 +- -1.00 (1)
0.6529 +- -1.00 (1)
0.6934 +- -1.00 (1)
0.7002 +- -1.00 (1)
0.7022 +- -1.00 (1)
0.7295 +- -1.00 (1)
0.6959 +- -1.00 (1)
0.6868 +- -1.00 (1)
0.6864 +- -1.00 (1)
0.6279 +- -1.00 (1)
0.7157 +- -1.00 (1)
0.6953 +- -1.00 (1)
0.6315 +- -1.00 (1)
0.6632 +- -1.00 (1)
0.6769 +- -1.00 (1)
0.6783 +- -1.00 (1)
0.6705 +- -1.00 (1)
0.6881 +- -1.00 (1)
0.6435 +- -1.00 (1)
0.6189 +- -1.00 (1)
0.6306 +- -1.00 (1)
0.6293 +- -1.00 (1)
0.6673 +- -1.00 (1)
0.6673 +- -1.00 (1)
0.7348 +- -1.00 (1)
0.6961 +- -1.00 (1)
0.6466 +- -1.00 (1)
0.6966 +- -1.00 (1)
0.6046 +- -1.00 (1)
0.5997 +- -1.00 (1)
0.6489 +- -1.00 (1)
0.6704 +- -1.00 (1)
0.6247 +- -1.00 (1)
0.6112 +- -1.00 (1)
0.6288 +- -1.00 (1)
0.5760 +- -1.00 (1)
0.6583 +- -1.00 (1)
0.6845 +- -1.00 (1)
0.6544 +- -1.00 (1)
0.6453 +- -1.00 (1)
0.6101 +- -1.00 (1)
0.6246 +- -1.00 (1)
0.6689 +- -1.00 (1)
0.6792 +- -1.00 (1)
0.6999 +- -1.00 (1)
0.7132 +- -1.00 (1)
0.5721 +- -1.00 (1)
0.6948 +- -1.00 (1)
0.6307 +- -1.00 (1)
0.5995 +- -1.00 (1)
0.6241 +- -1.00 (1)
0.6647 +- -1.00 (1)
0.5961 +- -1.00 (1)
0.6527 +- -1.00 (1)
0.6044 +- -1.00 (1)
0.6282 +- -1.00 (1)
0.6279 +- -1.00 (1)
0.6817 +- -1.00 (1)
0.6351 +- -1.00 (1)
0.6101 +- -1.00 (1)
0.6743 +- -1.00 (1)
0.6420 +- -1.00 (1)
0.6333 +- -1.00 (1)
0.6253 +- -1.00 (1)
0.6401 +- -1.00 (1)
0.6907 +- -1.00 (1)
0.6020 +- -1.00 (1)
0.6642 +- -1.00 (1)
0.6602 +- -1.00 (1)
0.5779 +- -1.00 (1)
0.6541 +- -1.00 (1)
0.6646 +- -1.00 (1)
0.5963 +- -1.00 (1)
0.6327 +- -1.00 (1)
0.5711 +- -1.00 (1)
0.6324 +- -1.00 (1)
0.6648 +- -1.00 (1)
0.6642 +- -1.00 (1)
0.6526 +- -1.00 (1)
0.6001 +- -1.00 (1)
0.6391 +- -1.00 (1)
0.6188 +- -1.00 (1)
0.6452 +- -1.00 (1)
0.6042 +- -1.00 (1)
0.6755 +- -1.00 (1)
0.6438 +- -1.00 (1)
0.6364 +- -1.00 (1)
0.6269 +- -1.00 (1)
0.5913 +- -1.00 (1)
0.5963 +- -1.00 (1)
0.6804 +- -1.00 (1)
0.6476 +- -1.00 (1)
0.6008 +- -1.00 (1)
0.6218 +- -1.00 (1)
0.6077 +- -1.00 (1)
0.6322 +- -1.00 (1)
0.6505 +- -1.00 (1)
0.6685 +- -1.00 (1)
0.5852 +- -1.00 (1)
0.6372 +- -1.00 (1)
0.5855 +- -1.00 (1)
0.6326 +- -1.00 (1)
0.6283 +- -1.00 (1)
0.6449 +- -1.00 (1)
0.6463 +- -1.00 (1)
0.6347 +- -1.00 (1)
0.5818 +- -1.00 (1)
0.6786 +- -1.00 (1)
0.6182 +- -1.00 (1)
0.6283 +- -1.00 (1)
0.6500 +- -1.00 (1)
0.6134 +- -1.00 (1)
0.5934 +- -1.00 (1)
0.6397 +- -1.00 (1)
0.6277 +- -1.00 (1)
0.6357 +- -1.00 (1)
0.6345 +- -1.00 (1)
0.6619 +- -1.00 (1)
0.6359 +- -1.00 (1)
0.6546 +- -1.00 (1)
0.5953 +- -1.00 (1)
0.6265 +- -1.00 (1)
0.6167 +- -1.00 (1)
0.6482 +- -1.00 (1)
0.6410 +- -1.00 (1)
0.6449 +- -1.00 (1)
0.6101 +- -1.00 (1)
0.6342 +- -1.00 (1)
0.6251 +- -1.00 (1)
0.6004 +- -1.00 (1)
0.6374 +- -1.00 (1)
0.6063 +- -1.00 (1)
0.5951 +- -1.00 (1)
0.6304 +- -1.00 (1)
0.6059 +- -1.00 (1)
0.5976 +- -1.00 (1)
0.6541 +- -1.00 (1)
0.6649 +- -1.00 (1)
0.6445 +- -1.00 (1)
0.6648 +- -1.00 (1)
0.6356 +- -1.00 (1)
0.6601 +- -1.00 (1)
0.6149 +- -1.00 (1)
0.6723 +- -1.00 (1)
0.6430 +- -1.00 (1)
0.6508 +- -1.00 (1)
0.5914 +- -1.00 (1)
0.6609 +- -1.00 (1)
0.6145 +- -1.00 (1)
0.6054 +- -1.00 (1)
0.6329 +- -1.00 (1)
0.5791 +- -1.00 (1)
0.5764 +- -1.00 (1)
0.6284 +- -1.00 (1)
0.6017 +- -1.00 (1)
0.6092 +- -1.00 (1)
0.6357 +- -1.00 (1)
0.6528 +- -1.00 (1)
0.6311 +- -1.00 (1)
0.6449 +- -1.00 (1)
0.6346 +- -1.00 (1)
0.6342 +- -1.00 (1)
0.6127 +- -1.00 (1)
0.6321 +- -1.00 (1)
0.6547 +- -1.00 (1)
0.6155 +- -1.00 (1)
0.6168 +- -1.00 (1)
0.6253 +- -1.00 (1)
0.6008 +- -1.00 (1)
0.6282 +- -1.00 (1)
0.6373 +- -1.00 (1)
0.6300 +- -1.00 (1)
0.5851 +- -1.00 (1)
0.6400 +- -1.00 (1)
0.5875 +- -1.00 (1)
0.6258 +- -1.00 (1)
0.6266 +- -1.00 (1)
0.5951 +- -1.00 (1)
0.5993 +- -1.00 (1)
0.6489 +- -1.00 (1)
0.6258 +- -1.00 (1)
0.6424 +- -1.00 (1)
0.6131 +- -1.00 (1)
0.6303 +- -1.00 (1)
0.6695 +- -1.00 (1)
0.6037 +- -1.00 (1)
0.5887 +- -1.00 (1)
0.6355 +- -1.00 (1)
0.4491 +- -1.00 (1)
0.5461 +- -1.00 (1)
0.7506 +- -1.00 (1)
0.4823 +- -1.00 (1)
0.6512 +- -1.00 (1)
0.6820 +- -1.00 (1)
0.6336 +- -1.00 (1)
0.3491 +- -1.00 (1)
0.6960 +- -1.00 (1)
0.6021 +- -1.00 (1)
0.6286 +- -1.00 (1)
0.7356 +- -1.00 (1)
0.7110 +- -1.00 (1)
0.5069 +- -1.00 (1)
0.6487 +- -1.00 (1)
0.5322 +- -1.00 (1)
0.6270 +- -1.00 (1)
0.4212 +- -1.00 (1)
0.4052 +- -1.00 (1)
0.7195 +- -1.00 (1)
0.7006 +- -1.00 (1)
0.6358 +- -1.00 (1)
0.7426 +- -1.00 (1)
0.6790 +- -1.00 (1)
0.6210 +- -1.00 (1)
0.6824 +- -1.00 (1)
0.8140 +- -1.00 (1)
0.5970 +- -1.00 (1)
0.3670 +- -1.00 (1)
0.6137 +- -1.00 (1)
0.5198 +- -1.00 (1)
0.6794 +- -1.00 (1)
0.6592 +- -1.00 (1)
0.5465 +- -1.00 (1)
0.4055 +- -1.00 (1)
0.7517 +- -1.00 (1)
0.6340 +- -1.00 (1)
0.7211 +- -1.00 (1)
0.6946 +- -1.00 (1)
0.6956 +- -1.00 (1)
0.5973 +- -1.00 (1)
0.6025 +- -1.00 (1)
0.7131 +- -1.00 (1)
0.6524 +- -1.00 (1)
0.5593 +- -1.00 (1)
0.7044 +- -1.00 (1)
0.7098 +- -1.00 (1)
0.6275 +- -1.00 (1)
0.6492 +- -1.00 (1)
0.6223 +- -1.00 (1)
0.6003 +- -1.00 (1)
0.6708 +- -1.00 (1)
0.6606 +- -1.00 (1)
0.6256 +- -1.00 (1)
0.6780 +- -1.00 (1)
0.7219 +- -1.00 (1)
0.6925 +- -1.00 (1)
0.7304 +- -1.00 (1)
0.7134 +- -1.00 (1)
0.7160 +- -1.00 (1)
0.7268 +- -1.00 (1)
0.4949 +- -1.00 (1)
0.6281 +- -1.00 (1)
0.7212 +- -1.00 (1)
0.5992 +- -1.00 (1)
0.6683 +- -1.00 (1)
0.6626 +- -1.00 (1)
0.6683 +- -1.00 (1)
0.7492 +- -1.00 (1)
0.6390 +- -1.00 (1)
0.6423 +- -1.00 (1)
0.6844 +- -1.00 (1)
0.5948 +- -1.00 (1)
0.6477 +- -1.00 (1)
0.6708 +- -1.00 (1)
0.7205 +- -1.00 (1)
0.6733 +- -1.00 (1)
0.6665 +- -1.00 (1)
0.7070 +- -1.00 (1)
0.7145 +- -1.00 (1)
0.6134 +- -1.00 (1)
0.6131 +- -1.00 (1)
0.6572 +- -1.00 (1)
0.6509 +- -1.00 (1)
0.5419 +- -1.00 (1)
0.6312 +- -1.00 (1)
0.6464 +- -1.00 (1)
0.6544 +- -1.00 (1)
0.7072 +- -1.00 (1)
0.6812 +- -1.00 (1)
0.5905 +- -1.00 (1)
0.6154 +- -1.00 (1)
0.7264 +- -1.00 (1)
0.6756 +- -1.00 (1)
0.6423 +- -1.00 (1)
0.7153 +- -1.00 (1)
0.7111 +- -1.00 (1)
0.6738 +- -1.00 (1)
0.6564 +- -1.00 (1)
0.6951 +- -1.00 (1)
0.7081 +- -1.00 (1)
0.6303 +- -1.00 (1)
0.6945 +- -1.00 (1)
0.6889 +- -1.00 (1)
0.6210 +- -1.00 (1)
0.6173 +- -1.00 (1)
0.7111 +- -1.00 (1)
0.6750 +- -1.00 (1)
0.6895 +- -1.00 (1)
0.6596 +- -1.00 (1)
0.6624 +- -1.00 (1)
0.6887 +- -1.00 (1)
0.6763 +- -1.00 (1)
0.6464 +- -1.00 (1)
0.6939 +- -1.00 (1)
0.6673 +- -1.00 (1)
0.7050 +- -1.00 (1)
0.7147 +- -1.00 (1)
0.7052 +- -1.00 (1)
0.6946 +- -1.00 (1)
0.6565 +- -1.00 (1)
0.5730 +- -1.00 (1)
0.7143 +- -1.00 (1)
0.6881 +- -1.00 (1)
0.6414 +- -1.00 (1)
0.6546 +- -1.00 (1)
0.6566 +- -1.00 (1)
0.5935 +- -1.00 (1)
0.6789 +- -1.00 (1)
0.6856 +- -1.00 (1)
0.6917 +- -1.00 (1)
0.6416 +- -1.00 (1)
0.6822 +- -1.00 (1)
0.6188 +- -1.00 (1)
0.6899 +- -1.00 (1)
0.6715 +- -1.00 (1)
0.6900 +- -1.00 (1)
0.6854 +- -1.00 (1)
0.6458 +- -1.00 (1)
0.6733 +- -1.00 (1)
0.6385 +- -1.00 (1)
0.5707 +- -1.00 (1)
0.6442 +- -1.00 (1)
0.6449 +- -1.00 (1)
0.5890 +- -1.00 (1)
0.6076 +- -1.00 (1)
0.6176 +- -1.00 (1)
0.5632 +- -1.00 (1)
0.4730 +- -1.00 (1)
0.7024 +- -1.00 (1)
0.6554 +- -1.00 (1)
0.6396 +- -1.00 (1)
0.6131 +- -1.00 (1)
0.5818 +- -1.00 (1)
0.6727 +- -1.00 (1)
0.6495 +- -1.00 (1)
0.6731 +- -1.00 (1)
0.7131 +- -1.00 (1)
0.5929 +- -1.00 (1)
0.6770 +- -1.00 (1)
0.6424 +- -1.00 (1)
0.5812 +- -1.00 (1)
0.6476 +- -1.00 (1)
0.6441 +- -1.00 (1)
0.6106 +- -1.00 (1)
0.6457 +- -1.00 (1)
0.5973 +- -1.00 (1)
0.6150 +- -1.00 (1)
0.6339 +- -1.00 (1)
0.6483 +- -1.00 (1)
0.6165 +- -1.00 (1)
0.6215 +- -1.00 (1)
0.6466 +- -1.00 (1)
0.6492 +- -1.00 (1)
0.6326 +- -1.00 (1)
0.6328 +- -1.00 (1)
0.6584 +- -1.00 (1)
0.6773 +- -1.00 (1)
0.6126 +- -1.00 (1)
0.6562 +- -1.00 (1)
0.6303 +- -1.00 (1)
0.6038 +- -1.00 (1)
0.6485 +- -1.00 (1)
0.6697 +- -1.00 (1)
0.5918 +- -1.00 (1)
0.6245 +- -1.00 (1)
0.5491 +- -1.00 (1)
0.6245 +- -1.00 (1)
0.6358 +- -1.00 (1)
0.6527 +- -1.00 (1)
0.6525 +- -1.00 (1)
0.6186 +- -1.00 (1)
0.5986 +- -1.00 (1)
0.6131 +- -1.00 (1)
0.6401 +- -1.00 (1)
0.6084 +- -1.00 (1)
0.6711 +- -1.00 (1)
0.6593 +- -1.00 (1)
0.6304 +- -1.00 (1)
0.6271 +- -1.00 (1)
0.5800 +- -1.00 (1)
0.6051 +- -1.00 (1)
0.6668 +- -1.00 (1)
0.6371 +- -1.00 (1)
0.6022 +- -1.00 (1)
0.6348 +- -1.00 (1)
0.6219 +- -1.00 (1)
0.6339 +- -1.00 (1)
0.6749 +- -1.00 (1)
0.6506 +- -1.00 (1)
0.6113 +- -1.00 (1)
0.6362 +- -1.00 (1)
0.5956 +- -1.00 (1)
0.6430 +- -1.00 (1)
0.5817 +- -1.00 (1)
0.6261 +- -1.00 (1)
0.6312 +- -1.00 (1)
0.6307 +- -1.00 (1)
0.6252 +- -1.00 (1)
0.6814 +- -1.00 (1)
0.6574 +- -1.00 (1)
0.6189 +- -1.00 (1)
0.6373 +- -1.00 (1)
0.6294 +- -1.00 (1)
0.6059 +- -1.00 (1)
0.6342 +- -1.00 (1)
0.6096 +- -1.00 (1)
0.6341 +- -1.00 (1)
0.6496 +- -1.00 (1)
0.6659 +- -1.00 (1)
0.6453 +- -1.00 (1)
0.6416 +- -1.00 (1)
0.6085 +- -1.00 (1)
0.6142 +- -1.00 (1)
0.6134 +- -1.00 (1)
0.6536 +- -1.00 (1)
0.6517 +- -1.00 (1)
0.6410 +- -1.00 (1)
0.5937 +- -1.00 (1)
0.6254 +- -1.00 (1)
0.6323 +- -1.00 (1)
0.5908 +- -1.00 (1)
0.5997 +- -1.00 (1)
0.6169 +- -1.00 (1)
0.6069 +- -1.00 (1)
0.6143 +- -1.00 (1)
0.5790 +- -1.00 (1)
0.6009 +- -1.00 (1)
0.6731 +- -1.00 (1)
0.6706 +- -1.00 (1)
0.6319 +- -1.00 (1)
0.6715 +- -1.00 (1)
0.6266 +- -1.00 (1)
0.6309 +- -1.00 (1)
0.5884 +- -1.00 (1)
0.6553 +- -1.00 (1)
0.6406 +- -1.00 (1)
0.6531 +- -1.00 (1)
0.5962 +- -1.00 (1)
0.6660 +- -1.00 (1)
0.5982 +- -1.00 (1)
0.6162 +- -1.00 (1)
0.6285 +- -1.00 (1)
0.6050 +- -1.00 (1)
0.5870 +- -1.00 (1)
0.6231 +- -1.00 (1)
0.5919 +- -1.00 (1)
0.5954 +- -1.00 (1)
0.6305 +- -1.00 (1)
0.6335 +- -1.00 (1)
0.6301 +- -1.00 (1)
0.6597 +- -1.00 (1)
0.6330 +- -1.00 (1)
0.6439 +- -1.00 (1)
0.6144 +- -1.00 (1)
0.6367 +- -1.00 (1)
0.6475 +- -1.00 (1)
0.5971 +- -1.00 (1)
0.5832 +- -1.00 (1)
0.6558 +- -1.00 (1)
0.5910 +- -1.00 (1)
0.6250 +- -1.00 (1)
0.6363 +- -1.00 (1)
0.6225 +- -1.00 (1)
0.6287 +- -1.00 (1)
0.6499 +- -1.00 (1)
0.5993 +- -1.00 (1)
0.6268 +- -1.00 (1)
0.6544 +- -1.00 (1)
0.6152 +- -1.00 (1)
0.6162 +- -1.00 (1)
0.6403 +- -1.00 (1)
0.6466 +- -1.00 (1)
0.6388 +- -1.00 (1)
0.6074 +- -1.00 (1)
0.6576 +- -1.00 (1)
0.6623 +- -1.00 (1)
0.6185 +- -1.00 (1)
0.6207 +- -1.00 (1)
nan +- -1.00 (0)
nan +- -1.00 (0)
nan +- -1.00 (0)
nan +- -1.00 (0)
nan +- -1.00 (0)
nan +- -1.00 (0)
nan +- -1.00 (0)
nan +- -1.00 (0)
nan +- -1.00 (0)
nan +- -1.00 (0)
nan +- -1.00 (0)
nan +- -1.00 (0)
nan +- -1.00 (0)
nan +- -1.00 (0)
nan +- -1.00 (0)
nan +- -1.00 (0)
nan +- -1.00 (0)
nan +- -1.00 (0)
nan +- -1.00 (0)
nan +- -1.00 (0)
nan +- -1.00 (0)
nan +- -1.00 (0)
nan +- -1.00 (0)
nan +- -1.00 (0)
nan +- -1.00 (0)
nan +- -1.00 (0)
nan +- -1.00 (0)
nan +- -1.00 (0)
nan +- -1.00 (0)
nan +- -1.00 (0)
nan +- -1.00 (0)
nan +- -1.00 (0)
nan +- -1.00 (0)
nan +- -1.00 (0)
nan +- -1.00 (0)
nan +- -1.00 (0)
nan +- -1.00 (0)
nan +- -1.00 (0)
nan +- -1.00 (0)
nan +- -1.00 (0)
nan +- -1.00 (0)
nan +- -1.00 (0)
nan +- -1.00 (0)
nan +- -1.00 (0)
nan +- -1.00 (0)
nan +- -1.00 (0)
nan +- -1.00 (0)
nan +- -1.00 (0)
nan +- -1.00 (0)
nan +- -1.00 (0)
nan +- -1.00 (0)
nan +- -1.00 (0)
nan +- -1.00 (0)
nan +- -1.00 (0)
nan +- -1.00 (0)
nan +- -1.00 (0)
nan +- -1.00 (0)
nan +- -1.00 (0)
nan +- -1.00 (0)
nan +- -1.00 (0)
nan +- -1.00 (0)
nan +- -1.00 (0)
nan +- -1.00 (0)
nan +- -1.00 (0)
nan +- -1.00 (0)
nan +- -1.00 (0)
nan +- -1.00 (0)
nan +- -1.00 (0)
nan +- -1.00 (0)
nan +- -1.00 (0)
nan +- -1.00 (0)
nan +- -1.00 (0)
nan +- -1.00 (0)
nan +- -1.00 (0)
nan +- -1.00 (0)
nan +- -1.00 (0)
nan +- -1.00 (0)
nan +- -1.00 (0)
nan +- -1.00 (0)
nan +- -1.00 (0)
nan +- -1.00 (0)
nan +- -1.00 (0)
nan +- -1.00 (0)
nan +- -1.00 (0)
nan +- -1.00 (0)
nan +- -1.00 (0)
nan +- -1.00 (0)
nan +- -1.00 (0)
nan +- -1.00 (0)
nan +- -1.00 (0)
nan +- -1.00 (0)
nan +- -1.00 (0)
nan +- -1.00 (0)
nan +- -1.00 (0)
nan +- -1.00 (0)
nan +- -1.00 (0)
nan +- -1.00 (0)
nan +- -1.00 (0)
nan +- -1.00 (0)
nan +- -1.00 (0)
nan +- -1.00 (0)
nan +- -1.00 (0)
nan +- -1.00 (0)
nan +- -1.00 (0)
nan +- -1.00 (0)
nan +- -1.00 (0)
nan +- -1.00 (0)
nan +- -1.00 (0)
nan +- -1.00 (0)
nan +- -1.00 (0)
nan +- -1.00 (0)
nan +- -1.00 (0)
nan +- -1.00 (0)
nan +- -1.00 (0)
nan +- -1.00 (0)
nan +- -1.00 (0)
nan +- -1.00 (0)
nan +- -1.00 (0)
nan +- -1.00 (0)
nan +- -1.00 (0)
nan +- -1.00 (0)
nan +- -1.00 (0)
nan +- -1.00 (0)
nan +- -1.00 (0)
nan +- -1.00 (0)
nan +- -1.00 (0)
nan +- -1.00 (0)
nan +- -1.00 (0)
nan +- -1.00 (0)
nan +- -1.00 (0)
nan +- -1.00 (0)
nan +- -1.00 (0)
nan +- -1.00 (0)
nan +- -1.00 (0)
nan +- -1.00 (0)
nan +- -1.00 (0)
nan +- -1.00 (0)
nan +- -1.00 (0)
nan +- -1.00 (0)
nan +- -1.00 (0)
nan +- -1.00 (0)
nan +- -1.00 (0)
nan +- -1.00 (0)
nan +- -1.00 (0)
nan +- -1.00 (0)
nan +- -1.00 (0)
nan +- -1.00 (0)
nan +- -1.00 (0)
nan +- -1.00 (0)
nan +- -1.00 (0)
nan +- -1.00 (0)
nan +- -1.00 (0)
nan +- -1.00 (0)
nan +- -1.00 (0)
nan +- -1.00 (0)
nan +- -1.00 (0)
nan +- -1.00 (0)
nan +- -1.00 (0)
nan +- -1.00 (0)
nan +- -1.00 (0)
nan +- -1.00 (0)
nan +- -1.00 (0)
nan +- -1.00 (0)
nan +- -1.00 (0)
nan +- -1.00 (0)
nan +- -1.00 (0)
nan +- -1.00 (0)
nan +- -1.00 (0)
nan +- -1.00 (0)
nan +- -1.00 (0)
nan +- -1.00 (0)
nan +- -1.00 (0)
nan +- -1.00 (0)
nan +- -1.00 (0)
nan +- -1.00 (0)
nan +- -1.00 (0)
nan +- -1.00 (0)
nan +- -1.00 (0)
nan +- -1.00 (0)
nan +- -1.00 (0)
nan +- -1.00 (0)
nan +- -1.00 (0)
nan +- -1.00 (0)
nan +- -1.00 (0)
nan +- -1.00 (0)
nan +- -1.00 (0)
nan +- -1.00 (0)
nan +- -1.00 (0)
nan +- -1.00 (0)
nan +- -1.00 (0)
nan +- -1.00 (0)
nan +- -1.00 (0)
nan +- -1.00 (0)
nan +- -1.00 (0)
nan +- -1.00 (0)
nan +- -1.00 (0)
nan +- -1.00 (0)
nan +- -1.00 (0)
nan +- -1.00 (0)
nan +- -1.00 (0)
