0.9627 0.6563 0.6313 11
0.9852 0.779 0.7663 9
0.9583 0.5709 0.547 2
0.9705 0.769 0.7462 4
0.9654 0.5772 0.5572 2
0.9712 0.6735 0.654 4
0.9832 0.7421 0.7286 7
0.842 0.5972 0.5028 1
0.9394 0.5347 0.5023 1
0.9615 0.7192 0.6913 5
0.9277 0.6618 0.6135 8
0.9628 0.6538 0.6294 4
0.9842 0.7518 0.739 7
0.9107 0.7689 0.7002 1
0.9747 0.6597 0.6427 6
0.9778 0.6635 0.6483 5
0.9849 0.6925 0.6816 10
0.9604 0.6098 0.5835 8
0.6315 0.6462 0.408 2
0.9655 0.6136 0.5918 6
0.9721 0.7407 0.7193 7
0.9799 0.7193 0.7041 6
0.9162 0.6235 0.5712 8
0.8981 0.6592 0.575 69
0.9787 0.7009 0.6836 24
0.9769 0.6338 0.6191 2
0.9857 0.7831 0.7718 11
0.9822 0.8279 0.813 4
0.974 0.6144 0.5979 8
0.9697 0.7931 0.769 3
0.9637 0.633 0.6099 6
0.9746 0.5814 0.5664 7
0.9746 0.6579 0.6409 15
0.8993 0.6684 0.6009 8
0.9779 0.5551 0.5413 13
0.9806 0.6288 0.6158 7
0.9858 0.7902 0.7769 13
0.9716 0.6582 0.639 6
0.9808 0.7378 0.723 10
0.9804 0.6792 0.6581 28
0.9794 0.7074 0.6906 11
0.9831 0.7217 0.7079 17
0.9814 0.6259 0.6136 5
0.971 0.6622 0.6372 38
0.9772 0.6858 0.6695 9
0.9828 0.5804 0.5701 6
0.987 0.7083 0.6977 12
0.9846 0.7163 0.7049 9
0.9831 0.6391 0.6274 13
0.982 0.6611 0.6484 7
0.9818 0.6345 0.6222 9
0.9807 0.6408 0.6279 7
0.9788 0.7211 0.7058 2
0.9578 0.7019 0.6709 17
0.9831 0.6359 0.6239 15
0.9806 0.6953 0.6809 8
0.9718 0.7093 0.6877 10
0.9755 0.7118 0.6904 15
0.9881 0.75 0.7397 16
0.9819 0.7333 0.7185 16
0.9837 0.7264 0.7122 11
0.9819 0.7398 0.7253 8
0.979 0.6667 0.6519 10
0.9845 0.6805 0.6686 14
0.9799 0.7308 0.7144 22
0.9767 0.6288 0.6137 9
0.9855 0.663 0.6523 17
0.9802 0.6869 0.673 7
0.9794 0.6779 0.6627 11
0.9819 0.7707 0.755 15
0.9818 0.6389 0.6262 12
0.9772 0.6711 0.6552 10
0.9874 0.716 0.7049 24
0.9795 0.7048 0.6888 16
0.9782 0.665 0.6493 15
0.9842 0.6812 0.6683 21
0.9815 0.7473 0.7317 15
0.9739 0.6867 0.6669 12
0.9896 0.7319 0.7215 27
0.9808 0.723 0.7083 11
0.9821 0.7194 0.7037 17
0.9833 0.7609 0.7467 14
0.9766 0.6203 0.6048 11
0.9798 0.7183 0.7037 10
0.9824 0.7481 0.7333 12
0.9786 0.6107 0.5974 4
0.9832 0.6439 0.6325 7
0.9692 0.6122 0.5884 19
0.9788 0.6704 0.6556 10
0.9803 0.718 0.7027 8
0.9804 0.6875 0.6713 20
0.9837 0.6514 0.6398 11
0.9889 0.7211 0.7108 16
0.9862 0.7439 0.731 14
0.9796 0.6731 0.6584 12
0.9796 0.6864 0.6699 17
0.9814 0.7407 0.726 9
0.974 0.7241 0.7039 12
0.9863 0.7183 0.7059 27
0.9849 0.7101 0.6965 19
0.9843 0.7209 0.7084 10
0.9834 0.7383 0.7236 27
0.9758 0.6087 0.5929 19
0.9756 0.7049 0.6866 12
0.9873 0.7034 0.6916 21
0.9778 0.6413 0.6265 8
0.9863 0.687 0.6753 20
0.9661 0.7212 0.6961 8
0.9736 0.7056 0.6861 9
0.9841 0.6944 0.6809 14
0.9796 0.6947 0.6796 11
0.9807 0.6844 0.6702 10
0.9872 0.6946 0.6834 25
0.983 0.7448 0.7309 18
0.9862 0.6737 0.6625 10
0.9805 0.7131 0.6975 15
0.9801 0.7107 0.6954 12
0.9648 0.7102 0.6828 14
0.9838 0.7386 0.7233 17
0.9803 0.7179 0.7012 14
0.9739 0.7091 0.6897 7
0.9687 0.7054 0.6817 16
0.9772 0.6349 0.62 8
0.9857 0.7124 0.7003 13
0.9831 0.7103 0.6957 16
0.9796 0.6603 0.6461 17
0.9798 0.6743 0.6598 10
0.9793 0.6975 0.6805 17
0.9824 0.6899 0.6757 19
0.9825 0.6889 0.676 9
0.9804 0.7063 0.6908 15
0.9829 0.7055 0.6919 17
0.9837 0.6802 0.6669 17
0.9754 0.6933 0.6747 14
0.9808 0.6496 0.6359 14
0.9784 0.7076 0.6903 18
0.981 0.684 0.669 22
0.9774 0.7573 0.7363 15
0.9838 0.7111 0.6984 16
0.9795 0.6731 0.6583 13
0.9738 0.7077 0.6856 16
0.9763 0.6316 0.6141 15
0.9704 0.6241 0.6044 11
0.9705 0.6747 0.6526 15
0.9757 0.6821 0.6624 19
0.9696 0.625 0.6048 13
0.9733 0.6273 0.6085 14
0.9728 0.6556 0.6352 10
0.9662 0.5783 0.5574 11
0.9791 0.6887 0.6711 16
0.9705 0.7248 0.6996 19
0.9694 0.6852 0.6626 8
0.971 0.6564 0.6338 22
0.9701 0.623 0.603 14
0.9761 0.6239 0.6078 10
0.9691 0.6926 0.6678 12
0.9742 0.6964 0.6754 15
0.9744 0.7019 0.6809 14
0.9755 0.7346 0.711 19
0.9748 0.581 0.565 10
0.973 0.6986 0.6755 24
0.9768 0.648 0.629 16
0.9688 0.624 0.6035 13
0.9637 0.6418 0.6176 7
0.9732 0.6796 0.659 21
0.9779 0.6154 0.5988 17
0.9763 0.6628 0.6433 19
0.9625 0.6283 0.6037 10
0.9667 0.6298 0.6072 13
0.9704 0.6667 0.6435 17
0.9694 0.6958 0.6712 19
0.9749 0.6579 0.6386 14
0.9677 0.6331 0.6089 17
0.969 0.692 0.6673 18
0.9686 0.6625 0.64 15
0.9696 0.624 0.6038 16
0.9752 0.6585 0.6388 19
0.9753 0.6652 0.6452 13
0.9753 0.7205 0.6949 37
0.9706 0.6 0.5799 10
0.9784 0.6912 0.6709 15
0.9775 0.6707 0.6503 18
0.9709 0.6103 0.5907 12
0.9748 0.7008 0.679 17
0.9678 0.6654 0.6425 16
0.9685 0.6132 0.5913 16
0.9729 0.6496 0.6292 16
0.974 0.6341 0.6148 9
0.9691 0.6262 0.6045 14
0.9692 0.6905 0.6652 14
0.9707 0.6895 0.6653 19
0.9755 0.6568 0.6373 13
0.9696 0.6392 0.6167 16
0.9712 0.6441 0.6231 13
0.9733 0.625 0.6063 12
0.9735 0.6512 0.6312 17
0.9754 0.6489 0.6295 17
0.9755 0.6696 0.6485 18
0.9743 0.6653 0.6446 13
0.9713 0.608 0.5879 16
0.9709 0.6523 0.6295 13
0.9675 0.6071 0.5854 16
0.9715 0.6198 0.5996 13
0.9687 0.6758 0.6523 11
0.9699 0.6343 0.6125 17
0.9708 0.6401 0.6177 18
0.9741 0.6638 0.6426 18
0.976 0.6189 0.6 13
0.9703 0.6505 0.6281 22
0.9703 0.6838 0.659 23
0.9729 0.678 0.6554 19
0.9688 0.626 0.6037 20
0.9632 0.6575 0.6319 13
0.9602 0.6441 0.6163 15
0.9714 0.6523 0.6301 17
0.9708 0.6538 0.6312 18
0.9744 0.6504 0.6304 15
0.9703 0.6636 0.641 17
0.9683 0.6504 0.6259 23
0.9721 0.5978 0.5789 15
0.9668 0.6654 0.6389 23
0.9722 0.6523 0.6296 12
0.9689 0.6411 0.6199 12
0.971 0.6789 0.6558 14
0.9731 0.6429 0.623 14
0.9728 0.6218 0.5988 21
0.9664 0.6542 0.6295 18
0.9672 0.6325 0.6082 19
0.973 0.6528 0.6301 23
0.9677 0.6585 0.6337 16
0.9745 0.675 0.6523 13
0.9723 0.6585 0.6359 24
0.9662 0.6571 0.6312 17
0.9746 0.6295 0.6101 17
0.9715 0.6239 0.6032 16
0.9688 0.6516 0.628 15
0.9724 0.6642 0.642 18
0.9674 0.6818 0.6568 17
0.9695 0.6667 0.6414 20
0.9706 0.6434 0.6205 15
0.9658 0.6587 0.6321 16
0.9715 0.6481 0.624 18
0.9656 0.6298 0.6048 15
0.9713 0.6625 0.6403 12
0.9677 0.6481 0.6241 17
0.9646 0.628 0.6028 15
0.9643 0.6706 0.643 19
0.9736 0.623 0.6013 15
0.9669 0.6217 0.5972 15
0.9655 0.696 0.6688 11
0.9731 0.6792 0.6555 17
0.9716 0.6555 0.6336 17
0.9707 0.6857 0.6596 17
0.9713 0.6654 0.6409 23
0.9675 0.6767 0.6492 18
0.9706 0.6463 0.6223 20
0.9713 0.686 0.6615 23
0.9698 0.6623 0.6385 18
0.9716 0.6624 0.6378 26
0.9689 0.5893 0.5685 13
0.9705 0.6992 0.6728 19
0.964 0.6143 0.5887 20
0.9729 0.629 0.6079 12
0.9709 0.6736 0.6476 17
0.9688 0.6407 0.6162 19
0.9623 0.5926 0.5667 21
0.9679 0.6434 0.6196 19
0.967 0.582 0.5591 19
0.9683 0.6348 0.6125 12
0.971 0.6318 0.6087 18
0.9706 0.6602 0.6338 19
0.9626 0.6239 0.5984 16
0.9706 0.6815 0.6531 28
0.9656 0.6154 0.5908 17
0.9656 0.657 0.6304 16
0.9675 0.626 0.6026 15
0.9663 0.6328 0.6083 16
0.9676 0.6724 0.647 12
0.9688 0.6221 0.5979 16
0.9667 0.6402 0.6135 16
0.9696 0.6555 0.6306 18
0.9592 0.6168 0.5886 14
0.9684 0.6102 0.5883 10
0.971 0.621 0.5992 12
0.9654 0.6136 0.5887 14
0.9618 0.649 0.6197 16
0.9589 0.6667 0.6351 21
0.9649 0.6033 0.5801 8
0.9685 0.6416 0.6173 23
0.9698 0.6489 0.6252 13
0.9639 0.6614 0.633 18
0.9677 0.6336 0.6087 15
0.9609 0.614 0.5876 12
0.97 0.627 0.6034 20
0.9683 0.6535 0.627 18
0.9697 0.626 0.6037 15
0.9679 0.655 0.6309 10
0.9691 0.6639 0.6379 17
0.9659 0.636 0.6097 21
0.9663 0.6288 0.6025 13
0.9647 0.6607 0.6368 4
0.9829 0.779 0.7645 11
0.7535 0.4528 0.3411 5
0.9712 0.769 0.7467 5
0.9667 0.5809 0.5616 1
0.9701 0.6735 0.6533 6
0.933 0.7302 0.6812 5
0.9882 0.6417 0.6336 8
0.9549 0.5545 0.5295 2
0.9557 0.6577 0.6171 26
0.9456 0.6618 0.6235 12
0.9628 0.6538 0.6294 5
0.9841 0.7535 0.7407 3
0.9787 0.7803 0.7625 12
0.791 0.5084 0.3963 22
0.9778 0.6478 0.6325 7
0.8075 0.6385 0.5156 1
0.9604 0.6646 0.6366 5
0.8022 0.6923 0.5554 1
0.9687 0.608 0.5861 12
0.9359 0.6173 0.5594 44
0.9799 0.7105 0.6955 7
0.9715 0.6476 0.629 7
0.9874 0.7512 0.7412 14
0.9643 0.7094 0.6841 3
0.9827 0.6373 0.6262 3
0.9857 0.7771 0.7657 14
0.9257 0.7787 0.7189 17
0.9716 0.6059 0.5874 19
0.8496 0.7098 0.6028 8
0.9703 0.633 0.6132 8
0.9667 0.5581 0.5392 5
0.9845 0.6974 0.6861 13
0.9722 0.6842 0.6643 5
0.8824 0.5118 0.4446 30
0.9789 0.6288 0.615 9
0.9209 0.6652 0.6014 23
0.9716 0.6582 0.6388 6
0.9821 0.7378 0.7239 10
0.9792 0.7042 0.6859 15
0.9728 0.7074 0.6874 7
0.9751 0.7217 0.7033 7
0.9739 0.6364 0.6195 9
0.9877 0.7243 0.7144 12
0.9752 0.6858 0.6685 10
0.9812 0.6049 0.5935 4
0.9817 0.6667 0.6536 15
0.9835 0.7212 0.7089 7
0.9618 0.6165 0.5907 24
0.9819 0.6667 0.6543 9
0.9818 0.6345 0.6222 9
0.9796 0.6408 0.6273 6
0.9837 0.691 0.6781 17
0.9807 0.7115 0.6969 10
0.9795 0.6262 0.6128 11
0.9862 0.6563 0.6439 21
0.9702 0.6628 0.6429 5
0.9768 0.7118 0.691 19
0.9885 0.75 0.74 12
0.9828 0.7296 0.715 27
0.9835 0.7264 0.7113 21
0.9791 0.7358 0.7185 13
0.98 0.6519 0.6376 12
0.9829 0.6509 0.6394 9
0.9775 0.7192 0.7019 10
0.9793 0.625 0.6116 11
0.9702 0.6377 0.6177 12
0.9773 0.6822 0.6657 5
0.9781 0.6477 0.633 9
0.9798 0.7744 0.7575 3
0.9821 0.6468 0.6342 14
0.9802 0.6798 0.6662 5
0.9905 0.716 0.707 21
0.9756 0.7048 0.6868 16
0.9838 0.66 0.6482 8
0.9795 0.6884 0.6735 12
0.9701 0.7198 0.6974 7
0.9258 0.6467 0.5955 15
0.9896 0.7355 0.7266 11
0.9804 0.723 0.7073 16
0.9774 0.7296 0.7115 14
0.9799 0.7319 0.7147 15
0.9792 0.6278 0.6137 10
0.9867 0.7218 0.7092 15
0.9811 0.7326 0.7156 19
0.9811 0.6214 0.6094 10
0.9808 0.6402 0.6275 9
0.9772 0.6633 0.647 14
0.9775 0.6704 0.6542 14
0.9836 0.7256 0.7117 13
0.9782 0.6806 0.6644 16
0.9759 0.633 0.6167 10
0.9866 0.7085 0.6972 19
0.9794 0.7195 0.7036 16
0.9872 0.649 0.6391 15
0.9786 0.6822 0.6658 16
0.9807 0.7407 0.725 11
0.9748 0.7011 0.6822 9
0.9862 0.7007 0.6879 21
0.9793 0.7174 0.7019 10
0.9823 0.7209 0.7068 13
0.9872 0.7383 0.7254 19
0.9779 0.6014 0.5873 14
0.9826 0.7153 0.7017 13
0.9887 0.6862 0.676 12
0.984 0.6377 0.6262 15
0.9794 0.6951 0.6803 5
0.9758 0.6971 0.6784 18
0.977 0.6734 0.6563 15
0.9753 0.7014 0.683 12
0.9826 0.6985 0.6843 16
0.9804 0.6803 0.6659 14
0.9808 0.6897 0.6753 12
0.9765 0.7413 0.723 9
0.9879 0.6632 0.6529 20
0.9822 0.709 0.6934 19
0.9803 0.7149 0.7002 11
0.9687 0.7273 0.7022 11
0.9806 0.7462 0.7295 21
0.9837 0.7107 0.6959 25
0.9843 0.7 0.6868 14
0.9805 0.7016 0.6864 14
0.978 0.6429 0.6279 12
0.9853 0.7288 0.7157 21
0.9805 0.7103 0.6953 13
0.9825 0.6442 0.6315 18
0.9811 0.6789 0.6632 24
0.9803 0.6933 0.6769 20
0.986 0.6899 0.6783 12
0.9804 0.6852 0.6705 12
0.9765 0.7063 0.6881 14
0.9847 0.6541 0.6435 15
0.9732 0.6366 0.6189 11
0.9823 0.6429 0.6306 11
0.9834 0.641 0.6293 11
0.9765 0.6864 0.6673 14
0.9769 0.684 0.6673 12
0.9745 0.7573 0.7348 17
0.9803 0.7111 0.6961 11
0.9801 0.6615 0.6466 19
0.9785 0.7183 0.6966 29
0.9729 0.6241 0.6046 20
0.969 0.6204 0.5997 12
0.9762 0.6678 0.6489 13
0.9727 0.6921 0.6704 16
0.9722 0.6438 0.6247 10
0.9701 0.6318 0.6112 15
0.9671 0.6519 0.6288 10
0.9632 0.6 0.576 16
0.9731 0.6788 0.6583 16
0.9696 0.7093 0.6845 21
0.9705 0.6778 0.6544 17
0.9758 0.6656 0.6453 24
0.9685 0.631 0.6101 8
0.9697 0.646 0.6246 12
0.9697 0.6926 0.6689 19
0.9711 0.7009 0.6792 16
0.976 0.7212 0.6999 19
0.9636 0.7423 0.7132 12
0.9697 0.5915 0.5721 18
0.9674 0.7226 0.6948 19
0.9728 0.652 0.6307 16
0.9704 0.62 0.5995 18
0.9773 0.6418 0.6241 13
0.9721 0.6866 0.6647 15
0.9737 0.6154 0.5961 16
0.9755 0.6744 0.6527 21
0.971 0.6239 0.6044 13
0.9654 0.6538 0.6282 13
0.9638 0.6535 0.6279 11
0.9747 0.7042 0.6817 19
0.9747 0.6535 0.6351 16
0.9625 0.6364 0.6101 17
0.9753 0.696 0.6743 22
0.9663 0.6667 0.642 16
0.9701 0.656 0.6333 17
0.9715 0.6463 0.6253 15
0.9743 0.6609 0.6401 18
0.9772 0.7165 0.6907 32
0.9702 0.6231 0.602 17
0.975 0.6875 0.6642 26
0.975 0.6829 0.6602 28
0.961 0.6029 0.5779 7
0.9741 0.6762 0.6541 20
0.9716 0.688 0.6646 18
0.9664 0.6195 0.5963 15
0.9749 0.6535 0.6327 28
0.9719 0.5894 0.5711 19
0.9707 0.6542 0.6324 13
0.9672 0.6905 0.6648 13
0.9744 0.6855 0.6642 14
0.974 0.6737 0.6526 14
0.967 0.6234 0.6001 12
0.9726 0.661 0.6391 23
0.9734 0.6384 0.6188 19
0.973 0.6667 0.6452 15
0.9693 0.626 0.6042 17
0.9733 0.7 0.6755 18
0.9752 0.6653 0.6438 22
0.9696 0.66 0.6364 15
0.9718 0.6484 0.6269 17
0.9666 0.6143 0.5913 15
0.964 0.6198 0.5963 7
0.9713 0.707 0.6804 19
0.9618 0.6754 0.6476 18
0.9715 0.621 0.6008 13
0.9758 0.6422 0.6218 25
0.953 0.6393 0.6077 11
0.9679 0.6553 0.6322 9
0.9729 0.6752 0.6505 27
0.9665 0.6949 0.6685 11
0.9698 0.6057 0.5852 16
0.966 0.6644 0.6372 22
0.9692 0.6059 0.5855 12
0.9676 0.6563 0.6326 21
0.9748 0.6496 0.6283 17
0.9666 0.6692 0.6449 10
0.9731 0.6682 0.6463 22
0.9715 0.6585 0.6347 24
0.9704 0.6014 0.5818 13
0.9676 0.7096 0.6786 23
0.9702 0.6406 0.6182 13
0.9718 0.6492 0.6283 22
0.9704 0.6748 0.65 25
0.9688 0.6353 0.6134 13
0.9653 0.6186 0.5934 13
0.9628 0.6667 0.6397 14
0.9671 0.6538 0.6277 18
0.9642 0.662 0.6357 12
0.97 0.6585 0.6345 20
0.9736 0.6875 0.6619 19
0.973 0.6585 0.6359 17
0.9693 0.6821 0.6546 21
0.9698 0.6161 0.5953 9
0.9689 0.6496 0.6265 12
0.9684 0.6393 0.6167 11
0.966 0.6752 0.6482 23
0.9691 0.6653 0.641 19
0.9681 0.6709 0.6449 19
0.9689 0.6329 0.6101 10
0.9687 0.6587 0.6342 16
0.9672 0.6519 0.6251 24
0.9713 0.6221 0.6004 16
0.9666 0.6625 0.6374 13
0.9674 0.6296 0.6063 10
0.9674 0.6189 0.5951 17
0.9673 0.6548 0.6304 10
0.9683 0.631 0.6059 17
0.9678 0.6217 0.5976 17
0.9754 0.676 0.6541 21
0.971 0.6917 0.6649 18
0.9749 0.6681 0.6445 19
0.9759 0.6893 0.6648 19
0.9676 0.6614 0.6356 22
0.9709 0.688 0.6601 19
0.9612 0.6423 0.6149 13
0.9711 0.6977 0.6723 15
0.9701 0.6667 0.643 13
0.974 0.6752 0.6508 18
0.9685 0.6143 0.5914 16
0.9692 0.6864 0.6609 13
0.964 0.6429 0.6145 12
0.9538 0.6371 0.6054 14
0.9702 0.657 0.6329 21
0.97 0.6 0.5791 16
0.9634 0.6019 0.5764 19
0.9636 0.6557 0.6284 21
0.9651 0.6289 0.6017 21
0.9657 0.6348 0.6092 16
0.9656 0.6628 0.6357 12
0.9625 0.6836 0.6528 12
0.9666 0.6581 0.6311 23
0.9728 0.6704 0.6449 21
0.9692 0.6615 0.6346 20
0.966 0.6612 0.6342 15
0.9664 0.6382 0.6127 18
0.964 0.6602 0.6321 15
0.97 0.681 0.6547 21
0.9619 0.645 0.6155 16
0.9736 0.6402 0.6168 22
0.9757 0.6471 0.6253 18
0.9629 0.6277 0.6008 12
0.969 0.6535 0.6282 11
0.9659 0.6653 0.6373 13
0.9663 0.6591 0.63 15
0.9609 0.6126 0.5851 19
0.9618 0.6705 0.64 16
0.9601 0.6157 0.5875 18
0.9691 0.6504 0.6258 14
0.9678 0.6527 0.6266 14
0.97 0.6181 0.5951 16
0.9643 0.625 0.5993 13
0.9683 0.6765 0.6489 22
0.9696 0.6516 0.6258 14
0.9662 0.6693 0.6424 12
0.9603 0.6423 0.6131 13
0.9675 0.655 0.6303 16
0.9613 0.7017 0.6695 13
0.9692 0.628 0.6037 19
0.9651 0.6136 0.5887 13
0.9628 0.6607 0.6355 4
0.6359 0.7065 0.4491 5
0.9566 0.5709 0.5461 1
0.9728 0.7716 0.7506 2
0.9576 0.5037 0.4823 2
0.9671 0.6735 0.6512 7
0.934 0.7302 0.682 2
0.9882 0.6417 0.6336 7
0.7666 0.4554 0.3491 1
0.9631 0.7231 0.696 7
0.9456 0.6471 0.6021 33
0.9616 0.6538 0.6286 5
0.9763 0.7535 0.7356 2
0.9259 0.7689 0.711 15
0.8264 0.6134 0.5069 2
0.9735 0.6667 0.6487 4
0.978 0.5493 0.5322 33
0.9434 0.6646 0.627 1
0.648 0.65 0.4212 2
0.8248 0.5057 0.4052 39
0.9723 0.7407 0.7195 8
0.9811 0.7149 0.7006 6
0.9774 0.6506 0.6358 4
0.9892 0.7512 0.7426 12
0.9632 0.7051 0.679 7
0.9799 0.6338 0.621 4
0.9299 0.7349 0.6824 12
0.9841 0.8279 0.814 6
0.9799 0.6102 0.597 10
0.6563 0.5603 0.367 18
0.971 0.633 0.6137 8
0.9729 0.5349 0.5198 8
0.9778 0.6952 0.6794 15
0.9643 0.6842 0.6592 5
0.9779 0.5591 0.5465 7
0.8438 0.4877 0.4055 45
0.9681 0.7768 0.7517 3
0.9716 0.6531 0.634 8
0.9779 0.7378 0.7211 8
0.9804 0.7125 0.6946 17
0.9794 0.7128 0.6956 14
0.8874 0.6739 0.5973 14
0.9681 0.6224 0.6025 2
0.9851 0.7243 0.7131 9
0.9768 0.6681 0.6524 9
0.9823 0.5699 0.5593 11
0.9866 0.7153 0.7044 19
0.9857 0.7212 0.7098 10
0.9831 0.6391 0.6275 11
0.9824 0.6611 0.6492 9
0.9818 0.6345 0.6223 8
0.9824 0.6117 0.6003 6
0.988 0.6809 0.6708 19
0.9755 0.6779 0.6606 12
0.9857 0.6359 0.6256 12
0.9707 0.6992 0.678 8
0.9793 0.7384 0.7219 12
0.978 0.7118 0.6925 16
0.9784 0.7472 0.7304 11
0.9814 0.7296 0.7134 19
0.9817 0.7311 0.716 18
0.9797 0.7439 0.7268 12
0.905 0.5481 0.4949 9
0.9798 0.642 0.6281 14
0.9831 0.7346 0.7212 9
0.9777 0.6136 0.5992 9
0.9833 0.6812 0.6683 16
0.9788 0.6776 0.6626 14
0.9821 0.6812 0.6683 12
0.9786 0.7669 0.7492 9
0.9836 0.6508 0.639 12
0.9775 0.6579 0.6423 8
0.9599 0.713 0.6844 3
0.9603 0.6238 0.5948 13
0.9843 0.66 0.6477 16
0.9808 0.6848 0.6708 12
0.9643 0.7473 0.7205 4
0.973 0.6933 0.6733 12
0.9863 0.6775 0.6665 19
0.9788 0.723 0.707 10
0.9837 0.7296 0.7145 18
0.9268 0.6667 0.6134 21
0.9776 0.6278 0.6131 10
0.9841 0.669 0.6572 9
0.9139 0.7132 0.6509 14
0.9801 0.5536 0.5419 15
0.9808 0.6439 0.6312 9
0.9695 0.6684 0.6464 12
0.9764 0.6704 0.6544 7
0.9816 0.7218 0.7072 15
0.9833 0.6944 0.6812 12
0.9764 0.6055 0.5905 12
0.9871 0.6256 0.6154 24
0.9771 0.7439 0.7264 9
0.9847 0.6875 0.6756 11
0.9797 0.6568 0.6423 17
0.9799 0.7315 0.7153 15
0.9763 0.7299 0.7111 8
0.9862 0.6866 0.6738 21
0.9824 0.6703 0.6564 25
0.9808 0.7093 0.6951 12
0.9808 0.7248 0.7081 18
0.9785 0.6449 0.6303 11
0.9873 0.7049 0.6945 19
0.9887 0.7 0.6889 25
0.9809 0.6341 0.621 11
0.9804 0.6301 0.6173 9
0.9809 0.726 0.7111 15
0.9757 0.6935 0.675 18
0.9741 0.7083 0.6895 5
0.9794 0.6756 0.6596 13
0.9812 0.6762 0.6624 10
0.9878 0.6995 0.6887 26
0.9724 0.6958 0.6763 6
0.9754 0.6632 0.6464 8
0.9811 0.709 0.6939 12
0.9801 0.6818 0.6673 13
0.9748 0.7273 0.705 13
0.983 0.7311 0.7147 22
0.9795 0.7214 0.7052 13
0.9816 0.7091 0.6946 14
0.9811 0.6705 0.6565 13
0.9772 0.5873 0.573 10
0.9824 0.7288 0.7143 14
0.9765 0.7063 0.6881 12
0.9777 0.6571 0.6414 10
0.9807 0.6697 0.6546 17
0.967 0.6807 0.6566 14
0.9672 0.6163 0.5935 15
0.9818 0.6926 0.6789 10
0.9774 0.7028 0.6856 12
0.9814 0.7055 0.6917 4
0.9838 0.6541 0.6416 25
0.9817 0.6975 0.6822 21
0.9804 0.6325 0.6188 17
0.9793 0.7076 0.6899 16
0.9778 0.688 0.6715 18
0.9735 0.7136 0.69 20
0.9773 0.7037 0.6854 17
0.978 0.6615 0.6458 22
0.971 0.6972 0.6733 24
0.9707 0.6617 0.6385 18
0.9604 0.5949 0.5707 10
0.9681 0.6678 0.6442 13
0.9711 0.6656 0.6449 11
0.9692 0.6094 0.589 12
0.9736 0.6273 0.6076 18
0.9729 0.637 0.6176 14
0.9691 0.5826 0.5632 6
0.8332 0.5695 0.473 8
0.9716 0.7287 0.7024 17
0.9712 0.6778 0.6554 18
0.9663 0.6656 0.6396 12
0.9686 0.6349 0.6131 9
0.9646 0.6062 0.5818 17
0.9704 0.6967 0.6727 13
0.9739 0.6696 0.6495 13
0.9752 0.6923 0.6731 10
0.9739 0.7385 0.7131 23
0.9725 0.6127 0.5929 18
0.9776 0.6986 0.677 26
0.9731 0.664 0.6424 21
0.9708 0.6 0.5812 16
0.9682 0.6716 0.6476 11
0.9778 0.662 0.6441 12
0.9701 0.6329 0.6106 15
0.9559 0.6783 0.6457 13
0.9668 0.6195 0.5973 11
0.9666 0.6394 0.615 18
0.9683 0.6579 0.6339 12
0.9401 0.6917 0.6483 8
0.9732 0.636 0.6165 19
0.9683 0.6461 0.6215 19
0.952 0.68 0.6466 11
0.9647 0.675 0.6492 14
0.9673 0.656 0.6326 7
0.9713 0.6545 0.6328 20
0.971 0.6826 0.6584 16
0.9541 0.7126 0.6773 12
0.9678 0.6346 0.6126 14
0.9713 0.6801 0.6562 20
0.9752 0.6504 0.6303 19
0.9619 0.6287 0.6038 9
0.9695 0.6721 0.6485 17
0.9734 0.6917 0.6697 16
0.9635 0.6164 0.5918 14
0.9605 0.6535 0.6245 19
0.9741 0.565 0.5491 18
0.973 0.6449 0.6245 20
0.9655 0.6627 0.6358 17
0.9699 0.6774 0.6527 26
0.972 0.6737 0.6525 17
0.9611 0.6456 0.6186 14
0.9632 0.6229 0.5986 11
0.9568 0.6429 0.6131 15
0.9722 0.6628 0.6401 27
0.9709 0.6298 0.6084 16
0.9716 0.6957 0.6711 20
0.975 0.6822 0.6593 25
0.9734 0.652 0.6304 13
0.9664 0.6523 0.6271 17
0.9632 0.6036 0.58 8
0.9683 0.6281 0.6051 20
0.9621 0.6953 0.6668 12
0.97 0.6604 0.6371 23
0.9635 0.6274 0.6022 17
0.9752 0.6552 0.6348 22
0.9728 0.6434 0.6219 16
0.9648 0.6602 0.6339 17
0.9691 0.7009 0.6749 12
0.9716 0.6737 0.6506 20
0.9683 0.6341 0.6113 10
0.9642 0.6644 0.6362 21
0.9666 0.6186 0.5956 16
0.9775 0.6641 0.643 19
0.9603 0.6068 0.5817 16
0.9659 0.6504 0.6261 16
0.9762 0.65 0.6312 13
0.9717 0.6545 0.6307 15
0.9615 0.6522 0.6252 10
0.9628 0.7132 0.6814 14
0.9684 0.6836 0.6574 17
0.971 0.6411 0.6189 15
0.9743 0.6585 0.6373 14
0.9673 0.6541 0.6294 18
0.9682 0.6314 0.6059 15
0.9635 0.6625 0.6342 17
0.9707 0.6325 0.6096 13
0.9655 0.662 0.6341 15
0.9711 0.6748 0.6496 20
0.9666 0.6958 0.6659 16
0.9679 0.6707 0.6453 19
0.9608 0.6714 0.6416 17
0.9717 0.6295 0.6085 16
0.9704 0.6368 0.6142 17
0.9712 0.6352 0.6134 20
0.9687 0.6788 0.6536 14
0.968 0.6777 0.6517 19
0.9679 0.6667 0.641 18
0.9707 0.6154 0.5937 15
0.9612 0.6548 0.6254 18
0.9687 0.6593 0.6323 14
0.9655 0.6145 0.5908 12
0.9709 0.6208 0.5997 9
0.9626 0.6444 0.6169 13
0.9596 0.6341 0.6069 12
0.9673 0.6389 0.6143 18
0.9656 0.6032 0.579 14
0.9652 0.6261 0.6009 14
0.9724 0.7 0.6731 24
0.9762 0.6958 0.6706 23
0.9722 0.6555 0.6319 20
0.9634 0.7036 0.6715 13
0.9712 0.6496 0.6266 14
0.9644 0.6579 0.6309 11
0.963 0.6138 0.5884 16
0.96 0.686 0.6553 12
0.9662 0.6667 0.6406 15
0.9682 0.6795 0.6531 13
0.9644 0.6214 0.5962 14
0.9679 0.6949 0.666 14
0.966 0.625 0.5982 17
0.9578 0.6452 0.6162 11
0.9707 0.6529 0.6285 17
0.9524 0.637 0.605 6
0.9545 0.6173 0.587 12
0.9688 0.6475 0.6231 17
0.9579 0.6211 0.5919 14
0.9628 0.6217 0.5954 13
0.9673 0.6589 0.6305 17
0.9606 0.6641 0.6335 14
0.9494 0.6667 0.6301 11
0.9621 0.6926 0.6597 15
0.9519 0.6692 0.633 12
0.9732 0.6694 0.6439 18
0.9714 0.6382 0.6144 21
0.9608 0.668 0.6367 16
0.9558 0.681 0.6475 18
0.968 0.6221 0.5971 17
0.9578 0.6136 0.5832 14
0.9694 0.6849 0.6558 22
0.9643 0.6168 0.591 10
0.9626 0.6535 0.625 19
0.9647 0.6653 0.6363 16
0.9562 0.6553 0.6225 13
0.9607 0.6589 0.6287 13
0.9619 0.6822 0.6499 12
0.953 0.6322 0.5993 17
0.9644 0.6549 0.6268 13
0.9557 0.6908 0.6544 19
0.959 0.6457 0.6152 19
0.9655 0.6422 0.6162 12
0.9651 0.6691 0.6403 19
0.9669 0.6762 0.6466 23
0.961 0.6693 0.6388 15
0.9583 0.6382 0.6074 15
0.9662 0.686 0.6576 15
0.9655 0.6933 0.6623 17
0.9641 0.648 0.6185 18
0.9706 0.6477 0.6207 20\n

