0.9414 +- -1.00 (1)
0.9642 +- -1.00 (1)
0.8927 +- -1.00 (1)
0.9285 +- -1.00 (1)
0.9479 +- -1.00 (1)
0.9545 +- -1.00 (1)
0.9473 +- -1.00 (1)
0.9755 +- -1.00 (1)
0.9344 +- -1.00 (1)
0.9553 +- -1.00 (1)
0.9265 +- -1.00 (1)
0.9493 +- -1.00 (1)
0.9684 +- -1.00 (1)
0.9297 +- -1.00 (1)
0.9187 +- -1.00 (1)
0.9457 +- -1.00 (1)
0.9763 +- -1.00 (1)
0.8407 +- -1.00 (1)
0.9525 +- -1.00 (1)
0.9395 +- -1.00 (1)
0.9433 +- -1.00 (1)
0.9478 +- -1.00 (1)
0.9531 +- -1.00 (1)
0.9402 +- -1.00 (1)
0.9449 +- -1.00 (1)
0.7846 +- -1.00 (1)
0.9300 +- -1.00 (1)
0.9421 +- -1.00 (1)
0.8581 +- -1.00 (1)
0.9654 +- -1.00 (1)
0.9567 +- -1.00 (1)
0.9701 +- -1.00 (1)
0.9599 +- -1.00 (1)
0.9462 +- -1.00 (1)
0.9400 +- -1.00 (1)
0.9706 +- -1.00 (1)
0.9516 +- -1.00 (1)
0.8951 +- -1.00 (1)
0.9535 +- -1.00 (1)
0.9506 +- -1.00 (1)
0.9485 +- -1.00 (1)
0.9590 +- -1.00 (1)
0.9495 +- -1.00 (1)
0.8797 +- -1.00 (1)
0.9067 +- -1.00 (1)
0.9342 +- -1.00 (1)
0.9485 +- -1.00 (1)
0.9562 +- -1.00 (1)
0.9429 +- -1.00 (1)
0.9616 +- -1.00 (1)
0.9699 +- -1.00 (1)
0.9415 +- -1.00 (1)
0.9062 +- -1.00 (1)
0.9151 +- -1.00 (1)
0.9391 +- -1.00 (1)
0.9484 +- -1.00 (1)
0.9638 +- -1.00 (1)
0.9506 +- -1.00 (1)
0.9656 +- -1.00 (1)
0.9586 +- -1.00 (1)
0.9590 +- -1.00 (1)
0.9310 +- -1.00 (1)
0.9179 +- -1.00 (1)
0.9439 +- -1.00 (1)
0.9718 +- -1.00 (1)
0.9616 +- -1.00 (1)
0.9602 +- -1.00 (1)
0.9607 +- -1.00 (1)
0.9225 +- -1.00 (1)
0.9258 +- -1.00 (1)
0.9125 +- -1.00 (1)
0.9164 +- -1.00 (1)
0.9322 +- -1.00 (1)
0.9484 +- -1.00 (1)
0.9390 +- -1.00 (1)
0.9650 +- -1.00 (1)
0.9726 +- -1.00 (1)
0.9517 +- -1.00 (1)
0.9439 +- -1.00 (1)
0.9262 +- -1.00 (1)
0.9187 +- -1.00 (1)
0.9601 +- -1.00 (1)
0.9521 +- -1.00 (1)
0.9389 +- -1.00 (1)
0.9692 +- -1.00 (1)
0.9534 +- -1.00 (1)
0.9376 +- -1.00 (1)
0.9140 +- -1.00 (1)
0.9036 +- -1.00 (1)
0.9370 +- -1.00 (1)
0.9688 +- -1.00 (1)
0.9456 +- -1.00 (1)
0.9327 +- -1.00 (1)
0.9601 +- -1.00 (1)
0.9520 +- -1.00 (1)
0.9364 +- -1.00 (1)
0.9367 +- -1.00 (1)
0.9563 +- -1.00 (1)
0.9481 +- -1.00 (1)
0.9638 +- -1.00 (1)
0.9566 +- -1.00 (1)
0.9570 +- -1.00 (1)
0.9511 +- -1.00 (1)
0.9488 +- -1.00 (1)
0.9631 +- -1.00 (1)
0.9572 +- -1.00 (1)
0.9668 +- -1.00 (1)
0.9578 +- -1.00 (1)
0.9566 +- -1.00 (1)
0.9545 +- -1.00 (1)
0.9369 +- -1.00 (1)
0.9560 +- -1.00 (1)
0.9505 +- -1.00 (1)
0.9340 +- -1.00 (1)
0.9647 +- -1.00 (1)
0.9420 +- -1.00 (1)
0.9614 +- -1.00 (1)
0.9314 +- -1.00 (1)
0.9464 +- -1.00 (1)
0.9531 +- -1.00 (1)
0.9435 +- -1.00 (1)
0.9392 +- -1.00 (1)
0.8988 +- -1.00 (1)
0.9183 +- -1.00 (1)
0.9538 +- -1.00 (1)
0.9576 +- -1.00 (1)
0.9398 +- -1.00 (1)
0.9337 +- -1.00 (1)
0.9748 +- -1.00 (1)
0.9735 +- -1.00 (1)
0.9571 +- -1.00 (1)
0.9527 +- -1.00 (1)
0.9341 +- -1.00 (1)
0.9561 +- -1.00 (1)
0.9560 +- -1.00 (1)
0.9401 +- -1.00 (1)
0.9470 +- -1.00 (1)
0.9484 +- -1.00 (1)
0.9615 +- -1.00 (1)
0.9296 +- -1.00 (1)
0.9482 +- -1.00 (1)
0.9430 +- -1.00 (1)
0.9313 +- -1.00 (1)
0.9268 +- -1.00 (1)
0.9626 +- -1.00 (1)
0.9397 +- -1.00 (1)
0.9479 +- -1.00 (1)
0.9639 +- -1.00 (1)
0.9593 +- -1.00 (1)
0.9715 +- -1.00 (1)
0.9609 +- -1.00 (1)
0.9569 +- -1.00 (1)
0.9240 +- -1.00 (1)
0.9543 +- -1.00 (1)
0.9516 +- -1.00 (1)
0.9626 +- -1.00 (1)
0.9678 +- -1.00 (1)
0.9421 +- -1.00 (1)
0.9605 +- -1.00 (1)
0.9540 +- -1.00 (1)
0.9327 +- -1.00 (1)
0.9636 +- -1.00 (1)
0.9499 +- -1.00 (1)
0.9512 +- -1.00 (1)
0.9665 +- -1.00 (1)
0.9605 +- -1.00 (1)
0.9610 +- -1.00 (1)
0.9432 +- -1.00 (1)
0.9001 +- -1.00 (1)
0.9443 +- -1.00 (1)
0.9547 +- -1.00 (1)
0.9272 +- -1.00 (1)
0.9399 +- -1.00 (1)
0.9323 +- -1.00 (1)
0.9459 +- -1.00 (1)
0.9705 +- -1.00 (1)
0.9621 +- -1.00 (1)
0.9527 +- -1.00 (1)
0.9486 +- -1.00 (1)
0.9480 +- -1.00 (1)
0.9443 +- -1.00 (1)
0.9431 +- -1.00 (1)
0.9561 +- -1.00 (1)
0.9215 +- -1.00 (1)
0.9603 +- -1.00 (1)
0.9507 +- -1.00 (1)
0.9482 +- -1.00 (1)
0.9299 +- -1.00 (1)
0.9074 +- -1.00 (1)
0.9469 +- -1.00 (1)
0.9421 +- -1.00 (1)
0.9503 +- -1.00 (1)
0.9512 +- -1.00 (1)
0.9685 +- -1.00 (1)
0.9353 +- -1.00 (1)
0.9656 +- -1.00 (1)
0.9349 +- -1.00 (1)
0.9620 +- -1.00 (1)
0.9626 +- -1.00 (1)
0.9568 +- -1.00 (1)
0.9447 +- -1.00 (1)
0.9520 +- -1.00 (1)
0.9438 +- -1.00 (1)
0.9602 +- -1.00 (1)
0.9635 +- -1.00 (1)
0.9477 +- -1.00 (1)
0.9593 +- -1.00 (1)
0.9364 +- -1.00 (1)
0.9473 +- -1.00 (1)
0.9671 +- -1.00 (1)
0.9512 +- -1.00 (1)
0.9448 +- -1.00 (1)
0.9691 +- -1.00 (1)
0.9566 +- -1.00 (1)
0.9603 +- -1.00 (1)
0.9525 +- -1.00 (1)
0.9274 +- -1.00 (1)
0.9084 +- -1.00 (1)
0.9670 +- -1.00 (1)
0.9618 +- -1.00 (1)
0.9411 +- -1.00 (1)
0.9603 +- -1.00 (1)
0.9469 +- -1.00 (1)
0.9492 +- -1.00 (1)
0.9584 +- -1.00 (1)
0.9634 +- -1.00 (1)
0.9543 +- -1.00 (1)
0.9599 +- -1.00 (1)
0.9496 +- -1.00 (1)
0.9585 +- -1.00 (1)
0.9558 +- -1.00 (1)
0.9647 +- -1.00 (1)
0.9598 +- -1.00 (1)
0.9510 +- -1.00 (1)
0.9560 +- -1.00 (1)
0.9536 +- -1.00 (1)
0.9637 +- -1.00 (1)
0.9517 +- -1.00 (1)
0.9700 +- -1.00 (1)
0.9535 +- -1.00 (1)
0.9474 +- -1.00 (1)
0.9570 +- -1.00 (1)
0.9335 +- -1.00 (1)
0.9471 +- -1.00 (1)
0.9553 +- -1.00 (1)
0.9540 +- -1.00 (1)
0.9440 +- -1.00 (1)
0.9396 +- -1.00 (1)
0.9515 +- -1.00 (1)
0.9591 +- -1.00 (1)
0.9675 +- -1.00 (1)
0.9522 +- -1.00 (1)
0.9504 +- -1.00 (1)
0.9428 +- -1.00 (1)
0.9507 +- -1.00 (1)
0.9705 +- -1.00 (1)
0.9548 +- -1.00 (1)
0.9521 +- -1.00 (1)
0.9612 +- -1.00 (1)
0.9450 +- -1.00 (1)
0.9500 +- -1.00 (1)
0.9540 +- -1.00 (1)
0.9474 +- -1.00 (1)
0.9439 +- -1.00 (1)
0.9612 +- -1.00 (1)
0.9507 +- -1.00 (1)
0.9659 +- -1.00 (1)
0.9555 +- -1.00 (1)
0.9440 +- -1.00 (1)
0.9434 +- -1.00 (1)
0.9586 +- -1.00 (1)
0.9460 +- -1.00 (1)
0.9408 +- -1.00 (1)
0.9466 +- -1.00 (1)
0.9568 +- -1.00 (1)
0.9571 +- -1.00 (1)
0.9524 +- -1.00 (1)
0.9434 +- -1.00 (1)
0.9601 +- -1.00 (1)
0.9469 +- -1.00 (1)
0.9425 +- -1.00 (1)
0.9569 +- -1.00 (1)
0.9543 +- -1.00 (1)
0.9355 +- -1.00 (1)
0.9660 +- -1.00 (1)
0.9595 +- -1.00 (1)
0.9511 +- -1.00 (1)
0.9485 +- -1.00 (1)
0.9237 +- -1.00 (1)
0.9459 +- -1.00 (1)
0.9682 +- -1.00 (1)
0.9446 +- -1.00 (1)
0.9404 +- -1.00 (1)
0.9566 +- -1.00 (1)
0.9478 +- -1.00 (1)
0.9675 +- -1.00 (1)
0.9486 +- -1.00 (1)
0.9583 +- -1.00 (1)
0.9595 +- -1.00 (1)
0.9557 +- -1.00 (1)
0.9522 +- -1.00 (1)
0.9477 +- -1.00 (1)
0.9467 +- -1.00 (1)
0.9601 +- -1.00 (1)
0.9500 +- -1.00 (1)
0.9518 +- -1.00 (1)
0.9585 +- -1.00 (1)
0.9588 +- -1.00 (1)
0.9502 +- -1.00 (1)
0.9459 +- -1.00 (1)
0.9450 +- -1.00 (1)
0.9556 +- -1.00 (1)
0.9640 +- -1.00 (1)
0.9552 +- -1.00 (1)
0.9609 +- -1.00 (1)
0.9494 +- -1.00 (1)
0.9422 +- -1.00 (1)
0.9368 +- -1.00 (1)
0.9566 +- -1.00 (1)
0.9596 +- -1.00 (1)
0.9467 +- -1.00 (1)
0.9525 +- -1.00 (1)
0.9600 +- -1.00 (1)
0.9429 +- -1.00 (1)
0.9506 +- -1.00 (1)
0.9456 +- -1.00 (1)
0.9534 +- -1.00 (1)
0.9700 +- -1.00 (1)
0.9573 +- -1.00 (1)
0.9589 +- -1.00 (1)
0.9519 +- -1.00 (1)
0.9523 +- -1.00 (1)
0.9598 +- -1.00 (1)
0.9515 +- -1.00 (1)
0.9462 +- -1.00 (1)
0.9621 +- -1.00 (1)
0.9635 +- -1.00 (1)
0.9456 +- -1.00 (1)
0.9612 +- -1.00 (1)
0.9454 +- -1.00 (1)
0.9543 +- -1.00 (1)
0.9466 +- -1.00 (1)
0.9499 +- -1.00 (1)
0.9405 +- -1.00 (1)
0.9555 +- -1.00 (1)
0.9428 +- -1.00 (1)
0.9487 +- -1.00 (1)
0.9540 +- -1.00 (1)
0.9556 +- -1.00 (1)
0.9556 +- -1.00 (1)
0.9625 +- -1.00 (1)
0.9512 +- -1.00 (1)
0.9557 +- -1.00 (1)
0.9549 +- -1.00 (1)
0.9380 +- -1.00 (1)
0.9712 +- -1.00 (1)
0.9469 +- -1.00 (1)
0.9498 +- -1.00 (1)
0.9617 +- -1.00 (1)
0.9480 +- -1.00 (1)
0.9607 +- -1.00 (1)
0.9529 +- -1.00 (1)
0.9635 +- -1.00 (1)
0.9388 +- -1.00 (1)
0.9554 +- -1.00 (1)
0.9502 +- -1.00 (1)
0.9568 +- -1.00 (1)
0.9457 +- -1.00 (1)
0.9550 +- -1.00 (1)
0.9476 +- -1.00 (1)
0.9578 +- -1.00 (1)
0.9502 +- -1.00 (1)
0.9410 +- -1.00 (1)
0.9347 +- -1.00 (1)
0.9585 +- -1.00 (1)
0.9532 +- -1.00 (1)
0.9571 +- -1.00 (1)
0.9557 +- -1.00 (1)
0.9677 +- -1.00 (1)
0.9542 +- -1.00 (1)
0.9543 +- -1.00 (1)
0.9468 +- -1.00 (1)
0.9525 +- -1.00 (1)
0.9418 +- -1.00 (1)
0.9583 +- -1.00 (1)
0.9630 +- -1.00 (1)
0.9543 +- -1.00 (1)
0.9513 +- -1.00 (1)
0.9414 +- -1.00 (1)
0.9374 +- -1.00 (1)
0.9615 +- -1.00 (1)
0.9490 +- -1.00 (1)
0.9456 +- -1.00 (1)
0.9583 +- -1.00 (1)
0.9504 +- -1.00 (1)
0.9631 +- -1.00 (1)
0.9484 +- -1.00 (1)
0.9553 +- -1.00 (1)
0.9633 +- -1.00 (1)
0.9616 +- -1.00 (1)
0.9360 +- -1.00 (1)
0.9619 +- -1.00 (1)
0.9466 +- -1.00 (1)
0.9581 +- -1.00 (1)
0.9551 +- -1.00 (1)
0.9563 +- -1.00 (1)
0.9499 +- -1.00 (1)
0.9418 +- -1.00 (1)
0.9476 +- -1.00 (1)
0.9571 +- -1.00 (1)
0.9462 +- -1.00 (1)
0.9543 +- -1.00 (1)
0.9605 +- -1.00 (1)
0.9581 +- -1.00 (1)
0.9462 +- -1.00 (1)
0.9580 +- -1.00 (1)
0.9402 +- -1.00 (1)
0.9416 +- -1.00 (1)
0.9555 +- -1.00 (1)
0.9545 +- -1.00 (1)
0.9475 +- -1.00 (1)
0.9554 +- -1.00 (1)
0.9510 +- -1.00 (1)
0.9479 +- -1.00 (1)
0.9541 +- -1.00 (1)
0.9512 +- -1.00 (1)
0.9534 +- -1.00 (1)
0.9521 +- -1.00 (1)
0.9534 +- -1.00 (1)
0.9541 +- -1.00 (1)
0.9498 +- -1.00 (1)
0.9638 +- -1.00 (1)
0.9613 +- -1.00 (1)
0.9564 +- -1.00 (1)
0.9528 +- -1.00 (1)
0.9480 +- -1.00 (1)
0.9542 +- -1.00 (1)
0.9614 +- -1.00 (1)
0.9612 +- -1.00 (1)
0.9492 +- -1.00 (1)
0.9548 +- -1.00 (1)
0.9363 +- -1.00 (1)
0.9393 +- -1.00 (1)
0.9459 +- -1.00 (1)
0.9574 +- -1.00 (1)
0.9503 +- -1.00 (1)
0.9558 +- -1.00 (1)
0.9575 +- -1.00 (1)
0.9457 +- -1.00 (1)
0.9546 +- -1.00 (1)
0.9598 +- -1.00 (1)
0.9461 +- -1.00 (1)
0.9511 +- -1.00 (1)
0.9552 +- -1.00 (1)
0.9465 +- -1.00 (1)
0.9605 +- -1.00 (1)
0.9500 +- -1.00 (1)
0.9565 +- -1.00 (1)
0.9680 +- -1.00 (1)
0.9472 +- -1.00 (1)
0.9548 +- -1.00 (1)
0.9474 +- -1.00 (1)
0.9520 +- -1.00 (1)
0.9444 +- -1.00 (1)
0.9634 +- -1.00 (1)
0.9471 +- -1.00 (1)
0.9559 +- -1.00 (1)
0.9576 +- -1.00 (1)
0.9508 +- -1.00 (1)
0.9432 +- -1.00 (1)
0.9502 +- -1.00 (1)
0.9543 +- -1.00 (1)
0.9517 +- -1.00 (1)
0.9370 +- -1.00 (1)
0.9534 +- -1.00 (1)
0.9500 +- -1.00 (1)
0.9708 +- -1.00 (1)
0.9584 +- -1.00 (1)
0.9622 +- -1.00 (1)
0.9572 +- -1.00 (1)
0.9455 +- -1.00 (1)
0.9503 +- -1.00 (1)
0.9515 +- -1.00 (1)
0.9510 +- -1.00 (1)
0.9537 +- -1.00 (1)
0.9593 +- -1.00 (1)
0.9516 +- -1.00 (1)
0.9601 +- -1.00 (1)
0.9474 +- -1.00 (1)
0.9463 +- -1.00 (1)
0.9532 +- -1.00 (1)
0.9484 +- -1.00 (1)
0.9406 +- -1.00 (1)
0.9579 +- -1.00 (1)
0.9503 +- -1.00 (1)
0.9570 +- -1.00 (1)
0.9380 +- -1.00 (1)
0.9576 +- -1.00 (1)
0.9561 +- -1.00 (1)
0.9538 +- -1.00 (1)
0.9499 +- -1.00 (1)
0.9517 +- -1.00 (1)
0.9482 +- -1.00 (1)
0.9538 +- -1.00 (1)
0.9504 +- -1.00 (1)
0.9496 +- -1.00 (1)
0.9443 +- -1.00 (1)
0.9493 +- -1.00 (1)
0.9451 +- -1.00 (1)
0.9538 +- -1.00 (1)
0.9522 +- -1.00 (1)
0.9528 +- -1.00 (1)
0.9568 +- -1.00 (1)
0.9678 +- -1.00 (1)
0.9585 +- -1.00 (1)
0.9523 +- -1.00 (1)
0.9459 +- -1.00 (1)
0.9304 +- -1.00 (1)
0.9545 +- -1.00 (1)
0.9536 +- -1.00 (1)
0.9477 +- -1.00 (1)
0.9539 +- -1.00 (1)
0.9459 +- -1.00 (1)
0.9351 +- -1.00 (1)
0.9407 +- -1.00 (1)
0.9572 +- -1.00 (1)
0.9536 +- -1.00 (1)
0.9519 +- -1.00 (1)
0.9447 +- -1.00 (1)
0.9575 +- -1.00 (1)
0.9521 +- -1.00 (1)
0.9548 +- -1.00 (1)
0.9528 +- -1.00 (1)
0.9391 +- -1.00 (1)
0.9558 +- -1.00 (1)
0.9510 +- -1.00 (1)
0.9517 +- -1.00 (1)
0.9461 +- -1.00 (1)
0.9628 +- -1.00 (1)
0.9426 +- -1.00 (1)
0.9436 +- -1.00 (1)
0.9483 +- -1.00 (1)
0.9561 +- -1.00 (1)
0.9485 +- -1.00 (1)
0.9528 +- -1.00 (1)
0.9458 +- -1.00 (1)
0.9476 +- -1.00 (1)
0.9515 +- -1.00 (1)
0.9461 +- -1.00 (1)
0.9570 +- -1.00 (1)
0.9528 +- -1.00 (1)
0.9507 +- -1.00 (1)
0.9512 +- -1.00 (1)
0.9474 +- -1.00 (1)
0.9501 +- -1.00 (1)
0.9501 +- -1.00 (1)
0.9591 +- -1.00 (1)
0.9556 +- -1.00 (1)
0.9544 +- -1.00 (1)
0.9416 +- -1.00 (1)
0.9471 +- -1.00 (1)
0.9456 +- -1.00 (1)
0.9531 +- -1.00 (1)
0.9409 +- -1.00 (1)
0.9545 +- -1.00 (1)
0.9543 +- -1.00 (1)
0.9549 +- -1.00 (1)
0.9456 +- -1.00 (1)
0.9466 +- -1.00 (1)
0.9448 +- -1.00 (1)
0.9558 +- -1.00 (1)
0.9534 +- -1.00 (1)
0.9530 +- -1.00 (1)
0.9337 +- -1.00 (1)
0.9585 +- -1.00 (1)
0.9506 +- -1.00 (1)
0.9612 +- -1.00 (1)
0.9520 +- -1.00 (1)
0.9535 +- -1.00 (1)
0.9523 +- -1.00 (1)
0.9552 +- -1.00 (1)
0.9494 +- -1.00 (1)
0.9566 +- -1.00 (1)
0.9479 +- -1.00 (1)
0.9461 +- -1.00 (1)
0.9543 +- -1.00 (1)
0.9550 +- -1.00 (1)
0.9449 +- -1.00 (1)
0.9380 +- -1.00 (1)
0.9477 +- -1.00 (1)
0.8833 +- -1.00 (1)
0.9555 +- -1.00 (1)
0.9526 +- -1.00 (1)
0.9517 +- -1.00 (1)
0.9545 +- -1.00 (1)
0.9496 +- -1.00 (1)
0.9470 +- -1.00 (1)
0.9552 +- -1.00 (1)
0.9554 +- -1.00 (1)
0.9524 +- -1.00 (1)
0.9469 +- -1.00 (1)
0.9551 +- -1.00 (1)
0.9487 +- -1.00 (1)
0.9471 +- -1.00 (1)
0.9504 +- -1.00 (1)
0.9466 +- -1.00 (1)
0.9421 +- -1.00 (1)
0.9457 +- -1.00 (1)
0.9412 +- -1.00 (1)
0.9513 +- -1.00 (1)
0.9598 +- -1.00 (1)
0.9490 +- -1.00 (1)
0.9560 +- -1.00 (1)
0.9529 +- -1.00 (1)
0.9443 +- -1.00 (1)
0.9473 +- -1.00 (1)
0.9517 +- -1.00 (1)
0.9427 +- -1.00 (1)
0.9488 +- -1.00 (1)
0.9538 +- -1.00 (1)
0.9415 +- -1.00 (1)
0.9521 +- -1.00 (1)
0.9542 +- -1.00 (1)
0.9420 +- -1.00 (1)
0.9415 +- -1.00 (1)
0.9467 +- -1.00 (1)
0.9567 +- -1.00 (1)
0.9380 +- -1.00 (1)
0.9520 +- -1.00 (1)
0.9488 +- -1.00 (1)
0.9480 +- -1.00 (1)
0.9493 +- -1.00 (1)
0.9484 +- -1.00 (1)
0.9431 +- -1.00 (1)
0.9522 +- -1.00 (1)
0.9533 +- -1.00 (1)
0.9486 +- -1.00 (1)
0.9492 +- -1.00 (1)
0.9552 +- -1.00 (1)
0.9489 +- -1.00 (1)
0.9438 +- -1.00 (1)
0.9486 +- -1.00 (1)
0.9410 +- -1.00 (1)
0.9534 +- -1.00 (1)
0.9401 +- -1.00 (1)
0.9405 +- -1.00 (1)
0.9541 +- -1.00 (1)
0.8993 +- -1.00 (1)
0.9517 +- -1.00 (1)
0.9452 +- -1.00 (1)
0.9488 +- -1.00 (1)
0.9517 +- -1.00 (1)
0.9470 +- -1.00 (1)
0.9495 +- -1.00 (1)
0.9526 +- -1.00 (1)
0.9457 +- -1.00 (1)
0.9504 +- -1.00 (1)
0.9480 +- -1.00 (1)
0.9439 +- -1.00 (1)
0.9425 +- -1.00 (1)
0.9463 +- -1.00 (1)
0.9464 +- -1.00 (1)
0.9425 +- -1.00 (1)
0.9448 +- -1.00 (1)
0.9568 +- -1.00 (1)
0.9469 +- -1.00 (1)
0.9505 +- -1.00 (1)
0.9490 +- -1.00 (1)
0.9427 +- -1.00 (1)
0.9444 +- -1.00 (1)
0.9443 +- -1.00 (1)
0.9395 +- -1.00 (1)
0.9436 +- -1.00 (1)
0.9312 +- -1.00 (1)
0.9486 +- -1.00 (1)
0.9486 +- -1.00 (1)
0.9471 +- -1.00 (1)
0.9519 +- -1.00 (1)
0.9514 +- -1.00 (1)
0.9438 +- -1.00 (1)
0.9449 +- -1.00 (1)
0.9408 +- -1.00 (1)
0.9456 +- -1.00 (1)
0.9482 +- -1.00 (1)
0.9505 +- -1.00 (1)
0.9464 +- -1.00 (1)
0.9522 +- -1.00 (1)
0.9443 +- -1.00 (1)
0.9381 +- -1.00 (1)
0.9406 +- -1.00 (1)
0.9448 +- -1.00 (1)
0.9516 +- -1.00 (1)
0.9410 +- -1.00 (1)
0.9558 +- -1.00 (1)
0.9470 +- -1.00 (1)
0.9444 +- -1.00 (1)
0.9420 +- -1.00 (1)
0.9460 +- -1.00 (1)
0.9545 +- -1.00 (1)
0.9462 +- -1.00 (1)
0.9421 +- -1.00 (1)
0.9447 +- -1.00 (1)
0.9411 +- -1.00 (1)
0.9427 +- -1.00 (1)
0.9464 +- -1.00 (1)
0.9488 +- -1.00 (1)
0.9428 +- -1.00 (1)
0.9387 +- -1.00 (1)
0.9369 +- -1.00 (1)
0.9573 +- -1.00 (1)
0.9503 +- -1.00 (1)
0.9535 +- -1.00 (1)
0.9372 +- -1.00 (1)
0.9515 +- -1.00 (1)
0.9496 +- -1.00 (1)
0.9383 +- -1.00 (1)
0.9439 +- -1.00 (1)
0.9422 +- -1.00 (1)
0.9418 +- -1.00 (1)
0.9387 +- -1.00 (1)
0.9350 +- -1.00 (1)
0.9470 +- -1.00 (1)
0.9449 +- -1.00 (1)
0.9397 +- -1.00 (1)
0.9441 +- -1.00 (1)
0.9457 +- -1.00 (1)
0.9451 +- -1.00 (1)
0.9421 +- -1.00 (1)
0.9408 +- -1.00 (1)
0.9474 +- -1.00 (1)
0.9470 +- -1.00 (1)
0.9466 +- -1.00 (1)
0.9445 +- -1.00 (1)
0.9472 +- -1.00 (1)
0.9354 +- -1.00 (1)
0.9598 +- -1.00 (1)
0.9469 +- -1.00 (1)
0.9399 +- -1.00 (1)
0.9432 +- -1.00 (1)
0.9491 +- -1.00 (1)
0.9409 +- -1.00 (1)
0.9421 +- -1.00 (1)
0.9438 +- -1.00 (1)
0.9459 +- -1.00 (1)
0.9435 +- -1.00 (1)
0.9324 +- -1.00 (1)
0.9439 +- -1.00 (1)
0.9500 +- -1.00 (1)
0.9387 +- -1.00 (1)
0.9474 +- -1.00 (1)
0.9509 +- -1.00 (1)
0.9471 +- -1.00 (1)
0.9430 +- -1.00 (1)
0.9444 +- -1.00 (1)
0.9365 +- -1.00 (1)
0.9455 +- -1.00 (1)
0.9474 +- -1.00 (1)
0.9485 +- -1.00 (1)
0.9399 +- -1.00 (1)
0.9383 +- -1.00 (1)
0.9445 +- -1.00 (1)
0.9335 +- -1.00 (1)
0.9520 +- -1.00 (1)
0.9486 +- -1.00 (1)
0.9492 +- -1.00 (1)
0.9392 +- -1.00 (1)
0.9417 +- -1.00 (1)
0.9486 +- -1.00 (1)
0.9450 +- -1.00 (1)
0.9444 +- -1.00 (1)
0.9500 +- -1.00 (1)
0.9359 +- -1.00 (1)
0.9554 +- -1.00 (1)
0.9430 +- -1.00 (1)
0.9477 +- -1.00 (1)
0.9427 +- -1.00 (1)
0.9408 +- -1.00 (1)
0.9529 +- -1.00 (1)
0.9418 +- -1.00 (1)
0.9516 +- -1.00 (1)
0.9316 +- -1.00 (1)
0.9423 +- -1.00 (1)
0.9497 +- -1.00 (1)
0.9406 +- -1.00 (1)
0.9447 +- -1.00 (1)
0.9424 +- -1.00 (1)
0.9483 +- -1.00 (1)
0.9404 +- -1.00 (1)
0.9438 +- -1.00 (1)
0.9466 +- -1.00 (1)
0.9474 +- -1.00 (1)
0.9468 +- -1.00 (1)
0.9358 +- -1.00 (1)
0.9434 +- -1.00 (1)
0.9407 +- -1.00 (1)
0.9478 +- -1.00 (1)
0.9439 +- -1.00 (1)
0.9456 +- -1.00 (1)
0.9501 +- -1.00 (1)
0.9399 +- -1.00 (1)
0.9473 +- -1.00 (1)
0.9505 +- -1.00 (1)
0.9446 +- -1.00 (1)
0.9426 +- -1.00 (1)
0.9450 +- -1.00 (1)
0.9399 +- -1.00 (1)
0.9450 +- -1.00 (1)
0.9370 +- -1.00 (1)
0.9313 +- -1.00 (1)
0.9370 +- -1.00 (1)
0.9357 +- -1.00 (1)
0.9417 +- -1.00 (1)
0.9378 +- -1.00 (1)
0.9455 +- -1.00 (1)
0.9363 +- -1.00 (1)
0.9448 +- -1.00 (1)
0.9473 +- -1.00 (1)
0.9469 +- -1.00 (1)
0.9451 +- -1.00 (1)
0.9448 +- -1.00 (1)
0.9484 +- -1.00 (1)
0.9438 +- -1.00 (1)
0.9435 +- -1.00 (1)
0.9413 +- -1.00 (1)
0.9447 +- -1.00 (1)
0.9487 +- -1.00 (1)
0.9414 +- -1.00 (1)
0.9426 +- -1.00 (1)
0.9395 +- -1.00 (1)
0.9463 +- -1.00 (1)
0.9449 +- -1.00 (1)
0.9412 +- -1.00 (1)
0.9434 +- -1.00 (1)
0.9430 +- -1.00 (1)
0.9407 +- -1.00 (1)
0.9487 +- -1.00 (1)
0.9389 +- -1.00 (1)
0.9336 +- -1.00 (1)
0.9325 +- -1.00 (1)
0.9407 +- -1.00 (1)
0.9427 +- -1.00 (1)
0.9409 +- -1.00 (1)
0.9411 +- -1.00 (1)
0.9451 +- -1.00 (1)
0.9434 +- -1.00 (1)
0.9403 +- -1.00 (1)
0.9443 +- -1.00 (1)
0.9373 +- -1.00 (1)
0.9448 +- -1.00 (1)
0.9459 +- -1.00 (1)
0.9478 +- -1.00 (1)
0.9414 +- -1.00 (1)
0.9435 +- -1.00 (1)
0.9458 +- -1.00 (1)
0.9444 +- -1.00 (1)
0.9438 +- -1.00 (1)
0.9406 +- -1.00 (1)
0.9432 +- -1.00 (1)
0.9383 +- -1.00 (1)
0.9410 +- -1.00 (1)
0.9392 +- -1.00 (1)
0.9407 +- -1.00 (1)
0.9359 +- -1.00 (1)
0.9450 +- -1.00 (1)
0.9486 +- -1.00 (1)
0.9404 +- -1.00 (1)
0.9370 +- -1.00 (1)
0.9430 +- -1.00 (1)
0.9415 +- -1.00 (1)
0.9409 +- -1.00 (1)
0.9468 +- -1.00 (1)
0.9336 +- -1.00 (1)
0.9471 +- -1.00 (1)
0.9336 +- -1.00 (1)
0.9405 +- -1.00 (1)
0.9429 +- -1.00 (1)
0.9427 +- -1.00 (1)
0.9388 +- -1.00 (1)
0.9483 +- -1.00 (1)
0.9415 +- -1.00 (1)
0.9464 +- -1.00 (1)
0.9361 +- -1.00 (1)
0.9418 +- -1.00 (1)
0.9420 +- -1.00 (1)
0.9464 +- -1.00 (1)
0.9457 +- -1.00 (1)
0.9470 +- -1.00 (1)
0.9404 +- -1.00 (1)
0.9532 +- -1.00 (1)
0.9431 +- -1.00 (1)
0.9383 +- -1.00 (1)
0.9446 +- -1.00 (1)
0.9452 +- -1.00 (1)
0.9493 +- -1.00 (1)
0.9436 +- -1.00 (1)
0.9442 +- -1.00 (1)
0.9406 +- -1.00 (1)
0.9404 +- -1.00 (1)
0.9538 +- -1.00 (1)
0.9401 +- -1.00 (1)
0.9405 +- -1.00 (1)
0.9435 +- -1.00 (1)
0.9443 +- -1.00 (1)
0.9335 +- -1.00 (1)
0.9403 +- -1.00 (1)
0.9373 +- -1.00 (1)
0.9397 +- -1.00 (1)
0.9378 +- -1.00 (1)
0.9419 +- -1.00 (1)
0.9399 +- -1.00 (1)
0.9356 +- -1.00 (1)
0.9437 +- -1.00 (1)
0.9425 +- -1.00 (1)
0.9361 +- -1.00 (1)
0.9426 +- -1.00 (1)
0.9411 +- -1.00 (1)
0.9444 +- -1.00 (1)
0.9417 +- -1.00 (1)
0.9351 +- -1.00 (1)
0.9420 +- -1.00 (1)
0.9329 +- -1.00 (1)
0.9403 +- -1.00 (1)
0.9288 +- -1.00 (1)
0.9408 +- -1.00 (1)
0.9396 +- -1.00 (1)
0.9387 +- -1.00 (1)
0.9418 +- -1.00 (1)
0.9394 +- -1.00 (1)
0.9339 +- -1.00 (1)
0.9364 +- -1.00 (1)
0.9335 +- -1.00 (1)
0.9391 +- -1.00 (1)
0.9338 +- -1.00 (1)
0.9367 +- -1.00 (1)
0.9493 +- -1.00 (1)
0.9378 +- -1.00 (1)
0.9454 +- -1.00 (1)
0.9439 +- -1.00 (1)
0.9379 +- -1.00 (1)
0.9372 +- -1.00 (1)
0.9434 +- -1.00 (1)
0.9483 +- -1.00 (1)
0.9414 +- -1.00 (1)
0.9471 +- -1.00 (1)
0.9413 +- -1.00 (1)
0.9439 +- -1.00 (1)
0.9368 +- -1.00 (1)
0.9388 +- -1.00 (1)
0.9391 +- -1.00 (1)
0.9388 +- -1.00 (1)
0.9454 +- -1.00 (1)
0.9451 +- -1.00 (1)
0.9437 +- -1.00 (1)
0.9435 +- -1.00 (1)
0.9389 +- -1.00 (1)
0.9407 +- -1.00 (1)
0.9451 +- -1.00 (1)
0.9423 +- -1.00 (1)
0.9386 +- -1.00 (1)
0.9364 +- -1.00 (1)
0.9400 +- -1.00 (1)
0.9448 +- -1.00 (1)
0.9398 +- -1.00 (1)
0.9350 +- -1.00 (1)
0.9378 +- -1.00 (1)
0.9456 +- -1.00 (1)
0.9444 +- -1.00 (1)
0.9398 +- -1.00 (1)
0.9351 +- -1.00 (1)
0.9427 +- -1.00 (1)
0.9444 +- -1.00 (1)
0.9417 +- -1.00 (1)
0.9419 +- -1.00 (1)
0.9279 +- -1.00 (1)
0.9384 +- -1.00 (1)
0.9428 +- -1.00 (1)
0.9443 +- -1.00 (1)
0.9413 +- -1.00 (1)
0.9375 +- -1.00 (1)
0.9413 +- -1.00 (1)
0.9294 +- -1.00 (1)
0.9399 +- -1.00 (1)
0.9395 +- -1.00 (1)
0.9405 +- -1.00 (1)
0.9456 +- -1.00 (1)
0.9413 +- -1.00 (1)
0.9454 +- -1.00 (1)
0.9406 +- -1.00 (1)
0.9389 +- -1.00 (1)
0.9400 +- -1.00 (1)
0.9362 +- -1.00 (1)
0.9385 +- -1.00 (1)
0.9462 +- -1.00 (1)
0.9508 +- -1.00 (1)
0.9333 +- -1.00 (1)
0.9355 +- -1.00 (1)
0.9318 +- -1.00 (1)
0.9341 +- -1.00 (1)
0.9483 +- -1.00 (1)
0.9431 +- -1.00 (1)
0.9403 +- -1.00 (1)
0.9377 +- -1.00 (1)
0.9365 +- -1.00 (1)
0.9497 +- -1.00 (1)
0.9414 +- -1.00 (1)
0.9334 +- -1.00 (1)
0.9402 +- -1.00 (1)
0.9433 +- -1.00 (1)
0.9274 +- -1.00 (1)
0.9385 +- -1.00 (1)
0.9343 +- -1.00 (1)
0.9371 +- -1.00 (1)
0.9352 +- -1.00 (1)
0.9392 +- -1.00 (1)
0.9344 +- -1.00 (1)
0.9447 +- -1.00 (1)
0.9386 +- -1.00 (1)
0.9367 +- -1.00 (1)
0.9381 +- -1.00 (1)
0.9355 +- -1.00 (1)
0.9321 +- -1.00 (1)
0.9388 +- -1.00 (1)
0.9362 +- -1.00 (1)
0.9377 +- -1.00 (1)
0.9355 +- -1.00 (1)
0.9376 +- -1.00 (1)
0.9386 +- -1.00 (1)
0.9357 +- -1.00 (1)
0.9459 +- -1.00 (1)
0.9436 +- -1.00 (1)
0.9415 +- -1.00 (1)
0.9350 +- -1.00 (1)
0.9279 +- -1.00 (1)
0.9415 +- -1.00 (1)
0.9424 +- -1.00 (1)
0.9394 +- -1.00 (1)
0.9421 +- -1.00 (1)
0.9363 +- -1.00 (1)
0.9403 +- -1.00 (1)
0.9367 +- -1.00 (1)
0.9341 +- -1.00 (1)
0.9398 +- -1.00 (1)
0.9370 +- -1.00 (1)
0.9375 +- -1.00 (1)
0.9367 +- -1.00 (1)
0.9238 +- -1.00 (1)
0.9299 +- -1.00 (1)
0.9373 +- -1.00 (1)
0.9367 +- -1.00 (1)
0.9368 +- -1.00 (1)
0.9362 +- -1.00 (1)
0.9387 +- -1.00 (1)
0.9427 +- -1.00 (1)
0.9450 +- -1.00 (1)
0.9380 +- -1.00 (1)
0.9427 +- -1.00 (1)
0.9356 +- -1.00 (1)
0.9458 +- -1.00 (1)
0.9357 +- -1.00 (1)
0.9425 +- -1.00 (1)
0.9370 +- -1.00 (1)
0.9387 +- -1.00 (1)
0.9396 +- -1.00 (1)
0.9345 +- -1.00 (1)
0.9506 +- -1.00 (1)
0.9381 +- -1.00 (1)
0.9345 +- -1.00 (1)
0.9417 +- -1.00 (1)
0.9323 +- -1.00 (1)
0.9341 +- -1.00 (1)
0.9357 +- -1.00 (1)
0.9427 +- -1.00 (1)
0.9425 +- -1.00 (1)
0.9265 +- -1.00 (1)
0.9360 +- -1.00 (1)
0.9371 +- -1.00 (1)
0.9341 +- -1.00 (1)
0.9379 +- -1.00 (1)
0.9359 +- -1.00 (1)
0.9408 +- -1.00 (1)
0.9255 +- -1.00 (1)
0.9357 +- -1.00 (1)
0.9379 +- -1.00 (1)
0.9377 +- -1.00 (1)
0.9391 +- -1.00 (1)
0.9454 +- -1.00 (1)
0.9410 +- -1.00 (1)
0.9371 +- -1.00 (1)
0.9395 +- -1.00 (1)
0.9415 +- -1.00 (1)
0.9240 +- -1.00 (1)
0.9387 +- -1.00 (1)
0.9419 +- -1.00 (1)
0.9436 +- -1.00 (1)
0.9340 +- -1.00 (1)
0.9449 +- -1.00 (1)
0.9398 +- -1.00 (1)
0.9351 +- -1.00 (1)
0.9387 +- -1.00 (1)
0.9389 +- -1.00 (1)
0.9384 +- -1.00 (1)
0.9371 +- -1.00 (1)
0.9357 +- -1.00 (1)
0.9387 +- -1.00 (1)
0.9381 +- -1.00 (1)
0.9342 +- -1.00 (1)
0.9442 +- -1.00 (1)
0.9346 +- -1.00 (1)
0.9332 +- -1.00 (1)
0.9418 +- -1.00 (1)
0.9385 +- -1.00 (1)
0.9371 +- -1.00 (1)
0.9343 +- -1.00 (1)
0.9360 +- -1.00 (1)
0.9384 +- -1.00 (1)
0.9290 +- -1.00 (1)
0.9429 +- -1.00 (1)
0.9353 +- -1.00 (1)
0.9402 +- -1.00 (1)
0.9389 +- -1.00 (1)
0.9329 +- -1.00 (1)
0.9314 +- -1.00 (1)
0.9373 +- -1.00 (1)
0.9418 +- -1.00 (1)
0.9364 +- -1.00 (1)
0.9366 +- -1.00 (1)
0.9449 +- -1.00 (1)
0.9316 +- -1.00 (1)
0.9329 +- -1.00 (1)
0.9431 +- -1.00 (1)
0.9346 +- -1.00 (1)
0.9423 +- -1.00 (1)
0.9382 +- -1.00 (1)
0.9307 +- -1.00 (1)
0.9349 +- -1.00 (1)
0.9381 +- -1.00 (1)
0.9411 +- -1.00 (1)
0.9374 +- -1.00 (1)
0.9334 +- -1.00 (1)
0.9402 +- -1.00 (1)
0.9413 +- -1.00 (1)
0.9375 +- -1.00 (1)
0.9425 +- -1.00 (1)
0.9330 +- -1.00 (1)
0.9309 +- -1.00 (1)
0.9371 +- -1.00 (1)
0.9411 +- -1.00 (1)
0.9400 +- -1.00 (1)
0.9347 +- -1.00 (1)
0.9329 +- -1.00 (1)
0.9368 +- -1.00 (1)
0.9334 +- -1.00 (1)
0.9377 +- -1.00 (1)
0.9354 +- -1.00 (1)
0.9336 +- -1.00 (1)
0.9358 +- -1.00 (1)
0.9390 +- -1.00 (1)
0.9436 +- -1.00 (1)
0.9373 +- -1.00 (1)
0.9438 +- -1.00 (1)
0.9389 +- -1.00 (1)
0.9367 +- -1.00 (1)
0.9397 +- -1.00 (1)
0.9266 +- -1.00 (1)
0.9393 +- -1.00 (1)
0.9443 +- -1.00 (1)
0.9337 +- -1.00 (1)
0.9382 +- -1.00 (1)
0.9375 +- -1.00 (1)
0.9352 +- -1.00 (1)
0.9523 +- -1.00 (1)
0.9374 +- -1.00 (1)
0.9435 +- -1.00 (1)
0.9405 +- -1.00 (1)
0.9382 +- -1.00 (1)
0.9370 +- -1.00 (1)
0.9337 +- -1.00 (1)
0.9324 +- -1.00 (1)
0.9338 +- -1.00 (1)
0.9344 +- -1.00 (1)
0.9250 +- -1.00 (1)
0.9344 +- -1.00 (1)
0.9432 +- -1.00 (1)
0.9377 +- -1.00 (1)
0.9440 +- -1.00 (1)
0.9385 +- -1.00 (1)
0.9357 +- -1.00 (1)
0.9402 +- -1.00 (1)
0.9494 +- -1.00 (1)
0.9399 +- -1.00 (1)
0.9257 +- -1.00 (1)
0.9413 +- -1.00 (1)
0.9420 +- -1.00 (1)
0.9414 +- -1.00 (1)
0.9303 +- -1.00 (1)
0.9386 +- -1.00 (1)
0.9395 +- -1.00 (1)
0.9350 +- -1.00 (1)
0.9416 +- -1.00 (1)
0.9322 +- -1.00 (1)
0.9321 +- -1.00 (1)
0.9272 +- -1.00 (1)
0.9340 +- -1.00 (1)
0.9382 +- -1.00 (1)
0.9366 +- -1.00 (1)
0.9304 +- -1.00 (1)
0.9300 +- -1.00 (1)
0.9293 +- -1.00 (1)
0.9280 +- -1.00 (1)
0.9326 +- -1.00 (1)
0.9323 +- -1.00 (1)
0.9380 +- -1.00 (1)
0.9397 +- -1.00 (1)
0.9383 +- -1.00 (1)
0.9348 +- -1.00 (1)
0.9340 +- -1.00 (1)
0.9392 +- -1.00 (1)
0.9360 +- -1.00 (1)
0.9384 +- -1.00 (1)
0.9340 +- -1.00 (1)
0.9343 +- -1.00 (1)
0.9296 +- -1.00 (1)
0.9421 +- -1.00 (1)
0.9384 +- -1.00 (1)
0.9332 +- -1.00 (1)
0.9337 +- -1.00 (1)
0.9367 +- -1.00 (1)
0.9315 +- -1.00 (1)
0.9324 +- -1.00 (1)
0.9412 +- -1.00 (1)
0.9359 +- -1.00 (1)
0.9349 +- -1.00 (1)
0.9365 +- -1.00 (1)
0.9366 +- -1.00 (1)
0.9381 +- -1.00 (1)
0.9373 +- -1.00 (1)
0.9373 +- -1.00 (1)
0.9348 +- -1.00 (1)
0.9303 +- -1.00 (1)
0.9376 +- -1.00 (1)
0.9368 +- -1.00 (1)
0.9377 +- -1.00 (1)
0.9391 +- -1.00 (1)
0.9434 +- -1.00 (1)
0.9305 +- -1.00 (1)
0.9349 +- -1.00 (1)
0.9367 +- -1.00 (1)
0.9352 +- -1.00 (1)
0.9431 +- -1.00 (1)
0.9296 +- -1.00 (1)
0.9381 +- -1.00 (1)
0.9359 +- -1.00 (1)
0.9329 +- -1.00 (1)
0.9371 +- -1.00 (1)
0.9269 +- -1.00 (1)
0.9381 +- -1.00 (1)
0.9364 +- -1.00 (1)
0.9337 +- -1.00 (1)
0.9344 +- -1.00 (1)
0.9361 +- -1.00 (1)
0.9361 +- -1.00 (1)
0.9313 +- -1.00 (1)
0.9335 +- -1.00 (1)
0.9369 +- -1.00 (1)
0.9384 +- -1.00 (1)
0.9484 +- -1.00 (1)
0.9299 +- -1.00 (1)
0.9311 +- -1.00 (1)
0.9287 +- -1.00 (1)
0.9327 +- -1.00 (1)
0.9358 +- -1.00 (1)
0.9282 +- -1.00 (1)
0.9432 +- -1.00 (1)
0.9309 +- -1.00 (1)
0.9366 +- -1.00 (1)
0.9431 +- -1.00 (1)
0.9368 +- -1.00 (1)
0.9365 +- -1.00 (1)
0.9355 +- -1.00 (1)
0.9348 +- -1.00 (1)
0.9254 +- -1.00 (1)
0.9358 +- -1.00 (1)
0.9351 +- -1.00 (1)
0.9316 +- -1.00 (1)
0.9429 +- -1.00 (1)
0.9356 +- -1.00 (1)
0.9357 +- -1.00 (1)
0.9357 +- -1.00 (1)
0.9394 +- -1.00 (1)
0.9354 +- -1.00 (1)
0.9306 +- -1.00 (1)
0.9338 +- -1.00 (1)
0.9345 +- -1.00 (1)
0.9450 +- -1.00 (1)
0.9246 +- -1.00 (1)
0.9337 +- -1.00 (1)
0.9382 +- -1.00 (1)
0.9308 +- -1.00 (1)
0.9363 +- -1.00 (1)
0.9352 +- -1.00 (1)
0.9317 +- -1.00 (1)
0.9267 +- -1.00 (1)
0.9322 +- -1.00 (1)
0.9303 +- -1.00 (1)
0.9372 +- -1.00 (1)
0.9314 +- -1.00 (1)
0.9296 +- -1.00 (1)
0.9272 +- -1.00 (1)
0.9322 +- -1.00 (1)
0.9373 +- -1.00 (1)
0.9370 +- -1.00 (1)
0.9350 +- -1.00 (1)
0.9380 +- -1.00 (1)
0.9364 +- -1.00 (1)
0.9322 +- -1.00 (1)
0.9307 +- -1.00 (1)
0.9415 +- -1.00 (1)
0.9302 +- -1.00 (1)
0.9308 +- -1.00 (1)
0.9353 +- -1.00 (1)
0.9357 +- -1.00 (1)
0.9257 +- -1.00 (1)
0.9393 +- -1.00 (1)
0.9369 +- -1.00 (1)
0.9307 +- -1.00 (1)
0.9371 +- -1.00 (1)
0.9360 +- -1.00 (1)
0.9366 +- -1.00 (1)
0.9307 +- -1.00 (1)
0.9384 +- -1.00 (1)
0.9316 +- -1.00 (1)
0.9277 +- -1.00 (1)
0.9312 +- -1.00 (1)
0.9427 +- -1.00 (1)
0.9440 +- -1.00 (1)
0.9432 +- -1.00 (1)
0.9419 +- -1.00 (1)
0.9268 +- -1.00 (1)
0.9326 +- -1.00 (1)
0.9310 +- -1.00 (1)
0.9362 +- -1.00 (1)
0.9375 +- -1.00 (1)
0.9336 +- -1.00 (1)
0.9303 +- -1.00 (1)
0.9312 +- -1.00 (1)
0.9323 +- -1.00 (1)
0.9350 +- -1.00 (1)
0.9317 +- -1.00 (1)
0.9277 +- -1.00 (1)
0.9375 +- -1.00 (1)
0.9349 +- -1.00 (1)
0.9351 +- -1.00 (1)
0.9412 +- -1.00 (1)
0.9346 +- -1.00 (1)
0.9397 +- -1.00 (1)
0.9340 +- -1.00 (1)
0.9359 +- -1.00 (1)
0.9342 +- -1.00 (1)
0.9339 +- -1.00 (1)
0.9275 +- -1.00 (1)
0.9316 +- -1.00 (1)
0.9335 +- -1.00 (1)
0.9359 +- -1.00 (1)
0.9354 +- -1.00 (1)
0.9401 +- -1.00 (1)
0.9405 +- -1.00 (1)
0.9233 +- -1.00 (1)
0.9335 +- -1.00 (1)
0.9334 +- -1.00 (1)
0.9328 +- -1.00 (1)
0.9377 +- -1.00 (1)
0.9289 +- -1.00 (1)
0.9293 +- -1.00 (1)
0.9342 +- -1.00 (1)
0.9357 +- -1.00 (1)
0.9355 +- -1.00 (1)
0.9384 +- -1.00 (1)
0.9312 +- -1.00 (1)
0.9345 +- -1.00 (1)
0.9288 +- -1.00 (1)
0.9221 +- -1.00 (1)
0.9301 +- -1.00 (1)
0.9336 +- -1.00 (1)
0.9418 +- -1.00 (1)
0.9367 +- -1.00 (1)
0.9371 +- -1.00 (1)
0.9339 +- -1.00 (1)
0.9323 +- -1.00 (1)
0.9332 +- -1.00 (1)
0.9330 +- -1.00 (1)
0.9234 +- -1.00 (1)
0.9401 +- -1.00 (1)
0.9270 +- -1.00 (1)
0.9440 +- -1.00 (1)
0.9336 +- -1.00 (1)
0.9270 +- -1.00 (1)
0.9288 +- -1.00 (1)
0.9367 +- -1.00 (1)
0.9308 +- -1.00 (1)
0.9327 +- -1.00 (1)
0.9389 +- -1.00 (1)
0.9316 +- -1.00 (1)
0.9259 +- -1.00 (1)
0.9361 +- -1.00 (1)
0.9406 +- -1.00 (1)
0.9336 +- -1.00 (1)
0.9396 +- -1.00 (1)
0.9303 +- -1.00 (1)
0.9342 +- -1.00 (1)
0.9386 +- -1.00 (1)
0.9345 +- -1.00 (1)
0.9356 +- -1.00 (1)
0.9355 +- -1.00 (1)
0.9360 +- -1.00 (1)
0.9397 +- -1.00 (1)
0.9333 +- -1.00 (1)
0.9369 +- -1.00 (1)
0.9293 +- -1.00 (1)
0.9329 +- -1.00 (1)
0.9290 +- -1.00 (1)
0.9295 +- -1.00 (1)
0.9404 +- -1.00 (1)
0.9258 +- -1.00 (1)
0.9329 +- -1.00 (1)
0.9325 +- -1.00 (1)
0.9392 +- -1.00 (1)
0.9265 +- -1.00 (1)
0.9298 +- -1.00 (1)
0.9385 +- -1.00 (1)
0.9370 +- -1.00 (1)
0.9318 +- -1.00 (1)
0.9293 +- -1.00 (1)
0.9275 +- -1.00 (1)
0.9324 +- -1.00 (1)
0.9356 +- -1.00 (1)
0.9347 +- -1.00 (1)
0.9370 +- -1.00 (1)
0.9279 +- -1.00 (1)
0.9301 +- -1.00 (1)
0.9324 +- -1.00 (1)
0.9292 +- -1.00 (1)
0.9367 +- -1.00 (1)
0.9297 +- -1.00 (1)
0.9352 +- -1.00 (1)
0.9319 +- -1.00 (1)
0.9288 +- -1.00 (1)
0.9356 +- -1.00 (1)
0.9357 +- -1.00 (1)
0.9357 +- -1.00 (1)
0.9297 +- -1.00 (1)
0.9299 +- -1.00 (1)
0.9342 +- -1.00 (1)
0.9335 +- -1.00 (1)
0.9302 +- -1.00 (1)
0.9322 +- -1.00 (1)
0.9324 +- -1.00 (1)
0.9340 +- -1.00 (1)
0.9395 +- -1.00 (1)
0.9344 +- -1.00 (1)
0.9342 +- -1.00 (1)
0.9328 +- -1.00 (1)
0.9325 +- -1.00 (1)
0.9280 +- -1.00 (1)
0.9286 +- -1.00 (1)
0.9372 +- -1.00 (1)
0.9309 +- -1.00 (1)
0.9223 +- -1.00 (1)
0.9363 +- -1.00 (1)
0.9297 +- -1.00 (1)
0.9331 +- -1.00 (1)
0.9403 +- -1.00 (1)
0.9306 +- -1.00 (1)
0.9365 +- -1.00 (1)
0.9255 +- -1.00 (1)
0.9285 +- -1.00 (1)
0.9286 +- -1.00 (1)
0.9272 +- -1.00 (1)
0.9319 +- -1.00 (1)
0.9319 +- -1.00 (1)
0.9307 +- -1.00 (1)
0.9129 +- -1.00 (1)
0.9235 +- -1.00 (1)
0.9315 +- -1.00 (1)
0.9339 +- -1.00 (1)
0.9344 +- -1.00 (1)
0.9358 +- -1.00 (1)
0.9413 +- -1.00 (1)
0.9254 +- -1.00 (1)
0.9343 +- -1.00 (1)
0.9378 +- -1.00 (1)
0.9216 +- -1.00 (1)
0.9398 +- -1.00 (1)
0.9320 +- -1.00 (1)
0.9414 +- -1.00 (1)
0.9286 +- -1.00 (1)
0.9279 +- -1.00 (1)
0.9290 +- -1.00 (1)
0.9284 +- -1.00 (1)
0.9296 +- -1.00 (1)
0.9317 +- -1.00 (1)
