0.0844 0.083 0.1595612 1
0.0358 0.0352 0.06880984 1
0.2114 0.2067 0.37382072 1
0.1801 0.1734 0.32162316 1
0.0771 0.0751 0.14556099 1
0.1799 0.1749 0.32268929 1
0.1478 0.1439 0.26972228 1
0.0863 0.0836 0.16185422 1
0.0777 0.0677 0.13928411 1
0.2242 0.2232 0.39680496 1
0.2355 0.2296 0.4104933 1
0.0652 0.059 0.1194764 1
0.018 0.0166 0.0333348 1
0.0325 0.0313 0.06184555 1
0.0812 0.0771 0.15119678 1
0.165 0.1639 0.3011844 1
0.0777 0.0751 0.14611653 1
0.0543 0.0524 0.10296038 1
0.0398 0.0384 0.07574888 1
0.0508 0.0502 0.09754984 1
0.1278 0.123 0.2343304 1
0.0897 0.0824 0.16387982 1
0.3457 0.3447 0.57092661 1
0.1472 0.1414 0.26707352 1
0.0494 0.0482 0.09431552 1
0.1108 0.1093 0.20720866 1
0.1373 0.1351 0.25312217 1
0.0844 0.0833 0.15983618 1
0.1211 0.121 0.226688 1
0.0811 0.0804 0.15414006 1
0.0889 0.0873 0.16761423 1
0.0508 0.0436 0.09127852 1
0.0161 0.0161 0.03097199 1
0.0357 0.0352 0.06871326 1
0.0524 0.052 0.1007786 1
0.0684 0.0674 0.13032464 1
0.049 0.0431 0.0890792 1
0.2212 0.2141 0.38737538 1
0.0916 0.0906 0.17308224 1
0.057 0.0551 0.1080704 1
0.0551 0.041 0.092936 1
0.1506 0.1505 0.2777348 1
0.1342 0.126 0.24255 1
0.1379 0.1348 0.25338278 1
0.0514 0.051 0.09888 1
0.0462 0.0429 0.08620612 1
0.076 0.0724 0.142045 1
0.1155 0.1121 0.21387905 1
0.0603 0.0598 0.11561316 1
0.0158 0.0138 0.02841056 1
0.061 0.0568 0.113452 1
0.1037 0.101 0.19343 1
0.0325 0.0321 0.06262035 1
0.2137 0.2123 0.38005649 1
0.2662 0.2642 0.45959936 1
0.067 0.0638 0.1256552 1
0.0771 0.0754 0.14583816 1
0.0778 0.0668 0.13854656 1
0.0283 0.0252 0.05183934 1
0.0376 0.0336 0.06900684 1
0.1497 0.1439 0.27135077 1
0.063 0.0598 0.1181544 1
0.109 0.0998 0.1971296 1
0.1008 0.0994 0.18937968 1
0.0885 0.0867 0.16670125 1
0.0767 0.076 0.1460225 1
0.0829 0.0812 0.15653162 1
0.0218 0.02 0.0404048 1
0.0719 0.069 0.1350788 1
0.0772 0.0761 0.14657738 1
0.1785 0.1721 0.31922975 1
0.1354 0.126 0.2436 1
0.08 0.0742 0.1474172 1
0.1597 0.1572 0.29111106 1
0.1788 0.1775 0.3239183 1
0.0369 0.0365 0.07112555 1
0.0829 0.0779 0.15350189 1
0.0741 0.071 0.138983 1
0.0429 0.0387 0.07902037 1
0.0512 0.0506 0.09831008 1
0.0479 0.0376 0.08278346 1
0.0976 0.0949 0.18242926 1
0.0551 0.0465 0.09813845 1
0.0821 0.0751 0.15019049 1
0.0294 0.0293 0.05689628 1
0.0686 0.0678 0.13088432 1
0.056 0.0538 0.105896 1
0.0837 0.081 0.157084 1
0.3597 0.3524 0.58505282 1
0.0617 0.0583 0.11552189 1
0.0585 0.0542 0.108641 1
0.1275 0.1177 0.22943745 1
0.0679 0.0672 0.12967122 1
0.097 0.0896 0.1770944 1
0.1348 0.1312 0.24757924 1
0.0232 0.0219 0.04363602 1
0.0661 0.0626 0.12368984 1
0.0439 0.038 0.0793127 1
0.0233 0.0216 0.04344062 1
0.0936 0.0908 0.17508452 1
0.0533 0.0314 0.0821171 2
0.025 0.0032 0.02731378 3
0.0722 0.0576 0.12480956 3
0.0652 0.0313 0.09361894 2
0.0487 0.0354 0.08146128 4
0.0361 0.0337 0.06774779 4
0.0379 0.0045 0.04129538 3
0.0203 0.0117 0.03083064 3
0.0524 0.0264 0.07659856 2
0.0477 0.0167 0.06302574 7
0.0614 0.0344 0.09296883 4
0.0487 0.0251 0.07191813 4
0.0219 0.0066 0.02741406 3
0.0344 0.0125 0.04555438 2
0.0287 0.0238 0.05086844 1
0.0346 0.0256 0.05837344 1
0.0213 0.0035 0.02377935 5
0.0871 0.0278 0.11173772 2
0.046 0.0046 0.04946285 2
0.0533 0.0057 0.05788675 3
0.0509 0.014 0.06407373 4
0.0381 0.0241 0.06041253 3
0.0427 0.0292 0.06973506 2
0.0552 0.0101 0.06390726 3
0.041 0.0386 0.07711768 3
0.0502 0.0246 0.07281276 9
0.0634 0.0565 0.11544741 5
0.0413 0.0183 0.05802473 5
0.0418 0.0199 0.05992888 1
0.0179 0.0121 0.02881289 2
0.0413 0.034 0.07298877 4
0.0241 0.0205 0.04316527 4
0.0194 0.0123 0.03049436 2
0.0425 0.0169 0.05782461 5
0.0482 0.0095 0.05637632 2
0.026 0.0085 0.03341646 5
0.0435 0.0429 0.08361925 1
0.0781 0.0584 0.13108922 2
0.0324 0.0104 0.04152404 3
0.0324 0.0163 0.04721958 1
0.0471 0.0126 0.05859232 4
0.0358 0.0261 0.06005416 7
0.0368 0.017 0.05227242 3
0.0975 0.059 0.14996756 5
0.0372 0.0107 0.04660438 3
0.0597 0.035 0.09171308 2
0.0345 0.0098 0.04306892 3
0.0306 0.0046 0.03424897 4
0.0507 0.0214 0.07017479 4
0.0204 0.0107 0.02994432 3
0.0266 0.0076 0.03307382 2
0.0434 0.023 0.06456546 4
0.0794 0.0844 0.15626144 1
0.0391 0.0291 0.06620487 3
0.0644 0.0101 0.07297418 2
0.0234 0.0081 0.03034726 4
0.0291 0.0038 0.03209212 4
0.0504 0.0014 0.05113863 3
0.0253 0.0162 0.04014224 6
0.0414 0.0221 0.06170388 2
0.0382 0.0149 0.05162959 4
0.0412 0.0096 0.04953174 4
0.0501 0.0258 0.07375727 3
0.0301 0.0163 0.04515939 14
0.0128 0.0024 0.01418599 5
0.0265 0.0217 0.04667215 1
0.0293 0.0272 0.05479701 6
0.0305 0.0304 0.0590327 1
0.0559 0.0284 0.08191128 7
0.0663 0.0077 0.07266487 4
0.0479 0.0409 0.08593229 2
0.0512 0.0238 0.07297927 4
0.0637 0.0474 0.10721768 5
0.0451 0.0301 0.07291957 2
0.049 0.0256 0.07284909 7
0.0181 0.0055 0.022593 3
0.0232 0.0181 0.03992038 1
0.0421 0.0255 0.0656452 4
0.0409 0.0206 0.05985853 4
0.0337 0.0127 0.04504427 2
0.0622 0.0496 0.10784528 3
0.0327 0.0223 0.05332479 1
0.0323 0.004 0.0352223 2
0.0595 0.0443 0.10034804 2
0.0173 0.0087 0.02489716 4
0.0352 0.0216 0.05517004 4
0.0616 0.0279 0.08716236 5
0.0447 0.0233 0.06624502 6
0.0913 0.0781 0.1617284 6
0.0574 0.0089 0.06505306 4
0.0204 0.0035 0.02290452 3
0.0501 0.0434 0.09045578 2
0.04 0.0144 0.05297153 3
0.0324 0.0013 0.03270514 2
0.0418 0.0143 0.05455736 1
0.0328 0.0282 0.05915157 2
0.0432 0.0073 0.04926299 4
0.0305 0.0312 0.05983118 2
0.0459 0.0271 0.07092703 3
0.0171 0.0065 0.02258952 6
0.0367 0.0213 0.05635526 3
0.0414 0.0178 0.05760936 5
0.0389 0.0219 0.0590316 3
0.0402 0.0127 0.05145595 4
0.034 0.0043 0.03732518 6
0.0294 0.0176 0.04552908 2
0.0289 0.0096 0.03732614 6
0.035 0.0084 0.0424073 3
0.0366 0.0248 0.05959258 4
0.025 0.0041 0.02807026 6
0.0347 0.0139 0.04728478 7
0.0408 0.0087 0.04822506 3
0.0295 0.0087 0.0370504 8
0.033 0.0146 0.0463391 2
0.0242 0.0026 0.02601014 4
0.0309 0.0138 0.04342542 9
0.0276 0.0112 0.03756685 3
0.047 0.0158 0.06123637 5
0.0374 0.0186 0.05437076 4
0.0392 0.0185 0.05625448 9
0.0469 0.0169 0.06208801 3
0.0437 0.0058 0.04832888 2
0.073 0.019 0.08988064 2
0.0527 0.0122 0.06366439 6
0.0392 0.0091 0.04720404 9
0.0344 0.0187 0.0515537 6
0.0461 0.0352 0.07878142 4
0.0393 0.0136 0.05146322 4
0.0231 0.0051 0.02713825 5
0.0225 0.0078 0.02916052 2
0.0351 0.0086 0.04247403 4
0.0315 0.0066 0.03696058 4
0.032 0.0036 0.03456076 2
0.0304 0.0062 0.03555633 6
0.0378 0.0013 0.03824592 12
0.0326 0.0232 0.0541055 2
0.0446 0.0245 0.06716129 8
0.0397 0.0074 0.04598444 4
0.0226 0.0024 0.02397826 3
0.0469 0.0284 0.07308574 4
0.0429 0.0168 0.05815944 3
0.0304 0.0049 0.03423831 6
0.0422 0.0247 0.06492356 1
0.0581 0.0183 0.07481427 7
0.032 0.0163 0.04685314 3
0.043 0.008 0.04983444 4
0.0319 0.0229 0.0531635 9
0.026 0.0013 0.0264057 5
0.0294 0.013 0.0411534 4
0.023 0.004 0.02599021 7
0.0258 0.0179 0.0422917 3
0.0354 0.0249 0.0584862 2
0.0561 0.0211 0.07515649 4
0.0395 0.0132 0.05127268 5
0.041 0.0096 0.04930695 3
0.0239 0.0116 0.03428754 3
0.0277 0.0012 0.02794476 2
0.0341 0.0164 0.04914721 3
0.0276 0.0073 0.03385544 9
0.0366 0.0193 0.0542802 5
0.0458 0.0167 0.06109962 3
0.0283 0.0197 0.0466215 5
0.0408 0.0203 0.05937249 2
0.0422 0.0239 0.06419943 7
0.0217 0.0035 0.02420815 3
0.0225 0.0039 0.02533765 1
0.0289 0.0158 0.04332366 6
0.0433 0.0268 0.06804128 6
0.061 0.0149 0.07413774 4
0.0471 0.0127 0.05826063 1
0.031 0.0205 0.04997104 3
0.0453 0.0125 0.05668442 7
0.0455 0.0251 0.06852755 1
0.0346 0.0142 0.04748828 5
0.0417 0.002 0.0427276 4
0.0195 0.0067 0.02511505 3
0.0275 0.0034 0.02986497 4
0.0311 0.0097 0.03959181 5
0.0273 0.0054 0.031647 5
0.0383 0.0075 0.04487175 6
0.0452 0.0117 0.05561328 4
0.0423 0.0112 0.05236099 6
0.0311 0.0142 0.04394958 6
0.0581 0.007 0.0638387 5
0.0192 0.0091 0.02717127 6
0.0272 0.0034 0.0295984 9
0.04 0.0223 0.0604693 1
0.0449 0.0183 0.06149477 3
0.0653 0.0294 0.09192871 4
0.0462 0.0112 0.056033 5
0.038 0.0076 0.04446144 6
0.0431 0.0284 0.06941104 4
0.0391 0.0198 0.05723795 2
0.0253 0.0011 0.02544665 3
0.0388 0.0197 0.05691942 7
0.0195 0.0035 0.02202626 4
0.0266 0.004 0.02955752 4
0.0292 0.0014 0.02979731 6
0.0243 0.0087 0.03187932 6
0.034 0.0159 0.04841598 2
0.0356 0.0138 0.04809651 7
0.0251 0.0158 0.03961504 4
0.0389 0.0109 0.0484907 7
0.0282 0.0068 0.03387736 6
0.0352 0.0218 0.05539226 8
0.0294 0.0155 0.0434882 1
0.03 0.0041 0.03326211 6
0.0367 0.0038 0.03955999 7
0.0366 0.0082 0.04361561 9
0.0321 0.0164 0.04703528 3
0.0356 0.0173 0.05135225 3
0.0431 0.0264 0.06752623 6
0.0211 0.0108 0.03075506 7
0.0324 0.0165 0.04749789 5
0.0337 0.0093 0.04177309 2
0.0325 0.0096 0.04093641 6
0.0505 0.0132 0.06220565 4
0.0454 0.0039 0.04852367 7
0.0272 0.0144 0.04027744 6
0.0319 0.0079 0.03867945 8
0.0401 0.0083 0.04716159 3
0.0279 0.0013 0.02870346 16
0.036 0.0142 0.04882718 9
0.0371 0.0066 0.04266319 4
0.0416 0.0039 0.04473354 15
0.0322 0.008 0.03908491 9
0.0317 0.0097 0.04016809 3
0.035 0.0042 0.03816257 5
0.0306 0.0092 0.03858585 8
0.0287 0.0012 0.02934759 8
0.0305 0.0045 0.03431481 6
0.0269 0.0086 0.03446292 9
0.0316 0.0091 0.03976282 10
0.031 0.0063 0.03616118 3
0.033 0.0164 0.04802519 7
0.0346 0.0016 0.03543388 7
0.031 0.0057 0.03585267 8
0.0468 0.0167 0.06214596 12
0.0203 0.0106 0.02971472 1
0.0367 0.0148 0.05021282 8
0.0368 0.0114 0.04684016 3
0.0326 0.0086 0.04001534 3
0.0461 0.008 0.05306984 6
0.045 0.0163 0.05967513 5
0.0352 0.011 0.04515564 10
0.041 0.021 0.060243 4
0.0374 0.0013 0.03780465 5
0.0327 0.0078 0.03934259 5
0.0269 0.008 0.03393627 7
0.0316 0.0065 0.03716574 8
0.0288 0.011 0.03862412 9
0.0369 0.0137 0.04922882 6
0.0375 0.0127 0.04881043 4
0.0337 0.0079 0.0404318 4
0.0339 0.0154 0.04790674 9
0.0243 0.0091 0.03223777 8
0.0342 0.0044 0.03759152 8
0.0351 0.0136 0.04782747 9
0.0275 0.0016 0.02827738 7
0.0321 0.0034 0.03448526 3
0.0291 0.0011 0.02931672 6
0.0286 0.0095 0.03703846 7
0.0325 0.0078 0.03925319 8
0.0416 0.0266 0.0661738 3
0.0245 0.0122 0.03550392 5
0.0348 0.0173 0.05056605 4
0.0275 0.0108 0.0371924 8
0.0345 0.0135 0.04658805 4
0.0335 0.0031 0.03576709 9
0.04 0.0087 0.04748033 5
0.0318 0.0027 0.03396702 9
0.0303 0.0041 0.03335228 7
0.0426 0.0313 0.07167695 3
0.0423 0.0215 0.06196168 4
0.0289 0.0074 0.03518585 6
0.0329 0.0112 0.04279107 4
0.0222 0.0059 0.02706918 7
0.0367 0.0069 0.04270569 8
0.0239 0.0019 0.02493096 9
0.0372 0.013 0.04892837 6
0.0408 0.0118 0.05121867 5
0.0288 0.0069 0.03469502 6
0.0298 0.0046 0.03334667 6
0.0467 0.0099 0.05548893 9
0.0254 0.0106 0.03500331 6
0.0297 0.0074 0.03614014 11
0.0285 0.0154 0.04254419 9
0.0353 0.0218 0.05545676 9
0.0513 0.0151 0.06473985 4
0.0407 0.0052 0.04497497 5
0.023 0.0117 0.0334736 6
0.0394 0.0027 0.04112744 6
0.0422 0.0225 0.06282659 2
0.0263 0.0041 0.02940289 5
0.0296 0.0147 0.04295885 5
0.0224 0.0074 0.02870543 6
0.0296 0.0033 0.03184402 4
0.0289 0.0024 0.03026094 1
0.0269 0.0068 0.03262725 4
0.0289 0.0014 0.02964782 12
0.0377 0.0083 0.04474858 3
0.0304 0.011 0.04025298 11
0.0339 0.0033 0.03624006 6
0.0298 0.0156 0.0440026 3
0.0316 0.0228 0.05276915 4
0.0333 0.0037 0.03600183 9
0.0322 0.0098 0.04106626 9
0.0359 0.0155 0.05005358 6
0.0307 0.0094 0.03889349 9
0.0312 0.0146 0.04448291 8
0.0405 0.0246 0.06320871 3
0.0346 0.0159 0.04910772 8
0.0271 0.0204 0.04600973 6
0.0316 0.0104 0.0407709 5
0.0304 0.0059 0.03517041 3
0.0319 0.0079 0.03866396 8
0.0408 0.0057 0.0454528 5
0.048 0.0013 0.04835042 4
0.0293 0.008 0.03612106 4
0.0317 0.0031 0.03378065 4
0.0376 0.0083 0.04477654 6
0.0342 0.0188 0.05153369 11
0.0363 0.0063 0.04149283 4
0.0453 0.008 0.05219137 6
0.0383 0.0064 0.04375751 9
0.0309 0.0224 0.05169773 9
0.0358 0.004 0.0388957 7
0.03 0.0134 0.04204813 5
0.0303 0.0011 0.03064026 14
0.0309 0.0125 0.0420819 3
0.0395 0.0168 0.05477215 6
0.0319 0.0098 0.04051817 6
0.0302 0.0109 0.03995542 8
0.0394 0.0163 0.05425893 7
0.0399 0.0079 0.04653159 1
0.0315 0.0206 0.05063249 8
0.0307 0.0104 0.03997974 9
0.0407 0.0086 0.04818341 9
0.0249 0.004 0.02793438 10
0.0384 0.0057 0.04304132 6
0.0384 0.01 0.04762044 15
0.0296 0.0062 0.03482793 7
0.0419 0.0081 0.04886177 3
0.0358 0.0112 0.0457005 5
0.0351 0.0217 0.05529432 10
0.0402 0.01 0.04890444 5
0.0413 0.0014 0.04205978 7
0.0307 0.0047 0.03440573 6
0.0394 0.0064 0.04470459 8
0.0251 0.0093 0.03320249 2
0.0252 0.0128 0.03675539 3
0.0387 0.02 0.05712814 12
0.0298 0.013 0.04149403 3
0.0371 0.0191 0.05457842 7
0.0389 0.006 0.04399957 10
0.0219 0.0026 0.02360093 11
0.033 0.0027 0.03490109 8
0.0394 0.0053 0.04375687 8
0.0262 0.0062 0.03136105 7
0.0384 0.0179 0.05469325 3
0.0236 0.0076 0.03020846 3
0.0303 0.0072 0.03640993 7
0.0317 0.002 0.03292718 13
0.0376 0.0127 0.04922214 5
0.0182 0.0086 0.02576623 12
0.0352 0.0109 0.04483248 4
0.036 0.0032 0.03819107 9
0.0322 0.0093 0.04033304 8
0.0314 0.0065 0.03700615 13
0.037 0.0064 0.0422481 3
0.0302 0.0073 0.03633395 3
0.0332 0.0047 0.03678086 1
0.0339 0.0115 0.04411395 5
0.0501 0.0033 0.05291558 8
0.0322 0.0121 0.04344607 12
0.035 0.0041 0.03822763 9
0.032 0.0051 0.03606553 10
0.0316 0.0016 0.0322818 14
0.0213 0.0033 0.02361893 11
0.0389 0.002 0.04008807 9
0.0386 0.0076 0.0451966 13
0.0356 0.0127 0.04694819 7
0.0302 0.0105 0.03944445 6
0.0371 0.0081 0.04432725 12
0.026 0.0017 0.02693251 6
0.0344 0.0068 0.04011794 8
0.0278 0.0045 0.03128223 9
0.0335 0.0058 0.03815832 3
0.0436 0.0058 0.04840502 5
0.0373 0.0072 0.04339236 6
0.0298 0.0165 0.04487267 5
0.0381 0.0069 0.04407358 6
0.0462 0.0032 0.04855348 11
0.0278 0.007 0.03371207 8
0.0351 0.0092 0.04311281 8
0.0257 0.0068 0.03175558 7
0.0433 0.0148 0.05667632 13
0.0298 0.0012 0.03012631 8
0.0252 0.0099 0.03394664 5
0.0305 0.0118 0.04101687 4
0.0391 0.0112 0.0490905 5
0.032 0.002 0.03304596 6
0.0404 0.0176 0.05641152 8
0.0289 0.0173 0.0447584 3
0.0313 0.0028 0.03331083 8
0.0345 0.0106 0.04379834 3
0.0321 0.0166 0.0472881 4
0.037 0.0187 0.05409077 5
0.0296 0.0099 0.03827607 3
0.0341 0.0198 0.05230514 7
0.0377 0.0172 0.05339533 6
0.0367 0.0066 0.0422135 6
0.0296 0.0051 0.03386306 16
0.0318 0.0075 0.03822364 9
0.0345 0.0013 0.03484122 4
0.0279 0.0071 0.03387048 6
0.0299 0.0135 0.04210219 3
0.0381 0.0125 0.04950758 8
0.029 0.0051 0.03324546 13
0.0324 0.0014 0.03328103 13
0.0357 0.0049 0.03957141 4
0.0366 0.0227 0.05787132 15
0.0346 0.0059 0.03939014 7
0.0461 0.0142 0.05899127 10
0.0403 0.0103 0.04942362 7
0.033 0.0106 0.04235457 7
0.0337 0.0063 0.03886853 4
0.0306 0.0111 0.04048569 5
0.0344 0.0086 0.04175144 3
0.0334 0.0078 0.04000976 5
0.0302 0.0148 0.04361754 4
0.0287 0.0017 0.02965009 13
0.0273 0.0065 0.03285634 7
0.0365 0.0244 0.05934194 9
0.0405 0.0116 0.05071764 6
0.0393 0.0045 0.04319685 14
0.0333 0.0119 0.04390822 5
0.0344 0.004 0.03733808 6
0.0251 0.0013 0.02567877 9
0.0403 0.0103 0.04951662 9
0.0272 0.001 0.02736731 10
0.039 0.0157 0.05324659 5
0.0403 0.0111 0.05006505 4
0.0384 0.0232 0.05985692 6
0.0322 0.0087 0.03983578 6
0.039 0.0114 0.04906686 6
0.0342 0.0037 0.03700583 4
0.0405 0.0066 0.04605754 12
0.0341 0.0149 0.0476344 7
0.0273 0.0122 0.03824686 5
0.0251 0.0193 0.04298673 5
0.0378 0.0082 0.04489668 4
0.0319 0.0016 0.03264152 7
0.0371 0.0158 0.05168513 8
0.039 0.0116 0.04936279 8
0.0257 0.0021 0.02694682 17
0.0347 0.0024 0.03638734 7
0.0319 0.0059 0.03665404 4
0.0293 0.0083 0.03645965 8
0.0383 0.0067 0.04393482 7
0.0305 0.0067 0.03608049 6
0.0327 0.0019 0.03362393 4
0.0371 0.0028 0.03908786 17
0.0379 0.0042 0.04108896 6
0.024 0.0015 0.02465181 12
0.0358 0.0082 0.04285144 7
0.0328 0.0018 0.03377262 10
0.0351 0.0046 0.03885486 12
0.035 0.0092 0.04315143 10
0.0399 0.0061 0.04582776 7
0.0337 0.002 0.03500022 7
0.0349 0.0096 0.04341233 14
0.0391 0.0117 0.04950512 7
0.0396 0.0236 0.06149396 5
0.0327 0.0031 0.03479893 8
0.0351 0.0126 0.04652802 13
0.0269 0.0111 0.03677082 5
0.03 0.0055 0.03443216 9
0.0267 0.0109 0.03638437 6
0.0378 0.0107 0.04739532 11
0.0359 0.0169 0.05138926 8
0.0319 0.0013 0.03224131 9
0.0363 0.0133 0.04830576 9
0.038 0.0077 0.04451931 7
0.0269 0.0129 0.0385326 5
0.0373 0.0128 0.04871765 4
0.0341 0.0103 0.04325623 8
0.0343 0.0038 0.03713648 13
0.0371 0.0067 0.04284507 8
0.042 0.0081 0.04889265 4
0.0289 0.0016 0.0297285 10
0.0363 0.0021 0.03739798 4
0.0443 0.0015 0.04511423 7
0.0313 0.0017 0.03211171 5
0.0329 0.011 0.0428526 13
0.0283 0.0025 0.03003554 11
0.0326 0.0146 0.04588942 10
0.0286 0.0031 0.03064204 1
0.031 0.0125 0.04223164 7
0.0334 0.0116 0.04376441 7
0.0316 0.0163 0.04663893 12
0.0319 0.0105 0.04127613 9
0.0372 0.025 0.06053352 11
0.0303 0.0027 0.03214104 7
0.0362 0.0118 0.04666927 6
0.0382 0.0178 0.05448864 10
0.0351 0.0103 0.04434567 8
0.0374 0.009 0.04517779 7
0.0395 0.0129 0.05101005 6
0.0367 0.0062 0.04188959 9
0.0352 0.0055 0.03980145 5
0.0339 0.0014 0.03440432 6
0.0334 0.0036 0.0360098 10
0.0301 0.0077 0.03688846 13
0.0356 0.0153 0.04962955 7
0.0349 0.0013 0.03557021 12
0.0337 0.0052 0.03801133 8
0.0449 0.0235 0.06669965 14
0.0364 0.0014 0.03719559 10
0.0288 0.0098 0.0375415 9
0.0399 0.0153 0.05367586 6
0.0306 0.0076 0.03714208 11
0.0365 0.0048 0.04022916 4
0.0471 0.0238 0.0690428 9
0.037 0.0016 0.03778736 8
0.0331 0.0078 0.03976598 5
0.0301 0.0045 0.0337662 9
0.0381 0.0083 0.04519256 7
0.0368 0.0154 0.05089639 7
0.0319 0.0171 0.04756149 7
0.0395 0.0029 0.04198032 11
0.0358 0.0016 0.03682367 13
0.0302 0.0011 0.03082599 12
0.0385 0.0119 0.04919014 8
0.0321 0.0137 0.04443726 5
0.039 0.016 0.05388496 7
0.0401 0.0049 0.0440369 11
0.0368 0.0059 0.0416899 8
0.0261 0.005 0.03025147 6
0.0409 0.0183 0.05802727 11
0.0375 0.0211 0.05750138 11
0.0396 0.0027 0.04156159 9
0.0355 0.0118 0.04631408 13
0.038 0.0153 0.05179758 4
0.0331 0.0044 0.03675394 5
0.0381 0.0143 0.05105345 5
0.04 0.0076 0.04686506 10
0.0303 0.0076 0.03672777 2
0.0386 0.0044 0.0419414 3
0.0329 0.0181 0.04960165 10
0.0301 0.005 0.03411171 4
0.0385 0.0056 0.04307099 12
0.0305 0.003 0.03252892 4
0.0314 0.0019 0.0325082 9
0.0412 0.0105 0.0504174 8
0.0319 0.0053 0.03612607 5
0.0312 0.0062 0.03646986 8
0.0329 0.0051 0.03717157 9
0.0288 0.0083 0.03596411 5
0.0414 0.0051 0.04624005 12
0.0331 0.0096 0.04144248 4
0.0318 0.0026 0.03395298 17
0.0368 0.0139 0.04934918 11
0.0361 0.0099 0.04481505 5
0.0253 0.0014 0.02587501 7
0.0332 0.0036 0.03611243 15
0.029 0.0165 0.04438061 11
0.033 0.0049 0.03681062 3
0.0344 0.0102 0.04331949 6
0.0426 0.0032 0.0454415 6
0.0315 0.0049 0.03570018 6
0.0326 0.0054 0.03713919 6
0.0371 0.0016 0.03798879 11
0.0402 0.0016 0.04102997 8
0.0316 0.0014 0.03205211 8
0.0368 0.0131 0.04851867 4
0.0339 0.0074 0.04017662 11
0.0324 0.0098 0.04102274 11
0.0348 0.0029 0.03687017 14
0.0361 0.0128 0.04776982 13
0.0392 0.0142 0.05193544 4
0.0389 0.0016 0.03965007 12
0.0337 0.0047 0.03738712 8
0.0324 0.0101 0.04132418 7
0.0323 0.001 0.03239316 10
0.0344 0.0085 0.0417679 10
0.0285 0.0087 0.03607767 7
0.0326 0.0144 0.04560517 5
0.0421 0.0074 0.04829979 10
0.0348 0.0117 0.04529443 6
0.0345 0.0057 0.03935221 7
0.031 0.0087 0.03870903 11
0.0432 0.0039 0.04620506 9
0.032 0.0026 0.03374357 11
0.0334 0.0191 0.05093659 4
0.0292 0.0132 0.0411883 9
0.0288 0.0033 0.03122681 5
0.0327 0.0043 0.03594842 8
0.0329 0.006 0.03789232 6
0.0354 0.0086 0.04283172 13
0.0352 0.0052 0.0393306 5
0.037 0.0104 0.04607301 3
0.0376 0.0049 0.0415223 7
0.0311 0.0106 0.04086974 11
0.0385 0.0235 0.06031598 13
0.0287 0.0109 0.03858812 6
0.0352 0.0136 0.04760132 9
0.0388 0.0097 0.04732443 10
0.0404 0.0049 0.04433848 12
0.0338 0.0118 0.04429061 5
0.0337 0.0219 0.05396457 6
0.0354 0.0135 0.0479719 13
0.0319 0.0117 0.04236026 8
0.033 0.0104 0.04218448 9
0.0386 0.0179 0.05503713 9
0.0355 0.0215 0.05563445 9
0.0392 0.012 0.04989983 9
0.0373 0.0102 0.04639833 10
0.0402 0.0085 0.0475368 6
0.0392 0.0107 0.04888992 11
0.0353 0.0077 0.04197494 10
0.0366 0.0137 0.04947606 10
0.0338 0.0089 0.04149671 4
0.0376 0.0108 0.04753105 7
0.0379 0.0014 0.03840407 6
0.0401 0.0211 0.05950815 7
0.0312 0.0137 0.04357924 6
0.0346 0.0045 0.03810364 8
0.0368 0.0063 0.04223207 15
0.0344 0.0218 0.05462785 14
0.0347 0.012 0.04561337 7
0.0341 0.0089 0.04205149 15
0.0342 0.0166 0.0494231 7
0.0355 0.0051 0.0395907 6
0.0377 0.0069 0.04351381 9
0.0321 0.0079 0.03883275 5
0.0434 0.003 0.04582589 14
0.0347 0.0257 0.0587713 14
0.03 0.0015 0.03075511 13
0.0383 0.0037 0.04101763 6
0.0413 0.0057 0.04604787 8
0.0414 0.0081 0.0482769 4
0.0389 0.0015 0.03988926 16
0.0313 0.0097 0.03977633 6
0.0359 0.0065 0.04135654 6
0.0433 0.012 0.05383794 2
0.0391 0.0075 0.04564183 13
0.0409 0.0095 0.04915882 4
0.0375 0.0081 0.04453406 8
0.0381 0.0159 0.05264354 6
0.0347 0.002 0.03590428 11
0.0346 0.0232 0.05637901 9
0.0311 0.0073 0.03750046 11
0.036 0.0118 0.04666854 7
0.0412 0.002 0.04232653 5
0.0383 0.0064 0.04370217 11
0.0349 0.0122 0.04582824 8
0.0355 0.0081 0.04256063 11
0.0373 0.0088 0.04504427 10
0.0399 0.0212 0.05958865 7
0.0405 0.004 0.04373316 8
0.0375 0.0082 0.04446433 5
0.042 0.0061 0.0472108 8
0.0399 0.0135 0.05211753 10
0.0253 0.0046 0.0288433 3
0.0368 0.0042 0.04025845 13
0.0367 0.0095 0.04506483 10
0.0351 0.0018 0.03634261 11
0.0406 0.0215 0.06049143 10
0.0398 0.0023 0.04110806 2
0.0327 0.0171 0.04850912 9
0.0409 0.0075 0.04734856 8
0.0415 0.0273 0.06688473 9
0.0447 0.0074 0.05091103 8
0.0363 0.012 0.04716481 8
0.0396 0.016 0.05425898 9
0.0335 0.0158 0.04812325 11
0.0306 0.0045 0.03425038 13
0.0365 0.0061 0.04161767 8
0.0384 0.0077 0.04489649 6
0.0409 0.0105 0.05029486 9
0.0414 0.0014 0.04207564 11
0.0368 0.0185 0.05381512 7
0.0316 0.0095 0.04000052 6
0.0322 0.0012 0.03243912 2
0.0403 0.0168 0.05553055 10
0.0378 0.0062 0.04287995 9
0.0379 0.007 0.04370786 5
0.0455 0.0014 0.04642493 11
0.039 0.0123 0.05022221 10
0.0437 0.0085 0.0509389 6
0.0339 0.0129 0.04549739 7
0.0352 0.0033 0.03833641 6
0.0303 0.0025 0.03203277 10
0.0371 0.0116 0.04745688 4
0.0339 0.0032 0.03631358 16
0.039 0.0068 0.04473276 6
0.0326 0.0062 0.03773736 9
0.0369 0.0088 0.04464576 12
0.0348 0.022 0.05523124 9
0.047 0.0171 0.06250259 7
0.0414 0.013 0.05310179 8
0.0476 0.014 0.06017186 9
0.0426 0.0171 0.05825885 13
0.0392 0.0152 0.0530831 9
0.0457 0.0115 0.05596791 14
0.0429 0.0314 0.07218323 10
0.0409 0.0145 0.05395243 7
0.0471 0.0138 0.05933806 5
0.0425 0.0062 0.04760887 9
0.041 0.0213 0.06111625 14
0.0358 0.0177 0.05229297 17
0.0405 0.0106 0.05000869 13
0.0425 0.0224 0.06320268 10
0.0374 0.0283 0.06387028 11
0.0412 0.0357 0.07470562 9
0.0382 0.0188 0.05551183 12
0.035 0.0262 0.05954032 11
0.048 0.0156 0.06250655 10
0.0444 0.0235 0.06598912 8
0.0492 0.0095 0.05755529 8
0.0416 0.0185 0.05859825 5
0.0399 0.0123 0.05095627 8
0.0449 0.0081 0.05184002 7
0.0427 0.0249 0.06573478 8
0.0431 0.0156 0.05721173 6
0.036 0.0111 0.04581508 6
0.0374 0.0179 0.05417287 9
0.0429 0.0203 0.06161877 6
0.0326 0.0046 0.03624098 13
0.0415 0.0205 0.06034584 10
0.046 0.0274 0.07148707 5
0.043 0.0202 0.06145833 4
0.0447 0.0181 0.06116508 5
0.0457 0.0092 0.05408663 18
0.0406 0.0117 0.05108665 7
0.0461 0.0082 0.05356941 13
0.0418 0.0158 0.05615228 7
0.0434 0.0238 0.06537668 14
0.0381 0.0184 0.05493882 6
0.044 0.0136 0.05631265 16
0.0404 0.0177 0.05656066 13
0.0439 0.0057 0.04853526 6
0.0362 0.0123 0.0471781 8
0.0448 0.0222 0.06526421 7
0.0441 0.0083 0.05135521 6
0.0407 0.0332 0.07165751 5
0.0471 0.0106 0.05649714 8
0.0332 0.0049 0.03757261 9
0.0427 0.0062 0.04826901 15
0.038 0.0231 0.05948505 5
0.0442 0.019 0.06155434 7
0.0409 0.0071 0.047159 9
0.0467 0.0182 0.06332949 11
0.0469 0.0221 0.06714411 7
0.0447 0.0132 0.05646279 6
0.0423 0.0062 0.04739815 6
0.0395 0.0095 0.04786091 13
0.0458 0.033 0.07642694 6
0.0444 0.0142 0.05719183 12
0.04 0.0126 0.05146142 6
0.049 0.019 0.06616729 4
0.0434 0.0062 0.04866138 16
0.0422 0.0093 0.0501968 5
0.0388 0.0242 0.06127652 8
0.0408 0.0023 0.04214568 12
0.0475 0.0153 0.06128758 7
0.046 0.0127 0.05727615 9
0.0424 0.0168 0.05778039 19
0.0506 0.02 0.06905089 10
0.04 0.007 0.04581892 6
0.0484 0.0113 0.05826206 4
0.0318 0.0096 0.0404053 12
0.0438 0.0208 0.06306293 12
0.0432 0.0221 0.06357317 14
0.047 0.0154 0.06077865 5
0.0402 0.0213 0.05984611 12
0.0401 0.0323 0.07024799 6
0.0434 0.0233 0.06497682 9
0.0415 0.0273 0.06684255 8
0.0484 0.016 0.06278173 6
0.0459 0.0162 0.06059995 9
0.0373 0.0292 0.06465334 13
0.0362 0.0108 0.04587865 12
0.0355 0.0089 0.04365273 15
0.0433 0.0176 0.05929751 6
0.0382 0.0206 0.0572071 13
0.0447 0.0254 0.06809097 6
0.0414 0.0085 0.04907915 13
0.0394 0.0095 0.04768325 6
0.0429 0.0067 0.04854332 5
0.0394 0.0186 0.05636499 9
0.0466 0.013 0.05811371 4
0.0403 0.0146 0.05368365 11
0.0474 0.0082 0.05441288 6
0.0391 0.0229 0.06054127 12
0.0435 0.0093 0.0515731 9
0.042 0.0227 0.06300246 9
0.0362 0.0125 0.04758184 9
0.0427 0.0194 0.0603818 4
0.041 0.0201 0.05977353 16
0.0416 0.013 0.05336532 10
0.0436 0.0201 0.0621121 9
0.0415 0.0145 0.05476077 15
0.0426 0.012 0.0533494 8
0.0403 0.0197 0.05832287 4
0.041 0.0189 0.05840568 11
0.0493 0.0141 0.06214734 9
0.052 0.0099 0.06054551 6
0.0429 0.0054 0.04724629 4
0.0394 0.0204 0.05823392 5
0.0436 0.0126 0.05493385 10
0.0428 0.0175 0.05910616 7
0.0451 0.0175 0.0610007 6
0.0435 0.0151 0.05725156 6
0.0434 0.0178 0.05959173 9
0.046 0.0159 0.06051069 10
0.0407 0.0218 0.06082548 7
0.0405 0.0209 0.05966257 7
0.0447 0.0123 0.05567107 6
0.0416 0.0103 0.05102428 15
0.0408 0.0118 0.05152175 10
0.0404 0.0201 0.05896093 13
0.0446 0.0192 0.0622536 6
0.0417 0.0187 0.05875641 4
0.0433 0.0173 0.05922939 9
0.0415 0.0252 0.06473537 3
0.0491 0.0019 0.05027173 9
0.043 0.0255 0.06648853 3
0.0414 0.0099 0.05013141 9
0.048 0.0217 0.06774105 7
0.04 0.0142 0.05312802 16
0.0452 0.0248 0.06817425 8
0.0397 0.0051 0.0444397 16
0.0447 0.0281 0.07063183 2
0.0492 0.0114 0.05930327 7
0.0443 0.0118 0.05473377 11
0.0462 0.0231 0.0673568 10
0.0486 0.0202 0.0670618 9
0.0475 0.0041 0.0506915 11
0.0439 0.0119 0.05459554 11
0.0423 0.0279 0.06828606 10
0.0465 0.011 0.05617559 7
0.044 0.0093 0.05219148 11
0.0417 0.0188 0.05899327 8
0.0514 0.0276 0.07683536 6
0.0443 0.014 0.05680402 7
0.0498 0.014 0.06233887 12
0.0421 0.0146 0.05540664 10
0.0449 0.0413 0.08363648 14
0.0394 0.0203 0.05848295 11
0.0459 0.0192 0.06366757 9
0.0488 0.0413 0.08721446 7
0.0439 0.0122 0.05509927 9
0.0489 0.0302 0.07691147 10
0.0436 0.0147 0.05694899 10
0.0426 0.0203 0.06145393 15
0.0403 0.0231 0.06175891 10
0.0426 0.011 0.0523225 8
0.0423 0.0154 0.05624534 8
0.0474 0.0214 0.06705797 8
0.0492 0.0131 0.06145862 9
0.0457 0.008 0.05248487 9
0.0457 0.0104 0.05479463 10
0.0381 0.0269 0.0634691 7
0.0427 0.0181 0.05922561 9
0.0478 0.0282 0.07386425 5
0.0415 0.0062 0.04698256 14
0.0436 0.0166 0.05872309 7
0.0464 0.0181 0.06293011 7
0.036 0.0204 0.05478178 8
0.0526 0.0167 0.06763719 7
0.041 0.0139 0.05351966 6
0.0538 0.0166 0.06890204 10
0.0397 0.015 0.05340942 12
0.0415 0.021 0.06081337 9
0.0403 0.011 0.05014076 18
0.0434 0.015 0.05698007 7
0.0422 0.0375 0.07737927 11
0.0415 0.0276 0.06718581 6
0.0506 0.0022 0.05198512 15
0.0463 0.0257 0.07014447 8
0.0451 0.0251 0.06834312 10
0.0478 0.0346 0.07992954 7
0.0445 0.034 0.07644725 20
0.0404 0.0231 0.06183213 8
0.0388 0.0188 0.05605628 6
0.0486 0.0206 0.06745926 16
0.0452 0.019 0.06275639 10
0.0447 0.0239 0.06675048 7
0.0426 0.0117 0.05322414 11
0.0429 0.0134 0.05530847 13
0.042 0.0058 0.04681715 12
0.0393 0.0121 0.05064752 14
0.0448 0.0167 0.0598372 5
0.0448 0.0304 0.07297553 5
0.0412 0.0281 0.06748755 7
0.0413 0.0196 0.05961158 15
0.0422 0.0236 0.06410006 16
0.0465 0.0226 0.06727744 5
0.0444 0.0142 0.05728248 9
0.0461 0.0296 0.07356245 10
0.0417 0.0174 0.05760268 5
0.0429 0.0195 0.06105025 8
0.0404 0.0242 0.06331547 14
0.0449 0.0238 0.06679233 6
0.0451 0.0186 0.06222473 4
0.0439 0.0064 0.04950315 17
0.0498 0.0148 0.06318364 5
0.0437 0.0096 0.05206926 10
0.0402 0.0334 0.071453 10
0.0438 0.0133 0.05582071 10
0.0438 0.0134 0.05571271 6
0.047 0.0358 0.0802799 6
0.0466 0.0126 0.0579687 8
0.047 0.0102 0.05597342 12
0.048 0.0161 0.06258258 9
0.0442 0.0107 0.05398877 11
0.0464 0.0187 0.06339794 7
0.051 0.0239 0.07309402 10
0.0518 0.015 0.06543239 17
0.0442 0.0231 0.06560934 8
0.0408 0.0216 0.06098517 17
0.0425 0.0114 0.05295524 14
0.0426 0.0218 0.06269206 5
0.0459 0.0194 0.06354559 11
0.0483 0.0133 0.06021292 11
0.0489 0.0182 0.06537814 9
0.0497 0.022 0.0700174 13
0.0407 0.0112 0.05074066 5
0.046 0.0393 0.0827515 11
0.0454 0.0238 0.06736039 10
0.048 0.0325 0.07823149 15
0.0478 0.0163 0.06266932 13
0.0429 0.0201 0.06150555 12
0.041 0.0294 0.06854187 9
0.0461 0.0157 0.06029452 11
0.0452 0.0239 0.06733596 10
0.0421 0.0292 0.0692625 4
0.0502 0.0177 0.06622937 6
0.0409 0.0206 0.06007368 10
0.04 0.0257 0.06397516 14
0.0447 0.0196 0.06291068 17
0.0411 0.0303 0.06935739 4
0.0459 0.0191 0.06326062 6
0.049 0.0442 0.09016497 8
0.0494 0.0312 0.07820507 5
0.0413 0.015 0.05480348 6
0.0465 0.0184 0.06323105 7
0.0465 0.0147 0.06027609 13
0.042 0.0264 0.066467 7
0.048 0.0119 0.05871368 7
0.0432 0.0338 0.07490124 13
0.0417 0.0211 0.06110716 6
0.0397 0.0216 0.05975034 8
0.0439 0.0189 0.06118209 6
0.0444 0.0157 0.05856246 2
0.0411 0.0222 0.06171381 8
0.0451 0.0281 0.07117875 12
0.0452 0.0286 0.07162012 5
0.0428 0.0156 0.05711943 11
0.0456 0.017 0.06114335 13
0.0471 0.0074 0.05354987 13
0.0489 0.0181 0.06541175 16
0.048 0.0222 0.0683971 6
0.0436 0.0125 0.05488148 8
0.0441 0.0126 0.05558439 13
0.0448 0.0256 0.06844812 8
0.0418 0.019 0.0592513 11
0.0481 0.0187 0.06501186 6
0.0421 0.0057 0.04666206 6
0.0496 0.0278 0.07515312 6
0.0445 0.0154 0.05847833 8
0.0425 0.0131 0.0544785 13
0.0461 0.0068 0.05205963 15
0.0407 0.0197 0.05897438 12
0.0446 0.0221 0.06489193 7
0.0428 0.0268 0.06775135 10
0.0425 0.0166 0.05796742 12
0.0424 0.0115 0.05278741 8
0.0523 0.0213 0.07190496 11
0.0422 0.0291 0.06933633 11
0.0415 0.0184 0.05833715 8
0.0469 0.0265 0.07124896 3
0.0425 0.0263 0.06677292 6
0.0436 0.0275 0.0691704 16
0.0422 0.0343 0.0742444 11
0.0471 0.0305 0.07531922 7
0.0476 0.0122 0.05861984 11
0.0479 0.0209 0.06705104 12
0.0469 0.0287 0.07351222 5
0.046 0.0213 0.06565232 11
0.0406 0.0142 0.05354177 12
0.0455 0.0175 0.0616925 9
0.05 0.0173 0.06573566 13
0.0467 0.0196 0.06472259 11
0.048 0.0219 0.06819184 9
0.0485 0.0203 0.06719721 10
0.0408 0.0408 0.07912471 6
0.053 0.015 0.06664398 6
0.0434 0.0268 0.06820737 7
0.0439 0.0352 0.07672539 10
0.0473 0.0138 0.05989191 6
0.0432 0.0249 0.06624417 9
0.0398 0.0199 0.05799679 4
0.0453 0.0255 0.06891272 11
0.0457 0.0227 0.06678412 11
0.0454 0.0076 0.05215918 7
0.0489 0.0295 0.07625991 7
0.0446 0.0252 0.06789815 11
0.047 0.0122 0.05810856 17
0.0458 0.0212 0.0654055 10
0.0425 0.0178 0.05933469 10
0.0484 0.012 0.05910586 9
0.0451 0.0301 0.07323138 11
0.0464 0.0259 0.07047765 16
0.044 0.0151 0.05777949 13
0.0455 0.0248 0.06833421 7
0.0473 0.0232 0.0688883 6
0.0442 0.0266 0.06891835 8
0.0457 0.0303 0.07390911 8
0.0449 0.0149 0.05858531 13
0.0433 0.0086 0.05149568 16
0.0449 0.0128 0.05654513 7
0.0464 0.0278 0.07208587 9
0.0463 0.0184 0.06305344 6
0.0441 0.0157 0.05870107 15
0.052 0.0319 0.0817441 7
0.0459 0.0226 0.06687608 10
0.0425 0.0151 0.05631409 11
0.0447 0.0324 0.07486224 9
0.0462 0.0259 0.07007947 7
0.0468 0.0156 0.06105502 9
0.0475 0.0125 0.05857956 8
0.0448 0.0234 0.06630103 11
0.0452 0.0158 0.0596751 13
0.0448 0.0224 0.06563329 10
0.0429 0.0116 0.05308362 5
0.0481 0.0261 0.07209451 6
0.0479 0.0248 0.07066548 3
0.0478 0.0236 0.06969642 9
0.0472 0.0203 0.06579126 4
0.0452 0.0282 0.07133886 5
0.0464 0.0234 0.06804865 16
0.0475 0.0195 0.06528514 9
0.0542 0.024 0.07606808 7
0.0506 0.033 0.08108468 3
0.0476 0.0232 0.06907531 9
0.0459 0.0112 0.05622933 13
0.0459 0.0095 0.05407363 5
0.0463 0.0193 0.06407303 11
0.0466 0.0231 0.06800988 12
0.0457 0.0201 0.06416741 8
0.0447 0.0249 0.06773136 15
0.0476 0.0211 0.06686457 7
0.0398 0.0178 0.05648856 16
0.051 0.0249 0.07388721 12
0.0467 0.0148 0.06038377 18
0.0444 0.0148 0.05790638 11
0.0436 0.0155 0.05846127 13
0.0428 0.0269 0.06807067 13
0.0487 0.0273 0.07402668 12
0.0459 0.0156 0.05992291 7
0.0531 0.0265 0.07747419 11
0.0442 0.0404 0.08196856 4
0.0402 0.0203 0.05885738 13
0.0469 0.0269 0.07197923 8
0.0472 0.0208 0.06633829 8
0.0474 0.0185 0.06434781 11
0.0483 0.0273 0.07347378 11
0.0484 0.0222 0.06870445 9
0.0481 0.0114 0.05827734 10
0.043 0.0241 0.06531102 8
0.0506 0.0177 0.06662425 11
0.0456 0.0166 0.06082084 13
0.0455 0.0282 0.07166498 12
0.0426 0.0236 0.06480137 11
0.0467 0.0241 0.06886718 9
0.0462 0.0157 0.06042748 8
0.0451 0.0289 0.0721881 15
0.0474 0.0257 0.07108429 9
0.0474 0.0165 0.06252134 11
0.0428 0.0408 0.08103781 7
0.0482 0.0288 0.07474304 7
0.0423 0.0479 0.08751781 15
0.0461 0.0182 0.06278261 14
0.0457 0.0192 0.06331095 10
0.0457 0.0244 0.06811692 9
0.0455 0.0245 0.06813065 9
0.0435 0.0115 0.05381147 15
0.0496 0.0098 0.05811585 11
0.0467 0.023 0.06802985 10
0.047 0.0211 0.06645085 13
0.0427 0.0168 0.0582642 17
0.0476 0.0267 0.07222789 6
0.0413 0.0199 0.06038502 11
0.049 0.0135 0.06130027 8
0.0486 0.0161 0.06300279 4
0.0472 0.0167 0.06262941 11
0.0497 0.0262 0.07379555 8
0.0488 0.016 0.063213 7
0.0448 0.0282 0.07086474 6
0.0502 0.018 0.06652515 9
0.0504 0.0205 0.06911386 9
0.0488 0.031 0.0776021 13
0.0531 0.0289 0.07979335 9
0.0498 0.0191 0.06720359 8
0.0484 0.0291 0.07524218 7
0.0507 0.0293 0.07795024 9
0.0474 0.0293 0.07461541 7
0.0465 0.0201 0.06515725 9
0.0444 0.0168 0.05972138 13
0.0444 0.0299 0.07236033 9
0.0433 0.0199 0.0615836 7
0.0502 0.0132 0.06206969 7
0.0466 0.0333 0.07766202 16
0.0464 0.0163 0.06104258 6
0.0477 0.0231 0.06886925 5
0.0437 0.0126 0.05494355 7
0.0454 0.0199 0.06362361 9
0.0504 0.0313 0.07931634 3
0.0486 0.0317 0.07799527 13
0.0429 0.0257 0.06703967 11
0.0498 0.0259 0.07378418 9
0.0468 0.0302 0.07485809 14
0.0507 0.0326 0.08083695 9
0.0443 0.0195 0.06235438 9
0.0496 0.0204 0.06814937 5
0.0507 0.0259 0.07468666 12
0.0437 0.0255 0.06730673 17
0.0495 0.0175 0.06541176 5
0.0455 0.0192 0.06321118 7
0.0509 0.0279 0.07655167 7
0.0493 0.0215 0.06901782 11
0.0505 0.0299 0.0781417 12
0.042 0.0258 0.06585701 6
0.0437 0.0209 0.06305159 13
0.0478 0.0323 0.07770346 12
0.0468 0.0297 0.07432443 5
0.0497 0.0189 0.06693157 15
0.0502 0.0181 0.06654867 7
0.0482 0.0373 0.08289298 9
0.0465 0.0122 0.05734493 4
0.0479 0.0238 0.07002174 11
0.0504 0.0222 0.07116813 13
0.0494 0.0414 0.08791922 7
0.0462 0.0321 0.07600023 5
0.0464 0.0148 0.05973195 12
0.0521 0.029 0.07883501 7
0.0461 0.0335 0.07749406 15
0.0452 0.0147 0.05861379 12
0.0488 0.0374 0.08362935 9
0.0441 0.0285 0.07043083 5
0.0478 0.0303 0.07592082 11
0.0474 0.0197 0.06562372 12
0.0475 0.0297 0.07490138 5
0.05 0.0149 0.06333626 6
0.0465 0.0277 0.07215007 9
0.0472 0.0271 0.07244324 15
0.0454 0.036 0.07924628 13
0.0481 0.0301 0.0761208 9
0.0458 0.0288 0.07267519 12
0.0459 0.0189 0.06309403 9
0.0519 0.0198 0.06976293 6
0.0471 0.0338 0.07846959 5
0.044 0.0263 0.06860399 12
0.0486 0.0304 0.07688933 15
0.0498 0.0247 0.07273249 9
0.0485 0.0279 0.07452509 12
0.0476 0.0274 0.07290833 7
0.0412 0.0409 0.07961773 5
0.0496 0.0124 0.06080328 9
0.041 0.0271 0.06618274 7
0.0494 0.0219 0.06957925 8
0.0475 0.0297 0.07506403 11
0.05 0.0284 0.07614509 8
0.0458 0.0274 0.07148031 14
0.044 0.0107 0.05347538 6
0.0437 0.023 0.06490559 10
0.0468 0.0266 0.07140881 14
0.0524 0.0173 0.06791518 5
0.0516 0.031 0.08026226 10
0.0424 0.0277 0.06837805 20
0.0466 0.0297 0.0740607 4
0.0458 0.0392 0.08238295 7
0.0453 0.0121 0.05624517 8
0.0462 0.0213 0.06574835 10
0.0445 0.026 0.06860828 14
0.0408 0.0304 0.06945645 15
0.0436 0.0313 0.07261754 2
0.0537 0.0269 0.07836259 9
0.044 0.0236 0.06572632 6
0.0452 0.0145 0.05826416 6
0.0454 0.0338 0.07685063 11
0.0505 0.0361 0.08394551 11
0.0487 0.0342 0.08039661 4
0.0502 0.031 0.07897019 10
0.0456 0.0439 0.08662312 7
0.0445 0.0297 0.07214059 14
0.0486 0.033 0.07922137 13
0.0502 0.0299 0.07781271 8
0.0509 0.0442 0.09199872 5
0.0501 0.0235 0.07161524 6
0.0478 0.0244 0.07028334 10
0.0475 0.0346 0.0797987 6
0.0547 0.0283 0.08054638 3
0.0518 0.0266 0.07640811 11
0.0532 0.0388 0.08909716 6
0.0487 0.0168 0.06382715 4
0.0493 0.0334 0.08042782 9
0.047 0.0261 0.0714506 7
0.0442 0.0339 0.07577267 6
0.0467 0.0239 0.06884018 13
0.05 0.0292 0.07718316 12
0.0462 0.0369 0.08064028 6
0.0518 0.0311 0.08048178 7
0.0508 0.0258 0.07463219 13
0.0459 0.0253 0.06916743 7
0.0487 0.0452 0.09093499 10
0.0521 0.0262 0.07606184 5
0.0462 0.0219 0.06640689 9
0.0474 0.0161 0.06189931 5
0.0448 0.0355 0.07801201 16
0.0487 0.0192 0.06625255 6
0.0478 0.0207 0.06667231 6
0.0498 0.0181 0.06652003 23
0.0451 0.0096 0.05352963 8
0.0464 0.0282 0.07252218 5
0.0504 0.0524 0.09941755 11
0.0457 0.0329 0.07640894 17
0.0512 0.0341 0.08287041 9
0.0467 0.0291 0.074212 15
0.0476 0.0263 0.07176682 3
0.0518 0.0216 0.07191279 10
0.0461 0.0342 0.07806285 12
0.047 0.0165 0.06192731 10
0.0492 0.0191 0.0665384 9
0.0448 0.0284 0.07128226 12
0.0462 0.0313 0.0752438 8
0.0485 0.0211 0.06767942 5
0.0496 0.0101 0.0584677 8
0.0517 0.0188 0.06891278 8
0.0486 0.027 0.07376027 10
0.0453 0.0359 0.07873541 6
0.0527 0.0238 0.07440524 11
0.0532 0.0245 0.07581686 8
0.0497 0.0334 0.08072508 12
0.0484 0.0192 0.06594257 8
0.0446 0.0288 0.07149285 10
0.0526 0.0288 0.07905316 7
0.045 0.0262 0.06942708 14
0.0465 0.0185 0.06353359 9
0.0515 0.0324 0.08147368 12
0.045 0.0235 0.06656624 8
0.0484 0.0395 0.08517247 10
0.0451 0.0217 0.0654001 13
0.0477 0.0129 0.05943313 12
0.0515 0.0401 0.08867952 4
0.0457 0.0169 0.06103641 8
0.049 0.0172 0.06502227 15
0.0507 0.0197 0.06874617 10
0.0519 0.0302 0.07987876 12
0.0515 0.0313 0.08030851 6
0.0503 0.0262 0.0744388 8
0.0478 0.0207 0.06676975 12
0.0435 0.0212 0.06300274 9
0.0527 0.0256 0.07616549 5
0.0461 0.0325 0.07622436 8
0.0511 0.0252 0.07440171 8
0.0519 0.0288 0.07834994 5
0.0482 0.0218 0.06821793 11
0.0469 0.0313 0.0760426 10
0.0424 0.0256 0.06613534 5
0.0529 0.0188 0.06996077 9
0.0526 0.0247 0.07537266 8
0.0475 0.0206 0.06652963 10
0.0504 0.0263 0.07464274 12
0.052 0.0301 0.07988003 17
0.0482 0.0276 0.07373405 12
0.0502 0.0178 0.06618064 2
0.0539 0.0287 0.08024979 8
0.0479 0.0066 0.05361188 8
0.0457 0.0352 0.07849208 9
0.0471 0.0347 0.07927306 3
0.047 0.0348 0.07950085 8
0.0467 0.0299 0.07437566 5
0.051 0.0392 0.0873697 10
0.047 0.0317 0.07655534 10
0.0429 0.0053 0.04706679 5
0.0459 0.0312 0.07499477 8
0.0506 0.0387 0.08666793 8
0.0474 0.0192 0.06477109 6
0.0513 0.024 0.07331923 8
0.0471 0.0191 0.06458614 12
0.0511 0.0231 0.07240418 13
0.054 0.032 0.08342726 6
0.0443 0.0311 0.07326957 11
0.0503 0.0171 0.06578647 9
0.0469 0.0254 0.07023184 5
0.0487 0.0407 0.08673619 12
0.0483 0.0323 0.07820164 7
0.05 0.0274 0.07516886 9
0.0531 0.0333 0.08394046 13
0.0488 0.0398 0.08577546 4
0.0483 0.0373 0.08303246 10
0.0536 0.0337 0.08467799 9
0.0489 0.0261 0.07290687 14
0.0498 0.0347 0.08203336 4
0.0489 0.0198 0.06706055 12
0.0476 0.0271 0.07265007 6
0.0492 0.0322 0.07927643 11
0.0466 0.0284 0.07306793 13
0.0485 0.0267 0.07307781 7
0.0508 0.0351 0.08331382 8
0.0508 0.0133 0.06286121 13
0.0498 0.0293 0.07693284 9
0.0443 0.0319 0.07395987 10
0.0532 0.0234 0.0744665 6
0.0481 0.0198 0.06636393 12
0.0455 0.0228 0.06645057 8
0.0482 0.0201 0.06654943 10
0.0542 0.0208 0.07309235 9
0.0483 0.029 0.07514299 9
0.0494 0.0332 0.08031133 13
0.0526 0.0149 0.06600865 10
0.0499 0.0329 0.08034693 10
0.0494 0.0239 0.07124288 7
0.051 0.0353 0.08381729 10
0.0502 0.0339 0.08160696 9
0.0448 0.0223 0.06534221 9
0.0493 0.0259 0.07314072 8
0.0526 0.0385 0.08821878 7
0.049 0.0174 0.06474659 9
0.0541 0.0287 0.08055006 12
0.0459 0.0278 0.07195134 9
0.0463 0.0316 0.07564607 11
0.0448 0.0246 0.06804232 16
0.0529 0.0205 0.07166602 16
0.049 0.0397 0.08598396 10
0.0531 0.0462 0.09609497 10
0.0473 0.0314 0.0764093 10
0.0519 0.0186 0.068884 11
0.0547 0.0218 0.07464629 7
0.0507 0.0345 0.08267051 11
0.0527 0.0418 0.09160904 11
0.0518 0.0258 0.07555328 10
0.0496 0.0307 0.07802275 12
0.0473 0.0262 0.07144729 13
0.0518 0.026 0.07560953 9
0.0503 0.0226 0.07110491 8
0.0482 0.0177 0.064342 10
0.0506 0.036 0.08391054 4
0.0476 0.0398 0.08471289 7
0.0457 0.0271 0.07074864 8
0.0446 0.0343 0.07663709 9
0.0518 0.0241 0.07380888 5
0.0454 0.0354 0.07837727 8
0.044 0.035 0.07687557 10
0.0505 0.0525 0.09961846 9
0.0513 0.0282 0.07730128 10
0.0476 0.0324 0.07777372 11
0.0545 0.0358 0.08752798 7
0.051 0.0275 0.07632828 9
0.0475 0.0275 0.07301982 15
0.0493 0.0399 0.08656618 7
0.0472 0.0251 0.07071984 12
0.0506 0.0363 0.08421158 5
0.0538 0.0514 0.10157872 3
0.0427 0.0325 0.07294636 9
0.0474 0.0204 0.06619373 11
0.0458 0.0237 0.06806821 14
0.053 0.0188 0.07021818 10
0.0465 0.0286 0.07307445 9
0.0512 0.0341 0.08282565 12
0.052 0.0204 0.07061956 16
0.0491 0.0247 0.07223874 12
0.0483 0.022 0.06863123 12
0.0521 0.0417 0.09082094 8
0.0482 0.0183 0.0650747 14
0.0515 0.0338 0.08272097 6
0.0538 0.0397 0.09099063 9
0.0488 0.0274 0.07411113 10
0.0511 0.0233 0.07257309 9
0.0467 0.0423 0.08632216 11
0.0489 0.0374 0.08364684 6
0.0483 0.0356 0.08134315 7
0.0508 0.0243 0.0729994 7
0.0485 0.0219 0.06868659 10
0.0477 0.0255 0.0713702 10
0.0491 0.0318 0.07846612 6
0.0565 0.0346 0.08846388 13
0.0465 0.0332 0.07727964 8
0.0486 0.0371 0.08323843 10
0.0458 0.0264 0.07046844 10
0.0466 0.0337 0.07798611 7
0.0503 0.0377 0.08538921 5
0.0503 0.0315 0.0793364 5
0.0488 0.0338 0.08037943 13
0.0511 0.0242 0.0734903 11
0.0508 0.0297 0.07839826 14
0.0522 0.0474 0.09633001 7
0.0484 0.0281 0.07426767 8
0.0525 0.0318 0.08201051 13
0.0483 0.0294 0.07569497 9
0.0512 0.0214 0.07074155 6
0.0541 0.044 0.09494217 9
0.053 0.0424 0.09244643 9
0.0551 0.0318 0.08435836 5
0.0469 0.0264 0.07130257 7
0.0494 0.0275 0.07479548 13
0.0513 0.021 0.07064424 10
0.0558 0.0194 0.07328578 6
0.0476 0.0268 0.0725277 8
0.0502 0.0347 0.08251449 14
0.0486 0.0349 0.08098401 5
0.0509 0.0405 0.08846275 3
0.0475 0.0375 0.0824006 9
0.052 0.0211 0.07167459 7
0.0528 0.0339 0.08417425 8
0.0497 0.0385 0.08538911 4
0.0475 0.0255 0.0714074 11
0.0442 0.0242 0.06648659 6
0.0496 0.0351 0.08207826 3
0.0527 0.0426 0.09246865 12
0.0459 0.0371 0.08047047 7
0.0517 0.0291 0.07839885 4
0.0493 0.0262 0.07350364 9
0.0537 0.0257 0.07749923 9
0.0514 0.0213 0.07072437 4
0.0493 0.0237 0.07141697 18
0.0508 0.0271 0.07576426 6
0.0514 0.041 0.08965676 8
0.0501 0.0242 0.07233534 11
0.0509 0.0322 0.08088065 7
0.0437 0.0307 0.07241958 14
0.0485 0.0369 0.0829452 17
0.0449 0.0291 0.07188482 10
0.0474 0.0246 0.07013163 6
0.0519 0.0316 0.08120661 12
0.053 0.0455 0.09534102 10
0.0492 0.0278 0.07490478 16
0.0509 0.0183 0.06740219 7
0.0486 0.0267 0.07347551 10
0.049 0.028 0.07485622 9
0.0526 0.0405 0.09017512 13
0.0504 0.0358 0.08375234 11
0.0519 0.0332 0.08256541 5
0.0452 0.0285 0.07161182 6
0.0489 0.023 0.07011639 13
0.0525 0.0303 0.08048825 11
0.0538 0.0256 0.0772699 8
0.0513 0.0486 0.09659657 6
0.0477 0.0258 0.0713752 9
0.0529 0.0312 0.08180337 10
0.0516 0.0195 0.06930924 7
0.0486 0.0434 0.08967864 14
0.0488 0.0226 0.06941946 8
0.0483 0.0344 0.080381 11
0.0484 0.0368 0.0827434 6
0.0503 0.0183 0.06677558 4
0.0531 0.0338 0.08445211 12
0.0538 0.0486 0.09894271 5
0.048 0.0293 0.07509092 6
0.0514 0.0207 0.07038739 12
0.0488 0.0381 0.08443024 14
0.0474 0.02 0.06579422 7
0.0562 0.0418 0.09480728 8
0.0499 0.0376 0.08485997 7
0.0489 0.0326 0.07909239 10
0.0489 0.0354 0.08188156 15
0.0475 0.03 0.07523922 10
0.0494 0.0263 0.07366591 13
0.0473 0.0378 0.08249319 5
0.0521 0.0204 0.07089154 10
0.0518 0.0204 0.07031182 10
0.0539 0.0242 0.07616744 6
0.0552 0.0507 0.10237274 12
0.0509 0.0201 0.06908086 5
0.0458 0.0336 0.07699594 7
0.0509 0.0192 0.06826229 8
0.0623 0.0348 0.09416659 9
0.0587 0.0445 0.09981785 5
0.0495 0.0428 0.08938065 12
0.0518 0.0261 0.0764996 14
0.0519 0.028 0.07759005 6
0.0511 0.023 0.07205529 8
0.0503 0.0399 0.08739823 7
0.0502 0.038 0.08547551 4
0.0511 0.0206 0.069963 14
0.0501 0.0193 0.06791596 7
0.0597 0.0382 0.09484798 11
0.0469 0.0399 0.08444516 10
0.0476 0.0277 0.07331128 7
0.0437 0.0162 0.05836828 7
0.0532 0.0207 0.07240379 12
0.0549 0.038 0.09002485 12
0.051 0.0387 0.08693592 13
0.0502 0.0402 0.08775365 11
0.0515 0.0486 0.09679777 10
0.049 0.024 0.07104701 10