0.2839 
0.2009 
0.0443 
4.9233 
0.1609 
0.1760 
0.1070 
4.7397 
0.6897 
0.3579 
0.5289 
0.1415 
0.5982 
0.2483 
0.2158 
7.8454 
0.3419 
0.5477 
0.2849 
4.9012 
8.1548 
1.7062 
1.5801 
0.3981 
0.7218 
1.0622 
0.9638 
0.9699 
0.5628 
2.3294 
2.2835 
0.4683 
0.4884 
2.0741 
3.2681 
9.4914 
1.8864 
1.7383 
4.6205 
0.6031 
0.2604 
0.0956 
0.3166 
0.0711 
0.2253 
0.0905 
2.6597 
5.3994 
0.2334 
0.0850 
3.0440 
2.1604 
3.2975 
0.5965 
0.2077 
0.1352 
1.2970 
0.1725 
1.0264 
2.0655 
1.2418 
3.9622 
0.4508 
0.7265 
0.4210 
0.7488 
3.1239 
0.9307 
3.9524 
0.5192 
3.1491 
0.9398 
3.7350 
0.6853 
0.6000 
6.2937 
6.9244 
5.7856 
6.9289 
10.0564 
0.0788 
0.0667 
0.3517 
0.0948 
0.0692 
3.0328 
0.4876 
6.6483 
0.1189 
1.1026 
0.9207 
0.1684 
1.3177 
0.1382 
0.8114 
0.8067 
0.3727 
0.2443 
0.5110 
0.1334 
2.7431 
0.6949 
2.0144 
2.0072 
5.3713 
1.7055 
3.9034 
6.5442 
1.3650 
0.4868 
1.4105 
6.0171 
0.5485 
0.7226 
3.7407 
2.5127 
9.1493 
3.5135 
0.5066 
2.7550 
0.0800 
0.1425 
0.0009 
0.0009 
0.0000 
0.0752 
0.0012 
0.0016 
0.0009 
0.0078 
0.0079 
0.1300 
0.0122 
0.0028 
0.0031 
0.0029 
0.0020 
0.0028 
0.0020 
1.3840 
0.0042 
0.0047 
0.3697 
0.0198 
0.3973 
0.0084 
0.0268 
0.2114 
0.2114 
0.0032 
0.3131 
0.2885 
0.0060 
0.0048 
0.3002 
0.0055 
0.2786 
0.2699 
0.0146 
0.0060 
0.0064 
2.6769 
0.6761 
0.1276 
0.1033 
0.0295 
0.5179 
0.2059 
0.0365 
0.0870 
1.2792 
0.3332 
0.2730 
0.5639 
0.1052 
0.6777 
0.4310 
0.2646 
9.2004 
6.6738 
0.5689 
1.0600 
0.2303 
1.9275 
4.7294 
0.6049 
0.3640 
6.7914 
0.3441 
2.8005 
1.3956 
0.9074 
0.1540 
1.0909 
2.5264 
0.3009 
1.5526 
4.3749 
0.7645 
6.8846 
0.1273 
0.0384 
0.0157 
0.0965 
0.0372 
0.0823 
0.4921 
0.0870 
0.7001 
0.3567 
0.2918 
0.2538 
0.6899 
0.2670 
0.4206 
0.6304 
0.1316 
0.1896 
0.9045 
0.5985 
1.2106 
0.5563 
0.1180 
0.6917 
1.4656 
0.1475 
0.2365 
0.6566 
0.6661 
1.8512 
1.7816 
0.9456 
0.8738 
1.0183 
7.1744 
3.6163 
2.4104 
1.3967 
1.3331 
0.5395 
0.1323 
0.0718 
0.1841 
0.0598 
0.0088 
0.1315 
0.0802 
0.0499 
0.0622 
0.2549 
0.2583 
0.4329 
0.5458 
0.9621 
0.4791 
0.3804 
0.3495 
2.0742 
0.4559 
0.3688 
0.6130 
3.2492 
8.1070 
1.3977 
4.6329 
0.5935 
1.4340 
9.7177 
0.2884 
0.4271 
8.5375 
0.3245 
1.8276 
0.7457 
5.0087 
7.0988 
3.7764 
1.0643 
1.0161 
0.4804 
1.8570 
0.5083 
0.2668 
0.1372 
0.0901 
2.5912 
0.0248 
0.0394 
0.1795 
0.0643 
0.5889 
4.2353 
5.2792 
4.3121 
6.7658 
0.1760 
0.0387 
0.1667 
0.4582 
0.3572 
0.5585 
3.5655 
9.5864 
0.4782 
0.8725 
1.3639 
4.1333 
7.6831 
0.8811 
0.9800 
3.0313 
1.7878 
8.2768 
5.8076 
8.6822 
4.9595 
1.7324 
2.0613 
0.4284 
7.4655 
