../../problems/mclp/benchs/class1/50.txt -i 1 0.002013 3.808020
../../problems/mclp/benchs/class1/50.txt -i 2 0.000012 2.556880
../../problems/mclp/benchs/class1/50.txt -i 4 0.084639 0.255470
../../problems/mclp/benchs/class1/50.txt -i 6 0.020274 0.058317
../../problems/mclp/benchs/class1/50.txt -i 7 0.060706 0.076544
../../problems/mclp/benchs/class1/50.txt -i 9 0.212731 0.940865
../../problems/mclp/benchs/class1/100.txt -i 0 0.273682 0.513775
../../problems/mclp/benchs/class1/100.txt -i 2 0.115505 2.057340
../../problems/mclp/benchs/class1/100.txt -i 4 0.207037 0.798314
../../problems/mclp/benchs/class1/100.txt -i 5 1.402720 3.619490
../../problems/mclp/benchs/class1/100.txt -i 6 0.454886 0.665244
../../problems/mclp/benchs/class1/100.txt -i 9 0.281821 0.727497
../../problems/mclp/benchs/class1/150.txt -i 0 3.414850 9.736520
../../problems/mclp/benchs/class1/150.txt -i 1 1.770220 4.237850
../../problems/mclp/benchs/class1/150.txt -i 2 0.040638 1.840140
../../problems/mclp/benchs/class1/150.txt -i 3 1.072400 7.459110
../../problems/mclp/benchs/class1/150.txt -i 6 0.333287 2.317260
../../problems/mclp/benchs/class1/150.txt -i 7 0.454531 2.592710
../../problems/mclp/benchs/class1/200.txt -i 0 1.075850 2.055120
../../problems/mclp/benchs/class1/200.txt -i 1 1.622080 8.201400
../../problems/mclp/benchs/class1/200.txt -i 4 3.497470 5.156680
../../problems/mclp/benchs/class1/200.txt -i 6 2.859400 8.314680
../../problems/mclp/benchs/class1/200.txt -i 9 1.134990 9.137630
../../problems/mclp/benchs/class2/50.txt -i 0 0.107994 1.124240
../../problems/mclp/benchs/class2/50.txt -i 1 0.142442 0.297727
../../problems/mclp/benchs/class2/50.txt -i 2 0.140202 0.384161
../../problems/mclp/benchs/class2/50.txt -i 4 0.151518 1.064520
../../problems/mclp/benchs/class2/50.txt -i 5 0.000897 0.263305
../../problems/mclp/benchs/class2/50.txt -i 6 0.025303 0.076676
../../problems/mclp/benchs/class2/50.txt -i 8 0.094944 9.554540
../../problems/mclp/benchs/class2/100.txt -i 0 0.534068 1.196380
../../problems/mclp/benchs/class2/100.txt -i 6 0.781495 1.643580
../../problems/mclp/benchs/class2/100.txt -i 7 0.635715 2.270020
../../problems/mclp/benchs/class2/100.txt -i 8 1.303010 5.960910
../../problems/mclp/benchs/class2/150.txt -i 3 0.508911 1.017840
../../problems/mclp/benchs/class2/150.txt -i 4 1.192810 1.717100
../../problems/mclp/benchs/class2/150.txt -i 5 0.295055 0.515375
../../problems/mclp/benchs/class2/150.txt -i 7 0.687049 6.227900
../../problems/mclp/benchs/class2/150.txt -i 8 1.117910 9.707480
../../problems/mclp/benchs/class2/200.txt -i 0 1.608890 4.215210
../../problems/mclp/benchs/class2/200.txt -i 1 0.788845 8.284520
../../problems/mclp/benchs/class2/200.txt -i 2 0.200602 1.304870
../../problems/mclp/benchs/class2/200.txt -i 6 1.024140 2.800900
../../problems/mclp/benchs/class3/50.txt -i 0 0.144945 0.249588
../../problems/mclp/benchs/class3/50.txt -i 1 0.108342 0.185741
../../problems/mclp/benchs/class3/50.txt -i 2 0.087541 0.178529
../../problems/mclp/benchs/class3/50.txt -i 3 0.040972 0.049305
../../problems/mclp/benchs/class3/100.txt -i 0 1.158870 2.613310
../../problems/mclp/benchs/class3/100.txt -i 1 0.313282 0.719765
../../problems/mclp/benchs/class3/100.txt -i 3 0.280462 2.390420
../../problems/mclp/benchs/class3/100.txt -i 4 0.603568 1.974340
../../problems/mclp/benchs/class3/100.txt -i 6 0.448872 1.105240
../../problems/mclp/benchs/class3/150.txt -i 2 0.740576 2.610480
../../problems/mclp/benchs/class3/150.txt -i 3 0.438302 1.448680
../../problems/mclp/benchs/class3/150.txt -i 7 2.705970 6.515310
../../problems/mclp/benchs/class3/150.txt -i 8 0.347057 6.101710
../../problems/mclp/benchs/class3/150.txt -i 9 0.288383 6.762700
../../problems/mclp/benchs/class3/200.txt -i 1 3.204570 5.998220
../../problems/mclp/benchs/class3/200.txt -i 4 0.819394 5.762180
../../problems/mclp/benchs/class3/200.txt -i 5 2.858990 4.436500
../../problems/mclp/benchs/class3/200.txt -i 8 0.434298 8.613650
../../problems/mclp/benchs/class4/50.txt -i 0 0.001521 0.117794
../../problems/mclp/benchs/class4/50.txt -i 1 0.080961 0.117805
../../problems/mclp/benchs/class4/50.txt -i 2 0.000886 0.001937
../../problems/mclp/benchs/class4/50.txt -i 4 0.000949 0.002609
../../problems/mclp/benchs/class4/50.txt -i 6 0.000936 0.004114
../../problems/mclp/benchs/class4/100.txt -i 1 0.128064 0.163733
../../problems/mclp/benchs/class4/100.txt -i 6 0.002991 0.005477
../../problems/mclp/benchs/class4/100.txt -i 8 0.002036 0.003025
../../problems/mclp/benchs/class4/150.txt -i 6 0.033546 0.196996
../../problems/mclp/benchs/class4/150.txt -i 7 0.249018 0.339596
../../problems/mclp/benchs/class4/150.txt -i 8 0.066318 0.422939
../../problems/mclp/benchs/class4/150.txt -i 9 0.003429 0.004425
../../problems/mclp/benchs/class4/200.txt -i 1 0.276097 0.333475
../../problems/mclp/benchs/class5/50.txt -i 3 0.003588 0.049571
../../problems/mclp/benchs/class5/50.txt -i 4 0.043620 0.067931
../../problems/mclp/benchs/class5/50.txt -i 5 0.019132 0.261143
../../problems/mclp/benchs/class5/50.txt -i 6 0.235198 0.302460
../../problems/mclp/benchs/class5/50.txt -i 8 0.089587 0.373237
../../problems/mclp/benchs/class5/50.txt -i 9 0.047797 1.102130
../../problems/mclp/benchs/class5/100.txt -i 2 0.307251 0.376704
../../problems/mclp/benchs/class5/100.txt -i 7 0.127248 0.288515
../../problems/mclp/benchs/class5/150.txt -i 0 0.367008 2.923940
../../problems/mclp/benchs/class5/150.txt -i 1 0.513663 1.143990
../../problems/mclp/benchs/class5/150.txt -i 5 0.530739 2.146820
../../problems/mclp/benchs/class5/200.txt -i 1 1.008590 1.719820
../../problems/mclp/benchs/class5/200.txt -i 3 0.323013 1.742200
../../problems/mclp/benchs/class5/200.txt -i 5 1.361910 1.797010
../../problems/mclp/benchs/class5/200.txt -i 6 0.289545 0.570394
../../problems/mclp/benchs/class5/200.txt -i 8 2.155100 2.845930
../../problems/mclp/benchs/class5/200.txt -i 9 0.432989 4.221210
../../problems/mclp/benchs/class6/50.txt -i 3 0.041544 0.298455
../../problems/mclp/benchs/class6/50.txt -i 5 0.108759 0.250660
../../problems/mclp/benchs/class6/50.txt -i 6 0.118218 0.309456
../../problems/mclp/benchs/class6/50.txt -i 8 0.093165 0.276877
../../problems/mclp/benchs/class6/50.txt -i 9 0.381981 2.233410
../../problems/mclp/benchs/class6/100.txt -i 0 0.053516 0.274684
../../problems/mclp/benchs/class6/100.txt -i 3 0.180977 1.977110
../../problems/mclp/benchs/class6/100.txt -i 5 0.044193 0.313633
../../problems/mclp/benchs/class6/100.txt -i 8 0.003438 0.439803
../../problems/mclp/benchs/class6/150.txt -i 1 0.678501 2.566060
../../problems/mclp/benchs/class6/150.txt -i 4 0.831543 1.099480
../../problems/mclp/benchs/class6/150.txt -i 9 0.550425 2.993110
../../problems/mclp/benchs/class6/200.txt -i 0 3.236190 3.907170
../../problems/mclp/benchs/class6/200.txt -i 5 0.554714 4.929460
../../problems/mclp/benchs/class6/200.txt -i 7 1.495070 8.390670
../../problems/mclp/benchs/class6/200.txt -i 8 1.317800 1.653980
../../problems/mclp/benchs/class6/200.txt -i 9 0.529713 4.745840
../../problems/mclp/benchs/class7/50.txt -i 1 0.066614 0.250363
../../problems/mclp/benchs/class7/50.txt -i 4 0.001636 0.002495
../../problems/mclp/benchs/class7/50.txt -i 5 0.058228 0.079659
../../problems/mclp/benchs/class7/50.txt -i 6 0.111950 0.163411
../../problems/mclp/benchs/class7/50.txt -i 8 0.055628 0.219055
../../problems/mclp/benchs/class7/100.txt -i 0 0.074725 0.655072
../../problems/mclp/benchs/class7/100.txt -i 1 0.648430 1.700730
../../problems/mclp/benchs/class7/100.txt -i 2 0.714327 1.008220
../../problems/mclp/benchs/class7/100.txt -i 3 0.348825 2.759510
../../problems/mclp/benchs/class7/100.txt -i 4 1.853040 2.503130
../../problems/mclp/benchs/class7/100.txt -i 9 0.419714 1.246180
../../problems/mclp/benchs/class7/150.txt -i 1 1.020710 1.245820
../../problems/mclp/benchs/class7/150.txt -i 3 0.254300 1.224830
../../problems/mclp/benchs/class7/150.txt -i 9 1.987040 3.053290
../../problems/mclp/benchs/class7/200.txt -i 0 1.535090 2.156780
../../problems/mclp/benchs/class7/200.txt -i 7 0.806656 2.163960
../../problems/mclp/benchs/class7/200.txt -i 9 2.312740 6.029170
../../problems/mclp/benchs/class8/50.txt -i 4 0.109537 0.190161
../../problems/mclp/benchs/class8/50.txt -i 5 0.044692 0.140055
../../problems/mclp/benchs/class8/50.txt -i 6 0.061479 0.092662
../../problems/mclp/benchs/class8/50.txt -i 7 0.064363 0.538625
../../problems/mclp/benchs/class8/100.txt -i 0 0.088309 0.484437
../../problems/mclp/benchs/class8/100.txt -i 1 0.106214 0.308910
../../problems/mclp/benchs/class8/100.txt -i 2 0.130997 0.643648
../../problems/mclp/benchs/class8/100.txt -i 3 0.114181 0.546852
../../problems/mclp/benchs/class8/100.txt -i 4 1.168330 1.491080
../../problems/mclp/benchs/class8/100.txt -i 9 0.231218 0.302537
../../problems/mclp/benchs/class8/150.txt -i 0 0.792729 1.532760
../../problems/mclp/benchs/class8/150.txt -i 1 1.412810 2.425570
../../problems/mclp/benchs/class8/150.txt -i 4 3.382040 4.122400
../../problems/mclp/benchs/class8/150.txt -i 5 1.023820 4.657390
../../problems/mclp/benchs/class8/150.txt -i 8 1.400510 7.953590
../../problems/mclp/benchs/class8/200.txt -i 1 1.946950 10.541200
../../problems/mclp/benchs/class8/200.txt -i 2 6.196840 7.673370
../../problems/mclp/benchs/class8/200.txt -i 3 2.988480 6.637810
../../problems/mclp/benchs/class8/200.txt -i 5 0.764546 7.094340
