0.0812 +- -1.00 (1)
3.8080 +- -1.00 (1)
2.5569 +- -1.00 (1)
0.3162 +- -1.00 (1)
0.2555 +- -1.00 (1)
0.0959 +- -1.00 (1)
0.0583 +- -1.00 (1)
0.0765 +- -1.00 (1)
0.1277 +- -1.00 (1)
0.9409 +- -1.00 (1)
0.5138 +- -1.00 (1)
0.7075 +- -1.00 (1)
2.0573 +- -1.00 (1)
0.2290 +- -1.00 (1)
0.7983 +- -1.00 (1)
3.6195 +- -1.00 (1)
0.6652 +- -1.00 (1)
0.5138 +- -1.00 (1)
0.1077 +- -1.00 (1)
0.7275 +- -1.00 (1)
9.7365 +- -1.00 (1)
4.2379 +- -1.00 (1)
1.8401 +- -1.00 (1)
7.4591 +- -1.00 (1)
1.6297 +- -1.00 (1)
0.7737 +- -1.00 (1)
2.3173 +- -1.00 (1)
2.5927 +- -1.00 (1)
0.0727 +- -1.00 (1)
1.3839 +- -1.00 (1)
2.0551 +- -1.00 (1)
8.2014 +- -1.00 (1)
0.5964 +- -1.00 (1)
2.3081 +- -1.00 (1)
5.1567 +- -1.00 (1)
0.9823 +- -1.00 (1)
8.3147 +- -1.00 (1)
5.8456 +- -1.00 (1)
2.2824 +- -1.00 (1)
9.1376 +- -1.00 (1)
1.1242 +- -1.00 (1)
0.2977 +- -1.00 (1)
0.3842 +- -1.00 (1)
0.0813 +- -1.00 (1)
1.0645 +- -1.00 (1)
0.2633 +- -1.00 (1)
0.0767 +- -1.00 (1)
0.0485 +- -1.00 (1)
9.5545 +- -1.00 (1)
0.0897 +- -1.00 (1)
1.1964 +- -1.00 (1)
0.1617 +- -1.00 (1)
0.3763 +- -1.00 (1)
0.4212 +- -1.00 (1)
0.8986 +- -1.00 (1)
0.1043 +- -1.00 (1)
1.6436 +- -1.00 (1)
2.2700 +- -1.00 (1)
5.9609 +- -1.00 (1)
0.0512 +- -1.00 (1)
0.8482 +- -1.00 (1)
0.3808 +- -1.00 (1)
0.3835 +- -1.00 (1)
1.0178 +- -1.00 (1)
1.7171 +- -1.00 (1)
0.5154 +- -1.00 (1)
1.2293 +- -1.00 (1)
6.2279 +- -1.00 (1)
9.7075 +- -1.00 (1)
1.5850 +- -1.00 (1)
4.2152 +- -1.00 (1)
8.2845 +- -1.00 (1)
1.3049 +- -1.00 (1)
0.4637 +- -1.00 (1)
0.6484 +- -1.00 (1)
1.0196 +- -1.00 (1)
2.8009 +- -1.00 (1)
0.9750 +- -1.00 (1)
3.2491 +- -1.00 (1)
1.9824 +- -1.00 (1)
0.2496 +- -1.00 (1)
0.1857 +- -1.00 (1)
0.1785 +- -1.00 (1)
0.0493 +- -1.00 (1)
0.0612 +- -1.00 (1)
0.0966 +- -1.00 (1)
0.2058 +- -1.00 (1)
0.2633 +- -1.00 (1)
0.3988 +- -1.00 (1)
0.2925 +- -1.00 (1)
2.6133 +- -1.00 (1)
0.7198 +- -1.00 (1)
0.5312 +- -1.00 (1)
2.3904 +- -1.00 (1)
1.9743 +- -1.00 (1)
0.5198 +- -1.00 (1)
1.1052 +- -1.00 (1)
0.1425 +- -1.00 (1)
0.3224 +- -1.00 (1)
1.2336 +- -1.00 (1)
0.4053 +- -1.00 (1)
1.4606 +- -1.00 (1)
2.6105 +- -1.00 (1)
1.4487 +- -1.00 (1)
2.3882 +- -1.00 (1)
1.4666 +- -1.00 (1)
1.1382 +- -1.00 (1)
6.5153 +- -1.00 (1)
6.1017 +- -1.00 (1)
6.7627 +- -1.00 (1)
1.5005 +- -1.00 (1)
5.9982 +- -1.00 (1)
6.4648 +- -1.00 (1)
1.1450 +- -1.00 (1)
5.7622 +- -1.00 (1)
4.4365 +- -1.00 (1)
2.0138 +- -1.00 (1)
0.9743 +- -1.00 (1)
8.6137 +- -1.00 (1)
2.1139 +- -1.00 (1)
0.1178 +- -1.00 (1)
0.1178 +- -1.00 (1)
0.0019 +- -1.00 (1)
0.0008 +- -1.00 (1)
0.0026 +- -1.00 (1)
0.0056 +- -1.00 (1)
0.0041 +- -1.00 (1)
0.0012 +- -1.00 (1)
0.0008 +- -1.00 (1)
0.0024 +- -1.00 (1)
0.0038 +- -1.00 (1)
0.1637 +- -1.00 (1)
0.0020 +- -1.00 (1)
0.0029 +- -1.00 (1)
0.0033 +- -1.00 (1)
0.0029 +- -1.00 (1)
0.0055 +- -1.00 (1)
0.0020 +- -1.00 (1)
0.0030 +- -1.00 (1)
0.1505 +- -1.00 (1)
0.0044 +- -1.00 (1)
0.0045 +- -1.00 (1)
0.1990 +- -1.00 (1)
0.0041 +- -1.00 (1)
0.2093 +- -1.00 (1)
0.0043 +- -1.00 (1)
0.1970 +- -1.00 (1)
0.3396 +- -1.00 (1)
0.4229 +- -1.00 (1)
0.0044 +- -1.00 (1)
0.3212 +- -1.00 (1)
0.3335 +- -1.00 (1)
0.2987 +- -1.00 (1)
0.0065 +- -1.00 (1)
0.0163 +- -1.00 (1)
0.0059 +- -1.00 (1)
0.0050 +- -1.00 (1)
0.2884 +- -1.00 (1)
0.0051 +- -1.00 (1)
0.0054 +- -1.00 (1)
0.0746 +- -1.00 (1)
0.0778 +- -1.00 (1)
0.3795 +- -1.00 (1)
0.0496 +- -1.00 (1)
0.0679 +- -1.00 (1)
0.2611 +- -1.00 (1)
0.3025 +- -1.00 (1)
0.0085 +- -1.00 (1)
0.3732 +- -1.00 (1)
1.1021 +- -1.00 (1)
0.3779 +- -1.00 (1)
0.2766 +- -1.00 (1)
0.3767 +- -1.00 (1)
0.1101 +- -1.00 (1)
0.2086 +- -1.00 (1)
0.1521 +- -1.00 (1)
0.1911 +- -1.00 (1)
0.2885 +- -1.00 (1)
0.2838 +- -1.00 (1)
0.3681 +- -1.00 (1)
2.9239 +- -1.00 (1)
1.1440 +- -1.00 (1)
0.4524 +- -1.00 (1)
0.2252 +- -1.00 (1)
0.2691 +- -1.00 (1)
2.1468 +- -1.00 (1)
1.2596 +- -1.00 (1)
8.8640 +- -1.00 (1)
0.4985 +- -1.00 (1)
0.6890 +- -1.00 (1)
4.0782 +- -1.00 (1)
1.7198 +- -1.00 (1)
1.4562 +- -1.00 (1)
1.7422 +- -1.00 (1)
0.5638 +- -1.00 (1)
1.7970 +- -1.00 (1)
0.5704 +- -1.00 (1)
0.9533 +- -1.00 (1)
2.8459 +- -1.00 (1)
4.2212 +- -1.00 (1)
0.2318 +- -1.00 (1)
0.0694 +- -1.00 (1)
0.0042 +- -1.00 (1)
0.2985 +- -1.00 (1)
0.0553 +- -1.00 (1)
0.2507 +- -1.00 (1)
0.3095 +- -1.00 (1)
0.0065 +- -1.00 (1)
0.2769 +- -1.00 (1)
2.2334 +- -1.00 (1)
0.2747 +- -1.00 (1)
0.9788 +- -1.00 (1)
0.0642 +- -1.00 (1)
1.9771 +- -1.00 (1)
7.4894 +- -1.00 (1)
0.3136 +- -1.00 (1)
0.1842 +- -1.00 (1)
0.4008 +- -1.00 (1)
0.4398 +- -1.00 (1)
0.8869 +- -1.00 (1)
0.3533 +- -1.00 (1)
2.5661 +- -1.00 (1)
0.5006 +- -1.00 (1)
0.5338 +- -1.00 (1)
1.0995 +- -1.00 (1)
0.2896 +- -1.00 (1)
0.4568 +- -1.00 (1)
0.4650 +- -1.00 (1)
0.5185 +- -1.00 (1)
2.9931 +- -1.00 (1)
3.9072 +- -1.00 (1)
0.4332 +- -1.00 (1)
0.0056 +- -1.00 (1)
1.4647 +- -1.00 (1)
1.8167 +- -1.00 (1)
4.9295 +- -1.00 (1)
0.7483 +- -1.00 (1)
8.3907 +- -1.00 (1)
1.6540 +- -1.00 (1)
4.7458 +- -1.00 (1)
0.0897 +- -1.00 (1)
0.2504 +- -1.00 (1)
0.0910 +- -1.00 (1)
0.0593 +- -1.00 (1)
0.0025 +- -1.00 (1)
0.0797 +- -1.00 (1)
0.1634 +- -1.00 (1)
0.0723 +- -1.00 (1)
0.2191 +- -1.00 (1)
0.0507 +- -1.00 (1)
0.6551 +- -1.00 (1)
1.7007 +- -1.00 (1)
1.0082 +- -1.00 (1)
2.7595 +- -1.00 (1)
2.5031 +- -1.00 (1)
0.1207 +- -1.00 (1)
0.0997 +- -1.00 (1)
0.2950 +- -1.00 (1)
0.1896 +- -1.00 (1)
1.2462 +- -1.00 (1)
4.9623 +- -1.00 (1)
1.2458 +- -1.00 (1)
2.1735 +- -1.00 (1)
1.2248 +- -1.00 (1)
0.9178 +- -1.00 (1)
0.7680 +- -1.00 (1)
0.4343 +- -1.00 (1)
0.5008 +- -1.00 (1)
0.0884 +- -1.00 (1)
3.0533 +- -1.00 (1)
2.1568 +- -1.00 (1)
0.3450 +- -1.00 (1)
4.2058 +- -1.00 (1)
2.9955 +- -1.00 (1)
0.5597 +- -1.00 (1)
0.2066 +- -1.00 (1)
0.8872 +- -1.00 (1)
2.1640 +- -1.00 (1)
0.6770 +- -1.00 (1)
6.0292 +- -1.00 (1)
0.0007 +- -1.00 (1)
0.0639 +- -1.00 (1)
0.1222 +- -1.00 (1)
0.1120 +- -1.00 (1)
0.1902 +- -1.00 (1)
0.1401 +- -1.00 (1)
0.0927 +- -1.00 (1)
0.5386 +- -1.00 (1)
0.1348 +- -1.00 (1)
0.1041 +- -1.00 (1)
0.4844 +- -1.00 (1)
0.3089 +- -1.00 (1)
0.6436 +- -1.00 (1)
0.5469 +- -1.00 (1)
1.4911 +- -1.00 (1)
0.1136 +- -1.00 (1)
0.8112 +- -1.00 (1)
0.1375 +- -1.00 (1)
0.1166 +- -1.00 (1)
0.3025 +- -1.00 (1)
1.5328 +- -1.00 (1)
2.4256 +- -1.00 (1)
3.1637 +- -1.00 (1)
4.4758 +- -1.00 (1)
4.1224 +- -1.00 (1)
4.6574 +- -1.00 (1)
0.6415 +- -1.00 (1)
4.7340 +- -1.00 (1)
7.9536 +- -1.00 (1)
0.1407 +- -1.00 (1)
1.3516 +- -1.00 (1)
10.5412 +- -1.00 (1)
7.6734 +- -1.00 (1)
6.6378 +- -1.00 (1)
7.4801 +- -1.00 (1)
7.0943 +- -1.00 (1)
1.2310 +- -1.00 (1)
0.9972 +- -1.00 (1)
4.3595 +- -1.00 (1)
2.4237 +- -1.00 (1)
