0.3205 
0.1594 
0.0756 
0.4187 
0.7710 
1.0883 
0.0862 
0.1091 
0.3354 
1.7947 
2.4829 
0.5677 
2.6702 
0.4718 
0.1542 
3.7169 
0.7115 
1.6316 
0.3499 
5.4735 
0.5901 
1.2649 
0.3523 
0.1779 
1.4663 
1.0702 
1.9351 
0.7158 
3.9110 
1.4162 
4.5434 
6.6326 
8.5620 
2.6100 
9.9457 
1.3727 
4.3855 
0.3873 
1.3673 
1.0668 
0.2607 
0.0846 
0.2732 
0.0972 
1.6899 
0.3009 
0.0809 
0.0735 
0.1682 
0.1339 
0.5547 
0.3366 
0.2931 
1.2346 
3.5934 
0.3786 
2.1504 
0.6237 
4.3880 
0.6946 
0.9436 
3.3361 
1.6501 
4.9586 
5.9826 
5.6332 
3.6450 
1.9918 
1.0788 
3.2304 
7.3455 
0.8535 
8.3169 
3.9118 
8.9188 
7.4050 
0.5785 
2.2234 
4.4810 
1.6047 
0.1432 
0.0485 
0.1110 
0.1087 
3.1714 
0.1929 
0.1416 
0.3057 
0.7734 
0.1143 
5.1753 
1.2928 
0.6267 
0.7729 
1.9137 
0.6838 
0.9904 
1.6603 
0.3622 
2.1059 
0.3769 
1.0850 
0.3474 
0.3721 
2.7095 
1.0612 
1.3072 
0.3157 
4.6195 
0.9014 
10.7153 
1.1202 
2.9491 
6.5308 
5.1277 
6.1181 
7.6640 
8.5267 
4.7063 
9.2647 
0.0069 
0.1457 
0.0010 
0.0009 
0.0009 
0.1496 
0.0024 
0.0017 
0.0015 
0.0044 
0.0080 
0.1340 
0.0031 
0.0028 
0.0022 
0.0031 
0.0030 
0.0030 
0.0081 
0.1058 
0.0034 
0.0035 
0.0060 
0.0214 
0.8566 
0.6213 
0.2005 
0.9650 
0.0090 
0.0044 
0.0057 
0.2729 
0.2882 
0.2918 
1.4251 
0.0279 
0.0059 
0.0113 
0.0061 
0.0060 
0.0096 
0.0649 
0.2587 
0.0032 
0.9596 
0.9828 
1.5534 
0.0096 
0.1038 
0.4549 
5.6629 
0.1338 
0.1486 
0.3776 
0.0701 
0.0153 
0.2798 
0.0213 
0.6134 
0.1453 
8.8446 
0.5392 
2.9865 
2.2113 
0.8447 
0.3092 
3.9889 
9.5138 
1.6273 
0.3434 
0.2947 
10.2928 
2.6191 
4.9578 
2.7082 
0.5862 
0.6237 
6.5999 
3.1592 
0.2708 
0.0644 
0.1644 
0.0053 
0.4739 
0.1364 
0.1100 
0.1816 
0.2414 
9.4477 
0.1418 
0.7636 
3.8834 
0.2692 
0.8450 
0.3683 
0.3365 
0.2254 
0.2627 
0.2374 
0.0206 
1.6758 
4.6403 
0.7782 
0.6360 
6.1561 
9.3224 
1.2536 
0.1522 
1.6158 
0.7633 
1.2539 
0.8565 
9.2114 
4.7692 
1.8648 
0.1317 
4.4322 
0.2032 
1.8305 
5.7197 
0.0626 
0.2276 
0.4572 
0.0433 
0.0050 
0.2582 
0.0693 
0.2446 
0.1453 
0.8595 
4.1779 
1.3816 
0.0805 
0.1279 
4.1013 
0.2041 
0.3206 
7.6894 
0.2486 
0.6584 
0.6788 
6.7863 
0.7210 
3.0962 
1.6413 
1.6009 
0.3716 
1.2935 
0.3140 
4.0170 
3.1197 
2.4865 
5.6589 
1.2442 
2.9458 
6.2576 
2.2789 
1.5627 
7.3804 
1.7171 
0.2711 
0.2374 
0.2618 
0.1567 
0.2891 
0.0210 
0.1752 
0.3099 
0.0312 
0.0962 
0.1690 
0.1395 
0.1740 
2.8811 
1.3424 
0.3074 
2.3097 
1.2622 
0.3859 
0.5511 
9.1189 
0.7812 
1.5339 
4.5820 
1.9182 
0.3672 
1.4620 
0.8881 
1.7633 
7.5556 
2.4207 
4.3488 
2.9441 
9.0548 
3.6616 
2.3710 
6.5379 
10.2135 
3.4395 
2.3694 
