0.081231 16
3.80802 16
2.55688 15
0.316248 15
0.25547 13
0.095899 14
0.058317 17
0.076544 18
0.127696 13
0.940865 12
0.513775 25
0.707483 30
2.05734 30
0.229035 28
0.798314 29
3.61949 26
0.665244 28
0.513769 29
0.107663 21
0.727497 31
9.73652 35
4.23785 22
1.84014 36
7.45911 37
1.6297 39
0.773707 42
2.31726 38
2.59271 41
0.072672 7
1.38389 36
2.05512 50
8.2014 50
0.596425 57
2.30813 53
5.15668 56
0.982281 55
8.31468 57
5.84558 54
2.28241 52
9.13763 57
1.12424 15
0.297727 16
0.384161 16
0.081348 15
1.06452 14
0.263305 16
0.076676 15
0.048453 18
9.55454 13
0.08972 14
1.19638 28
0.161732 29
0.376252 28
0.421163 29
0.898635 29
0.104347 29
1.64358 24
2.27002 26
5.96091 26
0.051158 30
0.848164 37
0.380796 39
0.383469 39
1.01784 35
1.7171 42
0.515375 42
1.22931 39
6.2279 38
9.70748 42
1.58505 40
4.21521 51
8.28452 51
1.30487 56
0.463651 55
0.648417 55
1.01958 52
2.8009 55
0.975005 56
3.24908 50
1.98237 53
0.249588 16
0.185741 14
0.178529 13
0.049305 14
0.0612 16
0.096597 15
0.205821 17
0.263282 16
0.398776 12
0.292462 15
2.61331 26
0.719765 27
0.531212 32
2.39042 27
1.97434 29
0.519834 27
1.10524 25
0.142518 16
0.322377 27
1.23363 30
0.40534 38
1.46058 43
2.61048 34
1.44868 38
2.38818 39
1.46656 43
1.13821 39
6.51531 42
6.10171 45
6.7627 37
1.50048 54
5.99822 55
6.46483 56
1.14495 52
5.76218 55
4.4365 53
2.01382 55
0.974283 52
8.61365 52
2.11391 52
0.117794 25
0.117805 28
0.001937 34
0.000815 32
0.002609 35
0.005559 28
0.004114 28
0.001164 30
0.000821 27
0.00239 27
0.003842 52
0.163733 55
0.002026 62
0.002887 56
0.003298 62
0.002923 66
0.005477 58
0.002029 61
0.003025 58
0.150523 60
0.004411 90
0.004537 97
0.198999 78
0.004067 75
0.209339 87
0.004269 87
0.196996 84
0.339596 92
0.422939 91
0.004425 88
0.32116 114
0.333475 109
0.298744 130
0.006461 118
0.016316 122
0.005884 117
0.005039 116
0.288375 102
0.005071 124
0.00539 129
0.074551 11
0.077839 9
0.379548 7
0.049571 7
0.067931 7
0.261143 9
0.30246 12
0.008541 11
0.373237 8
1.10213 7
0.377863 14
0.276576 17
0.376704 19
0.1101 18
0.2086 18
0.1521 12
0.191054 13
0.288515 16
0.283833 17
0.368071 17
2.92394 19
1.14399 21
0.452375 22
0.225164 24
0.269061 23
2.14682 26
1.25961 22
8.86399 18
0.498496 25
0.688953 21
4.07819 29
1.71982 31
1.45623 31
1.7422 28
0.563813 28
1.79701 27
0.570394 29
0.95332 33
2.84593 27
4.22121 25
0.231755 12
0.06943 10
0.004191 13
0.298455 10
0.055291 10
0.25066 12
0.309456 10
0.006516 11
0.276877 9
2.23341 10
0.274684 18
0.978771 20
0.064206 23
1.97711 23
7.48938 20
0.313633 29
0.184246 21
0.400828 23
0.439803 23
0.886904 22
0.353344 32
2.56606 32
0.500601 35
0.533752 29
1.09948 39
0.289632 29
0.45676 36
0.464963 32
0.518474 34
2.99311 37
3.90717 40
0.433183 37
0.005573 117
1.4647 41
1.8167 42
4.92946 23
0.748301 43
8.39067 45
1.65398 38
4.74584 46
0.089698 10
0.250363 7
0.091025 8
0.05932 7
0.002495 8
0.079659 8
0.163411 9
0.072299 8
0.219055 7
0.050729 10
0.655072 13
1.70073 14
1.00822 13
2.75951 15
2.50313 13
0.120719 13
0.099675 17
0.294971 13
0.189605 16
1.24618 14
4.96235 19
1.24582 19
2.17348 18
1.22483 19
0.917768 22
0.768043 18
0.434308 19
0.5008 20
0.088401 20
3.05329 17
2.15678 28
0.345032 24
4.20579 29
2.99549 31
0.559712 23
0.206557 26
0.887238 28
2.16396 26
0.676979 25
6.02917 26
0.000692 10
0.063885 8
0.122204 12
0.112028 9
0.190161 9
0.140055 8
0.092662 13
0.538625 11
0.134777 10
0.104051 9
0.484437 18
0.30891 19
0.643648 19
0.546852 19
1.49108 16
0.113569 20
0.81124 18
0.137484 20
0.116598 19
0.302537 28
1.53276 28
2.42557 43
3.16375 28
4.47577 23
4.1224 24
4.65739 25
0.641526 18
4.73396 27
7.95359 25
0.140688 28
1.35165 34
10.5412 32
7.67337 34
6.63781 33
7.4801 33
7.09434 33
1.23104 36
0.997175 31
4.35955 31
2.42369 33