../../problems/mclp/benchs/class1/50.txt -i 1 0.200902 3.808020
../../problems/mclp/benchs/class1/50.txt -i 2 0.044263 2.556880
../../problems/mclp/benchs/class1/50.txt -i 4 0.160936 0.255470
../../problems/mclp/benchs/class1/50.txt -i 9 0.357917 0.940865
../../problems/mclp/benchs/class1/100.txt -i 1 0.141507 0.707483
../../problems/mclp/benchs/class1/100.txt -i 2 0.598200 2.057340
../../problems/mclp/benchs/class1/100.txt -i 4 0.215792 0.798314
../../problems/mclp/benchs/class1/100.txt -i 6 0.341935 0.665244
../../problems/mclp/benchs/class1/150.txt -i 1 1.706150 4.237850
../../problems/mclp/benchs/class1/150.txt -i 3 0.398053 7.459110
../../problems/mclp/benchs/class1/150.txt -i 4 0.721806 1.629700
../../problems/mclp/benchs/class1/150.txt -i 6 0.963751 2.317260
../../problems/mclp/benchs/class1/150.txt -i 7 0.969922 2.592710
../../problems/mclp/benchs/class1/200.txt -i 1 0.468314 8.201400
../../problems/mclp/benchs/class1/200.txt -i 2 0.488418 0.596425
../../problems/mclp/benchs/class1/200.txt -i 4 3.268130 5.156680
../../problems/mclp/benchs/class1/200.txt -i 6 1.886440 8.314680
../../problems/mclp/benchs/class1/200.txt -i 7 1.738290 5.845580
../../problems/mclp/benchs/class1/200.txt -i 9 0.603116 9.137630
../../problems/mclp/benchs/class2/50.txt -i 0 0.260396 1.124240
../../problems/mclp/benchs/class2/50.txt -i 1 0.095562 0.297727
../../problems/mclp/benchs/class2/50.txt -i 2 0.316642 0.384161
../../problems/mclp/benchs/class2/50.txt -i 4 0.225256 1.064520
../../problems/mclp/benchs/class2/50.txt -i 5 0.090523 0.263305
../../problems/mclp/benchs/class2/50.txt -i 8 0.233364 9.554540
../../problems/mclp/benchs/class2/100.txt -i 4 0.207749 0.898635
../../problems/mclp/benchs/class2/100.txt -i 6 1.297010 1.643580
../../problems/mclp/benchs/class2/100.txt -i 7 0.172517 2.270020
../../problems/mclp/benchs/class2/100.txt -i 8 1.026430 5.960910
../../problems/mclp/benchs/class2/150.txt -i 3 0.726480 1.017840
../../problems/mclp/benchs/class2/150.txt -i 4 0.421012 1.717100
../../problems/mclp/benchs/class2/150.txt -i 7 0.930654 6.227900
../../problems/mclp/benchs/class2/150.txt -i 8 3.952380 9.707480
../../problems/mclp/benchs/class2/150.txt -i 9 0.519249 1.585050
../../problems/mclp/benchs/class2/200.txt -i 0 3.149120 4.215210
../../problems/mclp/benchs/class2/200.txt -i 1 0.939757 8.284520
../../problems/mclp/benchs/class3/50.txt -i 0 0.078783 0.249588
../../problems/mclp/benchs/class3/50.txt -i 1 0.066685 0.185741
../../problems/mclp/benchs/class3/50.txt -i 8 0.118927 0.398776
../../problems/mclp/benchs/class3/100.txt -i 0 0.920698 2.613310
../../problems/mclp/benchs/class3/100.txt -i 1 0.168393 0.719765
../../problems/mclp/benchs/class3/100.txt -i 3 0.138157 2.390420
../../problems/mclp/benchs/class3/100.txt -i 4 0.811391 1.974340
../../problems/mclp/benchs/class3/100.txt -i 6 0.372652 1.105240
../../problems/mclp/benchs/class3/100.txt -i 9 0.133399 1.233630
../../problems/mclp/benchs/class3/150.txt -i 1 0.694933 1.460580
../../problems/mclp/benchs/class3/150.txt -i 2 2.014440 2.610480
../../problems/mclp/benchs/class3/150.txt -i 8 1.365050 6.101710
../../problems/mclp/benchs/class3/150.txt -i 9 0.486843 6.762700
../../problems/mclp/benchs/class3/200.txt -i 2 0.548465 6.464830
../../problems/mclp/benchs/class3/200.txt -i 3 0.722604 1.144950
../../problems/mclp/benchs/class3/200.txt -i 4 3.740700 5.762180
../../problems/mclp/benchs/class3/200.txt -i 5 2.512700 4.436500
../../problems/mclp/benchs/class3/200.txt -i 8 0.506605 8.613650
../../problems/mclp/benchs/class4/50.txt -i 0 0.079966 0.117794
../../problems/mclp/benchs/class4/50.txt -i 2 0.000921 0.001937
../../problems/mclp/benchs/class4/50.txt -i 4 0.000008 0.002609
../../problems/mclp/benchs/class4/50.txt -i 6 0.001157 0.004114
../../problems/mclp/benchs/class4/100.txt -i 1 0.129953 0.163733
../../problems/mclp/benchs/class4/100.txt -i 6 0.002020 0.005477
../../problems/mclp/benchs/class4/100.txt -i 8 0.001954 0.003025
../../problems/mclp/benchs/class4/150.txt -i 6 0.026837 0.196996
../../problems/mclp/benchs/class4/150.txt -i 7 0.211442 0.339596
../../problems/mclp/benchs/class4/150.txt -i 8 0.211368 0.422939
../../problems/mclp/benchs/class4/150.txt -i 9 0.003208 0.004425
../../problems/mclp/benchs/class4/200.txt -i 2 0.006014 0.298744
../../problems/mclp/benchs/class4/200.txt -i 3 0.004835 0.006461
../../problems/mclp/benchs/class5/50.txt -i 0 0.006399 0.074551
../../problems/mclp/benchs/class5/50.txt -i 5 0.029472 0.261143
../../problems/mclp/benchs/class5/50.txt -i 8 0.036502 0.373237
../../problems/mclp/benchs/class5/50.txt -i 9 0.087039 1.102130
../../problems/mclp/benchs/class5/100.txt -i 2 0.272956 0.376704
../../problems/mclp/benchs/class5/100.txt -i 4 0.105182 0.208600
../../problems/mclp/benchs/class5/150.txt -i 0 0.568887 2.923940
../../problems/mclp/benchs/class5/150.txt -i 2 0.230348 0.452375
../../problems/mclp/benchs/class5/150.txt -i 5 0.604938 2.146820
../../problems/mclp/benchs/class5/150.txt -i 6 0.363975 1.259610
../../problems/mclp/benchs/class5/150.txt -i 7 6.791390 8.863990
../../problems/mclp/benchs/class5/150.txt -i 8 0.344145 0.498496
../../problems/mclp/benchs/class5/200.txt -i 0 1.395600 4.078190
../../problems/mclp/benchs/class5/200.txt -i 1 0.907418 1.719820
../../problems/mclp/benchs/class5/200.txt -i 2 0.154033 1.456230
../../problems/mclp/benchs/class5/200.txt -i 3 1.090940 1.742200
../../problems/mclp/benchs/class5/200.txt -i 5 0.300883 1.797010
../../problems/mclp/benchs/class5/200.txt -i 8 0.764521 2.845930
../../problems/mclp/benchs/class6/50.txt -i 0 0.127338 0.231755
../../problems/mclp/benchs/class6/50.txt -i 1 0.038443 0.069430
../../problems/mclp/benchs/class6/50.txt -i 3 0.096484 0.298455
../../problems/mclp/benchs/class6/50.txt -i 4 0.037241 0.055291
../../problems/mclp/benchs/class6/50.txt -i 5 0.082282 0.250660
../../problems/mclp/benchs/class6/50.txt -i 9 0.356665 2.233410
../../problems/mclp/benchs/class6/100.txt -i 1 0.253760 0.978771
../../problems/mclp/benchs/class6/100.txt -i 3 0.266983 1.977110
../../problems/mclp/benchs/class6/100.txt -i 4 0.420562 7.489380
../../problems/mclp/benchs/class6/100.txt -i 6 0.131633 0.184246
../../problems/mclp/benchs/class6/100.txt -i 7 0.189610 0.400828
../../problems/mclp/benchs/class6/100.txt -i 9 0.598532 0.886904
../../problems/mclp/benchs/class6/150.txt -i 1 0.556319 2.566060
../../problems/mclp/benchs/class6/150.txt -i 2 0.118035 0.500601
../../problems/mclp/benchs/class6/150.txt -i 5 0.147526 0.289632
../../problems/mclp/benchs/class6/150.txt -i 6 0.236486 0.456760
../../problems/mclp/benchs/class6/150.txt -i 9 1.851240 2.993110
../../problems/mclp/benchs/class6/200.txt -i 0 1.781580 3.907170
../../problems/mclp/benchs/class6/200.txt -i 3 1.018330 1.464700
../../problems/mclp/benchs/class6/200.txt -i 5 3.616270 4.929460
../../problems/mclp/benchs/class6/200.txt -i 7 1.396680 8.390670
../../problems/mclp/benchs/class6/200.txt -i 8 1.333100 1.653980
../../problems/mclp/benchs/class6/200.txt -i 9 0.539494 4.745840
../../problems/mclp/benchs/class7/50.txt -i 1 0.071765 0.250363
../../problems/mclp/benchs/class7/50.txt -i 6 0.080172 0.163411
../../problems/mclp/benchs/class7/50.txt -i 7 0.049941 0.072299
../../problems/mclp/benchs/class7/50.txt -i 8 0.062215 0.219055
../../problems/mclp/benchs/class7/100.txt -i 0 0.258301 0.655072
../../problems/mclp/benchs/class7/100.txt -i 1 0.432875 1.700730
../../problems/mclp/benchs/class7/100.txt -i 2 0.545777 1.008220
../../problems/mclp/benchs/class7/100.txt -i 3 0.962133 2.759510
../../problems/mclp/benchs/class7/100.txt -i 4 0.479067 2.503130
../../problems/mclp/benchs/class7/100.txt -i 9 0.368820 1.246180
../../problems/mclp/benchs/class7/150.txt -i 0 0.613010 4.962350
../../problems/mclp/benchs/class7/150.txt -i 5 0.593492 0.768043
../../problems/mclp/benchs/class7/150.txt -i 9 0.427111 3.053290
../../problems/mclp/benchs/class7/200.txt -i 2 1.827570 4.205790
../../problems/mclp/benchs/class7/200.txt -i 3 0.745717 2.995490
../../problems/mclp/benchs/class7/200.txt -i 7 1.064340 2.163960
../../problems/mclp/benchs/class7/200.txt -i 9 0.480379 6.029170
../../problems/mclp/benchs/class8/50.txt -i 4 0.090106 0.190161
../../problems/mclp/benchs/class8/50.txt -i 6 0.024832 0.092662
../../problems/mclp/benchs/class8/50.txt -i 7 0.039401 0.538625
../../problems/mclp/benchs/class8/50.txt -i 9 0.064310 0.104051
../../problems/mclp/benchs/class8/100.txt -i 6 0.038653 0.811240
../../problems/mclp/benchs/class8/150.txt -i 0 0.558467 1.532760
../../problems/mclp/benchs/class8/150.txt -i 3 0.478161 4.475770
../../problems/mclp/benchs/class8/150.txt -i 4 0.872518 4.122400
../../problems/mclp/benchs/class8/150.txt -i 5 1.363880 4.657390
../../problems/mclp/benchs/class8/150.txt -i 8 0.881144 7.953590
../../problems/mclp/benchs/class8/200.txt -i 1 1.787790 10.541200
../../problems/mclp/benchs/class8/200.txt -i 5 4.959550 7.094340
../../problems/mclp/benchs/class8/200.txt -i 8 0.428429 4.359550
