0.3205 +- -1.00 (1)
0.1594 +- -1.00 (1)
0.0756 +- -1.00 (1)
0.4187 +- -1.00 (1)
0.7710 +- -1.00 (1)
1.0883 +- -1.00 (1)
0.0862 +- -1.00 (1)
0.1091 +- -1.00 (1)
0.3354 +- -1.00 (1)
1.7947 +- -1.00 (1)
2.4829 +- -1.00 (1)
0.5677 +- -1.00 (1)
2.6702 +- -1.00 (1)
0.4718 +- -1.00 (1)
0.1542 +- -1.00 (1)
3.7169 +- -1.00 (1)
0.7115 +- -1.00 (1)
1.6316 +- -1.00 (1)
0.3499 +- -1.00 (1)
5.4735 +- -1.00 (1)
0.5901 +- -1.00 (1)
1.2649 +- -1.00 (1)
0.3523 +- -1.00 (1)
0.1779 +- -1.00 (1)
1.4663 +- -1.00 (1)
1.0702 +- -1.00 (1)
1.9351 +- -1.00 (1)
0.7158 +- -1.00 (1)
3.9110 +- -1.00 (1)
1.4162 +- -1.00 (1)
4.5434 +- -1.00 (1)
6.6326 +- -1.00 (1)
8.5620 +- -1.00 (1)
2.6100 +- -1.00 (1)
9.9457 +- -1.00 (1)
1.3727 +- -1.00 (1)
4.3855 +- -1.00 (1)
0.3873 +- -1.00 (1)
1.3673 +- -1.00 (1)
1.0668 +- -1.00 (1)
0.2607 +- -1.00 (1)
0.0846 +- -1.00 (1)
0.2732 +- -1.00 (1)
0.0972 +- -1.00 (1)
1.6899 +- -1.00 (1)
0.3009 +- -1.00 (1)
0.0809 +- -1.00 (1)
0.0735 +- -1.00 (1)
0.1682 +- -1.00 (1)
0.1339 +- -1.00 (1)
0.5547 +- -1.00 (1)
0.3366 +- -1.00 (1)
0.2931 +- -1.00 (1)
1.2346 +- -1.00 (1)
3.5934 +- -1.00 (1)
0.3786 +- -1.00 (1)
2.1504 +- -1.00 (1)
0.6237 +- -1.00 (1)
4.3880 +- -1.00 (1)
0.6946 +- -1.00 (1)
0.9436 +- -1.00 (1)
3.3361 +- -1.00 (1)
1.6501 +- -1.00 (1)
4.9586 +- -1.00 (1)
5.9826 +- -1.00 (1)
5.6332 +- -1.00 (1)
3.6450 +- -1.00 (1)
1.9918 +- -1.00 (1)
1.0788 +- -1.00 (1)
3.2304 +- -1.00 (1)
7.3455 +- -1.00 (1)
0.8535 +- -1.00 (1)
8.3169 +- -1.00 (1)
3.9118 +- -1.00 (1)
8.9188 +- -1.00 (1)
7.4050 +- -1.00 (1)
0.5785 +- -1.00 (1)
2.2234 +- -1.00 (1)
4.4810 +- -1.00 (1)
1.6047 +- -1.00 (1)
0.1432 +- -1.00 (1)
0.0485 +- -1.00 (1)
0.1110 +- -1.00 (1)
0.1087 +- -1.00 (1)
3.1714 +- -1.00 (1)
0.1929 +- -1.00 (1)
0.1416 +- -1.00 (1)
0.3057 +- -1.00 (1)
0.7734 +- -1.00 (1)
0.1143 +- -1.00 (1)
5.1753 +- -1.00 (1)
1.2928 +- -1.00 (1)
0.6267 +- -1.00 (1)
0.7729 +- -1.00 (1)
1.9137 +- -1.00 (1)
0.6838 +- -1.00 (1)
0.9904 +- -1.00 (1)
1.6603 +- -1.00 (1)
0.3622 +- -1.00 (1)
2.1059 +- -1.00 (1)
0.3769 +- -1.00 (1)
1.0850 +- -1.00 (1)
0.3474 +- -1.00 (1)
0.3721 +- -1.00 (1)
2.7095 +- -1.00 (1)
1.0612 +- -1.00 (1)
1.3072 +- -1.00 (1)
0.3157 +- -1.00 (1)
4.6195 +- -1.00 (1)
0.9014 +- -1.00 (1)
10.7153 +- -1.00 (1)
1.1202 +- -1.00 (1)
2.9491 +- -1.00 (1)
6.5308 +- -1.00 (1)
5.1277 +- -1.00 (1)
6.1181 +- -1.00 (1)
7.6640 +- -1.00 (1)
8.5267 +- -1.00 (1)
4.7063 +- -1.00 (1)
9.2647 +- -1.00 (1)
0.0069 +- -1.00 (1)
0.1457 +- -1.00 (1)
0.0010 +- -1.00 (1)
0.0009 +- -1.00 (1)
0.0009 +- -1.00 (1)
0.1496 +- -1.00 (1)
0.0024 +- -1.00 (1)
0.0017 +- -1.00 (1)
0.0015 +- -1.00 (1)
0.0044 +- -1.00 (1)
0.0080 +- -1.00 (1)
0.1340 +- -1.00 (1)
0.0031 +- -1.00 (1)
0.0028 +- -1.00 (1)
0.0022 +- -1.00 (1)
0.0031 +- -1.00 (1)
0.0030 +- -1.00 (1)
0.0030 +- -1.00 (1)
0.0081 +- -1.00 (1)
0.1058 +- -1.00 (1)
0.0034 +- -1.00 (1)
0.0035 +- -1.00 (1)
0.0060 +- -1.00 (1)
0.0214 +- -1.00 (1)
0.8566 +- -1.00 (1)
0.6213 +- -1.00 (1)
0.2005 +- -1.00 (1)
0.9650 +- -1.00 (1)
0.0090 +- -1.00 (1)
0.0044 +- -1.00 (1)
0.0057 +- -1.00 (1)
0.2729 +- -1.00 (1)
0.2882 +- -1.00 (1)
0.2918 +- -1.00 (1)
1.4251 +- -1.00 (1)
0.0279 +- -1.00 (1)
0.0059 +- -1.00 (1)
0.0113 +- -1.00 (1)
0.0061 +- -1.00 (1)
0.0060 +- -1.00 (1)
0.0096 +- -1.00 (1)
0.0649 +- -1.00 (1)
0.2587 +- -1.00 (1)
0.0032 +- -1.00 (1)
0.9596 +- -1.00 (1)
0.9828 +- -1.00 (1)
1.5534 +- -1.00 (1)
0.0096 +- -1.00 (1)
0.1038 +- -1.00 (1)
0.4549 +- -1.00 (1)
5.6629 +- -1.00 (1)
0.1338 +- -1.00 (1)
0.1486 +- -1.00 (1)
0.3776 +- -1.00 (1)
0.0701 +- -1.00 (1)
0.0153 +- -1.00 (1)
0.2798 +- -1.00 (1)
0.0213 +- -1.00 (1)
0.6134 +- -1.00 (1)
0.1453 +- -1.00 (1)
8.8446 +- -1.00 (1)
0.5392 +- -1.00 (1)
2.9865 +- -1.00 (1)
2.2113 +- -1.00 (1)
0.8447 +- -1.00 (1)
0.3092 +- -1.00 (1)
3.9889 +- -1.00 (1)
9.5138 +- -1.00 (1)
1.6273 +- -1.00 (1)
0.3434 +- -1.00 (1)
0.2947 +- -1.00 (1)
10.2928 +- -1.00 (1)
2.6191 +- -1.00 (1)
4.9578 +- -1.00 (1)
2.7082 +- -1.00 (1)
0.5862 +- -1.00 (1)
0.6237 +- -1.00 (1)
6.5999 +- -1.00 (1)
3.1592 +- -1.00 (1)
0.2708 +- -1.00 (1)
0.0644 +- -1.00 (1)
0.1644 +- -1.00 (1)
0.0053 +- -1.00 (1)
0.4739 +- -1.00 (1)
0.1364 +- -1.00 (1)
0.1100 +- -1.00 (1)
0.1816 +- -1.00 (1)
0.2414 +- -1.00 (1)
9.4477 +- -1.00 (1)
0.1418 +- -1.00 (1)
0.7636 +- -1.00 (1)
3.8834 +- -1.00 (1)
0.2692 +- -1.00 (1)
0.8450 +- -1.00 (1)
0.3683 +- -1.00 (1)
0.3365 +- -1.00 (1)
0.2254 +- -1.00 (1)
0.2627 +- -1.00 (1)
0.2374 +- -1.00 (1)
0.0206 +- -1.00 (1)
1.6758 +- -1.00 (1)
4.6403 +- -1.00 (1)
0.7782 +- -1.00 (1)
0.6360 +- -1.00 (1)
6.1561 +- -1.00 (1)
9.3224 +- -1.00 (1)
1.2536 +- -1.00 (1)
0.1522 +- -1.00 (1)
1.6158 +- -1.00 (1)
0.7633 +- -1.00 (1)
1.2539 +- -1.00 (1)
0.8565 +- -1.00 (1)
9.2114 +- -1.00 (1)
4.7692 +- -1.00 (1)
1.8648 +- -1.00 (1)
0.1317 +- -1.00 (1)
4.4322 +- -1.00 (1)
0.2032 +- -1.00 (1)
1.8305 +- -1.00 (1)
5.7197 +- -1.00 (1)
0.0626 +- -1.00 (1)
0.2276 +- -1.00 (1)
0.4572 +- -1.00 (1)
0.0433 +- -1.00 (1)
0.0050 +- -1.00 (1)
0.2582 +- -1.00 (1)
0.0693 +- -1.00 (1)
0.2446 +- -1.00 (1)
0.1453 +- -1.00 (1)
0.8595 +- -1.00 (1)
4.1779 +- -1.00 (1)
1.3816 +- -1.00 (1)
0.0805 +- -1.00 (1)
0.1279 +- -1.00 (1)
4.1013 +- -1.00 (1)
0.2041 +- -1.00 (1)
0.3206 +- -1.00 (1)
7.6894 +- -1.00 (1)
0.2486 +- -1.00 (1)
0.6584 +- -1.00 (1)
0.6788 +- -1.00 (1)
6.7863 +- -1.00 (1)
0.7210 +- -1.00 (1)
3.0962 +- -1.00 (1)
1.6413 +- -1.00 (1)
1.6009 +- -1.00 (1)
0.3716 +- -1.00 (1)
1.2935 +- -1.00 (1)
0.3140 +- -1.00 (1)
4.0170 +- -1.00 (1)
3.1197 +- -1.00 (1)
2.4865 +- -1.00 (1)
5.6589 +- -1.00 (1)
1.2442 +- -1.00 (1)
2.9458 +- -1.00 (1)
6.2576 +- -1.00 (1)
2.2789 +- -1.00 (1)
1.5627 +- -1.00 (1)
7.3804 +- -1.00 (1)
1.7171 +- -1.00 (1)
0.2711 +- -1.00 (1)
0.2374 +- -1.00 (1)
0.2618 +- -1.00 (1)
0.1567 +- -1.00 (1)
0.2891 +- -1.00 (1)
0.0210 +- -1.00 (1)
0.1752 +- -1.00 (1)
0.3099 +- -1.00 (1)
0.0312 +- -1.00 (1)
0.0962 +- -1.00 (1)
0.1690 +- -1.00 (1)
0.1395 +- -1.00 (1)
0.1740 +- -1.00 (1)
2.8811 +- -1.00 (1)
1.3424 +- -1.00 (1)
0.3074 +- -1.00 (1)
2.3097 +- -1.00 (1)
1.2622 +- -1.00 (1)
0.3859 +- -1.00 (1)
0.5511 +- -1.00 (1)
9.1189 +- -1.00 (1)
0.7812 +- -1.00 (1)
1.5339 +- -1.00 (1)
4.5820 +- -1.00 (1)
1.9182 +- -1.00 (1)
0.3672 +- -1.00 (1)
1.4620 +- -1.00 (1)
0.8881 +- -1.00 (1)
1.7633 +- -1.00 (1)
7.5556 +- -1.00 (1)
2.4207 +- -1.00 (1)
4.3488 +- -1.00 (1)
2.9441 +- -1.00 (1)
9.0548 +- -1.00 (1)
3.6616 +- -1.00 (1)
2.3710 +- -1.00 (1)
6.5379 +- -1.00 (1)
10.2135 +- -1.00 (1)
3.4395 +- -1.00 (1)
2.3694 +- -1.00 (1)
