../../problems/mclp/benchs/class1/50.txt -i 0 0.320453 0.081231
../../problems/mclp/benchs/class1/50.txt -i 3 0.418729 0.316248
../../problems/mclp/benchs/class1/50.txt -i 4 0.770986 0.255470
../../problems/mclp/benchs/class1/50.txt -i 5 1.088320 0.095899
../../problems/mclp/benchs/class1/50.txt -i 6 0.086181 0.058317
../../problems/mclp/benchs/class1/50.txt -i 7 0.109121 0.076544
../../problems/mclp/benchs/class1/50.txt -i 8 0.335427 0.127696
../../problems/mclp/benchs/class1/50.txt -i 9 1.794690 0.940865
../../problems/mclp/benchs/class1/100.txt -i 0 2.482900 0.513775
../../problems/mclp/benchs/class1/100.txt -i 2 2.670170 2.057340
../../problems/mclp/benchs/class1/100.txt -i 3 0.471778 0.229035
../../problems/mclp/benchs/class1/100.txt -i 7 1.631570 0.513769
../../problems/mclp/benchs/class1/100.txt -i 8 0.349887 0.107663
../../problems/mclp/benchs/class1/100.txt -i 9 5.473460 0.727497
../../problems/mclp/benchs/class1/150.txt -i 5 1.070220 0.773707
../../problems/mclp/benchs/class1/150.txt -i 8 3.911020 0.072672
../../problems/mclp/benchs/class1/200.txt -i 0 4.543360 2.055120
../../problems/mclp/benchs/class1/200.txt -i 2 8.562020 0.596425
../../problems/mclp/benchs/class1/200.txt -i 4 9.945710 5.156680
../../problems/mclp/benchs/class1/200.txt -i 5 1.372710 0.982281
../../problems/mclp/benchs/class2/50.txt -i 4 1.689860 1.064520
../../problems/mclp/benchs/class2/50.txt -i 7 0.073542 0.048453
../../problems/mclp/benchs/class2/50.txt -i 9 0.133946 0.089720
../../problems/mclp/benchs/class2/100.txt -i 1 0.336605 0.161732
../../problems/mclp/benchs/class2/100.txt -i 3 1.234560 0.421163
../../problems/mclp/benchs/class2/100.txt -i 4 3.593420 0.898635
../../problems/mclp/benchs/class2/100.txt -i 5 0.378609 0.104347
../../problems/mclp/benchs/class2/100.txt -i 6 2.150390 1.643580
../../problems/mclp/benchs/class2/100.txt -i 9 0.694636 0.051158
../../problems/mclp/benchs/class2/150.txt -i 1 3.336140 0.380796
../../problems/mclp/benchs/class2/150.txt -i 2 1.650060 0.383469
../../problems/mclp/benchs/class2/150.txt -i 3 4.958610 1.017840
../../problems/mclp/benchs/class2/150.txt -i 4 5.982570 1.717100
../../problems/mclp/benchs/class2/150.txt -i 5 5.633160 0.515375
../../problems/mclp/benchs/class2/150.txt -i 6 3.644970 1.229310
../../problems/mclp/benchs/class2/150.txt -i 9 3.230440 1.585050
../../problems/mclp/benchs/class2/200.txt -i 0 7.345510 4.215210
../../problems/mclp/benchs/class2/200.txt -i 2 8.316910 1.304870
../../problems/mclp/benchs/class2/200.txt -i 3 3.911800 0.463651
../../problems/mclp/benchs/class2/200.txt -i 4 8.918790 0.648417
../../problems/mclp/benchs/class2/200.txt -i 5 7.405020 1.019580
../../problems/mclp/benchs/class2/200.txt -i 7 2.223440 0.975005
../../problems/mclp/benchs/class2/200.txt -i 8 4.480980 3.249080
../../problems/mclp/benchs/class3/50.txt -i 3 0.108693 0.049305
../../problems/mclp/benchs/class3/50.txt -i 4 3.171380 0.061200
../../problems/mclp/benchs/class3/50.txt -i 5 0.192913 0.096597
../../problems/mclp/benchs/class3/50.txt -i 8 0.773402 0.398776
../../problems/mclp/benchs/class3/100.txt -i 0 5.175280 2.613310
../../problems/mclp/benchs/class3/100.txt -i 1 1.292750 0.719765
../../problems/mclp/benchs/class3/100.txt -i 5 0.683795 0.519834
../../problems/mclp/benchs/class3/100.txt -i 7 1.660350 0.142518
../../problems/mclp/benchs/class3/100.txt -i 9 2.105900 1.233630
../../problems/mclp/benchs/class3/200.txt -i 0 10.715300 1.500480
../../problems/mclp/benchs/class3/200.txt -i 3 6.530830 1.144950
../../problems/mclp/benchs/class3/200.txt -i 5 6.118110 4.436500
../../problems/mclp/benchs/class3/200.txt -i 6 7.664040 2.013820
../../problems/mclp/benchs/class3/200.txt -i 7 8.526650 0.974283
../../problems/mclp/benchs/class3/200.txt -i 9 9.264740 2.113910
../../problems/mclp/benchs/class4/50.txt -i 1 0.145692 0.117805
../../problems/mclp/benchs/class4/50.txt -i 5 0.149590 0.005559
../../problems/mclp/benchs/class4/50.txt -i 7 0.001672 0.001164
../../problems/mclp/benchs/class4/50.txt -i 8 0.001472 0.000821
../../problems/mclp/benchs/class4/50.txt -i 9 0.004436 0.002390
../../problems/mclp/benchs/class4/100.txt -i 0 0.007952 0.003842
../../problems/mclp/benchs/class4/100.txt -i 2 0.003117 0.002026
../../problems/mclp/benchs/class4/100.txt -i 7 0.002993 0.002029
../../problems/mclp/benchs/class4/100.txt -i 8 0.008106 0.003025
../../problems/mclp/benchs/class4/150.txt -i 3 0.021429 0.004067
../../problems/mclp/benchs/class4/150.txt -i 4 0.856642 0.209339
../../problems/mclp/benchs/class4/150.txt -i 5 0.621282 0.004269
../../problems/mclp/benchs/class4/150.txt -i 7 0.965034 0.339596
../../problems/mclp/benchs/class4/200.txt -i 3 0.291797 0.006461
../../problems/mclp/benchs/class4/200.txt -i 4 1.425060 0.016316
../../problems/mclp/benchs/class4/200.txt -i 5 0.027894 0.005884
../../problems/mclp/benchs/class4/200.txt -i 8 0.006125 0.005071
../../problems/mclp/benchs/class5/50.txt -i 4 0.959562 0.067931
../../problems/mclp/benchs/class5/50.txt -i 5 0.982846 0.261143
../../problems/mclp/benchs/class5/50.txt -i 6 1.553400 0.302460
../../problems/mclp/benchs/class5/100.txt -i 0 5.662910 0.377863
../../problems/mclp/benchs/class5/100.txt -i 3 0.377589 0.110100
../../problems/mclp/benchs/class5/100.txt -i 6 0.279758 0.191054
../../problems/mclp/benchs/class5/100.txt -i 8 0.613390 0.283833
../../problems/mclp/benchs/class5/150.txt -i 0 8.844620 2.923940
../../problems/mclp/benchs/class5/150.txt -i 2 2.986480 0.452375
../../problems/mclp/benchs/class5/150.txt -i 3 2.211340 0.225164
../../problems/mclp/benchs/class5/150.txt -i 4 0.844675 0.269061
../../problems/mclp/benchs/class5/150.txt -i 6 3.988870 1.259610
../../problems/mclp/benchs/class5/150.txt -i 8 1.627290 0.498496
../../problems/mclp/benchs/class5/200.txt -i 1 10.292800 1.719820
../../problems/mclp/benchs/class5/200.txt -i 2 2.619080 1.456230
../../problems/mclp/benchs/class5/200.txt -i 3 4.957810 1.742200
../../problems/mclp/benchs/class5/200.txt -i 4 2.708200 0.563813
../../problems/mclp/benchs/class5/200.txt -i 7 6.599950 0.953320
../../problems/mclp/benchs/class6/50.txt -i 1 0.164383 0.069430
../../problems/mclp/benchs/class6/50.txt -i 2 0.005255 0.004191
../../problems/mclp/benchs/class6/50.txt -i 3 0.473949 0.298455
../../problems/mclp/benchs/class6/50.txt -i 4 0.136430 0.055291
../../problems/mclp/benchs/class6/50.txt -i 7 0.241440 0.006516
../../problems/mclp/benchs/class6/50.txt -i 8 9.447660 0.276877
../../problems/mclp/benchs/class6/100.txt -i 0 0.763573 0.274684
../../problems/mclp/benchs/class6/100.txt -i 1 3.883410 0.978771
../../problems/mclp/benchs/class6/100.txt -i 2 0.269209 0.064206
../../problems/mclp/benchs/class6/100.txt -i 6 0.225429 0.184246
../../problems/mclp/benchs/class6/150.txt -i 0 1.675810 0.353344
../../problems/mclp/benchs/class6/150.txt -i 1 4.640310 2.566060
../../problems/mclp/benchs/class6/150.txt -i 2 0.778215 0.500601
../../problems/mclp/benchs/class6/150.txt -i 4 6.156050 1.099480
../../problems/mclp/benchs/class6/150.txt -i 5 9.322380 0.289632
../../problems/mclp/benchs/class6/150.txt -i 6 1.253550 0.456760
../../problems/mclp/benchs/class6/150.txt -i 8 1.615770 0.518474
../../problems/mclp/benchs/class6/200.txt -i 1 0.856461 0.433183
../../problems/mclp/benchs/class6/200.txt -i 2 9.211430 0.005573
../../problems/mclp/benchs/class6/200.txt -i 3 4.769160 1.464700
../../problems/mclp/benchs/class6/200.txt -i 6 4.432190 0.748301
../../problems/mclp/benchs/class6/200.txt -i 9 5.719720 4.745840
../../problems/mclp/benchs/class7/50.txt -i 2 0.457211 0.091025
../../problems/mclp/benchs/class7/50.txt -i 4 0.004976 0.002495
../../problems/mclp/benchs/class7/50.txt -i 5 0.258169 0.079659
../../problems/mclp/benchs/class7/50.txt -i 7 0.244632 0.072299
../../problems/mclp/benchs/class7/50.txt -i 9 0.859544 0.050729
../../problems/mclp/benchs/class7/100.txt -i 0 4.177940 0.655072
../../problems/mclp/benchs/class7/100.txt -i 4 4.101330 2.503130
../../problems/mclp/benchs/class7/100.txt -i 5 0.204124 0.120719
../../problems/mclp/benchs/class7/100.txt -i 6 0.320618 0.099675
../../problems/mclp/benchs/class7/100.txt -i 7 7.689390 0.294971
../../problems/mclp/benchs/class7/100.txt -i 8 0.248593 0.189605
../../problems/mclp/benchs/class7/150.txt -i 1 6.786320 1.245820
../../problems/mclp/benchs/class7/150.txt -i 3 3.096190 1.224830
../../problems/mclp/benchs/class7/150.txt -i 4 1.641320 0.917768
../../problems/mclp/benchs/class7/150.txt -i 5 1.600930 0.768043
../../problems/mclp/benchs/class7/150.txt -i 7 1.293530 0.500800
../../problems/mclp/benchs/class7/150.txt -i 8 0.314029 0.088401
../../problems/mclp/benchs/class7/150.txt -i 9 4.016960 3.053290
../../problems/mclp/benchs/class7/200.txt -i 0 3.119700 2.156780
../../problems/mclp/benchs/class7/200.txt -i 1 2.486480 0.345032
../../problems/mclp/benchs/class7/200.txt -i 2 5.658890 4.205790
../../problems/mclp/benchs/class7/200.txt -i 4 2.945780 0.559712
../../problems/mclp/benchs/class7/200.txt -i 5 6.257630 0.206557
../../problems/mclp/benchs/class7/200.txt -i 6 2.278900 0.887238
../../problems/mclp/benchs/class7/200.txt -i 8 7.380430 0.676979
../../problems/mclp/benchs/class8/50.txt -i 0 0.271125 0.000692
../../problems/mclp/benchs/class8/50.txt -i 1 0.237360 0.063885
../../problems/mclp/benchs/class8/50.txt -i 2 0.261826 0.122204
../../problems/mclp/benchs/class8/50.txt -i 3 0.156716 0.112028
../../problems/mclp/benchs/class8/50.txt -i 4 0.289149 0.190161
../../problems/mclp/benchs/class8/50.txt -i 6 0.175196 0.092662
../../problems/mclp/benchs/class8/100.txt -i 3 2.881120 0.546852
../../problems/mclp/benchs/class8/100.txt -i 5 0.307357 0.113569
../../problems/mclp/benchs/class8/100.txt -i 6 2.309670 0.811240
../../problems/mclp/benchs/class8/100.txt -i 7 1.262250 0.137484
../../problems/mclp/benchs/class8/100.txt -i 8 0.385942 0.116598
../../problems/mclp/benchs/class8/100.txt -i 9 0.551096 0.302537
../../problems/mclp/benchs/class8/150.txt -i 0 9.118930 1.532760
../../problems/mclp/benchs/class8/150.txt -i 6 1.461980 0.641526
../../problems/mclp/benchs/class8/150.txt -i 9 7.555550 0.140688
../../problems/mclp/benchs/class8/200.txt -i 0 2.420750 1.351650
../../problems/mclp/benchs/class8/200.txt -i 3 9.054850 6.637810
../../problems/mclp/benchs/class8/200.txt -i 6 6.537880 1.231040
../../problems/mclp/benchs/class8/200.txt -i 7 10.213500 0.997175
