../../problems/mclp/benchs/class1/50.txt -i 0 0.274036 0.081231
../../problems/mclp/benchs/class1/50.txt -i 3 1.135960 0.316248
../../problems/mclp/benchs/class1/50.txt -i 5 0.309937 0.095899
../../problems/mclp/benchs/class1/50.txt -i 8 3.088350 0.127696
../../problems/mclp/benchs/class1/100.txt -i 1 1.553920 0.707483
../../problems/mclp/benchs/class1/100.txt -i 3 1.718980 0.229035
../../problems/mclp/benchs/class1/100.txt -i 7 5.706020 0.513769
../../problems/mclp/benchs/class1/100.txt -i 8 0.166854 0.107663
../../problems/mclp/benchs/class1/150.txt -i 4 2.512890 1.629700
../../problems/mclp/benchs/class1/150.txt -i 5 1.884740 0.773707
../../problems/mclp/benchs/class1/150.txt -i 8 8.185330 0.072672
../../problems/mclp/benchs/class1/150.txt -i 9 6.536420 1.383890
../../problems/mclp/benchs/class1/200.txt -i 2 4.577120 0.596425
../../problems/mclp/benchs/class1/200.txt -i 5 4.685890 0.982281
../../problems/mclp/benchs/class1/200.txt -i 7 9.453030 5.845580
../../problems/mclp/benchs/class1/200.txt -i 8 3.147400 2.282410
../../problems/mclp/benchs/class2/50.txt -i 3 0.250817 0.081348
../../problems/mclp/benchs/class2/50.txt -i 7 4.806040 0.048453
../../problems/mclp/benchs/class2/100.txt -i 1 0.564109 0.161732
../../problems/mclp/benchs/class2/100.txt -i 2 5.503850 0.376252
../../problems/mclp/benchs/class2/100.txt -i 3 2.707970 0.421163
../../problems/mclp/benchs/class2/100.txt -i 4 5.226520 0.898635
../../problems/mclp/benchs/class2/100.txt -i 5 0.309254 0.104347
../../problems/mclp/benchs/class2/100.txt -i 9 5.106960 0.051158
../../problems/mclp/benchs/class2/150.txt -i 1 1.304940 0.380796
../../problems/mclp/benchs/class2/150.txt -i 2 1.118330 0.383469
../../problems/mclp/benchs/class2/150.txt -i 6 7.170080 1.229310
../../problems/mclp/benchs/class2/150.txt -i 9 5.096330 1.585050
../../problems/mclp/benchs/class2/200.txt -i 3 1.117490 0.463651
../../problems/mclp/benchs/class2/200.txt -i 4 2.297030 0.648417
../../problems/mclp/benchs/class2/200.txt -i 5 3.713670 1.019580
../../problems/mclp/benchs/class2/200.txt -i 7 10.366200 0.975005
../../problems/mclp/benchs/class2/200.txt -i 8 9.437310 3.249080
../../problems/mclp/benchs/class2/200.txt -i 9 8.592400 1.982370
../../problems/mclp/benchs/class3/50.txt -i 4 0.397371 0.061200
../../problems/mclp/benchs/class3/50.txt -i 5 1.398590 0.096597
../../problems/mclp/benchs/class3/50.txt -i 6 0.341422 0.205821
../../problems/mclp/benchs/class3/50.txt -i 7 0.479548 0.263282
../../problems/mclp/benchs/class3/50.txt -i 9 3.680090 0.292462
../../problems/mclp/benchs/class3/100.txt -i 5 8.631040 0.519834
../../problems/mclp/benchs/class3/100.txt -i 7 0.601014 0.142518
../../problems/mclp/benchs/class3/100.txt -i 8 3.513290 0.322377
../../problems/mclp/benchs/class3/150.txt -i 0 10.046600 0.405340
../../problems/mclp/benchs/class3/150.txt -i 1 8.276190 1.460580
../../problems/mclp/benchs/class3/150.txt -i 4 5.688980 2.388180
../../problems/mclp/benchs/class3/150.txt -i 5 5.416940 1.466560
../../problems/mclp/benchs/class3/150.txt -i 6 2.060460 1.138210
../../problems/mclp/benchs/class3/200.txt -i 0 2.134220 1.500480
../../problems/mclp/benchs/class3/200.txt -i 3 8.338170 1.144950
../../problems/mclp/benchs/class3/200.txt -i 6 2.476060 2.013820
../../problems/mclp/benchs/class3/200.txt -i 7 3.164100 0.974283
../../problems/mclp/benchs/class4/50.txt -i 5 0.113095 0.005559
../../problems/mclp/benchs/class4/50.txt -i 7 0.001798 0.001164
../../problems/mclp/benchs/class4/50.txt -i 8 0.001056 0.000821
../../problems/mclp/benchs/class4/100.txt -i 0 0.011979 0.003842
../../problems/mclp/benchs/class4/100.txt -i 2 0.020901 0.002026
../../problems/mclp/benchs/class4/100.txt -i 7 0.002824 0.002029
../../problems/mclp/benchs/class4/100.txt -i 9 0.193197 0.150523
../../problems/mclp/benchs/class4/150.txt -i 0 0.203073 0.004411
../../problems/mclp/benchs/class4/150.txt -i 3 0.008510 0.004067
../../problems/mclp/benchs/class4/150.txt -i 5 0.894363 0.004269
../../problems/mclp/benchs/class4/200.txt -i 3 0.282347 0.006461
../../problems/mclp/benchs/class4/200.txt -i 4 0.593870 0.016316
../../problems/mclp/benchs/class5/50.txt -i 0 0.236087 0.074551
../../problems/mclp/benchs/class5/50.txt -i 2 0.758696 0.379548
../../problems/mclp/benchs/class5/100.txt -i 4 1.029050 0.208600
../../problems/mclp/benchs/class5/100.txt -i 6 0.408849 0.191054
../../problems/mclp/benchs/class5/100.txt -i 8 3.530320 0.283833
../../problems/mclp/benchs/class5/100.txt -i 9 0.495794 0.368071
../../problems/mclp/benchs/class5/150.txt -i 2 5.899400 0.452375
../../problems/mclp/benchs/class5/150.txt -i 3 0.674607 0.225164
../../problems/mclp/benchs/class5/150.txt -i 4 9.263380 0.269061
../../problems/mclp/benchs/class5/150.txt -i 8 1.461580 0.498496
../../problems/mclp/benchs/class5/150.txt -i 9 2.236120 0.688953
../../problems/mclp/benchs/class5/200.txt -i 0 10.301600 4.078190
../../problems/mclp/benchs/class5/200.txt -i 4 1.013330 0.563813
../../problems/mclp/benchs/class5/200.txt -i 7 1.977620 0.953320
../../problems/mclp/benchs/class6/50.txt -i 1 0.164244 0.069430
../../problems/mclp/benchs/class6/50.txt -i 2 0.005933 0.004191
../../problems/mclp/benchs/class6/50.txt -i 4 0.106029 0.055291
../../problems/mclp/benchs/class6/50.txt -i 7 0.115133 0.006516
../../problems/mclp/benchs/class6/100.txt -i 1 3.037190 0.978771
../../problems/mclp/benchs/class6/100.txt -i 2 0.241084 0.064206
../../problems/mclp/benchs/class6/100.txt -i 6 0.931136 0.184246
../../problems/mclp/benchs/class6/100.txt -i 7 0.900704 0.400828
../../problems/mclp/benchs/class6/150.txt -i 0 2.977420 0.353344
../../problems/mclp/benchs/class6/150.txt -i 2 7.516100 0.500601
../../problems/mclp/benchs/class6/150.txt -i 3 4.257170 0.533752
../../problems/mclp/benchs/class6/150.txt -i 5 1.049800 0.289632
../../problems/mclp/benchs/class6/150.txt -i 6 1.083700 0.456760
../../problems/mclp/benchs/class6/150.txt -i 7 0.911299 0.464963
../../problems/mclp/benchs/class6/150.txt -i 8 0.888687 0.518474
../../problems/mclp/benchs/class6/200.txt -i 1 4.037930 0.433183
../../problems/mclp/benchs/class6/200.txt -i 2 1.011680 0.005573
../../problems/mclp/benchs/class6/200.txt -i 3 2.822110 1.464700
../../problems/mclp/benchs/class6/200.txt -i 6 1.670400 0.748301
../../problems/mclp/benchs/class7/50.txt -i 0 0.275524 0.089698
../../problems/mclp/benchs/class7/50.txt -i 2 0.134996 0.091025
../../problems/mclp/benchs/class7/50.txt -i 3 0.210062 0.059320
../../problems/mclp/benchs/class7/50.txt -i 7 0.393867 0.072299
../../problems/mclp/benchs/class7/100.txt -i 5 0.531446 0.120719
../../problems/mclp/benchs/class7/100.txt -i 6 0.633802 0.099675
../../problems/mclp/benchs/class7/100.txt -i 7 1.037150 0.294971
../../problems/mclp/benchs/class7/100.txt -i 8 0.392342 0.189605
../../problems/mclp/benchs/class7/150.txt -i 2 7.200210 2.173480
../../problems/mclp/benchs/class7/150.txt -i 4 2.335570 0.917768
../../problems/mclp/benchs/class7/150.txt -i 5 5.955610 0.768043
../../problems/mclp/benchs/class7/150.txt -i 6 2.447340 0.434308
../../problems/mclp/benchs/class7/150.txt -i 7 2.203290 0.500800
../../problems/mclp/benchs/class7/150.txt -i 8 1.641880 0.088401
../../problems/mclp/benchs/class7/200.txt -i 1 1.992450 0.345032
../../problems/mclp/benchs/class7/200.txt -i 2 7.361040 4.205790
../../problems/mclp/benchs/class7/200.txt -i 3 5.632600 2.995490
../../problems/mclp/benchs/class7/200.txt -i 4 3.467340 0.559712
../../problems/mclp/benchs/class7/200.txt -i 5 3.977500 0.206557
../../problems/mclp/benchs/class7/200.txt -i 6 1.685170 0.887238
../../problems/mclp/benchs/class7/200.txt -i 8 1.095530 0.676979
../../problems/mclp/benchs/class8/50.txt -i 0 0.001329 0.000692
../../problems/mclp/benchs/class8/50.txt -i 1 0.273853 0.063885
../../problems/mclp/benchs/class8/50.txt -i 2 3.146310 0.122204
../../problems/mclp/benchs/class8/50.txt -i 3 0.376875 0.112028
../../problems/mclp/benchs/class8/100.txt -i 5 0.175359 0.113569
../../problems/mclp/benchs/class8/100.txt -i 6 1.066390 0.811240
../../problems/mclp/benchs/class8/100.txt -i 7 2.630960 0.137484
../../problems/mclp/benchs/class8/100.txt -i 8 0.406607 0.116598
../../problems/mclp/benchs/class8/150.txt -i 2 3.897200 3.163750
../../problems/mclp/benchs/class8/150.txt -i 3 9.937450 4.475770
../../problems/mclp/benchs/class8/150.txt -i 6 1.010050 0.641526
../../problems/mclp/benchs/class8/150.txt -i 9 0.705406 0.140688
../../problems/mclp/benchs/class8/200.txt -i 0 3.705270 1.351650
../../problems/mclp/benchs/class8/200.txt -i 6 1.815270 1.231040
../../problems/mclp/benchs/class8/200.txt -i 7 3.855860 0.997175
../../problems/mclp/benchs/class8/200.txt -i 9 4.644050 2.423690
