0.9627 1 0.9627 4
0.9843 0.7808 0.7675 9
0.9583 0.9259 0.8873 2
0.9712 0.8692 0.8441 5
0.9667 1 0.966 11
0.9698 1 0.9696 10
0.9832 0.8115 0.7971 8
0.842 1 0.842 7
0.9394 1 0.9394 2
0.9618 0.8671 0.8339 5
0.9269 1 0.9269 2
0.9616 0.8976 0.8629 11
0.9846 0.9874 0.9716 10
0.9107 1 0.9107 5
0.9752 0.9207 0.8978 6
0.9778 0.7923 0.7747 2
0.9849 0.6002 0.5909 15
0.9604 1 0.9589 8
0.6315 1 0.6315 3
0.9618 1 0.9618 4
0.9732 0.9751 0.9488 6
0.9785 0.9635 0.9425 7
0.9162 1 0.9162 1
0.9018 1 0.9018 3
0.9753 1 0.9752 7
0.9773 1 0.9773 6
0.9801 0.899 0.881 11
0.9844 1 0.9843 13
0.9741 1 0.9741 5
0.9743 1 0.9743 7
0.9704 1 0.9698 11
0.9738 1 0.9737 8
0.9755 1 0.9755 9
0.8993 1 0.8993 2
0.9777 1 0.9777 8
0.9787 0.9133 0.8933 11
0.9843 1 0.9824 16
0.9728 0.9869 0.96 4
0.9798 1 0.9791 11
0.9804 1 0.9801 14
0.9794 0.8528 0.8344 18
0.9845 1 0.9833 16
0.9814 1 0.9811 13
0.971 1 0.971 7
0.9766 1 0.9766 7
0.983 1 0.9827 17
0.9858 1 0.9852 15
0.9838 1 0.9838 4
0.9831 1 0.9815 13
0.9829 1 0.9829 5
0.9803 1 0.9802 15
0.9793 1 0.9793 3
0.9782 1 0.9781 18
0.9578 1 0.9578 3
0.9778 1 0.9778 7
0.9754 1 0.9754 7
0.9707 1 0.9707 6
0.978 0.9028 0.8821 15
0.9898 0.9124 0.9023 9
0.9833 1 0.9833 10
0.9789 1 0.9789 8
0.9787 1 0.9787 5
0.9774 1 0.9774 10
0.9845 1 0.9844 7
0.9781 1 0.978 9
0.978 1 0.9775 10
0.9855 1 0.9853 8
0.9758 1 0.9758 3
0.9808 0.9999 0.9793 19
0.9776 1 0.9776 13
0.98 1 0.98 12
0.9786 1 0.9782 11
0.9875 1 0.9875 13
0.9778 1 0.9775 21
0.983 1 0.983 7
0.9822 1 0.9821 11
0.9802 1 0.9791 14
0.9704 1 0.9704 9
0.9863 1 0.9849 15
0.9805 0.9774 0.9581 12
0.9842 1 0.9842 8
0.9846 1 0.9845 10
0.9796 1 0.9795 9
0.9817 1 0.9817 12
0.9809 1 0.9809 4
0.9798 1 0.9797 6
0.9842 1 0.9841 10
0.9742 1 0.9742 6
0.9804 1 0.9803 17
0.9826 1 0.9822 23
0.9824 1 0.9823 11
0.9801 1 0.9801 5
0.9845 1 0.9844 13
0.9814 1 0.9814 4
0.9786 1 0.9786 6
0.9774 1 0.9774 5
0.9797 1 0.9797 6
0.9702 1 0.9702 4
0.9862 1 0.9856 14
0.9861 1 0.9861 9
0.9839 1 0.9839 10
0.9855 1 0.9855 7
0.9813 1 0.9813 6
0.9776 1 0.9776 2
0.9901 1 0.99 13
0.9731 1 0.9731 6
0.9852 1 0.985 14
0.9747 1 0.9747 6
0.9799 1 0.9799 4
0.9814 1 0.981 14
0.9807 1 0.9807 5
0.9828 1 0.9827 13
0.9869 1 0.9869 6
0.9843 1 0.9841 12
0.9871 1 0.9871 6
0.9789 1 0.9788 16
0.9814 0.9275 0.9095 16
0.9634 1 0.9634 4
0.9864 1 0.9862 16
0.9829 1 0.9829 12
0.9788 1 0.9788 4
0.9594 1 0.9594 2
0.9785 1 0.9785 4
0.9864 1 0.9864 6
0.9837 1 0.9837 8
0.9796 1 0.9796 8
0.9824 1 0.9823 7
0.9772 1 0.9771 9
0.9828 1 0.9828 4
0.9818 1 0.9818 4
0.9789 1 0.9788 8
0.9868 1 0.9867 13
0.986 1 0.986 12
0.9767 1 0.9767 4
0.9839 1 0.9837 11
0.9808 1 0.9808 3
0.9845 1 0.9845 11
0.9743 1 0.9743 15
0.9825 1 0.9824 7
0.983 1 0.9825 11
0.9719 1 0.9719 9
0.9741 1 0.9732 21
0.9712 1 0.9712 7
0.972 1 0.9719 11
0.9754 1 0.975 25
0.9729 1 0.9729 6
0.9748 1 0.9748 12
0.9693 1 0.9693 2
0.9678 1 0.9678 9
0.9816 1 0.9811 20
0.969 1 0.969 5
0.9778 1 0.9775 19
0.9754 1 0.9753 7
0.9744 1 0.9744 4
0.9792 1 0.979 15
0.9696 1 0.9696 3
0.9738 1 0.9737 10
0.9784 1 0.9783 9
0.9807 1 0.9807 2
0.9755 1 0.9755 4
0.9762 1 0.9762 5
0.9744 1 0.9744 5
0.9695 1 0.9695 2
0.9672 1 0.9672 3
0.9724 1 0.9724 6
0.9757 1 0.9757 8
0.9736 1 0.9733 13
0.968 1 0.968 3
0.9675 1 0.9675 5
0.9713 1 0.971 8
0.9762 1 0.9757 18
0.9722 1 0.9722 3
0.9718 1 0.9715 17
0.979 1 0.979 6
0.9674 1 0.9674 10
0.9734 1 0.9734 5
0.975 1 0.975 7
0.9752 1 0.9752 6
0.9749 1 0.9749 4
0.9732 1 0.9732 3
0.9765 1 0.9759 9
0.978 1 0.9777 7
0.9718 1 0.9718 7
0.9749 1 0.9738 21
0.9728 1 0.9728 2
0.9696 1 0.9695 17
0.9738 1 0.9737 8
0.9745 1 0.9745 6
0.9692 1 0.9692 8
0.9776 1 0.9773 12
0.971 1 0.971 5
0.9753 1 0.9753 8
0.974 1 0.974 10
0.9735 1 0.9731 16
0.9764 1 0.9759 8
0.9766 1 0.976 21
0.9763 1 0.9762 9
0.9746 1 0.9744 7
0.973 1 0.973 2
0.9746 1 0.9745 9
0.9682 1 0.9682 4
0.9701 1 0.9701 8
0.9678 1 0.9675 13
0.9718 1 0.9717 4
0.976 1 0.9757 11
0.9735 1 0.9731 19
0.9744 1 0.9742 15
0.9728 1 0.9727 7
0.9695 1 0.9695 5
0.9715 1 0.9715 7
0.9732 1 0.9732 8
0.9701 1 0.9701 3
0.9655 1 0.9654 6
0.9614 1 0.9614 4
0.9714 1 0.9712 11
0.9704 1 0.9703 14
0.9715 1 0.9713 11
0.9756 1 0.9756 10
0.9702 1 0.9702 3
0.9746 1 0.9746 6
0.9668 1 0.9668 8
0.9716 1 0.9716 6
0.9749 1 0.9748 16
0.9682 1 0.968 11
0.9721 1 0.9721 4
0.9664 1 0.9664 2
0.9696 1 0.9696 3
0.9682 1 0.9682 5
0.9698 1 0.9698 8
0.9681 1 0.9681 5
0.9746 1 0.9742 13
0.9728 1 0.9728 8
0.9678 1 0.9678 5
0.9726 1 0.9725 9
0.9708 1 0.9707 8
0.9742 1 0.9741 10
0.9692 1 0.9688 13
0.971 1 0.9709 11
0.9728 1 0.9727 12
0.9742 1 0.9742 6
0.9663 1 0.9663 5
0.9735 1 0.973 18
0.967 1 0.9669 10
0.9706 1 0.9705 16
0.9718 1 0.9718 6
0.9655 1 0.9652 7
0.968 1 0.968 5
0.9732 1 0.9728 8
0.9679 1 0.9678 4
0.9715 1 0.9715 6
0.9756 1 0.9756 6
0.9713 1 0.9713 9
0.9718 1 0.9717 8
0.9695 1 0.9695 3
0.9739 1 0.9739 2
0.9706 1 0.9705 13
0.9745 1 0.9744 14
0.9694 1 0.9693 14
0.9748 1 0.9748 3
0.9673 1 0.9671 10
0.961 1 0.961 4
0.9627 1 0.9627 5
0.9732 1 0.9731 14
0.9655 1 0.9655 5
0.9707 1 0.9707 5
0.9688 1 0.9688 4
0.9682 1 0.9682 5
0.9649 1 0.9646 11
0.9695 1 0.9695 4
0.974 1 0.9731 23
0.9674 1 0.9673 9
0.9687 1 0.9687 9
0.9713 1 0.9712 6
0.9738 1 0.9725 16
0.9717 1 0.9717 3
0.9689 1 0.9689 5
0.9623 1 0.9623 2
0.9656 1 0.9656 7
0.9717 1 0.9717 5
0.9699 1 0.9699 2
0.9754 1 0.9754 4
0.9658 1 0.9655 12
0.9688 1 0.9674 16
0.9724 1 0.9724 11
0.9683 1 0.9682 9
0.9643 1 0.9643 4
0.9623 1 0.9623 4
0.9602 1 0.9601 6
0.9702 1 0.9699 15
0.9752 1 0.9752 5
0.9653 1 0.9653 12
0.9672 1 0.9672 3
0.9659 1 0.9659 10
0.9746 1 0.9746 14
0.9692 1 0.9689 11
0.9688 1 0.9688 10
0.9656 1 0.9656 4
0.9711 1 0.971 7
0.969 1 0.9689 8
0.9694 1 0.9694 9
0.9627 0.8742 0.84 9
0.9813 1 0.9803 23
0.7535 1 0.7535 6
0.9712 0.9639 0.9361 3
0.9666 0.7971 0.7705 1
0.9651 1 0.9651 9
0.9335 1 0.9335 2
0.9882 1 0.9881 10
0.9481 0.7228 0.6846 18
0.9572 1 0.9571 6
0.9509 0.8353 0.7939 6
0.9622 1 0.9621 5
0.9857 0.7133 0.7028 8
0.9775 0.9481 0.9262 9
0.7931 1 0.7931 2
0.9778 1 0.9772 7
0.8075 1 0.8075 2
0.9604 0.5825 0.5579 4
0.8022 1 0.8022 8
0.9687 0.7471 0.7111 20
0.9394 1 0.9394 4
0.9779 1 0.9777 12
0.9709 0.9408 0.9117 16
0.9892 1 0.9888 13
0.966 1 0.966 7
0.9841 0.7813 0.7684 14
0.9847 1 0.9845 7
0.9257 1 0.9257 4
0.9739 1 0.9739 4
0.8496 1 0.8496 5
0.9677 0.7435 0.7188 11
0.9667 1 0.9667 4
0.9825 1 0.9794 22
0.967 1 0.9658 20
0.8826 1 0.8826 5
0.9765 0.9746 0.9514 4
0.9237 1 0.9237 5
0.9701 1 0.9694 9
0.9798 1 0.9796 8
0.9791 0.9902 0.9622 24
0.9679 1 0.9679 5
0.9797 1 0.9792 18
0.9724 1 0.9724 4
0.9871 0.7825 0.7718 16
0.9755 1 0.9751 10
0.9779 1 0.9779 5
0.9807 1 0.9807 3
0.9831 0.9309 0.9128 25
0.9603 1 0.9603 2
0.9785 1 0.9785 9
0.9803 1 0.9802 9
0.9783 1 0.9783 6
0.9841 1 0.9841 12
0.9807 1 0.9804 15
0.9816 1 0.9816 7
0.9862 1 0.9835 20
0.9663 1 0.9663 5
0.9703 1 0.9694 18
0.9863 0.9233 0.9105 18
0.9819 1 0.9817 11
0.9835 0.9995 0.9815 15
0.9827 1 0.9826 11
0.9818 1 0.9817 6
0.9836 1 0.9835 8
0.9789 1 0.9789 5
0.9785 1 0.9785 5
0.9728 1 0.9728 4
0.9773 1 0.9772 8
0.9777 1 0.9772 16
0.9805 1 0.9789 15
0.9791 1 0.9791 10
0.9787 0.8199 0.8016 14
0.9905 1 0.9905 5
0.9721 1 0.972 11
0.9837 1 0.9837 8
0.9759 1 0.9759 3
0.9739 1 0.9739 10
0.9282 1 0.9282 4
0.9896 1 0.9876 27
0.9812 1 0.9808 14
0.975 1 0.9749 12
0.9806 1 0.9806 6
0.9773 1 0.9772 17
0.9867 1 0.9844 23
0.9826 1 0.9826 7
0.9821 1 0.9821 3
0.9787 1 0.9787 8
0.9808 1 0.9807 10
0.9822 1 0.9819 8
0.9836 1 0.9827 21
0.9822 1 0.9822 7
0.9744 1 0.9743 7
0.9844 1 0.9842 10
0.9874 1 0.9864 15
0.9891 1 0.9882 25
0.9807 1 0.9805 7
0.9823 1 0.9821 16
0.9756 1 0.9754 10
0.9862 1 0.9851 20
0.978 1 0.978 5
0.9777 1 0.9776 11
0.987 1 0.9864 14
0.9789 1 0.9789 2
0.9852 1 0.9851 9
0.9877 1 0.9873 12
0.9822 1 0.9821 7
0.9763 1 0.9763 7
0.9805 1 0.9805 3
0.979 1 0.9789 6
0.9773 1 0.9773 5
0.9826 0.8486 0.8327 24
0.984 1 0.9839 5
0.9853 1 0.9853 8
0.9732 1 0.9732 3
0.9863 1 0.9862 8
0.9792 1 0.9792 8
0.9812 1 0.9812 2
0.976 1 0.976 6
0.9856 1 0.9854 14
0.9837 1 0.9837 8
0.9847 1 0.9847 6
0.9835 1 0.9821 10
0.9776 1 0.9776 10
0.9855 1 0.9854 12
0.9817 1 0.9816 8
0.9759 1 0.9759 11
0.9806 1 0.9806 6
0.981 1 0.981 6
0.9836 1 0.9822 23
0.9796 1 0.9796 3
0.979 1 0.9789 16
0.9839 1 0.9839 7
0.9751 1 0.9751 5
0.9837 1 0.9835 8
0.9851 1 0.9851 4
0.9764 1 0.9764 6
0.9784 1 0.9783 9
0.9763 1 0.9763 6
0.9816 1 0.9816 8
0.9817 1 0.9817 5
0.9797 1 0.9797 3
0.9734 1 0.9721 9
0.9702 1 0.9702 7
0.9713 1 0.9713 6
0.9763 1 0.9763 6
0.9725 1 0.9724 10
0.973 1 0.973 5
0.96 1 0.96 6
0.9674 1 0.9674 6
0.9755 1 0.9755 5
0.9698 1 0.9697 17
0.9742 1 0.9736 18
0.9741 1 0.9741 7
0.9715 1 0.9714 7
0.9721 1 0.972 8
0.9645 1 0.9645 8
0.9566 1 0.9566 2
0.9751 1 0.9751 9
0.9581 1 0.9581 5
0.9623 1 0.9623 4
0.8704 1 0.8704 2
0.9727 1 0.9727 4
0.9727 1 0.9724 14
0.9778 1 0.9778 4
0.9752 1 0.9752 11
0.9771 1 0.977 8
0.9761 1 0.976 10
0.9677 1 0.9677 3
0.9691 1 0.9691 5
0.9711 1 0.9708 21
0.9746 1 0.9745 12
0.9717 1 0.9716 12
0.9598 1 0.9598 6
0.9748 1 0.9748 4
0.9701 1 0.9697 18
0.9716 1 0.9715 18
0.9739 1 0.9739 14
0.9749 1 0.9748 10
0.9787 1 0.9785 17
0.9674 1 0.9674 6
0.9731 1 0.9731 9
0.9732 1 0.9731 15
0.9515 1 0.9515 6
0.9751 1 0.975 16
0.9739 1 0.9739 2
0.9705 1 0.9701 19
0.9777 1 0.9776 8
0.9736 1 0.9736 7
0.9727 1 0.9721 12
0.9441 1 0.9441 4
0.9702 1 0.9702 8
0.9762 1 0.9762 5
0.9732 1 0.9732 3
0.9686 1 0.9686 5
0.9775 1 0.9774 5
0.9734 1 0.9734 6
0.9739 1 0.9739 8
0.9676 1 0.9676 8
0.9754 1 0.9744 15
0.9766 1 0.9766 6
0.974 1 0.974 9
0.9684 1 0.9684 7
0.9492 1 0.9492 6
0.9713 1 0.9708 17
0.9624 1 0.9624 4
0.9685 1 0.9671 17
0.9752 1 0.9752 8
0.9696 1 0.9696 3
0.9657 1 0.9657 8
0.9759 1 0.9759 2
0.9603 1 0.9603 4
0.9755 1 0.9751 13
0.97 1 0.9693 19
0.9655 1 0.9655 6
0.9705 1 0.9695 17
0.9756 1 0.9755 9
0.9633 1 0.9633 3
0.9777 1 0.9777 6
0.9715 1 0.9713 10
0.9688 1 0.9688 5
0.9674 1 0.9674 10
0.9681 1 0.968 10
0.9692 1 0.9692 8
0.9739 1 0.9739 6
0.9654 1 0.9653 20
0.9664 1 0.9664 5
0.9656 1 0.9655 8
0.9671 1 0.967 12
0.9548 1 0.9548 4
0.972 1 0.971 10
0.971 1 0.9708 16
0.9745 1 0.9742 13
0.9663 1 0.9663 9
0.9695 1 0.9695 7
0.9715 1 0.9713 10
0.9702 1 0.9702 11
0.9702 1 0.9702 4
0.9707 1 0.9707 1
0.9662 1 0.9662 4
0.9644 1 0.9644 5
0.9687 1 0.9686 10
0.9703 1 0.9703 5
0.9713 1 0.97 11
0.9686 1 0.9686 5
0.9638 1 0.9637 9
0.9717 1 0.9717 9
0.97 1 0.97 3
0.9692 1 0.9692 5
0.9677 1 0.9677 5
0.9705 1 0.9705 4
0.9721 1 0.9721 4
0.9759 1 0.9754 14
0.9787 1 0.9784 12
0.9687 1 0.9687 7
0.9715 1 0.9715 4
0.9604 1 0.9604 12
0.9673 1 0.9673 4
0.9715 1 0.9713 7
0.9756 1 0.9756 3
0.9699 1 0.9699 3
0.9681 1 0.9681 3
0.964 1 0.964 10
0.9536 1 0.9536 5
0.9702 1 0.97 14
0.9662 1 0.966 14
0.9654 1 0.9653 10
0.9684 1 0.9684 9
0.9711 1 0.9697 17
0.9696 1 0.9695 11
0.9487 1 0.9487 2
0.9633 1 0.9633 2
0.9647 1 0.9647 8
0.9723 1 0.972 14
0.9665 1 0.9665 4
0.9681 1 0.9681 5
0.9704 1 0.9704 5
0.9516 1 0.9516 7
0.97 1 0.9693 17
0.9712 1 0.9712 2
0.9725 1 0.9725 6
0.97 1 0.9695 13
0.9629 1 0.9624 8
0.9736 1 0.9735 15
0.9722 1 0.9722 11
0.9663 1 0.9663 9
0.9693 1 0.9693 5
0.9639 1 0.9639 8
0.9632 1 0.9632 5
0.9691 1 0.9684 20
0.9715 1 0.9715 2
0.9701 1 0.97 9
0.961 1 0.961 7
0.9663 1 0.9661 12
0.9697 1 0.9697 11
0.9687 1 0.9687 10
0.966 1 0.9659 10
0.968 1 0.968 5
0.9417 1 0.9417 5
0.975 1 0.9735 19
0.9651 1 0.9647 12
0.9627 0.9469 0.9091 15
0.6359 1 0.6359 9
0.9543 1 0.9542 6
0.9753 0.4855 0.4735 4
0.956 1 0.956 8
0.9666 1 0.9666 2
0.934 1 0.934 3
0.9882 0.8548 0.843 47
0.7666 1 0.7666 6
0.9603 0.6663 0.6393 14
0.9456 1 0.9456 5
0.9616 1 0.9615 5
0.9752 1 0.9752 7
0.9278 1 0.9278 3
0.8264 1 0.8264 3
0.9731 1 0.971 20
0.9801 1 0.9801 5
0.9434 1 0.9432 6
0.648 0.9999 0.6479 5
0.8248 1 0.8248 2
0.9707 1 0.9706 4
0.9778 0.8459 0.8266 16
0.9724 1 0.972 14
0.9892 1 0.9875 19
0.964 1 0.9639 7
0.9799 1 0.9798 12
0.9299 1 0.9299 6
0.9841 1 0.9839 14
0.9807 1 0.9804 17
0.6563 1 0.6563 5
0.9702 0.7876 0.7632 10
0.9725 1 0.9724 7
0.9783 1 0.9777 7
0.972 1 0.972 4
0.9782 1 0.9782 9
0.8438 1 0.8438 5
0.9656 1 0.9656 4
0.972 0.8615 0.8371 4
0.979 1 0.979 5
0.9804 0.9866 0.9664 22
0.9794 0.9605 0.9402 18
0.8874 1 0.8874 2
0.9692 1 0.9691 6
0.9853 1 0.9852 5
0.98 1 0.9799 10
0.9823 1 0.9822 13
0.9854 0.9996 0.984 30
0.9839 1 0.9839 5
0.9797 1 0.9794 7
0.9814 1 0.9809 12
0.9827 1 0.9826 7
0.9772 1 0.9772 4
0.9863 1 0.9863 8
0.976 1 0.976 3
0.9779 1 0.9777 10
0.974 1 0.974 5
0.9765 1 0.9759 8
0.9739 0.928 0.9022 8
0.9795 1 0.9795 4
0.9806 1 0.9805 14
0.9827 1 0.9827 3
0.9827 1 0.9826 12
0.905 1 0.905 2
0.9851 1 0.9851 5
0.9807 1 0.9802 15
0.9806 1 0.9802 12
0.982 1 0.9818 8
0.9762 1 0.9762 8
0.9776 1 0.9776 7
0.9808 1 0.9802 16
0.9836 1 0.9832 21
0.975 1 0.9749 11
0.9599 1 0.9599 3
0.9663 1 0.9663 3
0.9849 1 0.9829 23
0.9785 1 0.9784 7
0.9589 1 0.9588 9
0.9723 1 0.971 10
0.9882 1 0.9882 9
0.9849 1 0.9848 12
0.9821 0.8947 0.8782 11
0.9082 1 0.9082 4
0.9777 1 0.9772 6
0.9876 1 0.9876 6
0.917 1 0.917 4
0.9788 1 0.9787 10
0.9768 1 0.9767 7
0.9685 1 0.9685 5
0.9797 1 0.9797 5
0.9811 1 0.9809 8
0.9826 1 0.9822 11
0.9807 1 0.9807 8
0.9871 1 0.9869 15
0.9749 1 0.9749 3
0.9874 1 0.9873 8
0.9828 1 0.9827 7
0.9805 1 0.9805 6
0.9732 1 0.9725 9
0.9864 1 0.9859 8
0.9838 1 0.9837 8
0.9807 1 0.9807 14
0.9795 1 0.9795 10
0.9801 1 0.9801 5
0.9856 1 0.9856 4
0.9878 1 0.9875 15
0.9814 1 0.9812 15
0.9834 1 0.9832 11
0.9792 1 0.979 16
0.9784 1 0.9784 6
0.9656 1 0.9656 3
0.979 1 0.979 2
0.9817 1 0.9815 8
0.9879 1 0.9877 15
0.9562 1 0.9562 2
0.9828 1 0.9828 6
0.9807 1 0.9807 11
0.9872 1 0.9869 11
0.9705 1 0.9704 11
0.9824 1 0.9821 20
0.984 1 0.9835 5
0.9773 1 0.9769 6
0.9818 1 0.9815 11
0.9802 1 0.9802 4
0.9811 1 0.9811 7
0.9744 1 0.9744 7
0.9765 1 0.9764 4
0.9804 1 0.9798 19
0.967 1 0.967 3
0.9679 1 0.9679 5
0.9835 1 0.9831 33
0.9785 1 0.9785 4
0.9789 1 0.9789 5
0.9837 1 0.9837 2
0.9829 1 0.9823 12
0.9793 1 0.9793 2
0.981 1 0.9809 6
0.9791 1 0.9787 16
0.9756 1 0.9756 3
0.9809 1 0.9809 6
0.9754 1 0.9754 4
0.9737 1 0.9737 7
0.9742 1 0.9742 4
0.9652 1 0.9651 10
0.9717 1 0.9717 9
0.9718 1 0.9717 7
0.9713 1 0.9712 12
0.9728 1 0.9728 9
0.9738 1 0.9738 5
0.9658 1 0.9651 15
0.8357 1 0.8357 5
0.9771 1 0.9769 11
0.9722 1 0.9718 18
0.9673 1 0.9672 7
0.969 1 0.969 5
0.9663 1 0.9663 3
0.967 1 0.967 6
0.9783 1 0.9782 9
0.9788 1 0.9787 9
0.9763 1 0.9763 9
0.9695 1 0.9695 4
0.978 1 0.9778 8
0.9699 1 0.9699 7
0.9757 1 0.9735 25
0.9734 1 0.9733 6
0.9756 1 0.9756 8
0.9689 1 0.9688 5
0.9479 1 0.9479 3
0.9681 1 0.9681 7
0.9706 1 0.9706 6
0.9691 1 0.9691 7
0.8576 1 0.8576 3
0.9702 1 0.9702 7
0.97 1 0.9699 18
0.9115 1 0.9115 4
0.9558 1 0.9558 4
0.9683 1 0.9683 7
0.9699 1 0.9698 7
0.9776 1 0.9774 12
0.9521 1 0.952 9
0.9725 1 0.9724 14
0.9727 1 0.9725 10
0.9685 1 0.9684 8
0.9517 1 0.9517 11
0.969 1 0.969 3
0.9758 1 0.9758 4
0.963 1 0.963 3
0.9429 1 0.9429 3
0.9752 1 0.9746 11
0.9723 1 0.9719 13
0.9664 1 0.9664 6
0.964 1 0.964 5
0.9698 1 0.9697 11
0.9629 1 0.9628 13
0.9557 1 0.9557 5
0.9476 1 0.9476 6
0.9773 1 0.9773 7
0.9736 1 0.9735 12
0.9691 1 0.9691 4
0.9755 1 0.9754 6
0.9742 1 0.9742 12
0.958 1 0.958 4
0.9413 1 0.9413 6
0.9714 1 0.9713 11
0.9626 1 0.9626 6
0.9641 1 0.964 5
0.9642 1 0.9642 9
0.9753 1 0.9753 7
0.968 1 0.968 4
0.9655 1 0.9655 3
0.9674 1 0.9674 5
0.9692 1 0.9692 3
0.97 1 0.97 5
0.9637 1 0.9637 5
0.9688 1 0.9688 6
0.9753 1 0.9753 9
0.9629 1 0.9629 7
0.9689 1 0.9689 5
0.9782 1 0.9781 11
0.9735 1 0.9735 11
0.9269 1 0.9269 2
0.9527 1 0.9527 5
0.9665 1 0.9665 4
0.9695 1 0.9695 14
0.974 1 0.974 12
0.965 1 0.965 10
0.9703 1 0.9702 12
0.9627 1 0.9627 11
0.9644 1 0.9644 9
0.9708 1 0.9708 5
0.9702 1 0.9702 5
0.9691 1 0.969 11
0.9712 1 0.9704 12
0.9611 1 0.9611 8
0.9712 1 0.9712 7
0.9682 1 0.9682 8
0.9707 1 0.9706 10
0.9617 1 0.9617 7
0.9644 1 0.9644 3
0.942 1 0.942 11
0.9708 1 0.9708 3
0.9688 1 0.9688 5
0.9666 1 0.9665 11
0.9704 1 0.9701 10
0.9733 1 0.9732 13
0.962 1 0.962 5
0.9669 1 0.9668 2
0.9709 1 0.9709 9
0.9718 1 0.9717 11
0.9657 1 0.9655 13
0.9763 1 0.9762 12
0.9762 1 0.976 8
0.9746 1 0.9746 5
0.9633 1 0.9633 1
0.9658 1 0.9658 6
0.9728 1 0.9727 9
0.9587 1 0.9587 4
0.9479 1 0.9479 5
0.9667 1 0.9667 4
0.9595 1 0.9595 5
0.9587 1 0.9586 7
0.9611 1 0.9611 4
0.9656 1 0.9656 6
0.9521 1 0.9521 4
0.9738 1 0.9738 7
0.8991 1 0.8991 1
0.9603 1 0.9603 4
0.9682 1 0.9681 10
0.9624 1 0.9624 6
0.9664 1 0.9664 6
0.9674 1 0.9674 5
0.9463 1 0.9463 9
0.9386 1 0.9386 3
0.9676 1 0.9676 7
0.9565 1 0.9565 10
0.9645 1 0.9645 2
0.9674 1 0.9674 7
0.9599 1 0.9599 7
0.9542 1 0.9542 5
0.9706 1 0.9706 6
0.9671 1 0.9671 10
0.9692 1 0.9692 7
0.9627 1 0.9624 8
0.9633 1 0.9633 7
0.9678 1 0.9678 6
0.9572 1 0.9572 4
0.9528 1 0.9528 2
0.9598 1 0.9598 8
0.9517 1 0.9517 6
0.9697 1 0.9697 6
0.9628 1 0.9628 3
0.9633 1 0.9633 7
0.9668 1 0.9668 8
0.9686 1 0.9685 9
0.9699 1 0.9699 7
0.9649 1 0.9649 9
0.9591 1 0.9591 6
0.9685 1 0.9685 10
0.9676 1 0.9676 5
0.9564 1 0.9563 13
0.965 1 0.965 4\n
