0.9627 0.8161 0.7834 9
0.9839 0.7601 0.7471 12
0.9566 0.54 0.5165 3
0.9716 0.7151 0.6948 1
0.9666 0.6086 0.5883 1
0.9709 0.574 0.5565 21
0.9832 0.7339 0.7207 8
0.842 0.6254 0.5266 1
0.9366 0.6467 0.6031 17
0.9596 0.512 0.4913 8
0.9274 0.8237 0.7619 20
0.9668 0.616 0.5955 2
0.9857 0.7416 0.7309 8
0.9107 0.4429 0.4032 13
0.975 0.8904 0.8666 11
0.9778 0.8013 0.782 7
0.9862 0.5599 0.5521 9
0.9604 0.5077 0.4876 2
0.6315 0.8532 0.5388 2
0.9641 0.7528 0.7223 19
0.9726 0.7505 0.7289 20
0.9787 0.6537 0.6393 17
0.9162 0.7208 0.6565 40
0.8987 0.5956 0.5195 161
0.978 0.9208 0.8962 41
0.9736 0.8617 0.8345 50
0.9871 0.8328 0.8216 17
0.9818 0.8169 0.8017 6
0.9731 0.8484 0.8243 9
0.9654 0.6549 0.6312 14
0.9688 0.7161 0.6929 8
0.9771 0.7762 0.7571 24
0.9772 0.5742 0.561 5
0.8993 0.714 0.641 31
0.9783 0.5983 0.585 10
0.9788 0.8136 0.7956 11
0.9858 0.9528 0.934 32
0.9716 0.7014 0.6791 17
0.9781 0.7206 0.7047 6
0.9795 0.6569 0.6369 163
0.9801 0.7168 0.7016 20
0.9825 0.8112 0.7931 22
0.9814 0.8007 0.7844 24
0.971 0.7723 0.7421 93
0.9756 0.8821 0.8601 17
0.9827 0.7582 0.7445 21
0.987 0.7424 0.7307 25
0.9835 0.6904 0.6787 10
0.9808 0.7242 0.7102 8
0.9822 0.7879 0.7728 14
0.9803 0.7562 0.7386 35
0.9807 0.6643 0.6507 19
0.9785 0.7088 0.6929 18
0.9578 0.6918 0.6601 52
0.9817 0.6472 0.6348 12
0.9754 0.5949 0.5796 18
0.9677 0.8191 0.7919 8
0.9702 0.8466 0.8172 17
0.9877 0.8531 0.8411 31
0.9817 0.7485 0.7344 13
0.9782 0.8397 0.8183 26
0.9792 0.7055 0.6902 20
0.9797 0.7522 0.7358 18
0.9867 0.7934 0.7819 11
0.9811 0.6679 0.6546 23
0.9803 0.8192 0.8012 29
0.9825 0.7586 0.7451 10
0.9783 0.8057 0.7855 17
0.9822 0.8496 0.833 22
0.9776 0.7054 0.6888 17
0.9733 0.7322 0.7113 24
0.9778 0.7104 0.6933 24
0.9873 0.7824 0.7712 21
0.9756 0.6584 0.6422 6
0.9782 0.7656 0.747 18
0.9832 0.7139 0.6993 25
0.9801 0.8167 0.7993 24
0.9678 0.808 0.7776 32
0.9851 0.7025 0.6913 20
0.9794 0.8942 0.8745 21
0.9825 0.8045 0.7855 27
0.9838 0.9138 0.8953 32
0.9766 0.7419 0.7235 24
0.9797 0.7524 0.7359 19
0.9793 0.7688 0.7519 22
0.9779 0.7479 0.729 32
0.9807 0.7148 0.6995 19
0.9721 0.6284 0.6046 55
0.9788 0.8272 0.8092 14
0.9803 0.8639 0.8458 35
0.9812 0.8028 0.7842 27
0.9799 0.804 0.7839 31
0.9839 0.8039 0.7898 25
0.9878 0.7735 0.7614 34
0.9778 0.7521 0.7348 18
0.9799 0.7289 0.7124 25
0.9802 0.8879 0.8681 19
0.976 0.7822 0.7622 18
0.9866 0.7789 0.7668 31
0.9849 0.8348 0.8185 27
0.9858 0.7213 0.7101 18
0.9778 0.8448 0.8247 14
0.9792 0.8388 0.8196 24
0.9763 0.8177 0.7975 13
0.9829 0.8205 0.8052 17
0.9791 0.7743 0.7564 16
0.9863 0.912 0.8926 41
0.9706 0.8224 0.7976 13
0.9781 0.6984 0.6822 33
0.9816 0.831 0.8151 11
0.9785 0.7818 0.7634 23
0.9797 0.8967 0.874 33
0.9852 0.7999 0.7858 30
0.9826 0.7703 0.7567 14
0.9861 0.7868 0.7713 30
0.9823 0.7739 0.759 13
0.9806 0.8141 0.7959 21
0.9692 0.7531 0.7213 51
0.9823 0.8328 0.8155 29
0.98 0.8127 0.7951 31
0.9741 0.8592 0.8332 32
0.964 0.7626 0.734 26
0.9816 0.8306 0.8118 27
0.9858 0.8638 0.8458 28
0.9856 0.7804 0.7653 29
0.9795 0.811 0.7918 32
0.9801 0.7998 0.78 22
0.9733 0.8089 0.7853 26
0.9852 0.7704 0.756 31
0.9806 0.7561 0.7398 24
0.979 0.7864 0.7662 24
0.9854 0.7225 0.7105 25
0.9801 0.7957 0.7786 29
0.9763 0.8147 0.7931 22
0.9816 0.8041 0.7869 27
0.9768 0.8944 0.8711 22
0.98 0.8396 0.8201 26
0.9736 0.8224 0.7996 28
0.9774 0.8284 0.8078 9
0.982 0.7753 0.7585 35
0.9799 0.8075 0.7856 24
0.9689 0.7194 0.695 28
0.9694 0.7837 0.7578 21
0.9695 0.7756 0.7472 22
0.9723 0.811 0.7843 32
0.9739 0.73 0.7088 15
0.9722 0.7056 0.684 19
0.9699 0.7655 0.7374 23
0.965 0.8145 0.7806 31
0.9755 0.8411 0.8169 13
0.9691 0.8243 0.7941 24
0.9699 0.7866 0.7605 24
0.9704 0.8173 0.7891 22
0.9712 0.721 0.6988 26
0.9808 0.704 0.6875 25
0.9661 0.7712 0.7354 39
0.9752 0.7991 0.7735 28
0.9759 0.8122 0.7879 34
0.9756 0.7283 0.7077 21
0.9742 0.7244 0.6998 20
0.9738 0.7267 0.7058 25
0.9678 0.7865 0.7557 37
0.9663 0.755 0.7262 28
0.9668 0.8213 0.7891 17
0.9728 0.76 0.7361 28
0.9779 0.7661 0.74 28
0.9732 0.8221 0.7946 30
0.9734 0.8099 0.782 29
0.9666 0.7472 0.7175 28
0.9672 0.8995 0.8646 29
0.9742 0.7274 0.707 17
0.9727 0.7754 0.7485 25
0.9692 0.7349 0.7076 33
0.9728 0.7794 0.7535 28
0.9674 0.7191 0.6931 22
0.9688 0.7936 0.7627 32
0.9721 0.7194 0.6958 29
0.9726 0.7664 0.7401 66
0.9702 0.732 0.7066 32
0.9713 0.7124 0.6879 34
0.9761 0.7873 0.7607 30
0.9665 0.8226 0.7893 27
0.9695 0.8043 0.775 32
0.973 0.7552 0.7304 37
0.9706 0.8041 0.7749 27
0.9687 0.8179 0.7867 26
0.9691 0.798 0.7678 21
0.971 0.7798 0.7525 31
0.9677 0.6921 0.6677 18
0.9692 0.7499 0.722 34
0.9707 0.8006 0.7694 41
0.9755 0.7942 0.7689 36
0.9677 0.7131 0.6857 25
0.9696 0.7852 0.7577 18
0.9709 0.8156 0.7867 20
0.973 0.7568 0.7315 44
0.9691 0.745 0.7196 31
0.9761 0.7411 0.7166 28
0.973 0.7927 0.7663 24
0.9714 0.8139 0.7831 24
0.9688 0.8351 0.8007 33
0.9685 0.7883 0.759 31
0.9664 0.7795 0.7478 29
0.9667 0.7501 0.7222 21
0.969 0.7953 0.7655 30
0.9671 0.7185 0.6913 24
0.9746 0.7988 0.7716 35
0.9769 0.7581 0.734 35
0.9698 0.7582 0.7328 25
0.9703 0.7655 0.7374 31
0.9715 0.7693 0.7418 34
0.9704 0.7814 0.7511 30
0.9654 0.7578 0.7284 35
0.9608 0.7574 0.7231 23
0.9749 0.7784 0.7525 31
0.9664 0.7768 0.7474 13
0.978 0.7584 0.7341 31
0.9717 0.8059 0.78 27
0.9679 0.785 0.7528 33
0.9695 0.7313 0.705 34
0.9668 0.7806 0.7467 34
0.9693 0.8356 0.8035 31
0.9651 0.7902 0.7568 33
0.971 0.7858 0.7574 33
0.9715 0.7203 0.6949 36
0.9632 0.7454 0.7142 11
0.9663 0.7321 0.7039 24
0.9633 0.781 0.7472 33
0.9684 0.7618 0.7333 28
0.9735 0.7747 0.7491 36
0.971 0.7811 0.7506 32
0.9723 0.8268 0.7943 33
0.9663 0.7755 0.742 35
0.9746 0.7595 0.7341 32
0.9718 0.756 0.7302 33
0.97 0.7292 0.7028 25
0.9685 0.8064 0.7751 20
0.9669 0.8323 0.801 25
0.9697 0.8107 0.7797 38
0.9688 0.7325 0.7055 31
0.9654 0.7956 0.7617 18
0.9652 0.7779 0.7435 21
0.9646 0.753 0.7215 21
0.9713 0.7602 0.7335 34
0.9699 0.7907 0.7587 25
0.9646 0.7717 0.7383 24
0.9643 0.7423 0.7122 22
0.9736 0.7399 0.7128 27
0.9669 0.7699 0.7397 26
0.9702 0.7948 0.7638 33
0.9747 0.747 0.7211 29
0.9716 0.7394 0.7139 31
0.9718 0.7489 0.7216 25
0.9669 0.7892 0.7578 22
0.9675 0.7451 0.7156 30
0.9668 0.7955 0.762 19
0.9692 0.7808 0.7511 32
0.9706 0.7588 0.734 30
0.9698 0.7296 0.7021 29
0.9643 0.7802 0.7462 28
0.9586 0.8047 0.7661 29
0.9621 0.7093 0.6787 20
0.9709 0.7586 0.7285 31
0.9646 0.7759 0.738 30
0.9678 0.7322 0.704 22
0.9624 0.7858 0.7487 28
0.9692 0.7643 0.7365 32
0.9675 0.8167 0.7798 21
0.9653 0.7426 0.7122 30
0.9714 0.8211 0.7889 28
0.9671 0.7918 0.7576 25
0.9667 0.7246 0.6962 13
0.9735 0.7754 0.7453 29
0.9656 0.7288 0.6977 27
0.965 0.7482 0.7168 26
0.9592 0.7845 0.7481 16
0.9584 0.7577 0.7231 15
0.9645 0.782 0.7487 28
0.9702 0.7864 0.7517 36
0.9667 0.7767 0.7434 22
0.9682 0.763 0.7329 23
0.9608 0.7756 0.7393 23
0.9686 0.7616 0.7301 29
0.9716 0.7912 0.7597 29
0.9664 0.7605 0.7279 28
0.9685 0.7583 0.7286 32
0.9566 0.7874 0.7496 21
0.96 0.7232 0.69 26
0.9657 0.7863 0.7542 16
0.9697 0.7883 0.7568 30
0.9639 0.7441 0.7122 23
0.9648 0.7482 0.7154 26
0.9628 0.7837 0.7479 25
0.9746 0.7496 0.7215 23
0.9657 0.8059 0.7703 29
0.961 0.7727 0.7361 23
0.9617 0.7749 0.7413 23
0.9633 0.7718 0.739 17
0.9659 0.7811 0.7458 25
0.9638 0.7718 0.7364 27
0.9647 0.7139 0.6879 11
0.9813 0.9001 0.8815 12
0.7535 0.3815 0.2874 22
0.9728 0.7219 0.7022 2
0.9623 0.686 0.6567 94
0.9665 0.8601 0.8311 9
0.933 0.6316 0.5892 5
0.9889 0.879 0.862 21
0.9556 0.5519 0.5259 14
0.9546 0.6497 0.6134 26
0.9562 0.6423 0.6134 17
0.9628 0.7999 0.7696 10
0.9829 0.6433 0.6321 16
0.9772 0.8392 0.8186 10
0.7931 0.4648 0.3678 9
0.9778 0.7321 0.7149 8
0.8075 0.8515 0.6876 2
0.9604 0.9298 0.8896 5
0.8022 0.6379 0.5117 1
0.9687 0.6438 0.6201 17
0.9359 0.7369 0.6484 71
0.9779 0.6286 0.6145 7
0.9726 0.7535 0.7318 12
0.9892 0.7337 0.7254 13
0.9672 0.8065 0.78 5
0.9811 0.5829 0.5713 15
0.9799 0.8082 0.7919 7
0.9257 0.9699 0.8885 72
0.9734 0.768 0.7453 24
0.8496 0.7568 0.643 5
0.9681 0.6792 0.656 19
0.9667 0.5961 0.5727 38
0.9838 0.8617 0.8473 12
0.9698 0.7064 0.6851 3
0.8826 0.7141 0.6118 75
0.9776 0.9049 0.8805 24
0.9209 0.5099 0.4597 102
0.9701 0.6709 0.6482 15
0.9798 0.8377 0.8193 10
0.9798 0.7929 0.7738 18
0.9717 0.9261 0.8967 27
0.9793 0.7348 0.7164 16
0.9719 0.7958 0.7714 25
0.9878 0.8011 0.7902 12
0.9752 0.6831 0.6659 15
0.9802 0.7505 0.7346 26
0.9802 0.7536 0.7372 20
0.9854 0.849 0.8332 17
0.9618 0.7158 0.6883 8
0.9818 0.8125 0.7973 12
0.9803 0.693 0.6772 23
0.9764 0.786 0.7663 21
0.9816 0.7752 0.7596 19
0.9807 0.7889 0.7722 19
0.9791 0.5801 0.5669 16
0.9862 0.6975 0.6845 34
0.9768 0.5049 0.493 24
0.9752 0.7099 0.6905 18
0.9862 0.8635 0.851 30
0.9831 0.781 0.7647 27
0.9834 0.7422 0.7268 28
0.9808 0.8203 0.8026 15
0.9796 0.717 0.7018 16
0.9818 0.7053 0.6919 17
0.9785 0.9125 0.8899 37
0.9803 0.6859 0.6714 19
0.9711 0.7876 0.7628 47
0.9773 0.797 0.7778 11
0.98 0.9129 0.8932 20
0.9796 0.7587 0.7428 20
0.9718 0.7838 0.7613 11
0.9786 0.8691 0.849 14
0.9905 0.8587 0.8473 38
0.9788 0.7432 0.7261 16
0.9812 0.8087 0.7908 20
0.9783 0.682 0.6639 58
0.9621 0.8124 0.7765 44
0.9264 0.732 0.6742 41
0.9896 0.8339 0.8209 34
0.9804 0.8982 0.8788 27
0.9793 0.7575 0.7391 20
0.9774 0.9229 0.8943 34
0.9766 0.721 0.7036 8
0.9871 0.7702 0.7569 26
0.9775 0.8957 0.8732 19
0.9824 0.8506 0.8333 33
0.98 0.7638 0.7463 24
0.977 0.9205 0.8921 48
0.9786 0.6972 0.6817 28
0.9768 0.7921 0.7724 25
0.9765 0.7963 0.7751 29
0.9759 0.7751 0.7535 22
0.9855 0.8294 0.8148 43
0.9819 0.9355 0.9166 24
0.9891 0.776 0.7654 14
0.9783 0.7525 0.7351 23
0.9783 0.9357 0.9126 15
0.9763 0.7832 0.7642 16
0.9862 0.6025 0.5931 17
0.9744 0.8319 0.8105 6
0.9787 0.7394 0.7227 15
0.9869 0.8329 0.8188 26
0.9788 0.7595 0.743 17
0.9833 0.8207 0.8057 15
0.9899 0.8049 0.7932 27
0.9794 0.7306 0.7137 17
0.9794 0.8018 0.7845 14
0.9775 0.8097 0.7861 38
0.9759 0.6318 0.6156 32
0.9801 0.7518 0.7359 25
0.9826 0.811 0.7952 15
0.9831 0.8276 0.8111 31
0.9804 0.7387 0.7189 48
0.9772 0.9044 0.8826 18
0.9885 0.7281 0.7174 22
0.9783 0.8725 0.8499 26
0.9802 0.8964 0.8769 22
0.9723 0.8642 0.8349 21
0.9834 0.8244 0.8062 31
0.9837 0.7405 0.7264 37
0.9835 0.786 0.767 36
0.98 0.7954 0.7766 21
0.9779 0.8033 0.7829 39
0.9836 0.8331 0.8171 33
0.98 0.7963 0.7782 24
0.9803 0.7707 0.7529 28
0.9807 0.7293 0.7118 34
0.9789 0.8478 0.8242 40
0.9776 0.8193 0.7986 36
0.9811 0.7213 0.7066 16
0.9854 0.7659 0.7508 26
0.983 0.7154 0.7012 25
0.9707 0.7654 0.7381 36
0.9771 0.829 0.8091 28
0.982 0.7649 0.7482 26
0.9757 0.7246 0.7044 23
0.9766 0.7807 0.759 34
0.9771 0.8392 0.817 24
0.9787 0.7849 0.7657 22
0.9809 0.7187 0.7009 25
0.9797 0.7093 0.6914 34
0.9705 0.7656 0.7386 28
0.9716 0.6853 0.6646 14
0.9713 0.8943 0.864 39
0.972 0.6917 0.6655 35
0.9717 0.6938 0.6719 19
0.9707 0.7997 0.7713 32
0.9622 0.7768 0.7416 25
0.9627 0.7868 0.7519 22
0.9724 0.7925 0.7678 22
0.9677 0.8171 0.7865 34
0.9731 0.7924 0.7656 24
0.9761 0.7318 0.7097 20
0.9729 0.8326 0.8048 13
0.9639 0.7913 0.761 16
0.9669 0.7716 0.7437 23
0.9642 0.8102 0.7785 21
0.9751 0.7598 0.7366 33
0.9662 0.8287 0.7964 32
0.9659 0.8201 0.7869 21
0.9549 0.7866 0.7475 26
0.9728 0.7361 0.7103 26
0.968 0.7251 0.7002 24
0.9773 0.7262 0.7045 27
0.9775 0.7873 0.7633 28
0.9694 0.7537 0.7282 23
0.9713 0.7829 0.7536 27
0.9704 0.7509 0.7218 26
0.9617 0.774 0.7386 27
0.9722 0.7888 0.7624 24
0.9693 0.8077 0.7768 27
0.9674 0.8235 0.7929 19
0.9629 0.779 0.7459 19
0.9701 0.8496 0.8193 25
0.9701 0.7104 0.685 24
0.9698 0.7816 0.7543 29
0.9731 0.7377 0.7134 27
0.9699 0.7744 0.7472 25
0.9769 0.8215 0.7933 30
0.9694 0.7484 0.7207 32
0.972 0.8156 0.7868 32
0.9685 0.7468 0.7193 31
0.9595 0.6822 0.6502 18
0.9741 0.84 0.8103 31
0.9697 0.7357 0.7114 23
0.9679 0.7566 0.7283 25
0.9728 0.7603 0.7343 21
0.972 0.7178 0.6917 35
0.9667 0.8075 0.7753 31
0.9653 0.7898 0.7583 26
0.9702 0.7939 0.7649 26
0.9713 0.8266 0.7944 28
0.969 0.707 0.6819 41
0.9743 0.7346 0.7094 38
0.9756 0.7496 0.7258 38
0.974 0.7335 0.709 36
0.9693 0.8117 0.7803 36
0.9684 0.8097 0.7783 32
0.974 0.8584 0.8288 20
0.9733 0.762 0.7354 31
0.9739 0.7802 0.7524 34
0.9684 0.7594 0.7284 31
0.9556 0.7391 0.7043 27
0.9713 0.8155 0.7854 31
0.9671 0.7391 0.7122 22
0.9677 0.7218 0.6931 33
0.9746 0.7123 0.6886 26
0.9674 0.7267 0.6965 28
0.9647 0.7951 0.764 25
0.9708 0.8166 0.7843 17
0.9629 0.7865 0.7541 22
0.9696 0.7403 0.714 21
0.9647 0.7567 0.7259 18
0.9709 0.8055 0.7793 30
0.9688 0.7814 0.7534 23
0.9732 0.7759 0.7472 36
0.9619 0.7805 0.7465 16
0.9721 0.7957 0.7667 37
0.9695 0.7711 0.7406 33
0.9726 0.741 0.7151 29
0.9676 0.7986 0.7663 22
0.9697 0.7623 0.7346 22
0.9747 0.7567 0.7333 32
0.9644 0.8084 0.7745 30
0.9674 0.7415 0.7127 31
0.9653 0.7765 0.7437 27
0.9645 0.8041 0.7685 32
0.9674 0.7539 0.7237 26
0.9551 0.7666 0.7307 20
0.9687 0.7733 0.7441 32
0.9707 0.804 0.7719 36
0.9723 0.7461 0.72 28
0.9673 0.7583 0.7277 27
0.9694 0.8065 0.7762 37
0.9689 0.7736 0.7439 26
0.9665 0.7571 0.7275 25
0.968 0.8158 0.782 30
0.9681 0.8376 0.8051 25
0.9656 0.7985 0.7668 30
0.9701 0.7734 0.7419 32
0.9688 0.7881 0.7563 34
0.9682 0.7431 0.7129 22
0.9714 0.7112 0.686 35
0.966 0.7229 0.6944 36
0.9642 0.7971 0.7621 24
0.9656 0.7826 0.749 19
0.9675 0.7926 0.7608 25
0.9683 0.7515 0.7206 28
0.9678 0.7505 0.7197 31
0.9704 0.8078 0.7771 28
0.9675 0.8219 0.788 25
0.9749 0.7791 0.7519 31
0.9764 0.7979 0.7698 30
0.9676 0.8285 0.7929 28
0.9709 0.7915 0.758 29
0.9544 0.7384 0.7022 21
0.9707 0.7844 0.7527 20
0.9701 0.8078 0.7772 29
0.974 0.7749 0.746 35
0.9685 0.728 0.6996 18
0.9639 0.798 0.763 23
0.964 0.752 0.7167 24
0.9534 0.7576 0.7192 14
0.975 0.7743 0.7448 27
0.9682 0.7745 0.7425 33
0.9634 0.7347 0.7037 28
0.9619 0.7749 0.742 16
0.9654 0.7497 0.7159 24
0.9668 0.7708 0.739 28
0.959 0.7845 0.7477 13
0.9654 0.7716 0.7387 22
0.9655 0.8189 0.7825 23
0.9697 0.7903 0.7585 20
0.9692 0.8092 0.7711 23
0.9676 0.7161 0.6884 31
0.9664 0.7664 0.7334 30
0.9569 0.754 0.7153 25
0.97 0.7631 0.7335 32
0.9691 0.8255 0.7876 32
0.9736 0.7524 0.7222 30
0.9723 0.8211 0.7877 25
0.9587 0.749 0.713 21
0.969 0.7684 0.7368 28
0.9659 0.7589 0.727 26
0.9663 0.7719 0.7386 27
0.9609 0.7423 0.7077 20
0.9638 0.7424 0.7106 29
0.9562 0.7008 0.665 25
0.9691 0.7691 0.739 19
0.969 0.7449 0.7169 30
0.9699 0.7722 0.7427 27
0.961 0.8028 0.7645 28
0.9677 0.7694 0.7371 24
0.9696 0.7719 0.7412 36
0.9647 0.7851 0.7516 27
0.9612 0.7974 0.7587 19
0.9653 0.7831 0.7488 35
0.9475 0.7602 0.7185 18
0.9692 0.7037 0.6764 18
0.9651 0.7652 0.7296 36
0.9627 0.9203 0.8853 7
0.6359 0.2312 0.1451 28
0.9566 0.6984 0.6679 5
0.9746 0.7622 0.7428 3
0.9553 0.465 0.4434 14
0.9682 0.7692 0.7446 6
0.934 0.7693 0.7185 3
0.9882 0.5476 0.5409 9
0.7666 0.3464 0.2656 1
0.9614 0.6979 0.6696 15
0.9429 0.5925 0.5534 38
0.9627 0.6676 0.6426 4
0.9763 0.6283 0.6134 2
0.9259 0.632 0.5851 14
0.8264 0.4982 0.4117 4
0.9726 0.6596 0.6414 5
0.9756 0.6868 0.6686 26
0.9434 0.8981 0.8473 1
0.648 0.6939 0.4496 2
0.8248 0.5173 0.4124 128
0.9715 0.6806 0.6602 19
0.9785 0.7659 0.7488 9
0.9724 0.6865 0.6671 8
0.9892 0.7429 0.7346 11
0.9648 0.7888 0.761 3
0.9789 0.5587 0.546 20
0.9299 0.5262 0.4893 4
0.9841 0.842 0.8278 11
0.9776 0.6335 0.6178 19
0.6563 0.8626 0.5642 44
0.971 0.87 0.8416 9
0.9725 0.6529 0.6189 70
0.9778 0.765 0.7475 34
0.9617 0.7885 0.7581 7
0.976 0.6287 0.6084 32
0.8438 0.5093 0.4259 37
0.9663 0.7129 0.6877 17
0.9716 0.7295 0.7061 13
0.979 0.7926 0.7756 14
0.9795 0.8009 0.7794 21
0.981 0.7623 0.7472 11
0.8874 0.5682 0.5041 12
0.9695 0.6462 0.6262 21
0.9842 0.816 0.8027 17
0.974 0.7326 0.7133 8
0.9823 0.6308 0.6186 12
0.9844 0.8877 0.8703 26
0.9839 0.6663 0.6547 12
0.9836 0.7767 0.7615 20
0.9824 0.7247 0.7116 16
0.9817 0.7429 0.7259 24
0.9824 0.6298 0.6154 26
0.9824 0.7034 0.6896 28
0.9752 0.9417 0.9169 18
0.9776 0.8123 0.7937 6
0.9763 0.7931 0.7732 17
0.9765 0.8709 0.8471 19
0.9693 0.9726 0.9377 20
0.9795 0.7702 0.7538 20
0.9831 0.7897 0.7752 16
0.9817 0.7594 0.743 15
0.9792 0.8308 0.812 23
0.905 0.6811 0.608 72
0.98 0.7214 0.7047 21
0.9809 0.6407 0.6281 14
0.9786 0.683 0.6669 25
0.9843 0.626 0.6151 22
0.9757 0.8213 0.7988 27
0.9745 0.7238 0.7047 14
0.9792 0.8052 0.7881 9
0.9836 0.8079 0.7919 24
0.9731 0.7182 0.6945 36
0.9583 0.8533 0.8177 6
0.9619 0.6271 0.5866 71
0.9841 0.6778 0.6645 21
0.9808 0.768 0.7506 46
0.963 0.6802 0.655 4
0.9787 0.7713 0.7535 10
0.9879 0.7453 0.7348 19
0.9802 0.8047 0.7867 18
0.9837 0.7434 0.7282 25
0.9269 0.7797 0.7227 3
0.9756 0.7244 0.7056 17
0.9849 0.9133 0.8919 45
0.9049 0.8468 0.7644 20
0.9826 0.8615 0.8446 23
0.9779 0.8395 0.8204 15
0.9593 0.7421 0.7009 50
0.9755 0.741 0.7185 48
0.9836 0.7231 0.7101 43
0.9819 0.8218 0.805 27
0.9764 0.6636 0.646 25
0.9819 0.7311 0.7136 47
0.973 0.8451 0.8221 12
0.9816 0.6917 0.678 16
0.979 0.8316 0.8109 44
0.9805 0.8615 0.8425 24
0.9745 0.8254 0.804 9
0.986 0.7725 0.7589 29
0.9819 0.7509 0.7352 21
0.981 0.8881 0.8687 15
0.98 0.8869 0.8675 24
0.9763 0.825 0.8035 25
0.9852 0.7175 0.7059 20
0.9865 0.8616 0.8453 34
0.9796 0.807 0.7877 16
0.981 0.6837 0.6699 33
0.9818 0.7412 0.7266 22
0.9779 0.6947 0.6785 21
0.9738 0.743 0.7232 28
0.9831 0.668 0.6544 35
0.9805 0.8707 0.8497 40
0.9877 0.8353 0.8202 31
0.974 0.8197 0.7982 15
0.9745 0.7517 0.7316 16
0.9807 0.7751 0.7591 21
0.9802 0.7537 0.7375 26
0.9691 0.8236 0.7948 29
0.9822 0.7845 0.7669 33
0.9823 0.7598 0.7446 24
0.9868 0.6928 0.6822 15
0.9802 0.8596 0.8392 21
0.9769 0.6157 0.5987 40
0.9801 0.7563 0.739 33
0.9756 0.8143 0.7929 12
0.9769 0.7055 0.688 15
0.979 0.6753 0.6601 18
0.9701 0.7857 0.7592 33
0.962 0.7889 0.7522 33
0.9843 0.7941 0.7802 22
0.9781 0.7943 0.774 29
0.9782 0.7497 0.7332 11
0.9822 0.7905 0.7746 21
0.9832 0.864 0.8463 36
0.9774 0.7021 0.6833 24
0.9805 0.7901 0.7727 17
0.9776 0.7949 0.7752 14
0.9704 0.7406 0.7154 36
0.9791 0.7825 0.7639 24
0.9748 0.7333 0.7125 49
0.9735 0.7356 0.7124 25
0.9707 0.7802 0.7517 21
0.9665 0.6682 0.6437 18
0.9705 0.8204 0.7908 28
0.9712 0.817 0.7896 24
0.9733 0.7003 0.6779 33
0.9741 0.7129 0.6923 15
0.9745 0.7334 0.7073 34
0.9692 0.7423 0.7131 25
0.8665 0.6844 0.5833 43
0.9735 0.7586 0.7357 20
0.977 0.8001 0.7752 31
0.9692 0.7235 0.6967 23
0.9675 0.7984 0.7677 22
0.9646 0.7004 0.6683 28
0.9662 0.8079 0.7745 29
0.9739 0.7597 0.7362 31
0.9762 0.7606 0.7382 31
0.9703 0.8499 0.8187 35
0.9659 0.7326 0.7053 20
0.9776 0.7652 0.7438 29
0.9652 0.7819 0.7505 32
0.9708 0.7081 0.6841 31
0.9696 0.7779 0.7497 26
0.9727 0.7582 0.7311 31
0.9728 0.7052 0.6815 25
0.9582 0.778 0.7422 17
0.9743 0.6527 0.6318 24
0.9666 0.7206 0.6926 22
0.964 0.743 0.7139 28
0.9225 0.7255 0.6665 20
0.9673 0.7915 0.7622 25
0.9676 0.7921 0.7584 32
0.9401 0.7538 0.7061 19
0.9618 0.7957 0.7628 20
0.9648 0.7663 0.7356 31
0.9713 0.7994 0.7698 34
0.9722 0.7741 0.7467 23
0.9604 0.8377 0.7993 29
0.9676 0.7788 0.7506 23
0.9727 0.7663 0.7384 28
0.9682 0.7251 0.6949 36
0.9543 0.7494 0.7142 25
0.966 0.7737 0.7421 29
0.9729 0.783 0.7564 35
0.9655 0.74 0.7113 28
0.9515 0.7347 0.6943 15
0.9707 0.736 0.7074 15
0.9641 0.7361 0.7067 21
0.9628 0.7979 0.7612 35
0.964 0.8217 0.7876 22
0.9609 0.8236 0.7842 23
0.9614 0.7586 0.7242 21
0.9627 0.7939 0.7587 29
0.9537 0.6718 0.6396 13
0.9723 0.6904 0.6683 23
0.9706 0.8156 0.7848 33
0.9678 0.8094 0.7764 26
0.975 0.7915 0.7632 30
0.9728 0.7667 0.7385 40
0.9624 0.7047 0.6746 30
0.9501 0.7311 0.6922 16
0.9705 0.7126 0.6874 34
0.9665 0.7459 0.7187 26
0.9705 0.7385 0.7134 31
0.9641 0.713 0.6845 23
0.9727 0.7702 0.7443 33
0.9671 0.7376 0.7106 22
0.9649 0.8193 0.7848 26
0.9634 0.8181 0.7823 28
0.9702 0.7541 0.7256 24
0.9618 0.7743 0.7368 43
0.9623 0.7171 0.6855 19
0.9666 0.7666 0.7354 31
0.9775 0.7361 0.7148 27
0.9652 0.7533 0.7227 25
0.9652 0.8002 0.7658 42
0.9747 0.778 0.7512 29
0.9717 0.7736 0.7444 32
0.9585 0.8253 0.7861 30
0.9533 0.8095 0.7679 19
0.9611 0.7658 0.7317 21
0.971 0.722 0.6948 30
0.9743 0.8377 0.8059 33
0.9554 0.7921 0.7418 24
0.9682 0.7758 0.7423 30
0.9648 0.7478 0.7162 35
0.9715 0.7579 0.7264 34
0.966 0.7277 0.7003 15
0.9711 0.7667 0.737 33
0.9647 0.7867 0.7549 28
0.9689 0.7787 0.749 28
0.9613 0.7589 0.7223 34
0.9712 0.7763 0.7471 19
0.9675 0.8096 0.776 32
0.9678 0.7532 0.7235 31
0.9581 0.8105 0.7727 19
0.9618 0.7888 0.7544 36
0.9642 0.7751 0.7416 26
0.9707 0.7552 0.726 23
0.9657 0.7561 0.7225 25
0.9628 0.8108 0.7732 24
0.9655 0.745 0.7144 30
0.9733 0.7496 0.723 24
0.9621 0.7735 0.7386 22
0.9634 0.7608 0.7252 35
0.9664 0.7424 0.7129 18
0.9656 0.778 0.7436 23
0.9649 0.7977 0.7628 31
0.9705 0.793 0.7601 24
0.9762 0.7849 0.7556 33
0.9722 0.8362 0.8035 22
0.9555 0.7986 0.7583 21
0.9651 0.7894 0.7537 29
0.9676 0.7639 0.7315 22
0.961 0.7553 0.7186 31
0.9586 0.7866 0.749 18
0.9634 0.8033 0.7695 20
0.9536 0.8019 0.7604 16
0.9621 0.7476 0.7126 17
0.9593 0.7701 0.7323 28
0.966 0.7345 0.7027 28
0.9602 0.7605 0.7265 19
0.9653 0.769 0.737 30
0.9496 0.7917 0.7447 21
0.9597 0.7541 0.7175 24
0.9691 0.763 0.7325 25
0.9604 0.7803 0.7416 16
0.9628 0.7841 0.7485 22
0.9673 0.7815 0.7448 31
0.9576 0.7891 0.7492 17
0.952 0.7794 0.7374 22
0.9654 0.789 0.7516 27
0.9558 0.7427 0.7037 32
0.9642 0.7862 0.7508 28
0.9644 0.8277 0.7916 29
0.9608 0.7895 0.7513 25
0.9601 0.7866 0.7459 30
0.9647 0.7686 0.7332 28
0.9655 0.7358 0.7033 21
0.9692 0.7999 0.7668 27
0.9627 0.7372 0.7037 17
0.9644 0.7894 0.7557 33
0.9572 0.761 0.7249 19
0.9522 0.7581 0.7174 29
0.9507 0.7213 0.682 19
0.9598 0.7978 0.7591 26
0.9521 0.7139 0.6733 31
0.964 0.7941 0.7598 19
0.9558 0.751 0.7119 19
0.9608 0.7605 0.724 28
0.9639 0.7441 0.7109 24
0.9651 0.7744 0.7395 19
0.9684 0.8083 0.7706 23
0.9605 0.798 0.757 22
0.9583 0.7814 0.7435 26
0.9671 0.7686 0.7371 35
0.9614 0.7739 0.7373 36
0.9621 0.727 0.6957 20
0.9706 0.7693 0.7372 32\n
