0.9474 
0.9760 
0.9359 
0.9340 
0.9513 
0.9638 
0.9631 
0.9828 
0.9370 
0.9553 
0.9361 
0.9493 
0.9826 
0.9666 
0.9718 
0.9630 
0.9797 
0.9139 
0.9550 
0.9605 
0.9640 
0.9586 
0.9655 
0.9573 
0.9654 
0.9708 
0.9708 
0.9642 
0.9581 
0.9739 
0.9640 
0.9620 
0.9758 
0.9620 
0.9768 
0.9676 
0.9779 
0.9508 
0.9603 
0.9631 
0.9652 
0.9721 
0.9596 
0.9698 
0.9677 
0.9691 
0.9700 
0.9621 
0.9661 
0.9601 
0.9585 
0.9580 
0.9782 
0.9653 
0.9672 
0.9611 
0.9520 
0.9510 
0.9712 
0.9691 
0.9631 
0.9752 
0.9670 
0.9701 
0.9675 
0.9593 
0.9711 
0.9653 
0.9640 
0.9645 
0.9620 
0.9602 
0.9748 
0.9694 
0.9687 
0.9646 
0.9603 
0.9487 
0.9684 
0.9668 
0.9587 
0.9615 
0.9621 
0.9664 
0.9682 
0.9646 
0.9651 
0.9559 
0.9669 
0.9615 
0.9597 
0.9602 
0.9664 
0.9665 
0.9659 
0.9611 
0.9634 
0.9576 
0.9663 
0.9645 
0.9665 
0.9691 
0.9634 
0.9714 
0.9626 
0.9599 
0.9605 
0.9606 
0.9607 
0.9696 
0.9623 
0.9594 
0.9673 
0.9726 
0.9700 
0.9629 
0.9673 
0.9559 
0.9608 
0.9675 
0.9613 
0.9635 
0.9613 
0.9724 
0.9628 
0.9669 
0.9627 
0.9615 
0.9573 
0.9626 
0.9599 
0.9636 
0.9613 
0.9684 
0.9631 
0.9623 
0.9565 
0.9612 
0.9603 
0.9596 
0.9515 
0.9569 
0.9397 
0.9559 
0.9483 
0.9538 
0.9516 
0.9548 
0.9516 
0.9567 
0.9547 
0.9579 
0.0000 
0.9558 
0.9559 
0.9613 
0.9565 
0.9622 
0.9559 
0.9545 
0.9463 
0.9535 
0.9516 
0.9594 
0.9552 
0.9540 
0.9520 
0.9477 
0.9465 
0.9533 
0.9533 
0.9513 
0.9424 
0.9547 
0.9501 
0.9550 
0.9544 
0.9569 
0.9521 
0.9532 
0.9543 
0.9502 
0.9486 
0.9577 
0.9575 
0.9338 
0.9598 
0.9478 
0.9494 
0.9527 
0.9515 
0.9566 
0.9419 
0.9488 
0.9532 
0.9505 
0.9503 
0.9536 
0.9522 
0.9539 
0.9522 
0.9549 
0.9478 
0.9615 
0.9516 
0.0000 
0.9554 
0.9593 
0.9453 
0.9467 
0.9518 
0.9550 
0.9473 
0.9511 
0.9458 
0.9514 
0.9535 
0.9510 
0.9522 
0.9566 
0.9480 
0.9497 
0.9455 
0.9504 
0.9475 
0.9279 
0.9501 
0.9462 
0.9481 
0.9501 
0.9502 
0.9436 
0.9523 
0.9503 
0.9533 
0.9483 
0.9397 
0.9481 
0.9502 
0.9563 
0.9493 
0.9486 
0.9571 
0.9499 
0.9490 
0.0000 
0.9486 
0.9444 
0.9426 
0.9520 
0.9445 
0.9490 
0.9423 
0.9461 
0.9525 
0.9525 
0.9481 
0.9461 
0.9507 
0.9495 
0.9417 
0.9383 
0.9520 
0.9537 
0.9455 
0.0000 
0.9457 
0.9441 
0.9544 
0.9521 
0.9385 
0.9473 
0.9544 
0.9507 
0.9457 
0.9435 
0.9421 
0.9427 
0.9428 
0.9499 
0.9485 
0.9473 
0.9431 
0.9567 
0.9520 
0.0000 
0.9485 
0.9396 
0.9508 
0.9482 
0.9404 
0.9488 
0.9468 
0.9477 
0.9443 
0.9497 
0.9530 
0.9460 
0.9506 
0.9480 
