../../problems/clp/benchs/BRrw/BRrw1.txt -i 53 --min_fr=1.0 0.047300 0.039100
../../problems/clp/benchs/BRrw/BRrw1.txt -i 56 --min_fr=1.0 0.038800 0.029100
../../problems/clp/benchs/BRrw/BRrw1.txt -i 64 --min_fr=1.0 0.016300 0.012800
../../problems/clp/benchs/BRrw/BRrw2.txt -i 14 --min_fr=1.0 0.030900 0.024200
../../problems/clp/benchs/BRrw/BRrw2.txt -i 64 --min_fr=1.0 0.027500 0.021700
../../problems/clp/benchs/BRrw/BRrw3.txt -i 99 --min_fr=1.0 0.035200 0.028900
../../problems/clp/benchs/BRrw/BRrw4.txt -i 41 --min_fr=1.0 0.035700 0.029600
../../problems/clp/benchs/BRrw/BRrw4.txt -i 47 --min_fr=1.0 0.039800 0.030700
../../problems/clp/benchs/BRrw/BRrw4.txt -i 52 --min_fr=1.0 0.036500 0.029800
../../problems/clp/benchs/BRrw/BRrw4.txt -i 67 --min_fr=1.0 0.039500 0.032200
../../problems/clp/benchs/BRrw/BRrw4.txt -i 77 --min_fr=1.0 0.038600 0.031600
../../problems/clp/benchs/BRrw/BRrw5.txt -i 26 --min_fr=1.0 0.041000 0.033700
../../problems/clp/benchs/BRrw/BRrw5.txt -i 30 --min_fr=1.0 0.039600 0.030200
../../problems/clp/benchs/BRrw/BRrw5.txt -i 32 --min_fr=1.0 0.034200 0.027300
../../problems/clp/benchs/BRrw/BRrw5.txt -i 48 --min_fr=1.0 0.043500 0.034100
../../problems/clp/benchs/BRrw/BRrw5.txt -i 81 --min_fr=1.0 0.038900 0.031900
../../problems/clp/benchs/BRrw/BRrw5.txt -i 94 --min_fr=1.0 0.040100 0.032900
../../problems/clp/benchs/BRrw/BRrw5.txt -i 96 --min_fr=1.0 0.044700 0.032600
../../problems/clp/benchs/BRrw/BRrw6.txt -i 63 --min_fr=1.0 0.047000 0.036100
../../problems/clp/benchs/BRrw/BRrw6.txt -i 66 --min_fr=1.0 0.038200 0.029000
../../problems/clp/benchs/BRrw/BRrw6.txt -i 89 --min_fr=1.0 0.043900 0.034800
../../problems/clp/benchs/BRrw/BRrw6.txt -i 91 --min_fr=1.0 0.040500 0.031000
../../problems/clp/benchs/BRrw/BRrw7.txt -i 10 --min_fr=1.0 0.042200 0.033700
../../problems/clp/benchs/BRrw/BRrw7.txt -i 24 --min_fr=1.0 0.047600 0.037900
../../problems/clp/benchs/BRrw/BRrw7.txt -i 32 --min_fr=1.0 0.041300 0.034200
../../problems/clp/benchs/BRrw/BRrw7.txt -i 43 --min_fr=1.0 0.038600 0.031300
../../problems/clp/benchs/BRrw/BRrw7.txt -i 51 --min_fr=1.0 0.044100 0.034600
../../problems/clp/benchs/BRrw/BRrw7.txt -i 52 --min_fr=1.0 0.040500 0.031100
../../problems/clp/benchs/BRrw/BRrw7.txt -i 81 --min_fr=1.0 0.052100 0.041400
../../problems/clp/benchs/BRrw/BRrw8.txt -i 16 --min_fr=0.98 0.046400 0.038200
../../problems/clp/benchs/BRrw/BRrw8.txt -i 29 --min_fr=0.98 0.039600 0.032600
../../problems/clp/benchs/BRrw/BRrw8.txt -i 39 --min_fr=0.98 0.049400 0.038100
../../problems/clp/benchs/BRrw/BRrw8.txt -i 48 --min_fr=0.98 0.048700 0.033200
../../problems/clp/benchs/BRrw/BRrw8.txt -i 83 --min_fr=0.98 0.043600 0.036200
../../problems/clp/benchs/BRrw/BRrw8.txt -i 84 --min_fr=0.98 0.044000 0.035500
../../problems/clp/benchs/BRrw/BRrw9.txt -i 14 --min_fr=0.98 0.052500 0.043500
../../problems/clp/benchs/BRrw/BRrw9.txt -i 21 --min_fr=0.98 0.049900 0.040800
../../problems/clp/benchs/BRrw/BRrw9.txt -i 93 --min_fr=0.98 0.047200 0.039300
../../problems/clp/benchs/BRrw/BRrw10.txt -i 10 --min_fr=0.98 0.050000 0.040200
../../problems/clp/benchs/BRrw/BRrw10.txt -i 22 --min_fr=0.98 0.054200 0.040800
../../problems/clp/benchs/BRrw/BRrw10.txt -i 23 --min_fr=0.98 0.052900 0.042500
../../problems/clp/benchs/BRrw/BRrw10.txt -i 40 --min_fr=0.98 0.049200 0.040900
../../problems/clp/benchs/BRrw/BRrw10.txt -i 53 --min_fr=0.98 0.052000 0.041700
../../problems/clp/benchs/BRrw/BRrw10.txt -i 54 --min_fr=0.98 0.047800 0.039700
../../problems/clp/benchs/BRrw/BRrw10.txt -i 66 --min_fr=0.98 0.053400 0.044100
../../problems/clp/benchs/BRrw/BRrw10.txt -i 73 --min_fr=0.98 0.051500 0.042500
../../problems/clp/benchs/BRrw/BRrw10.txt -i 82 --min_fr=0.98 0.051400 0.041500
../../problems/clp/benchs/BRrw/BRrw10.txt -i 85 --min_fr=0.98 0.053600 0.043600
../../problems/clp/benchs/BRrw/BRrw11.txt -i 12 --min_fr=0.98 0.052300 0.042500
../../problems/clp/benchs/BRrw/BRrw11.txt -i 29 --min_fr=0.98 0.051900 0.042500
../../problems/clp/benchs/BRrw/BRrw11.txt -i 37 --min_fr=0.98 0.051700 0.042900
../../problems/clp/benchs/BRrw/BRrw11.txt -i 55 --min_fr=0.98 0.050900 0.039800
../../problems/clp/benchs/BRrw/BRrw11.txt -i 60 --min_fr=0.98 0.053100 0.042800
../../problems/clp/benchs/BRrw/BRrw11.txt -i 65 --min_fr=0.98 0.049200 0.040200
../../problems/clp/benchs/BRrw/BRrw11.txt -i 76 --min_fr=0.98 0.051600 0.042600
../../problems/clp/benchs/BRrw/BRrw12.txt -i 13 --min_fr=0.98 0.052600 0.043300
../../problems/clp/benchs/BRrw/BRrw12.txt -i 18 --min_fr=0.98 0.055200 0.043700
../../problems/clp/benchs/BRrw/BRrw12.txt -i 21 --min_fr=0.98 0.060200 0.048600
../../problems/clp/benchs/BRrw/BRrw12.txt -i 33 --min_fr=0.98 0.061500 0.049300
../../problems/clp/benchs/BRrw/BRrw12.txt -i 38 --min_fr=0.98 0.057100 0.046800
../../problems/clp/benchs/BRrw/BRrw12.txt -i 76 --min_fr=0.98 0.056800 0.045800
../../problems/clp/benchs/BRrw/BRrw12.txt -i 79 --min_fr=0.98 0.056400 0.046800
../../problems/clp/benchs/BRrw/BRrw12.txt -i 88 --min_fr=0.98 0.050800 0.040800
../../problems/clp/benchs/BRrw/BRrw13.txt -i 20 --min_fr=0.98 0.055500 0.046200
../../problems/clp/benchs/BRrw/BRrw13.txt -i 37 --min_fr=0.98 0.056600 0.044800
../../problems/clp/benchs/BRrw/BRrw13.txt -i 67 --min_fr=0.98 0.056800 0.046100
../../problems/clp/benchs/BRrw/BRrw13.txt -i 88 --min_fr=0.98 0.053800 0.042900
../../problems/clp/benchs/BRrw/BRrw14.txt -i 11 --min_fr=0.98 0.056600 0.046600
../../problems/clp/benchs/BRrw/BRrw14.txt -i 16 --min_fr=0.98 0.053400 0.044300
../../problems/clp/benchs/BRrw/BRrw14.txt -i 68 --min_fr=0.98 0.054300 0.042700
../../problems/clp/benchs/BRrw/BRrw15.txt -i 34 --min_fr=0.98 0.054300 0.043700
../../problems/clp/benchs/BRrw/BRrw15.txt -i 52 --min_fr=0.98 0.057400 0.047700
