0.0844 0.083 0.1595612 1
0.0358 0.0352 0.06880984 1
0.2114 0.2067 0.37382072 1
0.1801 0.1734 0.32162316 1
0.0771 0.0751 0.14556099 1
0.1799 0.1749 0.32268929 1
0.1478 0.1439 0.26972228 1
0.0781 0.0754 0.14676376 1
0.0777 0.0677 0.13928411 1
0.2242 0.2232 0.39680496 1
0.2355 0.2296 0.4104933 1
0.0652 0.059 0.1194764 1
0.018 0.0166 0.0333348 1
0.0325 0.0313 0.06184555 1
0.0812 0.0771 0.15119678 1
0.165 0.1639 0.3011844 1
0.0777 0.0751 0.14611653 1
0.0543 0.0524 0.10296038 1
0.0398 0.0384 0.07574888 1
0.0508 0.0502 0.09754984 1
0.1278 0.123 0.2343304 1
0.0897 0.0824 0.16387982 1
0.3457 0.3447 0.57092661 1
0.1472 0.1414 0.26707352 1
0.0494 0.0482 0.09431552 1
0.1108 0.1093 0.20720866 1
0.1373 0.1351 0.25312217 1
0.0844 0.0833 0.15983618 1
0.1211 0.121 0.226688 1
0.0811 0.0804 0.15414006 1
0.0889 0.0873 0.16761423 1
0.0508 0.0436 0.09127852 1
0.0151 0.0151 0.02900119 1
0.0357 0.0352 0.06871326 1
0.0524 0.052 0.1007786 1
0.0684 0.0674 0.13032464 1
0.049 0.0431 0.0890792 1
0.2212 0.2141 0.38737538 1
0.0916 0.0906 0.17308224 1
0.057 0.0551 0.1080704 1
0.0551 0.041 0.092936 1
0.1506 0.1505 0.2777348 1
0.1342 0.126 0.24255 1
0.1379 0.1348 0.25338278 1
0.0514 0.051 0.09888 1
0.0462 0.0429 0.08620612 1
0.076 0.0724 0.142045 1
0.1155 0.1121 0.21387905 1
0.0603 0.0598 0.11561316 1
0.0158 0.0138 0.02841056 1
0.061 0.0568 0.113452 1
0.1037 0.101 0.19343 1
0.0325 0.0321 0.06262035 1
0.2137 0.2123 0.38005649 1
0.2662 0.2642 0.45959936 1
0.067 0.0638 0.1256552 1
0.0771 0.0754 0.14583816 1
0.0778 0.0668 0.13854656 1
0.0283 0.0252 0.05183934 1
0.0376 0.0336 0.06900684 1
0.1497 0.1439 0.27135077 1
0.063 0.0598 0.1181544 1
0.109 0.0998 0.1971296 1
0.1008 0.0994 0.18937968 1
0.0885 0.0867 0.16670125 1
0.0767 0.076 0.1460225 1
0.0829 0.0812 0.15653162 1
0.0218 0.02 0.0404048 1
0.0719 0.069 0.1350788 1
0.0772 0.0761 0.14657738 1
0.1785 0.1721 0.31922975 1
0.1354 0.126 0.2436 1
0.08 0.0742 0.1474172 1
0.1441 0.1416 0.26458014 1
0.1788 0.1775 0.3239183 1
0.0369 0.0365 0.07112555 1
0.0829 0.0779 0.15350189 1
0.0741 0.071 0.138983 1
0.0429 0.0387 0.07902037 1
0.0512 0.0506 0.09831008 1
0.0479 0.0376 0.08278346 1
0.0976 0.0949 0.18242926 1
0.0551 0.0465 0.09813845 1
0.0821 0.0751 0.15019049 1
0.0294 0.0293 0.05689628 1
0.0686 0.0678 0.13088432 1
0.056 0.0538 0.105896 1
0.0837 0.081 0.157084 1
0.3597 0.3524 0.58505282 1
0.0617 0.0583 0.11552189 1
0.0585 0.0542 0.108641 1
0.1275 0.1177 0.22943745 1
0.0679 0.0672 0.12967122 1
0.097 0.0896 0.1770944 1
0.1348 0.1312 0.24757924 1
0.0232 0.0219 0.04363602 1
0.0661 0.0626 0.12368984 1
0.0439 0.038 0.0793127 1
0.0233 0.0216 0.04344062 1
0.0936 0.0908 0.17508452 1
0.0533 0.0314 0.0821171 2
0.025 0.0032 0.02731378 3
0.0673 0.0576 0.12016642 3
0.0652 0.0313 0.09361894 2
0.0488 0.0354 0.08155676 4
0.0361 0.0319 0.06596428 3
0.038 0.004 0.0408988 2
0.0203 0.0122 0.03130295 2
0.0571 0.0276 0.08229354 3
0.0492 0.0147 0.06233248 3
0.0615 0.0344 0.09302851 4
0.0476 0.0251 0.07097722 4
0.023 0.0066 0.02850522 3
0.037 0.0125 0.0482202 2
0.0287 0.0238 0.05086844 1
0.0346 0.0256 0.05837344 1
0.0213 0.0041 0.02439356 5
0.0871 0.0278 0.11173772 2
0.046 0.0059 0.05085458 5
0.0508 0.0045 0.05418495 2
0.0509 0.014 0.06407373 4
0.0368 0.0241 0.05907367 2
0.0428 0.0292 0.06986819 3
0.0529 0.0092 0.06070298 2
0.0446 0.0386 0.08056514 2
0.0523 0.0246 0.07478365 8
0.0634 0.0565 0.11544741 5
0.0378 0.0211 0.05730148 6
0.0339 0.0199 0.05223538 4
0.0175 0.0127 0.02900952 4
0.0413 0.0347 0.07366847 4
0.0277 0.0241 0.05021583 6
0.0204 0.0123 0.03148862 2
0.0444 0.0169 0.05984469 4
0.0539 0.011 0.06363314 8
0.0288 0.0085 0.03610594 2
0.0435 0.0429 0.08361925 1
0.0678 0.0507 0.11420636 2
0.0324 0.0104 0.04152404 3
0.0324 0.0163 0.04721958 1
0.0471 0.0126 0.05869474 4
0.0313 0.0211 0.05089102 6
0.0383 0.017 0.05372471 3
0.0975 0.059 0.14993328 5
0.0372 0.0107 0.04660146 4
0.0597 0.0319 0.0888253 4
0.0326 0.0098 0.04112427 3
0.0276 0.0046 0.0315379 9
0.0507 0.0214 0.07017479 4
0.0204 0.0107 0.03001768 3
0.0266 0.0076 0.03307382 2
0.0452 0.023 0.06626241 2
0.082 0.0788 0.15350608 3
0.0473 0.0366 0.08158146 3
0.0605 0.0078 0.0668954 1
0.0245 0.0086 0.03193392 7
0.0388 0.0044 0.04233008 5
0.0504 0.0014 0.05138412 4
0.0273 0.0162 0.04210294 4
0.0414 0.0221 0.06170388 2
0.0382 0.0149 0.05162959 4
0.0412 0.0096 0.04953524 3
0.0498 0.0258 0.07348094 4
0.0301 0.0163 0.04504469 13
0.0163 0.0027 0.01797399 1
0.0266 0.0217 0.04678747 2
0.0327 0.0263 0.05719903 2
0.025 0.0244 0.04784283 3
0.0572 0.0259 0.08079016 5
0.0739 0.0077 0.08011157 1
0.0479 0.0409 0.08593229 2
0.0561 0.0238 0.07779998 6
0.0637 0.0471 0.10694069 6
0.0451 0.0301 0.07291957 2
0.0448 0.0221 0.06512024 3
0.0187 0.0055 0.02315817 5
0.0232 0.0181 0.03992038 1
0.0404 0.0255 0.06404954 5
0.0423 0.0094 0.05073972 8
0.0337 0.0098 0.04222926 2
0.0622 0.0496 0.10783989 3
0.0337 0.0204 0.05247296 3
0.0323 0.004 0.0352223 2
0.0595 0.0443 0.10034804 2
0.0173 0.0072 0.02340356 2
0.0355 0.0208 0.05468779 2
0.0592 0.0245 0.08136922 2
0.0472 0.0233 0.06861752 5
0.0853 0.0659 0.14511944 4
0.0596 0.0089 0.06711322 2
0.0203 0.0035 0.02280699 4
0.05 0.038 0.085187 1
0.0383 0.0144 0.05135558 2
0.0279 0.0013 0.02821909 2
0.0405 0.0143 0.05329237 4
0.0305 0.0282 0.05691112 2
0.0427 0.0073 0.04884739 2
0.0286 0.0269 0.05378516 1
0.0424 0.0271 0.067536 4
0.0163 0.0065 0.02177879 5
0.0367 0.0152 0.05048693 3
0.0407 0.0178 0.05690371 6
0.0387 0.0239 0.06075855 6
0.0402 0.0127 0.05145595 4
0.0337 0.0043 0.0369455 7
0.03 0.0153 0.0438853 1
0.0327 0.0096 0.0410621 5
0.0366 0.0084 0.04393032 4
0.0322 0.0207 0.0512871 2
0.0277 0.0047 0.03134382 5
0.0373 0.0139 0.04981185 6
0.0385 0.0076 0.0448711 2
0.0291 0.0087 0.03662768 6
0.0292 0.0146 0.04280765 6
0.0309 0.0026 0.03272374 7
0.033 0.0106 0.0423899 7
0.0277 0.0112 0.03767612 4
0.0467 0.0158 0.06091778 3
0.0416 0.0186 0.05851254 5
0.0394 0.0141 0.05203294 2
0.0493 0.0169 0.06455157 5
0.0419 0.0058 0.04657916 3
0.0748 0.0204 0.09315696 6
0.0486 0.0122 0.05975378 6
0.0376 0.008 0.04436934 4
0.0309 0.0151 0.04460097 6
0.0448 0.0323 0.07474346 3
0.0363 0.0105 0.04553452 4
0.0224 0.0037 0.02504222 1
0.0225 0.0078 0.02916052 2
0.0351 0.0086 0.04246211 4
0.0347 0.0083 0.04177454 4
0.032 0.0036 0.03456076 2
0.0356 0.0062 0.04064267 4
0.0385 0.0013 0.03903052 12
0.0295 0.0205 0.04845529 3
0.0429 0.0205 0.06159709 3
0.0409 0.0058 0.04562938 4
0.0254 0.0031 0.02755804 10
0.0457 0.0284 0.07188303 2
0.0402 0.0168 0.05563082 3
0.0357 0.0058 0.04037383 3
0.0457 0.0297 0.07311793 2
0.0608 0.0164 0.07534039 3
0.0327 0.0176 0.04881948 3
0.0438 0.008 0.05057636 3
0.0299 0.025 0.05324908 4
0.0288 0.0013 0.02915062 5
0.0291 0.0105 0.0384544 4
0.0226 0.004 0.02559289 4
0.0259 0.0143 0.03886883 1
0.041 0.0272 0.06625274 5
0.0578 0.0211 0.0768292 3
0.0386 0.0116 0.0488738 6
0.0413 0.0096 0.04957542 2
0.0253 0.0124 0.03647132 9
0.0263 0.0012 0.02651738 2
0.0348 0.0164 0.0497818 5
0.0279 0.0062 0.03304161 9
0.0336 0.0167 0.04887206 4
0.0486 0.0167 0.06366089 3
0.0333 0.0177 0.04947959 3
0.0432 0.0206 0.06199103 3
0.039 0.0183 0.0556426 1
0.0275 0.0061 0.03252959 6
0.0267 0.0064 0.03196122 1
0.0308 0.0158 0.04520165 9
0.0433 0.0256 0.06690437 6
0.0584 0.0129 0.06967098 4
0.0503 0.0146 0.0632782 4
0.0341 0.0221 0.0545161 4
0.0464 0.0125 0.05763161 5
0.0471 0.0302 0.07503464 3
0.0361 0.0142 0.04887263 3
0.0485 0.002 0.04951603 6
0.0229 0.0067 0.02850175 3
0.0299 0.0034 0.03226627 7
0.0305 0.0084 0.03769918 2
0.022 0.0042 0.02518232 5
0.0404 0.0066 0.04594153 4
0.0452 0.0117 0.05561328 4
0.0423 0.0112 0.05227004 9
0.0332 0.0109 0.04281757 3
0.0574 0.007 0.06329943 6
0.0195 0.0091 0.02746164 5
0.0293 0.0034 0.03172885 9
0.04 0.0223 0.0604693 1
0.0446 0.0187 0.06153892 2
0.0658 0.0269 0.09010109 3
0.0447 0.0112 0.05464184 5
0.0403 0.0068 0.04598402 9
0.0451 0.0284 0.0712958 2
0.0413 0.0261 0.0655547 5
0.0253 0.0012 0.02575987 5
0.0333 0.0197 0.05155019 6
0.0195 0.0035 0.02197778 5
0.0289 0.0041 0.03205315 11
0.0329 0.0015 0.03356887 6
0.0282 0.0087 0.03573259 3
0.034 0.0129 0.04552051 4
0.0371 0.0128 0.04859358 2
0.0245 0.0141 0.03729215 1
0.0374 0.0076 0.04378928 5
0.0308 0.0062 0.03585104 4
0.0367 0.0191 0.05420748 5
0.0312 0.0159 0.04567111 4
0.0293 0.0041 0.03240551 5
0.0362 0.0028 0.03799139 3
0.0359 0.0075 0.04226108 7
0.035 0.0185 0.05190648 3
0.0311 0.0162 0.04584484 2
0.041 0.0163 0.05581164 6
0.0227 0.0091 0.03072005 8
0.0328 0.0188 0.05006135 4
0.0365 0.0093 0.04456546 5
0.0346 0.0076 0.04105411 7
0.0532 0.0173 0.06872625 8
0.0479 0.0039 0.05080824 5
0.0242 0.0144 0.03736282 10
0.0351 0.0073 0.04120798 6
0.0392 0.0096 0.04764976 4
0.0323 0.0012 0.03269275 10
0.0369 0.0123 0.04786386 8
0.0404 0.0052 0.04457994 5
0.0418 0.0032 0.04399343 4
0.0315 0.008 0.03840979 9
0.0288 0.0097 0.03740229 10
0.033 0.0042 0.03623344 5
0.0264 0.0098 0.03500538 6
0.0312 0.0011 0.0314405 4
0.035 0.0038 0.03786368 6
0.0294 0.0083 0.0365642 7
0.0318 0.0064 0.03721479 7
0.0291 0.0066 0.03459412 6
0.0344 0.0122 0.04523852 4
0.0378 0.0015 0.03841228 6
0.0289 0.0057 0.03385864 15
0.0498 0.0154 0.06365914 8
0.0203 0.0106 0.02971472 1
0.0386 0.0113 0.04855702 5
0.0367 0.0093 0.04478572 5
0.0322 0.0086 0.03961418 3
0.0478 0.0103 0.05680946 7
0.0484 0.0134 0.06029641 7
0.0399 0.011 0.04959512 11
0.0366 0.0137 0.04894325 3
0.0391 0.0013 0.03956902 9
0.0357 0.0075 0.04198348 2
0.0298 0.0057 0.03448236 7
0.0343 0.0072 0.04029354 1
0.0259 0.0096 0.03432104 4
0.0368 0.011 0.04650696 5
0.034 0.0127 0.04535396 3
0.0313 0.0087 0.0388902 8
0.0308 0.0108 0.04035904 7
0.0206 0.0067 0.02620472 5
0.0311 0.0038 0.03388464 6
0.0347 0.0136 0.04718809 6
0.0275 0.0014 0.02792848 4
0.0329 0.0042 0.03623084 6
0.0287 0.0011 0.02904821 5
0.0288 0.0095 0.03720966 6
0.0348 0.0056 0.03933362 7
0.0382 0.0252 0.06156478 10
0.0232 0.0122 0.03423672 5
0.0362 0.0173 0.05194311 3
0.0286 0.0085 0.03590364 2
0.0332 0.0135 0.04532155 5
0.0329 0.0027 0.03481229 11
0.0418 0.0078 0.04853906 7
0.036 0.0022 0.03739519 9
0.0312 0.0031 0.03327347 4
0.0411 0.03 0.06903687 5
0.0401 0.0174 0.0558997 3
0.0297 0.0074 0.03599037 8
0.0297 0.0087 0.03727028 3
0.0263 0.0049 0.03014687 4
0.0362 0.0052 0.04041492 5
0.0265 0.0019 0.02745238 5
0.0372 0.0082 0.04431498 9
0.0391 0.0137 0.05137994 5
0.0283 0.0057 0.03297734 8
0.03 0.0046 0.03353126 3
0.0509 0.0099 0.05953982 11
0.0267 0.0106 0.036233 10
0.0345 0.0065 0.03985243 4
0.0318 0.0114 0.04190769 6
0.0346 0.0158 0.0489211 5
0.0518 0.0162 0.06627265 5
0.0415 0.0051 0.0455915 5
0.0232 0.0111 0.03309083 6
0.0406 0.0024 0.04196007 3
0.047 0.0263 0.07116575 2
0.0241 0.0034 0.02646536 5
0.0305 0.0169 0.04595556 5
0.0247 0.0074 0.0309719 6
0.0285 0.003 0.030445 1
0.0262 0.0024 0.02761546 5
0.0294 0.0072 0.0354641 5
0.0352 0.0015 0.03596426 8
0.0374 0.0041 0.04038716 1
0.0318 0.0088 0.03940077 4
0.0381 0.0029 0.03992951 1
0.0314 0.0172 0.04713614 6
0.0346 0.0209 0.05383136 1
0.0398 0.0037 0.04244456 4
0.0351 0.0098 0.04368139 5
0.0372 0.0155 0.05130945 9
0.0348 0.0094 0.04296294 4
0.0359 0.0146 0.04907258 5
0.0377 0.0181 0.05421638 5
0.0381 0.0142 0.05094092 6
0.025 0.0183 0.04189546 3
0.0321 0.0081 0.03898735 2
0.0308 0.0059 0.03555953 2
0.0321 0.0052 0.03622606 7
0.0393 0.0057 0.04401593 9
0.048 0.0015 0.04878684 11
0.0342 0.0095 0.04242941 3
0.0349 0.0035 0.03741539 6
0.0346 0.0073 0.04077948 2
0.0305 0.0153 0.04443873 6
0.0384 0.0063 0.04354945 3
0.0486 0.0015 0.04928643 17
0.0434 0.0057 0.04805097 8
0.0337 0.0212 0.05325701 7
0.0403 0.004 0.04321498 5
0.0292 0.0116 0.03960352 8
0.0335 0.0011 0.03375363 11
0.0303 0.0125 0.04150288 8
0.0403 0.0148 0.05364213 5
0.0307 0.0071 0.03668546 6
0.0295 0.0087 0.0371274 7
0.0399 0.0163 0.05462761 4
0.0402 0.0079 0.04688573 7
0.0265 0.0129 0.03816109 5
0.0326 0.0114 0.04269596 4
0.0415 0.0067 0.04709995 8
0.0272 0.0035 0.02967924 9
0.039 0.0057 0.04370035 6
0.0418 0.0078 0.04861036 9
0.0357 0.0062 0.04077007 5
0.0419 0.0072 0.04792341 4
0.0417 0.0128 0.05304487 5
0.0351 0.0106 0.04453457 7
0.0409 0.0146 0.05398255 5
0.0414 0.0013 0.04195107 11
0.0398 0.0047 0.04336232 2
0.0394 0.006 0.04429928 19
0.0254 0.0075 0.03177211 5
0.0282 0.0136 0.04046875 3
0.0354 0.0153 0.04927882 8
0.0365 0.0164 0.05148528 8
0.0382 0.016 0.05267167 5
0.0351 0.0056 0.03986952 10
0.022 0.0026 0.02366566 8
0.0362 0.0027 0.03802376 5
0.0388 0.0053 0.04311035 4
0.0283 0.0062 0.03343009 6
0.0392 0.0119 0.04974284 3
0.0264 0.0076 0.03299131 4
0.0347 0.0072 0.04073476 3
0.0317 0.002 0.03290515 12
0.038 0.008 0.04479013 4
0.0198 0.0075 0.02620968 7
0.0331 0.0109 0.04268662 2
0.0329 0.003 0.03493518 11
0.0395 0.0093 0.04756905 6
0.0306 0.0042 0.03373358 6
0.0368 0.0056 0.04128029 4
0.0331 0.0091 0.04107508 6
0.0384 0.0056 0.04284819 6
0.0362 0.0088 0.04375349 2
0.0494 0.0029 0.05147028 6
0.033 0.0065 0.03849198 8
0.0357 0.0039 0.0385348 4
0.032 0.0051 0.03607704 12
0.0386 0.0016 0.0391788 3
0.0217 0.0029 0.02359941 7
0.0389 0.0019 0.03990594 8
0.04 0.0076 0.04642455 8
0.0365 0.0101 0.04530286 4
0.0305 0.0094 0.03873806 10
0.039 0.0081 0.04584844 5
0.0276 0.0015 0.02820611 9
0.0347 0.0048 0.03838432 3
0.0291 0.0045 0.03256353 2
0.037 0.0067 0.04253453 7
0.0452 0.0053 0.0494823 9
0.0426 0.0087 0.05006871 8
0.0322 0.0165 0.04722352 3
0.0379 0.0069 0.04371574 5
0.0462 0.0032 0.04850456 5
0.0282 0.0085 0.03557818 7
0.035 0.0104 0.04415392 8
0.0286 0.0039 0.0315342 7
0.0422 0.0135 0.05420709 5
0.0296 0.0012 0.02984262 6
0.0261 0.0111 0.03596387 3
0.0338 0.0091 0.04166838 3
0.0326 0.0092 0.04055331 3
0.0327 0.002 0.03371318 4
0.0426 0.017 0.05793755 3
0.0307 0.0173 0.04666565 6
0.036 0.0024 0.03737955 4
0.0323 0.009 0.0400741 5
0.0344 0.0142 0.04721951 7
0.0422 0.0223 0.06266807 4
0.0325 0.0104 0.0416058 2
0.0371 0.0187 0.05428197 19
0.0381 0.0079 0.04486647 6
0.0367 0.0081 0.0436997 9
0.0308 0.0041 0.03391158 10
0.0328 0.0042 0.03590934 3
0.0365 0.0014 0.03694239 7
0.0283 0.0071 0.03425931 3
0.0353 0.0192 0.05292287 4
0.0381 0.0125 0.04929898 5
0.0323 0.0045 0.03578197 6
0.0356 0.0012 0.03587176 7
0.0372 0.0049 0.0412278 11
0.0284 0.0155 0.04255877 4
0.0309 0.0039 0.03392715 12
0.0428 0.0045 0.04643224 6
0.0415 0.0086 0.04879887 2
0.035 0.0106 0.04430724 4
0.041 0.0089 0.04865537 8
0.0296 0.005 0.03363472 6
0.0344 0.0082 0.04136082 2
0.0326 0.0071 0.03853434 4
0.0396 0.013 0.05123147 5
0.0339 0.0016 0.03454478 8
0.0342 0.005 0.03823145 12
0.0365 0.0185 0.0536062 5
0.0423 0.0134 0.05422768 5
0.0388 0.0045 0.04238859 8
0.0337 0.0106 0.04301546 3
0.0314 0.0033 0.03368483 5
0.027 0.0013 0.0273914 5
0.0408 0.0063 0.04619598 9
0.0301 0.0011 0.03033495 8
0.043 0.012 0.05358184 5
0.0439 0.007 0.04975767 7
0.0413 0.0205 0.06010237 9
0.032 0.0078 0.03866739 11
0.0377 0.0114 0.04774534 5
0.0326 0.0028 0.03452358 13
0.0388 0.0043 0.04214632 9
0.0435 0.0149 0.05686681 4
0.0327 0.0106 0.04200933 5
0.0266 0.0136 0.03887744 1
0.0373 0.0061 0.04246609 12
0.038 0.0019 0.03905862 6
0.0365 0.0114 0.04661127 8
0.0394 0.0082 0.04638319 6
0.0261 0.0015 0.02662171 4
0.0371 0.0024 0.03870882 8
0.034 0.0063 0.03913307 4
0.0301 0.0065 0.03547199 8
0.0422 0.0076 0.04862337 12
0.0302 0.0067 0.03576744 6
0.0327 0.0021 0.03390394 6
0.0401 0.0025 0.0417173 3
0.0449 0.0042 0.04806782 7
0.023 0.0014 0.02350193 9
0.0376 0.0055 0.0419636 7
0.0331 0.0017 0.03380212 5
0.0414 0.0046 0.04496661 6
0.0364 0.0082 0.04338841 4
0.0404 0.0039 0.04337398 5
0.0352 0.0017 0.03615424 14
0.0361 0.0069 0.04182735 4
0.0394 0.0108 0.04882811 3
0.0434 0.0236 0.06510207 6
0.0331 0.0025 0.03459003 3
0.0363 0.0103 0.04533286 6
0.0282 0.0121 0.03903871 8
0.035 0.0052 0.03906971 5
0.0237 0.0076 0.03022082 9
0.0353 0.0067 0.04091951 8
0.0359 0.015 0.04950723 5
0.0389 0.0013 0.03923964 5
0.0333 0.0091 0.0413383 17
0.0358 0.002 0.0369321 8
0.0316 0.0028 0.03348254 5
0.0371 0.0118 0.04763523 16
0.0334 0.0084 0.04068071 5
0.037 0.0035 0.03946399 7
0.039 0.0053 0.04321086 4
0.0435 0.0075 0.05012341 16
0.0335 0.0016 0.03418613 9
0.0365 0.002 0.03753179 5
0.0403 0.0013 0.04077851 4
0.0349 0.0015 0.03548774 6
0.0401 0.0057 0.04468385 9
0.0296 0.0022 0.03095737 10
0.0447 0.0146 0.057738 6
0.0335 0.0038 0.03622427 9
0.0325 0.0079 0.03922959 6
0.0367 0.0096 0.04506188 4
0.0364 0.0117 0.0467859 5
0.0313 0.0015 0.0318561 5
0.037 0.015 0.05072078 13
0.0324 0.0023 0.03380592 10
0.0298 0.0034 0.03215197 3
0.0397 0.0117 0.05006482 9
0.0388 0.0085 0.04621904 8
0.0395 0.0126 0.05073628 6
0.0391 0.0078 0.04578282 11
0.0357 0.0059 0.04053609 7
0.0384 0.0048 0.04227078 7
0.0402 0.0013 0.04059951 7
0.033 0.0039 0.03591295 10
0.0336 0.0055 0.03797556 5
0.0351 0.0126 0.04637407 9
0.0388 0.0013 0.03923182 5
0.0352 0.0045 0.03868042 4
0.0417 0.0159 0.05616943 14
0.04 0.0013 0.04038613 7
0.0318 0.0106 0.04116162 6
0.0399 0.0092 0.0479584 11
0.0308 0.0052 0.03495239 4
0.043 0.0061 0.04791342 8
0.0449 0.0176 0.0608079 7
0.0438 0.0016 0.04441518 5
0.0366 0.0078 0.04320595 5
0.0344 0.0036 0.03703849 14
0.0368 0.0081 0.0437049 6
0.0394 0.002 0.04052164 6
0.0328 0.0096 0.04147726 13
0.0389 0.002 0.04001348 5
0.0399 0.0014 0.04039345 9
0.0322 0.0011 0.03247525 9
0.0366 0.0061 0.04170235 8
0.0342 0.0189 0.05151426 3
0.04 0.011 0.04975926 6
0.0394 0.0023 0.0407256 3
0.0373 0.0038 0.04013318 10
0.0259 0.0044 0.02933254 9
0.0401 0.0143 0.05307029 6
0.0389 0.0097 0.04766273 12
0.0404 0.0026 0.04202248 7
0.0343 0.0109 0.04396811 8
0.0359 0.0084 0.04315891 9
0.0347 0.0026 0.03635402 8
0.042 0.0031 0.04408991 5
0.0405 0.0032 0.0428585 11
0.0337 0.0074 0.04001586 9
0.0403 0.0054 0.04454448 3
0.0343 0.014 0.04691989 6
0.0336 0.0022 0.03489113 11
0.0384 0.0034 0.04079845 6
0.0331 0.0036 0.03573074 15
0.0375 0.0018 0.03850958 12
0.0401 0.0082 0.0470312 5
0.0353 0.0034 0.03780217 10
0.0321 0.0065 0.03751175 3
0.0367 0.0041 0.03975771 6
0.0316 0.0105 0.0408093 1
0.046 0.0042 0.04926868 14
0.0307 0.0096 0.03910616 7
0.0334 0.0026 0.03529751 11
0.0388 0.0096 0.04728441 7
0.047 0.0107 0.05642222 6
0.0229 0.0013 0.02324875 5
0.0387 0.0029 0.04069685 11
0.0382 0.0126 0.04946493 9
0.039 0.0043 0.04223454 5
0.0368 0.0094 0.04496317 4
0.0403 0.0025 0.04191969 7
0.0337 0.0038 0.03649855 6
0.0328 0.0054 0.03713491 5
0.0427 0.0013 0.04312561 9
0.0419 0.0015 0.04250484 6
0.0343 0.0015 0.03483954 7
0.037 0.0157 0.05119791 6
0.0392 0.0025 0.04072553 9
0.0334 0.0032 0.03570075 8
0.0335 0.0027 0.03530376 12
0.0345 0.0079 0.0412868 13
0.0362 0.0197 0.054332 4
0.042 0.0015 0.04262821 6
0.0387 0.0047 0.04230212 7
0.0339 0.0092 0.04189829 7
0.0347 0.0015 0.03525223 8
0.0369 0.0079 0.04373023 6
0.0274 0.0078 0.03412487 5
0.0377 0.0038 0.04045368 4
0.0422 0.0067 0.04776105 5
0.0439 0.0151 0.05755365 6
0.0361 0.0049 0.03997628 12
0.0405 0.0011 0.04079397 5
0.0466 0.0033 0.04899259 9
0.0321 0.0023 0.03356212 14
0.0335 0.0125 0.04474658 7
0.0277 0.0096 0.03626925 10
0.0343 0.0025 0.03606212 8
0.0319 0.0037 0.03453733 7
0.0354 0.004 0.03854393 5
0.0324 0.0071 0.0383357 7
0.0412 0.0073 0.04730171 7
0.0375 0.0066 0.0429088 2
0.0414 0.0037 0.04408198 7
0.0315 0.0033 0.0342119 11
0.0393 0.0184 0.05608753 8
0.0312 0.01 0.03997259 4
0.0412 0.0067 0.04673612 4
0.0366 0.0066 0.04214918 11
0.042 0.0027 0.04388733 15
0.0394 0.0048 0.04307194 2
0.0422 0.0171 0.05765994 5
0.0409 0.0029 0.042838 11
0.0357 0.0113 0.04568681 5
0.033 0.0091 0.04088417 5
0.0392 0.0012 0.03960362 5
0.0369 0.0117 0.04761888 12
0.0359 0.0049 0.03982378 10
0.04 0.006 0.04500595 11
0.039 0.005 0.04290897 7
0.0398 0.0042 0.04293708 8
0.0394 0.0045 0.04284497 6
0.0408 0.0084 0.04800052 7
0.0404 0.0023 0.0418162 9
0.0431 0.004 0.04617573 6
0.0476 0.0014 0.04811913 6
0.0402 0.0182 0.05675515 5
0.0364 0.0136 0.04863322 9
0.04 0.0065 0.04543748 8
0.0392 0.0055 0.04363578 4
0.0374 0.0147 0.05071862 7
0.0377 0.009 0.04554459 8
0.033 0.0026 0.03467492 14
0.0413 0.0117 0.05169037 14
0.0391 0.0028 0.0408546 2
0.0395 0.0054 0.04378171 5
0.0365 0.0079 0.04320003 7
0.0426 0.0023 0.04419023 8
0.0375 0.0118 0.0480358 7
0.0352 0.0015 0.03573625 7
0.043 0.0024 0.04445516 6
0.0356 0.0041 0.03870847 8
0.0402 0.0081 0.04712214 8
0.0393 0.0013 0.0398494 6
0.0386 0.0087 0.04610785 8
0.0379 0.006 0.0428251 8
0.0459 0.0108 0.05530402 4
0.0375 0.003 0.03960763 11
0.0424 0.0059 0.04712827 4
0.0356 0.0056 0.04018451 4
0.0431 0.0115 0.05321408 5
0.0361 0.0019 0.03704595 7
0.0441 0.0102 0.05318411 15
0.0405 0.0038 0.04324007 6
0.0408 0.0054 0.0452063 8
0.042 0.003 0.04415005 15
0.0412 0.0013 0.04155135 6
0.0392 0.0061 0.04430301 13
0.0365 0.0059 0.04140187 7
0.0438 0.0051 0.0477665 5
0.0469 0.0119 0.0573735 4
0.046 0.0032 0.04856829 7
0.0381 0.0055 0.0424588 4
0.0457 0.0035 0.04821324 4
0.0427 0.0087 0.05012448 8
0.025 0.0043 0.02829623 5
0.0432 0.0035 0.04572707 11
0.0322 0.0044 0.03567398 8
0.0352 0.002 0.03631904 8
0.0422 0.0114 0.05228933 9
0.041 0.0023 0.04233338 5
0.0379 0.0034 0.04044087 9
0.0453 0.0075 0.05165304 10
0.0433 0.0175 0.05919951 9
0.0438 0.0067 0.04930266 3
0.0409 0.0035 0.04346468 5
0.0388 0.0143 0.05173952 10
0.0334 0.0077 0.04007496 9
0.0323 0.0038 0.03505683 8
0.0387 0.0026 0.04045747 12
0.0409 0.0067 0.04638957 2
0.0431 0.0089 0.05074716 7
0.0521 0.0013 0.05243316 8
0.0402 0.0032 0.04247634 7
0.033 0.0087 0.04052539 9
0.0378 0.0017 0.03876864 11
0.037 0.009 0.04475401 6
0.0403 0.0048 0.04403593 6
0.0388 0.0092 0.04677133 11
0.0418 0.0013 0.04260132 9
0.0416 0.0085 0.04898233 6
0.0443 0.0085 0.05155585 7
0.0363 0.0107 0.0458022 8
0.0413 0.0029 0.04357634 9
0.0323 0.0016 0.03294608 8
0.0391 0.004 0.04205946 5
0.0379 0.0028 0.03981014 10
0.0411 0.0037 0.04376218 9
0.0324 0.0051 0.03645948 8
0.0371 0.0048 0.04096924 17
0.0393 0.0141 0.05206939 13
0.0426 0.0111 0.05238569 11
0.0446 0.0042 0.04778905 9
0.0471 0.0092 0.05508548 7
0.0444 0.0094 0.05248296 5
0.0392 0.0073 0.04534522 6
0.0483 0.0056 0.05289055 11
0.0388 0.0095 0.04724101 16
0.045 0.004 0.04809874 11
0.0454 0.0146 0.05843197 6
0.0431 0.004 0.04602847 5
0.0418 0.0077 0.04839463 11
0.0424 0.0141 0.05498885 6
0.045 0.0025 0.04662028 13
0.0431 0.0074 0.04965086 11
0.0382 0.0104 0.04758223 8
0.0464 0.0013 0.04696809 11
0.0464 0.0012 0.04673353 5
0.0359 0.0221 0.05632614 7
0.0462 0.0018 0.04720294 11
0.047 0.0046 0.05081907 16
0.0479 0.0053 0.05210048 9
0.0411 0.0107 0.05079969 14
0.0399 0.0107 0.04930881 8
0.0451 0.0046 0.04864505 6
0.0491 0.0162 0.06368769 8
0.0452 0.0026 0.04699942 12
0.0361 0.0046 0.03970356 10
0.0385 0.0066 0.04421108 12
0.045 0.0045 0.0487669 8
0.0396 0.005 0.04366554 10
0.0485 0.0117 0.05871549 5
0.0445 0.0046 0.0481688 7
0.0441 0.006 0.04909127 14
0.0452 0.0041 0.04836449 7
0.0461 0.0056 0.05062863 11
0.0408 0.006 0.04573776 8
0.0464 0.0014 0.04695839 9
0.0487 0.0067 0.05433834 6
0.0435 0.0038 0.04657407 10
0.0494 0.0073 0.05545392 5
0.0435 0.0034 0.04592611 9
0.0421 0.0097 0.05044499 4
0.0458 0.0036 0.04839113 10
0.0392 0.0104 0.04824303 4
0.0405 0.009 0.04855211 17
0.0442 0.0014 0.04468097 6
0.0481 0.0022 0.04966571 15
0.0486 0.0079 0.05535828 13
0.0487 0.0034 0.05112675 13
0.045 0.0061 0.05014347 15
0.0425 0.0015 0.04339675 10
0.0449 0.0092 0.05288532 11
0.0437 0.003 0.04589525 11
0.0516 0.0082 0.05860286 7
0.0471 0.0012 0.04761836 10
0.0477 0.0086 0.05516538 12
0.0435 0.0018 0.04439313 5
0.0366 0.0066 0.04202521 5
0.0392 0.0142 0.05201938 7
0.0459 0.0077 0.05250823 10
0.0447 0.0115 0.05477294 4
0.0497 0.0027 0.05161428 15
0.0433 0.0039 0.04623494 11
0.0427 0.0053 0.04687116 4
0.0404 0.0016 0.04121337 6
0.0473 0.0023 0.04860057 6
0.049 0.0093 0.05698685 6
0.044 0.0127 0.05525159 5
0.044 0.0127 0.05524859 12
0.0504 0.0088 0.05789394 7
0.0438 0.0064 0.04901223 8
0.0489 0.0085 0.05611511 9
0.0369 0.0023 0.03840783 14
0.046 0.0105 0.0551665 6
0.0478 0.0053 0.05204566 5
0.0483 0.0067 0.0537803 8
0.0351 0.0165 0.050151 13
0.0464 0.0021 0.04778965 9
0.0429 0.0115 0.05316755 10
0.042 0.0151 0.05573987 12
0.0501 0.0105 0.05918959 5
0.0474 0.0112 0.05718385 6
0.0426 0.0042 0.04572878 9
0.0436 0.0035 0.04618881 10
0.044 0.0068 0.04970501 5
0.0471 0.0077 0.05356901 8
0.0421 0.0056 0.04662388 10
0.0458 0.0038 0.04895198 17
0.0494 0.0049 0.05316431 4
0.0406 0.0016 0.04141077 12
0.0496 0.0073 0.05572171 5
0.0432 0.0098 0.05177948 7
0.0446 0.0042 0.04799805 9
0.0421 0.0099 0.05069356 7
0.048 0.002 0.04905241 12
0.0435 0.0093 0.05175726 11
0.0458 0.008 0.05256559 9
0.0409 0.0089 0.04887506 18
0.0398 0.0019 0.04069839 6
0.049 0.0105 0.0581258 5
0.048 0.0142 0.06067483 9
0.0397 0.0042 0.04295323 10
0.0473 0.0177 0.06326059 7
0.04 0.0072 0.04633414 17
0.0468 0.0043 0.05008968 7
0.0457 0.0108 0.05522666 12
0.0405 0.0106 0.04993401 11
0.0575 0.0114 0.06734994 6
0.0567 0.0089 0.06424376 6
0.0486 0.0039 0.05147397 11
0.0413 0.0053 0.04566546 8
0.0483 0.0034 0.05059104 2
0.048 0.0055 0.05268697 10
0.0445 0.0047 0.04823016 8
0.0525 0.0036 0.05505425 8
0.0457 0.0057 0.05070947 15
0.0464 0.0095 0.05470929 14
0.0485 0.0043 0.05185714 14
0.0433 0.0122 0.05422453 11
0.047 0.0046 0.05053102 14
0.0463 0.0055 0.05083485 11
0.0499 0.0061 0.05475938 3
0.0441 0.0147 0.05727413 10
0.0468 0.0066 0.05228202 8
0.0472 0.0082 0.05449909 15
0.0458 0.0126 0.05699974 11
0.0405 0.0052 0.0449091 12
0.0493 0.0015 0.0498974 7
0.0384 0.0057 0.04353105 20
0.0416 0.0079 0.04832714 9
0.048 0.0075 0.05432037 6
0.0436 0.0061 0.04868338 18
0.0514 0.0083 0.05842045 11
0.0453 0.0048 0.04905329 8
0.0456 0.003 0.04769684 11
0.0466 0.005 0.0505658 9
0.0438 0.0031 0.04585593 6
0.0551 0.0064 0.06052217 10
0.0513 0.0094 0.05940828 8
0.0461 0.0027 0.04793068 11
0.0487 0.0013 0.04926487 12
0.0431 0.0056 0.04784217 13
0.0489 0.0081 0.0557175 6
0.0477 0.004 0.05074265 10
0.0432 0.004 0.04631446 21
0.0485 0.0135 0.06066001 11
0.0506 0.0047 0.05417234 5
0.0481 0.0053 0.05228568 7
0.0458 0.0035 0.04833826 7
0.0432 0.0082 0.0503533 14
0.0403 0.0055 0.0449185 7
0.0536 0.0053 0.05785448 7
0.0498 0.0093 0.05801934 13
0.0473 0.0083 0.05435862 7
0.051 0.0053 0.0552742 9
0.0443 0.0021 0.04558795 13
0.0489 0.0055 0.05333133 6
0.0422 0.0094 0.05033765 8
0.0454 0.0026 0.04706552 11
0.0438 0.0101 0.0526577 9
0.048 0.0183 0.06451163 7
0.0488 0.0051 0.05296036 6
0.0454 0.0037 0.04809023 11
0.0482 0.0073 0.05444185 15
0.0429 0.0036 0.0457618 11
0.0433 0.0047 0.04703747 10
0.0521 0.009 0.05987969 13
0.0492 0.0033 0.05161829 10
0.0499 0.0072 0.05593187 7
0.0476 0.0028 0.04960354 19
0.0402 0.0018 0.04113712 14
0.052 0.0067 0.05756995 13
0.0449 0.011 0.05459824 11
0.0526 0.0077 0.0591593 9
0.0422 0.0037 0.04505841 7
0.0438 0.0042 0.04696361 11
0.0458 0.006 0.05067627 7
0.0508 0.0012 0.0511556 8
0.0451 0.0036 0.04806371 15
0.0455 0.0061 0.05055903 8
0.0505 0.0018 0.05141727 12
0.0517 0.0091 0.05980627 16
0.0488 0.0026 0.05038362 7
0.0483 0.0048 0.05209297 10
0.0475 0.0091 0.05542769 10
0.0465 0.009 0.05431181 7
0.0423 0.0074 0.04850055 7
0.0496 0.0157 0.06364257 7
0.0445 0.005 0.0485253 8
0.0442 0.013 0.05580856 5
0.0486 0.0059 0.05349329 12
0.0462 0.0109 0.05572245 9
0.0402 0.0045 0.04387725 9
0.0472 0.0054 0.05170949 15
0.0499 0.0067 0.05544175 10
0.0516 0.0028 0.05366858 15
0.0418 0.0203 0.06048854 12
0.0447 0.0055 0.04919934 12
0.0428 0.0111 0.0527301 12
0.0488 0.0102 0.05771646 11
0.0455 0.0084 0.05260352 7
0.0452 0.0077 0.05170007 7
0.0453 0.0099 0.05406313 11
0.0459 0.005 0.0497267 2
0.0446 0.0051 0.04877712 10
0.0528 0.0046 0.05641148 9
0.0469 0.0122 0.05773245 13
0.0492 0.0047 0.05278532 7
0.057 0.0099 0.06556536 9
0.0455 0.0025 0.04719118 16
0.05 0.0067 0.05571943 6
0.0493 0.0085 0.05662955 10
0.0439 0.0074 0.05017598 6
0.05 0.0091 0.05791167 11
0.0485 0.0092 0.05652639 12
0.0512 0.0054 0.05538394 3
0.05 0.0069 0.05574645 11
0.0487 0.0041 0.0520437 25
0.049 0.0066 0.05455757 11
0.047 0.0052 0.05131527 14
0.0494 0.0037 0.05204925 4
0.0497 0.0066 0.05521718 9
0.0542 0.0133 0.0659872 16
0.0529 0.0065 0.05841194 12
0.0463 0.0057 0.0512711 11
0.0425 0.0047 0.04617056 15
0.0434 0.0046 0.04686445 7
0.0521 0.0014 0.05263714 8
0.0531 0.0053 0.05733651 9
0.046 0.0066 0.05144873 11
0.0483 0.0017 0.04943501 16
0.0487 0.0046 0.05220667 8
0.0501 0.0061 0.0552985 13
0.0483 0.0036 0.05110838 12
0.0435 0.006 0.04849549 15
0.0467 0.0033 0.04909543 12
0.0456 0.0072 0.05174434 13
0.0476 0.0054 0.05199624 15
0.0491 0.0067 0.05477156 11
0.052 0.0058 0.05690895 11
0.0492 0.0026 0.05082776 8
0.0421 0.0105 0.05137401 11
0.0462 0.0049 0.05020412 10
0.045 0.0109 0.05470862 14
0.0463 0.0053 0.05062063 15
0.0508 0.0051 0.05517948 12
0.0476 0.0049 0.05149854 7
0.0477 0.0096 0.05596074 8
0.0457 0.0071 0.05183321 16
0.049 0.0035 0.05162216 15
0.0419 0.0054 0.04637892 11
0.0526 0.0028 0.05454326 13
0.0465 0.0083 0.05384701 14
0.052 0.0088 0.05957684 13
0.0478 0.0085 0.0551205 10
0.0481 0.0026 0.04978466 10
0.0455 0.0041 0.04880256 21
0.045 0.0063 0.05037523 15
0.0465 0.006 0.05155734 18
0.0453 0.0142 0.0579822 8
0.0453 0.0044 0.04876534 12
0.0511 0.0044 0.05442126 11
0.0483 0.0077 0.0549475 14
0.049 0.0106 0.05831004 12
0.052 0.003 0.0542176 14
0.0479 0.0031 0.05023346 14
0.0534 0.0045 0.0569028 9
0.0516 0.0095 0.05994458 11
0.0488 0.0078 0.05555257 8
0.0496 0.0084 0.05670847 7
0.0479 0.0051 0.05195987 9
0.0505 0.0083 0.0577885 18
0.0479 0.0034 0.05051245 7
0.0515 0.0095 0.05967959 6
0.0509 0.0033 0.05321359 9
0.0465 0.0046 0.05003428 7
0.0494 0.0059 0.05423028 7
0.0456 0.0139 0.0581871 15
0.0489 0.0033 0.05133375 12
0.0458 0.0072 0.05191198 7
0.0522 0.0098 0.06076868 11
0.0451 0.0077 0.05165774 11
0.0514 0.003 0.05355307 8
0.0501 0.0123 0.06104299 11
0.0485 0.0028 0.05031791 10
0.0536 0.0011 0.05404013 11
0.0448 0.0127 0.05641345 14
0.0452 0.0086 0.05276586 18
0.0497 0.0095 0.05788381 5
0.0459 0.0028 0.04782904 11
0.0517 0.001 0.05189914 11
0.0445 0.0041 0.04775135 13
0.043 0.0062 0.04823895 11
0.05 0.0051 0.05412841 9
0.0509 0.0042 0.05419881 14
0.0534 0.0107 0.06265088 9
0.0513 0.0024 0.05307524 15
0.0497 0.0045 0.05323507 16
0.047 0.0011 0.04759537 14
0.0522 0.004 0.05550902 9
0.0501 0.0064 0.05538127 11
0.0482 0.0146 0.06134552 6
0.0498 0.0068 0.05554526 9
0.0463 0.0115 0.05635095 6
0.045 0.0097 0.05342847 4
0.0494 0.0115 0.05939894 2
0.0498 0.0042 0.05307876 12
0.0501 0.0043 0.05340746 8
0.0503 0.0096 0.05892584 14
0.0502 0.0059 0.05519988 11
0.052 0.0066 0.05738041 8
0.0483 0.0037 0.05137788 15
0.0523 0.0021 0.05381161 13
0.0482 0.0033 0.05090691 13
0.0503 0.0013 0.05094716 14
0.0496 0.0043 0.05291827 6
0.0515 0.0086 0.05879978 9
0.0521 0.0088 0.05957644 9
0.0476 0.0019 0.04872081 15
0.0451 0.0069 0.05110374 12
0.0525 0.0058 0.0573983 7
0.048 0.0057 0.0527531 13
0.0458 0.0031 0.04817274 10
0.0492 0.0034 0.0516647 8
0.0505 0.0069 0.0562467 12
0.052 0.0191 0.06921824 6
0.0495 0.0063 0.05470789 10
0.0506 0.008 0.05754487 10
0.0485 0.0072 0.05491737 12
0.0519 0.0071 0.05776317 8
0.0512 0.0094 0.05950959 12
0.0535 0.0032 0.05569003 11
0.0561 0.0043 0.05945379 12
0.0504 0.0078 0.05696299 17
0.0436 0.0052 0.04783818 8
0.0463 0.0066 0.051828 14
0.0478 0.0013 0.04855368 12
0.0517 0.0036 0.05446821 11
0.0558 0.0085 0.06311439 9
0.0494 0.0106 0.05876861 12
0.0469 0.0174 0.06272709 8
0.0458 0.0048 0.04945642 7
0.048 0.0079 0.0550326 12
0.0499 0.0053 0.05408785 9
0.0525 0.0078 0.05912603 9
0.0572 0.0053 0.06143682 9
0.0541 0.0045 0.05771152 8
0.0494 0.0024 0.05110207 14
0.0484 0.007 0.05417994 6
0.0525 0.0091 0.06032843 6
0.0477 0.0048 0.05151521 11
0.0528 0.0058 0.05751422 12
0.0521 0.009 0.05988621 11
0.0479 0.0048 0.05190343 18
0.0449 0.0053 0.04927316 17
0.0509 0.0041 0.05402857 10
0.0517 0.0143 0.06443137 9
0.0446 0.0074 0.05084196 7
0.0468 0.0084 0.05398413 12
0.048 0.0044 0.05141806 8
0.0531 0.0113 0.06322458 10
0.0522 0.0083 0.0592318 2
0.0518 0.0057 0.05652104 13
0.0533 0.0088 0.06094429 13
0.0486 0.0147 0.06185211 8
0.0492 0.0015 0.05013224 15
0.0536 0.0075 0.06001817 9
0.0502 0.0073 0.05633478 13
0.0503 0.003 0.05240676 13
0.056 0.009 0.06368385 8
0.0506 0.0119 0.06109501 8
0.0529 0.0028 0.05504208 17
0.0486 0.009 0.05644397 20
0.0536 0.0114 0.06366332 13
0.0531 0.0104 0.06224368 13
0.0484 0.006 0.05360485 13
0.0516 0.0106 0.06078917 5
0.0478 0.0137 0.06006146 9
0.0482 0.0034 0.05066186 11
0.0508 0.0039 0.05396472 13
0.0527 0.0042 0.0561389 20
0.0484 0.0028 0.0503459 15
0.0503 0.0113 0.06031448 13
0.0534 0.0055 0.05785896 11
0.0507 0.0069 0.05677103 11
0.0509 0.0046 0.05452478 12
0.0523 0.0036 0.05487049 5
0.0488 0.0093 0.05686266 4
0.0528 0.0063 0.0580882 8
0.0452 0.003 0.04718495 8
0.0478 0.0081 0.05468169 10
0.0475 0.0086 0.05487688 14
0.0483 0.009 0.05599102 6
0.0502 0.0035 0.05285465 13
0.0518 0.0051 0.05592691 7
0.0466 0.0061 0.05176198 10
0.0484 0.0033 0.05113394 14
0.0471 0.0093 0.05514765 15
0.0439 0.0088 0.05159911 10
0.0543 0.0088 0.06195348 11
0.0517 0.0063 0.0568895 8
0.0512 0.0116 0.06140821 7
0.0527 0.0078 0.0593274 15
0.0471 0.0068 0.05281781 10
0.053 0.016 0.06730387 7
0.0547 0.0081 0.06166005 18
0.0555 0.0015 0.05630804 16
0.0553 0.0161 0.06975819 13
0.0516 0.0077 0.05835797 9
0.0496 0.0066 0.05524819 19
0.0466 0.0124 0.05765131 11
0.0522 0.0069 0.05797621 17
0.0506 0.0064 0.0559869 18
0.0526 0.0077 0.05900859 7
0.0488 0.003 0.05098978 9
0.0466 0.0063 0.05199973 12
0.0489 0.008 0.05576809 11
0.0506 0.01 0.05944581 18
0.0552 0.0059 0.06005234 11
0.0483 0.0037 0.05107357 6
0.0456 0.0045 0.04925356 15
0.0602 0.0095 0.0683962 11
0.0435 0.0038 0.04653351 13
0.0502 0.0029 0.05240502 12
0.0529 0.0086 0.06021154 9
0.0512 0.0074 0.05745407 17
0.0473 0.0073 0.0534451 10
0.0582 0.0048 0.06194845 9
0.0513 0.0098 0.05977329 14
0.0485 0.0074 0.05471999 9
0.0491 0.0056 0.05355112 9
0.0494 0.0034 0.05200655 14
0.0515 0.008 0.05851995 15
0.0615 0.0048 0.06522898 9
0.0531 0.0096 0.0613845 7
0.0447 0.0049 0.04866304 13
0.0468 0.005 0.05066856 7
0.0479 0.0087 0.05543282 8
0.0571 0.0075 0.06344063 11
0.052 0.0088 0.05945304 10
0.0559 0.0064 0.06114078 12
0.0513 0.0077 0.05782427 11
0.0526 0.0015 0.05334032 13
0.0549 0.0064 0.06034954 9
0.0536 0.0024 0.05538706 13
0.0534 0.0023 0.0551146 13
0.051 0.006 0.05605353 9
0.0527 0.0033 0.05512954 8
0.0532 0.0079 0.06008303 17
0.0477 0.0083 0.05510692 17
0.0434 0.0089 0.05120283 13
0.0513 0.0063 0.0565249 8
0.0516 0.0154 0.0654055 14
0.0519 0.0097 0.06029103 11
0.0499 0.0043 0.05328096 11
0.0495 0.0044 0.05305086 13
0.0524 0.0049 0.05638863 10
0.0484 0.0055 0.05290056 14
0.0505 0.0137 0.06274722 9
0.0527 0.0058 0.05758578 12
0.0531 0.0017 0.05393578 8
0.0484 0.0072 0.05456286 14
0.049 0.0078 0.05569514 10
0.0527 0.0104 0.06167897 10
0.055 0.0048 0.05874873 10
0.0476 0.0051 0.0519819 18
0.0552 0.0072 0.06133015 9
0.0529 0.0081 0.05990098 10
0.0516 0.0091 0.05963629 15
0.052 0.0067 0.05753507 9
0.0453 0.0083 0.05249329 9
0.0527 0.0032 0.05506851 11
0.0489 0.009 0.05673096 14
0.0557 0.0105 0.06481604 11
0.05 0.0061 0.05521013 10
0.056 0.004 0.05897669 11
0.0568 0.0011 0.05702031 8
0.0517 0.009 0.05931603 8
0.0498 0.0102 0.05875101 11
0.0564 0.0099 0.06484291 6
0.0587 0.0114 0.06859067 10
0.0523 0.0118 0.0629606 11
0.0491 0.0049 0.05300214 17
0.0517 0.0092 0.05972441 17
0.0506 0.0087 0.05821918 15
0.0521 0.0088 0.05961887 12
0.0531 0.0099 0.06165962 6
0.0509 0.0102 0.05980414 7
0.0508 0.0084 0.0580817 10
0.0504 0.0026 0.05226382 14
0.0553 0.0062 0.06062411 13
0.0504 0.006 0.05534528 14
0.0521 0.0114 0.0620546 10
0.0474 0.0064 0.052942 8
0.0493 0.0154 0.06324941 14
0.0507 0.0114 0.06076761 11
0.051 0.0074 0.05749932 9
0.0488 0.017 0.06407447 10
0.0491 0.0071 0.05512796 10
0.0553 0.0094 0.06341653 9
0.053 0.0088 0.06063105 8
0.0511 0.009 0.05928382 12
0.0494 0.0057 0.05428623 17
0.0482 0.0123 0.05931562 11
0.0514 0.0064 0.05688974 17
0.0594 0.0083 0.06642671 11
0.0523 0.0075 0.05877589 17
0.0524 0.0127 0.06370529 10
0.0542 0.0072 0.06023919 7
0.0484 0.0033 0.05087179 10
0.0509 0.0032 0.0532317 13
0.052 0.0107 0.06152576 12
0.0485 0.0119 0.05910021 8
0.0512 0.0061 0.05651926 24
0.0452 0.0127 0.05658514 7
0.0549 0.0081 0.06170925 4
0.0561 0.0095 0.06434267 11
0.0513 0.0028 0.05334882 10
0.0509 0.0039 0.05434009 20
0.0525 0.003 0.054693 12
0.0555 0.0073 0.06151964 8
0.0519 0.0077 0.05838044 9
0.0497 0.0112 0.0596389 8
0.0542 0.0044 0.05779799 9
0.0484 0.0112 0.05822198 8
0.0525 0.005 0.05648836 14
0.0501 0.0028 0.05191909 11
0.0519 0.0107 0.06126954 13
0.056 0.0079 0.06309656 15
0.0455 0.0063 0.05111906 13
0.0516 0.0098 0.06010429 6
0.0523 0.0059 0.05733041 12
0.0519 0.0108 0.06138541 10
0.0555 0.0062 0.06078317 15
0.0524 0.0062 0.0575596 13
0.0553 0.0041 0.05841683 8
0.0523 0.0049 0.05621564 9
0.0566 0.0103 0.06568019 17
0.0534 0.003 0.05558107 12
0.0491 0.011 0.05873892 6
0.0552 0.0047 0.05896173 17
0.0533 0.0068 0.05890095 12
0.0482 0.0091 0.05620298 9
0.0493 0.0102 0.05840193 22
0.0497 0.0058 0.05431276 3
0.0579 0.0084 0.06516934 16
0.0554 0.0046 0.05917732 12
0.054 0.0053 0.05848477 12
0.0507 0.012 0.06124591 7
0.0573 0.0056 0.06213487 16
0.0479 0.0021 0.04948481 15
0.0557 0.0026 0.05763351 14
0.0508 0.01 0.05956256 7
0.0519 0.0031 0.05420923 10
0.0545 0.0089 0.062334 19
0.0517 0.0081 0.05869326 17
0.0524 0.0082 0.05939963 11
0.052 0.0081 0.05918476 11
0.0479 0.0026 0.04983364 12
0.0543 0.0061 0.05919879 7
0.0518 0.0026 0.0535528 17
0.0521 0.0048 0.05617261 11
0.0508 0.0067 0.05654139 15
0.0527 0.0043 0.05624772 12
0.0474 0.0104 0.05645841 9
0.0469 0.0044 0.05043602 16
0.059 0.0056 0.06364798 15
0.0568 0.0077 0.0633272 14
0.0556 0.008 0.06255672 17
0.0533 0.0115 0.06351016 8
0.0508 0.0072 0.05701427 14
0.0512 0.0052 0.05571655 13
0.0473 0.0044 0.05095687 18
0.0555 0.0141 0.06800214 6
0.0499 0.0023 0.05143237 14
0.0484 0.0061 0.05362512 10
0.0543 0.0099 0.06284961 9
0.0583 0.008 0.06509639 10
0.0537 0.0066 0.0594229 15
0.0558 0.0044 0.05917585 8
0.0571 0.0111 0.0671729 14
0.0517 0.0013 0.05223728 12
0.0449 0.0101 0.05376475 15
0.0554 0.0076 0.0619009 13
0.0541 0.0095 0.06256804 15
0.0489 0.006 0.05402085 11
0.0538 0.0116 0.06387391 6
0.0538 0.0035 0.05656914 15
0.0538 0.0075 0.06007711 11
0.0546 0.0124 0.06559763 12
0.0528 0.0075 0.05921243 9
0.0522 0.0053 0.05641783 8
0.0492 0.004 0.05244394 14
0.046 0.0076 0.05256867 14
0.0575 0.0112 0.06716661 7
0.0553 0.0109 0.06512076 18
0.0463 0.0077 0.05315029 11
0.053 0.0045 0.05651277 11
0.0546 0.0076 0.06090349 8
0.0564 0.0055 0.06103691 10
0.0524 0.0047 0.05626647 9
0.0555 0.0056 0.06020015 15
0.0599 0.0093 0.06776966 4
0.0504 0.0099 0.05922334 12
0.053 0.0086 0.06044652 12
0.0545 0.0131 0.06614199 12
0.0558 0.004 0.05895301 8
0.0532 0.006 0.0582559 15
0.0476 0.0043 0.05089442 12
0.0548 0.0084 0.06195819 11
0.0523 0.0067 0.05815442 17
0.0566 0.0056 0.06127404 13
0.0536 0.0041 0.05675963 15
0.0557 0.0133 0.06756383 11
0.055 0.005 0.05891022 9
0.0567 0.0069 0.06253088 14
0.0534 0.0052 0.05770238 22
0.0555 0.0075 0.06173189 9
0.0556 0.0045 0.05923723 14
0.0496 0.0094 0.05762584 3
0.0502 0.0042 0.05378969 17
0.0585 0.0055 0.06305259 12
0.0449 0.0095 0.05349411 15
0.0547 0.0066 0.06041805 14
0.0618 0.004 0.06470216 8
0.0538 0.0086 0.06126851 11
0.0523 0.0129 0.06379454 8
0.0561 0.0072 0.06246826 9
0.0507 0.0128 0.06207069 14
0.048 0.0058 0.05293226 16
0.0527 0.004 0.0556691 11
0.0547 0.0042 0.05793772 7
0.0525 0.0074 0.0587274 16
0.0528 0.0046 0.05646978 9
0.054 0.0049 0.05796285 15
0.0467 0.0069 0.0527427 14
0.0532 0.006 0.05816395 12
0.0584 0.0136 0.07052912 10
0.0504 0.0134 0.06248008 7
0.0577 0.0081 0.06456076 9
0.055 0.0115 0.06496396 5
0.0515 0.0062 0.05685425 15
0.0554 0.0055 0.05991487 12
0.0489 0.0023 0.05048497 20
0.0579 0.0131 0.06957128 11
0.0549 0.0097 0.06343831 14
0.0537 0.0023 0.05529789 11
0.051 0.0045 0.05441198 7
0.0545 0.0093 0.06242552 7
0.0538 0.0083 0.06096923 11
0.0509 0.0063 0.05616518 13
0.0548 0.017 0.07008349 9
0.0509 0.0029 0.052885 9
0.0524 0.0086 0.05983782 19
0.0507 0.0076 0.05729569 16
0.0507 0.0096 0.05893566 8
0.0517 0.0069 0.0576999 14
0.0478 0.0108 0.05745559 17
0.0468 0.0073 0.05334558 7
0.0574 0.0049 0.06136356 14
0.0494 0.0071 0.05566291 19
0.0603 0.0099 0.06888483 12
0.0502 0.0098 0.05875715 12
0.0534 0.0051 0.05739858 8
0.0522 0.0082 0.05927692 14
0.0541 0.0118 0.06456629 12
0.0543 0.0071 0.06025223 11
0.0594 0.0095 0.06798182 18
0.0543 0.0048 0.05826309 14
0.0542 0.0066 0.05966396 10
0.0524 0.0054 0.05670039 7
0.0497 0.0083 0.05691544 12
0.0524 0.0037 0.05536955 14
0.0557 0.0056 0.06030044 10
0.0554 0.0087 0.06283432 6
0.055 0.0064 0.06048283 20
0.0552 0.0075 0.06141741 7
0.0559 0.0068 0.06187283 9
0.0503 0.007 0.05604776 7
0.0562 0.0078 0.06288705 15
0.0639 0.0082 0.0709009 7
0.0551 0.0041 0.05845642 17
0.0523 0.0033 0.05491143 19
0.0539 0.009 0.06186405 11
0.0486 0.0097 0.05732623 13
0.0547 0.0057 0.05949903 14
0.0523 0.007 0.05819005 9
0.0559 0.0068 0.0615261 6
0.0551 0.0064 0.06037638 11
0.0552 0.007 0.06099234 7
0.0598 0.0149 0.07305517 6
0.0494 0.0082 0.05681257 21
0.0517 0.0072 0.05807726 18
0.0488 0.0122 0.0595165 7
0.0554 0.0045 0.05891611 11
0.0529 0.0058 0.05807903 14
0.0574 0.0061 0.06245229 9
0.0545 0.006 0.0594882 13
0.0539 0.0055 0.05850799 22
0.0574 0.0049 0.06142744 12
0.0546 0.0141 0.06720204 9
0.0511 0.0063 0.05619044 4
0.056 0.0135 0.06795479 8
0.0522 0.0072 0.05829721 11
0.0554 0.0058 0.06001984 10
0.0537 0.0174 0.06979872 21
0.0545 0.0116 0.06484809 9
0.0585 0.0047 0.06233522 11
0.0508 0.0096 0.05933249 10
0.053 0.0098 0.06155728 12
0.0525 0.0052 0.05679761 12
0.0554 0.0097 0.06372027 7
0.0514 0.0105 0.06061111 12
0.0541 0.0041 0.05720111 14
0.0497 0.008 0.05664707 10
0.0554 0.01 0.06414448 15
0.049 0.0061 0.05427179 17
0.0541 0.0102 0.0631705 10
0.0536 0.0068 0.05938597 17
0.0552 0.0095 0.0634074 9
0.0547 0.0066 0.06047712 16
0.0508 0.0083 0.05794278 9
0.0547 0.0096 0.06321567 14
0.057 0.0104 0.06606424 8
0.0549 0.0107 0.06427925 13
0.0557 0.0109 0.06527591 12
0.0541 0.0123 0.06501577 9
0.0595 0.009 0.06716898 12
0.0578 0.0068 0.06355102 10
0.0524 0.0055 0.05699816 11
0.0541 0.0031 0.05628023 4
0.0572 0.0105 0.06635274 4
0.052 0.0052 0.05625815 15
0.0561 0.0093 0.06431092 20
0.0543 0.0103 0.06335725 16
0.0497 0.0076 0.05632382 13
0.0475 0.006 0.05260623 15
0.0551 0.0054 0.05958406 12
0.0552 0.0095 0.06341304 7
0.0581 0.0074 0.06444332 9
0.053 0.006 0.05822547 14
0.0533 0.007 0.05924189 14
0.0571 0.0058 0.06173378 7
0.0553 0.006 0.06031031 15
0.0557 0.0139 0.06836235 16
0.0555 0.0095 0.06363482 5
0.0549 0.0064 0.06042493 13
0.0506 0.009 0.05842546 11
0.053 0.0077 0.05966018 12
0.0577 0.0064 0.06297096 10
0.056 0.0121 0.06689529 15
0.0534 0.0097 0.06213551 12
0.0574 0.0124 0.06836517 9
0.055 0.0089 0.06259862 9
0.0561 0.0085 0.06334629 11
0.0513 0.0092 0.05980359 17
0.0517 0.0072 0.05786507 16
0.0519 0.0122 0.06262758 10
0.055 0.0059 0.05996305 12
0.0543 0.0109 0.06393521 13
0.0553 0.0127 0.06655406 13
0.0526 0.0211 0.07199363 17
0.0542 0.0108 0.06361954 13
0.0577 0.0066 0.06308306 7
0.0518 0.0077 0.05858065 11
0.0495 0.0053 0.05396921 14
0.061 0.0096 0.06934411 11
0.0541 0.009 0.0622596 17
0.0542 0.0136 0.06637915 9
0.0542 0.012 0.06486009 15
0.0511 0.0087 0.05856433 9
0.0547 0.0115 0.06483068 17
0.049 0.0091 0.05699983 10
0.053 0.0027 0.05495956 12
0.0548 0.0062 0.05982949 9
0.0573 0.0033 0.06006499 20
0.0592 0.014 0.07175058 10
0.053 0.0106 0.06225917 10
0.0528 0.0186 0.06994922 14
0.06 0.0053 0.06421816 7
0.0562 0.0086 0.06375658 11
0.0559 0.0067 0.06197657 13
0.0494 0.0107 0.05897531 9
0.0552 0.0065 0.06083031 16
0.0536 0.009 0.06159249 19
0.0541 0.0032 0.05641902 9
0.05 0.0106 0.05938351 9
0.0517 0.0077 0.05835763 11
0.0556 0.0026 0.05754785 15
0.0535 0.0054 0.05774425 4
0.0596 0.0122 0.07057107 12
0.053 0.0043 0.0564676 15
0.0534 0.0031 0.05588031 17
0.0509 0.0069 0.05682515 17
0.0563 0.0087 0.06375586 13
0.0583 0.0089 0.06602293 11
0.0558 0.009 0.06369392 16
0.0545 0.0105 0.06368618 9
0.0585 0.0131 0.07019198 12
0.0582 0.0056 0.06272508 14