../../problems/clp/benchs/BRrw/BRrw1.txt -i 31 --min_fr=1.0 0.029500 0.024100
../../problems/clp/benchs/BRrw/BRrw1.txt -i 64 --min_fr=1.0 0.016100 0.012800
../../problems/clp/benchs/BRrw/BRrw2.txt -i 14 --min_fr=1.0 0.034200 0.024200
../../problems/clp/benchs/BRrw/BRrw2.txt -i 49 --min_fr=1.0 0.029100 0.023000
../../problems/clp/benchs/BRrw/BRrw3.txt -i 31 --min_fr=1.0 0.033600 0.026900
../../problems/clp/benchs/BRrw/BRrw3.txt -i 59 --min_fr=1.0 0.038700 0.032100
../../problems/clp/benchs/BRrw/BRrw3.txt -i 85 --min_fr=1.0 0.036400 0.029700
../../problems/clp/benchs/BRrw/BRrw4.txt -i 8 --min_fr=1.0 0.038200 0.030700
../../problems/clp/benchs/BRrw/BRrw4.txt -i 52 --min_fr=1.0 0.038700 0.029800
../../problems/clp/benchs/BRrw/BRrw4.txt -i 60 --min_fr=1.0 0.029800 0.023600
../../problems/clp/benchs/BRrw/BRrw4.txt -i 78 --min_fr=1.0 0.025600 0.021300
../../problems/clp/benchs/BRrw/BRrw4.txt -i 97 --min_fr=1.0 0.036300 0.029800
../../problems/clp/benchs/BRrw/BRrw5.txt -i 18 --min_fr=1.0 0.036000 0.029000
../../problems/clp/benchs/BRrw/BRrw5.txt -i 30 --min_fr=1.0 0.044300 0.030200
../../problems/clp/benchs/BRrw/BRrw5.txt -i 32 --min_fr=1.0 0.034100 0.027300
../../problems/clp/benchs/BRrw/BRrw5.txt -i 48 --min_fr=1.0 0.043000 0.034100
../../problems/clp/benchs/BRrw/BRrw5.txt -i 49 --min_fr=1.0 0.033800 0.027300
../../problems/clp/benchs/BRrw/BRrw5.txt -i 87 --min_fr=1.0 0.042000 0.034300
../../problems/clp/benchs/BRrw/BRrw5.txt -i 96 --min_fr=1.0 0.040800 0.032600
../../problems/clp/benchs/BRrw/BRrw6.txt -i 24 --min_fr=1.0 0.046600 0.037000
../../problems/clp/benchs/BRrw/BRrw6.txt -i 47 --min_fr=1.0 0.036400 0.030300
../../problems/clp/benchs/BRrw/BRrw6.txt -i 53 --min_fr=1.0 0.041600 0.031400
../../problems/clp/benchs/BRrw/BRrw6.txt -i 89 --min_fr=1.0 0.043900 0.034800
../../problems/clp/benchs/BRrw/BRrw6.txt -i 91 --min_fr=1.0 0.037700 0.031000
../../problems/clp/benchs/BRrw/BRrw6.txt -i 96 --min_fr=1.0 0.039900 0.028800
../../problems/clp/benchs/BRrw/BRrw7.txt -i 6 --min_fr=1.0 0.046600 0.035200
../../problems/clp/benchs/BRrw/BRrw7.txt -i 10 --min_fr=1.0 0.042300 0.033700
../../problems/clp/benchs/BRrw/BRrw7.txt -i 17 --min_fr=1.0 0.044800 0.037300
../../problems/clp/benchs/BRrw/BRrw7.txt -i 22 --min_fr=1.0 0.041000 0.033800
../../problems/clp/benchs/BRrw/BRrw7.txt -i 32 --min_fr=1.0 0.042600 0.034200
../../problems/clp/benchs/BRrw/BRrw7.txt -i 39 --min_fr=1.0 0.047000 0.038300
../../problems/clp/benchs/BRrw/BRrw7.txt -i 51 --min_fr=1.0 0.045400 0.034600
../../problems/clp/benchs/BRrw/BRrw7.txt -i 83 --min_fr=1.0 0.038300 0.031600
../../problems/clp/benchs/BRrw/BRrw8.txt -i 39 --min_fr=0.98 0.047600 0.038100
../../problems/clp/benchs/BRrw/BRrw8.txt -i 48 --min_fr=0.98 0.041100 0.033200
../../problems/clp/benchs/BRrw/BRrw8.txt -i 72 --min_fr=0.98 0.039000 0.031800
../../problems/clp/benchs/BRrw/BRrw9.txt -i 21 --min_fr=0.98 0.050100 0.040800
../../problems/clp/benchs/BRrw/BRrw9.txt -i 31 --min_fr=0.98 0.049600 0.040000
../../problems/clp/benchs/BRrw/BRrw10.txt -i 10 --min_fr=0.98 0.049200 0.040200
../../problems/clp/benchs/BRrw/BRrw10.txt -i 21 --min_fr=0.98 0.053300 0.044200
../../problems/clp/benchs/BRrw/BRrw10.txt -i 47 --min_fr=0.98 0.049600 0.041300
../../problems/clp/benchs/BRrw/BRrw10.txt -i 82 --min_fr=0.98 0.051900 0.041500
../../problems/clp/benchs/BRrw/BRrw11.txt -i 60 --min_fr=0.98 0.051600 0.042800
../../problems/clp/benchs/BRrw/BRrw12.txt -i 18 --min_fr=0.98 0.053800 0.043700
../../problems/clp/benchs/BRrw/BRrw13.txt -i 31 --min_fr=0.98 0.056400 0.046700
