nan +- -1.00 (0)
nan +- -1.00 (0)
0.9264 +- -1.00 (1)
nan +- -1.00 (0)
nan +- -1.00 (0)
nan +- -1.00 (0)
nan +- -1.00 (0)
0.9797 +- -1.00 (1)
nan +- -1.00 (0)
0.9553 +- -1.00 (1)
0.9336 +- -1.00 (1)
0.9493 +- -1.00 (1)
0.9732 +- -1.00 (1)
0.9666 +- -1.00 (1)
0.9750 +- -1.00 (1)
nan +- -1.00 (0)
nan +- -1.00 (0)
0.9139 +- -1.00 (1)
0.9543 +- -1.00 (1)
nan +- -1.00 (0)
nan +- -1.00 (0)
nan +- -1.00 (0)
nan +- -1.00 (0)
0.9573 +- -1.00 (1)
nan +- -1.00 (0)
nan +- -1.00 (0)
nan +- -1.00 (0)
nan +- -1.00 (0)
0.9606 +- -1.00 (1)
nan +- -1.00 (0)
nan +- -1.00 (0)
nan +- -1.00 (0)
nan +- -1.00 (0)
nan +- -1.00 (0)
0.9768 +- -1.00 (1)
nan +- -1.00 (0)
nan +- -1.00 (0)
nan +- -1.00 (0)
0.9605 +- -1.00 (1)
0.9601 +- -1.00 (1)
0.9621 +- -1.00 (1)
nan +- -1.00 (0)
nan +- -1.00 (0)
nan +- -1.00 (0)
nan +- -1.00 (0)
nan +- -1.00 (0)
nan +- -1.00 (0)
0.9574 +- -1.00 (1)
nan +- -1.00 (0)
nan +- -1.00 (0)
0.9510 +- -1.00 (1)
nan +- -1.00 (0)
0.9687 +- -1.00 (1)
0.9649 +- -1.00 (1)
0.9643 +- -1.00 (1)
nan +- -1.00 (0)
nan +- -1.00 (0)
0.9520 +- -1.00 (1)
0.9690 +- -1.00 (1)
nan +- -1.00 (0)
nan +- -1.00 (0)
0.9635 +- -1.00 (1)
nan +- -1.00 (0)
0.9689 +- -1.00 (1)
nan +- -1.00 (0)
nan +- -1.00 (0)
nan +- -1.00 (0)
nan +- -1.00 (0)
0.9647 +- -1.00 (1)
nan +- -1.00 (0)
nan +- -1.00 (0)
nan +- -1.00 (0)
nan +- -1.00 (0)
nan +- -1.00 (0)
nan +- -1.00 (0)
0.9623 +- -1.00 (1)
nan +- -1.00 (0)
0.9482 +- -1.00 (1)
nan +- -1.00 (0)
nan +- -1.00 (0)
nan +- -1.00 (0)
nan +- -1.00 (0)
0.9543 +- -1.00 (1)
nan +- -1.00 (0)
nan +- -1.00 (0)
nan +- -1.00 (0)
nan +- -1.00 (0)
0.9541 +- -1.00 (1)
nan +- -1.00 (0)
nan +- -1.00 (0)
0.9581 +- -1.00 (1)
0.9610 +- -1.00 (1)
0.9703 +- -1.00 (1)
nan +- -1.00 (0)
nan +- -1.00 (0)
0.9637 +- -1.00 (1)
nan +- -1.00 (0)
nan +- -1.00 (0)
nan +- -1.00 (0)
nan +- -1.00 (0)
nan +- -1.00 (0)
0.9656 +- -1.00 (1)
0.9628 +- -1.00 (1)
nan +- -1.00 (0)
nan +- -1.00 (0)
nan +- -1.00 (0)
0.9626 +- -1.00 (1)
nan +- -1.00 (0)
0.9572 +- -1.00 (1)
nan +- -1.00 (0)
0.9588 +- -1.00 (1)
nan +- -1.00 (0)
nan +- -1.00 (0)
0.9662 +- -1.00 (1)
nan +- -1.00 (0)
nan +- -1.00 (0)
0.9567 +- -1.00 (1)
nan +- -1.00 (0)
nan +- -1.00 (0)
nan +- -1.00 (0)
0.9604 +- -1.00 (1)
nan +- -1.00 (0)
0.9573 +- -1.00 (1)
nan +- -1.00 (0)
nan +- -1.00 (0)
nan +- -1.00 (0)
nan +- -1.00 (0)
nan +- -1.00 (0)
nan +- -1.00 (0)
nan +- -1.00 (0)
nan +- -1.00 (0)
nan +- -1.00 (0)
0.9577 +- -1.00 (1)
nan +- -1.00 (0)
nan +- -1.00 (0)
nan +- -1.00 (0)
nan +- -1.00 (0)
0.9591 +- -1.00 (1)
nan +- -1.00 (0)
nan +- -1.00 (0)
0.9542 +- -1.00 (1)
0.9548 +- -1.00 (1)
nan +- -1.00 (0)
nan +- -1.00 (0)
nan +- -1.00 (0)
nan +- -1.00 (0)
0.9527 +- -1.00 (1)
0.9515 +- -1.00 (1)
0.9473 +- -1.00 (1)
nan +- -1.00 (0)
nan +- -1.00 (0)
nan +- -1.00 (0)
nan +- -1.00 (0)
nan +- -1.00 (0)
nan +- -1.00 (0)
nan +- -1.00 (0)
nan +- -1.00 (0)
nan +- -1.00 (0)
nan +- -1.00 (0)
0.9515 +- -1.00 (1)
0.9533 +- -1.00 (1)
nan +- -1.00 (0)
nan +- -1.00 (0)
nan +- -1.00 (0)
nan +- -1.00 (0)
0.9522 +- -1.00 (1)
nan +- -1.00 (0)
nan +- -1.00 (0)
nan +- -1.00 (0)
nan +- -1.00 (0)
nan +- -1.00 (0)
nan +- -1.00 (0)
0.9529 +- -1.00 (1)
nan +- -1.00 (0)
nan +- -1.00 (0)
nan +- -1.00 (0)
nan +- -1.00 (0)
0.9519 +- -1.00 (1)
nan +- -1.00 (0)
0.9496 +- -1.00 (1)
nan +- -1.00 (0)
0.9485 +- -1.00 (1)
nan +- -1.00 (0)
0.9577 +- -1.00 (1)
0.9536 +- -1.00 (1)
0.9489 +- -1.00 (1)
nan +- -1.00 (0)
nan +- -1.00 (0)
nan +- -1.00 (0)
nan +- -1.00 (0)
nan +- -1.00 (0)
0.9541 +- -1.00 (1)
0.9474 +- -1.00 (1)
0.9466 +- -1.00 (1)
nan +- -1.00 (0)
nan +- -1.00 (0)
nan +- -1.00 (0)
nan +- -1.00 (0)
0.9455 +- -1.00 (1)
nan +- -1.00 (0)
nan +- -1.00 (0)
nan +- -1.00 (0)
nan +- -1.00 (0)
nan +- -1.00 (0)
nan +- -1.00 (0)
nan +- -1.00 (0)
nan +- -1.00 (0)
0.9508 +- -1.00 (1)
nan +- -1.00 (0)
nan +- -1.00 (0)
0.9466 +- -1.00 (1)
0.9467 +- -1.00 (1)
0.9420 +- -1.00 (1)
nan +- -1.00 (0)
nan +- -1.00 (0)
nan +- -1.00 (0)
nan +- -1.00 (0)
0.9510 +- -1.00 (1)
nan +- -1.00 (0)
nan +- -1.00 (0)
0.9418 +- -1.00 (1)
nan +- -1.00 (0)
0.9491 +- -1.00 (1)
nan +- -1.00 (0)
0.9470 +- -1.00 (1)
nan +- -1.00 (0)
nan +- -1.00 (0)
nan +- -1.00 (0)
nan +- -1.00 (0)
nan +- -1.00 (0)
nan +- -1.00 (0)
0.9479 +- -1.00 (1)
nan +- -1.00 (0)
nan +- -1.00 (0)
0.9469 +- -1.00 (1)
0.9416 +- -1.00 (1)
0.9472 +- -1.00 (1)
nan +- -1.00 (0)
0.9452 +- -1.00 (1)
nan +- -1.00 (0)
nan +- -1.00 (0)
nan +- -1.00 (0)
nan +- -1.00 (0)
nan +- -1.00 (0)
nan +- -1.00 (0)
nan +- -1.00 (0)
0.9478 +- -1.00 (1)
nan +- -1.00 (0)
nan +- -1.00 (0)
nan +- -1.00 (0)
nan +- -1.00 (0)
nan +- -1.00 (0)
0.9429 +- -1.00 (1)
nan +- -1.00 (0)
nan +- -1.00 (0)
0.9515 +- -1.00 (1)
nan +- -1.00 (0)
nan +- -1.00 (0)
nan +- -1.00 (0)
nan +- -1.00 (0)
nan +- -1.00 (0)
nan +- -1.00 (0)
nan +- -1.00 (0)
nan +- -1.00 (0)
nan +- -1.00 (0)
nan +- -1.00 (0)
0.9434 +- -1.00 (1)
nan +- -1.00 (0)
0.9478 +- -1.00 (1)
nan +- -1.00 (0)
nan +- -1.00 (0)
0.9406 +- -1.00 (1)
0.9495 +- -1.00 (1)
0.9430 +- -1.00 (1)
nan +- -1.00 (0)
0.9452 +- -1.00 (1)
nan +- -1.00 (0)
0.9464 +- -1.00 (1)
nan +- -1.00 (0)
0.9471 +- -1.00 (1)
nan +- -1.00 (0)
nan +- -1.00 (0)
nan +- -1.00 (0)
0.9527 +- -1.00 (1)
nan +- -1.00 (0)
0.9514 +- -1.00 (1)
nan +- -1.00 (0)
0.9435 +- -1.00 (1)
nan +- -1.00 (0)
0.9419 +- -1.00 (1)
nan +- -1.00 (0)
nan +- -1.00 (0)
0.9431 +- -1.00 (1)
nan +- -1.00 (0)
nan +- -1.00 (0)
0.9405 +- -1.00 (1)
nan +- -1.00 (0)
nan +- -1.00 (0)
0.9411 +- -1.00 (1)
nan +- -1.00 (0)
