0.9444 +- -1.00 (1)
0.9760 +- -1.00 (1)
0.9226 +- -1.00 (1)
0.9322 +- -1.00 (1)
0.9523 +- -1.00 (1)
0.9602 +- -1.00 (1)
0.9631 +- -1.00 (1)
0.9828 +- -1.00 (1)
0.9486 +- -1.00 (1)
0.9518 +- -1.00 (1)
0.9336 +- -1.00 (1)
0.9493 +- -1.00 (1)
0.9767 +- -1.00 (1)
0.9666 +- -1.00 (1)
0.9698 +- -1.00 (1)
0.9624 +- -1.00 (1)
0.9780 +- -1.00 (1)
0.9116 +- -1.00 (1)
0.9566 +- -1.00 (1)
0.9466 +- -1.00 (1)
0.9644 +- -1.00 (1)
0.9605 +- -1.00 (1)
0.9629 +- -1.00 (1)
0.9524 +- -1.00 (1)
0.9649 +- -1.00 (1)
0.9731 +- -1.00 (1)
0.9617 +- -1.00 (1)
0.9639 +- -1.00 (1)
0.9627 +- -1.00 (1)
0.9732 +- -1.00 (1)
0.9636 +- -1.00 (1)
0.9539 +- -1.00 (1)
0.9679 +- -1.00 (1)
0.9599 +- -1.00 (1)
0.9714 +- -1.00 (1)
0.9696 +- -1.00 (1)
0.9768 +- -1.00 (1)
0.9473 +- -1.00 (1)
0.9577 +- -1.00 (1)
0.9607 +- -1.00 (1)
0.9608 +- -1.00 (1)
0.9711 +- -1.00 (1)
0.9607 +- -1.00 (1)
0.9673 +- -1.00 (1)
0.9600 +- -1.00 (1)
0.9667 +- -1.00 (1)
0.9668 +- -1.00 (1)
0.9624 +- -1.00 (1)
0.9593 +- -1.00 (1)
0.9665 +- -1.00 (1)
0.9601 +- -1.00 (1)
0.9521 +- -1.00 (1)
0.9690 +- -1.00 (1)
0.9671 +- -1.00 (1)
0.9632 +- -1.00 (1)
0.9685 +- -1.00 (1)
0.9597 +- -1.00 (1)
0.9512 +- -1.00 (1)
0.9714 +- -1.00 (1)
0.9621 +- -1.00 (1)
0.9606 +- -1.00 (1)
0.9641 +- -1.00 (1)
0.9642 +- -1.00 (1)
0.9728 +- -1.00 (1)
0.9664 +- -1.00 (1)
0.9582 +- -1.00 (1)
0.9711 +- -1.00 (1)
0.9610 +- -1.00 (1)
0.9650 +- -1.00 (1)
0.9619 +- -1.00 (1)
0.9601 +- -1.00 (1)
0.9641 +- -1.00 (1)
0.9692 +- -1.00 (1)
0.9643 +- -1.00 (1)
0.9668 +- -1.00 (1)
0.9628 +- -1.00 (1)
0.9610 +- -1.00 (1)
0.9504 +- -1.00 (1)
0.9731 +- -1.00 (1)
0.9657 +- -1.00 (1)
0.9585 +- -1.00 (1)
0.9629 +- -1.00 (1)
0.9626 +- -1.00 (1)
0.9669 +- -1.00 (1)
0.9652 +- -1.00 (1)
0.9613 +- -1.00 (1)
0.9677 +- -1.00 (1)
0.9526 +- -1.00 (1)
0.9576 +- -1.00 (1)
0.9623 +- -1.00 (1)
0.9617 +- -1.00 (1)
0.9571 +- -1.00 (1)
0.9671 +- -1.00 (1)
0.9661 +- -1.00 (1)
0.9589 +- -1.00 (1)
0.9608 +- -1.00 (1)
0.9598 +- -1.00 (1)
0.9530 +- -1.00 (1)
0.9633 +- -1.00 (1)
0.9659 +- -1.00 (1)
0.9570 +- -1.00 (1)
0.9661 +- -1.00 (1)
0.9636 +- -1.00 (1)
0.9743 +- -1.00 (1)
0.9667 +- -1.00 (1)
0.9615 +- -1.00 (1)
0.9600 +- -1.00 (1)
0.9589 +- -1.00 (1)
0.9604 +- -1.00 (1)
0.9649 +- -1.00 (1)
0.9630 +- -1.00 (1)
0.9575 +- -1.00 (1)
0.9637 +- -1.00 (1)
0.9672 +- -1.00 (1)
0.9622 +- -1.00 (1)
0.9598 +- -1.00 (1)
0.9679 +- -1.00 (1)
0.9512 +- -1.00 (1)
0.9595 +- -1.00 (1)
0.9650 +- -1.00 (1)
0.9623 +- -1.00 (1)
0.9608 +- -1.00 (1)
0.9600 +- -1.00 (1)
0.9640 +- -1.00 (1)
0.9545 +- -1.00 (1)
0.9586 +- -1.00 (1)
0.9605 +- -1.00 (1)
0.9619 +- -1.00 (1)
0.9536 +- -1.00 (1)
0.9611 +- -1.00 (1)
0.9534 +- -1.00 (1)
0.9635 +- -1.00 (1)
0.9652 +- -1.00 (1)
0.9665 +- -1.00 (1)
0.9596 +- -1.00 (1)
0.9580 +- -1.00 (1)
0.9613 +- -1.00 (1)
0.9556 +- -1.00 (1)
0.9588 +- -1.00 (1)
0.9598 +- -1.00 (1)
0.9530 +- -1.00 (1)
0.9578 +- -1.00 (1)
0.9448 +- -1.00 (1)
0.9535 +- -1.00 (1)
0.9575 +- -1.00 (1)
0.9478 +- -1.00 (1)
0.9464 +- -1.00 (1)
0.9488 +- -1.00 (1)
0.9527 +- -1.00 (1)
0.9566 +- -1.00 (1)
0.9529 +- -1.00 (1)
0.9535 +- -1.00 (1)
0.9569 +- -1.00 (1)
0.9528 +- -1.00 (1)
0.9491 +- -1.00 (1)
0.9497 +- -1.00 (1)
0.9538 +- -1.00 (1)
0.9577 +- -1.00 (1)
0.9592 +- -1.00 (1)
0.9566 +- -1.00 (1)
0.9500 +- -1.00 (1)
0.9581 +- -1.00 (1)
0.9557 +- -1.00 (1)
0.9502 +- -1.00 (1)
0.9448 +- -1.00 (1)
0.9457 +- -1.00 (1)
0.9563 +- -1.00 (1)
0.9472 +- -1.00 (1)
0.9477 +- -1.00 (1)
0.9561 +- -1.00 (1)
0.9510 +- -1.00 (1)
0.9503 +- -1.00 (1)
0.9502 +- -1.00 (1)
0.9512 +- -1.00 (1)
0.9476 +- -1.00 (1)
0.9578 +- -1.00 (1)
0.9554 +- -1.00 (1)
0.9578 +- -1.00 (1)
0.9479 +- -1.00 (1)
0.9497 +- -1.00 (1)
0.9451 +- -1.00 (1)
0.9523 +- -1.00 (1)
0.9559 +- -1.00 (1)
0.9513 +- -1.00 (1)
0.9524 +- -1.00 (1)
0.9450 +- -1.00 (1)
0.9493 +- -1.00 (1)
0.9555 +- -1.00 (1)
0.9490 +- -1.00 (1)
0.9438 +- -1.00 (1)
0.9426 +- -1.00 (1)
0.9547 +- -1.00 (1)
0.9516 +- -1.00 (1)
0.9516 +- -1.00 (1)
0.9474 +- -1.00 (1)
0.9496 +- -1.00 (1)
0.9502 +- -1.00 (1)
0.9457 +- -1.00 (1)
0.9485 +- -1.00 (1)
0.9513 +- -1.00 (1)
0.9488 +- -1.00 (1)
0.9549 +- -1.00 (1)
0.9465 +- -1.00 (1)
0.9439 +- -1.00 (1)
0.9426 +- -1.00 (1)
0.9417 +- -1.00 (1)
0.9473 +- -1.00 (1)
0.9491 +- -1.00 (1)
0.9497 +- -1.00 (1)
0.9404 +- -1.00 (1)
0.9428 +- -1.00 (1)
0.9529 +- -1.00 (1)
0.9480 +- -1.00 (1)
0.9495 +- -1.00 (1)
0.9537 +- -1.00 (1)
0.9522 +- -1.00 (1)
0.9503 +- -1.00 (1)
0.9514 +- -1.00 (1)
0.9477 +- -1.00 (1)
0.9429 +- -1.00 (1)
0.9398 +- -1.00 (1)
0.9523 +- -1.00 (1)
0.9424 +- -1.00 (1)
0.9504 +- -1.00 (1)
0.9514 +- -1.00 (1)
0.9436 +- -1.00 (1)
0.9470 +- -1.00 (1)
0.9384 +- -1.00 (1)
0.9465 +- -1.00 (1)
0.9456 +- -1.00 (1)
0.9469 +- -1.00 (1)
0.9378 +- -1.00 (1)
0.9549 +- -1.00 (1)
0.9456 +- -1.00 (1)
0.9515 +- -1.00 (1)
0.9408 +- -1.00 (1)
0.9534 +- -1.00 (1)
0.9470 +- -1.00 (1)
0.9464 +- -1.00 (1)
0.9385 +- -1.00 (1)
0.9423 +- -1.00 (1)
0.9460 +- -1.00 (1)
0.9486 +- -1.00 (1)
0.9438 +- -1.00 (1)
0.9453 +- -1.00 (1)
0.9357 +- -1.00 (1)
0.9451 +- -1.00 (1)
0.9486 +- -1.00 (1)
0.9453 +- -1.00 (1)
0.9453 +- -1.00 (1)
0.9483 +- -1.00 (1)
0.9489 +- -1.00 (1)
0.9500 +- -1.00 (1)
0.9524 +- -1.00 (1)
0.9440 +- -1.00 (1)
0.9440 +- -1.00 (1)
0.9459 +- -1.00 (1)
0.9404 +- -1.00 (1)
0.9450 +- -1.00 (1)
0.9431 +- -1.00 (1)
0.9523 +- -1.00 (1)
0.9487 +- -1.00 (1)
0.9443 +- -1.00 (1)
0.9441 +- -1.00 (1)
0.9349 +- -1.00 (1)
0.9481 +- -1.00 (1)
0.9492 +- -1.00 (1)
0.9493 +- -1.00 (1)
0.9481 +- -1.00 (1)
0.9444 +- -1.00 (1)
0.9425 +- -1.00 (1)
0.9416 +- -1.00 (1)
0.9495 +- -1.00 (1)
0.9443 +- -1.00 (1)
0.9423 +- -1.00 (1)
0.9409 +- -1.00 (1)
0.9451 +- -1.00 (1)
0.9448 +- -1.00 (1)
0.9425 +- -1.00 (1)
0.9492 +- -1.00 (1)
0.9485 +- -1.00 (1)
0.9518 +- -1.00 (1)
0.9410 +- -1.00 (1)
0.9482 +- -1.00 (1)
0.9431 +- -1.00 (1)
0.9343 +- -1.00 (1)
0.9468 +- -1.00 (1)
0.9204 +- -1.00 (1)
0.9390 +- -1.00 (1)
0.9471 +- -1.00 (1)
0.9400 +- -1.00 (1)
0.9462 +- -1.00 (1)
0.9481 +- -1.00 (1)
0.9485 +- -1.00 (1)
0.9491 +- -1.00 (1)
0.9450 +- -1.00 (1)
0.9469 +- -1.00 (1)
0.9410 +- -1.00 (1)
0.9349 +- -1.00 (1)
0.9445 +- -1.00 (1)
