0.9444 +- -1.00 (1)
0.9750 +- -1.00 (1)
0.9242 +- -1.00 (1)
0.9322 +- -1.00 (1)
0.9523 +- -1.00 (1)
0.9612 +- -1.00 (1)
0.9631 +- -1.00 (1)
0.9828 +- -1.00 (1)
0.9322 +- -1.00 (1)
0.9518 +- -1.00 (1)
0.9336 +- -1.00 (1)
0.9493 +- -1.00 (1)
0.9767 +- -1.00 (1)
0.9692 +- -1.00 (1)
0.9698 +- -1.00 (1)
0.9624 +- -1.00 (1)
0.9780 +- -1.00 (1)
0.9116 +- -1.00 (1)
0.9566 +- -1.00 (1)
0.9466 +- -1.00 (1)
0.9622 +- -1.00 (1)
0.9605 +- -1.00 (1)
0.9608 +- -1.00 (1)
0.9509 +- -1.00 (1)
0.9652 +- -1.00 (1)
0.9731 +- -1.00 (1)
0.9626 +- -1.00 (1)
0.9644 +- -1.00 (1)
0.9584 +- -1.00 (1)
0.9732 +- -1.00 (1)
0.9640 +- -1.00 (1)
0.9583 +- -1.00 (1)
0.9684 +- -1.00 (1)
0.9599 +- -1.00 (1)
0.9668 +- -1.00 (1)
0.9722 +- -1.00 (1)
0.9768 +- -1.00 (1)
0.9473 +- -1.00 (1)
0.9603 +- -1.00 (1)
0.9606 +- -1.00 (1)
0.9615 +- -1.00 (1)
0.9719 +- -1.00 (1)
0.9629 +- -1.00 (1)
0.9685 +- -1.00 (1)
0.9663 +- -1.00 (1)
0.9667 +- -1.00 (1)
0.9667 +- -1.00 (1)
0.9619 +- -1.00 (1)
0.9593 +- -1.00 (1)
0.9663 +- -1.00 (1)
0.9579 +- -1.00 (1)
0.9503 +- -1.00 (1)
0.9709 +- -1.00 (1)
0.9671 +- -1.00 (1)
0.9632 +- -1.00 (1)
0.9691 +- -1.00 (1)
0.9524 +- -1.00 (1)
0.9527 +- -1.00 (1)
0.9715 +- -1.00 (1)
0.9649 +- -1.00 (1)
0.9606 +- -1.00 (1)
0.9647 +- -1.00 (1)
0.9652 +- -1.00 (1)
0.9720 +- -1.00 (1)
0.9674 +- -1.00 (1)
0.9572 +- -1.00 (1)
0.9711 +- -1.00 (1)
0.9582 +- -1.00 (1)
0.9629 +- -1.00 (1)
0.9656 +- -1.00 (1)
0.9547 +- -1.00 (1)
0.9646 +- -1.00 (1)
0.9691 +- -1.00 (1)
0.9680 +- -1.00 (1)
0.9680 +- -1.00 (1)
0.9628 +- -1.00 (1)
0.9610 +- -1.00 (1)
0.9449 +- -1.00 (1)
0.9731 +- -1.00 (1)
0.9658 +- -1.00 (1)
0.9591 +- -1.00 (1)
0.9658 +- -1.00 (1)
0.9626 +- -1.00 (1)
0.9657 +- -1.00 (1)
0.9612 +- -1.00 (1)
0.9653 +- -1.00 (1)
0.9677 +- -1.00 (1)
0.9531 +- -1.00 (1)
0.9585 +- -1.00 (1)
0.9641 +- -1.00 (1)
0.9626 +- -1.00 (1)
0.9586 +- -1.00 (1)
0.9675 +- -1.00 (1)
0.9668 +- -1.00 (1)
0.9603 +- -1.00 (1)
0.9618 +- -1.00 (1)
0.9636 +- -1.00 (1)
0.9486 +- -1.00 (1)
0.9658 +- -1.00 (1)
0.9612 +- -1.00 (1)
0.9620 +- -1.00 (1)
0.9633 +- -1.00 (1)
0.9639 +- -1.00 (1)
0.9755 +- -1.00 (1)
0.9662 +- -1.00 (1)
0.9634 +- -1.00 (1)
0.9572 +- -1.00 (1)
0.9627 +- -1.00 (1)
0.9604 +- -1.00 (1)
0.9638 +- -1.00 (1)
0.9608 +- -1.00 (1)
0.9586 +- -1.00 (1)
0.9685 +- -1.00 (1)
0.9672 +- -1.00 (1)
0.9608 +- -1.00 (1)
0.9662 +- -1.00 (1)
0.9695 +- -1.00 (1)
0.9532 +- -1.00 (1)
0.9612 +- -1.00 (1)
0.9607 +- -1.00 (1)
0.9621 +- -1.00 (1)
0.9608 +- -1.00 (1)
0.9600 +- -1.00 (1)
0.9640 +- -1.00 (1)
0.9545 +- -1.00 (1)
0.9587 +- -1.00 (1)
0.9553 +- -1.00 (1)
0.9587 +- -1.00 (1)
0.9540 +- -1.00 (1)
0.9660 +- -1.00 (1)
0.9558 +- -1.00 (1)
0.9579 +- -1.00 (1)
0.9560 +- -1.00 (1)
0.9666 +- -1.00 (1)
0.9588 +- -1.00 (1)
0.9571 +- -1.00 (1)
0.9546 +- -1.00 (1)
0.9546 +- -1.00 (1)
0.9599 +- -1.00 (1)
0.9603 +- -1.00 (1)
0.9495 +- -1.00 (1)
0.9536 +- -1.00 (1)
0.9470 +- -1.00 (1)
0.9525 +- -1.00 (1)
0.9564 +- -1.00 (1)
0.9471 +- -1.00 (1)
0.9478 +- -1.00 (1)
0.9543 +- -1.00 (1)
0.9535 +- -1.00 (1)
0.9517 +- -1.00 (1)
0.9552 +- -1.00 (1)
0.9550 +- -1.00 (1)
0.9504 +- -1.00 (1)
0.9522 +- -1.00 (1)
0.9549 +- -1.00 (1)
0.9479 +- -1.00 (1)
0.9552 +- -1.00 (1)
0.9613 +- -1.00 (1)
0.9566 +- -1.00 (1)
0.9577 +- -1.00 (1)
0.9519 +- -1.00 (1)
0.9566 +- -1.00 (1)
0.9525 +- -1.00 (1)
0.9534 +- -1.00 (1)
0.9552 +- -1.00 (1)
0.9462 +- -1.00 (1)
0.9563 +- -1.00 (1)
0.9442 +- -1.00 (1)
0.9477 +- -1.00 (1)
0.9530 +- -1.00 (1)
0.9510 +- -1.00 (1)
0.9503 +- -1.00 (1)
0.9502 +- -1.00 (1)
0.9546 +- -1.00 (1)
0.9475 +- -1.00 (1)
0.9554 +- -1.00 (1)
0.9523 +- -1.00 (1)
0.9578 +- -1.00 (1)
0.9544 +- -1.00 (1)
0.9563 +- -1.00 (1)
0.9456 +- -1.00 (1)
0.9523 +- -1.00 (1)
0.9551 +- -1.00 (1)
0.9513 +- -1.00 (1)
0.9524 +- -1.00 (1)
0.9404 +- -1.00 (1)
0.9485 +- -1.00 (1)
0.9516 +- -1.00 (1)
0.9442 +- -1.00 (1)
0.9415 +- -1.00 (1)
0.9440 +- -1.00 (1)
0.9551 +- -1.00 (1)
0.9490 +- -1.00 (1)
0.9481 +- -1.00 (1)
0.9474 +- -1.00 (1)
0.9517 +- -1.00 (1)
0.9497 +- -1.00 (1)
0.9481 +- -1.00 (1)
0.9485 +- -1.00 (1)
0.9501 +- -1.00 (1)
0.9571 +- -1.00 (1)
0.9515 +- -1.00 (1)
0.9476 +- -1.00 (1)
0.9456 +- -1.00 (1)
0.9400 +- -1.00 (1)
0.9516 +- -1.00 (1)
0.9511 +- -1.00 (1)
0.9491 +- -1.00 (1)
0.9511 +- -1.00 (1)
0.9430 +- -1.00 (1)
0.9441 +- -1.00 (1)
0.9537 +- -1.00 (1)
0.9450 +- -1.00 (1)
0.9491 +- -1.00 (1)
0.9475 +- -1.00 (1)
0.9417 +- -1.00 (1)
0.9528 +- -1.00 (1)
0.9480 +- -1.00 (1)
0.9475 +- -1.00 (1)
0.9491 +- -1.00 (1)
0.9443 +- -1.00 (1)
0.9523 +- -1.00 (1)
0.9433 +- -1.00 (1)
0.9444 +- -1.00 (1)
0.9521 +- -1.00 (1)
0.9380 +- -1.00 (1)
0.9472 +- -1.00 (1)
0.9384 +- -1.00 (1)
0.9457 +- -1.00 (1)
0.9421 +- -1.00 (1)
0.9482 +- -1.00 (1)
0.9433 +- -1.00 (1)
0.9533 +- -1.00 (1)
0.9460 +- -1.00 (1)
0.9515 +- -1.00 (1)
0.9432 +- -1.00 (1)
0.9534 +- -1.00 (1)
0.9470 +- -1.00 (1)
0.9505 +- -1.00 (1)
0.9391 +- -1.00 (1)
0.9423 +- -1.00 (1)
0.9421 +- -1.00 (1)
0.9491 +- -1.00 (1)
0.9354 +- -1.00 (1)
0.9461 +- -1.00 (1)
0.9357 +- -1.00 (1)
0.9431 +- -1.00 (1)
0.9442 +- -1.00 (1)
0.9424 +- -1.00 (1)
0.9446 +- -1.00 (1)
0.9483 +- -1.00 (1)
0.9443 +- -1.00 (1)
0.9500 +- -1.00 (1)
0.9553 +- -1.00 (1)
0.9446 +- -1.00 (1)
0.9440 +- -1.00 (1)
0.9498 +- -1.00 (1)
0.9395 +- -1.00 (1)
0.9493 +- -1.00 (1)
0.9379 +- -1.00 (1)
0.9475 +- -1.00 (1)
0.9487 +- -1.00 (1)
0.9452 +- -1.00 (1)
0.9405 +- -1.00 (1)
0.9293 +- -1.00 (1)
0.9434 +- -1.00 (1)
0.9492 +- -1.00 (1)
0.9485 +- -1.00 (1)
0.9479 +- -1.00 (1)
0.9486 +- -1.00 (1)
0.9394 +- -1.00 (1)
0.9416 +- -1.00 (1)
0.9470 +- -1.00 (1)
0.9451 +- -1.00 (1)
0.9385 +- -1.00 (1)
0.9409 +- -1.00 (1)
0.9449 +- -1.00 (1)
0.9412 +- -1.00 (1)
0.9375 +- -1.00 (1)
0.9518 +- -1.00 (1)
0.9486 +- -1.00 (1)
0.9480 +- -1.00 (1)
0.9426 +- -1.00 (1)
0.9537 +- -1.00 (1)
0.9431 +- -1.00 (1)
0.9282 +- -1.00 (1)
0.9371 +- -1.00 (1)
0.9149 +- -1.00 (1)
0.9458 +- -1.00 (1)
0.9450 +- -1.00 (1)
0.9306 +- -1.00 (1)
0.9462 +- -1.00 (1)
0.9518 +- -1.00 (1)
0.9537 +- -1.00 (1)
0.9446 +- -1.00 (1)
0.9425 +- -1.00 (1)
0.9485 +- -1.00 (1)
0.9418 +- -1.00 (1)
0.9313 +- -1.00 (1)
0.9418 +- -1.00 (1)
