0.9435 +- -1.00 (1)
0.9760 +- -1.00 (1)
0.9238 +- -1.00 (1)
0.9298 +- -1.00 (1)
0.9523 +- -1.00 (1)
0.9576 +- -1.00 (1)
0.9631 +- -1.00 (1)
0.9828 +- -1.00 (1)
0.9401 +- -1.00 (1)
0.9518 +- -1.00 (1)
0.9336 +- -1.00 (1)
0.9493 +- -1.00 (1)
0.9767 +- -1.00 (1)
0.9666 +- -1.00 (1)
0.9698 +- -1.00 (1)
0.9624 +- -1.00 (1)
0.9780 +- -1.00 (1)
0.9139 +- -1.00 (1)
0.9558 +- -1.00 (1)
0.9548 +- -1.00 (1)
0.9640 +- -1.00 (1)
0.9633 +- -1.00 (1)
0.9607 +- -1.00 (1)
0.9509 +- -1.00 (1)
0.9631 +- -1.00 (1)
0.9731 +- -1.00 (1)
0.9637 +- -1.00 (1)
0.9639 +- -1.00 (1)
0.9599 +- -1.00 (1)
0.9732 +- -1.00 (1)
0.9640 +- -1.00 (1)
0.9564 +- -1.00 (1)
0.9701 +- -1.00 (1)
0.9599 +- -1.00 (1)
0.9719 +- -1.00 (1)
0.9664 +- -1.00 (1)
0.9768 +- -1.00 (1)
0.9480 +- -1.00 (1)
0.9603 +- -1.00 (1)
0.9609 +- -1.00 (1)
0.9583 +- -1.00 (1)
0.9719 +- -1.00 (1)
0.9618 +- -1.00 (1)
0.9655 +- -1.00 (1)
0.9682 +- -1.00 (1)
0.9668 +- -1.00 (1)
0.9649 +- -1.00 (1)
0.9583 +- -1.00 (1)
0.9603 +- -1.00 (1)
0.9633 +- -1.00 (1)
0.9585 +- -1.00 (1)
0.9528 +- -1.00 (1)
0.9687 +- -1.00 (1)
0.9662 +- -1.00 (1)
0.9670 +- -1.00 (1)
0.9691 +- -1.00 (1)
0.9545 +- -1.00 (1)
0.9521 +- -1.00 (1)
0.9751 +- -1.00 (1)
0.9640 +- -1.00 (1)
0.9671 +- -1.00 (1)
0.9697 +- -1.00 (1)
0.9615 +- -1.00 (1)
0.9695 +- -1.00 (1)
0.9672 +- -1.00 (1)
0.9572 +- -1.00 (1)
0.9711 +- -1.00 (1)
0.9614 +- -1.00 (1)
0.9606 +- -1.00 (1)
0.9608 +- -1.00 (1)
0.9581 +- -1.00 (1)
0.9619 +- -1.00 (1)
0.9706 +- -1.00 (1)
0.9637 +- -1.00 (1)
0.9714 +- -1.00 (1)
0.9609 +- -1.00 (1)
0.9610 +- -1.00 (1)
0.9514 +- -1.00 (1)
0.9731 +- -1.00 (1)
0.9658 +- -1.00 (1)
0.9619 +- -1.00 (1)
0.9652 +- -1.00 (1)
0.9617 +- -1.00 (1)
0.9655 +- -1.00 (1)
0.9616 +- -1.00 (1)
0.9599 +- -1.00 (1)
0.9677 +- -1.00 (1)
0.9510 +- -1.00 (1)
0.9615 +- -1.00 (1)
0.9620 +- -1.00 (1)
0.9646 +- -1.00 (1)
0.9574 +- -1.00 (1)
0.9647 +- -1.00 (1)
0.9659 +- -1.00 (1)
0.9603 +- -1.00 (1)
0.9610 +- -1.00 (1)
0.9648 +- -1.00 (1)
0.9522 +- -1.00 (1)
0.9667 +- -1.00 (1)
0.9639 +- -1.00 (1)
0.9608 +- -1.00 (1)
0.9654 +- -1.00 (1)
0.9590 +- -1.00 (1)
0.9705 +- -1.00 (1)
0.9633 +- -1.00 (1)
0.9623 +- -1.00 (1)
0.9638 +- -1.00 (1)
0.9609 +- -1.00 (1)
0.9576 +- -1.00 (1)
0.9609 +- -1.00 (1)
0.9638 +- -1.00 (1)
0.9598 +- -1.00 (1)
0.9679 +- -1.00 (1)
0.9664 +- -1.00 (1)
0.9629 +- -1.00 (1)
0.9641 +- -1.00 (1)
0.9677 +- -1.00 (1)
0.9536 +- -1.00 (1)
0.9651 +- -1.00 (1)
0.9635 +- -1.00 (1)
0.9630 +- -1.00 (1)
0.9605 +- -1.00 (1)
0.9601 +- -1.00 (1)
0.9640 +- -1.00 (1)
0.9576 +- -1.00 (1)
0.9587 +- -1.00 (1)
0.9615 +- -1.00 (1)
0.9576 +- -1.00 (1)
0.9526 +- -1.00 (1)
0.9616 +- -1.00 (1)
0.9585 +- -1.00 (1)
0.9601 +- -1.00 (1)
0.9560 +- -1.00 (1)
0.9672 +- -1.00 (1)
0.9629 +- -1.00 (1)
0.9617 +- -1.00 (1)
0.9584 +- -1.00 (1)
0.9597 +- -1.00 (1)
0.9600 +- -1.00 (1)
0.9611 +- -1.00 (1)
0.9572 +- -1.00 (1)
0.9576 +- -1.00 (1)
0.9544 +- -1.00 (1)
0.9500 +- -1.00 (1)
0.9577 +- -1.00 (1)
0.9502 +- -1.00 (1)
0.9493 +- -1.00 (1)
0.9515 +- -1.00 (1)
0.9528 +- -1.00 (1)
0.9590 +- -1.00 (1)
0.9523 +- -1.00 (1)
0.9589 +- -1.00 (1)
0.9567 +- -1.00 (1)
0.9509 +- -1.00 (1)
0.9510 +- -1.00 (1)
0.9552 +- -1.00 (1)
0.9530 +- -1.00 (1)
0.9570 +- -1.00 (1)
0.9561 +- -1.00 (1)
0.9565 +- -1.00 (1)
0.9473 +- -1.00 (1)
0.9569 +- -1.00 (1)
0.9513 +- -1.00 (1)
0.9539 +- -1.00 (1)
0.9502 +- -1.00 (1)
0.9520 +- -1.00 (1)
0.9523 +- -1.00 (1)
0.9464 +- -1.00 (1)
0.9500 +- -1.00 (1)
0.9540 +- -1.00 (1)
0.9530 +- -1.00 (1)
0.9503 +- -1.00 (1)
0.9500 +- -1.00 (1)
0.9542 +- -1.00 (1)
0.9496 +- -1.00 (1)
0.9548 +- -1.00 (1)
0.9568 +- -1.00 (1)
0.9550 +- -1.00 (1)
0.9453 +- -1.00 (1)
0.9495 +- -1.00 (1)
0.9479 +- -1.00 (1)
0.9524 +- -1.00 (1)
0.9522 +- -1.00 (1)
0.9515 +- -1.00 (1)
0.9506 +- -1.00 (1)
0.9376 +- -1.00 (1)
0.9504 +- -1.00 (1)
0.9580 +- -1.00 (1)
0.9480 +- -1.00 (1)
0.9458 +- -1.00 (1)
0.9490 +- -1.00 (1)
0.9530 +- -1.00 (1)
0.9523 +- -1.00 (1)
0.9495 +- -1.00 (1)
0.9439 +- -1.00 (1)
0.9496 +- -1.00 (1)
0.9495 +- -1.00 (1)
0.9478 +- -1.00 (1)
0.9465 +- -1.00 (1)
0.9563 +- -1.00 (1)
0.9509 +- -1.00 (1)
0.9522 +- -1.00 (1)
0.9413 +- -1.00 (1)
0.9478 +- -1.00 (1)
0.9453 +- -1.00 (1)
0.9547 +- -1.00 (1)
0.9516 +- -1.00 (1)
0.9503 +- -1.00 (1)
0.9389 +- -1.00 (1)
0.9482 +- -1.00 (1)
0.9482 +- -1.00 (1)
0.9541 +- -1.00 (1)
0.9435 +- -1.00 (1)
0.9479 +- -1.00 (1)
0.9522 +- -1.00 (1)
0.9481 +- -1.00 (1)
0.9487 +- -1.00 (1)
0.9510 +- -1.00 (1)
0.9488 +- -1.00 (1)
0.9497 +- -1.00 (1)
0.9470 +- -1.00 (1)
0.9575 +- -1.00 (1)
0.9463 +- -1.00 (1)
0.9487 +- -1.00 (1)
0.9489 +- -1.00 (1)
0.9429 +- -1.00 (1)
0.9473 +- -1.00 (1)
0.9453 +- -1.00 (1)
0.9466 +- -1.00 (1)
0.9521 +- -1.00 (1)
0.9517 +- -1.00 (1)
0.9491 +- -1.00 (1)
0.9529 +- -1.00 (1)
0.9535 +- -1.00 (1)
0.9497 +- -1.00 (1)
0.9456 +- -1.00 (1)
0.9491 +- -1.00 (1)
0.9459 +- -1.00 (1)
0.9485 +- -1.00 (1)
0.9428 +- -1.00 (1)
0.9482 +- -1.00 (1)
0.9487 +- -1.00 (1)
0.9480 +- -1.00 (1)
0.9429 +- -1.00 (1)
0.9447 +- -1.00 (1)
0.9372 +- -1.00 (1)
0.9451 +- -1.00 (1)
0.9411 +- -1.00 (1)
0.9482 +- -1.00 (1)
0.9439 +- -1.00 (1)
0.9474 +- -1.00 (1)
0.9498 +- -1.00 (1)
0.9542 +- -1.00 (1)
0.9483 +- -1.00 (1)
0.9446 +- -1.00 (1)
0.9443 +- -1.00 (1)
0.9462 +- -1.00 (1)
0.9457 +- -1.00 (1)
0.9481 +- -1.00 (1)
0.9406 +- -1.00 (1)
0.9494 +- -1.00 (1)
0.9473 +- -1.00 (1)
0.9444 +- -1.00 (1)
0.9445 +- -1.00 (1)
0.9423 +- -1.00 (1)
0.9402 +- -1.00 (1)
0.9474 +- -1.00 (1)
0.9379 +- -1.00 (1)
0.9544 +- -1.00 (1)
0.9427 +- -1.00 (1)
0.9463 +- -1.00 (1)
0.9432 +- -1.00 (1)
0.9533 +- -1.00 (1)
0.9440 +- -1.00 (1)
0.9408 +- -1.00 (1)
0.9383 +- -1.00 (1)
0.9456 +- -1.00 (1)
0.9425 +- -1.00 (1)
0.9421 +- -1.00 (1)
0.9486 +- -1.00 (1)
0.9493 +- -1.00 (1)
0.9495 +- -1.00 (1)
0.9418 +- -1.00 (1)
0.9525 +- -1.00 (1)
0.9399 +- -1.00 (1)
0.9454 +- -1.00 (1)
0.9402 +- -1.00 (1)
0.9262 +- -1.00 (1)
0.9461 +- -1.00 (1)
0.9456 +- -1.00 (1)
0.9456 +- -1.00 (1)
0.9467 +- -1.00 (1)
0.9506 +- -1.00 (1)
0.9496 +- -1.00 (1)
0.9462 +- -1.00 (1)
0.9472 +- -1.00 (1)
0.9512 +- -1.00 (1)
0.9426 +- -1.00 (1)
0.9401 +- -1.00 (1)
0.9396 +- -1.00 (1)
