-1.0000 
-1.0000 
0.9242 
-1.0000 
-1.0000 
-1.0000 
-1.0000 
0.9828 
-1.0000 
0.9518 
0.9336 
0.9493 
0.9767 
0.9692 
0.9698 
-1.0000 
-1.0000 
0.9116 
0.9566 
-1.0000 
-1.0000 
-1.0000 
-1.0000 
0.9509 
-1.0000 
-1.0000 
-1.0000 
-1.0000 
0.9584 
-1.0000 
-1.0000 
-1.0000 
-1.0000 
-1.0000 
0.9668 
-1.0000 
-1.0000 
-1.0000 
0.9603 
0.9606 
0.9615 
-1.0000 
-1.0000 
-1.0000 
-1.0000 
-1.0000 
-1.5000 
0.9619 
-1.0000 
-1.0000 
0.9579 
-1.5000 
0.9709 
0.9671 
0.9632 
-1.0000 
-1.0000 
0.9527 
0.9715 
-1.0000 
-1.0000 
0.9647 
-1.0000 
0.9720 
-1.0000 
-1.0000 
-1.0000 
-1.0000 
0.9629 
-1.0000 
-1.0000 
-1.0000 
-1.0000 
-1.0000 
-1.0000 
0.9628 
-1.0000 
0.9449 
-1.0000 
-1.0000 
-1.0000 
-1.0000 
0.9626 
-1.0000 
-1.0000 
-1.0000 
-1.0000 
0.9531 
-1.0000 
-1.0000 
0.9626 
0.9586 
0.9675 
-1.0000 
-1.0000 
0.9618 
-1.0000 
-1.0000 
-1.0000 
-1.0000 
-1.0000 
0.9633 
0.9639 
-1.0000 
-1.0000 
-1.0000 
0.9572 
-1.0000 
0.9604 
-1.0000 
0.9608 
-1.0000 
-1.0000 
0.9672 
-1.0000 
-1.0000 
0.9695 
-1.0000 
-1.0000 
-1.0000 
0.9621 
-1.0000 
0.9600 
-1.0000 
-1.0000 
-1.0000 
-1.0000 
-1.0000 
-1.0000 
-1.0000 
-1.0000 
-1.0000 
0.9560 
-1.0000 
-1.0000 
-1.0000 
-1.0000 
0.9546 
-1.0000 
-1.0000 
0.9495 
0.9536 
-1.0000 
-1.0000 
-1.0000 
-1.0000 
0.9478 
0.9543 
0.9535 
-1.0000 
-1.0000 
-1.0000 
-1.0000 
-1.0000 
-1.0000 
-1.0000 
-1.0000 
-1.0000 
-1.0000 
0.9577 
0.9519 
-1.0000 
-1.0000 
-1.0000 
-1.0000 
0.9462 
-1.0000 
-1.0000 
-1.0000 
-1.0000 
-1.0000 
-1.0000 
0.9502 
-1.0000 
-1.0000 
-1.0000 
-1.0000 
0.9578 
-1.0000 
0.9563 
-1.0000 
0.9523 
-1.0000 
0.9513 
0.9524 
0.9404 
-1.0000 
-1.0000 
-1.0000 
-1.0000 
-1.0000 
0.9551 
0.9490 
0.9481 
-1.0000 
-1.0000 
-1.0000 
-1.0000 
0.9485 
-1.0000 
-1.0000 
-1.0000 
-1.0000 
-1.0000 
-1.0000 
-1.0000 
-1.0000 
0.9491 
-1.0000 
-1.0000 
0.9441 
0.9537 
0.9450 
-1.0000 
-1.0000 
-1.0000 
-1.0000 
0.9480 
-1.0000 
-1.0000 
0.9443 
-1.0000 
0.9433 
-1.0000 
0.9521 
-1.0000 
-1.0000 
-1.0000 
-1.0000 
-1.0000 
-1.0000 
0.9433 
-1.0000 
-1.0000 
0.9515 
0.9432 
0.9534 
-1.0000 
0.9505 
-1.0000 
-1.0000 
-1.0000 
-1.0000 
-1.0000 
-1.0000 
-1.0000 
0.9431 
-1.0000 
-1.0000 
-1.0000 
-1.0000 
-1.0000 
0.9500 
-1.0000 
-1.0000 
0.9440 
-1.0000 
-1.0000 
-1.0000 
-1.0000 
-1.0000 
-1.0000 
-1.0000 
-1.0000 
-1.0000 
-1.0000 
0.9492 
-1.0000 
0.9479 
-1.0000 
-1.0000 
0.9416 
0.9470 
0.9451 
-1.0000 
0.9409 
-1.0000 
0.9412 
-1.0000 
0.9518 
-1.0000 
-1.0000 
-1.0000 
0.9537 
-1.0000 
0.9282 
-1.0000 
0.9149 
-1.0000 
0.9450 
-1.0000 
-1.0000 
0.9518 
-1.0000 
-1.0000 
0.9425 
-1.0000 
-1.0000 
0.9313 
-1.0000 
