








0.9518
0.9326
0.9493
0.9767
0.9666




0.9566




0.9509










0.9768




0.9609
0.9593











0.969




0.9504
0.9718


0.9664

0.972




0.9629






0.9638











0.9537


0.9647




0.9596






0.9639





0.9611

0.9639











0.96









0.9584




0.9546



0.9576




0.9515

0.9551










0.9577





















0.9523

0.9513

0.9471





0.9542
0.9496

















0.9441











0.9405

0.9521






0.9465



0.9441


0.9451





























0.9481


0.9416



0.9409

0.9403

0.9495





0.9379






0.9518


0.9465


0.938
