../../problems/clp/benchs/BRrw-d/BRrw-d1.txt -i 19 --min_fr=1.0 0.054400 0.043600
../../problems/clp/benchs/BRrw-d/BRrw-d1.txt -i 56 --min_fr=1.0 0.044600 0.029100
../../problems/clp/benchs/BRrw-d/BRrw-d1.txt -i 99 --min_fr=1.0 0.024500 0.017100
../../problems/clp/benchs/BRrw-d/BRrw-d2.txt -i 83 --min_fr=1.0 0.065200 0.049700
../../problems/clp/benchs/BRrw-d/BRrw-d2.txt -i 99 --min_fr=1.0 0.040700 0.033900
../../problems/clp/benchs/BRrw-d/BRrw-d3.txt -i 16 --min_fr=1.0 0.053200 0.040800
../../problems/clp/benchs/BRrw-d/BRrw-d3.txt -i 61 --min_fr=1.0 0.038300 0.031500
../../problems/clp/benchs/BRrw-d/BRrw-d4.txt -i 85 --min_fr=1.0 0.041000 0.033500
../../problems/clp/benchs/BRrw-d/BRrw-d4.txt -i 99 --min_fr=1.0 0.036200 0.029800
../../problems/clp/benchs/BRrw-d/BRrw-d5.txt -i 10 --min_fr=1.0 0.041100 0.029000
../../problems/clp/benchs/BRrw-d/BRrw-d5.txt -i 29 --min_fr=1.0 0.032800 0.027200
../../problems/clp/benchs/BRrw-d/BRrw-d5.txt -i 30 --min_fr=1.0 0.047800 0.038600
../../problems/clp/benchs/BRrw-d/BRrw-d5.txt -i 47 --min_fr=1.0 0.042500 0.033500
../../problems/clp/benchs/BRrw-d/BRrw-d6.txt -i 13 --min_fr=1.0 0.034000 0.024400
../../problems/clp/benchs/BRrw-d/BRrw-d6.txt -i 26 --min_fr=1.0 0.037800 0.030800
../../problems/clp/benchs/BRrw-d/BRrw-d6.txt -i 53 --min_fr=1.0 0.042900 0.035600
../../problems/clp/benchs/BRrw-d/BRrw-d6.txt -i 60 --min_fr=1.0 0.038200 0.027800
../../problems/clp/benchs/BRrw-d/BRrw-d6.txt -i 74 --min_fr=1.0 0.037100 0.030600
../../problems/clp/benchs/BRrw-d/BRrw-d7.txt -i 0 --min_fr=1.0 0.045700 0.036800
../../problems/clp/benchs/BRrw-d/BRrw-d7.txt -i 11 --min_fr=1.0 0.041700 0.034500
../../problems/clp/benchs/BRrw-d/BRrw-d7.txt -i 46 --min_fr=1.0 0.044000 0.036600
../../problems/clp/benchs/BRrw-d/BRrw-d7.txt -i 52 --min_fr=1.0 0.043900 0.035900
../../problems/clp/benchs/BRrw-d/BRrw-d7.txt -i 90 --min_fr=1.0 0.049000 0.036700
../../problems/clp/benchs/BRrw-d/BRrw-d7.txt -i 96 --min_fr=1.0 0.046400 0.038200
../../problems/clp/benchs/BRrw-d/BRrw-d8.txt -i 41 --min_fr=0.98 0.050300 0.040800
../../problems/clp/benchs/BRrw-d/BRrw-d8.txt -i 58 --min_fr=0.98 0.047600 0.039000
../../problems/clp/benchs/BRrw-d/BRrw-d10.txt -i 30 --min_fr=0.98 0.055000 0.044400
../../problems/clp/benchs/BRrw-d/BRrw-d11.txt -i 58 --min_fr=0.98 0.053000 0.041900
../../problems/clp/benchs/BRrw-d/BRrw-d13.txt -i 59 --min_fr=0.98 0.056500 0.046300
../../problems/clp/benchs/BRrw-d/BRrw-d15.txt -i 57 --min_fr=0.98 0.058300 0.048200
