0.0844 0.083 0.1595612 1
0.0375 0.0369 0.07208965 1
0.2114 0.2067 0.37382072 1
0.1801 0.1734 0.32162316 1
0.0771 0.0751 0.14556099 1
0.1799 0.1749 0.32268929 1
0.1478 0.1439 0.26972228 1
0.0863 0.0836 0.16185422 1
0.0777 0.0677 0.13928411 1
0.2242 0.2232 0.39680496 1
0.2355 0.2296 0.4104933 1
0.0652 0.059 0.1194764 1
0.0273 0.0259 0.05154513 1
0.0325 0.0313 0.06184555 1
0.0812 0.0771 0.15119678 1
0.165 0.1639 0.3011844 1
0.0777 0.0751 0.14611653 1
0.0543 0.0524 0.10296038 1
0.0398 0.0384 0.07574888 1
0.0508 0.0502 0.09754984 1
0.1278 0.123 0.2343304 1
0.0897 0.0824 0.16387982 1
0.3457 0.3447 0.57092661 1
0.1472 0.1414 0.26707352 1
0.0494 0.0482 0.09431552 1
0.1108 0.1093 0.20720866 1
0.1373 0.1351 0.25312217 1
0.0844 0.0833 0.15983618 1
0.1211 0.121 0.226688 1
0.0811 0.0804 0.15414006 1
0.0889 0.0873 0.16761423 1
0.0508 0.0436 0.09127852 1
0.0171 0.0171 0.03294079 1
0.0357 0.0352 0.06871326 1
0.0524 0.052 0.1007786 1
0.0684 0.0674 0.13032464 1
0.049 0.0431 0.0890792 1
0.2212 0.2141 0.38737538 1
0.0916 0.0906 0.17308224 1
0.057 0.0551 0.1080704 1
0.0551 0.041 0.092936 1
0.1506 0.1505 0.2777348 1
0.1342 0.126 0.24255 1
0.1379 0.1348 0.25338278 1
0.0514 0.051 0.09888 1
0.0462 0.0429 0.08620612 1
0.076 0.0724 0.142045 1
0.1155 0.1121 0.21387905 1
0.0603 0.0598 0.11561316 1
0.0158 0.0138 0.02841056 1
0.061 0.0568 0.113452 1
0.1037 0.101 0.19343 1
0.0325 0.0321 0.06262035 1
0.2137 0.2123 0.38005649 1
0.2662 0.2642 0.45959936 1
0.067 0.0638 0.1256552 1
0.0771 0.0754 0.14583816 1
0.0778 0.0668 0.13854656 1
0.0283 0.0252 0.05183934 1
0.0376 0.0336 0.06900684 1
0.1497 0.1439 0.27135077 1
0.063 0.0598 0.1181544 1
0.109 0.0998 0.1971296 1
0.1008 0.0994 0.18937968 1
0.0885 0.0867 0.16670125 1
0.0767 0.076 0.1460225 1
0.0829 0.0812 0.15653162 1
0.0218 0.02 0.0404048 1
0.0719 0.069 0.1350788 1
0.0772 0.0761 0.14657738 1
0.1785 0.1721 0.31922975 1
0.1354 0.126 0.2436 1
0.08 0.0742 0.1474172 1
0.1441 0.1416 0.26458014 1
0.1788 0.1775 0.3239183 1
0.0369 0.0365 0.07112555 1
0.0829 0.0779 0.15350189 1
0.0741 0.071 0.138983 1
0.0429 0.0387 0.07902037 1
0.0512 0.0506 0.09831008 1
0.0479 0.0376 0.08278346 1
0.0976 0.0949 0.18242926 1
0.0551 0.0465 0.09813845 1
0.0821 0.0751 0.15019049 1
0.0324 0.0322 0.06262032 1
0.0686 0.0678 0.13088432 1
0.056 0.0538 0.105896 1
0.0837 0.081 0.157084 1
0.3597 0.3524 0.58505282 1
0.0617 0.0583 0.11552189 1
0.0585 0.0542 0.108641 1
0.1275 0.1177 0.22943745 1
0.0679 0.0672 0.12967122 1
0.097 0.0896 0.1770944 1
0.1348 0.1312 0.24757924 1
0.0232 0.0219 0.04363602 1
0.0661 0.0626 0.12368984 1
0.0439 0.038 0.0793127 1
0.0233 0.0216 0.04344062 1
0.0936 0.0908 0.17508452 1
0.0521 0.0409 0.08996111 1
0.026 0.0166 0.0412121 2
0.0673 0.0625 0.12472255 1
0.067 0.0654 0.1271496 1
0.0496 0.0443 0.09079586 4
0.0361 0.0325 0.06649435 1
0.038 0.0346 0.0703568 1
0.0239 0.0194 0.0418817 2
0.0561 0.0515 0.10381745 1
0.0457 0.0395 0.08247905 1
0.0649 0.0547 0.11517226 6
0.0539 0.0549 0.10494869 1
0.0265 0.0246 0.0494982 1
0.0344 0.021 0.053732 1
0.0289 0.0239 0.05116109 1
0.0346 0.0323 0.06484871 2
0.0213 0.0158 0.03579996 2
0.0871 0.0702 0.15034188 1
0.0467 0.047 0.0905978 1
0.0436 0.0412 0.08208748 1
0.0573 0.0524 0.10582059 2
0.0381 0.0351 0.07093489 1
0.0427 0.0366 0.07681567 2
0.055 0.0417 0.0935022 1
0.0438 0.0404 0.08151522 2
0.0535 0.0461 0.09623596 4
0.066 0.0591 0.1203237 2
0.0413 0.0313 0.07037891 1
0.0391 0.0334 0.07026556 1
0.0243 0.0217 0.04451846 4
0.0413 0.0413 0.07997591 1
0.0247 0.0234 0.04656918 2
0.0242 0.0188 0.0415871 2
0.0446 0.0378 0.0798054 2
0.0529 0.0414 0.09120892 2
0.0288 0.0183 0.04561906 1
0.0435 0.0349 0.07595925 1
0.0781 0.0756 0.14694912 2
0.034 0.0301 0.0621397 1
0.0324 0.0268 0.05738988 1
0.0513 0.0488 0.09669566 1
0.037 0.0381 0.0727644 1
0.0383 0.0289 0.06515933 1
0.0991 0.0943 0.18324763 2
0.0365 0.0343 0.06862055 3
0.0597 0.0471 0.10309441 2
0.0403 0.0294 0.06758388 1
0.0329 0.0326 0.06349497 2
0.0507 0.0414 0.08909212 1
0.0209 0.016 0.0356015 1
0.0266 0.0228 0.04784192 1
0.0452 0.0431 0.08543918 1
0.082 0.0834 0.1577256 1
0.0473 0.0489 0.09298223 1
0.0644 0.0569 0.11675594 1
0.0232 0.02 0.0417791 2
0.0446 0.0329 0.07512164 6
0.0504 0.0494 0.09641984 2
0.0272 0.025 0.05057129 2
0.0424 0.0424 0.08208932 2
0.0382 0.023 0.059382 2
0.0415 0.0375 0.07652612 2
0.0501 0.0459 0.09279541 1
0.0301 0.0325 0.06068338 2
0.0171 0.0153 0.03117277 3
0.0265 0.0212 0.04618494 2
0.0326 0.0295 0.0601994 1
0.0304 0.0295 0.05806217 2
0.0572 0.0479 0.10146422 1
0.0739 0.0551 0.12405611 1
0.0509 0.0418 0.08966408 1
0.0532 0.0485 0.0982205 1
0.0667 0.0643 0.12584135 2
0.0451 0.0358 0.07837002 3
0.0472 0.045 0.0891672 1
0.0285 0.024 0.0508675 1
0.0269 0.0239 0.04920689 1
0.0415 0.04 0.0789205 1
0.0409 0.039 0.0773838 1
0.0337 0.0311 0.06281573 1
0.0622 0.0544 0.1123321 2
0.0382 0.0309 0.06698772 1
0.0323 0.0231 0.05370827 1
0.0595 0.059 0.114107 1
0.0184 0.016 0.033139 1
0.0352 0.0265 0.0598279 1
0.0592 0.0539 0.10902122 1
0.0472 0.0459 0.09002562 1
0.0922 0.0924 0.17526572 2
0.0574 0.047 0.1008148 3
0.0238 0.0213 0.04363925 5
0.0501 0.0464 0.09327086 1
0.0377 0.0367 0.07209149 2
0.0279 0.0164 0.04288574 1
0.0452 0.0333 0.07607546 2
0.0328 0.0295 0.06039387 2
0.0432 0.0348 0.07557843 4
0.0304 0.0282 0.05680032 1
0.0424 0.0419 0.08160674 1
0.023 0.0205 0.04207156 2
0.0416 0.0286 0.06807967 2
0.0407 0.038 0.07623457 4
0.044 0.0371 0.078548 2
0.0429 0.0336 0.07413406 1
0.0321 0.0274 0.05767896 1
0.0318 0.0278 0.05777458 2
0.0299 0.0146 0.0431084 2
0.0376 0.0345 0.06987402 2
0.0389 0.0373 0.07382783 2
0.0308 0.0183 0.04759121 4
0.0373 0.0315 0.06669818 3
0.0408 0.0352 0.07363884 1
0.0297 0.0253 0.05330464 4
0.0358 0.0318 0.06552816 1
0.0242 0.0209 0.04363832 1
0.0376 0.028 0.06361514 4
0.0287 0.0212 0.0483417 2
0.0558 0.0509 0.10296548 1
0.0374 0.0309 0.06621164 1
0.0382 0.035 0.0709352 1
0.0497 0.04 0.0868007 1
0.0449 0.0219 0.06488249 1
0.0735 0.0582 0.126553 1
0.0527 0.0395 0.08920955 1
0.0346 0.0273 0.06001632 1
0.0381 0.0271 0.06323169 1
0.0461 0.0414 0.08467828 2
0.0448 0.0359 0.07817138 1
0.0242 0.0203 0.04305264 3
0.0225 0.0163 0.03747254 4
0.0372 0.0355 0.07045461 3
0.034 0.0289 0.06098028 3
0.0355 0.016 0.04998274 2
0.0345 0.0272 0.05982406 2
0.0373 0.0323 0.06746661 2
0.0351 0.0342 0.06718068 2
0.0448 0.0344 0.07673708 1
0.0409 0.0327 0.07134452 4
0.0247 0.0236 0.04676513 3
0.0491 0.0379 0.08422511 1
0.0459 0.0273 0.07101913 1
0.0299 0.027 0.0551486 1
0.0486 0.0429 0.08850806 3
0.0623 0.057 0.1148672 1
0.0363 0.0256 0.06003198 2
0.043 0.0358 0.0763408 2
0.0336 0.0308 0.06242852 1
0.0288 0.0213 0.04853573 2
0.0305 0.0203 0.04923163 3
0.0234 0.0197 0.04168441 3
0.0278 0.0206 0.04687472 1
0.0431 0.0364 0.07701814 2
0.0627 0.056 0.11431082 2
0.0386 0.0347 0.07103563 2
0.0468 0.04 0.08402047 4
0.0256 0.0255 0.04949755 3
0.0277 0.0204 0.04658202 1
0.0375 0.027 0.062551 1
0.0287 0.0219 0.04902107 1
0.0393 0.0317 0.06882716 3
0.0455 0.0395 0.08228675 1
0.0348 0.0334 0.06610488 1
0.0464 0.0313 0.07532438 1
0.0471 0.0369 0.08134826 4
0.0267 0.0147 0.04004791 1
0.0225 0.0081 0.02944735 1
0.0307 0.0271 0.05602483 1
0.0431 0.0295 0.07040015 1
0.0647 0.0603 0.12022324 2
0.0493 0.0452 0.09136514 1
0.031 0.0224 0.051758 1
0.0455 0.0436 0.08621604 3
0.0464 0.0445 0.0879356 2
0.0324 0.0319 0.06233073 2
0.0482 0.0382 0.08364416 1
0.0226 0.0155 0.0367868 1
0.0316 0.0269 0.05671246 3
0.0363 0.0335 0.06765459 3
0.022 0.0197 0.04031018 2
0.043 0.0387 0.07911819 3
0.0511 0.0403 0.08843107 1
0.0401 0.0332 0.07104098 1
0.0345 0.0247 0.05740605 1
0.0497 0.045 0.0915572 1
0.0252 0.0215 0.04520397 2
0.0293 0.0257 0.05330256 7
0.04 0.0296 0.0674846 1
0.0452 0.0375 0.08008694 2
0.0658 0.0613 0.12219256 1
0.0439 0.0389 0.08017409 1
0.0413 0.0392 0.07796054 1
0.0451 0.0356 0.07817414 1
0.0408 0.0385 0.0768075 1
0.0253 0.0266 0.05027792 1
0.0425 0.0383 0.07825216 2
0.0224 0.0205 0.04148375 2
0.0289 0.0263 0.05349413 1
0.0346 0.029 0.06166334 3
0.0261 0.0247 0.04920513 1
0.0339 0.0273 0.05933487 2
0.0395 0.0327 0.06998555 3
0.0376 0.0336 0.06900774 2
0.0443 0.0394 0.08104001 4
0.0313 0.0267 0.05622415 4
0.0353 0.0329 0.06610791 2
0.0329 0.0259 0.05700569 1
0.0349 0.0283 0.06127473 2
0.0402 0.0232 0.06152988 2
0.0385 0.0351 0.07132179 2
0.0362 0.0231 0.05752242 2
0.0366 0.0288 0.06341202 2
0.0438 0.0396 0.08074792 1
0.0316 0.026 0.05583696 4
0.0324 0.0294 0.05990992 2
0.0326 0.0283 0.05903732 1
0.0336 0.0231 0.05497954 1
0.0505 0.0454 0.0927022 1
0.0489 0.0419 0.08784338 2
0.0275 0.0235 0.04940375 1
0.0355 0.0304 0.0638857 1
0.0422 0.0377 0.07739262 3
0.0307 0.0261 0.05505783 2
0.0371 0.0258 0.06100474 2
0.0392 0.0352 0.07209542 3
0.0392 0.0343 0.07122794 1
0.0358 0.0307 0.06447908 3
0.0322 0.0309 0.06116821 4
0.0371 0.0311 0.06611339 1
0.0282 0.0228 0.04940774 2
0.0318 0.0297 0.05961621 3
0.0351 0.0286 0.06175884 1
0.0272 0.0197 0.04541006 1
0.0329 0.0275 0.05855465 1
0.0393 0.0282 0.06545824 1
0.0376 0.0317 0.06717638 1
0.0366 0.0308 0.06534926 3
0.032 0.0256 0.05584594 2
0.0537 0.0403 0.09094061 3
0.0216 0.014 0.03433233 3
0.0393 0.0279 0.06516973 1
0.0449 0.0322 0.07473032 1
0.035 0.0245 0.05770192 2
0.0502 0.038 0.0853814 2
0.0502 0.0479 0.09479948 2
0.04 0.0297 0.0675807 1
0.0366 0.0321 0.06659284 1
0.0411 0.0357 0.07441195 4
0.0367 0.0214 0.05637172 1
0.0325 0.025 0.05574525 3
0.0348 0.0348 0.06745981 2
0.0295 0.0237 0.0515533 2
0.0391 0.0329 0.06978461 1
0.0367 0.0286 0.06331468 1
0.0427 0.0332 0.07355726 1
0.03 0.026 0.054275 1
0.0218 0.012 0.03257122 2
0.0313 0.0294 0.0588469 3
0.0374 0.0328 0.06804248 1
0.0293 0.0259 0.05349568 2
0.0339 0.0284 0.06039922 2
0.0291 0.0231 0.05058194 7
0.0384 0.0365 0.0725753 2
0.0325 0.0217 0.05254795 1
0.0436 0.0392 0.08017348 2
0.0267 0.0163 0.04160679 1
0.0403 0.0323 0.07037015 3
0.0281 0.0241 0.05057399 1
0.0368 0.0219 0.05695344 5
0.044 0.0369 0.07837906 7
0.0376 0.0321 0.06756174 1
0.0337 0.0321 0.06378303 1
0.034 0.0244 0.0566281 2
0.0436 0.0379 0.07892916 2
0.037 0.031 0.06592264 3
0.0327 0.0191 0.05022623 1
0.0361 0.0233 0.05761727 1
0.0235 0.0219 0.04392975 1
0.0447 0.0375 0.07961304 3
0.0256 0.022 0.04608438 3
0.038 0.0308 0.0666974 1
0.0396 0.0325 0.06989188 3
0.0314 0.0234 0.05311904 1
0.0336 0.0309 0.06252706 4
0.0547 0.0513 0.10230546 4
0.0298 0.0297 0.05767344 1
0.0378 0.0282 0.06400608 5
0.033 0.0225 0.05381276 2
0.0336 0.0272 0.05894588 1
0.0422 0.0358 0.07556631 2
0.0449 0.0398 0.08200198 3
0.0249 0.0164 0.039933 5
0.0439 0.0248 0.06667928 2
0.0478 0.0371 0.08221052 1
0.0322 0.0262 0.05661376 1
0.0352 0.0325 0.06562321 2
0.0258 0.0222 0.04647476 3
0.0341 0.0302 0.06233348 1
0.0276 0.025 0.05096264 2
0.0308 0.0147 0.04409174 1
0.0386 0.0335 0.06988169 2
0.0377 0.0126 0.04887428 1
0.0358 0.023 0.05703608 2
0.0371 0.0335 0.06842752 2
0.0301 0.0263 0.05466383 2
0.037 0.0273 0.06235326 2
0.0381 0.0305 0.06650687 3
0.0347 0.0321 0.06475193 1
0.0374 0.0347 0.06987464 2
0.0327 0.0231 0.05409943 1
0.0352 0.0223 0.05577154 1
0.0442 0.0326 0.07443776 2
0.0438 0.0396 0.08074792 1
0.0293 0.0217 0.04941435 2
0.0355 0.0295 0.06301675 1
0.0339 0.0247 0.05682157 3
0.0326 0.0293 0.06000605 2
0.0403 0.0259 0.06423414 2
0.048 0.0282 0.07392242 3
0.0344 0.0214 0.05411876 2
0.0338 0.0288 0.06069096 3
0.0374 0.0277 0.0631316 2
0.0346 0.0304 0.06301301 2
0.0425 0.0154 0.0563024 1
0.0502 0.041 0.0882414 3
0.0413 0.037 0.07585403 3
0.032 0.0291 0.0592293 2
0.0392 0.0269 0.06411424 3
0.0337 0.0308 0.06252554 1
0.0313 0.0259 0.0554548 8
0.0317 0.026 0.05593527 3
0.0396 0.0385 0.07565352 3
0.0297 0.0223 0.05038869 1
0.0341 0.0326 0.0646556 2
0.0389 0.0329 0.06959507 5
0.0392 0.0325 0.0694967 1
0.0332 0.0309 0.06213722 1
0.0332 0.0197 0.05129786 1
0.0415 0.0365 0.07557025 2
0.027 0.0258 0.05115528 2
0.0415 0.0355 0.07461573 2
0.0425 0.0408 0.0806483 1
0.0319 0.0287 0.05874519 2
0.0433 0.0405 0.08113311 3
0.0412 0.0359 0.07470265 4
0.0356 0.0362 0.06958338 2
0.0429 0.0373 0.07768047 2
0.0446 0.0333 0.07549738 5
0.034 0.0225 0.05479266 3
0.0394 0.0252 0.06267072 1
0.0303 0.0235 0.05214103 2
0.0304 0.0254 0.05408264 1
0.0399 0.0324 0.07007854 1
0.0376 0.029 0.0645752 1
0.0356 0.0289 0.06253482 4
0.0426 0.0384 0.07844416 1
0.0244 0.0136 0.03670527 2
0.044 0.0352 0.07673332 2
0.0402 0.0355 0.07334898 3
0.027 0.0265 0.05184002 3
0.0377 0.0324 0.067948 2
0.0293 0.0215 0.04922247 3
0.0317 0.0266 0.05651423 2
0.0334 0.03 0.06146208 2
0.0476 0.0415 0.08621778 4
0.0216 0.0206 0.04079624 1
0.0352 0.0358 0.06881495 3
0.0379 0.0286 0.06448651 2
0.0302 0.0243 0.05282062 2
0.034 0.0308 0.06282254 5
0.0413 0.0355 0.07441608 4
0.0331 0.0308 0.0619437 3
0.0396 0.0361 0.0733464 3
0.0329 0.0258 0.05690998 2
0.054 0.0422 0.09301725 3
0.033 0.0335 0.06446015 2
0.0383 0.0274 0.06371528 1
0.027 0.0169 0.04248668 2
0.0348 0.0288 0.06166108 2
0.0237 0.0177 0.04002091 1
0.0429 0.0347 0.07520553 4
0.0408 0.0349 0.07335078 1
0.0379 0.022 0.05812588 4
0.0357 0.0333 0.06688003 2
0.0375 0.0278 0.0633218 1
0.0303 0.025 0.05359716 2
0.0335 0.0257 0.05739914 3
0.0286 0.0103 0.03764332 1
0.0372 0.0338 0.0688195 3
0.0519 0.0362 0.0853176 2
0.0443 0.0262 0.06840884 1
0.0335 0.0281 0.0597194 3
0.0364 0.0243 0.05887548 2
0.0462 0.0304 0.07427774 4
0.0322 0.0291 0.05942328 1
0.0395 0.0291 0.06651863 2
0.0304 0.0214 0.0502013 4
0.045 0.0349 0.07740848 2
0.0279 0.021 0.04736453 5
0.026 0.0194 0.04394057 3
0.0345 0.0256 0.05827616 2
0.0413 0.0272 0.06644524 2
0.0345 0.0189 0.05180035 1
0.0431 0.0372 0.07777598 1
0.0378 0.0337 0.06929664 1
0.0385 0.0283 0.06477647 2
0.0361 0.0287 0.06283006 3
0.0321 0.0266 0.05690384 1
0.0482 0.0387 0.08412056 1
0.0347 0.0283 0.06108075 3
0.0387 0.034 0.07045634 4
0.029 0.0276 0.0548552 1
0.0412 0.0338 0.07268154 2
0.0343 0.0237 0.05624409 1
0.0317 0.0193 0.04943854 2
0.0378 0.018 0.05417712 2
0.0408 0.0277 0.06643734 1
0.0308 0.0248 0.05389124 2
0.0488 0.0403 0.08622146 1
0.0369 0.0269 0.06187164 2
0.0396 0.0259 0.06353964 3
0.0388 0.035 0.0715148 1
0.0304 0.0296 0.05815916 1
0.0333 0.0175 0.04926705 1
0.0498 0.0394 0.08632624 2
0.0411 0.0293 0.06826517 1
0.0366 0.0336 0.06803944 1
0.039 0.0298 0.0667056 1
0.0363 0.0341 0.06823157 1
0.0357 0.0127 0.04699401 1
0.0341 0.0209 0.05334131 1
0.0389 0.0298 0.06660848 1
0.0366 0.0322 0.06669746 3
0.0373 0.0348 0.06987351 2
0.0451 0.0365 0.0790382 3
0.0407 0.0346 0.07296608 1
0.0417 0.0377 0.07690719 2
0.0348 0.0211 0.05422062 1
0.0319 0.0203 0.0506037 2
0.0291 0.025 0.0524256 1
0.0421 0.0363 0.07595019 3
0.036 0.0295 0.0635025 1
0.0381 0.0288 0.06486862 1
0.0425 0.0246 0.06512236 2
0.0378 0.0338 0.06939352 2
0.0379 0.0304 0.06621919 2
0.0399 0.0303 0.06806044 2
0.0394 0.0354 0.07247904 1
0.0402 0.031 0.06902886 3
0.041 0.0269 0.065864 1
0.0344 0.0304 0.06281909 2
0.0278 0.024 0.05018372 2
0.0424 0.0385 0.0783475 1
0.0376 0.0256 0.061303 2
0.0351 0.0317 0.0647533 2
0.0366 0.0352 0.06958588 3
0.0244 0.0228 0.04569075 4
0.0402 0.0306 0.06864189 2
0.0363 0.0185 0.05318225 1
0.0284 0.0223 0.04911638 1
0.0429 0.0354 0.07586583 4
0.0294 0.0132 0.04125352 1
0.0322 0.0152 0.04595696 1
0.0385 0.0312 0.0675685 4
0.0478 0.032 0.0773492 1
0.0278 0.0247 0.05086504 2
0.0393 0.0249 0.06228463 1
0.0368 0.0277 0.06254414 1
0.0412 0.0284 0.06750285 4
0.0394 0.0337 0.07084432 1
0.0377 0.0314 0.06698482 2
0.034 0.0328 0.0647524 3
0.0337 0.0338 0.06542939 2
0.0376 0.0277 0.06332742 2
0.0475 0.042 0.08659356 2
0.0358 0.0199 0.05404366 2
0.0379 0.0318 0.06756348 1
0.0337 0.0298 0.06155926 3
0.0341 0.0256 0.05788574 1
0.0294 0.0272 0.05485628 2
0.0394 0.0314 0.06863264 1
0.0388 0.037 0.0734392 1
0.0407 0.0308 0.06932446 5
0.0381 0.0314 0.0673722 2
0.0431 0.0353 0.07595597 1
0.0342 0.0309 0.06310732 1
0.0399 0.0251 0.06306337 3
0.0336 0.0303 0.06194482 1
0.0368 0.0309 0.06562958 1
0.0403 0.0353 0.07325784 3
0.0433 0.0401 0.08076566 5
0.0331 0.0265 0.05778484 4
0.0353 0.0154 0.04920894 2
0.0453 0.0317 0.07464023 2
0.0381 0.0251 0.06130808 2
0.0366 0.0361 0.0704583 6
0.0307 0.0279 0.05680139 2
0.044 0.0324 0.07405002 2
0.0364 0.0288 0.06321588 1
0.0322 0.0166 0.04731328 1
0.0392 0.0345 0.07143408 2
0.0369 0.0309 0.06572659 1
0.0329 0.0303 0.06127215 4
0.0413 0.0367 0.07556193 3
0.0311 0.0273 0.05660837 1
0.0362 0.0167 0.05134835 3
0.0428 0.0376 0.07787371 5
0.0428 0.0298 0.07040056 4
0.0384 0.0189 0.05563054 1
0.0469 0.0385 0.08268245 3
0.0357 0.0273 0.06108739 1
0.0448 0.0409 0.08295413 4
0.0377 0.0305 0.06611735 1
0.0313 0.0218 0.05147112 2
0.0318 0.0275 0.0574838 1
0.0336 0.0292 0.06088128 2
0.039 0.0291 0.0660322 1
0.0413 0.0339 0.07287413 1
0.0449 0.0441 0.08613211 3
0.035 0.0298 0.06282105 2
0.0337 0.0268 0.05865842 3
0.0417 0.0208 0.06069414 1
0.0306 0.0228 0.05175513 4
0.0411 0.0177 0.05713033 1
0.0449 0.0368 0.07912954 2
0.0491 0.0405 0.08670772 4
0.0376 0.0333 0.06871798 2
0.0372 0.0336 0.06862443 5
0.0354 0.0279 0.0613748 3
0.0347 0.0332 0.06581652 4
0.0346 0.0314 0.06397856 1
0.0422 0.0381 0.07777218 2
0.0389 0.0322 0.06892147 4
0.0288 0.0213 0.04854279 3
0.0444 0.0259 0.06821979 2
0.0333 0.0254 0.05691196 2
0.0416 0.0385 0.07757998 2
0.0379 0.0258 0.06178488 1
0.0359 0.0321 0.06591461 1
0.0333 0.0269 0.05836343 1
0.0423 0.0373 0.07710081 1
0.0399 0.0383 0.07576268 5
0.0413 0.0377 0.07652117 2
0.0357 0.0336 0.06717596 3
0.0354 0.031 0.06436812 2
0.0333 0.023 0.0545894 1
0.0429 0.0365 0.07691255 1
0.0417 0.0389 0.0780619 6
0.0347 0.0273 0.06011369 1
0.0396 0.0222 0.05998288 2
0.028 0.0292 0.05543932 2
0.0343 0.0284 0.06078758 1
0.0446 0.0402 0.08209136 2
0.0343 0.0245 0.05701853 2
0.0381 0.0356 0.07141789 5
0.0432 0.038 0.078639 2
0.0288 0.0227 0.04989674 1
0.0322 0.0289 0.05922979 2
0.0359 0.0299 0.06379535 6
0.0342 0.0231 0.05556663 2
0.0456 0.0415 0.08429858 4
0.0302 0.0244 0.05291672 1
0.0398 0.0352 0.07267484 2
0.0383 0.0394 0.07527758 4
0.048 0.0348 0.0802114 1
0.0276 0.0251 0.05105962 2
0.037 0.0308 0.06572736 2
0.0351 0.0299 0.06301475 2
0.0403 0.023 0.0614354 1
0.0379 0.0248 0.0608218 2
0.0399 0.0343 0.07190811 3
0.0295 0.0258 0.0535932 1
0.0404 0.0336 0.07171966 4
0.0418 0.0338 0.07327022 3
0.0479 0.0302 0.07573482 4
0.0333 0.0282 0.05962756 2
0.0444 0.0395 0.08122939 3
0.0403 0.0361 0.07402224 5
0.0347 0.0288 0.06156314 1
0.0338 0.0279 0.05982085 4
0.0327 0.0266 0.05748848 1
0.0389 0.0339 0.07055384 2
0.0425 0.0281 0.06847535 1
0.0398 0.0301 0.06777092 1
0.0297 0.0253 0.05330274 2
0.039 0.0268 0.0638196 1
0.0405 0.0393 0.07728908 3
0.0304 0.0216 0.05039452 2
0.0392 0.0355 0.07238894 5
0.0417 0.0276 0.06721831 2
0.0455 0.0409 0.08363357 2
0.0364 0.0326 0.06688184 2
0.0372 0.0364 0.07131852 1
0.0468 0.0337 0.07800444 3
0.0332 0.0245 0.05594704 3
0.0383 0.0338 0.06987737 2
0.0323 0.0323 0.06262031 1
0.0448 0.0337 0.07607269 2
0.0423 0.0345 0.07441645 1
0.0384 0.0334 0.06958828 2
0.0395 0.0298 0.06719199 4
0.0485 0.0253 0.07164639 2
0.0386 0.0238 0.06054272 1
0.0428 0.0369 0.07720004 2
0.0316 0.0323 0.06194306 3
0.0452 0.0409 0.08333674 2
0.0372 0.0328 0.06785262 3
0.0344 0.0314 0.06378482 2
0.043 0.0421 0.08238541 5
0.048 0.0373 0.08259552 5
0.0374 0.0326 0.06785524 4
0.038 0.031 0.06689033 2
0.0344 0.0337 0.06600843 4
0.0396 0.0275 0.06507724 2
0.0338 0.029 0.06088187 2
0.0399 0.0381 0.07555681 1
0.0431 0.0375 0.07807112 4
0.0426 0.0284 0.06886016 1
0.0408 0.0368 0.07517516 1
0.0389 0.024 0.0610283 1
0.041 0.0365 0.07508623 6
0.0428 0.0311 0.07164182 1
0.0409 0.0342 0.07277572 2
0.0411 0.033 0.0718168 1
0.0449 0.0393 0.08153478 3
0.0441 0.0316 0.07338114 1
0.0443 0.0408 0.08238214 4
0.0352 0.0303 0.06349973 3
0.042 0.0306 0.07038953 3
0.0368 0.028 0.0628334 1
0.0382 0.0336 0.06958753 3
0.0393 0.0331 0.07017059 2
0.0283 0.0213 0.04805048 7
0.0421 0.038 0.0775793 1
0.0348 0.027 0.0599212 1
0.041 0.0358 0.07440892 2
0.0418 0.0279 0.06760338 2
0.0398 0.0288 0.0665224 2
0.0351 0.0316 0.06465863 5
0.0362 0.0259 0.0602237 2
0.0455 0.0404 0.0831533 3
0.0352 0.0223 0.05577362 3
0.05 0.0345 0.0818585 1
0.0393 0.0228 0.06026506 1
0.0368 0.0246 0.059557 4
0.0392 0.0264 0.06362996 2
0.0444 0.0309 0.07300258 2
0.0329 0.0221 0.0533273 2
0.0416 0.0259 0.06548906 1
0.0376 0.0303 0.06582859 3
0.0407 0.03 0.0685492 2
0.0327 0.0283 0.05913979 2
0.0384 0.0346 0.07074396 2
0.0397 0.0348 0.0721947 4
0.0462 0.0274 0.07141293 4
0.0413 0.0338 0.07277816 1
0.0439 0.0337 0.07519717 1
0.0416 0.0337 0.07297298 2
0.0394 0.0242 0.06170912 1
0.0392 0.0265 0.0637259 1
0.0433 0.042 0.082568 4
0.0418 0.0218 0.06175136 1
0.0421 0.032 0.0718259 1
0.0458 0.0311 0.07455158 2
0.0461 0.0364 0.07990559 3
0.0329 0.0288 0.05981588 2
0.0419 0.0304 0.07010795 4
0.0404 0.0373 0.07526978 1
0.0382 0.0339 0.06987612 1
0.0468 0.0412 0.08516007 4
0.0356 0.028 0.06167036 3
0.0457 0.0431 0.08591867 2
0.0388 0.0305 0.06718493 2
0.046 0.0383 0.08162233 3
0.0567 0.0436 0.0969291 2
0.0391 0.0392 0.07584462 2
0.0438 0.0404 0.08151388 2
0.0366 0.0291 0.0636997 2
0.0411 0.0277 0.06672933 1
0.0404 0.0343 0.07238834 3
0.0383 0.0337 0.06978029 1
0.0467 0.037 0.08105815 2
0.0483 0.0365 0.08212085 1
0.0402 0.0366 0.07440505 3
0.0377 0.0284 0.06409594 2
0.0397 0.0196 0.05758112 4
0.0384 0.0191 0.05582318 2
0.0399 0.0345 0.07210535 3
0.0361 0.021 0.05539818 3
0.0428 0.0387 0.07892669 2
0.0441 0.041 0.08237711 3
0.0445 0.033 0.07511291 4
0.0365 0.0312 0.0656279 1
0.048 0.0437 0.08869332 2
0.0358 0.0281 0.06195692 1
0.0429 0.0335 0.07403932 3
0.0333 0.0272 0.05865374 1
0.0403 0.0277 0.0659515 6
0.0336 0.028 0.05971981 2
0.0381 0.0327 0.06862393 1
0.0417 0.0379 0.07709817 1
0.0463 0.0434 0.08678342 2
0.0448 0.0368 0.07903397 4
0.0469 0.0385 0.08268055 2
0.0467 0.0367 0.08076851 1
0.0465 0.0408 0.0844891 1
0.0475 0.0406 0.0852586 1
0.0423 0.0375 0.07729719 3
0.0442 0.0364 0.07807072 1
0.053 0.0502 0.0996416 1
0.0421 0.0313 0.07115467 1
0.0479 0.0466 0.09136425 3
0.0454 0.0404 0.08305064 1
0.0493 0.0416 0.08793902 1
0.0477 0.0453 0.08994064 4
0.0473 0.0455 0.08974085 2
0.0457 0.0434 0.08620484 2
0.0463 0.0355 0.07923785 2
0.0422 0.0371 0.07681274 2
0.0429 0.0354 0.07585864 1
0.0476 0.0463 0.09079222 2
0.0502 0.0351 0.0826224 2
0.0406 0.0382 0.07632688 1
0.0457 0.0375 0.08056933 2
0.0482 0.0264 0.07240112 1
0.0431 0.0437 0.08400233 1
0.0486 0.0414 0.08707729 3
0.0416 0.033 0.07230149 3
0.0446 0.0391 0.08104023 5
0.0506 0.0479 0.09517376 1
0.0415 0.0316 0.0708607 1
0.049 0.0421 0.0881272 1
0.0477 0.0457 0.09031425 3
0.046 0.0447 0.08773598 3
0.045 0.0337 0.0762612 1
0.0439 0.0344 0.0758711 4
0.0351 0.0333 0.06629863 2
0.0476 0.042 0.0866894 1
0.05 0.0404 0.08747135 4
0.0469 0.0443 0.08822435 4
0.0459 0.0411 0.08419951 1
0.0425 0.0272 0.06761306 2
0.0457 0.0315 0.07483669 2
0.0469 0.0384 0.08258385 4
0.0454 0.0389 0.08161737 3
0.043 0.0353 0.0758594 1
0.0464 0.0346 0.07847456 1
0.044 0.0422 0.08343018 4
0.0485 0.0404 0.08603038 2
0.0476 0.0402 0.08497328 1
0.0464 0.0398 0.08343888 3
0.0465 0.0422 0.08582546 2
0.049 0.0379 0.0841288 1
0.047 0.0449 0.08888138 2
0.0551 0.0423 0.09416567 1
0.0438 0.0396 0.08074887 2
0.0421 0.0377 0.07729169 2
0.0463 0.0407 0.08420177 2
0.0441 0.0328 0.07453047 2
0.0394 0.027 0.06440229 4
0.0531 0.0478 0.09746172 1
0.045 0.0364 0.0788432 2
0.0517 0.0406 0.08929323 2
0.05 0.038 0.08519036 3
0.0415 0.0371 0.07613985 2
0.0421 0.0346 0.07431916 2
0.0498 0.0276 0.07510192 1
0.0497 0.0416 0.08832302 4
0.0473 0.0401 0.08459206 3
0.0446 0.0342 0.07635476 4
0.0569 0.0538 0.10675328 3
0.0424 0.0353 0.07528034 2
0.0546 0.0393 0.09084712 1
0.0371 0.0316 0.06659727 4
0.0462 0.0453 0.08849764 1
0.0441 0.0377 0.07922201 2
0.0539 0.0326 0.08382836 1
0.0404 0.0343 0.07238804 2
0.0479 0.0431 0.08802551 1
0.0469 0.0434 0.08736208 7
0.0438 0.0383 0.0795036 2
0.0492 0.0426 0.08879848 3
0.0502 0.043 0.0901336 1
0.0484 0.044 0.08936287 3
0.043 0.0328 0.0734644 1
0.0444 0.0367 0.07855162 2
0.046 0.0406 0.083818 1
0.0431 0.0389 0.07940441 1
0.0499 0.0466 0.09327016 1
0.0489 0.0482 0.09384259 3
0.0477 0.037 0.08202196 3
0.0469 0.0387 0.08288815 4
0.046 0.0342 0.07770734 3
0.0489 0.0351 0.08136831 3
0.0442 0.0308 0.07271297 2
0.0499 0.0422 0.08908872 3
0.0433 0.0399 0.08055481 2
0.0485 0.0405 0.08612397 3
0.0447 0.0408 0.0827609 2
0.0469 0.0408 0.08487629 3
0.0505 0.0386 0.0862406 3
0.0476 0.044 0.08859994 2
0.0412 0.037 0.0757528 1
0.0463 0.042 0.08544274 2
0.0531 0.047 0.09670982 4
0.0515 0.0496 0.0976466 2
0.0484 0.0385 0.08412312 2
0.0478 0.0401 0.08507536 6
0.055 0.0408 0.09265143 3
0.0541 0.0281 0.07976116 2
0.0454 0.0362 0.07903751 2
0.0452 0.0317 0.0745446 3
0.0527 0.0348 0.08475288 2
0.048 0.0436 0.08859849 3
0.0464 0.0349 0.07876982 4
0.0511 0.0352 0.08358658 1
0.0456 0.0359 0.07894906 2
0.0504 0.0472 0.0943235 4
0.0502 0.0442 0.09127456 1
0.0438 0.03 0.07155884 2
0.048 0.0432 0.0882166 1
0.0478 0.0384 0.0834507 4
0.0522 0.0337 0.08322576 1
0.0508 0.0472 0.094701 4
0.0451 0.042 0.0842919 1
0.05 0.0437 0.09061198 6
0.0532 0.0477 0.09746295 3
0.0464 0.0437 0.08716151 2
0.0488 0.0379 0.08394182 4
0.045 0.0399 0.08218843 2
0.0453 0.0366 0.07932298 2
0.0476 0.0432 0.08783348 1
0.0473 0.0397 0.08420918 3
0.0475 0.0439 0.08840677 3
0.0491 0.0414 0.0875622 4
0.0518 0.0484 0.09680054 5
0.0492 0.025 0.0720432 1
0.0469 0.0256 0.07037224 2
0.0596 0.0456 0.10159032 4
0.049 0.038 0.08422535 3
0.0456 0.0374 0.08037774 3
0.0469 0.0376 0.08182006 1
0.0499 0.0442 0.09098992 2
0.0538 0.0364 0.08733088 1
0.0511 0.0369 0.08520141 1
0.0456 0.0428 0.08553796 2
0.0532 0.0492 0.09888404 2
0.048 0.0387 0.0839285 4
0.049 0.0382 0.08441826 3
0.0463 0.0337 0.07751869 1
0.0478 0.0452 0.08993324 3
0.0438 0.0391 0.08027246 3
0.0581 0.0515 0.10571735 2
0.0453 0.0434 0.08582946 4
0.0557 0.0508 0.1027775 4
0.053 0.0373 0.0874124 1
0.0508 0.0334 0.08158678 2
0.0519 0.0449 0.09356729 3
0.0496 0.0454 0.09184506 5
0.051 0.0317 0.080174 2
0.0473 0.0421 0.08649707 1
0.045 0.0403 0.0825712 2
0.0483 0.0432 0.08850394 1
0.0477 0.0316 0.07687106 2
0.0433 0.0367 0.07748989 1
0.0441 0.0398 0.0812282 2
0.048 0.0326 0.07811484 2
0.0483 0.045 0.09021894 2
0.0529 0.0432 0.09291242 4
0.0481 0.044 0.08907602 2
0.0521 0.0464 0.09518012 2
0.0445 0.0376 0.07951208 2
0.0536 0.0436 0.09395936 2
0.046 0.0367 0.0800935 1
0.0549 0.0436 0.09520566 2
0.0476 0.038 0.0828758 1
0.0453 0.0415 0.08400585 1
0.0426 0.0336 0.0738496 2
0.0489 0.0407 0.08670591 2
0.0534 0.0447 0.09481522 2
0.0434 0.0343 0.07529042 3
0.0527 0.0361 0.08598677 2
0.0453 0.0439 0.08630124 3
0.0502 0.0427 0.08985408 4
0.0489 0.0423 0.08822173 1
0.0461 0.0402 0.0835321 2
0.0492 0.0408 0.08708353 3
0.0463 0.0386 0.08220131 4
0.0522 0.0451 0.09404208 1
0.0493 0.037 0.08356175 2
0.0479 0.0436 0.08850217 2
0.0487 0.0442 0.0898461 3
0.0444 0.0393 0.08103778 1
0.0486 0.0395 0.0852674 1
0.047 0.0455 0.08945373 3
0.0501 0.0456 0.09251078 2
0.0468 0.0413 0.0852564 3
0.0499 0.0479 0.09450659 1
0.0492 0.041 0.087272 1
0.0492 0.04 0.08632084 3
0.055 0.0494 0.1007864 1
0.0466 0.0365 0.08048195 4
0.0518 0.0372 0.08616104 1
0.0481 0.0446 0.08965123 3
0.0501 0.0428 0.08985521 3
0.0449 0.0394 0.08161424 1
0.0503 0.0438 0.0909908 2
0.0525 0.0508 0.0997353 1
0.0535 0.0425 0.09282984 4
0.0539 0.046 0.0965195 1
0.0515 0.0398 0.08834119 4
0.0463 0.0345 0.07828245 1
0.0498 0.0396 0.08651756 5
0.0478 0.0421 0.08697797 3
0.0471 0.039 0.0833482 1
0.0465 0.035 0.078953 1
0.0488 0.0426 0.08841232 3
0.0501 0.0435 0.09051325 1
0.0475 0.0435 0.08803215 2
0.0465 0.0319 0.07599405 1
0.0476 0.0371 0.08201825 2
0.0511 0.0385 0.08672125 1
0.0475 0.0473 0.09165101 2
0.0534 0.0494 0.0992674 6
0.0518 0.0392 0.08806049 5
0.0511 0.0459 0.09375148 3
0.0439 0.0323 0.07386119 2
0.0476 0.0329 0.07801346 1
0.0514 0.0416 0.08995728 2
0.0535 0.046 0.0961375 1
0.0428 0.0375 0.0777743 1
0.0542 0.053 0.10343364 2
0.0477 0.0473 0.09184029 4
0.0555 0.0512 0.10297246 7
0.0536 0.0431 0.09348554 1
0.0484 0.0389 0.08450473 3
0.0499 0.0438 0.09060708 1
0.0486 0.0383 0.08412452 1
0.0466 0.0423 0.08601762 4
0.0512 0.048 0.0958416 3
0.0446 0.0418 0.08362112 1
0.0441 0.0371 0.07864819 2
0.0433 0.0395 0.08017145 1
0.0491 0.0458 0.09174543 3
0.0541 0.0456 0.09633319 3
0.05 0.0442 0.09108463 5
0.0498 0.0457 0.09231864 1
0.0492 0.0426 0.08879488 1
0.0514 0.0377 0.0862504 2
0.052 0.0373 0.0864487 1
0.0534 0.0407 0.09101972 1
0.0443 0.0392 0.08084602 2
0.0511 0.0388 0.08700655 3
0.0467 0.0429 0.08668517 1
0.0502 0.0482 0.09508456 4
0.0494 0.0468 0.09298328 1
0.0536 0.0471 0.09727514 1
0.0529 0.0453 0.09490199 4
0.0407 0.0362 0.07450256 1
0.0549 0.0481 0.0994722 3
0.0487 0.0424 0.08812522 1
0.0509 0.0444 0.09213434 1
0.0473 0.0391 0.08363782 3
0.0454 0.0327 0.07569462 2
0.0475 0.0392 0.08392562 3
0.049 0.045 0.09088965 3
0.051 0.0351 0.083395 1
0.0578 0.0527 0.10656344 1
0.0499 0.0472 0.09384082 1
0.0501 0.0431 0.09013722 3
0.0486 0.0376 0.08345793 2
0.0434 0.0333 0.07433048 1
0.0498 0.0398 0.08670656 1
0.0471 0.0395 0.08382948 5
0.0484 0.0427 0.08812371 3
0.0498 0.0417 0.08851405 2
0.047 0.0443 0.08831478 5
0.0467 0.0392 0.08315472 3
0.0436 0.0395 0.08046095 2
0.0483 0.0388 0.08431577 3
0.0389 0.0319 0.06862961 2
0.0553 0.0479 0.09965333 1
0.0533 0.0462 0.0961366 2
0.0534 0.051 0.10078153 3
0.0496 0.044 0.09051835 4
0.0494 0.0443 0.09060974 3
0.0532 0.048 0.09774661 2
0.0486 0.0414 0.08707696 1
0.0489 0.0416 0.08756009 4
0.0537 0.0421 0.09263403 1
0.0516 0.0361 0.08492859 2
0.0487 0.0434 0.0890777 2
0.0481 0.0429 0.08802728 2
0.0467 0.0386 0.08258355 3
0.0466 0.0392 0.08305864 2
0.0541 0.0486 0.09917244 1
0.0545 0.0468 0.0978508 3
0.0493 0.0439 0.09013693 2
0.0548 0.0495 0.10069147 2
0.0525 0.0456 0.0948031 1
0.0585 0.0579 0.11212827 2
0.0527 0.0515 0.10058994 3
0.05 0.0439 0.0907979 1
0.0553 0.0491 0.10079049 2
0.0464 0.0387 0.08238852 2
0.0501 0.0454 0.0923201 2
0.0468 0.0399 0.08391838 1
0.0511 0.0487 0.0964182 6
0.0463 0.0364 0.08009638 1
0.0578 0.0476 0.10175559 2
0.0535 0.0458 0.09595327 6
0.0491 0.0412 0.08736638 1
0.0475 0.0475 0.09183775 1
0.0542 0.0423 0.09330306 2
0.055 0.0395 0.09142296 3
0.0552 0.0493 0.10088348 4
0.0481 0.0422 0.08735948 1
0.0528 0.0447 0.09423768 4
0.0508 0.0412 0.0890008 5
0.0541 0.0448 0.09557425 2
0.051 0.0457 0.09346511 2
0.0561 0.0476 0.10013526 6
0.0466 0.038 0.0819128 1
0.0489 0.0403 0.08631962 4
0.0534 0.0352 0.0858089 2
0.0497 0.041 0.08775206 2
0.0534 0.0416 0.09187274 2
0.0507 0.0483 0.09565063 2
0.0583 0.054 0.10826314 2
0.0551 0.0491 0.10059814 2
0.0515 0.0429 0.09128474 2
0.0491 0.0424 0.08850927 3
0.0521 0.0422 0.09119468 1
0.0554 0.0437 0.09577712 1
0.0492 0.0397 0.08603466 1
0.0465 0.0322 0.07628048 2
0.0549 0.0473 0.09871103 3
0.0552 0.0542 0.10552081 4
0.0543 0.0378 0.08913866 2
0.0558 0.0466 0.09890112 1
0.053 0.0495 0.09898052 3
0.0524 0.0498 0.0986917 2
0.0478 0.0363 0.0814502 3
0.0494 0.0463 0.0925135 5
0.0562 0.0431 0.09597608 1
0.0595 0.0491 0.10478615 1
0.0635 0.0429 0.10278125 1
0.0571 0.047 0.1005194 1
0.0521 0.0455 0.09432645 3
0.0545 0.0411 0.09245549 3
0.0555 0.0376 0.0901071 2
0.0533 0.0484 0.09822333 3
0.0504 0.0408 0.08823412 2
0.0484 0.0394 0.08498089 3
0.0501 0.0428 0.08984762 1
0.0476 0.038 0.0828758 1
0.0467 0.0424 0.08620832 2
0.0504 0.0384 0.08595244 1
0.0469 0.0401 0.08420888 5
0.0498 0.0409 0.08775288 1
0.0526 0.0484 0.09756046 6
0.0488 0.0479 0.09346005 2
0.0518 0.048 0.0964124 1
0.0501 0.043 0.09003864 2
0.0553 0.049 0.1006936 1
0.0528 0.05 0.0992618 1
0.0467 0.0324 0.07666527 5
0.0501 0.0471 0.09393649 1
0.053 0.0406 0.09054176 2
0.0493 0.0426 0.08889076 2
0.0529 0.0421 0.09186737 3
0.0476 0.0423 0.08697542 1
0.0504 0.0448 0.09203628 1
0.0465 0.0376 0.08143484 3
0.0483 0.0415 0.08688456 2
0.0513 0.044 0.0921371 1
0.0479 0.0395 0.08459435 1
0.0474 0.0417 0.08621184 2
0.0534 0.0488 0.09869642 2
0.053 0.0417 0.0915861 5
0.0497 0.046 0.0925085 1
0.0539 0.0474 0.09784719 2
0.0512 0.0412 0.08938296 5
0.0528 0.049 0.0983136 1
0.0537 0.0444 0.0948133 2
0.0436 0.039 0.0799812 1
0.0533 0.038 0.08836565 3
0.0471 0.0301 0.07485987 3
0.0532 0.0478 0.09756163 2
0.0547 0.0435 0.09491868 2
0.0436 0.0339 0.07509926 2
0.0544 0.0367 0.08819362 1
0.0453 0.0369 0.07960969 2
0.0492 0.0393 0.08565466 2
0.05 0.0382 0.0853787 4
0.047 0.044 0.088022 1
0.0445 0.0408 0.08257398 4
0.0513 0.0456 0.09366111 3
0.0504 0.0421 0.08946984 2
0.0453 0.0378 0.08046976 1
0.0575 0.049 0.10278904 2
0.0579 0.0448 0.09921266 4
0.0552 0.0422 0.09416798 2
0.0549 0.048 0.09936776 3
0.0503 0.0422 0.08946898 2
0.0479 0.0412 0.08621484 2
0.054 0.047 0.09757232 3
0.0509 0.039 0.0870038 1
0.0492 0.0462 0.09222157 2
0.0487 0.0435 0.08917302 2
0.0465 0.0454 0.08887992 2
0.0473 0.0425 0.08688023 2
0.0615 0.0441 0.10199295 3
0.0515 0.0475 0.09565175 1
0.0508 0.0362 0.08424725 3
0.0503 0.039 0.0864266 1
0.0565 0.0501 0.10287595 3
0.0456 0.0407 0.08352941 2
0.0487 0.0394 0.08526832 1
0.0517 0.0397 0.08843791 1
0.049 0.0362 0.08251103 4
0.0507 0.0505 0.09773985 1
0.0558 0.0464 0.09871208 1
0.0503 0.0484 0.09536414 2
0.0493 0.0411 0.08746317 1
0.0499 0.0407 0.08765867 1
0.0463 0.0385 0.08210125 1
0.0538 0.0463 0.09670816 1
0.055 0.0435 0.09520768 3
0.0535 0.0456 0.0957585 1
0.0463 0.0379 0.08152843 1
0.0517 0.043 0.0915706 1
0.0467 0.0404 0.08429942 1
0.0536 0.0402 0.0907463 3
0.0536 0.0335 0.08439066 2
0.0531 0.0347 0.08504423 1
0.0513 0.0441 0.09223362 4
0.051 0.0434 0.0912812 2
0.0488 0.0443 0.09003026 1
0.0542 0.0502 0.10078268 2
0.0527 0.0442 0.09366949 3
0.0501 0.0443 0.09127432 2
0.0567 0.0555 0.1081648 2
0.047 0.0339 0.07838697 4
0.0544 0.0492 0.10002626 2
0.0521 0.047 0.0957494 1
0.0528 0.0513 0.10049527 2
0.0456 0.0346 0.07770162 2
0.0514 0.042 0.09033585 3
0.048 0.0405 0.08564353 2
0.0567 0.0483 0.10136539 1
0.049 0.0441 0.0900312 1
0.0499 0.045 0.09174914 5
0.0513 0.0485 0.0964111 3
0.0545 0.0502 0.1010678 1
0.0497 0.0433 0.08993999 1
0.0561 0.0431 0.0958811 3
0.0512 0.0443 0.09233193 3
0.0526 0.0415 0.09101088 3
0.0536 0.047 0.0971804 1
0.0495 0.0447 0.09108056 2
0.0504 0.045 0.0922264 1
0.0476 0.0466 0.09107981 4
0.0558 0.0453 0.09767676 2
0.0574 0.0417 0.09580527 2
0.0511 0.0339 0.08235171 1
0.0489 0.0425 0.08841275 3
0.0573 0.0544 0.10769358 1
0.0522 0.0464 0.09527552 1
0.0492 0.0455 0.0915553 2
0.0527 0.0419 0.09148649 2
0.0496 0.0451 0.09155839 3
0.0516 0.0416 0.09014564 1
0.0502 0.0425 0.08965926 5
0.055 0.0429 0.09463866 2
0.0534 0.0433 0.09348348 1
0.0557 0.0496 0.10164264 4
0.0522 0.0524 0.10096832 1
0.057 0.0494 0.1026896 1
0.0512 0.0479 0.09574564 2
0.0496 0.0312 0.07833233 2
0.0566 0.0464 0.09947576 1
0.057 0.0442 0.0977808 1
0.0458 0.0436 0.08649152 1
0.0499 0.0468 0.09346438 5
0.0467 0.0454 0.08907092 1
0.0477 0.029 0.07439261 3
0.0529 0.0462 0.09575552 4
0.0535 0.0502 0.10011727 2
0.0505 0.0487 0.09584151 6
0.0482 0.0481 0.09307688 1
0.0556 0.0501 0.10201914 1
0.0489 0.042 0.08793664 2
0.0498 0.0381 0.08509039 3
0.0507 0.0464 0.09384459 4
0.0487 0.0422 0.0879351 2
0.0468 0.0424 0.08630388 1
0.0509 0.0497 0.09717395 3
0.0531 0.0483 0.09793567 1
0.0503 0.0446 0.09175861 4
0.0555 0.0489 0.10079115 2
0.0546 0.0454 0.09662277 3
0.0572 0.0512 0.10457876 1
0.0514 0.049 0.0969808 1
0.0481 0.045 0.0900276 1
0.0513 0.0475 0.0954614 3
0.063 0.0588 0.1172239 2
0.0569 0.058 0.1107196 4
0.0501 0.0463 0.09318081 2
0.052 0.0414 0.0903396 1
0.054 0.0496 0.10003149 3
0.0552 0.0454 0.09719372 2
0.0507 0.0474 0.09479392 1
0.0541 0.0491 0.09964589 1
0.0473 0.0434 0.08773717 3
0.0494 0.0431 0.08946236 1
0.0568 0.0523 0.10524225 3
0.0545 0.0457 0.09681086 3
0.0477 0.0455 0.09012185 1
0.0488 0.047 0.0926012 1
0.0556 0.0477 0.09975018 1
0.0543 0.0499 0.10059363 1
0.0577 0.0412 0.09562066 1
0.0467 0.0395 0.08344055 1
0.0539 0.0479 0.09832229 6
0.053 0.0468 0.09642055 3
0.0542 0.0381 0.08932932 5
0.0496 0.0289 0.07614406 1
0.0551 0.046 0.09766638 2
0.0541 0.0533 0.10362515 2
0.046 0.038 0.081335 1
0.0594 0.0558 0.11100011 2
0.0558 0.0537 0.10561914 3
0.0501 0.0462 0.09308068 1
0.0526 0.0466 0.09584704 1
0.0495 0.0444 0.09079897 6
0.0584 0.0466 0.10138276 3
0.0518 0.0416 0.09033752 1
0.0558 0.049 0.1011696 1
0.0545 0.0463 0.09737645 1
0.0556 0.0468 0.09889942 2
0.0544 0.0483 0.09917606 3
0.0511 0.0455 0.09337122 4
0.0513 0.0384 0.0868243 2
0.0491 0.0424 0.08851108 5
0.0556 0.0385 0.0910525 1
0.0514 0.0488 0.09679129 2
0.0529 0.0486 0.09803034 2
0.0507 0.042 0.08966242 2
0.0505 0.0444 0.0917517 1
0.0566 0.0419 0.09522596 1
0.0542 0.0491 0.09974108 1
0.056 0.0432 0.09587942 2
0.0576 0.0519 0.10562128 5
0.0548 0.0533 0.10428626 1
0.0556 0.0528 0.10458148 5
0.0556 0.0521 0.10391284 5
0.0449 0.0353 0.07769423 1
0.0558 0.0522 0.10419424 1
0.0563 0.0501 0.10268507 2
0.0484 0.0408 0.08631398 2
0.0578 0.0456 0.0998675 3
0.0568 0.0543 0.10712592 2
0.0547 0.0479 0.09908147 1
0.0469 0.0428 0.0867814 2
0.0496 0.0422 0.08879963 3
0.0523 0.0413 0.09053272 2
0.0609 0.0515 0.10837676 5
0.0504 0.0443 0.09156124 3
0.0608 0.0481 0.10508346 2
0.0559 0.0461 0.09852401 1
0.0519 0.0401 0.08901306 3
0.049 0.0489 0.0946008 1
0.0466 0.041 0.084776 1
0.057 0.0374 0.0913616 1
0.0529 0.0469 0.09641811 2
0.0538 0.0478 0.09812896 1
0.0533 0.0482 0.09803147 2
0.0521 0.0479 0.09661217 6
0.0557 0.0498 0.10183163 3
0.0559 0.0491 0.1013594 2
0.062 0.0526 0.11045276 5
0.0543 0.0291 0.08090267 2
0.0501 0.0487 0.09545793 1
0.0513 0.0452 0.09327683 2
0.0501 0.0414 0.08851656 2
0.0494 0.04 0.0865124 1
0.0611 0.0567 0.11345556 3
0.0556 0.0496 0.10155169 2
0.0564 0.0447 0.09767902 1
0.0564 0.0457 0.0986239 2
0.0531 0.045 0.09481272 3
0.0528 0.0361 0.08608182 1
0.0492 0.0425 0.0886997 1
0.0513 0.0464 0.09441706 4
0.054 0.0456 0.0962362 1
0.0574 0.0501 0.10373094 2
0.0562 0.0507 0.10315666 2
0.0598 0.0354 0.09217872 4
0.0558 0.0512 0.10324904 1
0.0606 0.0588 0.11495534 2
0.051 0.0403 0.08833522 2
0.0562 0.0425 0.09540937 3
0.0563 0.0463 0.09909491 1
0.0566 0.0508 0.10363184 2
0.0576 0.0501 0.10392118 2
0.0563 0.0449 0.09777239 2
0.0559 0.0439 0.09644479 1
0.0585 0.0523 0.1068503 2
0.0553 0.0447 0.09663299 3
0.0496 0.0445 0.09098698 2
0.0554 0.0449 0.09691184 1
0.0533 0.0447 0.09471476 2
0.0532 0.0452 0.09509404 3
0.0506 0.0443 0.09175232 1
0.0554 0.0406 0.09284788 4
0.0553 0.0485 0.10022075 1
0.0462 0.0413 0.08467844 1
0.0583 0.0447 0.09949614 2
0.0561 0.0394 0.09238857 3
0.0526 0.0411 0.09063234 2
0.0536 0.0487 0.09879416 4
0.0606 0.0442 0.10122528 1
0.0485 0.0463 0.09164879 2
0.0507 0.0463 0.09374859 1
0.0559 0.0252 0.07877158 2
0.0566 0.0505 0.1033501 3
0.0511 0.0388 0.08700667 4
0.0554 0.0529 0.10447833 4
0.0528 0.0506 0.09983331 3
0.0458 0.0397 0.082768 5
0.0576 0.0451 0.0992045 3
0.0608 0.0534 0.11006889 3
0.0582 0.0442 0.09892908 2
0.0549 0.0508 0.10201578 1
0.0504 0.0473 0.0944174 5
0.0445 0.0427 0.08438754 5
0.0515 0.0449 0.09318305 1
0.0588 0.0469 0.10204698 1
0.0492 0.0409 0.08717682 1
0.0575 0.0579 0.11118515 1
0.054 0.0414 0.092259 2
0.0531 0.0413 0.09130224 2
0.0555 0.0416 0.0938888 2
0.0515 0.0416 0.09004973 2
0.056 0.0502 0.1024942 2
0.0524 0.0484 0.09736398 3
0.0509 0.0409 0.08880899 1
0.0529 0.0454 0.09499564 1
0.0484 0.0421 0.08755459 2
0.0488 0.0484 0.09393608 2
0.0507 0.0453 0.09279833 2
0.0571 0.0509 0.10420159 2
0.0552 0.0526 0.10400328 1
0.0511 0.0449 0.09280133 2
0.0524 0.0468 0.09584633 2
0.0568 0.0442 0.09759085 2
0.0581 0.0529 0.10704039 3
0.0494 0.0422 0.08860592 1
0.0542 0.0488 0.09945758 2
0.0622 0.0465 0.1049154 1
0.0506 0.0457 0.09308639 2
0.056 0.0496 0.10192754 3
0.0588 0.052 0.1068522 1
0.0552 0.052 0.10343634 2
0.05 0.0509 0.09745623 2
0.0548 0.0458 0.09719072 2
0.054 0.047 0.097562 1
0.0544 0.0496 0.10040501 2
0.056 0.0497 0.10202256 3
0.0514 0.0368 0.08539568 1
0.0497 0.048 0.09441268 4
0.0545 0.0431 0.09434765 1
0.0494 0.046 0.092222 1
0.0539 0.0468 0.09727904 3
0.0562 0.0408 0.09380304 1
0.0534 0.0449 0.09500064 3
0.057 0.0458 0.09929147 2
0.0553 0.0516 0.10315242 1
0.0482 0.0408 0.08612144 1
0.059 0.0491 0.10431032 2
0.065 0.0504 0.11123847 2
0.0581 0.0512 0.10543358 1
0.0521 0.0497 0.09831143 1
0.0595 0.0557 0.11100345 2
0.0511 0.0414 0.08948022 4
0.0512 0.0458 0.09375104 1
0.0619 0.0494 0.10735367 2
0.0583 0.0512 0.10562354 1
0.0523 0.0483 0.09717411 2
0.0532 0.043 0.09301154 4
0.0573 0.0542 0.10750614 2
0.0506 0.0461 0.09346304 1
0.0523 0.0537 0.10229649 1
0.0521 0.0455 0.09432632 4
0.0548 0.0523 0.10334006 1
0.0548 0.0518 0.10286696 1
0.0544 0.0469 0.097849 2
0.0542 0.0449 0.09576452 1
0.0561 0.0452 0.09786458 1
0.0588 0.0529 0.10770294 2
0.0529 0.0501 0.09945175 2
0.0565 0.0534 0.10600088 4
0.0533 0.0496 0.09935899 4
0.0524 0.0499 0.09879173 4
0.0561 0.0437 0.09644753 2
0.0545 0.0496 0.10050069 3
0.052 0.0507 0.0991653 1
0.0555 0.0524 0.10409919 2
0.0493 0.0433 0.08955691 1
0.0538 0.0433 0.09386656 1
0.0513 0.0466 0.09460632 1
0.0599 0.0456 0.10187496 3
0.0532 0.0459 0.09575646 2
0.0606 0.0499 0.1065873 3
0.0546 0.0504 0.101353 3
0.0564 0.0513 0.10391422 2
0.0487 0.0411 0.08689317 2
0.051 0.0391 0.08719706 3
0.0577 0.0525 0.10628192 5
0.0524 0.0513 0.10011458 1
0.0519 0.0449 0.09356549 1
0.0496 0.0416 0.08822709 2
0.0506 0.0408 0.0884267 2
0.0636 0.0566 0.11571944 1
0.052 0.0451 0.0938509 1
0.0577 0.0526 0.10637428 1
0.053 0.0473 0.0968924 1
0.0522 0.0517 0.10030416 1
0.0483 0.0415 0.08688445 2
0.0532 0.0452 0.09509276 1
0.0579 0.0514 0.10543224 1
0.0562 0.0481 0.10070466 3
0.0529 0.0434 0.09309944 1
0.0557 0.0501 0.10211963 2
0.0542 0.0471 0.09784848 3
0.0522 0.0405 0.08968049 2
0.0554 0.0409 0.09312956 2
0.0571 0.0551 0.10816499 1
0.0582 0.0433 0.09808044 1
0.0556 0.0541 0.10580074 1
0.0529 0.0503 0.09964184 2
0.0558 0.0381 0.09086804 3
0.0586 0.0475 0.10242178 2
0.051 0.0487 0.09631569 4
0.0548 0.0515 0.1025831 1
0.0565 0.049 0.101836 1
0.0597 0.051 0.10676684 2
0.0506 0.0382 0.08595488 1
0.0615 0.0508 0.10828718 2
0.0627 0.0526 0.11111721 3
0.0621 0.0494 0.10754276 1
0.0552 0.05 0.1015444 2
0.0593 0.0416 0.09753302 1
0.0565 0.0491 0.10193048 2
0.055 0.0447 0.0963402 1
0.0541 0.0522 0.10258156 2
0.0537 0.0382 0.08894216 4
0.051 0.0449 0.0927057 3
0.0547 0.0475 0.09870431 3
0.0553 0.0403 0.09246819 4
0.0588 0.046 0.10119926 3
0.056 0.0511 0.10334512 3
0.0502 0.0475 0.09441964 4
0.0544 0.0461 0.09709166 1
0.0499 0.0459 0.09260448 2
0.0557 0.0488 0.10088592 3
0.0563 0.043 0.0959774 1
0.0518 0.0491 0.09745652 1
0.0564 0.041 0.094184 1
0.0527 0.0484 0.09766229 3
0.0466 0.0411 0.0848738 3
0.0603 0.0541 0.11025117 1
0.046 0.0382 0.0815267 3
0.0561 0.0469 0.09947091 1
0.055 0.0433 0.0950158 1
0.058 0.0399 0.0946827 1
0.0574 0.0548 0.10816568 1
0.056 0.0456 0.098147 1
0.0565 0.0496 0.10241134 2
0.058 0.0377 0.09260874 2
0.0587 0.0481 0.10308233 1
0.0597 0.0437 0.09989351 1
0.0588 0.0444 0.09969148 1
0.0564 0.0479 0.10070278 2
0.0517 0.0471 0.09546497 4
0.0552 0.0345 0.08688458 2
0.0579 0.0537 0.10760796 4
0.0577 0.0499 0.10382737 1
0.0522 0.0442 0.09319004 4
0.0539 0.0467 0.09718324 4
0.0563 0.0446 0.09749005 4
0.0517 0.0449 0.09337427 1
0.0508 0.0403 0.08814322 2
0.0444 0.0366 0.07845496 1
0.0604 0.0544 0.11063298 2
0.0587 0.0441 0.09931328 2
0.0532 0.0451 0.09499819 2
0.0526 0.0443 0.09366614 2
0.0585 0.0541 0.10854679 2
0.0572 0.049 0.10250557 4