0.0844 0.083 0.1595612 1
0.0375 0.0369 0.07208965 1
0.2114 0.2067 0.37382072 1
0.1801 0.1734 0.32162316 1
0.0771 0.0751 0.14556099 1
0.1799 0.1749 0.32268929 1
0.1478 0.1439 0.26972228 1
0.0863 0.0836 0.16185422 1
0.0777 0.0677 0.13928411 1
0.2242 0.2232 0.39680496 1
0.2355 0.2296 0.4104933 1
0.0652 0.059 0.1194764 1
0.0273 0.0259 0.05154513 1
0.0325 0.0313 0.06184555 1
0.0812 0.0771 0.15119678 1
0.165 0.1639 0.3011844 1
0.0777 0.0751 0.14611653 1
0.0543 0.0524 0.10296038 1
0.0398 0.0384 0.07574888 1
0.0508 0.0502 0.09754984 1
0.1278 0.123 0.2343304 1
0.0897 0.0824 0.16387982 1
0.3457 0.3447 0.57092661 1
0.1472 0.1414 0.26707352 1
0.0494 0.0482 0.09431552 1
0.1108 0.1093 0.20720866 1
0.1373 0.1351 0.25312217 1
0.0844 0.0833 0.15983618 1
0.1211 0.121 0.226688 1
0.0811 0.0804 0.15414006 1
0.0889 0.0873 0.16761423 1
0.0508 0.0436 0.09127852 1
0.0171 0.0171 0.03294079 1
0.0357 0.0352 0.06871326 1
0.0524 0.052 0.1007786 1
0.0684 0.0674 0.13032464 1
0.049 0.0431 0.0890792 1
0.2212 0.2141 0.38737538 1
0.0916 0.0906 0.17308224 1
0.057 0.0551 0.1080704 1
0.0551 0.041 0.092936 1
0.1506 0.1505 0.2777348 1
0.1342 0.126 0.24255 1
0.1379 0.1348 0.25338278 1
0.0514 0.051 0.09888 1
0.0462 0.0429 0.08620612 1
0.076 0.0724 0.142045 1
0.1155 0.1121 0.21387905 1
0.0603 0.0598 0.11561316 1
0.0158 0.0138 0.02841056 1
0.061 0.0568 0.113452 1
0.1037 0.101 0.19343 1
0.0325 0.0321 0.06262035 1
0.2137 0.2123 0.38005649 1
0.2662 0.2642 0.45959936 1
0.067 0.0638 0.1256552 1
0.0771 0.0754 0.14583816 1
0.0778 0.0668 0.13854656 1
0.0283 0.0252 0.05183934 1
0.0376 0.0336 0.06900684 1
0.1497 0.1439 0.27135077 1
0.063 0.0598 0.1181544 1
0.109 0.0998 0.1971296 1
0.1008 0.0994 0.18937968 1
0.0885 0.0867 0.16670125 1
0.0767 0.076 0.1460225 1
0.0829 0.0812 0.15653162 1
0.0218 0.02 0.0404048 1
0.0719 0.069 0.1350788 1
0.0772 0.0761 0.14657738 1
0.1785 0.1721 0.31922975 1
0.1354 0.126 0.2436 1
0.08 0.0742 0.1474172 1
0.1441 0.1416 0.26458014 1
0.1788 0.1775 0.3239183 1
0.0369 0.0365 0.07112555 1
0.0829 0.0779 0.15350189 1
0.0741 0.071 0.138983 1
0.0429 0.0387 0.07902037 1
0.0512 0.0506 0.09831008 1
0.0479 0.0376 0.08278346 1
0.0976 0.0949 0.18242926 1
0.0551 0.0465 0.09813845 1
0.0821 0.0751 0.15019049 1
0.0324 0.0322 0.06262032 1
0.0686 0.0678 0.13088432 1
0.056 0.0538 0.105896 1
0.0837 0.081 0.157084 1
0.3597 0.3524 0.58505282 1
0.0617 0.0583 0.11552189 1
0.0585 0.0542 0.108641 1
0.1275 0.1177 0.22943745 1
0.0679 0.0672 0.12967122 1
0.097 0.0896 0.1770944 1
0.1348 0.1312 0.24757924 1
0.0232 0.0219 0.04363602 1
0.0661 0.0626 0.12368984 1
0.0439 0.038 0.0793127 1
0.0233 0.0216 0.04344062 1
0.0936 0.0908 0.17508452 1
0.0536 0.0425 0.09291857 3
0.026 0.0166 0.0412121 2
0.0741 0.0669 0.13519263 4
0.067 0.0654 0.1271496 1
0.0496 0.0443 0.09079586 4
0.0361 0.0325 0.06649435 1
0.0379 0.0344 0.07006754 1
0.0239 0.0194 0.0418817 2
0.0561 0.0515 0.10381745 1
0.0457 0.0395 0.08247905 1
0.0649 0.0547 0.11517226 6
0.0534 0.0512 0.10097018 2
0.0244 0.0218 0.04471328 1
0.0344 0.021 0.053732 1
0.0289 0.0239 0.05116109 1
0.0346 0.0323 0.06484871 2
0.0213 0.0163 0.03628941 1
0.0871 0.0702 0.15034188 1
0.0467 0.047 0.0905978 1
0.0436 0.0412 0.08208748 1
0.0573 0.0606 0.11356584 3
0.0381 0.0351 0.07093489 1
0.0427 0.0366 0.07681567 2
0.055 0.0417 0.0935022 1
0.0438 0.0404 0.08151522 2
0.0547 0.0458 0.09709474 3
0.066 0.0591 0.1203237 2
0.0413 0.0313 0.07037891 1
0.0391 0.0334 0.07026556 1
0.0259 0.0233 0.04764528 2
0.0413 0.0404 0.07911253 3
0.0241 0.0233 0.04588523 4
0.0242 0.0188 0.0415871 2
0.0445 0.035 0.077021 1
0.0523 0.0414 0.09063598 2
0.026 0.0173 0.0418925 1
0.0494 0.0413 0.08774948 1
0.0781 0.0756 0.14694912 2
0.034 0.0301 0.0621397 1
0.0324 0.0268 0.05738988 1
0.0513 0.0488 0.09669566 1
0.037 0.0381 0.0727644 1
0.0383 0.0289 0.06515933 1
0.0991 0.0943 0.18324759 3
0.0372 0.0343 0.06929486 2
0.0597 0.0471 0.10309441 2
0.0369 0.0259 0.06090609 1
0.0344 0.0326 0.06495158 6
0.0507 0.0414 0.08909212 1
0.0209 0.016 0.0356015 1
0.0266 0.0228 0.04784192 1
0.0452 0.0431 0.08543918 1
0.082 0.0834 0.1577256 1
0.0473 0.0489 0.09298223 1
0.0644 0.0569 0.11675594 1
0.0264 0.0229 0.04774374 1
0.0291 0.0264 0.05378626 1
0.0504 0.0494 0.09641984 2
0.0273 0.025 0.0506688 1
0.0424 0.0424 0.08208932 2
0.0382 0.023 0.059382 2
0.0412 0.0362 0.07498496 1
0.0501 0.0459 0.09279541 1
0.0301 0.0316 0.05981066 4
0.0175 0.0153 0.03156564 6
0.0265 0.0212 0.04618506 2
0.0326 0.0295 0.0601994 1
0.0304 0.0295 0.05806217 2
0.0572 0.0479 0.10146422 1
0.0739 0.0551 0.12405611 1
0.0509 0.0418 0.08966408 1
0.0532 0.0485 0.0982205 1
0.0667 0.0643 0.12584135 2
0.0451 0.0376 0.08009194 2
0.0555 0.0525 0.10419325 1
0.0285 0.024 0.0508675 1
0.0269 0.0239 0.04920689 1
0.0415 0.04 0.0789205 1
0.0431 0.0419 0.08227811 1
0.0337 0.0311 0.06281573 1
0.0622 0.0544 0.1123321 2
0.0354 0.0296 0.06301616 1
0.0323 0.0231 0.05370827 1
0.0595 0.059 0.114107 1
0.0184 0.0166 0.03372879 3
0.0352 0.0265 0.0598279 1
0.0592 0.0539 0.10902122 1
0.0472 0.0459 0.09002562 1
0.0922 0.0924 0.17526572 2
0.0624 0.0567 0.11468882 2
0.0238 0.0213 0.04363925 5
0.0501 0.0464 0.09327086 1
0.0401 0.039 0.07661574 2
0.0279 0.0164 0.04288574 1
0.0418 0.0306 0.07019232 1
0.0328 0.0295 0.06039387 2
0.0432 0.0348 0.07557843 4
0.0304 0.0282 0.05680032 1
0.0424 0.0419 0.08160674 1
0.0171 0.0145 0.03038265 1
0.0398 0.0283 0.06604076 1
0.0417 0.0372 0.07642666 1
0.0445 0.0363 0.07826445 1
0.0429 0.0336 0.07413406 1
0.0321 0.0274 0.05767896 1
0.0318 0.0278 0.05777458 2
0.0299 0.0154 0.04388384 1
0.0376 0.0345 0.06987402 2
0.0383 0.0348 0.07083926 1
0.0254 0.0133 0.03740235 5
0.0373 0.0337 0.06881326 2
0.0408 0.0352 0.07363884 1
0.0319 0.0264 0.05651781 3
0.0413 0.0367 0.07556129 1
0.0273 0.0259 0.05154639 2
0.0376 0.028 0.06361514 4
0.0287 0.0227 0.04980235 3
0.0537 0.0481 0.09831837 2
0.0374 0.0309 0.06621164 1
0.0382 0.035 0.0709352 1
0.0497 0.04 0.0868007 1
0.0463 0.0259 0.07007203 1
0.0721 0.055 0.1222606 1
0.0581 0.0425 0.09723035 1
0.0364 0.0294 0.06379671 2
0.0331 0.0258 0.05710411 2
0.0461 0.0414 0.08467828 2
0.0393 0.036 0.07297475 2
0.0242 0.0203 0.04305264 3
0.0232 0.0181 0.03992127 5
0.0372 0.0321 0.06717626 2
0.0315 0.0272 0.0569009 1
0.0355 0.016 0.04998274 2
0.0356 0.0286 0.06224732 2
0.0373 0.0295 0.06477175 2
0.0351 0.0342 0.06718068 2
0.0448 0.0344 0.07673708 1
0.0409 0.0327 0.07134452 4
0.0278 0.0259 0.05203582 5
0.0491 0.0379 0.08422511 1
0.0456 0.0255 0.0690073 1
0.0302 0.027 0.05544384 2
0.0504 0.0429 0.09023084 2
0.0623 0.057 0.1148672 1
0.0348 0.0228 0.05586316 1
0.043 0.0358 0.0763408 2
0.0336 0.0308 0.06242852 1
0.0288 0.0213 0.04853573 2
0.0305 0.0203 0.04923163 3
0.0246 0.0197 0.04286223 4
0.0284 0.0197 0.04658982 3
0.0431 0.0364 0.07701814 2
0.0636 0.056 0.115157 1
0.0386 0.0335 0.06988375 2
0.0468 0.04 0.08402138 3
0.0259 0.0252 0.04949763 2
0.0295 0.0224 0.05029175 3
0.0354 0.0253 0.05886408 1
0.0287 0.0245 0.05154905 1
0.0393 0.0324 0.06950368 5
0.0455 0.0395 0.08228675 1
0.0335 0.0327 0.06416975 1
0.0464 0.0313 0.07532438 1
0.0495 0.0369 0.0836648 11
0.0267 0.0143 0.03965867 2
0.0225 0.0081 0.02944735 1
0.0321 0.0297 0.05990743 1
0.0431 0.0295 0.07040015 1
0.0641 0.0608 0.12012662 1
0.0508 0.043 0.0907097 2
0.031 0.0224 0.051758 1
0.0455 0.0474 0.08983592 2
0.0455 0.0415 0.08419775 1
0.0389 0.0355 0.07209344 2
0.0505 0.0402 0.08776431 3
0.0226 0.0155 0.0367868 1
0.0288 0.0219 0.04911898 1
0.0304 0.0278 0.0564158 4
0.0288 0.025 0.05213414 3
0.043 0.0387 0.07911867 2
0.0511 0.0403 0.08843107 1
0.0423 0.0364 0.07623802 2
0.0345 0.0247 0.05740605 1
0.0497 0.045 0.0915572 1
0.0244 0.02 0.0429554 1
0.0296 0.0277 0.05553638 1
0.04 0.0296 0.0674846 1
0.0484 0.0427 0.08812684 2
0.0779 0.0713 0.14279938 2
0.0462 0.0406 0.08401178 2
0.0417 0.0399 0.07901694 4
0.0451 0.0356 0.07817414 1
0.0408 0.0385 0.0768075 1
0.0284 0.0276 0.05427875 3
0.0425 0.0383 0.07825216 2
0.0206 0.0188 0.03805112 1
0.0289 0.0263 0.05349413 1
0.0352 0.0291 0.06234589 3
0.0291 0.0273 0.05466097 1
0.0339 0.0273 0.05933487 2
0.0395 0.0353 0.07248461 4
0.034 0.032 0.063977 1
0.0443 0.0414 0.08295121 3
0.0309 0.0251 0.05428097 2
0.0349 0.0344 0.06716792 2
0.0339 0.0281 0.06010841 1
0.0343 0.0283 0.06069113 2
0.0362 0.0207 0.05520919 3
0.0369 0.0354 0.07007224 3
0.0362 0.0241 0.05848758 2
0.0366 0.0288 0.06341202 2
0.0438 0.0396 0.08074792 1
0.0255 0.0212 0.04520573 4
0.0324 0.0296 0.06010465 3
0.032 0.0291 0.05922902 2
0.0347 0.0264 0.05925059 5
0.0408 0.0321 0.07066222 1
0.0456 0.036 0.07904493 5
0.032 0.0236 0.05390014 2
0.0348 0.0289 0.06175698 1
0.0411 0.0384 0.07700026 1
0.0312 0.0285 0.0578737 3
0.0391 0.0292 0.06622645 3
0.0392 0.0359 0.07276682 1
0.0407 0.0353 0.07364429 2
0.0379 0.0317 0.06747213 4
0.0317 0.029 0.05884432 3
0.032 0.0269 0.05709765 2
0.0237 0.019 0.04129143 2
0.0347 0.031 0.06369111 3
0.0351 0.0286 0.06175884 1
0.0272 0.0197 0.04541006 1
0.0295 0.0254 0.0532046 1
0.039 0.0299 0.06680428 2
0.0348 0.0297 0.06252994 1
0.036 0.0306 0.064564 1
0.0366 0.0288 0.06342326 5
0.0529 0.0422 0.09196837 4
0.0205 0.0138 0.0330504 1
0.0393 0.0279 0.06516973 1
0.0405 0.0268 0.0652809 1
0.0336 0.0213 0.05323822 1
0.0517 0.038 0.08683433 3
0.0471 0.0438 0.08793248 3
0.04 0.0297 0.0675807 1
0.0414 0.0344 0.07345118 3
0.0415 0.0329 0.07210889 2
0.0386 0.0234 0.06016052 5
0.03 0.0243 0.0526243 1
0.0348 0.0348 0.06745981 2
0.0312 0.0252 0.05466932 2
0.0391 0.0329 0.06978461 1
0.0394 0.0322 0.06940882 2
0.0377 0.0286 0.06428813 5
0.033 0.0297 0.0607828 3
0.0279 0.0176 0.04405406 2
0.0313 0.0306 0.0600055 2
0.0374 0.0328 0.06804248 1
0.0301 0.0253 0.05369287 1
0.0347 0.0297 0.06243284 2
0.0287 0.0237 0.05077379 7
0.0315 0.0304 0.06000681 2
0.0325 0.0207 0.05158189 3
0.0396 0.0392 0.0763287 2
0.0267 0.0163 0.04160679 1
0.039 0.0321 0.0689182 1
0.0281 0.0241 0.05057399 1
0.035 0.021 0.05432 1
0.0413 0.0321 0.07114667 1
0.04 0.0347 0.0723857 1
0.0379 0.0328 0.06853042 3
0.0325 0.0232 0.0540007 1
0.0446 0.0379 0.07989116 1
0.037 0.0307 0.06563377 4
0.0327 0.0191 0.05022623 1
0.0342 0.0222 0.05469616 1
0.0248 0.0239 0.04715538 2
0.0385 0.0362 0.07238174 3
0.0237 0.0237 0.04588543 2
0.0421 0.0331 0.07288069 1
0.0396 0.0325 0.06989188 3
0.0379 0.0301 0.06593133 5
0.0336 0.031 0.06262373 3
0.0563 0.0534 0.10583085 5
0.0267 0.0274 0.05242164 2
0.0368 0.0261 0.06100142 1
0.0321 0.022 0.0524469 1
0.0355 0.0305 0.06398341 3
0.0496 0.0437 0.09022964 3
0.0455 0.0415 0.08419799 2
0.0239 0.0159 0.03845894 2
0.044 0.0248 0.06677831 2
0.0495 0.0396 0.08623061 3
0.0287 0.0225 0.04960445 1
0.036 0.0324 0.06630254 3
0.0262 0.022 0.04667122 4
0.0354 0.0313 0.06465768 1
0.0309 0.0284 0.05748602 4
0.0305 0.0144 0.0435047 1
0.0371 0.0315 0.06650397 3
0.0374 0.0115 0.0475178 1
0.0325 0.0224 0.0532259 1
0.0403 0.0358 0.0737401 2
0.0301 0.0263 0.05466383 2
0.0369 0.0275 0.06244865 1
0.0381 0.031 0.0669873 3
0.0356 0.0337 0.06716858 1
0.0359 0.0331 0.06687971 1
0.0371 0.0282 0.06331928 2
0.0368 0.025 0.0599408 1
0.0466 0.0326 0.07675904 1
0.0401 0.037 0.0746924 1
0.0295 0.022 0.04990176 2
0.0309 0.0229 0.05214561 2
0.032 0.0221 0.0524459 1
0.0349 0.0329 0.06571886 2
0.0403 0.0259 0.06423414 2
0.048 0.0282 0.07392242 3
0.032 0.02 0.050411 1
0.0362 0.0281 0.06234608 1
0.0374 0.0289 0.06428444 1
0.0342 0.0304 0.06262672 5
0.0353 0.0089 0.04292903 1
0.0524 0.0451 0.09425079 3
0.0389 0.0359 0.07247729 1
0.0314 0.0276 0.0571915 3
0.0391 0.0265 0.06363021 2
0.0309 0.0271 0.05622094 4
0.032 0.0256 0.05584417 5
0.0324 0.0247 0.05535582 1
0.0429 0.0384 0.07873567 2
0.0284 0.0203 0.04717132 3
0.0363 0.0325 0.06668805 1
0.0356 0.0307 0.06427238 1
0.0427 0.036 0.07624318 3
0.0354 0.0307 0.06407832 1
0.0291 0.0159 0.04358131 1
0.0415 0.0357 0.07479979 3
0.0292 0.027 0.05447069 5
0.043 0.0362 0.0767216 1
0.0458 0.0428 0.0857275 2
0.0329 0.03 0.06098036 3
0.0433 0.0384 0.07912904 6
0.0475 0.041 0.08564065 2
0.0356 0.0372 0.07054748 1
0.0437 0.0402 0.0812332 2
0.0415 0.0333 0.07250201 3
0.034 0.0225 0.05479266 3
0.0451 0.0277 0.07062867 4
0.0303 0.0239 0.05252903 1
0.03 0.0254 0.05369296 2
0.0398 0.0335 0.071039 1
0.0387 0.0296 0.06622178 1
0.037 0.0287 0.06370285 2
0.0426 0.0362 0.07633854 2
0.0244 0.0137 0.03680282 1
0.0406 0.0295 0.06798822 2
0.0399 0.0334 0.07104444 2
0.0279 0.0277 0.05388268 3
0.0377 0.0335 0.06900953 3
0.0284 0.0232 0.04999172 1
0.0307 0.024 0.0530169 1
0.0289 0.0268 0.05398018 1
0.0429 0.0353 0.07577349 3
0.0213 0.0194 0.03932648 1
0.0352 0.0365 0.06948765 2
0.0399 0.0314 0.06911844 4
0.0384 0.0316 0.06785556 1
0.0335 0.0302 0.06175191 2
0.0385 0.0328 0.0691075 1
0.0339 0.0308 0.06271958 1
0.0381 0.0332 0.06910718 2
0.0329 0.0258 0.05690998 2
0.0492 0.0367 0.08317926 1
0.0334 0.032 0.06339862 3
0.0395 0.0279 0.06536555 2
0.0283 0.0186 0.04541952 1
0.0363 0.0294 0.06369893 4
0.0245 0.0189 0.04197941 2
0.0402 0.0321 0.07008508 3
0.0432 0.0367 0.07739898 2
0.0359 0.02 0.05423991 4
0.0371 0.0333 0.06823397 1
0.0403 0.0309 0.06902493 1
0.0299 0.025 0.05320662 3
0.0335 0.0257 0.05739963 2
0.0286 0.0103 0.03764332 1
0.042 0.033 0.07268992 2
0.0513 0.0377 0.08615399 1
0.0507 0.0338 0.08187292 4
0.034 0.0299 0.06194853 4
0.0346 0.0241 0.05692384 1
0.0462 0.0304 0.07427834 3
0.0313 0.029 0.05845168 2
0.037 0.028 0.063028 1
0.0304 0.0214 0.0502013 4
0.045 0.0349 0.07740848 2
0.0285 0.021 0.04795172 4
0.0277 0.0195 0.04570891 2
0.0298 0.018 0.0463104 1
0.0407 0.0265 0.06518929 4
0.038 0.0206 0.0568748 1
0.041 0.0363 0.07488829 3
0.036 0.0333 0.0671695 1
0.0384 0.0283 0.06467926 2
0.0316 0.0257 0.05554488 2
0.0322 0.0275 0.0578732 1
0.049 0.0405 0.08660406 2
0.033 0.0284 0.05952563 4
0.0379 0.0334 0.06910451 2
0.029 0.0276 0.0548552 1
0.0416 0.0352 0.0744129 3
0.0323 0.0234 0.05400281 3
0.0323 0.0198 0.05051429 3
0.0373 0.0174 0.05310545 2
0.041 0.0299 0.06874517 3
0.0308 0.0248 0.05389124 2
0.048 0.0407 0.08583604 5
0.0386 0.0287 0.06526129 5
0.0355 0.0237 0.05741685 1
0.042 0.0363 0.07585725 3
0.0391 0.0343 0.07113127 1
0.0355 0.0202 0.05403792 2
0.049 0.0394 0.08555848 3
0.0409 0.0293 0.06807117 2
0.0358 0.0327 0.06639768 2
0.0405 0.0305 0.06883559 2
0.0363 0.033 0.06717073 2
0.0417 0.0189 0.05887147 1
0.0272 0.0151 0.04093058 1
0.0386 0.0317 0.06814568 1
0.0352 0.0294 0.06263204 4
0.0368 0.0349 0.06949178 4
0.0448 0.0371 0.07931998 2
0.0477 0.0391 0.08402508 5
0.0362 0.0305 0.06466182 2
0.0379 0.0246 0.06063001 3
0.0313 0.0208 0.05050006 1
0.0277 0.023 0.0491126 1
0.0424 0.0366 0.07652716 2
0.0355 0.0293 0.06282365 1
0.0399 0.0356 0.07315584 3
0.0424 0.023 0.0634892 1
0.0381 0.0356 0.07141772 3
0.0363 0.0285 0.06282925 1
0.0393 0.0319 0.06901823 3
0.036 0.0307 0.0646605 1
0.0335 0.0285 0.06010625 1
0.0402 0.0324 0.07036912 1
0.0345 0.0303 0.06281845 1
0.028 0.024 0.050379 1
0.0452 0.0405 0.08295686 4
0.0371 0.0272 0.06235418 1
0.0393 0.0384 0.07526761 3
0.0366 0.0352 0.06958588 3
0.0252 0.0229 0.04657018 2
0.0378 0.0308 0.06650336 1
0.0389 0.0241 0.06113603 5
0.031 0.0241 0.053407 1
0.0444 0.0377 0.07950722 1
0.0336 0.0165 0.04859552 3
0.0364 0.0197 0.05443981 3
0.0411 0.0314 0.07028114 2
0.0449 0.0313 0.07387701 4
0.0295 0.0249 0.05271935 2
0.0373 0.0242 0.05966106 2
0.0391 0.0313 0.06824889 3
0.0402 0.0253 0.06354744 1
0.0383 0.0361 0.07209077 1
0.0435 0.0371 0.07806635 2
0.0352 0.0337 0.06678175 2
0.0333 0.0335 0.06475085 2
0.0409 0.0308 0.06951221 3
0.0475 0.042 0.08659356 2
0.0366 0.0179 0.05289836 1
0.0358 0.0307 0.06446644 1
0.0325 0.0305 0.0610712 2
0.0407 0.0291 0.06768443 1
0.0285 0.0262 0.05300831 3
0.0418 0.0332 0.07268648 2
0.0414 0.0381 0.07700337 2
0.041 0.0296 0.06845862 3
0.0328 0.027 0.0579732 1
0.0409 0.0298 0.06855095 2
0.0304 0.0282 0.05680032 1
0.0384 0.0236 0.06015514 3
0.0365 0.0293 0.06379563 2
0.0387 0.0328 0.06930198 2
0.0435 0.0373 0.07825757 3
0.0448 0.0423 0.08430994 5
0.0341 0.0267 0.05894933 1
0.0337 0.0153 0.04753371 2
0.0486 0.0339 0.07993466 3
0.039 0.0262 0.0632424 1
0.0366 0.0361 0.0704583 6
0.0304 0.0268 0.05544269 2
0.0443 0.0326 0.07453172 1
0.0379 0.0307 0.06650535 3
0.0345 0.0181 0.05102715 1
0.0424 0.037 0.07691081 3
0.0393 0.032 0.0691127 1
0.036 0.0321 0.06601282 2
0.0348 0.0302 0.06301304 1
0.0318 0.0266 0.05661227 2
0.0403 0.0205 0.05903365 1
0.0428 0.0393 0.07950031 4
0.0401 0.0257 0.06383427 2
0.0443 0.0236 0.06592142 1
0.0468 0.0382 0.08229726 2
0.0342 0.0235 0.055953 1
0.0425 0.0389 0.07882961 3
0.0377 0.033 0.06852565 2
0.0366 0.0235 0.058299 1
0.0244 0.0243 0.04715478 1
0.0356 0.0296 0.06321052 2
0.0404 0.0293 0.06758546 2
0.0376 0.03 0.06553923 3
0.0449 0.0447 0.08669714 10
0.0373 0.0313 0.06650011 1
0.0288 0.023 0.05019325 3
0.0472 0.0287 0.07362403 3
0.0301 0.0223 0.05078049 5
0.0382 0.0182 0.05476208 2
0.0456 0.0353 0.07837173 3
0.0405 0.033 0.0712363 2
0.036 0.0313 0.06523957 2
0.0308 0.0273 0.0563171 2
0.0354 0.0298 0.06321008 2
0.0353 0.0315 0.06475385 1
0.037 0.0326 0.0674624 1
0.0393 0.0364 0.07334446 2
0.035 0.032 0.0649461 2
0.0324 0.0249 0.05555026 2
0.04 0.021 0.05922207 3
0.0331 0.0232 0.05458738 1
0.0451 0.0385 0.08095872 3
0.0424 0.0318 0.07192503 2
0.0368 0.0279 0.06273783 4
0.031 0.0244 0.0536984 2
0.0416 0.0375 0.0766181 1
0.0409 0.0397 0.07805669 3
0.0441 0.0416 0.08295014 1
0.035 0.0322 0.06514211 3
0.0398 0.0359 0.07334588 1
0.0314 0.023 0.05273271 3
0.0426 0.0336 0.07384756 2
0.0402 0.0386 0.07633026 4
0.0406 0.0343 0.07258276 2
0.0406 0.0221 0.06086455 2
0.0291 0.0285 0.05582725 1
0.0372 0.0302 0.06534679 4
0.0401 0.036 0.0737315 1
0.0391 0.0275 0.06459035 1
0.0356 0.0323 0.06581707 2
0.0437 0.0396 0.08065289 6
0.0347 0.028 0.06079103 2
0.0341 0.03 0.06214082 2
0.0346 0.03 0.06262758 2
0.0293 0.0203 0.04805428 3
0.0415 0.0367 0.07575415 1
0.0278 0.0261 0.05223026 3
0.0388 0.0365 0.07296743 3
0.0383 0.0359 0.07190364 3
0.0536 0.04 0.09055238 3
0.0313 0.0254 0.05496068 1
0.0366 0.0268 0.06148152 1
0.0353 0.03 0.0633053 1
0.0403 0.023 0.0614354 1
0.0338 0.0232 0.05527184 1
0.0409 0.034 0.07258394 2
0.0343 0.0303 0.06262431 1
0.0362 0.0321 0.06620872 3
0.0408 0.0323 0.07086363 5
0.0425 0.0235 0.0640663 2
0.0306 0.0285 0.05728625 2
0.0444 0.0391 0.08084688 3
0.0372 0.0343 0.06929454 1
0.0327 0.03 0.0607824 3
0.0333 0.0262 0.05768604 1
0.0401 0.0312 0.06911918 1
0.0404 0.0339 0.07200374 1
0.0382 0.0223 0.05870829 3
0.0365 0.0283 0.06283275 2
0.0371 0.0346 0.06948879 2
0.0408 0.0295 0.06816596 3
0.0414 0.035 0.07402942 3
0.0266 0.0181 0.04326224 1
0.0375 0.0339 0.06920187 3
0.0438 0.0289 0.070507 2
0.0455 0.0407 0.08344301 2
0.0392 0.0328 0.06978524 1
0.0357 0.0364 0.06987507 2
0.0442 0.0345 0.0762528 1
0.0341 0.024 0.05634015 4
0.0359 0.0348 0.06852156 3
0.0323 0.0317 0.06203924 3
0.0454 0.0329 0.07588567 3
0.0431 0.0384 0.07892948 3
0.0373 0.0321 0.06727161 2
0.0367 0.028 0.0627361 1
0.0368 0.0153 0.05058836 2
0.0386 0.0238 0.06054272 1
0.0398 0.037 0.07440879 2
0.0307 0.0312 0.06000654 2
0.0399 0.0347 0.07229015 2
0.0352 0.03 0.0632082 1
0.0391 0.0367 0.07344246 6
0.0419 0.0362 0.07566032 1
0.0394 0.032 0.0692097 2
0.0398 0.0319 0.06950108 1
0.0391 0.0303 0.06728369 2
0.0345 0.0348 0.0671677 1
0.0352 0.0236 0.05702757 2
0.0333 0.0298 0.06117311 3
0.0376 0.0387 0.07392083 2
0.0365 0.0339 0.06823205 1
0.0451 0.031 0.07377918 3
0.0437 0.0391 0.08017543 4
0.0425 0.0293 0.0696321 5
0.0405 0.0349 0.07306269 2
0.0387 0.0272 0.06391226 1
0.0403 0.034 0.07200382 2
0.0395 0.0301 0.06747965 1
0.0469 0.0415 0.08554568 5
0.047 0.0374 0.0817262 2
0.0404 0.0349 0.07296474 2
0.0319 0.0254 0.05554657 3
0.039 0.0254 0.0624728 1
0.0381 0.0299 0.06592802 2
0.037 0.0315 0.06640252 3
0.0436 0.0381 0.07911954 1
0.0379 0.0306 0.06641228 3
0.0388 0.0374 0.07382408 1
0.0418 0.0309 0.07048057 3
0.0394 0.0319 0.06911473 2
0.0372 0.024 0.0593674 1
0.0397 0.0288 0.06642568 2
0.0399 0.0365 0.07402038 3
0.0359 0.0268 0.0608017 3
0.0426 0.0338 0.07403624 2
0.042 0.0268 0.06674244 2
0.0437 0.0309 0.07232327 1
0.0408 0.0235 0.0624045 1
0.0393 0.0266 0.06391952 1
0.0394 0.0241 0.06161328 2
0.0469 0.0317 0.07619087 1
0.0366 0.0297 0.06427828 1
0.0414 0.0287 0.06798092 1
0.0376 0.0285 0.0640935 1
0.0396 0.0295 0.06700054 2
0.0373 0.0349 0.06997501 3
0.0394 0.0371 0.07411672 3
0.0359 0.0339 0.06765261 3
0.047 0.0303 0.07495228 2
0.0424 0.0344 0.07441724 1
0.0403 0.0316 0.06970096 4
0.0386 0.0346 0.07093668 2
0.0398 0.0225 0.0604658 1
0.0414 0.0286 0.06788526 2
0.0441 0.0399 0.08132341 1
0.045 0.024 0.06698858 2
0.0424 0.0334 0.07345864 1
0.0447 0.0288 0.07128514 1
0.0463 0.0372 0.08086382 3
0.0334 0.0302 0.06165488 2
0.0449 0.033 0.0754952 1
0.0415 0.0433 0.08209053 3
0.0436 0.0373 0.07835487 2
0.045 0.0385 0.08085 1
0.0419 0.0334 0.07297533 2
0.037 0.0337 0.06852349 5
0.0436 0.0353 0.07644057 2
0.044 0.0371 0.0785477 1
0.0492 0.0396 0.0859448 3
0.0418 0.0361 0.07546861 3
0.045 0.0414 0.08362323 3
0.0358 0.0309 0.06465952 2
0.0412 0.03 0.0690342 1
0.0387 0.0347 0.07113321 3
0.0361 0.0313 0.06533647 1
0.0414 0.0361 0.07508871 3
0.0489 0.0391 0.08518374 4
0.0392 0.032 0.0690158 1
0.0397 0.0302 0.06777287 4
0.0399 0.0196 0.05777698 3
0.0381 0.0175 0.05398785 1
0.0356 0.0291 0.06272774 1
0.0416 0.0253 0.06491342 1
0.048 0.0444 0.08936041 2
0.042 0.0383 0.07777319 3
0.0367 0.0245 0.05936105 1
0.0361 0.0334 0.06736316 2
0.0482 0.04 0.0853673 2
0.0368 0.0285 0.0633155 1
0.0438 0.0343 0.07567476 1
0.0415 0.0346 0.0737392 1
0.0382 0.0254 0.06169232 1
0.0419 0.0367 0.07613987 1
0.0328 0.0263 0.05729562 2
0.04 0.0345 0.0721935 1
0.0422 0.0404 0.07997672 1
0.0472 0.0394 0.08382781 2
0.0511 0.0414 0.08947596 1
0.0519 0.041 0.08986404 2
0.0475 0.0411 0.08574047 5
0.0478 0.0443 0.08907477 3
0.0469 0.0407 0.08477777 1
0.0446 0.0379 0.07989144 2
0.0535 0.0479 0.09793914 3
0.0509 0.0367 0.08481857 1
0.0482 0.0425 0.08774319 4
0.0432 0.0377 0.07835126 1
0.0451 0.0403 0.08267163 2
0.0473 0.0429 0.08726063 2
0.0423 0.0385 0.07825125 1
0.0435 0.0425 0.08323702 2
0.0472 0.0343 0.07896154 1
0.0417 0.0376 0.07681194 3
0.0475 0.0419 0.08649835 2
0.0483 0.0471 0.09222924 5
0.0484 0.034 0.0798358 1
0.0465 0.0439 0.08745079 3
0.05 0.0412 0.0882302 1
0.053 0.0294 0.0799232 1
0.0458 0.043 0.08591888 4
0.0489 0.0431 0.08898411 2
0.0407 0.034 0.0723899 1
0.0424 0.0388 0.07863559 3
0.0533 0.051 0.1006915 4
0.0435 0.036 0.0770125 1
0.0481 0.0417 0.08688541 2
0.0517 0.0488 0.09708263 4
0.0403 0.0368 0.07469579 2
0.047 0.0356 0.08000876 2
0.0486 0.0384 0.08422222 3
0.0397 0.035 0.07238427 2
0.046 0.0392 0.08248494 3
0.0487 0.0371 0.08307806 2
0.0467 0.0424 0.08620802 1
0.05 0.0444 0.09127358 2
0.0447 0.0333 0.07558873 2
0.0408 0.0283 0.06701393 3
0.0453 0.0357 0.07846279 1
0.0438 0.037 0.0782592 1
0.0467 0.0402 0.08410859 2
0.0444 0.0342 0.07616098 2
0.0476 0.0411 0.08583134 1
0.0482 0.0358 0.08135872 2
0.048 0.0412 0.08631084 2
0.0488 0.0455 0.0911729 1
0.047 0.0411 0.0852554 1
0.0485 0.0418 0.087364 3
0.0503 0.0466 0.0936559 3
0.0555 0.0441 0.09625105 1
0.0467 0.0438 0.0875533 3
0.0479 0.0429 0.08783489 1
0.0426 0.0392 0.07921237 4
0.0403 0.029 0.0672041 4
0.039 0.0279 0.0648781 3
0.0489 0.047 0.0926966 1
0.0447 0.037 0.07912845 3
0.0556 0.0445 0.0967249 1
0.0504 0.0393 0.08680805 2
0.045 0.0409 0.08314674 2
0.0447 0.0369 0.07903179 3
0.049 0.0257 0.0725157 4
0.0449 0.0377 0.07998887 1
0.0459 0.0408 0.0839149 4
0.044 0.036 0.07749841 3
0.0551 0.0562 0.10731872 3
0.0409 0.0328 0.07143118 1
0.052 0.0358 0.0850252 1
0.0367 0.0316 0.0662104 3
0.0501 0.0477 0.09451613 2
0.0475 0.0405 0.08516415 2
0.0534 0.0291 0.08002802 2
0.0424 0.035 0.0749924 1
0.0466 0.0407 0.08449055 3
0.0447 0.0426 0.08448285 2
0.0475 0.0386 0.08335289 2
0.0475 0.041 0.08564 1
0.0478 0.043 0.08784664 2
0.0448 0.0396 0.08170937 2
0.0408 0.0303 0.06893386 1
0.0481 0.0397 0.08497753 3
0.0501 0.0404 0.08756746 3
0.0401 0.0355 0.07325111 2
0.0448 0.041 0.083048 1
0.0473 0.044 0.088313 4
0.0443 0.0387 0.08036759 1
0.0429 0.0345 0.07499635 1
0.0415 0.0303 0.06961439 3
0.0486 0.0339 0.0799396 5
0.0421 0.0284 0.0683753 2
0.0491 0.0452 0.09117784 4
0.0438 0.041 0.0820903 3
0.0535 0.0447 0.09490748 4
0.0444 0.0397 0.08142062 2
0.0444 0.039 0.08075086 2
0.0487 0.0377 0.08365349 2
0.0488 0.0452 0.09088936 3
0.0443 0.0372 0.07893746 3
0.048 0.0422 0.08726411 2
0.0486 0.0453 0.0908012 8
0.0441 0.0397 0.08113203 1
0.0471 0.0401 0.08439749 1
0.0469 0.0386 0.08277464 3
0.052 0.0379 0.08702043 3
0.0528 0.0272 0.07764511 6
0.0442 0.0369 0.07855102 3
0.0484 0.0346 0.08040736 1
0.0505 0.031 0.0790152 2
0.0492 0.0456 0.09165257 3
0.0439 0.0353 0.07672853 1
0.0522 0.0393 0.08854144 2
0.0459 0.0374 0.08066564 1
0.0436 0.0387 0.07969456 3
0.0446 0.0417 0.08353752 3
0.0445 0.0297 0.07195212 2
0.0457 0.0416 0.08449436 3
0.0482 0.0391 0.08450354 4
0.0517 0.0348 0.08379075 4
0.042 0.0379 0.07739328 3
0.0451 0.042 0.0842919 1
0.0498 0.0395 0.08642373 2
0.0455 0.039 0.08181138 4
0.0457 0.0424 0.08525028 4
0.0524 0.0384 0.08787764 1
0.0452 0.0413 0.08371954 2
0.0429 0.0339 0.07442239 2
0.0491 0.0452 0.09117398 1
0.0452 0.0365 0.07913594 2
0.0522 0.0416 0.09072884 3
0.0491 0.0414 0.0875622 4
0.0517 0.0478 0.09612724 1
0.0497 0.026 0.07348323 3
0.0476 0.0263 0.07172122 2
0.0552 0.0429 0.09483094 2
0.0499 0.0368 0.08394938 1
0.0548 0.0491 0.10031308 3
0.046 0.04 0.083248 2
0.0481 0.042 0.08717444 3
0.0461 0.0333 0.07694327 1
0.0479 0.0358 0.08107058 2
0.048 0.0451 0.09002736 2
0.0546 0.0553 0.10599222 2
0.0514 0.0416 0.0899541 2
0.0533 0.0416 0.09177739 3
0.0479 0.037 0.08222108 5
0.0507 0.0474 0.09479866 4
0.047 0.0457 0.0896479 5
0.058 0.0552 0.1091114 3
0.0494 0.0466 0.09279314 2
0.0447 0.0403 0.08228274 2
0.0509 0.0364 0.08453822 3
0.0541 0.0376 0.08875654 1
0.0501 0.0467 0.09355645 2
0.0482 0.0388 0.08421592 2
0.0459 0.0273 0.07102117 2
0.0482 0.0393 0.08469224 1
0.0487 0.0426 0.08831568 1
0.0518 0.0443 0.09290364 3
0.0468 0.0357 0.07992825 6
0.047 0.0369 0.08125225 3
0.0421 0.0388 0.07834642 1
0.0451 0.033 0.0756888 1
0.0538 0.0491 0.09936032 1
0.0505 0.0432 0.09061585 4
0.045 0.0417 0.0839096 2
0.0511 0.0435 0.09147075 1
0.0454 0.0365 0.07932496 3
0.0576 0.0479 0.10185046 2
0.0479 0.0401 0.08517231 5
0.0549 0.0482 0.09955666 3
0.0477 0.0374 0.08240068 2
0.0484 0.0444 0.08974772 5
0.0449 0.0351 0.07750301 1
0.0547 0.0506 0.10164194 6
0.0482 0.0435 0.08869496 3
0.0455 0.0355 0.0784669 3
0.0526 0.035 0.08484575 2
0.0527 0.0511 0.10021079 5
0.0485 0.0388 0.0845073 2
0.0508 0.0424 0.0901383 2
0.0509 0.0477 0.09526967 1
0.0483 0.0398 0.08526476 1
0.0428 0.0376 0.0778722 4
0.0529 0.0409 0.0907293 2
0.045 0.0379 0.08027661 2
0.0469 0.0434 0.08735973 4
0.0502 0.0442 0.09127666 3
0.0458 0.041 0.08400806 2
0.0478 0.0395 0.08450032 3
0.0451 0.0417 0.08400513 1
0.054 0.0481 0.09860591 3
0.0493 0.0456 0.09174582 1
0.0486 0.0449 0.09041215 4
0.0452 0.0326 0.07540328 1
0.0473 0.0383 0.08287308 2
0.0562 0.0482 0.10080406 2
0.0476 0.038 0.0828758 1
0.0487 0.0369 0.08288757 1
0.0458 0.0428 0.08572761 2
0.0488 0.0453 0.09098246 1
0.0421 0.038 0.07757942 2
0.0522 0.0467 0.09556016 1
0.0504 0.0492 0.0962236 4
0.0516 0.0439 0.09233136 4
0.0535 0.0452 0.09538622 2
0.0468 0.0388 0.082884 3
0.0446 0.0361 0.07816964 1
0.0479 0.0372 0.08240246 2
0.0532 0.0465 0.0963257 2
0.0501 0.0453 0.09222487 1
0.0506 0.0383 0.08605019 2
0.0495 0.0429 0.08936785 1
0.0473 0.0418 0.08621111 3
0.0457 0.0402 0.08315058 6
0.0498 0.0344 0.08157008 1
0.0455 0.0401 0.08287466 4
0.0541 0.0414 0.09235476 1
0.0476 0.0442 0.08878688 1
0.0536 0.049 0.09907533 3
0.0523 0.0412 0.09043977 2
0.0504 0.0496 0.09660232 3
0.0414 0.0292 0.06846072 1
0.0491 0.0355 0.08194107 3
0.0509 0.0418 0.08966424 2
0.0469 0.0432 0.08716302 1
0.0459 0.0426 0.0856337 2
0.0444 0.0446 0.08610776 1
0.0476 0.0434 0.08802592 3
0.0509 0.0474 0.09498545 2
0.0526 0.038 0.0876908 1
0.0492 0.0409 0.08717682 1
0.0451 0.0386 0.08104184 1
0.0451 0.0345 0.07712265 1
0.0515 0.0491 0.09717113 2
0.0514 0.046 0.094132 1
0.0533 0.0493 0.09907443 2
0.0444 0.0359 0.07778941 4
0.0438 0.0403 0.08141796 1
0.052 0.0473 0.09594005 2
0.052 0.0505 0.0989755 1
0.0484 0.0425 0.08793386 2
0.0541 0.0509 0.10135175 2
0.0488 0.0466 0.09222571 3
0.0517 0.0385 0.08729893 2
0.0491 0.0372 0.08356058 3
0.0493 0.038 0.0845129 1
0.0431 0.039 0.0795002 1
0.0526 0.0394 0.08901883 2
0.05 0.048 0.0946973 2
0.0514 0.0438 0.09204288 1
0.0505 0.0477 0.09488839 2
0.0476 0.0447 0.08927318 2
0.0555 0.047 0.098993 1
0.0456 0.0421 0.08486694 1
0.0464 0.041 0.08458408 2
0.049 0.0435 0.08946042 4
0.0511 0.0435 0.09147075 1
0.0553 0.0449 0.09682262 3
0.0525 0.0399 0.0893978 2
0.0529 0.0442 0.09385803 2
0.049 0.0425 0.088508 1
0.0456 0.0292 0.07254376 3
0.0504 0.0471 0.09422266 1
0.053 0.05 0.09945292 2
0.05 0.0473 0.0940343 3
0.053 0.0424 0.09224745 2
0.0472 0.0388 0.08325364 1
0.054 0.0461 0.09671009 3
0.0469 0.0372 0.08143881 3
0.0536 0.0449 0.09519086 1
0.056 0.0476 0.10003743 3
0.0454 0.0428 0.08534682 4
0.0446 0.0356 0.07769153 2
0.0446 0.0415 0.0833342 1
0.0456 0.0396 0.08247858 3
0.0474 0.0392 0.08382771 2
0.0535 0.0459 0.0960456 2
0.0504 0.0439 0.09118074 1
0.047 0.0438 0.0878312 1
0.0477 0.0407 0.08554934 2
0.0479 0.0406 0.08564339 2
0.0507 0.0479 0.09526957 4
0.0485 0.0463 0.09164825 1
0.0451 0.0378 0.0802807 5
0.0517 0.0442 0.09270976 1
0.0501 0.036 0.08338294 4
0.0523 0.0449 0.09394793 1
0.0486 0.0404 0.08612456 1
0.0494 0.0394 0.08594213 3
0.045 0.0384 0.08076061 2
0.0553 0.0513 0.10289421 4
0.0529 0.0478 0.09727372 3
0.0504 0.0445 0.09175116 2
0.055 0.0528 0.1040086 2
0.0503 0.0448 0.09194069 2
0.0564 0.0531 0.10561366 1
0.0501 0.0464 0.09327094 2
0.046 0.0433 0.08639685 2
0.0501 0.0455 0.09241505 1
0.0491 0.04 0.0862241 1
0.0477 0.0401 0.08497403 1
0.0505 0.0428 0.090233 2
0.0477 0.0444 0.08907869 4
0.0493 0.0411 0.08746317 1
0.0504 0.0466 0.09374736 1
0.0539 0.0499 0.10021341 2
0.0516 0.0394 0.08805712 2
0.0466 0.0462 0.089739 2
0.0505 0.0321 0.08006055 1
0.0516 0.0367 0.08549585 3
0.0509 0.048 0.09555495 3
0.0467 0.0425 0.08630535 3
0.0506 0.0451 0.09251382 5
0.0526 0.0418 0.09129672 2
0.0483 0.0364 0.08202637 4
0.051 0.0495 0.0970789 4
0.0542 0.0475 0.09822628 2
0.0498 0.0424 0.08918227 5
0.051 0.0442 0.0920424 2
0.0572 0.0369 0.09108242 1
0.0532 0.0485 0.09822062 2
0.0488 0.0367 0.08279354 1
0.0481 0.0449 0.08993245 2
0.0554 0.0506 0.10230176 1
0.0549 0.049 0.10031386 3
0.0518 0.042 0.09072602 4
0.0519 0.0453 0.09394513 1
0.0524 0.0437 0.09290522 1
0.0545 0.0453 0.09643733 5
0.0474 0.0398 0.08439968 1
0.0473 0.0342 0.07896635 3
0.0498 0.0419 0.08870408 1
0.0484 0.0453 0.09060093 3
0.0546 0.0373 0.08895432 1
0.0511 0.0427 0.09071083 1
0.0503 0.0501 0.09697977 2
0.0495 0.0432 0.0896533 1
0.05 0.0395 0.0866227 4
0.0535 0.0498 0.09973891 2
0.0547 0.0428 0.09425534 1
0.0567 0.0509 0.10382153 4
0.0507 0.0307 0.07892391 1
0.0513 0.0424 0.09061758 1
0.0556 0.0488 0.10079012 1
0.0528 0.038 0.08788508 3
0.0472 0.0325 0.0772447 1
0.0543 0.0484 0.09917358 1
0.0485 0.0424 0.08793368 2
0.0478 0.0358 0.08097136 1
0.0489 0.042 0.08793643 3
0.0481 0.0403 0.0855513 3
0.0508 0.0456 0.0931791 2
0.051 0.0419 0.08985587 2
0.0437 0.0409 0.08189627 1
0.0419 0.039 0.07834818 4
0.0515 0.0494 0.09745669 4
0.0483 0.0461 0.09126885 6
0.0502 0.0446 0.09165535 3
0.0486 0.044 0.0895532 1
0.0552 0.0489 0.10050382 1
0.0508 0.0479 0.0953647 2
0.0472 0.0344 0.07905768 2
0.0501 0.0471 0.09393649 1
0.0535 0.0439 0.09414883 2
0.0523 0.0484 0.0972694 2
0.0535 0.0454 0.09556963 2
0.0493 0.0465 0.09260473 3
0.0539 0.0474 0.09784544 1
0.05 0.0396 0.08670964 2
0.0594 0.0498 0.10535362 3
0.0541 0.0493 0.0998355 2
0.0489 0.042 0.08793661 2
0.0532 0.0494 0.09907649 5
0.0494 0.0447 0.09098492 1
0.0507 0.0408 0.08852194 1
0.0516 0.0472 0.09546333 2
0.0496 0.0428 0.08936852 1
0.0514 0.041 0.08938421 2
0.0531 0.0507 0.10021227 3
0.0529 0.0446 0.09424316 4
0.0451 0.0417 0.08400513 1
0.0563 0.0406 0.09371012 1
0.0489 0.034 0.08031939 2
0.0472 0.0466 0.09069328 1
0.0517 0.0454 0.09384892 1
0.0463 0.0344 0.07818714 2
0.0532 0.0331 0.08362438 1
0.0457 0.038 0.08104712 2
0.0507 0.0394 0.0871933 4
0.0453 0.0325 0.07540465 3
0.0522 0.0461 0.09499234 4
0.0429 0.0407 0.08093657 1
0.0506 0.0455 0.0928988 2
0.057 0.0476 0.10099416 3
0.051 0.0444 0.09223033 3
0.0536 0.0468 0.09699117 3
0.0534 0.0412 0.09149352 1
0.0528 0.041 0.09072816 2
0.0508 0.0434 0.09108848 1
0.0519 0.0445 0.09319462 5
0.0466 0.0429 0.08658936 1
0.0561 0.0545 0.1066526 2
0.0542 0.0393 0.09046472 4
0.0526 0.0461 0.09537561 5
0.054 0.0525 0.10278427 3
0.0542 0.0525 0.1029617 3
0.0498 0.0426 0.08937064 3
0.0527 0.0354 0.08532168 2
0.0503 0.0442 0.09137024 1
0.0607 0.0419 0.09915827 1
0.0496 0.0414 0.08803791 2
0.0465 0.0424 0.0860168 3
0.0473 0.0413 0.08574084 4
0.0496 0.0408 0.08746587 2
0.0517 0.0424 0.09100102 1
0.052 0.0367 0.08588026 2
0.0572 0.0518 0.10514582 3
0.0533 0.0426 0.09272643 5
0.0485 0.044 0.0894575 1
0.0574 0.0468 0.10061725 3
0.0507 0.046 0.0934656 5
0.0539 0.0432 0.09386762 1
0.054 0.0427 0.09349038 3
0.0558 0.0435 0.09597198 2
0.0544 0.0464 0.09737564 1
0.0516 0.0397 0.08834178 1
0.0501 0.0409 0.08804204 3
0.0473 0.0432 0.08754614 1
0.0542 0.0425 0.0934922 1
0.0571 0.0369 0.09098751 2
0.0509 0.0358 0.08396348 1
0.0533 0.0446 0.09462207 4
0.0489 0.0408 0.08679395 3
0.0518 0.0486 0.09698192 1
0.0521 0.0469 0.0956565 3
0.0501 0.0433 0.09032467 2
0.0503 0.0464 0.0934619 2
0.0477 0.0454 0.09002652 1
0.0506 0.0353 0.08320005 3
0.0559 0.0472 0.09956362 1
0.0521 0.0462 0.09499264 3
0.0524 0.0473 0.09632067 3
0.0548 0.0474 0.09870806 5
0.0508 0.0374 0.08538757 2
0.0523 0.0489 0.09774409 3
0.0549 0.0473 0.09870545 5
0.0563 0.0514 0.10391288 1
0.0522 0.0441 0.09309334 2
0.0545 0.0499 0.10078385 1
0.0516 0.048 0.09622191 2
0.045 0.0429 0.0850568 2
0.0519 0.0374 0.08644724 1
0.0507 0.045 0.0925132 1
0.0481 0.0417 0.08688303 1
0.057 0.0536 0.10665464 2
0.0529 0.0481 0.09755551 1
0.0492 0.0447 0.09079462 2
0.0477 0.0434 0.08811992 1
0.0516 0.0429 0.0913803 2
0.0548 0.041 0.09264884 2
0.051 0.0328 0.08121 1
0.0485 0.0438 0.089267 1
0.0577 0.0528 0.1065655 4
0.0515 0.0467 0.09489215 1
0.0466 0.0433 0.08697166 3
0.0503 0.0411 0.08842315 2
0.05 0.0473 0.09403409 5
0.0508 0.0421 0.08985322 1
0.048 0.0432 0.08821726 2
0.0552 0.0433 0.09520774 2
0.0519 0.0408 0.08967538 2
0.0555 0.0518 0.10353208 3
0.0523 0.0489 0.09774273 1
0.0546 0.0451 0.09633624 1
0.0561 0.0473 0.09984887 1
0.0568 0.0406 0.09419032 1
0.0614 0.0521 0.10941356 1
0.058 0.0446 0.09911498 2
0.0508 0.0466 0.09413034 4
0.048 0.0428 0.08783564 2
0.0494 0.045 0.0912704 1
0.056 0.0381 0.0910595 1
0.0519 0.0486 0.09707716 1
0.0523 0.0471 0.09603971 2
0.0515 0.0508 0.0987851 1
0.0512 0.0499 0.09764522 1
0.0515 0.0471 0.09527195 1
0.047 0.0433 0.08735477 3
0.0496 0.0395 0.08623118 4
0.0544 0.0515 0.1022039 2
0.057 0.051 0.1042 1
0.0541 0.0487 0.09927163 3
0.0514 0.0454 0.09356569 2
0.0519 0.0444 0.0930914 3
0.0478 0.0438 0.08859724 3
0.0601 0.0509 0.10705091 1
0.0512 0.0426 0.09071168 1
0.0552 0.0504 0.10192255 2
0.046 0.0429 0.0860145 1
0.0544 0.0513 0.10201816 3
0.0541 0.0515 0.10192052 2
0.0593 0.06 0.1148603 1
0.0577 0.0516 0.10543098 1
0.0602 0.0563 0.11222836 3
0.0534 0.0479 0.09784464 3
0.0521 0.0481 0.09679375 3
0.0464 0.0372 0.0809567 2
0.0476 0.0438 0.0884056 2
0.0495 0.0497 0.09583805 1
0.0527 0.0485 0.09774425 1
0.0563 0.0526 0.10504768 3
0.0549 0.0496 0.10088046 1
0.0505 0.0432 0.09061338 2
0.0528 0.0512 0.10039973 2
0.0515 0.0519 0.09983027 2
0.0571 0.0468 0.10033366 3
0.0501 0.0423 0.08937217 1
0.0568 0.0403 0.09390706 1
0.0486 0.046 0.09145872 2
0.0516 0.0446 0.0930005 4
0.0484 0.0425 0.0879329 1
0.0533 0.041 0.091208 1
0.0488 0.027 0.0735572 1
0.0564 0.0477 0.10051292 2
0.0511 0.0523 0.09982994 2
0.0492 0.0447 0.09079366 1
0.057 0.0568 0.1096752 1
0.0515 0.047 0.09517839 4
0.0523 0.0455 0.09451735 2
0.0531 0.0481 0.09775153 2
0.0531 0.0452 0.09499718 1
0.0509 0.0418 0.08966408 1
0.052 0.0421 0.0910075 2
0.0555 0.0485 0.10041128 2
0.0562 0.0502 0.10270143 4
0.051 0.0435 0.09137676 2
0.0558 0.049 0.1011696 1
0.0577 0.05 0.1039258 2
0.0531 0.0402 0.09025844 4
0.0499 0.041 0.08794531 3
0.0554 0.0384 0.09076544 1
0.0554 0.05 0.10173734 2
0.0525 0.047 0.09613102 2
0.0523 0.0448 0.09385314 2
0.0513 0.0471 0.0950815 2
0.0551 0.0408 0.09274736 3
0.0525 0.0474 0.0965104 1
0.0551 0.0452 0.09690878 1
0.0585 0.0506 0.10524927 4
0.0547 0.0534 0.10428612 1
0.0566 0.0577 0.11014748 1
0.0509 0.0458 0.09346466 2
0.0528 0.0438 0.09338296 1
0.0548 0.0522 0.10324565 3
0.0482 0.0461 0.09117184 2
0.0463 0.0391 0.08267596 2
0.0541 0.0435 0.09434736 5
0.0533 0.0535 0.10305425 1
0.0586 0.0542 0.10873568 1
0.0543 0.0483 0.09907891 1
0.0504 0.044 0.09128181 4
0.0473 0.0361 0.08077797 3
0.0577 0.0536 0.10731789 3
0.0547 0.0454 0.09671572 1
0.0587 0.0475 0.10251715 2
0.0527 0.0452 0.094615 2
0.0483 0.0355 0.08116933 4
0.0493 0.0428 0.08908106 1
0.0522 0.0455 0.0944216 1
0.0557 0.0394 0.09200243 4
0.0524 0.0494 0.09831353 3
0.047 0.0425 0.08659139 2
0.0479 0.0431 0.08802661 2
0.056 0.0513 0.10353485 3
0.0559 0.046 0.0984295 1
0.0511 0.0434 0.09137688 2
0.0604 0.0529 0.10921714 1
0.0542 0.0279 0.07966892 1
0.0493 0.0481 0.09412652 3
0.0531 0.0463 0.09603987 1
0.0529 0.0495 0.09888285 1
0.0513 0.0402 0.08853 3
0.0534 0.0521 0.10182236 1
0.0558 0.0475 0.0997518 1
0.0516 0.0427 0.09119109 2
0.0494 0.041 0.08747051 3
0.0641 0.0547 0.11441321 2
0.0551 0.0351 0.08735519 1
0.05 0.0425 0.0894735 2
0.051 0.0447 0.092515 1
0.0571 0.0462 0.09976437 2
0.0577 0.0489 0.10288428 2
0.0528 0.0492 0.09850534 2
0.0524 0.029 0.0789608 1
0.0581 0.0524 0.1065837 3
0.0584 0.0541 0.10845325 3
0.0546 0.0485 0.09955418 3
0.0559 0.0437 0.09625766 3
0.0522 0.0443 0.09328341 3
0.0564 0.0519 0.10448259 2
0.0525 0.0469 0.09603626 3
0.0566 0.0482 0.10117814 3
0.0523 0.0401 0.08939499 3
0.054 0.0493 0.0997401 1
0.052 0.0421 0.09100393 2
0.044 0.0394 0.08074884 2
0.0614 0.0528 0.11007128 1
0.053 0.0451 0.09480777 4
0.0522 0.0438 0.09280938 4
0.0552 0.0497 0.10126615 4
0.0554 0.0387 0.09105251 5
0.0565 0.05 0.1027805 1
0.0521 0.0441 0.09299759 1
0.0555 0.0421 0.09436005 1
0.0562 0.0414 0.09436992 1
0.0539 0.0434 0.09405806 3
0.0552 0.0488 0.10040924 1
0.0605 0.0459 0.10274135 4
0.0545 0.0467 0.09775505 1
0.0518 0.0486 0.09698192 1
0.054 0.0257 0.07739402 2
0.0558 0.0478 0.10003536 1
0.0531 0.0469 0.09660992 4
0.0543 0.045 0.0959548 1
0.0572 0.0544 0.10759932 2
0.0518 0.0458 0.09432416 1
0.058 0.0442 0.09873829 3
0.0566 0.0527 0.10542574 2
0.0559 0.0443 0.09682283 1
0.06 0.0558 0.11156873 6
0.0547 0.0495 0.10059707 6
0.0467 0.0434 0.08716743 3
0.0507 0.0497 0.09698079 3
0.0556 0.0459 0.09805149 4
0.0589 0.0536 0.10845634 4
0.055 0.0556 0.1066516 1
0.0543 0.0395 0.09074795 1
0.0577 0.0438 0.09807324 1
0.0606 0.0496 0.10630344 1
0.0514 0.0435 0.091758 1
0.053 0.0492 0.09870567 4
0.054 0.0514 0.1017288 1
0.0555 0.0501 0.10192405 1
0.0541 0.0457 0.09642728 2
0.0526 0.0434 0.09281216 1
0.0531 0.0476 0.09727529 2
0.0534 0.0455 0.0955682 1
0.0527 0.0476 0.09689117 3
0.0537 0.0493 0.09945467 2
0.0537 0.0509 0.10097059 3
0.0526 0.0449 0.09423504 3
0.0511 0.0353 0.08368202 3
0.0555 0.0514 0.10315388 3
0.0526 0.051 0.1000204 3
0.0529 0.0495 0.09888403 4
0.0582 0.0398 0.09478064 1
0.0529 0.0461 0.09565941 2
0.0549 0.0461 0.09756911 1
0.0535 0.0486 0.0986013 2
0.0552 0.0482 0.09984176 1
0.0514 0.0502 0.09812032 1
0.0536 0.0479 0.09803427 7
0.0504 0.0433 0.09061038 1
0.059 0.0549 0.1097738 1
0.0522 0.0488 0.09755369 4
0.0529 0.0397 0.08959344 3
0.0495 0.0468 0.09308156 2
0.0579 0.0448 0.09920922 2
0.0498 0.0486 0.09507712 1
0.0533 0.0438 0.09386156 1
0.0518 0.0339 0.08302868 1
0.054 0.046 0.09661504 2
0.0546 0.0467 0.09785048 1
0.0624 0.0598 0.1175904 2
0.0546 0.0458 0.09699872 1
0.0588 0.0452 0.10044524 1
0.0616 0.0484 0.10612915 4
0.0591 0.048 0.10336932 2
0.0547 0.0493 0.10040713 4
0.0568 0.0554 0.1081688 2
0.054 0.0437 0.0944369 1
0.052 0.0466 0.09527453 2
0.0541 0.0431 0.09396666 3
0.0567 0.0522 0.10505603 3
0.0518 0.0474 0.09584404 3
0.0531 0.0462 0.09594508 1
0.0581 0.0512 0.10543358 1
0.0521 0.046 0.09480072 2
0.0511 0.0476 0.09536734 2
0.0463 0.0424 0.08583189 3
0.0529 0.0523 0.10153753 1
0.0584 0.0542 0.10854742 3
0.0523 0.0485 0.09736617 4
0.0546 0.048 0.09908771 5
0.0543 0.0448 0.09576546 1
0.0548 0.0518 0.10286806 3
0.0542 0.0493 0.09993044 1
0.0528 0.0475 0.0968913 1
0.055 0.0523 0.1035298 1
0.0522 0.0478 0.09660469 3
0.0583 0.0463 0.10100737 3
0.0539 0.0495 0.09983545 2
0.0525 0.053 0.10182574 2
0.0601 0.0541 0.11006215 2
0.0503 0.0464 0.09346238 2
0.0515 0.0401 0.08862545 1
0.0528 0.0489 0.09821878 1
0.0616 0.0487 0.10641226 2
0.0471 0.0414 0.08564076 2
0.0539 0.0514 0.10163385 2
0.0544 0.0528 0.1034348 3
0.0567 0.0537 0.10646464 2
0.0522 0.0432 0.09223944 2
0.0544 0.0444 0.09548331 3
0.0556 0.048 0.10003404 2
0.0537 0.0513 0.10134927 2
0.057 0.0491 0.1024064 1
0.0511 0.0427 0.09071083 1
0.0516 0.0428 0.09128577 3
0.0557 0.05 0.10202006 2
0.0547 0.0484 0.09955462 1
0.055 0.048 0.0994653 2
0.0529 0.0455 0.09509045 1
0.0609 0.0586 0.11504995 2
0.055 0.046 0.09757018 2
0.0536 0.0438 0.09414876 2
0.0601 0.0539 0.1098752 3
0.0582 0.0512 0.10552856 1
0.0551 0.0414 0.09331436 1
0.0558 0.0468 0.09909021 2
0.0537 0.051 0.101065 1
0.0554 0.0435 0.09558946 4
0.0502 0.0411 0.08832724 3
0.0583 0.0503 0.10477571 2
0.0564 0.0412 0.09437331 2
0.0587 0.0575 0.11194086 4
0.057 0.0538 0.10684328 2
0.0514 0.0324 0.08121753 2
0.054 0.0426 0.0933952 1
0.0507 0.0479 0.09527072 2
0.0533 0.0496 0.09935847 2
0.0598 0.0517 0.10752003 2
0.0561 0.0527 0.10495133 1
0.0534 0.0422 0.09244112 1
0.0515 0.0411 0.08957495 1
0.0611 0.0501 0.10725814 4
0.0588 0.0486 0.10364872 1
0.0544 0.0493 0.10012078 1
0.0617 0.0443 0.10237202 2
0.0533 0.0489 0.09869483 1
0.0561 0.047 0.09956708 6
0.0498 0.0518 0.09812096 1
0.0544 0.0392 0.09056043 3
0.0482 0.0418 0.08707424 1
0.0536 0.0497 0.09973845 2
0.0553 0.0414 0.09350628 1
0.0583 0.0454 0.10015624 2
0.0604 0.0566 0.11269736 1
0.0483 0.0432 0.08850394 1
0.053 0.0456 0.09528088 2
0.049 0.0432 0.0891744 1
0.0547 0.0437 0.09510829 2
0.0589 0.0403 0.09592453 1
0.0558 0.0497 0.10183124 1
0.0564 0.0428 0.09588472 3
0.0534 0.0494 0.09926393 2
0.0488 0.0418 0.08765283 4
0.0605 0.0569 0.11307469 3
0.0454 0.0387 0.08142612 1
0.0574 0.0499 0.10354204 1
0.0582 0.0445 0.09921187 2
0.0584 0.0433 0.09827198 1
0.0594 0.0545 0.10977564 2
0.0552 0.0495 0.1010713 1
0.0565 0.0496 0.1024027 1
0.063 0.0417 0.1011767 2
0.0683 0.0569 0.12044388 2
0.0598 0.0455 0.10168379 2
0.056 0.0429 0.0955955 1
0.0585 0.0479 0.10270336 3
0.0516 0.051 0.09907 1
0.0533 0.0337 0.08428987 2
0.0556 0.0497 0.10164098 1
0.0568 0.0498 0.10287696 1
0.0566 0.0464 0.09947607 3
0.055 0.0459 0.0974766 2
0.0621 0.0487 0.10688717 2
0.051 0.0462 0.09394103 4
0.0514 0.042 0.0903336 1
0.0489 0.0423 0.08822294 2
0.0616 0.0545 0.1118579 1
0.0532 0.0393 0.08950295 2
0.0561 0.0509 0.10325372 3
0.0563 0.049 0.1016456 1
0.0597 0.0551 0.11062484 2
0.0518 0.0454 0.09394462 2