0.0844 0.083 0.1595612 1
0.0375 0.0369 0.07208965 1
0.2114 0.2067 0.37382072 1
0.1801 0.1734 0.32162316 1
0.0771 0.0751 0.14556099 1
0.1799 0.1749 0.32268929 1
0.1478 0.1439 0.26972228 1
0.0863 0.0836 0.16185422 1
0.0777 0.0677 0.13928411 1
0.2242 0.2232 0.39680496 1
0.2355 0.2296 0.4104933 1
0.0652 0.059 0.1194764 1
0.0273 0.0259 0.05154513 1
0.0325 0.0313 0.06184555 1
0.0812 0.0771 0.15119678 1
0.165 0.1639 0.3011844 1
0.0777 0.0751 0.14611653 1
0.0543 0.0524 0.10296038 1
0.0398 0.0384 0.07574888 1
0.0508 0.0502 0.09754984 1
0.1278 0.123 0.2343304 1
0.0897 0.0824 0.16387982 1
0.3457 0.3447 0.57092661 1
0.1472 0.1414 0.26707352 1
0.0494 0.0482 0.09431552 1
0.1108 0.1093 0.20720866 1
0.1373 0.1351 0.25312217 1
0.0844 0.0833 0.15983618 1
0.1211 0.121 0.226688 1
0.0811 0.0804 0.15414006 1
0.0889 0.0873 0.16761423 1
0.0508 0.0436 0.09127852 1
0.0171 0.0171 0.03294079 1
0.0357 0.0352 0.06871326 1
0.0524 0.052 0.1007786 1
0.0684 0.0674 0.13032464 1
0.049 0.0431 0.0890792 1
0.2212 0.2141 0.38737538 1
0.0916 0.0906 0.17308224 1
0.057 0.0551 0.1080704 1
0.0551 0.041 0.092936 1
0.1506 0.1505 0.2777348 1
0.1342 0.126 0.24255 1
0.1379 0.1348 0.25338278 1
0.0514 0.051 0.09888 1
0.0462 0.0429 0.08620612 1
0.076 0.0724 0.142045 1
0.1155 0.1121 0.21387905 1
0.0603 0.0598 0.11561316 1
0.0158 0.0138 0.02841056 1
0.061 0.0568 0.113452 1
0.1037 0.101 0.19343 1
0.0325 0.0321 0.06262035 1
0.2137 0.2123 0.38005649 1
0.2662 0.2642 0.45959936 1
0.067 0.0638 0.1256552 1
0.0771 0.0754 0.14583816 1
0.0778 0.0668 0.13854656 1
0.0283 0.0252 0.05183934 1
0.0376 0.0336 0.06900684 1
0.1497 0.1439 0.27135077 1
0.063 0.0598 0.1181544 1
0.109 0.0998 0.1971296 1
0.1008 0.0994 0.18937968 1
0.0885 0.0867 0.16670125 1
0.0767 0.076 0.1460225 1
0.0829 0.0812 0.15653162 1
0.0218 0.02 0.0404048 1
0.0719 0.069 0.1350788 1
0.0772 0.0761 0.14657738 1
0.1785 0.1721 0.31922975 1
0.1354 0.126 0.2436 1
0.08 0.0742 0.1474172 1
0.1441 0.1416 0.26458014 1
0.1788 0.1775 0.3239183 1
0.0369 0.0365 0.07112555 1
0.0829 0.0779 0.15350189 1
0.0741 0.071 0.138983 1
0.0429 0.0387 0.07902037 1
0.0512 0.0506 0.09831008 1
0.0479 0.0376 0.08278346 1
0.0976 0.0949 0.18242926 1
0.0551 0.0465 0.09813845 1
0.0821 0.0751 0.15019049 1
0.0324 0.0322 0.06262032 1
0.0686 0.0678 0.13088432 1
0.056 0.0538 0.105896 1
0.0837 0.081 0.157084 1
0.3597 0.3524 0.58505282 1
0.0617 0.0583 0.11552189 1
0.0585 0.0542 0.108641 1
0.1275 0.1177 0.22943745 1
0.0679 0.0672 0.12967122 1
0.097 0.0896 0.1770944 1
0.1348 0.1312 0.24757924 1
0.0232 0.0219 0.04363602 1
0.0661 0.0626 0.12368984 1
0.0439 0.038 0.0793127 1
0.0233 0.0216 0.04344062 1
0.0936 0.0908 0.17508452 1
0.0521 0.0391 0.08826011 2
0.026 0.0166 0.0412121 2
0.0776 0.0717 0.14289208 2
0.067 0.0654 0.1271496 1
0.0531 0.045 0.09481649 10
0.0361 0.0325 0.06649435 1
0.0379 0.0344 0.07006754 1
0.0239 0.0194 0.04188028 4
0.0561 0.0511 0.10343989 2
0.0457 0.0395 0.08247905 1
0.0649 0.0547 0.11517226 6
0.0539 0.0528 0.1029623 2
0.0249 0.0229 0.04627659 1
0.0344 0.021 0.053732 1
0.0287 0.0235 0.05057675 1
0.0346 0.0323 0.06484871 2
0.0213 0.0162 0.03619151 2
0.0871 0.0702 0.15034188 1
0.046 0.0434 0.08649319 2
0.0544 0.0527 0.10336442 2
0.0573 0.06 0.11300364 3
0.0381 0.0335 0.06940257 2
0.0428 0.0366 0.07691192 1
0.055 0.0417 0.0935022 1
0.0438 0.0404 0.08151522 2
0.0451 0.0414 0.08371869 2
0.0678 0.0591 0.12201896 2
0.0413 0.0313 0.07037891 1
0.0341 0.029 0.0611732 1
0.0242 0.0217 0.04442001 2
0.0413 0.0413 0.07997591 1
0.0247 0.0234 0.04656918 2
0.0242 0.0188 0.0415871 2
0.0446 0.0378 0.0798054 2
0.0533 0.0414 0.09158708 1
0.0288 0.0183 0.04561906 1
0.0435 0.0349 0.07595925 1
0.0781 0.0756 0.14694912 2
0.034 0.0301 0.0621397 1
0.0324 0.0268 0.05738988 1
0.0483 0.0488 0.09384386 2
0.037 0.0381 0.0727644 1
0.0383 0.0289 0.06515933 1
0.0991 0.0943 0.18324763 2
0.0372 0.0343 0.06929486 2
0.0597 0.0471 0.10309441 2
0.0424 0.0309 0.07106214 1
0.0253 0.0261 0.04979308 2
0.0507 0.0414 0.08909212 1
0.0209 0.016 0.0356015 1
0.0299 0.0249 0.05311456 5
0.0452 0.0431 0.08543918 1
0.082 0.0842 0.1584608 1
0.0473 0.0489 0.09298223 1
0.0661 0.0596 0.12090262 2
0.0268 0.0227 0.04794034 2
0.0446 0.0329 0.07512248 5
0.0504 0.0494 0.09641984 2
0.0273 0.025 0.0506688 1
0.0424 0.0424 0.08208932 2
0.0382 0.023 0.059382 2
0.0434 0.0375 0.0783524 1
0.0501 0.0459 0.09279541 1
0.0301 0.0325 0.06068338 2
0.0143 0.0149 0.02801513 1
0.0265 0.0212 0.04618506 2
0.0326 0.0295 0.0601994 1
0.0304 0.0295 0.05806217 2
0.0572 0.0479 0.10146422 1
0.0745 0.0582 0.1274958 1
0.0479 0.0418 0.08679608 2
0.0571 0.0547 0.10779523 2
0.0667 0.0643 0.12584135 2
0.0451 0.0379 0.08037943 2
0.0472 0.045 0.0891672 1
0.0285 0.024 0.0508675 1
0.0269 0.0239 0.04920689 1
0.0415 0.04 0.0789205 1
0.0409 0.039 0.0773838 1
0.0337 0.0319 0.06358957 1
0.0622 0.0544 0.1123321 2
0.0382 0.0309 0.06698772 1
0.0323 0.0231 0.05370827 1
0.0595 0.059 0.114107 1
0.0185 0.0166 0.03382715 2
0.0352 0.0265 0.0598279 1
0.0592 0.0539 0.10902122 1
0.0472 0.0459 0.09002562 1
0.0922 0.0924 0.17526572 2
0.0574 0.047 0.1008148 3
0.0238 0.0213 0.04363925 5
0.048 0.0464 0.09127082 2
0.0377 0.0367 0.07209149 2
0.0279 0.0164 0.04288574 1
0.0418 0.0306 0.07019232 1
0.0328 0.0295 0.06039387 2
0.0432 0.0348 0.07557843 4
0.0304 0.0282 0.05680032 1
0.0424 0.0419 0.08160674 1
0.023 0.0205 0.0420722 2
0.0416 0.0286 0.06807967 2
0.0407 0.038 0.07623457 4
0.044 0.0371 0.078548 2
0.0429 0.0336 0.07413406 1
0.0321 0.0274 0.05767896 1
0.0307 0.0269 0.05583127 2
0.0318 0.0161 0.04643582 2
0.0376 0.0345 0.06987402 2
0.0385 0.0389 0.07497875 1
0.0254 0.0133 0.03740235 5
0.0373 0.0337 0.06881326 2
0.0408 0.0352 0.07363884 1
0.029 0.0224 0.0498008 1
0.0394 0.035 0.07209512 3
0.0273 0.0259 0.05154639 2
0.0376 0.028 0.06361514 4
0.0289 0.0212 0.04853642 1
0.0555 0.0481 0.10003305 1
0.0416 0.0364 0.07556309 2
0.0382 0.035 0.0709352 1
0.0535 0.0449 0.09509525 1
0.0503 0.0276 0.07558862 1
0.0678 0.0573 0.12033916 1
0.0527 0.0392 0.08892626 2
0.0346 0.0273 0.06001632 1
0.0339 0.0253 0.05740053 1
0.0461 0.0414 0.08467828 2
0.0452 0.0372 0.07979996 1
0.0242 0.0203 0.04305264 3
0.0229 0.0163 0.03786627 4
0.0376 0.0336 0.06900684 1
0.0347 0.0289 0.06165998 2
0.0355 0.016 0.04998274 2
0.0356 0.0277 0.06137765 2
0.0373 0.0323 0.06746661 2
0.0351 0.0342 0.06718068 2
0.0372 0.0264 0.06168052 1
0.0409 0.0354 0.07393682 3
0.0278 0.0259 0.05203419 4
0.0491 0.0379 0.08422511 1
0.0459 0.0273 0.07101913 1
0.0374 0.0319 0.06717524 1
0.0486 0.0429 0.08850806 3
0.0675 0.0611 0.12360335 1
0.0363 0.0256 0.06003198 2
0.045 0.0358 0.0782688 1
0.0336 0.0308 0.06242852 1
0.0288 0.0213 0.04853573 2
0.0305 0.0203 0.04923163 3
0.0244 0.0202 0.04315072 1
0.0278 0.0197 0.04600091 2
0.0405 0.0364 0.07451766 2
0.0636 0.056 0.115157 1
0.0401 0.0335 0.07133303 3
0.048 0.0401 0.08526443 3
0.0256 0.0255 0.04949808 2
0.0285 0.0209 0.04785275 1
0.0385 0.0282 0.06468 1
0.0279 0.0244 0.05067111 3
0.0378 0.0315 0.06717824 2
0.0455 0.0395 0.08228675 1
0.0348 0.0334 0.06610488 1
0.0464 0.0313 0.07532438 1
0.0471 0.0369 0.08134826 4
0.0267 0.0147 0.04004791 1
0.0267 0.0117 0.03712501 1
0.0307 0.0271 0.05602483 1
0.0431 0.0293 0.07020865 2
0.0658 0.0613 0.12219256 1
0.0493 0.0452 0.09136514 1
0.031 0.0224 0.051758 1
0.0484 0.0436 0.08898076 1
0.0455 0.0415 0.08419775 1
0.0334 0.0318 0.06320246 3
0.0445 0.0378 0.07969936 2
0.0225 0.0162 0.03737496 2
0.0333 0.0269 0.05836367 2
0.03 0.026 0.054275 1
0.022 0.0197 0.04031018 2
0.042 0.0362 0.0757568 1
0.0511 0.0403 0.08843107 1
0.0401 0.0332 0.07104098 1
0.0284 0.0206 0.04746296 1
0.0621 0.0549 0.11272976 3
0.0201 0.0171 0.03589257 2
0.0293 0.0254 0.0530104 3
0.04 0.0296 0.0674846 1
0.0459 0.0396 0.08276686 1
0.0658 0.0613 0.12219256 1
0.0439 0.0406 0.08180314 2
0.0413 0.0392 0.07796054 1
0.0451 0.0356 0.07817414 1
0.0408 0.0385 0.0768075 1
0.0301 0.0273 0.05564091 2
0.0425 0.0383 0.07825216 2
0.0212 0.0195 0.0393263 1
0.0289 0.0263 0.05349413 1
0.0341 0.0291 0.06127132 2
0.0261 0.0247 0.04920513 1
0.0339 0.0273 0.05933487 2
0.0395 0.0327 0.06998555 3
0.0376 0.0346 0.06997084 2
0.0443 0.0414 0.08295121 3
0.0362 0.0289 0.06311798 2
0.0358 0.0336 0.06726552 1
0.0329 0.0259 0.05700569 1
0.0349 0.0287 0.06166097 1
0.0402 0.0234 0.06172192 1
0.0364 0.0329 0.06717363 4
0.0354 0.024 0.05760936 2
0.0372 0.0288 0.063995 2
0.0412 0.0356 0.07441063 2
0.0294 0.0219 0.04970644 1
0.0337 0.031 0.062719 1
0.0309 0.028 0.05709294 2
0.0391 0.0274 0.06449561 2
0.0532 0.0439 0.09386218 2
0.0489 0.0419 0.08784338 2
0.032 0.0262 0.05642103 4
0.0321 0.0265 0.05680695 1
0.0422 0.0345 0.0743207 2
0.0307 0.0261 0.05505744 3
0.0371 0.0258 0.06100474 2
0.0392 0.0326 0.06960388 3
0.0417 0.0304 0.06990342 1
0.035 0.0322 0.06514172 4
0.0302 0.0284 0.05679992 1
0.031 0.0281 0.057287 1
0.0317 0.0251 0.05507168 2
0.0347 0.0322 0.0648499 3
0.0356 0.0305 0.0640793 1
0.0272 0.0197 0.04541006 1
0.0329 0.0275 0.05855465 1
0.0355 0.027 0.060603 1
0.0376 0.0317 0.06717638 1
0.0371 0.0324 0.06737314 4
0.032 0.026 0.0562263 2
0.0537 0.0403 0.09094121 2
0.0216 0.014 0.03433233 3
0.0393 0.0279 0.06516973 1
0.0473 0.0345 0.07925073 3
0.0322 0.0216 0.05215938 2
0.0532 0.0387 0.08893206 1
0.0526 0.0492 0.09831327 2
0.04 0.0297 0.0675807 1
0.0431 0.0383 0.07882981 2
0.0434 0.036 0.07691618 2
0.0353 0.0214 0.0550049 2
0.0285 0.0215 0.04843625 1
0.0384 0.0357 0.0718056 3
0.0281 0.0235 0.04999033 2
0.0379 0.0321 0.06785241 1
0.0367 0.0284 0.06312182 1
0.0373 0.0295 0.06476545 1
0.0348 0.0314 0.06417248 1
0.0218 0.012 0.03257122 2
0.0313 0.0294 0.0588469 3
0.0355 0.0326 0.0660098 1
0.0306 0.0274 0.05622059 4
0.0347 0.0297 0.06243284 2
0.0281 0.0231 0.04960589 3
0.0351 0.0345 0.06745957 2
0.0353 0.0223 0.05586949 2
0.0467 0.0437 0.08744906 2
0.0267 0.0163 0.04160679 1
0.0405 0.0318 0.0700852 2
0.0306 0.0283 0.05709236 3
0.0351 0.0219 0.05528777 2
0.044 0.0369 0.07837004 3
0.04 0.0347 0.0723857 1
0.038 0.035 0.07074258 2
0.0315 0.0239 0.05370168 3
0.0415 0.0358 0.0748909 2
0.035 0.0299 0.06291922 2
0.0327 0.0191 0.05022623 1
0.0306 0.0199 0.04894349 5
0.0235 0.0219 0.04392975 1
0.0411 0.037 0.0756571 2
0.0237 0.0237 0.04588543 2
0.0422 0.0357 0.07547036 1
0.0396 0.0351 0.07238424 2
0.0304 0.0232 0.05195052 5
0.0336 0.0309 0.06252706 4
0.0548 0.0526 0.10363832 2
0.0294 0.028 0.0556332 1
0.0322 0.0253 0.05574184 1
0.0348 0.0253 0.0582824 2
0.0344 0.0279 0.0604017 2
0.0426 0.0402 0.08016928 1
0.0418 0.0398 0.07902381 3
0.0244 0.0164 0.03943983 2
0.0416 0.0248 0.06443942 3
0.043 0.0346 0.0751888 1
0.0314 0.0275 0.05709593 2
0.0339 0.033 0.0648472 1
0.0262 0.0222 0.0468674 5
0.0347 0.0301 0.06282086 2
0.0276 0.0236 0.0496017 2
0.0319 0.0161 0.04653341 1
0.038 0.0353 0.07104497 3
0.0377 0.0126 0.04887428 1
0.0367 0.0245 0.05936303 2
0.0414 0.037 0.07594644 2
0.0348 0.0318 0.06455917 2
0.0371 0.028 0.06312762 3
0.0369 0.0296 0.06447356 2
0.0356 0.0317 0.06523996 3
0.0374 0.0347 0.06987464 2
0.0368 0.0255 0.0604229 1
0.0352 0.0223 0.05577154 1
0.0466 0.0326 0.07675904 1
0.0411 0.0395 0.07805615 1
0.0276 0.0217 0.04774938 1
0.032 0.0269 0.05710151 3
0.0284 0.0212 0.04804652 1
0.0359 0.0315 0.06533591 2
0.0422 0.0259 0.06608 2
0.048 0.0282 0.07392242 3
0.0319 0.0206 0.05089436 1
0.0323 0.0274 0.05788704 5
0.043 0.034 0.07461955 4
0.035 0.0297 0.06272461 3
0.0415 0.0137 0.05368565 1
0.052 0.041 0.0899676 2
0.0389 0.0359 0.07247729 1
0.032 0.0291 0.0592293 2
0.0351 0.0216 0.05499754 1
0.0317 0.0293 0.05913119 1
0.032 0.0266 0.05681212 2
0.0306 0.0259 0.05476296 1
0.0361 0.0351 0.06900389 2
0.0346 0.0271 0.05982381 2
0.0314 0.0283 0.05787216 3
0.0399 0.0332 0.0708495 2
0.0392 0.0325 0.0694967 1
0.0338 0.0306 0.0624315 3
0.0294 0.0168 0.04475128 1
0.038 0.0315 0.06737549 3
0.0274 0.0255 0.0512532 1
0.0412 0.0389 0.07759221 5
0.0406 0.0353 0.07354172 1
0.0376 0.0337 0.06910588 3
0.0437 0.0397 0.08075536 4
0.0433 0.0385 0.07921582 4
0.0364 0.0365 0.07064428 3
0.0409 0.0373 0.07575331 2
0.043 0.0333 0.07395236 2
0.034 0.0225 0.05479266 3
0.0432 0.0255 0.06666674 2
0.0298 0.0218 0.05000128 2
0.0308 0.0255 0.05457069 5
0.0359 0.0342 0.0679414 2
0.0376 0.029 0.0645752 1
0.0372 0.0299 0.06505382 1
0.0375 0.033 0.0683389 3
0.0245 0.0134 0.03660904 3
0.0383 0.0295 0.06574631 2
0.0378 0.034 0.06958566 2
0.0303 0.03 0.05845195 3
0.0427 0.0341 0.07442042 2
0.0287 0.0218 0.04892384 1
0.0323 0.0264 0.05690544 2
0.0288 0.0238 0.05096616 1
0.0481 0.0413 0.08650787 4
0.0238 0.0209 0.04324628 1
0.0352 0.0357 0.06871645 3
0.0386 0.0289 0.06545096 1
0.0322 0.0252 0.05564579 3
0.0327 0.0282 0.05903944 2
0.0409 0.0336 0.07220058 2
0.0339 0.0311 0.06301096 2
0.038 0.0334 0.069209 2
0.0404 0.031 0.06921908 2
0.0521 0.0373 0.08654773 3
0.0322 0.0324 0.06262175 2
0.0382 0.0254 0.06169232 1
0.034 0.0238 0.0560476 1
0.0311 0.0243 0.05369867 1
0.025 0.0191 0.0426656 1
0.0442 0.0359 0.07760903 5
0.0394 0.0349 0.07200212 4
0.0377 0.0217 0.05764106 3
0.0347 0.0307 0.06339921 2
0.0375 0.0278 0.0633218 1
0.0256 0.0207 0.04481538 1
0.0387 0.0293 0.06593683 3
0.03 0.0117 0.0403897 1
0.0356 0.0311 0.06465854 1
0.0481 0.037 0.0824044 1
0.0479 0.0314 0.0768745 2
0.0327 0.0276 0.05845678 1
0.041 0.0268 0.065768 1
0.046 0.0292 0.072931 1
0.0316 0.0289 0.05864638 2
0.038 0.0286 0.06458048 2
0.0315 0.023 0.052829 1
0.0451 0.0374 0.07989476 1
0.0319 0.0244 0.05457789 2
0.026 0.0187 0.04326057 3
0.0349 0.0239 0.05702369 1
0.0376 0.0219 0.05773506 1
0.0366 0.0202 0.05511698 2
0.0434 0.0377 0.07854392 1
0.0373 0.035 0.07006619 2
0.0335 0.0238 0.05555918 2
0.0337 0.0275 0.0593337 2
0.034 0.0297 0.0617529 1
0.0471 0.0343 0.07886487 1
0.032 0.0268 0.0570002 1
0.0293 0.0256 0.05320382 1
0.0411 0.0415 0.07998223 3
0.038 0.0319 0.06775697 3
0.0343 0.0237 0.05624409 1
0.0361 0.023 0.05732795 2
0.0353 0.0159 0.04968893 1
0.0385 0.0285 0.06496923 2
0.0367 0.0302 0.0648583 3
0.0481 0.0413 0.08650249 3
0.038 0.0264 0.0624602 1
0.0388 0.0269 0.06372267 3
0.0367 0.0354 0.06987336 2
0.0304 0.0296 0.05815916 1
0.0375 0.0222 0.0579262 1
0.0462 0.038 0.08153371 3
0.0397 0.0293 0.06690479 1
0.0326 0.0271 0.05787524 1
0.0413 0.0321 0.07114667 1
0.0301 0.0283 0.05660557 1
0.0407 0.0167 0.05577689 3
0.0332 0.021 0.0525565 2
0.0449 0.0408 0.08295328 3
0.0349 0.0301 0.06301512 6
0.0324 0.0287 0.05923022 1
0.0447 0.0401 0.08209133 1
0.0428 0.0381 0.07834922 1
0.0363 0.0324 0.06659368 3
0.0372 0.0236 0.05898253 2
0.0322 0.0205 0.0510916 1
0.0278 0.0234 0.04959968 1
0.0369 0.0322 0.06697992 1
0.0337 0.0288 0.06059094 1
0.0397 0.0329 0.07036923 5
0.0425 0.0246 0.06512236 2
0.0378 0.0338 0.06939352 2
0.0312 0.025 0.054477 2
0.041 0.034 0.07268 1
0.0354 0.0301 0.06349896 1
0.0426 0.0352 0.07537826 2
0.041 0.0269 0.065864 1
0.034 0.0299 0.0619463 1
0.0291 0.0261 0.05349732 3
0.0404 0.0335 0.0716195 1
0.0416 0.0282 0.06769622 2
0.0365 0.0353 0.06958235 1
0.0383 0.0345 0.07055445 2
0.0256 0.0236 0.04764404 1
0.0423 0.0335 0.07345775 1
0.0377 0.0195 0.05552105 1
0.0276 0.0203 0.0463868 2
0.0422 0.0333 0.07317164 4
0.0318 0.0167 0.04701758 3
0.0304 0.0132 0.04224132 1
0.0425 0.0312 0.0714467 1
0.0416 0.0273 0.06683222 1
0.0252 0.0217 0.04539906 1
0.0392 0.0245 0.0618023 1
0.0362 0.0268 0.06109184 1
0.0407 0.0282 0.0668225 2
0.0377 0.0321 0.06766019 2
0.0423 0.0332 0.07317325 4
0.0352 0.0337 0.06678175 2
0.0381 0.0302 0.06621668 1
0.0409 0.0308 0.06951221 3
0.0418 0.0381 0.07738632 1
0.0394 0.0222 0.05978592 1
0.0334 0.0295 0.0609766 1
0.0338 0.0311 0.06291336 3
0.036 0.0268 0.060897 1
0.0306 0.0275 0.05631896 2
0.0413 0.0331 0.07210637 1
0.0414 0.0373 0.07623555 5
0.0349 0.0259 0.05895624 2
0.0373 0.0323 0.06746689 2
0.0443 0.0344 0.07625953 4
0.0299 0.0257 0.05388617 1
0.0399 0.0251 0.06306337 3
0.0356 0.029 0.06264391 3
0.0378 0.033 0.06862251 2
0.0402 0.0359 0.07373779 3
0.0452 0.0424 0.08477012 1
0.0336 0.0274 0.05914197 5
0.0389 0.0186 0.05583296 1
0.0432 0.0312 0.07212556 1
0.0383 0.0242 0.06063464 1
0.0366 0.0361 0.0704583 6
0.0317 0.0274 0.05729147 3
0.0483 0.0341 0.07983437 1
0.0375 0.029 0.064478 1
0.0314 0.0177 0.04759232 1
0.0314 0.027 0.05661045 2
0.0379 0.0329 0.06862289 1
0.0333 0.0279 0.05933113 1
0.0365 0.0341 0.06842647 4
0.0267 0.0221 0.0472579 2
0.0362 0.0167 0.05134835 3
0.0428 0.0376 0.07787361 6
0.0401 0.0265 0.06460301 2
0.0384 0.0189 0.05563054 1
0.0408 0.0347 0.0731591 2
0.0339 0.0235 0.05566002 2
0.0426 0.0404 0.0803716 2
0.0349 0.0283 0.06127693 3
0.0355 0.0226 0.05635544 2
0.0323 0.028 0.05846347 4
0.0358 0.0304 0.06418063 2
0.0385 0.0276 0.06410289 3
0.0377 0.0276 0.06332378 1
0.0449 0.0421 0.08420524 6
0.0353 0.0309 0.06417554 3
0.0338 0.0264 0.05836823 2
0.0484 0.0274 0.07354864 1
0.0306 0.0228 0.05175513 4
0.046 0.022 0.06605562 4
0.0515 0.0421 0.09052445 1
0.0457 0.0348 0.07799004 2
0.0359 0.0312 0.0650466 2
0.0349 0.0323 0.06514253 3
0.0328 0.0268 0.05777956 1
0.0378 0.0366 0.07209038 5
0.0336 0.0294 0.06107416 1
0.0394 0.0346 0.07171156 3
0.0371 0.0331 0.06804752 5
0.0342 0.0274 0.05972392 2
0.0387 0.0199 0.05688892 2
0.0359 0.0256 0.05964146 1
0.0404 0.0348 0.07286828 1
0.0377 0.0276 0.0633249 2
0.0374 0.0324 0.06765704 1
0.0328 0.0255 0.0565209 1
0.0394 0.0343 0.07142138 2
0.0424 0.0383 0.07815779 3
0.0465 0.0394 0.08315938 4
0.0422 0.037 0.07671783 4
0.0433 0.0392 0.07989113 4
0.0334 0.0236 0.05526884 2
0.0362 0.0283 0.06254052 4
0.043 0.04 0.080362 1
0.0324 0.0247 0.05535582 1
0.0457 0.0279 0.07139892 2
0.0269 0.0277 0.05290847 1
0.0338 0.0268 0.05875376 1
0.0389 0.0344 0.0710342 2
0.0354 0.026 0.05954 1
0.0441 0.0392 0.08066048 7
0.0435 0.0375 0.07844875 1
0.0342 0.0273 0.05962684 1
0.0363 0.035 0.0691001 2
0.0346 0.0277 0.06040288 1
0.0354 0.0243 0.05790008 2
0.0405 0.0379 0.07594317 2
0.0387 0.0344 0.07084334 2
0.0432 0.0347 0.07547794 2
0.0375 0.0334 0.0687174 1
0.0533 0.0393 0.08959834 3
0.029 0.024 0.051356 1
0.038 0.0305 0.0664085 1
0.035 0.0306 0.0635938 2
0.0395 0.0214 0.0591146 1
0.0333 0.023 0.0545894 1
0.0451 0.0394 0.08181328 2
0.0351 0.031 0.06408043 3
0.0338 0.0278 0.05972246 4
0.0402 0.031 0.06902415 2
0.0504 0.033 0.08082494 2
0.0344 0.0306 0.06301678 4
0.0436 0.0408 0.08170589 3
0.0368 0.0317 0.06640241 2
0.0319 0.0265 0.05661245 2
0.0347 0.0286 0.06136988 1
0.0398 0.0323 0.06988673 2
0.0347 0.029 0.0617564 1
0.0371 0.0226 0.05792208 3
0.0388 0.0289 0.06564794 4
0.0332 0.0291 0.06039518 1
0.0348 0.0236 0.05663944 4
0.0381 0.0361 0.07189779 1
0.0266 0.0181 0.04326224 1
0.0393 0.0346 0.07161726 3
0.0395 0.0267 0.06421055 1
0.0455 0.0409 0.08363357 2
0.0418 0.0372 0.07652304 1
0.0377 0.0371 0.07247705 2
0.0437 0.0348 0.07606088 2
0.0356 0.0227 0.05654966 2
0.0363 0.0336 0.06774922 1
0.0297 0.0281 0.05602223 1
0.0338 0.0238 0.05585216 1
0.0395 0.0318 0.0691142 1
0.0382 0.0333 0.06929845 2
0.0328 0.0229 0.05400366 2
0.0481 0.0237 0.06973131 2
0.0392 0.0228 0.06016745 2
0.0431 0.0375 0.07806385 2
0.0361 0.0367 0.07054693 1
0.0438 0.039 0.08017394 3
0.0398 0.0341 0.07161572 1
0.0415 0.0377 0.07671379 2
0.0418 0.034 0.0734536 1
0.0431 0.0327 0.07346679 3
0.0421 0.0356 0.0752783 2
0.0396 0.0343 0.07161606 5
0.0313 0.032 0.06136104 3
0.0373 0.0277 0.06303091 2
0.033 0.0289 0.0600072 1
0.0415 0.0381 0.07709745 1
0.0365 0.0304 0.0648563 1
0.0418 0.0274 0.06712291 2
0.0408 0.0347 0.07315874 1
0.0454 0.0303 0.07340158 3
0.0398 0.0363 0.07373266 2
0.0408 0.0289 0.06758958 1
0.0411 0.0341 0.07287299 2
0.0391 0.0298 0.06680272 1
0.0448 0.0384 0.08056218 2
0.0462 0.0374 0.08096224 4
0.0423 0.0352 0.07508754 1
0.0349 0.0281 0.06108167 2
0.042 0.0306 0.07038953 3
0.04 0.0336 0.0713286 1
0.041 0.0329 0.071624 1
0.0392 0.0359 0.0727683 3
0.0291 0.0219 0.04941319 2
0.0433 0.0352 0.07605346 2
0.0353 0.0256 0.05905762 2
0.0405 0.0357 0.0738303 2
0.0433 0.0279 0.06906213 1
0.0421 0.0323 0.07211414 2
0.0323 0.0264 0.05690523 3
0.0331 0.024 0.0553617 1
0.0433 0.0386 0.0793142 2
0.0331 0.0186 0.05013504 1
0.0425 0.0297 0.07000895 1
0.0393 0.0219 0.05939962 2
0.04 0.0254 0.0634484 1
0.0357 0.0231 0.05703332 2
0.0433 0.0291 0.07021137 1
0.0433 0.0333 0.07423371 1
0.0491 0.0347 0.08117919 3
0.0373 0.0298 0.06505482 2
0.0393 0.0282 0.06545824 1
0.0361 0.0313 0.06533663 2
0.0381 0.0359 0.07170577 2
0.0391 0.0321 0.0690158 4
0.0463 0.0287 0.07274839 3
0.0404 0.033 0.07114291 2
0.0396 0.0327 0.07008842 2
0.0392 0.0319 0.06892058 2
0.0395 0.0227 0.06036637 3
0.0439 0.0322 0.07376152 1
0.0442 0.0428 0.08419478 3
0.0453 0.0247 0.06795009 1
0.0403 0.0318 0.06989032 2
0.042 0.0278 0.06770264 2
0.0431 0.0325 0.07327385 1
0.0325 0.0287 0.05932785 2
0.0408 0.0304 0.06903189 4
0.0367 0.0362 0.07064338 2
0.0407 0.0369 0.07517477 1
0.0426 0.0377 0.0777776 2
0.0368 0.0316 0.06630452 1
0.0388 0.0333 0.06987956 2
0.0411 0.0315 0.07037695 1
0.0449 0.0399 0.08209283 3
0.0472 0.0373 0.08183094 3
0.037 0.0355 0.07025835 3
0.0352 0.035 0.0680372 1
0.0371 0.0318 0.06678968 3
0.0471 0.0332 0.07781558 1
0.035 0.0288 0.0618548 1
0.0378 0.039 0.07440166 2
0.0433 0.0343 0.07519365 5
0.0529 0.0417 0.09148797 2
0.039 0.0352 0.07190141 3
0.0359 0.0267 0.06070307 1
0.0403 0.0183 0.05692011 1
0.0402 0.0204 0.05883952 1
0.0402 0.0337 0.07162034 5
0.0435 0.0276 0.06897013 2
0.046 0.0413 0.0844929 3
0.0451 0.0441 0.08630198 3
0.0471 0.0318 0.07648038 3
0.0356 0.033 0.06649467 2
0.0433 0.037 0.0777772 1
0.0343 0.0268 0.05924649 5
0.0364 0.028 0.06244602 2
0.0409 0.0346 0.07315936 1
0.0437 0.0287 0.07022464 3
0.0303 0.0277 0.05621815 3
0.0368 0.0274 0.06225488 1
0.0434 0.0369 0.07777784 1
0.0491 0.0452 0.09117843 4
0.0466 0.036 0.08000442 2
0.0502 0.0417 0.08890028 3
0.0464 0.0368 0.08057477 2
0.045 0.0399 0.08219689 4
0.0485 0.0438 0.089267 1
0.0446 0.0381 0.08008284 2
0.0504 0.0413 0.08870954 2
0.0505 0.0457 0.09298943 4
0.0521 0.0392 0.08835645 3
0.0432 0.0397 0.08026708 2
0.0443 0.0382 0.07988924 1
0.0428 0.037 0.07729548 3
0.0475 0.0453 0.08974278 2
0.0482 0.0456 0.09070237 4
0.0468 0.0422 0.08611304 1
0.0452 0.0295 0.07244105 4
0.044 0.0399 0.0812273 1
0.0487 0.0417 0.08745898 4
0.0469 0.0429 0.08688569 3
0.0491 0.0325 0.07908485 1
0.0375 0.0361 0.07131885 1
0.0436 0.0359 0.07701326 1
0.0508 0.0281 0.07655042 1
0.047 0.0434 0.0874496 1
0.043 0.0405 0.08084232 2
0.0366 0.0302 0.06476048 1
0.0446 0.0391 0.08104043 4
0.0455 0.0419 0.08457995 1
0.0414 0.0336 0.07268626 4
0.0483 0.0405 0.08593165 1
0.0451 0.0389 0.08132861 1
0.0485 0.0444 0.08984141 5
0.045 0.0333 0.075879 2
0.0472 0.0405 0.08487534 3
0.0351 0.0333 0.06629863 2
0.039 0.0343 0.07103712 2
0.0474 0.0384 0.08306479 2
0.0448 0.0451 0.08696859 3
0.0485 0.044 0.08945765 3
0.0446 0.0349 0.07702196 1
0.0485 0.0377 0.08346177 3
0.0441 0.0361 0.07768767 3
0.0441 0.0367 0.07826145 2
0.0452 0.0371 0.07970438 1
0.0502 0.0374 0.08481137 4
0.0489 0.0427 0.08860327 2
0.052 0.0426 0.0914792 2
0.0468 0.0403 0.08430422 2
0.0481 0.043 0.0881218 1
0.0432 0.0382 0.07883016 1
0.0486 0.0415 0.08717389 3
0.043 0.0385 0.07892572 2
0.0512 0.0386 0.08691248 1
0.0488 0.044 0.08974468 2
0.0456 0.0419 0.08467674 2
0.0429 0.0384 0.07873294 1
0.0416 0.0301 0.06951944 2
0.0464 0.0304 0.07446619 2
0.0497 0.0479 0.09432218 3
0.0445 0.0351 0.07711665 1
0.0583 0.045 0.09979127 5
0.0489 0.0374 0.08355684 2
0.0478 0.0405 0.08545248 3
0.0482 0.0368 0.08231036 2
0.0517 0.026 0.07543614 2
0.0459 0.0383 0.08152523 1
0.0439 0.0367 0.07806896 3
0.0419 0.0334 0.07297844 2
0.057 0.0529 0.10600923 3
0.0431 0.0355 0.0761494 4
0.0524 0.0375 0.0870239 1
0.0334 0.0289 0.06039604 1
0.043 0.0421 0.08237382 2
0.0484 0.0371 0.08279229 4
0.0464 0.0252 0.06950195 2
0.0435 0.0365 0.07749125 1
0.0478 0.0424 0.08726248 1
0.0445 0.0426 0.08429044 2
0.0473 0.0406 0.08506876 3
0.05 0.0447 0.09155891 2
0.0512 0.0446 0.09261192 3
0.0427 0.0355 0.07576135 1
0.046 0.0366 0.07999841 2
0.0442 0.0368 0.07845373 3
0.0463 0.0372 0.08086014 1
0.041 0.0361 0.0746965 4
0.0416 0.0401 0.07911254 1
0.0491 0.0463 0.09222226 3
0.0477 0.0361 0.08116473 3
0.0495 0.0395 0.08613365 2
0.0431 0.0318 0.07260386 4
0.0514 0.0385 0.08701 1
0.0407 0.0291 0.06768466 2
0.0458 0.0369 0.08009168 1
0.0444 0.0382 0.07998588 2
0.0492 0.0412 0.08746236 1
0.0412 0.0383 0.07700054 1
0.0355 0.034 0.06736163 2
0.0468 0.0382 0.08229754 2
0.0492 0.0454 0.09146022 2
0.0478 0.0412 0.08612024 2
0.0498 0.0459 0.09250894 2
0.0497 0.0482 0.094603 4
0.0452 0.0405 0.08296079 4
0.0463 0.0377 0.08133797 2
0.0452 0.0355 0.0781845 7
0.0575 0.0442 0.09825929 2
0.0582 0.0306 0.08610688 1
0.0489 0.0437 0.08955963 4
0.0468 0.0335 0.07781322 6
0.052 0.0322 0.08160919 2
0.0457 0.0405 0.08344597 3
0.0448 0.0332 0.07559454 4
0.049 0.0366 0.0828912 1
0.044 0.0354 0.07692105 3
0.0466 0.0432 0.08687601 3
0.0491 0.0423 0.08841347 1
0.0456 0.0302 0.07349768 1
0.052 0.0477 0.09632162 4
0.0492 0.0391 0.08546358 1
0.0522 0.0364 0.08578762 2
0.0525 0.0502 0.09917659 3
0.0426 0.0401 0.08007344 1
0.0495 0.039 0.085657 1
0.0447 0.0412 0.08314416 2
0.0478 0.0405 0.08545432 3
0.0529 0.0381 0.08809027 4
0.0486 0.0428 0.08841032 1
0.0449 0.0358 0.07817228 1
0.0463 0.0412 0.08468034 3
0.0414 0.0328 0.07191625 5
0.0452 0.0396 0.08209388 1
0.0441 0.0404 0.08180233 2
0.0519 0.0464 0.09498914 1
0.049 0.026 0.07280022 2
0.0467 0.0258 0.07036826 3
0.0534 0.0402 0.09054653 3
0.0489 0.0356 0.0818427 2
0.0469 0.0369 0.08116146 3
0.0474 0.0417 0.08621152 1
0.0468 0.0431 0.08697182 1
0.0505 0.034 0.08187106 2
0.0447 0.0316 0.07396334 3
0.0481 0.0437 0.08878965 4
0.056 0.0523 0.10447868 2
0.0516 0.0413 0.08986208 3
0.0524 0.0419 0.091199 2
0.0454 0.032 0.07502375 2
0.0491 0.0469 0.09279221 1
0.0414 0.0393 0.07816809 5
0.0544 0.0526 0.10325194 2
0.0468 0.0443 0.08811687 2
0.052 0.0457 0.09442354 2
0.0498 0.0337 0.08090436 2
0.0529 0.0335 0.08371325 1
0.049 0.0442 0.0901264 1
0.0463 0.0396 0.08315142 1
0.0466 0.0251 0.06960104 1
0.0483 0.0403 0.08574357 3
0.0454 0.0373 0.08008893 3
0.0509 0.0409 0.08881289 3
0.0466 0.0314 0.07561376 1
0.0466 0.0386 0.0824858 2
0.0423 0.0391 0.07883381 4
0.0465 0.0339 0.07790305 1
0.0485 0.0457 0.09107735 2
0.0513 0.0421 0.0903447 3
0.0436 0.0397 0.08065152 2
0.0536 0.0464 0.09661261 2
0.045 0.0357 0.07817358 2
0.0536 0.0436 0.09395936 2
0.0492 0.0394 0.08575506 2
0.0608 0.0479 0.10490012 5
0.0548 0.0436 0.0951086 2
0.0422 0.0374 0.07710032 1
0.0458 0.0374 0.08057045 2
0.0479 0.0396 0.08469016 2
0.0471 0.0425 0.08668942 3
0.0436 0.0364 0.07749508 3
0.0526 0.035 0.08484575 2
0.051 0.0504 0.09793036 3
0.0504 0.0401 0.08756867 2
0.0491 0.0426 0.08870307 2
0.0552 0.0475 0.09917982 2
0.0496 0.038 0.0848018 1
0.0437 0.0371 0.07825853 1
0.0493 0.0394 0.08584539 2
0.0494 0.0401 0.08660801 3
0.0501 0.0451 0.09203469 1
0.0492 0.0427 0.08890405 4
0.0487 0.0421 0.08784097 2
0.0469 0.0387 0.08286957 1
0.0452 0.0423 0.08467454 1
0.0463 0.0406 0.08410692 2
0.0449 0.0415 0.08362295 2
0.0478 0.0417 0.08659524 1
0.0508 0.0421 0.08985555 4
0.0497 0.0403 0.08708609 1
0.0603 0.0546 0.11072152 1
0.0468 0.0376 0.08172372 1
0.0506 0.0378 0.08558525 4
0.0439 0.039 0.08026988 2
0.0533 0.0489 0.09869522 3
0.0495 0.0437 0.0901294 3
0.0517 0.0441 0.09261515 3
0.0498 0.0468 0.09336686 2
0.0495 0.0424 0.08889592 3
0.0556 0.0486 0.10060377 2
0.0449 0.0366 0.07893718 2
0.0514 0.0408 0.08919498 2
0.0493 0.0396 0.08603562 1
0.0505 0.0434 0.09080146 2
0.0487 0.0442 0.08984176 2
0.053 0.0405 0.090446 1
0.0501 0.042 0.0890869 1
0.0524 0.0447 0.09385857 2
0.0563 0.052 0.1044833 2
0.0489 0.0337 0.08003379 2
0.0493 0.0399 0.08632221 2
0.0523 0.0383 0.08768651 1
0.0529 0.0469 0.09641983 2
0.0508 0.048 0.09546599 4
0.0505 0.0399 0.08747461 2
0.0511 0.0471 0.09489151 3
0.0506 0.0413 0.08890112 1
0.0508 0.0351 0.08320182 1
0.0522 0.0388 0.08806464 1
0.0502 0.0414 0.08861232 1
0.0507 0.0431 0.09070766 2
0.049 0.049 0.094696 1
0.0505 0.0428 0.09023135 2
0.0515 0.0472 0.0953669 1
0.0494 0.0381 0.08470436 1
0.0484 0.039 0.0845988 1
0.0531 0.0463 0.09604257 2
0.0496 0.0366 0.08346984 1
0.0492 0.0439 0.0900327 2
0.0504 0.0466 0.09374756 3
0.0484 0.0431 0.08850767 3
0.0443 0.0359 0.07769056 5
0.0461 0.0442 0.08735901 4
0.0478 0.0433 0.08812064 2
0.051 0.0446 0.09242282 2
0.0505 0.0426 0.09004153 3
0.0497 0.0448 0.09136708 2
0.0458 0.0405 0.0835304 1
0.0512 0.0375 0.0858703 2
0.0475 0.0368 0.08164204 3
0.0533 0.0401 0.09035567 3
0.0438 0.0375 0.07873784 2
0.0506 0.0373 0.08510106 2
0.0453 0.0402 0.08276344 1
0.0502 0.0434 0.0905143 2
0.0507 0.0467 0.09412871 1
0.0515 0.0445 0.09280424 3
0.05 0.0461 0.09289619 3
0.0435 0.0374 0.078353 1
0.0507 0.0469 0.09431877 1
0.0446 0.0387 0.08065628 1
0.0508 0.0444 0.09203904 2
0.0527 0.0444 0.09385721 4
0.0478 0.0334 0.07868384 3
0.0525 0.0439 0.09319175 2
0.0511 0.0446 0.09251564 1
0.0465 0.0312 0.0753259 1
0.0577 0.0527 0.10646873 2
0.0511 0.0447 0.09261063 1
0.0531 0.0463 0.09604061 3
0.0547 0.0445 0.09586517 2
0.0475 0.037 0.08183162 3
0.0505 0.0415 0.08899737 3
0.0455 0.0393 0.08209565 1
0.0495 0.0415 0.08803635 2
0.0527 0.0436 0.09310253 2
0.0461 0.039 0.0823862 1
0.049 0.0414 0.08746146 3
0.0442 0.0424 0.08381152 1
0.0475 0.0381 0.08287503 2
0.046 0.0389 0.0821945 1
0.0573 0.0512 0.10467743 3
0.0513 0.0445 0.09261745 3
0.0537 0.049 0.0991704 1
0.0505 0.0436 0.090992 3
0.0457 0.0397 0.08267041 2
0.0491 0.0483 0.0941303 4
0.044 0.0404 0.08170596 2
0.0464 0.0372 0.08095652 1
0.0534 0.0432 0.09338872 1
0.0505 0.035 0.082817 1
0.048 0.0411 0.08621551 3
0.0445 0.0398 0.0816122 1
0.0469 0.0413 0.08535023 1
0.048 0.0411 0.0862153 1
0.0568 0.0494 0.1025027 4
0.0536 0.0451 0.09538078 2
0.0499 0.0471 0.09374586 3
0.0566 0.0503 0.10315898 2
0.0486 0.0437 0.08926767 2
0.0533 0.0522 0.10182224 1
0.0521 0.0433 0.09223847 1
0.0484 0.0438 0.08917174 4
0.0544 0.0491 0.09993623 3
0.0466 0.0382 0.08210458 2
0.0428 0.0369 0.07719985 3
0.0524 0.0441 0.09328466 1
0.0482 0.0457 0.09079016 1
0.0492 0.0402 0.0865114 2
0.0591 0.0541 0.10911684 2
0.0526 0.0469 0.09613377 2
0.0474 0.0378 0.08249308 2
0.055 0.0524 0.10362575 2
0.0535 0.0414 0.09177945 2
0.0531 0.0397 0.08978483 2
0.0538 0.0465 0.09689779 2
0.0465 0.0397 0.08344131 2
0.0478 0.0424 0.08726248 1
0.051 0.0408 0.08881143 2
0.052 0.0417 0.090634 3
0.0501 0.0474 0.09422239 2
0.0543 0.0488 0.09955496 4
0.0532 0.0437 0.0936761 2
0.0462 0.04 0.08343908 3
0.0535 0.0357 0.08637925 3
0.0539 0.0461 0.09661631 2
0.0548 0.0447 0.0961499 3
0.0496 0.0406 0.08727544 1
0.0549 0.0486 0.09993664 2
0.0511 0.0453 0.0931812 2
0.0503 0.0439 0.09108664 3
0.055 0.0465 0.098043 1
0.0513 0.0418 0.09004794 2
0.0558 0.0448 0.09720488 2
0.0532 0.0415 0.09158779 4
0.0451 0.033 0.07568892 2
0.0522 0.044 0.09300022 2
0.0545 0.0525 0.10324738 3
0.053 0.0345 0.08475848 3
0.06 0.0477 0.1039462 2
0.0494 0.0486 0.09469651 2
0.0489 0.0458 0.09155482 4
0.0445 0.0352 0.07721825 5
0.0478 0.0438 0.0885976 2
0.0568 0.0469 0.1001393 3
0.0536 0.0469 0.09708566 1
0.0558 0.0341 0.08708612 1
0.0525 0.0439 0.09319065 1
0.0526 0.045 0.09433005 4
0.0509 0.0352 0.08339342 1
0.048 0.0315 0.0770665 1
0.0512 0.0509 0.09859537 3
0.0512 0.0447 0.09270626 1
0.0515 0.0391 0.08768026 5
0.0498 0.0448 0.09146256 1
0.0465 0.0379 0.08172124 3
0.049 0.044 0.089936 1
0.0457 0.0375 0.08056866 2
0.0438 0.0369 0.07816364 3
0.048 0.0407 0.0858341 1
0.0525 0.0491 0.09812411 2
0.0483 0.0434 0.08869768 3
0.0534 0.0472 0.09718022 3
0.051 0.043 0.0909012 2
0.0579 0.051 0.10505566 2
0.0491 0.0461 0.09203073 2
0.0467 0.03 0.0743747 1
0.0522 0.0456 0.09451648 1
0.0509 0.035 0.0832034 1
0.0508 0.0438 0.09146914 3
0.0525 0.0429 0.09224215 1
0.0456 0.0416 0.08438928 2
0.0538 0.0451 0.09557152 1
0.0528 0.0403 0.09006681 3
0.0562 0.0503 0.10277864 1
0.055 0.0505 0.101827 1
0.0498 0.0392 0.08613584 1
0.0527 0.0468 0.09613776 4
0.0559 0.0481 0.10041636 2
0.0494 0.0405 0.08699896 5
0.0495 0.0444 0.09079529 2
0.0541 0.049 0.09955145 2
0.0507 0.0413 0.08899726 3
0.0529 0.0488 0.09822123 3
0.05 0.042 0.088991 1
0.045 0.0425 0.08467494 4
0.051 0.0397 0.08776555 3
0.0499 0.0338 0.08109977 3
0.0457 0.0408 0.08372098 2
0.0467 0.0375 0.0815324 5
0.0454 0.0319 0.07492804 1
0.0598 0.0382 0.09481264 1
0.0483 0.0374 0.08297932 2
0.0531 0.0409 0.09092447 5
0.0487 0.037 0.0829828 1
0.0541 0.0499 0.10040377 3
0.0528 0.0469 0.09632789 2
0.0525 0.0435 0.09281195 2
0.0511 0.0417 0.08976093 1
0.0527 0.0444 0.09386133 4
0.0562 0.0457 0.09843282 2
0.0562 0.0443 0.09710984 1
0.0575 0.0452 0.0992027 1
0.0567 0.0476 0.10070438 1
0.0526 0.0454 0.09470896 1
0.0501 0.0434 0.09042161 7
0.0599 0.0514 0.10733708 4
0.0456 0.0317 0.07493078 1
0.0479 0.0447 0.08955104 3
0.0557 0.051 0.10298251 5
0.0552 0.0504 0.10192529 5
0.0489 0.0428 0.08869814 2
0.0555 0.0392 0.09161835 2
0.0457 0.0439 0.08668237 1
0.0554 0.0416 0.09379336 4
0.0499 0.038 0.08509383 5
0.0519 0.0449 0.09356588 3
0.0471 0.043 0.08716436 3
0.0495 0.04 0.0866085 1
0.05 0.0396 0.08671403 3
0.0533 0.0382 0.08855444 1
0.0537 0.0484 0.09860659 3
0.0601 0.0485 0.10479275 1
0.0454 0.0435 0.0860131 2
0.0561 0.0459 0.09853087 3
0.0518 0.0442 0.09280544 1
0.0554 0.0452 0.09719606 3
0.0549 0.0427 0.09435397 2
0.0567 0.0416 0.09503911 4
0.0535 0.0468 0.09689842 4
0.0525 0.0431 0.09243185 1
0.054 0.0438 0.0945337 3
0.0498 0.0447 0.09136744 1
0.0516 0.0384 0.08710756 1
0.0521 0.0332 0.08265522 3
0.0555 0.0384 0.09086561 5
0.0508 0.0436 0.09127917 4
0.0435 0.0356 0.0766295 1
0.0489 0.0437 0.08955501 3
0.0548 0.0514 0.10249056 3
0.0499 0.0424 0.08927692 3
0.0536 0.0501 0.10011734 1
0.0504 0.0463 0.09346418 2
0.0501 0.0372 0.08452258 1
0.056 0.0485 0.10089009 4
0.0514 0.047 0.09508188 2
0.0536 0.0515 0.10144706 2
0.0502 0.043 0.0901336 1
0.0521 0.0397 0.08882819 6
0.0464 0.0404 0.08401544 2
0.0578 0.0495 0.10354583 3
0.0474 0.046 0.09031297 3
0.0486 0.0443 0.08983892 1
0.0543 0.0498 0.10049896 1
0.0563 0.0509 0.10344053 1
0.0495 0.0438 0.09022849 2
0.0528 0.0379 0.08778922 2
0.052 0.0462 0.0948948 1
0.0451 0.0377 0.08018486 3
0.0563 0.0492 0.10183454 1
0.0568 0.0494 0.10249928 1
0.0429 0.0395 0.07978685 1
0.0496 0.0487 0.09498418 2
0.0547 0.0453 0.09662607 4
0.0576 0.0418 0.09609137 3
0.0518 0.0359 0.08492708 1
0.0457 0.0424 0.08524993 3
0.052 0.0521 0.1004939 1
0.0541 0.0471 0.09775209 1
0.0532 0.0492 0.09888396 1
0.0525 0.0453 0.09451855 1
0.051 0.0488 0.09641 1
0.054 0.0427 0.0934899 1
0.0491 0.0432 0.08927578 3
0.0584 0.0465 0.1012914 2
0.0525 0.0429 0.09224215 1
0.0529 0.0475 0.09698758 3
0.0447 0.0419 0.08381267 1
0.0522 0.0457 0.09461358 3
0.0544 0.0454 0.09642904 1
0.0512 0.0321 0.08073886 2
0.0537 0.0473 0.09755999 1
0.0548 0.0377 0.0895259 2
0.047 0.0411 0.08525703 3
0.0472 0.0405 0.08487511 2
0.0477 0.046 0.0905986 2
0.0522 0.0327 0.08227696 1
0.0485 0.0427 0.08822152 3
0.0545 0.0474 0.09842315 4
0.05 0.0473 0.09403154 2
0.0542 0.0493 0.09993044 1
0.0629 0.054 0.11261966 2
0.0484 0.0425 0.0879329 1
0.0487 0.0363 0.08231878 4
0.0563 0.051 0.10353875 3
0.0517 0.0448 0.09328317 3
0.0519 0.0471 0.0956539 2
0.0572 0.051 0.10439005 2
0.0522 0.046 0.094896 1
0.0491 0.0439 0.08994157 3
0.0563 0.0457 0.09852809 1
0.0573 0.0488 0.1024126 3
0.0526 0.0461 0.09537311 2
0.0515 0.0483 0.09641657 3
0.0498 0.044 0.09070204 3
0.053 0.0486 0.09812711 3
0.0518 0.0463 0.09479926 3
0.0535 0.0486 0.098602 2
0.0547 0.0514 0.10239352 1
0.0519 0.0449 0.09356549 1
0.0513 0.0457 0.09375159 1
0.0553 0.0437 0.09568765 4
0.0511 0.0452 0.09308558 1
0.053 0.0495 0.098978 1
0.0537 0.0493 0.09946191 3
0.0511 0.046 0.0938455 1
0.0566 0.0534 0.10608656 1
0.0501 0.0423 0.08937217 1
0.0581 0.053 0.10713175 3
0.0522 0.0491 0.09783728 1
0.0503 0.0417 0.08899359 2
0.0519 0.0453 0.09394513 1
0.0583 0.0402 0.09525418 2
0.0545 0.0503 0.10116487 4
0.0547 0.0465 0.09775773 2
0.056 0.0525 0.104668 2
0.0518 0.0399 0.08872448 2
0.0497 0.0294 0.07671693 2
0.053 0.0451 0.0948086 3
0.0552 0.053 0.1043816 1
0.0465 0.0413 0.0849665 2
0.055 0.0527 0.1039082 1
0.0553 0.0497 0.10135729 2
0.0536 0.045 0.0952856 1
0.0552 0.0492 0.10078767 2
0.0512 0.045 0.09299189 3
0.0542 0.0423 0.09330284 1
0.0504 0.0398 0.08728328 1
0.0551 0.0454 0.09710283 3
0.0545 0.0502 0.10106935 3
0.0571 0.0477 0.10118129 2
0.0573 0.0489 0.10250479 3
0.0533 0.0442 0.09424403 4
0.0494 0.037 0.08365777 2
0.0483 0.0393 0.08478841 1
0.0582 0.0407 0.09562916 1
0.0582 0.0529 0.10713132 1
0.0513 0.0436 0.09175734 2
0.0563 0.0463 0.09909611 2
0.0487 0.0479 0.09336287 1
0.0583 0.0474 0.10204128 1
0.0514 0.0448 0.09299386 3
0.0528 0.0403 0.09006961 5
0.0576 0.049 0.10288353 2
0.0495 0.0458 0.0921272 1
0.0585 0.0548 0.10920716 5
0.0527 0.0473 0.09660955 3
0.0422 0.0341 0.07393628 1
0.0574 0.0524 0.10590128 2
0.055 0.0497 0.10107456 3
0.0504 0.0421 0.08948071 2
0.0483 0.0354 0.08107288 1
0.0598 0.0557 0.11128415 2
0.053 0.0471 0.0967028 1
0.054 0.0492 0.0996454 1
0.0529 0.0438 0.09347882 2
0.0515 0.0403 0.0888163 3
0.058 0.0495 0.1037355 1
0.0586 0.053 0.1076048 1
0.0604 0.0473 0.10394998 2
0.0578 0.0485 0.10260242 3
0.0534 0.0389 0.08931404 1
0.055 0.0534 0.10457289 4
0.0488 0.0432 0.08898284 1
0.0548 0.037 0.08886341 2
0.0555 0.051 0.102775 1
0.0535 0.0463 0.09642175 1
0.0511 0.0478 0.09555682 2
0.05 0.0491 0.09574343 2
0.0529 0.0466 0.09613336 1
0.0559 0.0484 0.10070182 3
0.0588 0.0519 0.10675798 1
0.0504 0.0243 0.07254934 2
0.0522 0.0493 0.09802704 1
0.0523 0.044 0.09309445 2
0.0514 0.0448 0.09299248 1
0.053 0.0451 0.0948145 2
0.0567 0.0548 0.1075034 2
0.0504 0.0438 0.09108788 2
0.0561 0.0451 0.09777282 2
0.0535 0.0431 0.09338975 1
0.0583 0.0486 0.10317252 1
0.0553 0.037 0.0893452 1
0.0526 0.0477 0.09689842 2
0.0505 0.0443 0.09165681 2
0.0524 0.0451 0.09423368 2
0.0585 0.0505 0.10515396 2
0.0536 0.0481 0.09822322 2
0.0541 0.0276 0.07928754 1
0.0549 0.0485 0.09984003 2
0.0586 0.0552 0.10967898 2
0.0565 0.0487 0.10156519 4
0.0559 0.0448 0.0972954 2
0.0595 0.0513 0.10685745 1
0.0535 0.0528 0.1025805 1
0.0545 0.0503 0.10116365 5
0.0588 0.0463 0.10148214 2
0.0578 0.0468 0.10099917 3
0.0573 0.0504 0.10391878 1
0.049 0.0382 0.0844144 1
0.0539 0.046 0.09652455 3
0.0644 0.0561 0.11600904 2
0.0581 0.0481 0.10251198 4
0.0475 0.0382 0.0829702 1
0.0605 0.0535 0.10987952 6
0.0543 0.0368 0.08819186 1
0.0545 0.0472 0.09822864 4
0.0484 0.0398 0.08536088 1
0.0591 0.0415 0.09724695 1
0.0584 0.0453 0.10015774 2
0.0529 0.0408 0.09063441 2
0.0518 0.0487 0.09707684 1
0.0539 0.0418 0.09254168 1
0.0545 0.0484 0.09936912 3
0.0557 0.0501 0.10211462 2
0.0601 0.0299 0.08729201 1
0.0578 0.0496 0.10363952 1
0.0547 0.0407 0.09226811 1
0.0521 0.0451 0.09394674 2
0.0552 0.0484 0.10003175 4
0.0483 0.0442 0.08945879 3
0.0573 0.0449 0.09872965 3
0.0573 0.0509 0.10439063 1
0.0562 0.0452 0.09796085 2
0.0552 0.0509 0.10239638 3
0.0494 0.0441 0.09041545 4
0.0477 0.0424 0.08716662 1
0.052 0.049 0.09755218 2
0.0509 0.0413 0.08918903 1
0.0548 0.05 0.10116493 4
0.0534 0.0504 0.10021144 1
0.0534 0.0388 0.08921928 1
0.0584 0.0449 0.0997815 2
0.0566 0.0434 0.09664256 1
0.0536 0.0419 0.09234866 1
0.0563 0.0498 0.10240136 1
0.0592 0.0567 0.11166367 4
0.0507 0.045 0.0925132 1
0.052 0.0441 0.09290192 2
0.0558 0.047 0.09927922 2
0.0546 0.0504 0.10135216 1
0.0522 0.0461 0.09499088 1
0.0549 0.0482 0.09955642 4
0.0508 0.0496 0.09698044 2
0.0532 0.0514 0.10096928 3
0.0518 0.0445 0.0930902 1
0.0602 0.046 0.10253733 2
0.0545 0.0522 0.102962 2
0.0519 0.0461 0.09471143 3
0.0519 0.0497 0.09812117 1
0.0513 0.0348 0.08339986 1
0.056 0.0507 0.1029665 1
0.0543 0.0457 0.09661756 2
0.057 0.0536 0.1066544 1
0.0551 0.051 0.10239734 5
0.0547 0.0528 0.10371834 1
0.054 0.0468 0.09737518 3
0.0579 0.0507 0.10477212 2
0.0562 0.05 0.1024952 1
0.0509 0.0482 0.09574736 2
0.0499 0.037 0.0841396 1
0.0508 0.0474 0.09488928 1
0.0533 0.0418 0.09196616 1
0.0534 0.0505 0.10031134 3
0.0544 0.047 0.09794439 4
0.0555 0.0393 0.09171367 2
0.05 0.0416 0.08861072 2
0.0616 0.0511 0.10866397 2
0.0578 0.0565 0.11014788 3
0.0599 0.0528 0.10864898 1
0.0619 0.0497 0.10763553 5
0.0581 0.0441 0.09874153 3
0.0601 0.052 0.1080859 1
0.0545 0.0526 0.1033394 1
0.0594 0.0561 0.11128224 2
0.0469 0.0365 0.08077055 1
0.0478 0.0421 0.08697708 2
0.0534 0.0415 0.09177784 2
0.059 0.0498 0.1049696 1
0.0533 0.05 0.09973737 2
0.0501 0.0408 0.08794582 1
0.058 0.0518 0.10591001 2
0.0481 0.0408 0.0860259 2
0.0473 0.0466 0.09078872 1
0.057 0.0497 0.10297635 6
0.0555 0.0511 0.10286983 2
0.0578 0.0533 0.10712937 2
0.0579 0.0503 0.10439483 1
0.0541 0.0469 0.09756271 1
0.0592 0.0474 0.10290902 2
0.0588 0.0519 0.10675806 2
0.0586 0.0511 0.10581424 1
0.0563 0.0518 0.10429286 4
0.0539 0.05 0.1003079 1
0.0549 0.0511 0.10229999 4
0.0586 0.0468 0.10176192 1
0.0584 0.0472 0.10195051 3
0.0526 0.0478 0.09698524 2
0.0619 0.0531 0.11082796 4
0.0568 0.0497 0.10278254 1
0.049 0.0388 0.0849856 1
0.0473 0.0451 0.08935877 3
0.0607 0.0473 0.10423597 2
0.0512 0.047 0.0948908 1
0.0531 0.0489 0.09850464 2
0.0589 0.0535 0.10836113 2
0.0537 0.0513 0.10134919 1
0.0532 0.0448 0.0947198 5
0.0521 0.0445 0.09337715 1
0.0543 0.0476 0.09841819 4
0.0544 0.0503 0.10106753 3
0.0614 0.051 0.10838206 3
0.0519 0.0411 0.08995902 2
0.0563 0.0456 0.09843386 2
0.0554 0.0484 0.10022272 3
0.0566 0.0476 0.10061224 2
0.0587 0.0534 0.10807662 2
0.0547 0.0495 0.10059672 3
0.0544 0.0501 0.10087826 2
0.0528 0.0431 0.09271922 1
0.0554 0.0469 0.09880344 2
0.0584 0.0519 0.10638194 2
0.0554 0.0466 0.09851978 2
0.0556 0.0481 0.10012938 4
0.0589 0.0524 0.10732457 3
0.0532 0.0458 0.09566579 3
0.0552 0.044 0.09587722 3
0.0541 0.0453 0.09605465 3
0.0603 0.0545 0.11062745 1
0.0598 0.0442 0.10045985 2
0.0531 0.0502 0.09973733 3
0.0542 0.0484 0.09907832 1
0.0555 0.0385 0.09095643 2
0.0583 0.0474 0.10204227 2
0.0569 0.0525 0.10552127 2
0.0548 0.0512 0.1023005 2
0.0597 0.0523 0.10799289 4
0.0584 0.0516 0.10609556 1
0.047 0.0362 0.08058119 2
0.0592 0.0471 0.10261752 2
0.0592 0.0461 0.10167543 2
0.0591 0.0472 0.10261578 1
0.0528 0.0482 0.09755678 4
0.0593 0.0428 0.09866341 2
0.0576 0.0515 0.1052417 1
0.056 0.0455 0.0980525 1
0.0548 0.0531 0.10409915 5
0.0546 0.0399 0.09141549 4
0.0572 0.0491 0.10259897 3
0.0524 0.047 0.09603566 2
0.058 0.0422 0.09685172 2
0.06 0.0457 0.1020627 1
0.0532 0.0522 0.10172736 1
0.0527 0.0465 0.09584765 1
0.0562 0.0455 0.0982436 1
0.0482 0.0443 0.08945624 1
0.0532 0.0442 0.09414496 1
0.0577 0.0403 0.09477169 1
0.0503 0.0506 0.09745552 2
0.0523 0.0393 0.08863521 1
0.0526 0.0466 0.09584734 2
0.0526 0.0471 0.09632124 1
0.0514 0.0483 0.09631626 2
0.0544 0.0473 0.09822977 3
0.061 0.0475 0.10471 1
0.0517 0.0395 0.08824894 4
0.051 0.0342 0.0825431 2
0.0576 0.0535 0.10712853 2
0.0558 0.0475 0.0997518 1
0.0591 0.0499 0.10515893 2
0.0561 0.0368 0.08992742 1
0.0573 0.0467 0.10042709 1
0.0622 0.0435 0.102099 1
0.0577 0.0473 0.10137899 2
0.0553 0.0477 0.09946619 4
0.0545 0.0486 0.09955352 2
0.0479 0.028 0.0736337 1
0.0589 0.0525 0.10742243 4
0.0579 0.048 0.10222618 2
0.0586 0.0483 0.10317804 5
0.0511 0.043 0.0909958 1
0.0587 0.0439 0.09912561 3
0.0461 0.0423 0.08553836 2
0.0523 0.04 0.0892993 1
0.0444 0.0374 0.07922024 1
0.0601 0.0516 0.10771196 4
0.0576 0.0425 0.09675131 2
0.06 0.0539 0.10978165 2
0.0509 0.043 0.0908042 1
0.0557 0.0507 0.10268163 4
0.0517 0.0457 0.09413371 1