0.0844 0.083 0.1595612 1
0.0375 0.0369 0.07208965 1
0.2114 0.2067 0.37382072 1
0.1801 0.1734 0.32162316 1
0.0771 0.0751 0.14556099 1
0.1799 0.1749 0.32268929 1
0.1478 0.1439 0.26972228 1
0.0863 0.0836 0.16185422 1
0.0777 0.0677 0.13928411 1
0.2242 0.2232 0.39680496 1
0.2355 0.2296 0.4104933 1
0.0652 0.059 0.1194764 1
0.0273 0.0259 0.05154513 1
0.0325 0.0313 0.06184555 1
0.0812 0.0771 0.15119678 1
0.165 0.1639 0.3011844 1
0.0777 0.0751 0.14611653 1
0.0543 0.0524 0.10296038 1
0.0398 0.0384 0.07574888 1
0.0508 0.0502 0.09754984 1
0.1278 0.123 0.2343304 1
0.0897 0.0824 0.16387982 1
0.3457 0.3447 0.57092661 1
0.1472 0.1414 0.26707352 1
0.0494 0.0482 0.09431552 1
0.1108 0.1093 0.20720866 1
0.1373 0.1351 0.25312217 1
0.0844 0.0833 0.15983618 1
0.1211 0.121 0.226688 1
0.0811 0.0804 0.15414006 1
0.0889 0.0873 0.16761423 1
0.0508 0.0436 0.09127852 1
0.0171 0.0171 0.03294079 1
0.0357 0.0352 0.06871326 1
0.0524 0.052 0.1007786 1
0.0684 0.0674 0.13032464 1
0.049 0.0431 0.0890792 1
0.2212 0.2141 0.38737538 1
0.0916 0.0906 0.17308224 1
0.057 0.0551 0.1080704 1
0.0551 0.041 0.092936 1
0.1506 0.1505 0.2777348 1
0.1342 0.126 0.24255 1
0.1379 0.1348 0.25338278 1
0.0514 0.051 0.09888 1
0.0462 0.0429 0.08620612 1
0.076 0.0724 0.142045 1
0.1155 0.1121 0.21387905 1
0.0603 0.0598 0.11561316 1
0.0158 0.0138 0.02841056 1
0.061 0.0568 0.113452 1
0.1037 0.101 0.19343 1
0.0325 0.0321 0.06262035 1
0.2137 0.2123 0.38005649 1
0.2662 0.2642 0.45959936 1
0.067 0.0638 0.1256552 1
0.0771 0.0754 0.14583816 1
0.0778 0.0668 0.13854656 1
0.0283 0.0252 0.05183934 1
0.0376 0.0336 0.06900684 1
0.1497 0.1439 0.27135077 1
0.063 0.0598 0.1181544 1
0.109 0.0998 0.1971296 1
0.1008 0.0994 0.18937968 1
0.0885 0.0867 0.16670125 1
0.0767 0.076 0.1460225 1
0.0829 0.0812 0.15653162 1
0.0218 0.02 0.0404048 1
0.0719 0.069 0.1350788 1
0.0772 0.0761 0.14657738 1
0.1785 0.1721 0.31922975 1
0.1354 0.126 0.2436 1
0.08 0.0742 0.1474172 1
0.1441 0.1416 0.26458014 1
0.1788 0.1775 0.3239183 1
0.0369 0.0365 0.07112555 1
0.0829 0.0779 0.15350189 1
0.0741 0.071 0.138983 1
0.0429 0.0387 0.07902037 1
0.0512 0.0506 0.09831008 1
0.0479 0.0376 0.08278346 1
0.0976 0.0949 0.18242926 1
0.0551 0.0465 0.09813845 1
0.0821 0.0751 0.15019049 1
0.0324 0.0322 0.06262032 1
0.0686 0.0678 0.13088432 1
0.056 0.0538 0.105896 1
0.0837 0.081 0.157084 1
0.3597 0.3524 0.58505282 1
0.0617 0.0583 0.11552189 1
0.0585 0.0542 0.108641 1
0.1275 0.1177 0.22943745 1
0.0679 0.0672 0.12967122 1
0.097 0.0896 0.1770944 1
0.1348 0.1312 0.24757924 1
0.0232 0.0219 0.04363602 1
0.0661 0.0626 0.12368984 1
0.0439 0.038 0.0793127 1
0.0233 0.0216 0.04344062 1
0.0936 0.0908 0.17508452 1
0.0521 0.0409 0.08996111 1
0.0259 0.0166 0.04111374 3
0.0776 0.0717 0.14289208 2
0.067 0.0654 0.1271496 1
0.0524 0.045 0.09413902 3
0.0361 0.0325 0.06649435 1
0.0379 0.0344 0.07006754 1
0.0239 0.0194 0.0418817 2
0.0609 0.0517 0.10856307 1
0.0457 0.0395 0.08247905 1
0.0626 0.052 0.1104584 1
0.0476 0.0482 0.09260089 2
0.0249 0.0229 0.04627659 1
0.0342 0.021 0.0535363 2
0.0287 0.0235 0.05057675 1
0.0346 0.0323 0.06484871 2
0.0213 0.0158 0.03579996 2
0.0871 0.0702 0.15034188 1
0.046 0.0434 0.08649319 2
0.0544 0.0548 0.10535193 2
0.0573 0.06 0.11300364 3
0.0411 0.0335 0.07230027 2
0.0479 0.0414 0.08640551 2
0.055 0.0417 0.0935022 1
0.0438 0.0404 0.08151522 2
0.0451 0.0414 0.08371869 2
0.066 0.0589 0.12013662 2
0.0413 0.0313 0.07037891 1
0.0391 0.0334 0.07026556 1
0.0242 0.0217 0.04442001 2
0.0443 0.0419 0.08342917 2
0.0247 0.0234 0.04656918 2
0.0242 0.0188 0.0415871 2
0.0447 0.0378 0.07990652 3
0.0541 0.0481 0.098739 5
0.0288 0.0183 0.04561906 1
0.0435 0.0349 0.07595925 1
0.0781 0.0756 0.14694912 2
0.034 0.0301 0.0621397 1
0.0324 0.0268 0.05738988 1
0.0483 0.0496 0.09460362 2
0.037 0.0381 0.0727644 1
0.0334 0.0253 0.05691268 1
0.0991 0.0943 0.18324759 3
0.0372 0.0343 0.06929486 2
0.0597 0.0444 0.10056775 3
0.0424 0.0309 0.07106214 1
0.0342 0.0317 0.06388076 1
0.0507 0.0414 0.08909212 1
0.0219 0.0162 0.03678232 1
0.0308 0.0249 0.05398963 4
0.0452 0.0431 0.08543918 1
0.082 0.0842 0.1584608 1
0.0469 0.048 0.0917427 1
0.0619 0.052 0.1097941 1
0.0268 0.0227 0.04794034 2
0.0446 0.0329 0.07512248 5
0.0532 0.0519 0.1014459 3
0.0272 0.025 0.05057129 2
0.0424 0.0424 0.08208932 2
0.0382 0.023 0.059382 2
0.045 0.0404 0.08267135 2
0.0498 0.0459 0.09250996 2
0.0301 0.0325 0.06068338 2
0.0143 0.0149 0.02801513 1
0.0268 0.0212 0.04647888 2
0.0326 0.0295 0.0601994 1
0.025 0.0232 0.0466672 1
0.0627 0.0499 0.10858673 4
0.0762 0.06 0.1307632 1
0.0479 0.0418 0.08679608 2
0.0562 0.0524 0.10476272 1
0.0637 0.0602 0.11918832 2
0.0461 0.0358 0.07933192 2
0.0472 0.045 0.0891672 1
0.0285 0.024 0.0508675 1
0.0269 0.0239 0.04920689 1
0.0415 0.04 0.0789205 1
0.0409 0.039 0.0773838 1
0.0337 0.0311 0.06281573 1
0.0622 0.0544 0.1123321 2
0.037 0.0301 0.06505473 4
0.0323 0.0231 0.05370827 1
0.0595 0.059 0.114107 1
0.0184 0.016 0.033139 1
0.035 0.0257 0.0588602 1
0.0592 0.0539 0.10902122 1
0.0472 0.0459 0.09002562 1
0.0922 0.0895 0.17264208 3
0.0574 0.047 0.1008148 3
0.0238 0.0213 0.04363925 5
0.048 0.0464 0.09127072 3
0.0377 0.0367 0.07209149 2
0.0279 0.0164 0.04288574 1
0.0418 0.0306 0.07019232 1
0.0328 0.0295 0.06039387 2
0.043 0.0407 0.0810329 4
0.0305 0.0307 0.05932403 2
0.0424 0.0419 0.08160674 1
0.0245 0.0205 0.04354175 1
0.0416 0.0286 0.06807967 2
0.0407 0.0372 0.07546576 2
0.0468 0.0407 0.08468174 1
0.0429 0.0312 0.07183894 2
0.0379 0.0321 0.06785257 2
0.0302 0.0266 0.05505248 1
0.0308 0.0144 0.04380068 1
0.0376 0.0345 0.06987402 2
0.0383 0.0348 0.07083926 1
0.025 0.0133 0.03700855 6
0.0357 0.0315 0.06515103 3
0.0408 0.0352 0.07363884 1
0.0289 0.0235 0.05077295 2
0.0394 0.035 0.07209512 3
0.0242 0.0209 0.04363832 1
0.0376 0.0287 0.06428761 4
0.0296 0.0227 0.05067972 2
0.049 0.047 0.092792 1
0.0408 0.0362 0.07459904 1
0.0382 0.035 0.0709352 1
0.0535 0.0449 0.09509525 1
0.0489 0.0276 0.07422642 2
0.0678 0.0573 0.12033916 1
0.0527 0.0395 0.08920955 1
0.0421 0.0354 0.07508974 4
0.037 0.0271 0.0621604 1
0.0446 0.0409 0.08276036 1
0.0452 0.0372 0.07979996 1
0.0242 0.0203 0.04305264 3
0.023 0.017 0.0386483 3
0.0382 0.0346 0.07055645 3
0.0347 0.0289 0.06165998 2
0.0333 0.0153 0.04713811 1
0.0355 0.0277 0.06128029 2
0.0368 0.0295 0.06428144 3
0.0326 0.0325 0.0631182 2
0.0372 0.0264 0.06168052 1
0.0409 0.0382 0.07662311 4
0.0278 0.0255 0.05164388 2
0.0491 0.0379 0.08422511 1
0.0419 0.0219 0.06194519 1
0.0327 0.0319 0.06263912 5
0.0486 0.0429 0.08850806 3
0.0625 0.0512 0.1096127 1
0.0363 0.0256 0.06003198 2
0.0438 0.034 0.0753876 1
0.0328 0.0308 0.0616534 2
0.0283 0.0211 0.04785181 2
0.0305 0.0203 0.04923163 3
0.0231 0.0181 0.03982209 1
0.0232 0.0161 0.03796478 1
0.0428 0.0364 0.07672579 2
0.0662 0.0589 0.12032492 1
0.0401 0.0335 0.07133303 3
0.048 0.0401 0.08526443 3
0.024 0.0241 0.0465687 1
0.0277 0.0204 0.04658202 1
0.0381 0.0272 0.06332798 1
0.0286 0.0219 0.04892343 2
0.0376 0.0315 0.06698424 2
0.0455 0.0395 0.08228675 1
0.0346 0.0315 0.0640752 1
0.0484 0.035 0.0807884 1
0.0462 0.0369 0.08048177 4
0.0267 0.0147 0.04004791 1
0.0269 0.0119 0.03751769 1
0.0307 0.0271 0.05602483 1
0.0431 0.0293 0.07020865 2
0.0616 0.0585 0.1156167 2
0.0446 0.0385 0.08046532 2
0.031 0.0224 0.051758 1
0.0484 0.0491 0.09422006 1
0.0455 0.0415 0.08419775 1
0.0341 0.0324 0.06446282 2
0.0445 0.0378 0.07969992 2
0.0225 0.0162 0.03737496 2
0.0333 0.0258 0.05730019 3
0.0291 0.0245 0.05193965 1
0.022 0.0197 0.04031018 2
0.042 0.0362 0.0757568 1
0.0546 0.0455 0.0967148 1
0.0401 0.0332 0.07104098 1
0.0284 0.0206 0.04746296 1
0.0652 0.055 0.1157332 1
0.0259 0.0232 0.04754733 2
0.0293 0.0254 0.0530104 3
0.04 0.0296 0.0674846 1
0.0442 0.0366 0.07826208 1
0.0658 0.0613 0.12219256 1
0.0462 0.0406 0.08401178 2
0.0393 0.0382 0.07507764 3
0.0449 0.0385 0.08075375 1
0.0408 0.0385 0.0768075 1
0.0253 0.0266 0.05027792 1
0.0425 0.0383 0.07825216 2
0.0193 0.0178 0.03579256 1
0.0289 0.0263 0.05349413 1
0.0334 0.0308 0.06224648 5
0.0226 0.0193 0.04050508 2
0.0407 0.0325 0.07094945 1
0.038 0.0315 0.0673778 4
0.0332 0.0293 0.06058874 1
0.0392 0.0365 0.0733439 1
0.0284 0.0224 0.04921378 2
0.0355 0.0337 0.06707593 2
0.0315 0.0259 0.055641 4
0.0376 0.0317 0.06717766 5
0.0392 0.0231 0.06045578 1
0.0361 0.0338 0.06774928 4
0.0362 0.0231 0.05752208 1
0.0403 0.0315 0.06960135 1
0.0412 0.0356 0.07441063 2
0.0248 0.0189 0.0422743 2
0.0337 0.031 0.062719 1
0.0309 0.028 0.05709294 2
0.0389 0.0295 0.06632016 2
0.0532 0.0446 0.09452427 2
0.05 0.0383 0.0854723 1
0.0311 0.0264 0.05574188 3
0.0311 0.0266 0.05592944 1
0.0377 0.0364 0.07180571 3
0.0305 0.0261 0.05486299 2
0.0371 0.0258 0.06100474 2
0.0403 0.0304 0.06854458 1
0.0418 0.0353 0.07471464 2
0.0334 0.0285 0.06001333 3
0.0289 0.0303 0.05738253 1
0.0267 0.0231 0.04823203 1
0.0217 0.0159 0.03629181 3
0.0344 0.03 0.0624314 1
0.0359 0.0313 0.06514253 1
0.0272 0.0197 0.04541006 1
0.0329 0.0275 0.05855465 1
0.0345 0.0276 0.06021059 3
0.0358 0.0302 0.06398399 3
0.0371 0.0324 0.06737314 4
0.0302 0.0212 0.04981016 1
0.0537 0.0403 0.09094121 2
0.0225 0.0152 0.0363947 1
0.0393 0.0279 0.06516973 1
0.046 0.0329 0.07646553 3
0.0366 0.025 0.05974653 2
0.0411 0.0312 0.07009258 3
0.0524 0.0482 0.09717392 1
0.04 0.0283 0.0662353 1
0.0438 0.0378 0.07902761 4
0.04 0.0327 0.0704637 1
0.0386 0.0234 0.06015914 5
0.0275 0.0212 0.0471647 1
0.0361 0.0326 0.06659196 2
0.0281 0.0231 0.04960197 3
0.0395 0.0329 0.07017203 2
0.0326 0.0279 0.05865226 2
0.036 0.029 0.06302 1
0.0351 0.0329 0.06591461 4
0.0227 0.0123 0.03375479 1
0.0313 0.0294 0.05884326 2
0.0353 0.0317 0.06494699 1
0.0291 0.0248 0.05223144 3
0.036 0.0297 0.0636955 1
0.0288 0.0231 0.0502909 4
0.0383 0.0341 0.07016537 1
0.0325 0.0211 0.05196889 2
0.0454 0.0428 0.08535365 3
0.0267 0.0163 0.04160679 1
0.0385 0.0321 0.06843387 2
0.0302 0.0283 0.05670415 3
0.0344 0.0197 0.05247564 2
0.032 0.0278 0.0579692 1
0.0376 0.0321 0.06756174 1
0.0346 0.0329 0.06542816 1
0.0328 0.0237 0.05477849 4
0.0432 0.0375 0.07816088 3
0.0406 0.0347 0.07296548 1
0.0309 0.0187 0.04807077 1
0.0299 0.0186 0.04699142 2
0.0235 0.0219 0.04392975 1
0.0416 0.0362 0.07537228 2
0.0279 0.0256 0.05184485 6
0.0449 0.0382 0.08046692 1
0.0391 0.0345 0.07132365 1
0.0329 0.0262 0.05729827 3
0.0338 0.0304 0.06223625 3
0.0517 0.0529 0.10096867 1
0.0309 0.0292 0.05825682 1
0.0378 0.0285 0.06429702 6
0.034 0.0252 0.05740226 3
0.0324 0.0279 0.05845598 3
0.0443 0.0382 0.07989626 2
0.0474 0.0434 0.08783288 2
0.0244 0.0165 0.0395373 1
0.0416 0.0251 0.06472419 4
0.043 0.0346 0.0751888 1
0.0307 0.0233 0.05233821 5
0.0347 0.03 0.0627227 1
0.0278 0.0235 0.04969856 7
0.0355 0.0301 0.06359613 2
0.0299 0.0274 0.05553812 5
0.0319 0.0152 0.04566122 1
0.0351 0.0303 0.06340087 1
0.0377 0.0126 0.04887428 1
0.0371 0.0228 0.05811302 1
0.0374 0.0338 0.06900652 2
0.0317 0.028 0.0578711 1
0.0336 0.0239 0.05575346 1
0.0369 0.0287 0.06360713 3
0.0306 0.0279 0.05670384 2
0.0387 0.0367 0.07305411 1
0.0352 0.0248 0.05818634 2
0.0361 0.0241 0.05838931 2
0.0452 0.0339 0.07665286 4
0.0383 0.0378 0.07373585 3
0.0279 0.0208 0.04716858 2
0.0318 0.0242 0.05428588 2
0.0284 0.0212 0.04804652 1
0.0316 0.0288 0.05855185 2
0.0478 0.0295 0.07496749 3
0.0509 0.0287 0.07722037 2
0.0309 0.019 0.0483618 1
0.0322 0.0274 0.05779521 4
0.043 0.0324 0.07308708 3
0.035 0.0311 0.06407932 4
0.0413 0.0156 0.05531162 1
0.0415 0.0388 0.0777698 2
0.0455 0.0377 0.08056685 1
0.0339 0.0322 0.06407487 3
0.0381 0.0257 0.06188363 1
0.0292 0.0278 0.05524666 4
0.032 0.0228 0.0531242 1
0.0313 0.026 0.05554301 2
0.0346 0.0305 0.06311296 2
0.0332 0.0261 0.05749178 1
0.0322 0.0284 0.05874521 2
0.0351 0.0308 0.06388421 2
0.0392 0.0325 0.0694967 1
0.0307 0.0263 0.0552501 4
0.0294 0.0168 0.04475128 1
0.04 0.033 0.0707527 4
0.0308 0.029 0.05796581 2
0.045 0.038 0.0803835 4
0.0406 0.0353 0.07354172 1
0.0357 0.0312 0.06485206 1
0.0424 0.0404 0.08019121 3
0.0447 0.0396 0.08161318 1
0.0368 0.0372 0.07170404 1
0.0429 0.0366 0.07701092 3
0.0392 0.0296 0.06670748 1
0.0395 0.0274 0.0648836 1
0.0432 0.0252 0.06637939 2
0.0328 0.0247 0.05574634 1
0.0284 0.0244 0.05115969 4
0.0359 0.0342 0.0679414 2
0.0365 0.0289 0.06340955 1
0.0416 0.0352 0.07441179 4
0.0391 0.0338 0.07066581 5
0.0242 0.0134 0.03631302 3
0.0404 0.0268 0.06518348 1
0.0389 0.0326 0.06930238 2
0.0308 0.029 0.05796578 2
0.0428 0.0341 0.07451642 1
0.0293 0.0237 0.05135759 1
0.0323 0.0264 0.05690544 2
0.0288 0.0238 0.05096616 1
0.0467 0.0405 0.08439567 3
0.0234 0.0203 0.04226768 1
0.0341 0.0355 0.06745805 1
0.0353 0.0264 0.05983156 3
0.0384 0.0316 0.06785556 1
0.0347 0.0315 0.06417972 4
0.0409 0.035 0.07354522 3
0.0339 0.0311 0.06301096 2
0.0409 0.0347 0.07325638 3
0.0377 0.0301 0.06573324 4
0.0536 0.0382 0.08884422 2
0.0353 0.032 0.06523722 2
0.0388 0.0262 0.06304779 2
0.0337 0.023 0.0549806 1
0.0333 0.0271 0.05856053 3
0.0252 0.0204 0.04413268 3
0.0442 0.0354 0.07712563 4
0.037 0.0331 0.0679444 1
0.0369 0.0201 0.05531494 2
0.0358 0.0314 0.06514291 5
0.0476 0.036 0.08097861 3
0.0272 0.0228 0.04842884 1
0.041 0.031 0.06980074 3
0.0278 0.0093 0.03587756 1
0.0331 0.0268 0.05807182 1
0.047 0.0372 0.0815348 1
0.0396 0.0265 0.06411714 2
0.0316 0.0263 0.05612589 2
0.0371 0.0257 0.06090833 1
0.0526 0.0389 0.08854692 2
0.0311 0.0279 0.05719031 1
0.0401 0.0289 0.06691096 3
0.0333 0.024 0.05555956 2
0.0444 0.0358 0.07768968 1
0.0312 0.0216 0.05117788 1
0.0265 0.0202 0.04521046 3
0.0362 0.0242 0.05858336 1
0.0413 0.0277 0.06692399 1
0.0376 0.0202 0.05609728 1
0.0423 0.0376 0.07738842 1
0.0354 0.0312 0.06456112 1
0.0347 0.0265 0.05934119 2
0.0337 0.0275 0.0593337 2
0.0344 0.0288 0.0612746 3
0.0442 0.032 0.0738647 2
0.0296 0.0249 0.05281742 2
0.0405 0.0357 0.07382935 1
0.0411 0.0389 0.07750219 7
0.0389 0.0319 0.06862898 2
0.0321 0.0237 0.05409535 2
0.0335 0.02 0.05188382 3
0.0365 0.0189 0.05376578 3
0.0359 0.0254 0.05944844 1
0.0367 0.0302 0.0648583 3
0.0491 0.0421 0.08822511 3
0.0389 0.0283 0.06516685 3
0.0374 0.0269 0.06236142 5
0.0397 0.033 0.0704616 1
0.0345 0.0334 0.0658164 4
0.0378 0.0218 0.05783456 1
0.0485 0.0378 0.08356222 6
0.0397 0.0293 0.06690479 1
0.03 0.0271 0.0553509 2
0.0393 0.0292 0.06641994 1
0.0286 0.0273 0.05417412 1
0.0411 0.0166 0.05607447 2
0.0328 0.0205 0.05168074 2
0.0478 0.0393 0.08430915 3
0.0352 0.028 0.0612766 1
0.0364 0.0355 0.06968137 4
0.0477 0.0399 0.08479517 4
0.0418 0.0335 0.07298096 3
0.0356 0.0296 0.06321074 2
0.0358 0.0212 0.05529746 2
0.0313 0.0202 0.04991824 1
0.0287 0.0231 0.05018893 2
0.0405 0.0334 0.07162479 3
0.0337 0.0288 0.06059094 1
0.0404 0.0328 0.07094735 2
0.0427 0.0256 0.06628025 4
0.0378 0.0338 0.06939352 2
0.0305 0.0229 0.05175395 1
0.0348 0.0248 0.05779718 3
0.0347 0.0317 0.06436571 2
0.0425 0.0347 0.07480145 1
0.0411 0.0283 0.06730527 1
0.0345 0.0316 0.06407555 2
0.0302 0.0287 0.05709401 3
0.0404 0.0335 0.0716195 1
0.0345 0.0243 0.05701945 1
0.0382 0.0348 0.07074264 1
0.0417 0.0418 0.08084674 4
0.027 0.0241 0.0494994 1
0.0427 0.035 0.0752835 3
0.0392 0.0212 0.05862871 3
0.0296 0.0223 0.05029082 1
0.0419 0.0343 0.07383845 2
0.0328 0.0168 0.04809778 2
0.0297 0.0121 0.04048143 1
0.0397 0.0304 0.06796589 3
0.0415 0.0257 0.06520019 2
0.0273 0.0255 0.05115865 2
0.0392 0.0245 0.0618023 1
0.0337 0.0244 0.0563353 2
0.0407 0.0286 0.06720685 5
0.0374 0.0333 0.06852437 2
0.0463 0.0376 0.08124346 2
0.0341 0.0322 0.064268 2
0.039 0.0323 0.0691144 2
0.0409 0.0308 0.06951221 3
0.0437 0.0402 0.08122736 2
0.0378 0.0213 0.05735642 3
0.0349 0.0287 0.06166097 1
0.0338 0.0294 0.06127104 4
0.0313 0.0221 0.05176085 2
0.0297 0.0275 0.05544295 3
0.0392 0.0299 0.06699602 1
0.0437 0.039 0.0800774 1
0.0349 0.0251 0.058184 3
0.0379 0.0302 0.0660235 2
0.0405 0.0312 0.0695071 1
0.0299 0.0257 0.05388617 1
0.0406 0.0252 0.06384168 1
0.0389 0.0329 0.06959358 4
0.0333 0.0309 0.06223599 3
0.0423 0.0343 0.07422649 3
0.0402 0.0356 0.0734467 4
0.0347 0.0294 0.0621434 2
0.0372 0.0174 0.0530106 6
0.045 0.0331 0.07568884 2
0.0368 0.0266 0.06148352 1
0.0405 0.0339 0.07210047 2
0.0319 0.0273 0.05738902 4
0.0487 0.0349 0.08098297 1
0.037 0.0291 0.06408984 2
0.0314 0.0177 0.04759232 1
0.0401 0.0326 0.07047007 4
0.0359 0.03 0.06388795 2
0.0309 0.0258 0.05495848 1
0.037 0.033 0.0678498 3
0.0276 0.0221 0.04813962 3
0.0384 0.0194 0.05611208 2
0.0352 0.0318 0.06494745 2
0.0418 0.0303 0.0699069 3
0.0424 0.0202 0.06080512 1
0.0447 0.0376 0.07970058 1
0.0384 0.0284 0.06477564 2
0.0385 0.0372 0.073349 2
0.0435 0.0342 0.075289 1
0.0331 0.021 0.05246584 3
0.034 0.0281 0.06022083 4
0.0346 0.0288 0.06146889 2
0.038 0.0283 0.0642928 2
0.0385 0.0317 0.06804875 1
0.0449 0.0441 0.08611575 2
0.0353 0.0308 0.06407786 1
0.0304 0.0232 0.05194732 1
0.046 0.025 0.06892025 3
0.0306 0.0228 0.05175513 4
0.039 0.0184 0.05574209 3
0.0499 0.0389 0.08594669 1
0.0463 0.0372 0.08086441 4
0.0382 0.0327 0.06872076 1
0.0378 0.0353 0.07084198 4
0.035 0.029 0.062048 1
0.0388 0.0348 0.07133356 4
0.0319 0.0277 0.05777497 1
0.0423 0.0392 0.07892262 2
0.0388 0.0316 0.06824587 3
0.0331 0.0273 0.05855577 1
0.0435 0.0248 0.0662893 5
0.0353 0.0267 0.06012152 5
0.0445 0.0373 0.0792286 2
0.0434 0.0304 0.07155344 1
0.0389 0.0294 0.06622364 1
0.0309 0.0264 0.05554229 2
0.0395 0.0334 0.07065527 3
0.0407 0.0378 0.07603904 1
0.0399 0.0347 0.07229099 3
0.0355 0.0321 0.06553005 2
0.039 0.0322 0.06901488 2
0.0331 0.0229 0.05429701 1
0.0405 0.0314 0.06970029 3
0.0433 0.039 0.0796984 5
0.0381 0.0315 0.06746899 3
0.0418 0.0213 0.06127176 1
0.0304 0.0291 0.05767386 1
0.0339 0.0254 0.05749754 2
0.0427 0.0375 0.07767825 2
0.0376 0.0268 0.06245823 4
0.0429 0.0396 0.07988311 2
0.0413 0.0362 0.07508222 2
0.0304 0.0241 0.05282086 1
0.0319 0.0294 0.05942375 4
0.0362 0.0293 0.06350384 1
0.0324 0.0196 0.05041749 2
0.0457 0.0396 0.08257583 3
0.0382 0.0326 0.06862448 1
0.041 0.0317 0.070472 1
0.0341 0.0344 0.06640799 3
0.0431 0.0283 0.06925067 1
0.0265 0.023 0.04793916 2
0.0371 0.0299 0.06495901 3
0.0373 0.032 0.0671747 1
0.0395 0.022 0.0596915 1
0.0348 0.0246 0.05760232 1
0.043 0.0378 0.07826195 3
0.0323 0.028 0.05845646 2
0.037 0.032 0.06689824 3
0.0402 0.0315 0.0695044 1
0.0489 0.0311 0.07755983 2
0.0371 0.0313 0.06630617 1
0.0416 0.0369 0.07604344 2
0.0384 0.0345 0.07065285 3
0.0321 0.0265 0.05680695 1
0.0334 0.0288 0.06029943 2
0.0382 0.0277 0.06390698 3
0.0347 0.029 0.0617564 1
0.0377 0.0218 0.05774028 2
0.0415 0.0311 0.07038095 1
0.0356 0.0293 0.06292082 1
0.0332 0.0216 0.05313713 2
0.0366 0.0313 0.06582483 2
0.0266 0.0181 0.04326224 1
0.0376 0.0305 0.06602146 2
0.0412 0.0269 0.06605977 2
0.0441 0.0371 0.07864409 1
0.0383 0.0329 0.06901151 2
0.0393 0.0358 0.07276905 2
0.0456 0.0344 0.07751083 3
0.0368 0.0257 0.06061718 3
0.0397 0.0364 0.07373002 1
0.0323 0.0323 0.06262031 1
0.0371 0.0268 0.06197022 3
0.0343 0.0279 0.06030423 1
0.0383 0.0339 0.06997283 1
0.0392 0.0299 0.06699686 2
0.0457 0.0224 0.06614662 2
0.0377 0.0211 0.05706233 1
0.0421 0.0373 0.07690807 1
0.0329 0.0304 0.06136214 1
0.045 0.0387 0.0810412 1
0.0376 0.0317 0.06717719 2
0.0418 0.0358 0.07518028 2
0.0405 0.0378 0.0758465 2
0.0443 0.0337 0.07558409 1
0.0461 0.0385 0.08192017 6
0.0438 0.039 0.08018609 4
0.0417 0.0366 0.0758586 3
0.0396 0.0293 0.066808 2
0.0332 0.0276 0.05894427 3
0.0397 0.04 0.07719219 4
0.0417 0.0374 0.07662122 2
0.0425 0.0283 0.06866705 1
0.0469 0.0428 0.08678237 2
0.0415 0.0262 0.06568093 3
0.04 0.0349 0.07257831 3
0.0427 0.0303 0.07077825 2
0.0389 0.0358 0.07238108 1
0.0388 0.031 0.067666 1
0.0415 0.038 0.0770015 1
0.0503 0.0376 0.08509562 1
0.0406 0.0351 0.07334979 2
0.0351 0.0281 0.06127589 1
0.0433 0.0295 0.07059445 1
0.041 0.0338 0.07248828 2
0.0387 0.0327 0.06920509 2
0.0405 0.0361 0.07421382 2
0.0325 0.0241 0.05487256 2
0.0447 0.0387 0.08075251 1
0.0351 0.025 0.05828188 2
0.038 0.0322 0.0680456 1
0.0385 0.0238 0.060445 1
0.0424 0.032 0.07211696 2
0.0362 0.0294 0.06360032 1
0.0324 0.0229 0.05361248 3
0.043 0.0401 0.08045824 2
0.0381 0.0253 0.06149847 1
0.0412 0.0296 0.06865028 1
0.0442 0.0263 0.06840704 1
0.0396 0.0269 0.06450063 3
0.0392 0.0271 0.06430375 3
0.046 0.0335 0.07704215 2
0.044 0.0365 0.07797793 4
0.0445 0.0295 0.07176041 2
0.0392 0.0318 0.06882355 3
0.0425 0.0324 0.0725969 1
0.0342 0.0298 0.06204396 2
0.0423 0.0396 0.0793059 2
0.0439 0.037 0.07835953 4
0.0452 0.0273 0.0703403 3
0.0372 0.0285 0.06370596 3
0.0438 0.0333 0.07471792 2
0.039 0.0317 0.0685369 3
0.0376 0.0198 0.0557124 2
0.0416 0.0274 0.06692816 1
0.0422 0.043 0.0824696 1
0.046 0.0264 0.07025925 3
0.0396 0.0333 0.07065322 1
0.0411 0.0285 0.067498 4
0.0492 0.0367 0.08317965 2
0.027 0.0228 0.04823328 2
0.0434 0.0309 0.07203464 4
0.0355 0.0334 0.06678268 2
0.0417 0.0388 0.07796268 2
0.0493 0.0438 0.09003426 2
0.0414 0.0297 0.06894052 1
0.0369 0.0302 0.06505386 3
0.0411 0.0343 0.07306926 2
0.0477 0.0405 0.08535671 2
0.0536 0.0421 0.0925401 4
0.0381 0.0343 0.07016853 4
0.0381 0.0367 0.07247553 1
0.0386 0.0312 0.06766448 1
0.0385 0.0255 0.06208577 4
0.0385 0.0349 0.07112875 1
0.0418 0.0362 0.07556384 1
0.0488 0.0372 0.08326976 2
0.0477 0.0358 0.08087724 2
0.0394 0.0311 0.06834812 2
0.0362 0.0251 0.05945208 2
0.0455 0.0237 0.06718985 1
0.0352 0.0161 0.04978358 1
0.0373 0.0303 0.06553645 2
0.0444 0.0247 0.0670737 2
0.0413 0.0367 0.07556157 2
0.0444 0.0419 0.08352554 2
0.049 0.0344 0.08079771 2
0.0386 0.0345 0.07084051 3
0.0467 0.0405 0.08439827 3
0.0402 0.032 0.06998586 4
0.0455 0.0342 0.0772277 2
0.0384 0.0329 0.06910713 2
0.0464 0.0322 0.07618528 2
0.0356 0.0301 0.06369314 1
0.0356 0.0256 0.05934884 1
0.0419 0.0347 0.07422167 1
0.045 0.0422 0.08439256 3
0.0465 0.0342 0.0781894 1
0.045 0.0368 0.07922615 3
0.0465 0.0356 0.0795257 1
0.045 0.0379 0.08028381 2
0.045 0.0381 0.08046816 2
0.0483 0.0397 0.08517053 2
0.047 0.0384 0.0826796 1
0.0549 0.0471 0.09851737 2
0.05 0.0341 0.0814781 1
0.0514 0.0465 0.09460743 2
0.0464 0.0422 0.08572952 1
0.0489 0.0393 0.08536591 2
0.0462 0.0439 0.08716156 2
0.0478 0.0467 0.09136124 1
0.0427 0.0368 0.07700714 1
0.0505 0.0351 0.08291223 2
0.0436 0.039 0.0799827 2
0.0452 0.0377 0.08027786 1
0.0442 0.0424 0.08381152 1
0.0487 0.0352 0.08126866 1
0.0372 0.0333 0.06833089 2
0.0455 0.0371 0.07999355 1
0.0551 0.0323 0.08470797 2
0.043 0.0408 0.08112867 2
0.0507 0.044 0.09156364 3
0.0416 0.0352 0.07441401 2
0.0473 0.042 0.0864018 2
0.0495 0.0434 0.08984986 4
0.0401 0.0349 0.07267779 4
0.0524 0.0443 0.09347531 2
0.0502 0.0451 0.09213487 3
0.0475 0.0438 0.08831672 8
0.045 0.0337 0.0762612 1
0.049 0.0425 0.088508 1
0.0351 0.0333 0.06629863 2
0.0499 0.0415 0.08842222 3
0.0432 0.0316 0.07250868 1
0.0433 0.0417 0.08227873 2
0.0466 0.0392 0.08306168 2
0.0448 0.0315 0.0739697 3
0.0503 0.037 0.08452899 8
0.045 0.0363 0.0787468 1
0.042 0.0347 0.0743183 1
0.044 0.0373 0.0787391 1
0.0487 0.0367 0.08269753 2
0.0482 0.0439 0.08907512 1
0.0523 0.0404 0.08967984 3
0.0475 0.0396 0.08430518 2
0.0479 0.0408 0.085836 3
0.0461 0.0411 0.08439149 1
0.0479 0.0395 0.08459463 2
0.0495 0.0449 0.09127913 3
0.0504 0.0408 0.08823498 2
0.0449 0.0384 0.08065889 3
0.0491 0.0448 0.09079332 3
0.042 0.0379 0.0773871 1
0.0394 0.0279 0.065269 2
0.0476 0.0344 0.07944512 2
0.0489 0.047 0.0926966 1
0.0441 0.0352 0.07682665 3
0.057 0.0463 0.09976451 3
0.0445 0.0341 0.07616364 4
0.0468 0.0418 0.08573565 4
0.0442 0.0364 0.07807576 2
0.0519 0.0281 0.0776233 3
0.051 0.0426 0.0905208 2
0.0425 0.0367 0.07671877 2
0.0446 0.034 0.07616153 2
0.0574 0.0492 0.10289278 4
0.0442 0.0343 0.07606176 3
0.0577 0.0396 0.09411166 2
0.0376 0.0328 0.06823612 1
0.0481 0.0455 0.09050522 2
0.0466 0.041 0.08477604 2
0.0549 0.0334 0.08555364 1
0.0431 0.0366 0.07720124 1
0.0461 0.0405 0.08381998 2
0.0407 0.0406 0.07872788 1
0.0508 0.0441 0.0917537 2
0.0506 0.0444 0.09184736 1
0.0512 0.0438 0.09185144 1
0.0421 0.0355 0.07518217 2
0.0457 0.0367 0.07980421 1
0.046 0.037 0.08038 1
0.0514 0.0429 0.09119174 2
0.0374 0.0325 0.06775833 2
0.0427 0.0446 0.08448194 2
0.0474 0.0434 0.08783264 1
0.0471 0.0391 0.08344394 2
0.0438 0.0332 0.0746232 3
0.0415 0.0294 0.0687498 1
0.0487 0.0398 0.08564924 1
0.0431 0.0308 0.07164542 1
0.0449 0.0355 0.07788653 3
0.0434 0.0393 0.08007608 1
0.0456 0.0341 0.07722374 1
0.0414 0.0371 0.07604156 1
0.0361 0.0343 0.0682319 5
0.0473 0.0376 0.08220542 1
0.0453 0.0406 0.08314669 3
0.0409 0.0356 0.07412194 3
0.0487 0.0438 0.08945844 1
0.0438 0.0417 0.08275882 2
0.0439 0.0385 0.07979125 1
0.0528 0.0425 0.0921504 2
0.0445 0.037 0.07893412 2
0.0528 0.0363 0.08627188 2
0.0564 0.029 0.08284927 3
0.0455 0.038 0.08085352 2
0.0481 0.0339 0.07945041 1
0.0541 0.0331 0.08449549 1
0.0459 0.0366 0.07990428 4
0.0485 0.0358 0.08164724 4
0.0447 0.0274 0.06994632 1
0.0466 0.039 0.08286868 4
0.0477 0.0418 0.08659464 1
0.0428 0.0385 0.0787325 1
0.0457 0.0299 0.07330817 1
0.0484 0.0428 0.08821986 3
0.0444 0.0364 0.07827445 4
0.0542 0.0356 0.08695938 2
0.0464 0.0425 0.0860159 1
0.0451 0.0424 0.08467458 2
0.0465 0.0381 0.08191461 2
0.0512 0.046 0.09394116 2
0.042 0.0358 0.07537905 3
0.0517 0.0372 0.08606834 3
0.0459 0.0416 0.08467706 1
0.0417 0.0331 0.07249381 2
0.0463 0.0414 0.08487069 3
0.046 0.0383 0.08162166 3
0.0464 0.0402 0.08382032 1
0.0441 0.0404 0.08180233 2
0.0529 0.0436 0.09329264 3
0.0411 0.0175 0.05693844 2
0.0491 0.0275 0.07432573 3
0.0562 0.0413 0.09427634 2
0.0552 0.0432 0.09511276 1
0.0493 0.0391 0.08555977 1
0.0454 0.0436 0.08611571 2
0.0456 0.0368 0.07980332 1
0.0493 0.0336 0.08032542 1
0.0477 0.035 0.0801122 1
0.0461 0.0421 0.08534925 3
0.054 0.0525 0.10277074 2
0.0534 0.0416 0.09187748 4
0.0471 0.0358 0.08029572 1
0.0479 0.034 0.0793544 2
0.0472 0.0453 0.08945343 3
0.0452 0.043 0.08534648 3
0.0504 0.0444 0.09165604 1
0.0473 0.0459 0.09012113 1
0.0475 0.0401 0.08478194 2
0.0514 0.0359 0.08454104 1
0.0502 0.0349 0.08243485 3
0.0461 0.0408 0.08410641 3
0.048 0.0437 0.08869316 2
0.0502 0.0319 0.07958208 3
0.0458 0.0377 0.08085848 2
0.0486 0.0406 0.08631528 3
0.0518 0.0439 0.09252158 2
0.0482 0.0367 0.08221496 1
0.0501 0.0393 0.08652781 3
0.0466 0.0438 0.08745821 4
0.0476 0.0329 0.07801506 2
0.051 0.0467 0.09441749 3
0.051 0.0397 0.087765 1
0.0468 0.0421 0.08601882 2
0.0533 0.0458 0.09575768 3
0.0418 0.0354 0.07479864 2
0.053 0.0469 0.09651411 2
0.0499 0.0414 0.08832597 3
0.0538 0.0417 0.09235146 2
0.0493 0.0373 0.08384671 1
0.0431 0.0408 0.08122586 4
0.0438 0.033 0.0744304 1
0.0522 0.0441 0.09309348 2
0.0427 0.0399 0.07997828 4
0.0448 0.0368 0.07903196 1
0.0527 0.0361 0.0859875 3
0.0572 0.0547 0.107887 2
0.048 0.0353 0.08068855 2
0.0502 0.0426 0.08975328 1
0.0536 0.0474 0.09755936 1
0.0519 0.0429 0.09167219 3
0.0469 0.0392 0.08334767 4
0.0527 0.0458 0.09518384 1
0.0457 0.0376 0.08066398 1
0.0457 0.0421 0.08496322 2
0.0402 0.0339 0.07181056 2
0.0483 0.0413 0.08669392 2
0.0445 0.038 0.07989723 6
0.045 0.0433 0.0854454 4
0.049 0.0452 0.0910795 2
0.0418 0.0353 0.07470056 1
0.051 0.0449 0.092705 1
0.0463 0.0345 0.07828245 1
0.0435 0.035 0.07605565 4
0.0568 0.0493 0.10240486 1
0.0503 0.0399 0.08728286 2
0.0469 0.036 0.0802936 2
0.0476 0.0428 0.08745246 3
0.0526 0.0445 0.0938554 1
0.0483 0.0453 0.09050566 3
0.0556 0.0495 0.1014519 1
0.0463 0.0442 0.08754304 1
0.0467 0.0375 0.08153195 1
0.0527 0.0467 0.09603796 3
0.0463 0.0361 0.07980997 1
0.0476 0.0386 0.08344814 2
0.0464 0.0362 0.08000192 1
0.0513 0.0448 0.09290306 3
0.0511 0.0443 0.09223067 1
0.0517 0.0381 0.08691903 1
0.054 0.0464 0.09699896 5
0.0515 0.0494 0.0974558 1
0.0503 0.0423 0.08956992 5
0.0508 0.0343 0.08244166 1
0.0459 0.0372 0.08047955 3
0.0496 0.0363 0.08318672 2
0.0469 0.0421 0.08611384 2
0.0501 0.0486 0.09536949 3
0.0515 0.0425 0.09090425 1
0.0503 0.0419 0.08918363 1
0.0472 0.0339 0.07858002 1
0.048 0.0352 0.0805926 1
0.0509 0.0402 0.08814402 2
0.0472 0.0383 0.08277674 1
0.0473 0.043 0.087356 3
0.055 0.0525 0.103722 2
0.0515 0.048 0.09612702 2
0.0538 0.0503 0.10049931 4
0.0485 0.04 0.0856475 1
0.0464 0.0385 0.08220039 2
0.0507 0.0444 0.09194786 3
0.0434 0.032 0.0730856 1
0.0522 0.0472 0.09603471 3
0.0503 0.0463 0.09336675 2
0.0519 0.0472 0.09575042 3
0.0493 0.0377 0.08422823 2
0.0436 0.0378 0.0788324 2
0.0512 0.0473 0.09517829 3
0.0535 0.0445 0.09471711 3
0.0462 0.0395 0.0829598 1
0.0498 0.0453 0.09193816 1
0.0542 0.0491 0.0997414 2
0.0504 0.0362 0.08386184 2
0.0498 0.0357 0.0828067 2
0.047 0.033 0.077528 1
0.0438 0.0379 0.07912228 5
0.0486 0.0359 0.08183876 1
0.0467 0.0423 0.08611269 2
0.0492 0.043 0.0891756 1
0.048 0.0433 0.08831353 4
0.0469 0.0411 0.08515941 1
0.0449 0.0422 0.08429132 1
0.0432 0.0381 0.07873711 3
0.0487 0.0414 0.08717412 2
0.046 0.0405 0.08372268 2
0.0519 0.0452 0.09385202 2
0.0544 0.0428 0.09396886 2
0.051 0.0357 0.08396674 4
0.0539 0.0434 0.09405909 3
0.0551 0.0505 0.10192205 1
0.0502 0.0328 0.08044789 3
0.0516 0.0461 0.09441794 1
0.0495 0.0447 0.09108059 2
0.0567 0.0513 0.10421812 5
0.0483 0.0397 0.08517081 2
0.0435 0.0325 0.07366155 2
0.0455 0.038 0.0808535 1
0.051 0.0413 0.08928669 3
0.0484 0.0426 0.08802816 1
0.0511 0.0433 0.09128113 2
0.0456 0.0439 0.08658666 1
0.0494 0.0402 0.08670339 3
0.0417 0.0397 0.07882626 3
0.0481 0.0407 0.08593019 2
0.0464 0.0378 0.08152928 1
0.0589 0.0498 0.10487736 3
0.049 0.0437 0.08965091 3
0.0525 0.0463 0.09546705 1
0.0532 0.0484 0.09812948 4
0.0489 0.0401 0.08612743 2
0.0468 0.0429 0.08678123 4
0.0458 0.0432 0.08610999 3
0.0479 0.0382 0.08335542 2
0.0536 0.0431 0.09348554 1
0.0505 0.0371 0.08481305 1
0.055 0.0487 0.10012504 3
0.0441 0.0406 0.08199356 3
0.0487 0.0382 0.08412556 1
0.0458 0.0367 0.07990066 2
0.0536 0.0464 0.09661196 1
0.0521 0.0445 0.09337715 1
0.0537 0.0473 0.09755999 1
0.0514 0.0462 0.09432224 2
0.0431 0.0404 0.08084176 4
0.0539 0.0527 0.10286507 1
0.047 0.0418 0.0859232 1
0.0445 0.0396 0.08142111 2
0.0508 0.0452 0.09279917 3
0.0457 0.0378 0.08085504 1
0.0497 0.0432 0.08984486 1
0.052 0.0438 0.09261896 4
0.0485 0.048 0.0932727 3
0.0456 0.037 0.0799953 2
0.0575 0.0517 0.10533785 4
0.0503 0.0449 0.09203575 2
0.0461 0.0356 0.07913954 1
0.0556 0.0506 0.10249184 1
0.0524 0.0375 0.08702393 2
0.0532 0.0359 0.08627822 1
0.0506 0.0437 0.09118216 2
0.0457 0.0444 0.08716082 3
0.0445 0.0423 0.08400351 2
0.0506 0.0423 0.08985249 5
0.0454 0.0361 0.07894156 1
0.0505 0.0466 0.09384433 2
0.0546 0.0521 0.10296956 2
0.0506 0.0438 0.09127964 2
0.048 0.0421 0.0871683 1
0.0543 0.0377 0.08904405 2
0.0559 0.0456 0.09805194 2
0.0559 0.0435 0.09606927 4
0.0495 0.0456 0.0919369 1
0.0599 0.0513 0.10725104 4
0.0486 0.0429 0.08850571 2
0.0471 0.0392 0.08353921 2
0.0505 0.0435 0.09089921 3
0.0561 0.0453 0.09796076 3
0.0525 0.0414 0.0908212 3
0.0537 0.042 0.09254071 3
0.0478 0.032 0.0773492 1
0.0508 0.0434 0.09109814 2
0.0494 0.0467 0.09288812 1
0.0561 0.0379 0.09096969 3
0.0586 0.0487 0.10355725 3
0.0535 0.0512 0.1010683 5
0.0485 0.0444 0.08983907 3
0.0481 0.0366 0.08202531 3
0.0501 0.0491 0.09584016 3
0.0548 0.0429 0.09444587 2
0.0522 0.0427 0.09176573 2
0.0605 0.0387 0.09595685 1
0.0499 0.0408 0.08775378 1
0.0549 0.0505 0.10173276 2
0.0516 0.0394 0.08805714 3
0.0558 0.0401 0.09275755 3
0.0467 0.0423 0.08611605 4
0.0523 0.0443 0.09338151 2
0.0525 0.0376 0.0872151 1
0.0506 0.0448 0.0922295 3
0.0485 0.0405 0.08612538 5
0.0477 0.0428 0.08754794 1
0.0527 0.0399 0.08958887 1
0.0477 0.042 0.08679065 3
0.053 0.0416 0.09148892 2
0.0464 0.045 0.08840248 2
0.052 0.0494 0.09793366 3
0.05 0.0464 0.0931765 4
0.0505 0.0435 0.09089634 2
0.0516 0.044 0.09242444 2
0.0482 0.0465 0.0915524 1
0.0445 0.0303 0.07252636 3
0.052 0.0461 0.09480144 2
0.0512 0.0382 0.08653882 5
0.0518 0.0433 0.09196033 3
0.0489 0.0406 0.0866036 2
0.046 0.0445 0.08754425 5
0.0541 0.05 0.1004981 1
0.0522 0.0422 0.09129056 1
0.0533 0.0452 0.09518834 1
0.0515 0.0454 0.0936578 1
0.0465 0.0393 0.08306175 3
0.0487 0.042 0.08774526 3
0.049 0.0426 0.08861028 5
0.0519 0.0375 0.08654215 1
0.0468 0.0418 0.08573154 2
0.0554 0.0477 0.09955968 2
0.0549 0.0442 0.09577218 3
0.0471 0.0437 0.08783153 1
0.0531 0.043 0.09291412 4
0.0449 0.0421 0.08419571 1
0.0515 0.0378 0.0864416 1
0.0478 0.0327 0.07801644 1
0.0478 0.0417 0.08660224 4
0.0518 0.0403 0.08910356 1
0.0456 0.0311 0.0743577 2
0.0583 0.0375 0.0927096 2
0.0442 0.0363 0.07797504 1
0.0467 0.0348 0.07895534 1
0.0493 0.0364 0.0829906 2
0.0556 0.0485 0.10050864 3
0.0489 0.0431 0.08898728 4
0.0574 0.0495 0.10316495 2
0.0499 0.0416 0.08851521 2
0.0503 0.0427 0.08994419 1
0.0548 0.0448 0.0962437 2
0.0528 0.0419 0.0915818 2
0.0527 0.0396 0.08930438 1
0.0593 0.0508 0.10620479 4
0.051 0.045 0.09280073 4
0.0498 0.0443 0.09098724 3
0.0577 0.0508 0.10467659 2
0.0505 0.0361 0.08386368 4
0.0542 0.0459 0.09671134 2
0.0553 0.0534 0.10485663 5
0.0565 0.05 0.1027805 1
0.0479 0.0443 0.08916923 1
0.0533 0.0377 0.08808059 1
0.0493 0.0454 0.09155548 1
0.0543 0.0386 0.08989592 1
0.0491 0.042 0.08812932 3
0.0556 0.0492 0.10116844 2
0.0501 0.045 0.09194246 4
0.0571 0.0473 0.10080512 2
0.058 0.0455 0.09996356 2
0.0545 0.0402 0.0916028 1
0.0508 0.0459 0.09346587 3
0.0559 0.0459 0.09833535 2
0.0506 0.0467 0.09403348 2
0.0553 0.0461 0.09795317 6
0.0479 0.0407 0.08574545 3
0.0486 0.041 0.08669615 2
0.0503 0.041 0.08833514 3
0.0594 0.0456 0.1013958 2
0.0511 0.0445 0.09242561 3
0.0529 0.0417 0.09148788 3
0.0516 0.0421 0.09062286 2
0.045 0.0409 0.08314448 2
0.0579 0.0459 0.10025013 5
0.0564 0.0369 0.09031114 1
0.0565 0.0397 0.09305806 5
0.0491 0.0413 0.08746207 2
0.0482 0.0417 0.08698152 4
0.0532 0.0459 0.0957572 2
0.0609 0.0532 0.10997335 2
0.0467 0.039 0.0829634 1
0.0513 0.0465 0.09451135 1
0.053 0.0485 0.09803532 2
0.0544 0.0384 0.08980284 1
0.0507 0.0458 0.09327524 2
0.0552 0.0496 0.10116798 2
0.0565 0.049 0.10183658 3
0.0512 0.0434 0.09147519 3
0.0547 0.0414 0.09293052 1
0.0458 0.0406 0.08362642 2
0.0562 0.0497 0.10221216 2
0.0554 0.048 0.0998432 1
0.0556 0.0493 0.10126406 3
0.0534 0.0497 0.09954827 3
0.0527 0.0493 0.09850427 3
0.0463 0.0459 0.08916603 1
0.0472 0.0349 0.07953382 1
0.0533 0.0477 0.09755759 1
0.0457 0.0379 0.08095057 1
0.0515 0.0484 0.09650795 5
0.0446 0.042 0.0838124 1
0.0454 0.0418 0.0843899 3
0.0492 0.0444 0.09050837 2
0.0508 0.043 0.09070962 3
0.0551 0.039 0.09104456 2
0.0487 0.0294 0.07574532 1
0.0454 0.0401 0.08276396 1
0.052 0.0503 0.0987948 4
0.0548 0.0453 0.09671666 1
0.0508 0.0462 0.09374904 1
0.0564 0.0461 0.09900496 3
0.0451 0.0401 0.08247569 1
0.0536 0.043 0.0933908 1
0.0513 0.0462 0.09422668 2
0.0607 0.0493 0.10611764 4
0.0515 0.0423 0.09071484 3
0.0558 0.0498 0.10192586 2
0.0536 0.0503 0.10030712 2
0.0557 0.0486 0.10069858 3
0.0513 0.0428 0.09099746 1
0.0509 0.0338 0.08206328 1
0.0564 0.0506 0.10325216 1
0.0535 0.0427 0.09301278 3
0.0458 0.0385 0.0816201 3
0.0532 0.0486 0.09831589 3
0.0503 0.0441 0.09127738 3
0.0493 0.029 0.07594944 4
0.0489 0.0423 0.08822203 2
0.0501 0.046 0.09289105 4
0.0475 0.0447 0.08916836 2
0.0534 0.0503 0.10011732 2
0.0607 0.0518 0.10846724 1
0.0524 0.0425 0.0917669 1
0.0545 0.0402 0.0916029 2
0.0505 0.0446 0.09194274 4
0.0586 0.0536 0.10817033 2
0.0522 0.0469 0.09575219 3
0.054 0.0479 0.0984143 1
0.0522 0.0464 0.09527552 1
0.0496 0.0462 0.09260755 4
0.0533 0.0432 0.09329294 1
0.0588 0.0489 0.10393155 3
0.058 0.0481 0.10241578 2
0.0533 0.0486 0.09841052 1
0.0478 0.0432 0.08802504 1
0.0554 0.051 0.10268904 4
0.0617 0.0541 0.11157689 2
0.0548 0.0527 0.10372106 3
0.0593 0.0571 0.11212937 1
0.0543 0.0422 0.09330404 1
0.0514 0.0441 0.09232792 2
0.0547 0.0421 0.09359374 2
0.0535 0.0465 0.09661125 1
0.0491 0.044 0.0900317 1
0.0532 0.0478 0.09755902 4
0.0525 0.0493 0.09831435 2
0.057 0.0483 0.101653 2
0.0535 0.0431 0.09338975 1
0.051 0.0472 0.09489602 3
0.0489 0.0466 0.09231674 4
0.0561 0.0439 0.09663621 1
0.0543 0.0479 0.09870207 3
0.0594 0.0431 0.09904227 2
0.0424 0.0361 0.07604686 1
0.0558 0.0453 0.09767236 1
0.0501 0.0454 0.09231996 1
0.0577 0.0425 0.09684899 3
0.0564 0.0358 0.08927292 3
0.0498 0.0401 0.08699196 2
0.0603 0.0588 0.11467246 1
0.0446 0.0404 0.08228264 2
0.0571 0.0533 0.10646927 3
0.0549 0.0479 0.09927329 2
0.0497 0.0409 0.08765687 1
0.0552 0.0451 0.09690978 1
0.0537 0.0466 0.09689901 3
0.0572 0.0436 0.09740588 1
0.0503 0.0396 0.08699702 1
0.0515 0.0405 0.08900525 1
0.0519 0.0457 0.09432485 2
0.0554 0.0435 0.09558806 2
0.0567 0.048 0.10108509 2
0.0528 0.0423 0.09196361 3
0.0496 0.0374 0.08423239 2
0.0467 0.0401 0.08401457 3
0.0566 0.0362 0.08984303 2
0.0533 0.0484 0.09822098 1
0.0508 0.0439 0.09156462 2
0.049 0.0426 0.08860433 5
0.0515 0.0457 0.09394293 2
0.0568 0.0425 0.0959843 1
0.05 0.0448 0.09165404 2
0.055 0.0419 0.09369149 2
0.0503 0.043 0.0902294 1
0.0509 0.0477 0.09526967 1
0.0566 0.0518 0.10458795 3
0.0512 0.0476 0.09546173 2
0.0507 0.0413 0.08900208 3
0.052 0.0457 0.0944203 1
0.0569 0.0504 0.1035397 2
0.0565 0.0475 0.10041925 1
0.0519 0.0405 0.08939105 2
0.0549 0.0544 0.10542174 1
0.0522 0.0483 0.09708128 4
0.0539 0.0477 0.09812966 2
0.0489 0.0437 0.08955467 1
0.0508 0.0386 0.08652971 3
0.0591 0.0492 0.10449988 2
0.0518 0.0453 0.0938555 2
0.0623 0.0498 0.10811382 4
0.0552 0.0459 0.09766642 1
0.0494 0.0359 0.0826123 3
0.0545 0.0518 0.10259292 5
0.0498 0.0428 0.08956016 1
0.0558 0.0402 0.09285184 1
0.0551 0.0482 0.09974648 1
0.0526 0.0466 0.095848 2
0.0446 0.0377 0.07970006 2
0.0576 0.052 0.1057134 1
0.0513 0.0442 0.09232704 1
0.0578 0.0483 0.10241405 3
0.0585 0.055 0.10939508 2
0.0566 0.0316 0.08549871 2
0.0494 0.043 0.08936727 2
0.0573 0.0475 0.10118205 1
0.0555 0.0484 0.1003167 1
0.0478 0.0406 0.08554672 1
0.0558 0.0531 0.10504504 2
0.0537 0.0452 0.09557192 2
0.0572 0.0461 0.09976538 1
0.0545 0.0458 0.0969033 3
0.0564 0.0469 0.09975777 3
0.0603 0.041 0.09792894 3
0.0575 0.0469 0.10080745 2
0.0485 0.0431 0.08860061 2
0.0614 0.0533 0.11054108 1
0.0598 0.0499 0.10582468 1
0.0543 0.0477 0.09851089 1
0.0559 0.0308 0.08406398 1
0.0559 0.0516 0.10372206 1
0.0568 0.0555 0.1082589 1
0.0524 0.0437 0.09290534 2
0.0552 0.0419 0.09388338 2
0.0586 0.0507 0.10543728 1
0.0539 0.0474 0.09784544 1
0.0533 0.0474 0.09727328 1
0.0589 0.051 0.10600511 2
0.0556 0.0443 0.09653601 2
0.0553 0.0502 0.10182928 2
0.0565 0.0465 0.09947475 1
0.0505 0.0426 0.09004116 2
0.0581 0.0485 0.10288775 1
0.0556 0.0458 0.0979541 2
0.0481 0.0403 0.08554898 2
0.0538 0.048 0.0983184 1
0.0546 0.0357 0.08744008 1
0.0536 0.0464 0.09661208 2
0.0507 0.0435 0.09108877 3
0.0606 0.0454 0.10235986 6
0.0524 0.0396 0.08901596 1
0.051 0.0387 0.08681563 3
0.0526 0.0487 0.09783893 2
0.0604 0.0453 0.10206889 3
0.0544 0.0452 0.09623972 1
0.0525 0.0505 0.09945075 1
0.0576 0.0274 0.08250576 1
0.0541 0.0457 0.09642643 1
0.0503 0.0398 0.08718742 2
0.0515 0.0459 0.09413255 1
0.0567 0.0509 0.10383594 4
0.0503 0.0453 0.09242375 3
0.0526 0.0401 0.08968323 3
0.0559 0.0484 0.10069774 1
0.0579 0.0447 0.09911833 4
0.0595 0.0528 0.1082723 2
0.0465 0.0463 0.08973894 3
0.0471 0.0455 0.08954873 2
0.0514 0.0502 0.09812032 1
0.0532 0.0422 0.09225188 3
0.0548 0.0496 0.10078769 3
0.0515 0.0461 0.09432249 2
0.0536 0.0409 0.09140126 1
0.0568 0.0425 0.09598478 2
0.0577 0.0445 0.09873357 2
0.0515 0.0403 0.08881688 2
0.057 0.0501 0.10335414 4
0.0586 0.0538 0.10835888 2
0.0526 0.0451 0.09442456 2
0.0535 0.0461 0.09623437 3
0.0544 0.0437 0.09482037 3
0.0587 0.0511 0.10591053 3
0.0539 0.0443 0.09490943 1
0.0551 0.047 0.0986114 1
0.0516 0.0488 0.09698132 1
0.0511 0.0464 0.09422658 3
0.0523 0.0464 0.09537231 5
0.0582 0.0433 0.09808254 3
0.0579 0.0557 0.10949029 2
0.0482 0.0424 0.08764592 1
0.0518 0.0522 0.10039904 1
0.0613 0.0409 0.09879436 3
0.0527 0.0502 0.09935775 5
0.0542 0.0451 0.09595402 3
0.0555 0.0514 0.10315336 2
0.0545 0.0488 0.09974369 2
0.0544 0.05 0.10078542 3
0.0554 0.0464 0.09833041 2
0.0542 0.0476 0.09832088 1
0.0594 0.057 0.11212968 2
0.0554 0.0481 0.09994225 6
0.0528 0.0405 0.0902539 1
0.0508 0.0462 0.09375332 4
0.0589 0.046 0.10129479 3
0.0501 0.0455 0.09241505 1
0.0532 0.0446 0.09452435 3
0.0555 0.0391 0.09152355 1
0.0555 0.0461 0.09814205 1
0.0559 0.0456 0.09805146 1
0.056 0.0535 0.10561262 2
0.0598 0.0509 0.10676657 3
0.0641 0.0518 0.11169485 3
0.0643 0.0511 0.11122908 3
0.0567 0.0473 0.10042109 1
0.0518 0.0456 0.0941378 3
0.0587 0.0561 0.11062127 3
0.051 0.0386 0.08672 1
0.0472 0.0417 0.08601982 2
0.0547 0.0439 0.09529637 2
0.057 0.0501 0.10335043 2
0.0486 0.0445 0.09003081 4
0.0548 0.0454 0.09681183 4
0.0607 0.057 0.11336488 4
0.0515 0.044 0.09232856 2
0.0523 0.0505 0.09926573 5
0.0487 0.0424 0.08812549 2
0.0527 0.0494 0.098598 3
0.0595 0.0499 0.10553959 2
0.0597 0.0513 0.10704847 3
0.052 0.0466 0.0952744 1
0.0551 0.0445 0.09624741 2
0.0554 0.0511 0.10277456 1
0.0561 0.0504 0.10277821 2
0.0574 0.0545 0.10788476 2
0.0538 0.0493 0.09954976 1
0.051 0.0483 0.09593527 2
0.0557 0.0441 0.09644342 3
0.0492 0.0453 0.09136543 4
0.0506 0.044 0.0914672 1
0.06 0.0564 0.1121314 1
0.0568 0.0484 0.10155508 1
0.0504 0.0388 0.08633268 1
0.0564 0.0507 0.10334667 2
0.0548 0.0434 0.094919 2
0.0556 0.0475 0.0995611 1
0.0509 0.0458 0.09346461 2
0.055 0.0525 0.10371916 2
0.0534 0.0497 0.09954844 2
0.0509 0.0413 0.0891892 3
0.0531 0.0446 0.09442844 1
0.0566 0.0477 0.10070358 2
0.0586 0.0544 0.10892422 2
0.0568 0.0471 0.10032762 1
0.0478 0.0404 0.08535608 1
0.0516 0.0393 0.08796202 1
0.0529 0.047 0.0965126 1
0.0519 0.0453 0.09394513 1
0.0605 0.0535 0.10987625 1
0.0513 0.0465 0.09451135 1
0.0574 0.0543 0.10769388 1
0.0536 0.046 0.09623503 4
0.0534 0.0421 0.09234731 4
0.0624 0.0528 0.11102041 4
0.0525 0.0454 0.0946134 1
0.0562 0.0447 0.09748776 1
0.0566 0.0482 0.10117568 1
0.0609 0.0564 0.11298154 1
0.0512 0.0409 0.08909759 3
0.0493 0.0409 0.08727283 1
0.0562 0.0484 0.10098396 2
0.0519 0.0365 0.08559305 1
0.0527 0.0501 0.09926153 1
0.0517 0.0451 0.09356413 1
0.0611 0.0439 0.10142301 2
0.06 0.0462 0.10253623 3
0.0508 0.0463 0.0938454 3
0.0588 0.0518 0.10666411 3
0.0568 0.046 0.099289 1
0.0558 0.0497 0.10183157 2
0.05 0.0392 0.08633444 2
0.0581 0.0454 0.09996476 1
0.0594 0.0487 0.10431768 2
0.0578 0.0466 0.10081012 2
0.0525 0.0447 0.09395374 2
0.0598 0.0429 0.09923628 1
0.0537 0.0486 0.09879148 1
0.0536 0.0436 0.09395924 1
0.0525 0.0515 0.10039925 1
0.0519 0.0353 0.08445464 2
0.0583 0.0505 0.10496777 4
0.0512 0.0443 0.09232652 2
0.0589 0.0428 0.09828026 2
0.0569 0.0423 0.09589165 2
0.0593 0.0556 0.11071738 4
0.0561 0.0497 0.10211663 1
0.0573 0.048 0.10165507 4
0.0546 0.0487 0.09974412 3
0.0627 0.0535 0.11196325 3
0.0609 0.0451 0.10235917 2
0.0557 0.0512 0.10315416 2
0.0545 0.0397 0.09112955 1
0.0547 0.0493 0.10040639 2
0.0499 0.0428 0.08965697 2
0.0592 0.0526 0.10779688 1
0.0497 0.0428 0.08946434 1
0.0588 0.0467 0.10185859 2
0.0533 0.0383 0.08864921 1
0.0599 0.0411 0.09764408 4
0.0585 0.0558 0.11014935 2
0.0539 0.0455 0.09604619 3
0.0535 0.0482 0.098222 1
0.0568 0.0397 0.09334054 1
0.0605 0.0517 0.10818348 2
0.0608 0.0441 0.10132411 3
0.057 0.0436 0.09722036 4
0.0525 0.0463 0.09546705 1
0.0573 0.0519 0.10533448 2
0.0549 0.0317 0.08394527 1
0.0559 0.0502 0.1023991 2
0.0573 0.0487 0.1023147 3
0.0584 0.0472 0.10194833 2
0.0555 0.0462 0.0982366 1
0.0628 0.0497 0.10849152 5
0.0493 0.0424 0.08870116 2
0.0509 0.0417 0.08956979 2
0.0481 0.0388 0.08411975 2
0.0548 0.0518 0.10286696 1
0.0599 0.047 0.1031906 1
0.0518 0.0424 0.09109688 1
0.0535 0.0427 0.09301075 1
0.0567 0.0525 0.10533187 2
0.0555 0.0489 0.10079061 3