../../problems/clp/benchs/BRrw-d/BRrw-d1.txt -i 25 --min_fr=1.0 0.045100 0.054700
../../problems/clp/benchs/BRrw-d/BRrw-d1.txt -i 64 --min_fr=1.0 0.014300 0.017500
../../problems/clp/benchs/BRrw-d/BRrw-d1.txt -i 67 --min_fr=1.0 0.025000 0.030400
../../problems/clp/benchs/BRrw-d/BRrw-d2.txt -i 36 --min_fr=1.0 0.037200 0.044800
../../problems/clp/benchs/BRrw-d/BRrw-d2.txt -i 50 --min_fr=1.0 0.023200 0.028400
../../problems/clp/benchs/BRrw-d/BRrw-d2.txt -i 78 --min_fr=1.0 0.022000 0.028800
../../problems/clp/benchs/BRrw-d/BRrw-d2.txt -i 82 --min_fr=1.0 0.028400 0.034500
../../problems/clp/benchs/BRrw-d/BRrw-d2.txt -i 98 --min_fr=1.0 0.022600 0.029100
../../problems/clp/benchs/BRrw-d/BRrw-d3.txt -i 36 --min_fr=1.0 0.030200 0.036600
../../problems/clp/benchs/BRrw-d/BRrw-d3.txt -i 42 --min_fr=1.0 0.041100 0.051700
../../problems/clp/benchs/BRrw-d/BRrw-d3.txt -i 52 --min_fr=1.0 0.032600 0.039400
../../problems/clp/benchs/BRrw-d/BRrw-d3.txt -i 55 --min_fr=1.0 0.022700 0.027900
../../problems/clp/benchs/BRrw-d/BRrw-d3.txt -i 68 --min_fr=1.0 0.032000 0.041300
../../problems/clp/benchs/BRrw-d/BRrw-d4.txt -i 23 --min_fr=1.0 0.041500 0.052400
../../problems/clp/benchs/BRrw-d/BRrw-d4.txt -i 30 --min_fr=1.0 0.034600 0.042900
../../problems/clp/benchs/BRrw-d/BRrw-d4.txt -i 87 --min_fr=1.0 0.033100 0.042000
../../problems/clp/benchs/BRrw-d/BRrw-d4.txt -i 89 --min_fr=1.0 0.039600 0.050700
../../problems/clp/benchs/BRrw-d/BRrw-d5.txt -i 27 --min_fr=1.0 0.028600 0.036300
../../problems/clp/benchs/BRrw-d/BRrw-d5.txt -i 61 --min_fr=1.0 0.029700 0.036400
../../problems/clp/benchs/BRrw-d/BRrw-d5.txt -i 77 --min_fr=1.0 0.031300 0.040700
../../problems/clp/benchs/BRrw-d/BRrw-d6.txt -i 5 --min_fr=1.0 0.035200 0.042800
../../problems/clp/benchs/BRrw-d/BRrw-d6.txt -i 63 --min_fr=1.0 0.043100 0.053600
../../problems/clp/benchs/BRrw-d/BRrw-d6.txt -i 84 --min_fr=1.0 0.033200 0.040800
../../problems/clp/benchs/BRrw-d/BRrw-d6.txt -i 96 --min_fr=1.0 0.037100 0.045400
../../problems/clp/benchs/BRrw-d/BRrw-d6.txt -i 97 --min_fr=1.0 0.034300 0.043100
../../problems/clp/benchs/BRrw-d/BRrw-d7.txt -i 64 --min_fr=1.0 0.027000 0.033400
../../problems/clp/benchs/BRrw-d/BRrw-d8.txt -i 21 --min_fr=0.98 0.037200 0.046500
../../problems/clp/benchs/BRrw-d/BRrw-d8.txt -i 98 --min_fr=0.98 0.036100 0.044400
../../problems/clp/benchs/BRrw-d/BRrw-d9.txt -i 35 --min_fr=0.98 0.041100 0.049700
../../problems/clp/benchs/BRrw-d/BRrw-d9.txt -i 90 --min_fr=0.98 0.040200 0.050200
../../problems/clp/benchs/BRrw-d/BRrw-d10.txt -i 56 --min_fr=0.98 0.044900 0.055500
