0.6138 0.9918 0.6088 1
0.9584 0.8962 0.8589 1
0.7896 0.7476 0.5903 1
0.5929 0.9957 0.5904 1
0.9239 0.6096 0.5632 1
0.8319 0.5978 0.4973 1
0.8058 0.8216 0.662 1
0.6592 0.9948 0.6558 1
0.9233 0.6426 0.5933 1
0.7768 0.536 0.4164 1
0.7655 0.7314 0.5599 1
0.907 0.3318 0.3009 1
0.9799 0.973 0.9534 1
0.7095 0.9967 0.7072 1
0.9198 0.6124 0.5633 1
0.836 0.0551 0.04606 1
0.9274 0.507 0.4702 1
0.9467 0.4695 0.4445 1
0.9635 0.4295 0.4138 1
0.9502 0.8735 0.83 1
0.9513 0.7705 0.7326 4
0.959 1 0.9587 6
0.9369 0.9997 0.933 17
0.9667 0.6874 0.6645 1
0.9606 1 0.9606 4
0.8077 1 0.8077 2
0.956 1 0.9543 10
0.9756 0.9196 0.892 10
0.9427 0.7629 0.718 12
0.9451 0.5144 0.4861 3
0.9272 1 0.9272 6
0.944 1 0.944 3
0.9781 0.8217 0.8037 7
0.8935 1 0.8935 9
0.9691 0.9626 0.9329 1
0.9734 0.9129 0.8868 34
0.9717 1 0.9717 2
0.952 1 0.9517 7
0.9819 0.8469 0.8316 2
0.9661 1 0.9661 4
0.9661 1 0.966 8
0.97 0.5707 0.5536 3
0.9565 0.9084 0.8657 15
0.9604 1 0.9604 4
0.9488 1 0.9486 6
0.9786 1 0.978 9
0.9808 0.8181 0.8024 2
0.9782 0.6184 0.6049 5
0.9585 1 0.9585 5
0.9637 1 0.9636 4
0.9581 1 0.9577 10
0.9669 1 0.964 12
0.9834 0.8332 0.8193 10
0.9512 1 0.9512 7
0.9729 0.7721 0.7498 7
0.9613 1 0.9611 9
0.9723 1 0.9723 5
0.9492 1 0.9491 5
0.9622 1 0.9622 5
0.9614 1 0.9614 2
0.9648 0.9999 0.9643 7
0.9666 1 0.9666 5
0.9747 1 0.9743 8
0.9861 0.8939 0.8813 7
0.9594 1 0.9593 6
0.9764 0.7031 0.6865 3
0.9734 0.697 0.6785 2
0.9806 0.9592 0.9406 2
0.9756 1 0.9754 8
0.973 0.7456 0.7254 6
0.9703 0.9988 0.9691 3
0.9733 1 0.9732 6
0.9747 0.8748 0.8523 8
0.9735 1 0.9732 7
0.9716 1 0.9715 7
0.9726 0.875 0.85 4
0.9628 0.5321 0.5123 3
0.9612 1 0.9612 3
0.9729 1 0.9728 5
0.9749 0.974 0.9495 5
0.9606 1 0.9606 3
0.9722 0.9568 0.93 9
0.9729 0.9464 0.9207 7
0.9758 1 0.9751 7
0.9687 0.8525 0.8255 5
0.97 0.9988 0.9687 6
0.973 1 0.973 4
0.9602 0.9098 0.8735 2
0.9731 0.8028 0.7811 6
0.9647 1 0.9647 5
0.9553 1 0.9553 5
0.9703 0.8585 0.8329 12
0.9781 1 0.9776 6
0.9672 1 0.9672 6
0.9798 0.9698 0.9499 14
0.9714 1 0.9714 7
0.9686 1 0.9686 5
0.9551 1 0.9551 5
0.9726 1 0.9725 3
0.9732 0.8519 0.8291 2
0.9729 1 0.9729 7
0.9772 1 0.9771 4
0.9734 0.9966 0.9701 2
0.9744 1 0.9744 4
0.9718 1 0.9718 3
0.9715 1 0.9715 4
0.9741 1 0.9739 6
0.9691 0.8948 0.8664 16
0.9703 1 0.9701 8
0.975 0.9514 0.9271 8
0.9667 1 0.9666 12
0.9702 0.9968 0.967 5
0.9777 1 0.9777 5
0.959 1 0.959 4
0.9779 1 0.9753 11
0.9689 1 0.9689 5
0.9708 1 0.9708 8
0.9657 0.9046 0.8735 3
0.9739 0.9614 0.9361 8
0.9595 1 0.9594 7
0.9751 1 0.9741 5
0.9722 1 0.972 6
0.9668 1 0.9668 7
0.9754 1 0.9754 2
0.967 0.8825 0.8532 12
0.9726 0.8819 0.8574 6
0.9655 1 0.9649 7
0.9706 0.8716 0.8452 10
0.9674 0.8793 0.8492 16
0.9712 0.9658 0.9377 7
0.9611 1 0.9611 6
0.9705 1 0.9698 7
0.984 1 0.9837 9
0.974 0.9953 0.9687 5
0.9521 1 0.9521 5
0.9695 1 0.9695 5
0.9634 1 0.9634 7
0.9622 1 0.9621 9
0.9718 0.9629 0.9356 8
0.9721 0.9705 0.9434 7
0.9747 1 0.9736 7
0.9718 0.8978 0.8724 5
0.9721 1 0.972 9
0.9719 1 0.9719 6
0.9716 1 0.9715 8
0.9719 0.9235 0.8973 8
0.9612 1 0.9612 5
0.971 0.9112 0.8843 9
0.9642 1 0.9642 3
0.9819 1 0.9815 4
0.9543 1 0.9543 4
0.9617 1 0.9616 5
0.9398 1 0.9398 2
0.9709 0.9626 0.9346 2
0.9709 1 0.9708 6
0.9728 1 0.9728 5
0.9733 1 0.9722 9
0.9625 1 0.9618 13
0.97 1 0.9698 5
0.9686 1 0.9686 4
0.969 1 0.969 5
0.967 0.8911 0.8616 9
0.9417 1 0.9417 3
0.9534 1 0.9534 4
0.9631 0.992 0.9553 11
0.9335 1 0.9335 2
0.9468 1 0.9467 7
0.954 1 0.954 5
0.9491 1 0.949 6
0.9617 1 0.9616 6
0.9659 1 0.9659 3
0.9628 1 0.9626 7
0.9564 0.9805 0.9375 8
0.9589 1 0.9586 7
0.9725 1 0.9725 5
0.9631 1 0.9631 5
0.9678 0.9921 0.9601 5
0.9601 1 0.96 7
0.9575 1 0.9575 6
0.9637 0.9982 0.9614 9
0.9579 1 0.9577 6
0.9613 0.9996 0.9608 8
0.9612 1 0.9611 4
0.9686 0.9859 0.9547 11
0.9636 1 0.9636 5
0.9629 1 0.9629 7
0.9618 1 0.9616 8
0.9599 1 0.9599 3
0.9539 1 0.9539 3
0.9558 1 0.9557 7
0.9635 1 0.9635 4
0.9591 1 0.959 13
0.9528 1 0.9524 3
0.9638 0.9045 0.8716 9
0.9651 0.9294 0.8969 7
0.9629 1 0.9629 5
0.9654 0.8834 0.8527 9
0.9534 1 0.9534 3
0.971 0.9377 0.9101 10
0.9574 1 0.9574 4
0.9679 1 0.9679 4
0.9622 0.9646 0.9279 2
0.9602 0.9777 0.9385 16
0.9582 1 0.9581 6
0.96 1 0.96 6
0.96 1 0.9597 8
0.9634 1 0.9634 4
0.9639 1 0.9639 8
0.9553 1 0.9552 8
0.9526 1 0.9525 4
0.9617 1 0.9616 6
0.9586 1 0.9586 6
0.9559 0.9287 0.8877 6
0.9563 1 0.9559 8
0.9555 0.8735 0.8345 11
0.9603 0.9722 0.9327 16
0.9645 1 0.9645 9
0.9687 1 0.9683 7
0.9626 0.8956 0.8621 8
0.9557 1 0.9557 3
0.9627 1 0.9626 6
0.9614 1 0.9614 5
0.947 0.9742 0.9225 5
0.9637 1 0.9637 4
0.9647 1 0.9646 3
0.9562 1 0.9561 3
0.9616 1 0.9615 4
0.9618 1 0.9618 6
0.9558 1 0.9556 10
0.9556 1 0.9553 9
0.9584 1 0.9584 5
0.9549 0.9884 0.9438 3
0.959 1 0.9589 5
0.961 0.9467 0.9094 7
0.9266 1 0.9266 2
0.9591 1 0.9591 3
0.955 1 0.9549 3
0.9684 1 0.968 6
0.9587 1 0.9585 9
0.9626 0.9029 0.8684 15
0.9558 0.9973 0.9531 8
0.8667 1 0.8667 2
0.9607 0.9398 0.9029 3
0.9611 0.9686 0.9303 16
0.9613 0.9421 0.9048 22
0.9525 1 0.9524 12
0.9468 1 0.9468 5
0.9584 1 0.9584 4
0.9498 1 0.9496 8
0.9616 1 0.9615 8
0.9519 1 0.9515 11
0.9001 1 0.9001 1
0.9214 1 0.9214 3
0.9548 1 0.9547 4
0.9546 1 0.9545 6
0.9569 1 0.9569 2
0.9571 1 0.957 5
0.9606 0.9399 0.9028 8
0.9235 1 0.9235 4
0.9514 1 0.9512 4
0.9547 1 0.9547 5
0.9553 1 0.9553 4
0.9513 1 0.9513 4
0.8901 1 0.8901 3
0.9581 1 0.9581 5
0.9513 1 0.9512 12
0.9592 1 0.9592 7
0.951 1 0.951 5
0.9511 1 0.9511 5
0.9569 1 0.9569 4
0.9584 0.9362 0.8967 8
0.9549 0.9378 0.8952 13
0.9621 1 0.9621 4
0.9628 0.9339 0.8991 6
0.9397 1 0.9397 2
0.9529 1 0.9529 5
0.9635 1 0.9635 4
0.9566 1 0.9566 4
0.9664 1 0.9663 10
0.9573 1 0.9573 6
0.962 1 0.962 1
0.9517 1 0.9517 5
0.9596 1 0.9596 5
0.9501 1 0.9501 3
0.9592 0.9793 0.9393 9
0.9506 1 0.9506 5
0.9501 1 0.9501 4
0.9571 1 0.9571 6
0.9527 0.9907 0.9438 2
0.924 1 0.924 4
0.9567 1 0.9566 7
0.96 1 0.9599 6
0.9626 1 0.9626 6
0.953 1 0.953 3
0.954 0.9229 0.8801 10
0.9623 0.9762 0.9385 6
0.959 1 0.959 7
0.9596 0.9889 0.9486 9
0.9628 1 0.9626 8
0.9604 0.9687 0.9302 6
0.9361 1 0.9361 3
0.9499 1 0.9499 5
0.9555 1 0.9553 6
0.9655 1 0.9653 7
0.9348 1 0.9348 4
0.9597 1 0.9595 4
0.9476 1 0.9476 3
0.9521 1 0.9521 3
0.953 0.9631 0.9174 6
0.9563 1 0.9563 5
0.9549 0.9972 0.9521 11
0.9539 1 0.9538 5
0.9511 1 0.9511 3
0.946 1 0.9459 4
0.9369 1 0.9369 2
0.9535 1 0.9532 11
0.9567 1 0.9567 2
0.9579 1 0.9578 4
0.9512 1 0.9512 4
0.957 1 0.957 3