0.6138 +- -1.00 (1)
0.9584 +- -1.00 (1)
0.7896 +- -1.00 (1)
0.5929 +- -1.00 (1)
0.9239 +- -1.00 (1)
0.8319 +- -1.00 (1)
0.8058 +- -1.00 (1)
0.6592 +- -1.00 (1)
0.9233 +- -1.00 (1)
0.7768 +- -1.00 (1)
0.7655 +- -1.00 (1)
0.9070 +- -1.00 (1)
0.9799 +- -1.00 (1)
0.7095 +- -1.00 (1)
0.9198 +- -1.00 (1)
0.8360 +- -1.00 (1)
0.9274 +- -1.00 (1)
0.9467 +- -1.00 (1)
0.9635 +- -1.00 (1)
0.9502 +- -1.00 (1)
0.9513 +- -1.00 (1)
0.9590 +- -1.00 (1)
0.9369 +- -1.00 (1)
0.9667 +- -1.00 (1)
0.9606 +- -1.00 (1)
0.8077 +- -1.00 (1)
0.9560 +- -1.00 (1)
0.9756 +- -1.00 (1)
0.9427 +- -1.00 (1)
0.9451 +- -1.00 (1)
0.9272 +- -1.00 (1)
0.9440 +- -1.00 (1)
0.9781 +- -1.00 (1)
0.8935 +- -1.00 (1)
0.9691 +- -1.00 (1)
0.9734 +- -1.00 (1)
0.9717 +- -1.00 (1)
0.9520 +- -1.00 (1)
0.9819 +- -1.00 (1)
0.9661 +- -1.00 (1)
0.9661 +- -1.00 (1)
0.9700 +- -1.00 (1)
0.9565 +- -1.00 (1)
0.9604 +- -1.00 (1)
0.9488 +- -1.00 (1)
0.9786 +- -1.00 (1)
0.9808 +- -1.00 (1)
0.9782 +- -1.00 (1)
0.9585 +- -1.00 (1)
0.9637 +- -1.00 (1)
0.9581 +- -1.00 (1)
0.9669 +- -1.00 (1)
0.9834 +- -1.00 (1)
0.9512 +- -1.00 (1)
0.9729 +- -1.00 (1)
0.9613 +- -1.00 (1)
0.9723 +- -1.00 (1)
0.9492 +- -1.00 (1)
0.9622 +- -1.00 (1)
0.9614 +- -1.00 (1)
0.9648 +- -1.00 (1)
0.9666 +- -1.00 (1)
0.9747 +- -1.00 (1)
0.9861 +- -1.00 (1)
0.9594 +- -1.00 (1)
0.9764 +- -1.00 (1)
0.9734 +- -1.00 (1)
0.9806 +- -1.00 (1)
0.9756 +- -1.00 (1)
0.9730 +- -1.00 (1)
0.9703 +- -1.00 (1)
0.9733 +- -1.00 (1)
0.9747 +- -1.00 (1)
0.9735 +- -1.00 (1)
0.9716 +- -1.00 (1)
0.9726 +- -1.00 (1)
0.9628 +- -1.00 (1)
0.9612 +- -1.00 (1)
0.9729 +- -1.00 (1)
0.9749 +- -1.00 (1)
0.9606 +- -1.00 (1)
0.9722 +- -1.00 (1)
0.9729 +- -1.00 (1)
0.9758 +- -1.00 (1)
0.9687 +- -1.00 (1)
0.9700 +- -1.00 (1)
0.9730 +- -1.00 (1)
0.9602 +- -1.00 (1)
0.9731 +- -1.00 (1)
0.9647 +- -1.00 (1)
0.9553 +- -1.00 (1)
0.9703 +- -1.00 (1)
0.9781 +- -1.00 (1)
0.9672 +- -1.00 (1)
0.9798 +- -1.00 (1)
0.9714 +- -1.00 (1)
0.9686 +- -1.00 (1)
0.9551 +- -1.00 (1)
0.9726 +- -1.00 (1)
0.9732 +- -1.00 (1)
0.9729 +- -1.00 (1)
0.9772 +- -1.00 (1)
0.9734 +- -1.00 (1)
0.9744 +- -1.00 (1)
0.9718 +- -1.00 (1)
0.9715 +- -1.00 (1)
0.9741 +- -1.00 (1)
0.9691 +- -1.00 (1)
0.9703 +- -1.00 (1)
0.9750 +- -1.00 (1)
0.9667 +- -1.00 (1)
0.9702 +- -1.00 (1)
0.9777 +- -1.00 (1)
0.9590 +- -1.00 (1)
0.9779 +- -1.00 (1)
0.9689 +- -1.00 (1)
0.9708 +- -1.00 (1)
0.9657 +- -1.00 (1)
0.9739 +- -1.00 (1)
0.9595 +- -1.00 (1)
0.9751 +- -1.00 (1)
0.9722 +- -1.00 (1)
0.9668 +- -1.00 (1)
0.9754 +- -1.00 (1)
0.9670 +- -1.00 (1)
0.9726 +- -1.00 (1)
0.9655 +- -1.00 (1)
0.9706 +- -1.00 (1)
0.9674 +- -1.00 (1)
0.9712 +- -1.00 (1)
0.9611 +- -1.00 (1)
0.9705 +- -1.00 (1)
0.9840 +- -1.00 (1)
0.9740 +- -1.00 (1)
0.9521 +- -1.00 (1)
0.9695 +- -1.00 (1)
0.9634 +- -1.00 (1)
0.9622 +- -1.00 (1)
0.9718 +- -1.00 (1)
0.9721 +- -1.00 (1)
0.9747 +- -1.00 (1)
0.9718 +- -1.00 (1)
0.9721 +- -1.00 (1)
0.9719 +- -1.00 (1)
0.9716 +- -1.00 (1)
0.9719 +- -1.00 (1)
0.9612 +- -1.00 (1)
0.9710 +- -1.00 (1)
0.9642 +- -1.00 (1)
0.9819 +- -1.00 (1)
0.9543 +- -1.00 (1)
0.9617 +- -1.00 (1)
0.9398 +- -1.00 (1)
0.9709 +- -1.00 (1)
0.9709 +- -1.00 (1)
0.9728 +- -1.00 (1)
0.9733 +- -1.00 (1)
0.9625 +- -1.00 (1)
0.9700 +- -1.00 (1)
0.9686 +- -1.00 (1)
0.9690 +- -1.00 (1)
0.9670 +- -1.00 (1)
0.9417 +- -1.00 (1)
0.9534 +- -1.00 (1)
0.9631 +- -1.00 (1)
0.9335 +- -1.00 (1)
0.9468 +- -1.00 (1)
0.9540 +- -1.00 (1)
0.9491 +- -1.00 (1)
0.9617 +- -1.00 (1)
0.9659 +- -1.00 (1)
0.9628 +- -1.00 (1)
0.9564 +- -1.00 (1)
0.9589 +- -1.00 (1)
0.9725 +- -1.00 (1)
0.9631 +- -1.00 (1)
0.9678 +- -1.00 (1)
0.9601 +- -1.00 (1)
0.9575 +- -1.00 (1)
0.9637 +- -1.00 (1)
0.9579 +- -1.00 (1)
0.9613 +- -1.00 (1)
0.9612 +- -1.00 (1)
0.9686 +- -1.00 (1)
0.9636 +- -1.00 (1)
0.9629 +- -1.00 (1)
0.9618 +- -1.00 (1)
0.9599 +- -1.00 (1)
0.9539 +- -1.00 (1)
0.9558 +- -1.00 (1)
0.9635 +- -1.00 (1)
0.9591 +- -1.00 (1)
0.9528 +- -1.00 (1)
0.9638 +- -1.00 (1)
0.9651 +- -1.00 (1)
0.9629 +- -1.00 (1)
0.9654 +- -1.00 (1)
0.9534 +- -1.00 (1)
0.9710 +- -1.00 (1)
0.9574 +- -1.00 (1)
0.9679 +- -1.00 (1)
0.9622 +- -1.00 (1)
0.9602 +- -1.00 (1)
0.9582 +- -1.00 (1)
0.9600 +- -1.00 (1)
0.9600 +- -1.00 (1)
0.9634 +- -1.00 (1)
0.9639 +- -1.00 (1)
0.9553 +- -1.00 (1)
0.9526 +- -1.00 (1)
0.9617 +- -1.00 (1)
0.9586 +- -1.00 (1)
0.9559 +- -1.00 (1)
0.9563 +- -1.00 (1)
0.9555 +- -1.00 (1)
0.9603 +- -1.00 (1)
0.9645 +- -1.00 (1)
0.9687 +- -1.00 (1)
0.9626 +- -1.00 (1)
0.9557 +- -1.00 (1)
0.9627 +- -1.00 (1)
0.9614 +- -1.00 (1)
0.9470 +- -1.00 (1)
0.9637 +- -1.00 (1)
0.9647 +- -1.00 (1)
0.9562 +- -1.00 (1)
0.9616 +- -1.00 (1)
0.9618 +- -1.00 (1)
0.9558 +- -1.00 (1)
0.9556 +- -1.00 (1)
0.9584 +- -1.00 (1)
0.9549 +- -1.00 (1)
0.9590 +- -1.00 (1)
0.9610 +- -1.00 (1)
0.9266 +- -1.00 (1)
0.9591 +- -1.00 (1)
0.9550 +- -1.00 (1)
0.9684 +- -1.00 (1)
0.9587 +- -1.00 (1)
0.9626 +- -1.00 (1)
0.9558 +- -1.00 (1)
0.8667 +- -1.00 (1)
0.9607 +- -1.00 (1)
0.9611 +- -1.00 (1)
0.9613 +- -1.00 (1)
0.9525 +- -1.00 (1)
0.9468 +- -1.00 (1)
0.9584 +- -1.00 (1)
0.9498 +- -1.00 (1)
0.9616 +- -1.00 (1)
0.9519 +- -1.00 (1)
0.9001 +- -1.00 (1)
0.9214 +- -1.00 (1)
0.9548 +- -1.00 (1)
0.9546 +- -1.00 (1)
0.9569 +- -1.00 (1)
0.9571 +- -1.00 (1)
0.9606 +- -1.00 (1)
0.9235 +- -1.00 (1)
0.9514 +- -1.00 (1)
0.9547 +- -1.00 (1)
0.9553 +- -1.00 (1)
0.9513 +- -1.00 (1)
0.8901 +- -1.00 (1)
0.9581 +- -1.00 (1)
0.9513 +- -1.00 (1)
0.9592 +- -1.00 (1)
0.9510 +- -1.00 (1)
0.9511 +- -1.00 (1)
0.9569 +- -1.00 (1)
0.9584 +- -1.00 (1)
0.9549 +- -1.00 (1)
0.9621 +- -1.00 (1)
0.9628 +- -1.00 (1)
0.9397 +- -1.00 (1)
0.9529 +- -1.00 (1)
0.9635 +- -1.00 (1)
0.9566 +- -1.00 (1)
0.9664 +- -1.00 (1)
0.9573 +- -1.00 (1)
0.9620 +- -1.00 (1)
0.9517 +- -1.00 (1)
0.9596 +- -1.00 (1)
0.9501 +- -1.00 (1)
0.9592 +- -1.00 (1)
0.9506 +- -1.00 (1)
0.9501 +- -1.00 (1)
0.9571 +- -1.00 (1)
0.9527 +- -1.00 (1)
0.9240 +- -1.00 (1)
0.9567 +- -1.00 (1)
0.9600 +- -1.00 (1)
0.9626 +- -1.00 (1)
0.9530 +- -1.00 (1)
0.9540 +- -1.00 (1)
0.9623 +- -1.00 (1)
0.9590 +- -1.00 (1)
0.9596 +- -1.00 (1)
0.9628 +- -1.00 (1)
0.9604 +- -1.00 (1)
0.9361 +- -1.00 (1)
0.9499 +- -1.00 (1)
0.9555 +- -1.00 (1)
0.9655 +- -1.00 (1)
0.9348 +- -1.00 (1)
0.9597 +- -1.00 (1)
0.9476 +- -1.00 (1)
0.9521 +- -1.00 (1)
0.9530 +- -1.00 (1)
0.9563 +- -1.00 (1)
0.9549 +- -1.00 (1)
0.9539 +- -1.00 (1)
0.9511 +- -1.00 (1)
0.9460 +- -1.00 (1)
0.9369 +- -1.00 (1)
0.9535 +- -1.00 (1)
0.9567 +- -1.00 (1)
0.9579 +- -1.00 (1)
0.9512 +- -1.00 (1)
0.9570 +- -1.00 (1)
