0.5503 +- -1.00 (1)
0.7301 +- -1.00 (1)
0.5739 +- -1.00 (1)
0.6177 +- -1.00 (1)
0.5869 +- -1.00 (1)
0.5676 +- -1.00 (1)
0.9268 +- -1.00 (1)
0.7026 +- -1.00 (1)
0.5230 +- -1.00 (1)
0.6803 +- -1.00 (1)
0.6678 +- -1.00 (1)
0.8598 +- -1.00 (1)
0.7622 +- -1.00 (1)
0.7130 +- -1.00 (1)
0.7243 +- -1.00 (1)
0.6710 +- -1.00 (1)
0.8895 +- -1.00 (1)
0.5512 +- -1.00 (1)
0.6183 +- -1.00 (1)
0.5257 +- -1.00 (1)
0.9156 +- -1.00 (1)
0.8691 +- -1.00 (1)
0.7598 +- -1.00 (1)
0.9424 +- -1.00 (1)
0.7157 +- -1.00 (1)
0.6115 +- -1.00 (1)
0.9195 +- -1.00 (1)
0.9230 +- -1.00 (1)
0.7332 +- -1.00 (1)
0.7426 +- -1.00 (1)
0.6178 +- -1.00 (1)
0.7261 +- -1.00 (1)
0.7226 +- -1.00 (1)
0.7755 +- -1.00 (1)
0.8180 +- -1.00 (1)
0.5705 +- -1.00 (1)
0.9447 +- -1.00 (1)
0.7544 +- -1.00 (1)
0.7417 +- -1.00 (1)
0.7604 +- -1.00 (1)
0.6426 +- -1.00 (1)
0.6909 +- -1.00 (1)
0.6822 +- -1.00 (1)
0.7668 +- -1.00 (1)
0.8073 +- -1.00 (1)
0.7879 +- -1.00 (1)
0.7568 +- -1.00 (1)
0.7755 +- -1.00 (1)
0.7651 +- -1.00 (1)
0.7780 +- -1.00 (1)
0.7836 +- -1.00 (1)
0.7729 +- -1.00 (1)
0.7935 +- -1.00 (1)
0.7516 +- -1.00 (1)
0.6444 +- -1.00 (1)
0.9313 +- -1.00 (1)
0.8066 +- -1.00 (1)
0.7682 +- -1.00 (1)
0.6959 +- -1.00 (1)
0.7125 +- -1.00 (1)
0.6995 +- -1.00 (1)
0.8860 +- -1.00 (1)
0.7279 +- -1.00 (1)
0.7307 +- -1.00 (1)
0.6835 +- -1.00 (1)
0.7735 +- -1.00 (1)
0.7743 +- -1.00 (1)
0.8455 +- -1.00 (1)
0.7103 +- -1.00 (1)
0.8048 +- -1.00 (1)
0.7564 +- -1.00 (1)
0.6116 +- -1.00 (1)
0.6671 +- -1.00 (1)
0.8276 +- -1.00 (1)
0.6529 +- -1.00 (1)
0.7111 +- -1.00 (1)
0.7300 +- -1.00 (1)
0.7620 +- -1.00 (1)
0.7556 +- -1.00 (1)
0.7430 +- -1.00 (1)
0.8828 +- -1.00 (1)
0.8310 +- -1.00 (1)
0.8388 +- -1.00 (1)
0.9113 +- -1.00 (1)
0.8596 +- -1.00 (1)
0.6313 +- -1.00 (1)
0.6932 +- -1.00 (1)
0.6990 +- -1.00 (1)
0.8375 +- -1.00 (1)
0.7515 +- -1.00 (1)
0.7753 +- -1.00 (1)
0.7043 +- -1.00 (1)
0.7768 +- -1.00 (1)
0.8587 +- -1.00 (1)
0.6396 +- -1.00 (1)
0.7048 +- -1.00 (1)
0.7869 +- -1.00 (1)
0.7686 +- -1.00 (1)
0.7688 +- -1.00 (1)
0.7199 +- -1.00 (1)
0.7164 +- -1.00 (1)
0.7198 +- -1.00 (1)
0.7462 +- -1.00 (1)
0.8157 +- -1.00 (1)
0.7682 +- -1.00 (1)
0.7013 +- -1.00 (1)
0.8524 +- -1.00 (1)
0.8313 +- -1.00 (1)
0.6987 +- -1.00 (1)
0.7520 +- -1.00 (1)
0.7834 +- -1.00 (1)
0.7476 +- -1.00 (1)
0.7899 +- -1.00 (1)
0.8188 +- -1.00 (1)
0.7306 +- -1.00 (1)
0.8660 +- -1.00 (1)
0.7384 +- -1.00 (1)
0.8815 +- -1.00 (1)
0.7747 +- -1.00 (1)
0.7616 +- -1.00 (1)
0.7218 +- -1.00 (1)
0.8166 +- -1.00 (1)
0.7757 +- -1.00 (1)
0.8221 +- -1.00 (1)
0.7829 +- -1.00 (1)
0.8824 +- -1.00 (1)
0.7481 +- -1.00 (1)
0.7259 +- -1.00 (1)
0.8144 +- -1.00 (1)
0.7291 +- -1.00 (1)
0.7417 +- -1.00 (1)
0.8309 +- -1.00 (1)
0.8390 +- -1.00 (1)
0.7405 +- -1.00 (1)
0.7796 +- -1.00 (1)
0.7332 +- -1.00 (1)
0.7817 +- -1.00 (1)
0.7154 +- -1.00 (1)
0.7783 +- -1.00 (1)
0.7016 +- -1.00 (1)
0.7616 +- -1.00 (1)
0.7721 +- -1.00 (1)
0.7708 +- -1.00 (1)
0.7569 +- -1.00 (1)
0.8023 +- -1.00 (1)
0.7163 +- -1.00 (1)
0.6922 +- -1.00 (1)
0.6855 +- -1.00 (1)
0.7497 +- -1.00 (1)
0.8140 +- -1.00 (1)
0.7233 +- -1.00 (1)
0.7317 +- -1.00 (1)
0.8122 +- -1.00 (1)
0.7413 +- -1.00 (1)
0.7748 +- -1.00 (1)
0.7272 +- -1.00 (1)
0.7610 +- -1.00 (1)
0.7270 +- -1.00 (1)
0.7883 +- -1.00 (1)
0.7525 +- -1.00 (1)
0.7794 +- -1.00 (1)
0.7336 +- -1.00 (1)
0.7619 +- -1.00 (1)
0.7502 +- -1.00 (1)
0.7344 +- -1.00 (1)
0.7438 +- -1.00 (1)
0.7841 +- -1.00 (1)
0.6586 +- -1.00 (1)
0.7583 +- -1.00 (1)
0.6716 +- -1.00 (1)
0.7672 +- -1.00 (1)
0.7681 +- -1.00 (1)
0.7361 +- -1.00 (1)
0.7580 +- -1.00 (1)
0.6903 +- -1.00 (1)
0.6804 +- -1.00 (1)
0.7222 +- -1.00 (1)
0.7020 +- -1.00 (1)
0.7913 +- -1.00 (1)
0.7370 +- -1.00 (1)
0.7790 +- -1.00 (1)
0.6919 +- -1.00 (1)
0.6720 +- -1.00 (1)
0.7553 +- -1.00 (1)
0.7381 +- -1.00 (1)
0.6813 +- -1.00 (1)
0.7253 +- -1.00 (1)
0.7138 +- -1.00 (1)
0.7609 +- -1.00 (1)
0.7032 +- -1.00 (1)
0.7414 +- -1.00 (1)
0.6899 +- -1.00 (1)
0.7085 +- -1.00 (1)
0.7570 +- -1.00 (1)
0.6859 +- -1.00 (1)
0.7447 +- -1.00 (1)
0.6973 +- -1.00 (1)
0.7884 +- -1.00 (1)
0.7213 +- -1.00 (1)
0.7796 +- -1.00 (1)
0.7032 +- -1.00 (1)
0.7402 +- -1.00 (1)
0.6847 +- -1.00 (1)
0.7584 +- -1.00 (1)
0.7350 +- -1.00 (1)
0.6930 +- -1.00 (1)
0.7384 +- -1.00 (1)
0.6752 +- -1.00 (1)
0.7454 +- -1.00 (1)
0.6829 +- -1.00 (1)
0.7402 +- -1.00 (1)
0.7640 +- -1.00 (1)
0.7201 +- -1.00 (1)
0.7304 +- -1.00 (1)
0.7263 +- -1.00 (1)
0.7276 +- -1.00 (1)
0.7227 +- -1.00 (1)
0.7244 +- -1.00 (1)
0.7471 +- -1.00 (1)
0.7261 +- -1.00 (1)
0.7760 +- -1.00 (1)
0.7218 +- -1.00 (1)
0.7756 +- -1.00 (1)
0.7596 +- -1.00 (1)
0.7419 +- -1.00 (1)
0.6902 +- -1.00 (1)
0.7799 +- -1.00 (1)
0.7493 +- -1.00 (1)
0.7120 +- -1.00 (1)
0.7876 +- -1.00 (1)
0.7559 +- -1.00 (1)
0.7873 +- -1.00 (1)
0.7397 +- -1.00 (1)
0.7542 +- -1.00 (1)
0.7047 +- -1.00 (1)
0.7257 +- -1.00 (1)
0.7520 +- -1.00 (1)
0.7831 +- -1.00 (1)
0.7473 +- -1.00 (1)
0.7306 +- -1.00 (1)
0.6935 +- -1.00 (1)
0.7865 +- -1.00 (1)
0.7103 +- -1.00 (1)
0.7731 +- -1.00 (1)
0.6948 +- -1.00 (1)
0.7234 +- -1.00 (1)
0.7232 +- -1.00 (1)
0.7166 +- -1.00 (1)
0.7052 +- -1.00 (1)
0.7194 +- -1.00 (1)
0.7398 +- -1.00 (1)
0.7627 +- -1.00 (1)
0.7504 +- -1.00 (1)
0.7691 +- -1.00 (1)
0.7301 +- -1.00 (1)
0.6953 +- -1.00 (1)
0.7819 +- -1.00 (1)
0.7285 +- -1.00 (1)
0.7361 +- -1.00 (1)
0.7123 +- -1.00 (1)
0.7356 +- -1.00 (1)
0.7221 +- -1.00 (1)
0.7319 +- -1.00 (1)
0.7292 +- -1.00 (1)
0.7179 +- -1.00 (1)
0.7121 +- -1.00 (1)
0.7152 +- -1.00 (1)
0.6973 +- -1.00 (1)
0.7112 +- -1.00 (1)
0.7313 +- -1.00 (1)
0.7587 +- -1.00 (1)
0.7026 +- -1.00 (1)
0.7987 +- -1.00 (1)
0.7361 +- -1.00 (1)
0.7828 +- -1.00 (1)
0.7342 +- -1.00 (1)
0.7107 +- -1.00 (1)
0.7455 +- -1.00 (1)
0.7303 +- -1.00 (1)
0.7085 +- -1.00 (1)
0.7509 +- -1.00 (1)
0.7370 +- -1.00 (1)
0.7651 +- -1.00 (1)
0.7372 +- -1.00 (1)
0.6887 +- -1.00 (1)
0.7189 +- -1.00 (1)
0.7283 +- -1.00 (1)
0.6799 +- -1.00 (1)
0.6951 +- -1.00 (1)
0.7560 +- -1.00 (1)
0.7181 +- -1.00 (1)
0.7330 +- -1.00 (1)
0.7176 +- -1.00 (1)
0.7588 +- -1.00 (1)
0.7225 +- -1.00 (1)
0.7154 +- -1.00 (1)
0.7531 +- -1.00 (1)
0.7265 +- -1.00 (1)
0.7386 +- -1.00 (1)
0.7235 +- -1.00 (1)
0.6866 +- -1.00 (1)
0.8686 +- -1.00 (1)
0.2874 +- -1.00 (1)
0.6885 +- -1.00 (1)
0.6557 +- -1.00 (1)
0.8314 +- -1.00 (1)
0.5894 +- -1.00 (1)
0.8612 +- -1.00 (1)
0.5255 +- -1.00 (1)
0.6151 +- -1.00 (1)
0.6050 +- -1.00 (1)
0.7664 +- -1.00 (1)
0.6330 +- -1.00 (1)
0.8081 +- -1.00 (1)
0.3678 +- -1.00 (1)
0.7141 +- -1.00 (1)
0.6876 +- -1.00 (1)
0.8899 +- -1.00 (1)
0.5117 +- -1.00 (1)
0.6243 +- -1.00 (1)
0.6482 +- -1.00 (1)
0.6091 +- -1.00 (1)
0.7320 +- -1.00 (1)
0.7160 +- -1.00 (1)
0.7803 +- -1.00 (1)
0.5697 +- -1.00 (1)
0.7913 +- -1.00 (1)
0.8865 +- -1.00 (1)
0.7400 +- -1.00 (1)
0.6430 +- -1.00 (1)
0.6498 +- -1.00 (1)
0.5721 +- -1.00 (1)
0.8444 +- -1.00 (1)
0.6865 +- -1.00 (1)
0.6117 +- -1.00 (1)
0.8727 +- -1.00 (1)
0.4506 +- -1.00 (1)
0.6518 +- -1.00 (1)
0.8101 +- -1.00 (1)
0.7734 +- -1.00 (1)
0.8909 +- -1.00 (1)
0.7047 +- -1.00 (1)
0.7719 +- -1.00 (1)
0.7886 +- -1.00 (1)
0.6646 +- -1.00 (1)
0.7322 +- -1.00 (1)
0.7330 +- -1.00 (1)
0.8265 +- -1.00 (1)
0.6988 +- -1.00 (1)
0.7979 +- -1.00 (1)
0.6760 +- -1.00 (1)
0.7623 +- -1.00 (1)
0.7595 +- -1.00 (1)
0.7727 +- -1.00 (1)
0.5676 +- -1.00 (1)
0.6775 +- -1.00 (1)
0.4914 +- -1.00 (1)
0.6908 +- -1.00 (1)
0.8489 +- -1.00 (1)
0.7658 +- -1.00 (1)
0.7263 +- -1.00 (1)
0.8045 +- -1.00 (1)
0.7060 +- -1.00 (1)
0.6914 +- -1.00 (1)
0.8863 +- -1.00 (1)
0.6722 +- -1.00 (1)
0.7566 +- -1.00 (1)
0.7730 +- -1.00 (1)
0.8828 +- -1.00 (1)
0.7423 +- -1.00 (1)
0.7587 +- -1.00 (1)
0.8451 +- -1.00 (1)
0.8375 +- -1.00 (1)
0.7246 +- -1.00 (1)
0.7929 +- -1.00 (1)
0.6586 +- -1.00 (1)
0.7622 +- -1.00 (1)
0.6697 +- -1.00 (1)
0.8185 +- -1.00 (1)
0.8748 +- -1.00 (1)
0.7412 +- -1.00 (1)
0.8737 +- -1.00 (1)
0.7040 +- -1.00 (1)
0.7606 +- -1.00 (1)
0.8700 +- -1.00 (1)
0.8282 +- -1.00 (1)
0.7444 +- -1.00 (1)
0.8682 +- -1.00 (1)
0.6810 +- -1.00 (1)
0.7765 +- -1.00 (1)
0.7695 +- -1.00 (1)
0.7478 +- -1.00 (1)
0.8148 +- -1.00 (1)
0.9129 +- -1.00 (1)
0.7600 +- -1.00 (1)
0.7344 +- -1.00 (1)
0.9156 +- -1.00 (1)
0.7663 +- -1.00 (1)
0.5981 +- -1.00 (1)
0.8047 +- -1.00 (1)
0.7220 +- -1.00 (1)
0.8144 +- -1.00 (1)
0.7390 +- -1.00 (1)
0.7960 +- -1.00 (1)
0.7828 +- -1.00 (1)
0.7112 +- -1.00 (1)
0.7764 +- -1.00 (1)
0.7832 +- -1.00 (1)
0.6165 +- -1.00 (1)
0.7354 +- -1.00 (1)
0.7947 +- -1.00 (1)
0.8100 +- -1.00 (1)
0.7095 +- -1.00 (1)
0.8788 +- -1.00 (1)
0.7105 +- -1.00 (1)
0.8567 +- -1.00 (1)
0.8709 +- -1.00 (1)
0.8273 +- -1.00 (1)
0.8040 +- -1.00 (1)
0.7235 +- -1.00 (1)
0.7648 +- -1.00 (1)
0.7819 +- -1.00 (1)
0.7819 +- -1.00 (1)
0.8148 +- -1.00 (1)
0.7747 +- -1.00 (1)
0.7476 +- -1.00 (1)
0.7076 +- -1.00 (1)
0.7996 +- -1.00 (1)
0.7952 +- -1.00 (1)
0.7126 +- -1.00 (1)
0.7426 +- -1.00 (1)
0.7062 +- -1.00 (1)
0.7213 +- -1.00 (1)
0.8103 +- -1.00 (1)
0.7401 +- -1.00 (1)
0.7035 +- -1.00 (1)
0.7513 +- -1.00 (1)
0.8201 +- -1.00 (1)
0.7616 +- -1.00 (1)
0.6982 +- -1.00 (1)
0.6835 +- -1.00 (1)
0.7298 +- -1.00 (1)
0.6450 +- -1.00 (1)
0.8585 +- -1.00 (1)
0.6631 +- -1.00 (1)
0.6664 +- -1.00 (1)
0.7656 +- -1.00 (1)
0.7345 +- -1.00 (1)
0.7492 +- -1.00 (1)
0.7650 +- -1.00 (1)
0.7750 +- -1.00 (1)
0.7512 +- -1.00 (1)
0.7025 +- -1.00 (1)
0.7963 +- -1.00 (1)
0.7562 +- -1.00 (1)
0.7379 +- -1.00 (1)
0.7775 +- -1.00 (1)
0.7189 +- -1.00 (1)
0.7901 +- -1.00 (1)
0.7592 +- -1.00 (1)
0.7118 +- -1.00 (1)
0.6921 +- -1.00 (1)
0.6921 +- -1.00 (1)
0.6788 +- -1.00 (1)
0.7674 +- -1.00 (1)
0.7234 +- -1.00 (1)
0.7449 +- -1.00 (1)
0.7035 +- -1.00 (1)
0.7176 +- -1.00 (1)
0.7613 +- -1.00 (1)
0.7735 +- -1.00 (1)
0.8017 +- -1.00 (1)
0.7485 +- -1.00 (1)
0.8261 +- -1.00 (1)
0.6894 +- -1.00 (1)
0.7483 +- -1.00 (1)
0.6936 +- -1.00 (1)
0.7418 +- -1.00 (1)
0.7715 +- -1.00 (1)
0.7250 +- -1.00 (1)
0.7749 +- -1.00 (1)
0.7102 +- -1.00 (1)
0.6258 +- -1.00 (1)
0.8027 +- -1.00 (1)
0.6965 +- -1.00 (1)
0.7282 +- -1.00 (1)
0.7371 +- -1.00 (1)
0.6460 +- -1.00 (1)
0.7740 +- -1.00 (1)
0.7466 +- -1.00 (1)
0.7543 +- -1.00 (1)
0.7694 +- -1.00 (1)
0.6656 +- -1.00 (1)
0.6977 +- -1.00 (1)
0.7146 +- -1.00 (1)
0.6972 +- -1.00 (1)
0.7767 +- -1.00 (1)
0.7812 +- -1.00 (1)
0.8155 +- -1.00 (1)
0.7068 +- -1.00 (1)
0.7380 +- -1.00 (1)
0.6995 +- -1.00 (1)
0.6891 +- -1.00 (1)
0.7693 +- -1.00 (1)
0.6963 +- -1.00 (1)
0.6964 +- -1.00 (1)
0.6806 +- -1.00 (1)
0.6830 +- -1.00 (1)
0.7561 +- -1.00 (1)
0.7730 +- -1.00 (1)
0.7384 +- -1.00 (1)
0.7168 +- -1.00 (1)
0.7191 +- -1.00 (1)
0.7647 +- -1.00 (1)
0.7503 +- -1.00 (1)
0.7245 +- -1.00 (1)
0.7154 +- -1.00 (1)
0.7492 +- -1.00 (1)
0.7365 +- -1.00 (1)
0.7051 +- -1.00 (1)
0.7510 +- -1.00 (1)
0.7211 +- -1.00 (1)
0.7231 +- -1.00 (1)
0.7679 +- -1.00 (1)
0.7021 +- -1.00 (1)
0.7213 +- -1.00 (1)
0.7585 +- -1.00 (1)
0.7148 +- -1.00 (1)
0.7329 +- -1.00 (1)
0.7181 +- -1.00 (1)
0.7594 +- -1.00 (1)
0.7084 +- -1.00 (1)
0.7272 +- -1.00 (1)
0.7459 +- -1.00 (1)
0.7384 +- -1.00 (1)
0.7169 +- -1.00 (1)
0.7665 +- -1.00 (1)
0.7930 +- -1.00 (1)
0.7491 +- -1.00 (1)
0.7090 +- -1.00 (1)
0.7486 +- -1.00 (1)
0.6745 +- -1.00 (1)
0.6720 +- -1.00 (1)
0.7085 +- -1.00 (1)
0.7565 +- -1.00 (1)
0.7347 +- -1.00 (1)
0.7345 +- -1.00 (1)
0.7116 +- -1.00 (1)
0.6972 +- -1.00 (1)
0.7753 +- -1.00 (1)
0.7755 +- -1.00 (1)
0.7332 +- -1.00 (1)
0.7473 +- -1.00 (1)
0.7754 +- -1.00 (1)
0.7401 +- -1.00 (1)
0.6957 +- -1.00 (1)
0.7452 +- -1.00 (1)
0.7592 +- -1.00 (1)
0.7212 +- -1.00 (1)
0.6946 +- -1.00 (1)
0.7642 +- -1.00 (1)
0.6986 +- -1.00 (1)
0.6950 +- -1.00 (1)
0.7236 +- -1.00 (1)
0.7176 +- -1.00 (1)
0.6935 +- -1.00 (1)
0.7384 +- -1.00 (1)
0.6986 +- -1.00 (1)
0.7352 +- -1.00 (1)
0.7431 +- -1.00 (1)
0.7259 +- -1.00 (1)
0.7606 +- -1.00 (1)
0.7541 +- -1.00 (1)
0.7555 +- -1.00 (1)
0.6610 +- -1.00 (1)
0.7138 +- -1.00 (1)
0.6961 +- -1.00 (1)
0.7249 +- -1.00 (1)
0.7784 +- -1.00 (1)
0.7208 +- -1.00 (1)
0.7838 +- -1.00 (1)
0.7114 +- -1.00 (1)
0.7273 +- -1.00 (1)
0.7249 +- -1.00 (1)
0.7307 +- -1.00 (1)
0.7104 +- -1.00 (1)
0.6920 +- -1.00 (1)
0.6597 +- -1.00 (1)
0.7233 +- -1.00 (1)
0.6933 +- -1.00 (1)
0.7385 +- -1.00 (1)
0.7631 +- -1.00 (1)
0.7131 +- -1.00 (1)
0.7258 +- -1.00 (1)
0.7408 +- -1.00 (1)
0.7354 +- -1.00 (1)
0.7221 +- -1.00 (1)
0.7061 +- -1.00 (1)
0.6596 +- -1.00 (1)
0.7337 +- -1.00 (1)
0.3513 +- -1.00 (1)
0.5842 +- -1.00 (1)
0.5694 +- -1.00 (1)
0.8683 +- -1.00 (1)
0.3606 +- -1.00 (1)
0.8684 +- -1.00 (1)
0.4401 +- -1.00 (1)
0.6313 +- -1.00 (1)
0.4652 +- -1.00 (1)
0.5204 +- -1.00 (1)
0.4821 +- -1.00 (1)
0.4363 +- -1.00 (1)
0.8047 +- -1.00 (1)
0.5310 +- -1.00 (1)
0.4079 +- -1.00 (1)
0.7913 +- -1.00 (1)
0.3022 +- -1.00 (1)
0.8581 +- -1.00 (1)
0.4088 +- -1.00 (1)
0.7213 +- -1.00 (1)
0.6985 +- -1.00 (1)
0.2342 +- -1.00 (1)
0.6861 +- -1.00 (1)
0.3690 +- -1.00 (1)
0.6196 +- -1.00 (1)
0.3870 +- -1.00 (1)
0.7499 +- -1.00 (1)
0.5585 +- -1.00 (1)
0.6264 +- -1.00 (1)
0.6552 +- -1.00 (1)
0.5701 +- -1.00 (1)
0.3260 +- -1.00 (1)
0.5750 +- -1.00 (1)
0.7747 +- -1.00 (1)
0.6704 +- -1.00 (1)
0.5532 +- -1.00 (1)
0.7483 +- -1.00 (1)
0.6289 +- -1.00 (1)
0.4932 +- -1.00 (1)
0.5994 +- -1.00 (1)
0.7049 +- -1.00 (1)
0.6586 +- -1.00 (1)
0.6024 +- -1.00 (1)
0.5028 +- -1.00 (1)
0.3969 +- -1.00 (1)
0.4376 +- -1.00 (1)
0.5484 +- -1.00 (1)
0.8443 +- -1.00 (1)
0.3320 +- -1.00 (1)
0.6250 +- -1.00 (1)
0.5413 +- -1.00 (1)
0.6805 +- -1.00 (1)
0.4156 +- -1.00 (1)
0.7957 +- -1.00 (1)
0.3061 +- -1.00 (1)
0.6407 +- -1.00 (1)
0.6325 +- -1.00 (1)
0.6936 +- -1.00 (1)
0.8819 +- -1.00 (1)
0.4449 +- -1.00 (1)
0.5328 +- -1.00 (1)
0.7374 +- -1.00 (1)
0.7061 +- -1.00 (1)
0.3278 +- -1.00 (1)
0.7487 +- -1.00 (1)
0.7249 +- -1.00 (1)
0.6889 +- -1.00 (1)
0.7241 +- -1.00 (1)
0.6759 +- -1.00 (1)
0.6769 +- -1.00 (1)
0.8558 +- -1.00 (1)
0.6444 +- -1.00 (1)
0.8144 +- -1.00 (1)
0.5259 +- -1.00 (1)
0.5496 +- -1.00 (1)
0.8265 +- -1.00 (1)
0.5431 +- -1.00 (1)
0.5586 +- -1.00 (1)
0.6125 +- -1.00 (1)
0.5267 +- -1.00 (1)
0.5260 +- -1.00 (1)
0.7406 +- -1.00 (1)
0.8243 +- -1.00 (1)
0.4299 +- -1.00 (1)
0.8504 +- -1.00 (1)
0.6116 +- -1.00 (1)
0.4479 +- -1.00 (1)
0.7415 +- -1.00 (1)
0.7894 +- -1.00 (1)
0.6704 +- -1.00 (1)
0.6918 +- -1.00 (1)
0.5359 +- -1.00 (1)
0.5127 +- -1.00 (1)
0.6417 +- -1.00 (1)
0.7040 +- -1.00 (1)
0.6076 +- -1.00 (1)
0.5701 +- -1.00 (1)
0.4099 +- -1.00 (1)
0.6832 +- -1.00 (1)
0.5993 +- -1.00 (1)
0.7224 +- -1.00 (1)
0.7094 +- -1.00 (1)
0.7346 +- -1.00 (1)
0.5376 +- -1.00 (1)
0.4952 +- -1.00 (1)
0.5399 +- -1.00 (1)
0.5952 +- -1.00 (1)
0.7933 +- -1.00 (1)
0.4985 +- -1.00 (1)
0.5402 +- -1.00 (1)
0.5813 +- -1.00 (1)
0.6441 +- -1.00 (1)
0.6669 +- -1.00 (1)
0.5343 +- -1.00 (1)
0.6804 +- -1.00 (1)
0.5614 +- -1.00 (1)
0.6477 +- -1.00 (1)
0.5517 +- -1.00 (1)
0.7966 +- -1.00 (1)
0.7597 +- -1.00 (1)
0.8029 +- -1.00 (1)
0.5944 +- -1.00 (1)
0.7864 +- -1.00 (1)
0.7344 +- -1.00 (1)
0.6314 +- -1.00 (1)
0.5084 +- -1.00 (1)
0.7060 +- -1.00 (1)
0.7090 +- -1.00 (1)
0.7106 +- -1.00 (1)
0.7139 +- -1.00 (1)
0.5383 +- -1.00 (1)
0.5869 +- -1.00 (1)
0.6657 +- -1.00 (1)
0.5683 +- -1.00 (1)
0.5521 +- -1.00 (1)
0.6392 +- -1.00 (1)
0.5227 +- -1.00 (1)
0.6742 +- -1.00 (1)
0.5809 +- -1.00 (1)
0.6707 +- -1.00 (1)
0.7719 +- -1.00 (1)
0.5713 +- -1.00 (1)
0.6217 +- -1.00 (1)
0.6045 +- -1.00 (1)
0.6586 +- -1.00 (1)
0.6404 +- -1.00 (1)
0.5342 +- -1.00 (1)
0.5242 +- -1.00 (1)
0.4800 +- -1.00 (1)
0.5886 +- -1.00 (1)
0.6844 +- -1.00 (1)
0.7221 +- -1.00 (1)
0.5503 +- -1.00 (1)
0.4766 +- -1.00 (1)
0.7022 +- -1.00 (1)
0.5025 +- -1.00 (1)
0.7137 +- -1.00 (1)
0.4950 +- -1.00 (1)
0.5650 +- -1.00 (1)
0.6524 +- -1.00 (1)
0.6369 +- -1.00 (1)
0.7116 +- -1.00 (1)
0.6560 +- -1.00 (1)
0.5039 +- -1.00 (1)
0.7554 +- -1.00 (1)
0.5535 +- -1.00 (1)
0.4981 +- -1.00 (1)
0.5412 +- -1.00 (1)
0.5769 +- -1.00 (1)
0.6098 +- -1.00 (1)
0.6000 +- -1.00 (1)
0.6898 +- -1.00 (1)
0.7126 +- -1.00 (1)
0.6563 +- -1.00 (1)
0.5289 +- -1.00 (1)
0.6550 +- -1.00 (1)
0.6391 +- -1.00 (1)
0.6479 +- -1.00 (1)
0.7129 +- -1.00 (1)
0.5800 +- -1.00 (1)
0.5157 +- -1.00 (1)
0.5554 +- -1.00 (1)
0.5881 +- -1.00 (1)
0.6749 +- -1.00 (1)
0.6935 +- -1.00 (1)
0.6002 +- -1.00 (1)
0.5784 +- -1.00 (1)
0.6029 +- -1.00 (1)
0.6737 +- -1.00 (1)
0.5981 +- -1.00 (1)
0.7193 +- -1.00 (1)
0.5212 +- -1.00 (1)
0.6969 +- -1.00 (1)
0.7521 +- -1.00 (1)
0.7097 +- -1.00 (1)
0.6582 +- -1.00 (1)
0.6144 +- -1.00 (1)
0.6228 +- -1.00 (1)
0.7184 +- -1.00 (1)
0.6424 +- -1.00 (1)
0.6802 +- -1.00 (1)
0.6867 +- -1.00 (1)
0.5981 +- -1.00 (1)
0.4703 +- -1.00 (1)
0.5902 +- -1.00 (1)
0.5829 +- -1.00 (1)
0.6775 +- -1.00 (1)
0.6529 +- -1.00 (1)
0.6374 +- -1.00 (1)
0.6233 +- -1.00 (1)
0.6215 +- -1.00 (1)
0.5489 +- -1.00 (1)
0.6015 +- -1.00 (1)
0.7234 +- -1.00 (1)
0.5339 +- -1.00 (1)
0.6899 +- -1.00 (1)
0.5238 +- -1.00 (1)
0.5490 +- -1.00 (1)
0.6399 +- -1.00 (1)
0.6913 +- -1.00 (1)
0.7085 +- -1.00 (1)
0.6302 +- -1.00 (1)
0.6300 +- -1.00 (1)
0.5733 +- -1.00 (1)
0.5267 +- -1.00 (1)
0.5684 +- -1.00 (1)
0.5592 +- -1.00 (1)
0.7284 +- -1.00 (1)
0.6518 +- -1.00 (1)
0.6337 +- -1.00 (1)
0.6244 +- -1.00 (1)
0.7086 +- -1.00 (1)
0.6405 +- -1.00 (1)
0.5294 +- -1.00 (1)
0.6004 +- -1.00 (1)
0.7832 +- -1.00 (1)
0.6202 +- -1.00 (1)
0.6332 +- -1.00 (1)
0.5025 +- -1.00 (1)
0.5384 +- -1.00 (1)
0.6603 +- -1.00 (1)
0.6021 +- -1.00 (1)
0.5634 +- -1.00 (1)
0.4800 +- -1.00 (1)
0.6301 +- -1.00 (1)
0.5160 +- -1.00 (1)
0.6678 +- -1.00 (1)
0.5327 +- -1.00 (1)
0.5761 +- -1.00 (1)
0.5785 +- -1.00 (1)
0.4938 +- -1.00 (1)
0.5807 +- -1.00 (1)
0.6854 +- -1.00 (1)
0.6264 +- -1.00 (1)
0.5846 +- -1.00 (1)
0.6782 +- -1.00 (1)
0.5921 +- -1.00 (1)
0.6750 +- -1.00 (1)
0.6657 +- -1.00 (1)
0.5418 +- -1.00 (1)
0.6582 +- -1.00 (1)
0.6218 +- -1.00 (1)
0.5405 +- -1.00 (1)
0.6144 +- -1.00 (1)
0.4650 +- -1.00 (1)
0.7260 +- -1.00 (1)
0.5717 +- -1.00 (1)
0.5695 +- -1.00 (1)
0.6503 +- -1.00 (1)
0.5698 +- -1.00 (1)
0.5555 +- -1.00 (1)
0.5876 +- -1.00 (1)
0.6996 +- -1.00 (1)
0.5865 +- -1.00 (1)
0.7235 +- -1.00 (1)
0.6040 +- -1.00 (1)
0.5172 +- -1.00 (1)
0.6659 +- -1.00 (1)
0.6709 +- -1.00 (1)
0.6327 +- -1.00 (1)
0.7048 +- -1.00 (1)
0.6315 +- -1.00 (1)
0.5569 +- -1.00 (1)
0.7124 +- -1.00 (1)
0.6291 +- -1.00 (1)
0.6523 +- -1.00 (1)
0.6257 +- -1.00 (1)
0.5242 +- -1.00 (1)
0.6084 +- -1.00 (1)
0.6253 +- -1.00 (1)
0.6489 +- -1.00 (1)
0.5687 +- -1.00 (1)
0.5857 +- -1.00 (1)
0.7307 +- -1.00 (1)
0.6563 +- -1.00 (1)
0.6432 +- -1.00 (1)
0.6128 +- -1.00 (1)
0.5991 +- -1.00 (1)
0.6241 +- -1.00 (1)
0.5773 +- -1.00 (1)
