../../problems/clp/benchs/BRwp-0.5-0.5/BR6.txt -i 1 --min_fr=1.0 0.742600 0.587200
../../problems/clp/benchs/BRwp-0.5-0.5/BR8.txt -i 0 --min_fr=0.98 0.666400 0.546200
../../problems/clp/benchs/BRwp-0.5-0.5/BR8.txt -i 4 --min_fr=0.98 0.652100 0.530700
../../problems/clp/benchs/BRwp-0.5-0.5/BR8.txt -i 8 --min_fr=0.98 0.576100 0.465000
../../problems/clp/benchs/BRwp-0.5-0.5/BR8.txt -i 10 --min_fr=0.98 0.673900 0.507800
../../problems/clp/benchs/BRwp-0.5-0.5/BR8.txt -i 12 --min_fr=0.98 0.624100 0.492800
../../problems/clp/benchs/BRwp-0.5-0.5/BR8.txt -i 15 --min_fr=0.98 0.667200 0.477900
../../problems/clp/benchs/BRwp-0.5-0.5/BR8.txt -i 18 --min_fr=0.98 0.706200 0.554100
../../problems/clp/benchs/BRwp-0.5-0.5/BR9.txt -i 0 --min_fr=0.98 0.678300 0.539900
../../problems/clp/benchs/BRwp-0.5-0.5/BR9.txt -i 3 --min_fr=0.98 0.622900 0.514900
../../problems/clp/benchs/BRwp-0.5-0.5/BR9.txt -i 4 --min_fr=0.98 0.624200 0.499900
../../problems/clp/benchs/BRwp-0.5-0.5/BR9.txt -i 7 --min_fr=0.98 0.608900 0.507100
../../problems/clp/benchs/BRwp-0.5-0.5/BR9.txt -i 10 --min_fr=0.98 0.648300 0.513300
../../problems/clp/benchs/BRwp-0.5-0.5/BR9.txt -i 13 --min_fr=0.98 0.641100 0.496100
../../problems/clp/benchs/BRwp-0.5-0.5/BR9.txt -i 14 --min_fr=0.98 0.618400 0.483000
../../problems/clp/benchs/BRwp-0.5-0.5/BR9.txt -i 15 --min_fr=0.98 0.595800 0.464400
../../problems/clp/benchs/BRwp-0.5-0.5/BR9.txt -i 18 --min_fr=0.98 0.689500 0.561400
../../problems/clp/benchs/BRwp-0.5-0.5/BR10.txt -i 0 --min_fr=0.98 0.654500 0.488600
../../problems/clp/benchs/BRwp-0.5-0.5/BR10.txt -i 1 --min_fr=0.98 0.635500 0.484800
../../problems/clp/benchs/BRwp-0.5-0.5/BR10.txt -i 3 --min_fr=0.98 0.659900 0.528100
../../problems/clp/benchs/BRwp-0.5-0.5/BR10.txt -i 6 --min_fr=0.98 0.604700 0.479400
../../problems/clp/benchs/BRwp-0.5-0.5/BR10.txt -i 7 --min_fr=0.98 0.586500 0.469900
../../problems/clp/benchs/BRwp-0.5-0.5/BR10.txt -i 9 --min_fr=0.98 0.656900 0.503900
../../problems/clp/benchs/BRwp-0.5-0.5/BR10.txt -i 10 --min_fr=0.98 0.617200 0.459300
../../problems/clp/benchs/BRwp-0.5-0.5/BR10.txt -i 11 --min_fr=0.98 0.639400 0.491500
../../problems/clp/benchs/BRwp-0.5-0.5/BR10.txt -i 12 --min_fr=0.98 0.612400 0.464600
../../problems/clp/benchs/BRwp-0.5-0.5/BR10.txt -i 15 --min_fr=0.98 0.652500 0.480600
../../problems/clp/benchs/BRwp-0.5-0.5/BR10.txt -i 16 --min_fr=0.98 0.626700 0.487000
../../problems/clp/benchs/BRwp-0.5-0.5/BR10.txt -i 17 --min_fr=0.98 0.639400 0.515300
../../problems/clp/benchs/BRwp-0.5-0.5/BR11.txt -i 2 --min_fr=0.98 0.599100 0.493900
../../problems/clp/benchs/BRwp-0.5-0.5/BR11.txt -i 3 --min_fr=0.98 0.660300 0.518300
../../problems/clp/benchs/BRwp-0.5-0.5/BR11.txt -i 4 --min_fr=0.98 0.608300 0.431100
../../problems/clp/benchs/BRwp-0.5-0.5/BR11.txt -i 9 --min_fr=0.98 0.648900 0.450100
../../problems/clp/benchs/BRwp-0.5-0.5/BR11.txt -i 10 --min_fr=0.98 0.652100 0.501400
../../problems/clp/benchs/BRwp-0.5-0.5/BR11.txt -i 12 --min_fr=0.98 0.632800 0.497700
../../problems/clp/benchs/BRwp-0.5-0.5/BR11.txt -i 13 --min_fr=0.98 0.591400 0.482300
../../problems/clp/benchs/BRwp-0.5-0.5/BR11.txt -i 15 --min_fr=0.98 0.628800 0.480500
../../problems/clp/benchs/BRwp-0.5-0.5/BR11.txt -i 17 --min_fr=0.98 0.648600 0.528700
../../problems/clp/benchs/BRwp-0.5-0.5/BR12.txt -i 0 --min_fr=0.98 0.644100 0.475000
../../problems/clp/benchs/BRwp-0.5-0.5/BR12.txt -i 1 --min_fr=0.98 0.608900 0.483400
../../problems/clp/benchs/BRwp-0.5-0.5/BR12.txt -i 3 --min_fr=0.98 0.638700 0.482200
../../problems/clp/benchs/BRwp-0.5-0.5/BR12.txt -i 4 --min_fr=0.98 0.599300 0.480800
../../problems/clp/benchs/BRwp-0.5-0.5/BR12.txt -i 5 --min_fr=0.98 0.602100 0.480600
../../problems/clp/benchs/BRwp-0.5-0.5/BR12.txt -i 8 --min_fr=0.98 0.626200 0.511400
../../problems/clp/benchs/BRwp-0.5-0.5/BR12.txt -i 9 --min_fr=0.98 0.594700 0.454900
../../problems/clp/benchs/BRwp-0.5-0.5/BR12.txt -i 10 --min_fr=0.98 0.649000 0.472000
../../problems/clp/benchs/BRwp-0.5-0.5/BR12.txt -i 11 --min_fr=0.98 0.657200 0.523900
../../problems/clp/benchs/BRwp-0.5-0.5/BR12.txt -i 12 --min_fr=0.98 0.639900 0.459700
../../problems/clp/benchs/BRwp-0.5-0.5/BR12.txt -i 15 --min_fr=0.98 0.626400 0.490800
../../problems/clp/benchs/BRwp-0.5-0.5/BR12.txt -i 16 --min_fr=0.98 0.650400 0.510200
../../problems/clp/benchs/BRwp-0.5-0.5/BR12.txt -i 17 --min_fr=0.98 0.630600 0.491800
../../problems/clp/benchs/BRwp-0.5-0.5/BR12.txt -i 19 --min_fr=0.98 0.599600 0.485000
../../problems/clp/benchs/BRwp-0.5-0.5/BR13.txt -i 0 --min_fr=0.98 0.627600 0.469300
../../problems/clp/benchs/BRwp-0.5-0.5/BR13.txt -i 4 --min_fr=0.98 0.594100 0.436900
../../problems/clp/benchs/BRwp-0.5-0.5/BR13.txt -i 6 --min_fr=0.98 0.623400 0.500200
../../problems/clp/benchs/BRwp-0.5-0.5/BR13.txt -i 7 --min_fr=0.98 0.594300 0.454400
../../problems/clp/benchs/BRwp-0.5-0.5/BR13.txt -i 9 --min_fr=0.98 0.618800 0.476100
../../problems/clp/benchs/BRwp-0.5-0.5/BR13.txt -i 10 --min_fr=0.98 0.615900 0.471200
../../problems/clp/benchs/BRwp-0.5-0.5/BR13.txt -i 12 --min_fr=0.98 0.637400 0.420600
../../problems/clp/benchs/BRwp-0.5-0.5/BR13.txt -i 13 --min_fr=0.98 0.614000 0.501800
../../problems/clp/benchs/BRwp-0.5-0.5/BR13.txt -i 14 --min_fr=0.98 0.605400 0.459500
../../problems/clp/benchs/BRwp-0.5-0.5/BR13.txt -i 15 --min_fr=0.98 0.585800 0.468500
../../problems/clp/benchs/BRwp-0.5-0.5/BR13.txt -i 16 --min_fr=0.98 0.648200 0.478800
../../problems/clp/benchs/BRwp-0.5-0.5/BR13.txt -i 17 --min_fr=0.98 0.646300 0.496900
../../problems/clp/benchs/BRwp-0.5-0.5/BR13.txt -i 19 --min_fr=0.98 0.572000 0.476300
../../problems/clp/benchs/BRwp-0.5-0.5/BR14.txt -i 0 --min_fr=0.98 0.648300 0.482000
../../problems/clp/benchs/BRwp-0.5-0.5/BR14.txt -i 1 --min_fr=0.98 0.582300 0.482800
../../problems/clp/benchs/BRwp-0.5-0.5/BR14.txt -i 4 --min_fr=0.98 0.590700 0.465300
../../problems/clp/benchs/BRwp-0.5-0.5/BR14.txt -i 6 --min_fr=0.98 0.627900 0.491000
../../problems/clp/benchs/BRwp-0.5-0.5/BR14.txt -i 8 --min_fr=0.98 0.606900 0.500800
../../problems/clp/benchs/BRwp-0.5-0.5/BR14.txt -i 9 --min_fr=0.98 0.620800 0.482700
../../problems/clp/benchs/BRwp-0.5-0.5/BR14.txt -i 10 --min_fr=0.98 0.576100 0.418300
../../problems/clp/benchs/BRwp-0.5-0.5/BR14.txt -i 12 --min_fr=0.98 0.644300 0.504900
../../problems/clp/benchs/BRwp-0.5-0.5/BR14.txt -i 13 --min_fr=0.98 0.606400 0.434000
../../problems/clp/benchs/BRwp-0.5-0.5/BR14.txt -i 15 --min_fr=0.98 0.609800 0.461600
../../problems/clp/benchs/BRwp-0.5-0.5/BR14.txt -i 16 --min_fr=0.98 0.596000 0.482400
../../problems/clp/benchs/BRwp-0.5-0.5/BR14.txt -i 17 --min_fr=0.98 0.640900 0.507100
../../problems/clp/benchs/BRwp-0.5-0.5/BR14.txt -i 18 --min_fr=0.98 0.591000 0.445600
../../problems/clp/benchs/BRwp-0.5-0.5/BR14.txt -i 19 --min_fr=0.98 0.631100 0.476100
../../problems/clp/benchs/BRwp-0.5-0.5/BR15.txt -i 0 --min_fr=0.98 0.619600 0.472000
../../problems/clp/benchs/BRwp-0.5-0.5/BR15.txt -i 4 --min_fr=0.98 0.607400 0.448700
../../problems/clp/benchs/BRwp-0.5-0.5/BR15.txt -i 5 --min_fr=0.98 0.614400 0.456000
../../problems/clp/benchs/BRwp-0.5-0.5/BR15.txt -i 8 --min_fr=0.98 0.616000 0.509500
../../problems/clp/benchs/BRwp-0.5-0.5/BR15.txt -i 9 --min_fr=0.98 0.579900 0.456700
../../problems/clp/benchs/BRwp-0.5-0.5/BR15.txt -i 10 --min_fr=0.98 0.582700 0.480700
../../problems/clp/benchs/BRwp-0.5-0.5/BR15.txt -i 11 --min_fr=0.98 0.606700 0.496600
../../problems/clp/benchs/BRwp-0.5-0.5/BR15.txt -i 12 --min_fr=0.98 0.586700 0.462800
../../problems/clp/benchs/BRwp-0.5-0.5/BR15.txt -i 13 --min_fr=0.98 0.600400 0.469800
../../problems/clp/benchs/BRwp-0.5-0.5/BR15.txt -i 14 --min_fr=0.98 0.612100 0.484900
../../problems/clp/benchs/BRwp-0.5-0.5/BR15.txt -i 16 --min_fr=0.98 0.632300 0.497200
../../problems/clp/benchs/BRwp-0.5-0.5/BR15.txt -i 17 --min_fr=0.98 0.615800 0.488800
../../problems/clp/benchs/BRwp-0.5-0.5/BR15.txt -i 19 --min_fr=0.98 0.586000 0.439900
../../problems/clp/benchs/BRwp-1.0-0.5/BR2.txt -i 16 --min_fr=1.0 0.597100 0.459400
../../problems/clp/benchs/BRwp-1.0-0.5/BR3.txt -i 16 --min_fr=1.0 0.647800 0.476700
../../problems/clp/benchs/BRwp-1.0-0.5/BR5.txt -i 18 --min_fr=1.0 0.687700 0.553700
../../problems/clp/benchs/BRwp-1.0-0.5/BR8.txt -i 4 --min_fr=0.98 0.651100 0.528300
../../problems/clp/benchs/BRwp-1.0-0.5/BR8.txt -i 12 --min_fr=0.98 0.637000 0.484900
../../problems/clp/benchs/BRwp-1.0-0.5/BR8.txt -i 17 --min_fr=0.98 0.685300 0.540600
../../problems/clp/benchs/BRwp-1.0-0.5/BR8.txt -i 18 --min_fr=0.98 0.707200 0.482900
../../problems/clp/benchs/BRwp-1.0-0.5/BR9.txt -i 0 --min_fr=0.98 0.672700 0.556000
../../problems/clp/benchs/BRwp-1.0-0.5/BR9.txt -i 1 --min_fr=0.98 0.602400 0.495400
../../problems/clp/benchs/BRwp-1.0-0.5/BR9.txt -i 4 --min_fr=0.98 0.630800 0.506900
../../problems/clp/benchs/BRwp-1.0-0.5/BR9.txt -i 6 --min_fr=0.98 0.631700 0.485000
../../problems/clp/benchs/BRwp-1.0-0.5/BR9.txt -i 12 --min_fr=0.98 0.606700 0.478200
../../problems/clp/benchs/BRwp-1.0-0.5/BR9.txt -i 13 --min_fr=0.98 0.639900 0.531800
../../problems/clp/benchs/BRwp-1.0-0.5/BR9.txt -i 17 --min_fr=0.98 0.603000 0.494300
../../problems/clp/benchs/BRwp-1.0-0.5/BR9.txt -i 18 --min_fr=0.98 0.653700 0.472400
../../problems/clp/benchs/BRwp-1.0-0.5/BR10.txt -i 0 --min_fr=0.98 0.684200 0.546400
../../problems/clp/benchs/BRwp-1.0-0.5/BR10.txt -i 1 --min_fr=0.98 0.639000 0.504500
../../problems/clp/benchs/BRwp-1.0-0.5/BR10.txt -i 4 --min_fr=0.98 0.657400 0.513000
../../problems/clp/benchs/BRwp-1.0-0.5/BR10.txt -i 6 --min_fr=0.98 0.613400 0.441900
../../problems/clp/benchs/BRwp-1.0-0.5/BR10.txt -i 7 --min_fr=0.98 0.583200 0.460000
../../problems/clp/benchs/BRwp-1.0-0.5/BR10.txt -i 10 --min_fr=0.98 0.648300 0.455800
../../problems/clp/benchs/BRwp-1.0-0.5/BR10.txt -i 13 --min_fr=0.98 0.635800 0.503400
../../problems/clp/benchs/BRwp-1.0-0.5/BR10.txt -i 15 --min_fr=0.98 0.637300 0.472300
../../problems/clp/benchs/BRwp-1.0-0.5/BR10.txt -i 19 --min_fr=0.98 0.601800 0.460000
../../problems/clp/benchs/BRwp-1.0-0.5/BR11.txt -i 0 --min_fr=0.98 0.615700 0.497700
../../problems/clp/benchs/BRwp-1.0-0.5/BR11.txt -i 1 --min_fr=0.98 0.605800 0.456500
../../problems/clp/benchs/BRwp-1.0-0.5/BR11.txt -i 2 --min_fr=0.98 0.591600 0.489500
../../problems/clp/benchs/BRwp-1.0-0.5/BR11.txt -i 3 --min_fr=0.98 0.652400 0.483200
../../problems/clp/benchs/BRwp-1.0-0.5/BR11.txt -i 4 --min_fr=0.98 0.614400 0.510100
../../problems/clp/benchs/BRwp-1.0-0.5/BR11.txt -i 9 --min_fr=0.98 0.656700 0.494900
../../problems/clp/benchs/BRwp-1.0-0.5/BR11.txt -i 10 --min_fr=0.98 0.650800 0.490300
../../problems/clp/benchs/BRwp-1.0-0.5/BR11.txt -i 16 --min_fr=0.98 0.643800 0.493400
../../problems/clp/benchs/BRwp-1.0-0.5/BR11.txt -i 18 --min_fr=0.98 0.611700 0.478200
../../problems/clp/benchs/BRwp-1.0-0.5/BR12.txt -i 0 --min_fr=0.98 0.613200 0.501300
../../problems/clp/benchs/BRwp-1.0-0.5/BR12.txt -i 1 --min_fr=0.98 0.596800 0.471200
../../problems/clp/benchs/BRwp-1.0-0.5/BR12.txt -i 4 --min_fr=0.98 0.616900 0.507500
../../problems/clp/benchs/BRwp-1.0-0.5/BR12.txt -i 5 --min_fr=0.98 0.586000 0.485700
../../problems/clp/benchs/BRwp-1.0-0.5/BR12.txt -i 6 --min_fr=0.98 0.626600 0.511800
../../problems/clp/benchs/BRwp-1.0-0.5/BR12.txt -i 7 --min_fr=0.98 0.607300 0.490100
../../problems/clp/benchs/BRwp-1.0-0.5/BR12.txt -i 9 --min_fr=0.98 0.604300 0.460400
../../problems/clp/benchs/BRwp-1.0-0.5/BR12.txt -i 10 --min_fr=0.98 0.643300 0.494300
../../problems/clp/benchs/BRwp-1.0-0.5/BR12.txt -i 11 --min_fr=0.98 0.636200 0.529300
../../problems/clp/benchs/BRwp-1.0-0.5/BR12.txt -i 12 --min_fr=0.98 0.639400 0.495000
../../problems/clp/benchs/BRwp-1.0-0.5/BR12.txt -i 14 --min_fr=0.98 0.619700 0.503400
../../problems/clp/benchs/BRwp-1.0-0.5/BR12.txt -i 15 --min_fr=0.98 0.606000 0.469800
../../problems/clp/benchs/BRwp-1.0-0.5/BR12.txt -i 16 --min_fr=0.98 0.644800 0.479500
../../problems/clp/benchs/BRwp-1.0-0.5/BR12.txt -i 17 --min_fr=0.98 0.584200 0.463600
../../problems/clp/benchs/BRwp-1.0-0.5/BR12.txt -i 19 --min_fr=0.98 0.618000 0.473400
../../problems/clp/benchs/BRwp-1.0-0.5/BR13.txt -i 0 --min_fr=0.98 0.607500 0.471200
../../problems/clp/benchs/BRwp-1.0-0.5/BR13.txt -i 1 --min_fr=0.98 0.591500 0.452400
../../problems/clp/benchs/BRwp-1.0-0.5/BR13.txt -i 3 --min_fr=0.98 0.631700 0.484000
../../problems/clp/benchs/BRwp-1.0-0.5/BR13.txt -i 4 --min_fr=0.98 0.592100 0.474900
../../problems/clp/benchs/BRwp-1.0-0.5/BR13.txt -i 5 --min_fr=0.98 0.555000 0.456100
../../problems/clp/benchs/BRwp-1.0-0.5/BR13.txt -i 7 --min_fr=0.98 0.563600 0.458400
../../problems/clp/benchs/BRwp-1.0-0.5/BR13.txt -i 8 --min_fr=0.98 0.596100 0.474000
../../problems/clp/benchs/BRwp-1.0-0.5/BR13.txt -i 9 --min_fr=0.98 0.627500 0.481100
../../problems/clp/benchs/BRwp-1.0-0.5/BR13.txt -i 10 --min_fr=0.98 0.618500 0.501700
../../problems/clp/benchs/BRwp-1.0-0.5/BR13.txt -i 11 --min_fr=0.98 0.619700 0.477800
../../problems/clp/benchs/BRwp-1.0-0.5/BR13.txt -i 12 --min_fr=0.98 0.652800 0.538300
../../problems/clp/benchs/BRwp-1.0-0.5/BR13.txt -i 13 --min_fr=0.98 0.615600 0.463600
../../problems/clp/benchs/BRwp-1.0-0.5/BR13.txt -i 14 --min_fr=0.98 0.634600 0.479100
../../problems/clp/benchs/BRwp-1.0-0.5/BR13.txt -i 15 --min_fr=0.98 0.599500 0.494700
../../problems/clp/benchs/BRwp-1.0-0.5/BR13.txt -i 16 --min_fr=0.98 0.658000 0.464500
../../problems/clp/benchs/BRwp-1.0-0.5/BR13.txt -i 17 --min_fr=0.98 0.631000 0.502200
../../problems/clp/benchs/BRwp-1.0-0.5/BR13.txt -i 18 --min_fr=0.98 0.608700 0.500700
../../problems/clp/benchs/BRwp-1.0-0.5/BR14.txt -i 0 --min_fr=0.98 0.657300 0.438700
../../problems/clp/benchs/BRwp-1.0-0.5/BR14.txt -i 1 --min_fr=0.98 0.576500 0.462700
../../problems/clp/benchs/BRwp-1.0-0.5/BR14.txt -i 2 --min_fr=0.98 0.591600 0.487900
../../problems/clp/benchs/BRwp-1.0-0.5/BR14.txt -i 3 --min_fr=0.98 0.606700 0.493300
../../problems/clp/benchs/BRwp-1.0-0.5/BR14.txt -i 4 --min_fr=0.98 0.565700 0.437400
../../problems/clp/benchs/BRwp-1.0-0.5/BR14.txt -i 6 --min_fr=0.98 0.614100 0.497200
../../problems/clp/benchs/BRwp-1.0-0.5/BR14.txt -i 7 --min_fr=0.98 0.552900 0.430900
../../problems/clp/benchs/BRwp-1.0-0.5/BR14.txt -i 9 --min_fr=0.98 0.604300 0.455400
../../problems/clp/benchs/BRwp-1.0-0.5/BR14.txt -i 10 --min_fr=0.98 0.596400 0.479800
../../problems/clp/benchs/BRwp-1.0-0.5/BR14.txt -i 11 --min_fr=0.98 0.605800 0.494800
../../problems/clp/benchs/BRwp-1.0-0.5/BR14.txt -i 12 --min_fr=0.98 0.643700 0.461700
../../problems/clp/benchs/BRwp-1.0-0.5/BR14.txt -i 13 --min_fr=0.98 0.621400 0.468900
../../problems/clp/benchs/BRwp-1.0-0.5/BR14.txt -i 15 --min_fr=0.98 0.605100 0.467800
../../problems/clp/benchs/BRwp-1.0-0.5/BR14.txt -i 16 --min_fr=0.98 0.580100 0.457200
../../problems/clp/benchs/BRwp-1.0-0.5/BR14.txt -i 17 --min_fr=0.98 0.647600 0.474100
../../problems/clp/benchs/BRwp-1.0-0.5/BR14.txt -i 18 --min_fr=0.98 0.605100 0.428500
../../problems/clp/benchs/BRwp-1.0-0.5/BR14.txt -i 19 --min_fr=0.98 0.614000 0.458200
../../problems/clp/benchs/BRwp-1.0-0.5/BR15.txt -i 0 --min_fr=0.98 0.633200 0.478500
../../problems/clp/benchs/BRwp-1.0-0.5/BR15.txt -i 1 --min_fr=0.98 0.561700 0.467700
../../problems/clp/benchs/BRwp-1.0-0.5/BR15.txt -i 2 --min_fr=0.98 0.588800 0.479700
../../problems/clp/benchs/BRwp-1.0-0.5/BR15.txt -i 3 --min_fr=0.98 0.601800 0.464600
../../problems/clp/benchs/BRwp-1.0-0.5/BR15.txt -i 4 --min_fr=0.98 0.550900 0.440400
../../problems/clp/benchs/BRwp-1.0-0.5/BR15.txt -i 5 --min_fr=0.98 0.607600 0.473400
../../problems/clp/benchs/BRwp-1.0-0.5/BR15.txt -i 6 --min_fr=0.98 0.618200 0.468100
../../problems/clp/benchs/BRwp-1.0-0.5/BR15.txt -i 11 --min_fr=0.98 0.606800 0.490000
../../problems/clp/benchs/BRwp-1.0-0.5/BR15.txt -i 12 --min_fr=0.98 0.592500 0.487000
../../problems/clp/benchs/BRwp-1.0-0.5/BR15.txt -i 13 --min_fr=0.98 0.596100 0.476700
../../problems/clp/benchs/BRwp-1.0-0.5/BR15.txt -i 14 --min_fr=0.98 0.597100 0.468500
../../problems/clp/benchs/BRwp-1.0-0.5/BR15.txt -i 16 --min_fr=0.98 0.622700 0.480300
../../problems/clp/benchs/BRwp-1.0-0.5/BR15.txt -i 17 --min_fr=0.98 0.637800 0.430900
../../problems/clp/benchs/BRwp-1.0-0.5/BR15.txt -i 18 --min_fr=0.98 0.569900 0.457100
../../problems/clp/benchs/BRwp-1.0-0.5/BR15.txt -i 19 --min_fr=0.98 0.545200 0.443100
../../problems/clp/benchs/BRwp-1.4-0.5/BR1.txt -i 1 --min_fr=1.0 0.745800 0.586600
../../problems/clp/benchs/BRwp-1.4-0.5/BR1.txt -i 9 --min_fr=1.0 0.689600 0.517400
../../problems/clp/benchs/BRwp-1.4-0.5/BR1.txt -i 16 --min_fr=1.0 0.399500 0.302200
../../problems/clp/benchs/BRwp-1.4-0.5/BR2.txt -i 1 --min_fr=1.0 0.334800 0.233500
../../problems/clp/benchs/BRwp-1.4-0.5/BR3.txt -i 8 --min_fr=1.0 0.399100 0.328300
../../problems/clp/benchs/BRwp-1.4-0.5/BR3.txt -i 12 --min_fr=1.0 0.521200 0.347300
../../problems/clp/benchs/BRwp-1.4-0.5/BR4.txt -i 0 --min_fr=1.0 0.579100 0.461600
../../problems/clp/benchs/BRwp-1.4-0.5/BR4.txt -i 3 --min_fr=1.0 0.355500 0.279200
../../problems/clp/benchs/BRwp-1.4-0.5/BR5.txt -i 12 --min_fr=1.0 0.510400 0.422600
../../problems/clp/benchs/BRwp-1.4-0.5/BR6.txt -i 13 --min_fr=1.0 0.561200 0.428300
../../problems/clp/benchs/BRwp-1.4-0.5/BR7.txt -i 10 --min_fr=1.0 0.525700 0.425300
../../problems/clp/benchs/BRwp-1.4-0.5/BR8.txt -i 1 --min_fr=0.98 0.516900 0.343500
../../problems/clp/benchs/BRwp-1.4-0.5/BR8.txt -i 3 --min_fr=0.98 0.580200 0.278300
../../problems/clp/benchs/BRwp-1.4-0.5/BR8.txt -i 4 --min_fr=0.98 0.633600 0.519100
../../problems/clp/benchs/BRwp-1.4-0.5/BR8.txt -i 6 --min_fr=0.98 0.458800 0.322100
../../problems/clp/benchs/BRwp-1.4-0.5/BR8.txt -i 7 --min_fr=0.98 0.508900 0.396400
../../problems/clp/benchs/BRwp-1.4-0.5/BR8.txt -i 8 --min_fr=0.98 0.407900 0.323500
../../problems/clp/benchs/BRwp-1.4-0.5/BR8.txt -i 9 --min_fr=0.98 0.586500 0.445200
../../problems/clp/benchs/BRwp-1.4-0.5/BR8.txt -i 12 --min_fr=0.98 0.440200 0.319700
../../problems/clp/benchs/BRwp-1.4-0.5/BR8.txt -i 15 --min_fr=0.98 0.479600 0.251500
../../problems/clp/benchs/BRwp-1.4-0.5/BR8.txt -i 16 --min_fr=0.98 0.657500 0.422500
../../problems/clp/benchs/BRwp-1.4-0.5/BR8.txt -i 17 --min_fr=0.98 0.463800 0.383100
../../problems/clp/benchs/BRwp-1.4-0.5/BR9.txt -i 0 --min_fr=0.98 0.539300 0.442900
../../problems/clp/benchs/BRwp-1.4-0.5/BR9.txt -i 3 --min_fr=0.98 0.434700 0.341900
../../problems/clp/benchs/BRwp-1.4-0.5/BR9.txt -i 5 --min_fr=0.98 0.474200 0.373600
../../problems/clp/benchs/BRwp-1.4-0.5/BR9.txt -i 6 --min_fr=0.98 0.483000 0.337700
../../problems/clp/benchs/BRwp-1.4-0.5/BR9.txt -i 7 --min_fr=0.98 0.513400 0.416200
../../problems/clp/benchs/BRwp-1.4-0.5/BR9.txt -i 8 --min_fr=0.98 0.502600 0.416200
../../problems/clp/benchs/BRwp-1.4-0.5/BR9.txt -i 14 --min_fr=0.98 0.545500 0.402000
../../problems/clp/benchs/BRwp-1.4-0.5/BR9.txt -i 16 --min_fr=0.98 0.505700 0.375500
../../problems/clp/benchs/BRwp-1.4-0.5/BR9.txt -i 17 --min_fr=0.98 0.593800 0.485700
../../problems/clp/benchs/BRwp-1.4-0.5/BR9.txt -i 19 --min_fr=0.98 0.542800 0.282300
../../problems/clp/benchs/BRwp-1.4-0.5/BR10.txt -i 0 --min_fr=0.98 0.610300 0.460300
../../problems/clp/benchs/BRwp-1.4-0.5/BR10.txt -i 2 --min_fr=0.98 0.528300 0.417300
../../problems/clp/benchs/BRwp-1.4-0.5/BR10.txt -i 3 --min_fr=0.98 0.666600 0.524700
../../problems/clp/benchs/BRwp-1.4-0.5/BR10.txt -i 4 --min_fr=0.98 0.640000 0.485800
../../problems/clp/benchs/BRwp-1.4-0.5/BR10.txt -i 5 --min_fr=0.98 0.516500 0.426800
../../problems/clp/benchs/BRwp-1.4-0.5/BR10.txt -i 6 --min_fr=0.98 0.422800 0.322000
../../problems/clp/benchs/BRwp-1.4-0.5/BR10.txt -i 7 --min_fr=0.98 0.583800 0.332000
../../problems/clp/benchs/BRwp-1.4-0.5/BR10.txt -i 9 --min_fr=0.98 0.543000 0.346700
../../problems/clp/benchs/BRwp-1.4-0.5/BR10.txt -i 12 --min_fr=0.98 0.576800 0.427300
../../problems/clp/benchs/BRwp-1.4-0.5/BR10.txt -i 13 --min_fr=0.98 0.581200 0.443600
../../problems/clp/benchs/BRwp-1.4-0.5/BR10.txt -i 14 --min_fr=0.98 0.592800 0.482500
../../problems/clp/benchs/BRwp-1.4-0.5/BR10.txt -i 15 --min_fr=0.98 0.569500 0.426500
../../problems/clp/benchs/BRwp-1.4-0.5/BR10.txt -i 16 --min_fr=0.98 0.584500 0.455400
../../problems/clp/benchs/BRwp-1.4-0.5/BR10.txt -i 19 --min_fr=0.98 0.563100 0.454400
../../problems/clp/benchs/BRwp-1.4-0.5/BR11.txt -i 0 --min_fr=0.98 0.574300 0.404400
../../problems/clp/benchs/BRwp-1.4-0.5/BR11.txt -i 2 --min_fr=0.98 0.554800 0.424400
../../problems/clp/benchs/BRwp-1.4-0.5/BR11.txt -i 3 --min_fr=0.98 0.479100 0.321900
../../problems/clp/benchs/BRwp-1.4-0.5/BR11.txt -i 5 --min_fr=0.98 0.575100 0.436300
../../problems/clp/benchs/BRwp-1.4-0.5/BR11.txt -i 10 --min_fr=0.98 0.619600 0.465900
../../problems/clp/benchs/BRwp-1.4-0.5/BR11.txt -i 12 --min_fr=0.98 0.518600 0.350600
../../problems/clp/benchs/BRwp-1.4-0.5/BR11.txt -i 13 --min_fr=0.98 0.491700 0.361800
../../problems/clp/benchs/BRwp-1.4-0.5/BR11.txt -i 14 --min_fr=0.98 0.525900 0.323300
../../problems/clp/benchs/BRwp-1.4-0.5/BR11.txt -i 15 --min_fr=0.98 0.578000 0.471400
../../problems/clp/benchs/BRwp-1.4-0.5/BR11.txt -i 17 --min_fr=0.98 0.555100 0.361400
../../problems/clp/benchs/BRwp-1.4-0.5/BR11.txt -i 18 --min_fr=0.98 0.566600 0.393600
../../problems/clp/benchs/BRwp-1.4-0.5/BR11.txt -i 19 --min_fr=0.98 0.578200 0.467300
../../problems/clp/benchs/BRwp-1.4-0.5/BR12.txt -i 2 --min_fr=0.98 0.544400 0.285700
../../problems/clp/benchs/BRwp-1.4-0.5/BR12.txt -i 3 --min_fr=0.98 0.562500 0.421000
../../problems/clp/benchs/BRwp-1.4-0.5/BR12.txt -i 4 --min_fr=0.98 0.473800 0.346100
../../problems/clp/benchs/BRwp-1.4-0.5/BR12.txt -i 5 --min_fr=0.98 0.465400 0.337200
../../problems/clp/benchs/BRwp-1.4-0.5/BR12.txt -i 6 --min_fr=0.98 0.478900 0.262000
../../problems/clp/benchs/BRwp-1.4-0.5/BR12.txt -i 8 --min_fr=0.98 0.586000 0.471300
../../problems/clp/benchs/BRwp-1.4-0.5/BR12.txt -i 9 --min_fr=0.98 0.595600 0.316400
../../problems/clp/benchs/BRwp-1.4-0.5/BR12.txt -i 10 --min_fr=0.98 0.446800 0.276000
../../problems/clp/benchs/BRwp-1.4-0.5/BR12.txt -i 12 --min_fr=0.98 0.589100 0.353000
../../problems/clp/benchs/BRwp-1.4-0.5/BR12.txt -i 13 --min_fr=0.98 0.474300 0.388100
../../problems/clp/benchs/BRwp-1.4-0.5/BR12.txt -i 14 --min_fr=0.98 0.594900 0.489200
../../problems/clp/benchs/BRwp-1.4-0.5/BR12.txt -i 15 --min_fr=0.98 0.611100 0.489700
../../problems/clp/benchs/BRwp-1.4-0.5/BR12.txt -i 16 --min_fr=0.98 0.515100 0.394600
../../problems/clp/benchs/BRwp-1.4-0.5/BR12.txt -i 17 --min_fr=0.98 0.551700 0.389100
../../problems/clp/benchs/BRwp-1.4-0.5/BR12.txt -i 18 --min_fr=0.98 0.497900 0.361600
../../problems/clp/benchs/BRwp-1.4-0.5/BR12.txt -i 19 --min_fr=0.98 0.512400 0.333400
../../problems/clp/benchs/BRwp-1.4-0.5/BR13.txt -i 0 --min_fr=0.98 0.579500 0.407000
../../problems/clp/benchs/BRwp-1.4-0.5/BR13.txt -i 1 --min_fr=0.98 0.523600 0.364400
../../problems/clp/benchs/BRwp-1.4-0.5/BR13.txt -i 2 --min_fr=0.98 0.504900 0.327500
../../problems/clp/benchs/BRwp-1.4-0.5/BR13.txt -i 3 --min_fr=0.98 0.471200 0.272900
../../problems/clp/benchs/BRwp-1.4-0.5/BR13.txt -i 4 --min_fr=0.98 0.601200 0.403900
../../problems/clp/benchs/BRwp-1.4-0.5/BR13.txt -i 5 --min_fr=0.98 0.461000 0.374700
../../problems/clp/benchs/BRwp-1.4-0.5/BR13.txt -i 6 --min_fr=0.98 0.600200 0.472100
../../problems/clp/benchs/BRwp-1.4-0.5/BR13.txt -i 7 --min_fr=0.98 0.501000 0.342700
../../problems/clp/benchs/BRwp-1.4-0.5/BR13.txt -i 8 --min_fr=0.98 0.542300 0.413700
../../problems/clp/benchs/BRwp-1.4-0.5/BR13.txt -i 9 --min_fr=0.98 0.583700 0.379300
../../problems/clp/benchs/BRwp-1.4-0.5/BR13.txt -i 10 --min_fr=0.98 0.533000 0.366100
../../problems/clp/benchs/BRwp-1.4-0.5/BR13.txt -i 11 --min_fr=0.98 0.548900 0.391700
../../problems/clp/benchs/BRwp-1.4-0.5/BR13.txt -i 12 --min_fr=0.98 0.609700 0.249700
../../problems/clp/benchs/BRwp-1.4-0.5/BR13.txt -i 13 --min_fr=0.98 0.594800 0.299200
../../problems/clp/benchs/BRwp-1.4-0.5/BR13.txt -i 14 --min_fr=0.98 0.526200 0.413600
../../problems/clp/benchs/BRwp-1.4-0.5/BR13.txt -i 16 --min_fr=0.98 0.555300 0.413900
../../problems/clp/benchs/BRwp-1.4-0.5/BR13.txt -i 17 --min_fr=0.98 0.578400 0.472900
../../problems/clp/benchs/BRwp-1.4-0.5/BR13.txt -i 18 --min_fr=0.98 0.591800 0.415900
../../problems/clp/benchs/BRwp-1.4-0.5/BR14.txt -i 0 --min_fr=0.98 0.590300 0.389600
../../problems/clp/benchs/BRwp-1.4-0.5/BR14.txt -i 1 --min_fr=0.98 0.552500 0.457100
../../problems/clp/benchs/BRwp-1.4-0.5/BR14.txt -i 2 --min_fr=0.98 0.501900 0.284700
../../problems/clp/benchs/BRwp-1.4-0.5/BR14.txt -i 4 --min_fr=0.98 0.394700 0.190200
../../problems/clp/benchs/BRwp-1.4-0.5/BR14.txt -i 6 --min_fr=0.98 0.576300 0.380900
../../problems/clp/benchs/BRwp-1.4-0.5/BR14.txt -i 7 --min_fr=0.98 0.502300 0.399000
../../problems/clp/benchs/BRwp-1.4-0.5/BR14.txt -i 9 --min_fr=0.98 0.531300 0.237700
../../problems/clp/benchs/BRwp-1.4-0.5/BR14.txt -i 10 --min_fr=0.98 0.518400 0.357600
../../problems/clp/benchs/BRwp-1.4-0.5/BR14.txt -i 11 --min_fr=0.98 0.548900 0.335900
../../problems/clp/benchs/BRwp-1.4-0.5/BR14.txt -i 12 --min_fr=0.98 0.590900 0.473100
../../problems/clp/benchs/BRwp-1.4-0.5/BR14.txt -i 13 --min_fr=0.98 0.539200 0.425500
../../problems/clp/benchs/BRwp-1.4-0.5/BR14.txt -i 14 --min_fr=0.98 0.591700 0.413000
../../problems/clp/benchs/BRwp-1.4-0.5/BR14.txt -i 15 --min_fr=0.98 0.565300 0.405200
../../problems/clp/benchs/BRwp-1.4-0.5/BR14.txt -i 16 --min_fr=0.98 0.519000 0.225000
../../problems/clp/benchs/BRwp-1.4-0.5/BR14.txt -i 17 --min_fr=0.98 0.613300 0.438400
../../problems/clp/benchs/BRwp-1.4-0.5/BR14.txt -i 18 --min_fr=0.98 0.553700 0.435500
../../problems/clp/benchs/BRwp-1.4-0.5/BR14.txt -i 19 --min_fr=0.98 0.527200 0.318400
../../problems/clp/benchs/BRwp-1.4-0.5/BR15.txt -i 0 --min_fr=0.98 0.548800 0.454500
../../problems/clp/benchs/BRwp-1.4-0.5/BR15.txt -i 1 --min_fr=0.98 0.547700 0.449500
../../problems/clp/benchs/BRwp-1.4-0.5/BR15.txt -i 2 --min_fr=0.98 0.520300 0.399700
../../problems/clp/benchs/BRwp-1.4-0.5/BR15.txt -i 3 --min_fr=0.98 0.586100 0.457600
../../problems/clp/benchs/BRwp-1.4-0.5/BR15.txt -i 4 --min_fr=0.98 0.475400 0.343400
../../problems/clp/benchs/BRwp-1.4-0.5/BR15.txt -i 6 --min_fr=0.98 0.516500 0.299500
../../problems/clp/benchs/BRwp-1.4-0.5/BR15.txt -i 7 --min_fr=0.98 0.471200 0.342000
../../problems/clp/benchs/BRwp-1.4-0.5/BR15.txt -i 8 --min_fr=0.98 0.599700 0.445700
../../problems/clp/benchs/BRwp-1.4-0.5/BR15.txt -i 9 --min_fr=0.98 0.487000 0.304300
../../problems/clp/benchs/BRwp-1.4-0.5/BR15.txt -i 10 --min_fr=0.98 0.573600 0.439300
../../problems/clp/benchs/BRwp-1.4-0.5/BR15.txt -i 11 --min_fr=0.98 0.421500 0.278000
../../problems/clp/benchs/BRwp-1.4-0.5/BR15.txt -i 12 --min_fr=0.98 0.448700 0.312600
../../problems/clp/benchs/BRwp-1.4-0.5/BR15.txt -i 13 --min_fr=0.98 0.557700 0.460900
../../problems/clp/benchs/BRwp-1.4-0.5/BR15.txt -i 16 --min_fr=0.98 0.524000 0.249500
../../problems/clp/benchs/BRwp-1.4-0.5/BR15.txt -i 17 --min_fr=0.98 0.593900 0.299700
../../problems/clp/benchs/BRwp-1.4-0.5/BR15.txt -i 18 --min_fr=0.98 0.499500 0.354700
../../problems/clp/benchs/BRwp-1.4-0.5/BR15.txt -i 19 --min_fr=0.98 0.542800 0.308500
