0.5503 
0.7301 
0.5739 
0.6177 
0.5869 
0.5676 
0.9268 
0.7026 
0.5230 
0.6803 
0.6678 
0.8598 
0.7622 
0.7130 
0.7243 
0.6710 
0.8895 
0.5512 
0.6183 
0.5257 
0.9156 
0.8691 
0.7598 
0.9424 
0.7157 
0.6115 
0.9195 
0.9230 
0.7332 
0.7426 
0.6178 
0.7261 
0.7226 
0.7755 
0.8180 
0.5705 
0.9447 
0.7544 
0.7417 
0.7604 
0.6426 
0.6909 
0.6822 
0.7668 
0.8073 
0.7879 
0.7568 
0.7755 
0.7651 
0.7780 
0.7836 
0.7729 
0.7935 
0.7516 
0.6444 
0.9313 
0.8066 
0.7682 
0.6959 
0.7125 
0.6995 
0.8860 
0.7279 
0.7307 
0.6835 
0.7735 
0.7743 
0.8455 
0.7103 
0.8048 
0.7564 
0.6116 
0.6671 
0.8276 
0.6529 
0.7111 
0.7300 
0.7620 
0.7556 
0.7430 
0.8828 
0.8310 
0.8388 
0.9113 
0.8596 
0.6313 
0.6932 
0.6990 
0.8375 
0.7515 
0.7753 
0.7043 
0.7768 
0.8587 
0.6396 
0.7048 
0.7869 
0.7686 
0.7688 
0.7199 
0.7164 
0.7198 
0.7462 
0.8157 
0.7682 
0.7013 
0.8524 
0.8313 
0.6987 
0.7520 
0.7834 
0.7476 
0.7899 
0.8188 
0.7306 
0.8660 
0.7384 
0.8815 
0.7747 
0.7616 
0.7218 
0.8166 
0.7757 
0.8221 
0.7829 
0.8824 
0.7481 
0.7259 
0.8144 
0.7291 
0.7417 
0.8309 
0.8390 
0.7405 
0.7796 
0.7332 
0.7817 
0.7154 
0.7783 
0.7016 
0.7616 
0.7721 
0.7708 
0.7569 
0.8023 
0.7163 
0.6922 
0.6855 
0.7497 
0.8140 
0.7233 
0.7317 
0.8122 
0.7413 
0.7748 
0.7272 
0.7610 
0.7270 
0.7883 
0.7525 
0.7794 
0.7336 
0.7619 
0.7502 
0.7344 
0.7438 
0.7841 
0.6586 
0.7583 
0.6716 
0.7672 
0.7681 
0.7361 
0.7580 
0.6903 
0.6804 
0.7222 
0.7020 
0.7913 
0.7370 
0.7790 
0.6919 
0.6720 
0.7553 
0.7381 
0.6813 
0.7253 
0.7138 
0.7609 
0.7032 
0.7414 
0.6899 
0.7085 
0.7570 
0.6859 
0.7447 
0.6973 
0.7884 
0.7213 
0.7796 
0.7032 
0.7402 
0.6847 
0.7584 
0.7350 
0.6930 
0.7384 
0.6752 
0.7454 
0.6829 
0.7402 
0.7640 
0.7201 
0.7304 
0.7263 
0.7276 
0.7227 
0.7244 
0.7471 
0.7261 
0.7760 
0.7218 
0.7756 
0.7596 
0.7419 
0.6902 
0.7799 
0.7493 
0.7120 
0.7876 
0.7559 
0.7873 
0.7397 
0.7542 
0.7047 
0.7257 
0.7520 
0.7831 
0.7473 
0.7306 
0.6935 
0.7865 
0.7103 
0.7731 
0.6948 
0.7234 
0.7232 
0.7166 
0.7052 
0.7194 
0.7398 
0.7627 
0.7504 
0.7691 
0.7301 
0.6953 
0.7819 
0.7285 
0.7361 
0.7123 
0.7356 
0.7221 
0.7319 
0.7292 
0.7179 
0.7121 
0.7152 
0.6973 
0.7112 
0.7313 
0.7587 
0.7026 
0.7987 
0.7361 
0.7828 
0.7342 
0.7107 
0.7455 
0.7303 
0.7085 
0.7509 
0.7370 
0.7651 
0.7372 
0.6887 
0.7189 
0.7283 
0.6799 
0.6951 
0.7560 
0.7181 
0.7330 
0.7176 
0.7588 
0.7225 
0.7154 
0.7531 
0.7265 
0.7386 
0.7235 
0.6866 
0.8686 
0.2874 
0.6885 
0.6557 
0.8314 
0.5894 
0.8612 
0.5255 
0.6151 
0.6050 
0.7664 
0.6330 
0.8081 
0.3678 
0.7141 
0.6876 
0.8899 
0.5117 
0.6243 
0.6482 
0.6091 
0.7320 
0.7160 
0.7803 
0.5697 
0.7913 
0.8865 
0.7400 
0.6430 
0.6498 
0.5721 
0.8444 
0.6865 
0.6117 
0.8727 
0.4506 
0.6518 
0.8101 
0.7734 
0.8909 
0.7047 
0.7719 
0.7886 
0.6646 
0.7322 
0.7330 
0.8265 
0.6988 
0.7979 
0.6760 
0.7623 
0.7595 
0.7727 
0.5676 
0.6775 
0.4914 
0.6908 
0.8489 
0.7658 
0.7263 
0.8045 
0.7060 
0.6914 
0.8863 
0.6722 
0.7566 
0.7730 
0.8828 
0.7423 
0.7587 
0.8451 
0.8375 
0.7246 
0.7929 
0.6586 
0.7622 
0.6697 
0.8185 
0.8748 
0.7412 
0.8737 
0.7040 
0.7606 
0.8700 
0.8282 
0.7444 
0.8682 
0.6810 
0.7765 
0.7695 
0.7478 
0.8148 
0.9129 
0.7600 
0.7344 
0.9156 
0.7663 
0.5981 
0.8047 
0.7220 
0.8144 
0.7390 
0.7960 
0.7828 
0.7112 
0.7764 
0.7832 
0.6165 
0.7354 
0.7947 
0.8100 
0.7095 
0.8788 
0.7105 
0.8567 
0.8709 
0.8273 
0.8040 
0.7235 
0.7648 
0.7819 
0.7819 
0.8148 
0.7747 
0.7476 
0.7076 
0.7996 
0.7952 
0.7126 
0.7426 
0.7062 
0.7213 
0.8103 
0.7401 
0.7035 
0.7513 
0.8201 
0.7616 
0.6982 
0.6835 
0.7298 
0.6450 
0.8585 
0.6631 
0.6664 
0.7656 
0.7345 
0.7492 
0.7650 
0.7750 
0.7512 
0.7025 
0.7963 
0.7562 
0.7379 
0.7775 
0.7189 
0.7901 
0.7592 
0.7118 
0.6921 
0.6921 
0.6788 
0.7674 
0.7234 
0.7449 
0.7035 
0.7176 
0.7613 
0.7735 
0.8017 
0.7485 
0.8261 
0.6894 
0.7483 
0.6936 
0.7418 
0.7715 
0.7250 
0.7749 
0.7102 
0.6258 
0.8027 
0.6965 
0.7282 
0.7371 
0.6460 
0.7740 
0.7466 
0.7543 
0.7694 
0.6656 
0.6977 
0.7146 
0.6972 
0.7767 
0.7812 
0.8155 
0.7068 
0.7380 
0.6995 
0.6891 
0.7693 
0.6963 
0.6964 
0.6806 
0.6830 
0.7561 
0.7730 
0.7384 
0.7168 
0.7191 
0.7647 
0.7503 
0.7245 
0.7154 
0.7492 
0.7365 
0.7051 
0.7510 
0.7211 
0.7231 
0.7679 
0.7021 
0.7213 
0.7585 
0.7148 
0.7329 
0.7181 
0.7594 
0.7084 
0.7272 
0.7459 
0.7384 
0.7169 
0.7665 
0.7930 
0.7491 
0.7090 
0.7486 
0.6745 
0.6720 
0.7085 
0.7565 
0.7347 
0.7345 
0.7116 
0.6972 
0.7753 
0.7755 
0.7332 
0.7473 
0.7754 
0.7401 
0.6957 
0.7452 
0.7592 
0.7212 
0.6946 
0.7642 
0.6986 
0.6950 
0.7236 
0.7176 
0.6935 
0.7384 
0.6986 
0.7352 
0.7431 
0.7259 
0.7606 
0.7541 
0.7555 
0.6610 
0.7138 
0.6961 
0.7249 
0.7784 
0.7208 
0.7838 
0.7114 
0.7273 
0.7249 
0.7307 
0.7104 
0.6920 
0.6597 
0.7233 
0.6933 
0.7385 
0.7631 
0.7131 
0.7258 
0.7408 
0.7354 
0.7221 
0.7061 
0.6596 
0.7337 
0.3513 
0.5842 
0.5694 
0.8683 
0.3606 
0.8684 
0.4401 
0.6313 
0.4652 
0.5204 
0.4821 
0.4363 
0.8047 
0.5310 
0.4079 
0.7913 
0.3022 
0.8581 
0.4088 
0.7213 
0.6985 
0.2342 
0.6861 
0.3690 
0.6196 
0.3870 
0.7499 
0.5585 
0.6264 
0.6552 
0.5701 
0.3260 
0.5750 
0.7747 
0.6704 
0.5532 
0.7483 
0.6289 
0.4932 
0.5994 
0.7049 
0.6586 
0.6024 
0.5028 
0.3969 
0.4376 
0.5484 
0.8443 
0.3320 
0.6250 
0.5413 
0.6805 
0.4156 
0.7957 
0.3061 
0.6407 
0.6325 
0.6936 
0.8819 
0.4449 
0.5328 
0.7374 
0.7061 
0.3278 
0.7487 
0.7249 
0.6889 
0.7241 
0.6759 
0.6769 
0.8558 
0.6444 
0.8144 
0.5259 
0.5496 
0.8265 
0.5431 
0.5586 
0.6125 
0.5267 
0.5260 
0.7406 
0.8243 
0.4299 
0.8504 
0.6116 
0.4479 
0.7415 
0.7894 
0.6704 
0.6918 
0.5359 
0.5127 
0.6417 
0.7040 
0.6076 
0.5701 
0.4099 
0.6832 
0.5993 
0.7224 
0.7094 
0.7346 
0.5376 
0.4952 
0.5399 
0.5952 
0.7933 
0.4985 
0.5402 
0.5813 
0.6441 
0.6669 
0.5343 
0.6804 
0.5614 
0.6477 
0.5517 
0.7966 
0.7597 
0.8029 
0.5944 
0.7864 
0.7344 
0.6314 
0.5084 
0.7060 
0.7090 
0.7106 
0.7139 
0.5383 
0.5869 
0.6657 
0.5683 
0.5521 
0.6392 
0.5227 
0.6742 
0.5809 
0.6707 
0.7719 
0.5713 
0.6217 
0.6045 
0.6586 
0.6404 
0.5342 
0.5242 
0.4800 
0.5886 
0.6844 
0.7221 
0.5503 
0.4766 
0.7022 
0.5025 
0.7137 
0.4950 
0.5650 
0.6524 
0.6369 
0.7116 
0.6560 
0.5039 
0.7554 
0.5535 
0.4981 
0.5412 
0.5769 
0.6098 
0.6000 
0.6898 
0.7126 
0.6563 
0.5289 
0.6550 
0.6391 
0.6479 
0.7129 
0.5800 
0.5157 
0.5554 
0.5881 
0.6749 
0.6935 
0.6002 
0.5784 
0.6029 
0.6737 
0.5981 
0.7193 
0.5212 
0.6969 
0.7521 
0.7097 
0.6582 
0.6144 
0.6228 
0.7184 
0.6424 
0.6802 
0.6867 
0.5981 
0.4703 
0.5902 
0.5829 
0.6775 
0.6529 
0.6374 
0.6233 
0.6215 
0.5489 
0.6015 
0.7234 
0.5339 
0.6899 
0.5238 
0.5490 
0.6399 
0.6913 
0.7085 
0.6302 
0.6300 
0.5733 
0.5267 
0.5684 
0.5592 
0.7284 
0.6518 
0.6337 
0.6244 
0.7086 
0.6405 
0.5294 
0.6004 
0.7832 
0.6202 
0.6332 
0.5025 
0.5384 
0.6603 
0.6021 
0.5634 
0.4800 
0.6301 
0.5160 
0.6678 
0.5327 
0.5761 
0.5785 
0.4938 
0.5807 
0.6854 
0.6264 
0.5846 
0.6782 
0.5921 
0.6750 
0.6657 
0.5418 
0.6582 
0.6218 
0.5405 
0.6144 
0.4650 
0.7260 
0.5717 
0.5695 
0.6503 
0.5698 
0.5555 
0.5876 
0.6996 
0.5865 
0.7235 
0.6040 
0.5172 
0.6659 
0.6709 
0.6327 
0.7048 
0.6315 
0.5569 
0.7124 
0.6291 
0.6523 
0.6257 
0.5242 
0.6084 
0.6253 
0.6489 
0.5687 
0.5857 
0.7307 
0.6563 
0.6432 
0.6128 
0.5991 
0.6241 
0.5773 
