../../problems/clp/benchs/BRwp-0.5-0.5/BR1.txt -i 6 --min_fr=1.0 0.724000 0.931400
../../problems/clp/benchs/BRwp-0.5-0.5/BR1.txt -i 11 --min_fr=1.0 0.623300 0.864900
../../problems/clp/benchs/BRwp-0.5-0.5/BR1.txt -i 16 --min_fr=1.0 0.680200 0.891000
../../problems/clp/benchs/BRwp-0.5-0.5/BR2.txt -i 0 --min_fr=1.0 0.713300 0.911800
../../problems/clp/benchs/BRwp-0.5-0.5/BR2.txt -i 1 --min_fr=1.0 0.690600 0.867500
../../problems/clp/benchs/BRwp-0.5-0.5/BR2.txt -i 3 --min_fr=1.0 0.734400 0.954700
../../problems/clp/benchs/BRwp-0.5-0.5/BR2.txt -i 8 --min_fr=1.0 0.600900 0.738100
../../problems/clp/benchs/BRwp-0.5-0.5/BR2.txt -i 11 --min_fr=1.0 0.565200 0.726000
../../problems/clp/benchs/BRwp-0.5-0.5/BR2.txt -i 14 --min_fr=1.0 0.615600 0.774800
../../problems/clp/benchs/BRwp-0.5-0.5/BR2.txt -i 16 --min_fr=1.0 0.770100 0.941600
../../problems/clp/benchs/BRwp-0.5-0.5/BR3.txt -i 5 --min_fr=1.0 0.596900 0.748200
../../problems/clp/benchs/BRwp-0.5-0.5/BR3.txt -i 10 --min_fr=1.0 0.624200 0.751000
../../problems/clp/benchs/BRwp-0.5-0.5/BR3.txt -i 11 --min_fr=1.0 0.625300 0.771100
../../problems/clp/benchs/BRwp-0.5-0.5/BR3.txt -i 15 --min_fr=1.0 0.679900 0.843300
../../problems/clp/benchs/BRwp-0.5-0.5/BR5.txt -i 2 --min_fr=1.0 0.613200 0.810700
../../problems/clp/benchs/BRwp-1.0-0.5/BR1.txt -i 5 --min_fr=1.0 0.651400 0.833600
../../problems/clp/benchs/BRwp-1.0-0.5/BR1.txt -i 7 --min_fr=1.0 0.630200 0.844600
../../problems/clp/benchs/BRwp-1.0-0.5/BR1.txt -i 11 --min_fr=1.0 0.623300 0.770100
../../problems/clp/benchs/BRwp-1.0-0.5/BR1.txt -i 16 --min_fr=1.0 0.515600 0.687600
../../problems/clp/benchs/BRwp-1.0-0.5/BR1.txt -i 17 --min_fr=1.0 0.636700 0.889600
../../problems/clp/benchs/BRwp-1.0-0.5/BR2.txt -i 7 --min_fr=1.0 0.717400 0.888300
../../problems/clp/benchs/BRwp-1.0-0.5/BR2.txt -i 12 --min_fr=1.0 0.681600 0.847500
../../problems/clp/benchs/BRwp-1.0-0.5/BR2.txt -i 14 --min_fr=1.0 0.444700 0.611300
../../problems/clp/benchs/BRwp-1.0-0.5/BR2.txt -i 15 --min_fr=1.0 0.611900 0.794100
../../problems/clp/benchs/BRwp-1.0-0.5/BR3.txt -i 0 --min_fr=1.0 0.680900 0.869700
../../problems/clp/benchs/BRwp-1.0-0.5/BR3.txt -i 9 --min_fr=1.0 0.646700 0.777200
../../problems/clp/benchs/BRwp-1.0-0.5/BR3.txt -i 11 --min_fr=1.0 0.621800 0.758700
../../problems/clp/benchs/BRwp-1.0-0.5/BR4.txt -i 6 --min_fr=1.0 0.615200 0.745300
../../problems/clp/benchs/BRwp-1.0-0.5/BR4.txt -i 8 --min_fr=1.0 0.659800 0.846000
../../problems/clp/benchs/BRwp-1.0-0.5/BR4.txt -i 11 --min_fr=1.0 0.657400 0.829900
../../problems/clp/benchs/BRwp-1.0-0.5/BR5.txt -i 5 --min_fr=1.0 0.613300 0.771500
../../problems/clp/benchs/BRwp-1.0-0.5/BR5.txt -i 7 --min_fr=1.0 0.641700 0.829200
../../problems/clp/benchs/BRwp-1.0-0.5/BR5.txt -i 16 --min_fr=1.0 0.720800 0.890500
../../problems/clp/benchs/BRwp-1.0-0.5/BR6.txt -i 2 --min_fr=1.0 0.587000 0.708500
../../problems/clp/benchs/BRwp-1.4-0.5/BR1.txt -i 0 --min_fr=1.0 0.259400 0.351300
../../problems/clp/benchs/BRwp-1.4-0.5/BR1.txt -i 2 --min_fr=1.0 0.467900 0.567100
../../problems/clp/benchs/BRwp-1.4-0.5/BR1.txt -i 3 --min_fr=1.0 0.736000 0.884300
../../problems/clp/benchs/BRwp-1.4-0.5/BR1.txt -i 5 --min_fr=1.0 0.648700 0.873300
../../problems/clp/benchs/BRwp-1.4-0.5/BR1.txt -i 8 --min_fr=1.0 0.309500 0.465200
../../problems/clp/benchs/BRwp-1.4-0.5/BR1.txt -i 10 --min_fr=1.0 0.393100 0.482100
../../problems/clp/benchs/BRwp-1.4-0.5/BR1.txt -i 15 --min_fr=1.0 0.588500 0.795100
../../problems/clp/benchs/BRwp-1.4-0.5/BR1.txt -i 17 --min_fr=1.0 0.636900 0.857800
../../problems/clp/benchs/BRwp-1.4-0.5/BR1.txt -i 19 --min_fr=1.0 0.479700 0.724200
../../problems/clp/benchs/BRwp-1.4-0.5/BR2.txt -i 5 --min_fr=1.0 0.247000 0.387000
../../problems/clp/benchs/BRwp-1.4-0.5/BR2.txt -i 16 --min_fr=1.0 0.586300 0.765100
../../problems/clp/benchs/BRwp-1.4-0.5/BR3.txt -i 0 --min_fr=1.0 0.554400 0.691700
../../problems/clp/benchs/BRwp-1.4-0.5/BR3.txt -i 3 --min_fr=1.0 0.425100 0.547400
../../problems/clp/benchs/BRwp-1.4-0.5/BR3.txt -i 5 --min_fr=1.0 0.316000 0.437700
../../problems/clp/benchs/BRwp-1.4-0.5/BR3.txt -i 7 --min_fr=1.0 0.672200 0.849000
../../problems/clp/benchs/BRwp-1.4-0.5/BR4.txt -i 10 --min_fr=1.0 0.607300 0.772100
../../problems/clp/benchs/BRwp-1.4-0.5/BR4.txt -i 11 --min_fr=1.0 0.490300 0.622900
../../problems/clp/benchs/BRwp-1.4-0.5/BR4.txt -i 14 --min_fr=1.0 0.423700 0.526000
../../problems/clp/benchs/BRwp-1.4-0.5/BR5.txt -i 2 --min_fr=1.0 0.612500 0.746300
