0.9474 
0.9750 
0.9239 
0.9303 
0.9514 
0.9545 
0.9261 
0.9818 
0.9486 
0.9553 
0.9432 
0.9534 
0.9792 
0.9659 
0.9667 
0.9620 
0.9782 
0.9139 
0.9544 
0.9518 
0.9647 
0.9625 
0.9645 
0.9544 
0.9652 
0.9728 
0.9722 
0.9643 
0.9660 
0.9713 
0.9636 
0.9620 
0.9695 
0.9687 
0.9722 
0.9634 
0.9723 
0.9480 
0.9628 
0.9618 
0.9674 
0.9756 
0.9562 
0.9701 
0.9677 
0.9687 
0.9739 
0.9537 
0.9590 
0.9601 
0.9659 
0.9612 
0.9724 
0.9664 
0.9598 
0.9660 
0.9369 
0.9524 
0.9718 
0.9689 
0.9615 
0.9644 
0.9638 
0.9647 
0.9672 
0.9654 
0.9665 
0.9606 
0.9632 
0.9412 
0.9543 
0.9647 
0.9690 
0.9548 
0.9669 
0.9709 
0.9543 
0.9308 
0.9703 
0.9679 
0.9642 
0.9631 
0.9553 
0.9674 
0.9654 
0.9671 
0.9625 
0.9487 
0.9711 
0.9674 
0.9563 
0.9589 
0.9682 
0.9703 
0.9650 
0.9575 
0.9608 
0.9600 
0.9609 
0.9638 
0.9579 
0.9683 
0.9612 
0.9672 
0.9651 
0.9634 
0.9617 
0.9580 
0.9594 
0.9576 
0.9610 
0.9587 
0.9643 
0.9676 
0.9648 
0.9611 
0.9637 
0.9595 
0.9638 
0.9652 
0.9621 
0.9590 
0.9559 
0.9615 
0.9577 
0.9628 
0.9642 
0.9526 
0.9534 
0.9602 
0.9579 
0.9694 
0.9612 
0.9686 
0.9605 
0.9610 
0.9618 
0.9594 
0.9596 
0.9633 
0.9551 
0.9550 
0.9539 
0.9524 
0.9551 
0.9431 
0.9514 
0.9522 
0.9430 
0.9431 
0.9604 
0.9592 
0.9407 
0.9401 
0.9522 
0.9514 
0.9519 
0.9584 
0.9508 
0.9446 
0.9543 
0.9598 
0.9560 
0.9466 
0.9519 
0.9486 
0.9476 
0.9538 
0.9454 
0.9578 
0.9548 
0.9514 
0.9470 
0.9562 
0.9478 
0.9546 
0.9537 
0.9533 
0.9548 
0.9525 
0.9511 
0.9474 
0.9494 
0.9151 
0.9501 
0.9419 
0.9471 
0.9471 
0.9454 
0.9441 
0.9489 
0.9465 
0.9394 
0.9488 
0.9493 
0.9555 
0.9476 
0.9458 
0.9177 
0.9362 
0.9455 
0.9487 
0.9470 
0.9546 
0.9530 
0.9380 
0.9550 
0.9531 
0.9481 
0.9520 
0.9483 
0.9480 
0.9413 
0.9445 
0.9608 
0.9510 
0.9475 
0.9206 
0.9142 
0.9502 
0.9478 
0.9393 
0.9464 
0.9513 
0.9498 
0.9299 
0.9447 
0.9469 
0.9146 
0.9412 
0.9521 
0.9480 
0.9443 
0.9455 
0.9509 
0.9092 
0.9443 
0.9483 
0.9442 
0.9416 
0.9413 
0.9493 
0.9464 
0.9532 
0.9443 
0.9254 
0.9450 
0.9376 
0.9454 
0.9496 
0.9462 
0.9507 
0.9453 
0.9262 
0.9485 
0.9143 
0.9102 
0.9212 
0.9217 
0.9411 
0.9156 
0.9364 
0.9425 
0.9465 
0.9433 
0.9395 
0.9378 
0.9409 
0.9482 
0.9512 
0.9110 
0.9153 
0.9532 
0.9447 
0.9419 
0.9202 
0.9459 
0.9111 
0.9460 
0.9489 
0.9448 
0.9515 
0.9457 
0.9475 
0.9406 
0.9359 
0.9494 
0.9098 
0.9481 
0.9428 
0.9289 
0.9401 
0.9549 
0.9473 
0.9488 
0.9086 
0.9475 
0.9417 
0.9484 
0.9203 
