-1.0000 
-1.0000 
-1.0000 
-1.0000 
-1.0000 
-1.0000 
-1.0000 
-1.0000 
-1.0000 
-1.0000 
-1.0000 
-1.0000 
-1.0000 
-1.0000 
0.9442 
-1.0000 
-1.0000 
-1.0000 
-1.0000 
-1.0000 
-1.0000 
-1.0000 
-1.0000 
-1.0000 
-1.0000 
-1.0000 
-1.0000 
-1.0000 
-1.0000 
-1.0000 
-1.0000 
-1.0000 
-1.0000 
-1.0000 
-1.0000 
-1.0000 
-1.0000 
-1.0000 
-1.0000 
-1.0000 
-1.0000 
-1.0000 
0.9558 
-1.0000 
-1.0000 
-1.0000 
-1.0000 
-1.0000 
-1.0000 
-1.0000 
-1.0000 
-1.0000 
-1.0000 
-1.0000 
-1.0000 
-1.0000 
-1.0000 
-1.0000 
-1.0000 
-1.0000 
-1.0000 
-1.0000 
-1.0000 
-1.0000 
-1.0000 
-1.0000 
-1.0000 
-1.0000 
0.9059 
-1.0000 
-1.0000 
-1.0000 
-1.0000 
-1.0000 
-1.0000 
-1.0000 
-1.0000 
-1.0000 
-1.0000 
-1.0000 
-1.0000 
-1.0000 
-1.0000 
-1.0000 
-1.0000 
-1.0000 
-1.0000 
-1.0000 
0.8821 
-1.0000 
-1.0000 
-1.0000 
-1.0000 
-1.0000 
-1.0000 
-1.0000 
-1.0000 
-1.0000 
-1.0000 
-1.0000 
-1.0000 
-1.0000 
-1.0000 
-1.0000 
-1.0000 
-1.0000 
-1.0000 
-1.0000 
-1.0000 
-1.0000 
-1.0000 
-1.0000 
-1.0000 
0.9313 
-1.0000 
-1.0000 
-1.0000 
-1.0000 
-1.0000 
-1.0000 
-1.0000 
-1.0000 
-1.0000 
-1.0000 
-1.0000 
-1.0000 
-1.0000 
-1.0000 
-1.0000 
-1.0000 
-1.0000 
-1.0000 
-1.0000 
-1.0000 
-1.0000 
-1.0000 
0.9393 
-1.0000 
-1.0000 
-1.0000 
-1.0000 
-1.0000 
-1.0000 
-1.0000 
-1.0000 
-1.0000 
-1.0000 
-1.0000 
-1.0000 
-1.0000 
-1.0000 
-1.0000 
-1.0000 
0.9498 
-1.5000 
-1.0000 
-1.0000 
-1.0000 
-1.0000 
-1.0000 
-1.0000 
-1.0000 
-1.0000 
-1.0000 
-1.0000 
-1.0000 
-1.0000 
-1.0000 
-1.0000 
-1.0000 
-1.0000 
-1.0000 
-1.0000 
-1.0000 
-1.0000 
-1.0000 
-1.0000 
-1.0000 
-1.0000 
-1.0000 
-1.0000 
-1.0000 
-1.0000 
-1.0000 
-1.0000 
-1.0000 
-1.0000 
-1.0000 
-1.0000 
-1.0000 
-1.0000 
-1.0000 
-1.0000 
-1.0000 
-1.0000 
-1.0000 
-1.0000 
-1.0000 
-1.0000 
-1.0000 
-1.0000 
-1.0000 
-1.0000 
-1.0000 
-1.0000 
0.9367 
-1.0000 
-1.0000 
-1.0000 
-1.0000 
-1.0000 
-1.0000 
-1.0000 
-1.0000 
0.9438 
-1.0000 
-1.0000 
-1.0000 
-1.0000 
-1.0000 
-1.0000 
-1.0000 
-1.0000 
-1.0000 
-1.0000 
-1.0000 
-1.0000 
-1.0000 
-1.0000 
-1.0000 
-1.0000 
-1.0000 
-1.0000 
-1.0000 
-1.0000 
-1.0000 
-1.0000 
0.8990 
-1.0000 
-1.0000 
-1.0000 
-1.0000 
-1.0000 
-1.0000 
-1.0000 
-1.0000 
-1.0000 
-1.0000 
-1.0000 
-1.0000 
-1.0000 
-1.0000 
-1.0000 
-1.0000 
-1.0000 
-1.0000 
-1.0000 
-1.0000 
-1.0000 
-1.0000 
-1.0000 
-1.0000 
-1.0000 
-1.0000 
0.9639 
-1.0000 
-1.0000 
-1.0000 
-1.0000 
-1.0000 
-1.0000 
-1.0000 
-1.0000 
-1.0000 
-1.0000 
-1.0000 
-1.0000 
-1.0000 
-1.0000 
-1.0000 
-1.0000 
-1.0000 
-1.0000 
-1.0000 
-1.0000 
-1.0000 
-1.0000 
-1.0000 
-1.0000 
-1.0000 
-1.0000 
-1.0000 
-1.0000 
-1.0000 
-1.0000 
-1.0000 
-1.0000 
-1.0000 
-1.0000 
-1.0000 
-1.0000 
-1.0000 
-1.0000 
-1.0000 
-1.0000 
-1.0000 
0.9529 
-1.0000 
-1.0000 
-1.0000 
0.9380 
-1.0000 
-1.0000 
-1.0000 
-1.0000 
-1.0000 
-1.0000 
-1.0000 
-1.0000 
-1.0000 
-1.0000 
-1.0000 
-1.0000 
-1.0000 
0.9482 
-1.0000 
-1.0000 
-1.0000 
-1.0000 
-1.0000 
-1.0000 
-1.0000 
-1.0000 
-1.0000 
-1.0000 
-1.0000 
-1.0000 
-1.0000 
-1.0000 
-1.0000 
-1.0000 
0.9529 
-1.0000 
-1.0000 
-1.0000 
-1.0000 
-1.0000 
-1.0000 
-1.0000 
0.9465 
0.9600 
-1.0000 
-1.0000 
-1.0000 
-1.0000 
-1.0000 
-1.0000 
-1.0000 
-1.0000 
-1.0000 
-1.0000 
-1.0000 
-1.0000 
0.9356 
-1.0000 
-1.0000 
-1.0000 
-1.0000 
-1.0000 
-1.0000 
-1.0000 
-1.0000 
-1.0000 
-1.0000 
-1.0000 
0.9531 
-1.0000 
-1.0000 
-1.0000 
-1.0000 
-1.0000 
-1.0000 
-1.0000 
-1.0000 
-1.0000 
-1.0000 
-1.0000 
-1.0000 
-1.0000 
-1.0000 
-1.0000 
-1.0000 
-1.0000 
-1.0000 
-1.0000 
-1.0000 
-1.0000 
-1.0000 
-1.0000 
-1.0000 
-1.0000 
-1.0000 
-1.0000 
-1.0000 
-1.0000 
-1.0000 
-1.0000 
-1.0000 
-1.0000 
-1.0000 
-1.0000 
-1.0000 
-1.0000 
-1.0000 
-1.0000 
-1.0000 
-1.0000 
-1.0000 
-1.0000 
-1.0000 
-1.0000 
-1.0000 
-1.0000 
-1.0000 
-1.0000 
-1.0000 
-1.0000 
-1.0000 
-1.0000 
-1.0000 
-1.0000 
-1.0000 
-1.0000 
-1.0000 
-1.0000 
-1.0000 
0.9521 
-1.0000 
-1.0000 
-1.0000 
-1.0000 
-1.0000 
-1.0000 
-1.0000 
-1.0000 
-1.0000 
-1.0000 
-1.0000 
-1.0000 
-1.0000 
-1.0000 
-1.0000 
-1.0000 
-1.0000 
-1.0000 
-1.0000 
-1.0000 
-1.0000 
-1.0000 
-1.0000 
-1.0000 
-1.0000 
-1.0000 
-1.0000 
-1.0000 
-1.0000 
-1.0000 
-1.0000 
-1.0000 
-1.0000 
-1.0000 
-1.0000 
-1.0000 
-1.0000 
-1.0000 
-1.0000 
-1.0000 
-1.0000 
-1.0000 
-1.0000 
-1.0000 
-1.0000 
-1.0000 
0.9363 
-1.0000 
-1.0000 
-1.0000 
-1.0000 
-1.0000 
-1.0000 
-1.0000 
-1.0000 
-1.0000 
-1.0000 
-1.0000 
-1.0000 
-1.0000 
-1.0000 
-1.0000 
-1.0000 
-1.0000 
-1.0000 
-1.0000 
-1.0000 
-1.0000 
-1.0000 
-1.0000 
-1.0000 
-1.0000 
-1.0000 
-1.0000 
-1.0000 
-1.0000 
-1.0000 
-1.0000 
0.9513 
-1.0000 
-1.0000 
-1.0000 
-1.0000 
-1.0000 
-1.0000 
-1.0000 
-1.0000 
-1.0000 
-1.0000 
-1.0000 
-1.0000 
-1.0000 
-1.0000 
-1.0000 
-1.0000 
-1.0000 
-1.0000 
-1.0000 
-1.0000 
0.9502 
-1.0000 
-1.0000 
-1.0000 
-1.0000 
-1.0000 
-1.0000 
-1.0000 
-1.0000 
-1.0000 
-1.0000 
-1.0000 
-1.0000 
-1.0000 
-1.0000 
-1.0000 
-1.0000 
-1.0000 
-1.0000 
-1.0000 
-1.0000 
-1.0000 
0.9548 
-1.0000 
-1.0000 
-1.0000 
-1.0000 
-1.0000 
-1.0000 
-1.0000 
-1.0000 
-1.0000 
-1.0000 
-1.0000 
-1.0000 
-1.0000 
-1.0000 
-1.0000 
-1.0000 
-1.0000 
-1.0000 
-1.0000 
-1.0000 
-1.0000 
-1.0000 
-1.0000 
-1.0000 
-1.0000 
-1.0000 
0.9546 
-1.0000 
-1.0000 
0.9485 
-1.0000 
-1.0000 
-1.0000 
-1.0000 
-1.0000 
-1.0000 
-1.0000 
-1.0000 
-1.0000 
-1.0000 
-1.0000 
-1.0000 
0.9521 
-1.0000 
-1.0000 
-1.0000 
-1.0000 
-1.0000 
-1.0000 
-1.0000 
-1.0000 
-1.0000 
-1.0000 
0.9513 
-1.0000 
-1.0000 
-1.0000 
-1.0000 
-1.0000 
-1.0000 
-1.0000 
-1.0000 
-1.0000 
-1.0000 
-1.0000 
-1.0000 
0.9483 
-1.0000 
0.9462 
-1.0000 
-1.0000 
-1.0000 
-1.0000 
0.9476 
-1.0000 
-1.0000 
0.9496 
-1.0000 
-1.0000 
-1.0000 
-1.0000 
-1.0000 
-1.0000 
-1.0000 
-1.0000 
-1.0000 
-1.0000 
-1.0000 
-1.0000 
-1.0000 
-1.0000 
-1.0000 
-1.0000 
-1.0000 
-1.0000 
-1.0000 
-1.0000 
-1.0000 
-1.0000 
-1.0000 
-1.0000 
-1.0000 
-1.0000 
-1.0000 
-1.0000 
-1.0000 
-1.0000 
-1.0000 
-1.0000 
-1.0000 
-1.0000 
-1.0000 
-1.0000 
-1.0000 
-1.0000 
-1.0000 
-1.0000 
-1.0000 
-1.0000 
-1.0000 
-1.0000 
-1.0000 
-1.0000 
-1.0000 
-1.0000 
-1.0000 
-1.0000 
-1.0000 
-1.0000 
-1.0000 
-1.0000 
-1.0000 
-1.0000 
-1.0000 
-1.0000 
-1.0000 
-1.0000 
-1.0000 
-1.0000 
-1.0000 
0.9483 
-1.0000 
-1.0000 
-1.0000 
-1.0000 
-1.0000 
-1.0000 
-1.0000 
-1.0000 
-1.0000 
-1.0000 
-1.0000 
-1.0000 
-1.0000 
-1.0000 
-1.0000 
-1.0000 
-1.0000 
-1.0000 
-1.0000 
-1.0000 
-1.0000 
-1.0000 
-1.0000 
-1.0000 
-1.0000 
-1.0000 
0.9518 
-1.0000 
-1.0000 
-1.0000 
-1.0000 
-1.0000 
-1.0000 
-1.0000 
-1.0000 
-1.0000 
0.9312 
-1.0000 
-1.0000 
-1.0000 
-1.0000 
-1.0000 
-1.0000 
-1.0000 
-1.0000 
-1.0000 
-1.0000 
-1.0000 
-1.0000 
-1.0000 
-1.0000 
-1.0000 
-1.0000 
-1.0000 
-1.0000 
-1.0000 
-1.0000 
-1.0000 
-1.0000 
-1.0000 
-1.0000 
-1.0000 
-1.0000 
-1.0000 
-1.0000 
-1.0000 
-1.0000 
-1.0000 
-1.0000 
-1.0000 
-1.0000 
-1.0000 
-1.0000 
-1.0000 
-1.0000 
-1.0000 
-1.0000 
-1.0000 
-1.0000 
-1.0000 
-1.0000 
-1.0000 
-1.0000 
-1.0000 
-1.0000 
-1.0000 
-1.0000 
-1.0000 
-1.0000 
0.9488 
-1.0000 
-1.0000 
-1.0000 
-1.0000 
-1.0000 
-1.0000 
-1.0000 
-1.0000 
-1.0000 
-1.0000 
-1.0000 
-1.0000 
-1.0000 
-1.0000 
-1.0000 
-1.0000 
-1.0000 
-1.0000 
-1.0000 
-1.0000 
-1.0000 
-1.0000 
-1.0000 
-1.0000 
-1.0000 
-1.0000 
-1.0000 
-1.0000 
-1.0000 
-1.0000 
-1.0000 
-1.0000 
-1.0000 
-1.0000 
-1.0000 
-1.0000 
-1.0000 
-1.0000 
-1.0000 
-1.0000 
-1.0000 
-1.0000 
-1.0000 
-1.0000 
-1.0000 
-1.0000 
-1.0000 
-1.0000 
-1.0000 
-1.0000 
-1.0000 
-1.0000 
-1.0000 
-1.0000 
0.9446 
-1.0000 
-1.0000 
-1.0000 
-1.0000 
-1.0000 
0.9482 
-1.0000 
-1.0000 
-1.0000 
-1.0000 
-1.0000 
-1.0000 
-1.0000 
-1.0000 
-1.0000 
0.9295 
-1.0000 
-1.0000 
-1.0000 
-1.0000 
0.9367 
-1.0000 
-1.0000 
-1.0000 
-1.0000 
-1.0000 
-1.0000 
-1.0000 
-1.0000 
0.9381 
-1.0000 
-1.0000 
-1.0000 
-1.0000 
-1.0000 
-1.0000 
-1.0000 
-1.0000 
-1.0000 
-1.0000 
-1.0000 
-1.0000 
-1.0000 
-1.0000 
-1.0000 
0.9400 
-1.0000 
0.9415 
-1.0000 
-1.0000 
-1.0000 
-1.0000 
-1.5000 
-1.0000 
-1.0000 
-1.0000 
-1.0000 
-1.0000 
-1.0000 
-1.0000 
-1.0000 
0.9432 
-1.0000 
-1.0000 
0.9374 
-1.0000 
-1.0000 
-1.0000 
-1.0000 
-1.0000 
-1.0000 
-1.0000 
-1.0000 
-1.0000 
-1.0000 
-1.0000 
0.9403 
-1.0000 
-1.0000 
-1.0000 
-1.0000 
-1.0000 
-1.0000 
-1.0000 
-1.0000 
-1.0000 
-1.0000 
-1.0000 
-1.0000 
-1.0000 
-1.0000 
-1.0000 
-1.0000 
0.9462 
-1.0000 
-1.0000 
-1.0000 
0.9411 
-1.0000 
-1.0000 
-1.0000 
-1.0000 
-1.0000 
-1.0000 
-1.0000 
-1.0000 
-1.0000 
-1.0000 
-1.0000 
-1.0000 
0.9480 
-1.0000 
-1.0000 
-1.0000 
-1.0000 
-1.0000 
-1.0000 
-1.0000 
-1.0000 
-1.0000 
-1.0000 
-1.0000 
-1.0000 
-1.0000 
-1.0000 
-1.0000 
-1.0000 
-1.0000 
-1.0000 
-1.0000 
-1.0000 
-1.0000 
-1.0000 
-1.0000 
-1.0000 
-1.0000 
-1.0000 
0.9403 
-1.0000 
-1.0000 
-1.0000 
-1.0000 
-1.0000 
-1.0000 
-1.0000 
-1.0000 
-1.0000 
-1.0000 
-1.0000 
-1.0000 
-1.0000 
-1.0000 
-1.0000 
-1.0000 
0.9301 
-1.0000 
-1.0000 
-1.0000 
-1.0000 
-1.0000 
-1.0000 
-1.0000 
-1.0000 
-1.0000 
-1.0000 
-1.0000 
0.9358 
-1.0000 
-1.0000 
-1.0000 
-1.0000 
-1.0000 
0.9380 
-1.0000 
-1.0000 
-1.0000 
-1.0000 
-1.0000 
-1.0000 
-1.0000 
-1.0000 
-1.0000 
-1.0000 
-1.0000 
-1.0000 
-1.0000 
-1.0000 
-1.0000 
-1.0000 
-1.0000 
-1.0000 
-1.0000 
-1.0000 
-1.0000 
-1.0000 
-1.0000 
-1.0000 
-1.0000 
-1.0000 
-1.0000 
-1.0000 
-1.0000 
0.9348 
-1.0000 
0.9361 
-1.0000 
-1.0000 
-1.0000 
-1.0000 
-1.0000 
-1.0000 
-1.0000 
-1.0000 
-1.0000 
-1.0000 
-1.0000 
-1.0000 
-1.0000 
-1.0000 
-1.0000 
-1.0000 
-1.0000 
-1.0000 
-1.0000 
-1.0000 
-1.0000 
-1.0000 
-1.0000 
-1.0000 
-1.0000 
0.9434 
-1.0000 
-1.0000 
-1.0000 
-1.0000 
-1.0000 
-1.0000 
-1.0000 
-1.0000 
-1.0000 
-1.0000 
-1.0000 
-1.0000 
-1.0000 
-1.0000 
-1.0000 
-1.0000 
-1.0000 
-1.0000 
-1.0000 
-1.0000 
-1.0000 
-1.0000 
-1.0000 
-1.0000 
-1.0000 
-1.0000 
-1.0000 
-1.0000 
-1.0000 
-1.0000 
-1.0000 
-1.0000 
-1.0000 
-1.0000 
-1.0000 
-1.0000 
-1.0000 
-1.0000 
-1.0000 
-1.0000 
-1.0000 
-1.0000 
-1.0000 
-1.0000 
-1.0000 
-1.0000 
-1.0000 
-1.0000 
-1.0000 
-1.0000 
-1.0000 
-1.0000 
-1.0000 
-1.0000 
-1.0000 
-1.0000 
0.9328 
-1.0000 
-1.0000 
-1.0000 
-1.0000 
-1.0000 
-1.0000 
-1.0000 
-1.0000 
0.9415 
-1.0000 
-1.0000 
-1.0000 
-1.0000 
-1.0000 
-1.0000 
-1.0000 
-1.0000 
-1.0000 
-1.0000 
-1.0000 
-1.0000 
-1.0000 
-1.0000 
-1.0000 
-1.0000 
-1.0000 
-1.0000 
-1.0000 
-1.0000 
-1.0000 
-1.0000 
-1.0000 
-1.0000 
-1.0000 
-1.0000 
-1.0000 
-1.0000 
-1.0000 
-1.0000 
-1.0000 
-1.0000 
-1.0000 
-1.0000 
-1.0000 
-1.0000 
-1.0000 
-1.0000 
-1.0000 
-1.0000 
-1.0000 
0.9429 
-1.0000 
0.9322 
-1.0000 
0.9364 
-1.0000 
-1.0000 
-1.0000 
-1.0000 
-1.0000 
-1.0000 
-1.0000 
-1.0000 
-1.0000 
-1.0000 
-1.0000 
0.9251 
-1.0000 
-1.0000 
-1.0000 
-1.0000 
-1.0000 
-1.0000 
-1.0000 
-1.0000 
-1.0000 
-1.0000 
-1.0000 
-1.0000 
-1.0000 
-1.0000 
-1.0000 
-1.0000 
-1.0000 
-1.0000 
-1.0000 
-1.0000 
-1.0000 
-1.0000 
-1.0000 
-1.0000 
-1.0000 
-1.0000 
-1.0000 
-1.0000 
-1.0000 
-1.0000 
-1.0000 
-1.0000 
-1.0000 
-1.0000 
-1.0000 
-1.0000 
-1.0000 
-1.0000 
0.9395 
-1.0000 
-1.0000 
-1.0000 
-1.0000 
-1.0000 
-1.0000 
0.9345 
0.9379 
-1.0000 
-1.0000 
-1.0000 
-1.0000 
-1.0000 
-1.0000 
-1.0000 
-1.0000 
-1.0000 
-1.0000 
-1.0000 
-1.0000 
-1.0000 
-1.0000 
-1.0000 
-1.0000 
-1.0000 
-1.0000 
-1.0000 
-1.0000 
-1.0000 
-1.0000 
-1.0000 
-1.0000 
-1.0000 
-1.0000 
-1.0000 
-1.0000 
-1.0000 
-1.0000 
-1.0000 
-1.0000 
-1.0000 
-1.0000 
-1.0000 
-1.0000 
-1.0000 
-1.0000 
-1.0000 
-1.0000 
-1.0000 
-1.0000 
-1.0000 
-1.0000 
-1.0000 
-1.0000 
-1.0000 
-1.0000 
-1.0000 
-1.0000 
-1.0000 
-1.0000 
-1.0000 
-1.0000 
-1.0000 
-1.0000 
-1.0000 
-1.0000 
-1.0000 
-1.0000 
-1.0000 
-1.0000 
-1.0000 
-1.0000 
-1.0000 
-1.0000 
-1.0000 
-1.0000 
-1.0000 
-1.0000 
-1.0000 
-1.0000 
-1.0000 
-1.0000 
-1.0000 
-1.0000 
-1.0000 
-1.0000 
-1.0000 
-1.0000 
-1.0000 
-1.0000 
-1.0000 
-1.0000 
-1.0000 
-1.0000 
-1.0000 
-1.0000 
-1.0000 
-1.0000 
-1.0000 
-1.0000 
-1.0000 
-1.0000 
-1.0000 
-1.0000 
-1.0000 
-1.0000 
-1.0000 
-1.0000 
-1.0000 
-1.0000 
-1.0000 
-1.0000 
-1.0000 
-1.0000 
-1.0000 
-1.0000 
-1.0000 
-1.0000 
-1.0000 
-1.0000 
-1.0000 
-1.0000 
-1.0000 
-1.0000 
-1.0000 
-1.0000 
-1.0000 
0.9323 
-1.0000 
-1.0000 
-1.0000 
-1.0000 
-1.0000 
-1.0000 
-1.0000 
-1.0000 
-1.0000 
-1.0000 
-1.0000 
-1.0000 
-1.0000 
-1.0000 
-1.0000 
-1.0000 
-1.0000 
-1.0000 
-1.0000 
-1.0000 
-1.0000 
-1.0000 
-1.0000 
-1.0000 
-1.0000 
-1.0000 
-1.0000 
-1.0000 
-1.0000 
-1.0000 
-1.0000 
-1.0000 
-1.0000 
-1.0000 
-1.0000 
-1.0000 
-1.0000 
-1.0000 
-1.0000 
-1.0000 
-1.0000 
-1.0000 
-1.0000 
-1.0000 
-1.0000 
-1.0000 
0.9324 
-1.0000 
-1.0000 
-1.0000 
-1.0000 
-1.0000 
-1.0000 
-1.0000 
-1.0000 
0.9308 
-1.0000 
-1.0000 
-1.0000 
-1.0000 
-1.0000 
0.9275 
-1.0000 
-1.0000 
-1.0000 
-1.0000 
-1.0000 
-1.0000 
-1.0000 
-1.0000 
-1.0000 
-1.0000 
-1.0000 
-1.0000 
-1.0000 
-1.0000 
-1.0000 
-1.0000 
-1.0000 
-1.0000 
-1.0000 
-1.0000 
-1.0000 
-1.0000 
-1.0000 
-1.0000 
-1.0000 
-1.0000 
-1.0000 
-1.0000 
-1.0000 
-1.0000 
-1.0000 
-1.0000 
-1.0000 
-1.0000 
-1.0000 
-1.0000 
-1.0000 
-1.0000 
-1.0000 
-1.0000 
-1.0000 
0.9426 
-1.0000 
-1.0000 
-1.0000 
-1.0000 
-1.0000 
-1.0000 
-1.0000 
-1.0000 
-1.0000 
-1.0000 
-1.0000 
-1.0000 
-1.0000 
-1.0000 
-1.0000 
-1.0000 
-1.0000 
-1.0000 
-1.0000 
-1.0000 
-1.0000 
-1.0000 
-1.0000 
-1.0000 
-1.0000 
-1.0000 
-1.0000 
-1.0000 
-1.0000 
