nan +- -1.00 (0)
nan +- -1.00 (0)
nan +- -1.00 (0)
nan +- -1.00 (0)
nan +- -1.00 (0)
nan +- -1.00 (0)
nan +- -1.00 (0)
nan +- -1.00 (0)
nan +- -1.00 (0)
nan +- -1.00 (0)
nan +- -1.00 (0)
nan +- -1.00 (0)
nan +- -1.00 (0)
nan +- -1.00 (0)
0.9442 +- -1.00 (1)
nan +- -1.00 (0)
nan +- -1.00 (0)
nan +- -1.00 (0)
nan +- -1.00 (0)
nan +- -1.00 (0)
nan +- -1.00 (0)
nan +- -1.00 (0)
nan +- -1.00 (0)
nan +- -1.00 (0)
nan +- -1.00 (0)
nan +- -1.00 (0)
nan +- -1.00 (0)
nan +- -1.00 (0)
nan +- -1.00 (0)
nan +- -1.00 (0)
nan +- -1.00 (0)
nan +- -1.00 (0)
nan +- -1.00 (0)
nan +- -1.00 (0)
nan +- -1.00 (0)
nan +- -1.00 (0)
nan +- -1.00 (0)
nan +- -1.00 (0)
nan +- -1.00 (0)
nan +- -1.00 (0)
nan +- -1.00 (0)
nan +- -1.00 (0)
0.9558 +- -1.00 (1)
nan +- -1.00 (0)
nan +- -1.00 (0)
nan +- -1.00 (0)
nan +- -1.00 (0)
nan +- -1.00 (0)
nan +- -1.00 (0)
nan +- -1.00 (0)
nan +- -1.00 (0)
nan +- -1.00 (0)
nan +- -1.00 (0)
nan +- -1.00 (0)
nan +- -1.00 (0)
nan +- -1.00 (0)
nan +- -1.00 (0)
nan +- -1.00 (0)
nan +- -1.00 (0)
nan +- -1.00 (0)
nan +- -1.00 (0)
nan +- -1.00 (0)
nan +- -1.00 (0)
nan +- -1.00 (0)
nan +- -1.00 (0)
nan +- -1.00 (0)
nan +- -1.00 (0)
nan +- -1.00 (0)
0.9059 +- -1.00 (1)
nan +- -1.00 (0)
nan +- -1.00 (0)
nan +- -1.00 (0)
nan +- -1.00 (0)
nan +- -1.00 (0)
nan +- -1.00 (0)
nan +- -1.00 (0)
nan +- -1.00 (0)
nan +- -1.00 (0)
nan +- -1.00 (0)
nan +- -1.00 (0)
nan +- -1.00 (0)
nan +- -1.00 (0)
nan +- -1.00 (0)
nan +- -1.00 (0)
nan +- -1.00 (0)
nan +- -1.00 (0)
nan +- -1.00 (0)
nan +- -1.00 (0)
0.8821 +- -1.00 (1)
nan +- -1.00 (0)
nan +- -1.00 (0)
nan +- -1.00 (0)
nan +- -1.00 (0)
nan +- -1.00 (0)
nan +- -1.00 (0)
nan +- -1.00 (0)
nan +- -1.00 (0)
nan +- -1.00 (0)
nan +- -1.00 (0)
nan +- -1.00 (0)
nan +- -1.00 (0)
nan +- -1.00 (0)
nan +- -1.00 (0)
nan +- -1.00 (0)
nan +- -1.00 (0)
nan +- -1.00 (0)
nan +- -1.00 (0)
nan +- -1.00 (0)
nan +- -1.00 (0)
nan +- -1.00 (0)
nan +- -1.00 (0)
nan +- -1.00 (0)
nan +- -1.00 (0)
0.9313 +- -1.00 (1)
nan +- -1.00 (0)
nan +- -1.00 (0)
nan +- -1.00 (0)
nan +- -1.00 (0)
nan +- -1.00 (0)
nan +- -1.00 (0)
nan +- -1.00 (0)
nan +- -1.00 (0)
nan +- -1.00 (0)
nan +- -1.00 (0)
nan +- -1.00 (0)
nan +- -1.00 (0)
nan +- -1.00 (0)
nan +- -1.00 (0)
nan +- -1.00 (0)
nan +- -1.00 (0)
nan +- -1.00 (0)
nan +- -1.00 (0)
nan +- -1.00 (0)
nan +- -1.00 (0)
nan +- -1.00 (0)
nan +- -1.00 (0)
0.9393 +- -1.00 (1)
nan +- -1.00 (0)
nan +- -1.00 (0)
nan +- -1.00 (0)
nan +- -1.00 (0)
nan +- -1.00 (0)
nan +- -1.00 (0)
nan +- -1.00 (0)
nan +- -1.00 (0)
nan +- -1.00 (0)
nan +- -1.00 (0)
nan +- -1.00 (0)
nan +- -1.00 (0)
nan +- -1.00 (0)
nan +- -1.00 (0)
nan +- -1.00 (0)
nan +- -1.00 (0)
0.9498 +- -1.00 (1)
nan +- -1.00 (0)
nan +- -1.00 (0)
nan +- -1.00 (0)
nan +- -1.00 (0)
nan +- -1.00 (0)
nan +- -1.00 (0)
nan +- -1.00 (0)
nan +- -1.00 (0)
nan +- -1.00 (0)
nan +- -1.00 (0)
nan +- -1.00 (0)
nan +- -1.00 (0)
nan +- -1.00 (0)
nan +- -1.00 (0)
nan +- -1.00 (0)
nan +- -1.00 (0)
nan +- -1.00 (0)
nan +- -1.00 (0)
nan +- -1.00 (0)
nan +- -1.00 (0)
nan +- -1.00 (0)
nan +- -1.00 (0)
nan +- -1.00 (0)
nan +- -1.00 (0)
nan +- -1.00 (0)
nan +- -1.00 (0)
nan +- -1.00 (0)
nan +- -1.00 (0)
nan +- -1.00 (0)
nan +- -1.00 (0)
nan +- -1.00 (0)
nan +- -1.00 (0)
nan +- -1.00 (0)
nan +- -1.00 (0)
nan +- -1.00 (0)
nan +- -1.00 (0)
nan +- -1.00 (0)
nan +- -1.00 (0)
nan +- -1.00 (0)
nan +- -1.00 (0)
nan +- -1.00 (0)
nan +- -1.00 (0)
nan +- -1.00 (0)
nan +- -1.00 (0)
nan +- -1.00 (0)
nan +- -1.00 (0)
nan +- -1.00 (0)
nan +- -1.00 (0)
nan +- -1.00 (0)
nan +- -1.00 (0)
nan +- -1.00 (0)
0.9367 +- -1.00 (1)
nan +- -1.00 (0)
nan +- -1.00 (0)
nan +- -1.00 (0)
nan +- -1.00 (0)
nan +- -1.00 (0)
nan +- -1.00 (0)
nan +- -1.00 (0)
nan +- -1.00 (0)
0.9438 +- -1.00 (1)
nan +- -1.00 (0)
nan +- -1.00 (0)
nan +- -1.00 (0)
nan +- -1.00 (0)
nan +- -1.00 (0)
nan +- -1.00 (0)
nan +- -1.00 (0)
nan +- -1.00 (0)
nan +- -1.00 (0)
nan +- -1.00 (0)
nan +- -1.00 (0)
nan +- -1.00 (0)
nan +- -1.00 (0)
nan +- -1.00 (0)
nan +- -1.00 (0)
nan +- -1.00 (0)
nan +- -1.00 (0)
nan +- -1.00 (0)
nan +- -1.00 (0)
nan +- -1.00 (0)
nan +- -1.00 (0)
nan +- -1.00 (0)
0.8990 +- -1.00 (1)
nan +- -1.00 (0)
nan +- -1.00 (0)
nan +- -1.00 (0)
nan +- -1.00 (0)
nan +- -1.00 (0)
nan +- -1.00 (0)
nan +- -1.00 (0)
nan +- -1.00 (0)
nan +- -1.00 (0)
nan +- -1.00 (0)
nan +- -1.00 (0)
nan +- -1.00 (0)
nan +- -1.00 (0)
nan +- -1.00 (0)
nan +- -1.00 (0)
nan +- -1.00 (0)
nan +- -1.00 (0)
nan +- -1.00 (0)
nan +- -1.00 (0)
nan +- -1.00 (0)
nan +- -1.00 (0)
nan +- -1.00 (0)
nan +- -1.00 (0)
nan +- -1.00 (0)
nan +- -1.00 (0)
nan +- -1.00 (0)
0.9639 +- -1.00 (1)
nan +- -1.00 (0)
nan +- -1.00 (0)
nan +- -1.00 (0)
nan +- -1.00 (0)
nan +- -1.00 (0)
nan +- -1.00 (0)
nan +- -1.00 (0)
nan +- -1.00 (0)
nan +- -1.00 (0)
nan +- -1.00 (0)
nan +- -1.00 (0)
nan +- -1.00 (0)
nan +- -1.00 (0)
nan +- -1.00 (0)
nan +- -1.00 (0)
nan +- -1.00 (0)
nan +- -1.00 (0)
nan +- -1.00 (0)
nan +- -1.00 (0)
nan +- -1.00 (0)
nan +- -1.00 (0)
nan +- -1.00 (0)
nan +- -1.00 (0)
nan +- -1.00 (0)
nan +- -1.00 (0)
nan +- -1.00 (0)
nan +- -1.00 (0)
nan +- -1.00 (0)
nan +- -1.00 (0)
nan +- -1.00 (0)
nan +- -1.00 (0)
nan +- -1.00 (0)
nan +- -1.00 (0)
nan +- -1.00 (0)
nan +- -1.00 (0)
nan +- -1.00 (0)
nan +- -1.00 (0)
nan +- -1.00 (0)
nan +- -1.00 (0)
nan +- -1.00 (0)
nan +- -1.00 (0)
0.9529 +- -1.00 (1)
nan +- -1.00 (0)
nan +- -1.00 (0)
nan +- -1.00 (0)
0.9380 +- -1.00 (1)
nan +- -1.00 (0)
nan +- -1.00 (0)
nan +- -1.00 (0)
nan +- -1.00 (0)
nan +- -1.00 (0)
nan +- -1.00 (0)
nan +- -1.00 (0)
nan +- -1.00 (0)
nan +- -1.00 (0)
nan +- -1.00 (0)
nan +- -1.00 (0)
nan +- -1.00 (0)
nan +- -1.00 (0)
0.9482 +- -1.00 (1)
nan +- -1.00 (0)
nan +- -1.00 (0)
nan +- -1.00 (0)
nan +- -1.00 (0)
nan +- -1.00 (0)
nan +- -1.00 (0)
nan +- -1.00 (0)
nan +- -1.00 (0)
nan +- -1.00 (0)
nan +- -1.00 (0)
nan +- -1.00 (0)
nan +- -1.00 (0)
nan +- -1.00 (0)
nan +- -1.00 (0)
nan +- -1.00 (0)
nan +- -1.00 (0)
0.9529 +- -1.00 (1)
nan +- -1.00 (0)
nan +- -1.00 (0)
nan +- -1.00 (0)
nan +- -1.00 (0)
nan +- -1.00 (0)
nan +- -1.00 (0)
nan +- -1.00 (0)
0.9465 +- -1.00 (1)
0.9600 +- -1.00 (1)
nan +- -1.00 (0)
nan +- -1.00 (0)
nan +- -1.00 (0)
nan +- -1.00 (0)
nan +- -1.00 (0)
nan +- -1.00 (0)
nan +- -1.00 (0)
nan +- -1.00 (0)
nan +- -1.00 (0)
nan +- -1.00 (0)
nan +- -1.00 (0)
nan +- -1.00 (0)
0.9356 +- -1.00 (1)
nan +- -1.00 (0)
nan +- -1.00 (0)
nan +- -1.00 (0)
nan +- -1.00 (0)
nan +- -1.00 (0)
nan +- -1.00 (0)
nan +- -1.00 (0)
nan +- -1.00 (0)
nan +- -1.00 (0)
nan +- -1.00 (0)
nan +- -1.00 (0)
0.9531 +- -1.00 (1)
nan +- -1.00 (0)
nan +- -1.00 (0)
nan +- -1.00 (0)
nan +- -1.00 (0)
nan +- -1.00 (0)
nan +- -1.00 (0)
nan +- -1.00 (0)
nan +- -1.00 (0)
nan +- -1.00 (0)
nan +- -1.00 (0)
nan +- -1.00 (0)
nan +- -1.00 (0)
nan +- -1.00 (0)
nan +- -1.00 (0)
nan +- -1.00 (0)
nan +- -1.00 (0)
nan +- -1.00 (0)
nan +- -1.00 (0)
nan +- -1.00 (0)
nan +- -1.00 (0)
nan +- -1.00 (0)
nan +- -1.00 (0)
nan +- -1.00 (0)
nan +- -1.00 (0)
nan +- -1.00 (0)
nan +- -1.00 (0)
nan +- -1.00 (0)
nan +- -1.00 (0)
nan +- -1.00 (0)
nan +- -1.00 (0)
nan +- -1.00 (0)
nan +- -1.00 (0)
nan +- -1.00 (0)
nan +- -1.00 (0)
nan +- -1.00 (0)
nan +- -1.00 (0)
nan +- -1.00 (0)
nan +- -1.00 (0)
nan +- -1.00 (0)
nan +- -1.00 (0)
nan +- -1.00 (0)
nan +- -1.00 (0)
nan +- -1.00 (0)
nan +- -1.00 (0)
nan +- -1.00 (0)
nan +- -1.00 (0)
nan +- -1.00 (0)
nan +- -1.00 (0)
nan +- -1.00 (0)
nan +- -1.00 (0)
nan +- -1.00 (0)
nan +- -1.00 (0)
nan +- -1.00 (0)
nan +- -1.00 (0)
nan +- -1.00 (0)
nan +- -1.00 (0)
nan +- -1.00 (0)
nan +- -1.00 (0)
nan +- -1.00 (0)
nan +- -1.00 (0)
0.9521 +- -1.00 (1)
nan +- -1.00 (0)
nan +- -1.00 (0)
nan +- -1.00 (0)
nan +- -1.00 (0)
nan +- -1.00 (0)
nan +- -1.00 (0)
nan +- -1.00 (0)
nan +- -1.00 (0)
nan +- -1.00 (0)
nan +- -1.00 (0)
nan +- -1.00 (0)
nan +- -1.00 (0)
nan +- -1.00 (0)
nan +- -1.00 (0)
nan +- -1.00 (0)
nan +- -1.00 (0)
nan +- -1.00 (0)
nan +- -1.00 (0)
nan +- -1.00 (0)
nan +- -1.00 (0)
nan +- -1.00 (0)
nan +- -1.00 (0)
nan +- -1.00 (0)
nan +- -1.00 (0)
nan +- -1.00 (0)
nan +- -1.00 (0)
nan +- -1.00 (0)
nan +- -1.00 (0)
nan +- -1.00 (0)
nan +- -1.00 (0)
nan +- -1.00 (0)
nan +- -1.00 (0)
nan +- -1.00 (0)
nan +- -1.00 (0)
nan +- -1.00 (0)
nan +- -1.00 (0)
nan +- -1.00 (0)
nan +- -1.00 (0)
nan +- -1.00 (0)
nan +- -1.00 (0)
nan +- -1.00 (0)
nan +- -1.00 (0)
nan +- -1.00 (0)
nan +- -1.00 (0)
nan +- -1.00 (0)
nan +- -1.00 (0)
0.9363 +- -1.00 (1)
nan +- -1.00 (0)
nan +- -1.00 (0)
nan +- -1.00 (0)
nan +- -1.00 (0)
nan +- -1.00 (0)
nan +- -1.00 (0)
nan +- -1.00 (0)
nan +- -1.00 (0)
nan +- -1.00 (0)
nan +- -1.00 (0)
nan +- -1.00 (0)
nan +- -1.00 (0)
nan +- -1.00 (0)
nan +- -1.00 (0)
nan +- -1.00 (0)
nan +- -1.00 (0)
nan +- -1.00 (0)
nan +- -1.00 (0)
nan +- -1.00 (0)
nan +- -1.00 (0)
nan +- -1.00 (0)
nan +- -1.00 (0)
nan +- -1.00 (0)
nan +- -1.00 (0)
nan +- -1.00 (0)
nan +- -1.00 (0)
nan +- -1.00 (0)
nan +- -1.00 (0)
nan +- -1.00 (0)
nan +- -1.00 (0)
nan +- -1.00 (0)
0.9513 +- -1.00 (1)
nan +- -1.00 (0)
nan +- -1.00 (0)
nan +- -1.00 (0)
nan +- -1.00 (0)
nan +- -1.00 (0)
nan +- -1.00 (0)
nan +- -1.00 (0)
nan +- -1.00 (0)
nan +- -1.00 (0)
nan +- -1.00 (0)
nan +- -1.00 (0)
nan +- -1.00 (0)
nan +- -1.00 (0)
nan +- -1.00 (0)
nan +- -1.00 (0)
nan +- -1.00 (0)
nan +- -1.00 (0)
nan +- -1.00 (0)
nan +- -1.00 (0)
nan +- -1.00 (0)
0.9502 +- -1.00 (1)
nan +- -1.00 (0)
nan +- -1.00 (0)
nan +- -1.00 (0)
nan +- -1.00 (0)
nan +- -1.00 (0)
nan +- -1.00 (0)
nan +- -1.00 (0)
nan +- -1.00 (0)
nan +- -1.00 (0)
nan +- -1.00 (0)
nan +- -1.00 (0)
nan +- -1.00 (0)
nan +- -1.00 (0)
nan +- -1.00 (0)
nan +- -1.00 (0)
nan +- -1.00 (0)
nan +- -1.00 (0)
nan +- -1.00 (0)
nan +- -1.00 (0)
nan +- -1.00 (0)
nan +- -1.00 (0)
0.9548 +- -1.00 (1)
nan +- -1.00 (0)
nan +- -1.00 (0)
nan +- -1.00 (0)
nan +- -1.00 (0)
nan +- -1.00 (0)
nan +- -1.00 (0)
nan +- -1.00 (0)
nan +- -1.00 (0)
nan +- -1.00 (0)
nan +- -1.00 (0)
nan +- -1.00 (0)
nan +- -1.00 (0)
nan +- -1.00 (0)
nan +- -1.00 (0)
nan +- -1.00 (0)
nan +- -1.00 (0)
nan +- -1.00 (0)
nan +- -1.00 (0)
nan +- -1.00 (0)
nan +- -1.00 (0)
nan +- -1.00 (0)
nan +- -1.00 (0)
nan +- -1.00 (0)
nan +- -1.00 (0)
nan +- -1.00 (0)
nan +- -1.00 (0)
0.9546 +- -1.00 (1)
nan +- -1.00 (0)
nan +- -1.00 (0)
0.9485 +- -1.00 (1)
nan +- -1.00 (0)
nan +- -1.00 (0)
nan +- -1.00 (0)
nan +- -1.00 (0)
nan +- -1.00 (0)
nan +- -1.00 (0)
nan +- -1.00 (0)
nan +- -1.00 (0)
nan +- -1.00 (0)
nan +- -1.00 (0)
nan +- -1.00 (0)
nan +- -1.00 (0)
0.9521 +- -1.00 (1)
nan +- -1.00 (0)
nan +- -1.00 (0)
nan +- -1.00 (0)
nan +- -1.00 (0)
nan +- -1.00 (0)
nan +- -1.00 (0)
nan +- -1.00 (0)
nan +- -1.00 (0)
nan +- -1.00 (0)
nan +- -1.00 (0)
0.9513 +- -1.00 (1)
nan +- -1.00 (0)
nan +- -1.00 (0)
nan +- -1.00 (0)
nan +- -1.00 (0)
nan +- -1.00 (0)
nan +- -1.00 (0)
nan +- -1.00 (0)
nan +- -1.00 (0)
nan +- -1.00 (0)
nan +- -1.00 (0)
nan +- -1.00 (0)
nan +- -1.00 (0)
0.9483 +- -1.00 (1)
nan +- -1.00 (0)
0.9462 +- -1.00 (1)
nan +- -1.00 (0)
nan +- -1.00 (0)
nan +- -1.00 (0)
nan +- -1.00 (0)
0.9476 +- -1.00 (1)
nan +- -1.00 (0)
nan +- -1.00 (0)
0.9496 +- -1.00 (1)
nan +- -1.00 (0)
nan +- -1.00 (0)
nan +- -1.00 (0)
nan +- -1.00 (0)
nan +- -1.00 (0)
nan +- -1.00 (0)
nan +- -1.00 (0)
nan +- -1.00 (0)
nan +- -1.00 (0)
nan +- -1.00 (0)
nan +- -1.00 (0)
nan +- -1.00 (0)
nan +- -1.00 (0)
nan +- -1.00 (0)
nan +- -1.00 (0)
nan +- -1.00 (0)
nan +- -1.00 (0)
nan +- -1.00 (0)
nan +- -1.00 (0)
nan +- -1.00 (0)
nan +- -1.00 (0)
nan +- -1.00 (0)
nan +- -1.00 (0)
nan +- -1.00 (0)
nan +- -1.00 (0)
nan +- -1.00 (0)
nan +- -1.00 (0)
nan +- -1.00 (0)
nan +- -1.00 (0)
nan +- -1.00 (0)
nan +- -1.00 (0)
nan +- -1.00 (0)
nan +- -1.00 (0)
nan +- -1.00 (0)
nan +- -1.00 (0)
nan +- -1.00 (0)
nan +- -1.00 (0)
nan +- -1.00 (0)
nan +- -1.00 (0)
nan +- -1.00 (0)
nan +- -1.00 (0)
nan +- -1.00 (0)
nan +- -1.00 (0)
nan +- -1.00 (0)
nan +- -1.00 (0)
nan +- -1.00 (0)
nan +- -1.00 (0)
nan +- -1.00 (0)
nan +- -1.00 (0)
nan +- -1.00 (0)
nan +- -1.00 (0)
nan +- -1.00 (0)
nan +- -1.00 (0)
nan +- -1.00 (0)
nan +- -1.00 (0)
nan +- -1.00 (0)
nan +- -1.00 (0)
nan +- -1.00 (0)
nan +- -1.00 (0)
nan +- -1.00 (0)
nan +- -1.00 (0)
nan +- -1.00 (0)
nan +- -1.00 (0)
0.9483 +- -1.00 (1)
nan +- -1.00 (0)
nan +- -1.00 (0)
nan +- -1.00 (0)
nan +- -1.00 (0)
nan +- -1.00 (0)
nan +- -1.00 (0)
nan +- -1.00 (0)
nan +- -1.00 (0)
nan +- -1.00 (0)
nan +- -1.00 (0)
nan +- -1.00 (0)
nan +- -1.00 (0)
nan +- -1.00 (0)
nan +- -1.00 (0)
nan +- -1.00 (0)
nan +- -1.00 (0)
nan +- -1.00 (0)
nan +- -1.00 (0)
nan +- -1.00 (0)
nan +- -1.00 (0)
nan +- -1.00 (0)
nan +- -1.00 (0)
nan +- -1.00 (0)
nan +- -1.00 (0)
nan +- -1.00 (0)
nan +- -1.00 (0)
0.9518 +- -1.00 (1)
nan +- -1.00 (0)
nan +- -1.00 (0)
nan +- -1.00 (0)
nan +- -1.00 (0)
nan +- -1.00 (0)
nan +- -1.00 (0)
nan +- -1.00 (0)
nan +- -1.00 (0)
nan +- -1.00 (0)
0.9312 +- -1.00 (1)
nan +- -1.00 (0)
nan +- -1.00 (0)
nan +- -1.00 (0)
nan +- -1.00 (0)
nan +- -1.00 (0)
nan +- -1.00 (0)
nan +- -1.00 (0)
nan +- -1.00 (0)
nan +- -1.00 (0)
nan +- -1.00 (0)
nan +- -1.00 (0)
nan +- -1.00 (0)
nan +- -1.00 (0)
nan +- -1.00 (0)
nan +- -1.00 (0)
nan +- -1.00 (0)
nan +- -1.00 (0)
nan +- -1.00 (0)
nan +- -1.00 (0)
nan +- -1.00 (0)
nan +- -1.00 (0)
nan +- -1.00 (0)
nan +- -1.00 (0)
nan +- -1.00 (0)
nan +- -1.00 (0)
nan +- -1.00 (0)
nan +- -1.00 (0)
nan +- -1.00 (0)
nan +- -1.00 (0)
nan +- -1.00 (0)
nan +- -1.00 (0)
nan +- -1.00 (0)
nan +- -1.00 (0)
nan +- -1.00 (0)
nan +- -1.00 (0)
nan +- -1.00 (0)
nan +- -1.00 (0)
nan +- -1.00 (0)
nan +- -1.00 (0)
nan +- -1.00 (0)
nan +- -1.00 (0)
nan +- -1.00 (0)
nan +- -1.00 (0)
nan +- -1.00 (0)
nan +- -1.00 (0)
nan +- -1.00 (0)
nan +- -1.00 (0)
nan +- -1.00 (0)
nan +- -1.00 (0)
nan +- -1.00 (0)
nan +- -1.00 (0)
nan +- -1.00 (0)
0.9488 +- -1.00 (1)
nan +- -1.00 (0)
nan +- -1.00 (0)
nan +- -1.00 (0)
nan +- -1.00 (0)
nan +- -1.00 (0)
nan +- -1.00 (0)
nan +- -1.00 (0)
nan +- -1.00 (0)
nan +- -1.00 (0)
nan +- -1.00 (0)
nan +- -1.00 (0)
nan +- -1.00 (0)
nan +- -1.00 (0)
nan +- -1.00 (0)
nan +- -1.00 (0)
nan +- -1.00 (0)
nan +- -1.00 (0)
nan +- -1.00 (0)
nan +- -1.00 (0)
nan +- -1.00 (0)
nan +- -1.00 (0)
nan +- -1.00 (0)
nan +- -1.00 (0)
nan +- -1.00 (0)
nan +- -1.00 (0)
nan +- -1.00 (0)
nan +- -1.00 (0)
nan +- -1.00 (0)
nan +- -1.00 (0)
nan +- -1.00 (0)
nan +- -1.00 (0)
nan +- -1.00 (0)
nan +- -1.00 (0)
nan +- -1.00 (0)
nan +- -1.00 (0)
nan +- -1.00 (0)
nan +- -1.00 (0)
nan +- -1.00 (0)
nan +- -1.00 (0)
nan +- -1.00 (0)
nan +- -1.00 (0)
nan +- -1.00 (0)
nan +- -1.00 (0)
nan +- -1.00 (0)
nan +- -1.00 (0)
nan +- -1.00 (0)
nan +- -1.00 (0)
nan +- -1.00 (0)
nan +- -1.00 (0)
nan +- -1.00 (0)
nan +- -1.00 (0)
nan +- -1.00 (0)
nan +- -1.00 (0)
nan +- -1.00 (0)
0.9446 +- -1.00 (1)
nan +- -1.00 (0)
nan +- -1.00 (0)
nan +- -1.00 (0)
nan +- -1.00 (0)
nan +- -1.00 (0)
0.9482 +- -1.00 (1)
nan +- -1.00 (0)
nan +- -1.00 (0)
nan +- -1.00 (0)
nan +- -1.00 (0)
nan +- -1.00 (0)
nan +- -1.00 (0)
nan +- -1.00 (0)
nan +- -1.00 (0)
nan +- -1.00 (0)
0.9295 +- -1.00 (1)
nan +- -1.00 (0)
nan +- -1.00 (0)
nan +- -1.00 (0)
nan +- -1.00 (0)
0.9367 +- -1.00 (1)
nan +- -1.00 (0)
nan +- -1.00 (0)
nan +- -1.00 (0)
nan +- -1.00 (0)
nan +- -1.00 (0)
nan +- -1.00 (0)
nan +- -1.00 (0)
nan +- -1.00 (0)
0.9381 +- -1.00 (1)
nan +- -1.00 (0)
nan +- -1.00 (0)
nan +- -1.00 (0)
nan +- -1.00 (0)
nan +- -1.00 (0)
nan +- -1.00 (0)
nan +- -1.00 (0)
nan +- -1.00 (0)
nan +- -1.00 (0)
nan +- -1.00 (0)
nan +- -1.00 (0)
nan +- -1.00 (0)
nan +- -1.00 (0)
nan +- -1.00 (0)
nan +- -1.00 (0)
0.9400 +- -1.00 (1)
nan +- -1.00 (0)
0.9415 +- -1.00 (1)
nan +- -1.00 (0)
nan +- -1.00 (0)
nan +- -1.00 (0)
nan +- -1.00 (0)
nan +- -1.00 (0)
nan +- -1.00 (0)
nan +- -1.00 (0)
nan +- -1.00 (0)
nan +- -1.00 (0)
nan +- -1.00 (0)
nan +- -1.00 (0)
nan +- -1.00 (0)
nan +- -1.00 (0)
0.9432 +- -1.00 (1)
nan +- -1.00 (0)
nan +- -1.00 (0)
0.9374 +- -1.00 (1)
nan +- -1.00 (0)
nan +- -1.00 (0)
nan +- -1.00 (0)
nan +- -1.00 (0)
nan +- -1.00 (0)
nan +- -1.00 (0)
nan +- -1.00 (0)
nan +- -1.00 (0)
nan +- -1.00 (0)
nan +- -1.00 (0)
nan +- -1.00 (0)
0.9403 +- -1.00 (1)
nan +- -1.00 (0)
nan +- -1.00 (0)
nan +- -1.00 (0)
nan +- -1.00 (0)
nan +- -1.00 (0)
nan +- -1.00 (0)
nan +- -1.00 (0)
nan +- -1.00 (0)
nan +- -1.00 (0)
nan +- -1.00 (0)
nan +- -1.00 (0)
nan +- -1.00 (0)
nan +- -1.00 (0)
nan +- -1.00 (0)
nan +- -1.00 (0)
nan +- -1.00 (0)
0.9462 +- -1.00 (1)
nan +- -1.00 (0)
nan +- -1.00 (0)
nan +- -1.00 (0)
0.9411 +- -1.00 (1)
nan +- -1.00 (0)
nan +- -1.00 (0)
nan +- -1.00 (0)
nan +- -1.00 (0)
nan +- -1.00 (0)
nan +- -1.00 (0)
nan +- -1.00 (0)
nan +- -1.00 (0)
nan +- -1.00 (0)
nan +- -1.00 (0)
nan +- -1.00 (0)
nan +- -1.00 (0)
0.9480 +- -1.00 (1)
nan +- -1.00 (0)
nan +- -1.00 (0)
nan +- -1.00 (0)
nan +- -1.00 (0)
nan +- -1.00 (0)
nan +- -1.00 (0)
nan +- -1.00 (0)
nan +- -1.00 (0)
nan +- -1.00 (0)
nan +- -1.00 (0)
nan +- -1.00 (0)
nan +- -1.00 (0)
nan +- -1.00 (0)
nan +- -1.00 (0)
nan +- -1.00 (0)
nan +- -1.00 (0)
nan +- -1.00 (0)
nan +- -1.00 (0)
nan +- -1.00 (0)
nan +- -1.00 (0)
nan +- -1.00 (0)
nan +- -1.00 (0)
nan +- -1.00 (0)
nan +- -1.00 (0)
nan +- -1.00 (0)
nan +- -1.00 (0)
0.9403 +- -1.00 (1)
nan +- -1.00 (0)
nan +- -1.00 (0)
nan +- -1.00 (0)
nan +- -1.00 (0)
nan +- -1.00 (0)
nan +- -1.00 (0)
nan +- -1.00 (0)
nan +- -1.00 (0)
nan +- -1.00 (0)
nan +- -1.00 (0)
nan +- -1.00 (0)
nan +- -1.00 (0)
nan +- -1.00 (0)
nan +- -1.00 (0)
nan +- -1.00 (0)
nan +- -1.00 (0)
0.9301 +- -1.00 (1)
nan +- -1.00 (0)
nan +- -1.00 (0)
nan +- -1.00 (0)
nan +- -1.00 (0)
nan +- -1.00 (0)
nan +- -1.00 (0)
nan +- -1.00 (0)
nan +- -1.00 (0)
nan +- -1.00 (0)
nan +- -1.00 (0)
nan +- -1.00 (0)
0.9358 +- -1.00 (1)
nan +- -1.00 (0)
nan +- -1.00 (0)
nan +- -1.00 (0)
nan +- -1.00 (0)
nan +- -1.00 (0)
0.9380 +- -1.00 (1)
nan +- -1.00 (0)
nan +- -1.00 (0)
nan +- -1.00 (0)
nan +- -1.00 (0)
nan +- -1.00 (0)
nan +- -1.00 (0)
nan +- -1.00 (0)
nan +- -1.00 (0)
nan +- -1.00 (0)
nan +- -1.00 (0)
nan +- -1.00 (0)
nan +- -1.00 (0)
nan +- -1.00 (0)
nan +- -1.00 (0)
nan +- -1.00 (0)
nan +- -1.00 (0)
nan +- -1.00 (0)
nan +- -1.00 (0)
nan +- -1.00 (0)
nan +- -1.00 (0)
nan +- -1.00 (0)
nan +- -1.00 (0)
nan +- -1.00 (0)
nan +- -1.00 (0)
nan +- -1.00 (0)
nan +- -1.00 (0)
nan +- -1.00 (0)
nan +- -1.00 (0)
nan +- -1.00 (0)
0.9348 +- -1.00 (1)
nan +- -1.00 (0)
0.9361 +- -1.00 (1)
nan +- -1.00 (0)
nan +- -1.00 (0)
nan +- -1.00 (0)
nan +- -1.00 (0)
nan +- -1.00 (0)
nan +- -1.00 (0)
nan +- -1.00 (0)
nan +- -1.00 (0)
nan +- -1.00 (0)
nan +- -1.00 (0)
nan +- -1.00 (0)
nan +- -1.00 (0)
nan +- -1.00 (0)
nan +- -1.00 (0)
nan +- -1.00 (0)
nan +- -1.00 (0)
nan +- -1.00 (0)
nan +- -1.00 (0)
nan +- -1.00 (0)
nan +- -1.00 (0)
nan +- -1.00 (0)
nan +- -1.00 (0)
nan +- -1.00 (0)
nan +- -1.00 (0)
nan +- -1.00 (0)
0.9434 +- -1.00 (1)
nan +- -1.00 (0)
nan +- -1.00 (0)
nan +- -1.00 (0)
nan +- -1.00 (0)
nan +- -1.00 (0)
nan +- -1.00 (0)
nan +- -1.00 (0)
nan +- -1.00 (0)
nan +- -1.00 (0)
nan +- -1.00 (0)
nan +- -1.00 (0)
nan +- -1.00 (0)
nan +- -1.00 (0)
nan +- -1.00 (0)
nan +- -1.00 (0)
nan +- -1.00 (0)
nan +- -1.00 (0)
nan +- -1.00 (0)
nan +- -1.00 (0)
nan +- -1.00 (0)
nan +- -1.00 (0)
nan +- -1.00 (0)
nan +- -1.00 (0)
nan +- -1.00 (0)
nan +- -1.00 (0)
nan +- -1.00 (0)
nan +- -1.00 (0)
nan +- -1.00 (0)
nan +- -1.00 (0)
nan +- -1.00 (0)
nan +- -1.00 (0)
nan +- -1.00 (0)
nan +- -1.00 (0)
nan +- -1.00 (0)
nan +- -1.00 (0)
nan +- -1.00 (0)
nan +- -1.00 (0)
nan +- -1.00 (0)
nan +- -1.00 (0)
nan +- -1.00 (0)
nan +- -1.00 (0)
nan +- -1.00 (0)
nan +- -1.00 (0)
nan +- -1.00 (0)
nan +- -1.00 (0)
nan +- -1.00 (0)
nan +- -1.00 (0)
nan +- -1.00 (0)
nan +- -1.00 (0)
nan +- -1.00 (0)
nan +- -1.00 (0)
nan +- -1.00 (0)
nan +- -1.00 (0)
nan +- -1.00 (0)
nan +- -1.00 (0)
nan +- -1.00 (0)
0.9328 +- -1.00 (1)
nan +- -1.00 (0)
nan +- -1.00 (0)
nan +- -1.00 (0)
nan +- -1.00 (0)
nan +- -1.00 (0)
nan +- -1.00 (0)
nan +- -1.00 (0)
nan +- -1.00 (0)
0.9415 +- -1.00 (1)
nan +- -1.00 (0)
nan +- -1.00 (0)
nan +- -1.00 (0)
nan +- -1.00 (0)
nan +- -1.00 (0)
nan +- -1.00 (0)
nan +- -1.00 (0)
nan +- -1.00 (0)
nan +- -1.00 (0)
nan +- -1.00 (0)
nan +- -1.00 (0)
nan +- -1.00 (0)
nan +- -1.00 (0)
nan +- -1.00 (0)
nan +- -1.00 (0)
nan +- -1.00 (0)
nan +- -1.00 (0)
nan +- -1.00 (0)
nan +- -1.00 (0)
nan +- -1.00 (0)
nan +- -1.00 (0)
nan +- -1.00 (0)
nan +- -1.00 (0)
nan +- -1.00 (0)
nan +- -1.00 (0)
nan +- -1.00 (0)
nan +- -1.00 (0)
nan +- -1.00 (0)
nan +- -1.00 (0)
nan +- -1.00 (0)
nan +- -1.00 (0)
nan +- -1.00 (0)
nan +- -1.00 (0)
nan +- -1.00 (0)
nan +- -1.00 (0)
nan +- -1.00 (0)
nan +- -1.00 (0)
nan +- -1.00 (0)
nan +- -1.00 (0)
nan +- -1.00 (0)
nan +- -1.00 (0)
0.9429 +- -1.00 (1)
nan +- -1.00 (0)
0.9322 +- -1.00 (1)
nan +- -1.00 (0)
0.9364 +- -1.00 (1)
nan +- -1.00 (0)
nan +- -1.00 (0)
nan +- -1.00 (0)
nan +- -1.00 (0)
nan +- -1.00 (0)
nan +- -1.00 (0)
nan +- -1.00 (0)
nan +- -1.00 (0)
nan +- -1.00 (0)
nan +- -1.00 (0)
nan +- -1.00 (0)
0.9251 +- -1.00 (1)
nan +- -1.00 (0)
nan +- -1.00 (0)
nan +- -1.00 (0)
nan +- -1.00 (0)
nan +- -1.00 (0)
nan +- -1.00 (0)
nan +- -1.00 (0)
nan +- -1.00 (0)
nan +- -1.00 (0)
nan +- -1.00 (0)
nan +- -1.00 (0)
nan +- -1.00 (0)
nan +- -1.00 (0)
nan +- -1.00 (0)
nan +- -1.00 (0)
nan +- -1.00 (0)
nan +- -1.00 (0)
nan +- -1.00 (0)
nan +- -1.00 (0)
nan +- -1.00 (0)
nan +- -1.00 (0)
nan +- -1.00 (0)
nan +- -1.00 (0)
nan +- -1.00 (0)
nan +- -1.00 (0)
nan +- -1.00 (0)
nan +- -1.00 (0)
nan +- -1.00 (0)
nan +- -1.00 (0)
nan +- -1.00 (0)
nan +- -1.00 (0)
nan +- -1.00 (0)
nan +- -1.00 (0)
nan +- -1.00 (0)
nan +- -1.00 (0)
nan +- -1.00 (0)
nan +- -1.00 (0)
nan +- -1.00 (0)
0.9395 +- -1.00 (1)
nan +- -1.00 (0)
nan +- -1.00 (0)
nan +- -1.00 (0)
nan +- -1.00 (0)
nan +- -1.00 (0)
nan +- -1.00 (0)
0.9345 +- -1.00 (1)
0.9379 +- -1.00 (1)
nan +- -1.00 (0)
nan +- -1.00 (0)
nan +- -1.00 (0)
nan +- -1.00 (0)
nan +- -1.00 (0)
nan +- -1.00 (0)
nan +- -1.00 (0)
nan +- -1.00 (0)
nan +- -1.00 (0)
nan +- -1.00 (0)
nan +- -1.00 (0)
nan +- -1.00 (0)
nan +- -1.00 (0)
nan +- -1.00 (0)
nan +- -1.00 (0)
nan +- -1.00 (0)
nan +- -1.00 (0)
nan +- -1.00 (0)
nan +- -1.00 (0)
nan +- -1.00 (0)
nan +- -1.00 (0)
nan +- -1.00 (0)
nan +- -1.00 (0)
nan +- -1.00 (0)
nan +- -1.00 (0)
nan +- -1.00 (0)
nan +- -1.00 (0)
nan +- -1.00 (0)
nan +- -1.00 (0)
nan +- -1.00 (0)
nan +- -1.00 (0)
nan +- -1.00 (0)
nan +- -1.00 (0)
nan +- -1.00 (0)
nan +- -1.00 (0)
nan +- -1.00 (0)
nan +- -1.00 (0)
nan +- -1.00 (0)
nan +- -1.00 (0)
nan +- -1.00 (0)
nan +- -1.00 (0)
nan +- -1.00 (0)
nan +- -1.00 (0)
nan +- -1.00 (0)
nan +- -1.00 (0)
nan +- -1.00 (0)
nan +- -1.00 (0)
nan +- -1.00 (0)
nan +- -1.00 (0)
nan +- -1.00 (0)
nan +- -1.00 (0)
nan +- -1.00 (0)
nan +- -1.00 (0)
nan +- -1.00 (0)
nan +- -1.00 (0)
nan +- -1.00 (0)
nan +- -1.00 (0)
nan +- -1.00 (0)
nan +- -1.00 (0)
nan +- -1.00 (0)
nan +- -1.00 (0)
nan +- -1.00 (0)
nan +- -1.00 (0)
nan +- -1.00 (0)
nan +- -1.00 (0)
nan +- -1.00 (0)
nan +- -1.00 (0)
nan +- -1.00 (0)
nan +- -1.00 (0)
nan +- -1.00 (0)
nan +- -1.00 (0)
nan +- -1.00 (0)
nan +- -1.00 (0)
nan +- -1.00 (0)
nan +- -1.00 (0)
nan +- -1.00 (0)
nan +- -1.00 (0)
nan +- -1.00 (0)
nan +- -1.00 (0)
nan +- -1.00 (0)
nan +- -1.00 (0)
nan +- -1.00 (0)
nan +- -1.00 (0)
nan +- -1.00 (0)
nan +- -1.00 (0)
nan +- -1.00 (0)
nan +- -1.00 (0)
nan +- -1.00 (0)
nan +- -1.00 (0)
nan +- -1.00 (0)
nan +- -1.00 (0)
nan +- -1.00 (0)
nan +- -1.00 (0)
nan +- -1.00 (0)
nan +- -1.00 (0)
nan +- -1.00 (0)
nan +- -1.00 (0)
nan +- -1.00 (0)
nan +- -1.00 (0)
nan +- -1.00 (0)
nan +- -1.00 (0)
nan +- -1.00 (0)
nan +- -1.00 (0)
nan +- -1.00 (0)
nan +- -1.00 (0)
nan +- -1.00 (0)
nan +- -1.00 (0)
nan +- -1.00 (0)
nan +- -1.00 (0)
nan +- -1.00 (0)
nan +- -1.00 (0)
nan +- -1.00 (0)
nan +- -1.00 (0)
nan +- -1.00 (0)
nan +- -1.00 (0)
nan +- -1.00 (0)
nan +- -1.00 (0)
nan +- -1.00 (0)
nan +- -1.00 (0)
0.9323 +- -1.00 (1)
nan +- -1.00 (0)
nan +- -1.00 (0)
nan +- -1.00 (0)
nan +- -1.00 (0)
nan +- -1.00 (0)
nan +- -1.00 (0)
nan +- -1.00 (0)
nan +- -1.00 (0)
nan +- -1.00 (0)
nan +- -1.00 (0)
nan +- -1.00 (0)
nan +- -1.00 (0)
nan +- -1.00 (0)
nan +- -1.00 (0)
nan +- -1.00 (0)
nan +- -1.00 (0)
nan +- -1.00 (0)
nan +- -1.00 (0)
nan +- -1.00 (0)
nan +- -1.00 (0)
nan +- -1.00 (0)
nan +- -1.00 (0)
nan +- -1.00 (0)
nan +- -1.00 (0)
nan +- -1.00 (0)
nan +- -1.00 (0)
nan +- -1.00 (0)
nan +- -1.00 (0)
nan +- -1.00 (0)
nan +- -1.00 (0)
nan +- -1.00 (0)
nan +- -1.00 (0)
nan +- -1.00 (0)
nan +- -1.00 (0)
nan +- -1.00 (0)
nan +- -1.00 (0)
nan +- -1.00 (0)
nan +- -1.00 (0)
nan +- -1.00 (0)
nan +- -1.00 (0)
nan +- -1.00 (0)
nan +- -1.00 (0)
nan +- -1.00 (0)
nan +- -1.00 (0)
nan +- -1.00 (0)
nan +- -1.00 (0)
0.9324 +- -1.00 (1)
nan +- -1.00 (0)
nan +- -1.00 (0)
nan +- -1.00 (0)
nan +- -1.00 (0)
nan +- -1.00 (0)
nan +- -1.00 (0)
nan +- -1.00 (0)
nan +- -1.00 (0)
0.9308 +- -1.00 (1)
nan +- -1.00 (0)
nan +- -1.00 (0)
nan +- -1.00 (0)
nan +- -1.00 (0)
nan +- -1.00 (0)
0.9275 +- -1.00 (1)
nan +- -1.00 (0)
nan +- -1.00 (0)
nan +- -1.00 (0)
nan +- -1.00 (0)
nan +- -1.00 (0)
nan +- -1.00 (0)
nan +- -1.00 (0)
nan +- -1.00 (0)
nan +- -1.00 (0)
nan +- -1.00 (0)
nan +- -1.00 (0)
nan +- -1.00 (0)
nan +- -1.00 (0)
nan +- -1.00 (0)
nan +- -1.00 (0)
nan +- -1.00 (0)
nan +- -1.00 (0)
nan +- -1.00 (0)
nan +- -1.00 (0)
nan +- -1.00 (0)
nan +- -1.00 (0)
nan +- -1.00 (0)
nan +- -1.00 (0)
nan +- -1.00 (0)
nan +- -1.00 (0)
nan +- -1.00 (0)
nan +- -1.00 (0)
nan +- -1.00 (0)
nan +- -1.00 (0)
nan +- -1.00 (0)
nan +- -1.00 (0)
nan +- -1.00 (0)
nan +- -1.00 (0)
nan +- -1.00 (0)
nan +- -1.00 (0)
nan +- -1.00 (0)
nan +- -1.00 (0)
nan +- -1.00 (0)
nan +- -1.00 (0)
nan +- -1.00 (0)
nan +- -1.00 (0)
0.9426 +- -1.00 (1)
nan +- -1.00 (0)
nan +- -1.00 (0)
nan +- -1.00 (0)
nan +- -1.00 (0)
nan +- -1.00 (0)
nan +- -1.00 (0)
nan +- -1.00 (0)
nan +- -1.00 (0)
nan +- -1.00 (0)
nan +- -1.00 (0)
nan +- -1.00 (0)
nan +- -1.00 (0)
nan +- -1.00 (0)
nan +- -1.00 (0)
nan +- -1.00 (0)
nan +- -1.00 (0)
nan +- -1.00 (0)
nan +- -1.00 (0)
nan +- -1.00 (0)
nan +- -1.00 (0)
nan +- -1.00 (0)
nan +- -1.00 (0)
nan +- -1.00 (0)
nan +- -1.00 (0)
nan +- -1.00 (0)
nan +- -1.00 (0)
nan +- -1.00 (0)
nan +- -1.00 (0)
nan +- -1.00 (0)
