0.9314 0.9464 0.88147696
0.9126 0.8333 0.76046958
0.8555 0.8898 0.7612239
0.9016 0.7563 0.68188008
0.9478 0.9559 0.90600202
0.9242 0.8776 0.81107792
0.9284 0.9603 0.89154252
0.9555 0.8889 0.84934395
0.8572 0.8713 0.74687836
0.9388 0.8923 0.83769124
0.8557 0.8627 0.73821239
0.9384 0.9423 0.88425432
0.9635 0.9366 0.9024141
0.9103 0.7803 0.71030709
0.9442 0.9244 0.87281848
0.9272 0.8616 0.79887552
0.9451 0.9437 0.89189087
0.8563 0.878 0.7518314
0.9473 0.9538 0.90353474
0.9338 0.9432 0.88076016
0.9031 0.8228 0.74307068
0.9526 0.9569 0.91154294
0.9331 0.8516 0.79462796
0.9335 0.9561 0.89251935
0.9302 0.9137 0.84992374
0.8864 0.8952 0.79350528
0.9104 0.9223 0.83966192
0.9072 0.8559 0.77647248
0.9245 0.9174 0.8481363
0.9388 0.9062 0.85074056
0.9523 0.9535 0.90801805
0.9615 0.9613 0.92428995
0.9602 0.8936 0.85803472
0.9259 0.9375 0.86803125
0.9243 0.94 0.868842
0.9289 0.7442 0.69128738
0.9241 0.8788 0.81209908
0.8898 0.9247 0.82279806
0.9421 0.8971 0.84515791
0.938 0.9252 0.8678376
0.9319 0.8532 0.79509708
0.9255 0.9286 0.8594193
0.9558 0.9787 0.93544146
0.8051 0.838 0.6746738
0.9408 0.8929 0.84004032
0.9222 0.8966 0.82684452
0.9104 0.9051 0.82400304
0.9435 0.9216 0.8695296
0.8988 0.8488 0.76290144
0.9485 0.9405 0.89206425
0.9607 0.9457 0.90853399
0.9509 0.9305 0.88481245
0.8643 0.8529 0.73716147
0.9074 0.8732 0.79234168
0.8822 0.9298 0.82026956
0.9465 0.9608 0.9093972
0.924 0.9274 0.8569176
0.9047 0.837 0.7572339
0.9596 0.9538 0.91526648
0.9586 0.9429 0.90386394
0.9399 0.9505 0.89337495
0.9272 0.9417 0.87314424
0.9264 0.9362 0.86729568
0.9198 0.8921 0.82055358
0.9459 0.9328 0.88233552
0.9579 0.9655 0.92485245
0.953 0.9502 0.9055406
0.9562 0.9454 0.90399148
0.9059 0.9236 0.83668924
0.8152 0.8528 0.69520256
0.9154 0.9063 0.82962702
0.9302 0.8919 0.82964538
0.8932 0.9055 0.8087926
0.9173 0.9167 0.84088891
0.8998 0.8905 0.8012719
0.9606 0.9665 0.9284199
0.9546 0.9536 0.91030656
0.9401 0.8698 0.81769898
0.9482 0.97 0.919754
0.9375 0.8947 0.83878125
0.9069 0.9041 0.81992829
0.914 0.9024 0.8247936
0.9412 0.9417 0.88632804
0.8824 0.913 0.8056312
0.9606 0.9248 0.88836288
0.9439 0.8846 0.83497394
0.9283 0.9592 0.89042536
0.8922 0.8889 0.79307658
0.8821 0.9063 0.79944723
0.9251 0.9444 0.87366444
0.93 0.8824 0.820632
0.9274 0.9205 0.8536717
0.9393 0.91 0.854763
0.9553 0.9549 0.91221597
0.9343 0.9137 0.85366991
0.9407 0.9451 0.88905557
0.9175 0.9429 0.86511075
0.9174 0.877 0.8045598
0.9273 0.8636 0.80081628
0.9222 0.9393 0.86622246
0.9381 0.8642 0.81070602
0.9315 0.9211 0.85800465
0.9138 0.9157 0.83676666
0.9381 0.9403 0.88209543
0.9437 0.9231 0.87112947
0.94 0.9225 0.86715
0.9458 0.9639 0.91165662
0.9457 0.8689 0.82171873
0.9309 0.9153 0.85205277
0.9353 0.9138 0.85467714
0.9014 0.8511 0.76718154
0.9212 0.8721 0.80337852
0.9493 0.8816 0.83690288
0.9313 0.8421 0.78424773
0.9608 0.9528 0.91545024
0.9261 0.8896 0.82385856
0.9624 0.9643 0.92804232
0.9227 0.9286 0.85681922
0.9328 0.9091 0.84800848
0.9296 0.825 0.76692
0.92 0.881 0.81052
0.9301 0.91 0.846391
0.8988 0.875 0.78645
0.9101 0.9032 0.82200232
0.9505 0.9342 0.8879571
0.9273 0.8817 0.81760041
0.9454 0.9298 0.87903292
0.9342 0.9262 0.86525604
0.9527 0.9615 0.91602105
0.9633 0.9592 0.92399736
0.9564 0.9577 0.91594428
0.9514 0.9366 0.89108124
0.9159 0.8448 0.77375232
0.9529 0.9487 0.90401623
0.9522 0.966 0.9198252
0.942 0.9327 0.8786034
0.9393 0.8476 0.79615068
0.9314 0.9397 0.87523658
0.9418 0.9211 0.86749198
0.9377 0.9271 0.86934167
0.9237 0.949 0.8765913
0.9345 0.9494 0.8872143
0.9075 0.951 0.8630325
0.9101 0.8992 0.81836192
0.946 0.9503 0.8989838
0.9241 0.8218 0.75942538
0.9426 0.9438 0.88962588
0.9349 0.9137 0.85421813
0.952 0.9468 0.9013536
0.9607 0.9613 0.92352091
0.9643 0.9671 0.93257453
0.9485 0.9703 0.92032955
0.912 0.922 0.840864
0.9498 0.8511 0.80837478
0.9247 0.906 0.8377782
0.9717 0.9558 0.92875086
0.9637 0.956 0.9212972
0.9274 0.8421 0.78096354
0.9299 0.9254 0.86052946
0.9391 0.9115 0.85598965
0.9434 0.9036 0.85245624
0.9476 0.945 0.895482
0.9222 0.85 0.78387
0.9219 0.9344 0.86142336
0.9508 0.9091 0.86437228
0.9535 0.9474 0.9033459
0.9593 0.962 0.9228466
0.9313 0.9154 0.85251202
0.9087 0.911 0.8278257
0.9256 0.9268 0.85784608
0.9518 0.9426 0.89716668
0.9015 0.8977 0.80927655
0.9449 0.9621 0.90908829
0.9318 0.9355 0.8716989
0.9304 0.9387 0.87336648
0.9506 0.9362 0.88995172
0.9489 0.9604 0.91132356
0.9655 0.9738 0.9402039
0.9368 0.9515 0.8913652
0.9356 0.9138 0.85495128
0.9019 0.8605 0.77608495
0.9235 0.8926 0.8243161
0.9522 0.9559 0.91020798
0.9178 0.9176 0.84217328
0.9629 0.9569 0.92139901
0.9376 0.9375 0.879
0.9096 0.9118 0.82937328
0.911 0.9214 0.8393954
0.9018 0.9 0.81162
0.9329 0.9512 0.88737448
0.9253 0.741 0.6856473
0.9015 0.8642 0.7790763
0.9207 0.9294 0.85569858
0.955 0.9048 0.864084
0.921 0.8926 0.8220846
0.9457 0.9059 0.85670963
0.9489 0.9394 0.89139666
0.9554 0.9275 0.8861335
0.9617 0.931 0.8953427
0.9401 0.9424 0.88595024
0.9408 0.9362 0.88077696
0.9316 0.9391 0.87486556
0.9377 0.9231 0.86559087
0.9493 0.9514 0.90316402
0.9388 0.9115 0.8557162
0.9367 0.9441 0.88433847
0.9518 0.9236 0.87908248
0.9432 0.9615 0.9068868
0.9507 0.9248 0.87920736
0.9398 0.9167 0.86151466
0.948 0.958 0.908184
0.9319 0.9223 0.85949137
0.96 0.9497 0.911712
0.9482 0.9231 0.87528342
0.9438 0.9029 0.85215702
0.9538 0.9219 0.87930822
0.9264 0.9186 0.85099104
0.9184 0.9412 0.86439808
0.9439 0.8636 0.81515204
0.966 0.9111 0.8801226
0.9236 0.9255 0.8547918
0.9564 0.8829 0.84440556
0.9482 0.9308 0.88258456
0.9179 0.8929 0.81959291
0.9363 0.9407 0.88077741
0.9338 0.9317 0.87002146
0.9548 0.9167 0.87526516
0.9444 0.9161 0.86516484
0.9621 0.9588 0.92246148
0.9542 0.9503 0.90677626
0.9377 0.9412 0.88256324
0.9622 0.9504 0.91447488
0.9364 0.9237 0.86495268
0.9521 0.9573 0.91144533
0.9414 0.9396 0.88453944
0.9371 0.8559 0.80206389
0.95 0.9643 0.916085
0.899 0.8447 0.7593853
0.9572 0.9353 0.89526916
0.9414 0.9186 0.86477004
0.9502 0.9355 0.8889121
0.9485 0.9618 0.9122673
0.8881 0.8696 0.77229176
0.9438 0.9155 0.8640489
0.9512 0.9184 0.87358208
0.9474 0.9091 0.86128134
0.9231 0.9189 0.84823659
0.95 0.9709 0.922355
0.9475 0.9048 0.857298
0.9518 0.9412 0.89583416
0.9568 0.9455 0.9046544
0.9569 0.9441 0.90340929
0.945 0.92 0.8694
0.9368 0.9157 0.85782776
0.9063 0.9091 0.82391733
0.9672 0.9528 0.92154816
0.9416 0.9407 0.88576312
0.9269 0.8046 0.74578374
0.956 0.9306 0.8896536
0.923 0.8772 0.8096556
0.9458 0.9333 0.88271514
0.9464 0.8947 0.84674408
0.9496 0.9274 0.88065904
0.9511 0.9328 0.88718608
0.9639 0.9214 0.88813746
0.933 0.9485 0.8849505
0.9576 0.9586 0.91795536
0.9404 0.9328 0.87720512
0.9464 0.9568 0.90551552
0.9318 0.8889 0.82827702
0.9536 0.8931 0.85166016
0.9457 0.9565 0.90456205
0.934 0.9238 0.8628292
0.9486 0.9649 0.91530414
0.9472 0.9281 0.87909632
0.9472 0.9306 0.88146432
0.9393 0.9005 0.84583965
0.9544 0.9613 0.91746472
0.9523 0.959 0.9132557
0.9285 0.8684 0.8063094
0.9334 0.9375 0.8750625
0.947 0.9138 0.8653686
0.9632 0.9571 0.92187872
0.9191 0.8218 0.75531638
0.9371 0.9041 0.84723211
0.9575 0.9484 0.908093
0.9541 0.9365 0.89351465
0.9474 0.9641 0.91338834
0.9285 0.9222 0.8562627
0.9412 0.881 0.8291972
0.9518 0.929 0.8842222
0.939 0.8969 0.8421891
0.9101 0.9286 0.84511886
0.954 0.9156 0.8734824
0.9418 0.9213 0.86768034
0.959 0.9239 0.8860201
0.9563 0.9458 0.90446854
0.9554 0.944 0.9018976
0.9496 0.9455 0.8978468
0.945 0.9124 0.862218
0.9449 0.9623 0.90927727
0.9516 0.9268 0.88194288
0.948 0.9481 0.8987988
0.9603 0.9527 0.91487781
0.9557 0.9 0.86013
0.9557 0.9545 0.91221565
0.9529 0.9638 0.91840502
0.9412 0.9252 0.87079824
0.9533 0.9463 0.90210779
0.9325 0.9248 0.862376
0.938 0.8968 0.8411984
0.9497 0.9298 0.88303106
0.9569 0.9112 0.87192728
0.9318 0.9143 0.85194474
0.9569 0.96 0.918624
0.9467 0.8768 0.83006656
0.9164 0.9121 0.83584844
0.898 0.8933 0.8021834
0.9546 0.942 0.8992332
0.9562 0.964 0.9217768
0.9444 0.9298 0.87810312
0.9412 0.8378 0.78853736
0.9442 0.9592 0.90567664
0.9401 0.9124 0.85774724
0.9482 0.9549 0.90543618
0.9457 0.9177 0.86786889
0.9554 0.958 0.9152732
0.9558 0.9657 0.92301606
0.948 0.8898 0.8435304
0.9533 0.9404 0.89648332
0.9547 0.9517 0.90858799
0.9522 0.9359 0.89116398
0.9617 0.9318 0.89611206
0.9393 0.9265 0.87026145
0.9508 0.9536 0.90668288
0.9563 0.9389 0.89787007
0.9531 0.9485 0.90401535
0.931 0.9304 0.8662024
0.964 0.9556 0.9211984
0.9408 0.9118 0.85782144
0.9425 0.9027 0.85079475
0.9529 0.9174 0.87419046
0.9224 0.9333 0.86087592
0.9442 0.9348 0.88263816
0.9456 0.9177 0.86777712
0.9509 0.9388 0.89270492
0.9456 0.942 0.8907552
0.9413 0.9266 0.87220858
0.9358 0.9528 0.89163024
0.9465 0.9641 0.91252065
0.96 0.9674 0.928704
0.9529 0.9161 0.87295169
0.9494 0.8911 0.84601034
0.9516 0.8895 0.8464482
0.9491 0.9371 0.88940161
0.9673 0.9614 0.92996222
0.9399 0.9583 0.90070617
0.9452 0.8585 0.8114542
0.9579 0.9347 0.89534913
0.9445 0.92 0.86894
0.9622 0.9504 0.91447488
0.9559 0.928 0.8870752
0.9478 0.96 0.909888
0.9356 0.8898 0.83249688
0.9589 0.9423 0.90357147
0.9551 0.9619 0.91871069
0.9483 0.9353 0.88694499
0.9412 0.8932 0.84067984
0.9416 0.9045 0.8516772
0.9417 0.9231 0.86928327
0.9457 0.9275 0.87713675
0.951 0.969 0.921519
0.9221 0.9316 0.85902836
0.9245 0.9341 0.86357545
0.9553 0.9392 0.89721776
0.9531 0.9068 0.86427108
0.9558 0.9721 0.92913318
0.9523 0.9451 0.90001873
0.9685 0.9355 0.90603175
0.9348 0.8864 0.82860672
0.9531 0.9327 0.88895637
0.9544 0.9216 0.87957504
0.9524 0.9375 0.892875
0.925 0.888 0.8214
0.9493 0.9431 0.89528483
0.9464 0.9013 0.85299032
0.961 0.9537 0.9165057
0.9507 0.9438 0.89727066
0.9445 0.9355 0.88357975
0.9387 0.9158 0.85966146
0.9408 0.9627 0.90570816
0.9359 0.9247 0.86542673
0.9411 0.9615 0.90486765
0.9609 0.9362 0.89959458
0.9402 0.895 0.841479
0.9508 0.9262 0.88063096
0.9512 0.9718 0.92437616
0.9521 0.9397 0.89468837
0.9507 0.8955 0.85135185
0.9532 0.9375 0.893625
0.9522 0.9592 0.91335024
0.9559 0.9565 0.91431835
0.9326 0.9173 0.85547398
0.9555 0.9155 0.87476025
0.9416 0.9535 0.8978156
0.9518 0.9571 0.91096778
0.9535 0.9394 0.8957179
0.9254 0.949 0.8782046
0.9456 0.9481 0.89652336
0.9401 0.9173 0.86235373
0.9458 0.9306 0.88016148
0.9471 0.945 0.8950095
0.9611 0.9447 0.90795117
0.9521 0.9675 0.92115675
0.9469 0.9327 0.88317363
0.9437 0.9407 0.88773859
0.9586 0.9444 0.90530184
0.9367 0.954 0.8936118
0.9517 0.9507 0.90478119
0.9525 0.9203 0.87658575
0.9458 0.8828 0.83495224
0.9566 0.8966 0.85768756
0.9554 0.951 0.9085854
0.936 0.9279 0.8685144
0.9331 0.9161 0.85481291
0.9506 0.9441 0.89746146
0.9502 0.9167 0.87104834
0.9526 0.9389 0.89439614
0.9593 0.9833 0.94327969
0.9595 0.9407 0.90260165
0.9462 0.9456 0.89472672
0.9586 0.9448 0.90568528
0.9458 0.9007 0.85188206
0.9556 0.9043 0.86414908
0.946 0.9371 0.8864966
0.9439 0.9516 0.89821524
0.9521 0.918 0.8740278
0.9521 0.9407 0.89564047
0.962 0.9337 0.8982194
0.9254 0.9245 0.8555323
0.9465 0.9023 0.85402695
0.944 0.9292 0.8771648
0.9398 0.9646 0.90653108
0.9489 0.9485 0.90003165
0.9571 0.924 0.8843604
0.9463 0.9394 0.88895422
0.9475 0.9384 0.889134
0.9527 0.9459 0.90115893
0.9354 0.9327 0.87244758
0.9555 0.9186 0.8777223
0.9609 0.9487 0.91160583
0.9497 0.9424 0.89499728
0.9431 0.9672 0.91216632
0.9532 0.9126 0.86989032
0.9434 0.9265 0.8740601
0.9628 0.945 0.909846
0.9491 0.9038 0.85779658
0.9525 0.913 0.8696325
0.9634 0.9416 0.90713744
0.9434 0.937 0.8839658
0.9599 0.9528 0.91459272
0.957 0.9618 0.9204426
0.9424 0.8952 0.84363648
0.9431 0.9565 0.90207515
0.9595 0.9313 0.89358235
0.9352 0.9167 0.85729784
0.9414 0.9504 0.89470656
0.9426 0.9126 0.86021676
0.9526 0.9177 0.87420102
0.9542 0.945 0.901719
0.938 0.9149 0.8581762
0.9397 0.9556 0.89797732
0.9369 0.9213 0.86316597
0.938 0.9109 0.8544242
0.9481 0.9569 0.90723689
0.9462 0.9469 0.89595678
0.9562 0.9415 0.9002623
0.9463 0.9571 0.90570373
0.9641 0.9368 0.90316888
0.94 0.8881 0.834814
0.9428 0.9307 0.87746396
0.9446 0.8741 0.82567486
0.9489 0.9449 0.89661561
0.9363 0.913 0.8548419
0.9597 0.9286 0.89117742
0.9536 0.9206 0.87788416
0.9514 0.9115 0.8672011
0.9526 0.9474 0.90249324
0.9398 0.9247 0.86903306
0.9448 0.8889 0.83983272
0.9418 0.9565 0.9008317
0.939 0.9397 0.8823783
0.9296 0.9286 0.86322656
0.9543 0.9 0.85887
0.9495 0.9355 0.88825725
0.9545 0.9548 0.9113566
0.9449 0.9562 0.90351338
0.9543 0.9098 0.86822214
0.9507 0.9333 0.88728831
0.9516 0.9481 0.90221196
0.9339 0.9302 0.86871378
0.9546 0.9195 0.8777547
0.944 0.942 0.889248
0.9582 0.9583 0.91824306
0.9418 0.9517 0.89631106
0.9451 0.9203 0.86977553
0.948 0.935 0.88638
0.9365 0.9423 0.88246395
0.9502 0.9194 0.87361388
0.9547 0.9653 0.92157191
0.9507 0.9313 0.88538691
0.9509 0.9344 0.88852096
0.9551 0.936 0.8939736
0.9608 0.9021 0.86673768
0.9531 0.9263 0.88285653
0.9513 0.9262 0.88109406
0.9539 0.9256 0.88292984
0.9054 0.9205 0.8334207
0.9581 0.9167 0.87829027
0.9581 0.9429 0.90339249
0.938 0.9302 0.8725276
0.9593 0.9008 0.86413744
0.9305 0.8966 0.8342863
0.9331 0.9238 0.86199778
0.9401 0.9348 0.87880548
0.9588 0.9394 0.90069672
0.9516 0.9141 0.86985756
0.9366 0.9342 0.87497172
0.9544 0.9275 0.885206
0.9482 0.9259 0.87793838
0.9494 0.9497 0.90164518
0.9527 0.958 0.9126866
0.9468 0.922 0.8729496
0.9283 0.885 0.8215455
0.9474 0.9474 0.89756676
0.9444 0.8761 0.82738884
0.9502 0.934 0.8874868
0.951 0.9542 0.9074442
0.9581 0.9563 0.91623103
0.9378 0.9314 0.87346692
0.9321 0.8855 0.82537455
0.9429 0.936 0.8825544
0.9454 0.9444 0.89283576
0.9499 0.9571 0.90914929
0.9443 0.9363 0.88414809
0.9455 0.9459 0.89434845
0.9366 0.9048 0.84743568
0.9522 0.9636 0.91753992
0.9403 0.9352 0.87936856
0.9564 0.9586 0.91680504
0.9562 0.9371 0.89605502
0.9443 0.9071 0.85657453
0.9566 0.9297 0.88935102
0.9455 0.897 0.8481135
0.9513 0.9167 0.87205671
0.9474 0.9346 0.88544004
0.9438 0.9189 0.86725782
0.9537 0.9052 0.86328924
0.9548 0.9286 0.88662728
0.9462 0.9318 0.88166916
0.9486 0.9273 0.87963678
0.9396 0.8862 0.83267352
0.9485 0.9298 0.8819153
0.9365 0.928 0.869072
0.9625 0.9231 0.88848375
0.9458 0.9052 0.85613816
0.9506 0.92 0.874552
0.9468 0.9417 0.89160156
0.9531 0.9281 0.88457211
0.9478 0.9245 0.8762411
0.9595 0.9489 0.91046955
0.9391 0.947 0.8893277
0.9468 0.9561 0.90523548
0.9367 0.91 0.852397
0.9487 0.8862 0.84073794
0.9493 0.8852 0.84032036
0.9512 0.962 0.9150544
0.9457 0.9097 0.86030329
0.955 0.8988 0.858354
0.9486 0.9177 0.87053022
0.951 0.9468 0.9004068
0.9536 0.9424 0.89867264
0.9529 0.9612 0.91592748
0.9426 0.9635 0.9081951
0.9543 0.9453 0.90209979
0.9546 0.9348 0.89236008
0.9571 0.9167 0.87737357
0.9545 0.9298 0.8874941
0.9485 0.91 0.863135
0.9373 0.8824 0.82707352
0.9441 0.9512 0.89802792
0.9456 0.9035 0.8543496
0.9376 0.9302 0.87215552
0.9569 0.9348 0.89451012
0.9557 0.9548 0.91250236
0.9514 0.916 0.8714824
0.947 0.922 0.873134
0.9557 0.9252 0.88421364
0.9424 0.9333 0.87954192
0.9575 0.9209 0.88176175
0.9459 0.9636 0.91146924
0.9521 0.9612 0.91515852
0.9471 0.9286 0.87947706
0.9508 0.9346 0.88861768
0.9401 0.9286 0.87297686
0.9489 0.9615 0.91236735
0.9436 0.945 0.891702
0.9357 0.9496 0.88854072
0.9476 0.9225 0.874161
0.9291 0.8889 0.82587699
0.9503 0.8881 0.84396143
0.951 0.9315 0.8858565
0.9513 0.9477 0.90154701
0.9563 0.9412 0.90006956
0.9518 0.9316 0.88669688
0.9456 0.9068 0.85747008
0.946 0.92 0.87032
0.9384 0.8738 0.81997392
0.9469 0.9407 0.89074883
0.9471 0.9385 0.88885335
0.9394 0.9474 0.88998756
0.9507 0.9231 0.87759117
0.9559 0.9554 0.91326686
0.9363 0.8952 0.83817576
0.9442 0.9385 0.8861317
0.9483 0.9338 0.88552254
0.9507 0.9091 0.86428137
0.9462 0.9514 0.90021468
0.9493 0.9145 0.86813485
0.9474 0.9231 0.87454494
0.9467 0.9317 0.88204039
0.951 0.9463 0.8999313
0.9476 0.9155 0.8675278
0.9533 0.9151 0.87236483
0.9516 0.9506 0.90459096
0.9496 0.9098 0.86394608
0.9405 0.9192 0.8645076
0.9443 0.925 0.8734775
0.9573 0.9461 0.90570153
0.9323 0.9244 0.86181812
0.9429 0.9213 0.86869377
0.9435 0.9259 0.87358665
0.9403 0.9479 0.89131037
0.9506 0.9423 0.89575038
0.9481 0.9286 0.88040566
0.939 0.9397 0.8823783
0.9521 0.9467 0.90135307
0.939 0.9381 0.8808759
0.9478 0.8855 0.8392769
0.9427 0.9128 0.86049656
0.9539 0.9036 0.86194404
0.947 0.9348 0.8852556
0.9504 0.918 0.8724672
0.9502 0.9371 0.89043242
0.9495 0.9577 0.90933615
0.9511 0.963 0.9159093
0.9517 0.9213 0.87680121
0.9531 0.9224 0.87913944
0.9523 0.938 0.8932574
0.9287 0.9127 0.84762449
0.9277 0.93 0.862761
0.9504 0.9524 0.90516096
0.9411 0.9346 0.87955206
0.9443 0.9074 0.85685782
0.9614 0.9583 0.92130962
0.9449 0.9573 0.90455277
0.9531 0.9198 0.87666138
0.9449 0.9238 0.87289862
0.9425 0.9419 0.88774075
0.9416 0.9189 0.86523624
0.9445 0.9213 0.87016785
0.9371 0.937 0.8780627
0.9412 0.9174 0.86345688
0.9403 0.9167 0.86197301
0.9479 0.9225 0.87443775
0.9446 0.9143 0.86364778
0.9484 0.9304 0.88239136
0.9481 0.9507 0.90135867
0.9496 0.9639 0.91531944
0.9495 0.9219 0.87534405
0.9388 0.9182 0.86200616
0.9452 0.8855 0.8369746
0.9475 0.9353 0.88619675
0.9482 0.9286 0.88049852
0.9446 0.9537 0.90086502
0.949 0.9478 0.8994622
0.9449 0.906 0.8560794
0.9443 0.9437 0.89113591
0.9404 0.9143 0.85980772
0.9508 0.9072 0.86256576
0.9073 0.9151 0.83027023
0.9517 0.8898 0.84682266
0.9393 0.9444 0.88707492
0.9554 0.903 0.8627262
0.9443 0.911 0.8602573
0.9496 0.9272 0.88046912
0.9445 0.9516 0.8987862
0.9472 0.9236 0.87483392
0.9475 0.9586 0.9082735
0.9483 0.9262 0.87831546
0.9412 0.9155 0.8616686
0.9498 0.9323 0.88549854
0.9422 0.9197 0.86654134
0.9325 0.9452 0.881399
0.9501 0.9404 0.89347404
0.9402 0.9188 0.86385576
0.9334 0.9 0.84006
0.9412 0.9185 0.8644922
0.9399 0.913 0.8581287
0.9518 0.947 0.9013546
0.9434 0.8915 0.8410411
0.9353 0.8889 0.83138817
0.9486 0.9264 0.87878304
0.9471 0.9286 0.87947706
0.9436 0.9292 0.87679312
0.9354 0.9016 0.84335664
0.9413 0.9554 0.89931802
0.9461 0.9231 0.87334491
0.9442 0.9308 0.87886136
0.947 0.9366 0.8869602
0.9388 0.95 0.89186
0.9413 0.8915 0.83916895
0.9301 0.8889 0.82676589
0.9419 0.928 0.8740832
0.9285 0.9077 0.84279945
0.937 0.9367 0.8776879
0.9518 0.9118 0.86785124
0.9437 0.9138 0.86235306
0.9395 0.9262 0.8701649
0.9458 0.9667 0.91430486
0.95 0.9346 0.88787
0.9441 0.9235 0.87187635
0.9415 0.9231 0.86909865
0.9363 0.9107 0.85268841
0.9429 0.9231 0.87039099
0.9437 0.9035 0.85263295
0.9312 0.898 0.8362176
0.94 0.8824 0.829456
0.9441 0.9308 0.87876828
0.9364 0.9224 0.86373536
0.9469 0.9043 0.85628167
0.9416 0.9256 0.87154496
0.9277 0.9143 0.84819611
0.9507 0.9408 0.89441856
0.9422 0.9209 0.86767198
0.9434 0.9292 0.87660728
0.9438 0.9343 0.88179234
0.9447 0.9558 0.90294426
0.9446 0.9016 0.85165136
0.9387 0.9343 0.87702741
0.9454 0.9267 0.87610218
0.9478 0.9098 0.86230844
0.9453 0.9098 0.86003394
0.9419 0.9254 0.87163426
0.9451 0.9359 0.88451909
0.9488 0.9375 0.8895
0.9423 0.9364 0.88236972
0.9494 0.928 0.8810432
0.9408 0.9231 0.86845248
0.9396 0.9044 0.84977424
0.942 0.9406 0.8860452
0.9345 0.9481 0.88599945
0.9421 0.9496 0.89461816
0.9363 0.9338 0.87431694
0.9395 0.9313 0.87495635
0.9383 0.936 0.8782488
0.9427 0.9118 0.85955386
0.9426 0.8983 0.84673758
0.9491 0.9462 0.89803842
0.937 0.9328 0.8740336
0.948 0.9225 0.87453
0.9355 0.9385 0.87796675
0.9548 0.95 0.90706
0.9406 0.9541 0.89742646
0.9339 0.938 0.8759982
0.9414 0.9457 0.89028198
0.9473 0.9122 0.86412706
0.9357 0.9387 0.87834159
0.9399 0.9133 0.85841067
0.9435 0.8931 0.84263985
0.9356 0.9369 0.87656364
0.9372 0.938 0.8790936
0.9473 0.9265 0.87767345
0.9475 0.9211 0.87274225
0.9475 0.8947 0.84772825
0.9409 0.9379 0.88247011
0.9477 0.9265 0.87804405
0.9442 0.9189 0.86762538
0.9421 0.9245 0.87097145
0.9488 0.9469 0.89841872
0.9397 0.9279 0.87194763
0.9425 0.9179 0.86512075
0.9381 0.9239 0.86671059
0.9495 0.9375 0.89015625
0.941 0.9412 0.8856692
0.9488 0.9318 0.88409184
0.9415 0.9231 0.86909865
0.9479 0.9403 0.89131037
0.9444 0.9338 0.88188072
0.9417 0.9268 0.87276756
0.9444 0.9041 0.85383204
0.9433 0.936 0.8829288
0.9405 0.904 0.850212
0.9435 0.9328 0.8800968
0.9509 0.9225 0.87720525
0.9417 0.9231 0.86928327
0.9471 0.907 0.8590197
0.9366 0.9204 0.86204664
0.9302 0.9327 0.86759754
0.9364 0.9474 0.88714536
0.9468 0.9083 0.85997844
0.9418 0.9298 0.87568564
0.9413 0.9221 0.86797273
0.948 0.928 0.879744
0.9369 0.925 0.8666325
0.9433 0.928 0.8753824
0.9403 0.935 0.8791805
0.9346 0.913 0.8532898
0.9355 0.9055 0.84709525
0.9406 0.9077 0.85378262
0.9329 0.9286 0.86629094
0.9345 0.9274 0.8666553
0.9452 0.918 0.8676936
0.9411 0.9388 0.88350468
0.9351 0.918 0.8584218
0.9455 0.931 0.8802605
0.9531 0.9431 0.89886861
0.935 0.9224 0.862444
0.9364 0.903 0.8455692
0.9501 0.938 0.8911938
0.9367 0.9104 0.85277168
0.9398 0.9267 0.87091266
0.9312 0.9104 0.84776448
0.938 0.9016 0.8457008
0.9402 0.9313 0.87560826
0.9461 0.9318 0.88157598
0.9435 0.9268 0.8744358
0.9129 0.8981 0.81987549
0.9441 0.9404 0.88783164
0.9423 0.9279 0.87436017
0.9411 0.9268 0.87221148
0.939 0.9124 0.8567436
0.9406 0.93 0.874758
0.9457 0.9302 0.87969014
0.9446 0.92 0.869032
0.9397 0.9343 0.87796171
0.9408 0.907 0.8533056
0.9353 0.9375 0.87684375
0.9425 0.9 0.84825
0.9394 0.9097 0.85457218
0.9482 0.9247 0.87680054
0.9394 0.9113 0.85607522
0.9468 0.9091 0.86073588
0.9415 0.9133 0.85987195
0.9404 0.9385 0.8825654
0.9407 0.9153 0.86102271
0.9412 0.8739 0.82251468
0.946 0.9122 0.8629412
0.9455 0.9568 0.9046544
0.9439 0.9143 0.86300777
0.9295 0.8958 0.8326461
0.9385 0.8934 0.8384559
0.9405 0.9217 0.86685885
0.9403 0.9489 0.89225067
0.9469 0.9362 0.88648778
0.9367 0.9052 0.84790084
0.9398 0.9333 0.87711534
0.9367 0.8783 0.82270361
0.9452 0.947 0.8951044
0.9396 0.8828 0.82947888
0.9471 0.9236 0.87474156
0.9196 0.9381 0.86267676
0.9475 0.938 0.888755
0.936 0.9196 0.8607456
0.9381 0.9371 0.87909351
0.9379 0.9213 0.86408727
0.9439 0.9408 0.88802112
0.9455 0.9257 0.87524935
0.9405 0.9404 0.8844462
0.9475 0.9298 0.8809855
0.9327 0.9364 0.87338028
0.9382 0.9274 0.87008668
0.9396 0.932 0.8757072
0.9421 0.9161 0.86305781
0.9262 0.8952 0.82913424
0.9465 0.9143 0.86538495
0.9472 0.907 0.8591104
0.9396 0.9226 0.86687496
0.9392 0.9292 0.87270464
0.9448 0.9035 0.8536268
0.94 0.9266 0.871004
0.9404 0.8971 0.84363284
0.9415 0.9402 0.8851983
0.9502 0.9179 0.87218858
0.9412 0.9416 0.88623392
0.9443 0.9231 0.87168333
0.9407 0.8931 0.84013917
0.9399 0.9067 0.85220733
0.95 0.9264 0.88008
0.9431 0.9308 0.87783748
0.9414 0.9191 0.86524074
0.9445 0.9268 0.8753626
0.9387 0.9412 0.88350444
0.9414 0.918 0.8642052
0.9452 0.9398 0.88829896
0.9383 0.9182 0.86154706
0.9432 0.8976 0.84661632
0.944 0.9431 0.8902864
0.9375 0.9346 0.8761875
0.9374 0.9365 0.8778751
0.9315 0.9516 0.8864154
0.9405 0.9322 0.8767341
0.9396 0.9051 0.85043196
0.9464 0.9407 0.89027848
0.9401 0.9196 0.86451596
0.9388 0.907 0.8514916
0.939 0.916 0.860124
0.9393 0.9304 0.87392472
0.9308 0.9237 0.85977996
0.941 0.92 0.86572
0.9282 0.9304 0.86359728
0.9403 0.9048 0.85078344
0.925 0.92 0.851
0.936 0.9189 0.8600904
0.9431 0.9147 0.86265357
0.9353 0.9281 0.86805193
0.9411 0.9459 0.89018649
0.9259 0.9333 0.86414247
0.9364 0.9185 0.8600834
0.9426 0.9065 0.8544669
0.9409 0.9333 0.87814197
0.9461 0.9247 0.87485867
0.9425 0.9014 0.8495695
0.9452 0.9669 0.91391388
0.9458 0.944 0.8928352
0.9407 0.9127 0.85857689
0.9498 0.9091 0.86346318
0.9421 0.9344 0.88029824
0.9462 0.9317 0.88157454
0.9382 0.9217 0.86473894
0.9425 0.9187 0.86587475
0.943 0.9375 0.8840625
0.9411 0.9167 0.86270637
0.9415 0.9182 0.8644853
0.9378 0.9259 0.86830902
0.9354 0.9084 0.84971736
0.9357 0.8865 0.82949805
0.9367 0.9333 0.87422211
0.9408 0.9217 0.86713536
0.9304 0.9203 0.85624712
0.9411 0.9137 0.85988307
0.939 0.9286 0.8719554
0.941 0.9137 0.8597917
0.9418 0.9267 0.87276606
0.9413 0.9184 0.86448992
0.948 0.9147 0.8671356
0.9259 0.9126 0.84497634
0.9427 0.9272 0.87407144
0.9395 0.9286 0.8724197
0.9404 0.9178 0.86309912
0.9381 0.9109 0.85451529
0.9396 0.9167 0.86133132
0.9438 0.931 0.8786778
0.9367 0.9328 0.87375376
0.9409 0.903 0.8496327
0.9439 0.9667 0.91246813
0.9327 0.9339 0.87104853
0.9324 0.9279 0.86517396
0.9415 0.9 0.84735
0.9407 0.9323 0.87701461
0.9489 0.9343 0.88655727
0.9444 0.9386 0.88641384
0.9411 0.8832 0.83117952
0.9347 0.9167 0.85683949
0.9342 0.9209 0.86030478
0.946 0.9244 0.8744824
0.9415 0.9247 0.87060505
0.9375 0.9127 0.85565625
0.9472 0.9408 0.89112576
0.941 0.9032 0.8499112
0.9351 0.9358 0.87506658
0.9392 0.9313 0.87467696
0.9393 0.92 0.864156
0.9375 0.9103 0.85340625
0.9414 0.9167 0.86298138
0.9426 0.932 0.8785032
0.9434 0.9259 0.87349406
0.9424 0.927 0.8736048
0.9419 0.9127 0.85967213
0.9409 0.9327 0.87757743
0.9303 0.9217 0.85745751
0.9475 0.9187 0.87046825
0.9481 0.9055 0.85850455
0.9453 0.9225 0.87203925
0.9371 0.9203 0.86241313
0.939 0.9214 0.8651946
0.9391 0.9301 0.87345691
0.9409 0.9026 0.84925634
0.9425 0.9097 0.85739225
0.9301 0.9032 0.84006632
0.939 0.8984 0.8435976
0.9441 0.9143 0.86319063
0.9406 0.9256 0.87061936
0.9471 0.8828 0.83609988
0.9447 0.9179 0.86714013
0.9445 0.9236 0.8723402
0.9401 0.9138 0.85906338
0.9411 0.9508 0.89479788
0.9398 0.9029 0.84854542
0.933 0.8803 0.8213199
0.9361 0.9153 0.85681233
0.9358 0.8943 0.83688594
0.9352 0.9315 0.8711388
0.9368 0.9322 0.87328496
0.9358 0.9375 0.8773125
0.9395 0.9231 0.86725245
0.9421 0.9173 0.86418833
0.938 0.9273 0.8698074
0.9416 0.9106 0.85742096
0.9416 0.9348 0.88020768
0.9354 0.9187 0.85935198
0.9397 0.9091 0.85428127
0.9346 0.9298 0.86899108
0.9376 0.9346 0.87628096
0.9364 0.9265 0.8675746
0.9416 0.9296 0.87531136
0.9397 0.9153 0.86010741
0.9347 0.9098 0.85039006
0.9396 0.9318 0.87551928
0.9424 0.9259 0.87256816
0.9307 0.9167 0.85317269
0.9469 0.9161 0.86745509
0.9453 0.9348 0.88366644
0.9397 0.9016 0.84723352
0.9395 0.9561 0.89825595
0.9367 0.9257 0.86710319
0.9396 0.9048 0.85015008
0.9324 0.9538 0.88932312
0.935 0.9379 0.8769365
0.9389 0.9159 0.85993851
0.942 0.8963 0.8443146
0.9342 0.9375 0.8758125
0.9421 0.9244 0.87087724
0.939 0.9247 0.8682933
0.9348 0.927 0.8665596
0.9381 0.9412 0.88293972
0.9372 0.9333 0.87468876
0.9348 0.9231 0.86291388
0.9376 0.9417 0.88293792
0.9361 0.9275 0.86823275
0.9434 0.9211 0.86896574
0.9376 0.9091 0.85237216
0.9413 0.8986 0.84585218
0.9407 0.9321 0.87682647
0.9381 0.9209 0.86389629
0.9465 0.907 0.8584755
0.9398 0.9304 0.87438992
0.9484 0.9338 0.88561592
0.9422 0.9308 0.87699976
0.9429 0.9205 0.86793945
0.9358 0.91 0.851578
0.9319 0.9 0.83871
0.9388 0.9043 0.84895684
0.9327 0.938 0.8748726
0.9508 0.9076 0.86294608
0.9426 0.9023 0.85050798
0.9385 0.9145 0.85825825
0.9274 0.9107 0.84458318
0.9401 0.9241 0.86874641
0.9356 0.9302 0.87029512
0.9405 0.9023 0.84861315
0.9371 0.9333 0.87459543
0.9406 0.928 0.8728768
0.9337 0.9322 0.87039514
0.9295 0.9044 0.8406398
0.9434 0.9219 0.86972046
0.9384 0.9396 0.88172064
0.9427 0.9214 0.86860378
0.9348 0.9388 0.87759024
0.939 0.9124 0.8567436
0.9302 0.9083 0.84490066
0.939 0.9098 0.8543022
0.9405 0.9172 0.8626266
0.9412 0.9257 0.87126884
0.9439 0.8993 0.84884927
0.9376 0.9111 0.85424736
0.9431 0.9297 0.87680007
0.9359 0.8992 0.84156128
0.9389 0.9302 0.87336478
0.9399 0.9138 0.85888062
0.9269 0.9474 0.87814506
0.9406 0.9474 0.89112444
0.9414 0.9364 0.88152696
0.9412 0.9184 0.86439808
0.9328 0.9137 0.85229936
0.9413 0.8921 0.83973373
0.9367 0.9302 0.87131834
0.9421 0.9477 0.89282817
0.9433 0.8961 0.84529113
0.9356 0.904 0.8457824
0.9421 0.9412 0.88670452
0.9359 0.9297 0.87010623
0.9362 0.9355 0.8758151
0.9388 0.9268 0.87007984
0.9387 0.9248 0.86810976
0.9392 0.9359 0.87899728
0.9266 0.9 0.83394
0.9368 0.9145 0.8567036
0.9363 0.9167 0.85830621
0.9356 0.9187 0.85953572
0.9405 0.8917 0.83864385
0.9384 0.9431 0.88500504
0.9415 0.8929 0.84066535
0.9307 0.9196 0.85587172
0.9383 0.9316 0.87412028
0.9398 0.918 0.8627364
0.9391 0.927 0.8705457
0.9279 0.9008 0.83585232
0.9376 0.9316 0.87346816
0.9439 0.9231 0.87131409
0.9344 0.9048 0.84544512
0.9337 0.9111 0.85069407
0.9412 0.8908 0.83842096
0.9349 0.9286 0.86814814
0.9383 0.9173 0.86070259
0.9344 0.9195 0.8591808
0.9448 0.912 0.8616576
0.9372 0.9242 0.86616024
0.9445 0.9462 0.8936859
0.9411 0.9343 0.87926973
0.9392 0.9185 0.8626552
0.9425 0.9236 0.870493
0.9328 0.9206 0.85873568
0.932 0.9358 0.8721656
0.9382 0.9302 0.87271364
0.9407 0.9143 0.86008201
0.9429 0.9055 0.85379595
0.9416 0.9055 0.8526188
0.9355 0.9073 0.84877915
0.9423 0.9344 0.88048512
0.9434 0.9185 0.8665129
0.9415 0.9338 0.8791727
0.9387 0.9459 0.88791633
0.9396 0.9286 0.87251256
0.9363 0.9375 0.87778125
0.9366 0.9167 0.85858122
0.9321 0.9398 0.87598758
0.939 0.9302 0.8734578
0.9407 0.9174 0.86299818
0.9364 0.9267 0.86776188
0.9421 0.9145 0.86155045
0.9379 0.9153 0.85845987
0.9378 0.906 0.8496468
0.9372 0.9363 0.87750036
0.9413 0.9301 0.87550313
0.9377 0.9297 0.87177969
0.9348 0.9032 0.84431136
0.9488 0.9231 0.87583728
0.9361 0.8984 0.84099224
0.9391 0.8963 0.84171533
0.9375 0.9298 0.8716875
0.9354 0.9118 0.85289772
0.9352 0.9068 0.84803936
0.9352 0.9389 0.87805928
0.9434 0.947 0.8933998
0.9451 0.9187 0.86826337
0.9341 0.9292 0.86796572
0.93 0.9237 0.859041
0.9422 0.9357 0.88161654
0.9374 0.9333 0.87487542
0.9479 0.9384 0.88950936
0.9376 0.9217 0.86418592
0.946 0.944 0.893024
0.935 0.9174 0.857769
0.9434 0.9254 0.87302236
0.9375 0.9118 0.8548125
0.9408 0.9054 0.85180032
0.9358 0.9248 0.86542784
0.9366 0.9384 0.87890544
0.9363 0.9353 0.87572139
0.928 0.9018 0.8368704
0.933 0.918 0.856494
0.9396 0.9055 0.8508078
0.9429 0.9272 0.87425688
0.942 0.9137 0.8607054
0.9322 0.9179 0.85566638
0.94 0.9209 0.865646
0.9364 0.907 0.8493148
0.9369 0.9 0.84321
0.9416 0.925 0.87098
0.9323 0.9286 0.86573378
0.9446 0.9185 0.8676151
0.9369 0.8972 0.84058668
0.9423 0.932 0.8782236
0.9345 0.9281 0.86730945
0.9367 0.8955 0.83881485
0.9415 0.9275 0.87324125
0.9405 0.9114 0.8571717
0.9437 0.9444 0.89123028
0.9251 0.9055 0.83767805
0.9378 0.9206 0.86333868
0.9342 0.9185 0.8580627
0.9351 0.9237 0.86375187
0.9383 0.9083 0.85225789
0.9396 0.9333 0.87692868
0.9325 0.9268 0.864241
0.9347 0.9127 0.85310069
0.9247 0.9048 0.83666856
0.9332 0.9217 0.86013044
0.9384 0.888 0.8332992
0.9318 0.9083 0.84635394
0.9274 0.916 0.8494984
0.9358 0.9214 0.86224612
0.9424 0.9055 0.8533432
0.9381 0.9023 0.84644763
0.932 0.9024 0.8410368
0.9368 0.9147 0.85689096
0.9426 0.9123 0.85993398
0.9384 0.8889 0.83414376
0.9401 0.9286 0.87297686
0.9379 0.9256 0.86812024
0.9356 0.9213 0.86196828
0.9408 0.9292 0.87419136
0.926 0.8981 0.8316406
0.9403 0.9286 0.87316258
0.9317 0.931 0.8674127
0.9382 0.9528 0.89391696
0.9349 0.9048 0.84589752
0.9314 0.9106 0.84813284
0.9449 0.9323 0.88093027
0.9388 0.9147 0.85872036
0.938 0.9262 0.8687756
0.9378 0.9302 0.87234156
0.9208 0.8739 0.80468712
0.935 0.9231 0.8630985
0.9316 0.9143 0.85176188
0.9425 0.9339 0.88020075
0.9363 0.9302 0.87094626
0.9395 0.9211 0.86537345
0.9324 0.9141 0.85230684
0.9394 0.9254 0.86932076
0.934 0.9098 0.8497532
0.9379 0.9298 0.87205942
0.9372 0.9209 0.86306748
0.9338 0.9213 0.86030994
0.9345 0.9389 0.87740205
0.9379 0.9302 0.87243458
0.9381 0.9091 0.85282671
0.937 0.8917 0.8355229
0.9338 0.9392 0.87702496
0.9416 0.9357 0.88105512
0.937 0.928 0.869536
0.9425 0.922 0.868985
0.9419 0.9438 0.88896522
0.932 0.9357 0.8720724
0.9427 0.9024 0.85069248
0.9414 0.9457 0.89028198
0.9362 0.8992 0.84183104
0.9404 0.9242 0.86911768
0.9449 0.9296 0.87837904
0.9325 0.9035 0.84251375
0.9338 0.9209 0.85993642
0.9305 0.9268 0.8623874
0.9391 0.9248 0.86847968
0.938 0.8968 0.8411984
0.9434 0.9024 0.85132416
0.9295 0.9211 0.85616245
0.927 0.918 0.850986
0.9241 0.9209 0.85100369
0.934 0.9219 0.8610546
0.9368 0.9275 0.868882
0.9302 0.9431 0.87727162
0.9377 0.9055 0.84908735
0.9275 0.9115 0.84541625
0.9431 0.9257 0.87302767
0.9403 0.8968 0.84326104
0.9418 0.913 0.8598634
0.9341 0.9214 0.86067974
0.9341 0.9211 0.86039951
0.939 0.9225 0.8662275
0.9258 0.9211 0.85275438
0.9315 0.9304 0.8666676
0.9385 0.927 0.8699895
0.9375 0.9137 0.85659375
0.9426 0.9211 0.86822886
0.9381 0.9353 0.87740493
0.939 0.9149 0.8590911
0.9324 0.92 0.857808
0.9344 0.9113 0.85151872
0.9359 0.925 0.8657075
0.9305 0.9115 0.84815075
0.9326 0.95 0.88597
0.9345 0.9182 0.8580579
0.943 0.9241 0.8714263
0.9329 0.9225 0.86060025
0.932 0.9111 0.8491452
0.9388 0.9055 0.8500834
0.934 0.9357 0.8739438
0.9416 0.9216 0.86777856
0.933 0.9015 0.8410995
0.9287 0.9068 0.84214516
0.9343 0.9214 0.86086402
0.9333 0.9274 0.86554242
0.938 0.9174 0.8605212
0.939 0.9259 0.8694201
0.936 0.9198 0.8609328
0.9349 0.918 0.8582382
0.9344 0.9297 0.86871168
0.9418 0.9391 0.88444438
0.9397 0.907 0.8523079
0.9358 0.8906 0.83342348
0.9229 0.9316 0.85977364
0.9396 0.9333 0.87692868
0.9359 0.9077 0.84951643
0.9399 0.9421 0.88547979
0.937 0.9187 0.8608219
0.9394 0.9297 0.87336018
0.9343 0.9224 0.86179832
0.9334 0.9313 0.86927542
0.9293 0.9167 0.85188931
0.9333 0.9268 0.86498244
0.9338 0.9344 0.87254272
0.9391 0.9076 0.85232716
0.937 0.9298 0.8712226
0.9313 0.9308 0.86685404
0.9317 0.9267 0.86340639
0.928 0.9147 0.8488416
0.9376 0.9237 0.86606112
0.9331 0.9242 0.86237102
0.9409 0.9296 0.87466064
0.9364 0.9237 0.86495268
0.9329 0.9178 0.85621562
0.9323 0.9225 0.86004675
0.9364 0.912 0.8539968
0.9368 0.9355 0.8763764
0.9402 0.8923 0.83894046
0.939 0.9063 0.8510157
0.935 0.9333 0.8726355
0.94 0.9257 0.870158
0.9316 0.9206 0.85763096
0.9382 0.9457 0.88725574
0.9344 0.9512 0.88880128
0.9391 0.92 0.863972
0.9311 0.9329 0.86862319
0.934 0.9055 0.845737
0.9339 0.9344 0.87263616
0.9267 0.9134 0.84644778
0.9327 0.9174 0.85565898
0.9347 0.9492 0.88721724
0.9327 0.9241 0.86190807
0.9371 0.9231 0.86503701
0.9371 0.9106 0.85332326
0.9406 0.9137 0.85942622
0.9383 0.9156 0.85910748
0.9382 0.8984 0.84287888
0.9321 0.9231 0.86042151
0.9351 0.9268 0.86665068
0.939 0.9024 0.8473536
0.9359 0.9237 0.86449083
0.9298 0.9444 0.87810312
0.9372 0.8992 0.84273024
0.9356 0.9353 0.87506668
0.9355 0.9206 0.8612213
0.9311 0.9077 0.84515947
0.937 0.9219 0.8638203
0.9388 0.8923 0.83769124
0.9323 0.9174 0.85529202
0.9362 0.9174 0.85886988
0.9399 0.9306 0.87467094
0.934 0.928 0.866752
0.9412 0.9084 0.85498608
0.933 0.9412 0.8781396
0.9397 0.9297 0.87363909
0.9335 0.9402 0.8776767
0.9359 0.9313 0.87160367
0.9361 0.92 0.861212
0.9406 0.9388 0.88303528
0.934 0.9262 0.8650708
0.9364 0.9388 0.87909232
0.9319 0.9137 0.85147703
0.9408 0.931 0.8758848
0.9331 0.913 0.8519203
0.9377 0.9008 0.84468016
0.9393 0.9286 0.87223398
0.9379 0.9167 0.85977293
0.9413 0.9051 0.85197063
0.9346 0.9291 0.86833686
0.9321 0.9302 0.86703942
0.9373 0.9187 0.86109751
0.9351 0.9262 0.86608962
0.9309 0.9115 0.84851535
0.9326 0.8913 0.83122638
0.9378 0.9009 0.84486402
0.942 0.927 0.873234
0.9379 0.9213 0.86408727
0.9342 0.922 0.8613324
0.9268 0.9077 0.84125636
0.9331 0.8857 0.82644667
0.934 0.9071 0.8472314
0.9326 0.912 0.8505312
0.9362 0.9076 0.84969512
0.9432 0.9343 0.88123176
0.9335 0.9213 0.86003355
0.935 0.9194 0.859639
0.9351 0.9242 0.86421942
0.9353 0.9139 0.85477067
0.938 0.938 0.879844
0.9259 0.9091 0.84173569
0.9351 0.9292 0.86889492
0.933 0.9237 0.8618121
0.9369 0.9213 0.86316597
0.9435 0.931 0.8783985
0.9352 0.9338 0.87328976
0.9324 0.8852 0.82536048
0.9381 0.9055 0.84944955
0.9301 0.935 0.8696435
0.9439 0.9147 0.86338533
0.9348 0.9076 0.84842448
0.9372 0.936 0.8772192
0.9313 0.9091 0.84664483
0.9308 0.9024 0.83995392
0.9377 0.9167 0.85958959
0.9308 0.878 0.8172424
0.9245 0.906 0.837597
0.9331 0.9185 0.85705235
0.9303 0.9211 0.85689933
0.9321 0.8862 0.82602702
0.9334 0.9328 0.87067552
0.9275 0.9297 0.86229675
0.9373 0.9318 0.87337614
0.9342 0.9113 0.85133646
0.9359 0.9231 0.86392929
0.9327 0.9219 0.85985613
0.9378 0.9219 0.86455782
0.9419 0.9313 0.87719147
0.9366 0.9185 0.8602671
0.9407 0.9435 0.88755045
0.9299 0.8931 0.83049369
0.9326 0.9203 0.85827178
0.9373 0.8843 0.82885439
0.9329 0.9167 0.85518943
0.9369 0.9417 0.88227873
0.9354 0.916 0.8568264
0.9267 0.9161 0.84894987
0.9312 0.9147 0.85176864
0.9314 0.8957 0.83425498
0.9302 0.9206 0.85634212
0.934 0.9127 0.8524618
0.9343 0.9063 0.84675609
0.9312 0.922 0.8585664
0.9343 0.9333 0.87198219
0.9369 0.916 0.8582004
0.9345 0.9281 0.86730945
0.9354 0.9167 0.85748118
0.9333 0.9348 0.87244884
0.9323 0.912 0.8502576
0.9348 0.918 0.8581464
0.9391 0.92 0.863972
0.9344 0.9015 0.8423616
0.9384 0.9342 0.87665328
0.9346 0.936 0.8747856
0.9341 0.9063 0.84657483
0.93 0.912 0.84816
0.9305 0.9242 0.8599681
0.9377 0.9219 0.86446563
0.9309 0.8978 0.83576202
0.9254 0.9304 0.86099216
0.9362 0.9154 0.85699748
0.933 0.9185 0.8569605
0.9324 0.9365 0.8731926
0.9426 0.9214 0.86851164
0.9288 0.9268 0.86081184
0.9408 0.9248 0.87005184
0.9307 0.9174 0.85382418
0.9325 0.9291 0.86638575
0.9315 0.928 0.864432
0.9321 0.9324 0.86909004
0.9352 0.9259 0.86590168
0.9389 0.9262 0.86960918
0.9309 0.9209 0.85726581
0.9237 0.9035 0.83456295
0.9222 0.9018 0.83163996
0.932 0.9179 0.8554828
0.9371 0.927 0.8686917
0.9381 0.8961 0.84063141
0.9415 0.9365 0.88171475
0.9359 0.9143 0.85569337
0.9235 0.9191 0.84878885
0.9407 0.9308 0.87560356
0.9385 0.9106 0.8545981
0.9319 0.9204 0.85772076
0.9386 0.8837 0.82944082
0.9344 0.9115 0.8517056
0.9393 0.9203 0.86443779
0.9311 0.9291 0.86508501
0.9364 0.9398 0.88002872
0.9357 0.9098 0.85129986
0.933 0.9403 0.8772999
0.9352 0.9097 0.85075144
0.9367 0.9077 0.85024259