













0.9442 0.9244 0.87281848



























0.9558 0.9787 0.93544146

























0.9059 0.9236 0.83668924



















0.8821 0.9063 0.79944723
























0.9313 0.8421 0.78424773






















0.9393 0.8476 0.79615068
















0.9498 0.8511 0.80837478
0.9247 0.906 0.8377782


















































0.9367 0.9441 0.88433847








0.9438 0.9029 0.85215702






















0.899 0.8447 0.7593853


























0.9639 0.9214 0.88813746









































0.9529 0.9638 0.91840502



0.938 0.8968 0.8411984













0.9482 0.9549 0.90543618
















0.9529 0.9174 0.87419046







0.9465 0.9641 0.91252065
0.96 0.9674 0.928704












0.9356 0.8898 0.83249688











0.9531 0.9068 0.86427108




























































0.9521 0.918 0.8740278














































0.9363 0.913 0.8548419































0.9513 0.9262 0.88109406




















0.9502 0.934 0.8874868





















0.9548 0.9286 0.88662728


























0.9546 0.9348 0.89236008


0.9485 0.91 0.863135












0.9521 0.9612 0.91515852










0.9513 0.9477 0.90154701












0.9483 0.9338 0.88552254

0.9462 0.9514 0.90021468




0.9476 0.9155 0.8675278


0.9496 0.9098 0.86394608































































0.9483 0.9262 0.87831546


























0.9518 0.9118 0.86785124









0.9312 0.898 0.8362176




















































0.9488 0.9469 0.89841872






















































0.9446 0.92 0.869032





0.9482 0.9247 0.87680054

0.9468 0.9091 0.86073588







0.9295 0.8958 0.8326461




0.9367 0.9052 0.84790084








0.9381 0.9371 0.87909351















0.94 0.9266 0.871004

0.9415 0.9402 0.8851983




0.9415 0.94 0.88501








0.9432 0.8976 0.84661632


0.9374 0.9365 0.8778751











0.9403 0.9048 0.85078344
















0.9462 0.9317 0.88157454

0.9425 0.9187 0.86587475

0.9411 0.9167 0.86270637












0.948 0.9147 0.8671356


























0.9403 0.92 0.865076
















0.9301 0.9032 0.84006632











0.9358 0.8943 0.83688594





0.938 0.9273 0.8698074





























0.9348 0.9231 0.86291388

0.9361 0.9275 0.86823275

























0.9434 0.9219 0.86972046
























































0.9328 0.9206 0.85873568








0.9415 0.9338 0.8791727









































0.9429 0.9272 0.87425688

0.9322 0.9179 0.85566638

0.9364 0.907 0.8493148











0.9251 0.9055 0.83767805






































0.9395 0.9211 0.86537345






0.9345 0.9389 0.87740205
0.9379 0.9302 0.87243458




































0.9375 0.9137 0.85659375


















































































0.9323 0.9174 0.85529202














































0.9324 0.8852 0.82536048








0.9308 0.878 0.8172424





0.9275 0.9297 0.86229675









































0.9426 0.9214 0.86851164




























