0.9277 
0.9575 
0.9027 
0.9184 
0.9478 
0.9519 
0.9473 
0.9682 
0.9004 
0.9388 
0.9169 
0.9345 
0.9685 
0.9470 
0.9597 
0.9494 
0.9678 
0.9116 
0.9483 
0.9338 
0.9491 
0.9534 
0.9449 
0.9500 
0.9551 
0.9577 
0.9589 
0.9483 
0.9500 
0.9562 
0.9407 
0.9391 
0.9592 
0.9520 
0.9511 
0.9470 
0.9629 
0.9299 
0.9549 
0.9478 
0.9480 
0.9601 
0.9422 
0.9612 
0.9515 
0.9448 
0.9560 
0.9432 
0.9453 
0.9525 
0.9415 
0.9456 
0.9647 
0.9572 
0.9549 
0.9553 
0.9298 
0.9098 
0.9602 
0.9562 
0.9449 
0.9559 
0.9476 
0.9645 
0.9520 
0.9557 
0.9474 
0.9412 
0.9525 
0.9559 
0.9374 
0.9483 
0.9620 
0.9504 
0.9612 
0.9495 
0.9273 
0.9266 
0.9546 
0.9557 
0.9522 
0.9559 
0.9408 
0.9555 
0.9506 
0.9483 
0.9535 
0.9387 
0.9499 
0.9528 
0.9507 
0.9411 
0.9592 
0.9527 
0.9469 
0.9482 
0.9518 
0.9391 
0.9509 
0.9528 
0.9506 
0.9533 
0.9480 
0.9582 
0.9489 
0.9505 
0.9482 
0.9468 
0.9499 
0.9491 
0.9433 
0.9500 
0.9590 
0.9584 
0.9497 
0.9479 
0.9539 
0.9353 
0.9541 
0.9553 
0.9459 
0.9485 
0.9440 
0.9538 
0.9424 
0.9488 
0.9436 
0.9369 
0.9430 
0.9469 
0.9503 
0.9510 
0.9548 
0.9563 
0.9512 
0.9510 
0.9460 
0.9363 
0.9436 
0.9454 
0.9447 
0.9488 
0.9425 
0.9442 
0.9501 
0.9402 
0.9416 
0.9430 
0.9400 
0.9482 
0.9434 
0.9507 
0.9486 
0.9394 
0.9432 
0.9414 
0.9399 
0.9520 
0.9510 
0.9432 
0.9454 
0.9493 
0.9425 
0.9467 
0.9478 
0.9443 
0.9449 
0.9338 
0.9302 
0.9417 
0.9455 
0.9391 
0.9427 
0.9480 
0.9357 
0.9408 
0.9436 
0.9397 
0.9479 
0.9444 
0.9458 
0.9427 
0.9433 
0.9445 
0.9452 
0.9414 
0.9432 
0.9426 
0.9373 
0.9372 
0.9431 
0.9447 
0.9427 
0.9396 
0.9472 
0.9369 
0.9413 
0.9439 
0.9415 
0.9402 
0.9390 
0.9441 
0.9341 
0.9471 
0.9428 
0.9414 
0.9397 
0.9411 
0.9377 
0.9400 
0.9407 
0.9455 
0.9376 
0.9366 
0.9421 
0.9419 
0.9432 
0.9365 
0.9417 
0.9429 
0.9379 
0.9387 
0.9362 
0.9393 
0.9417 
0.9378 
0.9374 
0.9384 
0.9365 
0.9364 
0.9408 
0.9360 
0.9452 
0.9348 
0.9378 
0.9352 
0.9423 
0.9360 
0.9370 
0.9362 
0.9378 
0.9385 
0.9400 
0.9423 
0.9396 
0.9341 
0.9402 
0.9315 
0.9338 
0.9385 
0.9456 
0.9396 
0.9418 
0.9383 
0.9435 
0.9337 
0.9410 
0.9426 
0.9384 
0.9376 
0.9364 
0.9344 
0.9314 
0.9374 
0.9390 
0.9397 
0.9346 
0.9341 
0.9418 
0.9411 
0.9359 
0.9336 
0.9386 
0.9359 
0.9408 
0.9370 
0.9405 
0.9343 
0.9392 
0.9375 
0.9334 
0.9339 
0.9362 
0.9391 
0.9336 
0.9346 
0.9378 
0.9299 
0.9366 
0.9352 
0.9416 
0.9435 
0.9408 
0.9396 
0.9369 
0.9303 
0.9406 
0.9348 
0.9372 
0.9387 
