0.9277 +- -1.00 (1)
0.9575 +- -1.00 (1)
0.9027 +- -1.00 (1)
0.9184 +- -1.00 (1)
0.9478 +- -1.00 (1)
0.9519 +- -1.00 (1)
0.9473 +- -1.00 (1)
0.9682 +- -1.00 (1)
0.9004 +- -1.00 (1)
0.9388 +- -1.00 (1)
0.9169 +- -1.00 (1)
0.9345 +- -1.00 (1)
0.9685 +- -1.00 (1)
0.9470 +- -1.00 (1)
0.9597 +- -1.00 (1)
0.9494 +- -1.00 (1)
0.9678 +- -1.00 (1)
0.9116 +- -1.00 (1)
0.9483 +- -1.00 (1)
0.9338 +- -1.00 (1)
0.9491 +- -1.00 (1)
0.9534 +- -1.00 (1)
0.9449 +- -1.00 (1)
0.9500 +- -1.00 (1)
0.9551 +- -1.00 (1)
0.9577 +- -1.00 (1)
0.9589 +- -1.00 (1)
0.9483 +- -1.00 (1)
0.9500 +- -1.00 (1)
0.9562 +- -1.00 (1)
0.9407 +- -1.00 (1)
0.9391 +- -1.00 (1)
0.9592 +- -1.00 (1)
0.9520 +- -1.00 (1)
0.9511 +- -1.00 (1)
0.9470 +- -1.00 (1)
0.9629 +- -1.00 (1)
0.9299 +- -1.00 (1)
0.9549 +- -1.00 (1)
0.9478 +- -1.00 (1)
0.9480 +- -1.00 (1)
0.9601 +- -1.00 (1)
0.9422 +- -1.00 (1)
0.9612 +- -1.00 (1)
0.9515 +- -1.00 (1)
0.9448 +- -1.00 (1)
0.9560 +- -1.00 (1)
0.9432 +- -1.00 (1)
0.9453 +- -1.00 (1)
0.9525 +- -1.00 (1)
0.9415 +- -1.00 (1)
0.9456 +- -1.00 (1)
0.9647 +- -1.00 (1)
0.9572 +- -1.00 (1)
0.9549 +- -1.00 (1)
0.9553 +- -1.00 (1)
0.9298 +- -1.00 (1)
0.9098 +- -1.00 (1)
0.9602 +- -1.00 (1)
0.9562 +- -1.00 (1)
0.9449 +- -1.00 (1)
0.9559 +- -1.00 (1)
0.9476 +- -1.00 (1)
0.9645 +- -1.00 (1)
0.9520 +- -1.00 (1)
0.9557 +- -1.00 (1)
0.9474 +- -1.00 (1)
0.9412 +- -1.00 (1)
0.9525 +- -1.00 (1)
0.9559 +- -1.00 (1)
0.9374 +- -1.00 (1)
0.9483 +- -1.00 (1)
0.9620 +- -1.00 (1)
0.9504 +- -1.00 (1)
0.9612 +- -1.00 (1)
0.9495 +- -1.00 (1)
0.9273 +- -1.00 (1)
0.9266 +- -1.00 (1)
0.9546 +- -1.00 (1)
0.9557 +- -1.00 (1)
0.9522 +- -1.00 (1)
0.9559 +- -1.00 (1)
0.9408 +- -1.00 (1)
0.9555 +- -1.00 (1)
0.9506 +- -1.00 (1)
0.9483 +- -1.00 (1)
0.9535 +- -1.00 (1)
0.9387 +- -1.00 (1)
0.9499 +- -1.00 (1)
0.9528 +- -1.00 (1)
0.9507 +- -1.00 (1)
0.9411 +- -1.00 (1)
0.9592 +- -1.00 (1)
0.9527 +- -1.00 (1)
0.9469 +- -1.00 (1)
0.9482 +- -1.00 (1)
0.9518 +- -1.00 (1)
0.9391 +- -1.00 (1)
0.9509 +- -1.00 (1)
0.9528 +- -1.00 (1)
0.9506 +- -1.00 (1)
0.9533 +- -1.00 (1)
0.9480 +- -1.00 (1)
0.9582 +- -1.00 (1)
0.9489 +- -1.00 (1)
0.9505 +- -1.00 (1)
0.9482 +- -1.00 (1)
0.9468 +- -1.00 (1)
0.9499 +- -1.00 (1)
0.9491 +- -1.00 (1)
0.9433 +- -1.00 (1)
0.9500 +- -1.00 (1)
0.9590 +- -1.00 (1)
0.9584 +- -1.00 (1)
0.9497 +- -1.00 (1)
0.9479 +- -1.00 (1)
0.9539 +- -1.00 (1)
0.9353 +- -1.00 (1)
0.9541 +- -1.00 (1)
0.9553 +- -1.00 (1)
0.9459 +- -1.00 (1)
0.9485 +- -1.00 (1)
0.9440 +- -1.00 (1)
0.9538 +- -1.00 (1)
0.9424 +- -1.00 (1)
0.9488 +- -1.00 (1)
0.9436 +- -1.00 (1)
0.9369 +- -1.00 (1)
0.9430 +- -1.00 (1)
0.9469 +- -1.00 (1)
0.9503 +- -1.00 (1)
0.9510 +- -1.00 (1)
0.9548 +- -1.00 (1)
0.9563 +- -1.00 (1)
0.9512 +- -1.00 (1)
0.9510 +- -1.00 (1)
0.9460 +- -1.00 (1)
0.9363 +- -1.00 (1)
0.9436 +- -1.00 (1)
0.9454 +- -1.00 (1)
0.9447 +- -1.00 (1)
0.9488 +- -1.00 (1)
0.9425 +- -1.00 (1)
0.9442 +- -1.00 (1)
0.9501 +- -1.00 (1)
0.9402 +- -1.00 (1)
0.9416 +- -1.00 (1)
0.9430 +- -1.00 (1)
0.9400 +- -1.00 (1)
0.9482 +- -1.00 (1)
0.9434 +- -1.00 (1)
0.9507 +- -1.00 (1)
0.9486 +- -1.00 (1)
0.9394 +- -1.00 (1)
0.9432 +- -1.00 (1)
0.9414 +- -1.00 (1)
0.9399 +- -1.00 (1)
0.9520 +- -1.00 (1)
0.9510 +- -1.00 (1)
0.9432 +- -1.00 (1)
0.9454 +- -1.00 (1)
0.9493 +- -1.00 (1)
0.9425 +- -1.00 (1)
0.9467 +- -1.00 (1)
0.9478 +- -1.00 (1)
0.9443 +- -1.00 (1)
0.9449 +- -1.00 (1)
0.9338 +- -1.00 (1)
0.9302 +- -1.00 (1)
0.9417 +- -1.00 (1)
0.9455 +- -1.00 (1)
0.9391 +- -1.00 (1)
0.9427 +- -1.00 (1)
0.9480 +- -1.00 (1)
0.9357 +- -1.00 (1)
0.9408 +- -1.00 (1)
0.9436 +- -1.00 (1)
0.9397 +- -1.00 (1)
0.9479 +- -1.00 (1)
0.9444 +- -1.00 (1)
0.9458 +- -1.00 (1)
0.9427 +- -1.00 (1)
0.9433 +- -1.00 (1)
0.9445 +- -1.00 (1)
0.9452 +- -1.00 (1)
0.9414 +- -1.00 (1)
0.9432 +- -1.00 (1)
0.9426 +- -1.00 (1)
0.9373 +- -1.00 (1)
0.9372 +- -1.00 (1)
0.9431 +- -1.00 (1)
0.9447 +- -1.00 (1)
0.9427 +- -1.00 (1)
0.9396 +- -1.00 (1)
0.9472 +- -1.00 (1)
0.9369 +- -1.00 (1)
0.9413 +- -1.00 (1)
0.9439 +- -1.00 (1)
0.9415 +- -1.00 (1)
0.9402 +- -1.00 (1)
0.9390 +- -1.00 (1)
0.9441 +- -1.00 (1)
0.9341 +- -1.00 (1)
0.9471 +- -1.00 (1)
0.9428 +- -1.00 (1)
0.9414 +- -1.00 (1)
0.9397 +- -1.00 (1)
0.9411 +- -1.00 (1)
0.9377 +- -1.00 (1)
0.9400 +- -1.00 (1)
0.9407 +- -1.00 (1)
0.9455 +- -1.00 (1)
0.9376 +- -1.00 (1)
0.9366 +- -1.00 (1)
0.9421 +- -1.00 (1)
0.9419 +- -1.00 (1)
0.9432 +- -1.00 (1)
0.9365 +- -1.00 (1)
0.9417 +- -1.00 (1)
0.9429 +- -1.00 (1)
0.9379 +- -1.00 (1)
0.9387 +- -1.00 (1)
0.9362 +- -1.00 (1)
0.9393 +- -1.00 (1)
0.9417 +- -1.00 (1)
0.9378 +- -1.00 (1)
0.9374 +- -1.00 (1)
0.9384 +- -1.00 (1)
0.9365 +- -1.00 (1)
0.9364 +- -1.00 (1)
0.9408 +- -1.00 (1)
0.9360 +- -1.00 (1)
0.9452 +- -1.00 (1)
0.9348 +- -1.00 (1)
0.9378 +- -1.00 (1)
0.9352 +- -1.00 (1)
0.9423 +- -1.00 (1)
0.9360 +- -1.00 (1)
0.9370 +- -1.00 (1)
0.9362 +- -1.00 (1)
0.9378 +- -1.00 (1)
0.9385 +- -1.00 (1)
0.9400 +- -1.00 (1)
0.9423 +- -1.00 (1)
0.9396 +- -1.00 (1)
0.9341 +- -1.00 (1)
0.9402 +- -1.00 (1)
0.9315 +- -1.00 (1)
0.9338 +- -1.00 (1)
0.9385 +- -1.00 (1)
0.9456 +- -1.00 (1)
0.9396 +- -1.00 (1)
0.9418 +- -1.00 (1)
0.9383 +- -1.00 (1)
0.9435 +- -1.00 (1)
0.9337 +- -1.00 (1)
0.9410 +- -1.00 (1)
0.9426 +- -1.00 (1)
0.9384 +- -1.00 (1)
0.9376 +- -1.00 (1)
0.9364 +- -1.00 (1)
0.9344 +- -1.00 (1)
0.9314 +- -1.00 (1)
0.9374 +- -1.00 (1)
0.9390 +- -1.00 (1)
0.9397 +- -1.00 (1)
0.9346 +- -1.00 (1)
0.9341 +- -1.00 (1)
0.9418 +- -1.00 (1)
0.9411 +- -1.00 (1)
0.9359 +- -1.00 (1)
0.9336 +- -1.00 (1)
0.9386 +- -1.00 (1)
0.9359 +- -1.00 (1)
0.9408 +- -1.00 (1)
0.9370 +- -1.00 (1)
0.9405 +- -1.00 (1)
0.9343 +- -1.00 (1)
0.9392 +- -1.00 (1)
0.9375 +- -1.00 (1)
0.9334 +- -1.00 (1)
0.9339 +- -1.00 (1)
0.9362 +- -1.00 (1)
0.9391 +- -1.00 (1)
0.9336 +- -1.00 (1)
0.9346 +- -1.00 (1)
0.9378 +- -1.00 (1)
0.9299 +- -1.00 (1)
0.9366 +- -1.00 (1)
0.9352 +- -1.00 (1)
0.9416 +- -1.00 (1)
0.9435 +- -1.00 (1)
0.9408 +- -1.00 (1)
0.9396 +- -1.00 (1)
0.9369 +- -1.00 (1)
0.9303 +- -1.00 (1)
0.9406 +- -1.00 (1)
0.9348 +- -1.00 (1)
0.9372 +- -1.00 (1)
0.9387 +- -1.00 (1)
