0.5083 
0.0997 
4.7298 
0.5647 
0.3819 
1.5210 
0.1130 
0.4954 
0.4322 
0.3451 
0.9365 
1.3042 
2.1865 
1.5141 
0.7806 
0.6116 
3.5148 
1.0362 
2.3163 
5.0733 
2.1848 
2.5150 
3.9864 
2.8709 
7.3396 
1.8980 
1.4719 
4.5839 
3.9210 
2.6002 
4.3808 
3.9653 
3.3445 
7.2217 
4.7164 
7.5060 
11.8259 
8.2944 
9.1531 
9.5473 
8.8304 
0.4985 
0.5275 
1.4513 
0.2054 
2.1701 
0.2369 
0.7456 
0.2386 
0.4363 
0.3764 
0.6822 
6.9821 
2.4390 
0.8532 
8.1987 
5.0524 
7.3699 
6.1792 
0.1302 
1.9079 
0.2070 
1.0638 
2.1986 
2.6990 
1.6088 
5.4909 
5.1996 
0.9731 
7.4522 
1.1695 
6.1737 
2.8410 
9.4366 
2.4646 
14.0674 
4.8119 
3.4487 
7.9519 
0.2244 
0.3531 
0.5455 
0.5912 
0.4753 
0.6983 
0.4733 
1.0850 
0.4188 
1.2700 
0.5749 
0.9472 
1.6968 
1.1945 
3.2488 
4.0420 
0.3319 
1.9256 
0.8754 
5.4554 
3.8159 
1.2145 
2.4638 
8.3820 
4.8606 
9.2867 
0.2367 
2.5884 
4.4052 
4.1660 
6.0733 
11.9873 
4.1884 
5.6198 
3.9786 
11.2603 
3.1024 
4.3291 
5.1935 
7.7264 
4.2694 
0.3590 
0.3498 
0.0046 
0.0049 
0.0052 
0.3496 
0.0062 
0.0057 
0.0113 
0.0202 
0.0710 
0.7052 
0.0446 
0.0110 
0.0107 
0.0125 
0.0112 
0.0110 
0.0113 
2.2590 
0.0224 
0.0171 
1.0534 
2.2981 
1.1920 
0.1367 
0.0455 
1.1342 
0.1037 
0.0200 
1.5701 
1.1959 
1.5587 
1.5508 
1.6502 
1.6266 
1.5799 
1.2085 
0.0236 
0.0251 
0.0391 
0.4457 
0.3255 
0.0070 
0.3183 
0.3496 
0.4167 
0.2910 
0.2694 
0.3484 
1.3146 
0.0100 
1.5931 
0.2426 
1.0949 
0.5803 
2.1196 
0.8062 
1.2100 
0.8107 
1.5519 
1.3903 
2.9972 
1.0473 
1.1010 
4.9184 
1.0701 
2.6724 
0.7630 
0.6308 
5.0439 
8.2196 
0.7959 
1.3796 
3.1599 
9.4919 
5.1549 
7.7683 
1.3814 
1.3877 
0.3732 
1.5015 
0.9207 
0.2071 
0.2963 
0.5256 
0.0405 
1.2206 
0.4056 
0.0841 
1.2985 
0.4920 
0.7539 
0.6826 
0.8188 
1.5237 
0.7606 
1.6468 
0.4573 
0.4257 
5.1824 
1.7591 
1.3932 
2.2755 
1.2299 
0.3908 
1.8471 
1.0410 
4.1622 
5.3991 
3.0681 
4.5370 
1.9873 
4.9112 
4.5682 
5.5224 
4.3955 
1.4040 
3.4310 
3.6317 
0.3686 
1.5980 
1.3264 
0.5228 
0.0059 
0.0320 
0.8375 
0.0710 
0.4640 
0.4866 
0.6595 
9.2106 
0.8886 
0.9788 
0.6725 
7.3988 
1.1570 
4.9780 
0.2440 
1.5116 
0.6261 
2.4197 
5.2910 
8.5341 
9.0889 
3.9815 
7.7108 
2.5741 
1.4379 
5.7869 
6.3770 
3.5629 
2.4781 
2.4662 
3.1313 
9.3475 
3.1431 
4.9114 
0.6581 
1.1371 
0.0055 
1.9742 
0.4086 
0.9226 
0.3845 
0.1219 
0.1443 
0.3838 
0.0379 
1.2585 
1.0331 
0.3819 
1.6126 
0.0944 
2.4443 
0.1071 
0.9370 
4.3567 
0.9721 
0.7736 
1.4080 
0.4352 
8.8545 
5.6336 
2.0635 
6.0523 
11.0293 
4.6552 
3.1149 
4.1235 
5.5786 
9.4921 
6.6684 
2.3774 
3.2969 
8.1129 
5.9146 
9.9674 
2.0676 
13.2611 
