0.5083 16
0.099661 15
4.72981 14
0.564726 12
0.381851 13
1.52097 13
0.113008 16
0.495354 18
0.43215 12
0.345075 12
0.936523 26
1.30424 31
2.18646 30
1.51406 28
0.780562 29
0.611585 27
3.51481 26
1.03624 30
2.31629 26
5.07332 31
2.18485 37
2.51503 42
3.98638 37
2.87095 39
7.33957 40
1.89796 43
1.47185 38
4.58392 43
3.92104 42
2.60024 38
4.3808 51
3.96525 51
3.34455 58
7.22172 54
4.71635 58
7.50602 54
11.8259 58
8.29436 57
9.15312 53
9.54727 59
8.83044 15
0.498533 16
0.527519 17
1.45126 12
0.20543 14
2.17009 14
0.236936 16
0.74562 16
0.23865 13
0.436275 13
0.376438 26
0.682248 28
6.98212 28
2.43897 28
0.853154 30
8.19871 29
5.05238 24
7.36992 25
6.17925 26
0.130164 31
1.90785 38
0.207048 40
1.06378 37
2.1986 36
2.699 41
1.60877 44
5.49089 40
5.19962 39
0.973148 43
7.45222 40
1.16951 52
6.17374 52
2.84103 58
9.4366 55
2.46459 56
14.0674 51
4.81189 55
3.44872 58
7.9519 51
0.224435 52
0.353061 16
0.545483 15
0.591176 13
0.475341 14
0.6983 14
0.47331 13
1.08504 17
0.418835 16
1.27002 12
0.574854 13
0.947177 26
1.69682 28
1.19451 31
3.24879 27
4.04201 30
0.331885 27
1.92561 25
0.875431 26
5.45538 28
3.81589 30
1.21451 40
2.46376 42
8.38197 35
4.86062 39
9.28672 41
0.236727 44
2.58836 40
4.40517 44
4.16602 46
6.07334 40
11.9873 55
4.18844 55
5.61981 60
3.97864 53
11.2603 55
3.10243 54
4.32914 55
5.19354 53
7.72641 54
4.26942 54
0.358986 25
0.349846 28
0.004596 34
0.00491 32
0.005221 35
0.349613 28
0.0062 28
0.005722 30
0.011293 27
0.020201 27
0.071029 52
0.705246 55
0.044597 62
0.010984 56
0.010727 62
0.012482 66
0.011161 58
0.011036 61
0.011301 58
2.25898 60
0.022379 90
0.017095 97
1.0534 78
2.29807 75
1.19205 87
0.136722 86
0.045478 84
1.13415 93
0.103725 92
0.020021 88
1.57014 114
1.19589 109
1.55872 130
1.55081 119
1.65024 122
1.62662 118
1.57992 116
1.2085 112
0.023608 124
0.025117 129
0.039122 11
0.445745 9
0.32546 7
0.006967 7
0.318346 7
0.349647 9
0.416698 11
0.291032 11
0.269388 7
0.348367 6
1.31458 14
0.009962 18
1.59311 19
0.242572 16
1.0949 18
0.58028 11
2.11957 12
0.80623 15
1.21003 15
0.810718 17
1.5519 18
1.39027 21
2.99717 22
1.0473 23
1.10098 22
4.91844 26
1.07014 21
2.67244 18
0.762989 26
0.630802 19
5.04389 29
8.2196 29
0.795918 31
1.3796 28
3.15986 28
9.49187 26
5.15486 30
7.76834 34
1.3814 27
1.38773 26
0.373238 12
1.50152 10
0.920675 13
0.207146 10
0.296346 9
0.525631 11
0.040456 10
1.2206 10
0.405647 9
0.084089 9
1.2985 18
0.49195 23
0.753943 25
0.682619 24
0.818824 20
1.52371 30
0.760613 23
1.64676 23
0.457305 24
0.425654 23
5.18243 32
1.75911 33
1.39325 36
2.2755 29
1.22989 40
0.3908 30
1.84714 36
1.04099 33
4.16216 34
5.39907 37
3.06806 40
4.53695 37
1.98735 51
4.91118 40
4.5682 42
5.52245 42
4.39545 43
1.40399 46
3.43097 38
3.63166 48
0.368575 10
1.59798 6
1.32639 7
0.522758 6
0.005905 8
0.031976 8
0.837527 9
0.070992 6
0.46396 6
0.486563 10
0.659478 12
9.21057 13
0.888607 12
0.978761 14
0.672506 12
7.39885 12
1.15701 17
4.97797 10
0.24397 15
1.51162 12
0.626131 17
2.41965 17
5.29099 17
8.53407 16
9.08891 22
3.98152 16
7.71084 17
2.57408 17
1.43792 18
5.78692 15
6.37699 26
3.56288 26
2.47814 28
2.46618 26
3.13131 23
9.34754 25
3.14309 29
4.91139 25
0.658138 24
1.1371 26
0.005521 10
1.97416 7
0.408617 11
0.922609 9
0.384497 8
0.12186 7
0.144289 13
0.38382 11
0.037887 10
1.25847 9
1.03313 18
0.381912 19
1.61255 19
0.094389 19
2.44431 15
0.107124 21
0.93696 18
4.35673 19
0.972129 19
0.7736 28
1.40804 29
0.43521 26
8.85454 27
5.63362 23
2.06348 22
6.05234 25
11.0293 26
4.65524 26
3.11489 24
4.12354 28
5.57864 32
9.49214 32
6.6684 33
2.37735 31
3.29692 31
8.11289 33
5.91463 35
9.96739 29
2.06762 30
13.2611 31