0.9626 
0.7655 
0.8878 
0.8472 
0.9658 
0.9694 
0.7957 
0.8420 
0.9347 
0.8313 
0.9302 
0.8633 
0.9692 
0.9107 
0.8925 
0.7727 
0.5909 
0.9588 
0.6315 
0.9597 
0.9329 
0.9364 
0.9162 
0.8977 
0.9776 
0.9774 
0.8865 
0.9825 
0.9720 
0.9722 
0.9655 
0.9761 
0.9742 
0.8993 
0.9778 
0.8981 
0.9823 
0.9573 
0.9795 
0.9799 
0.8128 
0.9818 
0.9823 
0.9710 
0.9752 
0.9819 
0.9858 
0.9835 
0.9789 
0.9820 
0.9801 
0.9810 
0.9829 
0.9578 
0.9816 
0.9761 
0.9680 
0.8755 
0.8912 
0.9809 
0.9789 
0.9826 
0.9806 
0.9840 
0.9808 
0.9780 
0.9847 
0.9789 
0.9781 
0.9774 
0.9747 
0.9784 
0.9860 
0.9783 
0.9838 
0.9837 
0.9804 
0.9717 
0.9866 
0.9562 
0.9848 
0.9838 
0.9796 
0.9835 
0.9812 
0.9792 
0.9827 
0.9725 
0.9822 
0.9780 
0.9818 
0.9788 
0.9866 
0.9792 
0.9743 
0.9829 
0.9810 
0.9764 
0.9848 
0.9861 
0.9855 
0.9838 
0.9801 
0.9820 
0.9853 
0.9785 
0.9861 
0.9757 
0.9807 
0.9848 
0.9810 
0.9829 
0.9911 
0.9861 
0.9873 
0.9806 
0.9051 
0.9689 
0.9842 
0.9834 
0.9749 
0.9656 
0.9796 
0.9847 
0.9849 
0.9783 
0.9808 
0.9803 
0.9860 
0.9827 
0.9798 
0.9858 
0.9804 
0.9777 
0.9867 
0.9777 
0.9826 
0.9750 
0.9825 
0.9805 
0.9724 
0.9737 
0.9699 
0.9745 
0.9732 
0.9750 
0.9721 
0.9697 
0.9664 
0.9787 
0.9696 
0.9696 
0.9791 
0.9722 
0.9786 
0.9680 
0.9743 
0.9773 
0.9742 
0.9755 
0.9770 
0.9747 
0.9705 
0.9655 
0.9722 
0.9785 
0.9740 
0.9737 
0.9694 
0.9706 
0.9737 
0.9724 
0.9716 
0.9761 
0.9703 
0.9711 
0.9758 
0.9760 
0.9776 
0.9753 
0.9767 
0.9762 
0.9728 
0.9746 
0.9775 
0.9712 
0.9745 
0.9787 
0.9692 
0.9713 
0.9731 
0.9753 
0.9721 
0.9706 
0.9745 
0.9744 
0.9728 
0.9750 
0.9793 
0.9736 
0.9731 
0.9729 
0.9744 
0.9725 
0.9699 
0.9747 
0.9750 
0.9757 
0.9712 
0.9761 
0.9725 
0.9719 
0.9617 
0.9608 
0.9708 
0.9704 
0.9731 
0.9754 
0.9689 
0.9733 
0.9688 
0.9743 
0.9692 
0.9712 
0.9704 
0.9669 
0.9695 
0.9697 
0.9709 
0.9689 
0.9776 
0.9710 
0.9732 
0.9735 
0.9723 
0.9706 
0.9695 
0.9743 
0.9717 
0.9739 
0.9693 
0.9709 
0.9671 
0.9693 
0.9701 
0.9679 
0.9634 
0.9680 
0.9644 
0.9715 
0.9745 
0.9765 
0.9751 
0.9720 
0.9734 
0.9702 
0.9723 
0.9690 
0.9776 
0.9674 
0.9654 
0.9627 
0.9706 
0.9685 
0.9723 
0.9671 
0.9669 
0.9688 
0.9655 
0.9744 
0.9652 
0.9693 
0.9709 
0.9658 
0.9643 
0.9692 
0.9717 
0.9675 
0.9715 
0.9696 
0.9658 
0.9638 
0.9673 
0.9714 
0.9688 
0.9703 
0.9669 
0.9616 
0.9646 
0.9752 
0.9708 
0.9695 
0.9642 
0.9756 
0.9723 
0.9706 
0.9661 
0.9718 
0.9742 
0.9745 
0.8382 
0.9810 
0.7535 
0.9352 
0.7706 
0.9670 
0.9335 
0.9881 
0.6824 
0.9542 
0.7911 
0.9619 
0.6971 
0.9248 
0.7931 
0.9771 
0.8075 
0.5579 
0.8022 
0.6956 
0.9415 
0.9745 
0.9127 
0.9868 
0.9670 
0.7633 
0.9842 
0.9257 
0.9739 
0.8496 
0.7201 
0.9680 
0.9792 
0.9695 
0.8826 
0.9507 
0.9237 
0.9687 
0.9800 
0.9570 
0.9696 
0.9725 
0.9723 
0.7680 
0.9748 
0.9791 
0.9812 
0.9181 
0.9606 
0.9819 
0.9817 
0.9785 
0.9852 
0.9805 
0.9815 
0.9814 
0.9695 
0.9743 
0.9174 
0.9808 
0.9722 
0.9799 
0.9807 
0.9822 
0.9776 
0.9803 
0.9739 
0.9772 
0.9730 
0.9815 
0.9766 
0.7983 
0.9889 
0.9780 
0.9836 
0.9827 
0.9720 
0.9292 
0.9869 
0.9798 
0.9765 
0.9803 
0.9778 
0.9813 
0.9844 
0.9847 
0.9841 
0.9768 
0.9780 
0.9801 
0.9764 
0.9758 
0.9842 
0.9817 
0.9863 
0.9816 
0.9807 
0.9752 
0.9839 
0.9817 
0.9776 
0.9869 
0.9796 
0.9832 
0.9872 
0.9832 
0.9776 
0.9757 
0.9793 
0.9775 
0.8334 
0.9817 
0.9847 
0.9733 
0.9871 
0.9809 
0.9816 
0.9709 
0.9849 
0.9842 
0.9862 
0.9753 
0.9820 
0.9855 
0.9810 
0.9817 
0.9809 
0.9792 
0.9813 
0.9798 
0.9812 
0.9860 
0.9738 
0.9799 
0.9874 
0.9798 
0.9815 
0.9788 
0.9794 
0.9837 
0.9797 
0.9726 
0.9686 
0.9721 
0.9755 
0.9759 
0.9731 
0.9629 
0.9648 
0.9738 
0.9761 
0.9703 
0.9772 
0.9742 
0.9740 
0.9653 
0.9622 
0.9772 
0.9666 
0.9681 
0.8668 
0.9738 
0.9742 
0.9781 
0.9740 
0.9702 
0.9770 
0.9722 
0.9687 
0.9703 
0.9738 
0.9735 
0.9630 
0.9777 
0.9689 
0.9723 
0.9710 
0.9736 
0.9805 
0.9735 
0.9738 
0.9732 
0.9576 
0.9769 
0.9755 
0.9703 
0.9771 
0.9750 
0.9715 
0.9544 
0.9705 
0.9752 
0.9662 
0.9734 
0.9784 
0.9751 
0.9733 
0.9730 
0.9772 
0.9758 
0.9722 
0.9700 
0.9594 
0.9697 
0.9762 
0.9676 
0.9750 
0.9702 
0.9704 
0.9722 
0.9688 
0.9770 
0.9692 
0.9719 
0.9676 
0.9760 
0.9651 
0.9745 
0.9733 
0.9710 
0.9701 
0.9714 
0.9716 
0.9715 
0.9719 
0.9724 
0.9683 
0.9667 
0.9603 
0.9707 
0.9702 
0.9794 
0.9666 
0.9693 
0.9706 
0.9700 
0.9711 
0.9727 
0.9637 
0.9720 
0.9697 
0.9721 
0.9623 
0.9654 
0.9632 
0.9717 
0.9699 
0.9697 
0.9674 
0.9722 
0.9759 
0.9734 
0.9776 
0.9656 
0.9763 
0.9578 
0.9701 
0.9712 
0.9754 
0.9703 
0.9675 
0.9675 
0.9585 
0.9715 
0.9655 
0.9629 
0.9715 
0.9622 
0.9643 
0.9527 
0.9695 
0.9690 
0.9632 
0.9672 
0.9667 
0.9664 
0.9501 
0.9701 
0.9733 
0.9738 
0.9709 
0.9556 
0.9675 
0.9705 
0.9732 
0.9509 
0.9704 
0.9630 
0.9684 
0.9762 
0.9636 
0.9681 
0.9696 
0.9718 
0.9691 
0.9594 
0.9698 
0.9540 
0.9719 
0.9650 
0.9084 
0.6359 
0.9573 
0.4688 
0.9556 
0.9671 
0.9340 
0.8429 
0.7666 
0.6409 
0.9458 
0.9621 
0.9763 
0.9272 
0.8264 
0.9702 
0.9753 
0.9432 
0.6479 
0.8248 
0.9719 
0.8262 
0.9722 
0.9848 
0.9638 
0.9799 
0.9299 
0.9831 
0.9804 
0.6563 
0.7540 
0.9724 
0.9765 
0.9631 
0.9780 
0.8438 
0.9698 
0.8352 
0.9774 
0.9673 
0.9301 
0.8874 
0.9676 
0.9889 
0.9763 
0.9822 
0.9841 
0.9796 
0.9777 
0.9809 
0.9806 
0.9823 
0.9862 
0.9755 
0.9789 
0.9774 
0.9763 
0.8952 
0.9784 
0.9800 
0.9824 
0.9825 
0.9050 
0.9818 
0.9810 
0.9824 
0.9833 
0.9772 
0.9788 
0.9816 
0.9831 
0.9753 
0.9599 
0.9633 
0.9817 
0.9847 
0.9684 
0.9710 
0.9842 
0.9787 
0.8810 
0.9108 
0.9827 
0.9878 
0.9148 
0.9794 
0.9786 
0.9653 
0.9817 
0.9814 
0.9827 
0.9778 
0.9853 
0.9780 
0.9873 
0.9863 
0.9799 
0.9702 
0.9783 
0.9833 
0.9814 
0.9817 
0.9782 
0.9851 
0.9854 
0.9818 
0.9825 
0.9812 
0.9800 
0.9749 
0.9829 
0.9822 
0.9875 
0.9600 
0.9779 
0.9801 
0.9816 
0.9768 
0.9837 
0.9827 
0.9809 
0.9801 
0.9762 
0.9850 
0.9751 
0.9730 
0.9820 
0.9717 
0.9692 
0.9828 
0.9783 
0.9797 
0.9817 
0.9827 
0.9808 
0.9737 
0.9811 
0.9708 
0.9802 
0.9822 
0.9718 
0.9789 
0.9610 
0.9721 
0.9779 
0.9742 
0.9691 
0.9756 
0.9562 
0.8493 
0.9786 
0.9745 
0.9699 
0.9679 
0.9646 
0.9721 
0.9743 
0.9794 
0.9724 
0.9659 
0.9809 
0.9752 
0.9717 
0.9733 
0.9773 
0.9669 
0.9633 
0.9658 
0.9681 
0.9709 
0.8629 
0.9713 
0.9695 
0.8851 
0.9576 
0.9686 
0.9707 
0.9738 
0.9515 
0.9687 
0.9736 
0.9748 
0.9545 
0.9711 
0.9760 
0.9643 
0.9625 
0.9704 
0.9702 
0.9695 
0.9753 
0.9711 
0.9622 
0.9637 
0.9682 
0.9761 
0.9718 
0.9731 
0.9774 
0.9750 
0.9644 
0.9534 
0.9757 
0.9621 
0.9713 
0.9656 
0.9764 
0.9680 
0.9664 
0.9654 
0.9709 
0.9695 
0.9653 
0.9742 
0.9782 
0.9663 
0.9727 
0.9753 
0.9687 
0.9514 
0.9574 
0.9679 
0.9697 
0.9661 
0.9706 
0.9723 
0.9650 
0.9648 
0.9694 
0.9746 
0.9698 
0.9570 
0.9666 
0.9733 
0.9720 
0.9707 
0.9650 
0.9705 
0.9629 
0.9701 
0.9668 
0.9649 
0.9707 
0.9540 
0.9702 
0.9658 
0.9673 
0.9649 
0.9732 
0.9762 
0.9746 
0.9737 
0.9568 
0.9714 
0.9758 
0.9625 
0.9612 
0.9714 
0.9565 
0.9615 
0.9651 
0.9711 
0.9555 
0.9714 
0.9502 
0.9589 
0.9717 
0.9638 
0.9684 
0.9685 
0.9521 
0.9441 
0.9724 
0.9634 
0.9681 
0.9681 
0.9613 
0.9600 
0.9701 
0.9674 
0.9737 
0.9658 
0.9703 
0.9688 
0.9531 
0.9596 
0.9650 
0.9485 
0.9701 
0.9578 
0.9651 
0.9657 
0.9740 
0.9694 
0.9659 
0.9599 
0.9672 
0.9686 
0.9661 
0.9721 
