0.9627 1 0.9626 8
0.982 0.7808 0.7655 8
0.9589 0.9259 0.8878 4
0.9728 0.8709 0.8472 1
0.9667 1 0.9658 7
0.9696 1 0.9694 9
0.9815 0.8115 0.7957 10
0.842 1 0.842 7
0.9347 1 0.9347 1
0.9618 0.8644 0.8313 7
0.9302 1 0.9302 4
0.9622 0.8976 0.8633 9
0.9844 0.9857 0.9692 13
0.9107 1 0.9107 5
0.973 0.9173 0.8925 4
0.9778 0.7903 0.7727 2
0.9849 0.6002 0.5909 8
0.9604 1 0.9588 5
0.6315 1 0.6315 3
0.962 1 0.9597 13
0.9715 0.9607 0.9329 12
0.9752 0.9609 0.9364 9
0.9162 1 0.9162 1
0.8977 1 0.8977 4
0.9779 1 0.9776 13
0.9774 1 0.9774 6
0.9846 0.9011 0.8865 19
0.9826 1 0.9825 10
0.9722 1 0.972 14
0.9722 1 0.9722 4
0.9662 1 0.9655 15
0.9767 1 0.9761 6
0.9742 1 0.9742 13
0.8993 1 0.8993 2
0.9778 1 0.9778 3
0.9809 0.916 0.8981 4
0.9858 1 0.9823 21
0.9701 0.9869 0.9573 3
0.9803 1 0.9795 9
0.9804 1 0.9799 15
0.9785 0.8323 0.8128 20
0.984 1 0.9818 24
0.9829 1 0.9823 13
0.971 1 0.971 6
0.9752 1 0.9752 6
0.9824 1 0.9819 19
0.9871 1 0.9858 12
0.9835 1 0.9835 7
0.9799 1 0.9789 9
0.982 1 0.982 5
0.9803 1 0.9801 10
0.9811 1 0.981 7
0.9832 1 0.9829 20
0.9578 1 0.9578 3
0.9817 1 0.9816 11
0.9761 1 0.9761 8
0.968 1 0.968 5
0.9788 0.8956 0.8755 15
0.9899 0.9017 0.8912 7
0.9814 1 0.9809 11
0.9789 1 0.9789 3
0.9828 1 0.9826 9
0.9807 1 0.9806 9
0.9845 1 0.984 13
0.9819 1 0.9808 13
0.9789 1 0.978 17
0.9863 1 0.9847 13
0.979 1 0.9789 10
0.9799 1 0.9781 17
0.9843 1 0.9774 19
0.9747 1 0.9747 8
0.979 1 0.9784 11
0.9861 1 0.986 11
0.9791 1 0.9783 17
0.9838 1 0.9838 7
0.9842 1 0.9837 24
0.9842 1 0.9804 27
0.9717 1 0.9717 4
0.9898 1 0.9866 15
0.9822 0.9747 0.9562 15
0.9848 1 0.9848 7
0.9839 1 0.9838 9
0.9798 1 0.9796 7
0.9835 1 0.9835 5
0.9814 1 0.9812 10
0.9794 1 0.9792 14
0.9827 1 0.9827 6
0.9725 1 0.9725 4
0.9825 1 0.9822 9
0.978 1 0.978 5
0.9818 1 0.9818 8
0.9809 1 0.9788 24
0.9871 1 0.9866 13
0.9793 1 0.9792 9
0.9743 1 0.9743 4
0.9832 1 0.9829 9
0.9813 1 0.981 17
0.977 1 0.9764 9
0.9864 1 0.9848 19
0.9861 1 0.9861 7
0.9856 1 0.9855 8
0.9838 1 0.9838 6
0.9801 1 0.9801 12
0.982 1 0.982 7
0.9859 1 0.9853 12
0.9785 1 0.9785 4
0.9863 1 0.9861 11
0.9758 1 0.9757 11
0.9808 1 0.9807 16
0.9859 1 0.9848 15
0.981 1 0.981 6
0.9832 1 0.9829 7
0.9911 1 0.9911 5
0.9873 1 0.9861 23
0.9877 1 0.9873 15
0.9809 1 0.9806 20
0.9816 0.9229 0.9051 10
0.9689 1 0.9689 4
0.9848 1 0.9842 15
0.9834 1 0.9834 6
0.9749 1 0.9749 6
0.9656 1 0.9656 6
0.9796 1 0.9796 4
0.9853 1 0.9847 17
0.9853 1 0.9849 18
0.9789 1 0.9783 19
0.9808 1 0.9808 7
0.9803 1 0.9803 8
0.9861 1 0.986 8
0.9827 1 0.9827 5
0.9799 1 0.9798 7
0.9861 1 0.9858 21
0.9804 1 0.9804 4
0.9777 1 0.9777 6
0.9872 1 0.9867 16
0.9793 1 0.9777 18
0.9827 1 0.9826 8
0.975 1 0.975 7
0.9827 1 0.9825 10
0.982 1 0.9805 17
0.9726 1 0.9724 12
0.9757 1 0.9737 10
0.97 1 0.9699 14
0.9749 1 0.9745 8
0.9741 1 0.9732 14
0.9751 1 0.975 14
0.973 1 0.9721 18
0.9697 1 0.9697 2
0.9672 1 0.9664 14
0.9794 1 0.9787 16
0.9696 1 0.9696 6
0.9699 1 0.9696 9
0.9794 1 0.9791 6
0.9725 1 0.9722 14
0.9799 1 0.9786 7
0.968 1 0.968 5
0.9745 1 0.9743 6
0.9774 1 0.9773 8
0.9753 1 0.9742 13
0.9755 1 0.9755 11
0.978 1 0.977 11
0.9748 1 0.9747 10
0.9705 1 0.9705 4
0.9655 1 0.9655 2
0.9722 1 0.9722 13
0.9786 1 0.9785 6
0.9757 1 0.974 18
0.9737 1 0.9737 4
0.9705 1 0.9694 17
0.9717 1 0.9706 14
0.9747 1 0.9737 15
0.9726 1 0.9724 24
0.9729 1 0.9716 15
0.9762 1 0.9761 7
0.9715 1 0.9703 25
0.9711 1 0.9711 5
0.9758 1 0.9758 5
0.9762 1 0.976 14
0.9779 1 0.9776 13
0.9763 1 0.9753 18
0.9781 1 0.9767 13
0.9768 1 0.9762 8
0.9735 1 0.9728 14
0.9766 1 0.9746 17
0.9775 1 0.9775 3
0.9713 1 0.9712 12
0.9746 1 0.9745 10
0.9791 1 0.9787 15
0.9692 1 0.9692 8
0.9717 1 0.9713 14
0.9732 1 0.9731 14
0.9756 1 0.9753 11
0.9726 1 0.9721 12
0.9718 1 0.9706 17
0.9747 1 0.9745 14
0.9761 1 0.9744 20
0.9734 1 0.9728 9
0.9761 1 0.975 7
0.9797 1 0.9793 17
0.9738 1 0.9736 13
0.9731 1 0.9731 6
0.9729 1 0.9729 6
0.9757 1 0.9744 10
0.973 1 0.9725 13
0.9703 1 0.9699 11
0.9758 1 0.9747 9
0.9757 1 0.975 12
0.9762 1 0.9757 12
0.9712 1 0.9712 7
0.9762 1 0.9761 10
0.9729 1 0.9725 10
0.972 1 0.9719 9
0.9617 1 0.9617 6
0.9608 1 0.9608 6
0.9714 1 0.9708 15
0.9708 1 0.9704 15
0.9749 1 0.9731 8
0.9754 1 0.9754 10
0.9689 1 0.9689 11
0.9733 1 0.9733 8
0.9689 1 0.9688 7
0.9748 1 0.9743 7
0.9698 1 0.9692 6
0.9722 1 0.9712 17
0.9714 1 0.9704 18
0.967 1 0.9669 12
0.9704 1 0.9695 15
0.9708 1 0.9697 17
0.9709 1 0.9709 7
0.9689 1 0.9689 3
0.9782 1 0.9776 14
0.9716 1 0.971 11
0.9733 1 0.9732 13
0.9746 1 0.9735 12
0.974 1 0.9723 16
0.9713 1 0.9706 12
0.97 1 0.9695 13
0.9752 1 0.9743 24
0.9721 1 0.9717 11
0.9746 1 0.9739 14
0.9697 1 0.9693 5
0.9722 1 0.9709 12
0.9679 1 0.9671 13
0.9698 1 0.9693 15
0.9705 1 0.9701 10
0.97 1 0.9679 16
0.9634 1 0.9634 10
0.9685 1 0.968 14
0.9654 1 0.9644 9
0.9721 1 0.9715 12
0.9751 1 0.9745 10
0.9766 1 0.9765 10
0.9754 1 0.9751 9
0.9723 1 0.972 15
0.9737 1 0.9734 14
0.9702 1 0.9702 8
0.9737 1 0.9723 12
0.9702 1 0.969 19
0.9782 1 0.9776 19
0.9686 1 0.9674 11
0.9654 1 0.9654 3
0.9643 1 0.9627 15
0.9709 1 0.9706 13
0.9685 1 0.9685 10
0.9723 1 0.9723 6
0.968 1 0.9671 6
0.9669 1 0.9669 6
0.9715 1 0.9688 15
0.9658 1 0.9655 15
0.9761 1 0.9744 16
0.9654 1 0.9652 10
0.9693 1 0.9693 9
0.9714 1 0.9709 12
0.9683 1 0.9658 16
0.9644 1 0.9643 10
0.9693 1 0.9692 17
0.9717 1 0.9717 6
0.9675 1 0.9675 12
0.9721 1 0.9715 14
0.9704 1 0.9696 17
0.9658 1 0.9658 2
0.9656 1 0.9638 12
0.9694 1 0.9673 19
0.9722 1 0.9714 9
0.9705 1 0.9688 13
0.9704 1 0.9703 14
0.9669 1 0.9669 6
0.9621 1 0.9616 8
0.9651 1 0.9646 12
0.9752 1 0.9752 7
0.9708 1 0.9708 3
0.9695 1 0.9695 6
0.9642 1 0.9642 4
0.9758 1 0.9756 5
0.9729 1 0.9723 7
0.9709 1 0.9706 14
0.9661 1 0.9661 11
0.9721 1 0.9718 15
0.9748 1 0.9742 15
0.9745 1 0.9745 6
0.9627 0.8733 0.8382 8
0.9829 1 0.981 29
0.7535 1 0.7535 6
0.9728 0.9614 0.9352 1
0.9667 0.7971 0.7706 2
0.9671 1 0.967 12
0.9335 1 0.9335 2
0.9882 1 0.9881 11
0.9481 0.7208 0.6824 12
0.9542 1 0.9542 3
0.9526 0.8316 0.7911 6
0.9622 1 0.9619 10
0.9842 0.7112 0.6971 10
0.9761 0.9481 0.9248 4
0.7931 1 0.7931 2
0.9778 1 0.9771 10
0.8075 1 0.8075 2
0.9604 0.5825 0.5579 4
0.8022 1 0.8022 8
0.9687 0.7305 0.6956 17
0.9415 1 0.9415 3
0.9799 1 0.9745 20
0.9729 0.9428 0.9127 21
0.9874 1 0.9868 14
0.967 1 0.967 6
0.9837 0.7765 0.7633 8
0.9846 1 0.9842 11
0.9257 1 0.9257 4
0.9739 1 0.9739 6
0.8496 1 0.8496 5
0.9703 0.7439 0.7201 15
0.968 1 0.968 7
0.9829 1 0.9792 13
0.9732 1 0.9695 19
0.8826 1 0.8826 5
0.9809 0.9708 0.9507 8
0.9237 1 0.9237 4
0.9701 1 0.9687 15
0.9803 1 0.98 17
0.9812 0.9876 0.957 16
0.9697 1 0.9696 8
0.973 1 0.9725 12
0.9723 1 0.9723 6
0.989 0.7787 0.768 21
0.9754 1 0.9748 13
0.9795 1 0.9791 6
0.9812 1 0.9812 6
0.9845 0.9355 0.9181 18
0.9606 1 0.9606 5
0.9823 1 0.9819 19
0.9818 1 0.9817 12
0.9788 1 0.9785 10
0.9853 1 0.9852 19
0.9812 1 0.9805 9
0.9822 1 0.9815 19
0.9867 1 0.9814 20
0.9696 1 0.9695 5
0.9788 1 0.9743 17
0.9899 0.9271 0.9174 15
0.981 1 0.9808 13
0.9834 0.9919 0.9722 17
0.98 1 0.9799 11
0.9809 1 0.9807 7
0.9823 1 0.9822 9
0.9786 1 0.9776 15
0.9804 1 0.9803 7
0.9739 1 0.9739 9
0.9773 1 0.9772 9
0.9799 1 0.973 16
0.9841 1 0.9815 12
0.9775 1 0.9766 11
0.9784 0.8177 0.7983 9
0.9889 1 0.9889 5
0.9786 1 0.978 16
0.9837 1 0.9836 8
0.9828 1 0.9827 8
0.972 1 0.972 8
0.9292 1 0.9292 4
0.9898 1 0.9869 25
0.9805 1 0.9798 11
0.9766 1 0.9765 13
0.9803 1 0.9803 7
0.9798 1 0.9778 20
0.9889 1 0.9813 19
0.9847 1 0.9844 11
0.9848 1 0.9847 4
0.9843 1 0.9841 11
0.9769 1 0.9768 9
0.9791 1 0.978 19
0.9836 1 0.9801 20
0.9764 1 0.9764 7
0.9759 1 0.9758 7
0.9853 1 0.9842 16
0.9826 1 0.9817 15
0.9891 1 0.9863 22
0.9819 1 0.9816 10
0.9813 1 0.9807 11
0.9765 1 0.9752 18
0.9881 1 0.9839 31
0.982 1 0.9817 15
0.9777 1 0.9776 10
0.9877 1 0.9869 15
0.9796 1 0.9796 3
0.9832 1 0.9832 12
0.9877 1 0.9872 12
0.9832 1 0.9832 4
0.9776 1 0.9776 10
0.9759 1 0.9757 11
0.9795 1 0.9793 17
0.9775 1 0.9775 6
0.9826 0.8499 0.8334 10
0.9821 1 0.9817 8
0.9847 1 0.9847 3
0.9733 1 0.9733 5
0.9877 1 0.9871 15
0.9815 1 0.9809 21
0.9818 1 0.9816 13
0.9711 1 0.9709 13
0.9852 1 0.9849 11
0.9844 1 0.9842 11
0.9862 1 0.9862 6
0.9818 1 0.9753 31
0.9827 1 0.982 20
0.9868 1 0.9855 19
0.981 1 0.981 8
0.9817 1 0.9817 5
0.9811 1 0.9809 10
0.9795 1 0.9792 11
0.9846 1 0.9813 25
0.98 1 0.9798 16
0.9816 1 0.9812 11
0.9861 1 0.986 14
0.9738 1 0.9738 13
0.9803 1 0.9799 11
0.9875 1 0.9874 15
0.9799 1 0.9798 12
0.9816 1 0.9815 5
0.9791 1 0.9788 14
0.9806 1 0.9794 15
0.9838 1 0.9837 13
0.9797 1 0.9797 3
0.9774 1 0.9726 13
0.9689 1 0.9686 10
0.9725 1 0.9721 15
0.9755 1 0.9755 3
0.9772 1 0.9759 18
0.9732 1 0.9731 9
0.9629 1 0.9629 4
0.9653 1 0.9648 12
0.9739 1 0.9738 17
0.9764 1 0.9761 10
0.9752 1 0.9703 17
0.9774 1 0.9772 12
0.9754 1 0.9742 14
0.9741 1 0.974 15
0.9653 1 0.9653 3
0.9622 1 0.9622 6
0.9773 1 0.9772 6
0.9666 1 0.9666 5
0.9681 1 0.9681 6
0.8668 1 0.8668 3
0.9738 1 0.9738 10
0.9749 1 0.9742 17
0.9781 1 0.9781 7
0.974 1 0.974 11
0.978 1 0.9702 14
0.9774 1 0.977 13
0.9722 1 0.9722 6
0.9687 1 0.9687 3
0.9725 1 0.9703 16
0.9741 1 0.9738 7
0.9746 1 0.9735 16
0.963 1 0.963 6
0.9777 1 0.9777 6
0.9709 1 0.9689 15
0.9727 1 0.9723 15
0.9717 1 0.971 15
0.9746 1 0.9736 12
0.9815 1 0.9805 15
0.9735 1 0.9735 2
0.9738 1 0.9738 6
0.9733 1 0.9732 7
0.9576 1 0.9576 6
0.9776 1 0.9769 16
0.9755 1 0.9755 7
0.9739 1 0.9703 18
0.9776 1 0.9771 12
0.9786 1 0.975 20
0.9728 1 0.9715 19
0.9544 1 0.9544 4
0.9706 1 0.9705 5
0.9752 1 0.9752 6
0.9663 1 0.9662 11
0.9735 1 0.9734 8
0.9789 1 0.9784 7
0.9765 1 0.9751 17
0.9733 1 0.9733 8
0.973 1 0.973 7
0.9802 1 0.9772 19
0.9758 1 0.9758 8
0.9724 1 0.9722 9
0.97 1 0.97 6
0.9594 1 0.9594 7
0.9711 1 0.9697 16
0.9762 1 0.9762 6
0.9752 1 0.9676 14
0.9751 1 0.975 17
0.9703 1 0.9702 10
0.9705 1 0.9704 12
0.9723 1 0.9722 4
0.9688 1 0.9688 12
0.9776 1 0.977 18
0.9718 1 0.9692 10
0.9719 1 0.9719 5
0.9735 1 0.9676 20
0.9765 1 0.976 11
0.9651 1 0.9651 6
0.9747 1 0.9745 10
0.9754 1 0.9733 12
0.971 1 0.971 11
0.9703 1 0.9701 8
0.973 1 0.9714 13
0.9717 1 0.9716 6
0.9717 1 0.9715 7
0.972 1 0.9719 9
0.9725 1 0.9724 8
0.9688 1 0.9683 16
0.9671 1 0.9667 13
0.9603 1 0.9603 6
0.9729 1 0.9707 18
0.9709 1 0.9702 11
0.9794 1 0.9794 6
0.9676 1 0.9666 6
0.9693 1 0.9693 11
0.9711 1 0.9706 13
0.9731 1 0.97 11
0.9711 1 0.9711 8
0.9727 1 0.9727 8
0.9638 1 0.9637 12
0.9721 1 0.972 10
0.9701 1 0.9697 10
0.9721 1 0.9721 8
0.9667 1 0.9623 18
0.9654 1 0.9654 8
0.9658 1 0.9632 9
0.9717 1 0.9717 8
0.9703 1 0.9699 12
0.9709 1 0.9697 17
0.9674 1 0.9674 5
0.9725 1 0.9722 16
0.9762 1 0.9759 12
0.9742 1 0.9734 12
0.9785 1 0.9776 16
0.9745 1 0.9656 13
0.9764 1 0.9763 13
0.9578 1 0.9578 5
0.9702 1 0.9701 10
0.9721 1 0.9712 16
0.9756 1 0.9754 16
0.9703 1 0.9703 8
0.9676 1 0.9675 9
0.9679 1 0.9675 11
0.9585 1 0.9585 6
0.9716 1 0.9715 8
0.9741 1 0.9655 11
0.9691 1 0.9629 16
0.9715 1 0.9715 6
0.9692 1 0.9622 11
0.9644 1 0.9643 11
0.9527 1 0.9527 6
0.9697 1 0.9695 10
0.9692 1 0.969 17
0.9736 1 0.9632 10
0.9673 1 0.9672 15
0.967 1 0.9667 10
0.9664 1 0.9664 3
0.9501 1 0.9501 4
0.9716 1 0.9701 14
0.9735 1 0.9733 9
0.9742 1 0.9738 10
0.9749 1 0.9709 15
0.9621 1 0.9556 15
0.9717 1 0.9675 12
0.9707 1 0.9705 15
0.9733 1 0.9732 6
0.9679 1 0.9509 10
0.9704 1 0.9704 8
0.9631 1 0.963 8
0.9732 1 0.9684 14
0.9764 1 0.9762 13
0.9701 1 0.9636 7
0.9682 1 0.9681 10
0.9719 1 0.9696 9
0.9718 1 0.9718 11
0.9692 1 0.9691 12
0.9612 1 0.9594 9
0.9702 1 0.9698 16
0.954 1 0.954 5
0.975 1 0.9719 15
0.9715 1 0.965 14
0.9627 0.9463 0.9084 10
0.6359 1 0.6359 9
0.9574 1 0.9573 4
0.9716 0.4825 0.4688 2
0.9557 1 0.9556 7
0.9671 1 0.9671 4
0.934 1 0.934 3
0.9882 0.8554 0.8429 21
0.7666 1 0.7666 6
0.9645 0.6663 0.6409 12
0.9459 1 0.9458 5
0.9622 1 0.9621 7
0.9763 1 0.9763 3
0.9272 1 0.9272 2
0.8264 1 0.8264 3
0.9735 1 0.9702 18
0.9753 1 0.9753 5
0.9434 1 0.9432 6
0.648 0.9999 0.6479 5
0.8248 1 0.8248 2
0.9723 1 0.9719 17
0.9778 0.8459 0.8262 16
0.9724 1 0.9722 10
0.9874 1 0.9848 15
0.964 1 0.9638 8
0.9799 1 0.9799 12
0.9299 1 0.9299 6
0.9832 1 0.9831 12
0.9808 1 0.9804 7
0.6563 1 0.6563 5
0.9703 0.78 0.754 27
0.9725 1 0.9724 5
0.9767 1 0.9765 14
0.9631 1 0.9631 7
0.9781 1 0.978 7
0.8438 1 0.8438 5
0.9698 1 0.9698 6
0.972 0.8597 0.8352 2
0.9776 1 0.9774 10
0.9812 0.9878 0.9673 19
0.9785 0.9531 0.9301 13
0.8874 1 0.8874 2
0.9678 1 0.9676 8
0.989 1 0.9889 15
0.9763 1 0.9763 8
0.9823 1 0.9822 8
0.9871 0.9995 0.9841 11
0.9796 1 0.9796 6
0.9789 1 0.9777 11
0.9826 1 0.9809 18
0.9806 1 0.9806 6
0.9824 1 0.9823 5
0.9863 1 0.9862 7
0.9755 1 0.9755 6
0.979 1 0.9789 13
0.9775 1 0.9774 5
0.9779 1 0.9763 11
0.9788 0.919 0.8952 19
0.9784 1 0.9784 4
0.9808 1 0.98 7
0.9824 1 0.9824 5
0.983 1 0.9825 17
0.905 1 0.905 2
0.9818 1 0.9818 4
0.9817 1 0.981 14
0.9825 1 0.9824 13
0.9842 1 0.9833 21
0.9772 1 0.9772 8
0.9791 1 0.9788 15
0.9824 1 0.9816 20
0.9836 1 0.9831 16
0.9755 1 0.9753 10
0.9599 1 0.9599 3
0.9633 1 0.9633 5
0.9856 1 0.9817 18
0.9849 1 0.9847 9
0.9684 1 0.9684 4
0.9754 1 0.971 22
0.9843 1 0.9842 10
0.9804 1 0.9787 12
0.9851 0.8967 0.881 21
0.9108 1 0.9108 6
0.9831 1 0.9827 19
0.9879 1 0.9878 12
0.9148 1 0.9148 3
0.9794 1 0.9794 6
0.9787 1 0.9786 13
0.9653 1 0.9653 5
0.9818 1 0.9817 13
0.9839 1 0.9814 17
0.9834 1 0.9827 12
0.9785 1 0.9778 20
0.9856 1 0.9853 12
0.9784 1 0.978 16
0.9874 1 0.9873 8
0.9863 1 0.9863 7
0.9819 1 0.9799 12
0.9749 1 0.9702 13
0.9864 1 0.9783 20
0.9834 1 0.9833 12
0.9814 1 0.9814 5
0.9823 1 0.9817 16
0.9782 1 0.9782 5
0.9852 1 0.9851 9
0.9869 1 0.9854 11
0.982 1 0.9818 11
0.9825 1 0.9825 5
0.9819 1 0.9812 15
0.9801 1 0.98 14
0.9749 1 0.9749 10
0.9831 1 0.9829 6
0.9826 1 0.9822 11
0.9877 1 0.9875 13
0.96 1 0.96 5
0.9779 1 0.9779 8
0.9809 1 0.9801 17
0.9827 1 0.9816 14
0.9768 1 0.9768 11
0.9839 1 0.9837 17
0.9827 1 0.9827 4
0.9809 1 0.9809 7
0.9846 1 0.9801 16
0.9763 1 0.9762 9
0.9851 1 0.985 12
0.9751 1 0.9751 11
0.9732 1 0.973 12
0.9826 1 0.982 18
0.9717 1 0.9717 3
0.9692 1 0.9692 6
0.9846 1 0.9828 23
0.9794 1 0.9783 20
0.9797 1 0.9797 6
0.982 1 0.9817 12
0.9842 1 0.9827 18
0.9808 1 0.9808 5
0.979 1 0.9737 27
0.9812 1 0.9811 6
0.9708 1 0.9708 12
0.9826 1 0.9802 21
0.9823 1 0.9822 13
0.9718 1 0.9718 3
0.9789 1 0.9789 6
0.961 1 0.961 7
0.9721 1 0.9721 7
0.9782 1 0.9779 11
0.9744 1 0.9742 12
0.9745 1 0.9691 25
0.9756 1 0.9756 7
0.9666 1 0.9562 12
0.8493 1 0.8493 4
0.9792 1 0.9786 15
0.9746 1 0.9745 19
0.9699 1 0.9699 7
0.9679 1 0.9679 6
0.9646 1 0.9646 6
0.9721 1 0.9721 1
0.9746 1 0.9743 12
0.9794 1 0.9794 9
0.9724 1 0.9724 3
0.9659 1 0.9659 6
0.9818 1 0.9809 11
0.9759 1 0.9752 14
0.9775 1 0.9717 12
0.9736 1 0.9733 11
0.9798 1 0.9773 8
0.9671 1 0.9669 8
0.9633 1 0.9633 5
0.9658 1 0.9658 6
0.9681 1 0.9681 4
0.9709 1 0.9709 11
0.8629 1 0.8629 3
0.9713 1 0.9713 8
0.9703 1 0.9695 15
0.8851 1 0.8851 3
0.9576 1 0.9576 6
0.9686 1 0.9686 9
0.9707 1 0.9707 9
0.9739 1 0.9738 10
0.9515 1 0.9515 6
0.9687 1 0.9687 4
0.9738 1 0.9736 12
0.9748 1 0.9748 5
0.9545 1 0.9545 5
0.9711 1 0.9711 2
0.9768 1 0.976 14
0.9643 1 0.9643 6
0.9626 1 0.9625 8
0.9752 1 0.9704 14
0.9705 1 0.9702 14
0.9695 1 0.9695 7
0.9753 1 0.9753 7
0.9711 1 0.9711 9
0.9622 1 0.9622 5
0.9637 1 0.9637 13
0.9682 1 0.9682 7
0.9765 1 0.9761 13
0.9755 1 0.9718 16
0.9731 1 0.9731 13
0.9774 1 0.9774 10
0.9755 1 0.975 15
0.9644 1 0.9644 12
0.9534 1 0.9534 2
0.9757 1 0.9757 8
0.9621 1 0.9621 7
0.9714 1 0.9713 13
0.9656 1 0.9656 5
0.9769 1 0.9764 15
0.968 1 0.968 4
0.9665 1 0.9664 7
0.9654 1 0.9654 4
0.9709 1 0.9709 10
0.9695 1 0.9695 8
0.9653 1 0.9653 6
0.9752 1 0.9742 13
0.9782 1 0.9782 8
0.9663 1 0.9663 15
0.9727 1 0.9727 7
0.9759 1 0.9753 14
0.9739 1 0.9687 20
0.9514 1 0.9514 7
0.9574 1 0.9574 4
0.9679 1 0.9679 5
0.9698 1 0.9697 12
0.9744 1 0.9661 9
0.9706 1 0.9706 8
0.9723 1 0.9723 8
0.9651 1 0.965 6
0.965 1 0.9648 10
0.9694 1 0.9694 8
0.9747 1 0.9746 7
0.9699 1 0.9698 11
0.9741 1 0.957 16
0.9666 1 0.9666 7
0.9734 1 0.9733 7
0.9729 1 0.972 18
0.9707 1 0.9707 10
0.965 1 0.965 7
0.9705 1 0.9705 8
0.9629 1 0.9629 11
0.9755 1 0.9701 9
0.9668 1 0.9668 6
0.9649 1 0.9649 4
0.9708 1 0.9707 7
0.9703 1 0.954 8
0.9704 1 0.9702 9
0.9658 1 0.9658 6
0.9674 1 0.9673 10
0.965 1 0.9649 8
0.974 1 0.9732 9
0.9768 1 0.9762 13
0.9747 1 0.9746 12
0.9737 1 0.9737 3
0.9568 1 0.9568 6
0.9717 1 0.9714 13
0.9758 1 0.9758 6
0.9626 1 0.9625 8
0.9612 1 0.9612 10
0.9714 1 0.9714 4
0.9565 1 0.9565 7
0.9615 1 0.9615 2
0.9651 1 0.9651 3
0.9712 1 0.9711 8
0.9555 1 0.9555 1
0.9714 1 0.9714 9
0.9502 1 0.9502 5
0.9589 1 0.9589 7
0.9732 1 0.9717 10
0.9638 1 0.9638 9
0.9684 1 0.9684 3
0.9685 1 0.9685 8
0.9521 1 0.9521 7
0.9441 1 0.9441 4
0.9724 1 0.9724 10
0.9635 1 0.9634 9
0.9682 1 0.9681 7
0.9682 1 0.9681 13
0.9613 1 0.9613 4
0.96 1 0.96 5
0.9701 1 0.9701 7
0.9674 1 0.9674 4
0.974 1 0.9737 11
0.9658 1 0.9658 6
0.9704 1 0.9703 13
0.9688 1 0.9688 6
0.9531 1 0.9531 2
0.9596 1 0.9596 5
0.965 1 0.965 8
0.9485 1 0.9485 9
0.9701 1 0.9701 5
0.9578 1 0.9578 6
0.9651 1 0.9651 11
0.9657 1 0.9657 3
0.9741 1 0.974 7
0.9696 1 0.9694 17
0.9659 1 0.9659 8
0.9601 1 0.9599 13
0.9674 1 0.9672 13
0.9686 1 0.9686 2
0.9661 1 0.9661 9
0.9725 1 0.9721 11