0.6309 
0.7590 
0.5474 
0.7480 
0.5616 
0.6496 
0.7232 
0.5028 
0.5042 
0.6908 
0.6126 
0.6242 
0.7370 
0.7002 
0.6411 
0.6478 
0.6760 
0.5834 
0.4080 
0.5864 
0.7134 
0.6970 
0.5712 
0.5733 
0.6817 
0.6160 
0.7614 
0.8136 
0.5922 
0.7727 
0.6053 
0.5674 
0.6402 
0.6009 
0.5407 
0.6158 
0.7755 
0.6264 
0.7110 
0.6569 
0.6832 
0.7082 
0.6137 
0.6362 
0.6622 
0.5653 
0.6969 
0.7040 
0.6182 
0.6504 
0.6171 
0.6276 
0.7035 
0.6707 
0.6217 
0.6807 
0.6847 
0.6843 
0.7371 
0.7087 
0.7030 
0.7221 
0.6474 
0.6614 
0.7107 
0.6032 
0.6485 
0.6719 
0.6625 
0.7480 
0.6245 
0.6501 
0.7064 
0.6828 
0.6466 
0.6668 
0.7314 
0.6644 
0.7153 
0.7038 
0.7019 
0.7408 
0.6049 
0.6988 
0.7265 
0.6004 
0.6279 
0.5882 
0.6561 
0.7030 
0.6708 
0.6237 
0.7060 
0.7214 
0.6549 
0.6695 
0.7191 
0.7050 
0.7043 
0.6924 
0.7065 
0.7167 
0.5925 
0.6913 
0.6886 
0.6263 
0.6700 
0.7109 
0.6793 
0.6799 
0.6828 
0.6694 
0.6865 
0.7282 
0.6506 
0.6924 
0.6910 
0.6832 
0.7239 
0.6967 
0.6957 
0.6764 
0.6201 
0.6950 
0.6854 
0.6419 
0.6574 
0.6833 
0.6753 
0.6712 
0.6850 
0.6890 
0.6646 
0.6820 
0.6332 
0.6827 
0.6768 
0.7300 
0.6876 
0.6624 
0.6971 
0.6193 
0.6053 
0.6479 
0.6719 
0.6089 
0.6235 
0.6325 
0.5725 
0.6835 
0.6966 
0.6465 
0.6562 
0.6176 
0.6324 
0.6656 
0.6652 
0.6977 
0.7197 
0.5630 
0.6651 
0.6418 
0.5904 
0.6162 
0.6596 
0.5913 
0.6338 
0.6118 
0.6208 
0.6432 
0.6715 
0.6400 
0.6262 
0.6652 
0.6400 
0.6101 
0.6258 
0.6685 
0.6908 
0.6172 
0.6643 
0.6568 
0.6041 
0.6770 
0.6696 
0.5973 
0.6379 
0.6078 
0.6298 
0.6699 
0.6637 
0.6444 
0.6229 
0.6257 
0.6214 
0.6438 
0.6224 
0.6512 
0.6447 
0.6040 
0.6472 
0.6260 
0.6029 
0.6663 
0.6400 
0.6123 
0.6337 
0.6184 
0.6267 
0.6746 
0.6502 
0.5886 
0.6318 
0.5867 
0.6213 
0.6257 
0.6360 
0.6627 
0.6391 
0.6045 
0.6694 
0.6323 
0.6291 
0.6577 
0.6163 
0.5950 
0.6339 
0.6200 
0.6324 
0.6513 
0.6734 
0.6497 
0.6421 
0.6162 
0.6106 
0.6351 
0.6429 
0.6540 
0.6382 
0.6368 
0.6398 
0.6266 
0.6009 
0.6602 
0.6202 
0.5982 
0.6418 
0.5939 
0.6080 
0.6640 
0.6575 
0.6292 
0.6671 
0.6441 
0.6463 
0.6311 
0.6542 
0.6497 
0.6400 
0.5642 
0.6690 
0.6019 
0.6170 
0.6454 
0.6160 
0.5715 
0.6404 
0.5609 
0.6048 
0.6137 
0.6236 
0.6123 
0.6539 
0.5975 
0.6356 
0.6170 
0.6174 
0.6570 
0.5913 
0.6249 
0.6499 
0.5770 
0.5855 
0.6247 
0.5798 
0.6131 
0.6297 
0.5652 
0.6186 
0.6181 
0.6238 
0.6276 
0.6032 
0.6132 
0.6177 
0.5946 
0.6486 
0.6456 
0.6155 
0.6081 
0.6309 
0.7645 
0.3411 
0.7480 
0.5616 
0.6518 
0.6814 
0.6303 
0.5212 
0.6161 
0.6255 
0.6241 
0.7409 
0.7581 
0.3968 
0.6318 
0.5156 
0.6366 
0.5554 
0.5804 
0.5604 
0.6953 
0.6263 
0.7388 
0.6730 
0.6229 
0.7614 
0.7188 
0.5842 
0.6028 
0.6070 
0.5395 
0.6872 
0.6649 
0.4447 
0.6127 
0.6022 
0.6263 
0.7187 
0.6887 
0.6848 
0.7055 
0.6116 
0.7114 
0.6638 
0.5856 
0.6529 
0.7093 
0.5888 
0.6458 
0.6211 
0.6215 
0.6778 
0.6920 
0.6088 
0.6418 
0.6424 
0.6841 
0.7367 
0.7114 
0.7037 
0.7127 
0.6324 
0.6354 
0.6965 
0.6115 
0.6192 
0.6649 
0.6618 
0.7543 
0.6262 
0.6549 
0.7021 
0.6825 
0.6457 
0.6632 
0.6989 
0.5956 
0.7108 
0.7018 
0.7154 
0.7129 
0.6130 
0.7071 
0.7143 
0.6099 
0.6246 
0.6460 
0.6538 
0.7067 
0.6607 
0.6154 
0.7001 
0.6997 
0.6341 
0.6667 
0.7193 
0.6883 
0.6854 
0.6993 
0.6949 
0.7233 
0.5865 
0.6966 
0.6734 
0.6242 
0.6683 
0.6763 
0.6554 
0.6829 
0.6745 
0.6610 
0.6757 
0.7139 
0.6555 
0.6827 
0.6946 
0.6860 
0.7178 
0.6941 
0.6858 
0.6967 
0.6246 
0.7105 
0.6886 
0.6298 
0.6571 
0.6784 
0.6715 
0.6753 
0.6813 
0.6432 
0.6178 
0.6523 
0.6337 
0.6651 
0.6637 
0.7301 
0.6846 
0.6446 
0.6864 
0.6057 
0.5948 
0.6469 
0.6730 
0.6222 
0.6282 
0.6243 
0.5854 
0.6810 
0.6968 
0.6472 
0.6515 
0.6188 
0.6377 
0.6567 
0.6633 
0.7080 
0.7066 
0.5673 
0.6795 
0.6484 
0.5970 
0.6211 
0.6561 
0.6007 
0.6484 
0.6195 
0.6110 
0.6431 
0.6818 
0.6408 
0.6123 
0.6699 
0.6375 
0.6219 
0.6163 
0.6500 
0.7018 
0.6018 
0.6758 
0.6540 
0.5928 
0.6774 
0.6655 
0.5958 
0.6510 
0.5809 
0.6297 
0.6599 
0.6587 
0.6505 
0.6184 
0.6252 
0.6196 
0.6445 
0.6091 
0.6825 
0.6366 
0.6374 
0.6501 
0.5778 
0.6009 
0.6783 
0.6434 
0.6068 
0.6289 
0.6152 
0.6302 
0.6698 
0.6683 
0.5985 
0.6387 
0.5766 
0.6289 
0.6238 
0.6368 
0.6590 
0.6424 
0.5931 
0.6714 
0.6364 
0.6246 
0.6564 
0.6199 
0.5951 
0.6400 
0.6174 
0.6274 
0.6343 
0.6774 
0.6398 
0.6476 
0.6187 
0.6258 
0.6097 
0.6440 
0.6516 
0.6372 
0.6187 
0.6292 
0.6328 
0.5892 
0.6650 
0.6072 
0.6017 
0.6330 
0.6017 
0.6067 
0.6577 
0.6652 
0.6199 
0.6691 
0.6251 
0.6462 
0.6262 
0.6623 
0.6426 
0.6624 
0.5905 
0.6730 
0.6116 
0.5977 
0.6434 
0.5892 
0.5636 
0.6457 
0.5951 
0.6111 
0.6264 
0.6461 
0.6238 
0.6495 
0.6394 
0.6354 
0.6378 
0.6185 
0.6581 
0.6361 
0.6082 
0.6309 
0.5813 
0.6163 
0.6191 
0.6175 
0.5936 
0.6428 
0.5839 
0.6259 
0.6326 
0.6010 
0.6152 
0.6263 
0.6268 
0.6147 
0.5944 
0.6336 
0.6593 
0.6085 
0.5758 
0.6310 
0.4491 
0.5466 
0.7480 
0.4815 
0.6512 
0.6820 
0.6301 
0.3491 
0.6904 
0.6009 
0.6243 
0.7348 
0.7117 
0.5069 
0.6418 
0.5307 
0.6270 
0.4212 
0.4052 
0.7135 
0.6934 
0.6297 
0.7361 
0.6839 
0.6210 
0.6824 
0.8087 
0.5881 
0.3670 
0.6074 
0.5195 
0.6787 
0.6584 
0.5416 
0.4054 
0.7482 
0.6256 
0.7169 
0.6885 
0.6928 
0.5973 
0.6021 
0.7144 
0.6511 
0.5585 
0.6974 
0.7056 
0.6218 
0.6454 
0.6210 
0.5957 
0.6710 
0.6604 
0.6130 
0.6774 
0.7133 
0.6900 
0.7256 
0.7060 
0.7077 
0.7230 
0.4947 
0.6282 
0.7034 
0.5904 
0.6671 
0.6609 
0.6639 
0.7435 
0.6346 
0.6402 
0.6844 
0.5966 
0.6468 
0.6714 
0.7235 
0.6671 
0.6621 
0.7058 
0.7112 
0.6012 
0.6114 
0.6568 
0.6499 
0.5408 
0.6262 
0.6431 
0.6508 
0.7018 
0.6761 
0.5819 
0.6134 
0.7218 
0.6703 
0.6431 
0.7151 
0.6982 
0.6755 
0.6593 
0.6895 
0.7045 
0.6291 
0.6916 
0.6923 
0.6236 
0.6138 
0.7056 
0.6756 
0.6816 
0.6553 
0.6610 
0.6901 
0.6701 
0.6466 
0.6874 
0.6624 
0.6928 
0.7127 
0.7020 
0.6931 
0.6742 
0.5669 
0.7093 
0.6928 
0.6351 
0.6532 
0.6601 
0.5914 
0.6694 
0.6846 
0.6888 
0.6397 
0.6823 
0.6169 
0.6826 
0.6754 
0.6812 
0.6877 
0.6451 
0.6697 
0.6333 
0.5663 
0.6470 
0.6465 
0.5876 
0.6242 
0.6281 
0.5644 
0.5077 
0.6995 
0.6472 
0.6375 
0.6202 
0.5742 
0.6766 
0.6531 
0.6703 
0.7057 
0.5527 
0.6716 
0.6419 
0.5796 
0.6376 
0.6323 
0.5956 
0.6341 
0.6068 
0.6096 
0.6343 
0.6248 
0.6357 
0.6035 
0.6337 
0.6312 
0.6264 
0.6300 
0.6662 
0.6776 
0.6108 
0.6688 
0.6413 
0.5922 
0.6581 
0.6653 
0.5950 
0.6155 
0.5681 
0.6247 
0.6351 
0.6599 
0.6294 
0.6350 
0.6019 
0.6133 
0.6514 
0.6127 
0.6653 
0.6508 
0.6365 
0.6344 
0.5941 
0.6042 
0.6721 
0.6420 
0.6109 
0.6300 
0.6164 
0.6196 
0.6731 
0.6573 
0.5945 
0.6251 
0.5902 
0.6375 
0.6033 
0.6304 
0.6540 
0.6290 
0.6104 
0.6793 
0.6362 
0.6167 
0.6570 
0.6126 
0.5921 
0.6331 
0.6018 
0.6389 
0.6561 
0.6650 
0.6334 
0.6384 
0.6160 
0.6250 
0.6417 
0.6385 
0.6697 
0.6444 
0.6228 
0.6368 
0.6229 
0.5934 
0.6256 
0.6213 
0.6011 
0.6241 
0.5779 
0.5985 
0.6661 
0.6603 
0.6432 
0.6558 
0.6167 
0.6483 
0.6098 
0.6545 
0.6542 
0.6374 
0.5896 
0.6624 
0.5989 
0.6130 
0.6266 
0.6017 
0.5846 
0.6299 
0.5790 
0.6000 
0.6231 
0.6309 
0.6142 
0.6567 
0.6055 
0.6395 
0.5992 
0.6302 
0.6526 
0.5996 
0.5883 
0.6609 
0.5800 
0.6196 
0.6303 
0.6190 
0.6218 
0.6403 
0.5922 
0.6332 
0.6437 
0.6244 
0.6225 
0.6295 
0.6384 
0.6177 
0.6029 
0.6512 
0.6600 
0.6003 
0.6204 
