../../problems/clp/benchs/BRwp-1.0-0.3/BR1.txt -i 0 --min_fr=1.0 0.630900 0.782500
../../problems/clp/benchs/BRwp-1.0-0.3/BR1.txt -i 10 --min_fr=1.0 0.612600 0.759400
../../problems/clp/benchs/BRwp-1.0-0.3/BR1.txt -i 14 --min_fr=1.0 0.641100 0.863300
../../problems/clp/benchs/BRwp-1.0-0.3/BR1.txt -i 15 --min_fr=1.0 0.647800 0.781400
../../problems/clp/benchs/BRwp-1.0-0.3/BR1.txt -i 18 --min_fr=1.0 0.408000 0.538800
../../problems/clp/benchs/BRwp-1.0-0.3/BR1.txt -i 19 --min_fr=1.0 0.586400 0.718800
../../problems/clp/benchs/BRwp-1.0-0.3/BR2.txt -i 4 --min_fr=1.0 0.681700 0.894000
../../problems/clp/benchs/BRwp-1.0-0.3/BR2.txt -i 5 --min_fr=1.0 0.616000 0.836900
../../problems/clp/benchs/BRwp-1.0-0.3/BR2.txt -i 8 --min_fr=1.0 0.592200 0.818300
../../problems/clp/benchs/BRwp-1.0-0.3/BR2.txt -i 11 --min_fr=1.0 0.567400 0.753400
../../problems/clp/benchs/BRwp-1.0-0.3/BR2.txt -i 15 --min_fr=1.0 0.615800 0.790100
../../problems/clp/benchs/BRwp-1.0-0.3/BR3.txt -i 2 --min_fr=1.0 0.613700 0.776900
../../problems/clp/benchs/BRwp-1.0-0.3/BR3.txt -i 4 --min_fr=1.0 0.662200 0.853900
../../problems/clp/benchs/BRwp-1.0-0.3/BR3.txt -i 5 --min_fr=1.0 0.565300 0.742300
../../problems/clp/benchs/BRwp-1.0-0.3/BR4.txt -i 5 --min_fr=1.0 0.603200 0.791000
../../problems/clp/benchs/BRwp-1.0-0.3/BR4.txt -i 8 --min_fr=1.0 0.662500 0.820000
../../problems/clp/benchs/BRwp-1.0-0.3/BR4.txt -i 19 --min_fr=1.0 0.703800 0.874500
../../problems/clp/benchs/BRwp-1.0-0.3/BR5.txt -i 1 --min_fr=1.0 0.740800 0.893100
../../problems/clp/benchs/BRwp-1.0-0.3/BR5.txt -i 5 --min_fr=1.0 0.600400 0.722900
../../problems/clp/benchs/BRwp-1.0-0.3/BR5.txt -i 8 --min_fr=1.0 0.656100 0.810400
../../problems/clp/benchs/BRwp-1.0-0.3/BR5.txt -i 11 --min_fr=1.0 0.623700 0.776100
../../problems/clp/benchs/BRwp-1.0-0.3/BR5.txt -i 16 --min_fr=1.0 0.719100 0.868200
../../problems/clp/benchs/BRwp-1.0-0.3/BR6.txt -i 2 --min_fr=1.0 0.592500 0.809400
../../problems/clp/benchs/BRwp-1.0-0.3/BR6.txt -i 5 --min_fr=1.0 0.626300 0.756300
../../problems/clp/benchs/BRwp-1.0-0.3/BR6.txt -i 6 --min_fr=1.0 0.670000 0.885800
../../problems/clp/benchs/BRwp-1.0-0.3/BR6.txt -i 11 --min_fr=1.0 0.669400 0.868400
../../problems/clp/benchs/BRwp-1.0-0.3/BR7.txt -i 2 --min_fr=1.0 0.620100 0.798600
../../problems/clp/benchs/BRwp-1.0-0.3/BR7.txt -i 3 --min_fr=1.0 0.695000 0.848100
../../problems/clp/benchs/BRwp-1.0-0.3/BR7.txt -i 5 --min_fr=1.0 0.641900 0.783900
../../problems/clp/benchs/BRwp-1.0-0.3/BR7.txt -i 14 --min_fr=1.0 0.633200 0.783300
../../problems/clp/benchs/BRwp-1.0-0.3/BR7.txt -i 15 --min_fr=1.0 0.682700 0.857900
../../problems/clp/benchs/BRwp-1.0-0.3/BR7.txt -i 16 --min_fr=1.0 0.676800 0.817900
../../problems/clp/benchs/BRwp-1.0-0.3/BR8.txt -i 2 --min_fr=0.98 0.605300 0.749000
../../problems/clp/benchs/BRwp-1.0-0.3/BR8.txt -i 8 --min_fr=0.98 0.572500 0.773500
../../problems/clp/benchs/BRwp-1.0-0.3/BR8.txt -i 19 --min_fr=0.98 0.563000 0.717100
../../problems/clp/benchs/BRwp-1.0-0.3/BR9.txt -i 2 --min_fr=0.98 0.590400 0.714300
../../problems/clp/benchs/BRwp-1.0-0.3/BR9.txt -i 3 --min_fr=0.98 0.616200 0.781000
../../problems/clp/benchs/BRwp-1.0-0.3/BR9.txt -i 5 --min_fr=0.98 0.591300 0.740300
../../problems/clp/benchs/BRwp-1.0-0.3/BR9.txt -i 6 --min_fr=0.98 0.633800 0.787700
../../problems/clp/benchs/BRwp-1.0-0.3/BR9.txt -i 7 --min_fr=0.98 0.611800 0.769800
../../problems/clp/benchs/BRwp-1.0-0.3/BR9.txt -i 9 --min_fr=0.98 0.643200 0.848600
../../problems/clp/benchs/BRwp-1.0-0.3/BR9.txt -i 15 --min_fr=0.98 0.610100 0.757400
../../problems/clp/benchs/BRwp-1.0-0.3/BR10.txt -i 2 --min_fr=0.98 0.604100 0.759000
../../problems/clp/benchs/BRwp-1.0-0.3/BR10.txt -i 5 --min_fr=0.98 0.597300 0.775900
../../problems/clp/benchs/BRwp-1.0-0.3/BR10.txt -i 7 --min_fr=0.98 0.607800 0.745100
../../problems/clp/benchs/BRwp-1.0-0.3/BR10.txt -i 14 --min_fr=0.98 0.621400 0.771600
../../problems/clp/benchs/BRwp-1.0-0.3/BR10.txt -i 19 --min_fr=0.98 0.604000 0.774000
../../problems/clp/benchs/BRwp-1.0-0.3/BR11.txt -i 0 --min_fr=0.98 0.647200 0.791400
../../problems/clp/benchs/BRwp-1.0-0.3/BR11.txt -i 1 --min_fr=0.98 0.626000 0.753200
../../problems/clp/benchs/BRwp-1.0-0.3/BR11.txt -i 2 --min_fr=0.98 0.602900 0.751100
../../problems/clp/benchs/BRwp-1.0-0.3/BR11.txt -i 7 --min_fr=0.98 0.618400 0.746900
../../problems/clp/benchs/BRwp-1.0-0.3/BR11.txt -i 11 --min_fr=0.98 0.588600 0.739500
../../problems/clp/benchs/BRwp-1.0-0.3/BR11.txt -i 13 --min_fr=0.98 0.586700 0.712400
../../problems/clp/benchs/BRwp-1.0-0.3/BR11.txt -i 14 --min_fr=0.98 0.621300 0.750900
../../problems/clp/benchs/BRwp-1.0-0.3/BR12.txt -i 1 --min_fr=0.98 0.632300 0.795000
../../problems/clp/benchs/BRwp-1.0-0.3/BR12.txt -i 7 --min_fr=0.98 0.620000 0.754100
../../problems/clp/benchs/BRwp-1.0-0.3/BR12.txt -i 11 --min_fr=0.98 0.649700 0.795200
../../problems/clp/benchs/BRwp-1.0-0.3/BR12.txt -i 17 --min_fr=0.98 0.654000 0.787000
../../problems/clp/benchs/BRwp-1.0-0.3/BR12.txt -i 18 --min_fr=0.98 0.638200 0.771100
../../problems/clp/benchs/BRwp-1.0-0.3/BR13.txt -i 4 --min_fr=0.98 0.620200 0.749300
../../problems/clp/benchs/BRwp-1.0-0.3/BR13.txt -i 5 --min_fr=0.98 0.598200 0.735700
../../problems/clp/benchs/BRwp-1.0-0.3/BR13.txt -i 15 --min_fr=0.98 0.631100 0.757500
../../problems/clp/benchs/BRwp-1.0-0.3/BR13.txt -i 19 --min_fr=0.98 0.564200 0.737600
../../problems/clp/benchs/BRwp-1.0-0.3/BR14.txt -i 5 --min_fr=0.98 0.571500 0.745500
../../problems/clp/benchs/BRwp-1.0-0.3/BR14.txt -i 7 --min_fr=0.98 0.560900 0.762300
../../problems/clp/benchs/BRwp-1.0-0.3/BR14.txt -i 9 --min_fr=0.98 0.613700 0.770900
../../problems/clp/benchs/BRwp-1.0-0.3/BR14.txt -i 15 --min_fr=0.98 0.617000 0.747300
../../problems/clp/benchs/BRwp-1.0-0.3/BR14.txt -i 18 --min_fr=0.98 0.591300 0.737900
../../problems/clp/benchs/BRwp-1.0-0.3/BR14.txt -i 19 --min_fr=0.98 0.624900 0.752700
../../problems/clp/benchs/BRwp-1.0-0.3/BR15.txt -i 1 --min_fr=0.98 0.577000 0.730600
../../problems/clp/benchs/BRwp-1.0-0.3/BR15.txt -i 2 --min_fr=0.98 0.585500 0.717100
../../problems/clp/benchs/BRwp-1.0-0.3/BR15.txt -i 3 --min_fr=0.98 0.624700 0.750500
../../problems/clp/benchs/BRwp-1.0-0.3/BR15.txt -i 4 --min_fr=0.98 0.579800 0.707800
../../problems/clp/benchs/BRwp-1.0-0.3/BR15.txt -i 7 --min_fr=0.98 0.565200 0.679600
../../problems/clp/benchs/BRwp-1.0-0.3/BR15.txt -i 9 --min_fr=0.98 0.618100 0.755200
../../problems/clp/benchs/BRwp-1.0-0.3/BR15.txt -i 12 --min_fr=0.98 0.603200 0.748900
../../problems/clp/benchs/BRwp-1.0-0.3/BR15.txt -i 14 --min_fr=0.98 0.617700 0.756700
../../problems/clp/benchs/BRwp-1.0-0.3/BR15.txt -i 15 --min_fr=0.98 0.594600 0.729100
../../problems/clp/benchs/BRwp-1.0-0.3/BR15.txt -i 18 --min_fr=0.98 0.615500 0.739300
../../problems/clp/benchs/BRwp-1.0-0.3/BR15.txt -i 19 --min_fr=0.98 0.608100 0.733200
../../problems/clp/benchs/BRwp-1.0-0.5/BR1.txt -i 5 --min_fr=1.0 0.651800 0.832400
../../problems/clp/benchs/BRwp-1.0-0.5/BR1.txt -i 7 --min_fr=1.0 0.630300 0.862700
../../problems/clp/benchs/BRwp-1.0-0.5/BR1.txt -i 11 --min_fr=1.0 0.624100 0.769100
../../problems/clp/benchs/BRwp-1.0-0.5/BR1.txt -i 16 --min_fr=1.0 0.515600 0.687600
../../problems/clp/benchs/BRwp-1.0-0.5/BR1.txt -i 17 --min_fr=1.0 0.636600 0.889600
../../problems/clp/benchs/BRwp-1.0-0.5/BR2.txt -i 7 --min_fr=1.0 0.718800 0.888300
../../problems/clp/benchs/BRwp-1.0-0.5/BR2.txt -i 8 --min_fr=1.0 0.584200 0.740100
../../problems/clp/benchs/BRwp-1.0-0.5/BR2.txt -i 12 --min_fr=1.0 0.687200 0.845600
../../problems/clp/benchs/BRwp-1.0-0.5/BR2.txt -i 14 --min_fr=1.0 0.444700 0.611800
../../problems/clp/benchs/BRwp-1.0-0.5/BR2.txt -i 15 --min_fr=1.0 0.612700 0.870600
../../problems/clp/benchs/BRwp-1.0-0.5/BR3.txt -i 0 --min_fr=1.0 0.684800 0.894000
../../problems/clp/benchs/BRwp-1.0-0.5/BR3.txt -i 2 --min_fr=1.0 0.611600 0.759500
../../problems/clp/benchs/BRwp-1.0-0.5/BR3.txt -i 5 --min_fr=1.0 0.585600 0.723200
../../problems/clp/benchs/BRwp-1.0-0.5/BR3.txt -i 9 --min_fr=1.0 0.645800 0.790400
../../problems/clp/benchs/BRwp-1.0-0.5/BR3.txt -i 11 --min_fr=1.0 0.621500 0.768100
../../problems/clp/benchs/BRwp-1.0-0.5/BR4.txt -i 4 --min_fr=1.0 0.696500 0.890700
../../problems/clp/benchs/BRwp-1.0-0.5/BR4.txt -i 6 --min_fr=1.0 0.619200 0.763300
../../problems/clp/benchs/BRwp-1.0-0.5/BR4.txt -i 8 --min_fr=1.0 0.661800 0.880300
../../problems/clp/benchs/BRwp-1.0-0.5/BR4.txt -i 10 --min_fr=1.0 0.626200 0.757200
../../problems/clp/benchs/BRwp-1.0-0.5/BR4.txt -i 11 --min_fr=1.0 0.654900 0.842800
../../problems/clp/benchs/BRwp-1.0-0.5/BR4.txt -i 12 --min_fr=1.0 0.702100 0.843400
../../problems/clp/benchs/BRwp-1.0-0.5/BR4.txt -i 14 --min_fr=1.0 0.645700 0.780900
../../problems/clp/benchs/BRwp-1.0-0.5/BR4.txt -i 19 --min_fr=1.0 0.701800 0.874800
../../problems/clp/benchs/BRwp-1.0-0.5/BR5.txt -i 1 --min_fr=1.0 0.712900 0.881900
../../problems/clp/benchs/BRwp-1.0-0.5/BR5.txt -i 4 --min_fr=1.0 0.714300 0.871400
../../problems/clp/benchs/BRwp-1.0-0.5/BR5.txt -i 5 --min_fr=1.0 0.609900 0.828900
../../problems/clp/benchs/BRwp-1.0-0.5/BR5.txt -i 7 --min_fr=1.0 0.646000 0.887700
../../problems/clp/benchs/BRwp-1.0-0.5/BR5.txt -i 11 --min_fr=1.0 0.615400 0.742300
../../problems/clp/benchs/BRwp-1.0-0.5/BR5.txt -i 13 --min_fr=1.0 0.699700 0.910600
../../problems/clp/benchs/BRwp-1.0-0.5/BR5.txt -i 16 --min_fr=1.0 0.719300 0.910800
../../problems/clp/benchs/BRwp-1.0-0.5/BR6.txt -i 2 --min_fr=1.0 0.586500 0.742400
../../problems/clp/benchs/BRwp-1.0-0.5/BR6.txt -i 11 --min_fr=1.0 0.661000 0.804600
../../problems/clp/benchs/BRwp-1.0-0.5/BR6.txt -i 13 --min_fr=1.0 0.713900 0.873000
../../problems/clp/benchs/BRwp-1.0-0.5/BR6.txt -i 15 --min_fr=1.0 0.682700 0.843500
../../problems/clp/benchs/BRwp-1.0-0.5/BR6.txt -i 16 --min_fr=1.0 0.694600 0.871200
../../problems/clp/benchs/BRwp-1.0-0.5/BR6.txt -i 17 --min_fr=1.0 0.686000 0.830000
../../problems/clp/benchs/BRwp-1.0-0.5/BR7.txt -i 2 --min_fr=1.0 0.624600 0.776200
../../problems/clp/benchs/BRwp-1.0-0.5/BR7.txt -i 7 --min_fr=1.0 0.678400 0.816100
../../problems/clp/benchs/BRwp-1.0-0.5/BR7.txt -i 13 --min_fr=1.0 0.652300 0.808900
../../problems/clp/benchs/BRwp-1.0-0.5/BR8.txt -i 1 --min_fr=0.98 0.605700 0.727600
../../problems/clp/benchs/BRwp-1.0-0.5/BR8.txt -i 3 --min_fr=0.98 0.646900 0.848400
../../problems/clp/benchs/BRwp-1.0-0.5/BR8.txt -i 6 --min_fr=0.98 0.628200 0.766200
../../problems/clp/benchs/BRwp-1.0-0.5/BR8.txt -i 8 --min_fr=0.98 0.585400 0.742800
../../problems/clp/benchs/BRwp-1.0-0.5/BR8.txt -i 13 --min_fr=0.98 0.618800 0.791500
../../problems/clp/benchs/BRwp-1.0-0.5/BR8.txt -i 14 --min_fr=0.98 0.637700 0.766200
../../problems/clp/benchs/BRwp-1.0-0.5/BR8.txt -i 19 --min_fr=0.98 0.567300 0.769700
../../problems/clp/benchs/BRwp-1.0-0.5/BR9.txt -i 5 --min_fr=0.98 0.600700 0.728900
../../problems/clp/benchs/BRwp-1.0-0.5/BR9.txt -i 8 --min_fr=0.98 0.611000 0.734900
../../problems/clp/benchs/BRwp-1.0-0.5/BR9.txt -i 11 --min_fr=0.98 0.640800 0.796500
../../problems/clp/benchs/BRwp-1.0-0.5/BR9.txt -i 12 --min_fr=0.98 0.612300 0.742800
../../problems/clp/benchs/BRwp-1.0-0.5/BR9.txt -i 13 --min_fr=0.98 0.669900 0.809700
../../problems/clp/benchs/BRwp-1.0-0.5/BR9.txt -i 15 --min_fr=0.98 0.621900 0.756000
../../problems/clp/benchs/BRwp-1.0-0.5/BR10.txt -i 5 --min_fr=0.98 0.595800 0.723900
../../problems/clp/benchs/BRwp-1.0-0.5/BR10.txt -i 8 --min_fr=0.98 0.629700 0.768900
../../problems/clp/benchs/BRwp-1.0-0.5/BR10.txt -i 11 --min_fr=0.98 0.650500 0.782300
../../problems/clp/benchs/BRwp-1.0-0.5/BR10.txt -i 16 --min_fr=0.98 0.609100 0.784200
../../problems/clp/benchs/BRwp-1.0-0.5/BR10.txt -i 18 --min_fr=0.98 0.636600 0.809900
../../problems/clp/benchs/BRwp-1.0-0.5/BR11.txt -i 1 --min_fr=0.98 0.577800 0.713800
../../problems/clp/benchs/BRwp-1.0-0.5/BR11.txt -i 11 --min_fr=0.98 0.598500 0.727700
../../problems/clp/benchs/BRwp-1.0-0.5/BR11.txt -i 13 --min_fr=0.98 0.576600 0.764800
../../problems/clp/benchs/BRwp-1.0-0.5/BR12.txt -i 5 --min_fr=0.98 0.595100 0.733500
../../problems/clp/benchs/BRwp-1.0-0.5/BR12.txt -i 13 --min_fr=0.98 0.618700 0.765000
../../problems/clp/benchs/BRwp-1.0-0.5/BR12.txt -i 16 --min_fr=0.98 0.644000 0.773300
../../problems/clp/benchs/BRwp-1.0-0.5/BR12.txt -i 17 --min_fr=0.98 0.651600 0.795700
../../problems/clp/benchs/BRwp-1.0-0.5/BR13.txt -i 4 --min_fr=0.98 0.607200 0.755200
../../problems/clp/benchs/BRwp-1.0-0.5/BR13.txt -i 5 --min_fr=0.98 0.601700 0.738000
../../problems/clp/benchs/BRwp-1.0-0.5/BR13.txt -i 11 --min_fr=0.98 0.619900 0.745200
../../problems/clp/benchs/BRwp-1.0-0.5/BR13.txt -i 13 --min_fr=0.98 0.625100 0.782300
../../problems/clp/benchs/BRwp-1.0-0.5/BR14.txt -i 4 --min_fr=0.98 0.589200 0.731400
../../problems/clp/benchs/BRwp-1.0-0.5/BR14.txt -i 5 --min_fr=0.98 0.563600 0.695300
../../problems/clp/benchs/BRwp-1.0-0.5/BR14.txt -i 11 --min_fr=0.98 0.623800 0.775100
../../problems/clp/benchs/BRwp-1.0-0.5/BR14.txt -i 18 --min_fr=0.98 0.636100 0.777100
../../problems/clp/benchs/BRwp-1.0-0.5/BR15.txt -i 0 --min_fr=0.98 0.630900 0.779500
../../problems/clp/benchs/BRwp-1.0-0.5/BR15.txt -i 1 --min_fr=0.98 0.581300 0.706500
../../problems/clp/benchs/BRwp-1.0-0.5/BR15.txt -i 10 --min_fr=0.98 0.601000 0.741600
../../problems/clp/benchs/BRwp-1.0-0.5/BR15.txt -i 11 --min_fr=0.98 0.615200 0.760000
../../problems/clp/benchs/BRwp-1.0-0.5/BR15.txt -i 14 --min_fr=0.98 0.614700 0.740600
../../problems/clp/benchs/BRwp-1.0-0.5/BR15.txt -i 15 --min_fr=0.98 0.594400 0.747700
../../problems/clp/benchs/BRwp-1.0-0.5/BR15.txt -i 19 --min_fr=0.98 0.575800 0.731300
../../problems/clp/benchs/BRwp-1.0-0.8/BR1.txt -i 0 --min_fr=1.0 0.631000 0.884000
../../problems/clp/benchs/BRwp-1.0-0.8/BR1.txt -i 2 --min_fr=1.0 0.546600 0.668400
../../problems/clp/benchs/BRwp-1.0-0.8/BR1.txt -i 16 --min_fr=1.0 0.530700 0.667900
../../problems/clp/benchs/BRwp-1.0-0.8/BR1.txt -i 17 --min_fr=1.0 0.627000 0.847300
../../problems/clp/benchs/BRwp-1.0-0.8/BR2.txt -i 9 --min_fr=1.0 0.367000 0.564100
../../problems/clp/benchs/BRwp-1.0-0.8/BR2.txt -i 10 --min_fr=1.0 0.607400 0.837800
../../problems/clp/benchs/BRwp-1.0-0.8/BR3.txt -i 6 --min_fr=1.0 0.697400 0.867300
../../problems/clp/benchs/BRwp-1.0-0.8/BR3.txt -i 8 --min_fr=1.0 0.621800 0.753700
../../problems/clp/benchs/BRwp-1.0-0.8/BR3.txt -i 13 --min_fr=1.0 0.660400 0.914100
../../problems/clp/benchs/BRwp-1.0-0.8/BR3.txt -i 14 --min_fr=1.0 0.613000 0.792600
../../problems/clp/benchs/BRwp-1.0-0.8/BR3.txt -i 17 --min_fr=1.0 0.690000 0.937200
../../problems/clp/benchs/BRwp-1.0-0.8/BR4.txt -i 2 --min_fr=1.0 0.494700 0.605700
../../problems/clp/benchs/BRwp-1.0-0.8/BR4.txt -i 7 --min_fr=1.0 0.660900 0.797100
../../problems/clp/benchs/BRwp-1.0-0.8/BR4.txt -i 10 --min_fr=1.0 0.634600 0.782500
../../problems/clp/benchs/BRwp-1.0-0.8/BR5.txt -i 3 --min_fr=1.0 0.656800 0.885200
../../problems/clp/benchs/BRwp-1.0-0.8/BR5.txt -i 5 --min_fr=1.0 0.540800 0.841000
../../problems/clp/benchs/BRwp-1.0-0.8/BR5.txt -i 6 --min_fr=1.0 0.626200 0.818600
../../problems/clp/benchs/BRwp-1.0-0.8/BR5.txt -i 15 --min_fr=1.0 0.643100 0.810800
../../problems/clp/benchs/BRwp-1.0-0.8/BR6.txt -i 0 --min_fr=1.0 0.689500 0.860200
../../problems/clp/benchs/BRwp-1.0-0.8/BR6.txt -i 1 --min_fr=1.0 0.704500 0.865900
../../problems/clp/benchs/BRwp-1.0-0.8/BR6.txt -i 2 --min_fr=1.0 0.629100 0.802200
../../problems/clp/benchs/BRwp-1.0-0.8/BR6.txt -i 4 --min_fr=1.0 0.692300 0.837900
../../problems/clp/benchs/BRwp-1.0-0.8/BR6.txt -i 5 --min_fr=1.0 0.623600 0.782000
../../problems/clp/benchs/BRwp-1.0-0.8/BR6.txt -i 11 --min_fr=1.0 0.661000 0.844400
../../problems/clp/benchs/BRwp-1.0-0.8/BR7.txt -i 1 --min_fr=1.0 0.674200 0.842200
../../problems/clp/benchs/BRwp-1.0-0.8/BR7.txt -i 8 --min_fr=1.0 0.591400 0.746400
../../problems/clp/benchs/BRwp-1.0-0.8/BR7.txt -i 12 --min_fr=1.0 0.639700 0.772200
../../problems/clp/benchs/BRwp-1.0-0.8/BR7.txt -i 13 --min_fr=1.0 0.682300 0.837900
../../problems/clp/benchs/BRwp-1.0-0.8/BR8.txt -i 3 --min_fr=0.98 0.647000 0.792600
../../problems/clp/benchs/BRwp-1.0-0.8/BR8.txt -i 4 --min_fr=0.98 0.646500 0.779400
../../problems/clp/benchs/BRwp-1.0-0.8/BR8.txt -i 8 --min_fr=0.98 0.564400 0.710500
../../problems/clp/benchs/BRwp-1.0-0.8/BR8.txt -i 13 --min_fr=0.98 0.620200 0.764700
../../problems/clp/benchs/BRwp-1.0-0.8/BR8.txt -i 19 --min_fr=0.98 0.552700 0.688800
../../problems/clp/benchs/BRwp-1.0-0.8/BR9.txt -i 11 --min_fr=0.98 0.635700 0.762900
../../problems/clp/benchs/BRwp-1.0-0.8/BR9.txt -i 12 --min_fr=0.98 0.603500 0.759900
../../problems/clp/benchs/BRwp-1.0-0.8/BR9.txt -i 16 --min_fr=0.98 0.630000 0.763300
../../problems/clp/benchs/BRwp-1.0-0.8/BR9.txt -i 19 --min_fr=0.98 0.610800 0.749100
../../problems/clp/benchs/BRwp-1.0-0.8/BR10.txt -i 7 --min_fr=0.98 0.568100 0.698900
../../problems/clp/benchs/BRwp-1.0-0.8/BR10.txt -i 11 --min_fr=0.98 0.629400 0.776400
../../problems/clp/benchs/BRwp-1.0-0.8/BR10.txt -i 13 --min_fr=0.98 0.601900 0.740400
../../problems/clp/benchs/BRwp-1.0-0.8/BR10.txt -i 16 --min_fr=0.98 0.612700 0.775400
../../problems/clp/benchs/BRwp-1.0-0.8/BR11.txt -i 8 --min_fr=0.98 0.619600 0.776600
../../problems/clp/benchs/BRwp-1.0-0.8/BR11.txt -i 11 --min_fr=0.98 0.594500 0.735400
../../problems/clp/benchs/BRwp-1.0-0.8/BR11.txt -i 13 --min_fr=0.98 0.590200 0.724400
../../problems/clp/benchs/BRwp-1.0-0.8/BR11.txt -i 19 --min_fr=0.98 0.610400 0.764800
../../problems/clp/benchs/BRwp-1.0-0.8/BR12.txt -i 3 --min_fr=0.98 0.657000 0.795000
../../problems/clp/benchs/BRwp-1.0-0.8/BR12.txt -i 5 --min_fr=0.98 0.592100 0.736400
../../problems/clp/benchs/BRwp-1.0-0.8/BR12.txt -i 13 --min_fr=0.98 0.616000 0.748200
../../problems/clp/benchs/BRwp-1.0-0.8/BR12.txt -i 14 --min_fr=0.98 0.625000 0.758300
../../problems/clp/benchs/BRwp-1.0-0.8/BR12.txt -i 16 --min_fr=0.98 0.638500 0.767200
../../problems/clp/benchs/BRwp-1.0-0.8/BR13.txt -i 1 --min_fr=0.98 0.622900 0.763000
../../problems/clp/benchs/BRwp-1.0-0.8/BR13.txt -i 2 --min_fr=0.98 0.593400 0.712100
../../problems/clp/benchs/BRwp-1.0-0.8/BR13.txt -i 7 --min_fr=0.98 0.577900 0.733500
../../problems/clp/benchs/BRwp-1.0-0.8/BR13.txt -i 8 --min_fr=0.98 0.598500 0.748700
../../problems/clp/benchs/BRwp-1.0-0.8/BR13.txt -i 11 --min_fr=0.98 0.643200 0.796600
../../problems/clp/benchs/BRwp-1.0-0.8/BR13.txt -i 13 --min_fr=0.98 0.616700 0.745900
../../problems/clp/benchs/BRwp-1.0-0.8/BR14.txt -i 5 --min_fr=0.98 0.584600 0.705000
../../problems/clp/benchs/BRwp-1.0-0.8/BR14.txt -i 7 --min_fr=0.98 0.579000 0.734800
../../problems/clp/benchs/BRwp-1.0-0.8/BR14.txt -i 8 --min_fr=0.98 0.600000 0.735000
../../problems/clp/benchs/BRwp-1.0-0.8/BR14.txt -i 15 --min_fr=0.98 0.599200 0.782400
../../problems/clp/benchs/BRwp-1.0-0.8/BR14.txt -i 18 --min_fr=0.98 0.599600 0.722500
../../problems/clp/benchs/BRwp-1.0-0.8/BR15.txt -i 1 --min_fr=0.98 0.580000 0.696400
../../problems/clp/benchs/BRwp-1.0-0.8/BR15.txt -i 2 --min_fr=0.98 0.619600 0.749700
../../problems/clp/benchs/BRwp-1.0-0.8/BR15.txt -i 14 --min_fr=0.98 0.617700 0.749700
../../problems/clp/benchs/BRwp-1.0-0.8/BR15.txt -i 15 --min_fr=0.98 0.602900 0.740100
