0.7825 
0.7454 
0.5139 
0.6966 
0.5883 
0.5545 
0.7196 
0.5266 
0.6010 
0.4898 
0.7594 
0.5901 
0.7268 
0.4032 
0.8633 
0.7814 
0.5534 
0.4861 
0.5388 
0.7188 
0.7210 
0.6372 
0.6565 
0.5179 
0.8940 
0.8369 
0.8196 
0.8015 
0.8183 
0.6366 
0.6901 
0.7534 
0.5480 
0.6410 
0.5842 
0.7901 
0.9282 
0.6741 
0.6998 
0.6367 
0.6947 
0.7936 
0.7769 
0.7350 
0.8539 
0.7423 
0.7239 
0.6736 
0.7050 
0.7740 
0.7366 
0.6513 
0.6926 
0.6602 
0.6273 
0.5769 
0.7910 
0.8176 
0.8415 
0.7308 
0.8142 
0.6903 
0.7378 
0.7714 
0.6585 
0.7910 
0.7433 
0.7832 
0.8200 
0.6935 
0.7088 
0.6883 
0.7675 
0.6467 
0.7463 
0.6954 
0.7974 
0.7718 
0.6939 
0.8745 
0.7833 
0.8931 
0.7184 
0.7350 
0.7453 
0.7229 
0.6932 
0.6036 
0.8104 
0.8411 
0.7751 
0.7761 
0.7869 
0.7519 
0.7234 
0.7091 
0.8682 
0.7636 
0.7663 
0.8151 
0.7042 
0.8171 
0.8094 
0.7973 
0.7991 
0.7563 
0.8858 
0.7929 
0.6774 
0.8098 
0.7549 
0.8684 
0.7890 
0.7572 
0.7642 
0.7590 
0.7911 
0.7115 
0.8143 
0.7916 
0.8237 
0.7348 
0.7986 
0.8481 
0.7594 
0.7839 
0.7770 
0.7857 
0.7517 
0.7392 
0.7619 
0.7077 
0.7764 
0.7852 
0.7833 
0.8579 
0.8179 
0.8032 
0.8013 
0.7597 
0.7707 
0.6852 
0.7490 
0.7402 
0.7810 
0.7070 
0.6927 
0.7338 
0.7735 
0.8124 
0.7834 
0.7489 
0.7767 
0.6928 
0.6805 
0.7328 
0.7686 
0.7839 
0.7207 
0.7171 
0.7032 
0.7484 
0.7143 
0.7810 
0.7260 
0.7403 
0.7877 
0.7698 
0.7031 
0.8486 
0.7219 
0.7482 
0.7013 
0.7446 
0.7142 
0.7574 
0.6937 
0.7399 
0.7202 
0.7060 
0.7527 
0.7789 
0.7590 
0.7378 
0.7631 
0.7759 
0.7594 
0.7451 
0.6618 
0.7186 
0.7607 
0.7627 
0.6835 
0.7479 
0.7716 
0.7076 
0.7100 
0.7086 
0.7610 
0.7740 
0.7914 
0.7532 
0.7511 
0.7222 
0.7527 
0.6876 
0.7573 
0.7469 
0.7330 
0.7373 
0.7424 
0.7395 
0.7210 
0.7124 
0.7509 
0.7402 
0.7240 
0.7733 
0.7613 
0.7000 
0.7412 
0.7950 
0.7507 
0.7610 
0.6997 
0.7076 
0.7130 
0.7541 
0.7285 
0.7410 
0.7442 
0.7952 
0.7400 
0.7255 
0.7249 
0.6956 
0.7652 
0.7870 
0.7711 
0.7002 
0.7642 
0.7479 
0.7129 
0.7209 
0.7493 
0.7357 
0.7082 
0.7048 
0.7268 
0.7538 
0.7179 
0.7083 
0.7081 
0.7501 
0.7198 
0.7575 
0.7336 
0.7356 
0.6990 
0.7376 
0.7703 
0.6852 
0.7342 
0.7317 
0.7072 
0.7455 
0.7269 
0.7623 
0.7104 
0.7709 
0.7405 
0.6908 
0.7366 
0.7012 
0.7065 
0.7473 
0.7272 
0.7423 
0.7379 
0.7527 
0.7287 
0.7306 
0.7171 
0.7505 
0.7078 
0.7266 
0.7466 
0.6796 
0.7383 
0.7552 
0.7080 
0.7075 
0.7489 
0.7115 
0.7567 
0.7291 
0.7389 
0.7335 
0.7393 
0.7332 
0.6863 
0.8842 
0.2874 
0.7009 
0.6559 
0.8324 
0.5894 
0.8627 
0.5261 
0.6129 
0.6021 
0.7691 
0.6299 
0.8164 
0.3678 
0.7149 
0.6876 
0.8896 
0.5117 
0.6196 
0.6490 
0.6158 
0.7282 
0.7187 
0.7752 
0.5637 
0.7902 
0.8883 
0.7401 
0.6430 
0.6478 
0.5728 
0.8456 
0.6867 
0.6118 
0.8706 
0.4592 
0.6444 
0.8190 
0.7632 
0.8940 
0.7138 
0.7595 
0.7880 
0.6653 
0.7232 
0.7372 
0.8266 
0.6819 
0.7904 
0.6750 
0.7681 
0.7592 
0.7733 
0.5639 
0.6750 
0.4905 
0.6838 
0.8508 
0.7601 
0.7275 
0.7956 
0.6990 
0.6895 
0.8907 
0.6707 
0.7633 
0.7729 
0.8803 
0.7493 
0.7572 
0.8428 
0.8434 
0.7203 
0.7809 
0.6625 
0.7806 
0.6752 
0.8125 
0.8748 
0.7379 
0.8819 
0.7005 
0.7567 
0.8714 
0.8289 
0.7425 
0.8877 
0.6778 
0.7701 
0.7682 
0.7423 
0.8142 
0.9106 
0.7555 
0.7361 
0.9108 
0.7610 
0.6031 
0.8096 
0.7195 
0.8168 
0.7424 
0.7997 
0.7841 
0.7074 
0.7787 
0.7796 
0.6134 
0.7334 
0.7886 
0.8046 
0.7151 
0.8730 
0.7007 
0.8435 
0.8712 
0.8300 
0.8062 
0.7248 
0.7588 
0.7837 
0.7762 
0.8165 
0.7738 
0.7491 
0.7075 
0.8161 
0.7925 
0.7030 
0.7434 
0.6994 
0.7299 
0.8089 
0.7456 
0.7046 
0.7550 
0.8119 
0.7598 
0.6992 
0.6878 
0.7276 
0.6634 
0.8484 
0.6622 
0.6701 
0.7662 
0.7443 
0.7428 
0.7619 
0.7796 
0.7525 
0.7043 
0.7915 
0.7662 
0.7363 
0.7683 
0.7342 
0.7848 
0.7697 
0.7286 
0.7088 
0.6919 
0.7006 
0.7512 
0.7289 
0.7466 
0.7159 
0.7349 
0.7538 
0.7715 
0.7965 
0.7428 
0.8097 
0.6836 
0.7560 
0.7034 
0.7413 
0.7817 
0.7195 
0.7789 
0.7112 
0.6387 
0.8012 
0.7135 
0.7239 
0.7374 
0.6950 
0.7689 
0.7459 
0.7545 
0.7823 
0.6735 
0.7270 
0.7177 
0.7052 
0.7842 
0.7725 
0.8099 
0.7347 
0.7326 
0.7138 
0.6975 
0.7831 
0.7069 
0.6927 
0.6878 
0.7027 
0.7537 
0.7779 
0.7483 
0.7277 
0.7285 
0.7648 
0.7544 
0.7386 
0.7326 
0.7635 
0.7328 
0.7097 
0.7614 
0.7361 
0.7213 
0.7665 
0.7126 
0.7335 
0.7621 
0.7149 
0.7251 
0.7401 
0.7633 
0.7172 
0.7218 
0.7650 
0.7346 
0.7224 
0.7733 
0.7957 
0.7588 
0.7255 
0.7478 
0.7054 
0.6823 
0.7129 
0.7552 
0.7380 
0.7443 
0.7170 
0.7164 
0.7731 
0.7849 
0.7452 
0.7615 
0.7823 
0.7492 
0.6978 
0.7440 
0.7663 
0.7344 
0.6970 
0.7588 
0.7056 
0.7043 
0.7322 
0.7314 
0.6953 
0.7439 
0.6996 
0.7307 
0.7323 
0.7323 
0.7751 
0.7578 
0.7510 
0.6988 
0.7328 
0.7066 
0.7278 
0.7771 
0.7239 
0.7795 
0.7065 
0.7308 
0.7284 
0.7284 
0.7038 
0.7007 
0.6680 
0.7344 
0.7158 
0.7416 
0.7600 
0.7348 
0.7347 
0.7406 
0.7477 
0.7370 
0.7077 
0.6791 
0.7313 
0.8840 
0.1451 
0.6684 
0.7405 
0.4440 
0.7437 
0.7185 
0.5425 
0.2656 
0.6672 
0.5539 
0.6377 
0.6127 
0.5859 
0.4117 
0.6397 
0.6679 
0.8473 
0.4496 
0.4124 
0.6546 
0.7409 
0.6617 
0.7332 
0.7627 
0.5449 
0.4893 
0.8230 
0.6128 
0.5641 
0.8378 
0.6192 
0.7444 
0.7529 
0.6066 
0.4259 
0.6894 
0.6990 
0.7701 
0.7656 
0.7447 
0.5041 
0.6301 
0.7999 
0.7099 
0.6145 
0.8673 
0.6471 
0.7537 
0.7063 
0.7238 
0.6128 
0.6869 
0.9141 
0.7926 
0.7692 
0.8451 
0.9372 
0.7504 
0.7686 
0.7321 
0.8093 
0.6057 
0.7028 
0.6243 
0.6615 
0.6142 
0.7971 
0.7035 
0.7875 
0.7825 
0.6912 
0.8190 
0.5859 
0.6614 
0.7497 
0.6566 
0.7482 
0.7277 
0.7901 
0.7089 
0.7194 
0.7062 
0.8852 
0.7669 
0.8410 
0.8186 
0.6974 
0.7128 
0.7098 
0.7996 
0.6438 
0.7131 
0.8206 
0.6771 
0.8108 
0.8476 
0.7956 
0.7611 
0.7332 
0.8602 
0.8659 
0.8022 
0.7026 
0.8379 
0.7820 
0.6680 
0.7210 
0.6735 
0.7191 
0.6531 
0.8444 
0.8181 
0.7853 
0.7296 
0.7620 
0.7327 
0.7935 
0.7605 
0.7458 
0.6720 
0.8422 
0.5818 
0.7410 
0.7865 
0.6943 
0.6589 
0.7561 
0.7464 
0.7760 
0.7739 
0.7296 
0.7722 
0.8379 
0.6800 
0.7600 
0.7739 
0.7149 
0.7631 
0.7129 
0.7054 
0.7534 
0.6371 
0.7926 
0.7794 
0.6763 
0.6803 
0.7056 
0.7105 
0.5603 
0.7303 
0.7661 
0.6890 
0.7647 
0.6622 
0.7754 
0.7323 
0.7380 
0.8173 
0.6888 
0.7465 
0.7485 
0.6802 
0.7463 
0.7326 
0.6842 
0.7357 
0.6168 
0.6920 
0.7245 
0.6192 
0.7629 
0.7599 
0.6715 
0.7471 
0.7339 
0.7633 
0.7464 
0.7796 
0.7491 
0.7360 
0.6963 
0.7075 
0.7405 
0.7499 
0.7040 
0.6844 
0.6989 
0.7053 
0.7530 
0.7779 
0.7764 
0.7213 
0.7404 
0.6285 
0.6767 
0.7754 
0.7724 
0.7505 
0.7333 
0.6857 
0.6748 
0.6949 
0.7201 
0.7064 
0.6821 
0.7382 
0.7119 
0.7766 
0.7774 
0.7293 
0.7354 
0.6784 
0.7244 
0.6998 
0.7132 
0.7559 
0.7479 
0.7442 
0.7648 
0.7598 
0.7293 
0.6971 
0.7950 
0.7119 
0.7364 
0.7093 
0.7092 
0.6990 
0.7364 
0.7502 
0.7503 
0.7270 
0.7482 
0.7583 
0.7245 
0.7672 
0.7530 
0.7374 
0.7347 
0.7115 
0.7630 
0.7121 
0.7164 
0.7371 
0.7135 
0.7063 
0.7335 
0.7487 
0.7543 
0.7460 
0.7966 
0.7503 
0.7459 
0.7350 
0.7025 
0.7414 
0.7628 
0.7498 
0.7054 
0.7265 
0.6967 
0.7221 
0.7253 
0.7172 
0.7050 
0.7334 
0.7348 
0.7350 
0.7311 
0.7309 
0.7248 
0.7391 
0.7016 
0.7363 
0.7824 
0.7349 
0.7400 
0.7225 
0.6958 
0.7556 
0.6964 
0.7497 
0.7286 
0.7078 
0.6628 
0.7422 
0.6671 
0.7487 
0.6955 
0.7203 
0.7016 
0.7368 
0.7580 
0.7497 
0.7401 
0.7312 
0.7304 
0.6989 
0.7275 
