0.0000 +- -1.00 (1)
0.0003 +- -1.00 (1)
0.0002 +- -1.00 (1)
0.0035 +- -1.00 (1)
0.0013 +- -1.00 (1)
0.0131 +- -1.00 (1)
0.0074 +- -1.00 (1)
0.0015 +- -1.00 (1)
0.0157 +- -1.00 (1)
0.0000 +- -1.00 (1)
0.0000 +- -1.00 (1)
0.0026 +- -1.00 (1)
0.0002 +- -1.00 (1)
0.0013 +- -1.00 (1)
0.0005 +- -1.00 (1)
0.0022 +- -1.00 (1)
0.0011 +- -1.00 (1)
0.0124 +- -1.00 (1)
0.0099 +- -1.00 (1)
0.0139 +- -1.00 (1)
0.0080 +- -1.00 (1)
0.0007 +- -1.00 (1)
0.0059 +- -1.00 (1)
0.0203 +- -1.00 (1)
0.0052 +- -1.00 (1)
0.0114 +- -1.00 (1)
0.0142 +- -1.00 (1)
