0.0844 0.083 0.1595612 1
0.0375 0.0369 0.07208965 1
0.2114 0.2067 0.37382072 1
0.1801 0.1734 0.32162316 1
0.0771 0.0751 0.14556099 1
0.1799 0.1749 0.32268929 1
0.1478 0.1439 0.26972228 1
0.0863 0.0836 0.16185422 1
0.0777 0.0677 0.13928411 1
0.2242 0.2232 0.39680496 1
0.2355 0.2296 0.4104933 1
0.0652 0.059 0.1194764 1
0.0273 0.0259 0.05154513 1
0.0325 0.0313 0.06184555 1
0.0812 0.0771 0.15119678 1
0.165 0.1639 0.3011844 1
0.0777 0.0751 0.14611653 1
0.0543 0.0524 0.10296038 1
0.0398 0.0384 0.07574888 1
0.0508 0.0502 0.09754984 1
0.1278 0.123 0.2343304 1
0.0897 0.0824 0.16387982 1
0.3457 0.3447 0.57092661 1
0.1472 0.1414 0.26707352 1
0.0494 0.0482 0.09431552 1
0.1108 0.1093 0.20720866 1
0.1373 0.1351 0.25312217 1
0.0844 0.0833 0.15983618 1
0.1211 0.121 0.226688 1
0.0811 0.0804 0.15414006 1
0.0889 0.0873 0.16761423 1
0.0508 0.0436 0.09127852 1
0.0171 0.0171 0.03294079 1
0.0357 0.0352 0.06871326 1
0.0524 0.052 0.1007786 1
0.0684 0.0674 0.13032464 1
0.049 0.0431 0.0890792 1
0.2212 0.2141 0.38737538 1
0.0916 0.0906 0.17308224 1
0.057 0.0551 0.1080704 1
0.0551 0.041 0.092936 1
0.1506 0.1505 0.2777348 1
0.1342 0.126 0.24255 1
0.1379 0.1348 0.25338278 1
0.0514 0.051 0.09888 1
0.0462 0.0429 0.08620612 1
0.076 0.0724 0.142045 1
0.1155 0.1121 0.21387905 1
0.0603 0.0598 0.11561316 1
0.0158 0.0138 0.02841056 1
0.061 0.0568 0.113452 1
0.1037 0.101 0.19343 1
0.0325 0.0321 0.06262035 1
0.2137 0.2123 0.38005649 1
0.2662 0.2642 0.45959936 1
0.067 0.0638 0.1256552 1
0.0771 0.0754 0.14583816 1
0.0778 0.0668 0.13854656 1
0.0283 0.0252 0.05183934 1
0.0376 0.0336 0.06900684 1
0.1497 0.1439 0.27135077 1
0.063 0.0598 0.1181544 1
0.109 0.0998 0.1971296 1
0.1008 0.0994 0.18937968 1
0.0885 0.0867 0.16670125 1
0.0767 0.076 0.1460225 1
0.0829 0.0812 0.15653162 1
0.0218 0.02 0.0404048 1
0.0719 0.069 0.1350788 1
0.0772 0.0761 0.14657738 1
0.1785 0.1721 0.31922975 1
0.1354 0.126 0.2436 1
0.08 0.0742 0.1474172 1
0.1597 0.1572 0.29111106 1
0.1788 0.1775 0.3239183 1
0.0369 0.0365 0.07112555 1
0.0829 0.0779 0.15350189 1
0.0741 0.071 0.138983 1
0.0429 0.0387 0.07902037 1
0.0512 0.0506 0.09831008 1
0.0479 0.0376 0.08278346 1
0.0976 0.0949 0.18242926 1
0.0551 0.0465 0.09813845 1
0.0821 0.0751 0.15019049 1
0.0324 0.0322 0.06262032 1
0.0686 0.0678 0.13088432 1
0.056 0.0538 0.105896 1
0.0837 0.081 0.157084 1
0.3597 0.3524 0.58505282 1
0.0617 0.0583 0.11552189 1
0.0585 0.0542 0.108641 1
0.1275 0.1177 0.22943745 1
0.0679 0.0672 0.12967122 1
0.097 0.0896 0.1770944 1
0.1348 0.1312 0.24757924 1
0.0232 0.0219 0.04363602 1
0.0661 0.0626 0.12368984 1
0.0439 0.038 0.0793127 1
0.0233 0.0216 0.04344062 1
0.0936 0.0908 0.17508452 1
0.0569 0.0367 0.09062401 3
0.026 0.0082 0.03321934 4
0.0733 0.0561 0.12441627 1
0.0688 0.0315 0.09728082 2
0.0487 0.0378 0.08378999 3
0.0464 0.035 0.07889176 3
0.0379 0.0248 0.06084786 3
0.0203 0.0177 0.03676636 4
0.0524 0.0406 0.08997446 2
0.0492 0.0318 0.07876537 4
0.0579 0.0304 0.08576042 3
0.0476 0.0395 0.08447966 3
0.0243 0.0116 0.03465548 2
0.0385 0.0162 0.05321025 2
0.0289 0.0262 0.05345404 3
0.0403 0.0262 0.06455166 3
0.0221 0.0151 0.03595325 2
0.0871 0.0498 0.13169832 1
0.0481 0.0318 0.07751775 3
0.0544 0.0465 0.0974703 1
0.0577 0.039 0.09361503 2
0.0347 0.0269 0.05972717 1
0.0438 0.0244 0.06623367 2
0.0553 0.0449 0.09681623 1
0.0449 0.037 0.0793376 3
0.0544 0.0494 0.10021544 1
0.0621 0.0495 0.10785752 4
0.0462 0.028 0.07210851 3
0.0391 0.0285 0.06557709 2
0.0307 0.0208 0.04991906 3
0.0445 0.0398 0.0816122 1
0.0236 0.0139 0.03620846 1
0.0245 0.0152 0.0383663 1
0.0516 0.0322 0.08126538 2
0.0533 0.041 0.091208 1
0.0312 0.0126 0.04249518 3
0.0408 0.0313 0.06989406 1
0.0774 0.0655 0.13704131 3
0.039 0.0216 0.05885664 4
0.0324 0.0197 0.05051282 1
0.0501 0.0285 0.07635463 2
0.0362 0.0308 0.06497936 2
0.0392 0.0152 0.05285756 1
0.0972 0.0785 0.1672704 2
0.0336 0.0224 0.05430236 1
0.0597 0.0355 0.09233825 3
0.0403 0.0302 0.0683612 2
0.0369 0.0337 0.06842607 1
0.0483 0.0359 0.08179399 3
0.025 0.0129 0.03669018 3
0.0308 0.0243 0.05345956 2
0.0479 0.0331 0.07849451 1
0.0948 0.0539 0.14273798 1
0.0525 0.0362 0.08619876 6
0.0619 0.0449 0.10312649 1
0.0267 0.0157 0.0410301 4
0.0291 0.0252 0.05261998 1
0.0519 0.0336 0.0829691 3
0.0273 0.0266 0.05223192 2
0.0414 0.0391 0.07796076 1
0.0382 0.0208 0.05726839 2
0.0445 0.0343 0.07638337 2
0.0515 0.0436 0.09203138 3
0.0301 0.0226 0.05111464 3
0.0121 0.0136 0.02456686 2
0.0303 0.0217 0.05039349 1
0.0367 0.0327 0.06729216 2
0.0336 0.0304 0.06205416 2
0.0517 0.0357 0.08467431 2
0.0797 0.0562 0.13055576 1
0.0479 0.0427 0.08770459 2
0.0532 0.0415 0.0915859 1
0.0637 0.0482 0.10794056 1
0.0466 0.0237 0.06834316 3
0.0555 0.0521 0.10381943 2
0.0332 0.0307 0.06194366 1
0.0258 0.0268 0.05096016 1
0.0432 0.0306 0.07164856 2
0.0409 0.026 0.0649025 1
0.0341 0.0236 0.05597669 2
0.0622 0.0558 0.11364624 1
0.0382 0.0315 0.06760383 2
0.0323 0.026 0.0565175 1
0.0595 0.0445 0.1005292 2
0.0184 0.0135 0.0306825 1
0.0374 0.0202 0.05590112 1
0.0616 0.0316 0.09047416 2
0.0472 0.0486 0.09260088 1
0.0957 0.0739 0.16171821 2
0.0597 0.0454 0.10172309 3
0.0238 0.0136 0.03617782 5
0.048 0.0351 0.08056322 3
0.0419 0.031 0.070698 2
0.0324 0.016 0.04695636 2
0.0378 0.0226 0.05863104 2
0.0357 0.023 0.0569366 1
0.0432 0.0296 0.0706009 3
0.0319 0.0256 0.05573986 1
0.0491 0.027 0.0738936 2
0.023 0.0197 0.04129611 3
0.04 0.0133 0.05184014 2
0.0421 0.0273 0.06741297 4
0.0479 0.0311 0.07658831 1
0.0486 0.0209 0.06756976 2
0.0356 0.0181 0.0522166 3
0.0319 0.0221 0.05236647 2
0.0312 0.013 0.04288181 4
0.0392 0.0174 0.05516212 6
0.0374 0.0349 0.07007794 2
0.0284 0.0125 0.03968842 3
0.04 0.0329 0.0707197 2
0.0393 0.0359 0.07294917 2
0.0328 0.0185 0.04975142 3
0.0397 0.0221 0.06000869 2
0.0242 0.0246 0.04727697 2
0.0379 0.0255 0.06152054 6
0.0321 0.0189 0.04944954 2
0.0527 0.0316 0.0817751 2
0.0402 0.022 0.0604209 3
0.0404 0.026 0.06454752 5
0.051 0.0367 0.08499235 3
0.0437 0.011 0.053309 2
0.0798 0.0427 0.1183329 4
0.0582 0.0333 0.08870808 2
0.0383 0.0273 0.06365729 3
0.0395 0.0247 0.06232177 3
0.0442 0.0361 0.07778368 1
0.0467 0.0256 0.07020202 2
0.0227 0.0202 0.04150388 3
0.0231 0.0112 0.03309498 2
0.0313 0.0362 0.06543344 1
0.0315 0.0221 0.05211126 4
0.0355 0.0182 0.05214302 3
0.0326 0.0202 0.05119328 1
0.0401 0.0282 0.06624192 2
0.0401 0.0202 0.05869616 2
0.0449 0.0296 0.07233281 2
0.0422 0.0269 0.06703292 1
0.0255 0.016 0.04018084 4
0.0508 0.0322 0.08046724 2
0.0486 0.0214 0.06812688 3
0.0313 0.0326 0.06194252 1
0.049 0.0304 0.0772044 5
0.0657 0.0475 0.10922811 2
0.0366 0.0196 0.05457396 4
0.0438 0.0307 0.07222884 1
0.0342 0.026 0.0583793 2
0.0242 0.0226 0.0453104 2
0.0403 0.0223 0.06083831 4
0.0266 0.0139 0.03922401 3
0.0291 0.0207 0.04826623 3
0.0415 0.0208 0.06060403 3
0.0617 0.0506 0.10828928 1
0.041 0.0294 0.06834707 3
0.0428 0.0352 0.07572072 4
0.0304 0.0176 0.0465478 3
0.0285 0.0199 0.0468909 3
0.0329 0.0185 0.04997815 3
0.0271 0.0209 0.04648061 1
0.0364 0.0275 0.0619708 2
0.0512 0.0371 0.08548778 1
0.0348 0.0377 0.07025954 1
0.0501 0.026 0.07392479 2
0.0456 0.0256 0.0691955 6
0.0302 0.0117 0.04061197 3
0.0309 0.016 0.0454629 2
0.0307 0.0227 0.0517675 2
0.0485 0.0241 0.07053201 2
0.0599 0.0421 0.09857921 1
0.0491 0.0254 0.07239949 3
0.0435 0.0256 0.06710206 3
0.0444 0.0351 0.07706566 2
0.0515 0.0389 0.08753686 4
0.0356 0.0333 0.06686292 5
0.0418 0.0317 0.07128169 4
0.0262 0.0116 0.0365909 3
0.0312 0.0258 0.05526378 2
0.0318 0.0219 0.05210679 4
0.0337 0.0253 0.05722185 3
0.047 0.0355 0.079913 1
0.0511 0.0359 0.08425847 2
0.0487 0.0278 0.0743676 4
0.0376 0.0304 0.06592396 1
0.0614 0.0481 0.10569041 2
0.0278 0.0154 0.04181408 1
0.0293 0.0197 0.04749092 3
0.0438 0.0206 0.06268558 3
0.0477 0.0367 0.08174649 2
0.0715 0.061 0.127301 2
0.0491 0.0376 0.08396516 2
0.0418 0.0251 0.06498512 3
0.0456 0.0257 0.06929186 2
0.0418 0.0363 0.07571271 2
0.0312 0.0189 0.04855942 1
0.0425 0.0278 0.0683492 2
0.026 0.0159 0.04056215 2
0.0376 0.0252 0.06093258 2
0.0335 0.0227 0.05454648 3
0.0257 0.0182 0.0425768 5
0.0396 0.0298 0.06728832 1
0.0461 0.0223 0.06669526 4
0.0369 0.0184 0.05367534 1
0.0471 0.036 0.0805089 2
0.0339 0.0172 0.04957998 5
0.0375 0.0275 0.06309594 2
0.0349 0.029 0.061983 3
0.0328 0.0218 0.05295043 4
0.0425 0.0202 0.06099777 2
0.0381 0.0311 0.06709979 2
0.0404 0.0177 0.05648117 3
0.0418 0.0262 0.06604156 2
0.0451 0.0398 0.08221221 3
0.0246 0.0161 0.03934364 1
0.0357 0.0202 0.05429438 4
0.0366 0.0204 0.0553734 3
0.0347 0.0244 0.0573317 2
0.0531 0.0243 0.07527887 2
0.0454 0.0245 0.06811384 3
0.0328 0.018 0.04928847 2
0.0344 0.0158 0.0487745 2
0.0414 0.0329 0.07223721 4
0.0308 0.019 0.0484535 4
0.0416 0.0241 0.06378293 3
0.0453 0.0278 0.07117669 5
0.0426 0.038 0.0780608 1
0.0382 0.0321 0.06816044 2
0.036 0.026 0.06015737 2
0.035 0.022 0.05549306 5
0.0352 0.0165 0.0502455 2
0.0363 0.0258 0.06024398 4
0.0367 0.0304 0.06505486 2
0.0339 0.0223 0.0545539 4
0.0377 0.0163 0.05251769 4
0.0298 0.0193 0.04759248 2
0.0395 0.0346 0.07182918 2
0.0381 0.019 0.05550512 3
0.0325 0.0189 0.04984149 2
0.0467 0.0301 0.07460711 5
0.0245 0.0139 0.03711967 3
0.0452 0.0359 0.07857369 3
0.0417 0.0171 0.05715931 2
0.0366 0.0239 0.05868932 2
0.0465 0.0336 0.0776167 1
0.0437 0.0362 0.07744098 2
0.0389 0.0214 0.0585486 3
0.0378 0.0283 0.06416998 2
0.0388 0.028 0.06483834 3
0.0386 0.0204 0.05731712 2
0.0324 0.02 0.05087887 3
0.0333 0.0231 0.05469931 2
0.0216 0.0131 0.0335048 3
0.0397 0.015 0.0532919 3
0.0403 0.021 0.059662 3
0.0407 0.0179 0.05698619 4
0.0402 0.027 0.0652523 3
0.0281 0.0104 0.03724668 2
0.0353 0.0264 0.05986533 3
0.0351 0.024 0.05753872 4
0.0237 0.0241 0.04627563 1
0.0422 0.0273 0.06742876 2
0.032 0.0232 0.05351846 2
0.0329 0.0185 0.04996407 3
0.0332 0.0171 0.04886096 3
0.0454 0.0309 0.07397392 2
0.0306 0.0153 0.0445474 4
0.0423 0.0319 0.07192383 1
0.0264 0.0188 0.04375201 2
0.0339 0.0178 0.05017332 2
0.0335 0.0257 0.0574787 4
0.0479 0.038 0.08321213 2
0.0358 0.0239 0.05795938 3
0.0346 0.0227 0.05568968 3
0.0454 0.0391 0.08188745 3
0.0423 0.0273 0.06754021 3
0.0331 0.0154 0.04708312 3
0.0326 0.0149 0.04606076 1
0.0298 0.0259 0.05398288 1
0.0478 0.0333 0.0785961 2
0.0252 0.0215 0.04521161 3
0.0388 0.0273 0.06412082 3
0.0396 0.026 0.0636375 2
0.0277 0.0125 0.03896563 5
0.0337 0.0224 0.05442968 4
0.0547 0.0307 0.08289817 2
0.0309 0.0215 0.05080419 3
0.0381 0.0268 0.06297447 3
0.0392 0.0169 0.05458742 3
0.0378 0.0309 0.06662608 2
0.0541 0.0343 0.08594479 2
0.0423 0.0248 0.06511706 1
0.0271 0.0119 0.03772596 2
0.0398 0.0216 0.05967591 3
0.047 0.0367 0.08106137 2
0.034 0.014 0.04659765 3
0.0357 0.0235 0.05741925 1
0.0261 0.0213 0.04589455 2
0.0325 0.0251 0.05584929 3
0.0277 0.025 0.051084 3
0.0338 0.0192 0.05146116 4
0.0377 0.0229 0.05887511 3
0.0457 0.0199 0.06375517 1
0.0346 0.0254 0.05821013 2
0.0352 0.0306 0.06378768 1
0.032 0.0188 0.04925941 3
0.0366 0.0241 0.05893534 4
0.0384 0.0237 0.06029434 4
0.0357 0.0227 0.05671743 3
0.0387 0.029 0.06582557 4
0.0382 0.0211 0.05756644 3
0.0403 0.016 0.05477035 4
0.0427 0.0248 0.06559566 3
0.0414 0.0361 0.07512768 3
0.03 0.0247 0.05305058 3
0.0347 0.0296 0.06233618 1
0.0322 0.031 0.061278 2
0.0363 0.03 0.06431179 3
0.0459 0.023 0.0669408 2
0.0509 0.0277 0.07626767 1
0.0293 0.0155 0.04342437 2
0.0336 0.0226 0.05460888 3
0.0418 0.0185 0.05871888 3
0.0363 0.019 0.0538383 4
0.0405 0.0112 0.05049498 3
0.0475 0.0229 0.06854006 5
0.0399 0.0311 0.06885086 3
0.0355 0.0326 0.0660098 1
0.0377 0.0262 0.06211544 3
0.0389 0.0181 0.05546642 5
0.0341 0.0167 0.04941682 6
0.0344 0.0209 0.05372576 4
0.0375 0.0355 0.07074765 2
0.0353 0.0202 0.05385104 2
0.0309 0.0237 0.05300317 2
0.0409 0.0231 0.06236495 4
0.0399 0.0275 0.06543251 2
0.032 0.0163 0.0468257 1
0.0367 0.0157 0.05089667 2
0.0487 0.0271 0.07366291 3
0.0344 0.0232 0.05586119 2
0.0415 0.0304 0.0697093 1
0.045 0.0275 0.07038562 2
0.0353 0.0258 0.05926176 2
0.0457 0.0343 0.07768505 3
0.043 0.0372 0.07768179 2
0.0355 0.02 0.05387789 2
0.0405 0.0214 0.06016662 5
0.0376 0.0372 0.07247508 1
0.0288 0.0193 0.04663174 2
0.0354 0.0104 0.04448987 2
0.0292 0.019 0.0466924 1
0.0352 0.0227 0.05617051 2
0.042 0.022 0.06232995 5
0.0405 0.0208 0.05972184 3
0.0363 0.0184 0.05310407 2
0.0411 0.029 0.0679856 2
0.0229 0.0096 0.03135681 5
0.0413 0.0218 0.06131896 2
0.0331 0.0293 0.06052928 3
0.0316 0.0161 0.04626144 2
0.0419 0.033 0.0725912 1
0.0293 0.0175 0.04537123 3
0.0349 0.017 0.0504952 3
0.0316 0.021 0.051142 3
0.0462 0.0264 0.07051124 3
0.0236 0.0138 0.03617169 3
0.0383 0.0296 0.06586552 3
0.0359 0.0304 0.06429813 2
0.0499 0.0301 0.07768987 4
0.0336 0.0201 0.05207734 1
0.0375 0.0266 0.06217248 2
0.0337 0.0227 0.05480445 5
0.0386 0.0243 0.0610518 3
0.0353 0.0266 0.06004934 3
0.0584 0.034 0.08961787 4
0.0367 0.0145 0.04981525 2
0.0396 0.0264 0.06403651 2
0.0348 0.0178 0.05103436 2
0.039 0.0254 0.0624789 2
0.026 0.0194 0.04394506 2
0.039 0.0237 0.06088376 3
0.0405 0.0298 0.06818274 3
0.0395 0.0206 0.0583845 3
0.0375 0.0244 0.06010369 3
0.0492 0.025 0.0720632 2
0.0315 0.0173 0.04734501 3
0.035 0.0273 0.06043748 4
0.0305 0.0103 0.03960201 2
0.0424 0.0291 0.06935906 2
0.0498 0.0333 0.08058177 3
0.0538 0.0326 0.08387145 4
0.0354 0.0234 0.05705644 2
0.0419 0.0225 0.06272693 2
0.0464 0.0266 0.0709743 3
0.0338 0.0223 0.05443473 3
0.0405 0.0176 0.0565147 2
0.033 0.0144 0.04611138 5
0.0464 0.0292 0.07335612 2
0.0287 0.0182 0.04548011 2
0.0292 0.0085 0.0364885 1
0.0372 0.0218 0.0573747 4
0.0465 0.0214 0.0660891 4
0.0363 0.0155 0.05036094 3
0.0444 0.0461 0.08754266 1
0.0358 0.0221 0.0562313 3
0.0412 0.0165 0.05630018 8
0.0361 0.0224 0.05676398 2
0.0376 0.0237 0.05947222 2
0.0474 0.0214 0.0668565 2
0.038 0.0232 0.05942751 3
0.0376 0.0236 0.05942459 2
0.0369 0.0288 0.06372958 2
0.0367 0.0377 0.07217506 2
0.0361 0.0161 0.05068403 3
0.0277 0.0173 0.04362878 3
0.0365 0.0106 0.04577168 2
0.039 0.0264 0.06347632 3
0.042 0.0195 0.06009629 4
0.0481 0.024 0.0700972 2
0.0414 0.0221 0.06176714 5
0.0382 0.0155 0.05218076 2
0.0453 0.0244 0.06796432 5
0.0433 0.0269 0.06818527 4
0.0387 0.015 0.0522968 3
0.0496 0.028 0.07571906 4
0.0418 0.029 0.0686919 3
0.0407 0.0258 0.06457225 4
0.0416 0.026 0.06571426 5
0.0337 0.0177 0.04989942 2
0.0393 0.0177 0.05538031 2
0.0313 0.0158 0.04569226 3
0.0401 0.035 0.0727876 2
0.0412 0.0194 0.05887679 2
0.031 0.0223 0.05194025 7
0.0413 0.0184 0.05813972 4
0.0464 0.036 0.0798397 3
0.038 0.0171 0.05378398 6
0.0364 0.0174 0.05228996 2
0.0384 0.0179 0.05467729 2
0.0313 0.0214 0.05109463 2
0.0404 0.0387 0.07671479 2
0.0348 0.0236 0.05680037 2
0.0399 0.0275 0.06537449 2
0.0476 0.0275 0.07288646 2
0.0454 0.0378 0.08056608 1
0.0427 0.0244 0.06517273 3
0.0411 0.0313 0.07026577 2
0.0411 0.0284 0.06742516 3
0.04 0.028 0.065947 1
0.0435 0.0298 0.07114358 5
0.0388 0.0184 0.05554228 1
0.0301 0.0215 0.05000961 2
0.0428 0.0226 0.0636483 4
0.0405 0.0174 0.05643916 3
0.0334 0.0229 0.05476649 5
0.0402 0.0231 0.06148573 3
0.027 0.0193 0.0448242 1
0.0413 0.0202 0.05982333 5
0.0371 0.0184 0.05396234 4
0.0278 0.014 0.040462 3
0.0397 0.0246 0.0624562 2
0.0351 0.0199 0.05337812 3
0.0417 0.0163 0.05639097 2
0.044 0.0296 0.07139966 4
0.0436 0.0184 0.06037969 4
0.025 0.0135 0.03728799 4
0.0415 0.0195 0.05926095 3
0.0417 0.0223 0.06219057 4
0.0438 0.0204 0.06243855 3
0.0449 0.0326 0.07513516 2
0.039 0.0285 0.065455 1
0.0387 0.0294 0.06602932 1
0.0386 0.0232 0.06019912 3
0.0456 0.0246 0.06826094 6
0.0484 0.0406 0.08612296 1
0.0397 0.0182 0.05623436 1
0.0401 0.0187 0.05729133 3
0.0344 0.0185 0.0515381 5
0.0375 0.0255 0.06112478 3
0.0297 0.0221 0.0502028 3
0.0435 0.022 0.0637104 4
0.04 0.0307 0.0685516 3
0.0384 0.0232 0.05988294 3
0.0408 0.0325 0.07108956 4
0.0427 0.0227 0.06362878 3
0.0306 0.0248 0.05374954 3
0.0412 0.0169 0.05646082 1
0.0379 0.0187 0.05500499 3
0.0377 0.0302 0.06582954 2
0.0433 0.0333 0.0742519 2
0.0498 0.0313 0.07867287 2
0.0297 0.0227 0.0508229 4
0.0367 0.0182 0.05329897 3
0.0467 0.0367 0.08077089 2
0.0375 0.0164 0.05242645 3
0.039 0.0225 0.059683 1
0.0291 0.0139 0.04165944 2
0.0501 0.0229 0.0710802 3
0.0338 0.0236 0.05569247 2
0.0384 0.0158 0.0527301 4
0.0401 0.0306 0.06855004 2
0.0449 0.0165 0.05992807 3
0.0354 0.0211 0.05494531 4
0.0426 0.0372 0.07731817 2
0.0412 0.0218 0.06130263 3
0.0416 0.0148 0.05492252 4
0.0369 0.03 0.0648763 2
0.0478 0.0254 0.07107436 3
0.0472 0.0202 0.06561664 2
0.0435 0.0252 0.06693911 4
0.0454 0.0218 0.06546854 4
0.0429 0.0239 0.06501519 5
0.0389 0.0338 0.07045688 1
0.0341 0.0158 0.04841159 2
0.0376 0.022 0.0578608 3
0.0398 0.0221 0.06015272 3
0.042 0.0174 0.05778418 2
0.0463 0.0175 0.0621695 4
0.0453 0.0351 0.07821975 4
0.0406 0.0237 0.0625508 4
0.0365 0.0224 0.05722655 3
0.0449 0.0165 0.05975449 4
0.0395 0.0239 0.06163814 3
0.0453 0.0182 0.06187355 3
0.0535 0.0391 0.0896577 3
0.046 0.0372 0.080571 1
0.0369 0.0252 0.06033308 4
0.0417 0.0322 0.07170139 4
0.0386 0.0273 0.06402992 3
0.0403 0.0227 0.06147826 4
0.0384 0.0158 0.05270716 3
0.0433 0.0324 0.07344675 5
0.0397 0.022 0.0599958 3
0.0349 0.0223 0.05576335 3
0.0501 0.0187 0.06711184 6
0.0352 0.0207 0.05423616 2
0.0392 0.0275 0.06491536 5
0.0401 0.0199 0.05836911 2
0.0368 0.0239 0.05895664 4
0.0331 0.0283 0.05952531 2
0.0396 0.0304 0.06795728 3
0.0314 0.0239 0.0538464 4
0.043 0.033 0.0736568 2
0.0384 0.038 0.07410548 3
0.0403 0.0296 0.06780946 3
0.0441 0.0201 0.06239659 3
0.0484 0.028 0.0742112 4
0.047 0.035 0.079436 1
0.0429 0.0283 0.06906523 3
0.0412 0.0195 0.05898968 3
0.0345 0.0217 0.05476047 5
0.0372 0.0239 0.05933543 3
0.0467 0.0224 0.06727754 2
0.0391 0.0166 0.05427178 3
0.043 0.0252 0.06630264 4
0.0445 0.0218 0.0643952 1
0.0384 0.0206 0.0574237 4
0.0376 0.019 0.054979 3
0.032 0.0269 0.0573207 3
0.0359 0.0169 0.05131704 4
0.0476 0.0389 0.08385974 3
0.0408 0.0283 0.0670171 2
0.0397 0.0254 0.06323204 3
0.039 0.0273 0.0643314 2
0.0472 0.025 0.0701144 2
0.033 0.0202 0.05176339 6
0.0425 0.0269 0.06735697 3
0.0367 0.021 0.05614565 4
0.0417 0.0204 0.06031042 1
0.0408 0.019 0.0580836 1
0.043 0.0293 0.07018312 4
0.0375 0.0302 0.0656999 3
0.0435 0.0237 0.06538876 5
0.0444 0.0185 0.06116954 3
0.0458 0.021 0.064956 2
0.0412 0.0254 0.06475714 3
0.043 0.0174 0.0587932 2
0.0331 0.02 0.0514901 1
0.038 0.0268 0.06287839 3
0.0384 0.0308 0.06710082 2
0.0441 0.02 0.0622925 2
0.04 0.0223 0.06048308 2
0.0412 0.0154 0.0551356 4
0.0409 0.0243 0.0632765 3
0.0424 0.0229 0.06347364 4
0.0407 0.0244 0.06332053 3
0.0411 0.0227 0.06208965 3
0.0357 0.0195 0.0535895 2
0.0339 0.0244 0.05658077 3
0.0492 0.021 0.068297 3
0.0454 0.0363 0.07926563 3
0.0391 0.0254 0.06260519 2
0.0404 0.0185 0.05729915 3
0.0471 0.0359 0.08042707 2
0.0366 0.0155 0.05064716 2
0.0389 0.0268 0.06384373 4
0.04 0.0239 0.06205333 3
0.0382 0.0223 0.05887862 4
0.043 0.0282 0.0690576 1
0.042 0.026 0.06607501 4
0.0425 0.0226 0.06326048 4
0.0449 0.0192 0.06233833 2
0.0417 0.0243 0.06411945 2
0.0415 0.0327 0.07192491 3
0.0425 0.0206 0.06137063 3
0.043 0.0248 0.06605981 4
0.0376 0.0266 0.06228189 2
0.0444 0.0193 0.06208686 4
0.047 0.0346 0.07934168 5
0.0369 0.0243 0.05936353 1
0.0514 0.0306 0.07974644 3
0.038 0.022 0.0584085 5
0.0409 0.0284 0.0672863 2
0.0403 0.0243 0.06268431 1
0.0376 0.0262 0.06198268 3
0.0476 0.0266 0.0721907 3
0.0417 0.0264 0.06636229 4
0.0441 0.025 0.0670928 2
0.0469 0.0301 0.07489323 3
0.0385 0.0232 0.0598897 2
0.0402 0.0318 0.06991312 5
0.0424 0.016 0.05686336 2
0.0485 0.0241 0.07064407 3
0.0429 0.0201 0.06140887 5
0.0457 0.0296 0.07302158 1
0.0454 0.0241 0.06747436 1
0.0475 0.0275 0.07286081 3
0.0425 0.0175 0.0584771 3
0.0439 0.0218 0.06392452 3
0.0434 0.0181 0.05980232 2
0.0459 0.022 0.0659872 2
0.0412 0.0321 0.07107458 2
0.0403 0.0211 0.05967757 2
0.0463 0.0221 0.06647597 2
0.0414 0.0293 0.06857924 2
0.0412 0.038 0.07673182 2
0.0417 0.016 0.05624378 2
0.0516 0.0212 0.07091827 3
0.0444 0.0343 0.07631592 3
0.0382 0.019 0.05556757 3
0.0439 0.0262 0.06815332 4
0.0438 0.0246 0.0665167 3
0.0462 0.0288 0.07283452 2
0.0464 0.0322 0.07619926 3
0.0452 0.0266 0.06968083 2
0.0439 0.0224 0.06439994 2
0.0487 0.0355 0.08159735 2
0.0458 0.0277 0.071354 2
0.0432 0.0275 0.0685817 1
0.0462 0.0239 0.06808022 2
0.0385 0.0211 0.05796111 3
0.0389 0.0251 0.06221938 3
0.0506 0.0372 0.08504305 3
0.047 0.0256 0.07070702 3
0.0445 0.022 0.0646502 2
0.0418 0.0292 0.06885084 2
0.0468 0.0257 0.07041449 4
0.0417 0.0246 0.06436154 4
0.0417 0.0182 0.05821214 2
0.0412 0.0165 0.05617433 3
0.0496 0.0407 0.08737217 2
0.0496 0.021 0.068691 2
0.0474 0.0248 0.07011476 2
0.0401 0.0197 0.05824344 5
0.0479 0.0288 0.07451578 2
0.0366 0.0189 0.05392677 3
0.0417 0.0181 0.05823544 3
0.0386 0.0319 0.06835709 3
0.0403 0.0296 0.06782352 3
0.0474 0.0397 0.08433223 3
0.0501 0.037 0.08437041 2
0.0435 0.0246 0.06627633 3
0.0519 0.0246 0.07433349 3
0.0464 0.0341 0.07812772 4
0.0536 0.0288 0.0800497 4
0.0375 0.032 0.06753443 5
0.0468 0.0296 0.07418132 3
0.0457 0.02 0.0638798 3
0.048 0.0221 0.06815303 2
0.0427 0.0311 0.07157493 4
0.0452 0.0244 0.0678816 6
0.0496 0.0283 0.07560871 3
0.0505 0.0315 0.07957156 4
0.044 0.037 0.07846712 3
0.0413 0.0205 0.06008955 3
0.0447 0.0195 0.06247484 3
0.046 0.0234 0.0674666 3
0.0465 0.0266 0.07105017 3
0.0462 0.0151 0.05980822 3
0.046 0.0391 0.0823855 1
0.0421 0.0319 0.0720936 3
0.0443 0.0293 0.071466 3
0.0449 0.0264 0.06931456 4
0.047 0.0343 0.07882494 3
0.0371 0.0234 0.05876005 4
0.0409 0.0215 0.06062726 2
0.0379 0.0275 0.06342215 1
0.0463 0.0252 0.0695222 3
0.0459 0.0288 0.07245178 1
0.0399 0.0217 0.05980374 2
0.0453 0.0256 0.06886598 4
0.0462 0.0221 0.06676258 7
0.0408 0.0236 0.06258452 3
0.0532 0.0375 0.08783193 2
0.0577 0.0215 0.07731073 3
0.046 0.0209 0.06517832 5
0.0536 0.0447 0.09500138 1
0.0538 0.0283 0.07976308 4
0.0492 0.0306 0.07748872 3
0.0513 0.0445 0.09268938 4
0.0501 0.0209 0.06902291 1
0.0445 0.0243 0.06686037 2
0.0457 0.0306 0.07406721 4
0.0422 0.0317 0.07178034 3
0.0474 0.0327 0.07784092 4
0.0525 0.0364 0.08615739 3
0.0475 0.0256 0.07120128 4
0.0472 0.0189 0.06439495 3
0.0435 0.0298 0.07130015 4
0.0502 0.0318 0.07952006 2
0.0469 0.0362 0.0804971 2
0.0527 0.026 0.07651899 4
0.0505 0.0398 0.08739326 2
0.0489 0.0232 0.07014244 2
0.0526 0.025 0.0755184 3
0.0517 0.0395 0.08833679 2
0.051 0.039 0.08711197 3
0.0455 0.0231 0.06684146 2
0.0478 0.0355 0.08076624 2
0.0544 0.0256 0.07798238 5
0.0457 0.026 0.0695825 1
0.0492 0.0402 0.08656317 3
0.0548 0.0363 0.08836036 5
0.0492 0.0318 0.07859758 5
0.0527 0.0367 0.08670245 5
0.0486 0.036 0.08215814 3
0.0476 0.0273 0.07282652 3
0.0485 0.0316 0.0778352 3
0.0575 0.0346 0.08924948 3
0.0463 0.0324 0.07627758 1
0.0538 0.0355 0.0864784 1
0.0468 0.0271 0.0717777 3
0.0434 0.0258 0.06720295 3
0.0561 0.0391 0.09240727 5
0.0477 0.0273 0.07279687 2
0.0556 0.0226 0.07617184 4
0.0469 0.0275 0.07236993 4
0.0508 0.0375 0.08548668 2
0.0532 0.0364 0.08686419 3
0.052 0.0338 0.08321822 3
0.0564 0.0302 0.08407503 3
0.0496 0.021 0.06897919 5
0.0466 0.0256 0.07025618 2
0.0513 0.0311 0.08020322 3
0.0539 0.0383 0.0892611 2
0.0445 0.0395 0.08146413 5
0.0494 0.0322 0.07915107 3
0.0449 0.0283 0.07114246 4
0.0511 0.033 0.0815256 2
0.042 0.0241 0.06423837 3
0.0532 0.0378 0.08820696 4
0.0481 0.0307 0.07659913 4
0.0612 0.0306 0.08917285 5
0.0517 0.0346 0.08368636 2
0.0523 0.0304 0.0803883 4
0.0503 0.0315 0.07931931 3
0.0527 0.017 0.0678728 1
0.0543 0.0378 0.08914586 2
0.0472 0.0349 0.07965343 4
0.0514 0.0318 0.08064768 1
0.0579 0.0346 0.08961924 2
0.0481 0.032 0.07782866 5
0.0551 0.0318 0.08438387 3
0.0484 0.0296 0.0758767 4
0.0531 0.0377 0.08788793 1
0.0611 0.032 0.0904359 5
0.0538 0.0243 0.07596961 4
0.048 0.0348 0.08024758 2
0.0537 0.0317 0.08289504 3
0.0568 0.0357 0.08964556 4
0.0532 0.0315 0.0823545 5
0.0531 0.037 0.08730122 3
0.0543 0.0243 0.07635811 1
0.0467 0.0378 0.08193437 2
0.0474 0.0273 0.07258913 5
0.0499 0.0311 0.07858511 3
0.0508 0.0424 0.09019762 3
0.0459 0.0231 0.06717787 4
0.0461 0.0348 0.07857895 3
0.0533 0.0293 0.08019352 3
0.0484 0.0275 0.07375296 2
0.056 0.037 0.09005344 3
0.0467 0.0234 0.06850765 6
0.055 0.0336 0.0858613 2
0.0494 0.0288 0.07585448 1
0.0576 0.0451 0.09924612 2
0.0419 0.0313 0.07096073 1
0.0483 0.0318 0.07765856 2
0.0474 0.0309 0.07601382 4
0.048 0.0275 0.07334822 3
0.0553 0.0335 0.08607028 4
0.0531 0.0352 0.08555675 3
0.0444 0.025 0.0675616 5
0.0487 0.041 0.086792 1
0.0548 0.0309 0.08332015 4
0.0448 0.0221 0.06534325 3
0.053 0.036 0.08618 1
0.0463 0.032 0.07591977 3
0.056 0.0275 0.08120448 2
0.0523 0.0298 0.07962644 2
0.0463 0.0361 0.08007298 4
0.0467 0.026 0.07070665 3
0.0486 0.0273 0.07377836 3
0.0543 0.0335 0.08528572 3
0.0528 0.025 0.075948 6
0.0586 0.026 0.08234265 4
0.0498 0.041 0.0878992 4
0.0512 0.0335 0.0821874 2
0.0536 0.0358 0.08674526 6
0.0528 0.0246 0.07522887 2
0.0496 0.0241 0.07165498 3
0.0539 0.0278 0.07941768 4
0.0533 0.0252 0.07653195 3
0.0504 0.0338 0.08171334 4
0.049 0.0418 0.0878416 1
0.0485 0.0338 0.0797666 2
0.0496 0.0286 0.07588072 2
0.0533 0.0335 0.08418881 2
0.0547 0.0355 0.08740927 2
0.0504 0.0234 0.07189523 4
0.0495 0.032 0.07907416 3
0.052 0.0383 0.08748803 3
0.048 0.0277 0.07356646 3
0.0523 0.0309 0.08085437 5
0.0498 0.0338 0.08118058 4
0.0565 0.0392 0.09275668 4
0.0545 0.0237 0.07611171 4
0.0522 0.0173 0.06785357 3
0.0637 0.038 0.09839684 3
0.0546 0.0275 0.07986087 3
0.0531 0.037 0.08736243 4
0.0491 0.0335 0.08005315 2
0.0545 0.0302 0.08227431 4
0.0487 0.031 0.077298 2
0.0494 0.0301 0.07712114 3
0.0456 0.033 0.0764272 3
0.0514 0.0375 0.08626334 3
0.0501 0.0398 0.08702572 2
0.0545 0.0367 0.08830523 3
0.0452 0.0283 0.071444 4
0.049 0.0357 0.08215322 5
0.0456 0.0352 0.07833879 3
0.0553 0.0413 0.09341171 1
0.052 0.0341 0.08370886 4
0.0523 0.0343 0.08396315 4
0.0561 0.0395 0.09249251 2
0.0558 0.0264 0.07993388 3
0.0443 0.0346 0.07650056 2
0.0505 0.028 0.07627608 3
0.0488 0.0226 0.06944096 3
0.0472 0.0367 0.0813336 3
0.0494 0.0322 0.07929495 5
0.0556 0.042 0.09443356 3
0.0518 0.0271 0.07657412 1
0.0514 0.0302 0.07924731 4
0.0454 0.0365 0.07952895 3
0.0511 0.0182 0.06750731 5
0.0554 0.0427 0.09484231 2
0.0495 0.0184 0.0660561 1
0.0565 0.0313 0.08524147 2
0.0554 0.0322 0.08504855 3
0.0501 0.0357 0.08325246 6
0.054 0.0364 0.08760848 4
0.0526 0.0243 0.07489436 6
0.0585 0.0456 0.10055074 3
0.0477 0.029 0.0744743 3
0.0448 0.0325 0.07497395 4
0.0497 0.0339 0.08102813 2
0.0505 0.0213 0.06989959 3
0.0533 0.0474 0.09730166 3
0.0477 0.0273 0.07296603 4
0.0609 0.0374 0.09515692 3
0.0597 0.0333 0.09014432 3
0.0571 0.0486 0.10208404 4
0.0503 0.0333 0.08100761 1
0.0508 0.0333 0.08170632 3
0.0503 0.0296 0.07775319 4
0.0434 0.032 0.0730856 1
0.0527 0.0397 0.08940636 2
0.0465 0.0364 0.0803773 2
0.0553 0.0361 0.08873291 5
0.052 0.0377 0.0868283 1
0.0479 0.0231 0.06911091 2
0.0496 0.0266 0.07398671 3
0.0448 0.0309 0.07358643 6
0.0491 0.0448 0.09086038 2
0.0514 0.036 0.08503055 5
0.0562 0.0315 0.08508647 2
0.0553 0.0277 0.08069086 4
0.0546 0.0194 0.07207382 2
0.0634 0.0472 0.10673612 2
0.0534 0.0231 0.07461159 4
0.056 0.0335 0.08677803 3
0.0533 0.0378 0.08823454 3
0.056 0.0338 0.0870903 5
0.0532 0.0386 0.08898781 4
0.0503 0.0387 0.0861584 2
0.0519 0.0325 0.08197611 6
0.0544 0.0335 0.0851686 2
0.0617 0.0384 0.09692212 4
0.0529 0.0327 0.08322338 4
0.0546 0.0252 0.07760313 3
0.047 0.0349 0.07958899 5
0.0619 0.0326 0.09166719 4
0.0586 0.0349 0.09062633 3
0.0557 0.0367 0.08949912 2
0.0481 0.032 0.07782557 4
0.0494 0.0315 0.07844844 2
0.0579 0.0358 0.09081123 4
0.0537 0.0349 0.08584745 3
0.0493 0.025 0.072416 3
0.051 0.0271 0.07583763 3
0.0551 0.0407 0.09277621 3
0.0527 0.033 0.0832056 2
0.0504 0.028 0.0761193 2
0.0515 0.0398 0.08859001 5
0.0516 0.0271 0.07645035 3
0.0529 0.028 0.07851559 3
0.0559 0.0343 0.08737183 1
0.0512 0.038 0.08652997 3
0.0571 0.037 0.09109765 3
0.0618 0.038 0.0965615 2
0.0538 0.0284 0.07982575 4
0.0582 0.0433 0.09817998 4
0.058 0.0341 0.08927505 3
0.0497 0.025 0.0727152 4
0.0507 0.0327 0.08095453 5
0.0469 0.0258 0.07109114 5
0.053 0.0338 0.0840944 1
0.0595 0.0383 0.09469731 3
0.055 0.0358 0.08801737 3
0.0542 0.0335 0.08499724 2
0.0472 0.0322 0.07712343 4
0.0547 0.038 0.08995836 4
0.0525 0.0387 0.08843485 4
0.0529 0.038 0.08801004 2
0.0532 0.0315 0.08239707 2
0.0586 0.0436 0.09887169 4
0.0575 0.0343 0.08892695 2
0.0516 0.0184 0.06813783 3
0.0558 0.0227 0.07654611 5
0.0436 0.0298 0.07121272 2
0.0601 0.0367 0.09374741 2
0.0536 0.037 0.08792975 5
0.0577 0.0343 0.08930389 2
0.0508 0.0486 0.09609616 3
0.0543 0.032 0.08376395 2
0.0545 0.0301 0.08218096 4
0.046 0.0341 0.07767075 4
0.0562 0.0327 0.08633695 4
0.0543 0.0352 0.08673815 3
0.0516 0.0307 0.07996152 3
0.0549 0.0343 0.086521 3
0.0578 0.0269 0.08227532 3
0.048 0.0383 0.08360615 2
0.0494 0.0309 0.07797113 3
0.0597 0.026 0.08331225 3
0.055 0.0423 0.09409387 3
0.0586 0.037 0.0926047 2
0.0563 0.0367 0.09009507 3
0.0585 0.0311 0.08693075 2
0.0496 0.0229 0.07050793 3
0.0539 0.0449 0.09550814 2
0.0554 0.0302 0.08316701 5
0.0556 0.0343 0.08713618 3
0.0567 0.0442 0.0974988 2
0.0506 0.0262 0.07455008 1
0.058 0.0352 0.09030814 2
0.0571 0.0407 0.09466623 4
0.0512 0.0405 0.0887171 1
0.0428 0.0333 0.07396108 3
0.0543 0.0469 0.09778631 3
0.0569 0.0392 0.09305278 2
0.0547 0.041 0.09264279 4
0.0529 0.0286 0.07925248 3
0.0475 0.0313 0.07673001 2
0.0504 0.0486 0.09564856 1
0.0472 0.0306 0.07562261 5
0.052 0.0448 0.09359248 3
0.0517 0.0327 0.08193804 5
0.0532 0.0395 0.0897335 3
0.0506 0.0271 0.07554725 4
0.0506 0.0335 0.08157692 3
0.0506 0.0325 0.0806008 2
0.0528 0.0292 0.07963239 3
0.0542 0.0445 0.09546572 2
0.0574 0.0296 0.08443701 2
0.0527 0.029 0.0793427 3
0.0531 0.04 0.09050729 7
0.0509 0.0268 0.07553255 2
0.0552 0.0413 0.0935151 4
0.0479 0.0244 0.07048871 4
0.0534 0.0367 0.08739234 4
0.0545 0.0506 0.1014464 1
0.0479 0.0244 0.07025558 2
0.0508 0.0309 0.07932337 3
0.0575 0.0392 0.09356218 2
0.0505 0.0269 0.07537615 4
0.0558 0.0338 0.0869067 3
0.0553 0.0398 0.09204581 2
0.0526 0.0266 0.07697742 3
0.0481 0.0349 0.08047896 2
0.0594 0.0417 0.0978349 4
0.0587 0.0284 0.08456618 3
0.0587 0.0349 0.09091717 3
0.0535 0.0322 0.08307543 2
0.0526 0.0352 0.08518204 4
0.0555 0.0386 0.0911348 3
0.0525 0.0283 0.07864495 3
0.053 0.0417 0.09179833 4
0.0556 0.0372 0.08996891 5
0.052 0.0417 0.0908511 2
0.0615 0.0341 0.09272879 3
0.0606 0.0273 0.0853774 2
0.053 0.0384 0.08848682 2
0.0555 0.0304 0.08339494 2
0.0577 0.0292 0.08438002 2
0.0583 0.0349 0.09055164 3
0.0593 0.042 0.0980245 2
0.0595 0.0465 0.10233825 1
0.0528 0.0306 0.08097592 3
0.0496 0.0389 0.08578121 3
0.0569 0.036 0.09011393 5
0.0622 0.0445 0.1031314 2
0.0577 0.0338 0.08874848 4
0.0527 0.0361 0.08604164 3
0.0572 0.0348 0.08934196 4
0.0516 0.0327 0.08193634 5
0.0568 0.0241 0.07869649 2
0.0603 0.0424 0.09935538 4
0.0593 0.0477 0.10330935 2
0.0535 0.038 0.08859764 2
0.0562 0.0322 0.08569909 2
0.0546 0.043 0.09442692 3
0.0592 0.0421 0.09804194 2
0.0537 0.0302 0.08152322 3
0.0587 0.0178 0.07478432 3
0.0625 0.038 0.09731922 2
0.0581 0.0437 0.09851494 3
0.0566 0.026 0.0802617 3
0.0607 0.0372 0.09476952 2
0.0533 0.0339 0.08451233 2
0.0581 0.0423 0.09720499 5
0.0541 0.0227 0.07508084 6
0.0519 0.038 0.08701918 2
0.0525 0.037 0.08667336 3
0.0524 0.032 0.08193949 3
0.0596 0.0358 0.09238334 2
0.0522 0.0304 0.08019044 3
0.0519 0.0318 0.08113844 2
0.0603 0.0407 0.09779237 3
0.0514 0.041 0.089668 5
0.0567 0.0395 0.09312 3
0.0519 0.0445 0.09328242 2
0.0578 0.0475 0.10172193 3
0.0516 0.0346 0.08366364 5
0.0508 0.0236 0.07249727 3
0.0555 0.0437 0.09592415 2
0.0588 0.0278 0.08417122 3
0.0564 0.0424 0.09552093 2
0.0554 0.032 0.08473065 3
0.0576 0.0386 0.09311839 3
0.0513 0.0427 0.09093486 2
0.0527 0.033 0.0830456 1
0.0523 0.0349 0.08454237 3
0.0546 0.0378 0.08945611 3
0.0501 0.0322 0.07993574 3
0.0612 0.0413 0.09909538 3
0.0563 0.0367 0.09009858 3
0.0574 0.0418 0.09589888 1
0.0511 0.0375 0.08589837 4
0.0598 0.0377 0.09450391 3
0.054 0.0256 0.07758238 3
0.0616 0.0286 0.08765716 4
0.0575 0.0348 0.08950956 2
0.0567 0.037 0.09090762 3
0.0563 0.038 0.0913431 4
0.0576 0.0322 0.08704593 2
0.0506 0.0475 0.09492956 4
0.0523 0.032 0.081737 2
0.0535 0.0355 0.08628507 3
0.057 0.0273 0.08191432 3
0.0586 0.0461 0.10113233 3
0.0516 0.0374 0.08620168 3
0.0545 0.0282 0.08037332 4
0.0529 0.037 0.08709064 3
0.0527 0.037 0.08691353 3
0.0562 0.032 0.08577639 3
0.0529 0.0337 0.08410649 4
0.0536 0.027 0.07833828 4
0.0573 0.041 0.0954016 3
0.0573 0.0304 0.08520795 2
0.0559 0.0479 0.10023845 2
0.0598 0.0413 0.0978065 3
0.0584 0.0335 0.08917189 3
0.0576 0.0386 0.09350776 3
0.0654 0.0395 0.10144492 2
0.0555 0.0343 0.08712592 3
0.0581 0.0437 0.09843562 3
0.0588 0.038 0.09373766 3
0.0549 0.0335 0.08590958 3
0.0564 0.026 0.08003671 2
0.0585 0.0254 0.08159643 2
0.0496 0.0367 0.08375657 4
0.053 0.0278 0.07845624 2
0.0547 0.0266 0.07898023 3
0.0584 0.0338 0.0894985 3
0.057 0.0302 0.08476409 5
0.0549 0.0258 0.07864592 5
0.0546 0.0352 0.08696688 1
0.063 0.029 0.0893144 2
0.0499 0.0407 0.08769817 2
0.0637 0.0306 0.09159819 4
0.0539 0.0262 0.07796432 4
0.0531 0.0367 0.08694003 1
0.0598 0.0461 0.10224812 1
0.0555 0.0278 0.08108445 5
0.0515 0.041 0.0895328 2
0.0623 0.0313 0.09077833 2
0.0562 0.0395 0.09263717 2
0.0531 0.0448 0.0946954 2
0.0566 0.038 0.09155094 2
0.0504 0.0427 0.09028423 4
0.0593 0.0327 0.08924285 3
0.0646 0.0377 0.09901991 3
0.0602 0.032 0.08939288 2
0.058 0.0367 0.09184449 4
0.0503 0.0325 0.08026285 2
0.0526 0.0404 0.08996696 1
0.0565 0.0474 0.10049244 3
0.0591 0.042 0.0977425 3
0.0537 0.0454 0.09586298 4
0.0611 0.0378 0.09580366 3
0.0543 0.037 0.0883866 2
0.0581 0.0465 0.10102627 2
0.0615 0.0401 0.09832727 2
0.0613 0.0343 0.09282712 5
0.0621 0.0386 0.09742972 3
0.0568 0.0398 0.09343496 1
0.0592 0.0258 0.08259233 2
0.0612 0.0343 0.09259383 3
0.0523 0.0339 0.08374221 4
0.0547 0.0349 0.0868472 4
0.0598 0.0278 0.08533855 4
0.0503 0.0456 0.09276247 3
0.0587 0.043 0.09832462 3
0.0584 0.0244 0.08045684 1
0.057 0.0494 0.102815 3
0.0559 0.0318 0.08502756 3
0.0584 0.0322 0.08835249 6
0.0578 0.0454 0.0997347 2
0.0526 0.0361 0.08596768 3
0.0523 0.0451 0.09422848 3
0.0504 0.0434 0.09078163 4
0.0613 0.0392 0.09719654 1
0.06 0.0313 0.08865214 3
0.0504 0.0254 0.07369081 2
0.0557 0.0364 0.08932232 5
0.0544 0.0349 0.08657899 2
0.0595 0.0296 0.08654508 3
0.0555 0.0343 0.08710527 2
0.0553 0.0421 0.0943599 4
0.053 0.0271 0.07781936 2
0.0501 0.033 0.0805752 2
0.0592 0.0341 0.09043603 3
0.0635 0.0234 0.08468863 4
0.0556 0.0304 0.08366634 3
0.0568 0.0348 0.08872937 2
0.0538 0.0386 0.08952875 3
0.0541 0.0352 0.08665339 3
0.057 0.037 0.09116112 3
0.0556 0.0456 0.09819369 4
0.059 0.042 0.09776386 4
0.0531 0.0404 0.09052686 3
0.0482 0.0407 0.08602616 1
0.0591 0.0442 0.09997178 5
0.0541 0.0309 0.08241231 1
0.0569 0.0442 0.09776 3
0.0526 0.0475 0.0967591 2
0.0556 0.0427 0.09502318 1
0.0581 0.0343 0.08953957 3
0.0633 0.0367 0.09719874 5
0.0531 0.038 0.08825519 3
0.0573 0.029 0.08394318 3
0.0488 0.035 0.08123464 2
0.0597 0.0514 0.10716947 3
0.0561 0.0309 0.08446137 4
0.0524 0.03 0.08019855 3
0.0567 0.0326 0.08659439 4
0.0553 0.0427 0.09481325 2
0.0571 0.0404 0.09431005 3
0.0573 0.0327 0.08761201 6
0.0595 0.0529 0.10840233 3
0.053 0.0392 0.08940077 5
0.0513 0.0427 0.09093818 2
0.058 0.038 0.09303742 5
0.0692 0.0498 0.11469746 2
0.0599 0.0407 0.09742171 3
0.068 0.0486 0.1124532 2
0.0611 0.0445 0.1019987 2
0.055 0.033 0.0854528 4
0.0567 0.0343 0.08816787 2
0.0529 0.0346 0.0849166 3
0.052 0.0367 0.08590952 3
0.0591 0.0404 0.09625164 3
0.0603 0.0461 0.10275043 2
0.0598 0.0417 0.09818136 3
0.0577 0.0398 0.09447441 3
0.0566 0.0449 0.09821606 4
0.0517 0.0352 0.08458991 5
0.0571 0.0439 0.09761887 2
0.059 0.0341 0.09019824 2
0.0648 0.0325 0.09444308 3
0.0549 0.0364 0.08863993 5
0.0601 0.038 0.09506303 3
0.0601 0.0367 0.09376837 3
0.0544 0.0355 0.08706322 2
0.0575 0.0325 0.08722025 1
0.0586 0.0327 0.08855296 3
0.0604 0.0417 0.09872778 3
0.0548 0.0386 0.09063083 3
0.0605 0.0475 0.10429955 2
0.0613 0.0413 0.09928984 4
0.0609 0.0398 0.09740685 4
0.0577 0.046 0.10017307 2
0.0511 0.0395 0.08777678 3
0.0567 0.0296 0.08385395 2
0.0565 0.0341 0.08787091 4
0.0595 0.0398 0.09611215 4
0.0534 0.0405 0.09091105 3
0.0563 0.0401 0.09323777 1
0.0627 0.0458 0.10479679 3
0.0568 0.042 0.095627 4
0.0581 0.0361 0.09132075 2
0.054 0.0442 0.095058 3
0.06 0.0404 0.09711674 2
0.0638 0.0468 0.10678608 2
0.06 0.0398 0.09661898 3
0.0563 0.0389 0.09219609 2
0.0526 0.0343 0.08430385 4
0.0602 0.0348 0.09203187 2
0.0577 0.0439 0.09816757 1
0.056 0.033 0.0863336 2
0.0551 0.0436 0.09567794 6
0.0531 0.0322 0.08281597 3
0.0574 0.0439 0.09796138 2
0.0533 0.0335 0.08419152 3
0.0547 0.032 0.08408678 2
0.0578 0.0398 0.09452896 3
0.0553 0.0389 0.09133074 4
0.0521 0.0362 0.0855576 2
0.0538 0.0361 0.08706516 3
0.0544 0.0442 0.09544131 4
0.0576 0.0417 0.09613489 3
0.0559 0.0461 0.09857801 2
0.0539 0.0327 0.08411228 2
0.0519 0.0254 0.07531888 4
0.0613 0.0536 0.11086722 4
0.0599 0.0338 0.09105098 4
0.0616 0.0442 0.10220152 2
0.0655 0.0479 0.10937495 1
0.0544 0.0445 0.0955771 1
0.054 0.0417 0.09262162 4
0.0499 0.0404 0.08748556 3
0.0606 0.0364 0.09389016 1
0.0552 0.028 0.08095958 5
0.0497 0.0407 0.08746661 1
0.0582 0.0372 0.09246322 4
0.0631 0.0439 0.10336431 3
0.0578 0.0405 0.09516402 3
0.0638 0.0503 0.11008621 3
0.0662 0.0449 0.10735024 3
0.0617 0.0271 0.08638799 4
0.0572 0.0448 0.0986786 2
0.0576 0.037 0.09166104 3
0.0557 0.0405 0.0932897 4
0.0568 0.037 0.0907984 2
0.0563 0.0365 0.09007429 4
0.0553 0.033 0.0855624 1
0.0618 0.0413 0.09969674 3
0.0583 0.0343 0.08982948 3
0.0587 0.0364 0.09205742 1
0.0608 0.0296 0.08776591 4
0.0559 0.0465 0.09895425 2
0.0554 0.0424 0.09463409 3
0.0598 0.0398 0.09645172 3
0.0606 0.038 0.09574752 5
0.0594 0.0404 0.09663837 3
0.0585 0.0296 0.0854555 1
0.0562 0.0337 0.08719267 3
0.0608 0.0389 0.0965699 4
0.0615 0.0349 0.0933941 2
0.0644 0.0367 0.09784304 2
0.0588 0.0413 0.09699098 2
0.0579 0.0423 0.09701413 3
0.0562 0.0454 0.098167 2
0.0619 0.0442 0.1024964 3
0.0606 0.0338 0.09155008 4
0.0634 0.0401 0.10021226 2
0.0575 0.0445 0.09855095 2
0.0621 0.032 0.09131409 3
0.0615 0.0322 0.09102787 4
0.0527 0.0352 0.08539236 5
0.0548 0.038 0.08986868 3
0.0674 0.0318 0.09661192 4
0.0575 0.0341 0.08894842 4
0.0606 0.0417 0.098884 2
0.0555 0.0479 0.09984395 1
0.0634 0.0269 0.0878266 3
0.0641 0.0315 0.09269913 3
0.0581 0.0313 0.08673672 3
0.055 0.0335 0.08594045 5
0.0586 0.0338 0.0896903 2
0.0584 0.0262 0.08239376 5
0.063 0.0449 0.104257 3
0.062 0.0318 0.09095354 2
0.066 0.0343 0.09718508 3
0.0584 0.0398 0.09497288 1
0.0576 0.0392 0.09385928 4
0.0606 0.0465 0.10350319 3
0.0536 0.0362 0.08722341 4
0.0606 0.0392 0.0966018 3
0.0591 0.0421 0.09789208 3
0.0591 0.0398 0.09571391 3
0.0606 0.041 0.098432 4
0.0536 0.0333 0.08445256 3
0.0542 0.0472 0.09803251 4
0.0558 0.0322 0.08546521 4
0.0609 0.0454 0.10264044 1
0.0609 0.0415 0.09922989 4
0.066 0.0407 0.10316161 3
0.0552 0.0398 0.09204796 2
0.0585 0.0335 0.08920505 2
0.0586 0.041 0.096308 2
0.0508 0.0278 0.07645997 3
0.0649 0.0482 0.1091487 4
0.0629 0.042 0.10142114 3
0.0557 0.0404 0.09312507 4
0.0513 0.0341 0.08279447 2
0.0627 0.0349 0.09459835 3
0.0549 0.0424 0.09428313 3
0.0553 0.036 0.0884366 2
0.0548 0.0417 0.09359164 5
0.0538 0.037 0.08819392 4
0.0584 0.04 0.09521558 2
0.0554 0.0401 0.09237296 1
0.0528 0.0352 0.08544181 5
0.0588 0.0417 0.09715564 2
0.0522 0.0417 0.09098221 3
0.0521 0.0392 0.08868045 5
0.0627 0.0357 0.09527231 2
0.0552 0.0346 0.08727372 3
0.0576 0.0514 0.105156 2
0.0638 0.0407 0.10108538 2
0.0602 0.0472 0.1038009 3
0.0546 0.0322 0.08439323 2
0.0508 0.0318 0.08036307 4
0.0578 0.0423 0.09700275 3
0.058 0.0506 0.10485243 3
0.0549 0.0427 0.09446474 4
0.0578 0.041 0.0956008 2
0.0556 0.0315 0.08455888 3
0.0611 0.043 0.10060604 2
0.0521 0.0401 0.08931743 5
0.0563 0.0352 0.08867851 3
0.0586 0.0315 0.08741866 2
0.0597 0.033 0.089932 3
0.0555 0.0282 0.08125568 3
0.0617 0.0413 0.0996496 4
0.06 0.0418 0.0984438 3
0.0598 0.037 0.09371344 2
0.0661 0.0527 0.11445076 3
0.0656 0.0445 0.10631687 3
0.0606 0.0468 0.10376212 2
0.0556 0.051 0.1028771 2
0.056 0.0357 0.08889127 3
0.0536 0.0448 0.0951808 3
0.0543 0.0365 0.08813909 2
0.0606 0.0475 0.10444397 4
0.0577 0.0335 0.08873671 7
0.0599 0.0338 0.0908919 3
0.0638 0.0541 0.11356532 1
0.0561 0.03 0.0836796 4
0.0491 0.028 0.07525284 4
0.0467 0.0375 0.08153195 1
0.0575 0.0482 0.10208613 2
0.0635 0.0365 0.0968416 2
0.0594 0.0318 0.08847212 3
0.0597 0.0296 0.08675033 4
0.0611 0.0296 0.08800528 2
0.058 0.049 0.1032648 2
0.0595 0.043 0.09927232 4
0.057 0.0375 0.0916093 4
0.0631 0.0404 0.10005326 1
0.0575 0.0494 0.10317431 2
0.0562 0.0389 0.09202844 2
0.0605 0.0474 0.10421378 3
0.0614 0.0398 0.0978919 2
0.0585 0.0506 0.10545944 3
0.0531 0.0452 0.09531223 5
0.0597 0.0315 0.08857159 3
0.0631 0.0404 0.10014327 3
0.0649 0.0355 0.09731155 3
0.0582 0.0378 0.0930928 5
0.0628 0.042 0.10135558 5
0.0585 0.0404 0.09564549 2
0.0557 0.0335 0.08688772 3
0.0515 0.0475 0.09577218 3
0.0668 0.0346 0.09848984 3
0.0588 0.049 0.104044 3
0.0614 0.0389 0.09730908 4
0.0691 0.0417 0.1071798 4
0.0574 0.0427 0.09683112 3
0.062 0.0335 0.09286263 4
0.0684 0.0523 0.11624238 1
0.0575 0.0454 0.09971045 4
0.0619 0.0405 0.09911904 3
0.0586 0.0417 0.09723143 4
0.0591 0.0458 0.10160268 3
0.0627 0.0557 0.11402501 1
0.0602 0.0313 0.08902844 4
0.0614 0.0413 0.09952242 3
0.0612 0.043 0.10075972 3
0.0589 0.0322 0.08845298 3
0.0578 0.0479 0.1021679 3
0.0661 0.0392 0.10188614 3
0.0612 0.0306 0.08921166 3
0.0528 0.0333 0.08358632 4
0.0606 0.0468 0.10385167 4
0.0578 0.0517 0.10562024 1
0.0642 0.0423 0.10288984 1
0.061 0.0389 0.09680603 3
0.0616 0.0343 0.09288202 1
0.0605 0.043 0.10033532 4
0.0512 0.036 0.08492283 5
0.059 0.0475 0.10291922 2
0.061 0.0532 0.11032813 2
0.06 0.0327 0.09022794 4
0.0609 0.0407 0.09831573 3
0.0623 0.0401 0.09906401 2
0.0611 0.0365 0.094513 3
0.0627 0.041 0.10024808 2
0.0563 0.0468 0.09957644 2
0.0599 0.0442 0.10057928 2
0.0602 0.0427 0.09967379 4
0.0543 0.0372 0.0887791 4
0.0547 0.041 0.0926968 4
0.0584 0.0256 0.08174868 2
0.0513 0.033 0.0820016 4
0.0585 0.0389 0.09436571 2
0.0647 0.0405 0.10178044 4
0.0579 0.033 0.088368 4
0.0526 0.0557 0.10447904 2
0.0581 0.041 0.096016 3
0.0609 0.0465 0.10375272 3
0.056 0.0401 0.09321782 5
0.066 0.0375 0.10020342 3
0.0633 0.0532 0.11226795 2
0.0555 0.0472 0.09950398 4
0.0575 0.038 0.0924697 4
0.0608 0.0407 0.09813779 2
0.0617 0.0439 0.10203289 2
0.0582 0.0417 0.09670075 2
0.066 0.0311 0.09433012 2
0.0577 0.0423 0.09677864 3
0.0612 0.0325 0.09087322 2
0.0608 0.025 0.0837712 8
0.0659 0.0483 0.11014519 2
0.0638 0.0454 0.10541318 2
0.0606 0.048 0.10484369 2
0.059 0.037 0.092948 2
0.064 0.0536 0.1132862 1
0.064 0.0367 0.09748385 3
0.0575 0.0309 0.08599651 5
0.0635 0.0448 0.10463185 2
0.0633 0.04 0.10001018 4
0.0507 0.0407 0.08843327 2
0.0625 0.0439 0.10276307 2
0.0637 0.0451 0.10512628 4
0.0566 0.0472 0.10023812 2
0.0593 0.0335 0.09013896 3
0.0668 0.0452 0.10814758 4
0.0585 0.032 0.08791987 5
0.0549 0.0452 0.09676541 2
0.0587 0.0372 0.09291947 4
0.0546 0.0404 0.09199754 3
0.0591 0.0311 0.08758319 2
0.0607 0.0461 0.10317397 2
0.0631 0.0383 0.0982872 4
0.0665 0.0427 0.10555829 3
0.0542 0.0395 0.09069487 3