../../problems/clp/benchs/BR/BR1.txt -i 1 --min_fr=1.0 0.037400 0.026000
../../problems/clp/benchs/BR/BR1.txt -i 49 --min_fr=1.0 0.032100 0.021900
../../problems/clp/benchs/BR/BR1.txt -i 64 --min_fr=1.0 0.023900 0.019400
../../problems/clp/benchs/BR/BR1.txt -i 71 --min_fr=1.0 0.076700 0.052200
../../problems/clp/benchs/BR/BR1.txt -i 78 --min_fr=1.0 0.052800 0.043800
../../problems/clp/benchs/BR/BR2.txt -i 2 --min_fr=1.0 0.055200 0.044200
../../problems/clp/benchs/BR/BR2.txt -i 26 --min_fr=1.0 0.050300 0.041300
../../problems/clp/benchs/BR/BR2.txt -i 49 --min_fr=1.0 0.028600 0.022300
../../problems/clp/benchs/BR/BR2.txt -i 65 --min_fr=1.0 0.031100 0.022500
../../problems/clp/benchs/BR/BR2.txt -i 81 --min_fr=1.0 0.052800 0.042000
../../problems/clp/benchs/BR/BR2.txt -i 89 --min_fr=1.0 0.050500 0.042000
../../problems/clp/benchs/BR/BR2.txt -i 90 --min_fr=1.0 0.061300 0.040600
../../problems/clp/benchs/BR/BR2.txt -i 98 --min_fr=1.0 0.029600 0.024300
../../problems/clp/benchs/BR/BR2.txt -i 99 --min_fr=1.0 0.040600 0.032500
../../problems/clp/benchs/BR/BR3.txt -i 3 --min_fr=1.0 0.038700 0.032200
../../problems/clp/benchs/BR/BR3.txt -i 7 --min_fr=1.0 0.051300 0.041300
../../problems/clp/benchs/BR/BR3.txt -i 11 --min_fr=1.0 0.052600 0.039500
../../problems/clp/benchs/BR/BR3.txt -i 23 --min_fr=1.0 0.047000 0.038900
../../problems/clp/benchs/BR/BR3.txt -i 28 --min_fr=1.0 0.041700 0.028800
../../problems/clp/benchs/BR/BR3.txt -i 29 --min_fr=1.0 0.041200 0.032400
../../problems/clp/benchs/BR/BR3.txt -i 31 --min_fr=1.0 0.036600 0.025400
../../problems/clp/benchs/BR/BR3.txt -i 48 --min_fr=1.0 0.035000 0.028500
../../problems/clp/benchs/BR/BR3.txt -i 55 --min_fr=1.0 0.033900 0.026500
../../problems/clp/benchs/BR/BR3.txt -i 61 --min_fr=1.0 0.042100 0.033100
../../problems/clp/benchs/BR/BR3.txt -i 64 --min_fr=1.0 0.039100 0.023500
../../problems/clp/benchs/BR/BR3.txt -i 71 --min_fr=1.0 0.041900 0.030500
../../problems/clp/benchs/BR/BR3.txt -i 73 --min_fr=1.0 0.049200 0.038200
../../problems/clp/benchs/BR/BR3.txt -i 88 --min_fr=1.0 0.064200 0.053200
../../problems/clp/benchs/BR/BR3.txt -i 93 --min_fr=1.0 0.036500 0.026900
../../problems/clp/benchs/BR/BR3.txt -i 94 --min_fr=1.0 0.043000 0.035200
../../problems/clp/benchs/BR/BR4.txt -i 0 --min_fr=1.0 0.045500 0.037700
../../problems/clp/benchs/BR/BR4.txt -i 3 --min_fr=1.0 0.036500 0.030100
../../problems/clp/benchs/BR/BR4.txt -i 6 --min_fr=1.0 0.043100 0.033500
../../problems/clp/benchs/BR/BR4.txt -i 7 --min_fr=1.0 0.048200 0.039600
../../problems/clp/benchs/BR/BR4.txt -i 16 --min_fr=1.0 0.054200 0.043400
../../problems/clp/benchs/BR/BR4.txt -i 22 --min_fr=1.0 0.044300 0.035600
../../problems/clp/benchs/BR/BR4.txt -i 27 --min_fr=1.0 0.046800 0.030300
../../problems/clp/benchs/BR/BR4.txt -i 32 --min_fr=1.0 0.036600 0.029900
../../problems/clp/benchs/BR/BR4.txt -i 33 --min_fr=1.0 0.047400 0.039100
../../problems/clp/benchs/BR/BR4.txt -i 37 --min_fr=1.0 0.049000 0.040000
../../problems/clp/benchs/BR/BR4.txt -i 40 --min_fr=1.0 0.046300 0.034000
../../problems/clp/benchs/BR/BR4.txt -i 43 --min_fr=1.0 0.048000 0.040000
../../problems/clp/benchs/BR/BR4.txt -i 62 --min_fr=1.0 0.036500 0.029200
../../problems/clp/benchs/BR/BR4.txt -i 65 --min_fr=1.0 0.042100 0.032700
../../problems/clp/benchs/BR/BR4.txt -i 72 --min_fr=1.0 0.045700 0.035300
../../problems/clp/benchs/BR/BR4.txt -i 73 --min_fr=1.0 0.064000 0.050100
../../problems/clp/benchs/BR/BR4.txt -i 83 --min_fr=1.0 0.052100 0.039400
../../problems/clp/benchs/BR/BR4.txt -i 84 --min_fr=1.0 0.036000 0.028600
../../problems/clp/benchs/BR/BR4.txt -i 88 --min_fr=1.0 0.056900 0.039800
../../problems/clp/benchs/BR/BR4.txt -i 90 --min_fr=1.0 0.041600 0.031400
../../problems/clp/benchs/BR/BR4.txt -i 91 --min_fr=1.0 0.049000 0.037100
../../problems/clp/benchs/BR/BR4.txt -i 93 --min_fr=1.0 0.033600 0.025300
../../problems/clp/benchs/BR/BR4.txt -i 95 --min_fr=1.0 0.041000 0.031300
../../problems/clp/benchs/BR/BR4.txt -i 97 --min_fr=1.0 0.035200 0.029200
../../problems/clp/benchs/BR/BR5.txt -i 0 --min_fr=1.0 0.046300 0.035900
../../problems/clp/benchs/BR/BR5.txt -i 4 --min_fr=1.0 0.043500 0.035500
../../problems/clp/benchs/BR/BR5.txt -i 7 --min_fr=1.0 0.057300 0.046700
../../problems/clp/benchs/BR/BR5.txt -i 14 --min_fr=1.0 0.039100 0.031300
../../problems/clp/benchs/BR/BR5.txt -i 15 --min_fr=1.0 0.047500 0.036800
../../problems/clp/benchs/BR/BR5.txt -i 25 --min_fr=1.0 0.047400 0.035300
../../problems/clp/benchs/BR/BR5.txt -i 28 --min_fr=1.0 0.050500 0.040900
../../problems/clp/benchs/BR/BR5.txt -i 32 --min_fr=1.0 0.035000 0.028300
../../problems/clp/benchs/BR/BR5.txt -i 37 --min_fr=1.0 0.048700 0.035200
../../problems/clp/benchs/BR/BR5.txt -i 53 --min_fr=1.0 0.042800 0.034500
../../problems/clp/benchs/BR/BR5.txt -i 71 --min_fr=1.0 0.051300 0.038200
../../problems/clp/benchs/BR/BR5.txt -i 76 --min_fr=1.0 0.041300 0.034300
../../problems/clp/benchs/BR/BR5.txt -i 77 --min_fr=1.0 0.045000 0.030700
../../problems/clp/benchs/BR/BR5.txt -i 78 --min_fr=1.0 0.044500 0.030100
../../problems/clp/benchs/BR/BR5.txt -i 90 --min_fr=1.0 0.045900 0.036000
../../problems/clp/benchs/BR/BR5.txt -i 92 --min_fr=1.0 0.049200 0.040300
../../problems/clp/benchs/BR/BR5.txt -i 96 --min_fr=1.0 0.051100 0.041700
../../problems/clp/benchs/BR/BR5.txt -i 98 --min_fr=1.0 0.044600 0.036900
../../problems/clp/benchs/BR/BR6.txt -i 1 --min_fr=1.0 0.041400 0.034200
../../problems/clp/benchs/BR/BR6.txt -i 3 --min_fr=1.0 0.047500 0.039100
../../problems/clp/benchs/BR/BR6.txt -i 4 --min_fr=1.0 0.045900 0.034000
../../problems/clp/benchs/BR/BR6.txt -i 5 --min_fr=1.0 0.047300 0.038500
../../problems/clp/benchs/BR/BR6.txt -i 9 --min_fr=1.0 0.049700 0.038400
../../problems/clp/benchs/BR/BR6.txt -i 13 --min_fr=1.0 0.041100 0.033900
../../problems/clp/benchs/BR/BR6.txt -i 21 --min_fr=1.0 0.038000 0.029700
../../problems/clp/benchs/BR/BR6.txt -i 23 --min_fr=1.0 0.053100 0.043200
../../problems/clp/benchs/BR/BR6.txt -i 25 --min_fr=1.0 0.044200 0.031700
../../problems/clp/benchs/BR/BR6.txt -i 29 --min_fr=1.0 0.040700 0.032800
../../problems/clp/benchs/BR/BR6.txt -i 31 --min_fr=1.0 0.046900 0.035000
../../problems/clp/benchs/BR/BR6.txt -i 34 --min_fr=1.0 0.046200 0.037700
../../problems/clp/benchs/BR/BR6.txt -i 35 --min_fr=1.0 0.048700 0.039800
../../problems/clp/benchs/BR/BR6.txt -i 37 --min_fr=1.0 0.045500 0.036800
../../problems/clp/benchs/BR/BR6.txt -i 45 --min_fr=1.0 0.050600 0.041400
../../problems/clp/benchs/BR/BR6.txt -i 50 --min_fr=1.0 0.042900 0.034500
../../problems/clp/benchs/BR/BR6.txt -i 56 --min_fr=1.0 0.042400 0.034800
../../problems/clp/benchs/BR/BR6.txt -i 58 --min_fr=1.0 0.038100 0.028900
../../problems/clp/benchs/BR/BR6.txt -i 61 --min_fr=1.0 0.047500 0.034900
../../problems/clp/benchs/BR/BR6.txt -i 62 --min_fr=1.0 0.050300 0.041100
../../problems/clp/benchs/BR/BR6.txt -i 66 --min_fr=1.0 0.051200 0.039000
../../problems/clp/benchs/BR/BR6.txt -i 74 --min_fr=1.0 0.037400 0.030000
../../problems/clp/benchs/BR/BR6.txt -i 75 --min_fr=1.0 0.046400 0.036800
../../problems/clp/benchs/BR/BR6.txt -i 76 --min_fr=1.0 0.046400 0.035200
../../problems/clp/benchs/BR/BR6.txt -i 77 --min_fr=1.0 0.042700 0.034700
../../problems/clp/benchs/BR/BR6.txt -i 81 --min_fr=1.0 0.048500 0.039500
../../problems/clp/benchs/BR/BR6.txt -i 88 --min_fr=1.0 0.050100 0.041200
../../problems/clp/benchs/BR/BR6.txt -i 95 --min_fr=1.0 0.038900 0.031000
../../problems/clp/benchs/BR/BR7.txt -i 0 --min_fr=1.0 0.054200 0.041400
../../problems/clp/benchs/BR/BR7.txt -i 2 --min_fr=1.0 0.047600 0.035100
../../problems/clp/benchs/BR/BR7.txt -i 6 --min_fr=1.0 0.054700 0.042300
../../problems/clp/benchs/BR/BR7.txt -i 7 --min_fr=1.0 0.052000 0.041400
../../problems/clp/benchs/BR/BR7.txt -i 9 --min_fr=1.0 0.053200 0.040400
../../problems/clp/benchs/BR/BR7.txt -i 12 --min_fr=1.0 0.054300 0.040800
../../problems/clp/benchs/BR/BR7.txt -i 17 --min_fr=1.0 0.060200 0.049400
../../problems/clp/benchs/BR/BR7.txt -i 22 --min_fr=1.0 0.051700 0.039600
../../problems/clp/benchs/BR/BR7.txt -i 31 --min_fr=1.0 0.043700 0.032200
../../problems/clp/benchs/BR/BR7.txt -i 36 --min_fr=1.0 0.051500 0.036400
../../problems/clp/benchs/BR/BR7.txt -i 38 --min_fr=1.0 0.042700 0.033900
../../problems/clp/benchs/BR/BR7.txt -i 40 --min_fr=1.0 0.048200 0.036400
../../problems/clp/benchs/BR/BR7.txt -i 43 --min_fr=1.0 0.045500 0.035900
../../problems/clp/benchs/BR/BR7.txt -i 48 --min_fr=1.0 0.056400 0.041100
../../problems/clp/benchs/BR/BR7.txt -i 51 --min_fr=1.0 0.053900 0.043400
../../problems/clp/benchs/BR/BR7.txt -i 52 --min_fr=1.0 0.046100 0.037200
../../problems/clp/benchs/BR/BR7.txt -i 55 --min_fr=1.0 0.060000 0.045500
../../problems/clp/benchs/BR/BR7.txt -i 57 --min_fr=1.0 0.047100 0.039000
../../problems/clp/benchs/BR/BR7.txt -i 60 --min_fr=1.0 0.053800 0.044700
../../problems/clp/benchs/BR/BR7.txt -i 62 --min_fr=1.0 0.055300 0.041200
../../problems/clp/benchs/BR/BR7.txt -i 65 --min_fr=1.0 0.052400 0.042600
../../problems/clp/benchs/BR/BR7.txt -i 66 --min_fr=1.0 0.053300 0.039900
../../problems/clp/benchs/BR/BR7.txt -i 77 --min_fr=1.0 0.049800 0.040700
../../problems/clp/benchs/BR/BR7.txt -i 78 --min_fr=1.0 0.048600 0.035100
../../problems/clp/benchs/BR/BR7.txt -i 81 --min_fr=1.0 0.058000 0.048200
../../problems/clp/benchs/BR/BR7.txt -i 83 --min_fr=1.0 0.046500 0.037700
../../problems/clp/benchs/BR/BR7.txt -i 86 --min_fr=1.0 0.046700 0.036100
../../problems/clp/benchs/BR/BR7.txt -i 88 --min_fr=1.0 0.059200 0.045100
../../problems/clp/benchs/BR/BR7.txt -i 90 --min_fr=1.0 0.059800 0.045500
../../problems/clp/benchs/BR/BR7.txt -i 92 --min_fr=1.0 0.052700 0.043900
../../problems/clp/benchs/BR/BR7.txt -i 93 --min_fr=1.0 0.042900 0.033800
../../problems/clp/benchs/BR/BR7.txt -i 95 --min_fr=1.0 0.049800 0.041200
../../problems/clp/benchs/BR/BR8.txt -i 3 --min_fr=0.98 0.065400 0.043700
../../problems/clp/benchs/BR/BR8.txt -i 5 --min_fr=0.98 0.056200 0.046000
../../problems/clp/benchs/BR/BR8.txt -i 12 --min_fr=0.98 0.057100 0.046800
../../problems/clp/benchs/BR/BR8.txt -i 13 --min_fr=0.98 0.056000 0.046500
../../problems/clp/benchs/BR/BR8.txt -i 15 --min_fr=0.98 0.054600 0.042300
../../problems/clp/benchs/BR/BR8.txt -i 19 --min_fr=0.98 0.057100 0.047500
../../problems/clp/benchs/BR/BR8.txt -i 22 --min_fr=0.98 0.055300 0.041400
../../problems/clp/benchs/BR/BR8.txt -i 27 --min_fr=0.98 0.052100 0.043300
../../problems/clp/benchs/BR/BR8.txt -i 33 --min_fr=0.98 0.053000 0.043200
../../problems/clp/benchs/BR/BR8.txt -i 43 --min_fr=0.98 0.053200 0.041300
../../problems/clp/benchs/BR/BR8.txt -i 47 --min_fr=0.98 0.054600 0.044800
../../problems/clp/benchs/BR/BR8.txt -i 48 --min_fr=0.98 0.056300 0.046500
../../problems/clp/benchs/BR/BR8.txt -i 57 --min_fr=0.98 0.054900 0.044100
../../problems/clp/benchs/BR/BR8.txt -i 63 --min_fr=0.98 0.062600 0.051300
../../problems/clp/benchs/BR/BR8.txt -i 69 --min_fr=0.98 0.066700 0.051300
../../problems/clp/benchs/BR/BR8.txt -i 74 --min_fr=0.98 0.058500 0.043900
../../problems/clp/benchs/BR/BR8.txt -i 78 --min_fr=0.98 0.055000 0.043000
../../problems/clp/benchs/BR/BR8.txt -i 89 --min_fr=0.98 0.051200 0.042000
../../problems/clp/benchs/BR/BR9.txt -i 0 --min_fr=0.98 0.057800 0.042500
../../problems/clp/benchs/BR/BR9.txt -i 5 --min_fr=0.98 0.059600 0.049300
../../problems/clp/benchs/BR/BR9.txt -i 18 --min_fr=0.98 0.055600 0.046100
../../problems/clp/benchs/BR/BR9.txt -i 21 --min_fr=0.98 0.061000 0.049900
../../problems/clp/benchs/BR/BR9.txt -i 22 --min_fr=0.98 0.060000 0.047300
../../problems/clp/benchs/BR/BR9.txt -i 30 --min_fr=0.98 0.057100 0.044100
../../problems/clp/benchs/BR/BR9.txt -i 38 --min_fr=0.98 0.066900 0.053000
../../problems/clp/benchs/BR/BR9.txt -i 43 --min_fr=0.98 0.063100 0.047300
../../problems/clp/benchs/BR/BR9.txt -i 53 --min_fr=0.98 0.061100 0.049700
../../problems/clp/benchs/BR/BR9.txt -i 58 --min_fr=0.98 0.060100 0.047500
../../problems/clp/benchs/BR/BR9.txt -i 64 --min_fr=0.98 0.055500 0.046000
../../problems/clp/benchs/BR/BR9.txt -i 65 --min_fr=0.98 0.054900 0.044300
../../problems/clp/benchs/BR/BR9.txt -i 66 --min_fr=0.98 0.062100 0.047000
../../problems/clp/benchs/BR/BR9.txt -i 67 --min_fr=0.98 0.061500 0.050000
../../problems/clp/benchs/BR/BR9.txt -i 76 --min_fr=0.98 0.059800 0.045800
../../problems/clp/benchs/BR/BR9.txt -i 78 --min_fr=0.98 0.055400 0.042900
../../problems/clp/benchs/BR/BR9.txt -i 82 --min_fr=0.98 0.059900 0.048100
../../problems/clp/benchs/BR/BR9.txt -i 93 --min_fr=0.98 0.054300 0.043600
../../problems/clp/benchs/BR/BR10.txt -i 1 --min_fr=0.98 0.057300 0.046100
../../problems/clp/benchs/BR/BR10.txt -i 22 --min_fr=0.98 0.062500 0.048300
../../problems/clp/benchs/BR/BR10.txt -i 23 --min_fr=0.98 0.068200 0.048800
../../problems/clp/benchs/BR/BR10.txt -i 38 --min_fr=0.98 0.065900 0.054500
../../problems/clp/benchs/BR/BR10.txt -i 41 --min_fr=0.98 0.057600 0.047900
../../problems/clp/benchs/BR/BR10.txt -i 45 --min_fr=0.98 0.064400 0.053000
../../problems/clp/benchs/BR/BR10.txt -i 54 --min_fr=0.98 0.061100 0.050900
../../problems/clp/benchs/BR/BR10.txt -i 57 --min_fr=0.98 0.054600 0.044900
../../problems/clp/benchs/BR/BR10.txt -i 64 --min_fr=0.98 0.060600 0.048900
../../problems/clp/benchs/BR/BR10.txt -i 69 --min_fr=0.98 0.064100 0.049000
../../problems/clp/benchs/BR/BR10.txt -i 89 --min_fr=0.98 0.062500 0.045700
../../problems/clp/benchs/BR/BR10.txt -i 92 --min_fr=0.98 0.060500 0.043900
../../problems/clp/benchs/BR/BR10.txt -i 98 --min_fr=0.98 0.068100 0.049900
../../problems/clp/benchs/BR/BR11.txt -i 1 --min_fr=0.98 0.055800 0.040200
../../problems/clp/benchs/BR/BR11.txt -i 2 --min_fr=0.98 0.064900 0.048000
../../problems/clp/benchs/BR/BR11.txt -i 9 --min_fr=0.98 0.061500 0.045600
../../problems/clp/benchs/BR/BR11.txt -i 12 --min_fr=0.98 0.063200 0.052600
../../problems/clp/benchs/BR/BR11.txt -i 15 --min_fr=0.98 0.060100 0.047600
../../problems/clp/benchs/BR/BR11.txt -i 17 --min_fr=0.98 0.063100 0.050400
../../problems/clp/benchs/BR/BR11.txt -i 22 --min_fr=0.98 0.054900 0.045100
../../problems/clp/benchs/BR/BR11.txt -i 28 --min_fr=0.98 0.069100 0.054800
../../problems/clp/benchs/BR/BR11.txt -i 30 --min_fr=0.98 0.056200 0.046700
../../problems/clp/benchs/BR/BR11.txt -i 35 --min_fr=0.98 0.065100 0.049900
../../problems/clp/benchs/BR/BR11.txt -i 37 --min_fr=0.98 0.063900 0.052400
../../problems/clp/benchs/BR/BR11.txt -i 38 --min_fr=0.98 0.070600 0.054800
../../problems/clp/benchs/BR/BR11.txt -i 57 --min_fr=0.98 0.060300 0.046200
../../problems/clp/benchs/BR/BR11.txt -i 74 --min_fr=0.98 0.067700 0.053000
../../problems/clp/benchs/BR/BR11.txt -i 80 --min_fr=0.98 0.064400 0.052800
../../problems/clp/benchs/BR/BR11.txt -i 82 --min_fr=0.98 0.059600 0.049400
../../problems/clp/benchs/BR/BR11.txt -i 83 --min_fr=0.98 0.064200 0.051900
../../problems/clp/benchs/BR/BR11.txt -i 95 --min_fr=0.98 0.060100 0.049300
../../problems/clp/benchs/BR/BR12.txt -i 2 --min_fr=0.98 0.069300 0.057200
../../problems/clp/benchs/BR/BR12.txt -i 5 --min_fr=0.98 0.068200 0.055700
../../problems/clp/benchs/BR/BR12.txt -i 7 --min_fr=0.98 0.063600 0.051700
../../problems/clp/benchs/BR/BR12.txt -i 11 --min_fr=0.98 0.067800 0.054000
../../problems/clp/benchs/BR/BR12.txt -i 13 --min_fr=0.98 0.065900 0.054500
../../problems/clp/benchs/BR/BR12.txt -i 21 --min_fr=0.98 0.071600 0.053500
../../problems/clp/benchs/BR/BR12.txt -i 22 --min_fr=0.98 0.057800 0.047700
../../problems/clp/benchs/BR/BR12.txt -i 40 --min_fr=0.98 0.060100 0.049500
../../problems/clp/benchs/BR/BR12.txt -i 48 --min_fr=0.98 0.065700 0.052900
../../problems/clp/benchs/BR/BR12.txt -i 49 --min_fr=0.98 0.066700 0.051400
../../problems/clp/benchs/BR/BR12.txt -i 59 --min_fr=0.98 0.068800 0.050000
../../problems/clp/benchs/BR/BR12.txt -i 76 --min_fr=0.98 0.060400 0.046100
../../problems/clp/benchs/BR/BR12.txt -i 78 --min_fr=0.98 0.064300 0.051400
../../problems/clp/benchs/BR/BR12.txt -i 81 --min_fr=0.98 0.072900 0.056500
../../problems/clp/benchs/BR/BR12.txt -i 82 --min_fr=0.98 0.058800 0.044400
../../problems/clp/benchs/BR/BR13.txt -i 1 --min_fr=0.98 0.069600 0.056600
../../problems/clp/benchs/BR/BR13.txt -i 8 --min_fr=0.98 0.063500 0.051100
../../problems/clp/benchs/BR/BR13.txt -i 24 --min_fr=0.98 0.068200 0.052200
../../problems/clp/benchs/BR/BR13.txt -i 25 --min_fr=0.98 0.070600 0.054500
../../problems/clp/benchs/BR/BR13.txt -i 26 --min_fr=0.98 0.072900 0.055800
../../problems/clp/benchs/BR/BR13.txt -i 28 --min_fr=0.98 0.066100 0.053700
../../problems/clp/benchs/BR/BR13.txt -i 31 --min_fr=0.98 0.063200 0.048800
../../problems/clp/benchs/BR/BR13.txt -i 34 --min_fr=0.98 0.064900 0.051100
../../problems/clp/benchs/BR/BR13.txt -i 36 --min_fr=0.98 0.066500 0.048200
../../problems/clp/benchs/BR/BR13.txt -i 62 --min_fr=0.98 0.063800 0.050800
../../problems/clp/benchs/BR/BR13.txt -i 77 --min_fr=0.98 0.067700 0.052700
../../problems/clp/benchs/BR/BR13.txt -i 78 --min_fr=0.98 0.068700 0.051800
../../problems/clp/benchs/BR/BR13.txt -i 93 --min_fr=0.98 0.066400 0.050900
../../problems/clp/benchs/BR/BR13.txt -i 98 --min_fr=0.98 0.064900 0.051500
../../problems/clp/benchs/BR/BR14.txt -i 5 --min_fr=0.98 0.071800 0.056900
../../problems/clp/benchs/BR/BR14.txt -i 8 --min_fr=0.98 0.062800 0.050200
../../problems/clp/benchs/BR/BR14.txt -i 9 --min_fr=0.98 0.065700 0.052800
../../problems/clp/benchs/BR/BR14.txt -i 16 --min_fr=0.98 0.060100 0.049300
../../problems/clp/benchs/BR/BR14.txt -i 18 --min_fr=0.98 0.065600 0.052200
../../problems/clp/benchs/BR/BR14.txt -i 29 --min_fr=0.98 0.068300 0.051300
../../problems/clp/benchs/BR/BR14.txt -i 33 --min_fr=0.98 0.068800 0.056000
../../problems/clp/benchs/BR/BR14.txt -i 39 --min_fr=0.98 0.076400 0.057800
../../problems/clp/benchs/BR/BR14.txt -i 43 --min_fr=0.98 0.068600 0.043100
../../problems/clp/benchs/BR/BR14.txt -i 44 --min_fr=0.98 0.070900 0.058900
../../problems/clp/benchs/BR/BR14.txt -i 46 --min_fr=0.98 0.064600 0.051500
../../problems/clp/benchs/BR/BR14.txt -i 49 --min_fr=0.98 0.063400 0.047500
../../problems/clp/benchs/BR/BR14.txt -i 53 --min_fr=0.98 0.062600 0.046500
../../problems/clp/benchs/BR/BR14.txt -i 65 --min_fr=0.98 0.062700 0.051900
../../problems/clp/benchs/BR/BR14.txt -i 68 --min_fr=0.98 0.061800 0.050100
../../problems/clp/benchs/BR/BR14.txt -i 77 --min_fr=0.98 0.070300 0.057200
../../problems/clp/benchs/BR/BR14.txt -i 79 --min_fr=0.98 0.072500 0.059500
../../problems/clp/benchs/BR/BR14.txt -i 85 --min_fr=0.98 0.061900 0.050400
../../problems/clp/benchs/BR/BR14.txt -i 92 --min_fr=0.98 0.064600 0.050700
../../problems/clp/benchs/BR/BR14.txt -i 93 --min_fr=0.98 0.056800 0.046800
../../problems/clp/benchs/BR/BR15.txt -i 0 --min_fr=0.98 0.060900 0.050700
../../problems/clp/benchs/BR/BR15.txt -i 8 --min_fr=0.98 0.063500 0.051300
../../problems/clp/benchs/BR/BR15.txt -i 10 --min_fr=0.98 0.071600 0.059000
../../problems/clp/benchs/BR/BR15.txt -i 12 --min_fr=0.98 0.066200 0.053200
../../problems/clp/benchs/BR/BR15.txt -i 19 --min_fr=0.98 0.067100 0.054000
../../problems/clp/benchs/BR/BR15.txt -i 22 --min_fr=0.98 0.062800 0.048900
../../problems/clp/benchs/BR/BR15.txt -i 23 --min_fr=0.98 0.074000 0.052200
../../problems/clp/benchs/BR/BR15.txt -i 24 --min_fr=0.98 0.066400 0.052200
../../problems/clp/benchs/BR/BR15.txt -i 32 --min_fr=0.98 0.063000 0.050000
../../problems/clp/benchs/BR/BR15.txt -i 34 --min_fr=0.98 0.069700 0.050900
../../problems/clp/benchs/BR/BR15.txt -i 38 --min_fr=0.98 0.067800 0.053300
../../problems/clp/benchs/BR/BR15.txt -i 39 --min_fr=0.98 0.069600 0.055000
../../problems/clp/benchs/BR/BR15.txt -i 43 --min_fr=0.98 0.065100 0.048400
../../problems/clp/benchs/BR/BR15.txt -i 48 --min_fr=0.98 0.071300 0.058900
../../problems/clp/benchs/BR/BR15.txt -i 49 --min_fr=0.98 0.070500 0.058600
../../problems/clp/benchs/BR/BR15.txt -i 55 --min_fr=0.98 0.065500 0.053500
../../problems/clp/benchs/BR/BR15.txt -i 58 --min_fr=0.98 0.069600 0.055000
../../problems/clp/benchs/BR/BR15.txt -i 63 --min_fr=0.98 0.072500 0.059600
../../problems/clp/benchs/BR/BR15.txt -i 70 --min_fr=0.98 0.070800 0.055300
../../problems/clp/benchs/BR/BR15.txt -i 72 --min_fr=0.98 0.062500 0.046300
../../problems/clp/benchs/BR/BR15.txt -i 75 --min_fr=0.98 0.068800 0.057000
../../problems/clp/benchs/BR/BR15.txt -i 77 --min_fr=0.98 0.066500 0.054000
../../problems/clp/benchs/BR/BR15.txt -i 91 --min_fr=0.98 0.063800 0.051700
../../problems/clp/benchs/BR/BR15.txt -i 93 --min_fr=0.98 0.065500 0.050300
