0.0844 0.083 0.1595612 1
0.0375 0.0369 0.07208965 1
0.2114 0.2067 0.37382072 1
0.1801 0.1734 0.32162316 1
0.0771 0.0751 0.14556099 1
0.1799 0.1749 0.32268929 1
0.1478 0.1439 0.26972228 1
0.0863 0.0836 0.16185422 1
0.0777 0.0677 0.13928411 1
0.2242 0.2232 0.39680496 1
0.2355 0.2296 0.4104933 1
0.0652 0.059 0.1194764 1
0.0273 0.0259 0.05154513 1
0.0325 0.0313 0.06184555 1
0.0812 0.0771 0.15119678 1
0.165 0.1639 0.3011844 1
0.0777 0.0751 0.14611653 1
0.0543 0.0524 0.10296038 1
0.0398 0.0384 0.07574888 1
0.0508 0.0502 0.09754984 1
0.1278 0.123 0.2343304 1
0.0897 0.0824 0.16387982 1
0.3457 0.3447 0.57092661 1
0.1472 0.1414 0.26707352 1
0.0494 0.0482 0.09431552 1
0.1108 0.1093 0.20720866 1
0.1373 0.1351 0.25312217 1
0.0844 0.0833 0.15983618 1
0.1211 0.121 0.226688 1
0.0811 0.0804 0.15414006 1
0.0889 0.0873 0.16761423 1
0.0508 0.0436 0.09127852 1
0.0171 0.0171 0.03294079 1
0.0357 0.0352 0.06871326 1
0.0524 0.052 0.1007786 1
0.0684 0.0674 0.13032464 1
0.049 0.0431 0.0890792 1
0.2212 0.2141 0.38737538 1
0.0916 0.0906 0.17308224 1
0.057 0.0551 0.1080704 1
0.0551 0.041 0.092936 1
0.1506 0.1505 0.2777348 1
0.1342 0.126 0.24255 1
0.1379 0.1348 0.25338278 1
0.0514 0.051 0.09888 1
0.0462 0.0429 0.08620612 1
0.076 0.0724 0.142045 1
0.1155 0.1121 0.21387905 1
0.0603 0.0598 0.11561316 1
0.0158 0.0138 0.02841056 1
0.061 0.0568 0.113452 1
0.1037 0.101 0.19343 1
0.0325 0.0321 0.06262035 1
0.2137 0.2123 0.38005649 1
0.2662 0.2642 0.45959936 1
0.067 0.0638 0.1256552 1
0.0771 0.0754 0.14583816 1
0.0778 0.0668 0.13854656 1
0.0283 0.0252 0.05183934 1
0.0376 0.0336 0.06900684 1
0.1497 0.1439 0.27135077 1
0.063 0.0598 0.1181544 1
0.109 0.0998 0.1971296 1
0.1008 0.0994 0.18937968 1
0.0885 0.0867 0.16670125 1
0.0767 0.076 0.1460225 1
0.0829 0.0812 0.15653162 1
0.0218 0.02 0.0404048 1
0.0719 0.069 0.1350788 1
0.0772 0.0761 0.14657738 1
0.1785 0.1721 0.31922975 1
0.1354 0.126 0.2436 1
0.08 0.0742 0.1474172 1
0.1441 0.1416 0.26458014 1
0.1788 0.1775 0.3239183 1
0.0369 0.0365 0.07112555 1
0.0829 0.0779 0.15350189 1
0.0741 0.071 0.138983 1
0.0429 0.0387 0.07902037 1
0.0512 0.0506 0.09831008 1
0.0479 0.0376 0.08278346 1
0.0976 0.0949 0.18242926 1
0.0551 0.0465 0.09813845 1
0.0821 0.0751 0.15019049 1
0.0324 0.0322 0.06262032 1
0.0686 0.0678 0.13088432 1
0.056 0.0538 0.105896 1
0.0837 0.081 0.157084 1
0.3597 0.3524 0.58505282 1
0.0617 0.0583 0.11552189 1
0.0585 0.0542 0.108641 1
0.1275 0.1177 0.22943745 1
0.0679 0.0672 0.12967122 1
0.097 0.0896 0.1770944 1
0.1348 0.1312 0.24757924 1
0.0232 0.0219 0.04363602 1
0.0661 0.0626 0.12368984 1
0.0439 0.038 0.0793127 1
0.0233 0.0216 0.04344062 1
0.0936 0.0908 0.17508452 1
0.0533 0.0416 0.09188543 3
0.0349 0.0054 0.03946157 3
0.0746 0.0624 0.13156817 4
0.0705 0.0363 0.10354753 3
0.0489 0.0354 0.08165278 3
0.0454 0.0394 0.08214029 4
0.0479 0.0045 0.05123585 1
0.0234 0.0117 0.03387744 3
0.0603 0.031 0.08871822 3
0.0516 0.0167 0.06676577 9
0.0614 0.0359 0.09489298 6
0.0517 0.0251 0.07477445 3
0.025 0.0084 0.03224491 3
0.0385 0.0125 0.04968752 2
0.0287 0.0238 0.05086844 1
0.038 0.0297 0.0656464 3
0.0221 0.0041 0.02524943 5
0.0871 0.0278 0.11173772 2
0.0481 0.0059 0.05296543 5
0.0508 0.0057 0.05545317 5
0.0541 0.014 0.06692116 3
0.0433 0.0241 0.06542287 1
0.0448 0.0348 0.07714986 4
0.0498 0.0101 0.05876259 3
0.0438 0.0386 0.07979644 2
0.0546 0.0286 0.08074477 4
0.068 0.0565 0.11979007 5
0.0512 0.0211 0.07029866 2
0.0341 0.018 0.0505373 1
0.0319 0.0204 0.05070166 2
0.04 0.0347 0.07240821 4
0.0282 0.0241 0.05072117 7
0.0242 0.0144 0.03728912 1
0.0516 0.0195 0.0691657 2
0.0586 0.0124 0.06960774 8
0.0312 0.0085 0.03853174 3
0.0435 0.0409 0.08171085 2
0.0781 0.0611 0.13372198 4
0.0352 0.0127 0.04661204 7
0.0324 0.0163 0.04721958 1
0.0524 0.0126 0.06371623 4
0.0325 0.0261 0.05685468 5
0.0392 0.017 0.0545888 1
0.0975 0.059 0.1499974 5
0.0376 0.0107 0.04702426 3
0.0581 0.0344 0.0896056 3
0.0381 0.0116 0.04830891 3
0.0358 0.0046 0.0393407 6
0.0483 0.0214 0.06791903 5
0.0219 0.0107 0.03158514 5
0.0266 0.0076 0.03307382 2
0.0452 0.0249 0.06807242 2
0.082 0.0868 0.16085263 2
0.0433 0.0309 0.07208631 6
0.0692 0.0089 0.07656122 1
0.0284 0.0094 0.03658312 9
0.045 0.0044 0.048292 5
0.0641 0.0015 0.0650926 4
0.0273 0.0162 0.04210294 4
0.0424 0.0274 0.06782162 4
0.0382 0.0149 0.05162959 4
0.0486 0.0117 0.05896362 4
0.0607 0.0321 0.0901216 5
0.0349 0.0214 0.05501523 6
0.0215 0.0038 0.02428666 11
0.0264 0.0209 0.04579454 1
0.0367 0.0309 0.06556989 3
0.0332 0.0319 0.06310502 1
0.0607 0.0284 0.08658523 6
0.086 0.0092 0.09359008 2
0.0421 0.0398 0.07930532 1
0.0737 0.0313 0.1019733 4
0.0777 0.0501 0.12304312 3
0.0451 0.0301 0.07291957 2
0.0555 0.0221 0.07549196 3
0.0283 0.0082 0.03535334 4
0.0232 0.0181 0.03992038 1
0.041 0.0255 0.0645667 3
0.0528 0.0094 0.0612191 4
0.0382 0.0127 0.04956751 4
0.0628 0.0496 0.10840485 2
0.0432 0.0287 0.0697487 4
0.0309 0.004 0.0338713 3
0.0595 0.0443 0.10034804 2
0.0196 0.0087 0.02718941 3
0.0355 0.0237 0.05757015 3
0.0634 0.0279 0.08875388 3
0.0472 0.0233 0.06861752 5
0.0962 0.0688 0.15759431 3
0.0686 0.0109 0.07807386 4
0.0283 0.0047 0.03199064 7
0.0501 0.0384 0.08568899 2
0.0412 0.0144 0.05410428 3
0.036 0.0014 0.03640504 3
0.0397 0.0143 0.05257853 2
0.0328 0.0282 0.05915157 2
0.0513 0.0089 0.05882288 2
0.0305 0.0312 0.05983118 2
0.0491 0.0271 0.07399151 2
0.0282 0.0101 0.03717335 6
0.0384 0.0152 0.0521514 4
0.0424 0.0178 0.05852953 3
0.0492 0.0287 0.07557902 4
0.0456 0.0151 0.05911659 5
0.0361 0.0048 0.03995187 7
0.0345 0.02 0.05287268 4
0.0298 0.0064 0.03508902 3
0.037 0.0084 0.04444787 6
0.0411 0.0287 0.06770771 3
0.0285 0.0047 0.03215396 5
0.0374 0.0139 0.04991808 3
0.0408 0.0087 0.04825244 3
0.0333 0.0087 0.04075701 3
0.036 0.0171 0.05166421 2
0.0296 0.0026 0.03144021 5
0.0402 0.0138 0.05256434 6
0.0296 0.0112 0.03960391 4
0.0504 0.0158 0.06450012 2
0.0448 0.0186 0.06163812 2
0.0416 0.0185 0.05851584 4
0.0515 0.0169 0.06683501 5
0.0517 0.0106 0.0608731 4
0.086 0.0204 0.10377365 2
0.0526 0.0085 0.05978448 3
0.0391 0.0091 0.04692279 3
0.0328 0.0172 0.04849554 2
0.0462 0.0338 0.07751744 1
0.0363 0.0111 0.04613681 6
0.0251 0.0058 0.02980104 3
0.0257 0.0096 0.03409484 3
0.0351 0.0086 0.04246086 4
0.0285 0.0085 0.03584177 6
0.0403 0.0045 0.04372145 2
0.0407 0.0077 0.0471871 4
0.054 0.0014 0.05438448 7
0.0401 0.0293 0.06732091 4
0.0488 0.0255 0.0721289 1
0.0487 0.0058 0.0534099 4
0.0334 0.0031 0.03544384 2
0.048 0.0284 0.07421435 4
0.0486 0.0242 0.07087028 4
0.0384 0.0068 0.04407247 8
0.0517 0.0342 0.08322804 5
0.0607 0.0183 0.07755676 9
0.0362 0.0191 0.05367199 3
0.0455 0.008 0.05235045 4
0.0335 0.0242 0.05599068 5
0.034 0.0014 0.03442277 4
0.0417 0.013 0.0532611 2
0.0246 0.0046 0.02815474 5
0.0291 0.0198 0.0473848 3
0.0439 0.0272 0.06903077 2
0.0617 0.024 0.08358507 4
0.0456 0.0134 0.05748568 6
0.049 0.0139 0.06133794 5
0.032 0.0162 0.04674893 6
0.034 0.0012 0.03426951 4
0.032 0.0164 0.04704284 5
0.0293 0.0052 0.03338626 2
0.0389 0.0193 0.05655051 5
0.0486 0.0167 0.06374356 3
0.0348 0.0188 0.05207444 3
0.053 0.0274 0.07804174 3
0.0422 0.0252 0.06553026 6
0.0345 0.0061 0.03948021 3
0.0306 0.0068 0.03622832 1
0.0337 0.0158 0.04802564 4
0.048 0.0256 0.0714617 5
0.0587 0.0129 0.070001 4
0.0447 0.0146 0.0577727 3
0.039 0.0252 0.06229604 2
0.0624 0.0164 0.07698506 5
0.053 0.0315 0.08193518 4
0.0507 0.0186 0.06746751 5
0.0482 0.0021 0.04933596 7
0.0264 0.0079 0.03313389 2
0.037 0.0034 0.0393136 1
0.0437 0.0101 0.05242017 2
0.0249 0.0042 0.02802352 1
0.0464 0.0066 0.05187726 4
0.0593 0.0143 0.07198035 3
0.0488 0.0112 0.05877887 10
0.034 0.0175 0.04998036 4
0.0586 0.007 0.0643094 4
0.0314 0.0156 0.04563207 5
0.0351 0.0038 0.03798186 5
0.0427 0.0232 0.06401694 5
0.0522 0.0187 0.06899376 1
0.0879 0.0355 0.11950003 7
0.0432 0.0112 0.05323749 4
0.042 0.0065 0.04744274 7
0.0463 0.0284 0.07250657 4
0.0434 0.0261 0.06756898 4
0.0329 0.0013 0.03448732 7
0.0425 0.0202 0.06111922 13
0.0323 0.0045 0.03569212 3
0.0289 0.0094 0.03722035 7
0.0339 0.0015 0.03448969 5
0.0329 0.0108 0.04239098 2
0.0407 0.0159 0.05502407 3
0.0371 0.0138 0.04963414 10
0.0296 0.0158 0.0440276 3
0.0437 0.0122 0.05463195 7
0.0431 0.0101 0.05183903 10
0.0379 0.0218 0.05803955 6
0.0386 0.0217 0.05852168 1
0.0393 0.0041 0.04233323 3
0.0474 0.0038 0.05014783 3
0.0367 0.0082 0.04374172 6
0.0371 0.017 0.05252447 3
0.0436 0.0213 0.06308765 9
0.0412 0.0163 0.0559406 4
0.0259 0.0108 0.03549181 8
0.0332 0.0165 0.04828651 5
0.0353 0.0093 0.0434147 6
0.0366 0.0079 0.04336403 8
0.0649 0.0194 0.08215967 9
0.063 0.0054 0.06731755 6
0.0298 0.0159 0.0443373 8
0.0339 0.0073 0.04001275 2
0.0483 0.0096 0.05649322 1
0.0901 0.0013 0.09052849 2
0.0465 0.0128 0.05776344 2
0.0513 0.0066 0.05684724 6
0.0468 0.0035 0.04933308 4
0.0409 0.0094 0.04908093 8
0.0398 0.0156 0.05393613 7
0.0441 0.0042 0.0472979 7
0.0363 0.012 0.04691898 3
0.0505 0.0012 0.0507707 5
0.0471 0.0045 0.05048927 6
0.036 0.0109 0.04558647 3
0.0357 0.0064 0.04115385 5
0.0335 0.0075 0.03980558 3
0.0371 0.015 0.05063945 6
0.0424 0.0015 0.04299736 7
0.0447 0.0057 0.04930421 7
0.059 0.0182 0.07531486 6
0.0246 0.0116 0.03494984 1
0.0393 0.0148 0.0526574 7
0.0387 0.0093 0.04679153 8
0.0366 0.0087 0.04411957 4
0.0592 0.0114 0.06918678 8
0.0582 0.0134 0.07006575 6
0.0469 0.011 0.05647898 4
0.0399 0.0179 0.05626819 8
0.0894 0.0016 0.09009441 6
0.036 0.0078 0.042562 1
0.0393 0.008 0.04613476 4
0.0369 0.0065 0.04220255 1
0.0259 0.0082 0.03302439 4
0.0389 0.0137 0.05121024 9
0.0401 0.0127 0.0513594 3
0.0337 0.0083 0.04101374 9
0.0458 0.0157 0.05984893 4
0.0265 0.0094 0.03472372 5
0.0363 0.0041 0.03931527 2
0.0333 0.0168 0.04888853 5
0.0372 0.0015 0.0376916 2
0.0501 0.0059 0.05502651 5
0.0644 0.0012 0.0645904 3
0.0407 0.0136 0.05298265 10
0.0325 0.0056 0.03709415 6
0.0418 0.0257 0.0655252 2
0.0281 0.0122 0.03916944 8
0.0411 0.0242 0.06340896 6
0.0344 0.0092 0.04233561 2
0.0365 0.0183 0.05320295 5
0.047 0.0031 0.04919616 4
0.0472 0.0078 0.05386439 7
0.0508 0.0027 0.05258488 4
0.0688 0.0073 0.07472832 6
0.0494 0.031 0.07800854 4
0.0438 0.0224 0.06435288 4
0.0309 0.0095 0.03925599 10
0.0335 0.0112 0.04340275 3
0.0323 0.0079 0.03904088 6
0.0498 0.0069 0.05551248 5
0.0405 0.002 0.0414605 1
0.0426 0.0106 0.05192447 5
0.0422 0.0145 0.05522479 7
0.038 0.0069 0.04377911 7
0.0368 0.0062 0.04185333 3
0.0603 0.0099 0.0688203 6
0.0228 0.0106 0.03243092 6
0.0398 0.0069 0.04549208 2
0.035 0.0146 0.04819426 10
0.0351 0.0158 0.04940112 4
0.0553 0.0173 0.07081508 8
0.0578 0.0051 0.06177121 5
0.0243 0.0119 0.03494878 3
0.0457 0.0031 0.04780492 5
0.0517 0.0293 0.07860019 3
0.0288 0.0038 0.03154631 2
0.0393 0.0201 0.05768118 7
0.0247 0.0068 0.03036426 2
0.0398 0.0048 0.04384067 10
0.0441 0.0038 0.04679783 5
0.035 0.0076 0.0413756 1
0.0518 0.0015 0.05241065 4
0.044 0.0071 0.04985011 3
0.0352 0.011 0.04494905 4
0.0489 0.0037 0.05148039 4
0.0356 0.0158 0.0498971 3
0.037 0.0232 0.05843728 6
0.0424 0.0041 0.04538415 4
0.0464 0.0098 0.05496573 5
0.0449 0.0155 0.05884957 4
0.0395 0.0127 0.05082631 14
0.0377 0.0172 0.05340946 10
0.0468 0.0223 0.06714044 4
0.0452 0.0151 0.05867678 1
0.0266 0.0192 0.04433456 2
0.0376 0.0103 0.04664808 4
0.0351 0.0068 0.0407088 3
0.0411 0.0066 0.04651453 6
0.054 0.008 0.06069083 6
0.0808 0.0017 0.08148092 4
0.0388 0.0109 0.04835847 6
0.0406 0.0042 0.04391138 9
0.0443 0.0094 0.05241258 5
0.041 0.0188 0.0580936 2
0.0426 0.01 0.05129897 5
0.0567 0.0015 0.05725389 4
0.0519 0.0064 0.05712282 9
0.0322 0.0201 0.050706 2
0.0427 0.004 0.04564407 3
0.0422 0.0131 0.05385135 6
0.0416 0.0011 0.04169594 1
0.0368 0.0143 0.04963366 2
0.0441 0.0142 0.05677864 3
0.04 0.0076 0.04639201 5
0.0359 0.0109 0.04551564 6
0.0404 0.0163 0.0551631 5
0.0461 0.0096 0.05441007 4
0.0381 0.0173 0.05385766 7
0.0399 0.0151 0.0534967 5
0.0511 0.0067 0.0565357 3
0.0407 0.0045 0.04410673 9
0.0414 0.0063 0.04648588 1
0.0426 0.01 0.05159865 9
0.0414 0.0062 0.04641012 8
0.0493 0.0081 0.05617045 3
0.0497 0.0145 0.06260216 7
0.0359 0.0106 0.04521923 4
0.0449 0.0116 0.05505338 2
0.081 0.0015 0.08158378 3
0.0416 0.0047 0.04515412 2
0.0369 0.0141 0.04955076 6
0.034 0.0097 0.0424349 4
0.0301 0.0128 0.0415723 2
0.0438 0.0153 0.05757454 2
0.0408 0.0209 0.0600445 5
0.0377 0.0192 0.05531812 8
0.0388 0.006 0.04377764 4
0.0346 0.0026 0.03623705 4
0.0492 0.0034 0.05161778 4
0.0472 0.0053 0.05135039 5
0.0344 0.0062 0.03946629 4
0.0405 0.0141 0.05316545 4
0.0313 0.0076 0.03778839 5
0.0373 0.0089 0.0449834 7
0.0471 0.0024 0.0484813 4
0.0484 0.008 0.0550682 1
0.024 0.0075 0.03037905 5
0.0422 0.0113 0.05207564 1
0.0447 0.0032 0.04681922 6
0.0411 0.0109 0.0506399 5
0.0413 0.0051 0.04529591 4
0.0428 0.0072 0.04877521 3
0.0406 0.0099 0.04918101 3
0.0554 0.0066 0.06069536 1
0.0368 0.0115 0.04704487 7
0.0695 0.0033 0.07168511 3
0.0373 0.0093 0.04564871 5
0.0422 0.0041 0.04524466 11
0.0492 0.0058 0.0537896 4
0.0497 0.0019 0.05055867 2
0.0302 0.0038 0.03294019 7
0.0515 0.002 0.05246876 5
0.0446 0.0076 0.05107386 7
0.0378 0.0119 0.04832715 3
0.0343 0.0094 0.04245835 7
0.0411 0.0081 0.0482459 6
0.0318 0.0017 0.03268556 8
0.037 0.0055 0.04140936 4
0.0287 0.0045 0.03219847 6
0.042 0.0067 0.0474663 1
0.0496 0.0053 0.05386028 3
0.0525 0.0098 0.06086072 4
0.0348 0.0192 0.05239018 3
0.0437 0.0069 0.04944165 5
0.0476 0.0032 0.05043036 5
0.0334 0.0085 0.04066772 4
0.0406 0.0116 0.05082363 5
0.0386 0.0058 0.04332088 5
0.0543 0.0187 0.07108513 3
0.0444 0.0012 0.04466628 4
0.0333 0.0115 0.04348161 4
0.045 0.0145 0.05791788 2
0.042 0.0146 0.05537245 9
0.0447 0.003 0.04666658 6
0.0495 0.0206 0.06816673 6
0.0371 0.0188 0.05428801 2
0.0467 0.0028 0.04848625 9
0.0394 0.0117 0.04970807 3
0.0401 0.0166 0.05520542 7
0.0464 0.0244 0.0687812 2
0.0341 0.0121 0.04484117 2
0.0347 0.0193 0.0524212 5
0.0487 0.0093 0.05668237 6
0.0475 0.0099 0.05618572 9
0.0405 0.0058 0.04517056 6
0.0419 0.0064 0.04714498 10
0.0563 0.0014 0.05678624 2
0.0431 0.0132 0.05480801 4
0.0385 0.0192 0.05617481 7
0.0587 0.0163 0.07318766 3
0.0427 0.0057 0.04742326 12
0.05 0.0012 0.0502227 2
0.0495 0.0049 0.05321085 1
0.0426 0.019 0.05987513 3
0.0469 0.0054 0.05115485 6
0.0606 0.0046 0.06417451 5
0.0467 0.0099 0.05524549 5
0.0401 0.0125 0.05118663 7
0.0436 0.0089 0.05132718 6
0.04 0.0066 0.0454975 7
0.0372 0.0086 0.0445322 2
0.039 0.0085 0.046215 1
0.0436 0.0141 0.05619281 4
0.0399 0.0018 0.04070734 3
0.0381 0.0072 0.04415437 9
0.0487 0.0205 0.06731181 4
0.053 0.0139 0.06523924 3
0.0512 0.0051 0.05517783 4
0.0402 0.0126 0.0514396 7
0.0411 0.0066 0.04653914 3
0.0499 0.0015 0.05042217 4
0.0489 0.0063 0.05400905 4
0.0689 0.0011 0.06904672 7
0.0448 0.01 0.05344022 3
0.0417 0.007 0.0476615 5
0.0517 0.0232 0.07283067 5
0.0351 0.0087 0.04260778 6
0.0438 0.0139 0.05632274 6
0.04 0.0031 0.04223652 13
0.0444 0.0043 0.04762531 5
0.0434 0.0149 0.05675239 2
0.0394 0.0103 0.04834834 2
0.0346 0.0164 0.04949718 4
0.0534 0.0061 0.05829393 8
0.0698 0.0019 0.07063808 1
0.0425 0.0114 0.05254128 5
0.0378 0.0082 0.04476239 6
0.0507 0.0017 0.05136521 1
0.0592 0.0031 0.06134241 6
0.0368 0.0073 0.04288379 3
0.0357 0.0071 0.04160015 5
0.0476 0.0078 0.05410924 4
0.0385 0.0124 0.04951132 5
0.0497 0.0027 0.05136194 5
0.0473 0.0034 0.04980247 11
0.0423 0.0042 0.0455408 5
0.0439 0.0016 0.04460098 3
0.0442 0.0064 0.04939429 4
0.0466 0.003 0.04861289 4
0.0603 0.0064 0.0654867 7
0.0432 0.0096 0.05152112 5
0.043 0.0046 0.04672319 8
0.0501 0.0019 0.05098211 5
0.044 0.0096 0.05228032 6
0.0505 0.0117 0.06074966 5
0.0469 0.0307 0.07536476 6
0.0475 0.0046 0.05100419 7
0.0447 0.0103 0.05371549 5
0.0322 0.0097 0.04062856 1
0.0372 0.0043 0.04038773 5
0.0345 0.0099 0.0431339 5
0.0467 0.0086 0.05408066 9
0.0434 0.0169 0.05871389 4
0.0448 0.0013 0.04510551 4
0.0444 0.0106 0.05358768 4
0.0441 0.0077 0.0507797 3
0.038 0.0046 0.04173592 13
0.0376 0.0114 0.0476348 5
0.0446 0.0105 0.05381884 7
0.0555 0.0044 0.0587244 4
0.0431 0.0067 0.04863268 6
0.0552 0.0081 0.06205697 6
0.0544 0.0019 0.05533862 4
0.0367 0.0023 0.03805049 5
0.0784 0.0017 0.07915934 3
0.0446 0.0017 0.0454309 4
0.0435 0.0069 0.0492742 8
0.0362 0.0027 0.03812893 11
0.0478 0.0164 0.0624838 3
0.0365 0.0041 0.03950539 8
0.0394 0.0108 0.04887859 8
0.039 0.0116 0.04931702 5
0.0431 0.0144 0.05596937 3
0.0442 0.002 0.04526152 5
0.0474 0.0184 0.06401164 3
0.0511 0.003 0.05307227 5
0.0408 0.0098 0.04933596 3
0.0456 0.0117 0.05585549 5
0.0489 0.0103 0.05786139 7
0.0528 0.0155 0.06655624 4
0.048 0.0069 0.05364712 6
0.0502 0.0069 0.05584616 7
0.0532 0.0048 0.05687428 5
0.057 0.0014 0.05745408 6
0.04 0.0046 0.0434868 2
0.0372 0.007 0.04306333 5
0.0343 0.0126 0.04568954 5
0.0463 0.0013 0.04707179 14
0.0545 0.0052 0.05848754 2
0.045 0.0177 0.06126584 8
0.0517 0.0014 0.05207972 1
0.0366 0.0123 0.047557 5
0.048 0.0092 0.0559968 6
0.0383 0.0076 0.04476328 7
0.0485 0.0073 0.05454199 7
0.0504 0.0181 0.06665798 2
0.0528 0.0051 0.05675274 6
0.0501 0.0087 0.05742193 1
0.0434 0.0036 0.04608474 11
0.0513 0.0098 0.05966618 3
0.0639 0.0025 0.06541534 5
0.0436 0.0096 0.05189401 7
0.0467 0.0024 0.04839346 10
0.0541 0.0014 0.05447876 1
0.0627 0.0011 0.06279623 2
0.0501 0.0066 0.05548361 6
0.0431 0.0237 0.0649295 7
0.0469 0.011 0.05652736 2
0.0532 0.0043 0.05639755 6
0.0485 0.007 0.05430339 3
0.0386 0.0044 0.04196017 15
0.0451 0.0148 0.05844049 8
0.0504 0.0126 0.06165059 11
0.0634 0.0028 0.06508824 2
0.0488 0.0091 0.05665729 7
0.0479 0.0121 0.05868142 10
0.0493 0.0026 0.05088894 7
0.0393 0.0038 0.04237158 7
0.0555 0.0038 0.05817353 4
0.0515 0.0095 0.05957171 3
0.0478 0.0063 0.05288952 3
0.0372 0.0107 0.04668662 5
0.0415 0.0024 0.04285826 3
0.0489 0.0039 0.05167043 4
0.0408 0.0036 0.04330287 4
0.0746 0.0023 0.07584354 3
0.0579 0.0093 0.06575246 5
0.0802 0.0034 0.08240992 1
0.0454 0.0066 0.05091197 8
0.0345 0.0049 0.03853781 10
0.0337 0.0117 0.04409723 2
0.0514 0.0042 0.05450177 5
0.0457 0.0139 0.05804334 7
0.0573 0.0026 0.05880992 1
0.0488 0.0112 0.05862294 10
0.0555 0.0143 0.0682166 11
0.0314 0.0013 0.03171812 3
0.0488 0.0042 0.05195554 6
0.0483 0.0126 0.05935322 2
0.0499 0.0056 0.0542795 2
0.046 0.0122 0.05674819 8
0.0637 0.0025 0.06511395 2
0.0483 0.0038 0.05112896 6
0.0477 0.0054 0.05189452 1
0.0787 0.0014 0.07911352 6
0.0495 0.0015 0.05004073 2
0.049 0.0016 0.04970562 8
0.0439 0.0167 0.05896747 5
0.0633 0.0032 0.06538898 6
0.0458 0.0032 0.0480468 9
0.0537 0.0031 0.05569716 3
0.0443 0.009 0.0520562 11
0.0442 0.0208 0.06326619 7
0.0705 0.0019 0.07134547 3
0.0515 0.0053 0.055607 4
0.053 0.0093 0.06089482 9
0.0464 0.0025 0.04783608 2
0.0414 0.0085 0.04864486 4
0.0433 0.0094 0.05136054 3
0.0449 0.0042 0.04802981 8
0.0536 0.0078 0.06008907 4
0.0524 0.0208 0.07122509 4
0.0615 0.0049 0.06516573 2
0.0966 0.0012 0.09678088 1
0.0475 0.0033 0.04981864 7
0.0516 0.0023 0.05283946 3
0.0413 0.0159 0.05559953 1
0.045 0.0117 0.05531991 7
0.0511 0.0037 0.05368948 2
0.0451 0.0039 0.04796651 12
0.0467 0.004 0.04964091 5
0.0387 0.0086 0.04603525 5
0.047 0.0069 0.0526286 1
0.0502 0.009 0.05787581 5
0.0566 0.0048 0.06018872 1
0.0552 0.0028 0.05715774 5
0.0449 0.0184 0.06169594 6
0.0439 0.0129 0.05532482 5
0.0529 0.0105 0.06215942 6
0.0524 0.0079 0.05902875 6
0.0549 0.0032 0.05701059 7
0.0448 0.0059 0.0495147 4
0.0483 0.0174 0.06392428 1
0.0466 0.0044 0.04995326 4
0.0423 0.0113 0.05217501 2
0.0467 0.0144 0.05952822 7
0.058 0.0013 0.0584859 7
0.0528 0.0139 0.0652144 9
0.051 0.0068 0.0568366 9
0.0588 0.0077 0.0651875 4
0.0543 0.0073 0.0602685 3
0.0631 0.005 0.06689623 6
0.0469 0.0049 0.05064823 4
0.0481 0.0084 0.05520606 6
0.0469 0.0027 0.04873097 12
0.0632 0.0055 0.06746914 4
0.0627 0.0065 0.06789765 6
0.0394 0.0198 0.05750041 4
0.0436 0.0158 0.05783043 6
0.0534 0.0065 0.05864495 5
0.0514 0.0063 0.05645045 4
0.0478 0.0158 0.06194595 5
0.0507 0.0103 0.05957878 6
0.0472 0.0031 0.04921377 10
0.0496 0.0125 0.06070135 13
0.0535 0.0047 0.05703515 4
0.0473 0.0061 0.05216747 2
0.0508 0.0099 0.0592902 6
0.0682 0.0023 0.06942818 2
0.0445 0.0172 0.0602093 8
0.0664 0.0017 0.06705778 4
0.0532 0.0036 0.055725 10
0.0529 0.0057 0.05742775 6
0.0567 0.0108 0.06602841 11
0.0752 0.0015 0.0758063 5
0.0493 0.0111 0.05902026 4
0.0459 0.0077 0.05238693 8
0.0514 0.0117 0.06165481 7
0.0744 0.0034 0.07664761 3
0.0518 0.0076 0.05809956 4
0.0595 0.0081 0.06620139 2
0.0535 0.0117 0.06366547 4
0.0453 0.0026 0.04685198 3
0.0527 0.0112 0.06244724 6
0.0524 0.0031 0.05442246 4
0.0538 0.0054 0.05802814 5
0.0685 0.0035 0.07083565 4
0.0643 0.0014 0.06467468 1
0.0453 0.0077 0.051914 11
0.0498 0.0078 0.05626816 1
0.0524 0.0054 0.05660947 5
0.0469 0.0104 0.05595854 5
0.0654 0.004 0.06866062 8
0.0513 0.0085 0.05846067 6
0.0667 0.0042 0.06987182 8
0.0494 0.0096 0.05762596 4
0.0541 0.0055 0.05839263 4
0.0596 0.0042 0.06272532 11
0.0499 0.0053 0.05399285 2
0.074 0.0031 0.07595222 3
0.0526 0.0122 0.0632553 8
0.0485 0.0025 0.04997455 4
0.0493 0.0042 0.05250164 2
0.0637 0.0093 0.07152114 4
0.0453 0.0225 0.06594768 7
0.0636 0.0104 0.07242056 3
0.0689 0.0044 0.07214933 6
0.0509 0.0143 0.06358571 4
0.0486 0.0092 0.05640968 1
0.0487 0.0056 0.05309453 5
0.0572 0.0031 0.05922132 5
0.0467 0.0081 0.05348 4
0.0557 0.0105 0.06472219 4
0.0739 0.0014 0.07427084 1
0.0486 0.0043 0.05189879 6
0.0535 0.0095 0.06166618 9
0.0727 0.0022 0.07390769 5
0.0473 0.0124 0.05819907 3
0.0529 0.0063 0.05793455 3
0.0555 0.0107 0.06468469 4
0.0717 0.0013 0.07197879 1
0.0518 0.0085 0.05903392 4
0.0551 0.0091 0.06279649 4
0.0477 0.0132 0.059333 3
0.0576 0.0029 0.05960054 5
0.0579 0.002 0.0588431 1
0.0371 0.0066 0.04259822 5
0.0498 0.0032 0.05191878 4
0.0493 0.0046 0.05272612 1
0.0518 0.0072 0.05771003 4
0.0615 0.0056 0.06585891 6
0.0487 0.0127 0.05999913 10
0.0521 0.0154 0.06578423 6
0.0577 0.0036 0.06015258 1
0.0546 0.0092 0.06239971 10
0.0614 0.0158 0.0754155 12
0.0545 0.0096 0.06276815 9
0.0638 0.0063 0.06878799 7
0.0502 0.0141 0.06268616 4
0.0609 0.0046 0.06447743 6
0.0575 0.0194 0.07490554 9
0.0578 0.004 0.06069528 7
0.0503 0.0077 0.05692791 6
0.0465 0.0133 0.05830566 8
0.0562 0.003 0.05812891 6
0.0546 0.0072 0.06079956 7
0.0515 0.0133 0.06349994 13
0.0551 0.0013 0.05546688 5
0.0608 0.0012 0.06106426 5
0.0477 0.0286 0.07409369 5
0.0466 0.0021 0.04818006 12
0.0605 0.0046 0.06394756 6
0.0558 0.0053 0.05995051 3
0.066 0.0116 0.07603613 6
0.0489 0.0094 0.05695404 7
0.0586 0.0059 0.06321776 1
0.0505 0.0186 0.06738872 6
0.0525 0.0027 0.0542839 13
0.043 0.0057 0.04755826 8
0.0522 0.0073 0.05826767 8
0.0608 0.0054 0.06521309 10
0.0442 0.005 0.04810973 5
0.0554 0.0167 0.07028472 7
0.056 0.0055 0.06053084 11
0.0582 0.0066 0.06348949 3
0.0495 0.0032 0.05183306 7
0.0571 0.0068 0.06264498 4
0.0484 0.0071 0.05432385 9
0.0559 0.0015 0.05656677 9
0.064 0.0074 0.07001313 3
0.0628 0.0035 0.06526579 6
0.0498 0.009 0.05767849 10
0.0502 0.0038 0.0529543 7
0.0466 0.0109 0.05607888 4
0.0508 0.0052 0.05500214 13
0.0471 0.0141 0.0596733 5
0.0536 0.0083 0.06082713 13
0.0633 0.0014 0.06379144 4
0.0527 0.0023 0.05419921 9
0.0618 0.0101 0.07041717 5
0.0538 0.0041 0.05686734 14
0.0542 0.0081 0.0611028 10
0.0543 0.0015 0.05512498 11
0.0541 0.0122 0.06472328 3
0.0617 0.0037 0.06426709 9
0.0619 0.0081 0.06872914 9
0.0599 0.0012 0.06038886 6
0.0566 0.0101 0.06526558 10
0.0559 0.0021 0.05717174 10
0.0522 0.0096 0.06036758 5
0.0538 0.014 0.06614501 3
0.0544 0.0076 0.06079768 5
0.0517 0.0092 0.05963279 5
0.0646 0.005 0.06847072 7
0.0533 0.0039 0.05609263 3
0.0535 0.0069 0.05918032 4
0.0534 0.0017 0.05423769 5
0.0503 0.0044 0.05356147 4
0.0614 0.0104 0.07027483 9
0.0562 0.0137 0.06821436 2
0.0481 0.0104 0.05716413 4
0.0678 0.0085 0.0748038 2
0.0546 0.0081 0.06133462 5
0.0567 0.0074 0.06274352 1
0.0546 0.0026 0.056261 8
0.0541 0.0094 0.06206553 3
0.0673 0.0092 0.07511279 9
0.0534 0.0094 0.06144051 4
0.0563 0.0213 0.07562092 8
0.0525 0.0021 0.0541071 9
0.0572 0.012 0.0676576 8
0.0512 0.0181 0.06758207 10
0.0549 0.0135 0.06695907 7
0.0565 0.0127 0.06759763 6
0.0565 0.0042 0.05958945 3
0.054 0.0028 0.05575466 8
0.0624 0.0078 0.06878544 2
0.0574 0.0107 0.06659878 11
0.045 0.0055 0.04944014 8
0.0571 0.004 0.06009807 7
0.0555 0.0057 0.06006881 7
0.059 0.0018 0.05985295 7
0.0571 0.0073 0.06348112 6
0.0501 0.0084 0.0572318 6
0.0583 0.0058 0.06297145 9
0.0507 0.0093 0.05860263 3
0.0574 0.002 0.05848918 7
0.0552 0.0076 0.06145768 2
0.0598 0.0092 0.06763185 6
0.0495 0.0089 0.0571309 5
0.0471 0.0025 0.04858403 6
0.0573 0.0105 0.06633674 7
0.0606 0.0154 0.07418693 6
0.0538 0.0045 0.05715669 5
0.0532 0.0205 0.0716879 3
0.052 0.0075 0.05825128 6
0.0527 0.0045 0.05615846 11
0.0514 0.0107 0.06066839 4
0.0581 0.0107 0.06733388 4
0.0568 0.013 0.06827836 10
0.0658 0.0096 0.07391536 4
0.0502 0.0047 0.05396327 11
0.0452 0.0076 0.05172027 12
0.0565 0.0054 0.06069657 4
0.0636 0.0067 0.0689584 5
0.0565 0.0059 0.06120063 6
0.0581 0.0039 0.06090748 8
0.0547 0.0057 0.05936895 9
0.0511 0.0108 0.06048031 7
0.0477 0.006 0.05281794 12
0.0495 0.0122 0.06023139 8
0.0618 0.0057 0.06622368 3
0.0552 0.0055 0.05968108 8
0.0658 0.0068 0.071225 2
0.0555 0.0162 0.06996062 10
0.0523 0.009 0.0600408 9
0.0559 0.0087 0.06324265 9
0.0613 0.0137 0.07326192 4
0.0518 0.0043 0.05522953 12
0.0623 0.0017 0.06299904 8
0.061 0.0064 0.06618842 5
0.0522 0.0097 0.06059759 12
0.0543 0.0084 0.06136429 8
0.0564 0.0038 0.05905062 3
0.0597 0.012 0.07009419 3
0.0572 0.0044 0.06040959 3
0.0583 0.0035 0.06071067 7
0.0565 0.0053 0.06058234 4
0.0482 0.004 0.05109817 5
0.0666 0.0126 0.07751972 4
0.0721 0.0108 0.08122006 3
0.0613 0.0027 0.06303354 7
0.061 0.0013 0.06142418 6
0.051 0.0068 0.05657575 6
0.0521 0.0105 0.06120639 9
0.0628 0.004 0.06562546 4
0.0556 0.004 0.05852348 7
0.0655 0.0139 0.07764401 5
0.0573 0.0054 0.06152144 9
0.0602 0.0083 0.06708324 5
0.0595 0.0041 0.06251727 4
0.0552 0.0071 0.06128014 12
0.053 0.0058 0.05761008 6
0.0649 0.0052 0.0689142 5
0.0504 0.0093 0.05848723 6
0.063 0.0077 0.06932123 12
0.0538 0.0045 0.05724778 7
0.0613 0.0026 0.06292525 5
0.0543 0.0053 0.05837081 1
0.0565 0.0111 0.06617342 16
0.0569 0.0037 0.05945011 2
0.0498 0.0103 0.05873476 9
0.054 0.02 0.07201609 4
0.0676 0.0051 0.07152488 2
0.0577 0.004 0.06064254 7
0.0579 0.0079 0.06451302 8
0.0568 0.0037 0.05942484 4
0.0543 0.006 0.05904165 3
0.0622 0.0143 0.07477462 7
0.0571 0.0027 0.05881865 3
0.0593 0.0091 0.06697247 5
0.0628 0.0048 0.06652381 8
0.0515 0.0029 0.05348952 10
0.0638 0.0063 0.0688077 3
0.0539 0.0114 0.06374984 1
0.0641 0.0067 0.06951591 6
0.063 0.006 0.06776131 4
0.0517 0.0036 0.05431154 10
0.0567 0.0066 0.06205286 10
0.0688 0.0014 0.0692129 4
0.0616 0.0048 0.06533615 9
0.0536 0.0061 0.05862032 6
0.0669 0.0018 0.06782845 8
0.0643 0.0089 0.07173771 4
0.059 0.0036 0.06145728 4
0.0566 0.0051 0.0605917 8
0.0571 0.0091 0.06491728 13
0.0553 0.0101 0.06397625 7
0.0489 0.008 0.05563726 10
0.057 0.0163 0.07146689 6
0.0602 0.007 0.06589422 6
0.0549 0.0159 0.06907771 6
0.0642 0.0069 0.06986941 10
0.0556 0.0107 0.06482469 5
0.0539 0.0043 0.05708603 6
0.0565 0.007 0.06222034 5
0.0609 0.0073 0.06689437 5
0.0614 0.0028 0.06322132 8
0.0561 0.0219 0.07589019 7
0.0533 0.008 0.05996302 5
0.0525 0.0111 0.06222811 10
0.0641 0.0103 0.07297989 8
0.0548 0.007 0.06049707 4
0.0536 0.0081 0.06036763 3
0.0612 0.011 0.07071637 7
0.063 0.0054 0.067149 4
0.0592 0.0101 0.06777038 1
0.062 0.0046 0.06559975 9
0.0617 0.0128 0.07281773 5
0.0634 0.0055 0.06769874 7
0.064 0.0093 0.0717962 4
0.0596 0.0026 0.06126458 8
0.0524 0.0123 0.06351094 8
0.0603 0.0077 0.06681482 9
0.0635 0.0079 0.07000389 5
0.0581 0.0151 0.07158383 11
0.066 0.0068 0.0714642 4
0.0591 0.0051 0.06303351 11
0.0637 0.0103 0.07245088 5
0.0611 0.0046 0.064639 9
0.053 0.0079 0.05975016 5
0.0577 0.0053 0.06192846 8
0.0676 0.0066 0.07283454 4
0.0719 0.0067 0.07720071 3
0.062 0.0128 0.07318526 3
0.0634 0.0084 0.07065423 10
0.056 0.0093 0.06386145 4
0.0618 0.0063 0.06686027 7
0.068 0.0078 0.07439192 5
0.0584 0.0019 0.05927573 5
0.0655 0.0074 0.07162757 10
0.061 0.0065 0.06621329 9
0.0616 0.0026 0.06347657 9
0.057 0.0049 0.06076807 6
0.0624 0.0057 0.06702077 4
0.0656 0.0058 0.07012314 5
0.0587 0.0071 0.06455793 6
0.0525 0.0044 0.05598055 14
0.0523 0.0062 0.05733588 13
0.058 0.0073 0.06403782 5
0.0716 0.0059 0.0761838 6
0.0646 0.0058 0.06919799 6
0.0553 0.0045 0.05876967 13
0.0536 0.0106 0.06276228 3
0.0539 0.0091 0.06194019 10
0.0633 0.0143 0.07578445 3
0.0583 0.0062 0.06336518 9
0.0584 0.0063 0.06360203 9
0.0605 0.007 0.066143 1
0.0599 0.0106 0.06894633 3
0.0588 0.0079 0.06537052 5
0.0612 0.0045 0.06465871 8
0.0558 0.0079 0.06246354 6
0.0651 0.0028 0.06696966 8
0.0568 0.0094 0.06481605 8
0.0574 0.0074 0.06347496 4
0.058 0.0101 0.06662489 8
0.0609 0.0046 0.06447992 7
0.0528 0.0032 0.05504486 11
0.0568 0.0042 0.0599648 10
0.057 0.007 0.06274501 6
0.0598 0.014 0.07211486 5
0.0595 0.0046 0.06308877 10
0.0584 0.0063 0.06351609 11
0.0595 0.0074 0.06561394 4
0.0653 0.0103 0.07405384 5
0.0594 0.0033 0.06167852 10
0.062 0.0034 0.06425486 2
0.0619 0.0049 0.06576828 11
0.0622 0.0107 0.07130745 2
0.0567 0.0086 0.06402238 9
0.0641 0.0097 0.07230212 5
0.0548 0.0061 0.0597454 4
0.0595 0.0086 0.06669109 4
0.0586 0.0041 0.06161483 6
0.0629 0.0111 0.07251854 10
0.0668 0.0057 0.07122397 9
0.0529 0.0046 0.05639279 8
0.0712 0.006 0.07602104 7
0.0552 0.0169 0.0704094 9
0.063 0.0025 0.06442695 2
0.0574 0.0079 0.06406438 12
0.0649 0.0139 0.07712469 11
0.0523 0.0084 0.05973295 12
0.0757 0.0035 0.07805438 7
0.0637 0.0149 0.07675602 3
0.0529 0.0031 0.05502751 11
0.0608 0.0026 0.06237334 3
0.0543 0.0178 0.07039198 6
0.0569 0.0083 0.0638395 8
0.0624 0.0108 0.07178146 7
0.0592 0.0038 0.06198157 8
0.0621 0.0019 0.06311219 4
0.06 0.0041 0.06320464 9
0.0618 0.0072 0.06771393 7
0.0576 0.0038 0.06041065 6
0.0573 0.0035 0.0597323 5
0.0632 0.0129 0.07439382 7
0.0656 0.0028 0.06735089 5
0.0663 0.0053 0.0704862 8
0.0582 0.0011 0.05846694 9
0.0685 0.0068 0.07400221 6
0.0641 0.0106 0.07321805 6
0.052 0.0221 0.07219329 10
0.066 0.0069 0.07159479 5
0.0533 0.0142 0.06592233 8
0.0508 0.0146 0.06376076 6
0.0612 0.0185 0.07768081 7
0.0639 0.005 0.06775402 5
0.0548 0.0036 0.05739197 9
0.0638 0.0096 0.0720072 4
0.0628 0.0081 0.06946978 3
0.0637 0.0095 0.07167366 3
0.0638 0.0039 0.06660263 7
0.0735 0.0023 0.07471902 5
0.0695 0.0033 0.07174367 6
0.0603 0.0026 0.06208391 12
0.0548 0.0055 0.05938089 12
0.0628 0.0084 0.06979197 5
0.0606 0.0109 0.07014041 11
0.0611 0.0023 0.06239573 6
0.0651 0.0071 0.07093189 9
0.0568 0.0058 0.06146242 3
0.068 0.0056 0.07232823 5
0.064 0.0035 0.06647682 11
0.0654 0.0039 0.06822004 5
0.0633 0.0069 0.06894945 6
0.0602 0.018 0.07623803 8
0.0679 0.0062 0.07275212 1
0.0624 0.0075 0.06853837 8
0.0676 0.007 0.07328337 7
0.0591 0.0081 0.0658267 5
0.0578 0.0088 0.06537396 13
0.0577 0.0096 0.0659746 15
0.0623 0.0057 0.06681128 8
0.0601 0.0061 0.06490552 4
0.0593 0.0055 0.0637464 3
0.0603 0.0066 0.06577297 12
0.063 0.0035 0.0654861 6
0.0611 0.0036 0.06374176 9
0.066 0.009 0.07359172 6
0.0616 0.0124 0.07248925 5
0.054 0.0177 0.06990674 9
0.0618 0.0059 0.06645659 8
0.0548 0.0107 0.06434529 10
0.0616 0.0077 0.06798255 11
0.0621 0.0098 0.07037587 8
0.0697 0.0051 0.07353109 3
0.067 0.0045 0.07039005 6
0.0717 0.0032 0.07390488 11
0.0637 0.01 0.07219931 11
0.0644 0.0093 0.07225481 8
0.0605 0.0066 0.06579003 3
0.0586 0.0066 0.06390528 5
0.0602 0.0072 0.06611329 6
0.0554 0.0044 0.05881469 13
0.0567 0.0047 0.06044838 9
0.0604 0.0039 0.0631738 5
0.0619 0.0127 0.07288747 1
0.0539 0.0093 0.06182923 7
0.0601 0.0084 0.06713797 8
0.0683 0.0053 0.07235846 9
0.0594 0.0104 0.06833053 4
0.0594 0.0081 0.06610881 4
0.0669 0.0073 0.07300484 8
0.0618 0.0099 0.0703842 11
0.0591 0.0206 0.0777141 8
0.062 0.0017 0.0628287 14
0.0679 0.0122 0.07846281 9
0.0612 0.0082 0.06807715 8
0.0607 0.0039 0.06350748 7
0.0664 0.0132 0.07787094 4
0.0608 0.0146 0.0736111 7
0.0686 0.0028 0.07040798 5
0.0617 0.0087 0.06914755 6
0.0627 0.0095 0.07080775 4
0.0632 0.0096 0.07130098 5
0.0647 0.0049 0.06842004 5
0.0585 0.0139 0.07066056 3
0.0584 0.0158 0.07236389 4
0.064 0.0039 0.0668719 8
0.0679 0.0039 0.0708377 8
0.0666 0.006 0.0713368 9
0.0612 0.003 0.06318109 4
0.0597 0.0164 0.07458531 14
0.0592 0.0057 0.06368041 6
0.0551 0.0086 0.06248313 11
0.0625 0.0038 0.06519669 7
0.0674 0.0063 0.07239799 5
0.0593 0.012 0.06969222 5
0.0591 0.0126 0.07005742 5
0.0556 0.0036 0.05809594 8
0.0638 0.0075 0.06992611 7
0.0625 0.01 0.0710703 10
0.0534 0.0119 0.06392389 5
0.0633 0.0032 0.06542424 4
0.0597 0.0051 0.06358264 5
0.0646 0.0076 0.07090294 9
0.0614 0.0037 0.06396031 4
0.0576 0.0132 0.06912342 6
0.064 0.0096 0.07223965 7
0.0664 0.0105 0.07536433 6
0.0611 0.0054 0.06541852 10
0.0574 0.0123 0.06806268 1
0.0643 0.0084 0.0712683 8
0.0596 0.007 0.06527214 6
0.0573 0.0196 0.07509836 10
0.0623 0.0085 0.0695396 6
0.0689 0.0019 0.06997853 11
0.0524 0.0202 0.07076572 8
0.0554 0.0077 0.06211804 12
0.0648 0.0086 0.07198768 8
0.0587 0.0128 0.06983898 3
0.061 0.0069 0.06657554 3
0.0516 0.0058 0.05629949 11
0.064 0.011 0.0734528 8
0.0707 0.0055 0.0749699 4
0.0628 0.007 0.06852727 8
0.0582 0.0096 0.06641414 9
0.0622 0.0085 0.06936108 6
0.0557 0.0081 0.06258637 14
0.0639 0.0044 0.06713095 4
0.061 0.0059 0.06579465 12
0.0764 0.0129 0.08745759 4
0.0608 0.0029 0.06288995 15
0.0763 0.0032 0.07842978 8
0.0628 0.0093 0.07062651 4
0.06 0.0086 0.0671543 2
0.0595 0.0067 0.06492166 6
0.0697 0.0069 0.0753082 11
0.0563 0.008 0.06302105 5
0.0608 0.0081 0.06749151 4
0.0619 0.0055 0.06622828 4
0.064 0.0051 0.06787529 6
0.0626 0.0089 0.07017918 7
0.0693 0.0063 0.07431487 6
0.0642 0.0099 0.07263632 3
0.0585 0.0045 0.06195472 7
0.0602 0.0065 0.06551251 7
0.0594 0.0101 0.06812283 8
0.0708 0.0077 0.07709254 8
0.0576 0.0102 0.06633393 8
0.0641 0.0065 0.06929565 9
0.0633 0.01 0.07179703 5
0.0596 0.0015 0.06021394 11
0.0735 0.0091 0.08110206 9
0.0637 0.0043 0.06686033 9
0.0612 0.0031 0.063547 8
0.0687 0.005 0.07266873 9
0.0646 0.0026 0.06616309 4
0.0608 0.0089 0.06831796 3
0.0658 0.0083 0.07266807 5
0.0618 0.0109 0.07119237 9
0.0606 0.0083 0.0676492 8
0.0592 0.0131 0.07065605 3
0.0602 0.0114 0.07007647 10
0.0664 0.0058 0.07093771 4
0.0603 0.0072 0.06632188 7
0.0598 0.0109 0.06922529 7
0.0623 0.0046 0.06568772 5
0.0639 0.0149 0.07702392 9
0.0654 0.005 0.06937585 10
0.0674 0.0096 0.07549222 4
0.0586 0.0062 0.06351948 3
0.0599 0.0086 0.06712096 10
0.0608 0.0153 0.07424552 2
0.0666 0.0055 0.07089847 10
0.0555 0.0075 0.06168135 8
0.0596 0.0076 0.06615523 7
0.0571 0.0097 0.06542961 10
0.0625 0.0105 0.0714931 6
0.0538 0.0074 0.05987322 3
0.0538 0.0103 0.06267597 9
0.0679 0.0035 0.0702672 5
0.0581 0.0068 0.0636217 7
0.0715 0.014 0.08369745 9
0.0621 0.0077 0.06849966 7
0.0641 0.0034 0.0663825 5
0.0703 0.0011 0.07070299 9
0.0655 0.01 0.07392853 2
0.0678 0.0145 0.08047159 8
0.0685 0.0069 0.07415745 5
0.0705 0.012 0.08075886 4
0.0636 0.0099 0.07211253 9
0.0565 0.0041 0.05959301 11
0.0657 0.0119 0.07594421 8
0.0631 0.0108 0.07237711 8
0.0622 0.0078 0.06865707 8
0.0547 0.0136 0.0668051 10
0.0591 0.0113 0.06892614 15
0.0611 0.0109 0.07056474 5
0.0653 0.0025 0.06673709 5
0.0712 0.007 0.07684957 8
0.062 0.0071 0.06773847 5
0.0671 0.0131 0.07840279 2
0.0714 0.0114 0.08112489 5
0.0574 0.0161 0.07166227 3
0.0546 0.013 0.06605221 9
0.0718 0.0073 0.07766064 2
0.0632 0.021 0.08205737 8
0.0587 0.0077 0.06509618 7
0.0618 0.0122 0.07241794 9
0.061 0.0091 0.0688149 7
0.0669 0.0143 0.07950166 5
0.0683 0.0061 0.0731717 9
0.0575 0.0091 0.06518672 4
0.0679 0.0075 0.07404307 7
0.0758 0.008 0.08236801 10
0.066 0.009 0.07354596 6
0.0717 0.0169 0.08657265 6
0.0657 0.0117 0.07575633 7
0.0586 0.0058 0.06333067 9
0.0625 0.004 0.06561467 12
0.0627 0.0108 0.07197183 5
0.0577 0.0095 0.06573208 5
0.06 0.0057 0.064923 7
0.065 0.0143 0.07755977 8
0.0646 0.0088 0.07205928 12
0.0673 0.0091 0.07490233 3
0.0616 0.0052 0.06558213 4
0.0619 0.0044 0.06562556 13
0.0643 0.0034 0.06670631 9
0.0653 0.0082 0.07205732 3
0.0627 0.0088 0.07013829 11
0.0552 0.0133 0.06720445 11
0.0653 0.0058 0.06994234 6
0.0576 0.0073 0.06361435 5
0.0655 0.0065 0.07079012 8
0.0678 0.0034 0.070152 7
0.0543 0.0121 0.0648202 5
0.072 0.007 0.07766947 3
0.058 0.009 0.06575389 9
0.0669 0.0106 0.07586736 1
0.0618 0.0059 0.06642644 8
0.0581 0.0077 0.06444719 7
0.0651 0.0074 0.07121733 3
0.0578 0.0077 0.06452429 14
0.0746 0.0056 0.07889812 4
0.0674 0.005 0.07118902 4
0.0641 0.0103 0.07286343 3
0.0684 0.0035 0.07074583 4
0.065 0.0172 0.08018807 6
0.0773 0.0067 0.08265293 8
0.0611 0.0075 0.06725021 6
0.0567 0.0085 0.06391205 5
0.0561 0.0108 0.06543733 7
0.0619 0.0071 0.06768858 7
0.0682 0.0083 0.07505933 9
0.0667 0.0052 0.07082402 7
0.066 0.0056 0.07034618 8
0.061 0.0136 0.07291685 8
0.0654 0.0092 0.07319509 6
0.0658 0.0027 0.0675217 10
0.0587 0.0031 0.06095079 9
0.0606 0.0092 0.0684533 7
0.0678 0.0051 0.07169502 7
0.0688 0.0079 0.07531128 5
0.0646 0.011 0.07404034 6
0.0634 0.0079 0.06987292 2
0.0568 0.0089 0.06444808 6
0.0621 0.0026 0.06388005 8
0.063 0.007 0.06883066 8
0.0642 0.003 0.06625854 7
0.0651 0.0048 0.06875743 12
0.0566 0.0088 0.06413889 8
0.0664 0.0072 0.07247998 6
0.0549 0.0121 0.06551241 6
0.065 0.006 0.06976106 8
0.0648 0.0053 0.06896824 6
0.0618 0.0107 0.07113765 5
0.0733 0.0057 0.07768962 8
0.068 0.0127 0.07901539 5
0.0664 0.0088 0.07379303 8
0.077 0.0065 0.08217536 8
0.065 0.0044 0.0682416 5
0.0667 0.0134 0.07836259 8
0.0586 0.0023 0.06001268 6
0.0661 0.0078 0.0726352 10
0.0669 0.0099 0.07533484 6
0.0682 0.0134 0.08000578 5
0.0683 0.0119 0.07846994 2
0.0673 0.0051 0.07133696 8
0.073 0.011 0.08241134 8
0.0681 0.0013 0.06844195 7
0.0588 0.0091 0.06674324 13
0.0617 0.01 0.07037329 10
0.0628 0.0117 0.07291111 6
0.0643 0.006 0.0692217 10
0.0636 0.0168 0.07848166 6
0.0579 0.0054 0.06228089 10
0.0604 0.0105 0.06938001 3
0.0624 0.0119 0.07275676 5
0.0638 0.0088 0.07137112 11
0.0637 0.0053 0.0677884 5
0.0628 0.0045 0.0661816 8
0.0645 0.0094 0.07246071 12
0.0641 0.0127 0.07512124 6
0.0631 0.0143 0.07568797 7
0.0615 0.01 0.0701697 7
0.0681 0.0039 0.07081711 6
0.0676 0.0089 0.07511577 5
0.0724 0.0098 0.08063164 7
0.0636 0.0112 0.0735503 9
0.0681 0.0073 0.07405812 6
0.0699 0.0117 0.0800282 5
0.062 0.0092 0.0696998 1
0.057 0.0103 0.06582522 3
0.0717 0.0079 0.07812069 3
0.0694 0.004 0.07225363 5
0.0697 0.0099 0.07812765 6
0.0592 0.004 0.06239596 13
0.0716 0.0105 0.08057479 8
0.0755 0.008 0.08209411 13
0.0726 0.0082 0.07937219 6
0.0585 0.0081 0.06536544 8
0.0656 0.0167 0.08037874 6
0.0702 0.0073 0.07613733 5
0.0707 0.0067 0.07605759 6
0.0629 0.0081 0.06974436 10
0.07 0.0097 0.07810504 3
0.0708 0.0056 0.07515513 7
0.0628 0.0097 0.07098622 4
0.0692 0.0058 0.07377476 5
0.0775 0.0072 0.08327993 10
0.0664 0.0111 0.07595145 6
0.0686 0.007 0.07440861 4
0.0726 0.0055 0.07682882 3
0.0688 0.008 0.07541571 10
0.065 0.0172 0.08020235 8
0.0675 0.0103 0.07625767 8
0.0637 0.014 0.07609061 10
0.0636 0.0056 0.06794282 5
0.0683 0.0052 0.07247307 9
0.0727 0.0086 0.07981204 4
0.0716 0.0074 0.07763905 7
0.0697 0.0077 0.07597254 2
0.0681 0.0068 0.07362958 8
0.0539 0.0136 0.06595709 13
0.0694 0.0056 0.07370855 4
0.071 0.0148 0.08389208 8
0.0667 0.0134 0.07836626 2
0.0649 0.0094 0.07293666 11
0.0602 0.0093 0.06807897 7
0.0698 0.0056 0.07409364 5
0.0693 0.0059 0.07404168 8
0.0667 0.0063 0.07172165 8
0.0715 0.0157 0.08528833 10
0.0603 0.0088 0.06784611 7
0.0696 0.0052 0.07362543 5
0.0644 0.0115 0.0742865 6
0.0646 0.0145 0.07729917 5
0.0655 0.0112 0.07506131 4
0.0691 0.0054 0.0733234 9
0.0658 0.0179 0.08160488 1
0.0638 0.0055 0.06831756 12
0.0655 0.0098 0.07377963 5
0.0665 0.011 0.07586446 5
0.0655 0.0076 0.07169812 9
0.0589 0.0097 0.0673888 10
0.0574 0.0107 0.06683739 12
0.063 0.0092 0.07086974 8
0.0672 0.0035 0.06955344 5
0.0668 0.0082 0.07365382 6
0.0645 0.0102 0.07313277 5
0.0639 0.0101 0.0725037 9
0.0657 0.0092 0.07342628 3
0.0654 0.0116 0.07552914 10
0.0687 0.0115 0.07858892 9
0.0686 0.0072 0.07438088 1
0.0667 0.0099 0.07527924 6
0.0614 0.0053 0.06583058 13
0.0681 0.0061 0.07293643 6
0.0638 0.0086 0.07114993 17
0.0629 0.0106 0.072004 7
0.0587 0.0068 0.06434743 6
0.0709 0.0065 0.07605043 6
0.0688 0.0122 0.07925791 6
0.059 0.0093 0.06712553 11
0.0667 0.0072 0.07250145 4
0.0719 0.012 0.08220925 6
0.0631 0.01 0.07154378 3
0.0669 0.0059 0.07172169 14
0.0717 0.0106 0.08082056 10
0.0675 0.0069 0.07323643 9
0.0692 0.0061 0.07412963 11
0.0704 0.0125 0.08120237 10
0.0591 0.0149 0.07231055 8
0.0661 0.0059 0.07105231 18
0.0688 0.0089 0.07626209 8
0.0674 0.0068 0.07282099 3
0.0608 0.0079 0.06746972 7
0.0685 0.0073 0.07450663 6
0.0722 0.0202 0.09021964 11
0.0623 0.0095 0.07051157 12
0.0542 0.009 0.06198469 8
0.0637 0.012 0.07414313 9
0.0615 0.0064 0.06682567 9
0.0657 0.0092 0.07338072 4
0.0642 0.0061 0.06929568 8
0.0598 0.0049 0.06375055 9
0.0728 0.0063 0.07775778 4
0.0694 0.0109 0.07877158 6
0.0625 0.0199 0.08037338 9
0.0693 0.0088 0.0766352 6
0.0724 0.0142 0.08474107 5
0.0659 0.0109 0.07519584 9
0.063 0.0091 0.0707915 6
0.0584 0.0162 0.07287766 7
0.063 0.0115 0.07291689 8
0.0708 0.0045 0.07434234 9
0.0631 0.0114 0.07299306 6
0.0671 0.0106 0.07613974 5
0.0757 0.0069 0.08117478 5
0.0691 0.0071 0.07499506 7
0.0611 0.0086 0.06830126 5
0.0642 0.0087 0.07157073 11
0.0584 0.0096 0.06676428 12
0.066 0.0134 0.07769974 7
0.0625 0.0076 0.06892555 8
0.07 0.0096 0.07801537 6
0.0622 0.006 0.06701345 3
0.0679 0.0092 0.07575651 13
0.0736 0.0086 0.0807628 5
0.0607 0.0131 0.07211308 7
0.0697 0.0105 0.07855197 2
0.0705 0.0163 0.08486637 5
0.068 0.0106 0.07696432 3
0.0667 0.0131 0.07807087 3
0.0719 0.0126 0.08280987 8
0.0677 0.0095 0.07569342 7
0.0715 0.006 0.076225 5
0.0622 0.0054 0.06644026 8
0.0711 0.0035 0.07343135 3
0.0593 0.0119 0.06984912 10
0.0663 0.0059 0.07090023 3
0.0719 0.0111 0.08139677 8
0.0663 0.0121 0.07670789 7
0.0654 0.0121 0.07585259 10
0.0678 0.008 0.07448631 10
0.0721 0.0063 0.07713833 10
0.0689 0.0111 0.07836249 5
0.0671 0.0123 0.07811558 13
0.07 0.0067 0.07543355 11
0.0604 0.0107 0.06972878 13
0.0669 0.0074 0.0731052 7
0.0648 0.0071 0.07083272 12
0.0705 0.0138 0.08263067 9
0.066 0.0114 0.07628649 15
0.0701 0.0072 0.07595256 7
0.0666 0.0088 0.07395254 7
0.0637 0.0079 0.07030949 8
0.0639 0.0065 0.06919829 9
0.0765 0.0079 0.08291571 2
0.0637 0.01 0.07221458 4
0.0687 0.0136 0.08046038 3
0.0672 0.005 0.07102749 7
0.0663 0.0102 0.07495891 8
0.0699 0.0119 0.08014862 7
0.0599 0.0083 0.06687198 7
0.0674 0.0146 0.08015772 7
0.0664 0.0081 0.07316823 9
0.0733 0.0112 0.08277127 3
0.0705 0.0142 0.08293129 15
0.0568 0.0203 0.07520215 8
0.0678 0.0143 0.08024752 7
0.0711 0.0074 0.07717315 8
0.0668 0.0118 0.07709821 8
0.068 0.0044 0.07146966 7
0.0768 0.0165 0.09119359 7
0.0653 0.008 0.07191791 6
0.0617 0.0121 0.07234403 10
0.0681 0.0102 0.07670449 3
0.0653 0.0111 0.07477445 4
0.0723 0.0159 0.08619938 8
0.0635 0.0106 0.0725885 5
0.0708 0.003 0.07279038 9
0.0629 0.0075 0.06901034 4
0.0746 0.0076 0.08077377 9
0.0698 0.0149 0.08286967 4
0.0654 0.0125 0.07618998 9
0.0629 0.0163 0.07739253 7
0.0667 0.0061 0.07157797 9
0.0792 0.0091 0.08671398 7
0.0736 0.0092 0.08134937 9
0.0629 0.0123 0.0735128 5
0.0617 0.0063 0.06707249 10
0.0701 0.0077 0.07640009 6
0.067 0.0029 0.06889241 7
0.0648 0.0101 0.07334672 2
0.0614 0.0076 0.06796944 9
0.0683 0.004 0.0711671 2
0.0648 0.0061 0.06959184 2
0.0714 0.0127 0.08229897 3
0.0584 0.0049 0.06219502 7
0.0788 0.0029 0.08058932 7
0.0662 0.0079 0.07269388 6
0.07 0.0121 0.08035247 6
0.0686 0.0129 0.07981968 12
0.0667 0.0135 0.07844794 8
0.0653 0.0106 0.07446431 9
0.0615 0.0196 0.07912063 11
0.0612 0.0082 0.06809764 5