0.8855 +- -1.00 (1)
0.8906 +- -1.00 (1)
0.8224 +- -1.00 (1)
0.8886 +- -1.00 (1)
0.9094 +- -1.00 (1)
0.8558 +- -1.00 (1)
0.9325 +- -1.00 (1)
0.9180 +- -1.00 (1)
0.8370 +- -1.00 (1)
0.8626 +- -1.00 (1)
0.7136 +- -1.00 (1)
0.8685 +- -1.00 (1)
0.9030 +- -1.00 (1)
0.7464 +- -1.00 (1)
0.8851 +- -1.00 (1)
0.8538 +- -1.00 (1)
0.9446 +- -1.00 (1)
0.7471 +- -1.00 (1)
0.8641 +- -1.00 (1)
0.8808 +- -1.00 (1)
0.7771 +- -1.00 (1)
0.8968 +- -1.00 (1)
0.8832 +- -1.00 (1)
0.8961 +- -1.00 (1)
0.8867 +- -1.00 (1)
0.8604 +- -1.00 (1)
0.8468 +- -1.00 (1)
0.8981 +- -1.00 (1)
0.8778 +- -1.00 (1)
0.8857 +- -1.00 (1)
0.9208 +- -1.00 (1)
0.9451 +- -1.00 (1)
0.9450 +- -1.00 (1)
0.8939 +- -1.00 (1)
0.8878 +- -1.00 (1)
0.8782 +- -1.00 (1)
0.8486 +- -1.00 (1)
0.8150 +- -1.00 (1)
0.9276 +- -1.00 (1)
0.8973 +- -1.00 (1)
0.8195 +- -1.00 (1)
0.9043 +- -1.00 (1)
0.8982 +- -1.00 (1)
0.7682 +- -1.00 (1)
0.8794 +- -1.00 (1)
0.8471 +- -1.00 (1)
0.8668 +- -1.00 (1)
0.9166 +- -1.00 (1)
0.8793 +- -1.00 (1)
0.9222 +- -1.00 (1)
0.9094 +- -1.00 (1)
0.9200 +- -1.00 (1)
0.8283 +- -1.00 (1)
0.7931 +- -1.00 (1)
0.8529 +- -1.00 (1)
0.9511 +- -1.00 (1)
0.8438 +- -1.00 (1)
0.8459 +- -1.00 (1)
0.9251 +- -1.00 (1)
0.8988 +- -1.00 (1)
0.9342 +- -1.00 (1)
0.8845 +- -1.00 (1)
0.8382 +- -1.00 (1)
0.8833 +- -1.00 (1)
0.9344 +- -1.00 (1)
0.9252 +- -1.00 (1)
0.8854 +- -1.00 (1)
0.9042 +- -1.00 (1)
0.8700 +- -1.00 (1)
0.8566 +- -1.00 (1)
0.8406 +- -1.00 (1)
0.7852 +- -1.00 (1)
0.8391 +- -1.00 (1)
0.9173 +- -1.00 (1)
0.8773 +- -1.00 (1)
0.9221 +- -1.00 (1)
0.9459 +- -1.00 (1)
0.8939 +- -1.00 (1)
0.7723 +- -1.00 (1)
0.8244 +- -1.00 (1)
0.8374 +- -1.00 (1)
0.8558 +- -1.00 (1)
0.8759 +- -1.00 (1)
0.8706 +- -1.00 (1)
0.9371 +- -1.00 (1)
0.9267 +- -1.00 (1)
0.8806 +- -1.00 (1)
0.8311 +- -1.00 (1)
0.7709 +- -1.00 (1)
0.8283 +- -1.00 (1)
0.9210 +- -1.00 (1)
0.8537 +- -1.00 (1)
0.9129 +- -1.00 (1)
0.9223 +- -1.00 (1)
0.9076 +- -1.00 (1)
0.9298 +- -1.00 (1)
0.8898 +- -1.00 (1)
0.9193 +- -1.00 (1)
0.8649 +- -1.00 (1)
0.9170 +- -1.00 (1)
0.8775 +- -1.00 (1)
0.8898 +- -1.00 (1)
0.9009 +- -1.00 (1)
0.9176 +- -1.00 (1)
0.9121 +- -1.00 (1)
0.9160 +- -1.00 (1)
0.9475 +- -1.00 (1)
0.8917 +- -1.00 (1)
0.8847 +- -1.00 (1)
0.9310 +- -1.00 (1)
0.8287 +- -1.00 (1)
0.8725 +- -1.00 (1)
0.9211 +- -1.00 (1)
0.9034 +- -1.00 (1)
0.8957 +- -1.00 (1)
0.8680 +- -1.00 (1)
0.9157 +- -1.00 (1)
0.8769 +- -1.00 (1)
0.8554 +- -1.00 (1)
0.8340 +- -1.00 (1)
0.8485 +- -1.00 (1)
0.9038 +- -1.00 (1)
0.7824 +- -1.00 (1)
0.8797 +- -1.00 (1)
0.9051 +- -1.00 (1)
0.9236 +- -1.00 (1)
0.8765 +- -1.00 (1)
0.9251 +- -1.00 (1)
0.9460 +- -1.00 (1)
0.8959 +- -1.00 (1)
0.9013 +- -1.00 (1)
0.9286 +- -1.00 (1)
0.8199 +- -1.00 (1)
0.8605 +- -1.00 (1)
0.9286 +- -1.00 (1)
0.8975 +- -1.00 (1)
0.8820 +- -1.00 (1)
0.8803 +- -1.00 (1)
0.9297 +- -1.00 (1)
0.8845 +- -1.00 (1)
0.8861 +- -1.00 (1)
0.8953 +- -1.00 (1)
0.8608 +- -1.00 (1)
0.8320 +- -1.00 (1)
0.9135 +- -1.00 (1)
0.9055 +- -1.00 (1)
0.9131 +- -1.00 (1)
0.9007 +- -1.00 (1)
0.8343 +- -1.00 (1)
0.9207 +- -1.00 (1)
0.8962 +- -1.00 (1)
0.8949 +- -1.00 (1)
0.8708 +- -1.00 (1)
0.8771 +- -1.00 (1)
0.9189 +- -1.00 (1)
0.9225 +- -1.00 (1)
0.9132 +- -1.00 (1)
0.8513 +- -1.00 (1)
0.9133 +- -1.00 (1)
0.8662 +- -1.00 (1)
0.8513 +- -1.00 (1)
0.9094 +- -1.00 (1)
0.8664 +- -1.00 (1)
0.8951 +- -1.00 (1)
0.9268 +- -1.00 (1)
0.9181 +- -1.00 (1)
0.9134 +- -1.00 (1)
0.9193 +- -1.00 (1)
0.8145 +- -1.00 (1)
0.8925 +- -1.00 (1)
0.8904 +- -1.00 (1)
0.8415 +- -1.00 (1)
0.8704 +- -1.00 (1)
0.8972 +- -1.00 (1)
0.9069 +- -1.00 (1)
0.9499 +- -1.00 (1)
0.9289 +- -1.00 (1)
0.8818 +- -1.00 (1)
0.9051 +- -1.00 (1)
0.9015 +- -1.00 (1)
0.8962 +- -1.00 (1)
0.9132 +- -1.00 (1)
0.9299 +- -1.00 (1)
0.8726 +- -1.00 (1)
0.9249 +- -1.00 (1)
0.9252 +- -1.00 (1)
0.8822 +- -1.00 (1)
0.9025 +- -1.00 (1)
0.8308 +- -1.00 (1)
0.8726 +- -1.00 (1)
0.8541 +- -1.00 (1)
0.9021 +- -1.00 (1)
0.8789 +- -1.00 (1)
0.9093 +- -1.00 (1)
0.8885 +- -1.00 (1)
0.9389 +- -1.00 (1)
0.8901 +- -1.00 (1)
0.9202 +- -1.00 (1)
0.9236 +- -1.00 (1)
0.9223 +- -1.00 (1)
0.8632 +- -1.00 (1)
0.9030 +- -1.00 (1)
0.8820 +- -1.00 (1)
0.9325 +- -1.00 (1)
0.8799 +- -1.00 (1)
0.9170 +- -1.00 (1)
0.9122 +- -1.00 (1)
0.8571 +- -1.00 (1)
0.8834 +- -1.00 (1)
0.8490 +- -1.00 (1)
0.9047 +- -1.00 (1)
0.8900 +- -1.00 (1)
0.9023 +- -1.00 (1)
0.9218 +- -1.00 (1)
0.9089 +- -1.00 (1)
0.9060 +- -1.00 (1)
0.9294 +- -1.00 (1)
0.8181 +- -1.00 (1)
0.9222 +- -1.00 (1)
0.8900 +- -1.00 (1)
0.8531 +- -1.00 (1)
0.8882 +- -1.00 (1)
0.8876 +- -1.00 (1)
0.8837 +- -1.00 (1)
0.8896 +- -1.00 (1)
0.8735 +- -1.00 (1)
0.8991 +- -1.00 (1)
0.9337 +- -1.00 (1)
0.8925 +- -1.00 (1)
0.9149 +- -1.00 (1)
0.9251 +- -1.00 (1)
0.9157 +- -1.00 (1)
0.9423 +- -1.00 (1)
0.9314 +- -1.00 (1)
0.9025 +- -1.00 (1)
0.9021 +- -1.00 (1)
0.9253 +- -1.00 (1)
0.8643 +- -1.00 (1)
0.9243 +- -1.00 (1)
0.9140 +- -1.00 (1)
0.8959 +- -1.00 (1)
0.9192 +- -1.00 (1)
0.8444 +- -1.00 (1)
0.8573 +- -1.00 (1)
0.9029 +- -1.00 (1)
0.8636 +- -1.00 (1)
0.9278 +- -1.00 (1)
0.8954 +- -1.00 (1)
0.8894 +- -1.00 (1)
0.9110 +- -1.00 (1)
0.9158 +- -1.00 (1)
0.9008 +- -1.00 (1)
0.9248 +- -1.00 (1)
0.9005 +- -1.00 (1)
0.9049 +- -1.00 (1)
0.9041 +- -1.00 (1)
0.8758 +- -1.00 (1)
0.9026 +- -1.00 (1)
0.9208 +- -1.00 (1)
0.9070 +- -1.00 (1)
0.9300 +- -1.00 (1)
0.8895 +- -1.00 (1)
0.8964 +- -1.00 (1)
0.8958 +- -1.00 (1)
0.9198 +- -1.00 (1)
0.9166 +- -1.00 (1)
0.9319 +- -1.00 (1)
0.9098 +- -1.00 (1)
0.8919 +- -1.00 (1)
0.9000 +- -1.00 (1)
0.9042 +- -1.00 (1)
0.9341 +- -1.00 (1)
0.8866 +- -1.00 (1)
0.8679 +- -1.00 (1)
0.9030 +- -1.00 (1)
0.9201 +- -1.00 (1)
0.9146 +- -1.00 (1)
0.8804 +- -1.00 (1)
0.9424 +- -1.00 (1)
0.9290 +- -1.00 (1)
0.9226 +- -1.00 (1)
0.8788 +- -1.00 (1)
0.9017 +- -1.00 (1)
0.8510 +- -1.00 (1)
0.9220 +- -1.00 (1)
0.9205 +- -1.00 (1)
0.9359 +- -1.00 (1)
0.9221 +- -1.00 (1)
0.8530 +- -1.00 (1)
0.8883 +- -1.00 (1)
0.9316 +- -1.00 (1)
0.8960 +- -1.00 (1)
0.9092 +- -1.00 (1)
0.9151 +- -1.00 (1)
0.9037 +- -1.00 (1)
0.9360 +- -1.00 (1)
0.9033 +- -1.00 (1)
0.8824 +- -1.00 (1)
0.9157 +- -1.00 (1)
0.9196 +- -1.00 (1)
0.8979 +- -1.00 (1)
0.9365 +- -1.00 (1)
0.9175 +- -1.00 (1)
0.9297 +- -1.00 (1)
0.9284 +- -1.00 (1)
0.9023 +- -1.00 (1)
0.8747 +- -1.00 (1)
0.8449 +- -1.00 (1)
0.8891 +- -1.00 (1)
0.9210 +- -1.00 (1)
0.8911 +- -1.00 (1)
0.8820 +- -1.00 (1)
0.8829 +- -1.00 (1)
0.8998 +- -1.00 (1)
0.9246 +- -1.00 (1)
0.9129 +- -1.00 (1)
0.9030 +- -1.00 (1)
0.8893 +- -1.00 (1)
0.9256 +- -1.00 (1)
0.8786 +- -1.00 (1)
0.8913 +- -1.00 (1)
0.8780 +- -1.00 (1)
0.9372 +- -1.00 (1)
0.8475 +- -1.00 (1)
0.9202 +- -1.00 (1)
0.8889 +- -1.00 (1)
0.9163 +- -1.00 (1)
0.9317 +- -1.00 (1)
0.8784 +- -1.00 (1)
0.8954 +- -1.00 (1)
0.9086 +- -1.00 (1)
0.9299 +- -1.00 (1)
0.9042 +- -1.00 (1)
0.8829 +- -1.00 (1)
0.8976 +- -1.00 (1)
0.9119 +- -1.00 (1)
0.9108 +- -1.00 (1)
0.8702 +- -1.00 (1)
0.9236 +- -1.00 (1)
0.9009 +- -1.00 (1)
0.8492 +- -1.00 (1)
0.9089 +- -1.00 (1)
0.8741 +- -1.00 (1)
0.8612 +- -1.00 (1)
0.8971 +- -1.00 (1)
0.8841 +- -1.00 (1)
0.8602 +- -1.00 (1)
0.9156 +- -1.00 (1)
0.8971 +- -1.00 (1)
0.9328 +- -1.00 (1)
0.8966 +- -1.00 (1)
0.9118 +- -1.00 (1)
0.8439 +- -1.00 (1)
0.8943 +- -1.00 (1)
0.8804 +- -1.00 (1)
0.9292 +- -1.00 (1)
0.8794 +- -1.00 (1)
0.8908 +- -1.00 (1)
0.9095 +- -1.00 (1)
0.9399 +- -1.00 (1)
0.9381 +- -1.00 (1)
0.8954 +- -1.00 (1)
0.9117 +- -1.00 (1)
0.8643 +- -1.00 (1)
0.8567 +- -1.00 (1)
0.8758 +- -1.00 (1)
0.9102 +- -1.00 (1)
0.8819 +- -1.00 (1)
0.9227 +- -1.00 (1)
0.9091 +- -1.00 (1)
0.9128 +- -1.00 (1)
0.8736 +- -1.00 (1)
0.8726 +- -1.00 (1)
0.8781 +- -1.00 (1)
0.9206 +- -1.00 (1)
0.8626 +- -1.00 (1)
0.9101 +- -1.00 (1)
0.8978 +- -1.00 (1)
0.9499 +- -1.00 (1)
0.9136 +- -1.00 (1)
0.8873 +- -1.00 (1)
0.8909 +- -1.00 (1)
0.8880 +- -1.00 (1)
0.8760 +- -1.00 (1)
0.9324 +- -1.00 (1)
0.9206 +- -1.00 (1)
0.9103 +- -1.00 (1)
0.9072 +- -1.00 (1)
0.8629 +- -1.00 (1)
0.9092 +- -1.00 (1)
0.8223 +- -1.00 (1)
0.8997 +- -1.00 (1)
0.8855 +- -1.00 (1)
0.9392 +- -1.00 (1)
0.9079 +- -1.00 (1)
0.9253 +- -1.00 (1)
0.8896 +- -1.00 (1)
0.8990 +- -1.00 (1)
0.8821 +- -1.00 (1)
0.8784 +- -1.00 (1)
0.9129 +- -1.00 (1)
0.9180 +- -1.00 (1)
0.8860 +- -1.00 (1)
0.9439 +- -1.00 (1)
0.8865 +- -1.00 (1)
0.8728 +- -1.00 (1)
0.9033 +- -1.00 (1)
0.8381 +- -1.00 (1)
0.9169 +- -1.00 (1)
0.9093 +- -1.00 (1)
0.9049 +- -1.00 (1)
0.8853 +- -1.00 (1)
0.9224 +- -1.00 (1)
0.9133 +- -1.00 (1)
0.9083 +- -1.00 (1)
0.9037 +- -1.00 (1)
0.9010 +- -1.00 (1)
0.8484 +- -1.00 (1)
0.9113 +- -1.00 (1)
0.9241 +- -1.00 (1)
0.9005 +- -1.00 (1)
0.8918 +- -1.00 (1)
0.9100 +- -1.00 (1)
0.8728 +- -1.00 (1)
0.9076 +- -1.00 (1)
0.8634 +- -1.00 (1)
0.9090 +- -1.00 (1)
0.9221 +- -1.00 (1)
0.9287 +- -1.00 (1)
0.9202 +- -1.00 (1)
0.9057 +- -1.00 (1)
0.9014 +- -1.00 (1)
0.8871 +- -1.00 (1)
0.8762 +- -1.00 (1)
0.8888 +- -1.00 (1)
0.8634 +- -1.00 (1)
0.8787 +- -1.00 (1)
0.9264 +- -1.00 (1)
0.8983 +- -1.00 (1)
0.8875 +- -1.00 (1)
0.8833 +- -1.00 (1)
0.8953 +- -1.00 (1)
0.8582 +- -1.00 (1)
0.8969 +- -1.00 (1)
0.8938 +- -1.00 (1)
0.9181 +- -1.00 (1)
0.8808 +- -1.00 (1)
0.9147 +- -1.00 (1)
0.8780 +- -1.00 (1)
0.9008 +- -1.00 (1)
0.9237 +- -1.00 (1)
0.9221 +- -1.00 (1)
0.9107 +- -1.00 (1)
0.8675 +- -1.00 (1)
0.9024 +- -1.00 (1)
0.8960 +- -1.00 (1)
0.8940 +- -1.00 (1)
0.9046 +- -1.00 (1)
0.9191 +- -1.00 (1)
0.8834 +- -1.00 (1)
0.8982 +- -1.00 (1)
0.8895 +- -1.00 (1)
0.9012 +- -1.00 (1)
0.9045 +- -1.00 (1)
0.8877 +- -1.00 (1)
0.9079 +- -1.00 (1)
0.8995 +- -1.00 (1)
0.9074 +- -1.00 (1)
0.9017 +- -1.00 (1)
0.8997 +- -1.00 (1)
0.8779 +- -1.00 (1)
0.9052 +- -1.00 (1)
0.8919 +- -1.00 (1)
0.8975 +- -1.00 (1)
0.9219 +- -1.00 (1)
0.8768 +- -1.00 (1)
0.9231 +- -1.00 (1)
0.8964 +- -1.00 (1)
0.8469 +- -1.00 (1)
0.8806 +- -1.00 (1)
0.8963 +- -1.00 (1)
0.9112 +- -1.00 (1)
0.9153 +- -1.00 (1)
0.8630 +- -1.00 (1)
0.9185 +- -1.00 (1)
0.9223 +- -1.00 (1)
0.8736 +- -1.00 (1)
0.8928 +- -1.00 (1)
0.9173 +- -1.00 (1)
0.8859 +- -1.00 (1)
0.9044 +- -1.00 (1)
0.9056 +- -1.00 (1)
0.8728 +- -1.00 (1)
0.8849 +- -1.00 (1)
0.8950 +- -1.00 (1)
0.9321 +- -1.00 (1)
0.8696 +- -1.00 (1)
0.9210 +- -1.00 (1)
0.9109 +- -1.00 (1)
0.9069 +- -1.00 (1)
0.9108 +- -1.00 (1)
0.8981 +- -1.00 (1)
0.9105 +- -1.00 (1)
0.9050 +- -1.00 (1)
0.9062 +- -1.00 (1)
0.9030 +- -1.00 (1)
0.8673 +- -1.00 (1)
0.9193 +- -1.00 (1)
0.9065 +- -1.00 (1)
0.8994 +- -1.00 (1)
0.8976 +- -1.00 (1)
0.8862 +- -1.00 (1)
0.9291 +- -1.00 (1)
0.8795 +- -1.00 (1)
0.9059 +- -1.00 (1)
0.8828 +- -1.00 (1)
0.8917 +- -1.00 (1)
0.8565 +- -1.00 (1)
0.8755 +- -1.00 (1)
0.8893 +- -1.00 (1)
0.9090 +- -1.00 (1)
0.9228 +- -1.00 (1)
0.8983 +- -1.00 (1)
0.8681 +- -1.00 (1)
0.8909 +- -1.00 (1)
0.8656 +- -1.00 (1)
0.8990 +- -1.00 (1)
0.9068 +- -1.00 (1)
0.8807 +- -1.00 (1)
0.8830 +- -1.00 (1)
0.8942 +- -1.00 (1)
0.9110 +- -1.00 (1)
0.9019 +- -1.00 (1)
0.9167 +- -1.00 (1)
0.8937 +- -1.00 (1)
0.8873 +- -1.00 (1)
0.8937 +- -1.00 (1)
0.8866 +- -1.00 (1)
0.9388 +- -1.00 (1)
0.8927 +- -1.00 (1)
0.8571 +- -1.00 (1)
0.9001 +- -1.00 (1)
0.8808 +- -1.00 (1)
0.8991 +- -1.00 (1)
0.9209 +- -1.00 (1)
0.8912 +- -1.00 (1)
0.8806 +- -1.00 (1)
0.9181 +- -1.00 (1)
0.9325 +- -1.00 (1)
0.9071 +- -1.00 (1)
0.9126 +- -1.00 (1)
0.8870 +- -1.00 (1)
0.9232 +- -1.00 (1)
0.8693 +- -1.00 (1)
0.8991 +- -1.00 (1)
0.9156 +- -1.00 (1)
0.8762 +- -1.00 (1)
0.8638 +- -1.00 (1)
0.9190 +- -1.00 (1)
0.9156 +- -1.00 (1)
0.8899 +- -1.00 (1)
0.8925 +- -1.00 (1)
0.8833 +- -1.00 (1)
0.8874 +- -1.00 (1)
0.9098 +- -1.00 (1)
0.9071 +- -1.00 (1)
0.8999 +- -1.00 (1)
0.8973 +- -1.00 (1)
0.9043 +- -1.00 (1)
0.9020 +- -1.00 (1)
0.9046 +- -1.00 (1)
0.9260 +- -1.00 (1)
0.8707 +- -1.00 (1)
0.8631 +- -1.00 (1)
0.8972 +- -1.00 (1)
0.8948 +- -1.00 (1)
0.9122 +- -1.00 (1)
0.9131 +- -1.00 (1)
0.8726 +- -1.00 (1)
0.9157 +- -1.00 (1)
0.8647 +- -1.00 (1)
0.8877 +- -1.00 (1)
0.9198 +- -1.00 (1)
0.8913 +- -1.00 (1)
0.8923 +- -1.00 (1)
0.8999 +- -1.00 (1)
0.8958 +- -1.00 (1)
0.9131 +- -1.00 (1)
0.9005 +- -1.00 (1)
0.8734 +- -1.00 (1)
0.9073 +- -1.00 (1)
0.8901 +- -1.00 (1)
0.8993 +- -1.00 (1)
0.9099 +- -1.00 (1)
0.8840 +- -1.00 (1)
0.8948 +- -1.00 (1)
0.8904 +- -1.00 (1)
0.9212 +- -1.00 (1)
0.8494 +- -1.00 (1)
0.9109 +- -1.00 (1)
0.9107 +- -1.00 (1)
0.9269 +- -1.00 (1)
0.8680 +- -1.00 (1)
0.9285 +- -1.00 (1)
0.8698 +- -1.00 (1)
0.8833 +- -1.00 (1)
0.8512 +- -1.00 (1)
0.9067 +- -1.00 (1)
0.8632 +- -1.00 (1)
0.8870 +- -1.00 (1)
0.9046 +- -1.00 (1)
0.8654 +- -1.00 (1)
0.9225 +- -1.00 (1)
0.8547 +- -1.00 (1)
0.8782 +- -1.00 (1)
0.8741 +- -1.00 (1)
0.8950 +- -1.00 (1)
0.8941 +- -1.00 (1)
0.8927 +- -1.00 (1)
0.8891 +- -1.00 (1)
0.8982 +- -1.00 (1)
0.8397 +- -1.00 (1)
0.8715 +- -1.00 (1)
0.8720 +- -1.00 (1)
0.8896 +- -1.00 (1)
0.8878 +- -1.00 (1)
0.8899 +- -1.00 (1)
0.8865 +- -1.00 (1)
0.8760 +- -1.00 (1)
0.8427 +- -1.00 (1)
0.8952 +- -1.00 (1)
0.8913 +- -1.00 (1)
0.8942 +- -1.00 (1)
0.9094 +- -1.00 (1)
0.9048 +- -1.00 (1)
0.8898 +- -1.00 (1)
0.8969 +- -1.00 (1)
0.9104 +- -1.00 (1)
0.9137 +- -1.00 (1)
0.8708 +- -1.00 (1)
0.8973 +- -1.00 (1)
0.8780 +- -1.00 (1)
0.9004 +- -1.00 (1)
0.8890 +- -1.00 (1)
0.8617 +- -1.00 (1)
0.8953 +- -1.00 (1)
0.9150 +- -1.00 (1)
0.8866 +- -1.00 (1)
0.8743 +- -1.00 (1)
0.8852 +- -1.00 (1)
0.8934 +- -1.00 (1)
0.8939 +- -1.00 (1)
0.9029 +- -1.00 (1)
0.8900 +- -1.00 (1)
0.8926 +- -1.00 (1)
0.9015 +- -1.00 (1)
0.8665 +- -1.00 (1)
0.8965 +- -1.00 (1)
0.8937 +- -1.00 (1)
0.8632 +- -1.00 (1)
0.9091 +- -1.00 (1)
0.8941 +- -1.00 (1)
0.8961 +- -1.00 (1)
0.8802 +- -1.00 (1)
0.9253 +- -1.00 (1)
0.8459 +- -1.00 (1)
0.9014 +- -1.00 (1)
0.8933 +- -1.00 (1)
0.8894 +- -1.00 (1)
0.8997 +- -1.00 (1)
0.8966 +- -1.00 (1)
0.8943 +- -1.00 (1)
0.8931 +- -1.00 (1)
0.8727 +- -1.00 (1)
0.8855 +- -1.00 (1)
0.8983 +- -1.00 (1)
0.9136 +- -1.00 (1)
0.9079 +- -1.00 (1)
0.9037 +- -1.00 (1)
0.8613 +- -1.00 (1)
0.8833 +- -1.00 (1)
0.9059 +- -1.00 (1)
0.8914 +- -1.00 (1)
0.9080 +- -1.00 (1)
0.9161 +- -1.00 (1)
0.9017 +- -1.00 (1)
0.8718 +- -1.00 (1)
0.9079 +- -1.00 (1)
0.8876 +- -1.00 (1)
0.8644 +- -1.00 (1)
0.8714 +- -1.00 (1)
0.8815 +- -1.00 (1)
0.8683 +- -1.00 (1)
0.8989 +- -1.00 (1)
0.8988 +- -1.00 (1)
0.8812 +- -1.00 (1)
0.8582 +- -1.00 (1)
0.8694 +- -1.00 (1)
0.9016 +- -1.00 (1)
0.8927 +- -1.00 (1)
0.8709 +- -1.00 (1)
0.9095 +- -1.00 (1)
0.8821 +- -1.00 (1)
0.8604 +- -1.00 (1)
0.8728 +- -1.00 (1)
0.8856 +- -1.00 (1)
0.8966 +- -1.00 (1)
0.8900 +- -1.00 (1)
0.8762 +- -1.00 (1)
0.8746 +- -1.00 (1)
0.8497 +- -1.00 (1)
0.8979 +- -1.00 (1)
0.8918 +- -1.00 (1)
0.9110 +- -1.00 (1)
0.8775 +- -1.00 (1)
0.8714 +- -1.00 (1)
0.9057 +- -1.00 (1)
0.8897 +- -1.00 (1)
0.8850 +- -1.00 (1)
0.8706 +- -1.00 (1)
0.8821 +- -1.00 (1)
0.8519 +- -1.00 (1)
0.8779 +- -1.00 (1)
0.8875 +- -1.00 (1)
0.8623 +- -1.00 (1)
0.8847 +- -1.00 (1)
0.8808 +- -1.00 (1)
0.8822 +- -1.00 (1)
0.8727 +- -1.00 (1)
0.8948 +- -1.00 (1)
0.8849 +- -1.00 (1)
0.8968 +- -1.00 (1)
0.8683 +- -1.00 (1)
0.8963 +- -1.00 (1)
0.8577 +- -1.00 (1)
0.8526 +- -1.00 (1)
0.9006 +- -1.00 (1)
0.9139 +- -1.00 (1)
0.8683 +- -1.00 (1)
0.8767 +- -1.00 (1)
0.8864 +- -1.00 (1)
0.8475 +- -1.00 (1)
0.8773 +- -1.00 (1)
0.9025 +- -1.00 (1)
0.8703 +- -1.00 (1)
0.8856 +- -1.00 (1)
0.8686 +- -1.00 (1)
0.8853 +- -1.00 (1)
0.8884 +- -1.00 (1)
0.9007 +- -1.00 (1)
0.8694 +- -1.00 (1)
0.8724 +- -1.00 (1)
0.8812 +- -1.00 (1)
0.8706 +- -1.00 (1)
0.8646 +- -1.00 (1)
0.8820 +- -1.00 (1)
0.8622 +- -1.00 (1)
0.8839 +- -1.00 (1)
0.8962 +- -1.00 (1)
0.8616 +- -1.00 (1)
0.8948 +- -1.00 (1)
0.9006 +- -1.00 (1)
0.8878 +- -1.00 (1)
0.8809 +- -1.00 (1)
0.9052 +- -1.00 (1)
0.8753 +- -1.00 (1)
0.9096 +- -1.00 (1)
0.8851 +- -1.00 (1)
0.8875 +- -1.00 (1)
0.8557 +- -1.00 (1)
0.8843 +- -1.00 (1)
0.8838 +- -1.00 (1)
0.8765 +- -1.00 (1)
0.8965 +- -1.00 (1)
0.9018 +- -1.00 (1)
0.8951 +- -1.00 (1)
0.8669 +- -1.00 (1)
0.8821 +- -1.00 (1)
0.8892 +- -1.00 (1)
0.8925 +- -1.00 (1)
0.8366 +- -1.00 (1)
0.8964 +- -1.00 (1)
0.8545 +- -1.00 (1)
0.8826 +- -1.00 (1)
0.8620 +- -1.00 (1)
0.8797 +- -1.00 (1)
0.8600 +- -1.00 (1)
0.8922 +- -1.00 (1)
0.8735 +- -1.00 (1)
0.8616 +- -1.00 (1)
0.8902 +- -1.00 (1)
0.8598 +- -1.00 (1)
0.8541 +- -1.00 (1)
0.8955 +- -1.00 (1)
0.9033 +- -1.00 (1)
0.8860 +- -1.00 (1)
0.8662 +- -1.00 (1)
0.8873 +- -1.00 (1)
0.8833 +- -1.00 (1)
0.8826 +- -1.00 (1)
0.8876 +- -1.00 (1)
0.8916 +- -1.00 (1)
0.8830 +- -1.00 (1)
0.8706 +- -1.00 (1)
0.8716 +- -1.00 (1)
0.8968 +- -1.00 (1)
0.8610 +- -1.00 (1)
0.8812 +- -1.00 (1)
0.8694 +- -1.00 (1)
0.8606 +- -1.00 (1)
0.8720 +- -1.00 (1)
0.8984 +- -1.00 (1)
0.8905 +- -1.00 (1)
0.8651 +- -1.00 (1)
0.9014 +- -1.00 (1)
0.8926 +- -1.00 (1)
0.8787 +- -1.00 (1)
0.8848 +- -1.00 (1)
0.8838 +- -1.00 (1)
0.8847 +- -1.00 (1)
0.8781 +- -1.00 (1)
0.8809 +- -1.00 (1)
0.8835 +- -1.00 (1)
0.8622 +- -1.00 (1)
0.8748 +- -1.00 (1)
0.8946 +- -1.00 (1)
0.8795 +- -1.00 (1)
0.8742 +- -1.00 (1)
0.9077 +- -1.00 (1)
0.8884 +- -1.00 (1)
0.8809 +- -1.00 (1)
0.8905 +- -1.00 (1)
0.8532 +- -1.00 (1)
0.8882 +- -1.00 (1)
0.8706 +- -1.00 (1)
0.9010 +- -1.00 (1)
0.8876 +- -1.00 (1)
0.8678 +- -1.00 (1)
0.8734 +- -1.00 (1)
0.8746 +- -1.00 (1)
0.8621 +- -1.00 (1)
0.8413 +- -1.00 (1)
0.9098 +- -1.00 (1)
0.8827 +- -1.00 (1)
0.8683 +- -1.00 (1)
0.8849 +- -1.00 (1)
0.8632 +- -1.00 (1)
0.8881 +- -1.00 (1)
0.8873 +- -1.00 (1)
0.8837 +- -1.00 (1)
0.8700 +- -1.00 (1)
0.8593 +- -1.00 (1)
0.8490 +- -1.00 (1)
0.8948 +- -1.00 (1)
0.8870 +- -1.00 (1)
0.8853 +- -1.00 (1)
0.8658 +- -1.00 (1)
0.8814 +- -1.00 (1)
0.9064 +- -1.00 (1)
0.8890 +- -1.00 (1)
0.8520 +- -1.00 (1)
0.8659 +- -1.00 (1)
0.8894 +- -1.00 (1)
0.8721 +- -1.00 (1)
0.8884 +- -1.00 (1)
0.8663 +- -1.00 (1)
0.8914 +- -1.00 (1)
0.8660 +- -1.00 (1)
0.8792 +- -1.00 (1)
0.8647 +- -1.00 (1)
0.8825 +- -1.00 (1)
0.8549 +- -1.00 (1)
0.9050 +- -1.00 (1)
0.8495 +- -1.00 (1)
0.9022 +- -1.00 (1)
0.8955 +- -1.00 (1)
0.8954 +- -1.00 (1)
0.8921 +- -1.00 (1)
0.8673 +- -1.00 (1)
0.8841 +- -1.00 (1)
0.8820 +- -1.00 (1)
0.8569 +- -1.00 (1)
0.8574 +- -1.00 (1)
0.8816 +- -1.00 (1)
0.8757 +- -1.00 (1)
0.8855 +- -1.00 (1)
0.8746 +- -1.00 (1)
0.8749 +- -1.00 (1)
0.8632 +- -1.00 (1)
0.8634 +- -1.00 (1)
0.8484 +- -1.00 (1)
0.8693 +- -1.00 (1)
0.8627 +- -1.00 (1)
0.8833 +- -1.00 (1)
0.8639 +- -1.00 (1)
0.8652 +- -1.00 (1)
0.8703 +- -1.00 (1)
0.8738 +- -1.00 (1)
0.8932 +- -1.00 (1)
0.8718 +- -1.00 (1)
0.8548 +- -1.00 (1)
0.8836 +- -1.00 (1)
0.8663 +- -1.00 (1)
0.8912 +- -1.00 (1)
0.8480 +- -1.00 (1)
0.8838 +- -1.00 (1)
0.8683 +- -1.00 (1)
0.8720 +- -1.00 (1)
0.8863 +- -1.00 (1)
0.8827 +- -1.00 (1)
0.8670 +- -1.00 (1)
0.8808 +- -1.00 (1)
0.8609 +- -1.00 (1)
0.8620 +- -1.00 (1)
0.8659 +- -1.00 (1)
0.8525 +- -1.00 (1)
0.8772 +- -1.00 (1)
0.8688 +- -1.00 (1)
0.8591 +- -1.00 (1)
0.8559 +- -1.00 (1)
0.8896 +- -1.00 (1)
0.8373 +- -1.00 (1)
0.8540 +- -1.00 (1)
0.8820 +- -1.00 (1)
0.8691 +- -1.00 (1)
0.8810 +- -1.00 (1)
0.8910 +- -1.00 (1)
0.8662 +- -1.00 (1)
0.9007 +- -1.00 (1)
0.8583 +- -1.00 (1)
0.8863 +- -1.00 (1)
0.8987 +- -1.00 (1)
0.8908 +- -1.00 (1)
0.8787 +- -1.00 (1)
0.8645 +- -1.00 (1)
0.8720 +- -1.00 (1)
0.8535 +- -1.00 (1)
0.8610 +- -1.00 (1)
0.8789 +- -1.00 (1)
0.9106 +- -1.00 (1)
0.8796 +- -1.00 (1)
0.8814 +- -1.00 (1)
0.8522 +- -1.00 (1)
0.8558 +- -1.00 (1)
0.8797 +- -1.00 (1)
0.8611 +- -1.00 (1)
0.8659 +- -1.00 (1)
0.8844 +- -1.00 (1)
0.8876 +- -1.00 (1)
0.8800 +- -1.00 (1)
0.8606 +- -1.00 (1)
0.8551 +- -1.00 (1)
0.8757 +- -1.00 (1)
0.8835 +- -1.00 (1)
0.8737 +- -1.00 (1)
0.8690 +- -1.00 (1)
0.8689 +- -1.00 (1)
0.8689 +- -1.00 (1)
0.8866 +- -1.00 (1)
0.8810 +- -1.00 (1)
0.8609 +- -1.00 (1)
0.8473 +- -1.00 (1)
0.8938 +- -1.00 (1)
0.8752 +- -1.00 (1)
0.8646 +- -1.00 (1)
0.8869 +- -1.00 (1)
0.8924 +- -1.00 (1)
0.8361 +- -1.00 (1)
0.8677 +- -1.00 (1)
0.8623 +- -1.00 (1)
0.8817 +- -1.00 (1)
0.8679 +- -1.00 (1)
0.8989 +- -1.00 (1)
0.8780 +- -1.00 (1)
0.8711 +- -1.00 (1)
0.8616 +- -1.00 (1)
0.9018 +- -1.00 (1)
0.8990 +- -1.00 (1)
0.8826 +- -1.00 (1)
0.8943 +- -1.00 (1)
0.8404 +- -1.00 (1)
0.8701 +- -1.00 (1)
0.8449 +- -1.00 (1)
0.8675 +- -1.00 (1)
0.8576 +- -1.00 (1)
0.8560 +- -1.00 (1)
0.8958 +- -1.00 (1)
0.8885 +- -1.00 (1)
0.8774 +- -1.00 (1)
0.8708 +- -1.00 (1)
0.8878 +- -1.00 (1)
0.8680 +- -1.00 (1)
0.8672 +- -1.00 (1)
0.8688 +- -1.00 (1)
0.8737 +- -1.00 (1)
0.8820 +- -1.00 (1)
0.8701 +- -1.00 (1)
0.8759 +- -1.00 (1)
0.8630 +- -1.00 (1)
0.8301 +- -1.00 (1)
0.8850 +- -1.00 (1)
0.8745 +- -1.00 (1)
0.8560 +- -1.00 (1)
0.9056 +- -1.00 (1)
0.8729 +- -1.00 (1)
0.8718 +- -1.00 (1)
0.8789 +- -1.00 (1)
0.8699 +- -1.00 (1)
0.8719 +- -1.00 (1)
0.8502 +- -1.00 (1)
0.8528 +- -1.00 (1)
0.8654 +- -1.00 (1)
0.8696 +- -1.00 (1)
0.8682 +- -1.00 (1)
0.8665 +- -1.00 (1)
0.8844 +- -1.00 (1)
0.8519 +- -1.00 (1)
0.8797 +- -1.00 (1)
0.8493 +- -1.00 (1)
0.8714 +- -1.00 (1)
0.8727 +- -1.00 (1)
0.8663 +- -1.00 (1)
0.8554 +- -1.00 (1)
0.8700 +- -1.00 (1)
0.8666 +- -1.00 (1)
0.8989 +- -1.00 (1)
0.8561 +- -1.00 (1)
0.8593 +- -1.00 (1)
0.8555 +- -1.00 (1)
0.8807 +- -1.00 (1)
0.8693 +- -1.00 (1)
0.8630 +- -1.00 (1)
0.8893 +- -1.00 (1)
0.8574 +- -1.00 (1)
0.8754 +- -1.00 (1)
0.8606 +- -1.00 (1)
0.8589 +- -1.00 (1)
0.8747 +- -1.00 (1)
0.8775 +- -1.00 (1)
0.8403 +- -1.00 (1)
0.8880 +- -1.00 (1)
0.8631 +- -1.00 (1)
0.8929 +- -1.00 (1)
0.8603 +- -1.00 (1)
0.8522 +- -1.00 (1)
0.8567 +- -1.00 (1)
0.8670 +- -1.00 (1)
0.8687 +- -1.00 (1)
0.8557 +- -1.00 (1)
0.8856 +- -1.00 (1)
0.8695 +- -1.00 (1)
0.8761 +- -1.00 (1)
0.8825 +- -1.00 (1)
0.8575 +- -1.00 (1)
0.8805 +- -1.00 (1)
0.8625 +- -1.00 (1)
0.8803 +- -1.00 (1)
0.8461 +- -1.00 (1)
0.8758 +- -1.00 (1)
0.8670 +- -1.00 (1)
0.8464 +- -1.00 (1)
0.8542 +- -1.00 (1)
0.8531 +- -1.00 (1)
0.8667 +- -1.00 (1)
0.8634 +- -1.00 (1)
0.8748 +- -1.00 (1)
0.8685 +- -1.00 (1)
0.8693 +- -1.00 (1)
0.8634 +- -1.00 (1)
0.8421 +- -1.00 (1)
0.8630 +- -1.00 (1)
0.8690 +- -1.00 (1)
0.8789 +- -1.00 (1)
0.8735 +- -1.00 (1)
0.8542 +- -1.00 (1)
0.8794 +- -1.00 (1)
0.8477 +- -1.00 (1)
0.8982 +- -1.00 (1)
0.8860 +- -1.00 (1)
0.8627 +- -1.00 (1)
0.8608 +- -1.00 (1)
0.8693 +- -1.00 (1)
0.8419 +- -1.00 (1)
0.8678 +- -1.00 (1)
0.8607 +- -1.00 (1)
0.8632 +- -1.00 (1)
0.8827 +- -1.00 (1)
0.8367 +- -1.00 (1)
0.8834 +- -1.00 (1)
0.8640 +- -1.00 (1)
0.8618 +- -1.00 (1)
0.8815 +- -1.00 (1)
0.8731 +- -1.00 (1)
0.8606 +- -1.00 (1)
0.8693 +- -1.00 (1)
0.8558 +- -1.00 (1)
0.8873 +- -1.00 (1)
0.8700 +- -1.00 (1)
0.8619 +- -1.00 (1)
0.8419 +- -1.00 (1)
0.8602 +- -1.00 (1)
0.8639 +- -1.00 (1)
0.8656 +- -1.00 (1)
0.8701 +- -1.00 (1)
0.8699 +- -1.00 (1)
0.8814 +- -1.00 (1)
0.8793 +- -1.00 (1)
0.8586 +- -1.00 (1)
0.8376 +- -1.00 (1)
0.8369 +- -1.00 (1)
0.8635 +- -1.00 (1)
0.8752 +- -1.00 (1)
0.8379 +- -1.00 (1)
0.8794 +- -1.00 (1)
0.9033 +- -1.00 (1)
0.8602 +- -1.00 (1)
0.8589 +- -1.00 (1)
0.8708 +- -1.00 (1)
0.8660 +- -1.00 (1)
0.8706 +- -1.00 (1)
0.8575 +- -1.00 (1)
0.8540 +- -1.00 (1)
0.8333 +- -1.00 (1)
0.8773 +- -1.00 (1)
0.8752 +- -1.00 (1)
0.8616 +- -1.00 (1)
0.8762 +- -1.00 (1)
0.8844 +- -1.00 (1)
0.8569 +- -1.00 (1)
0.8965 +- -1.00 (1)
0.8711 +- -1.00 (1)
0.8289 +- -1.00 (1)
0.8505 +- -1.00 (1)
0.8549 +- -1.00 (1)
0.8857 +- -1.00 (1)
0.8598 +- -1.00 (1)
0.8782 +- -1.00 (1)
0.8630 +- -1.00 (1)
0.8662 +- -1.00 (1)
0.8909 +- -1.00 (1)
0.8573 +- -1.00 (1)
0.8364 +- -1.00 (1)
0.8733 +- -1.00 (1)
0.8717 +- -1.00 (1)
0.8662 +- -1.00 (1)
0.8682 +- -1.00 (1)
0.8690 +- -1.00 (1)
0.8722 +- -1.00 (1)
0.8553 +- -1.00 (1)
0.8762 +- -1.00 (1)
0.8568 +- -1.00 (1)
0.8759 +- -1.00 (1)
0.8556 +- -1.00 (1)
0.8667 +- -1.00 (1)
0.8697 +- -1.00 (1)
0.8683 +- -1.00 (1)
0.8460 +- -1.00 (1)
0.8543 +- -1.00 (1)
0.8595 +- -1.00 (1)
0.8357 +- -1.00 (1)
0.8506 +- -1.00 (1)
0.8555 +- -1.00 (1)
0.9000 +- -1.00 (1)
0.8689 +- -1.00 (1)
0.8676 +- -1.00 (1)
0.8713 +- -1.00 (1)
0.8575 +- -1.00 (1)
0.8721 +- -1.00 (1)
0.8490 +- -1.00 (1)
0.8679 +- -1.00 (1)
0.8636 +- -1.00 (1)
0.8725 +- -1.00 (1)
0.8764 +- -1.00 (1)
0.8612 +- -1.00 (1)
0.8921 +- -1.00 (1)
0.8485 +- -1.00 (1)
0.8560 +- -1.00 (1)
0.8628 +- -1.00 (1)
0.8873 +- -1.00 (1)
0.8607 +- -1.00 (1)
0.8585 +- -1.00 (1)
0.8672 +- -1.00 (1)
0.8620 +- -1.00 (1)
0.8391 +- -1.00 (1)
0.8648 +- -1.00 (1)
0.8818 +- -1.00 (1)
0.8729 +- -1.00 (1)
0.8287 +- -1.00 (1)
0.8694 +- -1.00 (1)
0.8456 +- -1.00 (1)
0.8490 +- -1.00 (1)
0.8709 +- -1.00 (1)
0.8965 +- -1.00 (1)
0.8690 +- -1.00 (1)
0.8732 +- -1.00 (1)
0.8691 +- -1.00 (1)
0.8555 +- -1.00 (1)
0.8768 +- -1.00 (1)
0.8624 +- -1.00 (1)
0.8770 +- -1.00 (1)
0.8709 +- -1.00 (1)
0.8560 +- -1.00 (1)
0.8722 +- -1.00 (1)
0.8877 +- -1.00 (1)
0.8712 +- -1.00 (1)
0.8646 +- -1.00 (1)
0.8555 +- -1.00 (1)
0.8631 +- -1.00 (1)
0.8702 +- -1.00 (1)
0.8823 +- -1.00 (1)
0.8766 +- -1.00 (1)
0.8564 +- -1.00 (1)
0.8817 +- -1.00 (1)
0.8707 +- -1.00 (1)
0.8516 +- -1.00 (1)
0.8655 +- -1.00 (1)
0.8612 +- -1.00 (1)
0.8644 +- -1.00 (1)
0.8625 +- -1.00 (1)
0.8641 +- -1.00 (1)
0.8567 +- -1.00 (1)
0.8740 +- -1.00 (1)
0.8857 +- -1.00 (1)
0.8508 +- -1.00 (1)
0.8607 +- -1.00 (1)
0.8815 +- -1.00 (1)
0.8748 +- -1.00 (1)
0.8562 +- -1.00 (1)
0.8459 +- -1.00 (1)
0.8581 +- -1.00 (1)
0.8599 +- -1.00 (1)
0.8604 +- -1.00 (1)
0.8580 +- -1.00 (1)
0.8538 +- -1.00 (1)
0.8723 +- -1.00 (1)
0.8747 +- -1.00 (1)
0.8651 +- -1.00 (1)
0.8753 +- -1.00 (1)
0.8650 +- -1.00 (1)
0.8716 +- -1.00 (1)
0.8878 +- -1.00 (1)
0.8632 +- -1.00 (1)
0.8716 +- -1.00 (1)
0.8787 +- -1.00 (1)
0.8738 +- -1.00 (1)
0.8620 +- -1.00 (1)
0.8853 +- -1.00 (1)
0.8638 +- -1.00 (1)
0.8652 +- -1.00 (1)
0.8536 +- -1.00 (1)
0.8578 +- -1.00 (1)
0.8704 +- -1.00 (1)
0.8498 +- -1.00 (1)
0.8688 +- -1.00 (1)
0.8587 +- -1.00 (1)
0.8509 +- -1.00 (1)
0.8784 +- -1.00 (1)
0.8547 +- -1.00 (1)
0.8624 +- -1.00 (1)
0.8530 +- -1.00 (1)
0.8504 +- -1.00 (1)
0.8363 +- -1.00 (1)
0.8809 +- -1.00 (1)
0.8490 +- -1.00 (1)
0.8725 +- -1.00 (1)
0.8735 +- -1.00 (1)
0.8577 +- -1.00 (1)
0.8362 +- -1.00 (1)
0.8293 +- -1.00 (1)
0.8603 +- -1.00 (1)
0.8745 +- -1.00 (1)
0.8674 +- -1.00 (1)
0.8746 +- -1.00 (1)
0.8450 +- -1.00 (1)
0.8521 +- -1.00 (1)
0.8680 +- -1.00 (1)
0.8607 +- -1.00 (1)
0.8598 +- -1.00 (1)
0.8811 +- -1.00 (1)
0.8673 +- -1.00 (1)
0.8520 +- -1.00 (1)
0.8823 +- -1.00 (1)
0.8482 +- -1.00 (1)
0.8557 +- -1.00 (1)
0.8567 +- -1.00 (1)
0.8652 +- -1.00 (1)
0.8449 +- -1.00 (1)
0.8657 +- -1.00 (1)
0.8759 +- -1.00 (1)
0.8679 +- -1.00 (1)
0.8592 +- -1.00 (1)
0.8657 +- -1.00 (1)
0.8445 +- -1.00 (1)
0.8655 +- -1.00 (1)
0.8360 +- -1.00 (1)
0.8497 +- -1.00 (1)
0.8603 +- -1.00 (1)
0.8677 +- -1.00 (1)
0.8455 +- -1.00 (1)
0.8362 +- -1.00 (1)
0.8398 +- -1.00 (1)
0.8508 +- -1.00 (1)
0.8604 +- -1.00 (1)
0.8705 +- -1.00 (1)
0.8512 +- -1.00 (1)
0.8518 +- -1.00 (1)
0.8653 +- -1.00 (1)
0.8505 +- -1.00 (1)
0.8618 +- -1.00 (1)
0.8755 +- -1.00 (1)
0.8671 +- -1.00 (1)
0.8669 +- -1.00 (1)
0.8788 +- -1.00 (1)
0.8287 +- -1.00 (1)
0.8746 +- -1.00 (1)
0.8495 +- -1.00 (1)
0.8500 +- -1.00 (1)
0.8572 +- -1.00 (1)
0.8559 +- -1.00 (1)
0.8595 +- -1.00 (1)
0.8833 +- -1.00 (1)
0.8671 +- -1.00 (1)
0.8727 +- -1.00 (1)
0.8605 +- -1.00 (1)
0.8846 +- -1.00 (1)
0.8789 +- -1.00 (1)
0.8699 +- -1.00 (1)
0.8365 +- -1.00 (1)
0.8733 +- -1.00 (1)
0.8755 +- -1.00 (1)
0.8793 +- -1.00 (1)
0.8842 +- -1.00 (1)
0.8752 +- -1.00 (1)
0.8683 +- -1.00 (1)
0.8646 +- -1.00 (1)
0.8714 +- -1.00 (1)
0.8496 +- -1.00 (1)
0.8558 +- -1.00 (1)
0.8465 +- -1.00 (1)
0.8583 +- -1.00 (1)
0.8922 +- -1.00 (1)
0.8682 +- -1.00 (1)
0.8589 +- -1.00 (1)
0.8702 +- -1.00 (1)
0.8290 +- -1.00 (1)
0.8655 +- -1.00 (1)
0.8459 +- -1.00 (1)
0.8719 +- -1.00 (1)
0.8628 +- -1.00 (1)
0.8767 +- -1.00 (1)
0.8692 +- -1.00 (1)
0.8616 +- -1.00 (1)
0.8708 +- -1.00 (1)
0.8595 +- -1.00 (1)
0.8466 +- -1.00 (1)
0.8782 +- -1.00 (1)
0.8469 +- -1.00 (1)
0.8662 +- -1.00 (1)
0.8668 +- -1.00 (1)
0.8669 +- -1.00 (1)
0.8750 +- -1.00 (1)
0.8595 +- -1.00 (1)
0.8675 +- -1.00 (1)
0.8554 +- -1.00 (1)
0.8543 +- -1.00 (1)
0.8662 +- -1.00 (1)
0.8660 +- -1.00 (1)
0.8549 +- -1.00 (1)
0.8841 +- -1.00 (1)
0.8629 +- -1.00 (1)
0.8863 +- -1.00 (1)
0.8794 +- -1.00 (1)
0.8727 +- -1.00 (1)
0.8492 +- -1.00 (1)
0.8706 +- -1.00 (1)
0.8631 +- -1.00 (1)
0.8657 +- -1.00 (1)
0.8690 +- -1.00 (1)
0.8655 +- -1.00 (1)
0.8524 +- -1.00 (1)
0.8537 +- -1.00 (1)
0.8768 +- -1.00 (1)
0.8316 +- -1.00 (1)
0.8556 +- -1.00 (1)
0.8917 +- -1.00 (1)
0.8389 +- -1.00 (1)
0.8642 +- -1.00 (1)
0.8321 +- -1.00 (1)
0.8490 +- -1.00 (1)
0.8683 +- -1.00 (1)
0.8452 +- -1.00 (1)
0.8632 +- -1.00 (1)
0.8597 +- -1.00 (1)
0.8467 +- -1.00 (1)
0.8708 +- -1.00 (1)
0.8382 +- -1.00 (1)
0.8468 +- -1.00 (1)
0.8701 +- -1.00 (1)
0.8465 +- -1.00 (1)
0.8513 +- -1.00 (1)
0.8405 +- -1.00 (1)
0.8680 +- -1.00 (1)
0.8594 +- -1.00 (1)
0.8692 +- -1.00 (1)
0.8690 +- -1.00 (1)
0.8711 +- -1.00 (1)
0.8673 +- -1.00 (1)
0.8682 +- -1.00 (1)
0.8382 +- -1.00 (1)
0.8666 +- -1.00 (1)
0.8575 +- -1.00 (1)
0.8411 +- -1.00 (1)
0.8479 +- -1.00 (1)
0.8541 +- -1.00 (1)
0.8554 +- -1.00 (1)
0.8624 +- -1.00 (1)
0.8694 +- -1.00 (1)
0.8640 +- -1.00 (1)
0.8535 +- -1.00 (1)
0.8576 +- -1.00 (1)
0.8547 +- -1.00 (1)
0.8705 +- -1.00 (1)
0.8450 +- -1.00 (1)
0.8381 +- -1.00 (1)
0.8930 +- -1.00 (1)
0.8444 +- -1.00 (1)
0.8392 +- -1.00 (1)
0.8462 +- -1.00 (1)
0.8764 +- -1.00 (1)
0.8421 +- -1.00 (1)
0.8809 +- -1.00 (1)
0.8584 +- -1.00 (1)
0.8620 +- -1.00 (1)
0.8643 +- -1.00 (1)
0.8587 +- -1.00 (1)
0.8717 +- -1.00 (1)
0.8728 +- -1.00 (1)
0.8640 +- -1.00 (1)
0.8842 +- -1.00 (1)
0.8469 +- -1.00 (1)
0.8719 +- -1.00 (1)
0.8582 +- -1.00 (1)
0.8416 +- -1.00 (1)
0.8729 +- -1.00 (1)
0.8535 +- -1.00 (1)
0.8331 +- -1.00 (1)
0.8574 +- -1.00 (1)
0.8988 +- -1.00 (1)
0.8710 +- -1.00 (1)
0.8584 +- -1.00 (1)
0.8464 +- -1.00 (1)
0.8614 +- -1.00 (1)
0.8685 +- -1.00 (1)
0.8541 +- -1.00 (1)
0.8788 +- -1.00 (1)
0.8542 +- -1.00 (1)
0.8675 +- -1.00 (1)
0.8693 +- -1.00 (1)
0.8462 +- -1.00 (1)
0.8638 +- -1.00 (1)
0.8451 +- -1.00 (1)
0.8379 +- -1.00 (1)
0.8564 +- -1.00 (1)
0.8696 +- -1.00 (1)
0.8285 +- -1.00 (1)
0.8585 +- -1.00 (1)
0.8403 +- -1.00 (1)
0.8609 +- -1.00 (1)
0.8712 +- -1.00 (1)
0.8471 +- -1.00 (1)
0.8645 +- -1.00 (1)
0.8616 +- -1.00 (1)
0.8617 +- -1.00 (1)
0.8607 +- -1.00 (1)
0.8589 +- -1.00 (1)
0.8559 +- -1.00 (1)
0.8621 +- -1.00 (1)
0.8489 +- -1.00 (1)
0.8365 +- -1.00 (1)
0.8658 +- -1.00 (1)
0.8393 +- -1.00 (1)
0.8528 +- -1.00 (1)
0.8686 +- -1.00 (1)
0.8479 +- -1.00 (1)
0.8335 +- -1.00 (1)
0.8790 +- -1.00 (1)
0.8767 +- -1.00 (1)
0.8587 +- -1.00 (1)
0.8637 +- -1.00 (1)
0.8525 +- -1.00 (1)
0.8319 +- -1.00 (1)
0.8547 +- -1.00 (1)
0.8348 +- -1.00 (1)
0.8597 +- -1.00 (1)
0.8570 +- -1.00 (1)
0.8702 +- -1.00 (1)
0.8500 +- -1.00 (1)
0.8588 +- -1.00 (1)
0.8555 +- -1.00 (1)
0.8526 +- -1.00 (1)
