0.8756 
0.9217 
0.8224 
0.8886 
0.9094 
0.8844 
0.9173 
0.9488 
0.8746 
0.8586 
0.6907 
0.8621 
0.9222 
0.8627 
0.8856 
0.8340 
0.8982 
0.7518 
0.8591 
0.8808 
0.8147 
0.8976 
0.9084 
0.8888 
0.9168 
0.8387 
0.8936 
0.7732 
0.8665 
0.9299 
0.9196 
0.9412 
0.8301 
0.8740 
0.8825 
0.8987 
0.8843 
0.8235 
0.9040 
0.9008 
0.8195 
0.9105 
0.9354 
0.7682 
0.8627 
0.7882 
0.8970 
0.9166 
0.8770 
0.9425 
0.8858 
0.8924 
0.8583 
0.8186 
0.8103 
0.8827 
0.9028 
0.8363 
0.9192 
0.9036 
0.9342 
0.8713 
0.8141 
0.9085 
0.9239 
0.9292 
0.8960 
0.9110 
0.8462 
0.8006 
0.8406 
0.7390 
0.8277 
0.8890 
0.8773 
0.9009 
0.9425 
0.8882 
0.8569 
0.8424 
0.8358 
0.9002 
0.8880 
0.8595 
0.9703 
0.8512 
0.8957 
0.8693 
0.7920 
0.8927 
0.9190 
0.7693 
0.8970 
0.9236 
0.8723 
0.8873 
0.8542 
0.9405 
0.8928 
0.8679 
0.9060 
0.8973 
0.9001 
0.9287 
0.9078 
0.9200 
0.9021 
0.8888 
0.9117 
0.9433 
0.8177 
0.8597 
0.9406 
0.8598 
0.9209 
0.8836 
0.9429 
0.8593 
0.9008 
0.8668 
0.8488 
0.8803 
0.7836 
0.8589 
0.9143 
0.9143 
0.8613 
0.8654 
0.9269 
0.8728 
0.9066 
0.9086 
0.9080 
0.9416 
0.9298 
0.8703 
0.8982 
0.8863 
0.9127 
0.9071 
0.9049 
0.8898 
0.8971 
0.8036 
0.9018 
0.8995 
0.8501 
0.9001 
0.9185 
0.9229 
0.9257 
0.8412 
0.8726 
0.9261 
0.8839 
0.9466 
0.9084 
0.8504 
0.9148 
0.8834 
0.8766 
0.8990 
0.8956 
0.8735 
0.9225 
0.9202 
0.9167 
0.8421 
0.8578 
0.8852 
0.9164 
0.8320 
0.9145 
0.8747 
0.8828 
0.9112 
0.9445 
0.9098 
0.9303 
0.8332 
0.8818 
0.8292 
0.8823 
0.8957 
0.9505 
0.9337 
0.8929 
0.8905 
0.8739 
0.8876 
0.8601 
0.8826 
0.8915 
0.9184 
0.8431 
0.9273 
0.9098 
0.9278 
0.9436 
0.8889 
0.8487 
0.8663 
0.8976 
0.8923 
0.8861 
0.9115 
0.8820 
0.8443 
0.8953 
0.9170 
0.9203 
0.8766 
0.8725 
0.9054 
0.8875 
0.8881 
0.8656 
0.8386 
0.9022 
0.9164 
0.8632 
0.8295 
0.9054 
0.8848 
0.9029 
0.9281 
0.9143 
0.8889 
0.8976 
0.9276 
0.9136 
0.9351 
0.9124 
0.9263 
0.9162 
0.8904 
0.8631 
0.9093 
0.9262 
0.9200 
0.8923 
0.9242 
0.9024 
0.9095 
0.9168 
0.8833 
0.9149 
0.9244 
0.8868 
0.9056 
0.9320 
0.9247 
0.9335 
0.9087 
0.8967 
0.9394 
0.8344 
0.8850 
0.9175 
0.8950 
0.8837 
0.8827 
0.9105 
0.8991 
0.9157 
0.8847 
0.9071 
0.9437 
0.9069 
0.9008 
0.9032 
0.9243 
0.8954 
0.8848 
0.9180 
0.8979 
0.9322 
0.8997 
0.9447 
0.8721 
0.9126 
0.9228 
0.8928 
0.8818 
0.9265 
0.9169 
0.9009 
0.9124 
0.8868 
0.8938 
0.9214 
0.9188 
0.8924 
0.9438 
0.9000 
0.8951 
0.8516 
0.8896 
0.9470 
0.8441 
0.9384 
0.8991 
0.8955 
0.9391 
0.9152 
0.8961 
0.9143 
0.8662 
0.9205 
0.9131 
0.8555 
0.9041 
0.9319 
0.8956 
0.9374 
0.8702 
0.8653 
0.9018 
0.8785 
0.8645 
0.8901 
0.8492 
0.9367 
0.8809 
0.9032 
0.8585 
0.9195 
0.9266 
0.9323 
0.9344 
0.9181 
0.9116 
0.8451 
0.9234 
0.9075 
0.8810 
0.9089 
0.8703 
0.9186 
0.8759 
0.8724 
0.9114 
0.8636 
0.8946 
0.8840 
0.8812 
0.8934 
0.8995 
0.9230 
0.9108 
0.9307 
0.9126 
0.9047 
0.8772 
0.8487 
0.9166 
0.9162 
0.9258 
0.9208 
0.9186 
0.9160 
0.8778 
0.8864 
0.8838 
0.9132 
0.9104 
0.9285 
0.8535 
0.9236 
0.9168 
0.8934 
0.9054 
0.9127 
0.8898 
0.9079 
0.9022 
0.9046 
0.9034 
0.9532 
0.8880 
0.8750 
0.8824 
0.9160 
0.8824 
0.9237 
0.9266 
0.9138 
0.9172 
0.8153 
0.8974 
0.9153 
0.8900 
0.8768 
0.8926 
0.8987 
0.8991 
0.8946 
0.9280 
0.9010 
0.9012 
0.9068 
0.9054 
0.9026 
0.8943 
0.9222 
0.9161 
0.8921 
0.8960 
0.9129 
0.8898 
0.9130 
0.9196 
0.9120 
0.9054 
0.9297 
0.9216 
0.9007 
0.8779 
0.9210 
0.8751 
0.8797 
0.9237 
0.9099 
0.8760 
0.8869 
0.8647 
0.8636 
0.9370 
0.8925 
0.9212 
0.8992 
0.9201 
0.8814 
0.8647 
0.8743 
0.9025 
0.8612 
0.9330 
0.8922 
0.9076 
0.9167 
0.9058 
0.9074 
0.8890 
0.8872 
0.8907 
0.8792 
0.9348 
0.8924 
0.9037 
0.9345 
0.8572 
0.9175 
0.9193 
0.9034 
0.8978 
0.8624 
0.8750 
0.9206 
0.9300 
0.9278 
0.8920 
0.8932 
0.8953 
0.9070 
0.9058 
0.9077 
0.9067 
0.9133 
0.8961 
0.9025 
0.9136 
0.8944 
0.9053 
0.8982 
0.9224 
0.9277 
0.9032 
0.9127 
0.8839 
0.9233 
0.8684 
0.8740 
0.8729 
0.8870 
0.9143 
0.9084 
0.9317 
0.8703 
0.8759 
0.9176 
0.9011 
0.8808 
0.9322 
0.9093 
0.9054 
0.8893 
0.9266 
0.8969 
0.9016 
0.9043 
0.8931 
0.8820 
0.8967 
0.8678 
0.8946 
0.8720 
0.8934 
0.9003 
0.8978 
0.9071 
0.8759 
0.9249 
0.8776 
0.8906 
0.9045 
0.8773 
0.8575 
0.8962 
0.9052 
0.8672 
0.9190 
0.8748 
0.8632 
0.9057 
0.8974 
0.8852 
0.8984 
0.8903 
0.9122 
0.9142 
0.9160 
0.9181 
0.8771 
0.9021 
0.8876 
0.8779 
0.8728 
0.9241 
0.8599 
0.8853 
0.8944 
0.8911 
0.8977 
0.8895 
0.8699 
0.8885 
0.8794 
0.9048 
0.9199 
0.9154 
0.8775 
0.8967 
0.8676 
0.8806 
0.9005 
0.9150 
0.8762 
0.8943 
0.8870 
0.9017 
0.8950 
0.9014 
0.9060 
0.9372 
0.9152 
0.8992 
0.8900 
0.8931 
0.8882 
0.9034 
0.8973 
0.8807 
0.8544 
0.9067 
0.8448 
0.9204 
0.8927 
0.8579 
0.8890 
0.9074 
0.9314 
0.8963 
0.8864 
0.8980 
0.8946 
0.8839 
0.8744 
0.8922 
0.8993 
0.8767 
0.8611 
0.8808 
0.8859 
0.9021 
0.9345 
0.8940 
0.8607 
0.8922 
0.9014 
0.8965 
0.9148 
0.8944 
0.9040 
0.8867 
0.9143 
0.8826 
0.8480 
0.8641 
0.8652 
0.8503 
0.8926 
0.9053 
0.9145 
0.9045 
0.8545 
0.8854 
0.8485 
0.9098 
0.8788 
0.8879 
0.9013 
0.8915 
0.8671 
0.8645 
0.8843 
0.8562 
0.8957 
0.8907 
0.8583 
0.9036 
0.8960 
0.8678 
0.8617 
0.8934 
0.8745 
0.8447 
0.9126 
0.9246 
0.8811 
0.8842 
0.8797 
0.8989 
0.9208 
0.8631 
0.8420 
0.9149 
0.8967 
0.8676 
0.8678 
0.8959 
0.8687 
0.8544 
0.8787 
0.8651 
0.8697 
0.9000 
0.8881 
0.8869 
0.8834 
0.9256 
0.8874 
0.8895 
0.8439 
0.8930 
0.9115 
0.8813 
0.8647 
0.9048 
0.8905 
0.8988 
0.8886 
0.9060 
0.8917 
0.8900 
0.8927 
0.9066 
0.9233 
0.8866 
0.8449 
0.8773 
0.8485 
0.9001 
0.9018 
0.9110 
0.8893 
0.9119 
0.8907 
0.8950 
0.8891 
0.8928 
0.8995 
0.8962 
0.9063 
0.9009 
0.8840 
0.8855 
0.8879 
0.8818 
0.8825 
0.8917 
0.8886 
0.9037 
0.8929 
0.8803 
0.8682 
0.8614 
0.9028 
0.8693 
0.8982 
0.8849 
0.8999 
0.9021 
0.8689 
0.8781 
0.8505 
0.9010 
0.8734 
0.8608 
0.8830 
0.8785 
0.8791 
0.8938 
0.8974 
0.8963 
0.9025 
0.8875 
0.8795 
0.8641 
0.8892 
0.8808 
0.8607 
0.8727 
0.8868 
0.8583 
0.8593 
0.8368 
0.8940 
0.9032 
0.8791 
0.8534 
0.8837 
0.8646 
0.8842 
0.8687 
0.8778 
0.8698 
0.8805 
0.8369 
0.8832 
0.8819 
0.8741 
0.8770 
0.8898 
0.8912 
0.8982 
0.8698 
0.8519 
0.8738 
0.8751 
0.9036 
0.8535 
0.8809 
0.8773 
0.8902 
0.8906 
0.8769 
0.8862 
0.9030 
0.8776 
0.8896 
0.8889 
0.8795 
0.8591 
0.8938 
0.8868 
0.8881 
0.8724 
0.8319 
0.8409 
0.8765 
0.8943 
0.8776 
0.8664 
0.8633 
0.9133 
0.8766 
0.8847 
0.8844 
0.8772 
0.8849 
0.8884 
0.8826 
0.8709 
0.8909 
0.8961 
0.8442 
0.8672 
0.8500 
0.8775 
0.8615 
0.8624 
0.8791 
0.8858 
0.8792 
0.8851 
0.8843 
0.8770 
0.8797 
0.8646 
0.8720 
0.8939 
0.8665 
0.8772 
0.8881 
0.8640 
0.8591 
0.8569 
0.8740 
0.8768 
0.8760 
0.8936 
0.8832 
0.8563 
0.8777 
0.8712 
0.8853 
0.8828 
0.8901 
0.8573 
0.8695 
0.8859 
0.8747 
0.8881 
0.8763 
0.8921 
0.8966 
0.8782 
0.8654 
0.8705 
0.8953 
0.8657 
0.8479 
0.8889 
0.8672 
0.8610 
0.8857 
0.8844 
0.8828 
0.8464 
0.9097 
0.8584 
0.8566 
0.8588 
0.8915 
0.8696 
0.8707 
0.8675 
0.8672 
0.8410 
0.8592 
0.8743 
0.8822 
0.8605 
0.8578 
0.8596 
0.8689 
0.8421 
0.8619 
0.8574 
0.8596 
0.8852 
0.8726 
0.8423 
0.8755 
0.8838 
0.8764 
0.9113 
0.8667 
0.8696 
0.8715 
0.8604 
0.8591 
0.8603 
0.8287 
0.8781 
0.9131 
0.8724 
0.8714 
0.8809 
0.8812 
0.8717 
0.8922 
0.8754 
0.8802 
0.8472 
0.8369 
0.8811 
0.8657 
0.8471 
0.8819 
0.8625 
0.8893 
0.8815 
0.9022 
0.8577 
0.8502 
0.9117 
0.8824 
0.8417 
0.8623 
0.8873 
0.8651 
0.8556 
0.8641 
0.8694 
0.8607 
0.8697 
0.8676 
0.8845 
0.8886 
0.8597 
0.8714 
0.8773 
0.8640 
0.8791 
0.8888 
0.8705 
0.8608 
0.8703 
0.8875 
0.8843 
0.8931 
0.8737 
0.8740 
0.8710 
0.8833 
0.8666 
0.8413 
0.8933 
0.8520 
0.8476 
0.8460 
0.8850 
0.8864 
0.8820 
0.8572 
0.8635 
0.8486 
0.8533 
0.9024 
0.8767 
0.8625 
0.8545 
0.8823 
0.8615 
0.8457 
0.8437 
0.8523 
0.8542 
0.8570 
0.8676 
0.8834 
0.8765 
0.8525 
0.8642 
0.8537 
0.8842 
0.8650 
0.8716 
0.8712 
0.8812 
0.8810 
0.8727 
0.8633 
0.8868 
0.8891 
0.8772 
0.8830 
0.8721 
0.8706 
0.8365 
0.8826 
0.8442 
0.8617 
0.8388 
0.8756 
0.8798 
0.8639 
0.8549 
0.8482 
0.8571 
0.8485 
0.8835 
0.8671 
0.8382 
0.8337 
0.8668 
0.8553 
0.8576 
0.8356 
0.8622 
0.8511 
0.8792 
0.8637 
0.8793 
0.8725 
0.8833 
0.8707 
0.8550 
0.8674 
0.8553 
0.8873 
0.8671 
0.8630 
0.8778 
0.8790 
0.8674 
0.8430 
0.8643 
0.8448 
0.8942 
0.8989 
0.8836 
0.8622 
0.8703 
0.8640 
0.8896 
0.8504 
0.8735 
0.8775 
0.8875 
0.8906 
0.8768 
0.8845 
0.8764 
0.8973 
0.8820 
0.8697 
0.8755 
0.8495 
0.8670 
0.8881 
0.8672 
0.8669 
0.8675 
0.8828 
0.8660 
0.8631 
0.8662 
0.8869 
0.8725 
0.8895 
0.8686 
0.8757 
0.8561 
0.8908 
0.8544 
0.8786 
0.8666 
0.8411 
0.8611 
0.8844 
0.8722 
0.8752 
0.8871 
0.8692 
0.8693 
0.8682 
0.8812 
0.8515 
0.8732 
0.8797 
0.8662 
0.8795 
0.8670 
0.8648 
0.8659 
0.8697 
0.8642 
0.8628 
0.8771 
0.8763 
0.8593 
0.8727 
0.8553 
0.9060 
0.8605 
0.8782 
0.8867 
0.8847 
0.8956 
0.8718 
0.8801 
0.8568 
0.8595 
0.8605 
0.8659 
0.8559 
0.8494 
0.8673 
0.8678 
0.8652 
0.8668 
0.8453 
0.8711 
0.8731 
0.8575 
0.8475 
0.8710 
0.8669 
0.8752 
0.8608 
0.8804 
0.8596 
0.8664 
0.8653 
0.8832 
0.8803 
0.8794 
0.8770 
0.8424 
0.8659 
0.8499 
0.8698 
0.8817 
0.8810 
0.8639 
0.8689 
0.8707 
0.8744 
0.8659 
0.8858 
0.8510 
0.8686 
0.8749 
0.8711 
0.8699 
0.8776 
0.8834 
0.8315 
0.8621 
0.8697 
0.8691 
0.8717 
0.8765 
0.8557 
0.8983 
0.8404 
0.8708 
0.8725 
0.8381 
0.8575 
0.8518 
0.8629 
0.8875 
0.8572 
0.8659 
0.8697 
0.8522 
0.8491 
0.8629 
0.8678 
0.8808 
0.8923 
0.8994 
0.8673 
0.8647 
0.8825 
0.8794 
0.8631 
0.8695 
0.8746 
0.8797 
0.8650 
0.8233 
0.8871 
0.8441 
0.8719 
0.8687 
0.8677 
0.8695 
0.8668 
0.8686 
0.8503 
0.8781 
0.8666 
0.8673 
0.8438 
0.8606 
0.8347 
0.8581 
0.8645 
0.8607 
0.8679 
0.8791 
0.8593 
0.8366 
0.8686 
0.8642 
0.8632 
0.8616 
0.8593 
0.8723 
0.8655 
0.8403 
0.8739 
0.8489 
0.8555 
0.8780 
0.8531 
0.8762 
0.8694 
0.8635 
0.8569 
0.8668 
0.8606 
0.8342 
0.8621 
0.8744 
0.8787 
0.8458 
0.8531 
0.8578 
0.8723 
0.8681 
0.8711 
0.8523 
0.8434 
0.8704 
0.8487 
0.8504 
0.8534 
0.8619 
0.8649 
0.8672 
0.8558 
0.8663 
0.8600 
0.8658 
0.8653 
0.8353 
0.8602 
0.8631 
0.8747 
0.8564 
0.8813 
0.8571 
0.8643 
0.8711 
0.8823 
0.8784 
0.8692 
0.8554 
0.8589 
0.8444 
0.8741 
0.8373 
0.8784 
0.8546 
0.8541 
0.8663 
0.8633 
0.8628 
0.8427 
0.8740 
0.8433 
0.8823 
0.8688 
0.8904 
0.8837 
0.8559 
0.8742 
0.8678 
0.8703 
0.8804 
0.8648 
0.8563 
0.8609 
0.8589 
0.8470 
0.8732 
0.8430 
0.8503 
0.8604 
0.8642 
0.8664 
0.8744 
0.8764 
0.8709 
0.8503 
0.8782 
0.8580 
0.8730 
0.8477 
0.8450 
0.8845 
0.8766 
0.8453 
0.8486 
0.8602 
0.8509 
0.8465 
0.8611 
0.8519 
0.8635 
0.8660 
0.8640 
0.8690 
0.8697 
0.8698 
0.8497 
0.8652 
0.8405 
0.8778 
0.8589 
0.8650 
0.8725 
0.8565 
0.8712 
0.8369 
0.8383 
0.8483 
0.8725 
0.8765 
0.8635 
0.8720 
0.8593 
0.8442 
0.8884 
0.8593 
0.8413 
0.8865 
0.8469 
0.8831 
0.8782 
0.8436 
0.8596 
0.8627 
0.8375 
0.8543 
0.8648 
0.8605 
0.8696 
0.8486 
0.8585 
0.8790 
0.8589 
0.8446 
0.8692 
0.8797 
0.8559 
0.8725 
0.8839 
0.8624 
0.8676 
0.8716 
0.8707 
0.8581 
0.8584 
0.8541 
0.8640 
0.8596 
0.8421 
0.8540 
0.8817 
0.8682 
0.8469 
0.8799 
0.8641 
0.8469 
0.8793 
0.8728 
0.8397 
0.8831 
0.8396 
0.8539 
0.8730 
0.8738 
0.8340 
0.8444 
0.8431 
0.8484 
0.8681 
0.8575 
0.8479 
0.8583 
0.8646 
0.8546 
0.8445 
0.8389 
0.8476 
0.8279 
0.8334 
0.8496 
0.8573 
0.8591 
0.8707 
0.8739 
0.8668 
0.8310 
0.8626 
0.8520 
0.8684 
0.8729 
0.8674 
0.8568 
0.8539 
0.8703 
0.8846 
0.8377 
0.8726 
0.8380 
0.8597 
0.8622 
0.8533 
0.8554 
0.8445 
0.8561 
0.8448 
0.8487 
0.8454 
0.8580 
0.8287 
0.8618 
0.8900 
0.8594 
0.8634 
0.8452 
0.8538 
0.8589 
0.8425 
0.8640 
0.8682 
0.8597 
0.8660 
0.8736 
0.8439 
0.8708 
0.8611 
0.8583 
0.8494 
0.8433 
0.8547 
0.8708 
0.8552 
0.8629 
0.8804 
0.8634 
0.8715 
0.8517 
0.8549 
0.8727 
0.8575 
0.8654 
0.8602 
0.8709 
0.8580 
0.8736 
0.8646 
0.8570 
0.8570 
0.8483 
0.8603 
0.8423 
0.8710 
0.8503 
0.8609 
0.8412 
0.8604 
0.8668 
0.8490 
0.8620 
0.8690 
0.8694 
0.8795 
0.8622 
0.8366 
0.8822 
0.8717 
0.8375 
0.8540 
0.8751 
0.8499 
0.8505 
0.8740 
0.8652 
0.8785 
0.8453 
0.8509 
0.8629 
0.8478 
0.8599 
0.8548 
0.8642 
0.8609 
0.8728 
0.8695 
0.8503 
0.8654 
