0.9005 
0.9438 
0.8224 
0.8848 
0.8966 
0.8594 
0.8625 
0.9248 
0.6455 
0.8765 
0.8059 
0.8430 
0.8832 
0.8110 
0.8909 
0.8472 
0.9119 
0.8560 
0.9323 
0.8658 
0.8870 
0.8976 
0.6865 
0.9023 
0.8849 
0.8544 
0.8660 
0.7252 
0.8245 
0.8846 
0.8825 
0.9451 
0.9125 
0.8892 
0.8823 
0.9367 
0.8578 
0.8423 
0.9009 
0.8865 
0.8927 
0.9107 
0.9127 
0.7682 
0.8790 
0.8926 
0.8758 
0.8983 
0.8503 
0.9183 
0.9401 
0.8347 
0.8432 
0.8369 
0.7835 
0.8970 
0.8878 
0.8423 
0.9397 
0.9230 
0.9210 
0.9210 
0.8868 
0.9219 
0.9416 
0.9192 
0.9029 
0.9125 
0.8678 
0.7890 
0.8406 
0.8639 
0.8732 
0.9210 
0.8773 
0.9316 
0.9459 
0.9146 
0.7723 
0.9112 
0.8374 
0.8813 
0.9085 
0.8297 
0.9572 
0.9275 
0.8506 
0.8895 
0.6804 
0.8661 
0.9019 
0.8551 
0.8702 
0.9086 
0.8628 
0.9065 
0.8761 
0.8547 
0.8651 
0.9433 
0.8801 
0.8443 
0.9024 
0.9225 
0.8983 
0.9353 
0.8998 
0.8955 
0.8990 
0.8989 
0.8702 
0.8347 
0.8800 
0.8772 
0.9173 
0.8290 
0.9190 
0.8680 
0.8911 
0.9069 
0.8378 
0.8969 
0.7836 
0.8903 
0.8912 
0.8995 
0.8998 
0.8334 
0.8870 
0.9559 
0.9292 
0.9026 
0.9393 
0.9217 
0.9164 
0.9053 
0.8674 
0.8509 
0.9298 
0.8697 
0.8509 
0.9315 
0.8348 
0.7920 
0.8916 
0.8182 
0.8490 
0.9212 
0.9004 
0.9216 
0.9258 
0.8308 
0.8715 
0.8762 
0.8811 
0.8814 
0.9185 
0.8714 
0.9378 
0.8923 
0.8642 
0.9195 
0.9015 
0.8592 
0.8962 
0.9404 
0.9145 
0.9073 
0.8603 
0.8797 
0.8914 
0.8444 
0.8737 
0.8584 
0.9114 
0.9337 
0.9199 
0.9106 
0.9071 
0.8918 
0.8352 
0.8992 
0.9355 
0.8656 
0.9154 
0.9139 
0.9145 
0.8683 
0.8076 
0.9109 
0.8795 
0.8900 
0.8973 
0.9226 
0.8972 
0.9288 
0.8848 
0.9158 
0.9436 
0.8669 
0.8594 
0.8683 
0.9024 
0.9323 
0.9006 
0.9285 
0.9033 
0.8745 
0.8829 
0.8995 
0.8906 
0.9093 
0.9327 
0.8544 
0.9015 
0.8789 
0.8738 
0.8807 
0.8836 
0.9028 
0.8908 
0.9048 
0.9204 
0.8694 
0.8873 
0.9076 
0.9057 
0.9013 
0.9109 
0.8573 
0.9126 
0.9332 
0.8713 
0.9112 
0.8812 
0.9075 
0.8969 
0.9143 
0.9634 
0.9100 
0.8566 
0.8846 
0.8568 
0.8823 
0.8926 
0.8351 
0.9101 
0.9232 
0.9035 
0.8955 
0.9462 
0.9029 
0.8848 
0.9138 
0.8968 
0.8781 
0.9110 
0.8592 
0.8965 
0.8762 
0.9126 
0.8771 
0.9144 
0.8981 
0.9463 
0.8732 
0.8926 
0.9500 
0.9053 
0.8836 
0.9152 
0.8498 
0.8977 
0.8719 
0.9026 
0.9213 
0.9282 
0.8532 
0.9261 
0.8603 
0.8754 
0.9161 
0.8846 
0.8346 
0.9181 
0.8788 
0.8730 
0.9108 
0.8258 
0.9070 
0.9009 
0.8712 
0.8947 
0.9277 
0.8715 
0.9158 
0.9186 
0.8829 
0.9080 
0.9432 
0.8911 
0.9249 
0.8861 
0.9110 
0.8649 
0.9107 
0.8980 
0.8392 
0.9017 
0.8958 
0.9201 
0.8797 
0.9242 
0.8932 
0.9395 
0.9137 
0.8692 
0.8749 
0.9038 
0.8642 
0.8855 
0.8432 
0.9154 
0.8731 
0.8975 
0.8933 
0.9247 
0.9216 
0.9009 
0.9099 
0.8975 
0.9103 
0.9063 
0.9121 
0.9008 
0.8459 
0.8964 
0.9031 
0.9173 
0.8974 
0.8662 
0.9075 
0.8762 
0.9186 
0.8624 
0.8599 
0.9220 
0.8973 
0.9049 
0.9074 
0.9370 
0.9024 
0.8394 
0.8761 
0.8997 
0.9108 
0.8807 
0.8973 
0.9376 
0.9054 
0.9301 
0.8831 
0.9065 
0.8956 
0.8775 
0.8967 
0.9208 
0.9071 
0.8828 
0.8896 
0.8768 
0.8779 
0.8836 
0.8944 
0.8970 
0.9199 
0.9330 
0.8840 
0.9483 
0.8777 
0.8744 
0.9141 
0.8655 
0.8851 
0.8941 
0.9152 
0.9408 
0.9243 
0.8991 
0.8901 
0.8846 
0.9068 
0.8792 
0.8777 
0.9275 
0.8540 
0.8765 
0.9124 
0.9200 
0.9081 
0.8907 
0.8939 
0.9000 
0.8840 
0.8600 
0.9195 
0.9053 
0.8832 
0.8999 
0.9250 
0.8773 
0.9053 
0.8984 
0.8933 
0.9047 
0.8708 
0.8932 
0.8632 
0.9244 
0.8974 
0.8496 
0.8707 
0.8951 
0.8579 
0.8905 
0.9031 
0.8672 
0.9069 
0.9213 
0.9278 
0.8970 
0.9118 
0.8880 
0.8508 
0.8682 
0.9046 
0.8952 
0.9032 
0.9114 
0.8537 
0.9079 
0.9213 
0.9077 
0.8870 
0.9007 
0.9098 
0.9216 
0.8764 
0.9076 
0.8757 
0.8993 
0.8881 
0.9044 
0.8914 
0.8687 
0.8758 
0.8612 
0.8959 
0.9397 
0.9169 
0.9320 
0.8901 
0.8974 
0.8892 
0.9486 
0.8769 
0.9021 
0.9143 
0.8901 
0.8829 
0.8900 
0.8742 
0.8675 
0.8759 
0.9336 
0.8808 
0.9290 
0.9108 
0.9359 
0.9027 
0.8776 
0.8535 
0.8949 
0.8893 
0.8749 
0.9297 
0.9200 
0.9181 
0.8396 
0.8599 
0.9149 
0.9167 
0.8830 
0.8774 
0.8972 
0.9086 
0.8555 
0.9087 
0.9278 
0.8780 
0.8900 
0.9056 
0.8945 
0.9235 
0.9128 
0.9015 
0.8668 
0.9283 
0.8651 
0.8894 
0.8664 
0.8865 
0.9412 
0.8624 
0.9165 
0.8931 
0.8941 
0.8097 
0.8915 
0.8930 
0.8766 
0.8842 
0.8882 
0.8711 
0.8849 
0.9100 
0.8785 
0.9118 
0.8971 
0.8900 
0.8713 
0.9051 
0.8829 
0.8971 
0.8895 
0.8718 
0.8806 
0.9026 
0.9138 
0.8590 
0.8793 
0.8959 
0.8638 
0.8978 
0.9130 
0.9081 
0.8672 
0.8861 
0.8925 
0.8915 
0.8925 
0.8949 
0.9141 
0.8568 
0.9026 
0.9037 
0.8696 
0.8979 
0.9152 
0.8806 
0.8895 
0.8534 
0.8991 
0.8627 
0.9261 
0.8804 
0.8767 
0.8908 
0.9099 
0.8946 
0.8965 
0.8955 
0.8713 
0.8488 
0.8890 
0.8738 
0.8879 
0.8964 
0.9010 
0.8808 
0.9079 
0.8585 
0.9113 
0.8558 
0.8868 
0.8967 
0.8741 
0.9120 
0.9160 
0.8488 
0.9061 
0.8704 
0.8770 
0.8702 
0.8898 
0.8738 
0.9166 
0.8835 
0.9088 
0.8843 
0.8926 
0.8764 
0.8904 
0.8684 
0.8817 
0.9080 
0.8706 
0.8847 
0.8806 
0.9051 
0.8832 
0.8980 
0.8885 
0.9069 
0.8721 
0.8394 
0.8849 
0.8536 
0.8890 
0.9112 
0.8926 
0.8803 
0.8715 
0.8782 
0.8626 
0.8758 
0.8521 
0.8723 
0.8655 
0.8845 
0.8806 
0.8743 
0.8855 
0.8952 
0.8753 
0.8672 
0.8733 
0.8940 
0.8819 
0.8719 
0.8734 
0.8695 
0.9031 
0.9011 
0.8615 
0.8653 
0.8825 
0.8832 
0.9063 
0.8550 
0.8944 
0.8578 
0.8643 
0.8977 
0.8897 
0.8860 
0.8893 
0.9216 
0.8821 
0.8742 
0.8955 
0.8595 
0.8765 
0.8648 
0.9098 
0.9041 
0.8916 
0.8438 
0.8793 
0.8797 
0.8882 
0.8892 
0.8375 
0.8814 
0.8631 
0.8649 
0.8921 
0.9221 
0.8774 
0.8903 
0.8760 
0.8884 
0.9156 
0.9034 
0.8765 
0.8874 
0.8669 
0.8918 
0.8797 
0.8860 
0.8937 
0.9161 
0.8559 
0.8969 
0.8518 
0.8635 
0.8912 
0.8783 
0.8603 
0.8718 
0.8414 
0.8953 
0.8682 
0.9017 
0.8457 
0.8802 
0.8556 
0.9037 
0.8662 
0.8771 
0.8912 
0.8684 
0.8641 
0.8657 
0.8861 
0.8850 
0.8975 
0.8695 
0.8689 
0.8555 
0.8844 
0.8547 
0.8866 
0.8952 
0.8870 
0.8801 
0.8875 
0.8579 
0.8760 
0.8424 
0.8705 
0.8960 
0.8609 
0.8719 
0.8574 
0.8662 
0.8785 
0.8492 
0.8763 
0.8807 
0.8605 
0.8866 
0.8752 
0.8969 
0.8773 
0.8868 
0.8928 
0.8741 
0.8591 
0.8422 
0.8698 
0.8656 
0.8868 
0.8489 
0.8718 
0.8741 
0.8790 
0.8404 
0.9039 
0.8890 
0.8686 
0.8654 
0.9067 
0.8657 
0.8805 
0.8722 
0.8764 
0.8722 
0.8865 
0.8779 
0.8563 
0.8864 
0.8692 
0.8580 
0.8626 
0.8877 
0.8694 
0.8533 
0.8815 
0.8820 
0.8736 
0.9003 
0.8723 
0.8722 
0.8629 
0.8878 
0.8637 
0.8982 
0.8773 
0.8789 
0.8693 
0.8537 
0.9030 
0.8843 
0.8942 
0.8638 
0.8979 
0.8803 
0.8820 
0.8673 
0.8997 
0.8900 
0.8679 
0.8599 
0.8714 
0.8750 
0.8845 
0.8653 
0.8689 
0.8682 
0.8575 
0.8801 
0.8883 
0.8700 
0.8500 
0.8889 
0.8822 
0.8833 
0.8764 
0.8466 
0.8965 
0.8640 
0.8564 
0.8720 
0.8485 
0.8670 
0.8707 
0.8912 
0.8570 
0.8814 
0.8697 
0.8841 
0.8757 
0.8814 
0.8553 
0.8765 
0.8999 
0.8721 
0.8539 
0.8722 
0.8684 
0.8370 
0.8969 
0.8741 
0.8571 
0.8558 
0.8613 
0.8355 
0.8748 
0.8650 
0.8517 
0.8619 
0.8368 
0.8696 
0.8930 
0.8905 
0.8502 
0.8797 
0.8819 
0.8668 
0.8530 
0.8869 
0.8578 
0.8704 
0.8718 
0.8750 
0.8514 
0.8874 
0.8673 
0.8745 
0.8858 
0.8574 
0.8876 
0.8514 
0.8576 
0.8537 
0.8888 
0.8868 
0.8788 
0.8497 
0.8661 
0.8831 
0.8527 
0.8773 
0.8363 
0.8682 
0.8812 
0.8708 
0.9057 
0.8621 
0.8799 
0.8847 
0.8591 
0.8520 
0.8755 
0.8534 
0.8885 
0.8810 
0.8447 
0.8642 
0.8605 
0.8866 
0.8606 
0.8533 
0.8722 
0.8902 
0.8603 
0.8669 
0.8703 
0.9037 
0.8565 
0.8652 
0.8874 
0.8615 
0.8778 
0.8640 
0.8652 
0.8548 
0.8586 
0.8718 
0.8911 
0.8731 
0.8834 
0.8750 
0.8680 
0.8734 
0.8621 
0.8581 
0.8674 
0.8608 
0.8562 
0.8725 
0.8728 
0.8779 
0.8484 
0.8619 
0.8744 
0.8766 
0.8659 
0.8754 
0.8834 
0.8745 
0.8914 
0.8474 
0.8794 
0.8816 
0.8361 
0.8556 
0.8607 
0.8607 
0.8817 
0.8458 
0.8584 
0.8673 
0.8621 
0.8599 
0.8601 
0.8677 
0.8754 
0.8725 
0.8571 
0.8913 
0.8774 
0.8832 
0.8519 
0.8573 
0.8554 
0.8225 
0.8685 
0.8812 
0.8666 
0.8916 
0.8653 
0.8723 
0.8811 
0.8544 
0.8812 
0.8832 
0.8856 
0.8898 
0.8524 
0.8618 
0.8419 
0.8652 
0.8522 
0.8689 
0.8663 
0.8850 
0.8634 
0.8637 
0.8613 
0.8857 
0.8734 
0.8636 
0.8680 
0.8632 
0.8892 
0.8691 
0.8722 
0.8547 
0.8658 
0.8782 
0.8769 
0.8656 
0.8616 
0.8835 
0.8426 
0.8622 
0.8389 
0.8185 
0.8481 
0.8961 
0.8820 
0.8801 
0.8704 
0.8600 
0.8531 
0.8512 
0.8552 
0.8739 
0.8473 
0.8712 
0.8622 
0.8665 
0.8646 
0.8796 
0.8377 
0.8705 
0.8701 
0.8665 
0.8705 
0.8554 
0.8905 
0.8654 
0.8769 
0.8639 
0.8632 
0.8741 
0.8704 
0.8624 
0.8716 
0.8697 
0.8482 
0.8652 
0.8350 
0.8742 
0.8562 
0.8613 
0.8470 
0.8659 
0.8507 
0.8629 
0.8591 
0.8563 
0.8811 
0.8383 
0.8576 
0.8301 
0.8662 
0.8524 
0.8495 
0.8483 
0.8614 
0.8498 
0.8527 
0.8887 
0.8791 
0.8437 
0.8640 
0.8727 
0.8735 
0.8625 
0.8575 
0.8590 
0.8607 
0.8815 
0.8590 
0.8609 
0.8824 
0.8459 
0.8435 
0.8396 
0.8509 
0.8628 
0.8731 
0.8628 
0.8741 
0.8625 
0.8722 
0.8784 
0.8787 
0.8934 
0.8773 
0.8702 
0.8727 
0.8698 
0.8579 
0.8531 
0.8796 
0.8453 
0.8583 
0.8609 
0.8418 
0.8835 
0.8766 
0.8532 
0.8753 
0.8691 
0.8441 
0.8613 
0.8941 
0.8629 
0.8649 
0.8656 
0.8734 
0.8252 
0.8885 
0.8502 
0.8496 
0.8700 
0.8590 
0.8607 
0.8731 
0.8365 
0.8636 
0.8797 
0.8622 
0.8696 
0.8603 
0.8677 
0.8792 
0.8805 
0.8776 
0.8530 
0.8673 
0.8566 
0.8612 
0.8682 
0.8643 
0.8627 
0.8597 
0.8655 
0.8627 
0.8542 
0.8540 
0.8530 
0.8690 
0.8503 
0.8537 
0.8494 
0.8709 
0.8710 
0.8636 
0.8648 
0.8636 
0.8746 
0.8463 
0.8608 
0.8510 
0.8605 
0.8504 
0.8764 
0.8812 
0.8777 
0.8724 
0.8646 
0.8499 
0.8638 
0.8679 
0.8749 
0.8757 
0.8683 
0.8613 
0.8569 
0.8582 
0.8364 
0.8503 
0.8479 
0.8618 
0.8576 
0.8459 
0.8450 
0.8806 
0.8474 
0.8594 
0.8750 
0.8573 
0.8835 
0.8531 
0.8476 
0.8498 
0.8807 
0.8646 
0.8638 
0.8608 
0.8522 
0.8462 
0.8628 
0.8672 
0.8627 
0.8594 
0.8714 
0.8674 
0.8531 
0.8579 
0.8569 
0.8605 
0.8551 
0.8747 
0.8273 
0.8593 
0.8539 
0.8375 
0.8503 
0.8531 
0.8510 
0.8693 
0.8441 
0.8469 
0.8594 
0.8562 
0.8550 
0.8519 
0.8458 
0.8714 
0.8606 
0.8739 
0.8528 
0.8508 
0.8559 
0.8435 
0.8634 
0.8541 
0.8420 
0.8632 
0.8552 
0.8577 
0.8470 
0.8628 
0.8542 
0.8499 
0.8777 
0.8843 
0.8544 
0.8712 
0.8632 
0.8695 
0.8827 
0.8557 
0.8522 
0.8904 
0.8661 
0.8220 
0.8451 
0.8653 
0.8428 
0.8624 
0.8313 
0.8510 
0.8816 
0.8485 
0.8563 
0.8613 
0.8674 
0.8710 
0.8673 
0.8431 
0.8523 
0.8485 
0.8710 
0.8762 
0.8896 
0.8441 
0.8498 
0.8768 
0.8681 
0.8649 
0.8396 
0.8570 
0.8465 
0.8336 
0.8687 
0.8602 
0.8567 
0.8444 
0.8676 
0.8550 
0.8394 
0.8689 
0.8627 
0.8365 
0.8697 
0.8548 
0.8919 
0.8628 
0.8478 
0.8575 
0.8528 
0.8551 
0.8410 
0.8424 
0.8572 
0.8618 
0.8639 
0.8635 
0.8647 
0.8626 
0.8764 
0.8605 
0.8424 
0.8164 
0.8598 
0.8538 
0.8535 
0.8868 
0.8490 
0.8798 
0.8578 
0.8521 
0.8512 
0.8500 
0.8510 
0.8466 
0.8767 
0.8771 
0.8720 
0.8503 
0.8609 
0.8621 
0.8454 
0.8472 
0.8686 
0.8819 
0.8517 
0.8706 
0.8724 
0.8487 
0.8672 
0.8551 
0.8466 
0.8459 
0.8673 
0.8633 
0.8627 
0.8352 
0.8326 
0.8680 
0.8358 
0.8568 
0.8538 
0.8624 
0.8486 
0.8511 
0.8764 
0.8749 
0.8790 
0.8393 
0.8515 
0.8526 
0.8579 
0.8587 
0.8579 
0.8471 
0.8678 
0.8427 
0.8311 
0.8538 
0.8405 
0.8671 
0.8723 
0.8491 
0.8555 
0.8688 
0.8620 
0.8600 
0.8270 
0.8416 
0.8570 
0.8638 
0.8435 
0.8412 
0.8564 
0.8491 
0.8554 
0.8705 
0.8695 
0.8738 
0.8360 
0.8457 
0.8458 
0.8534 
0.8667 
0.8627 
0.8706 
0.8714 
0.8385 
0.8617 
0.8553 
0.8438 
0.8623 
0.8351 
0.8596 
0.8404 
0.8639 
0.8345 
0.8465 
0.8248 
0.8373 
0.8571 
0.8829 
0.8533 
0.8590 
0.8596 
0.8444 
0.8402 
0.8473 
0.8639 
0.8672 
0.8645 
0.8424 
0.8405 
0.8438 
0.8500 
0.8677 
0.8466 
0.8449 
0.8504 
0.8518 
0.8374 
0.8540 
0.8668 
0.8516 
0.8406 
0.8648 
0.8767 
0.8471 
0.8579 
0.8342 
0.8741 
0.8427 
0.8389 
0.8423 
0.8579 
0.8457 
0.8325 
0.8653 
0.8484 
0.8636 
0.8429 
0.8665 
0.8595 
0.8536 
0.8664 
0.8595 
0.8525 
0.8691 
0.8628 
0.8219 
0.8552 
0.8635 
0.8697 
0.8481 
0.8576 
0.8644 
0.8688 
0.8646 
0.8390 
0.8510 
0.8820 
0.8530 
0.8291 
0.8448 
0.8613 
0.8418 
0.8802 
0.8437 
0.8612 
0.8710 
0.8639 
0.8508 
0.8522 
0.8522 
0.8400 
0.8698 
0.8513 
0.8737 
0.8561 
0.8407 
0.8665 
0.8667 
0.8401 
0.8497 
0.8512 
0.8558 
0.8452 
0.8470 
0.8611 
0.8718 
0.8561 
0.8538 
