0.934 0.9375 0.875625
0.9636 0.9565 0.9216834
0.8927 0.9213 0.82244451
0.9262 0.9594 0.88859628
0.9514 0.9559 0.90944326
0.9489 0.932 0.8843748
0.9631 0.9524 0.91725644
0.9703 0.9778 0.94875934
0.9298 0.9406 0.87456988
0.9459 0.9077 0.85859343
0.8806 0.7843 0.69065458
0.9339 0.9231 0.86208309
0.97 0.9507 0.922179
0.9183 0.9394 0.86265102
0.9494 0.9328 0.88560032
0.9405 0.8868 0.8340354
0.9662 0.9296 0.89817952
0.8563 0.878 0.7518314
0.9546 0.9 0.85914
0.9338 0.9432 0.88076016
0.9194 0.8861 0.81468034
0.9465 0.9483 0.89756595
0.9531 0.9531 0.90839961
0.9381 0.9474 0.88875594
0.9582 0.9568 0.91680576
0.9122 0.9194 0.83867668
0.9392 0.9515 0.8936488
0.9131 0.8468 0.77321308
0.9445 0.9174 0.8664843
0.9632 0.9654 0.92987328
0.9567 0.9612 0.91958004
0.9726 0.9677 0.94118502
0.9554 0.8688 0.83005152
0.9449 0.925 0.8740325
0.9322 0.9467 0.88251374
0.9601 0.936 0.8986536
0.9516 0.9293 0.88432188
0.901 0.914 0.823514
0.9469 0.9547 0.90400543
0.9449 0.9533 0.90077317
0.9402 0.8716 0.81947832
0.956 0.9524 0.9104944
0.9558 0.9787 0.93544146
0.8797 0.8732 0.76815404
0.951 0.9071 0.8626521
0.9143 0.8621 0.78821803
0.9453 0.9489 0.89699517
0.9606 0.9542 0.91660452
0.9428 0.9302 0.87699256
0.9715 0.9702 0.9425493
0.9523 0.9302 0.88582946
0.9323 0.9572 0.89239756
0.9062 0.9471 0.85826202
0.9226 0.8873 0.81862298
0.8968 0.9035 0.8102588
0.9427 0.9363 0.88265001
0.9487 0.9516 0.90278292
0.9052 0.9239 0.83631428
0.9637 0.9538 0.91917706
0.9488 0.9524 0.90363712
0.9628 0.9703 0.93420484
0.9336 0.9333 0.87132888
0.8898 0.9149 0.81407802
0.9424 0.964 0.9084736
0.9665 0.9559 0.92387735
0.9624 0.9655 0.9291972
0.9474 0.9457 0.89595618
0.9509 0.958 0.9109622
0.9093 0.9306 0.84619458
0.8817 0.908 0.8005836
0.9067 0.9271 0.84060157
0.9115 0.8108 0.7390442
0.8984 0.9213 0.82769592
0.9388 0.947 0.8890436
0.939 0.9343 0.8773077
0.9466 0.9517 0.90087922
0.9726 0.9691 0.94254666
0.9561 0.929 0.8882169
0.9068 0.945 0.856926
0.9416 0.8947 0.84244952
0.9107 0.9178 0.83584046
0.9464 0.9512 0.90021568
0.943 0.9417 0.8880231
0.9267 0.9275 0.85951425
0.9826 0.9875 0.9703175
0.9418 0.9038 0.85119884
0.9338 0.9592 0.89570096
0.9361 0.9286 0.86926246
0.8739 0.9063 0.79201557
0.9342 0.9556 0.89272152
0.9593 0.958 0.9190094
0.8908 0.8636 0.76929488
0.9543 0.94 0.897042
0.9597 0.9624 0.92361528
0.9399 0.9281 0.87232119
0.9388 0.9451 0.88725988
0.9271 0.9214 0.85422994
0.9724 0.9672 0.94050528
0.9482 0.9416 0.89282512
0.9333 0.9299 0.86787567
0.9531 0.9506 0.90601686
0.956 0.9386 0.8973016
0.9338 0.9639 0.90008982
0.9524 0.9751 0.92868524
0.9569 0.9487 0.90781103
0.9606 0.9577 0.91996662
0.9538 0.9458 0.90210404
0.9512 0.9344 0.88880128
0.9521 0.9576 0.91173096
0.9655 0.977 0.9432935
0.9261 0.883 0.8177463
0.9359 0.9186 0.85971774
0.966 0.9737 0.9405942
0.9388 0.9158 0.85975304
0.9665 0.9528 0.9208812
0.9476 0.9325 0.883637
0.9689 0.9732 0.94293348
0.9254 0.9286 0.85932644
0.9472 0.951 0.9007872
0.9543 0.9083 0.86679069
0.9381 0.9048 0.84879288
0.9266 0.95 0.88027
0.8955 0.875 0.7835625
0.9288 0.9247 0.85886136
0.9519 0.9605 0.91429995
0.948 0.9645 0.914346
0.9351 0.9211 0.86132061
0.9262 0.9344 0.86544128
0.9576 0.9679 0.92686104
0.961 0.9082 0.8727802
0.9536 0.9507 0.90658752
0.9557 0.9507 0.90858399
0.9489 0.9569 0.90800241
0.9663 0.9744 0.94156272
0.9625 0.966 0.929775
0.9527 0.9135 0.87029145
0.9431 0.9524 0.89820844
0.952 0.931 0.886312
0.9634 0.9474 0.91272516
0.9466 0.9583 0.90712678
0.9335 0.9694 0.9049349
0.9499 0.9367 0.88977133
0.9337 0.9608 0.89709896
0.9014 0.8915 0.8035981
0.9552 0.9441 0.90180432
0.9366 0.9604 0.89951064
0.938 0.9063 0.8501094
0.9551 0.9424 0.90008624
0.9594 0.9574 0.91852956
0.9666 0.9548 0.92290968
0.9638 0.9605 0.9257299
0.944 0.8911 0.8411984
0.925 0.9433 0.8725525
0.9532 0.9716 0.92612912
0.9401 0.9402 0.88388202
0.9626 0.9834 0.94662084
0.9565 0.9497 0.90838805
0.9505 0.8947 0.85041235
0.9577 0.9552 0.91479504
0.9417 0.9381 0.88340877
0.9327 0.9398 0.87655146
0.9513 0.945 0.8989785
0.9427 0.95 0.895565
0.9515 0.918 0.873477
0.9638 0.9572 0.92254936
0.9561 0.9624 0.92015064
0.9529 0.962 0.9166898
0.9277 0.9077 0.84207329
0.9276 0.9247 0.85775172
0.9467 0.935 0.8851645
0.9475 0.9672 0.916422
0.9152 0.9091 0.83200832
0.9505 0.9621 0.91447605
0.935 0.9355 0.8746925
0.9404 0.9387 0.88275348
0.9678 0.9415 0.9111837
0.9685 0.9752 0.9444812
0.9548 0.9529 0.90982892
0.9582 0.9709 0.93031638
0.9293 0.8966 0.83321038
0.9362 0.9419 0.88180678
0.9431 0.8792 0.82917352
0.9523 0.9265 0.88230595
0.94 0.9529 0.895726
0.969 0.9809 0.9504921
0.9638 0.9688 0.93372944
0.9389 0.951 0.8928939
0.9444 0.9429 0.89047476
0.9297 0.94 0.873918
0.9453 0.939 0.8876367
0.9519 0.9036 0.86013684
0.9406 0.9383 0.88256498
0.9356 0.9529 0.89153324
0.9643 0.9524 0.91839932
0.9306 0.906 0.8431236
0.9655 0.9604 0.9272662
0.9442 0.9636 0.90983112
0.9626 0.9638 0.92775388
0.9658 0.977 0.9435866
0.9361 0.9496 0.88892056
0.9385 0.9043 0.84868555
0.9489 0.913 0.8663457
0.9507 0.9441 0.89755587
0.9542 0.9351 0.89227242
0.9627 0.9204 0.88606908
0.9515 0.958 0.911537
0.9478 0.9306 0.88202268
0.9242 0.9135 0.8442567
0.9527 0.9398 0.89534746
0.9486 0.9667 0.91701162
0.9606 0.958 0.9202548
0.9406 0.932 0.8766392
0.9593 0.9095 0.87248335
0.9608 0.9423 0.90536184
0.9523 0.932 0.8875436
0.9473 0.9375 0.88809375
0.9305 0.9302 0.8655511
0.9139 0.9176 0.83859464
0.9624 0.9375 0.90225
0.959 0.9556 0.9164204
0.9545 0.9043 0.86315435
0.9492 0.8739 0.82950588
0.9493 0.9538 0.90544234
0.9528 0.9286 0.88477008
0.9449 0.9556 0.90294644
0.9579 0.9689 0.92810931
0.9624 0.95 0.91428
0.9415 0.9441 0.88887015
0.9621 0.933 0.8976393
0.9574 0.9689 0.92762486
0.9558 0.9559 0.91364922
0.9624 0.9716 0.93506784
0.9486 0.9618 0.91236348
0.9615 0.9634 0.9263091
0.9547 0.9597 0.91622559
0.9596 0.9279 0.89041284
0.9386 0.9196 0.86313656
0.946 0.9612 0.9092952
0.9679 0.9569 0.92618351
0.9533 0.9651 0.92002983
0.9538 0.9355 0.8922799
0.9609 0.9618 0.92419362
0.9434 0.9565 0.9023621
0.9497 0.9577 0.90952769
0.9558 0.9592 0.91680336
0.9526 0.9273 0.88334598
0.9535 0.9595 0.91488325
0.9617 0.9612 0.92438604
0.9502 0.9333 0.88682166
0.9622 0.9412 0.90562264
0.9672 0.9636 0.93199392
0.9582 0.965 0.924663
0.9624 0.97 0.933528
0.9514 0.9551 0.90868214
0.9523 0.9416 0.89668568
0.9668 0.9717 0.93943956
0.9467 0.8814 0.83442138
0.9625 0.9195 0.88501875
0.962 0.9537 0.9174594
0.9536 0.9386 0.89504896
0.9469 0.9333 0.88374177
0.9404 0.9386 0.88265944
0.965 0.9435 0.9104775
0.9486 0.9478 0.89908308
0.9639 0.95 0.915705
0.9535 0.9278 0.8846573
0.9582 0.9467 0.90712794
0.9598 0.9832 0.94367536
0.9478 0.9568 0.90685504
0.9445 0.9537 0.90076965
0.9541 0.9466 0.90315106
0.959 0.9638 0.9242842
0.9402 0.9524 0.89544648
0.9516 0.9298 0.88479768
0.9667 0.9496 0.91797832
0.9578 0.9375 0.8979375
0.9708 0.9602 0.93216216
0.9486 0.9484 0.89965224
0.9695 0.9744 0.9446808
0.9379 0.9298 0.87205942
0.9482 0.9625 0.9126425
0.9501 0.9713 0.92283213
0.9615 0.9286 0.8928489
0.9375 0.9406 0.8818125
0.9662 0.9589 0.92648918
0.9603 0.9548 0.91689444
0.9539 0.9444 0.90086316
0.9583 0.9521 0.91239743
0.939 0.9444 0.8867916
0.9503 0.9405 0.89375715
0.9746 0.9454 0.92138684
0.9381 0.9794 0.91877514
0.937 0.9524 0.8923988
0.9626 0.9805 0.9438293
0.948 0.9494 0.9000312
0.9636 0.9289 0.89508804
0.9487 0.8976 0.85155312
0.9504 0.936 0.8895744
0.9736 0.9727 0.94702072
0.9557 0.8832 0.84407424
0.9565 0.9811 0.93842215
0.9616 0.935 0.899096
0.9519 0.9407 0.89545233
0.9619 0.9763 0.93910297
0.9595 0.9538 0.9151711
0.9539 0.9394 0.89609366
0.9559 0.9565 0.91431835
0.9268 0.9346 0.86618728
0.9525 0.9664 0.920496
0.9488 0.9624 0.91312512
0.9455 0.9048 0.8554884
0.9543 0.9474 0.90410382
0.9662 0.9645 0.9318999
0.9498 0.9429 0.89556642
0.9664 0.97 0.937408
0.9531 0.913 0.8701803
0.9263 0.9341 0.86525683
0.9394 0.96 0.901824
0.9622 0.913 0.8784886
0.9462 0.9137 0.86454294
0.9483 0.9386 0.89007438
0.9521 0.8919 0.84917799
0.9562 0.9796 0.93669352
0.9428 0.9343 0.88085804
0.9459 0.9549 0.90323991
0.9355 0.9177 0.85850835
0.9515 0.9664 0.9195296
0.9595 0.9657 0.92658915
0.9472 0.9843 0.93232896
0.9598 0.9735 0.9343653
0.9577 0.9586 0.91805122
0.9545 0.9551 0.91164295
0.9617 0.8788 0.84514196
0.9587 0.9632 0.92341984
0.9517 0.9536 0.90754112
0.9538 0.9237 0.88102506
0.9582 0.9485 0.9088527
0.9442 0.9217 0.87026914
0.9658 0.9511 0.91857238
0.9404 0.9314 0.87588856
0.9479 0.9204 0.87244716
0.959 0.9504 0.9114336
0.9479 0.9111 0.86363169
0.9497 0.942 0.8946174
0.9566 0.9241 0.88399406
0.949 0.9286 0.8812414
0.9484 0.942 0.8933928
0.9519 0.945 0.8995455
0.9499 0.9717 0.92301783
0.9566 0.9521 0.91077886
0.9621 0.9674 0.93073554
0.9596 0.951 0.9125796
0.9518 0.9505 0.9046859
0.943 0.9302 0.8771786
0.9408 0.9021 0.84869568
0.9708 0.9442 0.91662936
0.9561 0.9583 0.91623063
0.9528 0.9717 0.92583576
0.9644 0.9548 0.92080912
0.9649 0.952 0.9185848
0.9555 0.9587 0.91603785
0.9541 0.92 0.877772
0.9531 0.93 0.886383
0.9395 0.9407 0.88378765
0.9626 0.9487 0.91321862
0.9465 0.9619 0.91043835
0.9625 0.9647 0.92852375
0.9555 0.8932 0.8534526
0.9603 0.9618 0.92361654
0.9577 0.9573 0.91680621
0.9557 0.9348 0.89338836
0.9496 0.9535 0.9054436
0.9534 0.9573 0.91268982
0.9415 0.9451 0.88981165
0.953 0.9527 0.9079231
0.9505 0.9492 0.9022146
0.9469 0.9553 0.90457357
0.9559 0.9451 0.90342109
0.9711 0.9816 0.95323176
0.9453 0.9394 0.88801482
0.9479 0.9231 0.87500649
0.9442 0.9346 0.88244932
0.9611 0.9531 0.91602441
0.9427 0.936 0.8823672
0.9629 0.9593 0.92370997
0.9647 0.9605 0.92659435
0.9489 0.963 0.9137907
0.9603 0.9551 0.91718253
0.9247 0.8817 0.81530799
0.9472 0.9474 0.89737728
0.9582 0.9552 0.91527264
0.9514 0.9355 0.8900347
0.9369 0.9359 0.87684471
0.9607 0.9291 0.89258637
0.9512 0.9448 0.89869376
0.9569 0.9396 0.89910324
0.9552 0.9366 0.89464032
0.9612 0.9655 0.9280386
0.9506 0.9478 0.90097868
0.9543 0.9444 0.90124092
0.9454 0.9592 0.90682768
0.9611 0.942 0.9053562
0.9527 0.9474 0.90258798
0.9548 0.9366 0.89426568
0.9517 0.969 0.9221973
0.9572 0.9571 0.91613612
0.9574 0.9318 0.89210532
0.9441 0.949 0.8959509
0.948 0.963 0.912924
0.9468 0.9398 0.88980264
0.9527 0.9583 0.91297241
0.9546 0.9633 0.91956618
0.9603 0.9497 0.91199691
0.96 0.9431 0.905376
0.9573 0.9712 0.92972976
0.9539 0.9661 0.92156279
0.9537 0.9444 0.90067428
0.943 0.931 0.877933
0.9546 0.9648 0.92099808
0.9509 0.9203 0.87511327
0.9462 0.9297 0.87968214
0.9567 0.9655 0.92369385
0.9498 0.958 0.9099084
0.9441 0.9279 0.87603039
0.9464 0.9371 0.88687144
0.9536 0.9068 0.86472448
0.9508 0.9083 0.86361164
0.9638 0.9722 0.93700636
0.9478 0.9417 0.89254326
0.9566 0.963 0.9212058
0.9509 0.9456 0.89917104
0.9676 0.9509 0.92009084
0.956 0.922 0.881432
0.9471 0.913 0.8647023
0.94 0.9301 0.874294
0.9484 0.9516 0.90249744
0.9466 0.9098 0.86121668
0.9573 0.9746 0.93298458
0.9556 0.9337 0.89224372
0.9526 0.9528 0.90763728
0.9525 0.9624 0.916686
0.9477 0.9558 0.90581166
0.9407 0.9646 0.90739922
0.9445 0.9412 0.8889634
0.9542 0.9298 0.88721516
0.9482 0.9394 0.89073908
0.9508 0.9247 0.87920476
0.9607 0.973 0.9347611
0.947 0.9423 0.8923581
0.9594 0.9419 0.90365886
0.9642 0.9692 0.93450264
0.9456 0.9065 0.8571864
0.9486 0.9672 0.91748592
0.9559 0.9617 0.91928903
0.9525 0.9485 0.90344625
0.9547 0.9404 0.89779988
0.9441 0.9135 0.86243535
0.9493 0.9217 0.87496981
0.9645 0.9545 0.92061525
0.9525 0.9764 0.930021
0.9548 0.9717 0.92777916
0.95 0.9389 0.891955
0.9473 0.9429 0.89320917
0.9534 0.9391 0.89533794
0.961 0.9438 0.9069918
0.9498 0.9537 0.90582426
0.9551 0.9504 0.90772704
0.9529 0.9515 0.90668435
0.9556 0.9557 0.91326692
0.9483 0.945 0.8961435
0.9568 0.9433 0.90254944
0.9636 0.9481 0.91358916
0.9466 0.9449 0.89444234
0.9524 0.9505 0.9052562
0.9558 0.9397 0.89816526
0.9563 0.9646 0.92244698
0.9614 0.9649 0.92765486
0.9498 0.9509 0.90316482
0.9581 0.9526 0.91268606
0.9503 0.9301 0.88387403
0.9516 0.9703 0.92333748
0.9531 0.9111 0.86836941
0.9569 0.9134 0.87403246
0.9485 0.9203 0.87290455
0.9552 0.9286 0.88699872
0.9521 0.9603 0.91430163
0.9504 0.9558 0.90839232
0.9597 0.9708 0.93167676
0.9412 0.9247 0.87032764
0.9425 0.9293 0.87586525
0.9521 0.9638 0.91763398
0.9502 0.9483 0.90107466
0.9365 0.9405 0.88077825
0.9618 0.9692 0.93217656
0.9502 0.957 0.9093414
0.9547 0.9484 0.90543748
0.9445 0.9416 0.8893412
0.9554 0.9699 0.92664246
0.9534 0.9407 0.89686338
0.9435 0.9556 0.9016086
0.9562 0.9457 0.90427834
0.9573 0.9329 0.89306517
0.9435 0.9348 0.8819838
0.9565 0.9375 0.89671875
0.9461 0.9172 0.86776292
0.9424 0.9493 0.89462032
0.9492 0.9187 0.87203004
0.9481 0.9423 0.89339463
0.9542 0.9435 0.9002877
0.9507 0.9444 0.89784108
0.9506 0.9542 0.90706252
0.9541 0.918 0.8758638
0.9628 0.9606 0.92486568
0.958 0.9161 0.8776238
0.9507 0.9368 0.89061576
0.9513 0.9508 0.90449604
0.9478 0.9256 0.87728368
0.9432 0.9091 0.85746312
0.954 0.9394 0.8961876
0.96 0.9429 0.905184
0.94 0.9225 0.86715
0.9555 0.9618 0.9189999
0.9396 0.931 0.8747676
0.9344 0.9238 0.86319872
0.9469 0.9565 0.90570985
0.9491 0.9455 0.89737405
0.9602 0.9219 0.88520838
0.9549 0.9408 0.89836992
0.9524 0.9348 0.89030352
0.9621 0.9481 0.91216701
0.95 0.9623 0.914185
0.9562 0.958 0.9160396
0.959 0.9574 0.9181466
0.9439 0.9292 0.87707188
0.9589 0.9408 0.90213312
0.9552 0.9292 0.88757184
0.9496 0.9245 0.8779052
0.9449 0.9237 0.87280413
0.9609 0.9617 0.92409753
0.9431 0.9118 0.85991858
0.9506 0.9313 0.88529378
0.9475 0.944 0.89444
0.9528 0.9352 0.89105856
0.9521 0.9429 0.89773509
0.95 0.9363 0.889485
0.9467 0.9189 0.86992263
0.9464 0.9388 0.88848032
0.9483 0.9273 0.87935859
0.9487 0.9537 0.90477519
0.9596 0.9586 0.91987256
0.9592 0.9543 0.91536456
0.945 0.9286 0.877527
0.9486 0.9453 0.89671158
0.948 0.9152 0.8676096
0.9463 0.9306 0.88062678
0.9568 0.9412 0.90054016
0.9492 0.964 0.9150288
0.9589 0.9138 0.87624282
0.9549 0.9365 0.89426385
0.9442 0.9394 0.88698148
0.9537 0.9455 0.90172335
0.9572 0.935 0.894982
0.9514 0.9474 0.90135636
0.9437 0.96 0.905952
0.9683 0.9679 0.93721757
0.9564 0.9569 0.91517916
0.9566 0.94 0.899204
0.9451 0.9417 0.89000067
0.944 0.9461 0.8931184
0.9415 0.9434 0.8882111
0.9594 0.9416 0.90337104
0.9552 0.9394 0.89731488
0.9561 0.9211 0.88066371
0.9287 0.92 0.854404
0.9614 0.9431 0.90669634
0.9456 0.8934 0.84479904
0.9568 0.962 0.9204416
0.9542 0.9355 0.8926541
0.9482 0.9048 0.85793136
0.9555 0.9304 0.8889972
0.9584 0.9468 0.90741312
0.952 0.9784 0.9314368
0.9478 0.9457 0.89633446
0.9487 0.9343 0.88637041
0.9579 0.9375 0.89803125
0.9497 0.942 0.8946174
0.9546 0.9259 0.88386414
0.9524 0.9181 0.87439844
0.9392 0.95 0.89224
0.9437 0.9529 0.89925173
0.9459 0.9268 0.87666012
0.9439 0.9123 0.86111997
0.9351 0.9419 0.88077069
0.9551 0.9275 0.88585525
0.9512 0.9484 0.90211808
0.9564 0.9771 0.93449844
0.9477 0.9433 0.89396541
0.9513 0.9048 0.86073624
0.9474 0.9417 0.89216658
0.9492 0.9496 0.90136032
0.9392 0.9545 0.8964664
0.9517 0.9612 0.91477404
0.955 0.9365 0.8943575
0.9605 0.9412 0.9040226
0.9468 0.9365 0.8866782
0.9509 0.9615 0.91429035
0.9525 0.9266 0.8825865
0.9343 0.9076 0.84797068
0.9447 0.9147 0.86411709
0.9496 0.9111 0.86518056
0.95 0.8951 0.850345
0.9512 0.9384 0.89260608
0.9494 0.9535 0.9052529
0.9546 0.958 0.9145068
0.9534 0.9487 0.90449058
0.9512 0.8983 0.85446296
0.9379 0.944 0.8853776
0.9397 0.9029 0.84845513
0.9521 0.9556 0.90982676
0.952 0.9231 0.8787912
0.9448 0.9398 0.88792304
0.9525 0.9462 0.9012555
0.9522 0.9363 0.89154486
0.9484 0.9143 0.86712212
0.9365 0.9231 0.86448315
0.9537 0.9272 0.88427064
0.9505 0.9008 0.8562104
0.9484 0.9444 0.89566896
0.9473 0.9402 0.89065146
0.9441 0.9091 0.85828131
0.9509 0.9503 0.90364027
0.9536 0.9396 0.89600256
0.9479 0.9155 0.86780245
0.9416 0.9151 0.86165816
0.9522 0.9383 0.89344926
0.9456 0.9248 0.87449088
0.9396 0.899 0.8447004
0.9523 0.9583 0.91258909
0.959 0.9641 0.9245719
0.9361 0.9412 0.88105732
0.9517 0.9291 0.88422447
0.9501 0.9259 0.87969759
0.9483 0.9479 0.89889357
0.9513 0.9679 0.92076327
0.944 0.9143 0.8630992
0.9302 0.9052 0.84201704
0.953 0.96 0.91488
0.947 0.9469 0.8967143
0.9472 0.916 0.8676352
0.9438 0.9195 0.8678241
0.9533 0.9398 0.89591134
0.9439 0.9203 0.86867117
0.9477 0.9016 0.85444632
0.9447 0.9301 0.87866547
0.945 0.9155 0.8651475
0.952 0.9136 0.8697472
0.9605 0.937 0.8999885
0.9539 0.931 0.8880809
0.9535 0.9302 0.8869457
0.9433 0.9365 0.88340045
0.9445 0.98 0.92561
0.9476 0.9365 0.8874274
0.9424 0.9439 0.88953136
0.9396 0.8981 0.84385476
0.9556 0.9345 0.8930082
0.9522 0.9573 0.91154106
0.9455 0.9321 0.88130055
0.9458 0.9143 0.86474494
0.954 0.9484 0.9047736
0.9505 0.9369 0.89052345
0.9512 0.9449 0.89878888
0.9483 0.937 0.8885571
0.9533 0.9504 0.90601632
0.9442 0.9444 0.89170248
0.9488 0.938 0.8899744
0.9373 0.9524 0.89268452
0.9486 0.9557 0.90657702
0.9501 0.9718 0.92330718
0.9557 0.9277 0.88660289
0.9405 0.8984 0.8449452
0.9369 0.9364 0.87731316
0.9419 0.9008 0.84846352
0.9479 0.9496 0.90012584
0.9512 0.9481 0.90183272
0.946 0.963 0.910998
0.9458 0.9403 0.88933574
0.9526 0.9573 0.91192398
0.9438 0.9437 0.89066406
0.9492 0.9429 0.89500068
0.9478 0.9381 0.88913118
0.9464 0.9434 0.89283376
0.9562 0.9407 0.89949734
0.949 0.9444 0.8962356
0.9562 0.9478 0.90628636
0.9462 0.9521 0.90087702
0.9467 0.9338 0.88402846
0.9465 0.9355 0.88545075
0.9541 0.9306 0.88788546
0.9472 0.931 0.8818432
0.9445 0.9344 0.8825408
0.9449 0.9437 0.89170213
0.9455 0.9398 0.8885809
0.9451 0.9562 0.90370462
0.9378 0.9521 0.89287938
0.9494 0.9272 0.88028368
0.9386 0.925 0.868205
0.9475 0.9091 0.86137225
0.9447 0.9556 0.90275532
0.9431 0.9217 0.86925527
0.9419 0.9536 0.89819584
0.9434 0.938 0.8849092
0.9492 0.9481 0.89993652
0.9487 0.9509 0.90211883
0.9438 0.9206 0.86886228
0.954 0.9204 0.8780616
0.9433 0.9016 0.85047928
0.952 0.9464 0.9009728
0.9462 0.9231 0.87343722
0.9404 0.9154 0.86084216
0.9428 0.9366 0.88302648
0.9413 0.9333 0.87851529
0.9529 0.9225 0.87905025
0.9577 0.9333 0.89382141
0.9426 0.952 0.8973552
0.9473 0.9462 0.89633526
0.9506 0.9494 0.90249964
0.9504 0.9338 0.88748352
0.9535 0.9224 0.8795084
0.9413 0.918 0.8641134
0.9442 0.9417 0.88915314
0.9424 0.9346 0.88076704
0.944 0.9118 0.8607392
0.9376 0.9308 0.87271808
0.9459 0.9375 0.88678125
0.9441 0.9091 0.85828131
0.9419 0.9123 0.85929537
0.9425 0.8878 0.8367515
0.9415 0.9496 0.8940484
0.951 0.9497 0.9031647
0.9442 0.931 0.8790502
0.9437 0.9043 0.85338791
0.9462 0.9339 0.88365618
0.9456 0.9143 0.86456208
0.9465 0.9342 0.8842203
0.9507 0.9137 0.86865459
0.9447 0.9292 0.87781524
0.9457 0.9197 0.86976029
0.9476 0.9292 0.88050992
0.9454 0.8852 0.83686808
0.9453 0.9343 0.88319379
0.9449 0.9333 0.88187517
0.9438 0.9262 0.87414756
0.9483 0.9248 0.87698784
0.9463 0.9403 0.88980589
0.9458 0.9423 0.89122734
0.9502 0.9453 0.89822406
0.9473 0.9182 0.86981086
0.9424 0.904 0.8519296
0.9388 0.9308 0.87383504
0.9445 0.9265 0.87507925
0.9507 0.9505 0.90364035
0.9292 0.9185 0.8534702
0.9444 0.9328 0.88093632
0.9469 0.9265 0.87730285
0.9481 0.9389 0.89017109
0.9434 0.944 0.8905696
0.9465 0.9265 0.87693225
0.9507 0.9322 0.88624254
0.9543 0.9462 0.90295866
0.9408 0.9328 0.87757824
0.9484 0.938 0.8895992
0.9394 0.9462 0.88886028
0.9471 0.9286 0.87947706
0.9364 0.9174 0.85905336
0.9451 0.9457 0.89378107
0.9377 0.9457 0.88678289
0.9456 0.9392 0.88810752
0.9355 0.9325 0.87235375
0.9406 0.8844 0.83186664
0.9416 0.8931 0.84094296
0.9355 0.9369 0.87646995
0.9456 0.9457 0.89425392
0.9472 0.9265 0.8775808
0.9474 0.9145 0.8663973
0.9411 0.9173 0.86327103
0.9527 0.9586 0.91325822
0.9538 0.9191 0.87663758
0.942 0.9392 0.8847264
0.9469 0.934 0.8844046
0.944 0.9292 0.8771648
0.9445 0.9369 0.88490205
0.9524 0.9328 0.88839872
0.9442 0.9348 0.88263816
0.95 0.9167 0.870865
0.9466 0.9412 0.89093992
0.9462 0.947 0.8960514
0.938 0.9 0.8442
0.9525 0.9104 0.867156
0.9437 0.9007 0.84999059
0.9385 0.935 0.8774975
0.9457 0.911 0.8615327
0.9456 0.912 0.8623872
0.9473 0.928 0.8790944
0.942 0.9403 0.8857626
0.9458 0.9296 0.87921568
0.9445 0.9371 0.88509095
0.9427 0.938 0.8842526
0.9349 0.9381 0.87702969
0.9241 0.9519 0.87965079
0.9477 0.9123 0.86458671
0.9343 0.9333 0.87198219
0.9435 0.9474 0.8938719
0.9397 0.9221 0.86649737
0.9453 0.928 0.8772384
0.9348 0.95 0.88806
0.9391 0.92 0.863972
0.9434 0.9106 0.85906004
0.9476 0.9043 0.85691468
0.9407 0.9291 0.87400437
0.9498 0.9231 0.87676038
0.9434 0.9286 0.87604124
0.9391 0.9516 0.89364756
0.9452 0.9344 0.88319488
0.9429 0.9082 0.85634178
0.9393 0.9344 0.87768192
0.9428 0.9241 0.87124148
0.9468 0.935 0.885258
0.9482 0.931 0.8827742
0.9466 0.9403 0.89008798
0.9452 0.907 0.8572964
0.9473 0.9179 0.86952667
0.9424 0.94 0.885856
0.9377 0.9328 0.87468656
0.9504 0.9344 0.88805376
0.9409 0.9313 0.87626017
0.942 0.947 0.892074
0.9426 0.9512 0.89660112
0.9391 0.9352 0.87824632
0.9333 0.9272 0.86535576
0.9381 0.9279 0.87046299
0.9493 0.9431 0.89528483
0.9413 0.9197 0.86571361
0.9421 0.9 0.84789
0.9437 0.9419 0.88887103
0.9426 0.92 0.867192
0.9362 0.9197 0.86102314
0.9442 0.938 0.8856596
0.9434 0.9375 0.8844375
0.9428 0.9364 0.88283792
0.9449 0.8958 0.84644142
0.9487 0.9589 0.90970843
0.942 0.9113 0.8584446
0.9423 0.9091 0.85664493
0.9335 0.92 0.85882
0.9422 0.9462 0.89150964
0.9329 0.9322 0.86964938
0.9419 0.9244 0.87069236
0.9441 0.9189 0.86753349
0.9344 0.9281 0.86721664
0.9344 0.9 0.84096
0.9373 0.9167 0.85922291
0.9357 0.9344 0.87431808
0.9394 0.9391 0.88219054
0.9356 0.9197 0.86047132
0.9449 0.9078 0.85778022
0.9407 0.9138 0.85961166
0.9394 0.925 0.868945
0.9402 0.8957 0.84213714
0.9402 0.9167 0.86188134
0.938 0.9141 0.8574258
0.9377 0.9167 0.85958959
0.9348 0.9469 0.88516212
0.9459 0.9225 0.87259275
0.934 0.9018 0.8422812
0.9343 0.9371 0.87553253
0.9512 0.9291 0.88375992
0.9448 0.9276 0.87639648
0.9498 0.9595 0.9113331
0.9415 0.9205 0.86665075
0.9441 0.9211 0.86961051
0.9307 0.9364 0.87150748
0.9441 0.9113 0.86035833
0.9354 0.9184 0.85907136
0.9391 0.9161 0.86030951
0.9342 0.8871 0.82872882
0.9456 0.9286 0.87808416
0.9423 0.969 0.9130887
0.9391 0.929 0.8724239
0.9378 0.9292 0.87140376
0.9474 0.9298 0.88089252
0.9417 0.9358 0.88124286
0.9409 0.9265 0.87174385
0.9489 0.9402 0.89215578
0.946 0.9254 0.8754284
0.9421 0.9343 0.88020403
0.9391 0.9021 0.84716211
0.9371 0.8931 0.83692401
0.9441 0.9333 0.88112853
0.947 0.9141 0.8656527
0.9412 0.9 0.84708
0.9444 0.9338 0.88188072
0.9388 0.9187 0.86247556
0.9376 0.9485 0.8893136
0.9434 0.9344 0.88151296
0.9448 0.9549 0.90218952
0.9277 0.9245 0.85765865
0.9389 0.9055 0.85017395
0.9504 0.9593 0.91171872
0.9442 0.9346 0.88244932
0.9303 0.9048 0.84173544
0.9379 0.9194 0.86230526
0.9432 0.9407 0.88726824
0.9361 0.9241 0.86505001
0.9348 0.9153 0.85562244
0.9396 0.9196 0.86405616
0.9424 0.9225 0.869364
0.9396 0.916 0.8606736
0.9348 0.9304 0.86973792
0.9479 0.9153 0.86761287
0.945 0.936 0.88452
0.9375 0.9478 0.8885625
0.9339 0.9206 0.85974834
0.939 0.928 0.871392
0.9364 0.9369 0.87731316
0.9366 0.9225 0.8640135
0.9406 0.9346 0.87908476
0.9396 0.9459 0.88876764
0.9411 0.925 0.8705175
0.9297 0.9259 0.86080923
0.9377 0.9281 0.87027937
0.9434 0.9407 0.88745638
0.9356 0.9452 0.88432912
0.9464 0.9437 0.89311768
0.9355 0.9339 0.87366345
0.9418 0.928 0.8739904
0.9461 0.9206 0.87097966
0.9458 0.9339 0.88328262
0.944 0.918 0.866592
0.9341 0.9006 0.84125046
0.9425 0.9478 0.8933015
0.9441 0.9024 0.85195584
0.9434 0.8984 0.84755056
0.942 0.8981 0.8460102
0.9444 0.9371 0.88499724
0.9423 0.9407 0.88642161
0.9394 0.9389 0.88200266
0.9369 0.9149 0.85716981
0.9335 0.925 0.8634875
0.9384 0.9043 0.84859512
0.9346 0.913 0.8532898
0.9431 0.9568 0.90235808
0.9351 0.9375 0.87665625
0.944 0.9137 0.8625328
0.9424 0.9067 0.85447408
0.9467 0.932 0.8823244
0.9418 0.9147 0.86146446
0.9367 0.9029 0.84574643
0.9437 0.894 0.8436678
0.9338 0.9127 0.85227926
0.9376 0.911 0.8541536
0.9408 0.9109 0.85697472
0.9379 0.925 0.8675575
0.9401 0.9397 0.88341197
0.9396 0.9328 0.87645888
0.9441 0.903 0.8525223
0.9427 0.9167 0.86417309
0.9306 0.9174 0.85373244
0.9348 0.9459 0.88422732
0.9388 0.9214 0.86501032
0.9349 0.9323 0.87160727
0.9473 0.9197 0.87123181
0.9388 0.9386 0.88115768
0.9429 0.9343 0.88095147
0.9435 0.925 0.8727375
0.9375 0.9209 0.86334375
0.9507 0.9328 0.88681296
0.9407 0.9452 0.88914964
0.9447 0.9286 0.87724842
0.9386 0.9408 0.88303488
0.9485 0.9194 0.8720509
0.9303 0.9358 0.87057474
0.9366 0.8931 0.83647746
0.9323 0.9467 0.88260841
0.9345 0.9034 0.8442273
0.94 0.9167 0.861698
0.9341 0.898 0.8388218
0.9457 0.9259 0.87562363
0.9417 0.9343 0.87983031
0.9384 0.9206 0.86389104
0.9358 0.9135 0.8548533
0.929 0.913 0.848177
0.9412 0.9106 0.85705672
0.937 0.9055 0.8484535
0.9504 0.9296 0.88349184
0.9349 0.9275 0.86711975
0.9313 0.9 0.83817
0.9388 0.8881 0.83374828
0.94 0.9221 0.866774
0.9402 0.9097 0.85529994
0.9328 0.9194 0.85761632
0.9383 0.8906 0.83564998
0.943 0.9143 0.8621849
0.9362 0.9091 0.85109942
0.9457 0.9297 0.87921729
0.9409 0.9179 0.86365211
0.9391 0.9363 0.87927933
0.9372 0.931 0.8725332
0.9453 0.9344 0.88328832
0.9342 0.932 0.8706744
0.9349 0.9145 0.85496605
0.939 0.9237 0.8673543
0.931 0.9187 0.8553097
0.9387 0.9452 0.88725924
0.9387 0.9237 0.86707719
0.9441 0.9141 0.86300181
0.9422 0.9316 0.87775352
0.9428 0.9323 0.87897244
0.9354 0.9273 0.86739642
0.9342 0.9024 0.84302208
0.9392 0.9203 0.86434576
0.9277 0.9106 0.84476362
0.9409 0.9504 0.89423136
0.9402 0.9561 0.89892522
0.9454 0.9346 0.88357084
0.9381 0.9191 0.86220771
0.9362 0.9296 0.87029152
0.9439 0.9153 0.86395167
0.9356 0.9508 0.88956848
0.9354 0.9091 0.85037214
0.9434 0.9259 0.87349406
0.9417 0.9318 0.87747606
0.94 0.9441 0.887454
0.9454 0.942 0.8905668
0.9384 0.9344 0.87684096
0.9424 0.9386 0.88453664
0.9399 0.9324 0.87636276
0.9501 0.9444 0.89727444
0.9321 0.9462 0.88195302
0.9342 0.931 0.8697402
0.9368 0.9346 0.87553328
0.94 0.9037 0.849478
0.9326 0.9297 0.86703822
0.9436 0.9412 0.88811632
0.9378 0.9247 0.86718366
0.9352 0.927 0.8669304
0.93 0.9328 0.867504
0.9384 0.9407 0.88275288
0.9381 0.9231 0.86596011
0.9415 0.9167 0.86307305
0.9339 0.9275 0.86619225
0.9427 0.9408 0.88689216
0.9426 0.9256 0.87247056
0.9443 0.942 0.8895306
0.9381 0.9259 0.86858679
0.9363 0.9353 0.87572139
0.9439 0.907 0.8561173
0.9399 0.9478 0.89083722
0.9447 0.9044 0.85438668
0.9439 0.9308 0.87858212
0.9346 0.9272 0.86656112
0.9346 0.9 0.84114
0.9407 0.9154 0.86111678
0.9418 0.9391 0.88444438
0.9376 0.9302 0.87215552
0.9382 0.9328 0.87515296
0.9439 0.9398 0.88707722
0.933 0.9316 0.8691828
0.9361 0.9286 0.86926246
0.9395 0.9241 0.86819195
0.9394 0.938 0.8811572
0.9437 0.9023 0.85150051
0.9356 0.9333 0.87319548
0.9398 0.936 0.8796528
0.9377 0.9237 0.86615349
0.9344 0.9412 0.87945728
0.9404 0.9219 0.86695476
0.9337 0.9262 0.86479294
0.9325 0.9286 0.8659195
0.9332 0.932 0.8697424
0.9396 0.9197 0.86415012
0.9312 0.9266 0.86284992
0.9387 0.9344 0.87712128
0.9412 0.931 0.8762572
0.9351 0.9189 0.85926339
0.9477 0.9209 0.87273693
0.9312 0.9185 0.8553072
0.9429 0.9609 0.90603261
0.9407 0.9147 0.86045829
0.9363 0.938 0.8782494
0.9436 0.9397 0.88670092
0.9426 0.9386 0.88472436
0.9453 0.9474 0.89557722
0.9401 0.9273 0.87175473
0.9443 0.932 0.8800876
0.9304 0.9209 0.85680536
0.9407 0.9137 0.85951759
0.9328 0.9225 0.860508
0.933 0.9281 0.8659173
0.9415 0.9091 0.85591765
0.9314 0.912 0.8494368
0.9361 0.9265 0.86729665
0.9334 0.9297 0.86778198
0.9329 0.9274 0.86517146
0.9353 0.9268 0.86683604
0.9368 0.9023 0.84527464
0.9308 0.9359 0.87113572
0.9355 0.9333 0.87310215
0.9377 0.9145 0.85752665
0.934 0.9074 0.8475116
0.9398 0.9268 0.87100664
0.9372 0.925 0.86691
0.936 0.935 0.87516
0.9415 0.9143 0.86081345
0.9391 0.9375 0.88040625
0.94 0.9145 0.85963
0.9354 0.9262 0.86636748
0.9408 0.9197 0.86525376
0.9375 0.9421 0.88321875
0.9449 0.9316 0.88026884
0.9384 0.9371 0.87937464
0.9365 0.9365 0.87703225
0.9322 0.9037 0.84242914
0.9367 0.9244 0.86588548
0.9332 0.9107 0.84986524
0.9405 0.9248 0.8697744
0.9384 0.9396 0.88172064
0.9412 0.936 0.8809632
0.9348 0.9242 0.86394216
0.9335 0.9308 0.8689018
0.9393 0.927 0.8707311
0.9369 0.9333 0.87440877
0.9375 0.9236 0.865875
0.938 0.9444 0.8858472
0.9276 0.9174 0.85098024
0.9416 0.9225 0.868626
0.9422 0.9286 0.87492692
0.9455 0.9213 0.87108915
0.9363 0.9291 0.86991633
0.9332 0.9404 0.87758128
0.9372 0.9426 0.88340472
0.9354 0.8889 0.83147706
0.938 0.9191 0.8621158
0.9373 0.9279 0.86972067
0.9294 0.9351 0.86908194
0.9376 0.9297 0.87168672
0.9308 0.9417 0.87653436
0.9328 0.9173 0.85565744
0.9421 0.9535 0.89829235
0.9329 0.9008 0.84035632
0.9397 0.9267 0.87081999
0.9406 0.9276 0.87250056
0.933 0.8983 0.8381139
0.9326 0.9195 0.8575257
0.9352 0.9108 0.85178016
0.9348 0.9231 0.86291388
0.9389 0.9453 0.88754217
0.9406 0.9113 0.85716878
0.938 0.9231 0.8658678
0.9434 0.9219 0.86972046
0.9354 0.9111 0.85224294
0.9398 0.9035 0.8491093
0.9388 0.9191 0.86285108
0.9395 0.9237 0.86781615
0.9305 0.9466 0.8808113
0.9348 0.9545 0.8922666
0.9455 0.9512 0.8993596
0.9334 0.9292 0.86731528
0.9361 0.9237 0.86467557
0.9431 0.9357 0.88245867
0.9422 0.9333 0.87935526
0.9404 0.9178 0.86309912
0.9345 0.9304 0.8694588
0.9425 0.928 0.87464
0.9338 0.9421 0.87973298
0.9347 0.9254 0.86497138
0.933 0.8824 0.8232792
0.9378 0.9459 0.88706502
0.9355 0.9023 0.84410165
0.936 0.9315 0.871884
0.936 0.9281 0.8687016
0.9255 0.9375 0.86765625
0.9305 0.9344 0.8694592
0.9408 0.9213 0.86675904
0.9368 0.9272 0.86860096
0.938 0.9065 0.850297
0.9339 0.9403 0.87814617
0.941 0.9209 0.8665669
0.9402 0.9225 0.8673345
0.9375 0.9 0.84375
0.9304 0.925 0.86062
0.9256 0.9018 0.83470608
0.9342 0.9185 0.8580627
0.9439 0.9159 0.86451801
0.9442 0.9116 0.86073272
0.9351 0.9281 0.86786631
0.95 0.9254 0.87913
0.9337 0.9203 0.85928411
0.9375 0.8924 0.836625
0.9405 0.9236 0.8686458
0.9301 0.9291 0.86415591
0.9376 0.9206 0.86315456
0.938 0.9185 0.861553
0.9381 0.916 0.8592996
0.943 0.925 0.872275
0.9423 0.9185 0.86550255
0.9312 0.9024 0.84031488
0.9332 0.9365 0.8739418
0.9301 0.9127 0.84890227
0.9282 0.9217 0.85552194
0.938 0.936 0.877968
0.9392 0.9083 0.85307536
0.9393 0.9328 0.87617904
0.9363 0.9286 0.86944818
0.9373 0.9213 0.86353449
0.9419 0.9098 0.85694062
0.9353 0.9268 0.86683604
0.9329 0.9225 0.86060025
0.9324 0.8947 0.83421828
0.9427 0.9145 0.86209915
0.9345 0.9357 0.87441165
0.9409 0.9339 0.87870651
0.926 0.9134 0.8458084
0.9359 0.9115 0.85307285
0.9357 0.9167 0.85775619
0.9322 0.9357 0.87225954
0.9324 0.931 0.8680644
0.9297 0.937 0.8711289
0.9338 0.9127 0.85227926
0.9262 0.9106 0.84339772
0.9412 0.9248 0.87042176
0.9357 0.907 0.8486799
0.9386 0.906 0.8503716
0.933 0.9147 0.8534151
0.938 0.9189 0.8619282
0.937 0.9231 0.8649447
0.9339 0.9286 0.86721954
0.9414 0.9091 0.85582674
0.9391 0.9225 0.86631975
0.9337 0.9211 0.86003107
0.9313 0.9297 0.86582961
0.9351 0.9254 0.86534154
0.935 0.8934 0.835329
0.9339 0.9211 0.86021529
0.9446 0.9137 0.86308102
0.9257 0.9449 0.87469393
0.9349 0.916 0.8563684
0.9395 0.938 0.881251
0.935 0.9167 0.8571145
0.9344 0.925 0.86432
0.9343 0.9324 0.87114132
0.9429 0.9357 0.88227153
0.9385 0.936 0.878436
0.9355 0.9291 0.86917305
0.9374 0.9125 0.8553775
0.9322 0.9214 0.85892908
0.9357 0.9024 0.84437568
0.9319 0.938 0.8741222
0.9312 0.8992 0.83733504
0.9427 0.9318 0.87840786
0.9335 0.9155 0.85461925
0.9362 0.9123 0.85409526
0.9334 0.9281 0.86628854
0.9315 0.9268 0.8633142
0.933 0.9248 0.8628384
0.9397 0.8968 0.84272296
0.943 0.9268 0.8739724
0.9244 0.9123 0.84333012
0.9442 0.9344 0.88226048
0.9361 0.9281 0.86879441
0.9419 0.9453 0.89037807
0.9381 0.942 0.8836902
0.9316 0.9187 0.85586092
0.9409 0.9291 0.87419019
0.9251 0.9381 0.86783631
0.9401 0.9257 0.87025057
0.9401 0.9365 0.88040365
0.9397 0.9203 0.86480591
0.9293 0.9214 0.85625702
0.9346 0.9211 0.86086006
0.9382 0.9155 0.8589221
0.9196 0.9211 0.84704356
0.9298 0.9391 0.87317518
0.9314 0.9051 0.84301014
0.9306 0.9137 0.85028922
0.9408 0.9145 0.8603616
0.9384 0.9209 0.86417256
0.9397 0.922 0.8664034
0.9422 0.928 0.8743616
0.9368 0.9355 0.8763764
0.9331 0.9333 0.87086223
0.9329 0.9115 0.85033835
0.9386 0.9357 0.87824802
0.9344 0.9182 0.85796608
0.9447 0.9241 0.87299727
0.9268 0.9147 0.84774396
0.935 0.9037 0.8449595
0.944 0.937 0.884528
0.9297 0.9429 0.87661413
0.9371 0.902 0.8452642
0.9335 0.9091 0.84864485
0.9313 0.9237 0.86024181
0.9307 0.9143 0.85093901
0.9289 0.9113 0.84650657
0.9386 0.9174 0.86107164
0.935 0.9111 0.8518785
0.9326 0.9259 0.86349434
0.935 0.9262 0.865997
0.9293 0.9297 0.86397021
0.934 0.9304 0.8689936
0.935 0.9302 0.869737
0.9435 0.9219 0.86981265
0.9291 0.9145 0.84966195
0.9344 0.9259 0.86516096
0.926 0.9077 0.8405302
0.9399 0.9339 0.87777261
0.9349 0.9187 0.85889263
0.9383 0.9219 0.86501877
0.9285 0.9397 0.87251145
0.9273 0.9237 0.85654701
0.935 0.9318 0.871233
0.9358 0.8943 0.83688594
0.9298 0.9016 0.83830768
0.9347 0.9076 0.84833372
0.9384 0.9298 0.87252432
0.9339 0.9385 0.87646515
0.9318 0.9267 0.86349906
0.9374 0.9302 0.87196948
0.9381 0.916 0.8592996
0.9286 0.9091 0.84419026
0.9414 0.9437 0.88839918
0.9303 0.9237 0.85931811
0.9305 0.9041 0.84126505
0.9374 0.9457 0.88649918
0.9286 0.912 0.8468832
0.936 0.9435 0.883116
0.9435 0.9308 0.8782098
0.939 0.8984 0.8435976
0.9284 0.9259 0.85960556
0.9319 0.9257 0.86265983
0.9256 0.9048 0.83748288
0.934 0.9147 0.8543298
0.9331 0.9268 0.86479708
0.9353 0.92 0.860476
0.9389 0.9262 0.86960918
0.9291 0.9134 0.84863994
0.9352 0.918 0.8585136
0.9303 0.9449 0.87904047
0.9362 0.9174 0.85886988
0.9314 0.9068 0.84459352
0.9336 0.931 0.8691816
0.9387 0.9371 0.87965577
0.9316 0.9187 0.85586092
0.9401 0.9281 0.87250681
0.9387 0.9416 0.88387992
0.9355 0.9219 0.86243745
0.9313 0.9316 0.86759908
0.9322 0.935 0.871607
0.9395 0.9268 0.8707286
0.9368 0.916 0.8581088
0.9294 0.9236 0.85839384
0.9324 0.916 0.8540784
0.9309 0.9281 0.86396829
0.9337 0.9206 0.85956422
0.9277 0.9077 0.84207329
0.9343 0.9141 0.85404363
0.9473 0.9308 0.88174684
0.9296 0.9339 0.86815344
0.9316 0.9091 0.84691756
0.9455 0.9306 0.8798823
0.9311 0.928 0.8640608
0.9402 0.9008 0.84693216
0.9342 0.9412 0.87926904
0.9388 0.9297 0.87280236
0.9357 0.8974 0.83969718
0.9329 0.9466 0.88308314
0.9288 0.904 0.8396352
0.9367 0.9116 0.85389572
0.9291 0.9396 0.87298236
0.9308 0.9388 0.87383504
0.9274 0.8993 0.83401082
0.924 0.9138 0.8443512
0.9323 0.9043 0.84307889
0.934 0.9084 0.8484456
0.9348 0.9286 0.86805528
0.9354 0.9167 0.85748118
0.9368 0.9051 0.84789768
0.9381 0.9149 0.85826769
0.9295 0.9302 0.8646209
0.9385 0.9106 0.8545981
0.9282 0.9098 0.84447636
0.9293 0.9027 0.83887911
0.9357 0.9058 0.84755706
0.9377 0.8829 0.82789533
0.9359 0.8905 0.83341895
0.9302 0.9134 0.84964468
0.9298 0.922 0.8572756
0.9307 0.9231 0.85912917
0.9377 0.9286 0.87074822
0.934 0.9357 0.8739438
0.9341 0.928 0.8668448
0.9329 0.8908 0.83102732
0.9379 0.9197 0.86258663
0.9248 0.9213 0.85201824
0.9364 0.9274 0.86841736
0.9368 0.9318 0.87291024
0.9355 0.9272 0.8673956
0.9367 0.9147 0.85679949
0.9225 0.9256 0.853866
0.9366 0.9292 0.87028872
0.9422 0.9389 0.88463158
0.9333 0.8976 0.83773008
0.9286 0.9397 0.87260542
0.9341 0.8971 0.83798111
0.9365 0.918 0.859707
0.9358 0.9213 0.86215254
0.9288 0.9187 0.85328856
0.9352 0.9147 0.85542744
0.9305 0.9076 0.8445218
0.9387 0.912 0.8560944
0.9371 0.9015 0.84479565
0.932 0.9106 0.8486792
0.9307 0.9083 0.84535481
0.9339 0.9187 0.85797393
0.9235 0.8974 0.8287489
0.9308 0.9259 0.86182772
0.9394 0.9474 0.88998756
0.9273 0.9268 0.85942164
0.933 0.9254 0.8633982
0.9326 0.9063 0.84521538
0.9314 0.9167 0.85381438
0.9342 0.9194 0.85890348
0.9339 0.9021 0.84247119
0.9293 0.9297 0.86397021
0.9339 0.9297 0.86824683
0.9385 0.916 0.859666
0.9353 0.9259 0.86599427
0.9338 0.9355 0.8735699
0.929 0.9084 0.8439036
0.9315 0.9348 0.8707662
0.9303 0.9256 0.86108568
0.9287 0.9242 0.85830454
0.9266 0.9167 0.84941422
0.9292 0.9076 0.84334192
0.9259 0.9231 0.85469829
0.9361 0.9302 0.87076022
0.9278 0.9217 0.85515326
0.9293 0.9286 0.86294798
0.9322 0.9444 0.88036968
0.9287 0.9297 0.86341239
0.9309 0.9362 0.87150858
0.9326 0.9133 0.85174358
0.9333 0.916 0.8549028
0.9331 0.9353 0.87272843
0.9354 0.9167 0.85748118
0.9258 0.9348 0.86543784
0.935 0.92 0.8602
0.932 0.9344 0.8708608
0.9408 0.912 0.8580096
0.9375 0.9318 0.8735625
0.9321 0.9276 0.86461596
0.9315 0.92 0.85698
0.9296 0.9219 0.85699824
0.9302 0.912 0.8483424
0.9309 0.9242 0.86033778
0.9376 0.8984 0.84233984
0.9323 0.9343 0.87104789
0.9225 0.9217 0.85026825
0.9326 0.9231 0.86088306
0.9308 0.9037 0.84116396
0.9346 0.9206 0.86039276
0.9335 0.9286 0.8668481
0.9324 0.9106 0.84904344
0.9397 0.9173 0.86198681
0.9305 0.9339 0.86899395
0.9357 0.9291 0.86935887
0.9317 0.944 0.8795248
0.9314 0.9257 0.86219698
0.9257 0.9037 0.83655509
0.9323 0.9463 0.88223549
0.925 0.9424 0.87172
0.918 0.9123 0.8374914
0.9287 0.9196 0.85403252
0.9381 0.9328 0.87505968
0.9315 0.9124 0.8499006
0.9355 0.9091 0.85046305
0.9412 0.9286 0.87399832
0.9317 0.9286 0.86517662
0.9334 0.9412 0.87851608
0.9313 0.9077 0.84534101
0.9344 0.9106 0.85086464
0.9287 0.9292 0.86294804
0.9347 0.907 0.8477729
0.9343 0.9204 0.85992972
0.9362 0.913 0.8547506
0.9301 0.9291 0.86415591
0.9309 0.9248 0.86089632
0.9362 0.9323 0.87281926
0.9396 0.9254 0.86950584
0.9347 0.9097 0.85029659
0.9375 0.9231 0.86540625