0.9468
0.9751
0.9345
0.9322
0.9519
0.9617
0.963
0.9849
0.9444
0.9553
0.9349
0.9493
0.9734
0.9675
0.9674
0.963
0.9797
0.9116
0.9543
0.9487
0.9647
0.9596
0.9623
0.9555
0.9633
0.9724
0.9685
0.9633
0.9627
0.9731
0.964
0.9577
0.9745
0.9671
0.9768
0.9638
0.9772
0.948
0.9621
0.9622
0.9632
0.9736
0.9624
0.9712
0.9691
0.9662
0.9654
0.9603
0.9656
0.9665
0.9575
0.9559
0.9764
0.9653
0.967
0.9618
0.9543
0.9512
0.9728
0.9693
0.9633
0.9705
0.9664
0.9706
0.9646
0.968
0.9652
0.9594
0.9653
0.9617
0.9553
0.9647
0.9738
0.9683
0.9699
0.9653
0.9625
0.9505
0.9729
0.9644
0.9633
0.9665
0.9655
0.9683
0.9654
0.9637
0.9663
0.9595
0.968
0.9647
0.9628
0.9612
0.9681
0.9664
0.9607
0.9605
0.9622
0.9587
0.9671
0.9643
0.96
0.9693
0.9661
0.9734
0.96
0.9663
0.9618
0.9659
0.9567
0.9642
0.9691
0.96
0.9675
0.9704
0.9646
0.962
0.9678
0.9531
0.9655
0.9648
0.9601
0.9616
0.9599
0.9638
0.9601
0.9687
0.9612
0.9624
0.9559
0.9666
0.9619
0.9587
0.9577
0.9699
0.9643
0.9622
0.9602
0.9563
0.9616
0.961
0.9573
0.9613
0.9548
0.9498
0.9588
0.9538
0.9559
0.9491
0.9516
0.9593
0.9561
0.9581
0.9604
0.9618
0.9579
0.9591
0.9578
0.9572
0.9558
0.9538
0.9454
0.9569
0.9528
0.9568
0.9589
0.9606
0.9588
0.9518
0.9458
0.9565
0.9573
0.9513
0.9531
0.9501
0.9454
0.9587
0.9563
0.9543
0.9494
0.9512
0.9562
0.9501
0.9523
0.9572
0.9566
0.9468
0.9531
0.9558
0.9485
0.9425
0.9535
0.9544
0.9494
0.9507
0.9568
0.9504
0.952
0.9521
0.9529
0.9536
0.9518
0.9533
0.9512
0.9517
0.9433
0.9492
0.9554
0.9539
0.951
0.9492
0.9532
0.9547
0.9484
0.9516
0.949
0.9508
0.95
0.9467
0.9573
0.9541
0.9519
0.9521
0.9532
0.9524
0.9475
0.9463
0.9509
0.9457
0.9495
0.9517
0.9521
0.9456
0.9572
0.9547
0.9503
0.949
0.9561
0.9516
0.9489
0.9507
0.9496
0.9485
0.9501
0.9503
0.9505
0.9362
0.9509
0.9451
0.9459
0.9511
0.9509
0.9511
0.9477
0.9514
0.9501
0.9481
0.9477
0.9463
0.9515
0.9439
0.9475
0.9436
0.945
0.9526
0.9431
0.9486
0.95
0.9496
0.9513
0.9531
0.9485
0.9479
0.9531
0.945
0.9501
0.9429
0.9473
0.9451
0.9462
0.9509
0.949
0.9475
0.9467
0.9522
0.9459
0.9488
0.9511
0.9443
0.9524
0.9459
0.9492
0.9465
0.9476
0.9484
0.9474
0.9479
0.9554
0.9435
0.9488
0.9491