0.9474 +- -1.00 (1)
0.9760 +- -1.00 (1)
0.9345 +- -1.00 (1)
0.9322 +- -1.00 (1)
0.9522 +- -1.00 (1)
0.9622 +- -1.00 (1)
0.9603 +- -1.00 (1)
0.9849 +- -1.00 (1)
0.9330 +- -1.00 (1)
0.9553 +- -1.00 (1)
0.9396 +- -1.00 (1)
0.9534 +- -1.00 (1)
0.9758 +- -1.00 (1)
0.9668 +- -1.00 (1)
0.9723 +- -1.00 (1)
0.9652 +- -1.00 (1)
0.9797 +- -1.00 (1)
0.9139 +- -1.00 (1)
0.9535 +- -1.00 (1)
0.9548 +- -1.00 (1)
0.9644 +- -1.00 (1)
0.9582 +- -1.00 (1)
0.9609 +- -1.00 (1)
0.9521 +- -1.00 (1)
0.9649 +- -1.00 (1)
0.9704 +- -1.00 (1)
0.9672 +- -1.00 (1)
0.9628 +- -1.00 (1)
0.9627 +- -1.00 (1)
0.9707 +- -1.00 (1)
0.9640 +- -1.00 (1)
0.9562 +- -1.00 (1)
0.9737 +- -1.00 (1)
0.9677 +- -1.00 (1)
0.9725 +- -1.00 (1)
0.9677 +- -1.00 (1)
0.9772 +- -1.00 (1)
0.9521 +- -1.00 (1)
0.9595 +- -1.00 (1)
0.9613 +- -1.00 (1)
0.9680 +- -1.00 (1)
0.9689 +- -1.00 (1)
0.9585 +- -1.00 (1)
0.9704 +- -1.00 (1)
0.9652 +- -1.00 (1)
0.9650 +- -1.00 (1)
0.9686 +- -1.00 (1)
0.9580 +- -1.00 (1)
0.9585 +- -1.00 (1)
0.9625 +- -1.00 (1)
0.9566 +- -1.00 (1)
0.9538 +- -1.00 (1)
0.9760 +- -1.00 (1)
0.9669 +- -1.00 (1)
0.9657 +- -1.00 (1)
0.9608 +- -1.00 (1)
0.9582 +- -1.00 (1)
0.9491 +- -1.00 (1)
0.9712 +- -1.00 (1)
0.9677 +- -1.00 (1)
0.9671 +- -1.00 (1)
0.9698 +- -1.00 (1)
0.9668 +- -1.00 (1)
0.9721 +- -1.00 (1)
0.9675 +- -1.00 (1)
0.9630 +- -1.00 (1)
0.9711 +- -1.00 (1)
0.9590 +- -1.00 (1)
0.9641 +- -1.00 (1)
0.9653 +- -1.00 (1)
0.9563 +- -1.00 (1)
0.9633 +- -1.00 (1)
0.9716 +- -1.00 (1)
0.9679 +- -1.00 (1)
0.9682 +- -1.00 (1)
0.9631 +- -1.00 (1)
0.9636 +- -1.00 (1)
0.9534 +- -1.00 (1)
0.9731 +- -1.00 (1)
0.9679 +- -1.00 (1)
0.9640 +- -1.00 (1)
0.9653 +- -1.00 (1)
0.9589 +- -1.00 (1)
0.9674 +- -1.00 (1)
0.9642 +- -1.00 (1)
0.9593 +- -1.00 (1)
0.9631 +- -1.00 (1)
0.9576 +- -1.00 (1)
0.9626 +- -1.00 (1)
0.9658 +- -1.00 (1)
0.9628 +- -1.00 (1)
0.9619 +- -1.00 (1)
0.9667 +- -1.00 (1)
0.9642 +- -1.00 (1)
0.9650 +- -1.00 (1)
0.9562 +- -1.00 (1)
0.9645 +- -1.00 (1)
0.9580 +- -1.00 (1)
0.9663 +- -1.00 (1)
0.9690 +- -1.00 (1)
0.9579 +- -1.00 (1)
0.9658 +- -1.00 (1)
0.9611 +- -1.00 (1)
0.9714 +- -1.00 (1)
0.9642 +- -1.00 (1)
0.9591 +- -1.00 (1)
0.9599 +- -1.00 (1)
0.9616 +- -1.00 (1)
0.9623 +- -1.00 (1)
0.9634 +- -1.00 (1)
0.9655 +- -1.00 (1)
0.9643 +- -1.00 (1)
0.9649 +- -1.00 (1)
0.9702 +- -1.00 (1)
0.9622 +- -1.00 (1)
0.9638 +- -1.00 (1)
0.9625 +- -1.00 (1)
0.9584 +- -1.00 (1)
0.9611 +- -1.00 (1)
0.9665 +- -1.00 (1)
0.9605 +- -1.00 (1)
0.9629 +- -1.00 (1)
0.9620 +- -1.00 (1)
0.9645 +- -1.00 (1)
0.9598 +- -1.00 (1)
0.9645 +- -1.00 (1)
0.9620 +- -1.00 (1)
0.9624 +- -1.00 (1)
0.9563 +- -1.00 (1)
0.9630 +- -1.00 (1)
0.9650 +- -1.00 (1)
0.9602 +- -1.00 (1)
0.9611 +- -1.00 (1)
0.9659 +- -1.00 (1)
0.9598 +- -1.00 (1)
0.9623 +- -1.00 (1)
0.9595 +- -1.00 (1)
0.9629 +- -1.00 (1)
0.9613 +- -1.00 (1)
0.9654 +- -1.00 (1)
0.9545 +- -1.00 (1)
0.9576 +- -1.00 (1)
0.9420 +- -1.00 (1)
0.9521 +- -1.00 (1)
0.9583 +- -1.00 (1)
0.9549 +- -1.00 (1)
0.9500 +- -1.00 (1)
0.9509 +- -1.00 (1)
0.9484 +- -1.00 (1)
0.9576 +- -1.00 (1)
0.9579 +- -1.00 (1)
0.9551 +- -1.00 (1)
0.9551 +- -1.00 (1)
0.9536 +- -1.00 (1)
0.9526 +- -1.00 (1)
0.9580 +- -1.00 (1)
0.9589 +- -1.00 (1)
0.9601 +- -1.00 (1)
0.9529 +- -1.00 (1)
0.9532 +- -1.00 (1)
0.9484 +- -1.00 (1)
0.9578 +- -1.00 (1)
0.9547 +- -1.00 (1)
0.9568 +- -1.00 (1)
0.9574 +- -1.00 (1)
0.9504 +- -1.00 (1)
0.9583 +- -1.00 (1)
0.9482 +- -1.00 (1)
0.9422 +- -1.00 (1)
0.9498 +- -1.00 (1)
0.9575 +- -1.00 (1)
0.9473 +- -1.00 (1)
0.9544 +- -1.00 (1)
0.9505 +- -1.00 (1)
0.9496 +- -1.00 (1)
0.9603 +- -1.00 (1)
0.9523 +- -1.00 (1)
0.9591 +- -1.00 (1)
0.9507 +- -1.00 (1)
0.9537 +- -1.00 (1)
0.9566 +- -1.00 (1)
0.9507 +- -1.00 (1)
0.9555 +- -1.00 (1)
0.9550 +- -1.00 (1)
0.9554 +- -1.00 (1)
0.9444 +- -1.00 (1)
0.9537 +- -1.00 (1)
0.9494 +- -1.00 (1)
0.9447 +- -1.00 (1)
0.9427 +- -1.00 (1)
0.9521 +- -1.00 (1)
0.9546 +- -1.00 (1)
0.9490 +- -1.00 (1)
0.9525 +- -1.00 (1)
0.9505 +- -1.00 (1)
0.9540 +- -1.00 (1)
0.9593 +- -1.00 (1)
0.9543 +- -1.00 (1)
0.9478 +- -1.00 (1)
0.9508 +- -1.00 (1)
0.9461 +- -1.00 (1)
0.9545 +- -1.00 (1)
0.9474 +- -1.00 (1)
0.9506 +- -1.00 (1)
0.9468 +- -1.00 (1)
0.9525 +- -1.00 (1)
0.9475 +- -1.00 (1)
0.9540 +- -1.00 (1)
0.9439 +- -1.00 (1)
0.9502 +- -1.00 (1)
0.9482 +- -1.00 (1)
0.9579 +- -1.00 (1)
0.9399 +- -1.00 (1)
0.9520 +- -1.00 (1)
0.9507 +- -1.00 (1)
0.9514 +- -1.00 (1)
0.9509 +- -1.00 (1)
0.9464 +- -1.00 (1)
0.9479 +- -1.00 (1)
0.9484 +- -1.00 (1)
0.9405 +- -1.00 (1)
0.9514 +- -1.00 (1)
0.9404 +- -1.00 (1)
0.9493 +- -1.00 (1)
0.9515 +- -1.00 (1)
0.9487 +- -1.00 (1)
0.9535 +- -1.00 (1)
0.9465 +- -1.00 (1)
0.9517 +- -1.00 (1)
0.9528 +- -1.00 (1)
0.9546 +- -1.00 (1)
0.9474 +- -1.00 (1)
0.9607 +- -1.00 (1)
0.9515 +- -1.00 (1)
0.9512 +- -1.00 (1)
0.9468 +- -1.00 (1)
0.9466 +- -1.00 (1)
0.9509 +- -1.00 (1)
0.9504 +- -1.00 (1)
0.9523 +- -1.00 (1)
0.9487 +- -1.00 (1)
0.9507 +- -1.00 (1)
0.9522 +- -1.00 (1)
0.9497 +- -1.00 (1)
0.9518 +- -1.00 (1)
0.9357 +- -1.00 (1)
0.9446 +- -1.00 (1)
0.9476 +- -1.00 (1)
0.9536 +- -1.00 (1)
0.9483 +- -1.00 (1)
0.9520 +- -1.00 (1)
0.9500 +- -1.00 (1)
0.9535 +- -1.00 (1)
0.9514 +- -1.00 (1)
0.9498 +- -1.00 (1)
0.9481 +- -1.00 (1)
0.9459 +- -1.00 (1)
0.9503 +- -1.00 (1)
0.9474 +- -1.00 (1)
0.9457 +- -1.00 (1)
0.9512 +- -1.00 (1)
0.9442 +- -1.00 (1)
0.9464 +- -1.00 (1)
0.9473 +- -1.00 (1)
0.9444 +- -1.00 (1)
0.9447 +- -1.00 (1)
0.9514 +- -1.00 (1)
0.9452 +- -1.00 (1)
0.9495 +- -1.00 (1)
0.9419 +- -1.00 (1)
0.9508 +- -1.00 (1)
0.9443 +- -1.00 (1)
0.9481 +- -1.00 (1)
0.9427 +- -1.00 (1)
0.9490 +- -1.00 (1)
0.9455 +- -1.00 (1)
0.9490 +- -1.00 (1)
0.9419 +- -1.00 (1)
0.9436 +- -1.00 (1)
0.9501 +- -1.00 (1)
0.9449 +- -1.00 (1)
0.9481 +- -1.00 (1)
0.9499 +- -1.00 (1)
0.9506 +- -1.00 (1)
0.9531 +- -1.00 (1)
0.9456 +- -1.00 (1)
0.9488 +- -1.00 (1)
0.9395 +- -1.00 (1)
0.9524 +- -1.00 (1)
0.9452 +- -1.00 (1)
0.9462 +- -1.00 (1)
0.9491 +- -1.00 (1)
0.9481 +- -1.00 (1)
0.9487 +- -1.00 (1)
0.9492 +- -1.00 (1)
0.9445 +- -1.00 (1)
0.9525 +- -1.00 (1)
0.9464 +- -1.00 (1)
0.9420 +- -1.00 (1)
0.9507 +- -1.00 (1)
