0.9450 +- -1.00 (1)
0.9760 +- -1.00 (1)
0.9399 +- -1.00 (1)
0.9304 +- -1.00 (1)
0.9513 +- -1.00 (1)
0.9618 +- -1.00 (1)
0.9631 +- -1.00 (1)
0.9849 +- -1.00 (1)
0.9383 +- -1.00 (1)
0.9553 +- -1.00 (1)
0.9384 +- -1.00 (1)
0.9534 +- -1.00 (1)
0.9751 +- -1.00 (1)
0.9666 +- -1.00 (1)
0.9750 +- -1.00 (1)
0.9686 +- -1.00 (1)
0.9806 +- -1.00 (1)
0.9116 +- -1.00 (1)
0.9559 +- -1.00 (1)
0.9466 +- -1.00 (1)
0.9647 +- -1.00 (1)
0.9596 +- -1.00 (1)
0.9618 +- -1.00 (1)
0.9571 +- -1.00 (1)
0.9651 +- -1.00 (1)
0.9704 +- -1.00 (1)
0.9721 +- -1.00 (1)
0.9644 +- -1.00 (1)
0.9609 +- -1.00 (1)
0.9740 +- -1.00 (1)
0.9640 +- -1.00 (1)
0.9562 +- -1.00 (1)
0.9758 +- -1.00 (1)
0.9654 +- -1.00 (1)
0.9716 +- -1.00 (1)
0.9674 +- -1.00 (1)
0.9767 +- -1.00 (1)
0.9527 +- -1.00 (1)
0.9591 +- -1.00 (1)
0.9622 +- -1.00 (1)
0.9615 +- -1.00 (1)
0.9702 +- -1.00 (1)
0.9584 +- -1.00 (1)
0.9690 +- -1.00 (1)
0.9670 +- -1.00 (1)
0.9648 +- -1.00 (1)
0.9664 +- -1.00 (1)
0.9588 +- -1.00 (1)
0.9624 +- -1.00 (1)
0.9641 +- -1.00 (1)
0.9594 +- -1.00 (1)
0.9598 +- -1.00 (1)
0.9794 +- -1.00 (1)
0.9679 +- -1.00 (1)
0.9642 +- -1.00 (1)
0.9600 +- -1.00 (1)
0.9552 +- -1.00 (1)
0.9525 +- -1.00 (1)
0.9702 +- -1.00 (1)
0.9640 +- -1.00 (1)
0.9627 +- -1.00 (1)
0.9700 +- -1.00 (1)
0.9654 +- -1.00 (1)
0.9712 +- -1.00 (1)
0.9664 +- -1.00 (1)
0.9597 +- -1.00 (1)
0.9694 +- -1.00 (1)
0.9623 +- -1.00 (1)
0.9701 +- -1.00 (1)
0.9656 +- -1.00 (1)
0.9531 +- -1.00 (1)
0.9616 +- -1.00 (1)
0.9723 +- -1.00 (1)
0.9677 +- -1.00 (1)
0.9713 +- -1.00 (1)
0.9614 +- -1.00 (1)
0.9618 +- -1.00 (1)
0.9534 +- -1.00 (1)
0.9774 +- -1.00 (1)
0.9668 +- -1.00 (1)
0.9611 +- -1.00 (1)
0.9680 +- -1.00 (1)
0.9595 +- -1.00 (1)
0.9669 +- -1.00 (1)
0.9654 +- -1.00 (1)
0.9632 +- -1.00 (1)
0.9663 +- -1.00 (1)
0.9569 +- -1.00 (1)
0.9648 +- -1.00 (1)
0.9680 +- -1.00 (1)
0.9629 +- -1.00 (1)
0.9619 +- -1.00 (1)
0.9703 +- -1.00 (1)
0.9641 +- -1.00 (1)
0.9624 +- -1.00 (1)
0.9629 +- -1.00 (1)
0.9621 +- -1.00 (1)
0.9585 +- -1.00 (1)
0.9705 +- -1.00 (1)
0.9648 +- -1.00 (1)
0.9627 +- -1.00 (1)
0.9688 +- -1.00 (1)
0.9618 +- -1.00 (1)
0.9744 +- -1.00 (1)
0.9645 +- -1.00 (1)
0.9621 +- -1.00 (1)
0.9613 +- -1.00 (1)
0.9559 +- -1.00 (1)
0.9609 +- -1.00 (1)
0.9622 +- -1.00 (1)
0.9677 +- -1.00 (1)
0.9674 +- -1.00 (1)
0.9687 +- -1.00 (1)
0.9701 +- -1.00 (1)
0.9664 +- -1.00 (1)
0.9649 +- -1.00 (1)
0.9689 +- -1.00 (1)
0.9558 +- -1.00 (1)
0.9608 +- -1.00 (1)
0.9658 +- -1.00 (1)
0.9606 +- -1.00 (1)
0.9627 +- -1.00 (1)
0.9626 +- -1.00 (1)
0.9642 +- -1.00 (1)
0.9595 +- -1.00 (1)
0.9663 +- -1.00 (1)
0.9602 +- -1.00 (1)
0.9599 +- -1.00 (1)
0.9562 +- -1.00 (1)
0.9609 +- -1.00 (1)
0.9682 +- -1.00 (1)
0.9604 +- -1.00 (1)
0.9596 +- -1.00 (1)
0.9668 +- -1.00 (1)
0.9642 +- -1.00 (1)
0.9641 +- -1.00 (1)
0.9588 +- -1.00 (1)
0.9615 +- -1.00 (1)
0.9592 +- -1.00 (1)
0.9590 +- -1.00 (1)
0.9592 +- -1.00 (1)
0.9509 +- -1.00 (1)
0.9496 +- -1.00 (1)
0.9512 +- -1.00 (1)
0.9625 +- -1.00 (1)
0.9552 +- -1.00 (1)
0.9552 +- -1.00 (1)
0.9474 +- -1.00 (1)
0.9471 +- -1.00 (1)
0.9577 +- -1.00 (1)
0.9614 +- -1.00 (1)
0.9611 +- -1.00 (1)
0.9541 +- -1.00 (1)
0.9593 +- -1.00 (1)
0.9568 +- -1.00 (1)
0.9655 +- -1.00 (1)
0.9576 +- -1.00 (1)
0.9583 +- -1.00 (1)
0.9586 +- -1.00 (1)
0.9573 +- -1.00 (1)
0.9521 +- -1.00 (1)
0.9568 +- -1.00 (1)
0.9566 +- -1.00 (1)
0.9559 +- -1.00 (1)
0.9595 +- -1.00 (1)
0.9573 +- -1.00 (1)
0.9601 +- -1.00 (1)
0.9538 +- -1.00 (1)
0.9438 +- -1.00 (1)
0.9531 +- -1.00 (1)
0.9564 +- -1.00 (1)
0.9521 +- -1.00 (1)
0.9497 +- -1.00 (1)
0.9524 +- -1.00 (1)
0.9456 +- -1.00 (1)
0.9617 +- -1.00 (1)
0.9584 +- -1.00 (1)
0.9584 +- -1.00 (1)
0.9520 +- -1.00 (1)
0.9546 +- -1.00 (1)
0.9544 +- -1.00 (1)
0.9536 +- -1.00 (1)
0.9520 +- -1.00 (1)
0.9576 +- -1.00 (1)
0.9531 +- -1.00 (1)
0.9480 +- -1.00 (1)
0.9498 +- -1.00 (1)
0.9491 +- -1.00 (1)
0.9477 +- -1.00 (1)
0.9516 +- -1.00 (1)
0.9489 +- -1.00 (1)
0.9584 +- -1.00 (1)
0.9473 +- -1.00 (1)
0.9512 +- -1.00 (1)
0.9484 +- -1.00 (1)
0.9505 +- -1.00 (1)
0.9549 +- -1.00 (1)
0.9534 +- -1.00 (1)
0.9534 +- -1.00 (1)
0.9545 +- -1.00 (1)
0.9500 +- -1.00 (1)
0.9552 +- -1.00 (1)
0.9450 +- -1.00 (1)
0.9510 +- -1.00 (1)
0.9539 +- -1.00 (1)
0.9537 +- -1.00 (1)
0.9543 +- -1.00 (1)
0.9550 +- -1.00 (1)
0.9503 +- -1.00 (1)
0.9448 +- -1.00 (1)
0.9506 +- -1.00 (1)
0.9539 +- -1.00 (1)
0.9501 +- -1.00 (1)
0.9502 +- -1.00 (1)
0.9525 +- -1.00 (1)
0.9540 +- -1.00 (1)
0.9499 +- -1.00 (1)
0.9468 +- -1.00 (1)
0.9525 +- -1.00 (1)
0.9500 +- -1.00 (1)
0.9495 +- -1.00 (1)
0.9481 +- -1.00 (1)
0.9516 +- -1.00 (1)
0.9509 +- -1.00 (1)
0.9467 +- -1.00 (1)
0.9476 +- -1.00 (1)
0.9510 +- -1.00 (1)
0.9480 +- -1.00 (1)
0.9490 +- -1.00 (1)
0.9514 +- -1.00 (1)
0.9581 +- -1.00 (1)
0.9508 +- -1.00 (1)
0.9525 +- -1.00 (1)
0.9522 +- -1.00 (1)
0.9545 +- -1.00 (1)
0.9483 +- -1.00 (1)
0.9521 +- -1.00 (1)
0.9503 +- -1.00 (1)
0.9558 +- -1.00 (1)
0.9523 +- -1.00 (1)
0.9495 +- -1.00 (1)
0.9530 +- -1.00 (1)
0.9569 +- -1.00 (1)
0.9436 +- -1.00 (1)
0.9541 +- -1.00 (1)
0.9357 +- -1.00 (1)
0.9491 +- -1.00 (1)
0.9475 +- -1.00 (1)
0.9498 +- -1.00 (1)
0.9514 +- -1.00 (1)
0.9480 +- -1.00 (1)
0.9490 +- -1.00 (1)
0.9487 +- -1.00 (1)
0.9487 +- -1.00 (1)
0.9583 +- -1.00 (1)
0.9475 +- -1.00 (1)
0.9457 +- -1.00 (1)
0.9447 +- -1.00 (1)
0.9516 +- -1.00 (1)
0.9399 +- -1.00 (1)
0.9471 +- -1.00 (1)
0.9416 +- -1.00 (1)
0.9479 +- -1.00 (1)
0.9504 +- -1.00 (1)
0.9498 +- -1.00 (1)
0.9452 +- -1.00 (1)
0.9469 +- -1.00 (1)
0.9480 +- -1.00 (1)
0.9488 +- -1.00 (1)
0.9567 +- -1.00 (1)
0.9451 +- -1.00 (1)
0.9482 +- -1.00 (1)
0.9510 +- -1.00 (1)
0.9465 +- -1.00 (1)
0.9516 +- -1.00 (1)
0.9414 +- -1.00 (1)
0.9502 +- -1.00 (1)
0.9441 +- -1.00 (1)
0.9501 +- -1.00 (1)
0.9541 +- -1.00 (1)
0.9445 +- -1.00 (1)
0.9505 +- -1.00 (1)
0.9467 +- -1.00 (1)
0.9512 +- -1.00 (1)
0.9458 +- -1.00 (1)
0.9425 +- -1.00 (1)
0.9487 +- -1.00 (1)
0.9372 +- -1.00 (1)
0.9509 +- -1.00 (1)
0.9458 +- -1.00 (1)
0.9485 +- -1.00 (1)
0.9462 +- -1.00 (1)
0.9499 +- -1.00 (1)
0.9478 +- -1.00 (1)
0.9449 +- -1.00 (1)
0.9475 +- -1.00 (1)
0.9517 +- -1.00 (1)
0.9501 +- -1.00 (1)
0.9528 +- -1.00 (1)
0.9500 +- -1.00 (1)
