0.9474
0.976
0.9345
0.9322
0.9522
0.9622
0.9603
0.9849
0.933
0.9553
0.9396
0.9534
0.9758
0.9668
0.9723
0.9652
0.9797
0.9139
0.9535
0.9548
0.9644
0.9582
0.9609
0.9521
0.9649
0.9704
0.9672
0.9628
0.9627
0.9707
0.964
0.9562
0.9737
0.9677
0.9725
0.9677
0.9772
0.9521
0.9595
0.9613
0.968
0.9689
0.9585
0.9704
0.9652
0.965
0.9686
0.958
0.9585
0.9625
0.9566
0.9538
0.976
0.9669
0.9657
0.9608
0.9582
0.9491
0.9712
0.9677
0.9671
0.9698
0.9668
0.9721
0.9675
0.963
0.9711
0.959
0.9641
0.9653
0.9563
0.9633
0.9716
0.9679
0.9682
0.9631
0.9636
0.9534
0.9731
0.9679
0.964
0.9653
0.9589
0.9674
0.9642
0.9593
0.9631
0.9576
0.9626
0.9658
0.9628
0.9619
0.9667
0.9642
0.965
0.9562
0.9645
0.958
0.9663
0.969
0.9579
0.9658
0.9611
0.9714
0.9642
0.9591
0.9599
0.9616
0.9623
0.9634
0.9655
0.9643
0.9649
0.9702
0.9622
0.9638
0.9625
0.9584
0.9611
0.9665
0.9605
0.9629
0.962
0.9645
0.9598
0.9645
0.962
0.9624
0.9563
0.963
0.965
0.9602
0.9611
0.9659
0.9598
0.9623
0.9595
0.9629
0.9613
0.9654
0.9545
0.9576
0.942
0.9521
0.9583
0.9549
0.95
0.9509
0.9484
0.9576
0.9579
0.9551
0.9551
0.9536
0.9526
0.958
0.9589
0.9601
0.9529
0.9532
0.9484
0.9578
0.9547
0.9568
0.9574
0.9504
0.9583
0.9482
0.9422
0.9498
0.9575
0.9473
0.9544
0.9505
0.9496
0.9603
0.9523
0.9591
0.9507
0.9537
0.9566
0.9507
0.9555
0.955
0.9554
0.9444
0.9537
0.9494
0.9447
0.9427
0.9521
0.9546
0.949
0.9525
0.9505
0.954
0.9593
0.9543
0.9478
0.9508
0.9461
0.9545
0.9474
0.9506
0.9468
0.9525
0.9475
0.954
0.9439
0.9502
0.9482
0.9579
0.9399
0.952
0.9507
0.9514
0.9509
0.9464
0.9479
0.9484
0.9405
0.9514
0.9404
0.9493
0.9515
0.9487
0.9535
0.9465
0.9517
0.9528
0.9546
0.9474
0.9607
0.9515
0.9512
0.9468
0.9466
0.9509
0.9504
0.9523
0.9487
0.9507
0.9522
0.9497
0.9518
0.9357
0.9446
0.9476
0.9536
0.9483
0.952
0.95
0.9535
0.9514
0.9498
0.9481
0.9459
0.9503
0.9474
0.9457
0.9512
0.9442
0.9464
0.9473
0.9444
0.9447
0.9514
0.9452
0.9495
0.9419
0.9508
0.9443
0.9481
0.9427
0.949
0.9455
0.949
0.9419
0.9436
0.9501
0.9449
0.9481
0.9499
0.9506
0.9531
0.9456
0.9488
0.9395
0.9524
0.9452
0.9462
0.9491
0.9481
0.9487
0.9492
0.9445
0.9525
0.9464
0.942
0.9507