0.0750 
0.0406 
0.1231 
0.0339 
0.0672 
0.0856 
0.1974 
0.1475 
0.0718 
0.3378 
0.2843 
0.1642 
3.0298 
6.6280 
0.1921 
0.4775 
2.2111 
0.4490 
2.4833 
0.1983 
1.0112 
0.5481 
0.8361 
1.1779 
1.1799 
2.5066 
0.9652 
2.6938 
0.2300 
3.9655 
1.3080 
4.3754 
1.5962 
3.7410 
6.8977 
8.1614 
2.3374 
1.1098 
5.2812 
1.0304 
0.3370 
0.0753 
0.0936 
0.1884 
0.1531 
0.1274 
0.1052 
0.1632 
0.2385 
0.5339 
0.5222 
0.1354 
0.1997 
1.1115 
0.1922 
0.8004 
0.3190 
9.5153 
0.7978 
0.1888 
3.6974 
1.1718 
0.6276 
0.6174 
4.7338 
0.9578 
0.5379 
2.0783 
2.1037 
3.7275 
0.3690 
3.6391 
2.2114 
1.7897 
6.8641 
9.0244 
2.3539 
0.4595 
10.5069 
1.2442 
0.0652 
0.2739 
0.1527 
3.2997 
0.2456 
0.1141 
0.1305 
0.0720 
0.0000 
0.2848 
2.0272 
0.7193 
0.3576 
0.6505 
0.8131 
9.6208 
0.5409 
0.2050 
1.8035 
0.0635 
1.8709 
0.2870 
0.6084 
1.4839 
0.6524 
0.6592 
0.6800 
0.3010 
1.1593 
0.2359 
0.3012 
0.7237 
1.1828 
1.6302 
0.9312 
1.0330 
5.5989 
1.6373 
1.6377 
6.8595 
0.0655 
0.0654 
0.0011 
0.0012 
0.0011 
0.0677 
0.0011 
0.0012 
0.0024 
0.0043 
0.2813 
0.1324 
0.0167 
0.0023 
0.0025 
0.0024 
0.0024 
0.0023 
0.0024 
0.2462 
0.0039 
0.0044 
0.2139 
0.2179 
0.2414 
0.4964 
0.0104 
0.2437 
0.0113 
0.0038 
0.3414 
2.9058 
0.3980 
0.3419 
0.3661 
0.3382 
0.3524 
0.3369 
0.0061 
0.0057 
0.1145 
0.0665 
0.0576 
0.0011 
0.0578 
0.2338 
0.0667 
0.0547 
0.1748 
0.2842 
0.6899 
0.0022 
0.0612 
2.4100 
0.1358 
0.3859 
1.5017 
0.5878 
2.1112 
0.1310 
1.0304 
0.8925 
1.0046 
0.8800 
0.6419 
0.3449 
0.4637 
1.0022 
9.8139 
0.1486 
4.8665 
0.4867 
0.1130 
0.4801 
0.6022 
0.8436 
3.4563 
8.0410 
2.3348 
1.5345 
0.0710 
0.2015 
0.0753 
0.1223 
0.0264 
0.0923 
0.1470 
0.5085 
0.0787 
0.1232 
0.3456 
0.1262 
0.1703 
0.1450 
0.3722 
0.5887 
0.1329 
0.5924 
0.1487 
0.6228 
1.4092 
0.6139 
0.1312 
2.6724 
0.3529 
0.5637 
0.3012 
0.2151 
1.0103 
0.4839 
4.6549 
1.6429 
1.5553 
5.6820 
1.8532 
1.1751 
0.3400 
1.7210 
1.9468 
2.4499 
0.0636 
1.5458 
0.0548 
0.0881 
0.0011 
0.0054 
0.0668 
0.1494 
0.0876 
1.3077 
1.9508 
1.5241 
0.4675 
0.8889 
5.7402 
4.8316 
0.8976 
0.0421 
0.3847 
1.3152 
1.0514 
0.4447 
4.6394 
2.3133 
1.0701 
1.5723 
1.1136 
6.2612 
5.6655 
1.6299 
1.2736 
0.6618 
0.7493 
2.3612 
0.6314 
7.5322 
7.6060 
2.8184 
2.1919 
2.2517 
0.0012 
0.2283 
0.0771 
0.3161 
0.0811 
0.2110 
0.1050 
0.1919 
0.0081 
0.0878 
0.1885 
2.9538 
0.4775 
0.1666 
0.4242 
0.0808 
0.1700 
0.9721 
0.2513 
0.1323 
2.4471 
0.5271 
5.3947 
4.9187 
3.5291 
0.2402 
2.9737 
0.6329 
1.4120 
5.2982 
2.6037 
2.2742 
1.1265 
9.7696 
1.8461 
2.5186 
1.2076 
10.7385 
8.7288 
10.2066 
