0.9450 +- -1.00 (1)
0.9760 +- -1.00 (1)
0.9345 +- -1.00 (1)
0.9322 +- -1.00 (1)
0.9514 +- -1.00 (1)
0.9586 +- -1.00 (1)
0.9618 +- -1.00 (1)
0.9828 +- -1.00 (1)
0.9444 +- -1.00 (1)
0.9518 +- -1.00 (1)
0.9373 +- -1.00 (1)
0.9534 +- -1.00 (1)
0.9763 +- -1.00 (1)
0.9666 +- -1.00 (1)
0.9723 +- -1.00 (1)
0.9649 +- -1.00 (1)
0.9797 +- -1.00 (1)
0.9139 +- -1.00 (1)
0.9590 +- -1.00 (1)
0.9512 +- -1.00 (1)
0.9644 +- -1.00 (1)
0.9589 +- -1.00 (1)
0.9642 +- -1.00 (1)
0.9590 +- -1.00 (1)
0.9654 +- -1.00 (1)
0.9714 +- -1.00 (1)
0.9674 +- -1.00 (1)
0.9639 +- -1.00 (1)
0.9627 +- -1.00 (1)
0.9717 +- -1.00 (1)
0.9624 +- -1.00 (1)
0.9608 +- -1.00 (1)
0.9722 +- -1.00 (1)
0.9590 +- -1.00 (1)
0.9768 +- -1.00 (1)
0.9656 +- -1.00 (1)
0.9772 +- -1.00 (1)
0.9580 +- -1.00 (1)
0.9628 +- -1.00 (1)
0.9624 +- -1.00 (1)
0.9630 +- -1.00 (1)
0.9714 +- -1.00 (1)
0.9578 +- -1.00 (1)
0.9691 +- -1.00 (1)
0.9667 +- -1.00 (1)
0.9637 +- -1.00 (1)
0.9720 +- -1.00 (1)
0.9602 +- -1.00 (1)
0.9655 +- -1.00 (1)
0.9693 +- -1.00 (1)
0.9676 +- -1.00 (1)
0.9554 +- -1.00 (1)
0.9785 +- -1.00 (1)
0.9664 +- -1.00 (1)
0.9660 +- -1.00 (1)
0.9639 +- -1.00 (1)
0.9520 +- -1.00 (1)
0.9504 +- -1.00 (1)
0.9729 +- -1.00 (1)
0.9698 +- -1.00 (1)
0.9633 +- -1.00 (1)
0.9700 +- -1.00 (1)
0.9648 +- -1.00 (1)
0.9694 +- -1.00 (1)
0.9670 +- -1.00 (1)
0.9643 +- -1.00 (1)
0.9665 +- -1.00 (1)
0.9635 +- -1.00 (1)
0.9659 +- -1.00 (1)
0.9634 +- -1.00 (1)
0.9559 +- -1.00 (1)
0.9601 +- -1.00 (1)
0.9732 +- -1.00 (1)
0.9681 +- -1.00 (1)
0.9695 +- -1.00 (1)
0.9604 +- -1.00 (1)
0.9575 +- -1.00 (1)
0.9480 +- -1.00 (1)
0.9749 +- -1.00 (1)
0.9652 +- -1.00 (1)
0.9625 +- -1.00 (1)
0.9674 +- -1.00 (1)
0.9583 +- -1.00 (1)
0.9687 +- -1.00 (1)
0.9672 +- -1.00 (1)
0.9660 +- -1.00 (1)
0.9689 +- -1.00 (1)
0.9561 +- -1.00 (1)
0.9684 +- -1.00 (1)
0.9643 +- -1.00 (1)
0.9596 +- -1.00 (1)
0.9602 +- -1.00 (1)
0.9719 +- -1.00 (1)
0.9641 +- -1.00 (1)
0.9633 +- -1.00 (1)
0.9631 +- -1.00 (1)
0.9664 +- -1.00 (1)
0.9587 +- -1.00 (1)
0.9709 +- -1.00 (1)
0.9698 +- -1.00 (1)
0.9661 +- -1.00 (1)
0.9693 +- -1.00 (1)
0.9596 +- -1.00 (1)
0.9767 +- -1.00 (1)
0.9632 +- -1.00 (1)
0.9567 +- -1.00 (1)
0.9650 +- -1.00 (1)
0.9600 +- -1.00 (1)
0.9676 +- -1.00 (1)
0.9633 +- -1.00 (1)
0.9669 +- -1.00 (1)
0.9646 +- -1.00 (1)
0.9688 +- -1.00 (1)
0.9714 +- -1.00 (1)
0.9648 +- -1.00 (1)
0.9610 +- -1.00 (1)
0.9661 +- -1.00 (1)
0.9520 +- -1.00 (1)
0.9637 +- -1.00 (1)
0.9696 +- -1.00 (1)
0.9612 +- -1.00 (1)
0.9601 +- -1.00 (1)
0.9628 +- -1.00 (1)
0.9699 +- -1.00 (1)
0.9617 +- -1.00 (1)
0.9663 +- -1.00 (1)
0.9577 +- -1.00 (1)
0.9569 +- -1.00 (1)
0.9622 +- -1.00 (1)
0.9636 +- -1.00 (1)
0.9653 +- -1.00 (1)
0.9595 +- -1.00 (1)
0.9598 +- -1.00 (1)
0.9692 +- -1.00 (1)
0.9603 +- -1.00 (1)
0.9632 +- -1.00 (1)
0.9595 +- -1.00 (1)
0.9585 +- -1.00 (1)
0.9630 +- -1.00 (1)
0.9649 +- -1.00 (1)
0.9555 +- -1.00 (1)
0.9551 +- -1.00 (1)
0.9448 +- -1.00 (1)
0.9564 +- -1.00 (1)
0.9617 +- -1.00 (1)
0.9573 +- -1.00 (1)
0.9524 +- -1.00 (1)
0.9563 +- -1.00 (1)
0.9514 +- -1.00 (1)
0.9592 +- -1.00 (1)
0.9597 +- -1.00 (1)
0.9589 +- -1.00 (1)
0.9577 +- -1.00 (1)
0.9524 +- -1.00 (1)
0.9499 +- -1.00 (1)
0.9523 +- -1.00 (1)
0.9606 +- -1.00 (1)
0.9596 +- -1.00 (1)
0.9513 +- -1.00 (1)
0.9521 +- -1.00 (1)
0.9507 +- -1.00 (1)
0.9586 +- -1.00 (1)
0.9546 +- -1.00 (1)
0.9580 +- -1.00 (1)
0.9633 +- -1.00 (1)
0.9557 +- -1.00 (1)
0.9579 +- -1.00 (1)
0.9492 +- -1.00 (1)
0.9488 +- -1.00 (1)
0.9527 +- -1.00 (1)
0.9547 +- -1.00 (1)
0.9530 +- -1.00 (1)
0.9530 +- -1.00 (1)
0.9542 +- -1.00 (1)
0.9498 +- -1.00 (1)
0.9608 +- -1.00 (1)
0.9575 +- -1.00 (1)
0.9611 +- -1.00 (1)
0.9534 +- -1.00 (1)
0.9549 +- -1.00 (1)
0.9529 +- -1.00 (1)
0.9558 +- -1.00 (1)
0.9506 +- -1.00 (1)
0.9576 +- -1.00 (1)
0.9629 +- -1.00 (1)
0.9479 +- -1.00 (1)
0.9557 +- -1.00 (1)
0.9466 +- -1.00 (1)
0.9510 +- -1.00 (1)
0.9509 +- -1.00 (1)
0.9482 +- -1.00 (1)
0.9536 +- -1.00 (1)
0.9526 +- -1.00 (1)
0.9579 +- -1.00 (1)
0.9548 +- -1.00 (1)
0.9575 +- -1.00 (1)
0.9558 +- -1.00 (1)
0.9464 +- -1.00 (1)
0.9526 +- -1.00 (1)
0.9539 +- -1.00 (1)
0.9492 +- -1.00 (1)
0.9559 +- -1.00 (1)
0.9469 +- -1.00 (1)
0.9525 +- -1.00 (1)
0.9542 +- -1.00 (1)
0.9517 +- -1.00 (1)
0.9542 +- -1.00 (1)
0.9563 +- -1.00 (1)
0.9452 +- -1.00 (1)
0.9478 +- -1.00 (1)
0.9514 +- -1.00 (1)
0.9544 +- -1.00 (1)
0.9533 +- -1.00 (1)
0.9527 +- -1.00 (1)
0.9495 +- -1.00 (1)
0.9503 +- -1.00 (1)
0.9506 +- -1.00 (1)
0.9462 +- -1.00 (1)
0.9524 +- -1.00 (1)
0.9523 +- -1.00 (1)
0.9431 +- -1.00 (1)
0.9519 +- -1.00 (1)
0.9469 +- -1.00 (1)
0.9527 +- -1.00 (1)
0.9521 +- -1.00 (1)
0.9468 +- -1.00 (1)
0.9493 +- -1.00 (1)
0.9523 +- -1.00 (1)
0.9504 +- -1.00 (1)
0.9539 +- -1.00 (1)
0.9513 +- -1.00 (1)
0.9498 +- -1.00 (1)
0.9574 +- -1.00 (1)
0.9524 +- -1.00 (1)
0.9513 +- -1.00 (1)
0.9480 +- -1.00 (1)
0.9510 +- -1.00 (1)
0.9491 +- -1.00 (1)
0.9499 +- -1.00 (1)
0.9552 +- -1.00 (1)
0.9504 +- -1.00 (1)
0.9563 +- -1.00 (1)
0.9525 +- -1.00 (1)
0.9494 +- -1.00 (1)
0.9527 +- -1.00 (1)
0.9357 +- -1.00 (1)
0.9500 +- -1.00 (1)
0.9472 +- -1.00 (1)
0.9486 +- -1.00 (1)
0.9520 +- -1.00 (1)
0.9490 +- -1.00 (1)
0.9481 +- -1.00 (1)
0.9547 +- -1.00 (1)
0.9538 +- -1.00 (1)
0.9478 +- -1.00 (1)
0.9502 +- -1.00 (1)
0.9447 +- -1.00 (1)
0.9464 +- -1.00 (1)
0.9547 +- -1.00 (1)
0.9512 +- -1.00 (1)
0.9509 +- -1.00 (1)
0.9479 +- -1.00 (1)
0.9453 +- -1.00 (1)
0.9485 +- -1.00 (1)
0.9463 +- -1.00 (1)
0.9490 +- -1.00 (1)
0.9514 +- -1.00 (1)
0.9450 +- -1.00 (1)
0.9564 +- -1.00 (1)
0.9548 +- -1.00 (1)
0.9474 +- -1.00 (1)
0.9528 +- -1.00 (1)
0.9550 +- -1.00 (1)
0.9467 +- -1.00 (1)
0.9512 +- -1.00 (1)
0.9462 +- -1.00 (1)
0.9555 +- -1.00 (1)
0.9392 +- -1.00 (1)
0.9438 +- -1.00 (1)
0.9510 +- -1.00 (1)
0.9521 +- -1.00 (1)
0.9469 +- -1.00 (1)
0.9474 +- -1.00 (1)
0.9497 +- -1.00 (1)
0.9467 +- -1.00 (1)
0.9482 +- -1.00 (1)
0.9523 +- -1.00 (1)
0.9438 +- -1.00 (1)
0.9496 +- -1.00 (1)
0.9471 +- -1.00 (1)
0.9445 +- -1.00 (1)
0.9483 +- -1.00 (1)
0.9562 +- -1.00 (1)
0.9496 +- -1.00 (1)
0.9487 +- -1.00 (1)
0.9481 +- -1.00 (1)
0.9528 +- -1.00 (1)
0.9480 +- -1.00 (1)
0.9533 +- -1.00 (1)
0.9520 +- -1.00 (1)
