0.945
0.976
0.9345
0.9322
0.9514
0.9586
0.9618
0.9828
0.9444
0.9518
0.9373
0.9534
0.9763
0.9666
0.9723
0.9649
0.9797
0.9139
0.959
0.9512
0.9644
0.9589
0.9642
0.959
0.9654
0.9714
0.9674
0.9639
0.9627
0.9717
0.9624
0.9608
0.9722
0.959
0.9768
0.9656
0.9772
0.958
0.9628
0.9624
0.963
0.9714
0.9578
0.9691
0.9667
0.9637
0.972
0.9602
0.9655
0.9693
0.9676
0.9554
0.9785
0.9664
0.966
0.9639
0.952
0.9504
0.9729
0.9698
0.9633
0.97
0.9648
0.9694
0.967
0.9643
0.9665
0.9635
0.9659
0.9634
0.9559
0.9601
0.9732
0.9681
0.9695
0.9604
0.9575
0.948
0.9749
0.9652
0.9625
0.9674
0.9583
0.9687
0.9672
0.966
0.9689
0.9561
0.9684
0.9643
0.9596
0.9602
0.9719
0.9641
0.9633
0.9631
0.9664
0.9587
0.9709
0.9698
0.9661
0.9693
0.9596
0.9767
0.9632
0.9567
0.965
0.96
0.9676
0.9633
0.9669
0.9646
0.9688
0.9714
0.9648
0.961
0.9661
0.952
0.9637
0.9696
0.9612
0.9601
0.9628
0.9699
0.9617
0.9663
0.9577
0.9569
0.9622
0.9636
0.9653
0.9595
0.9598
0.9692
0.9603
0.9632
0.9595
0.9585
0.963
0.9649
0.9555
0.9551
0.9448
0.9564
0.9617
0.9573
0.9524
0.9563
0.9514
0.9592
0.9597
0.9589
0.9577
0.9524
0.9499
0.9523
0.9606
0.9596
0.9513
0.9521
0.9507
0.9586
0.9546
0.958
0.9633
0.9557
0.9579
0.9492
0.9488
0.9527
0.9547
0.953
0.953
0.9542
0.9498
0.9608
0.9575
0.9611
0.9534
0.9549
0.9529
0.9558
0.9506
0.9576
0.9629
0.9479
0.9557
0.9466
0.951
0.9509
0.9482
0.9536
0.9526
0.9579
0.9548
0.9575
0.9558
0.9464
0.9526
0.9539
0.9492
0.9559
0.9469
0.9525
0.9542
0.9517
0.9542
0.9563
0.9452
0.9478
0.9514
0.9544
0.9533
0.9527
0.9495
0.9503
0.9506
0.9462
0.9524
0.9523
0.9431
0.9519
0.9469
0.9527
0.9521
0.9468
0.9493
0.9523
0.9504
0.9539
0.9513
0.9498
0.9574
0.9524
0.9513
0.948
0.951
0.9491
0.9499
0.9552
0.9504
0.9563
0.9525
0.9494
0.9527
0.9357
0.95
0.9472
0.9486
0.952
0.949
0.9481
0.9547
0.9538
0.9478
0.9502
0.9447
0.9464
0.9547
0.9512
0.9509
0.9479
0.9453
0.9485
0.9463
0.949
0.9514
0.945
0.9564
0.9548
0.9474
0.9528
0.955
0.9467
0.9512
0.9462
0.9555
0.9392
0.9438
0.951
0.9521
0.9469
0.9474
0.9497
0.9467
0.9482
0.9523
0.9438
0.9496
0.9471
0.9445
0.9483
0.9562
0.9496
0.9487
0.9481
0.9528
0.948
0.9533
0.952