0.9474 +- -1.00 (1)
0.9750 +- -1.00 (1)
0.9288 +- -1.00 (1)
0.9272 +- -1.00 (1)
0.9514 +- -1.00 (1)
0.9622 +- -1.00 (1)
0.9618 +- -1.00 (1)
0.9776 +- -1.00 (1)
0.9364 +- -1.00 (1)
0.9518 +- -1.00 (1)
0.9326 +- -1.00 (1)
0.9493 +- -1.00 (1)
0.9729 +- -1.00 (1)
0.9666 +- -1.00 (1)
0.9674 +- -1.00 (1)
0.9606 +- -1.00 (1)
0.9797 +- -1.00 (1)
0.9139 +- -1.00 (1)
0.9543 +- -1.00 (1)
0.9512 +- -1.00 (1)
0.9625 +- -1.00 (1)
0.9595 +- -1.00 (1)
0.9618 +- -1.00 (1)
0.9589 +- -1.00 (1)
0.9609 +- -1.00 (1)
0.9704 +- -1.00 (1)
0.9650 +- -1.00 (1)
0.9641 +- -1.00 (1)
0.9636 +- -1.00 (1)
0.9733 +- -1.00 (1)
0.9636 +- -1.00 (1)
0.9602 +- -1.00 (1)
0.9662 +- -1.00 (1)
0.9687 +- -1.00 (1)
0.9768 +- -1.00 (1)
0.9587 +- -1.00 (1)
0.9779 +- -1.00 (1)
0.9480 +- -1.00 (1)
0.9595 +- -1.00 (1)
0.9613 +- -1.00 (1)
0.9620 +- -1.00 (1)
0.9744 +- -1.00 (1)
0.9538 +- -1.00 (1)
0.9692 +- -1.00 (1)
0.9661 +- -1.00 (1)
0.9601 +- -1.00 (1)
0.9660 +- -1.00 (1)
0.9618 +- -1.00 (1)
0.9607 +- -1.00 (1)
0.9615 +- -1.00 (1)
0.9635 +- -1.00 (1)
0.9582 +- -1.00 (1)
0.9717 +- -1.00 (1)
0.9668 +- -1.00 (1)
0.9630 +- -1.00 (1)
0.9603 +- -1.00 (1)
0.9453 +- -1.00 (1)
0.9530 +- -1.00 (1)
0.9745 +- -1.00 (1)
0.9667 +- -1.00 (1)
0.9621 +- -1.00 (1)
0.9643 +- -1.00 (1)
0.9638 +- -1.00 (1)
0.9667 +- -1.00 (1)
0.9641 +- -1.00 (1)
0.9598 +- -1.00 (1)
0.9680 +- -1.00 (1)
0.9617 +- -1.00 (1)
0.9569 +- -1.00 (1)
0.9583 +- -1.00 (1)
0.9607 +- -1.00 (1)
0.9620 +- -1.00 (1)
0.9694 +- -1.00 (1)
0.9659 +- -1.00 (1)
0.9662 +- -1.00 (1)
0.9604 +- -1.00 (1)
0.9600 +- -1.00 (1)
0.9482 +- -1.00 (1)
0.9668 +- -1.00 (1)
0.9658 +- -1.00 (1)
0.9587 +- -1.00 (1)
0.9583 +- -1.00 (1)
0.9571 +- -1.00 (1)
0.9652 +- -1.00 (1)
0.9653 +- -1.00 (1)
0.9619 +- -1.00 (1)
0.9584 +- -1.00 (1)
0.9527 +- -1.00 (1)
0.9652 +- -1.00 (1)
0.9584 +- -1.00 (1)
0.9620 +- -1.00 (1)
0.9549 +- -1.00 (1)
0.9671 +- -1.00 (1)
0.9627 +- -1.00 (1)
0.9613 +- -1.00 (1)
0.9636 +- -1.00 (1)
0.9609 +- -1.00 (1)
0.9537 +- -1.00 (1)
0.9593 +- -1.00 (1)
0.9614 +- -1.00 (1)
0.9546 +- -1.00 (1)
0.9718 +- -1.00 (1)
0.9593 +- -1.00 (1)
0.9726 +- -1.00 (1)
0.9595 +- -1.00 (1)
0.9588 +- -1.00 (1)
0.9582 +- -1.00 (1)
0.9643 +- -1.00 (1)
0.9597 +- -1.00 (1)
0.9618 +- -1.00 (1)
0.9579 +- -1.00 (1)
0.9610 +- -1.00 (1)
0.9636 +- -1.00 (1)
0.9676 +- -1.00 (1)
0.9659 +- -1.00 (1)
0.9632 +- -1.00 (1)
0.9658 +- -1.00 (1)
0.9573 +- -1.00 (1)
0.9591 +- -1.00 (1)
0.9628 +- -1.00 (1)
0.9556 +- -1.00 (1)
0.9587 +- -1.00 (1)
0.9557 +- -1.00 (1)
0.9603 +- -1.00 (1)
0.9559 +- -1.00 (1)
0.9595 +- -1.00 (1)
0.9566 +- -1.00 (1)
0.9547 +- -1.00 (1)
0.9532 +- -1.00 (1)
0.9608 +- -1.00 (1)
0.9614 +- -1.00 (1)
0.9590 +- -1.00 (1)
0.9581 +- -1.00 (1)
0.9689 +- -1.00 (1)
0.9571 +- -1.00 (1)
0.9560 +- -1.00 (1)
0.9527 +- -1.00 (1)
0.9569 +- -1.00 (1)
0.9577 +- -1.00 (1)
0.9584 +- -1.00 (1)
0.9532 +- -1.00 (1)
0.9465 +- -1.00 (1)
0.9438 +- -1.00 (1)
0.9476 +- -1.00 (1)
0.9551 +- -1.00 (1)
0.9496 +- -1.00 (1)
0.9529 +- -1.00 (1)
0.9528 +- -1.00 (1)
0.9464 +- -1.00 (1)
0.9519 +- -1.00 (1)
0.9487 +- -1.00 (1)
0.9522 +- -1.00 (1)
0.9388 +- -1.00 (1)
0.9499 +- -1.00 (1)
0.9463 +- -1.00 (1)
0.9552 +- -1.00 (1)
0.9545 +- -1.00 (1)
0.9611 +- -1.00 (1)
0.9487 +- -1.00 (1)
0.9435 +- -1.00 (1)
0.9424 +- -1.00 (1)
0.9533 +- -1.00 (1)
0.9510 +- -1.00 (1)
0.9512 +- -1.00 (1)
0.9526 +- -1.00 (1)
0.9467 +- -1.00 (1)
0.9562 +- -1.00 (1)
0.9443 +- -1.00 (1)
0.9410 +- -1.00 (1)
0.9480 +- -1.00 (1)
0.9487 +- -1.00 (1)
0.9393 +- -1.00 (1)
0.9356 +- -1.00 (1)
0.9527 +- -1.00 (1)
0.9392 +- -1.00 (1)
0.9551 +- -1.00 (1)
0.9502 +- -1.00 (1)
0.9548 +- -1.00 (1)
0.9527 +- -1.00 (1)
0.9479 +- -1.00 (1)
0.9452 +- -1.00 (1)
0.9523 +- -1.00 (1)
0.9459 +- -1.00 (1)
0.9473 +- -1.00 (1)
0.9443 +- -1.00 (1)
0.9342 +- -1.00 (1)
0.9478 +- -1.00 (1)
0.9530 +- -1.00 (1)
0.9457 +- -1.00 (1)
0.9430 +- -1.00 (1)
0.9405 +- -1.00 (1)
0.9374 +- -1.00 (1)
0.9321 +- -1.00 (1)
0.9493 +- -1.00 (1)
0.9453 +- -1.00 (1)
0.9483 +- -1.00 (1)
0.9460 +- -1.00 (1)
0.9471 +- -1.00 (1)
0.9485 +- -1.00 (1)
0.9489 +- -1.00 (1)
0.9468 +- -1.00 (1)
0.9520 +- -1.00 (1)
0.9390 +- -1.00 (1)
0.9500 +- -1.00 (1)
0.9331 +- -1.00 (1)
0.9354 +- -1.00 (1)
0.9477 +- -1.00 (1)
0.9417 +- -1.00 (1)
0.9432 +- -1.00 (1)
0.9459 +- -1.00 (1)
0.9426 +- -1.00 (1)
0.9491 +- -1.00 (1)
0.9301 +- -1.00 (1)
0.9452 +- -1.00 (1)
0.9441 +- -1.00 (1)
0.9473 +- -1.00 (1)
0.9489 +- -1.00 (1)
0.9454 +- -1.00 (1)
0.9436 +- -1.00 (1)
0.9464 +- -1.00 (1)
0.9340 +- -1.00 (1)
0.9440 +- -1.00 (1)
0.9371 +- -1.00 (1)
0.9404 +- -1.00 (1)
0.9354 +- -1.00 (1)
0.9260 +- -1.00 (1)
0.9494 +- -1.00 (1)
0.9418 +- -1.00 (1)
0.9450 +- -1.00 (1)
0.9463 +- -1.00 (1)
0.9463 +- -1.00 (1)
0.9450 +- -1.00 (1)
0.9505 +- -1.00 (1)
0.9490 +- -1.00 (1)
0.9452 +- -1.00 (1)
0.9416 +- -1.00 (1)
0.9396 +- -1.00 (1)
0.9479 +- -1.00 (1)
0.9472 +- -1.00 (1)
0.9308 +- -1.00 (1)
0.9421 +- -1.00 (1)
0.9496 +- -1.00 (1)
0.9417 +- -1.00 (1)
0.9478 +- -1.00 (1)
0.9382 +- -1.00 (1)
0.0000 +- -1.00 (1)
0.9282 +- -1.00 (1)
0.9269 +- -1.00 (1)
0.9463 +- -1.00 (1)
0.9454 +- -1.00 (1)
0.9444 +- -1.00 (1)
0.9475 +- -1.00 (1)
0.9341 +- -1.00 (1)
0.9443 +- -1.00 (1)
0.9387 +- -1.00 (1)
0.9354 +- -1.00 (1)
0.9440 +- -1.00 (1)
0.9493 +- -1.00 (1)
0.9497 +- -1.00 (1)
0.9338 +- -1.00 (1)
0.9449 +- -1.00 (1)
0.9282 +- -1.00 (1)
0.9402 +- -1.00 (1)
0.9536 +- -1.00 (1)
0.9306 +- -1.00 (1)
0.0000 +- -1.00 (1)
0.9450 +- -1.00 (1)
0.9385 +- -1.00 (1)
0.9509 +- -1.00 (1)
0.9501 +- -1.00 (1)
0.9305 +- -1.00 (1)
0.9472 +- -1.00 (1)
0.9474 +- -1.00 (1)
0.9352 +- -1.00 (1)
0.9441 +- -1.00 (1)
0.9389 +- -1.00 (1)
0.9379 +- -1.00 (1)
0.9317 +- -1.00 (1)
0.9468 +- -1.00 (1)
0.9392 +- -1.00 (1)
0.9410 +- -1.00 (1)
0.9443 +- -1.00 (1)
0.9484 +- -1.00 (1)
0.9491 +- -1.00 (1)
0.9382 +- -1.00 (1)
0.9364 +- -1.00 (1)
0.9458 +- -1.00 (1)
0.9354 +- -1.00 (1)
0.9439 +- -1.00 (1)
0.9476 +- -1.00 (1)
0.9310 +- -1.00 (1)
0.9453 +- -1.00 (1)
0.9470 +- -1.00 (1)
0.9463 +- -1.00 (1)
0.9432 +- -1.00 (1)
0.9485 +- -1.00 (1)
0.9429 +- -1.00 (1)
0.9461 +- -1.00 (1)
0.9394 +- -1.00 (1)
0.9458 +- -1.00 (1)
