0.9477
0.975
0.9264
0.9249
0.9514
0.9592
0.9567
0.9797
0.9401
0.9553
0.9395
0.9493
0.9724
0.964
0.9698
0.9637
0.9797
0.9139
0.9527
0.9466
0.9627
0.9586
0.9596
0.9554
0.9632
0.971
0.9685
0.9639
0.9627
0.9733
0.9636
0.9647
0.97
0.9559
0.9768
0.9592
0.9777
0.9473
0.9585
0.9613
0.9626
0.9686
0.9566
0.9659
0.9677
0.9611
0.9645
0.9601
0.9581
0.9614
0.962
0.9555
0.9718
0.9632
0.9627
0.9629
0.9599
0.953
0.9662
0.9628
0.9624
0.9688
0.9634
0.9687
0.9625
0.9597
0.959
0.962
0.962
0.9621
0.9591
0.9585
0.9695
0.9703
0.9697
0.9588
0.9594
0.9507
0.9704
0.9633
0.9601
0.9588
0.9545
0.9648
0.9612
0.9629
0.9627
0.957
0.9615
0.9626
0.9628
0.9598
0.9681
0.9617
0.9603
0.9601
0.962
0.957
0.9622
0.9652
0.9589
0.9611
0.9614
0.9725
0.9607
0.9576
0.96
0.9589
0.9611
0.9605
0.964
0.9614
0.9602
0.9633
0.9657
0.9573
0.9641
0.9531
0.959
0.9653
0.9621
0.9675
0.9592
0.9733
0.9565
0.9582
0.9557
0.956
0.9549
0.956
0.9595
0.9585
0.9591
0.9634
0.957
0.9648
0.9593
0.9571
0.9562
0.9573
0.9528
0.96
0.9476
0.9506
0.9566
0.9496
0.9487
0.9501
0.95
0.953
0.9513
0.9577
0.9585
0.9519
0.9486
0.9571
0.9545
0.9579
0.9474
0.9535
0.9423
0.953
0.9508
0.9555
0.956
0.9534
0.9524
0.9499
0.9423
0.9567
0.9524
0.9505
0.9506
0.9547
0.9511
0.9537
0.9499
0.9509
0.9575
0.9551
0.954
0.9482
0.9442
0.9465
0.9501
0.9475
0.9461
0.9425
0.95
0.9478
0.9498
0.9497
0.9454
0.9517
0.9481
0.9509
0.9544
0.9505
0.95
0.9506
0.945
0.9455
0.9469
0.953
0.9514
0.9514
0.9522
0.9533
0.941
0.9465
0.9496
0.9419
0.9435
0.95
0.9499
0.9501
0.9491
0.9509
0.9441
0.9434
0.9499
0.939
0.9459
0.9514
0.944
0.9429
0.9455
0.946
0.9498
0.9502
0.9518
0.9458
0.9521
0.9434
0.9456
0.9499
0.9489
0.9481
0.9462
0.9441
0.9476
0.9446
0.9513
0.9497
0.9486
0.9444
0.9457
0.9397
0.9465
0.9495
0.9518
0.9475
0.9517
0.9503
0.9498
0.9493
0.9441
0.9458
0.9501
0.9466
0.9485
0.9404
0.9398
0.951
0.9492
0.9424
0.9511
0.9403
0.9449
0.9504
0.9423
0.9467
0.9506
0.9437
0.9457
0.9451
0.9449
0.9423
0.9408
0.9441
0.9476
0.9454
0.9446
0.9493
0.9486
0.9469
0.95
0.9379
0.9475
0.951
0.9439
0.9443
0.947
0.9464
0.9487
0.9429
0.9478
0.9446
0.9462
0.9464