0.9474
0.975
0.9288
0.9272
0.9514
0.9622
0.9618
0.9776
0.9364
0.9518
0.9326
0.9493
0.9729
0.9666
0.9674
0.9606
0.9797
0.9139
0.9543
0.9512
0.9625
0.9595
0.9618
0.9589
0.9609
0.9704
0.965
0.9641
0.9636
0.9733
0.9636
0.9602
0.9662
0.9687
0.9768
0.9587
0.9779
0.948
0.9595
0.9613
0.962
0.9744
0.9538
0.9692
0.9661
0.9601
0.966
0.9618
0.9607
0.9615
0.9635
0.9582
0.9717
0.9668
0.963
0.9603
0.9453
0.953
0.9745
0.9667
0.9621
0.9643
0.9638
0.9667
0.9641
0.9598
0.968
0.9617
0.9569
0.9583
0.9607
0.962
0.9694
0.9659
0.9662
0.9604
0.96
0.9482
0.9668
0.9658
0.9587
0.9583
0.9571
0.9652
0.9653
0.9619
0.9584
0.9527
0.9652
0.9584
0.962
0.9549
0.9671
0.9627
0.9613
0.9636
0.9609
0.9537
0.9593
0.9614
0.9546
0.9718
0.9593
0.9726
0.9595
0.9588
0.9582
0.9643
0.9597
0.9618
0.9579
0.961
0.9636
0.9676
0.9659
0.9632
0.9658
0.9573
0.9591
0.9628
0.9556
0.9587
0.9557
0.9603
0.9559
0.9595
0.9566
0.9547
0.9532
0.9608
0.9614
0.959
0.9581
0.9689
0.9571
0.956
0.9527
0.9569
0.9577
0.9584
0.9532
0.9465
0.9438
0.9476
0.9551
0.9496
0.9529
0.9528
0.9464
0.9519
0.9487
0.9522
0.9388
0.9499
0.9463
0.9552
0.9545
0.9611
0.9487
0.9435
0.9424
0.9533
0.951
0.9512
0.9526
0.9467
0.9562
0.9443
0.941
0.948
0.9487
0.9393
0.9356
0.9527
0.9392
0.9551
0.9502
0.9548
0.9527
0.9479
0.9452
0.9523
0.9459
0.9473
0.9443
0.9342
0.9478
0.953
0.9457
0.943
0.9405
0.9374
0.9321
0.9493
0.9453
0.9483
0.946
0.9471
0.9485
0.9489
0.9468
0.952
0.939
0.95
0.9331
0.9354
0.9477
0.9417
0.9432
0.9459
0.9426
0.9491
0.9301
0.9452
0.9441
0.9473
0.9489
0.9454
0.9436
0.9464
0.934
0.944
0.9371
0.9404
0.9354
0.926
0.9494
0.9418
0.945
0.9463
0.9463
0.945
0.9505
0.949
0.9452
0.9416
0.9396
0.9479
0.9472
0.9308
0.9421
0.9496
0.9417
0.9478
0.9382
0
0.9282
0.9269
0.9463
0.9454
0.9444
0.9475
0.9341
0.9443
0.9387
0.9354
0.944
0.9493
0.9497
0.9338
0.9449
0.9282
0.9402
0.9536
0.9306
0
0.945
0.9385
0.9509
0.9501
0.9305
0.9472
0.9474
0.9352
0.9441
0.9389
0.9379
0.9317
0.9468
0.9392
0.941
0.9443
0.9484
0.9491
0.9382
0.9364
0.9458
0.9354
0.9439
0.9476
0.931
0.9453
0.947
0.9463
0.9432
0.9485
0.9429
0.9461
0.9394
0.9458