0.9477 
0.9767 
0.9264 
0.9322 
0.9513 
0.9545 
0.9573 
0.9776 
0.9486 
0.9518 
0.9396 
0.9534 
0.9750 
0.9659 
0.9698 
0.9542 
0.9810 
0.9139 
0.9604 
0.9466 
0.9640 
0.9633 
0.9606 
0.9524 
0.9607 
0.9704 
0.9665 
0.9644 
0.9636 
0.9726 
0.9636 
0.9595 
0.9664 
0.9680 
0.9768 
0.9658 
0.9767 
0.9543 
0.9600 
0.9596 
0.9626 
0.9719 
0.9533 
0.9714 
0.9666 
0.9611 
0.9667 
0.9576 
0.9652 
0.9604 
0.9563 
0.9526 
0.9707 
0.9634 
0.9670 
0.9649 
0.9543 
0.9478 
0.9721 
0.9639 
0.9599 
0.9694 
0.9615 
0.9693 
0.9627 
0.9555 
0.9615 
0.9589 
0.9604 
0.9708 
0.9593 
0.9653 
0.9730 
0.9668 
0.9673 
0.9668 
0.9558 
0.9538 
0.9625 
0.9654 
0.9591 
0.9636 
0.9577 
0.9644 
0.9612 
0.9637 
0.9642 
0.9569 
0.9642 
0.9612 
0.9631 
0.9597 
0.9651 
0.9639 
0.9650 
0.9604 
0.9656 
0.9553 
0.9592 
0.9655 
0.9566 
0.9687 
0.9593 
0.9673 
0.9589 
0.9613 
0.9566 
0.9606 
0.9571 
0.9622 
0.9645 
0.9606 
0.9662 
0.9641 
0.9642 
0.9584 
0.9594 
0.9549 
0.9547 
0.9615 
0.9580 
0.9625 
0.9566 
0.9619 
0.9605 
0.9607 
0.9601 
0.9529 
0.9564 
0.9572 
0.9585 
0.9593 
0.9653 
0.9690 
0.9580 
0.9606 
0.9601 
0.9558 
0.9601 
0.9562 
0.9478 
0.9610 
0.9525 
0.9459 
0.9547 
0.9536 
0.9535 
0.9444 
0.9469 
0.9496 
0.9537 
0.9587 
0.9501 
0.9476 
0.9480 
0.9480 
0.9456 
0.9582 
0.9484 
0.9521 
0.9503 
0.9512 
0.9541 
0.9494 
0.9527 
0.9483 
0.9528 
0.9421 
0.9475 
0.9552 
0.9523 
0.9424 
0.9508 
0.9487 
0.9457 
0.9499 
0.9475 
0.9472 
0.9453 
0.9512 
0.9555 
0.9507 
0.9538 
0.9509 
0.9499 
0.9413 
0.9427 
0.9475 
0.9449 
0.9519 
0.9455 
0.9458 
0.9491 
0.9457 
0.9464 
0.9474 
0.9521 
0.9436 
0.9515 
0.9485 
0.9439 
0.9486 
0.9422 
0.9493 
0.9534 
0.9411 
0.9475 
0.9477 
0.9500 
0.9463 
0.9467 
0.9499 
0.9390 
0.9494 
0.9470 
0.9472 
0.9509 
0.9499 
0.9492 
0.9513 
0.9447 
0.9431 
0.9448 
0.9460 
0.9494 
0.9273 
0.9477 
0.9494 
0.9489 
0.9499 
0.9476 
0.9417 
0.9414 
0.9462 
0.9512 
0.9442 
0.9442 
0.9501 
0.9465 
0.9472 
0.9412 
0.9431 
0.9455 
0.9539 
0.9486 
0.9357 
0.9439 
0.9425 
0.9412 
0.9472 
0.9430 
0.9525 
0.9483 
0.9462 
0.9526 
0.9484 
0.9503 
0.9477 
0.9473 
0.9466 
0.9464 
0.9437 
0.9375 
0.9450 
0.9410 
0.9285 
0.9466 
0.9390 
0.9469 
0.9435 
0.9452 
0.9422 
0.9455 
0.9463 
0.9424 
0.9437 
0.9482 
0.9450 
0.9429 
0.9539 
0.9453 
0.9412 
0.9504 
0.9512 
0.9496 
0.9392 
0.9445 
0.9367 
0.9494 
0.9441 
0.9447 
0.9424 
0.9488 
0.9438 
0.9463 
0.9434 
0.9490 
0.9432 
0.9484 
0.9411 
