0.9477 +- -1.00 (1)
0.9750 +- -1.00 (1)
0.9264 +- -1.00 (1)
0.9322 +- -1.00 (1)
0.9485 +- -1.00 (1)
0.9623 +- -1.00 (1)
0.9573 +- -1.00 (1)
0.9755 +- -1.00 (1)
0.9401 +- -1.00 (1)
0.9553 +- -1.00 (1)
0.9349 +- -1.00 (1)
0.9494 +- -1.00 (1)
0.9766 +- -1.00 (1)
0.9666 +- -1.00 (1)
0.9674 +- -1.00 (1)
0.9618 +- -1.00 (1)
0.9797 +- -1.00 (1)
0.9139 +- -1.00 (1)
0.9562 +- -1.00 (1)
0.9466 +- -1.00 (1)
0.9647 +- -1.00 (1)
0.9663 +- -1.00 (1)
0.9603 +- -1.00 (1)
0.9555 +- -1.00 (1)
0.9607 +- -1.00 (1)
0.9731 +- -1.00 (1)
0.9711 +- -1.00 (1)
0.9634 +- -1.00 (1)
0.9627 +- -1.00 (1)
0.9726 +- -1.00 (1)
0.9637 +- -1.00 (1)
0.9620 +- -1.00 (1)
0.9706 +- -1.00 (1)
0.9578 +- -1.00 (1)
0.9768 +- -1.00 (1)
0.9626 +- -1.00 (1)
0.9765 +- -1.00 (1)
0.9486 +- -1.00 (1)
0.9601 +- -1.00 (1)
0.9624 +- -1.00 (1)
0.9674 +- -1.00 (1)
0.9686 +- -1.00 (1)
0.9504 +- -1.00 (1)
0.9682 +- -1.00 (1)
0.9675 +- -1.00 (1)
0.9621 +- -1.00 (1)
0.9668 +- -1.00 (1)
0.9594 +- -1.00 (1)
0.9600 +- -1.00 (1)
0.9619 +- -1.00 (1)
0.9606 +- -1.00 (1)
0.9614 +- -1.00 (1)
0.9696 +- -1.00 (1)
0.9668 +- -1.00 (1)
0.9648 +- -1.00 (1)
0.9596 +- -1.00 (1)
0.9485 +- -1.00 (1)
0.9442 +- -1.00 (1)
0.9614 +- -1.00 (1)
0.9601 +- -1.00 (1)
0.9568 +- -1.00 (1)
0.9672 +- -1.00 (1)
0.9629 +- -1.00 (1)
0.9688 +- -1.00 (1)
0.9665 +- -1.00 (1)
0.9618 +- -1.00 (1)
0.9617 +- -1.00 (1)
0.9652 +- -1.00 (1)
0.9684 +- -1.00 (1)
0.9668 +- -1.00 (1)
0.9553 +- -1.00 (1)
0.9602 +- -1.00 (1)
0.9752 +- -1.00 (1)
0.9662 +- -1.00 (1)
0.9695 +- -1.00 (1)
0.9616 +- -1.00 (1)
0.9551 +- -1.00 (1)
0.9538 +- -1.00 (1)
0.9628 +- -1.00 (1)
0.9667 +- -1.00 (1)
0.9627 +- -1.00 (1)
0.9658 +- -1.00 (1)
0.9634 +- -1.00 (1)
0.9591 +- -1.00 (1)
0.9662 +- -1.00 (1)
0.9603 +- -1.00 (1)
0.9632 +- -1.00 (1)
0.9613 +- -1.00 (1)
0.9620 +- -1.00 (1)
0.9639 +- -1.00 (1)
0.9618 +- -1.00 (1)
0.9633 +- -1.00 (1)
0.9665 +- -1.00 (1)
0.9612 +- -1.00 (1)
0.9594 +- -1.00 (1)
0.9682 +- -1.00 (1)
0.9619 +- -1.00 (1)
0.9590 +- -1.00 (1)
0.9588 +- -1.00 (1)
0.9670 +- -1.00 (1)
0.9627 +- -1.00 (1)
0.9690 +- -1.00 (1)
0.9602 +- -1.00 (1)
0.9680 +- -1.00 (1)
0.9597 +- -1.00 (1)
0.9599 +- -1.00 (1)
0.9622 +- -1.00 (1)
0.9641 +- -1.00 (1)
0.9572 +- -1.00 (1)
0.9559 +- -1.00 (1)
0.9556 +- -1.00 (1)
0.9611 +- -1.00 (1)
0.9625 +- -1.00 (1)
0.9656 +- -1.00 (1)
0.9646 +- -1.00 (1)
0.9633 +- -1.00 (1)
0.9652 +- -1.00 (1)
0.9557 +- -1.00 (1)
0.9615 +- -1.00 (1)
0.9679 +- -1.00 (1)
0.9617 +- -1.00 (1)
0.9618 +- -1.00 (1)
0.9587 +- -1.00 (1)
0.9640 +- -1.00 (1)
0.9529 +- -1.00 (1)
0.9583 +- -1.00 (1)
0.9528 +- -1.00 (1)
0.9627 +- -1.00 (1)
0.9522 +- -1.00 (1)
0.9570 +- -1.00 (1)
0.9592 +- -1.00 (1)
0.9601 +- -1.00 (1)
0.9541 +- -1.00 (1)
0.9667 +- -1.00 (1)
0.9604 +- -1.00 (1)
0.9562 +- -1.00 (1)
0.9599 +- -1.00 (1)
0.9595 +- -1.00 (1)
0.9556 +- -1.00 (1)
0.9576 +- -1.00 (1)
0.9540 +- -1.00 (1)
0.9498 +- -1.00 (1)
0.9417 +- -1.00 (1)
0.9469 +- -1.00 (1)
0.9552 +- -1.00 (1)
0.9478 +- -1.00 (1)
0.9495 +- -1.00 (1)
0.9527 +- -1.00 (1)
0.9423 +- -1.00 (1)
0.9523 +- -1.00 (1)
0.9567 +- -1.00 (1)
0.9569 +- -1.00 (1)
0.9366 +- -1.00 (1)
0.9484 +- -1.00 (1)
0.9494 +- -1.00 (1)
0.9506 +- -1.00 (1)
0.9477 +- -1.00 (1)
0.9634 +- -1.00 (1)
0.9486 +- -1.00 (1)
0.9516 +- -1.00 (1)
0.9517 +- -1.00 (1)
0.9554 +- -1.00 (1)
0.9517 +- -1.00 (1)
0.9489 +- -1.00 (1)
0.9533 +- -1.00 (1)
0.9440 +- -1.00 (1)
0.9460 +- -1.00 (1)
0.9422 +- -1.00 (1)
0.9386 +- -1.00 (1)
0.9441 +- -1.00 (1)
0.9521 +- -1.00 (1)
0.9455 +- -1.00 (1)
0.9526 +- -1.00 (1)
0.9472 +- -1.00 (1)
0.9494 +- -1.00 (1)
0.9518 +- -1.00 (1)
0.9480 +- -1.00 (1)
0.9536 +- -1.00 (1)
0.9490 +- -1.00 (1)
0.9519 +- -1.00 (1)
0.9579 +- -1.00 (1)
0.9444 +- -1.00 (1)
0.9482 +- -1.00 (1)
0.9528 +- -1.00 (1)
0.9432 +- -1.00 (1)
0.9363 +- -1.00 (1)
0.9431 +- -1.00 (1)
0.9479 +- -1.00 (1)
0.9382 +- -1.00 (1)
0.9432 +- -1.00 (1)
0.9474 +- -1.00 (1)
0.9512 +- -1.00 (1)
0.9321 +- -1.00 (1)
0.9493 +- -1.00 (1)
0.9481 +- -1.00 (1)
0.9476 +- -1.00 (1)
0.9448 +- -1.00 (1)
0.9442 +- -1.00 (1)
0.9473 +- -1.00 (1)
0.9485 +- -1.00 (1)
0.9451 +- -1.00 (1)
0.9454 +- -1.00 (1)
0.9458 +- -1.00 (1)
0.9436 +- -1.00 (1)
0.9373 +- -1.00 (1)
0.9354 +- -1.00 (1)
0.9517 +- -1.00 (1)
0.9472 +- -1.00 (1)
0.9412 +- -1.00 (1)
0.9429 +- -1.00 (1)
0.9484 +- -1.00 (1)
0.9537 +- -1.00 (1)
0.9395 +- -1.00 (1)
0.9538 +- -1.00 (1)
0.9442 +- -1.00 (1)
0.9498 +- -1.00 (1)
0.9489 +- -1.00 (1)
0.9491 +- -1.00 (1)
0.9473 +- -1.00 (1)
0.9458 +- -1.00 (1)
0.9457 +- -1.00 (1)
0.9458 +- -1.00 (1)
0.9459 +- -1.00 (1)
0.9483 +- -1.00 (1)
0.9377 +- -1.00 (1)
0.9260 +- -1.00 (1)
0.9440 +- -1.00 (1)
0.9455 +- -1.00 (1)
0.9400 +- -1.00 (1)
0.9487 +- -1.00 (1)
0.9469 +- -1.00 (1)
0.9434 +- -1.00 (1)
0.9510 +- -1.00 (1)
0.9497 +- -1.00 (1)
0.9433 +- -1.00 (1)
0.9454 +- -1.00 (1)
0.9396 +- -1.00 (1)
0.9446 +- -1.00 (1)
0.9458 +- -1.00 (1)
0.9486 +- -1.00 (1)
0.9377 +- -1.00 (1)
0.9500 +- -1.00 (1)
0.9492 +- -1.00 (1)
0.9533 +- -1.00 (1)
0.9467 +- -1.00 (1)
0.9357 +- -1.00 (1)
0.9391 +- -1.00 (1)
0.9255 +- -1.00 (1)
0.9421 +- -1.00 (1)
0.9392 +- -1.00 (1)
0.9413 +- -1.00 (1)
0.9477 +- -1.00 (1)
0.9383 +- -1.00 (1)
0.9444 +- -1.00 (1)
0.9515 +- -1.00 (1)
0.9432 +- -1.00 (1)
0.9431 +- -1.00 (1)
0.9477 +- -1.00 (1)
0.9463 +- -1.00 (1)
0.9430 +- -1.00 (1)
0.9432 +- -1.00 (1)
0.9348 +- -1.00 (1)
0.9426 +- -1.00 (1)
0.9447 +- -1.00 (1)
0.9304 +- -1.00 (1)
0.9261 +- -1.00 (1)
0.9440 +- -1.00 (1)
0.9391 +- -1.00 (1)
0.9426 +- -1.00 (1)
0.9467 +- -1.00 (1)
0.9363 +- -1.00 (1)
0.9481 +- -1.00 (1)
0.9552 +- -1.00 (1)
0.9410 +- -1.00 (1)
0.9465 +- -1.00 (1)
0.9467 +- -1.00 (1)
0.9379 +- -1.00 (1)
0.9431 +- -1.00 (1)
0.9481 +- -1.00 (1)
0.9423 +- -1.00 (1)
0.9449 +- -1.00 (1)
0.9475 +- -1.00 (1)
0.9393 +- -1.00 (1)
0.9456 +- -1.00 (1)
0.9474 +- -1.00 (1)
0.9364 +- -1.00 (1)
0.9489 +- -1.00 (1)
0.9411 +- -1.00 (1)
0.9475 +- -1.00 (1)
0.9490 +- -1.00 (1)
0.9458 +- -1.00 (1)
0.9471 +- -1.00 (1)
0.9449 +- -1.00 (1)
0.9460 +- -1.00 (1)
0.9462 +- -1.00 (1)
0.9401 +- -1.00 (1)
0.9509 +- -1.00 (1)
0.9475 +- -1.00 (1)
0.9448 +- -1.00 (1)
0.9435 +- -1.00 (1)
