0.9477
0.975
0.9264
0.9322
0.9485
0.9623
0.9573
0.9755
0.9401
0.9553
0.9349
0.9494
0.9766
0.9666
0.9674
0.9618
0.9797
0.9139
0.9562
0.9466
0.9647
0.9663
0.9603
0.9555
0.9607
0.9731
0.9711
0.9634
0.9627
0.9726
0.9637
0.962
0.9706
0.9578
0.9768
0.9626
0.9765
0.9486
0.9601
0.9624
0.9674
0.9686
0.9504
0.9682
0.9675
0.9621
0.9668
0.9594
0.96
0.9619
0.9606
0.9614
0.9696
0.9668
0.9648
0.9596
0.9485
0.9442
0.9614
0.9601
0.9568
0.9672
0.9629
0.9688
0.9665
0.9618
0.9617
0.9652
0.9684
0.9668
0.9553
0.9602
0.9752
0.9662
0.9695
0.9616
0.9551
0.9538
0.9628
0.9667
0.9627
0.9658
0.9634
0.9591
0.9662
0.9603
0.9632
0.9613
0.962
0.9639
0.9618
0.9633
0.9665
0.9612
0.9594
0.9682
0.9619
0.959
0.9588
0.967
0.9627
0.969
0.9602
0.968
0.9597
0.9599
0.9622
0.9641
0.9572
0.9559
0.9556
0.9611
0.9625
0.9656
0.9646
0.9633
0.9652
0.9557
0.9615
0.9679
0.9617
0.9618
0.9587
0.964
0.9529
0.9583
0.9528
0.9627
0.9522
0.957
0.9592
0.9601
0.9541
0.9667
0.9604
0.9562
0.9599
0.9595
0.9556
0.9576
0.954
0.9498
0.9417
0.9469
0.9552
0.9478
0.9495
0.9527
0.9423
0.9523
0.9567
0.9569
0.9366
0.9484
0.9494
0.9506
0.9477
0.9634
0.9486
0.9516
0.9517
0.9554
0.9517
0.9489
0.9533
0.944
0.946
0.9422
0.9386
0.9441
0.9521
0.9455
0.9526
0.9472
0.9494
0.9518
0.948
0.9536
0.949
0.9519
0.9579
0.9444
0.9482
0.9528
0.9432
0.9363
0.9431
0.9479
0.9382
0.9432
0.9474
0.9512
0.9321
0.9493
0.9481
0.9476
0.9448
0.9442
0.9473
0.9485
0.9451
0.9454
0.9458
0.9436
0.9373
0.9354
0.9517
0.9472
0.9412
0.9429
0.9484
0.9537
0.9395
0.9538
0.9442
0.9498
0.9489
0.9491
0.9473
0.9458
0.9457
0.9458
0.9459
0.9483
0.9377
0.926
0.944
0.9455
0.94
0.9487
0.9469
0.9434
0.951
0.9497
0.9433
0.9454
0.9396
0.9446
0.9458
0.9486
0.9377
0.95
0.9492
0.9533
0.9467
0.9357
0.9391
0.9255
0.9421
0.9392
0.9413
0.9477
0.9383
0.9444
0.9515
0.9432
0.9431
0.9477
0.9463
0.943
0.9432
0.9348
0.9426
0.9447
0.9304
0.9261
0.944
0.9391
0.9426
0.9467
0.9363
0.9481
0.9552
0.941
0.9465
0.9467
0.9379
0.9431
0.9481
0.9423
0.9449
0.9475
0.9393
0.9456
0.9474
0.9364
0.9489
0.9411
0.9475
0.949
0.9458
0.9471
0.9449
0.946
0.9462
0.9401
0.9509
0.9475
0.9448
0.9435