0.9146 179605
0.9589 92623
0.8927 269094
0.9184 67296
0.9479 222753
0.952 148473
0.9545 237805
0.9668 87367
0.9065 355876
0.9329 230638
0.8994 226384
0.931 62582
0.9693 69806
0.9201 177466
0.9442 171779
0.9376 117186
0.9446 96568
0.8407 7140
0.9473 98641
0.9338 30827
0.9481 288389
0.9505 122860
0.9408 93656
0.9459 62203
0.9528 153689
0.9548 101545
0.9398 87167
0.945 127617
0.9423 183492
0.9595 80952
0.923 202102
0.932 184211
0.9598 48189
0.9419 201870
0.943 127131
0.9329 107887
0.9646 131980
0.9353 179104
0.9419 96195
0.9562 122708
0.9385 155522
0.9513 95057
0.9407 52479
0.9561 54602
0.9571 114495
0.9535 76288
0.9629 70450
0.9427 114980
0.9541 70956
0.9478 42536
0.9513 139026
0.9416 82577
0.9641 30374
0.9489 112271
0.9506 102725
0.9595 93710
0.9348 156301
0.9067 153597
0.9571 45365
0.9527 89129
0.9383 175823
0.9585 51306
0.9521 71423
0.9535 46529
0.9536 78703
0.9397 57232
0.9649 56097
0.9286 116977
0.9563 65491
0.9613 42360
0.9428 104025
0.9463 100074
0.9634 35722
0.9603 92551
0.9681 103615
0.9491 58523
0.9288 130222
0.926 135749
0.9598 56988
0.9573 65303
0.9512 86840
0.9546 44031
0.9453 85006
0.9562 37710
0.953 44403
0.9533 54994
0.9486 94072
0.9508 82838
0.9594 99386
0.9553 41273
0.9412 63177
0.9538 108985
0.9597 21567
0.9685 67807
0.9462 75354
0.9477 71233
0.9502 83298
0.937 92397
0.9579 50510
0.954 57884
0.9422 47209
0.953 26593
0.9439 54729
0.9609 46142
0.954 42610
0.9517 41718
0.9526 68757
0.9465 61121
0.955 45724
0.958 44658
0.9482 42850
0.947 44953
0.957 19398
0.9584 39722
0.9496 64337
0.9454 46990
0.9485 61567
0.9376 83317
0.957 46207
0.958 39459
0.946 79188
0.9508 32885
0.9463 43576
0.9562 18993
0.9464 28090
0.9549 44035
0.9536 40803
0.9407 46992
0.9466 42426
0.9536 40159
0.9426 41367
0.9618 32509
0.9573 15367
0.948 52596
0.9506 42144
0.9426 52559
0.9474 37359
0.944 57050
0.9439 38210
0.9533 48008
0.9451 7421
0.9448 9302
0.9418 12932
0.9357 10811
0.9464 10244
0.9439 10504
0.9516 19854
0.9451 12526
0.9467 11341
0.9478 10109
0.9446 13568
0.9451 12821
0.9451 7730
0.9495 19194
0.9481 14070
0.9434 12667
0.9443 14443
0.9431 13900
0.9499 11777
0.9471 11526
0.9474 6565
0.9534 13846
0.9478 14267
0.9428 11465
0.9468 7420
0.938 8823
0.9521 10035
0.9408 16027
0.9262 4999
0.9428 17792
0.9497 15270
0.9381 10846
0.9458 9511
0.9486 9398
0.9296 7938
0.9442 10874
0.9478 14127
0.954 12526
0.9439 14069
0.9465 8171
0.9465 6983
0.9441 8895
0.941 12322
0.9441 12666
0.9411 5789
0.939 9705
0.9508 11968
0.9473 7041
0.9445 11716
0.9385 8759
0.9443 8170
0.9493 12014
0.9413 6619
0.9421 13754
0.9417 10828
0.9451 7978
0.9426 8789
0.9419 11789
0.9446 13531
0.941 10447
0.9448 9223
0.9496 11209
0.9392 12597
0.9496 7746
0.9581 6341
0.9463 6044
0.9449 10356
0.9504 10769
0.9407 19225
0.9346 13239
0.943 7314
0.9411 13330
0.9372 5213
0.9435 9761
0.9426 7469
0.9396 9873
0.9491 10484
0.9357 15755
0.9403 8361
0.9384 8712
0.9442 6083
0.9405 8862
0.9429 11689
0.9395 8631
0.946 6617
0.9417 4606
0.945 24653
0.9318 7731
0.9322 11232
0.9406 9270
0.9394 12964
0.9415 10390
0.9413 5725
0.9409 11834
0.9437 9669
0.938 10157
0.9411 6434
0.9413 9662
0.9333 7788
0.9371 7339
0.9397 7679
0.9372 7054
0.9389 10276
0.9389 9206
0.9353 6150
0.9359 4988
0.9397 8821
0.933 5780
0.9308 6739
0.9432 7526
0.9396 7066
0.9399 7689
0.9396 6833
0.9434 11733
0.9413 7453
0.9338 7838
0.94 8165
0.9427 11527
0.9438 7874
0.9405 7831
0.9344 6605
0.9351 5525
0.9402 7375
0.9431 14715
0.9354 7005
0.937 5042
0.9397 13114
0.9351 9348
0.9384 15433
0.9444 6955
0.9372 4733
0.931 9138
0.9401 8876
0.9372 6240
0.9282 8214
0.9377 12871
0.9422 5459
0.9381 11187
0.9367 8262
0.9423 13205
0.9354 11123
0.945 8363
0.9417 8923
0.94 10218
0.9357 9212
0.9446 4209
0.9442 8677
0.9296 6096
0.9363 12254
0.9415 5345
0.9427 4772
0.9301 14844
0.9429 4482
0.9372 9545
0.9356 7552
0.9379 11463
0.9433 6752
0.9341 6693
0.9422 8135
0.9395 7554