0.9146 179566
0.9589 86773
0.8927 266925
0.9184 66777
0.9479 158478
0.952 144975
0.9545 227579
0.9668 86689
0.9065 370873
0.9329 225820
0.8994 231081
0.931 62582
0.9692 72270
0.9201 166647
0.9437 170476
0.9376 112910
0.9446 97066
0.8407 7140
0.9473 112007
0.9338 30827
0.9555 290920
0.9505 128108
0.9387 97329
0.9459 64380
0.9528 154178
0.9532 105702
0.9398 98439
0.945 121081
0.9494 186391
0.9557 76383
0.923 201915
0.932 184211
0.9582 42152
0.9419 180127
0.9438 131082
0.9329 110212
0.9646 131824
0.9353 178826
0.9426 94254
0.9554 119200
0.9385 151198
0.9513 94100
0.941 54550
0.9561 55406
0.9639 134979
0.9487 76438
0.9636 68627
0.9427 110832
0.9536 78943
0.9491 42225
0.9527 126351
0.9416 80639
0.9635 34714
0.9471 109615
0.9505 103646
0.9595 99855
0.9348 158157
0.9067 154867
0.9576 46587
0.9527 89751
0.9389 174539
0.9585 51359
0.9501 67680
0.9535 46908
0.9536 79062
0.9377 57648
0.9649 55668
0.9286 118278
0.9519 62857
0.9638 41780
0.946 103188
0.9463 83815
0.9635 37243
0.9603 88964
0.9681 107960
0.9491 56293
0.9288 116529
0.926 135612
0.9598 59607
0.9564 60302
0.9501 80741
0.9586 49588
0.948 82692
0.9544 37760
0.953 42292
0.9506 59505
0.9486 88715
0.9494 87203
0.9594 91177
0.9544 41749
0.9456 59264
0.9547 107659
0.9588 23325
0.9659 71498
0.9455 74448
0.9438 51822
0.9511 88764
0.937 94334
0.9593 39358
0.9557 56097
0.9396 45657
0.953 28323
0.9476 59168
0.9607 44888
0.954 47009
0.9501 42799
0.9526 70819
0.9461 58128
0.9463 68096
0.9605 41384
0.9519 42995
0.9487 48979
0.957 18310
0.9584 37684
0.9496 61705
0.9467 46198
0.9485 57174
0.9376 76117
0.9576 46042
0.9592 36411
0.946 74692
0.9521 34192
0.9463 48602
0.9585 21765
0.9405 27561
0.9545 39020
0.9536 40527
0.9451 41872
0.9484 32219
0.9525 40928
0.9424 36634
0.96 33866
0.9568 16260
0.9501 48974
0.9489 47992
0.9407 56748
0.9477 35838
0.944 56966
0.9435 37657
0.9557 37712
0.9463 8645
0.9442 11912
0.9445 13002
0.9376 10009
0.9464 9714
0.9417 10783
0.951 13082
0.9456 11943
0.9463 10819
0.9464 11199
0.9425 12201
0.945 11150
0.9454 7487
0.948 13663
0.9481 15545
0.941 15963
0.943 15966
0.9433 16337
0.9492 13862
0.9471 11246
0.9476 8558
0.9537 12588
0.9478 13339
0.9433 9387
0.9461 8705
0.937 7931
0.9512 10486
0.9409 13012
0.9262 6354
0.9466 16507
0.9488 19081
0.9378 10009
0.9459 9389
0.9486 9146
0.9296 7555
0.9447 9782
0.9467 13221
0.9526 11694
0.9439 14160
0.9484 7607
0.9441 5879
0.9483 10862
0.9397 11553
0.9419 11564
0.9411 5718
0.9386 7848
0.9496 9874
0.945 7889
0.9445 12750
0.9397 7010
0.9452 8350
0.9467 10351
0.9402 5722
0.9432 12605
0.9417 9360
0.9451 9192
0.9427 9968
0.942 11330
0.9402 12151
0.9433 8980
0.944 9772
0.9503 10390
0.9389 10045
0.9496 6638
0.9548 6080
0.947 6041
0.9449 9831
0.9484 10760
0.9407 19938
0.9382 14353
0.9427 8219
0.9401 10865
0.9372 6236
0.9426 10081
0.9426 7761
0.9419 7780
0.9491 8841
0.9356 15086
0.9395 8298
0.9381 10306
0.9456 5459
0.9405 8252
0.9421 11297
0.9395 8233
0.947 7608
0.9417 5366
0.945 18433
0.9318 7774
0.9324 9674
0.9384 7243
0.9406 10517
0.9416 9598
0.9404 6637
0.9438 11898
0.9433 9593
0.938 9915
0.9432 5572
0.9373 9842
0.9333 8429
0.9378 7412
0.9397 8455
0.9354 6585
0.9436 10322
0.9389 10910
0.9374 5924
0.9359 5392
0.9403 10240
0.933 5685
0.9308 7804
0.9383 6490
0.9388 6940
0.94 7905
0.9412 7575
0.9438 8200
0.9398 6635
0.9339 8387
0.9398 8635
0.9427 11628
0.9462 7303
0.9423 7145
0.9344 6974
0.9351 5811
0.9375 8646
0.9429 11086
0.9354 6136
0.937 4414
0.9407 12262
0.9351 11595
0.9379 13947
0.9424 6232
0.9379 5474
0.931 9516
0.9407 8072
0.9424 5877
0.9282 8593
0.9379 12936
0.9424 5510
0.9411 11314
0.936 6589
0.9412 12739
0.9354 11763
0.9447 9145
0.9423 8274
0.9415 8139
0.9357 9949
0.9446 4255
0.9442 8291
0.9296 7174
0.9368 11848
0.9419 5271
0.9425 4131
0.9301 15553
0.9409 5118
0.9401 11606
0.9375 7417
0.937 11937
0.9419 6588
0.9341 7645
0.9402 8102
0.9387 7141