0.9146 
0.9589 
0.8927 
0.9184 
0.9479 
0.9520 
0.9545 
0.9668 
0.9065 
0.9329 
0.8994 
0.9310 
0.9692 
0.9201 
0.9437 
0.9376 
0.9446 
0.8407 
0.9473 
0.9338 
0.9555 
0.9505 
0.9387 
0.9459 
0.9528 
0.9532 
0.9398 
0.9450 
0.9494 
0.9557 
0.9230 
0.9320 
0.9582 
0.9419 
0.9438 
0.9329 
0.9646 
0.9353 
0.9426 
0.9554 
0.9385 
0.9513 
0.9410 
0.9561 
0.9639 
0.9487 
0.9636 
0.9427 
0.9536 
0.9491 
0.9527 
0.9416 
0.9635 
0.9471 
0.9505 
0.9595 
0.9348 
0.9067 
0.9576 
0.9527 
0.9389 
0.9585 
0.9501 
0.9535 
0.9536 
0.9377 
0.9649 
0.9286 
0.9519 
0.9638 
0.9460 
0.9463 
0.9635 
0.9603 
0.9681 
0.9491 
0.9288 
0.9260 
0.9598 
0.9564 
0.9501 
0.9586 
0.9480 
0.9544 
0.9530 
0.9506 
0.9486 
0.9494 
0.9594 
0.9544 
0.9456 
0.9547 
0.9588 
0.9659 
0.9455 
0.9438 
0.9511 
0.9370 
0.9593 
0.9557 
0.9396 
0.9530 
0.9476 
0.9607 
0.9540 
0.9501 
0.9526 
0.9461 
0.9463 
0.9605 
0.9519 
0.9487 
0.9570 
0.9584 
0.9496 
0.9467 
0.9485 
0.9376 
0.9576 
0.9592 
0.9460 
0.9521 
0.9463 
0.9585 
0.9405 
0.9545 
0.9536 
0.9451 
0.9484 
0.9525 
0.9424 
0.9600 
0.9568 
0.9501 
0.9489 
0.9407 
0.9477 
0.9440 
0.9435 
0.9557 
0.9463 
0.9442 
0.9445 
0.9376 
0.9464 
0.9417 
0.9510 
0.9456 
0.9463 
0.9464 
0.9425 
0.9450 
0.9454 
0.9480 
0.9481 
0.9410 
0.9430 
0.9433 
0.9492 
0.9471 
0.9474 
0.9537 
0.9478 
0.9433 
0.9461 
0.9370 
0.9512 
0.9409 
0.9262 
0.9466 
0.9467 
0.9378 
0.9459 
0.9486 
0.9296 
0.9447 
0.9467 
0.9526 
0.9439 
0.9484 
0.9441 
0.9483 
0.9396 
0.9419 
0.9411 
0.9386 
0.9496 
0.9450 
0.9445 
0.9397 
0.9452 
0.9467 
0.9402 
0.9432 
0.9423 
0.9451 
0.9427 
0.9420 
0.9402 
0.9433 
0.9438 
0.9503 
0.9389 
0.9496 
0.9548 
0.9470 
0.9449 
0.9484 
0.9407 
0.9382 
0.9427 
0.9401 
0.9372 
0.9426 
0.9426 
0.9419 
0.9491 
0.9356 
0.9395 
0.9381 
0.9456 
0.9405 
0.9421 
0.9395 
0.9470 
0.9417 
0.9450 
0.9318 
0.9324 
0.9384 
0.9406 
0.9416 
0.9404 
0.9438 
0.9433 
0.9380 
0.9432 
0.9373 
0.9333 
0.9378 
0.9397 
0.9354 
0.9436 
0.9389 
0.9374 
0.9359 
0.9403 
0.9330 
0.9308 
0.9383 
0.9388 
0.9400 
0.9412 
0.9438 
0.9398 
0.9339 
0.9398 
0.9427 
0.9462 
0.9423 
0.9344 
0.9351 
0.9375 
0.9429 
0.9354 
0.9370 
0.9397 
0.9351 
0.9379 
0.9424 
0.9379 
0.9310 
0.9407 
0.9424 
0.9282 
0.9379 
0.9424 
0.9411 
0.9355 
0.9412 
0.9354 
0.9447 
0.9423 
0.9415 
0.9357 
0.9446 
0.9442 
0.9296 
0.9368 
0.9419 
0.9425 
0.9301 
0.9409 
0.9401 
0.9375 
0.9370 
0.9419 
0.9341 
0.9402 
0.9387 
