0.9146 177808
0.9589 88116
0.8927 268492
0.9184 67624
0.9479 158478
0.952 146525
0.9545 221127
0.9668 82340
0.9065 369872
0.9329 227222
0.8994 228350
0.931 62582
0.9692 72803
0.9201 175139
0.9437 168597
0.9376 115942
0.9446 95649
0.8407 7140
0.9473 116113
0.9338 30827
0.9555 290200
0.9505 131728
0.9387 94608
0.9459 63894
0.9528 151326
0.9532 106266
0.9398 97734
0.945 121978
0.9494 192462
0.9557 78466
0.923 198155
0.932 184211
0.9582 44043
0.9419 177313
0.9438 130514
0.9329 111071
0.9646 131498
0.9353 175510
0.9426 95236
0.9554 122288
0.9385 147605
0.9513 94641
0.941 55035
0.9561 53226
0.9639 135410
0.9487 76927
0.9636 69823
0.9427 111833
0.9536 81359
0.9491 43051
0.9527 124327
0.9416 82409
0.9635 35618
0.9471 111202
0.9505 100745
0.9595 99671
0.9348 151625
0.9067 154945
0.9576 46620
0.9527 93320
0.9389 175820
0.9585 51602
0.9501 67548
0.9535 46963
0.9536 77602
0.9377 58075
0.9649 54466
0.9286 115345
0.9519 62215
0.9638 42310
0.946 104368
0.9463 83592
0.9635 37249
0.9603 90870
0.9681 103200
0.9491 53376
0.9288 111451
0.926 130116
0.9598 58490
0.9564 59889
0.9501 79912
0.9586 46955
0.948 86078
0.9544 37222
0.953 42837
0.9506 59768
0.9486 87399
0.9494 85251
0.9594 89466
0.9544 41188
0.9456 62131
0.9547 108574
0.9588 22272
0.9659 70314
0.9455 74691
0.9438 50777
0.9511 87090
0.937 95586
0.9593 39870
0.9557 57191
0.9396 44853
0.953 27543
0.9476 58251
0.9607 43771
0.954 47062
0.9501 41455
0.9526 71251
0.9461 58822
0.9463 66678
0.9605 42090
0.9519 45803
0.9487 47888
0.957 18486
0.9584 36445
0.9496 61174
0.9467 46540
0.9485 58525
0.9376 75137
0.9576 45981
0.9592 33981
0.946 77002
0.9521 34392
0.9463 45547
0.9585 21671
0.9405 27591
0.9545 36806
0.9536 40338
0.9451 42395
0.9484 32052
0.9525 40226
0.9424 35834
0.96 32832
0.9568 16280
0.9501 49039
0.9489 47750
0.9407 56912
0.9477 35179
0.944 53880
0.9435 37357
0.9557 37099
0.9463 7489
0.9442 11949
0.9445 12570
0.9376 10948
0.9464 11162
0.9417 10460
0.951 12235
0.9456 12579
0.9463 15550
0.9464 11492
0.942 11416
0.945 8956
0.9454 6900
0.948 14385
0.9481 16481
0.941 16709
0.943 15375
0.9433 16300
0.9492 12019
0.9471 11236
0.9476 8089
0.9537 12033
0.9478 13772
0.9433 10640
0.9461 7550
0.937 7903
0.9512 11019
0.9409 14788
0.9262 6299
0.9466 15470
0.9467 15966
0.9378 8876
0.9459 10003
0.9486 8029
0.9296 7320
0.9447 9771
0.9467 14250
0.9526 12283
0.9439 13134
0.9484 7627
0.9441 6793
0.9483 9938
0.9397 12110
0.9419 12668
0.9411 6035
0.9386 8699
0.9496 8668
0.945 8423
0.9445 14672
0.9385 6530
0.9452 8847
0.9467 11794
0.9402 5696
0.9432 12573
0.9417 9468
0.9451 7872
0.9427 10983
0.942 11350
0.9402 11310
0.9433 7704
0.944 9961
0.9503 10964
0.9389 12334
0.9496 6580
0.9548 6932
0.947 5552
0.9449 8717
0.9484 9264
0.9407 17985
0.9382 12634
0.9427 7259
0.9401 12204
0.9372 6019
0.9426 8993
0.9426 8724
0.9419 7698
0.9491 8575
0.9356 14356
0.9395 8702
0.9381 9567
0.9456 5443
0.9405 8154
0.9421 12906
0.9395 7565
0.947 7323
0.9417 4588
0.945 19479
0.9318 7565
0.9324 10067
0.9384 7485
0.9406 9339
0.9416 11799
0.9404 5876
0.9438 12181
0.9433 9463
0.938 9437
0.9432 5783
0.9373 8455
0.9333 7678
0.9378 7496
0.9397 8291
0.9354 6816
0.9444 10971
0.9389 9112
0.9374 6873
0.9359 5070
0.9403 8192
0.933 6551
0.9308 8002
0.9383 6661
0.9388 7888
0.94 8396
0.9412 8926
0.9438 8479
0.9398 7832
0.9339 8523
0.9398 9541
0.9427 10710
0.9462 7797
0.9423 6824
0.9344 6488
0.9351 5916
0.9375 8186
0.9429 9923
0.9354 6997
0.937 4238
0.9397 11487
0.9351 9756
0.9406 16425
0.9424 6542
0.9379 5313
0.931 9287
0.9407 9598
0.9418 5002
0.9282 9323
0.9379 10477
0.9424 4759
0.9411 11278
0.9355 6186
0.9412 12212
0.9354 11669
0.9447 7958
0.9423 8070
0.9415 9128
0.9357 9482
0.9446 3689
0.9442 9098
0.9296 7063
0.9368 12524
0.9419 5237
0.9425 4783
0.9301 13654
0.9409 5535
0.9401 11552
0.9375 7692
0.937 14575
0.9419 5656
0.9341 6810
0.9402 8912
0.9387 7270