0.9146 188028
0.9589 92762
0.8927 156813
0.9227 69558
0.9479 227789
0.952 155863
0.9545 217765
0.9668 87365
0.9065 359160
0.9329 207908
0.8994 245626
0.93 55429
0.9693 73518
0.9213 179232
0.9437 167980
0.9376 114846
0.9446 96652
0.8407 7140
0.948 111751
0.9338 29662
0.9481 309008
0.9505 118949
0.9387 99476
0.9459 62605
0.9528 176612
0.955 108061
0.9426 100629
0.945 120236
0.9394 205619
0.9599 83889
0.923 209559
0.9316 143583
0.9603 48904
0.9419 194095
0.943 133122
0.9329 111640
0.9646 130999
0.941 184669
0.9412 100931
0.9556 122186
0.9412 145597
0.9513 93410
0.9398 60103
0.9561 54220
0.9639 146289
0.9495 77638
0.9636 70554
0.9427 110770
0.9563 75251
0.9493 43567
0.9519 131011
0.9409 86227
0.966 29900
0.9508 103909
0.9505 107834
0.9595 93159
0.9348 157549
0.9081 154876
0.9578 44149
0.9527 87672
0.9379 170979
0.9585 52536
0.9509 68859
0.9535 44352
0.9536 76622
0.9522 59543
0.9649 55065
0.9426 113542
0.952 66706
0.9613 43157
0.9414 106838
0.9504 94598
0.9611 33543
0.9603 89943
0.966 106549
0.951 59784
0.9286 122629
0.926 144903
0.9592 58486
0.957 55547
0.9517 84334
0.953 43729
0.9453 89167
0.9547 38180
0.953 43103
0.9465 38365
0.945 92696
0.9487 87742
0.9594 96968
0.9558 41287
0.9415 66271
0.9547 108968
0.96 20067
0.9656 65885
0.9484 83025
0.9471 63553
0.951 87287
0.9392 83477
0.9581 41344
0.9564 58193
0.9443 50122
0.9524 29615
0.9437 48804
0.9595 46516
0.954 47871
0.9514 38695
0.9526 70967
0.9466 60427
0.947 67828
0.958 41039
0.9474 51742
0.948 39543
0.9569 21197
0.9584 38690
0.9496 64273
0.9456 47069
0.9509 61062
0.9368 92593
0.9582 47389
0.9592 39491
0.9452 72367
0.9516 31871
0.9463 39646
0.9586 20593
0.9405 27326
0.9549 41570
0.9536 40663
0.9416 43828
0.9499 39965
0.9543 37337
0.9417 38042
0.9567 33361
0.958 15327
0.9486 45468
0.9495 46136
0.9429 57530
0.9465 36281
0.944 53668
0.945 37897
0.9529 44738
0.9397 7980
0.9482 11577
0.9435 14525
0.9353 10516
0.9464 11551
0.9448 9909
0.9516 14358
0.9484 12490
0.9467 15369
0.9479 11324
0.9424 11911
0.9448 12166
0.9457 8136
0.9451 17672
0.9481 15027
0.9435 16849
0.9433 15346
0.9433 18341
0.9498 11371
0.9471 10143
0.9482 8045
0.9537 14667
0.9449 13902
0.9428 11034
0.9461 7944
0.938 8047
0.9508 10523
0.9417 13693
0.9274 7435
0.9466 16091
0.9452 15303
0.9378 8674
0.947 8835
0.9498 9887
0.93 9263
0.945 10447
0.9456 13806
0.9541 13048
0.9434 12910
0.9465 8906
0.9471 7239
0.9473 10971
0.9417 10067
0.9412 10885
0.9411 4806
0.9386 8796
0.9521 9719
0.9527 8979
0.9445 11050
0.9374 7681
0.946 8070
0.9467 11113
0.9416 5874
0.9423 11602
0.9419 10624
0.9451 8927
0.9427 9489
0.942 11806
0.9407 10552
0.9414 9532
0.9447 8805
0.9499 11014
0.9359 10123
0.9496 7304
0.9553 6244
0.9459 6833
0.9449 10061
0.9508 11679
0.9407 16757
0.9355 12049
0.943 10577
0.9406 13028
0.9378 5945
0.942 10553
0.9426 8285
0.9419 8527
0.9491 9088
0.9362 13711
0.9399 8966
0.9381 10890
0.9447 5860
0.9405 9128
0.9429 12051
0.9402 7508
0.9462 6830
0.9417 4593
0.9447 24585
0.9315 6318
0.9327 12832
0.9393 7679
0.9432 13564
0.9415 9725
0.9391 5963
0.9414 11728
0.9433 9513
0.9387 11070
0.94 5768
0.9373 9045
0.9308 8722
0.9404 9260
0.9397 7960
0.9359 6981
0.9431 9744
0.9375 8973
0.9358 6396
0.9359 4375
0.9411 8222
0.9331 5515
0.9323 6700
0.9458 6436
0.9396 8017
0.9409 6117
0.9392 6981
0.9441 10355
0.9401 7551
0.9338 7046
0.9403 8832
0.9427 12633
0.948 7468
0.9423 6084
0.9334 6310
0.936 6502
0.9402 8013
0.9435 12436
0.9354 7128
0.9354 4346
0.9391 12580
0.9351 9722
0.9398 15952
0.9464 7939
0.9396 6050
0.9312 9834
0.9433 10419
0.9384 5612
0.9327 6720
0.9382 10524
0.942 6019
0.9403 11190
0.9385 6465
0.9421 13237
0.9343 10908
0.9456 7911
0.9424 7647
0.9357 8557
0.9396 10759
0.9439 4265
0.9429 7634
0.9315 7176
0.9368 11238
0.9443 6061
0.9416 5476
0.9301 13650
0.9411 5208
0.9383 10164
0.9356 8608
0.9366 13696
0.9419 5961
0.9358 8550
0.9369 8202
0.9397 7824