0.9146 +- -1.00 (1)
0.9589 +- -1.00 (1)
0.8927 +- -1.00 (1)
0.9227 +- -1.00 (1)
0.9479 +- -1.00 (1)
0.9520 +- -1.00 (1)
0.9545 +- -1.00 (1)
0.9668 +- -1.00 (1)
0.9065 +- -1.00 (1)
0.9329 +- -1.00 (1)
0.8994 +- -1.00 (1)
0.9300 +- -1.00 (1)
0.9693 +- -1.00 (1)
0.9213 +- -1.00 (1)
0.9437 +- -1.00 (1)
0.9376 +- -1.00 (1)
0.9446 +- -1.00 (1)
0.8407 +- -1.00 (1)
0.9480 +- -1.00 (1)
0.9338 +- -1.00 (1)
0.9481 +- -1.00 (1)
0.9505 +- -1.00 (1)
0.9387 +- -1.00 (1)
0.9459 +- -1.00 (1)
0.9528 +- -1.00 (1)
0.9550 +- -1.00 (1)
0.9426 +- -1.00 (1)
0.9450 +- -1.00 (1)
0.9394 +- -1.00 (1)
0.9599 +- -1.00 (1)
0.9230 +- -1.00 (1)
0.9316 +- -1.00 (1)
0.9603 +- -1.00 (1)
0.9419 +- -1.00 (1)
0.9430 +- -1.00 (1)
0.9329 +- -1.00 (1)
0.9646 +- -1.00 (1)
0.9410 +- -1.00 (1)
0.9412 +- -1.00 (1)
0.9556 +- -1.00 (1)
0.9412 +- -1.00 (1)
0.9513 +- -1.00 (1)
0.9398 +- -1.00 (1)
0.9561 +- -1.00 (1)
0.9639 +- -1.00 (1)
0.9495 +- -1.00 (1)
0.9636 +- -1.00 (1)
0.9427 +- -1.00 (1)
0.9563 +- -1.00 (1)
0.9493 +- -1.00 (1)
0.9519 +- -1.00 (1)
0.9409 +- -1.00 (1)
0.9660 +- -1.00 (1)
0.9508 +- -1.00 (1)
0.9505 +- -1.00 (1)
0.9595 +- -1.00 (1)
0.9348 +- -1.00 (1)
0.9081 +- -1.00 (1)
0.9578 +- -1.00 (1)
0.9527 +- -1.00 (1)
0.9379 +- -1.00 (1)
0.9585 +- -1.00 (1)
0.9509 +- -1.00 (1)
0.9535 +- -1.00 (1)
0.9536 +- -1.00 (1)
0.9522 +- -1.00 (1)
0.9649 +- -1.00 (1)
0.9426 +- -1.00 (1)
0.9520 +- -1.00 (1)
0.9613 +- -1.00 (1)
0.9414 +- -1.00 (1)
0.9504 +- -1.00 (1)
0.9611 +- -1.00 (1)
0.9603 +- -1.00 (1)
0.9660 +- -1.00 (1)
0.9510 +- -1.00 (1)
0.9286 +- -1.00 (1)
0.9260 +- -1.00 (1)
0.9592 +- -1.00 (1)
0.9570 +- -1.00 (1)
0.9517 +- -1.00 (1)
0.9530 +- -1.00 (1)
0.9453 +- -1.00 (1)
0.9547 +- -1.00 (1)
0.9530 +- -1.00 (1)
0.9465 +- -1.00 (1)
0.9450 +- -1.00 (1)
0.9487 +- -1.00 (1)
0.9594 +- -1.00 (1)
0.9558 +- -1.00 (1)
0.9415 +- -1.00 (1)
0.9547 +- -1.00 (1)
0.9600 +- -1.00 (1)
0.9656 +- -1.00 (1)
0.9484 +- -1.00 (1)
0.9471 +- -1.00 (1)
0.9510 +- -1.00 (1)
0.9392 +- -1.00 (1)
0.9581 +- -1.00 (1)
0.9564 +- -1.00 (1)
0.9443 +- -1.00 (1)
0.9524 +- -1.00 (1)
0.9437 +- -1.00 (1)
0.9595 +- -1.00 (1)
0.9540 +- -1.00 (1)
0.9514 +- -1.00 (1)
0.9526 +- -1.00 (1)
0.9466 +- -1.00 (1)
0.9470 +- -1.00 (1)
0.9580 +- -1.00 (1)
0.9474 +- -1.00 (1)
0.9480 +- -1.00 (1)
0.9569 +- -1.00 (1)
0.9584 +- -1.00 (1)
0.9496 +- -1.00 (1)
0.9456 +- -1.00 (1)
0.9509 +- -1.00 (1)
0.9368 +- -1.00 (1)
0.9582 +- -1.00 (1)
0.9592 +- -1.00 (1)
0.9452 +- -1.00 (1)
0.9516 +- -1.00 (1)
0.9463 +- -1.00 (1)
0.9586 +- -1.00 (1)
0.9405 +- -1.00 (1)
0.9549 +- -1.00 (1)
0.9536 +- -1.00 (1)
0.9416 +- -1.00 (1)
0.9499 +- -1.00 (1)
0.9543 +- -1.00 (1)
0.9417 +- -1.00 (1)
0.9567 +- -1.00 (1)
0.9580 +- -1.00 (1)
0.9486 +- -1.00 (1)
0.9495 +- -1.00 (1)
0.9429 +- -1.00 (1)
0.9465 +- -1.00 (1)
0.9440 +- -1.00 (1)
0.9450 +- -1.00 (1)
0.9529 +- -1.00 (1)
0.9397 +- -1.00 (1)
0.9482 +- -1.00 (1)
0.9435 +- -1.00 (1)
0.9353 +- -1.00 (1)
0.9464 +- -1.00 (1)
0.9448 +- -1.00 (1)
0.9516 +- -1.00 (1)
0.9484 +- -1.00 (1)
0.9467 +- -1.00 (1)
0.9479 +- -1.00 (1)
0.9424 +- -1.00 (1)
0.9448 +- -1.00 (1)
0.9457 +- -1.00 (1)
0.9451 +- -1.00 (1)
0.9481 +- -1.00 (1)
0.9435 +- -1.00 (1)
0.9433 +- -1.00 (1)
0.9433 +- -1.00 (1)
0.9498 +- -1.00 (1)
0.9471 +- -1.00 (1)
0.9482 +- -1.00 (1)
0.9537 +- -1.00 (1)
0.9449 +- -1.00 (1)
0.9428 +- -1.00 (1)
0.9461 +- -1.00 (1)
0.9380 +- -1.00 (1)
0.9508 +- -1.00 (1)
0.9417 +- -1.00 (1)
0.9274 +- -1.00 (1)
0.9466 +- -1.00 (1)
0.9452 +- -1.00 (1)
0.9378 +- -1.00 (1)
0.9470 +- -1.00 (1)
0.9498 +- -1.00 (1)
0.9300 +- -1.00 (1)
0.9450 +- -1.00 (1)
0.9456 +- -1.00 (1)
0.9541 +- -1.00 (1)
0.9434 +- -1.00 (1)
0.9465 +- -1.00 (1)
0.9471 +- -1.00 (1)
0.9473 +- -1.00 (1)
0.9417 +- -1.00 (1)
0.9412 +- -1.00 (1)
0.9411 +- -1.00 (1)
0.9386 +- -1.00 (1)
0.9521 +- -1.00 (1)
0.9527 +- -1.00 (1)
0.9445 +- -1.00 (1)
0.9374 +- -1.00 (1)
0.9460 +- -1.00 (1)
0.9467 +- -1.00 (1)
0.9416 +- -1.00 (1)
0.9423 +- -1.00 (1)
0.9419 +- -1.00 (1)
0.9451 +- -1.00 (1)
0.9427 +- -1.00 (1)
0.9420 +- -1.00 (1)
0.9407 +- -1.00 (1)
0.9414 +- -1.00 (1)
0.9447 +- -1.00 (1)
0.9499 +- -1.00 (1)
0.9359 +- -1.00 (1)
0.9496 +- -1.00 (1)
0.9553 +- -1.00 (1)
0.9459 +- -1.00 (1)
0.9449 +- -1.00 (1)
0.9508 +- -1.00 (1)
0.9407 +- -1.00 (1)
0.9355 +- -1.00 (1)
0.9430 +- -1.00 (1)
0.9406 +- -1.00 (1)
0.9378 +- -1.00 (1)
0.9420 +- -1.00 (1)
0.9426 +- -1.00 (1)
0.9419 +- -1.00 (1)
0.9491 +- -1.00 (1)
0.9362 +- -1.00 (1)
0.9399 +- -1.00 (1)
0.9381 +- -1.00 (1)
0.9447 +- -1.00 (1)
0.9405 +- -1.00 (1)
0.9429 +- -1.00 (1)
0.9402 +- -1.00 (1)
0.9462 +- -1.00 (1)
0.9417 +- -1.00 (1)
0.9447 +- -1.00 (1)
0.9315 +- -1.00 (1)
0.9327 +- -1.00 (1)
0.9393 +- -1.00 (1)
0.9432 +- -1.00 (1)
0.9415 +- -1.00 (1)
0.9391 +- -1.00 (1)
0.9414 +- -1.00 (1)
0.9433 +- -1.00 (1)
0.9387 +- -1.00 (1)
0.9400 +- -1.00 (1)
0.9373 +- -1.00 (1)
0.9308 +- -1.00 (1)
0.9404 +- -1.00 (1)
0.9397 +- -1.00 (1)
0.9359 +- -1.00 (1)
0.9431 +- -1.00 (1)
0.9375 +- -1.00 (1)
0.9358 +- -1.00 (1)
0.9359 +- -1.00 (1)
0.9411 +- -1.00 (1)
0.9331 +- -1.00 (1)
0.9323 +- -1.00 (1)
0.9458 +- -1.00 (1)
0.9396 +- -1.00 (1)
0.9409 +- -1.00 (1)
0.9392 +- -1.00 (1)
0.9441 +- -1.00 (1)
0.9401 +- -1.00 (1)
0.9338 +- -1.00 (1)
0.9403 +- -1.00 (1)
0.9427 +- -1.00 (1)
0.9480 +- -1.00 (1)
0.9423 +- -1.00 (1)
0.9334 +- -1.00 (1)
0.9360 +- -1.00 (1)
0.9402 +- -1.00 (1)
0.9435 +- -1.00 (1)
0.9354 +- -1.00 (1)
0.9354 +- -1.00 (1)
0.9391 +- -1.00 (1)
0.9351 +- -1.00 (1)
0.9398 +- -1.00 (1)
0.9464 +- -1.00 (1)
0.9396 +- -1.00 (1)
0.9312 +- -1.00 (1)
0.9433 +- -1.00 (1)
0.9384 +- -1.00 (1)
0.9327 +- -1.00 (1)
0.9382 +- -1.00 (1)
0.9420 +- -1.00 (1)
0.9403 +- -1.00 (1)
0.9385 +- -1.00 (1)
0.9421 +- -1.00 (1)
0.9343 +- -1.00 (1)
0.9456 +- -1.00 (1)
0.9424 +- -1.00 (1)
0.9357 +- -1.00 (1)
0.9396 +- -1.00 (1)
0.9439 +- -1.00 (1)
0.9429 +- -1.00 (1)
0.9315 +- -1.00 (1)
0.9368 +- -1.00 (1)
0.9443 +- -1.00 (1)
0.9416 +- -1.00 (1)
0.9301 +- -1.00 (1)
0.9411 +- -1.00 (1)
0.9383 +- -1.00 (1)
0.9356 +- -1.00 (1)
0.9366 +- -1.00 (1)
0.9419 +- -1.00 (1)
0.9358 +- -1.00 (1)
0.9369 +- -1.00 (1)
0.9397 +- -1.00 (1)
