0.9146 
0.9589 
0.8927 
0.9184 
0.9479 
0.9520 
0.9545 
0.9668 
0.9065 
0.9329 
0.8994 
0.9310 
0.9693 
0.9201 
0.9442 
0.9376 
0.9446 
0.8407 
0.9473 
0.9338 
0.9481 
0.9505 
0.9408 
0.9459 
0.9528 
0.9548 
0.9398 
0.9450 
0.9423 
0.9595 
0.9230 
0.9320 
0.9598 
0.9419 
0.9430 
0.9329 
0.9646 
0.9353 
0.9419 
0.9562 
0.9385 
0.9513 
0.9407 
0.9561 
0.9571 
0.9560 
0.9629 
0.9427 
0.9541 
0.9478 
0.9513 
0.9416 
0.9641 
0.9489 
0.9506 
0.9595 
0.9348 
0.9067 
0.9571 
0.9527 
0.9383 
0.9585 
0.9521 
0.9535 
0.9536 
0.9397 
0.9649 
0.9286 
0.9563 
0.9613 
0.9428 
0.9463 
0.9634 
0.9603 
0.9681 
0.9491 
0.9288 
0.9260 
0.9598 
0.9573 
0.9512 
0.9546 
0.9453 
0.9562 
0.9530 
0.9533 
0.9486 
0.9508 
0.9594 
0.9553 
0.9412 
0.9538 
0.9597 
0.9685 
0.9462 
0.9477 
0.9502 
0.9370 
0.9579 
0.9540 
0.9422 
0.9530 
0.9439 
0.9609 
0.9540 
0.9517 
0.9526 
0.9465 
0.9550 
0.9580 
0.9482 
0.9470 
0.9570 
0.9584 
0.9496 
0.9454 
0.9485 
0.9376 
0.9570 
0.9580 
0.9460 
0.9508 
0.9463 
0.9562 
0.9464 
0.9549 
0.9536 
0.9407 
0.9466 
0.9536 
0.9426 
0.9618 
0.9573 
0.9480 
0.9506 
0.9426 
0.9474 
0.9440 
0.9439 
0.9533 
0.9451 
0.9462 
0.9418 
0.9357 
0.9464 
0.9439 
0.9491 
0.9451 
0.9467 
0.9478 
0.9446 
0.9451 
0.9451 
0.9495 
0.9481 
0.9434 
0.9443 
0.9431 
0.9499 
0.9471 
0.9474 
0.9534 
0.9478 
0.9428 
0.9468 
0.9380 
0.9521 
0.9408 
0.9262 
0.9428 
0.9497 
0.9381 
0.9458 
0.9486 
0.9296 
0.9442 
0.9459 
0.9540 
0.9439 
0.9465 
0.9465 
0.9441 
0.9393 
0.9441 
0.9411 
0.9390 
0.9508 
0.9473 
0.9445 
0.9385 
0.9443 
0.9493 
0.9413 
0.9421 
0.9417 
0.9451 
0.9426 
0.9419 
0.9446 
0.9410 
0.9448 
0.9496 
0.9392 
0.9496 
0.9581 
0.9463 
0.9449 
0.9504 
0.9407 
0.9346 
0.9431 
0.9411 
0.9391 
0.9435 
0.9426 
0.9396 
0.9491 
0.9357 
0.9403 
0.9384 
0.9442 
0.9405 
0.9429 
0.9395 
0.9460 
0.9417 
0.9450 
0.9318 
0.9320 
0.9402 
0.9394 
0.9415 
0.9413 
0.9409 
0.9437 
0.9380 
0.9411 
0.9413 
0.9333 
0.9371 
0.9397 
0.9372 
0.9389 
0.9389 
0.9353 
0.9359 
0.9397 
0.9330 
0.9308 
0.9432 
0.9396 
0.9399 
0.9396 
0.9434 
0.9413 
0.9338 
0.9400 
0.9427 
0.9438 
0.9405 
0.9344 
0.9351 
0.9402 
0.9431 
0.9354 
0.9370 
0.9397 
0.9351 
0.9384 
0.9444 
0.9372 
0.9310 
0.9401 
0.9372 
0.9282 
0.9377 
0.9422 
0.9381 
0.9367 
0.9423 
0.9354 
0.9450 
0.9417 
0.9400 
0.9357 
0.9446 
0.9442 
0.9296 
0.9363 
0.9415 
0.9427 
0.9301 
0.9429 
0.9372 
0.9356 
0.9379 
0.9433 
0.9341 
0.9422 
0.9395 
