0.9177 177174
0.9579 99174
0.8865 131647
0.928 73836
0.9513 209824
0.952 144337
0.9566 206105
0.9668 83019
0.9065 285035
0.932 214135
0.8864 249862
0.9263 62184
0.9693 73182
0.9211 170904
0.9437 185671
0.9361 126178
0.9446 98465
0.8407 13380
0.9473 104895
0.9338 42308
0.953 323134
0.9522 146796
0.9326 75224
0.9491 59939
0.9528 105167
0.9574 104566
0.9449 90020
0.945 117531
0.9576 180839
0.9544 72646
0.9257 195646
0.9375 152271
0.9585 38170
0.9393 196067
0.9494 141102
0.9354 115179
0.9682 143154
0.9382 170848
0.9391 102605
0.9567 123285
0.9463 144068
0.9504 99017
0.9449 71822
0.9635 40690
0.9639 125197
0.9549 81380
0.9636 75179
0.9427 116182
0.9583 88043
0.9527 51445
0.9572 122376
0.9458 94832
0.9659 33420
0.9554 120211
0.9531 118498
0.9571 97817
0.9364 155226
0.9077 162877
0.9601 80526
0.9543 87593
0.9447 106917
0.9568 53973
0.9463 60681
0.9601 41134
0.9553 68155
0.9458 57454
0.9561 75133
0.9467 82919
0.9552 68656
0.964 33024
0.9413 98587
0.953 119817
0.9634 30580
0.955 89618
0.9681 105116
0.9574 74272
0.9303 105067
0.9371 135096
0.9601 49214
0.9573 64951
0.9516 83417
0.9566 56223
0.9504 71069
0.9554 60114
0.9562 52866
0.9589 52396
0.9471 77919
0.9486 90894
0.9605 73203
0.957 49716
0.9448 51806
0.9484 119619
0.9681 27545
0.9603 65131
0.9501 91147
0.9548 79160
0.9515 73403
0.9417 80377
0.9615 51923
0.9575 53959
0.9603 51166
0.9555 39327
0.954 46648
0.959 37635
0.955 40702
0.9548 43875
0.9506 57083
0.9465 66862
0.9493 58811
0.9557 44276
0.9572 51616
0.9549 53177
0.9627 23044
0.9571 36518
0.9545 77825
0.9573 58280
0.9492 67766
0.9429 106445
0.9579 34384
0.9604 47791
0.9555 58137
0.9571 41339
0.9479 36428
0.9564 28946
0.9456 37638
0.9547 27907
0.9434 44071
0.9426 44932
0.9496 33759
0.9435 33888
0.9476 34957
0.9606 35726
0.9624 25150
0.9586 63562
0.9532 44136
0.9465 58038
0.9543 27719
0.9469 60602
0.9514 42052
0.9534 35250
0.9469 8042
0.9491 12993
0.9486 15324
0.9424 10194
0.9549 12764
0.9509 9045
0.9511 17145
0.9463 11671
0.9417 12604
0.9484 9758
0.9419 13378
0.9552 13682
0.9371 6236
0.9481 18766
0.947 17239
0.9386 15250
0.9386 14709
0.9414 18957
0.9491 14690
0.9438 13362
0.9458 7286
0.9547 13657
0.9487 17003
0.951 9313
0.9506 11425
0.945 9541
0.9505 12071
0.9397 17231
0.9394 11702
0.953 13984
0.9492 16866
0.9438 11071
0.9493 8791
0.9535 8753
0.9407 7298
0.9454 10923
0.9464 13063
0.9395 12843
0.938 15678
0.9493 9555
0.9482 8027
0.9453 10245
0.9471 11017
0.9494 7881
0.9445 5946
0.9387 9033
0.9482 8994
0.9489 7756
0.9446 11310
0.9449 7173
0.947 9152
0.9469 10610
0.9449 7726
0.9429 12356
0.9423 13971
0.9434 9585
0.9416 10490
0.9439 7611
0.9456 11401
0.9452 14323
0.9484 12421
0.9495 8656
0.9415 10603
0.9482 8960
0.9499 8248
0.9523 7339
0.9438 14867
0.9492 11339
0.9386 15732
0.9463 12393
0.9414 8327
0.9437 13192
0.9408 7181
0.9346 9664
0.9415 7561
0.9295 9384
0.9463 9150
0.9452 19770
0.9418 8049
0.9399 11051
0.9429 6588
0.9387 7449
0.9408 9366
0.944 10371
0.9485 8472
0.9446 4947
0.9395 18382
0.9403 8318
0.9397 10803
0.9354 7144
0.9439 10491
0.9379 8437
0.9469 7628
0.9383 10210
0.9379 11153
0.937 11807
0.9448 6147
0.9418 9335
0.9387 11822
0.9413 7107
0.9382 8452
0.9411 7466
0.9408 9140
0.9344 12234
0.9453 7521
0.9393 4751
0.9384 7811
0.9353 7522
0.9343 8418
0.9509 9987
0.9463 8573
0.945 6878
0.938 6839
0.9329 8686
0.9417 9429
0.9359 8577
0.9424 11994
0.9414 11803
0.9402 7170
0.9453 8096
0.9385 9254
0.9303 5918
0.9382 7619
0.9419 11971
0.9429 7107
0.9411 4921
0.9429 12813
0.9344 9894
0.9394 14569
0.9466 8815
0.9383 6527
0.9398 11150
0.9419 8003
0.9399 5983
0.9402 8035
0.9357 13403
0.9345 6109
0.9381 11034
0.9354 6490
0.9443 13922
0.9367 10016
0.9429 9014
0.9361 8121
0.9425 9628
0.9345 9699
0.9442 4659
0.9446 9293
0.9279 6805
0.9415 12990
0.9433 6002
0.9338 5794
0.9377 10685
0.9437 5258
0.9412 15459
0.9332 6706
0.9367 11883
0.942 6167
0.9346 8335
0.9412 8184
0.9311 7948