0.9435
0.975
0.9264
0.9249
0.9479
0.9627
0.9546
0.9776
0.934
0.9553
0.9361
0.9534
0.9734
0.9692
0.9674
0.9606
0.9816
0.9139
0.9535
0.9466
0.9644
0.959
0.9597
0.9555
0.9633
0.9704
0.9695
0.9642
0.9617
0.9733
0.964
0.962
0.973
0.96
0.9735
0.965
0.9772
0.948
0.9631
0.9622
0.9671
0.9706
0.9574
0.9725
0.9661
0.9716
0.9634
0.9607
0.9618
0.9646
0.954
0.9599
0.9781
0.9654
0.9665
0.9616
0.9521
0.953
0.9678
0.9641
0.9682
0.9655
0.9604
0.9688
0.9695
0.9614
0.9641
0.9601
0.9627
0.9652
0.9568
0.9602
0.9722
0.9702
0.9662
0.9633
0.9661
0.9481
0.9706
0.9666
0.9604
0.9648
0.9547
0.9716
0.9661
0.9619
0.9628
0.9578
0.9657
0.9711
0.9555
0.9601
0.9675
0.964
0.9575
0.9595
0.9646
0.9576
0.9625
0.9613
0.9643
0.9657
0.9599
0.9702
0.9592
0.9537
0.958
0.9638
0.9587
0.9593
0.96
0.9664
0.9662
0.9688
0.9699
0.9669
0.9611
0.9585
0.9606
0.9673
0.962
0.9652
0.9584
0.9664
0.9583
0.9645
0.9579
0.9588
0.9536
0.9607
0.9567
0.9562
0.9558
0.9669
0.9598
0.9601
0.9581
0.9549
0.9582
0.9613
0.9552
0.9524
0.9532
0.9518
0.9548
0.9509
0.9557
0.9488
0.9498
0.9543
0.9558
0.9562
0.9568
0.9562
0.952
0.951
0.9565
0.9596
0.9523
0.9528
0.9524
0.9527
0.9506
0.9541
0.9499
0.9479
0.9525
0.9472
0.9451
0.953
0.9493
0.9459
0.9552
0.9533
0.9415
0.9566
0.9523
0.9563
0.953
0.959
0.9537
0.9524
0.9468
0.9531
0.9551
0.9344
0.9553
0.9479
0.9397
0.9534
0.9523
0.9504
0.9491
0.9504
0.9491
0.9523
0.9504
0.9436
0.9486
0.9557
0.949
0.9549
0.9433
0.9488
0.9382
0.9487
0.9539
0.9566
0.9439
0.9462
0.9541
0.9529
0.9404
0.9514
0.9602
0.9493
0.9535
0.9456
0.9521
0.9467
0.9443
0.9488
0.9443
0.948
0.942
0.9362
0.9504
0.9441
0.9483
0.9532
0.9484
0.9462
0.9506
0.9499
0.9538
0.946
0.9488
0.9475
0.9441
0.9388
0.9469
0.9474
0.9515
0.9484
0.9488
0.9357
0.9406
0.9371
0.9431
0.9489
0.9476
0.9482
0.9483
0.9526
0.9499
0.9458
0.9472
0.9438
0.9499
0.9469
0.9467
0.9446
0.9445
0.9548
0.9465
0.938
0.9447
0.9388
0.9429
0.9486
0.9456
0.9513
0.9537
0.9435
0.945
0.947
0.9453
0.9416
0.9433
0.9485
0.9446
0.9437
0.946
0.9464
0.9476
0.9338
0.9432
0.9325
0.9511
0.9456
0.9355
0.9407
0.9478
0.9486
0.9509
0.9447
0.951
0.9459
0.949
0.9444