0.5407 +- -1.00 (1)
0.5991 +- -1.00 (1)
0.4481 +- -1.00 (1)
0.5032 +- -1.00 (1)
0.6316 +- -1.00 (1)
0.5715 +- -1.00 (1)
0.5591 +- -1.00 (1)
0.5190 +- -1.00 (1)
0.5529 +- -1.00 (1)
0.5499 +- -1.00 (1)
0.5246 +- -1.00 (1)
0.5688 +- -1.00 (1)
0.4662 +- -1.00 (1)
0.5435 +- -1.00 (1)
0.5346 +- -1.00 (1)
0.6177 +- -1.00 (1)
0.5706 +- -1.00 (1)
0.5610 +- -1.00 (1)
0.6177 +- -1.00 (1)
0.5334 +- -1.00 (1)
0.6019 +- -1.00 (1)
0.5537 +- -1.00 (1)
0.5477 +- -1.00 (1)
0.5445 +- -1.00 (1)
0.5508 +- -1.00 (1)
0.4910 +- -1.00 (1)
0.5088 +- -1.00 (1)
0.4793 +- -1.00 (1)
0.5154 +- -1.00 (1)
0.5256 +- -1.00 (1)
0.5804 +- -1.00 (1)
0.5367 +- -1.00 (1)
0.5889 +- -1.00 (1)
0.5274 +- -1.00 (1)
0.5053 +- -1.00 (1)
0.5588 +- -1.00 (1)
0.5211 +- -1.00 (1)
0.5254 +- -1.00 (1)
0.5189 +- -1.00 (1)
0.5091 +- -1.00 (1)
0.5898 +- -1.00 (1)
0.5557 +- -1.00 (1)
0.5549 +- -1.00 (1)
0.5463 +- -1.00 (1)
0.5342 +- -1.00 (1)
0.6209 +- -1.00 (1)
0.5354 +- -1.00 (1)
0.5596 +- -1.00 (1)
0.4680 +- -1.00 (1)
0.4656 +- -1.00 (1)
0.5330 +- -1.00 (1)
0.5243 +- -1.00 (1)
0.5704 +- -1.00 (1)
0.4848 +- -1.00 (1)
0.5904 +- -1.00 (1)
0.5394 +- -1.00 (1)
0.5683 +- -1.00 (1)
0.5348 +- -1.00 (1)
0.5502 +- -1.00 (1)
0.5733 +- -1.00 (1)
0.4958 +- -1.00 (1)
0.5268 +- -1.00 (1)
0.5591 +- -1.00 (1)
0.5415 +- -1.00 (1)
0.5412 +- -1.00 (1)
0.5850 +- -1.00 (1)
0.5700 +- -1.00 (1)
0.5559 +- -1.00 (1)
0.5376 +- -1.00 (1)
0.5840 +- -1.00 (1)
0.5392 +- -1.00 (1)
0.5171 +- -1.00 (1)
0.5276 +- -1.00 (1)
0.5277 +- -1.00 (1)
0.5686 +- -1.00 (1)
0.5416 +- -1.00 (1)
0.4965 +- -1.00 (1)
0.5333 +- -1.00 (1)
0.5990 +- -1.00 (1)
0.5369 +- -1.00 (1)
0.5964 +- -1.00 (1)
0.5244 +- -1.00 (1)
0.5297 +- -1.00 (1)
0.4860 +- -1.00 (1)
0.5605 +- -1.00 (1)
0.5633 +- -1.00 (1)
0.5174 +- -1.00 (1)
0.5734 +- -1.00 (1)
0.5568 +- -1.00 (1)
0.5233 +- -1.00 (1)
0.4597 +- -1.00 (1)
0.5502 +- -1.00 (1)
0.6315 +- -1.00 (1)
0.5459 +- -1.00 (1)
0.4753 +- -1.00 (1)
0.5634 +- -1.00 (1)
0.5821 +- -1.00 (1)
0.5955 +- -1.00 (1)
0.5931 +- -1.00 (1)
0.5602 +- -1.00 (1)
0.4610 +- -1.00 (1)
0.4995 +- -1.00 (1)
0.5309 +- -1.00 (1)
0.5008 +- -1.00 (1)
0.4876 +- -1.00 (1)
0.4882 +- -1.00 (1)
0.4639 +- -1.00 (1)
0.5110 +- -1.00 (1)
0.4937 +- -1.00 (1)
0.4814 +- -1.00 (1)
0.4643 +- -1.00 (1)
0.5340 +- -1.00 (1)
0.5179 +- -1.00 (1)
0.4902 +- -1.00 (1)
0.4597 +- -1.00 (1)
0.4849 +- -1.00 (1)
0.4392 +- -1.00 (1)
0.5030 +- -1.00 (1)
0.4849 +- -1.00 (1)
0.4624 +- -1.00 (1)
0.4545 +- -1.00 (1)
0.4637 +- -1.00 (1)
0.5134 +- -1.00 (1)
0.4733 +- -1.00 (1)
0.4958 +- -1.00 (1)
0.4863 +- -1.00 (1)
0.4811 +- -1.00 (1)
0.4667 +- -1.00 (1)
0.4849 +- -1.00 (1)
0.4741 +- -1.00 (1)
0.4369 +- -1.00 (1)
0.4305 +- -1.00 (1)
0.4952 +- -1.00 (1)
0.4780 +- -1.00 (1)
0.4907 +- -1.00 (1)
0.4085 +- -1.00 (1)
0.4546 +- -1.00 (1)
0.5355 +- -1.00 (1)
0.5312 +- -1.00 (1)
0.5084 +- -1.00 (1)
0.4686 +- -1.00 (1)
0.4782 +- -1.00 (1)
0.4406 +- -1.00 (1)
0.4806 +- -1.00 (1)
0.4952 +- -1.00 (1)
0.4770 +- -1.00 (1)
0.5003 +- -1.00 (1)
0.4393 +- -1.00 (1)
0.4635 +- -1.00 (1)
0.4656 +- -1.00 (1)
0.4859 +- -1.00 (1)
0.4807 +- -1.00 (1)
0.4579 +- -1.00 (1)
0.4989 +- -1.00 (1)
0.4705 +- -1.00 (1)
0.4829 +- -1.00 (1)
0.4558 +- -1.00 (1)
0.5034 +- -1.00 (1)
0.4766 +- -1.00 (1)
0.4658 +- -1.00 (1)
0.5049 +- -1.00 (1)
0.4854 +- -1.00 (1)
0.4519 +- -1.00 (1)
0.4403 +- -1.00 (1)
0.4929 +- -1.00 (1)
0.4926 +- -1.00 (1)
0.4835 +- -1.00 (1)
0.5022 +- -1.00 (1)
0.4595 +- -1.00 (1)
0.4872 +- -1.00 (1)
0.5069 +- -1.00 (1)
0.5470 +- -1.00 (1)
0.5231 +- -1.00 (1)
0.4643 +- -1.00 (1)
0.4634 +- -1.00 (1)
0.5027 +- -1.00 (1)
0.5111 +- -1.00 (1)
0.4319 +- -1.00 (1)
0.4863 +- -1.00 (1)
0.4068 +- -1.00 (1)
0.4942 +- -1.00 (1)
0.5063 +- -1.00 (1)
0.4393 +- -1.00 (1)
0.4638 +- -1.00 (1)
0.4424 +- -1.00 (1)
0.4795 +- -1.00 (1)
0.4689 +- -1.00 (1)
0.5056 +- -1.00 (1)
0.5300 +- -1.00 (1)
0.4731 +- -1.00 (1)
0.5130 +- -1.00 (1)
0.4469 +- -1.00 (1)
0.4579 +- -1.00 (1)
0.4891 +- -1.00 (1)
0.5013 +- -1.00 (1)
0.4933 +- -1.00 (1)
0.4928 +- -1.00 (1)
0.4725 +- -1.00 (1)
0.4612 +- -1.00 (1)
0.4294 +- -1.00 (1)
0.5719 +- -1.00 (1)
0.5491 +- -1.00 (1)
0.5329 +- -1.00 (1)
0.5789 +- -1.00 (1)
0.5275 +- -1.00 (1)
0.5328 +- -1.00 (1)
0.5828 +- -1.00 (1)
0.5547 +- -1.00 (1)
0.5883 +- -1.00 (1)
0.7207 +- -1.00 (1)
0.7360 +- -1.00 (1)
0.5880 +- -1.00 (1)
0.6015 +- -1.00 (1)
0.5254 +- -1.00 (1)
0.5269 +- -1.00 (1)
0.8022 +- -1.00 (1)
0.5106 +- -1.00 (1)
0.5540 +- -1.00 (1)
0.8022 +- -1.00 (1)
0.7635 +- -1.00 (1)
0.6081 +- -1.00 (1)
0.5597 +- -1.00 (1)
1.0661 +- -1.00 (1)
0.5658 +- -1.00 (1)
0.6081 +- -1.00 (1)
0.5703 +- -1.00 (1)
0.5873 +- -1.00 (1)
0.5852 +- -1.00 (1)
0.5699 +- -1.00 (1)
0.8225 +- -1.00 (1)
0.5940 +- -1.00 (1)
0.5930 +- -1.00 (1)
0.5061 +- -1.00 (1)
0.5732 +- -1.00 (1)
0.5652 +- -1.00 (1)
0.5486 +- -1.00 (1)
0.5985 +- -1.00 (1)
0.5790 +- -1.00 (1)
0.5919 +- -1.00 (1)
0.5893 +- -1.00 (1)
0.5608 +- -1.00 (1)
0.5320 +- -1.00 (1)
0.5525 +- -1.00 (1)
0.5636 +- -1.00 (1)
0.6361 +- -1.00 (1)
0.5443 +- -1.00 (1)
0.6177 +- -1.00 (1)
0.5053 +- -1.00 (1)
0.6012 +- -1.00 (1)
0.5603 +- -1.00 (1)
0.5355 +- -1.00 (1)
0.5856 +- -1.00 (1)
0.5007 +- -1.00 (1)
0.5167 +- -1.00 (1)
0.5800 +- -1.00 (1)
0.5800 +- -1.00 (1)
0.5693 +- -1.00 (1)
0.6177 +- -1.00 (1)
0.5188 +- -1.00 (1)
0.6163 +- -1.00 (1)
0.5073 +- -1.00 (1)
1.0162 +- -1.00 (1)
0.8430 +- -1.00 (1)
0.5983 +- -1.00 (1)
0.5331 +- -1.00 (1)
0.5628 +- -1.00 (1)
1.0429 +- -1.00 (1)
0.5559 +- -1.00 (1)
0.5372 +- -1.00 (1)
0.5298 +- -1.00 (1)
0.5720 +- -1.00 (1)
0.5403 +- -1.00 (1)
0.5841 +- -1.00 (1)
0.5487 +- -1.00 (1)
0.5544 +- -1.00 (1)
0.5468 +- -1.00 (1)
0.5997 +- -1.00 (1)
0.6376 +- -1.00 (1)
0.5770 +- -1.00 (1)
0.5671 +- -1.00 (1)
0.6122 +- -1.00 (1)
0.5179 +- -1.00 (1)
0.5664 +- -1.00 (1)
1.1195 +- -1.00 (1)
0.5723 +- -1.00 (1)
0.5595 +- -1.00 (1)
0.5632 +- -1.00 (1)
0.5829 +- -1.00 (1)
0.5475 +- -1.00 (1)
0.5391 +- -1.00 (1)
0.5364 +- -1.00 (1)
0.6365 +- -1.00 (1)
0.5343 +- -1.00 (1)
1.0607 +- -1.00 (1)
0.5588 +- -1.00 (1)
0.5487 +- -1.00 (1)
0.5726 +- -1.00 (1)
0.5564 +- -1.00 (1)
0.5894 +- -1.00 (1)
0.5499 +- -1.00 (1)
0.8229 +- -1.00 (1)
0.3672 +- -1.00 (1)
0.5091 +- -1.00 (1)
0.7028 +- -1.00 (1)
0.6611 +- -1.00 (1)
0.6038 +- -1.00 (1)
0.6848 +- -1.00 (1)
0.7103 +- -1.00 (1)
0.6757 +- -1.00 (1)
0.5923 +- -1.00 (1)
0.6082 +- -1.00 (1)
0.5857 +- -1.00 (1)
0.6686 +- -1.00 (1)
0.8988 +- -1.00 (1)
0.6628 +- -1.00 (1)
0.4208 +- -1.00 (1)
0.6545 +- -1.00 (1)
0.5556 +- -1.00 (1)
0.4208 +- -1.00 (1)
0.6259 +- -1.00 (1)
0.7793 +- -1.00 (1)
0.9333 +- -1.00 (1)
0.7768 +- -1.00 (1)
0.8581 +- -1.00 (1)
0.5283 +- -1.00 (1)
0.7300 +- -1.00 (1)
0.8654 +- -1.00 (1)
0.4330 +- -1.00 (1)
0.7475 +- -1.00 (1)
0.7266 +- -1.00 (1)
0.6409 +- -1.00 (1)
0.6701 +- -1.00 (1)
0.5247 +- -1.00 (1)
0.6347 +- -1.00 (1)
0.4152 +- -1.00 (1)
0.7436 +- -1.00 (1)
0.5783 +- -1.00 (1)
0.6911 +- -1.00 (1)
0.6372 +- -1.00 (1)
0.5260 +- -1.00 (1)
0.8099 +- -1.00 (1)
0.8377 +- -1.00 (1)
0.7062 +- -1.00 (1)
0.4764 +- -1.00 (1)
0.7019 +- -1.00 (1)
0.7586 +- -1.00 (1)
0.5795 +- -1.00 (1)
0.7049 +- -1.00 (1)
0.5366 +- -1.00 (1)
0.5981 +- -1.00 (1)
0.5493 +- -1.00 (1)
0.5604 +- -1.00 (1)
0.6399 +- -1.00 (1)
0.5723 +- -1.00 (1)
0.6035 +- -1.00 (1)
0.6241 +- -1.00 (1)
0.8301 +- -1.00 (1)
0.9296 +- -1.00 (1)
0.7006 +- -1.00 (1)
0.7313 +- -1.00 (1)
0.6773 +- -1.00 (1)
0.5318 +- -1.00 (1)
0.4370 +- -1.00 (1)
0.6796 +- -1.00 (1)
0.6950 +- -1.00 (1)
0.6324 +- -1.00 (1)
0.4894 +- -1.00 (1)
0.5208 +- -1.00 (1)
0.7760 +- -1.00 (1)
0.7086 +- -1.00 (1)
0.6999 +- -1.00 (1)
0.7590 +- -1.00 (1)
0.6158 +- -1.00 (1)
0.7144 +- -1.00 (1)
0.5889 +- -1.00 (1)
0.5344 +- -1.00 (1)
0.8188 +- -1.00 (1)
0.6119 +- -1.00 (1)
0.6747 +- -1.00 (1)
0.6316 +- -1.00 (1)
0.6833 +- -1.00 (1)
0.4888 +- -1.00 (1)
0.5772 +- -1.00 (1)
0.6694 +- -1.00 (1)
0.6167 +- -1.00 (1)
0.5964 +- -1.00 (1)
0.5211 +- -1.00 (1)
0.4168 +- -1.00 (1)
0.4519 +- -1.00 (1)
0.6478 +- -1.00 (1)
0.6685 +- -1.00 (1)
0.4952 +- -1.00 (1)
0.5501 +- -1.00 (1)
0.6371 +- -1.00 (1)
0.7602 +- -1.00 (1)
0.6532 +- -1.00 (1)
0.6481 +- -1.00 (1)
0.4392 +- -1.00 (1)
0.8758 +- -1.00 (1)
0.7123 +- -1.00 (1)
0.4620 +- -1.00 (1)
0.4726 +- -1.00 (1)
0.3652 +- -1.00 (1)
0.3945 +- -1.00 (1)
0.3605 +- -1.00 (1)
0.3912 +- -1.00 (1)
0.4558 +- -1.00 (1)
0.3874 +- -1.00 (1)
0.4578 +- -1.00 (1)
0.4116 +- -1.00 (1)
0.3607 +- -1.00 (1)
0.4998 +- -1.00 (1)
0.3782 +- -1.00 (1)
0.4953 +- -1.00 (1)
0.3913 +- -1.00 (1)
0.3838 +- -1.00 (1)
0.4443 +- -1.00 (1)
0.3809 +- -1.00 (1)
0.3838 +- -1.00 (1)
0.3951 +- -1.00 (1)
0.4649 +- -1.00 (1)
0.4056 +- -1.00 (1)
0.3979 +- -1.00 (1)
0.4275 +- -1.00 (1)
0.4224 +- -1.00 (1)
0.4427 +- -1.00 (1)
0.4359 +- -1.00 (1)
0.5169 +- -1.00 (1)
0.4628 +- -1.00 (1)
1.0239 +- -1.00 (1)
0.4150 +- -1.00 (1)
0.4507 +- -1.00 (1)
1.0448 +- -1.00 (1)
0.4461 +- -1.00 (1)
0.3420 +- -1.00 (1)
1.4552 +- -1.00 (1)
0.4546 +- -1.00 (1)
1.1221 +- -1.00 (1)
0.4182 +- -1.00 (1)
0.3905 +- -1.00 (1)
0.4105 +- -1.00 (1)
0.3225 +- -1.00 (1)
0.4164 +- -1.00 (1)
0.3563 +- -1.00 (1)
0.4320 +- -1.00 (1)
0.4262 +- -1.00 (1)
0.4183 +- -1.00 (1)
0.4878 +- -1.00 (1)
0.3885 +- -1.00 (1)
0.4337 +- -1.00 (1)
0.3612 +- -1.00 (1)
0.4504 +- -1.00 (1)
0.4893 +- -1.00 (1)
0.3985 +- -1.00 (1)
0.4409 +- -1.00 (1)
0.3829 +- -1.00 (1)
0.3829 +- -1.00 (1)
0.4059 +- -1.00 (1)
0.4387 +- -1.00 (1)
0.4605 +- -1.00 (1)
1.0899 +- -1.00 (1)
0.4063 +- -1.00 (1)
0.4120 +- -1.00 (1)
0.4095 +- -1.00 (1)
0.4727 +- -1.00 (1)
0.4940 +- -1.00 (1)
0.4472 +- -1.00 (1)
0.3886 +- -1.00 (1)
0.4013 +- -1.00 (1)
0.4153 +- -1.00 (1)
0.3747 +- -1.00 (1)
0.4600 +- -1.00 (1)
0.3967 +- -1.00 (1)
0.3157 +- -1.00 (1)
1.1064 +- -1.00 (1)
0.3535 +- -1.00 (1)
0.4330 +- -1.00 (1)
1.1191 +- -1.00 (1)
0.3886 +- -1.00 (1)
1.1099 +- -1.00 (1)
0.4432 +- -1.00 (1)
0.3402 +- -1.00 (1)
0.3736 +- -1.00 (1)
0.4276 +- -1.00 (1)
0.5172 +- -1.00 (1)
0.3368 +- -1.00 (1)
0.3846 +- -1.00 (1)
0.4099 +- -1.00 (1)
1.1157 +- -1.00 (1)
0.3516 +- -1.00 (1)
0.3814 +- -1.00 (1)
0.4124 +- -1.00 (1)
0.3847 +- -1.00 (1)
0.3904 +- -1.00 (1)
1.2589 +- -1.00 (1)
0.5109 +- -1.00 (1)
0.4270 +- -1.00 (1)
0.5067 +- -1.00 (1)
0.3868 +- -1.00 (1)
0.4194 +- -1.00 (1)
0.3878 +- -1.00 (1)
0.3477 +- -1.00 (1)
0.3978 +- -1.00 (1)
0.3636 +- -1.00 (1)
0.3609 +- -1.00 (1)
0.5902 +- -1.00 (1)
0.3780 +- -1.00 (1)
0.5490 +- -1.00 (1)
0.3683 +- -1.00 (1)
0.3691 +- -1.00 (1)
0.3564 +- -1.00 (1)
0.3666 +- -1.00 (1)
0.3855 +- -1.00 (1)
0.3500 +- -1.00 (1)
0.3295 +- -1.00 (1)
0.5587 +- -1.00 (1)
0.3801 +- -1.00 (1)
0.3471 +- -1.00 (1)
0.5587 +- -1.00 (1)
0.3643 +- -1.00 (1)
0.3636 +- -1.00 (1)
0.5402 +- -1.00 (1)
0.5250 +- -1.00 (1)
0.3837 +- -1.00 (1)
0.3249 +- -1.00 (1)
0.3520 +- -1.00 (1)
0.3447 +- -1.00 (1)
0.3637 +- -1.00 (1)
0.3770 +- -1.00 (1)
0.3425 +- -1.00 (1)
0.3567 +- -1.00 (1)
0.3345 +- -1.00 (1)
0.3781 +- -1.00 (1)
0.3940 +- -1.00 (1)
0.3774 +- -1.00 (1)
0.3486 +- -1.00 (1)
0.3727 +- -1.00 (1)
0.3059 +- -1.00 (1)
0.3653 +- -1.00 (1)
0.3601 +- -1.00 (1)
0.3695 +- -1.00 (1)
0.3307 +- -1.00 (1)
0.3575 +- -1.00 (1)
0.3715 +- -1.00 (1)
0.3562 +- -1.00 (1)
0.3723 +- -1.00 (1)
0.3761 +- -1.00 (1)
0.5404 +- -1.00 (1)
0.3381 +- -1.00 (1)
0.3393 +- -1.00 (1)
0.3591 +- -1.00 (1)
0.3728 +- -1.00 (1)
0.3766 +- -1.00 (1)
0.3750 +- -1.00 (1)
0.3567 +- -1.00 (1)
0.5356 +- -1.00 (1)
0.3433 +- -1.00 (1)
0.3526 +- -1.00 (1)
0.3693 +- -1.00 (1)
0.3633 +- -1.00 (1)
0.3880 +- -1.00 (1)
0.3529 +- -1.00 (1)
0.3911 +- -1.00 (1)
0.3830 +- -1.00 (1)
0.5563 +- -1.00 (1)
0.3632 +- -1.00 (1)
0.3671 +- -1.00 (1)
0.3559 +- -1.00 (1)
0.3412 +- -1.00 (1)
0.3236 +- -1.00 (1)
0.5392 +- -1.00 (1)
0.3656 +- -1.00 (1)
0.5053 +- -1.00 (1)
0.3923 +- -1.00 (1)
0.3791 +- -1.00 (1)
0.3944 +- -1.00 (1)
0.3581 +- -1.00 (1)
0.3270 +- -1.00 (1)
0.3271 +- -1.00 (1)
0.3470 +- -1.00 (1)
0.3368 +- -1.00 (1)
0.5081 +- -1.00 (1)
0.3403 +- -1.00 (1)
0.3865 +- -1.00 (1)
0.5202 +- -1.00 (1)
0.3209 +- -1.00 (1)
0.3444 +- -1.00 (1)
0.3463 +- -1.00 (1)
0.4103 +- -1.00 (1)
0.6459 +- -1.00 (1)
0.6617 +- -1.00 (1)
0.3574 +- -1.00 (1)
0.3407 +- -1.00 (1)
0.4072 +- -1.00 (1)
0.3747 +- -1.00 (1)
0.3709 +- -1.00 (1)
0.4908 +- -1.00 (1)
0.3597 +- -1.00 (1)
0.3881 +- -1.00 (1)
0.5645 +- -1.00 (1)
0.6762 +- -1.00 (1)
0.6673 +- -1.00 (1)
0.6415 +- -1.00 (1)
0.6115 +- -1.00 (1)
0.5912 +- -1.00 (1)
0.5942 +- -1.00 (1)
0.5301 +- -1.00 (1)
0.6135 +- -1.00 (1)
0.6928 +- -1.00 (1)
0.6174 +- -1.00 (1)
0.5657 +- -1.00 (1)
0.5939 +- -1.00 (1)
0.5765 +- -1.00 (1)
0.6179 +- -1.00 (1)
0.6086 +- -1.00 (1)
0.6258 +- -1.00 (1)
0.5838 +- -1.00 (1)
0.5802 +- -1.00 (1)
0.6258 +- -1.00 (1)
0.5782 +- -1.00 (1)
0.6651 +- -1.00 (1)
0.6593 +- -1.00 (1)
0.6309 +- -1.00 (1)
0.6552 +- -1.00 (1)
0.5702 +- -1.00 (1)
0.5772 +- -1.00 (1)
0.6252 +- -1.00 (1)
0.6513 +- -1.00 (1)
0.6014 +- -1.00 (1)
0.6264 +- -1.00 (1)
0.4560 +- -1.00 (1)
0.5275 +- -1.00 (1)
0.5976 +- -1.00 (1)
0.5364 +- -1.00 (1)
0.6565 +- -1.00 (1)
0.6114 +- -1.00 (1)
0.5199 +- -1.00 (1)
0.6639 +- -1.00 (1)
0.6091 +- -1.00 (1)
0.5858 +- -1.00 (1)
0.6449 +- -1.00 (1)
0.6351 +- -1.00 (1)
0.5621 +- -1.00 (1)
0.6206 +- -1.00 (1)
0.6129 +- -1.00 (1)
0.5963 +- -1.00 (1)
0.5885 +- -1.00 (1)
0.5734 +- -1.00 (1)
0.6105 +- -1.00 (1)
0.5375 +- -1.00 (1)
0.6946 +- -1.00 (1)
0.5997 +- -1.00 (1)
0.5775 +- -1.00 (1)
0.6759 +- -1.00 (1)
0.6370 +- -1.00 (1)
0.6221 +- -1.00 (1)
0.5902 +- -1.00 (1)
0.6147 +- -1.00 (1)
0.6057 +- -1.00 (1)
0.6180 +- -1.00 (1)
0.5945 +- -1.00 (1)
0.5211 +- -1.00 (1)
0.6035 +- -1.00 (1)
0.5838 +- -1.00 (1)
0.5356 +- -1.00 (1)
0.5399 +- -1.00 (1)
0.5508 +- -1.00 (1)
0.6671 +- -1.00 (1)
0.5718 +- -1.00 (1)
0.5820 +- -1.00 (1)
0.6151 +- -1.00 (1)
0.5833 +- -1.00 (1)
0.5402 +- -1.00 (1)
0.5671 +- -1.00 (1)
0.6177 +- -1.00 (1)
0.6322 +- -1.00 (1)
0.5506 +- -1.00 (1)
0.6237 +- -1.00 (1)
0.6063 +- -1.00 (1)
0.6071 +- -1.00 (1)
0.6387 +- -1.00 (1)
0.6309 +- -1.00 (1)
0.5681 +- -1.00 (1)
0.6432 +- -1.00 (1)
0.5946 +- -1.00 (1)
0.6151 +- -1.00 (1)
0.6077 +- -1.00 (1)
0.6535 +- -1.00 (1)
0.6156 +- -1.00 (1)
0.5524 +- -1.00 (1)
0.5919 +- -1.00 (1)
0.5768 +- -1.00 (1)
0.5896 +- -1.00 (1)
0.6174 +- -1.00 (1)
0.5374 +- -1.00 (1)
0.6098 +- -1.00 (1)
0.6594 +- -1.00 (1)
0.5420 +- -1.00 (1)
0.6617 +- -1.00 (1)
0.6449 +- -1.00 (1)
0.4013 +- -1.00 (1)
0.7220 +- -1.00 (1)
0.7351 +- -1.00 (1)
0.3533 +- -1.00 (1)
0.4137 +- -1.00 (1)
0.3097 +- -1.00 (1)
0.3246 +- -1.00 (1)
0.3136 +- -1.00 (1)
0.3070 +- -1.00 (1)
0.3498 +- -1.00 (1)
0.5623 +- -1.00 (1)
0.2750 +- -1.00 (1)
0.3490 +- -1.00 (1)
0.3299 +- -1.00 (1)
0.3235 +- -1.00 (1)
0.7319 +- -1.00 (1)
0.3243 +- -1.00 (1)
0.7287 +- -1.00 (1)
0.7319 +- -1.00 (1)
0.5776 +- -1.00 (1)
0.4675 +- -1.00 (1)
0.3643 +- -1.00 (1)
0.7486 +- -1.00 (1)
0.4873 +- -1.00 (1)
0.3378 +- -1.00 (1)
0.3491 +- -1.00 (1)
0.3827 +- -1.00 (1)
0.3519 +- -1.00 (1)
0.3359 +- -1.00 (1)
0.8334 +- -1.00 (1)
0.7249 +- -1.00 (1)
0.6398 +- -1.00 (1)
0.7322 +- -1.00 (1)
0.3602 +- -1.00 (1)
0.3370 +- -1.00 (1)
0.4471 +- -1.00 (1)
0.3351 +- -1.00 (1)
0.7503 +- -1.00 (1)
0.3478 +- -1.00 (1)
0.2907 +- -1.00 (1)
0.5480 +- -1.00 (1)
0.3670 +- -1.00 (1)
0.3559 +- -1.00 (1)
0.7055 +- -1.00 (1)
0.8368 +- -1.00 (1)
0.5765 +- -1.00 (1)
0.3484 +- -1.00 (1)
0.6140 +- -1.00 (1)
0.3320 +- -1.00 (1)
0.3107 +- -1.00 (1)
0.3307 +- -1.00 (1)
0.4411 +- -1.00 (1)
0.4757 +- -1.00 (1)
0.3035 +- -1.00 (1)
0.3099 +- -1.00 (1)
0.3116 +- -1.00 (1)
0.5551 +- -1.00 (1)
0.6111 +- -1.00 (1)
0.3610 +- -1.00 (1)
0.5356 +- -1.00 (1)
0.7609 +- -1.00 (1)
0.5481 +- -1.00 (1)
0.3242 +- -1.00 (1)
0.3281 +- -1.00 (1)
0.3284 +- -1.00 (1)
0.7363 +- -1.00 (1)
0.3618 +- -1.00 (1)
0.3355 +- -1.00 (1)
0.3535 +- -1.00 (1)
0.2561 +- -1.00 (1)
0.3165 +- -1.00 (1)
0.3847 +- -1.00 (1)
0.4606 +- -1.00 (1)
0.3511 +- -1.00 (1)
0.8183 +- -1.00 (1)
0.8383 +- -1.00 (1)
0.7246 +- -1.00 (1)
0.3328 +- -1.00 (1)
0.3394 +- -1.00 (1)
0.3236 +- -1.00 (1)
0.3561 +- -1.00 (1)
0.3102 +- -1.00 (1)
0.4479 +- -1.00 (1)
0.5442 +- -1.00 (1)
0.3759 +- -1.00 (1)
0.7266 +- -1.00 (1)
0.7060 +- -1.00 (1)
0.4353 +- -1.00 (1)
0.7193 +- -1.00 (1)
0.7594 +- -1.00 (1)
0.7029 +- -1.00 (1)
0.3742 +- -1.00 (1)
0.7217 +- -1.00 (1)
0.7658 +- -1.00 (1)
0.3904 +- -1.00 (1)
0.9211 +- -1.00 (1)
0.3640 +- -1.00 (1)
0.6817 +- -1.00 (1)
0.3243 +- -1.00 (1)
0.7178 +- -1.00 (1)
0.7078 +- -1.00 (1)
0.4950 +- -1.00 (1)
0.4489 +- -1.00 (1)
0.7148 +- -1.00 (1)
0.4582 +- -1.00 (1)
0.5266 +- -1.00 (1)
0.4477 +- -1.00 (1)
0.6653 +- -1.00 (1)
0.4353 +- -1.00 (1)
0.5048 +- -1.00 (1)
0.5298 +- -1.00 (1)
0.7275 +- -1.00 (1)
0.4778 +- -1.00 (1)
0.4715 +- -1.00 (1)
0.4346 +- -1.00 (1)
0.4259 +- -1.00 (1)
0.6322 +- -1.00 (1)
0.4913 +- -1.00 (1)
0.7114 +- -1.00 (1)
0.6783 +- -1.00 (1)
0.4589 +- -1.00 (1)
0.8076 +- -1.00 (1)
0.6766 +- -1.00 (1)
0.4693 +- -1.00 (1)
0.4440 +- -1.00 (1)
0.4816 +- -1.00 (1)
0.4538 +- -1.00 (1)
0.4969 +- -1.00 (1)
0.4444 +- -1.00 (1)
0.4893 +- -1.00 (1)
0.4776 +- -1.00 (1)
0.4721 +- -1.00 (1)
0.6466 +- -1.00 (1)
0.4465 +- -1.00 (1)
0.6732 +- -1.00 (1)
0.5008 +- -1.00 (1)
0.5400 +- -1.00 (1)
0.4608 +- -1.00 (1)
0.8445 +- -1.00 (1)
0.4862 +- -1.00 (1)
0.4365 +- -1.00 (1)
0.4603 +- -1.00 (1)
0.7137 +- -1.00 (1)
0.6641 +- -1.00 (1)
0.4899 +- -1.00 (1)
0.7444 +- -1.00 (1)
0.8497 +- -1.00 (1)
0.4844 +- -1.00 (1)
0.4571 +- -1.00 (1)
0.4915 +- -1.00 (1)
0.4960 +- -1.00 (1)
0.5298 +- -1.00 (1)
0.4361 +- -1.00 (1)
0.5157 +- -1.00 (1)
0.6771 +- -1.00 (1)
0.4125 +- -1.00 (1)
0.6865 +- -1.00 (1)
0.6867 +- -1.00 (1)
0.6969 +- -1.00 (1)
0.4478 +- -1.00 (1)
0.5214 +- -1.00 (1)
0.5865 +- -1.00 (1)
0.5659 +- -1.00 (1)
0.7143 +- -1.00 (1)
0.7984 +- -1.00 (1)
0.4584 +- -1.00 (1)
0.4838 +- -1.00 (1)
0.4406 +- -1.00 (1)
0.8785 +- -1.00 (1)
0.7099 +- -1.00 (1)
0.4411 +- -1.00 (1)
0.7695 +- -1.00 (1)
0.6802 +- -1.00 (1)
0.4829 +- -1.00 (1)
0.8819 +- -1.00 (1)
0.4405 +- -1.00 (1)
0.5042 +- -1.00 (1)
1.0229 +- -1.00 (1)
0.7463 +- -1.00 (1)
0.4475 +- -1.00 (1)
0.5264 +- -1.00 (1)
0.8642 +- -1.00 (1)
0.4528 +- -1.00 (1)
0.4662 +- -1.00 (1)
0.4486 +- -1.00 (1)
0.4878 +- -1.00 (1)
0.4445 +- -1.00 (1)
0.5585 +- -1.00 (1)
0.5120 +- -1.00 (1)
0.5559 +- -1.00 (1)
0.6797 +- -1.00 (1)
0.6062 +- -1.00 (1)
0.6698 +- -1.00 (1)
0.4156 +- -1.00 (1)
0.7545 +- -1.00 (1)
0.6534 +- -1.00 (1)
0.4207 +- -1.00 (1)
0.6493 +- -1.00 (1)
0.4594 +- -1.00 (1)
0.7003 +- -1.00 (1)
0.3816 +- -1.00 (1)
0.4288 +- -1.00 (1)
0.4331 +- -1.00 (1)
0.4180 +- -1.00 (1)
0.4062 +- -1.00 (1)
0.3785 +- -1.00 (1)
0.3903 +- -1.00 (1)
0.4229 +- -1.00 (1)
0.4143 +- -1.00 (1)
0.3998 +- -1.00 (1)
0.4208 +- -1.00 (1)
0.3910 +- -1.00 (1)
0.4032 +- -1.00 (1)
0.4066 +- -1.00 (1)
0.3965 +- -1.00 (1)
0.3922 +- -1.00 (1)
0.3922 +- -1.00 (1)
0.4301 +- -1.00 (1)
0.4099 +- -1.00 (1)
0.4412 +- -1.00 (1)
0.4120 +- -1.00 (1)
0.4369 +- -1.00 (1)
0.3691 +- -1.00 (1)
0.3961 +- -1.00 (1)
0.4177 +- -1.00 (1)
0.3804 +- -1.00 (1)
0.4404 +- -1.00 (1)
0.4133 +- -1.00 (1)
0.3862 +- -1.00 (1)
0.3966 +- -1.00 (1)
0.4099 +- -1.00 (1)
0.3745 +- -1.00 (1)
0.4269 +- -1.00 (1)
0.4034 +- -1.00 (1)
0.4139 +- -1.00 (1)
0.4119 +- -1.00 (1)
0.3853 +- -1.00 (1)
0.4334 +- -1.00 (1)
0.4230 +- -1.00 (1)
0.4212 +- -1.00 (1)
0.4308 +- -1.00 (1)
0.4178 +- -1.00 (1)
0.4344 +- -1.00 (1)
0.4023 +- -1.00 (1)
0.3890 +- -1.00 (1)
0.3926 +- -1.00 (1)
0.4047 +- -1.00 (1)
0.3941 +- -1.00 (1)
0.3967 +- -1.00 (1)
0.3898 +- -1.00 (1)
0.3762 +- -1.00 (1)
0.4266 +- -1.00 (1)
0.4073 +- -1.00 (1)
0.4178 +- -1.00 (1)
0.3950 +- -1.00 (1)
0.4266 +- -1.00 (1)
0.4233 +- -1.00 (1)
0.4016 +- -1.00 (1)
0.3880 +- -1.00 (1)
0.4292 +- -1.00 (1)
0.4229 +- -1.00 (1)
0.4218 +- -1.00 (1)
0.4231 +- -1.00 (1)
0.3910 +- -1.00 (1)
0.4128 +- -1.00 (1)
0.3778 +- -1.00 (1)
0.3906 +- -1.00 (1)
0.4196 +- -1.00 (1)
0.4051 +- -1.00 (1)
0.4188 +- -1.00 (1)
0.4264 +- -1.00 (1)
0.4209 +- -1.00 (1)
0.4083 +- -1.00 (1)
0.4206 +- -1.00 (1)
0.4102 +- -1.00 (1)
0.4473 +- -1.00 (1)
0.4124 +- -1.00 (1)
0.4415 +- -1.00 (1)
0.4176 +- -1.00 (1)
0.3609 +- -1.00 (1)
0.4313 +- -1.00 (1)
0.4073 +- -1.00 (1)
0.4216 +- -1.00 (1)
0.3766 +- -1.00 (1)
0.3754 +- -1.00 (1)
0.4263 +- -1.00 (1)
0.4001 +- -1.00 (1)
0.3859 +- -1.00 (1)
0.4039 +- -1.00 (1)
0.4051 +- -1.00 (1)
0.3981 +- -1.00 (1)
0.4076 +- -1.00 (1)
0.4095 +- -1.00 (1)
0.4193 +- -1.00 (1)
0.4114 +- -1.00 (1)
0.3776 +- -1.00 (1)
0.4047 +- -1.00 (1)
0.3894 +- -1.00 (1)
0.4232 +- -1.00 (1)
0.4098 +- -1.00 (1)
0.4061 +- -1.00 (1)
0.4139 +- -1.00 (1)
0.3603 +- -1.00 (1)
0.3893 +- -1.00 (1)
0.4357 +- -1.00 (1)
0.4384 +- -1.00 (1)
0.4292 +- -1.00 (1)
0.4118 +- -1.00 (1)
0.3729 +- -1.00 (1)
0.3929 +- -1.00 (1)
0.3895 +- -1.00 (1)
0.4038 +- -1.00 (1)
0.3692 +- -1.00 (1)
0.4401 +- -1.00 (1)
0.3683 +- -1.00 (1)
0.3162 +- -1.00 (1)
0.3586 +- -1.00 (1)
0.4095 +- -1.00 (1)
0.3162 +- -1.00 (1)
0.4125 +- -1.00 (1)
0.4167 +- -1.00 (1)
0.3815 +- -1.00 (1)
0.3767 +- -1.00 (1)
0.4181 +- -1.00 (1)
0.3767 +- -1.00 (1)
0.3272 +- -1.00 (1)
0.3618 +- -1.00 (1)
0.3803 +- -1.00 (1)
0.3824 +- -1.00 (1)
0.3667 +- -1.00 (1)
0.3539 +- -1.00 (1)
0.3506 +- -1.00 (1)
0.3774 +- -1.00 (1)
0.4345 +- -1.00 (1)
0.3887 +- -1.00 (1)
0.4494 +- -1.00 (1)
0.4152 +- -1.00 (1)
0.3288 +- -1.00 (1)
0.4664 +- -1.00 (1)
0.4376 +- -1.00 (1)
0.3975 +- -1.00 (1)
0.3806 +- -1.00 (1)
0.3974 +- -1.00 (1)
0.4024 +- -1.00 (1)
0.3728 +- -1.00 (1)
0.4532 +- -1.00 (1)
0.4093 +- -1.00 (1)
0.3392 +- -1.00 (1)
0.4121 +- -1.00 (1)
0.4111 +- -1.00 (1)
0.4136 +- -1.00 (1)
0.3771 +- -1.00 (1)
0.4417 +- -1.00 (1)
0.4143 +- -1.00 (1)
0.4089 +- -1.00 (1)
0.3968 +- -1.00 (1)
0.4230 +- -1.00 (1)
0.3888 +- -1.00 (1)
0.3615 +- -1.00 (1)
0.3584 +- -1.00 (1)
0.4263 +- -1.00 (1)
0.4524 +- -1.00 (1)
0.4084 +- -1.00 (1)
0.3396 +- -1.00 (1)
0.3820 +- -1.00 (1)
0.3985 +- -1.00 (1)
0.3800 +- -1.00 (1)
0.4124 +- -1.00 (1)
0.3871 +- -1.00 (1)
0.4217 +- -1.00 (1)
0.3691 +- -1.00 (1)
0.4033 +- -1.00 (1)
0.4085 +- -1.00 (1)
0.3516 +- -1.00 (1)
0.3702 +- -1.00 (1)
0.3383 +- -1.00 (1)
0.4025 +- -1.00 (1)
0.4159 +- -1.00 (1)
0.3933 +- -1.00 (1)
0.4254 +- -1.00 (1)
0.3938 +- -1.00 (1)
0.4186 +- -1.00 (1)
0.4507 +- -1.00 (1)
0.4184 +- -1.00 (1)
0.3909 +- -1.00 (1)
0.4043 +- -1.00 (1)
0.4205 +- -1.00 (1)
0.4003 +- -1.00 (1)
0.4423 +- -1.00 (1)
0.4308 +- -1.00 (1)
0.4502 +- -1.00 (1)
0.3703 +- -1.00 (1)
0.4109 +- -1.00 (1)
0.4367 +- -1.00 (1)
0.4625 +- -1.00 (1)
0.3548 +- -1.00 (1)
0.3991 +- -1.00 (1)
0.3395 +- -1.00 (1)
0.4247 +- -1.00 (1)
0.4035 +- -1.00 (1)
