0.9177 +- -1.00 (1)
0.9579 +- -1.00 (1)
0.8865 +- -1.00 (1)
0.9287 +- -1.00 (1)
0.9513 +- -1.00 (1)
0.9520 +- -1.00 (1)
0.9566 +- -1.00 (1)
0.9668 +- -1.00 (1)
0.9065 +- -1.00 (1)
0.9320 +- -1.00 (1)
0.8864 +- -1.00 (1)
0.9300 +- -1.00 (1)
0.9693 +- -1.00 (1)
0.9220 +- -1.00 (1)
0.9423 +- -1.00 (1)
0.9361 +- -1.00 (1)
0.9446 +- -1.00 (1)
0.8407 +- -1.00 (1)
0.9473 +- -1.00 (1)
0.9338 +- -1.00 (1)
0.9530 +- -1.00 (1)
0.9522 +- -1.00 (1)
0.9384 +- -1.00 (1)
0.9491 +- -1.00 (1)
0.9528 +- -1.00 (1)
0.9583 +- -1.00 (1)
0.9432 +- -1.00 (1)
0.9450 +- -1.00 (1)
0.9576 +- -1.00 (1)
0.9553 +- -1.00 (1)
0.9219 +- -1.00 (1)
0.9309 +- -1.00 (1)
0.9581 +- -1.00 (1)
0.9393 +- -1.00 (1)
0.9593 +- -1.00 (1)
0.9354 +- -1.00 (1)
0.9682 +- -1.00 (1)
0.9319 +- -1.00 (1)
0.9391 +- -1.00 (1)
0.9559 +- -1.00 (1)
0.9463 +- -1.00 (1)
0.9504 +- -1.00 (1)
0.9447 +- -1.00 (1)
0.9600 +- -1.00 (1)
0.9603 +- -1.00 (1)
0.9586 +- -1.00 (1)
0.9647 +- -1.00 (1)
0.9427 +- -1.00 (1)
0.9583 +- -1.00 (1)
0.9458 +- -1.00 (1)
0.9547 +- -1.00 (1)
0.9458 +- -1.00 (1)
0.9688 +- -1.00 (1)
0.9554 +- -1.00 (1)
0.9523 +- -1.00 (1)
0.9604 +- -1.00 (1)
0.9415 +- -1.00 (1)
0.9077 +- -1.00 (1)
0.9599 +- -1.00 (1)
0.9541 +- -1.00 (1)
0.9447 +- -1.00 (1)
0.9568 +- -1.00 (1)
0.9432 +- -1.00 (1)
0.9605 +- -1.00 (1)
0.9553 +- -1.00 (1)
0.9503 +- -1.00 (1)
0.9554 +- -1.00 (1)
0.9418 +- -1.00 (1)
0.9542 +- -1.00 (1)
0.9630 +- -1.00 (1)
0.9397 +- -1.00 (1)
0.9536 +- -1.00 (1)
0.9628 +- -1.00 (1)
0.9526 +- -1.00 (1)
0.9686 +- -1.00 (1)
0.9574 +- -1.00 (1)
0.9243 +- -1.00 (1)
0.9312 +- -1.00 (1)
0.9601 +- -1.00 (1)
0.9593 +- -1.00 (1)
0.9487 +- -1.00 (1)
0.9576 +- -1.00 (1)
0.9492 +- -1.00 (1)
0.9589 +- -1.00 (1)
0.9559 +- -1.00 (1)
0.9562 +- -1.00 (1)
0.9487 +- -1.00 (1)
0.9480 +- -1.00 (1)
0.9605 +- -1.00 (1)
0.9563 +- -1.00 (1)
0.9449 +- -1.00 (1)
0.9485 +- -1.00 (1)
0.9694 +- -1.00 (1)
0.9603 +- -1.00 (1)
0.9581 +- -1.00 (1)
0.9609 +- -1.00 (1)
0.9531 +- -1.00 (1)
0.9422 +- -1.00 (1)
0.9621 +- -1.00 (1)
0.9565 +- -1.00 (1)
0.9569 +- -1.00 (1)
0.9549 +- -1.00 (1)
0.9540 +- -1.00 (1)
0.9583 +- -1.00 (1)
0.9554 +- -1.00 (1)
0.9541 +- -1.00 (1)
0.9513 +- -1.00 (1)
0.9447 +- -1.00 (1)
0.9476 +- -1.00 (1)
0.9533 +- -1.00 (1)
0.9520 +- -1.00 (1)
0.9521 +- -1.00 (1)
0.9643 +- -1.00 (1)
0.9573 +- -1.00 (1)
0.9519 +- -1.00 (1)
0.9579 +- -1.00 (1)
0.9467 +- -1.00 (1)
0.9375 +- -1.00 (1)
0.9583 +- -1.00 (1)
0.9557 +- -1.00 (1)
0.9555 +- -1.00 (1)
0.9573 +- -1.00 (1)
0.9514 +- -1.00 (1)
0.9573 +- -1.00 (1)
0.9455 +- -1.00 (1)
0.9518 +- -1.00 (1)
0.9433 +- -1.00 (1)
0.9409 +- -1.00 (1)
0.9481 +- -1.00 (1)
0.9433 +- -1.00 (1)
0.9495 +- -1.00 (1)
0.9541 +- -1.00 (1)
0.9618 +- -1.00 (1)
0.9607 +- -1.00 (1)
0.9526 +- -1.00 (1)
0.9530 +- -1.00 (1)
0.9543 +- -1.00 (1)
0.9460 +- -1.00 (1)
0.9497 +- -1.00 (1)
0.9556 +- -1.00 (1)
0.9481 +- -1.00 (1)
0.9528 +- -1.00 (1)
0.9469 +- -1.00 (1)
0.9448 +- -1.00 (1)
0.9533 +- -1.00 (1)
0.9500 +- -1.00 (1)
0.9481 +- -1.00 (1)
0.9507 +- -1.00 (1)
0.9434 +- -1.00 (1)
0.9497 +- -1.00 (1)
0.9428 +- -1.00 (1)
0.9551 +- -1.00 (1)
0.9471 +- -1.00 (1)
0.9483 +- -1.00 (1)
0.9470 +- -1.00 (1)
0.9416 +- -1.00 (1)
0.9437 +- -1.00 (1)
0.9420 +- -1.00 (1)
0.9476 +- -1.00 (1)
0.9479 +- -1.00 (1)
0.9428 +- -1.00 (1)
0.9512 +- -1.00 (1)
0.9473 +- -1.00 (1)
0.9516 +- -1.00 (1)
0.9495 +- -1.00 (1)
0.9459 +- -1.00 (1)
0.9518 +- -1.00 (1)
0.9398 +- -1.00 (1)
0.9375 +- -1.00 (1)
0.9506 +- -1.00 (1)
0.9508 +- -1.00 (1)
0.9483 +- -1.00 (1)
0.9450 +- -1.00 (1)
0.9477 +- -1.00 (1)
0.9406 +- -1.00 (1)
0.9454 +- -1.00 (1)
0.9509 +- -1.00 (1)
0.9405 +- -1.00 (1)
0.9404 +- -1.00 (1)
0.9487 +- -1.00 (1)
0.9495 +- -1.00 (1)
0.9435 +- -1.00 (1)
0.9526 +- -1.00 (1)
0.9470 +- -1.00 (1)
0.9445 +- -1.00 (1)
0.9388 +- -1.00 (1)
0.9465 +- -1.00 (1)
0.9479 +- -1.00 (1)
0.9465 +- -1.00 (1)
0.9441 +- -1.00 (1)
0.9460 +- -1.00 (1)
0.9495 +- -1.00 (1)
0.9417 +- -1.00 (1)
0.9401 +- -1.00 (1)
0.9433 +- -1.00 (1)
0.9431 +- -1.00 (1)
0.9436 +- -1.00 (1)
0.9418 +- -1.00 (1)
0.9496 +- -1.00 (1)
0.9444 +- -1.00 (1)
0.9484 +- -1.00 (1)
0.9509 +- -1.00 (1)
0.9426 +- -1.00 (1)
0.9490 +- -1.00 (1)
0.9475 +- -1.00 (1)
0.9456 +- -1.00 (1)
0.9445 +- -1.00 (1)
0.9499 +- -1.00 (1)
0.9399 +- -1.00 (1)
0.9420 +- -1.00 (1)
0.9413 +- -1.00 (1)
0.9453 +- -1.00 (1)
0.9405 +- -1.00 (1)
0.9382 +- -1.00 (1)
0.9421 +- -1.00 (1)
0.9362 +- -1.00 (1)
0.9481 +- -1.00 (1)
0.9442 +- -1.00 (1)
0.9426 +- -1.00 (1)
0.9392 +- -1.00 (1)
0.9401 +- -1.00 (1)
0.9421 +- -1.00 (1)
0.9434 +- -1.00 (1)
0.9463 +- -1.00 (1)
0.9485 +- -1.00 (1)
0.9399 +- -1.00 (1)
0.9377 +- -1.00 (1)
0.9361 +- -1.00 (1)
0.9411 +- -1.00 (1)
0.9373 +- -1.00 (1)
0.9424 +- -1.00 (1)
0.9429 +- -1.00 (1)
0.9417 +- -1.00 (1)
0.9373 +- -1.00 (1)
0.9407 +- -1.00 (1)
0.9370 +- -1.00 (1)
0.9445 +- -1.00 (1)
0.9411 +- -1.00 (1)
0.9391 +- -1.00 (1)
0.9405 +- -1.00 (1)
0.9372 +- -1.00 (1)
0.9373 +- -1.00 (1)
0.9376 +- -1.00 (1)
0.9372 +- -1.00 (1)
0.9401 +- -1.00 (1)
0.9366 +- -1.00 (1)
0.9360 +- -1.00 (1)
0.9373 +- -1.00 (1)
0.9349 +- -1.00 (1)
0.9464 +- -1.00 (1)
0.9426 +- -1.00 (1)
0.9414 +- -1.00 (1)
0.9412 +- -1.00 (1)
0.9374 +- -1.00 (1)
0.9466 +- -1.00 (1)
0.9375 +- -1.00 (1)
0.9411 +- -1.00 (1)
0.9410 +- -1.00 (1)
0.9394 +- -1.00 (1)
0.9452 +- -1.00 (1)
0.9384 +- -1.00 (1)
0.9265 +- -1.00 (1)
0.9384 +- -1.00 (1)
0.9392 +- -1.00 (1)
0.9422 +- -1.00 (1)
0.9363 +- -1.00 (1)
0.9399 +- -1.00 (1)
0.9368 +- -1.00 (1)
0.9371 +- -1.00 (1)
0.9451 +- -1.00 (1)
0.9389 +- -1.00 (1)
0.9341 +- -1.00 (1)
0.9448 +- -1.00 (1)
0.9428 +- -1.00 (1)
0.9356 +- -1.00 (1)
0.9363 +- -1.00 (1)
0.9365 +- -1.00 (1)
0.9305 +- -1.00 (1)
0.9376 +- -1.00 (1)
0.9445 +- -1.00 (1)
0.9394 +- -1.00 (1)
0.9399 +- -1.00 (1)
0.9349 +- -1.00 (1)
0.9394 +- -1.00 (1)
0.9319 +- -1.00 (1)
0.9332 +- -1.00 (1)
0.9447 +- -1.00 (1)
0.9284 +- -1.00 (1)
0.9408 +- -1.00 (1)
0.9463 +- -1.00 (1)
0.9344 +- -1.00 (1)
0.9377 +- -1.00 (1)
0.9425 +- -1.00 (1)
0.9405 +- -1.00 (1)
0.9351 +- -1.00 (1)
0.9384 +- -1.00 (1)
0.9431 +- -1.00 (1)
0.9370 +- -1.00 (1)
0.9405 +- -1.00 (1)
0.9362 +- -1.00 (1)
