0.9177 
0.9579 
0.8865 
0.9287 
0.9513 
0.9520 
0.9566 
0.9668 
0.9065 
0.9320 
0.8864 
0.9300 
0.9693 
0.9220 
0.9423 
0.9361 
0.9446 
0.8407 
0.9473 
0.9338 
0.9530 
0.9522 
0.9384 
0.9491 
0.9528 
0.9583 
0.9432 
0.9450 
0.9576 
0.9553 
0.9219 
0.9309 
0.9581 
0.9393 
0.9593 
0.9354 
0.9682 
0.9319 
0.9391 
0.9559 
0.9463 
0.9504 
0.9447 
0.9600 
0.9603 
0.9586 
0.9647 
0.9427 
0.9583 
0.9458 
0.9547 
0.9458 
0.9688 
0.9554 
0.9523 
0.9604 
0.9415 
0.9077 
0.9599 
0.9541 
0.9447 
0.9568 
0.9432 
0.9605 
0.9553 
0.9503 
0.9554 
0.9418 
0.9542 
0.9630 
0.9397 
0.9536 
0.9628 
0.9526 
0.9686 
0.9574 
0.9243 
0.9312 
0.9601 
0.9593 
0.9487 
0.9576 
0.9492 
0.9589 
0.9559 
0.9562 
0.9487 
0.9480 
0.9605 
0.9563 
0.9449 
0.9485 
0.9694 
0.9603 
0.9581 
0.9609 
0.9531 
0.9422 
0.9621 
0.9565 
0.9569 
0.9549 
0.9540 
0.9583 
0.9554 
0.9541 
0.9513 
0.9447 
0.9476 
0.9533 
0.9520 
0.9521 
0.9643 
0.9573 
0.9519 
0.9579 
0.9467 
0.9375 
0.9583 
0.9557 
0.9555 
0.9573 
0.9514 
0.9573 
0.9455 
0.9518 
0.9433 
0.9409 
0.9481 
0.9433 
0.9495 
0.9541 
0.9618 
0.9607 
0.9526 
0.9530 
0.9543 
0.9460 
0.9497 
0.9556 
0.9481 
0.9528 
0.9469 
0.9448 
0.9533 
0.9500 
0.9481 
0.9507 
0.9434 
0.9497 
0.9428 
0.9551 
0.9471 
0.9483 
0.9470 
0.9416 
0.9437 
0.9420 
0.9476 
0.9479 
0.9428 
0.9512 
0.9473 
0.9516 
0.9495 
0.9459 
0.9518 
0.9398 
0.9375 
0.9506 
0.9508 
0.9483 
0.9450 
0.9477 
0.9406 
0.9454 
0.9509 
0.9405 
0.9404 
0.9487 
0.9495 
0.9435 
0.9526 
0.9470 
0.9445 
0.9388 
0.9465 
0.9479 
0.9465 
0.9441 
0.9460 
0.9495 
0.9417 
0.9401 
0.9433 
0.9431 
0.9436 
0.9418 
0.9496 
0.9444 
0.9484 
0.9509 
0.9426 
0.9490 
0.9475 
0.9456 
0.9445 
0.9499 
0.9399 
0.9420 
0.9413 
0.9453 
0.9405 
0.9382 
0.9421 
0.9362 
0.9481 
0.9442 
0.9426 
0.9392 
0.9401 
0.9421 
0.9434 
0.9463 
0.9485 
0.9399 
0.9377 
0.9361 
0.9411 
0.9373 
0.9424 
0.9429 
0.9417 
0.9373 
0.9407 
0.9370 
0.9445 
0.9411 
0.9391 
0.9405 
0.9372 
0.9373 
0.9376 
0.9372 
0.9401 
0.9366 
0.9360 
0.9373 
0.9349 
0.9464 
0.9426 
0.9414 
0.9412 
0.9374 
0.9466 
0.9375 
0.9411 
0.9410 
0.9394 
0.9452 
0.9384 
0.9265 
0.9384 
0.9392 
0.9422 
0.9363 
0.9399 
0.9368 
0.9371 
0.9451 
0.9389 
0.9341 
0.9448 
0.9428 
0.9356 
0.9363 
0.9365 
0.9305 
0.9376 
0.9445 
0.9394 
0.9399 
0.9349 
0.9394 
0.9319 
0.9332 
0.9447 
0.9284 
0.9408 
0.9463 
0.9344 
0.9377 
0.9425 
0.9405 
0.9351 
0.9384 
0.9431 
0.9370 
0.9405 
0.9362 
