0.9280 
0.9159 
0.8721 
0.9107 
0.9470 
0.9406 
0.9348 
0.9577 
0.8023 
0.9302 
0.8935 
0.9408 
0.9677 
0.9182 
0.9494 
0.9361 
0.9451 
0.8563 
0.9480 
0.9338 
0.9507 
0.9350 
0.9365 
0.9449 
0.9528 
0.9556 
0.9591 
0.9544 
0.9416 
0.9550 
0.9138 
0.9476 
0.9553 
0.9389 
0.9531 
0.9373 
0.9665 
0.9314 
0.9451 
0.9461 
0.9546 
0.9514 
0.9485 
0.9578 
0.9595 
0.9557 
0.9530 
0.9472 
0.9573 
0.9513 
0.9509 
0.9506 
0.9667 
0.9592 
0.9622 
0.9544 
0.9305 
0.9183 
0.9575 
0.9543 
0.9456 
0.9537 
0.9517 
0.9622 
0.9549 
0.9515 
0.9427 
0.9486 
0.9575 
0.9512 
0.9466 
0.9561 
0.9616 
0.9564 
0.9649 
0.9546 
0.8944 
0.9297 
0.9520 
0.9551 
0.9462 
0.9552 
0.9551 
0.9561 
0.9535 
0.9486 
0.9566 
0.9375 
0.9524 
0.9519 
0.9515 
0.9473 
0.9613 
0.9658 
0.9626 
0.9565 
0.9487 
0.9439 
0.9519 
0.9579 
0.9596 
0.9552 
0.9592 
0.9564 
0.9584 
0.9563 
0.9460 
0.9457 
0.9521 
0.9530 
0.9556 
0.9531 
0.9645 
0.9587 
0.9623 
0.9578 
0.9545 
0.9327 
0.9571 
0.9529 
0.9517 
0.9565 
0.9487 
0.9557 
0.9469 
0.9537 
0.9490 
0.9479 
0.9521 
0.9553 
0.9499 
0.9545 
0.9576 
0.9535 
0.9497 
0.9437 
0.9565 
0.9453 
0.9441 
0.9579 
0.9513 
0.9548 
0.9459 
0.9360 
0.9538 
0.9494 
0.9362 
0.9506 
0.9489 
0.9479 
0.9469 
0.9510 
0.9528 
0.9466 
0.9508 
0.9473 
0.9454 
0.9467 
0.9496 
0.9478 
0.9454 
0.9486 
0.9470 
0.9462 
0.9513 
0.9437 
0.9451 
0.9367 
0.9369 
0.9499 
0.9467 
0.9420 
0.9532 
0.9426 
0.9374 
0.9460 
0.9488 
0.9399 
0.9456 
0.9482 
0.9461 
0.9482 
0.9448 
0.9438 
0.9486 
0.9427 
0.9487 
0.9438 
0.9418 
0.9415 
0.9482 
0.9529 
0.9429 
0.9436 
0.9377 
0.9490 
0.9465 
0.9467 
0.9443 
0.9452 
0.9531 
0.9508 
0.9460 
0.9484 
0.9494 
0.9456 
0.9481 
0.9427 
0.9398 
0.9457 
0.9414 
0.9426 
0.9403 
0.9399 
0.9416 
0.9448 
0.9555 
0.9498 
0.9504 
0.9433 
0.9413 
0.9433 
0.9442 
0.9470 
0.9463 
0.9363 
0.9465 
0.9449 
0.9395 
0.9471 
0.9451 
0.9441 
0.9497 
0.9414 
0.9459 
0.9350 
0.9458 
0.9412 
0.9450 
0.9379 
0.9456 
0.9367 
0.9442 
0.9412 
0.9421 
0.9397 
0.9417 
0.9387 
0.9471 
0.9464 
0.9420 
0.9305 
0.9429 
0.9418 
0.9448 
0.9354 
0.9459 
0.9455 
0.9500 
0.9402 
0.9415 
0.9357 
0.9426 
0.9330 
0.9367 
0.9378 
0.9433 
0.9449 
0.9394 
0.9425 
0.9398 
0.9443 
0.9429 
0.9432 
0.9432 
0.9353 
0.9449 
0.9370 
0.9385 
0.9427 
0.9364 
0.9449 
0.9400 
0.9460 
0.9362 
0.9390 
0.9410 
0.9372 
0.9388 
0.9408 
0.9410 
0.9350 
0.9474 
0.9490 
0.9374 
0.9386 
0.9458 
0.9380 
0.9405 
0.9451 
