0.9338 
0.9527 
0.8753 
0.9231 
0.9479 
0.9545 
0.9573 
0.9705 
0.9004 
0.9329 
0.9124 
0.9322 
0.9677 
0.9208 
0.9494 
0.9412 
0.9498 
0.8563 
0.9496 
0.9430 
0.9507 
0.9432 
0.9325 
0.9509 
0.9528 
0.9567 
0.9501 
0.9450 
0.9551 
0.9557 
0.9236 
0.9445 
0.9622 
0.9261 
0.9551 
0.9462 
0.9230 
0.9413 
0.9364 
0.9490 
0.9331 
0.9497 
0.9272 
0.9628 
0.9517 
0.9527 
0.9470 
0.9327 
0.9576 
0.9423 
0.9509 
0.9505 
0.9665 
0.9529 
0.9572 
0.9511 
0.9337 
0.8833 
0.9635 
0.9556 
0.9414 
0.9507 
0.9502 
0.9567 
0.9495 
0.9474 
0.9562 
0.9336 
0.9590 
0.9542 
0.9426 
0.9536 
0.9654 
0.9532 
0.9622 
0.9550 
0.9424 
0.9328 
0.9562 
0.9505 
0.9462 
0.9579 
0.9454 
0.9571 
0.9579 
0.9580 
0.9494 
0.9194 
0.9598 
0.9597 
0.9614 
0.9506 
0.9637 
0.9545 
0.9497 
0.9518 
0.9536 
0.9383 
0.9522 
0.9562 
0.9528 
0.9591 
0.9514 
0.9660 
0.9560 
0.9467 
0.9451 
0.9511 
0.9523 
0.9446 
0.9507 
0.9424 
0.9626 
0.9654 
0.9542 
0.9586 
0.9546 
0.9232 
0.9535 
0.9614 
0.9487 
0.9500 
0.9632 
0.9519 
0.9393 
0.9481 
0.9497 
0.9374 
0.9433 
0.9282 
0.9413 
0.9555 
0.9518 
0.9528 
0.9526 
0.9526 
0.9489 
0.9453 
0.9416 
0.9492 
0.9453 
0.9484 
0.9473 
0.9414 
0.9540 
0.9448 
0.9454 
0.9477 
0.9425 
0.9441 
0.9474 
0.9519 
0.9446 
0.9473 
0.9453 
0.9424 
0.9460 
0.9386 
0.9414 
0.9491 
0.9456 
0.9530 
0.9443 
0.9391 
0.9363 
0.9446 
0.9469 
0.9343 
0.9390 
0.9414 
0.9356 
0.9375 
0.9392 
0.9517 
0.9382 
0.9421 
0.9502 
0.9507 
0.9423 
0.9477 
0.9452 
0.9428 
0.9413 
0.9458 
0.9385 
0.9420 
0.9487 
0.9433 
0.9383 
0.9394 
0.9493 
0.9405 
0.9378 
0.9454 
0.9384 
0.9430 
0.9449 
0.9333 
0.9405 
0.9441 
0.9439 
0.9447 
0.9363 
0.9514 
0.9467 
0.9396 
0.9403 
0.9487 
0.9297 
0.9384 
0.9431 
0.9405 
0.9388 
0.9384 
0.9435 
0.9415 
0.9445 
0.9392 
0.9449 
0.9414 
0.9378 
0.9340 
0.9344 
0.9370 
0.9368 
0.9367 
0.9374 
0.9381 
0.9375 
0.9351 
0.9458 
0.9302 
0.9379 
0.9431 
0.9383 
0.9326 
0.9422 
0.9332 
0.9352 
0.9308 
0.9420 
0.9285 
0.9420 
0.9369 
0.9437 
0.9306 
0.9339 
0.9330 
0.9356 
0.9416 
0.9392 
0.9367 
0.9378 
0.9369 
0.9412 
0.9329 
0.9405 
0.9384 
0.9403 
0.9386 
0.9374 
0.9359 
0.9339 
0.9388 
0.9346 
0.9291 
0.9430 
0.9299 
0.9332 
0.9384 
0.9324 
0.9342 
0.9401 
0.9376 
0.9373 
0.9351 
0.9433 
0.9299 
0.9300 
0.9353 
0.9338 
0.9366 
0.9347 
0.9383 
0.9301 
0.9419 
0.9417 
0.9219 
0.9388 
0.9434 
0.9330 
0.9217 
0.9358 
0.9315 
0.9434 
0.9251 
0.9374 
0.9356 
0.9297 
0.9363 
