0.9447 +- -1.00 (1)
0.9760 +- -1.00 (1)
0.9280 +- -1.00 (1)
0.9322 +- -1.00 (1)
0.9523 +- -1.00 (1)
0.9649 +- -1.00 (1)
0.9631 +- -1.00 (1)
0.9807 +- -1.00 (1)
0.9326 +- -1.00 (1)
0.9553 +- -1.00 (1)
0.9361 +- -1.00 (1)
0.9471 +- -1.00 (1)
0.9766 +- -1.00 (1)
0.9632 +- -1.00 (1)
0.9721 +- -1.00 (1)
0.9630 +- -1.00 (1)
0.9789 +- -1.00 (1)
0.9139 +- -1.00 (1)
0.9550 +- -1.00 (1)
0.9466 +- -1.00 (1)
0.9594 +- -1.00 (1)
0.9616 +- -1.00 (1)
0.9541 +- -1.00 (1)
0.9538 +- -1.00 (1)
0.9670 +- -1.00 (1)
0.9710 +- -1.00 (1)
0.9711 +- -1.00 (1)
0.9640 +- -1.00 (1)
0.9585 +- -1.00 (1)
0.9760 +- -1.00 (1)
0.9627 +- -1.00 (1)
0.9602 +- -1.00 (1)
0.9701 +- -1.00 (1)
0.9576 +- -1.00 (1)
0.9768 +- -1.00 (1)
0.9664 +- -1.00 (1)
0.9723 +- -1.00 (1)
0.9452 +- -1.00 (1)
0.9630 +- -1.00 (1)
0.9606 +- -1.00 (1)
0.9639 +- -1.00 (1)
0.9696 +- -1.00 (1)
0.9533 +- -1.00 (1)
0.9700 +- -1.00 (1)
0.9619 +- -1.00 (1)
0.9654 +- -1.00 (1)
0.9718 +- -1.00 (1)
0.9576 +- -1.00 (1)
0.9622 +- -1.00 (1)
0.9654 +- -1.00 (1)
0.9638 +- -1.00 (1)
0.9595 +- -1.00 (1)
0.9728 +- -1.00 (1)
0.9673 +- -1.00 (1)
0.9647 +- -1.00 (1)
0.9641 +- -1.00 (1)
0.9478 +- -1.00 (1)
0.9556 +- -1.00 (1)
0.9735 +- -1.00 (1)
0.9655 +- -1.00 (1)
0.9575 +- -1.00 (1)
0.9650 +- -1.00 (1)
0.9621 +- -1.00 (1)
0.9686 +- -1.00 (1)
0.9647 +- -1.00 (1)
0.9593 +- -1.00 (1)
0.9705 +- -1.00 (1)
0.9651 +- -1.00 (1)
0.9654 +- -1.00 (1)
0.9618 +- -1.00 (1)
0.9604 +- -1.00 (1)
0.9618 +- -1.00 (1)
0.9739 +- -1.00 (1)
0.9694 +- -1.00 (1)
0.9694 +- -1.00 (1)
0.9593 +- -1.00 (1)
0.9543 +- -1.00 (1)
0.9522 +- -1.00 (1)
0.9754 +- -1.00 (1)
0.9653 +- -1.00 (1)
0.9591 +- -1.00 (1)
0.9714 +- -1.00 (1)
0.9574 +- -1.00 (1)
0.9658 +- -1.00 (1)
0.9661 +- -1.00 (1)
0.9674 +- -1.00 (1)
0.9689 +- -1.00 (1)
0.9543 +- -1.00 (1)
0.9714 +- -1.00 (1)
0.9596 +- -1.00 (1)
0.9596 +- -1.00 (1)
0.9626 +- -1.00 (1)
0.9689 +- -1.00 (1)
0.9667 +- -1.00 (1)
0.9611 +- -1.00 (1)
0.9581 +- -1.00 (1)
0.9702 +- -1.00 (1)
0.9531 +- -1.00 (1)
0.9693 +- -1.00 (1)
0.9648 +- -1.00 (1)
0.9613 +- -1.00 (1)
0.9667 +- -1.00 (1)
0.9634 +- -1.00 (1)
0.9693 +- -1.00 (1)
0.9636 +- -1.00 (1)
0.9611 +- -1.00 (1)
0.9594 +- -1.00 (1)
0.9565 +- -1.00 (1)
0.9605 +- -1.00 (1)
0.9658 +- -1.00 (1)
0.9620 +- -1.00 (1)
0.9635 +- -1.00 (1)
0.9704 +- -1.00 (1)
0.9681 +- -1.00 (1)
0.9622 +- -1.00 (1)
0.9610 +- -1.00 (1)
0.9656 +- -1.00 (1)
0.9536 +- -1.00 (1)
0.9622 +- -1.00 (1)
0.9722 +- -1.00 (1)
0.9613 +- -1.00 (1)
0.9599 +- -1.00 (1)
0.9551 +- -1.00 (1)
0.9698 +- -1.00 (1)
0.9625 +- -1.00 (1)
0.9621 +- -1.00 (1)
0.9596 +- -1.00 (1)
0.9535 +- -1.00 (1)
0.9606 +- -1.00 (1)
0.9610 +- -1.00 (1)
0.9536 +- -1.00 (1)
0.9639 +- -1.00 (1)
0.9656 +- -1.00 (1)
0.9662 +- -1.00 (1)
0.9599 +- -1.00 (1)
0.9564 +- -1.00 (1)
0.9564 +- -1.00 (1)
0.9620 +- -1.00 (1)
0.9537 +- -1.00 (1)
0.9580 +- -1.00 (1)
0.9549 +- -1.00 (1)
0.9572 +- -1.00 (1)
0.9529 +- -1.00 (1)
0.9584 +- -1.00 (1)
0.9552 +- -1.00 (1)
0.9491 +- -1.00 (1)
0.9594 +- -1.00 (1)
0.9588 +- -1.00 (1)
0.9528 +- -1.00 (1)
0.9548 +- -1.00 (1)
0.9594 +- -1.00 (1)
0.9583 +- -1.00 (1)
0.9586 +- -1.00 (1)
0.9512 +- -1.00 (1)
0.9581 +- -1.00 (1)
0.9547 +- -1.00 (1)
0.9507 +- -1.00 (1)
0.9593 +- -1.00 (1)
0.9531 +- -1.00 (1)
0.9546 +- -1.00 (1)
0.9495 +- -1.00 (1)
0.9590 +- -1.00 (1)
0.9531 +- -1.00 (1)
0.9498 +- -1.00 (1)
0.9545 +- -1.00 (1)
0.9561 +- -1.00 (1)
0.9550 +- -1.00 (1)
0.9488 +- -1.00 (1)
0.9478 +- -1.00 (1)
0.9535 +- -1.00 (1)
0.9496 +- -1.00 (1)
0.9543 +- -1.00 (1)
0.9477 +- -1.00 (1)
0.9539 +- -1.00 (1)
0.9495 +- -1.00 (1)
0.9566 +- -1.00 (1)
0.9557 +- -1.00 (1)
0.9540 +- -1.00 (1)
0.9566 +- -1.00 (1)
0.9513 +- -1.00 (1)
0.9546 +- -1.00 (1)
0.9467 +- -1.00 (1)
0.9513 +- -1.00 (1)
0.9507 +- -1.00 (1)
0.9553 +- -1.00 (1)
0.9477 +- -1.00 (1)
0.9508 +- -1.00 (1)
0.9533 +- -1.00 (1)
0.9495 +- -1.00 (1)
0.9503 +- -1.00 (1)
0.9524 +- -1.00 (1)
0.9555 +- -1.00 (1)
0.9555 +- -1.00 (1)
0.9516 +- -1.00 (1)
0.9510 +- -1.00 (1)
0.9508 +- -1.00 (1)
0.9487 +- -1.00 (1)
0.9508 +- -1.00 (1)
0.9539 +- -1.00 (1)
0.9473 +- -1.00 (1)
0.9469 +- -1.00 (1)
0.9538 +- -1.00 (1)
0.9473 +- -1.00 (1)
0.9487 +- -1.00 (1)
0.9539 +- -1.00 (1)
0.9490 +- -1.00 (1)
0.9515 +- -1.00 (1)
0.9495 +- -1.00 (1)
0.9438 +- -1.00 (1)
0.9507 +- -1.00 (1)
0.9483 +- -1.00 (1)
0.9518 +- -1.00 (1)
0.9499 +- -1.00 (1)
0.9490 +- -1.00 (1)
0.9521 +- -1.00 (1)
0.9527 +- -1.00 (1)
0.9489 +- -1.00 (1)
0.9523 +- -1.00 (1)
0.9444 +- -1.00 (1)
0.9557 +- -1.00 (1)
0.9489 +- -1.00 (1)
0.9437 +- -1.00 (1)
0.9521 +- -1.00 (1)
0.9495 +- -1.00 (1)
0.9499 +- -1.00 (1)
0.9513 +- -1.00 (1)
0.9511 +- -1.00 (1)
0.9458 +- -1.00 (1)
0.9498 +- -1.00 (1)
0.9534 +- -1.00 (1)
0.9531 +- -1.00 (1)
0.9505 +- -1.00 (1)
0.9521 +- -1.00 (1)
0.9482 +- -1.00 (1)
0.9494 +- -1.00 (1)
0.9472 +- -1.00 (1)
0.9526 +- -1.00 (1)
0.9484 +- -1.00 (1)
0.9474 +- -1.00 (1)
0.9470 +- -1.00 (1)
0.9483 +- -1.00 (1)
0.9468 +- -1.00 (1)
0.9486 +- -1.00 (1)
0.9507 +- -1.00 (1)
0.9470 +- -1.00 (1)
0.9407 +- -1.00 (1)
0.9451 +- -1.00 (1)
0.9380 +- -1.00 (1)
0.9465 +- -1.00 (1)
0.9470 +- -1.00 (1)
0.9479 +- -1.00 (1)
0.9538 +- -1.00 (1)
0.9513 +- -1.00 (1)
0.9485 +- -1.00 (1)
0.9503 +- -1.00 (1)
0.9419 +- -1.00 (1)
0.9473 +- -1.00 (1)
0.9457 +- -1.00 (1)
0.9502 +- -1.00 (1)
0.9402 +- -1.00 (1)
0.9504 +- -1.00 (1)
0.9494 +- -1.00 (1)
0.9458 +- -1.00 (1)
0.9420 +- -1.00 (1)
0.9504 +- -1.00 (1)
0.9470 +- -1.00 (1)
0.9467 +- -1.00 (1)
0.9425 +- -1.00 (1)
0.9542 +- -1.00 (1)
0.9505 +- -1.00 (1)
0.9462 +- -1.00 (1)
0.9421 +- -1.00 (1)
0.9515 +- -1.00 (1)
0.9457 +- -1.00 (1)
0.9432 +- -1.00 (1)
0.9431 +- -1.00 (1)
0.9549 +- -1.00 (1)
0.9449 +- -1.00 (1)
0.9438 +- -1.00 (1)
0.9502 +- -1.00 (1)
0.9445 +- -1.00 (1)
0.9476 +- -1.00 (1)
0.9430 +- -1.00 (1)
0.9493 +- -1.00 (1)
0.9412 +- -1.00 (1)
0.9371 +- -1.00 (1)
0.9467 +- -1.00 (1)
0.9413 +- -1.00 (1)
0.9503 +- -1.00 (1)
0.9511 +- -1.00 (1)
0.9448 +- -1.00 (1)
0.9411 +- -1.00 (1)
0.9485 +- -1.00 (1)
0.9504 +- -1.00 (1)
0.9441 +- -1.00 (1)
0.9410 +- -1.00 (1)
0.9529 +- -1.00 (1)
0.9485 +- -1.00 (1)
0.9422 +- -1.00 (1)
0.9456 +- -1.00 (1)
