0.9450 +- -1.00 (1)
0.9750 +- -1.00 (1)
0.9193 +- -1.00 (1)
0.9303 +- -1.00 (1)
0.9479 +- -1.00 (1)
0.9633 +- -1.00 (1)
0.9630 +- -1.00 (1)
0.9757 +- -1.00 (1)
0.9346 +- -1.00 (1)
0.9489 +- -1.00 (1)
0.9359 +- -1.00 (1)
0.9471 +- -1.00 (1)
0.9716 +- -1.00 (1)
0.9572 +- -1.00 (1)
0.9721 +- -1.00 (1)
0.9628 +- -1.00 (1)
0.9754 +- -1.00 (1)
0.9116 +- -1.00 (1)
0.9529 +- -1.00 (1)
0.9430 +- -1.00 (1)
0.9566 +- -1.00 (1)
0.9586 +- -1.00 (1)
0.9480 +- -1.00 (1)
0.9597 +- -1.00 (1)
0.9649 +- -1.00 (1)
0.9701 +- -1.00 (1)
0.9636 +- -1.00 (1)
0.9630 +- -1.00 (1)
0.9528 +- -1.00 (1)
0.9674 +- -1.00 (1)
0.9559 +- -1.00 (1)
0.9602 +- -1.00 (1)
0.9674 +- -1.00 (1)
0.9563 +- -1.00 (1)
0.9618 +- -1.00 (1)
0.9634 +- -1.00 (1)
0.9695 +- -1.00 (1)
0.9422 +- -1.00 (1)
0.9549 +- -1.00 (1)
0.9606 +- -1.00 (1)
0.9615 +- -1.00 (1)
0.9700 +- -1.00 (1)
0.9516 +- -1.00 (1)
0.9695 +- -1.00 (1)
0.9569 +- -1.00 (1)
0.9602 +- -1.00 (1)
0.9638 +- -1.00 (1)
0.9540 +- -1.00 (1)
0.9533 +- -1.00 (1)
0.9621 +- -1.00 (1)
0.9634 +- -1.00 (1)
0.9541 +- -1.00 (1)
0.9647 +- -1.00 (1)
0.9626 +- -1.00 (1)
0.9591 +- -1.00 (1)
0.9641 +- -1.00 (1)
0.9502 +- -1.00 (1)
0.9412 +- -1.00 (1)
0.9667 +- -1.00 (1)
0.9585 +- -1.00 (1)
0.9594 +- -1.00 (1)
0.9610 +- -1.00 (1)
0.9599 +- -1.00 (1)
0.9655 +- -1.00 (1)
0.9609 +- -1.00 (1)
0.9581 +- -1.00 (1)
0.9612 +- -1.00 (1)
0.9522 +- -1.00 (1)
0.9580 +- -1.00 (1)
0.9610 +- -1.00 (1)
0.9501 +- -1.00 (1)
0.9552 +- -1.00 (1)
0.9724 +- -1.00 (1)
0.9639 +- -1.00 (1)
0.9655 +- -1.00 (1)
0.9593 +- -1.00 (1)
0.9578 +- -1.00 (1)
0.9522 +- -1.00 (1)
0.9622 +- -1.00 (1)
0.9603 +- -1.00 (1)
0.9564 +- -1.00 (1)
0.9640 +- -1.00 (1)
0.9575 +- -1.00 (1)
0.9691 +- -1.00 (1)
0.9588 +- -1.00 (1)
0.9650 +- -1.00 (1)
0.9576 +- -1.00 (1)
0.9531 +- -1.00 (1)
0.9610 +- -1.00 (1)
0.9606 +- -1.00 (1)
0.9553 +- -1.00 (1)
0.9558 +- -1.00 (1)
0.9690 +- -1.00 (1)
0.9593 +- -1.00 (1)
0.9572 +- -1.00 (1)
0.9585 +- -1.00 (1)
0.9672 +- -1.00 (1)
0.9509 +- -1.00 (1)
0.9635 +- -1.00 (1)
0.9648 +- -1.00 (1)
0.9580 +- -1.00 (1)
0.9624 +- -1.00 (1)
0.9609 +- -1.00 (1)
0.9647 +- -1.00 (1)
0.9569 +- -1.00 (1)
0.9585 +- -1.00 (1)
0.9550 +- -1.00 (1)
0.9510 +- -1.00 (1)
0.9514 +- -1.00 (1)
0.9617 +- -1.00 (1)
0.9562 +- -1.00 (1)
0.9618 +- -1.00 (1)
0.9677 +- -1.00 (1)
0.9674 +- -1.00 (1)
0.9602 +- -1.00 (1)
0.9617 +- -1.00 (1)
0.9612 +- -1.00 (1)
0.9561 +- -1.00 (1)
0.9600 +- -1.00 (1)
0.9619 +- -1.00 (1)
0.9574 +- -1.00 (1)
0.9553 +- -1.00 (1)
0.9555 +- -1.00 (1)
0.9619 +- -1.00 (1)
0.9511 +- -1.00 (1)
0.9549 +- -1.00 (1)
0.9504 +- -1.00 (1)
0.9522 +- -1.00 (1)
0.9525 +- -1.00 (1)
0.9517 +- -1.00 (1)
0.9557 +- -1.00 (1)
0.9583 +- -1.00 (1)
0.9639 +- -1.00 (1)
0.9627 +- -1.00 (1)
0.9621 +- -1.00 (1)
0.9609 +- -1.00 (1)
0.9541 +- -1.00 (1)
0.9536 +- -1.00 (1)
0.9495 +- -1.00 (1)
0.9500 +- -1.00 (1)
0.9501 +- -1.00 (1)
0.9560 +- -1.00 (1)
0.9476 +- -1.00 (1)
0.9520 +- -1.00 (1)
0.9529 +- -1.00 (1)
0.9492 +- -1.00 (1)
0.9510 +- -1.00 (1)
0.9468 +- -1.00 (1)
0.9441 +- -1.00 (1)
0.9525 +- -1.00 (1)
0.9494 +- -1.00 (1)
0.9542 +- -1.00 (1)
0.9522 +- -1.00 (1)
0.9484 +- -1.00 (1)
0.9566 +- -1.00 (1)
0.9493 +- -1.00 (1)
0.9504 +- -1.00 (1)
0.9520 +- -1.00 (1)
0.9509 +- -1.00 (1)
0.9533 +- -1.00 (1)
0.9461 +- -1.00 (1)
0.9541 +- -1.00 (1)
0.9495 +- -1.00 (1)
0.9492 +- -1.00 (1)
0.9509 +- -1.00 (1)
0.9514 +- -1.00 (1)
0.9524 +- -1.00 (1)
0.9420 +- -1.00 (1)
0.9419 +- -1.00 (1)
0.9527 +- -1.00 (1)
0.9491 +- -1.00 (1)
0.9456 +- -1.00 (1)
0.9596 +- -1.00 (1)
0.9535 +- -1.00 (1)
0.9455 +- -1.00 (1)
0.9548 +- -1.00 (1)
0.9476 +- -1.00 (1)
0.9537 +- -1.00 (1)
0.9583 +- -1.00 (1)
0.9491 +- -1.00 (1)
0.9531 +- -1.00 (1)
0.9475 +- -1.00 (1)
0.9472 +- -1.00 (1)
0.9496 +- -1.00 (1)
0.9498 +- -1.00 (1)
0.9424 +- -1.00 (1)
0.9497 +- -1.00 (1)
0.9440 +- -1.00 (1)
0.9438 +- -1.00 (1)
0.9487 +- -1.00 (1)
0.9491 +- -1.00 (1)
0.9513 +- -1.00 (1)
0.9548 +- -1.00 (1)
0.9445 +- -1.00 (1)
0.9468 +- -1.00 (1)
0.9494 +- -1.00 (1)
0.9519 +- -1.00 (1)
0.9444 +- -1.00 (1)
0.9462 +- -1.00 (1)
0.9474 +- -1.00 (1)
0.9473 +- -1.00 (1)
0.9528 +- -1.00 (1)
0.9375 +- -1.00 (1)
0.9513 +- -1.00 (1)
0.9559 +- -1.00 (1)
0.9501 +- -1.00 (1)
0.9475 +- -1.00 (1)
0.9454 +- -1.00 (1)
0.9417 +- -1.00 (1)
0.9493 +- -1.00 (1)
0.9460 +- -1.00 (1)
0.9481 +- -1.00 (1)
0.9430 +- -1.00 (1)
0.9454 +- -1.00 (1)
0.9435 +- -1.00 (1)
0.9481 +- -1.00 (1)
0.9487 +- -1.00 (1)
0.9496 +- -1.00 (1)
0.9445 +- -1.00 (1)
0.9474 +- -1.00 (1)
0.9451 +- -1.00 (1)
0.9409 +- -1.00 (1)
0.9481 +- -1.00 (1)
0.9470 +- -1.00 (1)
0.9456 +- -1.00 (1)
0.9407 +- -1.00 (1)
0.9504 +- -1.00 (1)
0.9394 +- -1.00 (1)
0.9457 +- -1.00 (1)
0.9458 +- -1.00 (1)
0.9482 +- -1.00 (1)
0.9449 +- -1.00 (1)
0.9492 +- -1.00 (1)
0.9457 +- -1.00 (1)
0.9460 +- -1.00 (1)
0.9434 +- -1.00 (1)
0.9474 +- -1.00 (1)
0.9477 +- -1.00 (1)
0.9430 +- -1.00 (1)
0.9446 +- -1.00 (1)
0.9418 +- -1.00 (1)
0.9454 +- -1.00 (1)
0.9457 +- -1.00 (1)
0.9481 +- -1.00 (1)
0.9490 +- -1.00 (1)
0.9399 +- -1.00 (1)
0.9402 +- -1.00 (1)
0.9378 +- -1.00 (1)
0.9440 +- -1.00 (1)
0.9470 +- -1.00 (1)
0.9496 +- -1.00 (1)
0.9454 +- -1.00 (1)
0.9501 +- -1.00 (1)
0.9439 +- -1.00 (1)
0.9467 +- -1.00 (1)
0.9388 +- -1.00 (1)
0.9449 +- -1.00 (1)
0.9480 +- -1.00 (1)
0.9475 +- -1.00 (1)
0.9399 +- -1.00 (1)
0.9444 +- -1.00 (1)
0.9493 +- -1.00 (1)
0.9397 +- -1.00 (1)
0.9443 +- -1.00 (1)
0.9433 +- -1.00 (1)
0.9459 +- -1.00 (1)
0.9438 +- -1.00 (1)
0.9410 +- -1.00 (1)
0.9485 +- -1.00 (1)
0.9409 +- -1.00 (1)
0.9429 +- -1.00 (1)
0.9358 +- -1.00 (1)
0.9460 +- -1.00 (1)
0.9366 +- -1.00 (1)
0.9446 +- -1.00 (1)
0.9346 +- -1.00 (1)
0.9458 +- -1.00 (1)
0.9434 +- -1.00 (1)
0.9396 +- -1.00 (1)
0.9476 +- -1.00 (1)
0.9436 +- -1.00 (1)
0.9458 +- -1.00 (1)
0.9426 +- -1.00 (1)
0.9461 +- -1.00 (1)
0.9384 +- -1.00 (1)
0.9389 +- -1.00 (1)
0.9407 +- -1.00 (1)
0.9351 +- -1.00 (1)
0.9470 +- -1.00 (1)
0.9478 +- -1.00 (1)
0.9439 +- -1.00 (1)
0.9407 +- -1.00 (1)
0.9436 +- -1.00 (1)
0.9422 +- -1.00 (1)
0.9436 +- -1.00 (1)
0.9360 +- -1.00 (1)
0.9529 +- -1.00 (1)
0.9469 +- -1.00 (1)
0.9422 +- -1.00 (1)
0.9442 +- -1.00 (1)
