nan +- -1.00 (0)
nan +- -1.00 (0)
nan +- -1.00 (0)
nan +- -1.00 (0)
nan +- -1.00 (0)
nan +- -1.00 (0)
nan +- -1.00 (0)
nan +- -1.00 (0)
nan +- -1.00 (0)
nan +- -1.00 (0)
nan +- -1.00 (0)
nan +- -1.00 (0)
nan +- -1.00 (0)
nan +- -1.00 (0)
nan +- -1.00 (0)
nan +- -1.00 (0)
nan +- -1.00 (0)
nan +- -1.00 (0)
nan +- -1.00 (0)
nan +- -1.00 (0)
nan +- -1.00 (0)
nan +- -1.00 (0)
nan +- -1.00 (0)
nan +- -1.00 (0)
nan +- -1.00 (0)
nan +- -1.00 (0)
nan +- -1.00 (0)
nan +- -1.00 (0)
nan +- -1.00 (0)
nan +- -1.00 (0)
0.1545 +- -1.00 (1)
nan +- -1.00 (0)
nan +- -1.00 (0)
nan +- -1.00 (0)
nan +- -1.00 (0)
nan +- -1.00 (0)
nan +- -1.00 (0)
nan +- -1.00 (0)
nan +- -1.00 (0)
nan +- -1.00 (0)
nan +- -1.00 (0)
nan +- -1.00 (0)
nan +- -1.00 (0)
nan +- -1.00 (0)
nan +- -1.00 (0)
nan +- -1.00 (0)
nan +- -1.00 (0)
nan +- -1.00 (0)
nan +- -1.00 (0)
nan +- -1.00 (0)
nan +- -1.00 (0)
nan +- -1.00 (0)
nan +- -1.00 (0)
nan +- -1.00 (0)
nan +- -1.00 (0)
nan +- -1.00 (0)
nan +- -1.00 (0)
nan +- -1.00 (0)
nan +- -1.00 (0)
nan +- -1.00 (0)
nan +- -1.00 (0)
nan +- -1.00 (0)
nan +- -1.00 (0)
nan +- -1.00 (0)
nan +- -1.00 (0)
nan +- -1.00 (0)
nan +- -1.00 (0)
nan +- -1.00 (0)
nan +- -1.00 (0)
nan +- -1.00 (0)
nan +- -1.00 (0)
nan +- -1.00 (0)
nan +- -1.00 (0)
nan +- -1.00 (0)
nan +- -1.00 (0)
nan +- -1.00 (0)
nan +- -1.00 (0)
nan +- -1.00 (0)
nan +- -1.00 (0)
nan +- -1.00 (0)
nan +- -1.00 (0)
nan +- -1.00 (0)
nan +- -1.00 (0)
0.1502 +- -1.00 (1)
nan +- -1.00 (0)
nan +- -1.00 (0)
nan +- -1.00 (0)
nan +- -1.00 (0)
nan +- -1.00 (0)
nan +- -1.00 (0)
0.1086 +- -1.00 (1)
nan +- -1.00 (0)
nan +- -1.00 (0)
nan +- -1.00 (0)
nan +- -1.00 (0)
nan +- -1.00 (0)
nan +- -1.00 (0)
nan +- -1.00 (0)
nan +- -1.00 (0)
nan +- -1.00 (0)
nan +- -1.00 (0)
nan +- -1.00 (0)
nan +- -1.00 (0)
0.0954 +- -1.00 (1)
nan +- -1.00 (0)
nan +- -1.00 (0)
nan +- -1.00 (0)
nan +- -1.00 (0)
nan +- -1.00 (0)
nan +- -1.00 (0)
nan +- -1.00 (0)
nan +- -1.00 (0)
nan +- -1.00 (0)
nan +- -1.00 (0)
nan +- -1.00 (0)
nan +- -1.00 (0)
nan +- -1.00 (0)
nan +- -1.00 (0)
nan +- -1.00 (0)
nan +- -1.00 (0)
nan +- -1.00 (0)
nan +- -1.00 (0)
nan +- -1.00 (0)
nan +- -1.00 (0)
nan +- -1.00 (0)
nan +- -1.00 (0)
nan +- -1.00 (0)
nan +- -1.00 (0)
nan +- -1.00 (0)
nan +- -1.00 (0)
nan +- -1.00 (0)
nan +- -1.00 (0)
nan +- -1.00 (0)
nan +- -1.00 (0)
nan +- -1.00 (0)
nan +- -1.00 (0)
nan +- -1.00 (0)
nan +- -1.00 (0)
nan +- -1.00 (0)
nan +- -1.00 (0)
nan +- -1.00 (0)
nan +- -1.00 (0)
nan +- -1.00 (0)
nan +- -1.00 (0)
nan +- -1.00 (0)
nan +- -1.00 (0)
nan +- -1.00 (0)
nan +- -1.00 (0)
nan +- -1.00 (0)
nan +- -1.00 (0)
nan +- -1.00 (0)
nan +- -1.00 (0)
nan +- -1.00 (0)
nan +- -1.00 (0)
nan +- -1.00 (0)
nan +- -1.00 (0)
nan +- -1.00 (0)
nan +- -1.00 (0)
nan +- -1.00 (0)
nan +- -1.00 (0)
nan +- -1.00 (0)
nan +- -1.00 (0)
nan +- -1.00 (0)
nan +- -1.00 (0)
nan +- -1.00 (0)
nan +- -1.00 (0)
nan +- -1.00 (0)
nan +- -1.00 (0)
nan +- -1.00 (0)
nan +- -1.00 (0)
nan +- -1.00 (0)
0.0815 +- -1.00 (1)
nan +- -1.00 (0)
nan +- -1.00 (0)
nan +- -1.00 (0)
nan +- -1.00 (0)
nan +- -1.00 (0)
nan +- -1.00 (0)
nan +- -1.00 (0)
nan +- -1.00 (0)
nan +- -1.00 (0)
nan +- -1.00 (0)
nan +- -1.00 (0)
nan +- -1.00 (0)
nan +- -1.00 (0)
nan +- -1.00 (0)
nan +- -1.00 (0)
nan +- -1.00 (0)
nan +- -1.00 (0)
nan +- -1.00 (0)
nan +- -1.00 (0)
nan +- -1.00 (0)
nan +- -1.00 (0)
nan +- -1.00 (0)
nan +- -1.00 (0)
nan +- -1.00 (0)
nan +- -1.00 (0)
nan +- -1.00 (0)
nan +- -1.00 (0)
nan +- -1.00 (0)
nan +- -1.00 (0)
nan +- -1.00 (0)
nan +- -1.00 (0)
nan +- -1.00 (0)
nan +- -1.00 (0)
nan +- -1.00 (0)
nan +- -1.00 (0)
nan +- -1.00 (0)
nan +- -1.00 (0)
nan +- -1.00 (0)
nan +- -1.00 (0)
nan +- -1.00 (0)
nan +- -1.00 (0)
nan +- -1.00 (0)
nan +- -1.00 (0)
nan +- -1.00 (0)
nan +- -1.00 (0)
nan +- -1.00 (0)
nan +- -1.00 (0)
nan +- -1.00 (0)
nan +- -1.00 (0)
nan +- -1.00 (0)
nan +- -1.00 (0)
nan +- -1.00 (0)
nan +- -1.00 (0)
nan +- -1.00 (0)
0.0824 +- -1.00 (1)
nan +- -1.00 (0)
nan +- -1.00 (0)
nan +- -1.00 (0)
nan +- -1.00 (0)
nan +- -1.00 (0)
nan +- -1.00 (0)
nan +- -1.00 (0)
nan +- -1.00 (0)
nan +- -1.00 (0)
nan +- -1.00 (0)
nan +- -1.00 (0)
nan +- -1.00 (0)
nan +- -1.00 (0)
nan +- -1.00 (0)
nan +- -1.00 (0)
nan +- -1.00 (0)
nan +- -1.00 (0)
nan +- -1.00 (0)
nan +- -1.00 (0)
nan +- -1.00 (0)
nan +- -1.00 (0)
nan +- -1.00 (0)
nan +- -1.00 (0)
nan +- -1.00 (0)
nan +- -1.00 (0)
0.0731 +- -1.00 (1)
nan +- -1.00 (0)
nan +- -1.00 (0)
nan +- -1.00 (0)
0.0338 +- -1.00 (1)
nan +- -1.00 (0)
nan +- -1.00 (0)
nan +- -1.00 (0)
nan +- -1.00 (0)
nan +- -1.00 (0)
nan +- -1.00 (0)
nan +- -1.00 (0)
nan +- -1.00 (0)
nan +- -1.00 (0)
nan +- -1.00 (0)
nan +- -1.00 (0)
0.0743 +- -1.00 (1)
nan +- -1.00 (0)
nan +- -1.00 (0)
nan +- -1.00 (0)
nan +- -1.00 (0)
nan +- -1.00 (0)
nan +- -1.00 (0)
nan +- -1.00 (0)
nan +- -1.00 (0)
nan +- -1.00 (0)
nan +- -1.00 (0)
nan +- -1.00 (0)
nan +- -1.00 (0)
nan +- -1.00 (0)
nan +- -1.00 (0)
nan +- -1.00 (0)
nan +- -1.00 (0)
nan +- -1.00 (0)
nan +- -1.00 (0)
nan +- -1.00 (0)
nan +- -1.00 (0)
nan +- -1.00 (0)
nan +- -1.00 (0)
0.0751 +- -1.00 (1)
nan +- -1.00 (0)
nan +- -1.00 (0)
nan +- -1.00 (0)
nan +- -1.00 (0)
nan +- -1.00 (0)
nan +- -1.00 (0)
nan +- -1.00 (0)
nan +- -1.00 (0)
nan +- -1.00 (0)
nan +- -1.00 (0)
nan +- -1.00 (0)
nan +- -1.00 (0)
nan +- -1.00 (0)
nan +- -1.00 (0)
nan +- -1.00 (0)
0.0485 +- -1.00 (1)
nan +- -1.00 (0)
nan +- -1.00 (0)
nan +- -1.00 (0)
nan +- -1.00 (0)
nan +- -1.00 (0)
nan +- -1.00 (0)
nan +- -1.00 (0)
nan +- -1.00 (0)
nan +- -1.00 (0)
0.0578 +- -1.00 (1)
nan +- -1.00 (0)
nan +- -1.00 (0)
nan +- -1.00 (0)
nan +- -1.00 (0)
nan +- -1.00 (0)
nan +- -1.00 (0)
nan +- -1.00 (0)
nan +- -1.00 (0)
nan +- -1.00 (0)
nan +- -1.00 (0)
nan +- -1.00 (0)
nan +- -1.00 (0)
nan +- -1.00 (0)
nan +- -1.00 (0)
nan +- -1.00 (0)
nan +- -1.00 (0)
nan +- -1.00 (0)
nan +- -1.00 (0)
nan +- -1.00 (0)
nan +- -1.00 (0)
nan +- -1.00 (0)
nan +- -1.00 (0)
nan +- -1.00 (0)
nan +- -1.00 (0)
nan +- -1.00 (0)
nan +- -1.00 (0)
nan +- -1.00 (0)
nan +- -1.00 (0)
nan +- -1.00 (0)
nan +- -1.00 (0)
nan +- -1.00 (0)
nan +- -1.00 (0)
0.0337 +- -1.00 (1)
nan +- -1.00 (0)
nan +- -1.00 (0)
nan +- -1.00 (0)
nan +- -1.00 (0)
nan +- -1.00 (0)
nan +- -1.00 (0)
nan +- -1.00 (0)
nan +- -1.00 (0)
nan +- -1.00 (0)
nan +- -1.00 (0)
nan +- -1.00 (0)
nan +- -1.00 (0)
nan +- -1.00 (0)
nan +- -1.00 (0)
nan +- -1.00 (0)
nan +- -1.00 (0)
nan +- -1.00 (0)
nan +- -1.00 (0)
nan +- -1.00 (0)
nan +- -1.00 (0)
nan +- -1.00 (0)
nan +- -1.00 (0)
nan +- -1.00 (0)
nan +- -1.00 (0)
nan +- -1.00 (0)
nan +- -1.00 (0)
nan +- -1.00 (0)
nan +- -1.00 (0)
nan +- -1.00 (0)
nan +- -1.00 (0)
nan +- -1.00 (0)
nan +- -1.00 (0)
nan +- -1.00 (0)
nan +- -1.00 (0)
nan +- -1.00 (0)
nan +- -1.00 (0)
nan +- -1.00 (0)
nan +- -1.00 (0)
nan +- -1.00 (0)
nan +- -1.00 (0)
nan +- -1.00 (0)
nan +- -1.00 (0)
nan +- -1.00 (0)
nan +- -1.00 (0)
nan +- -1.00 (0)
nan +- -1.00 (0)
nan +- -1.00 (0)
nan +- -1.00 (0)
nan +- -1.00 (0)
nan +- -1.00 (0)
nan +- -1.00 (0)
nan +- -1.00 (0)
nan +- -1.00 (0)
nan +- -1.00 (0)
nan +- -1.00 (0)
nan +- -1.00 (0)
nan +- -1.00 (0)
nan +- -1.00 (0)
nan +- -1.00 (0)
nan +- -1.00 (0)
nan +- -1.00 (0)
nan +- -1.00 (0)
nan +- -1.00 (0)
nan +- -1.00 (0)
nan +- -1.00 (0)
nan +- -1.00 (0)
nan +- -1.00 (0)
nan +- -1.00 (0)
nan +- -1.00 (0)
nan +- -1.00 (0)
nan +- -1.00 (0)
nan +- -1.00 (0)
nan +- -1.00 (0)
nan +- -1.00 (0)
nan +- -1.00 (0)
nan +- -1.00 (0)
nan +- -1.00 (0)
nan +- -1.00 (0)
nan +- -1.00 (0)
nan +- -1.00 (0)
nan +- -1.00 (0)
nan +- -1.00 (0)
nan +- -1.00 (0)
nan +- -1.00 (0)
nan +- -1.00 (0)
nan +- -1.00 (0)
nan +- -1.00 (0)
nan +- -1.00 (0)
nan +- -1.00 (0)
nan +- -1.00 (0)
nan +- -1.00 (0)
nan +- -1.00 (0)
nan +- -1.00 (0)
nan +- -1.00 (0)
nan +- -1.00 (0)
nan +- -1.00 (0)
nan +- -1.00 (0)
nan +- -1.00 (0)
nan +- -1.00 (0)
nan +- -1.00 (0)
nan +- -1.00 (0)
nan +- -1.00 (0)
nan +- -1.00 (0)
nan +- -1.00 (0)
nan +- -1.00 (0)
nan +- -1.00 (0)
nan +- -1.00 (0)
nan +- -1.00 (0)
nan +- -1.00 (0)
nan +- -1.00 (0)
nan +- -1.00 (0)
nan +- -1.00 (0)
nan +- -1.00 (0)
nan +- -1.00 (0)
nan +- -1.00 (0)
nan +- -1.00 (0)
nan +- -1.00 (0)
nan +- -1.00 (0)
nan +- -1.00 (0)
nan +- -1.00 (0)
nan +- -1.00 (0)
nan +- -1.00 (0)
nan +- -1.00 (0)
nan +- -1.00 (0)
nan +- -1.00 (0)
nan +- -1.00 (0)
nan +- -1.00 (0)
nan +- -1.00 (0)
nan +- -1.00 (0)
nan +- -1.00 (0)
nan +- -1.00 (0)
nan +- -1.00 (0)
nan +- -1.00 (0)
nan +- -1.00 (0)
nan +- -1.00 (0)
nan +- -1.00 (0)
nan +- -1.00 (0)
nan +- -1.00 (0)
nan +- -1.00 (0)
nan +- -1.00 (0)
nan +- -1.00 (0)
nan +- -1.00 (0)
nan +- -1.00 (0)
nan +- -1.00 (0)
nan +- -1.00 (0)
nan +- -1.00 (0)
nan +- -1.00 (0)
nan +- -1.00 (0)
nan +- -1.00 (0)
nan +- -1.00 (0)
nan +- -1.00 (0)
nan +- -1.00 (0)
nan +- -1.00 (0)
nan +- -1.00 (0)
nan +- -1.00 (0)
nan +- -1.00 (0)
nan +- -1.00 (0)
nan +- -1.00 (0)
nan +- -1.00 (0)
nan +- -1.00 (0)
nan +- -1.00 (0)
nan +- -1.00 (0)
nan +- -1.00 (0)
nan +- -1.00 (0)
nan +- -1.00 (0)
nan +- -1.00 (0)
nan +- -1.00 (0)
nan +- -1.00 (0)
nan +- -1.00 (0)
nan +- -1.00 (0)
nan +- -1.00 (0)
nan +- -1.00 (0)
nan +- -1.00 (0)
nan +- -1.00 (0)
nan +- -1.00 (0)
nan +- -1.00 (0)
nan +- -1.00 (0)
nan +- -1.00 (0)
nan +- -1.00 (0)
nan +- -1.00 (0)
nan +- -1.00 (0)
nan +- -1.00 (0)
nan +- -1.00 (0)
nan +- -1.00 (0)
nan +- -1.00 (0)
nan +- -1.00 (0)
nan +- -1.00 (0)
nan +- -1.00 (0)
nan +- -1.00 (0)
nan +- -1.00 (0)
nan +- -1.00 (0)
nan +- -1.00 (0)
nan +- -1.00 (0)
nan +- -1.00 (0)
nan +- -1.00 (0)
nan +- -1.00 (0)
nan +- -1.00 (0)
nan +- -1.00 (0)
nan +- -1.00 (0)
nan +- -1.00 (0)
nan +- -1.00 (0)
0.0463 +- -1.00 (1)
nan +- -1.00 (0)
nan +- -1.00 (0)
nan +- -1.00 (0)
nan +- -1.00 (0)
nan +- -1.00 (0)
nan +- -1.00 (0)
nan +- -1.00 (0)
nan +- -1.00 (0)
nan +- -1.00 (0)
nan +- -1.00 (0)
nan +- -1.00 (0)
nan +- -1.00 (0)
nan +- -1.00 (0)
nan +- -1.00 (0)
nan +- -1.00 (0)
nan +- -1.00 (0)
nan +- -1.00 (0)
nan +- -1.00 (0)
nan +- -1.00 (0)
nan +- -1.00 (0)
nan +- -1.00 (0)
nan +- -1.00 (0)
nan +- -1.00 (0)
nan +- -1.00 (0)
nan +- -1.00 (0)
nan +- -1.00 (0)
nan +- -1.00 (0)
nan +- -1.00 (0)
nan +- -1.00 (0)
nan +- -1.00 (0)
nan +- -1.00 (0)
nan +- -1.00 (0)
nan +- -1.00 (0)
nan +- -1.00 (0)
nan +- -1.00 (0)
nan +- -1.00 (0)
nan +- -1.00 (0)
nan +- -1.00 (0)
nan +- -1.00 (0)
nan +- -1.00 (0)
nan +- -1.00 (0)
nan +- -1.00 (0)
nan +- -1.00 (0)
nan +- -1.00 (0)
nan +- -1.00 (0)
nan +- -1.00 (0)
nan +- -1.00 (0)
nan +- -1.00 (0)
nan +- -1.00 (0)
nan +- -1.00 (0)
nan +- -1.00 (0)
nan +- -1.00 (0)
nan +- -1.00 (0)
nan +- -1.00 (0)
nan +- -1.00 (0)
nan +- -1.00 (0)
nan +- -1.00 (0)
nan +- -1.00 (0)
nan +- -1.00 (0)
nan +- -1.00 (0)
nan +- -1.00 (0)
nan +- -1.00 (0)
nan +- -1.00 (0)
nan +- -1.00 (0)
nan +- -1.00 (0)
nan +- -1.00 (0)
nan +- -1.00 (0)
nan +- -1.00 (0)
nan +- -1.00 (0)
nan +- -1.00 (0)
nan +- -1.00 (0)
nan +- -1.00 (0)
nan +- -1.00 (0)
nan +- -1.00 (0)
nan +- -1.00 (0)
nan +- -1.00 (0)
nan +- -1.00 (0)
nan +- -1.00 (0)
nan +- -1.00 (0)
nan +- -1.00 (0)
nan +- -1.00 (0)
nan +- -1.00 (0)
nan +- -1.00 (0)
nan +- -1.00 (0)
nan +- -1.00 (0)
0.0305 +- -1.00 (1)
nan +- -1.00 (0)
nan +- -1.00 (0)
nan +- -1.00 (0)
nan +- -1.00 (0)
nan +- -1.00 (0)
nan +- -1.00 (0)
nan +- -1.00 (0)
nan +- -1.00 (0)
0.0441 +- -1.00 (1)
nan +- -1.00 (0)
nan +- -1.00 (0)
nan +- -1.00 (0)
nan +- -1.00 (0)
nan +- -1.00 (0)
nan +- -1.00 (0)
nan +- -1.00 (0)
nan +- -1.00 (0)
nan +- -1.00 (0)
nan +- -1.00 (0)
nan +- -1.00 (0)
0.0546 +- -1.00 (1)
nan +- -1.00 (0)
nan +- -1.00 (0)
nan +- -1.00 (0)
nan +- -1.00 (0)
0.0348 +- -1.00 (1)
nan +- -1.00 (0)
nan +- -1.00 (0)
nan +- -1.00 (0)
nan +- -1.00 (0)
nan +- -1.00 (0)
nan +- -1.00 (0)
nan +- -1.00 (0)
nan +- -1.00 (0)
nan +- -1.00 (0)
nan +- -1.00 (0)
nan +- -1.00 (0)
nan +- -1.00 (0)
nan +- -1.00 (0)
nan +- -1.00 (0)
nan +- -1.00 (0)
nan +- -1.00 (0)
nan +- -1.00 (0)
nan +- -1.00 (0)
nan +- -1.00 (0)
nan +- -1.00 (0)
nan +- -1.00 (0)
nan +- -1.00 (0)
nan +- -1.00 (0)
nan +- -1.00 (0)
nan +- -1.00 (0)
0.0454 +- -1.00 (1)
nan +- -1.00 (0)
nan +- -1.00 (0)
nan +- -1.00 (0)
nan +- -1.00 (0)
nan +- -1.00 (0)
nan +- -1.00 (0)
nan +- -1.00 (0)
nan +- -1.00 (0)
nan +- -1.00 (0)
nan +- -1.00 (0)
nan +- -1.00 (0)
nan +- -1.00 (0)
nan +- -1.00 (0)
nan +- -1.00 (0)
nan +- -1.00 (0)
nan +- -1.00 (0)
nan +- -1.00 (0)
nan +- -1.00 (0)
nan +- -1.00 (0)
nan +- -1.00 (0)
nan +- -1.00 (0)
nan +- -1.00 (0)
nan +- -1.00 (0)
nan +- -1.00 (0)
nan +- -1.00 (0)
nan +- -1.00 (0)
nan +- -1.00 (0)
nan +- -1.00 (0)
nan +- -1.00 (0)
nan +- -1.00 (0)
nan +- -1.00 (0)
nan +- -1.00 (0)
nan +- -1.00 (0)
nan +- -1.00 (0)
nan +- -1.00 (0)
nan +- -1.00 (0)
nan +- -1.00 (0)
nan +- -1.00 (0)
nan +- -1.00 (0)
nan +- -1.00 (0)
nan +- -1.00 (0)
nan +- -1.00 (0)
nan +- -1.00 (0)
nan +- -1.00 (0)
nan +- -1.00 (0)
nan +- -1.00 (0)
nan +- -1.00 (0)
nan +- -1.00 (0)
nan +- -1.00 (0)
nan +- -1.00 (0)
nan +- -1.00 (0)
nan +- -1.00 (0)
nan +- -1.00 (0)
nan +- -1.00 (0)
nan +- -1.00 (0)
nan +- -1.00 (0)
nan +- -1.00 (0)
nan +- -1.00 (0)
nan +- -1.00 (0)
nan +- -1.00 (0)
nan +- -1.00 (0)
nan +- -1.00 (0)
nan +- -1.00 (0)
nan +- -1.00 (0)
nan +- -1.00 (0)
nan +- -1.00 (0)
nan +- -1.00 (0)
nan +- -1.00 (0)
nan +- -1.00 (0)
nan +- -1.00 (0)
nan +- -1.00 (0)
nan +- -1.00 (0)
nan +- -1.00 (0)
nan +- -1.00 (0)
nan +- -1.00 (0)
nan +- -1.00 (0)
nan +- -1.00 (0)
nan +- -1.00 (0)
nan +- -1.00 (0)
nan +- -1.00 (0)
nan +- -1.00 (0)
nan +- -1.00 (0)
nan +- -1.00 (0)
nan +- -1.00 (0)
nan +- -1.00 (0)
nan +- -1.00 (0)
nan +- -1.00 (0)
nan +- -1.00 (0)
nan +- -1.00 (0)
nan +- -1.00 (0)
nan +- -1.00 (0)
nan +- -1.00 (0)
nan +- -1.00 (0)
nan +- -1.00 (0)
nan +- -1.00 (0)
nan +- -1.00 (0)
nan +- -1.00 (0)
nan +- -1.00 (0)
nan +- -1.00 (0)
nan +- -1.00 (0)
nan +- -1.00 (0)
nan +- -1.00 (0)
nan +- -1.00 (0)
nan +- -1.00 (0)
nan +- -1.00 (0)
nan +- -1.00 (0)
nan +- -1.00 (0)
nan +- -1.00 (0)
nan +- -1.00 (0)
nan +- -1.00 (0)
nan +- -1.00 (0)
nan +- -1.00 (0)
0.0627 +- -1.00 (1)
nan +- -1.00 (0)
nan +- -1.00 (0)
nan +- -1.00 (0)
nan +- -1.00 (0)
nan +- -1.00 (0)
nan +- -1.00 (0)
nan +- -1.00 (0)
nan +- -1.00 (0)
nan +- -1.00 (0)
nan +- -1.00 (0)
nan +- -1.00 (0)
nan +- -1.00 (0)
nan +- -1.00 (0)
nan +- -1.00 (0)
nan +- -1.00 (0)
nan +- -1.00 (0)
nan +- -1.00 (0)
nan +- -1.00 (0)
nan +- -1.00 (0)
nan +- -1.00 (0)
nan +- -1.00 (0)
nan +- -1.00 (0)
nan +- -1.00 (0)
nan +- -1.00 (0)
nan +- -1.00 (0)
nan +- -1.00 (0)
nan +- -1.00 (0)
nan +- -1.00 (0)
nan +- -1.00 (0)
nan +- -1.00 (0)
nan +- -1.00 (0)
nan +- -1.00 (0)
nan +- -1.00 (0)
nan +- -1.00 (0)
nan +- -1.00 (0)
nan +- -1.00 (0)
nan +- -1.00 (0)
nan +- -1.00 (0)
nan +- -1.00 (0)
nan +- -1.00 (0)
nan +- -1.00 (0)
nan +- -1.00 (0)
nan +- -1.00 (0)
nan +- -1.00 (0)
nan +- -1.00 (0)
nan +- -1.00 (0)
nan +- -1.00 (0)
nan +- -1.00 (0)
nan +- -1.00 (0)
nan +- -1.00 (0)
nan +- -1.00 (0)
nan +- -1.00 (0)
nan +- -1.00 (0)
nan +- -1.00 (0)
nan +- -1.00 (0)
nan +- -1.00 (0)
nan +- -1.00 (0)
nan +- -1.00 (0)
nan +- -1.00 (0)
nan +- -1.00 (0)
nan +- -1.00 (0)
nan +- -1.00 (0)
nan +- -1.00 (0)
nan +- -1.00 (0)
nan +- -1.00 (0)
nan +- -1.00 (0)
nan +- -1.00 (0)
nan +- -1.00 (0)
nan +- -1.00 (0)
nan +- -1.00 (0)
nan +- -1.00 (0)
nan +- -1.00 (0)
nan +- -1.00 (0)
nan +- -1.00 (0)
nan +- -1.00 (0)
nan +- -1.00 (0)
nan +- -1.00 (0)
nan +- -1.00 (0)
nan +- -1.00 (0)
nan +- -1.00 (0)
nan +- -1.00 (0)
nan +- -1.00 (0)
nan +- -1.00 (0)
nan +- -1.00 (0)
nan +- -1.00 (0)
nan +- -1.00 (0)
nan +- -1.00 (0)
nan +- -1.00 (0)
nan +- -1.00 (0)
nan +- -1.00 (0)
nan +- -1.00 (0)
nan +- -1.00 (0)
nan +- -1.00 (0)
nan +- -1.00 (0)
nan +- -1.00 (0)
nan +- -1.00 (0)
nan +- -1.00 (0)
nan +- -1.00 (0)
nan +- -1.00 (0)
nan +- -1.00 (0)
nan +- -1.00 (0)
nan +- -1.00 (0)
nan +- -1.00 (0)
nan +- -1.00 (0)
nan +- -1.00 (0)
nan +- -1.00 (0)
nan +- -1.00 (0)
nan +- -1.00 (0)
nan +- -1.00 (0)
nan +- -1.00 (0)
nan +- -1.00 (0)
nan +- -1.00 (0)
nan +- -1.00 (0)
nan +- -1.00 (0)
nan +- -1.00 (0)
nan +- -1.00 (0)
nan +- -1.00 (0)
nan +- -1.00 (0)
nan +- -1.00 (0)
nan +- -1.00 (0)
nan +- -1.00 (0)
nan +- -1.00 (0)
nan +- -1.00 (0)
nan +- -1.00 (0)
nan +- -1.00 (0)
nan +- -1.00 (0)
nan +- -1.00 (0)
nan +- -1.00 (0)
nan +- -1.00 (0)
nan +- -1.00 (0)
nan +- -1.00 (0)
nan +- -1.00 (0)
nan +- -1.00 (0)
nan +- -1.00 (0)
nan +- -1.00 (0)
nan +- -1.00 (0)
nan +- -1.00 (0)
nan +- -1.00 (0)
nan +- -1.00 (0)
nan +- -1.00 (0)
nan +- -1.00 (0)
nan +- -1.00 (0)
nan +- -1.00 (0)
nan +- -1.00 (0)
nan +- -1.00 (0)
nan +- -1.00 (0)
0.0551 +- -1.00 (1)
nan +- -1.00 (0)
nan +- -1.00 (0)
nan +- -1.00 (0)
0.0697 +- -1.00 (1)
nan +- -1.00 (0)
nan +- -1.00 (0)
nan +- -1.00 (0)
nan +- -1.00 (0)
nan +- -1.00 (0)
nan +- -1.00 (0)
nan +- -1.00 (0)
nan +- -1.00 (0)
nan +- -1.00 (0)
nan +- -1.00 (0)
nan +- -1.00 (0)
nan +- -1.00 (0)
nan +- -1.00 (0)
nan +- -1.00 (0)
nan +- -1.00 (0)
nan +- -1.00 (0)
nan +- -1.00 (0)
nan +- -1.00 (0)
nan +- -1.00 (0)
nan +- -1.00 (0)
nan +- -1.00 (0)
nan +- -1.00 (0)
nan +- -1.00 (0)
nan +- -1.00 (0)
nan +- -1.00 (0)
nan +- -1.00 (0)
nan +- -1.00 (0)
nan +- -1.00 (0)
nan +- -1.00 (0)
nan +- -1.00 (0)
nan +- -1.00 (0)
nan +- -1.00 (0)
nan +- -1.00 (0)
nan +- -1.00 (0)
nan +- -1.00 (0)
nan +- -1.00 (0)
nan +- -1.00 (0)
nan +- -1.00 (0)
nan +- -1.00 (0)
nan +- -1.00 (0)
nan +- -1.00 (0)
nan +- -1.00 (0)
nan +- -1.00 (0)
nan +- -1.00 (0)
nan +- -1.00 (0)
nan +- -1.00 (0)
nan +- -1.00 (0)
nan +- -1.00 (0)
nan +- -1.00 (0)
nan +- -1.00 (0)
nan +- -1.00 (0)
nan +- -1.00 (0)
nan +- -1.00 (0)
nan +- -1.00 (0)
nan +- -1.00 (0)
nan +- -1.00 (0)
nan +- -1.00 (0)
nan +- -1.00 (0)
nan +- -1.00 (0)
nan +- -1.00 (0)
nan +- -1.00 (0)
nan +- -1.00 (0)
nan +- -1.00 (0)
nan +- -1.00 (0)
nan +- -1.00 (0)
nan +- -1.00 (0)
nan +- -1.00 (0)
nan +- -1.00 (0)
nan +- -1.00 (0)
nan +- -1.00 (0)
nan +- -1.00 (0)
nan +- -1.00 (0)
nan +- -1.00 (0)
nan +- -1.00 (0)
nan +- -1.00 (0)
0.0826 +- -1.00 (1)
nan +- -1.00 (0)
nan +- -1.00 (0)
nan +- -1.00 (0)
nan +- -1.00 (0)
nan +- -1.00 (0)
nan +- -1.00 (0)
nan +- -1.00 (0)
nan +- -1.00 (0)
nan +- -1.00 (0)
nan +- -1.00 (0)
nan +- -1.00 (0)
nan +- -1.00 (0)
nan +- -1.00 (0)
nan +- -1.00 (0)
nan +- -1.00 (0)
nan +- -1.00 (0)
nan +- -1.00 (0)
nan +- -1.00 (0)
nan +- -1.00 (0)
nan +- -1.00 (0)
nan +- -1.00 (0)
nan +- -1.00 (0)
nan +- -1.00 (0)
nan +- -1.00 (0)
nan +- -1.00 (0)
nan +- -1.00 (0)
nan +- -1.00 (0)
nan +- -1.00 (0)
nan +- -1.00 (0)
nan +- -1.00 (0)
nan +- -1.00 (0)
nan +- -1.00 (0)
nan +- -1.00 (0)
nan +- -1.00 (0)
nan +- -1.00 (0)
nan +- -1.00 (0)
nan +- -1.00 (0)
nan +- -1.00 (0)
nan +- -1.00 (0)
nan +- -1.00 (0)
nan +- -1.00 (0)
0.0669 +- -1.00 (1)
nan +- -1.00 (0)
nan +- -1.00 (0)
nan +- -1.00 (0)
nan +- -1.00 (0)
nan +- -1.00 (0)
nan +- -1.00 (0)
nan +- -1.00 (0)
nan +- -1.00 (0)
nan +- -1.00 (0)
nan +- -1.00 (0)
nan +- -1.00 (0)
nan +- -1.00 (0)
nan +- -1.00 (0)
nan +- -1.00 (0)
nan +- -1.00 (0)
nan +- -1.00 (0)
nan +- -1.00 (0)
nan +- -1.00 (0)
nan +- -1.00 (0)
nan +- -1.00 (0)
nan +- -1.00 (0)
nan +- -1.00 (0)
nan +- -1.00 (0)
nan +- -1.00 (0)
nan +- -1.00 (0)
nan +- -1.00 (0)
nan +- -1.00 (0)
nan +- -1.00 (0)
nan +- -1.00 (0)
nan +- -1.00 (0)
nan +- -1.00 (0)
nan +- -1.00 (0)
nan +- -1.00 (0)
nan +- -1.00 (0)
nan +- -1.00 (0)
nan +- -1.00 (0)
nan +- -1.00 (0)
nan +- -1.00 (0)
nan +- -1.00 (0)
nan +- -1.00 (0)
nan +- -1.00 (0)
nan +- -1.00 (0)
nan +- -1.00 (0)
nan +- -1.00 (0)
nan +- -1.00 (0)
0.0617 +- -1.00 (1)
nan +- -1.00 (0)
nan +- -1.00 (0)
nan +- -1.00 (0)
nan +- -1.00 (0)
nan +- -1.00 (0)
nan +- -1.00 (0)
nan +- -1.00 (0)
nan +- -1.00 (0)
nan +- -1.00 (0)
nan +- -1.00 (0)
nan +- -1.00 (0)
nan +- -1.00 (0)
nan +- -1.00 (0)
nan +- -1.00 (0)
nan +- -1.00 (0)
nan +- -1.00 (0)
nan +- -1.00 (0)
nan +- -1.00 (0)
nan +- -1.00 (0)
nan +- -1.00 (0)
nan +- -1.00 (0)
nan +- -1.00 (0)
nan +- -1.00 (0)
nan +- -1.00 (0)
nan +- -1.00 (0)
0.0708 +- -1.00 (1)
nan +- -1.00 (0)
nan +- -1.00 (0)
0.0703 +- -1.00 (1)
nan +- -1.00 (0)
nan +- -1.00 (0)
nan +- -1.00 (0)
nan +- -1.00 (0)
nan +- -1.00 (0)
nan +- -1.00 (0)
nan +- -1.00 (0)
nan +- -1.00 (0)
nan +- -1.00 (0)
nan +- -1.00 (0)
nan +- -1.00 (0)
nan +- -1.00 (0)
nan +- -1.00 (0)
nan +- -1.00 (0)
nan +- -1.00 (0)
nan +- -1.00 (0)
nan +- -1.00 (0)
nan +- -1.00 (0)
nan +- -1.00 (0)
nan +- -1.00 (0)
nan +- -1.00 (0)
nan +- -1.00 (0)
nan +- -1.00 (0)
nan +- -1.00 (0)
nan +- -1.00 (0)
nan +- -1.00 (0)
nan +- -1.00 (0)
nan +- -1.00 (0)
nan +- -1.00 (0)
nan +- -1.00 (0)
nan +- -1.00 (0)
nan +- -1.00 (0)
nan +- -1.00 (0)
nan +- -1.00 (0)
nan +- -1.00 (0)
nan +- -1.00 (0)
nan +- -1.00 (0)
nan +- -1.00 (0)
nan +- -1.00 (0)
nan +- -1.00 (0)
nan +- -1.00 (0)
nan +- -1.00 (0)
nan +- -1.00 (0)
nan +- -1.00 (0)
nan +- -1.00 (0)
nan +- -1.00 (0)
nan +- -1.00 (0)
nan +- -1.00 (0)
nan +- -1.00 (0)
nan +- -1.00 (0)
nan +- -1.00 (0)
nan +- -1.00 (0)
nan +- -1.00 (0)
nan +- -1.00 (0)
nan +- -1.00 (0)
nan +- -1.00 (0)
nan +- -1.00 (0)
nan +- -1.00 (0)
nan +- -1.00 (0)
nan +- -1.00 (0)
nan +- -1.00 (0)
nan +- -1.00 (0)
nan +- -1.00 (0)
nan +- -1.00 (0)
nan +- -1.00 (0)
nan +- -1.00 (0)
nan +- -1.00 (0)
nan +- -1.00 (0)
nan +- -1.00 (0)
nan +- -1.00 (0)
nan +- -1.00 (0)
nan +- -1.00 (0)
nan +- -1.00 (0)
nan +- -1.00 (0)
nan +- -1.00 (0)
nan +- -1.00 (0)
nan +- -1.00 (0)
nan +- -1.00 (0)
nan +- -1.00 (0)
nan +- -1.00 (0)
nan +- -1.00 (0)
nan +- -1.00 (0)
nan +- -1.00 (0)
nan +- -1.00 (0)
nan +- -1.00 (0)
nan +- -1.00 (0)
nan +- -1.00 (0)
nan +- -1.00 (0)
nan +- -1.00 (0)
nan +- -1.00 (0)
nan +- -1.00 (0)
nan +- -1.00 (0)
nan +- -1.00 (0)
nan +- -1.00 (0)
nan +- -1.00 (0)
nan +- -1.00 (0)
nan +- -1.00 (0)
nan +- -1.00 (0)
nan +- -1.00 (0)
nan +- -1.00 (0)
0.0654 +- -1.00 (1)
nan +- -1.00 (0)
nan +- -1.00 (0)
0.0689 +- -1.00 (1)
nan +- -1.00 (0)
0.0710 +- -1.00 (1)
nan +- -1.00 (0)
nan +- -1.00 (0)
0.0680 +- -1.00 (1)
nan +- -1.00 (0)
nan +- -1.00 (0)
0.0739 +- -1.00 (1)
nan +- -1.00 (0)
nan +- -1.00 (0)
nan +- -1.00 (0)
nan +- -1.00 (0)
nan +- -1.00 (0)
nan +- -1.00 (0)
nan +- -1.00 (0)
nan +- -1.00 (0)
nan +- -1.00 (0)
nan +- -1.00 (0)
nan +- -1.00 (0)
nan +- -1.00 (0)
nan +- -1.00 (0)
nan +- -1.00 (0)
nan +- -1.00 (0)
nan +- -1.00 (0)
nan +- -1.00 (0)
nan +- -1.00 (0)
nan +- -1.00 (0)
nan +- -1.00 (0)
nan +- -1.00 (0)
nan +- -1.00 (0)
nan +- -1.00 (0)
nan +- -1.00 (0)
nan +- -1.00 (0)
nan +- -1.00 (0)
nan +- -1.00 (0)
nan +- -1.00 (0)
nan +- -1.00 (0)
nan +- -1.00 (0)
nan +- -1.00 (0)
nan +- -1.00 (0)
nan +- -1.00 (0)
nan +- -1.00 (0)
nan +- -1.00 (0)
nan +- -1.00 (0)
nan +- -1.00 (0)
nan +- -1.00 (0)
nan +- -1.00 (0)
nan +- -1.00 (0)
nan +- -1.00 (0)
nan +- -1.00 (0)
nan +- -1.00 (0)
nan +- -1.00 (0)
nan +- -1.00 (0)
nan +- -1.00 (0)
nan +- -1.00 (0)
nan +- -1.00 (0)
nan +- -1.00 (0)
nan +- -1.00 (0)
nan +- -1.00 (0)
nan +- -1.00 (0)
nan +- -1.00 (0)
nan +- -1.00 (0)
nan +- -1.00 (0)
nan +- -1.00 (0)
nan +- -1.00 (0)
nan +- -1.00 (0)
nan +- -1.00 (0)
nan +- -1.00 (0)
nan +- -1.00 (0)
nan +- -1.00 (0)
nan +- -1.00 (0)
nan +- -1.00 (0)
nan +- -1.00 (0)
nan +- -1.00 (0)
nan +- -1.00 (0)
nan +- -1.00 (0)
nan +- -1.00 (0)
nan +- -1.00 (0)
nan +- -1.00 (0)
nan +- -1.00 (0)
nan +- -1.00 (0)
nan +- -1.00 (0)
nan +- -1.00 (0)
nan +- -1.00 (0)
nan +- -1.00 (0)
nan +- -1.00 (0)
nan +- -1.00 (0)
nan +- -1.00 (0)
nan +- -1.00 (0)
nan +- -1.00 (0)
nan +- -1.00 (0)
nan +- -1.00 (0)
0.0670 +- -1.00 (1)
nan +- -1.00 (0)
0.0728 +- -1.00 (1)
nan +- -1.00 (0)
nan +- -1.00 (0)
nan +- -1.00 (0)
nan +- -1.00 (0)
nan +- -1.00 (0)
nan +- -1.00 (0)
nan +- -1.00 (0)
nan +- -1.00 (0)
nan +- -1.00 (0)
nan +- -1.00 (0)
nan +- -1.00 (0)
nan +- -1.00 (0)
nan +- -1.00 (0)
nan +- -1.00 (0)
0.0810 +- -1.00 (1)
nan +- -1.00 (0)
nan +- -1.00 (0)
nan +- -1.00 (0)
nan +- -1.00 (0)
nan +- -1.00 (0)
nan +- -1.00 (0)
nan +- -1.00 (0)
nan +- -1.00 (0)
nan +- -1.00 (0)
nan +- -1.00 (0)
nan +- -1.00 (0)
0.0752 +- -1.00 (1)
nan +- -1.00 (0)
nan +- -1.00 (0)
nan +- -1.00 (0)
nan +- -1.00 (0)
nan +- -1.00 (0)
nan +- -1.00 (0)
nan +- -1.00 (0)
nan +- -1.00 (0)
nan +- -1.00 (0)
nan +- -1.00 (0)
nan +- -1.00 (0)
nan +- -1.00 (0)
nan +- -1.00 (0)
nan +- -1.00 (0)
nan +- -1.00 (0)
nan +- -1.00 (0)
nan +- -1.00 (0)
nan +- -1.00 (0)
nan +- -1.00 (0)
nan +- -1.00 (0)
nan +- -1.00 (0)
nan +- -1.00 (0)
nan +- -1.00 (0)
nan +- -1.00 (0)
nan +- -1.00 (0)
nan +- -1.00 (0)
nan +- -1.00 (0)
nan +- -1.00 (0)
nan +- -1.00 (0)
nan +- -1.00 (0)
nan +- -1.00 (0)
nan +- -1.00 (0)
nan +- -1.00 (0)
nan +- -1.00 (0)
nan +- -1.00 (0)
nan +- -1.00 (0)
nan +- -1.00 (0)
nan +- -1.00 (0)
nan +- -1.00 (0)
nan +- -1.00 (0)
nan +- -1.00 (0)
nan +- -1.00 (0)
nan +- -1.00 (0)
nan +- -1.00 (0)
nan +- -1.00 (0)
nan +- -1.00 (0)
nan +- -1.00 (0)
nan +- -1.00 (0)
nan +- -1.00 (0)
nan +- -1.00 (0)
nan +- -1.00 (0)
nan +- -1.00 (0)
nan +- -1.00 (0)
nan +- -1.00 (0)
nan +- -1.00 (0)
nan +- -1.00 (0)
nan +- -1.00 (0)
nan +- -1.00 (0)
nan +- -1.00 (0)
nan +- -1.00 (0)
nan +- -1.00 (0)
nan +- -1.00 (0)
nan +- -1.00 (0)
nan +- -1.00 (0)
nan +- -1.00 (0)
nan +- -1.00 (0)
nan +- -1.00 (0)
nan +- -1.00 (0)
nan +- -1.00 (0)
nan +- -1.00 (0)
nan +- -1.00 (0)
nan +- -1.00 (0)
nan +- -1.00 (0)
nan +- -1.00 (0)
nan +- -1.00 (0)
nan +- -1.00 (0)
nan +- -1.00 (0)
0.0723 +- -1.00 (1)
nan +- -1.00 (0)
nan +- -1.00 (0)
nan +- -1.00 (0)
nan +- -1.00 (0)
nan +- -1.00 (0)
nan +- -1.00 (0)
nan +- -1.00 (0)
nan +- -1.00 (0)
nan +- -1.00 (0)
nan +- -1.00 (0)
nan +- -1.00 (0)
nan +- -1.00 (0)
nan +- -1.00 (0)
nan +- -1.00 (0)
nan +- -1.00 (0)
nan +- -1.00 (0)
nan +- -1.00 (0)
nan +- -1.00 (0)
nan +- -1.00 (0)
nan +- -1.00 (0)
nan +- -1.00 (0)
nan +- -1.00 (0)
nan +- -1.00 (0)
nan +- -1.00 (0)
nan +- -1.00 (0)
nan +- -1.00 (0)
nan +- -1.00 (0)
nan +- -1.00 (0)
nan +- -1.00 (0)
nan +- -1.00 (0)
nan +- -1.00 (0)
nan +- -1.00 (0)
nan +- -1.00 (0)
nan +- -1.00 (0)
nan +- -1.00 (0)
nan +- -1.00 (0)
nan +- -1.00 (0)
nan +- -1.00 (0)
nan +- -1.00 (0)
nan +- -1.00 (0)
nan +- -1.00 (0)
nan +- -1.00 (0)
nan +- -1.00 (0)
nan +- -1.00 (0)
nan +- -1.00 (0)
nan +- -1.00 (0)
nan +- -1.00 (0)
nan +- -1.00 (0)
nan +- -1.00 (0)
nan +- -1.00 (0)
nan +- -1.00 (0)
nan +- -1.00 (0)
nan +- -1.00 (0)
nan +- -1.00 (0)
nan +- -1.00 (0)
nan +- -1.00 (0)
nan +- -1.00 (0)
nan +- -1.00 (0)
nan +- -1.00 (0)
nan +- -1.00 (0)
nan +- -1.00 (0)
nan +- -1.00 (0)
nan +- -1.00 (0)
nan +- -1.00 (0)
nan +- -1.00 (0)
nan +- -1.00 (0)
nan +- -1.00 (0)
nan +- -1.00 (0)
nan +- -1.00 (0)
nan +- -1.00 (0)
nan +- -1.00 (0)
nan +- -1.00 (0)
nan +- -1.00 (0)
nan +- -1.00 (0)
nan +- -1.00 (0)
nan +- -1.00 (0)
nan +- -1.00 (0)
nan +- -1.00 (0)
nan +- -1.00 (0)
nan +- -1.00 (0)
nan +- -1.00 (0)
nan +- -1.00 (0)
nan +- -1.00 (0)
nan +- -1.00 (0)
0.0694 +- -1.00 (1)
nan +- -1.00 (0)
nan +- -1.00 (0)
nan +- -1.00 (0)
nan +- -1.00 (0)
nan +- -1.00 (0)
0.0687 +- -1.00 (1)
nan +- -1.00 (0)
nan +- -1.00 (0)
nan +- -1.00 (0)
nan +- -1.00 (0)
0.0728 +- -1.00 (1)
nan +- -1.00 (0)
nan +- -1.00 (0)
nan +- -1.00 (0)
nan +- -1.00 (0)
nan +- -1.00 (0)
nan +- -1.00 (0)
nan +- -1.00 (0)
nan +- -1.00 (0)
nan +- -1.00 (0)
nan +- -1.00 (0)
nan +- -1.00 (0)
nan +- -1.00 (0)
0.0804 +- -1.00 (1)
nan +- -1.00 (0)
nan +- -1.00 (0)
nan +- -1.00 (0)
nan +- -1.00 (0)
nan +- -1.00 (0)
nan +- -1.00 (0)
nan +- -1.00 (0)
nan +- -1.00 (0)
nan +- -1.00 (0)
nan +- -1.00 (0)
nan +- -1.00 (0)
nan +- -1.00 (0)
nan +- -1.00 (0)
nan +- -1.00 (0)
nan +- -1.00 (0)
nan +- -1.00 (0)
nan +- -1.00 (0)
nan +- -1.00 (0)
nan +- -1.00 (0)
nan +- -1.00 (0)
nan +- -1.00 (0)
nan +- -1.00 (0)
nan +- -1.00 (0)
nan +- -1.00 (0)
nan +- -1.00 (0)
nan +- -1.00 (0)
nan +- -1.00 (0)
nan +- -1.00 (0)
nan +- -1.00 (0)
nan +- -1.00 (0)
nan +- -1.00 (0)
0.0614 +- -1.00 (1)
nan +- -1.00 (0)
nan +- -1.00 (0)
nan +- -1.00 (0)
nan +- -1.00 (0)
nan +- -1.00 (0)
nan +- -1.00 (0)
nan +- -1.00 (0)
