../../problems/clp/benchs/BRrw/BRrw1.txt -i 1 --min_fr=1.0 0.039600 0.028300
../../problems/clp/benchs/BRrw/BRrw1.txt -i 31 --min_fr=1.0 0.052000 0.043200
../../problems/clp/benchs/BRrw/BRrw1.txt -i 56 --min_fr=1.0 0.047900 0.032100
../../problems/clp/benchs/BRrw/BRrw1.txt -i 64 --min_fr=1.0 0.019500 0.014200
../../problems/clp/benchs/BRrw/BRrw2.txt -i 9 --min_fr=1.0 0.034700 0.028100
../../problems/clp/benchs/BRrw/BRrw2.txt -i 14 --min_fr=1.0 0.036300 0.026100
../../problems/clp/benchs/BRrw/BRrw2.txt -i 41 --min_fr=1.0 0.043900 0.035500
../../problems/clp/benchs/BRrw/BRrw2.txt -i 49 --min_fr=1.0 0.034600 0.028200
../../problems/clp/benchs/BRrw/BRrw2.txt -i 78 --min_fr=1.0 0.038000 0.031600
../../problems/clp/benchs/BRrw/BRrw2.txt -i 98 --min_fr=1.0 0.038600 0.031900
../../problems/clp/benchs/BRrw/BRrw3.txt -i 59 --min_fr=1.0 0.043800 0.034600
../../problems/clp/benchs/BRrw/BRrw4.txt -i 87 --min_fr=1.0 0.049800 0.039100
../../problems/clp/benchs/BRrw/BRrw4.txt -i 97 --min_fr=1.0 0.039100 0.030400
../../problems/clp/benchs/BRrw/BRrw5.txt -i 30 --min_fr=1.0 0.055800 0.043600
../../problems/clp/benchs/BRrw/BRrw6.txt -i 19 --min_fr=1.0 0.045700 0.037500
../../problems/clp/benchs/BRrw/BRrw6.txt -i 55 --min_fr=1.0 0.045900 0.037700
../../problems/clp/benchs/BRrw/BRrw7.txt -i 26 --min_fr=1.0 0.052900 0.043600
../../problems/clp/benchs/BRrw/BRrw7.txt -i 67 --min_fr=1.0 0.044800 0.037300
../../problems/clp/benchs/BRrw/BRrw8.txt -i 62 --min_fr=0.98 0.062800 0.052000
../../problems/clp/benchs/BRrw/BRrw8.txt -i 90 --min_fr=0.98 0.065400 0.053500
../../problems/clp/benchs/BRrw/BRrw9.txt -i 14 --min_fr=0.98 0.083000 0.063900
../../problems/clp/benchs/BRrw/BRrw9.txt -i 62 --min_fr=0.98 0.064200 0.053100
../../problems/clp/benchs/BRrw/BRrw10.txt -i 8 --min_fr=0.98 0.086700 0.066000
../../problems/clp/benchs/BRrw/BRrw10.txt -i 62 --min_fr=0.98 0.066100 0.054200
../../problems/clp/benchs/BRrw/BRrw12.txt -i 30 --min_fr=0.98 0.087800 0.070900
