0.1596 
0.0721 
0.3738 
0.3216 
0.1456 
0.3227 
0.2697 
0.1619 
0.1393 
0.3968 
0.4105 
0.1195 
0.0515 
0.0618 
0.1512 
0.3012 
0.1461 
0.1030 
0.0757 
0.0975 
0.2343 
0.1639 
0.5709 
0.2671 
0.0943 
0.2072 
0.2531 
0.1598 
0.2267 
0.1541 
0.1676 
0.0913 
0.0329 
0.0687 
0.1008 
0.1303 
0.0891 
0.3874 
0.1731 
0.1081 
0.0929 
0.2777 
0.2426 
0.2534 
0.0989 
0.0862 
0.1420 
0.2139 
0.1156 
0.0284 
0.1135 
0.1934 
0.0626 
0.3801 
0.4596 
0.1257 
0.1458 
0.1385 
0.0518 
0.0690 
0.2714 
0.1182 
0.1971 
0.1894 
0.1667 
0.1460 
0.1565 
0.0404 
0.1351 
0.1466 
0.3192 
0.2436 
0.1474 
0.2911 
0.3239 
0.0711 
0.1535 
0.1390 
0.0790 
0.0983 
0.0828 
0.1824 
0.0981 
0.1502 
0.0626 
0.1309 
0.1059 
0.1571 
0.5851 
0.1155 
0.1086 
0.2294 
0.1297 
0.1771 
0.2476 
0.0436 
0.1237 
0.0793 
0.0434 
0.1751 
0.0764 
0.0331 
0.1242 
0.0956 
0.0840 
0.0690 
0.0608 
0.0367 
0.0937 
0.0861 
0.0984 
0.0893 
0.0348 
0.0491 
0.0535 
0.0601 
0.0305 
0.1317 
0.0764 
0.0975 
0.0929 
0.0630 
0.0654 
0.0968 
0.0813 
0.1002 
0.1113 
0.0675 
0.0792 
0.0475 
0.0785 
0.0484 
0.0381 
0.0686 
0.0902 
0.0374 
0.0786 
0.1382 
0.0500 
0.0505 
0.0790 
0.0650 
0.0520 
0.1690 
0.0579 
0.0940 
0.0627 
0.0559 
0.0840 
0.0321 
0.0493 
0.0785 
0.1253 
0.0688 
0.1056 
0.0405 
0.0831 
0.0815 
0.0522 
0.0789 
0.0573 
0.0732 
0.0906 
0.0512 
0.0319 
0.0467 
0.0633 
0.0590 
0.0966 
0.1152 
0.0821 
0.0897 
0.1079 
0.0668 
0.0976 
0.0538 
0.0520 
0.0706 
0.0739 
0.0556 
0.1158 
0.0664 
0.0565 
0.1005 
0.0304 
0.0540 
0.0905 
0.0926 
0.1636 
0.1041 
0.0362 
0.0950 
0.0594 
0.0470 
0.0625 
0.0541 
0.0706 
0.0544 
0.0709 
0.0309 
0.0657 
0.0667 
0.0789 
0.0620 
0.0590 
0.0568 
0.0416 
0.0531 
0.0583 
0.0364 
0.0680 
0.0744 
0.0471 
0.0737 
0.0474 
0.0613 
0.0374 
0.0821 
0.0577 
0.0714 
0.0760 
0.0533 
0.1057 
0.0852 
0.0726 
0.0574 
0.0797 
0.0630 
0.0430 
0.0325 
0.0711 
0.0525 
0.0502 
0.0624 
0.0640 
0.0536 
0.0722 
0.0646 
0.0427 
0.0790 
0.0652 
0.0587 
0.0767 
0.1020 
0.0603 
0.0715 
0.0563 
0.0515 
0.0512 
0.0372 
0.0416 
0.0596 
0.0981 
0.0668 
0.0794 
0.0418 
0.0482 
0.0528 
0.0529 
0.0749 
0.0855 
0.0601 
0.0703 
0.0675 
0.0305 
0.0298 
0.0604 
0.0661 
0.1055 
0.0817 
0.0579 
0.0801 
0.0745 
0.0638 
0.0770 
0.0353 
0.0480 
0.0549 
0.0462 
0.0761 
0.0953 
0.0747 
0.0659 
0.1057 
0.0380 
0.0540 
0.0590 
0.0810 
0.1136 
0.0696 
0.0651 
0.0669 
0.0791 
0.0430 
0.0777 
0.0419 
0.0664 
0.0528 
0.0356 
0.0557 
0.0578 
0.0484 
0.0779 
0.0458 
0.0622 
0.0559 
0.0562 
0.0619 
0.0655 
0.0524 
0.0615 
0.0810 
0.0310 
0.0617 
0.0543 
0.0590 
0.0864 
0.0792 
0.0458 
0.0586 
0.0719 
0.0580 
0.0614 
0.0572 
0.0702 
0.0587 
0.0560 
0.0555 
0.0452 
0.0575 
0.0603 
0.0540 
0.0539 
0.0579 
0.0657 
0.0530 
0.0612 
0.0794 
0.0332 
0.0705 
0.0605 
0.0487 
0.0709 
0.0884 
0.0653 
0.0688 
0.0711 
0.0540 
0.0554 
0.0634 
0.0542 
0.0575 
0.0685 
0.0656 
0.0657 
0.0345 
0.0593 
0.0597 
0.0585 
0.0577 
0.0507 
0.0570 
0.0481 
0.0777 
0.0448 
0.0695 
0.0514 
0.0513 
0.0602 
0.0756 
0.0581 
0.0519 
0.0837 
0.0676 
0.0442 
0.0464 
0.0491 
0.0696 
0.0380 
0.0759 
0.0655 
0.0542 
0.0540 
0.0796 
0.0468 
0.0614 
0.0497 
0.0662 
0.0860 
0.0796 
0.0337 
0.0644 
0.0821 
0.0476 
0.0461 
0.0481 
0.0622 
0.0552 
0.0471 
0.0654 
0.0469 
0.0566 
0.0688 
0.0572 
0.0666 
0.0708 
0.0673 
0.0758 
0.0530 
0.0459 
0.0714 
0.0714 
0.0508 
0.0593 
0.0619 
0.0687 
0.0802 
0.0745 
0.0467 
0.0636 
0.0744 
0.0518 
0.0597 
0.0781 
0.0673 
0.0567 
0.0557 
0.0522 
0.0531 
0.0588 
0.0768 
0.0592 
0.0544 
0.0601 
0.0736 
0.0538 
0.0451 
0.0708 
0.0510 
0.0771 
0.0686 
0.0561 
0.0760 
0.0854 
0.0724 
0.0926 
0.0773 
0.0518 
0.0602 
0.0441 
0.0461 
0.0731 
0.0663 
0.0708 
0.0705 
0.0380 
0.0627 
0.0682 
0.0454 
0.0616 
0.0469 
0.0556 
0.0631 
0.0810 
0.0348 
0.0629 
0.0735 
0.0513 
0.0579 
0.0639 
0.0615 
0.0608 
0.0588 
0.0986 
0.0612 
0.0688 
0.0498 
0.0597 
0.0448 
0.0720 
0.0693 
0.0545 
0.0533 
0.0636 
0.0454 
0.0599 
0.0369 
0.0616 
0.0772 
0.0669 
0.0521 
0.0698 
0.0708 
0.0486 
0.0565 
0.0513 
0.0815 
0.0550 
0.0351 
0.0518 
0.0607 
0.0461 
0.0811 
0.0625 
0.0601 
0.0552 
0.0615 
0.0750 
0.0562 
0.0668 
0.0677 
0.0731 
0.0506 
0.0501 
0.0453 
0.0526 
0.0489 
0.0802 
0.0528 
0.0562 
0.0794 
0.0794 
0.0584 
0.0813 
0.0678 
0.0699 
0.0731 
0.0653 
0.0537 
0.0481 
0.0566 
0.0624 
0.0542 
0.0667 
0.0745 
0.0646 
0.0493 
0.0533 
0.0505 
0.0681 
0.0681 
0.0655 
0.0573 
0.0674 
0.0638 
0.0685 
0.0642 
0.0756 
0.0664 
0.0626 
0.0491 
0.0725 
0.0622 
0.0760 
0.0774 
0.0446 
0.0560 
0.0541 
0.0494 
0.0711 
0.0511 
0.0418 
0.0676 
0.0776 
0.0539 
0.0556 
0.0749 
0.0542 
0.0709 
0.0665 
0.0544 
0.0646 
0.0713 
0.0727 
0.0499 
0.0632 
0.0608 
0.0599 
0.0477 
0.0760 
0.0769 
0.0765 
0.0695 
0.0594 
0.0542 
0.0690 
0.0625 
0.0731 
0.0682 
0.0726 
0.0613 
0.0530 
0.0813 
0.0574 
0.0553 
0.0496 
0.0747 
0.0622 
0.0506 
0.0620 
0.0703 
0.0646 
0.0728 
0.0587 
0.0687 
0.0747 
0.0634 
0.0581 
0.0723 
0.0711 
0.0744 
0.0792 
0.0483 
0.0527 
0.0561 
0.0591 
0.0580 
0.0885 
0.0744 
0.0569 
0.0656 
0.0529 
0.0589 
0.0953 
0.0772 
0.0701 
0.0611 
0.0710 
0.0648 
0.0541 
0.0711 
0.0649 
0.0623 
0.0558 
0.0524 
0.0779 
0.0681 
0.0680 
0.0480 
0.0722 
0.0868 
0.0836 
0.0621 
0.0755 
0.0578 
0.0747 
0.0727 
0.0681 
0.0603 
0.0703 
0.0606 
0.0657 
0.0574 
0.0716 
0.0819 
0.0524 
0.0602 
0.0693 
0.0526 
0.0862 
0.0618 
0.0603 
0.0722 
0.0516 
0.0617 
0.0743 
0.0728 
0.0518 
0.0595 
0.0810 
0.0669 
0.0619 
0.0683 
0.0620 
0.0553 
0.0725 
0.0599 
0.0574 
0.0580 
0.0684 
0.0701 
0.0628 
0.0694 
0.0585 
0.0572 
0.0752 
0.0562 
0.0716 
0.0716 
0.0771 
0.0675 
0.0708 
0.0788 
0.0551 
0.0794 
0.0547 
0.0715 
0.0574 
0.0632 
0.0648 
0.0560 
0.0616 
0.0702 
0.0641 
0.0691 
0.0597 
0.0678 
0.0843 
0.0777 
0.0858 
0.0764 
0.0702 
0.0635 
0.0593 
0.0738 
0.0812 
0.0734 
0.0755 
0.0758 
0.0734 
0.0767 
0.0640 
0.0781 
0.0850 
0.0827 
0.0799 
0.0553 
0.0596 
0.0828 
0.0782 
0.0716 
0.0641 
0.0815 
0.0797 
0.0811 
0.0540 
0.0728 
0.0786 
0.0557 
0.0706 
0.0718 
0.0774 
0.0694 
0.0647 
0.0691 
0.0681 
0.0826 
0.0749 
0.0597 
0.0592 
0.0683 
0.0730 
0.0629 
0.0807 
0.0754 
0.0674 
0.0701 
0.0523 
0.0716 
0.0815 
0.0732 
0.0799 
0.0720 
0.0900 
0.0518 
0.0616 
0.0735 
0.0633 
0.0898 
0.0802 
0.0804 
0.0767 
0.0831 
0.0854 
0.0617 
0.0858 
0.0672 
0.0745 
0.0719 
0.0789 
0.0859 
0.0778 
0.0742 
0.0587 
0.0565 
0.0722 
0.0731 
0.0589 
0.0914 
0.0833 
0.0808 
0.0597 
0.0693 
0.0612 
0.0843 
0.0766 
0.0829 
0.0825 
0.0649 
0.0768 
0.0961 
0.0950 
0.0894 
0.0869 
0.0889 
0.0901 
0.0878 
0.0835 
0.0901 
0.0770 
0.0904 
0.0777 
0.0864 
0.0955 
0.0938 
0.0925 
0.0825 
0.0776 
0.0928 
0.0853 
0.0911 
0.0854 
0.0795 
0.0896 
0.0987 
0.0840 
0.0808 
0.0814 
0.0993 
0.0729 
0.0908 
0.0873 
0.0873 
0.0876 
0.0976 
0.0833 
0.0864 
0.0671 
0.0932 
0.0821 
0.0788 
0.0887 
0.0846 
0.0658 
0.0861 
0.0891 
0.0855 
0.0820 
0.0785 
0.0922 
0.0939 
0.1007 
0.1006 
0.0910 
0.0975 
0.0899 
0.0825 
0.0848 
0.0899 
0.1061 
0.0685 
0.0938 
0.0780 
0.0719 
0.0810 
0.0729 
0.0882 
0.0909 
0.0805 
0.1056 
0.0821 
0.0899 
0.0728 
0.0892 
0.0878 
0.0800 
0.0686 
0.0815 
0.0937 
0.0808 
0.0875 
0.0830 
0.0870 
0.0816 
0.0858 
0.0987 
0.0751 
0.0929 
0.0933 
0.0879 
0.0817 
0.0761 
0.0781 
0.0772 
0.0914 
0.0901 
0.0841 
0.0945 
0.0971 
0.0895 
0.1025 
0.0793 
0.0873 
0.0978 
0.0937 
0.0922 
0.1008 
0.0947 
0.0794 
0.0863 
0.0883 
0.0673 
0.0934 
0.0856 
0.0905 
0.0837 
0.0954 
0.0778 
0.0835 
0.0962 
0.0824 
0.0944 
0.0981 
0.0868 
0.0922 
0.0834 
0.0909 
0.0916 
0.1037 
0.0890 
0.1065 
0.0898 
0.0881 
0.0900 
0.1128 
0.0854 
0.0833 
0.1052 
0.0955 
0.0821 
0.0873 
0.0916 
0.0866 
0.0960 
0.0923 
0.1032 
0.0952 
0.0838 
0.0730 
0.0998 
0.0900 
0.1056 
0.1118 
0.1047 
0.0937 
0.0809 
0.0852 
0.0972 
0.0834 
0.0881 
0.0891 
0.1013 
0.0796 
0.0940 
0.0894 
0.0866 
0.0915 
0.0840 
0.0927 
0.0986 
0.0850 
0.0965 
0.0945 
0.0963 
0.0735 
0.0901 
0.0878 
0.0887 
0.0847 
0.0886 
0.0904 
0.0928 
0.0973 
0.0995 
0.0964 
0.0929 
0.0893 
0.1013 
0.0889 
0.0786 
0.0901 
0.0986 
0.0803 
0.0854 
0.0995 
0.0938 
0.1046 
0.0899 
0.0963 
0.1045 
0.0977 
0.0965 
0.0888 
0.0978 
0.0868 
0.0950 
0.0976 
0.0942 
0.0970 
0.0869 
0.0899 
0.0969 
0.0878 
0.0980 
0.0925 
0.1027 
0.1014 
0.0918 
0.0799 
0.0979 
0.0849 
0.0913 
0.0860 
0.0939 
0.0980 
0.0917 
0.0878 
0.0974 
0.0920 
0.0893 
0.1150 
0.1039 
0.1044 
0.0904 
0.0916 
0.0988 
0.0869 
0.0915 
0.0943 
0.1003 
0.0860 
0.0963 
0.0892 
0.0904 
0.0912 
0.1048 
0.0966 
0.0781 
0.0794 
0.0883 
0.0853 
0.0996 
0.1040 
0.0993 
0.1004 
0.1057 
0.0958 
0.0880 
0.0901 
0.0939 
0.1090 
0.1072 
0.0888 
0.0874 
0.1054 
0.0799 
0.1014 
0.0964 
0.0908 
0.0842 
0.0909 
0.1159 
0.0934 
0.0895 
0.0986 
0.0976 
0.0861 
0.1027 
0.0826 
0.0911 
0.1081 
0.0805 
0.1099 
0.1003 
0.1090 
0.0926 
0.0990 
0.0968 
0.0964 
0.0963 
0.1037 
0.0946 
0.0785 
0.0869 
0.0918 
0.1063 
0.0985 
0.1165 
0.0917 
0.1189 
0.1000 
0.0825 
0.1112 
0.0858 
0.0887 
0.0946 
0.0907 
0.0940 
0.1110 
0.0992 
0.0903 
0.0963 
0.0881 
0.0907 
0.0959 
0.0999 
0.1004 
0.0910 
0.1088 
0.1057 
0.1001 
0.0942 
0.0819 
0.0925 
0.0990 
0.0943 
0.1065 
0.1082 
0.1045 
0.0923 
0.0917 
0.0887 
0.1036 
0.0894 
0.0882 
0.0951 
0.0854 
0.0917 
0.0946 
0.0943 
0.0913 
0.0919 
0.1015 
0.1002 
0.1121 
0.0967 
0.0999 
0.0930 
0.0845 
0.1037 
0.0986 
0.1002 
0.0889 
0.1016 
0.0968 
0.1007 
0.0949 
0.0959 
0.0928 
0.0960 
0.1084 
0.1037 
0.0896 
0.1082 
0.0847 
0.0871 
0.0877 
0.0979 
0.0951 
0.1028 
0.1018 
0.0907 
0.0867 
0.0923 
0.0897 
0.0935 
0.1013 
0.0944 
0.0864 
0.1087 
0.1044 
0.0911 
0.1001 
0.1120 
0.1078 
0.1055 
0.1093 
0.0979 
0.0828 
0.0798 
0.0830 
0.1043 
0.0958 
0.0856 
0.0889 
0.0943 
0.0933 
0.1058 
0.0846 
0.1186 
0.0990 
0.0991 
0.1041 
0.0902 
0.1007 
0.1201 
0.0907 
0.0982 
0.1074 
0.0972 
0.0823 
0.0954 
0.0960 
0.0932 
0.0992 
0.0962 
0.0974 
0.0885 
0.1066 
0.0977 
0.1083 
0.1035 
0.0861 
0.1087 
0.0998 
0.0988 
0.0896 
0.1074 
0.1018 
0.0869 
0.1041 
0.0920 
0.1016 
0.0967 
0.0983 
0.0925 
0.0985 
0.0947 
0.1022 
0.0998 
0.1018 
0.1113 
0.1047 
0.0999 
0.1099 
0.1027 
0.0998 
0.0972 
0.1012 
0.1098 
0.1016 
0.1001 
0.1117 
0.1017 
0.1127 
0.1048 
0.1083 
0.0914 
0.1014 
0.1098 
0.1005 
0.1089 
0.0983 
0.0964 
0.0834 
0.0924 
0.1039 
0.1113 
0.0877 
0.0985 
0.0855 
0.0932 
0.0902 
0.1044 
0.0903 
0.1131 
0.0963 
0.1060 
0.0960 
0.0979 
0.1117 
0.0997 
0.0954 
0.1114 
0.1012 
0.0958 
0.0946 
0.0964 
0.0973 
0.0983 
0.1182 
0.0987 
0.0946 
0.1109 
0.1111 
0.1099 
0.1064 
0.0935 
0.0967 
0.1111 
0.0981 
0.1114 
0.1015 
0.0978 
0.1124 
0.1183 
0.1081 
0.1200 
0.1082 
0.1129 
0.1093 
0.0953 
0.1098 
0.1105 
0.1069 
0.1093 
0.1067 
0.0869 
0.1174 
0.1178 
0.1106 
0.1087 
0.1047 
0.1056 
0.1045 
0.0894 
0.0786 
0.1146 
0.1085 
0.0961 
0.1161 
0.1211 
0.0948 
0.1149 
0.1053 
0.1001 
0.0988 
0.0975 
0.1027 
0.1097 
0.1028 
0.0909 
0.0926 
0.1095 
0.0908 
0.1030 
0.0941 
0.0968 
0.0988 
0.1023 
0.0999 
0.1014 
0.1193 
0.1147 
0.1105 
0.0942 
0.1009 
0.1132 
0.1036 
0.1033 
0.1152 
0.1294 
0.1006 
0.1099 
0.1037 
0.1086 
0.1078 
0.1124 
0.0990 
0.1043 
0.0897 
0.0936 
0.1054 
0.0996 
0.1028 
0.1007 
0.1049 
0.1108 
0.0983 
0.1144 
0.1153 
0.0877 
0.1118 
0.1113 
0.1172 
0.0949 
0.1085 
0.1122 
0.1024 
0.1062 
0.1154 
0.0996 
0.0972 
0.1006 
0.1063 
0.1102 
0.1094 
0.0994 
0.1035 
0.1132 
0.0969 
0.0992 
0.1010 
0.1001 
0.1088 
0.1091 
0.0880 
0.1169 
0.0906 
0.1037 
0.1068 
0.1025 
0.0921 
0.1035 
0.0934 
0.1185 
0.1005 
0.0965 
0.1026 
0.0941 
0.0987 
0.1048 
0.1014 
0.1116 
0.0818 
0.1108 
0.0957 
0.1118 
0.1167 
0.0997 
0.0987 
0.1114 
0.0865 
0.1110 
0.1095 
0.1051 
0.1024 
0.1021 
0.0991 
0.1099 
0.0892 
0.1018 
0.1079 
0.0959 
0.1144 
0.1076 
0.1012 
0.0969 
0.1011 
0.1077 
0.0990 
0.1100 
0.1117 
0.1151 
0.0955 
0.1021 
0.1038 
0.0968 
0.1101 
0.0952 
0.1062 
0.1090 
0.1039 
0.1097 
0.1256 
0.0931 
0.1256 
0.1216 
0.1077 
0.0972 
0.1002 
0.0929 
0.1029 
0.1002 
0.0910 
0.1095 
0.1084 
0.1112 
0.1008 
0.1203 
0.1215 
0.1045 
0.1233 
0.1145 
0.1106 
0.1074 
0.1053 
0.1047 
0.1020 
0.1098 
0.1182 
0.1082 
0.1067 
0.1050 
0.1029 
0.0975 
0.1068 
0.1134 
0.0940 
0.1137 
0.1201 
0.1099 
0.1134 
0.1068 
0.1072 
0.1168 
0.1154 
0.1107 
0.1097 
0.1025 
0.1147 
0.1167 
0.1081 
0.1176 
0.1168 
0.1252 
0.1017 
0.0939 
0.1165 
0.1160 
0.1139 
0.1047 
0.1135 
0.1103 
0.1126 
0.1185 
0.1085 
0.1212 
0.1140 
0.1084 
0.1236 
0.1169 
0.0980 
0.0997 
0.1056 
0.1055 
0.0964 
0.1048 
0.1054 
0.1079 
0.1039 
0.0950 
0.1140 
0.1064 
0.1188 
0.1034 
0.1110 
0.0957 
0.1052 
0.1233 
0.1043 
0.1142 
0.1014 
0.1183 
0.1132 
0.1185 
0.1036 
0.1063 
0.0989 
0.1017 
0.1093 
0.1205 
0.1095 
0.1053 
0.1112 
0.1033 
0.1150 
0.1153 
0.1057 
0.1094 
0.1032 
0.1205 
0.0975 
0.0995 
0.0985 
0.1020 
0.1096 
0.1127 
0.0998 
0.1011 
0.1324 
0.1128 
0.1093 
0.1119 
0.1272 
0.0977 
0.1101 
0.1079 
0.1053 
0.1107 
0.1292 
0.1096 
0.1079 
0.0988 
0.1061 
0.1125 
0.1121 
0.1095 
0.1225 
0.0930 
