0.6357 
0.7478 
0.5446 
0.7360 
0.5616 
0.6513 
0.7210 
0.5028 
0.4996 
0.6892 
0.6107 
0.6233 
0.7348 
0.7002 
0.6427 
0.6465 
0.6801 
0.5837 
0.4080 
0.5865 
0.7185 
0.6883 
0.5712 
0.5669 
0.6885 
0.6195 
0.7663 
0.8110 
0.5967 
0.7687 
0.6088 
0.5642 
0.6379 
0.6009 
0.5427 
0.6131 
0.7749 
0.6378 
0.7184 
0.6542 
0.6884 
0.7075 
0.6123 
0.6362 
0.6683 
0.5684 
0.6969 
0.7095 
0.6245 
0.6470 
0.6174 
0.6307 
0.7004 
0.6711 
0.6281 
0.6775 
0.6814 
0.6918 
0.7377 
0.7176 
0.7086 
0.7290 
0.6523 
0.6695 
0.7135 
0.6116 
0.6513 
0.6669 
0.6668 
0.7579 
0.6257 
0.6487 
0.7026 
0.6911 
0.6435 
0.6681 
0.7287 
0.6618 
0.7187 
0.7115 
0.7008 
0.7444 
0.6079 
0.7083 
0.7265 
0.6049 
0.6333 
0.5856 
0.6549 
0.7052 
0.6695 
0.6355 
0.7088 
0.7274 
0.6553 
0.6661 
0.7239 
0.7035 
0.7028 
0.6988 
0.7036 
0.7216 
0.5956 
0.6978 
0.6881 
0.6272 
0.6745 
0.6989 
0.6869 
0.6810 
0.6825 
0.6714 
0.6840 
0.7331 
0.6589 
0.6977 
0.7016 
0.6808 
0.7213 
0.6987 
0.6983 
0.6771 
0.6187 
0.6942 
0.6865 
0.6514 
0.6692 
0.6800 
0.6740 
0.6792 
0.6866 
0.6952 
0.6669 
0.6786 
0.6234 
0.6936 
0.6770 
0.7353 
0.6867 
0.6721 
0.6584 
0.6088 
0.5993 
0.6450 
0.6562 
0.6086 
0.6222 
0.6327 
0.5691 
0.6380 
0.6829 
0.6294 
0.6402 
0.6115 
0.6019 
0.6467 
0.6786 
0.6817 
0.7196 
0.5617 
0.6318 
0.6102 
0.5960 
0.6090 
0.6363 
0.5916 
0.6170 
0.5750 
0.6170 
0.6359 
0.6446 
0.6250 
0.5977 
0.6373 
0.6269 
0.5922 
0.6343 
0.6216 
0.6426 
0.5643 
0.6586 
0.6550 
0.5930 
0.6665 
0.6482 
0.5630 
0.6351 
0.5836 
0.6058 
0.6504 
0.6217 
0.6397 
0.6154 
0.6159 
0.6111 
0.6266 
0.6066 
0.6309 
0.6235 
0.5743 
0.6170 
0.5813 
0.6039 
0.6435 
0.6127 
0.6149 
0.6080 
0.5933 
0.6199 
0.6590 
0.6309 
0.5860 
0.6244 
0.5786 
0.6287 
0.6162 
0.6337 
0.6217 
0.6200 
0.5903 
0.6448 
0.6330 
0.6295 
0.6527 
0.5979 
0.5962 
0.6241 
0.5920 
0.6198 
0.6104 
0.6572 
0.6440 
0.6367 
0.6112 
0.6111 
0.6135 
0.6421 
0.6121 
0.6343 
0.6060 
0.6397 
0.6411 
0.5929 
0.6168 
0.6067 
0.5589 
0.6332 
0.5437 
0.5611 
0.6041 
0.6351 
0.6358 
0.6470 
0.6289 
0.5900 
0.6163 
0.6485 
0.6398 
0.6263 
0.5673 
0.6567 
0.5675 
0.6040 
0.6236 
0.5767 
0.5419 
0.6146 
0.5454 
0.5895 
0.5645 
0.5724 
0.5945 
0.6634 
0.5781 
0.6001 
0.5725 
0.5835 
0.6525 
0.5954 
0.5848 
0.6291 
0.5524 
0.5859 
0.5817 
0.5912 
0.5704 
0.6131 
0.5630 
0.6038 
0.5748 
0.5669 
0.5848 
0.5881 
0.5527 
0.5837 
0.5764 
0.6125 
0.6358 
0.5847 
0.5702 
0.6347 
0.7458 
0.3411 
0.7360 
0.5554 
0.6514 
0.6812 
0.6302 
0.5297 
0.6154 
0.6211 
0.6233 
0.7419 
0.7514 
0.3968 
0.6309 
0.5156 
0.6367 
0.5554 
0.5904 
0.5598 
0.6924 
0.6300 
0.7368 
0.6885 
0.6243 
0.7693 
0.7174 
0.5927 
0.6028 
0.6054 
0.5375 
0.6816 
0.6686 
0.4447 
0.6119 
0.5971 
0.6377 
0.7183 
0.6979 
0.6809 
0.7024 
0.6197 
0.7128 
0.6700 
0.5969 
0.6532 
0.7094 
0.5920 
0.6467 
0.6181 
0.6218 
0.6748 
0.6944 
0.6079 
0.6347 
0.6478 
0.6886 
0.7376 
0.7160 
0.7099 
0.7214 
0.6394 
0.6359 
0.7030 
0.6152 
0.6152 
0.6641 
0.6598 
0.7581 
0.6233 
0.6579 
0.7027 
0.6870 
0.6446 
0.6705 
0.6919 
0.5862 
0.7133 
0.7110 
0.7143 
0.7153 
0.6135 
0.7163 
0.7180 
0.6133 
0.6308 
0.6418 
0.6548 
0.7022 
0.6629 
0.6153 
0.7042 
0.6995 
0.6348 
0.6650 
0.7209 
0.6927 
0.6877 
0.7004 
0.7077 
0.7230 
0.5871 
0.7011 
0.6780 
0.6264 
0.6734 
0.6773 
0.6536 
0.6940 
0.6791 
0.6618 
0.6720 
0.7171 
0.6535 
0.6990 
0.6978 
0.6974 
0.7282 
0.6959 
0.6845 
0.6960 
0.6322 
0.7199 
0.6915 
0.6322 
0.6629 
0.6741 
0.6799 
0.6759 
0.6852 
0.6363 
0.6166 
0.6361 
0.6259 
0.6642 
0.6589 
0.7327 
0.6887 
0.6441 
0.6798 
0.6111 
0.5762 
0.6400 
0.6509 
0.6027 
0.6215 
0.6138 
0.5592 
0.6485 
0.6684 
0.6397 
0.6399 
0.6130 
0.6277 
0.6684 
0.6808 
0.6853 
0.7075 
0.5648 
0.6725 
0.6035 
0.5948 
0.6142 
0.6309 
0.5811 
0.6317 
0.6011 
0.6098 
0.6200 
0.6402 
0.6079 
0.5997 
0.6399 
0.6325 
0.5907 
0.6201 
0.6035 
0.6537 
0.5806 
0.6842 
0.6390 
0.5688 
0.6461 
0.6568 
0.5928 
0.6134 
0.5831 
0.6056 
0.6540 
0.6483 
0.6598 
0.5996 
0.6305 
0.6153 
0.6409 
0.6148 
0.6321 
0.6376 
0.6018 
0.6157 
0.6056 
0.5933 
0.6526 
0.6157 
0.6083 
0.6274 
0.6058 
0.6289 
0.6571 
0.6499 
0.5711 
0.6226 
0.5660 
0.6309 
0.6154 
0.6438 
0.6297 
0.6272 
0.5650 
0.6179 
0.5967 
0.6241 
0.6427 
0.6170 
0.5860 
0.6266 
0.6073 
0.6218 
0.6088 
0.6432 
0.6362 
0.6394 
0.5932 
0.6197 
0.6063 
0.6448 
0.6041 
0.6151 
0.6212 
0.6075 
0.5989 
0.5911 
0.6317 
0.5956 
0.5577 
0.6207 
0.5690 
0.5961 
0.6275 
0.6185 
0.6197 
0.6528 
0.6194 
0.6347 
0.6074 
0.6580 
0.6352 
0.6212 
0.5675 
0.6573 
0.5765 
0.5916 
0.6067 
0.5692 
0.5641 
0.6218 
0.5529 
0.5907 
0.6043 
0.6097 
0.6060 
0.6437 
0.6214 
0.5886 
0.6051 
0.5801 
0.6476 
0.6050 
0.6065 
0.6332 
0.5618 
0.5888 
0.6034 
0.5756 
0.6077 
0.6182 
0.5555 
0.6075 
0.5773 
0.5681 
0.6118 
0.5994 
0.5958 
0.5971 
0.5694 
0.6226 
0.6379 
0.5888 
0.5452 
0.6355 
0.4491 
0.5471 
0.7385 
0.4819 
0.6514 
0.6820 
0.6303 
0.3491 
0.6949 
0.5967 
0.6230 
0.7366 
0.7117 
0.5069 
0.6437 
0.5279 
0.6270 
0.4212 
0.4052 
0.7181 
0.6906 
0.6324 
0.7343 
0.6839 
0.6190 
0.6824 
0.8109 
0.6010 
0.3670 
0.6134 
0.5191 
0.6785 
0.6547 
0.5468 
0.4055 
0.7455 
0.6389 
0.7184 
0.6932 
0.6903 
0.5966 
0.5986 
0.7112 
0.6567 
0.5616 
0.6969 
0.7073 
0.6218 
0.6470 
0.6230 
0.5964 
0.6698 
0.6597 
0.6208 
0.6765 
0.7223 
0.6896 
0.7272 
0.7182 
0.7128 
0.7334 
0.4949 
0.6260 
0.7156 
0.5998 
0.6680 
0.6710 
0.6647 
0.7542 
0.6382 
0.6410 
0.6830 
0.5894 
0.6470 
0.6661 
0.7174 
0.6673 
0.6614 
0.7112 
0.7184 
0.6081 
0.6131 
0.6574 
0.6526 
0.5412 
0.6282 
0.6431 
0.6476 
0.7059 
0.6733 
0.5898 
0.6119 
0.7264 
0.6731 
0.6395 
0.7148 
0.7027 
0.6749 
0.6597 
0.7069 
0.7351 
0.6279 
0.6939 
0.6927 
0.6287 
0.6195 
0.7070 
0.6780 
0.6866 
0.6546 
0.6617 
0.6877 
0.6759 
0.6461 
0.7003 
0.6631 
0.7005 
0.7129 
0.7046 
0.6969 
0.6730 
0.5479 
0.7049 
0.6989 
0.6395 
0.6634 
0.6579 
0.5910 
0.6771 
0.6853 
0.6926 
0.6435 
0.6883 
0.6157 
0.6937 
0.6730 
0.6873 
0.6865 
0.6419 
0.6795 
0.6129 
0.5271 
0.6483 
0.6588 
0.5845 
0.6178 
0.6159 
0.5619 
0.4837 
0.6582 
0.6384 
0.6097 
0.6019 
0.5615 
0.6606 
0.6629 
0.6786 
0.7007 
0.5172 
0.6625 
0.6325 
0.5806 
0.6060 
0.6241 
0.5815 
0.5783 
0.5679 
0.6118 
0.6265 
0.5710 
0.6192 
0.5945 
0.6020 
0.6134 
0.6134 
0.6192 
0.6423 
0.6600 
0.6177 
0.6548 
0.6338 
0.5975 
0.6562 
0.6407 
0.5815 
0.6007 
0.5741 
0.6048 
0.6355 
0.6664 
0.6370 
0.6112 
0.5901 
0.5875 
0.6201 
0.6186 
0.6302 
0.6322 
0.6133 
0.6165 
0.5819 
0.5997 
0.6449 
0.6227 
0.6090 
0.6366 
0.6163 
0.6280 
0.6513 
0.6482 
0.6021 
0.6075 
0.5823 
0.6257 
0.5907 
0.6113 
0.6119 
0.6337 
0.5879 
0.6751 
0.6280 
0.6334 
0.6323 
0.5954 
0.5937 
0.6292 
0.5751 
0.6375 
0.5917 
0.6209 
0.6232 
0.6268 
0.6076 
0.6256 
0.6114 
0.6396 
0.6253 
0.6315 
0.6078 
0.6086 
0.5929 
0.5875 
0.6308 
0.6265 
0.5948 
0.6331 
0.5786 
0.5775 
0.6312 
0.6486 
0.6169 
0.6493 
0.6175 
0.6030 
0.5609 
0.6468 
0.6207 
0.6393 
0.5669 
0.6622 
0.5739 
0.6064 
0.6020 
0.6086 
0.5712 
0.6026 
0.5691 
0.6036 
0.5889 
0.6064 
0.6096 
0.6364 
0.6120 
0.6195 
0.6149 
0.6143 
0.6536 
0.6050 
0.5379 
0.6268 
0.5958 
0.6052 
0.5988 
0.6072 
0.6251 
0.6201 
0.5605 
0.6293 
0.6040 
0.6086 
0.5915 
0.5953 
0.5931 
0.6081 
0.5935 
0.6268 
0.6210 
0.5933 
0.5934 
-1.0000 
-1.0000 
-1.0000 
-1.0000 
-1.0000 
-1.0000 
-1.0000 
-1.0000 
-1.0000 
-1.0000 
-1.0000 
-1.0000 
-1.0000 
-1.0000 
-1.0000 
-1.0000 
-1.0000 
-1.0000 
-1.0000 
-1.0000 
-1.0000 
-1.0000 
-1.0000 
-1.0000 
-1.0000 
-1.0000 
-1.0000 
-1.0000 
-1.0000 
-1.0000 
-1.0000 
-1.0000 
-1.0000 
-1.0000 
-1.0000 
-1.0000 
-1.0000 
-1.0000 
-1.0000 
-1.0000 
-1.0000 
-1.0000 
-1.0000 
-1.0000 
-1.0000 
-1.0000 
-1.0000 
-1.0000 
-1.0000 
-1.0000 
-1.0000 
-1.0000 
-1.0000 
-1.0000 
-1.0000 
-1.0000 
-1.0000 
-1.0000 
-1.0000 
-1.0000 
-1.0000 
-1.0000 
-1.0000 
-1.0000 
-1.0000 
-1.0000 
-1.0000 
-1.0000 
-1.0000 
-1.0000 
-1.0000 
-1.0000 
-1.0000 
-1.0000 
-1.0000 
-1.0000 
-1.0000 
-1.0000 
-1.0000 
-1.0000 
-1.0000 
-1.0000 
-1.0000 
-1.0000 
-1.0000 
-1.0000 
-1.0000 
-1.0000 
-1.0000 
-1.0000 
-1.0000 
-1.0000 
-1.0000 
-1.0000 
-1.0000 
-1.0000 
-1.0000 
-1.0000 
-1.0000 
-1.0000 
-1.0000 
-1.0000 
-1.0000 
-1.0000 
-1.0000 
-1.0000 
-1.0000 
-1.0000 
-1.0000 
-1.0000 
-1.0000 
-1.0000 
-1.0000 
-1.0000 
-1.0000 
-1.0000 
-1.0000 
-1.0000 
-1.0000 
-1.0000 
-1.0000 
-1.0000 
-1.0000 
-1.0000 
-1.0000 
-1.0000 
-1.0000 
-1.0000 
-1.0000 
-1.0000 
-1.0000 
-1.0000 
-1.0000 
-1.0000 
-1.0000 
-1.0000 
-1.0000 
-1.0000 
-1.0000 
-1.0000 
-1.0000 
-1.0000 
-1.0000 
-1.0000 
-1.0000 
-1.0000 
-1.0000 
-1.0000 
-1.0000 
-1.0000 
-1.0000 
-1.0000 
-1.0000 
-1.0000 
-1.0000 
-1.0000 
-1.0000 
-1.0000 
-1.0000 
-1.0000 
-1.0000 
-1.0000 
-1.0000 
-1.0000 
-1.0000 
-1.0000 
-1.0000 
-1.0000 
-1.0000 
-1.0000 
-1.0000 
-1.0000 
-1.0000 
-1.0000 
-1.0000 
-1.0000 
-1.0000 
-1.0000 
-1.0000 
-1.0000 
-1.0000 
-1.0000 
-1.0000 
-1.0000 
-1.0000 
-1.0000 
-1.0000 
-1.0000 
-1.0000 
-1.0000 
-1.0000 
-1.0000 
-1.0000 
-1.0000 
-1.0000 
-1.0000 
-1.0000 
-1.0000 
-1.0000 
-1.0000 
