../../problems/clp/benchs/NMFTA/NMFTA_3.txt -i 0 --min_fr=1.0 0.959600 0.780700
../../problems/clp/benchs/NMFTA/NMFTA_3.txt -i 2 --min_fr=1.0 0.885700 0.514800
../../problems/clp/benchs/NMFTA/NMFTA_3.txt -i 3 --min_fr=1.0 0.838400 0.694700
../../problems/clp/benchs/NMFTA/NMFTA_3.txt -i 4 --min_fr=1.0 0.961600 0.588300
../../problems/clp/benchs/NMFTA/NMFTA_3.txt -i 5 --min_fr=1.0 0.968400 0.556300
../../problems/clp/benchs/NMFTA/NMFTA_3.txt -i 7 --min_fr=1.0 0.842000 0.526600
../../problems/clp/benchs/NMFTA/NMFTA_3.txt -i 8 --min_fr=1.0 0.932600 0.596500
../../problems/clp/benchs/NMFTA/NMFTA_3.txt -i 9 --min_fr=1.0 0.833300 0.490000
../../problems/clp/benchs/NMFTA/NMFTA_3.txt -i 10 --min_fr=1.0 0.927900 0.760000
../../problems/clp/benchs/NMFTA/NMFTA_3.txt -i 11 --min_fr=1.0 0.862100 0.585800
../../problems/clp/benchs/NMFTA/NMFTA_3.txt -i 12 --min_fr=1.0 0.972700 0.728400
../../problems/clp/benchs/NMFTA/NMFTA_3.txt -i 13 --min_fr=1.0 0.910700 0.403200
../../problems/clp/benchs/NMFTA/NMFTA_3.txt -i 17 --min_fr=1.0 0.958900 0.485600
../../problems/clp/benchs/NMFTA/NMFTA_3.txt -i 19 --min_fr=1.0 0.967800 0.717800
../../problems/clp/benchs/NMFTA/NMFTA_3.txt -i 20 --min_fr=1.0 0.942700 0.723100
../../problems/clp/benchs/NMFTA/NMFTA_3.txt -i 21 --min_fr=1.0 0.945400 0.633300
../../problems/clp/benchs/NMFTA/NMFTA_3.txt -i 22 --min_fr=1.0 0.916200 0.656100
../../problems/clp/benchs/NMFTA/NMFTA_3.txt -i 23 --min_fr=1.0 0.901800 0.502000
../../problems/clp/benchs/NMFTA/NMFTA_3.txt -i 27 --min_fr=1.0 0.982800 0.797000
../../problems/clp/benchs/NMFTA/NMFTA_3.txt -i 29 --min_fr=1.0 0.966400 0.633300
../../problems/clp/benchs/NMFTA/NMFTA_3.txt -i 30 --min_fr=1.0 0.966300 0.678100
../../problems/clp/benchs/NMFTA/NMFTA_3.txt -i 31 --min_fr=1.0 0.971500 0.751100
../../problems/clp/benchs/NMFTA/NMFTA_3.txt -i 32 --min_fr=1.0 0.964300 0.563600
../../problems/clp/benchs/NMFTA/NMFTA_3.txt -i 33 --min_fr=1.0 0.899300 0.638700
../../problems/clp/benchs/NMFTA/NMFTA_3.txt -i 34 --min_fr=1.0 0.979000 0.584600
../../problems/clp/benchs/NMFTA/NMFTA_3.txt -i 37 --min_fr=1.0 0.963500 0.673800
../../problems/clp/benchs/NMFTA/NMFTA_3.txt -i 38 --min_fr=1.0 0.976100 0.697300
../../problems/clp/benchs/NMFTA/NMFTA_3.txt -i 39 --min_fr=1.0 0.978800 0.628500
../../problems/clp/benchs/NMFTA/NMFTA_3.txt -i 40 --min_fr=1.0 0.837700 0.695800
../../problems/clp/benchs/NMFTA/NMFTA_3.txt -i 41 --min_fr=1.0 0.981600 0.781000
../../problems/clp/benchs/NMFTA/NMFTA_3.txt -i 42 --min_fr=1.0 0.980500 0.775600
../../problems/clp/benchs/NMFTA/NMFTA_3.txt -i 43 --min_fr=1.0 0.969800 0.730600
../../problems/clp/benchs/NMFTA/NMFTA_3.txt -i 45 --min_fr=1.0 0.980000 0.745700
../../problems/clp/benchs/NMFTA/NMFTA_3.txt -i 46 --min_fr=1.0 0.982100 0.723600
../../problems/clp/benchs/NMFTA/NMFTA_3.txt -i 47 --min_fr=1.0 0.984700 0.675500
../../problems/clp/benchs/NMFTA/NMFTA_3.txt -i 48 --min_fr=1.0 0.977200 0.706900
../../problems/clp/benchs/NMFTA/NMFTA_3.txt -i 49 --min_fr=1.0 0.976300 0.771500
../../problems/clp/benchs/NMFTA/NMFTA_3.txt -i 50 --min_fr=1.0 0.979300 0.729700
../../problems/clp/benchs/NMFTA/NMFTA_3.txt -i 51 --min_fr=1.0 0.976700 0.648600
../../problems/clp/benchs/NMFTA/NMFTA_3.txt -i 52 --min_fr=1.0 0.978600 0.701500
../../problems/clp/benchs/NMFTA/NMFTA_3.txt -i 53 --min_fr=1.0 0.957800 0.655500
../../problems/clp/benchs/NMFTA/NMFTA_3.txt -i 54 --min_fr=1.0 0.979300 0.628600
../../problems/clp/benchs/NMFTA/NMFTA_3.txt -i 55 --min_fr=1.0 0.977800 0.576200
../../problems/clp/benchs/NMFTA/NMFTA_3.txt -i 56 --min_fr=1.0 0.964300 0.790700
../../problems/clp/benchs/NMFTA/NMFTA_3.txt -i 59 --min_fr=1.0 0.980900 0.726200
../../problems/clp/benchs/NMFTA/NMFTA_3.txt -i 60 --min_fr=1.0 0.983700 0.807400
../../problems/clp/benchs/NMFTA/NMFTA_3.txt -i 61 --min_fr=1.0 0.980100 0.691900
../../problems/clp/benchs/NMFTA/NMFTA_3.txt -i 62 --min_fr=1.0 0.979400 0.725800
../../problems/clp/benchs/NMFTA/NMFTA_3.txt -i 63 --min_fr=1.0 0.986300 0.775800
../../problems/clp/benchs/NMFTA/NMFTA_3.txt -i 64 --min_fr=1.0 0.980800 0.659900
../../problems/clp/benchs/NMFTA/NMFTA_3.txt -i 65 --min_fr=1.0 0.976700 0.798800
../../problems/clp/benchs/NMFTA/NMFTA_3.txt -i 66 --min_fr=1.0 0.982600 0.740100
../../problems/clp/benchs/NMFTA/NMFTA_3.txt -i 67 --min_fr=1.0 0.978200 0.773500
../../problems/clp/benchs/NMFTA/NMFTA_3.txt -i 69 --min_fr=1.0 0.980200 0.692900
../../problems/clp/benchs/NMFTA/NMFTA_3.txt -i 70 --min_fr=1.0 0.976300 0.714100
../../problems/clp/benchs/NMFTA/NMFTA_3.txt -i 71 --min_fr=1.0 0.979200 0.684700
../../problems/clp/benchs/NMFTA/NMFTA_3.txt -i 72 --min_fr=1.0 0.986600 0.768100
../../problems/clp/benchs/NMFTA/NMFTA_3.txt -i 73 --min_fr=1.0 0.984300 0.645400
../../problems/clp/benchs/NMFTA/NMFTA_3.txt -i 74 --min_fr=1.0 0.977500 0.744700
../../problems/clp/benchs/NMFTA/NMFTA_3.txt -i 75 --min_fr=1.0 0.983000 0.693500
../../problems/clp/benchs/NMFTA/NMFTA_3.txt -i 76 --min_fr=1.0 0.974100 0.791400
../../problems/clp/benchs/NMFTA/NMFTA_3.txt -i 77 --min_fr=1.0 0.970100 0.765800
../../problems/clp/benchs/NMFTA/NMFTA_3.txt -i 78 --min_fr=1.0 0.980000 0.695200
../../problems/clp/benchs/NMFTA/NMFTA_3.txt -i 80 --min_fr=1.0 0.983500 0.772800
../../problems/clp/benchs/NMFTA/NMFTA_3.txt -i 82 --min_fr=1.0 0.975000 0.713600
../../problems/clp/benchs/NMFTA/NMFTA_3.txt -i 83 --min_fr=1.0 0.981100 0.732800
../../problems/clp/benchs/NMFTA/NMFTA_3.txt -i 84 --min_fr=1.0 0.978900 0.745700
../../problems/clp/benchs/NMFTA/NMFTA_3.txt -i 85 --min_fr=1.0 0.975900 0.710700
../../problems/clp/benchs/NMFTA/NMFTA_3.txt -i 86 --min_fr=1.0 0.982000 0.697000
../../problems/clp/benchs/NMFTA/NMFTA_3.txt -i 87 --min_fr=1.0 0.972700 0.593300
../../problems/clp/benchs/NMFTA/NMFTA_3.txt -i 90 --min_fr=1.0 0.981600 0.773100
../../problems/clp/benchs/NMFTA/NMFTA_3.txt -i 91 --min_fr=1.0 0.979500 0.778500
../../problems/clp/benchs/NMFTA/NMFTA_3.txt -i 92 --min_fr=1.0 0.989400 0.786400
../../problems/clp/benchs/NMFTA/NMFTA_3.txt -i 93 --min_fr=1.0 0.981200 0.753000
../../problems/clp/benchs/NMFTA/NMFTA_3.txt -i 94 --min_fr=1.0 0.975000 0.727600
../../problems/clp/benchs/NMFTA/NMFTA_3.txt -i 95 --min_fr=1.0 0.984800 0.711600
../../problems/clp/benchs/NMFTA/NMFTA_3.txt -i 97 --min_fr=1.0 0.973200 0.763300
../../problems/clp/benchs/NMFTA/NMFTA_3.txt -i 98 --min_fr=1.0 0.985200 0.761700
../../problems/clp/benchs/NMFTA/NMFTA_3.txt -i 99 --min_fr=1.0 0.980700 0.805800
../../problems/clp/benchs/NMFTA/NMFTA_4.txt -i 0 --min_fr=1.0 0.983600 0.708600
../../problems/clp/benchs/NMFTA/NMFTA_4.txt -i 2 --min_fr=1.0 0.979400 0.813100
../../problems/clp/benchs/NMFTA/NMFTA_4.txt -i 3 --min_fr=1.0 0.980700 0.793800
../../problems/clp/benchs/NMFTA/NMFTA_4.txt -i 4 --min_fr=1.0 0.990000 0.795600
../../problems/clp/benchs/NMFTA/NMFTA_4.txt -i 5 --min_fr=1.0 0.973000 0.744800
../../problems/clp/benchs/NMFTA/NMFTA_4.txt -i 7 --min_fr=1.0 0.968800 0.792900
../../problems/clp/benchs/NMFTA/NMFTA_4.txt -i 8 --min_fr=1.0 0.965100 0.678500
../../problems/clp/benchs/NMFTA/NMFTA_4.txt -i 9 --min_fr=1.0 0.981600 0.809900
../../problems/clp/benchs/NMFTA/NMFTA_4.txt -i 10 --min_fr=1.0 0.974300 0.762600
../../problems/clp/benchs/NMFTA/NMFTA_4.txt -i 12 --min_fr=1.0 0.985800 0.786300
../../problems/clp/benchs/NMFTA/NMFTA_4.txt -i 13 --min_fr=1.0 0.984200 0.756700
../../problems/clp/benchs/NMFTA/NMFTA_4.txt -i 14 --min_fr=1.0 0.986700 0.763700
../../problems/clp/benchs/NMFTA/NMFTA_4.txt -i 18 --min_fr=1.0 0.981900 0.760600
../../problems/clp/benchs/NMFTA/NMFTA_4.txt -i 17 --min_fr=1.0 0.970000 0.697600
../../problems/clp/benchs/NMFTA/NMFTA_4.txt -i 18 --min_fr=1.0 0.979500 0.806100
../../problems/clp/benchs/NMFTA/NMFTA_4.txt -i 19 --min_fr=1.0 0.981600 0.795700
../../problems/clp/benchs/NMFTA/NMFTA_4.txt -i 21 --min_fr=1.0 0.965600 0.730700
../../problems/clp/benchs/NMFTA/NMFTA_4.txt -i 22 --min_fr=1.0 0.982000 0.788900
../../problems/clp/benchs/NMFTA/NMFTA_4.txt -i 24 --min_fr=1.0 0.979800 0.759400
../../problems/clp/benchs/NMFTA/NMFTA_4.txt -i 25 --min_fr=1.0 0.984100 0.792700
../../problems/clp/benchs/NMFTA/NMFTA_4.txt -i 26 --min_fr=1.0 0.977200 0.777800
../../problems/clp/benchs/NMFTA/NMFTA_4.txt -i 27 --min_fr=1.0 0.973400 0.771800
../../problems/clp/benchs/NMFTA/NMFTA_4.txt -i 28 --min_fr=1.0 0.977900 0.756300
../../problems/clp/benchs/NMFTA/NMFTA_4.txt -i 29 --min_fr=1.0 0.981900 0.730300
../../problems/clp/benchs/NMFTA/NMFTA_4.txt -i 30 --min_fr=1.0 0.975100 0.755000
../../problems/clp/benchs/NMFTA/NMFTA_4.txt -i 31 --min_fr=1.0 0.980400 0.704900
../../problems/clp/benchs/NMFTA/NMFTA_4.txt -i 32 --min_fr=1.0 0.980000 0.770600
../../problems/clp/benchs/NMFTA/NMFTA_4.txt -i 33 --min_fr=1.0 0.974100 0.778900
../../problems/clp/benchs/NMFTA/NMFTA_4.txt -i 34 --min_fr=1.0 0.981200 0.783200
../../problems/clp/benchs/NMFTA/NMFTA_4.txt -i 36 --min_fr=1.0 0.978700 0.811300
../../problems/clp/benchs/NMFTA/NMFTA_4.txt -i 37 --min_fr=1.0 0.973600 0.793400
../../problems/clp/benchs/NMFTA/NMFTA_4.txt -i 38 --min_fr=1.0 0.975300 0.797400
../../problems/clp/benchs/NMFTA/NMFTA_4.txt -i 39 --min_fr=1.0 0.980900 0.767900
../../problems/clp/benchs/NMFTA/NMFTA_4.txt -i 40 --min_fr=1.0 0.969700 0.774300
../../problems/clp/benchs/NMFTA/NMFTA_4.txt -i 41 --min_fr=1.0 0.969500 0.667300
../../problems/clp/benchs/NMFTA/NMFTA_4.txt -i 42 --min_fr=1.0 0.958400 0.728800
../../problems/clp/benchs/NMFTA/NMFTA_4.txt -i 43 --min_fr=1.0 0.964400 0.676900
../../problems/clp/benchs/NMFTA/NMFTA_4.txt -i 44 --min_fr=1.0 0.972700 0.778900
../../problems/clp/benchs/NMFTA/NMFTA_4.txt -i 45 --min_fr=1.0 0.965400 0.699900
../../problems/clp/benchs/NMFTA/NMFTA_4.txt -i 46 --min_fr=1.0 0.970800 0.667600
../../problems/clp/benchs/NMFTA/NMFTA_4.txt -i 47 --min_fr=1.0 0.953700 0.718500
../../problems/clp/benchs/NMFTA/NMFTA_4.txt -i 48 --min_fr=1.0 0.969500 0.766500
../../problems/clp/benchs/NMFTA/NMFTA_4.txt -i 50 --min_fr=1.0 0.971200 0.779500
../../problems/clp/benchs/NMFTA/NMFTA_4.txt -i 51 --min_fr=1.0 0.973500 0.742500
../../problems/clp/benchs/NMFTA/NMFTA_4.txt -i 52 --min_fr=1.0 0.970700 0.762700
../../problems/clp/benchs/NMFTA/NMFTA_4.txt -i 53 --min_fr=1.0 0.964300 0.689600
../../problems/clp/benchs/NMFTA/NMFTA_4.txt -i 54 --min_fr=1.0 0.981300 0.660300
../../problems/clp/benchs/NMFTA/NMFTA_4.txt -i 55 --min_fr=1.0 0.972500 0.704200
../../problems/clp/benchs/NMFTA/NMFTA_4.txt -i 56 --min_fr=1.0 0.972500 0.753900
../../problems/clp/benchs/NMFTA/NMFTA_4.txt -i 57 --min_fr=1.0 0.973200 0.771000
../../problems/clp/benchs/NMFTA/NMFTA_4.txt -i 58 --min_fr=1.0 0.980900 0.690100
../../problems/clp/benchs/NMFTA/NMFTA_4.txt -i 59 --min_fr=1.0 0.965400 0.692900
../../problems/clp/benchs/NMFTA/NMFTA_4.txt -i 60 --min_fr=1.0 0.977300 0.676300
../../problems/clp/benchs/NMFTA/NMFTA_4.txt -i 61 --min_fr=1.0 0.974300 0.728800
../../problems/clp/benchs/NMFTA/NMFTA_4.txt -i 62 --min_fr=1.0 0.955100 0.718400
../../problems/clp/benchs/NMFTA/NMFTA_4.txt -i 63 --min_fr=1.0 0.959400 0.753500
../../problems/clp/benchs/NMFTA/NMFTA_4.txt -i 64 --min_fr=1.0 0.961100 0.687900
../../problems/clp/benchs/NMFTA/NMFTA_4.txt -i 65 --min_fr=1.0 0.965100 0.701200
../../problems/clp/benchs/NMFTA/NMFTA_4.txt -i 66 --min_fr=1.0 0.971700 0.783700
../../problems/clp/benchs/NMFTA/NMFTA_4.txt -i 67 --min_fr=1.0 0.958800 0.749100
../../problems/clp/benchs/NMFTA/NMFTA_4.txt -i 68 --min_fr=1.0 0.963100 0.707200
../../problems/clp/benchs/NMFTA/NMFTA_4.txt -i 70 --min_fr=1.0 0.973700 0.684800
../../problems/clp/benchs/NMFTA/NMFTA_4.txt -i 71 --min_fr=1.0 0.968100 0.738100
../../problems/clp/benchs/NMFTA/NMFTA_4.txt -i 72 --min_fr=1.0 0.967300 0.704000
../../problems/clp/benchs/NMFTA/NMFTA_4.txt -i 73 --min_fr=1.0 0.964800 0.707100
../../problems/clp/benchs/NMFTA/NMFTA_4.txt -i 74 --min_fr=1.0 0.965600 0.697800
../../problems/clp/benchs/NMFTA/NMFTA_4.txt -i 75 --min_fr=1.0 0.968800 0.742300
../../problems/clp/benchs/NMFTA/NMFTA_4.txt -i 76 --min_fr=1.0 0.965200 0.653100
../../problems/clp/benchs/NMFTA/NMFTA_4.txt -i 77 --min_fr=1.0 0.969500 0.727000
../../problems/clp/benchs/NMFTA/NMFTA_4.txt -i 78 --min_fr=1.0 0.968100 0.698000
../../problems/clp/benchs/NMFTA/NMFTA_4.txt -i 79 --min_fr=1.0 0.967500 0.640900
../../problems/clp/benchs/NMFTA/NMFTA_4.txt -i 80 --min_fr=1.0 0.972000 0.736500
../../problems/clp/benchs/NMFTA/NMFTA_4.txt -i 81 --min_fr=1.0 0.971700 0.767500
../../problems/clp/benchs/NMFTA/NMFTA_4.txt -i 82 --min_fr=1.0 0.968600 0.748200
../../problems/clp/benchs/NMFTA/NMFTA_4.txt -i 83 --min_fr=1.0 0.975900 0.718700
../../problems/clp/benchs/NMFTA/NMFTA_4.txt -i 84 --min_fr=1.0 0.965000 0.752500
../../problems/clp/benchs/NMFTA/NMFTA_4.txt -i 85 --min_fr=1.0 0.959900 0.757000
../../problems/clp/benchs/NMFTA/NMFTA_4.txt -i 86 --min_fr=1.0 0.974400 0.742900
../../problems/clp/benchs/NMFTA/NMFTA_4.txt -i 87 --min_fr=1.0 0.972100 0.706900
../../problems/clp/benchs/NMFTA/NMFTA_4.txt -i 88 --min_fr=1.0 0.954600 0.661700
../../problems/clp/benchs/NMFTA/NMFTA_4.txt -i 89 --min_fr=1.0 0.971400 0.682000
../../problems/clp/benchs/NMFTA/NMFTA_4.txt -i 90 --min_fr=1.0 0.968700 0.760100
../../problems/clp/benchs/NMFTA/NMFTA_4.txt -i 91 --min_fr=1.0 0.973000 0.750100
../../problems/clp/benchs/NMFTA/NMFTA_4.txt -i 92 --min_fr=1.0 0.969000 0.644000
../../problems/clp/benchs/NMFTA/NMFTA_4.txt -i 93 --min_fr=1.0 0.967600 0.752600
../../problems/clp/benchs/NMFTA/NMFTA_4.txt -i 94 --min_fr=1.0 0.962600 0.764900
../../problems/clp/benchs/NMFTA/NMFTA_4.txt -i 95 --min_fr=1.0 0.970700 0.693700
../../problems/clp/benchs/NMFTA/NMFTA_4.txt -i 96 --min_fr=1.0 0.973200 0.692100
../../problems/clp/benchs/NMFTA/NMFTA_4.txt -i 97 --min_fr=1.0 0.969900 0.650900
../../problems/clp/benchs/NMFTA/NMFTA_4.txt -i 98 --min_fr=1.0 0.964500 0.740900
../../problems/clp/benchs/NMFTA/NMFTA_4.txt -i 99 --min_fr=1.0 0.974800 0.725900
../../problems/clp/benchs/NMFTA/NMFTA_7.txt -i 0 --min_fr=1.0 0.965900 0.756800
../../problems/clp/benchs/NMFTA/NMFTA_7.txt -i 1 --min_fr=1.0 0.963100 0.724600
../../problems/clp/benchs/NMFTA/NMFTA_7.txt -i 2 --min_fr=1.0 0.963800 0.724500
../../problems/clp/benchs/NMFTA/NMFTA_7.txt -i 3 --min_fr=1.0 0.966800 0.691500
../../problems/clp/benchs/NMFTA/NMFTA_7.txt -i 4 --min_fr=1.0 0.966700 0.714300
../../problems/clp/benchs/NMFTA/NMFTA_7.txt -i 5 --min_fr=1.0 0.967500 0.668700
../../problems/clp/benchs/NMFTA/NMFTA_7.txt -i 6 --min_fr=1.0 0.975400 0.741000
../../problems/clp/benchs/NMFTA/NMFTA_7.txt -i 7 --min_fr=1.0 0.972800 0.705700
../../problems/clp/benchs/NMFTA/NMFTA_7.txt -i 8 --min_fr=1.0 0.959300 0.706400
../../problems/clp/benchs/NMFTA/NMFTA_7.txt -i 9 --min_fr=1.0 0.971500 0.710500
../../problems/clp/benchs/NMFTA/NMFTA_7.txt -i 10 --min_fr=1.0 0.969500 0.700700
../../problems/clp/benchs/NMFTA/NMFTA_7.txt -i 11 --min_fr=1.0 0.961100 0.707200
../../problems/clp/benchs/NMFTA/NMFTA_7.txt -i 12 --min_fr=1.0 0.950600 0.713400
../../problems/clp/benchs/NMFTA/NMFTA_7.txt -i 13 --min_fr=1.0 0.948000 0.690800
../../problems/clp/benchs/NMFTA/NMFTA_7.txt -i 14 --min_fr=1.0 0.972700 0.738200
../../problems/clp/benchs/NMFTA/NMFTA_7.txt -i 18 --min_fr=1.0 0.969400 0.721900
../../problems/clp/benchs/NMFTA/NMFTA_7.txt -i 16 --min_fr=1.0 0.967800 0.695900
../../problems/clp/benchs/NMFTA/NMFTA_7.txt -i 17 --min_fr=1.0 0.962000 0.777700
../../problems/clp/benchs/NMFTA/NMFTA_7.txt -i 18 --min_fr=1.0 0.960400 0.734300
../../problems/clp/benchs/NMFTA/NMFTA_7.txt -i 19 --min_fr=1.0 0.970200 0.683900
../../problems/clp/benchs/NMFTA/NMFTA_7.txt -i 20 --min_fr=1.0 0.954200 0.697600
../../problems/clp/benchs/NMFTA/NMFTA_7.txt -i 21 --min_fr=1.0 0.967100 0.779100
../../problems/clp/benchs/NMFTA/NMFTA_7.txt -i 22 --min_fr=1.0 0.975500 0.736900
../../problems/clp/benchs/NMFTA/NMFTA_7.txt -i 23 --min_fr=1.0 0.967200 0.735000
../../problems/clp/benchs/NMFTA/NMFTA_7.txt -i 24 --min_fr=1.0 0.972800 0.673700
../../problems/clp/benchs/NMFTA/NMFTA_7.txt -i 25 --min_fr=1.0 0.955200 0.703400
../../problems/clp/benchs/NMFTA/NMFTA_7.txt -i 26 --min_fr=1.0 0.966100 0.692100
../../problems/clp/benchs/NMFTA/NMFTA_7.txt -i 27 --min_fr=1.0 0.964900 0.737600
../../problems/clp/benchs/NMFTA/NMFTA_7.txt -i 28 --min_fr=1.0 0.958500 0.697500
../../problems/clp/benchs/NMFTA/NMFTA_7.txt -i 29 --min_fr=1.0 0.967900 0.731300
../../problems/clp/benchs/NMFTA/NMFTA_7.txt -i 30 --min_fr=1.0 0.971600 0.722200
../../problems/clp/benchs/NMFTA/NMFTA_7.txt -i 31 --min_fr=1.0 0.967600 0.786300
../../problems/clp/benchs/NMFTA/NMFTA_7.txt -i 32 --min_fr=1.0 0.962500 0.710900
../../problems/clp/benchs/NMFTA/NMFTA_7.txt -i 33 --min_fr=1.0 0.970500 0.698200
../../problems/clp/benchs/NMFTA/NMFTA_7.txt -i 34 --min_fr=1.0 0.967800 0.709200
../../problems/clp/benchs/NMFTA/NMFTA_7.txt -i 35 --min_fr=1.0 0.969200 0.687000
../../problems/clp/benchs/NMFTA/NMFTA_7.txt -i 36 --min_fr=1.0 0.971900 0.758600
../../problems/clp/benchs/NMFTA/NMFTA_7.txt -i 37 --min_fr=1.0 0.970800 0.781700
../../problems/clp/benchs/NMFTA/NMFTA_7.txt -i 38 --min_fr=1.0 0.961700 0.769400
../../problems/clp/benchs/NMFTA/NMFTA_7.txt -i 39 --min_fr=1.0 0.970900 0.655000
../../problems/clp/benchs/NMFTA/NMFTA_7.txt -i 40 --min_fr=1.0 0.969100 0.768000
../../problems/clp/benchs/NMFTA/NMFTA_7.txt -i 41 --min_fr=1.0 0.970400 0.734900
../../problems/clp/benchs/NMFTA/NMFTA_7.txt -i 42 --min_fr=1.0 0.960300 0.693500
../../problems/clp/benchs/NMFTA/NMFTA_7.txt -i 43 --min_fr=1.0 0.962600 0.700000
../../problems/clp/benchs/NMFTA/NMFTA_7.txt -i 44 --min_fr=1.0 0.968700 0.723300
../../problems/clp/benchs/NMFTA/NMFTA_7.txt -i 45 --min_fr=1.0 0.958200 0.707100
../../problems/clp/benchs/NMFTA/NMFTA_7.txt -i 46 --min_fr=1.0 0.947800 0.689500
../../problems/clp/benchs/NMFTA/NMFTA_7.txt -i 47 --min_fr=1.0 0.964400 0.658600
../../problems/clp/benchs/NMFTA/NMFTA_7.txt -i 48 --min_fr=1.0 0.966000 0.705400
../../problems/clp/benchs/NMFTA/NMFTA_7.txt -i 49 --min_fr=1.0 0.967200 0.726000
../../problems/clp/benchs/NMFTA/NMFTA_7.txt -i 50 --min_fr=1.0 0.973400 0.690700
../../problems/clp/benchs/NMFTA/NMFTA_7.txt -i 51 --min_fr=1.0 0.965500 0.696000
../../problems/clp/benchs/NMFTA/NMFTA_7.txt -i 52 --min_fr=1.0 0.970400 0.649900
../../problems/clp/benchs/NMFTA/NMFTA_7.txt -i 53 --min_fr=1.0 0.967300 0.738600
../../problems/clp/benchs/NMFTA/NMFTA_7.txt -i 54 --min_fr=1.0 0.961600 0.690000
../../problems/clp/benchs/NMFTA/NMFTA_7.txt -i 55 --min_fr=1.0 0.966400 0.745800
../../problems/clp/benchs/NMFTA/NMFTA_7.txt -i 56 --min_fr=1.0 0.965900 0.710400
../../problems/clp/benchs/NMFTA/NMFTA_7.txt -i 57 --min_fr=1.0 0.971900 0.714100
../../problems/clp/benchs/NMFTA/NMFTA_7.txt -i 58 --min_fr=1.0 0.968100 0.682700
../../problems/clp/benchs/NMFTA/NMFTA_7.txt -i 59 --min_fr=1.0 0.964700 0.705000
../../problems/clp/benchs/NMFTA/NMFTA_7.txt -i 60 --min_fr=1.0 0.938400 0.751200
../../problems/clp/benchs/NMFTA/NMFTA_7.txt -i 61 --min_fr=1.0 0.963200 0.658200
../../problems/clp/benchs/NMFTA/NMFTA_7.txt -i 62 --min_fr=1.0 0.963300 0.697500
../../problems/clp/benchs/NMFTA/NMFTA_7.txt -i 63 --min_fr=1.0 0.947200 0.702200
../../problems/clp/benchs/NMFTA/NMFTA_7.txt -i 64 --min_fr=1.0 0.966700 0.677600
../../problems/clp/benchs/NMFTA/NMFTA_7.txt -i 65 --min_fr=1.0 0.963500 0.727700
../../problems/clp/benchs/NMFTA/NMFTA_7.txt -i 66 --min_fr=1.0 0.958600 0.716800
../../problems/clp/benchs/NMFTA/NMFTA_7.txt -i 67 --min_fr=1.0 0.963500 0.729000
../../problems/clp/benchs/NMFTA/NMFTA_7.txt -i 68 --min_fr=1.0 0.961000 0.702700
../../problems/clp/benchs/NMFTA/NMFTA_7.txt -i 69 --min_fr=1.0 0.967200 0.733300
../../problems/clp/benchs/NMFTA/NMFTA_7.txt -i 70 --min_fr=1.0 0.962300 0.730300
../../problems/clp/benchs/NMFTA/NMFTA_7.txt -i 71 --min_fr=1.0 0.956700 0.676500
../../problems/clp/benchs/NMFTA/NMFTA_7.txt -i 72 --min_fr=1.0 0.971400 0.701700
../../problems/clp/benchs/NMFTA/NMFTA_7.txt -i 73 --min_fr=1.0 0.965400 0.654300
../../problems/clp/benchs/NMFTA/NMFTA_7.txt -i 74 --min_fr=1.0 0.956400 0.683700
../../problems/clp/benchs/NMFTA/NMFTA_7.txt -i 75 --min_fr=1.0 0.960400 0.740100
../../problems/clp/benchs/NMFTA/NMFTA_7.txt -i 76 --min_fr=1.0 0.922200 0.687100
../../problems/clp/benchs/NMFTA/NMFTA_7.txt -i 77 --min_fr=1.0 0.964000 0.728300
../../problems/clp/benchs/NMFTA/NMFTA_7.txt -i 78 --min_fr=1.0 0.965800 0.714300
../../problems/clp/benchs/NMFTA/NMFTA_7.txt -i 79 --min_fr=1.0 0.964000 0.715100
../../problems/clp/benchs/NMFTA/NMFTA_7.txt -i 80 --min_fr=1.0 0.960100 0.687800
../../problems/clp/benchs/NMFTA/NMFTA_7.txt -i 81 --min_fr=1.0 0.960400 0.712600
../../problems/clp/benchs/NMFTA/NMFTA_7.txt -i 82 --min_fr=1.0 0.965600 0.721500
../../problems/clp/benchs/NMFTA/NMFTA_7.txt -i 83 --min_fr=1.0 0.962700 0.702100
../../problems/clp/benchs/NMFTA/NMFTA_7.txt -i 84 --min_fr=1.0 0.963700 0.688600
../../problems/clp/benchs/NMFTA/NMFTA_7.txt -i 85 --min_fr=1.0 0.933300 0.705000
../../problems/clp/benchs/NMFTA/NMFTA_7.txt -i 86 --min_fr=1.0 0.924500 0.735300
../../problems/clp/benchs/NMFTA/NMFTA_7.txt -i 87 --min_fr=1.0 0.968800 0.657400
../../problems/clp/benchs/NMFTA/NMFTA_7.txt -i 88 --min_fr=1.0 0.966900 0.741500
../../problems/clp/benchs/NMFTA/NMFTA_7.txt -i 89 --min_fr=1.0 0.961300 0.729200
../../problems/clp/benchs/NMFTA/NMFTA_7.txt -i 90 --min_fr=1.0 0.953100 0.675600
../../problems/clp/benchs/NMFTA/NMFTA_7.txt -i 91 --min_fr=1.0 0.962300 0.705200
../../problems/clp/benchs/NMFTA/NMFTA_7.txt -i 92 --min_fr=1.0 0.941200 0.718800
../../problems/clp/benchs/NMFTA/NMFTA_7.txt -i 93 --min_fr=1.0 0.964400 0.667800
../../problems/clp/benchs/NMFTA/NMFTA_7.txt -i 94 --min_fr=1.0 0.968300 0.744100
../../problems/clp/benchs/NMFTA/NMFTA_7.txt -i 95 --min_fr=1.0 0.969300 0.708700
../../problems/clp/benchs/NMFTA/NMFTA_7.txt -i 96 --min_fr=1.0 0.928900 0.706800
../../problems/clp/benchs/NMFTA/NMFTA_7.txt -i 97 --min_fr=1.0 0.964500 0.712800
../../problems/clp/benchs/NMFTA/NMFTA_7.txt -i 98 --min_fr=1.0 0.967300 0.741100
../../problems/clp/benchs/NMFTA/NMFTA_7.txt -i 99 --min_fr=1.0 0.960400 0.687300
../../problems/clp/benchs/NMFTA/NMFTA_8.txt -i 0 --min_fr=0.98 0.836500 0.684500
../../problems/clp/benchs/NMFTA/NMFTA_8.txt -i 2 --min_fr=0.98 0.753500 0.287400
../../problems/clp/benchs/NMFTA/NMFTA_8.txt -i 3 --min_fr=0.98 0.925500 0.697000
../../problems/clp/benchs/NMFTA/NMFTA_8.txt -i 6 --min_fr=0.98 0.933500 0.589200
../../problems/clp/benchs/NMFTA/NMFTA_8.txt -i 8 --min_fr=0.98 0.680900 0.522800
../../problems/clp/benchs/NMFTA/NMFTA_8.txt -i 9 --min_fr=0.98 0.957800 0.613400
../../problems/clp/benchs/NMFTA/NMFTA_8.txt -i 10 --min_fr=0.98 0.787000 0.596700
../../problems/clp/benchs/NMFTA/NMFTA_8.txt -i 11 --min_fr=0.98 0.962000 0.767700
../../problems/clp/benchs/NMFTA/NMFTA_8.txt -i 14 --min_fr=0.98 0.793100 0.367100
../../problems/clp/benchs/NMFTA/NMFTA_8.txt -i 18 --min_fr=0.98 0.977100 0.711200
../../problems/clp/benchs/NMFTA/NMFTA_8.txt -i 18 --min_fr=0.98 0.802200 0.511700
../../problems/clp/benchs/NMFTA/NMFTA_8.txt -i 20 --min_fr=0.98 0.940300 0.641900
../../problems/clp/benchs/NMFTA/NMFTA_8.txt -i 21 --min_fr=0.98 0.969700 0.614000
../../problems/clp/benchs/NMFTA/NMFTA_8.txt -i 22 --min_fr=0.98 0.909900 0.730800
../../problems/clp/benchs/NMFTA/NMFTA_8.txt -i 23 --min_fr=0.98 0.977100 0.712900
../../problems/clp/benchs/NMFTA/NMFTA_8.txt -i 24 --min_fr=0.98 0.973400 0.778600
../../problems/clp/benchs/NMFTA/NMFTA_8.txt -i 25 --min_fr=0.98 0.765000 0.568800
../../problems/clp/benchs/NMFTA/NMFTA_8.txt -i 26 --min_fr=0.98 0.976000 0.791600
../../problems/clp/benchs/NMFTA/NMFTA_8.txt -i 28 --min_fr=0.98 0.973600 0.743000
../../problems/clp/benchs/NMFTA/NMFTA_8.txt -i 29 --min_fr=0.98 0.849600 0.643000
../../problems/clp/benchs/NMFTA/NMFTA_8.txt -i 31 --min_fr=0.98 0.961100 0.561800
../../problems/clp/benchs/NMFTA/NMFTA_8.txt -i 33 --min_fr=0.98 0.958900 0.687700
../../problems/clp/benchs/NMFTA/NMFTA_8.txt -i 34 --min_fr=0.98 0.882600 0.610100
../../problems/clp/benchs/NMFTA/NMFTA_8.txt -i 36 --min_fr=0.98 0.905300 0.444800
../../problems/clp/benchs/NMFTA/NMFTA_8.txt -i 37 --min_fr=0.98 0.973300 0.647100
../../problems/clp/benchs/NMFTA/NMFTA_8.txt -i 39 --min_fr=0.98 0.963100 0.774500
../../problems/clp/benchs/NMFTA/NMFTA_8.txt -i 41 --min_fr=0.98 0.965200 0.705000
../../problems/clp/benchs/NMFTA/NMFTA_8.txt -i 42 --min_fr=0.98 0.970400 0.762200
../../problems/clp/benchs/NMFTA/NMFTA_8.txt -i 44 --min_fr=0.98 0.972500 0.662400
../../problems/clp/benchs/NMFTA/NMFTA_8.txt -i 45 --min_fr=0.98 0.975900 0.734600
../../problems/clp/benchs/NMFTA/NMFTA_8.txt -i 46 --min_fr=0.98 0.977400 0.732600
../../problems/clp/benchs/NMFTA/NMFTA_8.txt -i 48 --min_fr=0.98 0.956000 0.686700
../../problems/clp/benchs/NMFTA/NMFTA_8.txt -i 49 --min_fr=0.98 0.981100 0.786800
../../problems/clp/benchs/NMFTA/NMFTA_8.txt -i 50 --min_fr=0.98 0.980200 0.661500
../../problems/clp/benchs/NMFTA/NMFTA_8.txt -i 51 --min_fr=0.98 0.970200 0.756000
../../problems/clp/benchs/NMFTA/NMFTA_8.txt -i 52 --min_fr=0.98 0.977000 0.757300
../../problems/clp/benchs/NMFTA/NMFTA_8.txt -i 53 --min_fr=0.98 0.977300 0.766000
../../problems/clp/benchs/NMFTA/NMFTA_8.txt -i 54 --min_fr=0.98 0.978800 0.566700
../../problems/clp/benchs/NMFTA/NMFTA_8.txt -i 55 --min_fr=0.98 0.976300 0.675700
../../problems/clp/benchs/NMFTA/NMFTA_8.txt -i 56 --min_fr=0.98 0.962800 0.485900
../../problems/clp/benchs/NMFTA/NMFTA_8.txt -i 57 --min_fr=0.98 0.968900 0.689200
../../problems/clp/benchs/NMFTA/NMFTA_8.txt -i 59 --min_fr=0.98 0.984600 0.764700
../../problems/clp/benchs/NMFTA/NMFTA_8.txt -i 60 --min_fr=0.98 0.978300 0.728200
../../problems/clp/benchs/NMFTA/NMFTA_8.txt -i 61 --min_fr=0.98 0.978700 0.795800
../../problems/clp/benchs/NMFTA/NMFTA_8.txt -i 62 --min_fr=0.98 0.977700 0.693600
../../problems/clp/benchs/NMFTA/NMFTA_8.txt -i 63 --min_fr=0.98 0.978300 0.692300
../../problems/clp/benchs/NMFTA/NMFTA_8.txt -i 65 --min_fr=0.98 0.974400 0.663100
../../problems/clp/benchs/NMFTA/NMFTA_8.txt -i 66 --min_fr=0.98 0.967500 0.752500
../../problems/clp/benchs/NMFTA/NMFTA_8.txt -i 67 --min_fr=0.98 0.974400 0.764500
../../problems/clp/benchs/NMFTA/NMFTA_8.txt -i 69 --min_fr=0.98 0.981800 0.734600
../../problems/clp/benchs/NMFTA/NMFTA_8.txt -i 70 --min_fr=0.98 0.975600 0.755300
../../problems/clp/benchs/NMFTA/NMFTA_8.txt -i 73 --min_fr=0.98 0.977000 0.718700
../../problems/clp/benchs/NMFTA/NMFTA_8.txt -i 74 --min_fr=0.98 0.976200 0.792400
../../problems/clp/benchs/NMFTA/NMFTA_8.txt -i 75 --min_fr=0.98 0.977800 0.656600
../../problems/clp/benchs/NMFTA/NMFTA_8.txt -i 76 --min_fr=0.98 0.957800 0.747600
../../problems/clp/benchs/NMFTA/NMFTA_8.txt -i 77 --min_fr=0.98 0.914400 0.657200
../../problems/clp/benchs/NMFTA/NMFTA_8.txt -i 78 --min_fr=0.98 0.983700 0.810000
../../problems/clp/benchs/NMFTA/NMFTA_8.txt -i 80 --min_fr=0.98 0.977600 0.734000
../../problems/clp/benchs/NMFTA/NMFTA_8.txt -i 82 --min_fr=0.98 0.976400 0.704800
../../problems/clp/benchs/NMFTA/NMFTA_8.txt -i 83 --min_fr=0.98 0.980100 0.749200
../../problems/clp/benchs/NMFTA/NMFTA_8.txt -i 86 --min_fr=0.98 0.981200 0.739100
../../problems/clp/benchs/NMFTA/NMFTA_8.txt -i 88 --min_fr=0.98 0.977400 0.673400
../../problems/clp/benchs/NMFTA/NMFTA_8.txt -i 89 --min_fr=0.98 0.981600 0.767800
../../problems/clp/benchs/NMFTA/NMFTA_8.txt -i 90 --min_fr=0.98 0.977600 0.766700
../../problems/clp/benchs/NMFTA/NMFTA_8.txt -i 91 --min_fr=0.98 0.973500 0.747000
../../problems/clp/benchs/NMFTA/NMFTA_8.txt -i 92 --min_fr=0.98 0.985700 0.815100
../../problems/clp/benchs/NMFTA/NMFTA_8.txt -i 94 --min_fr=0.98 0.988500 0.749200
../../problems/clp/benchs/NMFTA/NMFTA_8.txt -i 95 --min_fr=0.98 0.974500 0.733100
../../problems/clp/benchs/NMFTA/NMFTA_8.txt -i 97 --min_fr=0.98 0.971900 0.759000
../../problems/clp/benchs/NMFTA/NMFTA_8.txt -i 98 --min_fr=0.98 0.985200 0.592300
../../problems/clp/benchs/NMFTA/NMFTA_8.txt -i 99 --min_fr=0.98 0.968000 0.806600
../../problems/clp/benchs/NMFTA/NMFTA_9.txt -i 0 --min_fr=0.98 0.972400 0.723800
../../problems/clp/benchs/NMFTA/NMFTA_9.txt -i 1 --min_fr=0.98 0.982100 0.811300
../../problems/clp/benchs/NMFTA/NMFTA_9.txt -i 2 --min_fr=0.98 0.979900 0.736300
../../problems/clp/benchs/NMFTA/NMFTA_9.txt -i 3 --min_fr=0.98 0.981300 0.795200
../../problems/clp/benchs/NMFTA/NMFTA_9.txt -i 4 --min_fr=0.98 0.979200 0.785100
../../problems/clp/benchs/NMFTA/NMFTA_9.txt -i 5 --min_fr=0.98 0.970000 0.705300
../../problems/clp/benchs/NMFTA/NMFTA_9.txt -i 6 --min_fr=0.98 0.981000 0.776700
../../problems/clp/benchs/NMFTA/NMFTA_9.txt -i 7 --min_fr=0.98 0.976500 0.768200
../../problems/clp/benchs/NMFTA/NMFTA_9.txt -i 8 --min_fr=0.98 0.973900 0.616400
../../problems/clp/benchs/NMFTA/NMFTA_9.txt -i 9 --min_fr=0.98 0.969600 0.730100
../../problems/clp/benchs/NMFTA/NMFTA_9.txt -i 11 --min_fr=0.98 0.979700 0.804400
../../problems/clp/benchs/NMFTA/NMFTA_9.txt -i 12 --min_fr=0.98 0.974100 0.701200
../../problems/clp/benchs/NMFTA/NMFTA_9.txt -i 14 --min_fr=0.98 0.986800 0.707800
../../problems/clp/benchs/NMFTA/NMFTA_9.txt -i 18 --min_fr=0.98 0.982600 0.799300
../../problems/clp/benchs/NMFTA/NMFTA_9.txt -i 19 --min_fr=0.98 0.981500 0.719100
../../problems/clp/benchs/NMFTA/NMFTA_9.txt -i 20 --min_fr=0.98 0.977900 0.748800
../../problems/clp/benchs/NMFTA/NMFTA_9.txt -i 21 --min_fr=0.98 0.979600 0.782000
../../problems/clp/benchs/NMFTA/NMFTA_9.txt -i 22 --min_fr=0.98 0.979500 0.782400
../../problems/clp/benchs/NMFTA/NMFTA_9.txt -i 23 --min_fr=0.98 0.981900 0.813300
../../problems/clp/benchs/NMFTA/NMFTA_9.txt -i 24 --min_fr=0.98 0.977300 0.767300
../../problems/clp/benchs/NMFTA/NMFTA_9.txt -i 25 --min_fr=0.98 0.973900 0.746600
../../problems/clp/benchs/NMFTA/NMFTA_9.txt -i 26 --min_fr=0.98 0.980100 0.703100
../../problems/clp/benchs/NMFTA/NMFTA_9.txt -i 27 --min_fr=0.98 0.976900 0.805400
../../problems/clp/benchs/NMFTA/NMFTA_9.txt -i 28 --min_fr=0.98 0.975900 0.795700
../../problems/clp/benchs/NMFTA/NMFTA_9.txt -i 29 --min_fr=0.98 0.983000 0.703300
../../problems/clp/benchs/NMFTA/NMFTA_9.txt -i 30 --min_fr=0.98 0.975800 0.744600
../../problems/clp/benchs/NMFTA/NMFTA_9.txt -i 31 --min_fr=0.98 0.978400 0.700500
../../problems/clp/benchs/NMFTA/NMFTA_9.txt -i 32 --min_fr=0.98 0.971800 0.716800
../../problems/clp/benchs/NMFTA/NMFTA_9.txt -i 33 --min_fr=0.98 0.980700 0.806400
../../problems/clp/benchs/NMFTA/NMFTA_9.txt -i 34 --min_fr=0.98 0.976700 0.739100
../../problems/clp/benchs/NMFTA/NMFTA_9.txt -i 35 --min_fr=0.98 0.979300 0.700900
../../problems/clp/benchs/NMFTA/NMFTA_9.txt -i 36 --min_fr=0.98 0.978500 0.753600
../../problems/clp/benchs/NMFTA/NMFTA_9.txt -i 38 --min_fr=0.98 0.973800 0.762600
../../problems/clp/benchs/NMFTA/NMFTA_9.txt -i 39 --min_fr=0.98 0.974200 0.690900
../../problems/clp/benchs/NMFTA/NMFTA_9.txt -i 40 --min_fr=0.98 0.973100 0.673100
../../problems/clp/benchs/NMFTA/NMFTA_9.txt -i 41 --min_fr=0.98 0.970500 0.717500
../../problems/clp/benchs/NMFTA/NMFTA_9.txt -i 42 --min_fr=0.98 0.957700 0.659300
../../problems/clp/benchs/NMFTA/NMFTA_9.txt -i 44 --min_fr=0.98 0.972300 0.621600
../../problems/clp/benchs/NMFTA/NMFTA_9.txt -i 45 --min_fr=0.98 0.954100 0.659600
../../problems/clp/benchs/NMFTA/NMFTA_9.txt -i 46 --min_fr=0.98 0.960600 0.764900
../../problems/clp/benchs/NMFTA/NMFTA_9.txt -i 47 --min_fr=0.98 0.865700 0.703000
../../problems/clp/benchs/NMFTA/NMFTA_9.txt -i 48 --min_fr=0.98 0.952100 0.735700
../../problems/clp/benchs/NMFTA/NMFTA_9.txt -i 49 --min_fr=0.98 0.966900 0.745300
../../problems/clp/benchs/NMFTA/NMFTA_9.txt -i 51 --min_fr=0.98 0.972100 0.743900
../../problems/clp/benchs/NMFTA/NMFTA_9.txt -i 52 --min_fr=0.98 0.951200 0.698000
../../problems/clp/benchs/NMFTA/NMFTA_9.txt -i 53 --min_fr=0.98 0.966600 0.789100
../../problems/clp/benchs/NMFTA/NMFTA_9.txt -i 57 --min_fr=0.98 0.970500 0.696400
../../problems/clp/benchs/NMFTA/NMFTA_9.txt -i 59 --min_fr=0.98 0.903600 0.740500
../../problems/clp/benchs/NMFTA/NMFTA_9.txt -i 61 --min_fr=0.98 0.965000 0.668500
../../problems/clp/benchs/NMFTA/NMFTA_9.txt -i 62 --min_fr=0.98 0.954100 0.673600
../../problems/clp/benchs/NMFTA/NMFTA_9.txt -i 63 --min_fr=0.98 0.965300 0.676400
../../problems/clp/benchs/NMFTA/NMFTA_9.txt -i 64 --min_fr=0.98 0.970400 0.756600
../../problems/clp/benchs/NMFTA/NMFTA_9.txt -i 65 --min_fr=0.98 0.967700 0.710100
../../problems/clp/benchs/NMFTA/NMFTA_9.txt -i 66 --min_fr=0.98 0.958900 0.721000
../../problems/clp/benchs/NMFTA/NMFTA_9.txt -i 67 --min_fr=0.98 0.960100 0.659000
../../problems/clp/benchs/NMFTA/NMFTA_9.txt -i 68 --min_fr=0.98 0.950000 0.693400
../../problems/clp/benchs/NMFTA/NMFTA_9.txt -i 69 --min_fr=0.98 0.972600 0.761200
../../problems/clp/benchs/NMFTA/NMFTA_9.txt -i 70 --min_fr=0.98 0.972600 0.778600
../../problems/clp/benchs/NMFTA/NMFTA_9.txt -i 71 --min_fr=0.98 0.964600 0.791600
../../problems/clp/benchs/NMFTA/NMFTA_9.txt -i 72 --min_fr=0.98 0.929900 0.745000
../../problems/clp/benchs/NMFTA/NMFTA_9.txt -i 74 --min_fr=0.98 0.957200 0.679800
../../problems/clp/benchs/NMFTA/NMFTA_9.txt -i 75 --min_fr=0.98 0.969700 0.748800
../../problems/clp/benchs/NMFTA/NMFTA_9.txt -i 76 --min_fr=0.98 0.967900 0.680200
../../problems/clp/benchs/NMFTA/NMFTA_9.txt -i 77 --min_fr=0.98 0.970600 0.735100
../../problems/clp/benchs/NMFTA/NMFTA_9.txt -i 78 --min_fr=0.98 0.970700 0.766100
../../problems/clp/benchs/NMFTA/NMFTA_9.txt -i 79 --min_fr=0.98 0.961400 0.677800
../../problems/clp/benchs/NMFTA/NMFTA_9.txt -i 80 --min_fr=0.98 0.965800 0.768400
../../problems/clp/benchs/NMFTA/NMFTA_9.txt -i 81 --min_fr=0.98 0.965600 0.708400
../../problems/clp/benchs/NMFTA/NMFTA_9.txt -i 82 --min_fr=0.98 0.866100 0.609800
../../problems/clp/benchs/NMFTA/NMFTA_9.txt -i 83 --min_fr=0.98 0.958200 0.787800
../../problems/clp/benchs/NMFTA/NMFTA_9.txt -i 84 --min_fr=0.98 0.967200 0.679100
../../problems/clp/benchs/NMFTA/NMFTA_9.txt -i 85 --min_fr=0.98 0.964000 0.726100
../../problems/clp/benchs/NMFTA/NMFTA_9.txt -i 86 --min_fr=0.98 0.966300 0.711600
../../problems/clp/benchs/NMFTA/NMFTA_9.txt -i 87 --min_fr=0.98 0.966200 0.626900
../../problems/clp/benchs/NMFTA/NMFTA_9.txt -i 88 --min_fr=0.98 0.965700 0.768800
../../problems/clp/benchs/NMFTA/NMFTA_9.txt -i 90 --min_fr=0.98 0.971900 0.752900
../../problems/clp/benchs/NMFTA/NMFTA_9.txt -i 91 --min_fr=0.98 0.967500 0.753900
../../problems/clp/benchs/NMFTA/NMFTA_9.txt -i 92 --min_fr=0.98 0.955700 0.660100
../../problems/clp/benchs/NMFTA/NMFTA_9.txt -i 93 --min_fr=0.98 0.959500 0.693600
../../problems/clp/benchs/NMFTA/NMFTA_9.txt -i 94 --min_fr=0.98 0.961400 0.707700
../../problems/clp/benchs/NMFTA/NMFTA_9.txt -i 95 --min_fr=0.98 0.969700 0.680000
../../problems/clp/benchs/NMFTA/NMFTA_9.txt -i 96 --min_fr=0.98 0.969100 0.763200
../../problems/clp/benchs/NMFTA/NMFTA_9.txt -i 97 --min_fr=0.98 0.962900 0.766500
../../problems/clp/benchs/NMFTA/NMFTA_9.txt -i 98 --min_fr=0.98 0.970400 0.804400
../../problems/clp/benchs/NMFTA/NMFTA_9.txt -i 99 --min_fr=0.98 0.965400 0.684100
../../problems/clp/benchs/NMFTA/NMFTA_10.txt -i 0 --min_fr=0.98 0.962600 0.728500
../../problems/clp/benchs/NMFTA/NMFTA_10.txt -i 1 --min_fr=0.98 0.924800 0.680600
../../problems/clp/benchs/NMFTA/NMFTA_10.txt -i 2 --min_fr=0.98 0.849700 0.688100
../../problems/clp/benchs/NMFTA/NMFTA_10.txt -i 3 --min_fr=0.98 0.968100 0.765100
../../problems/clp/benchs/NMFTA/NMFTA_10.txt -i 4 --min_fr=0.98 0.945200 0.668600
../../problems/clp/benchs/NMFTA/NMFTA_10.txt -i 5 --min_fr=0.98 0.966300 0.675800
../../problems/clp/benchs/NMFTA/NMFTA_10.txt -i 6 --min_fr=0.98 0.962600 0.672200
../../problems/clp/benchs/NMFTA/NMFTA_10.txt -i 7 --min_fr=0.98 0.874600 0.635700
../../problems/clp/benchs/NMFTA/NMFTA_10.txt -i 8 --min_fr=0.98 0.960100 0.739900
../../problems/clp/benchs/NMFTA/NMFTA_10.txt -i 9 --min_fr=0.98 0.962900 0.752500
../../problems/clp/benchs/NMFTA/NMFTA_10.txt -i 11 --min_fr=0.98 0.960500 0.700200
../../problems/clp/benchs/NMFTA/NMFTA_10.txt -i 12 --min_fr=0.98 0.965400 0.715900
../../problems/clp/benchs/NMFTA/NMFTA_10.txt -i 13 --min_fr=0.98 0.897400 0.746500
../../problems/clp/benchs/NMFTA/NMFTA_10.txt -i 14 --min_fr=0.98 0.962000 0.734200
../../problems/clp/benchs/NMFTA/NMFTA_10.txt -i 18 --min_fr=0.98 0.959500 0.710400
../../problems/clp/benchs/NMFTA/NMFTA_10.txt -i 16 --min_fr=0.98 0.883500 0.697000
../../problems/clp/benchs/NMFTA/NMFTA_10.txt -i 17 --min_fr=0.98 0.963000 0.724700
../../problems/clp/benchs/NMFTA/NMFTA_10.txt -i 18 --min_fr=0.98 0.971100 0.723500
../../problems/clp/benchs/NMFTA/NMFTA_10.txt -i 19 --min_fr=0.98 0.932200 0.678800
../../problems/clp/benchs/NMFTA/NMFTA_10.txt -i 20 --min_fr=0.98 0.957100 0.739400
../../problems/clp/benchs/NMFTA/NMFTA_10.txt -i 21 --min_fr=0.98 0.966800 0.693700
../../problems/clp/benchs/NMFTA/NMFTA_10.txt -i 22 --min_fr=0.98 0.949900 0.692800
../../problems/clp/benchs/NMFTA/NMFTA_10.txt -i 23 --min_fr=0.98 0.939200 0.765400
../../problems/clp/benchs/NMFTA/NMFTA_10.txt -i 24 --min_fr=0.98 0.898600 0.692500
../../problems/clp/benchs/NMFTA/NMFTA_10.txt -i 25 --min_fr=0.98 0.910000 0.708500
../../problems/clp/benchs/NMFTA/NMFTA_10.txt -i 26 --min_fr=0.98 0.933100 0.732900
../../problems/clp/benchs/NMFTA/NMFTA_10.txt -i 27 --min_fr=0.98 0.917700 0.713400
../../problems/clp/benchs/NMFTA/NMFTA_10.txt -i 28 --min_fr=0.98 0.887000 0.709200
../../problems/clp/benchs/NMFTA/NMFTA_10.txt -i 29 --min_fr=0.98 0.971000 0.715500
../../problems/clp/benchs/NMFTA/NMFTA_10.txt -i 30 --min_fr=0.98 0.968900 0.743700
../../problems/clp/benchs/NMFTA/NMFTA_10.txt -i 31 --min_fr=0.98 0.967000 0.707400
../../problems/clp/benchs/NMFTA/NMFTA_10.txt -i 32 --min_fr=0.98 0.961200 0.698300
../../problems/clp/benchs/NMFTA/NMFTA_10.txt -i 33 --min_fr=0.98 0.958400 0.736900
../../problems/clp/benchs/NMFTA/NMFTA_10.txt -i 34 --min_fr=0.98 0.957400 0.738600
../../problems/clp/benchs/NMFTA/NMFTA_10.txt -i 35 --min_fr=0.98 0.962800 0.698500
../../problems/clp/benchs/NMFTA/NMFTA_10.txt -i 36 --min_fr=0.98 0.929500 0.769900
../../problems/clp/benchs/NMFTA/NMFTA_10.txt -i 37 --min_fr=0.98 0.952400 0.755500
../../problems/clp/benchs/NMFTA/NMFTA_10.txt -i 38 --min_fr=0.98 0.916800 0.733700
../../problems/clp/benchs/NMFTA/NMFTA_10.txt -i 39 --min_fr=0.98 0.928700 0.680600
../../problems/clp/benchs/NMFTA/NMFTA_10.txt -i 40 --min_fr=0.98 0.960200 0.739400
../../problems/clp/benchs/NMFTA/NMFTA_10.txt -i 41 --min_fr=0.98 0.955600 0.664500
../../problems/clp/benchs/NMFTA/NMFTA_10.txt -i 42 --min_fr=0.98 0.965200 0.675300
../../problems/clp/benchs/NMFTA/NMFTA_10.txt -i 43 --min_fr=0.98 0.902500 0.622600
../../problems/clp/benchs/NMFTA/NMFTA_10.txt -i 44 --min_fr=0.98 0.964800 0.733100
../../problems/clp/benchs/NMFTA/NMFTA_10.txt -i 45 --min_fr=0.98 0.943900 0.717100
../../problems/clp/benchs/NMFTA/NMFTA_10.txt -i 46 --min_fr=0.98 0.930400 0.730500
../../problems/clp/benchs/NMFTA/NMFTA_10.txt -i 47 --min_fr=0.98 0.894900 0.702600
../../problems/clp/benchs/NMFTA/NMFTA_10.txt -i 48 --min_fr=0.98 0.855100 0.682700
../../problems/clp/benchs/NMFTA/NMFTA_10.txt -i 49 --min_fr=0.98 0.944400 0.736500
../../problems/clp/benchs/NMFTA/NMFTA_10.txt -i 50 --min_fr=0.98 0.956300 0.773900
../../problems/clp/benchs/NMFTA/NMFTA_10.txt -i 51 --min_fr=0.98 0.966100 0.728200
../../problems/clp/benchs/NMFTA/NMFTA_10.txt -i 52 --min_fr=0.98 0.969700 0.737100
../../problems/clp/benchs/NMFTA/NMFTA_10.txt -i 53 --min_fr=0.98 0.957900 0.770500
../../problems/clp/benchs/NMFTA/NMFTA_10.txt -i 54 --min_fr=0.98 0.960000 0.732200
../../problems/clp/benchs/NMFTA/NMFTA_10.txt -i 55 --min_fr=0.98 0.935000 0.681500
../../problems/clp/benchs/NMFTA/NMFTA_10.txt -i 56 --min_fr=0.98 0.915300 0.708400
../../problems/clp/benchs/NMFTA/NMFTA_10.txt -i 57 --min_fr=0.98 0.966100 0.748100
../../problems/clp/benchs/NMFTA/NMFTA_10.txt -i 58 --min_fr=0.98 0.947000 0.727900
../../problems/clp/benchs/NMFTA/NMFTA_10.txt -i 59 --min_fr=0.98 0.944600 0.658800
../../problems/clp/benchs/NMFTA/NMFTA_10.txt -i 60 --min_fr=0.98 0.951900 0.748000
../../problems/clp/benchs/NMFTA/NMFTA_10.txt -i 61 --min_fr=0.98 0.894400 0.673800
../../problems/clp/benchs/NMFTA/NMFTA_10.txt -i 62 --min_fr=0.98 0.829900 0.677300
../../problems/clp/benchs/NMFTA/NMFTA_10.txt -i 63 --min_fr=0.98 0.955500 0.710300
../../problems/clp/benchs/NMFTA/NMFTA_10.txt -i 64 --min_fr=0.98 0.968500 0.688500
../../problems/clp/benchs/NMFTA/NMFTA_10.txt -i 65 --min_fr=0.98 0.920400 0.680000
../../problems/clp/benchs/NMFTA/NMFTA_10.txt -i 66 --min_fr=0.98 0.936700 0.718500
../../problems/clp/benchs/NMFTA/NMFTA_10.txt -i 67 --min_fr=0.98 0.960700 0.693900
../../problems/clp/benchs/NMFTA/NMFTA_10.txt -i 68 --min_fr=0.98 0.925800 0.722400
../../problems/clp/benchs/NMFTA/NMFTA_10.txt -i 70 --min_fr=0.98 0.922900 0.734000
../../problems/clp/benchs/NMFTA/NMFTA_10.txt -i 71 --min_fr=0.98 0.956900 0.770200
../../problems/clp/benchs/NMFTA/NMFTA_10.txt -i 72 --min_fr=0.98 0.962400 0.721500
../../problems/clp/benchs/NMFTA/NMFTA_10.txt -i 73 --min_fr=0.98 0.916400 0.725100
../../problems/clp/benchs/NMFTA/NMFTA_10.txt -i 74 --min_fr=0.98 0.958600 0.657900
../../problems/clp/benchs/NMFTA/NMFTA_10.txt -i 75 --min_fr=0.98 0.953300 0.705100
../../problems/clp/benchs/NMFTA/NMFTA_10.txt -i 76 --min_fr=0.98 0.844900 0.680500
../../problems/clp/benchs/NMFTA/NMFTA_10.txt -i 77 --min_fr=0.98 0.952400 0.723700
../../problems/clp/benchs/NMFTA/NMFTA_10.txt -i 78 --min_fr=0.98 0.953800 0.777500
../../problems/clp/benchs/NMFTA/NMFTA_10.txt -i 79 --min_fr=0.98 0.945000 0.674800
../../problems/clp/benchs/NMFTA/NMFTA_10.txt -i 80 --min_fr=0.98 0.968200 0.758100
../../problems/clp/benchs/NMFTA/NMFTA_10.txt -i 81 --min_fr=0.98 0.954800 0.693900
../../problems/clp/benchs/NMFTA/NMFTA_10.txt -i 82 --min_fr=0.98 0.950600 0.700500
../../problems/clp/benchs/NMFTA/NMFTA_10.txt -i 83 --min_fr=0.98 0.953300 0.716600
../../problems/clp/benchs/NMFTA/NMFTA_10.txt -i 84 --min_fr=0.98 0.937100 0.692300
../../problems/clp/benchs/NMFTA/NMFTA_10.txt -i 85 --min_fr=0.98 0.890100 0.674200
../../problems/clp/benchs/NMFTA/NMFTA_10.txt -i 86 --min_fr=0.98 0.846600 0.693600
../../problems/clp/benchs/NMFTA/NMFTA_10.txt -i 87 --min_fr=0.98 0.838300 0.633800
../../problems/clp/benchs/NMFTA/NMFTA_10.txt -i 88 --min_fr=0.98 0.959700 0.702200
../../problems/clp/benchs/NMFTA/NMFTA_10.txt -i 89 --min_fr=0.98 0.954000 0.695000
../../problems/clp/benchs/NMFTA/NMFTA_10.txt -i 90 --min_fr=0.98 0.959900 0.731500
../../problems/clp/benchs/NMFTA/NMFTA_10.txt -i 91 --min_fr=0.98 0.906900 0.749300
../../problems/clp/benchs/NMFTA/NMFTA_10.txt -i 92 --min_fr=0.98 0.953600 0.679000
../../problems/clp/benchs/NMFTA/NMFTA_10.txt -i 93 --min_fr=0.98 0.925500 0.685300
../../problems/clp/benchs/NMFTA/NMFTA_10.txt -i 94 --min_fr=0.98 0.941400 0.722000
../../problems/clp/benchs/NMFTA/NMFTA_10.txt -i 95 --min_fr=0.98 0.951900 0.728300
../../problems/clp/benchs/NMFTA/NMFTA_10.txt -i 96 --min_fr=0.98 0.868800 0.713800
../../problems/clp/benchs/NMFTA/NMFTA_10.txt -i 97 --min_fr=0.98 0.803800 0.649900
../../problems/clp/benchs/NMFTA/NMFTA_10.txt -i 98 --min_fr=0.98 0.962600 0.639300
../../problems/clp/benchs/NMFTA/NMFTA_10.txt -i 99 --min_fr=0.98 0.961400 0.699900
../../problems/clp/benchs/NMFTA/NMFTA_11.txt -i 1 --min_fr=0.98 0.635900 0.145100
../../problems/clp/benchs/NMFTA/NMFTA_11.txt -i 2 --min_fr=0.98 0.949400 0.664300
../../problems/clp/benchs/NMFTA/NMFTA_11.txt -i 4 --min_fr=0.98 0.951700 0.439900
../../problems/clp/benchs/NMFTA/NMFTA_11.txt -i 5 --min_fr=0.98 0.966100 0.744200
../../problems/clp/benchs/NMFTA/NMFTA_11.txt -i 6 --min_fr=0.98 0.934000 0.718500
../../problems/clp/benchs/NMFTA/NMFTA_11.txt -i 7 --min_fr=0.98 0.844300 0.543100
../../problems/clp/benchs/NMFTA/NMFTA_11.txt -i 8 --min_fr=0.98 0.766600 0.265600
../../problems/clp/benchs/NMFTA/NMFTA_11.txt -i 10 --min_fr=0.98 0.943300 0.544600
../../problems/clp/benchs/NMFTA/NMFTA_11.txt -i 11 --min_fr=0.98 0.960400 0.637000
../../problems/clp/benchs/NMFTA/NMFTA_11.txt -i 12 --min_fr=0.98 0.964700 0.613400
../../problems/clp/benchs/NMFTA/NMFTA_11.txt -i 13 --min_fr=0.98 0.927800 0.586700
../../problems/clp/benchs/NMFTA/NMFTA_11.txt -i 14 --min_fr=0.98 0.826400 0.411700
../../problems/clp/benchs/NMFTA/NMFTA_11.txt -i 18 --min_fr=0.98 0.967100 0.637800
../../problems/clp/benchs/NMFTA/NMFTA_11.txt -i 16 --min_fr=0.98 0.973900 0.662300
../../problems/clp/benchs/NMFTA/NMFTA_11.txt -i 18 --min_fr=0.98 0.647900 0.449600
../../problems/clp/benchs/NMFTA/NMFTA_11.txt -i 19 --min_fr=0.98 0.824800 0.412400
../../problems/clp/benchs/NMFTA/NMFTA_11.txt -i 20 --min_fr=0.98 0.972700 0.655000
../../problems/clp/benchs/NMFTA/NMFTA_11.txt -i 22 --min_fr=0.98 0.966900 0.660300
../../problems/clp/benchs/NMFTA/NMFTA_11.txt -i 23 --min_fr=0.98 0.976000 0.719500
../../problems/clp/benchs/NMFTA/NMFTA_11.txt -i 24 --min_fr=0.98 0.959900 0.751400
../../problems/clp/benchs/NMFTA/NMFTA_11.txt -i 25 --min_fr=0.98 0.983200 0.544000
../../problems/clp/benchs/NMFTA/NMFTA_11.txt -i 26 --min_fr=0.98 0.925100 0.487800
../../problems/clp/benchs/NMFTA/NMFTA_11.txt -i 27 --min_fr=0.98 0.981500 0.808000
../../problems/clp/benchs/NMFTA/NMFTA_11.txt -i 28 --min_fr=0.98 0.964000 0.608500
../../problems/clp/benchs/NMFTA/NMFTA_11.txt -i 31 --min_fr=0.98 0.968100 0.608500
../../problems/clp/benchs/NMFTA/NMFTA_11.txt -i 32 --min_fr=0.98 0.973700 0.741700
../../problems/clp/benchs/NMFTA/NMFTA_11.txt -i 33 --min_fr=0.98 0.963000 0.758700
../../problems/clp/benchs/NMFTA/NMFTA_11.txt -i 34 --min_fr=0.98 0.977000 0.608900
../../problems/clp/benchs/NMFTA/NMFTA_11.txt -i 35 --min_fr=0.98 0.843800 0.425800
../../problems/clp/benchs/NMFTA/NMFTA_11.txt -i 36 --min_fr=0.98 0.966900 0.684600
../../problems/clp/benchs/NMFTA/NMFTA_11.txt -i 38 --min_fr=0.98 0.970300 0.767000
../../problems/clp/benchs/NMFTA/NMFTA_11.txt -i 39 --min_fr=0.98 0.968300 0.776000
../../problems/clp/benchs/NMFTA/NMFTA_11.txt -i 40 --min_fr=0.98 0.933600 0.744100
../../problems/clp/benchs/NMFTA/NMFTA_11.txt -i 41 --min_fr=0.98 0.887400 0.503800
../../problems/clp/benchs/NMFTA/NMFTA_11.txt -i 42 --min_fr=0.98 0.963100 0.622600
../../problems/clp/benchs/NMFTA/NMFTA_11.txt -i 43 --min_fr=0.98 0.984300 0.796200
../../problems/clp/benchs/NMFTA/NMFTA_11.txt -i 44 --min_fr=0.98 0.974900 0.715100
../../problems/clp/benchs/NMFTA/NMFTA_11.txt -i 45 --min_fr=0.98 0.977500 0.609600
../../problems/clp/benchs/NMFTA/NMFTA_11.txt -i 47 --min_fr=0.98 0.971300 0.645100
../../problems/clp/benchs/NMFTA/NMFTA_11.txt -i 48 --min_fr=0.98 0.978500 0.755500
../../problems/clp/benchs/NMFTA/NMFTA_11.txt -i 49 --min_fr=0.98 0.975200 0.707100
../../problems/clp/benchs/NMFTA/NMFTA_11.txt -i 50 --min_fr=0.98 0.973000 0.715800
../../problems/clp/benchs/NMFTA/NMFTA_11.txt -i 51 --min_fr=0.98 0.972700 0.602900
../../problems/clp/benchs/NMFTA/NMFTA_11.txt -i 52 --min_fr=0.98 0.982900 0.682900
../../problems/clp/benchs/NMFTA/NMFTA_11.txt -i 54 --min_fr=0.98 0.974600 0.791800
../../problems/clp/benchs/NMFTA/NMFTA_11.txt -i 55 --min_fr=0.98 0.958300 0.773000
../../problems/clp/benchs/NMFTA/NMFTA_11.txt -i 58 --min_fr=0.98 0.976900 0.748000
../../problems/clp/benchs/NMFTA/NMFTA_11.txt -i 59 --min_fr=0.98 0.981800 0.771800
../../problems/clp/benchs/NMFTA/NMFTA_11.txt -i 60 --min_fr=0.98 0.980900 0.732100
../../problems/clp/benchs/NMFTA/NMFTA_11.txt -i 61 --min_fr=0.98 0.982600 0.806400
../../problems/clp/benchs/NMFTA/NMFTA_11.txt -i 62 --min_fr=0.98 0.905000 0.598500
../../problems/clp/benchs/NMFTA/NMFTA_11.txt -i 63 --min_fr=0.98 0.954000 0.700000
../../problems/clp/benchs/NMFTA/NMFTA_11.txt -i 64 --min_fr=0.98 0.982300 0.630500
../../problems/clp/benchs/NMFTA/NMFTA_11.txt -i 65 --min_fr=0.98 0.975300 0.663900
../../problems/clp/benchs/NMFTA/NMFTA_11.txt -i 66 --min_fr=0.98 0.977300 0.613400
../../problems/clp/benchs/NMFTA/NMFTA_11.txt -i 67 --min_fr=0.98 0.977100 0.786800
../../problems/clp/benchs/NMFTA/NMFTA_11.txt -i 68 --min_fr=0.98 0.964600 0.701500
../../problems/clp/benchs/NMFTA/NMFTA_11.txt -i 69 --min_fr=0.98 0.973100 0.785400
../../problems/clp/benchs/NMFTA/NMFTA_11.txt -i 70 --min_fr=0.98 0.981200 0.784300
../../problems/clp/benchs/NMFTA/NMFTA_11.txt -i 71 --min_fr=0.98 0.970300 0.689600
../../problems/clp/benchs/NMFTA/NMFTA_11.txt -i 73 --min_fr=0.98 0.948500 0.554600
../../problems/clp/benchs/NMFTA/NMFTA_11.txt -i 74 --min_fr=0.98 0.980400 0.663300
../../problems/clp/benchs/NMFTA/NMFTA_11.txt -i 75 --min_fr=0.98 0.979200 0.743900
../../problems/clp/benchs/NMFTA/NMFTA_11.txt -i 76 --min_fr=0.98 0.952000 0.654200
../../problems/clp/benchs/NMFTA/NMFTA_11.txt -i 77 --min_fr=0.98 0.966600 0.748200
../../problems/clp/benchs/NMFTA/NMFTA_11.txt -i 78 --min_fr=0.98 0.979800 0.731400
../../problems/clp/benchs/NMFTA/NMFTA_11.txt -i 79 --min_fr=0.98 0.979300 0.787500
../../problems/clp/benchs/NMFTA/NMFTA_11.txt -i 80 --min_fr=0.98 0.888400 0.726200
../../problems/clp/benchs/NMFTA/NMFTA_11.txt -i 82 --min_fr=0.98 0.975000 0.699800
../../problems/clp/benchs/NMFTA/NMFTA_11.txt -i 87 --min_fr=0.98 0.972300 0.686500
../../problems/clp/benchs/NMFTA/NMFTA_11.txt -i 88 --min_fr=0.98 0.971800 0.708600
../../problems/clp/benchs/NMFTA/NMFTA_11.txt -i 89 --min_fr=0.98 0.974400 0.706800
../../problems/clp/benchs/NMFTA/NMFTA_11.txt -i 90 --min_fr=0.98 0.975000 0.792700
../../problems/clp/benchs/NMFTA/NMFTA_11.txt -i 91 --min_fr=0.98 0.974000 0.635800
../../problems/clp/benchs/NMFTA/NMFTA_11.txt -i 92 --min_fr=0.98 0.982100 0.705400
../../problems/clp/benchs/NMFTA/NMFTA_11.txt -i 94 --min_fr=0.98 0.981000 0.673000
../../problems/clp/benchs/NMFTA/NMFTA_11.txt -i 95 --min_fr=0.98 0.977500 0.799600
../../problems/clp/benchs/NMFTA/NMFTA_11.txt -i 97 --min_fr=0.98 0.972500 0.803100
../../problems/clp/benchs/NMFTA/NMFTA_11.txt -i 98 --min_fr=0.98 0.968700 0.754400
../../problems/clp/benchs/NMFTA/NMFTA_11.txt -i 99 --min_fr=0.98 0.980400 0.731000
../../problems/clp/benchs/NMFTA/NMFTA_14.txt -i 2 --min_fr=0.98 0.973700 0.797300
../../problems/clp/benchs/NMFTA/NMFTA_14.txt -i 3 --min_fr=0.98 0.976500 0.704200
../../problems/clp/benchs/NMFTA/NMFTA_14.txt -i 5 --min_fr=0.98 0.969400 0.775400
../../problems/clp/benchs/NMFTA/NMFTA_14.txt -i 6 --min_fr=0.98 0.974200 0.670400
../../problems/clp/benchs/NMFTA/NMFTA_14.txt -i 7 --min_fr=0.98 0.973900 0.721100
../../problems/clp/benchs/NMFTA/NMFTA_14.txt -i 8 --min_fr=0.98 0.969400 0.681400
../../problems/clp/benchs/NMFTA/NMFTA_14.txt -i 9 --min_fr=0.98 0.962000 0.718400
../../problems/clp/benchs/NMFTA/NMFTA_14.txt -i 10 --min_fr=0.98 0.967700 0.652900
../../problems/clp/benchs/NMFTA/NMFTA_14.txt -i 12 --min_fr=0.98 0.986200 0.817200
../../problems/clp/benchs/NMFTA/NMFTA_14.txt -i 14 --min_fr=0.98 0.974700 0.721200
../../problems/clp/benchs/NMFTA/NMFTA_14.txt -i 18 --min_fr=0.98 0.966300 0.760000
../../problems/clp/benchs/NMFTA/NMFTA_14.txt -i 16 --min_fr=0.98 0.979000 0.730400
../../problems/clp/benchs/NMFTA/NMFTA_14.txt -i 17 --min_fr=0.98 0.964100 0.793300
../../problems/clp/benchs/NMFTA/NMFTA_14.txt -i 18 --min_fr=0.98 0.972500 0.756900
../../problems/clp/benchs/NMFTA/NMFTA_14.txt -i 19 --min_fr=0.98 0.965700 0.738700
../../problems/clp/benchs/NMFTA/NMFTA_14.txt -i 20 --min_fr=0.98 0.961700 0.674500
../../problems/clp/benchs/NMFTA/NMFTA_14.txt -i 22 --min_fr=0.98 0.966400 0.590600
../../problems/clp/benchs/NMFTA/NMFTA_14.txt -i 23 --min_fr=0.98 0.965900 0.727100
../../problems/clp/benchs/NMFTA/NMFTA_14.txt -i 24 --min_fr=0.98 0.960500 0.774500
../../problems/clp/benchs/NMFTA/NMFTA_14.txt -i 25 --min_fr=0.98 0.929000 0.700500
../../problems/clp/benchs/NMFTA/NMFTA_14.txt -i 26 --min_fr=0.98 0.979000 0.659300
../../problems/clp/benchs/NMFTA/NMFTA_14.txt -i 27 --min_fr=0.98 0.955500 0.744300
../../problems/clp/benchs/NMFTA/NMFTA_14.txt -i 28 --min_fr=0.98 0.953000 0.727800
../../problems/clp/benchs/NMFTA/NMFTA_14.txt -i 29 --min_fr=0.98 0.971500 0.775000
../../problems/clp/benchs/NMFTA/NMFTA_14.txt -i 30 --min_fr=0.98 0.965000 0.772100
../../problems/clp/benchs/NMFTA/NMFTA_14.txt -i 31 --min_fr=0.98 0.964700 0.722500
../../problems/clp/benchs/NMFTA/NMFTA_14.txt -i 32 --min_fr=0.98 0.974800 0.769300
../../problems/clp/benchs/NMFTA/NMFTA_14.txt -i 34 --min_fr=0.98 0.973800 0.671300
../../problems/clp/benchs/NMFTA/NMFTA_14.txt -i 35 --min_fr=0.98 0.972600 0.772400
../../problems/clp/benchs/NMFTA/NMFTA_14.txt -i 36 --min_fr=0.98 0.973700 0.784100
../../problems/clp/benchs/NMFTA/NMFTA_14.txt -i 37 --min_fr=0.98 0.960100 0.702800
../../problems/clp/benchs/NMFTA/NMFTA_14.txt -i 38 --min_fr=0.98 0.977600 0.769100
../../problems/clp/benchs/NMFTA/NMFTA_14.txt -i 39 --min_fr=0.98 0.949800 0.699600
../../problems/clp/benchs/NMFTA/NMFTA_14.txt -i 40 --min_fr=0.98 0.894900 0.680400
../../problems/clp/benchs/NMFTA/NMFTA_14.txt -i 41 --min_fr=0.98 0.915900 0.721400
../../problems/clp/benchs/NMFTA/NMFTA_14.txt -i 42 --min_fr=0.98 0.852200 0.619900
../../problems/clp/benchs/NMFTA/NMFTA_14.txt -i 43 --min_fr=0.98 0.964300 0.791600
../../problems/clp/benchs/NMFTA/NMFTA_14.txt -i 46 --min_fr=0.98 0.958900 0.665200
../../problems/clp/benchs/NMFTA/NMFTA_14.txt -i 47 --min_fr=0.98 0.899600 0.647500
../../problems/clp/benchs/NMFTA/NMFTA_14.txt -i 48 --min_fr=0.98 0.962500 0.709000
../../problems/clp/benchs/NMFTA/NMFTA_14.txt -i 49 --min_fr=0.98 0.728800 0.536200
../../problems/clp/benchs/NMFTA/NMFTA_14.txt -i 50 --min_fr=0.98 0.941800 0.726400
../../problems/clp/benchs/NMFTA/NMFTA_14.txt -i 51 --min_fr=0.98 0.958300 0.777200
../../problems/clp/benchs/NMFTA/NMFTA_14.txt -i 52 --min_fr=0.98 0.832300 0.686200
../../problems/clp/benchs/NMFTA/NMFTA_14.txt -i 54 --min_fr=0.98 0.898500 0.650800
../../problems/clp/benchs/NMFTA/NMFTA_14.txt -i 56 --min_fr=0.98 0.966000 0.722300
../../problems/clp/benchs/NMFTA/NMFTA_14.txt -i 57 --min_fr=0.98 0.975900 0.727500
../../problems/clp/benchs/NMFTA/NMFTA_14.txt -i 59 --min_fr=0.98 0.925400 0.633800
../../problems/clp/benchs/NMFTA/NMFTA_14.txt -i 60 --min_fr=0.98 0.971100 0.698700
../../problems/clp/benchs/NMFTA/NMFTA_14.txt -i 61 --min_fr=0.98 0.954800 0.738900
../../problems/clp/benchs/NMFTA/NMFTA_14.txt -i 62 --min_fr=0.98 0.961500 0.679000
../../problems/clp/benchs/NMFTA/NMFTA_14.txt -i 64 --min_fr=0.98 0.959400 0.697900
../../problems/clp/benchs/NMFTA/NMFTA_14.txt -i 66 --min_fr=0.98 0.765800 0.634500
../../problems/clp/benchs/NMFTA/NMFTA_14.txt -i 67 --min_fr=0.98 0.912200 0.573400
../../problems/clp/benchs/NMFTA/NMFTA_14.txt -i 68 --min_fr=0.98 0.948300 0.675900
../../problems/clp/benchs/NMFTA/NMFTA_14.txt -i 69 --min_fr=0.98 0.879100 0.693400
../../problems/clp/benchs/NMFTA/NMFTA_14.txt -i 70 --min_fr=0.98 0.805900 0.611700
../../problems/clp/benchs/NMFTA/NMFTA_14.txt -i 71 --min_fr=0.98 0.956900 0.754700
../../problems/clp/benchs/NMFTA/NMFTA_14.txt -i 72 --min_fr=0.98 0.955000 0.751900
../../problems/clp/benchs/NMFTA/NMFTA_14.txt -i 73 --min_fr=0.98 0.732300 0.603400
../../problems/clp/benchs/NMFTA/NMFTA_14.txt -i 75 --min_fr=0.98 0.893000 0.737900
../../problems/clp/benchs/NMFTA/NMFTA_14.txt -i 76 --min_fr=0.98 0.958900 0.755900
../../problems/clp/benchs/NMFTA/NMFTA_14.txt -i 77 --min_fr=0.98 0.962400 0.723300
../../problems/clp/benchs/NMFTA/NMFTA_14.txt -i 79 --min_fr=0.98 0.898300 0.713100
../../problems/clp/benchs/NMFTA/NMFTA_14.txt -i 80 --min_fr=0.98 0.929000 0.691900
../../problems/clp/benchs/NMFTA/NMFTA_14.txt -i 81 --min_fr=0.98 0.946700 0.655400
../../problems/clp/benchs/NMFTA/NMFTA_14.txt -i 83 --min_fr=0.98 0.898200 0.724400
../../problems/clp/benchs/NMFTA/NMFTA_14.txt -i 84 --min_fr=0.98 0.961400 0.741500
../../problems/clp/benchs/NMFTA/NMFTA_14.txt -i 87 --min_fr=0.98 0.949900 0.670800
../../problems/clp/benchs/NMFTA/NMFTA_14.txt -i 88 --min_fr=0.98 0.950300 0.706200
../../problems/clp/benchs/NMFTA/NMFTA_14.txt -i 94 --min_fr=0.98 0.777400 0.609400
../../problems/clp/benchs/NMFTA/NMFTA_14.txt -i 95 --min_fr=0.98 0.958900 0.648800
../../problems/clp/benchs/NMFTA/NMFTA_14.txt -i 96 --min_fr=0.98 0.948400 0.755700
../../problems/clp/benchs/NMFTA/NMFTA_14.txt -i 97 --min_fr=0.98 0.891400 0.728700
../../problems/clp/benchs/NMFTA/NMFTA_14.txt -i 98 --min_fr=0.98 0.924900 0.743100
../../problems/clp/benchs/NMFTA/NMFTA_14.txt -i 99 --min_fr=0.98 0.955400 0.696100
../../problems/clp/benchs/NMFTA/NMFTA_15.txt -i 0 --min_fr=0.98 0.807300 0.631200
../../problems/clp/benchs/NMFTA/NMFTA_15.txt -i 2 --min_fr=0.98 0.851100 0.677000
../../problems/clp/benchs/NMFTA/NMFTA_15.txt -i 3 --min_fr=0.98 0.849900 0.704500
../../problems/clp/benchs/NMFTA/NMFTA_15.txt -i 4 --min_fr=0.98 0.946800 0.689200
../../problems/clp/benchs/NMFTA/NMFTA_15.txt -i 5 --min_fr=0.98 0.805000 0.668700
../../problems/clp/benchs/NMFTA/NMFTA_15.txt -i 6 --min_fr=0.98 0.964000 0.727400
../../problems/clp/benchs/NMFTA/NMFTA_15.txt -i 7 --min_fr=0.98 0.897400 0.654200
../../problems/clp/benchs/NMFTA/NMFTA_15.txt -i 8 --min_fr=0.98 0.952400 0.773000
../../problems/clp/benchs/NMFTA/NMFTA_15.txt -i 10 --min_fr=0.98 0.922000 0.686300
../../problems/clp/benchs/NMFTA/NMFTA_15.txt -i 12 --min_fr=0.98 0.826200 0.643100
../../problems/clp/benchs/NMFTA/NMFTA_15.txt -i 13 --min_fr=0.98 0.964300 0.678200
../../problems/clp/benchs/NMFTA/NMFTA_15.txt -i 14 --min_fr=0.98 0.902900 0.683000
../../problems/clp/benchs/NMFTA/NMFTA_15.txt -i 15 --min_fr=0.98 0.817600 0.667200
../../problems/clp/benchs/NMFTA/NMFTA_15.txt -i 16 --min_fr=0.98 0.927500 0.737600
../../problems/clp/benchs/NMFTA/NMFTA_15.txt -i 17 --min_fr=0.98 0.959800 0.734200
../../problems/clp/benchs/NMFTA/NMFTA_15.txt -i 18 --min_fr=0.98 0.963800 0.739300
../../problems/clp/benchs/NMFTA/NMFTA_15.txt -i 22 --min_fr=0.98 0.901600 0.676800
../../problems/clp/benchs/NMFTA/NMFTA_15.txt -i 23 --min_fr=0.98 0.925800 0.768700
../../problems/clp/benchs/NMFTA/NMFTA_15.txt -i 24 --min_fr=0.98 0.904900 0.665200
../../problems/clp/benchs/NMFTA/NMFTA_15.txt -i 26 --min_fr=0.98 0.904600 0.713000
../../problems/clp/benchs/NMFTA/NMFTA_15.txt -i 27 --min_fr=0.98 0.816400 0.676700
../../problems/clp/benchs/NMFTA/NMFTA_15.txt -i 28 --min_fr=0.98 0.946800 0.682900
../../problems/clp/benchs/NMFTA/NMFTA_15.txt -i 29 --min_fr=0.98 0.924000 0.667300
../../problems/clp/benchs/NMFTA/NMFTA_15.txt -i 30 --min_fr=0.98 0.888700 0.739000
../../problems/clp/benchs/NMFTA/NMFTA_15.txt -i 31 --min_fr=0.98 0.962200 0.718200
../../problems/clp/benchs/NMFTA/NMFTA_15.txt -i 33 --min_fr=0.98 0.965200 0.722000
../../problems/clp/benchs/NMFTA/NMFTA_15.txt -i 35 --min_fr=0.98 0.880700 0.697600
../../problems/clp/benchs/NMFTA/NMFTA_15.txt -i 39 --min_fr=0.98 0.962300 0.714200
../../problems/clp/benchs/NMFTA/NMFTA_15.txt -i 40 --min_fr=0.98 0.932000 0.702500
../../problems/clp/benchs/NMFTA/NMFTA_15.txt -i 42 --min_fr=0.98 0.880000 0.705300
../../problems/clp/benchs/NMFTA/NMFTA_15.txt -i 43 --min_fr=0.98 0.909000 0.687200
../../problems/clp/benchs/NMFTA/NMFTA_15.txt -i 45 --min_fr=0.98 0.822300 0.674200
../../problems/clp/benchs/NMFTA/NMFTA_15.txt -i 48 --min_fr=0.98 0.917600 0.724600
../../problems/clp/benchs/NMFTA/NMFTA_15.txt -i 49 --min_fr=0.98 0.938900 0.744400
../../problems/clp/benchs/NMFTA/NMFTA_15.txt -i 53 --min_fr=0.98 0.924100 0.696600
../../problems/clp/benchs/NMFTA/NMFTA_15.txt -i 59 --min_fr=0.98 0.798400 0.644100
../../problems/clp/benchs/NMFTA/NMFTA_15.txt -i 60 --min_fr=0.98 0.827600 0.686700
../../problems/clp/benchs/NMFTA/NMFTA_15.txt -i 61 --min_fr=0.98 0.896600 0.657500
../../problems/clp/benchs/NMFTA/NMFTA_15.txt -i 63 --min_fr=0.98 0.884700 0.708100
../../problems/clp/benchs/NMFTA/NMFTA_15.txt -i 72 --min_fr=0.98 0.818100 0.677300
../../problems/clp/benchs/NMFTA/NMFTA_15.txt -i 73 --min_fr=0.98 0.808400 0.650000
../../problems/clp/benchs/NMFTA/NMFTA_15.txt -i 78 --min_fr=0.98 0.891500 0.708800
../../problems/clp/benchs/NMFTA/NMFTA_15.txt -i 79 --min_fr=0.98 0.854200 0.631600
../../problems/clp/benchs/NMFTA/NMFTA_15.txt -i 81 --min_fr=0.98 0.821500 0.663600
../../problems/clp/benchs/NMFTA/NMFTA_15.txt -i 83 --min_fr=0.98 0.838900 0.687500
../../problems/clp/benchs/NMFTA/NMFTA_15.txt -i 87 --min_fr=0.98 0.805000 0.613000
../../problems/clp/benchs/NMFTA/NMFTA_15.txt -i 89 --min_fr=0.98 0.778600 0.632800
../../problems/clp/benchs/NMFTA/NMFTA_15.txt -i 91 --min_fr=0.98 0.869100 0.655000
../../problems/clp/benchs/NMFTA/NMFTA_15.txt -i 92 --min_fr=0.98 0.885300 0.696700
../../problems/clp/benchs/NMFTA/NMFTA_15.txt -i 93 --min_fr=0.98 0.939800 0.728000
../../problems/clp/benchs/NMFTA/NMFTA_15.txt -i 96 --min_fr=0.98 0.924400 0.702000
../../problems/clp/benchs/NMFTA/NMFTA_15.txt -i 98 --min_fr=0.98 0.818100 0.667800
../../problems/clp/benchs/NMFTA/NMFTA_15.txt -i 99 --min_fr=0.98 0.923400 0.692400
