0.9627 0.6607 0.6357 6
0.9658 0.7754 0.7478 4
0.954 0.5709 0.5446 6
0.9604 0.7665 0.736 5
0.9667 0.5809 0.5616 1
0.9671 0.6735 0.6513 2
0.9776 0.7381 0.721 10
0.842 0.5972 0.5028 1
0.9349 0.5347 0.4996 5
0.9585 0.7192 0.6892 5
0.9243 0.6618 0.6107 8
0.9607 0.649 0.6233 5
0.9752 0.7535 0.7348 1
0.9107 0.7689 0.7002 1
0.9751 0.6597 0.6427 9
0.9755 0.6635 0.6465 4
0.9865 0.6901 0.6801 10
0.9604 0.6098 0.5837 9
0.6315 0.6462 0.408 2
0.9679 0.608 0.5865 5
0.9716 0.7407 0.7185 12
0.9634 0.7149 0.6883 7
0.9162 0.6235 0.5712 8
0.8809 0.6592 0.5669 48
0.9708 0.7094 0.6885 5
0.9774 0.6338 0.6195 1
0.9862 0.7771 0.7663 3
0.9797 0.8279 0.811 3
0.9721 0.6144 0.5967 10
0.9694 0.7931 0.7687 6
0.9632 0.633 0.6088 5
0.971 0.5814 0.5642 5
0.9699 0.6579 0.6379 11
0.8993 0.6684 0.6009 7
0.9808 0.5551 0.5427 13
0.9815 0.6258 0.6131 6
0.9827 0.7902 0.7749 10
0.9696 0.6582 0.6378 3
0.974 0.7378 0.7184 9
0.9713 0.6792 0.6542 24
0.9755 0.7074 0.6884 14
0.9829 0.7217 0.7075 13
0.9791 0.6259 0.6123 5
0.9676 0.6622 0.6362 25
0.9754 0.6858 0.6683 6
0.9797 0.5804 0.5684 8
0.9804 0.7118 0.6969 14
0.9777 0.726 0.7095 7
0.9775 0.6391 0.6245 9
0.9788 0.6611 0.647 6
0.9732 0.6345 0.6174 6
0.9777 0.6456 0.6307 6
0.9783 0.7161 0.7004 10
0.9581 0.7019 0.6711 22
0.9817 0.6408 0.6281 12
0.976 0.6953 0.6775 13
0.9627 0.7093 0.6814 10
0.9752 0.7118 0.6918 14
0.9851 0.75 0.7377 17
0.9814 0.7333 0.7176 13
0.9711 0.7311 0.7086 14
0.9751 0.748 0.729 7
0.9798 0.6667 0.6523 12
0.9814 0.6834 0.6695 14
0.9773 0.7308 0.7135 11
0.9789 0.625 0.6116 6
0.9833 0.663 0.6513 15
0.9716 0.6869 0.6669 10
0.9795 0.6812 0.6668 12
0.9801 0.7744 0.7579 16
0.9747 0.6429 0.6257 17
0.9737 0.6667 0.6487 13
0.9821 0.716 0.7026 10
0.9748 0.7095 0.6911 7
0.9757 0.66 0.6435 7
0.9832 0.6812 0.6681 21
0.9769 0.7473 0.7287 11
0.9659 0.6867 0.6618 9
0.9849 0.7319 0.7187 22
0.9807 0.7266 0.7115 8
0.977 0.7194 0.7008 16
0.9804 0.7609 0.7444 12
0.9751 0.6241 0.6079 9
0.9771 0.7254 0.7083 14
0.9779 0.7442 0.7265 19
0.9798 0.6179 0.6049 8
0.9848 0.6439 0.6333 13
0.9652 0.6122 0.5856 27
0.9786 0.6704 0.6549 9
0.979 0.7218 0.7052 14
0.9774 0.6875 0.6695 16
0.9762 0.6514 0.6355 7
0.9847 0.7211 0.7088 22
0.9803 0.7439 0.7274 19
0.974 0.6731 0.6553 7
0.981 0.6822 0.6661 26
0.9791 0.7407 0.7239 13
0.9734 0.7241 0.7035 11
0.9798 0.7183 0.7028 13
0.9804 0.7138 0.6988 9
0.9824 0.7171 0.7036 11
0.9743 0.7416 0.7216 15
0.9799 0.6087 0.5956 12
0.9763 0.7153 0.6978 8
0.9802 0.7034 0.6881 10
0.9788 0.6413 0.6272 9
0.9776 0.6911 0.6745 17
0.9697 0.7212 0.6989 5
0.9747 0.7056 0.6869 11
0.9828 0.6944 0.681 14
0.9786 0.6985 0.6825 10
0.9842 0.6844 0.6714 22
0.9842 0.697 0.684 22
0.9811 0.7483 0.7331 13
0.9892 0.6684 0.6589 17
0.9797 0.7131 0.6977 8
0.9822 0.7149 0.7016 8
0.9606 0.7102 0.6808 9
0.9731 0.7424 0.7213 7
0.9762 0.7179 0.6987 14
0.9807 0.7136 0.6983 12
0.9665 0.7016 0.6771 8
0.9748 0.6349 0.6187 6
0.9791 0.7092 0.6942 6
0.9797 0.7024 0.6865 16
0.9778 0.6667 0.6514 9
0.9801 0.6835 0.6692 9
0.9776 0.6975 0.68 16
0.9784 0.6899 0.674 8
0.976 0.6963 0.6792 6
0.9724 0.7063 0.6866 8
0.9817 0.7089 0.6952 10
0.9771 0.6831 0.6669 7
0.9753 0.6975 0.6786 18
0.9793 0.6368 0.6234 7
0.9773 0.7119 0.6936 17
0.9797 0.692 0.677 11
0.9734 0.7573 0.7353 13
0.9777 0.7037 0.6867 18
0.9827 0.6846 0.6721 6
0.9705 0.6796 0.6584 13
0.971 0.6278 0.6088 9
0.9663 0.6204 0.5993 3
0.968 0.6678 0.645 13
0.9681 0.6788 0.6562 13
0.9706 0.6281 0.6086 17
0.9663 0.6455 0.6222 16
0.9714 0.6519 0.6327 9
0.9639 0.5913 0.5691 8
0.975 0.6556 0.638 15
0.9657 0.7093 0.6829 19
0.9666 0.6519 0.6294 12
0.9682 0.6626 0.6402 15
0.9711 0.631 0.6115 15
0.9733 0.6195 0.6019 13
0.9653 0.6721 0.6467 15
0.9697 0.7009 0.6786 10
0.967 0.7067 0.6817 14
0.9683 0.7462 0.7196 22
0.969 0.581 0.5617 18
0.9677 0.6541 0.6318 14
0.9684 0.632 0.6102 9
0.9624 0.62 0.596 10
0.9616 0.6343 0.609 10
0.9675 0.6585 0.6363 13
0.9624 0.6154 0.5916 4
0.9723 0.6357 0.617 14
0.9563 0.6018 0.575 7
0.9585 0.6442 0.617 5
0.9696 0.6579 0.6359 13
0.9695 0.6667 0.6446 19
0.9701 0.6447 0.625 6
0.9647 0.6201 0.5977 8
0.9675 0.66 0.6373 12
0.9655 0.65 0.6269 12
0.9703 0.612 0.5922 13
0.9648 0.6585 0.6343 13
0.9685 0.6435 0.6216 15
0.9674 0.6654 0.6426 11
0.9667 0.5846 0.5643 11
0.9731 0.6801 0.6586 15
0.967 0.6789 0.655 18
0.9669 0.614 0.593 14
0.9647 0.6926 0.6665 15
0.9712 0.6692 0.6482 15
0.9641 0.5849 0.563 13
0.97 0.6575 0.6351 20
0.971 0.6016 0.5836 7
0.962 0.6308 0.6058 16
0.9598 0.6786 0.6504 10
0.9655 0.6452 0.6217 13
0.9706 0.661 0.6397 20
0.9647 0.6392 0.6154 13
0.9639 0.6398 0.6159 14
0.9658 0.6339 0.6111 13
0.9641 0.6512 0.6266 10
0.9641 0.6298 0.6066 10
0.963 0.6565 0.6309 13
0.9642 0.6483 0.6235 15
0.9647 0.596 0.5743 9
0.9666 0.6406 0.617 17
0.9661 0.6036 0.5813 14
0.9695 0.624 0.6039 9
0.9656 0.668 0.6435 10
0.968 0.6343 0.6127 13
0.9575 0.6433 0.6149 8
0.9683 0.6293 0.608 16
0.9665 0.6148 0.5933 8
0.9617 0.6456 0.6199 12
0.9673 0.6838 0.659 15
0.969 0.6525 0.6309 11
0.9627 0.6098 0.586 9
0.9611 0.6507 0.6244 11
0.963 0.6017 0.5786 8
0.9585 0.6563 0.6287 9
0.962 0.641 0.6162 7
0.9656 0.6579 0.6337 18
0.9655 0.6455 0.6217 12
0.9697 0.6423 0.62 13
0.9665 0.6123 0.5903 8
0.9619 0.6728 0.6448 19
0.9675 0.6563 0.633 10
0.9661 0.6532 0.6295 9
0.9652 0.6789 0.6527 16
0.9671 0.6203 0.5979 15
0.9565 0.625 0.5962 18
0.9681 0.6458 0.6241 10
0.966 0.6154 0.592 19
0.964 0.6435 0.6198 8
0.9663 0.6341 0.6104 14
0.9726 0.6792 0.6572 11
0.9697 0.6667 0.644 15
0.9685 0.6607 0.6367 15
0.967 0.6339 0.6112 17
0.9617 0.6368 0.6111 12
0.9614 0.6393 0.6135 12
0.9648 0.6679 0.6421 23
0.9643 0.6364 0.6121 12
0.9602 0.6624 0.6343 14
0.9602 0.6329 0.606 10
0.9702 0.6627 0.6397 17
0.9612 0.6704 0.6411 18
0.9599 0.6183 0.5929 6
0.9625 0.6417 0.6168 10
0.9655 0.6296 0.6067 11
0.9555 0.5854 0.5589 9
0.9723 0.6548 0.6332 21
0.9593 0.5675 0.5437 11
0.9638 0.5826 0.5611 3
0.9652 0.628 0.6041 19
0.9697 0.6583 0.6351 12
0.9687 0.6597 0.6358 20
0.9612 0.675 0.647 14
0.9646 0.6535 0.6289 8
0.965 0.6128 0.59 12
0.9644 0.6423 0.6163 23
0.9633 0.6744 0.6485 12
0.9705 0.6623 0.6398 15
0.9659 0.6496 0.6263 11
0.9646 0.5893 0.5673 13
0.9589 0.6864 0.6567 11
0.9584 0.5929 0.5675 8
0.962 0.629 0.604 7
0.9642 0.6488 0.6236 17
0.9646 0.6 0.5767 15
0.9608 0.5648 0.5419 4
0.9698 0.6352 0.6146 14
0.958 0.5703 0.5454 10
0.9631 0.613 0.5895 9
0.9665 0.5853 0.5645 11
0.9603 0.5977 0.5724 10
0.9619 0.6197 0.5945 15
0.9634 0.6926 0.6634 13
0.9581 0.6038 0.5781 8
0.9641 0.624 0.6001 11
0.9585 0.5976 0.5725 7
0.9598 0.6094 0.5835 10
0.9626 0.681 0.6525 14
0.9612 0.6221 0.5954 9
0.9622 0.6098 0.5848 13
0.9655 0.6555 0.6291 20
0.9608 0.5766 0.5524 16
0.9637 0.6102 0.5859 14
0.9638 0.6048 0.5817 11
0.9619 0.6174 0.5912 14
0.9605 0.596 0.5704 18
0.9576 0.6434 0.6131 19
0.9613 0.5868 0.563 10
0.9626 0.6283 0.6038 12
0.9687 0.5954 0.5748 21
0.963 0.5906 0.5669 23
0.9637 0.6078 0.5848 9
0.9608 0.614 0.5881 15
0.9647 0.5738 0.5527 9
0.9657 0.6063 0.5837 14
0.9606 0.6016 0.5764 15
0.9654 0.6357 0.6125 7
0.9629 0.6639 0.6358 15
0.9659 0.608 0.5847 16
0.963 0.5947 0.5702 18
0.9611 0.6607 0.6347 6
0.964 0.7754 0.7458 9
0.7535 0.4528 0.3411 5
0.9604 0.7665 0.736 5
0.9623 0.5772 0.5554 1
0.9672 0.6735 0.6514 2
0.933 0.7302 0.6812 5
0.9882 0.6389 0.6302 13
0.9553 0.5545 0.5297 1
0.9527 0.6577 0.6154 28
0.9427 0.6618 0.6211 13
0.9607 0.649 0.6233 5
0.985 0.7535 0.7419 5
0.9629 0.7803 0.7514 1
0.7931 0.5084 0.3968 23
0.9755 0.6478 0.6309 8
0.8075 0.6385 0.5156 1
0.9604 0.6646 0.6367 6
0.8022 0.6923 0.5554 1
0.9656 0.6136 0.5904 9
0.9374 0.6173 0.5598 43
0.963 0.7193 0.6924 8
0.9729 0.6476 0.63 2
0.9809 0.7512 0.7368 8
0.9708 0.7094 0.6885 6
0.985 0.6338 0.6243 3
0.9862 0.7801 0.7693 4
0.9235 0.7787 0.7174 15
0.9731 0.6102 0.5927 10
0.8496 0.7098 0.6028 8
0.9658 0.6277 0.6054 9
0.9637 0.5581 0.5375 5
0.9806 0.6952 0.6816 7
0.9703 0.6895 0.6686 3
0.8826 0.5118 0.4447 30
0.9792 0.6258 0.6119 7
0.9132 0.6652 0.5971 23
0.9696 0.6582 0.6377 7
0.9744 0.7378 0.7183 8
0.978 0.7167 0.6979 12
0.9628 0.7074 0.6809 5
0.9679 0.7261 0.7024 5
0.9745 0.6364 0.6197 9
0.9864 0.7243 0.7128 12
0.9774 0.6858 0.67 3
0.9812 0.6084 0.5969 5
0.9812 0.6667 0.6532 13
0.9777 0.726 0.7094 10
0.9578 0.6203 0.592 23
0.9784 0.6611 0.6467 5
0.9742 0.6345 0.6181 4
0.9705 0.6408 0.6218 6
0.9814 0.6884 0.6748 17
0.9763 0.7115 0.6944 7
0.9789 0.6214 0.6079 9
0.9743 0.6523 0.6347 8
0.9695 0.6686 0.6478 5
0.9711 0.7118 0.6886 12
0.9851 0.75 0.7376 13
0.9791 0.7333 0.716 16
0.9803 0.7264 0.7099 13
0.9775 0.7398 0.7214 18
0.9772 0.6556 0.6394 13
0.9819 0.6479 0.6359 8
0.9785 0.7192 0.703 10
0.9789 0.6288 0.6152 6
0.9659 0.6377 0.6152 11
0.9669 0.6869 0.6641 5
0.9791 0.6745 0.6598 13
0.9804 0.7744 0.7581 10
0.9702 0.6429 0.6233 12
0.9747 0.6754 0.6579 11
0.9822 0.716 0.7027 12
0.9756 0.7048 0.687 12
0.9785 0.66 0.6446 14
0.9805 0.6848 0.6705 12
0.9624 0.7198 0.6919 7
0.9096 0.6467 0.5862 9
0.981 0.7283 0.7133 17
0.9793 0.7266 0.711 9
0.9748 0.7347 0.7143 12
0.9731 0.7355 0.7153 7
0.9784 0.6278 0.6135 16
0.9839 0.7289 0.7163 15
0.9771 0.7364 0.718 16
0.9813 0.625 0.6133 4
0.9805 0.6439 0.6308 11
0.9681 0.6633 0.6418 10
0.9783 0.6704 0.6548 11
0.9803 0.718 0.7022 11
0.9758 0.6806 0.6629 14
0.9732 0.633 0.6153 11
0.9845 0.7161 0.7042 8
0.9787 0.7154 0.6995 12
0.9891 0.6442 0.6348 17
0.9763 0.6822 0.665 16
0.9741 0.7407 0.7209 11
0.974 0.7126 0.6927 11
0.9782 0.7042 0.6877 16
0.9769 0.7174 0.7004 7
0.9819 0.7209 0.7077 5
0.9817 0.7383 0.723 14
0.9772 0.6014 0.5871 7
0.9811 0.7153 0.7011 8
0.979 0.6931 0.678 11
0.9771 0.6413 0.6264 6
0.9748 0.6911 0.6734 7
0.976 0.6971 0.6773 17
0.9726 0.6734 0.6536 13
0.9765 0.7118 0.694 12
0.9733 0.6985 0.6791 15
0.9799 0.6762 0.6618 10
0.9747 0.6897 0.672 7
0.9678 0.7413 0.7171 7
0.9892 0.6632 0.6535 17
0.9822 0.7131 0.699 14
0.9769 0.7149 0.6978 11
0.9691 0.7216 0.6974 21
0.9725 0.75 0.7282 14
0.9768 0.7143 0.6959 17
0.9797 0.7 0.6845 10
0.9765 0.7132 0.696 9
0.9782 0.6468 0.6322 10
0.9806 0.7353 0.7199 11
0.9806 0.7063 0.6915 12
0.9726 0.6506 0.6322 10
0.9782 0.6789 0.6629 11
0.9754 0.6933 0.6741 12
0.9812 0.6938 0.6799 14
0.9771 0.6926 0.6759 10
0.976 0.7028 0.6852 13
0.9782 0.6507 0.6363 8
0.9734 0.6337 0.6166 6
0.9785 0.6513 0.6361 14
0.9774 0.641 0.6259 11
0.972 0.6864 0.6642 17
0.9693 0.68 0.6589 6
0.9697 0.7573 0.7327 13
0.9743 0.7074 0.6887 9
0.9747 0.6615 0.6441 9
0.9726 0.7007 0.6798 14
0.9691 0.6316 0.6111 12
0.9704 0.5949 0.5762 14
0.9693 0.661 0.64 9
0.9647 0.6755 0.6509 14
0.9655 0.625 0.6027 10
0.9651 0.6455 0.6215 15
0.9586 0.6407 0.6138 7
0.9618 0.5826 0.5592 11
0.9706 0.6689 0.6485 10
0.9706 0.6899 0.6684 11
0.9712 0.6593 0.6397 14
0.9691 0.6626 0.6399 19
0.9663 0.6349 0.613 8
0.9656 0.6504 0.6277 8
0.967 0.6926 0.6684 9
0.9655 0.7054 0.6808 7
0.965 0.7115 0.6853 14
0.9608 0.7385 0.7075 21
0.9611 0.588 0.5648 10
0.9599 0.7021 0.6725 10
0.9695 0.624 0.6035 14
0.9667 0.616 0.5948 13
0.9706 0.6343 0.6142 11
0.9695 0.6514 0.6309 10
0.9677 0.6014 0.5811 12
0.9736 0.6512 0.6317 13
0.9651 0.6239 0.6011 13
0.9546 0.6394 0.6098 9
0.9635 0.6447 0.62 15
0.9698 0.6625 0.6402 16
0.9704 0.6272 0.6079 12
0.958 0.6266 0.5997 11
0.966 0.664 0.6399 17
0.9621 0.6583 0.6325 8
0.9735 0.608 0.5907 10
0.9677 0.6423 0.6201 19
0.9715 0.6217 0.6035 9
0.9627 0.6811 0.6537 9
0.9706 0.6 0.5806 15
0.9625 0.7132 0.6842 16
0.9659 0.6626 0.639 14
0.9563 0.5956 0.5688 9
0.9696 0.668 0.6461 18
0.9659 0.6805 0.6568 6
0.9692 0.6132 0.5928 15
0.9708 0.6339 0.6134 15
0.9708 0.6016 0.5831 12
0.9608 0.6308 0.6056 8
0.959 0.6825 0.654 6
0.964 0.6734 0.6483 14
0.9727 0.6822 0.6598 11
0.9684 0.6203 0.5996 13
0.9614 0.6568 0.6305 11
0.9655 0.6384 0.6153 14
0.963 0.6667 0.6409 17
0.9663 0.6374 0.6148 11
0.9639 0.6565 0.6321 9
0.9685 0.661 0.6376 14
0.9669 0.624 0.6018 22
0.97 0.6367 0.6157 13
0.9614 0.6321 0.6056 14
0.9579 0.6198 0.5933 5
0.9698 0.6758 0.6526 18
0.9615 0.6418 0.6157 9
0.9609 0.6338 0.6083 14
0.967 0.6509 0.6274 13
0.9635 0.6311 0.6058 17
0.9608 0.6553 0.6289 11
0.9701 0.6795 0.6571 12
0.9596 0.678 0.6499 7
0.9633 0.5935 0.5711 9
0.9589 0.6507 0.6226 13
0.962 0.589 0.566 10
0.9643 0.6563 0.6309 16
0.9617 0.641 0.6154 12
0.9579 0.6729 0.6438 7
0.964 0.6545 0.6297 9
0.968 0.6504 0.6272 13
0.9643 0.587 0.565 12
0.9686 0.6397 0.6179 9
0.9627 0.6211 0.5967 10
0.9713 0.6452 0.6241 19
0.9601 0.6707 0.6427 13
0.9678 0.6391 0.617 12
0.9649 0.609 0.586 16
0.9592 0.6542 0.6266 14
0.9558 0.6368 0.6073 12
0.9618 0.6481 0.6218 10
0.9677 0.6301 0.6088 8
0.9704 0.6667 0.6432 15
0.963 0.6626 0.6362 11
0.9598 0.6679 0.6394 18
0.964 0.6161 0.5932 13
0.9618 0.6453 0.6197 13
0.9634 0.6311 0.6063 18
0.9685 0.6679 0.6448 15
0.9641 0.6281 0.6041 17
0.9549 0.6453 0.6151 14
0.9623 0.6469 0.6212 7
0.9646 0.631 0.6075 13
0.9596 0.6259 0.5989 13
0.9693 0.6107 0.5911 7
0.9613 0.6583 0.6317 13
0.9665 0.6185 0.5956 16
0.9597 0.5823 0.5577 13
0.9678 0.6429 0.6207 13
0.9663 0.5913 0.569 15
0.9609 0.6217 0.5961 12
0.9656 0.652 0.6275 12
0.9669 0.6417 0.6185 12
0.9672 0.6429 0.6197 11
0.9609 0.6821 0.6528 17
0.9615 0.6457 0.6194 17
0.9621 0.6617 0.6347 13
0.9602 0.6341 0.6074 14
0.9675 0.6822 0.658 12
0.9674 0.6579 0.6352 13
0.9652 0.6453 0.6212 13
0.9642 0.5893 0.5675 8
0.9671 0.6822 0.6573 12
0.9578 0.6036 0.5765 14
0.9616 0.6169 0.5916 11
0.9627 0.6322 0.6067 19
0.9617 0.5926 0.5692 7
0.9587 0.5895 0.5641 5
0.9636 0.6475 0.6218 16
0.9579 0.5781 0.5529 8
0.9589 0.6174 0.5907 12
0.9593 0.6318 0.6043 13
0.9622 0.6367 0.6097 16
0.9673 0.6282 0.606 14
0.9669 0.6704 0.6437 19
0.9592 0.65 0.6214 11
0.9666 0.6116 0.5886 16
0.9628 0.6301 0.6051 10
0.9543 0.6094 0.5801 11
0.9678 0.6724 0.6476 8
0.9589 0.6336 0.605 15
0.9626 0.6326 0.6065 13
0.9647 0.6597 0.6332 12
0.9585 0.5876 0.5618 9
0.9608 0.6142 0.5888 12
0.962 0.629 0.6034 14
0.9579 0.6023 0.5756 15
0.9615 0.6358 0.6077 17
0.9576 0.6473 0.6182 12
0.9473 0.5868 0.5555 9
0.9636 0.6327 0.6075 15
0.9666 0.5992 0.5773 17
0.9638 0.5906 0.5681 11
0.9619 0.6379 0.6118 12
0.9684 0.6213 0.5994 17
0.9675 0.6189 0.5958 12
0.964 0.622 0.5971 13
0.9611 0.5935 0.5694 9
0.9658 0.6473 0.6226 15
0.9583 0.6681 0.6379 11
0.9672 0.612 0.5888 17
0.9683 0.5644 0.5452 9
0.9627 0.6607 0.6355 8
0.6359 0.7065 0.4491 5
0.9584 0.5709 0.5471 2
0.9604 0.769 0.7385 3
0.9568 0.5037 0.4819 1
0.9672 0.6735 0.6514 2
0.934 0.7302 0.682 2
0.9882 0.6389 0.6303 16
0.7666 0.4554 0.3491 1
0.9612 0.7231 0.6949 4
0.9345 0.6471 0.5967 23
0.9602 0.649 0.623 4
0.9776 0.7535 0.7366 2
0.9272 0.7689 0.7117 16
0.8264 0.6134 0.5069 2
0.9703 0.6635 0.6437 3
0.9694 0.5493 0.5279 25
0.9434 0.6646 0.627 1
0.648 0.65 0.4212 2
0.8248 0.5057 0.4052 39
0.971 0.7407 0.7181 12
0.9675 0.7149 0.6906 9
0.972 0.6506 0.6324 3
0.9809 0.7488 0.7343 11
0.964 0.7094 0.6839 1
0.9767 0.6338 0.619 1
0.9299 0.7349 0.6824 12
0.9797 0.8279 0.8109 6
0.9798 0.6144 0.601 7
0.6563 0.5603 0.367 16
0.971 0.633 0.6134 11
0.9712 0.5349 0.5191 5
0.976 0.6952 0.6785 4
0.959 0.6842 0.6547 4
0.979 0.5591 0.5468 8
0.8438 0.4877 0.4055 44
0.9661 0.7723 0.7455 3
0.9715 0.6582 0.6389 3
0.974 0.7378 0.7184 7
0.9759 0.7125 0.6932 11
0.9793 0.7074 0.6903 19
0.8863 0.6739 0.5966 11
0.9618 0.6224 0.5986 4
0.9831 0.7243 0.7112 19
0.977 0.6726 0.6567 7
0.9795 0.5734 0.5616 4
0.9802 0.7118 0.6969 13
0.9744 0.726 0.7073 5
0.9731 0.6391 0.6218 7
0.9788 0.6611 0.647 6
0.9758 0.6387 0.623 8
0.9756 0.6117 0.5964 6
0.9865 0.6809 0.6698 20
0.9742 0.6779 0.6597 10
0.9771 0.6359 0.6208 8
0.9681 0.6992 0.6765 9
0.9714 0.7442 0.7223 6
0.9711 0.7118 0.6896 8
0.9738 0.7472 0.7272 8
0.9814 0.7333 0.7182 17
0.9766 0.7311 0.7128 11
0.9829 0.748 0.7334 19
0.905 0.5481 0.4949 9
0.9761 0.642 0.626 11
0.976 0.7346 0.7156 13
0.9781 0.6136 0.5998 3
0.9762 0.6848 0.668 11
0.9779 0.6869 0.671 11
0.9761 0.6812 0.6647 6
0.9806 0.7707 0.7542 14
0.9821 0.6508 0.6382 9
0.9745 0.6579 0.641 5
0.9579 0.713 0.683 3
0.9511 0.6238 0.5894 13
0.9825 0.66 0.647 8
0.9794 0.6812 0.6661 10
0.96 0.7473 0.7174 2
0.9744 0.6867 0.6673 10
0.9769 0.6775 0.6614 5
0.9802 0.7266 0.7112 9
0.9825 0.7347 0.7184 17
0.9155 0.6667 0.6081 17
0.9769 0.6278 0.6131 4
0.9787 0.6725 0.6574 8
0.917 0.7132 0.6526 10
0.9785 0.5536 0.5412 8
0.976 0.6439 0.6282 7
0.9641 0.6684 0.6431 11
0.9734 0.6667 0.6476 10
0.9802 0.7218 0.7059 10
0.9753 0.691 0.6733 8
0.9748 0.6055 0.5898 7
0.9803 0.6256 0.6119 22
0.9773 0.7439 0.7264 12
0.9798 0.6875 0.6731 6
0.9762 0.6568 0.6395 13
0.9789 0.7315 0.7148 13
0.9727 0.7241 0.7027 12
0.9858 0.6866 0.6749 18
0.9749 0.6775 0.6597 17
0.9765 0.7248 0.7069 8
0.979 0.7517 0.7351 7
0.974 0.6449 0.6279 6
0.9871 0.7049 0.6939 16
0.9767 0.7103 0.6927 13
0.9812 0.6413 0.6287 13
0.9774 0.6341 0.6195 5
0.9747 0.726 0.707 7
0.9805 0.6935 0.678 15
0.9696 0.7083 0.6866 9
0.9711 0.6756 0.6546 13
0.9795 0.6762 0.6617 8
0.981 0.702 0.6877 15
0.9671 0.6993 0.6759 5
0.9748 0.6632 0.6461 8
0.9787 0.7172 0.7003 20
0.9803 0.6777 0.6631 14
0.9658 0.7273 0.7005 15
0.9763 0.7311 0.7129 10
0.98 0.7214 0.7046 17
0.9771 0.7136 0.6969 7
0.9778 0.6899 0.673 17
0.9734 0.5635 0.5479 5
0.973 0.7255 0.7049 9
0.9743 0.7183 0.6989 11
0.9736 0.6571 0.6395 9
0.9786 0.6789 0.6634 12
0.9677 0.6807 0.6579 5
0.9624 0.6163 0.591 18
0.9793 0.6926 0.6771 13
0.9707 0.7063 0.6853 7
0.9771 0.7089 0.6926 7
0.9849 0.6541 0.6435 13
0.9763 0.7059 0.6883 9
0.9742 0.6325 0.6157 8
0.9766 0.7119 0.6937 16
0.974 0.692 0.673 10
0.9655 0.7136 0.6873 11
0.9714 0.7074 0.6865 9
0.9709 0.6615 0.6419 7
0.9689 0.7042 0.6795 22
0.9731 0.6316 0.6129 18
0.9571 0.5511 0.5271 8
0.9682 0.6712 0.6483 13
0.9673 0.6821 0.6588 10
0.9651 0.6063 0.5845 7
0.9658 0.6409 0.6178 12
0.9619 0.6407 0.6159 5
0.9663 0.5826 0.5619 10
0.8449 0.5728 0.4837 2
0.9672 0.6822 0.6582 10
0.9696 0.6593 0.6384 12
0.9681 0.6319 0.6097 13
0.9602 0.627 0.6019 7
0.9497 0.5929 0.5615 6
0.9664 0.6844 0.6606 13
0.972 0.683 0.6629 6
0.9702 0.7019 0.6786 15
0.9678 0.7269 0.7007 14
0.9614 0.5387 0.5172 10
0.9713 0.6849 0.6625 17
0.9669 0.656 0.6325 11
0.9687 0.6 0.5806 8
0.9615 0.6306 0.606 5
0.9774 0.6408 0.6241 16
0.9683 0.6014 0.5815 13
0.9584 0.6047 0.5783 11
0.9592 0.5929 0.5679 13
0.9584 0.6394 0.6118 8
0.9614 0.6535 0.6265 18
0.9336 0.6125 0.571 3
0.9678 0.6404 0.6192 8
0.965 0.6169 0.5945 8
0.9421 0.64 0.602 9
0.963 0.6375 0.6134 9
0.9657 0.636 0.6134 8
0.9583 0.6463 0.6192 5
0.9746 0.6609 0.6423 12
0.9541 0.6929 0.66 9
0.9639 0.6423 0.6177 14
0.9656 0.6801 0.6548 12
0.9642 0.6585 0.6338 9
0.9628 0.6213 0.5975 8
0.9651 0.6803 0.6562 4
0.9642 0.6654 0.6407 9
0.9634 0.6038 0.5815 4
0.9625 0.626 0.6007 11
0.9677 0.5935 0.5741 6
0.9604 0.6308 0.6048 13
0.96 0.6627 0.6355 10
0.9645 0.6935 0.6664 13
0.9601 0.6653 0.637 11
0.9614 0.6361 0.6112 5
0.9618 0.6144 0.5901 14
0.9472 0.6205 0.5875 8
0.9652 0.6434 0.6201 11
0.9665 0.6412 0.6186 8
0.9611 0.6565 0.6302 9
0.966 0.6568 0.6322 15
0.9664 0.636 0.6133 9
0.9585 0.6445 0.6165 11
0.9603 0.6071 0.5819 8
0.9622 0.624 0.5997 10
0.9564 0.6758 0.6449 12
0.9665 0.6455 0.6227 12
0.9621 0.6338 0.609 9
0.9678 0.6595 0.6366 11
0.9671 0.6393 0.6163 11
0.9608 0.6553 0.628 15
0.9603 0.6795 0.6513 12
0.9672 0.6737 0.6482 14
0.9637 0.626 0.6021 10
0.9619 0.6336 0.6075 11
0.9641 0.6059 0.5823 15
0.9663 0.6484 0.6257 13
0.9615 0.6154 0.5907 9
0.958 0.6391 0.6113 16
0.9631 0.6364 0.6119 12
0.9657 0.6585 0.6337 17
0.9552 0.6159 0.5879 7
0.9526 0.7096 0.6751 8
0.9627 0.6563 0.628 16
0.9655 0.6573 0.6334 8
0.9563 0.6626 0.6323 19
0.961 0.6203 0.5954 9
0.9631 0.6186 0.5937 12
0.9571 0.6583 0.6292 10
0.9629 0.5983 0.5751 12
0.9599 0.6667 0.6375 10
0.9665 0.6138 0.5917 17
0.9711 0.6417 0.6209 9
0.9682 0.6463 0.6232 15
0.9604 0.6536 0.6268 13
0.9669 0.6295 0.6076 13
0.9666 0.6496 0.6256 16
0.9651 0.6352 0.6114 15
0.9655 0.6642 0.6396 12
0.9596 0.6529 0.6253 8
0.9634 0.6581 0.6315 17
0.9637 0.6329 0.6078 13
0.9666 0.631 0.6086 8
0.961 0.6185 0.5929 14
0.9635 0.6107 0.5875 7
0.9673 0.6542 0.6308 8
0.9648 0.6519 0.6265 12
0.9587 0.622 0.5948 13
0.964 0.6587 0.6331 15
0.9608 0.6032 0.5786 8
0.9648 0.6 0.5775 10
0.9657 0.656 0.6312 16
0.9724 0.6708 0.6486 18
0.9624 0.6429 0.6169 19
0.954 0.6821 0.6493 12
0.9642 0.6417 0.6175 11
0.97 0.6241 0.603 12
0.9586 0.5854 0.5609 7
0.9558 0.6783 0.6468 13
0.9649 0.6447 0.6207 11
0.9631 0.6667 0.6393 11
0.9583 0.5929 0.5669 10
0.9624 0.6907 0.6622 16
0.9523 0.6036 0.5739 9
0.9669 0.629 0.6064 14
0.9676 0.624 0.602 16
0.9579 0.637 0.6086 6
0.9502 0.6019 0.5712 10
0.9633 0.627 0.6026 11
0.9611 0.5938 0.5691 12
0.9594 0.6304 0.6036 14
0.9732 0.6085 0.5889 12
0.9538 0.6367 0.6064 6
0.9521 0.641 0.6096 7
0.9588 0.6667 0.6364 14
0.9558 0.6423 0.612 14
0.9569 0.6488 0.6195 8
0.96 0.6423 0.6149 14
0.9569 0.6445 0.6143 12
0.9575 0.6853 0.6536 9
0.9656 0.6298 0.605 18
0.9554 0.5644 0.5379 8
0.9606 0.6555 0.6268 17
0.9647 0.6204 0.5958 17
0.9571 0.6339 0.6052 9
0.9615 0.625 0.5988 10
0.9635 0.6326 0.6072 16
0.9516 0.6589 0.6251 8
0.9537 0.6512 0.6201 8
0.9492 0.5909 0.5605 5
0.9573 0.6593 0.6293 14
0.9561 0.6336 0.604 13
0.9576 0.6378 0.6086 11
0.9632 0.6164 0.5915 13
0.9619 0.6213 0.5953 18
0.9629 0.6189 0.5931 16
0.9648 0.6339 0.6081 17
0.9582 0.622 0.5935 17
0.9596 0.655 0.6268 14
0.9546 0.6513 0.621 5
0.9594 0.62 0.5933 14
0.9643 0.6174 0.5934 15\n

