nan +- -1.00 (0)
nan +- -1.00 (0)
nan +- -1.00 (0)
12.0000 +- -1.00 (1)
nan +- -1.00 (0)
nan +- -1.00 (0)
nan +- -1.00 (0)
nan +- -1.00 (0)
nan +- -1.00 (0)
nan +- -1.00 (0)
nan +- -1.00 (0)
29.0000 +- -1.00 (1)
30.0000 +- -1.00 (1)
28.0000 +- -1.00 (1)
29.0000 +- -1.00 (1)
25.0000 +- -1.00 (1)
24.0000 +- -1.00 (1)
nan +- -1.00 (0)
nan +- -1.00 (0)
nan +- -1.00 (0)
nan +- -1.00 (0)
nan +- -1.00 (0)
nan +- -1.00 (0)
nan +- -1.00 (0)
nan +- -1.00 (0)
nan +- -1.00 (0)
nan +- -1.00 (0)
38.0000 +- -1.00 (1)
nan +- -1.00 (0)
nan +- -1.00 (0)
nan +- -1.00 (0)
nan +- -1.00 (0)
nan +- -1.00 (0)
nan +- -1.00 (0)
nan +- -1.00 (0)
nan +- -1.00 (0)
nan +- -1.00 (0)
53.0000 +- -1.00 (1)
nan +- -1.00 (0)
56.0000 +- -1.00 (1)
nan +- -1.00 (0)
nan +- -1.00 (0)
15.0000 +- -1.00 (1)
12.0000 +- -1.00 (1)
nan +- -1.00 (0)
14.0000 +- -1.00 (1)
nan +- -1.00 (0)
nan +- -1.00 (0)
nan +- -1.00 (0)
nan +- -1.00 (0)
nan +- -1.00 (0)
nan +- -1.00 (0)
nan +- -1.00 (0)
nan +- -1.00 (0)
29.0000 +- -1.00 (1)
nan +- -1.00 (0)
nan +- -1.00 (0)
25.0000 +- -1.00 (1)
nan +- -1.00 (0)
29.0000 +- -1.00 (1)
36.0000 +- -1.00 (1)
nan +- -1.00 (0)
nan +- -1.00 (0)
nan +- -1.00 (0)
nan +- -1.00 (0)
nan +- -1.00 (0)
38.0000 +- -1.00 (1)
nan +- -1.00 (0)
nan +- -1.00 (0)
39.0000 +- -1.00 (1)
nan +- -1.00 (0)
nan +- -1.00 (0)
nan +- -1.00 (0)
nan +- -1.00 (0)
nan +- -1.00 (0)
nan +- -1.00 (0)
nan +- -1.00 (0)
nan +- -1.00 (0)
49.0000 +- -1.00 (1)
nan +- -1.00 (0)
nan +- -1.00 (0)
14.0000 +- -1.00 (1)
nan +- -1.00 (0)
13.0000 +- -1.00 (1)
15.0000 +- -1.00 (1)
nan +- -1.00 (0)
nan +- -1.00 (0)
nan +- -1.00 (0)
nan +- -1.00 (0)
nan +- -1.00 (0)
nan +- -1.00 (0)
nan +- -1.00 (0)
nan +- -1.00 (0)
nan +- -1.00 (0)
nan +- -1.00 (0)
nan +- -1.00 (0)
nan +- -1.00 (0)
nan +- -1.00 (0)
nan +- -1.00 (0)
nan +- -1.00 (0)
nan +- -1.00 (0)
41.0000 +- -1.00 (1)
nan +- -1.00 (0)
37.0000 +- -1.00 (1)
nan +- -1.00 (0)
42.0000 +- -1.00 (1)
38.0000 +- -1.00 (1)
nan +- -1.00 (0)
43.0000 +- -1.00 (1)
nan +- -1.00 (0)
51.0000 +- -1.00 (1)
nan +- -1.00 (0)
nan +- -1.00 (0)
nan +- -1.00 (0)
nan +- -1.00 (0)
nan +- -1.00 (0)
52.0000 +- -1.00 (1)
nan +- -1.00 (0)
nan +- -1.00 (0)
51.0000 +- -1.00 (1)
nan +- -1.00 (0)
nan +- -1.00 (0)
nan +- -1.00 (0)
32.0000 +- -1.00 (1)
35.0000 +- -1.00 (1)
28.0000 +- -1.00 (1)
nan +- -1.00 (0)
nan +- -1.00 (0)
nan +- -1.00 (0)
27.0000 +- -1.00 (1)
52.0000 +- -1.00 (1)
55.0000 +- -1.00 (1)
nan +- -1.00 (0)
nan +- -1.00 (0)
nan +- -1.00 (0)
nan +- -1.00 (0)
nan +- -1.00 (0)
nan +- -1.00 (0)
nan +- -1.00 (0)
nan +- -1.00 (0)
nan +- -1.00 (0)
nan +- -1.00 (0)
nan +- -1.00 (0)
nan +- -1.00 (0)
nan +- -1.00 (0)
nan +- -1.00 (0)
nan +- -1.00 (0)
nan +- -1.00 (0)
nan +- -1.00 (0)
nan +- -1.00 (0)
nan +- -1.00 (0)
nan +- -1.00 (0)
nan +- -1.00 (0)
118.0000 +- -1.00 (1)
nan +- -1.00 (0)
nan +- -1.00 (0)
nan +- -1.00 (0)
nan +- -1.00 (0)
nan +- -1.00 (0)
129.0000 +- -1.00 (1)
12.0000 +- -1.00 (1)
nan +- -1.00 (0)
nan +- -1.00 (0)
nan +- -1.00 (0)
nan +- -1.00 (0)
nan +- -1.00 (0)
nan +- -1.00 (0)
11.0000 +- -1.00 (1)
nan +- -1.00 (0)
nan +- -1.00 (0)
nan +- -1.00 (0)
18.0000 +- -1.00 (1)
nan +- -1.00 (0)
nan +- -1.00 (0)
nan +- -1.00 (0)
nan +- -1.00 (0)
nan +- -1.00 (0)
nan +- -1.00 (0)
nan +- -1.00 (0)
nan +- -1.00 (0)
nan +- -1.00 (0)
nan +- -1.00 (0)
nan +- -1.00 (0)
nan +- -1.00 (0)
nan +- -1.00 (0)
nan +- -1.00 (0)
nan +- -1.00 (0)
nan +- -1.00 (0)
nan +- -1.00 (0)
nan +- -1.00 (0)
nan +- -1.00 (0)
29.0000 +- -1.00 (1)
nan +- -1.00 (0)
nan +- -1.00 (0)
nan +- -1.00 (0)
nan +- -1.00 (0)
nan +- -1.00 (0)
nan +- -1.00 (0)
nan +- -1.00 (0)
25.0000 +- -1.00 (1)
12.0000 +- -1.00 (1)
nan +- -1.00 (0)
nan +- -1.00 (0)
nan +- -1.00 (0)
nan +- -1.00 (0)
11.0000 +- -1.00 (1)
nan +- -1.00 (0)
nan +- -1.00 (0)
nan +- -1.00 (0)
nan +- -1.00 (0)
16.0000 +- -1.00 (1)
nan +- -1.00 (0)
21.0000 +- -1.00 (1)
nan +- -1.00 (0)
nan +- -1.00 (0)
nan +- -1.00 (0)
nan +- -1.00 (0)
nan +- -1.00 (0)
nan +- -1.00 (0)
nan +- -1.00 (0)
nan +- -1.00 (0)
nan +- -1.00 (0)
nan +- -1.00 (0)
nan +- -1.00 (0)
nan +- -1.00 (0)
nan +- -1.00 (0)
33.0000 +- -1.00 (1)
nan +- -1.00 (0)
31.0000 +- -1.00 (1)
nan +- -1.00 (0)
nan +- -1.00 (0)
nan +- -1.00 (0)
nan +- -1.00 (0)
nan +- -1.00 (0)
nan +- -1.00 (0)
nan +- -1.00 (0)
nan +- -1.00 (0)
nan +- -1.00 (0)
35.0000 +- -1.00 (1)
nan +- -1.00 (0)
nan +- -1.00 (0)
nan +- -1.00 (0)
nan +- -1.00 (0)
nan +- -1.00 (0)
nan +- -1.00 (0)
7.0000 +- -1.00 (1)
nan +- -1.00 (0)
nan +- -1.00 (0)
nan +- -1.00 (0)
nan +- -1.00 (0)
nan +- -1.00 (0)
nan +- -1.00 (0)
nan +- -1.00 (0)
nan +- -1.00 (0)
nan +- -1.00 (0)
nan +- -1.00 (0)
nan +- -1.00 (0)
10.0000 +- -1.00 (1)
nan +- -1.00 (0)
12.0000 +- -1.00 (1)
15.0000 +- -1.00 (1)
nan +- -1.00 (0)
nan +- -1.00 (0)
nan +- -1.00 (0)
nan +- -1.00 (0)
nan +- -1.00 (0)
nan +- -1.00 (0)
nan +- -1.00 (0)
17.0000 +- -1.00 (1)
nan +- -1.00 (0)
nan +- -1.00 (0)
nan +- -1.00 (0)
nan +- -1.00 (0)
nan +- -1.00 (0)
nan +- -1.00 (0)
nan +- -1.00 (0)
nan +- -1.00 (0)
nan +- -1.00 (0)
22.0000 +- -1.00 (1)
nan +- -1.00 (0)
nan +- -1.00 (0)
nan +- -1.00 (0)
nan +- -1.00 (0)
9.0000 +- -1.00 (1)
nan +- -1.00 (0)
7.0000 +- -1.00 (1)
nan +- -1.00 (0)
nan +- -1.00 (0)
nan +- -1.00 (0)
nan +- -1.00 (0)
nan +- -1.00 (0)
nan +- -1.00 (0)
19.0000 +- -1.00 (1)
nan +- -1.00 (0)
15.0000 +- -1.00 (1)
nan +- -1.00 (0)
nan +- -1.00 (0)
nan +- -1.00 (0)
nan +- -1.00 (0)
nan +- -1.00 (0)
nan +- -1.00 (0)
nan +- -1.00 (0)
nan +- -1.00 (0)
nan +- -1.00 (0)
nan +- -1.00 (0)
nan +- -1.00 (0)
nan +- -1.00 (0)
nan +- -1.00 (0)
nan +- -1.00 (0)
nan +- -1.00 (0)
nan +- -1.00 (0)
nan +- -1.00 (0)
nan +- -1.00 (0)
nan +- -1.00 (0)
nan +- -1.00 (0)
32.0000 +- -1.00 (1)
nan +- -1.00 (0)
nan +- -1.00 (0)
nan +- -1.00 (0)
nan +- -1.00 (0)
