../../problems/clp/benchs/NMFTA/NMFTA_3.txt -i 0 --min_fr=1.0 0.624200 0.780700
../../problems/clp/benchs/NMFTA/NMFTA_3.txt -i 10 --min_fr=1.0 0.601300 0.760000
../../problems/clp/benchs/NMFTA/NMFTA_3.txt -i 14 --min_fr=1.0 0.638200 0.863800
../../problems/clp/benchs/NMFTA/NMFTA_3.txt -i 18 --min_fr=1.0 0.645400 0.779000
../../problems/clp/benchs/NMFTA/NMFTA_3.txt -i 18 --min_fr=1.0 0.408000 0.538800
../../problems/clp/benchs/NMFTA/NMFTA_3.txt -i 19 --min_fr=1.0 0.571600 0.717800
../../problems/clp/benchs/NMFTA/NMFTA_3.txt -i 24 --min_fr=1.0 0.665800 0.886500
../../problems/clp/benchs/NMFTA/NMFTA_3.txt -i 25 --min_fr=1.0 0.611800 0.823700
../../problems/clp/benchs/NMFTA/NMFTA_3.txt -i 28 --min_fr=1.0 0.585800 0.815900
../../problems/clp/benchs/NMFTA/NMFTA_3.txt -i 31 --min_fr=1.0 0.560600 0.751100
../../problems/clp/benchs/NMFTA/NMFTA_3.txt -i 35 --min_fr=1.0 0.605200 0.784700
../../problems/clp/benchs/NMFTA/NMFTA_3.txt -i 42 --min_fr=1.0 0.603500 0.775600
../../problems/clp/benchs/NMFTA/NMFTA_3.txt -i 44 --min_fr=1.0 0.668700 0.850500
../../problems/clp/benchs/NMFTA/NMFTA_3.txt -i 45 --min_fr=1.0 0.560400 0.745700
../../problems/clp/benchs/NMFTA/NMFTA_3.txt -i 49 --min_fr=1.0 0.642000 0.771500
../../problems/clp/benchs/NMFTA/NMFTA_3.txt -i 50 --min_fr=1.0 0.605900 0.729700
../../problems/clp/benchs/NMFTA/NMFTA_3.txt -i 57 --min_fr=1.0 0.671300 0.806200
../../problems/clp/benchs/NMFTA/NMFTA_3.txt -i 65 --min_fr=1.0 0.596700 0.798800
../../problems/clp/benchs/NMFTA/NMFTA_3.txt -i 68 --min_fr=1.0 0.660300 0.830400
../../problems/clp/benchs/NMFTA/NMFTA_3.txt -i 79 --min_fr=1.0 0.693900 0.866300
../../problems/clp/benchs/NMFTA/NMFTA_3.txt -i 81 --min_fr=1.0 0.734500 0.887900
../../problems/clp/benchs/NMFTA/NMFTA_3.txt -i 88 --min_fr=1.0 0.652200 0.816800
../../problems/clp/benchs/NMFTA/NMFTA_3.txt -i 89 --min_fr=1.0 0.690600 0.838400
../../problems/clp/benchs/NMFTA/NMFTA_3.txt -i 91 --min_fr=1.0 0.627500 0.778500
../../problems/clp/benchs/NMFTA/NMFTA_3.txt -i 96 --min_fr=1.0 0.701400 0.864200
../../problems/clp/benchs/NMFTA/NMFTA_4.txt -i 2 --min_fr=1.0 0.578200 0.813100
../../problems/clp/benchs/NMFTA/NMFTA_4.txt -i 5 --min_fr=1.0 0.613800 0.744800
../../problems/clp/benchs/NMFTA/NMFTA_4.txt -i 6 --min_fr=1.0 0.661800 0.886100
../../problems/clp/benchs/NMFTA/NMFTA_4.txt -i 9 --min_fr=1.0 0.668800 0.809900
../../problems/clp/benchs/NMFTA/NMFTA_4.txt -i 11 --min_fr=1.0 0.661800 0.864300
../../problems/clp/benchs/NMFTA/NMFTA_4.txt -i 20 --min_fr=1.0 0.670500 0.819700
../../problems/clp/benchs/NMFTA/NMFTA_4.txt -i 22 --min_fr=1.0 0.613800 0.788900
../../problems/clp/benchs/NMFTA/NMFTA_4.txt -i 23 --min_fr=1.0 0.686400 0.849800
../../problems/clp/benchs/NMFTA/NMFTA_4.txt -i 25 --min_fr=1.0 0.630300 0.792700
../../problems/clp/benchs/NMFTA/NMFTA_4.txt -i 34 --min_fr=1.0 0.622300 0.783200
../../problems/clp/benchs/NMFTA/NMFTA_4.txt -i 35 --min_fr=1.0 0.676900 0.861100
../../problems/clp/benchs/NMFTA/NMFTA_4.txt -i 36 --min_fr=1.0 0.654100 0.811300
../../problems/clp/benchs/NMFTA/NMFTA_4.txt -i 42 --min_fr=1.0 0.604500 0.728800
../../problems/clp/benchs/NMFTA/NMFTA_4.txt -i 48 --min_fr=1.0 0.571600 0.766500
../../problems/clp/benchs/NMFTA/NMFTA_4.txt -i 49 --min_fr=1.0 0.671200 0.815000
../../problems/clp/benchs/NMFTA/NMFTA_4.txt -i 59 --min_fr=1.0 0.573200 0.692900
../../problems/clp/benchs/NMFTA/NMFTA_4.txt -i 62 --min_fr=1.0 0.589500 0.718400
../../problems/clp/benchs/NMFTA/NMFTA_4.txt -i 63 --min_fr=1.0 0.613700 0.753500
../../problems/clp/benchs/NMFTA/NMFTA_4.txt -i 66 --min_fr=1.0 0.648200 0.783700
../../problems/clp/benchs/NMFTA/NMFTA_4.txt -i 67 --min_fr=1.0 0.606500 0.749100
../../problems/clp/benchs/NMFTA/NMFTA_4.txt -i 69 --min_fr=1.0 0.635200 0.849800
../../problems/clp/benchs/NMFTA/NMFTA_4.txt -i 75 --min_fr=1.0 0.614800 0.742300
../../problems/clp/benchs/NMFTA/NMFTA_4.txt -i 82 --min_fr=1.0 0.601100 0.748200
../../problems/clp/benchs/NMFTA/NMFTA_4.txt -i 85 --min_fr=1.0 0.598900 0.757000
../../problems/clp/benchs/NMFTA/NMFTA_4.txt -i 94 --min_fr=1.0 0.609800 0.764900
../../problems/clp/benchs/NMFTA/NMFTA_7.txt -i 2 --min_fr=1.0 0.596000 0.724500
../../problems/clp/benchs/NMFTA/NMFTA_7.txt -i 11 --min_fr=1.0 0.589000 0.707200
../../problems/clp/benchs/NMFTA/NMFTA_7.txt -i 21 --min_fr=1.0 0.629000 0.779100
../../problems/clp/benchs/NMFTA/NMFTA_7.txt -i 27 --min_fr=1.0 0.614200 0.737600
../../problems/clp/benchs/NMFTA/NMFTA_7.txt -i 31 --min_fr=1.0 0.644600 0.786300
../../problems/clp/benchs/NMFTA/NMFTA_7.txt -i 36 --min_fr=1.0 0.626400 0.758600
../../problems/clp/benchs/NMFTA/NMFTA_7.txt -i 37 --min_fr=1.0 0.648200 0.781700
../../problems/clp/benchs/NMFTA/NMFTA_7.txt -i 38 --min_fr=1.0 0.629700 0.769400
../../problems/clp/benchs/NMFTA/NMFTA_7.txt -i 40 --min_fr=1.0 0.639700 0.768000
../../problems/clp/benchs/NMFTA/NMFTA_7.txt -i 59 --min_fr=1.0 0.566700 0.705000
../../problems/clp/benchs/NMFTA/NMFTA_7.txt -i 65 --min_fr=1.0 0.576000 0.727700
../../problems/clp/benchs/NMFTA/NMFTA_7.txt -i 67 --min_fr=1.0 0.565200 0.729000
../../problems/clp/benchs/NMFTA/NMFTA_7.txt -i 69 --min_fr=1.0 0.603000 0.733300
../../problems/clp/benchs/NMFTA/NMFTA_7.txt -i 81 --min_fr=1.0 0.593300 0.712600
../../problems/clp/benchs/NMFTA/NMFTA_7.txt -i 82 --min_fr=1.0 0.599500 0.721500
../../problems/clp/benchs/NMFTA/NMFTA_7.txt -i 88 --min_fr=1.0 0.612800 0.741500
../../problems/clp/benchs/NMFTA/NMFTA_7.txt -i 94 --min_fr=1.0 0.613600 0.744100
../../problems/clp/benchs/NMFTA/NMFTA_8.txt -i 5 --min_fr=0.98 0.644900 0.837100
../../problems/clp/benchs/NMFTA/NMFTA_8.txt -i 7 --min_fr=0.98 0.626900 0.860700
../../problems/clp/benchs/NMFTA/NMFTA_8.txt -i 11 --min_fr=0.98 0.614000 0.767700
../../problems/clp/benchs/NMFTA/NMFTA_8.txt -i 16 --min_fr=0.98 0.515600 0.687600
../../problems/clp/benchs/NMFTA/NMFTA_8.txt -i 17 --min_fr=0.98 0.636500 0.889600
../../problems/clp/benchs/NMFTA/NMFTA_8.txt -i 28 --min_fr=0.98 0.573000 0.743000
../../problems/clp/benchs/NMFTA/NMFTA_8.txt -i 32 --min_fr=0.98 0.680000 0.844500
../../problems/clp/benchs/NMFTA/NMFTA_8.txt -i 34 --min_fr=0.98 0.444500 0.610100
../../problems/clp/benchs/NMFTA/NMFTA_8.txt -i 35 --min_fr=0.98 0.601600 0.864700
../../problems/clp/benchs/NMFTA/NMFTA_8.txt -i 40 --min_fr=0.98 0.672300 0.878300
../../problems/clp/benchs/NMFTA/NMFTA_8.txt -i 42 --min_fr=0.98 0.604500 0.762200
../../problems/clp/benchs/NMFTA/NMFTA_8.txt -i 45 --min_fr=0.98 0.589300 0.734600
../../problems/clp/benchs/NMFTA/NMFTA_8.txt -i 49 --min_fr=0.98 0.644300 0.786800
../../problems/clp/benchs/NMFTA/NMFTA_8.txt -i 51 --min_fr=0.98 0.616200 0.756000
../../problems/clp/benchs/NMFTA/NMFTA_8.txt -i 64 --min_fr=0.98 0.688700 0.878000
../../problems/clp/benchs/NMFTA/NMFTA_8.txt -i 66 --min_fr=0.98 0.611800 0.752500
../../problems/clp/benchs/NMFTA/NMFTA_8.txt -i 68 --min_fr=0.98 0.663000 0.883100
../../problems/clp/benchs/NMFTA/NMFTA_8.txt -i 70 --min_fr=0.98 0.622400 0.755300
../../problems/clp/benchs/NMFTA/NMFTA_8.txt -i 71 --min_fr=0.98 0.651800 0.840600
../../problems/clp/benchs/NMFTA/NMFTA_8.txt -i 72 --min_fr=0.98 0.691800 0.841500
../../problems/clp/benchs/NMFTA/NMFTA_8.txt -i 74 --min_fr=0.98 0.639400 0.792400
../../problems/clp/benchs/NMFTA/NMFTA_8.txt -i 79 --min_fr=0.98 0.694300 0.880300
../../problems/clp/benchs/NMFTA/NMFTA_8.txt -i 81 --min_fr=0.98 0.689000 0.873700
../../problems/clp/benchs/NMFTA/NMFTA_8.txt -i 84 --min_fr=0.98 0.702900 0.865800
../../problems/clp/benchs/NMFTA/NMFTA_8.txt -i 85 --min_fr=0.98 0.602500 0.826000
../../problems/clp/benchs/NMFTA/NMFTA_8.txt -i 87 --min_fr=0.98 0.634800 0.858900
../../problems/clp/benchs/NMFTA/NMFTA_8.txt -i 91 --min_fr=0.98 0.612600 0.747000
../../problems/clp/benchs/NMFTA/NMFTA_8.txt -i 93 --min_fr=0.98 0.692700 0.913100
../../problems/clp/benchs/NMFTA/NMFTA_8.txt -i 96 --min_fr=0.98 0.706800 0.905100
../../problems/clp/benchs/NMFTA/NMFTA_9.txt -i 2 --min_fr=0.98 0.579700 0.736300
../../problems/clp/benchs/NMFTA/NMFTA_9.txt -i 11 --min_fr=0.98 0.652000 0.804400
../../problems/clp/benchs/NMFTA/NMFTA_9.txt -i 13 --min_fr=0.98 0.699700 0.876700
../../problems/clp/benchs/NMFTA/NMFTA_9.txt -i 18 --min_fr=0.98 0.670100 0.850500
../../problems/clp/benchs/NMFTA/NMFTA_9.txt -i 16 --min_fr=0.98 0.679700 0.870800
../../problems/clp/benchs/NMFTA/NMFTA_9.txt -i 22 --min_fr=0.98 0.628500 0.782400
../../problems/clp/benchs/NMFTA/NMFTA_9.txt -i 25 --min_fr=0.98 0.614000 0.746600
../../problems/clp/benchs/NMFTA/NMFTA_9.txt -i 27 --min_fr=0.98 0.651000 0.805400
../../problems/clp/benchs/NMFTA/NMFTA_9.txt -i 33 --min_fr=0.98 0.644100 0.806400
../../problems/clp/benchs/NMFTA/NMFTA_9.txt -i 43 --min_fr=0.98 0.648700 0.846300
../../problems/clp/benchs/NMFTA/NMFTA_9.txt -i 46 --min_fr=0.98 0.601800 0.764900
../../problems/clp/benchs/NMFTA/NMFTA_9.txt -i 48 --min_fr=0.98 0.568700 0.735700
../../problems/clp/benchs/NMFTA/NMFTA_9.txt -i 53 --min_fr=0.98 0.599600 0.789100
../../problems/clp/benchs/NMFTA/NMFTA_9.txt -i 59 --min_fr=0.98 0.585400 0.740500
../../problems/clp/benchs/NMFTA/NMFTA_9.txt -i 65 --min_fr=0.98 0.583300 0.710100
../../problems/clp/benchs/NMFTA/NMFTA_9.txt -i 71 --min_fr=0.98 0.633300 0.791600
../../problems/clp/benchs/NMFTA/NMFTA_9.txt -i 72 --min_fr=0.98 0.610900 0.745000
../../problems/clp/benchs/NMFTA/NMFTA_9.txt -i 73 --min_fr=0.98 0.657600 0.809700
../../problems/clp/benchs/NMFTA/NMFTA_9.txt -i 75 --min_fr=0.98 0.610600 0.748800
../../problems/clp/benchs/NMFTA/NMFTA_9.txt -i 83 --min_fr=0.98 0.649100 0.787800
../../problems/clp/benchs/NMFTA/NMFTA_9.txt -i 85 --min_fr=0.98 0.599300 0.726100
../../problems/clp/benchs/NMFTA/NMFTA_9.txt -i 88 --min_fr=0.98 0.611900 0.768800
../../problems/clp/benchs/NMFTA/NMFTA_9.txt -i 96 --min_fr=0.98 0.598000 0.763200
../../problems/clp/benchs/NMFTA/NMFTA_9.txt -i 98 --min_fr=0.98 0.627300 0.804400
../../problems/clp/benchs/NMFTA/NMFTA_10.txt -i 13 --min_fr=0.98 0.594600 0.746500
../../problems/clp/benchs/NMFTA/NMFTA_10.txt -i 23 --min_fr=0.98 0.634900 0.765400
../../problems/clp/benchs/NMFTA/NMFTA_10.txt -i 33 --min_fr=0.98 0.597200 0.736900
../../problems/clp/benchs/NMFTA/NMFTA_10.txt -i 34 --min_fr=0.98 0.613500 0.738600
../../problems/clp/benchs/NMFTA/NMFTA_10.txt -i 36 --min_fr=0.98 0.632900 0.769900
../../problems/clp/benchs/NMFTA/NMFTA_10.txt -i 44 --min_fr=0.98 0.603300 0.733100
../../problems/clp/benchs/NMFTA/NMFTA_10.txt -i 53 --min_fr=0.98 0.615700 0.770500
../../problems/clp/benchs/NMFTA/NMFTA_10.txt -i 71 --min_fr=0.98 0.616300 0.770200
../../problems/clp/benchs/NMFTA/NMFTA_10.txt -i 78 --min_fr=0.98 0.619100 0.777500
../../problems/clp/benchs/NMFTA/NMFTA_10.txt -i 91 --min_fr=0.98 0.623200 0.749300
../../problems/clp/benchs/NMFTA/NMFTA_10.txt -i 95 --min_fr=0.98 0.603800 0.728300
../../problems/clp/benchs/NMFTA/NMFTA_10.txt -i 99 --min_fr=0.98 0.573200 0.699900
../../problems/clp/benchs/NMFTA/NMFTA_11.txt -i 0 --min_fr=0.98 0.625800 0.877600
../../problems/clp/benchs/NMFTA/NMFTA_11.txt -i 2 --min_fr=0.98 0.533400 0.664300
../../problems/clp/benchs/NMFTA/NMFTA_11.txt -i 16 --min_fr=0.98 0.527900 0.662300
../../problems/clp/benchs/NMFTA/NMFTA_11.txt -i 17 --min_fr=0.98 0.627000 0.847300
../../problems/clp/benchs/NMFTA/NMFTA_11.txt -i 29 --min_fr=0.98 0.366900 0.563200
../../problems/clp/benchs/NMFTA/NMFTA_11.txt -i 30 --min_fr=0.98 0.602100 0.832200
../../problems/clp/benchs/NMFTA/NMFTA_11.txt -i 46 --min_fr=0.98 0.688800 0.867700
../../problems/clp/benchs/NMFTA/NMFTA_11.txt -i 48 --min_fr=0.98 0.621700 0.755500
../../problems/clp/benchs/NMFTA/NMFTA_11.txt -i 53 --min_fr=0.98 0.655800 0.890500
../../problems/clp/benchs/NMFTA/NMFTA_11.txt -i 54 --min_fr=0.98 0.611700 0.791800
../../problems/clp/benchs/NMFTA/NMFTA_11.txt -i 57 --min_fr=0.98 0.680200 0.919400
../../problems/clp/benchs/NMFTA/NMFTA_11.txt -i 62 --min_fr=0.98 0.484500 0.598500
../../problems/clp/benchs/NMFTA/NMFTA_11.txt -i 67 --min_fr=0.98 0.651700 0.786800
../../problems/clp/benchs/NMFTA/NMFTA_11.txt -i 70 --min_fr=0.98 0.622000 0.784300
../../problems/clp/benchs/NMFTA/NMFTA_11.txt -i 81 --min_fr=0.98 0.581600 0.728600
../../problems/clp/benchs/NMFTA/NMFTA_11.txt -i 83 --min_fr=0.98 0.646800 0.822700
../../problems/clp/benchs/NMFTA/NMFTA_11.txt -i 85 --min_fr=0.98 0.529200 0.847000
../../problems/clp/benchs/NMFTA/NMFTA_11.txt -i 86 --min_fr=0.98 0.622700 0.809300
../../problems/clp/benchs/NMFTA/NMFTA_11.txt -i 95 --min_fr=0.98 0.626600 0.799600
../../problems/clp/benchs/NMFTA/NMFTA_11.txt -i 96 --min_fr=0.98 0.697800 0.841300
../../problems/clp/benchs/NMFTA/NMFTA_14.txt -i 0 --min_fr=0.98 0.667100 0.855800
../../problems/clp/benchs/NMFTA/NMFTA_14.txt -i 1 --min_fr=0.98 0.700800 0.864700
../../problems/clp/benchs/NMFTA/NMFTA_14.txt -i 2 --min_fr=0.98 0.619700 0.797300
../../problems/clp/benchs/NMFTA/NMFTA_14.txt -i 4 --min_fr=0.98 0.682700 0.842300
../../problems/clp/benchs/NMFTA/NMFTA_14.txt -i 5 --min_fr=0.98 0.619400 0.775400
../../problems/clp/benchs/NMFTA/NMFTA_14.txt -i 11 --min_fr=0.98 0.653900 0.840100
../../problems/clp/benchs/NMFTA/NMFTA_14.txt -i 21 --min_fr=0.98 0.656600 0.840600
../../problems/clp/benchs/NMFTA/NMFTA_14.txt -i 28 --min_fr=0.98 0.576600 0.727800
../../problems/clp/benchs/NMFTA/NMFTA_14.txt -i 32 --min_fr=0.98 0.638000 0.769300
../../problems/clp/benchs/NMFTA/NMFTA_14.txt -i 33 --min_fr=0.98 0.681100 0.836100
../../problems/clp/benchs/NMFTA/NMFTA_14.txt -i 43 --min_fr=0.98 0.648900 0.791600
../../problems/clp/benchs/NMFTA/NMFTA_14.txt -i 44 --min_fr=0.98 0.639800 0.780000
../../problems/clp/benchs/NMFTA/NMFTA_14.txt -i 48 --min_fr=0.98 0.556600 0.709000
../../problems/clp/benchs/NMFTA/NMFTA_14.txt -i 51 --min_fr=0.98 0.629500 0.777200
../../problems/clp/benchs/NMFTA/NMFTA_14.txt -i 53 --min_fr=0.98 0.601400 0.755900
../../problems/clp/benchs/NMFTA/NMFTA_14.txt -i 72 --min_fr=0.98 0.623800 0.751900
../../problems/clp/benchs/NMFTA/NMFTA_14.txt -i 76 --min_fr=0.98 0.614900 0.755900
../../problems/clp/benchs/NMFTA/NMFTA_14.txt -i 93 --min_fr=0.98 0.593900 0.720500
../../problems/clp/benchs/NMFTA/NMFTA_14.txt -i 96 --min_fr=0.98 0.600200 0.755700
../../problems/clp/benchs/NMFTA/NMFTA_15.txt -i 8 --min_fr=0.98 0.616400 0.773000
../../problems/clp/benchs/NMFTA/NMFTA_15.txt -i 19 --min_fr=0.98 0.615000 0.749500
../../problems/clp/benchs/NMFTA/NMFTA_15.txt -i 25 --min_fr=0.98 0.580000 0.717900
../../problems/clp/benchs/NMFTA/NMFTA_15.txt -i 34 --min_fr=0.98 0.599400 0.761600
../../problems/clp/benchs/NMFTA/NMFTA_15.txt -i 47 --min_fr=0.98 0.577700 0.724500
../../problems/clp/benchs/NMFTA/NMFTA_15.txt -i 48 --min_fr=0.98 0.588800 0.724600
../../problems/clp/benchs/NMFTA/NMFTA_15.txt -i 51 --min_fr=0.98 0.629100 0.758500
../../problems/clp/benchs/NMFTA/NMFTA_15.txt -i 67 --min_fr=0.98 0.583100 0.714300
../../problems/clp/benchs/NMFTA/NMFTA_15.txt -i 68 --min_fr=0.98 0.585700 0.713900
../../problems/clp/benchs/NMFTA/NMFTA_15.txt -i 75 --min_fr=0.98 0.595400 0.760300
