0.6242 +- -1.00 (1)
0.7357 +- -1.00 (1)
0.5299 +- -1.00 (1)
0.7317 +- -1.00 (1)
0.5616 +- -1.00 (1)
0.6487 +- -1.00 (1)
0.7088 +- -1.00 (1)
0.5028 +- -1.00 (1)
0.4976 +- -1.00 (1)
0.6782 +- -1.00 (1)
0.6013 +- -1.00 (1)
0.6140 +- -1.00 (1)
0.7262 +- -1.00 (1)
0.7002 +- -1.00 (1)
0.6382 +- -1.00 (1)
0.6454 +- -1.00 (1)
0.6721 +- -1.00 (1)
0.5833 +- -1.00 (1)
0.4080 +- -1.00 (1)
0.5716 +- -1.00 (1)
0.6972 +- -1.00 (1)
0.6765 +- -1.00 (1)
0.5712 +- -1.00 (1)
0.5569 +- -1.00 (1)
0.6658 +- -1.00 (1)
0.6118 +- -1.00 (1)
0.7520 +- -1.00 (1)
0.8007 +- -1.00 (1)
0.5858 +- -1.00 (1)
0.7564 +- -1.00 (1)
0.6007 +- -1.00 (1)
0.5606 +- -1.00 (1)
0.6356 +- -1.00 (1)
0.5996 +- -1.00 (1)
0.5359 +- -1.00 (1)
0.6052 +- -1.00 (1)
0.7740 +- -1.00 (1)
0.6295 +- -1.00 (1)
0.6927 +- -1.00 (1)
0.6511 +- -1.00 (1)
0.6873 +- -1.00 (1)
0.6864 +- -1.00 (1)
0.6035 +- -1.00 (1)
0.6246 +- -1.00 (1)
0.6687 +- -1.00 (1)
0.5604 +- -1.00 (1)
0.6903 +- -1.00 (1)
0.7082 +- -1.00 (1)
0.6178 +- -1.00 (1)
0.6420 +- -1.00 (1)
0.6059 +- -1.00 (1)
0.6183 +- -1.00 (1)
0.6983 +- -1.00 (1)
0.6642 +- -1.00 (1)
0.6226 +- -1.00 (1)
0.6739 +- -1.00 (1)
0.6715 +- -1.00 (1)
0.6713 +- -1.00 (1)
0.7274 +- -1.00 (1)
0.6972 +- -1.00 (1)
0.6966 +- -1.00 (1)
0.7113 +- -1.00 (1)
0.6418 +- -1.00 (1)
0.6594 +- -1.00 (1)
0.7039 +- -1.00 (1)
0.5967 +- -1.00 (1)
0.6463 +- -1.00 (1)
0.6578 +- -1.00 (1)
0.6603 +- -1.00 (1)
0.7523 +- -1.00 (1)
0.6204 +- -1.00 (1)
0.6432 +- -1.00 (1)
0.6948 +- -1.00 (1)
0.6789 +- -1.00 (1)
0.6400 +- -1.00 (1)
0.6653 +- -1.00 (1)
0.7214 +- -1.00 (1)
0.6387 +- -1.00 (1)
0.7077 +- -1.00 (1)
0.6939 +- -1.00 (1)
0.6908 +- -1.00 (1)
0.7345 +- -1.00 (1)
0.6022 +- -1.00 (1)
0.6923 +- -1.00 (1)
0.7120 +- -1.00 (1)
0.5965 +- -1.00 (1)
0.6235 +- -1.00 (1)
0.5814 +- -1.00 (1)
0.6522 +- -1.00 (1)
0.6906 +- -1.00 (1)
0.6555 +- -1.00 (1)
0.6275 +- -1.00 (1)
0.7003 +- -1.00 (1)
0.7104 +- -1.00 (1)
0.6521 +- -1.00 (1)
0.6598 +- -1.00 (1)
0.7014 +- -1.00 (1)
0.6846 +- -1.00 (1)
0.6955 +- -1.00 (1)
0.6847 +- -1.00 (1)
0.6907 +- -1.00 (1)
0.7049 +- -1.00 (1)
0.5782 +- -1.00 (1)
0.6869 +- -1.00 (1)
0.6849 +- -1.00 (1)
0.6138 +- -1.00 (1)
0.6618 +- -1.00 (1)
0.6859 +- -1.00 (1)
0.6780 +- -1.00 (1)
0.6688 +- -1.00 (1)
0.6686 +- -1.00 (1)
0.6618 +- -1.00 (1)
0.6763 +- -1.00 (1)
0.7258 +- -1.00 (1)
0.6496 +- -1.00 (1)
0.6842 +- -1.00 (1)
0.6855 +- -1.00 (1)
0.6627 +- -1.00 (1)
0.7086 +- -1.00 (1)
0.6828 +- -1.00 (1)
0.6705 +- -1.00 (1)
0.6625 +- -1.00 (1)
0.6138 +- -1.00 (1)
0.6864 +- -1.00 (1)
0.6858 +- -1.00 (1)
0.6303 +- -1.00 (1)
0.6613 +- -1.00 (1)
0.6554 +- -1.00 (1)
0.6594 +- -1.00 (1)
0.6643 +- -1.00 (1)
0.6732 +- -1.00 (1)
0.6859 +- -1.00 (1)
0.6597 +- -1.00 (1)
0.6751 +- -1.00 (1)
0.6223 +- -1.00 (1)
0.6769 +- -1.00 (1)
0.6541 +- -1.00 (1)
0.7116 +- -1.00 (1)
0.6795 +- -1.00 (1)
0.6559 +- -1.00 (1)
0.6885 +- -1.00 (1)
0.6312 +- -1.00 (1)
0.6045 +- -1.00 (1)
0.6446 +- -1.00 (1)
0.6656 +- -1.00 (1)
0.5998 +- -1.00 (1)
0.6121 +- -1.00 (1)
0.6276 +- -1.00 (1)
0.5716 +- -1.00 (1)
0.6712 +- -1.00 (1)
0.6899 +- -1.00 (1)
0.6519 +- -1.00 (1)
0.6384 +- -1.00 (1)
0.6025 +- -1.00 (1)
0.6254 +- -1.00 (1)
0.6601 +- -1.00 (1)
0.6591 +- -1.00 (1)
0.6909 +- -1.00 (1)
0.6810 +- -1.00 (1)
0.5732 +- -1.00 (1)
0.6772 +- -1.00 (1)
0.6485 +- -1.00 (1)
0.5895 +- -1.00 (1)
0.6137 +- -1.00 (1)
0.6427 +- -1.00 (1)
0.5912 +- -1.00 (1)
0.6482 +- -1.00 (1)
0.6065 +- -1.00 (1)
0.6123 +- -1.00 (1)
0.6352 +- -1.00 (1)
0.6684 +- -1.00 (1)
0.6544 +- -1.00 (1)
0.6274 +- -1.00 (1)
0.6673 +- -1.00 (1)
0.6257 +- -1.00 (1)
0.6148 +- -1.00 (1)
0.6223 +- -1.00 (1)
0.6617 +- -1.00 (1)
0.6874 +- -1.00 (1)
0.5988 +- -1.00 (1)
0.6636 +- -1.00 (1)
0.6483 +- -1.00 (1)
0.6011 +- -1.00 (1)
0.6586 +- -1.00 (1)
0.6573 +- -1.00 (1)
0.5989 +- -1.00 (1)
0.6449 +- -1.00 (1)
0.6073 +- -1.00 (1)
0.6231 +- -1.00 (1)
0.6514 +- -1.00 (1)
0.6651 +- -1.00 (1)
0.6390 +- -1.00 (1)
0.6156 +- -1.00 (1)
0.6341 +- -1.00 (1)
0.6098 +- -1.00 (1)
0.6407 +- -1.00 (1)
0.6005 +- -1.00 (1)
0.6738 +- -1.00 (1)
0.6260 +- -1.00 (1)
0.6241 +- -1.00 (1)
0.6388 +- -1.00 (1)
0.6043 +- -1.00 (1)
0.5960 +- -1.00 (1)
0.6603 +- -1.00 (1)
0.6322 +- -1.00 (1)
0.6094 +- -1.00 (1)
0.6249 +- -1.00 (1)
0.5990 +- -1.00 (1)
0.6174 +- -1.00 (1)
0.6777 +- -1.00 (1)
0.6542 +- -1.00 (1)
0.5890 +- -1.00 (1)
0.6410 +- -1.00 (1)
0.6104 +- -1.00 (1)
0.6179 +- -1.00 (1)
0.6170 +- -1.00 (1)
0.6328 +- -1.00 (1)
0.6530 +- -1.00 (1)
0.6378 +- -1.00 (1)
0.5926 +- -1.00 (1)
0.6536 +- -1.00 (1)
0.6290 +- -1.00 (1)
0.6301 +- -1.00 (1)
0.6423 +- -1.00 (1)
0.6036 +- -1.00 (1)
0.5900 +- -1.00 (1)
0.6392 +- -1.00 (1)
0.6142 +- -1.00 (1)
0.6219 +- -1.00 (1)
0.6620 +- -1.00 (1)
0.6633 +- -1.00 (1)
0.6446 +- -1.00 (1)
0.6452 +- -1.00 (1)
0.6062 +- -1.00 (1)
0.6148 +- -1.00 (1)
0.6272 +- -1.00 (1)
0.6264 +- -1.00 (1)
0.6482 +- -1.00 (1)
0.6297 +- -1.00 (1)
0.6181 +- -1.00 (1)
0.6397 +- -1.00 (1)
0.6208 +- -1.00 (1)
0.5952 +- -1.00 (1)
0.6424 +- -1.00 (1)
0.6206 +- -1.00 (1)
0.5954 +- -1.00 (1)
0.6244 +- -1.00 (1)
0.5858 +- -1.00 (1)
0.5899 +- -1.00 (1)
0.6578 +- -1.00 (1)
0.6513 +- -1.00 (1)
0.6279 +- -1.00 (1)
0.6578 +- -1.00 (1)
0.6508 +- -1.00 (1)
0.6316 +- -1.00 (1)
0.6375 +- -1.00 (1)
0.6481 +- -1.00 (1)
0.6519 +- -1.00 (1)
0.6476 +- -1.00 (1)
0.5667 +- -1.00 (1)
0.6542 +- -1.00 (1)
0.6011 +- -1.00 (1)
0.6182 +- -1.00 (1)
0.6378 +- -1.00 (1)
0.6056 +- -1.00 (1)
0.5760 +- -1.00 (1)
0.6313 +- -1.00 (1)
0.5652 +- -1.00 (1)
0.6186 +- -1.00 (1)
0.6030 +- -1.00 (1)
0.6304 +- -1.00 (1)
0.6132 +- -1.00 (1)
0.6578 +- -1.00 (1)
0.6021 +- -1.00 (1)
0.6341 +- -1.00 (1)
0.6212 +- -1.00 (1)
0.6103 +- -1.00 (1)
0.6512 +- -1.00 (1)
0.6051 +- -1.00 (1)
0.6015 +- -1.00 (1)
0.6465 +- -1.00 (1)
0.5933 +- -1.00 (1)
0.5995 +- -1.00 (1)
0.6316 +- -1.00 (1)
0.5880 +- -1.00 (1)
0.6094 +- -1.00 (1)
0.6434 +- -1.00 (1)
0.5760 +- -1.00 (1)
0.6128 +- -1.00 (1)
0.6234 +- -1.00 (1)
0.6173 +- -1.00 (1)
0.6193 +- -1.00 (1)
0.6114 +- -1.00 (1)
0.6149 +- -1.00 (1)
0.6136 +- -1.00 (1)
0.6071 +- -1.00 (1)
0.6499 +- -1.00 (1)
0.6441 +- -1.00 (1)
0.6213 +- -1.00 (1)
0.6158 +- -1.00 (1)
0.6253 +- -1.00 (1)
0.7384 +- -1.00 (1)
0.3411 +- -1.00 (1)
0.7317 +- -1.00 (1)
0.5616 +- -1.00 (1)
0.6449 +- -1.00 (1)
0.6807 +- -1.00 (1)
0.6269 +- -1.00 (1)
0.5142 +- -1.00 (1)
0.6103 +- -1.00 (1)
0.6094 +- -1.00 (1)
0.6140 +- -1.00 (1)
0.7355 +- -1.00 (1)
0.7514 +- -1.00 (1)
0.3963 +- -1.00 (1)
0.6284 +- -1.00 (1)
0.5156 +- -1.00 (1)
0.6365 +- -1.00 (1)
0.5554 +- -1.00 (1)
0.5712 +- -1.00 (1)
0.5561 +- -1.00 (1)
0.6768 +- -1.00 (1)
0.6245 +- -1.00 (1)
0.7248 +- -1.00 (1)
0.6754 +- -1.00 (1)
0.6228 +- -1.00 (1)
0.7588 +- -1.00 (1)
0.7172 +- -1.00 (1)
0.5730 +- -1.00 (1)
0.6028 +- -1.00 (1)
0.6007 +- -1.00 (1)
0.5291 +- -1.00 (1)
0.6800 +- -1.00 (1)
0.6567 +- -1.00 (1)
0.4445 +- -1.00 (1)
0.6016 +- -1.00 (1)
0.5580 +- -1.00 (1)
0.6219 +- -1.00 (1)
0.6944 +- -1.00 (1)
0.6802 +- -1.00 (1)
0.6723 +- -1.00 (1)
0.6862 +- -1.00 (1)
0.6045 +- -1.00 (1)
0.7059 +- -1.00 (1)
0.6620 +- -1.00 (1)
0.5893 +- -1.00 (1)
0.6465 +- -1.00 (1)
0.7040 +- -1.00 (1)
0.5770 +- -1.00 (1)
0.6443 +- -1.00 (1)
0.6039 +- -1.00 (1)
0.6162 +- -1.00 (1)
0.6697 +- -1.00 (1)
0.6844 +- -1.00 (1)
0.6052 +- -1.00 (1)
0.6356 +- -1.00 (1)
0.6138 +- -1.00 (1)
0.6705 +- -1.00 (1)
0.7332 +- -1.00 (1)
0.6996 +- -1.00 (1)
0.7060 +- -1.00 (1)
0.7039 +- -1.00 (1)
0.6305 +- -1.00 (1)
0.6304 +- -1.00 (1)
0.6887 +- -1.00 (1)
0.6027 +- -1.00 (1)
0.6118 +- -1.00 (1)
0.6464 +- -1.00 (1)
0.6630 +- -1.00 (1)
0.7426 +- -1.00 (1)
0.6224 +- -1.00 (1)
0.6518 +- -1.00 (1)
0.6918 +- -1.00 (1)
0.6741 +- -1.00 (1)
0.6394 +- -1.00 (1)
0.6611 +- -1.00 (1)
0.6806 +- -1.00 (1)
0.5736 +- -1.00 (1)
0.7018 +- -1.00 (1)
0.6943 +- -1.00 (1)
0.6923 +- -1.00 (1)
0.6890 +- -1.00 (1)
0.6037 +- -1.00 (1)
0.6988 +- -1.00 (1)
0.7029 +- -1.00 (1)
0.6025 +- -1.00 (1)
0.6223 +- -1.00 (1)
0.6348 +- -1.00 (1)
0.6422 +- -1.00 (1)
0.6971 +- -1.00 (1)
0.6586 +- -1.00 (1)
0.6126 +- -1.00 (1)
0.7008 +- -1.00 (1)
0.6927 +- -1.00 (1)
0.6292 +- -1.00 (1)
0.6560 +- -1.00 (1)
0.7068 +- -1.00 (1)
0.6788 +- -1.00 (1)
0.6754 +- -1.00 (1)
0.6770 +- -1.00 (1)
0.6838 +- -1.00 (1)
0.7073 +- -1.00 (1)
0.5797 +- -1.00 (1)
0.6796 +- -1.00 (1)
0.6715 +- -1.00 (1)
0.6176 +- -1.00 (1)
0.6544 +- -1.00 (1)
0.6655 +- -1.00 (1)
0.6464 +- -1.00 (1)
0.6776 +- -1.00 (1)
0.6623 +- -1.00 (1)
0.6520 +- -1.00 (1)
0.6597 +- -1.00 (1)
0.6997 +- -1.00 (1)
0.6502 +- -1.00 (1)
0.6701 +- -1.00 (1)
0.6797 +- -1.00 (1)
0.6894 +- -1.00 (1)
0.7050 +- -1.00 (1)
0.6907 +- -1.00 (1)
0.6737 +- -1.00 (1)
0.6802 +- -1.00 (1)
0.6285 +- -1.00 (1)
0.7029 +- -1.00 (1)
0.6768 +- -1.00 (1)
0.6140 +- -1.00 (1)
0.6434 +- -1.00 (1)
0.6510 +- -1.00 (1)
0.6699 +- -1.00 (1)
0.6722 +- -1.00 (1)
0.6716 +- -1.00 (1)
0.6399 +- -1.00 (1)
0.6056 +- -1.00 (1)
0.6441 +- -1.00 (1)
0.6179 +- -1.00 (1)
0.6545 +- -1.00 (1)
0.6548 +- -1.00 (1)
0.7266 +- -1.00 (1)
0.6718 +- -1.00 (1)
0.6360 +- -1.00 (1)
0.6834 +- -1.00 (1)
0.6238 +- -1.00 (1)
0.5907 +- -1.00 (1)
0.6487 +- -1.00 (1)
0.6575 +- -1.00 (1)
0.6040 +- -1.00 (1)
0.6018 +- -1.00 (1)
0.6145 +- -1.00 (1)
0.5687 +- -1.00 (1)
0.6749 +- -1.00 (1)
0.6871 +- -1.00 (1)
0.6501 +- -1.00 (1)
0.6381 +- -1.00 (1)
0.5996 +- -1.00 (1)
0.6302 +- -1.00 (1)
0.6607 +- -1.00 (1)
0.6689 +- -1.00 (1)
0.6875 +- -1.00 (1)
0.6974 +- -1.00 (1)
0.5854 +- -1.00 (1)
0.6788 +- -1.00 (1)
0.6481 +- -1.00 (1)
0.5937 +- -1.00 (1)
0.6186 +- -1.00 (1)
0.6483 +- -1.00 (1)
0.5833 +- -1.00 (1)
0.6406 +- -1.00 (1)
0.6056 +- -1.00 (1)
0.6224 +- -1.00 (1)
0.6363 +- -1.00 (1)
0.6751 +- -1.00 (1)
0.6333 +- -1.00 (1)
0.6109 +- -1.00 (1)
0.6576 +- -1.00 (1)
0.6327 +- -1.00 (1)
0.6106 +- -1.00 (1)
0.6179 +- -1.00 (1)
0.6460 +- -1.00 (1)
0.6822 +- -1.00 (1)
0.6220 +- -1.00 (1)
0.6721 +- -1.00 (1)
0.6465 +- -1.00 (1)
0.5842 +- -1.00 (1)
0.6491 +- -1.00 (1)
0.6595 +- -1.00 (1)
0.5993 +- -1.00 (1)
0.6379 +- -1.00 (1)
0.5745 +- -1.00 (1)
0.6119 +- -1.00 (1)
0.6506 +- -1.00 (1)
0.6644 +- -1.00 (1)
0.6348 +- -1.00 (1)
0.6226 +- -1.00 (1)
0.6348 +- -1.00 (1)
0.6084 +- -1.00 (1)
0.6462 +- -1.00 (1)
0.5980 +- -1.00 (1)
0.6633 +- -1.00 (1)
0.6273 +- -1.00 (1)
0.6359 +- -1.00 (1)
0.6349 +- -1.00 (1)
0.6234 +- -1.00 (1)
0.5862 +- -1.00 (1)
0.6536 +- -1.00 (1)
0.6356 +- -1.00 (1)
0.5987 +- -1.00 (1)
0.6368 +- -1.00 (1)
0.6052 +- -1.00 (1)
0.6241 +- -1.00 (1)
0.6656 +- -1.00 (1)
0.6582 +- -1.00 (1)
0.6019 +- -1.00 (1)
0.6381 +- -1.00 (1)
0.5946 +- -1.00 (1)
0.6183 +- -1.00 (1)
0.6187 +- -1.00 (1)
0.6318 +- -1.00 (1)
0.6456 +- -1.00 (1)
0.6394 +- -1.00 (1)
0.5946 +- -1.00 (1)
0.6612 +- -1.00 (1)
0.6282 +- -1.00 (1)
0.6260 +- -1.00 (1)
0.6349 +- -1.00 (1)
0.6197 +- -1.00 (1)
0.5921 +- -1.00 (1)
0.6288 +- -1.00 (1)
0.6092 +- -1.00 (1)
0.6193 +- -1.00 (1)
0.6527 +- -1.00 (1)
0.6635 +- -1.00 (1)
0.6242 +- -1.00 (1)
0.6473 +- -1.00 (1)
0.5972 +- -1.00 (1)
0.6135 +- -1.00 (1)
0.6275 +- -1.00 (1)
0.6329 +- -1.00 (1)
0.6419 +- -1.00 (1)
0.6249 +- -1.00 (1)
0.6138 +- -1.00 (1)
0.6434 +- -1.00 (1)
0.6282 +- -1.00 (1)
0.5913 +- -1.00 (1)
0.6599 +- -1.00 (1)
0.6033 +- -1.00 (1)
0.5996 +- -1.00 (1)
0.6370 +- -1.00 (1)
0.5914 +- -1.00 (1)
0.5985 +- -1.00 (1)
0.6529 +- -1.00 (1)
0.6617 +- -1.00 (1)
0.6233 +- -1.00 (1)
0.6510 +- -1.00 (1)
0.6157 +- -1.00 (1)
0.6409 +- -1.00 (1)
0.6415 +- -1.00 (1)
0.6494 +- -1.00 (1)
0.6474 +- -1.00 (1)
0.6559 +- -1.00 (1)
0.5883 +- -1.00 (1)
0.6564 +- -1.00 (1)
0.6053 +- -1.00 (1)
0.6025 +- -1.00 (1)
0.6218 +- -1.00 (1)
0.6049 +- -1.00 (1)
0.5705 +- -1.00 (1)
0.6298 +- -1.00 (1)
0.5860 +- -1.00 (1)
0.6068 +- -1.00 (1)
0.6333 +- -1.00 (1)
0.6525 +- -1.00 (1)
0.6163 +- -1.00 (1)
0.6331 +- -1.00 (1)
0.6257 +- -1.00 (1)
0.6417 +- -1.00 (1)
0.6198 +- -1.00 (1)
0.6092 +- -1.00 (1)
0.6458 +- -1.00 (1)
0.6191 +- -1.00 (1)
0.6049 +- -1.00 (1)
0.6380 +- -1.00 (1)
0.5825 +- -1.00 (1)
0.6126 +- -1.00 (1)
0.6124 +- -1.00 (1)
0.6172 +- -1.00 (1)
0.5874 +- -1.00 (1)
0.6296 +- -1.00 (1)
0.5813 +- -1.00 (1)
0.6286 +- -1.00 (1)
0.6300 +- -1.00 (1)
0.6118 +- -1.00 (1)
0.6232 +- -1.00 (1)
0.6231 +- -1.00 (1)
0.6129 +- -1.00 (1)
0.6383 +- -1.00 (1)
0.6038 +- -1.00 (1)
0.6376 +- -1.00 (1)
0.6495 +- -1.00 (1)
0.6070 +- -1.00 (1)
0.5732 +- -1.00 (1)
0.6258 +- -1.00 (1)
0.4491 +- -1.00 (1)
0.5334 +- -1.00 (1)
0.7317 +- -1.00 (1)
0.4781 +- -1.00 (1)
0.6449 +- -1.00 (1)
0.6820 +- -1.00 (1)
0.6271 +- -1.00 (1)
0.3491 +- -1.00 (1)
0.6824 +- -1.00 (1)
0.5903 +- -1.00 (1)
0.6161 +- -1.00 (1)
0.7236 +- -1.00 (1)
0.7087 +- -1.00 (1)
0.5069 +- -1.00 (1)
0.6376 +- -1.00 (1)
0.5279 +- -1.00 (1)
0.6270 +- -1.00 (1)
0.4212 +- -1.00 (1)
0.4051 +- -1.00 (1)
0.7010 +- -1.00 (1)
0.6758 +- -1.00 (1)
0.6245 +- -1.00 (1)
0.7280 +- -1.00 (1)
0.6694 +- -1.00 (1)
0.6172 +- -1.00 (1)
0.6804 +- -1.00 (1)
0.7774 +- -1.00 (1)
0.5882 +- -1.00 (1)
0.3669 +- -1.00 (1)
0.6021 +- -1.00 (1)
0.5149 +- -1.00 (1)
0.6744 +- -1.00 (1)
0.6440 +- -1.00 (1)
0.5428 +- -1.00 (1)
0.4052 +- -1.00 (1)
0.7279 +- -1.00 (1)
0.6204 +- -1.00 (1)
0.7007 +- -1.00 (1)
0.6883 +- -1.00 (1)
0.6776 +- -1.00 (1)
0.5946 +- -1.00 (1)
0.5919 +- -1.00 (1)
0.7016 +- -1.00 (1)
0.6493 +- -1.00 (1)
0.5587 +- -1.00 (1)
0.6888 +- -1.00 (1)
0.6994 +- -1.00 (1)
0.6217 +- -1.00 (1)
0.6408 +- -1.00 (1)
0.6052 +- -1.00 (1)
0.5861 +- -1.00 (1)
0.6636 +- -1.00 (1)
0.6558 +- -1.00 (1)
0.6117 +- -1.00 (1)
0.6644 +- -1.00 (1)
0.7057 +- -1.00 (1)
0.6802 +- -1.00 (1)
0.7164 +- -1.00 (1)
0.7036 +- -1.00 (1)
0.6963 +- -1.00 (1)
0.7060 +- -1.00 (1)
0.4845 +- -1.00 (1)
0.6236 +- -1.00 (1)
0.7054 +- -1.00 (1)
0.5849 +- -1.00 (1)
0.6635 +- -1.00 (1)
0.6517 +- -1.00 (1)
0.6528 +- -1.00 (1)
0.7410 +- -1.00 (1)
0.6220 +- -1.00 (1)
0.6323 +- -1.00 (1)
0.6812 +- -1.00 (1)
0.5717 +- -1.00 (1)
0.6368 +- -1.00 (1)
0.6590 +- -1.00 (1)
0.6962 +- -1.00 (1)
0.6540 +- -1.00 (1)
0.6569 +- -1.00 (1)
0.6971 +- -1.00 (1)
0.6982 +- -1.00 (1)
0.5816 +- -1.00 (1)
0.6081 +- -1.00 (1)
0.6468 +- -1.00 (1)
0.6473 +- -1.00 (1)
0.5292 +- -1.00 (1)
0.6227 +- -1.00 (1)
0.6236 +- -1.00 (1)
0.6433 +- -1.00 (1)
0.6878 +- -1.00 (1)
0.6649 +- -1.00 (1)
0.5777 +- -1.00 (1)
0.6086 +- -1.00 (1)
0.7058 +- -1.00 (1)
0.6632 +- -1.00 (1)
0.6266 +- -1.00 (1)
0.6978 +- -1.00 (1)
0.6832 +- -1.00 (1)
0.6693 +- -1.00 (1)
0.6493 +- -1.00 (1)
0.6671 +- -1.00 (1)
0.7008 +- -1.00 (1)
0.6197 +- -1.00 (1)
0.6778 +- -1.00 (1)
0.6827 +- -1.00 (1)
0.6194 +- -1.00 (1)
0.6055 +- -1.00 (1)
0.6921 +- -1.00 (1)
0.6630 +- -1.00 (1)
0.6702 +- -1.00 (1)
0.6364 +- -1.00 (1)
0.6539 +- -1.00 (1)
0.6824 +- -1.00 (1)
0.6628 +- -1.00 (1)
0.6344 +- -1.00 (1)
0.6801 +- -1.00 (1)
0.6566 +- -1.00 (1)
0.6733 +- -1.00 (1)
0.7049 +- -1.00 (1)
0.6907 +- -1.00 (1)
0.6708 +- -1.00 (1)
0.6566 +- -1.00 (1)
0.5531 +- -1.00 (1)
0.6879 +- -1.00 (1)
0.6725 +- -1.00 (1)
0.6341 +- -1.00 (1)
0.6412 +- -1.00 (1)
0.6357 +- -1.00 (1)
0.5766 +- -1.00 (1)
0.6635 +- -1.00 (1)
0.6586 +- -1.00 (1)
0.6786 +- -1.00 (1)
0.6380 +- -1.00 (1)
0.6811 +- -1.00 (1)
0.6214 +- -1.00 (1)
0.6792 +- -1.00 (1)
0.6608 +- -1.00 (1)
0.6496 +- -1.00 (1)
0.6685 +- -1.00 (1)
0.6377 +- -1.00 (1)
0.6625 +- -1.00 (1)
0.6141 +- -1.00 (1)
0.5736 +- -1.00 (1)
0.6489 +- -1.00 (1)
0.6398 +- -1.00 (1)
0.5857 +- -1.00 (1)
0.6281 +- -1.00 (1)
0.6136 +- -1.00 (1)
0.5566 +- -1.00 (1)
0.5085 +- -1.00 (1)
0.6922 +- -1.00 (1)
0.6295 +- -1.00 (1)
0.6248 +- -1.00 (1)
0.6014 +- -1.00 (1)
0.5660 +- -1.00 (1)
0.6558 +- -1.00 (1)
0.6401 +- -1.00 (1)
0.6712 +- -1.00 (1)
0.6938 +- -1.00 (1)
0.5430 +- -1.00 (1)
0.6788 +- -1.00 (1)
0.6292 +- -1.00 (1)
0.5796 +- -1.00 (1)
0.6261 +- -1.00 (1)
0.6357 +- -1.00 (1)
0.5875 +- -1.00 (1)
0.6324 +- -1.00 (1)
0.6065 +- -1.00 (1)
0.6086 +- -1.00 (1)
0.6278 +- -1.00 (1)
0.6372 +- -1.00 (1)
0.6344 +- -1.00 (1)
0.6238 +- -1.00 (1)
0.6376 +- -1.00 (1)
0.6285 +- -1.00 (1)
0.6225 +- -1.00 (1)
0.6149 +- -1.00 (1)
0.6631 +- -1.00 (1)
0.6879 +- -1.00 (1)
0.6148 +- -1.00 (1)
0.6475 +- -1.00 (1)
0.6355 +- -1.00 (1)
0.6037 +- -1.00 (1)
0.6328 +- -1.00 (1)
0.6625 +- -1.00 (1)
0.6016 +- -1.00 (1)
0.6062 +- -1.00 (1)
0.5654 +- -1.00 (1)
0.6081 +- -1.00 (1)
0.6261 +- -1.00 (1)
0.6676 +- -1.00 (1)
0.6376 +- -1.00 (1)
0.6323 +- -1.00 (1)
0.5939 +- -1.00 (1)
0.5939 +- -1.00 (1)
0.6354 +- -1.00 (1)
0.6002 +- -1.00 (1)
0.6585 +- -1.00 (1)
0.6334 +- -1.00 (1)
0.6230 +- -1.00 (1)
0.6298 +- -1.00 (1)
0.5891 +- -1.00 (1)
0.6076 +- -1.00 (1)
0.6656 +- -1.00 (1)
0.6392 +- -1.00 (1)
0.6102 +- -1.00 (1)
0.6343 +- -1.00 (1)
0.6101 +- -1.00 (1)
0.6164 +- -1.00 (1)
0.6586 +- -1.00 (1)
0.6483 +- -1.00 (1)
0.6011 +- -1.00 (1)
0.6147 +- -1.00 (1)
0.5896 +- -1.00 (1)
0.6253 +- -1.00 (1)
0.5932 +- -1.00 (1)
0.6185 +- -1.00 (1)
0.6530 +- -1.00 (1)
0.6243 +- -1.00 (1)
0.6150 +- -1.00 (1)
0.6738 +- -1.00 (1)
0.6441 +- -1.00 (1)
0.6121 +- -1.00 (1)
0.6467 +- -1.00 (1)
0.6156 +- -1.00 (1)
0.5800 +- -1.00 (1)
0.6347 +- -1.00 (1)
0.6070 +- -1.00 (1)
0.6079 +- -1.00 (1)
0.6508 +- -1.00 (1)
0.6615 +- -1.00 (1)
0.6197 +- -1.00 (1)
0.6312 +- -1.00 (1)
0.6117 +- -1.00 (1)
0.5994 +- -1.00 (1)
0.6281 +- -1.00 (1)
0.6286 +- -1.00 (1)
0.6416 +- -1.00 (1)
0.6244 +- -1.00 (1)
0.6009 +- -1.00 (1)
0.6243 +- -1.00 (1)
0.6201 +- -1.00 (1)
0.5988 +- -1.00 (1)
0.6141 +- -1.00 (1)
0.6133 +- -1.00 (1)
0.5873 +- -1.00 (1)
0.6152 +- -1.00 (1)
0.5777 +- -1.00 (1)
0.5888 +- -1.00 (1)
0.6567 +- -1.00 (1)
0.6491 +- -1.00 (1)
0.6291 +- -1.00 (1)
0.6544 +- -1.00 (1)
0.6191 +- -1.00 (1)
0.6360 +- -1.00 (1)
0.6175 +- -1.00 (1)
0.6364 +- -1.00 (1)
0.6298 +- -1.00 (1)
0.6304 +- -1.00 (1)
0.5837 +- -1.00 (1)
0.6457 +- -1.00 (1)
0.5929 +- -1.00 (1)
0.6192 +- -1.00 (1)
0.6216 +- -1.00 (1)
0.6018 +- -1.00 (1)
0.5919 +- -1.00 (1)
0.6168 +- -1.00 (1)
0.5831 +- -1.00 (1)
0.5857 +- -1.00 (1)
0.6275 +- -1.00 (1)
0.6301 +- -1.00 (1)
0.6198 +- -1.00 (1)
0.6471 +- -1.00 (1)
0.6132 +- -1.00 (1)
0.6215 +- -1.00 (1)
0.5954 +- -1.00 (1)
0.6163 +- -1.00 (1)
0.6423 +- -1.00 (1)
0.6031 +- -1.00 (1)
0.5833 +- -1.00 (1)
0.6527 +- -1.00 (1)
0.5824 +- -1.00 (1)
0.6081 +- -1.00 (1)
0.6273 +- -1.00 (1)
0.6196 +- -1.00 (1)
0.6163 +- -1.00 (1)
0.6269 +- -1.00 (1)
0.5909 +- -1.00 (1)
0.6090 +- -1.00 (1)
0.6338 +- -1.00 (1)
0.6242 +- -1.00 (1)
0.6160 +- -1.00 (1)
0.6268 +- -1.00 (1)
0.6278 +- -1.00 (1)
0.6092 +- -1.00 (1)
0.6092 +- -1.00 (1)
0.6415 +- -1.00 (1)
0.6506 +- -1.00 (1)
0.6090 +- -1.00 (1)
0.6235 +- -1.00 (1)
nan +- -1.00 (0)
nan +- -1.00 (0)
nan +- -1.00 (0)
nan +- -1.00 (0)
nan +- -1.00 (0)
nan +- -1.00 (0)
nan +- -1.00 (0)
nan +- -1.00 (0)
nan +- -1.00 (0)
nan +- -1.00 (0)
nan +- -1.00 (0)
nan +- -1.00 (0)
nan +- -1.00 (0)
nan +- -1.00 (0)
nan +- -1.00 (0)
nan +- -1.00 (0)
nan +- -1.00 (0)
nan +- -1.00 (0)
nan +- -1.00 (0)
nan +- -1.00 (0)
nan +- -1.00 (0)
nan +- -1.00 (0)
nan +- -1.00 (0)
nan +- -1.00 (0)
nan +- -1.00 (0)
nan +- -1.00 (0)
nan +- -1.00 (0)
nan +- -1.00 (0)
nan +- -1.00 (0)
nan +- -1.00 (0)
nan +- -1.00 (0)
nan +- -1.00 (0)
nan +- -1.00 (0)
nan +- -1.00 (0)
nan +- -1.00 (0)
nan +- -1.00 (0)
nan +- -1.00 (0)
nan +- -1.00 (0)
nan +- -1.00 (0)
nan +- -1.00 (0)
nan +- -1.00 (0)
nan +- -1.00 (0)
nan +- -1.00 (0)
nan +- -1.00 (0)
nan +- -1.00 (0)
nan +- -1.00 (0)
nan +- -1.00 (0)
nan +- -1.00 (0)
nan +- -1.00 (0)
nan +- -1.00 (0)
nan +- -1.00 (0)
nan +- -1.00 (0)
nan +- -1.00 (0)
nan +- -1.00 (0)
nan +- -1.00 (0)
nan +- -1.00 (0)
nan +- -1.00 (0)
nan +- -1.00 (0)
nan +- -1.00 (0)
nan +- -1.00 (0)
nan +- -1.00 (0)
nan +- -1.00 (0)
nan +- -1.00 (0)
nan +- -1.00 (0)
nan +- -1.00 (0)
nan +- -1.00 (0)
nan +- -1.00 (0)
nan +- -1.00 (0)
nan +- -1.00 (0)
nan +- -1.00 (0)
nan +- -1.00 (0)
nan +- -1.00 (0)
nan +- -1.00 (0)
nan +- -1.00 (0)
nan +- -1.00 (0)
nan +- -1.00 (0)
nan +- -1.00 (0)
nan +- -1.00 (0)
nan +- -1.00 (0)
nan +- -1.00 (0)
nan +- -1.00 (0)
nan +- -1.00 (0)
nan +- -1.00 (0)
nan +- -1.00 (0)
nan +- -1.00 (0)
nan +- -1.00 (0)
nan +- -1.00 (0)
nan +- -1.00 (0)
nan +- -1.00 (0)
nan +- -1.00 (0)
nan +- -1.00 (0)
nan +- -1.00 (0)
nan +- -1.00 (0)
nan +- -1.00 (0)
nan +- -1.00 (0)
nan +- -1.00 (0)
nan +- -1.00 (0)
nan +- -1.00 (0)
nan +- -1.00 (0)
nan +- -1.00 (0)
nan +- -1.00 (0)
nan +- -1.00 (0)
nan +- -1.00 (0)
nan +- -1.00 (0)
nan +- -1.00 (0)
nan +- -1.00 (0)
nan +- -1.00 (0)
nan +- -1.00 (0)
nan +- -1.00 (0)
nan +- -1.00 (0)
nan +- -1.00 (0)
nan +- -1.00 (0)
nan +- -1.00 (0)
nan +- -1.00 (0)
nan +- -1.00 (0)
nan +- -1.00 (0)
nan +- -1.00 (0)
nan +- -1.00 (0)
nan +- -1.00 (0)
nan +- -1.00 (0)
nan +- -1.00 (0)
nan +- -1.00 (0)
nan +- -1.00 (0)
nan +- -1.00 (0)
nan +- -1.00 (0)
nan +- -1.00 (0)
nan +- -1.00 (0)
nan +- -1.00 (0)
nan +- -1.00 (0)
nan +- -1.00 (0)
nan +- -1.00 (0)
nan +- -1.00 (0)
nan +- -1.00 (0)
nan +- -1.00 (0)
nan +- -1.00 (0)
nan +- -1.00 (0)
nan +- -1.00 (0)
nan +- -1.00 (0)
nan +- -1.00 (0)
nan +- -1.00 (0)
nan +- -1.00 (0)
nan +- -1.00 (0)
nan +- -1.00 (0)
nan +- -1.00 (0)
nan +- -1.00 (0)
nan +- -1.00 (0)
nan +- -1.00 (0)
nan +- -1.00 (0)
nan +- -1.00 (0)
nan +- -1.00 (0)
nan +- -1.00 (0)
nan +- -1.00 (0)
nan +- -1.00 (0)
nan +- -1.00 (0)
nan +- -1.00 (0)
nan +- -1.00 (0)
nan +- -1.00 (0)
nan +- -1.00 (0)
nan +- -1.00 (0)
nan +- -1.00 (0)
nan +- -1.00 (0)
nan +- -1.00 (0)
nan +- -1.00 (0)
nan +- -1.00 (0)
nan +- -1.00 (0)
nan +- -1.00 (0)
nan +- -1.00 (0)
nan +- -1.00 (0)
nan +- -1.00 (0)
nan +- -1.00 (0)
nan +- -1.00 (0)
nan +- -1.00 (0)
nan +- -1.00 (0)
nan +- -1.00 (0)
nan +- -1.00 (0)
nan +- -1.00 (0)
nan +- -1.00 (0)
nan +- -1.00 (0)
nan +- -1.00 (0)
nan +- -1.00 (0)
nan +- -1.00 (0)
nan +- -1.00 (0)
nan +- -1.00 (0)
nan +- -1.00 (0)
nan +- -1.00 (0)
nan +- -1.00 (0)
nan +- -1.00 (0)
nan +- -1.00 (0)
nan +- -1.00 (0)
nan +- -1.00 (0)
nan +- -1.00 (0)
nan +- -1.00 (0)
nan +- -1.00 (0)
nan +- -1.00 (0)
nan +- -1.00 (0)
nan +- -1.00 (0)
nan +- -1.00 (0)
nan +- -1.00 (0)
nan +- -1.00 (0)
nan +- -1.00 (0)
