0.9534 +- -1.00 (1)
0.9798 +- -1.00 (1)
0.9469 +- -1.00 (1)
0.9588 +- -1.00 (1)
0.9560 +- -1.00 (1)
0.9687 +- -1.00 (1)
0.9706 +- -1.00 (1)
0.9803 +- -1.00 (1)
0.9477 +- -1.00 (1)
0.9543 +- -1.00 (1)
0.9215 +- -1.00 (1)
0.9547 +- -1.00 (1)
0.9790 +- -1.00 (1)
0.9738 +- -1.00 (1)
0.9738 +- -1.00 (1)
0.9778 +- -1.00 (1)
0.9822 +- -1.00 (1)
0.9604 +- -1.00 (1)
0.9819 +- -1.00 (1)
0.9661 +- -1.00 (1)
0.9645 +- -1.00 (1)
0.9780 +- -1.00 (1)
0.9555 +- -1.00 (1)
0.9796 +- -1.00 (1)
0.9771 +- -1.00 (1)
0.9786 +- -1.00 (1)
0.9728 +- -1.00 (1)
0.9704 +- -1.00 (1)
0.9685 +- -1.00 (1)
0.9772 +- -1.00 (1)
0.9544 +- -1.00 (1)
0.9730 +- -1.00 (1)
0.9790 +- -1.00 (1)
0.9632 +- -1.00 (1)
0.9729 +- -1.00 (1)
0.9712 +- -1.00 (1)
0.9849 +- -1.00 (1)
0.9690 +- -1.00 (1)
0.9636 +- -1.00 (1)
0.9707 +- -1.00 (1)
0.9725 +- -1.00 (1)
0.9747 +- -1.00 (1)
0.9795 +- -1.00 (1)
0.9826 +- -1.00 (1)
0.9725 +- -1.00 (1)
0.9817 +- -1.00 (1)
0.9804 +- -1.00 (1)
0.9696 +- -1.00 (1)
0.9766 +- -1.00 (1)
0.9696 +- -1.00 (1)
0.9736 +- -1.00 (1)
0.9656 +- -1.00 (1)
0.9789 +- -1.00 (1)
0.9797 +- -1.00 (1)
0.9764 +- -1.00 (1)
0.9777 +- -1.00 (1)
0.9721 +- -1.00 (1)
0.9651 +- -1.00 (1)
0.9809 +- -1.00 (1)
0.9730 +- -1.00 (1)
0.9785 +- -1.00 (1)
0.9783 +- -1.00 (1)
0.9700 +- -1.00 (1)
0.9773 +- -1.00 (1)
0.9772 +- -1.00 (1)
0.9659 +- -1.00 (1)
0.9777 +- -1.00 (1)
0.9729 +- -1.00 (1)
0.9709 +- -1.00 (1)
0.9725 +- -1.00 (1)
0.9729 +- -1.00 (1)
0.9719 +- -1.00 (1)
0.9746 +- -1.00 (1)
0.9704 +- -1.00 (1)
0.9813 +- -1.00 (1)
0.9740 +- -1.00 (1)
0.9794 +- -1.00 (1)
0.9731 +- -1.00 (1)
0.9770 +- -1.00 (1)
0.9733 +- -1.00 (1)
0.9768 +- -1.00 (1)
0.9800 +- -1.00 (1)
0.9687 +- -1.00 (1)
0.9783 +- -1.00 (1)
0.9731 +- -1.00 (1)
0.9782 +- -1.00 (1)
0.9780 +- -1.00 (1)
0.9691 +- -1.00 (1)
0.9694 +- -1.00 (1)
0.9706 +- -1.00 (1)
0.9713 +- -1.00 (1)
0.9726 +- -1.00 (1)
0.9813 +- -1.00 (1)
0.9718 +- -1.00 (1)
0.9814 +- -1.00 (1)
0.9807 +- -1.00 (1)
0.9755 +- -1.00 (1)
0.9615 +- -1.00 (1)
0.9736 +- -1.00 (1)
0.9750 +- -1.00 (1)
0.9760 +- -1.00 (1)
0.9770 +- -1.00 (1)
0.9725 +- -1.00 (1)
0.9819 +- -1.00 (1)
0.9818 +- -1.00 (1)
0.9715 +- -1.00 (1)
0.9756 +- -1.00 (1)
0.9720 +- -1.00 (1)
0.9676 +- -1.00 (1)
0.9715 +- -1.00 (1)
0.9812 +- -1.00 (1)
0.9834 +- -1.00 (1)
0.9802 +- -1.00 (1)
0.9761 +- -1.00 (1)
0.9812 +- -1.00 (1)
0.9731 +- -1.00 (1)
0.9786 +- -1.00 (1)
0.9623 +- -1.00 (1)
0.9685 +- -1.00 (1)
0.9681 +- -1.00 (1)
0.9780 +- -1.00 (1)
0.9759 +- -1.00 (1)
0.9702 +- -1.00 (1)
0.9766 +- -1.00 (1)
0.9695 +- -1.00 (1)
0.9718 +- -1.00 (1)
0.9718 +- -1.00 (1)
0.9737 +- -1.00 (1)
0.9751 +- -1.00 (1)
0.9775 +- -1.00 (1)
0.9715 +- -1.00 (1)
0.9811 +- -1.00 (1)
0.9770 +- -1.00 (1)
0.9785 +- -1.00 (1)
0.9780 +- -1.00 (1)
0.9737 +- -1.00 (1)
0.9761 +- -1.00 (1)
0.9694 +- -1.00 (1)
0.9768 +- -1.00 (1)
0.9772 +- -1.00 (1)
0.9686 +- -1.00 (1)
0.9686 +- -1.00 (1)
0.9601 +- -1.00 (1)
0.9704 +- -1.00 (1)
0.9672 +- -1.00 (1)
0.9654 +- -1.00 (1)
0.9583 +- -1.00 (1)
0.9665 +- -1.00 (1)
0.9515 +- -1.00 (1)
0.9629 +- -1.00 (1)
0.9679 +- -1.00 (1)
0.9659 +- -1.00 (1)
0.9675 +- -1.00 (1)
0.9601 +- -1.00 (1)
0.9749 +- -1.00 (1)
0.9641 +- -1.00 (1)
0.9701 +- -1.00 (1)
0.9685 +- -1.00 (1)
0.9695 +- -1.00 (1)
0.9602 +- -1.00 (1)
0.9666 +- -1.00 (1)
0.9681 +- -1.00 (1)
0.9638 +- -1.00 (1)
0.9649 +- -1.00 (1)
0.9724 +- -1.00 (1)
0.9634 +- -1.00 (1)
0.9647 +- -1.00 (1)
0.9646 +- -1.00 (1)
0.9579 +- -1.00 (1)
0.9649 +- -1.00 (1)
0.9653 +- -1.00 (1)
0.9666 +- -1.00 (1)
0.9642 +- -1.00 (1)
0.9620 +- -1.00 (1)
0.9688 +- -1.00 (1)
0.9645 +- -1.00 (1)
0.9677 +- -1.00 (1)
0.9653 +- -1.00 (1)
0.9658 +- -1.00 (1)
0.9653 +- -1.00 (1)
0.9689 +- -1.00 (1)
0.9663 +- -1.00 (1)
0.9607 +- -1.00 (1)
0.9640 +- -1.00 (1)
0.9661 +- -1.00 (1)
0.9651 +- -1.00 (1)
0.9625 +- -1.00 (1)
0.9656 +- -1.00 (1)
0.9594 +- -1.00 (1)
0.9603 +- -1.00 (1)
0.9677 +- -1.00 (1)
0.9688 +- -1.00 (1)
0.9637 +- -1.00 (1)
0.9610 +- -1.00 (1)
0.9652 +- -1.00 (1)
0.9676 +- -1.00 (1)
0.9668 +- -1.00 (1)
0.9651 +- -1.00 (1)
0.9654 +- -1.00 (1)
0.9649 +- -1.00 (1)
0.9645 +- -1.00 (1)
0.9671 +- -1.00 (1)
0.9579 +- -1.00 (1)
0.9669 +- -1.00 (1)
0.9590 +- -1.00 (1)
0.9624 +- -1.00 (1)
0.9619 +- -1.00 (1)
0.9619 +- -1.00 (1)
0.9610 +- -1.00 (1)
0.9639 +- -1.00 (1)
0.9617 +- -1.00 (1)
0.9615 +- -1.00 (1)
0.9568 +- -1.00 (1)
0.9573 +- -1.00 (1)
0.9603 +- -1.00 (1)
0.9645 +- -1.00 (1)
0.9660 +- -1.00 (1)
0.9606 +- -1.00 (1)
0.9657 +- -1.00 (1)
0.9683 +- -1.00 (1)
0.9622 +- -1.00 (1)
0.9636 +- -1.00 (1)
0.9619 +- -1.00 (1)
0.9631 +- -1.00 (1)
0.9593 +- -1.00 (1)
0.9590 +- -1.00 (1)
0.9595 +- -1.00 (1)
0.9564 +- -1.00 (1)
0.9590 +- -1.00 (1)
0.9645 +- -1.00 (1)
0.9605 +- -1.00 (1)
0.9610 +- -1.00 (1)
0.9633 +- -1.00 (1)
0.9649 +- -1.00 (1)
0.9596 +- -1.00 (1)
0.9656 +- -1.00 (1)
0.9645 +- -1.00 (1)
0.9619 +- -1.00 (1)
0.9604 +- -1.00 (1)
0.9615 +- -1.00 (1)
0.9603 +- -1.00 (1)
0.9604 +- -1.00 (1)
0.9562 +- -1.00 (1)
0.9651 +- -1.00 (1)
0.9708 +- -1.00 (1)
0.9591 +- -1.00 (1)
0.9604 +- -1.00 (1)
0.9614 +- -1.00 (1)
0.9655 +- -1.00 (1)
0.9724 +- -1.00 (1)
0.9649 +- -1.00 (1)
0.9601 +- -1.00 (1)
0.9678 +- -1.00 (1)
0.9643 +- -1.00 (1)
0.9650 +- -1.00 (1)
0.9626 +- -1.00 (1)
0.9665 +- -1.00 (1)
0.9630 +- -1.00 (1)
0.9654 +- -1.00 (1)
0.9596 +- -1.00 (1)
0.9622 +- -1.00 (1)
0.9622 +- -1.00 (1)
0.9651 +- -1.00 (1)
0.9604 +- -1.00 (1)
0.9688 +- -1.00 (1)
0.9562 +- -1.00 (1)
0.9661 +- -1.00 (1)
0.9553 +- -1.00 (1)
0.9609 +- -1.00 (1)
0.9639 +- -1.00 (1)
0.9588 +- -1.00 (1)
0.9644 +- -1.00 (1)
0.9655 +- -1.00 (1)
0.9597 +- -1.00 (1)
0.9636 +- -1.00 (1)
0.9612 +- -1.00 (1)
0.9590 +- -1.00 (1)
0.9542 +- -1.00 (1)
0.9627 +- -1.00 (1)
0.9589 +- -1.00 (1)
0.9710 +- -1.00 (1)
0.9550 +- -1.00 (1)
0.9654 +- -1.00 (1)
0.9606 +- -1.00 (1)
0.9630 +- -1.00 (1)
0.9583 +- -1.00 (1)
0.9669 +- -1.00 (1)
0.9521 +- -1.00 (1)
0.9612 +- -1.00 (1)
0.9618 +- -1.00 (1)
0.9554 +- -1.00 (1)
0.9553 +- -1.00 (1)
0.9618 +- -1.00 (1)
0.9620 +- -1.00 (1)
0.9584 +- -1.00 (1)
0.9626 +- -1.00 (1)
0.9674 +- -1.00 (1)
0.9619 +- -1.00 (1)
0.9603 +- -1.00 (1)
0.9643 +- -1.00 (1)
0.9534 +- -1.00 (1)
0.9652 +- -1.00 (1)
0.9532 +- -1.00 (1)
0.9520 +- -1.00 (1)
0.9617 +- -1.00 (1)
0.9605 +- -1.00 (1)
0.9764 +- -1.00 (1)
0.9778 +- -1.00 (1)
0.9512 +- -1.00 (1)
0.9510 +- -1.00 (1)
0.9465 +- -1.00 (1)
0.9607 +- -1.00 (1)
0.9778 +- -1.00 (1)
0.9663 +- -1.00 (1)
0.9727 +- -1.00 (1)
0.9734 +- -1.00 (1)
0.9822 +- -1.00 (1)
0.9604 +- -1.00 (1)
0.9649 +- -1.00 (1)
0.9615 +- -1.00 (1)
0.9672 +- -1.00 (1)
0.9670 +- -1.00 (1)
0.9657 +- -1.00 (1)
0.9805 +- -1.00 (1)
0.9757 +- -1.00 (1)
0.9814 +- -1.00 (1)
0.9590 +- -1.00 (1)
0.9636 +- -1.00 (1)
0.9685 +- -1.00 (1)
0.9712 +- -1.00 (1)
0.9493 +- -1.00 (1)
0.9658 +- -1.00 (1)
0.9779 +- -1.00 (1)
0.9590 +- -1.00 (1)
0.9756 +- -1.00 (1)
0.9711 +- -1.00 (1)
0.9849 +- -1.00 (1)
0.9626 +- -1.00 (1)
0.9662 +- -1.00 (1)
0.9696 +- -1.00 (1)
0.9642 +- -1.00 (1)
0.9815 +- -1.00 (1)
0.9664 +- -1.00 (1)
0.9726 +- -1.00 (1)
0.9731 +- -1.00 (1)
0.9713 +- -1.00 (1)
0.9756 +- -1.00 (1)
0.9692 +- -1.00 (1)
0.9725 +- -1.00 (1)
0.9738 +- -1.00 (1)
0.9729 +- -1.00 (1)
0.9768 +- -1.00 (1)
0.9839 +- -1.00 (1)
0.9715 +- -1.00 (1)
0.9719 +- -1.00 (1)
0.9657 +- -1.00 (1)
0.9715 +- -1.00 (1)
0.9717 +- -1.00 (1)
0.9766 +- -1.00 (1)
0.9745 +- -1.00 (1)
0.9728 +- -1.00 (1)
0.9750 +- -1.00 (1)
0.9737 +- -1.00 (1)
0.9748 +- -1.00 (1)
0.9715 +- -1.00 (1)
0.9699 +- -1.00 (1)
0.9796 +- -1.00 (1)
0.9687 +- -1.00 (1)
0.9708 +- -1.00 (1)
0.9731 +- -1.00 (1)
0.9724 +- -1.00 (1)
0.9676 +- -1.00 (1)
0.9795 +- -1.00 (1)
0.9691 +- -1.00 (1)
0.9798 +- -1.00 (1)
0.9700 +- -1.00 (1)
0.9753 +- -1.00 (1)
0.9690 +- -1.00 (1)
0.9810 +- -1.00 (1)
0.9685 +- -1.00 (1)
0.9627 +- -1.00 (1)
0.9783 +- -1.00 (1)
0.9727 +- -1.00 (1)
0.9761 +- -1.00 (1)
0.9714 +- -1.00 (1)
0.9733 +- -1.00 (1)
0.9698 +- -1.00 (1)
0.9686 +- -1.00 (1)
0.9696 +- -1.00 (1)
0.9715 +- -1.00 (1)
0.9682 +- -1.00 (1)
0.9700 +- -1.00 (1)
0.9789 +- -1.00 (1)
0.9675 +- -1.00 (1)
0.9858 +- -1.00 (1)
0.9743 +- -1.00 (1)
0.9614 +- -1.00 (1)
0.9616 +- -1.00 (1)
0.9722 +- -1.00 (1)
0.9738 +- -1.00 (1)
0.9720 +- -1.00 (1)
0.9771 +- -1.00 (1)
0.9714 +- -1.00 (1)
0.9747 +- -1.00 (1)
0.9772 +- -1.00 (1)
0.9674 +- -1.00 (1)
0.9734 +- -1.00 (1)
0.9710 +- -1.00 (1)
0.9664 +- -1.00 (1)
0.9707 +- -1.00 (1)
0.9698 +- -1.00 (1)
0.9726 +- -1.00 (1)
0.9779 +- -1.00 (1)
0.9740 +- -1.00 (1)
0.9718 +- -1.00 (1)
0.9755 +- -1.00 (1)
0.9692 +- -1.00 (1)
0.9699 +- -1.00 (1)
0.9697 +- -1.00 (1)
0.9732 +- -1.00 (1)
0.9717 +- -1.00 (1)
0.9672 +- -1.00 (1)
0.9677 +- -1.00 (1)
0.9732 +- -1.00 (1)
0.9678 +- -1.00 (1)
0.9743 +- -1.00 (1)
0.9638 +- -1.00 (1)
0.9642 +- -1.00 (1)
0.9697 +- -1.00 (1)
0.9733 +- -1.00 (1)
0.9763 +- -1.00 (1)
0.9724 +- -1.00 (1)
0.9732 +- -1.00 (1)
0.9696 +- -1.00 (1)
0.9726 +- -1.00 (1)
0.9711 +- -1.00 (1)
0.9691 +- -1.00 (1)
0.9611 +- -1.00 (1)
0.9651 +- -1.00 (1)
0.9735 +- -1.00 (1)
0.9598 +- -1.00 (1)
0.9643 +- -1.00 (1)
0.9585 +- -1.00 (1)
0.9657 +- -1.00 (1)
0.9690 +- -1.00 (1)
0.9639 +- -1.00 (1)
0.9555 +- -1.00 (1)
0.9635 +- -1.00 (1)
0.9507 +- -1.00 (1)
0.9582 +- -1.00 (1)
0.9606 +- -1.00 (1)
0.9640 +- -1.00 (1)
0.9681 +- -1.00 (1)
0.9620 +- -1.00 (1)
0.9605 +- -1.00 (1)
0.9660 +- -1.00 (1)
0.9648 +- -1.00 (1)
0.9623 +- -1.00 (1)
0.9669 +- -1.00 (1)
0.9657 +- -1.00 (1)
0.9589 +- -1.00 (1)
0.9600 +- -1.00 (1)
0.9573 +- -1.00 (1)
0.9677 +- -1.00 (1)
0.9658 +- -1.00 (1)
0.9570 +- -1.00 (1)
0.9619 +- -1.00 (1)
0.9659 +- -1.00 (1)
0.9549 +- -1.00 (1)
0.9632 +- -1.00 (1)
0.9599 +- -1.00 (1)
0.9670 +- -1.00 (1)
0.9601 +- -1.00 (1)
0.9611 +- -1.00 (1)
0.9597 +- -1.00 (1)
0.9694 +- -1.00 (1)
0.9648 +- -1.00 (1)
0.9663 +- -1.00 (1)
0.9634 +- -1.00 (1)
0.9613 +- -1.00 (1)
0.9594 +- -1.00 (1)
0.9635 +- -1.00 (1)
0.9561 +- -1.00 (1)
0.9652 +- -1.00 (1)
0.9632 +- -1.00 (1)
0.9565 +- -1.00 (1)
0.9630 +- -1.00 (1)
0.9579 +- -1.00 (1)
0.9569 +- -1.00 (1)
0.9531 +- -1.00 (1)
0.9536 +- -1.00 (1)
0.9573 +- -1.00 (1)
0.9583 +- -1.00 (1)
0.9643 +- -1.00 (1)
0.9605 +- -1.00 (1)
0.9632 +- -1.00 (1)
0.9620 +- -1.00 (1)
0.9717 +- -1.00 (1)
0.9640 +- -1.00 (1)
0.9607 +- -1.00 (1)
0.9618 +- -1.00 (1)
0.9644 +- -1.00 (1)
0.9575 +- -1.00 (1)
0.9625 +- -1.00 (1)
0.9627 +- -1.00 (1)
0.9580 +- -1.00 (1)
0.9615 +- -1.00 (1)
0.9701 +- -1.00 (1)
0.9573 +- -1.00 (1)
0.9717 +- -1.00 (1)
0.9601 +- -1.00 (1)
0.9565 +- -1.00 (1)
0.9540 +- -1.00 (1)
0.9565 +- -1.00 (1)
0.9590 +- -1.00 (1)
0.9544 +- -1.00 (1)
0.9637 +- -1.00 (1)
0.9639 +- -1.00 (1)
0.9623 +- -1.00 (1)
0.9630 +- -1.00 (1)
0.9597 +- -1.00 (1)
0.9598 +- -1.00 (1)
0.9589 +- -1.00 (1)
0.9647 +- -1.00 (1)
0.9601 +- -1.00 (1)
0.9572 +- -1.00 (1)
0.9612 +- -1.00 (1)
0.9523 +- -1.00 (1)
0.9615 +- -1.00 (1)
0.9603 +- -1.00 (1)
0.9612 +- -1.00 (1)
0.9600 +- -1.00 (1)
0.9568 +- -1.00 (1)
0.9604 +- -1.00 (1)
0.9615 +- -1.00 (1)
0.9615 +- -1.00 (1)
0.9603 +- -1.00 (1)
0.9580 +- -1.00 (1)
0.9568 +- -1.00 (1)
0.9580 +- -1.00 (1)
0.9533 +- -1.00 (1)
0.9627 +- -1.00 (1)
0.9570 +- -1.00 (1)
0.9551 +- -1.00 (1)
0.9595 +- -1.00 (1)
0.9566 +- -1.00 (1)
0.9603 +- -1.00 (1)
0.9552 +- -1.00 (1)
0.9543 +- -1.00 (1)
0.9619 +- -1.00 (1)
0.9637 +- -1.00 (1)
0.9628 +- -1.00 (1)
0.9664 +- -1.00 (1)
0.9543 +- -1.00 (1)
0.9568 +- -1.00 (1)
0.9575 +- -1.00 (1)
0.9594 +- -1.00 (1)
0.9611 +- -1.00 (1)
0.9614 +- -1.00 (1)
0.9660 +- -1.00 (1)
0.9578 +- -1.00 (1)
0.9500 +- -1.00 (1)
0.9588 +- -1.00 (1)
0.9543 +- -1.00 (1)
0.9553 +- -1.00 (1)
0.9571 +- -1.00 (1)
0.9607 +- -1.00 (1)
0.9484 +- -1.00 (1)
0.9556 +- -1.00 (1)
0.9629 +- -1.00 (1)
0.9566 +- -1.00 (1)
0.9592 +- -1.00 (1)
0.9633 +- -1.00 (1)
0.9669 +- -1.00 (1)
0.9541 +- -1.00 (1)
0.9604 +- -1.00 (1)
0.9571 +- -1.00 (1)
0.9568 +- -1.00 (1)
0.9607 +- -1.00 (1)
0.9607 +- -1.00 (1)
0.9674 +- -1.00 (1)
0.9564 +- -1.00 (1)
0.9633 +- -1.00 (1)
0.9610 +- -1.00 (1)
0.9539 +- -1.00 (1)
0.9548 +- -1.00 (1)
0.9528 +- -1.00 (1)
0.9457 +- -1.00 (1)
0.9577 +- -1.00 (1)
0.9655 +- -1.00 (1)
0.9563 +- -1.00 (1)
0.9571 +- -1.00 (1)
0.9550 +- -1.00 (1)
0.9605 +- -1.00 (1)
0.9555 +- -1.00 (1)
0.9531 +- -1.00 (1)
0.9574 +- -1.00 (1)
0.9596 +- -1.00 (1)
0.9561 +- -1.00 (1)
0.9605 +- -1.00 (1)
0.9496 +- -1.00 (1)
0.9706 +- -1.00 (1)
0.9501 +- -1.00 (1)
0.9515 +- -1.00 (1)
0.9667 +- -1.00 (1)
0.9605 +- -1.00 (1)
0.9740 +- -1.00 (1)
0.9776 +- -1.00 (1)
0.9466 +- -1.00 (1)
0.9512 +- -1.00 (1)
0.9353 +- -1.00 (1)
0.9551 +- -1.00 (1)
0.9778 +- -1.00 (1)
0.9556 +- -1.00 (1)
0.9738 +- -1.00 (1)
0.9422 +- -1.00 (1)
0.9822 +- -1.00 (1)
0.9520 +- -1.00 (1)
0.9793 +- -1.00 (1)
0.9615 +- -1.00 (1)
0.9659 +- -1.00 (1)
0.9705 +- -1.00 (1)
0.9557 +- -1.00 (1)
0.9644 +- -1.00 (1)
0.9725 +- -1.00 (1)
0.9763 +- -1.00 (1)
0.9497 +- -1.00 (1)
0.9652 +- -1.00 (1)
0.9664 +- -1.00 (1)
0.9696 +- -1.00 (1)
0.9451 +- -1.00 (1)
0.9685 +- -1.00 (1)
0.9777 +- -1.00 (1)
0.9637 +- -1.00 (1)
0.9781 +- -1.00 (1)
0.9616 +- -1.00 (1)
0.9849 +- -1.00 (1)
0.9577 +- -1.00 (1)
0.9652 +- -1.00 (1)
0.9707 +- -1.00 (1)
0.9624 +- -1.00 (1)
0.9759 +- -1.00 (1)
0.9756 +- -1.00 (1)
0.9817 +- -1.00 (1)
0.9630 +- -1.00 (1)
0.9720 +- -1.00 (1)
0.9725 +- -1.00 (1)
0.9734 +- -1.00 (1)
0.9608 +- -1.00 (1)
0.9691 +- -1.00 (1)
0.9694 +- -1.00 (1)
0.9692 +- -1.00 (1)
0.9795 +- -1.00 (1)
0.9665 +- -1.00 (1)
0.9736 +- -1.00 (1)
0.9685 +- -1.00 (1)
0.9701 +- -1.00 (1)
0.9709 +- -1.00 (1)
0.9752 +- -1.00 (1)
0.9646 +- -1.00 (1)
0.9731 +- -1.00 (1)
0.9775 +- -1.00 (1)
0.9624 +- -1.00 (1)
0.9730 +- -1.00 (1)
0.9734 +- -1.00 (1)
0.9642 +- -1.00 (1)
0.9741 +- -1.00 (1)
0.9673 +- -1.00 (1)
0.9744 +- -1.00 (1)
0.9736 +- -1.00 (1)
0.9665 +- -1.00 (1)
0.9651 +- -1.00 (1)
0.9666 +- -1.00 (1)
0.9696 +- -1.00 (1)
0.9723 +- -1.00 (1)
0.9687 +- -1.00 (1)
0.9639 +- -1.00 (1)
0.9460 +- -1.00 (1)
0.9761 +- -1.00 (1)
0.9659 +- -1.00 (1)
0.9730 +- -1.00 (1)
0.9801 +- -1.00 (1)
0.9628 +- -1.00 (1)
0.9697 +- -1.00 (1)
0.9748 +- -1.00 (1)
0.9774 +- -1.00 (1)
0.9763 +- -1.00 (1)
0.9701 +- -1.00 (1)
0.9703 +- -1.00 (1)
0.9673 +- -1.00 (1)
0.9675 +- -1.00 (1)
0.9703 +- -1.00 (1)
0.9804 +- -1.00 (1)
0.9638 +- -1.00 (1)
0.9796 +- -1.00 (1)
0.9721 +- -1.00 (1)
0.9660 +- -1.00 (1)
0.9644 +- -1.00 (1)
0.9746 +- -1.00 (1)
0.9732 +- -1.00 (1)
0.9741 +- -1.00 (1)
0.9764 +- -1.00 (1)
0.9724 +- -1.00 (1)
0.9765 +- -1.00 (1)
0.9731 +- -1.00 (1)
0.9708 +- -1.00 (1)
0.9726 +- -1.00 (1)
0.9670 +- -1.00 (1)
0.9723 +- -1.00 (1)
0.9765 +- -1.00 (1)
0.9633 +- -1.00 (1)
0.9717 +- -1.00 (1)
0.9788 +- -1.00 (1)
0.9721 +- -1.00 (1)
0.9678 +- -1.00 (1)
0.9719 +- -1.00 (1)
0.9728 +- -1.00 (1)
0.9605 +- -1.00 (1)
0.9658 +- -1.00 (1)
0.9801 +- -1.00 (1)
0.9767 +- -1.00 (1)
0.9651 +- -1.00 (1)
0.9711 +- -1.00 (1)
0.9732 +- -1.00 (1)
0.9708 +- -1.00 (1)
0.9665 +- -1.00 (1)
0.9643 +- -1.00 (1)
0.9674 +- -1.00 (1)
0.9672 +- -1.00 (1)
0.9666 +- -1.00 (1)
0.9703 +- -1.00 (1)
0.9672 +- -1.00 (1)
0.9701 +- -1.00 (1)
0.9709 +- -1.00 (1)
0.9733 +- -1.00 (1)
0.9646 +- -1.00 (1)
0.9715 +- -1.00 (1)
0.9605 +- -1.00 (1)
0.9702 +- -1.00 (1)
0.9696 +- -1.00 (1)
0.9617 +- -1.00 (1)
0.9616 +- -1.00 (1)
0.9604 +- -1.00 (1)
0.9567 +- -1.00 (1)
0.9622 +- -1.00 (1)
0.9558 +- -1.00 (1)
0.9591 +- -1.00 (1)
0.9628 +- -1.00 (1)
0.9512 +- -1.00 (1)
0.9704 +- -1.00 (1)
0.9582 +- -1.00 (1)
0.9573 +- -1.00 (1)
0.9681 +- -1.00 (1)
0.9607 +- -1.00 (1)
0.9595 +- -1.00 (1)
0.9585 +- -1.00 (1)
0.9595 +- -1.00 (1)
0.9660 +- -1.00 (1)
0.9632 +- -1.00 (1)
0.9637 +- -1.00 (1)
0.9547 +- -1.00 (1)
0.9634 +- -1.00 (1)
0.9611 +- -1.00 (1)
0.9573 +- -1.00 (1)
0.9709 +- -1.00 (1)
0.9623 +- -1.00 (1)
0.9597 +- -1.00 (1)
0.9555 +- -1.00 (1)
0.9500 +- -1.00 (1)
0.9613 +- -1.00 (1)
0.9620 +- -1.00 (1)
0.9522 +- -1.00 (1)
0.9634 +- -1.00 (1)
0.9642 +- -1.00 (1)
0.9551 +- -1.00 (1)
0.9568 +- -1.00 (1)
0.9570 +- -1.00 (1)
0.9616 +- -1.00 (1)
0.9686 +- -1.00 (1)
0.9645 +- -1.00 (1)
0.9544 +- -1.00 (1)
0.9624 +- -1.00 (1)
0.9549 +- -1.00 (1)
0.9565 +- -1.00 (1)
0.9580 +- -1.00 (1)
0.9613 +- -1.00 (1)
0.9569 +- -1.00 (1)
0.9589 +- -1.00 (1)
0.9575 +- -1.00 (1)
0.9592 +- -1.00 (1)
0.9562 +- -1.00 (1)
0.9571 +- -1.00 (1)
0.9596 +- -1.00 (1)
0.9589 +- -1.00 (1)
0.9529 +- -1.00 (1)
0.9585 +- -1.00 (1)
0.9591 +- -1.00 (1)
0.9558 +- -1.00 (1)
0.9653 +- -1.00 (1)
0.9634 +- -1.00 (1)
0.9583 +- -1.00 (1)
0.9652 +- -1.00 (1)
0.9507 +- -1.00 (1)
0.9591 +- -1.00 (1)
0.9626 +- -1.00 (1)
0.9550 +- -1.00 (1)
0.9589 +- -1.00 (1)
0.9577 +- -1.00 (1)
0.9574 +- -1.00 (1)
0.9521 +- -1.00 (1)
0.9530 +- -1.00 (1)
0.9596 +- -1.00 (1)
0.9616 +- -1.00 (1)
0.9620 +- -1.00 (1)
0.9569 +- -1.00 (1)
0.9599 +- -1.00 (1)
0.9607 +- -1.00 (1)
0.9554 +- -1.00 (1)
0.9586 +- -1.00 (1)
0.9603 +- -1.00 (1)
0.9582 +- -1.00 (1)
0.9557 +- -1.00 (1)
0.9604 +- -1.00 (1)
0.9525 +- -1.00 (1)
0.9534 +- -1.00 (1)
0.9568 +- -1.00 (1)
0.9491 +- -1.00 (1)
0.9540 +- -1.00 (1)
0.9522 +- -1.00 (1)
0.9604 +- -1.00 (1)
0.9521 +- -1.00 (1)
0.9614 +- -1.00 (1)
0.9528 +- -1.00 (1)
0.9612 +- -1.00 (1)
0.9532 +- -1.00 (1)
0.9523 +- -1.00 (1)
0.9595 +- -1.00 (1)
0.9535 +- -1.00 (1)
0.9581 +- -1.00 (1)
0.9564 +- -1.00 (1)
0.9510 +- -1.00 (1)
0.9502 +- -1.00 (1)
0.9482 +- -1.00 (1)
0.9614 +- -1.00 (1)
0.9549 +- -1.00 (1)
0.9539 +- -1.00 (1)
0.9579 +- -1.00 (1)
0.9559 +- -1.00 (1)
0.9479 +- -1.00 (1)
0.9579 +- -1.00 (1)
0.9621 +- -1.00 (1)
0.9596 +- -1.00 (1)
0.9598 +- -1.00 (1)
0.9516 +- -1.00 (1)
0.9602 +- -1.00 (1)
0.9549 +- -1.00 (1)
0.9552 +- -1.00 (1)
0.9573 +- -1.00 (1)
0.9685 +- -1.00 (1)
0.9539 +- -1.00 (1)
0.9596 +- -1.00 (1)
0.9586 +- -1.00 (1)
0.9577 +- -1.00 (1)
0.9561 +- -1.00 (1)
0.9515 +- -1.00 (1)
0.9498 +- -1.00 (1)
0.9516 +- -1.00 (1)
0.9488 +- -1.00 (1)
0.9512 +- -1.00 (1)
0.9544 +- -1.00 (1)
0.9548 +- -1.00 (1)
0.9537 +- -1.00 (1)
0.9590 +- -1.00 (1)
0.9548 +- -1.00 (1)
0.9551 +- -1.00 (1)
0.9553 +- -1.00 (1)
0.9633 +- -1.00 (1)
0.9536 +- -1.00 (1)
0.9575 +- -1.00 (1)
0.9593 +- -1.00 (1)
0.9555 +- -1.00 (1)
0.9448 +- -1.00 (1)
0.9603 +- -1.00 (1)
0.9476 +- -1.00 (1)
0.9533 +- -1.00 (1)
0.9530 +- -1.00 (1)
0.9531 +- -1.00 (1)
0.9511 +- -1.00 (1)
0.9595 +- -1.00 (1)
0.9576 +- -1.00 (1)
0.9533 +- -1.00 (1)
0.9519 +- -1.00 (1)
0.9542 +- -1.00 (1)
0.9542 +- -1.00 (1)
0.9520 +- -1.00 (1)
0.9475 +- -1.00 (1)
0.9559 +- -1.00 (1)
0.9582 +- -1.00 (1)
0.9539 +- -1.00 (1)
0.9521 +- -1.00 (1)
0.9522 +- -1.00 (1)
0.9723 +- -1.00 (1)
0.9596 +- -1.00 (1)
0.9667 +- -1.00 (1)
0.9560 +- -1.00 (1)
0.9687 +- -1.00 (1)
0.9725 +- -1.00 (1)
0.9763 +- -1.00 (1)
0.9477 +- -1.00 (1)
0.9540 +- -1.00 (1)
0.9248 +- -1.00 (1)
0.9607 +- -1.00 (1)
0.9774 +- -1.00 (1)
0.9650 +- -1.00 (1)
0.9738 +- -1.00 (1)
0.9778 +- -1.00 (1)
0.9714 +- -1.00 (1)
0.9604 +- -1.00 (1)
0.9793 +- -1.00 (1)
0.9656 +- -1.00 (1)
0.9645 +- -1.00 (1)
0.9762 +- -1.00 (1)
0.9669 +- -1.00 (1)
0.9751 +- -1.00 (1)
0.9630 +- -1.00 (1)
0.9821 +- -1.00 (1)
0.9663 +- -1.00 (1)
0.9788 +- -1.00 (1)
0.9686 +- -1.00 (1)
0.9732 +- -1.00 (1)
0.9652 +- -1.00 (1)
0.9657 +- -1.00 (1)
0.9665 +- -1.00 (1)
0.9609 +- -1.00 (1)
0.9781 +- -1.00 (1)
0.9638 +- -1.00 (1)
0.9849 +- -1.00 (1)
0.9641 +- -1.00 (1)
0.9618 +- -1.00 (1)
0.9707 +- -1.00 (1)
0.9680 +- -1.00 (1)
0.9786 +- -1.00 (1)
0.9639 +- -1.00 (1)
0.9743 +- -1.00 (1)
0.9680 +- -1.00 (1)
0.9736 +- -1.00 (1)
0.9780 +- -1.00 (1)
0.9679 +- -1.00 (1)
0.9785 +- -1.00 (1)
0.9727 +- -1.00 (1)
0.9660 +- -1.00 (1)
0.9729 +- -1.00 (1)
0.9782 +- -1.00 (1)
0.9718 +- -1.00 (1)
0.9749 +- -1.00 (1)
0.9684 +- -1.00 (1)
0.9701 +- -1.00 (1)
0.9652 +- -1.00 (1)
0.9795 +- -1.00 (1)
0.9745 +- -1.00 (1)
0.9743 +- -1.00 (1)
0.9729 +- -1.00 (1)
0.9757 +- -1.00 (1)
0.9819 +- -1.00 (1)
0.9762 +- -1.00 (1)
0.9741 +- -1.00 (1)
0.9792 +- -1.00 (1)
0.9687 +- -1.00 (1)
0.9722 +- -1.00 (1)
0.9779 +- -1.00 (1)
0.9688 +- -1.00 (1)
0.9718 +- -1.00 (1)
0.9772 +- -1.00 (1)
0.9728 +- -1.00 (1)
0.9793 +- -1.00 (1)
0.9783 +- -1.00 (1)
0.9777 +- -1.00 (1)
0.9533 +- -1.00 (1)
0.9711 +- -1.00 (1)
0.9736 +- -1.00 (1)
0.9735 +- -1.00 (1)
0.9781 +- -1.00 (1)
0.9709 +- -1.00 (1)
0.9761 +- -1.00 (1)
0.9715 +- -1.00 (1)
0.9715 +- -1.00 (1)
0.9746 +- -1.00 (1)
0.9699 +- -1.00 (1)
0.9670 +- -1.00 (1)
0.9678 +- -1.00 (1)
0.9744 +- -1.00 (1)
0.9689 +- -1.00 (1)
0.9749 +- -1.00 (1)
0.9725 +- -1.00 (1)
0.9825 +- -1.00 (1)
0.9823 +- -1.00 (1)
0.9726 +- -1.00 (1)
0.9626 +- -1.00 (1)
0.9744 +- -1.00 (1)
0.9754 +- -1.00 (1)
0.9820 +- -1.00 (1)
0.9780 +- -1.00 (1)
0.9748 +- -1.00 (1)
0.9776 +- -1.00 (1)
0.9813 +- -1.00 (1)
0.9697 +- -1.00 (1)
0.9765 +- -1.00 (1)
0.9709 +- -1.00 (1)
0.9696 +- -1.00 (1)
0.9776 +- -1.00 (1)
0.9770 +- -1.00 (1)
0.9713 +- -1.00 (1)
0.9749 +- -1.00 (1)
0.9762 +- -1.00 (1)
0.9765 +- -1.00 (1)
0.9748 +- -1.00 (1)
0.9762 +- -1.00 (1)
0.9725 +- -1.00 (1)
0.9763 +- -1.00 (1)
0.9703 +- -1.00 (1)
0.9749 +- -1.00 (1)
0.9736 +- -1.00 (1)
0.9676 +- -1.00 (1)
0.9781 +- -1.00 (1)
0.9738 +- -1.00 (1)
0.9704 +- -1.00 (1)
0.9695 +- -1.00 (1)
0.9737 +- -1.00 (1)
0.9780 +- -1.00 (1)
0.9762 +- -1.00 (1)
0.9699 +- -1.00 (1)
0.9795 +- -1.00 (1)
0.9764 +- -1.00 (1)
0.9717 +- -1.00 (1)
0.9779 +- -1.00 (1)
0.9739 +- -1.00 (1)
0.9753 +- -1.00 (1)
0.9708 +- -1.00 (1)
0.9753 +- -1.00 (1)
0.9671 +- -1.00 (1)
0.9691 +- -1.00 (1)
0.9634 +- -1.00 (1)
0.9688 +- -1.00 (1)
0.9664 +- -1.00 (1)
0.9723 +- -1.00 (1)
0.9653 +- -1.00 (1)
0.9663 +- -1.00 (1)
0.9628 +- -1.00 (1)
0.9590 +- -1.00 (1)
0.9704 +- -1.00 (1)
0.9601 +- -1.00 (1)
0.9672 +- -1.00 (1)
0.9620 +- -1.00 (1)
0.9623 +- -1.00 (1)
0.9761 +- -1.00 (1)
0.9690 +- -1.00 (1)
0.9730 +- -1.00 (1)
0.9592 +- -1.00 (1)
0.9708 +- -1.00 (1)
0.9700 +- -1.00 (1)
0.9676 +- -1.00 (1)
0.9642 +- -1.00 (1)
0.9579 +- -1.00 (1)
0.9683 +- -1.00 (1)
0.9699 +- -1.00 (1)
0.9594 +- -1.00 (1)
0.9682 +- -1.00 (1)
0.9701 +- -1.00 (1)
0.9576 +- -1.00 (1)
0.9651 +- -1.00 (1)
0.9629 +- -1.00 (1)
0.9639 +- -1.00 (1)
0.9656 +- -1.00 (1)
0.9686 +- -1.00 (1)
0.9637 +- -1.00 (1)
0.9678 +- -1.00 (1)
0.9647 +- -1.00 (1)
0.9655 +- -1.00 (1)
0.9671 +- -1.00 (1)
0.9637 +- -1.00 (1)
0.9630 +- -1.00 (1)
0.9657 +- -1.00 (1)
0.9605 +- -1.00 (1)
0.9604 +- -1.00 (1)
0.9672 +- -1.00 (1)
0.9674 +- -1.00 (1)
0.9625 +- -1.00 (1)
0.9636 +- -1.00 (1)
0.9593 +- -1.00 (1)
0.9539 +- -1.00 (1)
0.9645 +- -1.00 (1)
0.9659 +- -1.00 (1)
0.9579 +- -1.00 (1)
0.9637 +- -1.00 (1)
0.9621 +- -1.00 (1)
0.9698 +- -1.00 (1)
0.9637 +- -1.00 (1)
0.9656 +- -1.00 (1)
0.9687 +- -1.00 (1)
0.9646 +- -1.00 (1)
0.9684 +- -1.00 (1)
0.9638 +- -1.00 (1)
0.9561 +- -1.00 (1)
0.9609 +- -1.00 (1)
0.9639 +- -1.00 (1)
0.9541 +- -1.00 (1)
0.9646 +- -1.00 (1)
0.9696 +- -1.00 (1)
0.9656 +- -1.00 (1)
0.9698 +- -1.00 (1)
0.9615 +- -1.00 (1)
0.9630 +- -1.00 (1)
0.9645 +- -1.00 (1)
0.9644 +- -1.00 (1)
0.9666 +- -1.00 (1)
0.9663 +- -1.00 (1)
0.9683 +- -1.00 (1)
0.9657 +- -1.00 (1)
0.9575 +- -1.00 (1)
0.9610 +- -1.00 (1)
0.9606 +- -1.00 (1)
0.9661 +- -1.00 (1)
0.9611 +- -1.00 (1)
0.9619 +- -1.00 (1)
0.9657 +- -1.00 (1)
0.9628 +- -1.00 (1)
0.9590 +- -1.00 (1)
0.9642 +- -1.00 (1)
0.9587 +- -1.00 (1)
0.9690 +- -1.00 (1)
0.9648 +- -1.00 (1)
0.9626 +- -1.00 (1)
0.9619 +- -1.00 (1)
0.9657 +- -1.00 (1)
0.9653 +- -1.00 (1)
0.9619 +- -1.00 (1)
0.9641 +- -1.00 (1)
0.9650 +- -1.00 (1)
0.9641 +- -1.00 (1)
0.9670 +- -1.00 (1)
0.9636 +- -1.00 (1)
0.9671 +- -1.00 (1)
0.9555 +- -1.00 (1)
0.9720 +- -1.00 (1)
0.9601 +- -1.00 (1)
0.9621 +- -1.00 (1)
0.9607 +- -1.00 (1)
0.9634 +- -1.00 (1)
0.9564 +- -1.00 (1)
0.9633 +- -1.00 (1)
0.9671 +- -1.00 (1)
0.9660 +- -1.00 (1)
0.9637 +- -1.00 (1)
0.9618 +- -1.00 (1)
0.9640 +- -1.00 (1)
0.9632 +- -1.00 (1)
0.9642 +- -1.00 (1)
0.9643 +- -1.00 (1)
0.9683 +- -1.00 (1)
0.9614 +- -1.00 (1)
0.9613 +- -1.00 (1)
0.9575 +- -1.00 (1)
0.9597 +- -1.00 (1)
0.9607 +- -1.00 (1)
0.9609 +- -1.00 (1)
0.9621 +- -1.00 (1)
0.9640 +- -1.00 (1)
0.9560 +- -1.00 (1)
0.9563 +- -1.00 (1)
0.9655 +- -1.00 (1)
0.9554 +- -1.00 (1)
0.9623 +- -1.00 (1)
0.9667 +- -1.00 (1)
0.9604 +- -1.00 (1)
0.9607 +- -1.00 (1)
0.9598 +- -1.00 (1)
0.9627 +- -1.00 (1)
0.9609 +- -1.00 (1)
0.9587 +- -1.00 (1)
0.9636 +- -1.00 (1)
0.9613 +- -1.00 (1)
0.9582 +- -1.00 (1)
0.9600 +- -1.00 (1)
0.9654 +- -1.00 (1)
0.9591 +- -1.00 (1)
0.9654 +- -1.00 (1)
0.9551 +- -1.00 (1)
0.9557 +- -1.00 (1)
0.9575 +- -1.00 (1)
0.9648 +- -1.00 (1)
0.9572 +- -1.00 (1)
0.9608 +- -1.00 (1)
0.9636 +- -1.00 (1)
0.9616 +- -1.00 (1)
0.9587 +- -1.00 (1)
0.9594 +- -1.00 (1)
0.9662 +- -1.00 (1)
0.9674 +- -1.00 (1)
0.9561 +- -1.00 (1)
0.9620 +- -1.00 (1)
0.9513 +- -1.00 (1)
0.9590 +- -1.00 (1)
0.9369 +- -1.00 (1)
0.9667 +- -1.00 (1)
0.9606 +- -1.00 (1)
0.8077 +- -1.00 (1)
0.9560 +- -1.00 (1)
0.9756 +- -1.00 (1)
0.9427 +- -1.00 (1)
0.9451 +- -1.00 (1)
0.9272 +- -1.00 (1)
0.9440 +- -1.00 (1)
0.9781 +- -1.00 (1)
0.8935 +- -1.00 (1)
0.9691 +- -1.00 (1)
0.9734 +- -1.00 (1)
0.9717 +- -1.00 (1)
0.9520 +- -1.00 (1)
0.9819 +- -1.00 (1)
0.9661 +- -1.00 (1)
0.9661 +- -1.00 (1)
0.9700 +- -1.00 (1)
0.9565 +- -1.00 (1)
0.9604 +- -1.00 (1)
0.9488 +- -1.00 (1)
0.9786 +- -1.00 (1)
0.9808 +- -1.00 (1)
0.9782 +- -1.00 (1)
0.9585 +- -1.00 (1)
0.9637 +- -1.00 (1)
0.9581 +- -1.00 (1)
0.9669 +- -1.00 (1)
0.9834 +- -1.00 (1)
0.9512 +- -1.00 (1)
0.9729 +- -1.00 (1)
0.9613 +- -1.00 (1)
0.9723 +- -1.00 (1)
0.9492 +- -1.00 (1)
0.9622 +- -1.00 (1)
0.9614 +- -1.00 (1)
0.9648 +- -1.00 (1)
0.9666 +- -1.00 (1)
0.9747 +- -1.00 (1)
0.9861 +- -1.00 (1)
0.9594 +- -1.00 (1)
0.9764 +- -1.00 (1)
0.9734 +- -1.00 (1)
0.9806 +- -1.00 (1)
0.9756 +- -1.00 (1)
0.9730 +- -1.00 (1)
0.9703 +- -1.00 (1)
0.9733 +- -1.00 (1)
0.9747 +- -1.00 (1)
0.9735 +- -1.00 (1)
0.9716 +- -1.00 (1)
0.9726 +- -1.00 (1)
0.9628 +- -1.00 (1)
0.9612 +- -1.00 (1)
0.9729 +- -1.00 (1)
0.9749 +- -1.00 (1)
0.9606 +- -1.00 (1)
0.9722 +- -1.00 (1)
0.9729 +- -1.00 (1)
0.9758 +- -1.00 (1)
0.9687 +- -1.00 (1)
0.9700 +- -1.00 (1)
0.9718 +- -1.00 (1)
0.9602 +- -1.00 (1)
0.9731 +- -1.00 (1)
0.9647 +- -1.00 (1)
0.9553 +- -1.00 (1)
0.9703 +- -1.00 (1)
0.9781 +- -1.00 (1)
0.9672 +- -1.00 (1)
0.9798 +- -1.00 (1)
0.9714 +- -1.00 (1)
0.9686 +- -1.00 (1)
0.9551 +- -1.00 (1)
0.9726 +- -1.00 (1)
0.9732 +- -1.00 (1)
0.9729 +- -1.00 (1)
0.9772 +- -1.00 (1)
0.9734 +- -1.00 (1)
0.9744 +- -1.00 (1)
0.9718 +- -1.00 (1)
0.9715 +- -1.00 (1)
0.9741 +- -1.00 (1)
0.9691 +- -1.00 (1)
0.9703 +- -1.00 (1)
0.9750 +- -1.00 (1)
0.9667 +- -1.00 (1)
0.9702 +- -1.00 (1)
0.9777 +- -1.00 (1)
0.9590 +- -1.00 (1)
0.9779 +- -1.00 (1)
0.9689 +- -1.00 (1)
0.9708 +- -1.00 (1)
0.9657 +- -1.00 (1)
0.9727 +- -1.00 (1)
0.9595 +- -1.00 (1)
0.9751 +- -1.00 (1)
0.9722 +- -1.00 (1)
0.9668 +- -1.00 (1)
0.9754 +- -1.00 (1)
0.9670 +- -1.00 (1)
0.9726 +- -1.00 (1)
0.9655 +- -1.00 (1)
0.9706 +- -1.00 (1)
0.9674 +- -1.00 (1)
0.9712 +- -1.00 (1)
0.9611 +- -1.00 (1)
0.9705 +- -1.00 (1)
0.9840 +- -1.00 (1)
0.9740 +- -1.00 (1)
0.9521 +- -1.00 (1)
0.9695 +- -1.00 (1)
0.9634 +- -1.00 (1)
0.9622 +- -1.00 (1)
0.9718 +- -1.00 (1)
0.9721 +- -1.00 (1)
0.9747 +- -1.00 (1)
0.9718 +- -1.00 (1)
0.9721 +- -1.00 (1)
0.9719 +- -1.00 (1)
0.9716 +- -1.00 (1)
0.9719 +- -1.00 (1)
0.9612 +- -1.00 (1)
0.9710 +- -1.00 (1)
0.9642 +- -1.00 (1)
0.9819 +- -1.00 (1)
0.9543 +- -1.00 (1)
0.9617 +- -1.00 (1)
0.9398 +- -1.00 (1)
0.9709 +- -1.00 (1)
0.9709 +- -1.00 (1)
0.9728 +- -1.00 (1)
0.9733 +- -1.00 (1)
0.9625 +- -1.00 (1)
0.9700 +- -1.00 (1)
0.9686 +- -1.00 (1)
0.9690 +- -1.00 (1)
0.9670 +- -1.00 (1)
0.9417 +- -1.00 (1)
0.9534 +- -1.00 (1)
0.9631 +- -1.00 (1)
0.9293 +- -1.00 (1)
0.9468 +- -1.00 (1)
0.9540 +- -1.00 (1)
0.9491 +- -1.00 (1)
0.9617 +- -1.00 (1)
0.9659 +- -1.00 (1)
0.9618 +- -1.00 (1)
0.9564 +- -1.00 (1)
0.9523 +- -1.00 (1)
0.9725 +- -1.00 (1)
0.9631 +- -1.00 (1)
0.9678 +- -1.00 (1)
0.9601 +- -1.00 (1)
0.9575 +- -1.00 (1)
0.9622 +- -1.00 (1)
0.9579 +- -1.00 (1)
0.9613 +- -1.00 (1)
0.9612 +- -1.00 (1)
0.9688 +- -1.00 (1)
0.9636 +- -1.00 (1)
0.9629 +- -1.00 (1)
0.9618 +- -1.00 (1)
0.9599 +- -1.00 (1)
0.9539 +- -1.00 (1)
0.9558 +- -1.00 (1)
0.9635 +- -1.00 (1)
0.9591 +- -1.00 (1)
0.9528 +- -1.00 (1)
0.9614 +- -1.00 (1)
0.9651 +- -1.00 (1)
0.9629 +- -1.00 (1)
0.9654 +- -1.00 (1)
0.9534 +- -1.00 (1)
0.9710 +- -1.00 (1)
0.9574 +- -1.00 (1)
0.9679 +- -1.00 (1)
0.9622 +- -1.00 (1)
0.9602 +- -1.00 (1)
0.9582 +- -1.00 (1)
0.9600 +- -1.00 (1)
0.9600 +- -1.00 (1)
0.9634 +- -1.00 (1)
0.9639 +- -1.00 (1)
0.9553 +- -1.00 (1)
0.9526 +- -1.00 (1)
0.9617 +- -1.00 (1)
0.9586 +- -1.00 (1)
0.9559 +- -1.00 (1)
0.9564 +- -1.00 (1)
0.9555 +- -1.00 (1)
0.9603 +- -1.00 (1)
0.9645 +- -1.00 (1)
0.9687 +- -1.00 (1)
0.9629 +- -1.00 (1)
0.9557 +- -1.00 (1)
0.9627 +- -1.00 (1)
0.9614 +- -1.00 (1)
0.9470 +- -1.00 (1)
0.9637 +- -1.00 (1)
0.9647 +- -1.00 (1)
0.9562 +- -1.00 (1)
0.9616 +- -1.00 (1)
0.9618 +- -1.00 (1)
0.9558 +- -1.00 (1)
0.9556 +- -1.00 (1)
0.9584 +- -1.00 (1)
0.9548 +- -1.00 (1)
0.9590 +- -1.00 (1)
0.9610 +- -1.00 (1)
0.9266 +- -1.00 (1)
0.9591 +- -1.00 (1)
0.9550 +- -1.00 (1)
0.9684 +- -1.00 (1)
0.9587 +- -1.00 (1)
0.9626 +- -1.00 (1)
0.9558 +- -1.00 (1)
0.8647 +- -1.00 (1)
0.9607 +- -1.00 (1)
0.9611 +- -1.00 (1)
0.9613 +- -1.00 (1)
0.9525 +- -1.00 (1)
0.9468 +- -1.00 (1)
0.9584 +- -1.00 (1)
0.9498 +- -1.00 (1)
0.9616 +- -1.00 (1)
0.9519 +- -1.00 (1)
0.9001 +- -1.00 (1)
0.9214 +- -1.00 (1)
0.9548 +- -1.00 (1)
0.9546 +- -1.00 (1)
0.9569 +- -1.00 (1)
0.9571 +- -1.00 (1)
0.9606 +- -1.00 (1)
0.9235 +- -1.00 (1)
0.9514 +- -1.00 (1)
0.9547 +- -1.00 (1)
0.9553 +- -1.00 (1)
0.9513 +- -1.00 (1)
0.8901 +- -1.00 (1)
0.9581 +- -1.00 (1)
0.9513 +- -1.00 (1)
0.9592 +- -1.00 (1)
0.9510 +- -1.00 (1)
0.9511 +- -1.00 (1)
0.9569 +- -1.00 (1)
0.9584 +- -1.00 (1)
0.9553 +- -1.00 (1)
0.9609 +- -1.00 (1)
0.9628 +- -1.00 (1)
0.9397 +- -1.00 (1)
0.9529 +- -1.00 (1)
0.9635 +- -1.00 (1)
0.9566 +- -1.00 (1)
0.9664 +- -1.00 (1)
0.9542 +- -1.00 (1)
0.9620 +- -1.00 (1)
0.9517 +- -1.00 (1)
0.9596 +- -1.00 (1)
0.9501 +- -1.00 (1)
0.9592 +- -1.00 (1)
0.9506 +- -1.00 (1)
0.9501 +- -1.00 (1)
0.9571 +- -1.00 (1)
0.9527 +- -1.00 (1)
0.9240 +- -1.00 (1)
0.9567 +- -1.00 (1)
0.9600 +- -1.00 (1)
0.9623 +- -1.00 (1)
0.9566 +- -1.00 (1)
0.9540 +- -1.00 (1)
0.9623 +- -1.00 (1)
0.9590 +- -1.00 (1)
0.9596 +- -1.00 (1)
0.9628 +- -1.00 (1)
0.9604 +- -1.00 (1)
0.9361 +- -1.00 (1)
0.9499 +- -1.00 (1)
0.9555 +- -1.00 (1)
0.9655 +- -1.00 (1)
0.9348 +- -1.00 (1)
0.9597 +- -1.00 (1)
0.9476 +- -1.00 (1)
0.9520 +- -1.00 (1)
0.9530 +- -1.00 (1)
0.9563 +- -1.00 (1)
0.9549 +- -1.00 (1)
0.9539 +- -1.00 (1)
0.9511 +- -1.00 (1)
0.9460 +- -1.00 (1)
0.9405 +- -1.00 (1)
0.9535 +- -1.00 (1)
0.9567 +- -1.00 (1)
0.9579 +- -1.00 (1)
0.9512 +- -1.00 (1)
0.9570 +- -1.00 (1)
0.9517 +- -1.00 (1)
0.9706 +- -1.00 (1)
0.9238 +- -1.00 (1)
0.8887 +- -1.00 (1)
0.9582 +- -1.00 (1)
0.9707 +- -1.00 (1)
0.9714 +- -1.00 (1)
0.9788 +- -1.00 (1)
0.9409 +- -1.00 (1)
0.9389 +- -1.00 (1)
0.9223 +- -1.00 (1)
0.9607 +- -1.00 (1)
0.7343 +- -1.00 (1)
0.9700 +- -1.00 (1)
0.9692 +- -1.00 (1)
0.7723 +- -1.00 (1)
0.9822 +- -1.00 (1)
0.5926 +- -1.00 (1)
0.9687 +- -1.00 (1)
0.9656 +- -1.00 (1)
0.9617 +- -1.00 (1)
0.9747 +- -1.00 (1)
0.9095 +- -1.00 (1)
0.9680 +- -1.00 (1)
0.9527 +- -1.00 (1)
0.9737 +- -1.00 (1)
0.9716 +- -1.00 (1)
0.9698 +- -1.00 (1)
0.9634 +- -1.00 (1)
0.9746 +- -1.00 (1)
0.9549 +- -1.00 (1)
0.9688 +- -1.00 (1)
0.9670 +- -1.00 (1)
0.9590 +- -1.00 (1)
0.9630 +- -1.00 (1)
0.9690 +- -1.00 (1)
0.9763 +- -1.00 (1)
0.9437 +- -1.00 (1)
0.9603 +- -1.00 (1)
0.9592 +- -1.00 (1)
0.9669 +- -1.00 (1)
0.9719 +- -1.00 (1)
0.9620 +- -1.00 (1)
0.9753 +- -1.00 (1)
0.9562 +- -1.00 (1)
0.9619 +- -1.00 (1)
0.9755 +- -1.00 (1)
0.9622 +- -1.00 (1)
0.9625 +- -1.00 (1)
0.8767 +- -1.00 (1)
0.9561 +- -1.00 (1)
0.9406 +- -1.00 (1)
0.9716 +- -1.00 (1)
0.9565 +- -1.00 (1)
0.9675 +- -1.00 (1)
0.9321 +- -1.00 (1)
0.9541 +- -1.00 (1)
0.9546 +- -1.00 (1)
0.9806 +- -1.00 (1)
0.9725 +- -1.00 (1)
0.9760 +- -1.00 (1)
0.9306 +- -1.00 (1)
0.9532 +- -1.00 (1)
0.9735 +- -1.00 (1)
0.9752 +- -1.00 (1)
0.9564 +- -1.00 (1)
0.9670 +- -1.00 (1)
0.9391 +- -1.00 (1)
0.9745 +- -1.00 (1)
0.9754 +- -1.00 (1)
0.9597 +- -1.00 (1)
0.9353 +- -1.00 (1)
0.9693 +- -1.00 (1)
0.9681 +- -1.00 (1)
0.9558 +- -1.00 (1)
0.9209 +- -1.00 (1)
0.9656 +- -1.00 (1)
0.9587 +- -1.00 (1)
0.7115 +- -1.00 (1)
0.9636 +- -1.00 (1)
0.9625 +- -1.00 (1)
0.9544 +- -1.00 (1)
0.9636 +- -1.00 (1)
0.9613 +- -1.00 (1)
0.9073 +- -1.00 (1)
0.9645 +- -1.00 (1)
0.9543 +- -1.00 (1)
0.9671 +- -1.00 (1)
0.9653 +- -1.00 (1)
0.9582 +- -1.00 (1)
0.9735 +- -1.00 (1)
0.9592 +- -1.00 (1)
0.9776 +- -1.00 (1)
0.9268 +- -1.00 (1)
0.8972 +- -1.00 (1)
0.9623 +- -1.00 (1)
0.9274 +- -1.00 (1)
0.9559 +- -1.00 (1)
0.9718 +- -1.00 (1)
0.9661 +- -1.00 (1)
0.9707 +- -1.00 (1)
0.9747 +- -1.00 (1)
0.9502 +- -1.00 (1)
0.9608 +- -1.00 (1)
0.9616 +- -1.00 (1)
0.9687 +- -1.00 (1)
0.9437 +- -1.00 (1)
0.9629 +- -1.00 (1)
0.9461 +- -1.00 (1)
0.9656 +- -1.00 (1)
0.9468 +- -1.00 (1)
0.9682 +- -1.00 (1)
0.9579 +- -1.00 (1)
0.9583 +- -1.00 (1)
0.9619 +- -1.00 (1)
0.9342 +- -1.00 (1)
0.8790 +- -1.00 (1)
0.9617 +- -1.00 (1)
0.9621 +- -1.00 (1)
0.9712 +- -1.00 (1)
0.9202 +- -1.00 (1)
0.9623 +- -1.00 (1)
0.9643 +- -1.00 (1)
0.9702 +- -1.00 (1)
0.8832 +- -1.00 (1)
0.6833 +- -1.00 (1)
0.8767 +- -1.00 (1)
0.9633 +- -1.00 (1)
0.9658 +- -1.00 (1)
0.9785 +- -1.00 (1)
0.9478 +- -1.00 (1)
0.9667 +- -1.00 (1)
0.9561 +- -1.00 (1)
0.9505 +- -1.00 (1)
0.9719 +- -1.00 (1)
0.9633 +- -1.00 (1)
0.7755 +- -1.00 (1)
0.9624 +- -1.00 (1)
0.9537 +- -1.00 (1)
0.9527 +- -1.00 (1)
0.8471 +- -1.00 (1)
0.8466 +- -1.00 (1)
0.8987 +- -1.00 (1)
0.9103 +- -1.00 (1)
0.7530 +- -1.00 (1)
0.8940 +- -1.00 (1)
0.8841 +- -1.00 (1)
0.8609 +- -1.00 (1)
0.9407 +- -1.00 (1)
0.9503 +- -1.00 (1)
0.9560 +- -1.00 (1)
0.8392 +- -1.00 (1)
0.8061 +- -1.00 (1)
0.8464 +- -1.00 (1)
0.9636 +- -1.00 (1)
0.8109 +- -1.00 (1)
0.9589 +- -1.00 (1)
0.9619 +- -1.00 (1)
0.9648 +- -1.00 (1)
0.9616 +- -1.00 (1)
0.9590 +- -1.00 (1)
0.9503 +- -1.00 (1)
0.8319 +- -1.00 (1)
0.8184 +- -1.00 (1)
0.9451 +- -1.00 (1)
0.9442 +- -1.00 (1)
0.9514 +- -1.00 (1)
0.9621 +- -1.00 (1)
0.9118 +- -1.00 (1)
0.9429 +- -1.00 (1)
0.9664 +- -1.00 (1)
0.8722 +- -1.00 (1)
0.7900 +- -1.00 (1)
0.9541 +- -1.00 (1)
0.8549 +- -1.00 (1)
0.9466 +- -1.00 (1)
0.9452 +- -1.00 (1)
0.7452 +- -1.00 (1)
0.9614 +- -1.00 (1)
0.9602 +- -1.00 (1)
0.7559 +- -1.00 (1)
0.9596 +- -1.00 (1)
0.8068 +- -1.00 (1)
0.9409 +- -1.00 (1)
0.9632 +- -1.00 (1)
0.9471 +- -1.00 (1)
0.8945 +- -1.00 (1)
0.8086 +- -1.00 (1)
0.8338 +- -1.00 (1)
0.7552 +- -1.00 (1)
0.8044 +- -1.00 (1)
0.8599 +- -1.00 (1)
0.8577 +- -1.00 (1)
0.9570 +- -1.00 (1)
0.8064 +- -1.00 (1)
0.8689 +- -1.00 (1)
0.9442 +- -1.00 (1)
0.9567 +- -1.00 (1)
0.9601 +- -1.00 (1)
0.8198 +- -1.00 (1)
0.9259 +- -1.00 (1)
0.8221 +- -1.00 (1)
0.8259 +- -1.00 (1)
0.8117 +- -1.00 (1)
0.8988 +- -1.00 (1)
0.8183 +- -1.00 (1)
0.8888 +- -1.00 (1)
0.9531 +- -1.00 (1)
0.8948 +- -1.00 (1)
0.6564 +- -1.00 (1)
0.8944 +- -1.00 (1)
0.9499 +- -1.00 (1)
0.7993 +- -1.00 (1)
0.9499 +- -1.00 (1)
0.7700 +- -1.00 (1)
0.9099 +- -1.00 (1)
0.9413 +- -1.00 (1)
0.8235 +- -1.00 (1)
0.8878 +- -1.00 (1)
0.9499 +- -1.00 (1)
0.9048 +- -1.00 (1)
0.9444 +- -1.00 (1)
0.7215 +- -1.00 (1)
0.7443 +- -1.00 (1)
0.9008 +- -1.00 (1)
0.8410 +- -1.00 (1)
0.7845 +- -1.00 (1)
0.9379 +- -1.00 (1)
0.9569 +- -1.00 (1)
0.9340 +- -1.00 (1)
0.9488 +- -1.00 (1)
0.8766 +- -1.00 (1)
0.8551 +- -1.00 (1)
0.8680 +- -1.00 (1)
0.7830 +- -1.00 (1)
0.7927 +- -1.00 (1)
0.8066 +- -1.00 (1)
0.8301 +- -1.00 (1)
0.8142 +- -1.00 (1)
0.8136 +- -1.00 (1)
0.8534 +- -1.00 (1)
0.9439 +- -1.00 (1)
0.8311 +- -1.00 (1)
0.8933 +- -1.00 (1)
0.8615 +- -1.00 (1)
0.8333 +- -1.00 (1)
0.9501 +- -1.00 (1)
0.9392 +- -1.00 (1)
0.8337 +- -1.00 (1)
0.9258 +- -1.00 (1)
0.9603 +- -1.00 (1)
0.8181 +- -1.00 (1)
0.8934 +- -1.00 (1)
0.8751 +- -1.00 (1)
0.6614 +- -1.00 (1)
0.8761 +- -1.00 (1)
0.8965 +- -1.00 (1)
0.8683 +- -1.00 (1)
0.8545 +- -1.00 (1)
0.7264 +- -1.00 (1)
0.8555 +- -1.00 (1)
0.7210 +- -1.00 (1)
0.8252 +- -1.00 (1)
0.8052 +- -1.00 (1)
0.9431 +- -1.00 (1)
0.8221 +- -1.00 (1)
0.7231 +- -1.00 (1)
0.7443 +- -1.00 (1)
0.8178 +- -1.00 (1)
0.8224 +- -1.00 (1)
0.9299 +- -1.00 (1)
0.8803 +- -1.00 (1)
0.9592 +- -1.00 (1)
0.9427 +- -1.00 (1)
0.9210 +- -1.00 (1)
0.8061 +- -1.00 (1)
0.7681 +- -1.00 (1)
0.8916 +- -1.00 (1)
0.8116 +- -1.00 (1)
0.9273 +- -1.00 (1)
0.7970 +- -1.00 (1)
0.9424 +- -1.00 (1)
0.8519 +- -1.00 (1)
0.8514 +- -1.00 (1)
0.8875 +- -1.00 (1)
0.8733 +- -1.00 (1)
0.9396 +- -1.00 (1)
0.8007 +- -1.00 (1)
0.9209 +- -1.00 (1)
0.9356 +- -1.00 (1)
0.8425 +- -1.00 (1)
0.9335 +- -1.00 (1)
0.9594 +- -1.00 (1)
0.8113 +- -1.00 (1)
0.8502 +- -1.00 (1)
0.9316 +- -1.00 (1)
0.8754 +- -1.00 (1)
0.8748 +- -1.00 (1)
0.9367 +- -1.00 (1)
0.9423 +- -1.00 (1)
0.9511 +- -1.00 (1)
0.9706 +- -1.00 (1)
0.8593 +- -1.00 (1)
0.6948 +- -1.00 (1)
0.9556 +- -1.00 (1)
0.6892 +- -1.00 (1)
0.7677 +- -1.00 (1)
0.9776 +- -1.00 (1)
0.7735 +- -1.00 (1)
0.9369 +- -1.00 (1)
0.7205 +- -1.00 (1)
0.6876 +- -1.00 (1)
0.8874 +- -1.00 (1)
0.7479 +- -1.00 (1)
0.6470 +- -1.00 (1)
0.7176 +- -1.00 (1)
0.6680 +- -1.00 (1)
0.9520 +- -1.00 (1)
0.7903 +- -1.00 (1)
0.6513 +- -1.00 (1)
0.9601 +- -1.00 (1)
0.7130 +- -1.00 (1)
0.9584 +- -1.00 (1)
0.9383 +- -1.00 (1)
0.9129 +- -1.00 (1)
0.9801 +- -1.00 (1)
0.8859 +- -1.00 (1)
0.7073 +- -1.00 (1)
0.7664 +- -1.00 (1)
0.7092 +- -1.00 (1)
0.9534 +- -1.00 (1)
0.8337 +- -1.00 (1)
0.7797 +- -1.00 (1)
0.7850 +- -1.00 (1)
0.8845 +- -1.00 (1)
0.7089 +- -1.00 (1)
0.9273 +- -1.00 (1)
0.8824 +- -1.00 (1)
0.7378 +- -1.00 (1)
0.8303 +- -1.00 (1)
0.7515 +- -1.00 (1)
0.9300 +- -1.00 (1)
0.9569 +- -1.00 (1)
0.7224 +- -1.00 (1)
0.9517 +- -1.00 (1)
0.7704 +- -1.00 (1)
0.9715 +- -1.00 (1)
0.8755 +- -1.00 (1)
0.8666 +- -1.00 (1)
0.9636 +- -1.00 (1)
0.7912 +- -1.00 (1)
0.8214 +- -1.00 (1)
0.8375 +- -1.00 (1)
0.9264 +- -1.00 (1)
0.8614 +- -1.00 (1)
0.8830 +- -1.00 (1)
0.8441 +- -1.00 (1)
0.8718 +- -1.00 (1)
0.9587 +- -1.00 (1)
0.9656 +- -1.00 (1)
0.8815 +- -1.00 (1)
0.8482 +- -1.00 (1)
0.8508 +- -1.00 (1)
0.8432 +- -1.00 (1)
0.9608 +- -1.00 (1)
0.7881 +- -1.00 (1)
0.8142 +- -1.00 (1)
0.8784 +- -1.00 (1)
0.8068 +- -1.00 (1)
0.9644 +- -1.00 (1)
0.8479 +- -1.00 (1)
0.9646 +- -1.00 (1)
0.8819 +- -1.00 (1)
0.8920 +- -1.00 (1)
0.8768 +- -1.00 (1)
0.9201 +- -1.00 (1)
0.7764 +- -1.00 (1)
0.6745 +- -1.00 (1)
0.9312 +- -1.00 (1)
0.8733 +- -1.00 (1)
0.7755 +- -1.00 (1)
0.7805 +- -1.00 (1)
0.8238 +- -1.00 (1)
0.9098 +- -1.00 (1)
0.8125 +- -1.00 (1)
0.9365 +- -1.00 (1)
0.7804 +- -1.00 (1)
0.7852 +- -1.00 (1)
0.8363 +- -1.00 (1)
0.7222 +- -1.00 (1)
0.7337 +- -1.00 (1)
0.7804 +- -1.00 (1)
0.8041 +- -1.00 (1)
0.7146 +- -1.00 (1)
0.8744 +- -1.00 (1)
0.7112 +- -1.00 (1)
0.6309 +- -1.00 (1)
0.7203 +- -1.00 (1)
0.7057 +- -1.00 (1)
0.7697 +- -1.00 (1)
0.8660 +- -1.00 (1)
0.8653 +- -1.00 (1)
0.7339 +- -1.00 (1)
0.8765 +- -1.00 (1)
0.8245 +- -1.00 (1)
0.8992 +- -1.00 (1)
0.7107 +- -1.00 (1)
0.9404 +- -1.00 (1)
0.8959 +- -1.00 (1)
0.7537 +- -1.00 (1)
0.7709 +- -1.00 (1)
0.7237 +- -1.00 (1)
0.8360 +- -1.00 (1)
0.7223 +- -1.00 (1)
0.9470 +- -1.00 (1)
0.9586 +- -1.00 (1)
0.7392 +- -1.00 (1)
0.8292 +- -1.00 (1)
0.8178 +- -1.00 (1)
0.9054 +- -1.00 (1)
0.8003 +- -1.00 (1)
0.7251 +- -1.00 (1)
0.8564 +- -1.00 (1)
0.6081 +- -1.00 (1)
0.7127 +- -1.00 (1)
0.7979 +- -1.00 (1)
0.8665 +- -1.00 (1)
0.6830 +- -1.00 (1)
0.7663 +- -1.00 (1)
0.8975 +- -1.00 (1)
0.7302 +- -1.00 (1)
0.7101 +- -1.00 (1)
0.8244 +- -1.00 (1)
0.9593 +- -1.00 (1)
0.8579 +- -1.00 (1)
0.8355 +- -1.00 (1)
0.7319 +- -1.00 (1)
0.8346 +- -1.00 (1)
0.7257 +- -1.00 (1)
0.8895 +- -1.00 (1)
0.6889 +- -1.00 (1)
0.7685 +- -1.00 (1)
0.7845 +- -1.00 (1)
0.7551 +- -1.00 (1)
0.6861 +- -1.00 (1)
0.6684 +- -1.00 (1)
0.5604 +- -1.00 (1)
0.7363 +- -1.00 (1)
0.7279 +- -1.00 (1)
0.6640 +- -1.00 (1)
0.7766 +- -1.00 (1)
0.7421 +- -1.00 (1)
0.6383 +- -1.00 (1)
0.7064 +- -1.00 (1)
0.8014 +- -1.00 (1)
0.5726 +- -1.00 (1)
0.5721 +- -1.00 (1)
0.6707 +- -1.00 (1)
0.8161 +- -1.00 (1)
0.6178 +- -1.00 (1)
0.7151 +- -1.00 (1)
0.7450 +- -1.00 (1)
0.6966 +- -1.00 (1)
0.6955 +- -1.00 (1)
0.6594 +- -1.00 (1)
0.7200 +- -1.00 (1)
0.7666 +- -1.00 (1)
0.8905 +- -1.00 (1)
0.7091 +- -1.00 (1)
0.7061 +- -1.00 (1)
0.7852 +- -1.00 (1)
0.5878 +- -1.00 (1)
0.6845 +- -1.00 (1)
0.7548 +- -1.00 (1)
0.7312 +- -1.00 (1)
0.7709 +- -1.00 (1)
0.7646 +- -1.00 (1)
0.7378 +- -1.00 (1)
0.6984 +- -1.00 (1)
0.7915 +- -1.00 (1)
0.7329 +- -1.00 (1)
0.8067 +- -1.00 (1)
0.7402 +- -1.00 (1)
0.7364 +- -1.00 (1)
0.7313 +- -1.00 (1)
0.6893 +- -1.00 (1)
0.7568 +- -1.00 (1)
0.7063 +- -1.00 (1)
0.7338 +- -1.00 (1)
0.7492 +- -1.00 (1)
0.7367 +- -1.00 (1)
0.7800 +- -1.00 (1)
0.7444 +- -1.00 (1)
0.7670 +- -1.00 (1)
0.6770 +- -1.00 (1)
0.7557 +- -1.00 (1)
0.6735 +- -1.00 (1)
0.7642 +- -1.00 (1)
0.6957 +- -1.00 (1)
0.7068 +- -1.00 (1)
0.6967 +- -1.00 (1)
0.7186 +- -1.00 (1)
0.6990 +- -1.00 (1)
0.7593 +- -1.00 (1)
0.7680 +- -1.00 (1)
0.7477 +- -1.00 (1)
0.7048 +- -1.00 (1)
0.6342 +- -1.00 (1)
0.6568 +- -1.00 (1)
0.7422 +- -1.00 (1)
0.7658 +- -1.00 (1)
0.7015 +- -1.00 (1)
0.7009 +- -1.00 (1)
0.7877 +- -1.00 (1)
0.6134 +- -1.00 (1)
0.7583 +- -1.00 (1)
0.6646 +- -1.00 (1)
0.6384 +- -1.00 (1)
0.7301 +- -1.00 (1)
0.6113 +- -1.00 (1)
0.7603 +- -1.00 (1)
0.7856 +- -1.00 (1)
0.6719 +- -1.00 (1)
0.7700 +- -1.00 (1)
0.7947 +- -1.00 (1)
0.6795 +- -1.00 (1)
0.7593 +- -1.00 (1)
0.7244 +- -1.00 (1)
0.6247 +- -1.00 (1)
0.7012 +- -1.00 (1)
0.5925 +- -1.00 (1)
0.6978 +- -1.00 (1)
0.6427 +- -1.00 (1)
0.6607 +- -1.00 (1)
0.6778 +- -1.00 (1)
0.7209 +- -1.00 (1)
0.6733 +- -1.00 (1)
0.7069 +- -1.00 (1)
0.6752 +- -1.00 (1)
0.6862 +- -1.00 (1)
0.6879 +- -1.00 (1)
0.7176 +- -1.00 (1)
0.7271 +- -1.00 (1)
0.6196 +- -1.00 (1)
0.6972 +- -1.00 (1)
0.7147 +- -1.00 (1)
0.6316 +- -1.00 (1)
0.6448 +- -1.00 (1)
0.6771 +- -1.00 (1)
0.7160 +- -1.00 (1)
0.6632 +- -1.00 (1)
0.7606 +- -1.00 (1)
0.6387 +- -1.00 (1)
0.7325 +- -1.00 (1)
0.7368 +- -1.00 (1)
0.7085 +- -1.00 (1)
0.7727 +- -1.00 (1)
0.7266 +- -1.00 (1)
0.6914 +- -1.00 (1)
0.6318 +- -1.00 (1)
0.7098 +- -1.00 (1)
0.6618 +- -1.00 (1)
0.7034 +- -1.00 (1)
0.5992 +- -1.00 (1)
0.7784 +- -1.00 (1)
0.6097 +- -1.00 (1)
0.6614 +- -1.00 (1)
0.6575 +- -1.00 (1)
0.6640 +- -1.00 (1)
0.7514 +- -1.00 (1)
0.6754 +- -1.00 (1)
0.6563 +- -1.00 (1)
0.6616 +- -1.00 (1)
0.6899 +- -1.00 (1)
0.7128 +- -1.00 (1)
0.6427 +- -1.00 (1)
0.7068 +- -1.00 (1)
0.6336 +- -1.00 (1)
0.6899 +- -1.00 (1)
0.6572 +- -1.00 (1)
0.6842 +- -1.00 (1)
0.6824 +- -1.00 (1)
0.6372 +- -1.00 (1)
0.7520 +- -1.00 (1)
0.6697 +- -1.00 (1)
0.6829 +- -1.00 (1)
0.6683 +- -1.00 (1)
0.6863 +- -1.00 (1)
0.6839 +- -1.00 (1)
0.7243 +- -1.00 (1)
0.7195 +- -1.00 (1)
0.6099 +- -1.00 (1)
0.6425 +- -1.00 (1)
0.6043 +- -1.00 (1)
0.6635 +- -1.00 (1)
0.7274 +- -1.00 (1)
0.7122 +- -1.00 (1)
0.6891 +- -1.00 (1)
0.6841 +- -1.00 (1)
0.6859 +- -1.00 (1)
0.7667 +- -1.00 (1)
0.9709 +- -1.00 (1)
0.9377 +- -1.00 (1)
0.9580 +- -1.00 (1)
0.9481 +- -1.00 (1)
0.9600 +- -1.00 (1)
0.6863 +- -1.00 (1)
0.9477 +- -1.00 (1)
0.6950 +- -1.00 (1)
0.9513 +- -1.00 (1)
0.7300 +- -1.00 (1)
0.7288 +- -1.00 (1)
0.9507 +- -1.00 (1)
0.7904 +- -1.00 (1)
0.7600 +- -1.00 (1)
0.9326 +- -1.00 (1)
0.7015 +- -1.00 (1)
0.9604 +- -1.00 (1)
0.6677 +- -1.00 (1)
0.9656 +- -1.00 (1)
0.9406 +- -1.00 (1)
0.5727 +- -1.00 (1)
0.9557 +- -1.00 (1)
0.6340 +- -1.00 (1)
0.9319 +- -1.00 (1)
0.5606 +- -1.00 (1)
0.9600 +- -1.00 (1)
0.6561 +- -1.00 (1)
0.9587 +- -1.00 (1)
0.9695 +- -1.00 (1)
0.9297 +- -1.00 (1)
0.8124 +- -1.00 (1)
0.8178 +- -1.00 (1)
0.9614 +- -1.00 (1)
0.9229 +- -1.00 (1)
0.9327 +- -1.00 (1)
0.8750 +- -1.00 (1)
0.9634 +- -1.00 (1)
0.7480 +- -1.00 (1)
0.9406 +- -1.00 (1)
0.9617 +- -1.00 (1)
0.8968 +- -1.00 (1)
0.9098 +- -1.00 (1)
0.8491 +- -1.00 (1)
0.6970 +- -1.00 (1)
0.6298 +- -1.00 (1)
0.8987 +- -1.00 (1)
0.9406 +- -1.00 (1)
0.7808 +- -1.00 (1)
0.9463 +- -1.00 (1)
0.8148 +- -1.00 (1)
0.9612 +- -1.00 (1)
0.7702 +- -1.00 (1)
0.9649 +- -1.00 (1)
0.7379 +- -1.00 (1)
0.9650 +- -1.00 (1)
0.8769 +- -1.00 (1)
0.9022 +- -1.00 (1)
0.9726 +- -1.00 (1)
0.7258 +- -1.00 (1)
0.9394 +- -1.00 (1)
0.9693 +- -1.00 (1)
0.7969 +- -1.00 (1)
0.7237 +- -1.00 (1)
0.9697 +- -1.00 (1)
0.9340 +- -1.00 (1)
0.7880 +- -1.00 (1)
0.8168 +- -1.00 (1)
0.8204 +- -1.00 (1)
0.9744 +- -1.00 (1)
0.9095 +- -1.00 (1)
0.6670 +- -1.00 (1)
0.9645 +- -1.00 (1)
0.7741 +- -1.00 (1)
0.7501 +- -1.00 (1)
0.9665 +- -1.00 (1)
0.8610 +- -1.00 (1)
0.8255 +- -1.00 (1)
0.7426 +- -1.00 (1)
0.7582 +- -1.00 (1)
0.6845 +- -1.00 (1)
0.9503 +- -1.00 (1)
0.9523 +- -1.00 (1)
0.6378 +- -1.00 (1)
0.9283 +- -1.00 (1)
0.9055 +- -1.00 (1)
0.6033 +- -1.00 (1)
0.9620 +- -1.00 (1)
0.8861 +- -1.00 (1)
0.9630 +- -1.00 (1)
0.8599 +- -1.00 (1)
0.8277 +- -1.00 (1)
0.7038 +- -1.00 (1)
0.9274 +- -1.00 (1)
0.9241 +- -1.00 (1)
0.9464 +- -1.00 (1)
0.8280 +- -1.00 (1)
0.7597 +- -1.00 (1)
0.8812 +- -1.00 (1)
0.8242 +- -1.00 (1)
0.9558 +- -1.00 (1)
0.8057 +- -1.00 (1)
0.8635 +- -1.00 (1)
0.7358 +- -1.00 (1)
0.6603 +- -1.00 (1)
0.7464 +- -1.00 (1)
0.7624 +- -1.00 (1)
0.7568 +- -1.00 (1)
0.6714 +- -1.00 (1)
0.7490 +- -1.00 (1)
0.6567 +- -1.00 (1)
0.7753 +- -1.00 (1)
0.7163 +- -1.00 (1)
0.7633 +- -1.00 (1)
0.9538 +- -1.00 (1)
0.6058 +- -1.00 (1)
0.8086 +- -1.00 (1)
0.7070 +- -1.00 (1)
0.8213 +- -1.00 (1)
0.9256 +- -1.00 (1)
0.9022 +- -1.00 (1)
0.7983 +- -1.00 (1)
0.6629 +- -1.00 (1)
0.9349 +- -1.00 (1)
0.8136 +- -1.00 (1)
0.7669 +- -1.00 (1)
0.8575 +- -1.00 (1)
0.8519 +- -1.00 (1)
0.7571 +- -1.00 (1)
0.9631 +- -1.00 (1)
0.6803 +- -1.00 (1)
0.7378 +- -1.00 (1)
0.7037 +- -1.00 (1)
0.8224 +- -1.00 (1)
0.6346 +- -1.00 (1)
0.6587 +- -1.00 (1)
0.7369 +- -1.00 (1)
0.6962 +- -1.00 (1)
0.7197 +- -1.00 (1)
0.8138 +- -1.00 (1)
0.7774 +- -1.00 (1)
0.5610 +- -1.00 (1)
0.6462 +- -1.00 (1)
0.4792 +- -1.00 (1)
0.7054 +- -1.00 (1)
0.6842 +- -1.00 (1)
0.6170 +- -1.00 (1)
0.6124 +- -1.00 (1)
0.6001 +- -1.00 (1)
0.6499 +- -1.00 (1)
0.7176 +- -1.00 (1)
0.6238 +- -1.00 (1)
0.6183 +- -1.00 (1)
0.6721 +- -1.00 (1)
0.6896 +- -1.00 (1)
0.5619 +- -1.00 (1)
0.4846 +- -1.00 (1)
0.6476 +- -1.00 (1)
0.7220 +- -1.00 (1)
0.7441 +- -1.00 (1)
0.7546 +- -1.00 (1)
0.6998 +- -1.00 (1)
0.6210 +- -1.00 (1)
0.5563 +- -1.00 (1)
0.8206 +- -1.00 (1)
0.5780 +- -1.00 (1)
0.6290 +- -1.00 (1)
0.7341 +- -1.00 (1)
0.6077 +- -1.00 (1)
0.7971 +- -1.00 (1)
0.6405 +- -1.00 (1)
0.6383 +- -1.00 (1)
0.5822 +- -1.00 (1)
0.7000 +- -1.00 (1)
0.6606 +- -1.00 (1)
0.5867 +- -1.00 (1)
0.5133 +- -1.00 (1)
0.6449 +- -1.00 (1)
0.6993 +- -1.00 (1)
0.5566 +- -1.00 (1)
0.6743 +- -1.00 (1)
0.6619 +- -1.00 (1)
0.5971 +- -1.00 (1)
0.7979 +- -1.00 (1)
0.6568 +- -1.00 (1)
0.6832 +- -1.00 (1)
0.6497 +- -1.00 (1)
0.7032 +- -1.00 (1)
0.8319 +- -1.00 (1)
0.6748 +- -1.00 (1)
0.7268 +- -1.00 (1)
0.6402 +- -1.00 (1)
0.6211 +- -1.00 (1)
0.7049 +- -1.00 (1)
0.6643 +- -1.00 (1)
0.6553 +- -1.00 (1)
0.6626 +- -1.00 (1)
0.7088 +- -1.00 (1)
0.6981 +- -1.00 (1)
0.7058 +- -1.00 (1)
0.6278 +- -1.00 (1)
0.7953 +- -1.00 (1)
0.7016 +- -1.00 (1)
0.6190 +- -1.00 (1)
0.7135 +- -1.00 (1)
0.7086 +- -1.00 (1)
0.6572 +- -1.00 (1)
0.6785 +- -1.00 (1)
0.7718 +- -1.00 (1)
0.7393 +- -1.00 (1)
0.5540 +- -1.00 (1)
0.5913 +- -1.00 (1)
0.6635 +- -1.00 (1)
0.5622 +- -1.00 (1)
0.5444 +- -1.00 (1)
0.7006 +- -1.00 (1)
0.6081 +- -1.00 (1)
0.6655 +- -1.00 (1)
0.7586 +- -1.00 (1)
0.7499 +- -1.00 (1)
0.5831 +- -1.00 (1)
0.7030 +- -1.00 (1)
0.5889 +- -1.00 (1)
0.6220 +- -1.00 (1)
0.6782 +- -1.00 (1)
0.6120 +- -1.00 (1)
0.5156 +- -1.00 (1)
0.5646 +- -1.00 (1)
0.6516 +- -1.00 (1)
0.6052 +- -1.00 (1)
0.6154 +- -1.00 (1)
0.7462 +- -1.00 (1)
0.6108 +- -1.00 (1)
0.7389 +- -1.00 (1)
0.7227 +- -1.00 (1)
0.7180 +- -1.00 (1)
0.6481 +- -1.00 (1)
0.6992 +- -1.00 (1)
0.5818 +- -1.00 (1)
0.6642 +- -1.00 (1)
0.6523 +- -1.00 (1)
0.6705 +- -1.00 (1)
0.5994 +- -1.00 (1)
0.5477 +- -1.00 (1)
0.5769 +- -1.00 (1)
0.5759 +- -1.00 (1)
0.6495 +- -1.00 (1)
0.6171 +- -1.00 (1)
0.6461 +- -1.00 (1)
0.6003 +- -1.00 (1)
0.5405 +- -1.00 (1)
0.6562 +- -1.00 (1)
0.5367 +- -1.00 (1)
0.6324 +- -1.00 (1)
0.6199 +- -1.00 (1)
0.7128 +- -1.00 (1)
0.5751 +- -1.00 (1)
0.6122 +- -1.00 (1)
0.6494 +- -1.00 (1)
0.6173 +- -1.00 (1)
0.5804 +- -1.00 (1)
0.6342 +- -1.00 (1)
0.6196 +- -1.00 (1)
0.6401 +- -1.00 (1)
0.5394 +- -1.00 (1)
0.6540 +- -1.00 (1)
0.5926 +- -1.00 (1)
0.6536 +- -1.00 (1)
0.5755 +- -1.00 (1)
0.4817 +- -1.00 (1)
0.6825 +- -1.00 (1)
0.5786 +- -1.00 (1)
0.8223 +- -1.00 (1)
0.6269 +- -1.00 (1)
0.6886 +- -1.00 (1)
0.6168 +- -1.00 (1)
0.5077 +- -1.00 (1)
0.6845 +- -1.00 (1)
0.7237 +- -1.00 (1)
0.6523 +- -1.00 (1)
0.6041 +- -1.00 (1)
0.6286 +- -1.00 (1)
0.7119 +- -1.00 (1)
0.6791 +- -1.00 (1)
0.6540 +- -1.00 (1)
0.5495 +- -1.00 (1)
0.6155 +- -1.00 (1)
0.6214 +- -1.00 (1)
0.6613 +- -1.00 (1)
0.6018 +- -1.00 (1)
0.5973 +- -1.00 (1)
0.5547 +- -1.00 (1)
0.5082 +- -1.00 (1)
0.7106 +- -1.00 (1)
0.6936 +- -1.00 (1)
0.5594 +- -1.00 (1)
0.5864 +- -1.00 (1)
0.6110 +- -1.00 (1)
0.6058 +- -1.00 (1)
0.6316 +- -1.00 (1)
0.9101 +- -1.00 (1)
0.7361 +- -1.00 (1)
0.5076 +- -1.00 (1)
0.9533 +- -1.00 (1)
0.9483 +- -1.00 (1)
0.9602 +- -1.00 (1)
0.8144 +- -1.00 (1)
0.9487 +- -1.00 (1)
0.8687 +- -1.00 (1)
0.8218 +- -1.00 (1)
0.9188 +- -1.00 (1)
0.9546 +- -1.00 (1)
0.9759 +- -1.00 (1)
0.5260 +- -1.00 (1)
0.6337 +- -1.00 (1)
0.9538 +- -1.00 (1)
0.9591 +- -1.00 (1)
0.9604 +- -1.00 (1)
0.9687 +- -1.00 (1)
0.9656 +- -1.00 (1)
0.9167 +- -1.00 (1)
0.9511 +- -1.00 (1)
0.9561 +- -1.00 (1)
0.7585 +- -1.00 (1)
0.9125 +- -1.00 (1)
0.9773 +- -1.00 (1)
0.7898 +- -1.00 (1)
0.9347 +- -1.00 (1)
0.9156 +- -1.00 (1)
0.9653 +- -1.00 (1)
0.8848 +- -1.00 (1)
0.9620 +- -1.00 (1)
0.9305 +- -1.00 (1)
0.9408 +- -1.00 (1)
0.5316 +- -1.00 (1)
0.9545 +- -1.00 (1)
0.5565 +- -1.00 (1)
0.7194 +- -1.00 (1)
0.9342 +- -1.00 (1)
0.9366 +- -1.00 (1)
0.9592 +- -1.00 (1)
0.9626 +- -1.00 (1)
0.7919 +- -1.00 (1)
0.7532 +- -1.00 (1)
0.7048 +- -1.00 (1)
0.8972 +- -1.00 (1)
0.7151 +- -1.00 (1)
0.8291 +- -1.00 (1)
0.6476 +- -1.00 (1)
0.9065 +- -1.00 (1)
0.9507 +- -1.00 (1)
0.9533 +- -1.00 (1)
0.8769 +- -1.00 (1)
0.9374 +- -1.00 (1)
0.8617 +- -1.00 (1)
0.9699 +- -1.00 (1)
0.8969 +- -1.00 (1)
0.8420 +- -1.00 (1)
0.7441 +- -1.00 (1)
0.9234 +- -1.00 (1)
0.9722 +- -1.00 (1)
0.9705 +- -1.00 (1)
0.9339 +- -1.00 (1)
0.7151 +- -1.00 (1)
0.9575 +- -1.00 (1)
0.8467 +- -1.00 (1)
0.8322 +- -1.00 (1)
0.9353 +- -1.00 (1)
0.8858 +- -1.00 (1)
0.9490 +- -1.00 (1)
0.8317 +- -1.00 (1)
0.9206 +- -1.00 (1)
0.8380 +- -1.00 (1)
0.7610 +- -1.00 (1)
0.7978 +- -1.00 (1)
0.9424 +- -1.00 (1)
0.7983 +- -1.00 (1)
0.7567 +- -1.00 (1)
0.8928 +- -1.00 (1)
0.8881 +- -1.00 (1)
0.9693 +- -1.00 (1)
0.6916 +- -1.00 (1)
0.6400 +- -1.00 (1)
0.6363 +- -1.00 (1)
0.9498 +- -1.00 (1)
0.7192 +- -1.00 (1)
0.7093 +- -1.00 (1)
0.9449 +- -1.00 (1)
0.6958 +- -1.00 (1)
0.8943 +- -1.00 (1)
0.8432 +- -1.00 (1)
0.8585 +- -1.00 (1)
0.8519 +- -1.00 (1)
0.9231 +- -1.00 (1)
0.9652 +- -1.00 (1)
0.8205 +- -1.00 (1)
0.7702 +- -1.00 (1)
0.6480 +- -1.00 (1)
0.7549 +- -1.00 (1)
0.9204 +- -1.00 (1)
0.7295 +- -1.00 (1)
0.7300 +- -1.00 (1)
0.7556 +- -1.00 (1)
0.6592 +- -1.00 (1)
0.9379 +- -1.00 (1)
0.6784 +- -1.00 (1)
0.5728 +- -1.00 (1)
0.9304 +- -1.00 (1)
0.6448 +- -1.00 (1)
0.6640 +- -1.00 (1)
0.6095 +- -1.00 (1)
0.7194 +- -1.00 (1)
0.5761 +- -1.00 (1)
0.8549 +- -1.00 (1)
0.8872 +- -1.00 (1)
0.5161 +- -1.00 (1)
0.6809 +- -1.00 (1)
0.9471 +- -1.00 (1)
0.7809 +- -1.00 (1)
0.6937 +- -1.00 (1)
0.5803 +- -1.00 (1)
0.7102 +- -1.00 (1)
0.7499 +- -1.00 (1)
0.7279 +- -1.00 (1)
0.7197 +- -1.00 (1)
0.7225 +- -1.00 (1)
0.6066 +- -1.00 (1)
0.5453 +- -1.00 (1)
0.6974 +- -1.00 (1)
0.5108 +- -1.00 (1)
0.7721 +- -1.00 (1)
0.7709 +- -1.00 (1)
0.7254 +- -1.00 (1)
0.7007 +- -1.00 (1)
0.6405 +- -1.00 (1)
0.9385 +- -1.00 (1)
0.6989 +- -1.00 (1)
0.6820 +- -1.00 (1)
0.7126 +- -1.00 (1)
0.7613 +- -1.00 (1)
0.4556 +- -1.00 (1)
0.4586 +- -1.00 (1)
0.4777 +- -1.00 (1)
0.5439 +- -1.00 (1)
0.5628 +- -1.00 (1)
0.5977 +- -1.00 (1)
0.4418 +- -1.00 (1)
0.5450 +- -1.00 (1)
0.4513 +- -1.00 (1)
0.5512 +- -1.00 (1)
0.5910 +- -1.00 (1)
0.5970 +- -1.00 (1)
0.4932 +- -1.00 (1)
0.4706 +- -1.00 (1)
0.5716 +- -1.00 (1)
0.6387 +- -1.00 (1)
0.5399 +- -1.00 (1)
0.5513 +- -1.00 (1)
0.6963 +- -1.00 (1)
0.6480 +- -1.00 (1)
0.7276 +- -1.00 (1)
0.3739 +- -1.00 (1)
0.3456 +- -1.00 (1)
0.5375 +- -1.00 (1)
0.4941 +- -1.00 (1)
0.4891 +- -1.00 (1)
0.4576 +- -1.00 (1)
0.6819 +- -1.00 (1)
0.5300 +- -1.00 (1)
0.5169 +- -1.00 (1)
0.6717 +- -1.00 (1)
0.5862 +- -1.00 (1)
0.5500 +- -1.00 (1)
0.5895 +- -1.00 (1)
0.5658 +- -1.00 (1)
0.6303 +- -1.00 (1)
0.5341 +- -1.00 (1)
0.5798 +- -1.00 (1)
0.7120 +- -1.00 (1)
0.6544 +- -1.00 (1)
0.6180 +- -1.00 (1)
0.4990 +- -1.00 (1)
0.5913 +- -1.00 (1)
0.5138 +- -1.00 (1)
0.5702 +- -1.00 (1)
0.4308 +- -1.00 (1)
0.7014 +- -1.00 (1)
0.6419 +- -1.00 (1)
0.6278 +- -1.00 (1)
0.5575 +- -1.00 (1)
0.6229 +- -1.00 (1)
0.5214 +- -1.00 (1)
0.5466 +- -1.00 (1)
0.6493 +- -1.00 (1)
0.5517 +- -1.00 (1)
0.5414 +- -1.00 (1)
0.5262 +- -1.00 (1)
0.7252 +- -1.00 (1)
0.4842 +- -1.00 (1)
0.5012 +- -1.00 (1)
0.5130 +- -1.00 (1)
0.5482 +- -1.00 (1)
0.4669 +- -1.00 (1)
0.4874 +- -1.00 (1)
0.5407 +- -1.00 (1)
0.4616 +- -1.00 (1)
0.5580 +- -1.00 (1)
0.6185 +- -1.00 (1)
0.6661 +- -1.00 (1)
0.5447 +- -1.00 (1)
0.4919 +- -1.00 (1)
0.4491 +- -1.00 (1)
0.4610 +- -1.00 (1)
0.7060 +- -1.00 (1)
0.4091 +- -1.00 (1)
0.6236 +- -1.00 (1)
0.4426 +- -1.00 (1)
0.6465 +- -1.00 (1)
0.5519 +- -1.00 (1)
0.6194 +- -1.00 (1)
0.5526 +- -1.00 (1)
0.4933 +- -1.00 (1)
0.5162 +- -1.00 (1)
0.5454 +- -1.00 (1)
0.7015 +- -1.00 (1)
0.5012 +- -1.00 (1)
0.4450 +- -1.00 (1)
0.5620 +- -1.00 (1)
0.5043 +- -1.00 (1)
0.5191 +- -1.00 (1)
0.5098 +- -1.00 (1)
0.5321 +- -1.00 (1)
0.4915 +- -1.00 (1)
0.5569 +- -1.00 (1)
0.5304 +- -1.00 (1)
0.6284 +- -1.00 (1)
0.5427 +- -1.00 (1)
0.6365 +- -1.00 (1)
0.4630 +- -1.00 (1)
0.5362 +- -1.00 (1)
0.5158 +- -1.00 (1)
0.5679 +- -1.00 (1)
0.4874 +- -1.00 (1)
0.6120 +- -1.00 (1)
0.5010 +- -1.00 (1)
0.4798 +- -1.00 (1)
0.4855 +- -1.00 (1)
0.4835 +- -1.00 (1)
0.5269 +- -1.00 (1)
0.5635 +- -1.00 (1)
0.4484 +- -1.00 (1)
0.5484 +- -1.00 (1)
0.5496 +- -1.00 (1)
0.6133 +- -1.00 (1)
0.4635 +- -1.00 (1)
0.5278 +- -1.00 (1)
0.5817 +- -1.00 (1)
0.4565 +- -1.00 (1)
0.4575 +- -1.00 (1)
0.5335 +- -1.00 (1)
0.5360 +- -1.00 (1)
0.5939 +- -1.00 (1)
0.6154 +- -1.00 (1)
0.5579 +- -1.00 (1)
0.5191 +- -1.00 (1)
0.5240 +- -1.00 (1)
0.4689 +- -1.00 (1)
0.5477 +- -1.00 (1)
0.5543 +- -1.00 (1)
0.4702 +- -1.00 (1)
0.5492 +- -1.00 (1)
0.4712 +- -1.00 (1)
0.5456 +- -1.00 (1)
0.4843 +- -1.00 (1)
0.4877 +- -1.00 (1)
0.5027 +- -1.00 (1)
0.4497 +- -1.00 (1)
0.5290 +- -1.00 (1)
0.4707 +- -1.00 (1)
0.5679 +- -1.00 (1)
0.4942 +- -1.00 (1)
0.4734 +- -1.00 (1)
0.5387 +- -1.00 (1)
0.5167 +- -1.00 (1)
0.6342 +- -1.00 (1)
0.5257 +- -1.00 (1)
0.4662 +- -1.00 (1)
0.4699 +- -1.00 (1)
0.4588 +- -1.00 (1)
0.4498 +- -1.00 (1)
0.6323 +- -1.00 (1)
0.5223 +- -1.00 (1)
0.5387 +- -1.00 (1)
0.5831 +- -1.00 (1)
0.4943 +- -1.00 (1)
0.5602 +- -1.00 (1)
0.5408 +- -1.00 (1)
0.4480 +- -1.00 (1)
0.6117 +- -1.00 (1)
0.5286 +- -1.00 (1)
