0.9555 
0.9760 
0.9280 
0.9340 
0.9514 
0.9654 
0.9666 
0.9810 
0.9486 
0.9553 
0.9406 
0.9562 
0.9839 
0.9666 
0.9723 
0.9685 
0.9810 
0.9139 
0.9597 
0.9548 
0.9644 
0.9654 
0.9650 
0.9578 
0.9694 
0.9742 
0.9718 
0.9645 
0.9660 
0.9753 
0.9639 
0.9677 
0.9733 
0.9699 
0.9768 
0.9697 
0.9752 
0.9543 
0.9636 
0.9605 
0.9664 
0.9749 
0.9643 
0.9723 
0.9683 
0.9740 
0.9718 
0.9643 
0.9692 
0.9711 
0.9668 
0.9577 
0.9769 
0.9694 
0.9693 
0.9693 
0.9485 
0.9530 
0.9739 
0.9701 
0.9633 
0.9704 
0.9654 
0.9710 
0.9674 
0.9662 
0.9709 
0.9653 
0.9664 
0.9670 
0.9631 
0.9656 
0.9740 
0.9688 
0.9711 
0.9714 
0.9577 
0.9480 
0.9716 
0.9662 
0.9661 
0.9691 
0.9628 
0.9706 
0.9683 
0.9685 
0.9695 
0.9606 
0.9668 
0.9652 
0.9609 
0.9659 
0.9729 
0.9694 
0.9655 
0.9661 
0.9628 
0.9625 
0.9683 
0.9681 
0.9658 
0.9716 
0.9663 
0.9719 
0.9663 
0.9626 
0.9696 
0.9590 
0.9643 
0.9624 
0.9639 
0.9651 
0.9694 
0.9700 
0.9700 
0.9665 
0.9653 
0.9581 
0.9671 
0.9697 
0.9613 
0.9645 
0.9622 
0.9688 
0.9609 
0.9682 
0.9640 
0.9568 
0.9590 
0.9629 
0.9653 
0.9641 
0.9674 
0.9659 
0.9622 
0.9634 
0.9613 
0.9624 
0.9625 
0.9597 
0.9667 
0.9588 
0.9537 
0.9564 
0.9627 
0.9592 
0.9548 
0.9557 
0.9556 
0.9598 
0.9611 
0.9607 
0.9534 
0.9539 
0.9577 
0.9538 
0.9577 
0.9595 
0.9632 
0.9545 
0.9520 
0.9589 
0.9572 
0.9630 
0.9580 
0.9541 
0.9537 
0.9554 
0.9471 
0.9542 
0.9592 
0.9533 
0.9527 
0.9579 
0.9528 
0.9550 
0.9558 
0.9594 
0.9569 
0.9556 
0.9557 
0.9557 
0.9530 
0.9544 
0.9558 
0.9559 
0.9517 
0.9558 
0.9487 
0.9514 
0.9520 
0.9539 
0.9528 
0.9529 
0.9547 
0.9548 
0.9533 
0.9514 
0.9608 
0.9535 
0.9546 
0.9568 
0.9468 
0.9529 
0.9550 
0.9496 
0.9517 
0.9574 
0.9542 
0.9572 
0.9552 
0.9516 
0.9546 
0.9527 
0.9539 
0.9566 
0.9546 
0.9510 
0.9513 
0.9595 
0.9565 
0.9531 
0.9481 
0.9487 
0.9463 
0.9476 
0.9498 
0.9513 
0.9521 
0.9542 
0.9512 
0.9482 
0.9570 
0.9499 
0.9514 
0.9525 
0.9506 
0.9488 
0.9540 
0.9492 
0.9479 
0.9532 
0.9467 
0.9503 
0.9579 
0.9514 
0.9503 
0.9442 
0.9478 
0.9530 
0.9532 
0.9472 
0.9497 
0.9519 
0.9492 
0.9489 
0.9521 
0.9504 
0.9504 
0.9489 
0.9456 
0.9465 
0.9442 
0.9508 
0.9502 
0.9456 
0.9472 
0.9483 
0.9525 
0.9493 
0.9482 
0.9491 
0.9502 
0.9473 
0.9476 
0.9492 
0.9539 
0.9475 
0.9462 
0.9480 
0.9576 
0.9505 
0.9456 
0.9501 
0.9493 
0.9524 
0.9504 
0.9465 
0.9523 
0.9510 
0.9470 
0.9486 
0.9519 
0.9499 
0.9510 
0.9458 
0.9514 
0.9470 
0.9465 
0.9479 
