0.9555 +- -1.00 (1)
0.9760 +- -1.00 (1)
0.9280 +- -1.00 (1)
0.9340 +- -1.00 (1)
0.9514 +- -1.00 (1)
0.9654 +- -1.00 (1)
0.9666 +- -1.00 (1)
0.9810 +- -1.00 (1)
0.9486 +- -1.00 (1)
0.9553 +- -1.00 (1)
0.9406 +- -1.00 (1)
0.9562 +- -1.00 (1)
0.9839 +- -1.00 (1)
0.9666 +- -1.00 (1)
0.9723 +- -1.00 (1)
0.9685 +- -1.00 (1)
0.9810 +- -1.00 (1)
0.9139 +- -1.00 (1)
0.9597 +- -1.00 (1)
0.9548 +- -1.00 (1)
0.9644 +- -1.00 (1)
0.9654 +- -1.00 (1)
0.9650 +- -1.00 (1)
0.9578 +- -1.00 (1)
0.9694 +- -1.00 (1)
0.9742 +- -1.00 (1)
0.9718 +- -1.00 (1)
0.9645 +- -1.00 (1)
0.9660 +- -1.00 (1)
0.9753 +- -1.00 (1)
0.9639 +- -1.00 (1)
0.9677 +- -1.00 (1)
0.9733 +- -1.00 (1)
0.9699 +- -1.00 (1)
0.9768 +- -1.00 (1)
0.9697 +- -1.00 (1)
0.9752 +- -1.00 (1)
0.9543 +- -1.00 (1)
0.9636 +- -1.00 (1)
0.9605 +- -1.00 (1)
0.9664 +- -1.00 (1)
0.9749 +- -1.00 (1)
0.9643 +- -1.00 (1)
0.9723 +- -1.00 (1)
0.9683 +- -1.00 (1)
0.9740 +- -1.00 (1)
0.9718 +- -1.00 (1)
0.9643 +- -1.00 (1)
0.9692 +- -1.00 (1)
0.9711 +- -1.00 (1)
0.9668 +- -1.00 (1)
0.9577 +- -1.00 (1)
0.9769 +- -1.00 (1)
0.9694 +- -1.00 (1)
0.9693 +- -1.00 (1)
0.9693 +- -1.00 (1)
0.9485 +- -1.00 (1)
0.9530 +- -1.00 (1)
0.9739 +- -1.00 (1)
0.9701 +- -1.00 (1)
0.9633 +- -1.00 (1)
0.9704 +- -1.00 (1)
0.9654 +- -1.00 (1)
0.9710 +- -1.00 (1)
0.9674 +- -1.00 (1)
0.9662 +- -1.00 (1)
0.9709 +- -1.00 (1)
0.9653 +- -1.00 (1)
0.9664 +- -1.00 (1)
0.9670 +- -1.00 (1)
0.9631 +- -1.00 (1)
0.9656 +- -1.00 (1)
0.9740 +- -1.00 (1)
0.9688 +- -1.00 (1)
0.9711 +- -1.00 (1)
0.9714 +- -1.00 (1)
0.9577 +- -1.00 (1)
0.9480 +- -1.00 (1)
0.9716 +- -1.00 (1)
0.9662 +- -1.00 (1)
0.9661 +- -1.00 (1)
0.9691 +- -1.00 (1)
0.9628 +- -1.00 (1)
0.9706 +- -1.00 (1)
0.9683 +- -1.00 (1)
0.9685 +- -1.00 (1)
0.9695 +- -1.00 (1)
0.9606 +- -1.00 (1)
0.9668 +- -1.00 (1)
0.9652 +- -1.00 (1)
0.9609 +- -1.00 (1)
0.9659 +- -1.00 (1)
0.9729 +- -1.00 (1)
0.9694 +- -1.00 (1)
0.9655 +- -1.00 (1)
0.9661 +- -1.00 (1)
0.9628 +- -1.00 (1)
0.9625 +- -1.00 (1)
0.9683 +- -1.00 (1)
0.9681 +- -1.00 (1)
0.9658 +- -1.00 (1)
0.9716 +- -1.00 (1)
0.9663 +- -1.00 (1)
0.9719 +- -1.00 (1)
0.9663 +- -1.00 (1)
0.9626 +- -1.00 (1)
0.9696 +- -1.00 (1)
0.9590 +- -1.00 (1)
0.9643 +- -1.00 (1)
0.9624 +- -1.00 (1)
0.9639 +- -1.00 (1)
0.9651 +- -1.00 (1)
0.9694 +- -1.00 (1)
0.9700 +- -1.00 (1)
0.9700 +- -1.00 (1)
0.9665 +- -1.00 (1)
0.9653 +- -1.00 (1)
0.9581 +- -1.00 (1)
0.9671 +- -1.00 (1)
0.9697 +- -1.00 (1)
0.9613 +- -1.00 (1)
0.9645 +- -1.00 (1)
0.9622 +- -1.00 (1)
0.9688 +- -1.00 (1)
0.9609 +- -1.00 (1)
0.9682 +- -1.00 (1)
0.9640 +- -1.00 (1)
0.9568 +- -1.00 (1)
0.9590 +- -1.00 (1)
0.9629 +- -1.00 (1)
0.9653 +- -1.00 (1)
0.9641 +- -1.00 (1)
0.9674 +- -1.00 (1)
0.9659 +- -1.00 (1)
0.9622 +- -1.00 (1)
0.9634 +- -1.00 (1)
0.9613 +- -1.00 (1)
0.9624 +- -1.00 (1)
0.9625 +- -1.00 (1)
0.9597 +- -1.00 (1)
0.9667 +- -1.00 (1)
0.9588 +- -1.00 (1)
0.9537 +- -1.00 (1)
0.9564 +- -1.00 (1)
0.9627 +- -1.00 (1)
0.9592 +- -1.00 (1)
0.9548 +- -1.00 (1)
0.9557 +- -1.00 (1)
0.9556 +- -1.00 (1)
0.9598 +- -1.00 (1)
0.9611 +- -1.00 (1)
0.9607 +- -1.00 (1)
0.9534 +- -1.00 (1)
0.9539 +- -1.00 (1)
0.9577 +- -1.00 (1)
0.9538 +- -1.00 (1)
0.9577 +- -1.00 (1)
0.9595 +- -1.00 (1)
0.9632 +- -1.00 (1)
0.9545 +- -1.00 (1)
0.9520 +- -1.00 (1)
0.9589 +- -1.00 (1)
0.9572 +- -1.00 (1)
0.9630 +- -1.00 (1)
0.9580 +- -1.00 (1)
0.9541 +- -1.00 (1)
0.9537 +- -1.00 (1)
0.9554 +- -1.00 (1)
0.9471 +- -1.00 (1)
0.9542 +- -1.00 (1)
0.9592 +- -1.00 (1)
0.9533 +- -1.00 (1)
0.9527 +- -1.00 (1)
0.9579 +- -1.00 (1)
0.9528 +- -1.00 (1)
0.9550 +- -1.00 (1)
0.9558 +- -1.00 (1)
0.9594 +- -1.00 (1)
0.9569 +- -1.00 (1)
0.9556 +- -1.00 (1)
0.9557 +- -1.00 (1)
0.9557 +- -1.00 (1)
0.9530 +- -1.00 (1)
0.9544 +- -1.00 (1)
0.9558 +- -1.00 (1)
0.9559 +- -1.00 (1)
0.9517 +- -1.00 (1)
0.9558 +- -1.00 (1)
0.9487 +- -1.00 (1)
0.9514 +- -1.00 (1)
0.9520 +- -1.00 (1)
0.9539 +- -1.00 (1)
0.9528 +- -1.00 (1)
0.9529 +- -1.00 (1)
0.9547 +- -1.00 (1)
0.9548 +- -1.00 (1)
0.9533 +- -1.00 (1)
0.9514 +- -1.00 (1)
0.9608 +- -1.00 (1)
0.9535 +- -1.00 (1)
0.9546 +- -1.00 (1)
0.9568 +- -1.00 (1)
0.9468 +- -1.00 (1)
0.9529 +- -1.00 (1)
0.9550 +- -1.00 (1)
0.9496 +- -1.00 (1)
0.9517 +- -1.00 (1)
0.9574 +- -1.00 (1)
0.9542 +- -1.00 (1)
0.9572 +- -1.00 (1)
0.9552 +- -1.00 (1)
0.9516 +- -1.00 (1)
0.9546 +- -1.00 (1)
0.9527 +- -1.00 (1)
0.9539 +- -1.00 (1)
0.9566 +- -1.00 (1)
0.9546 +- -1.00 (1)
0.9510 +- -1.00 (1)
0.9513 +- -1.00 (1)
0.9595 +- -1.00 (1)
0.9565 +- -1.00 (1)
0.9531 +- -1.00 (1)
0.9481 +- -1.00 (1)
0.9487 +- -1.00 (1)
0.9463 +- -1.00 (1)
0.9476 +- -1.00 (1)
0.9498 +- -1.00 (1)
0.9513 +- -1.00 (1)
0.9521 +- -1.00 (1)
0.9542 +- -1.00 (1)
0.9512 +- -1.00 (1)
0.9482 +- -1.00 (1)
0.9570 +- -1.00 (1)
0.9499 +- -1.00 (1)
0.9514 +- -1.00 (1)
0.9525 +- -1.00 (1)
0.9506 +- -1.00 (1)
0.9488 +- -1.00 (1)
0.9540 +- -1.00 (1)
0.9492 +- -1.00 (1)
0.9479 +- -1.00 (1)
0.9532 +- -1.00 (1)
0.9467 +- -1.00 (1)
0.9503 +- -1.00 (1)
0.9579 +- -1.00 (1)
0.9514 +- -1.00 (1)
0.9503 +- -1.00 (1)
0.9442 +- -1.00 (1)
0.9478 +- -1.00 (1)
0.9530 +- -1.00 (1)
0.9532 +- -1.00 (1)
0.9472 +- -1.00 (1)
0.9497 +- -1.00 (1)
0.9519 +- -1.00 (1)
0.9492 +- -1.00 (1)
0.9489 +- -1.00 (1)
0.9521 +- -1.00 (1)
0.9504 +- -1.00 (1)
0.9504 +- -1.00 (1)
0.9489 +- -1.00 (1)
0.9456 +- -1.00 (1)
0.9465 +- -1.00 (1)
0.9442 +- -1.00 (1)
0.9508 +- -1.00 (1)
0.9502 +- -1.00 (1)
0.9456 +- -1.00 (1)
0.9472 +- -1.00 (1)
0.9483 +- -1.00 (1)
0.9525 +- -1.00 (1)
0.9493 +- -1.00 (1)
0.9482 +- -1.00 (1)
0.9491 +- -1.00 (1)
0.9502 +- -1.00 (1)
0.9473 +- -1.00 (1)
0.9476 +- -1.00 (1)
0.9492 +- -1.00 (1)
0.9539 +- -1.00 (1)
0.9475 +- -1.00 (1)
0.9462 +- -1.00 (1)
0.9480 +- -1.00 (1)
0.9576 +- -1.00 (1)
0.9505 +- -1.00 (1)
0.9456 +- -1.00 (1)
0.9501 +- -1.00 (1)
0.9493 +- -1.00 (1)
0.9524 +- -1.00 (1)
0.9504 +- -1.00 (1)
0.9465 +- -1.00 (1)
0.9523 +- -1.00 (1)
0.9510 +- -1.00 (1)
0.9470 +- -1.00 (1)
0.9486 +- -1.00 (1)
0.9519 +- -1.00 (1)
0.9499 +- -1.00 (1)
0.9510 +- -1.00 (1)
0.9458 +- -1.00 (1)
0.9514 +- -1.00 (1)
0.9470 +- -1.00 (1)
0.9465 +- -1.00 (1)
0.9479 +- -1.00 (1)
