***** Creando el contenedor ****
File(BRwp): ../../problems/clp/benchs/BRwp-0.8-0.5/BR1.txt
Instance:85
min_fr:1
max_blocks:10000
Maxtime:60
587 233 220
Dimensions: 587 x 233 x 220
Number of generated blocks:4289

***** Creating the heuristic function VCS-W *****
alpha: 7.33, beta: 1.89, gamma: 0.87, p: 0.03, delta: -0.1, delta2: -1.43, delta3: 1, oriented_greedy: 0
***** Running the solver BSGMOP solver *****
beams/max_level_size:4/16
[BSGMOP] new non-dominated solution found (0.419382): (0.904,0.7357) 8 nodes, lambda:0
beams/max_level_size:6/36
beams/max_level_size:8/64
beams/max_level_size:11/121
beams/max_level_size:16/256
beams/max_level_size:23/529
beams/max_level_size:33/1089
beams/max_level_size:47/2209
