***** Creando el contenedor ****
File(BRwp): ../../problems/clp/benchs/BRwp-0.8-0.5/BR4.txt
Instance:48
min_fr:1
max_blocks:10000
Maxtime:60
587 233 220
Dimensions: 587 x 233 x 220
Number of generated blocks:3088

***** Creating the heuristic function VCS-W *****
alpha: 3.81, beta: 8.2, gamma: 6.32, p: 0.07, delta: 1, oriented_greedy: 0
***** Running the solver BSGMOP solver *****
beams/max_level_size:4/16
[BSGMOP] new non-dominated solution found (0.357888): (0.9282,0.4778) 85 nodes, lambda:0
[BSGMOP] new non-dominated solution found (0.477562): (0.9303,0.4494) 84 nodes, lambda:0
[BSGMOP] new non-dominated solution found (0.662908): (0.9384,0.4748) 81 nodes, lambda:0
[BSGMOP] new non-dominated solution found (0.723787): (0.932,0.5216) 95 nodes, lambda:0
[BSGMOP] new non-dominated solution found (0.850896): (0.9389,0.4986) 90 nodes, lambda:0
[BSGMOP] new non-dominated solution found (1.240432): (0.934,0.5063) 94 nodes, lambda:0
[BSGMOP] new non-dominated solution found (2.674442): (0.9383,0.5354) 93 nodes, lambda:0
[BSGMOP] new non-dominated solution found (3.527526): (0.9259,0.5364) 97 nodes, lambda:0
[BSGMOP] new non-dominated solution found (3.592672): (0.9391,0.4094) 77 nodes, lambda:0
[BSGMOP] new non-dominated solution found (3.65374): (0.928,0.5408) 100 nodes, lambda:0
[BSGMOP] new non-dominated solution found (3.824552): (0.9452,0.4429) 85 nodes, lambda:0
[BSGMOP] new non-dominated solution found (6.277575): (0.9428,0.4826) 87 nodes, lambda:0
[BSGMOP] new non-dominated solution found (9.411333): (0.9463,0.4417) 83 nodes, lambda:0
[BSGMOP] new non-dominated solution found (9.506867): (0.9453,0.4822) 89 nodes, lambda:0
[BSGMOP] new non-dominated solution found (9.709801): (0.9492,0.4518) 83 nodes, lambda:0
[BSGMOP] new non-dominated solution found (11.109565): (0.9509,0.4903) 87 nodes, lambda:0
