***** Creando el contenedor ****
File(BRwp): ../../problems/clp/benchs/BRwp-0.8-0.5/BR1.txt
Instance:85
min_fr:1
max_blocks:10000
Maxtime:60
587 233 220
Dimensions: 587 x 233 x 220
Number of generated blocks:4289

***** Creating the heuristic function VCS-W *****
alpha: 7.39, beta: 4.97, gamma: 0.86, p: 0.01, delta: 1.06, delta2: -1.18, delta3: 1, oriented_greedy: 0
***** Running the solver BSGMOP solver *****
beams/max_level_size:4/16
[BSGMOP] new non-dominated solution found (0.42304): (0.8514,0.5647) 4 nodes, lambda:0
[BSGMOP] new non-dominated solution found (0.426355): (0.8539,0.6256) 4 nodes, lambda:0
[BSGMOP] new non-dominated solution found (0.429069): (0.9036,0.7317) 6 nodes, lambda:0
[BSGMOP] new non-dominated solution found (0.437807): (0.904,0.7357) 5 nodes, lambda:0
beams/max_level_size:6/36
beams/max_level_size:8/64
beams/max_level_size:11/121
beams/max_level_size:16/256
beams/max_level_size:23/529
beams/max_level_size:33/1089
beams/max_level_size:47/2209
